<?xml version="1.0" encoding="UTF-8"?>
<testsuites name="Test Suite Collection 200819" time="484.875" tests="13" failures="3" errors="0">
   <testsuite name="Mobile_Devices" tests="1" failures="0" errors="0" time="156.096" timestamp="2019-10-31 15:35:31" hostname="DavidHo - VETTEDSP36RF.check.local" id="Test Suites/Mobile_Devices">
      <properties>
         <property name="deviceName" value=""/>
         <property name="devicePlatform" value=""/>
         <property name="logFolder" value="C:\\Users\\davidho\\Katalon Studio\\Start\\Reports\\20191031_153516\\Mobile_Devices\\20191031_153516"/>
         <property name="logFiles" value="C:\\Users\\davidho\\Katalon Studio\\Start\\Reports\\20191031_153516\\Mobile_Devices\\20191031_153516\\execution0.log"/>
         <property name="attachments" value=""/>
         <property name="hostName" value="DavidHo - VETTEDSP36RF.check.local"/>
         <property name="os" value="Windows 10 32bit"/>
         <property name="katalonVersion" value="7.0.5.1"/>
         <property name="browser" value="Chrome 78.0.3904.70"/>
         <property name="hostAddress" value="10.0.11.243"/>
         <property name="sessionId" value="053ed178acdc743ca0c4f88a603d7deb"/>
         <property name="seleniumVersion" value="3.141.59"/>
         <property name="proxyInformation" value="ProxyInformation{proxyOption=NO_PROXY, proxyServerType=HTTP, password=, proxyServerAddress=, proxyServerPort=0}"/>
         <property name="platform" value="Windows 10"/>
      </properties>
      <testcase name="Test Cases/Mobile_Devices/Default_Device_Dev" time="155.806" classname="Test Cases/Mobile_Devices/Default_Device_Dev" status="PASSED">
         <system-out><![CDATA[2019-10-31 15:35:31 - [TEST_CASE][PASSED] - Test Cases/Mobile_Devices/Default_Device_Dev: Test Cases/Mobile_Devices/Default_Device_Dev

2019-10-31 15:35:32 - [TEST_STEP][PASSED] - for ([row = 1, row <= findTestData("Mobile_Test_Data").getRowNumbers(), (internal.GlobalVariable.row++)]): Call Test Case 'Test Cases/Reusable_Test_Sequences/CAT_Teardown' successfully

2019-10-31 15:35:32 - [TEST_STEP][PASSED] - callTestCase(findTestCase("Reusable_Test_Sequences/CAT_Setup"), [:], OPTIONAL): Call Test Case 'Test Cases/Reusable_Test_Sequences/CAT_Setup' successfully

2019-10-31 15:35:33 - [TEST_CASE][PASSED] - Test Cases/Reusable_Test_Sequences/CAT_Setup: Test Cases/Reusable_Test_Sequences/CAT_Setup

2019-10-31 15:35:33 - [TEST_STEP][PASSED] - "URL - Set from the ENVIRONMENT PROFILE ": null

2019-10-31 15:35:33 - [TEST_STEP][PASSED] - openBrowser(URL): Browser is opened with url: 'https://www.preview.checkatrade.com/'

2019-10-31 15:35:33 - [MESSAGE][INFO] - Starting 'Chrome' driver

2019-10-31 15:35:33 - [MESSAGE][INFO] - Action delay is set to 0 seconds

2019-10-31 15:35:49 - [MESSAGE][PASSED] - Browser is opened with url: 'https://www.preview.checkatrade.com/'

2019-10-31 15:35:49 - [TEST_STEP][PASSED] - maximizeWindow(): Current window maximized

2019-10-31 15:35:55 - [MESSAGE][PASSED] - Current window maximized

2019-10-31 15:35:55 - [TEST_STEP][PASSED] - waitForPageLoad(60): Wait for page load successfully

2019-10-31 15:35:55 - [MESSAGE][PASSED] - Wait for page load successfully

2019-10-31 15:35:55 - [TEST_STEP][PASSED] - waitForElementVisible(findTestObject("Page_Checkatrade Find a tradesperson you can trust/a_Search"), 25): Object 'Object Repository/Page_Checkatrade Find a tradesperson you can trust/a_Search' is visible

2019-10-31 15:35:56 - [MESSAGE][PASSED] - Object 'Object Repository/Page_Checkatrade Find a tradesperson you can trust/a_Search' is visible

2019-10-31 15:35:56 - [TEST_STEP][PASSED] - try: Text 'Checkatrade.com uses cookies to make sure you get the best browsing experience' is not present on page

2019-10-31 15:35:56 - [TEST_STEP][PASSED] - if (verifyElementPresent(findTestObject("Page_Checkatrade Find a tradesperson you can trust/div_close"), 1, OPTIONAL)): Text 'Checkatrade.com uses cookies to make sure you get the best browsing experience' is not present on page

2019-10-31 15:35:57 - [MESSAGE][PASSED] - Object 'Object Repository/Page_Checkatrade Find a tradesperson you can trust/div_close' is present

2019-10-31 15:35:57 - [TEST_STEP][PASSED] - click(findTestObject("Page_Checkatrade Find a tradesperson you can trust/div_close")): Object: 'Object Repository/Page_Checkatrade Find a tradesperson you can trust/div_close' is clicked on

2019-10-31 15:35:58 - [MESSAGE][PASSED] - Object: 'Object Repository/Page_Checkatrade Find a tradesperson you can trust/div_close' is clicked on

2019-10-31 15:35:58 - [TEST_STEP][PASSED] - "---------------------------------": null

2019-10-31 15:35:58 - [TEST_STEP][PASSED] - "COOKIE POPOUT REMOVED - Confirmed": null

2019-10-31 15:35:58 - [TEST_STEP][PASSED] - delay(1): Delayed 1 second(s)

2019-10-31 15:35:59 - [MESSAGE][PASSED] - Delayed 1 second(s)

2019-10-31 15:35:59 - [TEST_STEP][PASSED] - verifyTextNotPresent("Checkatrade.com uses cookies to make sure you get the best browsing experience", false): Text 'Checkatrade.com uses cookies to make sure you get the best browsing experience' is not present on page

2019-10-31 15:35:59 - [MESSAGE][PASSED] - Text 'Checkatrade.com uses cookies to make sure you get the best browsing experience' is not present on page

2019-10-31 15:35:59 - [TEST_STEP][PASSED] - try: Text 'We have updated our Privacy Policy, please review this' is not present on page

2019-10-31 15:35:59 - [TEST_STEP][PASSED] - if (verifyElementPresent(findTestObject("Page_Checkatrade Find a tradesperson you can trust/div_close_1"), 1, OPTIONAL)): Text 'We have updated our Privacy Policy, please review this' is not present on page

2019-10-31 15:35:59 - [MESSAGE][PASSED] - Object 'Object Repository/Page_Checkatrade Find a tradesperson you can trust/div_close_1' is present

2019-10-31 15:35:59 - [TEST_STEP][PASSED] - click(findTestObject("Page_Checkatrade Find a tradesperson you can trust/div_close_1")): Object: 'Object Repository/Page_Checkatrade Find a tradesperson you can trust/div_close_1' is clicked on

2019-10-31 15:35:59 - [MESSAGE][PASSED] - Object: 'Object Repository/Page_Checkatrade Find a tradesperson you can trust/div_close_1' is clicked on

2019-10-31 15:35:59 - [TEST_STEP][PASSED] - "---------------------------------": null

2019-10-31 15:35:59 - [TEST_STEP][PASSED] - "PRIVACY POPOUT REMOVED - Confirmed": null

2019-10-31 15:35:59 - [TEST_STEP][PASSED] - delay(1): Delayed 1 second(s)

2019-10-31 15:36:00 - [MESSAGE][PASSED] - Delayed 1 second(s)

2019-10-31 15:36:00 - [TEST_STEP][PASSED] - verifyTextNotPresent("We have updated our Privacy Policy, please review this", false): Text 'We have updated our Privacy Policy, please review this' is not present on page

2019-10-31 15:36:00 - [MESSAGE][PASSED] - Text 'We have updated our Privacy Policy, please review this' is not present on page

2019-10-31 15:36:00 - [MESSAGE][PASSED] - Call Test Case 'Test Cases/Reusable_Test_Sequences/CAT_Setup' successfully

2019-10-31 15:36:00 - [TEST_STEP][PASSED] - " ALTERNATIVE SCREEN RESOLUTION SELECTION METHOD": null

2019-10-31 15:36:00 - [TEST_STEP][PASSED] - " ACTUAL SCREEN RESOLUTION SELECTION METHOD USED": null

2019-10-31 15:36:00 - [TEST_STEP][PASSED] - XCOORD = Integer.parseInt(findTestData("searchTestData").getValue("X_COORD", row)): null

2019-10-31 15:36:01 - [TEST_STEP][PASSED] - YCOORD = Integer.parseInt(findTestData("searchTestData").getValue("Y_COORD", row)): null

2019-10-31 15:36:01 - [TEST_STEP][PASSED] - setViewPortSize(XCOORD, YCOORD): Viewport is set to new size with width = 800 and height = 1000

2019-10-31 15:36:01 - [MESSAGE][PASSED] - Viewport is set to new size with width = 800 and height = 1000

2019-10-31 15:36:01 - [TEST_STEP][PASSED] - waitForPageLoad(60): Wait for page load successfully

2019-10-31 15:36:01 - [MESSAGE][PASSED] - Wait for page load successfully

2019-10-31 15:36:01 - [TEST_STEP][PASSED] - out.println("Set View Port Size is currently SET to X AXIS " + XCOORD + " Y AXIS " + YCOORD): null

2019-10-31 15:36:01 - [TEST_STEP][PASSED] - setText(findTestObject("Page_Checkatrade Find a tradesperson you can trust/input_Search through"), findTestData("searchTestData").getValue("tradeClassification", row)): Text 'Tree Surgeon' is set on object 'Object Repository/Page_Checkatrade Find a tradesperson you can trust/input_Search through'

2019-10-31 15:36:02 - [MESSAGE][PASSED] - Text 'Tree Surgeon' is set on object 'Object Repository/Page_Checkatrade Find a tradesperson you can trust/input_Search through'

2019-10-31 15:36:02 - [TEST_STEP][PASSED] - waitForPageLoad(60): Wait for page load successfully

2019-10-31 15:36:02 - [MESSAGE][PASSED] - Wait for page load successfully

2019-10-31 15:36:02 - [TEST_STEP][PASSED] - "Set and SEARCH SELECTED LOCATION": null

2019-10-31 15:36:02 - [TEST_STEP][PASSED] - setText(findTestObject("Object Repository/Checkatrade_Trade_Search_Page/Page_Checkatrade Find a tradesperson you can trust/input_location"), findTestData("searchTestData").getValue("tradeLocation", row)): Text 'Gosport' is set on object 'Object Repository/Checkatrade_Trade_Search_Page/Page_Checkatrade Find a tradesperson you can trust/input_location'

2019-10-31 15:36:02 - [MESSAGE][PASSED] - Text 'Gosport' is set on object 'Object Repository/Checkatrade_Trade_Search_Page/Page_Checkatrade Find a tradesperson you can trust/input_location'

2019-10-31 15:36:02 - [TEST_STEP][PASSED] - waitForPageLoad(60): Wait for page load successfully

2019-10-31 15:36:02 - [MESSAGE][PASSED] - Wait for page load successfully

2019-10-31 15:36:02 - [TEST_STEP][PASSED] - scrollToElement(findTestObject("Object Repository/Checkatrade_Trade_Search_Page/Page_Checkatrade Find a tradesperson you can trust/a_Search"), 5): Scroll to object 'Object Repository/Checkatrade_Trade_Search_Page/Page_Checkatrade Find a tradesperson you can trust/a_Search' successfully

2019-10-31 15:36:02 - [MESSAGE][PASSED] - Scroll to object 'Object Repository/Checkatrade_Trade_Search_Page/Page_Checkatrade Find a tradesperson you can trust/a_Search' successfully

2019-10-31 15:36:02 - [TEST_STEP][PASSED] - waitForPageLoad(60): Wait for page load successfully

2019-10-31 15:36:02 - [MESSAGE][PASSED] - Wait for page load successfully

2019-10-31 15:36:02 - [TEST_STEP][PASSED] - "-------------": null

2019-10-31 15:36:02 - [TEST_STEP][PASSED] - doubleClick(findTestObject("Object Repository/Checkatrade_Trade_Search_Page/Page_Checkatrade Find a tradesperson you can trust/a_Search")): Object: 'Object Repository/Checkatrade_Trade_Search_Page/Page_Checkatrade Find a tradesperson you can trust/a_Search' is double clicked on

2019-10-31 15:36:05 - [MESSAGE][PASSED] - Object: 'Object Repository/Checkatrade_Trade_Search_Page/Page_Checkatrade Find a tradesperson you can trust/a_Search' is double clicked on

2019-10-31 15:36:05 - [TEST_STEP][PASSED] - waitForPageLoad(60): Wait for page load successfully

2019-10-31 15:36:05 - [MESSAGE][PASSED] - Wait for page load successfully

2019-10-31 15:36:05 - [TEST_STEP][PASSED] - scrollToElement(findTestObject("Object Repository/Page_Returned_Concantanated_Text/h1_Concantanated_Returned_Result"), 5): Scroll to object 'Object Repository/Page_Returned_Concantanated_Text/h1_Concantanated_Returned_Result' successfully

2019-10-31 15:36:05 - [MESSAGE][PASSED] - Scroll to object 'Object Repository/Page_Returned_Concantanated_Text/h1_Concantanated_Returned_Result' successfully

2019-10-31 15:36:05 - [TEST_STEP][PASSED] - waitForElementVisible(findTestObject("Object Repository/Page_Returned_Concantanated_Text/h1_Concantanated_Returned_Result"), 5): Object 'Object Repository/Page_Returned_Concantanated_Text/h1_Concantanated_Returned_Result' is visible

2019-10-31 15:36:05 - [MESSAGE][PASSED] - Object 'Object Repository/Page_Returned_Concantanated_Text/h1_Concantanated_Returned_Result' is visible

2019-10-31 15:36:05 - [TEST_STEP][PASSED] - delay(1): Delayed 1 second(s)

2019-10-31 15:36:06 - [MESSAGE][PASSED] - Delayed 1 second(s)

2019-10-31 15:36:06 - [TEST_STEP][PASSED] - verifyTextPresent(findTestData("searchTestData").getValue("tradeLocationVerification", row), false, CONTINUE_ON_FAILURE): Text 'Tree Surgeon in Gosport' is present on page 

2019-10-31 15:36:07 - [MESSAGE][PASSED] - Text 'Tree Surgeon in Gosport' is present on page 

2019-10-31 15:36:07 - [TEST_STEP][PASSED] - "Expected cantantenated text is Returned": null

2019-10-31 15:36:07 - [TEST_STEP][PASSED] - "--------------------------": null

2019-10-31 15:36:07 - [TEST_STEP][PASSED] - " Teardown - CLose Browser |": null

2019-10-31 15:36:07 - [TEST_STEP][PASSED] - callTestCase(findTestCase("Reusable_Test_Sequences/CAT_Teardown"), [:], STOP_ON_FAILURE): Call Test Case 'Test Cases/Reusable_Test_Sequences/CAT_Teardown' successfully

2019-10-31 15:36:07 - [TEST_CASE][PASSED] - Test Cases/Reusable_Test_Sequences/CAT_Teardown: Test Cases/Reusable_Test_Sequences/CAT_Teardown

2019-10-31 15:36:07 - [TEST_STEP][PASSED] - closeBrowser(): Browser is closed

2019-10-31 15:36:08 - [MESSAGE][PASSED] - Browser is closed

2019-10-31 15:36:08 - [MESSAGE][PASSED] - Call Test Case 'Test Cases/Reusable_Test_Sequences/CAT_Teardown' successfully

2019-10-31 15:36:08 - [TEST_STEP][PASSED] - callTestCase(findTestCase("Reusable_Test_Sequences/CAT_Setup"), [:], OPTIONAL): Call Test Case 'Test Cases/Reusable_Test_Sequences/CAT_Setup' successfully

2019-10-31 15:36:08 - [TEST_CASE][PASSED] - Test Cases/Reusable_Test_Sequences/CAT_Setup: Test Cases/Reusable_Test_Sequences/CAT_Setup

2019-10-31 15:36:08 - [TEST_STEP][PASSED] - "URL - Set from the ENVIRONMENT PROFILE ": null

2019-10-31 15:36:08 - [TEST_STEP][PASSED] - openBrowser(URL): Browser is opened with url: 'https://www.preview.checkatrade.com/'

2019-10-31 15:36:08 - [MESSAGE][INFO] - Starting 'Chrome' driver

2019-10-31 15:36:19 - [MESSAGE][PASSED] - Browser is opened with url: 'https://www.preview.checkatrade.com/'

2019-10-31 15:36:19 - [TEST_STEP][PASSED] - maximizeWindow(): Current window maximized

2019-10-31 15:36:23 - [MESSAGE][PASSED] - Current window maximized

2019-10-31 15:36:23 - [TEST_STEP][PASSED] - waitForPageLoad(60): Wait for page load successfully

2019-10-31 15:36:23 - [MESSAGE][PASSED] - Wait for page load successfully

2019-10-31 15:36:23 - [TEST_STEP][PASSED] - waitForElementVisible(findTestObject("Page_Checkatrade Find a tradesperson you can trust/a_Search"), 25): Object 'Object Repository/Page_Checkatrade Find a tradesperson you can trust/a_Search' is visible

2019-10-31 15:36:23 - [MESSAGE][PASSED] - Object 'Object Repository/Page_Checkatrade Find a tradesperson you can trust/a_Search' is visible

2019-10-31 15:36:23 - [TEST_STEP][PASSED] - try: Text 'Checkatrade.com uses cookies to make sure you get the best browsing experience' is not present on page

2019-10-31 15:36:23 - [TEST_STEP][PASSED] - if (verifyElementPresent(findTestObject("Page_Checkatrade Find a tradesperson you can trust/div_close"), 1, OPTIONAL)): Text 'Checkatrade.com uses cookies to make sure you get the best browsing experience' is not present on page

2019-10-31 15:36:24 - [MESSAGE][PASSED] - Object 'Object Repository/Page_Checkatrade Find a tradesperson you can trust/div_close' is present

2019-10-31 15:36:24 - [TEST_STEP][PASSED] - click(findTestObject("Page_Checkatrade Find a tradesperson you can trust/div_close")): Object: 'Object Repository/Page_Checkatrade Find a tradesperson you can trust/div_close' is clicked on

2019-10-31 15:36:24 - [MESSAGE][PASSED] - Object: 'Object Repository/Page_Checkatrade Find a tradesperson you can trust/div_close' is clicked on

2019-10-31 15:36:24 - [TEST_STEP][PASSED] - "---------------------------------": null

2019-10-31 15:36:24 - [TEST_STEP][PASSED] - "COOKIE POPOUT REMOVED - Confirmed": null

2019-10-31 15:36:24 - [TEST_STEP][PASSED] - delay(1): Delayed 1 second(s)

2019-10-31 15:36:25 - [MESSAGE][PASSED] - Delayed 1 second(s)

2019-10-31 15:36:25 - [TEST_STEP][PASSED] - verifyTextNotPresent("Checkatrade.com uses cookies to make sure you get the best browsing experience", false): Text 'Checkatrade.com uses cookies to make sure you get the best browsing experience' is not present on page

2019-10-31 15:36:25 - [MESSAGE][PASSED] - Text 'Checkatrade.com uses cookies to make sure you get the best browsing experience' is not present on page

2019-10-31 15:36:25 - [TEST_STEP][PASSED] - try: Text 'We have updated our Privacy Policy, please review this' is not present on page

2019-10-31 15:36:25 - [TEST_STEP][PASSED] - if (verifyElementPresent(findTestObject("Page_Checkatrade Find a tradesperson you can trust/div_close_1"), 1, OPTIONAL)): Text 'We have updated our Privacy Policy, please review this' is not present on page

2019-10-31 15:36:25 - [MESSAGE][PASSED] - Object 'Object Repository/Page_Checkatrade Find a tradesperson you can trust/div_close_1' is present

2019-10-31 15:36:25 - [TEST_STEP][PASSED] - click(findTestObject("Page_Checkatrade Find a tradesperson you can trust/div_close_1")): Object: 'Object Repository/Page_Checkatrade Find a tradesperson you can trust/div_close_1' is clicked on

2019-10-31 15:36:25 - [MESSAGE][PASSED] - Object: 'Object Repository/Page_Checkatrade Find a tradesperson you can trust/div_close_1' is clicked on

2019-10-31 15:36:25 - [TEST_STEP][PASSED] - "---------------------------------": null

2019-10-31 15:36:25 - [TEST_STEP][PASSED] - "PRIVACY POPOUT REMOVED - Confirmed": null

2019-10-31 15:36:25 - [TEST_STEP][PASSED] - delay(1): Delayed 1 second(s)

2019-10-31 15:36:26 - [MESSAGE][PASSED] - Delayed 1 second(s)

2019-10-31 15:36:26 - [TEST_STEP][PASSED] - verifyTextNotPresent("We have updated our Privacy Policy, please review this", false): Text 'We have updated our Privacy Policy, please review this' is not present on page

2019-10-31 15:36:27 - [MESSAGE][PASSED] - Text 'We have updated our Privacy Policy, please review this' is not present on page

2019-10-31 15:36:27 - [MESSAGE][PASSED] - Call Test Case 'Test Cases/Reusable_Test_Sequences/CAT_Setup' successfully

2019-10-31 15:36:27 - [TEST_STEP][PASSED] - " ALTERNATIVE SCREEN RESOLUTION SELECTION METHOD": null

2019-10-31 15:36:27 - [TEST_STEP][PASSED] - " ACTUAL SCREEN RESOLUTION SELECTION METHOD USED": null

2019-10-31 15:36:27 - [TEST_STEP][PASSED] - XCOORD = Integer.parseInt(findTestData("searchTestData").getValue("X_COORD", row)): null

2019-10-31 15:36:27 - [TEST_STEP][PASSED] - YCOORD = Integer.parseInt(findTestData("searchTestData").getValue("Y_COORD", row)): null

2019-10-31 15:36:27 - [TEST_STEP][PASSED] - setViewPortSize(XCOORD, YCOORD): Viewport is set to new size with width = 400 and height = 600

2019-10-31 15:36:28 - [MESSAGE][PASSED] - Viewport is set to new size with width = 400 and height = 600

2019-10-31 15:36:28 - [TEST_STEP][PASSED] - waitForPageLoad(60): Wait for page load successfully

2019-10-31 15:36:28 - [MESSAGE][PASSED] - Wait for page load successfully

2019-10-31 15:36:28 - [TEST_STEP][PASSED] - out.println("Set View Port Size is currently SET to X AXIS " + XCOORD + " Y AXIS " + YCOORD): null

2019-10-31 15:36:28 - [TEST_STEP][PASSED] - setText(findTestObject("Page_Checkatrade Find a tradesperson you can trust/input_Search through"), findTestData("searchTestData").getValue("tradeClassification", row)): Text 'Tree Surgeon' is set on object 'Object Repository/Page_Checkatrade Find a tradesperson you can trust/input_Search through'

2019-10-31 15:36:30 - [MESSAGE][PASSED] - Text 'Tree Surgeon' is set on object 'Object Repository/Page_Checkatrade Find a tradesperson you can trust/input_Search through'

2019-10-31 15:36:30 - [TEST_STEP][PASSED] - waitForPageLoad(60): Wait for page load successfully

2019-10-31 15:36:30 - [MESSAGE][PASSED] - Wait for page load successfully

2019-10-31 15:36:30 - [TEST_STEP][PASSED] - "Set and SEARCH SELECTED LOCATION": null

2019-10-31 15:36:30 - [TEST_STEP][PASSED] - setText(findTestObject("Object Repository/Checkatrade_Trade_Search_Page/Page_Checkatrade Find a tradesperson you can trust/input_location"), findTestData("searchTestData").getValue("tradeLocation", row)): Text 'PO12 2HE' is set on object 'Object Repository/Checkatrade_Trade_Search_Page/Page_Checkatrade Find a tradesperson you can trust/input_location'

2019-10-31 15:36:31 - [MESSAGE][PASSED] - Text 'PO12 2HE' is set on object 'Object Repository/Checkatrade_Trade_Search_Page/Page_Checkatrade Find a tradesperson you can trust/input_location'

2019-10-31 15:36:31 - [TEST_STEP][PASSED] - waitForPageLoad(60): Wait for page load successfully

2019-10-31 15:36:31 - [MESSAGE][PASSED] - Wait for page load successfully

2019-10-31 15:36:31 - [TEST_STEP][PASSED] - scrollToElement(findTestObject("Object Repository/Checkatrade_Trade_Search_Page/Page_Checkatrade Find a tradesperson you can trust/a_Search"), 5): Scroll to object 'Object Repository/Checkatrade_Trade_Search_Page/Page_Checkatrade Find a tradesperson you can trust/a_Search' successfully

2019-10-31 15:36:31 - [MESSAGE][PASSED] - Scroll to object 'Object Repository/Checkatrade_Trade_Search_Page/Page_Checkatrade Find a tradesperson you can trust/a_Search' successfully

2019-10-31 15:36:31 - [TEST_STEP][PASSED] - waitForPageLoad(60): Wait for page load successfully

2019-10-31 15:36:31 - [MESSAGE][PASSED] - Wait for page load successfully

2019-10-31 15:36:31 - [TEST_STEP][PASSED] - "-------------": null

2019-10-31 15:36:31 - [TEST_STEP][PASSED] - doubleClick(findTestObject("Object Repository/Checkatrade_Trade_Search_Page/Page_Checkatrade Find a tradesperson you can trust/a_Search")): Object: 'Object Repository/Checkatrade_Trade_Search_Page/Page_Checkatrade Find a tradesperson you can trust/a_Search' is double clicked on

2019-10-31 15:36:37 - [MESSAGE][PASSED] - Object: 'Object Repository/Checkatrade_Trade_Search_Page/Page_Checkatrade Find a tradesperson you can trust/a_Search' is double clicked on

2019-10-31 15:36:37 - [TEST_STEP][PASSED] - waitForPageLoad(60): Wait for page load successfully

2019-10-31 15:36:37 - [MESSAGE][PASSED] - Wait for page load successfully

2019-10-31 15:36:37 - [TEST_STEP][PASSED] - scrollToElement(findTestObject("Object Repository/Page_Returned_Concantanated_Text/h1_Concantanated_Returned_Result"), 5): Scroll to object 'Object Repository/Page_Returned_Concantanated_Text/h1_Concantanated_Returned_Result' successfully

2019-10-31 15:36:38 - [MESSAGE][PASSED] - Scroll to object 'Object Repository/Page_Returned_Concantanated_Text/h1_Concantanated_Returned_Result' successfully

2019-10-31 15:36:38 - [TEST_STEP][PASSED] - waitForElementVisible(findTestObject("Object Repository/Page_Returned_Concantanated_Text/h1_Concantanated_Returned_Result"), 5): Object 'Object Repository/Page_Returned_Concantanated_Text/h1_Concantanated_Returned_Result' is visible

2019-10-31 15:36:38 - [MESSAGE][PASSED] - Object 'Object Repository/Page_Returned_Concantanated_Text/h1_Concantanated_Returned_Result' is visible

2019-10-31 15:36:38 - [TEST_STEP][PASSED] - delay(1): Delayed 1 second(s)

2019-10-31 15:36:39 - [MESSAGE][PASSED] - Delayed 1 second(s)

2019-10-31 15:36:39 - [TEST_STEP][PASSED] - verifyTextPresent(findTestData("searchTestData").getValue("tradeLocationVerification", row), false, CONTINUE_ON_FAILURE): Text 'Crown Thinning in PO12 2HE' is present on page 

2019-10-31 15:36:39 - [MESSAGE][PASSED] - Text 'Crown Thinning in PO12 2HE' is present on page 

2019-10-31 15:36:39 - [TEST_STEP][PASSED] - "Expected cantantenated text is Returned": null

2019-10-31 15:36:39 - [TEST_STEP][PASSED] - "--------------------------": null

2019-10-31 15:36:39 - [TEST_STEP][PASSED] - " Teardown - CLose Browser |": null

2019-10-31 15:36:39 - [TEST_STEP][PASSED] - callTestCase(findTestCase("Reusable_Test_Sequences/CAT_Teardown"), [:], STOP_ON_FAILURE): Call Test Case 'Test Cases/Reusable_Test_Sequences/CAT_Teardown' successfully

2019-10-31 15:36:39 - [TEST_CASE][PASSED] - Test Cases/Reusable_Test_Sequences/CAT_Teardown: Test Cases/Reusable_Test_Sequences/CAT_Teardown

2019-10-31 15:36:39 - [TEST_STEP][PASSED] - closeBrowser(): Browser is closed

2019-10-31 15:36:41 - [MESSAGE][PASSED] - Browser is closed

2019-10-31 15:36:41 - [MESSAGE][PASSED] - Call Test Case 'Test Cases/Reusable_Test_Sequences/CAT_Teardown' successfully

2019-10-31 15:36:41 - [TEST_STEP][PASSED] - callTestCase(findTestCase("Reusable_Test_Sequences/CAT_Setup"), [:], OPTIONAL): Call Test Case 'Test Cases/Reusable_Test_Sequences/CAT_Setup' successfully

2019-10-31 15:36:41 - [TEST_CASE][PASSED] - Test Cases/Reusable_Test_Sequences/CAT_Setup: Test Cases/Reusable_Test_Sequences/CAT_Setup

2019-10-31 15:36:41 - [TEST_STEP][PASSED] - "URL - Set from the ENVIRONMENT PROFILE ": null

2019-10-31 15:36:41 - [TEST_STEP][PASSED] - openBrowser(URL): Browser is opened with url: 'https://www.preview.checkatrade.com/'

2019-10-31 15:36:41 - [MESSAGE][INFO] - Starting 'Chrome' driver

2019-10-31 15:36:51 - [MESSAGE][PASSED] - Browser is opened with url: 'https://www.preview.checkatrade.com/'

2019-10-31 15:36:51 - [TEST_STEP][PASSED] - maximizeWindow(): Current window maximized

2019-10-31 15:36:56 - [MESSAGE][PASSED] - Current window maximized

2019-10-31 15:36:56 - [TEST_STEP][PASSED] - waitForPageLoad(60): Wait for page load successfully

2019-10-31 15:36:56 - [MESSAGE][PASSED] - Wait for page load successfully

2019-10-31 15:36:56 - [TEST_STEP][PASSED] - waitForElementVisible(findTestObject("Page_Checkatrade Find a tradesperson you can trust/a_Search"), 25): Object 'Object Repository/Page_Checkatrade Find a tradesperson you can trust/a_Search' is visible

2019-10-31 15:36:56 - [MESSAGE][PASSED] - Object 'Object Repository/Page_Checkatrade Find a tradesperson you can trust/a_Search' is visible

2019-10-31 15:36:56 - [TEST_STEP][PASSED] - try: Text 'Checkatrade.com uses cookies to make sure you get the best browsing experience' is not present on page

2019-10-31 15:36:56 - [TEST_STEP][PASSED] - if (verifyElementPresent(findTestObject("Page_Checkatrade Find a tradesperson you can trust/div_close"), 1, OPTIONAL)): Text 'Checkatrade.com uses cookies to make sure you get the best browsing experience' is not present on page

2019-10-31 15:36:56 - [MESSAGE][PASSED] - Object 'Object Repository/Page_Checkatrade Find a tradesperson you can trust/div_close' is present

2019-10-31 15:36:56 - [TEST_STEP][PASSED] - click(findTestObject("Page_Checkatrade Find a tradesperson you can trust/div_close")): Object: 'Object Repository/Page_Checkatrade Find a tradesperson you can trust/div_close' is clicked on

2019-10-31 15:36:57 - [MESSAGE][PASSED] - Object: 'Object Repository/Page_Checkatrade Find a tradesperson you can trust/div_close' is clicked on

2019-10-31 15:36:57 - [TEST_STEP][PASSED] - "---------------------------------": null

2019-10-31 15:36:57 - [TEST_STEP][PASSED] - "COOKIE POPOUT REMOVED - Confirmed": null

2019-10-31 15:36:57 - [TEST_STEP][PASSED] - delay(1): Delayed 1 second(s)

2019-10-31 15:36:58 - [MESSAGE][PASSED] - Delayed 1 second(s)

2019-10-31 15:36:58 - [TEST_STEP][PASSED] - verifyTextNotPresent("Checkatrade.com uses cookies to make sure you get the best browsing experience", false): Text 'Checkatrade.com uses cookies to make sure you get the best browsing experience' is not present on page

2019-10-31 15:36:58 - [MESSAGE][PASSED] - Text 'Checkatrade.com uses cookies to make sure you get the best browsing experience' is not present on page

2019-10-31 15:36:58 - [TEST_STEP][PASSED] - try: Text 'We have updated our Privacy Policy, please review this' is not present on page

2019-10-31 15:36:58 - [TEST_STEP][PASSED] - if (verifyElementPresent(findTestObject("Page_Checkatrade Find a tradesperson you can trust/div_close_1"), 1, OPTIONAL)): Text 'We have updated our Privacy Policy, please review this' is not present on page

2019-10-31 15:36:58 - [MESSAGE][PASSED] - Object 'Object Repository/Page_Checkatrade Find a tradesperson you can trust/div_close_1' is present

2019-10-31 15:36:58 - [TEST_STEP][PASSED] - click(findTestObject("Page_Checkatrade Find a tradesperson you can trust/div_close_1")): Object: 'Object Repository/Page_Checkatrade Find a tradesperson you can trust/div_close_1' is clicked on

2019-10-31 15:36:58 - [MESSAGE][PASSED] - Object: 'Object Repository/Page_Checkatrade Find a tradesperson you can trust/div_close_1' is clicked on

2019-10-31 15:36:58 - [TEST_STEP][PASSED] - "---------------------------------": null

2019-10-31 15:36:58 - [TEST_STEP][PASSED] - "PRIVACY POPOUT REMOVED - Confirmed": null

2019-10-31 15:36:58 - [TEST_STEP][PASSED] - delay(1): Delayed 1 second(s)

2019-10-31 15:36:59 - [MESSAGE][PASSED] - Delayed 1 second(s)

2019-10-31 15:36:59 - [TEST_STEP][PASSED] - verifyTextNotPresent("We have updated our Privacy Policy, please review this", false): Text 'We have updated our Privacy Policy, please review this' is not present on page

2019-10-31 15:37:00 - [MESSAGE][PASSED] - Text 'We have updated our Privacy Policy, please review this' is not present on page

2019-10-31 15:37:00 - [MESSAGE][PASSED] - Call Test Case 'Test Cases/Reusable_Test_Sequences/CAT_Setup' successfully

2019-10-31 15:37:00 - [TEST_STEP][PASSED] - " ALTERNATIVE SCREEN RESOLUTION SELECTION METHOD": null

2019-10-31 15:37:00 - [TEST_STEP][PASSED] - " ACTUAL SCREEN RESOLUTION SELECTION METHOD USED": null

2019-10-31 15:37:00 - [TEST_STEP][PASSED] - XCOORD = Integer.parseInt(findTestData("searchTestData").getValue("X_COORD", row)): null

2019-10-31 15:37:00 - [TEST_STEP][PASSED] - YCOORD = Integer.parseInt(findTestData("searchTestData").getValue("Y_COORD", row)): null

2019-10-31 15:37:00 - [TEST_STEP][PASSED] - setViewPortSize(XCOORD, YCOORD): Viewport is set to new size with width = 500 and height = 700

2019-10-31 15:37:00 - [MESSAGE][PASSED] - Viewport is set to new size with width = 500 and height = 700

2019-10-31 15:37:00 - [TEST_STEP][PASSED] - waitForPageLoad(60): Wait for page load successfully

2019-10-31 15:37:00 - [MESSAGE][PASSED] - Wait for page load successfully

2019-10-31 15:37:00 - [TEST_STEP][PASSED] - out.println("Set View Port Size is currently SET to X AXIS " + XCOORD + " Y AXIS " + YCOORD): null

2019-10-31 15:37:00 - [TEST_STEP][PASSED] - setText(findTestObject("Page_Checkatrade Find a tradesperson you can trust/input_Search through"), findTestData("searchTestData").getValue("tradeClassification", row)): Text 'Electrician' is set on object 'Object Repository/Page_Checkatrade Find a tradesperson you can trust/input_Search through'

2019-10-31 15:37:00 - [MESSAGE][PASSED] - Text 'Electrician' is set on object 'Object Repository/Page_Checkatrade Find a tradesperson you can trust/input_Search through'

2019-10-31 15:37:01 - [TEST_STEP][PASSED] - waitForPageLoad(60): Wait for page load successfully

2019-10-31 15:37:01 - [MESSAGE][PASSED] - Wait for page load successfully

2019-10-31 15:37:01 - [TEST_STEP][PASSED] - "Set and SEARCH SELECTED LOCATION": null

2019-10-31 15:37:01 - [TEST_STEP][PASSED] - setText(findTestObject("Object Repository/Checkatrade_Trade_Search_Page/Page_Checkatrade Find a tradesperson you can trust/input_location"), findTestData("searchTestData").getValue("tradeLocation", row)): Text 'Orkney' is set on object 'Object Repository/Checkatrade_Trade_Search_Page/Page_Checkatrade Find a tradesperson you can trust/input_location'

2019-10-31 15:37:01 - [MESSAGE][PASSED] - Text 'Orkney' is set on object 'Object Repository/Checkatrade_Trade_Search_Page/Page_Checkatrade Find a tradesperson you can trust/input_location'

2019-10-31 15:37:01 - [TEST_STEP][PASSED] - waitForPageLoad(60): Wait for page load successfully

2019-10-31 15:37:01 - [MESSAGE][PASSED] - Wait for page load successfully

2019-10-31 15:37:01 - [TEST_STEP][PASSED] - scrollToElement(findTestObject("Object Repository/Checkatrade_Trade_Search_Page/Page_Checkatrade Find a tradesperson you can trust/a_Search"), 5): Scroll to object 'Object Repository/Checkatrade_Trade_Search_Page/Page_Checkatrade Find a tradesperson you can trust/a_Search' successfully

2019-10-31 15:37:01 - [MESSAGE][PASSED] - Scroll to object 'Object Repository/Checkatrade_Trade_Search_Page/Page_Checkatrade Find a tradesperson you can trust/a_Search' successfully

2019-10-31 15:37:01 - [TEST_STEP][PASSED] - waitForPageLoad(60): Wait for page load successfully

2019-10-31 15:37:01 - [MESSAGE][PASSED] - Wait for page load successfully

2019-10-31 15:37:01 - [TEST_STEP][PASSED] - "-------------": null

2019-10-31 15:37:01 - [TEST_STEP][PASSED] - doubleClick(findTestObject("Object Repository/Checkatrade_Trade_Search_Page/Page_Checkatrade Find a tradesperson you can trust/a_Search")): Object: 'Object Repository/Checkatrade_Trade_Search_Page/Page_Checkatrade Find a tradesperson you can trust/a_Search' is double clicked on

2019-10-31 15:37:03 - [MESSAGE][PASSED] - Object: 'Object Repository/Checkatrade_Trade_Search_Page/Page_Checkatrade Find a tradesperson you can trust/a_Search' is double clicked on

2019-10-31 15:37:03 - [TEST_STEP][PASSED] - waitForPageLoad(60): Wait for page load successfully

2019-10-31 15:37:03 - [MESSAGE][PASSED] - Wait for page load successfully

2019-10-31 15:37:03 - [TEST_STEP][PASSED] - scrollToElement(findTestObject("Object Repository/Page_Returned_Concantanated_Text/h1_Concantanated_Returned_Result"), 5): Scroll to object 'Object Repository/Page_Returned_Concantanated_Text/h1_Concantanated_Returned_Result' successfully

2019-10-31 15:37:03 - [MESSAGE][PASSED] - Scroll to object 'Object Repository/Page_Returned_Concantanated_Text/h1_Concantanated_Returned_Result' successfully

2019-10-31 15:37:03 - [TEST_STEP][PASSED] - waitForElementVisible(findTestObject("Object Repository/Page_Returned_Concantanated_Text/h1_Concantanated_Returned_Result"), 5): Object 'Object Repository/Page_Returned_Concantanated_Text/h1_Concantanated_Returned_Result' is visible

2019-10-31 15:37:03 - [MESSAGE][PASSED] - Object 'Object Repository/Page_Returned_Concantanated_Text/h1_Concantanated_Returned_Result' is visible

2019-10-31 15:37:03 - [TEST_STEP][PASSED] - delay(1): Delayed 1 second(s)

2019-10-31 15:37:04 - [MESSAGE][PASSED] - Delayed 1 second(s)

2019-10-31 15:37:04 - [TEST_STEP][PASSED] - verifyTextPresent(findTestData("searchTestData").getValue("tradeLocationVerification", row), false, CONTINUE_ON_FAILURE): Text 'Electric Boiler Repairs in Orkney' is present on page 

2019-10-31 15:37:04 - [MESSAGE][PASSED] - Text 'Electric Boiler Repairs in Orkney' is present on page 

2019-10-31 15:37:04 - [TEST_STEP][PASSED] - "Expected cantantenated text is Returned": null

2019-10-31 15:37:04 - [TEST_STEP][PASSED] - "--------------------------": null

2019-10-31 15:37:04 - [TEST_STEP][PASSED] - " Teardown - CLose Browser |": null

2019-10-31 15:37:04 - [TEST_STEP][PASSED] - callTestCase(findTestCase("Reusable_Test_Sequences/CAT_Teardown"), [:], STOP_ON_FAILURE): Call Test Case 'Test Cases/Reusable_Test_Sequences/CAT_Teardown' successfully

2019-10-31 15:37:04 - [TEST_CASE][PASSED] - Test Cases/Reusable_Test_Sequences/CAT_Teardown: Test Cases/Reusable_Test_Sequences/CAT_Teardown

2019-10-31 15:37:04 - [TEST_STEP][PASSED] - closeBrowser(): Browser is closed

2019-10-31 15:37:05 - [MESSAGE][PASSED] - Browser is closed

2019-10-31 15:37:05 - [MESSAGE][PASSED] - Call Test Case 'Test Cases/Reusable_Test_Sequences/CAT_Teardown' successfully

2019-10-31 15:37:05 - [TEST_STEP][PASSED] - callTestCase(findTestCase("Reusable_Test_Sequences/CAT_Setup"), [:], OPTIONAL): Call Test Case 'Test Cases/Reusable_Test_Sequences/CAT_Setup' successfully

2019-10-31 15:37:05 - [TEST_CASE][PASSED] - Test Cases/Reusable_Test_Sequences/CAT_Setup: Test Cases/Reusable_Test_Sequences/CAT_Setup

2019-10-31 15:37:05 - [TEST_STEP][PASSED] - "URL - Set from the ENVIRONMENT PROFILE ": null

2019-10-31 15:37:05 - [TEST_STEP][PASSED] - openBrowser(URL): Browser is opened with url: 'https://www.preview.checkatrade.com/'

2019-10-31 15:37:05 - [MESSAGE][INFO] - Starting 'Chrome' driver

2019-10-31 15:37:21 - [MESSAGE][PASSED] - Browser is opened with url: 'https://www.preview.checkatrade.com/'

2019-10-31 15:37:21 - [TEST_STEP][PASSED] - maximizeWindow(): Current window maximized

2019-10-31 15:37:25 - [MESSAGE][PASSED] - Current window maximized

2019-10-31 15:37:25 - [TEST_STEP][PASSED] - waitForPageLoad(60): Wait for page load successfully

2019-10-31 15:37:25 - [MESSAGE][PASSED] - Wait for page load successfully

2019-10-31 15:37:25 - [TEST_STEP][PASSED] - waitForElementVisible(findTestObject("Page_Checkatrade Find a tradesperson you can trust/a_Search"), 25): Object 'Object Repository/Page_Checkatrade Find a tradesperson you can trust/a_Search' is visible

2019-10-31 15:37:25 - [MESSAGE][PASSED] - Object 'Object Repository/Page_Checkatrade Find a tradesperson you can trust/a_Search' is visible

2019-10-31 15:37:25 - [TEST_STEP][PASSED] - try: Text 'Checkatrade.com uses cookies to make sure you get the best browsing experience' is not present on page

2019-10-31 15:37:25 - [TEST_STEP][PASSED] - if (verifyElementPresent(findTestObject("Page_Checkatrade Find a tradesperson you can trust/div_close"), 1, OPTIONAL)): Text 'Checkatrade.com uses cookies to make sure you get the best browsing experience' is not present on page

2019-10-31 15:37:25 - [MESSAGE][PASSED] - Object 'Object Repository/Page_Checkatrade Find a tradesperson you can trust/div_close' is present

2019-10-31 15:37:25 - [TEST_STEP][PASSED] - click(findTestObject("Page_Checkatrade Find a tradesperson you can trust/div_close")): Object: 'Object Repository/Page_Checkatrade Find a tradesperson you can trust/div_close' is clicked on

2019-10-31 15:37:25 - [MESSAGE][PASSED] - Object: 'Object Repository/Page_Checkatrade Find a tradesperson you can trust/div_close' is clicked on

2019-10-31 15:37:25 - [TEST_STEP][PASSED] - "---------------------------------": null

2019-10-31 15:37:25 - [TEST_STEP][PASSED] - "COOKIE POPOUT REMOVED - Confirmed": null

2019-10-31 15:37:25 - [TEST_STEP][PASSED] - delay(1): Delayed 1 second(s)

2019-10-31 15:37:26 - [MESSAGE][PASSED] - Delayed 1 second(s)

2019-10-31 15:37:26 - [TEST_STEP][PASSED] - verifyTextNotPresent("Checkatrade.com uses cookies to make sure you get the best browsing experience", false): Text 'Checkatrade.com uses cookies to make sure you get the best browsing experience' is not present on page

2019-10-31 15:37:27 - [MESSAGE][PASSED] - Text 'Checkatrade.com uses cookies to make sure you get the best browsing experience' is not present on page

2019-10-31 15:37:27 - [TEST_STEP][PASSED] - try: Text 'We have updated our Privacy Policy, please review this' is not present on page

2019-10-31 15:37:27 - [TEST_STEP][PASSED] - if (verifyElementPresent(findTestObject("Page_Checkatrade Find a tradesperson you can trust/div_close_1"), 1, OPTIONAL)): Text 'We have updated our Privacy Policy, please review this' is not present on page

2019-10-31 15:37:27 - [MESSAGE][PASSED] - Object 'Object Repository/Page_Checkatrade Find a tradesperson you can trust/div_close_1' is present

2019-10-31 15:37:27 - [TEST_STEP][PASSED] - click(findTestObject("Page_Checkatrade Find a tradesperson you can trust/div_close_1")): Object: 'Object Repository/Page_Checkatrade Find a tradesperson you can trust/div_close_1' is clicked on

2019-10-31 15:37:27 - [MESSAGE][PASSED] - Object: 'Object Repository/Page_Checkatrade Find a tradesperson you can trust/div_close_1' is clicked on

2019-10-31 15:37:27 - [TEST_STEP][PASSED] - "---------------------------------": null

2019-10-31 15:37:27 - [TEST_STEP][PASSED] - "PRIVACY POPOUT REMOVED - Confirmed": null

2019-10-31 15:37:27 - [TEST_STEP][PASSED] - delay(1): Delayed 1 second(s)

2019-10-31 15:37:28 - [MESSAGE][PASSED] - Delayed 1 second(s)

2019-10-31 15:37:28 - [TEST_STEP][PASSED] - verifyTextNotPresent("We have updated our Privacy Policy, please review this", false): Text 'We have updated our Privacy Policy, please review this' is not present on page

2019-10-31 15:37:28 - [MESSAGE][PASSED] - Text 'We have updated our Privacy Policy, please review this' is not present on page

2019-10-31 15:37:28 - [MESSAGE][PASSED] - Call Test Case 'Test Cases/Reusable_Test_Sequences/CAT_Setup' successfully

2019-10-31 15:37:28 - [TEST_STEP][PASSED] - " ALTERNATIVE SCREEN RESOLUTION SELECTION METHOD": null

2019-10-31 15:37:28 - [TEST_STEP][PASSED] - " ACTUAL SCREEN RESOLUTION SELECTION METHOD USED": null

2019-10-31 15:37:28 - [TEST_STEP][PASSED] - XCOORD = Integer.parseInt(findTestData("searchTestData").getValue("X_COORD", row)): null

2019-10-31 15:37:28 - [TEST_STEP][PASSED] - YCOORD = Integer.parseInt(findTestData("searchTestData").getValue("Y_COORD", row)): null

2019-10-31 15:37:28 - [TEST_STEP][PASSED] - setViewPortSize(XCOORD, YCOORD): Viewport is set to new size with width = 600 and height = 800

2019-10-31 15:37:29 - [MESSAGE][PASSED] - Viewport is set to new size with width = 600 and height = 800

2019-10-31 15:37:29 - [TEST_STEP][PASSED] - waitForPageLoad(60): Wait for page load successfully

2019-10-31 15:37:29 - [MESSAGE][PASSED] - Wait for page load successfully

2019-10-31 15:37:29 - [TEST_STEP][PASSED] - out.println("Set View Port Size is currently SET to X AXIS " + XCOORD + " Y AXIS " + YCOORD): null

2019-10-31 15:37:29 - [TEST_STEP][PASSED] - setText(findTestObject("Page_Checkatrade Find a tradesperson you can trust/input_Search through"), findTestData("searchTestData").getValue("tradeClassification", row)): Text 'Plumber' is set on object 'Object Repository/Page_Checkatrade Find a tradesperson you can trust/input_Search through'

2019-10-31 15:37:30 - [MESSAGE][PASSED] - Text 'Plumber' is set on object 'Object Repository/Page_Checkatrade Find a tradesperson you can trust/input_Search through'

2019-10-31 15:37:30 - [TEST_STEP][PASSED] - waitForPageLoad(60): Wait for page load successfully

2019-10-31 15:37:30 - [MESSAGE][PASSED] - Wait for page load successfully

2019-10-31 15:37:30 - [TEST_STEP][PASSED] - "Set and SEARCH SELECTED LOCATION": null

2019-10-31 15:37:30 - [TEST_STEP][PASSED] - setText(findTestObject("Object Repository/Checkatrade_Trade_Search_Page/Page_Checkatrade Find a tradesperson you can trust/input_location"), findTestData("searchTestData").getValue("tradeLocation", row)): Text 'Rugby' is set on object 'Object Repository/Checkatrade_Trade_Search_Page/Page_Checkatrade Find a tradesperson you can trust/input_location'

2019-10-31 15:37:30 - [MESSAGE][PASSED] - Text 'Rugby' is set on object 'Object Repository/Checkatrade_Trade_Search_Page/Page_Checkatrade Find a tradesperson you can trust/input_location'

2019-10-31 15:37:30 - [TEST_STEP][PASSED] - waitForPageLoad(60): Wait for page load successfully

2019-10-31 15:37:30 - [MESSAGE][PASSED] - Wait for page load successfully

2019-10-31 15:37:30 - [TEST_STEP][PASSED] - scrollToElement(findTestObject("Object Repository/Checkatrade_Trade_Search_Page/Page_Checkatrade Find a tradesperson you can trust/a_Search"), 5): Scroll to object 'Object Repository/Checkatrade_Trade_Search_Page/Page_Checkatrade Find a tradesperson you can trust/a_Search' successfully

2019-10-31 15:37:30 - [MESSAGE][PASSED] - Scroll to object 'Object Repository/Checkatrade_Trade_Search_Page/Page_Checkatrade Find a tradesperson you can trust/a_Search' successfully

2019-10-31 15:37:30 - [TEST_STEP][PASSED] - waitForPageLoad(60): Wait for page load successfully

2019-10-31 15:37:30 - [MESSAGE][PASSED] - Wait for page load successfully

2019-10-31 15:37:30 - [TEST_STEP][PASSED] - "-------------": null

2019-10-31 15:37:30 - [TEST_STEP][PASSED] - doubleClick(findTestObject("Object Repository/Checkatrade_Trade_Search_Page/Page_Checkatrade Find a tradesperson you can trust/a_Search")): Object: 'Object Repository/Checkatrade_Trade_Search_Page/Page_Checkatrade Find a tradesperson you can trust/a_Search' is double clicked on

2019-10-31 15:37:33 - [MESSAGE][PASSED] - Object: 'Object Repository/Checkatrade_Trade_Search_Page/Page_Checkatrade Find a tradesperson you can trust/a_Search' is double clicked on

2019-10-31 15:37:33 - [TEST_STEP][PASSED] - waitForPageLoad(60): Wait for page load successfully

2019-10-31 15:37:33 - [MESSAGE][PASSED] - Wait for page load successfully

2019-10-31 15:37:33 - [TEST_STEP][PASSED] - scrollToElement(findTestObject("Object Repository/Page_Returned_Concantanated_Text/h1_Concantanated_Returned_Result"), 5): Scroll to object 'Object Repository/Page_Returned_Concantanated_Text/h1_Concantanated_Returned_Result' successfully

2019-10-31 15:37:34 - [MESSAGE][PASSED] - Scroll to object 'Object Repository/Page_Returned_Concantanated_Text/h1_Concantanated_Returned_Result' successfully

2019-10-31 15:37:34 - [TEST_STEP][PASSED] - waitForElementVisible(findTestObject("Object Repository/Page_Returned_Concantanated_Text/h1_Concantanated_Returned_Result"), 5): Object 'Object Repository/Page_Returned_Concantanated_Text/h1_Concantanated_Returned_Result' is visible

2019-10-31 15:37:34 - [MESSAGE][PASSED] - Object 'Object Repository/Page_Returned_Concantanated_Text/h1_Concantanated_Returned_Result' is visible

2019-10-31 15:37:34 - [TEST_STEP][PASSED] - delay(1): Delayed 1 second(s)

2019-10-31 15:37:35 - [MESSAGE][PASSED] - Delayed 1 second(s)

2019-10-31 15:37:35 - [TEST_STEP][PASSED] - verifyTextPresent(findTestData("searchTestData").getValue("tradeLocationVerification", row), false, CONTINUE_ON_FAILURE): Text 'Blocked Sinks in Rugby' is present on page 

2019-10-31 15:37:36 - [MESSAGE][PASSED] - Text 'Blocked Sinks in Rugby' is present on page 

2019-10-31 15:37:36 - [TEST_STEP][PASSED] - "Expected cantantenated text is Returned": null

2019-10-31 15:37:36 - [TEST_STEP][PASSED] - "--------------------------": null

2019-10-31 15:37:36 - [TEST_STEP][PASSED] - " Teardown - CLose Browser |": null

2019-10-31 15:37:36 - [TEST_STEP][PASSED] - callTestCase(findTestCase("Reusable_Test_Sequences/CAT_Teardown"), [:], STOP_ON_FAILURE): Call Test Case 'Test Cases/Reusable_Test_Sequences/CAT_Teardown' successfully

2019-10-31 15:37:36 - [TEST_CASE][PASSED] - Test Cases/Reusable_Test_Sequences/CAT_Teardown: Test Cases/Reusable_Test_Sequences/CAT_Teardown

2019-10-31 15:37:36 - [TEST_STEP][PASSED] - closeBrowser(): Browser is closed

2019-10-31 15:37:38 - [MESSAGE][PASSED] - Browser is closed

2019-10-31 15:37:38 - [MESSAGE][PASSED] - Call Test Case 'Test Cases/Reusable_Test_Sequences/CAT_Teardown' successfully

2019-10-31 15:37:38 - [TEST_STEP][PASSED] - callTestCase(findTestCase("Reusable_Test_Sequences/CAT_Setup"), [:], OPTIONAL): Call Test Case 'Test Cases/Reusable_Test_Sequences/CAT_Setup' successfully

2019-10-31 15:37:38 - [TEST_CASE][PASSED] - Test Cases/Reusable_Test_Sequences/CAT_Setup: Test Cases/Reusable_Test_Sequences/CAT_Setup

2019-10-31 15:37:38 - [TEST_STEP][PASSED] - "URL - Set from the ENVIRONMENT PROFILE ": null

2019-10-31 15:37:38 - [TEST_STEP][PASSED] - openBrowser(URL): Browser is opened with url: 'https://www.preview.checkatrade.com/'

2019-10-31 15:37:38 - [MESSAGE][INFO] - Starting 'Chrome' driver

2019-10-31 15:37:54 - [MESSAGE][PASSED] - Browser is opened with url: 'https://www.preview.checkatrade.com/'

2019-10-31 15:37:54 - [TEST_STEP][PASSED] - maximizeWindow(): Current window maximized

2019-10-31 15:37:59 - [MESSAGE][PASSED] - Current window maximized

2019-10-31 15:37:59 - [TEST_STEP][PASSED] - waitForPageLoad(60): Wait for page load successfully

2019-10-31 15:37:59 - [MESSAGE][PASSED] - Wait for page load successfully

2019-10-31 15:37:59 - [TEST_STEP][PASSED] - waitForElementVisible(findTestObject("Page_Checkatrade Find a tradesperson you can trust/a_Search"), 25): Object 'Object Repository/Page_Checkatrade Find a tradesperson you can trust/a_Search' is visible

2019-10-31 15:37:59 - [MESSAGE][PASSED] - Object 'Object Repository/Page_Checkatrade Find a tradesperson you can trust/a_Search' is visible

2019-10-31 15:37:59 - [TEST_STEP][PASSED] - try: Text 'Checkatrade.com uses cookies to make sure you get the best browsing experience' is not present on page

2019-10-31 15:37:59 - [TEST_STEP][PASSED] - if (verifyElementPresent(findTestObject("Page_Checkatrade Find a tradesperson you can trust/div_close"), 1, OPTIONAL)): Text 'Checkatrade.com uses cookies to make sure you get the best browsing experience' is not present on page

2019-10-31 15:37:59 - [MESSAGE][PASSED] - Object 'Object Repository/Page_Checkatrade Find a tradesperson you can trust/div_close' is present

2019-10-31 15:37:59 - [TEST_STEP][PASSED] - click(findTestObject("Page_Checkatrade Find a tradesperson you can trust/div_close")): Object: 'Object Repository/Page_Checkatrade Find a tradesperson you can trust/div_close' is clicked on

2019-10-31 15:37:59 - [MESSAGE][PASSED] - Object: 'Object Repository/Page_Checkatrade Find a tradesperson you can trust/div_close' is clicked on

2019-10-31 15:37:59 - [TEST_STEP][PASSED] - "---------------------------------": null

2019-10-31 15:37:59 - [TEST_STEP][PASSED] - "COOKIE POPOUT REMOVED - Confirmed": null

2019-10-31 15:37:59 - [TEST_STEP][PASSED] - delay(1): Delayed 1 second(s)

2019-10-31 15:38:00 - [MESSAGE][PASSED] - Delayed 1 second(s)

2019-10-31 15:38:00 - [TEST_STEP][PASSED] - verifyTextNotPresent("Checkatrade.com uses cookies to make sure you get the best browsing experience", false): Text 'Checkatrade.com uses cookies to make sure you get the best browsing experience' is not present on page

2019-10-31 15:38:00 - [MESSAGE][PASSED] - Text 'Checkatrade.com uses cookies to make sure you get the best browsing experience' is not present on page

2019-10-31 15:38:00 - [TEST_STEP][PASSED] - try: Text 'We have updated our Privacy Policy, please review this' is not present on page

2019-10-31 15:38:00 - [TEST_STEP][PASSED] - if (verifyElementPresent(findTestObject("Page_Checkatrade Find a tradesperson you can trust/div_close_1"), 1, OPTIONAL)): Text 'We have updated our Privacy Policy, please review this' is not present on page

2019-10-31 15:38:00 - [MESSAGE][PASSED] - Object 'Object Repository/Page_Checkatrade Find a tradesperson you can trust/div_close_1' is present

2019-10-31 15:38:00 - [TEST_STEP][PASSED] - click(findTestObject("Page_Checkatrade Find a tradesperson you can trust/div_close_1")): Object: 'Object Repository/Page_Checkatrade Find a tradesperson you can trust/div_close_1' is clicked on

2019-10-31 15:38:00 - [MESSAGE][PASSED] - Object: 'Object Repository/Page_Checkatrade Find a tradesperson you can trust/div_close_1' is clicked on

2019-10-31 15:38:00 - [TEST_STEP][PASSED] - "---------------------------------": null

2019-10-31 15:38:00 - [TEST_STEP][PASSED] - "PRIVACY POPOUT REMOVED - Confirmed": null

2019-10-31 15:38:00 - [TEST_STEP][PASSED] - delay(1): Delayed 1 second(s)

2019-10-31 15:38:01 - [MESSAGE][PASSED] - Delayed 1 second(s)

2019-10-31 15:38:01 - [TEST_STEP][PASSED] - verifyTextNotPresent("We have updated our Privacy Policy, please review this", false): Text 'We have updated our Privacy Policy, please review this' is not present on page

2019-10-31 15:38:02 - [MESSAGE][PASSED] - Text 'We have updated our Privacy Policy, please review this' is not present on page

2019-10-31 15:38:02 - [MESSAGE][PASSED] - Call Test Case 'Test Cases/Reusable_Test_Sequences/CAT_Setup' successfully

2019-10-31 15:38:02 - [TEST_STEP][PASSED] - " ALTERNATIVE SCREEN RESOLUTION SELECTION METHOD": null

2019-10-31 15:38:02 - [TEST_STEP][PASSED] - " ACTUAL SCREEN RESOLUTION SELECTION METHOD USED": null

2019-10-31 15:38:02 - [TEST_STEP][PASSED] - XCOORD = Integer.parseInt(findTestData("searchTestData").getValue("X_COORD", row)): null

2019-10-31 15:38:02 - [TEST_STEP][PASSED] - YCOORD = Integer.parseInt(findTestData("searchTestData").getValue("Y_COORD", row)): null

2019-10-31 15:38:02 - [TEST_STEP][PASSED] - setViewPortSize(XCOORD, YCOORD): Viewport is set to new size with width = 700 and height = 900

2019-10-31 15:38:02 - [MESSAGE][PASSED] - Viewport is set to new size with width = 700 and height = 900

2019-10-31 15:38:02 - [TEST_STEP][PASSED] - waitForPageLoad(60): Wait for page load successfully

2019-10-31 15:38:02 - [MESSAGE][PASSED] - Wait for page load successfully

2019-10-31 15:38:02 - [TEST_STEP][PASSED] - out.println("Set View Port Size is currently SET to X AXIS " + XCOORD + " Y AXIS " + YCOORD): null

2019-10-31 15:38:02 - [TEST_STEP][PASSED] - setText(findTestObject("Page_Checkatrade Find a tradesperson you can trust/input_Search through"), findTestData("searchTestData").getValue("tradeClassification", row)): Text 'Diagnostic Testing' is set on object 'Object Repository/Page_Checkatrade Find a tradesperson you can trust/input_Search through'

2019-10-31 15:38:02 - [MESSAGE][PASSED] - Text 'Diagnostic Testing' is set on object 'Object Repository/Page_Checkatrade Find a tradesperson you can trust/input_Search through'

2019-10-31 15:38:02 - [TEST_STEP][PASSED] - waitForPageLoad(60): Wait for page load successfully

2019-10-31 15:38:02 - [MESSAGE][PASSED] - Wait for page load successfully

2019-10-31 15:38:02 - [TEST_STEP][PASSED] - "Set and SEARCH SELECTED LOCATION": null

2019-10-31 15:38:02 - [TEST_STEP][PASSED] - setText(findTestObject("Object Repository/Checkatrade_Trade_Search_Page/Page_Checkatrade Find a tradesperson you can trust/input_location"), findTestData("searchTestData").getValue("tradeLocation", row)): Text 'Angmering' is set on object 'Object Repository/Checkatrade_Trade_Search_Page/Page_Checkatrade Find a tradesperson you can trust/input_location'

2019-10-31 15:38:02 - [MESSAGE][PASSED] - Text 'Angmering' is set on object 'Object Repository/Checkatrade_Trade_Search_Page/Page_Checkatrade Find a tradesperson you can trust/input_location'

2019-10-31 15:38:02 - [TEST_STEP][PASSED] - waitForPageLoad(60): Wait for page load successfully

2019-10-31 15:38:02 - [MESSAGE][PASSED] - Wait for page load successfully

2019-10-31 15:38:02 - [TEST_STEP][PASSED] - scrollToElement(findTestObject("Object Repository/Checkatrade_Trade_Search_Page/Page_Checkatrade Find a tradesperson you can trust/a_Search"), 5): Scroll to object 'Object Repository/Checkatrade_Trade_Search_Page/Page_Checkatrade Find a tradesperson you can trust/a_Search' successfully

2019-10-31 15:38:02 - [MESSAGE][PASSED] - Scroll to object 'Object Repository/Checkatrade_Trade_Search_Page/Page_Checkatrade Find a tradesperson you can trust/a_Search' successfully

2019-10-31 15:38:02 - [TEST_STEP][PASSED] - waitForPageLoad(60): Wait for page load successfully

2019-10-31 15:38:02 - [MESSAGE][PASSED] - Wait for page load successfully

2019-10-31 15:38:02 - [TEST_STEP][PASSED] - "-------------": null

2019-10-31 15:38:02 - [TEST_STEP][PASSED] - doubleClick(findTestObject("Object Repository/Checkatrade_Trade_Search_Page/Page_Checkatrade Find a tradesperson you can trust/a_Search")): Object: 'Object Repository/Checkatrade_Trade_Search_Page/Page_Checkatrade Find a tradesperson you can trust/a_Search' is double clicked on

2019-10-31 15:38:05 - [MESSAGE][PASSED] - Object: 'Object Repository/Checkatrade_Trade_Search_Page/Page_Checkatrade Find a tradesperson you can trust/a_Search' is double clicked on

2019-10-31 15:38:05 - [TEST_STEP][PASSED] - waitForPageLoad(60): Wait for page load successfully

2019-10-31 15:38:05 - [MESSAGE][PASSED] - Wait for page load successfully

2019-10-31 15:38:05 - [TEST_STEP][PASSED] - scrollToElement(findTestObject("Object Repository/Page_Returned_Concantanated_Text/h1_Concantanated_Returned_Result"), 5): Scroll to object 'Object Repository/Page_Returned_Concantanated_Text/h1_Concantanated_Returned_Result' successfully

2019-10-31 15:38:05 - [MESSAGE][PASSED] - Scroll to object 'Object Repository/Page_Returned_Concantanated_Text/h1_Concantanated_Returned_Result' successfully

2019-10-31 15:38:05 - [TEST_STEP][PASSED] - waitForElementVisible(findTestObject("Object Repository/Page_Returned_Concantanated_Text/h1_Concantanated_Returned_Result"), 5): Object 'Object Repository/Page_Returned_Concantanated_Text/h1_Concantanated_Returned_Result' is visible

2019-10-31 15:38:05 - [MESSAGE][PASSED] - Object 'Object Repository/Page_Returned_Concantanated_Text/h1_Concantanated_Returned_Result' is visible

2019-10-31 15:38:05 - [TEST_STEP][PASSED] - delay(1): Delayed 1 second(s)

2019-10-31 15:38:06 - [MESSAGE][PASSED] - Delayed 1 second(s)

2019-10-31 15:38:06 - [TEST_STEP][PASSED] - verifyTextPresent(findTestData("searchTestData").getValue("tradeLocationVerification", row), false, CONTINUE_ON_FAILURE): Text 'Diagnostic Testing in Angmering' is present on page 

2019-10-31 15:38:06 - [MESSAGE][PASSED] - Text 'Diagnostic Testing in Angmering' is present on page 

2019-10-31 15:38:06 - [TEST_STEP][PASSED] - "Expected cantantenated text is Returned": null

2019-10-31 15:38:06 - [TEST_STEP][PASSED] - "--------------------------": null

2019-10-31 15:38:06 - [TEST_STEP][PASSED] - " Teardown - CLose Browser |": null

2019-10-31 15:38:06 - [TEST_STEP][PASSED] - callTestCase(findTestCase("Reusable_Test_Sequences/CAT_Teardown"), [:], STOP_ON_FAILURE): Call Test Case 'Test Cases/Reusable_Test_Sequences/CAT_Teardown' successfully

2019-10-31 15:38:06 - [TEST_CASE][PASSED] - Test Cases/Reusable_Test_Sequences/CAT_Teardown: Test Cases/Reusable_Test_Sequences/CAT_Teardown

2019-10-31 15:38:06 - [TEST_STEP][PASSED] - closeBrowser(): Browser is closed

2019-10-31 15:38:07 - [MESSAGE][PASSED] - Browser is closed

2019-10-31 15:38:07 - [MESSAGE][PASSED] - Call Test Case 'Test Cases/Reusable_Test_Sequences/CAT_Teardown' successfully]]></system-out>
         <system-err><![CDATA[]]></system-err>
      </testcase>
      <system-out><![CDATA[2019-10-31 15:35:31 - [TEST_SUITE][PASSED] - Mobile_Devices: Test Cases/Mobile_Devices/Default_Device_Dev]]></system-out>
      <system-err><![CDATA[]]></system-err>
   </testsuite>
   <testsuite name="Members_My_Feedback" tests="1" failures="0" errors="0" time="250.509" timestamp="2019-10-31 15:35:34" hostname="DavidHo - VETTEDSP36RF.check.local" id="Test Suites/Members_My_Feedback">
      <properties>
         <property name="deviceName" value=""/>
         <property name="devicePlatform" value=""/>
         <property name="logFolder" value="C:\\Users\\davidho\\Katalon Studio\\Start\\Reports\\20191031_153516\\Members_My_Feedback\\20191031_153517"/>
         <property name="logFiles" value="C:\\Users\\davidho\\Katalon Studio\\Start\\Reports\\20191031_153516\\Members_My_Feedback\\20191031_153517\\execution0.log"/>
         <property name="attachments" value=""/>
         <property name="hostName" value="DavidHo - VETTEDSP36RF.check.local"/>
         <property name="os" value="Windows 10 32bit"/>
         <property name="katalonVersion" value="7.0.5.1"/>
         <property name="browser" value="Firefox 69.0"/>
         <property name="hostAddress" value="10.0.11.243"/>
         <property name="sessionId" value="a2441379-2b9b-4773-8d21-47809f5126ae"/>
         <property name="seleniumVersion" value="3.141.59"/>
         <property name="proxyInformation" value="ProxyInformation{proxyOption=NO_PROXY, proxyServerType=HTTP, password=, proxyServerAddress=, proxyServerPort=0}"/>
         <property name="platform" value="Windows 10"/>
      </properties>
      <testcase name="Test Cases/Members_Area/My_Feedback" time="248.807" classname="Test Cases/Members_Area/My_Feedback" status="PASSED">
         <system-out><![CDATA[2019-10-31 15:35:34 - [TEST_CASE][PASSED] - Test Cases/Members_Area/My_Feedback: Test Cases/Members_Area/My_Feedback

2019-10-31 15:35:35 - [TEST_STEP][PASSED] - "WARNING - Be AWARE that, for example, That the Members Area Link on Preview doesnt take you to Preview, but takes you to LIVE Members Area": null

2019-10-31 15:35:35 - [TEST_STEP][PASSED] - "THIS CURRENTLY ONLY RUNS FROM - - -  * * *  PREVIEW_MEMBERS_AREA Profile  * * *  CORRECTION THIS IS NOW CATERED FOR - AND REDIRECTED  ": null

2019-10-31 15:35:35 - [TEST_STEP][PASSED] - "######################################################################################################################################################": null

2019-10-31 15:35:35 - [TEST_STEP][PASSED] - "#  OF COURSE, FOR THIS TO WORK THE TEST CREDENTIALS SHOULD BE AVAILABLE ACROSS ALL ENVIRONMENTS - Username = check1234 - & - Password = testing123   #": null

2019-10-31 15:35:35 - [TEST_STEP][PASSED] - "######################################################################################################################################################": null

2019-10-31 15:35:35 - [TEST_STEP][PASSED] - for ([row = 1, row <= findTestData("Members_Test_Data").getRowNumbers(), (internal.GlobalVariable.row++)]): Call Test Case 'Test Cases/Reusable_Test_Sequences/Members_Area/Banner_Menu/log_Off' successfully

2019-10-31 15:35:36 - [TEST_STEP][PASSED] - callTestCase(findTestCase("Reusable_Test_Sequences/Members_Area/Start_Up"), [:], OPTIONAL): Call Test Case 'Test Cases/Reusable_Test_Sequences/Members_Area/Start_Up' successfully

2019-10-31 15:35:36 - [TEST_CASE][PASSED] - Test Cases/Reusable_Test_Sequences/Members_Area/Start_Up: Test Cases/Reusable_Test_Sequences/Members_Area/Start_Up

2019-10-31 15:35:37 - [TEST_STEP][PASSED] - data = findTestData("Members_Test_Data"): null

2019-10-31 15:35:37 - [TEST_STEP][PASSED] - Header_Text = "": null

2019-10-31 15:35:37 - [TEST_STEP][PASSED] - Forgotten_Password = "": null

2019-10-31 15:35:37 - [TEST_STEP][PASSED] - Forgotten_Username = "": null

2019-10-31 15:35:37 - [TEST_STEP][PASSED] - Trouble_Logging_In = "": null

2019-10-31 15:35:37 - [TEST_STEP][PASSED] - callTestCase(findTestCase("Reusable_Test_Sequences/URL_Handler"), [:], CONTINUE_ON_FAILURE): Call Test Case 'Test Cases/Reusable_Test_Sequences/URL_Handler' successfully

2019-10-31 15:35:37 - [TEST_CASE][PASSED] - Test Cases/Reusable_Test_Sequences/URL_Handler: Test Cases/Reusable_Test_Sequences/URL_Handler

2019-10-31 15:35:37 - [TEST_STEP][PASSED] - "      CURRENT DEV (MASTER) Environment": null

2019-10-31 15:35:37 - [TEST_STEP][PASSED] - "      Dev Test Environment": null

2019-10-31 15:35:37 - [TEST_STEP][PASSED] - "      Next Dev Environment": null

2019-10-31 15:35:37 - [TEST_STEP][PASSED] - "      Preview Environment": null

2019-10-31 15:35:37 - [TEST_STEP][PASSED] - "      Live": null

2019-10-31 15:35:37 - [TEST_STEP][PASSED] - "######################################################################################################################################################": null

2019-10-31 15:35:37 - [TEST_STEP][PASSED] - "#  OF COURSE, FOR THIS TO WORK THE TEST CREDENTIALS SHOULD BE AVAILABLE ACROSS ALL ENVIRONMENTS - Username = check1234 - & - Password = testing123   #": null

2019-10-31 15:35:37 - [TEST_STEP][PASSED] - switch (URL): null

2019-10-31 15:35:37 - [TEST_STEP][PASSED] - case .*www.preview.checkatrade.*:: null

2019-10-31 15:35:37 - [TEST_STEP][PASSED] - URL = "https://preview-ma.checkatrade.com/login?return=%2Fdashboard": null

2019-10-31 15:35:37 - [TEST_STEP][PASSED] - break: null

2019-10-31 15:35:37 - [TEST_STEP][PASSED] - URL: null

2019-10-31 15:35:37 - [MESSAGE][PASSED] - Call Test Case 'Test Cases/Reusable_Test_Sequences/URL_Handler' successfully

2019-10-31 15:35:37 - [TEST_STEP][PASSED] - "URL - Set from the ENVIRONMENT PROFILE - Specific Page Address Provided By +GlobalVariable.PAGE  ": null

2019-10-31 15:35:37 - [TEST_STEP][PASSED] - openBrowser(URL): Browser is opened with url: 'https://preview-ma.checkatrade.com/login?return=%2Fdashboard'

2019-10-31 15:35:38 - [MESSAGE][INFO] - Starting 'Firefox' driver

2019-10-31 15:35:38 - [MESSAGE][INFO] - Action delay is set to 0 seconds

2019-10-31 15:36:16 - [MESSAGE][PASSED] - Browser is opened with url: 'https://preview-ma.checkatrade.com/login?return=%2Fdashboard'

2019-10-31 15:36:16 - [TEST_STEP][PASSED] - maximizeWindow(): Current window maximized

2019-10-31 15:36:16 - [MESSAGE][PASSED] - Current window maximized

2019-10-31 15:36:16 - [TEST_STEP][PASSED] - waitForPageLoad(60): Wait for page load successfully

2019-10-31 15:36:17 - [MESSAGE][PASSED] - Wait for page load successfully

2019-10-31 15:36:17 - [TEST_STEP][PASSED] - verifyTextPresent(data.getValue("Header_Text", row), false): Text 'EXCLUSIVE ACCESS FOR CHECKATRADE MEMBERS ONLY' is present on page 

2019-10-31 15:36:17 - [MESSAGE][PASSED] - Text 'EXCLUSIVE ACCESS FOR CHECKATRADE MEMBERS ONLY' is present on page 

2019-10-31 15:36:17 - [TEST_STEP][PASSED] - verifyTextPresent(data.getValue("Forgotten_Password", row), false): Text 'Forgotten password?' is present on page 

2019-10-31 15:36:17 - [MESSAGE][PASSED] - Text 'Forgotten password?' is present on page 

2019-10-31 15:36:17 - [TEST_STEP][PASSED] - verifyTextPresent(data.getValue("Forgotten_Username", row), false): Text 'Forgotten username?' is present on page 

2019-10-31 15:36:17 - [MESSAGE][PASSED] - Text 'Forgotten username?' is present on page 

2019-10-31 15:36:17 - [TEST_STEP][PASSED] - verifyTextPresent(data.getValue("Trouble_Logging_In", row), false): Text 'Trouble logging in?' is present on page 

2019-10-31 15:36:17 - [MESSAGE][PASSED] - Text 'Trouble logging in?' is present on page 

2019-10-31 15:36:17 - [MESSAGE][PASSED] - Call Test Case 'Test Cases/Reusable_Test_Sequences/Members_Area/Start_Up' successfully

2019-10-31 15:36:17 - [TEST_STEP][PASSED] - callTestCase(findTestCase("Reusable_Test_Sequences/Members_Area/log_On"), [:], OPTIONAL): Call Test Case 'Test Cases/Reusable_Test_Sequences/Members_Area/log_On' successfully

2019-10-31 15:36:17 - [TEST_CASE][PASSED] - Test Cases/Reusable_Test_Sequences/Members_Area/log_On: Test Cases/Reusable_Test_Sequences/Members_Area/log_On

2019-10-31 15:36:18 - [TEST_STEP][PASSED] - waitForElementPresent(findTestObject("Object Repository/Members/Page_Members Area/button_Log in"), 10): Object 'Object Repository/Members/Page_Members Area/button_Log in' is present

2019-10-31 15:36:18 - [MESSAGE][PASSED] - Object 'Object Repository/Members/Page_Members Area/button_Log in' is present

2019-10-31 15:36:18 - [TEST_STEP][PASSED] - click(findTestObject("Object Repository/Members/Page_Members Area/input_Username_username")): Object: 'Object Repository/Members/Page_Members Area/input_Username_username' is clicked on

2019-10-31 15:36:18 - [MESSAGE][PASSED] - Object: 'Object Repository/Members/Page_Members Area/input_Username_username' is clicked on

2019-10-31 15:36:18 - [TEST_STEP][PASSED] - setText(findTestObject("Object Repository/Members/Page_Members Area/input_Username_username"), Username): Text 'check1234' is set on object 'Object Repository/Members/Page_Members Area/input_Username_username'

2019-10-31 15:36:18 - [MESSAGE][PASSED] - Text 'check1234' is set on object 'Object Repository/Members/Page_Members Area/input_Username_username'

2019-10-31 15:36:18 - [TEST_STEP][PASSED] - click(findTestObject("Object Repository/Members/Page_Members Area/input_Password_password")): Object: 'Object Repository/Members/Page_Members Area/input_Password_password' is clicked on

2019-10-31 15:36:19 - [MESSAGE][PASSED] - Object: 'Object Repository/Members/Page_Members Area/input_Password_password' is clicked on

2019-10-31 15:36:19 - [TEST_STEP][PASSED] - setText(findTestObject("Object Repository/Members/Page_Members Area/input_Password_password"), Password): Text 'testing123' is set on object 'Object Repository/Members/Page_Members Area/input_Password_password'

2019-10-31 15:36:19 - [MESSAGE][PASSED] - Text 'testing123' is set on object 'Object Repository/Members/Page_Members Area/input_Password_password'

2019-10-31 15:36:19 - [TEST_STEP][PASSED] - click(findTestObject("Object Repository/Members/Page_Members Area/button_Log in")): Object: 'Object Repository/Members/Page_Members Area/button_Log in' is clicked on

2019-10-31 15:36:19 - [MESSAGE][PASSED] - Object: 'Object Repository/Members/Page_Members Area/button_Log in' is clicked on

2019-10-31 15:36:19 - [MESSAGE][PASSED] - Call Test Case 'Test Cases/Reusable_Test_Sequences/Members_Area/log_On' successfully

2019-10-31 15:36:19 - [TEST_STEP][PASSED] - callTestCase(findTestCase("Reusable_Test_Sequences/Members_Area/Area_Menu/Your_Customers/My_Feedback"), [:], CONTINUE_ON_FAILURE): Call Test Case 'Test Cases/Reusable_Test_Sequences/Members_Area/Area_Menu/Your_Customers/My_Feedback' successfully

2019-10-31 15:36:19 - [TEST_CASE][PASSED] - Test Cases/Reusable_Test_Sequences/Members_Area/Area_Menu/Your_Customers/My_Feedback: Test Cases/Reusable_Test_Sequences/Members_Area/Area_Menu/Your_Customers/My_Feedback

2019-10-31 15:36:20 - [TEST_STEP][PASSED] - waitForElementPresent(findTestObject("Object Repository/Page_Members Area/div_My Feedback"), 25): Object 'Object Repository/Page_Members Area/div_My Feedback' is present

2019-10-31 15:36:28 - [MESSAGE][PASSED] - Object 'Object Repository/Page_Members Area/div_My Feedback' is present

2019-10-31 15:36:28 - [TEST_STEP][PASSED] - click(findTestObject("Object Repository/Page_Members Area/div_My Feedback")): Object: 'Object Repository/Page_Members Area/div_My Feedback' is clicked on

2019-10-31 15:36:30 - [MESSAGE][PASSED] - Object: 'Object Repository/Page_Members Area/div_My Feedback' is clicked on

2019-10-31 15:36:30 - [MESSAGE][PASSED] - Call Test Case 'Test Cases/Reusable_Test_Sequences/Members_Area/Area_Menu/Your_Customers/My_Feedback' successfully

2019-10-31 15:36:30 - [TEST_STEP][PASSED] - callTestCase(findTestCase("Reusable_Test_Sequences/Members_Area/Validation/My_Feedback"), [:], CONTINUE_ON_FAILURE): Call Test Case 'Test Cases/Reusable_Test_Sequences/Members_Area/Validation/My_Feedback' successfully

2019-10-31 15:36:30 - [TEST_CASE][PASSED] - Test Cases/Reusable_Test_Sequences/Members_Area/Validation/My_Feedback: Test Cases/Reusable_Test_Sequences/Members_Area/Validation/My_Feedback

2019-10-31 15:36:30 - [TEST_STEP][PASSED] - waitForElementPresent(findTestObject("Object Repository/Page_Members Area/input_Customer Town_btn btn-primary filter"), 60): Object 'Object Repository/Page_Members Area/input_Customer Town_btn btn-primary filter' is present

2019-10-31 15:36:30 - [MESSAGE][PASSED] - Object 'Object Repository/Page_Members Area/input_Customer Town_btn btn-primary filter' is present

2019-10-31 15:36:30 - [TEST_STEP][PASSED] - verifyTextPresent(findTestData("Members_Test_Data").getValue("MEMBER_ID", 1), false): Text '218630' is present on page 

2019-10-31 15:36:36 - [MESSAGE][PASSED] - Text '218630' is present on page 

2019-10-31 15:36:36 - [TEST_STEP][PASSED] - verifyTextPresent("MEMBER ID", false): Text 'MEMBER ID' is present on page 

2019-10-31 15:36:52 - [MESSAGE][PASSED] - Text 'MEMBER ID' is present on page 

2019-10-31 15:36:52 - [TEST_STEP][PASSED] - "----------------------------------------------": null

2019-10-31 15:36:52 - [TEST_STEP][PASSED] - "---------------------------------": null

2019-10-31 15:36:52 - [TEST_STEP][PASSED] - "DEFAULT TAB - Published Feedback ": null

2019-10-31 15:36:52 - [TEST_STEP][PASSED] - verifyTextPresent("This is the feedback from your customers that is available to the public", false): Text 'This is the feedback from your customers that is available to the public' is present on page 

2019-10-31 15:37:06 - [MESSAGE][PASSED] - Text 'This is the feedback from your customers that is available to the public' is present on page 

2019-10-31 15:37:06 - [TEST_STEP][PASSED] - verifyTextPresent("Work Done From:", false): Text 'Work Done From:' is present on page 

2019-10-31 15:37:22 - [MESSAGE][PASSED] - Text 'Work Done From:' is present on page 

2019-10-31 15:37:22 - [TEST_STEP][PASSED] - verifyTextPresent("To:", false): Text 'To:' is present on page 

2019-10-31 15:37:37 - [MESSAGE][PASSED] - Text 'To:' is present on page 

2019-10-31 15:37:37 - [TEST_STEP][PASSED] - verifyTextPresent("Customer Surname:", false): Text 'Customer Surname:' is present on page 

2019-10-31 15:37:54 - [MESSAGE][PASSED] - Text 'Customer Surname:' is present on page 

2019-10-31 15:37:54 - [TEST_STEP][PASSED] - verifyTextPresent("Customer Town:", false): Text 'Customer Town:' is present on page 

2019-10-31 15:38:03 - [MESSAGE][PASSED] - Text 'Customer Town:' is present on page 

2019-10-31 15:38:03 - [MESSAGE][PASSED] - Call Test Case 'Test Cases/Reusable_Test_Sequences/Members_Area/Validation/My_Feedback' successfully

2019-10-31 15:38:03 - [TEST_STEP][PASSED] - callTestCase(findTestCase("Reusable_Test_Sequences/Members_Area/Area_Menu/Your_Customers/Feedback/Remind_Customer"), [:], STOP_ON_FAILURE): Call Test Case 'Test Cases/Reusable_Test_Sequences/Members_Area/Area_Menu/Your_Customers/Feedback/Remind_Customer' successfully

2019-10-31 15:38:03 - [TEST_CASE][PASSED] - Test Cases/Reusable_Test_Sequences/Members_Area/Area_Menu/Your_Customers/Feedback/Remind_Customer: Test Cases/Reusable_Test_Sequences/Members_Area/Area_Menu/Your_Customers/Feedback/Remind_Customer

2019-10-31 15:38:04 - [TEST_STEP][PASSED] - waitForPageLoad(25): Wait for page load successfully

2019-10-31 15:38:04 - [MESSAGE][PASSED] - Wait for page load successfully

2019-10-31 15:38:04 - [TEST_STEP][PASSED] - waitForElementPresent(findTestObject("Object Repository/Page_Members Area/a_Remind customer"), 5): Object 'Object Repository/Page_Members Area/a_Remind customer' is present

2019-10-31 15:38:04 - [MESSAGE][PASSED] - Object 'Object Repository/Page_Members Area/a_Remind customer' is present

2019-10-31 15:38:04 - [TEST_STEP][PASSED] - click(findTestObject("Object Repository/Page_Members Area/a_Remind customer")): Object: 'Object Repository/Page_Members Area/a_Remind customer' is clicked on

2019-10-31 15:38:05 - [MESSAGE][PASSED] - Object: 'Object Repository/Page_Members Area/a_Remind customer' is clicked on

2019-10-31 15:38:05 - [MESSAGE][PASSED] - Call Test Case 'Test Cases/Reusable_Test_Sequences/Members_Area/Area_Menu/Your_Customers/Feedback/Remind_Customer' successfully

2019-10-31 15:38:05 - [TEST_STEP][PASSED] - callTestCase(findTestCase("Reusable_Test_Sequences/Members_Area/Validation/Remind_Customers"), [:], CONTINUE_ON_FAILURE): Call Test Case 'Test Cases/Reusable_Test_Sequences/Members_Area/Validation/Remind_Customers' successfully

2019-10-31 15:38:05 - [TEST_CASE][PASSED] - Test Cases/Reusable_Test_Sequences/Members_Area/Validation/Remind_Customers: Test Cases/Reusable_Test_Sequences/Members_Area/Validation/Remind_Customers

2019-10-31 15:38:05 - [TEST_STEP][PASSED] - waitForElementPresent(findTestObject("Object Repository/Page_Members Area/input_concat(Customer  s name)_customerName"), 60): Object 'Object Repository/Page_Members Area/input_concat(Customer  s name)_customerName' is present

2019-10-31 15:38:05 - [MESSAGE][PASSED] - Object 'Object Repository/Page_Members Area/input_concat(Customer  s name)_customerName' is present

2019-10-31 15:38:05 - [TEST_STEP][PASSED] - "---------------------------------": null

2019-10-31 15:38:05 - [TEST_STEP][PASSED] - "DEFAULT TAB - Remind Customers   ": null

2019-10-31 15:38:05 - [TEST_STEP][PASSED] - verifyTextPresent(findTestData("Members_Test_Data").getValue("MEMBER_ID", 1), false): Text '218630' is present on page 

2019-10-31 15:38:06 - [MESSAGE][PASSED] - Text '218630' is present on page 

2019-10-31 15:38:06 - [TEST_STEP][PASSED] - verifyTextPresent("MEMBER ID", false): Text 'MEMBER ID' is present on page 

2019-10-31 15:38:06 - [MESSAGE][PASSED] - Text 'MEMBER ID' is present on page 

2019-10-31 15:38:06 - [TEST_STEP][PASSED] - verifyTextPresent("Remind your customers", false): Text 'Remind your customers' is present on page 

2019-10-31 15:38:06 - [MESSAGE][PASSED] - Text 'Remind your customers' is present on page 

2019-10-31 15:38:06 - [TEST_STEP][PASSED] - verifyTextPresent("CUSTOMER NAME IS REQUIRED", false): Text 'CUSTOMER NAME IS REQUIRED' is present on page 

2019-10-31 15:38:07 - [MESSAGE][PASSED] - Text 'CUSTOMER NAME IS REQUIRED' is present on page 

2019-10-31 15:38:07 - [TEST_STEP][PASSED] - verifyTextPresent("Description of work", false): Text 'Description of work' is present on page 

2019-10-31 15:38:09 - [MESSAGE][PASSED] - Text 'Description of work' is present on page 

2019-10-31 15:38:09 - [TEST_STEP][PASSED] - verifyTextPresent("Customer's email", false): Text 'Customer's email' is present on page 

2019-10-31 15:38:10 - [MESSAGE][PASSED] - Text 'Customer's email' is present on page 

2019-10-31 15:38:10 - [TEST_STEP][PASSED] - verifyTextPresent("Submit", false): Text 'Submit' is present on page 

2019-10-31 15:38:11 - [MESSAGE][PASSED] - Text 'Submit' is present on page 

2019-10-31 15:38:11 - [TEST_STEP][PASSED] - verifyTextPresent("Mobile number (for SMS reminder)", false): Text 'Mobile number (for SMS reminder)' is present on page 

2019-10-31 15:38:12 - [MESSAGE][PASSED] - Text 'Mobile number (for SMS reminder)' is present on page 

2019-10-31 15:38:12 - [TEST_STEP][PASSED] - scrollToElement(findTestObject("Object Repository/Page_Members Area/a_Dashboard"), 10): Scroll to object 'Object Repository/Page_Members Area/a_Dashboard' successfully

2019-10-31 15:38:12 - [MESSAGE][PASSED] - Scroll to object 'Object Repository/Page_Members Area/a_Dashboard' successfully

2019-10-31 15:38:12 - [MESSAGE][PASSED] - Call Test Case 'Test Cases/Reusable_Test_Sequences/Members_Area/Validation/Remind_Customers' successfully

2019-10-31 15:38:12 - [TEST_STEP][PASSED] - callTestCase(findTestCase("Reusable_Test_Sequences/Members_Area/Area_Menu/Your_Customers/Feedback/Your_Customers"), [:], STOP_ON_FAILURE): Call Test Case 'Test Cases/Reusable_Test_Sequences/Members_Area/Area_Menu/Your_Customers/Feedback/Your_Customers' successfully

2019-10-31 15:38:12 - [TEST_CASE][PASSED] - Test Cases/Reusable_Test_Sequences/Members_Area/Area_Menu/Your_Customers/Feedback/Your_Customers: Test Cases/Reusable_Test_Sequences/Members_Area/Area_Menu/Your_Customers/Feedback/Your_Customers

2019-10-31 15:38:12 - [TEST_STEP][PASSED] - waitForPageLoad(25): Wait for page load successfully

2019-10-31 15:38:12 - [MESSAGE][PASSED] - Wait for page load successfully

2019-10-31 15:38:12 - [TEST_STEP][PASSED] - waitForElementPresent(findTestObject("Object Repository/Page_Members Area/a_Your Customers"), 5): Object 'Object Repository/Page_Members Area/a_Your Customers' is present

2019-10-31 15:38:13 - [MESSAGE][PASSED] - Object 'Object Repository/Page_Members Area/a_Your Customers' is present

2019-10-31 15:38:13 - [TEST_STEP][PASSED] - click(findTestObject("Object Repository/Page_Members Area/a_Your Customers_1")): Object: 'Object Repository/Page_Members Area/a_Your Customers_1' is clicked on

2019-10-31 15:38:13 - [MESSAGE][PASSED] - Object: 'Object Repository/Page_Members Area/a_Your Customers_1' is clicked on

2019-10-31 15:38:13 - [MESSAGE][PASSED] - Call Test Case 'Test Cases/Reusable_Test_Sequences/Members_Area/Area_Menu/Your_Customers/Feedback/Your_Customers' successfully

2019-10-31 15:38:13 - [TEST_STEP][PASSED] - callTestCase(findTestCase("Reusable_Test_Sequences/Members_Area/Validation/Your_Customers"), [:], CONTINUE_ON_FAILURE): Call Test Case 'Test Cases/Reusable_Test_Sequences/Members_Area/Validation/Your_Customers' successfully

2019-10-31 15:38:13 - [TEST_CASE][PASSED] - Test Cases/Reusable_Test_Sequences/Members_Area/Validation/Your_Customers: Test Cases/Reusable_Test_Sequences/Members_Area/Validation/Your_Customers

2019-10-31 15:38:13 - [TEST_STEP][PASSED] - waitForPageLoad(25): Wait for page load successfully

2019-10-31 15:38:13 - [MESSAGE][PASSED] - Wait for page load successfully

2019-10-31 15:38:13 - [TEST_STEP][PASSED] - waitForElementPresent(findTestObject("Object Repository/Page_Members Area/p_These are your customers who have left feedback"), 60): Object 'Object Repository/Page_Members Area/p_These are your customers who have left feedback' is present

2019-10-31 15:38:14 - [MESSAGE][PASSED] - Object 'Object Repository/Page_Members Area/p_These are your customers who have left feedback' is present

2019-10-31 15:38:14 - [TEST_STEP][PASSED] - waitForElementPresent(findTestObject("Object Repository/Page_Members Area/first_Row_Customers"), 60): Object 'Object Repository/Page_Members Area/first_Row_Customers' is present

2019-10-31 15:38:14 - [MESSAGE][PASSED] - Object 'Object Repository/Page_Members Area/first_Row_Customers' is present

2019-10-31 15:38:14 - [TEST_STEP][PASSED] - "---------------------------------": null

2019-10-31 15:38:14 - [TEST_STEP][PASSED] - "DEFAULT TAB - Published Feedback ": null

2019-10-31 15:38:14 - [TEST_STEP][PASSED] - verifyTextPresent(findTestData("Members_Test_Data").getValue("MEMBER_ID", 1), false): Text '218630' is present on page 

2019-10-31 15:38:15 - [MESSAGE][PASSED] - Text '218630' is present on page 

2019-10-31 15:38:15 - [TEST_STEP][PASSED] - verifyTextPresent("MEMBER ID", false): Text 'MEMBER ID' is present on page 

2019-10-31 15:38:15 - [MESSAGE][PASSED] - Text 'MEMBER ID' is present on page 

2019-10-31 15:38:15 - [TEST_STEP][PASSED] - verifyTextPresent("These are your customers who have left feedback", false): Text 'These are your customers who have left feedback' is present on page 

2019-10-31 15:38:16 - [MESSAGE][PASSED] - Text 'These are your customers who have left feedback' is present on page 

2019-10-31 15:38:16 - [TEST_STEP][PASSED] - verifyTextPresent("Test", false): Text 'Test' is present on page 

2019-10-31 15:38:17 - [MESSAGE][PASSED] - Text 'Test' is present on page 

2019-10-31 15:38:17 - [TEST_STEP][PASSED] - verifyTextPresent("Address", false): Text 'Address' is present on page 

2019-10-31 15:38:18 - [MESSAGE][PASSED] - Text 'Address' is present on page 

2019-10-31 15:38:18 - [TEST_STEP][PASSED] - verifyTextPresent("Jobs", false): Text 'Jobs' is present on page 

2019-10-31 15:38:19 - [MESSAGE][PASSED] - Text 'Jobs' is present on page 

2019-10-31 15:38:19 - [TEST_STEP][PASSED] - verifyTextPresent("Work Date", false): Text 'Work Date' is present on page 

2019-10-31 15:38:19 - [MESSAGE][PASSED] - Text 'Work Date' is present on page 

2019-10-31 15:38:19 - [MESSAGE][PASSED] - Call Test Case 'Test Cases/Reusable_Test_Sequences/Members_Area/Validation/Your_Customers' successfully

2019-10-31 15:38:19 - [TEST_STEP][PASSED] - callTestCase(findTestCase("Reusable_Test_Sequences/Members_Area/Area_Menu/Your_Customers/Feedback/Awareness"), [:], STOP_ON_FAILURE): Call Test Case 'Test Cases/Reusable_Test_Sequences/Members_Area/Area_Menu/Your_Customers/Feedback/Awareness' successfully

2019-10-31 15:38:20 - [TEST_CASE][PASSED] - Test Cases/Reusable_Test_Sequences/Members_Area/Area_Menu/Your_Customers/Feedback/Awareness: Test Cases/Reusable_Test_Sequences/Members_Area/Area_Menu/Your_Customers/Feedback/Awareness

2019-10-31 15:38:20 - [TEST_STEP][PASSED] - waitForPageLoad(25): Wait for page load successfully

2019-10-31 15:38:20 - [MESSAGE][PASSED] - Wait for page load successfully

2019-10-31 15:38:20 - [TEST_STEP][PASSED] - waitForElementPresent(findTestObject("Object Repository/Page_Members Area/a_Awareness"), 5): Object 'Object Repository/Page_Members Area/a_Awareness' is present

2019-10-31 15:38:20 - [MESSAGE][PASSED] - Object 'Object Repository/Page_Members Area/a_Awareness' is present

2019-10-31 15:38:20 - [TEST_STEP][PASSED] - click(findTestObject("Object Repository/Page_Members Area/a_Awareness")): Object: 'Object Repository/Page_Members Area/a_Awareness' is clicked on

2019-10-31 15:38:20 - [MESSAGE][PASSED] - Object: 'Object Repository/Page_Members Area/a_Awareness' is clicked on

2019-10-31 15:38:20 - [MESSAGE][PASSED] - Call Test Case 'Test Cases/Reusable_Test_Sequences/Members_Area/Area_Menu/Your_Customers/Feedback/Awareness' successfully

2019-10-31 15:38:20 - [TEST_STEP][PASSED] - callTestCase(findTestCase("Reusable_Test_Sequences/Members_Area/Validation/Awareness"), [:], CONTINUE_ON_FAILURE): Call Test Case 'Test Cases/Reusable_Test_Sequences/Members_Area/Validation/Awareness' successfully

2019-10-31 15:38:20 - [TEST_CASE][PASSED] - Test Cases/Reusable_Test_Sequences/Members_Area/Validation/Awareness: Test Cases/Reusable_Test_Sequences/Members_Area/Validation/Awareness

2019-10-31 15:38:21 - [TEST_STEP][PASSED] - waitForPageLoad(25): Wait for page load successfully

2019-10-31 15:38:21 - [MESSAGE][PASSED] - Wait for page load successfully

2019-10-31 15:38:21 - [TEST_STEP][PASSED] - waitForElementPresent(findTestObject("Object Repository/Page_Members Area/h2_Customer Feedback Awareness"), 60): Object 'Object Repository/Page_Members Area/h2_Customer Feedback Awareness' is present

2019-10-31 15:38:21 - [MESSAGE][PASSED] - Object 'Object Repository/Page_Members Area/h2_Customer Feedback Awareness' is present

2019-10-31 15:38:21 - [TEST_STEP][PASSED] - delay(3): Delayed 3 second(s)

2019-10-31 15:38:24 - [MESSAGE][PASSED] - Delayed 3 second(s)

2019-10-31 15:38:24 - [TEST_STEP][PASSED] - "---------------------------------": null

2019-10-31 15:38:24 - [TEST_STEP][PASSED] - "---------------------------------": null

2019-10-31 15:38:24 - [TEST_STEP][PASSED] - "DEFAULT TAB - Awareness          ": null

2019-10-31 15:38:24 - [TEST_STEP][PASSED] - verifyTextPresent(findTestData("Members_Test_Data").getValue("MEMBER_ID", 1), false): Text '218630' is present on page 

2019-10-31 15:38:25 - [MESSAGE][PASSED] - Text '218630' is present on page 

2019-10-31 15:38:25 - [TEST_STEP][PASSED] - verifyTextPresent("MEMBER ID", false): Text 'MEMBER ID' is present on page 

2019-10-31 15:38:25 - [MESSAGE][PASSED] - Text 'MEMBER ID' is present on page 

2019-10-31 15:38:25 - [TEST_STEP][PASSED] - verifyTextPresent("Feedback Statistics", false): Text 'Feedback Statistics' is present on page 

2019-10-31 15:38:26 - [MESSAGE][PASSED] - Text 'Feedback Statistics' is present on page 

2019-10-31 15:38:26 - [TEST_STEP][PASSED] - verifyTextPresent("The average awareness level across all Checkatrade members is", false): Text 'The average awareness level across all Checkatrade members is' is present on page 

2019-10-31 15:38:28 - [MESSAGE][PASSED] - Text 'The average awareness level across all Checkatrade members is' is present on page 

2019-10-31 15:38:28 - [TEST_STEP][PASSED] - verifyTextPresent("The speedometer is not shown to consumers, however should it go below 40% it could affect your membership with Checkatrade.", false): Text 'The speedometer is not shown to consumers, however should it go below 40% it could affect your membership with Checkatrade.' is present on page 

2019-10-31 15:38:28 - [MESSAGE][PASSED] - Text 'The speedometer is not shown to consumers, however should it go below 40% it could affect your membership with Checkatrade.' is present on page 

2019-10-31 15:38:28 - [TEST_STEP][PASSED] - verifyTextPresent("feedback received in past 30 days", false): Text 'feedback received in past 30 days' is present on page 

2019-10-31 15:38:29 - [MESSAGE][PASSED] - Text 'feedback received in past 30 days' is present on page 

2019-10-31 15:38:29 - [TEST_STEP][PASSED] - verifyTextPresent("feedback in total", false): Text 'feedback in total' is present on page 

2019-10-31 15:38:29 - [MESSAGE][PASSED] - Text 'feedback in total' is present on page 

2019-10-31 15:38:29 - [TEST_STEP][PASSED] - verifyTextPresent("of customers were charged what you quoted", false): Text 'of customers were charged what you quoted' is present on page 

2019-10-31 15:38:30 - [MESSAGE][PASSED] - Text 'of customers were charged what you quoted' is present on page 

2019-10-31 15:38:30 - [TEST_STEP][PASSED] - verifyTextPresent("of customers were charged more but kept informed", false): Text 'of customers were charged more but kept informed' is present on page 

2019-10-31 15:38:30 - [MESSAGE][PASSED] - Text 'of customers were charged more but kept informed' is present on page 

2019-10-31 15:38:30 - [TEST_STEP][PASSED] - verifyTextPresent("of customers were charged more and were not kept informed", false): Text 'of customers were charged more and were not kept informed' is present on page 

2019-10-31 15:38:30 - [MESSAGE][PASSED] - Text 'of customers were charged more and were not kept informed' is present on page 

2019-10-31 15:38:30 - [MESSAGE][PASSED] - Call Test Case 'Test Cases/Reusable_Test_Sequences/Members_Area/Validation/Awareness' successfully

2019-10-31 15:38:30 - [TEST_STEP][PASSED] - callTestCase(findTestCase("Reusable_Test_Sequences/Members_Area/Area_Menu/Your_Customers/Feedback/Remind_Customer"), [:], STOP_ON_FAILURE): Call Test Case 'Test Cases/Reusable_Test_Sequences/Members_Area/Area_Menu/Your_Customers/Feedback/Remind_Customer' successfully

2019-10-31 15:38:31 - [TEST_CASE][PASSED] - Test Cases/Reusable_Test_Sequences/Members_Area/Area_Menu/Your_Customers/Feedback/Remind_Customer: Test Cases/Reusable_Test_Sequences/Members_Area/Area_Menu/Your_Customers/Feedback/Remind_Customer

2019-10-31 15:38:31 - [TEST_STEP][PASSED] - waitForPageLoad(25): Wait for page load successfully

2019-10-31 15:38:31 - [MESSAGE][PASSED] - Wait for page load successfully

2019-10-31 15:38:31 - [TEST_STEP][PASSED] - waitForElementPresent(findTestObject("Object Repository/Page_Members Area/a_Remind customer"), 5): Object 'Object Repository/Page_Members Area/a_Remind customer' is present

2019-10-31 15:38:31 - [MESSAGE][PASSED] - Object 'Object Repository/Page_Members Area/a_Remind customer' is present

2019-10-31 15:38:31 - [TEST_STEP][PASSED] - click(findTestObject("Object Repository/Page_Members Area/a_Remind customer")): Object: 'Object Repository/Page_Members Area/a_Remind customer' is clicked on

2019-10-31 15:38:31 - [MESSAGE][PASSED] - Object: 'Object Repository/Page_Members Area/a_Remind customer' is clicked on

2019-10-31 15:38:31 - [MESSAGE][PASSED] - Call Test Case 'Test Cases/Reusable_Test_Sequences/Members_Area/Area_Menu/Your_Customers/Feedback/Remind_Customer' successfully

2019-10-31 15:38:31 - [TEST_STEP][PASSED] - callTestCase(findTestCase("Reusable_Test_Sequences/Members_Area/Area_Menu/Your_Customers/Feedback/Remind_Customer_Sent"), [:], CONTINUE_ON_FAILURE): Call Test Case 'Test Cases/Reusable_Test_Sequences/Members_Area/Area_Menu/Your_Customers/Feedback/Remind_Customer_Sent' successfully

2019-10-31 15:38:31 - [TEST_CASE][PASSED] - Test Cases/Reusable_Test_Sequences/Members_Area/Area_Menu/Your_Customers/Feedback/Remind_Customer_Sent: Test Cases/Reusable_Test_Sequences/Members_Area/Area_Menu/Your_Customers/Feedback/Remind_Customer_Sent

2019-10-31 15:38:31 - [TEST_STEP][PASSED] - waitForPageLoad(60): Wait for page load successfully

2019-10-31 15:38:31 - [MESSAGE][PASSED] - Wait for page load successfully

2019-10-31 15:38:31 - [TEST_STEP][PASSED] - waitForElementPresent(findTestObject("Object Repository/Page_Members Area/remind_Name"), 60): Object 'Object Repository/Page_Members Area/remind_Name' is present

2019-10-31 15:38:31 - [MESSAGE][PASSED] - Object 'Object Repository/Page_Members Area/remind_Name' is present

2019-10-31 15:38:31 - [TEST_STEP][PASSED] - click(findTestObject("Object Repository/Page_Members Area/remind_Name")): Object: 'Object Repository/Page_Members Area/remind_Name' is clicked on

2019-10-31 15:38:32 - [MESSAGE][PASSED] - Object: 'Object Repository/Page_Members Area/remind_Name' is clicked on

2019-10-31 15:38:32 - [TEST_STEP][PASSED] - setText(findTestObject("Object Repository/Page_Members Area/remind_Name"), findTestData("Members_Test_Data").getValue("customer_Surname", row)): Text 'Feedback' is set on object 'Object Repository/Page_Members Area/remind_Name'

2019-10-31 15:38:32 - [MESSAGE][PASSED] - Text 'Feedback' is set on object 'Object Repository/Page_Members Area/remind_Name'

2019-10-31 15:38:32 - [TEST_STEP][PASSED] - click(findTestObject("Object Repository/Page_Members Area/remind_Work_Description")): Object: 'Object Repository/Page_Members Area/remind_Work_Description' is clicked on

2019-10-31 15:38:32 - [MESSAGE][PASSED] - Object: 'Object Repository/Page_Members Area/remind_Work_Description' is clicked on

2019-10-31 15:38:32 - [TEST_STEP][PASSED] - setText(findTestObject("Object Repository/Page_Members Area/remind_Work_Description"), findTestData("Members_Test_Data").getValue("returned_Search_Head", row)): Text 'loft extension' is set on object 'Object Repository/Page_Members Area/remind_Work_Description'

2019-10-31 15:38:32 - [MESSAGE][PASSED] - Text 'loft extension' is set on object 'Object Repository/Page_Members Area/remind_Work_Description'

2019-10-31 15:38:32 - [TEST_STEP][PASSED] - click(findTestObject("Object Repository/Page_Members Area/remind_Email")): Object: 'Object Repository/Page_Members Area/remind_Email' is clicked on

2019-10-31 15:38:33 - [MESSAGE][PASSED] - Object: 'Object Repository/Page_Members Area/remind_Email' is clicked on

2019-10-31 15:38:33 - [TEST_STEP][PASSED] - setText(findTestObject("Object Repository/Page_Members Area/remind_Email"), findTestData("Members_Test_Data").getValue("customer_Email", row)): Text 'feedback@panic.com' is set on object 'Object Repository/Page_Members Area/remind_Email'

2019-10-31 15:38:33 - [MESSAGE][PASSED] - Text 'feedback@panic.com' is set on object 'Object Repository/Page_Members Area/remind_Email'

2019-10-31 15:38:33 - [TEST_STEP][PASSED] - click(findTestObject("Object Repository/Page_Members Area/remind_Phone")): Object: 'Object Repository/Page_Members Area/remind_Phone' is clicked on

2019-10-31 15:38:33 - [MESSAGE][PASSED] - Object: 'Object Repository/Page_Members Area/remind_Phone' is clicked on

2019-10-31 15:38:33 - [TEST_STEP][PASSED] - setText(findTestObject("Object Repository/Page_Members Area/remind_Phone"), findTestData("Members_Test_Data").getValue("Customer_Phone", row)): Text '07788123456' is set on object 'Object Repository/Page_Members Area/remind_Phone'

2019-10-31 15:38:34 - [MESSAGE][PASSED] - Text '07788123456' is set on object 'Object Repository/Page_Members Area/remind_Phone'

2019-10-31 15:38:34 - [TEST_STEP][PASSED] - scrollToPosition(250, 250): Browser is scrolled to position x = 250, y = 250

2019-10-31 15:38:34 - [MESSAGE][PASSED] - Browser is scrolled to position x = 250, y = 250

2019-10-31 15:38:34 - [TEST_STEP][PASSED] - delay(2): Delayed 2 second(s)

2019-10-31 15:38:36 - [MESSAGE][PASSED] - Delayed 2 second(s)

2019-10-31 15:38:36 - [TEST_STEP][PASSED] - waitForPageLoad(25): Wait for page load successfully

2019-10-31 15:38:36 - [MESSAGE][PASSED] - Wait for page load successfully

2019-10-31 15:38:36 - [TEST_STEP][PASSED] - waitForElementPresent(findTestObject("Object Repository/Page_Members Area/remind_Submit_Button"), 60): Object 'Object Repository/Page_Members Area/remind_Submit_Button' is present

2019-10-31 15:38:36 - [MESSAGE][PASSED] - Object 'Object Repository/Page_Members Area/remind_Submit_Button' is present

2019-10-31 15:38:36 - [TEST_STEP][PASSED] - click(findTestObject("Object Repository/Page_Members Area/remind_Submit_Button")): Object: 'Object Repository/Page_Members Area/remind_Submit_Button' is clicked on

2019-10-31 15:38:36 - [MESSAGE][PASSED] - Object: 'Object Repository/Page_Members Area/remind_Submit_Button' is clicked on

2019-10-31 15:38:36 - [TEST_STEP][PASSED] - delay(2): Delayed 2 second(s)

2019-10-31 15:38:38 - [MESSAGE][PASSED] - Delayed 2 second(s)

2019-10-31 15:38:38 - [TEST_STEP][PASSED] - waitForPageLoad(60): Wait for page load successfully

2019-10-31 15:38:38 - [MESSAGE][PASSED] - Wait for page load successfully

2019-10-31 15:38:38 - [TEST_STEP][PASSED] - waitForElementPresent(findTestObject("Object Repository/Page_Members Area/remind_Message_Dispel"), 60): Object 'Object Repository/Page_Members Area/remind_Message_Dispel' is present

2019-10-31 15:38:38 - [MESSAGE][PASSED] - Object 'Object Repository/Page_Members Area/remind_Message_Dispel' is present

2019-10-31 15:38:38 - [TEST_STEP][PASSED] - verifyTextPresent("Thank you", false): Text 'Thank you' is present on page 

2019-10-31 15:38:44 - [MESSAGE][PASSED] - Text 'Thank you' is present on page 

2019-10-31 15:38:44 - [TEST_STEP][PASSED] - verifyTextPresent("Your data has been submitted", false): Text 'Your data has been submitted' is present on page 

2019-10-31 15:38:47 - [MESSAGE][PASSED] - Text 'Your data has been submitted' is present on page 

2019-10-31 15:38:47 - [TEST_STEP][PASSED] - waitForElementPresent(findTestObject("Object Repository/Page_Members Area/remind_Message_Dispel"), 60): Object 'Object Repository/Page_Members Area/remind_Message_Dispel' is present

2019-10-31 15:38:47 - [MESSAGE][PASSED] - Object 'Object Repository/Page_Members Area/remind_Message_Dispel' is present

2019-10-31 15:38:47 - [TEST_STEP][PASSED] - click(findTestObject("Object Repository/Page_Members Area/remind_Message_Dispel")): Object: 'Object Repository/Page_Members Area/remind_Message_Dispel' is clicked on

2019-10-31 15:38:48 - [MESSAGE][PASSED] - Object: 'Object Repository/Page_Members Area/remind_Message_Dispel' is clicked on

2019-10-31 15:38:48 - [TEST_STEP][PASSED] - scrollToPosition(250, 250): Browser is scrolled to position x = 250, y = 250

2019-10-31 15:38:48 - [MESSAGE][PASSED] - Browser is scrolled to position x = 250, y = 250

2019-10-31 15:38:48 - [TEST_STEP][PASSED] - waitForPageLoad(25): Wait for page load successfully

2019-10-31 15:38:48 - [MESSAGE][PASSED] - Wait for page load successfully

2019-10-31 15:38:48 - [MESSAGE][PASSED] - Call Test Case 'Test Cases/Reusable_Test_Sequences/Members_Area/Area_Menu/Your_Customers/Feedback/Remind_Customer_Sent' successfully

2019-10-31 15:38:48 - [TEST_STEP][PASSED] - callTestCase(findTestCase("Reusable_Test_Sequences/Members_Area/Area_Menu/Your_Customers/Feedback/Published_Feedback"), [:], STOP_ON_FAILURE): Call Test Case 'Test Cases/Reusable_Test_Sequences/Members_Area/Area_Menu/Your_Customers/Feedback/Published_Feedback' successfully

2019-10-31 15:38:48 - [TEST_CASE][PASSED] - Test Cases/Reusable_Test_Sequences/Members_Area/Area_Menu/Your_Customers/Feedback/Published_Feedback: Test Cases/Reusable_Test_Sequences/Members_Area/Area_Menu/Your_Customers/Feedback/Published_Feedback

2019-10-31 15:38:48 - [TEST_STEP][PASSED] - waitForPageLoad(25): Wait for page load successfully

2019-10-31 15:38:48 - [MESSAGE][PASSED] - Wait for page load successfully

2019-10-31 15:38:48 - [TEST_STEP][PASSED] - waitForElementPresent(findTestObject("Object Repository/Page_Members Area/a_Published Feedback"), 5): Object 'Object Repository/Page_Members Area/a_Published Feedback' is present

2019-10-31 15:38:48 - [MESSAGE][PASSED] - Object 'Object Repository/Page_Members Area/a_Published Feedback' is present

2019-10-31 15:38:48 - [TEST_STEP][PASSED] - click(findTestObject("Object Repository/Page_Members Area/a_Published Feedback")): Object: 'Object Repository/Page_Members Area/a_Published Feedback' is clicked on

2019-10-31 15:38:49 - [MESSAGE][PASSED] - Object: 'Object Repository/Page_Members Area/a_Published Feedback' is clicked on

2019-10-31 15:38:49 - [MESSAGE][PASSED] - Call Test Case 'Test Cases/Reusable_Test_Sequences/Members_Area/Area_Menu/Your_Customers/Feedback/Published_Feedback' successfully

2019-10-31 15:38:49 - [TEST_STEP][PASSED] - callTestCase(findTestCase("Reusable_Test_Sequences/Members_Area/Area_Menu/Your_Customers/Feedback/Published_Feedback_Search"), [:], CONTINUE_ON_FAILURE): Call Test Case 'Test Cases/Reusable_Test_Sequences/Members_Area/Area_Menu/Your_Customers/Feedback/Published_Feedback_Search' successfully

2019-10-31 15:38:49 - [TEST_CASE][PASSED] - Test Cases/Reusable_Test_Sequences/Members_Area/Area_Menu/Your_Customers/Feedback/Published_Feedback_Search: Test Cases/Reusable_Test_Sequences/Members_Area/Area_Menu/Your_Customers/Feedback/Published_Feedback_Search

2019-10-31 15:38:50 - [TEST_STEP][PASSED] - waitForPageLoad(25): Wait for page load successfully

2019-10-31 15:38:50 - [MESSAGE][PASSED] - Wait for page load successfully

2019-10-31 15:38:50 - [TEST_STEP][PASSED] - waitForElementPresent(findTestObject("Object Repository/Page_Members Area/customer_Surname"), 5): Object 'Object Repository/Page_Members Area/customer_Surname' is present

2019-10-31 15:38:50 - [MESSAGE][PASSED] - Object 'Object Repository/Page_Members Area/customer_Surname' is present

2019-10-31 15:38:50 - [TEST_STEP][PASSED] - click(findTestObject("Object Repository/Page_Members Area/customer_Surname")): Object: 'Object Repository/Page_Members Area/customer_Surname' is clicked on

2019-10-31 15:38:50 - [MESSAGE][PASSED] - Object: 'Object Repository/Page_Members Area/customer_Surname' is clicked on

2019-10-31 15:38:50 - [TEST_STEP][PASSED] - setText(findTestObject("Object Repository/Page_Members Area/customer_Surname"), findTestData("Members_Test_Data").getValue("customer_Surname", row)): Text 'Feedback' is set on object 'Object Repository/Page_Members Area/customer_Surname'

2019-10-31 15:38:50 - [MESSAGE][PASSED] - Text 'Feedback' is set on object 'Object Repository/Page_Members Area/customer_Surname'

2019-10-31 15:38:50 - [TEST_STEP][PASSED] - click(findTestObject("Object Repository/Page_Members Area/customer_Town")): Object: 'Object Repository/Page_Members Area/customer_Town' is clicked on

2019-10-31 15:38:51 - [MESSAGE][PASSED] - Object: 'Object Repository/Page_Members Area/customer_Town' is clicked on

2019-10-31 15:38:51 - [TEST_STEP][PASSED] - setText(findTestObject("Object Repository/Page_Members Area/customer_Town"), findTestData("Members_Test_Data").getValue("customer_Town", row)): Text 'Chichester' is set on object 'Object Repository/Page_Members Area/customer_Town'

2019-10-31 15:38:51 - [MESSAGE][PASSED] - Text 'Chichester' is set on object 'Object Repository/Page_Members Area/customer_Town'

2019-10-31 15:38:51 - [TEST_STEP][PASSED] - click(findTestObject("Object Repository/Page_Members Area/apply_Filter")): Object: 'Object Repository/Page_Members Area/apply_Filter' is clicked on

2019-10-31 15:38:52 - [MESSAGE][PASSED] - Object: 'Object Repository/Page_Members Area/apply_Filter' is clicked on

2019-10-31 15:38:52 - [TEST_STEP][PASSED] - delay(10): Delayed 10 second(s)

2019-10-31 15:39:02 - [MESSAGE][PASSED] - Delayed 10 second(s)

2019-10-31 15:39:02 - [TEST_STEP][PASSED] - waitForPageLoad(60): Wait for page load successfully

2019-10-31 15:39:02 - [MESSAGE][PASSED] - Wait for page load successfully

2019-10-31 15:39:02 - [TEST_STEP][PASSED] - scrollToPosition(500, 500): Browser is scrolled to position x = 500, y = 500

2019-10-31 15:39:02 - [MESSAGE][PASSED] - Browser is scrolled to position x = 500, y = 500

2019-10-31 15:39:02 - [TEST_STEP][PASSED] - waitForElementPresent(findTestObject("Object Repository/Page_Members Area/apply_Filter"), 60): Object 'Object Repository/Page_Members Area/apply_Filter' is present

2019-10-31 15:39:02 - [MESSAGE][PASSED] - Object 'Object Repository/Page_Members Area/apply_Filter' is present

2019-10-31 15:39:02 - [TEST_STEP][PASSED] - waitForPageLoad(25): Wait for page load successfully

2019-10-31 15:39:02 - [MESSAGE][PASSED] - Wait for page load successfully

2019-10-31 15:39:02 - [TEST_STEP][PASSED] - "---------------------------------": null

2019-10-31 15:39:02 - [TEST_STEP][PASSED] - "THIS TAB - Published Feedback    ": null

2019-10-31 15:39:02 - [TEST_STEP][PASSED] - verifyTextPresent(findTestData("Members_Test_Data").getValue("returned_Search_Head", row), false): Text 'loft extension' is present on page 

2019-10-31 15:39:09 - [MESSAGE][PASSED] - Text 'loft extension' is present on page 

2019-10-31 15:39:09 - [TEST_STEP][PASSED] - verifyTextPresent(findTestData("Members_Test_Data").getValue("returned_Search_Comment", row), false): Text 'I would recommend this company and' is present on page 

2019-10-31 15:39:18 - [MESSAGE][PASSED] - Text 'I would recommend this company and' is present on page 

2019-10-31 15:39:18 - [TEST_STEP][PASSED] - verifyTextPresent(findTestData("Members_Test_Data").getValue("returned_Work_Done_Date", row), false): Text 'Work done: Oct 2018' is present on page 

2019-10-31 15:39:30 - [MESSAGE][PASSED] - Text 'Work done: Oct 2018' is present on page 

2019-10-31 15:39:30 - [TEST_STEP][PASSED] - verifyTextPresent(findTestData("Members_Test_Data").getValue("returned_Feedback_Status", row), false): Text 'Feedback Published' is present on page 

2019-10-31 15:39:41 - [MESSAGE][PASSED] - Text 'Feedback Published' is present on page 

2019-10-31 15:39:41 - [MESSAGE][PASSED] - Call Test Case 'Test Cases/Reusable_Test_Sequences/Members_Area/Area_Menu/Your_Customers/Feedback/Published_Feedback_Search' successfully

2019-10-31 15:39:41 - [TEST_STEP][PASSED] - callTestCase(findTestCase("Reusable_Test_Sequences/Members_Area/Banner_Menu/log_Off"), [:], STOP_ON_FAILURE): Call Test Case 'Test Cases/Reusable_Test_Sequences/Members_Area/Banner_Menu/log_Off' successfully

2019-10-31 15:39:41 - [TEST_CASE][PASSED] - Test Cases/Reusable_Test_Sequences/Members_Area/Banner_Menu/log_Off: Test Cases/Reusable_Test_Sequences/Members_Area/Banner_Menu/log_Off

2019-10-31 15:39:42 - [TEST_STEP][PASSED] - waitForElementPresent(findTestObject("Object Repository/Page_Members Area/a_Log off"), 5): Object 'Object Repository/Page_Members Area/a_Log off' is present

2019-10-31 15:39:42 - [MESSAGE][PASSED] - Object 'Object Repository/Page_Members Area/a_Log off' is present

2019-10-31 15:39:42 - [TEST_STEP][PASSED] - click(findTestObject("Object Repository/Page_Members Area/a_Log off")): Object: 'Object Repository/Page_Members Area/a_Log off' is clicked on

2019-10-31 15:39:43 - [MESSAGE][PASSED] - Object: 'Object Repository/Page_Members Area/a_Log off' is clicked on

2019-10-31 15:39:43 - [MESSAGE][PASSED] - Call Test Case 'Test Cases/Reusable_Test_Sequences/Members_Area/Banner_Menu/log_Off' successfully]]></system-out>
         <system-err><![CDATA[]]></system-err>
      </testcase>
      <system-out><![CDATA[2019-10-31 15:35:34 - [TEST_SUITE][PASSED] - Members_My_Feedback: Test Cases/Members_Area/My_Feedback]]></system-out>
      <system-err><![CDATA[]]></system-err>
   </testsuite>
   <testsuite name="Members_Callback" tests="1" failures="1" errors="0" time="150.415" timestamp="2019-10-31 15:35:38" hostname="DavidHo - VETTEDSP36RF.check.local" id="Test Suites/Members_Callback">
      <properties>
         <property name="deviceName" value=""/>
         <property name="devicePlatform" value=""/>
         <property name="logFolder" value="C:\\Users\\davidho\\Katalon Studio\\Start\\Reports\\20191031_153516\\Members_Callback\\20191031_153518"/>
         <property name="logFiles" value="C:\\Users\\davidho\\Katalon Studio\\Start\\Reports\\20191031_153516\\Members_Callback\\20191031_153518\\execution0.log"/>
         <property name="attachments" value="C:\\Users\\davidho\\Katalon Studio\\Start\\Reports\\20191031_153516\\Members_Callback\\20191031_153518\\1572536245516.png, C:\\Users\\davidho\\Katalon Studio\\Start\\Reports\\20191031_153516\\Members_Callback\\20191031_153518\\1572536287651.png"/>
         <property name="hostName" value="DavidHo - VETTEDSP36RF.check.local"/>
         <property name="os" value="Windows 10 32bit"/>
         <property name="katalonVersion" value="7.0.5.1"/>
         <property name="browser" value="Chrome 78.0.3904.70"/>
         <property name="hostAddress" value="10.0.11.243"/>
         <property name="sessionId" value="f72f19c562a2ba073e552ed80e1fa5b1"/>
         <property name="seleniumVersion" value="3.141.59"/>
         <property name="proxyInformation" value="ProxyInformation{proxyOption=NO_PROXY, proxyServerType=HTTP, password=, proxyServerAddress=, proxyServerPort=0}"/>
         <property name="platform" value="Windows 10"/>
      </properties>
      <testcase name="Test Cases/Members_Area/Callback_Requests" time="149.212" classname="Test Cases/Members_Area/Callback_Requests" status="FAILED">
         <failure type="FAILED" message="Test Cases/Members_Area/Callback_Requests FAILED.
Reason:
com.kms.katalon.core.exception.StepFailedException: Unable to call Test Case 'Test Cases/Reusable_Test_Sequences/Members_Area/Validation/Callback_Requests_Sub/Callback_Requests_Notes' (Root cause: com.kms.katalon.core.exception.StepFailedException: Call Test Case 'Test Cases/Reusable_Test_Sequences/Members_Area/Validation/Callback_Requests_Sub/Callback_Requests_Notes' failed
	at com.kms.katalon.core.keyword.builtin.CallTestCaseKeyword$_callTestCase_closure1.doCall(CallTestCaseKeyword.groovy:63)
	at com.kms.katalon.core.keyword.builtin.CallTestCaseKeyword$_callTestCase_closure1.call(CallTestCaseKeyword.groovy)
	at com.kms.katalon.core.keyword.internal.KeywordMain.runKeyword(KeywordMain.groovy:68)
	at com.kms.katalon.core.keyword.builtin.CallTestCaseKeyword.callTestCase(CallTestCaseKeyword.groovy:81)
	at com.kms.katalon.core.keyword.builtin.CallTestCaseKeyword.execute(CallTestCaseKeyword.groovy:44)
	at com.kms.katalon.core.keyword.internal.KeywordExecutor.executeKeywordForPlatform(KeywordExecutor.groovy:60)
	at com.kms.katalon.core.keyword.BuiltinKeywords.callTestCase(BuiltinKeywords.groovy:334)
	at Callback_Requests.run(Callback_Requests:77)
	at com.kms.katalon.core.main.ScriptEngine.run(ScriptEngine.java:194)
	at com.kms.katalon.core.main.ScriptEngine.runScriptAsRawText(ScriptEngine.java:119)
	at com.kms.katalon.core.main.TestCaseExecutor.runScript(TestCaseExecutor.java:337)
	at com.kms.katalon.core.main.TestCaseExecutor.doExecute(TestCaseExecutor.java:328)
	at com.kms.katalon.core.main.TestCaseExecutor.processExecutionPhase(TestCaseExecutor.java:307)
	at com.kms.katalon.core.main.TestCaseExecutor.accessMainPhase(TestCaseExecutor.java:299)
	at com.kms.katalon.core.main.TestCaseExecutor.execute(TestCaseExecutor.java:233)
	at com.kms.katalon.core.main.TestSuiteExecutor.accessTestCaseMainPhase(TestSuiteExecutor.java:169)
	at com.kms.katalon.core.main.TestSuiteExecutor.accessTestSuiteMainPhase(TestSuiteExecutor.java:142)
	at com.kms.katalon.core.main.TestSuiteExecutor.execute(TestSuiteExecutor.java:91)
	at com.kms.katalon.core.main.TestCaseMain.startTestSuite(TestCaseMain.java:157)
	at com.kms.katalon.core.main.TestCaseMain$startTestSuite$0.call(Unknown Source)
	at TempTestSuite1572536118851.run(TempTestSuite1572536118851.groovy:36)
Caused by: com.kms.katalon.core.exception.StepFailedException: Unable to click on object 'Object Repository/Page_Members Area/Page_Members Area/a_AddEdit note' (Root cause: com.kms.katalon.core.exception.StepFailedException: Unable to click on object 'Object Repository/Page_Members Area/Page_Members Area/a_AddEdit note'
	at com.kms.katalon.core.webui.keyword.internal.WebUIKeywordMain.stepFailed(WebUIKeywordMain.groovy:64)
	at com.kms.katalon.core.webui.keyword.internal.WebUIKeywordMain.runKeyword(WebUIKeywordMain.groovy:26)
	at com.kms.katalon.core.webui.keyword.builtin.ClickKeyword.click(ClickKeyword.groovy:79)
	at com.kms.katalon.core.webui.keyword.builtin.ClickKeyword.execute(ClickKeyword.groovy:42)
	at com.kms.katalon.core.keyword.internal.KeywordExecutor.executeKeywordForPlatform(KeywordExecutor.groovy:60)
	at com.kms.katalon.core.webui.keyword.WebUiBuiltInKeywords.click(WebUiBuiltInKeywords.groovy:616)
	at com.kms.katalon.core.webui.keyword.WebUiBuiltInKeywords$click$4.call(Unknown Source)
	at Callback_Requests_Notes.run(Callback_Requests_Notes:78)
	at com.kms.katalon.core.main.ScriptEngine.run(ScriptEngine.java:194)
	at com.kms.katalon.core.main.ScriptEngine.runScriptAsRawText(ScriptEngine.java:119)
	at com.kms.katalon.core.main.TestCaseExecutor.runScript(TestCaseExecutor.java:337)
	at com.kms.katalon.core.main.TestCaseExecutor.doExecute(TestCaseExecutor.java:328)
	at com.kms.katalon.core.main.TestCaseExecutor.processExecutionPhase(TestCaseExecutor.java:307)
	at com.kms.katalon.core.main.TestCaseExecutor.accessMainPhase(TestCaseExecutor.java:299)
	at com.kms.katalon.core.main.TestCaseExecutor.execute(TestCaseExecutor.java:233)
	at com.kms.katalon.core.main.TestCaseMain.runTestCase(TestCaseMain.java:114)
	at com.kms.katalon.core.keyword.builtin.CallTestCaseKeyword$_callTestCase_closure1.doCall(CallTestCaseKeyword.groovy:59)
	at com.kms.katalon.core.keyword.builtin.CallTestCaseKeyword$_callTestCase_closure1.call(CallTestCaseKeyword.groovy)
	at com.kms.katalon.core.keyword.internal.KeywordMain.runKeyword(KeywordMain.groovy:68)
	at com.kms.katalon.core.keyword.builtin.CallTestCaseKeyword.callTestCase(CallTestCaseKeyword.groovy:81)
	at com.kms.katalon.core.keyword.builtin.CallTestCaseKeyword.execute(CallTestCaseKeyword.groovy:44)
	at com.kms.katalon.core.keyword.internal.KeywordExecutor.executeKeywordForPlatform(KeywordExecutor.groovy:60)
	at com.kms.katalon.core.keyword.BuiltinKeywords.callTestCase(BuiltinKeywords.groovy:334)
	at Callback_Requests.run(Callback_Requests:77)
	at com.kms.katalon.core.main.ScriptEngine.run(ScriptEngine.java:194)
	at com.kms.katalon.core.main.ScriptEngine.runScriptAsRawText(ScriptEngine.java:119)
	at com.kms.katalon.core.main.TestCaseExecutor.runScript(TestCaseExecutor.java:337)
	at com.kms.katalon.core.main.TestCaseExecutor.doExecute(TestCaseExecutor.java:328)
	at com.kms.katalon.core.main.TestCaseExecutor.processExecutionPhase(TestCaseExecutor.java:307)
	at com.kms.katalon.core.main.TestCaseExecutor.accessMainPhase(TestCaseExecutor.java:299)
	at com.kms.katalon.core.main.TestCaseExecutor.execute(TestCaseExecutor.java:233)
	at com.kms.katalon.core.main.TestSuiteExecutor.accessTestCaseMainPhase(TestSuiteExecutor.java:169)
	at com.kms.katalon.core.main.TestSuiteExecutor.accessTestSuiteMainPhase(TestSuiteExecutor.java:142)
	at com.kms.katalon.core.main.TestSuiteExecutor.execute(TestSuiteExecutor.java:91)
	at com.kms.katalon.core.main.TestCaseMain.startTestSuite(TestCaseMain.java:157)
	at com.kms.katalon.core.main.TestCaseMain$startTestSuite$0.call(Unknown Source)
	at TempTestSuite1572536118851.run(TempTestSuite1572536118851.groovy:36)
Caused by: org.openqa.selenium.TimeoutException: Expected condition failed: waiting for element to be clickable: [[CChromeDriver: chrome on XP (f72f19c562a2ba073e552ed80e1fa5b1)] -> xpath: //*[@id = 'btnNote_285821' and (text() = ' Add/Edit note ' or . = ' Add/Edit note ')]] (tried for 30 second(s) with 500 milliseconds interval)
Build info: version: '3.141.59', revision: 'e82be7d358', time: '2018-11-14T08:25:53'
System info: host: 'VETTEDSP36RF', ip: '10.0.11.243', os.name: 'Windows 10', os.arch: 'x86', os.version: '10.0', java.version: '1.8.0_181'
Driver info: com.kms.katalon.core.webui.driver.SmartWaitWebDriver
Capabilities {acceptInsecureCerts: false, browserName: chrome, browserVersion: 78.0.3904.70, chrome: {chromedriverVersion: 77.0.3865.40 (f484704e052e0..., userDataDir: C:\Users\davidho\AppData\Lo...}, goog:chromeOptions: {debuggerAddress: localhost:55294}, javascriptEnabled: true, networkConnectionEnabled: false, pageLoadStrategy: normal, platform: XP, platformName: XP, proxy: Proxy(), setWindowRect: true, strictFileInteractability: false, timeouts: {implicit: 0, pageLoad: 300000, script: 30000}, unhandledPromptBehavior: dismiss and notify}
Session ID: f72f19c562a2ba073e552ed80e1fa5b1
	at org.openqa.selenium.support.ui.WebDriverWait.timeoutException(WebDriverWait.java:95)
	at org.openqa.selenium.support.ui.FluentWait.until(FluentWait.java:272)
	at com.kms.katalon.core.webui.keyword.builtin.ClickKeyword$_click_closure1.doCall(ClickKeyword.groovy:56)
	at com.kms.katalon.core.webui.keyword.builtin.ClickKeyword$_click_closure1.call(ClickKeyword.groovy)
	at com.kms.katalon.core.webui.keyword.internal.WebUIKeywordMain.runKeyword(WebUIKeywordMain.groovy:20)
	at com.kms.katalon.core.webui.keyword.builtin.ClickKeyword.click(ClickKeyword.groovy:79)
	at com.kms.katalon.core.webui.keyword.builtin.ClickKeyword.execute(ClickKeyword.groovy:42)
	at com.kms.katalon.core.keyword.internal.KeywordExecutor.executeKeywordForPlatform(KeywordExecutor.groovy:60)
	at com.kms.katalon.core.webui.keyword.WebUiBuiltInKeywords.click(WebUiBuiltInKeywords.groovy:616)
	at com.kms.katalon.core.webui.keyword.WebUiBuiltInKeywords$click$4.call(Unknown Source)
	at Script1570028604947.run(Script1570028604947.groovy:78)
	at com.kms.katalon.core.main.ScriptEngine.run(ScriptEngine.java:194)
	at com.kms.katalon.core.main.ScriptEngine.runScriptAsRawText(ScriptEngine.java:119)
	at com.kms.katalon.core.main.TestCaseExecutor.runScript(TestCaseExecutor.java:337)
	at com.kms.katalon.core.main.TestCaseExecutor.doExecute(TestCaseExecutor.java:328)
	at com.kms.katalon.core.main.TestCaseExecutor.processExecutionPhase(TestCaseExecutor.java:307)
	at com.kms.katalon.core.main.TestCaseExecutor.accessMainPhase(TestCaseExecutor.java:299)
	at com.kms.katalon.core.main.TestCaseExecutor.execute(TestCaseExecutor.java:233)
	at com.kms.katalon.core.main.TestCaseMain.runTestCase(TestCaseMain.java:114)
	at com.kms.katalon.core.keyword.builtin.CallTestCaseKeyword$_callTestCase_closure1.doCall(CallTestCaseKeyword.groovy:59)
	at com.kms.katalon.core.keyword.builtin.CallTestCaseKeyword$_callTestCase_closure1.call(CallTestCaseKeyword.groovy)
	at com.kms.katalon.core.keyword.internal.KeywordMain.runKeyword(KeywordMain.groovy:68)
	at com.kms.katalon.core.keyword.builtin.CallTestCaseKeyword.callTestCase(CallTestCaseKeyword.groovy:81)
	at com.kms.katalon.core.keyword.builtin.CallTestCaseKeyword.execute(CallTestCaseKeyword.groovy:44)
	at com.kms.katalon.core.keyword.internal.KeywordExecutor.executeKeywordForPlatform(KeywordExecutor.groovy:60)
	at com.kms.katalon.core.keyword.BuiltinKeywords.callTestCase(BuiltinKeywords.groovy:334)
	at Script1569933857280.run(Script1569933857280.groovy:77)
	... 13 more
)
	at com.kms.katalon.core.keyword.internal.KeywordMain.stepFailed(KeywordMain.groovy:39)
	at com.kms.katalon.core.webui.keyword.internal.WebUIKeywordMain.stepFailed(WebUIKeywordMain.groovy:64)
	at com.kms.katalon.core.webui.keyword.internal.WebUIKeywordMain.runKeyword(WebUIKeywordMain.groovy:26)
	at com.kms.katalon.core.webui.keyword.builtin.ClickKeyword.click(ClickKeyword.groovy:79)
	at com.kms.katalon.core.webui.keyword.builtin.ClickKeyword.execute(ClickKeyword.groovy:42)
	at com.kms.katalon.core.keyword.internal.KeywordExecutor.executeKeywordForPlatform(KeywordExecutor.groovy:60)
	at com.kms.katalon.core.webui.keyword.WebUiBuiltInKeywords.click(WebUiBuiltInKeywords.groovy:616)
	at com.kms.katalon.core.webui.keyword.WebUiBuiltInKeywords$click$4.call(Unknown Source)
	at Callback_Requests_Notes.run(Callback_Requests_Notes:78)
	at com.kms.katalon.core.main.ScriptEngine.run(ScriptEngine.java:194)
	at com.kms.katalon.core.main.ScriptEngine.runScriptAsRawText(ScriptEngine.java:119)
	at com.kms.katalon.core.main.TestCaseExecutor.runScript(TestCaseExecutor.java:337)
	at com.kms.katalon.core.main.TestCaseExecutor.doExecute(TestCaseExecutor.java:328)
	at com.kms.katalon.core.main.TestCaseExecutor.processExecutionPhase(TestCaseExecutor.java:307)
	at com.kms.katalon.core.main.TestCaseExecutor.accessMainPhase(TestCaseExecutor.java:299)
	at com.kms.katalon.core.main.TestCaseExecutor.execute(TestCaseExecutor.java:233)
	at com.kms.katalon.core.main.TestCaseMain.runTestCase(TestCaseMain.java:114)
	at com.kms.katalon.core.keyword.builtin.CallTestCaseKeyword$_callTestCase_closure1.doCall(CallTestCaseKeyword.groovy:59)
	... 20 more
Caused by: com.kms.katalon.core.exception.StepFailedException: Unable to click on object 'Object Repository/Page_Members Area/Page_Members Area/a_AddEdit note'
	... 37 more
Caused by: org.openqa.selenium.TimeoutException: Expected condition failed: waiting for element to be clickable: [[CChromeDriver: chrome on XP (f72f19c562a2ba073e552ed80e1fa5b1)] -> xpath: //*[@id = 'btnNote_285821' and (text() = ' Add/Edit note ' or . = ' Add/Edit note ')]] (tried for 30 second(s) with 500 milliseconds interval)
Build info: version: '3.141.59', revision: 'e82be7d358', time: '2018-11-14T08:25:53'
System info: host: 'VETTEDSP36RF', ip: '10.0.11.243', os.name: 'Windows 10', os.arch: 'x86', os.version: '10.0', java.version: '1.8.0_181'
Driver info: com.kms.katalon.core.webui.driver.SmartWaitWebDriver
Capabilities {acceptInsecureCerts: false, browserName: chrome, browserVersion: 78.0.3904.70, chrome: {chromedriverVersion: 77.0.3865.40 (f484704e052e0..., userDataDir: C:\Users\davidho\AppData\Lo...}, goog:chromeOptions: {debuggerAddress: localhost:55294}, javascriptEnabled: true, networkConnectionEnabled: false, pageLoadStrategy: normal, platform: XP, platformName: XP, proxy: Proxy(), setWindowRect: true, strictFileInteractability: false, timeouts: {implicit: 0, pageLoad: 300000, script: 30000}, unhandledPromptBehavior: dismiss and notify}
Session ID: f72f19c562a2ba073e552ed80e1fa5b1
	at org.openqa.selenium.support.ui.WebDriverWait.timeoutException(WebDriverWait.java:95)
	at org.openqa.selenium.support.ui.FluentWait.until(FluentWait.java:272)
	at com.kms.katalon.core.webui.keyword.builtin.ClickKeyword$_click_closure1.doCall(ClickKeyword.groovy:56)
	at com.kms.katalon.core.webui.keyword.builtin.ClickKeyword$_click_closure1.call(ClickKeyword.groovy)
	at com.kms.katalon.core.webui.keyword.internal.WebUIKeywordMain.runKeyword(WebUIKeywordMain.groovy:20)
	... 35 more
)
	at com.kms.katalon.core.keyword.internal.KeywordMain.stepFailed(KeywordMain.groovy:39)
	at com.kms.katalon.core.keyword.internal.KeywordMain.stepFailed(KeywordMain.groovy)
	at com.kms.katalon.core.keyword.internal.KeywordMain.runKeyword(KeywordMain.groovy:70)
	at com.kms.katalon.core.keyword.builtin.CallTestCaseKeyword.callTestCase(CallTestCaseKeyword.groovy:81)
	at com.kms.katalon.core.keyword.builtin.CallTestCaseKeyword.execute(CallTestCaseKeyword.groovy:44)
	at com.kms.katalon.core.keyword.internal.KeywordExecutor.executeKeywordForPlatform(KeywordExecutor.groovy:60)
	at com.kms.katalon.core.keyword.BuiltinKeywords.callTestCase(BuiltinKeywords.groovy:334)
	at Callback_Requests.run(Callback_Requests:77)
	at com.kms.katalon.core.main.ScriptEngine.run(ScriptEngine.java:194)
	at com.kms.katalon.core.main.ScriptEngine.runScriptAsRawText(ScriptEngine.java:119)
	at com.kms.katalon.core.main.TestCaseExecutor.runScript(TestCaseExecutor.java:337)
	at com.kms.katalon.core.main.TestCaseExecutor.doExecute(TestCaseExecutor.java:328)
	at com.kms.katalon.core.main.TestCaseExecutor.processExecutionPhase(TestCaseExecutor.java:307)
	at com.kms.katalon.core.main.TestCaseExecutor.accessMainPhase(TestCaseExecutor.java:299)
	at com.kms.katalon.core.main.TestCaseExecutor.execute(TestCaseExecutor.java:233)
	at com.kms.katalon.core.main.TestSuiteExecutor.accessTestCaseMainPhase(TestSuiteExecutor.java:169)
	at com.kms.katalon.core.main.TestSuiteExecutor.accessTestSuiteMainPhase(TestSuiteExecutor.java:142)
	at com.kms.katalon.core.main.TestSuiteExecutor.execute(TestSuiteExecutor.java:91)
	at com.kms.katalon.core.main.TestCaseMain.startTestSuite(TestCaseMain.java:157)
	at com.kms.katalon.core.main.TestCaseMain$startTestSuite$0.call(Unknown Source)
	at TempTestSuite1572536118851.run(TempTestSuite1572536118851.groovy:36)
Caused by: com.kms.katalon.core.exception.StepFailedException: Call Test Case 'Test Cases/Reusable_Test_Sequences/Members_Area/Validation/Callback_Requests_Sub/Callback_Requests_Notes' failed
	at com.kms.katalon.core.keyword.builtin.CallTestCaseKeyword$_callTestCase_closure1.doCall(CallTestCaseKeyword.groovy:63)
	at com.kms.katalon.core.keyword.builtin.CallTestCaseKeyword$_callTestCase_closure1.call(CallTestCaseKeyword.groovy)
	at com.kms.katalon.core.keyword.internal.KeywordMain.runKeyword(KeywordMain.groovy:68)
	... 18 more
Caused by: com.kms.katalon.core.exception.StepFailedException: Unable to click on object 'Object Repository/Page_Members Area/Page_Members Area/a_AddEdit note' (Root cause: com.kms.katalon.core.exception.StepFailedException: Unable to click on object 'Object Repository/Page_Members Area/Page_Members Area/a_AddEdit note'
	at com.kms.katalon.core.webui.keyword.internal.WebUIKeywordMain.stepFailed(WebUIKeywordMain.groovy:64)
	at com.kms.katalon.core.webui.keyword.internal.WebUIKeywordMain.runKeyword(WebUIKeywordMain.groovy:26)
	at com.kms.katalon.core.webui.keyword.builtin.ClickKeyword.click(ClickKeyword.groovy:79)
	at com.kms.katalon.core.webui.keyword.builtin.ClickKeyword.execute(ClickKeyword.groovy:42)
	at com.kms.katalon.core.keyword.internal.KeywordExecutor.executeKeywordForPlatform(KeywordExecutor.groovy:60)
	at com.kms.katalon.core.webui.keyword.WebUiBuiltInKeywords.click(WebUiBuiltInKeywords.groovy:616)
	at com.kms.katalon.core.webui.keyword.WebUiBuiltInKeywords$click$4.call(Unknown Source)
	at Callback_Requests_Notes.run(Callback_Requests_Notes:78)
	at com.kms.katalon.core.main.ScriptEngine.run(ScriptEngine.java:194)
	at com.kms.katalon.core.main.ScriptEngine.runScriptAsRawText(ScriptEngine.java:119)
	at com.kms.katalon.core.main.TestCaseExecutor.runScript(TestCaseExecutor.java:337)
	at com.kms.katalon.core.main.TestCaseExecutor.doExecute(TestCaseExecutor.java:328)
	at com.kms.katalon.core.main.TestCaseExecutor.processExecutionPhase(TestCaseExecutor.java:307)
	at com.kms.katalon.core.main.TestCaseExecutor.accessMainPhase(TestCaseExecutor.java:299)
	at com.kms.katalon.core.main.TestCaseExecutor.execute(TestCaseExecutor.java:233)
	at com.kms.katalon.core.main.TestCaseMain.runTestCase(TestCaseMain.java:114)
	at com.kms.katalon.core.keyword.builtin.CallTestCaseKeyword$_callTestCase_closure1.doCall(CallTestCaseKeyword.groovy:59)
	at com.kms.katalon.core.keyword.builtin.CallTestCaseKeyword$_callTestCase_closure1.call(CallTestCaseKeyword.groovy)
	at com.kms.katalon.core.keyword.internal.KeywordMain.runKeyword(KeywordMain.groovy:68)
	at com.kms.katalon.core.keyword.builtin.CallTestCaseKeyword.callTestCase(CallTestCaseKeyword.groovy:81)
	at com.kms.katalon.core.keyword.builtin.CallTestCaseKeyword.execute(CallTestCaseKeyword.groovy:44)
	at com.kms.katalon.core.keyword.internal.KeywordExecutor.executeKeywordForPlatform(KeywordExecutor.groovy:60)
	at com.kms.katalon.core.keyword.BuiltinKeywords.callTestCase(BuiltinKeywords.groovy:334)
	at Callback_Requests.run(Callback_Requests:77)
	at com.kms.katalon.core.main.ScriptEngine.run(ScriptEngine.java:194)
	at com.kms.katalon.core.main.ScriptEngine.runScriptAsRawText(ScriptEngine.java:119)
	at com.kms.katalon.core.main.TestCaseExecutor.runScript(TestCaseExecutor.java:337)
	at com.kms.katalon.core.main.TestCaseExecutor.doExecute(TestCaseExecutor.java:328)
	at com.kms.katalon.core.main.TestCaseExecutor.processExecutionPhase(TestCaseExecutor.java:307)
	at com.kms.katalon.core.main.TestCaseExecutor.accessMainPhase(TestCaseExecutor.java:299)
	at com.kms.katalon.core.main.TestCaseExecutor.execute(TestCaseExecutor.java:233)
	at com.kms.katalon.core.main.TestSuiteExecutor.accessTestCaseMainPhase(TestSuiteExecutor.java:169)
	at com.kms.katalon.core.main.TestSuiteExecutor.accessTestSuiteMainPhase(TestSuiteExecutor.java:142)
	at com.kms.katalon.core.main.TestSuiteExecutor.execute(TestSuiteExecutor.java:91)
	at com.kms.katalon.core.main.TestCaseMain.startTestSuite(TestCaseMain.java:157)
	at com.kms.katalon.core.main.TestCaseMain$startTestSuite$0.call(Unknown Source)
	at TempTestSuite1572536118851.run(TempTestSuite1572536118851.groovy:36)
Caused by: org.openqa.selenium.TimeoutException: Expected condition failed: waiting for element to be clickable: [[CChromeDriver: chrome on XP (f72f19c562a2ba073e552ed80e1fa5b1)] -> xpath: //*[@id = 'btnNote_285821' and (text() = ' Add/Edit note ' or . = ' Add/Edit note ')]] (tried for 30 second(s) with 500 milliseconds interval)
Build info: version: '3.141.59', revision: 'e82be7d358', time: '2018-11-14T08:25:53'
System info: host: 'VETTEDSP36RF', ip: '10.0.11.243', os.name: 'Windows 10', os.arch: 'x86', os.version: '10.0', java.version: '1.8.0_181'
Driver info: com.kms.katalon.core.webui.driver.SmartWaitWebDriver
Capabilities {acceptInsecureCerts: false, browserName: chrome, browserVersion: 78.0.3904.70, chrome: {chromedriverVersion: 77.0.3865.40 (f484704e052e0..., userDataDir: C:\Users\davidho\AppData\Lo...}, goog:chromeOptions: {debuggerAddress: localhost:55294}, javascriptEnabled: true, networkConnectionEnabled: false, pageLoadStrategy: normal, platform: XP, platformName: XP, proxy: Proxy(), setWindowRect: true, strictFileInteractability: false, timeouts: {implicit: 0, pageLoad: 300000, script: 30000}, unhandledPromptBehavior: dismiss and notify}
Session ID: f72f19c562a2ba073e552ed80e1fa5b1
	at org.openqa.selenium.support.ui.WebDriverWait.timeoutException(WebDriverWait.java:95)
	at org.openqa.selenium.support.ui.FluentWait.until(FluentWait.java:272)
	at com.kms.katalon.core.webui.keyword.builtin.ClickKeyword$_click_closure1.doCall(ClickKeyword.groovy:56)
	at com.kms.katalon.core.webui.keyword.builtin.ClickKeyword$_click_closure1.call(ClickKeyword.groovy)
	at com.kms.katalon.core.webui.keyword.internal.WebUIKeywordMain.runKeyword(WebUIKeywordMain.groovy:20)
	at com.kms.katalon.core.webui.keyword.builtin.ClickKeyword.click(ClickKeyword.groovy:79)
	at com.kms.katalon.core.webui.keyword.builtin.ClickKeyword.execute(ClickKeyword.groovy:42)
	at com.kms.katalon.core.keyword.internal.KeywordExecutor.executeKeywordForPlatform(KeywordExecutor.groovy:60)
	at com.kms.katalon.core.webui.keyword.WebUiBuiltInKeywords.click(WebUiBuiltInKeywords.groovy:616)
	at com.kms.katalon.core.webui.keyword.WebUiBuiltInKeywords$click$4.call(Unknown Source)
	at Script1570028604947.run(Script1570028604947.groovy:78)
	at com.kms.katalon.core.main.ScriptEngine.run(ScriptEngine.java:194)
	at com.kms.katalon.core.main.ScriptEngine.runScriptAsRawText(ScriptEngine.java:119)
	at com.kms.katalon.core.main.TestCaseExecutor.runScript(TestCaseExecutor.java:337)
	at com.kms.katalon.core.main.TestCaseExecutor.doExecute(TestCaseExecutor.java:328)
	at com.kms.katalon.core.main.TestCaseExecutor.processExecutionPhase(TestCaseExecutor.java:307)
	at com.kms.katalon.core.main.TestCaseExecutor.accessMainPhase(TestCaseExecutor.java:299)
	at com.kms.katalon.core.main.TestCaseExecutor.execute(TestCaseExecutor.java:233)
	at com.kms.katalon.core.main.TestCaseMain.runTestCase(TestCaseMain.java:114)
	at com.kms.katalon.core.keyword.builtin.CallTestCaseKeyword$_callTestCase_closure1.doCall(CallTestCaseKeyword.groovy:59)
	at com.kms.katalon.core.keyword.builtin.CallTestCaseKeyword$_callTestCase_closure1.call(CallTestCaseKeyword.groovy)
	at com.kms.katalon.core.keyword.internal.KeywordMain.runKeyword(KeywordMain.groovy:68)
	at com.kms.katalon.core.keyword.builtin.CallTestCaseKeyword.callTestCase(CallTestCaseKeyword.groovy:81)
	at com.kms.katalon.core.keyword.builtin.CallTestCaseKeyword.execute(CallTestCaseKeyword.groovy:44)
	at com.kms.katalon.core.keyword.internal.KeywordExecutor.executeKeywordForPlatform(KeywordExecutor.groovy:60)
	at com.kms.katalon.core.keyword.BuiltinKeywords.callTestCase(BuiltinKeywords.groovy:334)
	at Script1569933857280.run(Script1569933857280.groovy:77)
	... 13 more
)
	at com.kms.katalon.core.keyword.internal.KeywordMain.stepFailed(KeywordMain.groovy:39)
	at com.kms.katalon.core.webui.keyword.internal.WebUIKeywordMain.stepFailed(WebUIKeywordMain.groovy:64)
	at com.kms.katalon.core.webui.keyword.internal.WebUIKeywordMain.runKeyword(WebUIKeywordMain.groovy:26)
	at com.kms.katalon.core.webui.keyword.builtin.ClickKeyword.click(ClickKeyword.groovy:79)
	at com.kms.katalon.core.webui.keyword.builtin.ClickKeyword.execute(ClickKeyword.groovy:42)
	at com.kms.katalon.core.keyword.internal.KeywordExecutor.executeKeywordForPlatform(KeywordExecutor.groovy:60)
	at com.kms.katalon.core.webui.keyword.WebUiBuiltInKeywords.click(WebUiBuiltInKeywords.groovy:616)
	at com.kms.katalon.core.webui.keyword.WebUiBuiltInKeywords$click$4.call(Unknown Source)
	at Callback_Requests_Notes.run(Callback_Requests_Notes:78)
	at com.kms.katalon.core.main.ScriptEngine.run(ScriptEngine.java:194)
	at com.kms.katalon.core.main.ScriptEngine.runScriptAsRawText(ScriptEngine.java:119)
	at com.kms.katalon.core.main.TestCaseExecutor.runScript(TestCaseExecutor.java:337)
	at com.kms.katalon.core.main.TestCaseExecutor.doExecute(TestCaseExecutor.java:328)
	at com.kms.katalon.core.main.TestCaseExecutor.processExecutionPhase(TestCaseExecutor.java:307)
	at com.kms.katalon.core.main.TestCaseExecutor.accessMainPhase(TestCaseExecutor.java:299)
	at com.kms.katalon.core.main.TestCaseExecutor.execute(TestCaseExecutor.java:233)
	at com.kms.katalon.core.main.TestCaseMain.runTestCase(TestCaseMain.java:114)
	at com.kms.katalon.core.keyword.builtin.CallTestCaseKeyword$_callTestCase_closure1.doCall(CallTestCaseKeyword.groovy:59)
	... 20 more
Caused by: com.kms.katalon.core.exception.StepFailedException: Unable to click on object 'Object Repository/Page_Members Area/Page_Members Area/a_AddEdit note'
	... 37 more
Caused by: org.openqa.selenium.TimeoutException: Expected condition failed: waiting for element to be clickable: [[CChromeDriver: chrome on XP (f72f19c562a2ba073e552ed80e1fa5b1)] -> xpath: //*[@id = 'btnNote_285821' and (text() = ' Add/Edit note ' or . = ' Add/Edit note ')]] (tried for 30 second(s) with 500 milliseconds interval)
Build info: version: '3.141.59', revision: 'e82be7d358', time: '2018-11-14T08:25:53'
System info: host: 'VETTEDSP36RF', ip: '10.0.11.243', os.name: 'Windows 10', os.arch: 'x86', os.version: '10.0', java.version: '1.8.0_181'
Driver info: com.kms.katalon.core.webui.driver.SmartWaitWebDriver
Capabilities {acceptInsecureCerts: false, browserName: chrome, browserVersion: 78.0.3904.70, chrome: {chromedriverVersion: 77.0.3865.40 (f484704e052e0..., userDataDir: C:\Users\davidho\AppData\Lo...}, goog:chromeOptions: {debuggerAddress: localhost:55294}, javascriptEnabled: true, networkConnectionEnabled: false, pageLoadStrategy: normal, platform: XP, platformName: XP, proxy: Proxy(), setWindowRect: true, strictFileInteractability: false, timeouts: {implicit: 0, pageLoad: 300000, script: 30000}, unhandledPromptBehavior: dismiss and notify}
Session ID: f72f19c562a2ba073e552ed80e1fa5b1
	at org.openqa.selenium.support.ui.WebDriverWait.timeoutException(WebDriverWait.java:95)
	at org.openqa.selenium.support.ui.FluentWait.until(FluentWait.java:272)
	at com.kms.katalon.core.webui.keyword.builtin.ClickKeyword$_click_closure1.doCall(ClickKeyword.groovy:56)
	at com.kms.katalon.core.webui.keyword.builtin.ClickKeyword$_click_closure1.call(ClickKeyword.groovy)
	at com.kms.katalon.core.webui.keyword.internal.WebUIKeywordMain.runKeyword(WebUIKeywordMain.groovy:20)
	... 35 more
"/>
         <system-out><![CDATA[2019-10-31 15:35:38 - [TEST_CASE][FAILED] - Test Cases/Members_Area/Callback_Requests: Test Cases/Members_Area/Callback_Requests FAILED.
Reason:
com.kms.katalon.core.exception.StepFailedException: Unable to call Test Case 'Test Cases/Reusable_Test_Sequences/Members_Area/Validation/Callback_Requests_Sub/Callback_Requests_Notes' (Root cause: com.kms.katalon.core.exception.StepFailedException: Call Test Case 'Test Cases/Reusable_Test_Sequences/Members_Area/Validation/Callback_Requests_Sub/Callback_Requests_Notes' failed
	at com.kms.katalon.core.keyword.builtin.CallTestCaseKeyword$_callTestCase_closure1.doCall(CallTestCaseKeyword.groovy:63)
	at com.kms.katalon.core.keyword.builtin.CallTestCaseKeyword$_callTestCase_closure1.call(CallTestCaseKeyword.groovy)
	at com.kms.katalon.core.keyword.internal.KeywordMain.runKeyword(KeywordMain.groovy:68)
	at com.kms.katalon.core.keyword.builtin.CallTestCaseKeyword.callTestCase(CallTestCaseKeyword.groovy:81)
	at com.kms.katalon.core.keyword.builtin.CallTestCaseKeyword.execute(CallTestCaseKeyword.groovy:44)
	at com.kms.katalon.core.keyword.internal.KeywordExecutor.executeKeywordForPlatform(KeywordExecutor.groovy:60)
	at com.kms.katalon.core.keyword.BuiltinKeywords.callTestCase(BuiltinKeywords.groovy:334)
	at Callback_Requests.run(Callback_Requests:77)
	at com.kms.katalon.core.main.ScriptEngine.run(ScriptEngine.java:194)
	at com.kms.katalon.core.main.ScriptEngine.runScriptAsRawText(ScriptEngine.java:119)
	at com.kms.katalon.core.main.TestCaseExecutor.runScript(TestCaseExecutor.java:337)
	at com.kms.katalon.core.main.TestCaseExecutor.doExecute(TestCaseExecutor.java:328)
	at com.kms.katalon.core.main.TestCaseExecutor.processExecutionPhase(TestCaseExecutor.java:307)
	at com.kms.katalon.core.main.TestCaseExecutor.accessMainPhase(TestCaseExecutor.java:299)
	at com.kms.katalon.core.main.TestCaseExecutor.execute(TestCaseExecutor.java:233)
	at com.kms.katalon.core.main.TestSuiteExecutor.accessTestCaseMainPhase(TestSuiteExecutor.java:169)
	at com.kms.katalon.core.main.TestSuiteExecutor.accessTestSuiteMainPhase(TestSuiteExecutor.java:142)
	at com.kms.katalon.core.main.TestSuiteExecutor.execute(TestSuiteExecutor.java:91)
	at com.kms.katalon.core.main.TestCaseMain.startTestSuite(TestCaseMain.java:157)
	at com.kms.katalon.core.main.TestCaseMain$startTestSuite$0.call(Unknown Source)
	at TempTestSuite1572536118851.run(TempTestSuite1572536118851.groovy:36)
Caused by: com.kms.katalon.core.exception.StepFailedException: Unable to click on object 'Object Repository/Page_Members Area/Page_Members Area/a_AddEdit note' (Root cause: com.kms.katalon.core.exception.StepFailedException: Unable to click on object 'Object Repository/Page_Members Area/Page_Members Area/a_AddEdit note'
	at com.kms.katalon.core.webui.keyword.internal.WebUIKeywordMain.stepFailed(WebUIKeywordMain.groovy:64)
	at com.kms.katalon.core.webui.keyword.internal.WebUIKeywordMain.runKeyword(WebUIKeywordMain.groovy:26)
	at com.kms.katalon.core.webui.keyword.builtin.ClickKeyword.click(ClickKeyword.groovy:79)
	at com.kms.katalon.core.webui.keyword.builtin.ClickKeyword.execute(ClickKeyword.groovy:42)
	at com.kms.katalon.core.keyword.internal.KeywordExecutor.executeKeywordForPlatform(KeywordExecutor.groovy:60)
	at com.kms.katalon.core.webui.keyword.WebUiBuiltInKeywords.click(WebUiBuiltInKeywords.groovy:616)
	at com.kms.katalon.core.webui.keyword.WebUiBuiltInKeywords$click$4.call(Unknown Source)
	at Callback_Requests_Notes.run(Callback_Requests_Notes:78)
	at com.kms.katalon.core.main.ScriptEngine.run(ScriptEngine.java:194)
	at com.kms.katalon.core.main.ScriptEngine.runScriptAsRawText(ScriptEngine.java:119)
	at com.kms.katalon.core.main.TestCaseExecutor.runScript(TestCaseExecutor.java:337)
	at com.kms.katalon.core.main.TestCaseExecutor.doExecute(TestCaseExecutor.java:328)
	at com.kms.katalon.core.main.TestCaseExecutor.processExecutionPhase(TestCaseExecutor.java:307)
	at com.kms.katalon.core.main.TestCaseExecutor.accessMainPhase(TestCaseExecutor.java:299)
	at com.kms.katalon.core.main.TestCaseExecutor.execute(TestCaseExecutor.java:233)
	at com.kms.katalon.core.main.TestCaseMain.runTestCase(TestCaseMain.java:114)
	at com.kms.katalon.core.keyword.builtin.CallTestCaseKeyword$_callTestCase_closure1.doCall(CallTestCaseKeyword.groovy:59)
	at com.kms.katalon.core.keyword.builtin.CallTestCaseKeyword$_callTestCase_closure1.call(CallTestCaseKeyword.groovy)
	at com.kms.katalon.core.keyword.internal.KeywordMain.runKeyword(KeywordMain.groovy:68)
	at com.kms.katalon.core.keyword.builtin.CallTestCaseKeyword.callTestCase(CallTestCaseKeyword.groovy:81)
	at com.kms.katalon.core.keyword.builtin.CallTestCaseKeyword.execute(CallTestCaseKeyword.groovy:44)
	at com.kms.katalon.core.keyword.internal.KeywordExecutor.executeKeywordForPlatform(KeywordExecutor.groovy:60)
	at com.kms.katalon.core.keyword.BuiltinKeywords.callTestCase(BuiltinKeywords.groovy:334)
	at Callback_Requests.run(Callback_Requests:77)
	at com.kms.katalon.core.main.ScriptEngine.run(ScriptEngine.java:194)
	at com.kms.katalon.core.main.ScriptEngine.runScriptAsRawText(ScriptEngine.java:119)
	at com.kms.katalon.core.main.TestCaseExecutor.runScript(TestCaseExecutor.java:337)
	at com.kms.katalon.core.main.TestCaseExecutor.doExecute(TestCaseExecutor.java:328)
	at com.kms.katalon.core.main.TestCaseExecutor.processExecutionPhase(TestCaseExecutor.java:307)
	at com.kms.katalon.core.main.TestCaseExecutor.accessMainPhase(TestCaseExecutor.java:299)
	at com.kms.katalon.core.main.TestCaseExecutor.execute(TestCaseExecutor.java:233)
	at com.kms.katalon.core.main.TestSuiteExecutor.accessTestCaseMainPhase(TestSuiteExecutor.java:169)
	at com.kms.katalon.core.main.TestSuiteExecutor.accessTestSuiteMainPhase(TestSuiteExecutor.java:142)
	at com.kms.katalon.core.main.TestSuiteExecutor.execute(TestSuiteExecutor.java:91)
	at com.kms.katalon.core.main.TestCaseMain.startTestSuite(TestCaseMain.java:157)
	at com.kms.katalon.core.main.TestCaseMain$startTestSuite$0.call(Unknown Source)
	at TempTestSuite1572536118851.run(TempTestSuite1572536118851.groovy:36)
Caused by: org.openqa.selenium.TimeoutException: Expected condition failed: waiting for element to be clickable: [[CChromeDriver: chrome on XP (f72f19c562a2ba073e552ed80e1fa5b1)] -> xpath: //*[@id = 'btnNote_285821' and (text() = ' Add/Edit note ' or . = ' Add/Edit note ')]] (tried for 30 second(s) with 500 milliseconds interval)
Build info: version: '3.141.59', revision: 'e82be7d358', time: '2018-11-14T08:25:53'
System info: host: 'VETTEDSP36RF', ip: '10.0.11.243', os.name: 'Windows 10', os.arch: 'x86', os.version: '10.0', java.version: '1.8.0_181'
Driver info: com.kms.katalon.core.webui.driver.SmartWaitWebDriver
Capabilities {acceptInsecureCerts: false, browserName: chrome, browserVersion: 78.0.3904.70, chrome: {chromedriverVersion: 77.0.3865.40 (f484704e052e0..., userDataDir: C:\Users\davidho\AppData\Lo...}, goog:chromeOptions: {debuggerAddress: localhost:55294}, javascriptEnabled: true, networkConnectionEnabled: false, pageLoadStrategy: normal, platform: XP, platformName: XP, proxy: Proxy(), setWindowRect: true, strictFileInteractability: false, timeouts: {implicit: 0, pageLoad: 300000, script: 30000}, unhandledPromptBehavior: dismiss and notify}
Session ID: f72f19c562a2ba073e552ed80e1fa5b1
	at org.openqa.selenium.support.ui.WebDriverWait.timeoutException(WebDriverWait.java:95)
	at org.openqa.selenium.support.ui.FluentWait.until(FluentWait.java:272)
	at com.kms.katalon.core.webui.keyword.builtin.ClickKeyword$_click_closure1.doCall(ClickKeyword.groovy:56)
	at com.kms.katalon.core.webui.keyword.builtin.ClickKeyword$_click_closure1.call(ClickKeyword.groovy)
	at com.kms.katalon.core.webui.keyword.internal.WebUIKeywordMain.runKeyword(WebUIKeywordMain.groovy:20)
	at com.kms.katalon.core.webui.keyword.builtin.ClickKeyword.click(ClickKeyword.groovy:79)
	at com.kms.katalon.core.webui.keyword.builtin.ClickKeyword.execute(ClickKeyword.groovy:42)
	at com.kms.katalon.core.keyword.internal.KeywordExecutor.executeKeywordForPlatform(KeywordExecutor.groovy:60)
	at com.kms.katalon.core.webui.keyword.WebUiBuiltInKeywords.click(WebUiBuiltInKeywords.groovy:616)
	at com.kms.katalon.core.webui.keyword.WebUiBuiltInKeywords$click$4.call(Unknown Source)
	at Script1570028604947.run(Script1570028604947.groovy:78)
	at com.kms.katalon.core.main.ScriptEngine.run(ScriptEngine.java:194)
	at com.kms.katalon.core.main.ScriptEngine.runScriptAsRawText(ScriptEngine.java:119)
	at com.kms.katalon.core.main.TestCaseExecutor.runScript(TestCaseExecutor.java:337)
	at com.kms.katalon.core.main.TestCaseExecutor.doExecute(TestCaseExecutor.java:328)
	at com.kms.katalon.core.main.TestCaseExecutor.processExecutionPhase(TestCaseExecutor.java:307)
	at com.kms.katalon.core.main.TestCaseExecutor.accessMainPhase(TestCaseExecutor.java:299)
	at com.kms.katalon.core.main.TestCaseExecutor.execute(TestCaseExecutor.java:233)
	at com.kms.katalon.core.main.TestCaseMain.runTestCase(TestCaseMain.java:114)
	at com.kms.katalon.core.keyword.builtin.CallTestCaseKeyword$_callTestCase_closure1.doCall(CallTestCaseKeyword.groovy:59)
	at com.kms.katalon.core.keyword.builtin.CallTestCaseKeyword$_callTestCase_closure1.call(CallTestCaseKeyword.groovy)
	at com.kms.katalon.core.keyword.internal.KeywordMain.runKeyword(KeywordMain.groovy:68)
	at com.kms.katalon.core.keyword.builtin.CallTestCaseKeyword.callTestCase(CallTestCaseKeyword.groovy:81)
	at com.kms.katalon.core.keyword.builtin.CallTestCaseKeyword.execute(CallTestCaseKeyword.groovy:44)
	at com.kms.katalon.core.keyword.internal.KeywordExecutor.executeKeywordForPlatform(KeywordExecutor.groovy:60)
	at com.kms.katalon.core.keyword.BuiltinKeywords.callTestCase(BuiltinKeywords.groovy:334)
	at Script1569933857280.run(Script1569933857280.groovy:77)
	... 13 more
)
	at com.kms.katalon.core.keyword.internal.KeywordMain.stepFailed(KeywordMain.groovy:39)
	at com.kms.katalon.core.webui.keyword.internal.WebUIKeywordMain.stepFailed(WebUIKeywordMain.groovy:64)
	at com.kms.katalon.core.webui.keyword.internal.WebUIKeywordMain.runKeyword(WebUIKeywordMain.groovy:26)
	at com.kms.katalon.core.webui.keyword.builtin.ClickKeyword.click(ClickKeyword.groovy:79)
	at com.kms.katalon.core.webui.keyword.builtin.ClickKeyword.execute(ClickKeyword.groovy:42)
	at com.kms.katalon.core.keyword.internal.KeywordExecutor.executeKeywordForPlatform(KeywordExecutor.groovy:60)
	at com.kms.katalon.core.webui.keyword.WebUiBuiltInKeywords.click(WebUiBuiltInKeywords.groovy:616)
	at com.kms.katalon.core.webui.keyword.WebUiBuiltInKeywords$click$4.call(Unknown Source)
	at Callback_Requests_Notes.run(Callback_Requests_Notes:78)
	at com.kms.katalon.core.main.ScriptEngine.run(ScriptEngine.java:194)
	at com.kms.katalon.core.main.ScriptEngine.runScriptAsRawText(ScriptEngine.java:119)
	at com.kms.katalon.core.main.TestCaseExecutor.runScript(TestCaseExecutor.java:337)
	at com.kms.katalon.core.main.TestCaseExecutor.doExecute(TestCaseExecutor.java:328)
	at com.kms.katalon.core.main.TestCaseExecutor.processExecutionPhase(TestCaseExecutor.java:307)
	at com.kms.katalon.core.main.TestCaseExecutor.accessMainPhase(TestCaseExecutor.java:299)
	at com.kms.katalon.core.main.TestCaseExecutor.execute(TestCaseExecutor.java:233)
	at com.kms.katalon.core.main.TestCaseMain.runTestCase(TestCaseMain.java:114)
	at com.kms.katalon.core.keyword.builtin.CallTestCaseKeyword$_callTestCase_closure1.doCall(CallTestCaseKeyword.groovy:59)
	... 20 more
Caused by: com.kms.katalon.core.exception.StepFailedException: Unable to click on object 'Object Repository/Page_Members Area/Page_Members Area/a_AddEdit note'
	... 37 more
Caused by: org.openqa.selenium.TimeoutException: Expected condition failed: waiting for element to be clickable: [[CChromeDriver: chrome on XP (f72f19c562a2ba073e552ed80e1fa5b1)] -> xpath: //*[@id = 'btnNote_285821' and (text() = ' Add/Edit note ' or . = ' Add/Edit note ')]] (tried for 30 second(s) with 500 milliseconds interval)
Build info: version: '3.141.59', revision: 'e82be7d358', time: '2018-11-14T08:25:53'
System info: host: 'VETTEDSP36RF', ip: '10.0.11.243', os.name: 'Windows 10', os.arch: 'x86', os.version: '10.0', java.version: '1.8.0_181'
Driver info: com.kms.katalon.core.webui.driver.SmartWaitWebDriver
Capabilities {acceptInsecureCerts: false, browserName: chrome, browserVersion: 78.0.3904.70, chrome: {chromedriverVersion: 77.0.3865.40 (f484704e052e0..., userDataDir: C:\Users\davidho\AppData\Lo...}, goog:chromeOptions: {debuggerAddress: localhost:55294}, javascriptEnabled: true, networkConnectionEnabled: false, pageLoadStrategy: normal, platform: XP, platformName: XP, proxy: Proxy(), setWindowRect: true, strictFileInteractability: false, timeouts: {implicit: 0, pageLoad: 300000, script: 30000}, unhandledPromptBehavior: dismiss and notify}
Session ID: f72f19c562a2ba073e552ed80e1fa5b1
	at org.openqa.selenium.support.ui.WebDriverWait.timeoutException(WebDriverWait.java:95)
	at org.openqa.selenium.support.ui.FluentWait.until(FluentWait.java:272)
	at com.kms.katalon.core.webui.keyword.builtin.ClickKeyword$_click_closure1.doCall(ClickKeyword.groovy:56)
	at com.kms.katalon.core.webui.keyword.builtin.ClickKeyword$_click_closure1.call(ClickKeyword.groovy)
	at com.kms.katalon.core.webui.keyword.internal.WebUIKeywordMain.runKeyword(WebUIKeywordMain.groovy:20)
	... 35 more
)
	at com.kms.katalon.core.keyword.internal.KeywordMain.stepFailed(KeywordMain.groovy:39)
	at com.kms.katalon.core.keyword.internal.KeywordMain.stepFailed(KeywordMain.groovy)
	at com.kms.katalon.core.keyword.internal.KeywordMain.runKeyword(KeywordMain.groovy:70)
	at com.kms.katalon.core.keyword.builtin.CallTestCaseKeyword.callTestCase(CallTestCaseKeyword.groovy:81)
	at com.kms.katalon.core.keyword.builtin.CallTestCaseKeyword.execute(CallTestCaseKeyword.groovy:44)
	at com.kms.katalon.core.keyword.internal.KeywordExecutor.executeKeywordForPlatform(KeywordExecutor.groovy:60)
	at com.kms.katalon.core.keyword.BuiltinKeywords.callTestCase(BuiltinKeywords.groovy:334)
	at Callback_Requests.run(Callback_Requests:77)
	at com.kms.katalon.core.main.ScriptEngine.run(ScriptEngine.java:194)
	at com.kms.katalon.core.main.ScriptEngine.runScriptAsRawText(ScriptEngine.java:119)
	at com.kms.katalon.core.main.TestCaseExecutor.runScript(TestCaseExecutor.java:337)
	at com.kms.katalon.core.main.TestCaseExecutor.doExecute(TestCaseExecutor.java:328)
	at com.kms.katalon.core.main.TestCaseExecutor.processExecutionPhase(TestCaseExecutor.java:307)
	at com.kms.katalon.core.main.TestCaseExecutor.accessMainPhase(TestCaseExecutor.java:299)
	at com.kms.katalon.core.main.TestCaseExecutor.execute(TestCaseExecutor.java:233)
	at com.kms.katalon.core.main.TestSuiteExecutor.accessTestCaseMainPhase(TestSuiteExecutor.java:169)
	at com.kms.katalon.core.main.TestSuiteExecutor.accessTestSuiteMainPhase(TestSuiteExecutor.java:142)
	at com.kms.katalon.core.main.TestSuiteExecutor.execute(TestSuiteExecutor.java:91)
	at com.kms.katalon.core.main.TestCaseMain.startTestSuite(TestCaseMain.java:157)
	at com.kms.katalon.core.main.TestCaseMain$startTestSuite$0.call(Unknown Source)
	at TempTestSuite1572536118851.run(TempTestSuite1572536118851.groovy:36)
Caused by: com.kms.katalon.core.exception.StepFailedException: Call Test Case 'Test Cases/Reusable_Test_Sequences/Members_Area/Validation/Callback_Requests_Sub/Callback_Requests_Notes' failed
	at com.kms.katalon.core.keyword.builtin.CallTestCaseKeyword$_callTestCase_closure1.doCall(CallTestCaseKeyword.groovy:63)
	at com.kms.katalon.core.keyword.builtin.CallTestCaseKeyword$_callTestCase_closure1.call(CallTestCaseKeyword.groovy)
	at com.kms.katalon.core.keyword.internal.KeywordMain.runKeyword(KeywordMain.groovy:68)
	... 18 more
Caused by: com.kms.katalon.core.exception.StepFailedException: Unable to click on object 'Object Repository/Page_Members Area/Page_Members Area/a_AddEdit note' (Root cause: com.kms.katalon.core.exception.StepFailedException: Unable to click on object 'Object Repository/Page_Members Area/Page_Members Area/a_AddEdit note'
	at com.kms.katalon.core.webui.keyword.internal.WebUIKeywordMain.stepFailed(WebUIKeywordMain.groovy:64)
	at com.kms.katalon.core.webui.keyword.internal.WebUIKeywordMain.runKeyword(WebUIKeywordMain.groovy:26)
	at com.kms.katalon.core.webui.keyword.builtin.ClickKeyword.click(ClickKeyword.groovy:79)
	at com.kms.katalon.core.webui.keyword.builtin.ClickKeyword.execute(ClickKeyword.groovy:42)
	at com.kms.katalon.core.keyword.internal.KeywordExecutor.executeKeywordForPlatform(KeywordExecutor.groovy:60)
	at com.kms.katalon.core.webui.keyword.WebUiBuiltInKeywords.click(WebUiBuiltInKeywords.groovy:616)
	at com.kms.katalon.core.webui.keyword.WebUiBuiltInKeywords$click$4.call(Unknown Source)
	at Callback_Requests_Notes.run(Callback_Requests_Notes:78)
	at com.kms.katalon.core.main.ScriptEngine.run(ScriptEngine.java:194)
	at com.kms.katalon.core.main.ScriptEngine.runScriptAsRawText(ScriptEngine.java:119)
	at com.kms.katalon.core.main.TestCaseExecutor.runScript(TestCaseExecutor.java:337)
	at com.kms.katalon.core.main.TestCaseExecutor.doExecute(TestCaseExecutor.java:328)
	at com.kms.katalon.core.main.TestCaseExecutor.processExecutionPhase(TestCaseExecutor.java:307)
	at com.kms.katalon.core.main.TestCaseExecutor.accessMainPhase(TestCaseExecutor.java:299)
	at com.kms.katalon.core.main.TestCaseExecutor.execute(TestCaseExecutor.java:233)
	at com.kms.katalon.core.main.TestCaseMain.runTestCase(TestCaseMain.java:114)
	at com.kms.katalon.core.keyword.builtin.CallTestCaseKeyword$_callTestCase_closure1.doCall(CallTestCaseKeyword.groovy:59)
	at com.kms.katalon.core.keyword.builtin.CallTestCaseKeyword$_callTestCase_closure1.call(CallTestCaseKeyword.groovy)
	at com.kms.katalon.core.keyword.internal.KeywordMain.runKeyword(KeywordMain.groovy:68)
	at com.kms.katalon.core.keyword.builtin.CallTestCaseKeyword.callTestCase(CallTestCaseKeyword.groovy:81)
	at com.kms.katalon.core.keyword.builtin.CallTestCaseKeyword.execute(CallTestCaseKeyword.groovy:44)
	at com.kms.katalon.core.keyword.internal.KeywordExecutor.executeKeywordForPlatform(KeywordExecutor.groovy:60)
	at com.kms.katalon.core.keyword.BuiltinKeywords.callTestCase(BuiltinKeywords.groovy:334)
	at Callback_Requests.run(Callback_Requests:77)
	at com.kms.katalon.core.main.ScriptEngine.run(ScriptEngine.java:194)
	at com.kms.katalon.core.main.ScriptEngine.runScriptAsRawText(ScriptEngine.java:119)
	at com.kms.katalon.core.main.TestCaseExecutor.runScript(TestCaseExecutor.java:337)
	at com.kms.katalon.core.main.TestCaseExecutor.doExecute(TestCaseExecutor.java:328)
	at com.kms.katalon.core.main.TestCaseExecutor.processExecutionPhase(TestCaseExecutor.java:307)
	at com.kms.katalon.core.main.TestCaseExecutor.accessMainPhase(TestCaseExecutor.java:299)
	at com.kms.katalon.core.main.TestCaseExecutor.execute(TestCaseExecutor.java:233)
	at com.kms.katalon.core.main.TestSuiteExecutor.accessTestCaseMainPhase(TestSuiteExecutor.java:169)
	at com.kms.katalon.core.main.TestSuiteExecutor.accessTestSuiteMainPhase(TestSuiteExecutor.java:142)
	at com.kms.katalon.core.main.TestSuiteExecutor.execute(TestSuiteExecutor.java:91)
	at com.kms.katalon.core.main.TestCaseMain.startTestSuite(TestCaseMain.java:157)
	at com.kms.katalon.core.main.TestCaseMain$startTestSuite$0.call(Unknown Source)
	at TempTestSuite1572536118851.run(TempTestSuite1572536118851.groovy:36)
Caused by: org.openqa.selenium.TimeoutException: Expected condition failed: waiting for element to be clickable: [[CChromeDriver: chrome on XP (f72f19c562a2ba073e552ed80e1fa5b1)] -> xpath: //*[@id = 'btnNote_285821' and (text() = ' Add/Edit note ' or . = ' Add/Edit note ')]] (tried for 30 second(s) with 500 milliseconds interval)
Build info: version: '3.141.59', revision: 'e82be7d358', time: '2018-11-14T08:25:53'
System info: host: 'VETTEDSP36RF', ip: '10.0.11.243', os.name: 'Windows 10', os.arch: 'x86', os.version: '10.0', java.version: '1.8.0_181'
Driver info: com.kms.katalon.core.webui.driver.SmartWaitWebDriver
Capabilities {acceptInsecureCerts: false, browserName: chrome, browserVersion: 78.0.3904.70, chrome: {chromedriverVersion: 77.0.3865.40 (f484704e052e0..., userDataDir: C:\Users\davidho\AppData\Lo...}, goog:chromeOptions: {debuggerAddress: localhost:55294}, javascriptEnabled: true, networkConnectionEnabled: false, pageLoadStrategy: normal, platform: XP, platformName: XP, proxy: Proxy(), setWindowRect: true, strictFileInteractability: false, timeouts: {implicit: 0, pageLoad: 300000, script: 30000}, unhandledPromptBehavior: dismiss and notify}
Session ID: f72f19c562a2ba073e552ed80e1fa5b1
	at org.openqa.selenium.support.ui.WebDriverWait.timeoutException(WebDriverWait.java:95)
	at org.openqa.selenium.support.ui.FluentWait.until(FluentWait.java:272)
	at com.kms.katalon.core.webui.keyword.builtin.ClickKeyword$_click_closure1.doCall(ClickKeyword.groovy:56)
	at com.kms.katalon.core.webui.keyword.builtin.ClickKeyword$_click_closure1.call(ClickKeyword.groovy)
	at com.kms.katalon.core.webui.keyword.internal.WebUIKeywordMain.runKeyword(WebUIKeywordMain.groovy:20)
	at com.kms.katalon.core.webui.keyword.builtin.ClickKeyword.click(ClickKeyword.groovy:79)
	at com.kms.katalon.core.webui.keyword.builtin.ClickKeyword.execute(ClickKeyword.groovy:42)
	at com.kms.katalon.core.keyword.internal.KeywordExecutor.executeKeywordForPlatform(KeywordExecutor.groovy:60)
	at com.kms.katalon.core.webui.keyword.WebUiBuiltInKeywords.click(WebUiBuiltInKeywords.groovy:616)
	at com.kms.katalon.core.webui.keyword.WebUiBuiltInKeywords$click$4.call(Unknown Source)
	at Script1570028604947.run(Script1570028604947.groovy:78)
	at com.kms.katalon.core.main.ScriptEngine.run(ScriptEngine.java:194)
	at com.kms.katalon.core.main.ScriptEngine.runScriptAsRawText(ScriptEngine.java:119)
	at com.kms.katalon.core.main.TestCaseExecutor.runScript(TestCaseExecutor.java:337)
	at com.kms.katalon.core.main.TestCaseExecutor.doExecute(TestCaseExecutor.java:328)
	at com.kms.katalon.core.main.TestCaseExecutor.processExecutionPhase(TestCaseExecutor.java:307)
	at com.kms.katalon.core.main.TestCaseExecutor.accessMainPhase(TestCaseExecutor.java:299)
	at com.kms.katalon.core.main.TestCaseExecutor.execute(TestCaseExecutor.java:233)
	at com.kms.katalon.core.main.TestCaseMain.runTestCase(TestCaseMain.java:114)
	at com.kms.katalon.core.keyword.builtin.CallTestCaseKeyword$_callTestCase_closure1.doCall(CallTestCaseKeyword.groovy:59)
	at com.kms.katalon.core.keyword.builtin.CallTestCaseKeyword$_callTestCase_closure1.call(CallTestCaseKeyword.groovy)
	at com.kms.katalon.core.keyword.internal.KeywordMain.runKeyword(KeywordMain.groovy:68)
	at com.kms.katalon.core.keyword.builtin.CallTestCaseKeyword.callTestCase(CallTestCaseKeyword.groovy:81)
	at com.kms.katalon.core.keyword.builtin.CallTestCaseKeyword.execute(CallTestCaseKeyword.groovy:44)
	at com.kms.katalon.core.keyword.internal.KeywordExecutor.executeKeywordForPlatform(KeywordExecutor.groovy:60)
	at com.kms.katalon.core.keyword.BuiltinKeywords.callTestCase(BuiltinKeywords.groovy:334)
	at Script1569933857280.run(Script1569933857280.groovy:77)
	... 13 more
)
	at com.kms.katalon.core.keyword.internal.KeywordMain.stepFailed(KeywordMain.groovy:39)
	at com.kms.katalon.core.webui.keyword.internal.WebUIKeywordMain.stepFailed(WebUIKeywordMain.groovy:64)
	at com.kms.katalon.core.webui.keyword.internal.WebUIKeywordMain.runKeyword(WebUIKeywordMain.groovy:26)
	at com.kms.katalon.core.webui.keyword.builtin.ClickKeyword.click(ClickKeyword.groovy:79)
	at com.kms.katalon.core.webui.keyword.builtin.ClickKeyword.execute(ClickKeyword.groovy:42)
	at com.kms.katalon.core.keyword.internal.KeywordExecutor.executeKeywordForPlatform(KeywordExecutor.groovy:60)
	at com.kms.katalon.core.webui.keyword.WebUiBuiltInKeywords.click(WebUiBuiltInKeywords.groovy:616)
	at com.kms.katalon.core.webui.keyword.WebUiBuiltInKeywords$click$4.call(Unknown Source)
	at Callback_Requests_Notes.run(Callback_Requests_Notes:78)
	at com.kms.katalon.core.main.ScriptEngine.run(ScriptEngine.java:194)
	at com.kms.katalon.core.main.ScriptEngine.runScriptAsRawText(ScriptEngine.java:119)
	at com.kms.katalon.core.main.TestCaseExecutor.runScript(TestCaseExecutor.java:337)
	at com.kms.katalon.core.main.TestCaseExecutor.doExecute(TestCaseExecutor.java:328)
	at com.kms.katalon.core.main.TestCaseExecutor.processExecutionPhase(TestCaseExecutor.java:307)
	at com.kms.katalon.core.main.TestCaseExecutor.accessMainPhase(TestCaseExecutor.java:299)
	at com.kms.katalon.core.main.TestCaseExecutor.execute(TestCaseExecutor.java:233)
	at com.kms.katalon.core.main.TestCaseMain.runTestCase(TestCaseMain.java:114)
	at com.kms.katalon.core.keyword.builtin.CallTestCaseKeyword$_callTestCase_closure1.doCall(CallTestCaseKeyword.groovy:59)
	... 20 more
Caused by: com.kms.katalon.core.exception.StepFailedException: Unable to click on object 'Object Repository/Page_Members Area/Page_Members Area/a_AddEdit note'
	... 37 more
Caused by: org.openqa.selenium.TimeoutException: Expected condition failed: waiting for element to be clickable: [[CChromeDriver: chrome on XP (f72f19c562a2ba073e552ed80e1fa5b1)] -> xpath: //*[@id = 'btnNote_285821' and (text() = ' Add/Edit note ' or . = ' Add/Edit note ')]] (tried for 30 second(s) with 500 milliseconds interval)
Build info: version: '3.141.59', revision: 'e82be7d358', time: '2018-11-14T08:25:53'
System info: host: 'VETTEDSP36RF', ip: '10.0.11.243', os.name: 'Windows 10', os.arch: 'x86', os.version: '10.0', java.version: '1.8.0_181'
Driver info: com.kms.katalon.core.webui.driver.SmartWaitWebDriver
Capabilities {acceptInsecureCerts: false, browserName: chrome, browserVersion: 78.0.3904.70, chrome: {chromedriverVersion: 77.0.3865.40 (f484704e052e0..., userDataDir: C:\Users\davidho\AppData\Lo...}, goog:chromeOptions: {debuggerAddress: localhost:55294}, javascriptEnabled: true, networkConnectionEnabled: false, pageLoadStrategy: normal, platform: XP, platformName: XP, proxy: Proxy(), setWindowRect: true, strictFileInteractability: false, timeouts: {implicit: 0, pageLoad: 300000, script: 30000}, unhandledPromptBehavior: dismiss and notify}
Session ID: f72f19c562a2ba073e552ed80e1fa5b1
	at org.openqa.selenium.support.ui.WebDriverWait.timeoutException(WebDriverWait.java:95)
	at org.openqa.selenium.support.ui.FluentWait.until(FluentWait.java:272)
	at com.kms.katalon.core.webui.keyword.builtin.ClickKeyword$_click_closure1.doCall(ClickKeyword.groovy:56)
	at com.kms.katalon.core.webui.keyword.builtin.ClickKeyword$_click_closure1.call(ClickKeyword.groovy)
	at com.kms.katalon.core.webui.keyword.internal.WebUIKeywordMain.runKeyword(WebUIKeywordMain.groovy:20)
	... 35 more


2019-10-31 15:35:39 - [TEST_STEP][PASSED] - PAGE = "//work-alert": null

2019-10-31 15:35:39 - [TEST_STEP][FAILED] - for ([row = 1, row <= findTestData("Members_Test_Data").getRowNumbers(), (internal.GlobalVariable.row++)]): Unable to call Test Case 'Test Cases/Reusable_Test_Sequences/Members_Area/Banner_Menu/log_Off' (Root cause: com.kms.katalon.core.exception.StepFailedException: Call Test Case 'Test Cases/Reusable_Test_Sequences/Members_Area/Banner_Menu/log_Off' failed
	at com.kms.katalon.core.keyword.builtin.CallTestCaseKeyword$_callTestCase_closure1.doCall(CallTestCaseKeyword.groovy:63)
	at com.kms.katalon.core.keyword.builtin.CallTestCaseKeyword$_callTestCase_closure1.call(CallTestCaseKeyword.groovy)
	at com.kms.katalon.core.keyword.internal.KeywordMain.runKeyword(KeywordMain.groovy:68)
	at com.kms.katalon.core.keyword.builtin.CallTestCaseKeyword.callTestCase(CallTestCaseKeyword.groovy:81)
	at com.kms.katalon.core.keyword.builtin.CallTestCaseKeyword.execute(CallTestCaseKeyword.groovy:44)
	at com.kms.katalon.core.keyword.internal.KeywordExecutor.executeKeywordForPlatform(KeywordExecutor.groovy:60)
	at com.kms.katalon.core.keyword.BuiltinKeywords.callTestCase(BuiltinKeywords.groovy:334)
	at Callback_Requests.run(Callback_Requests:82)
	at com.kms.katalon.core.main.ScriptEngine.run(ScriptEngine.java:194)
	at com.kms.katalon.core.main.ScriptEngine.runScriptAsRawText(ScriptEngine.java:119)
	at com.kms.katalon.core.main.TestCaseExecutor.runScript(TestCaseExecutor.java:337)
	at com.kms.katalon.core.main.TestCaseExecutor.doExecute(TestCaseExecutor.java:328)
	at com.kms.katalon.core.main.TestCaseExecutor.processExecutionPhase(TestCaseExecutor.java:307)
	at com.kms.katalon.core.main.TestCaseExecutor.accessMainPhase(TestCaseExecutor.java:299)
	at com.kms.katalon.core.main.TestCaseExecutor.execute(TestCaseExecutor.java:233)
	at com.kms.katalon.core.main.TestSuiteExecutor.accessTestCaseMainPhase(TestSuiteExecutor.java:169)
	at com.kms.katalon.core.main.TestSuiteExecutor.accessTestSuiteMainPhase(TestSuiteExecutor.java:142)
	at com.kms.katalon.core.main.TestSuiteExecutor.execute(TestSuiteExecutor.java:91)
	at com.kms.katalon.core.main.TestCaseMain.startTestSuite(TestCaseMain.java:157)
	at com.kms.katalon.core.main.TestCaseMain$startTestSuite$0.call(Unknown Source)
	at TempTestSuite1572536118851.run(TempTestSuite1572536118851.groovy:36)
Caused by: com.kms.katalon.core.exception.StepFailedException: Unable to click on object 'Object Repository/Page_Members Area/a_Log off' (Root cause: com.kms.katalon.core.exception.StepFailedException: Unable to click on object 'Object Repository/Page_Members Area/a_Log off'
	at com.kms.katalon.core.webui.keyword.internal.WebUIKeywordMain.stepFailed(WebUIKeywordMain.groovy:64)
	at com.kms.katalon.core.webui.keyword.internal.WebUIKeywordMain.runKeyword(WebUIKeywordMain.groovy:26)
	at com.kms.katalon.core.webui.keyword.builtin.ClickKeyword.click(ClickKeyword.groovy:79)
	at com.kms.katalon.core.webui.keyword.builtin.ClickKeyword.execute(ClickKeyword.groovy:42)
	at com.kms.katalon.core.keyword.internal.KeywordExecutor.executeKeywordForPlatform(KeywordExecutor.groovy:60)
	at com.kms.katalon.core.webui.keyword.WebUiBuiltInKeywords.click(WebUiBuiltInKeywords.groovy:616)
	at com.kms.katalon.core.webui.keyword.WebUiBuiltInKeywords$click$4.call(Unknown Source)
	at log_Off.run(log_Off:53)
	at com.kms.katalon.core.main.ScriptEngine.run(ScriptEngine.java:194)
	at com.kms.katalon.core.main.ScriptEngine.runScriptAsRawText(ScriptEngine.java:119)
	at com.kms.katalon.core.main.TestCaseExecutor.runScript(TestCaseExecutor.java:337)
	at com.kms.katalon.core.main.TestCaseExecutor.doExecute(TestCaseExecutor.java:328)
	at com.kms.katalon.core.main.TestCaseExecutor.processExecutionPhase(TestCaseExecutor.java:307)
	at com.kms.katalon.core.main.TestCaseExecutor.accessMainPhase(TestCaseExecutor.java:299)
	at com.kms.katalon.core.main.TestCaseExecutor.execute(TestCaseExecutor.java:233)
	at com.kms.katalon.core.main.TestCaseMain.runTestCase(TestCaseMain.java:114)
	at com.kms.katalon.core.keyword.builtin.CallTestCaseKeyword$_callTestCase_closure1.doCall(CallTestCaseKeyword.groovy:59)
	at com.kms.katalon.core.keyword.builtin.CallTestCaseKeyword$_callTestCase_closure1.call(CallTestCaseKeyword.groovy)
	at com.kms.katalon.core.keyword.internal.KeywordMain.runKeyword(KeywordMain.groovy:68)
	at com.kms.katalon.core.keyword.builtin.CallTestCaseKeyword.callTestCase(CallTestCaseKeyword.groovy:81)
	at com.kms.katalon.core.keyword.builtin.CallTestCaseKeyword.execute(CallTestCaseKeyword.groovy:44)
	at com.kms.katalon.core.keyword.internal.KeywordExecutor.executeKeywordForPlatform(KeywordExecutor.groovy:60)
	at com.kms.katalon.core.keyword.BuiltinKeywords.callTestCase(BuiltinKeywords.groovy:334)
	at Callback_Requests.run(Callback_Requests:82)
	at com.kms.katalon.core.main.ScriptEngine.run(ScriptEngine.java:194)
	at com.kms.katalon.core.main.ScriptEngine.runScriptAsRawText(ScriptEngine.java:119)
	at com.kms.katalon.core.main.TestCaseExecutor.runScript(TestCaseExecutor.java:337)
	at com.kms.katalon.core.main.TestCaseExecutor.doExecute(TestCaseExecutor.java:328)
	at com.kms.katalon.core.main.TestCaseExecutor.processExecutionPhase(TestCaseExecutor.java:307)
	at com.kms.katalon.core.main.TestCaseExecutor.accessMainPhase(TestCaseExecutor.java:299)
	at com.kms.katalon.core.main.TestCaseExecutor.execute(TestCaseExecutor.java:233)
	at com.kms.katalon.core.main.TestSuiteExecutor.accessTestCaseMainPhase(TestSuiteExecutor.java:169)
	at com.kms.katalon.core.main.TestSuiteExecutor.accessTestSuiteMainPhase(TestSuiteExecutor.java:142)
	at com.kms.katalon.core.main.TestSuiteExecutor.execute(TestSuiteExecutor.java:91)
	at com.kms.katalon.core.main.TestCaseMain.startTestSuite(TestCaseMain.java:157)
	at com.kms.katalon.core.main.TestCaseMain$startTestSuite$0.call(Unknown Source)
	at TempTestSuite1572536118851.run(TempTestSuite1572536118851.groovy:36)
Caused by: org.openqa.selenium.TimeoutException: Expected condition failed: waiting for element to be clickable: [[CChromeDriver: chrome on XP (f72f19c562a2ba073e552ed80e1fa5b1)] -> xpath: //a[@href = '/login' and (text() = 'Log off' or . = 'Log off')]] (tried for 30 second(s) with 500 milliseconds interval)
Build info: version: '3.141.59', revision: 'e82be7d358', time: '2018-11-14T08:25:53'
System info: host: 'VETTEDSP36RF', ip: '10.0.11.243', os.name: 'Windows 10', os.arch: 'x86', os.version: '10.0', java.version: '1.8.0_181'
Driver info: com.kms.katalon.core.webui.driver.SmartWaitWebDriver
Capabilities {acceptInsecureCerts: false, browserName: chrome, browserVersion: 78.0.3904.70, chrome: {chromedriverVersion: 77.0.3865.40 (f484704e052e0..., userDataDir: C:\Users\davidho\AppData\Lo...}, goog:chromeOptions: {debuggerAddress: localhost:55294}, javascriptEnabled: true, networkConnectionEnabled: false, pageLoadStrategy: normal, platform: XP, platformName: XP, proxy: Proxy(), setWindowRect: true, strictFileInteractability: false, timeouts: {implicit: 0, pageLoad: 300000, script: 30000}, unhandledPromptBehavior: dismiss and notify}
Session ID: f72f19c562a2ba073e552ed80e1fa5b1
	at org.openqa.selenium.support.ui.WebDriverWait.timeoutException(WebDriverWait.java:95)
	at org.openqa.selenium.support.ui.FluentWait.until(FluentWait.java:272)
	at com.kms.katalon.core.webui.keyword.builtin.ClickKeyword$_click_closure1.doCall(ClickKeyword.groovy:56)
	at com.kms.katalon.core.webui.keyword.builtin.ClickKeyword$_click_closure1.call(ClickKeyword.groovy)
	at com.kms.katalon.core.webui.keyword.internal.WebUIKeywordMain.runKeyword(WebUIKeywordMain.groovy:20)
	at com.kms.katalon.core.webui.keyword.builtin.ClickKeyword.click(ClickKeyword.groovy:79)
	at com.kms.katalon.core.webui.keyword.builtin.ClickKeyword.execute(ClickKeyword.groovy:42)
	at com.kms.katalon.core.keyword.internal.KeywordExecutor.executeKeywordForPlatform(KeywordExecutor.groovy:60)
	at com.kms.katalon.core.webui.keyword.WebUiBuiltInKeywords.click(WebUiBuiltInKeywords.groovy:616)
	at com.kms.katalon.core.webui.keyword.WebUiBuiltInKeywords$click$4.call(Unknown Source)
	at Script1568122980246.run(Script1568122980246.groovy:53)
	at com.kms.katalon.core.main.ScriptEngine.run(ScriptEngine.java:194)
	at com.kms.katalon.core.main.ScriptEngine.runScriptAsRawText(ScriptEngine.java:119)
	at com.kms.katalon.core.main.TestCaseExecutor.runScript(TestCaseExecutor.java:337)
	at com.kms.katalon.core.main.TestCaseExecutor.doExecute(TestCaseExecutor.java:328)
	at com.kms.katalon.core.main.TestCaseExecutor.processExecutionPhase(TestCaseExecutor.java:307)
	at com.kms.katalon.core.main.TestCaseExecutor.accessMainPhase(TestCaseExecutor.java:299)
	at com.kms.katalon.core.main.TestCaseExecutor.execute(TestCaseExecutor.java:233)
	at com.kms.katalon.core.main.TestCaseMain.runTestCase(TestCaseMain.java:114)
	at com.kms.katalon.core.keyword.builtin.CallTestCaseKeyword$_callTestCase_closure1.doCall(CallTestCaseKeyword.groovy:59)
	at com.kms.katalon.core.keyword.builtin.CallTestCaseKeyword$_callTestCase_closure1.call(CallTestCaseKeyword.groovy)
	at com.kms.katalon.core.keyword.internal.KeywordMain.runKeyword(KeywordMain.groovy:68)
	at com.kms.katalon.core.keyword.builtin.CallTestCaseKeyword.callTestCase(CallTestCaseKeyword.groovy:81)
	at com.kms.katalon.core.keyword.builtin.CallTestCaseKeyword.execute(CallTestCaseKeyword.groovy:44)
	at com.kms.katalon.core.keyword.internal.KeywordExecutor.executeKeywordForPlatform(KeywordExecutor.groovy:60)
	at com.kms.katalon.core.keyword.BuiltinKeywords.callTestCase(BuiltinKeywords.groovy:334)
	at Script1569933857280.run(Script1569933857280.groovy:82)
	... 13 more
)
	at com.kms.katalon.core.keyword.internal.KeywordMain.stepFailed(KeywordMain.groovy:39)
	at com.kms.katalon.core.webui.keyword.internal.WebUIKeywordMain.stepFailed(WebUIKeywordMain.groovy:64)
	at com.kms.katalon.core.webui.keyword.internal.WebUIKeywordMain.runKeyword(WebUIKeywordMain.groovy:26)
	at com.kms.katalon.core.webui.keyword.builtin.ClickKeyword.click(ClickKeyword.groovy:79)
	at com.kms.katalon.core.webui.keyword.builtin.ClickKeyword.execute(ClickKeyword.groovy:42)
	at com.kms.katalon.core.keyword.internal.KeywordExecutor.executeKeywordForPlatform(KeywordExecutor.groovy:60)
	at com.kms.katalon.core.webui.keyword.WebUiBuiltInKeywords.click(WebUiBuiltInKeywords.groovy:616)
	at com.kms.katalon.core.webui.keyword.WebUiBuiltInKeywords$click$4.call(Unknown Source)
	at log_Off.run(log_Off:53)
	at com.kms.katalon.core.main.ScriptEngine.run(ScriptEngine.java:194)
	at com.kms.katalon.core.main.ScriptEngine.runScriptAsRawText(ScriptEngine.java:119)
	at com.kms.katalon.core.main.TestCaseExecutor.runScript(TestCaseExecutor.java:337)
	at com.kms.katalon.core.main.TestCaseExecutor.doExecute(TestCaseExecutor.java:328)
	at com.kms.katalon.core.main.TestCaseExecutor.processExecutionPhase(TestCaseExecutor.java:307)
	at com.kms.katalon.core.main.TestCaseExecutor.accessMainPhase(TestCaseExecutor.java:299)
	at com.kms.katalon.core.main.TestCaseExecutor.execute(TestCaseExecutor.java:233)
	at com.kms.katalon.core.main.TestCaseMain.runTestCase(TestCaseMain.java:114)
	at com.kms.katalon.core.keyword.builtin.CallTestCaseKeyword$_callTestCase_closure1.doCall(CallTestCaseKeyword.groovy:59)
	... 20 more
Caused by: com.kms.katalon.core.exception.StepFailedException: Unable to click on object 'Object Repository/Page_Members Area/a_Log off'
	... 37 more
Caused by: org.openqa.selenium.TimeoutException: Expected condition failed: waiting for element to be clickable: [[CChromeDriver: chrome on XP (f72f19c562a2ba073e552ed80e1fa5b1)] -> xpath: //a[@href = '/login' and (text() = 'Log off' or . = 'Log off')]] (tried for 30 second(s) with 500 milliseconds interval)
Build info: version: '3.141.59', revision: 'e82be7d358', time: '2018-11-14T08:25:53'
System info: host: 'VETTEDSP36RF', ip: '10.0.11.243', os.name: 'Windows 10', os.arch: 'x86', os.version: '10.0', java.version: '1.8.0_181'
Driver info: com.kms.katalon.core.webui.driver.SmartWaitWebDriver
Capabilities {acceptInsecureCerts: false, browserName: chrome, browserVersion: 78.0.3904.70, chrome: {chromedriverVersion: 77.0.3865.40 (f484704e052e0..., userDataDir: C:\Users\davidho\AppData\Lo...}, goog:chromeOptions: {debuggerAddress: localhost:55294}, javascriptEnabled: true, networkConnectionEnabled: false, pageLoadStrategy: normal, platform: XP, platformName: XP, proxy: Proxy(), setWindowRect: true, strictFileInteractability: false, timeouts: {implicit: 0, pageLoad: 300000, script: 30000}, unhandledPromptBehavior: dismiss and notify}
Session ID: f72f19c562a2ba073e552ed80e1fa5b1
	at org.openqa.selenium.support.ui.WebDriverWait.timeoutException(WebDriverWait.java:95)
	at org.openqa.selenium.support.ui.FluentWait.until(FluentWait.java:272)
	at com.kms.katalon.core.webui.keyword.builtin.ClickKeyword$_click_closure1.doCall(ClickKeyword.groovy:56)
	at com.kms.katalon.core.webui.keyword.builtin.ClickKeyword$_click_closure1.call(ClickKeyword.groovy)
	at com.kms.katalon.core.webui.keyword.internal.WebUIKeywordMain.runKeyword(WebUIKeywordMain.groovy:20)
	... 35 more
)

2019-10-31 15:35:40 - [TEST_STEP][PASSED] - callTestCase(findTestCase("Reusable_Test_Sequences/Members_Area/Start_Up"), [:], OPTIONAL): Call Test Case 'Test Cases/Reusable_Test_Sequences/Members_Area/Start_Up' successfully

2019-10-31 15:35:40 - [TEST_CASE][PASSED] - Test Cases/Reusable_Test_Sequences/Members_Area/Start_Up: Test Cases/Reusable_Test_Sequences/Members_Area/Start_Up

2019-10-31 15:35:40 - [TEST_STEP][PASSED] - data = findTestData("Members_Test_Data"): null

2019-10-31 15:35:40 - [TEST_STEP][PASSED] - Header_Text = "": null

2019-10-31 15:35:40 - [TEST_STEP][PASSED] - Forgotten_Password = "": null

2019-10-31 15:35:40 - [TEST_STEP][PASSED] - Forgotten_Username = "": null

2019-10-31 15:35:40 - [TEST_STEP][PASSED] - Trouble_Logging_In = "": null

2019-10-31 15:35:40 - [TEST_STEP][PASSED] - callTestCase(findTestCase("Reusable_Test_Sequences/URL_Handler"), [:], CONTINUE_ON_FAILURE): Call Test Case 'Test Cases/Reusable_Test_Sequences/URL_Handler' successfully

2019-10-31 15:35:41 - [TEST_CASE][PASSED] - Test Cases/Reusable_Test_Sequences/URL_Handler: Test Cases/Reusable_Test_Sequences/URL_Handler

2019-10-31 15:35:41 - [TEST_STEP][PASSED] - "      CURRENT DEV (MASTER) Environment": null

2019-10-31 15:35:41 - [TEST_STEP][PASSED] - "      Dev Test Environment": null

2019-10-31 15:35:41 - [TEST_STEP][PASSED] - "      Next Dev Environment": null

2019-10-31 15:35:41 - [TEST_STEP][PASSED] - "      Preview Environment": null

2019-10-31 15:35:41 - [TEST_STEP][PASSED] - "      Live": null

2019-10-31 15:35:41 - [TEST_STEP][PASSED] - "######################################################################################################################################################": null

2019-10-31 15:35:41 - [TEST_STEP][PASSED] - "#  OF COURSE, FOR THIS TO WORK THE TEST CREDENTIALS SHOULD BE AVAILABLE ACROSS ALL ENVIRONMENTS - Username = check1234 - & - Password = testing123   #": null

2019-10-31 15:35:41 - [TEST_STEP][PASSED] - switch (URL): null

2019-10-31 15:35:41 - [TEST_STEP][PASSED] - case .*www.preview.checkatrade.*:: null

2019-10-31 15:35:41 - [TEST_STEP][PASSED] - URL = "https://preview-ma.checkatrade.com/login?return=%2Fdashboard": null

2019-10-31 15:35:41 - [TEST_STEP][PASSED] - break: null

2019-10-31 15:35:41 - [TEST_STEP][PASSED] - URL: null

2019-10-31 15:35:41 - [MESSAGE][PASSED] - Call Test Case 'Test Cases/Reusable_Test_Sequences/URL_Handler' successfully

2019-10-31 15:35:41 - [TEST_STEP][PASSED] - "URL - Set from the ENVIRONMENT PROFILE - Specific Page Address Provided By +GlobalVariable.PAGE  ": null

2019-10-31 15:35:41 - [TEST_STEP][PASSED] - openBrowser(URL): Browser is opened with url: 'https://preview-ma.checkatrade.com/login?return=%2Fdashboard'

2019-10-31 15:35:41 - [MESSAGE][INFO] - Starting 'Chrome' driver

2019-10-31 15:35:41 - [MESSAGE][INFO] - Action delay is set to 0 seconds

2019-10-31 15:36:15 - [MESSAGE][PASSED] - Browser is opened with url: 'https://preview-ma.checkatrade.com/login?return=%2Fdashboard'

2019-10-31 15:36:15 - [TEST_STEP][PASSED] - maximizeWindow(): Current window maximized

2019-10-31 15:36:19 - [MESSAGE][PASSED] - Current window maximized

2019-10-31 15:36:19 - [TEST_STEP][PASSED] - waitForPageLoad(60): Wait for page load successfully

2019-10-31 15:36:20 - [MESSAGE][PASSED] - Wait for page load successfully

2019-10-31 15:36:20 - [TEST_STEP][PASSED] - verifyTextPresent(data.getValue("Header_Text", row), false): Text 'EXCLUSIVE ACCESS FOR CHECKATRADE MEMBERS ONLY' is present on page 

2019-10-31 15:36:20 - [MESSAGE][PASSED] - Text 'EXCLUSIVE ACCESS FOR CHECKATRADE MEMBERS ONLY' is present on page 

2019-10-31 15:36:20 - [TEST_STEP][PASSED] - verifyTextPresent(data.getValue("Forgotten_Password", row), false): Text 'Forgotten password?' is present on page 

2019-10-31 15:36:20 - [MESSAGE][PASSED] - Text 'Forgotten password?' is present on page 

2019-10-31 15:36:20 - [TEST_STEP][PASSED] - verifyTextPresent(data.getValue("Forgotten_Username", row), false): Text 'Forgotten username?' is present on page 

2019-10-31 15:36:20 - [MESSAGE][PASSED] - Text 'Forgotten username?' is present on page 

2019-10-31 15:36:20 - [TEST_STEP][PASSED] - verifyTextPresent(data.getValue("Trouble_Logging_In", row), false): Text 'Trouble logging in?' is present on page 

2019-10-31 15:36:20 - [MESSAGE][PASSED] - Text 'Trouble logging in?' is present on page 

2019-10-31 15:36:20 - [MESSAGE][PASSED] - Call Test Case 'Test Cases/Reusable_Test_Sequences/Members_Area/Start_Up' successfully

2019-10-31 15:36:20 - [TEST_STEP][PASSED] - callTestCase(findTestCase("Reusable_Test_Sequences/Members_Area/log_On"), [:], OPTIONAL): Call Test Case 'Test Cases/Reusable_Test_Sequences/Members_Area/log_On' successfully

2019-10-31 15:36:20 - [TEST_CASE][PASSED] - Test Cases/Reusable_Test_Sequences/Members_Area/log_On: Test Cases/Reusable_Test_Sequences/Members_Area/log_On

2019-10-31 15:36:20 - [TEST_STEP][PASSED] - waitForElementPresent(findTestObject("Object Repository/Members/Page_Members Area/button_Log in"), 10): Object 'Object Repository/Members/Page_Members Area/button_Log in' is present

2019-10-31 15:36:20 - [MESSAGE][PASSED] - Object 'Object Repository/Members/Page_Members Area/button_Log in' is present

2019-10-31 15:36:20 - [TEST_STEP][PASSED] - click(findTestObject("Object Repository/Members/Page_Members Area/input_Username_username")): Object: 'Object Repository/Members/Page_Members Area/input_Username_username' is clicked on

2019-10-31 15:36:21 - [MESSAGE][PASSED] - Object: 'Object Repository/Members/Page_Members Area/input_Username_username' is clicked on

2019-10-31 15:36:21 - [TEST_STEP][PASSED] - setText(findTestObject("Object Repository/Members/Page_Members Area/input_Username_username"), Username): Text 'check1234' is set on object 'Object Repository/Members/Page_Members Area/input_Username_username'

2019-10-31 15:36:21 - [MESSAGE][PASSED] - Text 'check1234' is set on object 'Object Repository/Members/Page_Members Area/input_Username_username'

2019-10-31 15:36:21 - [TEST_STEP][PASSED] - click(findTestObject("Object Repository/Members/Page_Members Area/input_Password_password")): Object: 'Object Repository/Members/Page_Members Area/input_Password_password' is clicked on

2019-10-31 15:36:21 - [MESSAGE][PASSED] - Object: 'Object Repository/Members/Page_Members Area/input_Password_password' is clicked on

2019-10-31 15:36:21 - [TEST_STEP][PASSED] - setText(findTestObject("Object Repository/Members/Page_Members Area/input_Password_password"), Password): Text 'testing123' is set on object 'Object Repository/Members/Page_Members Area/input_Password_password'

2019-10-31 15:36:21 - [MESSAGE][PASSED] - Text 'testing123' is set on object 'Object Repository/Members/Page_Members Area/input_Password_password'

2019-10-31 15:36:21 - [TEST_STEP][PASSED] - click(findTestObject("Object Repository/Members/Page_Members Area/button_Log in")): Object: 'Object Repository/Members/Page_Members Area/button_Log in' is clicked on

2019-10-31 15:36:21 - [MESSAGE][PASSED] - Object: 'Object Repository/Members/Page_Members Area/button_Log in' is clicked on

2019-10-31 15:36:21 - [MESSAGE][PASSED] - Call Test Case 'Test Cases/Reusable_Test_Sequences/Members_Area/log_On' successfully

2019-10-31 15:36:21 - [TEST_STEP][PASSED] - callTestCase(findTestCase("Reusable_Test_Sequences/Members_Area/Area_Menu/Your_Customers/Callback_Requests"), [:], CONTINUE_ON_FAILURE): Call Test Case 'Test Cases/Reusable_Test_Sequences/Members_Area/Area_Menu/Your_Customers/Callback_Requests' successfully

2019-10-31 15:36:21 - [TEST_CASE][PASSED] - Test Cases/Reusable_Test_Sequences/Members_Area/Area_Menu/Your_Customers/Callback_Requests: Test Cases/Reusable_Test_Sequences/Members_Area/Area_Menu/Your_Customers/Callback_Requests

2019-10-31 15:36:21 - [TEST_STEP][PASSED] - waitForElementPresent(findTestObject("Object Repository/Page_Members Area/div_Callback Requests"), 60): Object 'Object Repository/Page_Members Area/div_Callback Requests' is present

2019-10-31 15:36:27 - [MESSAGE][PASSED] - Object 'Object Repository/Page_Members Area/div_Callback Requests' is present

2019-10-31 15:36:27 - [TEST_STEP][PASSED] - click(findTestObject("Object Repository/Page_Members Area/div_Callback Requests")): Object: 'Object Repository/Page_Members Area/div_Callback Requests' is clicked on

2019-10-31 15:36:29 - [MESSAGE][PASSED] - Object: 'Object Repository/Page_Members Area/div_Callback Requests' is clicked on

2019-10-31 15:36:29 - [MESSAGE][PASSED] - Call Test Case 'Test Cases/Reusable_Test_Sequences/Members_Area/Area_Menu/Your_Customers/Callback_Requests' successfully

2019-10-31 15:36:29 - [TEST_STEP][PASSED] - callTestCase(findTestCase("Reusable_Test_Sequences/Members_Area/Validation/Callback_Requests_Sub/Callback_Request_Settings"), [:], CONTINUE_ON_FAILURE): Call Test Case 'Test Cases/Reusable_Test_Sequences/Members_Area/Validation/Callback_Requests_Sub/Callback_Request_Settings' successfully

2019-10-31 15:36:29 - [TEST_CASE][PASSED] - Test Cases/Reusable_Test_Sequences/Members_Area/Validation/Callback_Requests_Sub/Callback_Request_Settings: Test Cases/Reusable_Test_Sequences/Members_Area/Validation/Callback_Requests_Sub/Callback_Request_Settings

2019-10-31 15:36:30 - [TEST_STEP][PASSED] - waitForPageLoad(25): Wait for page load successfully

2019-10-31 15:36:30 - [MESSAGE][PASSED] - Wait for page load successfully

2019-10-31 15:36:30 - [TEST_STEP][PASSED] - waitForElementPresent(findTestObject("Object Repository/Page_Members Area/a_Settings"), 50): Object 'Object Repository/Page_Members Area/a_Settings' is present

2019-10-31 15:36:30 - [MESSAGE][PASSED] - Object 'Object Repository/Page_Members Area/a_Settings' is present

2019-10-31 15:36:30 - [TEST_STEP][PASSED] - "---------------------------------": null

2019-10-31 15:36:30 - [TEST_STEP][PASSED] - "DEFAULT TAB - Published Feedback ": null

2019-10-31 15:36:30 - [TEST_STEP][PASSED] - "----------------------------------------------": null

2019-10-31 15:36:30 - [TEST_STEP][PASSED] - verifyTextPresent(findTestData("Members_Test_Data").getValue("MEMBER_ID", 1), false): Text '218630' is present on page 

2019-10-31 15:36:32 - [MESSAGE][PASSED] - Text '218630' is present on page 

2019-10-31 15:36:32 - [TEST_STEP][PASSED] - verifyTextPresent("MEMBER ID", false): Text 'MEMBER ID' is present on page 

2019-10-31 15:36:33 - [MESSAGE][PASSED] - Text 'MEMBER ID' is present on page 

2019-10-31 15:36:33 - [TEST_STEP][PASSED] - verifyTextPresent("Your Callback Requests", false): Text 'Your Callback Requests' is present on page 

2019-10-31 15:36:33 - [MESSAGE][PASSED] - Text 'Your Callback Requests' is present on page 

2019-10-31 15:36:33 - [TEST_STEP][PASSED] - verifyTextPresent("Member Notes", false): Text 'Member Notes' is present on page 

2019-10-31 15:36:34 - [MESSAGE][PASSED] - Text 'Member Notes' is present on page 

2019-10-31 15:36:34 - [TEST_STEP][PASSED] - verifyTextPresent("Add/Edit note", false): Text 'Add/Edit note' is present on page 

2019-10-31 15:36:34 - [MESSAGE][PASSED] - Text 'Add/Edit note' is present on page 

2019-10-31 15:36:34 - [TEST_STEP][PASSED] - verifyTextPresent("Customer requests for a Callback appear here and you can also be alerted by text and email", false): Text 'Customer requests for a Callback appear here and you can also be alerted by text and email' is present on page 

2019-10-31 15:36:35 - [MESSAGE][PASSED] - Text 'Customer requests for a Callback appear here and you can also be alerted by text and email' is present on page 

2019-10-31 15:36:35 - [TEST_STEP][PASSED] - verifyTextPresent("These customers are waiting for your call, so even if it’s to let them know", false): Text 'These customers are waiting for your call, so even if it’s to let them know' is present on page 

2019-10-31 15:36:35 - [MESSAGE][PASSED] - Text 'These customers are waiting for your call, so even if it’s to let them know' is present on page 

2019-10-31 15:36:35 - [TEST_STEP][PASSED] - click(findTestObject("Object Repository/Page_Members Area/Page_Members Area/a_Settings")): Object: 'Object Repository/Page_Members Area/Page_Members Area/a_Settings' is clicked on

2019-10-31 15:36:36 - [MESSAGE][PASSED] - Object: 'Object Repository/Page_Members Area/Page_Members Area/a_Settings' is clicked on

2019-10-31 15:36:36 - [TEST_STEP][PASSED] - "----------------------------------------------": null

2019-10-31 15:36:36 - [TEST_STEP][PASSED] - verifyTextPresent("Your Callback Requests", false): Text 'Your Callback Requests' is present on page 

2019-10-31 15:36:36 - [MESSAGE][PASSED] - Text 'Your Callback Requests' is present on page 

2019-10-31 15:36:36 - [TEST_STEP][PASSED] - verifyTextPresent("Where would you like us to send your work alerts", false): Text 'Where would you like us to send your work alerts' is present on page 

2019-10-31 15:36:37 - [MESSAGE][PASSED] - Text 'Where would you like us to send your work alerts' is present on page 

2019-10-31 15:36:37 - [TEST_STEP][PASSED] - verifyTextPresent("Automatic replies", false): Text 'Automatic replies' is present on page 

2019-10-31 15:36:37 - [MESSAGE][PASSED] - Text 'Automatic replies' is present on page 

2019-10-31 15:36:37 - [TEST_STEP][PASSED] - click(findTestObject("Object Repository/Page_Members Area/Page_Members Area/input_Settings_chkDisableWorkAlerts")): Object: 'Object Repository/Page_Members Area/Page_Members Area/input_Settings_chkDisableWorkAlerts' is clicked on

2019-10-31 15:36:38 - [MESSAGE][PASSED] - Object: 'Object Repository/Page_Members Area/Page_Members Area/input_Settings_chkDisableWorkAlerts' is clicked on

2019-10-31 15:36:38 - [TEST_STEP][PASSED] - click(findTestObject("Object Repository/Page_Members Area/Page_Members Area/input_Settings_chkDisableWorkAlerts")): Object: 'Object Repository/Page_Members Area/Page_Members Area/input_Settings_chkDisableWorkAlerts' is clicked on

2019-10-31 15:36:38 - [MESSAGE][PASSED] - Object: 'Object Repository/Page_Members Area/Page_Members Area/input_Settings_chkDisableWorkAlerts' is clicked on

2019-10-31 15:36:38 - [TEST_STEP][PASSED] - selectOptionByValue(findTestObject("Object Repository/Page_Members Area/Page_Members Area/select_Do not send_1"), "3: Object", true): All options with value '3: Object' are selected in object 'Object Repository/Page_Members Area/Page_Members Area/select_Do not send_1'  using regular expression

2019-10-31 15:36:39 - [MESSAGE][PASSED] - All options with value '3: Object' are selected in object 'Object Repository/Page_Members Area/Page_Members Area/select_Do not send_1'  using regular expression

2019-10-31 15:36:39 - [TEST_STEP][PASSED] - selectOptionByValue(findTestObject("Object Repository/Page_Members Area/Page_Members Area/select_Do not send_1"), "14: Object", true): All options with value '14: Object' are selected in object 'Object Repository/Page_Members Area/Page_Members Area/select_Do not send_1'  using regular expression

2019-10-31 15:36:40 - [MESSAGE][PASSED] - All options with value '14: Object' are selected in object 'Object Repository/Page_Members Area/Page_Members Area/select_Do not send_1'  using regular expression

2019-10-31 15:36:40 - [TEST_STEP][PASSED] - selectOptionByValue(findTestObject("Object Repository/Page_Members Area/Page_Members Area/select_Do not send_2"), "3: Object", true): All options with value '3: Object' are selected in object 'Object Repository/Page_Members Area/Page_Members Area/select_Do not send_2'  using regular expression

2019-10-31 15:36:40 - [MESSAGE][PASSED] - All options with value '3: Object' are selected in object 'Object Repository/Page_Members Area/Page_Members Area/select_Do not send_2'  using regular expression

2019-10-31 15:36:40 - [TEST_STEP][PASSED] - selectOptionByValue(findTestObject("Object Repository/Page_Members Area/Page_Members Area/select_Do not send_2"), "1: Object", true): All options with value '1: Object' are selected in object 'Object Repository/Page_Members Area/Page_Members Area/select_Do not send_2'  using regular expression

2019-10-31 15:36:44 - [MESSAGE][PASSED] - All options with value '1: Object' are selected in object 'Object Repository/Page_Members Area/Page_Members Area/select_Do not send_2'  using regular expression

2019-10-31 15:36:44 - [TEST_STEP][PASSED] - scrollToElement(findTestObject("Object Repository/Page_Members Area/Page_Members Area/button_Submit_1"), 2): Scroll to object 'Object Repository/Page_Members Area/Page_Members Area/button_Submit_1' successfully

2019-10-31 15:36:44 - [MESSAGE][PASSED] - Scroll to object 'Object Repository/Page_Members Area/Page_Members Area/button_Submit_1' successfully

2019-10-31 15:36:44 - [TEST_STEP][PASSED] - click(findTestObject("Object Repository/Page_Members Area/Page_Members Area/input_Send your customers initial info")): Object: 'Object Repository/Page_Members Area/Page_Members Area/input_Send your customers initial info' is clicked on

2019-10-31 15:36:45 - [MESSAGE][PASSED] - Object: 'Object Repository/Page_Members Area/Page_Members Area/input_Send your customers initial info' is clicked on

2019-10-31 15:36:45 - [TEST_STEP][PASSED] - click(findTestObject("Object Repository/Page_Members Area/Page_Members Area/input_Send your customers initial info")): Object: 'Object Repository/Page_Members Area/Page_Members Area/input_Send your customers initial info' is clicked on

2019-10-31 15:36:46 - [MESSAGE][PASSED] - Object: 'Object Repository/Page_Members Area/Page_Members Area/input_Send your customers initial info' is clicked on

2019-10-31 15:36:46 - [TEST_STEP][PASSED] - click(findTestObject("Object Repository/Page_Members Area/Page_Members Area/button_Submit_1")): Object: 'Object Repository/Page_Members Area/Page_Members Area/button_Submit_1' is clicked on

2019-10-31 15:36:47 - [MESSAGE][PASSED] - Object: 'Object Repository/Page_Members Area/Page_Members Area/button_Submit_1' is clicked on

2019-10-31 15:36:47 - [TEST_STEP][PASSED] - "----------------------------------------------": null

2019-10-31 15:36:47 - [TEST_STEP][PASSED] - "----------------------------------------------": null

2019-10-31 15:36:47 - [TEST_STEP][PASSED] - "----------------------------------------------": null

2019-10-31 15:36:47 - [TEST_STEP][PASSED] - "----------------------------------------------": null

2019-10-31 15:36:47 - [TEST_STEP][PASSED] - "----------------------------------------------": null

2019-10-31 15:36:47 - [TEST_STEP][PASSED] - callTestCase(findTestCase("Reusable_Test_Sequences/Utils/Dispel_Windows_Dialog"), [:], CONTINUE_ON_FAILURE): Call Test Case 'Test Cases/Reusable_Test_Sequences/Utils/Dispel_Windows_Dialog' successfully

2019-10-31 15:36:47 - [TEST_CASE][PASSED] - Test Cases/Reusable_Test_Sequences/Utils/Dispel_Windows_Dialog: Test Cases/Reusable_Test_Sequences/Utils/Dispel_Windows_Dialog

2019-10-31 15:36:47 - [TEST_STEP][PASSED] - "----------------------------------------------": null

2019-10-31 15:36:47 - [TEST_STEP][PASSED] - delay(2): Delayed 2 second(s)

2019-10-31 15:36:49 - [MESSAGE][PASSED] - Delayed 2 second(s)

2019-10-31 15:36:49 - [TEST_STEP][PASSED] - robot = new java.awt.Robot(): null

2019-10-31 15:36:49 - [TEST_STEP][PASSED] - robot.keyPress(VK_ESCAPE): null

2019-10-31 15:36:49 - [TEST_STEP][PASSED] - delay(1): Delayed 1 second(s)

2019-10-31 15:36:50 - [MESSAGE][PASSED] - Delayed 1 second(s)

2019-10-31 15:36:51 - [TEST_STEP][PASSED] - robot.keyRelease(VK_ESCAPE): null

2019-10-31 15:36:51 - [TEST_STEP][PASSED] - delay(1): Delayed 1 second(s)

2019-10-31 15:36:52 - [MESSAGE][PASSED] - Delayed 1 second(s)

2019-10-31 15:36:52 - [TEST_STEP][PASSED] - robot.keyPress(VK_ESCAPE): null

2019-10-31 15:36:52 - [TEST_STEP][PASSED] - delay(1): Delayed 1 second(s)

2019-10-31 15:36:53 - [MESSAGE][PASSED] - Delayed 1 second(s)

2019-10-31 15:36:53 - [TEST_STEP][PASSED] - robot.keyRelease(VK_ESCAPE): null

2019-10-31 15:36:53 - [TEST_STEP][PASSED] - delay(1): Delayed 1 second(s)

2019-10-31 15:36:54 - [MESSAGE][PASSED] - Delayed 1 second(s)

2019-10-31 15:36:54 - [MESSAGE][PASSED] - Call Test Case 'Test Cases/Reusable_Test_Sequences/Utils/Dispel_Windows_Dialog' successfully

2019-10-31 15:36:54 - [TEST_STEP][PASSED] - "----------------------------------------------": null

2019-10-31 15:36:54 - [TEST_STEP][PASSED] - "----------------------------------------------": null

2019-10-31 15:36:54 - [TEST_STEP][PASSED] - "----------------------------------------------": null

2019-10-31 15:36:54 - [TEST_STEP][PASSED] - "----------------------------------------------": null

2019-10-31 15:36:54 - [TEST_STEP][PASSED] - scrollToElement(findTestObject("Object Repository/Page_Members Area/a_Settings"), 2): Scroll to object 'Object Repository/Page_Members Area/a_Settings' successfully

2019-10-31 15:36:54 - [MESSAGE][PASSED] - Scroll to object 'Object Repository/Page_Members Area/a_Settings' successfully

2019-10-31 15:36:54 - [MESSAGE][PASSED] - Call Test Case 'Test Cases/Reusable_Test_Sequences/Members_Area/Validation/Callback_Requests_Sub/Callback_Request_Settings' successfully

2019-10-31 15:36:54 - [TEST_STEP][FAILED] - callTestCase(findTestCase("Reusable_Test_Sequences/Members_Area/Validation/Callback_Requests_Sub/Callback_Requests_Notes"), [:], CONTINUE_ON_FAILURE): Unable to call Test Case 'Test Cases/Reusable_Test_Sequences/Members_Area/Validation/Callback_Requests_Sub/Callback_Requests_Notes' (Root cause: com.kms.katalon.core.exception.StepFailedException: Call Test Case 'Test Cases/Reusable_Test_Sequences/Members_Area/Validation/Callback_Requests_Sub/Callback_Requests_Notes' failed
	at com.kms.katalon.core.keyword.builtin.CallTestCaseKeyword$_callTestCase_closure1.doCall(CallTestCaseKeyword.groovy:63)
	at com.kms.katalon.core.keyword.builtin.CallTestCaseKeyword$_callTestCase_closure1.call(CallTestCaseKeyword.groovy)
	at com.kms.katalon.core.keyword.internal.KeywordMain.runKeyword(KeywordMain.groovy:68)
	at com.kms.katalon.core.keyword.builtin.CallTestCaseKeyword.callTestCase(CallTestCaseKeyword.groovy:81)
	at com.kms.katalon.core.keyword.builtin.CallTestCaseKeyword.execute(CallTestCaseKeyword.groovy:44)
	at com.kms.katalon.core.keyword.internal.KeywordExecutor.executeKeywordForPlatform(KeywordExecutor.groovy:60)
	at com.kms.katalon.core.keyword.BuiltinKeywords.callTestCase(BuiltinKeywords.groovy:334)
	at Callback_Requests.run(Callback_Requests:77)
	at com.kms.katalon.core.main.ScriptEngine.run(ScriptEngine.java:194)
	at com.kms.katalon.core.main.ScriptEngine.runScriptAsRawText(ScriptEngine.java:119)
	at com.kms.katalon.core.main.TestCaseExecutor.runScript(TestCaseExecutor.java:337)
	at com.kms.katalon.core.main.TestCaseExecutor.doExecute(TestCaseExecutor.java:328)
	at com.kms.katalon.core.main.TestCaseExecutor.processExecutionPhase(TestCaseExecutor.java:307)
	at com.kms.katalon.core.main.TestCaseExecutor.accessMainPhase(TestCaseExecutor.java:299)
	at com.kms.katalon.core.main.TestCaseExecutor.execute(TestCaseExecutor.java:233)
	at com.kms.katalon.core.main.TestSuiteExecutor.accessTestCaseMainPhase(TestSuiteExecutor.java:169)
	at com.kms.katalon.core.main.TestSuiteExecutor.accessTestSuiteMainPhase(TestSuiteExecutor.java:142)
	at com.kms.katalon.core.main.TestSuiteExecutor.execute(TestSuiteExecutor.java:91)
	at com.kms.katalon.core.main.TestCaseMain.startTestSuite(TestCaseMain.java:157)
	at com.kms.katalon.core.main.TestCaseMain$startTestSuite$0.call(Unknown Source)
	at TempTestSuite1572536118851.run(TempTestSuite1572536118851.groovy:36)
Caused by: com.kms.katalon.core.exception.StepFailedException: Unable to click on object 'Object Repository/Page_Members Area/Page_Members Area/a_AddEdit note' (Root cause: com.kms.katalon.core.exception.StepFailedException: Unable to click on object 'Object Repository/Page_Members Area/Page_Members Area/a_AddEdit note'
	at com.kms.katalon.core.webui.keyword.internal.WebUIKeywordMain.stepFailed(WebUIKeywordMain.groovy:64)
	at com.kms.katalon.core.webui.keyword.internal.WebUIKeywordMain.runKeyword(WebUIKeywordMain.groovy:26)
	at com.kms.katalon.core.webui.keyword.builtin.ClickKeyword.click(ClickKeyword.groovy:79)
	at com.kms.katalon.core.webui.keyword.builtin.ClickKeyword.execute(ClickKeyword.groovy:42)
	at com.kms.katalon.core.keyword.internal.KeywordExecutor.executeKeywordForPlatform(KeywordExecutor.groovy:60)
	at com.kms.katalon.core.webui.keyword.WebUiBuiltInKeywords.click(WebUiBuiltInKeywords.groovy:616)
	at com.kms.katalon.core.webui.keyword.WebUiBuiltInKeywords$click$4.call(Unknown Source)
	at Callback_Requests_Notes.run(Callback_Requests_Notes:78)
	at com.kms.katalon.core.main.ScriptEngine.run(ScriptEngine.java:194)
	at com.kms.katalon.core.main.ScriptEngine.runScriptAsRawText(ScriptEngine.java:119)
	at com.kms.katalon.core.main.TestCaseExecutor.runScript(TestCaseExecutor.java:337)
	at com.kms.katalon.core.main.TestCaseExecutor.doExecute(TestCaseExecutor.java:328)
	at com.kms.katalon.core.main.TestCaseExecutor.processExecutionPhase(TestCaseExecutor.java:307)
	at com.kms.katalon.core.main.TestCaseExecutor.accessMainPhase(TestCaseExecutor.java:299)
	at com.kms.katalon.core.main.TestCaseExecutor.execute(TestCaseExecutor.java:233)
	at com.kms.katalon.core.main.TestCaseMain.runTestCase(TestCaseMain.java:114)
	at com.kms.katalon.core.keyword.builtin.CallTestCaseKeyword$_callTestCase_closure1.doCall(CallTestCaseKeyword.groovy:59)
	at com.kms.katalon.core.keyword.builtin.CallTestCaseKeyword$_callTestCase_closure1.call(CallTestCaseKeyword.groovy)
	at com.kms.katalon.core.keyword.internal.KeywordMain.runKeyword(KeywordMain.groovy:68)
	at com.kms.katalon.core.keyword.builtin.CallTestCaseKeyword.callTestCase(CallTestCaseKeyword.groovy:81)
	at com.kms.katalon.core.keyword.builtin.CallTestCaseKeyword.execute(CallTestCaseKeyword.groovy:44)
	at com.kms.katalon.core.keyword.internal.KeywordExecutor.executeKeywordForPlatform(KeywordExecutor.groovy:60)
	at com.kms.katalon.core.keyword.BuiltinKeywords.callTestCase(BuiltinKeywords.groovy:334)
	at Callback_Requests.run(Callback_Requests:77)
	at com.kms.katalon.core.main.ScriptEngine.run(ScriptEngine.java:194)
	at com.kms.katalon.core.main.ScriptEngine.runScriptAsRawText(ScriptEngine.java:119)
	at com.kms.katalon.core.main.TestCaseExecutor.runScript(TestCaseExecutor.java:337)
	at com.kms.katalon.core.main.TestCaseExecutor.doExecute(TestCaseExecutor.java:328)
	at com.kms.katalon.core.main.TestCaseExecutor.processExecutionPhase(TestCaseExecutor.java:307)
	at com.kms.katalon.core.main.TestCaseExecutor.accessMainPhase(TestCaseExecutor.java:299)
	at com.kms.katalon.core.main.TestCaseExecutor.execute(TestCaseExecutor.java:233)
	at com.kms.katalon.core.main.TestSuiteExecutor.accessTestCaseMainPhase(TestSuiteExecutor.java:169)
	at com.kms.katalon.core.main.TestSuiteExecutor.accessTestSuiteMainPhase(TestSuiteExecutor.java:142)
	at com.kms.katalon.core.main.TestSuiteExecutor.execute(TestSuiteExecutor.java:91)
	at com.kms.katalon.core.main.TestCaseMain.startTestSuite(TestCaseMain.java:157)
	at com.kms.katalon.core.main.TestCaseMain$startTestSuite$0.call(Unknown Source)
	at TempTestSuite1572536118851.run(TempTestSuite1572536118851.groovy:36)
Caused by: org.openqa.selenium.TimeoutException: Expected condition failed: waiting for element to be clickable: [[CChromeDriver: chrome on XP (f72f19c562a2ba073e552ed80e1fa5b1)] -> xpath: //*[@id = 'btnNote_285821' and (text() = ' Add/Edit note ' or . = ' Add/Edit note ')]] (tried for 30 second(s) with 500 milliseconds interval)
Build info: version: '3.141.59', revision: 'e82be7d358', time: '2018-11-14T08:25:53'
System info: host: 'VETTEDSP36RF', ip: '10.0.11.243', os.name: 'Windows 10', os.arch: 'x86', os.version: '10.0', java.version: '1.8.0_181'
Driver info: com.kms.katalon.core.webui.driver.SmartWaitWebDriver
Capabilities {acceptInsecureCerts: false, browserName: chrome, browserVersion: 78.0.3904.70, chrome: {chromedriverVersion: 77.0.3865.40 (f484704e052e0..., userDataDir: C:\Users\davidho\AppData\Lo...}, goog:chromeOptions: {debuggerAddress: localhost:55294}, javascriptEnabled: true, networkConnectionEnabled: false, pageLoadStrategy: normal, platform: XP, platformName: XP, proxy: Proxy(), setWindowRect: true, strictFileInteractability: false, timeouts: {implicit: 0, pageLoad: 300000, script: 30000}, unhandledPromptBehavior: dismiss and notify}
Session ID: f72f19c562a2ba073e552ed80e1fa5b1
	at org.openqa.selenium.support.ui.WebDriverWait.timeoutException(WebDriverWait.java:95)
	at org.openqa.selenium.support.ui.FluentWait.until(FluentWait.java:272)
	at com.kms.katalon.core.webui.keyword.builtin.ClickKeyword$_click_closure1.doCall(ClickKeyword.groovy:56)
	at com.kms.katalon.core.webui.keyword.builtin.ClickKeyword$_click_closure1.call(ClickKeyword.groovy)
	at com.kms.katalon.core.webui.keyword.internal.WebUIKeywordMain.runKeyword(WebUIKeywordMain.groovy:20)
	at com.kms.katalon.core.webui.keyword.builtin.ClickKeyword.click(ClickKeyword.groovy:79)
	at com.kms.katalon.core.webui.keyword.builtin.ClickKeyword.execute(ClickKeyword.groovy:42)
	at com.kms.katalon.core.keyword.internal.KeywordExecutor.executeKeywordForPlatform(KeywordExecutor.groovy:60)
	at com.kms.katalon.core.webui.keyword.WebUiBuiltInKeywords.click(WebUiBuiltInKeywords.groovy:616)
	at com.kms.katalon.core.webui.keyword.WebUiBuiltInKeywords$click$4.call(Unknown Source)
	at Script1570028604947.run(Script1570028604947.groovy:78)
	at com.kms.katalon.core.main.ScriptEngine.run(ScriptEngine.java:194)
	at com.kms.katalon.core.main.ScriptEngine.runScriptAsRawText(ScriptEngine.java:119)
	at com.kms.katalon.core.main.TestCaseExecutor.runScript(TestCaseExecutor.java:337)
	at com.kms.katalon.core.main.TestCaseExecutor.doExecute(TestCaseExecutor.java:328)
	at com.kms.katalon.core.main.TestCaseExecutor.processExecutionPhase(TestCaseExecutor.java:307)
	at com.kms.katalon.core.main.TestCaseExecutor.accessMainPhase(TestCaseExecutor.java:299)
	at com.kms.katalon.core.main.TestCaseExecutor.execute(TestCaseExecutor.java:233)
	at com.kms.katalon.core.main.TestCaseMain.runTestCase(TestCaseMain.java:114)
	at com.kms.katalon.core.keyword.builtin.CallTestCaseKeyword$_callTestCase_closure1.doCall(CallTestCaseKeyword.groovy:59)
	at com.kms.katalon.core.keyword.builtin.CallTestCaseKeyword$_callTestCase_closure1.call(CallTestCaseKeyword.groovy)
	at com.kms.katalon.core.keyword.internal.KeywordMain.runKeyword(KeywordMain.groovy:68)
	at com.kms.katalon.core.keyword.builtin.CallTestCaseKeyword.callTestCase(CallTestCaseKeyword.groovy:81)
	at com.kms.katalon.core.keyword.builtin.CallTestCaseKeyword.execute(CallTestCaseKeyword.groovy:44)
	at com.kms.katalon.core.keyword.internal.KeywordExecutor.executeKeywordForPlatform(KeywordExecutor.groovy:60)
	at com.kms.katalon.core.keyword.BuiltinKeywords.callTestCase(BuiltinKeywords.groovy:334)
	at Script1569933857280.run(Script1569933857280.groovy:77)
	... 13 more
)
	at com.kms.katalon.core.keyword.internal.KeywordMain.stepFailed(KeywordMain.groovy:39)
	at com.kms.katalon.core.webui.keyword.internal.WebUIKeywordMain.stepFailed(WebUIKeywordMain.groovy:64)
	at com.kms.katalon.core.webui.keyword.internal.WebUIKeywordMain.runKeyword(WebUIKeywordMain.groovy:26)
	at com.kms.katalon.core.webui.keyword.builtin.ClickKeyword.click(ClickKeyword.groovy:79)
	at com.kms.katalon.core.webui.keyword.builtin.ClickKeyword.execute(ClickKeyword.groovy:42)
	at com.kms.katalon.core.keyword.internal.KeywordExecutor.executeKeywordForPlatform(KeywordExecutor.groovy:60)
	at com.kms.katalon.core.webui.keyword.WebUiBuiltInKeywords.click(WebUiBuiltInKeywords.groovy:616)
	at com.kms.katalon.core.webui.keyword.WebUiBuiltInKeywords$click$4.call(Unknown Source)
	at Callback_Requests_Notes.run(Callback_Requests_Notes:78)
	at com.kms.katalon.core.main.ScriptEngine.run(ScriptEngine.java:194)
	at com.kms.katalon.core.main.ScriptEngine.runScriptAsRawText(ScriptEngine.java:119)
	at com.kms.katalon.core.main.TestCaseExecutor.runScript(TestCaseExecutor.java:337)
	at com.kms.katalon.core.main.TestCaseExecutor.doExecute(TestCaseExecutor.java:328)
	at com.kms.katalon.core.main.TestCaseExecutor.processExecutionPhase(TestCaseExecutor.java:307)
	at com.kms.katalon.core.main.TestCaseExecutor.accessMainPhase(TestCaseExecutor.java:299)
	at com.kms.katalon.core.main.TestCaseExecutor.execute(TestCaseExecutor.java:233)
	at com.kms.katalon.core.main.TestCaseMain.runTestCase(TestCaseMain.java:114)
	at com.kms.katalon.core.keyword.builtin.CallTestCaseKeyword$_callTestCase_closure1.doCall(CallTestCaseKeyword.groovy:59)
	... 20 more
Caused by: com.kms.katalon.core.exception.StepFailedException: Unable to click on object 'Object Repository/Page_Members Area/Page_Members Area/a_AddEdit note'
	... 37 more
Caused by: org.openqa.selenium.TimeoutException: Expected condition failed: waiting for element to be clickable: [[CChromeDriver: chrome on XP (f72f19c562a2ba073e552ed80e1fa5b1)] -> xpath: //*[@id = 'btnNote_285821' and (text() = ' Add/Edit note ' or . = ' Add/Edit note ')]] (tried for 30 second(s) with 500 milliseconds interval)
Build info: version: '3.141.59', revision: 'e82be7d358', time: '2018-11-14T08:25:53'
System info: host: 'VETTEDSP36RF', ip: '10.0.11.243', os.name: 'Windows 10', os.arch: 'x86', os.version: '10.0', java.version: '1.8.0_181'
Driver info: com.kms.katalon.core.webui.driver.SmartWaitWebDriver
Capabilities {acceptInsecureCerts: false, browserName: chrome, browserVersion: 78.0.3904.70, chrome: {chromedriverVersion: 77.0.3865.40 (f484704e052e0..., userDataDir: C:\Users\davidho\AppData\Lo...}, goog:chromeOptions: {debuggerAddress: localhost:55294}, javascriptEnabled: true, networkConnectionEnabled: false, pageLoadStrategy: normal, platform: XP, platformName: XP, proxy: Proxy(), setWindowRect: true, strictFileInteractability: false, timeouts: {implicit: 0, pageLoad: 300000, script: 30000}, unhandledPromptBehavior: dismiss and notify}
Session ID: f72f19c562a2ba073e552ed80e1fa5b1
	at org.openqa.selenium.support.ui.WebDriverWait.timeoutException(WebDriverWait.java:95)
	at org.openqa.selenium.support.ui.FluentWait.until(FluentWait.java:272)
	at com.kms.katalon.core.webui.keyword.builtin.ClickKeyword$_click_closure1.doCall(ClickKeyword.groovy:56)
	at com.kms.katalon.core.webui.keyword.builtin.ClickKeyword$_click_closure1.call(ClickKeyword.groovy)
	at com.kms.katalon.core.webui.keyword.internal.WebUIKeywordMain.runKeyword(WebUIKeywordMain.groovy:20)
	... 35 more
)

2019-10-31 15:36:54 - [TEST_CASE][FAILED] - Test Cases/Reusable_Test_Sequences/Members_Area/Validation/Callback_Requests_Sub/Callback_Requests_Notes: Test Cases/Reusable_Test_Sequences/Members_Area/Validation/Callback_Requests_Sub/Callback_Requests_Notes FAILED.
Reason:
com.kms.katalon.core.exception.StepFailedException: Unable to click on object 'Object Repository/Page_Members Area/Page_Members Area/a_AddEdit note' (Root cause: com.kms.katalon.core.exception.StepFailedException: Unable to click on object 'Object Repository/Page_Members Area/Page_Members Area/a_AddEdit note'
	at com.kms.katalon.core.webui.keyword.internal.WebUIKeywordMain.stepFailed(WebUIKeywordMain.groovy:64)
	at com.kms.katalon.core.webui.keyword.internal.WebUIKeywordMain.runKeyword(WebUIKeywordMain.groovy:26)
	at com.kms.katalon.core.webui.keyword.builtin.ClickKeyword.click(ClickKeyword.groovy:79)
	at com.kms.katalon.core.webui.keyword.builtin.ClickKeyword.execute(ClickKeyword.groovy:42)
	at com.kms.katalon.core.keyword.internal.KeywordExecutor.executeKeywordForPlatform(KeywordExecutor.groovy:60)
	at com.kms.katalon.core.webui.keyword.WebUiBuiltInKeywords.click(WebUiBuiltInKeywords.groovy:616)
	at com.kms.katalon.core.webui.keyword.WebUiBuiltInKeywords$click$4.call(Unknown Source)
	at Callback_Requests_Notes.run(Callback_Requests_Notes:78)
	at com.kms.katalon.core.main.ScriptEngine.run(ScriptEngine.java:194)
	at com.kms.katalon.core.main.ScriptEngine.runScriptAsRawText(ScriptEngine.java:119)
	at com.kms.katalon.core.main.TestCaseExecutor.runScript(TestCaseExecutor.java:337)
	at com.kms.katalon.core.main.TestCaseExecutor.doExecute(TestCaseExecutor.java:328)
	at com.kms.katalon.core.main.TestCaseExecutor.processExecutionPhase(TestCaseExecutor.java:307)
	at com.kms.katalon.core.main.TestCaseExecutor.accessMainPhase(TestCaseExecutor.java:299)
	at com.kms.katalon.core.main.TestCaseExecutor.execute(TestCaseExecutor.java:233)
	at com.kms.katalon.core.main.TestCaseMain.runTestCase(TestCaseMain.java:114)
	at com.kms.katalon.core.keyword.builtin.CallTestCaseKeyword$_callTestCase_closure1.doCall(CallTestCaseKeyword.groovy:59)
	at com.kms.katalon.core.keyword.builtin.CallTestCaseKeyword$_callTestCase_closure1.call(CallTestCaseKeyword.groovy)
	at com.kms.katalon.core.keyword.internal.KeywordMain.runKeyword(KeywordMain.groovy:68)
	at com.kms.katalon.core.keyword.builtin.CallTestCaseKeyword.callTestCase(CallTestCaseKeyword.groovy:81)
	at com.kms.katalon.core.keyword.builtin.CallTestCaseKeyword.execute(CallTestCaseKeyword.groovy:44)
	at com.kms.katalon.core.keyword.internal.KeywordExecutor.executeKeywordForPlatform(KeywordExecutor.groovy:60)
	at com.kms.katalon.core.keyword.BuiltinKeywords.callTestCase(BuiltinKeywords.groovy:334)
	at Callback_Requests.run(Callback_Requests:77)
	at com.kms.katalon.core.main.ScriptEngine.run(ScriptEngine.java:194)
	at com.kms.katalon.core.main.ScriptEngine.runScriptAsRawText(ScriptEngine.java:119)
	at com.kms.katalon.core.main.TestCaseExecutor.runScript(TestCaseExecutor.java:337)
	at com.kms.katalon.core.main.TestCaseExecutor.doExecute(TestCaseExecutor.java:328)
	at com.kms.katalon.core.main.TestCaseExecutor.processExecutionPhase(TestCaseExecutor.java:307)
	at com.kms.katalon.core.main.TestCaseExecutor.accessMainPhase(TestCaseExecutor.java:299)
	at com.kms.katalon.core.main.TestCaseExecutor.execute(TestCaseExecutor.java:233)
	at com.kms.katalon.core.main.TestSuiteExecutor.accessTestCaseMainPhase(TestSuiteExecutor.java:169)
	at com.kms.katalon.core.main.TestSuiteExecutor.accessTestSuiteMainPhase(TestSuiteExecutor.java:142)
	at com.kms.katalon.core.main.TestSuiteExecutor.execute(TestSuiteExecutor.java:91)
	at com.kms.katalon.core.main.TestCaseMain.startTestSuite(TestCaseMain.java:157)
	at com.kms.katalon.core.main.TestCaseMain$startTestSuite$0.call(Unknown Source)
	at TempTestSuite1572536118851.run(TempTestSuite1572536118851.groovy:36)
Caused by: org.openqa.selenium.TimeoutException: Expected condition failed: waiting for element to be clickable: [[CChromeDriver: chrome on XP (f72f19c562a2ba073e552ed80e1fa5b1)] -> xpath: //*[@id = 'btnNote_285821' and (text() = ' Add/Edit note ' or . = ' Add/Edit note ')]] (tried for 30 second(s) with 500 milliseconds interval)
Build info: version: '3.141.59', revision: 'e82be7d358', time: '2018-11-14T08:25:53'
System info: host: 'VETTEDSP36RF', ip: '10.0.11.243', os.name: 'Windows 10', os.arch: 'x86', os.version: '10.0', java.version: '1.8.0_181'
Driver info: com.kms.katalon.core.webui.driver.SmartWaitWebDriver
Capabilities {acceptInsecureCerts: false, browserName: chrome, browserVersion: 78.0.3904.70, chrome: {chromedriverVersion: 77.0.3865.40 (f484704e052e0..., userDataDir: C:\Users\davidho\AppData\Lo...}, goog:chromeOptions: {debuggerAddress: localhost:55294}, javascriptEnabled: true, networkConnectionEnabled: false, pageLoadStrategy: normal, platform: XP, platformName: XP, proxy: Proxy(), setWindowRect: true, strictFileInteractability: false, timeouts: {implicit: 0, pageLoad: 300000, script: 30000}, unhandledPromptBehavior: dismiss and notify}
Session ID: f72f19c562a2ba073e552ed80e1fa5b1
	at org.openqa.selenium.support.ui.WebDriverWait.timeoutException(WebDriverWait.java:95)
	at org.openqa.selenium.support.ui.FluentWait.until(FluentWait.java:272)
	at com.kms.katalon.core.webui.keyword.builtin.ClickKeyword$_click_closure1.doCall(ClickKeyword.groovy:56)
	at com.kms.katalon.core.webui.keyword.builtin.ClickKeyword$_click_closure1.call(ClickKeyword.groovy)
	at com.kms.katalon.core.webui.keyword.internal.WebUIKeywordMain.runKeyword(WebUIKeywordMain.groovy:20)
	at com.kms.katalon.core.webui.keyword.builtin.ClickKeyword.click(ClickKeyword.groovy:79)
	at com.kms.katalon.core.webui.keyword.builtin.ClickKeyword.execute(ClickKeyword.groovy:42)
	at com.kms.katalon.core.keyword.internal.KeywordExecutor.executeKeywordForPlatform(KeywordExecutor.groovy:60)
	at com.kms.katalon.core.webui.keyword.WebUiBuiltInKeywords.click(WebUiBuiltInKeywords.groovy:616)
	at com.kms.katalon.core.webui.keyword.WebUiBuiltInKeywords$click$4.call(Unknown Source)
	at Script1570028604947.run(Script1570028604947.groovy:78)
	at com.kms.katalon.core.main.ScriptEngine.run(ScriptEngine.java:194)
	at com.kms.katalon.core.main.ScriptEngine.runScriptAsRawText(ScriptEngine.java:119)
	at com.kms.katalon.core.main.TestCaseExecutor.runScript(TestCaseExecutor.java:337)
	at com.kms.katalon.core.main.TestCaseExecutor.doExecute(TestCaseExecutor.java:328)
	at com.kms.katalon.core.main.TestCaseExecutor.processExecutionPhase(TestCaseExecutor.java:307)
	at com.kms.katalon.core.main.TestCaseExecutor.accessMainPhase(TestCaseExecutor.java:299)
	at com.kms.katalon.core.main.TestCaseExecutor.execute(TestCaseExecutor.java:233)
	at com.kms.katalon.core.main.TestCaseMain.runTestCase(TestCaseMain.java:114)
	at com.kms.katalon.core.keyword.builtin.CallTestCaseKeyword$_callTestCase_closure1.doCall(CallTestCaseKeyword.groovy:59)
	at com.kms.katalon.core.keyword.builtin.CallTestCaseKeyword$_callTestCase_closure1.call(CallTestCaseKeyword.groovy)
	at com.kms.katalon.core.keyword.internal.KeywordMain.runKeyword(KeywordMain.groovy:68)
	at com.kms.katalon.core.keyword.builtin.CallTestCaseKeyword.callTestCase(CallTestCaseKeyword.groovy:81)
	at com.kms.katalon.core.keyword.builtin.CallTestCaseKeyword.execute(CallTestCaseKeyword.groovy:44)
	at com.kms.katalon.core.keyword.internal.KeywordExecutor.executeKeywordForPlatform(KeywordExecutor.groovy:60)
	at com.kms.katalon.core.keyword.BuiltinKeywords.callTestCase(BuiltinKeywords.groovy:334)
	at Script1569933857280.run(Script1569933857280.groovy:77)
	... 13 more
)
	at com.kms.katalon.core.keyword.internal.KeywordMain.stepFailed(KeywordMain.groovy:39)
	at com.kms.katalon.core.webui.keyword.internal.WebUIKeywordMain.stepFailed(WebUIKeywordMain.groovy:64)
	at com.kms.katalon.core.webui.keyword.internal.WebUIKeywordMain.runKeyword(WebUIKeywordMain.groovy:26)
	at com.kms.katalon.core.webui.keyword.builtin.ClickKeyword.click(ClickKeyword.groovy:79)
	at com.kms.katalon.core.webui.keyword.builtin.ClickKeyword.execute(ClickKeyword.groovy:42)
	at com.kms.katalon.core.keyword.internal.KeywordExecutor.executeKeywordForPlatform(KeywordExecutor.groovy:60)
	at com.kms.katalon.core.webui.keyword.WebUiBuiltInKeywords.click(WebUiBuiltInKeywords.groovy:616)
	at com.kms.katalon.core.webui.keyword.WebUiBuiltInKeywords$click$4.call(Unknown Source)
	at Callback_Requests_Notes.run(Callback_Requests_Notes:78)
	at com.kms.katalon.core.main.ScriptEngine.run(ScriptEngine.java:194)
	at com.kms.katalon.core.main.ScriptEngine.runScriptAsRawText(ScriptEngine.java:119)
	at com.kms.katalon.core.main.TestCaseExecutor.runScript(TestCaseExecutor.java:337)
	at com.kms.katalon.core.main.TestCaseExecutor.doExecute(TestCaseExecutor.java:328)
	at com.kms.katalon.core.main.TestCaseExecutor.processExecutionPhase(TestCaseExecutor.java:307)
	at com.kms.katalon.core.main.TestCaseExecutor.accessMainPhase(TestCaseExecutor.java:299)
	at com.kms.katalon.core.main.TestCaseExecutor.execute(TestCaseExecutor.java:233)
	at com.kms.katalon.core.main.TestCaseMain.runTestCase(TestCaseMain.java:114)
	at com.kms.katalon.core.keyword.builtin.CallTestCaseKeyword$_callTestCase_closure1.doCall(CallTestCaseKeyword.groovy:59)
	at com.kms.katalon.core.keyword.builtin.CallTestCaseKeyword$_callTestCase_closure1.call(CallTestCaseKeyword.groovy)
	at com.kms.katalon.core.keyword.internal.KeywordMain.runKeyword(KeywordMain.groovy:68)
	at com.kms.katalon.core.keyword.builtin.CallTestCaseKeyword.callTestCase(CallTestCaseKeyword.groovy:81)
	at com.kms.katalon.core.keyword.builtin.CallTestCaseKeyword.execute(CallTestCaseKeyword.groovy:44)
	at com.kms.katalon.core.keyword.internal.KeywordExecutor.executeKeywordForPlatform(KeywordExecutor.groovy:60)
	at com.kms.katalon.core.keyword.BuiltinKeywords.callTestCase(BuiltinKeywords.groovy:334)
	at Callback_Requests.run(Callback_Requests:77)
	at com.kms.katalon.core.main.ScriptEngine.run(ScriptEngine.java:194)
	at com.kms.katalon.core.main.ScriptEngine.runScriptAsRawText(ScriptEngine.java:119)
	at com.kms.katalon.core.main.TestCaseExecutor.runScript(TestCaseExecutor.java:337)
	at com.kms.katalon.core.main.TestCaseExecutor.doExecute(TestCaseExecutor.java:328)
	at com.kms.katalon.core.main.TestCaseExecutor.processExecutionPhase(TestCaseExecutor.java:307)
	at com.kms.katalon.core.main.TestCaseExecutor.accessMainPhase(TestCaseExecutor.java:299)
	at com.kms.katalon.core.main.TestCaseExecutor.execute(TestCaseExecutor.java:233)
	at com.kms.katalon.core.main.TestSuiteExecutor.accessTestCaseMainPhase(TestSuiteExecutor.java:169)
	at com.kms.katalon.core.main.TestSuiteExecutor.accessTestSuiteMainPhase(TestSuiteExecutor.java:142)
	at com.kms.katalon.core.main.TestSuiteExecutor.execute(TestSuiteExecutor.java:91)
	at com.kms.katalon.core.main.TestCaseMain.startTestSuite(TestCaseMain.java:157)
	at com.kms.katalon.core.main.TestCaseMain$startTestSuite$0.call(Unknown Source)
	at TempTestSuite1572536118851.run(TempTestSuite1572536118851.groovy:36)
Caused by: com.kms.katalon.core.exception.StepFailedException: Unable to click on object 'Object Repository/Page_Members Area/Page_Members Area/a_AddEdit note'
	... 37 more
Caused by: org.openqa.selenium.TimeoutException: Expected condition failed: waiting for element to be clickable: [[CChromeDriver: chrome on XP (f72f19c562a2ba073e552ed80e1fa5b1)] -> xpath: //*[@id = 'btnNote_285821' and (text() = ' Add/Edit note ' or . = ' Add/Edit note ')]] (tried for 30 second(s) with 500 milliseconds interval)
Build info: version: '3.141.59', revision: 'e82be7d358', time: '2018-11-14T08:25:53'
System info: host: 'VETTEDSP36RF', ip: '10.0.11.243', os.name: 'Windows 10', os.arch: 'x86', os.version: '10.0', java.version: '1.8.0_181'
Driver info: com.kms.katalon.core.webui.driver.SmartWaitWebDriver
Capabilities {acceptInsecureCerts: false, browserName: chrome, browserVersion: 78.0.3904.70, chrome: {chromedriverVersion: 77.0.3865.40 (f484704e052e0..., userDataDir: C:\Users\davidho\AppData\Lo...}, goog:chromeOptions: {debuggerAddress: localhost:55294}, javascriptEnabled: true, networkConnectionEnabled: false, pageLoadStrategy: normal, platform: XP, platformName: XP, proxy: Proxy(), setWindowRect: true, strictFileInteractability: false, timeouts: {implicit: 0, pageLoad: 300000, script: 30000}, unhandledPromptBehavior: dismiss and notify}
Session ID: f72f19c562a2ba073e552ed80e1fa5b1
	at org.openqa.selenium.support.ui.WebDriverWait.timeoutException(WebDriverWait.java:95)
	at org.openqa.selenium.support.ui.FluentWait.until(FluentWait.java:272)
	at com.kms.katalon.core.webui.keyword.builtin.ClickKeyword$_click_closure1.doCall(ClickKeyword.groovy:56)
	at com.kms.katalon.core.webui.keyword.builtin.ClickKeyword$_click_closure1.call(ClickKeyword.groovy)
	at com.kms.katalon.core.webui.keyword.internal.WebUIKeywordMain.runKeyword(WebUIKeywordMain.groovy:20)
	... 35 more


2019-10-31 15:36:54 - [TEST_STEP][PASSED] - waitForPageLoad(25): Wait for page load successfully

2019-10-31 15:36:54 - [MESSAGE][PASSED] - Wait for page load successfully

2019-10-31 15:36:54 - [TEST_STEP][PASSED] - waitForElementPresent(findTestObject("Object Repository/Page_Members Area/a_Settings"), 50): Object 'Object Repository/Page_Members Area/a_Settings' is present

2019-10-31 15:36:55 - [MESSAGE][PASSED] - Object 'Object Repository/Page_Members Area/a_Settings' is present

2019-10-31 15:36:55 - [TEST_STEP][PASSED] - "----------------------------------------------": null

2019-10-31 15:36:55 - [TEST_STEP][PASSED] - "----------------------------------------------": null

2019-10-31 15:36:55 - [TEST_STEP][PASSED] - "---------------------------------": null

2019-10-31 15:36:55 - [TEST_STEP][PASSED] - waitForElementClickable(findTestObject("Object Repository/Page_Members Area/Page_Members Area/a_AddEdit note"), 2): Object 'Object Repository/Page_Members Area/Page_Members Area/a_AddEdit note' is clickable

2019-10-31 15:36:55 - [MESSAGE][PASSED] - Object 'Object Repository/Page_Members Area/Page_Members Area/a_AddEdit note' is clickable

2019-10-31 15:36:55 - [TEST_STEP][FAILED] - click(findTestObject("Object Repository/Page_Members Area/Page_Members Area/a_AddEdit note")): Unable to click on object 'Object Repository/Page_Members Area/Page_Members Area/a_AddEdit note' (Root cause: com.kms.katalon.core.exception.StepFailedException: Unable to click on object 'Object Repository/Page_Members Area/Page_Members Area/a_AddEdit note'
	at com.kms.katalon.core.webui.keyword.internal.WebUIKeywordMain.stepFailed(WebUIKeywordMain.groovy:64)
	at com.kms.katalon.core.webui.keyword.internal.WebUIKeywordMain.runKeyword(WebUIKeywordMain.groovy:26)
	at com.kms.katalon.core.webui.keyword.builtin.ClickKeyword.click(ClickKeyword.groovy:79)
	at com.kms.katalon.core.webui.keyword.builtin.ClickKeyword.execute(ClickKeyword.groovy:42)
	at com.kms.katalon.core.keyword.internal.KeywordExecutor.executeKeywordForPlatform(KeywordExecutor.groovy:60)
	at com.kms.katalon.core.webui.keyword.WebUiBuiltInKeywords.click(WebUiBuiltInKeywords.groovy:616)
	at com.kms.katalon.core.webui.keyword.WebUiBuiltInKeywords$click$4.call(Unknown Source)
	at Callback_Requests_Notes.run(Callback_Requests_Notes:78)
	at com.kms.katalon.core.main.ScriptEngine.run(ScriptEngine.java:194)
	at com.kms.katalon.core.main.ScriptEngine.runScriptAsRawText(ScriptEngine.java:119)
	at com.kms.katalon.core.main.TestCaseExecutor.runScript(TestCaseExecutor.java:337)
	at com.kms.katalon.core.main.TestCaseExecutor.doExecute(TestCaseExecutor.java:328)
	at com.kms.katalon.core.main.TestCaseExecutor.processExecutionPhase(TestCaseExecutor.java:307)
	at com.kms.katalon.core.main.TestCaseExecutor.accessMainPhase(TestCaseExecutor.java:299)
	at com.kms.katalon.core.main.TestCaseExecutor.execute(TestCaseExecutor.java:233)
	at com.kms.katalon.core.main.TestCaseMain.runTestCase(TestCaseMain.java:114)
	at com.kms.katalon.core.keyword.builtin.CallTestCaseKeyword$_callTestCase_closure1.doCall(CallTestCaseKeyword.groovy:59)
	at com.kms.katalon.core.keyword.builtin.CallTestCaseKeyword$_callTestCase_closure1.call(CallTestCaseKeyword.groovy)
	at com.kms.katalon.core.keyword.internal.KeywordMain.runKeyword(KeywordMain.groovy:68)
	at com.kms.katalon.core.keyword.builtin.CallTestCaseKeyword.callTestCase(CallTestCaseKeyword.groovy:81)
	at com.kms.katalon.core.keyword.builtin.CallTestCaseKeyword.execute(CallTestCaseKeyword.groovy:44)
	at com.kms.katalon.core.keyword.internal.KeywordExecutor.executeKeywordForPlatform(KeywordExecutor.groovy:60)
	at com.kms.katalon.core.keyword.BuiltinKeywords.callTestCase(BuiltinKeywords.groovy:334)
	at Callback_Requests.run(Callback_Requests:77)
	at com.kms.katalon.core.main.ScriptEngine.run(ScriptEngine.java:194)
	at com.kms.katalon.core.main.ScriptEngine.runScriptAsRawText(ScriptEngine.java:119)
	at com.kms.katalon.core.main.TestCaseExecutor.runScript(TestCaseExecutor.java:337)
	at com.kms.katalon.core.main.TestCaseExecutor.doExecute(TestCaseExecutor.java:328)
	at com.kms.katalon.core.main.TestCaseExecutor.processExecutionPhase(TestCaseExecutor.java:307)
	at com.kms.katalon.core.main.TestCaseExecutor.accessMainPhase(TestCaseExecutor.java:299)
	at com.kms.katalon.core.main.TestCaseExecutor.execute(TestCaseExecutor.java:233)
	at com.kms.katalon.core.main.TestSuiteExecutor.accessTestCaseMainPhase(TestSuiteExecutor.java:169)
	at com.kms.katalon.core.main.TestSuiteExecutor.accessTestSuiteMainPhase(TestSuiteExecutor.java:142)
	at com.kms.katalon.core.main.TestSuiteExecutor.execute(TestSuiteExecutor.java:91)
	at com.kms.katalon.core.main.TestCaseMain.startTestSuite(TestCaseMain.java:157)
	at com.kms.katalon.core.main.TestCaseMain$startTestSuite$0.call(Unknown Source)
	at TempTestSuite1572536118851.run(TempTestSuite1572536118851.groovy:36)
Caused by: org.openqa.selenium.TimeoutException: Expected condition failed: waiting for element to be clickable: [[CChromeDriver: chrome on XP (f72f19c562a2ba073e552ed80e1fa5b1)] -> xpath: //*[@id = 'btnNote_285821' and (text() = ' Add/Edit note ' or . = ' Add/Edit note ')]] (tried for 30 second(s) with 500 milliseconds interval)
Build info: version: '3.141.59', revision: 'e82be7d358', time: '2018-11-14T08:25:53'
System info: host: 'VETTEDSP36RF', ip: '10.0.11.243', os.name: 'Windows 10', os.arch: 'x86', os.version: '10.0', java.version: '1.8.0_181'
Driver info: com.kms.katalon.core.webui.driver.SmartWaitWebDriver
Capabilities {acceptInsecureCerts: false, browserName: chrome, browserVersion: 78.0.3904.70, chrome: {chromedriverVersion: 77.0.3865.40 (f484704e052e0..., userDataDir: C:\Users\davidho\AppData\Lo...}, goog:chromeOptions: {debuggerAddress: localhost:55294}, javascriptEnabled: true, networkConnectionEnabled: false, pageLoadStrategy: normal, platform: XP, platformName: XP, proxy: Proxy(), setWindowRect: true, strictFileInteractability: false, timeouts: {implicit: 0, pageLoad: 300000, script: 30000}, unhandledPromptBehavior: dismiss and notify}
Session ID: f72f19c562a2ba073e552ed80e1fa5b1
	at org.openqa.selenium.support.ui.WebDriverWait.timeoutException(WebDriverWait.java:95)
	at org.openqa.selenium.support.ui.FluentWait.until(FluentWait.java:272)
	at com.kms.katalon.core.webui.keyword.builtin.ClickKeyword$_click_closure1.doCall(ClickKeyword.groovy:56)
	at com.kms.katalon.core.webui.keyword.builtin.ClickKeyword$_click_closure1.call(ClickKeyword.groovy)
	at com.kms.katalon.core.webui.keyword.internal.WebUIKeywordMain.runKeyword(WebUIKeywordMain.groovy:20)
	at com.kms.katalon.core.webui.keyword.builtin.ClickKeyword.click(ClickKeyword.groovy:79)
	at com.kms.katalon.core.webui.keyword.builtin.ClickKeyword.execute(ClickKeyword.groovy:42)
	at com.kms.katalon.core.keyword.internal.KeywordExecutor.executeKeywordForPlatform(KeywordExecutor.groovy:60)
	at com.kms.katalon.core.webui.keyword.WebUiBuiltInKeywords.click(WebUiBuiltInKeywords.groovy:616)
	at com.kms.katalon.core.webui.keyword.WebUiBuiltInKeywords$click$4.call(Unknown Source)
	at Script1570028604947.run(Script1570028604947.groovy:78)
	at com.kms.katalon.core.main.ScriptEngine.run(ScriptEngine.java:194)
	at com.kms.katalon.core.main.ScriptEngine.runScriptAsRawText(ScriptEngine.java:119)
	at com.kms.katalon.core.main.TestCaseExecutor.runScript(TestCaseExecutor.java:337)
	at com.kms.katalon.core.main.TestCaseExecutor.doExecute(TestCaseExecutor.java:328)
	at com.kms.katalon.core.main.TestCaseExecutor.processExecutionPhase(TestCaseExecutor.java:307)
	at com.kms.katalon.core.main.TestCaseExecutor.accessMainPhase(TestCaseExecutor.java:299)
	at com.kms.katalon.core.main.TestCaseExecutor.execute(TestCaseExecutor.java:233)
	at com.kms.katalon.core.main.TestCaseMain.runTestCase(TestCaseMain.java:114)
	at com.kms.katalon.core.keyword.builtin.CallTestCaseKeyword$_callTestCase_closure1.doCall(CallTestCaseKeyword.groovy:59)
	at com.kms.katalon.core.keyword.builtin.CallTestCaseKeyword$_callTestCase_closure1.call(CallTestCaseKeyword.groovy)
	at com.kms.katalon.core.keyword.internal.KeywordMain.runKeyword(KeywordMain.groovy:68)
	at com.kms.katalon.core.keyword.builtin.CallTestCaseKeyword.callTestCase(CallTestCaseKeyword.groovy:81)
	at com.kms.katalon.core.keyword.builtin.CallTestCaseKeyword.execute(CallTestCaseKeyword.groovy:44)
	at com.kms.katalon.core.keyword.internal.KeywordExecutor.executeKeywordForPlatform(KeywordExecutor.groovy:60)
	at com.kms.katalon.core.keyword.BuiltinKeywords.callTestCase(BuiltinKeywords.groovy:334)
	at Script1569933857280.run(Script1569933857280.groovy:77)
	... 13 more
)

2019-10-31 15:37:25 - [MESSAGE][FAILED] - Unable to click on object 'Object Repository/Page_Members Area/Page_Members Area/a_AddEdit note' (Root cause: com.kms.katalon.core.exception.StepFailedException: Unable to click on object 'Object Repository/Page_Members Area/Page_Members Area/a_AddEdit note'
	at com.kms.katalon.core.webui.keyword.internal.WebUIKeywordMain.stepFailed(WebUIKeywordMain.groovy:64)
	at com.kms.katalon.core.webui.keyword.internal.WebUIKeywordMain.runKeyword(WebUIKeywordMain.groovy:26)
	at com.kms.katalon.core.webui.keyword.builtin.ClickKeyword.click(ClickKeyword.groovy:79)
	at com.kms.katalon.core.webui.keyword.builtin.ClickKeyword.execute(ClickKeyword.groovy:42)
	at com.kms.katalon.core.keyword.internal.KeywordExecutor.executeKeywordForPlatform(KeywordExecutor.groovy:60)
	at com.kms.katalon.core.webui.keyword.WebUiBuiltInKeywords.click(WebUiBuiltInKeywords.groovy:616)
	at com.kms.katalon.core.webui.keyword.WebUiBuiltInKeywords$click$4.call(Unknown Source)
	at Callback_Requests_Notes.run(Callback_Requests_Notes:78)
	at com.kms.katalon.core.main.ScriptEngine.run(ScriptEngine.java:194)
	at com.kms.katalon.core.main.ScriptEngine.runScriptAsRawText(ScriptEngine.java:119)
	at com.kms.katalon.core.main.TestCaseExecutor.runScript(TestCaseExecutor.java:337)
	at com.kms.katalon.core.main.TestCaseExecutor.doExecute(TestCaseExecutor.java:328)
	at com.kms.katalon.core.main.TestCaseExecutor.processExecutionPhase(TestCaseExecutor.java:307)
	at com.kms.katalon.core.main.TestCaseExecutor.accessMainPhase(TestCaseExecutor.java:299)
	at com.kms.katalon.core.main.TestCaseExecutor.execute(TestCaseExecutor.java:233)
	at com.kms.katalon.core.main.TestCaseMain.runTestCase(TestCaseMain.java:114)
	at com.kms.katalon.core.keyword.builtin.CallTestCaseKeyword$_callTestCase_closure1.doCall(CallTestCaseKeyword.groovy:59)
	at com.kms.katalon.core.keyword.builtin.CallTestCaseKeyword$_callTestCase_closure1.call(CallTestCaseKeyword.groovy)
	at com.kms.katalon.core.keyword.internal.KeywordMain.runKeyword(KeywordMain.groovy:68)
	at com.kms.katalon.core.keyword.builtin.CallTestCaseKeyword.callTestCase(CallTestCaseKeyword.groovy:81)
	at com.kms.katalon.core.keyword.builtin.CallTestCaseKeyword.execute(CallTestCaseKeyword.groovy:44)
	at com.kms.katalon.core.keyword.internal.KeywordExecutor.executeKeywordForPlatform(KeywordExecutor.groovy:60)
	at com.kms.katalon.core.keyword.BuiltinKeywords.callTestCase(BuiltinKeywords.groovy:334)
	at Callback_Requests.run(Callback_Requests:77)
	at com.kms.katalon.core.main.ScriptEngine.run(ScriptEngine.java:194)
	at com.kms.katalon.core.main.ScriptEngine.runScriptAsRawText(ScriptEngine.java:119)
	at com.kms.katalon.core.main.TestCaseExecutor.runScript(TestCaseExecutor.java:337)
	at com.kms.katalon.core.main.TestCaseExecutor.doExecute(TestCaseExecutor.java:328)
	at com.kms.katalon.core.main.TestCaseExecutor.processExecutionPhase(TestCaseExecutor.java:307)
	at com.kms.katalon.core.main.TestCaseExecutor.accessMainPhase(TestCaseExecutor.java:299)
	at com.kms.katalon.core.main.TestCaseExecutor.execute(TestCaseExecutor.java:233)
	at com.kms.katalon.core.main.TestSuiteExecutor.accessTestCaseMainPhase(TestSuiteExecutor.java:169)
	at com.kms.katalon.core.main.TestSuiteExecutor.accessTestSuiteMainPhase(TestSuiteExecutor.java:142)
	at com.kms.katalon.core.main.TestSuiteExecutor.execute(TestSuiteExecutor.java:91)
	at com.kms.katalon.core.main.TestCaseMain.startTestSuite(TestCaseMain.java:157)
	at com.kms.katalon.core.main.TestCaseMain$startTestSuite$0.call(Unknown Source)
	at TempTestSuite1572536118851.run(TempTestSuite1572536118851.groovy:36)
Caused by: org.openqa.selenium.TimeoutException: Expected condition failed: waiting for element to be clickable: [[CChromeDriver: chrome on XP (f72f19c562a2ba073e552ed80e1fa5b1)] -> xpath: //*[@id = 'btnNote_285821' and (text() = ' Add/Edit note ' or . = ' Add/Edit note ')]] (tried for 30 second(s) with 500 milliseconds interval)
Build info: version: '3.141.59', revision: 'e82be7d358', time: '2018-11-14T08:25:53'
System info: host: 'VETTEDSP36RF', ip: '10.0.11.243', os.name: 'Windows 10', os.arch: 'x86', os.version: '10.0', java.version: '1.8.0_181'
Driver info: com.kms.katalon.core.webui.driver.SmartWaitWebDriver
Capabilities {acceptInsecureCerts: false, browserName: chrome, browserVersion: 78.0.3904.70, chrome: {chromedriverVersion: 77.0.3865.40 (f484704e052e0..., userDataDir: C:\Users\davidho\AppData\Lo...}, goog:chromeOptions: {debuggerAddress: localhost:55294}, javascriptEnabled: true, networkConnectionEnabled: false, pageLoadStrategy: normal, platform: XP, platformName: XP, proxy: Proxy(), setWindowRect: true, strictFileInteractability: false, timeouts: {implicit: 0, pageLoad: 300000, script: 30000}, unhandledPromptBehavior: dismiss and notify}
Session ID: f72f19c562a2ba073e552ed80e1fa5b1
	at org.openqa.selenium.support.ui.WebDriverWait.timeoutException(WebDriverWait.java:95)
	at org.openqa.selenium.support.ui.FluentWait.until(FluentWait.java:272)
	at com.kms.katalon.core.webui.keyword.builtin.ClickKeyword$_click_closure1.doCall(ClickKeyword.groovy:56)
	at com.kms.katalon.core.webui.keyword.builtin.ClickKeyword$_click_closure1.call(ClickKeyword.groovy)
	at com.kms.katalon.core.webui.keyword.internal.WebUIKeywordMain.runKeyword(WebUIKeywordMain.groovy:20)
	at com.kms.katalon.core.webui.keyword.builtin.ClickKeyword.click(ClickKeyword.groovy:79)
	at com.kms.katalon.core.webui.keyword.builtin.ClickKeyword.execute(ClickKeyword.groovy:42)
	at com.kms.katalon.core.keyword.internal.KeywordExecutor.executeKeywordForPlatform(KeywordExecutor.groovy:60)
	at com.kms.katalon.core.webui.keyword.WebUiBuiltInKeywords.click(WebUiBuiltInKeywords.groovy:616)
	at com.kms.katalon.core.webui.keyword.WebUiBuiltInKeywords$click$4.call(Unknown Source)
	at Script1570028604947.run(Script1570028604947.groovy:78)
	at com.kms.katalon.core.main.ScriptEngine.run(ScriptEngine.java:194)
	at com.kms.katalon.core.main.ScriptEngine.runScriptAsRawText(ScriptEngine.java:119)
	at com.kms.katalon.core.main.TestCaseExecutor.runScript(TestCaseExecutor.java:337)
	at com.kms.katalon.core.main.TestCaseExecutor.doExecute(TestCaseExecutor.java:328)
	at com.kms.katalon.core.main.TestCaseExecutor.processExecutionPhase(TestCaseExecutor.java:307)
	at com.kms.katalon.core.main.TestCaseExecutor.accessMainPhase(TestCaseExecutor.java:299)
	at com.kms.katalon.core.main.TestCaseExecutor.execute(TestCaseExecutor.java:233)
	at com.kms.katalon.core.main.TestCaseMain.runTestCase(TestCaseMain.java:114)
	at com.kms.katalon.core.keyword.builtin.CallTestCaseKeyword$_callTestCase_closure1.doCall(CallTestCaseKeyword.groovy:59)
	at com.kms.katalon.core.keyword.builtin.CallTestCaseKeyword$_callTestCase_closure1.call(CallTestCaseKeyword.groovy)
	at com.kms.katalon.core.keyword.internal.KeywordMain.runKeyword(KeywordMain.groovy:68)
	at com.kms.katalon.core.keyword.builtin.CallTestCaseKeyword.callTestCase(CallTestCaseKeyword.groovy:81)
	at com.kms.katalon.core.keyword.builtin.CallTestCaseKeyword.execute(CallTestCaseKeyword.groovy:44)
	at com.kms.katalon.core.keyword.internal.KeywordExecutor.executeKeywordForPlatform(KeywordExecutor.groovy:60)
	at com.kms.katalon.core.keyword.BuiltinKeywords.callTestCase(BuiltinKeywords.groovy:334)
	at Script1569933857280.run(Script1569933857280.groovy:77)
	... 13 more
)
[[ATTACHMENT|C:\\Users\\davidho\\Katalon Studio\\Start\\Reports\\20191031_153516\\Members_Callback\\20191031_153518\\1572536245516.png]]

2019-10-31 15:37:25 - [TEST_STEP][FAILED] - verifyTextPresent("this is still a cool note", false): Text 'this is still a cool note' is not present on page  (Root cause: com.kms.katalon.core.exception.StepFailedException: Text 'this is still a cool note' is not present on page 
	at com.kms.katalon.core.webui.keyword.internal.WebUIKeywordMain.stepFailed(WebUIKeywordMain.groovy:64)
	at com.kms.katalon.core.webui.keyword.builtin.VerifyTextPresentKeyword$_verifyTextPresent_closure1.doCall(VerifyTextPresentKeyword.groovy:79)
	at com.kms.katalon.core.webui.keyword.builtin.VerifyTextPresentKeyword$_verifyTextPresent_closure1.call(VerifyTextPresentKeyword.groovy)
	at com.kms.katalon.core.webui.keyword.internal.WebUIKeywordMain.runKeyword(WebUIKeywordMain.groovy:20)
	at com.kms.katalon.core.webui.keyword.builtin.VerifyTextPresentKeyword.verifyTextPresent(VerifyTextPresentKeyword.groovy:83)
	at com.kms.katalon.core.webui.keyword.builtin.VerifyTextPresentKeyword.execute(VerifyTextPresentKeyword.groovy:68)
	at com.kms.katalon.core.keyword.internal.KeywordExecutor.executeKeywordForPlatform(KeywordExecutor.groovy:60)
	at com.kms.katalon.core.webui.keyword.WebUiBuiltInKeywords.verifyTextPresent(WebUiBuiltInKeywords.groovy:1693)
	at com.kms.katalon.core.webui.keyword.WebUiBuiltInKeywords$verifyTextPresent$2.call(Unknown Source)
	at Callback_Requests_Notes.run(Callback_Requests_Notes:95)
	at com.kms.katalon.core.main.ScriptEngine.run(ScriptEngine.java:194)
	at com.kms.katalon.core.main.ScriptEngine.runScriptAsRawText(ScriptEngine.java:119)
	at com.kms.katalon.core.main.TestCaseExecutor.runScript(TestCaseExecutor.java:337)
	at com.kms.katalon.core.main.TestCaseExecutor.doExecute(TestCaseExecutor.java:328)
	at com.kms.katalon.core.main.TestCaseExecutor.processExecutionPhase(TestCaseExecutor.java:307)
	at com.kms.katalon.core.main.TestCaseExecutor.accessMainPhase(TestCaseExecutor.java:299)
	at com.kms.katalon.core.main.TestCaseExecutor.execute(TestCaseExecutor.java:233)
	at com.kms.katalon.core.main.TestCaseMain.runTestCase(TestCaseMain.java:114)
	at com.kms.katalon.core.keyword.builtin.CallTestCaseKeyword$_callTestCase_closure1.doCall(CallTestCaseKeyword.groovy:59)
	at com.kms.katalon.core.keyword.builtin.CallTestCaseKeyword$_callTestCase_closure1.call(CallTestCaseKeyword.groovy)
	at com.kms.katalon.core.keyword.internal.KeywordMain.runKeyword(KeywordMain.groovy:68)
	at com.kms.katalon.core.keyword.builtin.CallTestCaseKeyword.callTestCase(CallTestCaseKeyword.groovy:81)
	at com.kms.katalon.core.keyword.builtin.CallTestCaseKeyword.execute(CallTestCaseKeyword.groovy:44)
	at com.kms.katalon.core.keyword.internal.KeywordExecutor.executeKeywordForPlatform(KeywordExecutor.groovy:60)
	at com.kms.katalon.core.keyword.BuiltinKeywords.callTestCase(BuiltinKeywords.groovy:334)
	at Callback_Requests.run(Callback_Requests:77)
	at com.kms.katalon.core.main.ScriptEngine.run(ScriptEngine.java:194)
	at com.kms.katalon.core.main.ScriptEngine.runScriptAsRawText(ScriptEngine.java:119)
	at com.kms.katalon.core.main.TestCaseExecutor.runScript(TestCaseExecutor.java:337)
	at com.kms.katalon.core.main.TestCaseExecutor.doExecute(TestCaseExecutor.java:328)
	at com.kms.katalon.core.main.TestCaseExecutor.processExecutionPhase(TestCaseExecutor.java:307)
	at com.kms.katalon.core.main.TestCaseExecutor.accessMainPhase(TestCaseExecutor.java:299)
	at com.kms.katalon.core.main.TestCaseExecutor.execute(TestCaseExecutor.java:233)
	at com.kms.katalon.core.main.TestSuiteExecutor.accessTestCaseMainPhase(TestSuiteExecutor.java:169)
	at com.kms.katalon.core.main.TestSuiteExecutor.accessTestSuiteMainPhase(TestSuiteExecutor.java:142)
	at com.kms.katalon.core.main.TestSuiteExecutor.execute(TestSuiteExecutor.java:91)
	at com.kms.katalon.core.main.TestCaseMain.startTestSuite(TestCaseMain.java:157)
	at com.kms.katalon.core.main.TestCaseMain$startTestSuite$0.call(Unknown Source)
	at TempTestSuite1572536118851.run(TempTestSuite1572536118851.groovy:36)
)

2019-10-31 15:37:27 - [MESSAGE][FAILED] - Text 'this is still a cool note' is not present on page  (Root cause: com.kms.katalon.core.exception.StepFailedException: Text 'this is still a cool note' is not present on page 
	at com.kms.katalon.core.webui.keyword.internal.WebUIKeywordMain.stepFailed(WebUIKeywordMain.groovy:64)
	at com.kms.katalon.core.webui.keyword.builtin.VerifyTextPresentKeyword$_verifyTextPresent_closure1.doCall(VerifyTextPresentKeyword.groovy:79)
	at com.kms.katalon.core.webui.keyword.builtin.VerifyTextPresentKeyword$_verifyTextPresent_closure1.call(VerifyTextPresentKeyword.groovy)
	at com.kms.katalon.core.webui.keyword.internal.WebUIKeywordMain.runKeyword(WebUIKeywordMain.groovy:20)
	at com.kms.katalon.core.webui.keyword.builtin.VerifyTextPresentKeyword.verifyTextPresent(VerifyTextPresentKeyword.groovy:83)
	at com.kms.katalon.core.webui.keyword.builtin.VerifyTextPresentKeyword.execute(VerifyTextPresentKeyword.groovy:68)
	at com.kms.katalon.core.keyword.internal.KeywordExecutor.executeKeywordForPlatform(KeywordExecutor.groovy:60)
	at com.kms.katalon.core.webui.keyword.WebUiBuiltInKeywords.verifyTextPresent(WebUiBuiltInKeywords.groovy:1693)
	at com.kms.katalon.core.webui.keyword.WebUiBuiltInKeywords$verifyTextPresent$2.call(Unknown Source)
	at Callback_Requests_Notes.run(Callback_Requests_Notes:95)
	at com.kms.katalon.core.main.ScriptEngine.run(ScriptEngine.java:194)
	at com.kms.katalon.core.main.ScriptEngine.runScriptAsRawText(ScriptEngine.java:119)
	at com.kms.katalon.core.main.TestCaseExecutor.runScript(TestCaseExecutor.java:337)
	at com.kms.katalon.core.main.TestCaseExecutor.doExecute(TestCaseExecutor.java:328)
	at com.kms.katalon.core.main.TestCaseExecutor.processExecutionPhase(TestCaseExecutor.java:307)
	at com.kms.katalon.core.main.TestCaseExecutor.accessMainPhase(TestCaseExecutor.java:299)
	at com.kms.katalon.core.main.TestCaseExecutor.execute(TestCaseExecutor.java:233)
	at com.kms.katalon.core.main.TestCaseMain.runTestCase(TestCaseMain.java:114)
	at com.kms.katalon.core.keyword.builtin.CallTestCaseKeyword$_callTestCase_closure1.doCall(CallTestCaseKeyword.groovy:59)
	at com.kms.katalon.core.keyword.builtin.CallTestCaseKeyword$_callTestCase_closure1.call(CallTestCaseKeyword.groovy)
	at com.kms.katalon.core.keyword.internal.KeywordMain.runKeyword(KeywordMain.groovy:68)
	at com.kms.katalon.core.keyword.builtin.CallTestCaseKeyword.callTestCase(CallTestCaseKeyword.groovy:81)
	at com.kms.katalon.core.keyword.builtin.CallTestCaseKeyword.execute(CallTestCaseKeyword.groovy:44)
	at com.kms.katalon.core.keyword.internal.KeywordExecutor.executeKeywordForPlatform(KeywordExecutor.groovy:60)
	at com.kms.katalon.core.keyword.BuiltinKeywords.callTestCase(BuiltinKeywords.groovy:334)
	at Callback_Requests.run(Callback_Requests:77)
	at com.kms.katalon.core.main.ScriptEngine.run(ScriptEngine.java:194)
	at com.kms.katalon.core.main.ScriptEngine.runScriptAsRawText(ScriptEngine.java:119)
	at com.kms.katalon.core.main.TestCaseExecutor.runScript(TestCaseExecutor.java:337)
	at com.kms.katalon.core.main.TestCaseExecutor.doExecute(TestCaseExecutor.java:328)
	at com.kms.katalon.core.main.TestCaseExecutor.processExecutionPhase(TestCaseExecutor.java:307)
	at com.kms.katalon.core.main.TestCaseExecutor.accessMainPhase(TestCaseExecutor.java:299)
	at com.kms.katalon.core.main.TestCaseExecutor.execute(TestCaseExecutor.java:233)
	at com.kms.katalon.core.main.TestSuiteExecutor.accessTestCaseMainPhase(TestSuiteExecutor.java:169)
	at com.kms.katalon.core.main.TestSuiteExecutor.accessTestSuiteMainPhase(TestSuiteExecutor.java:142)
	at com.kms.katalon.core.main.TestSuiteExecutor.execute(TestSuiteExecutor.java:91)
	at com.kms.katalon.core.main.TestCaseMain.startTestSuite(TestCaseMain.java:157)
	at com.kms.katalon.core.main.TestCaseMain$startTestSuite$0.call(Unknown Source)
	at TempTestSuite1572536118851.run(TempTestSuite1572536118851.groovy:36)
)

2019-10-31 15:37:27 - [TEST_STEP][PASSED] - verifyTextPresent("Close", false): Text 'Close' is present on page 

2019-10-31 15:37:29 - [MESSAGE][PASSED] - Text 'Close' is present on page 

2019-10-31 15:37:29 - [TEST_STEP][PASSED] - verifyTextPresent("Submit", false): Text 'Submit' is present on page 

2019-10-31 15:37:30 - [MESSAGE][PASSED] - Text 'Submit' is present on page 

2019-10-31 15:37:30 - [TEST_STEP][PASSED] - callTestCase(findTestCase("Reusable_Test_Sequences/Utils/Dispel_Windows_Dialog"), [:], CONTINUE_ON_FAILURE): Call Test Case 'Test Cases/Reusable_Test_Sequences/Utils/Dispel_Windows_Dialog' successfully

2019-10-31 15:37:30 - [TEST_CASE][PASSED] - Test Cases/Reusable_Test_Sequences/Utils/Dispel_Windows_Dialog: Test Cases/Reusable_Test_Sequences/Utils/Dispel_Windows_Dialog

2019-10-31 15:37:30 - [TEST_STEP][PASSED] - "----------------------------------------------": null

2019-10-31 15:37:30 - [TEST_STEP][PASSED] - delay(2): Delayed 2 second(s)

2019-10-31 15:37:32 - [MESSAGE][PASSED] - Delayed 2 second(s)

2019-10-31 15:37:32 - [TEST_STEP][PASSED] - robot = new java.awt.Robot(): null

2019-10-31 15:37:32 - [TEST_STEP][PASSED] - robot.keyPress(VK_ESCAPE): null

2019-10-31 15:37:32 - [TEST_STEP][PASSED] - delay(1): Delayed 1 second(s)

2019-10-31 15:37:33 - [MESSAGE][PASSED] - Delayed 1 second(s)

2019-10-31 15:37:33 - [TEST_STEP][PASSED] - robot.keyRelease(VK_ESCAPE): null

2019-10-31 15:37:33 - [TEST_STEP][PASSED] - delay(1): Delayed 1 second(s)

2019-10-31 15:37:34 - [MESSAGE][PASSED] - Delayed 1 second(s)

2019-10-31 15:37:34 - [TEST_STEP][PASSED] - robot.keyPress(VK_ESCAPE): null

2019-10-31 15:37:34 - [TEST_STEP][PASSED] - delay(1): Delayed 1 second(s)

2019-10-31 15:37:35 - [MESSAGE][PASSED] - Delayed 1 second(s)

2019-10-31 15:37:35 - [TEST_STEP][PASSED] - robot.keyRelease(VK_ESCAPE): null

2019-10-31 15:37:35 - [TEST_STEP][PASSED] - delay(1): Delayed 1 second(s)

2019-10-31 15:37:36 - [MESSAGE][PASSED] - Delayed 1 second(s)

2019-10-31 15:37:36 - [MESSAGE][PASSED] - Call Test Case 'Test Cases/Reusable_Test_Sequences/Utils/Dispel_Windows_Dialog' successfully

2019-10-31 15:37:36 - [MESSAGE][FAILED] - Unable to call Test Case 'Test Cases/Reusable_Test_Sequences/Members_Area/Validation/Callback_Requests_Sub/Callback_Requests_Notes' (Root cause: com.kms.katalon.core.exception.StepFailedException: Call Test Case 'Test Cases/Reusable_Test_Sequences/Members_Area/Validation/Callback_Requests_Sub/Callback_Requests_Notes' failed
	at com.kms.katalon.core.keyword.builtin.CallTestCaseKeyword$_callTestCase_closure1.doCall(CallTestCaseKeyword.groovy:63)
	at com.kms.katalon.core.keyword.builtin.CallTestCaseKeyword$_callTestCase_closure1.call(CallTestCaseKeyword.groovy)
	at com.kms.katalon.core.keyword.internal.KeywordMain.runKeyword(KeywordMain.groovy:68)
	at com.kms.katalon.core.keyword.builtin.CallTestCaseKeyword.callTestCase(CallTestCaseKeyword.groovy:81)
	at com.kms.katalon.core.keyword.builtin.CallTestCaseKeyword.execute(CallTestCaseKeyword.groovy:44)
	at com.kms.katalon.core.keyword.internal.KeywordExecutor.executeKeywordForPlatform(KeywordExecutor.groovy:60)
	at com.kms.katalon.core.keyword.BuiltinKeywords.callTestCase(BuiltinKeywords.groovy:334)
	at Callback_Requests.run(Callback_Requests:77)
	at com.kms.katalon.core.main.ScriptEngine.run(ScriptEngine.java:194)
	at com.kms.katalon.core.main.ScriptEngine.runScriptAsRawText(ScriptEngine.java:119)
	at com.kms.katalon.core.main.TestCaseExecutor.runScript(TestCaseExecutor.java:337)
	at com.kms.katalon.core.main.TestCaseExecutor.doExecute(TestCaseExecutor.java:328)
	at com.kms.katalon.core.main.TestCaseExecutor.processExecutionPhase(TestCaseExecutor.java:307)
	at com.kms.katalon.core.main.TestCaseExecutor.accessMainPhase(TestCaseExecutor.java:299)
	at com.kms.katalon.core.main.TestCaseExecutor.execute(TestCaseExecutor.java:233)
	at com.kms.katalon.core.main.TestSuiteExecutor.accessTestCaseMainPhase(TestSuiteExecutor.java:169)
	at com.kms.katalon.core.main.TestSuiteExecutor.accessTestSuiteMainPhase(TestSuiteExecutor.java:142)
	at com.kms.katalon.core.main.TestSuiteExecutor.execute(TestSuiteExecutor.java:91)
	at com.kms.katalon.core.main.TestCaseMain.startTestSuite(TestCaseMain.java:157)
	at com.kms.katalon.core.main.TestCaseMain$startTestSuite$0.call(Unknown Source)
	at TempTestSuite1572536118851.run(TempTestSuite1572536118851.groovy:36)
Caused by: com.kms.katalon.core.exception.StepFailedException: Unable to click on object 'Object Repository/Page_Members Area/Page_Members Area/a_AddEdit note' (Root cause: com.kms.katalon.core.exception.StepFailedException: Unable to click on object 'Object Repository/Page_Members Area/Page_Members Area/a_AddEdit note'
	at com.kms.katalon.core.webui.keyword.internal.WebUIKeywordMain.stepFailed(WebUIKeywordMain.groovy:64)
	at com.kms.katalon.core.webui.keyword.internal.WebUIKeywordMain.runKeyword(WebUIKeywordMain.groovy:26)
	at com.kms.katalon.core.webui.keyword.builtin.ClickKeyword.click(ClickKeyword.groovy:79)
	at com.kms.katalon.core.webui.keyword.builtin.ClickKeyword.execute(ClickKeyword.groovy:42)
	at com.kms.katalon.core.keyword.internal.KeywordExecutor.executeKeywordForPlatform(KeywordExecutor.groovy:60)
	at com.kms.katalon.core.webui.keyword.WebUiBuiltInKeywords.click(WebUiBuiltInKeywords.groovy:616)
	at com.kms.katalon.core.webui.keyword.WebUiBuiltInKeywords$click$4.call(Unknown Source)
	at Callback_Requests_Notes.run(Callback_Requests_Notes:78)
	at com.kms.katalon.core.main.ScriptEngine.run(ScriptEngine.java:194)
	at com.kms.katalon.core.main.ScriptEngine.runScriptAsRawText(ScriptEngine.java:119)
	at com.kms.katalon.core.main.TestCaseExecutor.runScript(TestCaseExecutor.java:337)
	at com.kms.katalon.core.main.TestCaseExecutor.doExecute(TestCaseExecutor.java:328)
	at com.kms.katalon.core.main.TestCaseExecutor.processExecutionPhase(TestCaseExecutor.java:307)
	at com.kms.katalon.core.main.TestCaseExecutor.accessMainPhase(TestCaseExecutor.java:299)
	at com.kms.katalon.core.main.TestCaseExecutor.execute(TestCaseExecutor.java:233)
	at com.kms.katalon.core.main.TestCaseMain.runTestCase(TestCaseMain.java:114)
	at com.kms.katalon.core.keyword.builtin.CallTestCaseKeyword$_callTestCase_closure1.doCall(CallTestCaseKeyword.groovy:59)
	at com.kms.katalon.core.keyword.builtin.CallTestCaseKeyword$_callTestCase_closure1.call(CallTestCaseKeyword.groovy)
	at com.kms.katalon.core.keyword.internal.KeywordMain.runKeyword(KeywordMain.groovy:68)
	at com.kms.katalon.core.keyword.builtin.CallTestCaseKeyword.callTestCase(CallTestCaseKeyword.groovy:81)
	at com.kms.katalon.core.keyword.builtin.CallTestCaseKeyword.execute(CallTestCaseKeyword.groovy:44)
	at com.kms.katalon.core.keyword.internal.KeywordExecutor.executeKeywordForPlatform(KeywordExecutor.groovy:60)
	at com.kms.katalon.core.keyword.BuiltinKeywords.callTestCase(BuiltinKeywords.groovy:334)
	at Callback_Requests.run(Callback_Requests:77)
	at com.kms.katalon.core.main.ScriptEngine.run(ScriptEngine.java:194)
	at com.kms.katalon.core.main.ScriptEngine.runScriptAsRawText(ScriptEngine.java:119)
	at com.kms.katalon.core.main.TestCaseExecutor.runScript(TestCaseExecutor.java:337)
	at com.kms.katalon.core.main.TestCaseExecutor.doExecute(TestCaseExecutor.java:328)
	at com.kms.katalon.core.main.TestCaseExecutor.processExecutionPhase(TestCaseExecutor.java:307)
	at com.kms.katalon.core.main.TestCaseExecutor.accessMainPhase(TestCaseExecutor.java:299)
	at com.kms.katalon.core.main.TestCaseExecutor.execute(TestCaseExecutor.java:233)
	at com.kms.katalon.core.main.TestSuiteExecutor.accessTestCaseMainPhase(TestSuiteExecutor.java:169)
	at com.kms.katalon.core.main.TestSuiteExecutor.accessTestSuiteMainPhase(TestSuiteExecutor.java:142)
	at com.kms.katalon.core.main.TestSuiteExecutor.execute(TestSuiteExecutor.java:91)
	at com.kms.katalon.core.main.TestCaseMain.startTestSuite(TestCaseMain.java:157)
	at com.kms.katalon.core.main.TestCaseMain$startTestSuite$0.call(Unknown Source)
	at TempTestSuite1572536118851.run(TempTestSuite1572536118851.groovy:36)
Caused by: org.openqa.selenium.TimeoutException: Expected condition failed: waiting for element to be clickable: [[CChromeDriver: chrome on XP (f72f19c562a2ba073e552ed80e1fa5b1)] -> xpath: //*[@id = 'btnNote_285821' and (text() = ' Add/Edit note ' or . = ' Add/Edit note ')]] (tried for 30 second(s) with 500 milliseconds interval)
Build info: version: '3.141.59', revision: 'e82be7d358', time: '2018-11-14T08:25:53'
System info: host: 'VETTEDSP36RF', ip: '10.0.11.243', os.name: 'Windows 10', os.arch: 'x86', os.version: '10.0', java.version: '1.8.0_181'
Driver info: com.kms.katalon.core.webui.driver.SmartWaitWebDriver
Capabilities {acceptInsecureCerts: false, browserName: chrome, browserVersion: 78.0.3904.70, chrome: {chromedriverVersion: 77.0.3865.40 (f484704e052e0..., userDataDir: C:\Users\davidho\AppData\Lo...}, goog:chromeOptions: {debuggerAddress: localhost:55294}, javascriptEnabled: true, networkConnectionEnabled: false, pageLoadStrategy: normal, platform: XP, platformName: XP, proxy: Proxy(), setWindowRect: true, strictFileInteractability: false, timeouts: {implicit: 0, pageLoad: 300000, script: 30000}, unhandledPromptBehavior: dismiss and notify}
Session ID: f72f19c562a2ba073e552ed80e1fa5b1
	at org.openqa.selenium.support.ui.WebDriverWait.timeoutException(WebDriverWait.java:95)
	at org.openqa.selenium.support.ui.FluentWait.until(FluentWait.java:272)
	at com.kms.katalon.core.webui.keyword.builtin.ClickKeyword$_click_closure1.doCall(ClickKeyword.groovy:56)
	at com.kms.katalon.core.webui.keyword.builtin.ClickKeyword$_click_closure1.call(ClickKeyword.groovy)
	at com.kms.katalon.core.webui.keyword.internal.WebUIKeywordMain.runKeyword(WebUIKeywordMain.groovy:20)
	at com.kms.katalon.core.webui.keyword.builtin.ClickKeyword.click(ClickKeyword.groovy:79)
	at com.kms.katalon.core.webui.keyword.builtin.ClickKeyword.execute(ClickKeyword.groovy:42)
	at com.kms.katalon.core.keyword.internal.KeywordExecutor.executeKeywordForPlatform(KeywordExecutor.groovy:60)
	at com.kms.katalon.core.webui.keyword.WebUiBuiltInKeywords.click(WebUiBuiltInKeywords.groovy:616)
	at com.kms.katalon.core.webui.keyword.WebUiBuiltInKeywords$click$4.call(Unknown Source)
	at Script1570028604947.run(Script1570028604947.groovy:78)
	at com.kms.katalon.core.main.ScriptEngine.run(ScriptEngine.java:194)
	at com.kms.katalon.core.main.ScriptEngine.runScriptAsRawText(ScriptEngine.java:119)
	at com.kms.katalon.core.main.TestCaseExecutor.runScript(TestCaseExecutor.java:337)
	at com.kms.katalon.core.main.TestCaseExecutor.doExecute(TestCaseExecutor.java:328)
	at com.kms.katalon.core.main.TestCaseExecutor.processExecutionPhase(TestCaseExecutor.java:307)
	at com.kms.katalon.core.main.TestCaseExecutor.accessMainPhase(TestCaseExecutor.java:299)
	at com.kms.katalon.core.main.TestCaseExecutor.execute(TestCaseExecutor.java:233)
	at com.kms.katalon.core.main.TestCaseMain.runTestCase(TestCaseMain.java:114)
	at com.kms.katalon.core.keyword.builtin.CallTestCaseKeyword$_callTestCase_closure1.doCall(CallTestCaseKeyword.groovy:59)
	at com.kms.katalon.core.keyword.builtin.CallTestCaseKeyword$_callTestCase_closure1.call(CallTestCaseKeyword.groovy)
	at com.kms.katalon.core.keyword.internal.KeywordMain.runKeyword(KeywordMain.groovy:68)
	at com.kms.katalon.core.keyword.builtin.CallTestCaseKeyword.callTestCase(CallTestCaseKeyword.groovy:81)
	at com.kms.katalon.core.keyword.builtin.CallTestCaseKeyword.execute(CallTestCaseKeyword.groovy:44)
	at com.kms.katalon.core.keyword.internal.KeywordExecutor.executeKeywordForPlatform(KeywordExecutor.groovy:60)
	at com.kms.katalon.core.keyword.BuiltinKeywords.callTestCase(BuiltinKeywords.groovy:334)
	at Script1569933857280.run(Script1569933857280.groovy:77)
	... 13 more
)
	at com.kms.katalon.core.keyword.internal.KeywordMain.stepFailed(KeywordMain.groovy:39)
	at com.kms.katalon.core.webui.keyword.internal.WebUIKeywordMain.stepFailed(WebUIKeywordMain.groovy:64)
	at com.kms.katalon.core.webui.keyword.internal.WebUIKeywordMain.runKeyword(WebUIKeywordMain.groovy:26)
	at com.kms.katalon.core.webui.keyword.builtin.ClickKeyword.click(ClickKeyword.groovy:79)
	at com.kms.katalon.core.webui.keyword.builtin.ClickKeyword.execute(ClickKeyword.groovy:42)
	at com.kms.katalon.core.keyword.internal.KeywordExecutor.executeKeywordForPlatform(KeywordExecutor.groovy:60)
	at com.kms.katalon.core.webui.keyword.WebUiBuiltInKeywords.click(WebUiBuiltInKeywords.groovy:616)
	at com.kms.katalon.core.webui.keyword.WebUiBuiltInKeywords$click$4.call(Unknown Source)
	at Callback_Requests_Notes.run(Callback_Requests_Notes:78)
	at com.kms.katalon.core.main.ScriptEngine.run(ScriptEngine.java:194)
	at com.kms.katalon.core.main.ScriptEngine.runScriptAsRawText(ScriptEngine.java:119)
	at com.kms.katalon.core.main.TestCaseExecutor.runScript(TestCaseExecutor.java:337)
	at com.kms.katalon.core.main.TestCaseExecutor.doExecute(TestCaseExecutor.java:328)
	at com.kms.katalon.core.main.TestCaseExecutor.processExecutionPhase(TestCaseExecutor.java:307)
	at com.kms.katalon.core.main.TestCaseExecutor.accessMainPhase(TestCaseExecutor.java:299)
	at com.kms.katalon.core.main.TestCaseExecutor.execute(TestCaseExecutor.java:233)
	at com.kms.katalon.core.main.TestCaseMain.runTestCase(TestCaseMain.java:114)
	at com.kms.katalon.core.keyword.builtin.CallTestCaseKeyword$_callTestCase_closure1.doCall(CallTestCaseKeyword.groovy:59)
	... 20 more
Caused by: com.kms.katalon.core.exception.StepFailedException: Unable to click on object 'Object Repository/Page_Members Area/Page_Members Area/a_AddEdit note'
	... 37 more
Caused by: org.openqa.selenium.TimeoutException: Expected condition failed: waiting for element to be clickable: [[CChromeDriver: chrome on XP (f72f19c562a2ba073e552ed80e1fa5b1)] -> xpath: //*[@id = 'btnNote_285821' and (text() = ' Add/Edit note ' or . = ' Add/Edit note ')]] (tried for 30 second(s) with 500 milliseconds interval)
Build info: version: '3.141.59', revision: 'e82be7d358', time: '2018-11-14T08:25:53'
System info: host: 'VETTEDSP36RF', ip: '10.0.11.243', os.name: 'Windows 10', os.arch: 'x86', os.version: '10.0', java.version: '1.8.0_181'
Driver info: com.kms.katalon.core.webui.driver.SmartWaitWebDriver
Capabilities {acceptInsecureCerts: false, browserName: chrome, browserVersion: 78.0.3904.70, chrome: {chromedriverVersion: 77.0.3865.40 (f484704e052e0..., userDataDir: C:\Users\davidho\AppData\Lo...}, goog:chromeOptions: {debuggerAddress: localhost:55294}, javascriptEnabled: true, networkConnectionEnabled: false, pageLoadStrategy: normal, platform: XP, platformName: XP, proxy: Proxy(), setWindowRect: true, strictFileInteractability: false, timeouts: {implicit: 0, pageLoad: 300000, script: 30000}, unhandledPromptBehavior: dismiss and notify}
Session ID: f72f19c562a2ba073e552ed80e1fa5b1
	at org.openqa.selenium.support.ui.WebDriverWait.timeoutException(WebDriverWait.java:95)
	at org.openqa.selenium.support.ui.FluentWait.until(FluentWait.java:272)
	at com.kms.katalon.core.webui.keyword.builtin.ClickKeyword$_click_closure1.doCall(ClickKeyword.groovy:56)
	at com.kms.katalon.core.webui.keyword.builtin.ClickKeyword$_click_closure1.call(ClickKeyword.groovy)
	at com.kms.katalon.core.webui.keyword.internal.WebUIKeywordMain.runKeyword(WebUIKeywordMain.groovy:20)
	... 35 more
)

2019-10-31 15:37:36 - [TEST_STEP][FAILED] - callTestCase(findTestCase("Reusable_Test_Sequences/Members_Area/Banner_Menu/log_Off"), [:], STOP_ON_FAILURE): Unable to call Test Case 'Test Cases/Reusable_Test_Sequences/Members_Area/Banner_Menu/log_Off' (Root cause: com.kms.katalon.core.exception.StepFailedException: Call Test Case 'Test Cases/Reusable_Test_Sequences/Members_Area/Banner_Menu/log_Off' failed
	at com.kms.katalon.core.keyword.builtin.CallTestCaseKeyword$_callTestCase_closure1.doCall(CallTestCaseKeyword.groovy:63)
	at com.kms.katalon.core.keyword.builtin.CallTestCaseKeyword$_callTestCase_closure1.call(CallTestCaseKeyword.groovy)
	at com.kms.katalon.core.keyword.internal.KeywordMain.runKeyword(KeywordMain.groovy:68)
	at com.kms.katalon.core.keyword.builtin.CallTestCaseKeyword.callTestCase(CallTestCaseKeyword.groovy:81)
	at com.kms.katalon.core.keyword.builtin.CallTestCaseKeyword.execute(CallTestCaseKeyword.groovy:44)
	at com.kms.katalon.core.keyword.internal.KeywordExecutor.executeKeywordForPlatform(KeywordExecutor.groovy:60)
	at com.kms.katalon.core.keyword.BuiltinKeywords.callTestCase(BuiltinKeywords.groovy:334)
	at Callback_Requests.run(Callback_Requests:82)
	at com.kms.katalon.core.main.ScriptEngine.run(ScriptEngine.java:194)
	at com.kms.katalon.core.main.ScriptEngine.runScriptAsRawText(ScriptEngine.java:119)
	at com.kms.katalon.core.main.TestCaseExecutor.runScript(TestCaseExecutor.java:337)
	at com.kms.katalon.core.main.TestCaseExecutor.doExecute(TestCaseExecutor.java:328)
	at com.kms.katalon.core.main.TestCaseExecutor.processExecutionPhase(TestCaseExecutor.java:307)
	at com.kms.katalon.core.main.TestCaseExecutor.accessMainPhase(TestCaseExecutor.java:299)
	at com.kms.katalon.core.main.TestCaseExecutor.execute(TestCaseExecutor.java:233)
	at com.kms.katalon.core.main.TestSuiteExecutor.accessTestCaseMainPhase(TestSuiteExecutor.java:169)
	at com.kms.katalon.core.main.TestSuiteExecutor.accessTestSuiteMainPhase(TestSuiteExecutor.java:142)
	at com.kms.katalon.core.main.TestSuiteExecutor.execute(TestSuiteExecutor.java:91)
	at com.kms.katalon.core.main.TestCaseMain.startTestSuite(TestCaseMain.java:157)
	at com.kms.katalon.core.main.TestCaseMain$startTestSuite$0.call(Unknown Source)
	at TempTestSuite1572536118851.run(TempTestSuite1572536118851.groovy:36)
Caused by: com.kms.katalon.core.exception.StepFailedException: Unable to click on object 'Object Repository/Page_Members Area/a_Log off' (Root cause: com.kms.katalon.core.exception.StepFailedException: Unable to click on object 'Object Repository/Page_Members Area/a_Log off'
	at com.kms.katalon.core.webui.keyword.internal.WebUIKeywordMain.stepFailed(WebUIKeywordMain.groovy:64)
	at com.kms.katalon.core.webui.keyword.internal.WebUIKeywordMain.runKeyword(WebUIKeywordMain.groovy:26)
	at com.kms.katalon.core.webui.keyword.builtin.ClickKeyword.click(ClickKeyword.groovy:79)
	at com.kms.katalon.core.webui.keyword.builtin.ClickKeyword.execute(ClickKeyword.groovy:42)
	at com.kms.katalon.core.keyword.internal.KeywordExecutor.executeKeywordForPlatform(KeywordExecutor.groovy:60)
	at com.kms.katalon.core.webui.keyword.WebUiBuiltInKeywords.click(WebUiBuiltInKeywords.groovy:616)
	at com.kms.katalon.core.webui.keyword.WebUiBuiltInKeywords$click$4.call(Unknown Source)
	at log_Off.run(log_Off:53)
	at com.kms.katalon.core.main.ScriptEngine.run(ScriptEngine.java:194)
	at com.kms.katalon.core.main.ScriptEngine.runScriptAsRawText(ScriptEngine.java:119)
	at com.kms.katalon.core.main.TestCaseExecutor.runScript(TestCaseExecutor.java:337)
	at com.kms.katalon.core.main.TestCaseExecutor.doExecute(TestCaseExecutor.java:328)
	at com.kms.katalon.core.main.TestCaseExecutor.processExecutionPhase(TestCaseExecutor.java:307)
	at com.kms.katalon.core.main.TestCaseExecutor.accessMainPhase(TestCaseExecutor.java:299)
	at com.kms.katalon.core.main.TestCaseExecutor.execute(TestCaseExecutor.java:233)
	at com.kms.katalon.core.main.TestCaseMain.runTestCase(TestCaseMain.java:114)
	at com.kms.katalon.core.keyword.builtin.CallTestCaseKeyword$_callTestCase_closure1.doCall(CallTestCaseKeyword.groovy:59)
	at com.kms.katalon.core.keyword.builtin.CallTestCaseKeyword$_callTestCase_closure1.call(CallTestCaseKeyword.groovy)
	at com.kms.katalon.core.keyword.internal.KeywordMain.runKeyword(KeywordMain.groovy:68)
	at com.kms.katalon.core.keyword.builtin.CallTestCaseKeyword.callTestCase(CallTestCaseKeyword.groovy:81)
	at com.kms.katalon.core.keyword.builtin.CallTestCaseKeyword.execute(CallTestCaseKeyword.groovy:44)
	at com.kms.katalon.core.keyword.internal.KeywordExecutor.executeKeywordForPlatform(KeywordExecutor.groovy:60)
	at com.kms.katalon.core.keyword.BuiltinKeywords.callTestCase(BuiltinKeywords.groovy:334)
	at Callback_Requests.run(Callback_Requests:82)
	at com.kms.katalon.core.main.ScriptEngine.run(ScriptEngine.java:194)
	at com.kms.katalon.core.main.ScriptEngine.runScriptAsRawText(ScriptEngine.java:119)
	at com.kms.katalon.core.main.TestCaseExecutor.runScript(TestCaseExecutor.java:337)
	at com.kms.katalon.core.main.TestCaseExecutor.doExecute(TestCaseExecutor.java:328)
	at com.kms.katalon.core.main.TestCaseExecutor.processExecutionPhase(TestCaseExecutor.java:307)
	at com.kms.katalon.core.main.TestCaseExecutor.accessMainPhase(TestCaseExecutor.java:299)
	at com.kms.katalon.core.main.TestCaseExecutor.execute(TestCaseExecutor.java:233)
	at com.kms.katalon.core.main.TestSuiteExecutor.accessTestCaseMainPhase(TestSuiteExecutor.java:169)
	at com.kms.katalon.core.main.TestSuiteExecutor.accessTestSuiteMainPhase(TestSuiteExecutor.java:142)
	at com.kms.katalon.core.main.TestSuiteExecutor.execute(TestSuiteExecutor.java:91)
	at com.kms.katalon.core.main.TestCaseMain.startTestSuite(TestCaseMain.java:157)
	at com.kms.katalon.core.main.TestCaseMain$startTestSuite$0.call(Unknown Source)
	at TempTestSuite1572536118851.run(TempTestSuite1572536118851.groovy:36)
Caused by: org.openqa.selenium.TimeoutException: Expected condition failed: waiting for element to be clickable: [[CChromeDriver: chrome on XP (f72f19c562a2ba073e552ed80e1fa5b1)] -> xpath: //a[@href = '/login' and (text() = 'Log off' or . = 'Log off')]] (tried for 30 second(s) with 500 milliseconds interval)
Build info: version: '3.141.59', revision: 'e82be7d358', time: '2018-11-14T08:25:53'
System info: host: 'VETTEDSP36RF', ip: '10.0.11.243', os.name: 'Windows 10', os.arch: 'x86', os.version: '10.0', java.version: '1.8.0_181'
Driver info: com.kms.katalon.core.webui.driver.SmartWaitWebDriver
Capabilities {acceptInsecureCerts: false, browserName: chrome, browserVersion: 78.0.3904.70, chrome: {chromedriverVersion: 77.0.3865.40 (f484704e052e0..., userDataDir: C:\Users\davidho\AppData\Lo...}, goog:chromeOptions: {debuggerAddress: localhost:55294}, javascriptEnabled: true, networkConnectionEnabled: false, pageLoadStrategy: normal, platform: XP, platformName: XP, proxy: Proxy(), setWindowRect: true, strictFileInteractability: false, timeouts: {implicit: 0, pageLoad: 300000, script: 30000}, unhandledPromptBehavior: dismiss and notify}
Session ID: f72f19c562a2ba073e552ed80e1fa5b1
	at org.openqa.selenium.support.ui.WebDriverWait.timeoutException(WebDriverWait.java:95)
	at org.openqa.selenium.support.ui.FluentWait.until(FluentWait.java:272)
	at com.kms.katalon.core.webui.keyword.builtin.ClickKeyword$_click_closure1.doCall(ClickKeyword.groovy:56)
	at com.kms.katalon.core.webui.keyword.builtin.ClickKeyword$_click_closure1.call(ClickKeyword.groovy)
	at com.kms.katalon.core.webui.keyword.internal.WebUIKeywordMain.runKeyword(WebUIKeywordMain.groovy:20)
	at com.kms.katalon.core.webui.keyword.builtin.ClickKeyword.click(ClickKeyword.groovy:79)
	at com.kms.katalon.core.webui.keyword.builtin.ClickKeyword.execute(ClickKeyword.groovy:42)
	at com.kms.katalon.core.keyword.internal.KeywordExecutor.executeKeywordForPlatform(KeywordExecutor.groovy:60)
	at com.kms.katalon.core.webui.keyword.WebUiBuiltInKeywords.click(WebUiBuiltInKeywords.groovy:616)
	at com.kms.katalon.core.webui.keyword.WebUiBuiltInKeywords$click$4.call(Unknown Source)
	at Script1568122980246.run(Script1568122980246.groovy:53)
	at com.kms.katalon.core.main.ScriptEngine.run(ScriptEngine.java:194)
	at com.kms.katalon.core.main.ScriptEngine.runScriptAsRawText(ScriptEngine.java:119)
	at com.kms.katalon.core.main.TestCaseExecutor.runScript(TestCaseExecutor.java:337)
	at com.kms.katalon.core.main.TestCaseExecutor.doExecute(TestCaseExecutor.java:328)
	at com.kms.katalon.core.main.TestCaseExecutor.processExecutionPhase(TestCaseExecutor.java:307)
	at com.kms.katalon.core.main.TestCaseExecutor.accessMainPhase(TestCaseExecutor.java:299)
	at com.kms.katalon.core.main.TestCaseExecutor.execute(TestCaseExecutor.java:233)
	at com.kms.katalon.core.main.TestCaseMain.runTestCase(TestCaseMain.java:114)
	at com.kms.katalon.core.keyword.builtin.CallTestCaseKeyword$_callTestCase_closure1.doCall(CallTestCaseKeyword.groovy:59)
	at com.kms.katalon.core.keyword.builtin.CallTestCaseKeyword$_callTestCase_closure1.call(CallTestCaseKeyword.groovy)
	at com.kms.katalon.core.keyword.internal.KeywordMain.runKeyword(KeywordMain.groovy:68)
	at com.kms.katalon.core.keyword.builtin.CallTestCaseKeyword.callTestCase(CallTestCaseKeyword.groovy:81)
	at com.kms.katalon.core.keyword.builtin.CallTestCaseKeyword.execute(CallTestCaseKeyword.groovy:44)
	at com.kms.katalon.core.keyword.internal.KeywordExecutor.executeKeywordForPlatform(KeywordExecutor.groovy:60)
	at com.kms.katalon.core.keyword.BuiltinKeywords.callTestCase(BuiltinKeywords.groovy:334)
	at Script1569933857280.run(Script1569933857280.groovy:82)
	... 13 more
)
	at com.kms.katalon.core.keyword.internal.KeywordMain.stepFailed(KeywordMain.groovy:39)
	at com.kms.katalon.core.webui.keyword.internal.WebUIKeywordMain.stepFailed(WebUIKeywordMain.groovy:64)
	at com.kms.katalon.core.webui.keyword.internal.WebUIKeywordMain.runKeyword(WebUIKeywordMain.groovy:26)
	at com.kms.katalon.core.webui.keyword.builtin.ClickKeyword.click(ClickKeyword.groovy:79)
	at com.kms.katalon.core.webui.keyword.builtin.ClickKeyword.execute(ClickKeyword.groovy:42)
	at com.kms.katalon.core.keyword.internal.KeywordExecutor.executeKeywordForPlatform(KeywordExecutor.groovy:60)
	at com.kms.katalon.core.webui.keyword.WebUiBuiltInKeywords.click(WebUiBuiltInKeywords.groovy:616)
	at com.kms.katalon.core.webui.keyword.WebUiBuiltInKeywords$click$4.call(Unknown Source)
	at log_Off.run(log_Off:53)
	at com.kms.katalon.core.main.ScriptEngine.run(ScriptEngine.java:194)
	at com.kms.katalon.core.main.ScriptEngine.runScriptAsRawText(ScriptEngine.java:119)
	at com.kms.katalon.core.main.TestCaseExecutor.runScript(TestCaseExecutor.java:337)
	at com.kms.katalon.core.main.TestCaseExecutor.doExecute(TestCaseExecutor.java:328)
	at com.kms.katalon.core.main.TestCaseExecutor.processExecutionPhase(TestCaseExecutor.java:307)
	at com.kms.katalon.core.main.TestCaseExecutor.accessMainPhase(TestCaseExecutor.java:299)
	at com.kms.katalon.core.main.TestCaseExecutor.execute(TestCaseExecutor.java:233)
	at com.kms.katalon.core.main.TestCaseMain.runTestCase(TestCaseMain.java:114)
	at com.kms.katalon.core.keyword.builtin.CallTestCaseKeyword$_callTestCase_closure1.doCall(CallTestCaseKeyword.groovy:59)
	... 20 more
Caused by: com.kms.katalon.core.exception.StepFailedException: Unable to click on object 'Object Repository/Page_Members Area/a_Log off'
	... 37 more
Caused by: org.openqa.selenium.TimeoutException: Expected condition failed: waiting for element to be clickable: [[CChromeDriver: chrome on XP (f72f19c562a2ba073e552ed80e1fa5b1)] -> xpath: //a[@href = '/login' and (text() = 'Log off' or . = 'Log off')]] (tried for 30 second(s) with 500 milliseconds interval)
Build info: version: '3.141.59', revision: 'e82be7d358', time: '2018-11-14T08:25:53'
System info: host: 'VETTEDSP36RF', ip: '10.0.11.243', os.name: 'Windows 10', os.arch: 'x86', os.version: '10.0', java.version: '1.8.0_181'
Driver info: com.kms.katalon.core.webui.driver.SmartWaitWebDriver
Capabilities {acceptInsecureCerts: false, browserName: chrome, browserVersion: 78.0.3904.70, chrome: {chromedriverVersion: 77.0.3865.40 (f484704e052e0..., userDataDir: C:\Users\davidho\AppData\Lo...}, goog:chromeOptions: {debuggerAddress: localhost:55294}, javascriptEnabled: true, networkConnectionEnabled: false, pageLoadStrategy: normal, platform: XP, platformName: XP, proxy: Proxy(), setWindowRect: true, strictFileInteractability: false, timeouts: {implicit: 0, pageLoad: 300000, script: 30000}, unhandledPromptBehavior: dismiss and notify}
Session ID: f72f19c562a2ba073e552ed80e1fa5b1
	at org.openqa.selenium.support.ui.WebDriverWait.timeoutException(WebDriverWait.java:95)
	at org.openqa.selenium.support.ui.FluentWait.until(FluentWait.java:272)
	at com.kms.katalon.core.webui.keyword.builtin.ClickKeyword$_click_closure1.doCall(ClickKeyword.groovy:56)
	at com.kms.katalon.core.webui.keyword.builtin.ClickKeyword$_click_closure1.call(ClickKeyword.groovy)
	at com.kms.katalon.core.webui.keyword.internal.WebUIKeywordMain.runKeyword(WebUIKeywordMain.groovy:20)
	... 35 more
)

2019-10-31 15:37:36 - [TEST_CASE][FAILED] - Test Cases/Reusable_Test_Sequences/Members_Area/Banner_Menu/log_Off: Test Cases/Reusable_Test_Sequences/Members_Area/Banner_Menu/log_Off FAILED.
Reason:
com.kms.katalon.core.exception.StepFailedException: Unable to click on object 'Object Repository/Page_Members Area/a_Log off' (Root cause: com.kms.katalon.core.exception.StepFailedException: Unable to click on object 'Object Repository/Page_Members Area/a_Log off'
	at com.kms.katalon.core.webui.keyword.internal.WebUIKeywordMain.stepFailed(WebUIKeywordMain.groovy:64)
	at com.kms.katalon.core.webui.keyword.internal.WebUIKeywordMain.runKeyword(WebUIKeywordMain.groovy:26)
	at com.kms.katalon.core.webui.keyword.builtin.ClickKeyword.click(ClickKeyword.groovy:79)
	at com.kms.katalon.core.webui.keyword.builtin.ClickKeyword.execute(ClickKeyword.groovy:42)
	at com.kms.katalon.core.keyword.internal.KeywordExecutor.executeKeywordForPlatform(KeywordExecutor.groovy:60)
	at com.kms.katalon.core.webui.keyword.WebUiBuiltInKeywords.click(WebUiBuiltInKeywords.groovy:616)
	at com.kms.katalon.core.webui.keyword.WebUiBuiltInKeywords$click$4.call(Unknown Source)
	at log_Off.run(log_Off:53)
	at com.kms.katalon.core.main.ScriptEngine.run(ScriptEngine.java:194)
	at com.kms.katalon.core.main.ScriptEngine.runScriptAsRawText(ScriptEngine.java:119)
	at com.kms.katalon.core.main.TestCaseExecutor.runScript(TestCaseExecutor.java:337)
	at com.kms.katalon.core.main.TestCaseExecutor.doExecute(TestCaseExecutor.java:328)
	at com.kms.katalon.core.main.TestCaseExecutor.processExecutionPhase(TestCaseExecutor.java:307)
	at com.kms.katalon.core.main.TestCaseExecutor.accessMainPhase(TestCaseExecutor.java:299)
	at com.kms.katalon.core.main.TestCaseExecutor.execute(TestCaseExecutor.java:233)
	at com.kms.katalon.core.main.TestCaseMain.runTestCase(TestCaseMain.java:114)
	at com.kms.katalon.core.keyword.builtin.CallTestCaseKeyword$_callTestCase_closure1.doCall(CallTestCaseKeyword.groovy:59)
	at com.kms.katalon.core.keyword.builtin.CallTestCaseKeyword$_callTestCase_closure1.call(CallTestCaseKeyword.groovy)
	at com.kms.katalon.core.keyword.internal.KeywordMain.runKeyword(KeywordMain.groovy:68)
	at com.kms.katalon.core.keyword.builtin.CallTestCaseKeyword.callTestCase(CallTestCaseKeyword.groovy:81)
	at com.kms.katalon.core.keyword.builtin.CallTestCaseKeyword.execute(CallTestCaseKeyword.groovy:44)
	at com.kms.katalon.core.keyword.internal.KeywordExecutor.executeKeywordForPlatform(KeywordExecutor.groovy:60)
	at com.kms.katalon.core.keyword.BuiltinKeywords.callTestCase(BuiltinKeywords.groovy:334)
	at Callback_Requests.run(Callback_Requests:82)
	at com.kms.katalon.core.main.ScriptEngine.run(ScriptEngine.java:194)
	at com.kms.katalon.core.main.ScriptEngine.runScriptAsRawText(ScriptEngine.java:119)
	at com.kms.katalon.core.main.TestCaseExecutor.runScript(TestCaseExecutor.java:337)
	at com.kms.katalon.core.main.TestCaseExecutor.doExecute(TestCaseExecutor.java:328)
	at com.kms.katalon.core.main.TestCaseExecutor.processExecutionPhase(TestCaseExecutor.java:307)
	at com.kms.katalon.core.main.TestCaseExecutor.accessMainPhase(TestCaseExecutor.java:299)
	at com.kms.katalon.core.main.TestCaseExecutor.execute(TestCaseExecutor.java:233)
	at com.kms.katalon.core.main.TestSuiteExecutor.accessTestCaseMainPhase(TestSuiteExecutor.java:169)
	at com.kms.katalon.core.main.TestSuiteExecutor.accessTestSuiteMainPhase(TestSuiteExecutor.java:142)
	at com.kms.katalon.core.main.TestSuiteExecutor.execute(TestSuiteExecutor.java:91)
	at com.kms.katalon.core.main.TestCaseMain.startTestSuite(TestCaseMain.java:157)
	at com.kms.katalon.core.main.TestCaseMain$startTestSuite$0.call(Unknown Source)
	at TempTestSuite1572536118851.run(TempTestSuite1572536118851.groovy:36)
Caused by: org.openqa.selenium.TimeoutException: Expected condition failed: waiting for element to be clickable: [[CChromeDriver: chrome on XP (f72f19c562a2ba073e552ed80e1fa5b1)] -> xpath: //a[@href = '/login' and (text() = 'Log off' or . = 'Log off')]] (tried for 30 second(s) with 500 milliseconds interval)
Build info: version: '3.141.59', revision: 'e82be7d358', time: '2018-11-14T08:25:53'
System info: host: 'VETTEDSP36RF', ip: '10.0.11.243', os.name: 'Windows 10', os.arch: 'x86', os.version: '10.0', java.version: '1.8.0_181'
Driver info: com.kms.katalon.core.webui.driver.SmartWaitWebDriver
Capabilities {acceptInsecureCerts: false, browserName: chrome, browserVersion: 78.0.3904.70, chrome: {chromedriverVersion: 77.0.3865.40 (f484704e052e0..., userDataDir: C:\Users\davidho\AppData\Lo...}, goog:chromeOptions: {debuggerAddress: localhost:55294}, javascriptEnabled: true, networkConnectionEnabled: false, pageLoadStrategy: normal, platform: XP, platformName: XP, proxy: Proxy(), setWindowRect: true, strictFileInteractability: false, timeouts: {implicit: 0, pageLoad: 300000, script: 30000}, unhandledPromptBehavior: dismiss and notify}
Session ID: f72f19c562a2ba073e552ed80e1fa5b1
	at org.openqa.selenium.support.ui.WebDriverWait.timeoutException(WebDriverWait.java:95)
	at org.openqa.selenium.support.ui.FluentWait.until(FluentWait.java:272)
	at com.kms.katalon.core.webui.keyword.builtin.ClickKeyword$_click_closure1.doCall(ClickKeyword.groovy:56)
	at com.kms.katalon.core.webui.keyword.builtin.ClickKeyword$_click_closure1.call(ClickKeyword.groovy)
	at com.kms.katalon.core.webui.keyword.internal.WebUIKeywordMain.runKeyword(WebUIKeywordMain.groovy:20)
	at com.kms.katalon.core.webui.keyword.builtin.ClickKeyword.click(ClickKeyword.groovy:79)
	at com.kms.katalon.core.webui.keyword.builtin.ClickKeyword.execute(ClickKeyword.groovy:42)
	at com.kms.katalon.core.keyword.internal.KeywordExecutor.executeKeywordForPlatform(KeywordExecutor.groovy:60)
	at com.kms.katalon.core.webui.keyword.WebUiBuiltInKeywords.click(WebUiBuiltInKeywords.groovy:616)
	at com.kms.katalon.core.webui.keyword.WebUiBuiltInKeywords$click$4.call(Unknown Source)
	at Script1568122980246.run(Script1568122980246.groovy:53)
	at com.kms.katalon.core.main.ScriptEngine.run(ScriptEngine.java:194)
	at com.kms.katalon.core.main.ScriptEngine.runScriptAsRawText(ScriptEngine.java:119)
	at com.kms.katalon.core.main.TestCaseExecutor.runScript(TestCaseExecutor.java:337)
	at com.kms.katalon.core.main.TestCaseExecutor.doExecute(TestCaseExecutor.java:328)
	at com.kms.katalon.core.main.TestCaseExecutor.processExecutionPhase(TestCaseExecutor.java:307)
	at com.kms.katalon.core.main.TestCaseExecutor.accessMainPhase(TestCaseExecutor.java:299)
	at com.kms.katalon.core.main.TestCaseExecutor.execute(TestCaseExecutor.java:233)
	at com.kms.katalon.core.main.TestCaseMain.runTestCase(TestCaseMain.java:114)
	at com.kms.katalon.core.keyword.builtin.CallTestCaseKeyword$_callTestCase_closure1.doCall(CallTestCaseKeyword.groovy:59)
	at com.kms.katalon.core.keyword.builtin.CallTestCaseKeyword$_callTestCase_closure1.call(CallTestCaseKeyword.groovy)
	at com.kms.katalon.core.keyword.internal.KeywordMain.runKeyword(KeywordMain.groovy:68)
	at com.kms.katalon.core.keyword.builtin.CallTestCaseKeyword.callTestCase(CallTestCaseKeyword.groovy:81)
	at com.kms.katalon.core.keyword.builtin.CallTestCaseKeyword.execute(CallTestCaseKeyword.groovy:44)
	at com.kms.katalon.core.keyword.internal.KeywordExecutor.executeKeywordForPlatform(KeywordExecutor.groovy:60)
	at com.kms.katalon.core.keyword.BuiltinKeywords.callTestCase(BuiltinKeywords.groovy:334)
	at Script1569933857280.run(Script1569933857280.groovy:82)
	... 13 more
)
	at com.kms.katalon.core.keyword.internal.KeywordMain.stepFailed(KeywordMain.groovy:39)
	at com.kms.katalon.core.webui.keyword.internal.WebUIKeywordMain.stepFailed(WebUIKeywordMain.groovy:64)
	at com.kms.katalon.core.webui.keyword.internal.WebUIKeywordMain.runKeyword(WebUIKeywordMain.groovy:26)
	at com.kms.katalon.core.webui.keyword.builtin.ClickKeyword.click(ClickKeyword.groovy:79)
	at com.kms.katalon.core.webui.keyword.builtin.ClickKeyword.execute(ClickKeyword.groovy:42)
	at com.kms.katalon.core.keyword.internal.KeywordExecutor.executeKeywordForPlatform(KeywordExecutor.groovy:60)
	at com.kms.katalon.core.webui.keyword.WebUiBuiltInKeywords.click(WebUiBuiltInKeywords.groovy:616)
	at com.kms.katalon.core.webui.keyword.WebUiBuiltInKeywords$click$4.call(Unknown Source)
	at log_Off.run(log_Off:53)
	at com.kms.katalon.core.main.ScriptEngine.run(ScriptEngine.java:194)
	at com.kms.katalon.core.main.ScriptEngine.runScriptAsRawText(ScriptEngine.java:119)
	at com.kms.katalon.core.main.TestCaseExecutor.runScript(TestCaseExecutor.java:337)
	at com.kms.katalon.core.main.TestCaseExecutor.doExecute(TestCaseExecutor.java:328)
	at com.kms.katalon.core.main.TestCaseExecutor.processExecutionPhase(TestCaseExecutor.java:307)
	at com.kms.katalon.core.main.TestCaseExecutor.accessMainPhase(TestCaseExecutor.java:299)
	at com.kms.katalon.core.main.TestCaseExecutor.execute(TestCaseExecutor.java:233)
	at com.kms.katalon.core.main.TestCaseMain.runTestCase(TestCaseMain.java:114)
	at com.kms.katalon.core.keyword.builtin.CallTestCaseKeyword$_callTestCase_closure1.doCall(CallTestCaseKeyword.groovy:59)
	at com.kms.katalon.core.keyword.builtin.CallTestCaseKeyword$_callTestCase_closure1.call(CallTestCaseKeyword.groovy)
	at com.kms.katalon.core.keyword.internal.KeywordMain.runKeyword(KeywordMain.groovy:68)
	at com.kms.katalon.core.keyword.builtin.CallTestCaseKeyword.callTestCase(CallTestCaseKeyword.groovy:81)
	at com.kms.katalon.core.keyword.builtin.CallTestCaseKeyword.execute(CallTestCaseKeyword.groovy:44)
	at com.kms.katalon.core.keyword.internal.KeywordExecutor.executeKeywordForPlatform(KeywordExecutor.groovy:60)
	at com.kms.katalon.core.keyword.BuiltinKeywords.callTestCase(BuiltinKeywords.groovy:334)
	at Callback_Requests.run(Callback_Requests:82)
	at com.kms.katalon.core.main.ScriptEngine.run(ScriptEngine.java:194)
	at com.kms.katalon.core.main.ScriptEngine.runScriptAsRawText(ScriptEngine.java:119)
	at com.kms.katalon.core.main.TestCaseExecutor.runScript(TestCaseExecutor.java:337)
	at com.kms.katalon.core.main.TestCaseExecutor.doExecute(TestCaseExecutor.java:328)
	at com.kms.katalon.core.main.TestCaseExecutor.processExecutionPhase(TestCaseExecutor.java:307)
	at com.kms.katalon.core.main.TestCaseExecutor.accessMainPhase(TestCaseExecutor.java:299)
	at com.kms.katalon.core.main.TestCaseExecutor.execute(TestCaseExecutor.java:233)
	at com.kms.katalon.core.main.TestSuiteExecutor.accessTestCaseMainPhase(TestSuiteExecutor.java:169)
	at com.kms.katalon.core.main.TestSuiteExecutor.accessTestSuiteMainPhase(TestSuiteExecutor.java:142)
	at com.kms.katalon.core.main.TestSuiteExecutor.execute(TestSuiteExecutor.java:91)
	at com.kms.katalon.core.main.TestCaseMain.startTestSuite(TestCaseMain.java:157)
	at com.kms.katalon.core.main.TestCaseMain$startTestSuite$0.call(Unknown Source)
	at TempTestSuite1572536118851.run(TempTestSuite1572536118851.groovy:36)
Caused by: com.kms.katalon.core.exception.StepFailedException: Unable to click on object 'Object Repository/Page_Members Area/a_Log off'
	... 37 more
Caused by: org.openqa.selenium.TimeoutException: Expected condition failed: waiting for element to be clickable: [[CChromeDriver: chrome on XP (f72f19c562a2ba073e552ed80e1fa5b1)] -> xpath: //a[@href = '/login' and (text() = 'Log off' or . = 'Log off')]] (tried for 30 second(s) with 500 milliseconds interval)
Build info: version: '3.141.59', revision: 'e82be7d358', time: '2018-11-14T08:25:53'
System info: host: 'VETTEDSP36RF', ip: '10.0.11.243', os.name: 'Windows 10', os.arch: 'x86', os.version: '10.0', java.version: '1.8.0_181'
Driver info: com.kms.katalon.core.webui.driver.SmartWaitWebDriver
Capabilities {acceptInsecureCerts: false, browserName: chrome, browserVersion: 78.0.3904.70, chrome: {chromedriverVersion: 77.0.3865.40 (f484704e052e0..., userDataDir: C:\Users\davidho\AppData\Lo...}, goog:chromeOptions: {debuggerAddress: localhost:55294}, javascriptEnabled: true, networkConnectionEnabled: false, pageLoadStrategy: normal, platform: XP, platformName: XP, proxy: Proxy(), setWindowRect: true, strictFileInteractability: false, timeouts: {implicit: 0, pageLoad: 300000, script: 30000}, unhandledPromptBehavior: dismiss and notify}
Session ID: f72f19c562a2ba073e552ed80e1fa5b1
	at org.openqa.selenium.support.ui.WebDriverWait.timeoutException(WebDriverWait.java:95)
	at org.openqa.selenium.support.ui.FluentWait.until(FluentWait.java:272)
	at com.kms.katalon.core.webui.keyword.builtin.ClickKeyword$_click_closure1.doCall(ClickKeyword.groovy:56)
	at com.kms.katalon.core.webui.keyword.builtin.ClickKeyword$_click_closure1.call(ClickKeyword.groovy)
	at com.kms.katalon.core.webui.keyword.internal.WebUIKeywordMain.runKeyword(WebUIKeywordMain.groovy:20)
	... 35 more


2019-10-31 15:37:37 - [TEST_STEP][PASSED] - waitForElementPresent(findTestObject("Object Repository/Page_Members Area/a_Log off"), 5): Object 'Object Repository/Page_Members Area/a_Log off' is present

2019-10-31 15:37:37 - [MESSAGE][PASSED] - Object 'Object Repository/Page_Members Area/a_Log off' is present

2019-10-31 15:37:37 - [TEST_STEP][FAILED] - click(findTestObject("Object Repository/Page_Members Area/a_Log off")): Unable to click on object 'Object Repository/Page_Members Area/a_Log off' (Root cause: com.kms.katalon.core.exception.StepFailedException: Unable to click on object 'Object Repository/Page_Members Area/a_Log off'
	at com.kms.katalon.core.webui.keyword.internal.WebUIKeywordMain.stepFailed(WebUIKeywordMain.groovy:64)
	at com.kms.katalon.core.webui.keyword.internal.WebUIKeywordMain.runKeyword(WebUIKeywordMain.groovy:26)
	at com.kms.katalon.core.webui.keyword.builtin.ClickKeyword.click(ClickKeyword.groovy:79)
	at com.kms.katalon.core.webui.keyword.builtin.ClickKeyword.execute(ClickKeyword.groovy:42)
	at com.kms.katalon.core.keyword.internal.KeywordExecutor.executeKeywordForPlatform(KeywordExecutor.groovy:60)
	at com.kms.katalon.core.webui.keyword.WebUiBuiltInKeywords.click(WebUiBuiltInKeywords.groovy:616)
	at com.kms.katalon.core.webui.keyword.WebUiBuiltInKeywords$click$4.call(Unknown Source)
	at log_Off.run(log_Off:53)
	at com.kms.katalon.core.main.ScriptEngine.run(ScriptEngine.java:194)
	at com.kms.katalon.core.main.ScriptEngine.runScriptAsRawText(ScriptEngine.java:119)
	at com.kms.katalon.core.main.TestCaseExecutor.runScript(TestCaseExecutor.java:337)
	at com.kms.katalon.core.main.TestCaseExecutor.doExecute(TestCaseExecutor.java:328)
	at com.kms.katalon.core.main.TestCaseExecutor.processExecutionPhase(TestCaseExecutor.java:307)
	at com.kms.katalon.core.main.TestCaseExecutor.accessMainPhase(TestCaseExecutor.java:299)
	at com.kms.katalon.core.main.TestCaseExecutor.execute(TestCaseExecutor.java:233)
	at com.kms.katalon.core.main.TestCaseMain.runTestCase(TestCaseMain.java:114)
	at com.kms.katalon.core.keyword.builtin.CallTestCaseKeyword$_callTestCase_closure1.doCall(CallTestCaseKeyword.groovy:59)
	at com.kms.katalon.core.keyword.builtin.CallTestCaseKeyword$_callTestCase_closure1.call(CallTestCaseKeyword.groovy)
	at com.kms.katalon.core.keyword.internal.KeywordMain.runKeyword(KeywordMain.groovy:68)
	at com.kms.katalon.core.keyword.builtin.CallTestCaseKeyword.callTestCase(CallTestCaseKeyword.groovy:81)
	at com.kms.katalon.core.keyword.builtin.CallTestCaseKeyword.execute(CallTestCaseKeyword.groovy:44)
	at com.kms.katalon.core.keyword.internal.KeywordExecutor.executeKeywordForPlatform(KeywordExecutor.groovy:60)
	at com.kms.katalon.core.keyword.BuiltinKeywords.callTestCase(BuiltinKeywords.groovy:334)
	at Callback_Requests.run(Callback_Requests:82)
	at com.kms.katalon.core.main.ScriptEngine.run(ScriptEngine.java:194)
	at com.kms.katalon.core.main.ScriptEngine.runScriptAsRawText(ScriptEngine.java:119)
	at com.kms.katalon.core.main.TestCaseExecutor.runScript(TestCaseExecutor.java:337)
	at com.kms.katalon.core.main.TestCaseExecutor.doExecute(TestCaseExecutor.java:328)
	at com.kms.katalon.core.main.TestCaseExecutor.processExecutionPhase(TestCaseExecutor.java:307)
	at com.kms.katalon.core.main.TestCaseExecutor.accessMainPhase(TestCaseExecutor.java:299)
	at com.kms.katalon.core.main.TestCaseExecutor.execute(TestCaseExecutor.java:233)
	at com.kms.katalon.core.main.TestSuiteExecutor.accessTestCaseMainPhase(TestSuiteExecutor.java:169)
	at com.kms.katalon.core.main.TestSuiteExecutor.accessTestSuiteMainPhase(TestSuiteExecutor.java:142)
	at com.kms.katalon.core.main.TestSuiteExecutor.execute(TestSuiteExecutor.java:91)
	at com.kms.katalon.core.main.TestCaseMain.startTestSuite(TestCaseMain.java:157)
	at com.kms.katalon.core.main.TestCaseMain$startTestSuite$0.call(Unknown Source)
	at TempTestSuite1572536118851.run(TempTestSuite1572536118851.groovy:36)
Caused by: org.openqa.selenium.TimeoutException: Expected condition failed: waiting for element to be clickable: [[CChromeDriver: chrome on XP (f72f19c562a2ba073e552ed80e1fa5b1)] -> xpath: //a[@href = '/login' and (text() = 'Log off' or . = 'Log off')]] (tried for 30 second(s) with 500 milliseconds interval)
Build info: version: '3.141.59', revision: 'e82be7d358', time: '2018-11-14T08:25:53'
System info: host: 'VETTEDSP36RF', ip: '10.0.11.243', os.name: 'Windows 10', os.arch: 'x86', os.version: '10.0', java.version: '1.8.0_181'
Driver info: com.kms.katalon.core.webui.driver.SmartWaitWebDriver
Capabilities {acceptInsecureCerts: false, browserName: chrome, browserVersion: 78.0.3904.70, chrome: {chromedriverVersion: 77.0.3865.40 (f484704e052e0..., userDataDir: C:\Users\davidho\AppData\Lo...}, goog:chromeOptions: {debuggerAddress: localhost:55294}, javascriptEnabled: true, networkConnectionEnabled: false, pageLoadStrategy: normal, platform: XP, platformName: XP, proxy: Proxy(), setWindowRect: true, strictFileInteractability: false, timeouts: {implicit: 0, pageLoad: 300000, script: 30000}, unhandledPromptBehavior: dismiss and notify}
Session ID: f72f19c562a2ba073e552ed80e1fa5b1
	at org.openqa.selenium.support.ui.WebDriverWait.timeoutException(WebDriverWait.java:95)
	at org.openqa.selenium.support.ui.FluentWait.until(FluentWait.java:272)
	at com.kms.katalon.core.webui.keyword.builtin.ClickKeyword$_click_closure1.doCall(ClickKeyword.groovy:56)
	at com.kms.katalon.core.webui.keyword.builtin.ClickKeyword$_click_closure1.call(ClickKeyword.groovy)
	at com.kms.katalon.core.webui.keyword.internal.WebUIKeywordMain.runKeyword(WebUIKeywordMain.groovy:20)
	at com.kms.katalon.core.webui.keyword.builtin.ClickKeyword.click(ClickKeyword.groovy:79)
	at com.kms.katalon.core.webui.keyword.builtin.ClickKeyword.execute(ClickKeyword.groovy:42)
	at com.kms.katalon.core.keyword.internal.KeywordExecutor.executeKeywordForPlatform(KeywordExecutor.groovy:60)
	at com.kms.katalon.core.webui.keyword.WebUiBuiltInKeywords.click(WebUiBuiltInKeywords.groovy:616)
	at com.kms.katalon.core.webui.keyword.WebUiBuiltInKeywords$click$4.call(Unknown Source)
	at Script1568122980246.run(Script1568122980246.groovy:53)
	at com.kms.katalon.core.main.ScriptEngine.run(ScriptEngine.java:194)
	at com.kms.katalon.core.main.ScriptEngine.runScriptAsRawText(ScriptEngine.java:119)
	at com.kms.katalon.core.main.TestCaseExecutor.runScript(TestCaseExecutor.java:337)
	at com.kms.katalon.core.main.TestCaseExecutor.doExecute(TestCaseExecutor.java:328)
	at com.kms.katalon.core.main.TestCaseExecutor.processExecutionPhase(TestCaseExecutor.java:307)
	at com.kms.katalon.core.main.TestCaseExecutor.accessMainPhase(TestCaseExecutor.java:299)
	at com.kms.katalon.core.main.TestCaseExecutor.execute(TestCaseExecutor.java:233)
	at com.kms.katalon.core.main.TestCaseMain.runTestCase(TestCaseMain.java:114)
	at com.kms.katalon.core.keyword.builtin.CallTestCaseKeyword$_callTestCase_closure1.doCall(CallTestCaseKeyword.groovy:59)
	at com.kms.katalon.core.keyword.builtin.CallTestCaseKeyword$_callTestCase_closure1.call(CallTestCaseKeyword.groovy)
	at com.kms.katalon.core.keyword.internal.KeywordMain.runKeyword(KeywordMain.groovy:68)
	at com.kms.katalon.core.keyword.builtin.CallTestCaseKeyword.callTestCase(CallTestCaseKeyword.groovy:81)
	at com.kms.katalon.core.keyword.builtin.CallTestCaseKeyword.execute(CallTestCaseKeyword.groovy:44)
	at com.kms.katalon.core.keyword.internal.KeywordExecutor.executeKeywordForPlatform(KeywordExecutor.groovy:60)
	at com.kms.katalon.core.keyword.BuiltinKeywords.callTestCase(BuiltinKeywords.groovy:334)
	at Script1569933857280.run(Script1569933857280.groovy:82)
	... 13 more
)

2019-10-31 15:38:08 - [MESSAGE][FAILED] - Unable to click on object 'Object Repository/Page_Members Area/a_Log off' (Root cause: com.kms.katalon.core.exception.StepFailedException: Unable to click on object 'Object Repository/Page_Members Area/a_Log off'
	at com.kms.katalon.core.webui.keyword.internal.WebUIKeywordMain.stepFailed(WebUIKeywordMain.groovy:64)
	at com.kms.katalon.core.webui.keyword.internal.WebUIKeywordMain.runKeyword(WebUIKeywordMain.groovy:26)
	at com.kms.katalon.core.webui.keyword.builtin.ClickKeyword.click(ClickKeyword.groovy:79)
	at com.kms.katalon.core.webui.keyword.builtin.ClickKeyword.execute(ClickKeyword.groovy:42)
	at com.kms.katalon.core.keyword.internal.KeywordExecutor.executeKeywordForPlatform(KeywordExecutor.groovy:60)
	at com.kms.katalon.core.webui.keyword.WebUiBuiltInKeywords.click(WebUiBuiltInKeywords.groovy:616)
	at com.kms.katalon.core.webui.keyword.WebUiBuiltInKeywords$click$4.call(Unknown Source)
	at log_Off.run(log_Off:53)
	at com.kms.katalon.core.main.ScriptEngine.run(ScriptEngine.java:194)
	at com.kms.katalon.core.main.ScriptEngine.runScriptAsRawText(ScriptEngine.java:119)
	at com.kms.katalon.core.main.TestCaseExecutor.runScript(TestCaseExecutor.java:337)
	at com.kms.katalon.core.main.TestCaseExecutor.doExecute(TestCaseExecutor.java:328)
	at com.kms.katalon.core.main.TestCaseExecutor.processExecutionPhase(TestCaseExecutor.java:307)
	at com.kms.katalon.core.main.TestCaseExecutor.accessMainPhase(TestCaseExecutor.java:299)
	at com.kms.katalon.core.main.TestCaseExecutor.execute(TestCaseExecutor.java:233)
	at com.kms.katalon.core.main.TestCaseMain.runTestCase(TestCaseMain.java:114)
	at com.kms.katalon.core.keyword.builtin.CallTestCaseKeyword$_callTestCase_closure1.doCall(CallTestCaseKeyword.groovy:59)
	at com.kms.katalon.core.keyword.builtin.CallTestCaseKeyword$_callTestCase_closure1.call(CallTestCaseKeyword.groovy)
	at com.kms.katalon.core.keyword.internal.KeywordMain.runKeyword(KeywordMain.groovy:68)
	at com.kms.katalon.core.keyword.builtin.CallTestCaseKeyword.callTestCase(CallTestCaseKeyword.groovy:81)
	at com.kms.katalon.core.keyword.builtin.CallTestCaseKeyword.execute(CallTestCaseKeyword.groovy:44)
	at com.kms.katalon.core.keyword.internal.KeywordExecutor.executeKeywordForPlatform(KeywordExecutor.groovy:60)
	at com.kms.katalon.core.keyword.BuiltinKeywords.callTestCase(BuiltinKeywords.groovy:334)
	at Callback_Requests.run(Callback_Requests:82)
	at com.kms.katalon.core.main.ScriptEngine.run(ScriptEngine.java:194)
	at com.kms.katalon.core.main.ScriptEngine.runScriptAsRawText(ScriptEngine.java:119)
	at com.kms.katalon.core.main.TestCaseExecutor.runScript(TestCaseExecutor.java:337)
	at com.kms.katalon.core.main.TestCaseExecutor.doExecute(TestCaseExecutor.java:328)
	at com.kms.katalon.core.main.TestCaseExecutor.processExecutionPhase(TestCaseExecutor.java:307)
	at com.kms.katalon.core.main.TestCaseExecutor.accessMainPhase(TestCaseExecutor.java:299)
	at com.kms.katalon.core.main.TestCaseExecutor.execute(TestCaseExecutor.java:233)
	at com.kms.katalon.core.main.TestSuiteExecutor.accessTestCaseMainPhase(TestSuiteExecutor.java:169)
	at com.kms.katalon.core.main.TestSuiteExecutor.accessTestSuiteMainPhase(TestSuiteExecutor.java:142)
	at com.kms.katalon.core.main.TestSuiteExecutor.execute(TestSuiteExecutor.java:91)
	at com.kms.katalon.core.main.TestCaseMain.startTestSuite(TestCaseMain.java:157)
	at com.kms.katalon.core.main.TestCaseMain$startTestSuite$0.call(Unknown Source)
	at TempTestSuite1572536118851.run(TempTestSuite1572536118851.groovy:36)
Caused by: org.openqa.selenium.TimeoutException: Expected condition failed: waiting for element to be clickable: [[CChromeDriver: chrome on XP (f72f19c562a2ba073e552ed80e1fa5b1)] -> xpath: //a[@href = '/login' and (text() = 'Log off' or . = 'Log off')]] (tried for 30 second(s) with 500 milliseconds interval)
Build info: version: '3.141.59', revision: 'e82be7d358', time: '2018-11-14T08:25:53'
System info: host: 'VETTEDSP36RF', ip: '10.0.11.243', os.name: 'Windows 10', os.arch: 'x86', os.version: '10.0', java.version: '1.8.0_181'
Driver info: com.kms.katalon.core.webui.driver.SmartWaitWebDriver
Capabilities {acceptInsecureCerts: false, browserName: chrome, browserVersion: 78.0.3904.70, chrome: {chromedriverVersion: 77.0.3865.40 (f484704e052e0..., userDataDir: C:\Users\davidho\AppData\Lo...}, goog:chromeOptions: {debuggerAddress: localhost:55294}, javascriptEnabled: true, networkConnectionEnabled: false, pageLoadStrategy: normal, platform: XP, platformName: XP, proxy: Proxy(), setWindowRect: true, strictFileInteractability: false, timeouts: {implicit: 0, pageLoad: 300000, script: 30000}, unhandledPromptBehavior: dismiss and notify}
Session ID: f72f19c562a2ba073e552ed80e1fa5b1
	at org.openqa.selenium.support.ui.WebDriverWait.timeoutException(WebDriverWait.java:95)
	at org.openqa.selenium.support.ui.FluentWait.until(FluentWait.java:272)
	at com.kms.katalon.core.webui.keyword.builtin.ClickKeyword$_click_closure1.doCall(ClickKeyword.groovy:56)
	at com.kms.katalon.core.webui.keyword.builtin.ClickKeyword$_click_closure1.call(ClickKeyword.groovy)
	at com.kms.katalon.core.webui.keyword.internal.WebUIKeywordMain.runKeyword(WebUIKeywordMain.groovy:20)
	at com.kms.katalon.core.webui.keyword.builtin.ClickKeyword.click(ClickKeyword.groovy:79)
	at com.kms.katalon.core.webui.keyword.builtin.ClickKeyword.execute(ClickKeyword.groovy:42)
	at com.kms.katalon.core.keyword.internal.KeywordExecutor.executeKeywordForPlatform(KeywordExecutor.groovy:60)
	at com.kms.katalon.core.webui.keyword.WebUiBuiltInKeywords.click(WebUiBuiltInKeywords.groovy:616)
	at com.kms.katalon.core.webui.keyword.WebUiBuiltInKeywords$click$4.call(Unknown Source)
	at Script1568122980246.run(Script1568122980246.groovy:53)
	at com.kms.katalon.core.main.ScriptEngine.run(ScriptEngine.java:194)
	at com.kms.katalon.core.main.ScriptEngine.runScriptAsRawText(ScriptEngine.java:119)
	at com.kms.katalon.core.main.TestCaseExecutor.runScript(TestCaseExecutor.java:337)
	at com.kms.katalon.core.main.TestCaseExecutor.doExecute(TestCaseExecutor.java:328)
	at com.kms.katalon.core.main.TestCaseExecutor.processExecutionPhase(TestCaseExecutor.java:307)
	at com.kms.katalon.core.main.TestCaseExecutor.accessMainPhase(TestCaseExecutor.java:299)
	at com.kms.katalon.core.main.TestCaseExecutor.execute(TestCaseExecutor.java:233)
	at com.kms.katalon.core.main.TestCaseMain.runTestCase(TestCaseMain.java:114)
	at com.kms.katalon.core.keyword.builtin.CallTestCaseKeyword$_callTestCase_closure1.doCall(CallTestCaseKeyword.groovy:59)
	at com.kms.katalon.core.keyword.builtin.CallTestCaseKeyword$_callTestCase_closure1.call(CallTestCaseKeyword.groovy)
	at com.kms.katalon.core.keyword.internal.KeywordMain.runKeyword(KeywordMain.groovy:68)
	at com.kms.katalon.core.keyword.builtin.CallTestCaseKeyword.callTestCase(CallTestCaseKeyword.groovy:81)
	at com.kms.katalon.core.keyword.builtin.CallTestCaseKeyword.execute(CallTestCaseKeyword.groovy:44)
	at com.kms.katalon.core.keyword.internal.KeywordExecutor.executeKeywordForPlatform(KeywordExecutor.groovy:60)
	at com.kms.katalon.core.keyword.BuiltinKeywords.callTestCase(BuiltinKeywords.groovy:334)
	at Script1569933857280.run(Script1569933857280.groovy:82)
	... 13 more
)
[[ATTACHMENT|C:\\Users\\davidho\\Katalon Studio\\Start\\Reports\\20191031_153516\\Members_Callback\\20191031_153518\\1572536287651.png]]

2019-10-31 15:38:08 - [MESSAGE][FAILED] - Unable to call Test Case 'Test Cases/Reusable_Test_Sequences/Members_Area/Banner_Menu/log_Off' (Root cause: com.kms.katalon.core.exception.StepFailedException: Call Test Case 'Test Cases/Reusable_Test_Sequences/Members_Area/Banner_Menu/log_Off' failed
	at com.kms.katalon.core.keyword.builtin.CallTestCaseKeyword$_callTestCase_closure1.doCall(CallTestCaseKeyword.groovy:63)
	at com.kms.katalon.core.keyword.builtin.CallTestCaseKeyword$_callTestCase_closure1.call(CallTestCaseKeyword.groovy)
	at com.kms.katalon.core.keyword.internal.KeywordMain.runKeyword(KeywordMain.groovy:68)
	at com.kms.katalon.core.keyword.builtin.CallTestCaseKeyword.callTestCase(CallTestCaseKeyword.groovy:81)
	at com.kms.katalon.core.keyword.builtin.CallTestCaseKeyword.execute(CallTestCaseKeyword.groovy:44)
	at com.kms.katalon.core.keyword.internal.KeywordExecutor.executeKeywordForPlatform(KeywordExecutor.groovy:60)
	at com.kms.katalon.core.keyword.BuiltinKeywords.callTestCase(BuiltinKeywords.groovy:334)
	at Callback_Requests.run(Callback_Requests:82)
	at com.kms.katalon.core.main.ScriptEngine.run(ScriptEngine.java:194)
	at com.kms.katalon.core.main.ScriptEngine.runScriptAsRawText(ScriptEngine.java:119)
	at com.kms.katalon.core.main.TestCaseExecutor.runScript(TestCaseExecutor.java:337)
	at com.kms.katalon.core.main.TestCaseExecutor.doExecute(TestCaseExecutor.java:328)
	at com.kms.katalon.core.main.TestCaseExecutor.processExecutionPhase(TestCaseExecutor.java:307)
	at com.kms.katalon.core.main.TestCaseExecutor.accessMainPhase(TestCaseExecutor.java:299)
	at com.kms.katalon.core.main.TestCaseExecutor.execute(TestCaseExecutor.java:233)
	at com.kms.katalon.core.main.TestSuiteExecutor.accessTestCaseMainPhase(TestSuiteExecutor.java:169)
	at com.kms.katalon.core.main.TestSuiteExecutor.accessTestSuiteMainPhase(TestSuiteExecutor.java:142)
	at com.kms.katalon.core.main.TestSuiteExecutor.execute(TestSuiteExecutor.java:91)
	at com.kms.katalon.core.main.TestCaseMain.startTestSuite(TestCaseMain.java:157)
	at com.kms.katalon.core.main.TestCaseMain$startTestSuite$0.call(Unknown Source)
	at TempTestSuite1572536118851.run(TempTestSuite1572536118851.groovy:36)
Caused by: com.kms.katalon.core.exception.StepFailedException: Unable to click on object 'Object Repository/Page_Members Area/a_Log off' (Root cause: com.kms.katalon.core.exception.StepFailedException: Unable to click on object 'Object Repository/Page_Members Area/a_Log off'
	at com.kms.katalon.core.webui.keyword.internal.WebUIKeywordMain.stepFailed(WebUIKeywordMain.groovy:64)
	at com.kms.katalon.core.webui.keyword.internal.WebUIKeywordMain.runKeyword(WebUIKeywordMain.groovy:26)
	at com.kms.katalon.core.webui.keyword.builtin.ClickKeyword.click(ClickKeyword.groovy:79)
	at com.kms.katalon.core.webui.keyword.builtin.ClickKeyword.execute(ClickKeyword.groovy:42)
	at com.kms.katalon.core.keyword.internal.KeywordExecutor.executeKeywordForPlatform(KeywordExecutor.groovy:60)
	at com.kms.katalon.core.webui.keyword.WebUiBuiltInKeywords.click(WebUiBuiltInKeywords.groovy:616)
	at com.kms.katalon.core.webui.keyword.WebUiBuiltInKeywords$click$4.call(Unknown Source)
	at log_Off.run(log_Off:53)
	at com.kms.katalon.core.main.ScriptEngine.run(ScriptEngine.java:194)
	at com.kms.katalon.core.main.ScriptEngine.runScriptAsRawText(ScriptEngine.java:119)
	at com.kms.katalon.core.main.TestCaseExecutor.runScript(TestCaseExecutor.java:337)
	at com.kms.katalon.core.main.TestCaseExecutor.doExecute(TestCaseExecutor.java:328)
	at com.kms.katalon.core.main.TestCaseExecutor.processExecutionPhase(TestCaseExecutor.java:307)
	at com.kms.katalon.core.main.TestCaseExecutor.accessMainPhase(TestCaseExecutor.java:299)
	at com.kms.katalon.core.main.TestCaseExecutor.execute(TestCaseExecutor.java:233)
	at com.kms.katalon.core.main.TestCaseMain.runTestCase(TestCaseMain.java:114)
	at com.kms.katalon.core.keyword.builtin.CallTestCaseKeyword$_callTestCase_closure1.doCall(CallTestCaseKeyword.groovy:59)
	at com.kms.katalon.core.keyword.builtin.CallTestCaseKeyword$_callTestCase_closure1.call(CallTestCaseKeyword.groovy)
	at com.kms.katalon.core.keyword.internal.KeywordMain.runKeyword(KeywordMain.groovy:68)
	at com.kms.katalon.core.keyword.builtin.CallTestCaseKeyword.callTestCase(CallTestCaseKeyword.groovy:81)
	at com.kms.katalon.core.keyword.builtin.CallTestCaseKeyword.execute(CallTestCaseKeyword.groovy:44)
	at com.kms.katalon.core.keyword.internal.KeywordExecutor.executeKeywordForPlatform(KeywordExecutor.groovy:60)
	at com.kms.katalon.core.keyword.BuiltinKeywords.callTestCase(BuiltinKeywords.groovy:334)
	at Callback_Requests.run(Callback_Requests:82)
	at com.kms.katalon.core.main.ScriptEngine.run(ScriptEngine.java:194)
	at com.kms.katalon.core.main.ScriptEngine.runScriptAsRawText(ScriptEngine.java:119)
	at com.kms.katalon.core.main.TestCaseExecutor.runScript(TestCaseExecutor.java:337)
	at com.kms.katalon.core.main.TestCaseExecutor.doExecute(TestCaseExecutor.java:328)
	at com.kms.katalon.core.main.TestCaseExecutor.processExecutionPhase(TestCaseExecutor.java:307)
	at com.kms.katalon.core.main.TestCaseExecutor.accessMainPhase(TestCaseExecutor.java:299)
	at com.kms.katalon.core.main.TestCaseExecutor.execute(TestCaseExecutor.java:233)
	at com.kms.katalon.core.main.TestSuiteExecutor.accessTestCaseMainPhase(TestSuiteExecutor.java:169)
	at com.kms.katalon.core.main.TestSuiteExecutor.accessTestSuiteMainPhase(TestSuiteExecutor.java:142)
	at com.kms.katalon.core.main.TestSuiteExecutor.execute(TestSuiteExecutor.java:91)
	at com.kms.katalon.core.main.TestCaseMain.startTestSuite(TestCaseMain.java:157)
	at com.kms.katalon.core.main.TestCaseMain$startTestSuite$0.call(Unknown Source)
	at TempTestSuite1572536118851.run(TempTestSuite1572536118851.groovy:36)
Caused by: org.openqa.selenium.TimeoutException: Expected condition failed: waiting for element to be clickable: [[CChromeDriver: chrome on XP (f72f19c562a2ba073e552ed80e1fa5b1)] -> xpath: //a[@href = '/login' and (text() = 'Log off' or . = 'Log off')]] (tried for 30 second(s) with 500 milliseconds interval)
Build info: version: '3.141.59', revision: 'e82be7d358', time: '2018-11-14T08:25:53'
System info: host: 'VETTEDSP36RF', ip: '10.0.11.243', os.name: 'Windows 10', os.arch: 'x86', os.version: '10.0', java.version: '1.8.0_181'
Driver info: com.kms.katalon.core.webui.driver.SmartWaitWebDriver
Capabilities {acceptInsecureCerts: false, browserName: chrome, browserVersion: 78.0.3904.70, chrome: {chromedriverVersion: 77.0.3865.40 (f484704e052e0..., userDataDir: C:\Users\davidho\AppData\Lo...}, goog:chromeOptions: {debuggerAddress: localhost:55294}, javascriptEnabled: true, networkConnectionEnabled: false, pageLoadStrategy: normal, platform: XP, platformName: XP, proxy: Proxy(), setWindowRect: true, strictFileInteractability: false, timeouts: {implicit: 0, pageLoad: 300000, script: 30000}, unhandledPromptBehavior: dismiss and notify}
Session ID: f72f19c562a2ba073e552ed80e1fa5b1
	at org.openqa.selenium.support.ui.WebDriverWait.timeoutException(WebDriverWait.java:95)
	at org.openqa.selenium.support.ui.FluentWait.until(FluentWait.java:272)
	at com.kms.katalon.core.webui.keyword.builtin.ClickKeyword$_click_closure1.doCall(ClickKeyword.groovy:56)
	at com.kms.katalon.core.webui.keyword.builtin.ClickKeyword$_click_closure1.call(ClickKeyword.groovy)
	at com.kms.katalon.core.webui.keyword.internal.WebUIKeywordMain.runKeyword(WebUIKeywordMain.groovy:20)
	at com.kms.katalon.core.webui.keyword.builtin.ClickKeyword.click(ClickKeyword.groovy:79)
	at com.kms.katalon.core.webui.keyword.builtin.ClickKeyword.execute(ClickKeyword.groovy:42)
	at com.kms.katalon.core.keyword.internal.KeywordExecutor.executeKeywordForPlatform(KeywordExecutor.groovy:60)
	at com.kms.katalon.core.webui.keyword.WebUiBuiltInKeywords.click(WebUiBuiltInKeywords.groovy:616)
	at com.kms.katalon.core.webui.keyword.WebUiBuiltInKeywords$click$4.call(Unknown Source)
	at Script1568122980246.run(Script1568122980246.groovy:53)
	at com.kms.katalon.core.main.ScriptEngine.run(ScriptEngine.java:194)
	at com.kms.katalon.core.main.ScriptEngine.runScriptAsRawText(ScriptEngine.java:119)
	at com.kms.katalon.core.main.TestCaseExecutor.runScript(TestCaseExecutor.java:337)
	at com.kms.katalon.core.main.TestCaseExecutor.doExecute(TestCaseExecutor.java:328)
	at com.kms.katalon.core.main.TestCaseExecutor.processExecutionPhase(TestCaseExecutor.java:307)
	at com.kms.katalon.core.main.TestCaseExecutor.accessMainPhase(TestCaseExecutor.java:299)
	at com.kms.katalon.core.main.TestCaseExecutor.execute(TestCaseExecutor.java:233)
	at com.kms.katalon.core.main.TestCaseMain.runTestCase(TestCaseMain.java:114)
	at com.kms.katalon.core.keyword.builtin.CallTestCaseKeyword$_callTestCase_closure1.doCall(CallTestCaseKeyword.groovy:59)
	at com.kms.katalon.core.keyword.builtin.CallTestCaseKeyword$_callTestCase_closure1.call(CallTestCaseKeyword.groovy)
	at com.kms.katalon.core.keyword.internal.KeywordMain.runKeyword(KeywordMain.groovy:68)
	at com.kms.katalon.core.keyword.builtin.CallTestCaseKeyword.callTestCase(CallTestCaseKeyword.groovy:81)
	at com.kms.katalon.core.keyword.builtin.CallTestCaseKeyword.execute(CallTestCaseKeyword.groovy:44)
	at com.kms.katalon.core.keyword.internal.KeywordExecutor.executeKeywordForPlatform(KeywordExecutor.groovy:60)
	at com.kms.katalon.core.keyword.BuiltinKeywords.callTestCase(BuiltinKeywords.groovy:334)
	at Script1569933857280.run(Script1569933857280.groovy:82)
	... 13 more
)
	at com.kms.katalon.core.keyword.internal.KeywordMain.stepFailed(KeywordMain.groovy:39)
	at com.kms.katalon.core.webui.keyword.internal.WebUIKeywordMain.stepFailed(WebUIKeywordMain.groovy:64)
	at com.kms.katalon.core.webui.keyword.internal.WebUIKeywordMain.runKeyword(WebUIKeywordMain.groovy:26)
	at com.kms.katalon.core.webui.keyword.builtin.ClickKeyword.click(ClickKeyword.groovy:79)
	at com.kms.katalon.core.webui.keyword.builtin.ClickKeyword.execute(ClickKeyword.groovy:42)
	at com.kms.katalon.core.keyword.internal.KeywordExecutor.executeKeywordForPlatform(KeywordExecutor.groovy:60)
	at com.kms.katalon.core.webui.keyword.WebUiBuiltInKeywords.click(WebUiBuiltInKeywords.groovy:616)
	at com.kms.katalon.core.webui.keyword.WebUiBuiltInKeywords$click$4.call(Unknown Source)
	at log_Off.run(log_Off:53)
	at com.kms.katalon.core.main.ScriptEngine.run(ScriptEngine.java:194)
	at com.kms.katalon.core.main.ScriptEngine.runScriptAsRawText(ScriptEngine.java:119)
	at com.kms.katalon.core.main.TestCaseExecutor.runScript(TestCaseExecutor.java:337)
	at com.kms.katalon.core.main.TestCaseExecutor.doExecute(TestCaseExecutor.java:328)
	at com.kms.katalon.core.main.TestCaseExecutor.processExecutionPhase(TestCaseExecutor.java:307)
	at com.kms.katalon.core.main.TestCaseExecutor.accessMainPhase(TestCaseExecutor.java:299)
	at com.kms.katalon.core.main.TestCaseExecutor.execute(TestCaseExecutor.java:233)
	at com.kms.katalon.core.main.TestCaseMain.runTestCase(TestCaseMain.java:114)
	at com.kms.katalon.core.keyword.builtin.CallTestCaseKeyword$_callTestCase_closure1.doCall(CallTestCaseKeyword.groovy:59)
	... 20 more
Caused by: com.kms.katalon.core.exception.StepFailedException: Unable to click on object 'Object Repository/Page_Members Area/a_Log off'
	... 37 more
Caused by: org.openqa.selenium.TimeoutException: Expected condition failed: waiting for element to be clickable: [[CChromeDriver: chrome on XP (f72f19c562a2ba073e552ed80e1fa5b1)] -> xpath: //a[@href = '/login' and (text() = 'Log off' or . = 'Log off')]] (tried for 30 second(s) with 500 milliseconds interval)
Build info: version: '3.141.59', revision: 'e82be7d358', time: '2018-11-14T08:25:53'
System info: host: 'VETTEDSP36RF', ip: '10.0.11.243', os.name: 'Windows 10', os.arch: 'x86', os.version: '10.0', java.version: '1.8.0_181'
Driver info: com.kms.katalon.core.webui.driver.SmartWaitWebDriver
Capabilities {acceptInsecureCerts: false, browserName: chrome, browserVersion: 78.0.3904.70, chrome: {chromedriverVersion: 77.0.3865.40 (f484704e052e0..., userDataDir: C:\Users\davidho\AppData\Lo...}, goog:chromeOptions: {debuggerAddress: localhost:55294}, javascriptEnabled: true, networkConnectionEnabled: false, pageLoadStrategy: normal, platform: XP, platformName: XP, proxy: Proxy(), setWindowRect: true, strictFileInteractability: false, timeouts: {implicit: 0, pageLoad: 300000, script: 30000}, unhandledPromptBehavior: dismiss and notify}
Session ID: f72f19c562a2ba073e552ed80e1fa5b1
	at org.openqa.selenium.support.ui.WebDriverWait.timeoutException(WebDriverWait.java:95)
	at org.openqa.selenium.support.ui.FluentWait.until(FluentWait.java:272)
	at com.kms.katalon.core.webui.keyword.builtin.ClickKeyword$_click_closure1.doCall(ClickKeyword.groovy:56)
	at com.kms.katalon.core.webui.keyword.builtin.ClickKeyword$_click_closure1.call(ClickKeyword.groovy)
	at com.kms.katalon.core.webui.keyword.internal.WebUIKeywordMain.runKeyword(WebUIKeywordMain.groovy:20)
	... 35 more
)]]></system-out>
         <system-err><![CDATA[2019-10-31 15:35:38 - [TEST_CASE][FAILED] - Test Cases/Members_Area/Callback_Requests: Test Cases/Members_Area/Callback_Requests FAILED.
Reason:
com.kms.katalon.core.exception.StepFailedException: Unable to call Test Case 'Test Cases/Reusable_Test_Sequences/Members_Area/Validation/Callback_Requests_Sub/Callback_Requests_Notes' (Root cause: com.kms.katalon.core.exception.StepFailedException: Call Test Case 'Test Cases/Reusable_Test_Sequences/Members_Area/Validation/Callback_Requests_Sub/Callback_Requests_Notes' failed
	at com.kms.katalon.core.keyword.builtin.CallTestCaseKeyword$_callTestCase_closure1.doCall(CallTestCaseKeyword.groovy:63)
	at com.kms.katalon.core.keyword.builtin.CallTestCaseKeyword$_callTestCase_closure1.call(CallTestCaseKeyword.groovy)
	at com.kms.katalon.core.keyword.internal.KeywordMain.runKeyword(KeywordMain.groovy:68)
	at com.kms.katalon.core.keyword.builtin.CallTestCaseKeyword.callTestCase(CallTestCaseKeyword.groovy:81)
	at com.kms.katalon.core.keyword.builtin.CallTestCaseKeyword.execute(CallTestCaseKeyword.groovy:44)
	at com.kms.katalon.core.keyword.internal.KeywordExecutor.executeKeywordForPlatform(KeywordExecutor.groovy:60)
	at com.kms.katalon.core.keyword.BuiltinKeywords.callTestCase(BuiltinKeywords.groovy:334)
	at Callback_Requests.run(Callback_Requests:77)
	at com.kms.katalon.core.main.ScriptEngine.run(ScriptEngine.java:194)
	at com.kms.katalon.core.main.ScriptEngine.runScriptAsRawText(ScriptEngine.java:119)
	at com.kms.katalon.core.main.TestCaseExecutor.runScript(TestCaseExecutor.java:337)
	at com.kms.katalon.core.main.TestCaseExecutor.doExecute(TestCaseExecutor.java:328)
	at com.kms.katalon.core.main.TestCaseExecutor.processExecutionPhase(TestCaseExecutor.java:307)
	at com.kms.katalon.core.main.TestCaseExecutor.accessMainPhase(TestCaseExecutor.java:299)
	at com.kms.katalon.core.main.TestCaseExecutor.execute(TestCaseExecutor.java:233)
	at com.kms.katalon.core.main.TestSuiteExecutor.accessTestCaseMainPhase(TestSuiteExecutor.java:169)
	at com.kms.katalon.core.main.TestSuiteExecutor.accessTestSuiteMainPhase(TestSuiteExecutor.java:142)
	at com.kms.katalon.core.main.TestSuiteExecutor.execute(TestSuiteExecutor.java:91)
	at com.kms.katalon.core.main.TestCaseMain.startTestSuite(TestCaseMain.java:157)
	at com.kms.katalon.core.main.TestCaseMain$startTestSuite$0.call(Unknown Source)
	at TempTestSuite1572536118851.run(TempTestSuite1572536118851.groovy:36)
Caused by: com.kms.katalon.core.exception.StepFailedException: Unable to click on object 'Object Repository/Page_Members Area/Page_Members Area/a_AddEdit note' (Root cause: com.kms.katalon.core.exception.StepFailedException: Unable to click on object 'Object Repository/Page_Members Area/Page_Members Area/a_AddEdit note'
	at com.kms.katalon.core.webui.keyword.internal.WebUIKeywordMain.stepFailed(WebUIKeywordMain.groovy:64)
	at com.kms.katalon.core.webui.keyword.internal.WebUIKeywordMain.runKeyword(WebUIKeywordMain.groovy:26)
	at com.kms.katalon.core.webui.keyword.builtin.ClickKeyword.click(ClickKeyword.groovy:79)
	at com.kms.katalon.core.webui.keyword.builtin.ClickKeyword.execute(ClickKeyword.groovy:42)
	at com.kms.katalon.core.keyword.internal.KeywordExecutor.executeKeywordForPlatform(KeywordExecutor.groovy:60)
	at com.kms.katalon.core.webui.keyword.WebUiBuiltInKeywords.click(WebUiBuiltInKeywords.groovy:616)
	at com.kms.katalon.core.webui.keyword.WebUiBuiltInKeywords$click$4.call(Unknown Source)
	at Callback_Requests_Notes.run(Callback_Requests_Notes:78)
	at com.kms.katalon.core.main.ScriptEngine.run(ScriptEngine.java:194)
	at com.kms.katalon.core.main.ScriptEngine.runScriptAsRawText(ScriptEngine.java:119)
	at com.kms.katalon.core.main.TestCaseExecutor.runScript(TestCaseExecutor.java:337)
	at com.kms.katalon.core.main.TestCaseExecutor.doExecute(TestCaseExecutor.java:328)
	at com.kms.katalon.core.main.TestCaseExecutor.processExecutionPhase(TestCaseExecutor.java:307)
	at com.kms.katalon.core.main.TestCaseExecutor.accessMainPhase(TestCaseExecutor.java:299)
	at com.kms.katalon.core.main.TestCaseExecutor.execute(TestCaseExecutor.java:233)
	at com.kms.katalon.core.main.TestCaseMain.runTestCase(TestCaseMain.java:114)
	at com.kms.katalon.core.keyword.builtin.CallTestCaseKeyword$_callTestCase_closure1.doCall(CallTestCaseKeyword.groovy:59)
	at com.kms.katalon.core.keyword.builtin.CallTestCaseKeyword$_callTestCase_closure1.call(CallTestCaseKeyword.groovy)
	at com.kms.katalon.core.keyword.internal.KeywordMain.runKeyword(KeywordMain.groovy:68)
	at com.kms.katalon.core.keyword.builtin.CallTestCaseKeyword.callTestCase(CallTestCaseKeyword.groovy:81)
	at com.kms.katalon.core.keyword.builtin.CallTestCaseKeyword.execute(CallTestCaseKeyword.groovy:44)
	at com.kms.katalon.core.keyword.internal.KeywordExecutor.executeKeywordForPlatform(KeywordExecutor.groovy:60)
	at com.kms.katalon.core.keyword.BuiltinKeywords.callTestCase(BuiltinKeywords.groovy:334)
	at Callback_Requests.run(Callback_Requests:77)
	at com.kms.katalon.core.main.ScriptEngine.run(ScriptEngine.java:194)
	at com.kms.katalon.core.main.ScriptEngine.runScriptAsRawText(ScriptEngine.java:119)
	at com.kms.katalon.core.main.TestCaseExecutor.runScript(TestCaseExecutor.java:337)
	at com.kms.katalon.core.main.TestCaseExecutor.doExecute(TestCaseExecutor.java:328)
	at com.kms.katalon.core.main.TestCaseExecutor.processExecutionPhase(TestCaseExecutor.java:307)
	at com.kms.katalon.core.main.TestCaseExecutor.accessMainPhase(TestCaseExecutor.java:299)
	at com.kms.katalon.core.main.TestCaseExecutor.execute(TestCaseExecutor.java:233)
	at com.kms.katalon.core.main.TestSuiteExecutor.accessTestCaseMainPhase(TestSuiteExecutor.java:169)
	at com.kms.katalon.core.main.TestSuiteExecutor.accessTestSuiteMainPhase(TestSuiteExecutor.java:142)
	at com.kms.katalon.core.main.TestSuiteExecutor.execute(TestSuiteExecutor.java:91)
	at com.kms.katalon.core.main.TestCaseMain.startTestSuite(TestCaseMain.java:157)
	at com.kms.katalon.core.main.TestCaseMain$startTestSuite$0.call(Unknown Source)
	at TempTestSuite1572536118851.run(TempTestSuite1572536118851.groovy:36)
Caused by: org.openqa.selenium.TimeoutException: Expected condition failed: waiting for element to be clickable: [[CChromeDriver: chrome on XP (f72f19c562a2ba073e552ed80e1fa5b1)] -> xpath: //*[@id = 'btnNote_285821' and (text() = ' Add/Edit note ' or . = ' Add/Edit note ')]] (tried for 30 second(s) with 500 milliseconds interval)
Build info: version: '3.141.59', revision: 'e82be7d358', time: '2018-11-14T08:25:53'
System info: host: 'VETTEDSP36RF', ip: '10.0.11.243', os.name: 'Windows 10', os.arch: 'x86', os.version: '10.0', java.version: '1.8.0_181'
Driver info: com.kms.katalon.core.webui.driver.SmartWaitWebDriver
Capabilities {acceptInsecureCerts: false, browserName: chrome, browserVersion: 78.0.3904.70, chrome: {chromedriverVersion: 77.0.3865.40 (f484704e052e0..., userDataDir: C:\Users\davidho\AppData\Lo...}, goog:chromeOptions: {debuggerAddress: localhost:55294}, javascriptEnabled: true, networkConnectionEnabled: false, pageLoadStrategy: normal, platform: XP, platformName: XP, proxy: Proxy(), setWindowRect: true, strictFileInteractability: false, timeouts: {implicit: 0, pageLoad: 300000, script: 30000}, unhandledPromptBehavior: dismiss and notify}
Session ID: f72f19c562a2ba073e552ed80e1fa5b1
	at org.openqa.selenium.support.ui.WebDriverWait.timeoutException(WebDriverWait.java:95)
	at org.openqa.selenium.support.ui.FluentWait.until(FluentWait.java:272)
	at com.kms.katalon.core.webui.keyword.builtin.ClickKeyword$_click_closure1.doCall(ClickKeyword.groovy:56)
	at com.kms.katalon.core.webui.keyword.builtin.ClickKeyword$_click_closure1.call(ClickKeyword.groovy)
	at com.kms.katalon.core.webui.keyword.internal.WebUIKeywordMain.runKeyword(WebUIKeywordMain.groovy:20)
	at com.kms.katalon.core.webui.keyword.builtin.ClickKeyword.click(ClickKeyword.groovy:79)
	at com.kms.katalon.core.webui.keyword.builtin.ClickKeyword.execute(ClickKeyword.groovy:42)
	at com.kms.katalon.core.keyword.internal.KeywordExecutor.executeKeywordForPlatform(KeywordExecutor.groovy:60)
	at com.kms.katalon.core.webui.keyword.WebUiBuiltInKeywords.click(WebUiBuiltInKeywords.groovy:616)
	at com.kms.katalon.core.webui.keyword.WebUiBuiltInKeywords$click$4.call(Unknown Source)
	at Script1570028604947.run(Script1570028604947.groovy:78)
	at com.kms.katalon.core.main.ScriptEngine.run(ScriptEngine.java:194)
	at com.kms.katalon.core.main.ScriptEngine.runScriptAsRawText(ScriptEngine.java:119)
	at com.kms.katalon.core.main.TestCaseExecutor.runScript(TestCaseExecutor.java:337)
	at com.kms.katalon.core.main.TestCaseExecutor.doExecute(TestCaseExecutor.java:328)
	at com.kms.katalon.core.main.TestCaseExecutor.processExecutionPhase(TestCaseExecutor.java:307)
	at com.kms.katalon.core.main.TestCaseExecutor.accessMainPhase(TestCaseExecutor.java:299)
	at com.kms.katalon.core.main.TestCaseExecutor.execute(TestCaseExecutor.java:233)
	at com.kms.katalon.core.main.TestCaseMain.runTestCase(TestCaseMain.java:114)
	at com.kms.katalon.core.keyword.builtin.CallTestCaseKeyword$_callTestCase_closure1.doCall(CallTestCaseKeyword.groovy:59)
	at com.kms.katalon.core.keyword.builtin.CallTestCaseKeyword$_callTestCase_closure1.call(CallTestCaseKeyword.groovy)
	at com.kms.katalon.core.keyword.internal.KeywordMain.runKeyword(KeywordMain.groovy:68)
	at com.kms.katalon.core.keyword.builtin.CallTestCaseKeyword.callTestCase(CallTestCaseKeyword.groovy:81)
	at com.kms.katalon.core.keyword.builtin.CallTestCaseKeyword.execute(CallTestCaseKeyword.groovy:44)
	at com.kms.katalon.core.keyword.internal.KeywordExecutor.executeKeywordForPlatform(KeywordExecutor.groovy:60)
	at com.kms.katalon.core.keyword.BuiltinKeywords.callTestCase(BuiltinKeywords.groovy:334)
	at Script1569933857280.run(Script1569933857280.groovy:77)
	... 13 more
)
	at com.kms.katalon.core.keyword.internal.KeywordMain.stepFailed(KeywordMain.groovy:39)
	at com.kms.katalon.core.webui.keyword.internal.WebUIKeywordMain.stepFailed(WebUIKeywordMain.groovy:64)
	at com.kms.katalon.core.webui.keyword.internal.WebUIKeywordMain.runKeyword(WebUIKeywordMain.groovy:26)
	at com.kms.katalon.core.webui.keyword.builtin.ClickKeyword.click(ClickKeyword.groovy:79)
	at com.kms.katalon.core.webui.keyword.builtin.ClickKeyword.execute(ClickKeyword.groovy:42)
	at com.kms.katalon.core.keyword.internal.KeywordExecutor.executeKeywordForPlatform(KeywordExecutor.groovy:60)
	at com.kms.katalon.core.webui.keyword.WebUiBuiltInKeywords.click(WebUiBuiltInKeywords.groovy:616)
	at com.kms.katalon.core.webui.keyword.WebUiBuiltInKeywords$click$4.call(Unknown Source)
	at Callback_Requests_Notes.run(Callback_Requests_Notes:78)
	at com.kms.katalon.core.main.ScriptEngine.run(ScriptEngine.java:194)
	at com.kms.katalon.core.main.ScriptEngine.runScriptAsRawText(ScriptEngine.java:119)
	at com.kms.katalon.core.main.TestCaseExecutor.runScript(TestCaseExecutor.java:337)
	at com.kms.katalon.core.main.TestCaseExecutor.doExecute(TestCaseExecutor.java:328)
	at com.kms.katalon.core.main.TestCaseExecutor.processExecutionPhase(TestCaseExecutor.java:307)
	at com.kms.katalon.core.main.TestCaseExecutor.accessMainPhase(TestCaseExecutor.java:299)
	at com.kms.katalon.core.main.TestCaseExecutor.execute(TestCaseExecutor.java:233)
	at com.kms.katalon.core.main.TestCaseMain.runTestCase(TestCaseMain.java:114)
	at com.kms.katalon.core.keyword.builtin.CallTestCaseKeyword$_callTestCase_closure1.doCall(CallTestCaseKeyword.groovy:59)
	... 20 more
Caused by: com.kms.katalon.core.exception.StepFailedException: Unable to click on object 'Object Repository/Page_Members Area/Page_Members Area/a_AddEdit note'
	... 37 more
Caused by: org.openqa.selenium.TimeoutException: Expected condition failed: waiting for element to be clickable: [[CChromeDriver: chrome on XP (f72f19c562a2ba073e552ed80e1fa5b1)] -> xpath: //*[@id = 'btnNote_285821' and (text() = ' Add/Edit note ' or . = ' Add/Edit note ')]] (tried for 30 second(s) with 500 milliseconds interval)
Build info: version: '3.141.59', revision: 'e82be7d358', time: '2018-11-14T08:25:53'
System info: host: 'VETTEDSP36RF', ip: '10.0.11.243', os.name: 'Windows 10', os.arch: 'x86', os.version: '10.0', java.version: '1.8.0_181'
Driver info: com.kms.katalon.core.webui.driver.SmartWaitWebDriver
Capabilities {acceptInsecureCerts: false, browserName: chrome, browserVersion: 78.0.3904.70, chrome: {chromedriverVersion: 77.0.3865.40 (f484704e052e0..., userDataDir: C:\Users\davidho\AppData\Lo...}, goog:chromeOptions: {debuggerAddress: localhost:55294}, javascriptEnabled: true, networkConnectionEnabled: false, pageLoadStrategy: normal, platform: XP, platformName: XP, proxy: Proxy(), setWindowRect: true, strictFileInteractability: false, timeouts: {implicit: 0, pageLoad: 300000, script: 30000}, unhandledPromptBehavior: dismiss and notify}
Session ID: f72f19c562a2ba073e552ed80e1fa5b1
	at org.openqa.selenium.support.ui.WebDriverWait.timeoutException(WebDriverWait.java:95)
	at org.openqa.selenium.support.ui.FluentWait.until(FluentWait.java:272)
	at com.kms.katalon.core.webui.keyword.builtin.ClickKeyword$_click_closure1.doCall(ClickKeyword.groovy:56)
	at com.kms.katalon.core.webui.keyword.builtin.ClickKeyword$_click_closure1.call(ClickKeyword.groovy)
	at com.kms.katalon.core.webui.keyword.internal.WebUIKeywordMain.runKeyword(WebUIKeywordMain.groovy:20)
	... 35 more
)
	at com.kms.katalon.core.keyword.internal.KeywordMain.stepFailed(KeywordMain.groovy:39)
	at com.kms.katalon.core.keyword.internal.KeywordMain.stepFailed(KeywordMain.groovy)
	at com.kms.katalon.core.keyword.internal.KeywordMain.runKeyword(KeywordMain.groovy:70)
	at com.kms.katalon.core.keyword.builtin.CallTestCaseKeyword.callTestCase(CallTestCaseKeyword.groovy:81)
	at com.kms.katalon.core.keyword.builtin.CallTestCaseKeyword.execute(CallTestCaseKeyword.groovy:44)
	at com.kms.katalon.core.keyword.internal.KeywordExecutor.executeKeywordForPlatform(KeywordExecutor.groovy:60)
	at com.kms.katalon.core.keyword.BuiltinKeywords.callTestCase(BuiltinKeywords.groovy:334)
	at Callback_Requests.run(Callback_Requests:77)
	at com.kms.katalon.core.main.ScriptEngine.run(ScriptEngine.java:194)
	at com.kms.katalon.core.main.ScriptEngine.runScriptAsRawText(ScriptEngine.java:119)
	at com.kms.katalon.core.main.TestCaseExecutor.runScript(TestCaseExecutor.java:337)
	at com.kms.katalon.core.main.TestCaseExecutor.doExecute(TestCaseExecutor.java:328)
	at com.kms.katalon.core.main.TestCaseExecutor.processExecutionPhase(TestCaseExecutor.java:307)
	at com.kms.katalon.core.main.TestCaseExecutor.accessMainPhase(TestCaseExecutor.java:299)
	at com.kms.katalon.core.main.TestCaseExecutor.execute(TestCaseExecutor.java:233)
	at com.kms.katalon.core.main.TestSuiteExecutor.accessTestCaseMainPhase(TestSuiteExecutor.java:169)
	at com.kms.katalon.core.main.TestSuiteExecutor.accessTestSuiteMainPhase(TestSuiteExecutor.java:142)
	at com.kms.katalon.core.main.TestSuiteExecutor.execute(TestSuiteExecutor.java:91)
	at com.kms.katalon.core.main.TestCaseMain.startTestSuite(TestCaseMain.java:157)
	at com.kms.katalon.core.main.TestCaseMain$startTestSuite$0.call(Unknown Source)
	at TempTestSuite1572536118851.run(TempTestSuite1572536118851.groovy:36)
Caused by: com.kms.katalon.core.exception.StepFailedException: Call Test Case 'Test Cases/Reusable_Test_Sequences/Members_Area/Validation/Callback_Requests_Sub/Callback_Requests_Notes' failed
	at com.kms.katalon.core.keyword.builtin.CallTestCaseKeyword$_callTestCase_closure1.doCall(CallTestCaseKeyword.groovy:63)
	at com.kms.katalon.core.keyword.builtin.CallTestCaseKeyword$_callTestCase_closure1.call(CallTestCaseKeyword.groovy)
	at com.kms.katalon.core.keyword.internal.KeywordMain.runKeyword(KeywordMain.groovy:68)
	... 18 more
Caused by: com.kms.katalon.core.exception.StepFailedException: Unable to click on object 'Object Repository/Page_Members Area/Page_Members Area/a_AddEdit note' (Root cause: com.kms.katalon.core.exception.StepFailedException: Unable to click on object 'Object Repository/Page_Members Area/Page_Members Area/a_AddEdit note'
	at com.kms.katalon.core.webui.keyword.internal.WebUIKeywordMain.stepFailed(WebUIKeywordMain.groovy:64)
	at com.kms.katalon.core.webui.keyword.internal.WebUIKeywordMain.runKeyword(WebUIKeywordMain.groovy:26)
	at com.kms.katalon.core.webui.keyword.builtin.ClickKeyword.click(ClickKeyword.groovy:79)
	at com.kms.katalon.core.webui.keyword.builtin.ClickKeyword.execute(ClickKeyword.groovy:42)
	at com.kms.katalon.core.keyword.internal.KeywordExecutor.executeKeywordForPlatform(KeywordExecutor.groovy:60)
	at com.kms.katalon.core.webui.keyword.WebUiBuiltInKeywords.click(WebUiBuiltInKeywords.groovy:616)
	at com.kms.katalon.core.webui.keyword.WebUiBuiltInKeywords$click$4.call(Unknown Source)
	at Callback_Requests_Notes.run(Callback_Requests_Notes:78)
	at com.kms.katalon.core.main.ScriptEngine.run(ScriptEngine.java:194)
	at com.kms.katalon.core.main.ScriptEngine.runScriptAsRawText(ScriptEngine.java:119)
	at com.kms.katalon.core.main.TestCaseExecutor.runScript(TestCaseExecutor.java:337)
	at com.kms.katalon.core.main.TestCaseExecutor.doExecute(TestCaseExecutor.java:328)
	at com.kms.katalon.core.main.TestCaseExecutor.processExecutionPhase(TestCaseExecutor.java:307)
	at com.kms.katalon.core.main.TestCaseExecutor.accessMainPhase(TestCaseExecutor.java:299)
	at com.kms.katalon.core.main.TestCaseExecutor.execute(TestCaseExecutor.java:233)
	at com.kms.katalon.core.main.TestCaseMain.runTestCase(TestCaseMain.java:114)
	at com.kms.katalon.core.keyword.builtin.CallTestCaseKeyword$_callTestCase_closure1.doCall(CallTestCaseKeyword.groovy:59)
	at com.kms.katalon.core.keyword.builtin.CallTestCaseKeyword$_callTestCase_closure1.call(CallTestCaseKeyword.groovy)
	at com.kms.katalon.core.keyword.internal.KeywordMain.runKeyword(KeywordMain.groovy:68)
	at com.kms.katalon.core.keyword.builtin.CallTestCaseKeyword.callTestCase(CallTestCaseKeyword.groovy:81)
	at com.kms.katalon.core.keyword.builtin.CallTestCaseKeyword.execute(CallTestCaseKeyword.groovy:44)
	at com.kms.katalon.core.keyword.internal.KeywordExecutor.executeKeywordForPlatform(KeywordExecutor.groovy:60)
	at com.kms.katalon.core.keyword.BuiltinKeywords.callTestCase(BuiltinKeywords.groovy:334)
	at Callback_Requests.run(Callback_Requests:77)
	at com.kms.katalon.core.main.ScriptEngine.run(ScriptEngine.java:194)
	at com.kms.katalon.core.main.ScriptEngine.runScriptAsRawText(ScriptEngine.java:119)
	at com.kms.katalon.core.main.TestCaseExecutor.runScript(TestCaseExecutor.java:337)
	at com.kms.katalon.core.main.TestCaseExecutor.doExecute(TestCaseExecutor.java:328)
	at com.kms.katalon.core.main.TestCaseExecutor.processExecutionPhase(TestCaseExecutor.java:307)
	at com.kms.katalon.core.main.TestCaseExecutor.accessMainPhase(TestCaseExecutor.java:299)
	at com.kms.katalon.core.main.TestCaseExecutor.execute(TestCaseExecutor.java:233)
	at com.kms.katalon.core.main.TestSuiteExecutor.accessTestCaseMainPhase(TestSuiteExecutor.java:169)
	at com.kms.katalon.core.main.TestSuiteExecutor.accessTestSuiteMainPhase(TestSuiteExecutor.java:142)
	at com.kms.katalon.core.main.TestSuiteExecutor.execute(TestSuiteExecutor.java:91)
	at com.kms.katalon.core.main.TestCaseMain.startTestSuite(TestCaseMain.java:157)
	at com.kms.katalon.core.main.TestCaseMain$startTestSuite$0.call(Unknown Source)
	at TempTestSuite1572536118851.run(TempTestSuite1572536118851.groovy:36)
Caused by: org.openqa.selenium.TimeoutException: Expected condition failed: waiting for element to be clickable: [[CChromeDriver: chrome on XP (f72f19c562a2ba073e552ed80e1fa5b1)] -> xpath: //*[@id = 'btnNote_285821' and (text() = ' Add/Edit note ' or . = ' Add/Edit note ')]] (tried for 30 second(s) with 500 milliseconds interval)
Build info: version: '3.141.59', revision: 'e82be7d358', time: '2018-11-14T08:25:53'
System info: host: 'VETTEDSP36RF', ip: '10.0.11.243', os.name: 'Windows 10', os.arch: 'x86', os.version: '10.0', java.version: '1.8.0_181'
Driver info: com.kms.katalon.core.webui.driver.SmartWaitWebDriver
Capabilities {acceptInsecureCerts: false, browserName: chrome, browserVersion: 78.0.3904.70, chrome: {chromedriverVersion: 77.0.3865.40 (f484704e052e0..., userDataDir: C:\Users\davidho\AppData\Lo...}, goog:chromeOptions: {debuggerAddress: localhost:55294}, javascriptEnabled: true, networkConnectionEnabled: false, pageLoadStrategy: normal, platform: XP, platformName: XP, proxy: Proxy(), setWindowRect: true, strictFileInteractability: false, timeouts: {implicit: 0, pageLoad: 300000, script: 30000}, unhandledPromptBehavior: dismiss and notify}
Session ID: f72f19c562a2ba073e552ed80e1fa5b1
	at org.openqa.selenium.support.ui.WebDriverWait.timeoutException(WebDriverWait.java:95)
	at org.openqa.selenium.support.ui.FluentWait.until(FluentWait.java:272)
	at com.kms.katalon.core.webui.keyword.builtin.ClickKeyword$_click_closure1.doCall(ClickKeyword.groovy:56)
	at com.kms.katalon.core.webui.keyword.builtin.ClickKeyword$_click_closure1.call(ClickKeyword.groovy)
	at com.kms.katalon.core.webui.keyword.internal.WebUIKeywordMain.runKeyword(WebUIKeywordMain.groovy:20)
	at com.kms.katalon.core.webui.keyword.builtin.ClickKeyword.click(ClickKeyword.groovy:79)
	at com.kms.katalon.core.webui.keyword.builtin.ClickKeyword.execute(ClickKeyword.groovy:42)
	at com.kms.katalon.core.keyword.internal.KeywordExecutor.executeKeywordForPlatform(KeywordExecutor.groovy:60)
	at com.kms.katalon.core.webui.keyword.WebUiBuiltInKeywords.click(WebUiBuiltInKeywords.groovy:616)
	at com.kms.katalon.core.webui.keyword.WebUiBuiltInKeywords$click$4.call(Unknown Source)
	at Script1570028604947.run(Script1570028604947.groovy:78)
	at com.kms.katalon.core.main.ScriptEngine.run(ScriptEngine.java:194)
	at com.kms.katalon.core.main.ScriptEngine.runScriptAsRawText(ScriptEngine.java:119)
	at com.kms.katalon.core.main.TestCaseExecutor.runScript(TestCaseExecutor.java:337)
	at com.kms.katalon.core.main.TestCaseExecutor.doExecute(TestCaseExecutor.java:328)
	at com.kms.katalon.core.main.TestCaseExecutor.processExecutionPhase(TestCaseExecutor.java:307)
	at com.kms.katalon.core.main.TestCaseExecutor.accessMainPhase(TestCaseExecutor.java:299)
	at com.kms.katalon.core.main.TestCaseExecutor.execute(TestCaseExecutor.java:233)
	at com.kms.katalon.core.main.TestCaseMain.runTestCase(TestCaseMain.java:114)
	at com.kms.katalon.core.keyword.builtin.CallTestCaseKeyword$_callTestCase_closure1.doCall(CallTestCaseKeyword.groovy:59)
	at com.kms.katalon.core.keyword.builtin.CallTestCaseKeyword$_callTestCase_closure1.call(CallTestCaseKeyword.groovy)
	at com.kms.katalon.core.keyword.internal.KeywordMain.runKeyword(KeywordMain.groovy:68)
	at com.kms.katalon.core.keyword.builtin.CallTestCaseKeyword.callTestCase(CallTestCaseKeyword.groovy:81)
	at com.kms.katalon.core.keyword.builtin.CallTestCaseKeyword.execute(CallTestCaseKeyword.groovy:44)
	at com.kms.katalon.core.keyword.internal.KeywordExecutor.executeKeywordForPlatform(KeywordExecutor.groovy:60)
	at com.kms.katalon.core.keyword.BuiltinKeywords.callTestCase(BuiltinKeywords.groovy:334)
	at Script1569933857280.run(Script1569933857280.groovy:77)
	... 13 more
)
	at com.kms.katalon.core.keyword.internal.KeywordMain.stepFailed(KeywordMain.groovy:39)
	at com.kms.katalon.core.webui.keyword.internal.WebUIKeywordMain.stepFailed(WebUIKeywordMain.groovy:64)
	at com.kms.katalon.core.webui.keyword.internal.WebUIKeywordMain.runKeyword(WebUIKeywordMain.groovy:26)
	at com.kms.katalon.core.webui.keyword.builtin.ClickKeyword.click(ClickKeyword.groovy:79)
	at com.kms.katalon.core.webui.keyword.builtin.ClickKeyword.execute(ClickKeyword.groovy:42)
	at com.kms.katalon.core.keyword.internal.KeywordExecutor.executeKeywordForPlatform(KeywordExecutor.groovy:60)
	at com.kms.katalon.core.webui.keyword.WebUiBuiltInKeywords.click(WebUiBuiltInKeywords.groovy:616)
	at com.kms.katalon.core.webui.keyword.WebUiBuiltInKeywords$click$4.call(Unknown Source)
	at Callback_Requests_Notes.run(Callback_Requests_Notes:78)
	at com.kms.katalon.core.main.ScriptEngine.run(ScriptEngine.java:194)
	at com.kms.katalon.core.main.ScriptEngine.runScriptAsRawText(ScriptEngine.java:119)
	at com.kms.katalon.core.main.TestCaseExecutor.runScript(TestCaseExecutor.java:337)
	at com.kms.katalon.core.main.TestCaseExecutor.doExecute(TestCaseExecutor.java:328)
	at com.kms.katalon.core.main.TestCaseExecutor.processExecutionPhase(TestCaseExecutor.java:307)
	at com.kms.katalon.core.main.TestCaseExecutor.accessMainPhase(TestCaseExecutor.java:299)
	at com.kms.katalon.core.main.TestCaseExecutor.execute(TestCaseExecutor.java:233)
	at com.kms.katalon.core.main.TestCaseMain.runTestCase(TestCaseMain.java:114)
	at com.kms.katalon.core.keyword.builtin.CallTestCaseKeyword$_callTestCase_closure1.doCall(CallTestCaseKeyword.groovy:59)
	... 20 more
Caused by: com.kms.katalon.core.exception.StepFailedException: Unable to click on object 'Object Repository/Page_Members Area/Page_Members Area/a_AddEdit note'
	... 37 more
Caused by: org.openqa.selenium.TimeoutException: Expected condition failed: waiting for element to be clickable: [[CChromeDriver: chrome on XP (f72f19c562a2ba073e552ed80e1fa5b1)] -> xpath: //*[@id = 'btnNote_285821' and (text() = ' Add/Edit note ' or . = ' Add/Edit note ')]] (tried for 30 second(s) with 500 milliseconds interval)
Build info: version: '3.141.59', revision: 'e82be7d358', time: '2018-11-14T08:25:53'
System info: host: 'VETTEDSP36RF', ip: '10.0.11.243', os.name: 'Windows 10', os.arch: 'x86', os.version: '10.0', java.version: '1.8.0_181'
Driver info: com.kms.katalon.core.webui.driver.SmartWaitWebDriver
Capabilities {acceptInsecureCerts: false, browserName: chrome, browserVersion: 78.0.3904.70, chrome: {chromedriverVersion: 77.0.3865.40 (f484704e052e0..., userDataDir: C:\Users\davidho\AppData\Lo...}, goog:chromeOptions: {debuggerAddress: localhost:55294}, javascriptEnabled: true, networkConnectionEnabled: false, pageLoadStrategy: normal, platform: XP, platformName: XP, proxy: Proxy(), setWindowRect: true, strictFileInteractability: false, timeouts: {implicit: 0, pageLoad: 300000, script: 30000}, unhandledPromptBehavior: dismiss and notify}
Session ID: f72f19c562a2ba073e552ed80e1fa5b1
	at org.openqa.selenium.support.ui.WebDriverWait.timeoutException(WebDriverWait.java:95)
	at org.openqa.selenium.support.ui.FluentWait.until(FluentWait.java:272)
	at com.kms.katalon.core.webui.keyword.builtin.ClickKeyword$_click_closure1.doCall(ClickKeyword.groovy:56)
	at com.kms.katalon.core.webui.keyword.builtin.ClickKeyword$_click_closure1.call(ClickKeyword.groovy)
	at com.kms.katalon.core.webui.keyword.internal.WebUIKeywordMain.runKeyword(WebUIKeywordMain.groovy:20)
	... 35 more]]></system-err>
      </testcase>
      <system-out><![CDATA[2019-10-31 15:35:38 - [TEST_SUITE][FAILED] - Members_Callback: Test Cases/Members_Area/Callback_Requests FAILED.
Reason:
com.kms.katalon.core.exception.StepFailedException: Unable to call Test Case 'Test Cases/Reusable_Test_Sequences/Members_Area/Validation/Callback_Requests_Sub/Callback_Requests_Notes' (Root cause: com.kms.katalon.core.exception.StepFailedException: Call Test Case 'Test Cases/Reusable_Test_Sequences/Members_Area/Validation/Callback_Requests_Sub/Callback_Requests_Notes' failed
	at com.kms.katalon.core.keyword.builtin.CallTestCaseKeyword$_callTestCase_closure1.doCall(CallTestCaseKeyword.groovy:63)
	at com.kms.katalon.core.keyword.builtin.CallTestCaseKeyword$_callTestCase_closure1.call(CallTestCaseKeyword.groovy)
	at com.kms.katalon.core.keyword.internal.KeywordMain.runKeyword(KeywordMain.groovy:68)
	at com.kms.katalon.core.keyword.builtin.CallTestCaseKeyword.callTestCase(CallTestCaseKeyword.groovy:81)
	at com.kms.katalon.core.keyword.builtin.CallTestCaseKeyword.execute(CallTestCaseKeyword.groovy:44)
	at com.kms.katalon.core.keyword.internal.KeywordExecutor.executeKeywordForPlatform(KeywordExecutor.groovy:60)
	at com.kms.katalon.core.keyword.BuiltinKeywords.callTestCase(BuiltinKeywords.groovy:334)
	at Callback_Requests.run(Callback_Requests:77)
	at com.kms.katalon.core.main.ScriptEngine.run(ScriptEngine.java:194)
	at com.kms.katalon.core.main.ScriptEngine.runScriptAsRawText(ScriptEngine.java:119)
	at com.kms.katalon.core.main.TestCaseExecutor.runScript(TestCaseExecutor.java:337)
	at com.kms.katalon.core.main.TestCaseExecutor.doExecute(TestCaseExecutor.java:328)
	at com.kms.katalon.core.main.TestCaseExecutor.processExecutionPhase(TestCaseExecutor.java:307)
	at com.kms.katalon.core.main.TestCaseExecutor.accessMainPhase(TestCaseExecutor.java:299)
	at com.kms.katalon.core.main.TestCaseExecutor.execute(TestCaseExecutor.java:233)
	at com.kms.katalon.core.main.TestSuiteExecutor.accessTestCaseMainPhase(TestSuiteExecutor.java:169)
	at com.kms.katalon.core.main.TestSuiteExecutor.accessTestSuiteMainPhase(TestSuiteExecutor.java:142)
	at com.kms.katalon.core.main.TestSuiteExecutor.execute(TestSuiteExecutor.java:91)
	at com.kms.katalon.core.main.TestCaseMain.startTestSuite(TestCaseMain.java:157)
	at com.kms.katalon.core.main.TestCaseMain$startTestSuite$0.call(Unknown Source)
	at TempTestSuite1572536118851.run(TempTestSuite1572536118851.groovy:36)
Caused by: com.kms.katalon.core.exception.StepFailedException: Unable to click on object 'Object Repository/Page_Members Area/Page_Members Area/a_AddEdit note' (Root cause: com.kms.katalon.core.exception.StepFailedException: Unable to click on object 'Object Repository/Page_Members Area/Page_Members Area/a_AddEdit note'
	at com.kms.katalon.core.webui.keyword.internal.WebUIKeywordMain.stepFailed(WebUIKeywordMain.groovy:64)
	at com.kms.katalon.core.webui.keyword.internal.WebUIKeywordMain.runKeyword(WebUIKeywordMain.groovy:26)
	at com.kms.katalon.core.webui.keyword.builtin.ClickKeyword.click(ClickKeyword.groovy:79)
	at com.kms.katalon.core.webui.keyword.builtin.ClickKeyword.execute(ClickKeyword.groovy:42)
	at com.kms.katalon.core.keyword.internal.KeywordExecutor.executeKeywordForPlatform(KeywordExecutor.groovy:60)
	at com.kms.katalon.core.webui.keyword.WebUiBuiltInKeywords.click(WebUiBuiltInKeywords.groovy:616)
	at com.kms.katalon.core.webui.keyword.WebUiBuiltInKeywords$click$4.call(Unknown Source)
	at Callback_Requests_Notes.run(Callback_Requests_Notes:78)
	at com.kms.katalon.core.main.ScriptEngine.run(ScriptEngine.java:194)
	at com.kms.katalon.core.main.ScriptEngine.runScriptAsRawText(ScriptEngine.java:119)
	at com.kms.katalon.core.main.TestCaseExecutor.runScript(TestCaseExecutor.java:337)
	at com.kms.katalon.core.main.TestCaseExecutor.doExecute(TestCaseExecutor.java:328)
	at com.kms.katalon.core.main.TestCaseExecutor.processExecutionPhase(TestCaseExecutor.java:307)
	at com.kms.katalon.core.main.TestCaseExecutor.accessMainPhase(TestCaseExecutor.java:299)
	at com.kms.katalon.core.main.TestCaseExecutor.execute(TestCaseExecutor.java:233)
	at com.kms.katalon.core.main.TestCaseMain.runTestCase(TestCaseMain.java:114)
	at com.kms.katalon.core.keyword.builtin.CallTestCaseKeyword$_callTestCase_closure1.doCall(CallTestCaseKeyword.groovy:59)
	at com.kms.katalon.core.keyword.builtin.CallTestCaseKeyword$_callTestCase_closure1.call(CallTestCaseKeyword.groovy)
	at com.kms.katalon.core.keyword.internal.KeywordMain.runKeyword(KeywordMain.groovy:68)
	at com.kms.katalon.core.keyword.builtin.CallTestCaseKeyword.callTestCase(CallTestCaseKeyword.groovy:81)
	at com.kms.katalon.core.keyword.builtin.CallTestCaseKeyword.execute(CallTestCaseKeyword.groovy:44)
	at com.kms.katalon.core.keyword.internal.KeywordExecutor.executeKeywordForPlatform(KeywordExecutor.groovy:60)
	at com.kms.katalon.core.keyword.BuiltinKeywords.callTestCase(BuiltinKeywords.groovy:334)
	at Callback_Requests.run(Callback_Requests:77)
	at com.kms.katalon.core.main.ScriptEngine.run(ScriptEngine.java:194)
	at com.kms.katalon.core.main.ScriptEngine.runScriptAsRawText(ScriptEngine.java:119)
	at com.kms.katalon.core.main.TestCaseExecutor.runScript(TestCaseExecutor.java:337)
	at com.kms.katalon.core.main.TestCaseExecutor.doExecute(TestCaseExecutor.java:328)
	at com.kms.katalon.core.main.TestCaseExecutor.processExecutionPhase(TestCaseExecutor.java:307)
	at com.kms.katalon.core.main.TestCaseExecutor.accessMainPhase(TestCaseExecutor.java:299)
	at com.kms.katalon.core.main.TestCaseExecutor.execute(TestCaseExecutor.java:233)
	at com.kms.katalon.core.main.TestSuiteExecutor.accessTestCaseMainPhase(TestSuiteExecutor.java:169)
	at com.kms.katalon.core.main.TestSuiteExecutor.accessTestSuiteMainPhase(TestSuiteExecutor.java:142)
	at com.kms.katalon.core.main.TestSuiteExecutor.execute(TestSuiteExecutor.java:91)
	at com.kms.katalon.core.main.TestCaseMain.startTestSuite(TestCaseMain.java:157)
	at com.kms.katalon.core.main.TestCaseMain$startTestSuite$0.call(Unknown Source)
	at TempTestSuite1572536118851.run(TempTestSuite1572536118851.groovy:36)
Caused by: org.openqa.selenium.TimeoutException: Expected condition failed: waiting for element to be clickable: [[CChromeDriver: chrome on XP (f72f19c562a2ba073e552ed80e1fa5b1)] -> xpath: //*[@id = 'btnNote_285821' and (text() = ' Add/Edit note ' or . = ' Add/Edit note ')]] (tried for 30 second(s) with 500 milliseconds interval)
Build info: version: '3.141.59', revision: 'e82be7d358', time: '2018-11-14T08:25:53'
System info: host: 'VETTEDSP36RF', ip: '10.0.11.243', os.name: 'Windows 10', os.arch: 'x86', os.version: '10.0', java.version: '1.8.0_181'
Driver info: com.kms.katalon.core.webui.driver.SmartWaitWebDriver
Capabilities {acceptInsecureCerts: false, browserName: chrome, browserVersion: 78.0.3904.70, chrome: {chromedriverVersion: 77.0.3865.40 (f484704e052e0..., userDataDir: C:\Users\davidho\AppData\Lo...}, goog:chromeOptions: {debuggerAddress: localhost:55294}, javascriptEnabled: true, networkConnectionEnabled: false, pageLoadStrategy: normal, platform: XP, platformName: XP, proxy: Proxy(), setWindowRect: true, strictFileInteractability: false, timeouts: {implicit: 0, pageLoad: 300000, script: 30000}, unhandledPromptBehavior: dismiss and notify}
Session ID: f72f19c562a2ba073e552ed80e1fa5b1
	at org.openqa.selenium.support.ui.WebDriverWait.timeoutException(WebDriverWait.java:95)
	at org.openqa.selenium.support.ui.FluentWait.until(FluentWait.java:272)
	at com.kms.katalon.core.webui.keyword.builtin.ClickKeyword$_click_closure1.doCall(ClickKeyword.groovy:56)
	at com.kms.katalon.core.webui.keyword.builtin.ClickKeyword$_click_closure1.call(ClickKeyword.groovy)
	at com.kms.katalon.core.webui.keyword.internal.WebUIKeywordMain.runKeyword(WebUIKeywordMain.groovy:20)
	at com.kms.katalon.core.webui.keyword.builtin.ClickKeyword.click(ClickKeyword.groovy:79)
	at com.kms.katalon.core.webui.keyword.builtin.ClickKeyword.execute(ClickKeyword.groovy:42)
	at com.kms.katalon.core.keyword.internal.KeywordExecutor.executeKeywordForPlatform(KeywordExecutor.groovy:60)
	at com.kms.katalon.core.webui.keyword.WebUiBuiltInKeywords.click(WebUiBuiltInKeywords.groovy:616)
	at com.kms.katalon.core.webui.keyword.WebUiBuiltInKeywords$click$4.call(Unknown Source)
	at Script1570028604947.run(Script1570028604947.groovy:78)
	at com.kms.katalon.core.main.ScriptEngine.run(ScriptEngine.java:194)
	at com.kms.katalon.core.main.ScriptEngine.runScriptAsRawText(ScriptEngine.java:119)
	at com.kms.katalon.core.main.TestCaseExecutor.runScript(TestCaseExecutor.java:337)
	at com.kms.katalon.core.main.TestCaseExecutor.doExecute(TestCaseExecutor.java:328)
	at com.kms.katalon.core.main.TestCaseExecutor.processExecutionPhase(TestCaseExecutor.java:307)
	at com.kms.katalon.core.main.TestCaseExecutor.accessMainPhase(TestCaseExecutor.java:299)
	at com.kms.katalon.core.main.TestCaseExecutor.execute(TestCaseExecutor.java:233)
	at com.kms.katalon.core.main.TestCaseMain.runTestCase(TestCaseMain.java:114)
	at com.kms.katalon.core.keyword.builtin.CallTestCaseKeyword$_callTestCase_closure1.doCall(CallTestCaseKeyword.groovy:59)
	at com.kms.katalon.core.keyword.builtin.CallTestCaseKeyword$_callTestCase_closure1.call(CallTestCaseKeyword.groovy)
	at com.kms.katalon.core.keyword.internal.KeywordMain.runKeyword(KeywordMain.groovy:68)
	at com.kms.katalon.core.keyword.builtin.CallTestCaseKeyword.callTestCase(CallTestCaseKeyword.groovy:81)
	at com.kms.katalon.core.keyword.builtin.CallTestCaseKeyword.execute(CallTestCaseKeyword.groovy:44)
	at com.kms.katalon.core.keyword.internal.KeywordExecutor.executeKeywordForPlatform(KeywordExecutor.groovy:60)
	at com.kms.katalon.core.keyword.BuiltinKeywords.callTestCase(BuiltinKeywords.groovy:334)
	at Script1569933857280.run(Script1569933857280.groovy:77)
	... 13 more
)
	at com.kms.katalon.core.keyword.internal.KeywordMain.stepFailed(KeywordMain.groovy:39)
	at com.kms.katalon.core.webui.keyword.internal.WebUIKeywordMain.stepFailed(WebUIKeywordMain.groovy:64)
	at com.kms.katalon.core.webui.keyword.internal.WebUIKeywordMain.runKeyword(WebUIKeywordMain.groovy:26)
	at com.kms.katalon.core.webui.keyword.builtin.ClickKeyword.click(ClickKeyword.groovy:79)
	at com.kms.katalon.core.webui.keyword.builtin.ClickKeyword.execute(ClickKeyword.groovy:42)
	at com.kms.katalon.core.keyword.internal.KeywordExecutor.executeKeywordForPlatform(KeywordExecutor.groovy:60)
	at com.kms.katalon.core.webui.keyword.WebUiBuiltInKeywords.click(WebUiBuiltInKeywords.groovy:616)
	at com.kms.katalon.core.webui.keyword.WebUiBuiltInKeywords$click$4.call(Unknown Source)
	at Callback_Requests_Notes.run(Callback_Requests_Notes:78)
	at com.kms.katalon.core.main.ScriptEngine.run(ScriptEngine.java:194)
	at com.kms.katalon.core.main.ScriptEngine.runScriptAsRawText(ScriptEngine.java:119)
	at com.kms.katalon.core.main.TestCaseExecutor.runScript(TestCaseExecutor.java:337)
	at com.kms.katalon.core.main.TestCaseExecutor.doExecute(TestCaseExecutor.java:328)
	at com.kms.katalon.core.main.TestCaseExecutor.processExecutionPhase(TestCaseExecutor.java:307)
	at com.kms.katalon.core.main.TestCaseExecutor.accessMainPhase(TestCaseExecutor.java:299)
	at com.kms.katalon.core.main.TestCaseExecutor.execute(TestCaseExecutor.java:233)
	at com.kms.katalon.core.main.TestCaseMain.runTestCase(TestCaseMain.java:114)
	at com.kms.katalon.core.keyword.builtin.CallTestCaseKeyword$_callTestCase_closure1.doCall(CallTestCaseKeyword.groovy:59)
	... 20 more
Caused by: com.kms.katalon.core.exception.StepFailedException: Unable to click on object 'Object Repository/Page_Members Area/Page_Members Area/a_AddEdit note'
	... 37 more
Caused by: org.openqa.selenium.TimeoutException: Expected condition failed: waiting for element to be clickable: [[CChromeDriver: chrome on XP (f72f19c562a2ba073e552ed80e1fa5b1)] -> xpath: //*[@id = 'btnNote_285821' and (text() = ' Add/Edit note ' or . = ' Add/Edit note ')]] (tried for 30 second(s) with 500 milliseconds interval)
Build info: version: '3.141.59', revision: 'e82be7d358', time: '2018-11-14T08:25:53'
System info: host: 'VETTEDSP36RF', ip: '10.0.11.243', os.name: 'Windows 10', os.arch: 'x86', os.version: '10.0', java.version: '1.8.0_181'
Driver info: com.kms.katalon.core.webui.driver.SmartWaitWebDriver
Capabilities {acceptInsecureCerts: false, browserName: chrome, browserVersion: 78.0.3904.70, chrome: {chromedriverVersion: 77.0.3865.40 (f484704e052e0..., userDataDir: C:\Users\davidho\AppData\Lo...}, goog:chromeOptions: {debuggerAddress: localhost:55294}, javascriptEnabled: true, networkConnectionEnabled: false, pageLoadStrategy: normal, platform: XP, platformName: XP, proxy: Proxy(), setWindowRect: true, strictFileInteractability: false, timeouts: {implicit: 0, pageLoad: 300000, script: 30000}, unhandledPromptBehavior: dismiss and notify}
Session ID: f72f19c562a2ba073e552ed80e1fa5b1
	at org.openqa.selenium.support.ui.WebDriverWait.timeoutException(WebDriverWait.java:95)
	at org.openqa.selenium.support.ui.FluentWait.until(FluentWait.java:272)
	at com.kms.katalon.core.webui.keyword.builtin.ClickKeyword$_click_closure1.doCall(ClickKeyword.groovy:56)
	at com.kms.katalon.core.webui.keyword.builtin.ClickKeyword$_click_closure1.call(ClickKeyword.groovy)
	at com.kms.katalon.core.webui.keyword.internal.WebUIKeywordMain.runKeyword(WebUIKeywordMain.groovy:20)
	... 35 more
)
	at com.kms.katalon.core.keyword.internal.KeywordMain.stepFailed(KeywordMain.groovy:39)
	at com.kms.katalon.core.keyword.internal.KeywordMain.stepFailed(KeywordMain.groovy)
	at com.kms.katalon.core.keyword.internal.KeywordMain.runKeyword(KeywordMain.groovy:70)
	at com.kms.katalon.core.keyword.builtin.CallTestCaseKeyword.callTestCase(CallTestCaseKeyword.groovy:81)
	at com.kms.katalon.core.keyword.builtin.CallTestCaseKeyword.execute(CallTestCaseKeyword.groovy:44)
	at com.kms.katalon.core.keyword.internal.KeywordExecutor.executeKeywordForPlatform(KeywordExecutor.groovy:60)
	at com.kms.katalon.core.keyword.BuiltinKeywords.callTestCase(BuiltinKeywords.groovy:334)
	at Callback_Requests.run(Callback_Requests:77)
	at com.kms.katalon.core.main.ScriptEngine.run(ScriptEngine.java:194)
	at com.kms.katalon.core.main.ScriptEngine.runScriptAsRawText(ScriptEngine.java:119)
	at com.kms.katalon.core.main.TestCaseExecutor.runScript(TestCaseExecutor.java:337)
	at com.kms.katalon.core.main.TestCaseExecutor.doExecute(TestCaseExecutor.java:328)
	at com.kms.katalon.core.main.TestCaseExecutor.processExecutionPhase(TestCaseExecutor.java:307)
	at com.kms.katalon.core.main.TestCaseExecutor.accessMainPhase(TestCaseExecutor.java:299)
	at com.kms.katalon.core.main.TestCaseExecutor.execute(TestCaseExecutor.java:233)
	at com.kms.katalon.core.main.TestSuiteExecutor.accessTestCaseMainPhase(TestSuiteExecutor.java:169)
	at com.kms.katalon.core.main.TestSuiteExecutor.accessTestSuiteMainPhase(TestSuiteExecutor.java:142)
	at com.kms.katalon.core.main.TestSuiteExecutor.execute(TestSuiteExecutor.java:91)
	at com.kms.katalon.core.main.TestCaseMain.startTestSuite(TestCaseMain.java:157)
	at com.kms.katalon.core.main.TestCaseMain$startTestSuite$0.call(Unknown Source)
	at TempTestSuite1572536118851.run(TempTestSuite1572536118851.groovy:36)
Caused by: com.kms.katalon.core.exception.StepFailedException: Call Test Case 'Test Cases/Reusable_Test_Sequences/Members_Area/Validation/Callback_Requests_Sub/Callback_Requests_Notes' failed
	at com.kms.katalon.core.keyword.builtin.CallTestCaseKeyword$_callTestCase_closure1.doCall(CallTestCaseKeyword.groovy:63)
	at com.kms.katalon.core.keyword.builtin.CallTestCaseKeyword$_callTestCase_closure1.call(CallTestCaseKeyword.groovy)
	at com.kms.katalon.core.keyword.internal.KeywordMain.runKeyword(KeywordMain.groovy:68)
	... 18 more
Caused by: com.kms.katalon.core.exception.StepFailedException: Unable to click on object 'Object Repository/Page_Members Area/Page_Members Area/a_AddEdit note' (Root cause: com.kms.katalon.core.exception.StepFailedException: Unable to click on object 'Object Repository/Page_Members Area/Page_Members Area/a_AddEdit note'
	at com.kms.katalon.core.webui.keyword.internal.WebUIKeywordMain.stepFailed(WebUIKeywordMain.groovy:64)
	at com.kms.katalon.core.webui.keyword.internal.WebUIKeywordMain.runKeyword(WebUIKeywordMain.groovy:26)
	at com.kms.katalon.core.webui.keyword.builtin.ClickKeyword.click(ClickKeyword.groovy:79)
	at com.kms.katalon.core.webui.keyword.builtin.ClickKeyword.execute(ClickKeyword.groovy:42)
	at com.kms.katalon.core.keyword.internal.KeywordExecutor.executeKeywordForPlatform(KeywordExecutor.groovy:60)
	at com.kms.katalon.core.webui.keyword.WebUiBuiltInKeywords.click(WebUiBuiltInKeywords.groovy:616)
	at com.kms.katalon.core.webui.keyword.WebUiBuiltInKeywords$click$4.call(Unknown Source)
	at Callback_Requests_Notes.run(Callback_Requests_Notes:78)
	at com.kms.katalon.core.main.ScriptEngine.run(ScriptEngine.java:194)
	at com.kms.katalon.core.main.ScriptEngine.runScriptAsRawText(ScriptEngine.java:119)
	at com.kms.katalon.core.main.TestCaseExecutor.runScript(TestCaseExecutor.java:337)
	at com.kms.katalon.core.main.TestCaseExecutor.doExecute(TestCaseExecutor.java:328)
	at com.kms.katalon.core.main.TestCaseExecutor.processExecutionPhase(TestCaseExecutor.java:307)
	at com.kms.katalon.core.main.TestCaseExecutor.accessMainPhase(TestCaseExecutor.java:299)
	at com.kms.katalon.core.main.TestCaseExecutor.execute(TestCaseExecutor.java:233)
	at com.kms.katalon.core.main.TestCaseMain.runTestCase(TestCaseMain.java:114)
	at com.kms.katalon.core.keyword.builtin.CallTestCaseKeyword$_callTestCase_closure1.doCall(CallTestCaseKeyword.groovy:59)
	at com.kms.katalon.core.keyword.builtin.CallTestCaseKeyword$_callTestCase_closure1.call(CallTestCaseKeyword.groovy)
	at com.kms.katalon.core.keyword.internal.KeywordMain.runKeyword(KeywordMain.groovy:68)
	at com.kms.katalon.core.keyword.builtin.CallTestCaseKeyword.callTestCase(CallTestCaseKeyword.groovy:81)
	at com.kms.katalon.core.keyword.builtin.CallTestCaseKeyword.execute(CallTestCaseKeyword.groovy:44)
	at com.kms.katalon.core.keyword.internal.KeywordExecutor.executeKeywordForPlatform(KeywordExecutor.groovy:60)
	at com.kms.katalon.core.keyword.BuiltinKeywords.callTestCase(BuiltinKeywords.groovy:334)
	at Callback_Requests.run(Callback_Requests:77)
	at com.kms.katalon.core.main.ScriptEngine.run(ScriptEngine.java:194)
	at com.kms.katalon.core.main.ScriptEngine.runScriptAsRawText(ScriptEngine.java:119)
	at com.kms.katalon.core.main.TestCaseExecutor.runScript(TestCaseExecutor.java:337)
	at com.kms.katalon.core.main.TestCaseExecutor.doExecute(TestCaseExecutor.java:328)
	at com.kms.katalon.core.main.TestCaseExecutor.processExecutionPhase(TestCaseExecutor.java:307)
	at com.kms.katalon.core.main.TestCaseExecutor.accessMainPhase(TestCaseExecutor.java:299)
	at com.kms.katalon.core.main.TestCaseExecutor.execute(TestCaseExecutor.java:233)
	at com.kms.katalon.core.main.TestSuiteExecutor.accessTestCaseMainPhase(TestSuiteExecutor.java:169)
	at com.kms.katalon.core.main.TestSuiteExecutor.accessTestSuiteMainPhase(TestSuiteExecutor.java:142)
	at com.kms.katalon.core.main.TestSuiteExecutor.execute(TestSuiteExecutor.java:91)
	at com.kms.katalon.core.main.TestCaseMain.startTestSuite(TestCaseMain.java:157)
	at com.kms.katalon.core.main.TestCaseMain$startTestSuite$0.call(Unknown Source)
	at TempTestSuite1572536118851.run(TempTestSuite1572536118851.groovy:36)
Caused by: org.openqa.selenium.TimeoutException: Expected condition failed: waiting for element to be clickable: [[CChromeDriver: chrome on XP (f72f19c562a2ba073e552ed80e1fa5b1)] -> xpath: //*[@id = 'btnNote_285821' and (text() = ' Add/Edit note ' or . = ' Add/Edit note ')]] (tried for 30 second(s) with 500 milliseconds interval)
Build info: version: '3.141.59', revision: 'e82be7d358', time: '2018-11-14T08:25:53'
System info: host: 'VETTEDSP36RF', ip: '10.0.11.243', os.name: 'Windows 10', os.arch: 'x86', os.version: '10.0', java.version: '1.8.0_181'
Driver info: com.kms.katalon.core.webui.driver.SmartWaitWebDriver
Capabilities {acceptInsecureCerts: false, browserName: chrome, browserVersion: 78.0.3904.70, chrome: {chromedriverVersion: 77.0.3865.40 (f484704e052e0..., userDataDir: C:\Users\davidho\AppData\Lo...}, goog:chromeOptions: {debuggerAddress: localhost:55294}, javascriptEnabled: true, networkConnectionEnabled: false, pageLoadStrategy: normal, platform: XP, platformName: XP, proxy: Proxy(), setWindowRect: true, strictFileInteractability: false, timeouts: {implicit: 0, pageLoad: 300000, script: 30000}, unhandledPromptBehavior: dismiss and notify}
Session ID: f72f19c562a2ba073e552ed80e1fa5b1
	at org.openqa.selenium.support.ui.WebDriverWait.timeoutException(WebDriverWait.java:95)
	at org.openqa.selenium.support.ui.FluentWait.until(FluentWait.java:272)
	at com.kms.katalon.core.webui.keyword.builtin.ClickKeyword$_click_closure1.doCall(ClickKeyword.groovy:56)
	at com.kms.katalon.core.webui.keyword.builtin.ClickKeyword$_click_closure1.call(ClickKeyword.groovy)
	at com.kms.katalon.core.webui.keyword.internal.WebUIKeywordMain.runKeyword(WebUIKeywordMain.groovy:20)
	at com.kms.katalon.core.webui.keyword.builtin.ClickKeyword.click(ClickKeyword.groovy:79)
	at com.kms.katalon.core.webui.keyword.builtin.ClickKeyword.execute(ClickKeyword.groovy:42)
	at com.kms.katalon.core.keyword.internal.KeywordExecutor.executeKeywordForPlatform(KeywordExecutor.groovy:60)
	at com.kms.katalon.core.webui.keyword.WebUiBuiltInKeywords.click(WebUiBuiltInKeywords.groovy:616)
	at com.kms.katalon.core.webui.keyword.WebUiBuiltInKeywords$click$4.call(Unknown Source)
	at Script1570028604947.run(Script1570028604947.groovy:78)
	at com.kms.katalon.core.main.ScriptEngine.run(ScriptEngine.java:194)
	at com.kms.katalon.core.main.ScriptEngine.runScriptAsRawText(ScriptEngine.java:119)
	at com.kms.katalon.core.main.TestCaseExecutor.runScript(TestCaseExecutor.java:337)
	at com.kms.katalon.core.main.TestCaseExecutor.doExecute(TestCaseExecutor.java:328)
	at com.kms.katalon.core.main.TestCaseExecutor.processExecutionPhase(TestCaseExecutor.java:307)
	at com.kms.katalon.core.main.TestCaseExecutor.accessMainPhase(TestCaseExecutor.java:299)
	at com.kms.katalon.core.main.TestCaseExecutor.execute(TestCaseExecutor.java:233)
	at com.kms.katalon.core.main.TestCaseMain.runTestCase(TestCaseMain.java:114)
	at com.kms.katalon.core.keyword.builtin.CallTestCaseKeyword$_callTestCase_closure1.doCall(CallTestCaseKeyword.groovy:59)
	at com.kms.katalon.core.keyword.builtin.CallTestCaseKeyword$_callTestCase_closure1.call(CallTestCaseKeyword.groovy)
	at com.kms.katalon.core.keyword.internal.KeywordMain.runKeyword(KeywordMain.groovy:68)
	at com.kms.katalon.core.keyword.builtin.CallTestCaseKeyword.callTestCase(CallTestCaseKeyword.groovy:81)
	at com.kms.katalon.core.keyword.builtin.CallTestCaseKeyword.execute(CallTestCaseKeyword.groovy:44)
	at com.kms.katalon.core.keyword.internal.KeywordExecutor.executeKeywordForPlatform(KeywordExecutor.groovy:60)
	at com.kms.katalon.core.keyword.BuiltinKeywords.callTestCase(BuiltinKeywords.groovy:334)
	at Script1569933857280.run(Script1569933857280.groovy:77)
	... 13 more
)
	at com.kms.katalon.core.keyword.internal.KeywordMain.stepFailed(KeywordMain.groovy:39)
	at com.kms.katalon.core.webui.keyword.internal.WebUIKeywordMain.stepFailed(WebUIKeywordMain.groovy:64)
	at com.kms.katalon.core.webui.keyword.internal.WebUIKeywordMain.runKeyword(WebUIKeywordMain.groovy:26)
	at com.kms.katalon.core.webui.keyword.builtin.ClickKeyword.click(ClickKeyword.groovy:79)
	at com.kms.katalon.core.webui.keyword.builtin.ClickKeyword.execute(ClickKeyword.groovy:42)
	at com.kms.katalon.core.keyword.internal.KeywordExecutor.executeKeywordForPlatform(KeywordExecutor.groovy:60)
	at com.kms.katalon.core.webui.keyword.WebUiBuiltInKeywords.click(WebUiBuiltInKeywords.groovy:616)
	at com.kms.katalon.core.webui.keyword.WebUiBuiltInKeywords$click$4.call(Unknown Source)
	at Callback_Requests_Notes.run(Callback_Requests_Notes:78)
	at com.kms.katalon.core.main.ScriptEngine.run(ScriptEngine.java:194)
	at com.kms.katalon.core.main.ScriptEngine.runScriptAsRawText(ScriptEngine.java:119)
	at com.kms.katalon.core.main.TestCaseExecutor.runScript(TestCaseExecutor.java:337)
	at com.kms.katalon.core.main.TestCaseExecutor.doExecute(TestCaseExecutor.java:328)
	at com.kms.katalon.core.main.TestCaseExecutor.processExecutionPhase(TestCaseExecutor.java:307)
	at com.kms.katalon.core.main.TestCaseExecutor.accessMainPhase(TestCaseExecutor.java:299)
	at com.kms.katalon.core.main.TestCaseExecutor.execute(TestCaseExecutor.java:233)
	at com.kms.katalon.core.main.TestCaseMain.runTestCase(TestCaseMain.java:114)
	at com.kms.katalon.core.keyword.builtin.CallTestCaseKeyword$_callTestCase_closure1.doCall(CallTestCaseKeyword.groovy:59)
	... 20 more
Caused by: com.kms.katalon.core.exception.StepFailedException: Unable to click on object 'Object Repository/Page_Members Area/Page_Members Area/a_AddEdit note'
	... 37 more
Caused by: org.openqa.selenium.TimeoutException: Expected condition failed: waiting for element to be clickable: [[CChromeDriver: chrome on XP (f72f19c562a2ba073e552ed80e1fa5b1)] -> xpath: //*[@id = 'btnNote_285821' and (text() = ' Add/Edit note ' or . = ' Add/Edit note ')]] (tried for 30 second(s) with 500 milliseconds interval)
Build info: version: '3.141.59', revision: 'e82be7d358', time: '2018-11-14T08:25:53'
System info: host: 'VETTEDSP36RF', ip: '10.0.11.243', os.name: 'Windows 10', os.arch: 'x86', os.version: '10.0', java.version: '1.8.0_181'
Driver info: com.kms.katalon.core.webui.driver.SmartWaitWebDriver
Capabilities {acceptInsecureCerts: false, browserName: chrome, browserVersion: 78.0.3904.70, chrome: {chromedriverVersion: 77.0.3865.40 (f484704e052e0..., userDataDir: C:\Users\davidho\AppData\Lo...}, goog:chromeOptions: {debuggerAddress: localhost:55294}, javascriptEnabled: true, networkConnectionEnabled: false, pageLoadStrategy: normal, platform: XP, platformName: XP, proxy: Proxy(), setWindowRect: true, strictFileInteractability: false, timeouts: {implicit: 0, pageLoad: 300000, script: 30000}, unhandledPromptBehavior: dismiss and notify}
Session ID: f72f19c562a2ba073e552ed80e1fa5b1
	at org.openqa.selenium.support.ui.WebDriverWait.timeoutException(WebDriverWait.java:95)
	at org.openqa.selenium.support.ui.FluentWait.until(FluentWait.java:272)
	at com.kms.katalon.core.webui.keyword.builtin.ClickKeyword$_click_closure1.doCall(ClickKeyword.groovy:56)
	at com.kms.katalon.core.webui.keyword.builtin.ClickKeyword$_click_closure1.call(ClickKeyword.groovy)
	at com.kms.katalon.core.webui.keyword.internal.WebUIKeywordMain.runKeyword(WebUIKeywordMain.groovy:20)
	... 35 more]]></system-out>
      <system-err><![CDATA[2019-10-31 15:35:38 - [TEST_SUITE][FAILED] - Members_Callback: Test Cases/Members_Area/Callback_Requests FAILED.
Reason:
com.kms.katalon.core.exception.StepFailedException: Unable to call Test Case 'Test Cases/Reusable_Test_Sequences/Members_Area/Validation/Callback_Requests_Sub/Callback_Requests_Notes' (Root cause: com.kms.katalon.core.exception.StepFailedException: Call Test Case 'Test Cases/Reusable_Test_Sequences/Members_Area/Validation/Callback_Requests_Sub/Callback_Requests_Notes' failed
	at com.kms.katalon.core.keyword.builtin.CallTestCaseKeyword$_callTestCase_closure1.doCall(CallTestCaseKeyword.groovy:63)
	at com.kms.katalon.core.keyword.builtin.CallTestCaseKeyword$_callTestCase_closure1.call(CallTestCaseKeyword.groovy)
	at com.kms.katalon.core.keyword.internal.KeywordMain.runKeyword(KeywordMain.groovy:68)
	at com.kms.katalon.core.keyword.builtin.CallTestCaseKeyword.callTestCase(CallTestCaseKeyword.groovy:81)
	at com.kms.katalon.core.keyword.builtin.CallTestCaseKeyword.execute(CallTestCaseKeyword.groovy:44)
	at com.kms.katalon.core.keyword.internal.KeywordExecutor.executeKeywordForPlatform(KeywordExecutor.groovy:60)
	at com.kms.katalon.core.keyword.BuiltinKeywords.callTestCase(BuiltinKeywords.groovy:334)
	at Callback_Requests.run(Callback_Requests:77)
	at com.kms.katalon.core.main.ScriptEngine.run(ScriptEngine.java:194)
	at com.kms.katalon.core.main.ScriptEngine.runScriptAsRawText(ScriptEngine.java:119)
	at com.kms.katalon.core.main.TestCaseExecutor.runScript(TestCaseExecutor.java:337)
	at com.kms.katalon.core.main.TestCaseExecutor.doExecute(TestCaseExecutor.java:328)
	at com.kms.katalon.core.main.TestCaseExecutor.processExecutionPhase(TestCaseExecutor.java:307)
	at com.kms.katalon.core.main.TestCaseExecutor.accessMainPhase(TestCaseExecutor.java:299)
	at com.kms.katalon.core.main.TestCaseExecutor.execute(TestCaseExecutor.java:233)
	at com.kms.katalon.core.main.TestSuiteExecutor.accessTestCaseMainPhase(TestSuiteExecutor.java:169)
	at com.kms.katalon.core.main.TestSuiteExecutor.accessTestSuiteMainPhase(TestSuiteExecutor.java:142)
	at com.kms.katalon.core.main.TestSuiteExecutor.execute(TestSuiteExecutor.java:91)
	at com.kms.katalon.core.main.TestCaseMain.startTestSuite(TestCaseMain.java:157)
	at com.kms.katalon.core.main.TestCaseMain$startTestSuite$0.call(Unknown Source)
	at TempTestSuite1572536118851.run(TempTestSuite1572536118851.groovy:36)
Caused by: com.kms.katalon.core.exception.StepFailedException: Unable to click on object 'Object Repository/Page_Members Area/Page_Members Area/a_AddEdit note' (Root cause: com.kms.katalon.core.exception.StepFailedException: Unable to click on object 'Object Repository/Page_Members Area/Page_Members Area/a_AddEdit note'
	at com.kms.katalon.core.webui.keyword.internal.WebUIKeywordMain.stepFailed(WebUIKeywordMain.groovy:64)
	at com.kms.katalon.core.webui.keyword.internal.WebUIKeywordMain.runKeyword(WebUIKeywordMain.groovy:26)
	at com.kms.katalon.core.webui.keyword.builtin.ClickKeyword.click(ClickKeyword.groovy:79)
	at com.kms.katalon.core.webui.keyword.builtin.ClickKeyword.execute(ClickKeyword.groovy:42)
	at com.kms.katalon.core.keyword.internal.KeywordExecutor.executeKeywordForPlatform(KeywordExecutor.groovy:60)
	at com.kms.katalon.core.webui.keyword.WebUiBuiltInKeywords.click(WebUiBuiltInKeywords.groovy:616)
	at com.kms.katalon.core.webui.keyword.WebUiBuiltInKeywords$click$4.call(Unknown Source)
	at Callback_Requests_Notes.run(Callback_Requests_Notes:78)
	at com.kms.katalon.core.main.ScriptEngine.run(ScriptEngine.java:194)
	at com.kms.katalon.core.main.ScriptEngine.runScriptAsRawText(ScriptEngine.java:119)
	at com.kms.katalon.core.main.TestCaseExecutor.runScript(TestCaseExecutor.java:337)
	at com.kms.katalon.core.main.TestCaseExecutor.doExecute(TestCaseExecutor.java:328)
	at com.kms.katalon.core.main.TestCaseExecutor.processExecutionPhase(TestCaseExecutor.java:307)
	at com.kms.katalon.core.main.TestCaseExecutor.accessMainPhase(TestCaseExecutor.java:299)
	at com.kms.katalon.core.main.TestCaseExecutor.execute(TestCaseExecutor.java:233)
	at com.kms.katalon.core.main.TestCaseMain.runTestCase(TestCaseMain.java:114)
	at com.kms.katalon.core.keyword.builtin.CallTestCaseKeyword$_callTestCase_closure1.doCall(CallTestCaseKeyword.groovy:59)
	at com.kms.katalon.core.keyword.builtin.CallTestCaseKeyword$_callTestCase_closure1.call(CallTestCaseKeyword.groovy)
	at com.kms.katalon.core.keyword.internal.KeywordMain.runKeyword(KeywordMain.groovy:68)
	at com.kms.katalon.core.keyword.builtin.CallTestCaseKeyword.callTestCase(CallTestCaseKeyword.groovy:81)
	at com.kms.katalon.core.keyword.builtin.CallTestCaseKeyword.execute(CallTestCaseKeyword.groovy:44)
	at com.kms.katalon.core.keyword.internal.KeywordExecutor.executeKeywordForPlatform(KeywordExecutor.groovy:60)
	at com.kms.katalon.core.keyword.BuiltinKeywords.callTestCase(BuiltinKeywords.groovy:334)
	at Callback_Requests.run(Callback_Requests:77)
	at com.kms.katalon.core.main.ScriptEngine.run(ScriptEngine.java:194)
	at com.kms.katalon.core.main.ScriptEngine.runScriptAsRawText(ScriptEngine.java:119)
	at com.kms.katalon.core.main.TestCaseExecutor.runScript(TestCaseExecutor.java:337)
	at com.kms.katalon.core.main.TestCaseExecutor.doExecute(TestCaseExecutor.java:328)
	at com.kms.katalon.core.main.TestCaseExecutor.processExecutionPhase(TestCaseExecutor.java:307)
	at com.kms.katalon.core.main.TestCaseExecutor.accessMainPhase(TestCaseExecutor.java:299)
	at com.kms.katalon.core.main.TestCaseExecutor.execute(TestCaseExecutor.java:233)
	at com.kms.katalon.core.main.TestSuiteExecutor.accessTestCaseMainPhase(TestSuiteExecutor.java:169)
	at com.kms.katalon.core.main.TestSuiteExecutor.accessTestSuiteMainPhase(TestSuiteExecutor.java:142)
	at com.kms.katalon.core.main.TestSuiteExecutor.execute(TestSuiteExecutor.java:91)
	at com.kms.katalon.core.main.TestCaseMain.startTestSuite(TestCaseMain.java:157)
	at com.kms.katalon.core.main.TestCaseMain$startTestSuite$0.call(Unknown Source)
	at TempTestSuite1572536118851.run(TempTestSuite1572536118851.groovy:36)
Caused by: org.openqa.selenium.TimeoutException: Expected condition failed: waiting for element to be clickable: [[CChromeDriver: chrome on XP (f72f19c562a2ba073e552ed80e1fa5b1)] -> xpath: //*[@id = 'btnNote_285821' and (text() = ' Add/Edit note ' or . = ' Add/Edit note ')]] (tried for 30 second(s) with 500 milliseconds interval)
Build info: version: '3.141.59', revision: 'e82be7d358', time: '2018-11-14T08:25:53'
System info: host: 'VETTEDSP36RF', ip: '10.0.11.243', os.name: 'Windows 10', os.arch: 'x86', os.version: '10.0', java.version: '1.8.0_181'
Driver info: com.kms.katalon.core.webui.driver.SmartWaitWebDriver
Capabilities {acceptInsecureCerts: false, browserName: chrome, browserVersion: 78.0.3904.70, chrome: {chromedriverVersion: 77.0.3865.40 (f484704e052e0..., userDataDir: C:\Users\davidho\AppData\Lo...}, goog:chromeOptions: {debuggerAddress: localhost:55294}, javascriptEnabled: true, networkConnectionEnabled: false, pageLoadStrategy: normal, platform: XP, platformName: XP, proxy: Proxy(), setWindowRect: true, strictFileInteractability: false, timeouts: {implicit: 0, pageLoad: 300000, script: 30000}, unhandledPromptBehavior: dismiss and notify}
Session ID: f72f19c562a2ba073e552ed80e1fa5b1
	at org.openqa.selenium.support.ui.WebDriverWait.timeoutException(WebDriverWait.java:95)
	at org.openqa.selenium.support.ui.FluentWait.until(FluentWait.java:272)
	at com.kms.katalon.core.webui.keyword.builtin.ClickKeyword$_click_closure1.doCall(ClickKeyword.groovy:56)
	at com.kms.katalon.core.webui.keyword.builtin.ClickKeyword$_click_closure1.call(ClickKeyword.groovy)
	at com.kms.katalon.core.webui.keyword.internal.WebUIKeywordMain.runKeyword(WebUIKeywordMain.groovy:20)
	at com.kms.katalon.core.webui.keyword.builtin.ClickKeyword.click(ClickKeyword.groovy:79)
	at com.kms.katalon.core.webui.keyword.builtin.ClickKeyword.execute(ClickKeyword.groovy:42)
	at com.kms.katalon.core.keyword.internal.KeywordExecutor.executeKeywordForPlatform(KeywordExecutor.groovy:60)
	at com.kms.katalon.core.webui.keyword.WebUiBuiltInKeywords.click(WebUiBuiltInKeywords.groovy:616)
	at com.kms.katalon.core.webui.keyword.WebUiBuiltInKeywords$click$4.call(Unknown Source)
	at Script1570028604947.run(Script1570028604947.groovy:78)
	at com.kms.katalon.core.main.ScriptEngine.run(ScriptEngine.java:194)
	at com.kms.katalon.core.main.ScriptEngine.runScriptAsRawText(ScriptEngine.java:119)
	at com.kms.katalon.core.main.TestCaseExecutor.runScript(TestCaseExecutor.java:337)
	at com.kms.katalon.core.main.TestCaseExecutor.doExecute(TestCaseExecutor.java:328)
	at com.kms.katalon.core.main.TestCaseExecutor.processExecutionPhase(TestCaseExecutor.java:307)
	at com.kms.katalon.core.main.TestCaseExecutor.accessMainPhase(TestCaseExecutor.java:299)
	at com.kms.katalon.core.main.TestCaseExecutor.execute(TestCaseExecutor.java:233)
	at com.kms.katalon.core.main.TestCaseMain.runTestCase(TestCaseMain.java:114)
	at com.kms.katalon.core.keyword.builtin.CallTestCaseKeyword$_callTestCase_closure1.doCall(CallTestCaseKeyword.groovy:59)
	at com.kms.katalon.core.keyword.builtin.CallTestCaseKeyword$_callTestCase_closure1.call(CallTestCaseKeyword.groovy)
	at com.kms.katalon.core.keyword.internal.KeywordMain.runKeyword(KeywordMain.groovy:68)
	at com.kms.katalon.core.keyword.builtin.CallTestCaseKeyword.callTestCase(CallTestCaseKeyword.groovy:81)
	at com.kms.katalon.core.keyword.builtin.CallTestCaseKeyword.execute(CallTestCaseKeyword.groovy:44)
	at com.kms.katalon.core.keyword.internal.KeywordExecutor.executeKeywordForPlatform(KeywordExecutor.groovy:60)
	at com.kms.katalon.core.keyword.BuiltinKeywords.callTestCase(BuiltinKeywords.groovy:334)
	at Script1569933857280.run(Script1569933857280.groovy:77)
	... 13 more
)
	at com.kms.katalon.core.keyword.internal.KeywordMain.stepFailed(KeywordMain.groovy:39)
	at com.kms.katalon.core.webui.keyword.internal.WebUIKeywordMain.stepFailed(WebUIKeywordMain.groovy:64)
	at com.kms.katalon.core.webui.keyword.internal.WebUIKeywordMain.runKeyword(WebUIKeywordMain.groovy:26)
	at com.kms.katalon.core.webui.keyword.builtin.ClickKeyword.click(ClickKeyword.groovy:79)
	at com.kms.katalon.core.webui.keyword.builtin.ClickKeyword.execute(ClickKeyword.groovy:42)
	at com.kms.katalon.core.keyword.internal.KeywordExecutor.executeKeywordForPlatform(KeywordExecutor.groovy:60)
	at com.kms.katalon.core.webui.keyword.WebUiBuiltInKeywords.click(WebUiBuiltInKeywords.groovy:616)
	at com.kms.katalon.core.webui.keyword.WebUiBuiltInKeywords$click$4.call(Unknown Source)
	at Callback_Requests_Notes.run(Callback_Requests_Notes:78)
	at com.kms.katalon.core.main.ScriptEngine.run(ScriptEngine.java:194)
	at com.kms.katalon.core.main.ScriptEngine.runScriptAsRawText(ScriptEngine.java:119)
	at com.kms.katalon.core.main.TestCaseExecutor.runScript(TestCaseExecutor.java:337)
	at com.kms.katalon.core.main.TestCaseExecutor.doExecute(TestCaseExecutor.java:328)
	at com.kms.katalon.core.main.TestCaseExecutor.processExecutionPhase(TestCaseExecutor.java:307)
	at com.kms.katalon.core.main.TestCaseExecutor.accessMainPhase(TestCaseExecutor.java:299)
	at com.kms.katalon.core.main.TestCaseExecutor.execute(TestCaseExecutor.java:233)
	at com.kms.katalon.core.main.TestCaseMain.runTestCase(TestCaseMain.java:114)
	at com.kms.katalon.core.keyword.builtin.CallTestCaseKeyword$_callTestCase_closure1.doCall(CallTestCaseKeyword.groovy:59)
	... 20 more
Caused by: com.kms.katalon.core.exception.StepFailedException: Unable to click on object 'Object Repository/Page_Members Area/Page_Members Area/a_AddEdit note'
	... 37 more
Caused by: org.openqa.selenium.TimeoutException: Expected condition failed: waiting for element to be clickable: [[CChromeDriver: chrome on XP (f72f19c562a2ba073e552ed80e1fa5b1)] -> xpath: //*[@id = 'btnNote_285821' and (text() = ' Add/Edit note ' or . = ' Add/Edit note ')]] (tried for 30 second(s) with 500 milliseconds interval)
Build info: version: '3.141.59', revision: 'e82be7d358', time: '2018-11-14T08:25:53'
System info: host: 'VETTEDSP36RF', ip: '10.0.11.243', os.name: 'Windows 10', os.arch: 'x86', os.version: '10.0', java.version: '1.8.0_181'
Driver info: com.kms.katalon.core.webui.driver.SmartWaitWebDriver
Capabilities {acceptInsecureCerts: false, browserName: chrome, browserVersion: 78.0.3904.70, chrome: {chromedriverVersion: 77.0.3865.40 (f484704e052e0..., userDataDir: C:\Users\davidho\AppData\Lo...}, goog:chromeOptions: {debuggerAddress: localhost:55294}, javascriptEnabled: true, networkConnectionEnabled: false, pageLoadStrategy: normal, platform: XP, platformName: XP, proxy: Proxy(), setWindowRect: true, strictFileInteractability: false, timeouts: {implicit: 0, pageLoad: 300000, script: 30000}, unhandledPromptBehavior: dismiss and notify}
Session ID: f72f19c562a2ba073e552ed80e1fa5b1
	at org.openqa.selenium.support.ui.WebDriverWait.timeoutException(WebDriverWait.java:95)
	at org.openqa.selenium.support.ui.FluentWait.until(FluentWait.java:272)
	at com.kms.katalon.core.webui.keyword.builtin.ClickKeyword$_click_closure1.doCall(ClickKeyword.groovy:56)
	at com.kms.katalon.core.webui.keyword.builtin.ClickKeyword$_click_closure1.call(ClickKeyword.groovy)
	at com.kms.katalon.core.webui.keyword.internal.WebUIKeywordMain.runKeyword(WebUIKeywordMain.groovy:20)
	... 35 more
)
	at com.kms.katalon.core.keyword.internal.KeywordMain.stepFailed(KeywordMain.groovy:39)
	at com.kms.katalon.core.keyword.internal.KeywordMain.stepFailed(KeywordMain.groovy)
	at com.kms.katalon.core.keyword.internal.KeywordMain.runKeyword(KeywordMain.groovy:70)
	at com.kms.katalon.core.keyword.builtin.CallTestCaseKeyword.callTestCase(CallTestCaseKeyword.groovy:81)
	at com.kms.katalon.core.keyword.builtin.CallTestCaseKeyword.execute(CallTestCaseKeyword.groovy:44)
	at com.kms.katalon.core.keyword.internal.KeywordExecutor.executeKeywordForPlatform(KeywordExecutor.groovy:60)
	at com.kms.katalon.core.keyword.BuiltinKeywords.callTestCase(BuiltinKeywords.groovy:334)
	at Callback_Requests.run(Callback_Requests:77)
	at com.kms.katalon.core.main.ScriptEngine.run(ScriptEngine.java:194)
	at com.kms.katalon.core.main.ScriptEngine.runScriptAsRawText(ScriptEngine.java:119)
	at com.kms.katalon.core.main.TestCaseExecutor.runScript(TestCaseExecutor.java:337)
	at com.kms.katalon.core.main.TestCaseExecutor.doExecute(TestCaseExecutor.java:328)
	at com.kms.katalon.core.main.TestCaseExecutor.processExecutionPhase(TestCaseExecutor.java:307)
	at com.kms.katalon.core.main.TestCaseExecutor.accessMainPhase(TestCaseExecutor.java:299)
	at com.kms.katalon.core.main.TestCaseExecutor.execute(TestCaseExecutor.java:233)
	at com.kms.katalon.core.main.TestSuiteExecutor.accessTestCaseMainPhase(TestSuiteExecutor.java:169)
	at com.kms.katalon.core.main.TestSuiteExecutor.accessTestSuiteMainPhase(TestSuiteExecutor.java:142)
	at com.kms.katalon.core.main.TestSuiteExecutor.execute(TestSuiteExecutor.java:91)
	at com.kms.katalon.core.main.TestCaseMain.startTestSuite(TestCaseMain.java:157)
	at com.kms.katalon.core.main.TestCaseMain$startTestSuite$0.call(Unknown Source)
	at TempTestSuite1572536118851.run(TempTestSuite1572536118851.groovy:36)
Caused by: com.kms.katalon.core.exception.StepFailedException: Call Test Case 'Test Cases/Reusable_Test_Sequences/Members_Area/Validation/Callback_Requests_Sub/Callback_Requests_Notes' failed
	at com.kms.katalon.core.keyword.builtin.CallTestCaseKeyword$_callTestCase_closure1.doCall(CallTestCaseKeyword.groovy:63)
	at com.kms.katalon.core.keyword.builtin.CallTestCaseKeyword$_callTestCase_closure1.call(CallTestCaseKeyword.groovy)
	at com.kms.katalon.core.keyword.internal.KeywordMain.runKeyword(KeywordMain.groovy:68)
	... 18 more
Caused by: com.kms.katalon.core.exception.StepFailedException: Unable to click on object 'Object Repository/Page_Members Area/Page_Members Area/a_AddEdit note' (Root cause: com.kms.katalon.core.exception.StepFailedException: Unable to click on object 'Object Repository/Page_Members Area/Page_Members Area/a_AddEdit note'
	at com.kms.katalon.core.webui.keyword.internal.WebUIKeywordMain.stepFailed(WebUIKeywordMain.groovy:64)
	at com.kms.katalon.core.webui.keyword.internal.WebUIKeywordMain.runKeyword(WebUIKeywordMain.groovy:26)
	at com.kms.katalon.core.webui.keyword.builtin.ClickKeyword.click(ClickKeyword.groovy:79)
	at com.kms.katalon.core.webui.keyword.builtin.ClickKeyword.execute(ClickKeyword.groovy:42)
	at com.kms.katalon.core.keyword.internal.KeywordExecutor.executeKeywordForPlatform(KeywordExecutor.groovy:60)
	at com.kms.katalon.core.webui.keyword.WebUiBuiltInKeywords.click(WebUiBuiltInKeywords.groovy:616)
	at com.kms.katalon.core.webui.keyword.WebUiBuiltInKeywords$click$4.call(Unknown Source)
	at Callback_Requests_Notes.run(Callback_Requests_Notes:78)
	at com.kms.katalon.core.main.ScriptEngine.run(ScriptEngine.java:194)
	at com.kms.katalon.core.main.ScriptEngine.runScriptAsRawText(ScriptEngine.java:119)
	at com.kms.katalon.core.main.TestCaseExecutor.runScript(TestCaseExecutor.java:337)
	at com.kms.katalon.core.main.TestCaseExecutor.doExecute(TestCaseExecutor.java:328)
	at com.kms.katalon.core.main.TestCaseExecutor.processExecutionPhase(TestCaseExecutor.java:307)
	at com.kms.katalon.core.main.TestCaseExecutor.accessMainPhase(TestCaseExecutor.java:299)
	at com.kms.katalon.core.main.TestCaseExecutor.execute(TestCaseExecutor.java:233)
	at com.kms.katalon.core.main.TestCaseMain.runTestCase(TestCaseMain.java:114)
	at com.kms.katalon.core.keyword.builtin.CallTestCaseKeyword$_callTestCase_closure1.doCall(CallTestCaseKeyword.groovy:59)
	at com.kms.katalon.core.keyword.builtin.CallTestCaseKeyword$_callTestCase_closure1.call(CallTestCaseKeyword.groovy)
	at com.kms.katalon.core.keyword.internal.KeywordMain.runKeyword(KeywordMain.groovy:68)
	at com.kms.katalon.core.keyword.builtin.CallTestCaseKeyword.callTestCase(CallTestCaseKeyword.groovy:81)
	at com.kms.katalon.core.keyword.builtin.CallTestCaseKeyword.execute(CallTestCaseKeyword.groovy:44)
	at com.kms.katalon.core.keyword.internal.KeywordExecutor.executeKeywordForPlatform(KeywordExecutor.groovy:60)
	at com.kms.katalon.core.keyword.BuiltinKeywords.callTestCase(BuiltinKeywords.groovy:334)
	at Callback_Requests.run(Callback_Requests:77)
	at com.kms.katalon.core.main.ScriptEngine.run(ScriptEngine.java:194)
	at com.kms.katalon.core.main.ScriptEngine.runScriptAsRawText(ScriptEngine.java:119)
	at com.kms.katalon.core.main.TestCaseExecutor.runScript(TestCaseExecutor.java:337)
	at com.kms.katalon.core.main.TestCaseExecutor.doExecute(TestCaseExecutor.java:328)
	at com.kms.katalon.core.main.TestCaseExecutor.processExecutionPhase(TestCaseExecutor.java:307)
	at com.kms.katalon.core.main.TestCaseExecutor.accessMainPhase(TestCaseExecutor.java:299)
	at com.kms.katalon.core.main.TestCaseExecutor.execute(TestCaseExecutor.java:233)
	at com.kms.katalon.core.main.TestSuiteExecutor.accessTestCaseMainPhase(TestSuiteExecutor.java:169)
	at com.kms.katalon.core.main.TestSuiteExecutor.accessTestSuiteMainPhase(TestSuiteExecutor.java:142)
	at com.kms.katalon.core.main.TestSuiteExecutor.execute(TestSuiteExecutor.java:91)
	at com.kms.katalon.core.main.TestCaseMain.startTestSuite(TestCaseMain.java:157)
	at com.kms.katalon.core.main.TestCaseMain$startTestSuite$0.call(Unknown Source)
	at TempTestSuite1572536118851.run(TempTestSuite1572536118851.groovy:36)
Caused by: org.openqa.selenium.TimeoutException: Expected condition failed: waiting for element to be clickable: [[CChromeDriver: chrome on XP (f72f19c562a2ba073e552ed80e1fa5b1)] -> xpath: //*[@id = 'btnNote_285821' and (text() = ' Add/Edit note ' or . = ' Add/Edit note ')]] (tried for 30 second(s) with 500 milliseconds interval)
Build info: version: '3.141.59', revision: 'e82be7d358', time: '2018-11-14T08:25:53'
System info: host: 'VETTEDSP36RF', ip: '10.0.11.243', os.name: 'Windows 10', os.arch: 'x86', os.version: '10.0', java.version: '1.8.0_181'
Driver info: com.kms.katalon.core.webui.driver.SmartWaitWebDriver
Capabilities {acceptInsecureCerts: false, browserName: chrome, browserVersion: 78.0.3904.70, chrome: {chromedriverVersion: 77.0.3865.40 (f484704e052e0..., userDataDir: C:\Users\davidho\AppData\Lo...}, goog:chromeOptions: {debuggerAddress: localhost:55294}, javascriptEnabled: true, networkConnectionEnabled: false, pageLoadStrategy: normal, platform: XP, platformName: XP, proxy: Proxy(), setWindowRect: true, strictFileInteractability: false, timeouts: {implicit: 0, pageLoad: 300000, script: 30000}, unhandledPromptBehavior: dismiss and notify}
Session ID: f72f19c562a2ba073e552ed80e1fa5b1
	at org.openqa.selenium.support.ui.WebDriverWait.timeoutException(WebDriverWait.java:95)
	at org.openqa.selenium.support.ui.FluentWait.until(FluentWait.java:272)
	at com.kms.katalon.core.webui.keyword.builtin.ClickKeyword$_click_closure1.doCall(ClickKeyword.groovy:56)
	at com.kms.katalon.core.webui.keyword.builtin.ClickKeyword$_click_closure1.call(ClickKeyword.groovy)
	at com.kms.katalon.core.webui.keyword.internal.WebUIKeywordMain.runKeyword(WebUIKeywordMain.groovy:20)
	at com.kms.katalon.core.webui.keyword.builtin.ClickKeyword.click(ClickKeyword.groovy:79)
	at com.kms.katalon.core.webui.keyword.builtin.ClickKeyword.execute(ClickKeyword.groovy:42)
	at com.kms.katalon.core.keyword.internal.KeywordExecutor.executeKeywordForPlatform(KeywordExecutor.groovy:60)
	at com.kms.katalon.core.webui.keyword.WebUiBuiltInKeywords.click(WebUiBuiltInKeywords.groovy:616)
	at com.kms.katalon.core.webui.keyword.WebUiBuiltInKeywords$click$4.call(Unknown Source)
	at Script1570028604947.run(Script1570028604947.groovy:78)
	at com.kms.katalon.core.main.ScriptEngine.run(ScriptEngine.java:194)
	at com.kms.katalon.core.main.ScriptEngine.runScriptAsRawText(ScriptEngine.java:119)
	at com.kms.katalon.core.main.TestCaseExecutor.runScript(TestCaseExecutor.java:337)
	at com.kms.katalon.core.main.TestCaseExecutor.doExecute(TestCaseExecutor.java:328)
	at com.kms.katalon.core.main.TestCaseExecutor.processExecutionPhase(TestCaseExecutor.java:307)
	at com.kms.katalon.core.main.TestCaseExecutor.accessMainPhase(TestCaseExecutor.java:299)
	at com.kms.katalon.core.main.TestCaseExecutor.execute(TestCaseExecutor.java:233)
	at com.kms.katalon.core.main.TestCaseMain.runTestCase(TestCaseMain.java:114)
	at com.kms.katalon.core.keyword.builtin.CallTestCaseKeyword$_callTestCase_closure1.doCall(CallTestCaseKeyword.groovy:59)
	at com.kms.katalon.core.keyword.builtin.CallTestCaseKeyword$_callTestCase_closure1.call(CallTestCaseKeyword.groovy)
	at com.kms.katalon.core.keyword.internal.KeywordMain.runKeyword(KeywordMain.groovy:68)
	at com.kms.katalon.core.keyword.builtin.CallTestCaseKeyword.callTestCase(CallTestCaseKeyword.groovy:81)
	at com.kms.katalon.core.keyword.builtin.CallTestCaseKeyword.execute(CallTestCaseKeyword.groovy:44)
	at com.kms.katalon.core.keyword.internal.KeywordExecutor.executeKeywordForPlatform(KeywordExecutor.groovy:60)
	at com.kms.katalon.core.keyword.BuiltinKeywords.callTestCase(BuiltinKeywords.groovy:334)
	at Script1569933857280.run(Script1569933857280.groovy:77)
	... 13 more
)
	at com.kms.katalon.core.keyword.internal.KeywordMain.stepFailed(KeywordMain.groovy:39)
	at com.kms.katalon.core.webui.keyword.internal.WebUIKeywordMain.stepFailed(WebUIKeywordMain.groovy:64)
	at com.kms.katalon.core.webui.keyword.internal.WebUIKeywordMain.runKeyword(WebUIKeywordMain.groovy:26)
	at com.kms.katalon.core.webui.keyword.builtin.ClickKeyword.click(ClickKeyword.groovy:79)
	at com.kms.katalon.core.webui.keyword.builtin.ClickKeyword.execute(ClickKeyword.groovy:42)
	at com.kms.katalon.core.keyword.internal.KeywordExecutor.executeKeywordForPlatform(KeywordExecutor.groovy:60)
	at com.kms.katalon.core.webui.keyword.WebUiBuiltInKeywords.click(WebUiBuiltInKeywords.groovy:616)
	at com.kms.katalon.core.webui.keyword.WebUiBuiltInKeywords$click$4.call(Unknown Source)
	at Callback_Requests_Notes.run(Callback_Requests_Notes:78)
	at com.kms.katalon.core.main.ScriptEngine.run(ScriptEngine.java:194)
	at com.kms.katalon.core.main.ScriptEngine.runScriptAsRawText(ScriptEngine.java:119)
	at com.kms.katalon.core.main.TestCaseExecutor.runScript(TestCaseExecutor.java:337)
	at com.kms.katalon.core.main.TestCaseExecutor.doExecute(TestCaseExecutor.java:328)
	at com.kms.katalon.core.main.TestCaseExecutor.processExecutionPhase(TestCaseExecutor.java:307)
	at com.kms.katalon.core.main.TestCaseExecutor.accessMainPhase(TestCaseExecutor.java:299)
	at com.kms.katalon.core.main.TestCaseExecutor.execute(TestCaseExecutor.java:233)
	at com.kms.katalon.core.main.TestCaseMain.runTestCase(TestCaseMain.java:114)
	at com.kms.katalon.core.keyword.builtin.CallTestCaseKeyword$_callTestCase_closure1.doCall(CallTestCaseKeyword.groovy:59)
	... 20 more
Caused by: com.kms.katalon.core.exception.StepFailedException: Unable to click on object 'Object Repository/Page_Members Area/Page_Members Area/a_AddEdit note'
	... 37 more
Caused by: org.openqa.selenium.TimeoutException: Expected condition failed: waiting for element to be clickable: [[CChromeDriver: chrome on XP (f72f19c562a2ba073e552ed80e1fa5b1)] -> xpath: //*[@id = 'btnNote_285821' and (text() = ' Add/Edit note ' or . = ' Add/Edit note ')]] (tried for 30 second(s) with 500 milliseconds interval)
Build info: version: '3.141.59', revision: 'e82be7d358', time: '2018-11-14T08:25:53'
System info: host: 'VETTEDSP36RF', ip: '10.0.11.243', os.name: 'Windows 10', os.arch: 'x86', os.version: '10.0', java.version: '1.8.0_181'
Driver info: com.kms.katalon.core.webui.driver.SmartWaitWebDriver
Capabilities {acceptInsecureCerts: false, browserName: chrome, browserVersion: 78.0.3904.70, chrome: {chromedriverVersion: 77.0.3865.40 (f484704e052e0..., userDataDir: C:\Users\davidho\AppData\Lo...}, goog:chromeOptions: {debuggerAddress: localhost:55294}, javascriptEnabled: true, networkConnectionEnabled: false, pageLoadStrategy: normal, platform: XP, platformName: XP, proxy: Proxy(), setWindowRect: true, strictFileInteractability: false, timeouts: {implicit: 0, pageLoad: 300000, script: 30000}, unhandledPromptBehavior: dismiss and notify}
Session ID: f72f19c562a2ba073e552ed80e1fa5b1
	at org.openqa.selenium.support.ui.WebDriverWait.timeoutException(WebDriverWait.java:95)
	at org.openqa.selenium.support.ui.FluentWait.until(FluentWait.java:272)
	at com.kms.katalon.core.webui.keyword.builtin.ClickKeyword$_click_closure1.doCall(ClickKeyword.groovy:56)
	at com.kms.katalon.core.webui.keyword.builtin.ClickKeyword$_click_closure1.call(ClickKeyword.groovy)
	at com.kms.katalon.core.webui.keyword.internal.WebUIKeywordMain.runKeyword(WebUIKeywordMain.groovy:20)
	... 35 more]]></system-err>
   </testsuite>
   <testsuite name="Members_My_Profile" tests="1" failures="1" errors="0" time="434.616" timestamp="2019-10-31 15:35:40" hostname="DavidHo - VETTEDSP36RF.check.local" id="Test Suites/Members_My_Profile">
      <properties>
         <property name="deviceName" value=""/>
         <property name="devicePlatform" value=""/>
         <property name="logFolder" value="C:\\Users\\davidho\\Katalon Studio\\Start\\Reports\\20191031_153516\\Members_My_Profile\\20191031_153519"/>
         <property name="logFiles" value="C:\\Users\\davidho\\Katalon Studio\\Start\\Reports\\20191031_153516\\Members_My_Profile\\20191031_153519\\execution0.log"/>
         <property name="attachments" value="C:\\Users\\davidho\\Katalon Studio\\Start\\Reports\\20191031_153516\\Members_My_Profile\\20191031_153519\\1572536366985.png, C:\\Users\\davidho\\Katalon Studio\\Start\\Reports\\20191031_153516\\Members_My_Profile\\20191031_153519\\1572536423383.png, C:\\Users\\davidho\\Katalon Studio\\Start\\Reports\\20191031_153516\\Members_My_Profile\\20191031_153519\\1572536484037.png, C:\\Users\\davidho\\Katalon Studio\\Start\\Reports\\20191031_153516\\Members_My_Profile\\20191031_153519\\1572536573248.png"/>
         <property name="hostName" value="DavidHo - VETTEDSP36RF.check.local"/>
         <property name="os" value="Windows 10 32bit"/>
         <property name="katalonVersion" value="7.0.5.1"/>
         <property name="browser" value="Firefox 69.0"/>
         <property name="hostAddress" value="10.0.11.243"/>
         <property name="sessionId" value="74cebf8f-adbe-4064-9158-88d6f5696b52"/>
         <property name="seleniumVersion" value="3.141.59"/>
         <property name="proxyInformation" value="ProxyInformation{proxyOption=NO_PROXY, proxyServerType=HTTP, password=, proxyServerAddress=, proxyServerPort=0}"/>
         <property name="platform" value="Windows 10"/>
      </properties>
      <testcase name="Test Cases/Members_Area/My_Profile_Page" time="432.934" classname="Test Cases/Members_Area/My_Profile_Page" status="FAILED">
         <failure type="FAILED" message="Test Cases/Members_Area/My_Profile_Page FAILED.
Reason:
com.kms.katalon.core.exception.StepFailedException: Unable to call Test Case 'Test Cases/Reusable_Test_Sequences/Members_Area/Validation/Profiles/Banner_Image' (Root cause: com.kms.katalon.core.exception.StepFailedException: Call Test Case 'Test Cases/Reusable_Test_Sequences/Members_Area/Validation/Profiles/Banner_Image' failed
	at com.kms.katalon.core.keyword.builtin.CallTestCaseKeyword$_callTestCase_closure1.doCall(CallTestCaseKeyword.groovy:63)
	at com.kms.katalon.core.keyword.builtin.CallTestCaseKeyword$_callTestCase_closure1.call(CallTestCaseKeyword.groovy)
	at com.kms.katalon.core.keyword.internal.KeywordMain.runKeyword(KeywordMain.groovy:68)
	at com.kms.katalon.core.keyword.builtin.CallTestCaseKeyword.callTestCase(CallTestCaseKeyword.groovy:81)
	at com.kms.katalon.core.keyword.builtin.CallTestCaseKeyword.execute(CallTestCaseKeyword.groovy:44)
	at com.kms.katalon.core.keyword.internal.KeywordExecutor.executeKeywordForPlatform(KeywordExecutor.groovy:60)
	at com.kms.katalon.core.keyword.BuiltinKeywords.callTestCase(BuiltinKeywords.groovy:334)
	at My_Profile_Page.run(My_Profile_Page:134)
	at com.kms.katalon.core.main.ScriptEngine.run(ScriptEngine.java:194)
	at com.kms.katalon.core.main.ScriptEngine.runScriptAsRawText(ScriptEngine.java:119)
	at com.kms.katalon.core.main.TestCaseExecutor.runScript(TestCaseExecutor.java:337)
	at com.kms.katalon.core.main.TestCaseExecutor.doExecute(TestCaseExecutor.java:328)
	at com.kms.katalon.core.main.TestCaseExecutor.processExecutionPhase(TestCaseExecutor.java:307)
	at com.kms.katalon.core.main.TestCaseExecutor.accessMainPhase(TestCaseExecutor.java:299)
	at com.kms.katalon.core.main.TestCaseExecutor.execute(TestCaseExecutor.java:233)
	at com.kms.katalon.core.main.TestSuiteExecutor.accessTestCaseMainPhase(TestSuiteExecutor.java:169)
	at com.kms.katalon.core.main.TestSuiteExecutor.accessTestSuiteMainPhase(TestSuiteExecutor.java:142)
	at com.kms.katalon.core.main.TestSuiteExecutor.execute(TestSuiteExecutor.java:91)
	at com.kms.katalon.core.main.TestCaseMain.startTestSuite(TestCaseMain.java:157)
	at com.kms.katalon.core.main.TestCaseMain$startTestSuite$0.call(Unknown Source)
	at TempTestSuite1572536119934.run(TempTestSuite1572536119934.groovy:36)
Caused by: com.kms.katalon.core.exception.StepFailedException: Text 'Update your company banner image here' is not present on page  (Root cause: com.kms.katalon.core.exception.StepFailedException: Text 'Update your company banner image here' is not present on page 
	at com.kms.katalon.core.webui.keyword.internal.WebUIKeywordMain.stepFailed(WebUIKeywordMain.groovy:64)
	at com.kms.katalon.core.webui.keyword.builtin.VerifyTextPresentKeyword$_verifyTextPresent_closure1.doCall(VerifyTextPresentKeyword.groovy:79)
	at com.kms.katalon.core.webui.keyword.builtin.VerifyTextPresentKeyword$_verifyTextPresent_closure1.call(VerifyTextPresentKeyword.groovy)
	at com.kms.katalon.core.webui.keyword.internal.WebUIKeywordMain.runKeyword(WebUIKeywordMain.groovy:20)
	at com.kms.katalon.core.webui.keyword.builtin.VerifyTextPresentKeyword.verifyTextPresent(VerifyTextPresentKeyword.groovy:83)
	at com.kms.katalon.core.webui.keyword.builtin.VerifyTextPresentKeyword.execute(VerifyTextPresentKeyword.groovy:68)
	at com.kms.katalon.core.keyword.internal.KeywordExecutor.executeKeywordForPlatform(KeywordExecutor.groovy:60)
	at com.kms.katalon.core.webui.keyword.WebUiBuiltInKeywords.verifyTextPresent(WebUiBuiltInKeywords.groovy:1693)
	at com.kms.katalon.core.webui.keyword.WebUiBuiltInKeywords$verifyTextPresent$2.call(Unknown Source)
	at Banner_Image.run(Banner_Image:70)
	at com.kms.katalon.core.main.ScriptEngine.run(ScriptEngine.java:194)
	at com.kms.katalon.core.main.ScriptEngine.runScriptAsRawText(ScriptEngine.java:119)
	at com.kms.katalon.core.main.TestCaseExecutor.runScript(TestCaseExecutor.java:337)
	at com.kms.katalon.core.main.TestCaseExecutor.doExecute(TestCaseExecutor.java:328)
	at com.kms.katalon.core.main.TestCaseExecutor.processExecutionPhase(TestCaseExecutor.java:307)
	at com.kms.katalon.core.main.TestCaseExecutor.accessMainPhase(TestCaseExecutor.java:299)
	at com.kms.katalon.core.main.TestCaseExecutor.execute(TestCaseExecutor.java:233)
	at com.kms.katalon.core.main.TestCaseMain.runTestCase(TestCaseMain.java:114)
	at com.kms.katalon.core.keyword.builtin.CallTestCaseKeyword$_callTestCase_closure1.doCall(CallTestCaseKeyword.groovy:59)
	at com.kms.katalon.core.keyword.builtin.CallTestCaseKeyword$_callTestCase_closure1.call(CallTestCaseKeyword.groovy)
	at com.kms.katalon.core.keyword.internal.KeywordMain.runKeyword(KeywordMain.groovy:68)
	at com.kms.katalon.core.keyword.builtin.CallTestCaseKeyword.callTestCase(CallTestCaseKeyword.groovy:81)
	at com.kms.katalon.core.keyword.builtin.CallTestCaseKeyword.execute(CallTestCaseKeyword.groovy:44)
	at com.kms.katalon.core.keyword.internal.KeywordExecutor.executeKeywordForPlatform(KeywordExecutor.groovy:60)
	at com.kms.katalon.core.keyword.BuiltinKeywords.callTestCase(BuiltinKeywords.groovy:334)
	at My_Profile_Page.run(My_Profile_Page:134)
	at com.kms.katalon.core.main.ScriptEngine.run(ScriptEngine.java:194)
	at com.kms.katalon.core.main.ScriptEngine.runScriptAsRawText(ScriptEngine.java:119)
	at com.kms.katalon.core.main.TestCaseExecutor.runScript(TestCaseExecutor.java:337)
	at com.kms.katalon.core.main.TestCaseExecutor.doExecute(TestCaseExecutor.java:328)
	at com.kms.katalon.core.main.TestCaseExecutor.processExecutionPhase(TestCaseExecutor.java:307)
	at com.kms.katalon.core.main.TestCaseExecutor.accessMainPhase(TestCaseExecutor.java:299)
	at com.kms.katalon.core.main.TestCaseExecutor.execute(TestCaseExecutor.java:233)
	at com.kms.katalon.core.main.TestSuiteExecutor.accessTestCaseMainPhase(TestSuiteExecutor.java:169)
	at com.kms.katalon.core.main.TestSuiteExecutor.accessTestSuiteMainPhase(TestSuiteExecutor.java:142)
	at com.kms.katalon.core.main.TestSuiteExecutor.execute(TestSuiteExecutor.java:91)
	at com.kms.katalon.core.main.TestCaseMain.startTestSuite(TestCaseMain.java:157)
	at com.kms.katalon.core.main.TestCaseMain$startTestSuite$0.call(Unknown Source)
	at TempTestSuite1572536119934.run(TempTestSuite1572536119934.groovy:36)
)
	at com.kms.katalon.core.keyword.internal.KeywordMain.stepFailed(KeywordMain.groovy:39)
	at com.kms.katalon.core.webui.keyword.internal.WebUIKeywordMain.stepFailed(WebUIKeywordMain.groovy:64)
	at com.kms.katalon.core.webui.keyword.builtin.VerifyTextPresentKeyword$_verifyTextPresent_closure1.doCall(VerifyTextPresentKeyword.groovy:79)
	at com.kms.katalon.core.webui.keyword.builtin.VerifyTextPresentKeyword$_verifyTextPresent_closure1.call(VerifyTextPresentKeyword.groovy)
	at com.kms.katalon.core.webui.keyword.internal.WebUIKeywordMain.runKeyword(WebUIKeywordMain.groovy:20)
	at com.kms.katalon.core.webui.keyword.builtin.VerifyTextPresentKeyword.verifyTextPresent(VerifyTextPresentKeyword.groovy:83)
	at com.kms.katalon.core.webui.keyword.builtin.VerifyTextPresentKeyword.execute(VerifyTextPresentKeyword.groovy:68)
	at com.kms.katalon.core.keyword.internal.KeywordExecutor.executeKeywordForPlatform(KeywordExecutor.groovy:60)
	at com.kms.katalon.core.webui.keyword.WebUiBuiltInKeywords.verifyTextPresent(WebUiBuiltInKeywords.groovy:1693)
	at com.kms.katalon.core.webui.keyword.WebUiBuiltInKeywords$verifyTextPresent$2.call(Unknown Source)
	at Banner_Image.run(Banner_Image:70)
	at com.kms.katalon.core.main.ScriptEngine.run(ScriptEngine.java:194)
	at com.kms.katalon.core.main.ScriptEngine.runScriptAsRawText(ScriptEngine.java:119)
	at com.kms.katalon.core.main.TestCaseExecutor.runScript(TestCaseExecutor.java:337)
	at com.kms.katalon.core.main.TestCaseExecutor.doExecute(TestCaseExecutor.java:328)
	at com.kms.katalon.core.main.TestCaseExecutor.processExecutionPhase(TestCaseExecutor.java:307)
	at com.kms.katalon.core.main.TestCaseExecutor.accessMainPhase(TestCaseExecutor.java:299)
	at com.kms.katalon.core.main.TestCaseExecutor.execute(TestCaseExecutor.java:233)
	at com.kms.katalon.core.main.TestCaseMain.runTestCase(TestCaseMain.java:114)
	at com.kms.katalon.core.keyword.builtin.CallTestCaseKeyword$_callTestCase_closure1.doCall(CallTestCaseKeyword.groovy:59)
	... 20 more
Caused by: com.kms.katalon.core.exception.StepFailedException: Text 'Update your company banner image here' is not present on page 
	... 39 more
)
	at com.kms.katalon.core.keyword.internal.KeywordMain.stepFailed(KeywordMain.groovy:39)
	at com.kms.katalon.core.keyword.internal.KeywordMain.stepFailed(KeywordMain.groovy)
	at com.kms.katalon.core.keyword.internal.KeywordMain.runKeyword(KeywordMain.groovy:70)
	at com.kms.katalon.core.keyword.builtin.CallTestCaseKeyword.callTestCase(CallTestCaseKeyword.groovy:81)
	at com.kms.katalon.core.keyword.builtin.CallTestCaseKeyword.execute(CallTestCaseKeyword.groovy:44)
	at com.kms.katalon.core.keyword.internal.KeywordExecutor.executeKeywordForPlatform(KeywordExecutor.groovy:60)
	at com.kms.katalon.core.keyword.BuiltinKeywords.callTestCase(BuiltinKeywords.groovy:334)
	at My_Profile_Page.run(My_Profile_Page:134)
	at com.kms.katalon.core.main.ScriptEngine.run(ScriptEngine.java:194)
	at com.kms.katalon.core.main.ScriptEngine.runScriptAsRawText(ScriptEngine.java:119)
	at com.kms.katalon.core.main.TestCaseExecutor.runScript(TestCaseExecutor.java:337)
	at com.kms.katalon.core.main.TestCaseExecutor.doExecute(TestCaseExecutor.java:328)
	at com.kms.katalon.core.main.TestCaseExecutor.processExecutionPhase(TestCaseExecutor.java:307)
	at com.kms.katalon.core.main.TestCaseExecutor.accessMainPhase(TestCaseExecutor.java:299)
	at com.kms.katalon.core.main.TestCaseExecutor.execute(TestCaseExecutor.java:233)
	at com.kms.katalon.core.main.TestSuiteExecutor.accessTestCaseMainPhase(TestSuiteExecutor.java:169)
	at com.kms.katalon.core.main.TestSuiteExecutor.accessTestSuiteMainPhase(TestSuiteExecutor.java:142)
	at com.kms.katalon.core.main.TestSuiteExecutor.execute(TestSuiteExecutor.java:91)
	at com.kms.katalon.core.main.TestCaseMain.startTestSuite(TestCaseMain.java:157)
	at com.kms.katalon.core.main.TestCaseMain$startTestSuite$0.call(Unknown Source)
	at TempTestSuite1572536119934.run(TempTestSuite1572536119934.groovy:36)
Caused by: com.kms.katalon.core.exception.StepFailedException: Call Test Case 'Test Cases/Reusable_Test_Sequences/Members_Area/Validation/Profiles/Banner_Image' failed
	at com.kms.katalon.core.keyword.builtin.CallTestCaseKeyword$_callTestCase_closure1.doCall(CallTestCaseKeyword.groovy:63)
	at com.kms.katalon.core.keyword.builtin.CallTestCaseKeyword$_callTestCase_closure1.call(CallTestCaseKeyword.groovy)
	at com.kms.katalon.core.keyword.internal.KeywordMain.runKeyword(KeywordMain.groovy:68)
	... 18 more
Caused by: com.kms.katalon.core.exception.StepFailedException: Text 'Update your company banner image here' is not present on page  (Root cause: com.kms.katalon.core.exception.StepFailedException: Text 'Update your company banner image here' is not present on page 
	at com.kms.katalon.core.webui.keyword.internal.WebUIKeywordMain.stepFailed(WebUIKeywordMain.groovy:64)
	at com.kms.katalon.core.webui.keyword.builtin.VerifyTextPresentKeyword$_verifyTextPresent_closure1.doCall(VerifyTextPresentKeyword.groovy:79)
	at com.kms.katalon.core.webui.keyword.builtin.VerifyTextPresentKeyword$_verifyTextPresent_closure1.call(VerifyTextPresentKeyword.groovy)
	at com.kms.katalon.core.webui.keyword.internal.WebUIKeywordMain.runKeyword(WebUIKeywordMain.groovy:20)
	at com.kms.katalon.core.webui.keyword.builtin.VerifyTextPresentKeyword.verifyTextPresent(VerifyTextPresentKeyword.groovy:83)
	at com.kms.katalon.core.webui.keyword.builtin.VerifyTextPresentKeyword.execute(VerifyTextPresentKeyword.groovy:68)
	at com.kms.katalon.core.keyword.internal.KeywordExecutor.executeKeywordForPlatform(KeywordExecutor.groovy:60)
	at com.kms.katalon.core.webui.keyword.WebUiBuiltInKeywords.verifyTextPresent(WebUiBuiltInKeywords.groovy:1693)
	at com.kms.katalon.core.webui.keyword.WebUiBuiltInKeywords$verifyTextPresent$2.call(Unknown Source)
	at Banner_Image.run(Banner_Image:70)
	at com.kms.katalon.core.main.ScriptEngine.run(ScriptEngine.java:194)
	at com.kms.katalon.core.main.ScriptEngine.runScriptAsRawText(ScriptEngine.java:119)
	at com.kms.katalon.core.main.TestCaseExecutor.runScript(TestCaseExecutor.java:337)
	at com.kms.katalon.core.main.TestCaseExecutor.doExecute(TestCaseExecutor.java:328)
	at com.kms.katalon.core.main.TestCaseExecutor.processExecutionPhase(TestCaseExecutor.java:307)
	at com.kms.katalon.core.main.TestCaseExecutor.accessMainPhase(TestCaseExecutor.java:299)
	at com.kms.katalon.core.main.TestCaseExecutor.execute(TestCaseExecutor.java:233)
	at com.kms.katalon.core.main.TestCaseMain.runTestCase(TestCaseMain.java:114)
	at com.kms.katalon.core.keyword.builtin.CallTestCaseKeyword$_callTestCase_closure1.doCall(CallTestCaseKeyword.groovy:59)
	at com.kms.katalon.core.keyword.builtin.CallTestCaseKeyword$_callTestCase_closure1.call(CallTestCaseKeyword.groovy)
	at com.kms.katalon.core.keyword.internal.KeywordMain.runKeyword(KeywordMain.groovy:68)
	at com.kms.katalon.core.keyword.builtin.CallTestCaseKeyword.callTestCase(CallTestCaseKeyword.groovy:81)
	at com.kms.katalon.core.keyword.builtin.CallTestCaseKeyword.execute(CallTestCaseKeyword.groovy:44)
	at com.kms.katalon.core.keyword.internal.KeywordExecutor.executeKeywordForPlatform(KeywordExecutor.groovy:60)
	at com.kms.katalon.core.keyword.BuiltinKeywords.callTestCase(BuiltinKeywords.groovy:334)
	at My_Profile_Page.run(My_Profile_Page:134)
	at com.kms.katalon.core.main.ScriptEngine.run(ScriptEngine.java:194)
	at com.kms.katalon.core.main.ScriptEngine.runScriptAsRawText(ScriptEngine.java:119)
	at com.kms.katalon.core.main.TestCaseExecutor.runScript(TestCaseExecutor.java:337)
	at com.kms.katalon.core.main.TestCaseExecutor.doExecute(TestCaseExecutor.java:328)
	at com.kms.katalon.core.main.TestCaseExecutor.processExecutionPhase(TestCaseExecutor.java:307)
	at com.kms.katalon.core.main.TestCaseExecutor.accessMainPhase(TestCaseExecutor.java:299)
	at com.kms.katalon.core.main.TestCaseExecutor.execute(TestCaseExecutor.java:233)
	at com.kms.katalon.core.main.TestSuiteExecutor.accessTestCaseMainPhase(TestSuiteExecutor.java:169)
	at com.kms.katalon.core.main.TestSuiteExecutor.accessTestSuiteMainPhase(TestSuiteExecutor.java:142)
	at com.kms.katalon.core.main.TestSuiteExecutor.execute(TestSuiteExecutor.java:91)
	at com.kms.katalon.core.main.TestCaseMain.startTestSuite(TestCaseMain.java:157)
	at com.kms.katalon.core.main.TestCaseMain$startTestSuite$0.call(Unknown Source)
	at TempTestSuite1572536119934.run(TempTestSuite1572536119934.groovy:36)
)
	at com.kms.katalon.core.keyword.internal.KeywordMain.stepFailed(KeywordMain.groovy:39)
	at com.kms.katalon.core.webui.keyword.internal.WebUIKeywordMain.stepFailed(WebUIKeywordMain.groovy:64)
	at com.kms.katalon.core.webui.keyword.builtin.VerifyTextPresentKeyword$_verifyTextPresent_closure1.doCall(VerifyTextPresentKeyword.groovy:79)
	at com.kms.katalon.core.webui.keyword.builtin.VerifyTextPresentKeyword$_verifyTextPresent_closure1.call(VerifyTextPresentKeyword.groovy)
	at com.kms.katalon.core.webui.keyword.internal.WebUIKeywordMain.runKeyword(WebUIKeywordMain.groovy:20)
	at com.kms.katalon.core.webui.keyword.builtin.VerifyTextPresentKeyword.verifyTextPresent(VerifyTextPresentKeyword.groovy:83)
	at com.kms.katalon.core.webui.keyword.builtin.VerifyTextPresentKeyword.execute(VerifyTextPresentKeyword.groovy:68)
	at com.kms.katalon.core.keyword.internal.KeywordExecutor.executeKeywordForPlatform(KeywordExecutor.groovy:60)
	at com.kms.katalon.core.webui.keyword.WebUiBuiltInKeywords.verifyTextPresent(WebUiBuiltInKeywords.groovy:1693)
	at com.kms.katalon.core.webui.keyword.WebUiBuiltInKeywords$verifyTextPresent$2.call(Unknown Source)
	at Banner_Image.run(Banner_Image:70)
	at com.kms.katalon.core.main.ScriptEngine.run(ScriptEngine.java:194)
	at com.kms.katalon.core.main.ScriptEngine.runScriptAsRawText(ScriptEngine.java:119)
	at com.kms.katalon.core.main.TestCaseExecutor.runScript(TestCaseExecutor.java:337)
	at com.kms.katalon.core.main.TestCaseExecutor.doExecute(TestCaseExecutor.java:328)
	at com.kms.katalon.core.main.TestCaseExecutor.processExecutionPhase(TestCaseExecutor.java:307)
	at com.kms.katalon.core.main.TestCaseExecutor.accessMainPhase(TestCaseExecutor.java:299)
	at com.kms.katalon.core.main.TestCaseExecutor.execute(TestCaseExecutor.java:233)
	at com.kms.katalon.core.main.TestCaseMain.runTestCase(TestCaseMain.java:114)
	at com.kms.katalon.core.keyword.builtin.CallTestCaseKeyword$_callTestCase_closure1.doCall(CallTestCaseKeyword.groovy:59)
	... 20 more
Caused by: com.kms.katalon.core.exception.StepFailedException: Text 'Update your company banner image here' is not present on page 
	... 39 more
"/>
         <system-out><![CDATA[2019-10-31 15:35:40 - [TEST_CASE][FAILED] - Test Cases/Members_Area/My_Profile_Page: Test Cases/Members_Area/My_Profile_Page FAILED.
Reason:
com.kms.katalon.core.exception.StepFailedException: Unable to call Test Case 'Test Cases/Reusable_Test_Sequences/Members_Area/Validation/Profiles/Banner_Image' (Root cause: com.kms.katalon.core.exception.StepFailedException: Call Test Case 'Test Cases/Reusable_Test_Sequences/Members_Area/Validation/Profiles/Banner_Image' failed
	at com.kms.katalon.core.keyword.builtin.CallTestCaseKeyword$_callTestCase_closure1.doCall(CallTestCaseKeyword.groovy:63)
	at com.kms.katalon.core.keyword.builtin.CallTestCaseKeyword$_callTestCase_closure1.call(CallTestCaseKeyword.groovy)
	at com.kms.katalon.core.keyword.internal.KeywordMain.runKeyword(KeywordMain.groovy:68)
	at com.kms.katalon.core.keyword.builtin.CallTestCaseKeyword.callTestCase(CallTestCaseKeyword.groovy:81)
	at com.kms.katalon.core.keyword.builtin.CallTestCaseKeyword.execute(CallTestCaseKeyword.groovy:44)
	at com.kms.katalon.core.keyword.internal.KeywordExecutor.executeKeywordForPlatform(KeywordExecutor.groovy:60)
	at com.kms.katalon.core.keyword.BuiltinKeywords.callTestCase(BuiltinKeywords.groovy:334)
	at My_Profile_Page.run(My_Profile_Page:134)
	at com.kms.katalon.core.main.ScriptEngine.run(ScriptEngine.java:194)
	at com.kms.katalon.core.main.ScriptEngine.runScriptAsRawText(ScriptEngine.java:119)
	at com.kms.katalon.core.main.TestCaseExecutor.runScript(TestCaseExecutor.java:337)
	at com.kms.katalon.core.main.TestCaseExecutor.doExecute(TestCaseExecutor.java:328)
	at com.kms.katalon.core.main.TestCaseExecutor.processExecutionPhase(TestCaseExecutor.java:307)
	at com.kms.katalon.core.main.TestCaseExecutor.accessMainPhase(TestCaseExecutor.java:299)
	at com.kms.katalon.core.main.TestCaseExecutor.execute(TestCaseExecutor.java:233)
	at com.kms.katalon.core.main.TestSuiteExecutor.accessTestCaseMainPhase(TestSuiteExecutor.java:169)
	at com.kms.katalon.core.main.TestSuiteExecutor.accessTestSuiteMainPhase(TestSuiteExecutor.java:142)
	at com.kms.katalon.core.main.TestSuiteExecutor.execute(TestSuiteExecutor.java:91)
	at com.kms.katalon.core.main.TestCaseMain.startTestSuite(TestCaseMain.java:157)
	at com.kms.katalon.core.main.TestCaseMain$startTestSuite$0.call(Unknown Source)
	at TempTestSuite1572536119934.run(TempTestSuite1572536119934.groovy:36)
Caused by: com.kms.katalon.core.exception.StepFailedException: Text 'Update your company banner image here' is not present on page  (Root cause: com.kms.katalon.core.exception.StepFailedException: Text 'Update your company banner image here' is not present on page 
	at com.kms.katalon.core.webui.keyword.internal.WebUIKeywordMain.stepFailed(WebUIKeywordMain.groovy:64)
	at com.kms.katalon.core.webui.keyword.builtin.VerifyTextPresentKeyword$_verifyTextPresent_closure1.doCall(VerifyTextPresentKeyword.groovy:79)
	at com.kms.katalon.core.webui.keyword.builtin.VerifyTextPresentKeyword$_verifyTextPresent_closure1.call(VerifyTextPresentKeyword.groovy)
	at com.kms.katalon.core.webui.keyword.internal.WebUIKeywordMain.runKeyword(WebUIKeywordMain.groovy:20)
	at com.kms.katalon.core.webui.keyword.builtin.VerifyTextPresentKeyword.verifyTextPresent(VerifyTextPresentKeyword.groovy:83)
	at com.kms.katalon.core.webui.keyword.builtin.VerifyTextPresentKeyword.execute(VerifyTextPresentKeyword.groovy:68)
	at com.kms.katalon.core.keyword.internal.KeywordExecutor.executeKeywordForPlatform(KeywordExecutor.groovy:60)
	at com.kms.katalon.core.webui.keyword.WebUiBuiltInKeywords.verifyTextPresent(WebUiBuiltInKeywords.groovy:1693)
	at com.kms.katalon.core.webui.keyword.WebUiBuiltInKeywords$verifyTextPresent$2.call(Unknown Source)
	at Banner_Image.run(Banner_Image:70)
	at com.kms.katalon.core.main.ScriptEngine.run(ScriptEngine.java:194)
	at com.kms.katalon.core.main.ScriptEngine.runScriptAsRawText(ScriptEngine.java:119)
	at com.kms.katalon.core.main.TestCaseExecutor.runScript(TestCaseExecutor.java:337)
	at com.kms.katalon.core.main.TestCaseExecutor.doExecute(TestCaseExecutor.java:328)
	at com.kms.katalon.core.main.TestCaseExecutor.processExecutionPhase(TestCaseExecutor.java:307)
	at com.kms.katalon.core.main.TestCaseExecutor.accessMainPhase(TestCaseExecutor.java:299)
	at com.kms.katalon.core.main.TestCaseExecutor.execute(TestCaseExecutor.java:233)
	at com.kms.katalon.core.main.TestCaseMain.runTestCase(TestCaseMain.java:114)
	at com.kms.katalon.core.keyword.builtin.CallTestCaseKeyword$_callTestCase_closure1.doCall(CallTestCaseKeyword.groovy:59)
	at com.kms.katalon.core.keyword.builtin.CallTestCaseKeyword$_callTestCase_closure1.call(CallTestCaseKeyword.groovy)
	at com.kms.katalon.core.keyword.internal.KeywordMain.runKeyword(KeywordMain.groovy:68)
	at com.kms.katalon.core.keyword.builtin.CallTestCaseKeyword.callTestCase(CallTestCaseKeyword.groovy:81)
	at com.kms.katalon.core.keyword.builtin.CallTestCaseKeyword.execute(CallTestCaseKeyword.groovy:44)
	at com.kms.katalon.core.keyword.internal.KeywordExecutor.executeKeywordForPlatform(KeywordExecutor.groovy:60)
	at com.kms.katalon.core.keyword.BuiltinKeywords.callTestCase(BuiltinKeywords.groovy:334)
	at My_Profile_Page.run(My_Profile_Page:134)
	at com.kms.katalon.core.main.ScriptEngine.run(ScriptEngine.java:194)
	at com.kms.katalon.core.main.ScriptEngine.runScriptAsRawText(ScriptEngine.java:119)
	at com.kms.katalon.core.main.TestCaseExecutor.runScript(TestCaseExecutor.java:337)
	at com.kms.katalon.core.main.TestCaseExecutor.doExecute(TestCaseExecutor.java:328)
	at com.kms.katalon.core.main.TestCaseExecutor.processExecutionPhase(TestCaseExecutor.java:307)
	at com.kms.katalon.core.main.TestCaseExecutor.accessMainPhase(TestCaseExecutor.java:299)
	at com.kms.katalon.core.main.TestCaseExecutor.execute(TestCaseExecutor.java:233)
	at com.kms.katalon.core.main.TestSuiteExecutor.accessTestCaseMainPhase(TestSuiteExecutor.java:169)
	at com.kms.katalon.core.main.TestSuiteExecutor.accessTestSuiteMainPhase(TestSuiteExecutor.java:142)
	at com.kms.katalon.core.main.TestSuiteExecutor.execute(TestSuiteExecutor.java:91)
	at com.kms.katalon.core.main.TestCaseMain.startTestSuite(TestCaseMain.java:157)
	at com.kms.katalon.core.main.TestCaseMain$startTestSuite$0.call(Unknown Source)
	at TempTestSuite1572536119934.run(TempTestSuite1572536119934.groovy:36)
)
	at com.kms.katalon.core.keyword.internal.KeywordMain.stepFailed(KeywordMain.groovy:39)
	at com.kms.katalon.core.webui.keyword.internal.WebUIKeywordMain.stepFailed(WebUIKeywordMain.groovy:64)
	at com.kms.katalon.core.webui.keyword.builtin.VerifyTextPresentKeyword$_verifyTextPresent_closure1.doCall(VerifyTextPresentKeyword.groovy:79)
	at com.kms.katalon.core.webui.keyword.builtin.VerifyTextPresentKeyword$_verifyTextPresent_closure1.call(VerifyTextPresentKeyword.groovy)
	at com.kms.katalon.core.webui.keyword.internal.WebUIKeywordMain.runKeyword(WebUIKeywordMain.groovy:20)
	at com.kms.katalon.core.webui.keyword.builtin.VerifyTextPresentKeyword.verifyTextPresent(VerifyTextPresentKeyword.groovy:83)
	at com.kms.katalon.core.webui.keyword.builtin.VerifyTextPresentKeyword.execute(VerifyTextPresentKeyword.groovy:68)
	at com.kms.katalon.core.keyword.internal.KeywordExecutor.executeKeywordForPlatform(KeywordExecutor.groovy:60)
	at com.kms.katalon.core.webui.keyword.WebUiBuiltInKeywords.verifyTextPresent(WebUiBuiltInKeywords.groovy:1693)
	at com.kms.katalon.core.webui.keyword.WebUiBuiltInKeywords$verifyTextPresent$2.call(Unknown Source)
	at Banner_Image.run(Banner_Image:70)
	at com.kms.katalon.core.main.ScriptEngine.run(ScriptEngine.java:194)
	at com.kms.katalon.core.main.ScriptEngine.runScriptAsRawText(ScriptEngine.java:119)
	at com.kms.katalon.core.main.TestCaseExecutor.runScript(TestCaseExecutor.java:337)
	at com.kms.katalon.core.main.TestCaseExecutor.doExecute(TestCaseExecutor.java:328)
	at com.kms.katalon.core.main.TestCaseExecutor.processExecutionPhase(TestCaseExecutor.java:307)
	at com.kms.katalon.core.main.TestCaseExecutor.accessMainPhase(TestCaseExecutor.java:299)
	at com.kms.katalon.core.main.TestCaseExecutor.execute(TestCaseExecutor.java:233)
	at com.kms.katalon.core.main.TestCaseMain.runTestCase(TestCaseMain.java:114)
	at com.kms.katalon.core.keyword.builtin.CallTestCaseKeyword$_callTestCase_closure1.doCall(CallTestCaseKeyword.groovy:59)
	... 20 more
Caused by: com.kms.katalon.core.exception.StepFailedException: Text 'Update your company banner image here' is not present on page 
	... 39 more
)
	at com.kms.katalon.core.keyword.internal.KeywordMain.stepFailed(KeywordMain.groovy:39)
	at com.kms.katalon.core.keyword.internal.KeywordMain.stepFailed(KeywordMain.groovy)
	at com.kms.katalon.core.keyword.internal.KeywordMain.runKeyword(KeywordMain.groovy:70)
	at com.kms.katalon.core.keyword.builtin.CallTestCaseKeyword.callTestCase(CallTestCaseKeyword.groovy:81)
	at com.kms.katalon.core.keyword.builtin.CallTestCaseKeyword.execute(CallTestCaseKeyword.groovy:44)
	at com.kms.katalon.core.keyword.internal.KeywordExecutor.executeKeywordForPlatform(KeywordExecutor.groovy:60)
	at com.kms.katalon.core.keyword.BuiltinKeywords.callTestCase(BuiltinKeywords.groovy:334)
	at My_Profile_Page.run(My_Profile_Page:134)
	at com.kms.katalon.core.main.ScriptEngine.run(ScriptEngine.java:194)
	at com.kms.katalon.core.main.ScriptEngine.runScriptAsRawText(ScriptEngine.java:119)
	at com.kms.katalon.core.main.TestCaseExecutor.runScript(TestCaseExecutor.java:337)
	at com.kms.katalon.core.main.TestCaseExecutor.doExecute(TestCaseExecutor.java:328)
	at com.kms.katalon.core.main.TestCaseExecutor.processExecutionPhase(TestCaseExecutor.java:307)
	at com.kms.katalon.core.main.TestCaseExecutor.accessMainPhase(TestCaseExecutor.java:299)
	at com.kms.katalon.core.main.TestCaseExecutor.execute(TestCaseExecutor.java:233)
	at com.kms.katalon.core.main.TestSuiteExecutor.accessTestCaseMainPhase(TestSuiteExecutor.java:169)
	at com.kms.katalon.core.main.TestSuiteExecutor.accessTestSuiteMainPhase(TestSuiteExecutor.java:142)
	at com.kms.katalon.core.main.TestSuiteExecutor.execute(TestSuiteExecutor.java:91)
	at com.kms.katalon.core.main.TestCaseMain.startTestSuite(TestCaseMain.java:157)
	at com.kms.katalon.core.main.TestCaseMain$startTestSuite$0.call(Unknown Source)
	at TempTestSuite1572536119934.run(TempTestSuite1572536119934.groovy:36)
Caused by: com.kms.katalon.core.exception.StepFailedException: Call Test Case 'Test Cases/Reusable_Test_Sequences/Members_Area/Validation/Profiles/Banner_Image' failed
	at com.kms.katalon.core.keyword.builtin.CallTestCaseKeyword$_callTestCase_closure1.doCall(CallTestCaseKeyword.groovy:63)
	at com.kms.katalon.core.keyword.builtin.CallTestCaseKeyword$_callTestCase_closure1.call(CallTestCaseKeyword.groovy)
	at com.kms.katalon.core.keyword.internal.KeywordMain.runKeyword(KeywordMain.groovy:68)
	... 18 more
Caused by: com.kms.katalon.core.exception.StepFailedException: Text 'Update your company banner image here' is not present on page  (Root cause: com.kms.katalon.core.exception.StepFailedException: Text 'Update your company banner image here' is not present on page 
	at com.kms.katalon.core.webui.keyword.internal.WebUIKeywordMain.stepFailed(WebUIKeywordMain.groovy:64)
	at com.kms.katalon.core.webui.keyword.builtin.VerifyTextPresentKeyword$_verifyTextPresent_closure1.doCall(VerifyTextPresentKeyword.groovy:79)
	at com.kms.katalon.core.webui.keyword.builtin.VerifyTextPresentKeyword$_verifyTextPresent_closure1.call(VerifyTextPresentKeyword.groovy)
	at com.kms.katalon.core.webui.keyword.internal.WebUIKeywordMain.runKeyword(WebUIKeywordMain.groovy:20)
	at com.kms.katalon.core.webui.keyword.builtin.VerifyTextPresentKeyword.verifyTextPresent(VerifyTextPresentKeyword.groovy:83)
	at com.kms.katalon.core.webui.keyword.builtin.VerifyTextPresentKeyword.execute(VerifyTextPresentKeyword.groovy:68)
	at com.kms.katalon.core.keyword.internal.KeywordExecutor.executeKeywordForPlatform(KeywordExecutor.groovy:60)
	at com.kms.katalon.core.webui.keyword.WebUiBuiltInKeywords.verifyTextPresent(WebUiBuiltInKeywords.groovy:1693)
	at com.kms.katalon.core.webui.keyword.WebUiBuiltInKeywords$verifyTextPresent$2.call(Unknown Source)
	at Banner_Image.run(Banner_Image:70)
	at com.kms.katalon.core.main.ScriptEngine.run(ScriptEngine.java:194)
	at com.kms.katalon.core.main.ScriptEngine.runScriptAsRawText(ScriptEngine.java:119)
	at com.kms.katalon.core.main.TestCaseExecutor.runScript(TestCaseExecutor.java:337)
	at com.kms.katalon.core.main.TestCaseExecutor.doExecute(TestCaseExecutor.java:328)
	at com.kms.katalon.core.main.TestCaseExecutor.processExecutionPhase(TestCaseExecutor.java:307)
	at com.kms.katalon.core.main.TestCaseExecutor.accessMainPhase(TestCaseExecutor.java:299)
	at com.kms.katalon.core.main.TestCaseExecutor.execute(TestCaseExecutor.java:233)
	at com.kms.katalon.core.main.TestCaseMain.runTestCase(TestCaseMain.java:114)
	at com.kms.katalon.core.keyword.builtin.CallTestCaseKeyword$_callTestCase_closure1.doCall(CallTestCaseKeyword.groovy:59)
	at com.kms.katalon.core.keyword.builtin.CallTestCaseKeyword$_callTestCase_closure1.call(CallTestCaseKeyword.groovy)
	at com.kms.katalon.core.keyword.internal.KeywordMain.runKeyword(KeywordMain.groovy:68)
	at com.kms.katalon.core.keyword.builtin.CallTestCaseKeyword.callTestCase(CallTestCaseKeyword.groovy:81)
	at com.kms.katalon.core.keyword.builtin.CallTestCaseKeyword.execute(CallTestCaseKeyword.groovy:44)
	at com.kms.katalon.core.keyword.internal.KeywordExecutor.executeKeywordForPlatform(KeywordExecutor.groovy:60)
	at com.kms.katalon.core.keyword.BuiltinKeywords.callTestCase(BuiltinKeywords.groovy:334)
	at My_Profile_Page.run(My_Profile_Page:134)
	at com.kms.katalon.core.main.ScriptEngine.run(ScriptEngine.java:194)
	at com.kms.katalon.core.main.ScriptEngine.runScriptAsRawText(ScriptEngine.java:119)
	at com.kms.katalon.core.main.TestCaseExecutor.runScript(TestCaseExecutor.java:337)
	at com.kms.katalon.core.main.TestCaseExecutor.doExecute(TestCaseExecutor.java:328)
	at com.kms.katalon.core.main.TestCaseExecutor.processExecutionPhase(TestCaseExecutor.java:307)
	at com.kms.katalon.core.main.TestCaseExecutor.accessMainPhase(TestCaseExecutor.java:299)
	at com.kms.katalon.core.main.TestCaseExecutor.execute(TestCaseExecutor.java:233)
	at com.kms.katalon.core.main.TestSuiteExecutor.accessTestCaseMainPhase(TestSuiteExecutor.java:169)
	at com.kms.katalon.core.main.TestSuiteExecutor.accessTestSuiteMainPhase(TestSuiteExecutor.java:142)
	at com.kms.katalon.core.main.TestSuiteExecutor.execute(TestSuiteExecutor.java:91)
	at com.kms.katalon.core.main.TestCaseMain.startTestSuite(TestCaseMain.java:157)
	at com.kms.katalon.core.main.TestCaseMain$startTestSuite$0.call(Unknown Source)
	at TempTestSuite1572536119934.run(TempTestSuite1572536119934.groovy:36)
)
	at com.kms.katalon.core.keyword.internal.KeywordMain.stepFailed(KeywordMain.groovy:39)
	at com.kms.katalon.core.webui.keyword.internal.WebUIKeywordMain.stepFailed(WebUIKeywordMain.groovy:64)
	at com.kms.katalon.core.webui.keyword.builtin.VerifyTextPresentKeyword$_verifyTextPresent_closure1.doCall(VerifyTextPresentKeyword.groovy:79)
	at com.kms.katalon.core.webui.keyword.builtin.VerifyTextPresentKeyword$_verifyTextPresent_closure1.call(VerifyTextPresentKeyword.groovy)
	at com.kms.katalon.core.webui.keyword.internal.WebUIKeywordMain.runKeyword(WebUIKeywordMain.groovy:20)
	at com.kms.katalon.core.webui.keyword.builtin.VerifyTextPresentKeyword.verifyTextPresent(VerifyTextPresentKeyword.groovy:83)
	at com.kms.katalon.core.webui.keyword.builtin.VerifyTextPresentKeyword.execute(VerifyTextPresentKeyword.groovy:68)
	at com.kms.katalon.core.keyword.internal.KeywordExecutor.executeKeywordForPlatform(KeywordExecutor.groovy:60)
	at com.kms.katalon.core.webui.keyword.WebUiBuiltInKeywords.verifyTextPresent(WebUiBuiltInKeywords.groovy:1693)
	at com.kms.katalon.core.webui.keyword.WebUiBuiltInKeywords$verifyTextPresent$2.call(Unknown Source)
	at Banner_Image.run(Banner_Image:70)
	at com.kms.katalon.core.main.ScriptEngine.run(ScriptEngine.java:194)
	at com.kms.katalon.core.main.ScriptEngine.runScriptAsRawText(ScriptEngine.java:119)
	at com.kms.katalon.core.main.TestCaseExecutor.runScript(TestCaseExecutor.java:337)
	at com.kms.katalon.core.main.TestCaseExecutor.doExecute(TestCaseExecutor.java:328)
	at com.kms.katalon.core.main.TestCaseExecutor.processExecutionPhase(TestCaseExecutor.java:307)
	at com.kms.katalon.core.main.TestCaseExecutor.accessMainPhase(TestCaseExecutor.java:299)
	at com.kms.katalon.core.main.TestCaseExecutor.execute(TestCaseExecutor.java:233)
	at com.kms.katalon.core.main.TestCaseMain.runTestCase(TestCaseMain.java:114)
	at com.kms.katalon.core.keyword.builtin.CallTestCaseKeyword$_callTestCase_closure1.doCall(CallTestCaseKeyword.groovy:59)
	... 20 more
Caused by: com.kms.katalon.core.exception.StepFailedException: Text 'Update your company banner image here' is not present on page 
	... 39 more


2019-10-31 15:35:41 - [TEST_STEP][PASSED] - PAGE = "/my-profile-page": null

2019-10-31 15:35:41 - [TEST_STEP][FAILED] - for ([row = 1, row <= findTestData("Members_Test_Data").getRowNumbers(), (internal.GlobalVariable.row++)]): Unable to call Test Case 'Test Cases/Reusable_Test_Sequences/Members_Area/Area_Menu/Grow_You_Business/Profiles/Vetting_Information' (Root cause: com.kms.katalon.core.exception.StepFailedException: Call Test Case 'Test Cases/Reusable_Test_Sequences/Members_Area/Area_Menu/Grow_You_Business/Profiles/Vetting_Information' failed
	at com.kms.katalon.core.keyword.builtin.CallTestCaseKeyword$_callTestCase_closure1.doCall(CallTestCaseKeyword.groovy:63)
	at com.kms.katalon.core.keyword.builtin.CallTestCaseKeyword$_callTestCase_closure1.call(CallTestCaseKeyword.groovy)
	at com.kms.katalon.core.keyword.internal.KeywordMain.runKeyword(KeywordMain.groovy:68)
	at com.kms.katalon.core.keyword.builtin.CallTestCaseKeyword.callTestCase(CallTestCaseKeyword.groovy:81)
	at com.kms.katalon.core.keyword.builtin.CallTestCaseKeyword.execute(CallTestCaseKeyword.groovy:44)
	at com.kms.katalon.core.keyword.internal.KeywordExecutor.executeKeywordForPlatform(KeywordExecutor.groovy:60)
	at com.kms.katalon.core.keyword.BuiltinKeywords.callTestCase(BuiltinKeywords.groovy:334)
	at My_Profile_Page.run(My_Profile_Page:139)
	at com.kms.katalon.core.main.ScriptEngine.run(ScriptEngine.java:194)
	at com.kms.katalon.core.main.ScriptEngine.runScriptAsRawText(ScriptEngine.java:119)
	at com.kms.katalon.core.main.TestCaseExecutor.runScript(TestCaseExecutor.java:337)
	at com.kms.katalon.core.main.TestCaseExecutor.doExecute(TestCaseExecutor.java:328)
	at com.kms.katalon.core.main.TestCaseExecutor.processExecutionPhase(TestCaseExecutor.java:307)
	at com.kms.katalon.core.main.TestCaseExecutor.accessMainPhase(TestCaseExecutor.java:299)
	at com.kms.katalon.core.main.TestCaseExecutor.execute(TestCaseExecutor.java:233)
	at com.kms.katalon.core.main.TestSuiteExecutor.accessTestCaseMainPhase(TestSuiteExecutor.java:169)
	at com.kms.katalon.core.main.TestSuiteExecutor.accessTestSuiteMainPhase(TestSuiteExecutor.java:142)
	at com.kms.katalon.core.main.TestSuiteExecutor.execute(TestSuiteExecutor.java:91)
	at com.kms.katalon.core.main.TestCaseMain.startTestSuite(TestCaseMain.java:157)
	at com.kms.katalon.core.main.TestCaseMain$startTestSuite$0.call(Unknown Source)
	at TempTestSuite1572536119934.run(TempTestSuite1572536119934.groovy:36)
Caused by: com.kms.katalon.core.exception.StepFailedException: Unable to click on object 'Object Repository/Profiles_Page/Page_Members Area/a_Vetting information' (Root cause: com.kms.katalon.core.exception.StepFailedException: Unable to click on object 'Object Repository/Profiles_Page/Page_Members Area/a_Vetting information'
	at com.kms.katalon.core.webui.keyword.internal.WebUIKeywordMain.stepFailed(WebUIKeywordMain.groovy:64)
	at com.kms.katalon.core.webui.keyword.internal.WebUIKeywordMain.runKeyword(WebUIKeywordMain.groovy:26)
	at com.kms.katalon.core.webui.keyword.builtin.ClickKeyword.click(ClickKeyword.groovy:79)
	at com.kms.katalon.core.webui.keyword.builtin.ClickKeyword.execute(ClickKeyword.groovy:42)
	at com.kms.katalon.core.keyword.internal.KeywordExecutor.executeKeywordForPlatform(KeywordExecutor.groovy:60)
	at com.kms.katalon.core.webui.keyword.WebUiBuiltInKeywords.click(WebUiBuiltInKeywords.groovy:616)
	at com.kms.katalon.core.webui.keyword.WebUiBuiltInKeywords$click$4.call(Unknown Source)
	at Vetting_Information.run(Vetting_Information:52)
	at com.kms.katalon.core.main.ScriptEngine.run(ScriptEngine.java:194)
	at com.kms.katalon.core.main.ScriptEngine.runScriptAsRawText(ScriptEngine.java:119)
	at com.kms.katalon.core.main.TestCaseExecutor.runScript(TestCaseExecutor.java:337)
	at com.kms.katalon.core.main.TestCaseExecutor.doExecute(TestCaseExecutor.java:328)
	at com.kms.katalon.core.main.TestCaseExecutor.processExecutionPhase(TestCaseExecutor.java:307)
	at com.kms.katalon.core.main.TestCaseExecutor.accessMainPhase(TestCaseExecutor.java:299)
	at com.kms.katalon.core.main.TestCaseExecutor.execute(TestCaseExecutor.java:233)
	at com.kms.katalon.core.main.TestCaseMain.runTestCase(TestCaseMain.java:114)
	at com.kms.katalon.core.keyword.builtin.CallTestCaseKeyword$_callTestCase_closure1.doCall(CallTestCaseKeyword.groovy:59)
	at com.kms.katalon.core.keyword.builtin.CallTestCaseKeyword$_callTestCase_closure1.call(CallTestCaseKeyword.groovy)
	at com.kms.katalon.core.keyword.internal.KeywordMain.runKeyword(KeywordMain.groovy:68)
	at com.kms.katalon.core.keyword.builtin.CallTestCaseKeyword.callTestCase(CallTestCaseKeyword.groovy:81)
	at com.kms.katalon.core.keyword.builtin.CallTestCaseKeyword.execute(CallTestCaseKeyword.groovy:44)
	at com.kms.katalon.core.keyword.internal.KeywordExecutor.executeKeywordForPlatform(KeywordExecutor.groovy:60)
	at com.kms.katalon.core.keyword.BuiltinKeywords.callTestCase(BuiltinKeywords.groovy:334)
	at My_Profile_Page.run(My_Profile_Page:139)
	at com.kms.katalon.core.main.ScriptEngine.run(ScriptEngine.java:194)
	at com.kms.katalon.core.main.ScriptEngine.runScriptAsRawText(ScriptEngine.java:119)
	at com.kms.katalon.core.main.TestCaseExecutor.runScript(TestCaseExecutor.java:337)
	at com.kms.katalon.core.main.TestCaseExecutor.doExecute(TestCaseExecutor.java:328)
	at com.kms.katalon.core.main.TestCaseExecutor.processExecutionPhase(TestCaseExecutor.java:307)
	at com.kms.katalon.core.main.TestCaseExecutor.accessMainPhase(TestCaseExecutor.java:299)
	at com.kms.katalon.core.main.TestCaseExecutor.execute(TestCaseExecutor.java:233)
	at com.kms.katalon.core.main.TestSuiteExecutor.accessTestCaseMainPhase(TestSuiteExecutor.java:169)
	at com.kms.katalon.core.main.TestSuiteExecutor.accessTestSuiteMainPhase(TestSuiteExecutor.java:142)
	at com.kms.katalon.core.main.TestSuiteExecutor.execute(TestSuiteExecutor.java:91)
	at com.kms.katalon.core.main.TestCaseMain.startTestSuite(TestCaseMain.java:157)
	at com.kms.katalon.core.main.TestCaseMain$startTestSuite$0.call(Unknown Source)
	at TempTestSuite1572536119934.run(TempTestSuite1572536119934.groovy:36)
Caused by: com.kms.katalon.core.webui.exception.WebElementNotFoundException: Web element with id: 'Object Repository/Profiles_Page/Page_Members Area/a_Vetting information' located by 'By.xpath: //a[@href = '/vetting-information' and (text() = ' Vetting information ' or . = ' Vetting information ')]' not found
	at com.kms.katalon.core.webui.common.WebUiCommonHelper.findWebElement(WebUiCommonHelper.java:1113)
	at com.kms.katalon.core.webui.keyword.internal.WebUIAbstractKeyword.findWebElement(WebUIAbstractKeyword.groovy:27)
	at com.kms.katalon.core.webui.keyword.internal.WebUIAbstractKeyword.findWebElement(WebUIAbstractKeyword.groovy:26)
	at com.kms.katalon.core.webui.keyword.builtin.ClickKeyword$_click_closure1.doCall(ClickKeyword.groovy:52)
	at com.kms.katalon.core.webui.keyword.builtin.ClickKeyword$_click_closure1.call(ClickKeyword.groovy)
	at com.kms.katalon.core.webui.keyword.internal.WebUIKeywordMain.runKeyword(WebUIKeywordMain.groovy:20)
	at com.kms.katalon.core.webui.keyword.builtin.ClickKeyword.click(ClickKeyword.groovy:79)
	at com.kms.katalon.core.webui.keyword.builtin.ClickKeyword.execute(ClickKeyword.groovy:42)
	at com.kms.katalon.core.keyword.internal.KeywordExecutor.executeKeywordForPlatform(KeywordExecutor.groovy:60)
	at com.kms.katalon.core.webui.keyword.WebUiBuiltInKeywords.click(WebUiBuiltInKeywords.groovy:616)
	at com.kms.katalon.core.webui.keyword.WebUiBuiltInKeywords$click$4.call(Unknown Source)
	at Script1568364317445.run(Script1568364317445.groovy:52)
	at com.kms.katalon.core.main.ScriptEngine.run(ScriptEngine.java:194)
	at com.kms.katalon.core.main.ScriptEngine.runScriptAsRawText(ScriptEngine.java:119)
	at com.kms.katalon.core.main.TestCaseExecutor.runScript(TestCaseExecutor.java:337)
	at com.kms.katalon.core.main.TestCaseExecutor.doExecute(TestCaseExecutor.java:328)
	at com.kms.katalon.core.main.TestCaseExecutor.processExecutionPhase(TestCaseExecutor.java:307)
	at com.kms.katalon.core.main.TestCaseExecutor.accessMainPhase(TestCaseExecutor.java:299)
	at com.kms.katalon.core.main.TestCaseExecutor.execute(TestCaseExecutor.java:233)
	at com.kms.katalon.core.main.TestCaseMain.runTestCase(TestCaseMain.java:114)
	at com.kms.katalon.core.keyword.builtin.CallTestCaseKeyword$_callTestCase_closure1.doCall(CallTestCaseKeyword.groovy:59)
	at com.kms.katalon.core.keyword.builtin.CallTestCaseKeyword$_callTestCase_closure1.call(CallTestCaseKeyword.groovy)
	at com.kms.katalon.core.keyword.internal.KeywordMain.runKeyword(KeywordMain.groovy:68)
	at com.kms.katalon.core.keyword.builtin.CallTestCaseKeyword.callTestCase(CallTestCaseKeyword.groovy:81)
	at com.kms.katalon.core.keyword.builtin.CallTestCaseKeyword.execute(CallTestCaseKeyword.groovy:44)
	at com.kms.katalon.core.keyword.internal.KeywordExecutor.executeKeywordForPlatform(KeywordExecutor.groovy:60)
	at com.kms.katalon.core.keyword.BuiltinKeywords.callTestCase(BuiltinKeywords.groovy:334)
	at Script1568622126810.run(Script1568622126810.groovy:139)
	... 13 more
)
	at com.kms.katalon.core.keyword.internal.KeywordMain.stepFailed(KeywordMain.groovy:39)
	at com.kms.katalon.core.webui.keyword.internal.WebUIKeywordMain.stepFailed(WebUIKeywordMain.groovy:64)
	at com.kms.katalon.core.webui.keyword.internal.WebUIKeywordMain.runKeyword(WebUIKeywordMain.groovy:26)
	at com.kms.katalon.core.webui.keyword.builtin.ClickKeyword.click(ClickKeyword.groovy:79)
	at com.kms.katalon.core.webui.keyword.builtin.ClickKeyword.execute(ClickKeyword.groovy:42)
	at com.kms.katalon.core.keyword.internal.KeywordExecutor.executeKeywordForPlatform(KeywordExecutor.groovy:60)
	at com.kms.katalon.core.webui.keyword.WebUiBuiltInKeywords.click(WebUiBuiltInKeywords.groovy:616)
	at com.kms.katalon.core.webui.keyword.WebUiBuiltInKeywords$click$4.call(Unknown Source)
	at Vetting_Information.run(Vetting_Information:52)
	at com.kms.katalon.core.main.ScriptEngine.run(ScriptEngine.java:194)
	at com.kms.katalon.core.main.ScriptEngine.runScriptAsRawText(ScriptEngine.java:119)
	at com.kms.katalon.core.main.TestCaseExecutor.runScript(TestCaseExecutor.java:337)
	at com.kms.katalon.core.main.TestCaseExecutor.doExecute(TestCaseExecutor.java:328)
	at com.kms.katalon.core.main.TestCaseExecutor.processExecutionPhase(TestCaseExecutor.java:307)
	at com.kms.katalon.core.main.TestCaseExecutor.accessMainPhase(TestCaseExecutor.java:299)
	at com.kms.katalon.core.main.TestCaseExecutor.execute(TestCaseExecutor.java:233)
	at com.kms.katalon.core.main.TestCaseMain.runTestCase(TestCaseMain.java:114)
	at com.kms.katalon.core.keyword.builtin.CallTestCaseKeyword$_callTestCase_closure1.doCall(CallTestCaseKeyword.groovy:59)
	... 20 more
Caused by: com.kms.katalon.core.exception.StepFailedException: Unable to click on object 'Object Repository/Profiles_Page/Page_Members Area/a_Vetting information'
	... 37 more
Caused by: com.kms.katalon.core.webui.exception.WebElementNotFoundException: Web element with id: 'Object Repository/Profiles_Page/Page_Members Area/a_Vetting information' located by 'By.xpath: //a[@href = '/vetting-information' and (text() = ' Vetting information ' or . = ' Vetting information ')]' not found
	at com.kms.katalon.core.webui.common.WebUiCommonHelper.findWebElement(WebUiCommonHelper.java:1113)
	at com.kms.katalon.core.webui.keyword.internal.WebUIAbstractKeyword.findWebElement(WebUIAbstractKeyword.groovy:27)
	at com.kms.katalon.core.webui.keyword.internal.WebUIAbstractKeyword.findWebElement(WebUIAbstractKeyword.groovy:26)
	at com.kms.katalon.core.webui.keyword.builtin.ClickKeyword$_click_closure1.doCall(ClickKeyword.groovy:52)
	at com.kms.katalon.core.webui.keyword.builtin.ClickKeyword$_click_closure1.call(ClickKeyword.groovy)
	at com.kms.katalon.core.webui.keyword.internal.WebUIKeywordMain.runKeyword(WebUIKeywordMain.groovy:20)
	... 35 more
)

2019-10-31 15:35:43 - [TEST_STEP][PASSED] - callTestCase(findTestCase("Reusable_Test_Sequences/Members_Area/Start_Up"), [:], OPTIONAL): Call Test Case 'Test Cases/Reusable_Test_Sequences/Members_Area/Start_Up' successfully

2019-10-31 15:35:43 - [TEST_CASE][PASSED] - Test Cases/Reusable_Test_Sequences/Members_Area/Start_Up: Test Cases/Reusable_Test_Sequences/Members_Area/Start_Up

2019-10-31 15:35:44 - [TEST_STEP][PASSED] - data = findTestData("Members_Test_Data"): null

2019-10-31 15:35:44 - [TEST_STEP][PASSED] - Header_Text = "": null

2019-10-31 15:35:44 - [TEST_STEP][PASSED] - Forgotten_Password = "": null

2019-10-31 15:35:44 - [TEST_STEP][PASSED] - Forgotten_Username = "": null

2019-10-31 15:35:44 - [TEST_STEP][PASSED] - Trouble_Logging_In = "": null

2019-10-31 15:35:44 - [TEST_STEP][PASSED] - callTestCase(findTestCase("Reusable_Test_Sequences/URL_Handler"), [:], CONTINUE_ON_FAILURE): Call Test Case 'Test Cases/Reusable_Test_Sequences/URL_Handler' successfully

2019-10-31 15:35:44 - [TEST_CASE][PASSED] - Test Cases/Reusable_Test_Sequences/URL_Handler: Test Cases/Reusable_Test_Sequences/URL_Handler

2019-10-31 15:35:44 - [TEST_STEP][PASSED] - "      CURRENT DEV (MASTER) Environment": null

2019-10-31 15:35:44 - [TEST_STEP][PASSED] - "      Dev Test Environment": null

2019-10-31 15:35:44 - [TEST_STEP][PASSED] - "      Next Dev Environment": null

2019-10-31 15:35:44 - [TEST_STEP][PASSED] - "      Preview Environment": null

2019-10-31 15:35:44 - [TEST_STEP][PASSED] - "      Live": null

2019-10-31 15:35:44 - [TEST_STEP][PASSED] - "######################################################################################################################################################": null

2019-10-31 15:35:44 - [TEST_STEP][PASSED] - "#  OF COURSE, FOR THIS TO WORK THE TEST CREDENTIALS SHOULD BE AVAILABLE ACROSS ALL ENVIRONMENTS - Username = check1234 - & - Password = testing123   #": null

2019-10-31 15:35:44 - [TEST_STEP][PASSED] - switch (URL): null

2019-10-31 15:35:44 - [TEST_STEP][PASSED] - case .*www.preview.checkatrade.*:: null

2019-10-31 15:35:44 - [TEST_STEP][PASSED] - URL = "https://preview-ma.checkatrade.com/login?return=%2Fdashboard": null

2019-10-31 15:35:44 - [TEST_STEP][PASSED] - break: null

2019-10-31 15:35:44 - [TEST_STEP][PASSED] - URL: null

2019-10-31 15:35:44 - [MESSAGE][PASSED] - Call Test Case 'Test Cases/Reusable_Test_Sequences/URL_Handler' successfully

2019-10-31 15:35:44 - [TEST_STEP][PASSED] - "URL - Set from the ENVIRONMENT PROFILE - Specific Page Address Provided By +GlobalVariable.PAGE  ": null

2019-10-31 15:35:44 - [TEST_STEP][PASSED] - openBrowser(URL): Browser is opened with url: 'https://preview-ma.checkatrade.com/login?return=%2Fdashboard'

2019-10-31 15:35:45 - [MESSAGE][INFO] - Starting 'Firefox' driver

2019-10-31 15:35:45 - [MESSAGE][INFO] - Action delay is set to 0 seconds

2019-10-31 15:36:15 - [MESSAGE][PASSED] - Browser is opened with url: 'https://preview-ma.checkatrade.com/login?return=%2Fdashboard'

2019-10-31 15:36:15 - [TEST_STEP][PASSED] - maximizeWindow(): Current window maximized

2019-10-31 15:36:16 - [MESSAGE][PASSED] - Current window maximized

2019-10-31 15:36:16 - [TEST_STEP][PASSED] - waitForPageLoad(60): Wait for page load successfully

2019-10-31 15:36:16 - [MESSAGE][PASSED] - Wait for page load successfully

2019-10-31 15:36:16 - [TEST_STEP][PASSED] - verifyTextPresent(data.getValue("Header_Text", row), false): Text 'EXCLUSIVE ACCESS FOR CHECKATRADE MEMBERS ONLY' is present on page 

2019-10-31 15:36:17 - [MESSAGE][PASSED] - Text 'EXCLUSIVE ACCESS FOR CHECKATRADE MEMBERS ONLY' is present on page 

2019-10-31 15:36:17 - [TEST_STEP][PASSED] - verifyTextPresent(data.getValue("Forgotten_Password", row), false): Text 'Forgotten password?' is present on page 

2019-10-31 15:36:17 - [MESSAGE][PASSED] - Text 'Forgotten password?' is present on page 

2019-10-31 15:36:17 - [TEST_STEP][PASSED] - verifyTextPresent(data.getValue("Forgotten_Username", row), false): Text 'Forgotten username?' is present on page 

2019-10-31 15:36:17 - [MESSAGE][PASSED] - Text 'Forgotten username?' is present on page 

2019-10-31 15:36:17 - [TEST_STEP][PASSED] - verifyTextPresent(data.getValue("Trouble_Logging_In", row), false): Text 'Trouble logging in?' is present on page 

2019-10-31 15:36:17 - [MESSAGE][PASSED] - Text 'Trouble logging in?' is present on page 

2019-10-31 15:36:17 - [MESSAGE][PASSED] - Call Test Case 'Test Cases/Reusable_Test_Sequences/Members_Area/Start_Up' successfully

2019-10-31 15:36:17 - [TEST_STEP][PASSED] - callTestCase(findTestCase("Reusable_Test_Sequences/Members_Area/log_On"), [:], OPTIONAL): Call Test Case 'Test Cases/Reusable_Test_Sequences/Members_Area/log_On' successfully

2019-10-31 15:36:17 - [TEST_CASE][PASSED] - Test Cases/Reusable_Test_Sequences/Members_Area/log_On: Test Cases/Reusable_Test_Sequences/Members_Area/log_On

2019-10-31 15:36:18 - [TEST_STEP][PASSED] - waitForElementPresent(findTestObject("Object Repository/Members/Page_Members Area/button_Log in"), 10): Object 'Object Repository/Members/Page_Members Area/button_Log in' is present

2019-10-31 15:36:18 - [MESSAGE][PASSED] - Object 'Object Repository/Members/Page_Members Area/button_Log in' is present

2019-10-31 15:36:18 - [TEST_STEP][PASSED] - click(findTestObject("Object Repository/Members/Page_Members Area/input_Username_username")): Object: 'Object Repository/Members/Page_Members Area/input_Username_username' is clicked on

2019-10-31 15:36:18 - [MESSAGE][PASSED] - Object: 'Object Repository/Members/Page_Members Area/input_Username_username' is clicked on

2019-10-31 15:36:18 - [TEST_STEP][PASSED] - setText(findTestObject("Object Repository/Members/Page_Members Area/input_Username_username"), Username): Text 'check1234' is set on object 'Object Repository/Members/Page_Members Area/input_Username_username'

2019-10-31 15:36:18 - [MESSAGE][PASSED] - Text 'check1234' is set on object 'Object Repository/Members/Page_Members Area/input_Username_username'

2019-10-31 15:36:18 - [TEST_STEP][PASSED] - click(findTestObject("Object Repository/Members/Page_Members Area/input_Password_password")): Object: 'Object Repository/Members/Page_Members Area/input_Password_password' is clicked on

2019-10-31 15:36:19 - [MESSAGE][PASSED] - Object: 'Object Repository/Members/Page_Members Area/input_Password_password' is clicked on

2019-10-31 15:36:19 - [TEST_STEP][PASSED] - setText(findTestObject("Object Repository/Members/Page_Members Area/input_Password_password"), Password): Text 'testing123' is set on object 'Object Repository/Members/Page_Members Area/input_Password_password'

2019-10-31 15:36:19 - [MESSAGE][PASSED] - Text 'testing123' is set on object 'Object Repository/Members/Page_Members Area/input_Password_password'

2019-10-31 15:36:19 - [TEST_STEP][PASSED] - click(findTestObject("Object Repository/Members/Page_Members Area/button_Log in")): Object: 'Object Repository/Members/Page_Members Area/button_Log in' is clicked on

2019-10-31 15:36:19 - [MESSAGE][PASSED] - Object: 'Object Repository/Members/Page_Members Area/button_Log in' is clicked on

2019-10-31 15:36:19 - [MESSAGE][PASSED] - Call Test Case 'Test Cases/Reusable_Test_Sequences/Members_Area/log_On' successfully

2019-10-31 15:36:19 - [TEST_STEP][PASSED] - callTestCase(findTestCase("Reusable_Test_Sequences/Members_Area/Validation/Dashboard"), [:], CONTINUE_ON_FAILURE): Call Test Case 'Test Cases/Reusable_Test_Sequences/Members_Area/Validation/Dashboard' successfully

2019-10-31 15:36:19 - [TEST_CASE][PASSED] - Test Cases/Reusable_Test_Sequences/Members_Area/Validation/Dashboard: Test Cases/Reusable_Test_Sequences/Members_Area/Validation/Dashboard

2019-10-31 15:36:20 - [TEST_STEP][PASSED] - waitForElementPresent(findTestObject("Object Repository/Page_Members Area/a_Dashboard"), 60): Object 'Object Repository/Page_Members Area/a_Dashboard' is present

2019-10-31 15:36:27 - [MESSAGE][PASSED] - Object 'Object Repository/Page_Members Area/a_Dashboard' is present

2019-10-31 15:36:27 - [TEST_STEP][PASSED] - refresh(): Refresh successfully

2019-10-31 15:36:30 - [MESSAGE][PASSED] - Refresh successfully

2019-10-31 15:36:30 - [TEST_STEP][PASSED] - "---------------------------------": null

2019-10-31 15:36:30 - [TEST_STEP][PASSED] - "THIS TAB - DASHBOARD - PRIMARY   |": null

2019-10-31 15:36:30 - [TEST_STEP][PASSED] - verifyTextPresent(findTestData("Members_Test_Data").getValue("MEMBER_ID", 1), false): Text '218630' is present on page 

2019-10-31 15:36:32 - [MESSAGE][PASSED] - Text '218630' is present on page 

2019-10-31 15:36:32 - [TEST_STEP][PASSED] - verifyTextPresent("MEMBER ID", false): Text 'MEMBER ID' is present on page 

2019-10-31 15:36:34 - [MESSAGE][PASSED] - Text 'MEMBER ID' is present on page 

2019-10-31 15:36:34 - [TEST_STEP][PASSED] - verifyTextPresent("Dashboard", false): Text 'Dashboard' is present on page 

2019-10-31 15:36:34 - [MESSAGE][PASSED] - Text 'Dashboard' is present on page 

2019-10-31 15:36:34 - [TEST_STEP][PASSED] - verifyTextPresent("Your Customers", false): Text 'Your Customers' is present on page 

2019-10-31 15:36:35 - [MESSAGE][PASSED] - Text 'Your Customers' is present on page 

2019-10-31 15:36:35 - [TEST_STEP][PASSED] - verifyTextPresent("Grow Your Business", false): Text 'Grow Your Business' is present on page 

2019-10-31 15:36:36 - [MESSAGE][PASSED] - Text 'Grow Your Business' is present on page 

2019-10-31 15:36:36 - [TEST_STEP][PASSED] - verifyTextPresent("Your Account", false): Text 'Your Account' is present on page 

2019-10-31 15:36:37 - [MESSAGE][PASSED] - Text 'Your Account' is present on page 

2019-10-31 15:36:37 - [TEST_STEP][PASSED] - verifyTextPresent("Log off", false): Text 'Log off' is present on page 

2019-10-31 15:36:38 - [MESSAGE][PASSED] - Text 'Log off' is present on page 

2019-10-31 15:36:38 - [TEST_STEP][PASSED] - verifyTextPresent("Contact us", false): Text 'Contact us' is present on page 

2019-10-31 15:36:39 - [MESSAGE][PASSED] - Text 'Contact us' is present on page 

2019-10-31 15:36:39 - [TEST_STEP][PASSED] - verifyTextPresent("Item(s) that need your attention", false): Text 'Item(s) that need your attention' is present on page 

2019-10-31 15:36:39 - [MESSAGE][PASSED] - Text 'Item(s) that need your attention' is present on page 

2019-10-31 15:36:39 - [TEST_STEP][PASSED] - verifyTextPresent("Accreditation(s) have expired", false): Text 'Accreditation(s) have expired' is present on page 

2019-10-31 15:36:40 - [MESSAGE][PASSED] - Text 'Accreditation(s) have expired' is present on page 

2019-10-31 15:36:40 - [TEST_STEP][PASSED] - verifyTextPresent("GAS SAFE REGISTER", false): Text 'GAS SAFE REGISTER' is present on page 

2019-10-31 15:36:41 - [MESSAGE][PASSED] - Text 'GAS SAFE REGISTER' is present on page 

2019-10-31 15:36:41 - [TEST_STEP][PASSED] - verifyTextPresent("Reputation Report Cards", false): Text 'Reputation Report Cards' is present on page 

2019-10-31 15:36:42 - [MESSAGE][PASSED] - Text 'Reputation Report Cards' is present on page 

2019-10-31 15:36:42 - [TEST_STEP][PASSED] - verifyTextPresent("PAST 30 DAYS", false): Text 'PAST 30 DAYS' is present on page 

2019-10-31 15:36:43 - [MESSAGE][PASSED] - Text 'PAST 30 DAYS' is present on page 

2019-10-31 15:36:43 - [TEST_STEP][PASSED] - verifyTextPresent("Add Your Company Logo", false): Text 'Add Your Company Logo' is present on page 

2019-10-31 15:36:44 - [MESSAGE][PASSED] - Text 'Add Your Company Logo' is present on page 

2019-10-31 15:36:44 - [TEST_STEP][PASSED] - verifyTextPresent("WHY NOT DISPLAY IT", false): Text 'WHY NOT DISPLAY IT' is present on page 

2019-10-31 15:36:45 - [MESSAGE][PASSED] - Text 'WHY NOT DISPLAY IT' is present on page 

2019-10-31 15:36:45 - [TEST_STEP][PASSED] - verifyTextPresent("Your membership T", false): Text 'Your membership T' is present on page 

2019-10-31 15:36:46 - [MESSAGE][PASSED] - Text 'Your membership T' is present on page 

2019-10-31 15:36:46 - [TEST_STEP][PASSED] - verifyTextPresent("been updated", false): Text 'been updated' is present on page 

2019-10-31 15:36:47 - [MESSAGE][PASSED] - Text 'been updated' is present on page 

2019-10-31 15:36:47 - [TEST_STEP][PASSED] - verifyTextPresent("Your Visitors", false): Text 'Your Visitors' is present on page 

2019-10-31 15:36:48 - [MESSAGE][PASSED] - Text 'Your Visitors' is present on page 

2019-10-31 15:36:48 - [TEST_STEP][PASSED] - scrollToElement(findTestObject("Object Repository/Page_Members Area/My_Profile_Page_img"), 5): Scroll to object 'Object Repository/Page_Members Area/My_Profile_Page_img' successfully

2019-10-31 15:36:48 - [MESSAGE][PASSED] - Scroll to object 'Object Repository/Page_Members Area/My_Profile_Page_img' successfully

2019-10-31 15:36:48 - [TEST_STEP][PASSED] - verifyTextPresent("My Feedback", false): Text 'My Feedback' is present on page 

2019-10-31 15:36:49 - [MESSAGE][PASSED] - Text 'My Feedback' is present on page 

2019-10-31 15:36:49 - [TEST_STEP][PASSED] - verifyTextPresent("Callback Requests", false): Text 'Callback Requests' is present on page 

2019-10-31 15:36:50 - [MESSAGE][PASSED] - Text 'Callback Requests' is present on page 

2019-10-31 15:36:50 - [TEST_STEP][PASSED] - verifyTextPresent("Received a Negative Review", false): Text 'Received a Negative Review' is present on page 

2019-10-31 15:36:51 - [MESSAGE][PASSED] - Text 'Received a Negative Review' is present on page 

2019-10-31 15:36:51 - [TEST_STEP][PASSED] - verifyTextPresent("My Profile Page", false): Text 'My Profile Page' is present on page 

2019-10-31 15:36:52 - [MESSAGE][PASSED] - Text 'My Profile Page' is present on page 

2019-10-31 15:36:52 - [TEST_STEP][PASSED] - verifyTextPresent("My Photos", false): Text 'My Photos' is present on page 

2019-10-31 15:36:53 - [MESSAGE][PASSED] - Text 'My Photos' is present on page 

2019-10-31 15:36:53 - [TEST_STEP][PASSED] - verifyTextPresent("My Stats", false): Text 'My Stats' is present on page 

2019-10-31 15:36:53 - [MESSAGE][PASSED] - Text 'My Stats' is present on page 

2019-10-31 15:36:53 - [TEST_STEP][PASSED] - verifyTextPresent("Advertise in a Directory", false): Text 'Advertise in a Directory' is present on page 

2019-10-31 15:36:54 - [MESSAGE][PASSED] - Text 'Advertise in a Directory' is present on page 

2019-10-31 15:36:54 - [TEST_STEP][PASSED] - verifyTextPresent("Membership", false): Text 'Membership' is present on page 

2019-10-31 15:36:55 - [MESSAGE][PASSED] - Text 'Membership' is present on page 

2019-10-31 15:36:55 - [TEST_STEP][PASSED] - verifyTextPresent("Useful Documents", false): Text 'Useful Documents' is present on page 

2019-10-31 15:36:56 - [MESSAGE][PASSED] - Text 'Useful Documents' is present on page 

2019-10-31 15:36:56 - [TEST_STEP][PASSED] - verifyTextPresent("Payments", false): Text 'Payments' is present on page 

2019-10-31 15:36:57 - [MESSAGE][PASSED] - Text 'Payments' is present on page 

2019-10-31 15:36:57 - [TEST_STEP][PASSED] - verifyTextPresent("Offers and Discounts", false): Text 'Offers and Discounts' is present on page 

2019-10-31 15:36:58 - [MESSAGE][PASSED] - Text 'Offers and Discounts' is present on page 

2019-10-31 15:36:58 - [TEST_STEP][PASSED] - "----------------------------------------------": null

2019-10-31 15:36:58 - [TEST_STEP][PASSED] - verifyTextPresent("Feedback", false): Text 'Feedback' is present on page 

2019-10-31 15:36:59 - [MESSAGE][PASSED] - Text 'Feedback' is present on page 

2019-10-31 15:36:59 - [TEST_STEP][PASSED] - verifyTextPresent("Score", false): Text 'Score' is present on page 

2019-10-31 15:37:00 - [MESSAGE][PASSED] - Text 'Score' is present on page 

2019-10-31 15:37:00 - [TEST_STEP][PASSED] - verifyTextPresent("Tidiness", false): Text 'Tidiness' is present on page 

2019-10-31 15:37:00 - [MESSAGE][PASSED] - Text 'Tidiness' is present on page 

2019-10-31 15:37:00 - [TEST_STEP][PASSED] - verifyTextPresent("Reliability", false): Text 'Reliability' is present on page 

2019-10-31 15:37:01 - [MESSAGE][PASSED] - Text 'Reliability' is present on page 

2019-10-31 15:37:01 - [TEST_STEP][PASSED] - verifyTextPresent("TimeKeeping", false): Text 'TimeKeeping' is present on page 

2019-10-31 15:37:03 - [MESSAGE][PASSED] - Text 'TimeKeeping' is present on page 

2019-10-31 15:37:03 - [TEST_STEP][PASSED] - verifyTextPresent("Courtesy", false): Text 'Courtesy' is present on page 

2019-10-31 15:37:03 - [MESSAGE][PASSED] - Text 'Courtesy' is present on page 

2019-10-31 15:37:03 - [TEST_STEP][PASSED] - verifyTextPresent("Workmanship", false): Text 'Workmanship' is present on page 

2019-10-31 15:37:04 - [MESSAGE][PASSED] - Text 'Workmanship' is present on page 

2019-10-31 15:37:04 - [TEST_STEP][PASSED] - verifyTextPresent("3w", false): Text '3w' is present on page 

2019-10-31 15:37:04 - [MESSAGE][PASSED] - Text '3w' is present on page 

2019-10-31 15:37:04 - [TEST_STEP][PASSED] - verifyTextPresent("3m", false): Text '3m' is present on page 

2019-10-31 15:37:05 - [MESSAGE][PASSED] - Text '3m' is present on page 

2019-10-31 15:37:05 - [TEST_STEP][PASSED] - verifyTextPresent("3y", false): Text '3y' is present on page 

2019-10-31 15:37:05 - [MESSAGE][PASSED] - Text '3y' is present on page 

2019-10-31 15:37:05 - [MESSAGE][PASSED] - Call Test Case 'Test Cases/Reusable_Test_Sequences/Members_Area/Validation/Dashboard' successfully

2019-10-31 15:37:05 - [TEST_STEP][PASSED] - callTestCase(findTestCase("Reusable_Test_Sequences/Members_Area/Area_Menu/Grow_You_Business/My_Profile"), [:], STOP_ON_FAILURE): Call Test Case 'Test Cases/Reusable_Test_Sequences/Members_Area/Area_Menu/Grow_You_Business/My_Profile' successfully

2019-10-31 15:37:05 - [TEST_CASE][PASSED] - Test Cases/Reusable_Test_Sequences/Members_Area/Area_Menu/Grow_You_Business/My_Profile: Test Cases/Reusable_Test_Sequences/Members_Area/Area_Menu/Grow_You_Business/My_Profile

2019-10-31 15:37:06 - [TEST_STEP][PASSED] - waitForElementPresent(findTestObject("Object Repository/Page_Members Area/My_Profile_Page_img"), 25): Object 'Object Repository/Page_Members Area/My_Profile_Page_img' is present

2019-10-31 15:37:06 - [MESSAGE][PASSED] - Object 'Object Repository/Page_Members Area/My_Profile_Page_img' is present

2019-10-31 15:37:06 - [TEST_STEP][PASSED] - scrollToElement(findTestObject("Object Repository/Page_Members Area/My_Profile_Page_img"), 5): Scroll to object 'Object Repository/Page_Members Area/My_Profile_Page_img' successfully

2019-10-31 15:37:06 - [MESSAGE][PASSED] - Scroll to object 'Object Repository/Page_Members Area/My_Profile_Page_img' successfully

2019-10-31 15:37:06 - [TEST_STEP][PASSED] - click(findTestObject("Object Repository/Page_Members Area/My_Profile_Page_img")): Object: 'Object Repository/Page_Members Area/My_Profile_Page_img' is clicked on

2019-10-31 15:37:07 - [MESSAGE][PASSED] - Object: 'Object Repository/Page_Members Area/My_Profile_Page_img' is clicked on

2019-10-31 15:37:07 - [MESSAGE][PASSED] - Call Test Case 'Test Cases/Reusable_Test_Sequences/Members_Area/Area_Menu/Grow_You_Business/My_Profile' successfully

2019-10-31 15:37:07 - [TEST_STEP][PASSED] - callTestCase(findTestCase("Reusable_Test_Sequences/Members_Area/Validation/My_Profile"), [:], CONTINUE_ON_FAILURE): Call Test Case 'Test Cases/Reusable_Test_Sequences/Members_Area/Validation/My_Profile' successfully

2019-10-31 15:37:07 - [TEST_CASE][PASSED] - Test Cases/Reusable_Test_Sequences/Members_Area/Validation/My_Profile: Test Cases/Reusable_Test_Sequences/Members_Area/Validation/My_Profile

2019-10-31 15:37:07 - [TEST_STEP][PASSED] - waitForElementPresent(findTestObject("Object Repository/Page_Members Area/i_Profile text_ace-icon fa fa-file-text-o bigger-400"), 60): Object 'Object Repository/Page_Members Area/i_Profile text_ace-icon fa fa-file-text-o bigger-400' is present

2019-10-31 15:37:08 - [MESSAGE][PASSED] - Object 'Object Repository/Page_Members Area/i_Profile text_ace-icon fa fa-file-text-o bigger-400' is present

2019-10-31 15:37:08 - [TEST_STEP][PASSED] - verifyTextPresent(findTestData("Members_Test_Data").getValue("MEMBER_ID", 1), false): Text '218630' is present on page 

2019-10-31 15:37:08 - [MESSAGE][PASSED] - Text '218630' is present on page 

2019-10-31 15:37:08 - [TEST_STEP][PASSED] - verifyTextPresent("MEMBER ID", false): Text 'MEMBER ID' is present on page 

2019-10-31 15:37:08 - [MESSAGE][PASSED] - Text 'MEMBER ID' is present on page 

2019-10-31 15:37:08 - [TEST_STEP][PASSED] - "----------------------------------------------": null

2019-10-31 15:37:08 - [TEST_STEP][PASSED] - "DEFAULT TAB - My Profile         ": null

2019-10-31 15:37:08 - [TEST_STEP][PASSED] - verifyTextPresent("Profile text", false): Text 'Profile text' is present on page 

2019-10-31 15:37:08 - [MESSAGE][PASSED] - Text 'Profile text' is present on page 

2019-10-31 15:37:08 - [TEST_STEP][PASSED] - verifyTextPresent("Search appearances", false): Text 'Search appearances' is present on page 

2019-10-31 15:37:08 - [MESSAGE][PASSED] - Text 'Search appearances' is present on page 

2019-10-31 15:37:08 - [TEST_STEP][PASSED] - verifyTextPresent("Where you work", false): Text 'Where you work' is present on page 

2019-10-31 15:37:09 - [MESSAGE][PASSED] - Text 'Where you work' is present on page 

2019-10-31 15:37:09 - [TEST_STEP][PASSED] - verifyTextPresent("Company logo", false): Text 'Company logo' is present on page 

2019-10-31 15:37:09 - [MESSAGE][PASSED] - Text 'Company logo' is present on page 

2019-10-31 15:37:09 - [TEST_STEP][PASSED] - verifyTextPresent("Banner image", false): Text 'Banner image' is present on page 

2019-10-31 15:37:09 - [MESSAGE][PASSED] - Text 'Banner image' is present on page 

2019-10-31 15:37:09 - [TEST_STEP][PASSED] - verifyTextPresent("Vetting information", false): Text 'Vetting information' is present on page 

2019-10-31 15:37:09 - [MESSAGE][PASSED] - Text 'Vetting information' is present on page 

2019-10-31 15:37:09 - [TEST_STEP][PASSED] - verifyTextPresent("Insurance", false): Text 'Insurance' is present on page 

2019-10-31 15:37:09 - [MESSAGE][PASSED] - Text 'Insurance' is present on page 

2019-10-31 15:37:09 - [TEST_STEP][PASSED] - verifyTextPresent("'Maximise your profile' video", false): Text ''Maximise your profile' video' is present on page 

2019-10-31 15:37:09 - [MESSAGE][PASSED] - Text ''Maximise your profile' video' is present on page 

2019-10-31 15:37:09 - [TEST_STEP][PASSED] - verifyTextPresent("MEMBER ID", false): Text 'MEMBER ID' is present on page 

2019-10-31 15:37:10 - [MESSAGE][PASSED] - Text 'MEMBER ID' is present on page 

2019-10-31 15:37:10 - [TEST_STEP][PASSED] - verifyTextPresent(findTestData("Members_Test_Data").getValue("MEMBER_ID", 1), false): Text '218630' is present on page 

2019-10-31 15:37:10 - [MESSAGE][PASSED] - Text '218630' is present on page 

2019-10-31 15:37:10 - [MESSAGE][PASSED] - Call Test Case 'Test Cases/Reusable_Test_Sequences/Members_Area/Validation/My_Profile' successfully

2019-10-31 15:37:10 - [TEST_STEP][PASSED] - callTestCase(findTestCase("Reusable_Test_Sequences/Members_Area/Area_Menu/Grow_You_Business/Profiles/Profile_Text"), [:], STOP_ON_FAILURE): Call Test Case 'Test Cases/Reusable_Test_Sequences/Members_Area/Area_Menu/Grow_You_Business/Profiles/Profile_Text' successfully

2019-10-31 15:37:10 - [TEST_CASE][PASSED] - Test Cases/Reusable_Test_Sequences/Members_Area/Area_Menu/Grow_You_Business/Profiles/Profile_Text: Test Cases/Reusable_Test_Sequences/Members_Area/Area_Menu/Grow_You_Business/Profiles/Profile_Text

2019-10-31 15:37:10 - [TEST_STEP][PASSED] - waitForPageLoad(25): Wait for page load successfully

2019-10-31 15:37:11 - [MESSAGE][PASSED] - Wait for page load successfully

2019-10-31 15:37:11 - [TEST_STEP][PASSED] - waitForElementPresent(findTestObject("Object Repository/Profiles_Page/Page_Members Area/a_Profile text"), 25): Object 'Object Repository/Profiles_Page/Page_Members Area/a_Profile text' is present

2019-10-31 15:37:11 - [MESSAGE][PASSED] - Object 'Object Repository/Profiles_Page/Page_Members Area/a_Profile text' is present

2019-10-31 15:37:11 - [TEST_STEP][PASSED] - click(findTestObject("Object Repository/Profiles_Page/Page_Members Area/a_Profile text")): Object: 'Object Repository/Profiles_Page/Page_Members Area/a_Profile text' is clicked on

2019-10-31 15:37:11 - [MESSAGE][PASSED] - Object: 'Object Repository/Profiles_Page/Page_Members Area/a_Profile text' is clicked on

2019-10-31 15:37:11 - [MESSAGE][PASSED] - Call Test Case 'Test Cases/Reusable_Test_Sequences/Members_Area/Area_Menu/Grow_You_Business/Profiles/Profile_Text' successfully

2019-10-31 15:37:11 - [TEST_STEP][PASSED] - callTestCase(findTestCase("Reusable_Test_Sequences/Members_Area/Validation/Profiles/Profile_Text"), [:], CONTINUE_ON_FAILURE): Call Test Case 'Test Cases/Reusable_Test_Sequences/Members_Area/Validation/Profiles/Profile_Text' successfully

2019-10-31 15:37:11 - [TEST_CASE][PASSED] - Test Cases/Reusable_Test_Sequences/Members_Area/Validation/Profiles/Profile_Text: Test Cases/Reusable_Test_Sequences/Members_Area/Validation/Profiles/Profile_Text

2019-10-31 15:37:12 - [TEST_STEP][PASSED] - waitForPageLoad(25): Wait for page load successfully

2019-10-31 15:37:12 - [MESSAGE][PASSED] - Wait for page load successfully

2019-10-31 15:37:12 - [TEST_STEP][PASSED] - waitForElementPresent(findTestObject("Object Repository/Page_Members Area/Profiles/update_Your_Profile_Text_Here"), 25): Object 'Object Repository/Page_Members Area/Profiles/update_Your_Profile_Text_Here' is present

2019-10-31 15:37:12 - [MESSAGE][PASSED] - Object 'Object Repository/Page_Members Area/Profiles/update_Your_Profile_Text_Here' is present

2019-10-31 15:37:12 - [TEST_STEP][PASSED] - "---------------------------------": null

2019-10-31 15:37:12 - [TEST_STEP][PASSED] - "THIS TAB - Profile Text          |": null

2019-10-31 15:37:12 - [TEST_STEP][PASSED] - verifyTextPresent(findTestData("Members_Test_Data").getValue("MEMBER_ID", 1), false): Text '218630' is present on page 

2019-10-31 15:37:12 - [MESSAGE][PASSED] - Text '218630' is present on page 

2019-10-31 15:37:12 - [TEST_STEP][PASSED] - verifyTextPresent("MEMBER ID", false): Text 'MEMBER ID' is present on page 

2019-10-31 15:37:13 - [MESSAGE][PASSED] - Text 'MEMBER ID' is present on page 

2019-10-31 15:37:13 - [TEST_STEP][PASSED] - waitForElementPresent(findTestObject("Object Repository/Page_Members Area/text_Alert"), 60): Object 'Object Repository/Page_Members Area/text_Alert' is present

2019-10-31 15:37:13 - [MESSAGE][PASSED] - Object 'Object Repository/Page_Members Area/text_Alert' is present

2019-10-31 15:37:13 - [TEST_STEP][PASSED] - verifyTextPresent("Update your profile text here", false): Text 'Update your profile text here' is present on page 

2019-10-31 15:37:14 - [MESSAGE][PASSED] - Text 'Update your profile text here' is present on page 

2019-10-31 15:37:14 - [TEST_STEP][PASSED] - verifyTextPresent("your own personel web page available on", false): Text 'your own personel web page available on' is present on page 

2019-10-31 15:37:14 - [MESSAGE][PASSED] - Text 'your own personel web page available on' is present on page 

2019-10-31 15:37:14 - [TEST_STEP][PASSED] - verifyTextPresent("Checkatrade web page they see your company profile", false): Text 'Checkatrade web page they see your company profile' is present on page 

2019-10-31 15:37:15 - [MESSAGE][PASSED] - Text 'Checkatrade web page they see your company profile' is present on page 

2019-10-31 15:37:15 - [TEST_STEP][PASSED] - verifyTextPresent("Company profile is important as this will be a consumer’s first insight in to you", false): Text 'Company profile is important as this will be a consumer’s first insight in to you' is present on page 

2019-10-31 15:37:16 - [MESSAGE][PASSED] - Text 'Company profile is important as this will be a consumer’s first insight in to you' is present on page 

2019-10-31 15:37:16 - [TEST_STEP][PASSED] - verifyTextPresent("Are you a family run business, sole trader", false): Text 'Are you a family run business, sole trader' is present on page 

2019-10-31 15:37:17 - [MESSAGE][PASSED] - Text 'Are you a family run business, sole trader' is present on page 

2019-10-31 15:37:17 - [TEST_STEP][PASSED] - verifyTextPresent("How long have you had your Company", false): Text 'How long have you had your Company' is present on page 

2019-10-31 15:37:18 - [MESSAGE][PASSED] - Text 'How long have you had your Company' is present on page 

2019-10-31 15:37:18 - [TEST_STEP][PASSED] - verifyTextPresent("Your profile should be short - customers will only read a few lines", false): Text 'Your profile should be short - customers will only read a few lines' is present on page 

2019-10-31 15:37:18 - [MESSAGE][PASSED] - Text 'Your profile should be short - customers will only read a few lines' is present on page 

2019-10-31 15:37:18 - [TEST_STEP][PASSED] - verifyTextPresent("Please note that only the first 650 characters", false): Text 'Please note that only the first 650 characters' is present on page 

2019-10-31 15:37:19 - [MESSAGE][PASSED] - Text 'Please note that only the first 650 characters' is present on page 

2019-10-31 15:37:19 - [TEST_STEP][PASSED] - back(): Navigate back successfully

2019-10-31 15:37:19 - [MESSAGE][PASSED] - Navigate back successfully

2019-10-31 15:37:19 - [MESSAGE][PASSED] - Call Test Case 'Test Cases/Reusable_Test_Sequences/Members_Area/Validation/Profiles/Profile_Text' successfully

2019-10-31 15:37:19 - [TEST_STEP][PASSED] - callTestCase(findTestCase("Reusable_Test_Sequences/Members_Area/Area_Menu/Grow_You_Business/Profiles/Search_Appearances"), [:], STOP_ON_FAILURE): Call Test Case 'Test Cases/Reusable_Test_Sequences/Members_Area/Area_Menu/Grow_You_Business/Profiles/Search_Appearances' successfully

2019-10-31 15:37:19 - [TEST_CASE][PASSED] - Test Cases/Reusable_Test_Sequences/Members_Area/Area_Menu/Grow_You_Business/Profiles/Search_Appearances: Test Cases/Reusable_Test_Sequences/Members_Area/Area_Menu/Grow_You_Business/Profiles/Search_Appearances

2019-10-31 15:37:19 - [TEST_STEP][PASSED] - waitForElementPresent(findTestObject("Object Repository/Profiles_Page/Page_Members Area/a_Search appearances"), 25): Object 'Object Repository/Profiles_Page/Page_Members Area/a_Search appearances' is present

2019-10-31 15:37:19 - [MESSAGE][PASSED] - Object 'Object Repository/Profiles_Page/Page_Members Area/a_Search appearances' is present

2019-10-31 15:37:19 - [TEST_STEP][PASSED] - click(findTestObject("Object Repository/Profiles_Page/Page_Members Area/a_Search appearances")): Object: 'Object Repository/Profiles_Page/Page_Members Area/a_Search appearances' is clicked on

2019-10-31 15:37:20 - [MESSAGE][PASSED] - Object: 'Object Repository/Profiles_Page/Page_Members Area/a_Search appearances' is clicked on

2019-10-31 15:37:20 - [MESSAGE][PASSED] - Call Test Case 'Test Cases/Reusable_Test_Sequences/Members_Area/Area_Menu/Grow_You_Business/Profiles/Search_Appearances' successfully

2019-10-31 15:37:20 - [TEST_STEP][PASSED] - callTestCase(findTestCase("Reusable_Test_Sequences/Members_Area/Validation/Profiles/Search_Appearances"), [:], CONTINUE_ON_FAILURE): Call Test Case 'Test Cases/Reusable_Test_Sequences/Members_Area/Validation/Profiles/Search_Appearances' successfully

2019-10-31 15:37:20 - [TEST_CASE][PASSED] - Test Cases/Reusable_Test_Sequences/Members_Area/Validation/Profiles/Search_Appearances: Test Cases/Reusable_Test_Sequences/Members_Area/Validation/Profiles/Search_Appearances

2019-10-31 15:37:20 - [TEST_STEP][PASSED] - waitForPageLoad(25): Wait for page load successfully

2019-10-31 15:37:20 - [MESSAGE][PASSED] - Wait for page load successfully

2019-10-31 15:37:20 - [TEST_STEP][PASSED] - waitForElementPresent(findTestObject("Object Repository/Page_Members Area/Profiles/Page_Members Area/button_Save Search Appearance Info"), 25): Object 'Object Repository/Page_Members Area/Profiles/Page_Members Area/button_Save Search Appearance Info' is present

2019-10-31 15:37:20 - [MESSAGE][PASSED] - Object 'Object Repository/Page_Members Area/Profiles/Page_Members Area/button_Save Search Appearance Info' is present

2019-10-31 15:37:20 - [TEST_STEP][PASSED] - "---------------------------------": null

2019-10-31 15:37:20 - [TEST_STEP][PASSED] - "THIS TAB - Profile Text          |": null

2019-10-31 15:37:20 - [TEST_STEP][PASSED] - verifyTextPresent(findTestData("Members_Test_Data").getValue("MEMBER_ID", 1), false): Text '218630' is present on page 

2019-10-31 15:37:21 - [MESSAGE][PASSED] - Text '218630' is present on page 

2019-10-31 15:37:21 - [TEST_STEP][PASSED] - verifyTextPresent("MEMBER ID", false): Text 'MEMBER ID' is present on page 

2019-10-31 15:37:21 - [MESSAGE][PASSED] - Text 'MEMBER ID' is present on page 

2019-10-31 15:37:21 - [TEST_STEP][PASSED] - verifyTextPresent("Update your search appearances text here", false): Text 'Update your search appearances text here' is present on page 

2019-10-31 15:37:21 - [MESSAGE][PASSED] - Text 'Update your search appearances text here' is present on page 

2019-10-31 15:37:21 - [TEST_STEP][PASSED] - verifyTextPresent("This is the text that appears in customer search results", false): Text 'This is the text that appears in customer search results' is present on page 

2019-10-31 15:37:21 - [MESSAGE][PASSED] - Text 'This is the text that appears in customer search results' is present on page 

2019-10-31 15:37:21 - [TEST_STEP][PASSED] - verifyTextPresent("You may change the description text that is displayed by editing it in the text box below", false): Text 'You may change the description text that is displayed by editing it in the text box below' is present on page 

2019-10-31 15:37:22 - [MESSAGE][PASSED] - Text 'You may change the description text that is displayed by editing it in the text box below' is present on page 

2019-10-31 15:37:22 - [TEST_STEP][PASSED] - verifyTextPresent("maximum limit of 190 characters", false): Text 'maximum limit of 190 characters' is present on page 

2019-10-31 15:37:22 - [MESSAGE][PASSED] - Text 'maximum limit of 190 characters' is present on page 

2019-10-31 15:37:22 - [TEST_STEP][PASSED] - "----------------------------------------------": null

2019-10-31 15:37:22 - [TEST_STEP][PASSED] - verifyTextPresent("Save Search Appearance Info", false): Text 'Save Search Appearance Info' is present on page 

2019-10-31 15:37:22 - [MESSAGE][PASSED] - Text 'Save Search Appearance Info' is present on page 

2019-10-31 15:37:22 - [TEST_STEP][PASSED] - verifyTextPresent("House rules: All changes will be moderated by Checkatrade staff", false): Text 'House rules: All changes will be moderated by Checkatrade staff' is present on page 

2019-10-31 15:37:22 - [MESSAGE][PASSED] - Text 'House rules: All changes will be moderated by Checkatrade staff' is present on page 

2019-10-31 15:37:22 - [TEST_STEP][PASSED] - verifyTextPresent("Undo", false): Text 'Undo' is present on page 

2019-10-31 15:37:23 - [MESSAGE][PASSED] - Text 'Undo' is present on page 

2019-10-31 15:37:23 - [TEST_STEP][PASSED] - back(): Navigate back successfully

2019-10-31 15:37:23 - [MESSAGE][PASSED] - Navigate back successfully

2019-10-31 15:37:23 - [MESSAGE][PASSED] - Call Test Case 'Test Cases/Reusable_Test_Sequences/Members_Area/Validation/Profiles/Search_Appearances' successfully

2019-10-31 15:37:23 - [TEST_STEP][PASSED] - callTestCase(findTestCase("Reusable_Test_Sequences/Members_Area/Area_Menu/Grow_You_Business/Profiles/Where_You_Work"), [:], STOP_ON_FAILURE): Call Test Case 'Test Cases/Reusable_Test_Sequences/Members_Area/Area_Menu/Grow_You_Business/Profiles/Where_You_Work' successfully

2019-10-31 15:37:23 - [TEST_CASE][PASSED] - Test Cases/Reusable_Test_Sequences/Members_Area/Area_Menu/Grow_You_Business/Profiles/Where_You_Work: Test Cases/Reusable_Test_Sequences/Members_Area/Area_Menu/Grow_You_Business/Profiles/Where_You_Work

2019-10-31 15:37:23 - [TEST_STEP][PASSED] - waitForElementPresent(findTestObject("Object Repository/Profiles_Page/Page_Members Area/a_Where you work"), 5): Object 'Object Repository/Profiles_Page/Page_Members Area/a_Where you work' is present

2019-10-31 15:37:23 - [MESSAGE][PASSED] - Object 'Object Repository/Profiles_Page/Page_Members Area/a_Where you work' is present

2019-10-31 15:37:23 - [TEST_STEP][PASSED] - click(findTestObject("Object Repository/Profiles_Page/Page_Members Area/a_Where you work")): Object: 'Object Repository/Profiles_Page/Page_Members Area/a_Where you work' is clicked on

2019-10-31 15:37:23 - [MESSAGE][PASSED] - Object: 'Object Repository/Profiles_Page/Page_Members Area/a_Where you work' is clicked on

2019-10-31 15:37:23 - [MESSAGE][PASSED] - Call Test Case 'Test Cases/Reusable_Test_Sequences/Members_Area/Area_Menu/Grow_You_Business/Profiles/Where_You_Work' successfully

2019-10-31 15:37:23 - [TEST_STEP][PASSED] - callTestCase(findTestCase("Reusable_Test_Sequences/Members_Area/Validation/Profiles/Where_You_Work"), [:], CONTINUE_ON_FAILURE): Call Test Case 'Test Cases/Reusable_Test_Sequences/Members_Area/Validation/Profiles/Where_You_Work' successfully

2019-10-31 15:37:23 - [TEST_CASE][PASSED] - Test Cases/Reusable_Test_Sequences/Members_Area/Validation/Profiles/Where_You_Work: Test Cases/Reusable_Test_Sequences/Members_Area/Validation/Profiles/Where_You_Work

2019-10-31 15:37:24 - [TEST_STEP][PASSED] - waitForPageLoad(50): Wait for page load successfully

2019-10-31 15:37:24 - [MESSAGE][PASSED] - Wait for page load successfully

2019-10-31 15:37:24 - [TEST_STEP][PASSED] - waitForElementPresent(findTestObject("Object Repository/Profiles_Page/Page_Members Area/h2_Update your work area here"), 50): Object 'Object Repository/Profiles_Page/Page_Members Area/h2_Update your work area here' is present

2019-10-31 15:37:24 - [MESSAGE][PASSED] - Object 'Object Repository/Profiles_Page/Page_Members Area/h2_Update your work area here' is present

2019-10-31 15:37:24 - [TEST_STEP][PASSED] - "---------------------------------": null

2019-10-31 15:37:24 - [TEST_STEP][PASSED] - "THIS TAB - Where You Work        |": null

2019-10-31 15:37:24 - [TEST_STEP][PASSED] - delay(5): Delayed 5 second(s)

2019-10-31 15:37:29 - [MESSAGE][PASSED] - Delayed 5 second(s)

2019-10-31 15:37:29 - [TEST_STEP][PASSED] - verifyTextPresent(findTestData("Members_Test_Data").getValue("MEMBER_ID", 1), false): Text '218630' is present on page 

2019-10-31 15:37:29 - [MESSAGE][PASSED] - Text '218630' is present on page 

2019-10-31 15:37:29 - [TEST_STEP][PASSED] - verifyTextPresent("MEMBER ID", false): Text 'MEMBER ID' is present on page 

2019-10-31 15:37:30 - [MESSAGE][PASSED] - Text 'MEMBER ID' is present on page 

2019-10-31 15:37:30 - [TEST_STEP][PASSED] - verifyTextPresent("Update your work area here", false): Text 'Update your work area here' is present on page 

2019-10-31 15:37:31 - [MESSAGE][PASSED] - Text 'Update your work area here' is present on page 

2019-10-31 15:37:31 - [TEST_STEP][PASSED] - verifyTextPresent("Approximate Coverage", false): Text 'Approximate Coverage' is present on page 

2019-10-31 15:37:31 - [MESSAGE][PASSED] - Text 'Approximate Coverage' is present on page 

2019-10-31 15:37:31 - [TEST_STEP][PASSED] - verifyTextPresent("Work Radius", false): Text 'Work Radius' is present on page 

2019-10-31 15:37:32 - [MESSAGE][PASSED] - Text 'Work Radius' is present on page 

2019-10-31 15:37:32 - [TEST_STEP][PASSED] - verifyTextPresent("Your Checkatrade.com web page describes where you work", false): Text 'Your Checkatrade.com web page describes where you work' is present on page 

2019-10-31 15:37:32 - [MESSAGE][PASSED] - Text 'Your Checkatrade.com web page describes where you work' is present on page 

2019-10-31 15:37:32 - [TEST_STEP][PASSED] - verifyTextPresent("Please enter a comma-separated list of areas that you are prepared to work", false): Text 'Please enter a comma-separated list of areas that you are prepared to work' is present on page 

2019-10-31 15:37:33 - [MESSAGE][PASSED] - Text 'Please enter a comma-separated list of areas that you are prepared to work' is present on page 

2019-10-31 15:37:33 - [TEST_STEP][PASSED] - scrollToElement(findTestObject("Object Repository/Page_Members Area/Profiles/Page_Members Area/button_Save Work Location"), 2): Scroll to object 'Object Repository/Page_Members Area/Profiles/Page_Members Area/button_Save Work Location' successfully

2019-10-31 15:37:33 - [MESSAGE][PASSED] - Scroll to object 'Object Repository/Page_Members Area/Profiles/Page_Members Area/button_Save Work Location' successfully

2019-10-31 15:37:33 - [TEST_STEP][PASSED] - waitForElementPresent(findTestObject("Object Repository/Page_Members Area/Profiles/Page_Members Area/button_Save Work Location"), 2): Object 'Object Repository/Page_Members Area/Profiles/Page_Members Area/button_Save Work Location' is present

2019-10-31 15:37:33 - [MESSAGE][PASSED] - Object 'Object Repository/Page_Members Area/Profiles/Page_Members Area/button_Save Work Location' is present

2019-10-31 15:37:33 - [TEST_STEP][PASSED] - "----------------------------------------------": null

2019-10-31 15:37:33 - [TEST_STEP][PASSED] - "----------------------------------------------": null

2019-10-31 15:37:33 - [TEST_STEP][PASSED] - verifyTextPresent("Southampton Area", false): Text 'Southampton Area' is present on page 

2019-10-31 15:37:34 - [MESSAGE][PASSED] - Text 'Southampton Area' is present on page 

2019-10-31 15:37:34 - [TEST_STEP][PASSED] - verifyTextPresent("Within M25", false): Text 'Within M25' is present on page 

2019-10-31 15:37:34 - [MESSAGE][PASSED] - Text 'Within M25' is present on page 

2019-10-31 15:37:34 - [TEST_STEP][PASSED] - verifyTextPresent("40 miles of Reading", false): Text '40 miles of Reading' is present on page 

2019-10-31 15:37:34 - [MESSAGE][PASSED] - Text '40 miles of Reading' is present on page 

2019-10-31 15:37:34 - [TEST_STEP][PASSED] - verifyTextPresent("All BN postcode areas", false): Text 'All BN postcode areas' is present on page 

2019-10-31 15:37:35 - [MESSAGE][PASSED] - Text 'All BN postcode areas' is present on page 

2019-10-31 15:37:35 - [TEST_STEP][PASSED] - verifyTextPresent("Keep the locations quite general to fit inside the 200 character limit", false): Text 'Keep the locations quite general to fit inside the 200 character limit' is present on page 

2019-10-31 15:37:36 - [MESSAGE][PASSED] - Text 'Keep the locations quite general to fit inside the 200 character limit' is present on page 

2019-10-31 15:37:36 - [TEST_STEP][PASSED] - verifyTextPresent("To increase your work radius to more than 100 miles, please contact members service", false): Text 'To increase your work radius to more than 100 miles, please contact members service' is present on page 

2019-10-31 15:37:36 - [MESSAGE][PASSED] - Text 'To increase your work radius to more than 100 miles, please contact members service' is present on page 

2019-10-31 15:37:36 - [TEST_STEP][PASSED] - verifyTextPresent("House rules: All changes will be moderated by Checkatrade staff", false): Text 'House rules: All changes will be moderated by Checkatrade staff' is present on page 

2019-10-31 15:37:37 - [MESSAGE][PASSED] - Text 'House rules: All changes will be moderated by Checkatrade staff' is present on page 

2019-10-31 15:37:37 - [TEST_STEP][PASSED] - verifyTextPresent("Save Work Location", false): Text 'Save Work Location' is present on page 

2019-10-31 15:37:37 - [MESSAGE][PASSED] - Text 'Save Work Location' is present on page 

2019-10-31 15:37:37 - [TEST_STEP][PASSED] - back(): Navigate back successfully

2019-10-31 15:37:37 - [MESSAGE][PASSED] - Navigate back successfully

2019-10-31 15:37:37 - [MESSAGE][PASSED] - Call Test Case 'Test Cases/Reusable_Test_Sequences/Members_Area/Validation/Profiles/Where_You_Work' successfully

2019-10-31 15:37:37 - [TEST_STEP][PASSED] - callTestCase(findTestCase("Reusable_Test_Sequences/Members_Area/Area_Menu/Grow_You_Business/Profiles/Company_Logo"), [:], STOP_ON_FAILURE): Call Test Case 'Test Cases/Reusable_Test_Sequences/Members_Area/Area_Menu/Grow_You_Business/Profiles/Company_Logo' successfully

2019-10-31 15:37:37 - [TEST_CASE][PASSED] - Test Cases/Reusable_Test_Sequences/Members_Area/Area_Menu/Grow_You_Business/Profiles/Company_Logo: Test Cases/Reusable_Test_Sequences/Members_Area/Area_Menu/Grow_You_Business/Profiles/Company_Logo

2019-10-31 15:37:38 - [TEST_STEP][PASSED] - waitForElementPresent(findTestObject("Object Repository/Profiles_Page/Page_Members Area/a_Company logo"), 25): Object 'Object Repository/Profiles_Page/Page_Members Area/a_Company logo' is present

2019-10-31 15:37:38 - [MESSAGE][PASSED] - Object 'Object Repository/Profiles_Page/Page_Members Area/a_Company logo' is present

2019-10-31 15:37:38 - [TEST_STEP][PASSED] - click(findTestObject("Object Repository/Profiles_Page/Page_Members Area/a_Company logo")): Object: 'Object Repository/Profiles_Page/Page_Members Area/a_Company logo' is clicked on

2019-10-31 15:37:38 - [MESSAGE][PASSED] - Object: 'Object Repository/Profiles_Page/Page_Members Area/a_Company logo' is clicked on

2019-10-31 15:37:38 - [MESSAGE][PASSED] - Call Test Case 'Test Cases/Reusable_Test_Sequences/Members_Area/Area_Menu/Grow_You_Business/Profiles/Company_Logo' successfully

2019-10-31 15:37:38 - [TEST_STEP][PASSED] - callTestCase(findTestCase("Reusable_Test_Sequences/Members_Area/Validation/Profiles/Company_Logo"), [:], CONTINUE_ON_FAILURE): Call Test Case 'Test Cases/Reusable_Test_Sequences/Members_Area/Validation/Profiles/Company_Logo' successfully

2019-10-31 15:37:38 - [TEST_CASE][PASSED] - Test Cases/Reusable_Test_Sequences/Members_Area/Validation/Profiles/Company_Logo: Test Cases/Reusable_Test_Sequences/Members_Area/Validation/Profiles/Company_Logo

2019-10-31 15:37:39 - [TEST_STEP][PASSED] - waitForElementPresent(findTestObject("Object Repository/Profiles_Page/Page_Members Area/button_Upload Company Logo"), 25): Object 'Object Repository/Profiles_Page/Page_Members Area/button_Upload Company Logo' is present

2019-10-31 15:37:39 - [MESSAGE][PASSED] - Object 'Object Repository/Profiles_Page/Page_Members Area/button_Upload Company Logo' is present

2019-10-31 15:37:39 - [TEST_STEP][PASSED] - "---------------------------------": null

2019-10-31 15:37:39 - [TEST_STEP][PASSED] - "THIS TAB - Company Logo Image    |": null

2019-10-31 15:37:39 - [TEST_STEP][PASSED] - verifyTextPresent(findTestData("Members_Test_Data").getValue("MEMBER_ID", 1), false): Text '218630' is present on page 

2019-10-31 15:37:39 - [MESSAGE][PASSED] - Text '218630' is present on page 

2019-10-31 15:37:39 - [TEST_STEP][PASSED] - verifyTextPresent("MEMBER ID", false): Text 'MEMBER ID' is present on page 

2019-10-31 15:37:40 - [MESSAGE][PASSED] - Text 'MEMBER ID' is present on page 

2019-10-31 15:37:40 - [TEST_STEP][PASSED] - verifyTextPresent("Choose a new image", false): Text 'Choose a new image' is present on page 

2019-10-31 15:37:41 - [MESSAGE][PASSED] - Text 'Choose a new image' is present on page 

2019-10-31 15:37:41 - [TEST_STEP][PASSED] - verifyTextPresent("The new logo needs to be a JPEG", false): Text 'The new logo needs to be a JPEG' is present on page 

2019-10-31 15:37:41 - [MESSAGE][PASSED] - Text 'The new logo needs to be a JPEG' is present on page 

2019-10-31 15:37:41 - [TEST_STEP][PASSED] - verifyTextPresent("For best results, the image should be", false): Text 'For best results, the image should be' is present on page 

2019-10-31 15:37:41 - [MESSAGE][PASSED] - Text 'For best results, the image should be' is present on page 

2019-10-31 15:37:41 - [TEST_STEP][PASSED] - verifyTextPresent("The image has to be 8MB or smaller", false): Text 'The image has to be 8MB or smaller' is present on page 

2019-10-31 15:37:42 - [MESSAGE][PASSED] - Text 'The image has to be 8MB or smaller' is present on page 

2019-10-31 15:37:42 - [TEST_STEP][PASSED] - verifyTextPresent("All changes are monitored by Checkatrade staff", false): Text 'All changes are monitored by Checkatrade staff' is present on page 

2019-10-31 15:37:42 - [MESSAGE][PASSED] - Text 'All changes are monitored by Checkatrade staff' is present on page 

2019-10-31 15:37:42 - [TEST_STEP][PASSED] - verifyTextPresent("Upload Company Logo", false): Text 'Upload Company Logo' is present on page 

2019-10-31 15:37:42 - [MESSAGE][PASSED] - Text 'Upload Company Logo' is present on page 

2019-10-31 15:37:42 - [TEST_STEP][PASSED] - verifyTextPresent("By uploading a logo you are confirming", false): Text 'By uploading a logo you are confirming' is present on page 

2019-10-31 15:37:42 - [MESSAGE][PASSED] - Text 'By uploading a logo you are confirming' is present on page 

2019-10-31 15:37:42 - [TEST_STEP][PASSED] - verifyTextPresent("House rules: All changes will be moderated", false): Text 'House rules: All changes will be moderated' is present on page 

2019-10-31 15:37:43 - [MESSAGE][PASSED] - Text 'House rules: All changes will be moderated' is present on page 

2019-10-31 15:37:43 - [TEST_STEP][PASSED] - "----------------------------------------------": null

2019-10-31 15:37:43 - [TEST_STEP][PASSED] - waitForElementClickable(findTestObject("Page_Members Area/Profiles/Page_Members Area/label_By uploading a logo"), 25): Object 'Object Repository/Page_Members Area/Profiles/Page_Members Area/label_By uploading a logo' is clickable

2019-10-31 15:37:43 - [MESSAGE][PASSED] - Object 'Object Repository/Page_Members Area/Profiles/Page_Members Area/label_By uploading a logo' is clickable

2019-10-31 15:37:43 - [TEST_STEP][PASSED] - click(findTestObject("Page_Members Area/Profiles/Page_Members Area/label_By uploading a logo")): Object: 'Object Repository/Page_Members Area/Profiles/Page_Members Area/label_By uploading a logo' is clicked on

2019-10-31 15:37:43 - [MESSAGE][PASSED] - Object: 'Object Repository/Page_Members Area/Profiles/Page_Members Area/label_By uploading a logo' is clicked on

2019-10-31 15:37:43 - [TEST_STEP][PASSED] - waitForElementClickable(findTestObject("Object Repository/Profiles_Page/Page_Members Area/button_Upload Company Logo"), 25): Object 'Object Repository/Profiles_Page/Page_Members Area/button_Upload Company Logo' is clickable

2019-10-31 15:37:43 - [MESSAGE][PASSED] - Object 'Object Repository/Profiles_Page/Page_Members Area/button_Upload Company Logo' is clickable

2019-10-31 15:37:43 - [TEST_STEP][PASSED] - click(findTestObject("Object Repository/Profiles_Page/Page_Members Area/button_Upload Company Logo")): Object: 'Object Repository/Profiles_Page/Page_Members Area/button_Upload Company Logo' is clicked on

2019-10-31 15:37:44 - [MESSAGE][PASSED] - Object: 'Object Repository/Profiles_Page/Page_Members Area/button_Upload Company Logo' is clicked on

2019-10-31 15:37:44 - [TEST_STEP][PASSED] - "----------------------------------------------": null

2019-10-31 15:37:44 - [TEST_STEP][PASSED] - delay(1): Delayed 1 second(s)

2019-10-31 15:37:45 - [MESSAGE][PASSED] - Delayed 1 second(s)

2019-10-31 15:37:45 - [TEST_STEP][PASSED] - waitForElementPresent(findTestObject("Object Repository/Profiles_Page/Page_Members Area/button_Close"), 25): Object 'Object Repository/Profiles_Page/Page_Members Area/button_Close' is present

2019-10-31 15:37:45 - [MESSAGE][PASSED] - Object 'Object Repository/Profiles_Page/Page_Members Area/button_Close' is present

2019-10-31 15:37:45 - [TEST_STEP][PASSED] - verifyTextPresent("Add Company Logo", false): Text 'Add Company Logo' is present on page 

2019-10-31 15:37:45 - [MESSAGE][PASSED] - Text 'Add Company Logo' is present on page 

2019-10-31 15:37:45 - [TEST_STEP][PASSED] - verifyTextPresent("Your New Logo", false): Text 'Your New Logo' is present on page 

2019-10-31 15:37:46 - [MESSAGE][PASSED] - Text 'Your New Logo' is present on page 

2019-10-31 15:37:46 - [TEST_STEP][PASSED] - verifyTextPresent("Select Logo", false): Text 'Select Logo' is present on page 

2019-10-31 15:37:47 - [MESSAGE][PASSED] - Text 'Select Logo' is present on page 

2019-10-31 15:37:47 - [TEST_STEP][PASSED] - verifyTextPresent("The new photo needs to be a JPEG", false): Text 'The new photo needs to be a JPEG' is present on page 

2019-10-31 15:37:47 - [MESSAGE][PASSED] - Text 'The new photo needs to be a JPEG' is present on page 

2019-10-31 15:37:47 - [TEST_STEP][PASSED] - verifyTextPresent("For best results, the image should be", false): Text 'For best results, the image should be' is present on page 

2019-10-31 15:37:48 - [MESSAGE][PASSED] - Text 'For best results, the image should be' is present on page 

2019-10-31 15:37:48 - [TEST_STEP][PASSED] - verifyTextPresent("The image has to be 8MB or smaller", false): Text 'The image has to be 8MB or smaller' is present on page 

2019-10-31 15:37:49 - [MESSAGE][PASSED] - Text 'The image has to be 8MB or smaller' is present on page 

2019-10-31 15:37:49 - [TEST_STEP][PASSED] - verifyTextPresent("We recommend these browsers", false): Text 'We recommend these browsers' is present on page 

2019-10-31 15:37:49 - [MESSAGE][PASSED] - Text 'We recommend these browsers' is present on page 

2019-10-31 15:37:49 - [TEST_STEP][PASSED] - verifyTextPresent("Close", false): Text 'Close' is present on page 

2019-10-31 15:37:49 - [MESSAGE][PASSED] - Text 'Close' is present on page 

2019-10-31 15:37:49 - [TEST_STEP][PASSED] - "----------------------------------------------": null

2019-10-31 15:37:49 - [TEST_STEP][PASSED] - click(findTestObject("Object Repository/Profiles_Page/Page_Members Area/button_Select Logo")): Object: 'Object Repository/Profiles_Page/Page_Members Area/button_Select Logo' is clicked on

2019-10-31 15:37:50 - [MESSAGE][PASSED] - Object: 'Object Repository/Profiles_Page/Page_Members Area/button_Select Logo' is clicked on

2019-10-31 15:37:50 - [TEST_STEP][PASSED] - delay(2): Delayed 2 second(s)

2019-10-31 15:37:52 - [MESSAGE][PASSED] - Delayed 2 second(s)

2019-10-31 15:37:52 - [TEST_STEP][PASSED] - callTestCase(findTestCase("Reusable_Test_Sequences/Utils/Dispel_Windows_Dialog"), [:], CONTINUE_ON_FAILURE): Call Test Case 'Test Cases/Reusable_Test_Sequences/Utils/Dispel_Windows_Dialog' successfully

2019-10-31 15:37:52 - [TEST_CASE][PASSED] - Test Cases/Reusable_Test_Sequences/Utils/Dispel_Windows_Dialog: Test Cases/Reusable_Test_Sequences/Utils/Dispel_Windows_Dialog

2019-10-31 15:37:53 - [TEST_STEP][PASSED] - "----------------------------------------------": null

2019-10-31 15:37:53 - [TEST_STEP][PASSED] - delay(2): Delayed 2 second(s)

2019-10-31 15:37:55 - [MESSAGE][PASSED] - Delayed 2 second(s)

2019-10-31 15:37:55 - [TEST_STEP][PASSED] - robot = new java.awt.Robot(): null

2019-10-31 15:37:55 - [TEST_STEP][PASSED] - robot.keyPress(VK_ESCAPE): null

2019-10-31 15:37:55 - [TEST_STEP][PASSED] - delay(1): Delayed 1 second(s)

2019-10-31 15:37:56 - [MESSAGE][PASSED] - Delayed 1 second(s)

2019-10-31 15:37:56 - [TEST_STEP][PASSED] - robot.keyRelease(VK_ESCAPE): null

2019-10-31 15:37:56 - [TEST_STEP][PASSED] - delay(1): Delayed 1 second(s)

2019-10-31 15:37:57 - [MESSAGE][PASSED] - Delayed 1 second(s)

2019-10-31 15:37:57 - [TEST_STEP][PASSED] - robot.keyPress(VK_ESCAPE): null

2019-10-31 15:37:57 - [TEST_STEP][PASSED] - delay(1): Delayed 1 second(s)

2019-10-31 15:37:58 - [MESSAGE][PASSED] - Delayed 1 second(s)

2019-10-31 15:37:58 - [TEST_STEP][PASSED] - robot.keyRelease(VK_ESCAPE): null

2019-10-31 15:37:58 - [TEST_STEP][PASSED] - delay(1): Delayed 1 second(s)

2019-10-31 15:37:59 - [MESSAGE][PASSED] - Delayed 1 second(s)

2019-10-31 15:37:59 - [MESSAGE][PASSED] - Call Test Case 'Test Cases/Reusable_Test_Sequences/Utils/Dispel_Windows_Dialog' successfully

2019-10-31 15:37:59 - [TEST_STEP][PASSED] - "----------------------------------------------": null

2019-10-31 15:37:59 - [TEST_STEP][PASSED] - "----------------------------------------------": null

2019-10-31 15:37:59 - [TEST_STEP][PASSED] - "----------------------------------------------": null

2019-10-31 15:37:59 - [TEST_STEP][PASSED] - waitForElementPresent(findTestObject("Object Repository/Profiles_Page/Page_Members Area/button_Upload Company Logo"), 25): Object 'Object Repository/Profiles_Page/Page_Members Area/button_Upload Company Logo' is present

2019-10-31 15:37:59 - [MESSAGE][PASSED] - Object 'Object Repository/Profiles_Page/Page_Members Area/button_Upload Company Logo' is present

2019-10-31 15:37:59 - [TEST_STEP][PASSED] - back(): Navigate back successfully

2019-10-31 15:37:59 - [MESSAGE][PASSED] - Navigate back successfully

2019-10-31 15:37:59 - [MESSAGE][PASSED] - Call Test Case 'Test Cases/Reusable_Test_Sequences/Members_Area/Validation/Profiles/Company_Logo' successfully

2019-10-31 15:37:59 - [TEST_STEP][PASSED] - callTestCase(findTestCase("Reusable_Test_Sequences/Members_Area/Area_Menu/Grow_You_Business/Profiles/BAnner_Image"), [:], STOP_ON_FAILURE): Call Test Case 'Test Cases/Reusable_Test_Sequences/Members_Area/Area_Menu/Grow_You_Business/Profiles/BAnner_Image' successfully

2019-10-31 15:37:59 - [TEST_CASE][PASSED] - Test Cases/Reusable_Test_Sequences/Members_Area/Area_Menu/Grow_You_Business/Profiles/BAnner_Image: Test Cases/Reusable_Test_Sequences/Members_Area/Area_Menu/Grow_You_Business/Profiles/BAnner_Image

2019-10-31 15:37:59 - [TEST_STEP][PASSED] - waitForElementPresent(findTestObject("Object Repository/Profiles_Page/Page_Members Area/a_Banner image"), 25): Object 'Object Repository/Profiles_Page/Page_Members Area/a_Banner image' is present

2019-10-31 15:37:59 - [MESSAGE][PASSED] - Object 'Object Repository/Profiles_Page/Page_Members Area/a_Banner image' is present

2019-10-31 15:37:59 - [TEST_STEP][PASSED] - click(findTestObject("Object Repository/Profiles_Page/Page_Members Area/a_Banner image")): Object: 'Object Repository/Profiles_Page/Page_Members Area/a_Banner image' is clicked on

2019-10-31 15:38:00 - [MESSAGE][PASSED] - Object: 'Object Repository/Profiles_Page/Page_Members Area/a_Banner image' is clicked on

2019-10-31 15:38:00 - [MESSAGE][PASSED] - Call Test Case 'Test Cases/Reusable_Test_Sequences/Members_Area/Area_Menu/Grow_You_Business/Profiles/BAnner_Image' successfully

2019-10-31 15:38:00 - [TEST_STEP][FAILED] - callTestCase(findTestCase("Reusable_Test_Sequences/Members_Area/Validation/Profiles/Banner_Image"), [:], CONTINUE_ON_FAILURE): Unable to call Test Case 'Test Cases/Reusable_Test_Sequences/Members_Area/Validation/Profiles/Banner_Image' (Root cause: com.kms.katalon.core.exception.StepFailedException: Call Test Case 'Test Cases/Reusable_Test_Sequences/Members_Area/Validation/Profiles/Banner_Image' failed
	at com.kms.katalon.core.keyword.builtin.CallTestCaseKeyword$_callTestCase_closure1.doCall(CallTestCaseKeyword.groovy:63)
	at com.kms.katalon.core.keyword.builtin.CallTestCaseKeyword$_callTestCase_closure1.call(CallTestCaseKeyword.groovy)
	at com.kms.katalon.core.keyword.internal.KeywordMain.runKeyword(KeywordMain.groovy:68)
	at com.kms.katalon.core.keyword.builtin.CallTestCaseKeyword.callTestCase(CallTestCaseKeyword.groovy:81)
	at com.kms.katalon.core.keyword.builtin.CallTestCaseKeyword.execute(CallTestCaseKeyword.groovy:44)
	at com.kms.katalon.core.keyword.internal.KeywordExecutor.executeKeywordForPlatform(KeywordExecutor.groovy:60)
	at com.kms.katalon.core.keyword.BuiltinKeywords.callTestCase(BuiltinKeywords.groovy:334)
	at My_Profile_Page.run(My_Profile_Page:134)
	at com.kms.katalon.core.main.ScriptEngine.run(ScriptEngine.java:194)
	at com.kms.katalon.core.main.ScriptEngine.runScriptAsRawText(ScriptEngine.java:119)
	at com.kms.katalon.core.main.TestCaseExecutor.runScript(TestCaseExecutor.java:337)
	at com.kms.katalon.core.main.TestCaseExecutor.doExecute(TestCaseExecutor.java:328)
	at com.kms.katalon.core.main.TestCaseExecutor.processExecutionPhase(TestCaseExecutor.java:307)
	at com.kms.katalon.core.main.TestCaseExecutor.accessMainPhase(TestCaseExecutor.java:299)
	at com.kms.katalon.core.main.TestCaseExecutor.execute(TestCaseExecutor.java:233)
	at com.kms.katalon.core.main.TestSuiteExecutor.accessTestCaseMainPhase(TestSuiteExecutor.java:169)
	at com.kms.katalon.core.main.TestSuiteExecutor.accessTestSuiteMainPhase(TestSuiteExecutor.java:142)
	at com.kms.katalon.core.main.TestSuiteExecutor.execute(TestSuiteExecutor.java:91)
	at com.kms.katalon.core.main.TestCaseMain.startTestSuite(TestCaseMain.java:157)
	at com.kms.katalon.core.main.TestCaseMain$startTestSuite$0.call(Unknown Source)
	at TempTestSuite1572536119934.run(TempTestSuite1572536119934.groovy:36)
Caused by: com.kms.katalon.core.exception.StepFailedException: Text 'Update your company banner image here' is not present on page  (Root cause: com.kms.katalon.core.exception.StepFailedException: Text 'Update your company banner image here' is not present on page 
	at com.kms.katalon.core.webui.keyword.internal.WebUIKeywordMain.stepFailed(WebUIKeywordMain.groovy:64)
	at com.kms.katalon.core.webui.keyword.builtin.VerifyTextPresentKeyword$_verifyTextPresent_closure1.doCall(VerifyTextPresentKeyword.groovy:79)
	at com.kms.katalon.core.webui.keyword.builtin.VerifyTextPresentKeyword$_verifyTextPresent_closure1.call(VerifyTextPresentKeyword.groovy)
	at com.kms.katalon.core.webui.keyword.internal.WebUIKeywordMain.runKeyword(WebUIKeywordMain.groovy:20)
	at com.kms.katalon.core.webui.keyword.builtin.VerifyTextPresentKeyword.verifyTextPresent(VerifyTextPresentKeyword.groovy:83)
	at com.kms.katalon.core.webui.keyword.builtin.VerifyTextPresentKeyword.execute(VerifyTextPresentKeyword.groovy:68)
	at com.kms.katalon.core.keyword.internal.KeywordExecutor.executeKeywordForPlatform(KeywordExecutor.groovy:60)
	at com.kms.katalon.core.webui.keyword.WebUiBuiltInKeywords.verifyTextPresent(WebUiBuiltInKeywords.groovy:1693)
	at com.kms.katalon.core.webui.keyword.WebUiBuiltInKeywords$verifyTextPresent$2.call(Unknown Source)
	at Banner_Image.run(Banner_Image:70)
	at com.kms.katalon.core.main.ScriptEngine.run(ScriptEngine.java:194)
	at com.kms.katalon.core.main.ScriptEngine.runScriptAsRawText(ScriptEngine.java:119)
	at com.kms.katalon.core.main.TestCaseExecutor.runScript(TestCaseExecutor.java:337)
	at com.kms.katalon.core.main.TestCaseExecutor.doExecute(TestCaseExecutor.java:328)
	at com.kms.katalon.core.main.TestCaseExecutor.processExecutionPhase(TestCaseExecutor.java:307)
	at com.kms.katalon.core.main.TestCaseExecutor.accessMainPhase(TestCaseExecutor.java:299)
	at com.kms.katalon.core.main.TestCaseExecutor.execute(TestCaseExecutor.java:233)
	at com.kms.katalon.core.main.TestCaseMain.runTestCase(TestCaseMain.java:114)
	at com.kms.katalon.core.keyword.builtin.CallTestCaseKeyword$_callTestCase_closure1.doCall(CallTestCaseKeyword.groovy:59)
	at com.kms.katalon.core.keyword.builtin.CallTestCaseKeyword$_callTestCase_closure1.call(CallTestCaseKeyword.groovy)
	at com.kms.katalon.core.keyword.internal.KeywordMain.runKeyword(KeywordMain.groovy:68)
	at com.kms.katalon.core.keyword.builtin.CallTestCaseKeyword.callTestCase(CallTestCaseKeyword.groovy:81)
	at com.kms.katalon.core.keyword.builtin.CallTestCaseKeyword.execute(CallTestCaseKeyword.groovy:44)
	at com.kms.katalon.core.keyword.internal.KeywordExecutor.executeKeywordForPlatform(KeywordExecutor.groovy:60)
	at com.kms.katalon.core.keyword.BuiltinKeywords.callTestCase(BuiltinKeywords.groovy:334)
	at My_Profile_Page.run(My_Profile_Page:134)
	at com.kms.katalon.core.main.ScriptEngine.run(ScriptEngine.java:194)
	at com.kms.katalon.core.main.ScriptEngine.runScriptAsRawText(ScriptEngine.java:119)
	at com.kms.katalon.core.main.TestCaseExecutor.runScript(TestCaseExecutor.java:337)
	at com.kms.katalon.core.main.TestCaseExecutor.doExecute(TestCaseExecutor.java:328)
	at com.kms.katalon.core.main.TestCaseExecutor.processExecutionPhase(TestCaseExecutor.java:307)
	at com.kms.katalon.core.main.TestCaseExecutor.accessMainPhase(TestCaseExecutor.java:299)
	at com.kms.katalon.core.main.TestCaseExecutor.execute(TestCaseExecutor.java:233)
	at com.kms.katalon.core.main.TestSuiteExecutor.accessTestCaseMainPhase(TestSuiteExecutor.java:169)
	at com.kms.katalon.core.main.TestSuiteExecutor.accessTestSuiteMainPhase(TestSuiteExecutor.java:142)
	at com.kms.katalon.core.main.TestSuiteExecutor.execute(TestSuiteExecutor.java:91)
	at com.kms.katalon.core.main.TestCaseMain.startTestSuite(TestCaseMain.java:157)
	at com.kms.katalon.core.main.TestCaseMain$startTestSuite$0.call(Unknown Source)
	at TempTestSuite1572536119934.run(TempTestSuite1572536119934.groovy:36)
)
	at com.kms.katalon.core.keyword.internal.KeywordMain.stepFailed(KeywordMain.groovy:39)
	at com.kms.katalon.core.webui.keyword.internal.WebUIKeywordMain.stepFailed(WebUIKeywordMain.groovy:64)
	at com.kms.katalon.core.webui.keyword.builtin.VerifyTextPresentKeyword$_verifyTextPresent_closure1.doCall(VerifyTextPresentKeyword.groovy:79)
	at com.kms.katalon.core.webui.keyword.builtin.VerifyTextPresentKeyword$_verifyTextPresent_closure1.call(VerifyTextPresentKeyword.groovy)
	at com.kms.katalon.core.webui.keyword.internal.WebUIKeywordMain.runKeyword(WebUIKeywordMain.groovy:20)
	at com.kms.katalon.core.webui.keyword.builtin.VerifyTextPresentKeyword.verifyTextPresent(VerifyTextPresentKeyword.groovy:83)
	at com.kms.katalon.core.webui.keyword.builtin.VerifyTextPresentKeyword.execute(VerifyTextPresentKeyword.groovy:68)
	at com.kms.katalon.core.keyword.internal.KeywordExecutor.executeKeywordForPlatform(KeywordExecutor.groovy:60)
	at com.kms.katalon.core.webui.keyword.WebUiBuiltInKeywords.verifyTextPresent(WebUiBuiltInKeywords.groovy:1693)
	at com.kms.katalon.core.webui.keyword.WebUiBuiltInKeywords$verifyTextPresent$2.call(Unknown Source)
	at Banner_Image.run(Banner_Image:70)
	at com.kms.katalon.core.main.ScriptEngine.run(ScriptEngine.java:194)
	at com.kms.katalon.core.main.ScriptEngine.runScriptAsRawText(ScriptEngine.java:119)
	at com.kms.katalon.core.main.TestCaseExecutor.runScript(TestCaseExecutor.java:337)
	at com.kms.katalon.core.main.TestCaseExecutor.doExecute(TestCaseExecutor.java:328)
	at com.kms.katalon.core.main.TestCaseExecutor.processExecutionPhase(TestCaseExecutor.java:307)
	at com.kms.katalon.core.main.TestCaseExecutor.accessMainPhase(TestCaseExecutor.java:299)
	at com.kms.katalon.core.main.TestCaseExecutor.execute(TestCaseExecutor.java:233)
	at com.kms.katalon.core.main.TestCaseMain.runTestCase(TestCaseMain.java:114)
	at com.kms.katalon.core.keyword.builtin.CallTestCaseKeyword$_callTestCase_closure1.doCall(CallTestCaseKeyword.groovy:59)
	... 20 more
Caused by: com.kms.katalon.core.exception.StepFailedException: Text 'Update your company banner image here' is not present on page 
	... 39 more
)

2019-10-31 15:38:00 - [TEST_CASE][FAILED] - Test Cases/Reusable_Test_Sequences/Members_Area/Validation/Profiles/Banner_Image: Test Cases/Reusable_Test_Sequences/Members_Area/Validation/Profiles/Banner_Image FAILED.
Reason:
com.kms.katalon.core.exception.StepFailedException: Text 'Update your company banner image here' is not present on page  (Root cause: com.kms.katalon.core.exception.StepFailedException: Text 'Update your company banner image here' is not present on page 
	at com.kms.katalon.core.webui.keyword.internal.WebUIKeywordMain.stepFailed(WebUIKeywordMain.groovy:64)
	at com.kms.katalon.core.webui.keyword.builtin.VerifyTextPresentKeyword$_verifyTextPresent_closure1.doCall(VerifyTextPresentKeyword.groovy:79)
	at com.kms.katalon.core.webui.keyword.builtin.VerifyTextPresentKeyword$_verifyTextPresent_closure1.call(VerifyTextPresentKeyword.groovy)
	at com.kms.katalon.core.webui.keyword.internal.WebUIKeywordMain.runKeyword(WebUIKeywordMain.groovy:20)
	at com.kms.katalon.core.webui.keyword.builtin.VerifyTextPresentKeyword.verifyTextPresent(VerifyTextPresentKeyword.groovy:83)
	at com.kms.katalon.core.webui.keyword.builtin.VerifyTextPresentKeyword.execute(VerifyTextPresentKeyword.groovy:68)
	at com.kms.katalon.core.keyword.internal.KeywordExecutor.executeKeywordForPlatform(KeywordExecutor.groovy:60)
	at com.kms.katalon.core.webui.keyword.WebUiBuiltInKeywords.verifyTextPresent(WebUiBuiltInKeywords.groovy:1693)
	at com.kms.katalon.core.webui.keyword.WebUiBuiltInKeywords$verifyTextPresent$2.call(Unknown Source)
	at Banner_Image.run(Banner_Image:70)
	at com.kms.katalon.core.main.ScriptEngine.run(ScriptEngine.java:194)
	at com.kms.katalon.core.main.ScriptEngine.runScriptAsRawText(ScriptEngine.java:119)
	at com.kms.katalon.core.main.TestCaseExecutor.runScript(TestCaseExecutor.java:337)
	at com.kms.katalon.core.main.TestCaseExecutor.doExecute(TestCaseExecutor.java:328)
	at com.kms.katalon.core.main.TestCaseExecutor.processExecutionPhase(TestCaseExecutor.java:307)
	at com.kms.katalon.core.main.TestCaseExecutor.accessMainPhase(TestCaseExecutor.java:299)
	at com.kms.katalon.core.main.TestCaseExecutor.execute(TestCaseExecutor.java:233)
	at com.kms.katalon.core.main.TestCaseMain.runTestCase(TestCaseMain.java:114)
	at com.kms.katalon.core.keyword.builtin.CallTestCaseKeyword$_callTestCase_closure1.doCall(CallTestCaseKeyword.groovy:59)
	at com.kms.katalon.core.keyword.builtin.CallTestCaseKeyword$_callTestCase_closure1.call(CallTestCaseKeyword.groovy)
	at com.kms.katalon.core.keyword.internal.KeywordMain.runKeyword(KeywordMain.groovy:68)
	at com.kms.katalon.core.keyword.builtin.CallTestCaseKeyword.callTestCase(CallTestCaseKeyword.groovy:81)
	at com.kms.katalon.core.keyword.builtin.CallTestCaseKeyword.execute(CallTestCaseKeyword.groovy:44)
	at com.kms.katalon.core.keyword.internal.KeywordExecutor.executeKeywordForPlatform(KeywordExecutor.groovy:60)
	at com.kms.katalon.core.keyword.BuiltinKeywords.callTestCase(BuiltinKeywords.groovy:334)
	at My_Profile_Page.run(My_Profile_Page:134)
	at com.kms.katalon.core.main.ScriptEngine.run(ScriptEngine.java:194)
	at com.kms.katalon.core.main.ScriptEngine.runScriptAsRawText(ScriptEngine.java:119)
	at com.kms.katalon.core.main.TestCaseExecutor.runScript(TestCaseExecutor.java:337)
	at com.kms.katalon.core.main.TestCaseExecutor.doExecute(TestCaseExecutor.java:328)
	at com.kms.katalon.core.main.TestCaseExecutor.processExecutionPhase(TestCaseExecutor.java:307)
	at com.kms.katalon.core.main.TestCaseExecutor.accessMainPhase(TestCaseExecutor.java:299)
	at com.kms.katalon.core.main.TestCaseExecutor.execute(TestCaseExecutor.java:233)
	at com.kms.katalon.core.main.TestSuiteExecutor.accessTestCaseMainPhase(TestSuiteExecutor.java:169)
	at com.kms.katalon.core.main.TestSuiteExecutor.accessTestSuiteMainPhase(TestSuiteExecutor.java:142)
	at com.kms.katalon.core.main.TestSuiteExecutor.execute(TestSuiteExecutor.java:91)
	at com.kms.katalon.core.main.TestCaseMain.startTestSuite(TestCaseMain.java:157)
	at com.kms.katalon.core.main.TestCaseMain$startTestSuite$0.call(Unknown Source)
	at TempTestSuite1572536119934.run(TempTestSuite1572536119934.groovy:36)
)
	at com.kms.katalon.core.keyword.internal.KeywordMain.stepFailed(KeywordMain.groovy:39)
	at com.kms.katalon.core.webui.keyword.internal.WebUIKeywordMain.stepFailed(WebUIKeywordMain.groovy:64)
	at com.kms.katalon.core.webui.keyword.builtin.VerifyTextPresentKeyword$_verifyTextPresent_closure1.doCall(VerifyTextPresentKeyword.groovy:79)
	at com.kms.katalon.core.webui.keyword.builtin.VerifyTextPresentKeyword$_verifyTextPresent_closure1.call(VerifyTextPresentKeyword.groovy)
	at com.kms.katalon.core.webui.keyword.internal.WebUIKeywordMain.runKeyword(WebUIKeywordMain.groovy:20)
	at com.kms.katalon.core.webui.keyword.builtin.VerifyTextPresentKeyword.verifyTextPresent(VerifyTextPresentKeyword.groovy:83)
	at com.kms.katalon.core.webui.keyword.builtin.VerifyTextPresentKeyword.execute(VerifyTextPresentKeyword.groovy:68)
	at com.kms.katalon.core.keyword.internal.KeywordExecutor.executeKeywordForPlatform(KeywordExecutor.groovy:60)
	at com.kms.katalon.core.webui.keyword.WebUiBuiltInKeywords.verifyTextPresent(WebUiBuiltInKeywords.groovy:1693)
	at com.kms.katalon.core.webui.keyword.WebUiBuiltInKeywords$verifyTextPresent$2.call(Unknown Source)
	at Banner_Image.run(Banner_Image:70)
	at com.kms.katalon.core.main.ScriptEngine.run(ScriptEngine.java:194)
	at com.kms.katalon.core.main.ScriptEngine.runScriptAsRawText(ScriptEngine.java:119)
	at com.kms.katalon.core.main.TestCaseExecutor.runScript(TestCaseExecutor.java:337)
	at com.kms.katalon.core.main.TestCaseExecutor.doExecute(TestCaseExecutor.java:328)
	at com.kms.katalon.core.main.TestCaseExecutor.processExecutionPhase(TestCaseExecutor.java:307)
	at com.kms.katalon.core.main.TestCaseExecutor.accessMainPhase(TestCaseExecutor.java:299)
	at com.kms.katalon.core.main.TestCaseExecutor.execute(TestCaseExecutor.java:233)
	at com.kms.katalon.core.main.TestCaseMain.runTestCase(TestCaseMain.java:114)
	at com.kms.katalon.core.keyword.builtin.CallTestCaseKeyword$_callTestCase_closure1.doCall(CallTestCaseKeyword.groovy:59)
	at com.kms.katalon.core.keyword.builtin.CallTestCaseKeyword$_callTestCase_closure1.call(CallTestCaseKeyword.groovy)
	at com.kms.katalon.core.keyword.internal.KeywordMain.runKeyword(KeywordMain.groovy:68)
	at com.kms.katalon.core.keyword.builtin.CallTestCaseKeyword.callTestCase(CallTestCaseKeyword.groovy:81)
	at com.kms.katalon.core.keyword.builtin.CallTestCaseKeyword.execute(CallTestCaseKeyword.groovy:44)
	at com.kms.katalon.core.keyword.internal.KeywordExecutor.executeKeywordForPlatform(KeywordExecutor.groovy:60)
	at com.kms.katalon.core.keyword.BuiltinKeywords.callTestCase(BuiltinKeywords.groovy:334)
	at My_Profile_Page.run(My_Profile_Page:134)
	at com.kms.katalon.core.main.ScriptEngine.run(ScriptEngine.java:194)
	at com.kms.katalon.core.main.ScriptEngine.runScriptAsRawText(ScriptEngine.java:119)
	at com.kms.katalon.core.main.TestCaseExecutor.runScript(TestCaseExecutor.java:337)
	at com.kms.katalon.core.main.TestCaseExecutor.doExecute(TestCaseExecutor.java:328)
	at com.kms.katalon.core.main.TestCaseExecutor.processExecutionPhase(TestCaseExecutor.java:307)
	at com.kms.katalon.core.main.TestCaseExecutor.accessMainPhase(TestCaseExecutor.java:299)
	at com.kms.katalon.core.main.TestCaseExecutor.execute(TestCaseExecutor.java:233)
	at com.kms.katalon.core.main.TestSuiteExecutor.accessTestCaseMainPhase(TestSuiteExecutor.java:169)
	at com.kms.katalon.core.main.TestSuiteExecutor.accessTestSuiteMainPhase(TestSuiteExecutor.java:142)
	at com.kms.katalon.core.main.TestSuiteExecutor.execute(TestSuiteExecutor.java:91)
	at com.kms.katalon.core.main.TestCaseMain.startTestSuite(TestCaseMain.java:157)
	at com.kms.katalon.core.main.TestCaseMain$startTestSuite$0.call(Unknown Source)
	at TempTestSuite1572536119934.run(TempTestSuite1572536119934.groovy:36)
Caused by: com.kms.katalon.core.exception.StepFailedException: Text 'Update your company banner image here' is not present on page 
	... 39 more


2019-10-31 15:38:00 - [TEST_STEP][PASSED] - waitForElementPresent(findTestObject("Object Repository/Profiles_Page/Page_Members Area/button_Upload Banner Image"), 25): Object 'Object Repository/Profiles_Page/Page_Members Area/button_Upload Banner Image' is not present after 25 second(s)

2019-10-31 15:38:26 - [MESSAGE][INFO] - Unable to find the element located by 'By.xpath: //button[@type = 'button' and (text() = ' Upload Banner Image ' or . = ' Upload Banner Image ')]'. Please recheck the objects properties to make sure the desired element is located. 

2019-10-31 15:38:26 - [MESSAGE][WARNING] - Object 'Object Repository/Profiles_Page/Page_Members Area/button_Upload Banner Image' is not present after 25 second(s)

2019-10-31 15:38:26 - [TEST_STEP][PASSED] - "---------------------------------": null

2019-10-31 15:38:26 - [TEST_STEP][PASSED] - "THIS TAB - Banner Image          |": null

2019-10-31 15:38:26 - [TEST_STEP][PASSED] - verifyTextPresent(findTestData("Members_Test_Data").getValue("MEMBER_ID", 1), false): Text '218630' is present on page 

2019-10-31 15:38:27 - [MESSAGE][PASSED] - Text '218630' is present on page 

2019-10-31 15:38:27 - [TEST_STEP][PASSED] - verifyTextPresent("MEMBER ID", false): Text 'MEMBER ID' is present on page 

2019-10-31 15:38:27 - [MESSAGE][PASSED] - Text 'MEMBER ID' is present on page 

2019-10-31 15:38:27 - [TEST_STEP][FAILED] - verifyTextPresent("Update your company banner image here", false): Text 'Update your company banner image here' is not present on page  (Root cause: com.kms.katalon.core.exception.StepFailedException: Text 'Update your company banner image here' is not present on page 
	at com.kms.katalon.core.webui.keyword.internal.WebUIKeywordMain.stepFailed(WebUIKeywordMain.groovy:64)
	at com.kms.katalon.core.webui.keyword.builtin.VerifyTextPresentKeyword$_verifyTextPresent_closure1.doCall(VerifyTextPresentKeyword.groovy:79)
	at com.kms.katalon.core.webui.keyword.builtin.VerifyTextPresentKeyword$_verifyTextPresent_closure1.call(VerifyTextPresentKeyword.groovy)
	at com.kms.katalon.core.webui.keyword.internal.WebUIKeywordMain.runKeyword(WebUIKeywordMain.groovy:20)
	at com.kms.katalon.core.webui.keyword.builtin.VerifyTextPresentKeyword.verifyTextPresent(VerifyTextPresentKeyword.groovy:83)
	at com.kms.katalon.core.webui.keyword.builtin.VerifyTextPresentKeyword.execute(VerifyTextPresentKeyword.groovy:68)
	at com.kms.katalon.core.keyword.internal.KeywordExecutor.executeKeywordForPlatform(KeywordExecutor.groovy:60)
	at com.kms.katalon.core.webui.keyword.WebUiBuiltInKeywords.verifyTextPresent(WebUiBuiltInKeywords.groovy:1693)
	at com.kms.katalon.core.webui.keyword.WebUiBuiltInKeywords$verifyTextPresent$2.call(Unknown Source)
	at Banner_Image.run(Banner_Image:70)
	at com.kms.katalon.core.main.ScriptEngine.run(ScriptEngine.java:194)
	at com.kms.katalon.core.main.ScriptEngine.runScriptAsRawText(ScriptEngine.java:119)
	at com.kms.katalon.core.main.TestCaseExecutor.runScript(TestCaseExecutor.java:337)
	at com.kms.katalon.core.main.TestCaseExecutor.doExecute(TestCaseExecutor.java:328)
	at com.kms.katalon.core.main.TestCaseExecutor.processExecutionPhase(TestCaseExecutor.java:307)
	at com.kms.katalon.core.main.TestCaseExecutor.accessMainPhase(TestCaseExecutor.java:299)
	at com.kms.katalon.core.main.TestCaseExecutor.execute(TestCaseExecutor.java:233)
	at com.kms.katalon.core.main.TestCaseMain.runTestCase(TestCaseMain.java:114)
	at com.kms.katalon.core.keyword.builtin.CallTestCaseKeyword$_callTestCase_closure1.doCall(CallTestCaseKeyword.groovy:59)
	at com.kms.katalon.core.keyword.builtin.CallTestCaseKeyword$_callTestCase_closure1.call(CallTestCaseKeyword.groovy)
	at com.kms.katalon.core.keyword.internal.KeywordMain.runKeyword(KeywordMain.groovy:68)
	at com.kms.katalon.core.keyword.builtin.CallTestCaseKeyword.callTestCase(CallTestCaseKeyword.groovy:81)
	at com.kms.katalon.core.keyword.builtin.CallTestCaseKeyword.execute(CallTestCaseKeyword.groovy:44)
	at com.kms.katalon.core.keyword.internal.KeywordExecutor.executeKeywordForPlatform(KeywordExecutor.groovy:60)
	at com.kms.katalon.core.keyword.BuiltinKeywords.callTestCase(BuiltinKeywords.groovy:334)
	at My_Profile_Page.run(My_Profile_Page:134)
	at com.kms.katalon.core.main.ScriptEngine.run(ScriptEngine.java:194)
	at com.kms.katalon.core.main.ScriptEngine.runScriptAsRawText(ScriptEngine.java:119)
	at com.kms.katalon.core.main.TestCaseExecutor.runScript(TestCaseExecutor.java:337)
	at com.kms.katalon.core.main.TestCaseExecutor.doExecute(TestCaseExecutor.java:328)
	at com.kms.katalon.core.main.TestCaseExecutor.processExecutionPhase(TestCaseExecutor.java:307)
	at com.kms.katalon.core.main.TestCaseExecutor.accessMainPhase(TestCaseExecutor.java:299)
	at com.kms.katalon.core.main.TestCaseExecutor.execute(TestCaseExecutor.java:233)
	at com.kms.katalon.core.main.TestSuiteExecutor.accessTestCaseMainPhase(TestSuiteExecutor.java:169)
	at com.kms.katalon.core.main.TestSuiteExecutor.accessTestSuiteMainPhase(TestSuiteExecutor.java:142)
	at com.kms.katalon.core.main.TestSuiteExecutor.execute(TestSuiteExecutor.java:91)
	at com.kms.katalon.core.main.TestCaseMain.startTestSuite(TestCaseMain.java:157)
	at com.kms.katalon.core.main.TestCaseMain$startTestSuite$0.call(Unknown Source)
	at TempTestSuite1572536119934.run(TempTestSuite1572536119934.groovy:36)
)

2019-10-31 15:38:28 - [MESSAGE][FAILED] - Text 'Update your company banner image here' is not present on page  (Root cause: com.kms.katalon.core.exception.StepFailedException: Text 'Update your company banner image here' is not present on page 
	at com.kms.katalon.core.webui.keyword.internal.WebUIKeywordMain.stepFailed(WebUIKeywordMain.groovy:64)
	at com.kms.katalon.core.webui.keyword.builtin.VerifyTextPresentKeyword$_verifyTextPresent_closure1.doCall(VerifyTextPresentKeyword.groovy:79)
	at com.kms.katalon.core.webui.keyword.builtin.VerifyTextPresentKeyword$_verifyTextPresent_closure1.call(VerifyTextPresentKeyword.groovy)
	at com.kms.katalon.core.webui.keyword.internal.WebUIKeywordMain.runKeyword(WebUIKeywordMain.groovy:20)
	at com.kms.katalon.core.webui.keyword.builtin.VerifyTextPresentKeyword.verifyTextPresent(VerifyTextPresentKeyword.groovy:83)
	at com.kms.katalon.core.webui.keyword.builtin.VerifyTextPresentKeyword.execute(VerifyTextPresentKeyword.groovy:68)
	at com.kms.katalon.core.keyword.internal.KeywordExecutor.executeKeywordForPlatform(KeywordExecutor.groovy:60)
	at com.kms.katalon.core.webui.keyword.WebUiBuiltInKeywords.verifyTextPresent(WebUiBuiltInKeywords.groovy:1693)
	at com.kms.katalon.core.webui.keyword.WebUiBuiltInKeywords$verifyTextPresent$2.call(Unknown Source)
	at Banner_Image.run(Banner_Image:70)
	at com.kms.katalon.core.main.ScriptEngine.run(ScriptEngine.java:194)
	at com.kms.katalon.core.main.ScriptEngine.runScriptAsRawText(ScriptEngine.java:119)
	at com.kms.katalon.core.main.TestCaseExecutor.runScript(TestCaseExecutor.java:337)
	at com.kms.katalon.core.main.TestCaseExecutor.doExecute(TestCaseExecutor.java:328)
	at com.kms.katalon.core.main.TestCaseExecutor.processExecutionPhase(TestCaseExecutor.java:307)
	at com.kms.katalon.core.main.TestCaseExecutor.accessMainPhase(TestCaseExecutor.java:299)
	at com.kms.katalon.core.main.TestCaseExecutor.execute(TestCaseExecutor.java:233)
	at com.kms.katalon.core.main.TestCaseMain.runTestCase(TestCaseMain.java:114)
	at com.kms.katalon.core.keyword.builtin.CallTestCaseKeyword$_callTestCase_closure1.doCall(CallTestCaseKeyword.groovy:59)
	at com.kms.katalon.core.keyword.builtin.CallTestCaseKeyword$_callTestCase_closure1.call(CallTestCaseKeyword.groovy)
	at com.kms.katalon.core.keyword.internal.KeywordMain.runKeyword(KeywordMain.groovy:68)
	at com.kms.katalon.core.keyword.builtin.CallTestCaseKeyword.callTestCase(CallTestCaseKeyword.groovy:81)
	at com.kms.katalon.core.keyword.builtin.CallTestCaseKeyword.execute(CallTestCaseKeyword.groovy:44)
	at com.kms.katalon.core.keyword.internal.KeywordExecutor.executeKeywordForPlatform(KeywordExecutor.groovy:60)
	at com.kms.katalon.core.keyword.BuiltinKeywords.callTestCase(BuiltinKeywords.groovy:334)
	at My_Profile_Page.run(My_Profile_Page:134)
	at com.kms.katalon.core.main.ScriptEngine.run(ScriptEngine.java:194)
	at com.kms.katalon.core.main.ScriptEngine.runScriptAsRawText(ScriptEngine.java:119)
	at com.kms.katalon.core.main.TestCaseExecutor.runScript(TestCaseExecutor.java:337)
	at com.kms.katalon.core.main.TestCaseExecutor.doExecute(TestCaseExecutor.java:328)
	at com.kms.katalon.core.main.TestCaseExecutor.processExecutionPhase(TestCaseExecutor.java:307)
	at com.kms.katalon.core.main.TestCaseExecutor.accessMainPhase(TestCaseExecutor.java:299)
	at com.kms.katalon.core.main.TestCaseExecutor.execute(TestCaseExecutor.java:233)
	at com.kms.katalon.core.main.TestSuiteExecutor.accessTestCaseMainPhase(TestSuiteExecutor.java:169)
	at com.kms.katalon.core.main.TestSuiteExecutor.accessTestSuiteMainPhase(TestSuiteExecutor.java:142)
	at com.kms.katalon.core.main.TestSuiteExecutor.execute(TestSuiteExecutor.java:91)
	at com.kms.katalon.core.main.TestCaseMain.startTestSuite(TestCaseMain.java:157)
	at com.kms.katalon.core.main.TestCaseMain$startTestSuite$0.call(Unknown Source)
	at TempTestSuite1572536119934.run(TempTestSuite1572536119934.groovy:36)
)

2019-10-31 15:38:28 - [TEST_STEP][FAILED] - verifyTextPresent("Choose a new image", false): Text 'Choose a new image' is not present on page  (Root cause: com.kms.katalon.core.exception.StepFailedException: Text 'Choose a new image' is not present on page 
	at com.kms.katalon.core.webui.keyword.internal.WebUIKeywordMain.stepFailed(WebUIKeywordMain.groovy:64)
	at com.kms.katalon.core.webui.keyword.builtin.VerifyTextPresentKeyword$_verifyTextPresent_closure1.doCall(VerifyTextPresentKeyword.groovy:79)
	at com.kms.katalon.core.webui.keyword.builtin.VerifyTextPresentKeyword$_verifyTextPresent_closure1.call(VerifyTextPresentKeyword.groovy)
	at com.kms.katalon.core.webui.keyword.internal.WebUIKeywordMain.runKeyword(WebUIKeywordMain.groovy:20)
	at com.kms.katalon.core.webui.keyword.builtin.VerifyTextPresentKeyword.verifyTextPresent(VerifyTextPresentKeyword.groovy:83)
	at com.kms.katalon.core.webui.keyword.builtin.VerifyTextPresentKeyword.execute(VerifyTextPresentKeyword.groovy:68)
	at com.kms.katalon.core.keyword.internal.KeywordExecutor.executeKeywordForPlatform(KeywordExecutor.groovy:60)
	at com.kms.katalon.core.webui.keyword.WebUiBuiltInKeywords.verifyTextPresent(WebUiBuiltInKeywords.groovy:1693)
	at com.kms.katalon.core.webui.keyword.WebUiBuiltInKeywords$verifyTextPresent$2.call(Unknown Source)
	at Banner_Image.run(Banner_Image:72)
	at com.kms.katalon.core.main.ScriptEngine.run(ScriptEngine.java:194)
	at com.kms.katalon.core.main.ScriptEngine.runScriptAsRawText(ScriptEngine.java:119)
	at com.kms.katalon.core.main.TestCaseExecutor.runScript(TestCaseExecutor.java:337)
	at com.kms.katalon.core.main.TestCaseExecutor.doExecute(TestCaseExecutor.java:328)
	at com.kms.katalon.core.main.TestCaseExecutor.processExecutionPhase(TestCaseExecutor.java:307)
	at com.kms.katalon.core.main.TestCaseExecutor.accessMainPhase(TestCaseExecutor.java:299)
	at com.kms.katalon.core.main.TestCaseExecutor.execute(TestCaseExecutor.java:233)
	at com.kms.katalon.core.main.TestCaseMain.runTestCase(TestCaseMain.java:114)
	at com.kms.katalon.core.keyword.builtin.CallTestCaseKeyword$_callTestCase_closure1.doCall(CallTestCaseKeyword.groovy:59)
	at com.kms.katalon.core.keyword.builtin.CallTestCaseKeyword$_callTestCase_closure1.call(CallTestCaseKeyword.groovy)
	at com.kms.katalon.core.keyword.internal.KeywordMain.runKeyword(KeywordMain.groovy:68)
	at com.kms.katalon.core.keyword.builtin.CallTestCaseKeyword.callTestCase(CallTestCaseKeyword.groovy:81)
	at com.kms.katalon.core.keyword.builtin.CallTestCaseKeyword.execute(CallTestCaseKeyword.groovy:44)
	at com.kms.katalon.core.keyword.internal.KeywordExecutor.executeKeywordForPlatform(KeywordExecutor.groovy:60)
	at com.kms.katalon.core.keyword.BuiltinKeywords.callTestCase(BuiltinKeywords.groovy:334)
	at My_Profile_Page.run(My_Profile_Page:134)
	at com.kms.katalon.core.main.ScriptEngine.run(ScriptEngine.java:194)
	at com.kms.katalon.core.main.ScriptEngine.runScriptAsRawText(ScriptEngine.java:119)
	at com.kms.katalon.core.main.TestCaseExecutor.runScript(TestCaseExecutor.java:337)
	at com.kms.katalon.core.main.TestCaseExecutor.doExecute(TestCaseExecutor.java:328)
	at com.kms.katalon.core.main.TestCaseExecutor.processExecutionPhase(TestCaseExecutor.java:307)
	at com.kms.katalon.core.main.TestCaseExecutor.accessMainPhase(TestCaseExecutor.java:299)
	at com.kms.katalon.core.main.TestCaseExecutor.execute(TestCaseExecutor.java:233)
	at com.kms.katalon.core.main.TestSuiteExecutor.accessTestCaseMainPhase(TestSuiteExecutor.java:169)
	at com.kms.katalon.core.main.TestSuiteExecutor.accessTestSuiteMainPhase(TestSuiteExecutor.java:142)
	at com.kms.katalon.core.main.TestSuiteExecutor.execute(TestSuiteExecutor.java:91)
	at com.kms.katalon.core.main.TestCaseMain.startTestSuite(TestCaseMain.java:157)
	at com.kms.katalon.core.main.TestCaseMain$startTestSuite$0.call(Unknown Source)
	at TempTestSuite1572536119934.run(TempTestSuite1572536119934.groovy:36)
)

2019-10-31 15:38:28 - [MESSAGE][FAILED] - Text 'Choose a new image' is not present on page  (Root cause: com.kms.katalon.core.exception.StepFailedException: Text 'Choose a new image' is not present on page 
	at com.kms.katalon.core.webui.keyword.internal.WebUIKeywordMain.stepFailed(WebUIKeywordMain.groovy:64)
	at com.kms.katalon.core.webui.keyword.builtin.VerifyTextPresentKeyword$_verifyTextPresent_closure1.doCall(VerifyTextPresentKeyword.groovy:79)
	at com.kms.katalon.core.webui.keyword.builtin.VerifyTextPresentKeyword$_verifyTextPresent_closure1.call(VerifyTextPresentKeyword.groovy)
	at com.kms.katalon.core.webui.keyword.internal.WebUIKeywordMain.runKeyword(WebUIKeywordMain.groovy:20)
	at com.kms.katalon.core.webui.keyword.builtin.VerifyTextPresentKeyword.verifyTextPresent(VerifyTextPresentKeyword.groovy:83)
	at com.kms.katalon.core.webui.keyword.builtin.VerifyTextPresentKeyword.execute(VerifyTextPresentKeyword.groovy:68)
	at com.kms.katalon.core.keyword.internal.KeywordExecutor.executeKeywordForPlatform(KeywordExecutor.groovy:60)
	at com.kms.katalon.core.webui.keyword.WebUiBuiltInKeywords.verifyTextPresent(WebUiBuiltInKeywords.groovy:1693)
	at com.kms.katalon.core.webui.keyword.WebUiBuiltInKeywords$verifyTextPresent$2.call(Unknown Source)
	at Banner_Image.run(Banner_Image:72)
	at com.kms.katalon.core.main.ScriptEngine.run(ScriptEngine.java:194)
	at com.kms.katalon.core.main.ScriptEngine.runScriptAsRawText(ScriptEngine.java:119)
	at com.kms.katalon.core.main.TestCaseExecutor.runScript(TestCaseExecutor.java:337)
	at com.kms.katalon.core.main.TestCaseExecutor.doExecute(TestCaseExecutor.java:328)
	at com.kms.katalon.core.main.TestCaseExecutor.processExecutionPhase(TestCaseExecutor.java:307)
	at com.kms.katalon.core.main.TestCaseExecutor.accessMainPhase(TestCaseExecutor.java:299)
	at com.kms.katalon.core.main.TestCaseExecutor.execute(TestCaseExecutor.java:233)
	at com.kms.katalon.core.main.TestCaseMain.runTestCase(TestCaseMain.java:114)
	at com.kms.katalon.core.keyword.builtin.CallTestCaseKeyword$_callTestCase_closure1.doCall(CallTestCaseKeyword.groovy:59)
	at com.kms.katalon.core.keyword.builtin.CallTestCaseKeyword$_callTestCase_closure1.call(CallTestCaseKeyword.groovy)
	at com.kms.katalon.core.keyword.internal.KeywordMain.runKeyword(KeywordMain.groovy:68)
	at com.kms.katalon.core.keyword.builtin.CallTestCaseKeyword.callTestCase(CallTestCaseKeyword.groovy:81)
	at com.kms.katalon.core.keyword.builtin.CallTestCaseKeyword.execute(CallTestCaseKeyword.groovy:44)
	at com.kms.katalon.core.keyword.internal.KeywordExecutor.executeKeywordForPlatform(KeywordExecutor.groovy:60)
	at com.kms.katalon.core.keyword.BuiltinKeywords.callTestCase(BuiltinKeywords.groovy:334)
	at My_Profile_Page.run(My_Profile_Page:134)
	at com.kms.katalon.core.main.ScriptEngine.run(ScriptEngine.java:194)
	at com.kms.katalon.core.main.ScriptEngine.runScriptAsRawText(ScriptEngine.java:119)
	at com.kms.katalon.core.main.TestCaseExecutor.runScript(TestCaseExecutor.java:337)
	at com.kms.katalon.core.main.TestCaseExecutor.doExecute(TestCaseExecutor.java:328)
	at com.kms.katalon.core.main.TestCaseExecutor.processExecutionPhase(TestCaseExecutor.java:307)
	at com.kms.katalon.core.main.TestCaseExecutor.accessMainPhase(TestCaseExecutor.java:299)
	at com.kms.katalon.core.main.TestCaseExecutor.execute(TestCaseExecutor.java:233)
	at com.kms.katalon.core.main.TestSuiteExecutor.accessTestCaseMainPhase(TestSuiteExecutor.java:169)
	at com.kms.katalon.core.main.TestSuiteExecutor.accessTestSuiteMainPhase(TestSuiteExecutor.java:142)
	at com.kms.katalon.core.main.TestSuiteExecutor.execute(TestSuiteExecutor.java:91)
	at com.kms.katalon.core.main.TestCaseMain.startTestSuite(TestCaseMain.java:157)
	at com.kms.katalon.core.main.TestCaseMain$startTestSuite$0.call(Unknown Source)
	at TempTestSuite1572536119934.run(TempTestSuite1572536119934.groovy:36)
)

2019-10-31 15:38:28 - [TEST_STEP][FAILED] - verifyTextPresent("The new banner image needs to be a JPEG", false): Text 'The new banner image needs to be a JPEG' is not present on page  (Root cause: com.kms.katalon.core.exception.StepFailedException: Text 'The new banner image needs to be a JPEG' is not present on page 
	at com.kms.katalon.core.webui.keyword.internal.WebUIKeywordMain.stepFailed(WebUIKeywordMain.groovy:64)
	at com.kms.katalon.core.webui.keyword.builtin.VerifyTextPresentKeyword$_verifyTextPresent_closure1.doCall(VerifyTextPresentKeyword.groovy:79)
	at com.kms.katalon.core.webui.keyword.builtin.VerifyTextPresentKeyword$_verifyTextPresent_closure1.call(VerifyTextPresentKeyword.groovy)
	at com.kms.katalon.core.webui.keyword.internal.WebUIKeywordMain.runKeyword(WebUIKeywordMain.groovy:20)
	at com.kms.katalon.core.webui.keyword.builtin.VerifyTextPresentKeyword.verifyTextPresent(VerifyTextPresentKeyword.groovy:83)
	at com.kms.katalon.core.webui.keyword.builtin.VerifyTextPresentKeyword.execute(VerifyTextPresentKeyword.groovy:68)
	at com.kms.katalon.core.keyword.internal.KeywordExecutor.executeKeywordForPlatform(KeywordExecutor.groovy:60)
	at com.kms.katalon.core.webui.keyword.WebUiBuiltInKeywords.verifyTextPresent(WebUiBuiltInKeywords.groovy:1693)
	at com.kms.katalon.core.webui.keyword.WebUiBuiltInKeywords$verifyTextPresent$2.call(Unknown Source)
	at Banner_Image.run(Banner_Image:74)
	at com.kms.katalon.core.main.ScriptEngine.run(ScriptEngine.java:194)
	at com.kms.katalon.core.main.ScriptEngine.runScriptAsRawText(ScriptEngine.java:119)
	at com.kms.katalon.core.main.TestCaseExecutor.runScript(TestCaseExecutor.java:337)
	at com.kms.katalon.core.main.TestCaseExecutor.doExecute(TestCaseExecutor.java:328)
	at com.kms.katalon.core.main.TestCaseExecutor.processExecutionPhase(TestCaseExecutor.java:307)
	at com.kms.katalon.core.main.TestCaseExecutor.accessMainPhase(TestCaseExecutor.java:299)
	at com.kms.katalon.core.main.TestCaseExecutor.execute(TestCaseExecutor.java:233)
	at com.kms.katalon.core.main.TestCaseMain.runTestCase(TestCaseMain.java:114)
	at com.kms.katalon.core.keyword.builtin.CallTestCaseKeyword$_callTestCase_closure1.doCall(CallTestCaseKeyword.groovy:59)
	at com.kms.katalon.core.keyword.builtin.CallTestCaseKeyword$_callTestCase_closure1.call(CallTestCaseKeyword.groovy)
	at com.kms.katalon.core.keyword.internal.KeywordMain.runKeyword(KeywordMain.groovy:68)
	at com.kms.katalon.core.keyword.builtin.CallTestCaseKeyword.callTestCase(CallTestCaseKeyword.groovy:81)
	at com.kms.katalon.core.keyword.builtin.CallTestCaseKeyword.execute(CallTestCaseKeyword.groovy:44)
	at com.kms.katalon.core.keyword.internal.KeywordExecutor.executeKeywordForPlatform(KeywordExecutor.groovy:60)
	at com.kms.katalon.core.keyword.BuiltinKeywords.callTestCase(BuiltinKeywords.groovy:334)
	at My_Profile_Page.run(My_Profile_Page:134)
	at com.kms.katalon.core.main.ScriptEngine.run(ScriptEngine.java:194)
	at com.kms.katalon.core.main.ScriptEngine.runScriptAsRawText(ScriptEngine.java:119)
	at com.kms.katalon.core.main.TestCaseExecutor.runScript(TestCaseExecutor.java:337)
	at com.kms.katalon.core.main.TestCaseExecutor.doExecute(TestCaseExecutor.java:328)
	at com.kms.katalon.core.main.TestCaseExecutor.processExecutionPhase(TestCaseExecutor.java:307)
	at com.kms.katalon.core.main.TestCaseExecutor.accessMainPhase(TestCaseExecutor.java:299)
	at com.kms.katalon.core.main.TestCaseExecutor.execute(TestCaseExecutor.java:233)
	at com.kms.katalon.core.main.TestSuiteExecutor.accessTestCaseMainPhase(TestSuiteExecutor.java:169)
	at com.kms.katalon.core.main.TestSuiteExecutor.accessTestSuiteMainPhase(TestSuiteExecutor.java:142)
	at com.kms.katalon.core.main.TestSuiteExecutor.execute(TestSuiteExecutor.java:91)
	at com.kms.katalon.core.main.TestCaseMain.startTestSuite(TestCaseMain.java:157)
	at com.kms.katalon.core.main.TestCaseMain$startTestSuite$0.call(Unknown Source)
	at TempTestSuite1572536119934.run(TempTestSuite1572536119934.groovy:36)
)

2019-10-31 15:38:29 - [MESSAGE][FAILED] - Text 'The new banner image needs to be a JPEG' is not present on page  (Root cause: com.kms.katalon.core.exception.StepFailedException: Text 'The new banner image needs to be a JPEG' is not present on page 
	at com.kms.katalon.core.webui.keyword.internal.WebUIKeywordMain.stepFailed(WebUIKeywordMain.groovy:64)
	at com.kms.katalon.core.webui.keyword.builtin.VerifyTextPresentKeyword$_verifyTextPresent_closure1.doCall(VerifyTextPresentKeyword.groovy:79)
	at com.kms.katalon.core.webui.keyword.builtin.VerifyTextPresentKeyword$_verifyTextPresent_closure1.call(VerifyTextPresentKeyword.groovy)
	at com.kms.katalon.core.webui.keyword.internal.WebUIKeywordMain.runKeyword(WebUIKeywordMain.groovy:20)
	at com.kms.katalon.core.webui.keyword.builtin.VerifyTextPresentKeyword.verifyTextPresent(VerifyTextPresentKeyword.groovy:83)
	at com.kms.katalon.core.webui.keyword.builtin.VerifyTextPresentKeyword.execute(VerifyTextPresentKeyword.groovy:68)
	at com.kms.katalon.core.keyword.internal.KeywordExecutor.executeKeywordForPlatform(KeywordExecutor.groovy:60)
	at com.kms.katalon.core.webui.keyword.WebUiBuiltInKeywords.verifyTextPresent(WebUiBuiltInKeywords.groovy:1693)
	at com.kms.katalon.core.webui.keyword.WebUiBuiltInKeywords$verifyTextPresent$2.call(Unknown Source)
	at Banner_Image.run(Banner_Image:74)
	at com.kms.katalon.core.main.ScriptEngine.run(ScriptEngine.java:194)
	at com.kms.katalon.core.main.ScriptEngine.runScriptAsRawText(ScriptEngine.java:119)
	at com.kms.katalon.core.main.TestCaseExecutor.runScript(TestCaseExecutor.java:337)
	at com.kms.katalon.core.main.TestCaseExecutor.doExecute(TestCaseExecutor.java:328)
	at com.kms.katalon.core.main.TestCaseExecutor.processExecutionPhase(TestCaseExecutor.java:307)
	at com.kms.katalon.core.main.TestCaseExecutor.accessMainPhase(TestCaseExecutor.java:299)
	at com.kms.katalon.core.main.TestCaseExecutor.execute(TestCaseExecutor.java:233)
	at com.kms.katalon.core.main.TestCaseMain.runTestCase(TestCaseMain.java:114)
	at com.kms.katalon.core.keyword.builtin.CallTestCaseKeyword$_callTestCase_closure1.doCall(CallTestCaseKeyword.groovy:59)
	at com.kms.katalon.core.keyword.builtin.CallTestCaseKeyword$_callTestCase_closure1.call(CallTestCaseKeyword.groovy)
	at com.kms.katalon.core.keyword.internal.KeywordMain.runKeyword(KeywordMain.groovy:68)
	at com.kms.katalon.core.keyword.builtin.CallTestCaseKeyword.callTestCase(CallTestCaseKeyword.groovy:81)
	at com.kms.katalon.core.keyword.builtin.CallTestCaseKeyword.execute(CallTestCaseKeyword.groovy:44)
	at com.kms.katalon.core.keyword.internal.KeywordExecutor.executeKeywordForPlatform(KeywordExecutor.groovy:60)
	at com.kms.katalon.core.keyword.BuiltinKeywords.callTestCase(BuiltinKeywords.groovy:334)
	at My_Profile_Page.run(My_Profile_Page:134)
	at com.kms.katalon.core.main.ScriptEngine.run(ScriptEngine.java:194)
	at com.kms.katalon.core.main.ScriptEngine.runScriptAsRawText(ScriptEngine.java:119)
	at com.kms.katalon.core.main.TestCaseExecutor.runScript(TestCaseExecutor.java:337)
	at com.kms.katalon.core.main.TestCaseExecutor.doExecute(TestCaseExecutor.java:328)
	at com.kms.katalon.core.main.TestCaseExecutor.processExecutionPhase(TestCaseExecutor.java:307)
	at com.kms.katalon.core.main.TestCaseExecutor.accessMainPhase(TestCaseExecutor.java:299)
	at com.kms.katalon.core.main.TestCaseExecutor.execute(TestCaseExecutor.java:233)
	at com.kms.katalon.core.main.TestSuiteExecutor.accessTestCaseMainPhase(TestSuiteExecutor.java:169)
	at com.kms.katalon.core.main.TestSuiteExecutor.accessTestSuiteMainPhase(TestSuiteExecutor.java:142)
	at com.kms.katalon.core.main.TestSuiteExecutor.execute(TestSuiteExecutor.java:91)
	at com.kms.katalon.core.main.TestCaseMain.startTestSuite(TestCaseMain.java:157)
	at com.kms.katalon.core.main.TestCaseMain$startTestSuite$0.call(Unknown Source)
	at TempTestSuite1572536119934.run(TempTestSuite1572536119934.groovy:36)
)

2019-10-31 15:38:29 - [TEST_STEP][FAILED] - verifyTextPresent("For best results, the image should be", false): Text 'For best results, the image should be' is not present on page  (Root cause: com.kms.katalon.core.exception.StepFailedException: Text 'For best results, the image should be' is not present on page 
	at com.kms.katalon.core.webui.keyword.internal.WebUIKeywordMain.stepFailed(WebUIKeywordMain.groovy:64)
	at com.kms.katalon.core.webui.keyword.builtin.VerifyTextPresentKeyword$_verifyTextPresent_closure1.doCall(VerifyTextPresentKeyword.groovy:79)
	at com.kms.katalon.core.webui.keyword.builtin.VerifyTextPresentKeyword$_verifyTextPresent_closure1.call(VerifyTextPresentKeyword.groovy)
	at com.kms.katalon.core.webui.keyword.internal.WebUIKeywordMain.runKeyword(WebUIKeywordMain.groovy:20)
	at com.kms.katalon.core.webui.keyword.builtin.VerifyTextPresentKeyword.verifyTextPresent(VerifyTextPresentKeyword.groovy:83)
	at com.kms.katalon.core.webui.keyword.builtin.VerifyTextPresentKeyword.execute(VerifyTextPresentKeyword.groovy:68)
	at com.kms.katalon.core.keyword.internal.KeywordExecutor.executeKeywordForPlatform(KeywordExecutor.groovy:60)
	at com.kms.katalon.core.webui.keyword.WebUiBuiltInKeywords.verifyTextPresent(WebUiBuiltInKeywords.groovy:1693)
	at com.kms.katalon.core.webui.keyword.WebUiBuiltInKeywords$verifyTextPresent$2.call(Unknown Source)
	at Banner_Image.run(Banner_Image:76)
	at com.kms.katalon.core.main.ScriptEngine.run(ScriptEngine.java:194)
	at com.kms.katalon.core.main.ScriptEngine.runScriptAsRawText(ScriptEngine.java:119)
	at com.kms.katalon.core.main.TestCaseExecutor.runScript(TestCaseExecutor.java:337)
	at com.kms.katalon.core.main.TestCaseExecutor.doExecute(TestCaseExecutor.java:328)
	at com.kms.katalon.core.main.TestCaseExecutor.processExecutionPhase(TestCaseExecutor.java:307)
	at com.kms.katalon.core.main.TestCaseExecutor.accessMainPhase(TestCaseExecutor.java:299)
	at com.kms.katalon.core.main.TestCaseExecutor.execute(TestCaseExecutor.java:233)
	at com.kms.katalon.core.main.TestCaseMain.runTestCase(TestCaseMain.java:114)
	at com.kms.katalon.core.keyword.builtin.CallTestCaseKeyword$_callTestCase_closure1.doCall(CallTestCaseKeyword.groovy:59)
	at com.kms.katalon.core.keyword.builtin.CallTestCaseKeyword$_callTestCase_closure1.call(CallTestCaseKeyword.groovy)
	at com.kms.katalon.core.keyword.internal.KeywordMain.runKeyword(KeywordMain.groovy:68)
	at com.kms.katalon.core.keyword.builtin.CallTestCaseKeyword.callTestCase(CallTestCaseKeyword.groovy:81)
	at com.kms.katalon.core.keyword.builtin.CallTestCaseKeyword.execute(CallTestCaseKeyword.groovy:44)
	at com.kms.katalon.core.keyword.internal.KeywordExecutor.executeKeywordForPlatform(KeywordExecutor.groovy:60)
	at com.kms.katalon.core.keyword.BuiltinKeywords.callTestCase(BuiltinKeywords.groovy:334)
	at My_Profile_Page.run(My_Profile_Page:134)
	at com.kms.katalon.core.main.ScriptEngine.run(ScriptEngine.java:194)
	at com.kms.katalon.core.main.ScriptEngine.runScriptAsRawText(ScriptEngine.java:119)
	at com.kms.katalon.core.main.TestCaseExecutor.runScript(TestCaseExecutor.java:337)
	at com.kms.katalon.core.main.TestCaseExecutor.doExecute(TestCaseExecutor.java:328)
	at com.kms.katalon.core.main.TestCaseExecutor.processExecutionPhase(TestCaseExecutor.java:307)
	at com.kms.katalon.core.main.TestCaseExecutor.accessMainPhase(TestCaseExecutor.java:299)
	at com.kms.katalon.core.main.TestCaseExecutor.execute(TestCaseExecutor.java:233)
	at com.kms.katalon.core.main.TestSuiteExecutor.accessTestCaseMainPhase(TestSuiteExecutor.java:169)
	at com.kms.katalon.core.main.TestSuiteExecutor.accessTestSuiteMainPhase(TestSuiteExecutor.java:142)
	at com.kms.katalon.core.main.TestSuiteExecutor.execute(TestSuiteExecutor.java:91)
	at com.kms.katalon.core.main.TestCaseMain.startTestSuite(TestCaseMain.java:157)
	at com.kms.katalon.core.main.TestCaseMain$startTestSuite$0.call(Unknown Source)
	at TempTestSuite1572536119934.run(TempTestSuite1572536119934.groovy:36)
)

2019-10-31 15:38:29 - [MESSAGE][FAILED] - Text 'For best results, the image should be' is not present on page  (Root cause: com.kms.katalon.core.exception.StepFailedException: Text 'For best results, the image should be' is not present on page 
	at com.kms.katalon.core.webui.keyword.internal.WebUIKeywordMain.stepFailed(WebUIKeywordMain.groovy:64)
	at com.kms.katalon.core.webui.keyword.builtin.VerifyTextPresentKeyword$_verifyTextPresent_closure1.doCall(VerifyTextPresentKeyword.groovy:79)
	at com.kms.katalon.core.webui.keyword.builtin.VerifyTextPresentKeyword$_verifyTextPresent_closure1.call(VerifyTextPresentKeyword.groovy)
	at com.kms.katalon.core.webui.keyword.internal.WebUIKeywordMain.runKeyword(WebUIKeywordMain.groovy:20)
	at com.kms.katalon.core.webui.keyword.builtin.VerifyTextPresentKeyword.verifyTextPresent(VerifyTextPresentKeyword.groovy:83)
	at com.kms.katalon.core.webui.keyword.builtin.VerifyTextPresentKeyword.execute(VerifyTextPresentKeyword.groovy:68)
	at com.kms.katalon.core.keyword.internal.KeywordExecutor.executeKeywordForPlatform(KeywordExecutor.groovy:60)
	at com.kms.katalon.core.webui.keyword.WebUiBuiltInKeywords.verifyTextPresent(WebUiBuiltInKeywords.groovy:1693)
	at com.kms.katalon.core.webui.keyword.WebUiBuiltInKeywords$verifyTextPresent$2.call(Unknown Source)
	at Banner_Image.run(Banner_Image:76)
	at com.kms.katalon.core.main.ScriptEngine.run(ScriptEngine.java:194)
	at com.kms.katalon.core.main.ScriptEngine.runScriptAsRawText(ScriptEngine.java:119)
	at com.kms.katalon.core.main.TestCaseExecutor.runScript(TestCaseExecutor.java:337)
	at com.kms.katalon.core.main.TestCaseExecutor.doExecute(TestCaseExecutor.java:328)
	at com.kms.katalon.core.main.TestCaseExecutor.processExecutionPhase(TestCaseExecutor.java:307)
	at com.kms.katalon.core.main.TestCaseExecutor.accessMainPhase(TestCaseExecutor.java:299)
	at com.kms.katalon.core.main.TestCaseExecutor.execute(TestCaseExecutor.java:233)
	at com.kms.katalon.core.main.TestCaseMain.runTestCase(TestCaseMain.java:114)
	at com.kms.katalon.core.keyword.builtin.CallTestCaseKeyword$_callTestCase_closure1.doCall(CallTestCaseKeyword.groovy:59)
	at com.kms.katalon.core.keyword.builtin.CallTestCaseKeyword$_callTestCase_closure1.call(CallTestCaseKeyword.groovy)
	at com.kms.katalon.core.keyword.internal.KeywordMain.runKeyword(KeywordMain.groovy:68)
	at com.kms.katalon.core.keyword.builtin.CallTestCaseKeyword.callTestCase(CallTestCaseKeyword.groovy:81)
	at com.kms.katalon.core.keyword.builtin.CallTestCaseKeyword.execute(CallTestCaseKeyword.groovy:44)
	at com.kms.katalon.core.keyword.internal.KeywordExecutor.executeKeywordForPlatform(KeywordExecutor.groovy:60)
	at com.kms.katalon.core.keyword.BuiltinKeywords.callTestCase(BuiltinKeywords.groovy:334)
	at My_Profile_Page.run(My_Profile_Page:134)
	at com.kms.katalon.core.main.ScriptEngine.run(ScriptEngine.java:194)
	at com.kms.katalon.core.main.ScriptEngine.runScriptAsRawText(ScriptEngine.java:119)
	at com.kms.katalon.core.main.TestCaseExecutor.runScript(TestCaseExecutor.java:337)
	at com.kms.katalon.core.main.TestCaseExecutor.doExecute(TestCaseExecutor.java:328)
	at com.kms.katalon.core.main.TestCaseExecutor.processExecutionPhase(TestCaseExecutor.java:307)
	at com.kms.katalon.core.main.TestCaseExecutor.accessMainPhase(TestCaseExecutor.java:299)
	at com.kms.katalon.core.main.TestCaseExecutor.execute(TestCaseExecutor.java:233)
	at com.kms.katalon.core.main.TestSuiteExecutor.accessTestCaseMainPhase(TestSuiteExecutor.java:169)
	at com.kms.katalon.core.main.TestSuiteExecutor.accessTestSuiteMainPhase(TestSuiteExecutor.java:142)
	at com.kms.katalon.core.main.TestSuiteExecutor.execute(TestSuiteExecutor.java:91)
	at com.kms.katalon.core.main.TestCaseMain.startTestSuite(TestCaseMain.java:157)
	at com.kms.katalon.core.main.TestCaseMain$startTestSuite$0.call(Unknown Source)
	at TempTestSuite1572536119934.run(TempTestSuite1572536119934.groovy:36)
)

2019-10-31 15:38:29 - [TEST_STEP][FAILED] - verifyTextPresent("The image has to be 8MB or smaller", false): Text 'The image has to be 8MB or smaller' is not present on page  (Root cause: com.kms.katalon.core.exception.StepFailedException: Text 'The image has to be 8MB or smaller' is not present on page 
	at com.kms.katalon.core.webui.keyword.internal.WebUIKeywordMain.stepFailed(WebUIKeywordMain.groovy:64)
	at com.kms.katalon.core.webui.keyword.builtin.VerifyTextPresentKeyword$_verifyTextPresent_closure1.doCall(VerifyTextPresentKeyword.groovy:79)
	at com.kms.katalon.core.webui.keyword.builtin.VerifyTextPresentKeyword$_verifyTextPresent_closure1.call(VerifyTextPresentKeyword.groovy)
	at com.kms.katalon.core.webui.keyword.internal.WebUIKeywordMain.runKeyword(WebUIKeywordMain.groovy:20)
	at com.kms.katalon.core.webui.keyword.builtin.VerifyTextPresentKeyword.verifyTextPresent(VerifyTextPresentKeyword.groovy:83)
	at com.kms.katalon.core.webui.keyword.builtin.VerifyTextPresentKeyword.execute(VerifyTextPresentKeyword.groovy:68)
	at com.kms.katalon.core.keyword.internal.KeywordExecutor.executeKeywordForPlatform(KeywordExecutor.groovy:60)
	at com.kms.katalon.core.webui.keyword.WebUiBuiltInKeywords.verifyTextPresent(WebUiBuiltInKeywords.groovy:1693)
	at com.kms.katalon.core.webui.keyword.WebUiBuiltInKeywords$verifyTextPresent$2.call(Unknown Source)
	at Banner_Image.run(Banner_Image:78)
	at com.kms.katalon.core.main.ScriptEngine.run(ScriptEngine.java:194)
	at com.kms.katalon.core.main.ScriptEngine.runScriptAsRawText(ScriptEngine.java:119)
	at com.kms.katalon.core.main.TestCaseExecutor.runScript(TestCaseExecutor.java:337)
	at com.kms.katalon.core.main.TestCaseExecutor.doExecute(TestCaseExecutor.java:328)
	at com.kms.katalon.core.main.TestCaseExecutor.processExecutionPhase(TestCaseExecutor.java:307)
	at com.kms.katalon.core.main.TestCaseExecutor.accessMainPhase(TestCaseExecutor.java:299)
	at com.kms.katalon.core.main.TestCaseExecutor.execute(TestCaseExecutor.java:233)
	at com.kms.katalon.core.main.TestCaseMain.runTestCase(TestCaseMain.java:114)
	at com.kms.katalon.core.keyword.builtin.CallTestCaseKeyword$_callTestCase_closure1.doCall(CallTestCaseKeyword.groovy:59)
	at com.kms.katalon.core.keyword.builtin.CallTestCaseKeyword$_callTestCase_closure1.call(CallTestCaseKeyword.groovy)
	at com.kms.katalon.core.keyword.internal.KeywordMain.runKeyword(KeywordMain.groovy:68)
	at com.kms.katalon.core.keyword.builtin.CallTestCaseKeyword.callTestCase(CallTestCaseKeyword.groovy:81)
	at com.kms.katalon.core.keyword.builtin.CallTestCaseKeyword.execute(CallTestCaseKeyword.groovy:44)
	at com.kms.katalon.core.keyword.internal.KeywordExecutor.executeKeywordForPlatform(KeywordExecutor.groovy:60)
	at com.kms.katalon.core.keyword.BuiltinKeywords.callTestCase(BuiltinKeywords.groovy:334)
	at My_Profile_Page.run(My_Profile_Page:134)
	at com.kms.katalon.core.main.ScriptEngine.run(ScriptEngine.java:194)
	at com.kms.katalon.core.main.ScriptEngine.runScriptAsRawText(ScriptEngine.java:119)
	at com.kms.katalon.core.main.TestCaseExecutor.runScript(TestCaseExecutor.java:337)
	at com.kms.katalon.core.main.TestCaseExecutor.doExecute(TestCaseExecutor.java:328)
	at com.kms.katalon.core.main.TestCaseExecutor.processExecutionPhase(TestCaseExecutor.java:307)
	at com.kms.katalon.core.main.TestCaseExecutor.accessMainPhase(TestCaseExecutor.java:299)
	at com.kms.katalon.core.main.TestCaseExecutor.execute(TestCaseExecutor.java:233)
	at com.kms.katalon.core.main.TestSuiteExecutor.accessTestCaseMainPhase(TestSuiteExecutor.java:169)
	at com.kms.katalon.core.main.TestSuiteExecutor.accessTestSuiteMainPhase(TestSuiteExecutor.java:142)
	at com.kms.katalon.core.main.TestSuiteExecutor.execute(TestSuiteExecutor.java:91)
	at com.kms.katalon.core.main.TestCaseMain.startTestSuite(TestCaseMain.java:157)
	at com.kms.katalon.core.main.TestCaseMain$startTestSuite$0.call(Unknown Source)
	at TempTestSuite1572536119934.run(TempTestSuite1572536119934.groovy:36)
)

2019-10-31 15:38:29 - [MESSAGE][FAILED] - Text 'The image has to be 8MB or smaller' is not present on page  (Root cause: com.kms.katalon.core.exception.StepFailedException: Text 'The image has to be 8MB or smaller' is not present on page 
	at com.kms.katalon.core.webui.keyword.internal.WebUIKeywordMain.stepFailed(WebUIKeywordMain.groovy:64)
	at com.kms.katalon.core.webui.keyword.builtin.VerifyTextPresentKeyword$_verifyTextPresent_closure1.doCall(VerifyTextPresentKeyword.groovy:79)
	at com.kms.katalon.core.webui.keyword.builtin.VerifyTextPresentKeyword$_verifyTextPresent_closure1.call(VerifyTextPresentKeyword.groovy)
	at com.kms.katalon.core.webui.keyword.internal.WebUIKeywordMain.runKeyword(WebUIKeywordMain.groovy:20)
	at com.kms.katalon.core.webui.keyword.builtin.VerifyTextPresentKeyword.verifyTextPresent(VerifyTextPresentKeyword.groovy:83)
	at com.kms.katalon.core.webui.keyword.builtin.VerifyTextPresentKeyword.execute(VerifyTextPresentKeyword.groovy:68)
	at com.kms.katalon.core.keyword.internal.KeywordExecutor.executeKeywordForPlatform(KeywordExecutor.groovy:60)
	at com.kms.katalon.core.webui.keyword.WebUiBuiltInKeywords.verifyTextPresent(WebUiBuiltInKeywords.groovy:1693)
	at com.kms.katalon.core.webui.keyword.WebUiBuiltInKeywords$verifyTextPresent$2.call(Unknown Source)
	at Banner_Image.run(Banner_Image:78)
	at com.kms.katalon.core.main.ScriptEngine.run(ScriptEngine.java:194)
	at com.kms.katalon.core.main.ScriptEngine.runScriptAsRawText(ScriptEngine.java:119)
	at com.kms.katalon.core.main.TestCaseExecutor.runScript(TestCaseExecutor.java:337)
	at com.kms.katalon.core.main.TestCaseExecutor.doExecute(TestCaseExecutor.java:328)
	at com.kms.katalon.core.main.TestCaseExecutor.processExecutionPhase(TestCaseExecutor.java:307)
	at com.kms.katalon.core.main.TestCaseExecutor.accessMainPhase(TestCaseExecutor.java:299)
	at com.kms.katalon.core.main.TestCaseExecutor.execute(TestCaseExecutor.java:233)
	at com.kms.katalon.core.main.TestCaseMain.runTestCase(TestCaseMain.java:114)
	at com.kms.katalon.core.keyword.builtin.CallTestCaseKeyword$_callTestCase_closure1.doCall(CallTestCaseKeyword.groovy:59)
	at com.kms.katalon.core.keyword.builtin.CallTestCaseKeyword$_callTestCase_closure1.call(CallTestCaseKeyword.groovy)
	at com.kms.katalon.core.keyword.internal.KeywordMain.runKeyword(KeywordMain.groovy:68)
	at com.kms.katalon.core.keyword.builtin.CallTestCaseKeyword.callTestCase(CallTestCaseKeyword.groovy:81)
	at com.kms.katalon.core.keyword.builtin.CallTestCaseKeyword.execute(CallTestCaseKeyword.groovy:44)
	at com.kms.katalon.core.keyword.internal.KeywordExecutor.executeKeywordForPlatform(KeywordExecutor.groovy:60)
	at com.kms.katalon.core.keyword.BuiltinKeywords.callTestCase(BuiltinKeywords.groovy:334)
	at My_Profile_Page.run(My_Profile_Page:134)
	at com.kms.katalon.core.main.ScriptEngine.run(ScriptEngine.java:194)
	at com.kms.katalon.core.main.ScriptEngine.runScriptAsRawText(ScriptEngine.java:119)
	at com.kms.katalon.core.main.TestCaseExecutor.runScript(TestCaseExecutor.java:337)
	at com.kms.katalon.core.main.TestCaseExecutor.doExecute(TestCaseExecutor.java:328)
	at com.kms.katalon.core.main.TestCaseExecutor.processExecutionPhase(TestCaseExecutor.java:307)
	at com.kms.katalon.core.main.TestCaseExecutor.accessMainPhase(TestCaseExecutor.java:299)
	at com.kms.katalon.core.main.TestCaseExecutor.execute(TestCaseExecutor.java:233)
	at com.kms.katalon.core.main.TestSuiteExecutor.accessTestCaseMainPhase(TestSuiteExecutor.java:169)
	at com.kms.katalon.core.main.TestSuiteExecutor.accessTestSuiteMainPhase(TestSuiteExecutor.java:142)
	at com.kms.katalon.core.main.TestSuiteExecutor.execute(TestSuiteExecutor.java:91)
	at com.kms.katalon.core.main.TestCaseMain.startTestSuite(TestCaseMain.java:157)
	at com.kms.katalon.core.main.TestCaseMain$startTestSuite$0.call(Unknown Source)
	at TempTestSuite1572536119934.run(TempTestSuite1572536119934.groovy:36)
)

2019-10-31 15:38:29 - [TEST_STEP][FAILED] - verifyTextPresent("All changes are monitored by Checkatrade staff", false): Text 'All changes are monitored by Checkatrade staff' is not present on page  (Root cause: com.kms.katalon.core.exception.StepFailedException: Text 'All changes are monitored by Checkatrade staff' is not present on page 
	at com.kms.katalon.core.webui.keyword.internal.WebUIKeywordMain.stepFailed(WebUIKeywordMain.groovy:64)
	at com.kms.katalon.core.webui.keyword.builtin.VerifyTextPresentKeyword$_verifyTextPresent_closure1.doCall(VerifyTextPresentKeyword.groovy:79)
	at com.kms.katalon.core.webui.keyword.builtin.VerifyTextPresentKeyword$_verifyTextPresent_closure1.call(VerifyTextPresentKeyword.groovy)
	at com.kms.katalon.core.webui.keyword.internal.WebUIKeywordMain.runKeyword(WebUIKeywordMain.groovy:20)
	at com.kms.katalon.core.webui.keyword.builtin.VerifyTextPresentKeyword.verifyTextPresent(VerifyTextPresentKeyword.groovy:83)
	at com.kms.katalon.core.webui.keyword.builtin.VerifyTextPresentKeyword.execute(VerifyTextPresentKeyword.groovy:68)
	at com.kms.katalon.core.keyword.internal.KeywordExecutor.executeKeywordForPlatform(KeywordExecutor.groovy:60)
	at com.kms.katalon.core.webui.keyword.WebUiBuiltInKeywords.verifyTextPresent(WebUiBuiltInKeywords.groovy:1693)
	at com.kms.katalon.core.webui.keyword.WebUiBuiltInKeywords$verifyTextPresent$2.call(Unknown Source)
	at Banner_Image.run(Banner_Image:80)
	at com.kms.katalon.core.main.ScriptEngine.run(ScriptEngine.java:194)
	at com.kms.katalon.core.main.ScriptEngine.runScriptAsRawText(ScriptEngine.java:119)
	at com.kms.katalon.core.main.TestCaseExecutor.runScript(TestCaseExecutor.java:337)
	at com.kms.katalon.core.main.TestCaseExecutor.doExecute(TestCaseExecutor.java:328)
	at com.kms.katalon.core.main.TestCaseExecutor.processExecutionPhase(TestCaseExecutor.java:307)
	at com.kms.katalon.core.main.TestCaseExecutor.accessMainPhase(TestCaseExecutor.java:299)
	at com.kms.katalon.core.main.TestCaseExecutor.execute(TestCaseExecutor.java:233)
	at com.kms.katalon.core.main.TestCaseMain.runTestCase(TestCaseMain.java:114)
	at com.kms.katalon.core.keyword.builtin.CallTestCaseKeyword$_callTestCase_closure1.doCall(CallTestCaseKeyword.groovy:59)
	at com.kms.katalon.core.keyword.builtin.CallTestCaseKeyword$_callTestCase_closure1.call(CallTestCaseKeyword.groovy)
	at com.kms.katalon.core.keyword.internal.KeywordMain.runKeyword(KeywordMain.groovy:68)
	at com.kms.katalon.core.keyword.builtin.CallTestCaseKeyword.callTestCase(CallTestCaseKeyword.groovy:81)
	at com.kms.katalon.core.keyword.builtin.CallTestCaseKeyword.execute(CallTestCaseKeyword.groovy:44)
	at com.kms.katalon.core.keyword.internal.KeywordExecutor.executeKeywordForPlatform(KeywordExecutor.groovy:60)
	at com.kms.katalon.core.keyword.BuiltinKeywords.callTestCase(BuiltinKeywords.groovy:334)
	at My_Profile_Page.run(My_Profile_Page:134)
	at com.kms.katalon.core.main.ScriptEngine.run(ScriptEngine.java:194)
	at com.kms.katalon.core.main.ScriptEngine.runScriptAsRawText(ScriptEngine.java:119)
	at com.kms.katalon.core.main.TestCaseExecutor.runScript(TestCaseExecutor.java:337)
	at com.kms.katalon.core.main.TestCaseExecutor.doExecute(TestCaseExecutor.java:328)
	at com.kms.katalon.core.main.TestCaseExecutor.processExecutionPhase(TestCaseExecutor.java:307)
	at com.kms.katalon.core.main.TestCaseExecutor.accessMainPhase(TestCaseExecutor.java:299)
	at com.kms.katalon.core.main.TestCaseExecutor.execute(TestCaseExecutor.java:233)
	at com.kms.katalon.core.main.TestSuiteExecutor.accessTestCaseMainPhase(TestSuiteExecutor.java:169)
	at com.kms.katalon.core.main.TestSuiteExecutor.accessTestSuiteMainPhase(TestSuiteExecutor.java:142)
	at com.kms.katalon.core.main.TestSuiteExecutor.execute(TestSuiteExecutor.java:91)
	at com.kms.katalon.core.main.TestCaseMain.startTestSuite(TestCaseMain.java:157)
	at com.kms.katalon.core.main.TestCaseMain$startTestSuite$0.call(Unknown Source)
	at TempTestSuite1572536119934.run(TempTestSuite1572536119934.groovy:36)
)

2019-10-31 15:38:30 - [MESSAGE][FAILED] - Text 'All changes are monitored by Checkatrade staff' is not present on page  (Root cause: com.kms.katalon.core.exception.StepFailedException: Text 'All changes are monitored by Checkatrade staff' is not present on page 
	at com.kms.katalon.core.webui.keyword.internal.WebUIKeywordMain.stepFailed(WebUIKeywordMain.groovy:64)
	at com.kms.katalon.core.webui.keyword.builtin.VerifyTextPresentKeyword$_verifyTextPresent_closure1.doCall(VerifyTextPresentKeyword.groovy:79)
	at com.kms.katalon.core.webui.keyword.builtin.VerifyTextPresentKeyword$_verifyTextPresent_closure1.call(VerifyTextPresentKeyword.groovy)
	at com.kms.katalon.core.webui.keyword.internal.WebUIKeywordMain.runKeyword(WebUIKeywordMain.groovy:20)
	at com.kms.katalon.core.webui.keyword.builtin.VerifyTextPresentKeyword.verifyTextPresent(VerifyTextPresentKeyword.groovy:83)
	at com.kms.katalon.core.webui.keyword.builtin.VerifyTextPresentKeyword.execute(VerifyTextPresentKeyword.groovy:68)
	at com.kms.katalon.core.keyword.internal.KeywordExecutor.executeKeywordForPlatform(KeywordExecutor.groovy:60)
	at com.kms.katalon.core.webui.keyword.WebUiBuiltInKeywords.verifyTextPresent(WebUiBuiltInKeywords.groovy:1693)
	at com.kms.katalon.core.webui.keyword.WebUiBuiltInKeywords$verifyTextPresent$2.call(Unknown Source)
	at Banner_Image.run(Banner_Image:80)
	at com.kms.katalon.core.main.ScriptEngine.run(ScriptEngine.java:194)
	at com.kms.katalon.core.main.ScriptEngine.runScriptAsRawText(ScriptEngine.java:119)
	at com.kms.katalon.core.main.TestCaseExecutor.runScript(TestCaseExecutor.java:337)
	at com.kms.katalon.core.main.TestCaseExecutor.doExecute(TestCaseExecutor.java:328)
	at com.kms.katalon.core.main.TestCaseExecutor.processExecutionPhase(TestCaseExecutor.java:307)
	at com.kms.katalon.core.main.TestCaseExecutor.accessMainPhase(TestCaseExecutor.java:299)
	at com.kms.katalon.core.main.TestCaseExecutor.execute(TestCaseExecutor.java:233)
	at com.kms.katalon.core.main.TestCaseMain.runTestCase(TestCaseMain.java:114)
	at com.kms.katalon.core.keyword.builtin.CallTestCaseKeyword$_callTestCase_closure1.doCall(CallTestCaseKeyword.groovy:59)
	at com.kms.katalon.core.keyword.builtin.CallTestCaseKeyword$_callTestCase_closure1.call(CallTestCaseKeyword.groovy)
	at com.kms.katalon.core.keyword.internal.KeywordMain.runKeyword(KeywordMain.groovy:68)
	at com.kms.katalon.core.keyword.builtin.CallTestCaseKeyword.callTestCase(CallTestCaseKeyword.groovy:81)
	at com.kms.katalon.core.keyword.builtin.CallTestCaseKeyword.execute(CallTestCaseKeyword.groovy:44)
	at com.kms.katalon.core.keyword.internal.KeywordExecutor.executeKeywordForPlatform(KeywordExecutor.groovy:60)
	at com.kms.katalon.core.keyword.BuiltinKeywords.callTestCase(BuiltinKeywords.groovy:334)
	at My_Profile_Page.run(My_Profile_Page:134)
	at com.kms.katalon.core.main.ScriptEngine.run(ScriptEngine.java:194)
	at com.kms.katalon.core.main.ScriptEngine.runScriptAsRawText(ScriptEngine.java:119)
	at com.kms.katalon.core.main.TestCaseExecutor.runScript(TestCaseExecutor.java:337)
	at com.kms.katalon.core.main.TestCaseExecutor.doExecute(TestCaseExecutor.java:328)
	at com.kms.katalon.core.main.TestCaseExecutor.processExecutionPhase(TestCaseExecutor.java:307)
	at com.kms.katalon.core.main.TestCaseExecutor.accessMainPhase(TestCaseExecutor.java:299)
	at com.kms.katalon.core.main.TestCaseExecutor.execute(TestCaseExecutor.java:233)
	at com.kms.katalon.core.main.TestSuiteExecutor.accessTestCaseMainPhase(TestSuiteExecutor.java:169)
	at com.kms.katalon.core.main.TestSuiteExecutor.accessTestSuiteMainPhase(TestSuiteExecutor.java:142)
	at com.kms.katalon.core.main.TestSuiteExecutor.execute(TestSuiteExecutor.java:91)
	at com.kms.katalon.core.main.TestCaseMain.startTestSuite(TestCaseMain.java:157)
	at com.kms.katalon.core.main.TestCaseMain$startTestSuite$0.call(Unknown Source)
	at TempTestSuite1572536119934.run(TempTestSuite1572536119934.groovy:36)
)

2019-10-31 15:38:30 - [TEST_STEP][FAILED] - verifyTextPresent("By uploading an image you are confirming", false): Text 'By uploading an image you are confirming' is not present on page  (Root cause: com.kms.katalon.core.exception.StepFailedException: Text 'By uploading an image you are confirming' is not present on page 
	at com.kms.katalon.core.webui.keyword.internal.WebUIKeywordMain.stepFailed(WebUIKeywordMain.groovy:64)
	at com.kms.katalon.core.webui.keyword.builtin.VerifyTextPresentKeyword$_verifyTextPresent_closure1.doCall(VerifyTextPresentKeyword.groovy:79)
	at com.kms.katalon.core.webui.keyword.builtin.VerifyTextPresentKeyword$_verifyTextPresent_closure1.call(VerifyTextPresentKeyword.groovy)
	at com.kms.katalon.core.webui.keyword.internal.WebUIKeywordMain.runKeyword(WebUIKeywordMain.groovy:20)
	at com.kms.katalon.core.webui.keyword.builtin.VerifyTextPresentKeyword.verifyTextPresent(VerifyTextPresentKeyword.groovy:83)
	at com.kms.katalon.core.webui.keyword.builtin.VerifyTextPresentKeyword.execute(VerifyTextPresentKeyword.groovy:68)
	at com.kms.katalon.core.keyword.internal.KeywordExecutor.executeKeywordForPlatform(KeywordExecutor.groovy:60)
	at com.kms.katalon.core.webui.keyword.WebUiBuiltInKeywords.verifyTextPresent(WebUiBuiltInKeywords.groovy:1693)
	at com.kms.katalon.core.webui.keyword.WebUiBuiltInKeywords$verifyTextPresent$2.call(Unknown Source)
	at Banner_Image.run(Banner_Image:82)
	at com.kms.katalon.core.main.ScriptEngine.run(ScriptEngine.java:194)
	at com.kms.katalon.core.main.ScriptEngine.runScriptAsRawText(ScriptEngine.java:119)
	at com.kms.katalon.core.main.TestCaseExecutor.runScript(TestCaseExecutor.java:337)
	at com.kms.katalon.core.main.TestCaseExecutor.doExecute(TestCaseExecutor.java:328)
	at com.kms.katalon.core.main.TestCaseExecutor.processExecutionPhase(TestCaseExecutor.java:307)
	at com.kms.katalon.core.main.TestCaseExecutor.accessMainPhase(TestCaseExecutor.java:299)
	at com.kms.katalon.core.main.TestCaseExecutor.execute(TestCaseExecutor.java:233)
	at com.kms.katalon.core.main.TestCaseMain.runTestCase(TestCaseMain.java:114)
	at com.kms.katalon.core.keyword.builtin.CallTestCaseKeyword$_callTestCase_closure1.doCall(CallTestCaseKeyword.groovy:59)
	at com.kms.katalon.core.keyword.builtin.CallTestCaseKeyword$_callTestCase_closure1.call(CallTestCaseKeyword.groovy)
	at com.kms.katalon.core.keyword.internal.KeywordMain.runKeyword(KeywordMain.groovy:68)
	at com.kms.katalon.core.keyword.builtin.CallTestCaseKeyword.callTestCase(CallTestCaseKeyword.groovy:81)
	at com.kms.katalon.core.keyword.builtin.CallTestCaseKeyword.execute(CallTestCaseKeyword.groovy:44)
	at com.kms.katalon.core.keyword.internal.KeywordExecutor.executeKeywordForPlatform(KeywordExecutor.groovy:60)
	at com.kms.katalon.core.keyword.BuiltinKeywords.callTestCase(BuiltinKeywords.groovy:334)
	at My_Profile_Page.run(My_Profile_Page:134)
	at com.kms.katalon.core.main.ScriptEngine.run(ScriptEngine.java:194)
	at com.kms.katalon.core.main.ScriptEngine.runScriptAsRawText(ScriptEngine.java:119)
	at com.kms.katalon.core.main.TestCaseExecutor.runScript(TestCaseExecutor.java:337)
	at com.kms.katalon.core.main.TestCaseExecutor.doExecute(TestCaseExecutor.java:328)
	at com.kms.katalon.core.main.TestCaseExecutor.processExecutionPhase(TestCaseExecutor.java:307)
	at com.kms.katalon.core.main.TestCaseExecutor.accessMainPhase(TestCaseExecutor.java:299)
	at com.kms.katalon.core.main.TestCaseExecutor.execute(TestCaseExecutor.java:233)
	at com.kms.katalon.core.main.TestSuiteExecutor.accessTestCaseMainPhase(TestSuiteExecutor.java:169)
	at com.kms.katalon.core.main.TestSuiteExecutor.accessTestSuiteMainPhase(TestSuiteExecutor.java:142)
	at com.kms.katalon.core.main.TestSuiteExecutor.execute(TestSuiteExecutor.java:91)
	at com.kms.katalon.core.main.TestCaseMain.startTestSuite(TestCaseMain.java:157)
	at com.kms.katalon.core.main.TestCaseMain$startTestSuite$0.call(Unknown Source)
	at TempTestSuite1572536119934.run(TempTestSuite1572536119934.groovy:36)
)

2019-10-31 15:38:30 - [MESSAGE][FAILED] - Text 'By uploading an image you are confirming' is not present on page  (Root cause: com.kms.katalon.core.exception.StepFailedException: Text 'By uploading an image you are confirming' is not present on page 
	at com.kms.katalon.core.webui.keyword.internal.WebUIKeywordMain.stepFailed(WebUIKeywordMain.groovy:64)
	at com.kms.katalon.core.webui.keyword.builtin.VerifyTextPresentKeyword$_verifyTextPresent_closure1.doCall(VerifyTextPresentKeyword.groovy:79)
	at com.kms.katalon.core.webui.keyword.builtin.VerifyTextPresentKeyword$_verifyTextPresent_closure1.call(VerifyTextPresentKeyword.groovy)
	at com.kms.katalon.core.webui.keyword.internal.WebUIKeywordMain.runKeyword(WebUIKeywordMain.groovy:20)
	at com.kms.katalon.core.webui.keyword.builtin.VerifyTextPresentKeyword.verifyTextPresent(VerifyTextPresentKeyword.groovy:83)
	at com.kms.katalon.core.webui.keyword.builtin.VerifyTextPresentKeyword.execute(VerifyTextPresentKeyword.groovy:68)
	at com.kms.katalon.core.keyword.internal.KeywordExecutor.executeKeywordForPlatform(KeywordExecutor.groovy:60)
	at com.kms.katalon.core.webui.keyword.WebUiBuiltInKeywords.verifyTextPresent(WebUiBuiltInKeywords.groovy:1693)
	at com.kms.katalon.core.webui.keyword.WebUiBuiltInKeywords$verifyTextPresent$2.call(Unknown Source)
	at Banner_Image.run(Banner_Image:82)
	at com.kms.katalon.core.main.ScriptEngine.run(ScriptEngine.java:194)
	at com.kms.katalon.core.main.ScriptEngine.runScriptAsRawText(ScriptEngine.java:119)
	at com.kms.katalon.core.main.TestCaseExecutor.runScript(TestCaseExecutor.java:337)
	at com.kms.katalon.core.main.TestCaseExecutor.doExecute(TestCaseExecutor.java:328)
	at com.kms.katalon.core.main.TestCaseExecutor.processExecutionPhase(TestCaseExecutor.java:307)
	at com.kms.katalon.core.main.TestCaseExecutor.accessMainPhase(TestCaseExecutor.java:299)
	at com.kms.katalon.core.main.TestCaseExecutor.execute(TestCaseExecutor.java:233)
	at com.kms.katalon.core.main.TestCaseMain.runTestCase(TestCaseMain.java:114)
	at com.kms.katalon.core.keyword.builtin.CallTestCaseKeyword$_callTestCase_closure1.doCall(CallTestCaseKeyword.groovy:59)
	at com.kms.katalon.core.keyword.builtin.CallTestCaseKeyword$_callTestCase_closure1.call(CallTestCaseKeyword.groovy)
	at com.kms.katalon.core.keyword.internal.KeywordMain.runKeyword(KeywordMain.groovy:68)
	at com.kms.katalon.core.keyword.builtin.CallTestCaseKeyword.callTestCase(CallTestCaseKeyword.groovy:81)
	at com.kms.katalon.core.keyword.builtin.CallTestCaseKeyword.execute(CallTestCaseKeyword.groovy:44)
	at com.kms.katalon.core.keyword.internal.KeywordExecutor.executeKeywordForPlatform(KeywordExecutor.groovy:60)
	at com.kms.katalon.core.keyword.BuiltinKeywords.callTestCase(BuiltinKeywords.groovy:334)
	at My_Profile_Page.run(My_Profile_Page:134)
	at com.kms.katalon.core.main.ScriptEngine.run(ScriptEngine.java:194)
	at com.kms.katalon.core.main.ScriptEngine.runScriptAsRawText(ScriptEngine.java:119)
	at com.kms.katalon.core.main.TestCaseExecutor.runScript(TestCaseExecutor.java:337)
	at com.kms.katalon.core.main.TestCaseExecutor.doExecute(TestCaseExecutor.java:328)
	at com.kms.katalon.core.main.TestCaseExecutor.processExecutionPhase(TestCaseExecutor.java:307)
	at com.kms.katalon.core.main.TestCaseExecutor.accessMainPhase(TestCaseExecutor.java:299)
	at com.kms.katalon.core.main.TestCaseExecutor.execute(TestCaseExecutor.java:233)
	at com.kms.katalon.core.main.TestSuiteExecutor.accessTestCaseMainPhase(TestSuiteExecutor.java:169)
	at com.kms.katalon.core.main.TestSuiteExecutor.accessTestSuiteMainPhase(TestSuiteExecutor.java:142)
	at com.kms.katalon.core.main.TestSuiteExecutor.execute(TestSuiteExecutor.java:91)
	at com.kms.katalon.core.main.TestCaseMain.startTestSuite(TestCaseMain.java:157)
	at com.kms.katalon.core.main.TestCaseMain$startTestSuite$0.call(Unknown Source)
	at TempTestSuite1572536119934.run(TempTestSuite1572536119934.groovy:36)
)

2019-10-31 15:38:30 - [TEST_STEP][FAILED] - verifyTextPresent("House rules: All changes will be moderated", false): Text 'House rules: All changes will be moderated' is not present on page  (Root cause: com.kms.katalon.core.exception.StepFailedException: Text 'House rules: All changes will be moderated' is not present on page 
	at com.kms.katalon.core.webui.keyword.internal.WebUIKeywordMain.stepFailed(WebUIKeywordMain.groovy:64)
	at com.kms.katalon.core.webui.keyword.builtin.VerifyTextPresentKeyword$_verifyTextPresent_closure1.doCall(VerifyTextPresentKeyword.groovy:79)
	at com.kms.katalon.core.webui.keyword.builtin.VerifyTextPresentKeyword$_verifyTextPresent_closure1.call(VerifyTextPresentKeyword.groovy)
	at com.kms.katalon.core.webui.keyword.internal.WebUIKeywordMain.runKeyword(WebUIKeywordMain.groovy:20)
	at com.kms.katalon.core.webui.keyword.builtin.VerifyTextPresentKeyword.verifyTextPresent(VerifyTextPresentKeyword.groovy:83)
	at com.kms.katalon.core.webui.keyword.builtin.VerifyTextPresentKeyword.execute(VerifyTextPresentKeyword.groovy:68)
	at com.kms.katalon.core.keyword.internal.KeywordExecutor.executeKeywordForPlatform(KeywordExecutor.groovy:60)
	at com.kms.katalon.core.webui.keyword.WebUiBuiltInKeywords.verifyTextPresent(WebUiBuiltInKeywords.groovy:1693)
	at com.kms.katalon.core.webui.keyword.WebUiBuiltInKeywords$verifyTextPresent$2.call(Unknown Source)
	at Banner_Image.run(Banner_Image:84)
	at com.kms.katalon.core.main.ScriptEngine.run(ScriptEngine.java:194)
	at com.kms.katalon.core.main.ScriptEngine.runScriptAsRawText(ScriptEngine.java:119)
	at com.kms.katalon.core.main.TestCaseExecutor.runScript(TestCaseExecutor.java:337)
	at com.kms.katalon.core.main.TestCaseExecutor.doExecute(TestCaseExecutor.java:328)
	at com.kms.katalon.core.main.TestCaseExecutor.processExecutionPhase(TestCaseExecutor.java:307)
	at com.kms.katalon.core.main.TestCaseExecutor.accessMainPhase(TestCaseExecutor.java:299)
	at com.kms.katalon.core.main.TestCaseExecutor.execute(TestCaseExecutor.java:233)
	at com.kms.katalon.core.main.TestCaseMain.runTestCase(TestCaseMain.java:114)
	at com.kms.katalon.core.keyword.builtin.CallTestCaseKeyword$_callTestCase_closure1.doCall(CallTestCaseKeyword.groovy:59)
	at com.kms.katalon.core.keyword.builtin.CallTestCaseKeyword$_callTestCase_closure1.call(CallTestCaseKeyword.groovy)
	at com.kms.katalon.core.keyword.internal.KeywordMain.runKeyword(KeywordMain.groovy:68)
	at com.kms.katalon.core.keyword.builtin.CallTestCaseKeyword.callTestCase(CallTestCaseKeyword.groovy:81)
	at com.kms.katalon.core.keyword.builtin.CallTestCaseKeyword.execute(CallTestCaseKeyword.groovy:44)
	at com.kms.katalon.core.keyword.internal.KeywordExecutor.executeKeywordForPlatform(KeywordExecutor.groovy:60)
	at com.kms.katalon.core.keyword.BuiltinKeywords.callTestCase(BuiltinKeywords.groovy:334)
	at My_Profile_Page.run(My_Profile_Page:134)
	at com.kms.katalon.core.main.ScriptEngine.run(ScriptEngine.java:194)
	at com.kms.katalon.core.main.ScriptEngine.runScriptAsRawText(ScriptEngine.java:119)
	at com.kms.katalon.core.main.TestCaseExecutor.runScript(TestCaseExecutor.java:337)
	at com.kms.katalon.core.main.TestCaseExecutor.doExecute(TestCaseExecutor.java:328)
	at com.kms.katalon.core.main.TestCaseExecutor.processExecutionPhase(TestCaseExecutor.java:307)
	at com.kms.katalon.core.main.TestCaseExecutor.accessMainPhase(TestCaseExecutor.java:299)
	at com.kms.katalon.core.main.TestCaseExecutor.execute(TestCaseExecutor.java:233)
	at com.kms.katalon.core.main.TestSuiteExecutor.accessTestCaseMainPhase(TestSuiteExecutor.java:169)
	at com.kms.katalon.core.main.TestSuiteExecutor.accessTestSuiteMainPhase(TestSuiteExecutor.java:142)
	at com.kms.katalon.core.main.TestSuiteExecutor.execute(TestSuiteExecutor.java:91)
	at com.kms.katalon.core.main.TestCaseMain.startTestSuite(TestCaseMain.java:157)
	at com.kms.katalon.core.main.TestCaseMain$startTestSuite$0.call(Unknown Source)
	at TempTestSuite1572536119934.run(TempTestSuite1572536119934.groovy:36)
)

2019-10-31 15:38:30 - [MESSAGE][FAILED] - Text 'House rules: All changes will be moderated' is not present on page  (Root cause: com.kms.katalon.core.exception.StepFailedException: Text 'House rules: All changes will be moderated' is not present on page 
	at com.kms.katalon.core.webui.keyword.internal.WebUIKeywordMain.stepFailed(WebUIKeywordMain.groovy:64)
	at com.kms.katalon.core.webui.keyword.builtin.VerifyTextPresentKeyword$_verifyTextPresent_closure1.doCall(VerifyTextPresentKeyword.groovy:79)
	at com.kms.katalon.core.webui.keyword.builtin.VerifyTextPresentKeyword$_verifyTextPresent_closure1.call(VerifyTextPresentKeyword.groovy)
	at com.kms.katalon.core.webui.keyword.internal.WebUIKeywordMain.runKeyword(WebUIKeywordMain.groovy:20)
	at com.kms.katalon.core.webui.keyword.builtin.VerifyTextPresentKeyword.verifyTextPresent(VerifyTextPresentKeyword.groovy:83)
	at com.kms.katalon.core.webui.keyword.builtin.VerifyTextPresentKeyword.execute(VerifyTextPresentKeyword.groovy:68)
	at com.kms.katalon.core.keyword.internal.KeywordExecutor.executeKeywordForPlatform(KeywordExecutor.groovy:60)
	at com.kms.katalon.core.webui.keyword.WebUiBuiltInKeywords.verifyTextPresent(WebUiBuiltInKeywords.groovy:1693)
	at com.kms.katalon.core.webui.keyword.WebUiBuiltInKeywords$verifyTextPresent$2.call(Unknown Source)
	at Banner_Image.run(Banner_Image:84)
	at com.kms.katalon.core.main.ScriptEngine.run(ScriptEngine.java:194)
	at com.kms.katalon.core.main.ScriptEngine.runScriptAsRawText(ScriptEngine.java:119)
	at com.kms.katalon.core.main.TestCaseExecutor.runScript(TestCaseExecutor.java:337)
	at com.kms.katalon.core.main.TestCaseExecutor.doExecute(TestCaseExecutor.java:328)
	at com.kms.katalon.core.main.TestCaseExecutor.processExecutionPhase(TestCaseExecutor.java:307)
	at com.kms.katalon.core.main.TestCaseExecutor.accessMainPhase(TestCaseExecutor.java:299)
	at com.kms.katalon.core.main.TestCaseExecutor.execute(TestCaseExecutor.java:233)
	at com.kms.katalon.core.main.TestCaseMain.runTestCase(TestCaseMain.java:114)
	at com.kms.katalon.core.keyword.builtin.CallTestCaseKeyword$_callTestCase_closure1.doCall(CallTestCaseKeyword.groovy:59)
	at com.kms.katalon.core.keyword.builtin.CallTestCaseKeyword$_callTestCase_closure1.call(CallTestCaseKeyword.groovy)
	at com.kms.katalon.core.keyword.internal.KeywordMain.runKeyword(KeywordMain.groovy:68)
	at com.kms.katalon.core.keyword.builtin.CallTestCaseKeyword.callTestCase(CallTestCaseKeyword.groovy:81)
	at com.kms.katalon.core.keyword.builtin.CallTestCaseKeyword.execute(CallTestCaseKeyword.groovy:44)
	at com.kms.katalon.core.keyword.internal.KeywordExecutor.executeKeywordForPlatform(KeywordExecutor.groovy:60)
	at com.kms.katalon.core.keyword.BuiltinKeywords.callTestCase(BuiltinKeywords.groovy:334)
	at My_Profile_Page.run(My_Profile_Page:134)
	at com.kms.katalon.core.main.ScriptEngine.run(ScriptEngine.java:194)
	at com.kms.katalon.core.main.ScriptEngine.runScriptAsRawText(ScriptEngine.java:119)
	at com.kms.katalon.core.main.TestCaseExecutor.runScript(TestCaseExecutor.java:337)
	at com.kms.katalon.core.main.TestCaseExecutor.doExecute(TestCaseExecutor.java:328)
	at com.kms.katalon.core.main.TestCaseExecutor.processExecutionPhase(TestCaseExecutor.java:307)
	at com.kms.katalon.core.main.TestCaseExecutor.accessMainPhase(TestCaseExecutor.java:299)
	at com.kms.katalon.core.main.TestCaseExecutor.execute(TestCaseExecutor.java:233)
	at com.kms.katalon.core.main.TestSuiteExecutor.accessTestCaseMainPhase(TestSuiteExecutor.java:169)
	at com.kms.katalon.core.main.TestSuiteExecutor.accessTestSuiteMainPhase(TestSuiteExecutor.java:142)
	at com.kms.katalon.core.main.TestSuiteExecutor.execute(TestSuiteExecutor.java:91)
	at com.kms.katalon.core.main.TestCaseMain.startTestSuite(TestCaseMain.java:157)
	at com.kms.katalon.core.main.TestCaseMain$startTestSuite$0.call(Unknown Source)
	at TempTestSuite1572536119934.run(TempTestSuite1572536119934.groovy:36)
)

2019-10-31 15:38:30 - [TEST_STEP][PASSED] - "----------------------------------------------": null

2019-10-31 15:38:30 - [TEST_STEP][PASSED] - waitForElementClickable(findTestObject("Object Repository/Page_Members Area/Profiles/Page_Members Area/label_By uploading an image"), 25): Web element with id: 'Object Repository/Page_Members Area/Profiles/Page_Members Area/label_By uploading an image' located by 'By.xpath: //*[(text() = '  By uploading an image you are confirming that you hold the copyright for this image or have permission from the copyright holder. ' or . = '  By uploading an image you are confirming that you hold the copyright for this image or have permission from the copyright holder. ')]' not found

2019-10-31 15:38:56 - [MESSAGE][INFO] - Unable to find the element located by 'By.xpath: //*[(text() = '  By uploading an image you are confirming that you hold the copyright for this image or have permission from the copyright holder. ' or . = '  By uploading an image you are confirming that you hold the copyright for this image or have permission from the copyright holder. ')]'. Please recheck the objects properties to make sure the desired element is located. 

2019-10-31 15:38:56 - [MESSAGE][WARNING] - Web element with id: 'Object Repository/Page_Members Area/Profiles/Page_Members Area/label_By uploading an image' located by 'By.xpath: //*[(text() = '  By uploading an image you are confirming that you hold the copyright for this image or have permission from the copyright holder. ' or . = '  By uploading an image you are confirming that you hold the copyright for this image or have permission from the copyright holder. ')]' not found

2019-10-31 15:38:56 - [TEST_STEP][FAILED] - click(findTestObject("Object Repository/Page_Members Area/Profiles/Page_Members Area/label_By uploading an image")): Unable to click on object 'Object Repository/Page_Members Area/Profiles/Page_Members Area/label_By uploading an image' (Root cause: com.kms.katalon.core.exception.StepFailedException: Unable to click on object 'Object Repository/Page_Members Area/Profiles/Page_Members Area/label_By uploading an image'
	at com.kms.katalon.core.webui.keyword.internal.WebUIKeywordMain.stepFailed(WebUIKeywordMain.groovy:64)
	at com.kms.katalon.core.webui.keyword.internal.WebUIKeywordMain.runKeyword(WebUIKeywordMain.groovy:26)
	at com.kms.katalon.core.webui.keyword.builtin.ClickKeyword.click(ClickKeyword.groovy:79)
	at com.kms.katalon.core.webui.keyword.builtin.ClickKeyword.execute(ClickKeyword.groovy:42)
	at com.kms.katalon.core.keyword.internal.KeywordExecutor.executeKeywordForPlatform(KeywordExecutor.groovy:60)
	at com.kms.katalon.core.webui.keyword.WebUiBuiltInKeywords.click(WebUiBuiltInKeywords.groovy:616)
	at com.kms.katalon.core.webui.keyword.WebUiBuiltInKeywords$click$4.call(Unknown Source)
	at Banner_Image.run(Banner_Image:89)
	at com.kms.katalon.core.main.ScriptEngine.run(ScriptEngine.java:194)
	at com.kms.katalon.core.main.ScriptEngine.runScriptAsRawText(ScriptEngine.java:119)
	at com.kms.katalon.core.main.TestCaseExecutor.runScript(TestCaseExecutor.java:337)
	at com.kms.katalon.core.main.TestCaseExecutor.doExecute(TestCaseExecutor.java:328)
	at com.kms.katalon.core.main.TestCaseExecutor.processExecutionPhase(TestCaseExecutor.java:307)
	at com.kms.katalon.core.main.TestCaseExecutor.accessMainPhase(TestCaseExecutor.java:299)
	at com.kms.katalon.core.main.TestCaseExecutor.execute(TestCaseExecutor.java:233)
	at com.kms.katalon.core.main.TestCaseMain.runTestCase(TestCaseMain.java:114)
	at com.kms.katalon.core.keyword.builtin.CallTestCaseKeyword$_callTestCase_closure1.doCall(CallTestCaseKeyword.groovy:59)
	at com.kms.katalon.core.keyword.builtin.CallTestCaseKeyword$_callTestCase_closure1.call(CallTestCaseKeyword.groovy)
	at com.kms.katalon.core.keyword.internal.KeywordMain.runKeyword(KeywordMain.groovy:68)
	at com.kms.katalon.core.keyword.builtin.CallTestCaseKeyword.callTestCase(CallTestCaseKeyword.groovy:81)
	at com.kms.katalon.core.keyword.builtin.CallTestCaseKeyword.execute(CallTestCaseKeyword.groovy:44)
	at com.kms.katalon.core.keyword.internal.KeywordExecutor.executeKeywordForPlatform(KeywordExecutor.groovy:60)
	at com.kms.katalon.core.keyword.BuiltinKeywords.callTestCase(BuiltinKeywords.groovy:334)
	at My_Profile_Page.run(My_Profile_Page:134)
	at com.kms.katalon.core.main.ScriptEngine.run(ScriptEngine.java:194)
	at com.kms.katalon.core.main.ScriptEngine.runScriptAsRawText(ScriptEngine.java:119)
	at com.kms.katalon.core.main.TestCaseExecutor.runScript(TestCaseExecutor.java:337)
	at com.kms.katalon.core.main.TestCaseExecutor.doExecute(TestCaseExecutor.java:328)
	at com.kms.katalon.core.main.TestCaseExecutor.processExecutionPhase(TestCaseExecutor.java:307)
	at com.kms.katalon.core.main.TestCaseExecutor.accessMainPhase(TestCaseExecutor.java:299)
	at com.kms.katalon.core.main.TestCaseExecutor.execute(TestCaseExecutor.java:233)
	at com.kms.katalon.core.main.TestSuiteExecutor.accessTestCaseMainPhase(TestSuiteExecutor.java:169)
	at com.kms.katalon.core.main.TestSuiteExecutor.accessTestSuiteMainPhase(TestSuiteExecutor.java:142)
	at com.kms.katalon.core.main.TestSuiteExecutor.execute(TestSuiteExecutor.java:91)
	at com.kms.katalon.core.main.TestCaseMain.startTestSuite(TestCaseMain.java:157)
	at com.kms.katalon.core.main.TestCaseMain$startTestSuite$0.call(Unknown Source)
	at TempTestSuite1572536119934.run(TempTestSuite1572536119934.groovy:36)
Caused by: com.kms.katalon.core.webui.exception.WebElementNotFoundException: Web element with id: 'Object Repository/Page_Members Area/Profiles/Page_Members Area/label_By uploading an image' located by 'By.xpath: //*[(text() = '  By uploading an image you are confirming that you hold the copyright for this image or have permission from the copyright holder. ' or . = '  By uploading an image you are confirming that you hold the copyright for this image or have permission from the copyright holder. ')]' not found
	at com.kms.katalon.core.webui.common.WebUiCommonHelper.findWebElement(WebUiCommonHelper.java:1113)
	at com.kms.katalon.core.webui.keyword.internal.WebUIAbstractKeyword.findWebElement(WebUIAbstractKeyword.groovy:27)
	at com.kms.katalon.core.webui.keyword.internal.WebUIAbstractKeyword.findWebElement(WebUIAbstractKeyword.groovy:26)
	at com.kms.katalon.core.webui.keyword.builtin.ClickKeyword$_click_closure1.doCall(ClickKeyword.groovy:52)
	at com.kms.katalon.core.webui.keyword.builtin.ClickKeyword$_click_closure1.call(ClickKeyword.groovy)
	at com.kms.katalon.core.webui.keyword.internal.WebUIKeywordMain.runKeyword(WebUIKeywordMain.groovy:20)
	at com.kms.katalon.core.webui.keyword.builtin.ClickKeyword.click(ClickKeyword.groovy:79)
	at com.kms.katalon.core.webui.keyword.builtin.ClickKeyword.execute(ClickKeyword.groovy:42)
	at com.kms.katalon.core.keyword.internal.KeywordExecutor.executeKeywordForPlatform(KeywordExecutor.groovy:60)
	at com.kms.katalon.core.webui.keyword.WebUiBuiltInKeywords.click(WebUiBuiltInKeywords.groovy:616)
	at com.kms.katalon.core.webui.keyword.WebUiBuiltInKeywords$click$4.call(Unknown Source)
	at Script1568364488539.run(Script1568364488539.groovy:89)
	at com.kms.katalon.core.main.ScriptEngine.run(ScriptEngine.java:194)
	at com.kms.katalon.core.main.ScriptEngine.runScriptAsRawText(ScriptEngine.java:119)
	at com.kms.katalon.core.main.TestCaseExecutor.runScript(TestCaseExecutor.java:337)
	at com.kms.katalon.core.main.TestCaseExecutor.doExecute(TestCaseExecutor.java:328)
	at com.kms.katalon.core.main.TestCaseExecutor.processExecutionPhase(TestCaseExecutor.java:307)
	at com.kms.katalon.core.main.TestCaseExecutor.accessMainPhase(TestCaseExecutor.java:299)
	at com.kms.katalon.core.main.TestCaseExecutor.execute(TestCaseExecutor.java:233)
	at com.kms.katalon.core.main.TestCaseMain.runTestCase(TestCaseMain.java:114)
	at com.kms.katalon.core.keyword.builtin.CallTestCaseKeyword$_callTestCase_closure1.doCall(CallTestCaseKeyword.groovy:59)
	at com.kms.katalon.core.keyword.builtin.CallTestCaseKeyword$_callTestCase_closure1.call(CallTestCaseKeyword.groovy)
	at com.kms.katalon.core.keyword.internal.KeywordMain.runKeyword(KeywordMain.groovy:68)
	at com.kms.katalon.core.keyword.builtin.CallTestCaseKeyword.callTestCase(CallTestCaseKeyword.groovy:81)
	at com.kms.katalon.core.keyword.builtin.CallTestCaseKeyword.execute(CallTestCaseKeyword.groovy:44)
	at com.kms.katalon.core.keyword.internal.KeywordExecutor.executeKeywordForPlatform(KeywordExecutor.groovy:60)
	at com.kms.katalon.core.keyword.BuiltinKeywords.callTestCase(BuiltinKeywords.groovy:334)
	at Script1568622126810.run(Script1568622126810.groovy:134)
	... 13 more
)

2019-10-31 15:39:26 - [MESSAGE][INFO] - Unable to find the element located by 'By.xpath: //*[(text() = '  By uploading an image you are confirming that you hold the copyright for this image or have permission from the copyright holder. ' or . = '  By uploading an image you are confirming that you hold the copyright for this image or have permission from the copyright holder. ')]'. Please recheck the objects properties to make sure the desired element is located. 

2019-10-31 15:39:27 - [MESSAGE][FAILED] - Unable to click on object 'Object Repository/Page_Members Area/Profiles/Page_Members Area/label_By uploading an image' (Root cause: com.kms.katalon.core.exception.StepFailedException: Unable to click on object 'Object Repository/Page_Members Area/Profiles/Page_Members Area/label_By uploading an image'
	at com.kms.katalon.core.webui.keyword.internal.WebUIKeywordMain.stepFailed(WebUIKeywordMain.groovy:64)
	at com.kms.katalon.core.webui.keyword.internal.WebUIKeywordMain.runKeyword(WebUIKeywordMain.groovy:26)
	at com.kms.katalon.core.webui.keyword.builtin.ClickKeyword.click(ClickKeyword.groovy:79)
	at com.kms.katalon.core.webui.keyword.builtin.ClickKeyword.execute(ClickKeyword.groovy:42)
	at com.kms.katalon.core.keyword.internal.KeywordExecutor.executeKeywordForPlatform(KeywordExecutor.groovy:60)
	at com.kms.katalon.core.webui.keyword.WebUiBuiltInKeywords.click(WebUiBuiltInKeywords.groovy:616)
	at com.kms.katalon.core.webui.keyword.WebUiBuiltInKeywords$click$4.call(Unknown Source)
	at Banner_Image.run(Banner_Image:89)
	at com.kms.katalon.core.main.ScriptEngine.run(ScriptEngine.java:194)
	at com.kms.katalon.core.main.ScriptEngine.runScriptAsRawText(ScriptEngine.java:119)
	at com.kms.katalon.core.main.TestCaseExecutor.runScript(TestCaseExecutor.java:337)
	at com.kms.katalon.core.main.TestCaseExecutor.doExecute(TestCaseExecutor.java:328)
	at com.kms.katalon.core.main.TestCaseExecutor.processExecutionPhase(TestCaseExecutor.java:307)
	at com.kms.katalon.core.main.TestCaseExecutor.accessMainPhase(TestCaseExecutor.java:299)
	at com.kms.katalon.core.main.TestCaseExecutor.execute(TestCaseExecutor.java:233)
	at com.kms.katalon.core.main.TestCaseMain.runTestCase(TestCaseMain.java:114)
	at com.kms.katalon.core.keyword.builtin.CallTestCaseKeyword$_callTestCase_closure1.doCall(CallTestCaseKeyword.groovy:59)
	at com.kms.katalon.core.keyword.builtin.CallTestCaseKeyword$_callTestCase_closure1.call(CallTestCaseKeyword.groovy)
	at com.kms.katalon.core.keyword.internal.KeywordMain.runKeyword(KeywordMain.groovy:68)
	at com.kms.katalon.core.keyword.builtin.CallTestCaseKeyword.callTestCase(CallTestCaseKeyword.groovy:81)
	at com.kms.katalon.core.keyword.builtin.CallTestCaseKeyword.execute(CallTestCaseKeyword.groovy:44)
	at com.kms.katalon.core.keyword.internal.KeywordExecutor.executeKeywordForPlatform(KeywordExecutor.groovy:60)
	at com.kms.katalon.core.keyword.BuiltinKeywords.callTestCase(BuiltinKeywords.groovy:334)
	at My_Profile_Page.run(My_Profile_Page:134)
	at com.kms.katalon.core.main.ScriptEngine.run(ScriptEngine.java:194)
	at com.kms.katalon.core.main.ScriptEngine.runScriptAsRawText(ScriptEngine.java:119)
	at com.kms.katalon.core.main.TestCaseExecutor.runScript(TestCaseExecutor.java:337)
	at com.kms.katalon.core.main.TestCaseExecutor.doExecute(TestCaseExecutor.java:328)
	at com.kms.katalon.core.main.TestCaseExecutor.processExecutionPhase(TestCaseExecutor.java:307)
	at com.kms.katalon.core.main.TestCaseExecutor.accessMainPhase(TestCaseExecutor.java:299)
	at com.kms.katalon.core.main.TestCaseExecutor.execute(TestCaseExecutor.java:233)
	at com.kms.katalon.core.main.TestSuiteExecutor.accessTestCaseMainPhase(TestSuiteExecutor.java:169)
	at com.kms.katalon.core.main.TestSuiteExecutor.accessTestSuiteMainPhase(TestSuiteExecutor.java:142)
	at com.kms.katalon.core.main.TestSuiteExecutor.execute(TestSuiteExecutor.java:91)
	at com.kms.katalon.core.main.TestCaseMain.startTestSuite(TestCaseMain.java:157)
	at com.kms.katalon.core.main.TestCaseMain$startTestSuite$0.call(Unknown Source)
	at TempTestSuite1572536119934.run(TempTestSuite1572536119934.groovy:36)
Caused by: com.kms.katalon.core.webui.exception.WebElementNotFoundException: Web element with id: 'Object Repository/Page_Members Area/Profiles/Page_Members Area/label_By uploading an image' located by 'By.xpath: //*[(text() = '  By uploading an image you are confirming that you hold the copyright for this image or have permission from the copyright holder. ' or . = '  By uploading an image you are confirming that you hold the copyright for this image or have permission from the copyright holder. ')]' not found
	at com.kms.katalon.core.webui.common.WebUiCommonHelper.findWebElement(WebUiCommonHelper.java:1113)
	at com.kms.katalon.core.webui.keyword.internal.WebUIAbstractKeyword.findWebElement(WebUIAbstractKeyword.groovy:27)
	at com.kms.katalon.core.webui.keyword.internal.WebUIAbstractKeyword.findWebElement(WebUIAbstractKeyword.groovy:26)
	at com.kms.katalon.core.webui.keyword.builtin.ClickKeyword$_click_closure1.doCall(ClickKeyword.groovy:52)
	at com.kms.katalon.core.webui.keyword.builtin.ClickKeyword$_click_closure1.call(ClickKeyword.groovy)
	at com.kms.katalon.core.webui.keyword.internal.WebUIKeywordMain.runKeyword(WebUIKeywordMain.groovy:20)
	at com.kms.katalon.core.webui.keyword.builtin.ClickKeyword.click(ClickKeyword.groovy:79)
	at com.kms.katalon.core.webui.keyword.builtin.ClickKeyword.execute(ClickKeyword.groovy:42)
	at com.kms.katalon.core.keyword.internal.KeywordExecutor.executeKeywordForPlatform(KeywordExecutor.groovy:60)
	at com.kms.katalon.core.webui.keyword.WebUiBuiltInKeywords.click(WebUiBuiltInKeywords.groovy:616)
	at com.kms.katalon.core.webui.keyword.WebUiBuiltInKeywords$click$4.call(Unknown Source)
	at Script1568364488539.run(Script1568364488539.groovy:89)
	at com.kms.katalon.core.main.ScriptEngine.run(ScriptEngine.java:194)
	at com.kms.katalon.core.main.ScriptEngine.runScriptAsRawText(ScriptEngine.java:119)
	at com.kms.katalon.core.main.TestCaseExecutor.runScript(TestCaseExecutor.java:337)
	at com.kms.katalon.core.main.TestCaseExecutor.doExecute(TestCaseExecutor.java:328)
	at com.kms.katalon.core.main.TestCaseExecutor.processExecutionPhase(TestCaseExecutor.java:307)
	at com.kms.katalon.core.main.TestCaseExecutor.accessMainPhase(TestCaseExecutor.java:299)
	at com.kms.katalon.core.main.TestCaseExecutor.execute(TestCaseExecutor.java:233)
	at com.kms.katalon.core.main.TestCaseMain.runTestCase(TestCaseMain.java:114)
	at com.kms.katalon.core.keyword.builtin.CallTestCaseKeyword$_callTestCase_closure1.doCall(CallTestCaseKeyword.groovy:59)
	at com.kms.katalon.core.keyword.builtin.CallTestCaseKeyword$_callTestCase_closure1.call(CallTestCaseKeyword.groovy)
	at com.kms.katalon.core.keyword.internal.KeywordMain.runKeyword(KeywordMain.groovy:68)
	at com.kms.katalon.core.keyword.builtin.CallTestCaseKeyword.callTestCase(CallTestCaseKeyword.groovy:81)
	at com.kms.katalon.core.keyword.builtin.CallTestCaseKeyword.execute(CallTestCaseKeyword.groovy:44)
	at com.kms.katalon.core.keyword.internal.KeywordExecutor.executeKeywordForPlatform(KeywordExecutor.groovy:60)
	at com.kms.katalon.core.keyword.BuiltinKeywords.callTestCase(BuiltinKeywords.groovy:334)
	at Script1568622126810.run(Script1568622126810.groovy:134)
	... 13 more
)
[[ATTACHMENT|C:\\Users\\davidho\\Katalon Studio\\Start\\Reports\\20191031_153516\\Members_My_Profile\\20191031_153519\\1572536366985.png]]

2019-10-31 15:39:27 - [TEST_STEP][PASSED] - "----------------------------------------------": null

2019-10-31 15:39:27 - [TEST_STEP][PASSED] - waitForElementClickable(findTestObject("Object Repository/Profiles_Page/Page_Members Area/button_Upload Banner Image"), 25): Web element with id: 'Object Repository/Profiles_Page/Page_Members Area/button_Upload Banner Image' located by 'By.xpath: //button[@type = 'button' and (text() = ' Upload Banner Image ' or . = ' Upload Banner Image ')]' not found

2019-10-31 15:39:52 - [MESSAGE][INFO] - Unable to find the element located by 'By.xpath: //button[@type = 'button' and (text() = ' Upload Banner Image ' or . = ' Upload Banner Image ')]'. Please recheck the objects properties to make sure the desired element is located. 

2019-10-31 15:39:52 - [MESSAGE][WARNING] - Web element with id: 'Object Repository/Profiles_Page/Page_Members Area/button_Upload Banner Image' located by 'By.xpath: //button[@type = 'button' and (text() = ' Upload Banner Image ' or . = ' Upload Banner Image ')]' not found

2019-10-31 15:39:52 - [TEST_STEP][FAILED] - click(findTestObject("Object Repository/Profiles_Page/Page_Members Area/button_Upload Banner Image")): Unable to click on object 'Object Repository/Profiles_Page/Page_Members Area/button_Upload Banner Image' (Root cause: com.kms.katalon.core.exception.StepFailedException: Unable to click on object 'Object Repository/Profiles_Page/Page_Members Area/button_Upload Banner Image'
	at com.kms.katalon.core.webui.keyword.internal.WebUIKeywordMain.stepFailed(WebUIKeywordMain.groovy:64)
	at com.kms.katalon.core.webui.keyword.internal.WebUIKeywordMain.runKeyword(WebUIKeywordMain.groovy:26)
	at com.kms.katalon.core.webui.keyword.builtin.ClickKeyword.click(ClickKeyword.groovy:79)
	at com.kms.katalon.core.webui.keyword.builtin.ClickKeyword.execute(ClickKeyword.groovy:42)
	at com.kms.katalon.core.keyword.internal.KeywordExecutor.executeKeywordForPlatform(KeywordExecutor.groovy:60)
	at com.kms.katalon.core.webui.keyword.WebUiBuiltInKeywords.click(WebUiBuiltInKeywords.groovy:616)
	at com.kms.katalon.core.webui.keyword.WebUiBuiltInKeywords$click$4.call(Unknown Source)
	at Banner_Image.run(Banner_Image:94)
	at com.kms.katalon.core.main.ScriptEngine.run(ScriptEngine.java:194)
	at com.kms.katalon.core.main.ScriptEngine.runScriptAsRawText(ScriptEngine.java:119)
	at com.kms.katalon.core.main.TestCaseExecutor.runScript(TestCaseExecutor.java:337)
	at com.kms.katalon.core.main.TestCaseExecutor.doExecute(TestCaseExecutor.java:328)
	at com.kms.katalon.core.main.TestCaseExecutor.processExecutionPhase(TestCaseExecutor.java:307)
	at com.kms.katalon.core.main.TestCaseExecutor.accessMainPhase(TestCaseExecutor.java:299)
	at com.kms.katalon.core.main.TestCaseExecutor.execute(TestCaseExecutor.java:233)
	at com.kms.katalon.core.main.TestCaseMain.runTestCase(TestCaseMain.java:114)
	at com.kms.katalon.core.keyword.builtin.CallTestCaseKeyword$_callTestCase_closure1.doCall(CallTestCaseKeyword.groovy:59)
	at com.kms.katalon.core.keyword.builtin.CallTestCaseKeyword$_callTestCase_closure1.call(CallTestCaseKeyword.groovy)
	at com.kms.katalon.core.keyword.internal.KeywordMain.runKeyword(KeywordMain.groovy:68)
	at com.kms.katalon.core.keyword.builtin.CallTestCaseKeyword.callTestCase(CallTestCaseKeyword.groovy:81)
	at com.kms.katalon.core.keyword.builtin.CallTestCaseKeyword.execute(CallTestCaseKeyword.groovy:44)
	at com.kms.katalon.core.keyword.internal.KeywordExecutor.executeKeywordForPlatform(KeywordExecutor.groovy:60)
	at com.kms.katalon.core.keyword.BuiltinKeywords.callTestCase(BuiltinKeywords.groovy:334)
	at My_Profile_Page.run(My_Profile_Page:134)
	at com.kms.katalon.core.main.ScriptEngine.run(ScriptEngine.java:194)
	at com.kms.katalon.core.main.ScriptEngine.runScriptAsRawText(ScriptEngine.java:119)
	at com.kms.katalon.core.main.TestCaseExecutor.runScript(TestCaseExecutor.java:337)
	at com.kms.katalon.core.main.TestCaseExecutor.doExecute(TestCaseExecutor.java:328)
	at com.kms.katalon.core.main.TestCaseExecutor.processExecutionPhase(TestCaseExecutor.java:307)
	at com.kms.katalon.core.main.TestCaseExecutor.accessMainPhase(TestCaseExecutor.java:299)
	at com.kms.katalon.core.main.TestCaseExecutor.execute(TestCaseExecutor.java:233)
	at com.kms.katalon.core.main.TestSuiteExecutor.accessTestCaseMainPhase(TestSuiteExecutor.java:169)
	at com.kms.katalon.core.main.TestSuiteExecutor.accessTestSuiteMainPhase(TestSuiteExecutor.java:142)
	at com.kms.katalon.core.main.TestSuiteExecutor.execute(TestSuiteExecutor.java:91)
	at com.kms.katalon.core.main.TestCaseMain.startTestSuite(TestCaseMain.java:157)
	at com.kms.katalon.core.main.TestCaseMain$startTestSuite$0.call(Unknown Source)
	at TempTestSuite1572536119934.run(TempTestSuite1572536119934.groovy:36)
Caused by: com.kms.katalon.core.webui.exception.WebElementNotFoundException: Web element with id: 'Object Repository/Profiles_Page/Page_Members Area/button_Upload Banner Image' located by 'By.xpath: //button[@type = 'button' and (text() = ' Upload Banner Image ' or . = ' Upload Banner Image ')]' not found
	at com.kms.katalon.core.webui.common.WebUiCommonHelper.findWebElement(WebUiCommonHelper.java:1113)
	at com.kms.katalon.core.webui.keyword.internal.WebUIAbstractKeyword.findWebElement(WebUIAbstractKeyword.groovy:27)
	at com.kms.katalon.core.webui.keyword.internal.WebUIAbstractKeyword.findWebElement(WebUIAbstractKeyword.groovy:26)
	at com.kms.katalon.core.webui.keyword.builtin.ClickKeyword$_click_closure1.doCall(ClickKeyword.groovy:52)
	at com.kms.katalon.core.webui.keyword.builtin.ClickKeyword$_click_closure1.call(ClickKeyword.groovy)
	at com.kms.katalon.core.webui.keyword.internal.WebUIKeywordMain.runKeyword(WebUIKeywordMain.groovy:20)
	at com.kms.katalon.core.webui.keyword.builtin.ClickKeyword.click(ClickKeyword.groovy:79)
	at com.kms.katalon.core.webui.keyword.builtin.ClickKeyword.execute(ClickKeyword.groovy:42)
	at com.kms.katalon.core.keyword.internal.KeywordExecutor.executeKeywordForPlatform(KeywordExecutor.groovy:60)
	at com.kms.katalon.core.webui.keyword.WebUiBuiltInKeywords.click(WebUiBuiltInKeywords.groovy:616)
	at com.kms.katalon.core.webui.keyword.WebUiBuiltInKeywords$click$4.call(Unknown Source)
	at Script1568364488539.run(Script1568364488539.groovy:94)
	at com.kms.katalon.core.main.ScriptEngine.run(ScriptEngine.java:194)
	at com.kms.katalon.core.main.ScriptEngine.runScriptAsRawText(ScriptEngine.java:119)
	at com.kms.katalon.core.main.TestCaseExecutor.runScript(TestCaseExecutor.java:337)
	at com.kms.katalon.core.main.TestCaseExecutor.doExecute(TestCaseExecutor.java:328)
	at com.kms.katalon.core.main.TestCaseExecutor.processExecutionPhase(TestCaseExecutor.java:307)
	at com.kms.katalon.core.main.TestCaseExecutor.accessMainPhase(TestCaseExecutor.java:299)
	at com.kms.katalon.core.main.TestCaseExecutor.execute(TestCaseExecutor.java:233)
	at com.kms.katalon.core.main.TestCaseMain.runTestCase(TestCaseMain.java:114)
	at com.kms.katalon.core.keyword.builtin.CallTestCaseKeyword$_callTestCase_closure1.doCall(CallTestCaseKeyword.groovy:59)
	at com.kms.katalon.core.keyword.builtin.CallTestCaseKeyword$_callTestCase_closure1.call(CallTestCaseKeyword.groovy)
	at com.kms.katalon.core.keyword.internal.KeywordMain.runKeyword(KeywordMain.groovy:68)
	at com.kms.katalon.core.keyword.builtin.CallTestCaseKeyword.callTestCase(CallTestCaseKeyword.groovy:81)
	at com.kms.katalon.core.keyword.builtin.CallTestCaseKeyword.execute(CallTestCaseKeyword.groovy:44)
	at com.kms.katalon.core.keyword.internal.KeywordExecutor.executeKeywordForPlatform(KeywordExecutor.groovy:60)
	at com.kms.katalon.core.keyword.BuiltinKeywords.callTestCase(BuiltinKeywords.groovy:334)
	at Script1568622126810.run(Script1568622126810.groovy:134)
	... 13 more
)

2019-10-31 15:40:23 - [MESSAGE][INFO] - Unable to find the element located by 'By.xpath: //button[@type = 'button' and (text() = ' Upload Banner Image ' or . = ' Upload Banner Image ')]'. Please recheck the objects properties to make sure the desired element is located. 

2019-10-31 15:40:23 - [MESSAGE][FAILED] - Unable to click on object 'Object Repository/Profiles_Page/Page_Members Area/button_Upload Banner Image' (Root cause: com.kms.katalon.core.exception.StepFailedException: Unable to click on object 'Object Repository/Profiles_Page/Page_Members Area/button_Upload Banner Image'
	at com.kms.katalon.core.webui.keyword.internal.WebUIKeywordMain.stepFailed(WebUIKeywordMain.groovy:64)
	at com.kms.katalon.core.webui.keyword.internal.WebUIKeywordMain.runKeyword(WebUIKeywordMain.groovy:26)
	at com.kms.katalon.core.webui.keyword.builtin.ClickKeyword.click(ClickKeyword.groovy:79)
	at com.kms.katalon.core.webui.keyword.builtin.ClickKeyword.execute(ClickKeyword.groovy:42)
	at com.kms.katalon.core.keyword.internal.KeywordExecutor.executeKeywordForPlatform(KeywordExecutor.groovy:60)
	at com.kms.katalon.core.webui.keyword.WebUiBuiltInKeywords.click(WebUiBuiltInKeywords.groovy:616)
	at com.kms.katalon.core.webui.keyword.WebUiBuiltInKeywords$click$4.call(Unknown Source)
	at Banner_Image.run(Banner_Image:94)
	at com.kms.katalon.core.main.ScriptEngine.run(ScriptEngine.java:194)
	at com.kms.katalon.core.main.ScriptEngine.runScriptAsRawText(ScriptEngine.java:119)
	at com.kms.katalon.core.main.TestCaseExecutor.runScript(TestCaseExecutor.java:337)
	at com.kms.katalon.core.main.TestCaseExecutor.doExecute(TestCaseExecutor.java:328)
	at com.kms.katalon.core.main.TestCaseExecutor.processExecutionPhase(TestCaseExecutor.java:307)
	at com.kms.katalon.core.main.TestCaseExecutor.accessMainPhase(TestCaseExecutor.java:299)
	at com.kms.katalon.core.main.TestCaseExecutor.execute(TestCaseExecutor.java:233)
	at com.kms.katalon.core.main.TestCaseMain.runTestCase(TestCaseMain.java:114)
	at com.kms.katalon.core.keyword.builtin.CallTestCaseKeyword$_callTestCase_closure1.doCall(CallTestCaseKeyword.groovy:59)
	at com.kms.katalon.core.keyword.builtin.CallTestCaseKeyword$_callTestCase_closure1.call(CallTestCaseKeyword.groovy)
	at com.kms.katalon.core.keyword.internal.KeywordMain.runKeyword(KeywordMain.groovy:68)
	at com.kms.katalon.core.keyword.builtin.CallTestCaseKeyword.callTestCase(CallTestCaseKeyword.groovy:81)
	at com.kms.katalon.core.keyword.builtin.CallTestCaseKeyword.execute(CallTestCaseKeyword.groovy:44)
	at com.kms.katalon.core.keyword.internal.KeywordExecutor.executeKeywordForPlatform(KeywordExecutor.groovy:60)
	at com.kms.katalon.core.keyword.BuiltinKeywords.callTestCase(BuiltinKeywords.groovy:334)
	at My_Profile_Page.run(My_Profile_Page:134)
	at com.kms.katalon.core.main.ScriptEngine.run(ScriptEngine.java:194)
	at com.kms.katalon.core.main.ScriptEngine.runScriptAsRawText(ScriptEngine.java:119)
	at com.kms.katalon.core.main.TestCaseExecutor.runScript(TestCaseExecutor.java:337)
	at com.kms.katalon.core.main.TestCaseExecutor.doExecute(TestCaseExecutor.java:328)
	at com.kms.katalon.core.main.TestCaseExecutor.processExecutionPhase(TestCaseExecutor.java:307)
	at com.kms.katalon.core.main.TestCaseExecutor.accessMainPhase(TestCaseExecutor.java:299)
	at com.kms.katalon.core.main.TestCaseExecutor.execute(TestCaseExecutor.java:233)
	at com.kms.katalon.core.main.TestSuiteExecutor.accessTestCaseMainPhase(TestSuiteExecutor.java:169)
	at com.kms.katalon.core.main.TestSuiteExecutor.accessTestSuiteMainPhase(TestSuiteExecutor.java:142)
	at com.kms.katalon.core.main.TestSuiteExecutor.execute(TestSuiteExecutor.java:91)
	at com.kms.katalon.core.main.TestCaseMain.startTestSuite(TestCaseMain.java:157)
	at com.kms.katalon.core.main.TestCaseMain$startTestSuite$0.call(Unknown Source)
	at TempTestSuite1572536119934.run(TempTestSuite1572536119934.groovy:36)
Caused by: com.kms.katalon.core.webui.exception.WebElementNotFoundException: Web element with id: 'Object Repository/Profiles_Page/Page_Members Area/button_Upload Banner Image' located by 'By.xpath: //button[@type = 'button' and (text() = ' Upload Banner Image ' or . = ' Upload Banner Image ')]' not found
	at com.kms.katalon.core.webui.common.WebUiCommonHelper.findWebElement(WebUiCommonHelper.java:1113)
	at com.kms.katalon.core.webui.keyword.internal.WebUIAbstractKeyword.findWebElement(WebUIAbstractKeyword.groovy:27)
	at com.kms.katalon.core.webui.keyword.internal.WebUIAbstractKeyword.findWebElement(WebUIAbstractKeyword.groovy:26)
	at com.kms.katalon.core.webui.keyword.builtin.ClickKeyword$_click_closure1.doCall(ClickKeyword.groovy:52)
	at com.kms.katalon.core.webui.keyword.builtin.ClickKeyword$_click_closure1.call(ClickKeyword.groovy)
	at com.kms.katalon.core.webui.keyword.internal.WebUIKeywordMain.runKeyword(WebUIKeywordMain.groovy:20)
	at com.kms.katalon.core.webui.keyword.builtin.ClickKeyword.click(ClickKeyword.groovy:79)
	at com.kms.katalon.core.webui.keyword.builtin.ClickKeyword.execute(ClickKeyword.groovy:42)
	at com.kms.katalon.core.keyword.internal.KeywordExecutor.executeKeywordForPlatform(KeywordExecutor.groovy:60)
	at com.kms.katalon.core.webui.keyword.WebUiBuiltInKeywords.click(WebUiBuiltInKeywords.groovy:616)
	at com.kms.katalon.core.webui.keyword.WebUiBuiltInKeywords$click$4.call(Unknown Source)
	at Script1568364488539.run(Script1568364488539.groovy:94)
	at com.kms.katalon.core.main.ScriptEngine.run(ScriptEngine.java:194)
	at com.kms.katalon.core.main.ScriptEngine.runScriptAsRawText(ScriptEngine.java:119)
	at com.kms.katalon.core.main.TestCaseExecutor.runScript(TestCaseExecutor.java:337)
	at com.kms.katalon.core.main.TestCaseExecutor.doExecute(TestCaseExecutor.java:328)
	at com.kms.katalon.core.main.TestCaseExecutor.processExecutionPhase(TestCaseExecutor.java:307)
	at com.kms.katalon.core.main.TestCaseExecutor.accessMainPhase(TestCaseExecutor.java:299)
	at com.kms.katalon.core.main.TestCaseExecutor.execute(TestCaseExecutor.java:233)
	at com.kms.katalon.core.main.TestCaseMain.runTestCase(TestCaseMain.java:114)
	at com.kms.katalon.core.keyword.builtin.CallTestCaseKeyword$_callTestCase_closure1.doCall(CallTestCaseKeyword.groovy:59)
	at com.kms.katalon.core.keyword.builtin.CallTestCaseKeyword$_callTestCase_closure1.call(CallTestCaseKeyword.groovy)
	at com.kms.katalon.core.keyword.internal.KeywordMain.runKeyword(KeywordMain.groovy:68)
	at com.kms.katalon.core.keyword.builtin.CallTestCaseKeyword.callTestCase(CallTestCaseKeyword.groovy:81)
	at com.kms.katalon.core.keyword.builtin.CallTestCaseKeyword.execute(CallTestCaseKeyword.groovy:44)
	at com.kms.katalon.core.keyword.internal.KeywordExecutor.executeKeywordForPlatform(KeywordExecutor.groovy:60)
	at com.kms.katalon.core.keyword.BuiltinKeywords.callTestCase(BuiltinKeywords.groovy:334)
	at Script1568622126810.run(Script1568622126810.groovy:134)
	... 13 more
)
[[ATTACHMENT|C:\\Users\\davidho\\Katalon Studio\\Start\\Reports\\20191031_153516\\Members_My_Profile\\20191031_153519\\1572536423383.png]]

2019-10-31 15:40:23 - [TEST_STEP][PASSED] - "----------------------------------------------": null

2019-10-31 15:40:23 - [TEST_STEP][PASSED] - delay(1): Delayed 1 second(s)

2019-10-31 15:40:24 - [MESSAGE][PASSED] - Delayed 1 second(s)

2019-10-31 15:40:24 - [TEST_STEP][PASSED] - waitForElementPresent(findTestObject("Object Repository/Profiles_Page/Page_Members Area/button_Close"), 25): Object 'Object Repository/Profiles_Page/Page_Members Area/button_Close' is not present after 25 second(s)

2019-10-31 15:40:50 - [MESSAGE][INFO] - Unable to find the element located by 'By.xpath: //button[@type = 'button' and (text() = 'Close' or . = 'Close')]'. Please recheck the objects properties to make sure the desired element is located. 

2019-10-31 15:40:50 - [MESSAGE][WARNING] - Object 'Object Repository/Profiles_Page/Page_Members Area/button_Close' is not present after 25 second(s)

2019-10-31 15:40:50 - [TEST_STEP][FAILED] - verifyTextPresent("Add Banner Image", false): Text 'Add Banner Image' is not present on page  (Root cause: com.kms.katalon.core.exception.StepFailedException: Text 'Add Banner Image' is not present on page 
	at com.kms.katalon.core.webui.keyword.internal.WebUIKeywordMain.stepFailed(WebUIKeywordMain.groovy:64)
	at com.kms.katalon.core.webui.keyword.builtin.VerifyTextPresentKeyword$_verifyTextPresent_closure1.doCall(VerifyTextPresentKeyword.groovy:79)
	at com.kms.katalon.core.webui.keyword.builtin.VerifyTextPresentKeyword$_verifyTextPresent_closure1.call(VerifyTextPresentKeyword.groovy)
	at com.kms.katalon.core.webui.keyword.internal.WebUIKeywordMain.runKeyword(WebUIKeywordMain.groovy:20)
	at com.kms.katalon.core.webui.keyword.builtin.VerifyTextPresentKeyword.verifyTextPresent(VerifyTextPresentKeyword.groovy:83)
	at com.kms.katalon.core.webui.keyword.builtin.VerifyTextPresentKeyword.execute(VerifyTextPresentKeyword.groovy:68)
	at com.kms.katalon.core.keyword.internal.KeywordExecutor.executeKeywordForPlatform(KeywordExecutor.groovy:60)
	at com.kms.katalon.core.webui.keyword.WebUiBuiltInKeywords.verifyTextPresent(WebUiBuiltInKeywords.groovy:1693)
	at com.kms.katalon.core.webui.keyword.WebUiBuiltInKeywords$verifyTextPresent$2.call(Unknown Source)
	at Banner_Image.run(Banner_Image:102)
	at com.kms.katalon.core.main.ScriptEngine.run(ScriptEngine.java:194)
	at com.kms.katalon.core.main.ScriptEngine.runScriptAsRawText(ScriptEngine.java:119)
	at com.kms.katalon.core.main.TestCaseExecutor.runScript(TestCaseExecutor.java:337)
	at com.kms.katalon.core.main.TestCaseExecutor.doExecute(TestCaseExecutor.java:328)
	at com.kms.katalon.core.main.TestCaseExecutor.processExecutionPhase(TestCaseExecutor.java:307)
	at com.kms.katalon.core.main.TestCaseExecutor.accessMainPhase(TestCaseExecutor.java:299)
	at com.kms.katalon.core.main.TestCaseExecutor.execute(TestCaseExecutor.java:233)
	at com.kms.katalon.core.main.TestCaseMain.runTestCase(TestCaseMain.java:114)
	at com.kms.katalon.core.keyword.builtin.CallTestCaseKeyword$_callTestCase_closure1.doCall(CallTestCaseKeyword.groovy:59)
	at com.kms.katalon.core.keyword.builtin.CallTestCaseKeyword$_callTestCase_closure1.call(CallTestCaseKeyword.groovy)
	at com.kms.katalon.core.keyword.internal.KeywordMain.runKeyword(KeywordMain.groovy:68)
	at com.kms.katalon.core.keyword.builtin.CallTestCaseKeyword.callTestCase(CallTestCaseKeyword.groovy:81)
	at com.kms.katalon.core.keyword.builtin.CallTestCaseKeyword.execute(CallTestCaseKeyword.groovy:44)
	at com.kms.katalon.core.keyword.internal.KeywordExecutor.executeKeywordForPlatform(KeywordExecutor.groovy:60)
	at com.kms.katalon.core.keyword.BuiltinKeywords.callTestCase(BuiltinKeywords.groovy:334)
	at My_Profile_Page.run(My_Profile_Page:134)
	at com.kms.katalon.core.main.ScriptEngine.run(ScriptEngine.java:194)
	at com.kms.katalon.core.main.ScriptEngine.runScriptAsRawText(ScriptEngine.java:119)
	at com.kms.katalon.core.main.TestCaseExecutor.runScript(TestCaseExecutor.java:337)
	at com.kms.katalon.core.main.TestCaseExecutor.doExecute(TestCaseExecutor.java:328)
	at com.kms.katalon.core.main.TestCaseExecutor.processExecutionPhase(TestCaseExecutor.java:307)
	at com.kms.katalon.core.main.TestCaseExecutor.accessMainPhase(TestCaseExecutor.java:299)
	at com.kms.katalon.core.main.TestCaseExecutor.execute(TestCaseExecutor.java:233)
	at com.kms.katalon.core.main.TestSuiteExecutor.accessTestCaseMainPhase(TestSuiteExecutor.java:169)
	at com.kms.katalon.core.main.TestSuiteExecutor.accessTestSuiteMainPhase(TestSuiteExecutor.java:142)
	at com.kms.katalon.core.main.TestSuiteExecutor.execute(TestSuiteExecutor.java:91)
	at com.kms.katalon.core.main.TestCaseMain.startTestSuite(TestCaseMain.java:157)
	at com.kms.katalon.core.main.TestCaseMain$startTestSuite$0.call(Unknown Source)
	at TempTestSuite1572536119934.run(TempTestSuite1572536119934.groovy:36)
)

2019-10-31 15:40:50 - [MESSAGE][FAILED] - Text 'Add Banner Image' is not present on page  (Root cause: com.kms.katalon.core.exception.StepFailedException: Text 'Add Banner Image' is not present on page 
	at com.kms.katalon.core.webui.keyword.internal.WebUIKeywordMain.stepFailed(WebUIKeywordMain.groovy:64)
	at com.kms.katalon.core.webui.keyword.builtin.VerifyTextPresentKeyword$_verifyTextPresent_closure1.doCall(VerifyTextPresentKeyword.groovy:79)
	at com.kms.katalon.core.webui.keyword.builtin.VerifyTextPresentKeyword$_verifyTextPresent_closure1.call(VerifyTextPresentKeyword.groovy)
	at com.kms.katalon.core.webui.keyword.internal.WebUIKeywordMain.runKeyword(WebUIKeywordMain.groovy:20)
	at com.kms.katalon.core.webui.keyword.builtin.VerifyTextPresentKeyword.verifyTextPresent(VerifyTextPresentKeyword.groovy:83)
	at com.kms.katalon.core.webui.keyword.builtin.VerifyTextPresentKeyword.execute(VerifyTextPresentKeyword.groovy:68)
	at com.kms.katalon.core.keyword.internal.KeywordExecutor.executeKeywordForPlatform(KeywordExecutor.groovy:60)
	at com.kms.katalon.core.webui.keyword.WebUiBuiltInKeywords.verifyTextPresent(WebUiBuiltInKeywords.groovy:1693)
	at com.kms.katalon.core.webui.keyword.WebUiBuiltInKeywords$verifyTextPresent$2.call(Unknown Source)
	at Banner_Image.run(Banner_Image:102)
	at com.kms.katalon.core.main.ScriptEngine.run(ScriptEngine.java:194)
	at com.kms.katalon.core.main.ScriptEngine.runScriptAsRawText(ScriptEngine.java:119)
	at com.kms.katalon.core.main.TestCaseExecutor.runScript(TestCaseExecutor.java:337)
	at com.kms.katalon.core.main.TestCaseExecutor.doExecute(TestCaseExecutor.java:328)
	at com.kms.katalon.core.main.TestCaseExecutor.processExecutionPhase(TestCaseExecutor.java:307)
	at com.kms.katalon.core.main.TestCaseExecutor.accessMainPhase(TestCaseExecutor.java:299)
	at com.kms.katalon.core.main.TestCaseExecutor.execute(TestCaseExecutor.java:233)
	at com.kms.katalon.core.main.TestCaseMain.runTestCase(TestCaseMain.java:114)
	at com.kms.katalon.core.keyword.builtin.CallTestCaseKeyword$_callTestCase_closure1.doCall(CallTestCaseKeyword.groovy:59)
	at com.kms.katalon.core.keyword.builtin.CallTestCaseKeyword$_callTestCase_closure1.call(CallTestCaseKeyword.groovy)
	at com.kms.katalon.core.keyword.internal.KeywordMain.runKeyword(KeywordMain.groovy:68)
	at com.kms.katalon.core.keyword.builtin.CallTestCaseKeyword.callTestCase(CallTestCaseKeyword.groovy:81)
	at com.kms.katalon.core.keyword.builtin.CallTestCaseKeyword.execute(CallTestCaseKeyword.groovy:44)
	at com.kms.katalon.core.keyword.internal.KeywordExecutor.executeKeywordForPlatform(KeywordExecutor.groovy:60)
	at com.kms.katalon.core.keyword.BuiltinKeywords.callTestCase(BuiltinKeywords.groovy:334)
	at My_Profile_Page.run(My_Profile_Page:134)
	at com.kms.katalon.core.main.ScriptEngine.run(ScriptEngine.java:194)
	at com.kms.katalon.core.main.ScriptEngine.runScriptAsRawText(ScriptEngine.java:119)
	at com.kms.katalon.core.main.TestCaseExecutor.runScript(TestCaseExecutor.java:337)
	at com.kms.katalon.core.main.TestCaseExecutor.doExecute(TestCaseExecutor.java:328)
	at com.kms.katalon.core.main.TestCaseExecutor.processExecutionPhase(TestCaseExecutor.java:307)
	at com.kms.katalon.core.main.TestCaseExecutor.accessMainPhase(TestCaseExecutor.java:299)
	at com.kms.katalon.core.main.TestCaseExecutor.execute(TestCaseExecutor.java:233)
	at com.kms.katalon.core.main.TestSuiteExecutor.accessTestCaseMainPhase(TestSuiteExecutor.java:169)
	at com.kms.katalon.core.main.TestSuiteExecutor.accessTestSuiteMainPhase(TestSuiteExecutor.java:142)
	at com.kms.katalon.core.main.TestSuiteExecutor.execute(TestSuiteExecutor.java:91)
	at com.kms.katalon.core.main.TestCaseMain.startTestSuite(TestCaseMain.java:157)
	at com.kms.katalon.core.main.TestCaseMain$startTestSuite$0.call(Unknown Source)
	at TempTestSuite1572536119934.run(TempTestSuite1572536119934.groovy:36)
)

2019-10-31 15:40:50 - [TEST_STEP][FAILED] - verifyTextPresent("Your New Banner Image", false): Text 'Your New Banner Image' is not present on page  (Root cause: com.kms.katalon.core.exception.StepFailedException: Text 'Your New Banner Image' is not present on page 
	at com.kms.katalon.core.webui.keyword.internal.WebUIKeywordMain.stepFailed(WebUIKeywordMain.groovy:64)
	at com.kms.katalon.core.webui.keyword.builtin.VerifyTextPresentKeyword$_verifyTextPresent_closure1.doCall(VerifyTextPresentKeyword.groovy:79)
	at com.kms.katalon.core.webui.keyword.builtin.VerifyTextPresentKeyword$_verifyTextPresent_closure1.call(VerifyTextPresentKeyword.groovy)
	at com.kms.katalon.core.webui.keyword.internal.WebUIKeywordMain.runKeyword(WebUIKeywordMain.groovy:20)
	at com.kms.katalon.core.webui.keyword.builtin.VerifyTextPresentKeyword.verifyTextPresent(VerifyTextPresentKeyword.groovy:83)
	at com.kms.katalon.core.webui.keyword.builtin.VerifyTextPresentKeyword.execute(VerifyTextPresentKeyword.groovy:68)
	at com.kms.katalon.core.keyword.internal.KeywordExecutor.executeKeywordForPlatform(KeywordExecutor.groovy:60)
	at com.kms.katalon.core.webui.keyword.WebUiBuiltInKeywords.verifyTextPresent(WebUiBuiltInKeywords.groovy:1693)
	at com.kms.katalon.core.webui.keyword.WebUiBuiltInKeywords$verifyTextPresent$2.call(Unknown Source)
	at Banner_Image.run(Banner_Image:104)
	at com.kms.katalon.core.main.ScriptEngine.run(ScriptEngine.java:194)
	at com.kms.katalon.core.main.ScriptEngine.runScriptAsRawText(ScriptEngine.java:119)
	at com.kms.katalon.core.main.TestCaseExecutor.runScript(TestCaseExecutor.java:337)
	at com.kms.katalon.core.main.TestCaseExecutor.doExecute(TestCaseExecutor.java:328)
	at com.kms.katalon.core.main.TestCaseExecutor.processExecutionPhase(TestCaseExecutor.java:307)
	at com.kms.katalon.core.main.TestCaseExecutor.accessMainPhase(TestCaseExecutor.java:299)
	at com.kms.katalon.core.main.TestCaseExecutor.execute(TestCaseExecutor.java:233)
	at com.kms.katalon.core.main.TestCaseMain.runTestCase(TestCaseMain.java:114)
	at com.kms.katalon.core.keyword.builtin.CallTestCaseKeyword$_callTestCase_closure1.doCall(CallTestCaseKeyword.groovy:59)
	at com.kms.katalon.core.keyword.builtin.CallTestCaseKeyword$_callTestCase_closure1.call(CallTestCaseKeyword.groovy)
	at com.kms.katalon.core.keyword.internal.KeywordMain.runKeyword(KeywordMain.groovy:68)
	at com.kms.katalon.core.keyword.builtin.CallTestCaseKeyword.callTestCase(CallTestCaseKeyword.groovy:81)
	at com.kms.katalon.core.keyword.builtin.CallTestCaseKeyword.execute(CallTestCaseKeyword.groovy:44)
	at com.kms.katalon.core.keyword.internal.KeywordExecutor.executeKeywordForPlatform(KeywordExecutor.groovy:60)
	at com.kms.katalon.core.keyword.BuiltinKeywords.callTestCase(BuiltinKeywords.groovy:334)
	at My_Profile_Page.run(My_Profile_Page:134)
	at com.kms.katalon.core.main.ScriptEngine.run(ScriptEngine.java:194)
	at com.kms.katalon.core.main.ScriptEngine.runScriptAsRawText(ScriptEngine.java:119)
	at com.kms.katalon.core.main.TestCaseExecutor.runScript(TestCaseExecutor.java:337)
	at com.kms.katalon.core.main.TestCaseExecutor.doExecute(TestCaseExecutor.java:328)
	at com.kms.katalon.core.main.TestCaseExecutor.processExecutionPhase(TestCaseExecutor.java:307)
	at com.kms.katalon.core.main.TestCaseExecutor.accessMainPhase(TestCaseExecutor.java:299)
	at com.kms.katalon.core.main.TestCaseExecutor.execute(TestCaseExecutor.java:233)
	at com.kms.katalon.core.main.TestSuiteExecutor.accessTestCaseMainPhase(TestSuiteExecutor.java:169)
	at com.kms.katalon.core.main.TestSuiteExecutor.accessTestSuiteMainPhase(TestSuiteExecutor.java:142)
	at com.kms.katalon.core.main.TestSuiteExecutor.execute(TestSuiteExecutor.java:91)
	at com.kms.katalon.core.main.TestCaseMain.startTestSuite(TestCaseMain.java:157)
	at com.kms.katalon.core.main.TestCaseMain$startTestSuite$0.call(Unknown Source)
	at TempTestSuite1572536119934.run(TempTestSuite1572536119934.groovy:36)
)

2019-10-31 15:40:50 - [MESSAGE][FAILED] - Text 'Your New Banner Image' is not present on page  (Root cause: com.kms.katalon.core.exception.StepFailedException: Text 'Your New Banner Image' is not present on page 
	at com.kms.katalon.core.webui.keyword.internal.WebUIKeywordMain.stepFailed(WebUIKeywordMain.groovy:64)
	at com.kms.katalon.core.webui.keyword.builtin.VerifyTextPresentKeyword$_verifyTextPresent_closure1.doCall(VerifyTextPresentKeyword.groovy:79)
	at com.kms.katalon.core.webui.keyword.builtin.VerifyTextPresentKeyword$_verifyTextPresent_closure1.call(VerifyTextPresentKeyword.groovy)
	at com.kms.katalon.core.webui.keyword.internal.WebUIKeywordMain.runKeyword(WebUIKeywordMain.groovy:20)
	at com.kms.katalon.core.webui.keyword.builtin.VerifyTextPresentKeyword.verifyTextPresent(VerifyTextPresentKeyword.groovy:83)
	at com.kms.katalon.core.webui.keyword.builtin.VerifyTextPresentKeyword.execute(VerifyTextPresentKeyword.groovy:68)
	at com.kms.katalon.core.keyword.internal.KeywordExecutor.executeKeywordForPlatform(KeywordExecutor.groovy:60)
	at com.kms.katalon.core.webui.keyword.WebUiBuiltInKeywords.verifyTextPresent(WebUiBuiltInKeywords.groovy:1693)
	at com.kms.katalon.core.webui.keyword.WebUiBuiltInKeywords$verifyTextPresent$2.call(Unknown Source)
	at Banner_Image.run(Banner_Image:104)
	at com.kms.katalon.core.main.ScriptEngine.run(ScriptEngine.java:194)
	at com.kms.katalon.core.main.ScriptEngine.runScriptAsRawText(ScriptEngine.java:119)
	at com.kms.katalon.core.main.TestCaseExecutor.runScript(TestCaseExecutor.java:337)
	at com.kms.katalon.core.main.TestCaseExecutor.doExecute(TestCaseExecutor.java:328)
	at com.kms.katalon.core.main.TestCaseExecutor.processExecutionPhase(TestCaseExecutor.java:307)
	at com.kms.katalon.core.main.TestCaseExecutor.accessMainPhase(TestCaseExecutor.java:299)
	at com.kms.katalon.core.main.TestCaseExecutor.execute(TestCaseExecutor.java:233)
	at com.kms.katalon.core.main.TestCaseMain.runTestCase(TestCaseMain.java:114)
	at com.kms.katalon.core.keyword.builtin.CallTestCaseKeyword$_callTestCase_closure1.doCall(CallTestCaseKeyword.groovy:59)
	at com.kms.katalon.core.keyword.builtin.CallTestCaseKeyword$_callTestCase_closure1.call(CallTestCaseKeyword.groovy)
	at com.kms.katalon.core.keyword.internal.KeywordMain.runKeyword(KeywordMain.groovy:68)
	at com.kms.katalon.core.keyword.builtin.CallTestCaseKeyword.callTestCase(CallTestCaseKeyword.groovy:81)
	at com.kms.katalon.core.keyword.builtin.CallTestCaseKeyword.execute(CallTestCaseKeyword.groovy:44)
	at com.kms.katalon.core.keyword.internal.KeywordExecutor.executeKeywordForPlatform(KeywordExecutor.groovy:60)
	at com.kms.katalon.core.keyword.BuiltinKeywords.callTestCase(BuiltinKeywords.groovy:334)
	at My_Profile_Page.run(My_Profile_Page:134)
	at com.kms.katalon.core.main.ScriptEngine.run(ScriptEngine.java:194)
	at com.kms.katalon.core.main.ScriptEngine.runScriptAsRawText(ScriptEngine.java:119)
	at com.kms.katalon.core.main.TestCaseExecutor.runScript(TestCaseExecutor.java:337)
	at com.kms.katalon.core.main.TestCaseExecutor.doExecute(TestCaseExecutor.java:328)
	at com.kms.katalon.core.main.TestCaseExecutor.processExecutionPhase(TestCaseExecutor.java:307)
	at com.kms.katalon.core.main.TestCaseExecutor.accessMainPhase(TestCaseExecutor.java:299)
	at com.kms.katalon.core.main.TestCaseExecutor.execute(TestCaseExecutor.java:233)
	at com.kms.katalon.core.main.TestSuiteExecutor.accessTestCaseMainPhase(TestSuiteExecutor.java:169)
	at com.kms.katalon.core.main.TestSuiteExecutor.accessTestSuiteMainPhase(TestSuiteExecutor.java:142)
	at com.kms.katalon.core.main.TestSuiteExecutor.execute(TestSuiteExecutor.java:91)
	at com.kms.katalon.core.main.TestCaseMain.startTestSuite(TestCaseMain.java:157)
	at com.kms.katalon.core.main.TestCaseMain$startTestSuite$0.call(Unknown Source)
	at TempTestSuite1572536119934.run(TempTestSuite1572536119934.groovy:36)
)

2019-10-31 15:40:51 - [TEST_STEP][FAILED] - verifyTextPresent("Select Banner Image", false): Text 'Select Banner Image' is not present on page  (Root cause: com.kms.katalon.core.exception.StepFailedException: Text 'Select Banner Image' is not present on page 
	at com.kms.katalon.core.webui.keyword.internal.WebUIKeywordMain.stepFailed(WebUIKeywordMain.groovy:64)
	at com.kms.katalon.core.webui.keyword.builtin.VerifyTextPresentKeyword$_verifyTextPresent_closure1.doCall(VerifyTextPresentKeyword.groovy:79)
	at com.kms.katalon.core.webui.keyword.builtin.VerifyTextPresentKeyword$_verifyTextPresent_closure1.call(VerifyTextPresentKeyword.groovy)
	at com.kms.katalon.core.webui.keyword.internal.WebUIKeywordMain.runKeyword(WebUIKeywordMain.groovy:20)
	at com.kms.katalon.core.webui.keyword.builtin.VerifyTextPresentKeyword.verifyTextPresent(VerifyTextPresentKeyword.groovy:83)
	at com.kms.katalon.core.webui.keyword.builtin.VerifyTextPresentKeyword.execute(VerifyTextPresentKeyword.groovy:68)
	at com.kms.katalon.core.keyword.internal.KeywordExecutor.executeKeywordForPlatform(KeywordExecutor.groovy:60)
	at com.kms.katalon.core.webui.keyword.WebUiBuiltInKeywords.verifyTextPresent(WebUiBuiltInKeywords.groovy:1693)
	at com.kms.katalon.core.webui.keyword.WebUiBuiltInKeywords$verifyTextPresent$2.call(Unknown Source)
	at Banner_Image.run(Banner_Image:106)
	at com.kms.katalon.core.main.ScriptEngine.run(ScriptEngine.java:194)
	at com.kms.katalon.core.main.ScriptEngine.runScriptAsRawText(ScriptEngine.java:119)
	at com.kms.katalon.core.main.TestCaseExecutor.runScript(TestCaseExecutor.java:337)
	at com.kms.katalon.core.main.TestCaseExecutor.doExecute(TestCaseExecutor.java:328)
	at com.kms.katalon.core.main.TestCaseExecutor.processExecutionPhase(TestCaseExecutor.java:307)
	at com.kms.katalon.core.main.TestCaseExecutor.accessMainPhase(TestCaseExecutor.java:299)
	at com.kms.katalon.core.main.TestCaseExecutor.execute(TestCaseExecutor.java:233)
	at com.kms.katalon.core.main.TestCaseMain.runTestCase(TestCaseMain.java:114)
	at com.kms.katalon.core.keyword.builtin.CallTestCaseKeyword$_callTestCase_closure1.doCall(CallTestCaseKeyword.groovy:59)
	at com.kms.katalon.core.keyword.builtin.CallTestCaseKeyword$_callTestCase_closure1.call(CallTestCaseKeyword.groovy)
	at com.kms.katalon.core.keyword.internal.KeywordMain.runKeyword(KeywordMain.groovy:68)
	at com.kms.katalon.core.keyword.builtin.CallTestCaseKeyword.callTestCase(CallTestCaseKeyword.groovy:81)
	at com.kms.katalon.core.keyword.builtin.CallTestCaseKeyword.execute(CallTestCaseKeyword.groovy:44)
	at com.kms.katalon.core.keyword.internal.KeywordExecutor.executeKeywordForPlatform(KeywordExecutor.groovy:60)
	at com.kms.katalon.core.keyword.BuiltinKeywords.callTestCase(BuiltinKeywords.groovy:334)
	at My_Profile_Page.run(My_Profile_Page:134)
	at com.kms.katalon.core.main.ScriptEngine.run(ScriptEngine.java:194)
	at com.kms.katalon.core.main.ScriptEngine.runScriptAsRawText(ScriptEngine.java:119)
	at com.kms.katalon.core.main.TestCaseExecutor.runScript(TestCaseExecutor.java:337)
	at com.kms.katalon.core.main.TestCaseExecutor.doExecute(TestCaseExecutor.java:328)
	at com.kms.katalon.core.main.TestCaseExecutor.processExecutionPhase(TestCaseExecutor.java:307)
	at com.kms.katalon.core.main.TestCaseExecutor.accessMainPhase(TestCaseExecutor.java:299)
	at com.kms.katalon.core.main.TestCaseExecutor.execute(TestCaseExecutor.java:233)
	at com.kms.katalon.core.main.TestSuiteExecutor.accessTestCaseMainPhase(TestSuiteExecutor.java:169)
	at com.kms.katalon.core.main.TestSuiteExecutor.accessTestSuiteMainPhase(TestSuiteExecutor.java:142)
	at com.kms.katalon.core.main.TestSuiteExecutor.execute(TestSuiteExecutor.java:91)
	at com.kms.katalon.core.main.TestCaseMain.startTestSuite(TestCaseMain.java:157)
	at com.kms.katalon.core.main.TestCaseMain$startTestSuite$0.call(Unknown Source)
	at TempTestSuite1572536119934.run(TempTestSuite1572536119934.groovy:36)
)

2019-10-31 15:40:51 - [MESSAGE][FAILED] - Text 'Select Banner Image' is not present on page  (Root cause: com.kms.katalon.core.exception.StepFailedException: Text 'Select Banner Image' is not present on page 
	at com.kms.katalon.core.webui.keyword.internal.WebUIKeywordMain.stepFailed(WebUIKeywordMain.groovy:64)
	at com.kms.katalon.core.webui.keyword.builtin.VerifyTextPresentKeyword$_verifyTextPresent_closure1.doCall(VerifyTextPresentKeyword.groovy:79)
	at com.kms.katalon.core.webui.keyword.builtin.VerifyTextPresentKeyword$_verifyTextPresent_closure1.call(VerifyTextPresentKeyword.groovy)
	at com.kms.katalon.core.webui.keyword.internal.WebUIKeywordMain.runKeyword(WebUIKeywordMain.groovy:20)
	at com.kms.katalon.core.webui.keyword.builtin.VerifyTextPresentKeyword.verifyTextPresent(VerifyTextPresentKeyword.groovy:83)
	at com.kms.katalon.core.webui.keyword.builtin.VerifyTextPresentKeyword.execute(VerifyTextPresentKeyword.groovy:68)
	at com.kms.katalon.core.keyword.internal.KeywordExecutor.executeKeywordForPlatform(KeywordExecutor.groovy:60)
	at com.kms.katalon.core.webui.keyword.WebUiBuiltInKeywords.verifyTextPresent(WebUiBuiltInKeywords.groovy:1693)
	at com.kms.katalon.core.webui.keyword.WebUiBuiltInKeywords$verifyTextPresent$2.call(Unknown Source)
	at Banner_Image.run(Banner_Image:106)
	at com.kms.katalon.core.main.ScriptEngine.run(ScriptEngine.java:194)
	at com.kms.katalon.core.main.ScriptEngine.runScriptAsRawText(ScriptEngine.java:119)
	at com.kms.katalon.core.main.TestCaseExecutor.runScript(TestCaseExecutor.java:337)
	at com.kms.katalon.core.main.TestCaseExecutor.doExecute(TestCaseExecutor.java:328)
	at com.kms.katalon.core.main.TestCaseExecutor.processExecutionPhase(TestCaseExecutor.java:307)
	at com.kms.katalon.core.main.TestCaseExecutor.accessMainPhase(TestCaseExecutor.java:299)
	at com.kms.katalon.core.main.TestCaseExecutor.execute(TestCaseExecutor.java:233)
	at com.kms.katalon.core.main.TestCaseMain.runTestCase(TestCaseMain.java:114)
	at com.kms.katalon.core.keyword.builtin.CallTestCaseKeyword$_callTestCase_closure1.doCall(CallTestCaseKeyword.groovy:59)
	at com.kms.katalon.core.keyword.builtin.CallTestCaseKeyword$_callTestCase_closure1.call(CallTestCaseKeyword.groovy)
	at com.kms.katalon.core.keyword.internal.KeywordMain.runKeyword(KeywordMain.groovy:68)
	at com.kms.katalon.core.keyword.builtin.CallTestCaseKeyword.callTestCase(CallTestCaseKeyword.groovy:81)
	at com.kms.katalon.core.keyword.builtin.CallTestCaseKeyword.execute(CallTestCaseKeyword.groovy:44)
	at com.kms.katalon.core.keyword.internal.KeywordExecutor.executeKeywordForPlatform(KeywordExecutor.groovy:60)
	at com.kms.katalon.core.keyword.BuiltinKeywords.callTestCase(BuiltinKeywords.groovy:334)
	at My_Profile_Page.run(My_Profile_Page:134)
	at com.kms.katalon.core.main.ScriptEngine.run(ScriptEngine.java:194)
	at com.kms.katalon.core.main.ScriptEngine.runScriptAsRawText(ScriptEngine.java:119)
	at com.kms.katalon.core.main.TestCaseExecutor.runScript(TestCaseExecutor.java:337)
	at com.kms.katalon.core.main.TestCaseExecutor.doExecute(TestCaseExecutor.java:328)
	at com.kms.katalon.core.main.TestCaseExecutor.processExecutionPhase(TestCaseExecutor.java:307)
	at com.kms.katalon.core.main.TestCaseExecutor.accessMainPhase(TestCaseExecutor.java:299)
	at com.kms.katalon.core.main.TestCaseExecutor.execute(TestCaseExecutor.java:233)
	at com.kms.katalon.core.main.TestSuiteExecutor.accessTestCaseMainPhase(TestSuiteExecutor.java:169)
	at com.kms.katalon.core.main.TestSuiteExecutor.accessTestSuiteMainPhase(TestSuiteExecutor.java:142)
	at com.kms.katalon.core.main.TestSuiteExecutor.execute(TestSuiteExecutor.java:91)
	at com.kms.katalon.core.main.TestCaseMain.startTestSuite(TestCaseMain.java:157)
	at com.kms.katalon.core.main.TestCaseMain$startTestSuite$0.call(Unknown Source)
	at TempTestSuite1572536119934.run(TempTestSuite1572536119934.groovy:36)
)

2019-10-31 15:40:51 - [TEST_STEP][FAILED] - verifyTextPresent("The new photo needs to be a JPEG", false): Text 'The new photo needs to be a JPEG' is not present on page  (Root cause: com.kms.katalon.core.exception.StepFailedException: Text 'The new photo needs to be a JPEG' is not present on page 
	at com.kms.katalon.core.webui.keyword.internal.WebUIKeywordMain.stepFailed(WebUIKeywordMain.groovy:64)
	at com.kms.katalon.core.webui.keyword.builtin.VerifyTextPresentKeyword$_verifyTextPresent_closure1.doCall(VerifyTextPresentKeyword.groovy:79)
	at com.kms.katalon.core.webui.keyword.builtin.VerifyTextPresentKeyword$_verifyTextPresent_closure1.call(VerifyTextPresentKeyword.groovy)
	at com.kms.katalon.core.webui.keyword.internal.WebUIKeywordMain.runKeyword(WebUIKeywordMain.groovy:20)
	at com.kms.katalon.core.webui.keyword.builtin.VerifyTextPresentKeyword.verifyTextPresent(VerifyTextPresentKeyword.groovy:83)
	at com.kms.katalon.core.webui.keyword.builtin.VerifyTextPresentKeyword.execute(VerifyTextPresentKeyword.groovy:68)
	at com.kms.katalon.core.keyword.internal.KeywordExecutor.executeKeywordForPlatform(KeywordExecutor.groovy:60)
	at com.kms.katalon.core.webui.keyword.WebUiBuiltInKeywords.verifyTextPresent(WebUiBuiltInKeywords.groovy:1693)
	at com.kms.katalon.core.webui.keyword.WebUiBuiltInKeywords$verifyTextPresent$2.call(Unknown Source)
	at Banner_Image.run(Banner_Image:108)
	at com.kms.katalon.core.main.ScriptEngine.run(ScriptEngine.java:194)
	at com.kms.katalon.core.main.ScriptEngine.runScriptAsRawText(ScriptEngine.java:119)
	at com.kms.katalon.core.main.TestCaseExecutor.runScript(TestCaseExecutor.java:337)
	at com.kms.katalon.core.main.TestCaseExecutor.doExecute(TestCaseExecutor.java:328)
	at com.kms.katalon.core.main.TestCaseExecutor.processExecutionPhase(TestCaseExecutor.java:307)
	at com.kms.katalon.core.main.TestCaseExecutor.accessMainPhase(TestCaseExecutor.java:299)
	at com.kms.katalon.core.main.TestCaseExecutor.execute(TestCaseExecutor.java:233)
	at com.kms.katalon.core.main.TestCaseMain.runTestCase(TestCaseMain.java:114)
	at com.kms.katalon.core.keyword.builtin.CallTestCaseKeyword$_callTestCase_closure1.doCall(CallTestCaseKeyword.groovy:59)
	at com.kms.katalon.core.keyword.builtin.CallTestCaseKeyword$_callTestCase_closure1.call(CallTestCaseKeyword.groovy)
	at com.kms.katalon.core.keyword.internal.KeywordMain.runKeyword(KeywordMain.groovy:68)
	at com.kms.katalon.core.keyword.builtin.CallTestCaseKeyword.callTestCase(CallTestCaseKeyword.groovy:81)
	at com.kms.katalon.core.keyword.builtin.CallTestCaseKeyword.execute(CallTestCaseKeyword.groovy:44)
	at com.kms.katalon.core.keyword.internal.KeywordExecutor.executeKeywordForPlatform(KeywordExecutor.groovy:60)
	at com.kms.katalon.core.keyword.BuiltinKeywords.callTestCase(BuiltinKeywords.groovy:334)
	at My_Profile_Page.run(My_Profile_Page:134)
	at com.kms.katalon.core.main.ScriptEngine.run(ScriptEngine.java:194)
	at com.kms.katalon.core.main.ScriptEngine.runScriptAsRawText(ScriptEngine.java:119)
	at com.kms.katalon.core.main.TestCaseExecutor.runScript(TestCaseExecutor.java:337)
	at com.kms.katalon.core.main.TestCaseExecutor.doExecute(TestCaseExecutor.java:328)
	at com.kms.katalon.core.main.TestCaseExecutor.processExecutionPhase(TestCaseExecutor.java:307)
	at com.kms.katalon.core.main.TestCaseExecutor.accessMainPhase(TestCaseExecutor.java:299)
	at com.kms.katalon.core.main.TestCaseExecutor.execute(TestCaseExecutor.java:233)
	at com.kms.katalon.core.main.TestSuiteExecutor.accessTestCaseMainPhase(TestSuiteExecutor.java:169)
	at com.kms.katalon.core.main.TestSuiteExecutor.accessTestSuiteMainPhase(TestSuiteExecutor.java:142)
	at com.kms.katalon.core.main.TestSuiteExecutor.execute(TestSuiteExecutor.java:91)
	at com.kms.katalon.core.main.TestCaseMain.startTestSuite(TestCaseMain.java:157)
	at com.kms.katalon.core.main.TestCaseMain$startTestSuite$0.call(Unknown Source)
	at TempTestSuite1572536119934.run(TempTestSuite1572536119934.groovy:36)
)

2019-10-31 15:40:51 - [MESSAGE][FAILED] - Text 'The new photo needs to be a JPEG' is not present on page  (Root cause: com.kms.katalon.core.exception.StepFailedException: Text 'The new photo needs to be a JPEG' is not present on page 
	at com.kms.katalon.core.webui.keyword.internal.WebUIKeywordMain.stepFailed(WebUIKeywordMain.groovy:64)
	at com.kms.katalon.core.webui.keyword.builtin.VerifyTextPresentKeyword$_verifyTextPresent_closure1.doCall(VerifyTextPresentKeyword.groovy:79)
	at com.kms.katalon.core.webui.keyword.builtin.VerifyTextPresentKeyword$_verifyTextPresent_closure1.call(VerifyTextPresentKeyword.groovy)
	at com.kms.katalon.core.webui.keyword.internal.WebUIKeywordMain.runKeyword(WebUIKeywordMain.groovy:20)
	at com.kms.katalon.core.webui.keyword.builtin.VerifyTextPresentKeyword.verifyTextPresent(VerifyTextPresentKeyword.groovy:83)
	at com.kms.katalon.core.webui.keyword.builtin.VerifyTextPresentKeyword.execute(VerifyTextPresentKeyword.groovy:68)
	at com.kms.katalon.core.keyword.internal.KeywordExecutor.executeKeywordForPlatform(KeywordExecutor.groovy:60)
	at com.kms.katalon.core.webui.keyword.WebUiBuiltInKeywords.verifyTextPresent(WebUiBuiltInKeywords.groovy:1693)
	at com.kms.katalon.core.webui.keyword.WebUiBuiltInKeywords$verifyTextPresent$2.call(Unknown Source)
	at Banner_Image.run(Banner_Image:108)
	at com.kms.katalon.core.main.ScriptEngine.run(ScriptEngine.java:194)
	at com.kms.katalon.core.main.ScriptEngine.runScriptAsRawText(ScriptEngine.java:119)
	at com.kms.katalon.core.main.TestCaseExecutor.runScript(TestCaseExecutor.java:337)
	at com.kms.katalon.core.main.TestCaseExecutor.doExecute(TestCaseExecutor.java:328)
	at com.kms.katalon.core.main.TestCaseExecutor.processExecutionPhase(TestCaseExecutor.java:307)
	at com.kms.katalon.core.main.TestCaseExecutor.accessMainPhase(TestCaseExecutor.java:299)
	at com.kms.katalon.core.main.TestCaseExecutor.execute(TestCaseExecutor.java:233)
	at com.kms.katalon.core.main.TestCaseMain.runTestCase(TestCaseMain.java:114)
	at com.kms.katalon.core.keyword.builtin.CallTestCaseKeyword$_callTestCase_closure1.doCall(CallTestCaseKeyword.groovy:59)
	at com.kms.katalon.core.keyword.builtin.CallTestCaseKeyword$_callTestCase_closure1.call(CallTestCaseKeyword.groovy)
	at com.kms.katalon.core.keyword.internal.KeywordMain.runKeyword(KeywordMain.groovy:68)
	at com.kms.katalon.core.keyword.builtin.CallTestCaseKeyword.callTestCase(CallTestCaseKeyword.groovy:81)
	at com.kms.katalon.core.keyword.builtin.CallTestCaseKeyword.execute(CallTestCaseKeyword.groovy:44)
	at com.kms.katalon.core.keyword.internal.KeywordExecutor.executeKeywordForPlatform(KeywordExecutor.groovy:60)
	at com.kms.katalon.core.keyword.BuiltinKeywords.callTestCase(BuiltinKeywords.groovy:334)
	at My_Profile_Page.run(My_Profile_Page:134)
	at com.kms.katalon.core.main.ScriptEngine.run(ScriptEngine.java:194)
	at com.kms.katalon.core.main.ScriptEngine.runScriptAsRawText(ScriptEngine.java:119)
	at com.kms.katalon.core.main.TestCaseExecutor.runScript(TestCaseExecutor.java:337)
	at com.kms.katalon.core.main.TestCaseExecutor.doExecute(TestCaseExecutor.java:328)
	at com.kms.katalon.core.main.TestCaseExecutor.processExecutionPhase(TestCaseExecutor.java:307)
	at com.kms.katalon.core.main.TestCaseExecutor.accessMainPhase(TestCaseExecutor.java:299)
	at com.kms.katalon.core.main.TestCaseExecutor.execute(TestCaseExecutor.java:233)
	at com.kms.katalon.core.main.TestSuiteExecutor.accessTestCaseMainPhase(TestSuiteExecutor.java:169)
	at com.kms.katalon.core.main.TestSuiteExecutor.accessTestSuiteMainPhase(TestSuiteExecutor.java:142)
	at com.kms.katalon.core.main.TestSuiteExecutor.execute(TestSuiteExecutor.java:91)
	at com.kms.katalon.core.main.TestCaseMain.startTestSuite(TestCaseMain.java:157)
	at com.kms.katalon.core.main.TestCaseMain$startTestSuite$0.call(Unknown Source)
	at TempTestSuite1572536119934.run(TempTestSuite1572536119934.groovy:36)
)

2019-10-31 15:40:51 - [TEST_STEP][FAILED] - verifyTextPresent("For best results, the image should be", false): Text 'For best results, the image should be' is not present on page  (Root cause: com.kms.katalon.core.exception.StepFailedException: Text 'For best results, the image should be' is not present on page 
	at com.kms.katalon.core.webui.keyword.internal.WebUIKeywordMain.stepFailed(WebUIKeywordMain.groovy:64)
	at com.kms.katalon.core.webui.keyword.builtin.VerifyTextPresentKeyword$_verifyTextPresent_closure1.doCall(VerifyTextPresentKeyword.groovy:79)
	at com.kms.katalon.core.webui.keyword.builtin.VerifyTextPresentKeyword$_verifyTextPresent_closure1.call(VerifyTextPresentKeyword.groovy)
	at com.kms.katalon.core.webui.keyword.internal.WebUIKeywordMain.runKeyword(WebUIKeywordMain.groovy:20)
	at com.kms.katalon.core.webui.keyword.builtin.VerifyTextPresentKeyword.verifyTextPresent(VerifyTextPresentKeyword.groovy:83)
	at com.kms.katalon.core.webui.keyword.builtin.VerifyTextPresentKeyword.execute(VerifyTextPresentKeyword.groovy:68)
	at com.kms.katalon.core.keyword.internal.KeywordExecutor.executeKeywordForPlatform(KeywordExecutor.groovy:60)
	at com.kms.katalon.core.webui.keyword.WebUiBuiltInKeywords.verifyTextPresent(WebUiBuiltInKeywords.groovy:1693)
	at com.kms.katalon.core.webui.keyword.WebUiBuiltInKeywords$verifyTextPresent$2.call(Unknown Source)
	at Banner_Image.run(Banner_Image:110)
	at com.kms.katalon.core.main.ScriptEngine.run(ScriptEngine.java:194)
	at com.kms.katalon.core.main.ScriptEngine.runScriptAsRawText(ScriptEngine.java:119)
	at com.kms.katalon.core.main.TestCaseExecutor.runScript(TestCaseExecutor.java:337)
	at com.kms.katalon.core.main.TestCaseExecutor.doExecute(TestCaseExecutor.java:328)
	at com.kms.katalon.core.main.TestCaseExecutor.processExecutionPhase(TestCaseExecutor.java:307)
	at com.kms.katalon.core.main.TestCaseExecutor.accessMainPhase(TestCaseExecutor.java:299)
	at com.kms.katalon.core.main.TestCaseExecutor.execute(TestCaseExecutor.java:233)
	at com.kms.katalon.core.main.TestCaseMain.runTestCase(TestCaseMain.java:114)
	at com.kms.katalon.core.keyword.builtin.CallTestCaseKeyword$_callTestCase_closure1.doCall(CallTestCaseKeyword.groovy:59)
	at com.kms.katalon.core.keyword.builtin.CallTestCaseKeyword$_callTestCase_closure1.call(CallTestCaseKeyword.groovy)
	at com.kms.katalon.core.keyword.internal.KeywordMain.runKeyword(KeywordMain.groovy:68)
	at com.kms.katalon.core.keyword.builtin.CallTestCaseKeyword.callTestCase(CallTestCaseKeyword.groovy:81)
	at com.kms.katalon.core.keyword.builtin.CallTestCaseKeyword.execute(CallTestCaseKeyword.groovy:44)
	at com.kms.katalon.core.keyword.internal.KeywordExecutor.executeKeywordForPlatform(KeywordExecutor.groovy:60)
	at com.kms.katalon.core.keyword.BuiltinKeywords.callTestCase(BuiltinKeywords.groovy:334)
	at My_Profile_Page.run(My_Profile_Page:134)
	at com.kms.katalon.core.main.ScriptEngine.run(ScriptEngine.java:194)
	at com.kms.katalon.core.main.ScriptEngine.runScriptAsRawText(ScriptEngine.java:119)
	at com.kms.katalon.core.main.TestCaseExecutor.runScript(TestCaseExecutor.java:337)
	at com.kms.katalon.core.main.TestCaseExecutor.doExecute(TestCaseExecutor.java:328)
	at com.kms.katalon.core.main.TestCaseExecutor.processExecutionPhase(TestCaseExecutor.java:307)
	at com.kms.katalon.core.main.TestCaseExecutor.accessMainPhase(TestCaseExecutor.java:299)
	at com.kms.katalon.core.main.TestCaseExecutor.execute(TestCaseExecutor.java:233)
	at com.kms.katalon.core.main.TestSuiteExecutor.accessTestCaseMainPhase(TestSuiteExecutor.java:169)
	at com.kms.katalon.core.main.TestSuiteExecutor.accessTestSuiteMainPhase(TestSuiteExecutor.java:142)
	at com.kms.katalon.core.main.TestSuiteExecutor.execute(TestSuiteExecutor.java:91)
	at com.kms.katalon.core.main.TestCaseMain.startTestSuite(TestCaseMain.java:157)
	at com.kms.katalon.core.main.TestCaseMain$startTestSuite$0.call(Unknown Source)
	at TempTestSuite1572536119934.run(TempTestSuite1572536119934.groovy:36)
)

2019-10-31 15:40:51 - [MESSAGE][FAILED] - Text 'For best results, the image should be' is not present on page  (Root cause: com.kms.katalon.core.exception.StepFailedException: Text 'For best results, the image should be' is not present on page 
	at com.kms.katalon.core.webui.keyword.internal.WebUIKeywordMain.stepFailed(WebUIKeywordMain.groovy:64)
	at com.kms.katalon.core.webui.keyword.builtin.VerifyTextPresentKeyword$_verifyTextPresent_closure1.doCall(VerifyTextPresentKeyword.groovy:79)
	at com.kms.katalon.core.webui.keyword.builtin.VerifyTextPresentKeyword$_verifyTextPresent_closure1.call(VerifyTextPresentKeyword.groovy)
	at com.kms.katalon.core.webui.keyword.internal.WebUIKeywordMain.runKeyword(WebUIKeywordMain.groovy:20)
	at com.kms.katalon.core.webui.keyword.builtin.VerifyTextPresentKeyword.verifyTextPresent(VerifyTextPresentKeyword.groovy:83)
	at com.kms.katalon.core.webui.keyword.builtin.VerifyTextPresentKeyword.execute(VerifyTextPresentKeyword.groovy:68)
	at com.kms.katalon.core.keyword.internal.KeywordExecutor.executeKeywordForPlatform(KeywordExecutor.groovy:60)
	at com.kms.katalon.core.webui.keyword.WebUiBuiltInKeywords.verifyTextPresent(WebUiBuiltInKeywords.groovy:1693)
	at com.kms.katalon.core.webui.keyword.WebUiBuiltInKeywords$verifyTextPresent$2.call(Unknown Source)
	at Banner_Image.run(Banner_Image:110)
	at com.kms.katalon.core.main.ScriptEngine.run(ScriptEngine.java:194)
	at com.kms.katalon.core.main.ScriptEngine.runScriptAsRawText(ScriptEngine.java:119)
	at com.kms.katalon.core.main.TestCaseExecutor.runScript(TestCaseExecutor.java:337)
	at com.kms.katalon.core.main.TestCaseExecutor.doExecute(TestCaseExecutor.java:328)
	at com.kms.katalon.core.main.TestCaseExecutor.processExecutionPhase(TestCaseExecutor.java:307)
	at com.kms.katalon.core.main.TestCaseExecutor.accessMainPhase(TestCaseExecutor.java:299)
	at com.kms.katalon.core.main.TestCaseExecutor.execute(TestCaseExecutor.java:233)
	at com.kms.katalon.core.main.TestCaseMain.runTestCase(TestCaseMain.java:114)
	at com.kms.katalon.core.keyword.builtin.CallTestCaseKeyword$_callTestCase_closure1.doCall(CallTestCaseKeyword.groovy:59)
	at com.kms.katalon.core.keyword.builtin.CallTestCaseKeyword$_callTestCase_closure1.call(CallTestCaseKeyword.groovy)
	at com.kms.katalon.core.keyword.internal.KeywordMain.runKeyword(KeywordMain.groovy:68)
	at com.kms.katalon.core.keyword.builtin.CallTestCaseKeyword.callTestCase(CallTestCaseKeyword.groovy:81)
	at com.kms.katalon.core.keyword.builtin.CallTestCaseKeyword.execute(CallTestCaseKeyword.groovy:44)
	at com.kms.katalon.core.keyword.internal.KeywordExecutor.executeKeywordForPlatform(KeywordExecutor.groovy:60)
	at com.kms.katalon.core.keyword.BuiltinKeywords.callTestCase(BuiltinKeywords.groovy:334)
	at My_Profile_Page.run(My_Profile_Page:134)
	at com.kms.katalon.core.main.ScriptEngine.run(ScriptEngine.java:194)
	at com.kms.katalon.core.main.ScriptEngine.runScriptAsRawText(ScriptEngine.java:119)
	at com.kms.katalon.core.main.TestCaseExecutor.runScript(TestCaseExecutor.java:337)
	at com.kms.katalon.core.main.TestCaseExecutor.doExecute(TestCaseExecutor.java:328)
	at com.kms.katalon.core.main.TestCaseExecutor.processExecutionPhase(TestCaseExecutor.java:307)
	at com.kms.katalon.core.main.TestCaseExecutor.accessMainPhase(TestCaseExecutor.java:299)
	at com.kms.katalon.core.main.TestCaseExecutor.execute(TestCaseExecutor.java:233)
	at com.kms.katalon.core.main.TestSuiteExecutor.accessTestCaseMainPhase(TestSuiteExecutor.java:169)
	at com.kms.katalon.core.main.TestSuiteExecutor.accessTestSuiteMainPhase(TestSuiteExecutor.java:142)
	at com.kms.katalon.core.main.TestSuiteExecutor.execute(TestSuiteExecutor.java:91)
	at com.kms.katalon.core.main.TestCaseMain.startTestSuite(TestCaseMain.java:157)
	at com.kms.katalon.core.main.TestCaseMain$startTestSuite$0.call(Unknown Source)
	at TempTestSuite1572536119934.run(TempTestSuite1572536119934.groovy:36)
)

2019-10-31 15:40:51 - [TEST_STEP][FAILED] - verifyTextPresent("The image has to be 8MB or smaller", false): Text 'The image has to be 8MB or smaller' is not present on page  (Root cause: com.kms.katalon.core.exception.StepFailedException: Text 'The image has to be 8MB or smaller' is not present on page 
	at com.kms.katalon.core.webui.keyword.internal.WebUIKeywordMain.stepFailed(WebUIKeywordMain.groovy:64)
	at com.kms.katalon.core.webui.keyword.builtin.VerifyTextPresentKeyword$_verifyTextPresent_closure1.doCall(VerifyTextPresentKeyword.groovy:79)
	at com.kms.katalon.core.webui.keyword.builtin.VerifyTextPresentKeyword$_verifyTextPresent_closure1.call(VerifyTextPresentKeyword.groovy)
	at com.kms.katalon.core.webui.keyword.internal.WebUIKeywordMain.runKeyword(WebUIKeywordMain.groovy:20)
	at com.kms.katalon.core.webui.keyword.builtin.VerifyTextPresentKeyword.verifyTextPresent(VerifyTextPresentKeyword.groovy:83)
	at com.kms.katalon.core.webui.keyword.builtin.VerifyTextPresentKeyword.execute(VerifyTextPresentKeyword.groovy:68)
	at com.kms.katalon.core.keyword.internal.KeywordExecutor.executeKeywordForPlatform(KeywordExecutor.groovy:60)
	at com.kms.katalon.core.webui.keyword.WebUiBuiltInKeywords.verifyTextPresent(WebUiBuiltInKeywords.groovy:1693)
	at com.kms.katalon.core.webui.keyword.WebUiBuiltInKeywords$verifyTextPresent$2.call(Unknown Source)
	at Banner_Image.run(Banner_Image:112)
	at com.kms.katalon.core.main.ScriptEngine.run(ScriptEngine.java:194)
	at com.kms.katalon.core.main.ScriptEngine.runScriptAsRawText(ScriptEngine.java:119)
	at com.kms.katalon.core.main.TestCaseExecutor.runScript(TestCaseExecutor.java:337)
	at com.kms.katalon.core.main.TestCaseExecutor.doExecute(TestCaseExecutor.java:328)
	at com.kms.katalon.core.main.TestCaseExecutor.processExecutionPhase(TestCaseExecutor.java:307)
	at com.kms.katalon.core.main.TestCaseExecutor.accessMainPhase(TestCaseExecutor.java:299)
	at com.kms.katalon.core.main.TestCaseExecutor.execute(TestCaseExecutor.java:233)
	at com.kms.katalon.core.main.TestCaseMain.runTestCase(TestCaseMain.java:114)
	at com.kms.katalon.core.keyword.builtin.CallTestCaseKeyword$_callTestCase_closure1.doCall(CallTestCaseKeyword.groovy:59)
	at com.kms.katalon.core.keyword.builtin.CallTestCaseKeyword$_callTestCase_closure1.call(CallTestCaseKeyword.groovy)
	at com.kms.katalon.core.keyword.internal.KeywordMain.runKeyword(KeywordMain.groovy:68)
	at com.kms.katalon.core.keyword.builtin.CallTestCaseKeyword.callTestCase(CallTestCaseKeyword.groovy:81)
	at com.kms.katalon.core.keyword.builtin.CallTestCaseKeyword.execute(CallTestCaseKeyword.groovy:44)
	at com.kms.katalon.core.keyword.internal.KeywordExecutor.executeKeywordForPlatform(KeywordExecutor.groovy:60)
	at com.kms.katalon.core.keyword.BuiltinKeywords.callTestCase(BuiltinKeywords.groovy:334)
	at My_Profile_Page.run(My_Profile_Page:134)
	at com.kms.katalon.core.main.ScriptEngine.run(ScriptEngine.java:194)
	at com.kms.katalon.core.main.ScriptEngine.runScriptAsRawText(ScriptEngine.java:119)
	at com.kms.katalon.core.main.TestCaseExecutor.runScript(TestCaseExecutor.java:337)
	at com.kms.katalon.core.main.TestCaseExecutor.doExecute(TestCaseExecutor.java:328)
	at com.kms.katalon.core.main.TestCaseExecutor.processExecutionPhase(TestCaseExecutor.java:307)
	at com.kms.katalon.core.main.TestCaseExecutor.accessMainPhase(TestCaseExecutor.java:299)
	at com.kms.katalon.core.main.TestCaseExecutor.execute(TestCaseExecutor.java:233)
	at com.kms.katalon.core.main.TestSuiteExecutor.accessTestCaseMainPhase(TestSuiteExecutor.java:169)
	at com.kms.katalon.core.main.TestSuiteExecutor.accessTestSuiteMainPhase(TestSuiteExecutor.java:142)
	at com.kms.katalon.core.main.TestSuiteExecutor.execute(TestSuiteExecutor.java:91)
	at com.kms.katalon.core.main.TestCaseMain.startTestSuite(TestCaseMain.java:157)
	at com.kms.katalon.core.main.TestCaseMain$startTestSuite$0.call(Unknown Source)
	at TempTestSuite1572536119934.run(TempTestSuite1572536119934.groovy:36)
)

2019-10-31 15:40:52 - [MESSAGE][FAILED] - Text 'The image has to be 8MB or smaller' is not present on page  (Root cause: com.kms.katalon.core.exception.StepFailedException: Text 'The image has to be 8MB or smaller' is not present on page 
	at com.kms.katalon.core.webui.keyword.internal.WebUIKeywordMain.stepFailed(WebUIKeywordMain.groovy:64)
	at com.kms.katalon.core.webui.keyword.builtin.VerifyTextPresentKeyword$_verifyTextPresent_closure1.doCall(VerifyTextPresentKeyword.groovy:79)
	at com.kms.katalon.core.webui.keyword.builtin.VerifyTextPresentKeyword$_verifyTextPresent_closure1.call(VerifyTextPresentKeyword.groovy)
	at com.kms.katalon.core.webui.keyword.internal.WebUIKeywordMain.runKeyword(WebUIKeywordMain.groovy:20)
	at com.kms.katalon.core.webui.keyword.builtin.VerifyTextPresentKeyword.verifyTextPresent(VerifyTextPresentKeyword.groovy:83)
	at com.kms.katalon.core.webui.keyword.builtin.VerifyTextPresentKeyword.execute(VerifyTextPresentKeyword.groovy:68)
	at com.kms.katalon.core.keyword.internal.KeywordExecutor.executeKeywordForPlatform(KeywordExecutor.groovy:60)
	at com.kms.katalon.core.webui.keyword.WebUiBuiltInKeywords.verifyTextPresent(WebUiBuiltInKeywords.groovy:1693)
	at com.kms.katalon.core.webui.keyword.WebUiBuiltInKeywords$verifyTextPresent$2.call(Unknown Source)
	at Banner_Image.run(Banner_Image:112)
	at com.kms.katalon.core.main.ScriptEngine.run(ScriptEngine.java:194)
	at com.kms.katalon.core.main.ScriptEngine.runScriptAsRawText(ScriptEngine.java:119)
	at com.kms.katalon.core.main.TestCaseExecutor.runScript(TestCaseExecutor.java:337)
	at com.kms.katalon.core.main.TestCaseExecutor.doExecute(TestCaseExecutor.java:328)
	at com.kms.katalon.core.main.TestCaseExecutor.processExecutionPhase(TestCaseExecutor.java:307)
	at com.kms.katalon.core.main.TestCaseExecutor.accessMainPhase(TestCaseExecutor.java:299)
	at com.kms.katalon.core.main.TestCaseExecutor.execute(TestCaseExecutor.java:233)
	at com.kms.katalon.core.main.TestCaseMain.runTestCase(TestCaseMain.java:114)
	at com.kms.katalon.core.keyword.builtin.CallTestCaseKeyword$_callTestCase_closure1.doCall(CallTestCaseKeyword.groovy:59)
	at com.kms.katalon.core.keyword.builtin.CallTestCaseKeyword$_callTestCase_closure1.call(CallTestCaseKeyword.groovy)
	at com.kms.katalon.core.keyword.internal.KeywordMain.runKeyword(KeywordMain.groovy:68)
	at com.kms.katalon.core.keyword.builtin.CallTestCaseKeyword.callTestCase(CallTestCaseKeyword.groovy:81)
	at com.kms.katalon.core.keyword.builtin.CallTestCaseKeyword.execute(CallTestCaseKeyword.groovy:44)
	at com.kms.katalon.core.keyword.internal.KeywordExecutor.executeKeywordForPlatform(KeywordExecutor.groovy:60)
	at com.kms.katalon.core.keyword.BuiltinKeywords.callTestCase(BuiltinKeywords.groovy:334)
	at My_Profile_Page.run(My_Profile_Page:134)
	at com.kms.katalon.core.main.ScriptEngine.run(ScriptEngine.java:194)
	at com.kms.katalon.core.main.ScriptEngine.runScriptAsRawText(ScriptEngine.java:119)
	at com.kms.katalon.core.main.TestCaseExecutor.runScript(TestCaseExecutor.java:337)
	at com.kms.katalon.core.main.TestCaseExecutor.doExecute(TestCaseExecutor.java:328)
	at com.kms.katalon.core.main.TestCaseExecutor.processExecutionPhase(TestCaseExecutor.java:307)
	at com.kms.katalon.core.main.TestCaseExecutor.accessMainPhase(TestCaseExecutor.java:299)
	at com.kms.katalon.core.main.TestCaseExecutor.execute(TestCaseExecutor.java:233)
	at com.kms.katalon.core.main.TestSuiteExecutor.accessTestCaseMainPhase(TestSuiteExecutor.java:169)
	at com.kms.katalon.core.main.TestSuiteExecutor.accessTestSuiteMainPhase(TestSuiteExecutor.java:142)
	at com.kms.katalon.core.main.TestSuiteExecutor.execute(TestSuiteExecutor.java:91)
	at com.kms.katalon.core.main.TestCaseMain.startTestSuite(TestCaseMain.java:157)
	at com.kms.katalon.core.main.TestCaseMain$startTestSuite$0.call(Unknown Source)
	at TempTestSuite1572536119934.run(TempTestSuite1572536119934.groovy:36)
)

2019-10-31 15:40:52 - [TEST_STEP][FAILED] - verifyTextPresent("We recommend these browsers", false): Text 'We recommend these browsers' is not present on page  (Root cause: com.kms.katalon.core.exception.StepFailedException: Text 'We recommend these browsers' is not present on page 
	at com.kms.katalon.core.webui.keyword.internal.WebUIKeywordMain.stepFailed(WebUIKeywordMain.groovy:64)
	at com.kms.katalon.core.webui.keyword.builtin.VerifyTextPresentKeyword$_verifyTextPresent_closure1.doCall(VerifyTextPresentKeyword.groovy:79)
	at com.kms.katalon.core.webui.keyword.builtin.VerifyTextPresentKeyword$_verifyTextPresent_closure1.call(VerifyTextPresentKeyword.groovy)
	at com.kms.katalon.core.webui.keyword.internal.WebUIKeywordMain.runKeyword(WebUIKeywordMain.groovy:20)
	at com.kms.katalon.core.webui.keyword.builtin.VerifyTextPresentKeyword.verifyTextPresent(VerifyTextPresentKeyword.groovy:83)
	at com.kms.katalon.core.webui.keyword.builtin.VerifyTextPresentKeyword.execute(VerifyTextPresentKeyword.groovy:68)
	at com.kms.katalon.core.keyword.internal.KeywordExecutor.executeKeywordForPlatform(KeywordExecutor.groovy:60)
	at com.kms.katalon.core.webui.keyword.WebUiBuiltInKeywords.verifyTextPresent(WebUiBuiltInKeywords.groovy:1693)
	at com.kms.katalon.core.webui.keyword.WebUiBuiltInKeywords$verifyTextPresent$2.call(Unknown Source)
	at Banner_Image.run(Banner_Image:114)
	at com.kms.katalon.core.main.ScriptEngine.run(ScriptEngine.java:194)
	at com.kms.katalon.core.main.ScriptEngine.runScriptAsRawText(ScriptEngine.java:119)
	at com.kms.katalon.core.main.TestCaseExecutor.runScript(TestCaseExecutor.java:337)
	at com.kms.katalon.core.main.TestCaseExecutor.doExecute(TestCaseExecutor.java:328)
	at com.kms.katalon.core.main.TestCaseExecutor.processExecutionPhase(TestCaseExecutor.java:307)
	at com.kms.katalon.core.main.TestCaseExecutor.accessMainPhase(TestCaseExecutor.java:299)
	at com.kms.katalon.core.main.TestCaseExecutor.execute(TestCaseExecutor.java:233)
	at com.kms.katalon.core.main.TestCaseMain.runTestCase(TestCaseMain.java:114)
	at com.kms.katalon.core.keyword.builtin.CallTestCaseKeyword$_callTestCase_closure1.doCall(CallTestCaseKeyword.groovy:59)
	at com.kms.katalon.core.keyword.builtin.CallTestCaseKeyword$_callTestCase_closure1.call(CallTestCaseKeyword.groovy)
	at com.kms.katalon.core.keyword.internal.KeywordMain.runKeyword(KeywordMain.groovy:68)
	at com.kms.katalon.core.keyword.builtin.CallTestCaseKeyword.callTestCase(CallTestCaseKeyword.groovy:81)
	at com.kms.katalon.core.keyword.builtin.CallTestCaseKeyword.execute(CallTestCaseKeyword.groovy:44)
	at com.kms.katalon.core.keyword.internal.KeywordExecutor.executeKeywordForPlatform(KeywordExecutor.groovy:60)
	at com.kms.katalon.core.keyword.BuiltinKeywords.callTestCase(BuiltinKeywords.groovy:334)
	at My_Profile_Page.run(My_Profile_Page:134)
	at com.kms.katalon.core.main.ScriptEngine.run(ScriptEngine.java:194)
	at com.kms.katalon.core.main.ScriptEngine.runScriptAsRawText(ScriptEngine.java:119)
	at com.kms.katalon.core.main.TestCaseExecutor.runScript(TestCaseExecutor.java:337)
	at com.kms.katalon.core.main.TestCaseExecutor.doExecute(TestCaseExecutor.java:328)
	at com.kms.katalon.core.main.TestCaseExecutor.processExecutionPhase(TestCaseExecutor.java:307)
	at com.kms.katalon.core.main.TestCaseExecutor.accessMainPhase(TestCaseExecutor.java:299)
	at com.kms.katalon.core.main.TestCaseExecutor.execute(TestCaseExecutor.java:233)
	at com.kms.katalon.core.main.TestSuiteExecutor.accessTestCaseMainPhase(TestSuiteExecutor.java:169)
	at com.kms.katalon.core.main.TestSuiteExecutor.accessTestSuiteMainPhase(TestSuiteExecutor.java:142)
	at com.kms.katalon.core.main.TestSuiteExecutor.execute(TestSuiteExecutor.java:91)
	at com.kms.katalon.core.main.TestCaseMain.startTestSuite(TestCaseMain.java:157)
	at com.kms.katalon.core.main.TestCaseMain$startTestSuite$0.call(Unknown Source)
	at TempTestSuite1572536119934.run(TempTestSuite1572536119934.groovy:36)
)

2019-10-31 15:40:52 - [MESSAGE][FAILED] - Text 'We recommend these browsers' is not present on page  (Root cause: com.kms.katalon.core.exception.StepFailedException: Text 'We recommend these browsers' is not present on page 
	at com.kms.katalon.core.webui.keyword.internal.WebUIKeywordMain.stepFailed(WebUIKeywordMain.groovy:64)
	at com.kms.katalon.core.webui.keyword.builtin.VerifyTextPresentKeyword$_verifyTextPresent_closure1.doCall(VerifyTextPresentKeyword.groovy:79)
	at com.kms.katalon.core.webui.keyword.builtin.VerifyTextPresentKeyword$_verifyTextPresent_closure1.call(VerifyTextPresentKeyword.groovy)
	at com.kms.katalon.core.webui.keyword.internal.WebUIKeywordMain.runKeyword(WebUIKeywordMain.groovy:20)
	at com.kms.katalon.core.webui.keyword.builtin.VerifyTextPresentKeyword.verifyTextPresent(VerifyTextPresentKeyword.groovy:83)
	at com.kms.katalon.core.webui.keyword.builtin.VerifyTextPresentKeyword.execute(VerifyTextPresentKeyword.groovy:68)
	at com.kms.katalon.core.keyword.internal.KeywordExecutor.executeKeywordForPlatform(KeywordExecutor.groovy:60)
	at com.kms.katalon.core.webui.keyword.WebUiBuiltInKeywords.verifyTextPresent(WebUiBuiltInKeywords.groovy:1693)
	at com.kms.katalon.core.webui.keyword.WebUiBuiltInKeywords$verifyTextPresent$2.call(Unknown Source)
	at Banner_Image.run(Banner_Image:114)
	at com.kms.katalon.core.main.ScriptEngine.run(ScriptEngine.java:194)
	at com.kms.katalon.core.main.ScriptEngine.runScriptAsRawText(ScriptEngine.java:119)
	at com.kms.katalon.core.main.TestCaseExecutor.runScript(TestCaseExecutor.java:337)
	at com.kms.katalon.core.main.TestCaseExecutor.doExecute(TestCaseExecutor.java:328)
	at com.kms.katalon.core.main.TestCaseExecutor.processExecutionPhase(TestCaseExecutor.java:307)
	at com.kms.katalon.core.main.TestCaseExecutor.accessMainPhase(TestCaseExecutor.java:299)
	at com.kms.katalon.core.main.TestCaseExecutor.execute(TestCaseExecutor.java:233)
	at com.kms.katalon.core.main.TestCaseMain.runTestCase(TestCaseMain.java:114)
	at com.kms.katalon.core.keyword.builtin.CallTestCaseKeyword$_callTestCase_closure1.doCall(CallTestCaseKeyword.groovy:59)
	at com.kms.katalon.core.keyword.builtin.CallTestCaseKeyword$_callTestCase_closure1.call(CallTestCaseKeyword.groovy)
	at com.kms.katalon.core.keyword.internal.KeywordMain.runKeyword(KeywordMain.groovy:68)
	at com.kms.katalon.core.keyword.builtin.CallTestCaseKeyword.callTestCase(CallTestCaseKeyword.groovy:81)
	at com.kms.katalon.core.keyword.builtin.CallTestCaseKeyword.execute(CallTestCaseKeyword.groovy:44)
	at com.kms.katalon.core.keyword.internal.KeywordExecutor.executeKeywordForPlatform(KeywordExecutor.groovy:60)
	at com.kms.katalon.core.keyword.BuiltinKeywords.callTestCase(BuiltinKeywords.groovy:334)
	at My_Profile_Page.run(My_Profile_Page:134)
	at com.kms.katalon.core.main.ScriptEngine.run(ScriptEngine.java:194)
	at com.kms.katalon.core.main.ScriptEngine.runScriptAsRawText(ScriptEngine.java:119)
	at com.kms.katalon.core.main.TestCaseExecutor.runScript(TestCaseExecutor.java:337)
	at com.kms.katalon.core.main.TestCaseExecutor.doExecute(TestCaseExecutor.java:328)
	at com.kms.katalon.core.main.TestCaseExecutor.processExecutionPhase(TestCaseExecutor.java:307)
	at com.kms.katalon.core.main.TestCaseExecutor.accessMainPhase(TestCaseExecutor.java:299)
	at com.kms.katalon.core.main.TestCaseExecutor.execute(TestCaseExecutor.java:233)
	at com.kms.katalon.core.main.TestSuiteExecutor.accessTestCaseMainPhase(TestSuiteExecutor.java:169)
	at com.kms.katalon.core.main.TestSuiteExecutor.accessTestSuiteMainPhase(TestSuiteExecutor.java:142)
	at com.kms.katalon.core.main.TestSuiteExecutor.execute(TestSuiteExecutor.java:91)
	at com.kms.katalon.core.main.TestCaseMain.startTestSuite(TestCaseMain.java:157)
	at com.kms.katalon.core.main.TestCaseMain$startTestSuite$0.call(Unknown Source)
	at TempTestSuite1572536119934.run(TempTestSuite1572536119934.groovy:36)
)

2019-10-31 15:40:52 - [TEST_STEP][FAILED] - verifyTextPresent("Close", false): Text 'Close' is not present on page  (Root cause: com.kms.katalon.core.exception.StepFailedException: Text 'Close' is not present on page 
	at com.kms.katalon.core.webui.keyword.internal.WebUIKeywordMain.stepFailed(WebUIKeywordMain.groovy:64)
	at com.kms.katalon.core.webui.keyword.builtin.VerifyTextPresentKeyword$_verifyTextPresent_closure1.doCall(VerifyTextPresentKeyword.groovy:79)
	at com.kms.katalon.core.webui.keyword.builtin.VerifyTextPresentKeyword$_verifyTextPresent_closure1.call(VerifyTextPresentKeyword.groovy)
	at com.kms.katalon.core.webui.keyword.internal.WebUIKeywordMain.runKeyword(WebUIKeywordMain.groovy:20)
	at com.kms.katalon.core.webui.keyword.builtin.VerifyTextPresentKeyword.verifyTextPresent(VerifyTextPresentKeyword.groovy:83)
	at com.kms.katalon.core.webui.keyword.builtin.VerifyTextPresentKeyword.execute(VerifyTextPresentKeyword.groovy:68)
	at com.kms.katalon.core.keyword.internal.KeywordExecutor.executeKeywordForPlatform(KeywordExecutor.groovy:60)
	at com.kms.katalon.core.webui.keyword.WebUiBuiltInKeywords.verifyTextPresent(WebUiBuiltInKeywords.groovy:1693)
	at com.kms.katalon.core.webui.keyword.WebUiBuiltInKeywords$verifyTextPresent$2.call(Unknown Source)
	at Banner_Image.run(Banner_Image:116)
	at com.kms.katalon.core.main.ScriptEngine.run(ScriptEngine.java:194)
	at com.kms.katalon.core.main.ScriptEngine.runScriptAsRawText(ScriptEngine.java:119)
	at com.kms.katalon.core.main.TestCaseExecutor.runScript(TestCaseExecutor.java:337)
	at com.kms.katalon.core.main.TestCaseExecutor.doExecute(TestCaseExecutor.java:328)
	at com.kms.katalon.core.main.TestCaseExecutor.processExecutionPhase(TestCaseExecutor.java:307)
	at com.kms.katalon.core.main.TestCaseExecutor.accessMainPhase(TestCaseExecutor.java:299)
	at com.kms.katalon.core.main.TestCaseExecutor.execute(TestCaseExecutor.java:233)
	at com.kms.katalon.core.main.TestCaseMain.runTestCase(TestCaseMain.java:114)
	at com.kms.katalon.core.keyword.builtin.CallTestCaseKeyword$_callTestCase_closure1.doCall(CallTestCaseKeyword.groovy:59)
	at com.kms.katalon.core.keyword.builtin.CallTestCaseKeyword$_callTestCase_closure1.call(CallTestCaseKeyword.groovy)
	at com.kms.katalon.core.keyword.internal.KeywordMain.runKeyword(KeywordMain.groovy:68)
	at com.kms.katalon.core.keyword.builtin.CallTestCaseKeyword.callTestCase(CallTestCaseKeyword.groovy:81)
	at com.kms.katalon.core.keyword.builtin.CallTestCaseKeyword.execute(CallTestCaseKeyword.groovy:44)
	at com.kms.katalon.core.keyword.internal.KeywordExecutor.executeKeywordForPlatform(KeywordExecutor.groovy:60)
	at com.kms.katalon.core.keyword.BuiltinKeywords.callTestCase(BuiltinKeywords.groovy:334)
	at My_Profile_Page.run(My_Profile_Page:134)
	at com.kms.katalon.core.main.ScriptEngine.run(ScriptEngine.java:194)
	at com.kms.katalon.core.main.ScriptEngine.runScriptAsRawText(ScriptEngine.java:119)
	at com.kms.katalon.core.main.TestCaseExecutor.runScript(TestCaseExecutor.java:337)
	at com.kms.katalon.core.main.TestCaseExecutor.doExecute(TestCaseExecutor.java:328)
	at com.kms.katalon.core.main.TestCaseExecutor.processExecutionPhase(TestCaseExecutor.java:307)
	at com.kms.katalon.core.main.TestCaseExecutor.accessMainPhase(TestCaseExecutor.java:299)
	at com.kms.katalon.core.main.TestCaseExecutor.execute(TestCaseExecutor.java:233)
	at com.kms.katalon.core.main.TestSuiteExecutor.accessTestCaseMainPhase(TestSuiteExecutor.java:169)
	at com.kms.katalon.core.main.TestSuiteExecutor.accessTestSuiteMainPhase(TestSuiteExecutor.java:142)
	at com.kms.katalon.core.main.TestSuiteExecutor.execute(TestSuiteExecutor.java:91)
	at com.kms.katalon.core.main.TestCaseMain.startTestSuite(TestCaseMain.java:157)
	at com.kms.katalon.core.main.TestCaseMain$startTestSuite$0.call(Unknown Source)
	at TempTestSuite1572536119934.run(TempTestSuite1572536119934.groovy:36)
)

2019-10-31 15:40:53 - [MESSAGE][FAILED] - Text 'Close' is not present on page  (Root cause: com.kms.katalon.core.exception.StepFailedException: Text 'Close' is not present on page 
	at com.kms.katalon.core.webui.keyword.internal.WebUIKeywordMain.stepFailed(WebUIKeywordMain.groovy:64)
	at com.kms.katalon.core.webui.keyword.builtin.VerifyTextPresentKeyword$_verifyTextPresent_closure1.doCall(VerifyTextPresentKeyword.groovy:79)
	at com.kms.katalon.core.webui.keyword.builtin.VerifyTextPresentKeyword$_verifyTextPresent_closure1.call(VerifyTextPresentKeyword.groovy)
	at com.kms.katalon.core.webui.keyword.internal.WebUIKeywordMain.runKeyword(WebUIKeywordMain.groovy:20)
	at com.kms.katalon.core.webui.keyword.builtin.VerifyTextPresentKeyword.verifyTextPresent(VerifyTextPresentKeyword.groovy:83)
	at com.kms.katalon.core.webui.keyword.builtin.VerifyTextPresentKeyword.execute(VerifyTextPresentKeyword.groovy:68)
	at com.kms.katalon.core.keyword.internal.KeywordExecutor.executeKeywordForPlatform(KeywordExecutor.groovy:60)
	at com.kms.katalon.core.webui.keyword.WebUiBuiltInKeywords.verifyTextPresent(WebUiBuiltInKeywords.groovy:1693)
	at com.kms.katalon.core.webui.keyword.WebUiBuiltInKeywords$verifyTextPresent$2.call(Unknown Source)
	at Banner_Image.run(Banner_Image:116)
	at com.kms.katalon.core.main.ScriptEngine.run(ScriptEngine.java:194)
	at com.kms.katalon.core.main.ScriptEngine.runScriptAsRawText(ScriptEngine.java:119)
	at com.kms.katalon.core.main.TestCaseExecutor.runScript(TestCaseExecutor.java:337)
	at com.kms.katalon.core.main.TestCaseExecutor.doExecute(TestCaseExecutor.java:328)
	at com.kms.katalon.core.main.TestCaseExecutor.processExecutionPhase(TestCaseExecutor.java:307)
	at com.kms.katalon.core.main.TestCaseExecutor.accessMainPhase(TestCaseExecutor.java:299)
	at com.kms.katalon.core.main.TestCaseExecutor.execute(TestCaseExecutor.java:233)
	at com.kms.katalon.core.main.TestCaseMain.runTestCase(TestCaseMain.java:114)
	at com.kms.katalon.core.keyword.builtin.CallTestCaseKeyword$_callTestCase_closure1.doCall(CallTestCaseKeyword.groovy:59)
	at com.kms.katalon.core.keyword.builtin.CallTestCaseKeyword$_callTestCase_closure1.call(CallTestCaseKeyword.groovy)
	at com.kms.katalon.core.keyword.internal.KeywordMain.runKeyword(KeywordMain.groovy:68)
	at com.kms.katalon.core.keyword.builtin.CallTestCaseKeyword.callTestCase(CallTestCaseKeyword.groovy:81)
	at com.kms.katalon.core.keyword.builtin.CallTestCaseKeyword.execute(CallTestCaseKeyword.groovy:44)
	at com.kms.katalon.core.keyword.internal.KeywordExecutor.executeKeywordForPlatform(KeywordExecutor.groovy:60)
	at com.kms.katalon.core.keyword.BuiltinKeywords.callTestCase(BuiltinKeywords.groovy:334)
	at My_Profile_Page.run(My_Profile_Page:134)
	at com.kms.katalon.core.main.ScriptEngine.run(ScriptEngine.java:194)
	at com.kms.katalon.core.main.ScriptEngine.runScriptAsRawText(ScriptEngine.java:119)
	at com.kms.katalon.core.main.TestCaseExecutor.runScript(TestCaseExecutor.java:337)
	at com.kms.katalon.core.main.TestCaseExecutor.doExecute(TestCaseExecutor.java:328)
	at com.kms.katalon.core.main.TestCaseExecutor.processExecutionPhase(TestCaseExecutor.java:307)
	at com.kms.katalon.core.main.TestCaseExecutor.accessMainPhase(TestCaseExecutor.java:299)
	at com.kms.katalon.core.main.TestCaseExecutor.execute(TestCaseExecutor.java:233)
	at com.kms.katalon.core.main.TestSuiteExecutor.accessTestCaseMainPhase(TestSuiteExecutor.java:169)
	at com.kms.katalon.core.main.TestSuiteExecutor.accessTestSuiteMainPhase(TestSuiteExecutor.java:142)
	at com.kms.katalon.core.main.TestSuiteExecutor.execute(TestSuiteExecutor.java:91)
	at com.kms.katalon.core.main.TestCaseMain.startTestSuite(TestCaseMain.java:157)
	at com.kms.katalon.core.main.TestCaseMain$startTestSuite$0.call(Unknown Source)
	at TempTestSuite1572536119934.run(TempTestSuite1572536119934.groovy:36)
)

2019-10-31 15:40:53 - [TEST_STEP][PASSED] - "----------------------------------------------": null

2019-10-31 15:40:53 - [TEST_STEP][FAILED] - click(findTestObject("Object Repository/Profiles_Page/Page_Members Area/button_Select Banner Image")): Unable to click on object 'Object Repository/Profiles_Page/Page_Members Area/button_Select Banner Image' (Root cause: com.kms.katalon.core.exception.StepFailedException: Unable to click on object 'Object Repository/Profiles_Page/Page_Members Area/button_Select Banner Image'
	at com.kms.katalon.core.webui.keyword.internal.WebUIKeywordMain.stepFailed(WebUIKeywordMain.groovy:64)
	at com.kms.katalon.core.webui.keyword.internal.WebUIKeywordMain.runKeyword(WebUIKeywordMain.groovy:26)
	at com.kms.katalon.core.webui.keyword.builtin.ClickKeyword.click(ClickKeyword.groovy:79)
	at com.kms.katalon.core.webui.keyword.builtin.ClickKeyword.execute(ClickKeyword.groovy:42)
	at com.kms.katalon.core.keyword.internal.KeywordExecutor.executeKeywordForPlatform(KeywordExecutor.groovy:60)
	at com.kms.katalon.core.webui.keyword.WebUiBuiltInKeywords.click(WebUiBuiltInKeywords.groovy:616)
	at com.kms.katalon.core.webui.keyword.WebUiBuiltInKeywords$click$4.call(Unknown Source)
	at Banner_Image.run(Banner_Image:122)
	at com.kms.katalon.core.main.ScriptEngine.run(ScriptEngine.java:194)
	at com.kms.katalon.core.main.ScriptEngine.runScriptAsRawText(ScriptEngine.java:119)
	at com.kms.katalon.core.main.TestCaseExecutor.runScript(TestCaseExecutor.java:337)
	at com.kms.katalon.core.main.TestCaseExecutor.doExecute(TestCaseExecutor.java:328)
	at com.kms.katalon.core.main.TestCaseExecutor.processExecutionPhase(TestCaseExecutor.java:307)
	at com.kms.katalon.core.main.TestCaseExecutor.accessMainPhase(TestCaseExecutor.java:299)
	at com.kms.katalon.core.main.TestCaseExecutor.execute(TestCaseExecutor.java:233)
	at com.kms.katalon.core.main.TestCaseMain.runTestCase(TestCaseMain.java:114)
	at com.kms.katalon.core.keyword.builtin.CallTestCaseKeyword$_callTestCase_closure1.doCall(CallTestCaseKeyword.groovy:59)
	at com.kms.katalon.core.keyword.builtin.CallTestCaseKeyword$_callTestCase_closure1.call(CallTestCaseKeyword.groovy)
	at com.kms.katalon.core.keyword.internal.KeywordMain.runKeyword(KeywordMain.groovy:68)
	at com.kms.katalon.core.keyword.builtin.CallTestCaseKeyword.callTestCase(CallTestCaseKeyword.groovy:81)
	at com.kms.katalon.core.keyword.builtin.CallTestCaseKeyword.execute(CallTestCaseKeyword.groovy:44)
	at com.kms.katalon.core.keyword.internal.KeywordExecutor.executeKeywordForPlatform(KeywordExecutor.groovy:60)
	at com.kms.katalon.core.keyword.BuiltinKeywords.callTestCase(BuiltinKeywords.groovy:334)
	at My_Profile_Page.run(My_Profile_Page:134)
	at com.kms.katalon.core.main.ScriptEngine.run(ScriptEngine.java:194)
	at com.kms.katalon.core.main.ScriptEngine.runScriptAsRawText(ScriptEngine.java:119)
	at com.kms.katalon.core.main.TestCaseExecutor.runScript(TestCaseExecutor.java:337)
	at com.kms.katalon.core.main.TestCaseExecutor.doExecute(TestCaseExecutor.java:328)
	at com.kms.katalon.core.main.TestCaseExecutor.processExecutionPhase(TestCaseExecutor.java:307)
	at com.kms.katalon.core.main.TestCaseExecutor.accessMainPhase(TestCaseExecutor.java:299)
	at com.kms.katalon.core.main.TestCaseExecutor.execute(TestCaseExecutor.java:233)
	at com.kms.katalon.core.main.TestSuiteExecutor.accessTestCaseMainPhase(TestSuiteExecutor.java:169)
	at com.kms.katalon.core.main.TestSuiteExecutor.accessTestSuiteMainPhase(TestSuiteExecutor.java:142)
	at com.kms.katalon.core.main.TestSuiteExecutor.execute(TestSuiteExecutor.java:91)
	at com.kms.katalon.core.main.TestCaseMain.startTestSuite(TestCaseMain.java:157)
	at com.kms.katalon.core.main.TestCaseMain$startTestSuite$0.call(Unknown Source)
	at TempTestSuite1572536119934.run(TempTestSuite1572536119934.groovy:36)
Caused by: com.kms.katalon.core.webui.exception.WebElementNotFoundException: Web element with id: 'Object Repository/Profiles_Page/Page_Members Area/button_Select Banner Image' located by 'By.xpath: //button[@type = 'button' and (text() = ' Select Banner Image' or . = ' Select Banner Image')]' not found
	at com.kms.katalon.core.webui.common.WebUiCommonHelper.findWebElement(WebUiCommonHelper.java:1113)
	at com.kms.katalon.core.webui.keyword.internal.WebUIAbstractKeyword.findWebElement(WebUIAbstractKeyword.groovy:27)
	at com.kms.katalon.core.webui.keyword.internal.WebUIAbstractKeyword.findWebElement(WebUIAbstractKeyword.groovy:26)
	at com.kms.katalon.core.webui.keyword.builtin.ClickKeyword$_click_closure1.doCall(ClickKeyword.groovy:52)
	at com.kms.katalon.core.webui.keyword.builtin.ClickKeyword$_click_closure1.call(ClickKeyword.groovy)
	at com.kms.katalon.core.webui.keyword.internal.WebUIKeywordMain.runKeyword(WebUIKeywordMain.groovy:20)
	at com.kms.katalon.core.webui.keyword.builtin.ClickKeyword.click(ClickKeyword.groovy:79)
	at com.kms.katalon.core.webui.keyword.builtin.ClickKeyword.execute(ClickKeyword.groovy:42)
	at com.kms.katalon.core.keyword.internal.KeywordExecutor.executeKeywordForPlatform(KeywordExecutor.groovy:60)
	at com.kms.katalon.core.webui.keyword.WebUiBuiltInKeywords.click(WebUiBuiltInKeywords.groovy:616)
	at com.kms.katalon.core.webui.keyword.WebUiBuiltInKeywords$click$4.call(Unknown Source)
	at Script1568364488539.run(Script1568364488539.groovy:122)
	at com.kms.katalon.core.main.ScriptEngine.run(ScriptEngine.java:194)
	at com.kms.katalon.core.main.ScriptEngine.runScriptAsRawText(ScriptEngine.java:119)
	at com.kms.katalon.core.main.TestCaseExecutor.runScript(TestCaseExecutor.java:337)
	at com.kms.katalon.core.main.TestCaseExecutor.doExecute(TestCaseExecutor.java:328)
	at com.kms.katalon.core.main.TestCaseExecutor.processExecutionPhase(TestCaseExecutor.java:307)
	at com.kms.katalon.core.main.TestCaseExecutor.accessMainPhase(TestCaseExecutor.java:299)
	at com.kms.katalon.core.main.TestCaseExecutor.execute(TestCaseExecutor.java:233)
	at com.kms.katalon.core.main.TestCaseMain.runTestCase(TestCaseMain.java:114)
	at com.kms.katalon.core.keyword.builtin.CallTestCaseKeyword$_callTestCase_closure1.doCall(CallTestCaseKeyword.groovy:59)
	at com.kms.katalon.core.keyword.builtin.CallTestCaseKeyword$_callTestCase_closure1.call(CallTestCaseKeyword.groovy)
	at com.kms.katalon.core.keyword.internal.KeywordMain.runKeyword(KeywordMain.groovy:68)
	at com.kms.katalon.core.keyword.builtin.CallTestCaseKeyword.callTestCase(CallTestCaseKeyword.groovy:81)
	at com.kms.katalon.core.keyword.builtin.CallTestCaseKeyword.execute(CallTestCaseKeyword.groovy:44)
	at com.kms.katalon.core.keyword.internal.KeywordExecutor.executeKeywordForPlatform(KeywordExecutor.groovy:60)
	at com.kms.katalon.core.keyword.BuiltinKeywords.callTestCase(BuiltinKeywords.groovy:334)
	at Script1568622126810.run(Script1568622126810.groovy:134)
	... 13 more
)

2019-10-31 15:41:24 - [MESSAGE][INFO] - Unable to find the element located by 'By.xpath: //button[@type = 'button' and (text() = ' Select Banner Image' or . = ' Select Banner Image')]'. Please recheck the objects properties to make sure the desired element is located. 

2019-10-31 15:41:24 - [MESSAGE][FAILED] - Unable to click on object 'Object Repository/Profiles_Page/Page_Members Area/button_Select Banner Image' (Root cause: com.kms.katalon.core.exception.StepFailedException: Unable to click on object 'Object Repository/Profiles_Page/Page_Members Area/button_Select Banner Image'
	at com.kms.katalon.core.webui.keyword.internal.WebUIKeywordMain.stepFailed(WebUIKeywordMain.groovy:64)
	at com.kms.katalon.core.webui.keyword.internal.WebUIKeywordMain.runKeyword(WebUIKeywordMain.groovy:26)
	at com.kms.katalon.core.webui.keyword.builtin.ClickKeyword.click(ClickKeyword.groovy:79)
	at com.kms.katalon.core.webui.keyword.builtin.ClickKeyword.execute(ClickKeyword.groovy:42)
	at com.kms.katalon.core.keyword.internal.KeywordExecutor.executeKeywordForPlatform(KeywordExecutor.groovy:60)
	at com.kms.katalon.core.webui.keyword.WebUiBuiltInKeywords.click(WebUiBuiltInKeywords.groovy:616)
	at com.kms.katalon.core.webui.keyword.WebUiBuiltInKeywords$click$4.call(Unknown Source)
	at Banner_Image.run(Banner_Image:122)
	at com.kms.katalon.core.main.ScriptEngine.run(ScriptEngine.java:194)
	at com.kms.katalon.core.main.ScriptEngine.runScriptAsRawText(ScriptEngine.java:119)
	at com.kms.katalon.core.main.TestCaseExecutor.runScript(TestCaseExecutor.java:337)
	at com.kms.katalon.core.main.TestCaseExecutor.doExecute(TestCaseExecutor.java:328)
	at com.kms.katalon.core.main.TestCaseExecutor.processExecutionPhase(TestCaseExecutor.java:307)
	at com.kms.katalon.core.main.TestCaseExecutor.accessMainPhase(TestCaseExecutor.java:299)
	at com.kms.katalon.core.main.TestCaseExecutor.execute(TestCaseExecutor.java:233)
	at com.kms.katalon.core.main.TestCaseMain.runTestCase(TestCaseMain.java:114)
	at com.kms.katalon.core.keyword.builtin.CallTestCaseKeyword$_callTestCase_closure1.doCall(CallTestCaseKeyword.groovy:59)
	at com.kms.katalon.core.keyword.builtin.CallTestCaseKeyword$_callTestCase_closure1.call(CallTestCaseKeyword.groovy)
	at com.kms.katalon.core.keyword.internal.KeywordMain.runKeyword(KeywordMain.groovy:68)
	at com.kms.katalon.core.keyword.builtin.CallTestCaseKeyword.callTestCase(CallTestCaseKeyword.groovy:81)
	at com.kms.katalon.core.keyword.builtin.CallTestCaseKeyword.execute(CallTestCaseKeyword.groovy:44)
	at com.kms.katalon.core.keyword.internal.KeywordExecutor.executeKeywordForPlatform(KeywordExecutor.groovy:60)
	at com.kms.katalon.core.keyword.BuiltinKeywords.callTestCase(BuiltinKeywords.groovy:334)
	at My_Profile_Page.run(My_Profile_Page:134)
	at com.kms.katalon.core.main.ScriptEngine.run(ScriptEngine.java:194)
	at com.kms.katalon.core.main.ScriptEngine.runScriptAsRawText(ScriptEngine.java:119)
	at com.kms.katalon.core.main.TestCaseExecutor.runScript(TestCaseExecutor.java:337)
	at com.kms.katalon.core.main.TestCaseExecutor.doExecute(TestCaseExecutor.java:328)
	at com.kms.katalon.core.main.TestCaseExecutor.processExecutionPhase(TestCaseExecutor.java:307)
	at com.kms.katalon.core.main.TestCaseExecutor.accessMainPhase(TestCaseExecutor.java:299)
	at com.kms.katalon.core.main.TestCaseExecutor.execute(TestCaseExecutor.java:233)
	at com.kms.katalon.core.main.TestSuiteExecutor.accessTestCaseMainPhase(TestSuiteExecutor.java:169)
	at com.kms.katalon.core.main.TestSuiteExecutor.accessTestSuiteMainPhase(TestSuiteExecutor.java:142)
	at com.kms.katalon.core.main.TestSuiteExecutor.execute(TestSuiteExecutor.java:91)
	at com.kms.katalon.core.main.TestCaseMain.startTestSuite(TestCaseMain.java:157)
	at com.kms.katalon.core.main.TestCaseMain$startTestSuite$0.call(Unknown Source)
	at TempTestSuite1572536119934.run(TempTestSuite1572536119934.groovy:36)
Caused by: com.kms.katalon.core.webui.exception.WebElementNotFoundException: Web element with id: 'Object Repository/Profiles_Page/Page_Members Area/button_Select Banner Image' located by 'By.xpath: //button[@type = 'button' and (text() = ' Select Banner Image' or . = ' Select Banner Image')]' not found
	at com.kms.katalon.core.webui.common.WebUiCommonHelper.findWebElement(WebUiCommonHelper.java:1113)
	at com.kms.katalon.core.webui.keyword.internal.WebUIAbstractKeyword.findWebElement(WebUIAbstractKeyword.groovy:27)
	at com.kms.katalon.core.webui.keyword.internal.WebUIAbstractKeyword.findWebElement(WebUIAbstractKeyword.groovy:26)
	at com.kms.katalon.core.webui.keyword.builtin.ClickKeyword$_click_closure1.doCall(ClickKeyword.groovy:52)
	at com.kms.katalon.core.webui.keyword.builtin.ClickKeyword$_click_closure1.call(ClickKeyword.groovy)
	at com.kms.katalon.core.webui.keyword.internal.WebUIKeywordMain.runKeyword(WebUIKeywordMain.groovy:20)
	at com.kms.katalon.core.webui.keyword.builtin.ClickKeyword.click(ClickKeyword.groovy:79)
	at com.kms.katalon.core.webui.keyword.builtin.ClickKeyword.execute(ClickKeyword.groovy:42)
	at com.kms.katalon.core.keyword.internal.KeywordExecutor.executeKeywordForPlatform(KeywordExecutor.groovy:60)
	at com.kms.katalon.core.webui.keyword.WebUiBuiltInKeywords.click(WebUiBuiltInKeywords.groovy:616)
	at com.kms.katalon.core.webui.keyword.WebUiBuiltInKeywords$click$4.call(Unknown Source)
	at Script1568364488539.run(Script1568364488539.groovy:122)
	at com.kms.katalon.core.main.ScriptEngine.run(ScriptEngine.java:194)
	at com.kms.katalon.core.main.ScriptEngine.runScriptAsRawText(ScriptEngine.java:119)
	at com.kms.katalon.core.main.TestCaseExecutor.runScript(TestCaseExecutor.java:337)
	at com.kms.katalon.core.main.TestCaseExecutor.doExecute(TestCaseExecutor.java:328)
	at com.kms.katalon.core.main.TestCaseExecutor.processExecutionPhase(TestCaseExecutor.java:307)
	at com.kms.katalon.core.main.TestCaseExecutor.accessMainPhase(TestCaseExecutor.java:299)
	at com.kms.katalon.core.main.TestCaseExecutor.execute(TestCaseExecutor.java:233)
	at com.kms.katalon.core.main.TestCaseMain.runTestCase(TestCaseMain.java:114)
	at com.kms.katalon.core.keyword.builtin.CallTestCaseKeyword$_callTestCase_closure1.doCall(CallTestCaseKeyword.groovy:59)
	at com.kms.katalon.core.keyword.builtin.CallTestCaseKeyword$_callTestCase_closure1.call(CallTestCaseKeyword.groovy)
	at com.kms.katalon.core.keyword.internal.KeywordMain.runKeyword(KeywordMain.groovy:68)
	at com.kms.katalon.core.keyword.builtin.CallTestCaseKeyword.callTestCase(CallTestCaseKeyword.groovy:81)
	at com.kms.katalon.core.keyword.builtin.CallTestCaseKeyword.execute(CallTestCaseKeyword.groovy:44)
	at com.kms.katalon.core.keyword.internal.KeywordExecutor.executeKeywordForPlatform(KeywordExecutor.groovy:60)
	at com.kms.katalon.core.keyword.BuiltinKeywords.callTestCase(BuiltinKeywords.groovy:334)
	at Script1568622126810.run(Script1568622126810.groovy:134)
	... 13 more
)
[[ATTACHMENT|C:\\Users\\davidho\\Katalon Studio\\Start\\Reports\\20191031_153516\\Members_My_Profile\\20191031_153519\\1572536484037.png]]

2019-10-31 15:41:24 - [TEST_STEP][PASSED] - "----------------------------------------------": null

2019-10-31 15:41:24 - [TEST_STEP][PASSED] - callTestCase(findTestCase("Reusable_Test_Sequences/Utils/Dispel_Windows_Dialog"), [:], CONTINUE_ON_FAILURE): Call Test Case 'Test Cases/Reusable_Test_Sequences/Utils/Dispel_Windows_Dialog' successfully

2019-10-31 15:41:24 - [TEST_CASE][PASSED] - Test Cases/Reusable_Test_Sequences/Utils/Dispel_Windows_Dialog: Test Cases/Reusable_Test_Sequences/Utils/Dispel_Windows_Dialog

2019-10-31 15:41:24 - [TEST_STEP][PASSED] - "----------------------------------------------": null

2019-10-31 15:41:24 - [TEST_STEP][PASSED] - delay(2): Delayed 2 second(s)

2019-10-31 15:41:26 - [MESSAGE][PASSED] - Delayed 2 second(s)

2019-10-31 15:41:26 - [TEST_STEP][PASSED] - robot = new java.awt.Robot(): null

2019-10-31 15:41:26 - [TEST_STEP][PASSED] - robot.keyPress(VK_ESCAPE): null

2019-10-31 15:41:26 - [TEST_STEP][PASSED] - delay(1): Delayed 1 second(s)

2019-10-31 15:41:27 - [MESSAGE][PASSED] - Delayed 1 second(s)

2019-10-31 15:41:27 - [TEST_STEP][PASSED] - robot.keyRelease(VK_ESCAPE): null

2019-10-31 15:41:27 - [TEST_STEP][PASSED] - delay(1): Delayed 1 second(s)

2019-10-31 15:41:28 - [MESSAGE][PASSED] - Delayed 1 second(s)

2019-10-31 15:41:28 - [TEST_STEP][PASSED] - robot.keyPress(VK_ESCAPE): null

2019-10-31 15:41:28 - [TEST_STEP][PASSED] - delay(1): Delayed 1 second(s)

2019-10-31 15:41:29 - [MESSAGE][PASSED] - Delayed 1 second(s)

2019-10-31 15:41:29 - [TEST_STEP][PASSED] - robot.keyRelease(VK_ESCAPE): null

2019-10-31 15:41:29 - [TEST_STEP][PASSED] - delay(1): Delayed 1 second(s)

2019-10-31 15:41:30 - [MESSAGE][PASSED] - Delayed 1 second(s)

2019-10-31 15:41:30 - [MESSAGE][PASSED] - Call Test Case 'Test Cases/Reusable_Test_Sequences/Utils/Dispel_Windows_Dialog' successfully

2019-10-31 15:41:30 - [TEST_STEP][PASSED] - "----------------------------------------------": null

2019-10-31 15:41:30 - [TEST_STEP][PASSED] - "----------------------------------------------": null

2019-10-31 15:41:30 - [TEST_STEP][PASSED] - "----------------------------------------------": null

2019-10-31 15:41:30 - [TEST_STEP][PASSED] - waitForElementPresent(findTestObject("Object Repository/Profiles_Page/Page_Members Area/button_Upload Banner Image"), 25): Object 'Object Repository/Profiles_Page/Page_Members Area/button_Upload Banner Image' is not present after 25 second(s)

2019-10-31 15:41:56 - [MESSAGE][INFO] - Unable to find the element located by 'By.xpath: //button[@type = 'button' and (text() = ' Upload Banner Image ' or . = ' Upload Banner Image ')]'. Please recheck the objects properties to make sure the desired element is located. 

2019-10-31 15:41:56 - [MESSAGE][WARNING] - Object 'Object Repository/Profiles_Page/Page_Members Area/button_Upload Banner Image' is not present after 25 second(s)

2019-10-31 15:41:56 - [TEST_STEP][PASSED] - back(): Navigate back successfully

2019-10-31 15:41:56 - [MESSAGE][PASSED] - Navigate back successfully

2019-10-31 15:41:56 - [MESSAGE][FAILED] - Unable to call Test Case 'Test Cases/Reusable_Test_Sequences/Members_Area/Validation/Profiles/Banner_Image' (Root cause: com.kms.katalon.core.exception.StepFailedException: Call Test Case 'Test Cases/Reusable_Test_Sequences/Members_Area/Validation/Profiles/Banner_Image' failed
	at com.kms.katalon.core.keyword.builtin.CallTestCaseKeyword$_callTestCase_closure1.doCall(CallTestCaseKeyword.groovy:63)
	at com.kms.katalon.core.keyword.builtin.CallTestCaseKeyword$_callTestCase_closure1.call(CallTestCaseKeyword.groovy)
	at com.kms.katalon.core.keyword.internal.KeywordMain.runKeyword(KeywordMain.groovy:68)
	at com.kms.katalon.core.keyword.builtin.CallTestCaseKeyword.callTestCase(CallTestCaseKeyword.groovy:81)
	at com.kms.katalon.core.keyword.builtin.CallTestCaseKeyword.execute(CallTestCaseKeyword.groovy:44)
	at com.kms.katalon.core.keyword.internal.KeywordExecutor.executeKeywordForPlatform(KeywordExecutor.groovy:60)
	at com.kms.katalon.core.keyword.BuiltinKeywords.callTestCase(BuiltinKeywords.groovy:334)
	at My_Profile_Page.run(My_Profile_Page:134)
	at com.kms.katalon.core.main.ScriptEngine.run(ScriptEngine.java:194)
	at com.kms.katalon.core.main.ScriptEngine.runScriptAsRawText(ScriptEngine.java:119)
	at com.kms.katalon.core.main.TestCaseExecutor.runScript(TestCaseExecutor.java:337)
	at com.kms.katalon.core.main.TestCaseExecutor.doExecute(TestCaseExecutor.java:328)
	at com.kms.katalon.core.main.TestCaseExecutor.processExecutionPhase(TestCaseExecutor.java:307)
	at com.kms.katalon.core.main.TestCaseExecutor.accessMainPhase(TestCaseExecutor.java:299)
	at com.kms.katalon.core.main.TestCaseExecutor.execute(TestCaseExecutor.java:233)
	at com.kms.katalon.core.main.TestSuiteExecutor.accessTestCaseMainPhase(TestSuiteExecutor.java:169)
	at com.kms.katalon.core.main.TestSuiteExecutor.accessTestSuiteMainPhase(TestSuiteExecutor.java:142)
	at com.kms.katalon.core.main.TestSuiteExecutor.execute(TestSuiteExecutor.java:91)
	at com.kms.katalon.core.main.TestCaseMain.startTestSuite(TestCaseMain.java:157)
	at com.kms.katalon.core.main.TestCaseMain$startTestSuite$0.call(Unknown Source)
	at TempTestSuite1572536119934.run(TempTestSuite1572536119934.groovy:36)
Caused by: com.kms.katalon.core.exception.StepFailedException: Text 'Update your company banner image here' is not present on page  (Root cause: com.kms.katalon.core.exception.StepFailedException: Text 'Update your company banner image here' is not present on page 
	at com.kms.katalon.core.webui.keyword.internal.WebUIKeywordMain.stepFailed(WebUIKeywordMain.groovy:64)
	at com.kms.katalon.core.webui.keyword.builtin.VerifyTextPresentKeyword$_verifyTextPresent_closure1.doCall(VerifyTextPresentKeyword.groovy:79)
	at com.kms.katalon.core.webui.keyword.builtin.VerifyTextPresentKeyword$_verifyTextPresent_closure1.call(VerifyTextPresentKeyword.groovy)
	at com.kms.katalon.core.webui.keyword.internal.WebUIKeywordMain.runKeyword(WebUIKeywordMain.groovy:20)
	at com.kms.katalon.core.webui.keyword.builtin.VerifyTextPresentKeyword.verifyTextPresent(VerifyTextPresentKeyword.groovy:83)
	at com.kms.katalon.core.webui.keyword.builtin.VerifyTextPresentKeyword.execute(VerifyTextPresentKeyword.groovy:68)
	at com.kms.katalon.core.keyword.internal.KeywordExecutor.executeKeywordForPlatform(KeywordExecutor.groovy:60)
	at com.kms.katalon.core.webui.keyword.WebUiBuiltInKeywords.verifyTextPresent(WebUiBuiltInKeywords.groovy:1693)
	at com.kms.katalon.core.webui.keyword.WebUiBuiltInKeywords$verifyTextPresent$2.call(Unknown Source)
	at Banner_Image.run(Banner_Image:70)
	at com.kms.katalon.core.main.ScriptEngine.run(ScriptEngine.java:194)
	at com.kms.katalon.core.main.ScriptEngine.runScriptAsRawText(ScriptEngine.java:119)
	at com.kms.katalon.core.main.TestCaseExecutor.runScript(TestCaseExecutor.java:337)
	at com.kms.katalon.core.main.TestCaseExecutor.doExecute(TestCaseExecutor.java:328)
	at com.kms.katalon.core.main.TestCaseExecutor.processExecutionPhase(TestCaseExecutor.java:307)
	at com.kms.katalon.core.main.TestCaseExecutor.accessMainPhase(TestCaseExecutor.java:299)
	at com.kms.katalon.core.main.TestCaseExecutor.execute(TestCaseExecutor.java:233)
	at com.kms.katalon.core.main.TestCaseMain.runTestCase(TestCaseMain.java:114)
	at com.kms.katalon.core.keyword.builtin.CallTestCaseKeyword$_callTestCase_closure1.doCall(CallTestCaseKeyword.groovy:59)
	at com.kms.katalon.core.keyword.builtin.CallTestCaseKeyword$_callTestCase_closure1.call(CallTestCaseKeyword.groovy)
	at com.kms.katalon.core.keyword.internal.KeywordMain.runKeyword(KeywordMain.groovy:68)
	at com.kms.katalon.core.keyword.builtin.CallTestCaseKeyword.callTestCase(CallTestCaseKeyword.groovy:81)
	at com.kms.katalon.core.keyword.builtin.CallTestCaseKeyword.execute(CallTestCaseKeyword.groovy:44)
	at com.kms.katalon.core.keyword.internal.KeywordExecutor.executeKeywordForPlatform(KeywordExecutor.groovy:60)
	at com.kms.katalon.core.keyword.BuiltinKeywords.callTestCase(BuiltinKeywords.groovy:334)
	at My_Profile_Page.run(My_Profile_Page:134)
	at com.kms.katalon.core.main.ScriptEngine.run(ScriptEngine.java:194)
	at com.kms.katalon.core.main.ScriptEngine.runScriptAsRawText(ScriptEngine.java:119)
	at com.kms.katalon.core.main.TestCaseExecutor.runScript(TestCaseExecutor.java:337)
	at com.kms.katalon.core.main.TestCaseExecutor.doExecute(TestCaseExecutor.java:328)
	at com.kms.katalon.core.main.TestCaseExecutor.processExecutionPhase(TestCaseExecutor.java:307)
	at com.kms.katalon.core.main.TestCaseExecutor.accessMainPhase(TestCaseExecutor.java:299)
	at com.kms.katalon.core.main.TestCaseExecutor.execute(TestCaseExecutor.java:233)
	at com.kms.katalon.core.main.TestSuiteExecutor.accessTestCaseMainPhase(TestSuiteExecutor.java:169)
	at com.kms.katalon.core.main.TestSuiteExecutor.accessTestSuiteMainPhase(TestSuiteExecutor.java:142)
	at com.kms.katalon.core.main.TestSuiteExecutor.execute(TestSuiteExecutor.java:91)
	at com.kms.katalon.core.main.TestCaseMain.startTestSuite(TestCaseMain.java:157)
	at com.kms.katalon.core.main.TestCaseMain$startTestSuite$0.call(Unknown Source)
	at TempTestSuite1572536119934.run(TempTestSuite1572536119934.groovy:36)
)
	at com.kms.katalon.core.keyword.internal.KeywordMain.stepFailed(KeywordMain.groovy:39)
	at com.kms.katalon.core.webui.keyword.internal.WebUIKeywordMain.stepFailed(WebUIKeywordMain.groovy:64)
	at com.kms.katalon.core.webui.keyword.builtin.VerifyTextPresentKeyword$_verifyTextPresent_closure1.doCall(VerifyTextPresentKeyword.groovy:79)
	at com.kms.katalon.core.webui.keyword.builtin.VerifyTextPresentKeyword$_verifyTextPresent_closure1.call(VerifyTextPresentKeyword.groovy)
	at com.kms.katalon.core.webui.keyword.internal.WebUIKeywordMain.runKeyword(WebUIKeywordMain.groovy:20)
	at com.kms.katalon.core.webui.keyword.builtin.VerifyTextPresentKeyword.verifyTextPresent(VerifyTextPresentKeyword.groovy:83)
	at com.kms.katalon.core.webui.keyword.builtin.VerifyTextPresentKeyword.execute(VerifyTextPresentKeyword.groovy:68)
	at com.kms.katalon.core.keyword.internal.KeywordExecutor.executeKeywordForPlatform(KeywordExecutor.groovy:60)
	at com.kms.katalon.core.webui.keyword.WebUiBuiltInKeywords.verifyTextPresent(WebUiBuiltInKeywords.groovy:1693)
	at com.kms.katalon.core.webui.keyword.WebUiBuiltInKeywords$verifyTextPresent$2.call(Unknown Source)
	at Banner_Image.run(Banner_Image:70)
	at com.kms.katalon.core.main.ScriptEngine.run(ScriptEngine.java:194)
	at com.kms.katalon.core.main.ScriptEngine.runScriptAsRawText(ScriptEngine.java:119)
	at com.kms.katalon.core.main.TestCaseExecutor.runScript(TestCaseExecutor.java:337)
	at com.kms.katalon.core.main.TestCaseExecutor.doExecute(TestCaseExecutor.java:328)
	at com.kms.katalon.core.main.TestCaseExecutor.processExecutionPhase(TestCaseExecutor.java:307)
	at com.kms.katalon.core.main.TestCaseExecutor.accessMainPhase(TestCaseExecutor.java:299)
	at com.kms.katalon.core.main.TestCaseExecutor.execute(TestCaseExecutor.java:233)
	at com.kms.katalon.core.main.TestCaseMain.runTestCase(TestCaseMain.java:114)
	at com.kms.katalon.core.keyword.builtin.CallTestCaseKeyword$_callTestCase_closure1.doCall(CallTestCaseKeyword.groovy:59)
	... 20 more
Caused by: com.kms.katalon.core.exception.StepFailedException: Text 'Update your company banner image here' is not present on page 
	... 39 more
)

2019-10-31 15:41:56 - [TEST_STEP][FAILED] - callTestCase(findTestCase("Reusable_Test_Sequences/Members_Area/Area_Menu/Grow_You_Business/Profiles/Vetting_Information"), [:], STOP_ON_FAILURE): Unable to call Test Case 'Test Cases/Reusable_Test_Sequences/Members_Area/Area_Menu/Grow_You_Business/Profiles/Vetting_Information' (Root cause: com.kms.katalon.core.exception.StepFailedException: Call Test Case 'Test Cases/Reusable_Test_Sequences/Members_Area/Area_Menu/Grow_You_Business/Profiles/Vetting_Information' failed
	at com.kms.katalon.core.keyword.builtin.CallTestCaseKeyword$_callTestCase_closure1.doCall(CallTestCaseKeyword.groovy:63)
	at com.kms.katalon.core.keyword.builtin.CallTestCaseKeyword$_callTestCase_closure1.call(CallTestCaseKeyword.groovy)
	at com.kms.katalon.core.keyword.internal.KeywordMain.runKeyword(KeywordMain.groovy:68)
	at com.kms.katalon.core.keyword.builtin.CallTestCaseKeyword.callTestCase(CallTestCaseKeyword.groovy:81)
	at com.kms.katalon.core.keyword.builtin.CallTestCaseKeyword.execute(CallTestCaseKeyword.groovy:44)
	at com.kms.katalon.core.keyword.internal.KeywordExecutor.executeKeywordForPlatform(KeywordExecutor.groovy:60)
	at com.kms.katalon.core.keyword.BuiltinKeywords.callTestCase(BuiltinKeywords.groovy:334)
	at My_Profile_Page.run(My_Profile_Page:139)
	at com.kms.katalon.core.main.ScriptEngine.run(ScriptEngine.java:194)
	at com.kms.katalon.core.main.ScriptEngine.runScriptAsRawText(ScriptEngine.java:119)
	at com.kms.katalon.core.main.TestCaseExecutor.runScript(TestCaseExecutor.java:337)
	at com.kms.katalon.core.main.TestCaseExecutor.doExecute(TestCaseExecutor.java:328)
	at com.kms.katalon.core.main.TestCaseExecutor.processExecutionPhase(TestCaseExecutor.java:307)
	at com.kms.katalon.core.main.TestCaseExecutor.accessMainPhase(TestCaseExecutor.java:299)
	at com.kms.katalon.core.main.TestCaseExecutor.execute(TestCaseExecutor.java:233)
	at com.kms.katalon.core.main.TestSuiteExecutor.accessTestCaseMainPhase(TestSuiteExecutor.java:169)
	at com.kms.katalon.core.main.TestSuiteExecutor.accessTestSuiteMainPhase(TestSuiteExecutor.java:142)
	at com.kms.katalon.core.main.TestSuiteExecutor.execute(TestSuiteExecutor.java:91)
	at com.kms.katalon.core.main.TestCaseMain.startTestSuite(TestCaseMain.java:157)
	at com.kms.katalon.core.main.TestCaseMain$startTestSuite$0.call(Unknown Source)
	at TempTestSuite1572536119934.run(TempTestSuite1572536119934.groovy:36)
Caused by: com.kms.katalon.core.exception.StepFailedException: Unable to click on object 'Object Repository/Profiles_Page/Page_Members Area/a_Vetting information' (Root cause: com.kms.katalon.core.exception.StepFailedException: Unable to click on object 'Object Repository/Profiles_Page/Page_Members Area/a_Vetting information'
	at com.kms.katalon.core.webui.keyword.internal.WebUIKeywordMain.stepFailed(WebUIKeywordMain.groovy:64)
	at com.kms.katalon.core.webui.keyword.internal.WebUIKeywordMain.runKeyword(WebUIKeywordMain.groovy:26)
	at com.kms.katalon.core.webui.keyword.builtin.ClickKeyword.click(ClickKeyword.groovy:79)
	at com.kms.katalon.core.webui.keyword.builtin.ClickKeyword.execute(ClickKeyword.groovy:42)
	at com.kms.katalon.core.keyword.internal.KeywordExecutor.executeKeywordForPlatform(KeywordExecutor.groovy:60)
	at com.kms.katalon.core.webui.keyword.WebUiBuiltInKeywords.click(WebUiBuiltInKeywords.groovy:616)
	at com.kms.katalon.core.webui.keyword.WebUiBuiltInKeywords$click$4.call(Unknown Source)
	at Vetting_Information.run(Vetting_Information:52)
	at com.kms.katalon.core.main.ScriptEngine.run(ScriptEngine.java:194)
	at com.kms.katalon.core.main.ScriptEngine.runScriptAsRawText(ScriptEngine.java:119)
	at com.kms.katalon.core.main.TestCaseExecutor.runScript(TestCaseExecutor.java:337)
	at com.kms.katalon.core.main.TestCaseExecutor.doExecute(TestCaseExecutor.java:328)
	at com.kms.katalon.core.main.TestCaseExecutor.processExecutionPhase(TestCaseExecutor.java:307)
	at com.kms.katalon.core.main.TestCaseExecutor.accessMainPhase(TestCaseExecutor.java:299)
	at com.kms.katalon.core.main.TestCaseExecutor.execute(TestCaseExecutor.java:233)
	at com.kms.katalon.core.main.TestCaseMain.runTestCase(TestCaseMain.java:114)
	at com.kms.katalon.core.keyword.builtin.CallTestCaseKeyword$_callTestCase_closure1.doCall(CallTestCaseKeyword.groovy:59)
	at com.kms.katalon.core.keyword.builtin.CallTestCaseKeyword$_callTestCase_closure1.call(CallTestCaseKeyword.groovy)
	at com.kms.katalon.core.keyword.internal.KeywordMain.runKeyword(KeywordMain.groovy:68)
	at com.kms.katalon.core.keyword.builtin.CallTestCaseKeyword.callTestCase(CallTestCaseKeyword.groovy:81)
	at com.kms.katalon.core.keyword.builtin.CallTestCaseKeyword.execute(CallTestCaseKeyword.groovy:44)
	at com.kms.katalon.core.keyword.internal.KeywordExecutor.executeKeywordForPlatform(KeywordExecutor.groovy:60)
	at com.kms.katalon.core.keyword.BuiltinKeywords.callTestCase(BuiltinKeywords.groovy:334)
	at My_Profile_Page.run(My_Profile_Page:139)
	at com.kms.katalon.core.main.ScriptEngine.run(ScriptEngine.java:194)
	at com.kms.katalon.core.main.ScriptEngine.runScriptAsRawText(ScriptEngine.java:119)
	at com.kms.katalon.core.main.TestCaseExecutor.runScript(TestCaseExecutor.java:337)
	at com.kms.katalon.core.main.TestCaseExecutor.doExecute(TestCaseExecutor.java:328)
	at com.kms.katalon.core.main.TestCaseExecutor.processExecutionPhase(TestCaseExecutor.java:307)
	at com.kms.katalon.core.main.TestCaseExecutor.accessMainPhase(TestCaseExecutor.java:299)
	at com.kms.katalon.core.main.TestCaseExecutor.execute(TestCaseExecutor.java:233)
	at com.kms.katalon.core.main.TestSuiteExecutor.accessTestCaseMainPhase(TestSuiteExecutor.java:169)
	at com.kms.katalon.core.main.TestSuiteExecutor.accessTestSuiteMainPhase(TestSuiteExecutor.java:142)
	at com.kms.katalon.core.main.TestSuiteExecutor.execute(TestSuiteExecutor.java:91)
	at com.kms.katalon.core.main.TestCaseMain.startTestSuite(TestCaseMain.java:157)
	at com.kms.katalon.core.main.TestCaseMain$startTestSuite$0.call(Unknown Source)
	at TempTestSuite1572536119934.run(TempTestSuite1572536119934.groovy:36)
Caused by: com.kms.katalon.core.webui.exception.WebElementNotFoundException: Web element with id: 'Object Repository/Profiles_Page/Page_Members Area/a_Vetting information' located by 'By.xpath: //a[@href = '/vetting-information' and (text() = ' Vetting information ' or . = ' Vetting information ')]' not found
	at com.kms.katalon.core.webui.common.WebUiCommonHelper.findWebElement(WebUiCommonHelper.java:1113)
	at com.kms.katalon.core.webui.keyword.internal.WebUIAbstractKeyword.findWebElement(WebUIAbstractKeyword.groovy:27)
	at com.kms.katalon.core.webui.keyword.internal.WebUIAbstractKeyword.findWebElement(WebUIAbstractKeyword.groovy:26)
	at com.kms.katalon.core.webui.keyword.builtin.ClickKeyword$_click_closure1.doCall(ClickKeyword.groovy:52)
	at com.kms.katalon.core.webui.keyword.builtin.ClickKeyword$_click_closure1.call(ClickKeyword.groovy)
	at com.kms.katalon.core.webui.keyword.internal.WebUIKeywordMain.runKeyword(WebUIKeywordMain.groovy:20)
	at com.kms.katalon.core.webui.keyword.builtin.ClickKeyword.click(ClickKeyword.groovy:79)
	at com.kms.katalon.core.webui.keyword.builtin.ClickKeyword.execute(ClickKeyword.groovy:42)
	at com.kms.katalon.core.keyword.internal.KeywordExecutor.executeKeywordForPlatform(KeywordExecutor.groovy:60)
	at com.kms.katalon.core.webui.keyword.WebUiBuiltInKeywords.click(WebUiBuiltInKeywords.groovy:616)
	at com.kms.katalon.core.webui.keyword.WebUiBuiltInKeywords$click$4.call(Unknown Source)
	at Script1568364317445.run(Script1568364317445.groovy:52)
	at com.kms.katalon.core.main.ScriptEngine.run(ScriptEngine.java:194)
	at com.kms.katalon.core.main.ScriptEngine.runScriptAsRawText(ScriptEngine.java:119)
	at com.kms.katalon.core.main.TestCaseExecutor.runScript(TestCaseExecutor.java:337)
	at com.kms.katalon.core.main.TestCaseExecutor.doExecute(TestCaseExecutor.java:328)
	at com.kms.katalon.core.main.TestCaseExecutor.processExecutionPhase(TestCaseExecutor.java:307)
	at com.kms.katalon.core.main.TestCaseExecutor.accessMainPhase(TestCaseExecutor.java:299)
	at com.kms.katalon.core.main.TestCaseExecutor.execute(TestCaseExecutor.java:233)
	at com.kms.katalon.core.main.TestCaseMain.runTestCase(TestCaseMain.java:114)
	at com.kms.katalon.core.keyword.builtin.CallTestCaseKeyword$_callTestCase_closure1.doCall(CallTestCaseKeyword.groovy:59)
	at com.kms.katalon.core.keyword.builtin.CallTestCaseKeyword$_callTestCase_closure1.call(CallTestCaseKeyword.groovy)
	at com.kms.katalon.core.keyword.internal.KeywordMain.runKeyword(KeywordMain.groovy:68)
	at com.kms.katalon.core.keyword.builtin.CallTestCaseKeyword.callTestCase(CallTestCaseKeyword.groovy:81)
	at com.kms.katalon.core.keyword.builtin.CallTestCaseKeyword.execute(CallTestCaseKeyword.groovy:44)
	at com.kms.katalon.core.keyword.internal.KeywordExecutor.executeKeywordForPlatform(KeywordExecutor.groovy:60)
	at com.kms.katalon.core.keyword.BuiltinKeywords.callTestCase(BuiltinKeywords.groovy:334)
	at Script1568622126810.run(Script1568622126810.groovy:139)
	... 13 more
)
	at com.kms.katalon.core.keyword.internal.KeywordMain.stepFailed(KeywordMain.groovy:39)
	at com.kms.katalon.core.webui.keyword.internal.WebUIKeywordMain.stepFailed(WebUIKeywordMain.groovy:64)
	at com.kms.katalon.core.webui.keyword.internal.WebUIKeywordMain.runKeyword(WebUIKeywordMain.groovy:26)
	at com.kms.katalon.core.webui.keyword.builtin.ClickKeyword.click(ClickKeyword.groovy:79)
	at com.kms.katalon.core.webui.keyword.builtin.ClickKeyword.execute(ClickKeyword.groovy:42)
	at com.kms.katalon.core.keyword.internal.KeywordExecutor.executeKeywordForPlatform(KeywordExecutor.groovy:60)
	at com.kms.katalon.core.webui.keyword.WebUiBuiltInKeywords.click(WebUiBuiltInKeywords.groovy:616)
	at com.kms.katalon.core.webui.keyword.WebUiBuiltInKeywords$click$4.call(Unknown Source)
	at Vetting_Information.run(Vetting_Information:52)
	at com.kms.katalon.core.main.ScriptEngine.run(ScriptEngine.java:194)
	at com.kms.katalon.core.main.ScriptEngine.runScriptAsRawText(ScriptEngine.java:119)
	at com.kms.katalon.core.main.TestCaseExecutor.runScript(TestCaseExecutor.java:337)
	at com.kms.katalon.core.main.TestCaseExecutor.doExecute(TestCaseExecutor.java:328)
	at com.kms.katalon.core.main.TestCaseExecutor.processExecutionPhase(TestCaseExecutor.java:307)
	at com.kms.katalon.core.main.TestCaseExecutor.accessMainPhase(TestCaseExecutor.java:299)
	at com.kms.katalon.core.main.TestCaseExecutor.execute(TestCaseExecutor.java:233)
	at com.kms.katalon.core.main.TestCaseMain.runTestCase(TestCaseMain.java:114)
	at com.kms.katalon.core.keyword.builtin.CallTestCaseKeyword$_callTestCase_closure1.doCall(CallTestCaseKeyword.groovy:59)
	... 20 more
Caused by: com.kms.katalon.core.exception.StepFailedException: Unable to click on object 'Object Repository/Profiles_Page/Page_Members Area/a_Vetting information'
	... 37 more
Caused by: com.kms.katalon.core.webui.exception.WebElementNotFoundException: Web element with id: 'Object Repository/Profiles_Page/Page_Members Area/a_Vetting information' located by 'By.xpath: //a[@href = '/vetting-information' and (text() = ' Vetting information ' or . = ' Vetting information ')]' not found
	at com.kms.katalon.core.webui.common.WebUiCommonHelper.findWebElement(WebUiCommonHelper.java:1113)
	at com.kms.katalon.core.webui.keyword.internal.WebUIAbstractKeyword.findWebElement(WebUIAbstractKeyword.groovy:27)
	at com.kms.katalon.core.webui.keyword.internal.WebUIAbstractKeyword.findWebElement(WebUIAbstractKeyword.groovy:26)
	at com.kms.katalon.core.webui.keyword.builtin.ClickKeyword$_click_closure1.doCall(ClickKeyword.groovy:52)
	at com.kms.katalon.core.webui.keyword.builtin.ClickKeyword$_click_closure1.call(ClickKeyword.groovy)
	at com.kms.katalon.core.webui.keyword.internal.WebUIKeywordMain.runKeyword(WebUIKeywordMain.groovy:20)
	... 35 more
)

2019-10-31 15:41:56 - [TEST_CASE][FAILED] - Test Cases/Reusable_Test_Sequences/Members_Area/Area_Menu/Grow_You_Business/Profiles/Vetting_Information: Test Cases/Reusable_Test_Sequences/Members_Area/Area_Menu/Grow_You_Business/Profiles/Vetting_Information FAILED.
Reason:
com.kms.katalon.core.exception.StepFailedException: Unable to click on object 'Object Repository/Profiles_Page/Page_Members Area/a_Vetting information' (Root cause: com.kms.katalon.core.exception.StepFailedException: Unable to click on object 'Object Repository/Profiles_Page/Page_Members Area/a_Vetting information'
	at com.kms.katalon.core.webui.keyword.internal.WebUIKeywordMain.stepFailed(WebUIKeywordMain.groovy:64)
	at com.kms.katalon.core.webui.keyword.internal.WebUIKeywordMain.runKeyword(WebUIKeywordMain.groovy:26)
	at com.kms.katalon.core.webui.keyword.builtin.ClickKeyword.click(ClickKeyword.groovy:79)
	at com.kms.katalon.core.webui.keyword.builtin.ClickKeyword.execute(ClickKeyword.groovy:42)
	at com.kms.katalon.core.keyword.internal.KeywordExecutor.executeKeywordForPlatform(KeywordExecutor.groovy:60)
	at com.kms.katalon.core.webui.keyword.WebUiBuiltInKeywords.click(WebUiBuiltInKeywords.groovy:616)
	at com.kms.katalon.core.webui.keyword.WebUiBuiltInKeywords$click$4.call(Unknown Source)
	at Vetting_Information.run(Vetting_Information:52)
	at com.kms.katalon.core.main.ScriptEngine.run(ScriptEngine.java:194)
	at com.kms.katalon.core.main.ScriptEngine.runScriptAsRawText(ScriptEngine.java:119)
	at com.kms.katalon.core.main.TestCaseExecutor.runScript(TestCaseExecutor.java:337)
	at com.kms.katalon.core.main.TestCaseExecutor.doExecute(TestCaseExecutor.java:328)
	at com.kms.katalon.core.main.TestCaseExecutor.processExecutionPhase(TestCaseExecutor.java:307)
	at com.kms.katalon.core.main.TestCaseExecutor.accessMainPhase(TestCaseExecutor.java:299)
	at com.kms.katalon.core.main.TestCaseExecutor.execute(TestCaseExecutor.java:233)
	at com.kms.katalon.core.main.TestCaseMain.runTestCase(TestCaseMain.java:114)
	at com.kms.katalon.core.keyword.builtin.CallTestCaseKeyword$_callTestCase_closure1.doCall(CallTestCaseKeyword.groovy:59)
	at com.kms.katalon.core.keyword.builtin.CallTestCaseKeyword$_callTestCase_closure1.call(CallTestCaseKeyword.groovy)
	at com.kms.katalon.core.keyword.internal.KeywordMain.runKeyword(KeywordMain.groovy:68)
	at com.kms.katalon.core.keyword.builtin.CallTestCaseKeyword.callTestCase(CallTestCaseKeyword.groovy:81)
	at com.kms.katalon.core.keyword.builtin.CallTestCaseKeyword.execute(CallTestCaseKeyword.groovy:44)
	at com.kms.katalon.core.keyword.internal.KeywordExecutor.executeKeywordForPlatform(KeywordExecutor.groovy:60)
	at com.kms.katalon.core.keyword.BuiltinKeywords.callTestCase(BuiltinKeywords.groovy:334)
	at My_Profile_Page.run(My_Profile_Page:139)
	at com.kms.katalon.core.main.ScriptEngine.run(ScriptEngine.java:194)
	at com.kms.katalon.core.main.ScriptEngine.runScriptAsRawText(ScriptEngine.java:119)
	at com.kms.katalon.core.main.TestCaseExecutor.runScript(TestCaseExecutor.java:337)
	at com.kms.katalon.core.main.TestCaseExecutor.doExecute(TestCaseExecutor.java:328)
	at com.kms.katalon.core.main.TestCaseExecutor.processExecutionPhase(TestCaseExecutor.java:307)
	at com.kms.katalon.core.main.TestCaseExecutor.accessMainPhase(TestCaseExecutor.java:299)
	at com.kms.katalon.core.main.TestCaseExecutor.execute(TestCaseExecutor.java:233)
	at com.kms.katalon.core.main.TestSuiteExecutor.accessTestCaseMainPhase(TestSuiteExecutor.java:169)
	at com.kms.katalon.core.main.TestSuiteExecutor.accessTestSuiteMainPhase(TestSuiteExecutor.java:142)
	at com.kms.katalon.core.main.TestSuiteExecutor.execute(TestSuiteExecutor.java:91)
	at com.kms.katalon.core.main.TestCaseMain.startTestSuite(TestCaseMain.java:157)
	at com.kms.katalon.core.main.TestCaseMain$startTestSuite$0.call(Unknown Source)
	at TempTestSuite1572536119934.run(TempTestSuite1572536119934.groovy:36)
Caused by: com.kms.katalon.core.webui.exception.WebElementNotFoundException: Web element with id: 'Object Repository/Profiles_Page/Page_Members Area/a_Vetting information' located by 'By.xpath: //a[@href = '/vetting-information' and (text() = ' Vetting information ' or . = ' Vetting information ')]' not found
	at com.kms.katalon.core.webui.common.WebUiCommonHelper.findWebElement(WebUiCommonHelper.java:1113)
	at com.kms.katalon.core.webui.keyword.internal.WebUIAbstractKeyword.findWebElement(WebUIAbstractKeyword.groovy:27)
	at com.kms.katalon.core.webui.keyword.internal.WebUIAbstractKeyword.findWebElement(WebUIAbstractKeyword.groovy:26)
	at com.kms.katalon.core.webui.keyword.builtin.ClickKeyword$_click_closure1.doCall(ClickKeyword.groovy:52)
	at com.kms.katalon.core.webui.keyword.builtin.ClickKeyword$_click_closure1.call(ClickKeyword.groovy)
	at com.kms.katalon.core.webui.keyword.internal.WebUIKeywordMain.runKeyword(WebUIKeywordMain.groovy:20)
	at com.kms.katalon.core.webui.keyword.builtin.ClickKeyword.click(ClickKeyword.groovy:79)
	at com.kms.katalon.core.webui.keyword.builtin.ClickKeyword.execute(ClickKeyword.groovy:42)
	at com.kms.katalon.core.keyword.internal.KeywordExecutor.executeKeywordForPlatform(KeywordExecutor.groovy:60)
	at com.kms.katalon.core.webui.keyword.WebUiBuiltInKeywords.click(WebUiBuiltInKeywords.groovy:616)
	at com.kms.katalon.core.webui.keyword.WebUiBuiltInKeywords$click$4.call(Unknown Source)
	at Script1568364317445.run(Script1568364317445.groovy:52)
	at com.kms.katalon.core.main.ScriptEngine.run(ScriptEngine.java:194)
	at com.kms.katalon.core.main.ScriptEngine.runScriptAsRawText(ScriptEngine.java:119)
	at com.kms.katalon.core.main.TestCaseExecutor.runScript(TestCaseExecutor.java:337)
	at com.kms.katalon.core.main.TestCaseExecutor.doExecute(TestCaseExecutor.java:328)
	at com.kms.katalon.core.main.TestCaseExecutor.processExecutionPhase(TestCaseExecutor.java:307)
	at com.kms.katalon.core.main.TestCaseExecutor.accessMainPhase(TestCaseExecutor.java:299)
	at com.kms.katalon.core.main.TestCaseExecutor.execute(TestCaseExecutor.java:233)
	at com.kms.katalon.core.main.TestCaseMain.runTestCase(TestCaseMain.java:114)
	at com.kms.katalon.core.keyword.builtin.CallTestCaseKeyword$_callTestCase_closure1.doCall(CallTestCaseKeyword.groovy:59)
	at com.kms.katalon.core.keyword.builtin.CallTestCaseKeyword$_callTestCase_closure1.call(CallTestCaseKeyword.groovy)
	at com.kms.katalon.core.keyword.internal.KeywordMain.runKeyword(KeywordMain.groovy:68)
	at com.kms.katalon.core.keyword.builtin.CallTestCaseKeyword.callTestCase(CallTestCaseKeyword.groovy:81)
	at com.kms.katalon.core.keyword.builtin.CallTestCaseKeyword.execute(CallTestCaseKeyword.groovy:44)
	at com.kms.katalon.core.keyword.internal.KeywordExecutor.executeKeywordForPlatform(KeywordExecutor.groovy:60)
	at com.kms.katalon.core.keyword.BuiltinKeywords.callTestCase(BuiltinKeywords.groovy:334)
	at Script1568622126810.run(Script1568622126810.groovy:139)
	... 13 more
)
	at com.kms.katalon.core.keyword.internal.KeywordMain.stepFailed(KeywordMain.groovy:39)
	at com.kms.katalon.core.webui.keyword.internal.WebUIKeywordMain.stepFailed(WebUIKeywordMain.groovy:64)
	at com.kms.katalon.core.webui.keyword.internal.WebUIKeywordMain.runKeyword(WebUIKeywordMain.groovy:26)
	at com.kms.katalon.core.webui.keyword.builtin.ClickKeyword.click(ClickKeyword.groovy:79)
	at com.kms.katalon.core.webui.keyword.builtin.ClickKeyword.execute(ClickKeyword.groovy:42)
	at com.kms.katalon.core.keyword.internal.KeywordExecutor.executeKeywordForPlatform(KeywordExecutor.groovy:60)
	at com.kms.katalon.core.webui.keyword.WebUiBuiltInKeywords.click(WebUiBuiltInKeywords.groovy:616)
	at com.kms.katalon.core.webui.keyword.WebUiBuiltInKeywords$click$4.call(Unknown Source)
	at Vetting_Information.run(Vetting_Information:52)
	at com.kms.katalon.core.main.ScriptEngine.run(ScriptEngine.java:194)
	at com.kms.katalon.core.main.ScriptEngine.runScriptAsRawText(ScriptEngine.java:119)
	at com.kms.katalon.core.main.TestCaseExecutor.runScript(TestCaseExecutor.java:337)
	at com.kms.katalon.core.main.TestCaseExecutor.doExecute(TestCaseExecutor.java:328)
	at com.kms.katalon.core.main.TestCaseExecutor.processExecutionPhase(TestCaseExecutor.java:307)
	at com.kms.katalon.core.main.TestCaseExecutor.accessMainPhase(TestCaseExecutor.java:299)
	at com.kms.katalon.core.main.TestCaseExecutor.execute(TestCaseExecutor.java:233)
	at com.kms.katalon.core.main.TestCaseMain.runTestCase(TestCaseMain.java:114)
	at com.kms.katalon.core.keyword.builtin.CallTestCaseKeyword$_callTestCase_closure1.doCall(CallTestCaseKeyword.groovy:59)
	at com.kms.katalon.core.keyword.builtin.CallTestCaseKeyword$_callTestCase_closure1.call(CallTestCaseKeyword.groovy)
	at com.kms.katalon.core.keyword.internal.KeywordMain.runKeyword(KeywordMain.groovy:68)
	at com.kms.katalon.core.keyword.builtin.CallTestCaseKeyword.callTestCase(CallTestCaseKeyword.groovy:81)
	at com.kms.katalon.core.keyword.builtin.CallTestCaseKeyword.execute(CallTestCaseKeyword.groovy:44)
	at com.kms.katalon.core.keyword.internal.KeywordExecutor.executeKeywordForPlatform(KeywordExecutor.groovy:60)
	at com.kms.katalon.core.keyword.BuiltinKeywords.callTestCase(BuiltinKeywords.groovy:334)
	at My_Profile_Page.run(My_Profile_Page:139)
	at com.kms.katalon.core.main.ScriptEngine.run(ScriptEngine.java:194)
	at com.kms.katalon.core.main.ScriptEngine.runScriptAsRawText(ScriptEngine.java:119)
	at com.kms.katalon.core.main.TestCaseExecutor.runScript(TestCaseExecutor.java:337)
	at com.kms.katalon.core.main.TestCaseExecutor.doExecute(TestCaseExecutor.java:328)
	at com.kms.katalon.core.main.TestCaseExecutor.processExecutionPhase(TestCaseExecutor.java:307)
	at com.kms.katalon.core.main.TestCaseExecutor.accessMainPhase(TestCaseExecutor.java:299)
	at com.kms.katalon.core.main.TestCaseExecutor.execute(TestCaseExecutor.java:233)
	at com.kms.katalon.core.main.TestSuiteExecutor.accessTestCaseMainPhase(TestSuiteExecutor.java:169)
	at com.kms.katalon.core.main.TestSuiteExecutor.accessTestSuiteMainPhase(TestSuiteExecutor.java:142)
	at com.kms.katalon.core.main.TestSuiteExecutor.execute(TestSuiteExecutor.java:91)
	at com.kms.katalon.core.main.TestCaseMain.startTestSuite(TestCaseMain.java:157)
	at com.kms.katalon.core.main.TestCaseMain$startTestSuite$0.call(Unknown Source)
	at TempTestSuite1572536119934.run(TempTestSuite1572536119934.groovy:36)
Caused by: com.kms.katalon.core.exception.StepFailedException: Unable to click on object 'Object Repository/Profiles_Page/Page_Members Area/a_Vetting information'
	... 37 more
Caused by: com.kms.katalon.core.webui.exception.WebElementNotFoundException: Web element with id: 'Object Repository/Profiles_Page/Page_Members Area/a_Vetting information' located by 'By.xpath: //a[@href = '/vetting-information' and (text() = ' Vetting information ' or . = ' Vetting information ')]' not found
	at com.kms.katalon.core.webui.common.WebUiCommonHelper.findWebElement(WebUiCommonHelper.java:1113)
	at com.kms.katalon.core.webui.keyword.internal.WebUIAbstractKeyword.findWebElement(WebUIAbstractKeyword.groovy:27)
	at com.kms.katalon.core.webui.keyword.internal.WebUIAbstractKeyword.findWebElement(WebUIAbstractKeyword.groovy:26)
	at com.kms.katalon.core.webui.keyword.builtin.ClickKeyword$_click_closure1.doCall(ClickKeyword.groovy:52)
	at com.kms.katalon.core.webui.keyword.builtin.ClickKeyword$_click_closure1.call(ClickKeyword.groovy)
	at com.kms.katalon.core.webui.keyword.internal.WebUIKeywordMain.runKeyword(WebUIKeywordMain.groovy:20)
	... 35 more


2019-10-31 15:41:56 - [TEST_STEP][PASSED] - waitForElementPresent(findTestObject("Object Repository/Profiles_Page/Page_Members Area/a_Vetting information"), 25): Object 'Object Repository/Profiles_Page/Page_Members Area/a_Vetting information' is not present after 25 second(s)

2019-10-31 15:42:22 - [MESSAGE][INFO] - Unable to find the element located by 'By.xpath: //a[@href = '/vetting-information' and (text() = ' Vetting information ' or . = ' Vetting information ')]'. Please recheck the objects properties to make sure the desired element is located. 

2019-10-31 15:42:22 - [MESSAGE][WARNING] - Object 'Object Repository/Profiles_Page/Page_Members Area/a_Vetting information' is not present after 25 second(s)

2019-10-31 15:42:22 - [TEST_STEP][FAILED] - click(findTestObject("Object Repository/Profiles_Page/Page_Members Area/a_Vetting information")): Unable to click on object 'Object Repository/Profiles_Page/Page_Members Area/a_Vetting information' (Root cause: com.kms.katalon.core.exception.StepFailedException: Unable to click on object 'Object Repository/Profiles_Page/Page_Members Area/a_Vetting information'
	at com.kms.katalon.core.webui.keyword.internal.WebUIKeywordMain.stepFailed(WebUIKeywordMain.groovy:64)
	at com.kms.katalon.core.webui.keyword.internal.WebUIKeywordMain.runKeyword(WebUIKeywordMain.groovy:26)
	at com.kms.katalon.core.webui.keyword.builtin.ClickKeyword.click(ClickKeyword.groovy:79)
	at com.kms.katalon.core.webui.keyword.builtin.ClickKeyword.execute(ClickKeyword.groovy:42)
	at com.kms.katalon.core.keyword.internal.KeywordExecutor.executeKeywordForPlatform(KeywordExecutor.groovy:60)
	at com.kms.katalon.core.webui.keyword.WebUiBuiltInKeywords.click(WebUiBuiltInKeywords.groovy:616)
	at com.kms.katalon.core.webui.keyword.WebUiBuiltInKeywords$click$4.call(Unknown Source)
	at Vetting_Information.run(Vetting_Information:52)
	at com.kms.katalon.core.main.ScriptEngine.run(ScriptEngine.java:194)
	at com.kms.katalon.core.main.ScriptEngine.runScriptAsRawText(ScriptEngine.java:119)
	at com.kms.katalon.core.main.TestCaseExecutor.runScript(TestCaseExecutor.java:337)
	at com.kms.katalon.core.main.TestCaseExecutor.doExecute(TestCaseExecutor.java:328)
	at com.kms.katalon.core.main.TestCaseExecutor.processExecutionPhase(TestCaseExecutor.java:307)
	at com.kms.katalon.core.main.TestCaseExecutor.accessMainPhase(TestCaseExecutor.java:299)
	at com.kms.katalon.core.main.TestCaseExecutor.execute(TestCaseExecutor.java:233)
	at com.kms.katalon.core.main.TestCaseMain.runTestCase(TestCaseMain.java:114)
	at com.kms.katalon.core.keyword.builtin.CallTestCaseKeyword$_callTestCase_closure1.doCall(CallTestCaseKeyword.groovy:59)
	at com.kms.katalon.core.keyword.builtin.CallTestCaseKeyword$_callTestCase_closure1.call(CallTestCaseKeyword.groovy)
	at com.kms.katalon.core.keyword.internal.KeywordMain.runKeyword(KeywordMain.groovy:68)
	at com.kms.katalon.core.keyword.builtin.CallTestCaseKeyword.callTestCase(CallTestCaseKeyword.groovy:81)
	at com.kms.katalon.core.keyword.builtin.CallTestCaseKeyword.execute(CallTestCaseKeyword.groovy:44)
	at com.kms.katalon.core.keyword.internal.KeywordExecutor.executeKeywordForPlatform(KeywordExecutor.groovy:60)
	at com.kms.katalon.core.keyword.BuiltinKeywords.callTestCase(BuiltinKeywords.groovy:334)
	at My_Profile_Page.run(My_Profile_Page:139)
	at com.kms.katalon.core.main.ScriptEngine.run(ScriptEngine.java:194)
	at com.kms.katalon.core.main.ScriptEngine.runScriptAsRawText(ScriptEngine.java:119)
	at com.kms.katalon.core.main.TestCaseExecutor.runScript(TestCaseExecutor.java:337)
	at com.kms.katalon.core.main.TestCaseExecutor.doExecute(TestCaseExecutor.java:328)
	at com.kms.katalon.core.main.TestCaseExecutor.processExecutionPhase(TestCaseExecutor.java:307)
	at com.kms.katalon.core.main.TestCaseExecutor.accessMainPhase(TestCaseExecutor.java:299)
	at com.kms.katalon.core.main.TestCaseExecutor.execute(TestCaseExecutor.java:233)
	at com.kms.katalon.core.main.TestSuiteExecutor.accessTestCaseMainPhase(TestSuiteExecutor.java:169)
	at com.kms.katalon.core.main.TestSuiteExecutor.accessTestSuiteMainPhase(TestSuiteExecutor.java:142)
	at com.kms.katalon.core.main.TestSuiteExecutor.execute(TestSuiteExecutor.java:91)
	at com.kms.katalon.core.main.TestCaseMain.startTestSuite(TestCaseMain.java:157)
	at com.kms.katalon.core.main.TestCaseMain$startTestSuite$0.call(Unknown Source)
	at TempTestSuite1572536119934.run(TempTestSuite1572536119934.groovy:36)
Caused by: com.kms.katalon.core.webui.exception.WebElementNotFoundException: Web element with id: 'Object Repository/Profiles_Page/Page_Members Area/a_Vetting information' located by 'By.xpath: //a[@href = '/vetting-information' and (text() = ' Vetting information ' or . = ' Vetting information ')]' not found
	at com.kms.katalon.core.webui.common.WebUiCommonHelper.findWebElement(WebUiCommonHelper.java:1113)
	at com.kms.katalon.core.webui.keyword.internal.WebUIAbstractKeyword.findWebElement(WebUIAbstractKeyword.groovy:27)
	at com.kms.katalon.core.webui.keyword.internal.WebUIAbstractKeyword.findWebElement(WebUIAbstractKeyword.groovy:26)
	at com.kms.katalon.core.webui.keyword.builtin.ClickKeyword$_click_closure1.doCall(ClickKeyword.groovy:52)
	at com.kms.katalon.core.webui.keyword.builtin.ClickKeyword$_click_closure1.call(ClickKeyword.groovy)
	at com.kms.katalon.core.webui.keyword.internal.WebUIKeywordMain.runKeyword(WebUIKeywordMain.groovy:20)
	at com.kms.katalon.core.webui.keyword.builtin.ClickKeyword.click(ClickKeyword.groovy:79)
	at com.kms.katalon.core.webui.keyword.builtin.ClickKeyword.execute(ClickKeyword.groovy:42)
	at com.kms.katalon.core.keyword.internal.KeywordExecutor.executeKeywordForPlatform(KeywordExecutor.groovy:60)
	at com.kms.katalon.core.webui.keyword.WebUiBuiltInKeywords.click(WebUiBuiltInKeywords.groovy:616)
	at com.kms.katalon.core.webui.keyword.WebUiBuiltInKeywords$click$4.call(Unknown Source)
	at Script1568364317445.run(Script1568364317445.groovy:52)
	at com.kms.katalon.core.main.ScriptEngine.run(ScriptEngine.java:194)
	at com.kms.katalon.core.main.ScriptEngine.runScriptAsRawText(ScriptEngine.java:119)
	at com.kms.katalon.core.main.TestCaseExecutor.runScript(TestCaseExecutor.java:337)
	at com.kms.katalon.core.main.TestCaseExecutor.doExecute(TestCaseExecutor.java:328)
	at com.kms.katalon.core.main.TestCaseExecutor.processExecutionPhase(TestCaseExecutor.java:307)
	at com.kms.katalon.core.main.TestCaseExecutor.accessMainPhase(TestCaseExecutor.java:299)
	at com.kms.katalon.core.main.TestCaseExecutor.execute(TestCaseExecutor.java:233)
	at com.kms.katalon.core.main.TestCaseMain.runTestCase(TestCaseMain.java:114)
	at com.kms.katalon.core.keyword.builtin.CallTestCaseKeyword$_callTestCase_closure1.doCall(CallTestCaseKeyword.groovy:59)
	at com.kms.katalon.core.keyword.builtin.CallTestCaseKeyword$_callTestCase_closure1.call(CallTestCaseKeyword.groovy)
	at com.kms.katalon.core.keyword.internal.KeywordMain.runKeyword(KeywordMain.groovy:68)
	at com.kms.katalon.core.keyword.builtin.CallTestCaseKeyword.callTestCase(CallTestCaseKeyword.groovy:81)
	at com.kms.katalon.core.keyword.builtin.CallTestCaseKeyword.execute(CallTestCaseKeyword.groovy:44)
	at com.kms.katalon.core.keyword.internal.KeywordExecutor.executeKeywordForPlatform(KeywordExecutor.groovy:60)
	at com.kms.katalon.core.keyword.BuiltinKeywords.callTestCase(BuiltinKeywords.groovy:334)
	at Script1568622126810.run(Script1568622126810.groovy:139)
	... 13 more
)

2019-10-31 15:42:53 - [MESSAGE][INFO] - Unable to find the element located by 'By.xpath: //a[@href = '/vetting-information' and (text() = ' Vetting information ' or . = ' Vetting information ')]'. Please recheck the objects properties to make sure the desired element is located. 

2019-10-31 15:42:53 - [MESSAGE][FAILED] - Unable to click on object 'Object Repository/Profiles_Page/Page_Members Area/a_Vetting information' (Root cause: com.kms.katalon.core.exception.StepFailedException: Unable to click on object 'Object Repository/Profiles_Page/Page_Members Area/a_Vetting information'
	at com.kms.katalon.core.webui.keyword.internal.WebUIKeywordMain.stepFailed(WebUIKeywordMain.groovy:64)
	at com.kms.katalon.core.webui.keyword.internal.WebUIKeywordMain.runKeyword(WebUIKeywordMain.groovy:26)
	at com.kms.katalon.core.webui.keyword.builtin.ClickKeyword.click(ClickKeyword.groovy:79)
	at com.kms.katalon.core.webui.keyword.builtin.ClickKeyword.execute(ClickKeyword.groovy:42)
	at com.kms.katalon.core.keyword.internal.KeywordExecutor.executeKeywordForPlatform(KeywordExecutor.groovy:60)
	at com.kms.katalon.core.webui.keyword.WebUiBuiltInKeywords.click(WebUiBuiltInKeywords.groovy:616)
	at com.kms.katalon.core.webui.keyword.WebUiBuiltInKeywords$click$4.call(Unknown Source)
	at Vetting_Information.run(Vetting_Information:52)
	at com.kms.katalon.core.main.ScriptEngine.run(ScriptEngine.java:194)
	at com.kms.katalon.core.main.ScriptEngine.runScriptAsRawText(ScriptEngine.java:119)
	at com.kms.katalon.core.main.TestCaseExecutor.runScript(TestCaseExecutor.java:337)
	at com.kms.katalon.core.main.TestCaseExecutor.doExecute(TestCaseExecutor.java:328)
	at com.kms.katalon.core.main.TestCaseExecutor.processExecutionPhase(TestCaseExecutor.java:307)
	at com.kms.katalon.core.main.TestCaseExecutor.accessMainPhase(TestCaseExecutor.java:299)
	at com.kms.katalon.core.main.TestCaseExecutor.execute(TestCaseExecutor.java:233)
	at com.kms.katalon.core.main.TestCaseMain.runTestCase(TestCaseMain.java:114)
	at com.kms.katalon.core.keyword.builtin.CallTestCaseKeyword$_callTestCase_closure1.doCall(CallTestCaseKeyword.groovy:59)
	at com.kms.katalon.core.keyword.builtin.CallTestCaseKeyword$_callTestCase_closure1.call(CallTestCaseKeyword.groovy)
	at com.kms.katalon.core.keyword.internal.KeywordMain.runKeyword(KeywordMain.groovy:68)
	at com.kms.katalon.core.keyword.builtin.CallTestCaseKeyword.callTestCase(CallTestCaseKeyword.groovy:81)
	at com.kms.katalon.core.keyword.builtin.CallTestCaseKeyword.execute(CallTestCaseKeyword.groovy:44)
	at com.kms.katalon.core.keyword.internal.KeywordExecutor.executeKeywordForPlatform(KeywordExecutor.groovy:60)
	at com.kms.katalon.core.keyword.BuiltinKeywords.callTestCase(BuiltinKeywords.groovy:334)
	at My_Profile_Page.run(My_Profile_Page:139)
	at com.kms.katalon.core.main.ScriptEngine.run(ScriptEngine.java:194)
	at com.kms.katalon.core.main.ScriptEngine.runScriptAsRawText(ScriptEngine.java:119)
	at com.kms.katalon.core.main.TestCaseExecutor.runScript(TestCaseExecutor.java:337)
	at com.kms.katalon.core.main.TestCaseExecutor.doExecute(TestCaseExecutor.java:328)
	at com.kms.katalon.core.main.TestCaseExecutor.processExecutionPhase(TestCaseExecutor.java:307)
	at com.kms.katalon.core.main.TestCaseExecutor.accessMainPhase(TestCaseExecutor.java:299)
	at com.kms.katalon.core.main.TestCaseExecutor.execute(TestCaseExecutor.java:233)
	at com.kms.katalon.core.main.TestSuiteExecutor.accessTestCaseMainPhase(TestSuiteExecutor.java:169)
	at com.kms.katalon.core.main.TestSuiteExecutor.accessTestSuiteMainPhase(TestSuiteExecutor.java:142)
	at com.kms.katalon.core.main.TestSuiteExecutor.execute(TestSuiteExecutor.java:91)
	at com.kms.katalon.core.main.TestCaseMain.startTestSuite(TestCaseMain.java:157)
	at com.kms.katalon.core.main.TestCaseMain$startTestSuite$0.call(Unknown Source)
	at TempTestSuite1572536119934.run(TempTestSuite1572536119934.groovy:36)
Caused by: com.kms.katalon.core.webui.exception.WebElementNotFoundException: Web element with id: 'Object Repository/Profiles_Page/Page_Members Area/a_Vetting information' located by 'By.xpath: //a[@href = '/vetting-information' and (text() = ' Vetting information ' or . = ' Vetting information ')]' not found
	at com.kms.katalon.core.webui.common.WebUiCommonHelper.findWebElement(WebUiCommonHelper.java:1113)
	at com.kms.katalon.core.webui.keyword.internal.WebUIAbstractKeyword.findWebElement(WebUIAbstractKeyword.groovy:27)
	at com.kms.katalon.core.webui.keyword.internal.WebUIAbstractKeyword.findWebElement(WebUIAbstractKeyword.groovy:26)
	at com.kms.katalon.core.webui.keyword.builtin.ClickKeyword$_click_closure1.doCall(ClickKeyword.groovy:52)
	at com.kms.katalon.core.webui.keyword.builtin.ClickKeyword$_click_closure1.call(ClickKeyword.groovy)
	at com.kms.katalon.core.webui.keyword.internal.WebUIKeywordMain.runKeyword(WebUIKeywordMain.groovy:20)
	at com.kms.katalon.core.webui.keyword.builtin.ClickKeyword.click(ClickKeyword.groovy:79)
	at com.kms.katalon.core.webui.keyword.builtin.ClickKeyword.execute(ClickKeyword.groovy:42)
	at com.kms.katalon.core.keyword.internal.KeywordExecutor.executeKeywordForPlatform(KeywordExecutor.groovy:60)
	at com.kms.katalon.core.webui.keyword.WebUiBuiltInKeywords.click(WebUiBuiltInKeywords.groovy:616)
	at com.kms.katalon.core.webui.keyword.WebUiBuiltInKeywords$click$4.call(Unknown Source)
	at Script1568364317445.run(Script1568364317445.groovy:52)
	at com.kms.katalon.core.main.ScriptEngine.run(ScriptEngine.java:194)
	at com.kms.katalon.core.main.ScriptEngine.runScriptAsRawText(ScriptEngine.java:119)
	at com.kms.katalon.core.main.TestCaseExecutor.runScript(TestCaseExecutor.java:337)
	at com.kms.katalon.core.main.TestCaseExecutor.doExecute(TestCaseExecutor.java:328)
	at com.kms.katalon.core.main.TestCaseExecutor.processExecutionPhase(TestCaseExecutor.java:307)
	at com.kms.katalon.core.main.TestCaseExecutor.accessMainPhase(TestCaseExecutor.java:299)
	at com.kms.katalon.core.main.TestCaseExecutor.execute(TestCaseExecutor.java:233)
	at com.kms.katalon.core.main.TestCaseMain.runTestCase(TestCaseMain.java:114)
	at com.kms.katalon.core.keyword.builtin.CallTestCaseKeyword$_callTestCase_closure1.doCall(CallTestCaseKeyword.groovy:59)
	at com.kms.katalon.core.keyword.builtin.CallTestCaseKeyword$_callTestCase_closure1.call(CallTestCaseKeyword.groovy)
	at com.kms.katalon.core.keyword.internal.KeywordMain.runKeyword(KeywordMain.groovy:68)
	at com.kms.katalon.core.keyword.builtin.CallTestCaseKeyword.callTestCase(CallTestCaseKeyword.groovy:81)
	at com.kms.katalon.core.keyword.builtin.CallTestCaseKeyword.execute(CallTestCaseKeyword.groovy:44)
	at com.kms.katalon.core.keyword.internal.KeywordExecutor.executeKeywordForPlatform(KeywordExecutor.groovy:60)
	at com.kms.katalon.core.keyword.BuiltinKeywords.callTestCase(BuiltinKeywords.groovy:334)
	at Script1568622126810.run(Script1568622126810.groovy:139)
	... 13 more
)
[[ATTACHMENT|C:\\Users\\davidho\\Katalon Studio\\Start\\Reports\\20191031_153516\\Members_My_Profile\\20191031_153519\\1572536573248.png]]

2019-10-31 15:42:53 - [MESSAGE][FAILED] - Unable to call Test Case 'Test Cases/Reusable_Test_Sequences/Members_Area/Area_Menu/Grow_You_Business/Profiles/Vetting_Information' (Root cause: com.kms.katalon.core.exception.StepFailedException: Call Test Case 'Test Cases/Reusable_Test_Sequences/Members_Area/Area_Menu/Grow_You_Business/Profiles/Vetting_Information' failed
	at com.kms.katalon.core.keyword.builtin.CallTestCaseKeyword$_callTestCase_closure1.doCall(CallTestCaseKeyword.groovy:63)
	at com.kms.katalon.core.keyword.builtin.CallTestCaseKeyword$_callTestCase_closure1.call(CallTestCaseKeyword.groovy)
	at com.kms.katalon.core.keyword.internal.KeywordMain.runKeyword(KeywordMain.groovy:68)
	at com.kms.katalon.core.keyword.builtin.CallTestCaseKeyword.callTestCase(CallTestCaseKeyword.groovy:81)
	at com.kms.katalon.core.keyword.builtin.CallTestCaseKeyword.execute(CallTestCaseKeyword.groovy:44)
	at com.kms.katalon.core.keyword.internal.KeywordExecutor.executeKeywordForPlatform(KeywordExecutor.groovy:60)
	at com.kms.katalon.core.keyword.BuiltinKeywords.callTestCase(BuiltinKeywords.groovy:334)
	at My_Profile_Page.run(My_Profile_Page:139)
	at com.kms.katalon.core.main.ScriptEngine.run(ScriptEngine.java:194)
	at com.kms.katalon.core.main.ScriptEngine.runScriptAsRawText(ScriptEngine.java:119)
	at com.kms.katalon.core.main.TestCaseExecutor.runScript(TestCaseExecutor.java:337)
	at com.kms.katalon.core.main.TestCaseExecutor.doExecute(TestCaseExecutor.java:328)
	at com.kms.katalon.core.main.TestCaseExecutor.processExecutionPhase(TestCaseExecutor.java:307)
	at com.kms.katalon.core.main.TestCaseExecutor.accessMainPhase(TestCaseExecutor.java:299)
	at com.kms.katalon.core.main.TestCaseExecutor.execute(TestCaseExecutor.java:233)
	at com.kms.katalon.core.main.TestSuiteExecutor.accessTestCaseMainPhase(TestSuiteExecutor.java:169)
	at com.kms.katalon.core.main.TestSuiteExecutor.accessTestSuiteMainPhase(TestSuiteExecutor.java:142)
	at com.kms.katalon.core.main.TestSuiteExecutor.execute(TestSuiteExecutor.java:91)
	at com.kms.katalon.core.main.TestCaseMain.startTestSuite(TestCaseMain.java:157)
	at com.kms.katalon.core.main.TestCaseMain$startTestSuite$0.call(Unknown Source)
	at TempTestSuite1572536119934.run(TempTestSuite1572536119934.groovy:36)
Caused by: com.kms.katalon.core.exception.StepFailedException: Unable to click on object 'Object Repository/Profiles_Page/Page_Members Area/a_Vetting information' (Root cause: com.kms.katalon.core.exception.StepFailedException: Unable to click on object 'Object Repository/Profiles_Page/Page_Members Area/a_Vetting information'
	at com.kms.katalon.core.webui.keyword.internal.WebUIKeywordMain.stepFailed(WebUIKeywordMain.groovy:64)
	at com.kms.katalon.core.webui.keyword.internal.WebUIKeywordMain.runKeyword(WebUIKeywordMain.groovy:26)
	at com.kms.katalon.core.webui.keyword.builtin.ClickKeyword.click(ClickKeyword.groovy:79)
	at com.kms.katalon.core.webui.keyword.builtin.ClickKeyword.execute(ClickKeyword.groovy:42)
	at com.kms.katalon.core.keyword.internal.KeywordExecutor.executeKeywordForPlatform(KeywordExecutor.groovy:60)
	at com.kms.katalon.core.webui.keyword.WebUiBuiltInKeywords.click(WebUiBuiltInKeywords.groovy:616)
	at com.kms.katalon.core.webui.keyword.WebUiBuiltInKeywords$click$4.call(Unknown Source)
	at Vetting_Information.run(Vetting_Information:52)
	at com.kms.katalon.core.main.ScriptEngine.run(ScriptEngine.java:194)
	at com.kms.katalon.core.main.ScriptEngine.runScriptAsRawText(ScriptEngine.java:119)
	at com.kms.katalon.core.main.TestCaseExecutor.runScript(TestCaseExecutor.java:337)
	at com.kms.katalon.core.main.TestCaseExecutor.doExecute(TestCaseExecutor.java:328)
	at com.kms.katalon.core.main.TestCaseExecutor.processExecutionPhase(TestCaseExecutor.java:307)
	at com.kms.katalon.core.main.TestCaseExecutor.accessMainPhase(TestCaseExecutor.java:299)
	at com.kms.katalon.core.main.TestCaseExecutor.execute(TestCaseExecutor.java:233)
	at com.kms.katalon.core.main.TestCaseMain.runTestCase(TestCaseMain.java:114)
	at com.kms.katalon.core.keyword.builtin.CallTestCaseKeyword$_callTestCase_closure1.doCall(CallTestCaseKeyword.groovy:59)
	at com.kms.katalon.core.keyword.builtin.CallTestCaseKeyword$_callTestCase_closure1.call(CallTestCaseKeyword.groovy)
	at com.kms.katalon.core.keyword.internal.KeywordMain.runKeyword(KeywordMain.groovy:68)
	at com.kms.katalon.core.keyword.builtin.CallTestCaseKeyword.callTestCase(CallTestCaseKeyword.groovy:81)
	at com.kms.katalon.core.keyword.builtin.CallTestCaseKeyword.execute(CallTestCaseKeyword.groovy:44)
	at com.kms.katalon.core.keyword.internal.KeywordExecutor.executeKeywordForPlatform(KeywordExecutor.groovy:60)
	at com.kms.katalon.core.keyword.BuiltinKeywords.callTestCase(BuiltinKeywords.groovy:334)
	at My_Profile_Page.run(My_Profile_Page:139)
	at com.kms.katalon.core.main.ScriptEngine.run(ScriptEngine.java:194)
	at com.kms.katalon.core.main.ScriptEngine.runScriptAsRawText(ScriptEngine.java:119)
	at com.kms.katalon.core.main.TestCaseExecutor.runScript(TestCaseExecutor.java:337)
	at com.kms.katalon.core.main.TestCaseExecutor.doExecute(TestCaseExecutor.java:328)
	at com.kms.katalon.core.main.TestCaseExecutor.processExecutionPhase(TestCaseExecutor.java:307)
	at com.kms.katalon.core.main.TestCaseExecutor.accessMainPhase(TestCaseExecutor.java:299)
	at com.kms.katalon.core.main.TestCaseExecutor.execute(TestCaseExecutor.java:233)
	at com.kms.katalon.core.main.TestSuiteExecutor.accessTestCaseMainPhase(TestSuiteExecutor.java:169)
	at com.kms.katalon.core.main.TestSuiteExecutor.accessTestSuiteMainPhase(TestSuiteExecutor.java:142)
	at com.kms.katalon.core.main.TestSuiteExecutor.execute(TestSuiteExecutor.java:91)
	at com.kms.katalon.core.main.TestCaseMain.startTestSuite(TestCaseMain.java:157)
	at com.kms.katalon.core.main.TestCaseMain$startTestSuite$0.call(Unknown Source)
	at TempTestSuite1572536119934.run(TempTestSuite1572536119934.groovy:36)
Caused by: com.kms.katalon.core.webui.exception.WebElementNotFoundException: Web element with id: 'Object Repository/Profiles_Page/Page_Members Area/a_Vetting information' located by 'By.xpath: //a[@href = '/vetting-information' and (text() = ' Vetting information ' or . = ' Vetting information ')]' not found
	at com.kms.katalon.core.webui.common.WebUiCommonHelper.findWebElement(WebUiCommonHelper.java:1113)
	at com.kms.katalon.core.webui.keyword.internal.WebUIAbstractKeyword.findWebElement(WebUIAbstractKeyword.groovy:27)
	at com.kms.katalon.core.webui.keyword.internal.WebUIAbstractKeyword.findWebElement(WebUIAbstractKeyword.groovy:26)
	at com.kms.katalon.core.webui.keyword.builtin.ClickKeyword$_click_closure1.doCall(ClickKeyword.groovy:52)
	at com.kms.katalon.core.webui.keyword.builtin.ClickKeyword$_click_closure1.call(ClickKeyword.groovy)
	at com.kms.katalon.core.webui.keyword.internal.WebUIKeywordMain.runKeyword(WebUIKeywordMain.groovy:20)
	at com.kms.katalon.core.webui.keyword.builtin.ClickKeyword.click(ClickKeyword.groovy:79)
	at com.kms.katalon.core.webui.keyword.builtin.ClickKeyword.execute(ClickKeyword.groovy:42)
	at com.kms.katalon.core.keyword.internal.KeywordExecutor.executeKeywordForPlatform(KeywordExecutor.groovy:60)
	at com.kms.katalon.core.webui.keyword.WebUiBuiltInKeywords.click(WebUiBuiltInKeywords.groovy:616)
	at com.kms.katalon.core.webui.keyword.WebUiBuiltInKeywords$click$4.call(Unknown Source)
	at Script1568364317445.run(Script1568364317445.groovy:52)
	at com.kms.katalon.core.main.ScriptEngine.run(ScriptEngine.java:194)
	at com.kms.katalon.core.main.ScriptEngine.runScriptAsRawText(ScriptEngine.java:119)
	at com.kms.katalon.core.main.TestCaseExecutor.runScript(TestCaseExecutor.java:337)
	at com.kms.katalon.core.main.TestCaseExecutor.doExecute(TestCaseExecutor.java:328)
	at com.kms.katalon.core.main.TestCaseExecutor.processExecutionPhase(TestCaseExecutor.java:307)
	at com.kms.katalon.core.main.TestCaseExecutor.accessMainPhase(TestCaseExecutor.java:299)
	at com.kms.katalon.core.main.TestCaseExecutor.execute(TestCaseExecutor.java:233)
	at com.kms.katalon.core.main.TestCaseMain.runTestCase(TestCaseMain.java:114)
	at com.kms.katalon.core.keyword.builtin.CallTestCaseKeyword$_callTestCase_closure1.doCall(CallTestCaseKeyword.groovy:59)
	at com.kms.katalon.core.keyword.builtin.CallTestCaseKeyword$_callTestCase_closure1.call(CallTestCaseKeyword.groovy)
	at com.kms.katalon.core.keyword.internal.KeywordMain.runKeyword(KeywordMain.groovy:68)
	at com.kms.katalon.core.keyword.builtin.CallTestCaseKeyword.callTestCase(CallTestCaseKeyword.groovy:81)
	at com.kms.katalon.core.keyword.builtin.CallTestCaseKeyword.execute(CallTestCaseKeyword.groovy:44)
	at com.kms.katalon.core.keyword.internal.KeywordExecutor.executeKeywordForPlatform(KeywordExecutor.groovy:60)
	at com.kms.katalon.core.keyword.BuiltinKeywords.callTestCase(BuiltinKeywords.groovy:334)
	at Script1568622126810.run(Script1568622126810.groovy:139)
	... 13 more
)
	at com.kms.katalon.core.keyword.internal.KeywordMain.stepFailed(KeywordMain.groovy:39)
	at com.kms.katalon.core.webui.keyword.internal.WebUIKeywordMain.stepFailed(WebUIKeywordMain.groovy:64)
	at com.kms.katalon.core.webui.keyword.internal.WebUIKeywordMain.runKeyword(WebUIKeywordMain.groovy:26)
	at com.kms.katalon.core.webui.keyword.builtin.ClickKeyword.click(ClickKeyword.groovy:79)
	at com.kms.katalon.core.webui.keyword.builtin.ClickKeyword.execute(ClickKeyword.groovy:42)
	at com.kms.katalon.core.keyword.internal.KeywordExecutor.executeKeywordForPlatform(KeywordExecutor.groovy:60)
	at com.kms.katalon.core.webui.keyword.WebUiBuiltInKeywords.click(WebUiBuiltInKeywords.groovy:616)
	at com.kms.katalon.core.webui.keyword.WebUiBuiltInKeywords$click$4.call(Unknown Source)
	at Vetting_Information.run(Vetting_Information:52)
	at com.kms.katalon.core.main.ScriptEngine.run(ScriptEngine.java:194)
	at com.kms.katalon.core.main.ScriptEngine.runScriptAsRawText(ScriptEngine.java:119)
	at com.kms.katalon.core.main.TestCaseExecutor.runScript(TestCaseExecutor.java:337)
	at com.kms.katalon.core.main.TestCaseExecutor.doExecute(TestCaseExecutor.java:328)
	at com.kms.katalon.core.main.TestCaseExecutor.processExecutionPhase(TestCaseExecutor.java:307)
	at com.kms.katalon.core.main.TestCaseExecutor.accessMainPhase(TestCaseExecutor.java:299)
	at com.kms.katalon.core.main.TestCaseExecutor.execute(TestCaseExecutor.java:233)
	at com.kms.katalon.core.main.TestCaseMain.runTestCase(TestCaseMain.java:114)
	at com.kms.katalon.core.keyword.builtin.CallTestCaseKeyword$_callTestCase_closure1.doCall(CallTestCaseKeyword.groovy:59)
	... 20 more
Caused by: com.kms.katalon.core.exception.StepFailedException: Unable to click on object 'Object Repository/Profiles_Page/Page_Members Area/a_Vetting information'
	... 37 more
Caused by: com.kms.katalon.core.webui.exception.WebElementNotFoundException: Web element with id: 'Object Repository/Profiles_Page/Page_Members Area/a_Vetting information' located by 'By.xpath: //a[@href = '/vetting-information' and (text() = ' Vetting information ' or . = ' Vetting information ')]' not found
	at com.kms.katalon.core.webui.common.WebUiCommonHelper.findWebElement(WebUiCommonHelper.java:1113)
	at com.kms.katalon.core.webui.keyword.internal.WebUIAbstractKeyword.findWebElement(WebUIAbstractKeyword.groovy:27)
	at com.kms.katalon.core.webui.keyword.internal.WebUIAbstractKeyword.findWebElement(WebUIAbstractKeyword.groovy:26)
	at com.kms.katalon.core.webui.keyword.builtin.ClickKeyword$_click_closure1.doCall(ClickKeyword.groovy:52)
	at com.kms.katalon.core.webui.keyword.builtin.ClickKeyword$_click_closure1.call(ClickKeyword.groovy)
	at com.kms.katalon.core.webui.keyword.internal.WebUIKeywordMain.runKeyword(WebUIKeywordMain.groovy:20)
	... 35 more
)]]></system-out>
         <system-err><![CDATA[2019-10-31 15:35:40 - [TEST_CASE][FAILED] - Test Cases/Members_Area/My_Profile_Page: Test Cases/Members_Area/My_Profile_Page FAILED.
Reason:
com.kms.katalon.core.exception.StepFailedException: Unable to call Test Case 'Test Cases/Reusable_Test_Sequences/Members_Area/Validation/Profiles/Banner_Image' (Root cause: com.kms.katalon.core.exception.StepFailedException: Call Test Case 'Test Cases/Reusable_Test_Sequences/Members_Area/Validation/Profiles/Banner_Image' failed
	at com.kms.katalon.core.keyword.builtin.CallTestCaseKeyword$_callTestCase_closure1.doCall(CallTestCaseKeyword.groovy:63)
	at com.kms.katalon.core.keyword.builtin.CallTestCaseKeyword$_callTestCase_closure1.call(CallTestCaseKeyword.groovy)
	at com.kms.katalon.core.keyword.internal.KeywordMain.runKeyword(KeywordMain.groovy:68)
	at com.kms.katalon.core.keyword.builtin.CallTestCaseKeyword.callTestCase(CallTestCaseKeyword.groovy:81)
	at com.kms.katalon.core.keyword.builtin.CallTestCaseKeyword.execute(CallTestCaseKeyword.groovy:44)
	at com.kms.katalon.core.keyword.internal.KeywordExecutor.executeKeywordForPlatform(KeywordExecutor.groovy:60)
	at com.kms.katalon.core.keyword.BuiltinKeywords.callTestCase(BuiltinKeywords.groovy:334)
	at My_Profile_Page.run(My_Profile_Page:134)
	at com.kms.katalon.core.main.ScriptEngine.run(ScriptEngine.java:194)
	at com.kms.katalon.core.main.ScriptEngine.runScriptAsRawText(ScriptEngine.java:119)
	at com.kms.katalon.core.main.TestCaseExecutor.runScript(TestCaseExecutor.java:337)
	at com.kms.katalon.core.main.TestCaseExecutor.doExecute(TestCaseExecutor.java:328)
	at com.kms.katalon.core.main.TestCaseExecutor.processExecutionPhase(TestCaseExecutor.java:307)
	at com.kms.katalon.core.main.TestCaseExecutor.accessMainPhase(TestCaseExecutor.java:299)
	at com.kms.katalon.core.main.TestCaseExecutor.execute(TestCaseExecutor.java:233)
	at com.kms.katalon.core.main.TestSuiteExecutor.accessTestCaseMainPhase(TestSuiteExecutor.java:169)
	at com.kms.katalon.core.main.TestSuiteExecutor.accessTestSuiteMainPhase(TestSuiteExecutor.java:142)
	at com.kms.katalon.core.main.TestSuiteExecutor.execute(TestSuiteExecutor.java:91)
	at com.kms.katalon.core.main.TestCaseMain.startTestSuite(TestCaseMain.java:157)
	at com.kms.katalon.core.main.TestCaseMain$startTestSuite$0.call(Unknown Source)
	at TempTestSuite1572536119934.run(TempTestSuite1572536119934.groovy:36)
Caused by: com.kms.katalon.core.exception.StepFailedException: Text 'Update your company banner image here' is not present on page  (Root cause: com.kms.katalon.core.exception.StepFailedException: Text 'Update your company banner image here' is not present on page 
	at com.kms.katalon.core.webui.keyword.internal.WebUIKeywordMain.stepFailed(WebUIKeywordMain.groovy:64)
	at com.kms.katalon.core.webui.keyword.builtin.VerifyTextPresentKeyword$_verifyTextPresent_closure1.doCall(VerifyTextPresentKeyword.groovy:79)
	at com.kms.katalon.core.webui.keyword.builtin.VerifyTextPresentKeyword$_verifyTextPresent_closure1.call(VerifyTextPresentKeyword.groovy)
	at com.kms.katalon.core.webui.keyword.internal.WebUIKeywordMain.runKeyword(WebUIKeywordMain.groovy:20)
	at com.kms.katalon.core.webui.keyword.builtin.VerifyTextPresentKeyword.verifyTextPresent(VerifyTextPresentKeyword.groovy:83)
	at com.kms.katalon.core.webui.keyword.builtin.VerifyTextPresentKeyword.execute(VerifyTextPresentKeyword.groovy:68)
	at com.kms.katalon.core.keyword.internal.KeywordExecutor.executeKeywordForPlatform(KeywordExecutor.groovy:60)
	at com.kms.katalon.core.webui.keyword.WebUiBuiltInKeywords.verifyTextPresent(WebUiBuiltInKeywords.groovy:1693)
	at com.kms.katalon.core.webui.keyword.WebUiBuiltInKeywords$verifyTextPresent$2.call(Unknown Source)
	at Banner_Image.run(Banner_Image:70)
	at com.kms.katalon.core.main.ScriptEngine.run(ScriptEngine.java:194)
	at com.kms.katalon.core.main.ScriptEngine.runScriptAsRawText(ScriptEngine.java:119)
	at com.kms.katalon.core.main.TestCaseExecutor.runScript(TestCaseExecutor.java:337)
	at com.kms.katalon.core.main.TestCaseExecutor.doExecute(TestCaseExecutor.java:328)
	at com.kms.katalon.core.main.TestCaseExecutor.processExecutionPhase(TestCaseExecutor.java:307)
	at com.kms.katalon.core.main.TestCaseExecutor.accessMainPhase(TestCaseExecutor.java:299)
	at com.kms.katalon.core.main.TestCaseExecutor.execute(TestCaseExecutor.java:233)
	at com.kms.katalon.core.main.TestCaseMain.runTestCase(TestCaseMain.java:114)
	at com.kms.katalon.core.keyword.builtin.CallTestCaseKeyword$_callTestCase_closure1.doCall(CallTestCaseKeyword.groovy:59)
	at com.kms.katalon.core.keyword.builtin.CallTestCaseKeyword$_callTestCase_closure1.call(CallTestCaseKeyword.groovy)
	at com.kms.katalon.core.keyword.internal.KeywordMain.runKeyword(KeywordMain.groovy:68)
	at com.kms.katalon.core.keyword.builtin.CallTestCaseKeyword.callTestCase(CallTestCaseKeyword.groovy:81)
	at com.kms.katalon.core.keyword.builtin.CallTestCaseKeyword.execute(CallTestCaseKeyword.groovy:44)
	at com.kms.katalon.core.keyword.internal.KeywordExecutor.executeKeywordForPlatform(KeywordExecutor.groovy:60)
	at com.kms.katalon.core.keyword.BuiltinKeywords.callTestCase(BuiltinKeywords.groovy:334)
	at My_Profile_Page.run(My_Profile_Page:134)
	at com.kms.katalon.core.main.ScriptEngine.run(ScriptEngine.java:194)
	at com.kms.katalon.core.main.ScriptEngine.runScriptAsRawText(ScriptEngine.java:119)
	at com.kms.katalon.core.main.TestCaseExecutor.runScript(TestCaseExecutor.java:337)
	at com.kms.katalon.core.main.TestCaseExecutor.doExecute(TestCaseExecutor.java:328)
	at com.kms.katalon.core.main.TestCaseExecutor.processExecutionPhase(TestCaseExecutor.java:307)
	at com.kms.katalon.core.main.TestCaseExecutor.accessMainPhase(TestCaseExecutor.java:299)
	at com.kms.katalon.core.main.TestCaseExecutor.execute(TestCaseExecutor.java:233)
	at com.kms.katalon.core.main.TestSuiteExecutor.accessTestCaseMainPhase(TestSuiteExecutor.java:169)
	at com.kms.katalon.core.main.TestSuiteExecutor.accessTestSuiteMainPhase(TestSuiteExecutor.java:142)
	at com.kms.katalon.core.main.TestSuiteExecutor.execute(TestSuiteExecutor.java:91)
	at com.kms.katalon.core.main.TestCaseMain.startTestSuite(TestCaseMain.java:157)
	at com.kms.katalon.core.main.TestCaseMain$startTestSuite$0.call(Unknown Source)
	at TempTestSuite1572536119934.run(TempTestSuite1572536119934.groovy:36)
)
	at com.kms.katalon.core.keyword.internal.KeywordMain.stepFailed(KeywordMain.groovy:39)
	at com.kms.katalon.core.webui.keyword.internal.WebUIKeywordMain.stepFailed(WebUIKeywordMain.groovy:64)
	at com.kms.katalon.core.webui.keyword.builtin.VerifyTextPresentKeyword$_verifyTextPresent_closure1.doCall(VerifyTextPresentKeyword.groovy:79)
	at com.kms.katalon.core.webui.keyword.builtin.VerifyTextPresentKeyword$_verifyTextPresent_closure1.call(VerifyTextPresentKeyword.groovy)
	at com.kms.katalon.core.webui.keyword.internal.WebUIKeywordMain.runKeyword(WebUIKeywordMain.groovy:20)
	at com.kms.katalon.core.webui.keyword.builtin.VerifyTextPresentKeyword.verifyTextPresent(VerifyTextPresentKeyword.groovy:83)
	at com.kms.katalon.core.webui.keyword.builtin.VerifyTextPresentKeyword.execute(VerifyTextPresentKeyword.groovy:68)
	at com.kms.katalon.core.keyword.internal.KeywordExecutor.executeKeywordForPlatform(KeywordExecutor.groovy:60)
	at com.kms.katalon.core.webui.keyword.WebUiBuiltInKeywords.verifyTextPresent(WebUiBuiltInKeywords.groovy:1693)
	at com.kms.katalon.core.webui.keyword.WebUiBuiltInKeywords$verifyTextPresent$2.call(Unknown Source)
	at Banner_Image.run(Banner_Image:70)
	at com.kms.katalon.core.main.ScriptEngine.run(ScriptEngine.java:194)
	at com.kms.katalon.core.main.ScriptEngine.runScriptAsRawText(ScriptEngine.java:119)
	at com.kms.katalon.core.main.TestCaseExecutor.runScript(TestCaseExecutor.java:337)
	at com.kms.katalon.core.main.TestCaseExecutor.doExecute(TestCaseExecutor.java:328)
	at com.kms.katalon.core.main.TestCaseExecutor.processExecutionPhase(TestCaseExecutor.java:307)
	at com.kms.katalon.core.main.TestCaseExecutor.accessMainPhase(TestCaseExecutor.java:299)
	at com.kms.katalon.core.main.TestCaseExecutor.execute(TestCaseExecutor.java:233)
	at com.kms.katalon.core.main.TestCaseMain.runTestCase(TestCaseMain.java:114)
	at com.kms.katalon.core.keyword.builtin.CallTestCaseKeyword$_callTestCase_closure1.doCall(CallTestCaseKeyword.groovy:59)
	... 20 more
Caused by: com.kms.katalon.core.exception.StepFailedException: Text 'Update your company banner image here' is not present on page 
	... 39 more
)
	at com.kms.katalon.core.keyword.internal.KeywordMain.stepFailed(KeywordMain.groovy:39)
	at com.kms.katalon.core.keyword.internal.KeywordMain.stepFailed(KeywordMain.groovy)
	at com.kms.katalon.core.keyword.internal.KeywordMain.runKeyword(KeywordMain.groovy:70)
	at com.kms.katalon.core.keyword.builtin.CallTestCaseKeyword.callTestCase(CallTestCaseKeyword.groovy:81)
	at com.kms.katalon.core.keyword.builtin.CallTestCaseKeyword.execute(CallTestCaseKeyword.groovy:44)
	at com.kms.katalon.core.keyword.internal.KeywordExecutor.executeKeywordForPlatform(KeywordExecutor.groovy:60)
	at com.kms.katalon.core.keyword.BuiltinKeywords.callTestCase(BuiltinKeywords.groovy:334)
	at My_Profile_Page.run(My_Profile_Page:134)
	at com.kms.katalon.core.main.ScriptEngine.run(ScriptEngine.java:194)
	at com.kms.katalon.core.main.ScriptEngine.runScriptAsRawText(ScriptEngine.java:119)
	at com.kms.katalon.core.main.TestCaseExecutor.runScript(TestCaseExecutor.java:337)
	at com.kms.katalon.core.main.TestCaseExecutor.doExecute(TestCaseExecutor.java:328)
	at com.kms.katalon.core.main.TestCaseExecutor.processExecutionPhase(TestCaseExecutor.java:307)
	at com.kms.katalon.core.main.TestCaseExecutor.accessMainPhase(TestCaseExecutor.java:299)
	at com.kms.katalon.core.main.TestCaseExecutor.execute(TestCaseExecutor.java:233)
	at com.kms.katalon.core.main.TestSuiteExecutor.accessTestCaseMainPhase(TestSuiteExecutor.java:169)
	at com.kms.katalon.core.main.TestSuiteExecutor.accessTestSuiteMainPhase(TestSuiteExecutor.java:142)
	at com.kms.katalon.core.main.TestSuiteExecutor.execute(TestSuiteExecutor.java:91)
	at com.kms.katalon.core.main.TestCaseMain.startTestSuite(TestCaseMain.java:157)
	at com.kms.katalon.core.main.TestCaseMain$startTestSuite$0.call(Unknown Source)
	at TempTestSuite1572536119934.run(TempTestSuite1572536119934.groovy:36)
Caused by: com.kms.katalon.core.exception.StepFailedException: Call Test Case 'Test Cases/Reusable_Test_Sequences/Members_Area/Validation/Profiles/Banner_Image' failed
	at com.kms.katalon.core.keyword.builtin.CallTestCaseKeyword$_callTestCase_closure1.doCall(CallTestCaseKeyword.groovy:63)
	at com.kms.katalon.core.keyword.builtin.CallTestCaseKeyword$_callTestCase_closure1.call(CallTestCaseKeyword.groovy)
	at com.kms.katalon.core.keyword.internal.KeywordMain.runKeyword(KeywordMain.groovy:68)
	... 18 more
Caused by: com.kms.katalon.core.exception.StepFailedException: Text 'Update your company banner image here' is not present on page  (Root cause: com.kms.katalon.core.exception.StepFailedException: Text 'Update your company banner image here' is not present on page 
	at com.kms.katalon.core.webui.keyword.internal.WebUIKeywordMain.stepFailed(WebUIKeywordMain.groovy:64)
	at com.kms.katalon.core.webui.keyword.builtin.VerifyTextPresentKeyword$_verifyTextPresent_closure1.doCall(VerifyTextPresentKeyword.groovy:79)
	at com.kms.katalon.core.webui.keyword.builtin.VerifyTextPresentKeyword$_verifyTextPresent_closure1.call(VerifyTextPresentKeyword.groovy)
	at com.kms.katalon.core.webui.keyword.internal.WebUIKeywordMain.runKeyword(WebUIKeywordMain.groovy:20)
	at com.kms.katalon.core.webui.keyword.builtin.VerifyTextPresentKeyword.verifyTextPresent(VerifyTextPresentKeyword.groovy:83)
	at com.kms.katalon.core.webui.keyword.builtin.VerifyTextPresentKeyword.execute(VerifyTextPresentKeyword.groovy:68)
	at com.kms.katalon.core.keyword.internal.KeywordExecutor.executeKeywordForPlatform(KeywordExecutor.groovy:60)
	at com.kms.katalon.core.webui.keyword.WebUiBuiltInKeywords.verifyTextPresent(WebUiBuiltInKeywords.groovy:1693)
	at com.kms.katalon.core.webui.keyword.WebUiBuiltInKeywords$verifyTextPresent$2.call(Unknown Source)
	at Banner_Image.run(Banner_Image:70)
	at com.kms.katalon.core.main.ScriptEngine.run(ScriptEngine.java:194)
	at com.kms.katalon.core.main.ScriptEngine.runScriptAsRawText(ScriptEngine.java:119)
	at com.kms.katalon.core.main.TestCaseExecutor.runScript(TestCaseExecutor.java:337)
	at com.kms.katalon.core.main.TestCaseExecutor.doExecute(TestCaseExecutor.java:328)
	at com.kms.katalon.core.main.TestCaseExecutor.processExecutionPhase(TestCaseExecutor.java:307)
	at com.kms.katalon.core.main.TestCaseExecutor.accessMainPhase(TestCaseExecutor.java:299)
	at com.kms.katalon.core.main.TestCaseExecutor.execute(TestCaseExecutor.java:233)
	at com.kms.katalon.core.main.TestCaseMain.runTestCase(TestCaseMain.java:114)
	at com.kms.katalon.core.keyword.builtin.CallTestCaseKeyword$_callTestCase_closure1.doCall(CallTestCaseKeyword.groovy:59)
	at com.kms.katalon.core.keyword.builtin.CallTestCaseKeyword$_callTestCase_closure1.call(CallTestCaseKeyword.groovy)
	at com.kms.katalon.core.keyword.internal.KeywordMain.runKeyword(KeywordMain.groovy:68)
	at com.kms.katalon.core.keyword.builtin.CallTestCaseKeyword.callTestCase(CallTestCaseKeyword.groovy:81)
	at com.kms.katalon.core.keyword.builtin.CallTestCaseKeyword.execute(CallTestCaseKeyword.groovy:44)
	at com.kms.katalon.core.keyword.internal.KeywordExecutor.executeKeywordForPlatform(KeywordExecutor.groovy:60)
	at com.kms.katalon.core.keyword.BuiltinKeywords.callTestCase(BuiltinKeywords.groovy:334)
	at My_Profile_Page.run(My_Profile_Page:134)
	at com.kms.katalon.core.main.ScriptEngine.run(ScriptEngine.java:194)
	at com.kms.katalon.core.main.ScriptEngine.runScriptAsRawText(ScriptEngine.java:119)
	at com.kms.katalon.core.main.TestCaseExecutor.runScript(TestCaseExecutor.java:337)
	at com.kms.katalon.core.main.TestCaseExecutor.doExecute(TestCaseExecutor.java:328)
	at com.kms.katalon.core.main.TestCaseExecutor.processExecutionPhase(TestCaseExecutor.java:307)
	at com.kms.katalon.core.main.TestCaseExecutor.accessMainPhase(TestCaseExecutor.java:299)
	at com.kms.katalon.core.main.TestCaseExecutor.execute(TestCaseExecutor.java:233)
	at com.kms.katalon.core.main.TestSuiteExecutor.accessTestCaseMainPhase(TestSuiteExecutor.java:169)
	at com.kms.katalon.core.main.TestSuiteExecutor.accessTestSuiteMainPhase(TestSuiteExecutor.java:142)
	at com.kms.katalon.core.main.TestSuiteExecutor.execute(TestSuiteExecutor.java:91)
	at com.kms.katalon.core.main.TestCaseMain.startTestSuite(TestCaseMain.java:157)
	at com.kms.katalon.core.main.TestCaseMain$startTestSuite$0.call(Unknown Source)
	at TempTestSuite1572536119934.run(TempTestSuite1572536119934.groovy:36)
)
	at com.kms.katalon.core.keyword.internal.KeywordMain.stepFailed(KeywordMain.groovy:39)
	at com.kms.katalon.core.webui.keyword.internal.WebUIKeywordMain.stepFailed(WebUIKeywordMain.groovy:64)
	at com.kms.katalon.core.webui.keyword.builtin.VerifyTextPresentKeyword$_verifyTextPresent_closure1.doCall(VerifyTextPresentKeyword.groovy:79)
	at com.kms.katalon.core.webui.keyword.builtin.VerifyTextPresentKeyword$_verifyTextPresent_closure1.call(VerifyTextPresentKeyword.groovy)
	at com.kms.katalon.core.webui.keyword.internal.WebUIKeywordMain.runKeyword(WebUIKeywordMain.groovy:20)
	at com.kms.katalon.core.webui.keyword.builtin.VerifyTextPresentKeyword.verifyTextPresent(VerifyTextPresentKeyword.groovy:83)
	at com.kms.katalon.core.webui.keyword.builtin.VerifyTextPresentKeyword.execute(VerifyTextPresentKeyword.groovy:68)
	at com.kms.katalon.core.keyword.internal.KeywordExecutor.executeKeywordForPlatform(KeywordExecutor.groovy:60)
	at com.kms.katalon.core.webui.keyword.WebUiBuiltInKeywords.verifyTextPresent(WebUiBuiltInKeywords.groovy:1693)
	at com.kms.katalon.core.webui.keyword.WebUiBuiltInKeywords$verifyTextPresent$2.call(Unknown Source)
	at Banner_Image.run(Banner_Image:70)
	at com.kms.katalon.core.main.ScriptEngine.run(ScriptEngine.java:194)
	at com.kms.katalon.core.main.ScriptEngine.runScriptAsRawText(ScriptEngine.java:119)
	at com.kms.katalon.core.main.TestCaseExecutor.runScript(TestCaseExecutor.java:337)
	at com.kms.katalon.core.main.TestCaseExecutor.doExecute(TestCaseExecutor.java:328)
	at com.kms.katalon.core.main.TestCaseExecutor.processExecutionPhase(TestCaseExecutor.java:307)
	at com.kms.katalon.core.main.TestCaseExecutor.accessMainPhase(TestCaseExecutor.java:299)
	at com.kms.katalon.core.main.TestCaseExecutor.execute(TestCaseExecutor.java:233)
	at com.kms.katalon.core.main.TestCaseMain.runTestCase(TestCaseMain.java:114)
	at com.kms.katalon.core.keyword.builtin.CallTestCaseKeyword$_callTestCase_closure1.doCall(CallTestCaseKeyword.groovy:59)
	... 20 more
Caused by: com.kms.katalon.core.exception.StepFailedException: Text 'Update your company banner image here' is not present on page 
	... 39 more]]></system-err>
      </testcase>
      <system-out><![CDATA[2019-10-31 15:35:40 - [TEST_SUITE][FAILED] - Members_My_Profile: Test Cases/Members_Area/My_Profile_Page FAILED.
Reason:
com.kms.katalon.core.exception.StepFailedException: Unable to call Test Case 'Test Cases/Reusable_Test_Sequences/Members_Area/Validation/Profiles/Banner_Image' (Root cause: com.kms.katalon.core.exception.StepFailedException: Call Test Case 'Test Cases/Reusable_Test_Sequences/Members_Area/Validation/Profiles/Banner_Image' failed
	at com.kms.katalon.core.keyword.builtin.CallTestCaseKeyword$_callTestCase_closure1.doCall(CallTestCaseKeyword.groovy:63)
	at com.kms.katalon.core.keyword.builtin.CallTestCaseKeyword$_callTestCase_closure1.call(CallTestCaseKeyword.groovy)
	at com.kms.katalon.core.keyword.internal.KeywordMain.runKeyword(KeywordMain.groovy:68)
	at com.kms.katalon.core.keyword.builtin.CallTestCaseKeyword.callTestCase(CallTestCaseKeyword.groovy:81)
	at com.kms.katalon.core.keyword.builtin.CallTestCaseKeyword.execute(CallTestCaseKeyword.groovy:44)
	at com.kms.katalon.core.keyword.internal.KeywordExecutor.executeKeywordForPlatform(KeywordExecutor.groovy:60)
	at com.kms.katalon.core.keyword.BuiltinKeywords.callTestCase(BuiltinKeywords.groovy:334)
	at My_Profile_Page.run(My_Profile_Page:134)
	at com.kms.katalon.core.main.ScriptEngine.run(ScriptEngine.java:194)
	at com.kms.katalon.core.main.ScriptEngine.runScriptAsRawText(ScriptEngine.java:119)
	at com.kms.katalon.core.main.TestCaseExecutor.runScript(TestCaseExecutor.java:337)
	at com.kms.katalon.core.main.TestCaseExecutor.doExecute(TestCaseExecutor.java:328)
	at com.kms.katalon.core.main.TestCaseExecutor.processExecutionPhase(TestCaseExecutor.java:307)
	at com.kms.katalon.core.main.TestCaseExecutor.accessMainPhase(TestCaseExecutor.java:299)
	at com.kms.katalon.core.main.TestCaseExecutor.execute(TestCaseExecutor.java:233)
	at com.kms.katalon.core.main.TestSuiteExecutor.accessTestCaseMainPhase(TestSuiteExecutor.java:169)
	at com.kms.katalon.core.main.TestSuiteExecutor.accessTestSuiteMainPhase(TestSuiteExecutor.java:142)
	at com.kms.katalon.core.main.TestSuiteExecutor.execute(TestSuiteExecutor.java:91)
	at com.kms.katalon.core.main.TestCaseMain.startTestSuite(TestCaseMain.java:157)
	at com.kms.katalon.core.main.TestCaseMain$startTestSuite$0.call(Unknown Source)
	at TempTestSuite1572536119934.run(TempTestSuite1572536119934.groovy:36)
Caused by: com.kms.katalon.core.exception.StepFailedException: Text 'Update your company banner image here' is not present on page  (Root cause: com.kms.katalon.core.exception.StepFailedException: Text 'Update your company banner image here' is not present on page 
	at com.kms.katalon.core.webui.keyword.internal.WebUIKeywordMain.stepFailed(WebUIKeywordMain.groovy:64)
	at com.kms.katalon.core.webui.keyword.builtin.VerifyTextPresentKeyword$_verifyTextPresent_closure1.doCall(VerifyTextPresentKeyword.groovy:79)
	at com.kms.katalon.core.webui.keyword.builtin.VerifyTextPresentKeyword$_verifyTextPresent_closure1.call(VerifyTextPresentKeyword.groovy)
	at com.kms.katalon.core.webui.keyword.internal.WebUIKeywordMain.runKeyword(WebUIKeywordMain.groovy:20)
	at com.kms.katalon.core.webui.keyword.builtin.VerifyTextPresentKeyword.verifyTextPresent(VerifyTextPresentKeyword.groovy:83)
	at com.kms.katalon.core.webui.keyword.builtin.VerifyTextPresentKeyword.execute(VerifyTextPresentKeyword.groovy:68)
	at com.kms.katalon.core.keyword.internal.KeywordExecutor.executeKeywordForPlatform(KeywordExecutor.groovy:60)
	at com.kms.katalon.core.webui.keyword.WebUiBuiltInKeywords.verifyTextPresent(WebUiBuiltInKeywords.groovy:1693)
	at com.kms.katalon.core.webui.keyword.WebUiBuiltInKeywords$verifyTextPresent$2.call(Unknown Source)
	at Banner_Image.run(Banner_Image:70)
	at com.kms.katalon.core.main.ScriptEngine.run(ScriptEngine.java:194)
	at com.kms.katalon.core.main.ScriptEngine.runScriptAsRawText(ScriptEngine.java:119)
	at com.kms.katalon.core.main.TestCaseExecutor.runScript(TestCaseExecutor.java:337)
	at com.kms.katalon.core.main.TestCaseExecutor.doExecute(TestCaseExecutor.java:328)
	at com.kms.katalon.core.main.TestCaseExecutor.processExecutionPhase(TestCaseExecutor.java:307)
	at com.kms.katalon.core.main.TestCaseExecutor.accessMainPhase(TestCaseExecutor.java:299)
	at com.kms.katalon.core.main.TestCaseExecutor.execute(TestCaseExecutor.java:233)
	at com.kms.katalon.core.main.TestCaseMain.runTestCase(TestCaseMain.java:114)
	at com.kms.katalon.core.keyword.builtin.CallTestCaseKeyword$_callTestCase_closure1.doCall(CallTestCaseKeyword.groovy:59)
	at com.kms.katalon.core.keyword.builtin.CallTestCaseKeyword$_callTestCase_closure1.call(CallTestCaseKeyword.groovy)
	at com.kms.katalon.core.keyword.internal.KeywordMain.runKeyword(KeywordMain.groovy:68)
	at com.kms.katalon.core.keyword.builtin.CallTestCaseKeyword.callTestCase(CallTestCaseKeyword.groovy:81)
	at com.kms.katalon.core.keyword.builtin.CallTestCaseKeyword.execute(CallTestCaseKeyword.groovy:44)
	at com.kms.katalon.core.keyword.internal.KeywordExecutor.executeKeywordForPlatform(KeywordExecutor.groovy:60)
	at com.kms.katalon.core.keyword.BuiltinKeywords.callTestCase(BuiltinKeywords.groovy:334)
	at My_Profile_Page.run(My_Profile_Page:134)
	at com.kms.katalon.core.main.ScriptEngine.run(ScriptEngine.java:194)
	at com.kms.katalon.core.main.ScriptEngine.runScriptAsRawText(ScriptEngine.java:119)
	at com.kms.katalon.core.main.TestCaseExecutor.runScript(TestCaseExecutor.java:337)
	at com.kms.katalon.core.main.TestCaseExecutor.doExecute(TestCaseExecutor.java:328)
	at com.kms.katalon.core.main.TestCaseExecutor.processExecutionPhase(TestCaseExecutor.java:307)
	at com.kms.katalon.core.main.TestCaseExecutor.accessMainPhase(TestCaseExecutor.java:299)
	at com.kms.katalon.core.main.TestCaseExecutor.execute(TestCaseExecutor.java:233)
	at com.kms.katalon.core.main.TestSuiteExecutor.accessTestCaseMainPhase(TestSuiteExecutor.java:169)
	at com.kms.katalon.core.main.TestSuiteExecutor.accessTestSuiteMainPhase(TestSuiteExecutor.java:142)
	at com.kms.katalon.core.main.TestSuiteExecutor.execute(TestSuiteExecutor.java:91)
	at com.kms.katalon.core.main.TestCaseMain.startTestSuite(TestCaseMain.java:157)
	at com.kms.katalon.core.main.TestCaseMain$startTestSuite$0.call(Unknown Source)
	at TempTestSuite1572536119934.run(TempTestSuite1572536119934.groovy:36)
)
	at com.kms.katalon.core.keyword.internal.KeywordMain.stepFailed(KeywordMain.groovy:39)
	at com.kms.katalon.core.webui.keyword.internal.WebUIKeywordMain.stepFailed(WebUIKeywordMain.groovy:64)
	at com.kms.katalon.core.webui.keyword.builtin.VerifyTextPresentKeyword$_verifyTextPresent_closure1.doCall(VerifyTextPresentKeyword.groovy:79)
	at com.kms.katalon.core.webui.keyword.builtin.VerifyTextPresentKeyword$_verifyTextPresent_closure1.call(VerifyTextPresentKeyword.groovy)
	at com.kms.katalon.core.webui.keyword.internal.WebUIKeywordMain.runKeyword(WebUIKeywordMain.groovy:20)
	at com.kms.katalon.core.webui.keyword.builtin.VerifyTextPresentKeyword.verifyTextPresent(VerifyTextPresentKeyword.groovy:83)
	at com.kms.katalon.core.webui.keyword.builtin.VerifyTextPresentKeyword.execute(VerifyTextPresentKeyword.groovy:68)
	at com.kms.katalon.core.keyword.internal.KeywordExecutor.executeKeywordForPlatform(KeywordExecutor.groovy:60)
	at com.kms.katalon.core.webui.keyword.WebUiBuiltInKeywords.verifyTextPresent(WebUiBuiltInKeywords.groovy:1693)
	at com.kms.katalon.core.webui.keyword.WebUiBuiltInKeywords$verifyTextPresent$2.call(Unknown Source)
	at Banner_Image.run(Banner_Image:70)
	at com.kms.katalon.core.main.ScriptEngine.run(ScriptEngine.java:194)
	at com.kms.katalon.core.main.ScriptEngine.runScriptAsRawText(ScriptEngine.java:119)
	at com.kms.katalon.core.main.TestCaseExecutor.runScript(TestCaseExecutor.java:337)
	at com.kms.katalon.core.main.TestCaseExecutor.doExecute(TestCaseExecutor.java:328)
	at com.kms.katalon.core.main.TestCaseExecutor.processExecutionPhase(TestCaseExecutor.java:307)
	at com.kms.katalon.core.main.TestCaseExecutor.accessMainPhase(TestCaseExecutor.java:299)
	at com.kms.katalon.core.main.TestCaseExecutor.execute(TestCaseExecutor.java:233)
	at com.kms.katalon.core.main.TestCaseMain.runTestCase(TestCaseMain.java:114)
	at com.kms.katalon.core.keyword.builtin.CallTestCaseKeyword$_callTestCase_closure1.doCall(CallTestCaseKeyword.groovy:59)
	... 20 more
Caused by: com.kms.katalon.core.exception.StepFailedException: Text 'Update your company banner image here' is not present on page 
	... 39 more
)
	at com.kms.katalon.core.keyword.internal.KeywordMain.stepFailed(KeywordMain.groovy:39)
	at com.kms.katalon.core.keyword.internal.KeywordMain.stepFailed(KeywordMain.groovy)
	at com.kms.katalon.core.keyword.internal.KeywordMain.runKeyword(KeywordMain.groovy:70)
	at com.kms.katalon.core.keyword.builtin.CallTestCaseKeyword.callTestCase(CallTestCaseKeyword.groovy:81)
	at com.kms.katalon.core.keyword.builtin.CallTestCaseKeyword.execute(CallTestCaseKeyword.groovy:44)
	at com.kms.katalon.core.keyword.internal.KeywordExecutor.executeKeywordForPlatform(KeywordExecutor.groovy:60)
	at com.kms.katalon.core.keyword.BuiltinKeywords.callTestCase(BuiltinKeywords.groovy:334)
	at My_Profile_Page.run(My_Profile_Page:134)
	at com.kms.katalon.core.main.ScriptEngine.run(ScriptEngine.java:194)
	at com.kms.katalon.core.main.ScriptEngine.runScriptAsRawText(ScriptEngine.java:119)
	at com.kms.katalon.core.main.TestCaseExecutor.runScript(TestCaseExecutor.java:337)
	at com.kms.katalon.core.main.TestCaseExecutor.doExecute(TestCaseExecutor.java:328)
	at com.kms.katalon.core.main.TestCaseExecutor.processExecutionPhase(TestCaseExecutor.java:307)
	at com.kms.katalon.core.main.TestCaseExecutor.accessMainPhase(TestCaseExecutor.java:299)
	at com.kms.katalon.core.main.TestCaseExecutor.execute(TestCaseExecutor.java:233)
	at com.kms.katalon.core.main.TestSuiteExecutor.accessTestCaseMainPhase(TestSuiteExecutor.java:169)
	at com.kms.katalon.core.main.TestSuiteExecutor.accessTestSuiteMainPhase(TestSuiteExecutor.java:142)
	at com.kms.katalon.core.main.TestSuiteExecutor.execute(TestSuiteExecutor.java:91)
	at com.kms.katalon.core.main.TestCaseMain.startTestSuite(TestCaseMain.java:157)
	at com.kms.katalon.core.main.TestCaseMain$startTestSuite$0.call(Unknown Source)
	at TempTestSuite1572536119934.run(TempTestSuite1572536119934.groovy:36)
Caused by: com.kms.katalon.core.exception.StepFailedException: Call Test Case 'Test Cases/Reusable_Test_Sequences/Members_Area/Validation/Profiles/Banner_Image' failed
	at com.kms.katalon.core.keyword.builtin.CallTestCaseKeyword$_callTestCase_closure1.doCall(CallTestCaseKeyword.groovy:63)
	at com.kms.katalon.core.keyword.builtin.CallTestCaseKeyword$_callTestCase_closure1.call(CallTestCaseKeyword.groovy)
	at com.kms.katalon.core.keyword.internal.KeywordMain.runKeyword(KeywordMain.groovy:68)
	... 18 more
Caused by: com.kms.katalon.core.exception.StepFailedException: Text 'Update your company banner image here' is not present on page  (Root cause: com.kms.katalon.core.exception.StepFailedException: Text 'Update your company banner image here' is not present on page 
	at com.kms.katalon.core.webui.keyword.internal.WebUIKeywordMain.stepFailed(WebUIKeywordMain.groovy:64)
	at com.kms.katalon.core.webui.keyword.builtin.VerifyTextPresentKeyword$_verifyTextPresent_closure1.doCall(VerifyTextPresentKeyword.groovy:79)
	at com.kms.katalon.core.webui.keyword.builtin.VerifyTextPresentKeyword$_verifyTextPresent_closure1.call(VerifyTextPresentKeyword.groovy)
	at com.kms.katalon.core.webui.keyword.internal.WebUIKeywordMain.runKeyword(WebUIKeywordMain.groovy:20)
	at com.kms.katalon.core.webui.keyword.builtin.VerifyTextPresentKeyword.verifyTextPresent(VerifyTextPresentKeyword.groovy:83)
	at com.kms.katalon.core.webui.keyword.builtin.VerifyTextPresentKeyword.execute(VerifyTextPresentKeyword.groovy:68)
	at com.kms.katalon.core.keyword.internal.KeywordExecutor.executeKeywordForPlatform(KeywordExecutor.groovy:60)
	at com.kms.katalon.core.webui.keyword.WebUiBuiltInKeywords.verifyTextPresent(WebUiBuiltInKeywords.groovy:1693)
	at com.kms.katalon.core.webui.keyword.WebUiBuiltInKeywords$verifyTextPresent$2.call(Unknown Source)
	at Banner_Image.run(Banner_Image:70)
	at com.kms.katalon.core.main.ScriptEngine.run(ScriptEngine.java:194)
	at com.kms.katalon.core.main.ScriptEngine.runScriptAsRawText(ScriptEngine.java:119)
	at com.kms.katalon.core.main.TestCaseExecutor.runScript(TestCaseExecutor.java:337)
	at com.kms.katalon.core.main.TestCaseExecutor.doExecute(TestCaseExecutor.java:328)
	at com.kms.katalon.core.main.TestCaseExecutor.processExecutionPhase(TestCaseExecutor.java:307)
	at com.kms.katalon.core.main.TestCaseExecutor.accessMainPhase(TestCaseExecutor.java:299)
	at com.kms.katalon.core.main.TestCaseExecutor.execute(TestCaseExecutor.java:233)
	at com.kms.katalon.core.main.TestCaseMain.runTestCase(TestCaseMain.java:114)
	at com.kms.katalon.core.keyword.builtin.CallTestCaseKeyword$_callTestCase_closure1.doCall(CallTestCaseKeyword.groovy:59)
	at com.kms.katalon.core.keyword.builtin.CallTestCaseKeyword$_callTestCase_closure1.call(CallTestCaseKeyword.groovy)
	at com.kms.katalon.core.keyword.internal.KeywordMain.runKeyword(KeywordMain.groovy:68)
	at com.kms.katalon.core.keyword.builtin.CallTestCaseKeyword.callTestCase(CallTestCaseKeyword.groovy:81)
	at com.kms.katalon.core.keyword.builtin.CallTestCaseKeyword.execute(CallTestCaseKeyword.groovy:44)
	at com.kms.katalon.core.keyword.internal.KeywordExecutor.executeKeywordForPlatform(KeywordExecutor.groovy:60)
	at com.kms.katalon.core.keyword.BuiltinKeywords.callTestCase(BuiltinKeywords.groovy:334)
	at My_Profile_Page.run(My_Profile_Page:134)
	at com.kms.katalon.core.main.ScriptEngine.run(ScriptEngine.java:194)
	at com.kms.katalon.core.main.ScriptEngine.runScriptAsRawText(ScriptEngine.java:119)
	at com.kms.katalon.core.main.TestCaseExecutor.runScript(TestCaseExecutor.java:337)
	at com.kms.katalon.core.main.TestCaseExecutor.doExecute(TestCaseExecutor.java:328)
	at com.kms.katalon.core.main.TestCaseExecutor.processExecutionPhase(TestCaseExecutor.java:307)
	at com.kms.katalon.core.main.TestCaseExecutor.accessMainPhase(TestCaseExecutor.java:299)
	at com.kms.katalon.core.main.TestCaseExecutor.execute(TestCaseExecutor.java:233)
	at com.kms.katalon.core.main.TestSuiteExecutor.accessTestCaseMainPhase(TestSuiteExecutor.java:169)
	at com.kms.katalon.core.main.TestSuiteExecutor.accessTestSuiteMainPhase(TestSuiteExecutor.java:142)
	at com.kms.katalon.core.main.TestSuiteExecutor.execute(TestSuiteExecutor.java:91)
	at com.kms.katalon.core.main.TestCaseMain.startTestSuite(TestCaseMain.java:157)
	at com.kms.katalon.core.main.TestCaseMain$startTestSuite$0.call(Unknown Source)
	at TempTestSuite1572536119934.run(TempTestSuite1572536119934.groovy:36)
)
	at com.kms.katalon.core.keyword.internal.KeywordMain.stepFailed(KeywordMain.groovy:39)
	at com.kms.katalon.core.webui.keyword.internal.WebUIKeywordMain.stepFailed(WebUIKeywordMain.groovy:64)
	at com.kms.katalon.core.webui.keyword.builtin.VerifyTextPresentKeyword$_verifyTextPresent_closure1.doCall(VerifyTextPresentKeyword.groovy:79)
	at com.kms.katalon.core.webui.keyword.builtin.VerifyTextPresentKeyword$_verifyTextPresent_closure1.call(VerifyTextPresentKeyword.groovy)
	at com.kms.katalon.core.webui.keyword.internal.WebUIKeywordMain.runKeyword(WebUIKeywordMain.groovy:20)
	at com.kms.katalon.core.webui.keyword.builtin.VerifyTextPresentKeyword.verifyTextPresent(VerifyTextPresentKeyword.groovy:83)
	at com.kms.katalon.core.webui.keyword.builtin.VerifyTextPresentKeyword.execute(VerifyTextPresentKeyword.groovy:68)
	at com.kms.katalon.core.keyword.internal.KeywordExecutor.executeKeywordForPlatform(KeywordExecutor.groovy:60)
	at com.kms.katalon.core.webui.keyword.WebUiBuiltInKeywords.verifyTextPresent(WebUiBuiltInKeywords.groovy:1693)
	at com.kms.katalon.core.webui.keyword.WebUiBuiltInKeywords$verifyTextPresent$2.call(Unknown Source)
	at Banner_Image.run(Banner_Image:70)
	at com.kms.katalon.core.main.ScriptEngine.run(ScriptEngine.java:194)
	at com.kms.katalon.core.main.ScriptEngine.runScriptAsRawText(ScriptEngine.java:119)
	at com.kms.katalon.core.main.TestCaseExecutor.runScript(TestCaseExecutor.java:337)
	at com.kms.katalon.core.main.TestCaseExecutor.doExecute(TestCaseExecutor.java:328)
	at com.kms.katalon.core.main.TestCaseExecutor.processExecutionPhase(TestCaseExecutor.java:307)
	at com.kms.katalon.core.main.TestCaseExecutor.accessMainPhase(TestCaseExecutor.java:299)
	at com.kms.katalon.core.main.TestCaseExecutor.execute(TestCaseExecutor.java:233)
	at com.kms.katalon.core.main.TestCaseMain.runTestCase(TestCaseMain.java:114)
	at com.kms.katalon.core.keyword.builtin.CallTestCaseKeyword$_callTestCase_closure1.doCall(CallTestCaseKeyword.groovy:59)
	... 20 more
Caused by: com.kms.katalon.core.exception.StepFailedException: Text 'Update your company banner image here' is not present on page 
	... 39 more]]></system-out>
      <system-err><![CDATA[2019-10-31 15:35:40 - [TEST_SUITE][FAILED] - Members_My_Profile: Test Cases/Members_Area/My_Profile_Page FAILED.
Reason:
com.kms.katalon.core.exception.StepFailedException: Unable to call Test Case 'Test Cases/Reusable_Test_Sequences/Members_Area/Validation/Profiles/Banner_Image' (Root cause: com.kms.katalon.core.exception.StepFailedException: Call Test Case 'Test Cases/Reusable_Test_Sequences/Members_Area/Validation/Profiles/Banner_Image' failed
	at com.kms.katalon.core.keyword.builtin.CallTestCaseKeyword$_callTestCase_closure1.doCall(CallTestCaseKeyword.groovy:63)
	at com.kms.katalon.core.keyword.builtin.CallTestCaseKeyword$_callTestCase_closure1.call(CallTestCaseKeyword.groovy)
	at com.kms.katalon.core.keyword.internal.KeywordMain.runKeyword(KeywordMain.groovy:68)
	at com.kms.katalon.core.keyword.builtin.CallTestCaseKeyword.callTestCase(CallTestCaseKeyword.groovy:81)
	at com.kms.katalon.core.keyword.builtin.CallTestCaseKeyword.execute(CallTestCaseKeyword.groovy:44)
	at com.kms.katalon.core.keyword.internal.KeywordExecutor.executeKeywordForPlatform(KeywordExecutor.groovy:60)
	at com.kms.katalon.core.keyword.BuiltinKeywords.callTestCase(BuiltinKeywords.groovy:334)
	at My_Profile_Page.run(My_Profile_Page:134)
	at com.kms.katalon.core.main.ScriptEngine.run(ScriptEngine.java:194)
	at com.kms.katalon.core.main.ScriptEngine.runScriptAsRawText(ScriptEngine.java:119)
	at com.kms.katalon.core.main.TestCaseExecutor.runScript(TestCaseExecutor.java:337)
	at com.kms.katalon.core.main.TestCaseExecutor.doExecute(TestCaseExecutor.java:328)
	at com.kms.katalon.core.main.TestCaseExecutor.processExecutionPhase(TestCaseExecutor.java:307)
	at com.kms.katalon.core.main.TestCaseExecutor.accessMainPhase(TestCaseExecutor.java:299)
	at com.kms.katalon.core.main.TestCaseExecutor.execute(TestCaseExecutor.java:233)
	at com.kms.katalon.core.main.TestSuiteExecutor.accessTestCaseMainPhase(TestSuiteExecutor.java:169)
	at com.kms.katalon.core.main.TestSuiteExecutor.accessTestSuiteMainPhase(TestSuiteExecutor.java:142)
	at com.kms.katalon.core.main.TestSuiteExecutor.execute(TestSuiteExecutor.java:91)
	at com.kms.katalon.core.main.TestCaseMain.startTestSuite(TestCaseMain.java:157)
	at com.kms.katalon.core.main.TestCaseMain$startTestSuite$0.call(Unknown Source)
	at TempTestSuite1572536119934.run(TempTestSuite1572536119934.groovy:36)
Caused by: com.kms.katalon.core.exception.StepFailedException: Text 'Update your company banner image here' is not present on page  (Root cause: com.kms.katalon.core.exception.StepFailedException: Text 'Update your company banner image here' is not present on page 
	at com.kms.katalon.core.webui.keyword.internal.WebUIKeywordMain.stepFailed(WebUIKeywordMain.groovy:64)
	at com.kms.katalon.core.webui.keyword.builtin.VerifyTextPresentKeyword$_verifyTextPresent_closure1.doCall(VerifyTextPresentKeyword.groovy:79)
	at com.kms.katalon.core.webui.keyword.builtin.VerifyTextPresentKeyword$_verifyTextPresent_closure1.call(VerifyTextPresentKeyword.groovy)
	at com.kms.katalon.core.webui.keyword.internal.WebUIKeywordMain.runKeyword(WebUIKeywordMain.groovy:20)
	at com.kms.katalon.core.webui.keyword.builtin.VerifyTextPresentKeyword.verifyTextPresent(VerifyTextPresentKeyword.groovy:83)
	at com.kms.katalon.core.webui.keyword.builtin.VerifyTextPresentKeyword.execute(VerifyTextPresentKeyword.groovy:68)
	at com.kms.katalon.core.keyword.internal.KeywordExecutor.executeKeywordForPlatform(KeywordExecutor.groovy:60)
	at com.kms.katalon.core.webui.keyword.WebUiBuiltInKeywords.verifyTextPresent(WebUiBuiltInKeywords.groovy:1693)
	at com.kms.katalon.core.webui.keyword.WebUiBuiltInKeywords$verifyTextPresent$2.call(Unknown Source)
	at Banner_Image.run(Banner_Image:70)
	at com.kms.katalon.core.main.ScriptEngine.run(ScriptEngine.java:194)
	at com.kms.katalon.core.main.ScriptEngine.runScriptAsRawText(ScriptEngine.java:119)
	at com.kms.katalon.core.main.TestCaseExecutor.runScript(TestCaseExecutor.java:337)
	at com.kms.katalon.core.main.TestCaseExecutor.doExecute(TestCaseExecutor.java:328)
	at com.kms.katalon.core.main.TestCaseExecutor.processExecutionPhase(TestCaseExecutor.java:307)
	at com.kms.katalon.core.main.TestCaseExecutor.accessMainPhase(TestCaseExecutor.java:299)
	at com.kms.katalon.core.main.TestCaseExecutor.execute(TestCaseExecutor.java:233)
	at com.kms.katalon.core.main.TestCaseMain.runTestCase(TestCaseMain.java:114)
	at com.kms.katalon.core.keyword.builtin.CallTestCaseKeyword$_callTestCase_closure1.doCall(CallTestCaseKeyword.groovy:59)
	at com.kms.katalon.core.keyword.builtin.CallTestCaseKeyword$_callTestCase_closure1.call(CallTestCaseKeyword.groovy)
	at com.kms.katalon.core.keyword.internal.KeywordMain.runKeyword(KeywordMain.groovy:68)
	at com.kms.katalon.core.keyword.builtin.CallTestCaseKeyword.callTestCase(CallTestCaseKeyword.groovy:81)
	at com.kms.katalon.core.keyword.builtin.CallTestCaseKeyword.execute(CallTestCaseKeyword.groovy:44)
	at com.kms.katalon.core.keyword.internal.KeywordExecutor.executeKeywordForPlatform(KeywordExecutor.groovy:60)
	at com.kms.katalon.core.keyword.BuiltinKeywords.callTestCase(BuiltinKeywords.groovy:334)
	at My_Profile_Page.run(My_Profile_Page:134)
	at com.kms.katalon.core.main.ScriptEngine.run(ScriptEngine.java:194)
	at com.kms.katalon.core.main.ScriptEngine.runScriptAsRawText(ScriptEngine.java:119)
	at com.kms.katalon.core.main.TestCaseExecutor.runScript(TestCaseExecutor.java:337)
	at com.kms.katalon.core.main.TestCaseExecutor.doExecute(TestCaseExecutor.java:328)
	at com.kms.katalon.core.main.TestCaseExecutor.processExecutionPhase(TestCaseExecutor.java:307)
	at com.kms.katalon.core.main.TestCaseExecutor.accessMainPhase(TestCaseExecutor.java:299)
	at com.kms.katalon.core.main.TestCaseExecutor.execute(TestCaseExecutor.java:233)
	at com.kms.katalon.core.main.TestSuiteExecutor.accessTestCaseMainPhase(TestSuiteExecutor.java:169)
	at com.kms.katalon.core.main.TestSuiteExecutor.accessTestSuiteMainPhase(TestSuiteExecutor.java:142)
	at com.kms.katalon.core.main.TestSuiteExecutor.execute(TestSuiteExecutor.java:91)
	at com.kms.katalon.core.main.TestCaseMain.startTestSuite(TestCaseMain.java:157)
	at com.kms.katalon.core.main.TestCaseMain$startTestSuite$0.call(Unknown Source)
	at TempTestSuite1572536119934.run(TempTestSuite1572536119934.groovy:36)
)
	at com.kms.katalon.core.keyword.internal.KeywordMain.stepFailed(KeywordMain.groovy:39)
	at com.kms.katalon.core.webui.keyword.internal.WebUIKeywordMain.stepFailed(WebUIKeywordMain.groovy:64)
	at com.kms.katalon.core.webui.keyword.builtin.VerifyTextPresentKeyword$_verifyTextPresent_closure1.doCall(VerifyTextPresentKeyword.groovy:79)
	at com.kms.katalon.core.webui.keyword.builtin.VerifyTextPresentKeyword$_verifyTextPresent_closure1.call(VerifyTextPresentKeyword.groovy)
	at com.kms.katalon.core.webui.keyword.internal.WebUIKeywordMain.runKeyword(WebUIKeywordMain.groovy:20)
	at com.kms.katalon.core.webui.keyword.builtin.VerifyTextPresentKeyword.verifyTextPresent(VerifyTextPresentKeyword.groovy:83)
	at com.kms.katalon.core.webui.keyword.builtin.VerifyTextPresentKeyword.execute(VerifyTextPresentKeyword.groovy:68)
	at com.kms.katalon.core.keyword.internal.KeywordExecutor.executeKeywordForPlatform(KeywordExecutor.groovy:60)
	at com.kms.katalon.core.webui.keyword.WebUiBuiltInKeywords.verifyTextPresent(WebUiBuiltInKeywords.groovy:1693)
	at com.kms.katalon.core.webui.keyword.WebUiBuiltInKeywords$verifyTextPresent$2.call(Unknown Source)
	at Banner_Image.run(Banner_Image:70)
	at com.kms.katalon.core.main.ScriptEngine.run(ScriptEngine.java:194)
	at com.kms.katalon.core.main.ScriptEngine.runScriptAsRawText(ScriptEngine.java:119)
	at com.kms.katalon.core.main.TestCaseExecutor.runScript(TestCaseExecutor.java:337)
	at com.kms.katalon.core.main.TestCaseExecutor.doExecute(TestCaseExecutor.java:328)
	at com.kms.katalon.core.main.TestCaseExecutor.processExecutionPhase(TestCaseExecutor.java:307)
	at com.kms.katalon.core.main.TestCaseExecutor.accessMainPhase(TestCaseExecutor.java:299)
	at com.kms.katalon.core.main.TestCaseExecutor.execute(TestCaseExecutor.java:233)
	at com.kms.katalon.core.main.TestCaseMain.runTestCase(TestCaseMain.java:114)
	at com.kms.katalon.core.keyword.builtin.CallTestCaseKeyword$_callTestCase_closure1.doCall(CallTestCaseKeyword.groovy:59)
	... 20 more
Caused by: com.kms.katalon.core.exception.StepFailedException: Text 'Update your company banner image here' is not present on page 
	... 39 more
)
	at com.kms.katalon.core.keyword.internal.KeywordMain.stepFailed(KeywordMain.groovy:39)
	at com.kms.katalon.core.keyword.internal.KeywordMain.stepFailed(KeywordMain.groovy)
	at com.kms.katalon.core.keyword.internal.KeywordMain.runKeyword(KeywordMain.groovy:70)
	at com.kms.katalon.core.keyword.builtin.CallTestCaseKeyword.callTestCase(CallTestCaseKeyword.groovy:81)
	at com.kms.katalon.core.keyword.builtin.CallTestCaseKeyword.execute(CallTestCaseKeyword.groovy:44)
	at com.kms.katalon.core.keyword.internal.KeywordExecutor.executeKeywordForPlatform(KeywordExecutor.groovy:60)
	at com.kms.katalon.core.keyword.BuiltinKeywords.callTestCase(BuiltinKeywords.groovy:334)
	at My_Profile_Page.run(My_Profile_Page:134)
	at com.kms.katalon.core.main.ScriptEngine.run(ScriptEngine.java:194)
	at com.kms.katalon.core.main.ScriptEngine.runScriptAsRawText(ScriptEngine.java:119)
	at com.kms.katalon.core.main.TestCaseExecutor.runScript(TestCaseExecutor.java:337)
	at com.kms.katalon.core.main.TestCaseExecutor.doExecute(TestCaseExecutor.java:328)
	at com.kms.katalon.core.main.TestCaseExecutor.processExecutionPhase(TestCaseExecutor.java:307)
	at com.kms.katalon.core.main.TestCaseExecutor.accessMainPhase(TestCaseExecutor.java:299)
	at com.kms.katalon.core.main.TestCaseExecutor.execute(TestCaseExecutor.java:233)
	at com.kms.katalon.core.main.TestSuiteExecutor.accessTestCaseMainPhase(TestSuiteExecutor.java:169)
	at com.kms.katalon.core.main.TestSuiteExecutor.accessTestSuiteMainPhase(TestSuiteExecutor.java:142)
	at com.kms.katalon.core.main.TestSuiteExecutor.execute(TestSuiteExecutor.java:91)
	at com.kms.katalon.core.main.TestCaseMain.startTestSuite(TestCaseMain.java:157)
	at com.kms.katalon.core.main.TestCaseMain$startTestSuite$0.call(Unknown Source)
	at TempTestSuite1572536119934.run(TempTestSuite1572536119934.groovy:36)
Caused by: com.kms.katalon.core.exception.StepFailedException: Call Test Case 'Test Cases/Reusable_Test_Sequences/Members_Area/Validation/Profiles/Banner_Image' failed
	at com.kms.katalon.core.keyword.builtin.CallTestCaseKeyword$_callTestCase_closure1.doCall(CallTestCaseKeyword.groovy:63)
	at com.kms.katalon.core.keyword.builtin.CallTestCaseKeyword$_callTestCase_closure1.call(CallTestCaseKeyword.groovy)
	at com.kms.katalon.core.keyword.internal.KeywordMain.runKeyword(KeywordMain.groovy:68)
	... 18 more
Caused by: com.kms.katalon.core.exception.StepFailedException: Text 'Update your company banner image here' is not present on page  (Root cause: com.kms.katalon.core.exception.StepFailedException: Text 'Update your company banner image here' is not present on page 
	at com.kms.katalon.core.webui.keyword.internal.WebUIKeywordMain.stepFailed(WebUIKeywordMain.groovy:64)
	at com.kms.katalon.core.webui.keyword.builtin.VerifyTextPresentKeyword$_verifyTextPresent_closure1.doCall(VerifyTextPresentKeyword.groovy:79)
	at com.kms.katalon.core.webui.keyword.builtin.VerifyTextPresentKeyword$_verifyTextPresent_closure1.call(VerifyTextPresentKeyword.groovy)
	at com.kms.katalon.core.webui.keyword.internal.WebUIKeywordMain.runKeyword(WebUIKeywordMain.groovy:20)
	at com.kms.katalon.core.webui.keyword.builtin.VerifyTextPresentKeyword.verifyTextPresent(VerifyTextPresentKeyword.groovy:83)
	at com.kms.katalon.core.webui.keyword.builtin.VerifyTextPresentKeyword.execute(VerifyTextPresentKeyword.groovy:68)
	at com.kms.katalon.core.keyword.internal.KeywordExecutor.executeKeywordForPlatform(KeywordExecutor.groovy:60)
	at com.kms.katalon.core.webui.keyword.WebUiBuiltInKeywords.verifyTextPresent(WebUiBuiltInKeywords.groovy:1693)
	at com.kms.katalon.core.webui.keyword.WebUiBuiltInKeywords$verifyTextPresent$2.call(Unknown Source)
	at Banner_Image.run(Banner_Image:70)
	at com.kms.katalon.core.main.ScriptEngine.run(ScriptEngine.java:194)
	at com.kms.katalon.core.main.ScriptEngine.runScriptAsRawText(ScriptEngine.java:119)
	at com.kms.katalon.core.main.TestCaseExecutor.runScript(TestCaseExecutor.java:337)
	at com.kms.katalon.core.main.TestCaseExecutor.doExecute(TestCaseExecutor.java:328)
	at com.kms.katalon.core.main.TestCaseExecutor.processExecutionPhase(TestCaseExecutor.java:307)
	at com.kms.katalon.core.main.TestCaseExecutor.accessMainPhase(TestCaseExecutor.java:299)
	at com.kms.katalon.core.main.TestCaseExecutor.execute(TestCaseExecutor.java:233)
	at com.kms.katalon.core.main.TestCaseMain.runTestCase(TestCaseMain.java:114)
	at com.kms.katalon.core.keyword.builtin.CallTestCaseKeyword$_callTestCase_closure1.doCall(CallTestCaseKeyword.groovy:59)
	at com.kms.katalon.core.keyword.builtin.CallTestCaseKeyword$_callTestCase_closure1.call(CallTestCaseKeyword.groovy)
	at com.kms.katalon.core.keyword.internal.KeywordMain.runKeyword(KeywordMain.groovy:68)
	at com.kms.katalon.core.keyword.builtin.CallTestCaseKeyword.callTestCase(CallTestCaseKeyword.groovy:81)
	at com.kms.katalon.core.keyword.builtin.CallTestCaseKeyword.execute(CallTestCaseKeyword.groovy:44)
	at com.kms.katalon.core.keyword.internal.KeywordExecutor.executeKeywordForPlatform(KeywordExecutor.groovy:60)
	at com.kms.katalon.core.keyword.BuiltinKeywords.callTestCase(BuiltinKeywords.groovy:334)
	at My_Profile_Page.run(My_Profile_Page:134)
	at com.kms.katalon.core.main.ScriptEngine.run(ScriptEngine.java:194)
	at com.kms.katalon.core.main.ScriptEngine.runScriptAsRawText(ScriptEngine.java:119)
	at com.kms.katalon.core.main.TestCaseExecutor.runScript(TestCaseExecutor.java:337)
	at com.kms.katalon.core.main.TestCaseExecutor.doExecute(TestCaseExecutor.java:328)
	at com.kms.katalon.core.main.TestCaseExecutor.processExecutionPhase(TestCaseExecutor.java:307)
	at com.kms.katalon.core.main.TestCaseExecutor.accessMainPhase(TestCaseExecutor.java:299)
	at com.kms.katalon.core.main.TestCaseExecutor.execute(TestCaseExecutor.java:233)
	at com.kms.katalon.core.main.TestSuiteExecutor.accessTestCaseMainPhase(TestSuiteExecutor.java:169)
	at com.kms.katalon.core.main.TestSuiteExecutor.accessTestSuiteMainPhase(TestSuiteExecutor.java:142)
	at com.kms.katalon.core.main.TestSuiteExecutor.execute(TestSuiteExecutor.java:91)
	at com.kms.katalon.core.main.TestCaseMain.startTestSuite(TestCaseMain.java:157)
	at com.kms.katalon.core.main.TestCaseMain$startTestSuite$0.call(Unknown Source)
	at TempTestSuite1572536119934.run(TempTestSuite1572536119934.groovy:36)
)
	at com.kms.katalon.core.keyword.internal.KeywordMain.stepFailed(KeywordMain.groovy:39)
	at com.kms.katalon.core.webui.keyword.internal.WebUIKeywordMain.stepFailed(WebUIKeywordMain.groovy:64)
	at com.kms.katalon.core.webui.keyword.builtin.VerifyTextPresentKeyword$_verifyTextPresent_closure1.doCall(VerifyTextPresentKeyword.groovy:79)
	at com.kms.katalon.core.webui.keyword.builtin.VerifyTextPresentKeyword$_verifyTextPresent_closure1.call(VerifyTextPresentKeyword.groovy)
	at com.kms.katalon.core.webui.keyword.internal.WebUIKeywordMain.runKeyword(WebUIKeywordMain.groovy:20)
	at com.kms.katalon.core.webui.keyword.builtin.VerifyTextPresentKeyword.verifyTextPresent(VerifyTextPresentKeyword.groovy:83)
	at com.kms.katalon.core.webui.keyword.builtin.VerifyTextPresentKeyword.execute(VerifyTextPresentKeyword.groovy:68)
	at com.kms.katalon.core.keyword.internal.KeywordExecutor.executeKeywordForPlatform(KeywordExecutor.groovy:60)
	at com.kms.katalon.core.webui.keyword.WebUiBuiltInKeywords.verifyTextPresent(WebUiBuiltInKeywords.groovy:1693)
	at com.kms.katalon.core.webui.keyword.WebUiBuiltInKeywords$verifyTextPresent$2.call(Unknown Source)
	at Banner_Image.run(Banner_Image:70)
	at com.kms.katalon.core.main.ScriptEngine.run(ScriptEngine.java:194)
	at com.kms.katalon.core.main.ScriptEngine.runScriptAsRawText(ScriptEngine.java:119)
	at com.kms.katalon.core.main.TestCaseExecutor.runScript(TestCaseExecutor.java:337)
	at com.kms.katalon.core.main.TestCaseExecutor.doExecute(TestCaseExecutor.java:328)
	at com.kms.katalon.core.main.TestCaseExecutor.processExecutionPhase(TestCaseExecutor.java:307)
	at com.kms.katalon.core.main.TestCaseExecutor.accessMainPhase(TestCaseExecutor.java:299)
	at com.kms.katalon.core.main.TestCaseExecutor.execute(TestCaseExecutor.java:233)
	at com.kms.katalon.core.main.TestCaseMain.runTestCase(TestCaseMain.java:114)
	at com.kms.katalon.core.keyword.builtin.CallTestCaseKeyword$_callTestCase_closure1.doCall(CallTestCaseKeyword.groovy:59)
	... 20 more
Caused by: com.kms.katalon.core.exception.StepFailedException: Text 'Update your company banner image here' is not present on page 
	... 39 more]]></system-err>
   </testsuite>
   <testsuite name="Members_Useful_Documents" tests="1" failures="0" errors="0" time="50.661" timestamp="2019-10-31 15:35:46" hostname="DavidHo - VETTEDSP36RF.check.local" id="Test Suites/Members_Useful_Documents">
      <properties>
         <property name="deviceName" value=""/>
         <property name="devicePlatform" value=""/>
         <property name="logFolder" value="C:\\Users\\davidho\\Katalon Studio\\Start\\Reports\\20191031_153516\\Members_Useful_Documents\\20191031_153520"/>
         <property name="logFiles" value="C:\\Users\\davidho\\Katalon Studio\\Start\\Reports\\20191031_153516\\Members_Useful_Documents\\20191031_153520\\execution0.log"/>
         <property name="attachments" value=""/>
         <property name="hostName" value="DavidHo - VETTEDSP36RF.check.local"/>
         <property name="os" value="Windows 10 32bit"/>
         <property name="katalonVersion" value="7.0.5.1"/>
         <property name="browser" value="Chrome 78.0.3904.70"/>
         <property name="hostAddress" value="10.0.11.243"/>
         <property name="sessionId" value="1c22082c3c7c13713b47e8a05354daff"/>
         <property name="seleniumVersion" value="3.141.59"/>
         <property name="proxyInformation" value="ProxyInformation{proxyOption=NO_PROXY, proxyServerType=HTTP, password=, proxyServerAddress=, proxyServerPort=0}"/>
         <property name="platform" value="Windows 10"/>
      </properties>
      <testcase name="Test Cases/Members_Area/Useful_Documents" time="48.831" classname="Test Cases/Members_Area/Useful_Documents" status="PASSED">
         <system-out><![CDATA[2019-10-31 15:35:46 - [TEST_CASE][PASSED] - Test Cases/Members_Area/Useful_Documents: Test Cases/Members_Area/Useful_Documents

2019-10-31 15:35:47 - [TEST_STEP][PASSED] - PAGE = "/other-useful-documents": null

2019-10-31 15:35:48 - [TEST_STEP][PASSED] - for ([row = 1, row <= findTestData("Members_Test_Data").getRowNumbers(), (internal.GlobalVariable.row++)]): Call Test Case 'Test Cases/Reusable_Test_Sequences/Members_Area/Banner_Menu/log_Off' successfully

2019-10-31 15:35:49 - [TEST_STEP][PASSED] - callTestCase(findTestCase("Reusable_Test_Sequences/Members_Area/Start_Up"), [:], OPTIONAL): Call Test Case 'Test Cases/Reusable_Test_Sequences/Members_Area/Start_Up' successfully

2019-10-31 15:35:49 - [TEST_CASE][PASSED] - Test Cases/Reusable_Test_Sequences/Members_Area/Start_Up: Test Cases/Reusable_Test_Sequences/Members_Area/Start_Up

2019-10-31 15:35:50 - [TEST_STEP][PASSED] - data = findTestData("Members_Test_Data"): null

2019-10-31 15:35:50 - [TEST_STEP][PASSED] - Header_Text = "": null

2019-10-31 15:35:50 - [TEST_STEP][PASSED] - Forgotten_Password = "": null

2019-10-31 15:35:50 - [TEST_STEP][PASSED] - Forgotten_Username = "": null

2019-10-31 15:35:50 - [TEST_STEP][PASSED] - Trouble_Logging_In = "": null

2019-10-31 15:35:50 - [TEST_STEP][PASSED] - callTestCase(findTestCase("Reusable_Test_Sequences/URL_Handler"), [:], CONTINUE_ON_FAILURE): Call Test Case 'Test Cases/Reusable_Test_Sequences/URL_Handler' successfully

2019-10-31 15:35:50 - [TEST_CASE][PASSED] - Test Cases/Reusable_Test_Sequences/URL_Handler: Test Cases/Reusable_Test_Sequences/URL_Handler

2019-10-31 15:35:50 - [TEST_STEP][PASSED] - "      CURRENT DEV (MASTER) Environment": null

2019-10-31 15:35:50 - [TEST_STEP][PASSED] - "      Dev Test Environment": null

2019-10-31 15:35:50 - [TEST_STEP][PASSED] - "      Next Dev Environment": null

2019-10-31 15:35:50 - [TEST_STEP][PASSED] - "      Preview Environment": null

2019-10-31 15:35:50 - [TEST_STEP][PASSED] - "      Live": null

2019-10-31 15:35:50 - [TEST_STEP][PASSED] - "######################################################################################################################################################": null

2019-10-31 15:35:50 - [TEST_STEP][PASSED] - "#  OF COURSE, FOR THIS TO WORK THE TEST CREDENTIALS SHOULD BE AVAILABLE ACROSS ALL ENVIRONMENTS - Username = check1234 - & - Password = testing123   #": null

2019-10-31 15:35:50 - [TEST_STEP][PASSED] - switch (URL): null

2019-10-31 15:35:50 - [TEST_STEP][PASSED] - case .*www.preview.checkatrade.*:: null

2019-10-31 15:35:50 - [TEST_STEP][PASSED] - URL = "https://preview-ma.checkatrade.com/login?return=%2Fdashboard": null

2019-10-31 15:35:50 - [TEST_STEP][PASSED] - break: null

2019-10-31 15:35:50 - [TEST_STEP][PASSED] - URL: null

2019-10-31 15:35:50 - [MESSAGE][PASSED] - Call Test Case 'Test Cases/Reusable_Test_Sequences/URL_Handler' successfully

2019-10-31 15:35:50 - [TEST_STEP][PASSED] - "URL - Set from the ENVIRONMENT PROFILE - Specific Page Address Provided By +GlobalVariable.PAGE  ": null

2019-10-31 15:35:50 - [TEST_STEP][PASSED] - openBrowser(URL): Browser is opened with url: 'https://preview-ma.checkatrade.com/login?return=%2Fdashboard'

2019-10-31 15:35:51 - [MESSAGE][INFO] - Starting 'Chrome' driver

2019-10-31 15:35:51 - [MESSAGE][INFO] - Action delay is set to 0 seconds

2019-10-31 15:36:15 - [MESSAGE][PASSED] - Browser is opened with url: 'https://preview-ma.checkatrade.com/login?return=%2Fdashboard'

2019-10-31 15:36:15 - [TEST_STEP][PASSED] - maximizeWindow(): Current window maximized

2019-10-31 15:36:22 - [MESSAGE][PASSED] - Current window maximized

2019-10-31 15:36:22 - [TEST_STEP][PASSED] - waitForPageLoad(60): Wait for page load successfully

2019-10-31 15:36:22 - [MESSAGE][PASSED] - Wait for page load successfully

2019-10-31 15:36:22 - [TEST_STEP][PASSED] - verifyTextPresent(data.getValue("Header_Text", row), false): Text 'EXCLUSIVE ACCESS FOR CHECKATRADE MEMBERS ONLY' is present on page 

2019-10-31 15:36:22 - [MESSAGE][PASSED] - Text 'EXCLUSIVE ACCESS FOR CHECKATRADE MEMBERS ONLY' is present on page 

2019-10-31 15:36:22 - [TEST_STEP][PASSED] - verifyTextPresent(data.getValue("Forgotten_Password", row), false): Text 'Forgotten password?' is present on page 

2019-10-31 15:36:22 - [MESSAGE][PASSED] - Text 'Forgotten password?' is present on page 

2019-10-31 15:36:22 - [TEST_STEP][PASSED] - verifyTextPresent(data.getValue("Forgotten_Username", row), false): Text 'Forgotten username?' is present on page 

2019-10-31 15:36:22 - [MESSAGE][PASSED] - Text 'Forgotten username?' is present on page 

2019-10-31 15:36:22 - [TEST_STEP][PASSED] - verifyTextPresent(data.getValue("Trouble_Logging_In", row), false): Text 'Trouble logging in?' is present on page 

2019-10-31 15:36:23 - [MESSAGE][PASSED] - Text 'Trouble logging in?' is present on page 

2019-10-31 15:36:23 - [MESSAGE][PASSED] - Call Test Case 'Test Cases/Reusable_Test_Sequences/Members_Area/Start_Up' successfully

2019-10-31 15:36:23 - [TEST_STEP][PASSED] - callTestCase(findTestCase("Reusable_Test_Sequences/Members_Area/log_On"), [:], OPTIONAL): Call Test Case 'Test Cases/Reusable_Test_Sequences/Members_Area/log_On' successfully

2019-10-31 15:36:23 - [TEST_CASE][PASSED] - Test Cases/Reusable_Test_Sequences/Members_Area/log_On: Test Cases/Reusable_Test_Sequences/Members_Area/log_On

2019-10-31 15:36:23 - [TEST_STEP][PASSED] - waitForElementPresent(findTestObject("Object Repository/Members/Page_Members Area/button_Log in"), 10): Object 'Object Repository/Members/Page_Members Area/button_Log in' is present

2019-10-31 15:36:23 - [MESSAGE][PASSED] - Object 'Object Repository/Members/Page_Members Area/button_Log in' is present

2019-10-31 15:36:23 - [TEST_STEP][PASSED] - click(findTestObject("Object Repository/Members/Page_Members Area/input_Username_username")): Object: 'Object Repository/Members/Page_Members Area/input_Username_username' is clicked on

2019-10-31 15:36:24 - [MESSAGE][PASSED] - Object: 'Object Repository/Members/Page_Members Area/input_Username_username' is clicked on

2019-10-31 15:36:24 - [TEST_STEP][PASSED] - setText(findTestObject("Object Repository/Members/Page_Members Area/input_Username_username"), Username): Text 'check1234' is set on object 'Object Repository/Members/Page_Members Area/input_Username_username'

2019-10-31 15:36:24 - [MESSAGE][PASSED] - Text 'check1234' is set on object 'Object Repository/Members/Page_Members Area/input_Username_username'

2019-10-31 15:36:24 - [TEST_STEP][PASSED] - click(findTestObject("Object Repository/Members/Page_Members Area/input_Password_password")): Object: 'Object Repository/Members/Page_Members Area/input_Password_password' is clicked on

2019-10-31 15:36:24 - [MESSAGE][PASSED] - Object: 'Object Repository/Members/Page_Members Area/input_Password_password' is clicked on

2019-10-31 15:36:24 - [TEST_STEP][PASSED] - setText(findTestObject("Object Repository/Members/Page_Members Area/input_Password_password"), Password): Text 'testing123' is set on object 'Object Repository/Members/Page_Members Area/input_Password_password'

2019-10-31 15:36:24 - [MESSAGE][PASSED] - Text 'testing123' is set on object 'Object Repository/Members/Page_Members Area/input_Password_password'

2019-10-31 15:36:24 - [TEST_STEP][PASSED] - click(findTestObject("Object Repository/Members/Page_Members Area/button_Log in")): Object: 'Object Repository/Members/Page_Members Area/button_Log in' is clicked on

2019-10-31 15:36:24 - [MESSAGE][PASSED] - Object: 'Object Repository/Members/Page_Members Area/button_Log in' is clicked on

2019-10-31 15:36:24 - [MESSAGE][PASSED] - Call Test Case 'Test Cases/Reusable_Test_Sequences/Members_Area/log_On' successfully

2019-10-31 15:36:24 - [TEST_STEP][PASSED] - callTestCase(findTestCase("Reusable_Test_Sequences/Members_Area/Area_Menu/Your_Account/Useful_Documents"), [:], CONTINUE_ON_FAILURE): Call Test Case 'Test Cases/Reusable_Test_Sequences/Members_Area/Area_Menu/Your_Account/Useful_Documents' successfully

2019-10-31 15:36:24 - [TEST_CASE][PASSED] - Test Cases/Reusable_Test_Sequences/Members_Area/Area_Menu/Your_Account/Useful_Documents: Test Cases/Reusable_Test_Sequences/Members_Area/Area_Menu/Your_Account/Useful_Documents

2019-10-31 15:36:25 - [TEST_STEP][PASSED] - waitForElementPresent(findTestObject("Object Repository/Page_Members Area/div_Useful Documents"), 5): Object 'Object Repository/Page_Members Area/div_Useful Documents' is present

2019-10-31 15:36:27 - [MESSAGE][PASSED] - Object 'Object Repository/Page_Members Area/div_Useful Documents' is present

2019-10-31 15:36:27 - [TEST_STEP][PASSED] - click(findTestObject("Object Repository/Page_Members Area/div_Useful Documents")): Object: 'Object Repository/Page_Members Area/div_Useful Documents' is clicked on

2019-10-31 15:36:32 - [MESSAGE][PASSED] - Object: 'Object Repository/Page_Members Area/div_Useful Documents' is clicked on

2019-10-31 15:36:32 - [MESSAGE][PASSED] - Call Test Case 'Test Cases/Reusable_Test_Sequences/Members_Area/Area_Menu/Your_Account/Useful_Documents' successfully

2019-10-31 15:36:32 - [TEST_STEP][PASSED] - callTestCase(findTestCase("Reusable_Test_Sequences/Members_Area/Validation/Useful_Documents"), [:], CONTINUE_ON_FAILURE): Call Test Case 'Test Cases/Reusable_Test_Sequences/Members_Area/Validation/Useful_Documents' successfully

2019-10-31 15:36:32 - [TEST_CASE][PASSED] - Test Cases/Reusable_Test_Sequences/Members_Area/Validation/Useful_Documents: Test Cases/Reusable_Test_Sequences/Members_Area/Validation/Useful_Documents

2019-10-31 15:36:32 - [TEST_STEP][PASSED] - waitForElementPresent(findTestObject("Object Repository/Membership/Sync_Footer"), 25): Object 'Object Repository/Membership/Sync_Footer' is present

2019-10-31 15:36:32 - [MESSAGE][PASSED] - Object 'Object Repository/Membership/Sync_Footer' is present

2019-10-31 15:36:32 - [TEST_STEP][PASSED] - "---------------------------------": null

2019-10-31 15:36:32 - [TEST_STEP][PASSED] - "DEFAULT TAB - Useful Documents   ": null

2019-10-31 15:36:32 - [TEST_STEP][PASSED] - verifyTextPresent(findTestData("Members_Test_Data").getValue("MEMBER_ID", 1), false): Text '218630' is present on page 

2019-10-31 15:36:33 - [MESSAGE][PASSED] - Text '218630' is present on page 

2019-10-31 15:36:33 - [TEST_STEP][PASSED] - verifyTextPresent("MEMBER ID", false): Text 'MEMBER ID' is present on page 

2019-10-31 15:36:33 - [MESSAGE][PASSED] - Text 'MEMBER ID' is present on page 

2019-10-31 15:36:33 - [TEST_STEP][PASSED] - waitForPageLoad(25): Wait for page load successfully

2019-10-31 15:36:33 - [MESSAGE][PASSED] - Wait for page load successfully

2019-10-31 15:36:33 - [TEST_STEP][PASSED] - verifyTextPresent("Your Checkatrade Useful Documents", false): Text 'Your Checkatrade Useful Documents' is present on page 

2019-10-31 15:36:34 - [MESSAGE][PASSED] - Text 'Your Checkatrade Useful Documents' is present on page 

2019-10-31 15:36:34 - [TEST_STEP][PASSED] - verifyTextPresent("Job sign off", false): Text 'Job sign off' is present on page 

2019-10-31 15:36:34 - [MESSAGE][PASSED] - Text 'Job sign off' is present on page 

2019-10-31 15:36:34 - [TEST_STEP][PASSED] - verifyTextPresent("Indemnity Form - Non-Regulated Trades", false): Text 'Indemnity Form - Non-Regulated Trades' is present on page 

2019-10-31 15:36:34 - [MESSAGE][PASSED] - Text 'Indemnity Form - Non-Regulated Trades' is present on page 

2019-10-31 15:36:34 - [TEST_STEP][PASSED] - verifyTextPresent("Indemnity Form - Regulated Trades", false): Text 'Indemnity Form - Regulated Trades' is present on page 

2019-10-31 15:36:34 - [MESSAGE][PASSED] - Text 'Indemnity Form - Regulated Trades' is present on page 

2019-10-31 15:36:34 - [TEST_STEP][PASSED] - verifyTextPresent("Publishing & Marketing Scams", false): Text 'Publishing & Marketing Scams' is present on page 

2019-10-31 15:36:34 - [MESSAGE][PASSED] - Text 'Publishing & Marketing Scams' is present on page 

2019-10-31 15:36:34 - [TEST_STEP][PASSED] - verifyTextPresent("Below is a list of downloadable forms that may be useful for you", false): Text 'Below is a list of downloadable forms that may be useful for you' is present on page 

2019-10-31 15:36:34 - [MESSAGE][PASSED] - Text 'Below is a list of downloadable forms that may be useful for you' is present on page 

2019-10-31 15:36:34 - [TEST_STEP][PASSED] - verifyTextPresent("please click on the relevant form to preview", false): Text 'please click on the relevant form to preview' is present on page 

2019-10-31 15:36:34 - [MESSAGE][PASSED] - Text 'please click on the relevant form to preview' is present on page 

2019-10-31 15:36:34 - [MESSAGE][PASSED] - Call Test Case 'Test Cases/Reusable_Test_Sequences/Members_Area/Validation/Useful_Documents' successfully

2019-10-31 15:36:34 - [TEST_STEP][PASSED] - callTestCase(findTestCase("Reusable_Test_Sequences/Members_Area/Banner_Menu/log_Off"), [:], STOP_ON_FAILURE): Call Test Case 'Test Cases/Reusable_Test_Sequences/Members_Area/Banner_Menu/log_Off' successfully

2019-10-31 15:36:34 - [TEST_CASE][PASSED] - Test Cases/Reusable_Test_Sequences/Members_Area/Banner_Menu/log_Off: Test Cases/Reusable_Test_Sequences/Members_Area/Banner_Menu/log_Off

2019-10-31 15:36:35 - [TEST_STEP][PASSED] - waitForElementPresent(findTestObject("Object Repository/Page_Members Area/a_Log off"), 5): Object 'Object Repository/Page_Members Area/a_Log off' is present

2019-10-31 15:36:35 - [MESSAGE][PASSED] - Object 'Object Repository/Page_Members Area/a_Log off' is present

2019-10-31 15:36:35 - [TEST_STEP][PASSED] - click(findTestObject("Object Repository/Page_Members Area/a_Log off")): Object: 'Object Repository/Page_Members Area/a_Log off' is clicked on

2019-10-31 15:36:35 - [MESSAGE][PASSED] - Object: 'Object Repository/Page_Members Area/a_Log off' is clicked on

2019-10-31 15:36:35 - [MESSAGE][PASSED] - Call Test Case 'Test Cases/Reusable_Test_Sequences/Members_Area/Banner_Menu/log_Off' successfully]]></system-out>
         <system-err><![CDATA[]]></system-err>
      </testcase>
      <system-out><![CDATA[2019-10-31 15:35:46 - [TEST_SUITE][PASSED] - Members_Useful_Documents: Test Cases/Members_Area/Useful_Documents]]></system-out>
      <system-err><![CDATA[]]></system-err>
   </testsuite>
   <testsuite name="Members_My_Membership" tests="1" failures="0" errors="0" time="45.203" timestamp="2019-10-31 15:36:46" hostname="DavidHo - VETTEDSP36RF.check.local" id="Test Suites/Members_My_Membership">
      <properties>
         <property name="deviceName" value=""/>
         <property name="devicePlatform" value=""/>
         <property name="logFolder" value="C:\\Users\\davidho\\Katalon Studio\\Start\\Reports\\20191031_153516\\Members_My_Membership\\20191031_153521"/>
         <property name="logFiles" value="C:\\Users\\davidho\\Katalon Studio\\Start\\Reports\\20191031_153516\\Members_My_Membership\\20191031_153521\\execution0.log"/>
         <property name="attachments" value=""/>
         <property name="hostName" value="DavidHo - VETTEDSP36RF.check.local"/>
         <property name="os" value="Windows 10 32bit"/>
         <property name="katalonVersion" value="7.0.5.1"/>
         <property name="browser" value="Firefox 69.0"/>
         <property name="hostAddress" value="10.0.11.243"/>
         <property name="sessionId" value="3bf72c5b-8fb7-4035-806b-03d3fc41c585"/>
         <property name="seleniumVersion" value="3.141.59"/>
         <property name="proxyInformation" value="ProxyInformation{proxyOption=NO_PROXY, proxyServerType=HTTP, password=, proxyServerAddress=, proxyServerPort=0}"/>
         <property name="platform" value="Windows 10"/>
      </properties>
      <testcase name="Test Cases/Members_Area/My_Membership" time="41.627" classname="Test Cases/Members_Area/My_Membership" status="PASSED">
         <system-out><![CDATA[2019-10-31 15:36:46 - [TEST_CASE][PASSED] - Test Cases/Members_Area/My_Membership: Test Cases/Members_Area/My_Membership

2019-10-31 15:36:46 - [TEST_STEP][PASSED] - PAGE = "/membership": null

2019-10-31 15:36:47 - [TEST_STEP][PASSED] - for ([row = 1, row <= findTestData("Members_Test_Data").getRowNumbers(), (internal.GlobalVariable.row++)]): Call Test Case 'Test Cases/Reusable_Test_Sequences/Members_Area/Banner_Menu/log_Off' successfully

2019-10-31 15:36:48 - [TEST_STEP][PASSED] - callTestCase(findTestCase("Reusable_Test_Sequences/Members_Area/Start_Up"), [:], OPTIONAL): Unable to call Test Case 'Test Cases/Reusable_Test_Sequences/Members_Area/Start_Up' (Root cause: com.kms.katalon.core.exception.StepFailedException: Call Test Case 'Test Cases/Reusable_Test_Sequences/Members_Area/Start_Up' failed
	at com.kms.katalon.core.keyword.builtin.CallTestCaseKeyword$_callTestCase_closure1.doCall(CallTestCaseKeyword.groovy:63)
	at com.kms.katalon.core.keyword.builtin.CallTestCaseKeyword$_callTestCase_closure1.call(CallTestCaseKeyword.groovy)
	at com.kms.katalon.core.keyword.internal.KeywordMain.runKeyword(KeywordMain.groovy:68)
	at com.kms.katalon.core.keyword.builtin.CallTestCaseKeyword.callTestCase(CallTestCaseKeyword.groovy:81)
	at com.kms.katalon.core.keyword.builtin.CallTestCaseKeyword.execute(CallTestCaseKeyword.groovy:44)
	at com.kms.katalon.core.keyword.internal.KeywordExecutor.executeKeywordForPlatform(KeywordExecutor.groovy:60)
	at com.kms.katalon.core.keyword.BuiltinKeywords.callTestCase(BuiltinKeywords.groovy:334)
	at My_Membership.run(My_Membership:58)
	at com.kms.katalon.core.main.ScriptEngine.run(ScriptEngine.java:194)
	at com.kms.katalon.core.main.ScriptEngine.runScriptAsRawText(ScriptEngine.java:119)
	at com.kms.katalon.core.main.TestCaseExecutor.runScript(TestCaseExecutor.java:337)
	at com.kms.katalon.core.main.TestCaseExecutor.doExecute(TestCaseExecutor.java:328)
	at com.kms.katalon.core.main.TestCaseExecutor.processExecutionPhase(TestCaseExecutor.java:307)
	at com.kms.katalon.core.main.TestCaseExecutor.accessMainPhase(TestCaseExecutor.java:299)
	at com.kms.katalon.core.main.TestCaseExecutor.execute(TestCaseExecutor.java:233)
	at com.kms.katalon.core.main.TestSuiteExecutor.accessTestCaseMainPhase(TestSuiteExecutor.java:169)
	at com.kms.katalon.core.main.TestSuiteExecutor.accessTestSuiteMainPhase(TestSuiteExecutor.java:142)
	at com.kms.katalon.core.main.TestSuiteExecutor.execute(TestSuiteExecutor.java:91)
	at com.kms.katalon.core.main.TestCaseMain.startTestSuite(TestCaseMain.java:157)
	at com.kms.katalon.core.main.TestCaseMain$startTestSuite$0.call(Unknown Source)
	at TempTestSuite1572536121072.run(TempTestSuite1572536121072.groovy:36)
Caused by: com.kms.katalon.core.exception.StepFailedException: Text 'EXCLUSIVE ACCESS FOR CHECKATRADE MEMBERS ONLY' is not present on page  (Root cause: com.kms.katalon.core.exception.StepFailedException: Text 'EXCLUSIVE ACCESS FOR CHECKATRADE MEMBERS ONLY' is not present on page 
	at com.kms.katalon.core.webui.keyword.internal.WebUIKeywordMain.stepFailed(WebUIKeywordMain.groovy:64)
	at com.kms.katalon.core.webui.keyword.builtin.VerifyTextPresentKeyword$_verifyTextPresent_closure1.doCall(VerifyTextPresentKeyword.groovy:79)
	at com.kms.katalon.core.webui.keyword.builtin.VerifyTextPresentKeyword$_verifyTextPresent_closure1.call(VerifyTextPresentKeyword.groovy)
	at com.kms.katalon.core.webui.keyword.internal.WebUIKeywordMain.runKeyword(WebUIKeywordMain.groovy:20)
	at com.kms.katalon.core.webui.keyword.builtin.VerifyTextPresentKeyword.verifyTextPresent(VerifyTextPresentKeyword.groovy:83)
	at com.kms.katalon.core.webui.keyword.builtin.VerifyTextPresentKeyword.execute(VerifyTextPresentKeyword.groovy:68)
	at com.kms.katalon.core.keyword.internal.KeywordExecutor.executeKeywordForPlatform(KeywordExecutor.groovy:60)
	at com.kms.katalon.core.webui.keyword.WebUiBuiltInKeywords.verifyTextPresent(WebUiBuiltInKeywords.groovy:1693)
	at com.kms.katalon.core.webui.keyword.WebUiBuiltInKeywords$verifyTextPresent$2.call(Unknown Source)
	at Start_Up.run(Start_Up:75)
	at com.kms.katalon.core.main.ScriptEngine.run(ScriptEngine.java:194)
	at com.kms.katalon.core.main.ScriptEngine.runScriptAsRawText(ScriptEngine.java:119)
	at com.kms.katalon.core.main.TestCaseExecutor.runScript(TestCaseExecutor.java:337)
	at com.kms.katalon.core.main.TestCaseExecutor.doExecute(TestCaseExecutor.java:328)
	at com.kms.katalon.core.main.TestCaseExecutor.processExecutionPhase(TestCaseExecutor.java:307)
	at com.kms.katalon.core.main.TestCaseExecutor.accessMainPhase(TestCaseExecutor.java:299)
	at com.kms.katalon.core.main.TestCaseExecutor.execute(TestCaseExecutor.java:233)
	at com.kms.katalon.core.main.TestCaseMain.runTestCase(TestCaseMain.java:114)
	at com.kms.katalon.core.keyword.builtin.CallTestCaseKeyword$_callTestCase_closure1.doCall(CallTestCaseKeyword.groovy:59)
	at com.kms.katalon.core.keyword.builtin.CallTestCaseKeyword$_callTestCase_closure1.call(CallTestCaseKeyword.groovy)
	at com.kms.katalon.core.keyword.internal.KeywordMain.runKeyword(KeywordMain.groovy:68)
	at com.kms.katalon.core.keyword.builtin.CallTestCaseKeyword.callTestCase(CallTestCaseKeyword.groovy:81)
	at com.kms.katalon.core.keyword.builtin.CallTestCaseKeyword.execute(CallTestCaseKeyword.groovy:44)
	at com.kms.katalon.core.keyword.internal.KeywordExecutor.executeKeywordForPlatform(KeywordExecutor.groovy:60)
	at com.kms.katalon.core.keyword.BuiltinKeywords.callTestCase(BuiltinKeywords.groovy:334)
	at My_Membership.run(My_Membership:58)
	at com.kms.katalon.core.main.ScriptEngine.run(ScriptEngine.java:194)
	at com.kms.katalon.core.main.ScriptEngine.runScriptAsRawText(ScriptEngine.java:119)
	at com.kms.katalon.core.main.TestCaseExecutor.runScript(TestCaseExecutor.java:337)
	at com.kms.katalon.core.main.TestCaseExecutor.doExecute(TestCaseExecutor.java:328)
	at com.kms.katalon.core.main.TestCaseExecutor.processExecutionPhase(TestCaseExecutor.java:307)
	at com.kms.katalon.core.main.TestCaseExecutor.accessMainPhase(TestCaseExecutor.java:299)
	at com.kms.katalon.core.main.TestCaseExecutor.execute(TestCaseExecutor.java:233)
	at com.kms.katalon.core.main.TestSuiteExecutor.accessTestCaseMainPhase(TestSuiteExecutor.java:169)
	at com.kms.katalon.core.main.TestSuiteExecutor.accessTestSuiteMainPhase(TestSuiteExecutor.java:142)
	at com.kms.katalon.core.main.TestSuiteExecutor.execute(TestSuiteExecutor.java:91)
	at com.kms.katalon.core.main.TestCaseMain.startTestSuite(TestCaseMain.java:157)
	at com.kms.katalon.core.main.TestCaseMain$startTestSuite$0.call(Unknown Source)
	at TempTestSuite1572536121072.run(TempTestSuite1572536121072.groovy:36)
)
	at com.kms.katalon.core.keyword.internal.KeywordMain.stepFailed(KeywordMain.groovy:39)
	at com.kms.katalon.core.webui.keyword.internal.WebUIKeywordMain.stepFailed(WebUIKeywordMain.groovy:64)
	at com.kms.katalon.core.webui.keyword.builtin.VerifyTextPresentKeyword$_verifyTextPresent_closure1.doCall(VerifyTextPresentKeyword.groovy:79)
	at com.kms.katalon.core.webui.keyword.builtin.VerifyTextPresentKeyword$_verifyTextPresent_closure1.call(VerifyTextPresentKeyword.groovy)
	at com.kms.katalon.core.webui.keyword.internal.WebUIKeywordMain.runKeyword(WebUIKeywordMain.groovy:20)
	at com.kms.katalon.core.webui.keyword.builtin.VerifyTextPresentKeyword.verifyTextPresent(VerifyTextPresentKeyword.groovy:83)
	at com.kms.katalon.core.webui.keyword.builtin.VerifyTextPresentKeyword.execute(VerifyTextPresentKeyword.groovy:68)
	at com.kms.katalon.core.keyword.internal.KeywordExecutor.executeKeywordForPlatform(KeywordExecutor.groovy:60)
	at com.kms.katalon.core.webui.keyword.WebUiBuiltInKeywords.verifyTextPresent(WebUiBuiltInKeywords.groovy:1693)
	at com.kms.katalon.core.webui.keyword.WebUiBuiltInKeywords$verifyTextPresent$2.call(Unknown Source)
	at Start_Up.run(Start_Up:75)
	at com.kms.katalon.core.main.ScriptEngine.run(ScriptEngine.java:194)
	at com.kms.katalon.core.main.ScriptEngine.runScriptAsRawText(ScriptEngine.java:119)
	at com.kms.katalon.core.main.TestCaseExecutor.runScript(TestCaseExecutor.java:337)
	at com.kms.katalon.core.main.TestCaseExecutor.doExecute(TestCaseExecutor.java:328)
	at com.kms.katalon.core.main.TestCaseExecutor.processExecutionPhase(TestCaseExecutor.java:307)
	at com.kms.katalon.core.main.TestCaseExecutor.accessMainPhase(TestCaseExecutor.java:299)
	at com.kms.katalon.core.main.TestCaseExecutor.execute(TestCaseExecutor.java:233)
	at com.kms.katalon.core.main.TestCaseMain.runTestCase(TestCaseMain.java:114)
	at com.kms.katalon.core.keyword.builtin.CallTestCaseKeyword$_callTestCase_closure1.doCall(CallTestCaseKeyword.groovy:59)
	... 20 more
Caused by: com.kms.katalon.core.exception.StepFailedException: Text 'EXCLUSIVE ACCESS FOR CHECKATRADE MEMBERS ONLY' is not present on page 
	... 39 more
)

2019-10-31 15:36:49 - [TEST_CASE][FAILED] - Test Cases/Reusable_Test_Sequences/Members_Area/Start_Up: Test Cases/Reusable_Test_Sequences/Members_Area/Start_Up FAILED.
Reason:
com.kms.katalon.core.exception.StepFailedException: Text 'EXCLUSIVE ACCESS FOR CHECKATRADE MEMBERS ONLY' is not present on page  (Root cause: com.kms.katalon.core.exception.StepFailedException: Text 'EXCLUSIVE ACCESS FOR CHECKATRADE MEMBERS ONLY' is not present on page 
	at com.kms.katalon.core.webui.keyword.internal.WebUIKeywordMain.stepFailed(WebUIKeywordMain.groovy:64)
	at com.kms.katalon.core.webui.keyword.builtin.VerifyTextPresentKeyword$_verifyTextPresent_closure1.doCall(VerifyTextPresentKeyword.groovy:79)
	at com.kms.katalon.core.webui.keyword.builtin.VerifyTextPresentKeyword$_verifyTextPresent_closure1.call(VerifyTextPresentKeyword.groovy)
	at com.kms.katalon.core.webui.keyword.internal.WebUIKeywordMain.runKeyword(WebUIKeywordMain.groovy:20)
	at com.kms.katalon.core.webui.keyword.builtin.VerifyTextPresentKeyword.verifyTextPresent(VerifyTextPresentKeyword.groovy:83)
	at com.kms.katalon.core.webui.keyword.builtin.VerifyTextPresentKeyword.execute(VerifyTextPresentKeyword.groovy:68)
	at com.kms.katalon.core.keyword.internal.KeywordExecutor.executeKeywordForPlatform(KeywordExecutor.groovy:60)
	at com.kms.katalon.core.webui.keyword.WebUiBuiltInKeywords.verifyTextPresent(WebUiBuiltInKeywords.groovy:1693)
	at com.kms.katalon.core.webui.keyword.WebUiBuiltInKeywords$verifyTextPresent$2.call(Unknown Source)
	at Start_Up.run(Start_Up:75)
	at com.kms.katalon.core.main.ScriptEngine.run(ScriptEngine.java:194)
	at com.kms.katalon.core.main.ScriptEngine.runScriptAsRawText(ScriptEngine.java:119)
	at com.kms.katalon.core.main.TestCaseExecutor.runScript(TestCaseExecutor.java:337)
	at com.kms.katalon.core.main.TestCaseExecutor.doExecute(TestCaseExecutor.java:328)
	at com.kms.katalon.core.main.TestCaseExecutor.processExecutionPhase(TestCaseExecutor.java:307)
	at com.kms.katalon.core.main.TestCaseExecutor.accessMainPhase(TestCaseExecutor.java:299)
	at com.kms.katalon.core.main.TestCaseExecutor.execute(TestCaseExecutor.java:233)
	at com.kms.katalon.core.main.TestCaseMain.runTestCase(TestCaseMain.java:114)
	at com.kms.katalon.core.keyword.builtin.CallTestCaseKeyword$_callTestCase_closure1.doCall(CallTestCaseKeyword.groovy:59)
	at com.kms.katalon.core.keyword.builtin.CallTestCaseKeyword$_callTestCase_closure1.call(CallTestCaseKeyword.groovy)
	at com.kms.katalon.core.keyword.internal.KeywordMain.runKeyword(KeywordMain.groovy:68)
	at com.kms.katalon.core.keyword.builtin.CallTestCaseKeyword.callTestCase(CallTestCaseKeyword.groovy:81)
	at com.kms.katalon.core.keyword.builtin.CallTestCaseKeyword.execute(CallTestCaseKeyword.groovy:44)
	at com.kms.katalon.core.keyword.internal.KeywordExecutor.executeKeywordForPlatform(KeywordExecutor.groovy:60)
	at com.kms.katalon.core.keyword.BuiltinKeywords.callTestCase(BuiltinKeywords.groovy:334)
	at My_Membership.run(My_Membership:58)
	at com.kms.katalon.core.main.ScriptEngine.run(ScriptEngine.java:194)
	at com.kms.katalon.core.main.ScriptEngine.runScriptAsRawText(ScriptEngine.java:119)
	at com.kms.katalon.core.main.TestCaseExecutor.runScript(TestCaseExecutor.java:337)
	at com.kms.katalon.core.main.TestCaseExecutor.doExecute(TestCaseExecutor.java:328)
	at com.kms.katalon.core.main.TestCaseExecutor.processExecutionPhase(TestCaseExecutor.java:307)
	at com.kms.katalon.core.main.TestCaseExecutor.accessMainPhase(TestCaseExecutor.java:299)
	at com.kms.katalon.core.main.TestCaseExecutor.execute(TestCaseExecutor.java:233)
	at com.kms.katalon.core.main.TestSuiteExecutor.accessTestCaseMainPhase(TestSuiteExecutor.java:169)
	at com.kms.katalon.core.main.TestSuiteExecutor.accessTestSuiteMainPhase(TestSuiteExecutor.java:142)
	at com.kms.katalon.core.main.TestSuiteExecutor.execute(TestSuiteExecutor.java:91)
	at com.kms.katalon.core.main.TestCaseMain.startTestSuite(TestCaseMain.java:157)
	at com.kms.katalon.core.main.TestCaseMain$startTestSuite$0.call(Unknown Source)
	at TempTestSuite1572536121072.run(TempTestSuite1572536121072.groovy:36)
)
	at com.kms.katalon.core.keyword.internal.KeywordMain.stepFailed(KeywordMain.groovy:39)
	at com.kms.katalon.core.webui.keyword.internal.WebUIKeywordMain.stepFailed(WebUIKeywordMain.groovy:64)
	at com.kms.katalon.core.webui.keyword.builtin.VerifyTextPresentKeyword$_verifyTextPresent_closure1.doCall(VerifyTextPresentKeyword.groovy:79)
	at com.kms.katalon.core.webui.keyword.builtin.VerifyTextPresentKeyword$_verifyTextPresent_closure1.call(VerifyTextPresentKeyword.groovy)
	at com.kms.katalon.core.webui.keyword.internal.WebUIKeywordMain.runKeyword(WebUIKeywordMain.groovy:20)
	at com.kms.katalon.core.webui.keyword.builtin.VerifyTextPresentKeyword.verifyTextPresent(VerifyTextPresentKeyword.groovy:83)
	at com.kms.katalon.core.webui.keyword.builtin.VerifyTextPresentKeyword.execute(VerifyTextPresentKeyword.groovy:68)
	at com.kms.katalon.core.keyword.internal.KeywordExecutor.executeKeywordForPlatform(KeywordExecutor.groovy:60)
	at com.kms.katalon.core.webui.keyword.WebUiBuiltInKeywords.verifyTextPresent(WebUiBuiltInKeywords.groovy:1693)
	at com.kms.katalon.core.webui.keyword.WebUiBuiltInKeywords$verifyTextPresent$2.call(Unknown Source)
	at Start_Up.run(Start_Up:75)
	at com.kms.katalon.core.main.ScriptEngine.run(ScriptEngine.java:194)
	at com.kms.katalon.core.main.ScriptEngine.runScriptAsRawText(ScriptEngine.java:119)
	at com.kms.katalon.core.main.TestCaseExecutor.runScript(TestCaseExecutor.java:337)
	at com.kms.katalon.core.main.TestCaseExecutor.doExecute(TestCaseExecutor.java:328)
	at com.kms.katalon.core.main.TestCaseExecutor.processExecutionPhase(TestCaseExecutor.java:307)
	at com.kms.katalon.core.main.TestCaseExecutor.accessMainPhase(TestCaseExecutor.java:299)
	at com.kms.katalon.core.main.TestCaseExecutor.execute(TestCaseExecutor.java:233)
	at com.kms.katalon.core.main.TestCaseMain.runTestCase(TestCaseMain.java:114)
	at com.kms.katalon.core.keyword.builtin.CallTestCaseKeyword$_callTestCase_closure1.doCall(CallTestCaseKeyword.groovy:59)
	at com.kms.katalon.core.keyword.builtin.CallTestCaseKeyword$_callTestCase_closure1.call(CallTestCaseKeyword.groovy)
	at com.kms.katalon.core.keyword.internal.KeywordMain.runKeyword(KeywordMain.groovy:68)
	at com.kms.katalon.core.keyword.builtin.CallTestCaseKeyword.callTestCase(CallTestCaseKeyword.groovy:81)
	at com.kms.katalon.core.keyword.builtin.CallTestCaseKeyword.execute(CallTestCaseKeyword.groovy:44)
	at com.kms.katalon.core.keyword.internal.KeywordExecutor.executeKeywordForPlatform(KeywordExecutor.groovy:60)
	at com.kms.katalon.core.keyword.BuiltinKeywords.callTestCase(BuiltinKeywords.groovy:334)
	at My_Membership.run(My_Membership:58)
	at com.kms.katalon.core.main.ScriptEngine.run(ScriptEngine.java:194)
	at com.kms.katalon.core.main.ScriptEngine.runScriptAsRawText(ScriptEngine.java:119)
	at com.kms.katalon.core.main.TestCaseExecutor.runScript(TestCaseExecutor.java:337)
	at com.kms.katalon.core.main.TestCaseExecutor.doExecute(TestCaseExecutor.java:328)
	at com.kms.katalon.core.main.TestCaseExecutor.processExecutionPhase(TestCaseExecutor.java:307)
	at com.kms.katalon.core.main.TestCaseExecutor.accessMainPhase(TestCaseExecutor.java:299)
	at com.kms.katalon.core.main.TestCaseExecutor.execute(TestCaseExecutor.java:233)
	at com.kms.katalon.core.main.TestSuiteExecutor.accessTestCaseMainPhase(TestSuiteExecutor.java:169)
	at com.kms.katalon.core.main.TestSuiteExecutor.accessTestSuiteMainPhase(TestSuiteExecutor.java:142)
	at com.kms.katalon.core.main.TestSuiteExecutor.execute(TestSuiteExecutor.java:91)
	at com.kms.katalon.core.main.TestCaseMain.startTestSuite(TestCaseMain.java:157)
	at com.kms.katalon.core.main.TestCaseMain$startTestSuite$0.call(Unknown Source)
	at TempTestSuite1572536121072.run(TempTestSuite1572536121072.groovy:36)
Caused by: com.kms.katalon.core.exception.StepFailedException: Text 'EXCLUSIVE ACCESS FOR CHECKATRADE MEMBERS ONLY' is not present on page 
	... 39 more


2019-10-31 15:36:49 - [TEST_STEP][PASSED] - data = findTestData("Members_Test_Data"): null

2019-10-31 15:36:49 - [TEST_STEP][PASSED] - Header_Text = "": null

2019-10-31 15:36:49 - [TEST_STEP][PASSED] - Forgotten_Password = "": null

2019-10-31 15:36:49 - [TEST_STEP][PASSED] - Forgotten_Username = "": null

2019-10-31 15:36:49 - [TEST_STEP][PASSED] - Trouble_Logging_In = "": null

2019-10-31 15:36:49 - [TEST_STEP][PASSED] - callTestCase(findTestCase("Reusable_Test_Sequences/URL_Handler"), [:], CONTINUE_ON_FAILURE): Call Test Case 'Test Cases/Reusable_Test_Sequences/URL_Handler' successfully

2019-10-31 15:36:50 - [TEST_CASE][PASSED] - Test Cases/Reusable_Test_Sequences/URL_Handler: Test Cases/Reusable_Test_Sequences/URL_Handler

2019-10-31 15:36:50 - [TEST_STEP][PASSED] - "      CURRENT DEV (MASTER) Environment": null

2019-10-31 15:36:50 - [TEST_STEP][PASSED] - "      Dev Test Environment": null

2019-10-31 15:36:50 - [TEST_STEP][PASSED] - "      Next Dev Environment": null

2019-10-31 15:36:50 - [TEST_STEP][PASSED] - "      Preview Environment": null

2019-10-31 15:36:50 - [TEST_STEP][PASSED] - "      Live": null

2019-10-31 15:36:50 - [TEST_STEP][PASSED] - "######################################################################################################################################################": null

2019-10-31 15:36:50 - [TEST_STEP][PASSED] - "#  OF COURSE, FOR THIS TO WORK THE TEST CREDENTIALS SHOULD BE AVAILABLE ACROSS ALL ENVIRONMENTS - Username = check1234 - & - Password = testing123   #": null

2019-10-31 15:36:50 - [TEST_STEP][PASSED] - switch (URL): null

2019-10-31 15:36:50 - [TEST_STEP][PASSED] - case .*www.preview.checkatrade.*:: null

2019-10-31 15:36:50 - [TEST_STEP][PASSED] - URL = "https://preview-ma.checkatrade.com/login?return=%2Fdashboard": null

2019-10-31 15:36:50 - [TEST_STEP][PASSED] - break: null

2019-10-31 15:36:50 - [TEST_STEP][PASSED] - URL: null

2019-10-31 15:36:50 - [MESSAGE][PASSED] - Call Test Case 'Test Cases/Reusable_Test_Sequences/URL_Handler' successfully

2019-10-31 15:36:50 - [TEST_STEP][PASSED] - "URL - Set from the ENVIRONMENT PROFILE - Specific Page Address Provided By +GlobalVariable.PAGE  ": null

2019-10-31 15:36:50 - [TEST_STEP][PASSED] - openBrowser(URL): Browser is opened with url: 'https://preview-ma.checkatrade.com/login?return=%2Fdashboard'

2019-10-31 15:36:50 - [MESSAGE][INFO] - Starting 'Firefox' driver

2019-10-31 15:36:50 - [MESSAGE][INFO] - Action delay is set to 0 seconds

2019-10-31 15:37:13 - [MESSAGE][PASSED] - Browser is opened with url: 'https://preview-ma.checkatrade.com/login?return=%2Fdashboard'

2019-10-31 15:37:13 - [TEST_STEP][PASSED] - maximizeWindow(): Current window maximized

2019-10-31 15:37:13 - [MESSAGE][PASSED] - Current window maximized

2019-10-31 15:37:13 - [TEST_STEP][PASSED] - waitForPageLoad(60): Wait for page load successfully

2019-10-31 15:37:13 - [MESSAGE][PASSED] - Wait for page load successfully

2019-10-31 15:37:13 - [TEST_STEP][FAILED] - verifyTextPresent(data.getValue("Header_Text", row), false): Text 'EXCLUSIVE ACCESS FOR CHECKATRADE MEMBERS ONLY' is not present on page  (Root cause: com.kms.katalon.core.exception.StepFailedException: Text 'EXCLUSIVE ACCESS FOR CHECKATRADE MEMBERS ONLY' is not present on page 
	at com.kms.katalon.core.webui.keyword.internal.WebUIKeywordMain.stepFailed(WebUIKeywordMain.groovy:64)
	at com.kms.katalon.core.webui.keyword.builtin.VerifyTextPresentKeyword$_verifyTextPresent_closure1.doCall(VerifyTextPresentKeyword.groovy:79)
	at com.kms.katalon.core.webui.keyword.builtin.VerifyTextPresentKeyword$_verifyTextPresent_closure1.call(VerifyTextPresentKeyword.groovy)
	at com.kms.katalon.core.webui.keyword.internal.WebUIKeywordMain.runKeyword(WebUIKeywordMain.groovy:20)
	at com.kms.katalon.core.webui.keyword.builtin.VerifyTextPresentKeyword.verifyTextPresent(VerifyTextPresentKeyword.groovy:83)
	at com.kms.katalon.core.webui.keyword.builtin.VerifyTextPresentKeyword.execute(VerifyTextPresentKeyword.groovy:68)
	at com.kms.katalon.core.keyword.internal.KeywordExecutor.executeKeywordForPlatform(KeywordExecutor.groovy:60)
	at com.kms.katalon.core.webui.keyword.WebUiBuiltInKeywords.verifyTextPresent(WebUiBuiltInKeywords.groovy:1693)
	at com.kms.katalon.core.webui.keyword.WebUiBuiltInKeywords$verifyTextPresent$2.call(Unknown Source)
	at Start_Up.run(Start_Up:75)
	at com.kms.katalon.core.main.ScriptEngine.run(ScriptEngine.java:194)
	at com.kms.katalon.core.main.ScriptEngine.runScriptAsRawText(ScriptEngine.java:119)
	at com.kms.katalon.core.main.TestCaseExecutor.runScript(TestCaseExecutor.java:337)
	at com.kms.katalon.core.main.TestCaseExecutor.doExecute(TestCaseExecutor.java:328)
	at com.kms.katalon.core.main.TestCaseExecutor.processExecutionPhase(TestCaseExecutor.java:307)
	at com.kms.katalon.core.main.TestCaseExecutor.accessMainPhase(TestCaseExecutor.java:299)
	at com.kms.katalon.core.main.TestCaseExecutor.execute(TestCaseExecutor.java:233)
	at com.kms.katalon.core.main.TestCaseMain.runTestCase(TestCaseMain.java:114)
	at com.kms.katalon.core.keyword.builtin.CallTestCaseKeyword$_callTestCase_closure1.doCall(CallTestCaseKeyword.groovy:59)
	at com.kms.katalon.core.keyword.builtin.CallTestCaseKeyword$_callTestCase_closure1.call(CallTestCaseKeyword.groovy)
	at com.kms.katalon.core.keyword.internal.KeywordMain.runKeyword(KeywordMain.groovy:68)
	at com.kms.katalon.core.keyword.builtin.CallTestCaseKeyword.callTestCase(CallTestCaseKeyword.groovy:81)
	at com.kms.katalon.core.keyword.builtin.CallTestCaseKeyword.execute(CallTestCaseKeyword.groovy:44)
	at com.kms.katalon.core.keyword.internal.KeywordExecutor.executeKeywordForPlatform(KeywordExecutor.groovy:60)
	at com.kms.katalon.core.keyword.BuiltinKeywords.callTestCase(BuiltinKeywords.groovy:334)
	at My_Membership.run(My_Membership:58)
	at com.kms.katalon.core.main.ScriptEngine.run(ScriptEngine.java:194)
	at com.kms.katalon.core.main.ScriptEngine.runScriptAsRawText(ScriptEngine.java:119)
	at com.kms.katalon.core.main.TestCaseExecutor.runScript(TestCaseExecutor.java:337)
	at com.kms.katalon.core.main.TestCaseExecutor.doExecute(TestCaseExecutor.java:328)
	at com.kms.katalon.core.main.TestCaseExecutor.processExecutionPhase(TestCaseExecutor.java:307)
	at com.kms.katalon.core.main.TestCaseExecutor.accessMainPhase(TestCaseExecutor.java:299)
	at com.kms.katalon.core.main.TestCaseExecutor.execute(TestCaseExecutor.java:233)
	at com.kms.katalon.core.main.TestSuiteExecutor.accessTestCaseMainPhase(TestSuiteExecutor.java:169)
	at com.kms.katalon.core.main.TestSuiteExecutor.accessTestSuiteMainPhase(TestSuiteExecutor.java:142)
	at com.kms.katalon.core.main.TestSuiteExecutor.execute(TestSuiteExecutor.java:91)
	at com.kms.katalon.core.main.TestCaseMain.startTestSuite(TestCaseMain.java:157)
	at com.kms.katalon.core.main.TestCaseMain$startTestSuite$0.call(Unknown Source)
	at TempTestSuite1572536121072.run(TempTestSuite1572536121072.groovy:36)
)

2019-10-31 15:37:13 - [MESSAGE][FAILED] - Text 'EXCLUSIVE ACCESS FOR CHECKATRADE MEMBERS ONLY' is not present on page  (Root cause: com.kms.katalon.core.exception.StepFailedException: Text 'EXCLUSIVE ACCESS FOR CHECKATRADE MEMBERS ONLY' is not present on page 
	at com.kms.katalon.core.webui.keyword.internal.WebUIKeywordMain.stepFailed(WebUIKeywordMain.groovy:64)
	at com.kms.katalon.core.webui.keyword.builtin.VerifyTextPresentKeyword$_verifyTextPresent_closure1.doCall(VerifyTextPresentKeyword.groovy:79)
	at com.kms.katalon.core.webui.keyword.builtin.VerifyTextPresentKeyword$_verifyTextPresent_closure1.call(VerifyTextPresentKeyword.groovy)
	at com.kms.katalon.core.webui.keyword.internal.WebUIKeywordMain.runKeyword(WebUIKeywordMain.groovy:20)
	at com.kms.katalon.core.webui.keyword.builtin.VerifyTextPresentKeyword.verifyTextPresent(VerifyTextPresentKeyword.groovy:83)
	at com.kms.katalon.core.webui.keyword.builtin.VerifyTextPresentKeyword.execute(VerifyTextPresentKeyword.groovy:68)
	at com.kms.katalon.core.keyword.internal.KeywordExecutor.executeKeywordForPlatform(KeywordExecutor.groovy:60)
	at com.kms.katalon.core.webui.keyword.WebUiBuiltInKeywords.verifyTextPresent(WebUiBuiltInKeywords.groovy:1693)
	at com.kms.katalon.core.webui.keyword.WebUiBuiltInKeywords$verifyTextPresent$2.call(Unknown Source)
	at Start_Up.run(Start_Up:75)
	at com.kms.katalon.core.main.ScriptEngine.run(ScriptEngine.java:194)
	at com.kms.katalon.core.main.ScriptEngine.runScriptAsRawText(ScriptEngine.java:119)
	at com.kms.katalon.core.main.TestCaseExecutor.runScript(TestCaseExecutor.java:337)
	at com.kms.katalon.core.main.TestCaseExecutor.doExecute(TestCaseExecutor.java:328)
	at com.kms.katalon.core.main.TestCaseExecutor.processExecutionPhase(TestCaseExecutor.java:307)
	at com.kms.katalon.core.main.TestCaseExecutor.accessMainPhase(TestCaseExecutor.java:299)
	at com.kms.katalon.core.main.TestCaseExecutor.execute(TestCaseExecutor.java:233)
	at com.kms.katalon.core.main.TestCaseMain.runTestCase(TestCaseMain.java:114)
	at com.kms.katalon.core.keyword.builtin.CallTestCaseKeyword$_callTestCase_closure1.doCall(CallTestCaseKeyword.groovy:59)
	at com.kms.katalon.core.keyword.builtin.CallTestCaseKeyword$_callTestCase_closure1.call(CallTestCaseKeyword.groovy)
	at com.kms.katalon.core.keyword.internal.KeywordMain.runKeyword(KeywordMain.groovy:68)
	at com.kms.katalon.core.keyword.builtin.CallTestCaseKeyword.callTestCase(CallTestCaseKeyword.groovy:81)
	at com.kms.katalon.core.keyword.builtin.CallTestCaseKeyword.execute(CallTestCaseKeyword.groovy:44)
	at com.kms.katalon.core.keyword.internal.KeywordExecutor.executeKeywordForPlatform(KeywordExecutor.groovy:60)
	at com.kms.katalon.core.keyword.BuiltinKeywords.callTestCase(BuiltinKeywords.groovy:334)
	at My_Membership.run(My_Membership:58)
	at com.kms.katalon.core.main.ScriptEngine.run(ScriptEngine.java:194)
	at com.kms.katalon.core.main.ScriptEngine.runScriptAsRawText(ScriptEngine.java:119)
	at com.kms.katalon.core.main.TestCaseExecutor.runScript(TestCaseExecutor.java:337)
	at com.kms.katalon.core.main.TestCaseExecutor.doExecute(TestCaseExecutor.java:328)
	at com.kms.katalon.core.main.TestCaseExecutor.processExecutionPhase(TestCaseExecutor.java:307)
	at com.kms.katalon.core.main.TestCaseExecutor.accessMainPhase(TestCaseExecutor.java:299)
	at com.kms.katalon.core.main.TestCaseExecutor.execute(TestCaseExecutor.java:233)
	at com.kms.katalon.core.main.TestSuiteExecutor.accessTestCaseMainPhase(TestSuiteExecutor.java:169)
	at com.kms.katalon.core.main.TestSuiteExecutor.accessTestSuiteMainPhase(TestSuiteExecutor.java:142)
	at com.kms.katalon.core.main.TestSuiteExecutor.execute(TestSuiteExecutor.java:91)
	at com.kms.katalon.core.main.TestCaseMain.startTestSuite(TestCaseMain.java:157)
	at com.kms.katalon.core.main.TestCaseMain$startTestSuite$0.call(Unknown Source)
	at TempTestSuite1572536121072.run(TempTestSuite1572536121072.groovy:36)
)

2019-10-31 15:37:13 - [TEST_STEP][FAILED] - verifyTextPresent(data.getValue("Forgotten_Password", row), false): Text 'Forgotten password?' is not present on page  (Root cause: com.kms.katalon.core.exception.StepFailedException: Text 'Forgotten password?' is not present on page 
	at com.kms.katalon.core.webui.keyword.internal.WebUIKeywordMain.stepFailed(WebUIKeywordMain.groovy:64)
	at com.kms.katalon.core.webui.keyword.builtin.VerifyTextPresentKeyword$_verifyTextPresent_closure1.doCall(VerifyTextPresentKeyword.groovy:79)
	at com.kms.katalon.core.webui.keyword.builtin.VerifyTextPresentKeyword$_verifyTextPresent_closure1.call(VerifyTextPresentKeyword.groovy)
	at com.kms.katalon.core.webui.keyword.internal.WebUIKeywordMain.runKeyword(WebUIKeywordMain.groovy:20)
	at com.kms.katalon.core.webui.keyword.builtin.VerifyTextPresentKeyword.verifyTextPresent(VerifyTextPresentKeyword.groovy:83)
	at com.kms.katalon.core.webui.keyword.builtin.VerifyTextPresentKeyword.execute(VerifyTextPresentKeyword.groovy:68)
	at com.kms.katalon.core.keyword.internal.KeywordExecutor.executeKeywordForPlatform(KeywordExecutor.groovy:60)
	at com.kms.katalon.core.webui.keyword.WebUiBuiltInKeywords.verifyTextPresent(WebUiBuiltInKeywords.groovy:1693)
	at com.kms.katalon.core.webui.keyword.WebUiBuiltInKeywords$verifyTextPresent$2.call(Unknown Source)
	at Start_Up.run(Start_Up:81)
	at com.kms.katalon.core.main.ScriptEngine.run(ScriptEngine.java:194)
	at com.kms.katalon.core.main.ScriptEngine.runScriptAsRawText(ScriptEngine.java:119)
	at com.kms.katalon.core.main.TestCaseExecutor.runScript(TestCaseExecutor.java:337)
	at com.kms.katalon.core.main.TestCaseExecutor.doExecute(TestCaseExecutor.java:328)
	at com.kms.katalon.core.main.TestCaseExecutor.processExecutionPhase(TestCaseExecutor.java:307)
	at com.kms.katalon.core.main.TestCaseExecutor.accessMainPhase(TestCaseExecutor.java:299)
	at com.kms.katalon.core.main.TestCaseExecutor.execute(TestCaseExecutor.java:233)
	at com.kms.katalon.core.main.TestCaseMain.runTestCase(TestCaseMain.java:114)
	at com.kms.katalon.core.keyword.builtin.CallTestCaseKeyword$_callTestCase_closure1.doCall(CallTestCaseKeyword.groovy:59)
	at com.kms.katalon.core.keyword.builtin.CallTestCaseKeyword$_callTestCase_closure1.call(CallTestCaseKeyword.groovy)
	at com.kms.katalon.core.keyword.internal.KeywordMain.runKeyword(KeywordMain.groovy:68)
	at com.kms.katalon.core.keyword.builtin.CallTestCaseKeyword.callTestCase(CallTestCaseKeyword.groovy:81)
	at com.kms.katalon.core.keyword.builtin.CallTestCaseKeyword.execute(CallTestCaseKeyword.groovy:44)
	at com.kms.katalon.core.keyword.internal.KeywordExecutor.executeKeywordForPlatform(KeywordExecutor.groovy:60)
	at com.kms.katalon.core.keyword.BuiltinKeywords.callTestCase(BuiltinKeywords.groovy:334)
	at My_Membership.run(My_Membership:58)
	at com.kms.katalon.core.main.ScriptEngine.run(ScriptEngine.java:194)
	at com.kms.katalon.core.main.ScriptEngine.runScriptAsRawText(ScriptEngine.java:119)
	at com.kms.katalon.core.main.TestCaseExecutor.runScript(TestCaseExecutor.java:337)
	at com.kms.katalon.core.main.TestCaseExecutor.doExecute(TestCaseExecutor.java:328)
	at com.kms.katalon.core.main.TestCaseExecutor.processExecutionPhase(TestCaseExecutor.java:307)
	at com.kms.katalon.core.main.TestCaseExecutor.accessMainPhase(TestCaseExecutor.java:299)
	at com.kms.katalon.core.main.TestCaseExecutor.execute(TestCaseExecutor.java:233)
	at com.kms.katalon.core.main.TestSuiteExecutor.accessTestCaseMainPhase(TestSuiteExecutor.java:169)
	at com.kms.katalon.core.main.TestSuiteExecutor.accessTestSuiteMainPhase(TestSuiteExecutor.java:142)
	at com.kms.katalon.core.main.TestSuiteExecutor.execute(TestSuiteExecutor.java:91)
	at com.kms.katalon.core.main.TestCaseMain.startTestSuite(TestCaseMain.java:157)
	at com.kms.katalon.core.main.TestCaseMain$startTestSuite$0.call(Unknown Source)
	at TempTestSuite1572536121072.run(TempTestSuite1572536121072.groovy:36)
)

2019-10-31 15:37:13 - [MESSAGE][FAILED] - Text 'Forgotten password?' is not present on page  (Root cause: com.kms.katalon.core.exception.StepFailedException: Text 'Forgotten password?' is not present on page 
	at com.kms.katalon.core.webui.keyword.internal.WebUIKeywordMain.stepFailed(WebUIKeywordMain.groovy:64)
	at com.kms.katalon.core.webui.keyword.builtin.VerifyTextPresentKeyword$_verifyTextPresent_closure1.doCall(VerifyTextPresentKeyword.groovy:79)
	at com.kms.katalon.core.webui.keyword.builtin.VerifyTextPresentKeyword$_verifyTextPresent_closure1.call(VerifyTextPresentKeyword.groovy)
	at com.kms.katalon.core.webui.keyword.internal.WebUIKeywordMain.runKeyword(WebUIKeywordMain.groovy:20)
	at com.kms.katalon.core.webui.keyword.builtin.VerifyTextPresentKeyword.verifyTextPresent(VerifyTextPresentKeyword.groovy:83)
	at com.kms.katalon.core.webui.keyword.builtin.VerifyTextPresentKeyword.execute(VerifyTextPresentKeyword.groovy:68)
	at com.kms.katalon.core.keyword.internal.KeywordExecutor.executeKeywordForPlatform(KeywordExecutor.groovy:60)
	at com.kms.katalon.core.webui.keyword.WebUiBuiltInKeywords.verifyTextPresent(WebUiBuiltInKeywords.groovy:1693)
	at com.kms.katalon.core.webui.keyword.WebUiBuiltInKeywords$verifyTextPresent$2.call(Unknown Source)
	at Start_Up.run(Start_Up:81)
	at com.kms.katalon.core.main.ScriptEngine.run(ScriptEngine.java:194)
	at com.kms.katalon.core.main.ScriptEngine.runScriptAsRawText(ScriptEngine.java:119)
	at com.kms.katalon.core.main.TestCaseExecutor.runScript(TestCaseExecutor.java:337)
	at com.kms.katalon.core.main.TestCaseExecutor.doExecute(TestCaseExecutor.java:328)
	at com.kms.katalon.core.main.TestCaseExecutor.processExecutionPhase(TestCaseExecutor.java:307)
	at com.kms.katalon.core.main.TestCaseExecutor.accessMainPhase(TestCaseExecutor.java:299)
	at com.kms.katalon.core.main.TestCaseExecutor.execute(TestCaseExecutor.java:233)
	at com.kms.katalon.core.main.TestCaseMain.runTestCase(TestCaseMain.java:114)
	at com.kms.katalon.core.keyword.builtin.CallTestCaseKeyword$_callTestCase_closure1.doCall(CallTestCaseKeyword.groovy:59)
	at com.kms.katalon.core.keyword.builtin.CallTestCaseKeyword$_callTestCase_closure1.call(CallTestCaseKeyword.groovy)
	at com.kms.katalon.core.keyword.internal.KeywordMain.runKeyword(KeywordMain.groovy:68)
	at com.kms.katalon.core.keyword.builtin.CallTestCaseKeyword.callTestCase(CallTestCaseKeyword.groovy:81)
	at com.kms.katalon.core.keyword.builtin.CallTestCaseKeyword.execute(CallTestCaseKeyword.groovy:44)
	at com.kms.katalon.core.keyword.internal.KeywordExecutor.executeKeywordForPlatform(KeywordExecutor.groovy:60)
	at com.kms.katalon.core.keyword.BuiltinKeywords.callTestCase(BuiltinKeywords.groovy:334)
	at My_Membership.run(My_Membership:58)
	at com.kms.katalon.core.main.ScriptEngine.run(ScriptEngine.java:194)
	at com.kms.katalon.core.main.ScriptEngine.runScriptAsRawText(ScriptEngine.java:119)
	at com.kms.katalon.core.main.TestCaseExecutor.runScript(TestCaseExecutor.java:337)
	at com.kms.katalon.core.main.TestCaseExecutor.doExecute(TestCaseExecutor.java:328)
	at com.kms.katalon.core.main.TestCaseExecutor.processExecutionPhase(TestCaseExecutor.java:307)
	at com.kms.katalon.core.main.TestCaseExecutor.accessMainPhase(TestCaseExecutor.java:299)
	at com.kms.katalon.core.main.TestCaseExecutor.execute(TestCaseExecutor.java:233)
	at com.kms.katalon.core.main.TestSuiteExecutor.accessTestCaseMainPhase(TestSuiteExecutor.java:169)
	at com.kms.katalon.core.main.TestSuiteExecutor.accessTestSuiteMainPhase(TestSuiteExecutor.java:142)
	at com.kms.katalon.core.main.TestSuiteExecutor.execute(TestSuiteExecutor.java:91)
	at com.kms.katalon.core.main.TestCaseMain.startTestSuite(TestCaseMain.java:157)
	at com.kms.katalon.core.main.TestCaseMain$startTestSuite$0.call(Unknown Source)
	at TempTestSuite1572536121072.run(TempTestSuite1572536121072.groovy:36)
)

2019-10-31 15:37:13 - [TEST_STEP][FAILED] - verifyTextPresent(data.getValue("Forgotten_Username", row), false): Text 'Forgotten username?' is not present on page  (Root cause: com.kms.katalon.core.exception.StepFailedException: Text 'Forgotten username?' is not present on page 
	at com.kms.katalon.core.webui.keyword.internal.WebUIKeywordMain.stepFailed(WebUIKeywordMain.groovy:64)
	at com.kms.katalon.core.webui.keyword.builtin.VerifyTextPresentKeyword$_verifyTextPresent_closure1.doCall(VerifyTextPresentKeyword.groovy:79)
	at com.kms.katalon.core.webui.keyword.builtin.VerifyTextPresentKeyword$_verifyTextPresent_closure1.call(VerifyTextPresentKeyword.groovy)
	at com.kms.katalon.core.webui.keyword.internal.WebUIKeywordMain.runKeyword(WebUIKeywordMain.groovy:20)
	at com.kms.katalon.core.webui.keyword.builtin.VerifyTextPresentKeyword.verifyTextPresent(VerifyTextPresentKeyword.groovy:83)
	at com.kms.katalon.core.webui.keyword.builtin.VerifyTextPresentKeyword.execute(VerifyTextPresentKeyword.groovy:68)
	at com.kms.katalon.core.keyword.internal.KeywordExecutor.executeKeywordForPlatform(KeywordExecutor.groovy:60)
	at com.kms.katalon.core.webui.keyword.WebUiBuiltInKeywords.verifyTextPresent(WebUiBuiltInKeywords.groovy:1693)
	at com.kms.katalon.core.webui.keyword.WebUiBuiltInKeywords$verifyTextPresent$2.call(Unknown Source)
	at Start_Up.run(Start_Up:86)
	at com.kms.katalon.core.main.ScriptEngine.run(ScriptEngine.java:194)
	at com.kms.katalon.core.main.ScriptEngine.runScriptAsRawText(ScriptEngine.java:119)
	at com.kms.katalon.core.main.TestCaseExecutor.runScript(TestCaseExecutor.java:337)
	at com.kms.katalon.core.main.TestCaseExecutor.doExecute(TestCaseExecutor.java:328)
	at com.kms.katalon.core.main.TestCaseExecutor.processExecutionPhase(TestCaseExecutor.java:307)
	at com.kms.katalon.core.main.TestCaseExecutor.accessMainPhase(TestCaseExecutor.java:299)
	at com.kms.katalon.core.main.TestCaseExecutor.execute(TestCaseExecutor.java:233)
	at com.kms.katalon.core.main.TestCaseMain.runTestCase(TestCaseMain.java:114)
	at com.kms.katalon.core.keyword.builtin.CallTestCaseKeyword$_callTestCase_closure1.doCall(CallTestCaseKeyword.groovy:59)
	at com.kms.katalon.core.keyword.builtin.CallTestCaseKeyword$_callTestCase_closure1.call(CallTestCaseKeyword.groovy)
	at com.kms.katalon.core.keyword.internal.KeywordMain.runKeyword(KeywordMain.groovy:68)
	at com.kms.katalon.core.keyword.builtin.CallTestCaseKeyword.callTestCase(CallTestCaseKeyword.groovy:81)
	at com.kms.katalon.core.keyword.builtin.CallTestCaseKeyword.execute(CallTestCaseKeyword.groovy:44)
	at com.kms.katalon.core.keyword.internal.KeywordExecutor.executeKeywordForPlatform(KeywordExecutor.groovy:60)
	at com.kms.katalon.core.keyword.BuiltinKeywords.callTestCase(BuiltinKeywords.groovy:334)
	at My_Membership.run(My_Membership:58)
	at com.kms.katalon.core.main.ScriptEngine.run(ScriptEngine.java:194)
	at com.kms.katalon.core.main.ScriptEngine.runScriptAsRawText(ScriptEngine.java:119)
	at com.kms.katalon.core.main.TestCaseExecutor.runScript(TestCaseExecutor.java:337)
	at com.kms.katalon.core.main.TestCaseExecutor.doExecute(TestCaseExecutor.java:328)
	at com.kms.katalon.core.main.TestCaseExecutor.processExecutionPhase(TestCaseExecutor.java:307)
	at com.kms.katalon.core.main.TestCaseExecutor.accessMainPhase(TestCaseExecutor.java:299)
	at com.kms.katalon.core.main.TestCaseExecutor.execute(TestCaseExecutor.java:233)
	at com.kms.katalon.core.main.TestSuiteExecutor.accessTestCaseMainPhase(TestSuiteExecutor.java:169)
	at com.kms.katalon.core.main.TestSuiteExecutor.accessTestSuiteMainPhase(TestSuiteExecutor.java:142)
	at com.kms.katalon.core.main.TestSuiteExecutor.execute(TestSuiteExecutor.java:91)
	at com.kms.katalon.core.main.TestCaseMain.startTestSuite(TestCaseMain.java:157)
	at com.kms.katalon.core.main.TestCaseMain$startTestSuite$0.call(Unknown Source)
	at TempTestSuite1572536121072.run(TempTestSuite1572536121072.groovy:36)
)

2019-10-31 15:37:13 - [MESSAGE][FAILED] - Text 'Forgotten username?' is not present on page  (Root cause: com.kms.katalon.core.exception.StepFailedException: Text 'Forgotten username?' is not present on page 
	at com.kms.katalon.core.webui.keyword.internal.WebUIKeywordMain.stepFailed(WebUIKeywordMain.groovy:64)
	at com.kms.katalon.core.webui.keyword.builtin.VerifyTextPresentKeyword$_verifyTextPresent_closure1.doCall(VerifyTextPresentKeyword.groovy:79)
	at com.kms.katalon.core.webui.keyword.builtin.VerifyTextPresentKeyword$_verifyTextPresent_closure1.call(VerifyTextPresentKeyword.groovy)
	at com.kms.katalon.core.webui.keyword.internal.WebUIKeywordMain.runKeyword(WebUIKeywordMain.groovy:20)
	at com.kms.katalon.core.webui.keyword.builtin.VerifyTextPresentKeyword.verifyTextPresent(VerifyTextPresentKeyword.groovy:83)
	at com.kms.katalon.core.webui.keyword.builtin.VerifyTextPresentKeyword.execute(VerifyTextPresentKeyword.groovy:68)
	at com.kms.katalon.core.keyword.internal.KeywordExecutor.executeKeywordForPlatform(KeywordExecutor.groovy:60)
	at com.kms.katalon.core.webui.keyword.WebUiBuiltInKeywords.verifyTextPresent(WebUiBuiltInKeywords.groovy:1693)
	at com.kms.katalon.core.webui.keyword.WebUiBuiltInKeywords$verifyTextPresent$2.call(Unknown Source)
	at Start_Up.run(Start_Up:86)
	at com.kms.katalon.core.main.ScriptEngine.run(ScriptEngine.java:194)
	at com.kms.katalon.core.main.ScriptEngine.runScriptAsRawText(ScriptEngine.java:119)
	at com.kms.katalon.core.main.TestCaseExecutor.runScript(TestCaseExecutor.java:337)
	at com.kms.katalon.core.main.TestCaseExecutor.doExecute(TestCaseExecutor.java:328)
	at com.kms.katalon.core.main.TestCaseExecutor.processExecutionPhase(TestCaseExecutor.java:307)
	at com.kms.katalon.core.main.TestCaseExecutor.accessMainPhase(TestCaseExecutor.java:299)
	at com.kms.katalon.core.main.TestCaseExecutor.execute(TestCaseExecutor.java:233)
	at com.kms.katalon.core.main.TestCaseMain.runTestCase(TestCaseMain.java:114)
	at com.kms.katalon.core.keyword.builtin.CallTestCaseKeyword$_callTestCase_closure1.doCall(CallTestCaseKeyword.groovy:59)
	at com.kms.katalon.core.keyword.builtin.CallTestCaseKeyword$_callTestCase_closure1.call(CallTestCaseKeyword.groovy)
	at com.kms.katalon.core.keyword.internal.KeywordMain.runKeyword(KeywordMain.groovy:68)
	at com.kms.katalon.core.keyword.builtin.CallTestCaseKeyword.callTestCase(CallTestCaseKeyword.groovy:81)
	at com.kms.katalon.core.keyword.builtin.CallTestCaseKeyword.execute(CallTestCaseKeyword.groovy:44)
	at com.kms.katalon.core.keyword.internal.KeywordExecutor.executeKeywordForPlatform(KeywordExecutor.groovy:60)
	at com.kms.katalon.core.keyword.BuiltinKeywords.callTestCase(BuiltinKeywords.groovy:334)
	at My_Membership.run(My_Membership:58)
	at com.kms.katalon.core.main.ScriptEngine.run(ScriptEngine.java:194)
	at com.kms.katalon.core.main.ScriptEngine.runScriptAsRawText(ScriptEngine.java:119)
	at com.kms.katalon.core.main.TestCaseExecutor.runScript(TestCaseExecutor.java:337)
	at com.kms.katalon.core.main.TestCaseExecutor.doExecute(TestCaseExecutor.java:328)
	at com.kms.katalon.core.main.TestCaseExecutor.processExecutionPhase(TestCaseExecutor.java:307)
	at com.kms.katalon.core.main.TestCaseExecutor.accessMainPhase(TestCaseExecutor.java:299)
	at com.kms.katalon.core.main.TestCaseExecutor.execute(TestCaseExecutor.java:233)
	at com.kms.katalon.core.main.TestSuiteExecutor.accessTestCaseMainPhase(TestSuiteExecutor.java:169)
	at com.kms.katalon.core.main.TestSuiteExecutor.accessTestSuiteMainPhase(TestSuiteExecutor.java:142)
	at com.kms.katalon.core.main.TestSuiteExecutor.execute(TestSuiteExecutor.java:91)
	at com.kms.katalon.core.main.TestCaseMain.startTestSuite(TestCaseMain.java:157)
	at com.kms.katalon.core.main.TestCaseMain$startTestSuite$0.call(Unknown Source)
	at TempTestSuite1572536121072.run(TempTestSuite1572536121072.groovy:36)
)

2019-10-31 15:37:13 - [TEST_STEP][FAILED] - verifyTextPresent(data.getValue("Trouble_Logging_In", row), false): Text 'Trouble logging in?' is not present on page  (Root cause: com.kms.katalon.core.exception.StepFailedException: Text 'Trouble logging in?' is not present on page 
	at com.kms.katalon.core.webui.keyword.internal.WebUIKeywordMain.stepFailed(WebUIKeywordMain.groovy:64)
	at com.kms.katalon.core.webui.keyword.builtin.VerifyTextPresentKeyword$_verifyTextPresent_closure1.doCall(VerifyTextPresentKeyword.groovy:79)
	at com.kms.katalon.core.webui.keyword.builtin.VerifyTextPresentKeyword$_verifyTextPresent_closure1.call(VerifyTextPresentKeyword.groovy)
	at com.kms.katalon.core.webui.keyword.internal.WebUIKeywordMain.runKeyword(WebUIKeywordMain.groovy:20)
	at com.kms.katalon.core.webui.keyword.builtin.VerifyTextPresentKeyword.verifyTextPresent(VerifyTextPresentKeyword.groovy:83)
	at com.kms.katalon.core.webui.keyword.builtin.VerifyTextPresentKeyword.execute(VerifyTextPresentKeyword.groovy:68)
	at com.kms.katalon.core.keyword.internal.KeywordExecutor.executeKeywordForPlatform(KeywordExecutor.groovy:60)
	at com.kms.katalon.core.webui.keyword.WebUiBuiltInKeywords.verifyTextPresent(WebUiBuiltInKeywords.groovy:1693)
	at com.kms.katalon.core.webui.keyword.WebUiBuiltInKeywords$verifyTextPresent$2.call(Unknown Source)
	at Start_Up.run(Start_Up:91)
	at com.kms.katalon.core.main.ScriptEngine.run(ScriptEngine.java:194)
	at com.kms.katalon.core.main.ScriptEngine.runScriptAsRawText(ScriptEngine.java:119)
	at com.kms.katalon.core.main.TestCaseExecutor.runScript(TestCaseExecutor.java:337)
	at com.kms.katalon.core.main.TestCaseExecutor.doExecute(TestCaseExecutor.java:328)
	at com.kms.katalon.core.main.TestCaseExecutor.processExecutionPhase(TestCaseExecutor.java:307)
	at com.kms.katalon.core.main.TestCaseExecutor.accessMainPhase(TestCaseExecutor.java:299)
	at com.kms.katalon.core.main.TestCaseExecutor.execute(TestCaseExecutor.java:233)
	at com.kms.katalon.core.main.TestCaseMain.runTestCase(TestCaseMain.java:114)
	at com.kms.katalon.core.keyword.builtin.CallTestCaseKeyword$_callTestCase_closure1.doCall(CallTestCaseKeyword.groovy:59)
	at com.kms.katalon.core.keyword.builtin.CallTestCaseKeyword$_callTestCase_closure1.call(CallTestCaseKeyword.groovy)
	at com.kms.katalon.core.keyword.internal.KeywordMain.runKeyword(KeywordMain.groovy:68)
	at com.kms.katalon.core.keyword.builtin.CallTestCaseKeyword.callTestCase(CallTestCaseKeyword.groovy:81)
	at com.kms.katalon.core.keyword.builtin.CallTestCaseKeyword.execute(CallTestCaseKeyword.groovy:44)
	at com.kms.katalon.core.keyword.internal.KeywordExecutor.executeKeywordForPlatform(KeywordExecutor.groovy:60)
	at com.kms.katalon.core.keyword.BuiltinKeywords.callTestCase(BuiltinKeywords.groovy:334)
	at My_Membership.run(My_Membership:58)
	at com.kms.katalon.core.main.ScriptEngine.run(ScriptEngine.java:194)
	at com.kms.katalon.core.main.ScriptEngine.runScriptAsRawText(ScriptEngine.java:119)
	at com.kms.katalon.core.main.TestCaseExecutor.runScript(TestCaseExecutor.java:337)
	at com.kms.katalon.core.main.TestCaseExecutor.doExecute(TestCaseExecutor.java:328)
	at com.kms.katalon.core.main.TestCaseExecutor.processExecutionPhase(TestCaseExecutor.java:307)
	at com.kms.katalon.core.main.TestCaseExecutor.accessMainPhase(TestCaseExecutor.java:299)
	at com.kms.katalon.core.main.TestCaseExecutor.execute(TestCaseExecutor.java:233)
	at com.kms.katalon.core.main.TestSuiteExecutor.accessTestCaseMainPhase(TestSuiteExecutor.java:169)
	at com.kms.katalon.core.main.TestSuiteExecutor.accessTestSuiteMainPhase(TestSuiteExecutor.java:142)
	at com.kms.katalon.core.main.TestSuiteExecutor.execute(TestSuiteExecutor.java:91)
	at com.kms.katalon.core.main.TestCaseMain.startTestSuite(TestCaseMain.java:157)
	at com.kms.katalon.core.main.TestCaseMain$startTestSuite$0.call(Unknown Source)
	at TempTestSuite1572536121072.run(TempTestSuite1572536121072.groovy:36)
)

2019-10-31 15:37:13 - [MESSAGE][FAILED] - Text 'Trouble logging in?' is not present on page  (Root cause: com.kms.katalon.core.exception.StepFailedException: Text 'Trouble logging in?' is not present on page 
	at com.kms.katalon.core.webui.keyword.internal.WebUIKeywordMain.stepFailed(WebUIKeywordMain.groovy:64)
	at com.kms.katalon.core.webui.keyword.builtin.VerifyTextPresentKeyword$_verifyTextPresent_closure1.doCall(VerifyTextPresentKeyword.groovy:79)
	at com.kms.katalon.core.webui.keyword.builtin.VerifyTextPresentKeyword$_verifyTextPresent_closure1.call(VerifyTextPresentKeyword.groovy)
	at com.kms.katalon.core.webui.keyword.internal.WebUIKeywordMain.runKeyword(WebUIKeywordMain.groovy:20)
	at com.kms.katalon.core.webui.keyword.builtin.VerifyTextPresentKeyword.verifyTextPresent(VerifyTextPresentKeyword.groovy:83)
	at com.kms.katalon.core.webui.keyword.builtin.VerifyTextPresentKeyword.execute(VerifyTextPresentKeyword.groovy:68)
	at com.kms.katalon.core.keyword.internal.KeywordExecutor.executeKeywordForPlatform(KeywordExecutor.groovy:60)
	at com.kms.katalon.core.webui.keyword.WebUiBuiltInKeywords.verifyTextPresent(WebUiBuiltInKeywords.groovy:1693)
	at com.kms.katalon.core.webui.keyword.WebUiBuiltInKeywords$verifyTextPresent$2.call(Unknown Source)
	at Start_Up.run(Start_Up:91)
	at com.kms.katalon.core.main.ScriptEngine.run(ScriptEngine.java:194)
	at com.kms.katalon.core.main.ScriptEngine.runScriptAsRawText(ScriptEngine.java:119)
	at com.kms.katalon.core.main.TestCaseExecutor.runScript(TestCaseExecutor.java:337)
	at com.kms.katalon.core.main.TestCaseExecutor.doExecute(TestCaseExecutor.java:328)
	at com.kms.katalon.core.main.TestCaseExecutor.processExecutionPhase(TestCaseExecutor.java:307)
	at com.kms.katalon.core.main.TestCaseExecutor.accessMainPhase(TestCaseExecutor.java:299)
	at com.kms.katalon.core.main.TestCaseExecutor.execute(TestCaseExecutor.java:233)
	at com.kms.katalon.core.main.TestCaseMain.runTestCase(TestCaseMain.java:114)
	at com.kms.katalon.core.keyword.builtin.CallTestCaseKeyword$_callTestCase_closure1.doCall(CallTestCaseKeyword.groovy:59)
	at com.kms.katalon.core.keyword.builtin.CallTestCaseKeyword$_callTestCase_closure1.call(CallTestCaseKeyword.groovy)
	at com.kms.katalon.core.keyword.internal.KeywordMain.runKeyword(KeywordMain.groovy:68)
	at com.kms.katalon.core.keyword.builtin.CallTestCaseKeyword.callTestCase(CallTestCaseKeyword.groovy:81)
	at com.kms.katalon.core.keyword.builtin.CallTestCaseKeyword.execute(CallTestCaseKeyword.groovy:44)
	at com.kms.katalon.core.keyword.internal.KeywordExecutor.executeKeywordForPlatform(KeywordExecutor.groovy:60)
	at com.kms.katalon.core.keyword.BuiltinKeywords.callTestCase(BuiltinKeywords.groovy:334)
	at My_Membership.run(My_Membership:58)
	at com.kms.katalon.core.main.ScriptEngine.run(ScriptEngine.java:194)
	at com.kms.katalon.core.main.ScriptEngine.runScriptAsRawText(ScriptEngine.java:119)
	at com.kms.katalon.core.main.TestCaseExecutor.runScript(TestCaseExecutor.java:337)
	at com.kms.katalon.core.main.TestCaseExecutor.doExecute(TestCaseExecutor.java:328)
	at com.kms.katalon.core.main.TestCaseExecutor.processExecutionPhase(TestCaseExecutor.java:307)
	at com.kms.katalon.core.main.TestCaseExecutor.accessMainPhase(TestCaseExecutor.java:299)
	at com.kms.katalon.core.main.TestCaseExecutor.execute(TestCaseExecutor.java:233)
	at com.kms.katalon.core.main.TestSuiteExecutor.accessTestCaseMainPhase(TestSuiteExecutor.java:169)
	at com.kms.katalon.core.main.TestSuiteExecutor.accessTestSuiteMainPhase(TestSuiteExecutor.java:142)
	at com.kms.katalon.core.main.TestSuiteExecutor.execute(TestSuiteExecutor.java:91)
	at com.kms.katalon.core.main.TestCaseMain.startTestSuite(TestCaseMain.java:157)
	at com.kms.katalon.core.main.TestCaseMain$startTestSuite$0.call(Unknown Source)
	at TempTestSuite1572536121072.run(TempTestSuite1572536121072.groovy:36)
)

2019-10-31 15:37:13 - [MESSAGE][WARNING] - Unable to call Test Case 'Test Cases/Reusable_Test_Sequences/Members_Area/Start_Up' (Root cause: com.kms.katalon.core.exception.StepFailedException: Call Test Case 'Test Cases/Reusable_Test_Sequences/Members_Area/Start_Up' failed
	at com.kms.katalon.core.keyword.builtin.CallTestCaseKeyword$_callTestCase_closure1.doCall(CallTestCaseKeyword.groovy:63)
	at com.kms.katalon.core.keyword.builtin.CallTestCaseKeyword$_callTestCase_closure1.call(CallTestCaseKeyword.groovy)
	at com.kms.katalon.core.keyword.internal.KeywordMain.runKeyword(KeywordMain.groovy:68)
	at com.kms.katalon.core.keyword.builtin.CallTestCaseKeyword.callTestCase(CallTestCaseKeyword.groovy:81)
	at com.kms.katalon.core.keyword.builtin.CallTestCaseKeyword.execute(CallTestCaseKeyword.groovy:44)
	at com.kms.katalon.core.keyword.internal.KeywordExecutor.executeKeywordForPlatform(KeywordExecutor.groovy:60)
	at com.kms.katalon.core.keyword.BuiltinKeywords.callTestCase(BuiltinKeywords.groovy:334)
	at My_Membership.run(My_Membership:58)
	at com.kms.katalon.core.main.ScriptEngine.run(ScriptEngine.java:194)
	at com.kms.katalon.core.main.ScriptEngine.runScriptAsRawText(ScriptEngine.java:119)
	at com.kms.katalon.core.main.TestCaseExecutor.runScript(TestCaseExecutor.java:337)
	at com.kms.katalon.core.main.TestCaseExecutor.doExecute(TestCaseExecutor.java:328)
	at com.kms.katalon.core.main.TestCaseExecutor.processExecutionPhase(TestCaseExecutor.java:307)
	at com.kms.katalon.core.main.TestCaseExecutor.accessMainPhase(TestCaseExecutor.java:299)
	at com.kms.katalon.core.main.TestCaseExecutor.execute(TestCaseExecutor.java:233)
	at com.kms.katalon.core.main.TestSuiteExecutor.accessTestCaseMainPhase(TestSuiteExecutor.java:169)
	at com.kms.katalon.core.main.TestSuiteExecutor.accessTestSuiteMainPhase(TestSuiteExecutor.java:142)
	at com.kms.katalon.core.main.TestSuiteExecutor.execute(TestSuiteExecutor.java:91)
	at com.kms.katalon.core.main.TestCaseMain.startTestSuite(TestCaseMain.java:157)
	at com.kms.katalon.core.main.TestCaseMain$startTestSuite$0.call(Unknown Source)
	at TempTestSuite1572536121072.run(TempTestSuite1572536121072.groovy:36)
Caused by: com.kms.katalon.core.exception.StepFailedException: Text 'EXCLUSIVE ACCESS FOR CHECKATRADE MEMBERS ONLY' is not present on page  (Root cause: com.kms.katalon.core.exception.StepFailedException: Text 'EXCLUSIVE ACCESS FOR CHECKATRADE MEMBERS ONLY' is not present on page 
	at com.kms.katalon.core.webui.keyword.internal.WebUIKeywordMain.stepFailed(WebUIKeywordMain.groovy:64)
	at com.kms.katalon.core.webui.keyword.builtin.VerifyTextPresentKeyword$_verifyTextPresent_closure1.doCall(VerifyTextPresentKeyword.groovy:79)
	at com.kms.katalon.core.webui.keyword.builtin.VerifyTextPresentKeyword$_verifyTextPresent_closure1.call(VerifyTextPresentKeyword.groovy)
	at com.kms.katalon.core.webui.keyword.internal.WebUIKeywordMain.runKeyword(WebUIKeywordMain.groovy:20)
	at com.kms.katalon.core.webui.keyword.builtin.VerifyTextPresentKeyword.verifyTextPresent(VerifyTextPresentKeyword.groovy:83)
	at com.kms.katalon.core.webui.keyword.builtin.VerifyTextPresentKeyword.execute(VerifyTextPresentKeyword.groovy:68)
	at com.kms.katalon.core.keyword.internal.KeywordExecutor.executeKeywordForPlatform(KeywordExecutor.groovy:60)
	at com.kms.katalon.core.webui.keyword.WebUiBuiltInKeywords.verifyTextPresent(WebUiBuiltInKeywords.groovy:1693)
	at com.kms.katalon.core.webui.keyword.WebUiBuiltInKeywords$verifyTextPresent$2.call(Unknown Source)
	at Start_Up.run(Start_Up:75)
	at com.kms.katalon.core.main.ScriptEngine.run(ScriptEngine.java:194)
	at com.kms.katalon.core.main.ScriptEngine.runScriptAsRawText(ScriptEngine.java:119)
	at com.kms.katalon.core.main.TestCaseExecutor.runScript(TestCaseExecutor.java:337)
	at com.kms.katalon.core.main.TestCaseExecutor.doExecute(TestCaseExecutor.java:328)
	at com.kms.katalon.core.main.TestCaseExecutor.processExecutionPhase(TestCaseExecutor.java:307)
	at com.kms.katalon.core.main.TestCaseExecutor.accessMainPhase(TestCaseExecutor.java:299)
	at com.kms.katalon.core.main.TestCaseExecutor.execute(TestCaseExecutor.java:233)
	at com.kms.katalon.core.main.TestCaseMain.runTestCase(TestCaseMain.java:114)
	at com.kms.katalon.core.keyword.builtin.CallTestCaseKeyword$_callTestCase_closure1.doCall(CallTestCaseKeyword.groovy:59)
	at com.kms.katalon.core.keyword.builtin.CallTestCaseKeyword$_callTestCase_closure1.call(CallTestCaseKeyword.groovy)
	at com.kms.katalon.core.keyword.internal.KeywordMain.runKeyword(KeywordMain.groovy:68)
	at com.kms.katalon.core.keyword.builtin.CallTestCaseKeyword.callTestCase(CallTestCaseKeyword.groovy:81)
	at com.kms.katalon.core.keyword.builtin.CallTestCaseKeyword.execute(CallTestCaseKeyword.groovy:44)
	at com.kms.katalon.core.keyword.internal.KeywordExecutor.executeKeywordForPlatform(KeywordExecutor.groovy:60)
	at com.kms.katalon.core.keyword.BuiltinKeywords.callTestCase(BuiltinKeywords.groovy:334)
	at My_Membership.run(My_Membership:58)
	at com.kms.katalon.core.main.ScriptEngine.run(ScriptEngine.java:194)
	at com.kms.katalon.core.main.ScriptEngine.runScriptAsRawText(ScriptEngine.java:119)
	at com.kms.katalon.core.main.TestCaseExecutor.runScript(TestCaseExecutor.java:337)
	at com.kms.katalon.core.main.TestCaseExecutor.doExecute(TestCaseExecutor.java:328)
	at com.kms.katalon.core.main.TestCaseExecutor.processExecutionPhase(TestCaseExecutor.java:307)
	at com.kms.katalon.core.main.TestCaseExecutor.accessMainPhase(TestCaseExecutor.java:299)
	at com.kms.katalon.core.main.TestCaseExecutor.execute(TestCaseExecutor.java:233)
	at com.kms.katalon.core.main.TestSuiteExecutor.accessTestCaseMainPhase(TestSuiteExecutor.java:169)
	at com.kms.katalon.core.main.TestSuiteExecutor.accessTestSuiteMainPhase(TestSuiteExecutor.java:142)
	at com.kms.katalon.core.main.TestSuiteExecutor.execute(TestSuiteExecutor.java:91)
	at com.kms.katalon.core.main.TestCaseMain.startTestSuite(TestCaseMain.java:157)
	at com.kms.katalon.core.main.TestCaseMain$startTestSuite$0.call(Unknown Source)
	at TempTestSuite1572536121072.run(TempTestSuite1572536121072.groovy:36)
)
	at com.kms.katalon.core.keyword.internal.KeywordMain.stepFailed(KeywordMain.groovy:39)
	at com.kms.katalon.core.webui.keyword.internal.WebUIKeywordMain.stepFailed(WebUIKeywordMain.groovy:64)
	at com.kms.katalon.core.webui.keyword.builtin.VerifyTextPresentKeyword$_verifyTextPresent_closure1.doCall(VerifyTextPresentKeyword.groovy:79)
	at com.kms.katalon.core.webui.keyword.builtin.VerifyTextPresentKeyword$_verifyTextPresent_closure1.call(VerifyTextPresentKeyword.groovy)
	at com.kms.katalon.core.webui.keyword.internal.WebUIKeywordMain.runKeyword(WebUIKeywordMain.groovy:20)
	at com.kms.katalon.core.webui.keyword.builtin.VerifyTextPresentKeyword.verifyTextPresent(VerifyTextPresentKeyword.groovy:83)
	at com.kms.katalon.core.webui.keyword.builtin.VerifyTextPresentKeyword.execute(VerifyTextPresentKeyword.groovy:68)
	at com.kms.katalon.core.keyword.internal.KeywordExecutor.executeKeywordForPlatform(KeywordExecutor.groovy:60)
	at com.kms.katalon.core.webui.keyword.WebUiBuiltInKeywords.verifyTextPresent(WebUiBuiltInKeywords.groovy:1693)
	at com.kms.katalon.core.webui.keyword.WebUiBuiltInKeywords$verifyTextPresent$2.call(Unknown Source)
	at Start_Up.run(Start_Up:75)
	at com.kms.katalon.core.main.ScriptEngine.run(ScriptEngine.java:194)
	at com.kms.katalon.core.main.ScriptEngine.runScriptAsRawText(ScriptEngine.java:119)
	at com.kms.katalon.core.main.TestCaseExecutor.runScript(TestCaseExecutor.java:337)
	at com.kms.katalon.core.main.TestCaseExecutor.doExecute(TestCaseExecutor.java:328)
	at com.kms.katalon.core.main.TestCaseExecutor.processExecutionPhase(TestCaseExecutor.java:307)
	at com.kms.katalon.core.main.TestCaseExecutor.accessMainPhase(TestCaseExecutor.java:299)
	at com.kms.katalon.core.main.TestCaseExecutor.execute(TestCaseExecutor.java:233)
	at com.kms.katalon.core.main.TestCaseMain.runTestCase(TestCaseMain.java:114)
	at com.kms.katalon.core.keyword.builtin.CallTestCaseKeyword$_callTestCase_closure1.doCall(CallTestCaseKeyword.groovy:59)
	... 20 more
Caused by: com.kms.katalon.core.exception.StepFailedException: Text 'EXCLUSIVE ACCESS FOR CHECKATRADE MEMBERS ONLY' is not present on page 
	... 39 more
)

2019-10-31 15:37:13 - [TEST_STEP][PASSED] - callTestCase(findTestCase("Reusable_Test_Sequences/Members_Area/log_On"), [:], OPTIONAL): Call Test Case 'Test Cases/Reusable_Test_Sequences/Members_Area/log_On' successfully

2019-10-31 15:37:13 - [TEST_CASE][PASSED] - Test Cases/Reusable_Test_Sequences/Members_Area/log_On: Test Cases/Reusable_Test_Sequences/Members_Area/log_On

2019-10-31 15:37:14 - [TEST_STEP][PASSED] - waitForElementPresent(findTestObject("Object Repository/Members/Page_Members Area/button_Log in"), 10): Object 'Object Repository/Members/Page_Members Area/button_Log in' is present

2019-10-31 15:37:14 - [MESSAGE][PASSED] - Object 'Object Repository/Members/Page_Members Area/button_Log in' is present

2019-10-31 15:37:14 - [TEST_STEP][PASSED] - click(findTestObject("Object Repository/Members/Page_Members Area/input_Username_username")): Object: 'Object Repository/Members/Page_Members Area/input_Username_username' is clicked on

2019-10-31 15:37:15 - [MESSAGE][PASSED] - Object: 'Object Repository/Members/Page_Members Area/input_Username_username' is clicked on

2019-10-31 15:37:15 - [TEST_STEP][PASSED] - setText(findTestObject("Object Repository/Members/Page_Members Area/input_Username_username"), Username): Text 'check1234' is set on object 'Object Repository/Members/Page_Members Area/input_Username_username'

2019-10-31 15:37:15 - [MESSAGE][PASSED] - Text 'check1234' is set on object 'Object Repository/Members/Page_Members Area/input_Username_username'

2019-10-31 15:37:15 - [TEST_STEP][PASSED] - click(findTestObject("Object Repository/Members/Page_Members Area/input_Password_password")): Object: 'Object Repository/Members/Page_Members Area/input_Password_password' is clicked on

2019-10-31 15:37:15 - [MESSAGE][PASSED] - Object: 'Object Repository/Members/Page_Members Area/input_Password_password' is clicked on

2019-10-31 15:37:15 - [TEST_STEP][PASSED] - setText(findTestObject("Object Repository/Members/Page_Members Area/input_Password_password"), Password): Text 'testing123' is set on object 'Object Repository/Members/Page_Members Area/input_Password_password'

2019-10-31 15:37:16 - [MESSAGE][PASSED] - Text 'testing123' is set on object 'Object Repository/Members/Page_Members Area/input_Password_password'

2019-10-31 15:37:16 - [TEST_STEP][PASSED] - click(findTestObject("Object Repository/Members/Page_Members Area/button_Log in")): Object: 'Object Repository/Members/Page_Members Area/button_Log in' is clicked on

2019-10-31 15:37:16 - [MESSAGE][PASSED] - Object: 'Object Repository/Members/Page_Members Area/button_Log in' is clicked on

2019-10-31 15:37:16 - [MESSAGE][PASSED] - Call Test Case 'Test Cases/Reusable_Test_Sequences/Members_Area/log_On' successfully

2019-10-31 15:37:16 - [TEST_STEP][PASSED] - callTestCase(findTestCase("Reusable_Test_Sequences/Members_Area/Area_Menu/Your_Account/Membership"), [:], CONTINUE_ON_FAILURE): Call Test Case 'Test Cases/Reusable_Test_Sequences/Members_Area/Area_Menu/Your_Account/Membership' successfully

2019-10-31 15:37:16 - [TEST_CASE][PASSED] - Test Cases/Reusable_Test_Sequences/Members_Area/Area_Menu/Your_Account/Membership: Test Cases/Reusable_Test_Sequences/Members_Area/Area_Menu/Your_Account/Membership

2019-10-31 15:37:17 - [TEST_STEP][PASSED] - waitForElementPresent(findTestObject("Object Repository/Page_Members Area/div_Membership"), 5): Object 'Object Repository/Page_Members Area/div_Membership' is present

2019-10-31 15:37:17 - [MESSAGE][PASSED] - Object 'Object Repository/Page_Members Area/div_Membership' is present

2019-10-31 15:37:17 - [TEST_STEP][PASSED] - click(findTestObject("Object Repository/Page_Members Area/div_Membership")): Object: 'Object Repository/Page_Members Area/div_Membership' is clicked on

2019-10-31 15:37:18 - [MESSAGE][PASSED] - Object: 'Object Repository/Page_Members Area/div_Membership' is clicked on

2019-10-31 15:37:18 - [MESSAGE][PASSED] - Call Test Case 'Test Cases/Reusable_Test_Sequences/Members_Area/Area_Menu/Your_Account/Membership' successfully

2019-10-31 15:37:18 - [TEST_STEP][PASSED] - callTestCase(findTestCase("Reusable_Test_Sequences/Members_Area/Validation/Membership"), [:], CONTINUE_ON_FAILURE): Call Test Case 'Test Cases/Reusable_Test_Sequences/Members_Area/Validation/Membership' successfully

2019-10-31 15:37:18 - [TEST_CASE][PASSED] - Test Cases/Reusable_Test_Sequences/Members_Area/Validation/Membership: Test Cases/Reusable_Test_Sequences/Members_Area/Validation/Membership

2019-10-31 15:37:18 - [TEST_STEP][PASSED] - waitForElementPresent(findTestObject("Object Repository/Membership/Page_Members Area/button_Renew my Membership"), 60): Object 'Object Repository/Membership/Page_Members Area/button_Renew my Membership' is present

2019-10-31 15:37:18 - [MESSAGE][PASSED] - Object 'Object Repository/Membership/Page_Members Area/button_Renew my Membership' is present

2019-10-31 15:37:18 - [TEST_STEP][PASSED] - "---------------------------------": null

2019-10-31 15:37:18 - [TEST_STEP][PASSED] - "THIS TAB - Membership           |": null

2019-10-31 15:37:18 - [TEST_STEP][PASSED] - verifyTextPresent(findTestData("Members_Test_Data").getValue("MEMBER_ID", 1), false): Text '218630' is present on page 

2019-10-31 15:37:19 - [MESSAGE][PASSED] - Text '218630' is present on page 

2019-10-31 15:37:19 - [TEST_STEP][PASSED] - verifyTextPresent("MEMBER ID", false): Text 'MEMBER ID' is present on page 

2019-10-31 15:37:20 - [MESSAGE][PASSED] - Text 'MEMBER ID' is present on page 

2019-10-31 15:37:20 - [TEST_STEP][PASSED] - verifyTextPresent("Website Membership", false): Text 'Website Membership' is present on page 

2019-10-31 15:37:20 - [MESSAGE][PASSED] - Text 'Website Membership' is present on page 

2019-10-31 15:37:20 - [TEST_STEP][PASSED] - verifyTextPresent("Renew or Upgrade your Membership Now!", false): Text 'Renew or Upgrade your Membership Now!' is present on page 

2019-10-31 15:37:20 - [MESSAGE][PASSED] - Text 'Renew or Upgrade your Membership Now!' is present on page 

2019-10-31 15:37:20 - [TEST_STEP][PASSED] - verifyTextPresent("Renew my Membership", false): Text 'Renew my Membership' is present on page 

2019-10-31 15:37:21 - [MESSAGE][PASSED] - Text 'Renew my Membership' is present on page 

2019-10-31 15:37:21 - [TEST_STEP][PASSED] - scrollToElement(findTestObject("Object Repository/Membership/Page_Members Area/button_Save Password"), 2): Scroll to object 'Object Repository/Membership/Page_Members Area/button_Save Password' successfully

2019-10-31 15:37:21 - [MESSAGE][PASSED] - Scroll to object 'Object Repository/Membership/Page_Members Area/button_Save Password' successfully

2019-10-31 15:37:21 - [TEST_STEP][PASSED] - verifyTextPresent("Passwords must match", false): Text 'Passwords must match' is present on page 

2019-10-31 15:37:21 - [MESSAGE][PASSED] - Text 'Passwords must match' is present on page 

2019-10-31 15:37:21 - [TEST_STEP][PASSED] - click(findTestObject("Object Repository/Membership/Page_Members Area/input_Renew Website Membership_renewMembershipControl")): Object: 'Object Repository/Membership/Page_Members Area/input_Renew Website Membership_renewMembershipControl' is clicked on

2019-10-31 15:37:22 - [MESSAGE][PASSED] - Object: 'Object Repository/Membership/Page_Members Area/input_Renew Website Membership_renewMembershipControl' is clicked on

2019-10-31 15:37:22 - [TEST_STEP][PASSED] - click(findTestObject("Object Repository/Membership/Page_Members Area/button_Renew my Membership")): Object: 'Object Repository/Membership/Page_Members Area/button_Renew my Membership' is clicked on

2019-10-31 15:37:22 - [MESSAGE][PASSED] - Object: 'Object Repository/Membership/Page_Members Area/button_Renew my Membership' is clicked on

2019-10-31 15:37:22 - [TEST_STEP][PASSED] - setText(findTestObject("Object Repository/Membership/Page_Members Area/input_Change Your Username or Password_username"), "check1234"): Text 'check1234' is set on object 'Object Repository/Membership/Page_Members Area/input_Change Your Username or Password_username'

2019-10-31 15:37:22 - [MESSAGE][PASSED] - Text 'check1234' is set on object 'Object Repository/Membership/Page_Members Area/input_Change Your Username or Password_username'

2019-10-31 15:37:22 - [TEST_STEP][PASSED] - click(findTestObject("Object Repository/Membership/Page_Members Area/button_Save Username")): Object: 'Object Repository/Membership/Page_Members Area/button_Save Username' is clicked on

2019-10-31 15:37:23 - [MESSAGE][PASSED] - Object: 'Object Repository/Membership/Page_Members Area/button_Save Username' is clicked on

2019-10-31 15:37:23 - [TEST_STEP][PASSED] - "----------------------------------------------": null

2019-10-31 15:37:23 - [TEST_STEP][PASSED] - waitForElementPresent(findTestObject("Object Repository/Membership/Page_Members Area/Error_Occured_Username_Taken"), 60): Object 'Object Repository/Membership/Page_Members Area/Error_Occured_Username_Taken' is present

2019-10-31 15:37:24 - [MESSAGE][PASSED] - Object 'Object Repository/Membership/Page_Members Area/Error_Occured_Username_Taken' is present

2019-10-31 15:37:24 - [TEST_STEP][PASSED] - verifyTextPresent("Error occured: That username has already been taken, please choose another username.", false): Text 'Error occured: That username has already been taken, please choose another username.' is present on page 

2019-10-31 15:37:24 - [MESSAGE][PASSED] - Text 'Error occured: That username has already been taken, please choose another username.' is present on page 

2019-10-31 15:37:24 - [TEST_STEP][PASSED] - "----------------------------------------------": null

2019-10-31 15:37:24 - [TEST_STEP][PASSED] - setEncryptedText(findTestObject("Object Repository/Membership/Page_Members Area/input_Save Username_currentPassword"), "fzqqY0qJjYTuJiVJRZh4ag=="): Text ****** has been set on object 'Object Repository/Membership/Page_Members Area/input_Save Username_currentPassword'

2019-10-31 15:37:24 - [MESSAGE][PASSED] - Text ****** has been set on object 'Object Repository/Membership/Page_Members Area/input_Save Username_currentPassword'

2019-10-31 15:37:24 - [TEST_STEP][PASSED] - setEncryptedText(findTestObject("Object Repository/Membership/Page_Members Area/input_Save Username_newPassword"), "fzqqY0qJjYTuJiVJRZh4ag=="): Text ****** has been set on object 'Object Repository/Membership/Page_Members Area/input_Save Username_newPassword'

2019-10-31 15:37:24 - [MESSAGE][PASSED] - Text ****** has been set on object 'Object Repository/Membership/Page_Members Area/input_Save Username_newPassword'

2019-10-31 15:37:24 - [TEST_STEP][PASSED] - setEncryptedText(findTestObject("Object Repository/Membership/Page_Members Area/input_Passwords must match_confirmPassword"), "fzqqY0qJjYRF7GtSaAUy8w=="): Text ****** has been set on object 'Object Repository/Membership/Page_Members Area/input_Passwords must match_confirmPassword'

2019-10-31 15:37:25 - [MESSAGE][PASSED] - Text ****** has been set on object 'Object Repository/Membership/Page_Members Area/input_Passwords must match_confirmPassword'

2019-10-31 15:37:25 - [TEST_STEP][PASSED] - setEncryptedText(findTestObject("Object Repository/Membership/Page_Members Area/input_Save Username_confirmPassword"), "fzqqY0qJjYTuJiVJRZh4ag=="): Text ****** has been set on object 'Object Repository/Membership/Page_Members Area/input_Save Username_confirmPassword'

2019-10-31 15:37:25 - [MESSAGE][PASSED] - Text ****** has been set on object 'Object Repository/Membership/Page_Members Area/input_Save Username_confirmPassword'

2019-10-31 15:37:25 - [TEST_STEP][PASSED] - click(findTestObject("Object Repository/Membership/Page_Members Area/button_Save Password")): Object: 'Object Repository/Membership/Page_Members Area/button_Save Password' is clicked on

2019-10-31 15:37:25 - [MESSAGE][PASSED] - Object: 'Object Repository/Membership/Page_Members Area/button_Save Password' is clicked on

2019-10-31 15:37:25 - [TEST_STEP][PASSED] - verifyTextNotPresent("Passwords must match", false): Text 'Passwords must match' is not present on page

2019-10-31 15:37:26 - [MESSAGE][PASSED] - Text 'Passwords must match' is not present on page

2019-10-31 15:37:26 - [TEST_STEP][PASSED] - verifyTextPresent("Save Username", false): Text 'Save Username' is present on page 

2019-10-31 15:37:26 - [MESSAGE][PASSED] - Text 'Save Username' is present on page 

2019-10-31 15:37:26 - [TEST_STEP][PASSED] - verifyTextPresent("Save Password", false): Text 'Save Password' is present on page 

2019-10-31 15:37:27 - [MESSAGE][PASSED] - Text 'Save Password' is present on page 

2019-10-31 15:37:27 - [MESSAGE][PASSED] - Call Test Case 'Test Cases/Reusable_Test_Sequences/Members_Area/Validation/Membership' successfully

2019-10-31 15:37:27 - [TEST_STEP][PASSED] - callTestCase(findTestCase("Reusable_Test_Sequences/Members_Area/Banner_Menu/log_Off"), [:], STOP_ON_FAILURE): Call Test Case 'Test Cases/Reusable_Test_Sequences/Members_Area/Banner_Menu/log_Off' successfully

2019-10-31 15:37:27 - [TEST_CASE][PASSED] - Test Cases/Reusable_Test_Sequences/Members_Area/Banner_Menu/log_Off: Test Cases/Reusable_Test_Sequences/Members_Area/Banner_Menu/log_Off

2019-10-31 15:37:27 - [TEST_STEP][PASSED] - waitForElementPresent(findTestObject("Object Repository/Page_Members Area/a_Log off"), 5): Object 'Object Repository/Page_Members Area/a_Log off' is present

2019-10-31 15:37:27 - [MESSAGE][PASSED] - Object 'Object Repository/Page_Members Area/a_Log off' is present

2019-10-31 15:37:27 - [TEST_STEP][PASSED] - click(findTestObject("Object Repository/Page_Members Area/a_Log off")): Object: 'Object Repository/Page_Members Area/a_Log off' is clicked on

2019-10-31 15:37:28 - [MESSAGE][PASSED] - Object: 'Object Repository/Page_Members Area/a_Log off' is clicked on

2019-10-31 15:37:28 - [MESSAGE][PASSED] - Call Test Case 'Test Cases/Reusable_Test_Sequences/Members_Area/Banner_Menu/log_Off' successfully]]></system-out>
         <system-err><![CDATA[]]></system-err>
      </testcase>
      <system-out><![CDATA[2019-10-31 15:36:46 - [TEST_SUITE][PASSED] - Members_My_Membership: Test Cases/Members_Area/My_Membership]]></system-out>
      <system-err><![CDATA[]]></system-err>
   </testsuite>
   <testsuite name="Members_Received_Negative_Feedback" tests="1" failures="1" errors="0" time="345.715" timestamp="2019-10-31 15:37:40" hostname="DavidHo - VETTEDSP36RF.check.local" id="Test Suites/Members_Received_Negative_Feedback">
      <properties>
         <property name="deviceName" value=""/>
         <property name="devicePlatform" value=""/>
         <property name="logFolder" value="C:\\Users\\davidho\\Katalon Studio\\Start\\Reports\\20191031_153516\\Members_Received_Negative_Feedback\\20191031_153522"/>
         <property name="logFiles" value="C:\\Users\\davidho\\Katalon Studio\\Start\\Reports\\20191031_153516\\Members_Received_Negative_Feedback\\20191031_153522\\execution0.log"/>
         <property name="attachments" value="C:\\Users\\davidho\\Katalon Studio\\Start\\Reports\\20191031_153516\\Members_Received_Negative_Feedback\\20191031_153522\\1572536323756.png, C:\\Users\\davidho\\Katalon Studio\\Start\\Reports\\20191031_153516\\Members_Received_Negative_Feedback\\20191031_153522\\1572536356263.png, C:\\Users\\davidho\\Katalon Studio\\Start\\Reports\\20191031_153516\\Members_Received_Negative_Feedback\\20191031_153522\\1572536389902.png, C:\\Users\\davidho\\Katalon Studio\\Start\\Reports\\20191031_153516\\Members_Received_Negative_Feedback\\20191031_153522\\1572536425928.png, C:\\Users\\davidho\\Katalon Studio\\Start\\Reports\\20191031_153516\\Members_Received_Negative_Feedback\\20191031_153522\\1572536461741.png, C:\\Users\\davidho\\Katalon Studio\\Start\\Reports\\20191031_153516\\Members_Received_Negative_Feedback\\20191031_153522\\1572536565212.png, C:\\Users\\davidho\\Katalon Studio\\Start\\Reports\\20191031_153516\\Members_Received_Negative_Feedback\\20191031_153522\\1572536604604.png"/>
         <property name="hostName" value="DavidHo - VETTEDSP36RF.check.local"/>
         <property name="os" value="Windows 10 32bit"/>
         <property name="katalonVersion" value="7.0.5.1"/>
         <property name="browser" value="Chrome 78.0.3904.70"/>
         <property name="hostAddress" value="10.0.11.243"/>
         <property name="sessionId" value="eeb4977dffd61279643a94b4914aa19a"/>
         <property name="seleniumVersion" value="3.141.59"/>
         <property name="proxyInformation" value="ProxyInformation{proxyOption=NO_PROXY, proxyServerType=HTTP, password=, proxyServerAddress=, proxyServerPort=0}"/>
         <property name="platform" value="Windows 10"/>
      </properties>
      <testcase name="Test Cases/Members_Area/Received_Negative_Review" time="344.366" classname="Test Cases/Members_Area/Received_Negative_Review" status="FAILED">
         <failure type="FAILED" message="Test Cases/Members_Area/Received_Negative_Review FAILED.
Reason:
com.kms.katalon.core.exception.StepFailedException: Unable to call Test Case 'Test Cases/Reusable_Test_Sequences/Members_Area/Area_Menu/Your_Customers/Received_Negative_Review' (Root cause: com.kms.katalon.core.exception.StepFailedException: Call Test Case 'Test Cases/Reusable_Test_Sequences/Members_Area/Area_Menu/Your_Customers/Received_Negative_Review' failed
	at com.kms.katalon.core.keyword.builtin.CallTestCaseKeyword$_callTestCase_closure1.doCall(CallTestCaseKeyword.groovy:63)
	at com.kms.katalon.core.keyword.builtin.CallTestCaseKeyword$_callTestCase_closure1.call(CallTestCaseKeyword.groovy)
	at com.kms.katalon.core.keyword.internal.KeywordMain.runKeyword(KeywordMain.groovy:68)
	at com.kms.katalon.core.keyword.builtin.CallTestCaseKeyword.callTestCase(CallTestCaseKeyword.groovy:81)
	at com.kms.katalon.core.keyword.builtin.CallTestCaseKeyword.execute(CallTestCaseKeyword.groovy:44)
	at com.kms.katalon.core.keyword.internal.KeywordExecutor.executeKeywordForPlatform(KeywordExecutor.groovy:60)
	at com.kms.katalon.core.keyword.BuiltinKeywords.callTestCase(BuiltinKeywords.groovy:334)
	at Received_Negative_Review.run(Received_Negative_Review:76)
	at com.kms.katalon.core.main.ScriptEngine.run(ScriptEngine.java:194)
	at com.kms.katalon.core.main.ScriptEngine.runScriptAsRawText(ScriptEngine.java:119)
	at com.kms.katalon.core.main.TestCaseExecutor.runScript(TestCaseExecutor.java:337)
	at com.kms.katalon.core.main.TestCaseExecutor.doExecute(TestCaseExecutor.java:328)
	at com.kms.katalon.core.main.TestCaseExecutor.processExecutionPhase(TestCaseExecutor.java:307)
	at com.kms.katalon.core.main.TestCaseExecutor.accessMainPhase(TestCaseExecutor.java:299)
	at com.kms.katalon.core.main.TestCaseExecutor.execute(TestCaseExecutor.java:233)
	at com.kms.katalon.core.main.TestSuiteExecutor.accessTestCaseMainPhase(TestSuiteExecutor.java:169)
	at com.kms.katalon.core.main.TestSuiteExecutor.accessTestSuiteMainPhase(TestSuiteExecutor.java:142)
	at com.kms.katalon.core.main.TestSuiteExecutor.execute(TestSuiteExecutor.java:91)
	at com.kms.katalon.core.main.TestCaseMain.startTestSuite(TestCaseMain.java:157)
	at com.kms.katalon.core.main.TestCaseMain$startTestSuite$0.call(Unknown Source)
	at TempTestSuite1572536122144.run(TempTestSuite1572536122144.groovy:36)
Caused by: com.kms.katalon.core.exception.StepFailedException: Unable to click on object 'Object Repository/Page_Members Area/div_Received a Negative Review' (Root cause: com.kms.katalon.core.exception.StepFailedException: Unable to click on object 'Object Repository/Page_Members Area/div_Received a Negative Review'
	at com.kms.katalon.core.webui.keyword.internal.WebUIKeywordMain.stepFailed(WebUIKeywordMain.groovy:64)
	at com.kms.katalon.core.webui.keyword.internal.WebUIKeywordMain.runKeyword(WebUIKeywordMain.groovy:26)
	at com.kms.katalon.core.webui.keyword.builtin.ClickKeyword.click(ClickKeyword.groovy:79)
	at com.kms.katalon.core.webui.keyword.builtin.ClickKeyword.execute(ClickKeyword.groovy:42)
	at com.kms.katalon.core.keyword.internal.KeywordExecutor.executeKeywordForPlatform(KeywordExecutor.groovy:60)
	at com.kms.katalon.core.webui.keyword.WebUiBuiltInKeywords.click(WebUiBuiltInKeywords.groovy:616)
	at com.kms.katalon.core.webui.keyword.WebUiBuiltInKeywords$click$4.call(Unknown Source)
	at Received_Negative_Review.run(Received_Negative_Review:55)
	at com.kms.katalon.core.main.ScriptEngine.run(ScriptEngine.java:194)
	at com.kms.katalon.core.main.ScriptEngine.runScriptAsRawText(ScriptEngine.java:119)
	at com.kms.katalon.core.main.TestCaseExecutor.runScript(TestCaseExecutor.java:337)
	at com.kms.katalon.core.main.TestCaseExecutor.doExecute(TestCaseExecutor.java:328)
	at com.kms.katalon.core.main.TestCaseExecutor.processExecutionPhase(TestCaseExecutor.java:307)
	at com.kms.katalon.core.main.TestCaseExecutor.accessMainPhase(TestCaseExecutor.java:299)
	at com.kms.katalon.core.main.TestCaseExecutor.execute(TestCaseExecutor.java:233)
	at com.kms.katalon.core.main.TestCaseMain.runTestCase(TestCaseMain.java:114)
	at com.kms.katalon.core.keyword.builtin.CallTestCaseKeyword$_callTestCase_closure1.doCall(CallTestCaseKeyword.groovy:59)
	at com.kms.katalon.core.keyword.builtin.CallTestCaseKeyword$_callTestCase_closure1.call(CallTestCaseKeyword.groovy)
	at com.kms.katalon.core.keyword.internal.KeywordMain.runKeyword(KeywordMain.groovy:68)
	at com.kms.katalon.core.keyword.builtin.CallTestCaseKeyword.callTestCase(CallTestCaseKeyword.groovy:81)
	at com.kms.katalon.core.keyword.builtin.CallTestCaseKeyword.execute(CallTestCaseKeyword.groovy:44)
	at com.kms.katalon.core.keyword.internal.KeywordExecutor.executeKeywordForPlatform(KeywordExecutor.groovy:60)
	at com.kms.katalon.core.keyword.BuiltinKeywords.callTestCase(BuiltinKeywords.groovy:334)
	at Received_Negative_Review.run(Received_Negative_Review:76)
	at com.kms.katalon.core.main.ScriptEngine.run(ScriptEngine.java:194)
	at com.kms.katalon.core.main.ScriptEngine.runScriptAsRawText(ScriptEngine.java:119)
	at com.kms.katalon.core.main.TestCaseExecutor.runScript(TestCaseExecutor.java:337)
	at com.kms.katalon.core.main.TestCaseExecutor.doExecute(TestCaseExecutor.java:328)
	at com.kms.katalon.core.main.TestCaseExecutor.processExecutionPhase(TestCaseExecutor.java:307)
	at com.kms.katalon.core.main.TestCaseExecutor.accessMainPhase(TestCaseExecutor.java:299)
	at com.kms.katalon.core.main.TestCaseExecutor.execute(TestCaseExecutor.java:233)
	at com.kms.katalon.core.main.TestSuiteExecutor.accessTestCaseMainPhase(TestSuiteExecutor.java:169)
	at com.kms.katalon.core.main.TestSuiteExecutor.accessTestSuiteMainPhase(TestSuiteExecutor.java:142)
	at com.kms.katalon.core.main.TestSuiteExecutor.execute(TestSuiteExecutor.java:91)
	at com.kms.katalon.core.main.TestCaseMain.startTestSuite(TestCaseMain.java:157)
	at com.kms.katalon.core.main.TestCaseMain$startTestSuite$0.call(Unknown Source)
	at TempTestSuite1572536122144.run(TempTestSuite1572536122144.groovy:36)
Caused by: com.kms.katalon.core.webui.exception.WebElementNotFoundException: Web element with id: 'Object Repository/Page_Members Area/div_Received a Negative Review' located by 'By.xpath: //div[(text() = 'Received a Negative Review' or . = 'Received a Negative Review')]' not found
	at com.kms.katalon.core.webui.common.WebUiCommonHelper.findWebElement(WebUiCommonHelper.java:1113)
	at com.kms.katalon.core.webui.keyword.internal.WebUIAbstractKeyword.findWebElement(WebUIAbstractKeyword.groovy:27)
	at com.kms.katalon.core.webui.keyword.internal.WebUIAbstractKeyword.findWebElement(WebUIAbstractKeyword.groovy:26)
	at com.kms.katalon.core.webui.keyword.builtin.ClickKeyword$_click_closure1.doCall(ClickKeyword.groovy:52)
	at com.kms.katalon.core.webui.keyword.builtin.ClickKeyword$_click_closure1.call(ClickKeyword.groovy)
	at com.kms.katalon.core.webui.keyword.internal.WebUIKeywordMain.runKeyword(WebUIKeywordMain.groovy:20)
	at com.kms.katalon.core.webui.keyword.builtin.ClickKeyword.click(ClickKeyword.groovy:79)
	at com.kms.katalon.core.webui.keyword.builtin.ClickKeyword.execute(ClickKeyword.groovy:42)
	at com.kms.katalon.core.keyword.internal.KeywordExecutor.executeKeywordForPlatform(KeywordExecutor.groovy:60)
	at com.kms.katalon.core.webui.keyword.WebUiBuiltInKeywords.click(WebUiBuiltInKeywords.groovy:616)
	at com.kms.katalon.core.webui.keyword.WebUiBuiltInKeywords$click$4.call(Unknown Source)
	at Script1568125729640.run(Script1568125729640.groovy:55)
	at com.kms.katalon.core.main.ScriptEngine.run(ScriptEngine.java:194)
	at com.kms.katalon.core.main.ScriptEngine.runScriptAsRawText(ScriptEngine.java:119)
	at com.kms.katalon.core.main.TestCaseExecutor.runScript(TestCaseExecutor.java:337)
	at com.kms.katalon.core.main.TestCaseExecutor.doExecute(TestCaseExecutor.java:328)
	at com.kms.katalon.core.main.TestCaseExecutor.processExecutionPhase(TestCaseExecutor.java:307)
	at com.kms.katalon.core.main.TestCaseExecutor.accessMainPhase(TestCaseExecutor.java:299)
	at com.kms.katalon.core.main.TestCaseExecutor.execute(TestCaseExecutor.java:233)
	at com.kms.katalon.core.main.TestCaseMain.runTestCase(TestCaseMain.java:114)
	at com.kms.katalon.core.keyword.builtin.CallTestCaseKeyword$_callTestCase_closure1.doCall(CallTestCaseKeyword.groovy:59)
	at com.kms.katalon.core.keyword.builtin.CallTestCaseKeyword$_callTestCase_closure1.call(CallTestCaseKeyword.groovy)
	at com.kms.katalon.core.keyword.internal.KeywordMain.runKeyword(KeywordMain.groovy:68)
	at com.kms.katalon.core.keyword.builtin.CallTestCaseKeyword.callTestCase(CallTestCaseKeyword.groovy:81)
	at com.kms.katalon.core.keyword.builtin.CallTestCaseKeyword.execute(CallTestCaseKeyword.groovy:44)
	at com.kms.katalon.core.keyword.internal.KeywordExecutor.executeKeywordForPlatform(KeywordExecutor.groovy:60)
	at com.kms.katalon.core.keyword.BuiltinKeywords.callTestCase(BuiltinKeywords.groovy:334)
	at Script1569934034932.run(Script1569934034932.groovy:76)
	... 13 more
)
	at com.kms.katalon.core.keyword.internal.KeywordMain.stepFailed(KeywordMain.groovy:39)
	at com.kms.katalon.core.webui.keyword.internal.WebUIKeywordMain.stepFailed(WebUIKeywordMain.groovy:64)
	at com.kms.katalon.core.webui.keyword.internal.WebUIKeywordMain.runKeyword(WebUIKeywordMain.groovy:26)
	at com.kms.katalon.core.webui.keyword.builtin.ClickKeyword.click(ClickKeyword.groovy:79)
	at com.kms.katalon.core.webui.keyword.builtin.ClickKeyword.execute(ClickKeyword.groovy:42)
	at com.kms.katalon.core.keyword.internal.KeywordExecutor.executeKeywordForPlatform(KeywordExecutor.groovy:60)
	at com.kms.katalon.core.webui.keyword.WebUiBuiltInKeywords.click(WebUiBuiltInKeywords.groovy:616)
	at com.kms.katalon.core.webui.keyword.WebUiBuiltInKeywords$click$4.call(Unknown Source)
	at Received_Negative_Review.run(Received_Negative_Review:55)
	at com.kms.katalon.core.main.ScriptEngine.run(ScriptEngine.java:194)
	at com.kms.katalon.core.main.ScriptEngine.runScriptAsRawText(ScriptEngine.java:119)
	at com.kms.katalon.core.main.TestCaseExecutor.runScript(TestCaseExecutor.java:337)
	at com.kms.katalon.core.main.TestCaseExecutor.doExecute(TestCaseExecutor.java:328)
	at com.kms.katalon.core.main.TestCaseExecutor.processExecutionPhase(TestCaseExecutor.java:307)
	at com.kms.katalon.core.main.TestCaseExecutor.accessMainPhase(TestCaseExecutor.java:299)
	at com.kms.katalon.core.main.TestCaseExecutor.execute(TestCaseExecutor.java:233)
	at com.kms.katalon.core.main.TestCaseMain.runTestCase(TestCaseMain.java:114)
	at com.kms.katalon.core.keyword.builtin.CallTestCaseKeyword$_callTestCase_closure1.doCall(CallTestCaseKeyword.groovy:59)
	... 20 more
Caused by: com.kms.katalon.core.exception.StepFailedException: Unable to click on object 'Object Repository/Page_Members Area/div_Received a Negative Review'
	... 37 more
Caused by: com.kms.katalon.core.webui.exception.WebElementNotFoundException: Web element with id: 'Object Repository/Page_Members Area/div_Received a Negative Review' located by 'By.xpath: //div[(text() = 'Received a Negative Review' or . = 'Received a Negative Review')]' not found
	at com.kms.katalon.core.webui.common.WebUiCommonHelper.findWebElement(WebUiCommonHelper.java:1113)
	at com.kms.katalon.core.webui.keyword.internal.WebUIAbstractKeyword.findWebElement(WebUIAbstractKeyword.groovy:27)
	at com.kms.katalon.core.webui.keyword.internal.WebUIAbstractKeyword.findWebElement(WebUIAbstractKeyword.groovy:26)
	at com.kms.katalon.core.webui.keyword.builtin.ClickKeyword$_click_closure1.doCall(ClickKeyword.groovy:52)
	at com.kms.katalon.core.webui.keyword.builtin.ClickKeyword$_click_closure1.call(ClickKeyword.groovy)
	at com.kms.katalon.core.webui.keyword.internal.WebUIKeywordMain.runKeyword(WebUIKeywordMain.groovy:20)
	... 35 more
)
	at com.kms.katalon.core.keyword.internal.KeywordMain.stepFailed(KeywordMain.groovy:39)
	at com.kms.katalon.core.keyword.internal.KeywordMain.stepFailed(KeywordMain.groovy)
	at com.kms.katalon.core.keyword.internal.KeywordMain.runKeyword(KeywordMain.groovy:70)
	at com.kms.katalon.core.keyword.builtin.CallTestCaseKeyword.callTestCase(CallTestCaseKeyword.groovy:81)
	at com.kms.katalon.core.keyword.builtin.CallTestCaseKeyword.execute(CallTestCaseKeyword.groovy:44)
	at com.kms.katalon.core.keyword.internal.KeywordExecutor.executeKeywordForPlatform(KeywordExecutor.groovy:60)
	at com.kms.katalon.core.keyword.BuiltinKeywords.callTestCase(BuiltinKeywords.groovy:334)
	at Received_Negative_Review.run(Received_Negative_Review:76)
	at com.kms.katalon.core.main.ScriptEngine.run(ScriptEngine.java:194)
	at com.kms.katalon.core.main.ScriptEngine.runScriptAsRawText(ScriptEngine.java:119)
	at com.kms.katalon.core.main.TestCaseExecutor.runScript(TestCaseExecutor.java:337)
	at com.kms.katalon.core.main.TestCaseExecutor.doExecute(TestCaseExecutor.java:328)
	at com.kms.katalon.core.main.TestCaseExecutor.processExecutionPhase(TestCaseExecutor.java:307)
	at com.kms.katalon.core.main.TestCaseExecutor.accessMainPhase(TestCaseExecutor.java:299)
	at com.kms.katalon.core.main.TestCaseExecutor.execute(TestCaseExecutor.java:233)
	at com.kms.katalon.core.main.TestSuiteExecutor.accessTestCaseMainPhase(TestSuiteExecutor.java:169)
	at com.kms.katalon.core.main.TestSuiteExecutor.accessTestSuiteMainPhase(TestSuiteExecutor.java:142)
	at com.kms.katalon.core.main.TestSuiteExecutor.execute(TestSuiteExecutor.java:91)
	at com.kms.katalon.core.main.TestCaseMain.startTestSuite(TestCaseMain.java:157)
	at com.kms.katalon.core.main.TestCaseMain$startTestSuite$0.call(Unknown Source)
	at TempTestSuite1572536122144.run(TempTestSuite1572536122144.groovy:36)
Caused by: com.kms.katalon.core.exception.StepFailedException: Call Test Case 'Test Cases/Reusable_Test_Sequences/Members_Area/Area_Menu/Your_Customers/Received_Negative_Review' failed
	at com.kms.katalon.core.keyword.builtin.CallTestCaseKeyword$_callTestCase_closure1.doCall(CallTestCaseKeyword.groovy:63)
	at com.kms.katalon.core.keyword.builtin.CallTestCaseKeyword$_callTestCase_closure1.call(CallTestCaseKeyword.groovy)
	at com.kms.katalon.core.keyword.internal.KeywordMain.runKeyword(KeywordMain.groovy:68)
	... 18 more
Caused by: com.kms.katalon.core.exception.StepFailedException: Unable to click on object 'Object Repository/Page_Members Area/div_Received a Negative Review' (Root cause: com.kms.katalon.core.exception.StepFailedException: Unable to click on object 'Object Repository/Page_Members Area/div_Received a Negative Review'
	at com.kms.katalon.core.webui.keyword.internal.WebUIKeywordMain.stepFailed(WebUIKeywordMain.groovy:64)
	at com.kms.katalon.core.webui.keyword.internal.WebUIKeywordMain.runKeyword(WebUIKeywordMain.groovy:26)
	at com.kms.katalon.core.webui.keyword.builtin.ClickKeyword.click(ClickKeyword.groovy:79)
	at com.kms.katalon.core.webui.keyword.builtin.ClickKeyword.execute(ClickKeyword.groovy:42)
	at com.kms.katalon.core.keyword.internal.KeywordExecutor.executeKeywordForPlatform(KeywordExecutor.groovy:60)
	at com.kms.katalon.core.webui.keyword.WebUiBuiltInKeywords.click(WebUiBuiltInKeywords.groovy:616)
	at com.kms.katalon.core.webui.keyword.WebUiBuiltInKeywords$click$4.call(Unknown Source)
	at Received_Negative_Review.run(Received_Negative_Review:55)
	at com.kms.katalon.core.main.ScriptEngine.run(ScriptEngine.java:194)
	at com.kms.katalon.core.main.ScriptEngine.runScriptAsRawText(ScriptEngine.java:119)
	at com.kms.katalon.core.main.TestCaseExecutor.runScript(TestCaseExecutor.java:337)
	at com.kms.katalon.core.main.TestCaseExecutor.doExecute(TestCaseExecutor.java:328)
	at com.kms.katalon.core.main.TestCaseExecutor.processExecutionPhase(TestCaseExecutor.java:307)
	at com.kms.katalon.core.main.TestCaseExecutor.accessMainPhase(TestCaseExecutor.java:299)
	at com.kms.katalon.core.main.TestCaseExecutor.execute(TestCaseExecutor.java:233)
	at com.kms.katalon.core.main.TestCaseMain.runTestCase(TestCaseMain.java:114)
	at com.kms.katalon.core.keyword.builtin.CallTestCaseKeyword$_callTestCase_closure1.doCall(CallTestCaseKeyword.groovy:59)
	at com.kms.katalon.core.keyword.builtin.CallTestCaseKeyword$_callTestCase_closure1.call(CallTestCaseKeyword.groovy)
	at com.kms.katalon.core.keyword.internal.KeywordMain.runKeyword(KeywordMain.groovy:68)
	at com.kms.katalon.core.keyword.builtin.CallTestCaseKeyword.callTestCase(CallTestCaseKeyword.groovy:81)
	at com.kms.katalon.core.keyword.builtin.CallTestCaseKeyword.execute(CallTestCaseKeyword.groovy:44)
	at com.kms.katalon.core.keyword.internal.KeywordExecutor.executeKeywordForPlatform(KeywordExecutor.groovy:60)
	at com.kms.katalon.core.keyword.BuiltinKeywords.callTestCase(BuiltinKeywords.groovy:334)
	at Received_Negative_Review.run(Received_Negative_Review:76)
	at com.kms.katalon.core.main.ScriptEngine.run(ScriptEngine.java:194)
	at com.kms.katalon.core.main.ScriptEngine.runScriptAsRawText(ScriptEngine.java:119)
	at com.kms.katalon.core.main.TestCaseExecutor.runScript(TestCaseExecutor.java:337)
	at com.kms.katalon.core.main.TestCaseExecutor.doExecute(TestCaseExecutor.java:328)
	at com.kms.katalon.core.main.TestCaseExecutor.processExecutionPhase(TestCaseExecutor.java:307)
	at com.kms.katalon.core.main.TestCaseExecutor.accessMainPhase(TestCaseExecutor.java:299)
	at com.kms.katalon.core.main.TestCaseExecutor.execute(TestCaseExecutor.java:233)
	at com.kms.katalon.core.main.TestSuiteExecutor.accessTestCaseMainPhase(TestSuiteExecutor.java:169)
	at com.kms.katalon.core.main.TestSuiteExecutor.accessTestSuiteMainPhase(TestSuiteExecutor.java:142)
	at com.kms.katalon.core.main.TestSuiteExecutor.execute(TestSuiteExecutor.java:91)
	at com.kms.katalon.core.main.TestCaseMain.startTestSuite(TestCaseMain.java:157)
	at com.kms.katalon.core.main.TestCaseMain$startTestSuite$0.call(Unknown Source)
	at TempTestSuite1572536122144.run(TempTestSuite1572536122144.groovy:36)
Caused by: com.kms.katalon.core.webui.exception.WebElementNotFoundException: Web element with id: 'Object Repository/Page_Members Area/div_Received a Negative Review' located by 'By.xpath: //div[(text() = 'Received a Negative Review' or . = 'Received a Negative Review')]' not found
	at com.kms.katalon.core.webui.common.WebUiCommonHelper.findWebElement(WebUiCommonHelper.java:1113)
	at com.kms.katalon.core.webui.keyword.internal.WebUIAbstractKeyword.findWebElement(WebUIAbstractKeyword.groovy:27)
	at com.kms.katalon.core.webui.keyword.internal.WebUIAbstractKeyword.findWebElement(WebUIAbstractKeyword.groovy:26)
	at com.kms.katalon.core.webui.keyword.builtin.ClickKeyword$_click_closure1.doCall(ClickKeyword.groovy:52)
	at com.kms.katalon.core.webui.keyword.builtin.ClickKeyword$_click_closure1.call(ClickKeyword.groovy)
	at com.kms.katalon.core.webui.keyword.internal.WebUIKeywordMain.runKeyword(WebUIKeywordMain.groovy:20)
	at com.kms.katalon.core.webui.keyword.builtin.ClickKeyword.click(ClickKeyword.groovy:79)
	at com.kms.katalon.core.webui.keyword.builtin.ClickKeyword.execute(ClickKeyword.groovy:42)
	at com.kms.katalon.core.keyword.internal.KeywordExecutor.executeKeywordForPlatform(KeywordExecutor.groovy:60)
	at com.kms.katalon.core.webui.keyword.WebUiBuiltInKeywords.click(WebUiBuiltInKeywords.groovy:616)
	at com.kms.katalon.core.webui.keyword.WebUiBuiltInKeywords$click$4.call(Unknown Source)
	at Script1568125729640.run(Script1568125729640.groovy:55)
	at com.kms.katalon.core.main.ScriptEngine.run(ScriptEngine.java:194)
	at com.kms.katalon.core.main.ScriptEngine.runScriptAsRawText(ScriptEngine.java:119)
	at com.kms.katalon.core.main.TestCaseExecutor.runScript(TestCaseExecutor.java:337)
	at com.kms.katalon.core.main.TestCaseExecutor.doExecute(TestCaseExecutor.java:328)
	at com.kms.katalon.core.main.TestCaseExecutor.processExecutionPhase(TestCaseExecutor.java:307)
	at com.kms.katalon.core.main.TestCaseExecutor.accessMainPhase(TestCaseExecutor.java:299)
	at com.kms.katalon.core.main.TestCaseExecutor.execute(TestCaseExecutor.java:233)
	at com.kms.katalon.core.main.TestCaseMain.runTestCase(TestCaseMain.java:114)
	at com.kms.katalon.core.keyword.builtin.CallTestCaseKeyword$_callTestCase_closure1.doCall(CallTestCaseKeyword.groovy:59)
	at com.kms.katalon.core.keyword.builtin.CallTestCaseKeyword$_callTestCase_closure1.call(CallTestCaseKeyword.groovy)
	at com.kms.katalon.core.keyword.internal.KeywordMain.runKeyword(KeywordMain.groovy:68)
	at com.kms.katalon.core.keyword.builtin.CallTestCaseKeyword.callTestCase(CallTestCaseKeyword.groovy:81)
	at com.kms.katalon.core.keyword.builtin.CallTestCaseKeyword.execute(CallTestCaseKeyword.groovy:44)
	at com.kms.katalon.core.keyword.internal.KeywordExecutor.executeKeywordForPlatform(KeywordExecutor.groovy:60)
	at com.kms.katalon.core.keyword.BuiltinKeywords.callTestCase(BuiltinKeywords.groovy:334)
	at Script1569934034932.run(Script1569934034932.groovy:76)
	... 13 more
)
	at com.kms.katalon.core.keyword.internal.KeywordMain.stepFailed(KeywordMain.groovy:39)
	at com.kms.katalon.core.webui.keyword.internal.WebUIKeywordMain.stepFailed(WebUIKeywordMain.groovy:64)
	at com.kms.katalon.core.webui.keyword.internal.WebUIKeywordMain.runKeyword(WebUIKeywordMain.groovy:26)
	at com.kms.katalon.core.webui.keyword.builtin.ClickKeyword.click(ClickKeyword.groovy:79)
	at com.kms.katalon.core.webui.keyword.builtin.ClickKeyword.execute(ClickKeyword.groovy:42)
	at com.kms.katalon.core.keyword.internal.KeywordExecutor.executeKeywordForPlatform(KeywordExecutor.groovy:60)
	at com.kms.katalon.core.webui.keyword.WebUiBuiltInKeywords.click(WebUiBuiltInKeywords.groovy:616)
	at com.kms.katalon.core.webui.keyword.WebUiBuiltInKeywords$click$4.call(Unknown Source)
	at Received_Negative_Review.run(Received_Negative_Review:55)
	at com.kms.katalon.core.main.ScriptEngine.run(ScriptEngine.java:194)
	at com.kms.katalon.core.main.ScriptEngine.runScriptAsRawText(ScriptEngine.java:119)
	at com.kms.katalon.core.main.TestCaseExecutor.runScript(TestCaseExecutor.java:337)
	at com.kms.katalon.core.main.TestCaseExecutor.doExecute(TestCaseExecutor.java:328)
	at com.kms.katalon.core.main.TestCaseExecutor.processExecutionPhase(TestCaseExecutor.java:307)
	at com.kms.katalon.core.main.TestCaseExecutor.accessMainPhase(TestCaseExecutor.java:299)
	at com.kms.katalon.core.main.TestCaseExecutor.execute(TestCaseExecutor.java:233)
	at com.kms.katalon.core.main.TestCaseMain.runTestCase(TestCaseMain.java:114)
	at com.kms.katalon.core.keyword.builtin.CallTestCaseKeyword$_callTestCase_closure1.doCall(CallTestCaseKeyword.groovy:59)
	... 20 more
Caused by: com.kms.katalon.core.exception.StepFailedException: Unable to click on object 'Object Repository/Page_Members Area/div_Received a Negative Review'
	... 37 more
Caused by: com.kms.katalon.core.webui.exception.WebElementNotFoundException: Web element with id: 'Object Repository/Page_Members Area/div_Received a Negative Review' located by 'By.xpath: //div[(text() = 'Received a Negative Review' or . = 'Received a Negative Review')]' not found
	at com.kms.katalon.core.webui.common.WebUiCommonHelper.findWebElement(WebUiCommonHelper.java:1113)
	at com.kms.katalon.core.webui.keyword.internal.WebUIAbstractKeyword.findWebElement(WebUIAbstractKeyword.groovy:27)
	at com.kms.katalon.core.webui.keyword.internal.WebUIAbstractKeyword.findWebElement(WebUIAbstractKeyword.groovy:26)
	at com.kms.katalon.core.webui.keyword.builtin.ClickKeyword$_click_closure1.doCall(ClickKeyword.groovy:52)
	at com.kms.katalon.core.webui.keyword.builtin.ClickKeyword$_click_closure1.call(ClickKeyword.groovy)
	at com.kms.katalon.core.webui.keyword.internal.WebUIKeywordMain.runKeyword(WebUIKeywordMain.groovy:20)
	... 35 more
"/>
         <system-out><![CDATA[2019-10-31 15:37:40 - [TEST_CASE][FAILED] - Test Cases/Members_Area/Received_Negative_Review: Test Cases/Members_Area/Received_Negative_Review FAILED.
Reason:
com.kms.katalon.core.exception.StepFailedException: Unable to call Test Case 'Test Cases/Reusable_Test_Sequences/Members_Area/Area_Menu/Your_Customers/Received_Negative_Review' (Root cause: com.kms.katalon.core.exception.StepFailedException: Call Test Case 'Test Cases/Reusable_Test_Sequences/Members_Area/Area_Menu/Your_Customers/Received_Negative_Review' failed
	at com.kms.katalon.core.keyword.builtin.CallTestCaseKeyword$_callTestCase_closure1.doCall(CallTestCaseKeyword.groovy:63)
	at com.kms.katalon.core.keyword.builtin.CallTestCaseKeyword$_callTestCase_closure1.call(CallTestCaseKeyword.groovy)
	at com.kms.katalon.core.keyword.internal.KeywordMain.runKeyword(KeywordMain.groovy:68)
	at com.kms.katalon.core.keyword.builtin.CallTestCaseKeyword.callTestCase(CallTestCaseKeyword.groovy:81)
	at com.kms.katalon.core.keyword.builtin.CallTestCaseKeyword.execute(CallTestCaseKeyword.groovy:44)
	at com.kms.katalon.core.keyword.internal.KeywordExecutor.executeKeywordForPlatform(KeywordExecutor.groovy:60)
	at com.kms.katalon.core.keyword.BuiltinKeywords.callTestCase(BuiltinKeywords.groovy:334)
	at Received_Negative_Review.run(Received_Negative_Review:76)
	at com.kms.katalon.core.main.ScriptEngine.run(ScriptEngine.java:194)
	at com.kms.katalon.core.main.ScriptEngine.runScriptAsRawText(ScriptEngine.java:119)
	at com.kms.katalon.core.main.TestCaseExecutor.runScript(TestCaseExecutor.java:337)
	at com.kms.katalon.core.main.TestCaseExecutor.doExecute(TestCaseExecutor.java:328)
	at com.kms.katalon.core.main.TestCaseExecutor.processExecutionPhase(TestCaseExecutor.java:307)
	at com.kms.katalon.core.main.TestCaseExecutor.accessMainPhase(TestCaseExecutor.java:299)
	at com.kms.katalon.core.main.TestCaseExecutor.execute(TestCaseExecutor.java:233)
	at com.kms.katalon.core.main.TestSuiteExecutor.accessTestCaseMainPhase(TestSuiteExecutor.java:169)
	at com.kms.katalon.core.main.TestSuiteExecutor.accessTestSuiteMainPhase(TestSuiteExecutor.java:142)
	at com.kms.katalon.core.main.TestSuiteExecutor.execute(TestSuiteExecutor.java:91)
	at com.kms.katalon.core.main.TestCaseMain.startTestSuite(TestCaseMain.java:157)
	at com.kms.katalon.core.main.TestCaseMain$startTestSuite$0.call(Unknown Source)
	at TempTestSuite1572536122144.run(TempTestSuite1572536122144.groovy:36)
Caused by: com.kms.katalon.core.exception.StepFailedException: Unable to click on object 'Object Repository/Page_Members Area/div_Received a Negative Review' (Root cause: com.kms.katalon.core.exception.StepFailedException: Unable to click on object 'Object Repository/Page_Members Area/div_Received a Negative Review'
	at com.kms.katalon.core.webui.keyword.internal.WebUIKeywordMain.stepFailed(WebUIKeywordMain.groovy:64)
	at com.kms.katalon.core.webui.keyword.internal.WebUIKeywordMain.runKeyword(WebUIKeywordMain.groovy:26)
	at com.kms.katalon.core.webui.keyword.builtin.ClickKeyword.click(ClickKeyword.groovy:79)
	at com.kms.katalon.core.webui.keyword.builtin.ClickKeyword.execute(ClickKeyword.groovy:42)
	at com.kms.katalon.core.keyword.internal.KeywordExecutor.executeKeywordForPlatform(KeywordExecutor.groovy:60)
	at com.kms.katalon.core.webui.keyword.WebUiBuiltInKeywords.click(WebUiBuiltInKeywords.groovy:616)
	at com.kms.katalon.core.webui.keyword.WebUiBuiltInKeywords$click$4.call(Unknown Source)
	at Received_Negative_Review.run(Received_Negative_Review:55)
	at com.kms.katalon.core.main.ScriptEngine.run(ScriptEngine.java:194)
	at com.kms.katalon.core.main.ScriptEngine.runScriptAsRawText(ScriptEngine.java:119)
	at com.kms.katalon.core.main.TestCaseExecutor.runScript(TestCaseExecutor.java:337)
	at com.kms.katalon.core.main.TestCaseExecutor.doExecute(TestCaseExecutor.java:328)
	at com.kms.katalon.core.main.TestCaseExecutor.processExecutionPhase(TestCaseExecutor.java:307)
	at com.kms.katalon.core.main.TestCaseExecutor.accessMainPhase(TestCaseExecutor.java:299)
	at com.kms.katalon.core.main.TestCaseExecutor.execute(TestCaseExecutor.java:233)
	at com.kms.katalon.core.main.TestCaseMain.runTestCase(TestCaseMain.java:114)
	at com.kms.katalon.core.keyword.builtin.CallTestCaseKeyword$_callTestCase_closure1.doCall(CallTestCaseKeyword.groovy:59)
	at com.kms.katalon.core.keyword.builtin.CallTestCaseKeyword$_callTestCase_closure1.call(CallTestCaseKeyword.groovy)
	at com.kms.katalon.core.keyword.internal.KeywordMain.runKeyword(KeywordMain.groovy:68)
	at com.kms.katalon.core.keyword.builtin.CallTestCaseKeyword.callTestCase(CallTestCaseKeyword.groovy:81)
	at com.kms.katalon.core.keyword.builtin.CallTestCaseKeyword.execute(CallTestCaseKeyword.groovy:44)
	at com.kms.katalon.core.keyword.internal.KeywordExecutor.executeKeywordForPlatform(KeywordExecutor.groovy:60)
	at com.kms.katalon.core.keyword.BuiltinKeywords.callTestCase(BuiltinKeywords.groovy:334)
	at Received_Negative_Review.run(Received_Negative_Review:76)
	at com.kms.katalon.core.main.ScriptEngine.run(ScriptEngine.java:194)
	at com.kms.katalon.core.main.ScriptEngine.runScriptAsRawText(ScriptEngine.java:119)
	at com.kms.katalon.core.main.TestCaseExecutor.runScript(TestCaseExecutor.java:337)
	at com.kms.katalon.core.main.TestCaseExecutor.doExecute(TestCaseExecutor.java:328)
	at com.kms.katalon.core.main.TestCaseExecutor.processExecutionPhase(TestCaseExecutor.java:307)
	at com.kms.katalon.core.main.TestCaseExecutor.accessMainPhase(TestCaseExecutor.java:299)
	at com.kms.katalon.core.main.TestCaseExecutor.execute(TestCaseExecutor.java:233)
	at com.kms.katalon.core.main.TestSuiteExecutor.accessTestCaseMainPhase(TestSuiteExecutor.java:169)
	at com.kms.katalon.core.main.TestSuiteExecutor.accessTestSuiteMainPhase(TestSuiteExecutor.java:142)
	at com.kms.katalon.core.main.TestSuiteExecutor.execute(TestSuiteExecutor.java:91)
	at com.kms.katalon.core.main.TestCaseMain.startTestSuite(TestCaseMain.java:157)
	at com.kms.katalon.core.main.TestCaseMain$startTestSuite$0.call(Unknown Source)
	at TempTestSuite1572536122144.run(TempTestSuite1572536122144.groovy:36)
Caused by: com.kms.katalon.core.webui.exception.WebElementNotFoundException: Web element with id: 'Object Repository/Page_Members Area/div_Received a Negative Review' located by 'By.xpath: //div[(text() = 'Received a Negative Review' or . = 'Received a Negative Review')]' not found
	at com.kms.katalon.core.webui.common.WebUiCommonHelper.findWebElement(WebUiCommonHelper.java:1113)
	at com.kms.katalon.core.webui.keyword.internal.WebUIAbstractKeyword.findWebElement(WebUIAbstractKeyword.groovy:27)
	at com.kms.katalon.core.webui.keyword.internal.WebUIAbstractKeyword.findWebElement(WebUIAbstractKeyword.groovy:26)
	at com.kms.katalon.core.webui.keyword.builtin.ClickKeyword$_click_closure1.doCall(ClickKeyword.groovy:52)
	at com.kms.katalon.core.webui.keyword.builtin.ClickKeyword$_click_closure1.call(ClickKeyword.groovy)
	at com.kms.katalon.core.webui.keyword.internal.WebUIKeywordMain.runKeyword(WebUIKeywordMain.groovy:20)
	at com.kms.katalon.core.webui.keyword.builtin.ClickKeyword.click(ClickKeyword.groovy:79)
	at com.kms.katalon.core.webui.keyword.builtin.ClickKeyword.execute(ClickKeyword.groovy:42)
	at com.kms.katalon.core.keyword.internal.KeywordExecutor.executeKeywordForPlatform(KeywordExecutor.groovy:60)
	at com.kms.katalon.core.webui.keyword.WebUiBuiltInKeywords.click(WebUiBuiltInKeywords.groovy:616)
	at com.kms.katalon.core.webui.keyword.WebUiBuiltInKeywords$click$4.call(Unknown Source)
	at Script1568125729640.run(Script1568125729640.groovy:55)
	at com.kms.katalon.core.main.ScriptEngine.run(ScriptEngine.java:194)
	at com.kms.katalon.core.main.ScriptEngine.runScriptAsRawText(ScriptEngine.java:119)
	at com.kms.katalon.core.main.TestCaseExecutor.runScript(TestCaseExecutor.java:337)
	at com.kms.katalon.core.main.TestCaseExecutor.doExecute(TestCaseExecutor.java:328)
	at com.kms.katalon.core.main.TestCaseExecutor.processExecutionPhase(TestCaseExecutor.java:307)
	at com.kms.katalon.core.main.TestCaseExecutor.accessMainPhase(TestCaseExecutor.java:299)
	at com.kms.katalon.core.main.TestCaseExecutor.execute(TestCaseExecutor.java:233)
	at com.kms.katalon.core.main.TestCaseMain.runTestCase(TestCaseMain.java:114)
	at com.kms.katalon.core.keyword.builtin.CallTestCaseKeyword$_callTestCase_closure1.doCall(CallTestCaseKeyword.groovy:59)
	at com.kms.katalon.core.keyword.builtin.CallTestCaseKeyword$_callTestCase_closure1.call(CallTestCaseKeyword.groovy)
	at com.kms.katalon.core.keyword.internal.KeywordMain.runKeyword(KeywordMain.groovy:68)
	at com.kms.katalon.core.keyword.builtin.CallTestCaseKeyword.callTestCase(CallTestCaseKeyword.groovy:81)
	at com.kms.katalon.core.keyword.builtin.CallTestCaseKeyword.execute(CallTestCaseKeyword.groovy:44)
	at com.kms.katalon.core.keyword.internal.KeywordExecutor.executeKeywordForPlatform(KeywordExecutor.groovy:60)
	at com.kms.katalon.core.keyword.BuiltinKeywords.callTestCase(BuiltinKeywords.groovy:334)
	at Script1569934034932.run(Script1569934034932.groovy:76)
	... 13 more
)
	at com.kms.katalon.core.keyword.internal.KeywordMain.stepFailed(KeywordMain.groovy:39)
	at com.kms.katalon.core.webui.keyword.internal.WebUIKeywordMain.stepFailed(WebUIKeywordMain.groovy:64)
	at com.kms.katalon.core.webui.keyword.internal.WebUIKeywordMain.runKeyword(WebUIKeywordMain.groovy:26)
	at com.kms.katalon.core.webui.keyword.builtin.ClickKeyword.click(ClickKeyword.groovy:79)
	at com.kms.katalon.core.webui.keyword.builtin.ClickKeyword.execute(ClickKeyword.groovy:42)
	at com.kms.katalon.core.keyword.internal.KeywordExecutor.executeKeywordForPlatform(KeywordExecutor.groovy:60)
	at com.kms.katalon.core.webui.keyword.WebUiBuiltInKeywords.click(WebUiBuiltInKeywords.groovy:616)
	at com.kms.katalon.core.webui.keyword.WebUiBuiltInKeywords$click$4.call(Unknown Source)
	at Received_Negative_Review.run(Received_Negative_Review:55)
	at com.kms.katalon.core.main.ScriptEngine.run(ScriptEngine.java:194)
	at com.kms.katalon.core.main.ScriptEngine.runScriptAsRawText(ScriptEngine.java:119)
	at com.kms.katalon.core.main.TestCaseExecutor.runScript(TestCaseExecutor.java:337)
	at com.kms.katalon.core.main.TestCaseExecutor.doExecute(TestCaseExecutor.java:328)
	at com.kms.katalon.core.main.TestCaseExecutor.processExecutionPhase(TestCaseExecutor.java:307)
	at com.kms.katalon.core.main.TestCaseExecutor.accessMainPhase(TestCaseExecutor.java:299)
	at com.kms.katalon.core.main.TestCaseExecutor.execute(TestCaseExecutor.java:233)
	at com.kms.katalon.core.main.TestCaseMain.runTestCase(TestCaseMain.java:114)
	at com.kms.katalon.core.keyword.builtin.CallTestCaseKeyword$_callTestCase_closure1.doCall(CallTestCaseKeyword.groovy:59)
	... 20 more
Caused by: com.kms.katalon.core.exception.StepFailedException: Unable to click on object 'Object Repository/Page_Members Area/div_Received a Negative Review'
	... 37 more
Caused by: com.kms.katalon.core.webui.exception.WebElementNotFoundException: Web element with id: 'Object Repository/Page_Members Area/div_Received a Negative Review' located by 'By.xpath: //div[(text() = 'Received a Negative Review' or . = 'Received a Negative Review')]' not found
	at com.kms.katalon.core.webui.common.WebUiCommonHelper.findWebElement(WebUiCommonHelper.java:1113)
	at com.kms.katalon.core.webui.keyword.internal.WebUIAbstractKeyword.findWebElement(WebUIAbstractKeyword.groovy:27)
	at com.kms.katalon.core.webui.keyword.internal.WebUIAbstractKeyword.findWebElement(WebUIAbstractKeyword.groovy:26)
	at com.kms.katalon.core.webui.keyword.builtin.ClickKeyword$_click_closure1.doCall(ClickKeyword.groovy:52)
	at com.kms.katalon.core.webui.keyword.builtin.ClickKeyword$_click_closure1.call(ClickKeyword.groovy)
	at com.kms.katalon.core.webui.keyword.internal.WebUIKeywordMain.runKeyword(WebUIKeywordMain.groovy:20)
	... 35 more
)
	at com.kms.katalon.core.keyword.internal.KeywordMain.stepFailed(KeywordMain.groovy:39)
	at com.kms.katalon.core.keyword.internal.KeywordMain.stepFailed(KeywordMain.groovy)
	at com.kms.katalon.core.keyword.internal.KeywordMain.runKeyword(KeywordMain.groovy:70)
	at com.kms.katalon.core.keyword.builtin.CallTestCaseKeyword.callTestCase(CallTestCaseKeyword.groovy:81)
	at com.kms.katalon.core.keyword.builtin.CallTestCaseKeyword.execute(CallTestCaseKeyword.groovy:44)
	at com.kms.katalon.core.keyword.internal.KeywordExecutor.executeKeywordForPlatform(KeywordExecutor.groovy:60)
	at com.kms.katalon.core.keyword.BuiltinKeywords.callTestCase(BuiltinKeywords.groovy:334)
	at Received_Negative_Review.run(Received_Negative_Review:76)
	at com.kms.katalon.core.main.ScriptEngine.run(ScriptEngine.java:194)
	at com.kms.katalon.core.main.ScriptEngine.runScriptAsRawText(ScriptEngine.java:119)
	at com.kms.katalon.core.main.TestCaseExecutor.runScript(TestCaseExecutor.java:337)
	at com.kms.katalon.core.main.TestCaseExecutor.doExecute(TestCaseExecutor.java:328)
	at com.kms.katalon.core.main.TestCaseExecutor.processExecutionPhase(TestCaseExecutor.java:307)
	at com.kms.katalon.core.main.TestCaseExecutor.accessMainPhase(TestCaseExecutor.java:299)
	at com.kms.katalon.core.main.TestCaseExecutor.execute(TestCaseExecutor.java:233)
	at com.kms.katalon.core.main.TestSuiteExecutor.accessTestCaseMainPhase(TestSuiteExecutor.java:169)
	at com.kms.katalon.core.main.TestSuiteExecutor.accessTestSuiteMainPhase(TestSuiteExecutor.java:142)
	at com.kms.katalon.core.main.TestSuiteExecutor.execute(TestSuiteExecutor.java:91)
	at com.kms.katalon.core.main.TestCaseMain.startTestSuite(TestCaseMain.java:157)
	at com.kms.katalon.core.main.TestCaseMain$startTestSuite$0.call(Unknown Source)
	at TempTestSuite1572536122144.run(TempTestSuite1572536122144.groovy:36)
Caused by: com.kms.katalon.core.exception.StepFailedException: Call Test Case 'Test Cases/Reusable_Test_Sequences/Members_Area/Area_Menu/Your_Customers/Received_Negative_Review' failed
	at com.kms.katalon.core.keyword.builtin.CallTestCaseKeyword$_callTestCase_closure1.doCall(CallTestCaseKeyword.groovy:63)
	at com.kms.katalon.core.keyword.builtin.CallTestCaseKeyword$_callTestCase_closure1.call(CallTestCaseKeyword.groovy)
	at com.kms.katalon.core.keyword.internal.KeywordMain.runKeyword(KeywordMain.groovy:68)
	... 18 more
Caused by: com.kms.katalon.core.exception.StepFailedException: Unable to click on object 'Object Repository/Page_Members Area/div_Received a Negative Review' (Root cause: com.kms.katalon.core.exception.StepFailedException: Unable to click on object 'Object Repository/Page_Members Area/div_Received a Negative Review'
	at com.kms.katalon.core.webui.keyword.internal.WebUIKeywordMain.stepFailed(WebUIKeywordMain.groovy:64)
	at com.kms.katalon.core.webui.keyword.internal.WebUIKeywordMain.runKeyword(WebUIKeywordMain.groovy:26)
	at com.kms.katalon.core.webui.keyword.builtin.ClickKeyword.click(ClickKeyword.groovy:79)
	at com.kms.katalon.core.webui.keyword.builtin.ClickKeyword.execute(ClickKeyword.groovy:42)
	at com.kms.katalon.core.keyword.internal.KeywordExecutor.executeKeywordForPlatform(KeywordExecutor.groovy:60)
	at com.kms.katalon.core.webui.keyword.WebUiBuiltInKeywords.click(WebUiBuiltInKeywords.groovy:616)
	at com.kms.katalon.core.webui.keyword.WebUiBuiltInKeywords$click$4.call(Unknown Source)
	at Received_Negative_Review.run(Received_Negative_Review:55)
	at com.kms.katalon.core.main.ScriptEngine.run(ScriptEngine.java:194)
	at com.kms.katalon.core.main.ScriptEngine.runScriptAsRawText(ScriptEngine.java:119)
	at com.kms.katalon.core.main.TestCaseExecutor.runScript(TestCaseExecutor.java:337)
	at com.kms.katalon.core.main.TestCaseExecutor.doExecute(TestCaseExecutor.java:328)
	at com.kms.katalon.core.main.TestCaseExecutor.processExecutionPhase(TestCaseExecutor.java:307)
	at com.kms.katalon.core.main.TestCaseExecutor.accessMainPhase(TestCaseExecutor.java:299)
	at com.kms.katalon.core.main.TestCaseExecutor.execute(TestCaseExecutor.java:233)
	at com.kms.katalon.core.main.TestCaseMain.runTestCase(TestCaseMain.java:114)
	at com.kms.katalon.core.keyword.builtin.CallTestCaseKeyword$_callTestCase_closure1.doCall(CallTestCaseKeyword.groovy:59)
	at com.kms.katalon.core.keyword.builtin.CallTestCaseKeyword$_callTestCase_closure1.call(CallTestCaseKeyword.groovy)
	at com.kms.katalon.core.keyword.internal.KeywordMain.runKeyword(KeywordMain.groovy:68)
	at com.kms.katalon.core.keyword.builtin.CallTestCaseKeyword.callTestCase(CallTestCaseKeyword.groovy:81)
	at com.kms.katalon.core.keyword.builtin.CallTestCaseKeyword.execute(CallTestCaseKeyword.groovy:44)
	at com.kms.katalon.core.keyword.internal.KeywordExecutor.executeKeywordForPlatform(KeywordExecutor.groovy:60)
	at com.kms.katalon.core.keyword.BuiltinKeywords.callTestCase(BuiltinKeywords.groovy:334)
	at Received_Negative_Review.run(Received_Negative_Review:76)
	at com.kms.katalon.core.main.ScriptEngine.run(ScriptEngine.java:194)
	at com.kms.katalon.core.main.ScriptEngine.runScriptAsRawText(ScriptEngine.java:119)
	at com.kms.katalon.core.main.TestCaseExecutor.runScript(TestCaseExecutor.java:337)
	at com.kms.katalon.core.main.TestCaseExecutor.doExecute(TestCaseExecutor.java:328)
	at com.kms.katalon.core.main.TestCaseExecutor.processExecutionPhase(TestCaseExecutor.java:307)
	at com.kms.katalon.core.main.TestCaseExecutor.accessMainPhase(TestCaseExecutor.java:299)
	at com.kms.katalon.core.main.TestCaseExecutor.execute(TestCaseExecutor.java:233)
	at com.kms.katalon.core.main.TestSuiteExecutor.accessTestCaseMainPhase(TestSuiteExecutor.java:169)
	at com.kms.katalon.core.main.TestSuiteExecutor.accessTestSuiteMainPhase(TestSuiteExecutor.java:142)
	at com.kms.katalon.core.main.TestSuiteExecutor.execute(TestSuiteExecutor.java:91)
	at com.kms.katalon.core.main.TestCaseMain.startTestSuite(TestCaseMain.java:157)
	at com.kms.katalon.core.main.TestCaseMain$startTestSuite$0.call(Unknown Source)
	at TempTestSuite1572536122144.run(TempTestSuite1572536122144.groovy:36)
Caused by: com.kms.katalon.core.webui.exception.WebElementNotFoundException: Web element with id: 'Object Repository/Page_Members Area/div_Received a Negative Review' located by 'By.xpath: //div[(text() = 'Received a Negative Review' or . = 'Received a Negative Review')]' not found
	at com.kms.katalon.core.webui.common.WebUiCommonHelper.findWebElement(WebUiCommonHelper.java:1113)
	at com.kms.katalon.core.webui.keyword.internal.WebUIAbstractKeyword.findWebElement(WebUIAbstractKeyword.groovy:27)
	at com.kms.katalon.core.webui.keyword.internal.WebUIAbstractKeyword.findWebElement(WebUIAbstractKeyword.groovy:26)
	at com.kms.katalon.core.webui.keyword.builtin.ClickKeyword$_click_closure1.doCall(ClickKeyword.groovy:52)
	at com.kms.katalon.core.webui.keyword.builtin.ClickKeyword$_click_closure1.call(ClickKeyword.groovy)
	at com.kms.katalon.core.webui.keyword.internal.WebUIKeywordMain.runKeyword(WebUIKeywordMain.groovy:20)
	at com.kms.katalon.core.webui.keyword.builtin.ClickKeyword.click(ClickKeyword.groovy:79)
	at com.kms.katalon.core.webui.keyword.builtin.ClickKeyword.execute(ClickKeyword.groovy:42)
	at com.kms.katalon.core.keyword.internal.KeywordExecutor.executeKeywordForPlatform(KeywordExecutor.groovy:60)
	at com.kms.katalon.core.webui.keyword.WebUiBuiltInKeywords.click(WebUiBuiltInKeywords.groovy:616)
	at com.kms.katalon.core.webui.keyword.WebUiBuiltInKeywords$click$4.call(Unknown Source)
	at Script1568125729640.run(Script1568125729640.groovy:55)
	at com.kms.katalon.core.main.ScriptEngine.run(ScriptEngine.java:194)
	at com.kms.katalon.core.main.ScriptEngine.runScriptAsRawText(ScriptEngine.java:119)
	at com.kms.katalon.core.main.TestCaseExecutor.runScript(TestCaseExecutor.java:337)
	at com.kms.katalon.core.main.TestCaseExecutor.doExecute(TestCaseExecutor.java:328)
	at com.kms.katalon.core.main.TestCaseExecutor.processExecutionPhase(TestCaseExecutor.java:307)
	at com.kms.katalon.core.main.TestCaseExecutor.accessMainPhase(TestCaseExecutor.java:299)
	at com.kms.katalon.core.main.TestCaseExecutor.execute(TestCaseExecutor.java:233)
	at com.kms.katalon.core.main.TestCaseMain.runTestCase(TestCaseMain.java:114)
	at com.kms.katalon.core.keyword.builtin.CallTestCaseKeyword$_callTestCase_closure1.doCall(CallTestCaseKeyword.groovy:59)
	at com.kms.katalon.core.keyword.builtin.CallTestCaseKeyword$_callTestCase_closure1.call(CallTestCaseKeyword.groovy)
	at com.kms.katalon.core.keyword.internal.KeywordMain.runKeyword(KeywordMain.groovy:68)
	at com.kms.katalon.core.keyword.builtin.CallTestCaseKeyword.callTestCase(CallTestCaseKeyword.groovy:81)
	at com.kms.katalon.core.keyword.builtin.CallTestCaseKeyword.execute(CallTestCaseKeyword.groovy:44)
	at com.kms.katalon.core.keyword.internal.KeywordExecutor.executeKeywordForPlatform(KeywordExecutor.groovy:60)
	at com.kms.katalon.core.keyword.BuiltinKeywords.callTestCase(BuiltinKeywords.groovy:334)
	at Script1569934034932.run(Script1569934034932.groovy:76)
	... 13 more
)
	at com.kms.katalon.core.keyword.internal.KeywordMain.stepFailed(KeywordMain.groovy:39)
	at com.kms.katalon.core.webui.keyword.internal.WebUIKeywordMain.stepFailed(WebUIKeywordMain.groovy:64)
	at com.kms.katalon.core.webui.keyword.internal.WebUIKeywordMain.runKeyword(WebUIKeywordMain.groovy:26)
	at com.kms.katalon.core.webui.keyword.builtin.ClickKeyword.click(ClickKeyword.groovy:79)
	at com.kms.katalon.core.webui.keyword.builtin.ClickKeyword.execute(ClickKeyword.groovy:42)
	at com.kms.katalon.core.keyword.internal.KeywordExecutor.executeKeywordForPlatform(KeywordExecutor.groovy:60)
	at com.kms.katalon.core.webui.keyword.WebUiBuiltInKeywords.click(WebUiBuiltInKeywords.groovy:616)
	at com.kms.katalon.core.webui.keyword.WebUiBuiltInKeywords$click$4.call(Unknown Source)
	at Received_Negative_Review.run(Received_Negative_Review:55)
	at com.kms.katalon.core.main.ScriptEngine.run(ScriptEngine.java:194)
	at com.kms.katalon.core.main.ScriptEngine.runScriptAsRawText(ScriptEngine.java:119)
	at com.kms.katalon.core.main.TestCaseExecutor.runScript(TestCaseExecutor.java:337)
	at com.kms.katalon.core.main.TestCaseExecutor.doExecute(TestCaseExecutor.java:328)
	at com.kms.katalon.core.main.TestCaseExecutor.processExecutionPhase(TestCaseExecutor.java:307)
	at com.kms.katalon.core.main.TestCaseExecutor.accessMainPhase(TestCaseExecutor.java:299)
	at com.kms.katalon.core.main.TestCaseExecutor.execute(TestCaseExecutor.java:233)
	at com.kms.katalon.core.main.TestCaseMain.runTestCase(TestCaseMain.java:114)
	at com.kms.katalon.core.keyword.builtin.CallTestCaseKeyword$_callTestCase_closure1.doCall(CallTestCaseKeyword.groovy:59)
	... 20 more
Caused by: com.kms.katalon.core.exception.StepFailedException: Unable to click on object 'Object Repository/Page_Members Area/div_Received a Negative Review'
	... 37 more
Caused by: com.kms.katalon.core.webui.exception.WebElementNotFoundException: Web element with id: 'Object Repository/Page_Members Area/div_Received a Negative Review' located by 'By.xpath: //div[(text() = 'Received a Negative Review' or . = 'Received a Negative Review')]' not found
	at com.kms.katalon.core.webui.common.WebUiCommonHelper.findWebElement(WebUiCommonHelper.java:1113)
	at com.kms.katalon.core.webui.keyword.internal.WebUIAbstractKeyword.findWebElement(WebUIAbstractKeyword.groovy:27)
	at com.kms.katalon.core.webui.keyword.internal.WebUIAbstractKeyword.findWebElement(WebUIAbstractKeyword.groovy:26)
	at com.kms.katalon.core.webui.keyword.builtin.ClickKeyword$_click_closure1.doCall(ClickKeyword.groovy:52)
	at com.kms.katalon.core.webui.keyword.builtin.ClickKeyword$_click_closure1.call(ClickKeyword.groovy)
	at com.kms.katalon.core.webui.keyword.internal.WebUIKeywordMain.runKeyword(WebUIKeywordMain.groovy:20)
	... 35 more


2019-10-31 15:37:41 - [TEST_STEP][PASSED] - PAGE = "/assets/Resources/Documents/Membership%20Support%20Pack.pdf": null

2019-10-31 15:37:41 - [TEST_STEP][FAILED] - for ([row = 1, row <= findTestData("Members_Test_Data").getRowNumbers(), (internal.GlobalVariable.row++)]): Unable to call Test Case 'Test Cases/Reusable_Test_Sequences/Members_Area/Banner_Menu/log_Off' (Root cause: com.kms.katalon.core.exception.StepFailedException: Call Test Case 'Test Cases/Reusable_Test_Sequences/Members_Area/Banner_Menu/log_Off' failed
	at com.kms.katalon.core.keyword.builtin.CallTestCaseKeyword$_callTestCase_closure1.doCall(CallTestCaseKeyword.groovy:63)
	at com.kms.katalon.core.keyword.builtin.CallTestCaseKeyword$_callTestCase_closure1.call(CallTestCaseKeyword.groovy)
	at com.kms.katalon.core.keyword.internal.KeywordMain.runKeyword(KeywordMain.groovy:68)
	at com.kms.katalon.core.keyword.builtin.CallTestCaseKeyword.callTestCase(CallTestCaseKeyword.groovy:81)
	at com.kms.katalon.core.keyword.builtin.CallTestCaseKeyword.execute(CallTestCaseKeyword.groovy:44)
	at com.kms.katalon.core.keyword.internal.KeywordExecutor.executeKeywordForPlatform(KeywordExecutor.groovy:60)
	at com.kms.katalon.core.keyword.BuiltinKeywords.callTestCase(BuiltinKeywords.groovy:334)
	at Received_Negative_Review.run(Received_Negative_Review:86)
	at com.kms.katalon.core.main.ScriptEngine.run(ScriptEngine.java:194)
	at com.kms.katalon.core.main.ScriptEngine.runScriptAsRawText(ScriptEngine.java:119)
	at com.kms.katalon.core.main.TestCaseExecutor.runScript(TestCaseExecutor.java:337)
	at com.kms.katalon.core.main.TestCaseExecutor.doExecute(TestCaseExecutor.java:328)
	at com.kms.katalon.core.main.TestCaseExecutor.processExecutionPhase(TestCaseExecutor.java:307)
	at com.kms.katalon.core.main.TestCaseExecutor.accessMainPhase(TestCaseExecutor.java:299)
	at com.kms.katalon.core.main.TestCaseExecutor.execute(TestCaseExecutor.java:233)
	at com.kms.katalon.core.main.TestSuiteExecutor.accessTestCaseMainPhase(TestSuiteExecutor.java:169)
	at com.kms.katalon.core.main.TestSuiteExecutor.accessTestSuiteMainPhase(TestSuiteExecutor.java:142)
	at com.kms.katalon.core.main.TestSuiteExecutor.execute(TestSuiteExecutor.java:91)
	at com.kms.katalon.core.main.TestCaseMain.startTestSuite(TestCaseMain.java:157)
	at com.kms.katalon.core.main.TestCaseMain$startTestSuite$0.call(Unknown Source)
	at TempTestSuite1572536122144.run(TempTestSuite1572536122144.groovy:36)
Caused by: com.kms.katalon.core.exception.StepFailedException: Unable to click on object 'Object Repository/Page_Members Area/a_Log off' (Root cause: com.kms.katalon.core.exception.StepFailedException: Unable to click on object 'Object Repository/Page_Members Area/a_Log off'
	at com.kms.katalon.core.webui.keyword.internal.WebUIKeywordMain.stepFailed(WebUIKeywordMain.groovy:64)
	at com.kms.katalon.core.webui.keyword.internal.WebUIKeywordMain.runKeyword(WebUIKeywordMain.groovy:26)
	at com.kms.katalon.core.webui.keyword.builtin.ClickKeyword.click(ClickKeyword.groovy:79)
	at com.kms.katalon.core.webui.keyword.builtin.ClickKeyword.execute(ClickKeyword.groovy:42)
	at com.kms.katalon.core.keyword.internal.KeywordExecutor.executeKeywordForPlatform(KeywordExecutor.groovy:60)
	at com.kms.katalon.core.webui.keyword.WebUiBuiltInKeywords.click(WebUiBuiltInKeywords.groovy:616)
	at com.kms.katalon.core.webui.keyword.WebUiBuiltInKeywords$click$4.call(Unknown Source)
	at log_Off.run(log_Off:53)
	at com.kms.katalon.core.main.ScriptEngine.run(ScriptEngine.java:194)
	at com.kms.katalon.core.main.ScriptEngine.runScriptAsRawText(ScriptEngine.java:119)
	at com.kms.katalon.core.main.TestCaseExecutor.runScript(TestCaseExecutor.java:337)
	at com.kms.katalon.core.main.TestCaseExecutor.doExecute(TestCaseExecutor.java:328)
	at com.kms.katalon.core.main.TestCaseExecutor.processExecutionPhase(TestCaseExecutor.java:307)
	at com.kms.katalon.core.main.TestCaseExecutor.accessMainPhase(TestCaseExecutor.java:299)
	at com.kms.katalon.core.main.TestCaseExecutor.execute(TestCaseExecutor.java:233)
	at com.kms.katalon.core.main.TestCaseMain.runTestCase(TestCaseMain.java:114)
	at com.kms.katalon.core.keyword.builtin.CallTestCaseKeyword$_callTestCase_closure1.doCall(CallTestCaseKeyword.groovy:59)
	at com.kms.katalon.core.keyword.builtin.CallTestCaseKeyword$_callTestCase_closure1.call(CallTestCaseKeyword.groovy)
	at com.kms.katalon.core.keyword.internal.KeywordMain.runKeyword(KeywordMain.groovy:68)
	at com.kms.katalon.core.keyword.builtin.CallTestCaseKeyword.callTestCase(CallTestCaseKeyword.groovy:81)
	at com.kms.katalon.core.keyword.builtin.CallTestCaseKeyword.execute(CallTestCaseKeyword.groovy:44)
	at com.kms.katalon.core.keyword.internal.KeywordExecutor.executeKeywordForPlatform(KeywordExecutor.groovy:60)
	at com.kms.katalon.core.keyword.BuiltinKeywords.callTestCase(BuiltinKeywords.groovy:334)
	at Received_Negative_Review.run(Received_Negative_Review:86)
	at com.kms.katalon.core.main.ScriptEngine.run(ScriptEngine.java:194)
	at com.kms.katalon.core.main.ScriptEngine.runScriptAsRawText(ScriptEngine.java:119)
	at com.kms.katalon.core.main.TestCaseExecutor.runScript(TestCaseExecutor.java:337)
	at com.kms.katalon.core.main.TestCaseExecutor.doExecute(TestCaseExecutor.java:328)
	at com.kms.katalon.core.main.TestCaseExecutor.processExecutionPhase(TestCaseExecutor.java:307)
	at com.kms.katalon.core.main.TestCaseExecutor.accessMainPhase(TestCaseExecutor.java:299)
	at com.kms.katalon.core.main.TestCaseExecutor.execute(TestCaseExecutor.java:233)
	at com.kms.katalon.core.main.TestSuiteExecutor.accessTestCaseMainPhase(TestSuiteExecutor.java:169)
	at com.kms.katalon.core.main.TestSuiteExecutor.accessTestSuiteMainPhase(TestSuiteExecutor.java:142)
	at com.kms.katalon.core.main.TestSuiteExecutor.execute(TestSuiteExecutor.java:91)
	at com.kms.katalon.core.main.TestCaseMain.startTestSuite(TestCaseMain.java:157)
	at com.kms.katalon.core.main.TestCaseMain$startTestSuite$0.call(Unknown Source)
	at TempTestSuite1572536122144.run(TempTestSuite1572536122144.groovy:36)
Caused by: com.kms.katalon.core.webui.exception.WebElementNotFoundException: Web element with id: 'Object Repository/Page_Members Area/a_Log off' located by 'By.xpath: //a[@href = '/login' and (text() = 'Log off' or . = 'Log off')]' not found
	at com.kms.katalon.core.webui.common.WebUiCommonHelper.findWebElement(WebUiCommonHelper.java:1113)
	at com.kms.katalon.core.webui.keyword.internal.WebUIAbstractKeyword.findWebElement(WebUIAbstractKeyword.groovy:27)
	at com.kms.katalon.core.webui.keyword.internal.WebUIAbstractKeyword.findWebElement(WebUIAbstractKeyword.groovy:26)
	at com.kms.katalon.core.webui.keyword.builtin.ClickKeyword$_click_closure1.doCall(ClickKeyword.groovy:52)
	at com.kms.katalon.core.webui.keyword.builtin.ClickKeyword$_click_closure1.call(ClickKeyword.groovy)
	at com.kms.katalon.core.webui.keyword.internal.WebUIKeywordMain.runKeyword(WebUIKeywordMain.groovy:20)
	at com.kms.katalon.core.webui.keyword.builtin.ClickKeyword.click(ClickKeyword.groovy:79)
	at com.kms.katalon.core.webui.keyword.builtin.ClickKeyword.execute(ClickKeyword.groovy:42)
	at com.kms.katalon.core.keyword.internal.KeywordExecutor.executeKeywordForPlatform(KeywordExecutor.groovy:60)
	at com.kms.katalon.core.webui.keyword.WebUiBuiltInKeywords.click(WebUiBuiltInKeywords.groovy:616)
	at com.kms.katalon.core.webui.keyword.WebUiBuiltInKeywords$click$4.call(Unknown Source)
	at Script1568122980246.run(Script1568122980246.groovy:53)
	at com.kms.katalon.core.main.ScriptEngine.run(ScriptEngine.java:194)
	at com.kms.katalon.core.main.ScriptEngine.runScriptAsRawText(ScriptEngine.java:119)
	at com.kms.katalon.core.main.TestCaseExecutor.runScript(TestCaseExecutor.java:337)
	at com.kms.katalon.core.main.TestCaseExecutor.doExecute(TestCaseExecutor.java:328)
	at com.kms.katalon.core.main.TestCaseExecutor.processExecutionPhase(TestCaseExecutor.java:307)
	at com.kms.katalon.core.main.TestCaseExecutor.accessMainPhase(TestCaseExecutor.java:299)
	at com.kms.katalon.core.main.TestCaseExecutor.execute(TestCaseExecutor.java:233)
	at com.kms.katalon.core.main.TestCaseMain.runTestCase(TestCaseMain.java:114)
	at com.kms.katalon.core.keyword.builtin.CallTestCaseKeyword$_callTestCase_closure1.doCall(CallTestCaseKeyword.groovy:59)
	at com.kms.katalon.core.keyword.builtin.CallTestCaseKeyword$_callTestCase_closure1.call(CallTestCaseKeyword.groovy)
	at com.kms.katalon.core.keyword.internal.KeywordMain.runKeyword(KeywordMain.groovy:68)
	at com.kms.katalon.core.keyword.builtin.CallTestCaseKeyword.callTestCase(CallTestCaseKeyword.groovy:81)
	at com.kms.katalon.core.keyword.builtin.CallTestCaseKeyword.execute(CallTestCaseKeyword.groovy:44)
	at com.kms.katalon.core.keyword.internal.KeywordExecutor.executeKeywordForPlatform(KeywordExecutor.groovy:60)
	at com.kms.katalon.core.keyword.BuiltinKeywords.callTestCase(BuiltinKeywords.groovy:334)
	at Script1569934034932.run(Script1569934034932.groovy:86)
	... 13 more
)
	at com.kms.katalon.core.keyword.internal.KeywordMain.stepFailed(KeywordMain.groovy:39)
	at com.kms.katalon.core.webui.keyword.internal.WebUIKeywordMain.stepFailed(WebUIKeywordMain.groovy:64)
	at com.kms.katalon.core.webui.keyword.internal.WebUIKeywordMain.runKeyword(WebUIKeywordMain.groovy:26)
	at com.kms.katalon.core.webui.keyword.builtin.ClickKeyword.click(ClickKeyword.groovy:79)
	at com.kms.katalon.core.webui.keyword.builtin.ClickKeyword.execute(ClickKeyword.groovy:42)
	at com.kms.katalon.core.keyword.internal.KeywordExecutor.executeKeywordForPlatform(KeywordExecutor.groovy:60)
	at com.kms.katalon.core.webui.keyword.WebUiBuiltInKeywords.click(WebUiBuiltInKeywords.groovy:616)
	at com.kms.katalon.core.webui.keyword.WebUiBuiltInKeywords$click$4.call(Unknown Source)
	at log_Off.run(log_Off:53)
	at com.kms.katalon.core.main.ScriptEngine.run(ScriptEngine.java:194)
	at com.kms.katalon.core.main.ScriptEngine.runScriptAsRawText(ScriptEngine.java:119)
	at com.kms.katalon.core.main.TestCaseExecutor.runScript(TestCaseExecutor.java:337)
	at com.kms.katalon.core.main.TestCaseExecutor.doExecute(TestCaseExecutor.java:328)
	at com.kms.katalon.core.main.TestCaseExecutor.processExecutionPhase(TestCaseExecutor.java:307)
	at com.kms.katalon.core.main.TestCaseExecutor.accessMainPhase(TestCaseExecutor.java:299)
	at com.kms.katalon.core.main.TestCaseExecutor.execute(TestCaseExecutor.java:233)
	at com.kms.katalon.core.main.TestCaseMain.runTestCase(TestCaseMain.java:114)
	at com.kms.katalon.core.keyword.builtin.CallTestCaseKeyword$_callTestCase_closure1.doCall(CallTestCaseKeyword.groovy:59)
	... 20 more
Caused by: com.kms.katalon.core.exception.StepFailedException: Unable to click on object 'Object Repository/Page_Members Area/a_Log off'
	... 37 more
Caused by: com.kms.katalon.core.webui.exception.WebElementNotFoundException: Web element with id: 'Object Repository/Page_Members Area/a_Log off' located by 'By.xpath: //a[@href = '/login' and (text() = 'Log off' or . = 'Log off')]' not found
	at com.kms.katalon.core.webui.common.WebUiCommonHelper.findWebElement(WebUiCommonHelper.java:1113)
	at com.kms.katalon.core.webui.keyword.internal.WebUIAbstractKeyword.findWebElement(WebUIAbstractKeyword.groovy:27)
	at com.kms.katalon.core.webui.keyword.internal.WebUIAbstractKeyword.findWebElement(WebUIAbstractKeyword.groovy:26)
	at com.kms.katalon.core.webui.keyword.builtin.ClickKeyword$_click_closure1.doCall(ClickKeyword.groovy:52)
	at com.kms.katalon.core.webui.keyword.builtin.ClickKeyword$_click_closure1.call(ClickKeyword.groovy)
	at com.kms.katalon.core.webui.keyword.internal.WebUIKeywordMain.runKeyword(WebUIKeywordMain.groovy:20)
	... 35 more
)

2019-10-31 15:37:42 - [TEST_STEP][PASSED] - callTestCase(findTestCase("Reusable_Test_Sequences/Members_Area/Start_Up"), [:], OPTIONAL): Unable to call Test Case 'Test Cases/Reusable_Test_Sequences/Members_Area/Start_Up' (Root cause: com.kms.katalon.core.exception.StepFailedException: Call Test Case 'Test Cases/Reusable_Test_Sequences/Members_Area/Start_Up' failed
	at com.kms.katalon.core.keyword.builtin.CallTestCaseKeyword$_callTestCase_closure1.doCall(CallTestCaseKeyword.groovy:63)
	at com.kms.katalon.core.keyword.builtin.CallTestCaseKeyword$_callTestCase_closure1.call(CallTestCaseKeyword.groovy)
	at com.kms.katalon.core.keyword.internal.KeywordMain.runKeyword(KeywordMain.groovy:68)
	at com.kms.katalon.core.keyword.builtin.CallTestCaseKeyword.callTestCase(CallTestCaseKeyword.groovy:81)
	at com.kms.katalon.core.keyword.builtin.CallTestCaseKeyword.execute(CallTestCaseKeyword.groovy:44)
	at com.kms.katalon.core.keyword.internal.KeywordExecutor.executeKeywordForPlatform(KeywordExecutor.groovy:60)
	at com.kms.katalon.core.keyword.BuiltinKeywords.callTestCase(BuiltinKeywords.groovy:334)
	at Received_Negative_Review.run(Received_Negative_Review:64)
	at com.kms.katalon.core.main.ScriptEngine.run(ScriptEngine.java:194)
	at com.kms.katalon.core.main.ScriptEngine.runScriptAsRawText(ScriptEngine.java:119)
	at com.kms.katalon.core.main.TestCaseExecutor.runScript(TestCaseExecutor.java:337)
	at com.kms.katalon.core.main.TestCaseExecutor.doExecute(TestCaseExecutor.java:328)
	at com.kms.katalon.core.main.TestCaseExecutor.processExecutionPhase(TestCaseExecutor.java:307)
	at com.kms.katalon.core.main.TestCaseExecutor.accessMainPhase(TestCaseExecutor.java:299)
	at com.kms.katalon.core.main.TestCaseExecutor.execute(TestCaseExecutor.java:233)
	at com.kms.katalon.core.main.TestSuiteExecutor.accessTestCaseMainPhase(TestSuiteExecutor.java:169)
	at com.kms.katalon.core.main.TestSuiteExecutor.accessTestSuiteMainPhase(TestSuiteExecutor.java:142)
	at com.kms.katalon.core.main.TestSuiteExecutor.execute(TestSuiteExecutor.java:91)
	at com.kms.katalon.core.main.TestCaseMain.startTestSuite(TestCaseMain.java:157)
	at com.kms.katalon.core.main.TestCaseMain$startTestSuite$0.call(Unknown Source)
	at TempTestSuite1572536122144.run(TempTestSuite1572536122144.groovy:36)
Caused by: com.kms.katalon.core.exception.StepFailedException: Text 'EXCLUSIVE ACCESS FOR CHECKATRADE MEMBERS ONLY' is not present on page  (Root cause: com.kms.katalon.core.exception.StepFailedException: Text 'EXCLUSIVE ACCESS FOR CHECKATRADE MEMBERS ONLY' is not present on page 
	at com.kms.katalon.core.webui.keyword.internal.WebUIKeywordMain.stepFailed(WebUIKeywordMain.groovy:64)
	at com.kms.katalon.core.webui.keyword.builtin.VerifyTextPresentKeyword$_verifyTextPresent_closure1.doCall(VerifyTextPresentKeyword.groovy:79)
	at com.kms.katalon.core.webui.keyword.builtin.VerifyTextPresentKeyword$_verifyTextPresent_closure1.call(VerifyTextPresentKeyword.groovy)
	at com.kms.katalon.core.webui.keyword.internal.WebUIKeywordMain.runKeyword(WebUIKeywordMain.groovy:20)
	at com.kms.katalon.core.webui.keyword.builtin.VerifyTextPresentKeyword.verifyTextPresent(VerifyTextPresentKeyword.groovy:83)
	at com.kms.katalon.core.webui.keyword.builtin.VerifyTextPresentKeyword.execute(VerifyTextPresentKeyword.groovy:68)
	at com.kms.katalon.core.keyword.internal.KeywordExecutor.executeKeywordForPlatform(KeywordExecutor.groovy:60)
	at com.kms.katalon.core.webui.keyword.WebUiBuiltInKeywords.verifyTextPresent(WebUiBuiltInKeywords.groovy:1693)
	at com.kms.katalon.core.webui.keyword.WebUiBuiltInKeywords$verifyTextPresent$2.call(Unknown Source)
	at Start_Up.run(Start_Up:75)
	at com.kms.katalon.core.main.ScriptEngine.run(ScriptEngine.java:194)
	at com.kms.katalon.core.main.ScriptEngine.runScriptAsRawText(ScriptEngine.java:119)
	at com.kms.katalon.core.main.TestCaseExecutor.runScript(TestCaseExecutor.java:337)
	at com.kms.katalon.core.main.TestCaseExecutor.doExecute(TestCaseExecutor.java:328)
	at com.kms.katalon.core.main.TestCaseExecutor.processExecutionPhase(TestCaseExecutor.java:307)
	at com.kms.katalon.core.main.TestCaseExecutor.accessMainPhase(TestCaseExecutor.java:299)
	at com.kms.katalon.core.main.TestCaseExecutor.execute(TestCaseExecutor.java:233)
	at com.kms.katalon.core.main.TestCaseMain.runTestCase(TestCaseMain.java:114)
	at com.kms.katalon.core.keyword.builtin.CallTestCaseKeyword$_callTestCase_closure1.doCall(CallTestCaseKeyword.groovy:59)
	at com.kms.katalon.core.keyword.builtin.CallTestCaseKeyword$_callTestCase_closure1.call(CallTestCaseKeyword.groovy)
	at com.kms.katalon.core.keyword.internal.KeywordMain.runKeyword(KeywordMain.groovy:68)
	at com.kms.katalon.core.keyword.builtin.CallTestCaseKeyword.callTestCase(CallTestCaseKeyword.groovy:81)
	at com.kms.katalon.core.keyword.builtin.CallTestCaseKeyword.execute(CallTestCaseKeyword.groovy:44)
	at com.kms.katalon.core.keyword.internal.KeywordExecutor.executeKeywordForPlatform(KeywordExecutor.groovy:60)
	at com.kms.katalon.core.keyword.BuiltinKeywords.callTestCase(BuiltinKeywords.groovy:334)
	at Received_Negative_Review.run(Received_Negative_Review:64)
	at com.kms.katalon.core.main.ScriptEngine.run(ScriptEngine.java:194)
	at com.kms.katalon.core.main.ScriptEngine.runScriptAsRawText(ScriptEngine.java:119)
	at com.kms.katalon.core.main.TestCaseExecutor.runScript(TestCaseExecutor.java:337)
	at com.kms.katalon.core.main.TestCaseExecutor.doExecute(TestCaseExecutor.java:328)
	at com.kms.katalon.core.main.TestCaseExecutor.processExecutionPhase(TestCaseExecutor.java:307)
	at com.kms.katalon.core.main.TestCaseExecutor.accessMainPhase(TestCaseExecutor.java:299)
	at com.kms.katalon.core.main.TestCaseExecutor.execute(TestCaseExecutor.java:233)
	at com.kms.katalon.core.main.TestSuiteExecutor.accessTestCaseMainPhase(TestSuiteExecutor.java:169)
	at com.kms.katalon.core.main.TestSuiteExecutor.accessTestSuiteMainPhase(TestSuiteExecutor.java:142)
	at com.kms.katalon.core.main.TestSuiteExecutor.execute(TestSuiteExecutor.java:91)
	at com.kms.katalon.core.main.TestCaseMain.startTestSuite(TestCaseMain.java:157)
	at com.kms.katalon.core.main.TestCaseMain$startTestSuite$0.call(Unknown Source)
	at TempTestSuite1572536122144.run(TempTestSuite1572536122144.groovy:36)
)
	at com.kms.katalon.core.keyword.internal.KeywordMain.stepFailed(KeywordMain.groovy:39)
	at com.kms.katalon.core.webui.keyword.internal.WebUIKeywordMain.stepFailed(WebUIKeywordMain.groovy:64)
	at com.kms.katalon.core.webui.keyword.builtin.VerifyTextPresentKeyword$_verifyTextPresent_closure1.doCall(VerifyTextPresentKeyword.groovy:79)
	at com.kms.katalon.core.webui.keyword.builtin.VerifyTextPresentKeyword$_verifyTextPresent_closure1.call(VerifyTextPresentKeyword.groovy)
	at com.kms.katalon.core.webui.keyword.internal.WebUIKeywordMain.runKeyword(WebUIKeywordMain.groovy:20)
	at com.kms.katalon.core.webui.keyword.builtin.VerifyTextPresentKeyword.verifyTextPresent(VerifyTextPresentKeyword.groovy:83)
	at com.kms.katalon.core.webui.keyword.builtin.VerifyTextPresentKeyword.execute(VerifyTextPresentKeyword.groovy:68)
	at com.kms.katalon.core.keyword.internal.KeywordExecutor.executeKeywordForPlatform(KeywordExecutor.groovy:60)
	at com.kms.katalon.core.webui.keyword.WebUiBuiltInKeywords.verifyTextPresent(WebUiBuiltInKeywords.groovy:1693)
	at com.kms.katalon.core.webui.keyword.WebUiBuiltInKeywords$verifyTextPresent$2.call(Unknown Source)
	at Start_Up.run(Start_Up:75)
	at com.kms.katalon.core.main.ScriptEngine.run(ScriptEngine.java:194)
	at com.kms.katalon.core.main.ScriptEngine.runScriptAsRawText(ScriptEngine.java:119)
	at com.kms.katalon.core.main.TestCaseExecutor.runScript(TestCaseExecutor.java:337)
	at com.kms.katalon.core.main.TestCaseExecutor.doExecute(TestCaseExecutor.java:328)
	at com.kms.katalon.core.main.TestCaseExecutor.processExecutionPhase(TestCaseExecutor.java:307)
	at com.kms.katalon.core.main.TestCaseExecutor.accessMainPhase(TestCaseExecutor.java:299)
	at com.kms.katalon.core.main.TestCaseExecutor.execute(TestCaseExecutor.java:233)
	at com.kms.katalon.core.main.TestCaseMain.runTestCase(TestCaseMain.java:114)
	at com.kms.katalon.core.keyword.builtin.CallTestCaseKeyword$_callTestCase_closure1.doCall(CallTestCaseKeyword.groovy:59)
	... 20 more
Caused by: com.kms.katalon.core.exception.StepFailedException: Text 'EXCLUSIVE ACCESS FOR CHECKATRADE MEMBERS ONLY' is not present on page 
	... 39 more
)

2019-10-31 15:37:42 - [TEST_CASE][FAILED] - Test Cases/Reusable_Test_Sequences/Members_Area/Start_Up: Test Cases/Reusable_Test_Sequences/Members_Area/Start_Up FAILED.
Reason:
com.kms.katalon.core.exception.StepFailedException: Text 'EXCLUSIVE ACCESS FOR CHECKATRADE MEMBERS ONLY' is not present on page  (Root cause: com.kms.katalon.core.exception.StepFailedException: Text 'EXCLUSIVE ACCESS FOR CHECKATRADE MEMBERS ONLY' is not present on page 
	at com.kms.katalon.core.webui.keyword.internal.WebUIKeywordMain.stepFailed(WebUIKeywordMain.groovy:64)
	at com.kms.katalon.core.webui.keyword.builtin.VerifyTextPresentKeyword$_verifyTextPresent_closure1.doCall(VerifyTextPresentKeyword.groovy:79)
	at com.kms.katalon.core.webui.keyword.builtin.VerifyTextPresentKeyword$_verifyTextPresent_closure1.call(VerifyTextPresentKeyword.groovy)
	at com.kms.katalon.core.webui.keyword.internal.WebUIKeywordMain.runKeyword(WebUIKeywordMain.groovy:20)
	at com.kms.katalon.core.webui.keyword.builtin.VerifyTextPresentKeyword.verifyTextPresent(VerifyTextPresentKeyword.groovy:83)
	at com.kms.katalon.core.webui.keyword.builtin.VerifyTextPresentKeyword.execute(VerifyTextPresentKeyword.groovy:68)
	at com.kms.katalon.core.keyword.internal.KeywordExecutor.executeKeywordForPlatform(KeywordExecutor.groovy:60)
	at com.kms.katalon.core.webui.keyword.WebUiBuiltInKeywords.verifyTextPresent(WebUiBuiltInKeywords.groovy:1693)
	at com.kms.katalon.core.webui.keyword.WebUiBuiltInKeywords$verifyTextPresent$2.call(Unknown Source)
	at Start_Up.run(Start_Up:75)
	at com.kms.katalon.core.main.ScriptEngine.run(ScriptEngine.java:194)
	at com.kms.katalon.core.main.ScriptEngine.runScriptAsRawText(ScriptEngine.java:119)
	at com.kms.katalon.core.main.TestCaseExecutor.runScript(TestCaseExecutor.java:337)
	at com.kms.katalon.core.main.TestCaseExecutor.doExecute(TestCaseExecutor.java:328)
	at com.kms.katalon.core.main.TestCaseExecutor.processExecutionPhase(TestCaseExecutor.java:307)
	at com.kms.katalon.core.main.TestCaseExecutor.accessMainPhase(TestCaseExecutor.java:299)
	at com.kms.katalon.core.main.TestCaseExecutor.execute(TestCaseExecutor.java:233)
	at com.kms.katalon.core.main.TestCaseMain.runTestCase(TestCaseMain.java:114)
	at com.kms.katalon.core.keyword.builtin.CallTestCaseKeyword$_callTestCase_closure1.doCall(CallTestCaseKeyword.groovy:59)
	at com.kms.katalon.core.keyword.builtin.CallTestCaseKeyword$_callTestCase_closure1.call(CallTestCaseKeyword.groovy)
	at com.kms.katalon.core.keyword.internal.KeywordMain.runKeyword(KeywordMain.groovy:68)
	at com.kms.katalon.core.keyword.builtin.CallTestCaseKeyword.callTestCase(CallTestCaseKeyword.groovy:81)
	at com.kms.katalon.core.keyword.builtin.CallTestCaseKeyword.execute(CallTestCaseKeyword.groovy:44)
	at com.kms.katalon.core.keyword.internal.KeywordExecutor.executeKeywordForPlatform(KeywordExecutor.groovy:60)
	at com.kms.katalon.core.keyword.BuiltinKeywords.callTestCase(BuiltinKeywords.groovy:334)
	at Received_Negative_Review.run(Received_Negative_Review:64)
	at com.kms.katalon.core.main.ScriptEngine.run(ScriptEngine.java:194)
	at com.kms.katalon.core.main.ScriptEngine.runScriptAsRawText(ScriptEngine.java:119)
	at com.kms.katalon.core.main.TestCaseExecutor.runScript(TestCaseExecutor.java:337)
	at com.kms.katalon.core.main.TestCaseExecutor.doExecute(TestCaseExecutor.java:328)
	at com.kms.katalon.core.main.TestCaseExecutor.processExecutionPhase(TestCaseExecutor.java:307)
	at com.kms.katalon.core.main.TestCaseExecutor.accessMainPhase(TestCaseExecutor.java:299)
	at com.kms.katalon.core.main.TestCaseExecutor.execute(TestCaseExecutor.java:233)
	at com.kms.katalon.core.main.TestSuiteExecutor.accessTestCaseMainPhase(TestSuiteExecutor.java:169)
	at com.kms.katalon.core.main.TestSuiteExecutor.accessTestSuiteMainPhase(TestSuiteExecutor.java:142)
	at com.kms.katalon.core.main.TestSuiteExecutor.execute(TestSuiteExecutor.java:91)
	at com.kms.katalon.core.main.TestCaseMain.startTestSuite(TestCaseMain.java:157)
	at com.kms.katalon.core.main.TestCaseMain$startTestSuite$0.call(Unknown Source)
	at TempTestSuite1572536122144.run(TempTestSuite1572536122144.groovy:36)
)
	at com.kms.katalon.core.keyword.internal.KeywordMain.stepFailed(KeywordMain.groovy:39)
	at com.kms.katalon.core.webui.keyword.internal.WebUIKeywordMain.stepFailed(WebUIKeywordMain.groovy:64)
	at com.kms.katalon.core.webui.keyword.builtin.VerifyTextPresentKeyword$_verifyTextPresent_closure1.doCall(VerifyTextPresentKeyword.groovy:79)
	at com.kms.katalon.core.webui.keyword.builtin.VerifyTextPresentKeyword$_verifyTextPresent_closure1.call(VerifyTextPresentKeyword.groovy)
	at com.kms.katalon.core.webui.keyword.internal.WebUIKeywordMain.runKeyword(WebUIKeywordMain.groovy:20)
	at com.kms.katalon.core.webui.keyword.builtin.VerifyTextPresentKeyword.verifyTextPresent(VerifyTextPresentKeyword.groovy:83)
	at com.kms.katalon.core.webui.keyword.builtin.VerifyTextPresentKeyword.execute(VerifyTextPresentKeyword.groovy:68)
	at com.kms.katalon.core.keyword.internal.KeywordExecutor.executeKeywordForPlatform(KeywordExecutor.groovy:60)
	at com.kms.katalon.core.webui.keyword.WebUiBuiltInKeywords.verifyTextPresent(WebUiBuiltInKeywords.groovy:1693)
	at com.kms.katalon.core.webui.keyword.WebUiBuiltInKeywords$verifyTextPresent$2.call(Unknown Source)
	at Start_Up.run(Start_Up:75)
	at com.kms.katalon.core.main.ScriptEngine.run(ScriptEngine.java:194)
	at com.kms.katalon.core.main.ScriptEngine.runScriptAsRawText(ScriptEngine.java:119)
	at com.kms.katalon.core.main.TestCaseExecutor.runScript(TestCaseExecutor.java:337)
	at com.kms.katalon.core.main.TestCaseExecutor.doExecute(TestCaseExecutor.java:328)
	at com.kms.katalon.core.main.TestCaseExecutor.processExecutionPhase(TestCaseExecutor.java:307)
	at com.kms.katalon.core.main.TestCaseExecutor.accessMainPhase(TestCaseExecutor.java:299)
	at com.kms.katalon.core.main.TestCaseExecutor.execute(TestCaseExecutor.java:233)
	at com.kms.katalon.core.main.TestCaseMain.runTestCase(TestCaseMain.java:114)
	at com.kms.katalon.core.keyword.builtin.CallTestCaseKeyword$_callTestCase_closure1.doCall(CallTestCaseKeyword.groovy:59)
	at com.kms.katalon.core.keyword.builtin.CallTestCaseKeyword$_callTestCase_closure1.call(CallTestCaseKeyword.groovy)
	at com.kms.katalon.core.keyword.internal.KeywordMain.runKeyword(KeywordMain.groovy:68)
	at com.kms.katalon.core.keyword.builtin.CallTestCaseKeyword.callTestCase(CallTestCaseKeyword.groovy:81)
	at com.kms.katalon.core.keyword.builtin.CallTestCaseKeyword.execute(CallTestCaseKeyword.groovy:44)
	at com.kms.katalon.core.keyword.internal.KeywordExecutor.executeKeywordForPlatform(KeywordExecutor.groovy:60)
	at com.kms.katalon.core.keyword.BuiltinKeywords.callTestCase(BuiltinKeywords.groovy:334)
	at Received_Negative_Review.run(Received_Negative_Review:64)
	at com.kms.katalon.core.main.ScriptEngine.run(ScriptEngine.java:194)
	at com.kms.katalon.core.main.ScriptEngine.runScriptAsRawText(ScriptEngine.java:119)
	at com.kms.katalon.core.main.TestCaseExecutor.runScript(TestCaseExecutor.java:337)
	at com.kms.katalon.core.main.TestCaseExecutor.doExecute(TestCaseExecutor.java:328)
	at com.kms.katalon.core.main.TestCaseExecutor.processExecutionPhase(TestCaseExecutor.java:307)
	at com.kms.katalon.core.main.TestCaseExecutor.accessMainPhase(TestCaseExecutor.java:299)
	at com.kms.katalon.core.main.TestCaseExecutor.execute(TestCaseExecutor.java:233)
	at com.kms.katalon.core.main.TestSuiteExecutor.accessTestCaseMainPhase(TestSuiteExecutor.java:169)
	at com.kms.katalon.core.main.TestSuiteExecutor.accessTestSuiteMainPhase(TestSuiteExecutor.java:142)
	at com.kms.katalon.core.main.TestSuiteExecutor.execute(TestSuiteExecutor.java:91)
	at com.kms.katalon.core.main.TestCaseMain.startTestSuite(TestCaseMain.java:157)
	at com.kms.katalon.core.main.TestCaseMain$startTestSuite$0.call(Unknown Source)
	at TempTestSuite1572536122144.run(TempTestSuite1572536122144.groovy:36)
Caused by: com.kms.katalon.core.exception.StepFailedException: Text 'EXCLUSIVE ACCESS FOR CHECKATRADE MEMBERS ONLY' is not present on page 
	... 39 more


2019-10-31 15:37:42 - [TEST_STEP][PASSED] - data = findTestData("Members_Test_Data"): null

2019-10-31 15:37:43 - [TEST_STEP][PASSED] - Header_Text = "": null

2019-10-31 15:37:43 - [TEST_STEP][PASSED] - Forgotten_Password = "": null

2019-10-31 15:37:43 - [TEST_STEP][PASSED] - Forgotten_Username = "": null

2019-10-31 15:37:43 - [TEST_STEP][PASSED] - Trouble_Logging_In = "": null

2019-10-31 15:37:43 - [TEST_STEP][PASSED] - callTestCase(findTestCase("Reusable_Test_Sequences/URL_Handler"), [:], CONTINUE_ON_FAILURE): Call Test Case 'Test Cases/Reusable_Test_Sequences/URL_Handler' successfully

2019-10-31 15:37:43 - [TEST_CASE][PASSED] - Test Cases/Reusable_Test_Sequences/URL_Handler: Test Cases/Reusable_Test_Sequences/URL_Handler

2019-10-31 15:37:43 - [TEST_STEP][PASSED] - "      CURRENT DEV (MASTER) Environment": null

2019-10-31 15:37:43 - [TEST_STEP][PASSED] - "      Dev Test Environment": null

2019-10-31 15:37:43 - [TEST_STEP][PASSED] - "      Next Dev Environment": null

2019-10-31 15:37:43 - [TEST_STEP][PASSED] - "      Preview Environment": null

2019-10-31 15:37:43 - [TEST_STEP][PASSED] - "      Live": null

2019-10-31 15:37:43 - [TEST_STEP][PASSED] - "######################################################################################################################################################": null

2019-10-31 15:37:43 - [TEST_STEP][PASSED] - "#  OF COURSE, FOR THIS TO WORK THE TEST CREDENTIALS SHOULD BE AVAILABLE ACROSS ALL ENVIRONMENTS - Username = check1234 - & - Password = testing123   #": null

2019-10-31 15:37:43 - [TEST_STEP][PASSED] - switch (URL): null

2019-10-31 15:37:43 - [TEST_STEP][PASSED] - case .*www.preview.checkatrade.*:: null

2019-10-31 15:37:43 - [TEST_STEP][PASSED] - URL = "https://preview-ma.checkatrade.com/login?return=%2Fdashboard": null

2019-10-31 15:37:43 - [TEST_STEP][PASSED] - break: null

2019-10-31 15:37:43 - [TEST_STEP][PASSED] - URL: null

2019-10-31 15:37:43 - [MESSAGE][PASSED] - Call Test Case 'Test Cases/Reusable_Test_Sequences/URL_Handler' successfully

2019-10-31 15:37:43 - [TEST_STEP][PASSED] - "URL - Set from the ENVIRONMENT PROFILE - Specific Page Address Provided By +GlobalVariable.PAGE  ": null

2019-10-31 15:37:43 - [TEST_STEP][PASSED] - openBrowser(URL): Browser is opened with url: 'https://preview-ma.checkatrade.com/login?return=%2Fdashboard'

2019-10-31 15:37:43 - [MESSAGE][INFO] - Starting 'Chrome' driver

2019-10-31 15:37:43 - [MESSAGE][INFO] - Action delay is set to 0 seconds

2019-10-31 15:37:55 - [MESSAGE][PASSED] - Browser is opened with url: 'https://preview-ma.checkatrade.com/login?return=%2Fdashboard'

2019-10-31 15:37:55 - [TEST_STEP][PASSED] - maximizeWindow(): Current window maximized

2019-10-31 15:37:59 - [MESSAGE][PASSED] - Current window maximized

2019-10-31 15:37:59 - [TEST_STEP][PASSED] - waitForPageLoad(60): Wait for page load successfully

2019-10-31 15:37:59 - [MESSAGE][PASSED] - Wait for page load successfully

2019-10-31 15:37:59 - [TEST_STEP][FAILED] - verifyTextPresent(data.getValue("Header_Text", row), false): Text 'EXCLUSIVE ACCESS FOR CHECKATRADE MEMBERS ONLY' is not present on page  (Root cause: com.kms.katalon.core.exception.StepFailedException: Text 'EXCLUSIVE ACCESS FOR CHECKATRADE MEMBERS ONLY' is not present on page 
	at com.kms.katalon.core.webui.keyword.internal.WebUIKeywordMain.stepFailed(WebUIKeywordMain.groovy:64)
	at com.kms.katalon.core.webui.keyword.builtin.VerifyTextPresentKeyword$_verifyTextPresent_closure1.doCall(VerifyTextPresentKeyword.groovy:79)
	at com.kms.katalon.core.webui.keyword.builtin.VerifyTextPresentKeyword$_verifyTextPresent_closure1.call(VerifyTextPresentKeyword.groovy)
	at com.kms.katalon.core.webui.keyword.internal.WebUIKeywordMain.runKeyword(WebUIKeywordMain.groovy:20)
	at com.kms.katalon.core.webui.keyword.builtin.VerifyTextPresentKeyword.verifyTextPresent(VerifyTextPresentKeyword.groovy:83)
	at com.kms.katalon.core.webui.keyword.builtin.VerifyTextPresentKeyword.execute(VerifyTextPresentKeyword.groovy:68)
	at com.kms.katalon.core.keyword.internal.KeywordExecutor.executeKeywordForPlatform(KeywordExecutor.groovy:60)
	at com.kms.katalon.core.webui.keyword.WebUiBuiltInKeywords.verifyTextPresent(WebUiBuiltInKeywords.groovy:1693)
	at com.kms.katalon.core.webui.keyword.WebUiBuiltInKeywords$verifyTextPresent$2.call(Unknown Source)
	at Start_Up.run(Start_Up:75)
	at com.kms.katalon.core.main.ScriptEngine.run(ScriptEngine.java:194)
	at com.kms.katalon.core.main.ScriptEngine.runScriptAsRawText(ScriptEngine.java:119)
	at com.kms.katalon.core.main.TestCaseExecutor.runScript(TestCaseExecutor.java:337)
	at com.kms.katalon.core.main.TestCaseExecutor.doExecute(TestCaseExecutor.java:328)
	at com.kms.katalon.core.main.TestCaseExecutor.processExecutionPhase(TestCaseExecutor.java:307)
	at com.kms.katalon.core.main.TestCaseExecutor.accessMainPhase(TestCaseExecutor.java:299)
	at com.kms.katalon.core.main.TestCaseExecutor.execute(TestCaseExecutor.java:233)
	at com.kms.katalon.core.main.TestCaseMain.runTestCase(TestCaseMain.java:114)
	at com.kms.katalon.core.keyword.builtin.CallTestCaseKeyword$_callTestCase_closure1.doCall(CallTestCaseKeyword.groovy:59)
	at com.kms.katalon.core.keyword.builtin.CallTestCaseKeyword$_callTestCase_closure1.call(CallTestCaseKeyword.groovy)
	at com.kms.katalon.core.keyword.internal.KeywordMain.runKeyword(KeywordMain.groovy:68)
	at com.kms.katalon.core.keyword.builtin.CallTestCaseKeyword.callTestCase(CallTestCaseKeyword.groovy:81)
	at com.kms.katalon.core.keyword.builtin.CallTestCaseKeyword.execute(CallTestCaseKeyword.groovy:44)
	at com.kms.katalon.core.keyword.internal.KeywordExecutor.executeKeywordForPlatform(KeywordExecutor.groovy:60)
	at com.kms.katalon.core.keyword.BuiltinKeywords.callTestCase(BuiltinKeywords.groovy:334)
	at Received_Negative_Review.run(Received_Negative_Review:64)
	at com.kms.katalon.core.main.ScriptEngine.run(ScriptEngine.java:194)
	at com.kms.katalon.core.main.ScriptEngine.runScriptAsRawText(ScriptEngine.java:119)
	at com.kms.katalon.core.main.TestCaseExecutor.runScript(TestCaseExecutor.java:337)
	at com.kms.katalon.core.main.TestCaseExecutor.doExecute(TestCaseExecutor.java:328)
	at com.kms.katalon.core.main.TestCaseExecutor.processExecutionPhase(TestCaseExecutor.java:307)
	at com.kms.katalon.core.main.TestCaseExecutor.accessMainPhase(TestCaseExecutor.java:299)
	at com.kms.katalon.core.main.TestCaseExecutor.execute(TestCaseExecutor.java:233)
	at com.kms.katalon.core.main.TestSuiteExecutor.accessTestCaseMainPhase(TestSuiteExecutor.java:169)
	at com.kms.katalon.core.main.TestSuiteExecutor.accessTestSuiteMainPhase(TestSuiteExecutor.java:142)
	at com.kms.katalon.core.main.TestSuiteExecutor.execute(TestSuiteExecutor.java:91)
	at com.kms.katalon.core.main.TestCaseMain.startTestSuite(TestCaseMain.java:157)
	at com.kms.katalon.core.main.TestCaseMain$startTestSuite$0.call(Unknown Source)
	at TempTestSuite1572536122144.run(TempTestSuite1572536122144.groovy:36)
)

2019-10-31 15:37:59 - [MESSAGE][FAILED] - Text 'EXCLUSIVE ACCESS FOR CHECKATRADE MEMBERS ONLY' is not present on page  (Root cause: com.kms.katalon.core.exception.StepFailedException: Text 'EXCLUSIVE ACCESS FOR CHECKATRADE MEMBERS ONLY' is not present on page 
	at com.kms.katalon.core.webui.keyword.internal.WebUIKeywordMain.stepFailed(WebUIKeywordMain.groovy:64)
	at com.kms.katalon.core.webui.keyword.builtin.VerifyTextPresentKeyword$_verifyTextPresent_closure1.doCall(VerifyTextPresentKeyword.groovy:79)
	at com.kms.katalon.core.webui.keyword.builtin.VerifyTextPresentKeyword$_verifyTextPresent_closure1.call(VerifyTextPresentKeyword.groovy)
	at com.kms.katalon.core.webui.keyword.internal.WebUIKeywordMain.runKeyword(WebUIKeywordMain.groovy:20)
	at com.kms.katalon.core.webui.keyword.builtin.VerifyTextPresentKeyword.verifyTextPresent(VerifyTextPresentKeyword.groovy:83)
	at com.kms.katalon.core.webui.keyword.builtin.VerifyTextPresentKeyword.execute(VerifyTextPresentKeyword.groovy:68)
	at com.kms.katalon.core.keyword.internal.KeywordExecutor.executeKeywordForPlatform(KeywordExecutor.groovy:60)
	at com.kms.katalon.core.webui.keyword.WebUiBuiltInKeywords.verifyTextPresent(WebUiBuiltInKeywords.groovy:1693)
	at com.kms.katalon.core.webui.keyword.WebUiBuiltInKeywords$verifyTextPresent$2.call(Unknown Source)
	at Start_Up.run(Start_Up:75)
	at com.kms.katalon.core.main.ScriptEngine.run(ScriptEngine.java:194)
	at com.kms.katalon.core.main.ScriptEngine.runScriptAsRawText(ScriptEngine.java:119)
	at com.kms.katalon.core.main.TestCaseExecutor.runScript(TestCaseExecutor.java:337)
	at com.kms.katalon.core.main.TestCaseExecutor.doExecute(TestCaseExecutor.java:328)
	at com.kms.katalon.core.main.TestCaseExecutor.processExecutionPhase(TestCaseExecutor.java:307)
	at com.kms.katalon.core.main.TestCaseExecutor.accessMainPhase(TestCaseExecutor.java:299)
	at com.kms.katalon.core.main.TestCaseExecutor.execute(TestCaseExecutor.java:233)
	at com.kms.katalon.core.main.TestCaseMain.runTestCase(TestCaseMain.java:114)
	at com.kms.katalon.core.keyword.builtin.CallTestCaseKeyword$_callTestCase_closure1.doCall(CallTestCaseKeyword.groovy:59)
	at com.kms.katalon.core.keyword.builtin.CallTestCaseKeyword$_callTestCase_closure1.call(CallTestCaseKeyword.groovy)
	at com.kms.katalon.core.keyword.internal.KeywordMain.runKeyword(KeywordMain.groovy:68)
	at com.kms.katalon.core.keyword.builtin.CallTestCaseKeyword.callTestCase(CallTestCaseKeyword.groovy:81)
	at com.kms.katalon.core.keyword.builtin.CallTestCaseKeyword.execute(CallTestCaseKeyword.groovy:44)
	at com.kms.katalon.core.keyword.internal.KeywordExecutor.executeKeywordForPlatform(KeywordExecutor.groovy:60)
	at com.kms.katalon.core.keyword.BuiltinKeywords.callTestCase(BuiltinKeywords.groovy:334)
	at Received_Negative_Review.run(Received_Negative_Review:64)
	at com.kms.katalon.core.main.ScriptEngine.run(ScriptEngine.java:194)
	at com.kms.katalon.core.main.ScriptEngine.runScriptAsRawText(ScriptEngine.java:119)
	at com.kms.katalon.core.main.TestCaseExecutor.runScript(TestCaseExecutor.java:337)
	at com.kms.katalon.core.main.TestCaseExecutor.doExecute(TestCaseExecutor.java:328)
	at com.kms.katalon.core.main.TestCaseExecutor.processExecutionPhase(TestCaseExecutor.java:307)
	at com.kms.katalon.core.main.TestCaseExecutor.accessMainPhase(TestCaseExecutor.java:299)
	at com.kms.katalon.core.main.TestCaseExecutor.execute(TestCaseExecutor.java:233)
	at com.kms.katalon.core.main.TestSuiteExecutor.accessTestCaseMainPhase(TestSuiteExecutor.java:169)
	at com.kms.katalon.core.main.TestSuiteExecutor.accessTestSuiteMainPhase(TestSuiteExecutor.java:142)
	at com.kms.katalon.core.main.TestSuiteExecutor.execute(TestSuiteExecutor.java:91)
	at com.kms.katalon.core.main.TestCaseMain.startTestSuite(TestCaseMain.java:157)
	at com.kms.katalon.core.main.TestCaseMain$startTestSuite$0.call(Unknown Source)
	at TempTestSuite1572536122144.run(TempTestSuite1572536122144.groovy:36)
)

2019-10-31 15:37:59 - [TEST_STEP][FAILED] - verifyTextPresent(data.getValue("Forgotten_Password", row), false): Text 'Forgotten password?' is not present on page  (Root cause: com.kms.katalon.core.exception.StepFailedException: Text 'Forgotten password?' is not present on page 
	at com.kms.katalon.core.webui.keyword.internal.WebUIKeywordMain.stepFailed(WebUIKeywordMain.groovy:64)
	at com.kms.katalon.core.webui.keyword.builtin.VerifyTextPresentKeyword$_verifyTextPresent_closure1.doCall(VerifyTextPresentKeyword.groovy:79)
	at com.kms.katalon.core.webui.keyword.builtin.VerifyTextPresentKeyword$_verifyTextPresent_closure1.call(VerifyTextPresentKeyword.groovy)
	at com.kms.katalon.core.webui.keyword.internal.WebUIKeywordMain.runKeyword(WebUIKeywordMain.groovy:20)
	at com.kms.katalon.core.webui.keyword.builtin.VerifyTextPresentKeyword.verifyTextPresent(VerifyTextPresentKeyword.groovy:83)
	at com.kms.katalon.core.webui.keyword.builtin.VerifyTextPresentKeyword.execute(VerifyTextPresentKeyword.groovy:68)
	at com.kms.katalon.core.keyword.internal.KeywordExecutor.executeKeywordForPlatform(KeywordExecutor.groovy:60)
	at com.kms.katalon.core.webui.keyword.WebUiBuiltInKeywords.verifyTextPresent(WebUiBuiltInKeywords.groovy:1693)
	at com.kms.katalon.core.webui.keyword.WebUiBuiltInKeywords$verifyTextPresent$2.call(Unknown Source)
	at Start_Up.run(Start_Up:81)
	at com.kms.katalon.core.main.ScriptEngine.run(ScriptEngine.java:194)
	at com.kms.katalon.core.main.ScriptEngine.runScriptAsRawText(ScriptEngine.java:119)
	at com.kms.katalon.core.main.TestCaseExecutor.runScript(TestCaseExecutor.java:337)
	at com.kms.katalon.core.main.TestCaseExecutor.doExecute(TestCaseExecutor.java:328)
	at com.kms.katalon.core.main.TestCaseExecutor.processExecutionPhase(TestCaseExecutor.java:307)
	at com.kms.katalon.core.main.TestCaseExecutor.accessMainPhase(TestCaseExecutor.java:299)
	at com.kms.katalon.core.main.TestCaseExecutor.execute(TestCaseExecutor.java:233)
	at com.kms.katalon.core.main.TestCaseMain.runTestCase(TestCaseMain.java:114)
	at com.kms.katalon.core.keyword.builtin.CallTestCaseKeyword$_callTestCase_closure1.doCall(CallTestCaseKeyword.groovy:59)
	at com.kms.katalon.core.keyword.builtin.CallTestCaseKeyword$_callTestCase_closure1.call(CallTestCaseKeyword.groovy)
	at com.kms.katalon.core.keyword.internal.KeywordMain.runKeyword(KeywordMain.groovy:68)
	at com.kms.katalon.core.keyword.builtin.CallTestCaseKeyword.callTestCase(CallTestCaseKeyword.groovy:81)
	at com.kms.katalon.core.keyword.builtin.CallTestCaseKeyword.execute(CallTestCaseKeyword.groovy:44)
	at com.kms.katalon.core.keyword.internal.KeywordExecutor.executeKeywordForPlatform(KeywordExecutor.groovy:60)
	at com.kms.katalon.core.keyword.BuiltinKeywords.callTestCase(BuiltinKeywords.groovy:334)
	at Received_Negative_Review.run(Received_Negative_Review:64)
	at com.kms.katalon.core.main.ScriptEngine.run(ScriptEngine.java:194)
	at com.kms.katalon.core.main.ScriptEngine.runScriptAsRawText(ScriptEngine.java:119)
	at com.kms.katalon.core.main.TestCaseExecutor.runScript(TestCaseExecutor.java:337)
	at com.kms.katalon.core.main.TestCaseExecutor.doExecute(TestCaseExecutor.java:328)
	at com.kms.katalon.core.main.TestCaseExecutor.processExecutionPhase(TestCaseExecutor.java:307)
	at com.kms.katalon.core.main.TestCaseExecutor.accessMainPhase(TestCaseExecutor.java:299)
	at com.kms.katalon.core.main.TestCaseExecutor.execute(TestCaseExecutor.java:233)
	at com.kms.katalon.core.main.TestSuiteExecutor.accessTestCaseMainPhase(TestSuiteExecutor.java:169)
	at com.kms.katalon.core.main.TestSuiteExecutor.accessTestSuiteMainPhase(TestSuiteExecutor.java:142)
	at com.kms.katalon.core.main.TestSuiteExecutor.execute(TestSuiteExecutor.java:91)
	at com.kms.katalon.core.main.TestCaseMain.startTestSuite(TestCaseMain.java:157)
	at com.kms.katalon.core.main.TestCaseMain$startTestSuite$0.call(Unknown Source)
	at TempTestSuite1572536122144.run(TempTestSuite1572536122144.groovy:36)
)

2019-10-31 15:37:59 - [MESSAGE][FAILED] - Text 'Forgotten password?' is not present on page  (Root cause: com.kms.katalon.core.exception.StepFailedException: Text 'Forgotten password?' is not present on page 
	at com.kms.katalon.core.webui.keyword.internal.WebUIKeywordMain.stepFailed(WebUIKeywordMain.groovy:64)
	at com.kms.katalon.core.webui.keyword.builtin.VerifyTextPresentKeyword$_verifyTextPresent_closure1.doCall(VerifyTextPresentKeyword.groovy:79)
	at com.kms.katalon.core.webui.keyword.builtin.VerifyTextPresentKeyword$_verifyTextPresent_closure1.call(VerifyTextPresentKeyword.groovy)
	at com.kms.katalon.core.webui.keyword.internal.WebUIKeywordMain.runKeyword(WebUIKeywordMain.groovy:20)
	at com.kms.katalon.core.webui.keyword.builtin.VerifyTextPresentKeyword.verifyTextPresent(VerifyTextPresentKeyword.groovy:83)
	at com.kms.katalon.core.webui.keyword.builtin.VerifyTextPresentKeyword.execute(VerifyTextPresentKeyword.groovy:68)
	at com.kms.katalon.core.keyword.internal.KeywordExecutor.executeKeywordForPlatform(KeywordExecutor.groovy:60)
	at com.kms.katalon.core.webui.keyword.WebUiBuiltInKeywords.verifyTextPresent(WebUiBuiltInKeywords.groovy:1693)
	at com.kms.katalon.core.webui.keyword.WebUiBuiltInKeywords$verifyTextPresent$2.call(Unknown Source)
	at Start_Up.run(Start_Up:81)
	at com.kms.katalon.core.main.ScriptEngine.run(ScriptEngine.java:194)
	at com.kms.katalon.core.main.ScriptEngine.runScriptAsRawText(ScriptEngine.java:119)
	at com.kms.katalon.core.main.TestCaseExecutor.runScript(TestCaseExecutor.java:337)
	at com.kms.katalon.core.main.TestCaseExecutor.doExecute(TestCaseExecutor.java:328)
	at com.kms.katalon.core.main.TestCaseExecutor.processExecutionPhase(TestCaseExecutor.java:307)
	at com.kms.katalon.core.main.TestCaseExecutor.accessMainPhase(TestCaseExecutor.java:299)
	at com.kms.katalon.core.main.TestCaseExecutor.execute(TestCaseExecutor.java:233)
	at com.kms.katalon.core.main.TestCaseMain.runTestCase(TestCaseMain.java:114)
	at com.kms.katalon.core.keyword.builtin.CallTestCaseKeyword$_callTestCase_closure1.doCall(CallTestCaseKeyword.groovy:59)
	at com.kms.katalon.core.keyword.builtin.CallTestCaseKeyword$_callTestCase_closure1.call(CallTestCaseKeyword.groovy)
	at com.kms.katalon.core.keyword.internal.KeywordMain.runKeyword(KeywordMain.groovy:68)
	at com.kms.katalon.core.keyword.builtin.CallTestCaseKeyword.callTestCase(CallTestCaseKeyword.groovy:81)
	at com.kms.katalon.core.keyword.builtin.CallTestCaseKeyword.execute(CallTestCaseKeyword.groovy:44)
	at com.kms.katalon.core.keyword.internal.KeywordExecutor.executeKeywordForPlatform(KeywordExecutor.groovy:60)
	at com.kms.katalon.core.keyword.BuiltinKeywords.callTestCase(BuiltinKeywords.groovy:334)
	at Received_Negative_Review.run(Received_Negative_Review:64)
	at com.kms.katalon.core.main.ScriptEngine.run(ScriptEngine.java:194)
	at com.kms.katalon.core.main.ScriptEngine.runScriptAsRawText(ScriptEngine.java:119)
	at com.kms.katalon.core.main.TestCaseExecutor.runScript(TestCaseExecutor.java:337)
	at com.kms.katalon.core.main.TestCaseExecutor.doExecute(TestCaseExecutor.java:328)
	at com.kms.katalon.core.main.TestCaseExecutor.processExecutionPhase(TestCaseExecutor.java:307)
	at com.kms.katalon.core.main.TestCaseExecutor.accessMainPhase(TestCaseExecutor.java:299)
	at com.kms.katalon.core.main.TestCaseExecutor.execute(TestCaseExecutor.java:233)
	at com.kms.katalon.core.main.TestSuiteExecutor.accessTestCaseMainPhase(TestSuiteExecutor.java:169)
	at com.kms.katalon.core.main.TestSuiteExecutor.accessTestSuiteMainPhase(TestSuiteExecutor.java:142)
	at com.kms.katalon.core.main.TestSuiteExecutor.execute(TestSuiteExecutor.java:91)
	at com.kms.katalon.core.main.TestCaseMain.startTestSuite(TestCaseMain.java:157)
	at com.kms.katalon.core.main.TestCaseMain$startTestSuite$0.call(Unknown Source)
	at TempTestSuite1572536122144.run(TempTestSuite1572536122144.groovy:36)
)

2019-10-31 15:38:00 - [TEST_STEP][FAILED] - verifyTextPresent(data.getValue("Forgotten_Username", row), false): Text 'Forgotten username?' is not present on page  (Root cause: com.kms.katalon.core.exception.StepFailedException: Text 'Forgotten username?' is not present on page 
	at com.kms.katalon.core.webui.keyword.internal.WebUIKeywordMain.stepFailed(WebUIKeywordMain.groovy:64)
	at com.kms.katalon.core.webui.keyword.builtin.VerifyTextPresentKeyword$_verifyTextPresent_closure1.doCall(VerifyTextPresentKeyword.groovy:79)
	at com.kms.katalon.core.webui.keyword.builtin.VerifyTextPresentKeyword$_verifyTextPresent_closure1.call(VerifyTextPresentKeyword.groovy)
	at com.kms.katalon.core.webui.keyword.internal.WebUIKeywordMain.runKeyword(WebUIKeywordMain.groovy:20)
	at com.kms.katalon.core.webui.keyword.builtin.VerifyTextPresentKeyword.verifyTextPresent(VerifyTextPresentKeyword.groovy:83)
	at com.kms.katalon.core.webui.keyword.builtin.VerifyTextPresentKeyword.execute(VerifyTextPresentKeyword.groovy:68)
	at com.kms.katalon.core.keyword.internal.KeywordExecutor.executeKeywordForPlatform(KeywordExecutor.groovy:60)
	at com.kms.katalon.core.webui.keyword.WebUiBuiltInKeywords.verifyTextPresent(WebUiBuiltInKeywords.groovy:1693)
	at com.kms.katalon.core.webui.keyword.WebUiBuiltInKeywords$verifyTextPresent$2.call(Unknown Source)
	at Start_Up.run(Start_Up:86)
	at com.kms.katalon.core.main.ScriptEngine.run(ScriptEngine.java:194)
	at com.kms.katalon.core.main.ScriptEngine.runScriptAsRawText(ScriptEngine.java:119)
	at com.kms.katalon.core.main.TestCaseExecutor.runScript(TestCaseExecutor.java:337)
	at com.kms.katalon.core.main.TestCaseExecutor.doExecute(TestCaseExecutor.java:328)
	at com.kms.katalon.core.main.TestCaseExecutor.processExecutionPhase(TestCaseExecutor.java:307)
	at com.kms.katalon.core.main.TestCaseExecutor.accessMainPhase(TestCaseExecutor.java:299)
	at com.kms.katalon.core.main.TestCaseExecutor.execute(TestCaseExecutor.java:233)
	at com.kms.katalon.core.main.TestCaseMain.runTestCase(TestCaseMain.java:114)
	at com.kms.katalon.core.keyword.builtin.CallTestCaseKeyword$_callTestCase_closure1.doCall(CallTestCaseKeyword.groovy:59)
	at com.kms.katalon.core.keyword.builtin.CallTestCaseKeyword$_callTestCase_closure1.call(CallTestCaseKeyword.groovy)
	at com.kms.katalon.core.keyword.internal.KeywordMain.runKeyword(KeywordMain.groovy:68)
	at com.kms.katalon.core.keyword.builtin.CallTestCaseKeyword.callTestCase(CallTestCaseKeyword.groovy:81)
	at com.kms.katalon.core.keyword.builtin.CallTestCaseKeyword.execute(CallTestCaseKeyword.groovy:44)
	at com.kms.katalon.core.keyword.internal.KeywordExecutor.executeKeywordForPlatform(KeywordExecutor.groovy:60)
	at com.kms.katalon.core.keyword.BuiltinKeywords.callTestCase(BuiltinKeywords.groovy:334)
	at Received_Negative_Review.run(Received_Negative_Review:64)
	at com.kms.katalon.core.main.ScriptEngine.run(ScriptEngine.java:194)
	at com.kms.katalon.core.main.ScriptEngine.runScriptAsRawText(ScriptEngine.java:119)
	at com.kms.katalon.core.main.TestCaseExecutor.runScript(TestCaseExecutor.java:337)
	at com.kms.katalon.core.main.TestCaseExecutor.doExecute(TestCaseExecutor.java:328)
	at com.kms.katalon.core.main.TestCaseExecutor.processExecutionPhase(TestCaseExecutor.java:307)
	at com.kms.katalon.core.main.TestCaseExecutor.accessMainPhase(TestCaseExecutor.java:299)
	at com.kms.katalon.core.main.TestCaseExecutor.execute(TestCaseExecutor.java:233)
	at com.kms.katalon.core.main.TestSuiteExecutor.accessTestCaseMainPhase(TestSuiteExecutor.java:169)
	at com.kms.katalon.core.main.TestSuiteExecutor.accessTestSuiteMainPhase(TestSuiteExecutor.java:142)
	at com.kms.katalon.core.main.TestSuiteExecutor.execute(TestSuiteExecutor.java:91)
	at com.kms.katalon.core.main.TestCaseMain.startTestSuite(TestCaseMain.java:157)
	at com.kms.katalon.core.main.TestCaseMain$startTestSuite$0.call(Unknown Source)
	at TempTestSuite1572536122144.run(TempTestSuite1572536122144.groovy:36)
)

2019-10-31 15:38:00 - [MESSAGE][FAILED] - Text 'Forgotten username?' is not present on page  (Root cause: com.kms.katalon.core.exception.StepFailedException: Text 'Forgotten username?' is not present on page 
	at com.kms.katalon.core.webui.keyword.internal.WebUIKeywordMain.stepFailed(WebUIKeywordMain.groovy:64)
	at com.kms.katalon.core.webui.keyword.builtin.VerifyTextPresentKeyword$_verifyTextPresent_closure1.doCall(VerifyTextPresentKeyword.groovy:79)
	at com.kms.katalon.core.webui.keyword.builtin.VerifyTextPresentKeyword$_verifyTextPresent_closure1.call(VerifyTextPresentKeyword.groovy)
	at com.kms.katalon.core.webui.keyword.internal.WebUIKeywordMain.runKeyword(WebUIKeywordMain.groovy:20)
	at com.kms.katalon.core.webui.keyword.builtin.VerifyTextPresentKeyword.verifyTextPresent(VerifyTextPresentKeyword.groovy:83)
	at com.kms.katalon.core.webui.keyword.builtin.VerifyTextPresentKeyword.execute(VerifyTextPresentKeyword.groovy:68)
	at com.kms.katalon.core.keyword.internal.KeywordExecutor.executeKeywordForPlatform(KeywordExecutor.groovy:60)
	at com.kms.katalon.core.webui.keyword.WebUiBuiltInKeywords.verifyTextPresent(WebUiBuiltInKeywords.groovy:1693)
	at com.kms.katalon.core.webui.keyword.WebUiBuiltInKeywords$verifyTextPresent$2.call(Unknown Source)
	at Start_Up.run(Start_Up:86)
	at com.kms.katalon.core.main.ScriptEngine.run(ScriptEngine.java:194)
	at com.kms.katalon.core.main.ScriptEngine.runScriptAsRawText(ScriptEngine.java:119)
	at com.kms.katalon.core.main.TestCaseExecutor.runScript(TestCaseExecutor.java:337)
	at com.kms.katalon.core.main.TestCaseExecutor.doExecute(TestCaseExecutor.java:328)
	at com.kms.katalon.core.main.TestCaseExecutor.processExecutionPhase(TestCaseExecutor.java:307)
	at com.kms.katalon.core.main.TestCaseExecutor.accessMainPhase(TestCaseExecutor.java:299)
	at com.kms.katalon.core.main.TestCaseExecutor.execute(TestCaseExecutor.java:233)
	at com.kms.katalon.core.main.TestCaseMain.runTestCase(TestCaseMain.java:114)
	at com.kms.katalon.core.keyword.builtin.CallTestCaseKeyword$_callTestCase_closure1.doCall(CallTestCaseKeyword.groovy:59)
	at com.kms.katalon.core.keyword.builtin.CallTestCaseKeyword$_callTestCase_closure1.call(CallTestCaseKeyword.groovy)
	at com.kms.katalon.core.keyword.internal.KeywordMain.runKeyword(KeywordMain.groovy:68)
	at com.kms.katalon.core.keyword.builtin.CallTestCaseKeyword.callTestCase(CallTestCaseKeyword.groovy:81)
	at com.kms.katalon.core.keyword.builtin.CallTestCaseKeyword.execute(CallTestCaseKeyword.groovy:44)
	at com.kms.katalon.core.keyword.internal.KeywordExecutor.executeKeywordForPlatform(KeywordExecutor.groovy:60)
	at com.kms.katalon.core.keyword.BuiltinKeywords.callTestCase(BuiltinKeywords.groovy:334)
	at Received_Negative_Review.run(Received_Negative_Review:64)
	at com.kms.katalon.core.main.ScriptEngine.run(ScriptEngine.java:194)
	at com.kms.katalon.core.main.ScriptEngine.runScriptAsRawText(ScriptEngine.java:119)
	at com.kms.katalon.core.main.TestCaseExecutor.runScript(TestCaseExecutor.java:337)
	at com.kms.katalon.core.main.TestCaseExecutor.doExecute(TestCaseExecutor.java:328)
	at com.kms.katalon.core.main.TestCaseExecutor.processExecutionPhase(TestCaseExecutor.java:307)
	at com.kms.katalon.core.main.TestCaseExecutor.accessMainPhase(TestCaseExecutor.java:299)
	at com.kms.katalon.core.main.TestCaseExecutor.execute(TestCaseExecutor.java:233)
	at com.kms.katalon.core.main.TestSuiteExecutor.accessTestCaseMainPhase(TestSuiteExecutor.java:169)
	at com.kms.katalon.core.main.TestSuiteExecutor.accessTestSuiteMainPhase(TestSuiteExecutor.java:142)
	at com.kms.katalon.core.main.TestSuiteExecutor.execute(TestSuiteExecutor.java:91)
	at com.kms.katalon.core.main.TestCaseMain.startTestSuite(TestCaseMain.java:157)
	at com.kms.katalon.core.main.TestCaseMain$startTestSuite$0.call(Unknown Source)
	at TempTestSuite1572536122144.run(TempTestSuite1572536122144.groovy:36)
)

2019-10-31 15:38:00 - [TEST_STEP][FAILED] - verifyTextPresent(data.getValue("Trouble_Logging_In", row), false): Text 'Trouble logging in?' is not present on page  (Root cause: com.kms.katalon.core.exception.StepFailedException: Text 'Trouble logging in?' is not present on page 
	at com.kms.katalon.core.webui.keyword.internal.WebUIKeywordMain.stepFailed(WebUIKeywordMain.groovy:64)
	at com.kms.katalon.core.webui.keyword.builtin.VerifyTextPresentKeyword$_verifyTextPresent_closure1.doCall(VerifyTextPresentKeyword.groovy:79)
	at com.kms.katalon.core.webui.keyword.builtin.VerifyTextPresentKeyword$_verifyTextPresent_closure1.call(VerifyTextPresentKeyword.groovy)
	at com.kms.katalon.core.webui.keyword.internal.WebUIKeywordMain.runKeyword(WebUIKeywordMain.groovy:20)
	at com.kms.katalon.core.webui.keyword.builtin.VerifyTextPresentKeyword.verifyTextPresent(VerifyTextPresentKeyword.groovy:83)
	at com.kms.katalon.core.webui.keyword.builtin.VerifyTextPresentKeyword.execute(VerifyTextPresentKeyword.groovy:68)
	at com.kms.katalon.core.keyword.internal.KeywordExecutor.executeKeywordForPlatform(KeywordExecutor.groovy:60)
	at com.kms.katalon.core.webui.keyword.WebUiBuiltInKeywords.verifyTextPresent(WebUiBuiltInKeywords.groovy:1693)
	at com.kms.katalon.core.webui.keyword.WebUiBuiltInKeywords$verifyTextPresent$2.call(Unknown Source)
	at Start_Up.run(Start_Up:91)
	at com.kms.katalon.core.main.ScriptEngine.run(ScriptEngine.java:194)
	at com.kms.katalon.core.main.ScriptEngine.runScriptAsRawText(ScriptEngine.java:119)
	at com.kms.katalon.core.main.TestCaseExecutor.runScript(TestCaseExecutor.java:337)
	at com.kms.katalon.core.main.TestCaseExecutor.doExecute(TestCaseExecutor.java:328)
	at com.kms.katalon.core.main.TestCaseExecutor.processExecutionPhase(TestCaseExecutor.java:307)
	at com.kms.katalon.core.main.TestCaseExecutor.accessMainPhase(TestCaseExecutor.java:299)
	at com.kms.katalon.core.main.TestCaseExecutor.execute(TestCaseExecutor.java:233)
	at com.kms.katalon.core.main.TestCaseMain.runTestCase(TestCaseMain.java:114)
	at com.kms.katalon.core.keyword.builtin.CallTestCaseKeyword$_callTestCase_closure1.doCall(CallTestCaseKeyword.groovy:59)
	at com.kms.katalon.core.keyword.builtin.CallTestCaseKeyword$_callTestCase_closure1.call(CallTestCaseKeyword.groovy)
	at com.kms.katalon.core.keyword.internal.KeywordMain.runKeyword(KeywordMain.groovy:68)
	at com.kms.katalon.core.keyword.builtin.CallTestCaseKeyword.callTestCase(CallTestCaseKeyword.groovy:81)
	at com.kms.katalon.core.keyword.builtin.CallTestCaseKeyword.execute(CallTestCaseKeyword.groovy:44)
	at com.kms.katalon.core.keyword.internal.KeywordExecutor.executeKeywordForPlatform(KeywordExecutor.groovy:60)
	at com.kms.katalon.core.keyword.BuiltinKeywords.callTestCase(BuiltinKeywords.groovy:334)
	at Received_Negative_Review.run(Received_Negative_Review:64)
	at com.kms.katalon.core.main.ScriptEngine.run(ScriptEngine.java:194)
	at com.kms.katalon.core.main.ScriptEngine.runScriptAsRawText(ScriptEngine.java:119)
	at com.kms.katalon.core.main.TestCaseExecutor.runScript(TestCaseExecutor.java:337)
	at com.kms.katalon.core.main.TestCaseExecutor.doExecute(TestCaseExecutor.java:328)
	at com.kms.katalon.core.main.TestCaseExecutor.processExecutionPhase(TestCaseExecutor.java:307)
	at com.kms.katalon.core.main.TestCaseExecutor.accessMainPhase(TestCaseExecutor.java:299)
	at com.kms.katalon.core.main.TestCaseExecutor.execute(TestCaseExecutor.java:233)
	at com.kms.katalon.core.main.TestSuiteExecutor.accessTestCaseMainPhase(TestSuiteExecutor.java:169)
	at com.kms.katalon.core.main.TestSuiteExecutor.accessTestSuiteMainPhase(TestSuiteExecutor.java:142)
	at com.kms.katalon.core.main.TestSuiteExecutor.execute(TestSuiteExecutor.java:91)
	at com.kms.katalon.core.main.TestCaseMain.startTestSuite(TestCaseMain.java:157)
	at com.kms.katalon.core.main.TestCaseMain$startTestSuite$0.call(Unknown Source)
	at TempTestSuite1572536122144.run(TempTestSuite1572536122144.groovy:36)
)

2019-10-31 15:38:00 - [MESSAGE][FAILED] - Text 'Trouble logging in?' is not present on page  (Root cause: com.kms.katalon.core.exception.StepFailedException: Text 'Trouble logging in?' is not present on page 
	at com.kms.katalon.core.webui.keyword.internal.WebUIKeywordMain.stepFailed(WebUIKeywordMain.groovy:64)
	at com.kms.katalon.core.webui.keyword.builtin.VerifyTextPresentKeyword$_verifyTextPresent_closure1.doCall(VerifyTextPresentKeyword.groovy:79)
	at com.kms.katalon.core.webui.keyword.builtin.VerifyTextPresentKeyword$_verifyTextPresent_closure1.call(VerifyTextPresentKeyword.groovy)
	at com.kms.katalon.core.webui.keyword.internal.WebUIKeywordMain.runKeyword(WebUIKeywordMain.groovy:20)
	at com.kms.katalon.core.webui.keyword.builtin.VerifyTextPresentKeyword.verifyTextPresent(VerifyTextPresentKeyword.groovy:83)
	at com.kms.katalon.core.webui.keyword.builtin.VerifyTextPresentKeyword.execute(VerifyTextPresentKeyword.groovy:68)
	at com.kms.katalon.core.keyword.internal.KeywordExecutor.executeKeywordForPlatform(KeywordExecutor.groovy:60)
	at com.kms.katalon.core.webui.keyword.WebUiBuiltInKeywords.verifyTextPresent(WebUiBuiltInKeywords.groovy:1693)
	at com.kms.katalon.core.webui.keyword.WebUiBuiltInKeywords$verifyTextPresent$2.call(Unknown Source)
	at Start_Up.run(Start_Up:91)
	at com.kms.katalon.core.main.ScriptEngine.run(ScriptEngine.java:194)
	at com.kms.katalon.core.main.ScriptEngine.runScriptAsRawText(ScriptEngine.java:119)
	at com.kms.katalon.core.main.TestCaseExecutor.runScript(TestCaseExecutor.java:337)
	at com.kms.katalon.core.main.TestCaseExecutor.doExecute(TestCaseExecutor.java:328)
	at com.kms.katalon.core.main.TestCaseExecutor.processExecutionPhase(TestCaseExecutor.java:307)
	at com.kms.katalon.core.main.TestCaseExecutor.accessMainPhase(TestCaseExecutor.java:299)
	at com.kms.katalon.core.main.TestCaseExecutor.execute(TestCaseExecutor.java:233)
	at com.kms.katalon.core.main.TestCaseMain.runTestCase(TestCaseMain.java:114)
	at com.kms.katalon.core.keyword.builtin.CallTestCaseKeyword$_callTestCase_closure1.doCall(CallTestCaseKeyword.groovy:59)
	at com.kms.katalon.core.keyword.builtin.CallTestCaseKeyword$_callTestCase_closure1.call(CallTestCaseKeyword.groovy)
	at com.kms.katalon.core.keyword.internal.KeywordMain.runKeyword(KeywordMain.groovy:68)
	at com.kms.katalon.core.keyword.builtin.CallTestCaseKeyword.callTestCase(CallTestCaseKeyword.groovy:81)
	at com.kms.katalon.core.keyword.builtin.CallTestCaseKeyword.execute(CallTestCaseKeyword.groovy:44)
	at com.kms.katalon.core.keyword.internal.KeywordExecutor.executeKeywordForPlatform(KeywordExecutor.groovy:60)
	at com.kms.katalon.core.keyword.BuiltinKeywords.callTestCase(BuiltinKeywords.groovy:334)
	at Received_Negative_Review.run(Received_Negative_Review:64)
	at com.kms.katalon.core.main.ScriptEngine.run(ScriptEngine.java:194)
	at com.kms.katalon.core.main.ScriptEngine.runScriptAsRawText(ScriptEngine.java:119)
	at com.kms.katalon.core.main.TestCaseExecutor.runScript(TestCaseExecutor.java:337)
	at com.kms.katalon.core.main.TestCaseExecutor.doExecute(TestCaseExecutor.java:328)
	at com.kms.katalon.core.main.TestCaseExecutor.processExecutionPhase(TestCaseExecutor.java:307)
	at com.kms.katalon.core.main.TestCaseExecutor.accessMainPhase(TestCaseExecutor.java:299)
	at com.kms.katalon.core.main.TestCaseExecutor.execute(TestCaseExecutor.java:233)
	at com.kms.katalon.core.main.TestSuiteExecutor.accessTestCaseMainPhase(TestSuiteExecutor.java:169)
	at com.kms.katalon.core.main.TestSuiteExecutor.accessTestSuiteMainPhase(TestSuiteExecutor.java:142)
	at com.kms.katalon.core.main.TestSuiteExecutor.execute(TestSuiteExecutor.java:91)
	at com.kms.katalon.core.main.TestCaseMain.startTestSuite(TestCaseMain.java:157)
	at com.kms.katalon.core.main.TestCaseMain$startTestSuite$0.call(Unknown Source)
	at TempTestSuite1572536122144.run(TempTestSuite1572536122144.groovy:36)
)

2019-10-31 15:38:00 - [MESSAGE][WARNING] - Unable to call Test Case 'Test Cases/Reusable_Test_Sequences/Members_Area/Start_Up' (Root cause: com.kms.katalon.core.exception.StepFailedException: Call Test Case 'Test Cases/Reusable_Test_Sequences/Members_Area/Start_Up' failed
	at com.kms.katalon.core.keyword.builtin.CallTestCaseKeyword$_callTestCase_closure1.doCall(CallTestCaseKeyword.groovy:63)
	at com.kms.katalon.core.keyword.builtin.CallTestCaseKeyword$_callTestCase_closure1.call(CallTestCaseKeyword.groovy)
	at com.kms.katalon.core.keyword.internal.KeywordMain.runKeyword(KeywordMain.groovy:68)
	at com.kms.katalon.core.keyword.builtin.CallTestCaseKeyword.callTestCase(CallTestCaseKeyword.groovy:81)
	at com.kms.katalon.core.keyword.builtin.CallTestCaseKeyword.execute(CallTestCaseKeyword.groovy:44)
	at com.kms.katalon.core.keyword.internal.KeywordExecutor.executeKeywordForPlatform(KeywordExecutor.groovy:60)
	at com.kms.katalon.core.keyword.BuiltinKeywords.callTestCase(BuiltinKeywords.groovy:334)
	at Received_Negative_Review.run(Received_Negative_Review:64)
	at com.kms.katalon.core.main.ScriptEngine.run(ScriptEngine.java:194)
	at com.kms.katalon.core.main.ScriptEngine.runScriptAsRawText(ScriptEngine.java:119)
	at com.kms.katalon.core.main.TestCaseExecutor.runScript(TestCaseExecutor.java:337)
	at com.kms.katalon.core.main.TestCaseExecutor.doExecute(TestCaseExecutor.java:328)
	at com.kms.katalon.core.main.TestCaseExecutor.processExecutionPhase(TestCaseExecutor.java:307)
	at com.kms.katalon.core.main.TestCaseExecutor.accessMainPhase(TestCaseExecutor.java:299)
	at com.kms.katalon.core.main.TestCaseExecutor.execute(TestCaseExecutor.java:233)
	at com.kms.katalon.core.main.TestSuiteExecutor.accessTestCaseMainPhase(TestSuiteExecutor.java:169)
	at com.kms.katalon.core.main.TestSuiteExecutor.accessTestSuiteMainPhase(TestSuiteExecutor.java:142)
	at com.kms.katalon.core.main.TestSuiteExecutor.execute(TestSuiteExecutor.java:91)
	at com.kms.katalon.core.main.TestCaseMain.startTestSuite(TestCaseMain.java:157)
	at com.kms.katalon.core.main.TestCaseMain$startTestSuite$0.call(Unknown Source)
	at TempTestSuite1572536122144.run(TempTestSuite1572536122144.groovy:36)
Caused by: com.kms.katalon.core.exception.StepFailedException: Text 'EXCLUSIVE ACCESS FOR CHECKATRADE MEMBERS ONLY' is not present on page  (Root cause: com.kms.katalon.core.exception.StepFailedException: Text 'EXCLUSIVE ACCESS FOR CHECKATRADE MEMBERS ONLY' is not present on page 
	at com.kms.katalon.core.webui.keyword.internal.WebUIKeywordMain.stepFailed(WebUIKeywordMain.groovy:64)
	at com.kms.katalon.core.webui.keyword.builtin.VerifyTextPresentKeyword$_verifyTextPresent_closure1.doCall(VerifyTextPresentKeyword.groovy:79)
	at com.kms.katalon.core.webui.keyword.builtin.VerifyTextPresentKeyword$_verifyTextPresent_closure1.call(VerifyTextPresentKeyword.groovy)
	at com.kms.katalon.core.webui.keyword.internal.WebUIKeywordMain.runKeyword(WebUIKeywordMain.groovy:20)
	at com.kms.katalon.core.webui.keyword.builtin.VerifyTextPresentKeyword.verifyTextPresent(VerifyTextPresentKeyword.groovy:83)
	at com.kms.katalon.core.webui.keyword.builtin.VerifyTextPresentKeyword.execute(VerifyTextPresentKeyword.groovy:68)
	at com.kms.katalon.core.keyword.internal.KeywordExecutor.executeKeywordForPlatform(KeywordExecutor.groovy:60)
	at com.kms.katalon.core.webui.keyword.WebUiBuiltInKeywords.verifyTextPresent(WebUiBuiltInKeywords.groovy:1693)
	at com.kms.katalon.core.webui.keyword.WebUiBuiltInKeywords$verifyTextPresent$2.call(Unknown Source)
	at Start_Up.run(Start_Up:75)
	at com.kms.katalon.core.main.ScriptEngine.run(ScriptEngine.java:194)
	at com.kms.katalon.core.main.ScriptEngine.runScriptAsRawText(ScriptEngine.java:119)
	at com.kms.katalon.core.main.TestCaseExecutor.runScript(TestCaseExecutor.java:337)
	at com.kms.katalon.core.main.TestCaseExecutor.doExecute(TestCaseExecutor.java:328)
	at com.kms.katalon.core.main.TestCaseExecutor.processExecutionPhase(TestCaseExecutor.java:307)
	at com.kms.katalon.core.main.TestCaseExecutor.accessMainPhase(TestCaseExecutor.java:299)
	at com.kms.katalon.core.main.TestCaseExecutor.execute(TestCaseExecutor.java:233)
	at com.kms.katalon.core.main.TestCaseMain.runTestCase(TestCaseMain.java:114)
	at com.kms.katalon.core.keyword.builtin.CallTestCaseKeyword$_callTestCase_closure1.doCall(CallTestCaseKeyword.groovy:59)
	at com.kms.katalon.core.keyword.builtin.CallTestCaseKeyword$_callTestCase_closure1.call(CallTestCaseKeyword.groovy)
	at com.kms.katalon.core.keyword.internal.KeywordMain.runKeyword(KeywordMain.groovy:68)
	at com.kms.katalon.core.keyword.builtin.CallTestCaseKeyword.callTestCase(CallTestCaseKeyword.groovy:81)
	at com.kms.katalon.core.keyword.builtin.CallTestCaseKeyword.execute(CallTestCaseKeyword.groovy:44)
	at com.kms.katalon.core.keyword.internal.KeywordExecutor.executeKeywordForPlatform(KeywordExecutor.groovy:60)
	at com.kms.katalon.core.keyword.BuiltinKeywords.callTestCase(BuiltinKeywords.groovy:334)
	at Received_Negative_Review.run(Received_Negative_Review:64)
	at com.kms.katalon.core.main.ScriptEngine.run(ScriptEngine.java:194)
	at com.kms.katalon.core.main.ScriptEngine.runScriptAsRawText(ScriptEngine.java:119)
	at com.kms.katalon.core.main.TestCaseExecutor.runScript(TestCaseExecutor.java:337)
	at com.kms.katalon.core.main.TestCaseExecutor.doExecute(TestCaseExecutor.java:328)
	at com.kms.katalon.core.main.TestCaseExecutor.processExecutionPhase(TestCaseExecutor.java:307)
	at com.kms.katalon.core.main.TestCaseExecutor.accessMainPhase(TestCaseExecutor.java:299)
	at com.kms.katalon.core.main.TestCaseExecutor.execute(TestCaseExecutor.java:233)
	at com.kms.katalon.core.main.TestSuiteExecutor.accessTestCaseMainPhase(TestSuiteExecutor.java:169)
	at com.kms.katalon.core.main.TestSuiteExecutor.accessTestSuiteMainPhase(TestSuiteExecutor.java:142)
	at com.kms.katalon.core.main.TestSuiteExecutor.execute(TestSuiteExecutor.java:91)
	at com.kms.katalon.core.main.TestCaseMain.startTestSuite(TestCaseMain.java:157)
	at com.kms.katalon.core.main.TestCaseMain$startTestSuite$0.call(Unknown Source)
	at TempTestSuite1572536122144.run(TempTestSuite1572536122144.groovy:36)
)
	at com.kms.katalon.core.keyword.internal.KeywordMain.stepFailed(KeywordMain.groovy:39)
	at com.kms.katalon.core.webui.keyword.internal.WebUIKeywordMain.stepFailed(WebUIKeywordMain.groovy:64)
	at com.kms.katalon.core.webui.keyword.builtin.VerifyTextPresentKeyword$_verifyTextPresent_closure1.doCall(VerifyTextPresentKeyword.groovy:79)
	at com.kms.katalon.core.webui.keyword.builtin.VerifyTextPresentKeyword$_verifyTextPresent_closure1.call(VerifyTextPresentKeyword.groovy)
	at com.kms.katalon.core.webui.keyword.internal.WebUIKeywordMain.runKeyword(WebUIKeywordMain.groovy:20)
	at com.kms.katalon.core.webui.keyword.builtin.VerifyTextPresentKeyword.verifyTextPresent(VerifyTextPresentKeyword.groovy:83)
	at com.kms.katalon.core.webui.keyword.builtin.VerifyTextPresentKeyword.execute(VerifyTextPresentKeyword.groovy:68)
	at com.kms.katalon.core.keyword.internal.KeywordExecutor.executeKeywordForPlatform(KeywordExecutor.groovy:60)
	at com.kms.katalon.core.webui.keyword.WebUiBuiltInKeywords.verifyTextPresent(WebUiBuiltInKeywords.groovy:1693)
	at com.kms.katalon.core.webui.keyword.WebUiBuiltInKeywords$verifyTextPresent$2.call(Unknown Source)
	at Start_Up.run(Start_Up:75)
	at com.kms.katalon.core.main.ScriptEngine.run(ScriptEngine.java:194)
	at com.kms.katalon.core.main.ScriptEngine.runScriptAsRawText(ScriptEngine.java:119)
	at com.kms.katalon.core.main.TestCaseExecutor.runScript(TestCaseExecutor.java:337)
	at com.kms.katalon.core.main.TestCaseExecutor.doExecute(TestCaseExecutor.java:328)
	at com.kms.katalon.core.main.TestCaseExecutor.processExecutionPhase(TestCaseExecutor.java:307)
	at com.kms.katalon.core.main.TestCaseExecutor.accessMainPhase(TestCaseExecutor.java:299)
	at com.kms.katalon.core.main.TestCaseExecutor.execute(TestCaseExecutor.java:233)
	at com.kms.katalon.core.main.TestCaseMain.runTestCase(TestCaseMain.java:114)
	at com.kms.katalon.core.keyword.builtin.CallTestCaseKeyword$_callTestCase_closure1.doCall(CallTestCaseKeyword.groovy:59)
	... 20 more
Caused by: com.kms.katalon.core.exception.StepFailedException: Text 'EXCLUSIVE ACCESS FOR CHECKATRADE MEMBERS ONLY' is not present on page 
	... 39 more
)

2019-10-31 15:38:00 - [TEST_STEP][PASSED] - callTestCase(findTestCase("Reusable_Test_Sequences/Members_Area/log_On"), [:], OPTIONAL): Unable to call Test Case 'Test Cases/Reusable_Test_Sequences/Members_Area/log_On' (Root cause: com.kms.katalon.core.exception.StepFailedException: Call Test Case 'Test Cases/Reusable_Test_Sequences/Members_Area/log_On' failed
	at com.kms.katalon.core.keyword.builtin.CallTestCaseKeyword$_callTestCase_closure1.doCall(CallTestCaseKeyword.groovy:63)
	at com.kms.katalon.core.keyword.builtin.CallTestCaseKeyword$_callTestCase_closure1.call(CallTestCaseKeyword.groovy)
	at com.kms.katalon.core.keyword.internal.KeywordMain.runKeyword(KeywordMain.groovy:68)
	at com.kms.katalon.core.keyword.builtin.CallTestCaseKeyword.callTestCase(CallTestCaseKeyword.groovy:81)
	at com.kms.katalon.core.keyword.builtin.CallTestCaseKeyword.execute(CallTestCaseKeyword.groovy:44)
	at com.kms.katalon.core.keyword.internal.KeywordExecutor.executeKeywordForPlatform(KeywordExecutor.groovy:60)
	at com.kms.katalon.core.keyword.BuiltinKeywords.callTestCase(BuiltinKeywords.groovy:334)
	at Received_Negative_Review.run(Received_Negative_Review:70)
	at com.kms.katalon.core.main.ScriptEngine.run(ScriptEngine.java:194)
	at com.kms.katalon.core.main.ScriptEngine.runScriptAsRawText(ScriptEngine.java:119)
	at com.kms.katalon.core.main.TestCaseExecutor.runScript(TestCaseExecutor.java:337)
	at com.kms.katalon.core.main.TestCaseExecutor.doExecute(TestCaseExecutor.java:328)
	at com.kms.katalon.core.main.TestCaseExecutor.processExecutionPhase(TestCaseExecutor.java:307)
	at com.kms.katalon.core.main.TestCaseExecutor.accessMainPhase(TestCaseExecutor.java:299)
	at com.kms.katalon.core.main.TestCaseExecutor.execute(TestCaseExecutor.java:233)
	at com.kms.katalon.core.main.TestSuiteExecutor.accessTestCaseMainPhase(TestSuiteExecutor.java:169)
	at com.kms.katalon.core.main.TestSuiteExecutor.accessTestSuiteMainPhase(TestSuiteExecutor.java:142)
	at com.kms.katalon.core.main.TestSuiteExecutor.execute(TestSuiteExecutor.java:91)
	at com.kms.katalon.core.main.TestCaseMain.startTestSuite(TestCaseMain.java:157)
	at com.kms.katalon.core.main.TestCaseMain$startTestSuite$0.call(Unknown Source)
	at TempTestSuite1572536122144.run(TempTestSuite1572536122144.groovy:36)
Caused by: com.kms.katalon.core.exception.StepFailedException: Unable to click on object 'Object Repository/Members/Page_Members Area/input_Username_username' (Root cause: com.kms.katalon.core.exception.StepFailedException: Unable to click on object 'Object Repository/Members/Page_Members Area/input_Username_username'
	at com.kms.katalon.core.webui.keyword.internal.WebUIKeywordMain.stepFailed(WebUIKeywordMain.groovy:64)
	at com.kms.katalon.core.webui.keyword.internal.WebUIKeywordMain.runKeyword(WebUIKeywordMain.groovy:26)
	at com.kms.katalon.core.webui.keyword.builtin.ClickKeyword.click(ClickKeyword.groovy:79)
	at com.kms.katalon.core.webui.keyword.builtin.ClickKeyword.execute(ClickKeyword.groovy:42)
	at com.kms.katalon.core.keyword.internal.KeywordExecutor.executeKeywordForPlatform(KeywordExecutor.groovy:60)
	at com.kms.katalon.core.webui.keyword.WebUiBuiltInKeywords.click(WebUiBuiltInKeywords.groovy:616)
	at com.kms.katalon.core.webui.keyword.WebUiBuiltInKeywords$click$4.call(Unknown Source)
	at log_On.run(log_On:54)
	at com.kms.katalon.core.main.ScriptEngine.run(ScriptEngine.java:194)
	at com.kms.katalon.core.main.ScriptEngine.runScriptAsRawText(ScriptEngine.java:119)
	at com.kms.katalon.core.main.TestCaseExecutor.runScript(TestCaseExecutor.java:337)
	at com.kms.katalon.core.main.TestCaseExecutor.doExecute(TestCaseExecutor.java:328)
	at com.kms.katalon.core.main.TestCaseExecutor.processExecutionPhase(TestCaseExecutor.java:307)
	at com.kms.katalon.core.main.TestCaseExecutor.accessMainPhase(TestCaseExecutor.java:299)
	at com.kms.katalon.core.main.TestCaseExecutor.execute(TestCaseExecutor.java:233)
	at com.kms.katalon.core.main.TestCaseMain.runTestCase(TestCaseMain.java:114)
	at com.kms.katalon.core.keyword.builtin.CallTestCaseKeyword$_callTestCase_closure1.doCall(CallTestCaseKeyword.groovy:59)
	at com.kms.katalon.core.keyword.builtin.CallTestCaseKeyword$_callTestCase_closure1.call(CallTestCaseKeyword.groovy)
	at com.kms.katalon.core.keyword.internal.KeywordMain.runKeyword(KeywordMain.groovy:68)
	at com.kms.katalon.core.keyword.builtin.CallTestCaseKeyword.callTestCase(CallTestCaseKeyword.groovy:81)
	at com.kms.katalon.core.keyword.builtin.CallTestCaseKeyword.execute(CallTestCaseKeyword.groovy:44)
	at com.kms.katalon.core.keyword.internal.KeywordExecutor.executeKeywordForPlatform(KeywordExecutor.groovy:60)
	at com.kms.katalon.core.keyword.BuiltinKeywords.callTestCase(BuiltinKeywords.groovy:334)
	at Received_Negative_Review.run(Received_Negative_Review:70)
	at com.kms.katalon.core.main.ScriptEngine.run(ScriptEngine.java:194)
	at com.kms.katalon.core.main.ScriptEngine.runScriptAsRawText(ScriptEngine.java:119)
	at com.kms.katalon.core.main.TestCaseExecutor.runScript(TestCaseExecutor.java:337)
	at com.kms.katalon.core.main.TestCaseExecutor.doExecute(TestCaseExecutor.java:328)
	at com.kms.katalon.core.main.TestCaseExecutor.processExecutionPhase(TestCaseExecutor.java:307)
	at com.kms.katalon.core.main.TestCaseExecutor.accessMainPhase(TestCaseExecutor.java:299)
	at com.kms.katalon.core.main.TestCaseExecutor.execute(TestCaseExecutor.java:233)
	at com.kms.katalon.core.main.TestSuiteExecutor.accessTestCaseMainPhase(TestSuiteExecutor.java:169)
	at com.kms.katalon.core.main.TestSuiteExecutor.accessTestSuiteMainPhase(TestSuiteExecutor.java:142)
	at com.kms.katalon.core.main.TestSuiteExecutor.execute(TestSuiteExecutor.java:91)
	at com.kms.katalon.core.main.TestCaseMain.startTestSuite(TestCaseMain.java:157)
	at com.kms.katalon.core.main.TestCaseMain$startTestSuite$0.call(Unknown Source)
	at TempTestSuite1572536122144.run(TempTestSuite1572536122144.groovy:36)
Caused by: com.kms.katalon.core.webui.exception.WebElementNotFoundException: Web element with id: 'Object Repository/Members/Page_Members Area/input_Username_username' located by 'By.xpath: //input[@id = 'username' and @name = 'username' and @type = 'text']' not found
	at com.kms.katalon.core.webui.common.WebUiCommonHelper.findWebElement(WebUiCommonHelper.java:1113)
	at com.kms.katalon.core.webui.keyword.internal.WebUIAbstractKeyword.findWebElement(WebUIAbstractKeyword.groovy:27)
	at com.kms.katalon.core.webui.keyword.internal.WebUIAbstractKeyword.findWebElement(WebUIAbstractKeyword.groovy:26)
	at com.kms.katalon.core.webui.keyword.builtin.ClickKeyword$_click_closure1.doCall(ClickKeyword.groovy:52)
	at com.kms.katalon.core.webui.keyword.builtin.ClickKeyword$_click_closure1.call(ClickKeyword.groovy)
	at com.kms.katalon.core.webui.keyword.internal.WebUIKeywordMain.runKeyword(WebUIKeywordMain.groovy:20)
	at com.kms.katalon.core.webui.keyword.builtin.ClickKeyword.click(ClickKeyword.groovy:79)
	at com.kms.katalon.core.webui.keyword.builtin.ClickKeyword.execute(ClickKeyword.groovy:42)
	at com.kms.katalon.core.keyword.internal.KeywordExecutor.executeKeywordForPlatform(KeywordExecutor.groovy:60)
	at com.kms.katalon.core.webui.keyword.WebUiBuiltInKeywords.click(WebUiBuiltInKeywords.groovy:616)
	at com.kms.katalon.core.webui.keyword.WebUiBuiltInKeywords$click$4.call(Unknown Source)
	at Script1568110348104.run(Script1568110348104.groovy:54)
	at com.kms.katalon.core.main.ScriptEngine.run(ScriptEngine.java:194)
	at com.kms.katalon.core.main.ScriptEngine.runScriptAsRawText(ScriptEngine.java:119)
	at com.kms.katalon.core.main.TestCaseExecutor.runScript(TestCaseExecutor.java:337)
	at com.kms.katalon.core.main.TestCaseExecutor.doExecute(TestCaseExecutor.java:328)
	at com.kms.katalon.core.main.TestCaseExecutor.processExecutionPhase(TestCaseExecutor.java:307)
	at com.kms.katalon.core.main.TestCaseExecutor.accessMainPhase(TestCaseExecutor.java:299)
	at com.kms.katalon.core.main.TestCaseExecutor.execute(TestCaseExecutor.java:233)
	at com.kms.katalon.core.main.TestCaseMain.runTestCase(TestCaseMain.java:114)
	at com.kms.katalon.core.keyword.builtin.CallTestCaseKeyword$_callTestCase_closure1.doCall(CallTestCaseKeyword.groovy:59)
	at com.kms.katalon.core.keyword.builtin.CallTestCaseKeyword$_callTestCase_closure1.call(CallTestCaseKeyword.groovy)
	at com.kms.katalon.core.keyword.internal.KeywordMain.runKeyword(KeywordMain.groovy:68)
	at com.kms.katalon.core.keyword.builtin.CallTestCaseKeyword.callTestCase(CallTestCaseKeyword.groovy:81)
	at com.kms.katalon.core.keyword.builtin.CallTestCaseKeyword.execute(CallTestCaseKeyword.groovy:44)
	at com.kms.katalon.core.keyword.internal.KeywordExecutor.executeKeywordForPlatform(KeywordExecutor.groovy:60)
	at com.kms.katalon.core.keyword.BuiltinKeywords.callTestCase(BuiltinKeywords.groovy:334)
	at Script1569934034932.run(Script1569934034932.groovy:70)
	... 13 more
)
	at com.kms.katalon.core.keyword.internal.KeywordMain.stepFailed(KeywordMain.groovy:39)
	at com.kms.katalon.core.webui.keyword.internal.WebUIKeywordMain.stepFailed(WebUIKeywordMain.groovy:64)
	at com.kms.katalon.core.webui.keyword.internal.WebUIKeywordMain.runKeyword(WebUIKeywordMain.groovy:26)
	at com.kms.katalon.core.webui.keyword.builtin.ClickKeyword.click(ClickKeyword.groovy:79)
	at com.kms.katalon.core.webui.keyword.builtin.ClickKeyword.execute(ClickKeyword.groovy:42)
	at com.kms.katalon.core.keyword.internal.KeywordExecutor.executeKeywordForPlatform(KeywordExecutor.groovy:60)
	at com.kms.katalon.core.webui.keyword.WebUiBuiltInKeywords.click(WebUiBuiltInKeywords.groovy:616)
	at com.kms.katalon.core.webui.keyword.WebUiBuiltInKeywords$click$4.call(Unknown Source)
	at log_On.run(log_On:54)
	at com.kms.katalon.core.main.ScriptEngine.run(ScriptEngine.java:194)
	at com.kms.katalon.core.main.ScriptEngine.runScriptAsRawText(ScriptEngine.java:119)
	at com.kms.katalon.core.main.TestCaseExecutor.runScript(TestCaseExecutor.java:337)
	at com.kms.katalon.core.main.TestCaseExecutor.doExecute(TestCaseExecutor.java:328)
	at com.kms.katalon.core.main.TestCaseExecutor.processExecutionPhase(TestCaseExecutor.java:307)
	at com.kms.katalon.core.main.TestCaseExecutor.accessMainPhase(TestCaseExecutor.java:299)
	at com.kms.katalon.core.main.TestCaseExecutor.execute(TestCaseExecutor.java:233)
	at com.kms.katalon.core.main.TestCaseMain.runTestCase(TestCaseMain.java:114)
	at com.kms.katalon.core.keyword.builtin.CallTestCaseKeyword$_callTestCase_closure1.doCall(CallTestCaseKeyword.groovy:59)
	... 20 more
Caused by: com.kms.katalon.core.exception.StepFailedException: Unable to click on object 'Object Repository/Members/Page_Members Area/input_Username_username'
	... 37 more
Caused by: com.kms.katalon.core.webui.exception.WebElementNotFoundException: Web element with id: 'Object Repository/Members/Page_Members Area/input_Username_username' located by 'By.xpath: //input[@id = 'username' and @name = 'username' and @type = 'text']' not found
	at com.kms.katalon.core.webui.common.WebUiCommonHelper.findWebElement(WebUiCommonHelper.java:1113)
	at com.kms.katalon.core.webui.keyword.internal.WebUIAbstractKeyword.findWebElement(WebUIAbstractKeyword.groovy:27)
	at com.kms.katalon.core.webui.keyword.internal.WebUIAbstractKeyword.findWebElement(WebUIAbstractKeyword.groovy:26)
	at com.kms.katalon.core.webui.keyword.builtin.ClickKeyword$_click_closure1.doCall(ClickKeyword.groovy:52)
	at com.kms.katalon.core.webui.keyword.builtin.ClickKeyword$_click_closure1.call(ClickKeyword.groovy)
	at com.kms.katalon.core.webui.keyword.internal.WebUIKeywordMain.runKeyword(WebUIKeywordMain.groovy:20)
	... 35 more
)

2019-10-31 15:38:00 - [TEST_CASE][FAILED] - Test Cases/Reusable_Test_Sequences/Members_Area/log_On: Test Cases/Reusable_Test_Sequences/Members_Area/log_On FAILED.
Reason:
com.kms.katalon.core.exception.StepFailedException: Unable to click on object 'Object Repository/Members/Page_Members Area/input_Username_username' (Root cause: com.kms.katalon.core.exception.StepFailedException: Unable to click on object 'Object Repository/Members/Page_Members Area/input_Username_username'
	at com.kms.katalon.core.webui.keyword.internal.WebUIKeywordMain.stepFailed(WebUIKeywordMain.groovy:64)
	at com.kms.katalon.core.webui.keyword.internal.WebUIKeywordMain.runKeyword(WebUIKeywordMain.groovy:26)
	at com.kms.katalon.core.webui.keyword.builtin.ClickKeyword.click(ClickKeyword.groovy:79)
	at com.kms.katalon.core.webui.keyword.builtin.ClickKeyword.execute(ClickKeyword.groovy:42)
	at com.kms.katalon.core.keyword.internal.KeywordExecutor.executeKeywordForPlatform(KeywordExecutor.groovy:60)
	at com.kms.katalon.core.webui.keyword.WebUiBuiltInKeywords.click(WebUiBuiltInKeywords.groovy:616)
	at com.kms.katalon.core.webui.keyword.WebUiBuiltInKeywords$click$4.call(Unknown Source)
	at log_On.run(log_On:54)
	at com.kms.katalon.core.main.ScriptEngine.run(ScriptEngine.java:194)
	at com.kms.katalon.core.main.ScriptEngine.runScriptAsRawText(ScriptEngine.java:119)
	at com.kms.katalon.core.main.TestCaseExecutor.runScript(TestCaseExecutor.java:337)
	at com.kms.katalon.core.main.TestCaseExecutor.doExecute(TestCaseExecutor.java:328)
	at com.kms.katalon.core.main.TestCaseExecutor.processExecutionPhase(TestCaseExecutor.java:307)
	at com.kms.katalon.core.main.TestCaseExecutor.accessMainPhase(TestCaseExecutor.java:299)
	at com.kms.katalon.core.main.TestCaseExecutor.execute(TestCaseExecutor.java:233)
	at com.kms.katalon.core.main.TestCaseMain.runTestCase(TestCaseMain.java:114)
	at com.kms.katalon.core.keyword.builtin.CallTestCaseKeyword$_callTestCase_closure1.doCall(CallTestCaseKeyword.groovy:59)
	at com.kms.katalon.core.keyword.builtin.CallTestCaseKeyword$_callTestCase_closure1.call(CallTestCaseKeyword.groovy)
	at com.kms.katalon.core.keyword.internal.KeywordMain.runKeyword(KeywordMain.groovy:68)
	at com.kms.katalon.core.keyword.builtin.CallTestCaseKeyword.callTestCase(CallTestCaseKeyword.groovy:81)
	at com.kms.katalon.core.keyword.builtin.CallTestCaseKeyword.execute(CallTestCaseKeyword.groovy:44)
	at com.kms.katalon.core.keyword.internal.KeywordExecutor.executeKeywordForPlatform(KeywordExecutor.groovy:60)
	at com.kms.katalon.core.keyword.BuiltinKeywords.callTestCase(BuiltinKeywords.groovy:334)
	at Received_Negative_Review.run(Received_Negative_Review:70)
	at com.kms.katalon.core.main.ScriptEngine.run(ScriptEngine.java:194)
	at com.kms.katalon.core.main.ScriptEngine.runScriptAsRawText(ScriptEngine.java:119)
	at com.kms.katalon.core.main.TestCaseExecutor.runScript(TestCaseExecutor.java:337)
	at com.kms.katalon.core.main.TestCaseExecutor.doExecute(TestCaseExecutor.java:328)
	at com.kms.katalon.core.main.TestCaseExecutor.processExecutionPhase(TestCaseExecutor.java:307)
	at com.kms.katalon.core.main.TestCaseExecutor.accessMainPhase(TestCaseExecutor.java:299)
	at com.kms.katalon.core.main.TestCaseExecutor.execute(TestCaseExecutor.java:233)
	at com.kms.katalon.core.main.TestSuiteExecutor.accessTestCaseMainPhase(TestSuiteExecutor.java:169)
	at com.kms.katalon.core.main.TestSuiteExecutor.accessTestSuiteMainPhase(TestSuiteExecutor.java:142)
	at com.kms.katalon.core.main.TestSuiteExecutor.execute(TestSuiteExecutor.java:91)
	at com.kms.katalon.core.main.TestCaseMain.startTestSuite(TestCaseMain.java:157)
	at com.kms.katalon.core.main.TestCaseMain$startTestSuite$0.call(Unknown Source)
	at TempTestSuite1572536122144.run(TempTestSuite1572536122144.groovy:36)
Caused by: com.kms.katalon.core.webui.exception.WebElementNotFoundException: Web element with id: 'Object Repository/Members/Page_Members Area/input_Username_username' located by 'By.xpath: //input[@id = 'username' and @name = 'username' and @type = 'text']' not found
	at com.kms.katalon.core.webui.common.WebUiCommonHelper.findWebElement(WebUiCommonHelper.java:1113)
	at com.kms.katalon.core.webui.keyword.internal.WebUIAbstractKeyword.findWebElement(WebUIAbstractKeyword.groovy:27)
	at com.kms.katalon.core.webui.keyword.internal.WebUIAbstractKeyword.findWebElement(WebUIAbstractKeyword.groovy:26)
	at com.kms.katalon.core.webui.keyword.builtin.ClickKeyword$_click_closure1.doCall(ClickKeyword.groovy:52)
	at com.kms.katalon.core.webui.keyword.builtin.ClickKeyword$_click_closure1.call(ClickKeyword.groovy)
	at com.kms.katalon.core.webui.keyword.internal.WebUIKeywordMain.runKeyword(WebUIKeywordMain.groovy:20)
	at com.kms.katalon.core.webui.keyword.builtin.ClickKeyword.click(ClickKeyword.groovy:79)
	at com.kms.katalon.core.webui.keyword.builtin.ClickKeyword.execute(ClickKeyword.groovy:42)
	at com.kms.katalon.core.keyword.internal.KeywordExecutor.executeKeywordForPlatform(KeywordExecutor.groovy:60)
	at com.kms.katalon.core.webui.keyword.WebUiBuiltInKeywords.click(WebUiBuiltInKeywords.groovy:616)
	at com.kms.katalon.core.webui.keyword.WebUiBuiltInKeywords$click$4.call(Unknown Source)
	at Script1568110348104.run(Script1568110348104.groovy:54)
	at com.kms.katalon.core.main.ScriptEngine.run(ScriptEngine.java:194)
	at com.kms.katalon.core.main.ScriptEngine.runScriptAsRawText(ScriptEngine.java:119)
	at com.kms.katalon.core.main.TestCaseExecutor.runScript(TestCaseExecutor.java:337)
	at com.kms.katalon.core.main.TestCaseExecutor.doExecute(TestCaseExecutor.java:328)
	at com.kms.katalon.core.main.TestCaseExecutor.processExecutionPhase(TestCaseExecutor.java:307)
	at com.kms.katalon.core.main.TestCaseExecutor.accessMainPhase(TestCaseExecutor.java:299)
	at com.kms.katalon.core.main.TestCaseExecutor.execute(TestCaseExecutor.java:233)
	at com.kms.katalon.core.main.TestCaseMain.runTestCase(TestCaseMain.java:114)
	at com.kms.katalon.core.keyword.builtin.CallTestCaseKeyword$_callTestCase_closure1.doCall(CallTestCaseKeyword.groovy:59)
	at com.kms.katalon.core.keyword.builtin.CallTestCaseKeyword$_callTestCase_closure1.call(CallTestCaseKeyword.groovy)
	at com.kms.katalon.core.keyword.internal.KeywordMain.runKeyword(KeywordMain.groovy:68)
	at com.kms.katalon.core.keyword.builtin.CallTestCaseKeyword.callTestCase(CallTestCaseKeyword.groovy:81)
	at com.kms.katalon.core.keyword.builtin.CallTestCaseKeyword.execute(CallTestCaseKeyword.groovy:44)
	at com.kms.katalon.core.keyword.internal.KeywordExecutor.executeKeywordForPlatform(KeywordExecutor.groovy:60)
	at com.kms.katalon.core.keyword.BuiltinKeywords.callTestCase(BuiltinKeywords.groovy:334)
	at Script1569934034932.run(Script1569934034932.groovy:70)
	... 13 more
)
	at com.kms.katalon.core.keyword.internal.KeywordMain.stepFailed(KeywordMain.groovy:39)
	at com.kms.katalon.core.webui.keyword.internal.WebUIKeywordMain.stepFailed(WebUIKeywordMain.groovy:64)
	at com.kms.katalon.core.webui.keyword.internal.WebUIKeywordMain.runKeyword(WebUIKeywordMain.groovy:26)
	at com.kms.katalon.core.webui.keyword.builtin.ClickKeyword.click(ClickKeyword.groovy:79)
	at com.kms.katalon.core.webui.keyword.builtin.ClickKeyword.execute(ClickKeyword.groovy:42)
	at com.kms.katalon.core.keyword.internal.KeywordExecutor.executeKeywordForPlatform(KeywordExecutor.groovy:60)
	at com.kms.katalon.core.webui.keyword.WebUiBuiltInKeywords.click(WebUiBuiltInKeywords.groovy:616)
	at com.kms.katalon.core.webui.keyword.WebUiBuiltInKeywords$click$4.call(Unknown Source)
	at log_On.run(log_On:54)
	at com.kms.katalon.core.main.ScriptEngine.run(ScriptEngine.java:194)
	at com.kms.katalon.core.main.ScriptEngine.runScriptAsRawText(ScriptEngine.java:119)
	at com.kms.katalon.core.main.TestCaseExecutor.runScript(TestCaseExecutor.java:337)
	at com.kms.katalon.core.main.TestCaseExecutor.doExecute(TestCaseExecutor.java:328)
	at com.kms.katalon.core.main.TestCaseExecutor.processExecutionPhase(TestCaseExecutor.java:307)
	at com.kms.katalon.core.main.TestCaseExecutor.accessMainPhase(TestCaseExecutor.java:299)
	at com.kms.katalon.core.main.TestCaseExecutor.execute(TestCaseExecutor.java:233)
	at com.kms.katalon.core.main.TestCaseMain.runTestCase(TestCaseMain.java:114)
	at com.kms.katalon.core.keyword.builtin.CallTestCaseKeyword$_callTestCase_closure1.doCall(CallTestCaseKeyword.groovy:59)
	at com.kms.katalon.core.keyword.builtin.CallTestCaseKeyword$_callTestCase_closure1.call(CallTestCaseKeyword.groovy)
	at com.kms.katalon.core.keyword.internal.KeywordMain.runKeyword(KeywordMain.groovy:68)
	at com.kms.katalon.core.keyword.builtin.CallTestCaseKeyword.callTestCase(CallTestCaseKeyword.groovy:81)
	at com.kms.katalon.core.keyword.builtin.CallTestCaseKeyword.execute(CallTestCaseKeyword.groovy:44)
	at com.kms.katalon.core.keyword.internal.KeywordExecutor.executeKeywordForPlatform(KeywordExecutor.groovy:60)
	at com.kms.katalon.core.keyword.BuiltinKeywords.callTestCase(BuiltinKeywords.groovy:334)
	at Received_Negative_Review.run(Received_Negative_Review:70)
	at com.kms.katalon.core.main.ScriptEngine.run(ScriptEngine.java:194)
	at com.kms.katalon.core.main.ScriptEngine.runScriptAsRawText(ScriptEngine.java:119)
	at com.kms.katalon.core.main.TestCaseExecutor.runScript(TestCaseExecutor.java:337)
	at com.kms.katalon.core.main.TestCaseExecutor.doExecute(TestCaseExecutor.java:328)
	at com.kms.katalon.core.main.TestCaseExecutor.processExecutionPhase(TestCaseExecutor.java:307)
	at com.kms.katalon.core.main.TestCaseExecutor.accessMainPhase(TestCaseExecutor.java:299)
	at com.kms.katalon.core.main.TestCaseExecutor.execute(TestCaseExecutor.java:233)
	at com.kms.katalon.core.main.TestSuiteExecutor.accessTestCaseMainPhase(TestSuiteExecutor.java:169)
	at com.kms.katalon.core.main.TestSuiteExecutor.accessTestSuiteMainPhase(TestSuiteExecutor.java:142)
	at com.kms.katalon.core.main.TestSuiteExecutor.execute(TestSuiteExecutor.java:91)
	at com.kms.katalon.core.main.TestCaseMain.startTestSuite(TestCaseMain.java:157)
	at com.kms.katalon.core.main.TestCaseMain$startTestSuite$0.call(Unknown Source)
	at TempTestSuite1572536122144.run(TempTestSuite1572536122144.groovy:36)
Caused by: com.kms.katalon.core.exception.StepFailedException: Unable to click on object 'Object Repository/Members/Page_Members Area/input_Username_username'
	... 37 more
Caused by: com.kms.katalon.core.webui.exception.WebElementNotFoundException: Web element with id: 'Object Repository/Members/Page_Members Area/input_Username_username' located by 'By.xpath: //input[@id = 'username' and @name = 'username' and @type = 'text']' not found
	at com.kms.katalon.core.webui.common.WebUiCommonHelper.findWebElement(WebUiCommonHelper.java:1113)
	at com.kms.katalon.core.webui.keyword.internal.WebUIAbstractKeyword.findWebElement(WebUIAbstractKeyword.groovy:27)
	at com.kms.katalon.core.webui.keyword.internal.WebUIAbstractKeyword.findWebElement(WebUIAbstractKeyword.groovy:26)
	at com.kms.katalon.core.webui.keyword.builtin.ClickKeyword$_click_closure1.doCall(ClickKeyword.groovy:52)
	at com.kms.katalon.core.webui.keyword.builtin.ClickKeyword$_click_closure1.call(ClickKeyword.groovy)
	at com.kms.katalon.core.webui.keyword.internal.WebUIKeywordMain.runKeyword(WebUIKeywordMain.groovy:20)
	... 35 more


2019-10-31 15:38:00 - [TEST_STEP][PASSED] - waitForElementPresent(findTestObject("Object Repository/Members/Page_Members Area/button_Log in"), 10): Object 'Object Repository/Members/Page_Members Area/button_Log in' is not present after 10 second(s)

2019-10-31 15:38:11 - [MESSAGE][INFO] - Unable to find the element located by 'By.xpath: //button[@type = 'submit' and (text() = ' Log in ' or . = ' Log in ')]'. Please recheck the objects properties to make sure the desired element is located. 

2019-10-31 15:38:11 - [MESSAGE][WARNING] - Object 'Object Repository/Members/Page_Members Area/button_Log in' is not present after 10 second(s)

2019-10-31 15:38:11 - [TEST_STEP][FAILED] - click(findTestObject("Object Repository/Members/Page_Members Area/input_Username_username")): Unable to click on object 'Object Repository/Members/Page_Members Area/input_Username_username' (Root cause: com.kms.katalon.core.exception.StepFailedException: Unable to click on object 'Object Repository/Members/Page_Members Area/input_Username_username'
	at com.kms.katalon.core.webui.keyword.internal.WebUIKeywordMain.stepFailed(WebUIKeywordMain.groovy:64)
	at com.kms.katalon.core.webui.keyword.internal.WebUIKeywordMain.runKeyword(WebUIKeywordMain.groovy:26)
	at com.kms.katalon.core.webui.keyword.builtin.ClickKeyword.click(ClickKeyword.groovy:79)
	at com.kms.katalon.core.webui.keyword.builtin.ClickKeyword.execute(ClickKeyword.groovy:42)
	at com.kms.katalon.core.keyword.internal.KeywordExecutor.executeKeywordForPlatform(KeywordExecutor.groovy:60)
	at com.kms.katalon.core.webui.keyword.WebUiBuiltInKeywords.click(WebUiBuiltInKeywords.groovy:616)
	at com.kms.katalon.core.webui.keyword.WebUiBuiltInKeywords$click$4.call(Unknown Source)
	at log_On.run(log_On:54)
	at com.kms.katalon.core.main.ScriptEngine.run(ScriptEngine.java:194)
	at com.kms.katalon.core.main.ScriptEngine.runScriptAsRawText(ScriptEngine.java:119)
	at com.kms.katalon.core.main.TestCaseExecutor.runScript(TestCaseExecutor.java:337)
	at com.kms.katalon.core.main.TestCaseExecutor.doExecute(TestCaseExecutor.java:328)
	at com.kms.katalon.core.main.TestCaseExecutor.processExecutionPhase(TestCaseExecutor.java:307)
	at com.kms.katalon.core.main.TestCaseExecutor.accessMainPhase(TestCaseExecutor.java:299)
	at com.kms.katalon.core.main.TestCaseExecutor.execute(TestCaseExecutor.java:233)
	at com.kms.katalon.core.main.TestCaseMain.runTestCase(TestCaseMain.java:114)
	at com.kms.katalon.core.keyword.builtin.CallTestCaseKeyword$_callTestCase_closure1.doCall(CallTestCaseKeyword.groovy:59)
	at com.kms.katalon.core.keyword.builtin.CallTestCaseKeyword$_callTestCase_closure1.call(CallTestCaseKeyword.groovy)
	at com.kms.katalon.core.keyword.internal.KeywordMain.runKeyword(KeywordMain.groovy:68)
	at com.kms.katalon.core.keyword.builtin.CallTestCaseKeyword.callTestCase(CallTestCaseKeyword.groovy:81)
	at com.kms.katalon.core.keyword.builtin.CallTestCaseKeyword.execute(CallTestCaseKeyword.groovy:44)
	at com.kms.katalon.core.keyword.internal.KeywordExecutor.executeKeywordForPlatform(KeywordExecutor.groovy:60)
	at com.kms.katalon.core.keyword.BuiltinKeywords.callTestCase(BuiltinKeywords.groovy:334)
	at Received_Negative_Review.run(Received_Negative_Review:70)
	at com.kms.katalon.core.main.ScriptEngine.run(ScriptEngine.java:194)
	at com.kms.katalon.core.main.ScriptEngine.runScriptAsRawText(ScriptEngine.java:119)
	at com.kms.katalon.core.main.TestCaseExecutor.runScript(TestCaseExecutor.java:337)
	at com.kms.katalon.core.main.TestCaseExecutor.doExecute(TestCaseExecutor.java:328)
	at com.kms.katalon.core.main.TestCaseExecutor.processExecutionPhase(TestCaseExecutor.java:307)
	at com.kms.katalon.core.main.TestCaseExecutor.accessMainPhase(TestCaseExecutor.java:299)
	at com.kms.katalon.core.main.TestCaseExecutor.execute(TestCaseExecutor.java:233)
	at com.kms.katalon.core.main.TestSuiteExecutor.accessTestCaseMainPhase(TestSuiteExecutor.java:169)
	at com.kms.katalon.core.main.TestSuiteExecutor.accessTestSuiteMainPhase(TestSuiteExecutor.java:142)
	at com.kms.katalon.core.main.TestSuiteExecutor.execute(TestSuiteExecutor.java:91)
	at com.kms.katalon.core.main.TestCaseMain.startTestSuite(TestCaseMain.java:157)
	at com.kms.katalon.core.main.TestCaseMain$startTestSuite$0.call(Unknown Source)
	at TempTestSuite1572536122144.run(TempTestSuite1572536122144.groovy:36)
Caused by: com.kms.katalon.core.webui.exception.WebElementNotFoundException: Web element with id: 'Object Repository/Members/Page_Members Area/input_Username_username' located by 'By.xpath: //input[@id = 'username' and @name = 'username' and @type = 'text']' not found
	at com.kms.katalon.core.webui.common.WebUiCommonHelper.findWebElement(WebUiCommonHelper.java:1113)
	at com.kms.katalon.core.webui.keyword.internal.WebUIAbstractKeyword.findWebElement(WebUIAbstractKeyword.groovy:27)
	at com.kms.katalon.core.webui.keyword.internal.WebUIAbstractKeyword.findWebElement(WebUIAbstractKeyword.groovy:26)
	at com.kms.katalon.core.webui.keyword.builtin.ClickKeyword$_click_closure1.doCall(ClickKeyword.groovy:52)
	at com.kms.katalon.core.webui.keyword.builtin.ClickKeyword$_click_closure1.call(ClickKeyword.groovy)
	at com.kms.katalon.core.webui.keyword.internal.WebUIKeywordMain.runKeyword(WebUIKeywordMain.groovy:20)
	at com.kms.katalon.core.webui.keyword.builtin.ClickKeyword.click(ClickKeyword.groovy:79)
	at com.kms.katalon.core.webui.keyword.builtin.ClickKeyword.execute(ClickKeyword.groovy:42)
	at com.kms.katalon.core.keyword.internal.KeywordExecutor.executeKeywordForPlatform(KeywordExecutor.groovy:60)
	at com.kms.katalon.core.webui.keyword.WebUiBuiltInKeywords.click(WebUiBuiltInKeywords.groovy:616)
	at com.kms.katalon.core.webui.keyword.WebUiBuiltInKeywords$click$4.call(Unknown Source)
	at Script1568110348104.run(Script1568110348104.groovy:54)
	at com.kms.katalon.core.main.ScriptEngine.run(ScriptEngine.java:194)
	at com.kms.katalon.core.main.ScriptEngine.runScriptAsRawText(ScriptEngine.java:119)
	at com.kms.katalon.core.main.TestCaseExecutor.runScript(TestCaseExecutor.java:337)
	at com.kms.katalon.core.main.TestCaseExecutor.doExecute(TestCaseExecutor.java:328)
	at com.kms.katalon.core.main.TestCaseExecutor.processExecutionPhase(TestCaseExecutor.java:307)
	at com.kms.katalon.core.main.TestCaseExecutor.accessMainPhase(TestCaseExecutor.java:299)
	at com.kms.katalon.core.main.TestCaseExecutor.execute(TestCaseExecutor.java:233)
	at com.kms.katalon.core.main.TestCaseMain.runTestCase(TestCaseMain.java:114)
	at com.kms.katalon.core.keyword.builtin.CallTestCaseKeyword$_callTestCase_closure1.doCall(CallTestCaseKeyword.groovy:59)
	at com.kms.katalon.core.keyword.builtin.CallTestCaseKeyword$_callTestCase_closure1.call(CallTestCaseKeyword.groovy)
	at com.kms.katalon.core.keyword.internal.KeywordMain.runKeyword(KeywordMain.groovy:68)
	at com.kms.katalon.core.keyword.builtin.CallTestCaseKeyword.callTestCase(CallTestCaseKeyword.groovy:81)
	at com.kms.katalon.core.keyword.builtin.CallTestCaseKeyword.execute(CallTestCaseKeyword.groovy:44)
	at com.kms.katalon.core.keyword.internal.KeywordExecutor.executeKeywordForPlatform(KeywordExecutor.groovy:60)
	at com.kms.katalon.core.keyword.BuiltinKeywords.callTestCase(BuiltinKeywords.groovy:334)
	at Script1569934034932.run(Script1569934034932.groovy:70)
	... 13 more
)

2019-10-31 15:38:43 - [MESSAGE][INFO] - Unable to find the element located by 'By.xpath: //input[@id = 'username' and @name = 'username' and @type = 'text']'. Please recheck the objects properties to make sure the desired element is located. 

2019-10-31 15:38:44 - [MESSAGE][FAILED] - Unable to click on object 'Object Repository/Members/Page_Members Area/input_Username_username' (Root cause: com.kms.katalon.core.exception.StepFailedException: Unable to click on object 'Object Repository/Members/Page_Members Area/input_Username_username'
	at com.kms.katalon.core.webui.keyword.internal.WebUIKeywordMain.stepFailed(WebUIKeywordMain.groovy:64)
	at com.kms.katalon.core.webui.keyword.internal.WebUIKeywordMain.runKeyword(WebUIKeywordMain.groovy:26)
	at com.kms.katalon.core.webui.keyword.builtin.ClickKeyword.click(ClickKeyword.groovy:79)
	at com.kms.katalon.core.webui.keyword.builtin.ClickKeyword.execute(ClickKeyword.groovy:42)
	at com.kms.katalon.core.keyword.internal.KeywordExecutor.executeKeywordForPlatform(KeywordExecutor.groovy:60)
	at com.kms.katalon.core.webui.keyword.WebUiBuiltInKeywords.click(WebUiBuiltInKeywords.groovy:616)
	at com.kms.katalon.core.webui.keyword.WebUiBuiltInKeywords$click$4.call(Unknown Source)
	at log_On.run(log_On:54)
	at com.kms.katalon.core.main.ScriptEngine.run(ScriptEngine.java:194)
	at com.kms.katalon.core.main.ScriptEngine.runScriptAsRawText(ScriptEngine.java:119)
	at com.kms.katalon.core.main.TestCaseExecutor.runScript(TestCaseExecutor.java:337)
	at com.kms.katalon.core.main.TestCaseExecutor.doExecute(TestCaseExecutor.java:328)
	at com.kms.katalon.core.main.TestCaseExecutor.processExecutionPhase(TestCaseExecutor.java:307)
	at com.kms.katalon.core.main.TestCaseExecutor.accessMainPhase(TestCaseExecutor.java:299)
	at com.kms.katalon.core.main.TestCaseExecutor.execute(TestCaseExecutor.java:233)
	at com.kms.katalon.core.main.TestCaseMain.runTestCase(TestCaseMain.java:114)
	at com.kms.katalon.core.keyword.builtin.CallTestCaseKeyword$_callTestCase_closure1.doCall(CallTestCaseKeyword.groovy:59)
	at com.kms.katalon.core.keyword.builtin.CallTestCaseKeyword$_callTestCase_closure1.call(CallTestCaseKeyword.groovy)
	at com.kms.katalon.core.keyword.internal.KeywordMain.runKeyword(KeywordMain.groovy:68)
	at com.kms.katalon.core.keyword.builtin.CallTestCaseKeyword.callTestCase(CallTestCaseKeyword.groovy:81)
	at com.kms.katalon.core.keyword.builtin.CallTestCaseKeyword.execute(CallTestCaseKeyword.groovy:44)
	at com.kms.katalon.core.keyword.internal.KeywordExecutor.executeKeywordForPlatform(KeywordExecutor.groovy:60)
	at com.kms.katalon.core.keyword.BuiltinKeywords.callTestCase(BuiltinKeywords.groovy:334)
	at Received_Negative_Review.run(Received_Negative_Review:70)
	at com.kms.katalon.core.main.ScriptEngine.run(ScriptEngine.java:194)
	at com.kms.katalon.core.main.ScriptEngine.runScriptAsRawText(ScriptEngine.java:119)
	at com.kms.katalon.core.main.TestCaseExecutor.runScript(TestCaseExecutor.java:337)
	at com.kms.katalon.core.main.TestCaseExecutor.doExecute(TestCaseExecutor.java:328)
	at com.kms.katalon.core.main.TestCaseExecutor.processExecutionPhase(TestCaseExecutor.java:307)
	at com.kms.katalon.core.main.TestCaseExecutor.accessMainPhase(TestCaseExecutor.java:299)
	at com.kms.katalon.core.main.TestCaseExecutor.execute(TestCaseExecutor.java:233)
	at com.kms.katalon.core.main.TestSuiteExecutor.accessTestCaseMainPhase(TestSuiteExecutor.java:169)
	at com.kms.katalon.core.main.TestSuiteExecutor.accessTestSuiteMainPhase(TestSuiteExecutor.java:142)
	at com.kms.katalon.core.main.TestSuiteExecutor.execute(TestSuiteExecutor.java:91)
	at com.kms.katalon.core.main.TestCaseMain.startTestSuite(TestCaseMain.java:157)
	at com.kms.katalon.core.main.TestCaseMain$startTestSuite$0.call(Unknown Source)
	at TempTestSuite1572536122144.run(TempTestSuite1572536122144.groovy:36)
Caused by: com.kms.katalon.core.webui.exception.WebElementNotFoundException: Web element with id: 'Object Repository/Members/Page_Members Area/input_Username_username' located by 'By.xpath: //input[@id = 'username' and @name = 'username' and @type = 'text']' not found
	at com.kms.katalon.core.webui.common.WebUiCommonHelper.findWebElement(WebUiCommonHelper.java:1113)
	at com.kms.katalon.core.webui.keyword.internal.WebUIAbstractKeyword.findWebElement(WebUIAbstractKeyword.groovy:27)
	at com.kms.katalon.core.webui.keyword.internal.WebUIAbstractKeyword.findWebElement(WebUIAbstractKeyword.groovy:26)
	at com.kms.katalon.core.webui.keyword.builtin.ClickKeyword$_click_closure1.doCall(ClickKeyword.groovy:52)
	at com.kms.katalon.core.webui.keyword.builtin.ClickKeyword$_click_closure1.call(ClickKeyword.groovy)
	at com.kms.katalon.core.webui.keyword.internal.WebUIKeywordMain.runKeyword(WebUIKeywordMain.groovy:20)
	at com.kms.katalon.core.webui.keyword.builtin.ClickKeyword.click(ClickKeyword.groovy:79)
	at com.kms.katalon.core.webui.keyword.builtin.ClickKeyword.execute(ClickKeyword.groovy:42)
	at com.kms.katalon.core.keyword.internal.KeywordExecutor.executeKeywordForPlatform(KeywordExecutor.groovy:60)
	at com.kms.katalon.core.webui.keyword.WebUiBuiltInKeywords.click(WebUiBuiltInKeywords.groovy:616)
	at com.kms.katalon.core.webui.keyword.WebUiBuiltInKeywords$click$4.call(Unknown Source)
	at Script1568110348104.run(Script1568110348104.groovy:54)
	at com.kms.katalon.core.main.ScriptEngine.run(ScriptEngine.java:194)
	at com.kms.katalon.core.main.ScriptEngine.runScriptAsRawText(ScriptEngine.java:119)
	at com.kms.katalon.core.main.TestCaseExecutor.runScript(TestCaseExecutor.java:337)
	at com.kms.katalon.core.main.TestCaseExecutor.doExecute(TestCaseExecutor.java:328)
	at com.kms.katalon.core.main.TestCaseExecutor.processExecutionPhase(TestCaseExecutor.java:307)
	at com.kms.katalon.core.main.TestCaseExecutor.accessMainPhase(TestCaseExecutor.java:299)
	at com.kms.katalon.core.main.TestCaseExecutor.execute(TestCaseExecutor.java:233)
	at com.kms.katalon.core.main.TestCaseMain.runTestCase(TestCaseMain.java:114)
	at com.kms.katalon.core.keyword.builtin.CallTestCaseKeyword$_callTestCase_closure1.doCall(CallTestCaseKeyword.groovy:59)
	at com.kms.katalon.core.keyword.builtin.CallTestCaseKeyword$_callTestCase_closure1.call(CallTestCaseKeyword.groovy)
	at com.kms.katalon.core.keyword.internal.KeywordMain.runKeyword(KeywordMain.groovy:68)
	at com.kms.katalon.core.keyword.builtin.CallTestCaseKeyword.callTestCase(CallTestCaseKeyword.groovy:81)
	at com.kms.katalon.core.keyword.builtin.CallTestCaseKeyword.execute(CallTestCaseKeyword.groovy:44)
	at com.kms.katalon.core.keyword.internal.KeywordExecutor.executeKeywordForPlatform(KeywordExecutor.groovy:60)
	at com.kms.katalon.core.keyword.BuiltinKeywords.callTestCase(BuiltinKeywords.groovy:334)
	at Script1569934034932.run(Script1569934034932.groovy:70)
	... 13 more
)
[[ATTACHMENT|C:\\Users\\davidho\\Katalon Studio\\Start\\Reports\\20191031_153516\\Members_Received_Negative_Feedback\\20191031_153522\\1572536323756.png]]

2019-10-31 15:38:44 - [TEST_STEP][FAILED] - setText(findTestObject("Object Repository/Members/Page_Members Area/input_Username_username"), Username): Unable to set text 'check1234' of object 'Object Repository/Members/Page_Members Area/input_Username_username' (Root cause: com.kms.katalon.core.exception.StepFailedException: Unable to set text 'check1234' of object 'Object Repository/Members/Page_Members Area/input_Username_username'
	at com.kms.katalon.core.webui.keyword.internal.WebUIKeywordMain.stepFailed(WebUIKeywordMain.groovy:64)
	at com.kms.katalon.core.webui.keyword.internal.WebUIKeywordMain.runKeyword(WebUIKeywordMain.groovy:26)
	at com.kms.katalon.core.webui.keyword.builtin.SetTextKeyword.setText(SetTextKeyword.groovy:66)
	at com.kms.katalon.core.webui.keyword.builtin.SetTextKeyword.execute(SetTextKeyword.groovy:37)
	at com.kms.katalon.core.keyword.internal.KeywordExecutor.executeKeywordForPlatform(KeywordExecutor.groovy:60)
	at com.kms.katalon.core.webui.keyword.WebUiBuiltInKeywords.setText(WebUiBuiltInKeywords.groovy:950)
	at com.kms.katalon.core.webui.keyword.WebUiBuiltInKeywords$setText$5.call(Unknown Source)
	at log_On.run(log_On:55)
	at com.kms.katalon.core.main.ScriptEngine.run(ScriptEngine.java:194)
	at com.kms.katalon.core.main.ScriptEngine.runScriptAsRawText(ScriptEngine.java:119)
	at com.kms.katalon.core.main.TestCaseExecutor.runScript(TestCaseExecutor.java:337)
	at com.kms.katalon.core.main.TestCaseExecutor.doExecute(TestCaseExecutor.java:328)
	at com.kms.katalon.core.main.TestCaseExecutor.processExecutionPhase(TestCaseExecutor.java:307)
	at com.kms.katalon.core.main.TestCaseExecutor.accessMainPhase(TestCaseExecutor.java:299)
	at com.kms.katalon.core.main.TestCaseExecutor.execute(TestCaseExecutor.java:233)
	at com.kms.katalon.core.main.TestCaseMain.runTestCase(TestCaseMain.java:114)
	at com.kms.katalon.core.keyword.builtin.CallTestCaseKeyword$_callTestCase_closure1.doCall(CallTestCaseKeyword.groovy:59)
	at com.kms.katalon.core.keyword.builtin.CallTestCaseKeyword$_callTestCase_closure1.call(CallTestCaseKeyword.groovy)
	at com.kms.katalon.core.keyword.internal.KeywordMain.runKeyword(KeywordMain.groovy:68)
	at com.kms.katalon.core.keyword.builtin.CallTestCaseKeyword.callTestCase(CallTestCaseKeyword.groovy:81)
	at com.kms.katalon.core.keyword.builtin.CallTestCaseKeyword.execute(CallTestCaseKeyword.groovy:44)
	at com.kms.katalon.core.keyword.internal.KeywordExecutor.executeKeywordForPlatform(KeywordExecutor.groovy:60)
	at com.kms.katalon.core.keyword.BuiltinKeywords.callTestCase(BuiltinKeywords.groovy:334)
	at Received_Negative_Review.run(Received_Negative_Review:70)
	at com.kms.katalon.core.main.ScriptEngine.run(ScriptEngine.java:194)
	at com.kms.katalon.core.main.ScriptEngine.runScriptAsRawText(ScriptEngine.java:119)
	at com.kms.katalon.core.main.TestCaseExecutor.runScript(TestCaseExecutor.java:337)
	at com.kms.katalon.core.main.TestCaseExecutor.doExecute(TestCaseExecutor.java:328)
	at com.kms.katalon.core.main.TestCaseExecutor.processExecutionPhase(TestCaseExecutor.java:307)
	at com.kms.katalon.core.main.TestCaseExecutor.accessMainPhase(TestCaseExecutor.java:299)
	at com.kms.katalon.core.main.TestCaseExecutor.execute(TestCaseExecutor.java:233)
	at com.kms.katalon.core.main.TestSuiteExecutor.accessTestCaseMainPhase(TestSuiteExecutor.java:169)
	at com.kms.katalon.core.main.TestSuiteExecutor.accessTestSuiteMainPhase(TestSuiteExecutor.java:142)
	at com.kms.katalon.core.main.TestSuiteExecutor.execute(TestSuiteExecutor.java:91)
	at com.kms.katalon.core.main.TestCaseMain.startTestSuite(TestCaseMain.java:157)
	at com.kms.katalon.core.main.TestCaseMain$startTestSuite$0.call(Unknown Source)
	at TempTestSuite1572536122144.run(TempTestSuite1572536122144.groovy:36)
Caused by: com.kms.katalon.core.webui.exception.WebElementNotFoundException: Web element with id: 'Object Repository/Members/Page_Members Area/input_Username_username' located by 'By.xpath: //input[@id = 'username' and @name = 'username' and @type = 'text']' not found
	at com.kms.katalon.core.webui.common.WebUiCommonHelper.findWebElement(WebUiCommonHelper.java:1113)
	at com.kms.katalon.core.webui.keyword.internal.WebUIAbstractKeyword.findWebElement(WebUIAbstractKeyword.groovy:27)
	at com.kms.katalon.core.webui.keyword.internal.WebUIAbstractKeyword.findWebElement(WebUIAbstractKeyword.groovy:26)
	at com.kms.katalon.core.webui.keyword.builtin.SetTextKeyword$_setText_closure1.doCall(SetTextKeyword.groovy:51)
	at com.kms.katalon.core.webui.keyword.builtin.SetTextKeyword$_setText_closure1.call(SetTextKeyword.groovy)
	at com.kms.katalon.core.webui.keyword.internal.WebUIKeywordMain.runKeyword(WebUIKeywordMain.groovy:20)
	at com.kms.katalon.core.webui.keyword.builtin.SetTextKeyword.setText(SetTextKeyword.groovy:66)
	at com.kms.katalon.core.webui.keyword.builtin.SetTextKeyword.execute(SetTextKeyword.groovy:37)
	at com.kms.katalon.core.keyword.internal.KeywordExecutor.executeKeywordForPlatform(KeywordExecutor.groovy:60)
	at com.kms.katalon.core.webui.keyword.WebUiBuiltInKeywords.setText(WebUiBuiltInKeywords.groovy:950)
	at com.kms.katalon.core.webui.keyword.WebUiBuiltInKeywords$setText$5.call(Unknown Source)
	at Script1568110348104.run(Script1568110348104.groovy:55)
	at com.kms.katalon.core.main.ScriptEngine.run(ScriptEngine.java:194)
	at com.kms.katalon.core.main.ScriptEngine.runScriptAsRawText(ScriptEngine.java:119)
	at com.kms.katalon.core.main.TestCaseExecutor.runScript(TestCaseExecutor.java:337)
	at com.kms.katalon.core.main.TestCaseExecutor.doExecute(TestCaseExecutor.java:328)
	at com.kms.katalon.core.main.TestCaseExecutor.processExecutionPhase(TestCaseExecutor.java:307)
	at com.kms.katalon.core.main.TestCaseExecutor.accessMainPhase(TestCaseExecutor.java:299)
	at com.kms.katalon.core.main.TestCaseExecutor.execute(TestCaseExecutor.java:233)
	at com.kms.katalon.core.main.TestCaseMain.runTestCase(TestCaseMain.java:114)
	at com.kms.katalon.core.keyword.builtin.CallTestCaseKeyword$_callTestCase_closure1.doCall(CallTestCaseKeyword.groovy:59)
	at com.kms.katalon.core.keyword.builtin.CallTestCaseKeyword$_callTestCase_closure1.call(CallTestCaseKeyword.groovy)
	at com.kms.katalon.core.keyword.internal.KeywordMain.runKeyword(KeywordMain.groovy:68)
	at com.kms.katalon.core.keyword.builtin.CallTestCaseKeyword.callTestCase(CallTestCaseKeyword.groovy:81)
	at com.kms.katalon.core.keyword.builtin.CallTestCaseKeyword.execute(CallTestCaseKeyword.groovy:44)
	at com.kms.katalon.core.keyword.internal.KeywordExecutor.executeKeywordForPlatform(KeywordExecutor.groovy:60)
	at com.kms.katalon.core.keyword.BuiltinKeywords.callTestCase(BuiltinKeywords.groovy:334)
	at Script1569934034932.run(Script1569934034932.groovy:70)
	... 13 more
)

2019-10-31 15:39:16 - [MESSAGE][INFO] - Unable to find the element located by 'By.xpath: //input[@id = 'username' and @name = 'username' and @type = 'text']'. Please recheck the objects properties to make sure the desired element is located. 

2019-10-31 15:39:16 - [MESSAGE][FAILED] - Unable to set text 'check1234' of object 'Object Repository/Members/Page_Members Area/input_Username_username' (Root cause: com.kms.katalon.core.exception.StepFailedException: Unable to set text 'check1234' of object 'Object Repository/Members/Page_Members Area/input_Username_username'
	at com.kms.katalon.core.webui.keyword.internal.WebUIKeywordMain.stepFailed(WebUIKeywordMain.groovy:64)
	at com.kms.katalon.core.webui.keyword.internal.WebUIKeywordMain.runKeyword(WebUIKeywordMain.groovy:26)
	at com.kms.katalon.core.webui.keyword.builtin.SetTextKeyword.setText(SetTextKeyword.groovy:66)
	at com.kms.katalon.core.webui.keyword.builtin.SetTextKeyword.execute(SetTextKeyword.groovy:37)
	at com.kms.katalon.core.keyword.internal.KeywordExecutor.executeKeywordForPlatform(KeywordExecutor.groovy:60)
	at com.kms.katalon.core.webui.keyword.WebUiBuiltInKeywords.setText(WebUiBuiltInKeywords.groovy:950)
	at com.kms.katalon.core.webui.keyword.WebUiBuiltInKeywords$setText$5.call(Unknown Source)
	at log_On.run(log_On:55)
	at com.kms.katalon.core.main.ScriptEngine.run(ScriptEngine.java:194)
	at com.kms.katalon.core.main.ScriptEngine.runScriptAsRawText(ScriptEngine.java:119)
	at com.kms.katalon.core.main.TestCaseExecutor.runScript(TestCaseExecutor.java:337)
	at com.kms.katalon.core.main.TestCaseExecutor.doExecute(TestCaseExecutor.java:328)
	at com.kms.katalon.core.main.TestCaseExecutor.processExecutionPhase(TestCaseExecutor.java:307)
	at com.kms.katalon.core.main.TestCaseExecutor.accessMainPhase(TestCaseExecutor.java:299)
	at com.kms.katalon.core.main.TestCaseExecutor.execute(TestCaseExecutor.java:233)
	at com.kms.katalon.core.main.TestCaseMain.runTestCase(TestCaseMain.java:114)
	at com.kms.katalon.core.keyword.builtin.CallTestCaseKeyword$_callTestCase_closure1.doCall(CallTestCaseKeyword.groovy:59)
	at com.kms.katalon.core.keyword.builtin.CallTestCaseKeyword$_callTestCase_closure1.call(CallTestCaseKeyword.groovy)
	at com.kms.katalon.core.keyword.internal.KeywordMain.runKeyword(KeywordMain.groovy:68)
	at com.kms.katalon.core.keyword.builtin.CallTestCaseKeyword.callTestCase(CallTestCaseKeyword.groovy:81)
	at com.kms.katalon.core.keyword.builtin.CallTestCaseKeyword.execute(CallTestCaseKeyword.groovy:44)
	at com.kms.katalon.core.keyword.internal.KeywordExecutor.executeKeywordForPlatform(KeywordExecutor.groovy:60)
	at com.kms.katalon.core.keyword.BuiltinKeywords.callTestCase(BuiltinKeywords.groovy:334)
	at Received_Negative_Review.run(Received_Negative_Review:70)
	at com.kms.katalon.core.main.ScriptEngine.run(ScriptEngine.java:194)
	at com.kms.katalon.core.main.ScriptEngine.runScriptAsRawText(ScriptEngine.java:119)
	at com.kms.katalon.core.main.TestCaseExecutor.runScript(TestCaseExecutor.java:337)
	at com.kms.katalon.core.main.TestCaseExecutor.doExecute(TestCaseExecutor.java:328)
	at com.kms.katalon.core.main.TestCaseExecutor.processExecutionPhase(TestCaseExecutor.java:307)
	at com.kms.katalon.core.main.TestCaseExecutor.accessMainPhase(TestCaseExecutor.java:299)
	at com.kms.katalon.core.main.TestCaseExecutor.execute(TestCaseExecutor.java:233)
	at com.kms.katalon.core.main.TestSuiteExecutor.accessTestCaseMainPhase(TestSuiteExecutor.java:169)
	at com.kms.katalon.core.main.TestSuiteExecutor.accessTestSuiteMainPhase(TestSuiteExecutor.java:142)
	at com.kms.katalon.core.main.TestSuiteExecutor.execute(TestSuiteExecutor.java:91)
	at com.kms.katalon.core.main.TestCaseMain.startTestSuite(TestCaseMain.java:157)
	at com.kms.katalon.core.main.TestCaseMain$startTestSuite$0.call(Unknown Source)
	at TempTestSuite1572536122144.run(TempTestSuite1572536122144.groovy:36)
Caused by: com.kms.katalon.core.webui.exception.WebElementNotFoundException: Web element with id: 'Object Repository/Members/Page_Members Area/input_Username_username' located by 'By.xpath: //input[@id = 'username' and @name = 'username' and @type = 'text']' not found
	at com.kms.katalon.core.webui.common.WebUiCommonHelper.findWebElement(WebUiCommonHelper.java:1113)
	at com.kms.katalon.core.webui.keyword.internal.WebUIAbstractKeyword.findWebElement(WebUIAbstractKeyword.groovy:27)
	at com.kms.katalon.core.webui.keyword.internal.WebUIAbstractKeyword.findWebElement(WebUIAbstractKeyword.groovy:26)
	at com.kms.katalon.core.webui.keyword.builtin.SetTextKeyword$_setText_closure1.doCall(SetTextKeyword.groovy:51)
	at com.kms.katalon.core.webui.keyword.builtin.SetTextKeyword$_setText_closure1.call(SetTextKeyword.groovy)
	at com.kms.katalon.core.webui.keyword.internal.WebUIKeywordMain.runKeyword(WebUIKeywordMain.groovy:20)
	at com.kms.katalon.core.webui.keyword.builtin.SetTextKeyword.setText(SetTextKeyword.groovy:66)
	at com.kms.katalon.core.webui.keyword.builtin.SetTextKeyword.execute(SetTextKeyword.groovy:37)
	at com.kms.katalon.core.keyword.internal.KeywordExecutor.executeKeywordForPlatform(KeywordExecutor.groovy:60)
	at com.kms.katalon.core.webui.keyword.WebUiBuiltInKeywords.setText(WebUiBuiltInKeywords.groovy:950)
	at com.kms.katalon.core.webui.keyword.WebUiBuiltInKeywords$setText$5.call(Unknown Source)
	at Script1568110348104.run(Script1568110348104.groovy:55)
	at com.kms.katalon.core.main.ScriptEngine.run(ScriptEngine.java:194)
	at com.kms.katalon.core.main.ScriptEngine.runScriptAsRawText(ScriptEngine.java:119)
	at com.kms.katalon.core.main.TestCaseExecutor.runScript(TestCaseExecutor.java:337)
	at com.kms.katalon.core.main.TestCaseExecutor.doExecute(TestCaseExecutor.java:328)
	at com.kms.katalon.core.main.TestCaseExecutor.processExecutionPhase(TestCaseExecutor.java:307)
	at com.kms.katalon.core.main.TestCaseExecutor.accessMainPhase(TestCaseExecutor.java:299)
	at com.kms.katalon.core.main.TestCaseExecutor.execute(TestCaseExecutor.java:233)
	at com.kms.katalon.core.main.TestCaseMain.runTestCase(TestCaseMain.java:114)
	at com.kms.katalon.core.keyword.builtin.CallTestCaseKeyword$_callTestCase_closure1.doCall(CallTestCaseKeyword.groovy:59)
	at com.kms.katalon.core.keyword.builtin.CallTestCaseKeyword$_callTestCase_closure1.call(CallTestCaseKeyword.groovy)
	at com.kms.katalon.core.keyword.internal.KeywordMain.runKeyword(KeywordMain.groovy:68)
	at com.kms.katalon.core.keyword.builtin.CallTestCaseKeyword.callTestCase(CallTestCaseKeyword.groovy:81)
	at com.kms.katalon.core.keyword.builtin.CallTestCaseKeyword.execute(CallTestCaseKeyword.groovy:44)
	at com.kms.katalon.core.keyword.internal.KeywordExecutor.executeKeywordForPlatform(KeywordExecutor.groovy:60)
	at com.kms.katalon.core.keyword.BuiltinKeywords.callTestCase(BuiltinKeywords.groovy:334)
	at Script1569934034932.run(Script1569934034932.groovy:70)
	... 13 more
)
[[ATTACHMENT|C:\\Users\\davidho\\Katalon Studio\\Start\\Reports\\20191031_153516\\Members_Received_Negative_Feedback\\20191031_153522\\1572536356263.png]]

2019-10-31 15:39:16 - [TEST_STEP][FAILED] - click(findTestObject("Object Repository/Members/Page_Members Area/input_Password_password")): Unable to click on object 'Object Repository/Members/Page_Members Area/input_Password_password' (Root cause: com.kms.katalon.core.exception.StepFailedException: Unable to click on object 'Object Repository/Members/Page_Members Area/input_Password_password'
	at com.kms.katalon.core.webui.keyword.internal.WebUIKeywordMain.stepFailed(WebUIKeywordMain.groovy:64)
	at com.kms.katalon.core.webui.keyword.internal.WebUIKeywordMain.runKeyword(WebUIKeywordMain.groovy:26)
	at com.kms.katalon.core.webui.keyword.builtin.ClickKeyword.click(ClickKeyword.groovy:79)
	at com.kms.katalon.core.webui.keyword.builtin.ClickKeyword.execute(ClickKeyword.groovy:42)
	at com.kms.katalon.core.keyword.internal.KeywordExecutor.executeKeywordForPlatform(KeywordExecutor.groovy:60)
	at com.kms.katalon.core.webui.keyword.WebUiBuiltInKeywords.click(WebUiBuiltInKeywords.groovy:616)
	at com.kms.katalon.core.webui.keyword.WebUiBuiltInKeywords$click$4.call(Unknown Source)
	at log_On.run(log_On:61)
	at com.kms.katalon.core.main.ScriptEngine.run(ScriptEngine.java:194)
	at com.kms.katalon.core.main.ScriptEngine.runScriptAsRawText(ScriptEngine.java:119)
	at com.kms.katalon.core.main.TestCaseExecutor.runScript(TestCaseExecutor.java:337)
	at com.kms.katalon.core.main.TestCaseExecutor.doExecute(TestCaseExecutor.java:328)
	at com.kms.katalon.core.main.TestCaseExecutor.processExecutionPhase(TestCaseExecutor.java:307)
	at com.kms.katalon.core.main.TestCaseExecutor.accessMainPhase(TestCaseExecutor.java:299)
	at com.kms.katalon.core.main.TestCaseExecutor.execute(TestCaseExecutor.java:233)
	at com.kms.katalon.core.main.TestCaseMain.runTestCase(TestCaseMain.java:114)
	at com.kms.katalon.core.keyword.builtin.CallTestCaseKeyword$_callTestCase_closure1.doCall(CallTestCaseKeyword.groovy:59)
	at com.kms.katalon.core.keyword.builtin.CallTestCaseKeyword$_callTestCase_closure1.call(CallTestCaseKeyword.groovy)
	at com.kms.katalon.core.keyword.internal.KeywordMain.runKeyword(KeywordMain.groovy:68)
	at com.kms.katalon.core.keyword.builtin.CallTestCaseKeyword.callTestCase(CallTestCaseKeyword.groovy:81)
	at com.kms.katalon.core.keyword.builtin.CallTestCaseKeyword.execute(CallTestCaseKeyword.groovy:44)
	at com.kms.katalon.core.keyword.internal.KeywordExecutor.executeKeywordForPlatform(KeywordExecutor.groovy:60)
	at com.kms.katalon.core.keyword.BuiltinKeywords.callTestCase(BuiltinKeywords.groovy:334)
	at Received_Negative_Review.run(Received_Negative_Review:70)
	at com.kms.katalon.core.main.ScriptEngine.run(ScriptEngine.java:194)
	at com.kms.katalon.core.main.ScriptEngine.runScriptAsRawText(ScriptEngine.java:119)
	at com.kms.katalon.core.main.TestCaseExecutor.runScript(TestCaseExecutor.java:337)
	at com.kms.katalon.core.main.TestCaseExecutor.doExecute(TestCaseExecutor.java:328)
	at com.kms.katalon.core.main.TestCaseExecutor.processExecutionPhase(TestCaseExecutor.java:307)
	at com.kms.katalon.core.main.TestCaseExecutor.accessMainPhase(TestCaseExecutor.java:299)
	at com.kms.katalon.core.main.TestCaseExecutor.execute(TestCaseExecutor.java:233)
	at com.kms.katalon.core.main.TestSuiteExecutor.accessTestCaseMainPhase(TestSuiteExecutor.java:169)
	at com.kms.katalon.core.main.TestSuiteExecutor.accessTestSuiteMainPhase(TestSuiteExecutor.java:142)
	at com.kms.katalon.core.main.TestSuiteExecutor.execute(TestSuiteExecutor.java:91)
	at com.kms.katalon.core.main.TestCaseMain.startTestSuite(TestCaseMain.java:157)
	at com.kms.katalon.core.main.TestCaseMain$startTestSuite$0.call(Unknown Source)
	at TempTestSuite1572536122144.run(TempTestSuite1572536122144.groovy:36)
Caused by: com.kms.katalon.core.webui.exception.WebElementNotFoundException: Web element with id: 'Object Repository/Members/Page_Members Area/input_Password_password' located by 'By.xpath: //input[@id = 'password' and @name = 'password' and @type = 'password']' not found
	at com.kms.katalon.core.webui.common.WebUiCommonHelper.findWebElement(WebUiCommonHelper.java:1113)
	at com.kms.katalon.core.webui.keyword.internal.WebUIAbstractKeyword.findWebElement(WebUIAbstractKeyword.groovy:27)
	at com.kms.katalon.core.webui.keyword.internal.WebUIAbstractKeyword.findWebElement(WebUIAbstractKeyword.groovy:26)
	at com.kms.katalon.core.webui.keyword.builtin.ClickKeyword$_click_closure1.doCall(ClickKeyword.groovy:52)
	at com.kms.katalon.core.webui.keyword.builtin.ClickKeyword$_click_closure1.call(ClickKeyword.groovy)
	at com.kms.katalon.core.webui.keyword.internal.WebUIKeywordMain.runKeyword(WebUIKeywordMain.groovy:20)
	at com.kms.katalon.core.webui.keyword.builtin.ClickKeyword.click(ClickKeyword.groovy:79)
	at com.kms.katalon.core.webui.keyword.builtin.ClickKeyword.execute(ClickKeyword.groovy:42)
	at com.kms.katalon.core.keyword.internal.KeywordExecutor.executeKeywordForPlatform(KeywordExecutor.groovy:60)
	at com.kms.katalon.core.webui.keyword.WebUiBuiltInKeywords.click(WebUiBuiltInKeywords.groovy:616)
	at com.kms.katalon.core.webui.keyword.WebUiBuiltInKeywords$click$4.call(Unknown Source)
	at Script1568110348104.run(Script1568110348104.groovy:61)
	at com.kms.katalon.core.main.ScriptEngine.run(ScriptEngine.java:194)
	at com.kms.katalon.core.main.ScriptEngine.runScriptAsRawText(ScriptEngine.java:119)
	at com.kms.katalon.core.main.TestCaseExecutor.runScript(TestCaseExecutor.java:337)
	at com.kms.katalon.core.main.TestCaseExecutor.doExecute(TestCaseExecutor.java:328)
	at com.kms.katalon.core.main.TestCaseExecutor.processExecutionPhase(TestCaseExecutor.java:307)
	at com.kms.katalon.core.main.TestCaseExecutor.accessMainPhase(TestCaseExecutor.java:299)
	at com.kms.katalon.core.main.TestCaseExecutor.execute(TestCaseExecutor.java:233)
	at com.kms.katalon.core.main.TestCaseMain.runTestCase(TestCaseMain.java:114)
	at com.kms.katalon.core.keyword.builtin.CallTestCaseKeyword$_callTestCase_closure1.doCall(CallTestCaseKeyword.groovy:59)
	at com.kms.katalon.core.keyword.builtin.CallTestCaseKeyword$_callTestCase_closure1.call(CallTestCaseKeyword.groovy)
	at com.kms.katalon.core.keyword.internal.KeywordMain.runKeyword(KeywordMain.groovy:68)
	at com.kms.katalon.core.keyword.builtin.CallTestCaseKeyword.callTestCase(CallTestCaseKeyword.groovy:81)
	at com.kms.katalon.core.keyword.builtin.CallTestCaseKeyword.execute(CallTestCaseKeyword.groovy:44)
	at com.kms.katalon.core.keyword.internal.KeywordExecutor.executeKeywordForPlatform(KeywordExecutor.groovy:60)
	at com.kms.katalon.core.keyword.BuiltinKeywords.callTestCase(BuiltinKeywords.groovy:334)
	at Script1569934034932.run(Script1569934034932.groovy:70)
	... 13 more
)

2019-10-31 15:39:49 - [MESSAGE][INFO] - Unable to find the element located by 'By.xpath: //input[@id = 'password' and @name = 'password' and @type = 'password']'. Please recheck the objects properties to make sure the desired element is located. 

2019-10-31 15:39:50 - [MESSAGE][FAILED] - Unable to click on object 'Object Repository/Members/Page_Members Area/input_Password_password' (Root cause: com.kms.katalon.core.exception.StepFailedException: Unable to click on object 'Object Repository/Members/Page_Members Area/input_Password_password'
	at com.kms.katalon.core.webui.keyword.internal.WebUIKeywordMain.stepFailed(WebUIKeywordMain.groovy:64)
	at com.kms.katalon.core.webui.keyword.internal.WebUIKeywordMain.runKeyword(WebUIKeywordMain.groovy:26)
	at com.kms.katalon.core.webui.keyword.builtin.ClickKeyword.click(ClickKeyword.groovy:79)
	at com.kms.katalon.core.webui.keyword.builtin.ClickKeyword.execute(ClickKeyword.groovy:42)
	at com.kms.katalon.core.keyword.internal.KeywordExecutor.executeKeywordForPlatform(KeywordExecutor.groovy:60)
	at com.kms.katalon.core.webui.keyword.WebUiBuiltInKeywords.click(WebUiBuiltInKeywords.groovy:616)
	at com.kms.katalon.core.webui.keyword.WebUiBuiltInKeywords$click$4.call(Unknown Source)
	at log_On.run(log_On:61)
	at com.kms.katalon.core.main.ScriptEngine.run(ScriptEngine.java:194)
	at com.kms.katalon.core.main.ScriptEngine.runScriptAsRawText(ScriptEngine.java:119)
	at com.kms.katalon.core.main.TestCaseExecutor.runScript(TestCaseExecutor.java:337)
	at com.kms.katalon.core.main.TestCaseExecutor.doExecute(TestCaseExecutor.java:328)
	at com.kms.katalon.core.main.TestCaseExecutor.processExecutionPhase(TestCaseExecutor.java:307)
	at com.kms.katalon.core.main.TestCaseExecutor.accessMainPhase(TestCaseExecutor.java:299)
	at com.kms.katalon.core.main.TestCaseExecutor.execute(TestCaseExecutor.java:233)
	at com.kms.katalon.core.main.TestCaseMain.runTestCase(TestCaseMain.java:114)
	at com.kms.katalon.core.keyword.builtin.CallTestCaseKeyword$_callTestCase_closure1.doCall(CallTestCaseKeyword.groovy:59)
	at com.kms.katalon.core.keyword.builtin.CallTestCaseKeyword$_callTestCase_closure1.call(CallTestCaseKeyword.groovy)
	at com.kms.katalon.core.keyword.internal.KeywordMain.runKeyword(KeywordMain.groovy:68)
	at com.kms.katalon.core.keyword.builtin.CallTestCaseKeyword.callTestCase(CallTestCaseKeyword.groovy:81)
	at com.kms.katalon.core.keyword.builtin.CallTestCaseKeyword.execute(CallTestCaseKeyword.groovy:44)
	at com.kms.katalon.core.keyword.internal.KeywordExecutor.executeKeywordForPlatform(KeywordExecutor.groovy:60)
	at com.kms.katalon.core.keyword.BuiltinKeywords.callTestCase(BuiltinKeywords.groovy:334)
	at Received_Negative_Review.run(Received_Negative_Review:70)
	at com.kms.katalon.core.main.ScriptEngine.run(ScriptEngine.java:194)
	at com.kms.katalon.core.main.ScriptEngine.runScriptAsRawText(ScriptEngine.java:119)
	at com.kms.katalon.core.main.TestCaseExecutor.runScript(TestCaseExecutor.java:337)
	at com.kms.katalon.core.main.TestCaseExecutor.doExecute(TestCaseExecutor.java:328)
	at com.kms.katalon.core.main.TestCaseExecutor.processExecutionPhase(TestCaseExecutor.java:307)
	at com.kms.katalon.core.main.TestCaseExecutor.accessMainPhase(TestCaseExecutor.java:299)
	at com.kms.katalon.core.main.TestCaseExecutor.execute(TestCaseExecutor.java:233)
	at com.kms.katalon.core.main.TestSuiteExecutor.accessTestCaseMainPhase(TestSuiteExecutor.java:169)
	at com.kms.katalon.core.main.TestSuiteExecutor.accessTestSuiteMainPhase(TestSuiteExecutor.java:142)
	at com.kms.katalon.core.main.TestSuiteExecutor.execute(TestSuiteExecutor.java:91)
	at com.kms.katalon.core.main.TestCaseMain.startTestSuite(TestCaseMain.java:157)
	at com.kms.katalon.core.main.TestCaseMain$startTestSuite$0.call(Unknown Source)
	at TempTestSuite1572536122144.run(TempTestSuite1572536122144.groovy:36)
Caused by: com.kms.katalon.core.webui.exception.WebElementNotFoundException: Web element with id: 'Object Repository/Members/Page_Members Area/input_Password_password' located by 'By.xpath: //input[@id = 'password' and @name = 'password' and @type = 'password']' not found
	at com.kms.katalon.core.webui.common.WebUiCommonHelper.findWebElement(WebUiCommonHelper.java:1113)
	at com.kms.katalon.core.webui.keyword.internal.WebUIAbstractKeyword.findWebElement(WebUIAbstractKeyword.groovy:27)
	at com.kms.katalon.core.webui.keyword.internal.WebUIAbstractKeyword.findWebElement(WebUIAbstractKeyword.groovy:26)
	at com.kms.katalon.core.webui.keyword.builtin.ClickKeyword$_click_closure1.doCall(ClickKeyword.groovy:52)
	at com.kms.katalon.core.webui.keyword.builtin.ClickKeyword$_click_closure1.call(ClickKeyword.groovy)
	at com.kms.katalon.core.webui.keyword.internal.WebUIKeywordMain.runKeyword(WebUIKeywordMain.groovy:20)
	at com.kms.katalon.core.webui.keyword.builtin.ClickKeyword.click(ClickKeyword.groovy:79)
	at com.kms.katalon.core.webui.keyword.builtin.ClickKeyword.execute(ClickKeyword.groovy:42)
	at com.kms.katalon.core.keyword.internal.KeywordExecutor.executeKeywordForPlatform(KeywordExecutor.groovy:60)
	at com.kms.katalon.core.webui.keyword.WebUiBuiltInKeywords.click(WebUiBuiltInKeywords.groovy:616)
	at com.kms.katalon.core.webui.keyword.WebUiBuiltInKeywords$click$4.call(Unknown Source)
	at Script1568110348104.run(Script1568110348104.groovy:61)
	at com.kms.katalon.core.main.ScriptEngine.run(ScriptEngine.java:194)
	at com.kms.katalon.core.main.ScriptEngine.runScriptAsRawText(ScriptEngine.java:119)
	at com.kms.katalon.core.main.TestCaseExecutor.runScript(TestCaseExecutor.java:337)
	at com.kms.katalon.core.main.TestCaseExecutor.doExecute(TestCaseExecutor.java:328)
	at com.kms.katalon.core.main.TestCaseExecutor.processExecutionPhase(TestCaseExecutor.java:307)
	at com.kms.katalon.core.main.TestCaseExecutor.accessMainPhase(TestCaseExecutor.java:299)
	at com.kms.katalon.core.main.TestCaseExecutor.execute(TestCaseExecutor.java:233)
	at com.kms.katalon.core.main.TestCaseMain.runTestCase(TestCaseMain.java:114)
	at com.kms.katalon.core.keyword.builtin.CallTestCaseKeyword$_callTestCase_closure1.doCall(CallTestCaseKeyword.groovy:59)
	at com.kms.katalon.core.keyword.builtin.CallTestCaseKeyword$_callTestCase_closure1.call(CallTestCaseKeyword.groovy)
	at com.kms.katalon.core.keyword.internal.KeywordMain.runKeyword(KeywordMain.groovy:68)
	at com.kms.katalon.core.keyword.builtin.CallTestCaseKeyword.callTestCase(CallTestCaseKeyword.groovy:81)
	at com.kms.katalon.core.keyword.builtin.CallTestCaseKeyword.execute(CallTestCaseKeyword.groovy:44)
	at com.kms.katalon.core.keyword.internal.KeywordExecutor.executeKeywordForPlatform(KeywordExecutor.groovy:60)
	at com.kms.katalon.core.keyword.BuiltinKeywords.callTestCase(BuiltinKeywords.groovy:334)
	at Script1569934034932.run(Script1569934034932.groovy:70)
	... 13 more
)
[[ATTACHMENT|C:\\Users\\davidho\\Katalon Studio\\Start\\Reports\\20191031_153516\\Members_Received_Negative_Feedback\\20191031_153522\\1572536389902.png]]

2019-10-31 15:39:50 - [TEST_STEP][FAILED] - setText(findTestObject("Object Repository/Members/Page_Members Area/input_Password_password"), Password): Unable to set text 'testing123' of object 'Object Repository/Members/Page_Members Area/input_Password_password' (Root cause: com.kms.katalon.core.exception.StepFailedException: Unable to set text 'testing123' of object 'Object Repository/Members/Page_Members Area/input_Password_password'
	at com.kms.katalon.core.webui.keyword.internal.WebUIKeywordMain.stepFailed(WebUIKeywordMain.groovy:64)
	at com.kms.katalon.core.webui.keyword.internal.WebUIKeywordMain.runKeyword(WebUIKeywordMain.groovy:26)
	at com.kms.katalon.core.webui.keyword.builtin.SetTextKeyword.setText(SetTextKeyword.groovy:66)
	at com.kms.katalon.core.webui.keyword.builtin.SetTextKeyword.execute(SetTextKeyword.groovy:37)
	at com.kms.katalon.core.keyword.internal.KeywordExecutor.executeKeywordForPlatform(KeywordExecutor.groovy:60)
	at com.kms.katalon.core.webui.keyword.WebUiBuiltInKeywords.setText(WebUiBuiltInKeywords.groovy:950)
	at com.kms.katalon.core.webui.keyword.WebUiBuiltInKeywords$setText$5.call(Unknown Source)
	at log_On.run(log_On:62)
	at com.kms.katalon.core.main.ScriptEngine.run(ScriptEngine.java:194)
	at com.kms.katalon.core.main.ScriptEngine.runScriptAsRawText(ScriptEngine.java:119)
	at com.kms.katalon.core.main.TestCaseExecutor.runScript(TestCaseExecutor.java:337)
	at com.kms.katalon.core.main.TestCaseExecutor.doExecute(TestCaseExecutor.java:328)
	at com.kms.katalon.core.main.TestCaseExecutor.processExecutionPhase(TestCaseExecutor.java:307)
	at com.kms.katalon.core.main.TestCaseExecutor.accessMainPhase(TestCaseExecutor.java:299)
	at com.kms.katalon.core.main.TestCaseExecutor.execute(TestCaseExecutor.java:233)
	at com.kms.katalon.core.main.TestCaseMain.runTestCase(TestCaseMain.java:114)
	at com.kms.katalon.core.keyword.builtin.CallTestCaseKeyword$_callTestCase_closure1.doCall(CallTestCaseKeyword.groovy:59)
	at com.kms.katalon.core.keyword.builtin.CallTestCaseKeyword$_callTestCase_closure1.call(CallTestCaseKeyword.groovy)
	at com.kms.katalon.core.keyword.internal.KeywordMain.runKeyword(KeywordMain.groovy:68)
	at com.kms.katalon.core.keyword.builtin.CallTestCaseKeyword.callTestCase(CallTestCaseKeyword.groovy:81)
	at com.kms.katalon.core.keyword.builtin.CallTestCaseKeyword.execute(CallTestCaseKeyword.groovy:44)
	at com.kms.katalon.core.keyword.internal.KeywordExecutor.executeKeywordForPlatform(KeywordExecutor.groovy:60)
	at com.kms.katalon.core.keyword.BuiltinKeywords.callTestCase(BuiltinKeywords.groovy:334)
	at Received_Negative_Review.run(Received_Negative_Review:70)
	at com.kms.katalon.core.main.ScriptEngine.run(ScriptEngine.java:194)
	at com.kms.katalon.core.main.ScriptEngine.runScriptAsRawText(ScriptEngine.java:119)
	at com.kms.katalon.core.main.TestCaseExecutor.runScript(TestCaseExecutor.java:337)
	at com.kms.katalon.core.main.TestCaseExecutor.doExecute(TestCaseExecutor.java:328)
	at com.kms.katalon.core.main.TestCaseExecutor.processExecutionPhase(TestCaseExecutor.java:307)
	at com.kms.katalon.core.main.TestCaseExecutor.accessMainPhase(TestCaseExecutor.java:299)
	at com.kms.katalon.core.main.TestCaseExecutor.execute(TestCaseExecutor.java:233)
	at com.kms.katalon.core.main.TestSuiteExecutor.accessTestCaseMainPhase(TestSuiteExecutor.java:169)
	at com.kms.katalon.core.main.TestSuiteExecutor.accessTestSuiteMainPhase(TestSuiteExecutor.java:142)
	at com.kms.katalon.core.main.TestSuiteExecutor.execute(TestSuiteExecutor.java:91)
	at com.kms.katalon.core.main.TestCaseMain.startTestSuite(TestCaseMain.java:157)
	at com.kms.katalon.core.main.TestCaseMain$startTestSuite$0.call(Unknown Source)
	at TempTestSuite1572536122144.run(TempTestSuite1572536122144.groovy:36)
Caused by: com.kms.katalon.core.webui.exception.WebElementNotFoundException: Web element with id: 'Object Repository/Members/Page_Members Area/input_Password_password' located by 'By.xpath: //input[@id = 'password' and @name = 'password' and @type = 'password']' not found
	at com.kms.katalon.core.webui.common.WebUiCommonHelper.findWebElement(WebUiCommonHelper.java:1113)
	at com.kms.katalon.core.webui.keyword.internal.WebUIAbstractKeyword.findWebElement(WebUIAbstractKeyword.groovy:27)
	at com.kms.katalon.core.webui.keyword.internal.WebUIAbstractKeyword.findWebElement(WebUIAbstractKeyword.groovy:26)
	at com.kms.katalon.core.webui.keyword.builtin.SetTextKeyword$_setText_closure1.doCall(SetTextKeyword.groovy:51)
	at com.kms.katalon.core.webui.keyword.builtin.SetTextKeyword$_setText_closure1.call(SetTextKeyword.groovy)
	at com.kms.katalon.core.webui.keyword.internal.WebUIKeywordMain.runKeyword(WebUIKeywordMain.groovy:20)
	at com.kms.katalon.core.webui.keyword.builtin.SetTextKeyword.setText(SetTextKeyword.groovy:66)
	at com.kms.katalon.core.webui.keyword.builtin.SetTextKeyword.execute(SetTextKeyword.groovy:37)
	at com.kms.katalon.core.keyword.internal.KeywordExecutor.executeKeywordForPlatform(KeywordExecutor.groovy:60)
	at com.kms.katalon.core.webui.keyword.WebUiBuiltInKeywords.setText(WebUiBuiltInKeywords.groovy:950)
	at com.kms.katalon.core.webui.keyword.WebUiBuiltInKeywords$setText$5.call(Unknown Source)
	at Script1568110348104.run(Script1568110348104.groovy:62)
	at com.kms.katalon.core.main.ScriptEngine.run(ScriptEngine.java:194)
	at com.kms.katalon.core.main.ScriptEngine.runScriptAsRawText(ScriptEngine.java:119)
	at com.kms.katalon.core.main.TestCaseExecutor.runScript(TestCaseExecutor.java:337)
	at com.kms.katalon.core.main.TestCaseExecutor.doExecute(TestCaseExecutor.java:328)
	at com.kms.katalon.core.main.TestCaseExecutor.processExecutionPhase(TestCaseExecutor.java:307)
	at com.kms.katalon.core.main.TestCaseExecutor.accessMainPhase(TestCaseExecutor.java:299)
	at com.kms.katalon.core.main.TestCaseExecutor.execute(TestCaseExecutor.java:233)
	at com.kms.katalon.core.main.TestCaseMain.runTestCase(TestCaseMain.java:114)
	at com.kms.katalon.core.keyword.builtin.CallTestCaseKeyword$_callTestCase_closure1.doCall(CallTestCaseKeyword.groovy:59)
	at com.kms.katalon.core.keyword.builtin.CallTestCaseKeyword$_callTestCase_closure1.call(CallTestCaseKeyword.groovy)
	at com.kms.katalon.core.keyword.internal.KeywordMain.runKeyword(KeywordMain.groovy:68)
	at com.kms.katalon.core.keyword.builtin.CallTestCaseKeyword.callTestCase(CallTestCaseKeyword.groovy:81)
	at com.kms.katalon.core.keyword.builtin.CallTestCaseKeyword.execute(CallTestCaseKeyword.groovy:44)
	at com.kms.katalon.core.keyword.internal.KeywordExecutor.executeKeywordForPlatform(KeywordExecutor.groovy:60)
	at com.kms.katalon.core.keyword.BuiltinKeywords.callTestCase(BuiltinKeywords.groovy:334)
	at Script1569934034932.run(Script1569934034932.groovy:70)
	... 13 more
)

2019-10-31 15:40:25 - [MESSAGE][INFO] - Unable to find the element located by 'By.xpath: //input[@id = 'password' and @name = 'password' and @type = 'password']'. Please recheck the objects properties to make sure the desired element is located. 

2019-10-31 15:40:26 - [MESSAGE][FAILED] - Unable to set text 'testing123' of object 'Object Repository/Members/Page_Members Area/input_Password_password' (Root cause: com.kms.katalon.core.exception.StepFailedException: Unable to set text 'testing123' of object 'Object Repository/Members/Page_Members Area/input_Password_password'
	at com.kms.katalon.core.webui.keyword.internal.WebUIKeywordMain.stepFailed(WebUIKeywordMain.groovy:64)
	at com.kms.katalon.core.webui.keyword.internal.WebUIKeywordMain.runKeyword(WebUIKeywordMain.groovy:26)
	at com.kms.katalon.core.webui.keyword.builtin.SetTextKeyword.setText(SetTextKeyword.groovy:66)
	at com.kms.katalon.core.webui.keyword.builtin.SetTextKeyword.execute(SetTextKeyword.groovy:37)
	at com.kms.katalon.core.keyword.internal.KeywordExecutor.executeKeywordForPlatform(KeywordExecutor.groovy:60)
	at com.kms.katalon.core.webui.keyword.WebUiBuiltInKeywords.setText(WebUiBuiltInKeywords.groovy:950)
	at com.kms.katalon.core.webui.keyword.WebUiBuiltInKeywords$setText$5.call(Unknown Source)
	at log_On.run(log_On:62)
	at com.kms.katalon.core.main.ScriptEngine.run(ScriptEngine.java:194)
	at com.kms.katalon.core.main.ScriptEngine.runScriptAsRawText(ScriptEngine.java:119)
	at com.kms.katalon.core.main.TestCaseExecutor.runScript(TestCaseExecutor.java:337)
	at com.kms.katalon.core.main.TestCaseExecutor.doExecute(TestCaseExecutor.java:328)
	at com.kms.katalon.core.main.TestCaseExecutor.processExecutionPhase(TestCaseExecutor.java:307)
	at com.kms.katalon.core.main.TestCaseExecutor.accessMainPhase(TestCaseExecutor.java:299)
	at com.kms.katalon.core.main.TestCaseExecutor.execute(TestCaseExecutor.java:233)
	at com.kms.katalon.core.main.TestCaseMain.runTestCase(TestCaseMain.java:114)
	at com.kms.katalon.core.keyword.builtin.CallTestCaseKeyword$_callTestCase_closure1.doCall(CallTestCaseKeyword.groovy:59)
	at com.kms.katalon.core.keyword.builtin.CallTestCaseKeyword$_callTestCase_closure1.call(CallTestCaseKeyword.groovy)
	at com.kms.katalon.core.keyword.internal.KeywordMain.runKeyword(KeywordMain.groovy:68)
	at com.kms.katalon.core.keyword.builtin.CallTestCaseKeyword.callTestCase(CallTestCaseKeyword.groovy:81)
	at com.kms.katalon.core.keyword.builtin.CallTestCaseKeyword.execute(CallTestCaseKeyword.groovy:44)
	at com.kms.katalon.core.keyword.internal.KeywordExecutor.executeKeywordForPlatform(KeywordExecutor.groovy:60)
	at com.kms.katalon.core.keyword.BuiltinKeywords.callTestCase(BuiltinKeywords.groovy:334)
	at Received_Negative_Review.run(Received_Negative_Review:70)
	at com.kms.katalon.core.main.ScriptEngine.run(ScriptEngine.java:194)
	at com.kms.katalon.core.main.ScriptEngine.runScriptAsRawText(ScriptEngine.java:119)
	at com.kms.katalon.core.main.TestCaseExecutor.runScript(TestCaseExecutor.java:337)
	at com.kms.katalon.core.main.TestCaseExecutor.doExecute(TestCaseExecutor.java:328)
	at com.kms.katalon.core.main.TestCaseExecutor.processExecutionPhase(TestCaseExecutor.java:307)
	at com.kms.katalon.core.main.TestCaseExecutor.accessMainPhase(TestCaseExecutor.java:299)
	at com.kms.katalon.core.main.TestCaseExecutor.execute(TestCaseExecutor.java:233)
	at com.kms.katalon.core.main.TestSuiteExecutor.accessTestCaseMainPhase(TestSuiteExecutor.java:169)
	at com.kms.katalon.core.main.TestSuiteExecutor.accessTestSuiteMainPhase(TestSuiteExecutor.java:142)
	at com.kms.katalon.core.main.TestSuiteExecutor.execute(TestSuiteExecutor.java:91)
	at com.kms.katalon.core.main.TestCaseMain.startTestSuite(TestCaseMain.java:157)
	at com.kms.katalon.core.main.TestCaseMain$startTestSuite$0.call(Unknown Source)
	at TempTestSuite1572536122144.run(TempTestSuite1572536122144.groovy:36)
Caused by: com.kms.katalon.core.webui.exception.WebElementNotFoundException: Web element with id: 'Object Repository/Members/Page_Members Area/input_Password_password' located by 'By.xpath: //input[@id = 'password' and @name = 'password' and @type = 'password']' not found
	at com.kms.katalon.core.webui.common.WebUiCommonHelper.findWebElement(WebUiCommonHelper.java:1113)
	at com.kms.katalon.core.webui.keyword.internal.WebUIAbstractKeyword.findWebElement(WebUIAbstractKeyword.groovy:27)
	at com.kms.katalon.core.webui.keyword.internal.WebUIAbstractKeyword.findWebElement(WebUIAbstractKeyword.groovy:26)
	at com.kms.katalon.core.webui.keyword.builtin.SetTextKeyword$_setText_closure1.doCall(SetTextKeyword.groovy:51)
	at com.kms.katalon.core.webui.keyword.builtin.SetTextKeyword$_setText_closure1.call(SetTextKeyword.groovy)
	at com.kms.katalon.core.webui.keyword.internal.WebUIKeywordMain.runKeyword(WebUIKeywordMain.groovy:20)
	at com.kms.katalon.core.webui.keyword.builtin.SetTextKeyword.setText(SetTextKeyword.groovy:66)
	at com.kms.katalon.core.webui.keyword.builtin.SetTextKeyword.execute(SetTextKeyword.groovy:37)
	at com.kms.katalon.core.keyword.internal.KeywordExecutor.executeKeywordForPlatform(KeywordExecutor.groovy:60)
	at com.kms.katalon.core.webui.keyword.WebUiBuiltInKeywords.setText(WebUiBuiltInKeywords.groovy:950)
	at com.kms.katalon.core.webui.keyword.WebUiBuiltInKeywords$setText$5.call(Unknown Source)
	at Script1568110348104.run(Script1568110348104.groovy:62)
	at com.kms.katalon.core.main.ScriptEngine.run(ScriptEngine.java:194)
	at com.kms.katalon.core.main.ScriptEngine.runScriptAsRawText(ScriptEngine.java:119)
	at com.kms.katalon.core.main.TestCaseExecutor.runScript(TestCaseExecutor.java:337)
	at com.kms.katalon.core.main.TestCaseExecutor.doExecute(TestCaseExecutor.java:328)
	at com.kms.katalon.core.main.TestCaseExecutor.processExecutionPhase(TestCaseExecutor.java:307)
	at com.kms.katalon.core.main.TestCaseExecutor.accessMainPhase(TestCaseExecutor.java:299)
	at com.kms.katalon.core.main.TestCaseExecutor.execute(TestCaseExecutor.java:233)
	at com.kms.katalon.core.main.TestCaseMain.runTestCase(TestCaseMain.java:114)
	at com.kms.katalon.core.keyword.builtin.CallTestCaseKeyword$_callTestCase_closure1.doCall(CallTestCaseKeyword.groovy:59)
	at com.kms.katalon.core.keyword.builtin.CallTestCaseKeyword$_callTestCase_closure1.call(CallTestCaseKeyword.groovy)
	at com.kms.katalon.core.keyword.internal.KeywordMain.runKeyword(KeywordMain.groovy:68)
	at com.kms.katalon.core.keyword.builtin.CallTestCaseKeyword.callTestCase(CallTestCaseKeyword.groovy:81)
	at com.kms.katalon.core.keyword.builtin.CallTestCaseKeyword.execute(CallTestCaseKeyword.groovy:44)
	at com.kms.katalon.core.keyword.internal.KeywordExecutor.executeKeywordForPlatform(KeywordExecutor.groovy:60)
	at com.kms.katalon.core.keyword.BuiltinKeywords.callTestCase(BuiltinKeywords.groovy:334)
	at Script1569934034932.run(Script1569934034932.groovy:70)
	... 13 more
)
[[ATTACHMENT|C:\\Users\\davidho\\Katalon Studio\\Start\\Reports\\20191031_153516\\Members_Received_Negative_Feedback\\20191031_153522\\1572536425928.png]]

2019-10-31 15:40:26 - [TEST_STEP][FAILED] - click(findTestObject("Object Repository/Members/Page_Members Area/button_Log in")): Unable to click on object 'Object Repository/Members/Page_Members Area/button_Log in' (Root cause: com.kms.katalon.core.exception.StepFailedException: Unable to click on object 'Object Repository/Members/Page_Members Area/button_Log in'
	at com.kms.katalon.core.webui.keyword.internal.WebUIKeywordMain.stepFailed(WebUIKeywordMain.groovy:64)
	at com.kms.katalon.core.webui.keyword.internal.WebUIKeywordMain.runKeyword(WebUIKeywordMain.groovy:26)
	at com.kms.katalon.core.webui.keyword.builtin.ClickKeyword.click(ClickKeyword.groovy:79)
	at com.kms.katalon.core.webui.keyword.builtin.ClickKeyword.execute(ClickKeyword.groovy:42)
	at com.kms.katalon.core.keyword.internal.KeywordExecutor.executeKeywordForPlatform(KeywordExecutor.groovy:60)
	at com.kms.katalon.core.webui.keyword.WebUiBuiltInKeywords.click(WebUiBuiltInKeywords.groovy:616)
	at com.kms.katalon.core.webui.keyword.WebUiBuiltInKeywords$click$4.call(Unknown Source)
	at log_On.run(log_On:68)
	at com.kms.katalon.core.main.ScriptEngine.run(ScriptEngine.java:194)
	at com.kms.katalon.core.main.ScriptEngine.runScriptAsRawText(ScriptEngine.java:119)
	at com.kms.katalon.core.main.TestCaseExecutor.runScript(TestCaseExecutor.java:337)
	at com.kms.katalon.core.main.TestCaseExecutor.doExecute(TestCaseExecutor.java:328)
	at com.kms.katalon.core.main.TestCaseExecutor.processExecutionPhase(TestCaseExecutor.java:307)
	at com.kms.katalon.core.main.TestCaseExecutor.accessMainPhase(TestCaseExecutor.java:299)
	at com.kms.katalon.core.main.TestCaseExecutor.execute(TestCaseExecutor.java:233)
	at com.kms.katalon.core.main.TestCaseMain.runTestCase(TestCaseMain.java:114)
	at com.kms.katalon.core.keyword.builtin.CallTestCaseKeyword$_callTestCase_closure1.doCall(CallTestCaseKeyword.groovy:59)
	at com.kms.katalon.core.keyword.builtin.CallTestCaseKeyword$_callTestCase_closure1.call(CallTestCaseKeyword.groovy)
	at com.kms.katalon.core.keyword.internal.KeywordMain.runKeyword(KeywordMain.groovy:68)
	at com.kms.katalon.core.keyword.builtin.CallTestCaseKeyword.callTestCase(CallTestCaseKeyword.groovy:81)
	at com.kms.katalon.core.keyword.builtin.CallTestCaseKeyword.execute(CallTestCaseKeyword.groovy:44)
	at com.kms.katalon.core.keyword.internal.KeywordExecutor.executeKeywordForPlatform(KeywordExecutor.groovy:60)
	at com.kms.katalon.core.keyword.BuiltinKeywords.callTestCase(BuiltinKeywords.groovy:334)
	at Received_Negative_Review.run(Received_Negative_Review:70)
	at com.kms.katalon.core.main.ScriptEngine.run(ScriptEngine.java:194)
	at com.kms.katalon.core.main.ScriptEngine.runScriptAsRawText(ScriptEngine.java:119)
	at com.kms.katalon.core.main.TestCaseExecutor.runScript(TestCaseExecutor.java:337)
	at com.kms.katalon.core.main.TestCaseExecutor.doExecute(TestCaseExecutor.java:328)
	at com.kms.katalon.core.main.TestCaseExecutor.processExecutionPhase(TestCaseExecutor.java:307)
	at com.kms.katalon.core.main.TestCaseExecutor.accessMainPhase(TestCaseExecutor.java:299)
	at com.kms.katalon.core.main.TestCaseExecutor.execute(TestCaseExecutor.java:233)
	at com.kms.katalon.core.main.TestSuiteExecutor.accessTestCaseMainPhase(TestSuiteExecutor.java:169)
	at com.kms.katalon.core.main.TestSuiteExecutor.accessTestSuiteMainPhase(TestSuiteExecutor.java:142)
	at com.kms.katalon.core.main.TestSuiteExecutor.execute(TestSuiteExecutor.java:91)
	at com.kms.katalon.core.main.TestCaseMain.startTestSuite(TestCaseMain.java:157)
	at com.kms.katalon.core.main.TestCaseMain$startTestSuite$0.call(Unknown Source)
	at TempTestSuite1572536122144.run(TempTestSuite1572536122144.groovy:36)
Caused by: com.kms.katalon.core.webui.exception.WebElementNotFoundException: Web element with id: 'Object Repository/Members/Page_Members Area/button_Log in' located by 'By.xpath: //button[@type = 'submit' and (text() = ' Log in ' or . = ' Log in ')]' not found
	at com.kms.katalon.core.webui.common.WebUiCommonHelper.findWebElement(WebUiCommonHelper.java:1113)
	at com.kms.katalon.core.webui.keyword.internal.WebUIAbstractKeyword.findWebElement(WebUIAbstractKeyword.groovy:27)
	at com.kms.katalon.core.webui.keyword.internal.WebUIAbstractKeyword.findWebElement(WebUIAbstractKeyword.groovy:26)
	at com.kms.katalon.core.webui.keyword.builtin.ClickKeyword$_click_closure1.doCall(ClickKeyword.groovy:52)
	at com.kms.katalon.core.webui.keyword.builtin.ClickKeyword$_click_closure1.call(ClickKeyword.groovy)
	at com.kms.katalon.core.webui.keyword.internal.WebUIKeywordMain.runKeyword(WebUIKeywordMain.groovy:20)
	at com.kms.katalon.core.webui.keyword.builtin.ClickKeyword.click(ClickKeyword.groovy:79)
	at com.kms.katalon.core.webui.keyword.builtin.ClickKeyword.execute(ClickKeyword.groovy:42)
	at com.kms.katalon.core.keyword.internal.KeywordExecutor.executeKeywordForPlatform(KeywordExecutor.groovy:60)
	at com.kms.katalon.core.webui.keyword.WebUiBuiltInKeywords.click(WebUiBuiltInKeywords.groovy:616)
	at com.kms.katalon.core.webui.keyword.WebUiBuiltInKeywords$click$4.call(Unknown Source)
	at Script1568110348104.run(Script1568110348104.groovy:68)
	at com.kms.katalon.core.main.ScriptEngine.run(ScriptEngine.java:194)
	at com.kms.katalon.core.main.ScriptEngine.runScriptAsRawText(ScriptEngine.java:119)
	at com.kms.katalon.core.main.TestCaseExecutor.runScript(TestCaseExecutor.java:337)
	at com.kms.katalon.core.main.TestCaseExecutor.doExecute(TestCaseExecutor.java:328)
	at com.kms.katalon.core.main.TestCaseExecutor.processExecutionPhase(TestCaseExecutor.java:307)
	at com.kms.katalon.core.main.TestCaseExecutor.accessMainPhase(TestCaseExecutor.java:299)
	at com.kms.katalon.core.main.TestCaseExecutor.execute(TestCaseExecutor.java:233)
	at com.kms.katalon.core.main.TestCaseMain.runTestCase(TestCaseMain.java:114)
	at com.kms.katalon.core.keyword.builtin.CallTestCaseKeyword$_callTestCase_closure1.doCall(CallTestCaseKeyword.groovy:59)
	at com.kms.katalon.core.keyword.builtin.CallTestCaseKeyword$_callTestCase_closure1.call(CallTestCaseKeyword.groovy)
	at com.kms.katalon.core.keyword.internal.KeywordMain.runKeyword(KeywordMain.groovy:68)
	at com.kms.katalon.core.keyword.builtin.CallTestCaseKeyword.callTestCase(CallTestCaseKeyword.groovy:81)
	at com.kms.katalon.core.keyword.builtin.CallTestCaseKeyword.execute(CallTestCaseKeyword.groovy:44)
	at com.kms.katalon.core.keyword.internal.KeywordExecutor.executeKeywordForPlatform(KeywordExecutor.groovy:60)
	at com.kms.katalon.core.keyword.BuiltinKeywords.callTestCase(BuiltinKeywords.groovy:334)
	at Script1569934034932.run(Script1569934034932.groovy:70)
	... 13 more
)

2019-10-31 15:41:01 - [MESSAGE][INFO] - Unable to find the element located by 'By.xpath: //button[@type = 'submit' and (text() = ' Log in ' or . = ' Log in ')]'. Please recheck the objects properties to make sure the desired element is located. 

2019-10-31 15:41:02 - [MESSAGE][FAILED] - Unable to click on object 'Object Repository/Members/Page_Members Area/button_Log in' (Root cause: com.kms.katalon.core.exception.StepFailedException: Unable to click on object 'Object Repository/Members/Page_Members Area/button_Log in'
	at com.kms.katalon.core.webui.keyword.internal.WebUIKeywordMain.stepFailed(WebUIKeywordMain.groovy:64)
	at com.kms.katalon.core.webui.keyword.internal.WebUIKeywordMain.runKeyword(WebUIKeywordMain.groovy:26)
	at com.kms.katalon.core.webui.keyword.builtin.ClickKeyword.click(ClickKeyword.groovy:79)
	at com.kms.katalon.core.webui.keyword.builtin.ClickKeyword.execute(ClickKeyword.groovy:42)
	at com.kms.katalon.core.keyword.internal.KeywordExecutor.executeKeywordForPlatform(KeywordExecutor.groovy:60)
	at com.kms.katalon.core.webui.keyword.WebUiBuiltInKeywords.click(WebUiBuiltInKeywords.groovy:616)
	at com.kms.katalon.core.webui.keyword.WebUiBuiltInKeywords$click$4.call(Unknown Source)
	at log_On.run(log_On:68)
	at com.kms.katalon.core.main.ScriptEngine.run(ScriptEngine.java:194)
	at com.kms.katalon.core.main.ScriptEngine.runScriptAsRawText(ScriptEngine.java:119)
	at com.kms.katalon.core.main.TestCaseExecutor.runScript(TestCaseExecutor.java:337)
	at com.kms.katalon.core.main.TestCaseExecutor.doExecute(TestCaseExecutor.java:328)
	at com.kms.katalon.core.main.TestCaseExecutor.processExecutionPhase(TestCaseExecutor.java:307)
	at com.kms.katalon.core.main.TestCaseExecutor.accessMainPhase(TestCaseExecutor.java:299)
	at com.kms.katalon.core.main.TestCaseExecutor.execute(TestCaseExecutor.java:233)
	at com.kms.katalon.core.main.TestCaseMain.runTestCase(TestCaseMain.java:114)
	at com.kms.katalon.core.keyword.builtin.CallTestCaseKeyword$_callTestCase_closure1.doCall(CallTestCaseKeyword.groovy:59)
	at com.kms.katalon.core.keyword.builtin.CallTestCaseKeyword$_callTestCase_closure1.call(CallTestCaseKeyword.groovy)
	at com.kms.katalon.core.keyword.internal.KeywordMain.runKeyword(KeywordMain.groovy:68)
	at com.kms.katalon.core.keyword.builtin.CallTestCaseKeyword.callTestCase(CallTestCaseKeyword.groovy:81)
	at com.kms.katalon.core.keyword.builtin.CallTestCaseKeyword.execute(CallTestCaseKeyword.groovy:44)
	at com.kms.katalon.core.keyword.internal.KeywordExecutor.executeKeywordForPlatform(KeywordExecutor.groovy:60)
	at com.kms.katalon.core.keyword.BuiltinKeywords.callTestCase(BuiltinKeywords.groovy:334)
	at Received_Negative_Review.run(Received_Negative_Review:70)
	at com.kms.katalon.core.main.ScriptEngine.run(ScriptEngine.java:194)
	at com.kms.katalon.core.main.ScriptEngine.runScriptAsRawText(ScriptEngine.java:119)
	at com.kms.katalon.core.main.TestCaseExecutor.runScript(TestCaseExecutor.java:337)
	at com.kms.katalon.core.main.TestCaseExecutor.doExecute(TestCaseExecutor.java:328)
	at com.kms.katalon.core.main.TestCaseExecutor.processExecutionPhase(TestCaseExecutor.java:307)
	at com.kms.katalon.core.main.TestCaseExecutor.accessMainPhase(TestCaseExecutor.java:299)
	at com.kms.katalon.core.main.TestCaseExecutor.execute(TestCaseExecutor.java:233)
	at com.kms.katalon.core.main.TestSuiteExecutor.accessTestCaseMainPhase(TestSuiteExecutor.java:169)
	at com.kms.katalon.core.main.TestSuiteExecutor.accessTestSuiteMainPhase(TestSuiteExecutor.java:142)
	at com.kms.katalon.core.main.TestSuiteExecutor.execute(TestSuiteExecutor.java:91)
	at com.kms.katalon.core.main.TestCaseMain.startTestSuite(TestCaseMain.java:157)
	at com.kms.katalon.core.main.TestCaseMain$startTestSuite$0.call(Unknown Source)
	at TempTestSuite1572536122144.run(TempTestSuite1572536122144.groovy:36)
Caused by: com.kms.katalon.core.webui.exception.WebElementNotFoundException: Web element with id: 'Object Repository/Members/Page_Members Area/button_Log in' located by 'By.xpath: //button[@type = 'submit' and (text() = ' Log in ' or . = ' Log in ')]' not found
	at com.kms.katalon.core.webui.common.WebUiCommonHelper.findWebElement(WebUiCommonHelper.java:1113)
	at com.kms.katalon.core.webui.keyword.internal.WebUIAbstractKeyword.findWebElement(WebUIAbstractKeyword.groovy:27)
	at com.kms.katalon.core.webui.keyword.internal.WebUIAbstractKeyword.findWebElement(WebUIAbstractKeyword.groovy:26)
	at com.kms.katalon.core.webui.keyword.builtin.ClickKeyword$_click_closure1.doCall(ClickKeyword.groovy:52)
	at com.kms.katalon.core.webui.keyword.builtin.ClickKeyword$_click_closure1.call(ClickKeyword.groovy)
	at com.kms.katalon.core.webui.keyword.internal.WebUIKeywordMain.runKeyword(WebUIKeywordMain.groovy:20)
	at com.kms.katalon.core.webui.keyword.builtin.ClickKeyword.click(ClickKeyword.groovy:79)
	at com.kms.katalon.core.webui.keyword.builtin.ClickKeyword.execute(ClickKeyword.groovy:42)
	at com.kms.katalon.core.keyword.internal.KeywordExecutor.executeKeywordForPlatform(KeywordExecutor.groovy:60)
	at com.kms.katalon.core.webui.keyword.WebUiBuiltInKeywords.click(WebUiBuiltInKeywords.groovy:616)
	at com.kms.katalon.core.webui.keyword.WebUiBuiltInKeywords$click$4.call(Unknown Source)
	at Script1568110348104.run(Script1568110348104.groovy:68)
	at com.kms.katalon.core.main.ScriptEngine.run(ScriptEngine.java:194)
	at com.kms.katalon.core.main.ScriptEngine.runScriptAsRawText(ScriptEngine.java:119)
	at com.kms.katalon.core.main.TestCaseExecutor.runScript(TestCaseExecutor.java:337)
	at com.kms.katalon.core.main.TestCaseExecutor.doExecute(TestCaseExecutor.java:328)
	at com.kms.katalon.core.main.TestCaseExecutor.processExecutionPhase(TestCaseExecutor.java:307)
	at com.kms.katalon.core.main.TestCaseExecutor.accessMainPhase(TestCaseExecutor.java:299)
	at com.kms.katalon.core.main.TestCaseExecutor.execute(TestCaseExecutor.java:233)
	at com.kms.katalon.core.main.TestCaseMain.runTestCase(TestCaseMain.java:114)
	at com.kms.katalon.core.keyword.builtin.CallTestCaseKeyword$_callTestCase_closure1.doCall(CallTestCaseKeyword.groovy:59)
	at com.kms.katalon.core.keyword.builtin.CallTestCaseKeyword$_callTestCase_closure1.call(CallTestCaseKeyword.groovy)
	at com.kms.katalon.core.keyword.internal.KeywordMain.runKeyword(KeywordMain.groovy:68)
	at com.kms.katalon.core.keyword.builtin.CallTestCaseKeyword.callTestCase(CallTestCaseKeyword.groovy:81)
	at com.kms.katalon.core.keyword.builtin.CallTestCaseKeyword.execute(CallTestCaseKeyword.groovy:44)
	at com.kms.katalon.core.keyword.internal.KeywordExecutor.executeKeywordForPlatform(KeywordExecutor.groovy:60)
	at com.kms.katalon.core.keyword.BuiltinKeywords.callTestCase(BuiltinKeywords.groovy:334)
	at Script1569934034932.run(Script1569934034932.groovy:70)
	... 13 more
)
[[ATTACHMENT|C:\\Users\\davidho\\Katalon Studio\\Start\\Reports\\20191031_153516\\Members_Received_Negative_Feedback\\20191031_153522\\1572536461741.png]]

2019-10-31 15:41:02 - [MESSAGE][WARNING] - Unable to call Test Case 'Test Cases/Reusable_Test_Sequences/Members_Area/log_On' (Root cause: com.kms.katalon.core.exception.StepFailedException: Call Test Case 'Test Cases/Reusable_Test_Sequences/Members_Area/log_On' failed
	at com.kms.katalon.core.keyword.builtin.CallTestCaseKeyword$_callTestCase_closure1.doCall(CallTestCaseKeyword.groovy:63)
	at com.kms.katalon.core.keyword.builtin.CallTestCaseKeyword$_callTestCase_closure1.call(CallTestCaseKeyword.groovy)
	at com.kms.katalon.core.keyword.internal.KeywordMain.runKeyword(KeywordMain.groovy:68)
	at com.kms.katalon.core.keyword.builtin.CallTestCaseKeyword.callTestCase(CallTestCaseKeyword.groovy:81)
	at com.kms.katalon.core.keyword.builtin.CallTestCaseKeyword.execute(CallTestCaseKeyword.groovy:44)
	at com.kms.katalon.core.keyword.internal.KeywordExecutor.executeKeywordForPlatform(KeywordExecutor.groovy:60)
	at com.kms.katalon.core.keyword.BuiltinKeywords.callTestCase(BuiltinKeywords.groovy:334)
	at Received_Negative_Review.run(Received_Negative_Review:70)
	at com.kms.katalon.core.main.ScriptEngine.run(ScriptEngine.java:194)
	at com.kms.katalon.core.main.ScriptEngine.runScriptAsRawText(ScriptEngine.java:119)
	at com.kms.katalon.core.main.TestCaseExecutor.runScript(TestCaseExecutor.java:337)
	at com.kms.katalon.core.main.TestCaseExecutor.doExecute(TestCaseExecutor.java:328)
	at com.kms.katalon.core.main.TestCaseExecutor.processExecutionPhase(TestCaseExecutor.java:307)
	at com.kms.katalon.core.main.TestCaseExecutor.accessMainPhase(TestCaseExecutor.java:299)
	at com.kms.katalon.core.main.TestCaseExecutor.execute(TestCaseExecutor.java:233)
	at com.kms.katalon.core.main.TestSuiteExecutor.accessTestCaseMainPhase(TestSuiteExecutor.java:169)
	at com.kms.katalon.core.main.TestSuiteExecutor.accessTestSuiteMainPhase(TestSuiteExecutor.java:142)
	at com.kms.katalon.core.main.TestSuiteExecutor.execute(TestSuiteExecutor.java:91)
	at com.kms.katalon.core.main.TestCaseMain.startTestSuite(TestCaseMain.java:157)
	at com.kms.katalon.core.main.TestCaseMain$startTestSuite$0.call(Unknown Source)
	at TempTestSuite1572536122144.run(TempTestSuite1572536122144.groovy:36)
Caused by: com.kms.katalon.core.exception.StepFailedException: Unable to click on object 'Object Repository/Members/Page_Members Area/input_Username_username' (Root cause: com.kms.katalon.core.exception.StepFailedException: Unable to click on object 'Object Repository/Members/Page_Members Area/input_Username_username'
	at com.kms.katalon.core.webui.keyword.internal.WebUIKeywordMain.stepFailed(WebUIKeywordMain.groovy:64)
	at com.kms.katalon.core.webui.keyword.internal.WebUIKeywordMain.runKeyword(WebUIKeywordMain.groovy:26)
	at com.kms.katalon.core.webui.keyword.builtin.ClickKeyword.click(ClickKeyword.groovy:79)
	at com.kms.katalon.core.webui.keyword.builtin.ClickKeyword.execute(ClickKeyword.groovy:42)
	at com.kms.katalon.core.keyword.internal.KeywordExecutor.executeKeywordForPlatform(KeywordExecutor.groovy:60)
	at com.kms.katalon.core.webui.keyword.WebUiBuiltInKeywords.click(WebUiBuiltInKeywords.groovy:616)
	at com.kms.katalon.core.webui.keyword.WebUiBuiltInKeywords$click$4.call(Unknown Source)
	at log_On.run(log_On:54)
	at com.kms.katalon.core.main.ScriptEngine.run(ScriptEngine.java:194)
	at com.kms.katalon.core.main.ScriptEngine.runScriptAsRawText(ScriptEngine.java:119)
	at com.kms.katalon.core.main.TestCaseExecutor.runScript(TestCaseExecutor.java:337)
	at com.kms.katalon.core.main.TestCaseExecutor.doExecute(TestCaseExecutor.java:328)
	at com.kms.katalon.core.main.TestCaseExecutor.processExecutionPhase(TestCaseExecutor.java:307)
	at com.kms.katalon.core.main.TestCaseExecutor.accessMainPhase(TestCaseExecutor.java:299)
	at com.kms.katalon.core.main.TestCaseExecutor.execute(TestCaseExecutor.java:233)
	at com.kms.katalon.core.main.TestCaseMain.runTestCase(TestCaseMain.java:114)
	at com.kms.katalon.core.keyword.builtin.CallTestCaseKeyword$_callTestCase_closure1.doCall(CallTestCaseKeyword.groovy:59)
	at com.kms.katalon.core.keyword.builtin.CallTestCaseKeyword$_callTestCase_closure1.call(CallTestCaseKeyword.groovy)
	at com.kms.katalon.core.keyword.internal.KeywordMain.runKeyword(KeywordMain.groovy:68)
	at com.kms.katalon.core.keyword.builtin.CallTestCaseKeyword.callTestCase(CallTestCaseKeyword.groovy:81)
	at com.kms.katalon.core.keyword.builtin.CallTestCaseKeyword.execute(CallTestCaseKeyword.groovy:44)
	at com.kms.katalon.core.keyword.internal.KeywordExecutor.executeKeywordForPlatform(KeywordExecutor.groovy:60)
	at com.kms.katalon.core.keyword.BuiltinKeywords.callTestCase(BuiltinKeywords.groovy:334)
	at Received_Negative_Review.run(Received_Negative_Review:70)
	at com.kms.katalon.core.main.ScriptEngine.run(ScriptEngine.java:194)
	at com.kms.katalon.core.main.ScriptEngine.runScriptAsRawText(ScriptEngine.java:119)
	at com.kms.katalon.core.main.TestCaseExecutor.runScript(TestCaseExecutor.java:337)
	at com.kms.katalon.core.main.TestCaseExecutor.doExecute(TestCaseExecutor.java:328)
	at com.kms.katalon.core.main.TestCaseExecutor.processExecutionPhase(TestCaseExecutor.java:307)
	at com.kms.katalon.core.main.TestCaseExecutor.accessMainPhase(TestCaseExecutor.java:299)
	at com.kms.katalon.core.main.TestCaseExecutor.execute(TestCaseExecutor.java:233)
	at com.kms.katalon.core.main.TestSuiteExecutor.accessTestCaseMainPhase(TestSuiteExecutor.java:169)
	at com.kms.katalon.core.main.TestSuiteExecutor.accessTestSuiteMainPhase(TestSuiteExecutor.java:142)
	at com.kms.katalon.core.main.TestSuiteExecutor.execute(TestSuiteExecutor.java:91)
	at com.kms.katalon.core.main.TestCaseMain.startTestSuite(TestCaseMain.java:157)
	at com.kms.katalon.core.main.TestCaseMain$startTestSuite$0.call(Unknown Source)
	at TempTestSuite1572536122144.run(TempTestSuite1572536122144.groovy:36)
Caused by: com.kms.katalon.core.webui.exception.WebElementNotFoundException: Web element with id: 'Object Repository/Members/Page_Members Area/input_Username_username' located by 'By.xpath: //input[@id = 'username' and @name = 'username' and @type = 'text']' not found
	at com.kms.katalon.core.webui.common.WebUiCommonHelper.findWebElement(WebUiCommonHelper.java:1113)
	at com.kms.katalon.core.webui.keyword.internal.WebUIAbstractKeyword.findWebElement(WebUIAbstractKeyword.groovy:27)
	at com.kms.katalon.core.webui.keyword.internal.WebUIAbstractKeyword.findWebElement(WebUIAbstractKeyword.groovy:26)
	at com.kms.katalon.core.webui.keyword.builtin.ClickKeyword$_click_closure1.doCall(ClickKeyword.groovy:52)
	at com.kms.katalon.core.webui.keyword.builtin.ClickKeyword$_click_closure1.call(ClickKeyword.groovy)
	at com.kms.katalon.core.webui.keyword.internal.WebUIKeywordMain.runKeyword(WebUIKeywordMain.groovy:20)
	at com.kms.katalon.core.webui.keyword.builtin.ClickKeyword.click(ClickKeyword.groovy:79)
	at com.kms.katalon.core.webui.keyword.builtin.ClickKeyword.execute(ClickKeyword.groovy:42)
	at com.kms.katalon.core.keyword.internal.KeywordExecutor.executeKeywordForPlatform(KeywordExecutor.groovy:60)
	at com.kms.katalon.core.webui.keyword.WebUiBuiltInKeywords.click(WebUiBuiltInKeywords.groovy:616)
	at com.kms.katalon.core.webui.keyword.WebUiBuiltInKeywords$click$4.call(Unknown Source)
	at Script1568110348104.run(Script1568110348104.groovy:54)
	at com.kms.katalon.core.main.ScriptEngine.run(ScriptEngine.java:194)
	at com.kms.katalon.core.main.ScriptEngine.runScriptAsRawText(ScriptEngine.java:119)
	at com.kms.katalon.core.main.TestCaseExecutor.runScript(TestCaseExecutor.java:337)
	at com.kms.katalon.core.main.TestCaseExecutor.doExecute(TestCaseExecutor.java:328)
	at com.kms.katalon.core.main.TestCaseExecutor.processExecutionPhase(TestCaseExecutor.java:307)
	at com.kms.katalon.core.main.TestCaseExecutor.accessMainPhase(TestCaseExecutor.java:299)
	at com.kms.katalon.core.main.TestCaseExecutor.execute(TestCaseExecutor.java:233)
	at com.kms.katalon.core.main.TestCaseMain.runTestCase(TestCaseMain.java:114)
	at com.kms.katalon.core.keyword.builtin.CallTestCaseKeyword$_callTestCase_closure1.doCall(CallTestCaseKeyword.groovy:59)
	at com.kms.katalon.core.keyword.builtin.CallTestCaseKeyword$_callTestCase_closure1.call(CallTestCaseKeyword.groovy)
	at com.kms.katalon.core.keyword.internal.KeywordMain.runKeyword(KeywordMain.groovy:68)
	at com.kms.katalon.core.keyword.builtin.CallTestCaseKeyword.callTestCase(CallTestCaseKeyword.groovy:81)
	at com.kms.katalon.core.keyword.builtin.CallTestCaseKeyword.execute(CallTestCaseKeyword.groovy:44)
	at com.kms.katalon.core.keyword.internal.KeywordExecutor.executeKeywordForPlatform(KeywordExecutor.groovy:60)
	at com.kms.katalon.core.keyword.BuiltinKeywords.callTestCase(BuiltinKeywords.groovy:334)
	at Script1569934034932.run(Script1569934034932.groovy:70)
	... 13 more
)
	at com.kms.katalon.core.keyword.internal.KeywordMain.stepFailed(KeywordMain.groovy:39)
	at com.kms.katalon.core.webui.keyword.internal.WebUIKeywordMain.stepFailed(WebUIKeywordMain.groovy:64)
	at com.kms.katalon.core.webui.keyword.internal.WebUIKeywordMain.runKeyword(WebUIKeywordMain.groovy:26)
	at com.kms.katalon.core.webui.keyword.builtin.ClickKeyword.click(ClickKeyword.groovy:79)
	at com.kms.katalon.core.webui.keyword.builtin.ClickKeyword.execute(ClickKeyword.groovy:42)
	at com.kms.katalon.core.keyword.internal.KeywordExecutor.executeKeywordForPlatform(KeywordExecutor.groovy:60)
	at com.kms.katalon.core.webui.keyword.WebUiBuiltInKeywords.click(WebUiBuiltInKeywords.groovy:616)
	at com.kms.katalon.core.webui.keyword.WebUiBuiltInKeywords$click$4.call(Unknown Source)
	at log_On.run(log_On:54)
	at com.kms.katalon.core.main.ScriptEngine.run(ScriptEngine.java:194)
	at com.kms.katalon.core.main.ScriptEngine.runScriptAsRawText(ScriptEngine.java:119)
	at com.kms.katalon.core.main.TestCaseExecutor.runScript(TestCaseExecutor.java:337)
	at com.kms.katalon.core.main.TestCaseExecutor.doExecute(TestCaseExecutor.java:328)
	at com.kms.katalon.core.main.TestCaseExecutor.processExecutionPhase(TestCaseExecutor.java:307)
	at com.kms.katalon.core.main.TestCaseExecutor.accessMainPhase(TestCaseExecutor.java:299)
	at com.kms.katalon.core.main.TestCaseExecutor.execute(TestCaseExecutor.java:233)
	at com.kms.katalon.core.main.TestCaseMain.runTestCase(TestCaseMain.java:114)
	at com.kms.katalon.core.keyword.builtin.CallTestCaseKeyword$_callTestCase_closure1.doCall(CallTestCaseKeyword.groovy:59)
	... 20 more
Caused by: com.kms.katalon.core.exception.StepFailedException: Unable to click on object 'Object Repository/Members/Page_Members Area/input_Username_username'
	... 37 more
Caused by: com.kms.katalon.core.webui.exception.WebElementNotFoundException: Web element with id: 'Object Repository/Members/Page_Members Area/input_Username_username' located by 'By.xpath: //input[@id = 'username' and @name = 'username' and @type = 'text']' not found
	at com.kms.katalon.core.webui.common.WebUiCommonHelper.findWebElement(WebUiCommonHelper.java:1113)
	at com.kms.katalon.core.webui.keyword.internal.WebUIAbstractKeyword.findWebElement(WebUIAbstractKeyword.groovy:27)
	at com.kms.katalon.core.webui.keyword.internal.WebUIAbstractKeyword.findWebElement(WebUIAbstractKeyword.groovy:26)
	at com.kms.katalon.core.webui.keyword.builtin.ClickKeyword$_click_closure1.doCall(ClickKeyword.groovy:52)
	at com.kms.katalon.core.webui.keyword.builtin.ClickKeyword$_click_closure1.call(ClickKeyword.groovy)
	at com.kms.katalon.core.webui.keyword.internal.WebUIKeywordMain.runKeyword(WebUIKeywordMain.groovy:20)
	... 35 more
)

2019-10-31 15:41:02 - [TEST_STEP][FAILED] - callTestCase(findTestCase("Reusable_Test_Sequences/Members_Area/Area_Menu/Your_Customers/Received_Negative_Review"), [:], CONTINUE_ON_FAILURE): Unable to call Test Case 'Test Cases/Reusable_Test_Sequences/Members_Area/Area_Menu/Your_Customers/Received_Negative_Review' (Root cause: com.kms.katalon.core.exception.StepFailedException: Call Test Case 'Test Cases/Reusable_Test_Sequences/Members_Area/Area_Menu/Your_Customers/Received_Negative_Review' failed
	at com.kms.katalon.core.keyword.builtin.CallTestCaseKeyword$_callTestCase_closure1.doCall(CallTestCaseKeyword.groovy:63)
	at com.kms.katalon.core.keyword.builtin.CallTestCaseKeyword$_callTestCase_closure1.call(CallTestCaseKeyword.groovy)
	at com.kms.katalon.core.keyword.internal.KeywordMain.runKeyword(KeywordMain.groovy:68)
	at com.kms.katalon.core.keyword.builtin.CallTestCaseKeyword.callTestCase(CallTestCaseKeyword.groovy:81)
	at com.kms.katalon.core.keyword.builtin.CallTestCaseKeyword.execute(CallTestCaseKeyword.groovy:44)
	at com.kms.katalon.core.keyword.internal.KeywordExecutor.executeKeywordForPlatform(KeywordExecutor.groovy:60)
	at com.kms.katalon.core.keyword.BuiltinKeywords.callTestCase(BuiltinKeywords.groovy:334)
	at Received_Negative_Review.run(Received_Negative_Review:76)
	at com.kms.katalon.core.main.ScriptEngine.run(ScriptEngine.java:194)
	at com.kms.katalon.core.main.ScriptEngine.runScriptAsRawText(ScriptEngine.java:119)
	at com.kms.katalon.core.main.TestCaseExecutor.runScript(TestCaseExecutor.java:337)
	at com.kms.katalon.core.main.TestCaseExecutor.doExecute(TestCaseExecutor.java:328)
	at com.kms.katalon.core.main.TestCaseExecutor.processExecutionPhase(TestCaseExecutor.java:307)
	at com.kms.katalon.core.main.TestCaseExecutor.accessMainPhase(TestCaseExecutor.java:299)
	at com.kms.katalon.core.main.TestCaseExecutor.execute(TestCaseExecutor.java:233)
	at com.kms.katalon.core.main.TestSuiteExecutor.accessTestCaseMainPhase(TestSuiteExecutor.java:169)
	at com.kms.katalon.core.main.TestSuiteExecutor.accessTestSuiteMainPhase(TestSuiteExecutor.java:142)
	at com.kms.katalon.core.main.TestSuiteExecutor.execute(TestSuiteExecutor.java:91)
	at com.kms.katalon.core.main.TestCaseMain.startTestSuite(TestCaseMain.java:157)
	at com.kms.katalon.core.main.TestCaseMain$startTestSuite$0.call(Unknown Source)
	at TempTestSuite1572536122144.run(TempTestSuite1572536122144.groovy:36)
Caused by: com.kms.katalon.core.exception.StepFailedException: Unable to click on object 'Object Repository/Page_Members Area/div_Received a Negative Review' (Root cause: com.kms.katalon.core.exception.StepFailedException: Unable to click on object 'Object Repository/Page_Members Area/div_Received a Negative Review'
	at com.kms.katalon.core.webui.keyword.internal.WebUIKeywordMain.stepFailed(WebUIKeywordMain.groovy:64)
	at com.kms.katalon.core.webui.keyword.internal.WebUIKeywordMain.runKeyword(WebUIKeywordMain.groovy:26)
	at com.kms.katalon.core.webui.keyword.builtin.ClickKeyword.click(ClickKeyword.groovy:79)
	at com.kms.katalon.core.webui.keyword.builtin.ClickKeyword.execute(ClickKeyword.groovy:42)
	at com.kms.katalon.core.keyword.internal.KeywordExecutor.executeKeywordForPlatform(KeywordExecutor.groovy:60)
	at com.kms.katalon.core.webui.keyword.WebUiBuiltInKeywords.click(WebUiBuiltInKeywords.groovy:616)
	at com.kms.katalon.core.webui.keyword.WebUiBuiltInKeywords$click$4.call(Unknown Source)
	at Received_Negative_Review.run(Received_Negative_Review:55)
	at com.kms.katalon.core.main.ScriptEngine.run(ScriptEngine.java:194)
	at com.kms.katalon.core.main.ScriptEngine.runScriptAsRawText(ScriptEngine.java:119)
	at com.kms.katalon.core.main.TestCaseExecutor.runScript(TestCaseExecutor.java:337)
	at com.kms.katalon.core.main.TestCaseExecutor.doExecute(TestCaseExecutor.java:328)
	at com.kms.katalon.core.main.TestCaseExecutor.processExecutionPhase(TestCaseExecutor.java:307)
	at com.kms.katalon.core.main.TestCaseExecutor.accessMainPhase(TestCaseExecutor.java:299)
	at com.kms.katalon.core.main.TestCaseExecutor.execute(TestCaseExecutor.java:233)
	at com.kms.katalon.core.main.TestCaseMain.runTestCase(TestCaseMain.java:114)
	at com.kms.katalon.core.keyword.builtin.CallTestCaseKeyword$_callTestCase_closure1.doCall(CallTestCaseKeyword.groovy:59)
	at com.kms.katalon.core.keyword.builtin.CallTestCaseKeyword$_callTestCase_closure1.call(CallTestCaseKeyword.groovy)
	at com.kms.katalon.core.keyword.internal.KeywordMain.runKeyword(KeywordMain.groovy:68)
	at com.kms.katalon.core.keyword.builtin.CallTestCaseKeyword.callTestCase(CallTestCaseKeyword.groovy:81)
	at com.kms.katalon.core.keyword.builtin.CallTestCaseKeyword.execute(CallTestCaseKeyword.groovy:44)
	at com.kms.katalon.core.keyword.internal.KeywordExecutor.executeKeywordForPlatform(KeywordExecutor.groovy:60)
	at com.kms.katalon.core.keyword.BuiltinKeywords.callTestCase(BuiltinKeywords.groovy:334)
	at Received_Negative_Review.run(Received_Negative_Review:76)
	at com.kms.katalon.core.main.ScriptEngine.run(ScriptEngine.java:194)
	at com.kms.katalon.core.main.ScriptEngine.runScriptAsRawText(ScriptEngine.java:119)
	at com.kms.katalon.core.main.TestCaseExecutor.runScript(TestCaseExecutor.java:337)
	at com.kms.katalon.core.main.TestCaseExecutor.doExecute(TestCaseExecutor.java:328)
	at com.kms.katalon.core.main.TestCaseExecutor.processExecutionPhase(TestCaseExecutor.java:307)
	at com.kms.katalon.core.main.TestCaseExecutor.accessMainPhase(TestCaseExecutor.java:299)
	at com.kms.katalon.core.main.TestCaseExecutor.execute(TestCaseExecutor.java:233)
	at com.kms.katalon.core.main.TestSuiteExecutor.accessTestCaseMainPhase(TestSuiteExecutor.java:169)
	at com.kms.katalon.core.main.TestSuiteExecutor.accessTestSuiteMainPhase(TestSuiteExecutor.java:142)
	at com.kms.katalon.core.main.TestSuiteExecutor.execute(TestSuiteExecutor.java:91)
	at com.kms.katalon.core.main.TestCaseMain.startTestSuite(TestCaseMain.java:157)
	at com.kms.katalon.core.main.TestCaseMain$startTestSuite$0.call(Unknown Source)
	at TempTestSuite1572536122144.run(TempTestSuite1572536122144.groovy:36)
Caused by: com.kms.katalon.core.webui.exception.WebElementNotFoundException: Web element with id: 'Object Repository/Page_Members Area/div_Received a Negative Review' located by 'By.xpath: //div[(text() = 'Received a Negative Review' or . = 'Received a Negative Review')]' not found
	at com.kms.katalon.core.webui.common.WebUiCommonHelper.findWebElement(WebUiCommonHelper.java:1113)
	at com.kms.katalon.core.webui.keyword.internal.WebUIAbstractKeyword.findWebElement(WebUIAbstractKeyword.groovy:27)
	at com.kms.katalon.core.webui.keyword.internal.WebUIAbstractKeyword.findWebElement(WebUIAbstractKeyword.groovy:26)
	at com.kms.katalon.core.webui.keyword.builtin.ClickKeyword$_click_closure1.doCall(ClickKeyword.groovy:52)
	at com.kms.katalon.core.webui.keyword.builtin.ClickKeyword$_click_closure1.call(ClickKeyword.groovy)
	at com.kms.katalon.core.webui.keyword.internal.WebUIKeywordMain.runKeyword(WebUIKeywordMain.groovy:20)
	at com.kms.katalon.core.webui.keyword.builtin.ClickKeyword.click(ClickKeyword.groovy:79)
	at com.kms.katalon.core.webui.keyword.builtin.ClickKeyword.execute(ClickKeyword.groovy:42)
	at com.kms.katalon.core.keyword.internal.KeywordExecutor.executeKeywordForPlatform(KeywordExecutor.groovy:60)
	at com.kms.katalon.core.webui.keyword.WebUiBuiltInKeywords.click(WebUiBuiltInKeywords.groovy:616)
	at com.kms.katalon.core.webui.keyword.WebUiBuiltInKeywords$click$4.call(Unknown Source)
	at Script1568125729640.run(Script1568125729640.groovy:55)
	at com.kms.katalon.core.main.ScriptEngine.run(ScriptEngine.java:194)
	at com.kms.katalon.core.main.ScriptEngine.runScriptAsRawText(ScriptEngine.java:119)
	at com.kms.katalon.core.main.TestCaseExecutor.runScript(TestCaseExecutor.java:337)
	at com.kms.katalon.core.main.TestCaseExecutor.doExecute(TestCaseExecutor.java:328)
	at com.kms.katalon.core.main.TestCaseExecutor.processExecutionPhase(TestCaseExecutor.java:307)
	at com.kms.katalon.core.main.TestCaseExecutor.accessMainPhase(TestCaseExecutor.java:299)
	at com.kms.katalon.core.main.TestCaseExecutor.execute(TestCaseExecutor.java:233)
	at com.kms.katalon.core.main.TestCaseMain.runTestCase(TestCaseMain.java:114)
	at com.kms.katalon.core.keyword.builtin.CallTestCaseKeyword$_callTestCase_closure1.doCall(CallTestCaseKeyword.groovy:59)
	at com.kms.katalon.core.keyword.builtin.CallTestCaseKeyword$_callTestCase_closure1.call(CallTestCaseKeyword.groovy)
	at com.kms.katalon.core.keyword.internal.KeywordMain.runKeyword(KeywordMain.groovy:68)
	at com.kms.katalon.core.keyword.builtin.CallTestCaseKeyword.callTestCase(CallTestCaseKeyword.groovy:81)
	at com.kms.katalon.core.keyword.builtin.CallTestCaseKeyword.execute(CallTestCaseKeyword.groovy:44)
	at com.kms.katalon.core.keyword.internal.KeywordExecutor.executeKeywordForPlatform(KeywordExecutor.groovy:60)
	at com.kms.katalon.core.keyword.BuiltinKeywords.callTestCase(BuiltinKeywords.groovy:334)
	at Script1569934034932.run(Script1569934034932.groovy:76)
	... 13 more
)
	at com.kms.katalon.core.keyword.internal.KeywordMain.stepFailed(KeywordMain.groovy:39)
	at com.kms.katalon.core.webui.keyword.internal.WebUIKeywordMain.stepFailed(WebUIKeywordMain.groovy:64)
	at com.kms.katalon.core.webui.keyword.internal.WebUIKeywordMain.runKeyword(WebUIKeywordMain.groovy:26)
	at com.kms.katalon.core.webui.keyword.builtin.ClickKeyword.click(ClickKeyword.groovy:79)
	at com.kms.katalon.core.webui.keyword.builtin.ClickKeyword.execute(ClickKeyword.groovy:42)
	at com.kms.katalon.core.keyword.internal.KeywordExecutor.executeKeywordForPlatform(KeywordExecutor.groovy:60)
	at com.kms.katalon.core.webui.keyword.WebUiBuiltInKeywords.click(WebUiBuiltInKeywords.groovy:616)
	at com.kms.katalon.core.webui.keyword.WebUiBuiltInKeywords$click$4.call(Unknown Source)
	at Received_Negative_Review.run(Received_Negative_Review:55)
	at com.kms.katalon.core.main.ScriptEngine.run(ScriptEngine.java:194)
	at com.kms.katalon.core.main.ScriptEngine.runScriptAsRawText(ScriptEngine.java:119)
	at com.kms.katalon.core.main.TestCaseExecutor.runScript(TestCaseExecutor.java:337)
	at com.kms.katalon.core.main.TestCaseExecutor.doExecute(TestCaseExecutor.java:328)
	at com.kms.katalon.core.main.TestCaseExecutor.processExecutionPhase(TestCaseExecutor.java:307)
	at com.kms.katalon.core.main.TestCaseExecutor.accessMainPhase(TestCaseExecutor.java:299)
	at com.kms.katalon.core.main.TestCaseExecutor.execute(TestCaseExecutor.java:233)
	at com.kms.katalon.core.main.TestCaseMain.runTestCase(TestCaseMain.java:114)
	at com.kms.katalon.core.keyword.builtin.CallTestCaseKeyword$_callTestCase_closure1.doCall(CallTestCaseKeyword.groovy:59)
	... 20 more
Caused by: com.kms.katalon.core.exception.StepFailedException: Unable to click on object 'Object Repository/Page_Members Area/div_Received a Negative Review'
	... 37 more
Caused by: com.kms.katalon.core.webui.exception.WebElementNotFoundException: Web element with id: 'Object Repository/Page_Members Area/div_Received a Negative Review' located by 'By.xpath: //div[(text() = 'Received a Negative Review' or . = 'Received a Negative Review')]' not found
	at com.kms.katalon.core.webui.common.WebUiCommonHelper.findWebElement(WebUiCommonHelper.java:1113)
	at com.kms.katalon.core.webui.keyword.internal.WebUIAbstractKeyword.findWebElement(WebUIAbstractKeyword.groovy:27)
	at com.kms.katalon.core.webui.keyword.internal.WebUIAbstractKeyword.findWebElement(WebUIAbstractKeyword.groovy:26)
	at com.kms.katalon.core.webui.keyword.builtin.ClickKeyword$_click_closure1.doCall(ClickKeyword.groovy:52)
	at com.kms.katalon.core.webui.keyword.builtin.ClickKeyword$_click_closure1.call(ClickKeyword.groovy)
	at com.kms.katalon.core.webui.keyword.internal.WebUIKeywordMain.runKeyword(WebUIKeywordMain.groovy:20)
	... 35 more
)

2019-10-31 15:41:02 - [TEST_CASE][FAILED] - Test Cases/Reusable_Test_Sequences/Members_Area/Area_Menu/Your_Customers/Received_Negative_Review: Test Cases/Reusable_Test_Sequences/Members_Area/Area_Menu/Your_Customers/Received_Negative_Review FAILED.
Reason:
com.kms.katalon.core.exception.StepFailedException: Unable to click on object 'Object Repository/Page_Members Area/div_Received a Negative Review' (Root cause: com.kms.katalon.core.exception.StepFailedException: Unable to click on object 'Object Repository/Page_Members Area/div_Received a Negative Review'
	at com.kms.katalon.core.webui.keyword.internal.WebUIKeywordMain.stepFailed(WebUIKeywordMain.groovy:64)
	at com.kms.katalon.core.webui.keyword.internal.WebUIKeywordMain.runKeyword(WebUIKeywordMain.groovy:26)
	at com.kms.katalon.core.webui.keyword.builtin.ClickKeyword.click(ClickKeyword.groovy:79)
	at com.kms.katalon.core.webui.keyword.builtin.ClickKeyword.execute(ClickKeyword.groovy:42)
	at com.kms.katalon.core.keyword.internal.KeywordExecutor.executeKeywordForPlatform(KeywordExecutor.groovy:60)
	at com.kms.katalon.core.webui.keyword.WebUiBuiltInKeywords.click(WebUiBuiltInKeywords.groovy:616)
	at com.kms.katalon.core.webui.keyword.WebUiBuiltInKeywords$click$4.call(Unknown Source)
	at Received_Negative_Review.run(Received_Negative_Review:55)
	at com.kms.katalon.core.main.ScriptEngine.run(ScriptEngine.java:194)
	at com.kms.katalon.core.main.ScriptEngine.runScriptAsRawText(ScriptEngine.java:119)
	at com.kms.katalon.core.main.TestCaseExecutor.runScript(TestCaseExecutor.java:337)
	at com.kms.katalon.core.main.TestCaseExecutor.doExecute(TestCaseExecutor.java:328)
	at com.kms.katalon.core.main.TestCaseExecutor.processExecutionPhase(TestCaseExecutor.java:307)
	at com.kms.katalon.core.main.TestCaseExecutor.accessMainPhase(TestCaseExecutor.java:299)
	at com.kms.katalon.core.main.TestCaseExecutor.execute(TestCaseExecutor.java:233)
	at com.kms.katalon.core.main.TestCaseMain.runTestCase(TestCaseMain.java:114)
	at com.kms.katalon.core.keyword.builtin.CallTestCaseKeyword$_callTestCase_closure1.doCall(CallTestCaseKeyword.groovy:59)
	at com.kms.katalon.core.keyword.builtin.CallTestCaseKeyword$_callTestCase_closure1.call(CallTestCaseKeyword.groovy)
	at com.kms.katalon.core.keyword.internal.KeywordMain.runKeyword(KeywordMain.groovy:68)
	at com.kms.katalon.core.keyword.builtin.CallTestCaseKeyword.callTestCase(CallTestCaseKeyword.groovy:81)
	at com.kms.katalon.core.keyword.builtin.CallTestCaseKeyword.execute(CallTestCaseKeyword.groovy:44)
	at com.kms.katalon.core.keyword.internal.KeywordExecutor.executeKeywordForPlatform(KeywordExecutor.groovy:60)
	at com.kms.katalon.core.keyword.BuiltinKeywords.callTestCase(BuiltinKeywords.groovy:334)
	at Received_Negative_Review.run(Received_Negative_Review:76)
	at com.kms.katalon.core.main.ScriptEngine.run(ScriptEngine.java:194)
	at com.kms.katalon.core.main.ScriptEngine.runScriptAsRawText(ScriptEngine.java:119)
	at com.kms.katalon.core.main.TestCaseExecutor.runScript(TestCaseExecutor.java:337)
	at com.kms.katalon.core.main.TestCaseExecutor.doExecute(TestCaseExecutor.java:328)
	at com.kms.katalon.core.main.TestCaseExecutor.processExecutionPhase(TestCaseExecutor.java:307)
	at com.kms.katalon.core.main.TestCaseExecutor.accessMainPhase(TestCaseExecutor.java:299)
	at com.kms.katalon.core.main.TestCaseExecutor.execute(TestCaseExecutor.java:233)
	at com.kms.katalon.core.main.TestSuiteExecutor.accessTestCaseMainPhase(TestSuiteExecutor.java:169)
	at com.kms.katalon.core.main.TestSuiteExecutor.accessTestSuiteMainPhase(TestSuiteExecutor.java:142)
	at com.kms.katalon.core.main.TestSuiteExecutor.execute(TestSuiteExecutor.java:91)
	at com.kms.katalon.core.main.TestCaseMain.startTestSuite(TestCaseMain.java:157)
	at com.kms.katalon.core.main.TestCaseMain$startTestSuite$0.call(Unknown Source)
	at TempTestSuite1572536122144.run(TempTestSuite1572536122144.groovy:36)
Caused by: com.kms.katalon.core.webui.exception.WebElementNotFoundException: Web element with id: 'Object Repository/Page_Members Area/div_Received a Negative Review' located by 'By.xpath: //div[(text() = 'Received a Negative Review' or . = 'Received a Negative Review')]' not found
	at com.kms.katalon.core.webui.common.WebUiCommonHelper.findWebElement(WebUiCommonHelper.java:1113)
	at com.kms.katalon.core.webui.keyword.internal.WebUIAbstractKeyword.findWebElement(WebUIAbstractKeyword.groovy:27)
	at com.kms.katalon.core.webui.keyword.internal.WebUIAbstractKeyword.findWebElement(WebUIAbstractKeyword.groovy:26)
	at com.kms.katalon.core.webui.keyword.builtin.ClickKeyword$_click_closure1.doCall(ClickKeyword.groovy:52)
	at com.kms.katalon.core.webui.keyword.builtin.ClickKeyword$_click_closure1.call(ClickKeyword.groovy)
	at com.kms.katalon.core.webui.keyword.internal.WebUIKeywordMain.runKeyword(WebUIKeywordMain.groovy:20)
	at com.kms.katalon.core.webui.keyword.builtin.ClickKeyword.click(ClickKeyword.groovy:79)
	at com.kms.katalon.core.webui.keyword.builtin.ClickKeyword.execute(ClickKeyword.groovy:42)
	at com.kms.katalon.core.keyword.internal.KeywordExecutor.executeKeywordForPlatform(KeywordExecutor.groovy:60)
	at com.kms.katalon.core.webui.keyword.WebUiBuiltInKeywords.click(WebUiBuiltInKeywords.groovy:616)
	at com.kms.katalon.core.webui.keyword.WebUiBuiltInKeywords$click$4.call(Unknown Source)
	at Script1568125729640.run(Script1568125729640.groovy:55)
	at com.kms.katalon.core.main.ScriptEngine.run(ScriptEngine.java:194)
	at com.kms.katalon.core.main.ScriptEngine.runScriptAsRawText(ScriptEngine.java:119)
	at com.kms.katalon.core.main.TestCaseExecutor.runScript(TestCaseExecutor.java:337)
	at com.kms.katalon.core.main.TestCaseExecutor.doExecute(TestCaseExecutor.java:328)
	at com.kms.katalon.core.main.TestCaseExecutor.processExecutionPhase(TestCaseExecutor.java:307)
	at com.kms.katalon.core.main.TestCaseExecutor.accessMainPhase(TestCaseExecutor.java:299)
	at com.kms.katalon.core.main.TestCaseExecutor.execute(TestCaseExecutor.java:233)
	at com.kms.katalon.core.main.TestCaseMain.runTestCase(TestCaseMain.java:114)
	at com.kms.katalon.core.keyword.builtin.CallTestCaseKeyword$_callTestCase_closure1.doCall(CallTestCaseKeyword.groovy:59)
	at com.kms.katalon.core.keyword.builtin.CallTestCaseKeyword$_callTestCase_closure1.call(CallTestCaseKeyword.groovy)
	at com.kms.katalon.core.keyword.internal.KeywordMain.runKeyword(KeywordMain.groovy:68)
	at com.kms.katalon.core.keyword.builtin.CallTestCaseKeyword.callTestCase(CallTestCaseKeyword.groovy:81)
	at com.kms.katalon.core.keyword.builtin.CallTestCaseKeyword.execute(CallTestCaseKeyword.groovy:44)
	at com.kms.katalon.core.keyword.internal.KeywordExecutor.executeKeywordForPlatform(KeywordExecutor.groovy:60)
	at com.kms.katalon.core.keyword.BuiltinKeywords.callTestCase(BuiltinKeywords.groovy:334)
	at Script1569934034932.run(Script1569934034932.groovy:76)
	... 13 more
)
	at com.kms.katalon.core.keyword.internal.KeywordMain.stepFailed(KeywordMain.groovy:39)
	at com.kms.katalon.core.webui.keyword.internal.WebUIKeywordMain.stepFailed(WebUIKeywordMain.groovy:64)
	at com.kms.katalon.core.webui.keyword.internal.WebUIKeywordMain.runKeyword(WebUIKeywordMain.groovy:26)
	at com.kms.katalon.core.webui.keyword.builtin.ClickKeyword.click(ClickKeyword.groovy:79)
	at com.kms.katalon.core.webui.keyword.builtin.ClickKeyword.execute(ClickKeyword.groovy:42)
	at com.kms.katalon.core.keyword.internal.KeywordExecutor.executeKeywordForPlatform(KeywordExecutor.groovy:60)
	at com.kms.katalon.core.webui.keyword.WebUiBuiltInKeywords.click(WebUiBuiltInKeywords.groovy:616)
	at com.kms.katalon.core.webui.keyword.WebUiBuiltInKeywords$click$4.call(Unknown Source)
	at Received_Negative_Review.run(Received_Negative_Review:55)
	at com.kms.katalon.core.main.ScriptEngine.run(ScriptEngine.java:194)
	at com.kms.katalon.core.main.ScriptEngine.runScriptAsRawText(ScriptEngine.java:119)
	at com.kms.katalon.core.main.TestCaseExecutor.runScript(TestCaseExecutor.java:337)
	at com.kms.katalon.core.main.TestCaseExecutor.doExecute(TestCaseExecutor.java:328)
	at com.kms.katalon.core.main.TestCaseExecutor.processExecutionPhase(TestCaseExecutor.java:307)
	at com.kms.katalon.core.main.TestCaseExecutor.accessMainPhase(TestCaseExecutor.java:299)
	at com.kms.katalon.core.main.TestCaseExecutor.execute(TestCaseExecutor.java:233)
	at com.kms.katalon.core.main.TestCaseMain.runTestCase(TestCaseMain.java:114)
	at com.kms.katalon.core.keyword.builtin.CallTestCaseKeyword$_callTestCase_closure1.doCall(CallTestCaseKeyword.groovy:59)
	at com.kms.katalon.core.keyword.builtin.CallTestCaseKeyword$_callTestCase_closure1.call(CallTestCaseKeyword.groovy)
	at com.kms.katalon.core.keyword.internal.KeywordMain.runKeyword(KeywordMain.groovy:68)
	at com.kms.katalon.core.keyword.builtin.CallTestCaseKeyword.callTestCase(CallTestCaseKeyword.groovy:81)
	at com.kms.katalon.core.keyword.builtin.CallTestCaseKeyword.execute(CallTestCaseKeyword.groovy:44)
	at com.kms.katalon.core.keyword.internal.KeywordExecutor.executeKeywordForPlatform(KeywordExecutor.groovy:60)
	at com.kms.katalon.core.keyword.BuiltinKeywords.callTestCase(BuiltinKeywords.groovy:334)
	at Received_Negative_Review.run(Received_Negative_Review:76)
	at com.kms.katalon.core.main.ScriptEngine.run(ScriptEngine.java:194)
	at com.kms.katalon.core.main.ScriptEngine.runScriptAsRawText(ScriptEngine.java:119)
	at com.kms.katalon.core.main.TestCaseExecutor.runScript(TestCaseExecutor.java:337)
	at com.kms.katalon.core.main.TestCaseExecutor.doExecute(TestCaseExecutor.java:328)
	at com.kms.katalon.core.main.TestCaseExecutor.processExecutionPhase(TestCaseExecutor.java:307)
	at com.kms.katalon.core.main.TestCaseExecutor.accessMainPhase(TestCaseExecutor.java:299)
	at com.kms.katalon.core.main.TestCaseExecutor.execute(TestCaseExecutor.java:233)
	at com.kms.katalon.core.main.TestSuiteExecutor.accessTestCaseMainPhase(TestSuiteExecutor.java:169)
	at com.kms.katalon.core.main.TestSuiteExecutor.accessTestSuiteMainPhase(TestSuiteExecutor.java:142)
	at com.kms.katalon.core.main.TestSuiteExecutor.execute(TestSuiteExecutor.java:91)
	at com.kms.katalon.core.main.TestCaseMain.startTestSuite(TestCaseMain.java:157)
	at com.kms.katalon.core.main.TestCaseMain$startTestSuite$0.call(Unknown Source)
	at TempTestSuite1572536122144.run(TempTestSuite1572536122144.groovy:36)
Caused by: com.kms.katalon.core.exception.StepFailedException: Unable to click on object 'Object Repository/Page_Members Area/div_Received a Negative Review'
	... 37 more
Caused by: com.kms.katalon.core.webui.exception.WebElementNotFoundException: Web element with id: 'Object Repository/Page_Members Area/div_Received a Negative Review' located by 'By.xpath: //div[(text() = 'Received a Negative Review' or . = 'Received a Negative Review')]' not found
	at com.kms.katalon.core.webui.common.WebUiCommonHelper.findWebElement(WebUiCommonHelper.java:1113)
	at com.kms.katalon.core.webui.keyword.internal.WebUIAbstractKeyword.findWebElement(WebUIAbstractKeyword.groovy:27)
	at com.kms.katalon.core.webui.keyword.internal.WebUIAbstractKeyword.findWebElement(WebUIAbstractKeyword.groovy:26)
	at com.kms.katalon.core.webui.keyword.builtin.ClickKeyword$_click_closure1.doCall(ClickKeyword.groovy:52)
	at com.kms.katalon.core.webui.keyword.builtin.ClickKeyword$_click_closure1.call(ClickKeyword.groovy)
	at com.kms.katalon.core.webui.keyword.internal.WebUIKeywordMain.runKeyword(WebUIKeywordMain.groovy:20)
	... 35 more


2019-10-31 15:41:03 - [TEST_STEP][PASSED] - waitForElementPresent(findTestObject("Object Repository/Page_Members Area/div_Received a Negative Review"), 60): Object 'Object Repository/Page_Members Area/div_Received a Negative Review' is not present after 60 second(s)

2019-10-31 15:42:13 - [MESSAGE][INFO] - Unable to find the element located by 'By.xpath: //div[(text() = 'Received a Negative Review' or . = 'Received a Negative Review')]'. Please recheck the objects properties to make sure the desired element is located. 

2019-10-31 15:42:13 - [MESSAGE][WARNING] - Object 'Object Repository/Page_Members Area/div_Received a Negative Review' is not present after 60 second(s)

2019-10-31 15:42:13 - [TEST_STEP][FAILED] - click(findTestObject("Object Repository/Page_Members Area/div_Received a Negative Review")): Unable to click on object 'Object Repository/Page_Members Area/div_Received a Negative Review' (Root cause: com.kms.katalon.core.exception.StepFailedException: Unable to click on object 'Object Repository/Page_Members Area/div_Received a Negative Review'
	at com.kms.katalon.core.webui.keyword.internal.WebUIKeywordMain.stepFailed(WebUIKeywordMain.groovy:64)
	at com.kms.katalon.core.webui.keyword.internal.WebUIKeywordMain.runKeyword(WebUIKeywordMain.groovy:26)
	at com.kms.katalon.core.webui.keyword.builtin.ClickKeyword.click(ClickKeyword.groovy:79)
	at com.kms.katalon.core.webui.keyword.builtin.ClickKeyword.execute(ClickKeyword.groovy:42)
	at com.kms.katalon.core.keyword.internal.KeywordExecutor.executeKeywordForPlatform(KeywordExecutor.groovy:60)
	at com.kms.katalon.core.webui.keyword.WebUiBuiltInKeywords.click(WebUiBuiltInKeywords.groovy:616)
	at com.kms.katalon.core.webui.keyword.WebUiBuiltInKeywords$click$4.call(Unknown Source)
	at Received_Negative_Review.run(Received_Negative_Review:55)
	at com.kms.katalon.core.main.ScriptEngine.run(ScriptEngine.java:194)
	at com.kms.katalon.core.main.ScriptEngine.runScriptAsRawText(ScriptEngine.java:119)
	at com.kms.katalon.core.main.TestCaseExecutor.runScript(TestCaseExecutor.java:337)
	at com.kms.katalon.core.main.TestCaseExecutor.doExecute(TestCaseExecutor.java:328)
	at com.kms.katalon.core.main.TestCaseExecutor.processExecutionPhase(TestCaseExecutor.java:307)
	at com.kms.katalon.core.main.TestCaseExecutor.accessMainPhase(TestCaseExecutor.java:299)
	at com.kms.katalon.core.main.TestCaseExecutor.execute(TestCaseExecutor.java:233)
	at com.kms.katalon.core.main.TestCaseMain.runTestCase(TestCaseMain.java:114)
	at com.kms.katalon.core.keyword.builtin.CallTestCaseKeyword$_callTestCase_closure1.doCall(CallTestCaseKeyword.groovy:59)
	at com.kms.katalon.core.keyword.builtin.CallTestCaseKeyword$_callTestCase_closure1.call(CallTestCaseKeyword.groovy)
	at com.kms.katalon.core.keyword.internal.KeywordMain.runKeyword(KeywordMain.groovy:68)
	at com.kms.katalon.core.keyword.builtin.CallTestCaseKeyword.callTestCase(CallTestCaseKeyword.groovy:81)
	at com.kms.katalon.core.keyword.builtin.CallTestCaseKeyword.execute(CallTestCaseKeyword.groovy:44)
	at com.kms.katalon.core.keyword.internal.KeywordExecutor.executeKeywordForPlatform(KeywordExecutor.groovy:60)
	at com.kms.katalon.core.keyword.BuiltinKeywords.callTestCase(BuiltinKeywords.groovy:334)
	at Received_Negative_Review.run(Received_Negative_Review:76)
	at com.kms.katalon.core.main.ScriptEngine.run(ScriptEngine.java:194)
	at com.kms.katalon.core.main.ScriptEngine.runScriptAsRawText(ScriptEngine.java:119)
	at com.kms.katalon.core.main.TestCaseExecutor.runScript(TestCaseExecutor.java:337)
	at com.kms.katalon.core.main.TestCaseExecutor.doExecute(TestCaseExecutor.java:328)
	at com.kms.katalon.core.main.TestCaseExecutor.processExecutionPhase(TestCaseExecutor.java:307)
	at com.kms.katalon.core.main.TestCaseExecutor.accessMainPhase(TestCaseExecutor.java:299)
	at com.kms.katalon.core.main.TestCaseExecutor.execute(TestCaseExecutor.java:233)
	at com.kms.katalon.core.main.TestSuiteExecutor.accessTestCaseMainPhase(TestSuiteExecutor.java:169)
	at com.kms.katalon.core.main.TestSuiteExecutor.accessTestSuiteMainPhase(TestSuiteExecutor.java:142)
	at com.kms.katalon.core.main.TestSuiteExecutor.execute(TestSuiteExecutor.java:91)
	at com.kms.katalon.core.main.TestCaseMain.startTestSuite(TestCaseMain.java:157)
	at com.kms.katalon.core.main.TestCaseMain$startTestSuite$0.call(Unknown Source)
	at TempTestSuite1572536122144.run(TempTestSuite1572536122144.groovy:36)
Caused by: com.kms.katalon.core.webui.exception.WebElementNotFoundException: Web element with id: 'Object Repository/Page_Members Area/div_Received a Negative Review' located by 'By.xpath: //div[(text() = 'Received a Negative Review' or . = 'Received a Negative Review')]' not found
	at com.kms.katalon.core.webui.common.WebUiCommonHelper.findWebElement(WebUiCommonHelper.java:1113)
	at com.kms.katalon.core.webui.keyword.internal.WebUIAbstractKeyword.findWebElement(WebUIAbstractKeyword.groovy:27)
	at com.kms.katalon.core.webui.keyword.internal.WebUIAbstractKeyword.findWebElement(WebUIAbstractKeyword.groovy:26)
	at com.kms.katalon.core.webui.keyword.builtin.ClickKeyword$_click_closure1.doCall(ClickKeyword.groovy:52)
	at com.kms.katalon.core.webui.keyword.builtin.ClickKeyword$_click_closure1.call(ClickKeyword.groovy)
	at com.kms.katalon.core.webui.keyword.internal.WebUIKeywordMain.runKeyword(WebUIKeywordMain.groovy:20)
	at com.kms.katalon.core.webui.keyword.builtin.ClickKeyword.click(ClickKeyword.groovy:79)
	at com.kms.katalon.core.webui.keyword.builtin.ClickKeyword.execute(ClickKeyword.groovy:42)
	at com.kms.katalon.core.keyword.internal.KeywordExecutor.executeKeywordForPlatform(KeywordExecutor.groovy:60)
	at com.kms.katalon.core.webui.keyword.WebUiBuiltInKeywords.click(WebUiBuiltInKeywords.groovy:616)
	at com.kms.katalon.core.webui.keyword.WebUiBuiltInKeywords$click$4.call(Unknown Source)
	at Script1568125729640.run(Script1568125729640.groovy:55)
	at com.kms.katalon.core.main.ScriptEngine.run(ScriptEngine.java:194)
	at com.kms.katalon.core.main.ScriptEngine.runScriptAsRawText(ScriptEngine.java:119)
	at com.kms.katalon.core.main.TestCaseExecutor.runScript(TestCaseExecutor.java:337)
	at com.kms.katalon.core.main.TestCaseExecutor.doExecute(TestCaseExecutor.java:328)
	at com.kms.katalon.core.main.TestCaseExecutor.processExecutionPhase(TestCaseExecutor.java:307)
	at com.kms.katalon.core.main.TestCaseExecutor.accessMainPhase(TestCaseExecutor.java:299)
	at com.kms.katalon.core.main.TestCaseExecutor.execute(TestCaseExecutor.java:233)
	at com.kms.katalon.core.main.TestCaseMain.runTestCase(TestCaseMain.java:114)
	at com.kms.katalon.core.keyword.builtin.CallTestCaseKeyword$_callTestCase_closure1.doCall(CallTestCaseKeyword.groovy:59)
	at com.kms.katalon.core.keyword.builtin.CallTestCaseKeyword$_callTestCase_closure1.call(CallTestCaseKeyword.groovy)
	at com.kms.katalon.core.keyword.internal.KeywordMain.runKeyword(KeywordMain.groovy:68)
	at com.kms.katalon.core.keyword.builtin.CallTestCaseKeyword.callTestCase(CallTestCaseKeyword.groovy:81)
	at com.kms.katalon.core.keyword.builtin.CallTestCaseKeyword.execute(CallTestCaseKeyword.groovy:44)
	at com.kms.katalon.core.keyword.internal.KeywordExecutor.executeKeywordForPlatform(KeywordExecutor.groovy:60)
	at com.kms.katalon.core.keyword.BuiltinKeywords.callTestCase(BuiltinKeywords.groovy:334)
	at Script1569934034932.run(Script1569934034932.groovy:76)
	... 13 more
)

2019-10-31 15:42:45 - [MESSAGE][INFO] - Unable to find the element located by 'By.xpath: //div[(text() = 'Received a Negative Review' or . = 'Received a Negative Review')]'. Please recheck the objects properties to make sure the desired element is located. 

2019-10-31 15:42:45 - [MESSAGE][FAILED] - Unable to click on object 'Object Repository/Page_Members Area/div_Received a Negative Review' (Root cause: com.kms.katalon.core.exception.StepFailedException: Unable to click on object 'Object Repository/Page_Members Area/div_Received a Negative Review'
	at com.kms.katalon.core.webui.keyword.internal.WebUIKeywordMain.stepFailed(WebUIKeywordMain.groovy:64)
	at com.kms.katalon.core.webui.keyword.internal.WebUIKeywordMain.runKeyword(WebUIKeywordMain.groovy:26)
	at com.kms.katalon.core.webui.keyword.builtin.ClickKeyword.click(ClickKeyword.groovy:79)
	at com.kms.katalon.core.webui.keyword.builtin.ClickKeyword.execute(ClickKeyword.groovy:42)
	at com.kms.katalon.core.keyword.internal.KeywordExecutor.executeKeywordForPlatform(KeywordExecutor.groovy:60)
	at com.kms.katalon.core.webui.keyword.WebUiBuiltInKeywords.click(WebUiBuiltInKeywords.groovy:616)
	at com.kms.katalon.core.webui.keyword.WebUiBuiltInKeywords$click$4.call(Unknown Source)
	at Received_Negative_Review.run(Received_Negative_Review:55)
	at com.kms.katalon.core.main.ScriptEngine.run(ScriptEngine.java:194)
	at com.kms.katalon.core.main.ScriptEngine.runScriptAsRawText(ScriptEngine.java:119)
	at com.kms.katalon.core.main.TestCaseExecutor.runScript(TestCaseExecutor.java:337)
	at com.kms.katalon.core.main.TestCaseExecutor.doExecute(TestCaseExecutor.java:328)
	at com.kms.katalon.core.main.TestCaseExecutor.processExecutionPhase(TestCaseExecutor.java:307)
	at com.kms.katalon.core.main.TestCaseExecutor.accessMainPhase(TestCaseExecutor.java:299)
	at com.kms.katalon.core.main.TestCaseExecutor.execute(TestCaseExecutor.java:233)
	at com.kms.katalon.core.main.TestCaseMain.runTestCase(TestCaseMain.java:114)
	at com.kms.katalon.core.keyword.builtin.CallTestCaseKeyword$_callTestCase_closure1.doCall(CallTestCaseKeyword.groovy:59)
	at com.kms.katalon.core.keyword.builtin.CallTestCaseKeyword$_callTestCase_closure1.call(CallTestCaseKeyword.groovy)
	at com.kms.katalon.core.keyword.internal.KeywordMain.runKeyword(KeywordMain.groovy:68)
	at com.kms.katalon.core.keyword.builtin.CallTestCaseKeyword.callTestCase(CallTestCaseKeyword.groovy:81)
	at com.kms.katalon.core.keyword.builtin.CallTestCaseKeyword.execute(CallTestCaseKeyword.groovy:44)
	at com.kms.katalon.core.keyword.internal.KeywordExecutor.executeKeywordForPlatform(KeywordExecutor.groovy:60)
	at com.kms.katalon.core.keyword.BuiltinKeywords.callTestCase(BuiltinKeywords.groovy:334)
	at Received_Negative_Review.run(Received_Negative_Review:76)
	at com.kms.katalon.core.main.ScriptEngine.run(ScriptEngine.java:194)
	at com.kms.katalon.core.main.ScriptEngine.runScriptAsRawText(ScriptEngine.java:119)
	at com.kms.katalon.core.main.TestCaseExecutor.runScript(TestCaseExecutor.java:337)
	at com.kms.katalon.core.main.TestCaseExecutor.doExecute(TestCaseExecutor.java:328)
	at com.kms.katalon.core.main.TestCaseExecutor.processExecutionPhase(TestCaseExecutor.java:307)
	at com.kms.katalon.core.main.TestCaseExecutor.accessMainPhase(TestCaseExecutor.java:299)
	at com.kms.katalon.core.main.TestCaseExecutor.execute(TestCaseExecutor.java:233)
	at com.kms.katalon.core.main.TestSuiteExecutor.accessTestCaseMainPhase(TestSuiteExecutor.java:169)
	at com.kms.katalon.core.main.TestSuiteExecutor.accessTestSuiteMainPhase(TestSuiteExecutor.java:142)
	at com.kms.katalon.core.main.TestSuiteExecutor.execute(TestSuiteExecutor.java:91)
	at com.kms.katalon.core.main.TestCaseMain.startTestSuite(TestCaseMain.java:157)
	at com.kms.katalon.core.main.TestCaseMain$startTestSuite$0.call(Unknown Source)
	at TempTestSuite1572536122144.run(TempTestSuite1572536122144.groovy:36)
Caused by: com.kms.katalon.core.webui.exception.WebElementNotFoundException: Web element with id: 'Object Repository/Page_Members Area/div_Received a Negative Review' located by 'By.xpath: //div[(text() = 'Received a Negative Review' or . = 'Received a Negative Review')]' not found
	at com.kms.katalon.core.webui.common.WebUiCommonHelper.findWebElement(WebUiCommonHelper.java:1113)
	at com.kms.katalon.core.webui.keyword.internal.WebUIAbstractKeyword.findWebElement(WebUIAbstractKeyword.groovy:27)
	at com.kms.katalon.core.webui.keyword.internal.WebUIAbstractKeyword.findWebElement(WebUIAbstractKeyword.groovy:26)
	at com.kms.katalon.core.webui.keyword.builtin.ClickKeyword$_click_closure1.doCall(ClickKeyword.groovy:52)
	at com.kms.katalon.core.webui.keyword.builtin.ClickKeyword$_click_closure1.call(ClickKeyword.groovy)
	at com.kms.katalon.core.webui.keyword.internal.WebUIKeywordMain.runKeyword(WebUIKeywordMain.groovy:20)
	at com.kms.katalon.core.webui.keyword.builtin.ClickKeyword.click(ClickKeyword.groovy:79)
	at com.kms.katalon.core.webui.keyword.builtin.ClickKeyword.execute(ClickKeyword.groovy:42)
	at com.kms.katalon.core.keyword.internal.KeywordExecutor.executeKeywordForPlatform(KeywordExecutor.groovy:60)
	at com.kms.katalon.core.webui.keyword.WebUiBuiltInKeywords.click(WebUiBuiltInKeywords.groovy:616)
	at com.kms.katalon.core.webui.keyword.WebUiBuiltInKeywords$click$4.call(Unknown Source)
	at Script1568125729640.run(Script1568125729640.groovy:55)
	at com.kms.katalon.core.main.ScriptEngine.run(ScriptEngine.java:194)
	at com.kms.katalon.core.main.ScriptEngine.runScriptAsRawText(ScriptEngine.java:119)
	at com.kms.katalon.core.main.TestCaseExecutor.runScript(TestCaseExecutor.java:337)
	at com.kms.katalon.core.main.TestCaseExecutor.doExecute(TestCaseExecutor.java:328)
	at com.kms.katalon.core.main.TestCaseExecutor.processExecutionPhase(TestCaseExecutor.java:307)
	at com.kms.katalon.core.main.TestCaseExecutor.accessMainPhase(TestCaseExecutor.java:299)
	at com.kms.katalon.core.main.TestCaseExecutor.execute(TestCaseExecutor.java:233)
	at com.kms.katalon.core.main.TestCaseMain.runTestCase(TestCaseMain.java:114)
	at com.kms.katalon.core.keyword.builtin.CallTestCaseKeyword$_callTestCase_closure1.doCall(CallTestCaseKeyword.groovy:59)
	at com.kms.katalon.core.keyword.builtin.CallTestCaseKeyword$_callTestCase_closure1.call(CallTestCaseKeyword.groovy)
	at com.kms.katalon.core.keyword.internal.KeywordMain.runKeyword(KeywordMain.groovy:68)
	at com.kms.katalon.core.keyword.builtin.CallTestCaseKeyword.callTestCase(CallTestCaseKeyword.groovy:81)
	at com.kms.katalon.core.keyword.builtin.CallTestCaseKeyword.execute(CallTestCaseKeyword.groovy:44)
	at com.kms.katalon.core.keyword.internal.KeywordExecutor.executeKeywordForPlatform(KeywordExecutor.groovy:60)
	at com.kms.katalon.core.keyword.BuiltinKeywords.callTestCase(BuiltinKeywords.groovy:334)
	at Script1569934034932.run(Script1569934034932.groovy:76)
	... 13 more
)
[[ATTACHMENT|C:\\Users\\davidho\\Katalon Studio\\Start\\Reports\\20191031_153516\\Members_Received_Negative_Feedback\\20191031_153522\\1572536565212.png]]

2019-10-31 15:42:45 - [MESSAGE][FAILED] - Unable to call Test Case 'Test Cases/Reusable_Test_Sequences/Members_Area/Area_Menu/Your_Customers/Received_Negative_Review' (Root cause: com.kms.katalon.core.exception.StepFailedException: Call Test Case 'Test Cases/Reusable_Test_Sequences/Members_Area/Area_Menu/Your_Customers/Received_Negative_Review' failed
	at com.kms.katalon.core.keyword.builtin.CallTestCaseKeyword$_callTestCase_closure1.doCall(CallTestCaseKeyword.groovy:63)
	at com.kms.katalon.core.keyword.builtin.CallTestCaseKeyword$_callTestCase_closure1.call(CallTestCaseKeyword.groovy)
	at com.kms.katalon.core.keyword.internal.KeywordMain.runKeyword(KeywordMain.groovy:68)
	at com.kms.katalon.core.keyword.builtin.CallTestCaseKeyword.callTestCase(CallTestCaseKeyword.groovy:81)
	at com.kms.katalon.core.keyword.builtin.CallTestCaseKeyword.execute(CallTestCaseKeyword.groovy:44)
	at com.kms.katalon.core.keyword.internal.KeywordExecutor.executeKeywordForPlatform(KeywordExecutor.groovy:60)
	at com.kms.katalon.core.keyword.BuiltinKeywords.callTestCase(BuiltinKeywords.groovy:334)
	at Received_Negative_Review.run(Received_Negative_Review:76)
	at com.kms.katalon.core.main.ScriptEngine.run(ScriptEngine.java:194)
	at com.kms.katalon.core.main.ScriptEngine.runScriptAsRawText(ScriptEngine.java:119)
	at com.kms.katalon.core.main.TestCaseExecutor.runScript(TestCaseExecutor.java:337)
	at com.kms.katalon.core.main.TestCaseExecutor.doExecute(TestCaseExecutor.java:328)
	at com.kms.katalon.core.main.TestCaseExecutor.processExecutionPhase(TestCaseExecutor.java:307)
	at com.kms.katalon.core.main.TestCaseExecutor.accessMainPhase(TestCaseExecutor.java:299)
	at com.kms.katalon.core.main.TestCaseExecutor.execute(TestCaseExecutor.java:233)
	at com.kms.katalon.core.main.TestSuiteExecutor.accessTestCaseMainPhase(TestSuiteExecutor.java:169)
	at com.kms.katalon.core.main.TestSuiteExecutor.accessTestSuiteMainPhase(TestSuiteExecutor.java:142)
	at com.kms.katalon.core.main.TestSuiteExecutor.execute(TestSuiteExecutor.java:91)
	at com.kms.katalon.core.main.TestCaseMain.startTestSuite(TestCaseMain.java:157)
	at com.kms.katalon.core.main.TestCaseMain$startTestSuite$0.call(Unknown Source)
	at TempTestSuite1572536122144.run(TempTestSuite1572536122144.groovy:36)
Caused by: com.kms.katalon.core.exception.StepFailedException: Unable to click on object 'Object Repository/Page_Members Area/div_Received a Negative Review' (Root cause: com.kms.katalon.core.exception.StepFailedException: Unable to click on object 'Object Repository/Page_Members Area/div_Received a Negative Review'
	at com.kms.katalon.core.webui.keyword.internal.WebUIKeywordMain.stepFailed(WebUIKeywordMain.groovy:64)
	at com.kms.katalon.core.webui.keyword.internal.WebUIKeywordMain.runKeyword(WebUIKeywordMain.groovy:26)
	at com.kms.katalon.core.webui.keyword.builtin.ClickKeyword.click(ClickKeyword.groovy:79)
	at com.kms.katalon.core.webui.keyword.builtin.ClickKeyword.execute(ClickKeyword.groovy:42)
	at com.kms.katalon.core.keyword.internal.KeywordExecutor.executeKeywordForPlatform(KeywordExecutor.groovy:60)
	at com.kms.katalon.core.webui.keyword.WebUiBuiltInKeywords.click(WebUiBuiltInKeywords.groovy:616)
	at com.kms.katalon.core.webui.keyword.WebUiBuiltInKeywords$click$4.call(Unknown Source)
	at Received_Negative_Review.run(Received_Negative_Review:55)
	at com.kms.katalon.core.main.ScriptEngine.run(ScriptEngine.java:194)
	at com.kms.katalon.core.main.ScriptEngine.runScriptAsRawText(ScriptEngine.java:119)
	at com.kms.katalon.core.main.TestCaseExecutor.runScript(TestCaseExecutor.java:337)
	at com.kms.katalon.core.main.TestCaseExecutor.doExecute(TestCaseExecutor.java:328)
	at com.kms.katalon.core.main.TestCaseExecutor.processExecutionPhase(TestCaseExecutor.java:307)
	at com.kms.katalon.core.main.TestCaseExecutor.accessMainPhase(TestCaseExecutor.java:299)
	at com.kms.katalon.core.main.TestCaseExecutor.execute(TestCaseExecutor.java:233)
	at com.kms.katalon.core.main.TestCaseMain.runTestCase(TestCaseMain.java:114)
	at com.kms.katalon.core.keyword.builtin.CallTestCaseKeyword$_callTestCase_closure1.doCall(CallTestCaseKeyword.groovy:59)
	at com.kms.katalon.core.keyword.builtin.CallTestCaseKeyword$_callTestCase_closure1.call(CallTestCaseKeyword.groovy)
	at com.kms.katalon.core.keyword.internal.KeywordMain.runKeyword(KeywordMain.groovy:68)
	at com.kms.katalon.core.keyword.builtin.CallTestCaseKeyword.callTestCase(CallTestCaseKeyword.groovy:81)
	at com.kms.katalon.core.keyword.builtin.CallTestCaseKeyword.execute(CallTestCaseKeyword.groovy:44)
	at com.kms.katalon.core.keyword.internal.KeywordExecutor.executeKeywordForPlatform(KeywordExecutor.groovy:60)
	at com.kms.katalon.core.keyword.BuiltinKeywords.callTestCase(BuiltinKeywords.groovy:334)
	at Received_Negative_Review.run(Received_Negative_Review:76)
	at com.kms.katalon.core.main.ScriptEngine.run(ScriptEngine.java:194)
	at com.kms.katalon.core.main.ScriptEngine.runScriptAsRawText(ScriptEngine.java:119)
	at com.kms.katalon.core.main.TestCaseExecutor.runScript(TestCaseExecutor.java:337)
	at com.kms.katalon.core.main.TestCaseExecutor.doExecute(TestCaseExecutor.java:328)
	at com.kms.katalon.core.main.TestCaseExecutor.processExecutionPhase(TestCaseExecutor.java:307)
	at com.kms.katalon.core.main.TestCaseExecutor.accessMainPhase(TestCaseExecutor.java:299)
	at com.kms.katalon.core.main.TestCaseExecutor.execute(TestCaseExecutor.java:233)
	at com.kms.katalon.core.main.TestSuiteExecutor.accessTestCaseMainPhase(TestSuiteExecutor.java:169)
	at com.kms.katalon.core.main.TestSuiteExecutor.accessTestSuiteMainPhase(TestSuiteExecutor.java:142)
	at com.kms.katalon.core.main.TestSuiteExecutor.execute(TestSuiteExecutor.java:91)
	at com.kms.katalon.core.main.TestCaseMain.startTestSuite(TestCaseMain.java:157)
	at com.kms.katalon.core.main.TestCaseMain$startTestSuite$0.call(Unknown Source)
	at TempTestSuite1572536122144.run(TempTestSuite1572536122144.groovy:36)
Caused by: com.kms.katalon.core.webui.exception.WebElementNotFoundException: Web element with id: 'Object Repository/Page_Members Area/div_Received a Negative Review' located by 'By.xpath: //div[(text() = 'Received a Negative Review' or . = 'Received a Negative Review')]' not found
	at com.kms.katalon.core.webui.common.WebUiCommonHelper.findWebElement(WebUiCommonHelper.java:1113)
	at com.kms.katalon.core.webui.keyword.internal.WebUIAbstractKeyword.findWebElement(WebUIAbstractKeyword.groovy:27)
	at com.kms.katalon.core.webui.keyword.internal.WebUIAbstractKeyword.findWebElement(WebUIAbstractKeyword.groovy:26)
	at com.kms.katalon.core.webui.keyword.builtin.ClickKeyword$_click_closure1.doCall(ClickKeyword.groovy:52)
	at com.kms.katalon.core.webui.keyword.builtin.ClickKeyword$_click_closure1.call(ClickKeyword.groovy)
	at com.kms.katalon.core.webui.keyword.internal.WebUIKeywordMain.runKeyword(WebUIKeywordMain.groovy:20)
	at com.kms.katalon.core.webui.keyword.builtin.ClickKeyword.click(ClickKeyword.groovy:79)
	at com.kms.katalon.core.webui.keyword.builtin.ClickKeyword.execute(ClickKeyword.groovy:42)
	at com.kms.katalon.core.keyword.internal.KeywordExecutor.executeKeywordForPlatform(KeywordExecutor.groovy:60)
	at com.kms.katalon.core.webui.keyword.WebUiBuiltInKeywords.click(WebUiBuiltInKeywords.groovy:616)
	at com.kms.katalon.core.webui.keyword.WebUiBuiltInKeywords$click$4.call(Unknown Source)
	at Script1568125729640.run(Script1568125729640.groovy:55)
	at com.kms.katalon.core.main.ScriptEngine.run(ScriptEngine.java:194)
	at com.kms.katalon.core.main.ScriptEngine.runScriptAsRawText(ScriptEngine.java:119)
	at com.kms.katalon.core.main.TestCaseExecutor.runScript(TestCaseExecutor.java:337)
	at com.kms.katalon.core.main.TestCaseExecutor.doExecute(TestCaseExecutor.java:328)
	at com.kms.katalon.core.main.TestCaseExecutor.processExecutionPhase(TestCaseExecutor.java:307)
	at com.kms.katalon.core.main.TestCaseExecutor.accessMainPhase(TestCaseExecutor.java:299)
	at com.kms.katalon.core.main.TestCaseExecutor.execute(TestCaseExecutor.java:233)
	at com.kms.katalon.core.main.TestCaseMain.runTestCase(TestCaseMain.java:114)
	at com.kms.katalon.core.keyword.builtin.CallTestCaseKeyword$_callTestCase_closure1.doCall(CallTestCaseKeyword.groovy:59)
	at com.kms.katalon.core.keyword.builtin.CallTestCaseKeyword$_callTestCase_closure1.call(CallTestCaseKeyword.groovy)
	at com.kms.katalon.core.keyword.internal.KeywordMain.runKeyword(KeywordMain.groovy:68)
	at com.kms.katalon.core.keyword.builtin.CallTestCaseKeyword.callTestCase(CallTestCaseKeyword.groovy:81)
	at com.kms.katalon.core.keyword.builtin.CallTestCaseKeyword.execute(CallTestCaseKeyword.groovy:44)
	at com.kms.katalon.core.keyword.internal.KeywordExecutor.executeKeywordForPlatform(KeywordExecutor.groovy:60)
	at com.kms.katalon.core.keyword.BuiltinKeywords.callTestCase(BuiltinKeywords.groovy:334)
	at Script1569934034932.run(Script1569934034932.groovy:76)
	... 13 more
)
	at com.kms.katalon.core.keyword.internal.KeywordMain.stepFailed(KeywordMain.groovy:39)
	at com.kms.katalon.core.webui.keyword.internal.WebUIKeywordMain.stepFailed(WebUIKeywordMain.groovy:64)
	at com.kms.katalon.core.webui.keyword.internal.WebUIKeywordMain.runKeyword(WebUIKeywordMain.groovy:26)
	at com.kms.katalon.core.webui.keyword.builtin.ClickKeyword.click(ClickKeyword.groovy:79)
	at com.kms.katalon.core.webui.keyword.builtin.ClickKeyword.execute(ClickKeyword.groovy:42)
	at com.kms.katalon.core.keyword.internal.KeywordExecutor.executeKeywordForPlatform(KeywordExecutor.groovy:60)
	at com.kms.katalon.core.webui.keyword.WebUiBuiltInKeywords.click(WebUiBuiltInKeywords.groovy:616)
	at com.kms.katalon.core.webui.keyword.WebUiBuiltInKeywords$click$4.call(Unknown Source)
	at Received_Negative_Review.run(Received_Negative_Review:55)
	at com.kms.katalon.core.main.ScriptEngine.run(ScriptEngine.java:194)
	at com.kms.katalon.core.main.ScriptEngine.runScriptAsRawText(ScriptEngine.java:119)
	at com.kms.katalon.core.main.TestCaseExecutor.runScript(TestCaseExecutor.java:337)
	at com.kms.katalon.core.main.TestCaseExecutor.doExecute(TestCaseExecutor.java:328)
	at com.kms.katalon.core.main.TestCaseExecutor.processExecutionPhase(TestCaseExecutor.java:307)
	at com.kms.katalon.core.main.TestCaseExecutor.accessMainPhase(TestCaseExecutor.java:299)
	at com.kms.katalon.core.main.TestCaseExecutor.execute(TestCaseExecutor.java:233)
	at com.kms.katalon.core.main.TestCaseMain.runTestCase(TestCaseMain.java:114)
	at com.kms.katalon.core.keyword.builtin.CallTestCaseKeyword$_callTestCase_closure1.doCall(CallTestCaseKeyword.groovy:59)
	... 20 more
Caused by: com.kms.katalon.core.exception.StepFailedException: Unable to click on object 'Object Repository/Page_Members Area/div_Received a Negative Review'
	... 37 more
Caused by: com.kms.katalon.core.webui.exception.WebElementNotFoundException: Web element with id: 'Object Repository/Page_Members Area/div_Received a Negative Review' located by 'By.xpath: //div[(text() = 'Received a Negative Review' or . = 'Received a Negative Review')]' not found
	at com.kms.katalon.core.webui.common.WebUiCommonHelper.findWebElement(WebUiCommonHelper.java:1113)
	at com.kms.katalon.core.webui.keyword.internal.WebUIAbstractKeyword.findWebElement(WebUIAbstractKeyword.groovy:27)
	at com.kms.katalon.core.webui.keyword.internal.WebUIAbstractKeyword.findWebElement(WebUIAbstractKeyword.groovy:26)
	at com.kms.katalon.core.webui.keyword.builtin.ClickKeyword$_click_closure1.doCall(ClickKeyword.groovy:52)
	at com.kms.katalon.core.webui.keyword.builtin.ClickKeyword$_click_closure1.call(ClickKeyword.groovy)
	at com.kms.katalon.core.webui.keyword.internal.WebUIKeywordMain.runKeyword(WebUIKeywordMain.groovy:20)
	... 35 more
)

2019-10-31 15:42:45 - [TEST_STEP][FAILED] - callTestCase(findTestCase("Reusable_Test_Sequences/Members_Area/Validation/Received_Negative_Review"), [:], CONTINUE_ON_FAILURE): Unable to call Test Case 'Test Cases/Reusable_Test_Sequences/Members_Area/Validation/Received_Negative_Review' (Root cause: com.kms.katalon.core.exception.StepFailedException: Call Test Case 'Test Cases/Reusable_Test_Sequences/Members_Area/Validation/Received_Negative_Review' failed
	at com.kms.katalon.core.keyword.builtin.CallTestCaseKeyword$_callTestCase_closure1.doCall(CallTestCaseKeyword.groovy:63)
	at com.kms.katalon.core.keyword.builtin.CallTestCaseKeyword$_callTestCase_closure1.call(CallTestCaseKeyword.groovy)
	at com.kms.katalon.core.keyword.internal.KeywordMain.runKeyword(KeywordMain.groovy:68)
	at com.kms.katalon.core.keyword.builtin.CallTestCaseKeyword.callTestCase(CallTestCaseKeyword.groovy:81)
	at com.kms.katalon.core.keyword.builtin.CallTestCaseKeyword.execute(CallTestCaseKeyword.groovy:44)
	at com.kms.katalon.core.keyword.internal.KeywordExecutor.executeKeywordForPlatform(KeywordExecutor.groovy:60)
	at com.kms.katalon.core.keyword.BuiltinKeywords.callTestCase(BuiltinKeywords.groovy:334)
	at Received_Negative_Review.run(Received_Negative_Review:81)
	at com.kms.katalon.core.main.ScriptEngine.run(ScriptEngine.java:194)
	at com.kms.katalon.core.main.ScriptEngine.runScriptAsRawText(ScriptEngine.java:119)
	at com.kms.katalon.core.main.TestCaseExecutor.runScript(TestCaseExecutor.java:337)
	at com.kms.katalon.core.main.TestCaseExecutor.doExecute(TestCaseExecutor.java:328)
	at com.kms.katalon.core.main.TestCaseExecutor.processExecutionPhase(TestCaseExecutor.java:307)
	at com.kms.katalon.core.main.TestCaseExecutor.accessMainPhase(TestCaseExecutor.java:299)
	at com.kms.katalon.core.main.TestCaseExecutor.execute(TestCaseExecutor.java:233)
	at com.kms.katalon.core.main.TestSuiteExecutor.accessTestCaseMainPhase(TestSuiteExecutor.java:169)
	at com.kms.katalon.core.main.TestSuiteExecutor.accessTestSuiteMainPhase(TestSuiteExecutor.java:142)
	at com.kms.katalon.core.main.TestSuiteExecutor.execute(TestSuiteExecutor.java:91)
	at com.kms.katalon.core.main.TestCaseMain.startTestSuite(TestCaseMain.java:157)
	at com.kms.katalon.core.main.TestCaseMain$startTestSuite$0.call(Unknown Source)
	at TempTestSuite1572536122144.run(TempTestSuite1572536122144.groovy:36)
Caused by: com.kms.katalon.core.exception.StepFailedException: Text 'Membership' is not present on page  (Root cause: com.kms.katalon.core.exception.StepFailedException: Text 'Membership' is not present on page 
	at com.kms.katalon.core.webui.keyword.internal.WebUIKeywordMain.stepFailed(WebUIKeywordMain.groovy:64)
	at com.kms.katalon.core.webui.keyword.builtin.VerifyTextPresentKeyword$_verifyTextPresent_closure1.doCall(VerifyTextPresentKeyword.groovy:79)
	at com.kms.katalon.core.webui.keyword.builtin.VerifyTextPresentKeyword$_verifyTextPresent_closure1.call(VerifyTextPresentKeyword.groovy)
	at com.kms.katalon.core.webui.keyword.internal.WebUIKeywordMain.runKeyword(WebUIKeywordMain.groovy:20)
	at com.kms.katalon.core.webui.keyword.builtin.VerifyTextPresentKeyword.verifyTextPresent(VerifyTextPresentKeyword.groovy:83)
	at com.kms.katalon.core.webui.keyword.builtin.VerifyTextPresentKeyword.execute(VerifyTextPresentKeyword.groovy:68)
	at com.kms.katalon.core.keyword.internal.KeywordExecutor.executeKeywordForPlatform(KeywordExecutor.groovy:60)
	at com.kms.katalon.core.webui.keyword.WebUiBuiltInKeywords.verifyTextPresent(WebUiBuiltInKeywords.groovy:1693)
	at com.kms.katalon.core.webui.keyword.WebUiBuiltInKeywords$verifyTextPresent$2.call(Unknown Source)
	at Received_Negative_Review.run(Received_Negative_Review:78)
	at com.kms.katalon.core.main.ScriptEngine.run(ScriptEngine.java:194)
	at com.kms.katalon.core.main.ScriptEngine.runScriptAsRawText(ScriptEngine.java:119)
	at com.kms.katalon.core.main.TestCaseExecutor.runScript(TestCaseExecutor.java:337)
	at com.kms.katalon.core.main.TestCaseExecutor.doExecute(TestCaseExecutor.java:328)
	at com.kms.katalon.core.main.TestCaseExecutor.processExecutionPhase(TestCaseExecutor.java:307)
	at com.kms.katalon.core.main.TestCaseExecutor.accessMainPhase(TestCaseExecutor.java:299)
	at com.kms.katalon.core.main.TestCaseExecutor.execute(TestCaseExecutor.java:233)
	at com.kms.katalon.core.main.TestCaseMain.runTestCase(TestCaseMain.java:114)
	at com.kms.katalon.core.keyword.builtin.CallTestCaseKeyword$_callTestCase_closure1.doCall(CallTestCaseKeyword.groovy:59)
	at com.kms.katalon.core.keyword.builtin.CallTestCaseKeyword$_callTestCase_closure1.call(CallTestCaseKeyword.groovy)
	at com.kms.katalon.core.keyword.internal.KeywordMain.runKeyword(KeywordMain.groovy:68)
	at com.kms.katalon.core.keyword.builtin.CallTestCaseKeyword.callTestCase(CallTestCaseKeyword.groovy:81)
	at com.kms.katalon.core.keyword.builtin.CallTestCaseKeyword.execute(CallTestCaseKeyword.groovy:44)
	at com.kms.katalon.core.keyword.internal.KeywordExecutor.executeKeywordForPlatform(KeywordExecutor.groovy:60)
	at com.kms.katalon.core.keyword.BuiltinKeywords.callTestCase(BuiltinKeywords.groovy:334)
	at Received_Negative_Review.run(Received_Negative_Review:81)
	at com.kms.katalon.core.main.ScriptEngine.run(ScriptEngine.java:194)
	at com.kms.katalon.core.main.ScriptEngine.runScriptAsRawText(ScriptEngine.java:119)
	at com.kms.katalon.core.main.TestCaseExecutor.runScript(TestCaseExecutor.java:337)
	at com.kms.katalon.core.main.TestCaseExecutor.doExecute(TestCaseExecutor.java:328)
	at com.kms.katalon.core.main.TestCaseExecutor.processExecutionPhase(TestCaseExecutor.java:307)
	at com.kms.katalon.core.main.TestCaseExecutor.accessMainPhase(TestCaseExecutor.java:299)
	at com.kms.katalon.core.main.TestCaseExecutor.execute(TestCaseExecutor.java:233)
	at com.kms.katalon.core.main.TestSuiteExecutor.accessTestCaseMainPhase(TestSuiteExecutor.java:169)
	at com.kms.katalon.core.main.TestSuiteExecutor.accessTestSuiteMainPhase(TestSuiteExecutor.java:142)
	at com.kms.katalon.core.main.TestSuiteExecutor.execute(TestSuiteExecutor.java:91)
	at com.kms.katalon.core.main.TestCaseMain.startTestSuite(TestCaseMain.java:157)
	at com.kms.katalon.core.main.TestCaseMain$startTestSuite$0.call(Unknown Source)
	at TempTestSuite1572536122144.run(TempTestSuite1572536122144.groovy:36)
)
	at com.kms.katalon.core.keyword.internal.KeywordMain.stepFailed(KeywordMain.groovy:39)
	at com.kms.katalon.core.webui.keyword.internal.WebUIKeywordMain.stepFailed(WebUIKeywordMain.groovy:64)
	at com.kms.katalon.core.webui.keyword.builtin.VerifyTextPresentKeyword$_verifyTextPresent_closure1.doCall(VerifyTextPresentKeyword.groovy:79)
	at com.kms.katalon.core.webui.keyword.builtin.VerifyTextPresentKeyword$_verifyTextPresent_closure1.call(VerifyTextPresentKeyword.groovy)
	at com.kms.katalon.core.webui.keyword.internal.WebUIKeywordMain.runKeyword(WebUIKeywordMain.groovy:20)
	at com.kms.katalon.core.webui.keyword.builtin.VerifyTextPresentKeyword.verifyTextPresent(VerifyTextPresentKeyword.groovy:83)
	at com.kms.katalon.core.webui.keyword.builtin.VerifyTextPresentKeyword.execute(VerifyTextPresentKeyword.groovy:68)
	at com.kms.katalon.core.keyword.internal.KeywordExecutor.executeKeywordForPlatform(KeywordExecutor.groovy:60)
	at com.kms.katalon.core.webui.keyword.WebUiBuiltInKeywords.verifyTextPresent(WebUiBuiltInKeywords.groovy:1693)
	at com.kms.katalon.core.webui.keyword.WebUiBuiltInKeywords$verifyTextPresent$2.call(Unknown Source)
	at Received_Negative_Review.run(Received_Negative_Review:78)
	at com.kms.katalon.core.main.ScriptEngine.run(ScriptEngine.java:194)
	at com.kms.katalon.core.main.ScriptEngine.runScriptAsRawText(ScriptEngine.java:119)
	at com.kms.katalon.core.main.TestCaseExecutor.runScript(TestCaseExecutor.java:337)
	at com.kms.katalon.core.main.TestCaseExecutor.doExecute(TestCaseExecutor.java:328)
	at com.kms.katalon.core.main.TestCaseExecutor.processExecutionPhase(TestCaseExecutor.java:307)
	at com.kms.katalon.core.main.TestCaseExecutor.accessMainPhase(TestCaseExecutor.java:299)
	at com.kms.katalon.core.main.TestCaseExecutor.execute(TestCaseExecutor.java:233)
	at com.kms.katalon.core.main.TestCaseMain.runTestCase(TestCaseMain.java:114)
	at com.kms.katalon.core.keyword.builtin.CallTestCaseKeyword$_callTestCase_closure1.doCall(CallTestCaseKeyword.groovy:59)
	... 20 more
Caused by: com.kms.katalon.core.exception.StepFailedException: Text 'Membership' is not present on page 
	... 39 more
)

2019-10-31 15:42:45 - [TEST_CASE][FAILED] - Test Cases/Reusable_Test_Sequences/Members_Area/Validation/Received_Negative_Review: Test Cases/Reusable_Test_Sequences/Members_Area/Validation/Received_Negative_Review FAILED.
Reason:
com.kms.katalon.core.exception.StepFailedException: Text 'Membership' is not present on page  (Root cause: com.kms.katalon.core.exception.StepFailedException: Text 'Membership' is not present on page 
	at com.kms.katalon.core.webui.keyword.internal.WebUIKeywordMain.stepFailed(WebUIKeywordMain.groovy:64)
	at com.kms.katalon.core.webui.keyword.builtin.VerifyTextPresentKeyword$_verifyTextPresent_closure1.doCall(VerifyTextPresentKeyword.groovy:79)
	at com.kms.katalon.core.webui.keyword.builtin.VerifyTextPresentKeyword$_verifyTextPresent_closure1.call(VerifyTextPresentKeyword.groovy)
	at com.kms.katalon.core.webui.keyword.internal.WebUIKeywordMain.runKeyword(WebUIKeywordMain.groovy:20)
	at com.kms.katalon.core.webui.keyword.builtin.VerifyTextPresentKeyword.verifyTextPresent(VerifyTextPresentKeyword.groovy:83)
	at com.kms.katalon.core.webui.keyword.builtin.VerifyTextPresentKeyword.execute(VerifyTextPresentKeyword.groovy:68)
	at com.kms.katalon.core.keyword.internal.KeywordExecutor.executeKeywordForPlatform(KeywordExecutor.groovy:60)
	at com.kms.katalon.core.webui.keyword.WebUiBuiltInKeywords.verifyTextPresent(WebUiBuiltInKeywords.groovy:1693)
	at com.kms.katalon.core.webui.keyword.WebUiBuiltInKeywords$verifyTextPresent$2.call(Unknown Source)
	at Received_Negative_Review.run(Received_Negative_Review:78)
	at com.kms.katalon.core.main.ScriptEngine.run(ScriptEngine.java:194)
	at com.kms.katalon.core.main.ScriptEngine.runScriptAsRawText(ScriptEngine.java:119)
	at com.kms.katalon.core.main.TestCaseExecutor.runScript(TestCaseExecutor.java:337)
	at com.kms.katalon.core.main.TestCaseExecutor.doExecute(TestCaseExecutor.java:328)
	at com.kms.katalon.core.main.TestCaseExecutor.processExecutionPhase(TestCaseExecutor.java:307)
	at com.kms.katalon.core.main.TestCaseExecutor.accessMainPhase(TestCaseExecutor.java:299)
	at com.kms.katalon.core.main.TestCaseExecutor.execute(TestCaseExecutor.java:233)
	at com.kms.katalon.core.main.TestCaseMain.runTestCase(TestCaseMain.java:114)
	at com.kms.katalon.core.keyword.builtin.CallTestCaseKeyword$_callTestCase_closure1.doCall(CallTestCaseKeyword.groovy:59)
	at com.kms.katalon.core.keyword.builtin.CallTestCaseKeyword$_callTestCase_closure1.call(CallTestCaseKeyword.groovy)
	at com.kms.katalon.core.keyword.internal.KeywordMain.runKeyword(KeywordMain.groovy:68)
	at com.kms.katalon.core.keyword.builtin.CallTestCaseKeyword.callTestCase(CallTestCaseKeyword.groovy:81)
	at com.kms.katalon.core.keyword.builtin.CallTestCaseKeyword.execute(CallTestCaseKeyword.groovy:44)
	at com.kms.katalon.core.keyword.internal.KeywordExecutor.executeKeywordForPlatform(KeywordExecutor.groovy:60)
	at com.kms.katalon.core.keyword.BuiltinKeywords.callTestCase(BuiltinKeywords.groovy:334)
	at Received_Negative_Review.run(Received_Negative_Review:81)
	at com.kms.katalon.core.main.ScriptEngine.run(ScriptEngine.java:194)
	at com.kms.katalon.core.main.ScriptEngine.runScriptAsRawText(ScriptEngine.java:119)
	at com.kms.katalon.core.main.TestCaseExecutor.runScript(TestCaseExecutor.java:337)
	at com.kms.katalon.core.main.TestCaseExecutor.doExecute(TestCaseExecutor.java:328)
	at com.kms.katalon.core.main.TestCaseExecutor.processExecutionPhase(TestCaseExecutor.java:307)
	at com.kms.katalon.core.main.TestCaseExecutor.accessMainPhase(TestCaseExecutor.java:299)
	at com.kms.katalon.core.main.TestCaseExecutor.execute(TestCaseExecutor.java:233)
	at com.kms.katalon.core.main.TestSuiteExecutor.accessTestCaseMainPhase(TestSuiteExecutor.java:169)
	at com.kms.katalon.core.main.TestSuiteExecutor.accessTestSuiteMainPhase(TestSuiteExecutor.java:142)
	at com.kms.katalon.core.main.TestSuiteExecutor.execute(TestSuiteExecutor.java:91)
	at com.kms.katalon.core.main.TestCaseMain.startTestSuite(TestCaseMain.java:157)
	at com.kms.katalon.core.main.TestCaseMain$startTestSuite$0.call(Unknown Source)
	at TempTestSuite1572536122144.run(TempTestSuite1572536122144.groovy:36)
)
	at com.kms.katalon.core.keyword.internal.KeywordMain.stepFailed(KeywordMain.groovy:39)
	at com.kms.katalon.core.webui.keyword.internal.WebUIKeywordMain.stepFailed(WebUIKeywordMain.groovy:64)
	at com.kms.katalon.core.webui.keyword.builtin.VerifyTextPresentKeyword$_verifyTextPresent_closure1.doCall(VerifyTextPresentKeyword.groovy:79)
	at com.kms.katalon.core.webui.keyword.builtin.VerifyTextPresentKeyword$_verifyTextPresent_closure1.call(VerifyTextPresentKeyword.groovy)
	at com.kms.katalon.core.webui.keyword.internal.WebUIKeywordMain.runKeyword(WebUIKeywordMain.groovy:20)
	at com.kms.katalon.core.webui.keyword.builtin.VerifyTextPresentKeyword.verifyTextPresent(VerifyTextPresentKeyword.groovy:83)
	at com.kms.katalon.core.webui.keyword.builtin.VerifyTextPresentKeyword.execute(VerifyTextPresentKeyword.groovy:68)
	at com.kms.katalon.core.keyword.internal.KeywordExecutor.executeKeywordForPlatform(KeywordExecutor.groovy:60)
	at com.kms.katalon.core.webui.keyword.WebUiBuiltInKeywords.verifyTextPresent(WebUiBuiltInKeywords.groovy:1693)
	at com.kms.katalon.core.webui.keyword.WebUiBuiltInKeywords$verifyTextPresent$2.call(Unknown Source)
	at Received_Negative_Review.run(Received_Negative_Review:78)
	at com.kms.katalon.core.main.ScriptEngine.run(ScriptEngine.java:194)
	at com.kms.katalon.core.main.ScriptEngine.runScriptAsRawText(ScriptEngine.java:119)
	at com.kms.katalon.core.main.TestCaseExecutor.runScript(TestCaseExecutor.java:337)
	at com.kms.katalon.core.main.TestCaseExecutor.doExecute(TestCaseExecutor.java:328)
	at com.kms.katalon.core.main.TestCaseExecutor.processExecutionPhase(TestCaseExecutor.java:307)
	at com.kms.katalon.core.main.TestCaseExecutor.accessMainPhase(TestCaseExecutor.java:299)
	at com.kms.katalon.core.main.TestCaseExecutor.execute(TestCaseExecutor.java:233)
	at com.kms.katalon.core.main.TestCaseMain.runTestCase(TestCaseMain.java:114)
	at com.kms.katalon.core.keyword.builtin.CallTestCaseKeyword$_callTestCase_closure1.doCall(CallTestCaseKeyword.groovy:59)
	at com.kms.katalon.core.keyword.builtin.CallTestCaseKeyword$_callTestCase_closure1.call(CallTestCaseKeyword.groovy)
	at com.kms.katalon.core.keyword.internal.KeywordMain.runKeyword(KeywordMain.groovy:68)
	at com.kms.katalon.core.keyword.builtin.CallTestCaseKeyword.callTestCase(CallTestCaseKeyword.groovy:81)
	at com.kms.katalon.core.keyword.builtin.CallTestCaseKeyword.execute(CallTestCaseKeyword.groovy:44)
	at com.kms.katalon.core.keyword.internal.KeywordExecutor.executeKeywordForPlatform(KeywordExecutor.groovy:60)
	at com.kms.katalon.core.keyword.BuiltinKeywords.callTestCase(BuiltinKeywords.groovy:334)
	at Received_Negative_Review.run(Received_Negative_Review:81)
	at com.kms.katalon.core.main.ScriptEngine.run(ScriptEngine.java:194)
	at com.kms.katalon.core.main.ScriptEngine.runScriptAsRawText(ScriptEngine.java:119)
	at com.kms.katalon.core.main.TestCaseExecutor.runScript(TestCaseExecutor.java:337)
	at com.kms.katalon.core.main.TestCaseExecutor.doExecute(TestCaseExecutor.java:328)
	at com.kms.katalon.core.main.TestCaseExecutor.processExecutionPhase(TestCaseExecutor.java:307)
	at com.kms.katalon.core.main.TestCaseExecutor.accessMainPhase(TestCaseExecutor.java:299)
	at com.kms.katalon.core.main.TestCaseExecutor.execute(TestCaseExecutor.java:233)
	at com.kms.katalon.core.main.TestSuiteExecutor.accessTestCaseMainPhase(TestSuiteExecutor.java:169)
	at com.kms.katalon.core.main.TestSuiteExecutor.accessTestSuiteMainPhase(TestSuiteExecutor.java:142)
	at com.kms.katalon.core.main.TestSuiteExecutor.execute(TestSuiteExecutor.java:91)
	at com.kms.katalon.core.main.TestCaseMain.startTestSuite(TestCaseMain.java:157)
	at com.kms.katalon.core.main.TestCaseMain$startTestSuite$0.call(Unknown Source)
	at TempTestSuite1572536122144.run(TempTestSuite1572536122144.groovy:36)
Caused by: com.kms.katalon.core.exception.StepFailedException: Text 'Membership' is not present on page 
	... 39 more


2019-10-31 15:42:45 - [TEST_STEP][PASSED] - "New PAGE Opened - Displaying the front page of the membershipt Support Pack": null

2019-10-31 15:42:45 - [TEST_STEP][PASSED] - "------------------------------------------------": null

2019-10-31 15:42:45 - [TEST_STEP][FAILED] - verifyTextPresent("Membership", false): Text 'Membership' is not present on page  (Root cause: com.kms.katalon.core.exception.StepFailedException: Text 'Membership' is not present on page 
	at com.kms.katalon.core.webui.keyword.internal.WebUIKeywordMain.stepFailed(WebUIKeywordMain.groovy:64)
	at com.kms.katalon.core.webui.keyword.builtin.VerifyTextPresentKeyword$_verifyTextPresent_closure1.doCall(VerifyTextPresentKeyword.groovy:79)
	at com.kms.katalon.core.webui.keyword.builtin.VerifyTextPresentKeyword$_verifyTextPresent_closure1.call(VerifyTextPresentKeyword.groovy)
	at com.kms.katalon.core.webui.keyword.internal.WebUIKeywordMain.runKeyword(WebUIKeywordMain.groovy:20)
	at com.kms.katalon.core.webui.keyword.builtin.VerifyTextPresentKeyword.verifyTextPresent(VerifyTextPresentKeyword.groovy:83)
	at com.kms.katalon.core.webui.keyword.builtin.VerifyTextPresentKeyword.execute(VerifyTextPresentKeyword.groovy:68)
	at com.kms.katalon.core.keyword.internal.KeywordExecutor.executeKeywordForPlatform(KeywordExecutor.groovy:60)
	at com.kms.katalon.core.webui.keyword.WebUiBuiltInKeywords.verifyTextPresent(WebUiBuiltInKeywords.groovy:1693)
	at com.kms.katalon.core.webui.keyword.WebUiBuiltInKeywords$verifyTextPresent$2.call(Unknown Source)
	at Received_Negative_Review.run(Received_Negative_Review:78)
	at com.kms.katalon.core.main.ScriptEngine.run(ScriptEngine.java:194)
	at com.kms.katalon.core.main.ScriptEngine.runScriptAsRawText(ScriptEngine.java:119)
	at com.kms.katalon.core.main.TestCaseExecutor.runScript(TestCaseExecutor.java:337)
	at com.kms.katalon.core.main.TestCaseExecutor.doExecute(TestCaseExecutor.java:328)
	at com.kms.katalon.core.main.TestCaseExecutor.processExecutionPhase(TestCaseExecutor.java:307)
	at com.kms.katalon.core.main.TestCaseExecutor.accessMainPhase(TestCaseExecutor.java:299)
	at com.kms.katalon.core.main.TestCaseExecutor.execute(TestCaseExecutor.java:233)
	at com.kms.katalon.core.main.TestCaseMain.runTestCase(TestCaseMain.java:114)
	at com.kms.katalon.core.keyword.builtin.CallTestCaseKeyword$_callTestCase_closure1.doCall(CallTestCaseKeyword.groovy:59)
	at com.kms.katalon.core.keyword.builtin.CallTestCaseKeyword$_callTestCase_closure1.call(CallTestCaseKeyword.groovy)
	at com.kms.katalon.core.keyword.internal.KeywordMain.runKeyword(KeywordMain.groovy:68)
	at com.kms.katalon.core.keyword.builtin.CallTestCaseKeyword.callTestCase(CallTestCaseKeyword.groovy:81)
	at com.kms.katalon.core.keyword.builtin.CallTestCaseKeyword.execute(CallTestCaseKeyword.groovy:44)
	at com.kms.katalon.core.keyword.internal.KeywordExecutor.executeKeywordForPlatform(KeywordExecutor.groovy:60)
	at com.kms.katalon.core.keyword.BuiltinKeywords.callTestCase(BuiltinKeywords.groovy:334)
	at Received_Negative_Review.run(Received_Negative_Review:81)
	at com.kms.katalon.core.main.ScriptEngine.run(ScriptEngine.java:194)
	at com.kms.katalon.core.main.ScriptEngine.runScriptAsRawText(ScriptEngine.java:119)
	at com.kms.katalon.core.main.TestCaseExecutor.runScript(TestCaseExecutor.java:337)
	at com.kms.katalon.core.main.TestCaseExecutor.doExecute(TestCaseExecutor.java:328)
	at com.kms.katalon.core.main.TestCaseExecutor.processExecutionPhase(TestCaseExecutor.java:307)
	at com.kms.katalon.core.main.TestCaseExecutor.accessMainPhase(TestCaseExecutor.java:299)
	at com.kms.katalon.core.main.TestCaseExecutor.execute(TestCaseExecutor.java:233)
	at com.kms.katalon.core.main.TestSuiteExecutor.accessTestCaseMainPhase(TestSuiteExecutor.java:169)
	at com.kms.katalon.core.main.TestSuiteExecutor.accessTestSuiteMainPhase(TestSuiteExecutor.java:142)
	at com.kms.katalon.core.main.TestSuiteExecutor.execute(TestSuiteExecutor.java:91)
	at com.kms.katalon.core.main.TestCaseMain.startTestSuite(TestCaseMain.java:157)
	at com.kms.katalon.core.main.TestCaseMain$startTestSuite$0.call(Unknown Source)
	at TempTestSuite1572536122144.run(TempTestSuite1572536122144.groovy:36)
)

2019-10-31 15:42:45 - [MESSAGE][FAILED] - Text 'Membership' is not present on page  (Root cause: com.kms.katalon.core.exception.StepFailedException: Text 'Membership' is not present on page 
	at com.kms.katalon.core.webui.keyword.internal.WebUIKeywordMain.stepFailed(WebUIKeywordMain.groovy:64)
	at com.kms.katalon.core.webui.keyword.builtin.VerifyTextPresentKeyword$_verifyTextPresent_closure1.doCall(VerifyTextPresentKeyword.groovy:79)
	at com.kms.katalon.core.webui.keyword.builtin.VerifyTextPresentKeyword$_verifyTextPresent_closure1.call(VerifyTextPresentKeyword.groovy)
	at com.kms.katalon.core.webui.keyword.internal.WebUIKeywordMain.runKeyword(WebUIKeywordMain.groovy:20)
	at com.kms.katalon.core.webui.keyword.builtin.VerifyTextPresentKeyword.verifyTextPresent(VerifyTextPresentKeyword.groovy:83)
	at com.kms.katalon.core.webui.keyword.builtin.VerifyTextPresentKeyword.execute(VerifyTextPresentKeyword.groovy:68)
	at com.kms.katalon.core.keyword.internal.KeywordExecutor.executeKeywordForPlatform(KeywordExecutor.groovy:60)
	at com.kms.katalon.core.webui.keyword.WebUiBuiltInKeywords.verifyTextPresent(WebUiBuiltInKeywords.groovy:1693)
	at com.kms.katalon.core.webui.keyword.WebUiBuiltInKeywords$verifyTextPresent$2.call(Unknown Source)
	at Received_Negative_Review.run(Received_Negative_Review:78)
	at com.kms.katalon.core.main.ScriptEngine.run(ScriptEngine.java:194)
	at com.kms.katalon.core.main.ScriptEngine.runScriptAsRawText(ScriptEngine.java:119)
	at com.kms.katalon.core.main.TestCaseExecutor.runScript(TestCaseExecutor.java:337)
	at com.kms.katalon.core.main.TestCaseExecutor.doExecute(TestCaseExecutor.java:328)
	at com.kms.katalon.core.main.TestCaseExecutor.processExecutionPhase(TestCaseExecutor.java:307)
	at com.kms.katalon.core.main.TestCaseExecutor.accessMainPhase(TestCaseExecutor.java:299)
	at com.kms.katalon.core.main.TestCaseExecutor.execute(TestCaseExecutor.java:233)
	at com.kms.katalon.core.main.TestCaseMain.runTestCase(TestCaseMain.java:114)
	at com.kms.katalon.core.keyword.builtin.CallTestCaseKeyword$_callTestCase_closure1.doCall(CallTestCaseKeyword.groovy:59)
	at com.kms.katalon.core.keyword.builtin.CallTestCaseKeyword$_callTestCase_closure1.call(CallTestCaseKeyword.groovy)
	at com.kms.katalon.core.keyword.internal.KeywordMain.runKeyword(KeywordMain.groovy:68)
	at com.kms.katalon.core.keyword.builtin.CallTestCaseKeyword.callTestCase(CallTestCaseKeyword.groovy:81)
	at com.kms.katalon.core.keyword.builtin.CallTestCaseKeyword.execute(CallTestCaseKeyword.groovy:44)
	at com.kms.katalon.core.keyword.internal.KeywordExecutor.executeKeywordForPlatform(KeywordExecutor.groovy:60)
	at com.kms.katalon.core.keyword.BuiltinKeywords.callTestCase(BuiltinKeywords.groovy:334)
	at Received_Negative_Review.run(Received_Negative_Review:81)
	at com.kms.katalon.core.main.ScriptEngine.run(ScriptEngine.java:194)
	at com.kms.katalon.core.main.ScriptEngine.runScriptAsRawText(ScriptEngine.java:119)
	at com.kms.katalon.core.main.TestCaseExecutor.runScript(TestCaseExecutor.java:337)
	at com.kms.katalon.core.main.TestCaseExecutor.doExecute(TestCaseExecutor.java:328)
	at com.kms.katalon.core.main.TestCaseExecutor.processExecutionPhase(TestCaseExecutor.java:307)
	at com.kms.katalon.core.main.TestCaseExecutor.accessMainPhase(TestCaseExecutor.java:299)
	at com.kms.katalon.core.main.TestCaseExecutor.execute(TestCaseExecutor.java:233)
	at com.kms.katalon.core.main.TestSuiteExecutor.accessTestCaseMainPhase(TestSuiteExecutor.java:169)
	at com.kms.katalon.core.main.TestSuiteExecutor.accessTestSuiteMainPhase(TestSuiteExecutor.java:142)
	at com.kms.katalon.core.main.TestSuiteExecutor.execute(TestSuiteExecutor.java:91)
	at com.kms.katalon.core.main.TestCaseMain.startTestSuite(TestCaseMain.java:157)
	at com.kms.katalon.core.main.TestCaseMain$startTestSuite$0.call(Unknown Source)
	at TempTestSuite1572536122144.run(TempTestSuite1572536122144.groovy:36)
)

2019-10-31 15:42:45 - [TEST_STEP][PASSED] - "------------------------------------------------": null

2019-10-31 15:42:45 - [TEST_STEP][PASSED] - delay(1): Delayed 1 second(s)

2019-10-31 15:42:46 - [MESSAGE][PASSED] - Delayed 1 second(s)

2019-10-31 15:42:46 - [TEST_STEP][PASSED] - robot = new java.awt.Robot(): null

2019-10-31 15:42:46 - [TEST_STEP][PASSED] - robot.keyPress(VK_END): null

2019-10-31 15:42:46 - [TEST_STEP][PASSED] - robot.keyRelease(VK_END): null

2019-10-31 15:42:47 - [MESSAGE][FAILED] - Unable to call Test Case 'Test Cases/Reusable_Test_Sequences/Members_Area/Validation/Received_Negative_Review' (Root cause: com.kms.katalon.core.exception.StepFailedException: Call Test Case 'Test Cases/Reusable_Test_Sequences/Members_Area/Validation/Received_Negative_Review' failed
	at com.kms.katalon.core.keyword.builtin.CallTestCaseKeyword$_callTestCase_closure1.doCall(CallTestCaseKeyword.groovy:63)
	at com.kms.katalon.core.keyword.builtin.CallTestCaseKeyword$_callTestCase_closure1.call(CallTestCaseKeyword.groovy)
	at com.kms.katalon.core.keyword.internal.KeywordMain.runKeyword(KeywordMain.groovy:68)
	at com.kms.katalon.core.keyword.builtin.CallTestCaseKeyword.callTestCase(CallTestCaseKeyword.groovy:81)
	at com.kms.katalon.core.keyword.builtin.CallTestCaseKeyword.execute(CallTestCaseKeyword.groovy:44)
	at com.kms.katalon.core.keyword.internal.KeywordExecutor.executeKeywordForPlatform(KeywordExecutor.groovy:60)
	at com.kms.katalon.core.keyword.BuiltinKeywords.callTestCase(BuiltinKeywords.groovy:334)
	at Received_Negative_Review.run(Received_Negative_Review:81)
	at com.kms.katalon.core.main.ScriptEngine.run(ScriptEngine.java:194)
	at com.kms.katalon.core.main.ScriptEngine.runScriptAsRawText(ScriptEngine.java:119)
	at com.kms.katalon.core.main.TestCaseExecutor.runScript(TestCaseExecutor.java:337)
	at com.kms.katalon.core.main.TestCaseExecutor.doExecute(TestCaseExecutor.java:328)
	at com.kms.katalon.core.main.TestCaseExecutor.processExecutionPhase(TestCaseExecutor.java:307)
	at com.kms.katalon.core.main.TestCaseExecutor.accessMainPhase(TestCaseExecutor.java:299)
	at com.kms.katalon.core.main.TestCaseExecutor.execute(TestCaseExecutor.java:233)
	at com.kms.katalon.core.main.TestSuiteExecutor.accessTestCaseMainPhase(TestSuiteExecutor.java:169)
	at com.kms.katalon.core.main.TestSuiteExecutor.accessTestSuiteMainPhase(TestSuiteExecutor.java:142)
	at com.kms.katalon.core.main.TestSuiteExecutor.execute(TestSuiteExecutor.java:91)
	at com.kms.katalon.core.main.TestCaseMain.startTestSuite(TestCaseMain.java:157)
	at com.kms.katalon.core.main.TestCaseMain$startTestSuite$0.call(Unknown Source)
	at TempTestSuite1572536122144.run(TempTestSuite1572536122144.groovy:36)
Caused by: com.kms.katalon.core.exception.StepFailedException: Text 'Membership' is not present on page  (Root cause: com.kms.katalon.core.exception.StepFailedException: Text 'Membership' is not present on page 
	at com.kms.katalon.core.webui.keyword.internal.WebUIKeywordMain.stepFailed(WebUIKeywordMain.groovy:64)
	at com.kms.katalon.core.webui.keyword.builtin.VerifyTextPresentKeyword$_verifyTextPresent_closure1.doCall(VerifyTextPresentKeyword.groovy:79)
	at com.kms.katalon.core.webui.keyword.builtin.VerifyTextPresentKeyword$_verifyTextPresent_closure1.call(VerifyTextPresentKeyword.groovy)
	at com.kms.katalon.core.webui.keyword.internal.WebUIKeywordMain.runKeyword(WebUIKeywordMain.groovy:20)
	at com.kms.katalon.core.webui.keyword.builtin.VerifyTextPresentKeyword.verifyTextPresent(VerifyTextPresentKeyword.groovy:83)
	at com.kms.katalon.core.webui.keyword.builtin.VerifyTextPresentKeyword.execute(VerifyTextPresentKeyword.groovy:68)
	at com.kms.katalon.core.keyword.internal.KeywordExecutor.executeKeywordForPlatform(KeywordExecutor.groovy:60)
	at com.kms.katalon.core.webui.keyword.WebUiBuiltInKeywords.verifyTextPresent(WebUiBuiltInKeywords.groovy:1693)
	at com.kms.katalon.core.webui.keyword.WebUiBuiltInKeywords$verifyTextPresent$2.call(Unknown Source)
	at Received_Negative_Review.run(Received_Negative_Review:78)
	at com.kms.katalon.core.main.ScriptEngine.run(ScriptEngine.java:194)
	at com.kms.katalon.core.main.ScriptEngine.runScriptAsRawText(ScriptEngine.java:119)
	at com.kms.katalon.core.main.TestCaseExecutor.runScript(TestCaseExecutor.java:337)
	at com.kms.katalon.core.main.TestCaseExecutor.doExecute(TestCaseExecutor.java:328)
	at com.kms.katalon.core.main.TestCaseExecutor.processExecutionPhase(TestCaseExecutor.java:307)
	at com.kms.katalon.core.main.TestCaseExecutor.accessMainPhase(TestCaseExecutor.java:299)
	at com.kms.katalon.core.main.TestCaseExecutor.execute(TestCaseExecutor.java:233)
	at com.kms.katalon.core.main.TestCaseMain.runTestCase(TestCaseMain.java:114)
	at com.kms.katalon.core.keyword.builtin.CallTestCaseKeyword$_callTestCase_closure1.doCall(CallTestCaseKeyword.groovy:59)
	at com.kms.katalon.core.keyword.builtin.CallTestCaseKeyword$_callTestCase_closure1.call(CallTestCaseKeyword.groovy)
	at com.kms.katalon.core.keyword.internal.KeywordMain.runKeyword(KeywordMain.groovy:68)
	at com.kms.katalon.core.keyword.builtin.CallTestCaseKeyword.callTestCase(CallTestCaseKeyword.groovy:81)
	at com.kms.katalon.core.keyword.builtin.CallTestCaseKeyword.execute(CallTestCaseKeyword.groovy:44)
	at com.kms.katalon.core.keyword.internal.KeywordExecutor.executeKeywordForPlatform(KeywordExecutor.groovy:60)
	at com.kms.katalon.core.keyword.BuiltinKeywords.callTestCase(BuiltinKeywords.groovy:334)
	at Received_Negative_Review.run(Received_Negative_Review:81)
	at com.kms.katalon.core.main.ScriptEngine.run(ScriptEngine.java:194)
	at com.kms.katalon.core.main.ScriptEngine.runScriptAsRawText(ScriptEngine.java:119)
	at com.kms.katalon.core.main.TestCaseExecutor.runScript(TestCaseExecutor.java:337)
	at com.kms.katalon.core.main.TestCaseExecutor.doExecute(TestCaseExecutor.java:328)
	at com.kms.katalon.core.main.TestCaseExecutor.processExecutionPhase(TestCaseExecutor.java:307)
	at com.kms.katalon.core.main.TestCaseExecutor.accessMainPhase(TestCaseExecutor.java:299)
	at com.kms.katalon.core.main.TestCaseExecutor.execute(TestCaseExecutor.java:233)
	at com.kms.katalon.core.main.TestSuiteExecutor.accessTestCaseMainPhase(TestSuiteExecutor.java:169)
	at com.kms.katalon.core.main.TestSuiteExecutor.accessTestSuiteMainPhase(TestSuiteExecutor.java:142)
	at com.kms.katalon.core.main.TestSuiteExecutor.execute(TestSuiteExecutor.java:91)
	at com.kms.katalon.core.main.TestCaseMain.startTestSuite(TestCaseMain.java:157)
	at com.kms.katalon.core.main.TestCaseMain$startTestSuite$0.call(Unknown Source)
	at TempTestSuite1572536122144.run(TempTestSuite1572536122144.groovy:36)
)
	at com.kms.katalon.core.keyword.internal.KeywordMain.stepFailed(KeywordMain.groovy:39)
	at com.kms.katalon.core.webui.keyword.internal.WebUIKeywordMain.stepFailed(WebUIKeywordMain.groovy:64)
	at com.kms.katalon.core.webui.keyword.builtin.VerifyTextPresentKeyword$_verifyTextPresent_closure1.doCall(VerifyTextPresentKeyword.groovy:79)
	at com.kms.katalon.core.webui.keyword.builtin.VerifyTextPresentKeyword$_verifyTextPresent_closure1.call(VerifyTextPresentKeyword.groovy)
	at com.kms.katalon.core.webui.keyword.internal.WebUIKeywordMain.runKeyword(WebUIKeywordMain.groovy:20)
	at com.kms.katalon.core.webui.keyword.builtin.VerifyTextPresentKeyword.verifyTextPresent(VerifyTextPresentKeyword.groovy:83)
	at com.kms.katalon.core.webui.keyword.builtin.VerifyTextPresentKeyword.execute(VerifyTextPresentKeyword.groovy:68)
	at com.kms.katalon.core.keyword.internal.KeywordExecutor.executeKeywordForPlatform(KeywordExecutor.groovy:60)
	at com.kms.katalon.core.webui.keyword.WebUiBuiltInKeywords.verifyTextPresent(WebUiBuiltInKeywords.groovy:1693)
	at com.kms.katalon.core.webui.keyword.WebUiBuiltInKeywords$verifyTextPresent$2.call(Unknown Source)
	at Received_Negative_Review.run(Received_Negative_Review:78)
	at com.kms.katalon.core.main.ScriptEngine.run(ScriptEngine.java:194)
	at com.kms.katalon.core.main.ScriptEngine.runScriptAsRawText(ScriptEngine.java:119)
	at com.kms.katalon.core.main.TestCaseExecutor.runScript(TestCaseExecutor.java:337)
	at com.kms.katalon.core.main.TestCaseExecutor.doExecute(TestCaseExecutor.java:328)
	at com.kms.katalon.core.main.TestCaseExecutor.processExecutionPhase(TestCaseExecutor.java:307)
	at com.kms.katalon.core.main.TestCaseExecutor.accessMainPhase(TestCaseExecutor.java:299)
	at com.kms.katalon.core.main.TestCaseExecutor.execute(TestCaseExecutor.java:233)
	at com.kms.katalon.core.main.TestCaseMain.runTestCase(TestCaseMain.java:114)
	at com.kms.katalon.core.keyword.builtin.CallTestCaseKeyword$_callTestCase_closure1.doCall(CallTestCaseKeyword.groovy:59)
	... 20 more
Caused by: com.kms.katalon.core.exception.StepFailedException: Text 'Membership' is not present on page 
	... 39 more
)

2019-10-31 15:42:47 - [TEST_STEP][FAILED] - callTestCase(findTestCase("Reusable_Test_Sequences/Members_Area/Banner_Menu/log_Off"), [:], STOP_ON_FAILURE): Unable to call Test Case 'Test Cases/Reusable_Test_Sequences/Members_Area/Banner_Menu/log_Off' (Root cause: com.kms.katalon.core.exception.StepFailedException: Call Test Case 'Test Cases/Reusable_Test_Sequences/Members_Area/Banner_Menu/log_Off' failed
	at com.kms.katalon.core.keyword.builtin.CallTestCaseKeyword$_callTestCase_closure1.doCall(CallTestCaseKeyword.groovy:63)
	at com.kms.katalon.core.keyword.builtin.CallTestCaseKeyword$_callTestCase_closure1.call(CallTestCaseKeyword.groovy)
	at com.kms.katalon.core.keyword.internal.KeywordMain.runKeyword(KeywordMain.groovy:68)
	at com.kms.katalon.core.keyword.builtin.CallTestCaseKeyword.callTestCase(CallTestCaseKeyword.groovy:81)
	at com.kms.katalon.core.keyword.builtin.CallTestCaseKeyword.execute(CallTestCaseKeyword.groovy:44)
	at com.kms.katalon.core.keyword.internal.KeywordExecutor.executeKeywordForPlatform(KeywordExecutor.groovy:60)
	at com.kms.katalon.core.keyword.BuiltinKeywords.callTestCase(BuiltinKeywords.groovy:334)
	at Received_Negative_Review.run(Received_Negative_Review:86)
	at com.kms.katalon.core.main.ScriptEngine.run(ScriptEngine.java:194)
	at com.kms.katalon.core.main.ScriptEngine.runScriptAsRawText(ScriptEngine.java:119)
	at com.kms.katalon.core.main.TestCaseExecutor.runScript(TestCaseExecutor.java:337)
	at com.kms.katalon.core.main.TestCaseExecutor.doExecute(TestCaseExecutor.java:328)
	at com.kms.katalon.core.main.TestCaseExecutor.processExecutionPhase(TestCaseExecutor.java:307)
	at com.kms.katalon.core.main.TestCaseExecutor.accessMainPhase(TestCaseExecutor.java:299)
	at com.kms.katalon.core.main.TestCaseExecutor.execute(TestCaseExecutor.java:233)
	at com.kms.katalon.core.main.TestSuiteExecutor.accessTestCaseMainPhase(TestSuiteExecutor.java:169)
	at com.kms.katalon.core.main.TestSuiteExecutor.accessTestSuiteMainPhase(TestSuiteExecutor.java:142)
	at com.kms.katalon.core.main.TestSuiteExecutor.execute(TestSuiteExecutor.java:91)
	at com.kms.katalon.core.main.TestCaseMain.startTestSuite(TestCaseMain.java:157)
	at com.kms.katalon.core.main.TestCaseMain$startTestSuite$0.call(Unknown Source)
	at TempTestSuite1572536122144.run(TempTestSuite1572536122144.groovy:36)
Caused by: com.kms.katalon.core.exception.StepFailedException: Unable to click on object 'Object Repository/Page_Members Area/a_Log off' (Root cause: com.kms.katalon.core.exception.StepFailedException: Unable to click on object 'Object Repository/Page_Members Area/a_Log off'
	at com.kms.katalon.core.webui.keyword.internal.WebUIKeywordMain.stepFailed(WebUIKeywordMain.groovy:64)
	at com.kms.katalon.core.webui.keyword.internal.WebUIKeywordMain.runKeyword(WebUIKeywordMain.groovy:26)
	at com.kms.katalon.core.webui.keyword.builtin.ClickKeyword.click(ClickKeyword.groovy:79)
	at com.kms.katalon.core.webui.keyword.builtin.ClickKeyword.execute(ClickKeyword.groovy:42)
	at com.kms.katalon.core.keyword.internal.KeywordExecutor.executeKeywordForPlatform(KeywordExecutor.groovy:60)
	at com.kms.katalon.core.webui.keyword.WebUiBuiltInKeywords.click(WebUiBuiltInKeywords.groovy:616)
	at com.kms.katalon.core.webui.keyword.WebUiBuiltInKeywords$click$4.call(Unknown Source)
	at log_Off.run(log_Off:53)
	at com.kms.katalon.core.main.ScriptEngine.run(ScriptEngine.java:194)
	at com.kms.katalon.core.main.ScriptEngine.runScriptAsRawText(ScriptEngine.java:119)
	at com.kms.katalon.core.main.TestCaseExecutor.runScript(TestCaseExecutor.java:337)
	at com.kms.katalon.core.main.TestCaseExecutor.doExecute(TestCaseExecutor.java:328)
	at com.kms.katalon.core.main.TestCaseExecutor.processExecutionPhase(TestCaseExecutor.java:307)
	at com.kms.katalon.core.main.TestCaseExecutor.accessMainPhase(TestCaseExecutor.java:299)
	at com.kms.katalon.core.main.TestCaseExecutor.execute(TestCaseExecutor.java:233)
	at com.kms.katalon.core.main.TestCaseMain.runTestCase(TestCaseMain.java:114)
	at com.kms.katalon.core.keyword.builtin.CallTestCaseKeyword$_callTestCase_closure1.doCall(CallTestCaseKeyword.groovy:59)
	at com.kms.katalon.core.keyword.builtin.CallTestCaseKeyword$_callTestCase_closure1.call(CallTestCaseKeyword.groovy)
	at com.kms.katalon.core.keyword.internal.KeywordMain.runKeyword(KeywordMain.groovy:68)
	at com.kms.katalon.core.keyword.builtin.CallTestCaseKeyword.callTestCase(CallTestCaseKeyword.groovy:81)
	at com.kms.katalon.core.keyword.builtin.CallTestCaseKeyword.execute(CallTestCaseKeyword.groovy:44)
	at com.kms.katalon.core.keyword.internal.KeywordExecutor.executeKeywordForPlatform(KeywordExecutor.groovy:60)
	at com.kms.katalon.core.keyword.BuiltinKeywords.callTestCase(BuiltinKeywords.groovy:334)
	at Received_Negative_Review.run(Received_Negative_Review:86)
	at com.kms.katalon.core.main.ScriptEngine.run(ScriptEngine.java:194)
	at com.kms.katalon.core.main.ScriptEngine.runScriptAsRawText(ScriptEngine.java:119)
	at com.kms.katalon.core.main.TestCaseExecutor.runScript(TestCaseExecutor.java:337)
	at com.kms.katalon.core.main.TestCaseExecutor.doExecute(TestCaseExecutor.java:328)
	at com.kms.katalon.core.main.TestCaseExecutor.processExecutionPhase(TestCaseExecutor.java:307)
	at com.kms.katalon.core.main.TestCaseExecutor.accessMainPhase(TestCaseExecutor.java:299)
	at com.kms.katalon.core.main.TestCaseExecutor.execute(TestCaseExecutor.java:233)
	at com.kms.katalon.core.main.TestSuiteExecutor.accessTestCaseMainPhase(TestSuiteExecutor.java:169)
	at com.kms.katalon.core.main.TestSuiteExecutor.accessTestSuiteMainPhase(TestSuiteExecutor.java:142)
	at com.kms.katalon.core.main.TestSuiteExecutor.execute(TestSuiteExecutor.java:91)
	at com.kms.katalon.core.main.TestCaseMain.startTestSuite(TestCaseMain.java:157)
	at com.kms.katalon.core.main.TestCaseMain$startTestSuite$0.call(Unknown Source)
	at TempTestSuite1572536122144.run(TempTestSuite1572536122144.groovy:36)
Caused by: com.kms.katalon.core.webui.exception.WebElementNotFoundException: Web element with id: 'Object Repository/Page_Members Area/a_Log off' located by 'By.xpath: //a[@href = '/login' and (text() = 'Log off' or . = 'Log off')]' not found
	at com.kms.katalon.core.webui.common.WebUiCommonHelper.findWebElement(WebUiCommonHelper.java:1113)
	at com.kms.katalon.core.webui.keyword.internal.WebUIAbstractKeyword.findWebElement(WebUIAbstractKeyword.groovy:27)
	at com.kms.katalon.core.webui.keyword.internal.WebUIAbstractKeyword.findWebElement(WebUIAbstractKeyword.groovy:26)
	at com.kms.katalon.core.webui.keyword.builtin.ClickKeyword$_click_closure1.doCall(ClickKeyword.groovy:52)
	at com.kms.katalon.core.webui.keyword.builtin.ClickKeyword$_click_closure1.call(ClickKeyword.groovy)
	at com.kms.katalon.core.webui.keyword.internal.WebUIKeywordMain.runKeyword(WebUIKeywordMain.groovy:20)
	at com.kms.katalon.core.webui.keyword.builtin.ClickKeyword.click(ClickKeyword.groovy:79)
	at com.kms.katalon.core.webui.keyword.builtin.ClickKeyword.execute(ClickKeyword.groovy:42)
	at com.kms.katalon.core.keyword.internal.KeywordExecutor.executeKeywordForPlatform(KeywordExecutor.groovy:60)
	at com.kms.katalon.core.webui.keyword.WebUiBuiltInKeywords.click(WebUiBuiltInKeywords.groovy:616)
	at com.kms.katalon.core.webui.keyword.WebUiBuiltInKeywords$click$4.call(Unknown Source)
	at Script1568122980246.run(Script1568122980246.groovy:53)
	at com.kms.katalon.core.main.ScriptEngine.run(ScriptEngine.java:194)
	at com.kms.katalon.core.main.ScriptEngine.runScriptAsRawText(ScriptEngine.java:119)
	at com.kms.katalon.core.main.TestCaseExecutor.runScript(TestCaseExecutor.java:337)
	at com.kms.katalon.core.main.TestCaseExecutor.doExecute(TestCaseExecutor.java:328)
	at com.kms.katalon.core.main.TestCaseExecutor.processExecutionPhase(TestCaseExecutor.java:307)
	at com.kms.katalon.core.main.TestCaseExecutor.accessMainPhase(TestCaseExecutor.java:299)
	at com.kms.katalon.core.main.TestCaseExecutor.execute(TestCaseExecutor.java:233)
	at com.kms.katalon.core.main.TestCaseMain.runTestCase(TestCaseMain.java:114)
	at com.kms.katalon.core.keyword.builtin.CallTestCaseKeyword$_callTestCase_closure1.doCall(CallTestCaseKeyword.groovy:59)
	at com.kms.katalon.core.keyword.builtin.CallTestCaseKeyword$_callTestCase_closure1.call(CallTestCaseKeyword.groovy)
	at com.kms.katalon.core.keyword.internal.KeywordMain.runKeyword(KeywordMain.groovy:68)
	at com.kms.katalon.core.keyword.builtin.CallTestCaseKeyword.callTestCase(CallTestCaseKeyword.groovy:81)
	at com.kms.katalon.core.keyword.builtin.CallTestCaseKeyword.execute(CallTestCaseKeyword.groovy:44)
	at com.kms.katalon.core.keyword.internal.KeywordExecutor.executeKeywordForPlatform(KeywordExecutor.groovy:60)
	at com.kms.katalon.core.keyword.BuiltinKeywords.callTestCase(BuiltinKeywords.groovy:334)
	at Script1569934034932.run(Script1569934034932.groovy:86)
	... 13 more
)
	at com.kms.katalon.core.keyword.internal.KeywordMain.stepFailed(KeywordMain.groovy:39)
	at com.kms.katalon.core.webui.keyword.internal.WebUIKeywordMain.stepFailed(WebUIKeywordMain.groovy:64)
	at com.kms.katalon.core.webui.keyword.internal.WebUIKeywordMain.runKeyword(WebUIKeywordMain.groovy:26)
	at com.kms.katalon.core.webui.keyword.builtin.ClickKeyword.click(ClickKeyword.groovy:79)
	at com.kms.katalon.core.webui.keyword.builtin.ClickKeyword.execute(ClickKeyword.groovy:42)
	at com.kms.katalon.core.keyword.internal.KeywordExecutor.executeKeywordForPlatform(KeywordExecutor.groovy:60)
	at com.kms.katalon.core.webui.keyword.WebUiBuiltInKeywords.click(WebUiBuiltInKeywords.groovy:616)
	at com.kms.katalon.core.webui.keyword.WebUiBuiltInKeywords$click$4.call(Unknown Source)
	at log_Off.run(log_Off:53)
	at com.kms.katalon.core.main.ScriptEngine.run(ScriptEngine.java:194)
	at com.kms.katalon.core.main.ScriptEngine.runScriptAsRawText(ScriptEngine.java:119)
	at com.kms.katalon.core.main.TestCaseExecutor.runScript(TestCaseExecutor.java:337)
	at com.kms.katalon.core.main.TestCaseExecutor.doExecute(TestCaseExecutor.java:328)
	at com.kms.katalon.core.main.TestCaseExecutor.processExecutionPhase(TestCaseExecutor.java:307)
	at com.kms.katalon.core.main.TestCaseExecutor.accessMainPhase(TestCaseExecutor.java:299)
	at com.kms.katalon.core.main.TestCaseExecutor.execute(TestCaseExecutor.java:233)
	at com.kms.katalon.core.main.TestCaseMain.runTestCase(TestCaseMain.java:114)
	at com.kms.katalon.core.keyword.builtin.CallTestCaseKeyword$_callTestCase_closure1.doCall(CallTestCaseKeyword.groovy:59)
	... 20 more
Caused by: com.kms.katalon.core.exception.StepFailedException: Unable to click on object 'Object Repository/Page_Members Area/a_Log off'
	... 37 more
Caused by: com.kms.katalon.core.webui.exception.WebElementNotFoundException: Web element with id: 'Object Repository/Page_Members Area/a_Log off' located by 'By.xpath: //a[@href = '/login' and (text() = 'Log off' or . = 'Log off')]' not found
	at com.kms.katalon.core.webui.common.WebUiCommonHelper.findWebElement(WebUiCommonHelper.java:1113)
	at com.kms.katalon.core.webui.keyword.internal.WebUIAbstractKeyword.findWebElement(WebUIAbstractKeyword.groovy:27)
	at com.kms.katalon.core.webui.keyword.internal.WebUIAbstractKeyword.findWebElement(WebUIAbstractKeyword.groovy:26)
	at com.kms.katalon.core.webui.keyword.builtin.ClickKeyword$_click_closure1.doCall(ClickKeyword.groovy:52)
	at com.kms.katalon.core.webui.keyword.builtin.ClickKeyword$_click_closure1.call(ClickKeyword.groovy)
	at com.kms.katalon.core.webui.keyword.internal.WebUIKeywordMain.runKeyword(WebUIKeywordMain.groovy:20)
	... 35 more
)

2019-10-31 15:42:47 - [TEST_CASE][FAILED] - Test Cases/Reusable_Test_Sequences/Members_Area/Banner_Menu/log_Off: Test Cases/Reusable_Test_Sequences/Members_Area/Banner_Menu/log_Off FAILED.
Reason:
com.kms.katalon.core.exception.StepFailedException: Unable to click on object 'Object Repository/Page_Members Area/a_Log off' (Root cause: com.kms.katalon.core.exception.StepFailedException: Unable to click on object 'Object Repository/Page_Members Area/a_Log off'
	at com.kms.katalon.core.webui.keyword.internal.WebUIKeywordMain.stepFailed(WebUIKeywordMain.groovy:64)
	at com.kms.katalon.core.webui.keyword.internal.WebUIKeywordMain.runKeyword(WebUIKeywordMain.groovy:26)
	at com.kms.katalon.core.webui.keyword.builtin.ClickKeyword.click(ClickKeyword.groovy:79)
	at com.kms.katalon.core.webui.keyword.builtin.ClickKeyword.execute(ClickKeyword.groovy:42)
	at com.kms.katalon.core.keyword.internal.KeywordExecutor.executeKeywordForPlatform(KeywordExecutor.groovy:60)
	at com.kms.katalon.core.webui.keyword.WebUiBuiltInKeywords.click(WebUiBuiltInKeywords.groovy:616)
	at com.kms.katalon.core.webui.keyword.WebUiBuiltInKeywords$click$4.call(Unknown Source)
	at log_Off.run(log_Off:53)
	at com.kms.katalon.core.main.ScriptEngine.run(ScriptEngine.java:194)
	at com.kms.katalon.core.main.ScriptEngine.runScriptAsRawText(ScriptEngine.java:119)
	at com.kms.katalon.core.main.TestCaseExecutor.runScript(TestCaseExecutor.java:337)
	at com.kms.katalon.core.main.TestCaseExecutor.doExecute(TestCaseExecutor.java:328)
	at com.kms.katalon.core.main.TestCaseExecutor.processExecutionPhase(TestCaseExecutor.java:307)
	at com.kms.katalon.core.main.TestCaseExecutor.accessMainPhase(TestCaseExecutor.java:299)
	at com.kms.katalon.core.main.TestCaseExecutor.execute(TestCaseExecutor.java:233)
	at com.kms.katalon.core.main.TestCaseMain.runTestCase(TestCaseMain.java:114)
	at com.kms.katalon.core.keyword.builtin.CallTestCaseKeyword$_callTestCase_closure1.doCall(CallTestCaseKeyword.groovy:59)
	at com.kms.katalon.core.keyword.builtin.CallTestCaseKeyword$_callTestCase_closure1.call(CallTestCaseKeyword.groovy)
	at com.kms.katalon.core.keyword.internal.KeywordMain.runKeyword(KeywordMain.groovy:68)
	at com.kms.katalon.core.keyword.builtin.CallTestCaseKeyword.callTestCase(CallTestCaseKeyword.groovy:81)
	at com.kms.katalon.core.keyword.builtin.CallTestCaseKeyword.execute(CallTestCaseKeyword.groovy:44)
	at com.kms.katalon.core.keyword.internal.KeywordExecutor.executeKeywordForPlatform(KeywordExecutor.groovy:60)
	at com.kms.katalon.core.keyword.BuiltinKeywords.callTestCase(BuiltinKeywords.groovy:334)
	at Received_Negative_Review.run(Received_Negative_Review:86)
	at com.kms.katalon.core.main.ScriptEngine.run(ScriptEngine.java:194)
	at com.kms.katalon.core.main.ScriptEngine.runScriptAsRawText(ScriptEngine.java:119)
	at com.kms.katalon.core.main.TestCaseExecutor.runScript(TestCaseExecutor.java:337)
	at com.kms.katalon.core.main.TestCaseExecutor.doExecute(TestCaseExecutor.java:328)
	at com.kms.katalon.core.main.TestCaseExecutor.processExecutionPhase(TestCaseExecutor.java:307)
	at com.kms.katalon.core.main.TestCaseExecutor.accessMainPhase(TestCaseExecutor.java:299)
	at com.kms.katalon.core.main.TestCaseExecutor.execute(TestCaseExecutor.java:233)
	at com.kms.katalon.core.main.TestSuiteExecutor.accessTestCaseMainPhase(TestSuiteExecutor.java:169)
	at com.kms.katalon.core.main.TestSuiteExecutor.accessTestSuiteMainPhase(TestSuiteExecutor.java:142)
	at com.kms.katalon.core.main.TestSuiteExecutor.execute(TestSuiteExecutor.java:91)
	at com.kms.katalon.core.main.TestCaseMain.startTestSuite(TestCaseMain.java:157)
	at com.kms.katalon.core.main.TestCaseMain$startTestSuite$0.call(Unknown Source)
	at TempTestSuite1572536122144.run(TempTestSuite1572536122144.groovy:36)
Caused by: com.kms.katalon.core.webui.exception.WebElementNotFoundException: Web element with id: 'Object Repository/Page_Members Area/a_Log off' located by 'By.xpath: //a[@href = '/login' and (text() = 'Log off' or . = 'Log off')]' not found
	at com.kms.katalon.core.webui.common.WebUiCommonHelper.findWebElement(WebUiCommonHelper.java:1113)
	at com.kms.katalon.core.webui.keyword.internal.WebUIAbstractKeyword.findWebElement(WebUIAbstractKeyword.groovy:27)
	at com.kms.katalon.core.webui.keyword.internal.WebUIAbstractKeyword.findWebElement(WebUIAbstractKeyword.groovy:26)
	at com.kms.katalon.core.webui.keyword.builtin.ClickKeyword$_click_closure1.doCall(ClickKeyword.groovy:52)
	at com.kms.katalon.core.webui.keyword.builtin.ClickKeyword$_click_closure1.call(ClickKeyword.groovy)
	at com.kms.katalon.core.webui.keyword.internal.WebUIKeywordMain.runKeyword(WebUIKeywordMain.groovy:20)
	at com.kms.katalon.core.webui.keyword.builtin.ClickKeyword.click(ClickKeyword.groovy:79)
	at com.kms.katalon.core.webui.keyword.builtin.ClickKeyword.execute(ClickKeyword.groovy:42)
	at com.kms.katalon.core.keyword.internal.KeywordExecutor.executeKeywordForPlatform(KeywordExecutor.groovy:60)
	at com.kms.katalon.core.webui.keyword.WebUiBuiltInKeywords.click(WebUiBuiltInKeywords.groovy:616)
	at com.kms.katalon.core.webui.keyword.WebUiBuiltInKeywords$click$4.call(Unknown Source)
	at Script1568122980246.run(Script1568122980246.groovy:53)
	at com.kms.katalon.core.main.ScriptEngine.run(ScriptEngine.java:194)
	at com.kms.katalon.core.main.ScriptEngine.runScriptAsRawText(ScriptEngine.java:119)
	at com.kms.katalon.core.main.TestCaseExecutor.runScript(TestCaseExecutor.java:337)
	at com.kms.katalon.core.main.TestCaseExecutor.doExecute(TestCaseExecutor.java:328)
	at com.kms.katalon.core.main.TestCaseExecutor.processExecutionPhase(TestCaseExecutor.java:307)
	at com.kms.katalon.core.main.TestCaseExecutor.accessMainPhase(TestCaseExecutor.java:299)
	at com.kms.katalon.core.main.TestCaseExecutor.execute(TestCaseExecutor.java:233)
	at com.kms.katalon.core.main.TestCaseMain.runTestCase(TestCaseMain.java:114)
	at com.kms.katalon.core.keyword.builtin.CallTestCaseKeyword$_callTestCase_closure1.doCall(CallTestCaseKeyword.groovy:59)
	at com.kms.katalon.core.keyword.builtin.CallTestCaseKeyword$_callTestCase_closure1.call(CallTestCaseKeyword.groovy)
	at com.kms.katalon.core.keyword.internal.KeywordMain.runKeyword(KeywordMain.groovy:68)
	at com.kms.katalon.core.keyword.builtin.CallTestCaseKeyword.callTestCase(CallTestCaseKeyword.groovy:81)
	at com.kms.katalon.core.keyword.builtin.CallTestCaseKeyword.execute(CallTestCaseKeyword.groovy:44)
	at com.kms.katalon.core.keyword.internal.KeywordExecutor.executeKeywordForPlatform(KeywordExecutor.groovy:60)
	at com.kms.katalon.core.keyword.BuiltinKeywords.callTestCase(BuiltinKeywords.groovy:334)
	at Script1569934034932.run(Script1569934034932.groovy:86)
	... 13 more
)
	at com.kms.katalon.core.keyword.internal.KeywordMain.stepFailed(KeywordMain.groovy:39)
	at com.kms.katalon.core.webui.keyword.internal.WebUIKeywordMain.stepFailed(WebUIKeywordMain.groovy:64)
	at com.kms.katalon.core.webui.keyword.internal.WebUIKeywordMain.runKeyword(WebUIKeywordMain.groovy:26)
	at com.kms.katalon.core.webui.keyword.builtin.ClickKeyword.click(ClickKeyword.groovy:79)
	at com.kms.katalon.core.webui.keyword.builtin.ClickKeyword.execute(ClickKeyword.groovy:42)
	at com.kms.katalon.core.keyword.internal.KeywordExecutor.executeKeywordForPlatform(KeywordExecutor.groovy:60)
	at com.kms.katalon.core.webui.keyword.WebUiBuiltInKeywords.click(WebUiBuiltInKeywords.groovy:616)
	at com.kms.katalon.core.webui.keyword.WebUiBuiltInKeywords$click$4.call(Unknown Source)
	at log_Off.run(log_Off:53)
	at com.kms.katalon.core.main.ScriptEngine.run(ScriptEngine.java:194)
	at com.kms.katalon.core.main.ScriptEngine.runScriptAsRawText(ScriptEngine.java:119)
	at com.kms.katalon.core.main.TestCaseExecutor.runScript(TestCaseExecutor.java:337)
	at com.kms.katalon.core.main.TestCaseExecutor.doExecute(TestCaseExecutor.java:328)
	at com.kms.katalon.core.main.TestCaseExecutor.processExecutionPhase(TestCaseExecutor.java:307)
	at com.kms.katalon.core.main.TestCaseExecutor.accessMainPhase(TestCaseExecutor.java:299)
	at com.kms.katalon.core.main.TestCaseExecutor.execute(TestCaseExecutor.java:233)
	at com.kms.katalon.core.main.TestCaseMain.runTestCase(TestCaseMain.java:114)
	at com.kms.katalon.core.keyword.builtin.CallTestCaseKeyword$_callTestCase_closure1.doCall(CallTestCaseKeyword.groovy:59)
	at com.kms.katalon.core.keyword.builtin.CallTestCaseKeyword$_callTestCase_closure1.call(CallTestCaseKeyword.groovy)
	at com.kms.katalon.core.keyword.internal.KeywordMain.runKeyword(KeywordMain.groovy:68)
	at com.kms.katalon.core.keyword.builtin.CallTestCaseKeyword.callTestCase(CallTestCaseKeyword.groovy:81)
	at com.kms.katalon.core.keyword.builtin.CallTestCaseKeyword.execute(CallTestCaseKeyword.groovy:44)
	at com.kms.katalon.core.keyword.internal.KeywordExecutor.executeKeywordForPlatform(KeywordExecutor.groovy:60)
	at com.kms.katalon.core.keyword.BuiltinKeywords.callTestCase(BuiltinKeywords.groovy:334)
	at Received_Negative_Review.run(Received_Negative_Review:86)
	at com.kms.katalon.core.main.ScriptEngine.run(ScriptEngine.java:194)
	at com.kms.katalon.core.main.ScriptEngine.runScriptAsRawText(ScriptEngine.java:119)
	at com.kms.katalon.core.main.TestCaseExecutor.runScript(TestCaseExecutor.java:337)
	at com.kms.katalon.core.main.TestCaseExecutor.doExecute(TestCaseExecutor.java:328)
	at com.kms.katalon.core.main.TestCaseExecutor.processExecutionPhase(TestCaseExecutor.java:307)
	at com.kms.katalon.core.main.TestCaseExecutor.accessMainPhase(TestCaseExecutor.java:299)
	at com.kms.katalon.core.main.TestCaseExecutor.execute(TestCaseExecutor.java:233)
	at com.kms.katalon.core.main.TestSuiteExecutor.accessTestCaseMainPhase(TestSuiteExecutor.java:169)
	at com.kms.katalon.core.main.TestSuiteExecutor.accessTestSuiteMainPhase(TestSuiteExecutor.java:142)
	at com.kms.katalon.core.main.TestSuiteExecutor.execute(TestSuiteExecutor.java:91)
	at com.kms.katalon.core.main.TestCaseMain.startTestSuite(TestCaseMain.java:157)
	at com.kms.katalon.core.main.TestCaseMain$startTestSuite$0.call(Unknown Source)
	at TempTestSuite1572536122144.run(TempTestSuite1572536122144.groovy:36)
Caused by: com.kms.katalon.core.exception.StepFailedException: Unable to click on object 'Object Repository/Page_Members Area/a_Log off'
	... 37 more
Caused by: com.kms.katalon.core.webui.exception.WebElementNotFoundException: Web element with id: 'Object Repository/Page_Members Area/a_Log off' located by 'By.xpath: //a[@href = '/login' and (text() = 'Log off' or . = 'Log off')]' not found
	at com.kms.katalon.core.webui.common.WebUiCommonHelper.findWebElement(WebUiCommonHelper.java:1113)
	at com.kms.katalon.core.webui.keyword.internal.WebUIAbstractKeyword.findWebElement(WebUIAbstractKeyword.groovy:27)
	at com.kms.katalon.core.webui.keyword.internal.WebUIAbstractKeyword.findWebElement(WebUIAbstractKeyword.groovy:26)
	at com.kms.katalon.core.webui.keyword.builtin.ClickKeyword$_click_closure1.doCall(ClickKeyword.groovy:52)
	at com.kms.katalon.core.webui.keyword.builtin.ClickKeyword$_click_closure1.call(ClickKeyword.groovy)
	at com.kms.katalon.core.webui.keyword.internal.WebUIKeywordMain.runKeyword(WebUIKeywordMain.groovy:20)
	... 35 more


2019-10-31 15:42:47 - [TEST_STEP][PASSED] - waitForElementPresent(findTestObject("Object Repository/Page_Members Area/a_Log off"), 5): Object 'Object Repository/Page_Members Area/a_Log off' is not present after 5 second(s)

2019-10-31 15:42:52 - [MESSAGE][INFO] - Unable to find the element located by 'By.xpath: //a[@href = '/login' and (text() = 'Log off' or . = 'Log off')]'. Please recheck the objects properties to make sure the desired element is located. 

2019-10-31 15:42:52 - [MESSAGE][WARNING] - Object 'Object Repository/Page_Members Area/a_Log off' is not present after 5 second(s)

2019-10-31 15:42:52 - [TEST_STEP][FAILED] - click(findTestObject("Object Repository/Page_Members Area/a_Log off")): Unable to click on object 'Object Repository/Page_Members Area/a_Log off' (Root cause: com.kms.katalon.core.exception.StepFailedException: Unable to click on object 'Object Repository/Page_Members Area/a_Log off'
	at com.kms.katalon.core.webui.keyword.internal.WebUIKeywordMain.stepFailed(WebUIKeywordMain.groovy:64)
	at com.kms.katalon.core.webui.keyword.internal.WebUIKeywordMain.runKeyword(WebUIKeywordMain.groovy:26)
	at com.kms.katalon.core.webui.keyword.builtin.ClickKeyword.click(ClickKeyword.groovy:79)
	at com.kms.katalon.core.webui.keyword.builtin.ClickKeyword.execute(ClickKeyword.groovy:42)
	at com.kms.katalon.core.keyword.internal.KeywordExecutor.executeKeywordForPlatform(KeywordExecutor.groovy:60)
	at com.kms.katalon.core.webui.keyword.WebUiBuiltInKeywords.click(WebUiBuiltInKeywords.groovy:616)
	at com.kms.katalon.core.webui.keyword.WebUiBuiltInKeywords$click$4.call(Unknown Source)
	at log_Off.run(log_Off:53)
	at com.kms.katalon.core.main.ScriptEngine.run(ScriptEngine.java:194)
	at com.kms.katalon.core.main.ScriptEngine.runScriptAsRawText(ScriptEngine.java:119)
	at com.kms.katalon.core.main.TestCaseExecutor.runScript(TestCaseExecutor.java:337)
	at com.kms.katalon.core.main.TestCaseExecutor.doExecute(TestCaseExecutor.java:328)
	at com.kms.katalon.core.main.TestCaseExecutor.processExecutionPhase(TestCaseExecutor.java:307)
	at com.kms.katalon.core.main.TestCaseExecutor.accessMainPhase(TestCaseExecutor.java:299)
	at com.kms.katalon.core.main.TestCaseExecutor.execute(TestCaseExecutor.java:233)
	at com.kms.katalon.core.main.TestCaseMain.runTestCase(TestCaseMain.java:114)
	at com.kms.katalon.core.keyword.builtin.CallTestCaseKeyword$_callTestCase_closure1.doCall(CallTestCaseKeyword.groovy:59)
	at com.kms.katalon.core.keyword.builtin.CallTestCaseKeyword$_callTestCase_closure1.call(CallTestCaseKeyword.groovy)
	at com.kms.katalon.core.keyword.internal.KeywordMain.runKeyword(KeywordMain.groovy:68)
	at com.kms.katalon.core.keyword.builtin.CallTestCaseKeyword.callTestCase(CallTestCaseKeyword.groovy:81)
	at com.kms.katalon.core.keyword.builtin.CallTestCaseKeyword.execute(CallTestCaseKeyword.groovy:44)
	at com.kms.katalon.core.keyword.internal.KeywordExecutor.executeKeywordForPlatform(KeywordExecutor.groovy:60)
	at com.kms.katalon.core.keyword.BuiltinKeywords.callTestCase(BuiltinKeywords.groovy:334)
	at Received_Negative_Review.run(Received_Negative_Review:86)
	at com.kms.katalon.core.main.ScriptEngine.run(ScriptEngine.java:194)
	at com.kms.katalon.core.main.ScriptEngine.runScriptAsRawText(ScriptEngine.java:119)
	at com.kms.katalon.core.main.TestCaseExecutor.runScript(TestCaseExecutor.java:337)
	at com.kms.katalon.core.main.TestCaseExecutor.doExecute(TestCaseExecutor.java:328)
	at com.kms.katalon.core.main.TestCaseExecutor.processExecutionPhase(TestCaseExecutor.java:307)
	at com.kms.katalon.core.main.TestCaseExecutor.accessMainPhase(TestCaseExecutor.java:299)
	at com.kms.katalon.core.main.TestCaseExecutor.execute(TestCaseExecutor.java:233)
	at com.kms.katalon.core.main.TestSuiteExecutor.accessTestCaseMainPhase(TestSuiteExecutor.java:169)
	at com.kms.katalon.core.main.TestSuiteExecutor.accessTestSuiteMainPhase(TestSuiteExecutor.java:142)
	at com.kms.katalon.core.main.TestSuiteExecutor.execute(TestSuiteExecutor.java:91)
	at com.kms.katalon.core.main.TestCaseMain.startTestSuite(TestCaseMain.java:157)
	at com.kms.katalon.core.main.TestCaseMain$startTestSuite$0.call(Unknown Source)
	at TempTestSuite1572536122144.run(TempTestSuite1572536122144.groovy:36)
Caused by: com.kms.katalon.core.webui.exception.WebElementNotFoundException: Web element with id: 'Object Repository/Page_Members Area/a_Log off' located by 'By.xpath: //a[@href = '/login' and (text() = 'Log off' or . = 'Log off')]' not found
	at com.kms.katalon.core.webui.common.WebUiCommonHelper.findWebElement(WebUiCommonHelper.java:1113)
	at com.kms.katalon.core.webui.keyword.internal.WebUIAbstractKeyword.findWebElement(WebUIAbstractKeyword.groovy:27)
	at com.kms.katalon.core.webui.keyword.internal.WebUIAbstractKeyword.findWebElement(WebUIAbstractKeyword.groovy:26)
	at com.kms.katalon.core.webui.keyword.builtin.ClickKeyword$_click_closure1.doCall(ClickKeyword.groovy:52)
	at com.kms.katalon.core.webui.keyword.builtin.ClickKeyword$_click_closure1.call(ClickKeyword.groovy)
	at com.kms.katalon.core.webui.keyword.internal.WebUIKeywordMain.runKeyword(WebUIKeywordMain.groovy:20)
	at com.kms.katalon.core.webui.keyword.builtin.ClickKeyword.click(ClickKeyword.groovy:79)
	at com.kms.katalon.core.webui.keyword.builtin.ClickKeyword.execute(ClickKeyword.groovy:42)
	at com.kms.katalon.core.keyword.internal.KeywordExecutor.executeKeywordForPlatform(KeywordExecutor.groovy:60)
	at com.kms.katalon.core.webui.keyword.WebUiBuiltInKeywords.click(WebUiBuiltInKeywords.groovy:616)
	at com.kms.katalon.core.webui.keyword.WebUiBuiltInKeywords$click$4.call(Unknown Source)
	at Script1568122980246.run(Script1568122980246.groovy:53)
	at com.kms.katalon.core.main.ScriptEngine.run(ScriptEngine.java:194)
	at com.kms.katalon.core.main.ScriptEngine.runScriptAsRawText(ScriptEngine.java:119)
	at com.kms.katalon.core.main.TestCaseExecutor.runScript(TestCaseExecutor.java:337)
	at com.kms.katalon.core.main.TestCaseExecutor.doExecute(TestCaseExecutor.java:328)
	at com.kms.katalon.core.main.TestCaseExecutor.processExecutionPhase(TestCaseExecutor.java:307)
	at com.kms.katalon.core.main.TestCaseExecutor.accessMainPhase(TestCaseExecutor.java:299)
	at com.kms.katalon.core.main.TestCaseExecutor.execute(TestCaseExecutor.java:233)
	at com.kms.katalon.core.main.TestCaseMain.runTestCase(TestCaseMain.java:114)
	at com.kms.katalon.core.keyword.builtin.CallTestCaseKeyword$_callTestCase_closure1.doCall(CallTestCaseKeyword.groovy:59)
	at com.kms.katalon.core.keyword.builtin.CallTestCaseKeyword$_callTestCase_closure1.call(CallTestCaseKeyword.groovy)
	at com.kms.katalon.core.keyword.internal.KeywordMain.runKeyword(KeywordMain.groovy:68)
	at com.kms.katalon.core.keyword.builtin.CallTestCaseKeyword.callTestCase(CallTestCaseKeyword.groovy:81)
	at com.kms.katalon.core.keyword.builtin.CallTestCaseKeyword.execute(CallTestCaseKeyword.groovy:44)
	at com.kms.katalon.core.keyword.internal.KeywordExecutor.executeKeywordForPlatform(KeywordExecutor.groovy:60)
	at com.kms.katalon.core.keyword.BuiltinKeywords.callTestCase(BuiltinKeywords.groovy:334)
	at Script1569934034932.run(Script1569934034932.groovy:86)
	... 13 more
)

2019-10-31 15:43:24 - [MESSAGE][INFO] - Unable to find the element located by 'By.xpath: //a[@href = '/login' and (text() = 'Log off' or . = 'Log off')]'. Please recheck the objects properties to make sure the desired element is located. 

2019-10-31 15:43:25 - [MESSAGE][FAILED] - Unable to click on object 'Object Repository/Page_Members Area/a_Log off' (Root cause: com.kms.katalon.core.exception.StepFailedException: Unable to click on object 'Object Repository/Page_Members Area/a_Log off'
	at com.kms.katalon.core.webui.keyword.internal.WebUIKeywordMain.stepFailed(WebUIKeywordMain.groovy:64)
	at com.kms.katalon.core.webui.keyword.internal.WebUIKeywordMain.runKeyword(WebUIKeywordMain.groovy:26)
	at com.kms.katalon.core.webui.keyword.builtin.ClickKeyword.click(ClickKeyword.groovy:79)
	at com.kms.katalon.core.webui.keyword.builtin.ClickKeyword.execute(ClickKeyword.groovy:42)
	at com.kms.katalon.core.keyword.internal.KeywordExecutor.executeKeywordForPlatform(KeywordExecutor.groovy:60)
	at com.kms.katalon.core.webui.keyword.WebUiBuiltInKeywords.click(WebUiBuiltInKeywords.groovy:616)
	at com.kms.katalon.core.webui.keyword.WebUiBuiltInKeywords$click$4.call(Unknown Source)
	at log_Off.run(log_Off:53)
	at com.kms.katalon.core.main.ScriptEngine.run(ScriptEngine.java:194)
	at com.kms.katalon.core.main.ScriptEngine.runScriptAsRawText(ScriptEngine.java:119)
	at com.kms.katalon.core.main.TestCaseExecutor.runScript(TestCaseExecutor.java:337)
	at com.kms.katalon.core.main.TestCaseExecutor.doExecute(TestCaseExecutor.java:328)
	at com.kms.katalon.core.main.TestCaseExecutor.processExecutionPhase(TestCaseExecutor.java:307)
	at com.kms.katalon.core.main.TestCaseExecutor.accessMainPhase(TestCaseExecutor.java:299)
	at com.kms.katalon.core.main.TestCaseExecutor.execute(TestCaseExecutor.java:233)
	at com.kms.katalon.core.main.TestCaseMain.runTestCase(TestCaseMain.java:114)
	at com.kms.katalon.core.keyword.builtin.CallTestCaseKeyword$_callTestCase_closure1.doCall(CallTestCaseKeyword.groovy:59)
	at com.kms.katalon.core.keyword.builtin.CallTestCaseKeyword$_callTestCase_closure1.call(CallTestCaseKeyword.groovy)
	at com.kms.katalon.core.keyword.internal.KeywordMain.runKeyword(KeywordMain.groovy:68)
	at com.kms.katalon.core.keyword.builtin.CallTestCaseKeyword.callTestCase(CallTestCaseKeyword.groovy:81)
	at com.kms.katalon.core.keyword.builtin.CallTestCaseKeyword.execute(CallTestCaseKeyword.groovy:44)
	at com.kms.katalon.core.keyword.internal.KeywordExecutor.executeKeywordForPlatform(KeywordExecutor.groovy:60)
	at com.kms.katalon.core.keyword.BuiltinKeywords.callTestCase(BuiltinKeywords.groovy:334)
	at Received_Negative_Review.run(Received_Negative_Review:86)
	at com.kms.katalon.core.main.ScriptEngine.run(ScriptEngine.java:194)
	at com.kms.katalon.core.main.ScriptEngine.runScriptAsRawText(ScriptEngine.java:119)
	at com.kms.katalon.core.main.TestCaseExecutor.runScript(TestCaseExecutor.java:337)
	at com.kms.katalon.core.main.TestCaseExecutor.doExecute(TestCaseExecutor.java:328)
	at com.kms.katalon.core.main.TestCaseExecutor.processExecutionPhase(TestCaseExecutor.java:307)
	at com.kms.katalon.core.main.TestCaseExecutor.accessMainPhase(TestCaseExecutor.java:299)
	at com.kms.katalon.core.main.TestCaseExecutor.execute(TestCaseExecutor.java:233)
	at com.kms.katalon.core.main.TestSuiteExecutor.accessTestCaseMainPhase(TestSuiteExecutor.java:169)
	at com.kms.katalon.core.main.TestSuiteExecutor.accessTestSuiteMainPhase(TestSuiteExecutor.java:142)
	at com.kms.katalon.core.main.TestSuiteExecutor.execute(TestSuiteExecutor.java:91)
	at com.kms.katalon.core.main.TestCaseMain.startTestSuite(TestCaseMain.java:157)
	at com.kms.katalon.core.main.TestCaseMain$startTestSuite$0.call(Unknown Source)
	at TempTestSuite1572536122144.run(TempTestSuite1572536122144.groovy:36)
Caused by: com.kms.katalon.core.webui.exception.WebElementNotFoundException: Web element with id: 'Object Repository/Page_Members Area/a_Log off' located by 'By.xpath: //a[@href = '/login' and (text() = 'Log off' or . = 'Log off')]' not found
	at com.kms.katalon.core.webui.common.WebUiCommonHelper.findWebElement(WebUiCommonHelper.java:1113)
	at com.kms.katalon.core.webui.keyword.internal.WebUIAbstractKeyword.findWebElement(WebUIAbstractKeyword.groovy:27)
	at com.kms.katalon.core.webui.keyword.internal.WebUIAbstractKeyword.findWebElement(WebUIAbstractKeyword.groovy:26)
	at com.kms.katalon.core.webui.keyword.builtin.ClickKeyword$_click_closure1.doCall(ClickKeyword.groovy:52)
	at com.kms.katalon.core.webui.keyword.builtin.ClickKeyword$_click_closure1.call(ClickKeyword.groovy)
	at com.kms.katalon.core.webui.keyword.internal.WebUIKeywordMain.runKeyword(WebUIKeywordMain.groovy:20)
	at com.kms.katalon.core.webui.keyword.builtin.ClickKeyword.click(ClickKeyword.groovy:79)
	at com.kms.katalon.core.webui.keyword.builtin.ClickKeyword.execute(ClickKeyword.groovy:42)
	at com.kms.katalon.core.keyword.internal.KeywordExecutor.executeKeywordForPlatform(KeywordExecutor.groovy:60)
	at com.kms.katalon.core.webui.keyword.WebUiBuiltInKeywords.click(WebUiBuiltInKeywords.groovy:616)
	at com.kms.katalon.core.webui.keyword.WebUiBuiltInKeywords$click$4.call(Unknown Source)
	at Script1568122980246.run(Script1568122980246.groovy:53)
	at com.kms.katalon.core.main.ScriptEngine.run(ScriptEngine.java:194)
	at com.kms.katalon.core.main.ScriptEngine.runScriptAsRawText(ScriptEngine.java:119)
	at com.kms.katalon.core.main.TestCaseExecutor.runScript(TestCaseExecutor.java:337)
	at com.kms.katalon.core.main.TestCaseExecutor.doExecute(TestCaseExecutor.java:328)
	at com.kms.katalon.core.main.TestCaseExecutor.processExecutionPhase(TestCaseExecutor.java:307)
	at com.kms.katalon.core.main.TestCaseExecutor.accessMainPhase(TestCaseExecutor.java:299)
	at com.kms.katalon.core.main.TestCaseExecutor.execute(TestCaseExecutor.java:233)
	at com.kms.katalon.core.main.TestCaseMain.runTestCase(TestCaseMain.java:114)
	at com.kms.katalon.core.keyword.builtin.CallTestCaseKeyword$_callTestCase_closure1.doCall(CallTestCaseKeyword.groovy:59)
	at com.kms.katalon.core.keyword.builtin.CallTestCaseKeyword$_callTestCase_closure1.call(CallTestCaseKeyword.groovy)
	at com.kms.katalon.core.keyword.internal.KeywordMain.runKeyword(KeywordMain.groovy:68)
	at com.kms.katalon.core.keyword.builtin.CallTestCaseKeyword.callTestCase(CallTestCaseKeyword.groovy:81)
	at com.kms.katalon.core.keyword.builtin.CallTestCaseKeyword.execute(CallTestCaseKeyword.groovy:44)
	at com.kms.katalon.core.keyword.internal.KeywordExecutor.executeKeywordForPlatform(KeywordExecutor.groovy:60)
	at com.kms.katalon.core.keyword.BuiltinKeywords.callTestCase(BuiltinKeywords.groovy:334)
	at Script1569934034932.run(Script1569934034932.groovy:86)
	... 13 more
)
[[ATTACHMENT|C:\\Users\\davidho\\Katalon Studio\\Start\\Reports\\20191031_153516\\Members_Received_Negative_Feedback\\20191031_153522\\1572536604604.png]]

2019-10-31 15:43:25 - [MESSAGE][FAILED] - Unable to call Test Case 'Test Cases/Reusable_Test_Sequences/Members_Area/Banner_Menu/log_Off' (Root cause: com.kms.katalon.core.exception.StepFailedException: Call Test Case 'Test Cases/Reusable_Test_Sequences/Members_Area/Banner_Menu/log_Off' failed
	at com.kms.katalon.core.keyword.builtin.CallTestCaseKeyword$_callTestCase_closure1.doCall(CallTestCaseKeyword.groovy:63)
	at com.kms.katalon.core.keyword.builtin.CallTestCaseKeyword$_callTestCase_closure1.call(CallTestCaseKeyword.groovy)
	at com.kms.katalon.core.keyword.internal.KeywordMain.runKeyword(KeywordMain.groovy:68)
	at com.kms.katalon.core.keyword.builtin.CallTestCaseKeyword.callTestCase(CallTestCaseKeyword.groovy:81)
	at com.kms.katalon.core.keyword.builtin.CallTestCaseKeyword.execute(CallTestCaseKeyword.groovy:44)
	at com.kms.katalon.core.keyword.internal.KeywordExecutor.executeKeywordForPlatform(KeywordExecutor.groovy:60)
	at com.kms.katalon.core.keyword.BuiltinKeywords.callTestCase(BuiltinKeywords.groovy:334)
	at Received_Negative_Review.run(Received_Negative_Review:86)
	at com.kms.katalon.core.main.ScriptEngine.run(ScriptEngine.java:194)
	at com.kms.katalon.core.main.ScriptEngine.runScriptAsRawText(ScriptEngine.java:119)
	at com.kms.katalon.core.main.TestCaseExecutor.runScript(TestCaseExecutor.java:337)
	at com.kms.katalon.core.main.TestCaseExecutor.doExecute(TestCaseExecutor.java:328)
	at com.kms.katalon.core.main.TestCaseExecutor.processExecutionPhase(TestCaseExecutor.java:307)
	at com.kms.katalon.core.main.TestCaseExecutor.accessMainPhase(TestCaseExecutor.java:299)
	at com.kms.katalon.core.main.TestCaseExecutor.execute(TestCaseExecutor.java:233)
	at com.kms.katalon.core.main.TestSuiteExecutor.accessTestCaseMainPhase(TestSuiteExecutor.java:169)
	at com.kms.katalon.core.main.TestSuiteExecutor.accessTestSuiteMainPhase(TestSuiteExecutor.java:142)
	at com.kms.katalon.core.main.TestSuiteExecutor.execute(TestSuiteExecutor.java:91)
	at com.kms.katalon.core.main.TestCaseMain.startTestSuite(TestCaseMain.java:157)
	at com.kms.katalon.core.main.TestCaseMain$startTestSuite$0.call(Unknown Source)
	at TempTestSuite1572536122144.run(TempTestSuite1572536122144.groovy:36)
Caused by: com.kms.katalon.core.exception.StepFailedException: Unable to click on object 'Object Repository/Page_Members Area/a_Log off' (Root cause: com.kms.katalon.core.exception.StepFailedException: Unable to click on object 'Object Repository/Page_Members Area/a_Log off'
	at com.kms.katalon.core.webui.keyword.internal.WebUIKeywordMain.stepFailed(WebUIKeywordMain.groovy:64)
	at com.kms.katalon.core.webui.keyword.internal.WebUIKeywordMain.runKeyword(WebUIKeywordMain.groovy:26)
	at com.kms.katalon.core.webui.keyword.builtin.ClickKeyword.click(ClickKeyword.groovy:79)
	at com.kms.katalon.core.webui.keyword.builtin.ClickKeyword.execute(ClickKeyword.groovy:42)
	at com.kms.katalon.core.keyword.internal.KeywordExecutor.executeKeywordForPlatform(KeywordExecutor.groovy:60)
	at com.kms.katalon.core.webui.keyword.WebUiBuiltInKeywords.click(WebUiBuiltInKeywords.groovy:616)
	at com.kms.katalon.core.webui.keyword.WebUiBuiltInKeywords$click$4.call(Unknown Source)
	at log_Off.run(log_Off:53)
	at com.kms.katalon.core.main.ScriptEngine.run(ScriptEngine.java:194)
	at com.kms.katalon.core.main.ScriptEngine.runScriptAsRawText(ScriptEngine.java:119)
	at com.kms.katalon.core.main.TestCaseExecutor.runScript(TestCaseExecutor.java:337)
	at com.kms.katalon.core.main.TestCaseExecutor.doExecute(TestCaseExecutor.java:328)
	at com.kms.katalon.core.main.TestCaseExecutor.processExecutionPhase(TestCaseExecutor.java:307)
	at com.kms.katalon.core.main.TestCaseExecutor.accessMainPhase(TestCaseExecutor.java:299)
	at com.kms.katalon.core.main.TestCaseExecutor.execute(TestCaseExecutor.java:233)
	at com.kms.katalon.core.main.TestCaseMain.runTestCase(TestCaseMain.java:114)
	at com.kms.katalon.core.keyword.builtin.CallTestCaseKeyword$_callTestCase_closure1.doCall(CallTestCaseKeyword.groovy:59)
	at com.kms.katalon.core.keyword.builtin.CallTestCaseKeyword$_callTestCase_closure1.call(CallTestCaseKeyword.groovy)
	at com.kms.katalon.core.keyword.internal.KeywordMain.runKeyword(KeywordMain.groovy:68)
	at com.kms.katalon.core.keyword.builtin.CallTestCaseKeyword.callTestCase(CallTestCaseKeyword.groovy:81)
	at com.kms.katalon.core.keyword.builtin.CallTestCaseKeyword.execute(CallTestCaseKeyword.groovy:44)
	at com.kms.katalon.core.keyword.internal.KeywordExecutor.executeKeywordForPlatform(KeywordExecutor.groovy:60)
	at com.kms.katalon.core.keyword.BuiltinKeywords.callTestCase(BuiltinKeywords.groovy:334)
	at Received_Negative_Review.run(Received_Negative_Review:86)
	at com.kms.katalon.core.main.ScriptEngine.run(ScriptEngine.java:194)
	at com.kms.katalon.core.main.ScriptEngine.runScriptAsRawText(ScriptEngine.java:119)
	at com.kms.katalon.core.main.TestCaseExecutor.runScript(TestCaseExecutor.java:337)
	at com.kms.katalon.core.main.TestCaseExecutor.doExecute(TestCaseExecutor.java:328)
	at com.kms.katalon.core.main.TestCaseExecutor.processExecutionPhase(TestCaseExecutor.java:307)
	at com.kms.katalon.core.main.TestCaseExecutor.accessMainPhase(TestCaseExecutor.java:299)
	at com.kms.katalon.core.main.TestCaseExecutor.execute(TestCaseExecutor.java:233)
	at com.kms.katalon.core.main.TestSuiteExecutor.accessTestCaseMainPhase(TestSuiteExecutor.java:169)
	at com.kms.katalon.core.main.TestSuiteExecutor.accessTestSuiteMainPhase(TestSuiteExecutor.java:142)
	at com.kms.katalon.core.main.TestSuiteExecutor.execute(TestSuiteExecutor.java:91)
	at com.kms.katalon.core.main.TestCaseMain.startTestSuite(TestCaseMain.java:157)
	at com.kms.katalon.core.main.TestCaseMain$startTestSuite$0.call(Unknown Source)
	at TempTestSuite1572536122144.run(TempTestSuite1572536122144.groovy:36)
Caused by: com.kms.katalon.core.webui.exception.WebElementNotFoundException: Web element with id: 'Object Repository/Page_Members Area/a_Log off' located by 'By.xpath: //a[@href = '/login' and (text() = 'Log off' or . = 'Log off')]' not found
	at com.kms.katalon.core.webui.common.WebUiCommonHelper.findWebElement(WebUiCommonHelper.java:1113)
	at com.kms.katalon.core.webui.keyword.internal.WebUIAbstractKeyword.findWebElement(WebUIAbstractKeyword.groovy:27)
	at com.kms.katalon.core.webui.keyword.internal.WebUIAbstractKeyword.findWebElement(WebUIAbstractKeyword.groovy:26)
	at com.kms.katalon.core.webui.keyword.builtin.ClickKeyword$_click_closure1.doCall(ClickKeyword.groovy:52)
	at com.kms.katalon.core.webui.keyword.builtin.ClickKeyword$_click_closure1.call(ClickKeyword.groovy)
	at com.kms.katalon.core.webui.keyword.internal.WebUIKeywordMain.runKeyword(WebUIKeywordMain.groovy:20)
	at com.kms.katalon.core.webui.keyword.builtin.ClickKeyword.click(ClickKeyword.groovy:79)
	at com.kms.katalon.core.webui.keyword.builtin.ClickKeyword.execute(ClickKeyword.groovy:42)
	at com.kms.katalon.core.keyword.internal.KeywordExecutor.executeKeywordForPlatform(KeywordExecutor.groovy:60)
	at com.kms.katalon.core.webui.keyword.WebUiBuiltInKeywords.click(WebUiBuiltInKeywords.groovy:616)
	at com.kms.katalon.core.webui.keyword.WebUiBuiltInKeywords$click$4.call(Unknown Source)
	at Script1568122980246.run(Script1568122980246.groovy:53)
	at com.kms.katalon.core.main.ScriptEngine.run(ScriptEngine.java:194)
	at com.kms.katalon.core.main.ScriptEngine.runScriptAsRawText(ScriptEngine.java:119)
	at com.kms.katalon.core.main.TestCaseExecutor.runScript(TestCaseExecutor.java:337)
	at com.kms.katalon.core.main.TestCaseExecutor.doExecute(TestCaseExecutor.java:328)
	at com.kms.katalon.core.main.TestCaseExecutor.processExecutionPhase(TestCaseExecutor.java:307)
	at com.kms.katalon.core.main.TestCaseExecutor.accessMainPhase(TestCaseExecutor.java:299)
	at com.kms.katalon.core.main.TestCaseExecutor.execute(TestCaseExecutor.java:233)
	at com.kms.katalon.core.main.TestCaseMain.runTestCase(TestCaseMain.java:114)
	at com.kms.katalon.core.keyword.builtin.CallTestCaseKeyword$_callTestCase_closure1.doCall(CallTestCaseKeyword.groovy:59)
	at com.kms.katalon.core.keyword.builtin.CallTestCaseKeyword$_callTestCase_closure1.call(CallTestCaseKeyword.groovy)
	at com.kms.katalon.core.keyword.internal.KeywordMain.runKeyword(KeywordMain.groovy:68)
	at com.kms.katalon.core.keyword.builtin.CallTestCaseKeyword.callTestCase(CallTestCaseKeyword.groovy:81)
	at com.kms.katalon.core.keyword.builtin.CallTestCaseKeyword.execute(CallTestCaseKeyword.groovy:44)
	at com.kms.katalon.core.keyword.internal.KeywordExecutor.executeKeywordForPlatform(KeywordExecutor.groovy:60)
	at com.kms.katalon.core.keyword.BuiltinKeywords.callTestCase(BuiltinKeywords.groovy:334)
	at Script1569934034932.run(Script1569934034932.groovy:86)
	... 13 more
)
	at com.kms.katalon.core.keyword.internal.KeywordMain.stepFailed(KeywordMain.groovy:39)
	at com.kms.katalon.core.webui.keyword.internal.WebUIKeywordMain.stepFailed(WebUIKeywordMain.groovy:64)
	at com.kms.katalon.core.webui.keyword.internal.WebUIKeywordMain.runKeyword(WebUIKeywordMain.groovy:26)
	at com.kms.katalon.core.webui.keyword.builtin.ClickKeyword.click(ClickKeyword.groovy:79)
	at com.kms.katalon.core.webui.keyword.builtin.ClickKeyword.execute(ClickKeyword.groovy:42)
	at com.kms.katalon.core.keyword.internal.KeywordExecutor.executeKeywordForPlatform(KeywordExecutor.groovy:60)
	at com.kms.katalon.core.webui.keyword.WebUiBuiltInKeywords.click(WebUiBuiltInKeywords.groovy:616)
	at com.kms.katalon.core.webui.keyword.WebUiBuiltInKeywords$click$4.call(Unknown Source)
	at log_Off.run(log_Off:53)
	at com.kms.katalon.core.main.ScriptEngine.run(ScriptEngine.java:194)
	at com.kms.katalon.core.main.ScriptEngine.runScriptAsRawText(ScriptEngine.java:119)
	at com.kms.katalon.core.main.TestCaseExecutor.runScript(TestCaseExecutor.java:337)
	at com.kms.katalon.core.main.TestCaseExecutor.doExecute(TestCaseExecutor.java:328)
	at com.kms.katalon.core.main.TestCaseExecutor.processExecutionPhase(TestCaseExecutor.java:307)
	at com.kms.katalon.core.main.TestCaseExecutor.accessMainPhase(TestCaseExecutor.java:299)
	at com.kms.katalon.core.main.TestCaseExecutor.execute(TestCaseExecutor.java:233)
	at com.kms.katalon.core.main.TestCaseMain.runTestCase(TestCaseMain.java:114)
	at com.kms.katalon.core.keyword.builtin.CallTestCaseKeyword$_callTestCase_closure1.doCall(CallTestCaseKeyword.groovy:59)
	... 20 more
Caused by: com.kms.katalon.core.exception.StepFailedException: Unable to click on object 'Object Repository/Page_Members Area/a_Log off'
	... 37 more
Caused by: com.kms.katalon.core.webui.exception.WebElementNotFoundException: Web element with id: 'Object Repository/Page_Members Area/a_Log off' located by 'By.xpath: //a[@href = '/login' and (text() = 'Log off' or . = 'Log off')]' not found
	at com.kms.katalon.core.webui.common.WebUiCommonHelper.findWebElement(WebUiCommonHelper.java:1113)
	at com.kms.katalon.core.webui.keyword.internal.WebUIAbstractKeyword.findWebElement(WebUIAbstractKeyword.groovy:27)
	at com.kms.katalon.core.webui.keyword.internal.WebUIAbstractKeyword.findWebElement(WebUIAbstractKeyword.groovy:26)
	at com.kms.katalon.core.webui.keyword.builtin.ClickKeyword$_click_closure1.doCall(ClickKeyword.groovy:52)
	at com.kms.katalon.core.webui.keyword.builtin.ClickKeyword$_click_closure1.call(ClickKeyword.groovy)
	at com.kms.katalon.core.webui.keyword.internal.WebUIKeywordMain.runKeyword(WebUIKeywordMain.groovy:20)
	... 35 more
)]]></system-out>
         <system-err><![CDATA[2019-10-31 15:37:40 - [TEST_CASE][FAILED] - Test Cases/Members_Area/Received_Negative_Review: Test Cases/Members_Area/Received_Negative_Review FAILED.
Reason:
com.kms.katalon.core.exception.StepFailedException: Unable to call Test Case 'Test Cases/Reusable_Test_Sequences/Members_Area/Area_Menu/Your_Customers/Received_Negative_Review' (Root cause: com.kms.katalon.core.exception.StepFailedException: Call Test Case 'Test Cases/Reusable_Test_Sequences/Members_Area/Area_Menu/Your_Customers/Received_Negative_Review' failed
	at com.kms.katalon.core.keyword.builtin.CallTestCaseKeyword$_callTestCase_closure1.doCall(CallTestCaseKeyword.groovy:63)
	at com.kms.katalon.core.keyword.builtin.CallTestCaseKeyword$_callTestCase_closure1.call(CallTestCaseKeyword.groovy)
	at com.kms.katalon.core.keyword.internal.KeywordMain.runKeyword(KeywordMain.groovy:68)
	at com.kms.katalon.core.keyword.builtin.CallTestCaseKeyword.callTestCase(CallTestCaseKeyword.groovy:81)
	at com.kms.katalon.core.keyword.builtin.CallTestCaseKeyword.execute(CallTestCaseKeyword.groovy:44)
	at com.kms.katalon.core.keyword.internal.KeywordExecutor.executeKeywordForPlatform(KeywordExecutor.groovy:60)
	at com.kms.katalon.core.keyword.BuiltinKeywords.callTestCase(BuiltinKeywords.groovy:334)
	at Received_Negative_Review.run(Received_Negative_Review:76)
	at com.kms.katalon.core.main.ScriptEngine.run(ScriptEngine.java:194)
	at com.kms.katalon.core.main.ScriptEngine.runScriptAsRawText(ScriptEngine.java:119)
	at com.kms.katalon.core.main.TestCaseExecutor.runScript(TestCaseExecutor.java:337)
	at com.kms.katalon.core.main.TestCaseExecutor.doExecute(TestCaseExecutor.java:328)
	at com.kms.katalon.core.main.TestCaseExecutor.processExecutionPhase(TestCaseExecutor.java:307)
	at com.kms.katalon.core.main.TestCaseExecutor.accessMainPhase(TestCaseExecutor.java:299)
	at com.kms.katalon.core.main.TestCaseExecutor.execute(TestCaseExecutor.java:233)
	at com.kms.katalon.core.main.TestSuiteExecutor.accessTestCaseMainPhase(TestSuiteExecutor.java:169)
	at com.kms.katalon.core.main.TestSuiteExecutor.accessTestSuiteMainPhase(TestSuiteExecutor.java:142)
	at com.kms.katalon.core.main.TestSuiteExecutor.execute(TestSuiteExecutor.java:91)
	at com.kms.katalon.core.main.TestCaseMain.startTestSuite(TestCaseMain.java:157)
	at com.kms.katalon.core.main.TestCaseMain$startTestSuite$0.call(Unknown Source)
	at TempTestSuite1572536122144.run(TempTestSuite1572536122144.groovy:36)
Caused by: com.kms.katalon.core.exception.StepFailedException: Unable to click on object 'Object Repository/Page_Members Area/div_Received a Negative Review' (Root cause: com.kms.katalon.core.exception.StepFailedException: Unable to click on object 'Object Repository/Page_Members Area/div_Received a Negative Review'
	at com.kms.katalon.core.webui.keyword.internal.WebUIKeywordMain.stepFailed(WebUIKeywordMain.groovy:64)
	at com.kms.katalon.core.webui.keyword.internal.WebUIKeywordMain.runKeyword(WebUIKeywordMain.groovy:26)
	at com.kms.katalon.core.webui.keyword.builtin.ClickKeyword.click(ClickKeyword.groovy:79)
	at com.kms.katalon.core.webui.keyword.builtin.ClickKeyword.execute(ClickKeyword.groovy:42)
	at com.kms.katalon.core.keyword.internal.KeywordExecutor.executeKeywordForPlatform(KeywordExecutor.groovy:60)
	at com.kms.katalon.core.webui.keyword.WebUiBuiltInKeywords.click(WebUiBuiltInKeywords.groovy:616)
	at com.kms.katalon.core.webui.keyword.WebUiBuiltInKeywords$click$4.call(Unknown Source)
	at Received_Negative_Review.run(Received_Negative_Review:55)
	at com.kms.katalon.core.main.ScriptEngine.run(ScriptEngine.java:194)
	at com.kms.katalon.core.main.ScriptEngine.runScriptAsRawText(ScriptEngine.java:119)
	at com.kms.katalon.core.main.TestCaseExecutor.runScript(TestCaseExecutor.java:337)
	at com.kms.katalon.core.main.TestCaseExecutor.doExecute(TestCaseExecutor.java:328)
	at com.kms.katalon.core.main.TestCaseExecutor.processExecutionPhase(TestCaseExecutor.java:307)
	at com.kms.katalon.core.main.TestCaseExecutor.accessMainPhase(TestCaseExecutor.java:299)
	at com.kms.katalon.core.main.TestCaseExecutor.execute(TestCaseExecutor.java:233)
	at com.kms.katalon.core.main.TestCaseMain.runTestCase(TestCaseMain.java:114)
	at com.kms.katalon.core.keyword.builtin.CallTestCaseKeyword$_callTestCase_closure1.doCall(CallTestCaseKeyword.groovy:59)
	at com.kms.katalon.core.keyword.builtin.CallTestCaseKeyword$_callTestCase_closure1.call(CallTestCaseKeyword.groovy)
	at com.kms.katalon.core.keyword.internal.KeywordMain.runKeyword(KeywordMain.groovy:68)
	at com.kms.katalon.core.keyword.builtin.CallTestCaseKeyword.callTestCase(CallTestCaseKeyword.groovy:81)
	at com.kms.katalon.core.keyword.builtin.CallTestCaseKeyword.execute(CallTestCaseKeyword.groovy:44)
	at com.kms.katalon.core.keyword.internal.KeywordExecutor.executeKeywordForPlatform(KeywordExecutor.groovy:60)
	at com.kms.katalon.core.keyword.BuiltinKeywords.callTestCase(BuiltinKeywords.groovy:334)
	at Received_Negative_Review.run(Received_Negative_Review:76)
	at com.kms.katalon.core.main.ScriptEngine.run(ScriptEngine.java:194)
	at com.kms.katalon.core.main.ScriptEngine.runScriptAsRawText(ScriptEngine.java:119)
	at com.kms.katalon.core.main.TestCaseExecutor.runScript(TestCaseExecutor.java:337)
	at com.kms.katalon.core.main.TestCaseExecutor.doExecute(TestCaseExecutor.java:328)
	at com.kms.katalon.core.main.TestCaseExecutor.processExecutionPhase(TestCaseExecutor.java:307)
	at com.kms.katalon.core.main.TestCaseExecutor.accessMainPhase(TestCaseExecutor.java:299)
	at com.kms.katalon.core.main.TestCaseExecutor.execute(TestCaseExecutor.java:233)
	at com.kms.katalon.core.main.TestSuiteExecutor.accessTestCaseMainPhase(TestSuiteExecutor.java:169)
	at com.kms.katalon.core.main.TestSuiteExecutor.accessTestSuiteMainPhase(TestSuiteExecutor.java:142)
	at com.kms.katalon.core.main.TestSuiteExecutor.execute(TestSuiteExecutor.java:91)
	at com.kms.katalon.core.main.TestCaseMain.startTestSuite(TestCaseMain.java:157)
	at com.kms.katalon.core.main.TestCaseMain$startTestSuite$0.call(Unknown Source)
	at TempTestSuite1572536122144.run(TempTestSuite1572536122144.groovy:36)
Caused by: com.kms.katalon.core.webui.exception.WebElementNotFoundException: Web element with id: 'Object Repository/Page_Members Area/div_Received a Negative Review' located by 'By.xpath: //div[(text() = 'Received a Negative Review' or . = 'Received a Negative Review')]' not found
	at com.kms.katalon.core.webui.common.WebUiCommonHelper.findWebElement(WebUiCommonHelper.java:1113)
	at com.kms.katalon.core.webui.keyword.internal.WebUIAbstractKeyword.findWebElement(WebUIAbstractKeyword.groovy:27)
	at com.kms.katalon.core.webui.keyword.internal.WebUIAbstractKeyword.findWebElement(WebUIAbstractKeyword.groovy:26)
	at com.kms.katalon.core.webui.keyword.builtin.ClickKeyword$_click_closure1.doCall(ClickKeyword.groovy:52)
	at com.kms.katalon.core.webui.keyword.builtin.ClickKeyword$_click_closure1.call(ClickKeyword.groovy)
	at com.kms.katalon.core.webui.keyword.internal.WebUIKeywordMain.runKeyword(WebUIKeywordMain.groovy:20)
	at com.kms.katalon.core.webui.keyword.builtin.ClickKeyword.click(ClickKeyword.groovy:79)
	at com.kms.katalon.core.webui.keyword.builtin.ClickKeyword.execute(ClickKeyword.groovy:42)
	at com.kms.katalon.core.keyword.internal.KeywordExecutor.executeKeywordForPlatform(KeywordExecutor.groovy:60)
	at com.kms.katalon.core.webui.keyword.WebUiBuiltInKeywords.click(WebUiBuiltInKeywords.groovy:616)
	at com.kms.katalon.core.webui.keyword.WebUiBuiltInKeywords$click$4.call(Unknown Source)
	at Script1568125729640.run(Script1568125729640.groovy:55)
	at com.kms.katalon.core.main.ScriptEngine.run(ScriptEngine.java:194)
	at com.kms.katalon.core.main.ScriptEngine.runScriptAsRawText(ScriptEngine.java:119)
	at com.kms.katalon.core.main.TestCaseExecutor.runScript(TestCaseExecutor.java:337)
	at com.kms.katalon.core.main.TestCaseExecutor.doExecute(TestCaseExecutor.java:328)
	at com.kms.katalon.core.main.TestCaseExecutor.processExecutionPhase(TestCaseExecutor.java:307)
	at com.kms.katalon.core.main.TestCaseExecutor.accessMainPhase(TestCaseExecutor.java:299)
	at com.kms.katalon.core.main.TestCaseExecutor.execute(TestCaseExecutor.java:233)
	at com.kms.katalon.core.main.TestCaseMain.runTestCase(TestCaseMain.java:114)
	at com.kms.katalon.core.keyword.builtin.CallTestCaseKeyword$_callTestCase_closure1.doCall(CallTestCaseKeyword.groovy:59)
	at com.kms.katalon.core.keyword.builtin.CallTestCaseKeyword$_callTestCase_closure1.call(CallTestCaseKeyword.groovy)
	at com.kms.katalon.core.keyword.internal.KeywordMain.runKeyword(KeywordMain.groovy:68)
	at com.kms.katalon.core.keyword.builtin.CallTestCaseKeyword.callTestCase(CallTestCaseKeyword.groovy:81)
	at com.kms.katalon.core.keyword.builtin.CallTestCaseKeyword.execute(CallTestCaseKeyword.groovy:44)
	at com.kms.katalon.core.keyword.internal.KeywordExecutor.executeKeywordForPlatform(KeywordExecutor.groovy:60)
	at com.kms.katalon.core.keyword.BuiltinKeywords.callTestCase(BuiltinKeywords.groovy:334)
	at Script1569934034932.run(Script1569934034932.groovy:76)
	... 13 more
)
	at com.kms.katalon.core.keyword.internal.KeywordMain.stepFailed(KeywordMain.groovy:39)
	at com.kms.katalon.core.webui.keyword.internal.WebUIKeywordMain.stepFailed(WebUIKeywordMain.groovy:64)
	at com.kms.katalon.core.webui.keyword.internal.WebUIKeywordMain.runKeyword(WebUIKeywordMain.groovy:26)
	at com.kms.katalon.core.webui.keyword.builtin.ClickKeyword.click(ClickKeyword.groovy:79)
	at com.kms.katalon.core.webui.keyword.builtin.ClickKeyword.execute(ClickKeyword.groovy:42)
	at com.kms.katalon.core.keyword.internal.KeywordExecutor.executeKeywordForPlatform(KeywordExecutor.groovy:60)
	at com.kms.katalon.core.webui.keyword.WebUiBuiltInKeywords.click(WebUiBuiltInKeywords.groovy:616)
	at com.kms.katalon.core.webui.keyword.WebUiBuiltInKeywords$click$4.call(Unknown Source)
	at Received_Negative_Review.run(Received_Negative_Review:55)
	at com.kms.katalon.core.main.ScriptEngine.run(ScriptEngine.java:194)
	at com.kms.katalon.core.main.ScriptEngine.runScriptAsRawText(ScriptEngine.java:119)
	at com.kms.katalon.core.main.TestCaseExecutor.runScript(TestCaseExecutor.java:337)
	at com.kms.katalon.core.main.TestCaseExecutor.doExecute(TestCaseExecutor.java:328)
	at com.kms.katalon.core.main.TestCaseExecutor.processExecutionPhase(TestCaseExecutor.java:307)
	at com.kms.katalon.core.main.TestCaseExecutor.accessMainPhase(TestCaseExecutor.java:299)
	at com.kms.katalon.core.main.TestCaseExecutor.execute(TestCaseExecutor.java:233)
	at com.kms.katalon.core.main.TestCaseMain.runTestCase(TestCaseMain.java:114)
	at com.kms.katalon.core.keyword.builtin.CallTestCaseKeyword$_callTestCase_closure1.doCall(CallTestCaseKeyword.groovy:59)
	... 20 more
Caused by: com.kms.katalon.core.exception.StepFailedException: Unable to click on object 'Object Repository/Page_Members Area/div_Received a Negative Review'
	... 37 more
Caused by: com.kms.katalon.core.webui.exception.WebElementNotFoundException: Web element with id: 'Object Repository/Page_Members Area/div_Received a Negative Review' located by 'By.xpath: //div[(text() = 'Received a Negative Review' or . = 'Received a Negative Review')]' not found
	at com.kms.katalon.core.webui.common.WebUiCommonHelper.findWebElement(WebUiCommonHelper.java:1113)
	at com.kms.katalon.core.webui.keyword.internal.WebUIAbstractKeyword.findWebElement(WebUIAbstractKeyword.groovy:27)
	at com.kms.katalon.core.webui.keyword.internal.WebUIAbstractKeyword.findWebElement(WebUIAbstractKeyword.groovy:26)
	at com.kms.katalon.core.webui.keyword.builtin.ClickKeyword$_click_closure1.doCall(ClickKeyword.groovy:52)
	at com.kms.katalon.core.webui.keyword.builtin.ClickKeyword$_click_closure1.call(ClickKeyword.groovy)
	at com.kms.katalon.core.webui.keyword.internal.WebUIKeywordMain.runKeyword(WebUIKeywordMain.groovy:20)
	... 35 more
)
	at com.kms.katalon.core.keyword.internal.KeywordMain.stepFailed(KeywordMain.groovy:39)
	at com.kms.katalon.core.keyword.internal.KeywordMain.stepFailed(KeywordMain.groovy)
	at com.kms.katalon.core.keyword.internal.KeywordMain.runKeyword(KeywordMain.groovy:70)
	at com.kms.katalon.core.keyword.builtin.CallTestCaseKeyword.callTestCase(CallTestCaseKeyword.groovy:81)
	at com.kms.katalon.core.keyword.builtin.CallTestCaseKeyword.execute(CallTestCaseKeyword.groovy:44)
	at com.kms.katalon.core.keyword.internal.KeywordExecutor.executeKeywordForPlatform(KeywordExecutor.groovy:60)
	at com.kms.katalon.core.keyword.BuiltinKeywords.callTestCase(BuiltinKeywords.groovy:334)
	at Received_Negative_Review.run(Received_Negative_Review:76)
	at com.kms.katalon.core.main.ScriptEngine.run(ScriptEngine.java:194)
	at com.kms.katalon.core.main.ScriptEngine.runScriptAsRawText(ScriptEngine.java:119)
	at com.kms.katalon.core.main.TestCaseExecutor.runScript(TestCaseExecutor.java:337)
	at com.kms.katalon.core.main.TestCaseExecutor.doExecute(TestCaseExecutor.java:328)
	at com.kms.katalon.core.main.TestCaseExecutor.processExecutionPhase(TestCaseExecutor.java:307)
	at com.kms.katalon.core.main.TestCaseExecutor.accessMainPhase(TestCaseExecutor.java:299)
	at com.kms.katalon.core.main.TestCaseExecutor.execute(TestCaseExecutor.java:233)
	at com.kms.katalon.core.main.TestSuiteExecutor.accessTestCaseMainPhase(TestSuiteExecutor.java:169)
	at com.kms.katalon.core.main.TestSuiteExecutor.accessTestSuiteMainPhase(TestSuiteExecutor.java:142)
	at com.kms.katalon.core.main.TestSuiteExecutor.execute(TestSuiteExecutor.java:91)
	at com.kms.katalon.core.main.TestCaseMain.startTestSuite(TestCaseMain.java:157)
	at com.kms.katalon.core.main.TestCaseMain$startTestSuite$0.call(Unknown Source)
	at TempTestSuite1572536122144.run(TempTestSuite1572536122144.groovy:36)
Caused by: com.kms.katalon.core.exception.StepFailedException: Call Test Case 'Test Cases/Reusable_Test_Sequences/Members_Area/Area_Menu/Your_Customers/Received_Negative_Review' failed
	at com.kms.katalon.core.keyword.builtin.CallTestCaseKeyword$_callTestCase_closure1.doCall(CallTestCaseKeyword.groovy:63)
	at com.kms.katalon.core.keyword.builtin.CallTestCaseKeyword$_callTestCase_closure1.call(CallTestCaseKeyword.groovy)
	at com.kms.katalon.core.keyword.internal.KeywordMain.runKeyword(KeywordMain.groovy:68)
	... 18 more
Caused by: com.kms.katalon.core.exception.StepFailedException: Unable to click on object 'Object Repository/Page_Members Area/div_Received a Negative Review' (Root cause: com.kms.katalon.core.exception.StepFailedException: Unable to click on object 'Object Repository/Page_Members Area/div_Received a Negative Review'
	at com.kms.katalon.core.webui.keyword.internal.WebUIKeywordMain.stepFailed(WebUIKeywordMain.groovy:64)
	at com.kms.katalon.core.webui.keyword.internal.WebUIKeywordMain.runKeyword(WebUIKeywordMain.groovy:26)
	at com.kms.katalon.core.webui.keyword.builtin.ClickKeyword.click(ClickKeyword.groovy:79)
	at com.kms.katalon.core.webui.keyword.builtin.ClickKeyword.execute(ClickKeyword.groovy:42)
	at com.kms.katalon.core.keyword.internal.KeywordExecutor.executeKeywordForPlatform(KeywordExecutor.groovy:60)
	at com.kms.katalon.core.webui.keyword.WebUiBuiltInKeywords.click(WebUiBuiltInKeywords.groovy:616)
	at com.kms.katalon.core.webui.keyword.WebUiBuiltInKeywords$click$4.call(Unknown Source)
	at Received_Negative_Review.run(Received_Negative_Review:55)
	at com.kms.katalon.core.main.ScriptEngine.run(ScriptEngine.java:194)
	at com.kms.katalon.core.main.ScriptEngine.runScriptAsRawText(ScriptEngine.java:119)
	at com.kms.katalon.core.main.TestCaseExecutor.runScript(TestCaseExecutor.java:337)
	at com.kms.katalon.core.main.TestCaseExecutor.doExecute(TestCaseExecutor.java:328)
	at com.kms.katalon.core.main.TestCaseExecutor.processExecutionPhase(TestCaseExecutor.java:307)
	at com.kms.katalon.core.main.TestCaseExecutor.accessMainPhase(TestCaseExecutor.java:299)
	at com.kms.katalon.core.main.TestCaseExecutor.execute(TestCaseExecutor.java:233)
	at com.kms.katalon.core.main.TestCaseMain.runTestCase(TestCaseMain.java:114)
	at com.kms.katalon.core.keyword.builtin.CallTestCaseKeyword$_callTestCase_closure1.doCall(CallTestCaseKeyword.groovy:59)
	at com.kms.katalon.core.keyword.builtin.CallTestCaseKeyword$_callTestCase_closure1.call(CallTestCaseKeyword.groovy)
	at com.kms.katalon.core.keyword.internal.KeywordMain.runKeyword(KeywordMain.groovy:68)
	at com.kms.katalon.core.keyword.builtin.CallTestCaseKeyword.callTestCase(CallTestCaseKeyword.groovy:81)
	at com.kms.katalon.core.keyword.builtin.CallTestCaseKeyword.execute(CallTestCaseKeyword.groovy:44)
	at com.kms.katalon.core.keyword.internal.KeywordExecutor.executeKeywordForPlatform(KeywordExecutor.groovy:60)
	at com.kms.katalon.core.keyword.BuiltinKeywords.callTestCase(BuiltinKeywords.groovy:334)
	at Received_Negative_Review.run(Received_Negative_Review:76)
	at com.kms.katalon.core.main.ScriptEngine.run(ScriptEngine.java:194)
	at com.kms.katalon.core.main.ScriptEngine.runScriptAsRawText(ScriptEngine.java:119)
	at com.kms.katalon.core.main.TestCaseExecutor.runScript(TestCaseExecutor.java:337)
	at com.kms.katalon.core.main.TestCaseExecutor.doExecute(TestCaseExecutor.java:328)
	at com.kms.katalon.core.main.TestCaseExecutor.processExecutionPhase(TestCaseExecutor.java:307)
	at com.kms.katalon.core.main.TestCaseExecutor.accessMainPhase(TestCaseExecutor.java:299)
	at com.kms.katalon.core.main.TestCaseExecutor.execute(TestCaseExecutor.java:233)
	at com.kms.katalon.core.main.TestSuiteExecutor.accessTestCaseMainPhase(TestSuiteExecutor.java:169)
	at com.kms.katalon.core.main.TestSuiteExecutor.accessTestSuiteMainPhase(TestSuiteExecutor.java:142)
	at com.kms.katalon.core.main.TestSuiteExecutor.execute(TestSuiteExecutor.java:91)
	at com.kms.katalon.core.main.TestCaseMain.startTestSuite(TestCaseMain.java:157)
	at com.kms.katalon.core.main.TestCaseMain$startTestSuite$0.call(Unknown Source)
	at TempTestSuite1572536122144.run(TempTestSuite1572536122144.groovy:36)
Caused by: com.kms.katalon.core.webui.exception.WebElementNotFoundException: Web element with id: 'Object Repository/Page_Members Area/div_Received a Negative Review' located by 'By.xpath: //div[(text() = 'Received a Negative Review' or . = 'Received a Negative Review')]' not found
	at com.kms.katalon.core.webui.common.WebUiCommonHelper.findWebElement(WebUiCommonHelper.java:1113)
	at com.kms.katalon.core.webui.keyword.internal.WebUIAbstractKeyword.findWebElement(WebUIAbstractKeyword.groovy:27)
	at com.kms.katalon.core.webui.keyword.internal.WebUIAbstractKeyword.findWebElement(WebUIAbstractKeyword.groovy:26)
	at com.kms.katalon.core.webui.keyword.builtin.ClickKeyword$_click_closure1.doCall(ClickKeyword.groovy:52)
	at com.kms.katalon.core.webui.keyword.builtin.ClickKeyword$_click_closure1.call(ClickKeyword.groovy)
	at com.kms.katalon.core.webui.keyword.internal.WebUIKeywordMain.runKeyword(WebUIKeywordMain.groovy:20)
	at com.kms.katalon.core.webui.keyword.builtin.ClickKeyword.click(ClickKeyword.groovy:79)
	at com.kms.katalon.core.webui.keyword.builtin.ClickKeyword.execute(ClickKeyword.groovy:42)
	at com.kms.katalon.core.keyword.internal.KeywordExecutor.executeKeywordForPlatform(KeywordExecutor.groovy:60)
	at com.kms.katalon.core.webui.keyword.WebUiBuiltInKeywords.click(WebUiBuiltInKeywords.groovy:616)
	at com.kms.katalon.core.webui.keyword.WebUiBuiltInKeywords$click$4.call(Unknown Source)
	at Script1568125729640.run(Script1568125729640.groovy:55)
	at com.kms.katalon.core.main.ScriptEngine.run(ScriptEngine.java:194)
	at com.kms.katalon.core.main.ScriptEngine.runScriptAsRawText(ScriptEngine.java:119)
	at com.kms.katalon.core.main.TestCaseExecutor.runScript(TestCaseExecutor.java:337)
	at com.kms.katalon.core.main.TestCaseExecutor.doExecute(TestCaseExecutor.java:328)
	at com.kms.katalon.core.main.TestCaseExecutor.processExecutionPhase(TestCaseExecutor.java:307)
	at com.kms.katalon.core.main.TestCaseExecutor.accessMainPhase(TestCaseExecutor.java:299)
	at com.kms.katalon.core.main.TestCaseExecutor.execute(TestCaseExecutor.java:233)
	at com.kms.katalon.core.main.TestCaseMain.runTestCase(TestCaseMain.java:114)
	at com.kms.katalon.core.keyword.builtin.CallTestCaseKeyword$_callTestCase_closure1.doCall(CallTestCaseKeyword.groovy:59)
	at com.kms.katalon.core.keyword.builtin.CallTestCaseKeyword$_callTestCase_closure1.call(CallTestCaseKeyword.groovy)
	at com.kms.katalon.core.keyword.internal.KeywordMain.runKeyword(KeywordMain.groovy:68)
	at com.kms.katalon.core.keyword.builtin.CallTestCaseKeyword.callTestCase(CallTestCaseKeyword.groovy:81)
	at com.kms.katalon.core.keyword.builtin.CallTestCaseKeyword.execute(CallTestCaseKeyword.groovy:44)
	at com.kms.katalon.core.keyword.internal.KeywordExecutor.executeKeywordForPlatform(KeywordExecutor.groovy:60)
	at com.kms.katalon.core.keyword.BuiltinKeywords.callTestCase(BuiltinKeywords.groovy:334)
	at Script1569934034932.run(Script1569934034932.groovy:76)
	... 13 more
)
	at com.kms.katalon.core.keyword.internal.KeywordMain.stepFailed(KeywordMain.groovy:39)
	at com.kms.katalon.core.webui.keyword.internal.WebUIKeywordMain.stepFailed(WebUIKeywordMain.groovy:64)
	at com.kms.katalon.core.webui.keyword.internal.WebUIKeywordMain.runKeyword(WebUIKeywordMain.groovy:26)
	at com.kms.katalon.core.webui.keyword.builtin.ClickKeyword.click(ClickKeyword.groovy:79)
	at com.kms.katalon.core.webui.keyword.builtin.ClickKeyword.execute(ClickKeyword.groovy:42)
	at com.kms.katalon.core.keyword.internal.KeywordExecutor.executeKeywordForPlatform(KeywordExecutor.groovy:60)
	at com.kms.katalon.core.webui.keyword.WebUiBuiltInKeywords.click(WebUiBuiltInKeywords.groovy:616)
	at com.kms.katalon.core.webui.keyword.WebUiBuiltInKeywords$click$4.call(Unknown Source)
	at Received_Negative_Review.run(Received_Negative_Review:55)
	at com.kms.katalon.core.main.ScriptEngine.run(ScriptEngine.java:194)
	at com.kms.katalon.core.main.ScriptEngine.runScriptAsRawText(ScriptEngine.java:119)
	at com.kms.katalon.core.main.TestCaseExecutor.runScript(TestCaseExecutor.java:337)
	at com.kms.katalon.core.main.TestCaseExecutor.doExecute(TestCaseExecutor.java:328)
	at com.kms.katalon.core.main.TestCaseExecutor.processExecutionPhase(TestCaseExecutor.java:307)
	at com.kms.katalon.core.main.TestCaseExecutor.accessMainPhase(TestCaseExecutor.java:299)
	at com.kms.katalon.core.main.TestCaseExecutor.execute(TestCaseExecutor.java:233)
	at com.kms.katalon.core.main.TestCaseMain.runTestCase(TestCaseMain.java:114)
	at com.kms.katalon.core.keyword.builtin.CallTestCaseKeyword$_callTestCase_closure1.doCall(CallTestCaseKeyword.groovy:59)
	... 20 more
Caused by: com.kms.katalon.core.exception.StepFailedException: Unable to click on object 'Object Repository/Page_Members Area/div_Received a Negative Review'
	... 37 more
Caused by: com.kms.katalon.core.webui.exception.WebElementNotFoundException: Web element with id: 'Object Repository/Page_Members Area/div_Received a Negative Review' located by 'By.xpath: //div[(text() = 'Received a Negative Review' or . = 'Received a Negative Review')]' not found
	at com.kms.katalon.core.webui.common.WebUiCommonHelper.findWebElement(WebUiCommonHelper.java:1113)
	at com.kms.katalon.core.webui.keyword.internal.WebUIAbstractKeyword.findWebElement(WebUIAbstractKeyword.groovy:27)
	at com.kms.katalon.core.webui.keyword.internal.WebUIAbstractKeyword.findWebElement(WebUIAbstractKeyword.groovy:26)
	at com.kms.katalon.core.webui.keyword.builtin.ClickKeyword$_click_closure1.doCall(ClickKeyword.groovy:52)
	at com.kms.katalon.core.webui.keyword.builtin.ClickKeyword$_click_closure1.call(ClickKeyword.groovy)
	at com.kms.katalon.core.webui.keyword.internal.WebUIKeywordMain.runKeyword(WebUIKeywordMain.groovy:20)
	... 35 more]]></system-err>
      </testcase>
      <system-out><![CDATA[2019-10-31 15:37:40 - [TEST_SUITE][FAILED] - Members_Received_Negative_Feedback: Test Cases/Members_Area/Received_Negative_Review FAILED.
Reason:
com.kms.katalon.core.exception.StepFailedException: Unable to call Test Case 'Test Cases/Reusable_Test_Sequences/Members_Area/Area_Menu/Your_Customers/Received_Negative_Review' (Root cause: com.kms.katalon.core.exception.StepFailedException: Call Test Case 'Test Cases/Reusable_Test_Sequences/Members_Area/Area_Menu/Your_Customers/Received_Negative_Review' failed
	at com.kms.katalon.core.keyword.builtin.CallTestCaseKeyword$_callTestCase_closure1.doCall(CallTestCaseKeyword.groovy:63)
	at com.kms.katalon.core.keyword.builtin.CallTestCaseKeyword$_callTestCase_closure1.call(CallTestCaseKeyword.groovy)
	at com.kms.katalon.core.keyword.internal.KeywordMain.runKeyword(KeywordMain.groovy:68)
	at com.kms.katalon.core.keyword.builtin.CallTestCaseKeyword.callTestCase(CallTestCaseKeyword.groovy:81)
	at com.kms.katalon.core.keyword.builtin.CallTestCaseKeyword.execute(CallTestCaseKeyword.groovy:44)
	at com.kms.katalon.core.keyword.internal.KeywordExecutor.executeKeywordForPlatform(KeywordExecutor.groovy:60)
	at com.kms.katalon.core.keyword.BuiltinKeywords.callTestCase(BuiltinKeywords.groovy:334)
	at Received_Negative_Review.run(Received_Negative_Review:76)
	at com.kms.katalon.core.main.ScriptEngine.run(ScriptEngine.java:194)
	at com.kms.katalon.core.main.ScriptEngine.runScriptAsRawText(ScriptEngine.java:119)
	at com.kms.katalon.core.main.TestCaseExecutor.runScript(TestCaseExecutor.java:337)
	at com.kms.katalon.core.main.TestCaseExecutor.doExecute(TestCaseExecutor.java:328)
	at com.kms.katalon.core.main.TestCaseExecutor.processExecutionPhase(TestCaseExecutor.java:307)
	at com.kms.katalon.core.main.TestCaseExecutor.accessMainPhase(TestCaseExecutor.java:299)
	at com.kms.katalon.core.main.TestCaseExecutor.execute(TestCaseExecutor.java:233)
	at com.kms.katalon.core.main.TestSuiteExecutor.accessTestCaseMainPhase(TestSuiteExecutor.java:169)
	at com.kms.katalon.core.main.TestSuiteExecutor.accessTestSuiteMainPhase(TestSuiteExecutor.java:142)
	at com.kms.katalon.core.main.TestSuiteExecutor.execute(TestSuiteExecutor.java:91)
	at com.kms.katalon.core.main.TestCaseMain.startTestSuite(TestCaseMain.java:157)
	at com.kms.katalon.core.main.TestCaseMain$startTestSuite$0.call(Unknown Source)
	at TempTestSuite1572536122144.run(TempTestSuite1572536122144.groovy:36)
Caused by: com.kms.katalon.core.exception.StepFailedException: Unable to click on object 'Object Repository/Page_Members Area/div_Received a Negative Review' (Root cause: com.kms.katalon.core.exception.StepFailedException: Unable to click on object 'Object Repository/Page_Members Area/div_Received a Negative Review'
	at com.kms.katalon.core.webui.keyword.internal.WebUIKeywordMain.stepFailed(WebUIKeywordMain.groovy:64)
	at com.kms.katalon.core.webui.keyword.internal.WebUIKeywordMain.runKeyword(WebUIKeywordMain.groovy:26)
	at com.kms.katalon.core.webui.keyword.builtin.ClickKeyword.click(ClickKeyword.groovy:79)
	at com.kms.katalon.core.webui.keyword.builtin.ClickKeyword.execute(ClickKeyword.groovy:42)
	at com.kms.katalon.core.keyword.internal.KeywordExecutor.executeKeywordForPlatform(KeywordExecutor.groovy:60)
	at com.kms.katalon.core.webui.keyword.WebUiBuiltInKeywords.click(WebUiBuiltInKeywords.groovy:616)
	at com.kms.katalon.core.webui.keyword.WebUiBuiltInKeywords$click$4.call(Unknown Source)
	at Received_Negative_Review.run(Received_Negative_Review:55)
	at com.kms.katalon.core.main.ScriptEngine.run(ScriptEngine.java:194)
	at com.kms.katalon.core.main.ScriptEngine.runScriptAsRawText(ScriptEngine.java:119)
	at com.kms.katalon.core.main.TestCaseExecutor.runScript(TestCaseExecutor.java:337)
	at com.kms.katalon.core.main.TestCaseExecutor.doExecute(TestCaseExecutor.java:328)
	at com.kms.katalon.core.main.TestCaseExecutor.processExecutionPhase(TestCaseExecutor.java:307)
	at com.kms.katalon.core.main.TestCaseExecutor.accessMainPhase(TestCaseExecutor.java:299)
	at com.kms.katalon.core.main.TestCaseExecutor.execute(TestCaseExecutor.java:233)
	at com.kms.katalon.core.main.TestCaseMain.runTestCase(TestCaseMain.java:114)
	at com.kms.katalon.core.keyword.builtin.CallTestCaseKeyword$_callTestCase_closure1.doCall(CallTestCaseKeyword.groovy:59)
	at com.kms.katalon.core.keyword.builtin.CallTestCaseKeyword$_callTestCase_closure1.call(CallTestCaseKeyword.groovy)
	at com.kms.katalon.core.keyword.internal.KeywordMain.runKeyword(KeywordMain.groovy:68)
	at com.kms.katalon.core.keyword.builtin.CallTestCaseKeyword.callTestCase(CallTestCaseKeyword.groovy:81)
	at com.kms.katalon.core.keyword.builtin.CallTestCaseKeyword.execute(CallTestCaseKeyword.groovy:44)
	at com.kms.katalon.core.keyword.internal.KeywordExecutor.executeKeywordForPlatform(KeywordExecutor.groovy:60)
	at com.kms.katalon.core.keyword.BuiltinKeywords.callTestCase(BuiltinKeywords.groovy:334)
	at Received_Negative_Review.run(Received_Negative_Review:76)
	at com.kms.katalon.core.main.ScriptEngine.run(ScriptEngine.java:194)
	at com.kms.katalon.core.main.ScriptEngine.runScriptAsRawText(ScriptEngine.java:119)
	at com.kms.katalon.core.main.TestCaseExecutor.runScript(TestCaseExecutor.java:337)
	at com.kms.katalon.core.main.TestCaseExecutor.doExecute(TestCaseExecutor.java:328)
	at com.kms.katalon.core.main.TestCaseExecutor.processExecutionPhase(TestCaseExecutor.java:307)
	at com.kms.katalon.core.main.TestCaseExecutor.accessMainPhase(TestCaseExecutor.java:299)
	at com.kms.katalon.core.main.TestCaseExecutor.execute(TestCaseExecutor.java:233)
	at com.kms.katalon.core.main.TestSuiteExecutor.accessTestCaseMainPhase(TestSuiteExecutor.java:169)
	at com.kms.katalon.core.main.TestSuiteExecutor.accessTestSuiteMainPhase(TestSuiteExecutor.java:142)
	at com.kms.katalon.core.main.TestSuiteExecutor.execute(TestSuiteExecutor.java:91)
	at com.kms.katalon.core.main.TestCaseMain.startTestSuite(TestCaseMain.java:157)
	at com.kms.katalon.core.main.TestCaseMain$startTestSuite$0.call(Unknown Source)
	at TempTestSuite1572536122144.run(TempTestSuite1572536122144.groovy:36)
Caused by: com.kms.katalon.core.webui.exception.WebElementNotFoundException: Web element with id: 'Object Repository/Page_Members Area/div_Received a Negative Review' located by 'By.xpath: //div[(text() = 'Received a Negative Review' or . = 'Received a Negative Review')]' not found
	at com.kms.katalon.core.webui.common.WebUiCommonHelper.findWebElement(WebUiCommonHelper.java:1113)
	at com.kms.katalon.core.webui.keyword.internal.WebUIAbstractKeyword.findWebElement(WebUIAbstractKeyword.groovy:27)
	at com.kms.katalon.core.webui.keyword.internal.WebUIAbstractKeyword.findWebElement(WebUIAbstractKeyword.groovy:26)
	at com.kms.katalon.core.webui.keyword.builtin.ClickKeyword$_click_closure1.doCall(ClickKeyword.groovy:52)
	at com.kms.katalon.core.webui.keyword.builtin.ClickKeyword$_click_closure1.call(ClickKeyword.groovy)
	at com.kms.katalon.core.webui.keyword.internal.WebUIKeywordMain.runKeyword(WebUIKeywordMain.groovy:20)
	at com.kms.katalon.core.webui.keyword.builtin.ClickKeyword.click(ClickKeyword.groovy:79)
	at com.kms.katalon.core.webui.keyword.builtin.ClickKeyword.execute(ClickKeyword.groovy:42)
	at com.kms.katalon.core.keyword.internal.KeywordExecutor.executeKeywordForPlatform(KeywordExecutor.groovy:60)
	at com.kms.katalon.core.webui.keyword.WebUiBuiltInKeywords.click(WebUiBuiltInKeywords.groovy:616)
	at com.kms.katalon.core.webui.keyword.WebUiBuiltInKeywords$click$4.call(Unknown Source)
	at Script1568125729640.run(Script1568125729640.groovy:55)
	at com.kms.katalon.core.main.ScriptEngine.run(ScriptEngine.java:194)
	at com.kms.katalon.core.main.ScriptEngine.runScriptAsRawText(ScriptEngine.java:119)
	at com.kms.katalon.core.main.TestCaseExecutor.runScript(TestCaseExecutor.java:337)
	at com.kms.katalon.core.main.TestCaseExecutor.doExecute(TestCaseExecutor.java:328)
	at com.kms.katalon.core.main.TestCaseExecutor.processExecutionPhase(TestCaseExecutor.java:307)
	at com.kms.katalon.core.main.TestCaseExecutor.accessMainPhase(TestCaseExecutor.java:299)
	at com.kms.katalon.core.main.TestCaseExecutor.execute(TestCaseExecutor.java:233)
	at com.kms.katalon.core.main.TestCaseMain.runTestCase(TestCaseMain.java:114)
	at com.kms.katalon.core.keyword.builtin.CallTestCaseKeyword$_callTestCase_closure1.doCall(CallTestCaseKeyword.groovy:59)
	at com.kms.katalon.core.keyword.builtin.CallTestCaseKeyword$_callTestCase_closure1.call(CallTestCaseKeyword.groovy)
	at com.kms.katalon.core.keyword.internal.KeywordMain.runKeyword(KeywordMain.groovy:68)
	at com.kms.katalon.core.keyword.builtin.CallTestCaseKeyword.callTestCase(CallTestCaseKeyword.groovy:81)
	at com.kms.katalon.core.keyword.builtin.CallTestCaseKeyword.execute(CallTestCaseKeyword.groovy:44)
	at com.kms.katalon.core.keyword.internal.KeywordExecutor.executeKeywordForPlatform(KeywordExecutor.groovy:60)
	at com.kms.katalon.core.keyword.BuiltinKeywords.callTestCase(BuiltinKeywords.groovy:334)
	at Script1569934034932.run(Script1569934034932.groovy:76)
	... 13 more
)
	at com.kms.katalon.core.keyword.internal.KeywordMain.stepFailed(KeywordMain.groovy:39)
	at com.kms.katalon.core.webui.keyword.internal.WebUIKeywordMain.stepFailed(WebUIKeywordMain.groovy:64)
	at com.kms.katalon.core.webui.keyword.internal.WebUIKeywordMain.runKeyword(WebUIKeywordMain.groovy:26)
	at com.kms.katalon.core.webui.keyword.builtin.ClickKeyword.click(ClickKeyword.groovy:79)
	at com.kms.katalon.core.webui.keyword.builtin.ClickKeyword.execute(ClickKeyword.groovy:42)
	at com.kms.katalon.core.keyword.internal.KeywordExecutor.executeKeywordForPlatform(KeywordExecutor.groovy:60)
	at com.kms.katalon.core.webui.keyword.WebUiBuiltInKeywords.click(WebUiBuiltInKeywords.groovy:616)
	at com.kms.katalon.core.webui.keyword.WebUiBuiltInKeywords$click$4.call(Unknown Source)
	at Received_Negative_Review.run(Received_Negative_Review:55)
	at com.kms.katalon.core.main.ScriptEngine.run(ScriptEngine.java:194)
	at com.kms.katalon.core.main.ScriptEngine.runScriptAsRawText(ScriptEngine.java:119)
	at com.kms.katalon.core.main.TestCaseExecutor.runScript(TestCaseExecutor.java:337)
	at com.kms.katalon.core.main.TestCaseExecutor.doExecute(TestCaseExecutor.java:328)
	at com.kms.katalon.core.main.TestCaseExecutor.processExecutionPhase(TestCaseExecutor.java:307)
	at com.kms.katalon.core.main.TestCaseExecutor.accessMainPhase(TestCaseExecutor.java:299)
	at com.kms.katalon.core.main.TestCaseExecutor.execute(TestCaseExecutor.java:233)
	at com.kms.katalon.core.main.TestCaseMain.runTestCase(TestCaseMain.java:114)
	at com.kms.katalon.core.keyword.builtin.CallTestCaseKeyword$_callTestCase_closure1.doCall(CallTestCaseKeyword.groovy:59)
	... 20 more
Caused by: com.kms.katalon.core.exception.StepFailedException: Unable to click on object 'Object Repository/Page_Members Area/div_Received a Negative Review'
	... 37 more
Caused by: com.kms.katalon.core.webui.exception.WebElementNotFoundException: Web element with id: 'Object Repository/Page_Members Area/div_Received a Negative Review' located by 'By.xpath: //div[(text() = 'Received a Negative Review' or . = 'Received a Negative Review')]' not found
	at com.kms.katalon.core.webui.common.WebUiCommonHelper.findWebElement(WebUiCommonHelper.java:1113)
	at com.kms.katalon.core.webui.keyword.internal.WebUIAbstractKeyword.findWebElement(WebUIAbstractKeyword.groovy:27)
	at com.kms.katalon.core.webui.keyword.internal.WebUIAbstractKeyword.findWebElement(WebUIAbstractKeyword.groovy:26)
	at com.kms.katalon.core.webui.keyword.builtin.ClickKeyword$_click_closure1.doCall(ClickKeyword.groovy:52)
	at com.kms.katalon.core.webui.keyword.builtin.ClickKeyword$_click_closure1.call(ClickKeyword.groovy)
	at com.kms.katalon.core.webui.keyword.internal.WebUIKeywordMain.runKeyword(WebUIKeywordMain.groovy:20)
	... 35 more
)
	at com.kms.katalon.core.keyword.internal.KeywordMain.stepFailed(KeywordMain.groovy:39)
	at com.kms.katalon.core.keyword.internal.KeywordMain.stepFailed(KeywordMain.groovy)
	at com.kms.katalon.core.keyword.internal.KeywordMain.runKeyword(KeywordMain.groovy:70)
	at com.kms.katalon.core.keyword.builtin.CallTestCaseKeyword.callTestCase(CallTestCaseKeyword.groovy:81)
	at com.kms.katalon.core.keyword.builtin.CallTestCaseKeyword.execute(CallTestCaseKeyword.groovy:44)
	at com.kms.katalon.core.keyword.internal.KeywordExecutor.executeKeywordForPlatform(KeywordExecutor.groovy:60)
	at com.kms.katalon.core.keyword.BuiltinKeywords.callTestCase(BuiltinKeywords.groovy:334)
	at Received_Negative_Review.run(Received_Negative_Review:76)
	at com.kms.katalon.core.main.ScriptEngine.run(ScriptEngine.java:194)
	at com.kms.katalon.core.main.ScriptEngine.runScriptAsRawText(ScriptEngine.java:119)
	at com.kms.katalon.core.main.TestCaseExecutor.runScript(TestCaseExecutor.java:337)
	at com.kms.katalon.core.main.TestCaseExecutor.doExecute(TestCaseExecutor.java:328)
	at com.kms.katalon.core.main.TestCaseExecutor.processExecutionPhase(TestCaseExecutor.java:307)
	at com.kms.katalon.core.main.TestCaseExecutor.accessMainPhase(TestCaseExecutor.java:299)
	at com.kms.katalon.core.main.TestCaseExecutor.execute(TestCaseExecutor.java:233)
	at com.kms.katalon.core.main.TestSuiteExecutor.accessTestCaseMainPhase(TestSuiteExecutor.java:169)
	at com.kms.katalon.core.main.TestSuiteExecutor.accessTestSuiteMainPhase(TestSuiteExecutor.java:142)
	at com.kms.katalon.core.main.TestSuiteExecutor.execute(TestSuiteExecutor.java:91)
	at com.kms.katalon.core.main.TestCaseMain.startTestSuite(TestCaseMain.java:157)
	at com.kms.katalon.core.main.TestCaseMain$startTestSuite$0.call(Unknown Source)
	at TempTestSuite1572536122144.run(TempTestSuite1572536122144.groovy:36)
Caused by: com.kms.katalon.core.exception.StepFailedException: Call Test Case 'Test Cases/Reusable_Test_Sequences/Members_Area/Area_Menu/Your_Customers/Received_Negative_Review' failed
	at com.kms.katalon.core.keyword.builtin.CallTestCaseKeyword$_callTestCase_closure1.doCall(CallTestCaseKeyword.groovy:63)
	at com.kms.katalon.core.keyword.builtin.CallTestCaseKeyword$_callTestCase_closure1.call(CallTestCaseKeyword.groovy)
	at com.kms.katalon.core.keyword.internal.KeywordMain.runKeyword(KeywordMain.groovy:68)
	... 18 more
Caused by: com.kms.katalon.core.exception.StepFailedException: Unable to click on object 'Object Repository/Page_Members Area/div_Received a Negative Review' (Root cause: com.kms.katalon.core.exception.StepFailedException: Unable to click on object 'Object Repository/Page_Members Area/div_Received a Negative Review'
	at com.kms.katalon.core.webui.keyword.internal.WebUIKeywordMain.stepFailed(WebUIKeywordMain.groovy:64)
	at com.kms.katalon.core.webui.keyword.internal.WebUIKeywordMain.runKeyword(WebUIKeywordMain.groovy:26)
	at com.kms.katalon.core.webui.keyword.builtin.ClickKeyword.click(ClickKeyword.groovy:79)
	at com.kms.katalon.core.webui.keyword.builtin.ClickKeyword.execute(ClickKeyword.groovy:42)
	at com.kms.katalon.core.keyword.internal.KeywordExecutor.executeKeywordForPlatform(KeywordExecutor.groovy:60)
	at com.kms.katalon.core.webui.keyword.WebUiBuiltInKeywords.click(WebUiBuiltInKeywords.groovy:616)
	at com.kms.katalon.core.webui.keyword.WebUiBuiltInKeywords$click$4.call(Unknown Source)
	at Received_Negative_Review.run(Received_Negative_Review:55)
	at com.kms.katalon.core.main.ScriptEngine.run(ScriptEngine.java:194)
	at com.kms.katalon.core.main.ScriptEngine.runScriptAsRawText(ScriptEngine.java:119)
	at com.kms.katalon.core.main.TestCaseExecutor.runScript(TestCaseExecutor.java:337)
	at com.kms.katalon.core.main.TestCaseExecutor.doExecute(TestCaseExecutor.java:328)
	at com.kms.katalon.core.main.TestCaseExecutor.processExecutionPhase(TestCaseExecutor.java:307)
	at com.kms.katalon.core.main.TestCaseExecutor.accessMainPhase(TestCaseExecutor.java:299)
	at com.kms.katalon.core.main.TestCaseExecutor.execute(TestCaseExecutor.java:233)
	at com.kms.katalon.core.main.TestCaseMain.runTestCase(TestCaseMain.java:114)
	at com.kms.katalon.core.keyword.builtin.CallTestCaseKeyword$_callTestCase_closure1.doCall(CallTestCaseKeyword.groovy:59)
	at com.kms.katalon.core.keyword.builtin.CallTestCaseKeyword$_callTestCase_closure1.call(CallTestCaseKeyword.groovy)
	at com.kms.katalon.core.keyword.internal.KeywordMain.runKeyword(KeywordMain.groovy:68)
	at com.kms.katalon.core.keyword.builtin.CallTestCaseKeyword.callTestCase(CallTestCaseKeyword.groovy:81)
	at com.kms.katalon.core.keyword.builtin.CallTestCaseKeyword.execute(CallTestCaseKeyword.groovy:44)
	at com.kms.katalon.core.keyword.internal.KeywordExecutor.executeKeywordForPlatform(KeywordExecutor.groovy:60)
	at com.kms.katalon.core.keyword.BuiltinKeywords.callTestCase(BuiltinKeywords.groovy:334)
	at Received_Negative_Review.run(Received_Negative_Review:76)
	at com.kms.katalon.core.main.ScriptEngine.run(ScriptEngine.java:194)
	at com.kms.katalon.core.main.ScriptEngine.runScriptAsRawText(ScriptEngine.java:119)
	at com.kms.katalon.core.main.TestCaseExecutor.runScript(TestCaseExecutor.java:337)
	at com.kms.katalon.core.main.TestCaseExecutor.doExecute(TestCaseExecutor.java:328)
	at com.kms.katalon.core.main.TestCaseExecutor.processExecutionPhase(TestCaseExecutor.java:307)
	at com.kms.katalon.core.main.TestCaseExecutor.accessMainPhase(TestCaseExecutor.java:299)
	at com.kms.katalon.core.main.TestCaseExecutor.execute(TestCaseExecutor.java:233)
	at com.kms.katalon.core.main.TestSuiteExecutor.accessTestCaseMainPhase(TestSuiteExecutor.java:169)
	at com.kms.katalon.core.main.TestSuiteExecutor.accessTestSuiteMainPhase(TestSuiteExecutor.java:142)
	at com.kms.katalon.core.main.TestSuiteExecutor.execute(TestSuiteExecutor.java:91)
	at com.kms.katalon.core.main.TestCaseMain.startTestSuite(TestCaseMain.java:157)
	at com.kms.katalon.core.main.TestCaseMain$startTestSuite$0.call(Unknown Source)
	at TempTestSuite1572536122144.run(TempTestSuite1572536122144.groovy:36)
Caused by: com.kms.katalon.core.webui.exception.WebElementNotFoundException: Web element with id: 'Object Repository/Page_Members Area/div_Received a Negative Review' located by 'By.xpath: //div[(text() = 'Received a Negative Review' or . = 'Received a Negative Review')]' not found
	at com.kms.katalon.core.webui.common.WebUiCommonHelper.findWebElement(WebUiCommonHelper.java:1113)
	at com.kms.katalon.core.webui.keyword.internal.WebUIAbstractKeyword.findWebElement(WebUIAbstractKeyword.groovy:27)
	at com.kms.katalon.core.webui.keyword.internal.WebUIAbstractKeyword.findWebElement(WebUIAbstractKeyword.groovy:26)
	at com.kms.katalon.core.webui.keyword.builtin.ClickKeyword$_click_closure1.doCall(ClickKeyword.groovy:52)
	at com.kms.katalon.core.webui.keyword.builtin.ClickKeyword$_click_closure1.call(ClickKeyword.groovy)
	at com.kms.katalon.core.webui.keyword.internal.WebUIKeywordMain.runKeyword(WebUIKeywordMain.groovy:20)
	at com.kms.katalon.core.webui.keyword.builtin.ClickKeyword.click(ClickKeyword.groovy:79)
	at com.kms.katalon.core.webui.keyword.builtin.ClickKeyword.execute(ClickKeyword.groovy:42)
	at com.kms.katalon.core.keyword.internal.KeywordExecutor.executeKeywordForPlatform(KeywordExecutor.groovy:60)
	at com.kms.katalon.core.webui.keyword.WebUiBuiltInKeywords.click(WebUiBuiltInKeywords.groovy:616)
	at com.kms.katalon.core.webui.keyword.WebUiBuiltInKeywords$click$4.call(Unknown Source)
	at Script1568125729640.run(Script1568125729640.groovy:55)
	at com.kms.katalon.core.main.ScriptEngine.run(ScriptEngine.java:194)
	at com.kms.katalon.core.main.ScriptEngine.runScriptAsRawText(ScriptEngine.java:119)
	at com.kms.katalon.core.main.TestCaseExecutor.runScript(TestCaseExecutor.java:337)
	at com.kms.katalon.core.main.TestCaseExecutor.doExecute(TestCaseExecutor.java:328)
	at com.kms.katalon.core.main.TestCaseExecutor.processExecutionPhase(TestCaseExecutor.java:307)
	at com.kms.katalon.core.main.TestCaseExecutor.accessMainPhase(TestCaseExecutor.java:299)
	at com.kms.katalon.core.main.TestCaseExecutor.execute(TestCaseExecutor.java:233)
	at com.kms.katalon.core.main.TestCaseMain.runTestCase(TestCaseMain.java:114)
	at com.kms.katalon.core.keyword.builtin.CallTestCaseKeyword$_callTestCase_closure1.doCall(CallTestCaseKeyword.groovy:59)
	at com.kms.katalon.core.keyword.builtin.CallTestCaseKeyword$_callTestCase_closure1.call(CallTestCaseKeyword.groovy)
	at com.kms.katalon.core.keyword.internal.KeywordMain.runKeyword(KeywordMain.groovy:68)
	at com.kms.katalon.core.keyword.builtin.CallTestCaseKeyword.callTestCase(CallTestCaseKeyword.groovy:81)
	at com.kms.katalon.core.keyword.builtin.CallTestCaseKeyword.execute(CallTestCaseKeyword.groovy:44)
	at com.kms.katalon.core.keyword.internal.KeywordExecutor.executeKeywordForPlatform(KeywordExecutor.groovy:60)
	at com.kms.katalon.core.keyword.BuiltinKeywords.callTestCase(BuiltinKeywords.groovy:334)
	at Script1569934034932.run(Script1569934034932.groovy:76)
	... 13 more
)
	at com.kms.katalon.core.keyword.internal.KeywordMain.stepFailed(KeywordMain.groovy:39)
	at com.kms.katalon.core.webui.keyword.internal.WebUIKeywordMain.stepFailed(WebUIKeywordMain.groovy:64)
	at com.kms.katalon.core.webui.keyword.internal.WebUIKeywordMain.runKeyword(WebUIKeywordMain.groovy:26)
	at com.kms.katalon.core.webui.keyword.builtin.ClickKeyword.click(ClickKeyword.groovy:79)
	at com.kms.katalon.core.webui.keyword.builtin.ClickKeyword.execute(ClickKeyword.groovy:42)
	at com.kms.katalon.core.keyword.internal.KeywordExecutor.executeKeywordForPlatform(KeywordExecutor.groovy:60)
	at com.kms.katalon.core.webui.keyword.WebUiBuiltInKeywords.click(WebUiBuiltInKeywords.groovy:616)
	at com.kms.katalon.core.webui.keyword.WebUiBuiltInKeywords$click$4.call(Unknown Source)
	at Received_Negative_Review.run(Received_Negative_Review:55)
	at com.kms.katalon.core.main.ScriptEngine.run(ScriptEngine.java:194)
	at com.kms.katalon.core.main.ScriptEngine.runScriptAsRawText(ScriptEngine.java:119)
	at com.kms.katalon.core.main.TestCaseExecutor.runScript(TestCaseExecutor.java:337)
	at com.kms.katalon.core.main.TestCaseExecutor.doExecute(TestCaseExecutor.java:328)
	at com.kms.katalon.core.main.TestCaseExecutor.processExecutionPhase(TestCaseExecutor.java:307)
	at com.kms.katalon.core.main.TestCaseExecutor.accessMainPhase(TestCaseExecutor.java:299)
	at com.kms.katalon.core.main.TestCaseExecutor.execute(TestCaseExecutor.java:233)
	at com.kms.katalon.core.main.TestCaseMain.runTestCase(TestCaseMain.java:114)
	at com.kms.katalon.core.keyword.builtin.CallTestCaseKeyword$_callTestCase_closure1.doCall(CallTestCaseKeyword.groovy:59)
	... 20 more
Caused by: com.kms.katalon.core.exception.StepFailedException: Unable to click on object 'Object Repository/Page_Members Area/div_Received a Negative Review'
	... 37 more
Caused by: com.kms.katalon.core.webui.exception.WebElementNotFoundException: Web element with id: 'Object Repository/Page_Members Area/div_Received a Negative Review' located by 'By.xpath: //div[(text() = 'Received a Negative Review' or . = 'Received a Negative Review')]' not found
	at com.kms.katalon.core.webui.common.WebUiCommonHelper.findWebElement(WebUiCommonHelper.java:1113)
	at com.kms.katalon.core.webui.keyword.internal.WebUIAbstractKeyword.findWebElement(WebUIAbstractKeyword.groovy:27)
	at com.kms.katalon.core.webui.keyword.internal.WebUIAbstractKeyword.findWebElement(WebUIAbstractKeyword.groovy:26)
	at com.kms.katalon.core.webui.keyword.builtin.ClickKeyword$_click_closure1.doCall(ClickKeyword.groovy:52)
	at com.kms.katalon.core.webui.keyword.builtin.ClickKeyword$_click_closure1.call(ClickKeyword.groovy)
	at com.kms.katalon.core.webui.keyword.internal.WebUIKeywordMain.runKeyword(WebUIKeywordMain.groovy:20)
	... 35 more]]></system-out>
      <system-err><![CDATA[2019-10-31 15:37:40 - [TEST_SUITE][FAILED] - Members_Received_Negative_Feedback: Test Cases/Members_Area/Received_Negative_Review FAILED.
Reason:
com.kms.katalon.core.exception.StepFailedException: Unable to call Test Case 'Test Cases/Reusable_Test_Sequences/Members_Area/Area_Menu/Your_Customers/Received_Negative_Review' (Root cause: com.kms.katalon.core.exception.StepFailedException: Call Test Case 'Test Cases/Reusable_Test_Sequences/Members_Area/Area_Menu/Your_Customers/Received_Negative_Review' failed
	at com.kms.katalon.core.keyword.builtin.CallTestCaseKeyword$_callTestCase_closure1.doCall(CallTestCaseKeyword.groovy:63)
	at com.kms.katalon.core.keyword.builtin.CallTestCaseKeyword$_callTestCase_closure1.call(CallTestCaseKeyword.groovy)
	at com.kms.katalon.core.keyword.internal.KeywordMain.runKeyword(KeywordMain.groovy:68)
	at com.kms.katalon.core.keyword.builtin.CallTestCaseKeyword.callTestCase(CallTestCaseKeyword.groovy:81)
	at com.kms.katalon.core.keyword.builtin.CallTestCaseKeyword.execute(CallTestCaseKeyword.groovy:44)
	at com.kms.katalon.core.keyword.internal.KeywordExecutor.executeKeywordForPlatform(KeywordExecutor.groovy:60)
	at com.kms.katalon.core.keyword.BuiltinKeywords.callTestCase(BuiltinKeywords.groovy:334)
	at Received_Negative_Review.run(Received_Negative_Review:76)
	at com.kms.katalon.core.main.ScriptEngine.run(ScriptEngine.java:194)
	at com.kms.katalon.core.main.ScriptEngine.runScriptAsRawText(ScriptEngine.java:119)
	at com.kms.katalon.core.main.TestCaseExecutor.runScript(TestCaseExecutor.java:337)
	at com.kms.katalon.core.main.TestCaseExecutor.doExecute(TestCaseExecutor.java:328)
	at com.kms.katalon.core.main.TestCaseExecutor.processExecutionPhase(TestCaseExecutor.java:307)
	at com.kms.katalon.core.main.TestCaseExecutor.accessMainPhase(TestCaseExecutor.java:299)
	at com.kms.katalon.core.main.TestCaseExecutor.execute(TestCaseExecutor.java:233)
	at com.kms.katalon.core.main.TestSuiteExecutor.accessTestCaseMainPhase(TestSuiteExecutor.java:169)
	at com.kms.katalon.core.main.TestSuiteExecutor.accessTestSuiteMainPhase(TestSuiteExecutor.java:142)
	at com.kms.katalon.core.main.TestSuiteExecutor.execute(TestSuiteExecutor.java:91)
	at com.kms.katalon.core.main.TestCaseMain.startTestSuite(TestCaseMain.java:157)
	at com.kms.katalon.core.main.TestCaseMain$startTestSuite$0.call(Unknown Source)
	at TempTestSuite1572536122144.run(TempTestSuite1572536122144.groovy:36)
Caused by: com.kms.katalon.core.exception.StepFailedException: Unable to click on object 'Object Repository/Page_Members Area/div_Received a Negative Review' (Root cause: com.kms.katalon.core.exception.StepFailedException: Unable to click on object 'Object Repository/Page_Members Area/div_Received a Negative Review'
	at com.kms.katalon.core.webui.keyword.internal.WebUIKeywordMain.stepFailed(WebUIKeywordMain.groovy:64)
	at com.kms.katalon.core.webui.keyword.internal.WebUIKeywordMain.runKeyword(WebUIKeywordMain.groovy:26)
	at com.kms.katalon.core.webui.keyword.builtin.ClickKeyword.click(ClickKeyword.groovy:79)
	at com.kms.katalon.core.webui.keyword.builtin.ClickKeyword.execute(ClickKeyword.groovy:42)
	at com.kms.katalon.core.keyword.internal.KeywordExecutor.executeKeywordForPlatform(KeywordExecutor.groovy:60)
	at com.kms.katalon.core.webui.keyword.WebUiBuiltInKeywords.click(WebUiBuiltInKeywords.groovy:616)
	at com.kms.katalon.core.webui.keyword.WebUiBuiltInKeywords$click$4.call(Unknown Source)
	at Received_Negative_Review.run(Received_Negative_Review:55)
	at com.kms.katalon.core.main.ScriptEngine.run(ScriptEngine.java:194)
	at com.kms.katalon.core.main.ScriptEngine.runScriptAsRawText(ScriptEngine.java:119)
	at com.kms.katalon.core.main.TestCaseExecutor.runScript(TestCaseExecutor.java:337)
	at com.kms.katalon.core.main.TestCaseExecutor.doExecute(TestCaseExecutor.java:328)
	at com.kms.katalon.core.main.TestCaseExecutor.processExecutionPhase(TestCaseExecutor.java:307)
	at com.kms.katalon.core.main.TestCaseExecutor.accessMainPhase(TestCaseExecutor.java:299)
	at com.kms.katalon.core.main.TestCaseExecutor.execute(TestCaseExecutor.java:233)
	at com.kms.katalon.core.main.TestCaseMain.runTestCase(TestCaseMain.java:114)
	at com.kms.katalon.core.keyword.builtin.CallTestCaseKeyword$_callTestCase_closure1.doCall(CallTestCaseKeyword.groovy:59)
	at com.kms.katalon.core.keyword.builtin.CallTestCaseKeyword$_callTestCase_closure1.call(CallTestCaseKeyword.groovy)
	at com.kms.katalon.core.keyword.internal.KeywordMain.runKeyword(KeywordMain.groovy:68)
	at com.kms.katalon.core.keyword.builtin.CallTestCaseKeyword.callTestCase(CallTestCaseKeyword.groovy:81)
	at com.kms.katalon.core.keyword.builtin.CallTestCaseKeyword.execute(CallTestCaseKeyword.groovy:44)
	at com.kms.katalon.core.keyword.internal.KeywordExecutor.executeKeywordForPlatform(KeywordExecutor.groovy:60)
	at com.kms.katalon.core.keyword.BuiltinKeywords.callTestCase(BuiltinKeywords.groovy:334)
	at Received_Negative_Review.run(Received_Negative_Review:76)
	at com.kms.katalon.core.main.ScriptEngine.run(ScriptEngine.java:194)
	at com.kms.katalon.core.main.ScriptEngine.runScriptAsRawText(ScriptEngine.java:119)
	at com.kms.katalon.core.main.TestCaseExecutor.runScript(TestCaseExecutor.java:337)
	at com.kms.katalon.core.main.TestCaseExecutor.doExecute(TestCaseExecutor.java:328)
	at com.kms.katalon.core.main.TestCaseExecutor.processExecutionPhase(TestCaseExecutor.java:307)
	at com.kms.katalon.core.main.TestCaseExecutor.accessMainPhase(TestCaseExecutor.java:299)
	at com.kms.katalon.core.main.TestCaseExecutor.execute(TestCaseExecutor.java:233)
	at com.kms.katalon.core.main.TestSuiteExecutor.accessTestCaseMainPhase(TestSuiteExecutor.java:169)
	at com.kms.katalon.core.main.TestSuiteExecutor.accessTestSuiteMainPhase(TestSuiteExecutor.java:142)
	at com.kms.katalon.core.main.TestSuiteExecutor.execute(TestSuiteExecutor.java:91)
	at com.kms.katalon.core.main.TestCaseMain.startTestSuite(TestCaseMain.java:157)
	at com.kms.katalon.core.main.TestCaseMain$startTestSuite$0.call(Unknown Source)
	at TempTestSuite1572536122144.run(TempTestSuite1572536122144.groovy:36)
Caused by: com.kms.katalon.core.webui.exception.WebElementNotFoundException: Web element with id: 'Object Repository/Page_Members Area/div_Received a Negative Review' located by 'By.xpath: //div[(text() = 'Received a Negative Review' or . = 'Received a Negative Review')]' not found
	at com.kms.katalon.core.webui.common.WebUiCommonHelper.findWebElement(WebUiCommonHelper.java:1113)
	at com.kms.katalon.core.webui.keyword.internal.WebUIAbstractKeyword.findWebElement(WebUIAbstractKeyword.groovy:27)
	at com.kms.katalon.core.webui.keyword.internal.WebUIAbstractKeyword.findWebElement(WebUIAbstractKeyword.groovy:26)
	at com.kms.katalon.core.webui.keyword.builtin.ClickKeyword$_click_closure1.doCall(ClickKeyword.groovy:52)
	at com.kms.katalon.core.webui.keyword.builtin.ClickKeyword$_click_closure1.call(ClickKeyword.groovy)
	at com.kms.katalon.core.webui.keyword.internal.WebUIKeywordMain.runKeyword(WebUIKeywordMain.groovy:20)
	at com.kms.katalon.core.webui.keyword.builtin.ClickKeyword.click(ClickKeyword.groovy:79)
	at com.kms.katalon.core.webui.keyword.builtin.ClickKeyword.execute(ClickKeyword.groovy:42)
	at com.kms.katalon.core.keyword.internal.KeywordExecutor.executeKeywordForPlatform(KeywordExecutor.groovy:60)
	at com.kms.katalon.core.webui.keyword.WebUiBuiltInKeywords.click(WebUiBuiltInKeywords.groovy:616)
	at com.kms.katalon.core.webui.keyword.WebUiBuiltInKeywords$click$4.call(Unknown Source)
	at Script1568125729640.run(Script1568125729640.groovy:55)
	at com.kms.katalon.core.main.ScriptEngine.run(ScriptEngine.java:194)
	at com.kms.katalon.core.main.ScriptEngine.runScriptAsRawText(ScriptEngine.java:119)
	at com.kms.katalon.core.main.TestCaseExecutor.runScript(TestCaseExecutor.java:337)
	at com.kms.katalon.core.main.TestCaseExecutor.doExecute(TestCaseExecutor.java:328)
	at com.kms.katalon.core.main.TestCaseExecutor.processExecutionPhase(TestCaseExecutor.java:307)
	at com.kms.katalon.core.main.TestCaseExecutor.accessMainPhase(TestCaseExecutor.java:299)
	at com.kms.katalon.core.main.TestCaseExecutor.execute(TestCaseExecutor.java:233)
	at com.kms.katalon.core.main.TestCaseMain.runTestCase(TestCaseMain.java:114)
	at com.kms.katalon.core.keyword.builtin.CallTestCaseKeyword$_callTestCase_closure1.doCall(CallTestCaseKeyword.groovy:59)
	at com.kms.katalon.core.keyword.builtin.CallTestCaseKeyword$_callTestCase_closure1.call(CallTestCaseKeyword.groovy)
	at com.kms.katalon.core.keyword.internal.KeywordMain.runKeyword(KeywordMain.groovy:68)
	at com.kms.katalon.core.keyword.builtin.CallTestCaseKeyword.callTestCase(CallTestCaseKeyword.groovy:81)
	at com.kms.katalon.core.keyword.builtin.CallTestCaseKeyword.execute(CallTestCaseKeyword.groovy:44)
	at com.kms.katalon.core.keyword.internal.KeywordExecutor.executeKeywordForPlatform(KeywordExecutor.groovy:60)
	at com.kms.katalon.core.keyword.BuiltinKeywords.callTestCase(BuiltinKeywords.groovy:334)
	at Script1569934034932.run(Script1569934034932.groovy:76)
	... 13 more
)
	at com.kms.katalon.core.keyword.internal.KeywordMain.stepFailed(KeywordMain.groovy:39)
	at com.kms.katalon.core.webui.keyword.internal.WebUIKeywordMain.stepFailed(WebUIKeywordMain.groovy:64)
	at com.kms.katalon.core.webui.keyword.internal.WebUIKeywordMain.runKeyword(WebUIKeywordMain.groovy:26)
	at com.kms.katalon.core.webui.keyword.builtin.ClickKeyword.click(ClickKeyword.groovy:79)
	at com.kms.katalon.core.webui.keyword.builtin.ClickKeyword.execute(ClickKeyword.groovy:42)
	at com.kms.katalon.core.keyword.internal.KeywordExecutor.executeKeywordForPlatform(KeywordExecutor.groovy:60)
	at com.kms.katalon.core.webui.keyword.WebUiBuiltInKeywords.click(WebUiBuiltInKeywords.groovy:616)
	at com.kms.katalon.core.webui.keyword.WebUiBuiltInKeywords$click$4.call(Unknown Source)
	at Received_Negative_Review.run(Received_Negative_Review:55)
	at com.kms.katalon.core.main.ScriptEngine.run(ScriptEngine.java:194)
	at com.kms.katalon.core.main.ScriptEngine.runScriptAsRawText(ScriptEngine.java:119)
	at com.kms.katalon.core.main.TestCaseExecutor.runScript(TestCaseExecutor.java:337)
	at com.kms.katalon.core.main.TestCaseExecutor.doExecute(TestCaseExecutor.java:328)
	at com.kms.katalon.core.main.TestCaseExecutor.processExecutionPhase(TestCaseExecutor.java:307)
	at com.kms.katalon.core.main.TestCaseExecutor.accessMainPhase(TestCaseExecutor.java:299)
	at com.kms.katalon.core.main.TestCaseExecutor.execute(TestCaseExecutor.java:233)
	at com.kms.katalon.core.main.TestCaseMain.runTestCase(TestCaseMain.java:114)
	at com.kms.katalon.core.keyword.builtin.CallTestCaseKeyword$_callTestCase_closure1.doCall(CallTestCaseKeyword.groovy:59)
	... 20 more
Caused by: com.kms.katalon.core.exception.StepFailedException: Unable to click on object 'Object Repository/Page_Members Area/div_Received a Negative Review'
	... 37 more
Caused by: com.kms.katalon.core.webui.exception.WebElementNotFoundException: Web element with id: 'Object Repository/Page_Members Area/div_Received a Negative Review' located by 'By.xpath: //div[(text() = 'Received a Negative Review' or . = 'Received a Negative Review')]' not found
	at com.kms.katalon.core.webui.common.WebUiCommonHelper.findWebElement(WebUiCommonHelper.java:1113)
	at com.kms.katalon.core.webui.keyword.internal.WebUIAbstractKeyword.findWebElement(WebUIAbstractKeyword.groovy:27)
	at com.kms.katalon.core.webui.keyword.internal.WebUIAbstractKeyword.findWebElement(WebUIAbstractKeyword.groovy:26)
	at com.kms.katalon.core.webui.keyword.builtin.ClickKeyword$_click_closure1.doCall(ClickKeyword.groovy:52)
	at com.kms.katalon.core.webui.keyword.builtin.ClickKeyword$_click_closure1.call(ClickKeyword.groovy)
	at com.kms.katalon.core.webui.keyword.internal.WebUIKeywordMain.runKeyword(WebUIKeywordMain.groovy:20)
	... 35 more
)
	at com.kms.katalon.core.keyword.internal.KeywordMain.stepFailed(KeywordMain.groovy:39)
	at com.kms.katalon.core.keyword.internal.KeywordMain.stepFailed(KeywordMain.groovy)
	at com.kms.katalon.core.keyword.internal.KeywordMain.runKeyword(KeywordMain.groovy:70)
	at com.kms.katalon.core.keyword.builtin.CallTestCaseKeyword.callTestCase(CallTestCaseKeyword.groovy:81)
	at com.kms.katalon.core.keyword.builtin.CallTestCaseKeyword.execute(CallTestCaseKeyword.groovy:44)
	at com.kms.katalon.core.keyword.internal.KeywordExecutor.executeKeywordForPlatform(KeywordExecutor.groovy:60)
	at com.kms.katalon.core.keyword.BuiltinKeywords.callTestCase(BuiltinKeywords.groovy:334)
	at Received_Negative_Review.run(Received_Negative_Review:76)
	at com.kms.katalon.core.main.ScriptEngine.run(ScriptEngine.java:194)
	at com.kms.katalon.core.main.ScriptEngine.runScriptAsRawText(ScriptEngine.java:119)
	at com.kms.katalon.core.main.TestCaseExecutor.runScript(TestCaseExecutor.java:337)
	at com.kms.katalon.core.main.TestCaseExecutor.doExecute(TestCaseExecutor.java:328)
	at com.kms.katalon.core.main.TestCaseExecutor.processExecutionPhase(TestCaseExecutor.java:307)
	at com.kms.katalon.core.main.TestCaseExecutor.accessMainPhase(TestCaseExecutor.java:299)
	at com.kms.katalon.core.main.TestCaseExecutor.execute(TestCaseExecutor.java:233)
	at com.kms.katalon.core.main.TestSuiteExecutor.accessTestCaseMainPhase(TestSuiteExecutor.java:169)
	at com.kms.katalon.core.main.TestSuiteExecutor.accessTestSuiteMainPhase(TestSuiteExecutor.java:142)
	at com.kms.katalon.core.main.TestSuiteExecutor.execute(TestSuiteExecutor.java:91)
	at com.kms.katalon.core.main.TestCaseMain.startTestSuite(TestCaseMain.java:157)
	at com.kms.katalon.core.main.TestCaseMain$startTestSuite$0.call(Unknown Source)
	at TempTestSuite1572536122144.run(TempTestSuite1572536122144.groovy:36)
Caused by: com.kms.katalon.core.exception.StepFailedException: Call Test Case 'Test Cases/Reusable_Test_Sequences/Members_Area/Area_Menu/Your_Customers/Received_Negative_Review' failed
	at com.kms.katalon.core.keyword.builtin.CallTestCaseKeyword$_callTestCase_closure1.doCall(CallTestCaseKeyword.groovy:63)
	at com.kms.katalon.core.keyword.builtin.CallTestCaseKeyword$_callTestCase_closure1.call(CallTestCaseKeyword.groovy)
	at com.kms.katalon.core.keyword.internal.KeywordMain.runKeyword(KeywordMain.groovy:68)
	... 18 more
Caused by: com.kms.katalon.core.exception.StepFailedException: Unable to click on object 'Object Repository/Page_Members Area/div_Received a Negative Review' (Root cause: com.kms.katalon.core.exception.StepFailedException: Unable to click on object 'Object Repository/Page_Members Area/div_Received a Negative Review'
	at com.kms.katalon.core.webui.keyword.internal.WebUIKeywordMain.stepFailed(WebUIKeywordMain.groovy:64)
	at com.kms.katalon.core.webui.keyword.internal.WebUIKeywordMain.runKeyword(WebUIKeywordMain.groovy:26)
	at com.kms.katalon.core.webui.keyword.builtin.ClickKeyword.click(ClickKeyword.groovy:79)
	at com.kms.katalon.core.webui.keyword.builtin.ClickKeyword.execute(ClickKeyword.groovy:42)
	at com.kms.katalon.core.keyword.internal.KeywordExecutor.executeKeywordForPlatform(KeywordExecutor.groovy:60)
	at com.kms.katalon.core.webui.keyword.WebUiBuiltInKeywords.click(WebUiBuiltInKeywords.groovy:616)
	at com.kms.katalon.core.webui.keyword.WebUiBuiltInKeywords$click$4.call(Unknown Source)
	at Received_Negative_Review.run(Received_Negative_Review:55)
	at com.kms.katalon.core.main.ScriptEngine.run(ScriptEngine.java:194)
	at com.kms.katalon.core.main.ScriptEngine.runScriptAsRawText(ScriptEngine.java:119)
	at com.kms.katalon.core.main.TestCaseExecutor.runScript(TestCaseExecutor.java:337)
	at com.kms.katalon.core.main.TestCaseExecutor.doExecute(TestCaseExecutor.java:328)
	at com.kms.katalon.core.main.TestCaseExecutor.processExecutionPhase(TestCaseExecutor.java:307)
	at com.kms.katalon.core.main.TestCaseExecutor.accessMainPhase(TestCaseExecutor.java:299)
	at com.kms.katalon.core.main.TestCaseExecutor.execute(TestCaseExecutor.java:233)
	at com.kms.katalon.core.main.TestCaseMain.runTestCase(TestCaseMain.java:114)
	at com.kms.katalon.core.keyword.builtin.CallTestCaseKeyword$_callTestCase_closure1.doCall(CallTestCaseKeyword.groovy:59)
	at com.kms.katalon.core.keyword.builtin.CallTestCaseKeyword$_callTestCase_closure1.call(CallTestCaseKeyword.groovy)
	at com.kms.katalon.core.keyword.internal.KeywordMain.runKeyword(KeywordMain.groovy:68)
	at com.kms.katalon.core.keyword.builtin.CallTestCaseKeyword.callTestCase(CallTestCaseKeyword.groovy:81)
	at com.kms.katalon.core.keyword.builtin.CallTestCaseKeyword.execute(CallTestCaseKeyword.groovy:44)
	at com.kms.katalon.core.keyword.internal.KeywordExecutor.executeKeywordForPlatform(KeywordExecutor.groovy:60)
	at com.kms.katalon.core.keyword.BuiltinKeywords.callTestCase(BuiltinKeywords.groovy:334)
	at Received_Negative_Review.run(Received_Negative_Review:76)
	at com.kms.katalon.core.main.ScriptEngine.run(ScriptEngine.java:194)
	at com.kms.katalon.core.main.ScriptEngine.runScriptAsRawText(ScriptEngine.java:119)
	at com.kms.katalon.core.main.TestCaseExecutor.runScript(TestCaseExecutor.java:337)
	at com.kms.katalon.core.main.TestCaseExecutor.doExecute(TestCaseExecutor.java:328)
	at com.kms.katalon.core.main.TestCaseExecutor.processExecutionPhase(TestCaseExecutor.java:307)
	at com.kms.katalon.core.main.TestCaseExecutor.accessMainPhase(TestCaseExecutor.java:299)
	at com.kms.katalon.core.main.TestCaseExecutor.execute(TestCaseExecutor.java:233)
	at com.kms.katalon.core.main.TestSuiteExecutor.accessTestCaseMainPhase(TestSuiteExecutor.java:169)
	at com.kms.katalon.core.main.TestSuiteExecutor.accessTestSuiteMainPhase(TestSuiteExecutor.java:142)
	at com.kms.katalon.core.main.TestSuiteExecutor.execute(TestSuiteExecutor.java:91)
	at com.kms.katalon.core.main.TestCaseMain.startTestSuite(TestCaseMain.java:157)
	at com.kms.katalon.core.main.TestCaseMain$startTestSuite$0.call(Unknown Source)
	at TempTestSuite1572536122144.run(TempTestSuite1572536122144.groovy:36)
Caused by: com.kms.katalon.core.webui.exception.WebElementNotFoundException: Web element with id: 'Object Repository/Page_Members Area/div_Received a Negative Review' located by 'By.xpath: //div[(text() = 'Received a Negative Review' or . = 'Received a Negative Review')]' not found
	at com.kms.katalon.core.webui.common.WebUiCommonHelper.findWebElement(WebUiCommonHelper.java:1113)
	at com.kms.katalon.core.webui.keyword.internal.WebUIAbstractKeyword.findWebElement(WebUIAbstractKeyword.groovy:27)
	at com.kms.katalon.core.webui.keyword.internal.WebUIAbstractKeyword.findWebElement(WebUIAbstractKeyword.groovy:26)
	at com.kms.katalon.core.webui.keyword.builtin.ClickKeyword$_click_closure1.doCall(ClickKeyword.groovy:52)
	at com.kms.katalon.core.webui.keyword.builtin.ClickKeyword$_click_closure1.call(ClickKeyword.groovy)
	at com.kms.katalon.core.webui.keyword.internal.WebUIKeywordMain.runKeyword(WebUIKeywordMain.groovy:20)
	at com.kms.katalon.core.webui.keyword.builtin.ClickKeyword.click(ClickKeyword.groovy:79)
	at com.kms.katalon.core.webui.keyword.builtin.ClickKeyword.execute(ClickKeyword.groovy:42)
	at com.kms.katalon.core.keyword.internal.KeywordExecutor.executeKeywordForPlatform(KeywordExecutor.groovy:60)
	at com.kms.katalon.core.webui.keyword.WebUiBuiltInKeywords.click(WebUiBuiltInKeywords.groovy:616)
	at com.kms.katalon.core.webui.keyword.WebUiBuiltInKeywords$click$4.call(Unknown Source)
	at Script1568125729640.run(Script1568125729640.groovy:55)
	at com.kms.katalon.core.main.ScriptEngine.run(ScriptEngine.java:194)
	at com.kms.katalon.core.main.ScriptEngine.runScriptAsRawText(ScriptEngine.java:119)
	at com.kms.katalon.core.main.TestCaseExecutor.runScript(TestCaseExecutor.java:337)
	at com.kms.katalon.core.main.TestCaseExecutor.doExecute(TestCaseExecutor.java:328)
	at com.kms.katalon.core.main.TestCaseExecutor.processExecutionPhase(TestCaseExecutor.java:307)
	at com.kms.katalon.core.main.TestCaseExecutor.accessMainPhase(TestCaseExecutor.java:299)
	at com.kms.katalon.core.main.TestCaseExecutor.execute(TestCaseExecutor.java:233)
	at com.kms.katalon.core.main.TestCaseMain.runTestCase(TestCaseMain.java:114)
	at com.kms.katalon.core.keyword.builtin.CallTestCaseKeyword$_callTestCase_closure1.doCall(CallTestCaseKeyword.groovy:59)
	at com.kms.katalon.core.keyword.builtin.CallTestCaseKeyword$_callTestCase_closure1.call(CallTestCaseKeyword.groovy)
	at com.kms.katalon.core.keyword.internal.KeywordMain.runKeyword(KeywordMain.groovy:68)
	at com.kms.katalon.core.keyword.builtin.CallTestCaseKeyword.callTestCase(CallTestCaseKeyword.groovy:81)
	at com.kms.katalon.core.keyword.builtin.CallTestCaseKeyword.execute(CallTestCaseKeyword.groovy:44)
	at com.kms.katalon.core.keyword.internal.KeywordExecutor.executeKeywordForPlatform(KeywordExecutor.groovy:60)
	at com.kms.katalon.core.keyword.BuiltinKeywords.callTestCase(BuiltinKeywords.groovy:334)
	at Script1569934034932.run(Script1569934034932.groovy:76)
	... 13 more
)
	at com.kms.katalon.core.keyword.internal.KeywordMain.stepFailed(KeywordMain.groovy:39)
	at com.kms.katalon.core.webui.keyword.internal.WebUIKeywordMain.stepFailed(WebUIKeywordMain.groovy:64)
	at com.kms.katalon.core.webui.keyword.internal.WebUIKeywordMain.runKeyword(WebUIKeywordMain.groovy:26)
	at com.kms.katalon.core.webui.keyword.builtin.ClickKeyword.click(ClickKeyword.groovy:79)
	at com.kms.katalon.core.webui.keyword.builtin.ClickKeyword.execute(ClickKeyword.groovy:42)
	at com.kms.katalon.core.keyword.internal.KeywordExecutor.executeKeywordForPlatform(KeywordExecutor.groovy:60)
	at com.kms.katalon.core.webui.keyword.WebUiBuiltInKeywords.click(WebUiBuiltInKeywords.groovy:616)
	at com.kms.katalon.core.webui.keyword.WebUiBuiltInKeywords$click$4.call(Unknown Source)
	at Received_Negative_Review.run(Received_Negative_Review:55)
	at com.kms.katalon.core.main.ScriptEngine.run(ScriptEngine.java:194)
	at com.kms.katalon.core.main.ScriptEngine.runScriptAsRawText(ScriptEngine.java:119)
	at com.kms.katalon.core.main.TestCaseExecutor.runScript(TestCaseExecutor.java:337)
	at com.kms.katalon.core.main.TestCaseExecutor.doExecute(TestCaseExecutor.java:328)
	at com.kms.katalon.core.main.TestCaseExecutor.processExecutionPhase(TestCaseExecutor.java:307)
	at com.kms.katalon.core.main.TestCaseExecutor.accessMainPhase(TestCaseExecutor.java:299)
	at com.kms.katalon.core.main.TestCaseExecutor.execute(TestCaseExecutor.java:233)
	at com.kms.katalon.core.main.TestCaseMain.runTestCase(TestCaseMain.java:114)
	at com.kms.katalon.core.keyword.builtin.CallTestCaseKeyword$_callTestCase_closure1.doCall(CallTestCaseKeyword.groovy:59)
	... 20 more
Caused by: com.kms.katalon.core.exception.StepFailedException: Unable to click on object 'Object Repository/Page_Members Area/div_Received a Negative Review'
	... 37 more
Caused by: com.kms.katalon.core.webui.exception.WebElementNotFoundException: Web element with id: 'Object Repository/Page_Members Area/div_Received a Negative Review' located by 'By.xpath: //div[(text() = 'Received a Negative Review' or . = 'Received a Negative Review')]' not found
	at com.kms.katalon.core.webui.common.WebUiCommonHelper.findWebElement(WebUiCommonHelper.java:1113)
	at com.kms.katalon.core.webui.keyword.internal.WebUIAbstractKeyword.findWebElement(WebUIAbstractKeyword.groovy:27)
	at com.kms.katalon.core.webui.keyword.internal.WebUIAbstractKeyword.findWebElement(WebUIAbstractKeyword.groovy:26)
	at com.kms.katalon.core.webui.keyword.builtin.ClickKeyword$_click_closure1.doCall(ClickKeyword.groovy:52)
	at com.kms.katalon.core.webui.keyword.builtin.ClickKeyword$_click_closure1.call(ClickKeyword.groovy)
	at com.kms.katalon.core.webui.keyword.internal.WebUIKeywordMain.runKeyword(WebUIKeywordMain.groovy:20)
	... 35 more]]></system-err>
   </testsuite>
   <testsuite name="Give_Feedback" tests="2" failures="0" errors="0" time="342.848" timestamp="2019-10-31 15:38:15" hostname="DavidHo - VETTEDSP36RF.check.local" id="Test Suites/Give_Feedback">
      <properties>
         <property name="deviceName" value=""/>
         <property name="devicePlatform" value=""/>
         <property name="logFolder" value="C:\\Users\\davidho\\Katalon Studio\\Start\\Reports\\20191031_153516\\Give_Feedback\\20191031_153523"/>
         <property name="logFiles" value="C:\\Users\\davidho\\Katalon Studio\\Start\\Reports\\20191031_153516\\Give_Feedback\\20191031_153523\\execution0.log"/>
         <property name="attachments" value=""/>
         <property name="hostName" value="DavidHo - VETTEDSP36RF.check.local"/>
         <property name="os" value="Windows 10 32bit"/>
         <property name="katalonVersion" value="7.0.5.1"/>
         <property name="browser" value="Firefox 69.0"/>
         <property name="hostAddress" value="10.0.11.243"/>
         <property name="sessionId" value="4337f05a-dcb1-49f0-b2cf-f12e654a02dc"/>
         <property name="seleniumVersion" value="3.141.59"/>
         <property name="proxyInformation" value="ProxyInformation{proxyOption=NO_PROXY, proxyServerType=HTTP, password=, proxyServerAddress=, proxyServerPort=0}"/>
         <property name="platform" value="Windows 10"/>
      </properties>
      <testcase name="Test Cases/Give_Feedback/Give_Feedback" time="285.414" classname="Test Cases/Give_Feedback/Give_Feedback" status="PASSED">
         <system-out><![CDATA[2019-10-31 15:38:15 - [TEST_CASE][PASSED] - Test Cases/Give_Feedback/Give_Feedback: Test Cases/Give_Feedback/Give_Feedback

2019-10-31 15:38:15 - [TEST_STEP][PASSED] - data = findTestData("Data Files/Give_Feedback (1)"): null

2019-10-31 15:38:16 - [TEST_STEP][PASSED] - YE_Recommend = <not implemented yet for class: org.codehaus.groovy.ast.expr.EmptyExpression>: null

2019-10-31 15:38:16 - [TEST_STEP][PASSED] - YE_WorkCarriedOut = <not implemented yet for class: org.codehaus.groovy.ast.expr.EmptyExpression>: null

2019-10-31 15:38:16 - [TEST_STEP][PASSED] - for ([row = 1, row <= findTestData("Give_Feedback (1)").getRowNumbers(), (internal.GlobalVariable.row++)]): Call Test Case 'Test Cases/Reusable_Test_Sequences/CAT_Teardown' successfully

2019-10-31 15:38:17 - [TEST_STEP][PASSED] - callTestCase(findTestCase("Reusable_Test_Sequences/CAT_Setup"), [:], STOP_ON_FAILURE): Call Test Case 'Test Cases/Reusable_Test_Sequences/CAT_Setup' successfully

2019-10-31 15:38:17 - [TEST_CASE][PASSED] - Test Cases/Reusable_Test_Sequences/CAT_Setup: Test Cases/Reusable_Test_Sequences/CAT_Setup

2019-10-31 15:38:17 - [TEST_STEP][PASSED] - "URL - Set from the ENVIRONMENT PROFILE ": null

2019-10-31 15:38:17 - [TEST_STEP][PASSED] - openBrowser(URL): Browser is opened with url: 'https://www.preview.checkatrade.com/'

2019-10-31 15:38:17 - [MESSAGE][INFO] - Starting 'Firefox' driver

2019-10-31 15:38:17 - [MESSAGE][INFO] - Action delay is set to 0 seconds

2019-10-31 15:38:27 - [MESSAGE][PASSED] - Browser is opened with url: 'https://www.preview.checkatrade.com/'

2019-10-31 15:38:27 - [TEST_STEP][PASSED] - maximizeWindow(): Current window maximized

2019-10-31 15:38:27 - [MESSAGE][PASSED] - Current window maximized

2019-10-31 15:38:27 - [TEST_STEP][PASSED] - waitForPageLoad(60): Wait for page load successfully

2019-10-31 15:38:27 - [MESSAGE][PASSED] - Wait for page load successfully

2019-10-31 15:38:27 - [TEST_STEP][PASSED] - waitForElementVisible(findTestObject("Page_Checkatrade Find a tradesperson you can trust/a_Search"), 25): Object 'Object Repository/Page_Checkatrade Find a tradesperson you can trust/a_Search' is visible

2019-10-31 15:38:28 - [MESSAGE][PASSED] - Object 'Object Repository/Page_Checkatrade Find a tradesperson you can trust/a_Search' is visible

2019-10-31 15:38:28 - [TEST_STEP][PASSED] - try: Text 'Checkatrade.com uses cookies to make sure you get the best browsing experience' is not present on page

2019-10-31 15:38:28 - [TEST_STEP][PASSED] - if (verifyElementPresent(findTestObject("Page_Checkatrade Find a tradesperson you can trust/div_close"), 1, OPTIONAL)): Text 'Checkatrade.com uses cookies to make sure you get the best browsing experience' is not present on page

2019-10-31 15:38:28 - [MESSAGE][PASSED] - Object 'Object Repository/Page_Checkatrade Find a tradesperson you can trust/div_close' is present

2019-10-31 15:38:28 - [TEST_STEP][PASSED] - click(findTestObject("Page_Checkatrade Find a tradesperson you can trust/div_close")): Object: 'Object Repository/Page_Checkatrade Find a tradesperson you can trust/div_close' is clicked on

2019-10-31 15:38:28 - [MESSAGE][PASSED] - Object: 'Object Repository/Page_Checkatrade Find a tradesperson you can trust/div_close' is clicked on

2019-10-31 15:38:28 - [TEST_STEP][PASSED] - "---------------------------------": null

2019-10-31 15:38:28 - [TEST_STEP][PASSED] - "COOKIE POPOUT REMOVED - Confirmed": null

2019-10-31 15:38:28 - [TEST_STEP][PASSED] - delay(1): Delayed 1 second(s)

2019-10-31 15:38:29 - [MESSAGE][PASSED] - Delayed 1 second(s)

2019-10-31 15:38:29 - [TEST_STEP][PASSED] - verifyTextNotPresent("Checkatrade.com uses cookies to make sure you get the best browsing experience", false): Text 'Checkatrade.com uses cookies to make sure you get the best browsing experience' is not present on page

2019-10-31 15:38:30 - [MESSAGE][PASSED] - Text 'Checkatrade.com uses cookies to make sure you get the best browsing experience' is not present on page

2019-10-31 15:38:30 - [TEST_STEP][PASSED] - try: Text 'We have updated our Privacy Policy, please review this' is not present on page

2019-10-31 15:38:30 - [TEST_STEP][PASSED] - if (verifyElementPresent(findTestObject("Page_Checkatrade Find a tradesperson you can trust/div_close_1"), 1, OPTIONAL)): Text 'We have updated our Privacy Policy, please review this' is not present on page

2019-10-31 15:38:30 - [MESSAGE][PASSED] - Object 'Object Repository/Page_Checkatrade Find a tradesperson you can trust/div_close_1' is present

2019-10-31 15:38:30 - [TEST_STEP][PASSED] - click(findTestObject("Page_Checkatrade Find a tradesperson you can trust/div_close_1")): Object: 'Object Repository/Page_Checkatrade Find a tradesperson you can trust/div_close_1' is clicked on

2019-10-31 15:38:30 - [MESSAGE][PASSED] - Object: 'Object Repository/Page_Checkatrade Find a tradesperson you can trust/div_close_1' is clicked on

2019-10-31 15:38:30 - [TEST_STEP][PASSED] - "---------------------------------": null

2019-10-31 15:38:30 - [TEST_STEP][PASSED] - "PRIVACY POPOUT REMOVED - Confirmed": null

2019-10-31 15:38:30 - [TEST_STEP][PASSED] - delay(1): Delayed 1 second(s)

2019-10-31 15:38:31 - [MESSAGE][PASSED] - Delayed 1 second(s)

2019-10-31 15:38:31 - [TEST_STEP][PASSED] - verifyTextNotPresent("We have updated our Privacy Policy, please review this", false): Text 'We have updated our Privacy Policy, please review this' is not present on page

2019-10-31 15:38:32 - [MESSAGE][PASSED] - Text 'We have updated our Privacy Policy, please review this' is not present on page

2019-10-31 15:38:32 - [MESSAGE][PASSED] - Call Test Case 'Test Cases/Reusable_Test_Sequences/CAT_Setup' successfully

2019-10-31 15:38:32 - [TEST_STEP][PASSED] - "-----------------------------------------------------": null

2019-10-31 15:38:32 - [TEST_STEP][PASSED] - " Hit the <Give Feedback> link in the header banner   |": null

2019-10-31 15:38:32 - [TEST_STEP][PASSED] - callTestCase(findTestCase("Reusable_Test_Sequences/Banner_Menu/Give_Feedback"), [:], CONTINUE_ON_FAILURE): Call Test Case 'Test Cases/Reusable_Test_Sequences/Banner_Menu/Give_Feedback' successfully

2019-10-31 15:38:32 - [TEST_CASE][PASSED] - Test Cases/Reusable_Test_Sequences/Banner_Menu/Give_Feedback: Test Cases/Reusable_Test_Sequences/Banner_Menu/Give_Feedback

2019-10-31 15:38:32 - [TEST_STEP][PASSED] - click(findTestObject("Object Repository/Page_Checkatrade Find a tradesperson you can trust/a_Give feedback")): Object: 'Object Repository/Page_Checkatrade Find a tradesperson you can trust/a_Give feedback' is clicked on

2019-10-31 15:38:34 - [MESSAGE][PASSED] - Object: 'Object Repository/Page_Checkatrade Find a tradesperson you can trust/a_Give feedback' is clicked on

2019-10-31 15:38:34 - [TEST_STEP][PASSED] - waitForElementVisible(findTestObject("Page_Give_Feedback_Enhanced_OBJ_Repo/Page_Checkatrade Give your feedback/input_Which member do you want to review_feedback-form__company_autocomplete_input"), 25): Object 'Object Repository/Page_Give_Feedback_Enhanced_OBJ_Repo/Page_Checkatrade Give your feedback/input_Which member do you want to review_feedback-form__company_autocomplete_input' is visible

2019-10-31 15:38:34 - [MESSAGE][PASSED] - Object 'Object Repository/Page_Give_Feedback_Enhanced_OBJ_Repo/Page_Checkatrade Give your feedback/input_Which member do you want to review_feedback-form__company_autocomplete_input' is visible

2019-10-31 15:38:34 - [TEST_STEP][PASSED] - verifyTextPresent("Give your feedback", false): Text 'Give your feedback' is present on page 

2019-10-31 15:38:34 - [MESSAGE][PASSED] - Text 'Give your feedback' is present on page 

2019-10-31 15:38:34 - [TEST_STEP][PASSED] - verifyTextPresent("Which member do you want to review?", false): Text 'Which member do you want to review?' is present on page 

2019-10-31 15:38:35 - [MESSAGE][PASSED] - Text 'Which member do you want to review?' is present on page 

2019-10-31 15:38:35 - [MESSAGE][PASSED] - Call Test Case 'Test Cases/Reusable_Test_Sequences/Banner_Menu/Give_Feedback' successfully

2019-10-31 15:38:35 - [TEST_STEP][PASSED] - "-----------------------------------------------------": null

2019-10-31 15:38:35 - [TEST_STEP][PASSED] - " Enter Member Trade Name OR Checkatrade ID To Review |": null

2019-10-31 15:38:35 - [TEST_STEP][PASSED] - callTestCase(findTestCase("Reusable_Test_Sequences/Give_Feedback/Which_Member_to_Review"), [:], STOP_ON_FAILURE): Call Test Case 'Test Cases/Reusable_Test_Sequences/Give_Feedback/Which_Member_to_Review' successfully

2019-10-31 15:38:35 - [TEST_CASE][PASSED] - Test Cases/Reusable_Test_Sequences/Give_Feedback/Which_Member_to_Review: Test Cases/Reusable_Test_Sequences/Give_Feedback/Which_Member_to_Review

2019-10-31 15:38:35 - [TEST_STEP][PASSED] - waitForPageLoad(60): Wait for page load successfully

2019-10-31 15:38:35 - [MESSAGE][PASSED] - Wait for page load successfully

2019-10-31 15:38:35 - [TEST_STEP][PASSED] - waitForElementPresent(findTestObject("Object Repository/Page_Checkatrade Give your feedback/input_Which member do you want to review"), 25): Object 'Object Repository/Page_Checkatrade Give your feedback/input_Which member do you want to review' is present

2019-10-31 15:38:35 - [MESSAGE][PASSED] - Object 'Object Repository/Page_Checkatrade Give your feedback/input_Which member do you want to review' is present

2019-10-31 15:38:35 - [TEST_STEP][PASSED] - setText(findTestObject("Object Repository/Page_Checkatrade Give your feedback/input_Which member do you want to review"), findTestData("Give_Feedback (1)").getValue("Account_Verification_Name", row)): Text 'Test Account' is set on object 'Object Repository/Page_Checkatrade Give your feedback/input_Which member do you want to review'

2019-10-31 15:38:36 - [MESSAGE][PASSED] - Text 'Test Account' is set on object 'Object Repository/Page_Checkatrade Give your feedback/input_Which member do you want to review'

2019-10-31 15:38:36 - [TEST_STEP][PASSED] - delay(1): Delayed 1 second(s)

2019-10-31 15:38:37 - [MESSAGE][PASSED] - Delayed 1 second(s)

2019-10-31 15:38:37 - [TEST_STEP][PASSED] - "Submit the search criteria using click     |": null

2019-10-31 15:38:37 - [TEST_STEP][PASSED] - waitForElementPresent(findTestObject("Object Repository/Page_Checkatrade Give your feedback/div_Which member do you want to review"), 25): Object 'Object Repository/Page_Checkatrade Give your feedback/div_Which member do you want to review' is present

2019-10-31 15:38:37 - [MESSAGE][PASSED] - Object 'Object Repository/Page_Checkatrade Give your feedback/div_Which member do you want to review' is present

2019-10-31 15:38:37 - [TEST_STEP][PASSED] - try: Object: 'Object Repository/Page_Checkatrade Give your feedback/div_Which member do you want to review' is clicked on

2019-10-31 15:38:37 - [TEST_STEP][PASSED] - "Try Catch Included 14/08/2019 - Sometimes the Trader isnt returned?   |": null

2019-10-31 15:38:37 - [TEST_STEP][PASSED] - click(findTestObject("Page_Checkatrade Give your feedback/div_Which member do you want to review")): Object: 'Object Repository/Page_Checkatrade Give your feedback/div_Which member do you want to review' is clicked on

2019-10-31 15:38:37 - [MESSAGE][PASSED] - Object: 'Object Repository/Page_Checkatrade Give your feedback/div_Which member do you want to review' is clicked on

2019-10-31 15:38:37 - [MESSAGE][PASSED] - Call Test Case 'Test Cases/Reusable_Test_Sequences/Give_Feedback/Which_Member_to_Review' successfully

2019-10-31 15:38:37 - [TEST_STEP][PASSED] - "--------------------------------------": null

2019-10-31 15:38:37 - [TEST_STEP][PASSED] - " Your Experience (page 1) Processing  |": null

2019-10-31 15:38:37 - [TEST_STEP][PASSED] - callTestCase(findTestCase("Reusable_Test_Sequences/Give_Feedback/Your_Experience/Your_Experience"), [:], CONTINUE_ON_FAILURE): Call Test Case 'Test Cases/Reusable_Test_Sequences/Give_Feedback/Your_Experience/Your_Experience' successfully

2019-10-31 15:38:37 - [TEST_CASE][PASSED] - Test Cases/Reusable_Test_Sequences/Give_Feedback/Your_Experience/Your_Experience: Test Cases/Reusable_Test_Sequences/Give_Feedback/Your_Experience/Your_Experience

2019-10-31 15:38:38 - [TEST_STEP][PASSED] - data = findTestData("Data Files/Give_Feedback (1)"): null

2019-10-31 15:38:38 - [TEST_STEP][PASSED] - YE_Recommend = data.getValue("YE_Recommendations", row): null

2019-10-31 15:38:38 - [TEST_STEP][PASSED] - "---------------------------------------------------------------------------------------": null

2019-10-31 15:38:38 - [TEST_STEP][PASSED] - " Your Experience (page 1) Returned with Recommendation Selection Set to Yes (Default)  |": null

2019-10-31 15:38:38 - [TEST_STEP][PASSED] - "---------------------------------------------------------------------------------------": null

2019-10-31 15:38:38 - [TEST_STEP][PASSED] - "---------------------------------------------------------------------------------------": null

2019-10-31 15:38:38 - [TEST_STEP][PASSED] - " Your Experience (page 1) Recommend this trader?                                       |": null

2019-10-31 15:38:38 - [TEST_STEP][PASSED] - callTestCase(findTestCase("Reusable_Test_Sequences/Give_Feedback/Your_Experience/Recommendation_Selection"), [:], CONTINUE_ON_FAILURE): Call Test Case 'Test Cases/Reusable_Test_Sequences/Give_Feedback/Your_Experience/Recommendation_Selection' successfully

2019-10-31 15:38:38 - [TEST_CASE][PASSED] - Test Cases/Reusable_Test_Sequences/Give_Feedback/Your_Experience/Recommendation_Selection: Test Cases/Reusable_Test_Sequences/Give_Feedback/Your_Experience/Recommendation_Selection

2019-10-31 15:38:38 - [TEST_STEP][PASSED] - data = findTestData("Data Files/Give_Feedback (1)"): null

2019-10-31 15:38:38 - [TEST_STEP][PASSED] - YE_Recommend = data.getValue("YE_Recommendations", row): null

2019-10-31 15:38:38 - [TEST_STEP][PASSED] - "--------------------------------": null

2019-10-31 15:38:38 - [TEST_STEP][PASSED] - "Read data from spreadsheet      |": null

2019-10-31 15:38:38 - [TEST_STEP][PASSED] - "--------------------------------": null

2019-10-31 15:38:38 - [TEST_STEP][PASSED] - "--------------------------------": null

2019-10-31 15:38:38 - [TEST_STEP][PASSED] - "Set Recommendation - Yes or No  |": null

2019-10-31 15:38:38 - [TEST_STEP][PASSED] - if (YE_Recommend == "Yes"): Wait for page load successfully

2019-10-31 15:38:38 - [TEST_STEP][PASSED] - "-----------------------------------------------------------": null

2019-10-31 15:38:38 - [TEST_STEP][PASSED] - " Selected by Default - ReSelecting causes a tool exception |": null

2019-10-31 15:38:38 - [TEST_STEP][PASSED] - " No need to re-select - RESOLVED                           |": null

2019-10-31 15:38:38 - [TEST_STEP][PASSED] - click(findTestObject("Object Repository/Feedback/Page_Checkatrade Give your feedback/Page_Checkatrade Give your feedback/span_Yes")): Object: 'Object Repository/Feedback/Page_Checkatrade Give your feedback/Page_Checkatrade Give your feedback/span_Yes' is clicked on

2019-10-31 15:38:39 - [MESSAGE][PASSED] - Object: 'Object Repository/Feedback/Page_Checkatrade Give your feedback/Page_Checkatrade Give your feedback/span_Yes' is clicked on

2019-10-31 15:38:39 - [TEST_STEP][PASSED] - waitForPageLoad(2): Wait for page load successfully

2019-10-31 15:38:39 - [MESSAGE][PASSED] - Wait for page load successfully

2019-10-31 15:38:39 - [TEST_STEP][PASSED] - out.println("Your Experience, Recommendation, Click on the <" + YE_Recommend + "> Option Button "): null

2019-10-31 15:38:39 - [TEST_STEP][PASSED] - waitForPageLoad(60): Wait for page load successfully

2019-10-31 15:38:39 - [MESSAGE][PASSED] - Wait for page load successfully

2019-10-31 15:38:39 - [MESSAGE][PASSED] - Call Test Case 'Test Cases/Reusable_Test_Sequences/Give_Feedback/Your_Experience/Recommendation_Selection' successfully

2019-10-31 15:38:39 - [TEST_STEP][PASSED] - "---------------------------------------------------------------------------------------": null

2019-10-31 15:38:39 - [TEST_STEP][PASSED] - " SELECTING _ NO Recommend Restructures this PAGE, So need to exclude the below tests  ": null

2019-10-31 15:38:39 - [TEST_STEP][PASSED] - if (YE_Recommend == "Yes"): Call Test Case 'Test Cases/Reusable_Test_Sequences/Give_Feedback/Your_Experience/Feedback_Knowledge' successfully

2019-10-31 15:38:39 - [TEST_STEP][PASSED] - "---------------------------------------------------------------------------------------": null

2019-10-31 15:38:39 - [TEST_STEP][PASSED] - " Your Experience (page 1) Estimation/Quotation Accuracy?                               |": null

2019-10-31 15:38:39 - [TEST_STEP][PASSED] - callTestCase(findTestCase("Reusable_Test_Sequences/Give_Feedback/Your_Experience/Quotation_Selection"), [:], CONTINUE_ON_FAILURE): Call Test Case 'Test Cases/Reusable_Test_Sequences/Give_Feedback/Your_Experience/Quotation_Selection' successfully

2019-10-31 15:38:39 - [TEST_CASE][PASSED] - Test Cases/Reusable_Test_Sequences/Give_Feedback/Your_Experience/Quotation_Selection: Test Cases/Reusable_Test_Sequences/Give_Feedback/Your_Experience/Quotation_Selection

2019-10-31 15:38:40 - [TEST_STEP][PASSED] - "-----------------------": null

2019-10-31 15:38:40 - [TEST_STEP][PASSED] - "Check DEFAULT Setting  |     Default Setting - Nothing Selected": null

2019-10-31 15:38:40 - [TEST_STEP][PASSED] - "-----------------------": null

2019-10-31 15:38:40 - [TEST_STEP][PASSED] - "--------------------------------": null

2019-10-31 15:38:40 - [TEST_STEP][PASSED] - "Read data from spreadsheet      |": null

2019-10-31 15:38:40 - [TEST_STEP][PASSED] - data = findTestData("Data Files/Give_Feedback (1)"): null

2019-10-31 15:38:40 - [TEST_STEP][PASSED] - YE_Estimate = data.getValue("YE_Estimate", row): null

2019-10-31 15:38:40 - [TEST_STEP][PASSED] - "--------------------------------": null

2019-10-31 15:38:40 - [TEST_STEP][PASSED] - "Read data from spreadsheet      |": null

2019-10-31 15:38:40 - [TEST_STEP][PASSED] - out.println("Your Experience, Estimate Accuracy, Click on the " + YE_Estimate + " Option Button "): null

2019-10-31 15:38:40 - [TEST_STEP][PASSED] - "---------------------------------------------------------------------------------------------------------------------------------------------------": null

2019-10-31 15:38:40 - [TEST_STEP][PASSED] - "Set Quotation - Agreed_estimate -OR- Additional_work -OR- More_than_agreed_price_informed -OR- More_than_agreed_price_not_informed -OR- No_estimate|": null

2019-10-31 15:38:40 - [TEST_STEP][PASSED] - "---------------------------------------------------------------------------------------------------------------------------------------------------": null

2019-10-31 15:38:40 - [TEST_STEP][PASSED] - "-------------------------------------------------": null

2019-10-31 15:38:40 - [TEST_STEP][PASSED] - if (YE_Estimate == "Agreed_price"): Wait for page load successfully

2019-10-31 15:38:40 - [TEST_STEP][PASSED] - click(findTestObject("Object Repository/Page_Checkatrade Give your feedback/span_The agreed price")): Object: 'Object Repository/Page_Checkatrade Give your feedback/span_The agreed price' is clicked on

2019-10-31 15:38:40 - [MESSAGE][PASSED] - Object: 'Object Repository/Page_Checkatrade Give your feedback/span_The agreed price' is clicked on

2019-10-31 15:38:40 - [TEST_STEP][PASSED] - waitForPageLoad(2): Wait for page load successfully

2019-10-31 15:38:40 - [MESSAGE][PASSED] - Wait for page load successfully

2019-10-31 15:38:40 - [TEST_STEP][PASSED] - "-------------------------------------------------": null

2019-10-31 15:38:40 - [TEST_STEP][PASSED] - if (YE_Estimate == "Additional_work"): null

2019-10-31 15:38:40 - [TEST_STEP][PASSED] - "-----------------------------------------------------------------------": null

2019-10-31 15:38:40 - [TEST_STEP][PASSED] - if (YE_Estimate == "More_than_agreed_price_informed"): null

2019-10-31 15:38:40 - [TEST_STEP][PASSED] - "-----------------------------------------------------------------------": null

2019-10-31 15:38:40 - [TEST_STEP][PASSED] - if (YE_Estimate == "More_than_agreed_price_not_informed"): null

2019-10-31 15:38:40 - [TEST_STEP][PASSED] - "-----------------------------------------------------------------------": null

2019-10-31 15:38:40 - [TEST_STEP][PASSED] - if (YE_Estimate == "No_estimate"): null

2019-10-31 15:38:40 - [TEST_STEP][PASSED] - out.println("Your Experience, Estimate Accuracy, Click on the " + YE_Estimate + " Option Button "): null

2019-10-31 15:38:40 - [MESSAGE][PASSED] - Call Test Case 'Test Cases/Reusable_Test_Sequences/Give_Feedback/Your_Experience/Quotation_Selection' successfully

2019-10-31 15:38:40 - [TEST_STEP][PASSED] - "---------------------------------------------------------------------------------------": null

2019-10-31 15:38:40 - [TEST_STEP][PASSED] - " Your Experience (page 1) Knowledge of Feedback Process?                               |": null

2019-10-31 15:38:40 - [TEST_STEP][PASSED] - callTestCase(findTestCase("Reusable_Test_Sequences/Give_Feedback/Your_Experience/Feedback_Knowledge"), [:], CONTINUE_ON_FAILURE): Call Test Case 'Test Cases/Reusable_Test_Sequences/Give_Feedback/Your_Experience/Feedback_Knowledge' successfully

2019-10-31 15:38:40 - [TEST_CASE][PASSED] - Test Cases/Reusable_Test_Sequences/Give_Feedback/Your_Experience/Feedback_Knowledge: Test Cases/Reusable_Test_Sequences/Give_Feedback/Your_Experience/Feedback_Knowledge

2019-10-31 15:38:40 - [TEST_STEP][PASSED] - "--------------------------------": null

2019-10-31 15:38:40 - [TEST_STEP][PASSED] - "Read data from spreadsheet      |": null

2019-10-31 15:38:40 - [TEST_STEP][PASSED] - data = findTestData("Data Files/Give_Feedback (1)"): null

2019-10-31 15:38:40 - [TEST_STEP][PASSED] - YE_Feedback_Knowledge = data.getValue("YE_Feedback_Knowledge", row): null

2019-10-31 15:38:40 - [TEST_STEP][PASSED] - out.println("Your Experience, Feedback Knowledge, Click on the " + YE_Feedback_Knowledge + " Option Button "): null

2019-10-31 15:38:40 - [TEST_STEP][PASSED] - "------------------------------------------------": null

2019-10-31 15:38:40 - [TEST_STEP][PASSED] - "Set Knowledge of feedback process? - Yes or No  |": null

2019-10-31 15:38:40 - [TEST_STEP][PASSED] - if (YE_Feedback_Knowledge == "Yes"): Wait for page load successfully

2019-10-31 15:38:40 - [TEST_STEP][PASSED] - click(findTestObject("Page_Checkatrade Give your feedback/span_Yes - Copy")): Object: 'Object Repository/Page_Checkatrade Give your feedback/span_Yes - Copy' is clicked on

2019-10-31 15:38:41 - [MESSAGE][PASSED] - Object: 'Object Repository/Page_Checkatrade Give your feedback/span_Yes - Copy' is clicked on

2019-10-31 15:38:41 - [TEST_STEP][PASSED] - waitForPageLoad(2): Wait for page load successfully

2019-10-31 15:38:41 - [MESSAGE][PASSED] - Wait for page load successfully

2019-10-31 15:38:41 - [TEST_STEP][PASSED] - out.println("Your Experience, Feedback Knowledge, Click on the <" + YE_Feedback_Knowledge + "> Option Button "): null

2019-10-31 15:38:41 - [MESSAGE][PASSED] - Call Test Case 'Test Cases/Reusable_Test_Sequences/Give_Feedback/Your_Experience/Feedback_Knowledge' successfully

2019-10-31 15:38:41 - [TEST_STEP][PASSED] - "---------------------------------------------------------------------------------------------------------": null

2019-10-31 15:38:41 - [TEST_STEP][PASSED] - " Your Experience (page 1) Hit <Next> Button to Continue to <Your Scores>- (page 2) If Recommend = YES    |": null

2019-10-31 15:38:41 - [TEST_STEP][PASSED] - "                                                        OR <Your Details>-(page 3) If Recommend = NO     |": null

2019-10-31 15:38:41 - [TEST_STEP][PASSED] - callTestCase(findTestCase("Reusable_Test_Sequences/Give_Feedback/Hit_Next"), [:], CONTINUE_ON_FAILURE): Call Test Case 'Test Cases/Reusable_Test_Sequences/Give_Feedback/Hit_Next' successfully

2019-10-31 15:38:41 - [TEST_CASE][PASSED] - Test Cases/Reusable_Test_Sequences/Give_Feedback/Hit_Next: Test Cases/Reusable_Test_Sequences/Give_Feedback/Hit_Next

2019-10-31 15:38:41 - [TEST_STEP][PASSED] - click(findTestObject("Object Repository/Page_Checkatrade Give your feedback/input_No_ctl00contentButton4")): Object: 'Object Repository/Page_Checkatrade Give your feedback/input_No_ctl00contentButton4' is clicked on

2019-10-31 15:38:43 - [MESSAGE][PASSED] - Object: 'Object Repository/Page_Checkatrade Give your feedback/input_No_ctl00contentButton4' is clicked on

2019-10-31 15:38:43 - [TEST_STEP][PASSED] - waitForPageLoad(2): Wait for page load successfully

2019-10-31 15:38:43 - [MESSAGE][PASSED] - Wait for page load successfully

2019-10-31 15:38:43 - [MESSAGE][PASSED] - Call Test Case 'Test Cases/Reusable_Test_Sequences/Give_Feedback/Hit_Next' successfully

2019-10-31 15:38:43 - [TEST_STEP][PASSED] - waitForPageLoad(2): Wait for page load successfully

2019-10-31 15:38:43 - [MESSAGE][PASSED] - Wait for page load successfully

2019-10-31 15:38:43 - [MESSAGE][PASSED] - Call Test Case 'Test Cases/Reusable_Test_Sequences/Give_Feedback/Your_Experience/Your_Experience' successfully

2019-10-31 15:38:43 - [TEST_STEP][PASSED] - "--------------------------------------": null

2019-10-31 15:38:43 - [TEST_STEP][PASSED] - " Your Scores (page 2) Processing      |": null

2019-10-31 15:38:43 - [TEST_STEP][PASSED] - YE_Recommend = data.getValue("YE_Recommendations", row): null

2019-10-31 15:38:43 - [TEST_STEP][PASSED] - YE_WorkCarriedOut = data.getValue("YE_Work_Carried_Out", row): null

2019-10-31 15:38:43 - [TEST_STEP][PASSED] - if (YE_Recommend == "Yes"): Call Test Case 'Test Cases/Reusable_Test_Sequences/Give_Feedback/Your_Scores/Your_Scores' successfully

2019-10-31 15:38:43 - [TEST_STEP][PASSED] - callTestCase(findTestCase("Reusable_Test_Sequences/Give_Feedback/Your_Scores/Your_Scores"), [:], CONTINUE_ON_FAILURE): Call Test Case 'Test Cases/Reusable_Test_Sequences/Give_Feedback/Your_Scores/Your_Scores' successfully

2019-10-31 15:38:43 - [TEST_CASE][PASSED] - Test Cases/Reusable_Test_Sequences/Give_Feedback/Your_Scores/Your_Scores: Test Cases/Reusable_Test_Sequences/Give_Feedback/Your_Scores/Your_Scores

2019-10-31 15:38:43 - [TEST_STEP][PASSED] - "------------------------------------------------------------------------------------------": null

2019-10-31 15:38:43 - [TEST_STEP][PASSED] - " Your Scores (page 2) Returned with 2 Main Sections - <Your Scores> and <Details of Work> |": null

2019-10-31 15:38:43 - [TEST_STEP][PASSED] - "                                             Tidiness Listbox Selection, NA, 0 through 10 |": null

2019-10-31 15:38:43 - [TEST_STEP][PASSED] - "------------------------------------------------------------------------------------------": null

2019-10-31 15:38:43 - [TEST_STEP][PASSED] - "------------------------------------------------------------------------------------------": null

2019-10-31 15:38:43 - [TEST_STEP][PASSED] - " Your Scores (page 2) Returned with 2 Main Sections - <Your Scores> and <Details of Work> |": null

2019-10-31 15:38:43 - [TEST_STEP][PASSED] - "                          Reliability and Timekeeping Listbox Selection, NA, 0 through 10 |": null

2019-10-31 15:38:43 - [TEST_STEP][PASSED] - "------------------------------------------------------------------------------------------": null

2019-10-31 15:38:43 - [TEST_STEP][PASSED] - "------------------------------------------------------------------------------------------": null

2019-10-31 15:38:43 - [TEST_STEP][PASSED] - " Your Scores (page 2) Returned with 2 Main Sections - <Your Scores> and <Details of Work> |": null

2019-10-31 15:38:43 - [TEST_STEP][PASSED] - "                                             Courtesy Listbox Selection, NA, 0 through 10 |": null

2019-10-31 15:38:43 - [TEST_STEP][PASSED] - "------------------------------------------------------------------------------------------": null

2019-10-31 15:38:43 - [TEST_STEP][PASSED] - "------------------------------------------------------------------------------------------": null

2019-10-31 15:38:43 - [TEST_STEP][PASSED] - " Your Scores (page 2) Returned with 2 Main Sections - <Your Scores> and <Details of Work> |": null

2019-10-31 15:38:43 - [TEST_STEP][PASSED] - "                                     Standard of Work Listbox Selection, NA, 0 through 10 |": null

2019-10-31 15:38:43 - [TEST_STEP][PASSED] - callTestCase(findTestCase("Reusable_Test_Sequences/Give_Feedback/Your_Scores/Your_Scores_List_Box_Selection"), [:], CONTINUE_ON_FAILURE): Call Test Case 'Test Cases/Reusable_Test_Sequences/Give_Feedback/Your_Scores/Your_Scores_List_Box_Selection' successfully

2019-10-31 15:38:43 - [TEST_CASE][PASSED] - Test Cases/Reusable_Test_Sequences/Give_Feedback/Your_Scores/Your_Scores_List_Box_Selection: Test Cases/Reusable_Test_Sequences/Give_Feedback/Your_Scores/Your_Scores_List_Box_Selection

2019-10-31 15:38:43 - [TEST_STEP][PASSED] - data = findTestData("Data Files/Give_Feedback (1)"): null

2019-10-31 15:38:43 - [TEST_STEP][PASSED] - YS_Tidiness = data.getValue("YS_Tidiness", row): null

2019-10-31 15:38:43 - [TEST_STEP][PASSED] - YS_Reliability = data.getValue("YS_Reliability", row): null

2019-10-31 15:38:43 - [TEST_STEP][PASSED] - YS_Courtesy = data.getValue("YS_Courtesy", row): null

2019-10-31 15:38:43 - [TEST_STEP][PASSED] - YS_Workmanship = data.getValue("YS_Workmanship", row): null

2019-10-31 15:38:43 - [TEST_STEP][PASSED] - "--------------------------------": null

2019-10-31 15:38:43 - [TEST_STEP][PASSED] - "Read data from spreadsheet      |": null

2019-10-31 15:38:43 - [TEST_STEP][PASSED] - "--------------------------------": null

2019-10-31 15:38:43 - [TEST_STEP][PASSED] - "------------------------------------------------------": null

2019-10-31 15:38:43 - [TEST_STEP][PASSED] - "Select Tidiness Value form List                       |": null

2019-10-31 15:38:43 - [TEST_STEP][PASSED] - selectOptionByValue(findTestObject("Page_Checkatrade Give your feedback/select_--YS_Tidiness"), YS_Tidiness, true): All options with value '10' are selected in object 'Object Repository/Page_Checkatrade Give your feedback/select_--YS_Tidiness'  using regular expression

2019-10-31 15:38:44 - [MESSAGE][PASSED] - All options with value '10' are selected in object 'Object Repository/Page_Checkatrade Give your feedback/select_--YS_Tidiness'  using regular expression

2019-10-31 15:38:44 - [TEST_STEP][PASSED] - "------------------------------------------------------": null

2019-10-31 15:38:44 - [TEST_STEP][PASSED] - "Select Reliability and Timekeeping Value form List    |": null

2019-10-31 15:38:44 - [TEST_STEP][PASSED] - selectOptionByValue(findTestObject("Page_Checkatrade Give your feedback/select_--YS_Reliability"), YS_Reliability, true): All options with value '10' are selected in object 'Object Repository/Page_Checkatrade Give your feedback/select_--YS_Reliability'  using regular expression

2019-10-31 15:38:45 - [MESSAGE][PASSED] - All options with value '10' are selected in object 'Object Repository/Page_Checkatrade Give your feedback/select_--YS_Reliability'  using regular expression

2019-10-31 15:38:45 - [TEST_STEP][PASSED] - "------------------------------------------------------": null

2019-10-31 15:38:45 - [TEST_STEP][PASSED] - "Select Courtesy Value form List                       |": null

2019-10-31 15:38:45 - [TEST_STEP][PASSED] - selectOptionByValue(findTestObject("Page_Checkatrade Give your feedback/select_--YS_Courtesy"), YS_Reliability, true): All options with value '10' are selected in object 'Object Repository/Page_Checkatrade Give your feedback/select_--YS_Courtesy'  using regular expression

2019-10-31 15:38:45 - [MESSAGE][PASSED] - All options with value '10' are selected in object 'Object Repository/Page_Checkatrade Give your feedback/select_--YS_Courtesy'  using regular expression

2019-10-31 15:38:45 - [TEST_STEP][PASSED] - "------------------------------------------------------": null

2019-10-31 15:38:45 - [TEST_STEP][PASSED] - "Select Quality and Workmanship Value form List        |": null

2019-10-31 15:38:45 - [TEST_STEP][PASSED] - selectOptionByValue(findTestObject("Page_Checkatrade Give your feedback/select_--YS_Workmanship"), YS_Workmanship, true): All options with value '10' are selected in object 'Object Repository/Page_Checkatrade Give your feedback/select_--YS_Workmanship'  using regular expression

2019-10-31 15:38:46 - [MESSAGE][PASSED] - All options with value '10' are selected in object 'Object Repository/Page_Checkatrade Give your feedback/select_--YS_Workmanship'  using regular expression

2019-10-31 15:38:46 - [MESSAGE][PASSED] - Call Test Case 'Test Cases/Reusable_Test_Sequences/Give_Feedback/Your_Scores/Your_Scores_List_Box_Selection' successfully

2019-10-31 15:38:46 - [TEST_STEP][PASSED] - "------------------------------------------------------------------------------------------": null

2019-10-31 15:38:46 - [TEST_STEP][PASSED] - " Your Scores (page 2) Returned with 2 Main Sections - <Your Scores> and <Details of Work> |": null

2019-10-31 15:38:46 - [TEST_STEP][PASSED] - " Details of Work Done - Form FIll<Description>,<Approx. date>,<How Long>, <Comments> and  |": null

2019-10-31 15:38:46 - [TEST_STEP][PASSED] - "                                                               <Feedback Publish Confirm> |": null

2019-10-31 15:38:46 - [TEST_STEP][PASSED] - callTestCase(findTestCase("Reusable_Test_Sequences/Give_Feedback/Your_Scores/Details_of_work_Done_Formfill"), [:], CONTINUE_ON_FAILURE): Call Test Case 'Test Cases/Reusable_Test_Sequences/Give_Feedback/Your_Scores/Details_of_work_Done_Formfill' successfully

2019-10-31 15:38:46 - [TEST_CASE][PASSED] - Test Cases/Reusable_Test_Sequences/Give_Feedback/Your_Scores/Details_of_work_Done_Formfill: Test Cases/Reusable_Test_Sequences/Give_Feedback/Your_Scores/Details_of_work_Done_Formfill

2019-10-31 15:38:46 - [TEST_STEP][PASSED] - data = findTestData("Data Files/Give_Feedback (1)"): null

2019-10-31 15:38:46 - [TEST_STEP][PASSED] - YS_Work_Description = data.getValue("YS_Work_Description", row): null

2019-10-31 15:38:46 - [TEST_STEP][PASSED] - YS_Work_Date = data.getValue("YS_Work_Date", row): null

2019-10-31 15:38:46 - [TEST_STEP][PASSED] - YS_Days_to_Complete = data.getValue("YS_Days_to_Complete", row): null

2019-10-31 15:38:46 - [TEST_STEP][PASSED] - YS_Work_Comments = data.getValue("YS_Work_Comments", row): null

2019-10-31 15:38:46 - [TEST_STEP][PASSED] - YS_Feedback_Published = data.getValue("YS_Feedback_Published", row): null

2019-10-31 15:38:46 - [TEST_STEP][PASSED] - "---------------------------------": null

2019-10-31 15:38:46 - [TEST_STEP][PASSED] - "Read data from spreadsheet       |": null

2019-10-31 15:38:46 - [TEST_STEP][PASSED] - "---------------------------------": null

2019-10-31 15:38:46 - [TEST_STEP][PASSED] - "---------------------------------": null

2019-10-31 15:38:46 - [TEST_STEP][PASSED] - "Brief description of work done   |": null

2019-10-31 15:38:46 - [TEST_STEP][PASSED] - setText(findTestObject("Object Repository/Page_Checkatrade Give your feedback/input_Brief description of work done_ctl00contenttbWorkDescription"), YS_Work_Description): Text 'New Test Toilet' is set on object 'Object Repository/Page_Checkatrade Give your feedback/input_Brief description of work done_ctl00contenttbWorkDescription'

2019-10-31 15:38:46 - [MESSAGE][PASSED] - Text 'New Test Toilet' is set on object 'Object Repository/Page_Checkatrade Give your feedback/input_Brief description of work done_ctl00contenttbWorkDescription'

2019-10-31 15:38:46 - [TEST_STEP][PASSED] - "---------------------------------": null

2019-10-31 15:38:46 - [TEST_STEP][PASSED] - "Date work was done (approx)      |": null

2019-10-31 15:38:46 - [TEST_STEP][PASSED] - "---------------------------------": null

2019-10-31 15:38:46 - [TEST_STEP][PASSED] - "---------------------------------": null

2019-10-31 15:38:46 - [TEST_STEP][PASSED] - "How many days did this job take? |": null

2019-10-31 15:38:46 - [TEST_STEP][PASSED] - setText(findTestObject("Object Repository/Page_Checkatrade Give your feedback/input_How many days did this job take"), YS_Days_to_Complete): Text '3' is set on object 'Object Repository/Page_Checkatrade Give your feedback/input_How many days did this job take'

2019-10-31 15:38:46 - [MESSAGE][PASSED] - Text '3' is set on object 'Object Repository/Page_Checkatrade Give your feedback/input_How many days did this job take'

2019-10-31 15:38:46 - [TEST_STEP][PASSED] - "---------------------------------": null

2019-10-31 15:38:46 - [TEST_STEP][PASSED] - "Your comments about the work     |": null

2019-10-31 15:38:46 - [TEST_STEP][PASSED] - setText(findTestObject("Object Repository/Page_Checkatrade Give your feedback/textarea_Your comments about the work_ctl00contenttbWorkComments"), YS_Work_Comments): Text 'Nice job' is set on object 'Object Repository/Page_Checkatrade Give your feedback/textarea_Your comments about the work_ctl00contenttbWorkComments'

2019-10-31 15:38:46 - [MESSAGE][PASSED] - Text 'Nice job' is set on object 'Object Repository/Page_Checkatrade Give your feedback/textarea_Your comments about the work_ctl00contenttbWorkComments'

2019-10-31 15:38:46 - [TEST_STEP][PASSED] - "---------------------------------------": null

2019-10-31 15:38:46 - [TEST_STEP][PASSED] - " Scroll Bottom of Page Into View       |": null

2019-10-31 15:38:46 - [TEST_STEP][PASSED] - "---------------------------------------": null

2019-10-31 15:38:46 - [TEST_STEP][PASSED] - "-----------------------------------------------------": null

2019-10-31 15:38:46 - [TEST_STEP][PASSED] - "Would you like your feedback published? - Yes or No  |": null

2019-10-31 15:38:46 - [TEST_STEP][PASSED] - if (YS_Feedback_Published == "Yes"): Wait for page load successfully

2019-10-31 15:38:46 - [TEST_STEP][PASSED] - waitForElementPresent(findTestObject("Feedback/Page_Checkatrade Give your feedback/span_Publish_Feedback_Yes"), 10): Object 'Object Repository/Feedback/Page_Checkatrade Give your feedback/span_Publish_Feedback_Yes' is present

2019-10-31 15:38:46 - [MESSAGE][PASSED] - Object 'Object Repository/Feedback/Page_Checkatrade Give your feedback/span_Publish_Feedback_Yes' is present

2019-10-31 15:38:46 - [TEST_STEP][PASSED] - click(findTestObject("Feedback/Page_Checkatrade Give your feedback/span_Publish_Feedback_Yes")): Object: 'Object Repository/Feedback/Page_Checkatrade Give your feedback/span_Publish_Feedback_Yes' is clicked on

2019-10-31 15:38:47 - [MESSAGE][PASSED] - Object: 'Object Repository/Feedback/Page_Checkatrade Give your feedback/span_Publish_Feedback_Yes' is clicked on

2019-10-31 15:38:47 - [TEST_STEP][PASSED] - waitForPageLoad(60): Wait for page load successfully

2019-10-31 15:38:47 - [MESSAGE][PASSED] - Wait for page load successfully

2019-10-31 15:38:47 - [TEST_STEP][PASSED] - out.println("Your Experience, Recommendation, Click on the " + YS_Feedback_Published + " Option Button "): null

2019-10-31 15:38:47 - [TEST_STEP][PASSED] - delay(1): Delayed 1 second(s)

2019-10-31 15:38:48 - [MESSAGE][PASSED] - Delayed 1 second(s)

2019-10-31 15:38:48 - [TEST_STEP][PASSED] - "---------------------------------": null

2019-10-31 15:38:48 - [TEST_STEP][PASSED] - "Your comments about the work     |": null

2019-10-31 15:38:48 - [TEST_STEP][PASSED] - click(findTestObject("Object Repository/Page_Checkatrade Give your feedback/input_No_ctl00contentButton6")): Object: 'Object Repository/Page_Checkatrade Give your feedback/input_No_ctl00contentButton6' is clicked on

2019-10-31 15:38:48 - [MESSAGE][PASSED] - Object: 'Object Repository/Page_Checkatrade Give your feedback/input_No_ctl00contentButton6' is clicked on

2019-10-31 15:38:48 - [MESSAGE][PASSED] - Call Test Case 'Test Cases/Reusable_Test_Sequences/Give_Feedback/Your_Scores/Details_of_work_Done_Formfill' successfully

2019-10-31 15:38:48 - [TEST_STEP][PASSED] - scrollToPosition(125, 0): Browser is scrolled to position x = 125, y = 0

2019-10-31 15:38:48 - [MESSAGE][PASSED] - Browser is scrolled to position x = 125, y = 0

2019-10-31 15:38:48 - [TEST_STEP][PASSED] - "------------------------------------------------------------------------------------------": null

2019-10-31 15:38:48 - [TEST_STEP][PASSED] - " Your Experience (page 2) Hit <Next> Button to Continue to <Your Details>- (page 3)       |": null

2019-10-31 15:38:48 - [TEST_STEP][PASSED] - try: null

2019-10-31 15:38:48 - [TEST_STEP][PASSED] - callTestCase(findTestCase("Reusable_Test_Sequences/Give_Feedback/Your_Scores/Hit_Next"), 1): null

2019-10-31 15:38:48 - [TEST_STEP][PASSED] - catch (Exception e): null

2019-10-31 15:38:48 - [MESSAGE][PASSED] - Call Test Case 'Test Cases/Reusable_Test_Sequences/Give_Feedback/Your_Scores/Your_Scores' successfully

2019-10-31 15:38:48 - [TEST_STEP][PASSED] - if (YE_Recommend == "No" && YE_WorkCarriedOut == "Yes"): null

2019-10-31 15:38:48 - [TEST_STEP][PASSED] - "--------------------------------------": null

2019-10-31 15:38:48 - [TEST_STEP][PASSED] - " Your Details (page 3) Processing     |": null

2019-10-31 15:38:48 - [TEST_STEP][PASSED] - callTestCase(findTestCase("Reusable_Test_Sequences/Give_Feedback/Your_Details/Your_Details"), [:], CONTINUE_ON_FAILURE): Call Test Case 'Test Cases/Reusable_Test_Sequences/Give_Feedback/Your_Details/Your_Details' successfully

2019-10-31 15:38:49 - [TEST_CASE][PASSED] - Test Cases/Reusable_Test_Sequences/Give_Feedback/Your_Details/Your_Details: Test Cases/Reusable_Test_Sequences/Give_Feedback/Your_Details/Your_Details

2019-10-31 15:38:49 - [TEST_STEP][PASSED] - "---------------------------------------------------------------------------------------": null

2019-10-31 15:38:49 - [TEST_STEP][PASSED] - " Your Details (page 3)                                                                 |": null

2019-10-31 15:38:49 - [TEST_STEP][PASSED] - "---------------------------------------------------------------------------------------": null

2019-10-31 15:38:49 - [TEST_STEP][PASSED] - "-------------------------------------": null

2019-10-31 15:38:49 - [TEST_STEP][PASSED] - " Consumer or Customer Selection      |": null

2019-10-31 15:38:49 - [TEST_STEP][PASSED] - callTestCase(findTestCase("Reusable_Test_Sequences/Give_Feedback/Your_Details/Consumer_or_Customer_Selection"), [:], CONTINUE_ON_FAILURE): Call Test Case 'Test Cases/Reusable_Test_Sequences/Give_Feedback/Your_Details/Consumer_or_Customer_Selection' successfully

2019-10-31 15:38:49 - [TEST_CASE][PASSED] - Test Cases/Reusable_Test_Sequences/Give_Feedback/Your_Details/Consumer_or_Customer_Selection: Test Cases/Reusable_Test_Sequences/Give_Feedback/Your_Details/Consumer_or_Customer_Selection

2019-10-31 15:38:50 - [TEST_STEP][PASSED] - "--------------------------------": null

2019-10-31 15:38:50 - [TEST_STEP][PASSED] - "Read data from spreadsheet      |": null

2019-10-31 15:38:50 - [TEST_STEP][PASSED] - data = findTestData("Data Files/Give_Feedback (1)"): null

2019-10-31 15:38:50 - [TEST_STEP][PASSED] - YD_Consumer_Customer = data.getValue("YD_Consumer_Customer", row): null

2019-10-31 15:38:50 - [TEST_STEP][PASSED] - out.println("Your Details, Consumer OR Trade Customer, Click on the " + YD_Consumer_Customer + " Option Button "): null

2019-10-31 15:38:50 - [TEST_STEP][PASSED] - try: null

2019-10-31 15:38:50 - [TEST_STEP][PASSED] - if (YD_Consumer_Customer == "Consumer"): null

2019-10-31 15:38:50 - [TEST_STEP][PASSED] - catch (Exception e): null

2019-10-31 15:38:50 - [TEST_STEP][PASSED] - if (YD_Consumer_Customer == "Customer"): null

2019-10-31 15:38:50 - [TEST_STEP][PASSED] - out.println("Your Experience, Recommendation, Click on the " + YD_Consumer_Customer + " Option Button "): null

2019-10-31 15:38:50 - [MESSAGE][PASSED] - Call Test Case 'Test Cases/Reusable_Test_Sequences/Give_Feedback/Your_Details/Consumer_or_Customer_Selection' successfully

2019-10-31 15:38:50 - [TEST_STEP][PASSED] - "-------------------------------------": null

2019-10-31 15:38:50 - [TEST_STEP][PASSED] - " Fill Personal Details               |": null

2019-10-31 15:38:50 - [TEST_STEP][PASSED] - callTestCase(findTestCase("Reusable_Test_Sequences/Give_Feedback/Your_Details/Personal_Details_Formfill"), [:], CONTINUE_ON_FAILURE): Call Test Case 'Test Cases/Reusable_Test_Sequences/Give_Feedback/Your_Details/Personal_Details_Formfill' successfully

2019-10-31 15:38:50 - [TEST_CASE][PASSED] - Test Cases/Reusable_Test_Sequences/Give_Feedback/Your_Details/Personal_Details_Formfill: Test Cases/Reusable_Test_Sequences/Give_Feedback/Your_Details/Personal_Details_Formfill

2019-10-31 15:38:51 - [TEST_STEP][PASSED] - "--------------------------------": null

2019-10-31 15:38:51 - [TEST_STEP][PASSED] - "Read data from spreadsheet      |": null

2019-10-31 15:38:51 - [TEST_STEP][PASSED] - data = findTestData("Data Files/Give_Feedback (1)"): null

2019-10-31 15:38:51 - [TEST_STEP][PASSED] - YD_Salutation = data.getValue("YD_Salutation", row): null

2019-10-31 15:38:51 - [TEST_STEP][PASSED] - YD_Name = data.getValue("YD_Name", row): null

2019-10-31 15:38:51 - [TEST_STEP][PASSED] - YD_Company_Name = data.getValue("YD_Company_Name", row): null

2019-10-31 15:38:51 - [TEST_STEP][PASSED] - YD_Postcode = data.getValue("YD_Postcode", row): null

2019-10-31 15:38:51 - [TEST_STEP][PASSED] - YD_Verify_Address = data.getValue("YD_Verify_Address", row): null

2019-10-31 15:38:51 - [TEST_STEP][PASSED] - YD_Consumer_Customer = data.getValue("YD_Consumer_Customer", row): null

2019-10-31 15:38:51 - [TEST_STEP][PASSED] - out.println("Your Experience, Your details, Set the " + YD_Salutation + " Text Box "): null

2019-10-31 15:38:51 - [TEST_STEP][PASSED] - "--------------------": null

2019-10-31 15:38:51 - [TEST_STEP][PASSED] - "  Set  Salutation   |": null

2019-10-31 15:38:51 - [TEST_STEP][PASSED] - selectOptionByValue(findTestObject("Object Repository/New Folder/Page_Checkatrade Give your feedback/select_MrMrsMissMsMr  MrsDrRevRevd"), YD_Salutation, true): All options with value 'Mr' are selected in object 'Object Repository/New Folder/Page_Checkatrade Give your feedback/select_MrMrsMissMsMr  MrsDrRevRevd'  using regular expression

2019-10-31 15:38:51 - [MESSAGE][PASSED] - All options with value 'Mr' are selected in object 'Object Repository/New Folder/Page_Checkatrade Give your feedback/select_MrMrsMissMsMr  MrsDrRevRevd'  using regular expression

2019-10-31 15:38:51 - [TEST_STEP][PASSED] - "--------------------": null

2019-10-31 15:38:51 - [TEST_STEP][PASSED] - "  Set  Name         |": null

2019-10-31 15:38:51 - [TEST_STEP][PASSED] - if (YD_Consumer_Customer == "Consumer"): Text 'Ron Smith' is set on object 'Object Repository/New Folder/Page_Checkatrade Give your feedback/input_Name_ctl00contenttbCustomerName'

2019-10-31 15:38:51 - [TEST_STEP][PASSED] - setText(findTestObject("Object Repository/New Folder/Page_Checkatrade Give your feedback/input_Name_ctl00contenttbCustomerName"), YD_Name): Text 'Ron Smith' is set on object 'Object Repository/New Folder/Page_Checkatrade Give your feedback/input_Name_ctl00contenttbCustomerName'

2019-10-31 15:38:52 - [MESSAGE][PASSED] - Text 'Ron Smith' is set on object 'Object Repository/New Folder/Page_Checkatrade Give your feedback/input_Name_ctl00contenttbCustomerName'

2019-10-31 15:38:52 - [TEST_STEP][PASSED] - "----------------------": null

2019-10-31 15:38:52 - [TEST_STEP][PASSED] - " Name of you company  |": null

2019-10-31 15:38:52 - [TEST_STEP][PASSED] - if (YD_Consumer_Customer == "Customer"): null

2019-10-31 15:38:52 - [TEST_STEP][PASSED] - "--------------------": null

2019-10-31 15:38:52 - [TEST_STEP][PASSED] - "  Set Postcode     |": null

2019-10-31 15:38:52 - [TEST_STEP][PASSED] - setText(findTestObject("Object Repository/New Folder/Page_Checkatrade Give your feedback/input_Your postcode_ctl00contentctlCustomerAddresstbPostcodeSearch"), YD_Postcode): Text 'PO12 2SD' is set on object 'Object Repository/New Folder/Page_Checkatrade Give your feedback/input_Your postcode_ctl00contentctlCustomerAddresstbPostcodeSearch'

2019-10-31 15:38:52 - [MESSAGE][PASSED] - Text 'PO12 2SD' is set on object 'Object Repository/New Folder/Page_Checkatrade Give your feedback/input_Your postcode_ctl00contentctlCustomerAddresstbPostcodeSearch'

2019-10-31 15:38:52 - [TEST_STEP][PASSED] - "-----------------------------": null

2019-10-31 15:38:52 - [TEST_STEP][PASSED] - "  Address Lookup Selection   |": null

2019-10-31 15:38:52 - [TEST_STEP][PASSED] - click(findTestObject("Object Repository/New Folder/Page_Checkatrade Give your feedback/input_Your postcode_ctl00contentctlCustomerAddressbtnPostcodeLookup")): Object: 'Object Repository/New Folder/Page_Checkatrade Give your feedback/input_Your postcode_ctl00contentctlCustomerAddressbtnPostcodeLookup' is clicked on

2019-10-31 15:38:52 - [MESSAGE][PASSED] - Object: 'Object Repository/New Folder/Page_Checkatrade Give your feedback/input_Your postcode_ctl00contentctlCustomerAddressbtnPostcodeLookup' is clicked on

2019-10-31 15:38:52 - [TEST_STEP][PASSED] - "-----------------------------": null

2019-10-31 15:38:52 - [TEST_STEP][PASSED] - "  Address Lookup Set         |": null

2019-10-31 15:38:52 - [TEST_STEP][PASSED] - selectOptionByLabel(findTestObject("Object Repository/New Folder/Page_Checkatrade Give your feedback/select_Please select your address"), YD_Verify_Address, true): All options with label '26 Broadsands Drive,Gosport,Hampshire,PO12 2SD' are selected in object 'Object Repository/New Folder/Page_Checkatrade Give your feedback/select_Please select your address'  using regular expression

2019-10-31 15:38:53 - [MESSAGE][PASSED] - All options with label '26 Broadsands Drive,Gosport,Hampshire,PO12 2SD' are selected in object 'Object Repository/New Folder/Page_Checkatrade Give your feedback/select_Please select your address'  using regular expression

2019-10-31 15:38:53 - [TEST_STEP][PASSED] - "-----------------------------": null

2019-10-31 15:38:53 - [TEST_STEP][PASSED] - "  Verify Returned Address    |": null

2019-10-31 15:38:53 - [TEST_STEP][PASSED] - verifyTextPresent(YD_Verify_Address, false): Text '26 Broadsands Drive,Gosport,Hampshire,PO12 2SD' is present on page 

2019-10-31 15:38:53 - [MESSAGE][PASSED] - Text '26 Broadsands Drive,Gosport,Hampshire,PO12 2SD' is present on page 

2019-10-31 15:38:53 - [MESSAGE][PASSED] - Call Test Case 'Test Cases/Reusable_Test_Sequences/Give_Feedback/Your_Details/Personal_Details_Formfill' successfully

2019-10-31 15:38:53 - [TEST_STEP][PASSED] - "-------------------------------------": null

2019-10-31 15:38:53 - [TEST_STEP][PASSED] - " Fil Contact Details                 |": null

2019-10-31 15:38:53 - [TEST_STEP][PASSED] - callTestCase(findTestCase("Reusable_Test_Sequences/Give_Feedback/Your_Details/Contact_Details_Formfill"), [:], CONTINUE_ON_FAILURE): Call Test Case 'Test Cases/Reusable_Test_Sequences/Give_Feedback/Your_Details/Contact_Details_Formfill' successfully

2019-10-31 15:38:53 - [TEST_CASE][PASSED] - Test Cases/Reusable_Test_Sequences/Give_Feedback/Your_Details/Contact_Details_Formfill: Test Cases/Reusable_Test_Sequences/Give_Feedback/Your_Details/Contact_Details_Formfill

2019-10-31 15:38:54 - [TEST_STEP][PASSED] - "--------------------------------": null

2019-10-31 15:38:54 - [TEST_STEP][PASSED] - "Read data from spreadsheet      |": null

2019-10-31 15:38:54 - [TEST_STEP][PASSED] - data = findTestData("Data Files/Give_Feedback (1)"): null

2019-10-31 15:38:54 - [TEST_STEP][PASSED] - YD_Home_Phone = data.getValue("YD_Home_Phone", row): null

2019-10-31 15:38:54 - [TEST_STEP][PASSED] - YD_Name = data.getValue("YD_Name", row): null

2019-10-31 15:38:54 - [TEST_STEP][PASSED] - YD_Best_Contact_Time = data.getValue("YD_Best_Contact_Time", row): null

2019-10-31 15:38:54 - [TEST_STEP][PASSED] - YD_Email = data.getValue("YD_Email", row): null

2019-10-31 15:38:54 - [TEST_STEP][PASSED] - YD_Mobile = data.getValue("YD_Mobile", row): null

2019-10-31 15:38:54 - [TEST_STEP][PASSED] - YD_Consumer_Customer = data.getValue("YD_Consumer_Customer", row): null

2019-10-31 15:38:54 - [TEST_STEP][PASSED] - out.println("Your Experience, Your details, Set the " + YD_Home_Phone + " Text Box "): null

2019-10-31 15:38:54 - [TEST_STEP][PASSED] - "------------------------------": null

2019-10-31 15:38:54 - [TEST_STEP][PASSED] - "  Set Home Telephone Number   |": null

2019-10-31 15:38:54 - [TEST_STEP][PASSED] - setText(findTestObject("Object Repository/New Folder/Page_Checkatrade Give your feedback/input_Home telephone_ctl00contenttbCustomerHomePhone"), YD_Home_Phone): Text '02392123456' is set on object 'Object Repository/New Folder/Page_Checkatrade Give your feedback/input_Home telephone_ctl00contenttbCustomerHomePhone'

2019-10-31 15:38:54 - [MESSAGE][PASSED] - Text '02392123456' is set on object 'Object Repository/New Folder/Page_Checkatrade Give your feedback/input_Home telephone_ctl00contenttbCustomerHomePhone'

2019-10-31 15:38:54 - [TEST_STEP][PASSED] - "------------------------------": null

2019-10-31 15:38:54 - [TEST_STEP][PASSED] - "  Set Best Time to Contact    |": null

2019-10-31 15:38:54 - [TEST_STEP][PASSED] - if (YD_Consumer_Customer == "Consumer"): Text 'Any Tme' is set on object 'Object Repository/New Folder/Page_Checkatrade Give your feedback/input_Best time to contact you_ctl00contenttbCustomerContactTime'

2019-10-31 15:38:54 - [TEST_STEP][PASSED] - setText(findTestObject("Object Repository/New Folder/Page_Checkatrade Give your feedback/input_Best time to contact you_ctl00contenttbCustomerContactTime"), YD_Best_Contact_Time): Text 'Any Tme' is set on object 'Object Repository/New Folder/Page_Checkatrade Give your feedback/input_Best time to contact you_ctl00contenttbCustomerContactTime'

2019-10-31 15:38:54 - [MESSAGE][PASSED] - Text 'Any Tme' is set on object 'Object Repository/New Folder/Page_Checkatrade Give your feedback/input_Best time to contact you_ctl00contenttbCustomerContactTime'

2019-10-31 15:38:54 - [TEST_STEP][PASSED] - "------------------------------": null

2019-10-31 15:38:54 - [TEST_STEP][PASSED] - "  Set Email Address           |": null

2019-10-31 15:38:54 - [TEST_STEP][PASSED] - setText(findTestObject("Object Repository/New Folder/Page_Checkatrade Give your feedback/input_Email_ctl00contenttbCustomerEmail"), YD_Email): Text 'Test_xxxxxx@xdxdxdxd.com' is set on object 'Object Repository/New Folder/Page_Checkatrade Give your feedback/input_Email_ctl00contenttbCustomerEmail'

2019-10-31 15:38:54 - [MESSAGE][PASSED] - Text 'Test_xxxxxx@xdxdxdxd.com' is set on object 'Object Repository/New Folder/Page_Checkatrade Give your feedback/input_Email_ctl00contenttbCustomerEmail'

2019-10-31 15:38:54 - [TEST_STEP][PASSED] - "------------------------------": null

2019-10-31 15:38:54 - [TEST_STEP][PASSED] - "  Set Mobile Telephone Number |": null

2019-10-31 15:38:54 - [TEST_STEP][PASSED] - setText(findTestObject("Object Repository/New Folder/Page_Checkatrade Give your feedback/input_Mobile_ctl00contenttbCustomerMobile"), YD_Mobile): Text '07788123456' is set on object 'Object Repository/New Folder/Page_Checkatrade Give your feedback/input_Mobile_ctl00contenttbCustomerMobile'

2019-10-31 15:38:54 - [MESSAGE][PASSED] - Text '07788123456' is set on object 'Object Repository/New Folder/Page_Checkatrade Give your feedback/input_Mobile_ctl00contenttbCustomerMobile'

2019-10-31 15:38:54 - [MESSAGE][PASSED] - Call Test Case 'Test Cases/Reusable_Test_Sequences/Give_Feedback/Your_Details/Contact_Details_Formfill' successfully

2019-10-31 15:38:54 - [TEST_STEP][PASSED] - "-------------------------------------": null

2019-10-31 15:38:54 - [TEST_STEP][PASSED] - " CHeckatrade Questions               |": null

2019-10-31 15:38:54 - [TEST_STEP][PASSED] - callTestCase(findTestCase("Reusable_Test_Sequences/Give_Feedback/Your_Details/Checkatrade_Questions"), [:], CONTINUE_ON_FAILURE): Call Test Case 'Test Cases/Reusable_Test_Sequences/Give_Feedback/Your_Details/Checkatrade_Questions' successfully

2019-10-31 15:38:54 - [TEST_CASE][PASSED] - Test Cases/Reusable_Test_Sequences/Give_Feedback/Your_Details/Checkatrade_Questions: Test Cases/Reusable_Test_Sequences/Give_Feedback/Your_Details/Checkatrade_Questions

2019-10-31 15:38:55 - [TEST_STEP][PASSED] - "--------------------------------": null

2019-10-31 15:38:55 - [TEST_STEP][PASSED] - "Read data from spreadsheet      |": null

2019-10-31 15:38:55 - [TEST_STEP][PASSED] - data = findTestData("Data Files/Give_Feedback (1)"): null

2019-10-31 15:38:55 - [TEST_STEP][PASSED] - YD_Feedback_Method = data.getValue("YD_Feedback_Method", row): null

2019-10-31 15:38:55 - [TEST_STEP][PASSED] - YD_How_Did_You_Hear = data.getValue("YD_How_Did_You_Hear", row): null

2019-10-31 15:38:55 - [TEST_STEP][PASSED] - YD_Other_Response = data.getValue("YD_Other_Response", row): null

2019-10-31 15:38:55 - [TEST_STEP][PASSED] - YD_Reason_For_Tradeperson_Selection = data.getValue("YD_Reason_For_Tradeperson_Selection", row): null

2019-10-31 15:38:55 - [TEST_STEP][PASSED] - YD_Receive_Chekatrade_Updates = data.getValue("YD_Receive_Chekatrade_Updates", row): null

2019-10-31 15:38:55 - [TEST_STEP][PASSED] - YD_Receive_Third_Party_Updates = data.getValue("YD_Receive_Third_Party_Updates", row): null

2019-10-31 15:38:55 - [TEST_STEP][PASSED] - out.println("Your Experience, Your details, Set the " + YD_Feedback_Method + " Text Box "): null

2019-10-31 15:38:55 - [TEST_STEP][PASSED] - "------------------------------------": null

2019-10-31 15:38:55 - [TEST_STEP][PASSED] - "  Set Verify Options - SMS OR Email |": null

2019-10-31 15:38:55 - [TEST_STEP][PASSED] - if (YD_Feedback_Method == "email"): Wait for page load successfully

2019-10-31 15:38:55 - [TEST_STEP][PASSED] - click(findTestObject("Object Repository/Page_Checkatrade Give your feedback/span_Verify by email")): Object: 'Object Repository/Page_Checkatrade Give your feedback/span_Verify by email' is clicked on

2019-10-31 15:38:55 - [MESSAGE][PASSED] - Object: 'Object Repository/Page_Checkatrade Give your feedback/span_Verify by email' is clicked on

2019-10-31 15:38:55 - [TEST_STEP][PASSED] - waitForPageLoad(2): Wait for page load successfully

2019-10-31 15:38:55 - [MESSAGE][PASSED] - Wait for page load successfully

2019-10-31 15:38:55 - [TEST_STEP][PASSED] - "--------------------------------------": null

2019-10-31 15:38:55 - [TEST_STEP][PASSED] - " Scroll to <Next> Button              |": null

2019-10-31 15:38:55 - [TEST_STEP][PASSED] - scrollToPosition(200, 0): Browser is scrolled to position x = 200, y = 0

2019-10-31 15:38:55 - [MESSAGE][PASSED] - Browser is scrolled to position x = 200, y = 0

2019-10-31 15:38:55 - [TEST_STEP][PASSED] - "--------------------------------------": null

2019-10-31 15:38:55 - [TEST_STEP][PASSED] - "  Set How You Heard About Checkatrade |": null

2019-10-31 15:38:55 - [TEST_STEP][PASSED] - waitForPageLoad(2): Wait for page load successfully

2019-10-31 15:38:55 - [MESSAGE][PASSED] - Wait for page load successfully

2019-10-31 15:38:55 - [TEST_STEP][PASSED] - selectOptionByLabel(findTestObject("Object Repository/Page_Checkatrade Give your feedback/select_Please selectTVRadioOnlineDirectoryWord"), YD_How_Did_You_Hear, true): All options with label 'Online' are selected in object 'Object Repository/Page_Checkatrade Give your feedback/select_Please selectTVRadioOnlineDirectoryWord'  using regular expression

2019-10-31 15:38:56 - [MESSAGE][PASSED] - All options with label 'Online' are selected in object 'Object Repository/Page_Checkatrade Give your feedback/select_Please selectTVRadioOnlineDirectoryWord'  using regular expression

2019-10-31 15:38:56 - [TEST_STEP][PASSED] - "--------------------------------------": null

2019-10-31 15:38:56 - [TEST_STEP][PASSED] - "  How did you hear about Textbox      |": null

2019-10-31 15:38:56 - [TEST_STEP][PASSED] - if (YD_How_Did_You_Hear == "Other"): null

2019-10-31 15:38:56 - [TEST_STEP][PASSED] - "--------------------------------------": null

2019-10-31 15:38:56 - [TEST_STEP][PASSED] - "  Why Use The Selected Tradesperson   |": null

2019-10-31 15:38:56 - [TEST_STEP][PASSED] - selectOptionByIndex(findTestObject("Object Repository/New Folder/Page_Checkatrade Give your feedback/select_Prefer not to sayFound the Tradesperson via CheckatradecomDirected to Checkatradecom by the Tradesperson"), 2): All options with index in [2] are selected on object 'Object Repository/New Folder/Page_Checkatrade Give your feedback/select_Prefer not to sayFound the Tradesperson via CheckatradecomDirected to Checkatradecom by the Tradesperson'

2019-10-31 15:38:56 - [MESSAGE][PASSED] - All options with index in [2] are selected on object 'Object Repository/New Folder/Page_Checkatrade Give your feedback/select_Prefer not to sayFound the Tradesperson via CheckatradecomDirected to Checkatradecom by the Tradesperson'

2019-10-31 15:38:56 - [TEST_STEP][PASSED] - "----------------------------------------------------": null

2019-10-31 15:38:56 - [TEST_STEP][PASSED] - " Select - I am happy to receive Updates - Checkatra |": null

2019-10-31 15:38:56 - [TEST_STEP][PASSED] - if (YD_Receive_Chekatrade_Updates == "Yes"): Wait for page load successfully

2019-10-31 15:38:56 - [TEST_STEP][PASSED] - click(findTestObject("Object Repository/New Folder/Page_Checkatrade Give your feedback/input_I am happy to receive updates from Checkatrade_ctl00contentchkEmailUpdates")): Object: 'Object Repository/New Folder/Page_Checkatrade Give your feedback/input_I am happy to receive updates from Checkatrade_ctl00contentchkEmailUpdates' is clicked on

2019-10-31 15:38:56 - [MESSAGE][PASSED] - Object: 'Object Repository/New Folder/Page_Checkatrade Give your feedback/input_I am happy to receive updates from Checkatrade_ctl00contentchkEmailUpdates' is clicked on

2019-10-31 15:38:56 - [TEST_STEP][PASSED] - waitForPageLoad(2): Wait for page load successfully

2019-10-31 15:38:56 - [MESSAGE][PASSED] - Wait for page load successfully

2019-10-31 15:38:56 - [TEST_STEP][PASSED] - "----------------------------------------------------": null

2019-10-31 15:38:56 - [TEST_STEP][PASSED] - " Select - I am happy to receive Updates - 3rd party |": null

2019-10-31 15:38:56 - [TEST_STEP][PASSED] - if (YD_Receive_Third_Party_Updates == "Yes"): Wait for page load successfully

2019-10-31 15:38:56 - [TEST_STEP][PASSED] - click(findTestObject("Object Repository/New Folder/Page_Checkatrade Give your feedback/label_I am happy to receive updates from selected third parties")): Object: 'Object Repository/New Folder/Page_Checkatrade Give your feedback/label_I am happy to receive updates from selected third parties' is clicked on

2019-10-31 15:38:57 - [MESSAGE][PASSED] - Object: 'Object Repository/New Folder/Page_Checkatrade Give your feedback/label_I am happy to receive updates from selected third parties' is clicked on

2019-10-31 15:38:57 - [TEST_STEP][PASSED] - waitForPageLoad(2): Wait for page load successfully

2019-10-31 15:38:57 - [MESSAGE][PASSED] - Wait for page load successfully

2019-10-31 15:38:57 - [TEST_STEP][PASSED] - "--------------------------------------": null

2019-10-31 15:38:57 - [TEST_STEP][PASSED] - "   SUBMIT Page                        |": null

2019-10-31 15:38:57 - [TEST_STEP][PASSED] - click(findTestObject("Object Repository/New Folder/Page_Checkatrade Give your feedback/input_here_ctl00contentButtonSubmit")): Object: 'Object Repository/New Folder/Page_Checkatrade Give your feedback/input_here_ctl00contentButtonSubmit' is clicked on

2019-10-31 15:38:58 - [MESSAGE][PASSED] - Object: 'Object Repository/New Folder/Page_Checkatrade Give your feedback/input_here_ctl00contentButtonSubmit' is clicked on

2019-10-31 15:38:58 - [TEST_STEP][PASSED] - waitForPageLoad(2): Wait for page load successfully

2019-10-31 15:38:58 - [MESSAGE][PASSED] - Wait for page load successfully

2019-10-31 15:38:58 - [MESSAGE][PASSED] - Call Test Case 'Test Cases/Reusable_Test_Sequences/Give_Feedback/Your_Details/Checkatrade_Questions' successfully

2019-10-31 15:38:58 - [TEST_STEP][PASSED] - "-------------------------------------": null

2019-10-31 15:38:58 - [TEST_STEP][PASSED] - " Commit form                         |": null

2019-10-31 15:38:58 - [TEST_STEP][PASSED] - waitForPageLoad(60): Wait for page load successfully

2019-10-31 15:38:58 - [MESSAGE][PASSED] - Wait for page load successfully

2019-10-31 15:38:58 - [MESSAGE][PASSED] - Call Test Case 'Test Cases/Reusable_Test_Sequences/Give_Feedback/Your_Details/Your_Details' successfully

2019-10-31 15:38:58 - [TEST_STEP][PASSED] - "--------------------------------------": null

2019-10-31 15:38:58 - [TEST_STEP][PASSED] - " Further Info (page 4) Processing     |": null

2019-10-31 15:38:58 - [TEST_STEP][PASSED] - callTestCase(findTestCase("Reusable_Test_Sequences/Give_Feedback/Further_Infomation/Further_Information"), [:], CONTINUE_ON_FAILURE): Call Test Case 'Test Cases/Reusable_Test_Sequences/Give_Feedback/Further_Infomation/Further_Information' successfully

2019-10-31 15:38:58 - [TEST_CASE][PASSED] - Test Cases/Reusable_Test_Sequences/Give_Feedback/Further_Infomation/Further_Information: Test Cases/Reusable_Test_Sequences/Give_Feedback/Further_Infomation/Further_Information

2019-10-31 15:38:59 - [TEST_STEP][PASSED] - "--------------------------------": null

2019-10-31 15:38:59 - [TEST_STEP][PASSED] - "  Read data from spreadsheet    |": null

2019-10-31 15:38:59 - [TEST_STEP][PASSED] - data = findTestData("Data Files/Give_Feedback (1)"): null

2019-10-31 15:38:59 - [TEST_STEP][PASSED] - FD_Value_of_Work = data.getValue("FD_Value_of_Work", row): null

2019-10-31 15:38:59 - [TEST_STEP][PASSED] - "-----------": null

2019-10-31 15:38:59 - [TEST_STEP][PASSED] - "  Synch    |": null

2019-10-31 15:38:59 - [TEST_STEP][PASSED] - waitForElementPresent(findTestObject("Object Repository/New Folder1/Page_Checkatrade Give your feedback/input_Value Of Work_ctl00contenttbValueOfWork"), 25): Object 'Object Repository/New Folder1/Page_Checkatrade Give your feedback/input_Value Of Work_ctl00contenttbValueOfWork' is present

2019-10-31 15:38:59 - [MESSAGE][PASSED] - Object 'Object Repository/New Folder1/Page_Checkatrade Give your feedback/input_Value Of Work_ctl00contenttbValueOfWork' is present

2019-10-31 15:38:59 - [TEST_STEP][PASSED] - "--------------------------------": null

2019-10-31 15:38:59 - [TEST_STEP][PASSED] - "  Set the Value of Work Textbox |": null

2019-10-31 15:38:59 - [TEST_STEP][PASSED] - setText(findTestObject("Object Repository/New Folder1/Page_Checkatrade Give your feedback/input_Value Of Work_ctl00contenttbValueOfWork"), FD_Value_of_Work): Text '10000' is set on object 'Object Repository/New Folder1/Page_Checkatrade Give your feedback/input_Value Of Work_ctl00contenttbValueOfWork'

2019-10-31 15:38:59 - [MESSAGE][PASSED] - Text '10000' is set on object 'Object Repository/New Folder1/Page_Checkatrade Give your feedback/input_Value Of Work_ctl00contenttbValueOfWork'

2019-10-31 15:38:59 - [TEST_STEP][PASSED] - "--------------------------------": null

2019-10-31 15:38:59 - [TEST_STEP][PASSED] - "  Hit <Submit> button to Commit |": null

2019-10-31 15:38:59 - [TEST_STEP][PASSED] - click(findTestObject("Object Repository/New Folder/Page_Checkatrade Give your feedback/input_Value Of Work_ctl00contentButton1")): Object: 'Object Repository/New Folder/Page_Checkatrade Give your feedback/input_Value Of Work_ctl00contentButton1' is clicked on

2019-10-31 15:39:05 - [MESSAGE][PASSED] - Object: 'Object Repository/New Folder/Page_Checkatrade Give your feedback/input_Value Of Work_ctl00contentButton1' is clicked on

2019-10-31 15:39:05 - [TEST_STEP][PASSED] - "--------------------------------": null

2019-10-31 15:39:05 - [TEST_STEP][PASSED] - "  Wait for FInal Page Load      |": null

2019-10-31 15:39:05 - [TEST_STEP][PASSED] - waitForPageLoad(60): Wait for page load successfully

2019-10-31 15:39:05 - [MESSAGE][PASSED] - Wait for page load successfully

2019-10-31 15:39:05 - [MESSAGE][PASSED] - Call Test Case 'Test Cases/Reusable_Test_Sequences/Give_Feedback/Further_Infomation/Further_Information' successfully

2019-10-31 15:39:05 - [TEST_STEP][PASSED] - "--------------------------------------": null

2019-10-31 15:39:05 - [TEST_STEP][PASSED] - " Thank You! (page 5) Processing       |": null

2019-10-31 15:39:05 - [TEST_STEP][PASSED] - callTestCase(findTestCase("Reusable_Test_Sequences/Give_Feedback/Final_Page"), [:], CONTINUE_ON_FAILURE): Call Test Case 'Test Cases/Reusable_Test_Sequences/Give_Feedback/Final_Page' successfully

2019-10-31 15:39:05 - [TEST_CASE][PASSED] - Test Cases/Reusable_Test_Sequences/Give_Feedback/Final_Page: Test Cases/Reusable_Test_Sequences/Give_Feedback/Final_Page

2019-10-31 15:39:05 - [TEST_STEP][PASSED] - waitForPageLoad(2): Wait for page load successfully

2019-10-31 15:39:05 - [MESSAGE][PASSED] - Wait for page load successfully

2019-10-31 15:39:05 - [TEST_STEP][PASSED] - "--------------------------------": null

2019-10-31 15:39:05 - [TEST_STEP][PASSED] - "Read data from spreadsheet      |": null

2019-10-31 15:39:05 - [TEST_STEP][PASSED] - data = findTestData("Data Files/Give_Feedback (1)"): null

2019-10-31 15:39:05 - [TEST_STEP][PASSED] - Account_Verification_Name = data.getValue("Account_Verification_Name", row): null

2019-10-31 15:39:05 - [TEST_STEP][PASSED] - YE_Recommend = data.getValue("YE_Recommendations", row): null

2019-10-31 15:39:05 - [TEST_STEP][PASSED] - YE_Work_Carried_Out = data.getValue("YE_Work_Carried_Out", row): null

2019-10-31 15:39:05 - [TEST_STEP][PASSED] - waitForElementVisible(findTestObject("Object Repository/New Folder/Page_Checkatrade Give your feedback/a_Finish"), 25): Object 'Object Repository/New Folder/Page_Checkatrade Give your feedback/a_Finish' is visible

2019-10-31 15:39:22 - [MESSAGE][PASSED] - Object 'Object Repository/New Folder/Page_Checkatrade Give your feedback/a_Finish' is visible

2019-10-31 15:39:22 - [TEST_STEP][PASSED] - "------------------------------------": null

2019-10-31 15:39:22 - [TEST_STEP][PASSED] - "  Verify Page Detail                |": null

2019-10-31 15:39:22 - [TEST_STEP][PASSED] - if (YE_Recommend == "Yes"): Text 'Finish' is present on page 

2019-10-31 15:39:22 - [TEST_STEP][PASSED] - verifyTextPresent("A Checkatrade staff member will now review your feedback for", false): Text 'A Checkatrade staff member will now review your feedback for' is present on page 

2019-10-31 15:39:22 - [MESSAGE][PASSED] - Text 'A Checkatrade staff member will now review your feedback for' is present on page 

2019-10-31 15:39:22 - [TEST_STEP][PASSED] - verifyTextPresent(Account_Verification_Name, false): Text 'Test Account' is present on page 

2019-10-31 15:39:23 - [MESSAGE][PASSED] - Text 'Test Account' is present on page 

2019-10-31 15:39:23 - [TEST_STEP][PASSED] - verifyTextPresent("Finish", false): Text 'Finish' is present on page 

2019-10-31 15:39:23 - [MESSAGE][PASSED] - Text 'Finish' is present on page 

2019-10-31 15:39:23 - [TEST_STEP][PASSED] - verifyTextPresent("Thank you", true): Text 'Thank you' is present on page  using regular expression

2019-10-31 15:39:23 - [MESSAGE][PASSED] - Text 'Thank you' is present on page  using regular expression

2019-10-31 15:39:23 - [TEST_STEP][PASSED] - "------------------------------------": null

2019-10-31 15:39:23 - [TEST_STEP][PASSED] - "  Hit Finish                        |": null

2019-10-31 15:39:23 - [TEST_STEP][PASSED] - click(findTestObject("Object Repository/New Folder/Page_Checkatrade Give your feedback/a_Finish")): Object: 'Object Repository/New Folder/Page_Checkatrade Give your feedback/a_Finish' is clicked on

2019-10-31 15:39:24 - [MESSAGE][PASSED] - Object: 'Object Repository/New Folder/Page_Checkatrade Give your feedback/a_Finish' is clicked on

2019-10-31 15:39:24 - [MESSAGE][PASSED] - Call Test Case 'Test Cases/Reusable_Test_Sequences/Give_Feedback/Final_Page' successfully

2019-10-31 15:39:24 - [TEST_STEP][PASSED] - "--------------------------------------": null

2019-10-31 15:39:24 - [TEST_STEP][PASSED] - "  Verify Return to Home Page          |": null

2019-10-31 15:39:24 - [TEST_STEP][PASSED] - callTestCase(findTestCase("Reusable_Test_Sequences/CAT_Home"), [:], CONTINUE_ON_FAILURE): Call Test Case 'Test Cases/Reusable_Test_Sequences/CAT_Home' successfully

2019-10-31 15:39:24 - [TEST_CASE][PASSED] - Test Cases/Reusable_Test_Sequences/CAT_Home: Test Cases/Reusable_Test_Sequences/CAT_Home

2019-10-31 15:39:25 - [TEST_STEP][PASSED] - waitForPageLoad(2): Wait for page load successfully

2019-10-31 15:39:25 - [MESSAGE][PASSED] - Wait for page load successfully

2019-10-31 15:39:25 - [TEST_STEP][PASSED] - waitForElementVisible(findTestObject("Object Repository/Checkatrade_Trade_Search_Page/Page_Checkatrade Find a tradesperson you can trust/a_Search"), 10): Object 'Object Repository/Checkatrade_Trade_Search_Page/Page_Checkatrade Find a tradesperson you can trust/a_Search' is visible

2019-10-31 15:39:25 - [MESSAGE][PASSED] - Object 'Object Repository/Checkatrade_Trade_Search_Page/Page_Checkatrade Find a tradesperson you can trust/a_Search' is visible

2019-10-31 15:39:25 - [TEST_STEP][PASSED] - "------------------------------------": null

2019-10-31 15:39:25 - [TEST_STEP][PASSED] - verifyTextPresent("Helping you find the right trade or service", false): Text 'Helping you find the right trade or service' is present on page 

2019-10-31 15:39:26 - [MESSAGE][PASSED] - Text 'Helping you find the right trade or service' is present on page 

2019-10-31 15:39:26 - [TEST_STEP][PASSED] - verifyTextPresent("Search through over", false): Text 'Search through over' is present on page 

2019-10-31 15:39:26 - [MESSAGE][PASSED] - Text 'Search through over' is present on page 

2019-10-31 15:39:26 - [TEST_STEP][PASSED] - verifyTextPresent("recommended, vetted and monitored trades and service providers for free.", false): Text 'recommended, vetted and monitored trades and service providers for free.' is present on page 

2019-10-31 15:39:27 - [MESSAGE][PASSED] - Text 'recommended, vetted and monitored trades and service providers for free.' is present on page 

2019-10-31 15:39:27 - [TEST_STEP][PASSED] - verifyTextPresent("or look up a member by name", false): Text 'or look up a member by name' is present on page 

2019-10-31 15:39:28 - [MESSAGE][PASSED] - Text 'or look up a member by name' is present on page 

2019-10-31 15:39:28 - [TEST_STEP][PASSED] - verifyTextPresent("reviews published so far – thank you!", false): Text 'reviews published so far – thank you!' is present on page 

2019-10-31 15:39:28 - [MESSAGE][PASSED] - Text 'reviews published so far – thank you!' is present on page 

2019-10-31 15:39:28 - [TEST_STEP][PASSED] - CurrentUrl = getUrl(): Current window's url is: 'https://www.preview.checkatrade.com/'

2019-10-31 15:39:28 - [MESSAGE][PASSED] - Current window's url is: 'https://www.preview.checkatrade.com/'

2019-10-31 15:39:28 - [TEST_STEP][PASSED] - if (CurrentUrl == URL): null

2019-10-31 15:39:28 - [TEST_STEP][PASSED] - out.println("We have been redirected, correctly back to home URL" + URL): null

2019-10-31 15:39:28 - [MESSAGE][PASSED] - Call Test Case 'Test Cases/Reusable_Test_Sequences/CAT_Home' successfully

2019-10-31 15:39:28 - [TEST_STEP][PASSED] - "--------------------------------------": null

2019-10-31 15:39:28 - [TEST_STEP][PASSED] - " Processing Completion                |": null

2019-10-31 15:39:28 - [TEST_STEP][PASSED] - "--------------------------------------": null

2019-10-31 15:39:28 - [TEST_STEP][PASSED] - "--------------------------": null

2019-10-31 15:39:28 - [TEST_STEP][PASSED] - " Teardown - CLose Browser |": null

2019-10-31 15:39:28 - [TEST_STEP][PASSED] - callTestCase(findTestCase("Reusable_Test_Sequences/CAT_Teardown"), [:], STOP_ON_FAILURE): Call Test Case 'Test Cases/Reusable_Test_Sequences/CAT_Teardown' successfully

2019-10-31 15:39:28 - [TEST_CASE][PASSED] - Test Cases/Reusable_Test_Sequences/CAT_Teardown: Test Cases/Reusable_Test_Sequences/CAT_Teardown

2019-10-31 15:39:29 - [TEST_STEP][PASSED] - closeBrowser(): Browser is closed

2019-10-31 15:39:30 - [MESSAGE][PASSED] - Browser is closed

2019-10-31 15:39:30 - [MESSAGE][PASSED] - Call Test Case 'Test Cases/Reusable_Test_Sequences/CAT_Teardown' successfully

2019-10-31 15:39:30 - [TEST_STEP][PASSED] - callTestCase(findTestCase("Reusable_Test_Sequences/CAT_Setup"), [:], STOP_ON_FAILURE): Call Test Case 'Test Cases/Reusable_Test_Sequences/CAT_Setup' successfully

2019-10-31 15:39:30 - [TEST_CASE][PASSED] - Test Cases/Reusable_Test_Sequences/CAT_Setup: Test Cases/Reusable_Test_Sequences/CAT_Setup

2019-10-31 15:39:30 - [TEST_STEP][PASSED] - "URL - Set from the ENVIRONMENT PROFILE ": null

2019-10-31 15:39:30 - [TEST_STEP][PASSED] - openBrowser(URL): Browser is opened with url: 'https://www.preview.checkatrade.com/'

2019-10-31 15:39:30 - [MESSAGE][INFO] - Starting 'Firefox' driver

2019-10-31 15:39:38 - [MESSAGE][PASSED] - Browser is opened with url: 'https://www.preview.checkatrade.com/'

2019-10-31 15:39:38 - [TEST_STEP][PASSED] - maximizeWindow(): Current window maximized

2019-10-31 15:39:39 - [MESSAGE][PASSED] - Current window maximized

2019-10-31 15:39:39 - [TEST_STEP][PASSED] - waitForPageLoad(60): Wait for page load successfully

2019-10-31 15:39:39 - [MESSAGE][PASSED] - Wait for page load successfully

2019-10-31 15:39:39 - [TEST_STEP][PASSED] - waitForElementVisible(findTestObject("Page_Checkatrade Find a tradesperson you can trust/a_Search"), 25): Object 'Object Repository/Page_Checkatrade Find a tradesperson you can trust/a_Search' is visible

2019-10-31 15:39:39 - [MESSAGE][PASSED] - Object 'Object Repository/Page_Checkatrade Find a tradesperson you can trust/a_Search' is visible

2019-10-31 15:39:39 - [TEST_STEP][PASSED] - try: Text 'Checkatrade.com uses cookies to make sure you get the best browsing experience' is not present on page

2019-10-31 15:39:39 - [TEST_STEP][PASSED] - if (verifyElementPresent(findTestObject("Page_Checkatrade Find a tradesperson you can trust/div_close"), 1, OPTIONAL)): Text 'Checkatrade.com uses cookies to make sure you get the best browsing experience' is not present on page

2019-10-31 15:39:39 - [MESSAGE][PASSED] - Object 'Object Repository/Page_Checkatrade Find a tradesperson you can trust/div_close' is present

2019-10-31 15:39:39 - [TEST_STEP][PASSED] - click(findTestObject("Page_Checkatrade Find a tradesperson you can trust/div_close")): Object: 'Object Repository/Page_Checkatrade Find a tradesperson you can trust/div_close' is clicked on

2019-10-31 15:39:39 - [MESSAGE][PASSED] - Object: 'Object Repository/Page_Checkatrade Find a tradesperson you can trust/div_close' is clicked on

2019-10-31 15:39:39 - [TEST_STEP][PASSED] - "---------------------------------": null

2019-10-31 15:39:39 - [TEST_STEP][PASSED] - "COOKIE POPOUT REMOVED - Confirmed": null

2019-10-31 15:39:39 - [TEST_STEP][PASSED] - delay(1): Delayed 1 second(s)

2019-10-31 15:39:40 - [MESSAGE][PASSED] - Delayed 1 second(s)

2019-10-31 15:39:40 - [TEST_STEP][PASSED] - verifyTextNotPresent("Checkatrade.com uses cookies to make sure you get the best browsing experience", false): Text 'Checkatrade.com uses cookies to make sure you get the best browsing experience' is not present on page

2019-10-31 15:39:41 - [MESSAGE][PASSED] - Text 'Checkatrade.com uses cookies to make sure you get the best browsing experience' is not present on page

2019-10-31 15:39:41 - [TEST_STEP][PASSED] - try: Text 'We have updated our Privacy Policy, please review this' is not present on page

2019-10-31 15:39:41 - [TEST_STEP][PASSED] - if (verifyElementPresent(findTestObject("Page_Checkatrade Find a tradesperson you can trust/div_close_1"), 1, OPTIONAL)): Text 'We have updated our Privacy Policy, please review this' is not present on page

2019-10-31 15:39:41 - [MESSAGE][PASSED] - Object 'Object Repository/Page_Checkatrade Find a tradesperson you can trust/div_close_1' is present

2019-10-31 15:39:41 - [TEST_STEP][PASSED] - click(findTestObject("Page_Checkatrade Find a tradesperson you can trust/div_close_1")): Object: 'Object Repository/Page_Checkatrade Find a tradesperson you can trust/div_close_1' is clicked on

2019-10-31 15:39:41 - [MESSAGE][PASSED] - Object: 'Object Repository/Page_Checkatrade Find a tradesperson you can trust/div_close_1' is clicked on

2019-10-31 15:39:41 - [TEST_STEP][PASSED] - "---------------------------------": null

2019-10-31 15:39:41 - [TEST_STEP][PASSED] - "PRIVACY POPOUT REMOVED - Confirmed": null

2019-10-31 15:39:41 - [TEST_STEP][PASSED] - delay(1): Delayed 1 second(s)

2019-10-31 15:39:42 - [MESSAGE][PASSED] - Delayed 1 second(s)

2019-10-31 15:39:42 - [TEST_STEP][PASSED] - verifyTextNotPresent("We have updated our Privacy Policy, please review this", false): Text 'We have updated our Privacy Policy, please review this' is not present on page

2019-10-31 15:39:43 - [MESSAGE][PASSED] - Text 'We have updated our Privacy Policy, please review this' is not present on page

2019-10-31 15:39:43 - [MESSAGE][PASSED] - Call Test Case 'Test Cases/Reusable_Test_Sequences/CAT_Setup' successfully

2019-10-31 15:39:43 - [TEST_STEP][PASSED] - "-----------------------------------------------------": null

2019-10-31 15:39:43 - [TEST_STEP][PASSED] - " Hit the <Give Feedback> link in the header banner   |": null

2019-10-31 15:39:43 - [TEST_STEP][PASSED] - callTestCase(findTestCase("Reusable_Test_Sequences/Banner_Menu/Give_Feedback"), [:], CONTINUE_ON_FAILURE): Call Test Case 'Test Cases/Reusable_Test_Sequences/Banner_Menu/Give_Feedback' successfully

2019-10-31 15:39:43 - [TEST_CASE][PASSED] - Test Cases/Reusable_Test_Sequences/Banner_Menu/Give_Feedback: Test Cases/Reusable_Test_Sequences/Banner_Menu/Give_Feedback

2019-10-31 15:39:43 - [TEST_STEP][PASSED] - click(findTestObject("Object Repository/Page_Checkatrade Find a tradesperson you can trust/a_Give feedback")): Object: 'Object Repository/Page_Checkatrade Find a tradesperson you can trust/a_Give feedback' is clicked on

2019-10-31 15:39:45 - [MESSAGE][PASSED] - Object: 'Object Repository/Page_Checkatrade Find a tradesperson you can trust/a_Give feedback' is clicked on

2019-10-31 15:39:45 - [TEST_STEP][PASSED] - waitForElementVisible(findTestObject("Page_Give_Feedback_Enhanced_OBJ_Repo/Page_Checkatrade Give your feedback/input_Which member do you want to review_feedback-form__company_autocomplete_input"), 25): Object 'Object Repository/Page_Give_Feedback_Enhanced_OBJ_Repo/Page_Checkatrade Give your feedback/input_Which member do you want to review_feedback-form__company_autocomplete_input' is visible

2019-10-31 15:39:45 - [MESSAGE][PASSED] - Object 'Object Repository/Page_Give_Feedback_Enhanced_OBJ_Repo/Page_Checkatrade Give your feedback/input_Which member do you want to review_feedback-form__company_autocomplete_input' is visible

2019-10-31 15:39:45 - [TEST_STEP][PASSED] - verifyTextPresent("Give your feedback", false): Text 'Give your feedback' is present on page 

2019-10-31 15:39:45 - [MESSAGE][PASSED] - Text 'Give your feedback' is present on page 

2019-10-31 15:39:45 - [TEST_STEP][PASSED] - verifyTextPresent("Which member do you want to review?", false): Text 'Which member do you want to review?' is present on page 

2019-10-31 15:39:46 - [MESSAGE][PASSED] - Text 'Which member do you want to review?' is present on page 

2019-10-31 15:39:46 - [MESSAGE][PASSED] - Call Test Case 'Test Cases/Reusable_Test_Sequences/Banner_Menu/Give_Feedback' successfully

2019-10-31 15:39:46 - [TEST_STEP][PASSED] - "-----------------------------------------------------": null

2019-10-31 15:39:46 - [TEST_STEP][PASSED] - " Enter Member Trade Name OR Checkatrade ID To Review |": null

2019-10-31 15:39:46 - [TEST_STEP][PASSED] - callTestCase(findTestCase("Reusable_Test_Sequences/Give_Feedback/Which_Member_to_Review"), [:], STOP_ON_FAILURE): Call Test Case 'Test Cases/Reusable_Test_Sequences/Give_Feedback/Which_Member_to_Review' successfully

2019-10-31 15:39:46 - [TEST_CASE][PASSED] - Test Cases/Reusable_Test_Sequences/Give_Feedback/Which_Member_to_Review: Test Cases/Reusable_Test_Sequences/Give_Feedback/Which_Member_to_Review

2019-10-31 15:39:46 - [TEST_STEP][PASSED] - waitForPageLoad(60): Wait for page load successfully

2019-10-31 15:39:46 - [MESSAGE][PASSED] - Wait for page load successfully

2019-10-31 15:39:46 - [TEST_STEP][PASSED] - waitForElementPresent(findTestObject("Object Repository/Page_Checkatrade Give your feedback/input_Which member do you want to review"), 25): Object 'Object Repository/Page_Checkatrade Give your feedback/input_Which member do you want to review' is present

2019-10-31 15:39:46 - [MESSAGE][PASSED] - Object 'Object Repository/Page_Checkatrade Give your feedback/input_Which member do you want to review' is present

2019-10-31 15:39:46 - [TEST_STEP][PASSED] - setText(findTestObject("Object Repository/Page_Checkatrade Give your feedback/input_Which member do you want to review"), findTestData("Give_Feedback (1)").getValue("Account_Verification_Name", row)): Text 'Test Account' is set on object 'Object Repository/Page_Checkatrade Give your feedback/input_Which member do you want to review'

2019-10-31 15:39:46 - [MESSAGE][PASSED] - Text 'Test Account' is set on object 'Object Repository/Page_Checkatrade Give your feedback/input_Which member do you want to review'

2019-10-31 15:39:46 - [TEST_STEP][PASSED] - delay(1): Delayed 1 second(s)

2019-10-31 15:39:47 - [MESSAGE][PASSED] - Delayed 1 second(s)

2019-10-31 15:39:47 - [TEST_STEP][PASSED] - "Submit the search criteria using click     |": null

2019-10-31 15:39:47 - [TEST_STEP][PASSED] - waitForElementPresent(findTestObject("Object Repository/Page_Checkatrade Give your feedback/div_Which member do you want to review"), 25): Object 'Object Repository/Page_Checkatrade Give your feedback/div_Which member do you want to review' is present

2019-10-31 15:39:47 - [MESSAGE][PASSED] - Object 'Object Repository/Page_Checkatrade Give your feedback/div_Which member do you want to review' is present

2019-10-31 15:39:47 - [TEST_STEP][PASSED] - try: Object: 'Object Repository/Page_Checkatrade Give your feedback/div_Which member do you want to review' is clicked on

2019-10-31 15:39:47 - [TEST_STEP][PASSED] - "Try Catch Included 14/08/2019 - Sometimes the Trader isnt returned?   |": null

2019-10-31 15:39:47 - [TEST_STEP][PASSED] - click(findTestObject("Page_Checkatrade Give your feedback/div_Which member do you want to review")): Object: 'Object Repository/Page_Checkatrade Give your feedback/div_Which member do you want to review' is clicked on

2019-10-31 15:39:48 - [MESSAGE][PASSED] - Object: 'Object Repository/Page_Checkatrade Give your feedback/div_Which member do you want to review' is clicked on

2019-10-31 15:39:48 - [MESSAGE][PASSED] - Call Test Case 'Test Cases/Reusable_Test_Sequences/Give_Feedback/Which_Member_to_Review' successfully

2019-10-31 15:39:48 - [TEST_STEP][PASSED] - "--------------------------------------": null

2019-10-31 15:39:48 - [TEST_STEP][PASSED] - " Your Experience (page 1) Processing  |": null

2019-10-31 15:39:48 - [TEST_STEP][PASSED] - callTestCase(findTestCase("Reusable_Test_Sequences/Give_Feedback/Your_Experience/Your_Experience"), [:], CONTINUE_ON_FAILURE): Call Test Case 'Test Cases/Reusable_Test_Sequences/Give_Feedback/Your_Experience/Your_Experience' successfully

2019-10-31 15:39:48 - [TEST_CASE][PASSED] - Test Cases/Reusable_Test_Sequences/Give_Feedback/Your_Experience/Your_Experience: Test Cases/Reusable_Test_Sequences/Give_Feedback/Your_Experience/Your_Experience

2019-10-31 15:39:48 - [TEST_STEP][PASSED] - data = findTestData("Data Files/Give_Feedback (1)"): null

2019-10-31 15:39:48 - [TEST_STEP][PASSED] - YE_Recommend = data.getValue("YE_Recommendations", row): null

2019-10-31 15:39:48 - [TEST_STEP][PASSED] - "---------------------------------------------------------------------------------------": null

2019-10-31 15:39:48 - [TEST_STEP][PASSED] - " Your Experience (page 1) Returned with Recommendation Selection Set to Yes (Default)  |": null

2019-10-31 15:39:48 - [TEST_STEP][PASSED] - "---------------------------------------------------------------------------------------": null

2019-10-31 15:39:48 - [TEST_STEP][PASSED] - "---------------------------------------------------------------------------------------": null

2019-10-31 15:39:48 - [TEST_STEP][PASSED] - " Your Experience (page 1) Recommend this trader?                                       |": null

2019-10-31 15:39:48 - [TEST_STEP][PASSED] - callTestCase(findTestCase("Reusable_Test_Sequences/Give_Feedback/Your_Experience/Recommendation_Selection"), [:], CONTINUE_ON_FAILURE): Call Test Case 'Test Cases/Reusable_Test_Sequences/Give_Feedback/Your_Experience/Recommendation_Selection' successfully

2019-10-31 15:39:49 - [TEST_CASE][PASSED] - Test Cases/Reusable_Test_Sequences/Give_Feedback/Your_Experience/Recommendation_Selection: Test Cases/Reusable_Test_Sequences/Give_Feedback/Your_Experience/Recommendation_Selection

2019-10-31 15:39:49 - [TEST_STEP][PASSED] - data = findTestData("Data Files/Give_Feedback (1)"): null

2019-10-31 15:39:49 - [TEST_STEP][PASSED] - YE_Recommend = data.getValue("YE_Recommendations", row): null

2019-10-31 15:39:49 - [TEST_STEP][PASSED] - "--------------------------------": null

2019-10-31 15:39:49 - [TEST_STEP][PASSED] - "Read data from spreadsheet      |": null

2019-10-31 15:39:49 - [TEST_STEP][PASSED] - "--------------------------------": null

2019-10-31 15:39:49 - [TEST_STEP][PASSED] - "--------------------------------": null

2019-10-31 15:39:49 - [TEST_STEP][PASSED] - "Set Recommendation - Yes or No  |": null

2019-10-31 15:39:49 - [TEST_STEP][PASSED] - if (YE_Recommend == "Yes"): Wait for page load successfully

2019-10-31 15:39:49 - [TEST_STEP][PASSED] - "-----------------------------------------------------------": null

2019-10-31 15:39:49 - [TEST_STEP][PASSED] - " Selected by Default - ReSelecting causes a tool exception |": null

2019-10-31 15:39:49 - [TEST_STEP][PASSED] - " No need to re-select - RESOLVED                           |": null

2019-10-31 15:39:49 - [TEST_STEP][PASSED] - click(findTestObject("Object Repository/Feedback/Page_Checkatrade Give your feedback/Page_Checkatrade Give your feedback/span_Yes")): Object: 'Object Repository/Feedback/Page_Checkatrade Give your feedback/Page_Checkatrade Give your feedback/span_Yes' is clicked on

2019-10-31 15:39:50 - [MESSAGE][PASSED] - Object: 'Object Repository/Feedback/Page_Checkatrade Give your feedback/Page_Checkatrade Give your feedback/span_Yes' is clicked on

2019-10-31 15:39:50 - [TEST_STEP][PASSED] - waitForPageLoad(2): Wait for page load successfully

2019-10-31 15:39:50 - [MESSAGE][PASSED] - Wait for page load successfully

2019-10-31 15:39:50 - [TEST_STEP][PASSED] - out.println("Your Experience, Recommendation, Click on the <" + YE_Recommend + "> Option Button "): null

2019-10-31 15:39:50 - [TEST_STEP][PASSED] - waitForPageLoad(60): Wait for page load successfully

2019-10-31 15:39:50 - [MESSAGE][PASSED] - Wait for page load successfully

2019-10-31 15:39:50 - [MESSAGE][PASSED] - Call Test Case 'Test Cases/Reusable_Test_Sequences/Give_Feedback/Your_Experience/Recommendation_Selection' successfully

2019-10-31 15:39:50 - [TEST_STEP][PASSED] - "---------------------------------------------------------------------------------------": null

2019-10-31 15:39:50 - [TEST_STEP][PASSED] - " SELECTING _ NO Recommend Restructures this PAGE, So need to exclude the below tests  ": null

2019-10-31 15:39:50 - [TEST_STEP][PASSED] - if (YE_Recommend == "Yes"): Call Test Case 'Test Cases/Reusable_Test_Sequences/Give_Feedback/Your_Experience/Feedback_Knowledge' successfully

2019-10-31 15:39:50 - [TEST_STEP][PASSED] - "---------------------------------------------------------------------------------------": null

2019-10-31 15:39:50 - [TEST_STEP][PASSED] - " Your Experience (page 1) Estimation/Quotation Accuracy?                               |": null

2019-10-31 15:39:50 - [TEST_STEP][PASSED] - callTestCase(findTestCase("Reusable_Test_Sequences/Give_Feedback/Your_Experience/Quotation_Selection"), [:], CONTINUE_ON_FAILURE): Call Test Case 'Test Cases/Reusable_Test_Sequences/Give_Feedback/Your_Experience/Quotation_Selection' successfully

2019-10-31 15:39:50 - [TEST_CASE][PASSED] - Test Cases/Reusable_Test_Sequences/Give_Feedback/Your_Experience/Quotation_Selection: Test Cases/Reusable_Test_Sequences/Give_Feedback/Your_Experience/Quotation_Selection

2019-10-31 15:39:50 - [TEST_STEP][PASSED] - "-----------------------": null

2019-10-31 15:39:50 - [TEST_STEP][PASSED] - "Check DEFAULT Setting  |     Default Setting - Nothing Selected": null

2019-10-31 15:39:50 - [TEST_STEP][PASSED] - "-----------------------": null

2019-10-31 15:39:50 - [TEST_STEP][PASSED] - "--------------------------------": null

2019-10-31 15:39:50 - [TEST_STEP][PASSED] - "Read data from spreadsheet      |": null

2019-10-31 15:39:50 - [TEST_STEP][PASSED] - data = findTestData("Data Files/Give_Feedback (1)"): null

2019-10-31 15:39:50 - [TEST_STEP][PASSED] - YE_Estimate = data.getValue("YE_Estimate", row): null

2019-10-31 15:39:50 - [TEST_STEP][PASSED] - "--------------------------------": null

2019-10-31 15:39:50 - [TEST_STEP][PASSED] - "Read data from spreadsheet      |": null

2019-10-31 15:39:50 - [TEST_STEP][PASSED] - out.println("Your Experience, Estimate Accuracy, Click on the " + YE_Estimate + " Option Button "): null

2019-10-31 15:39:50 - [TEST_STEP][PASSED] - "---------------------------------------------------------------------------------------------------------------------------------------------------": null

2019-10-31 15:39:50 - [TEST_STEP][PASSED] - "Set Quotation - Agreed_estimate -OR- Additional_work -OR- More_than_agreed_price_informed -OR- More_than_agreed_price_not_informed -OR- No_estimate|": null

2019-10-31 15:39:50 - [TEST_STEP][PASSED] - "---------------------------------------------------------------------------------------------------------------------------------------------------": null

2019-10-31 15:39:50 - [TEST_STEP][PASSED] - "-------------------------------------------------": null

2019-10-31 15:39:50 - [TEST_STEP][PASSED] - if (YE_Estimate == "Agreed_price"): null

2019-10-31 15:39:50 - [TEST_STEP][PASSED] - "-------------------------------------------------": null

2019-10-31 15:39:50 - [TEST_STEP][PASSED] - if (YE_Estimate == "Additional_work"): null

2019-10-31 15:39:50 - [TEST_STEP][PASSED] - "-----------------------------------------------------------------------": null

2019-10-31 15:39:50 - [TEST_STEP][PASSED] - if (YE_Estimate == "More_than_agreed_price_informed"): Wait for page load successfully

2019-10-31 15:39:50 - [TEST_STEP][PASSED] - click(findTestObject("Page_Checkatrade Give your feedback/span_More than the agreed price but I was kept informed")): Object: 'Object Repository/Page_Checkatrade Give your feedback/span_More than the agreed price but I was kept informed' is clicked on

2019-10-31 15:39:51 - [MESSAGE][PASSED] - Object: 'Object Repository/Page_Checkatrade Give your feedback/span_More than the agreed price but I was kept informed' is clicked on

2019-10-31 15:39:51 - [TEST_STEP][PASSED] - waitForPageLoad(2): Wait for page load successfully

2019-10-31 15:39:51 - [MESSAGE][PASSED] - Wait for page load successfully

2019-10-31 15:39:51 - [TEST_STEP][PASSED] - "-----------------------------------------------------------------------": null

2019-10-31 15:39:51 - [TEST_STEP][PASSED] - if (YE_Estimate == "More_than_agreed_price_not_informed"): null

2019-10-31 15:39:51 - [TEST_STEP][PASSED] - "-----------------------------------------------------------------------": null

2019-10-31 15:39:51 - [TEST_STEP][PASSED] - if (YE_Estimate == "No_estimate"): null

2019-10-31 15:39:51 - [TEST_STEP][PASSED] - out.println("Your Experience, Estimate Accuracy, Click on the " + YE_Estimate + " Option Button "): null

2019-10-31 15:39:51 - [MESSAGE][PASSED] - Call Test Case 'Test Cases/Reusable_Test_Sequences/Give_Feedback/Your_Experience/Quotation_Selection' successfully

2019-10-31 15:39:51 - [TEST_STEP][PASSED] - "---------------------------------------------------------------------------------------": null

2019-10-31 15:39:51 - [TEST_STEP][PASSED] - " Your Experience (page 1) Knowledge of Feedback Process?                               |": null

2019-10-31 15:39:51 - [TEST_STEP][PASSED] - callTestCase(findTestCase("Reusable_Test_Sequences/Give_Feedback/Your_Experience/Feedback_Knowledge"), [:], CONTINUE_ON_FAILURE): Call Test Case 'Test Cases/Reusable_Test_Sequences/Give_Feedback/Your_Experience/Feedback_Knowledge' successfully

2019-10-31 15:39:51 - [TEST_CASE][PASSED] - Test Cases/Reusable_Test_Sequences/Give_Feedback/Your_Experience/Feedback_Knowledge: Test Cases/Reusable_Test_Sequences/Give_Feedback/Your_Experience/Feedback_Knowledge

2019-10-31 15:39:51 - [TEST_STEP][PASSED] - "--------------------------------": null

2019-10-31 15:39:51 - [TEST_STEP][PASSED] - "Read data from spreadsheet      |": null

2019-10-31 15:39:51 - [TEST_STEP][PASSED] - data = findTestData("Data Files/Give_Feedback (1)"): null

2019-10-31 15:39:51 - [TEST_STEP][PASSED] - YE_Feedback_Knowledge = data.getValue("YE_Feedback_Knowledge", row): null

2019-10-31 15:39:51 - [TEST_STEP][PASSED] - out.println("Your Experience, Feedback Knowledge, Click on the " + YE_Feedback_Knowledge + " Option Button "): null

2019-10-31 15:39:51 - [TEST_STEP][PASSED] - "------------------------------------------------": null

2019-10-31 15:39:51 - [TEST_STEP][PASSED] - "Set Knowledge of feedback process? - Yes or No  |": null

2019-10-31 15:39:51 - [TEST_STEP][PASSED] - if (YE_Feedback_Knowledge == "Yes"): null

2019-10-31 15:39:51 - [TEST_STEP][PASSED] - else if (YE_Feedback_Knowledge == "No"): Wait for page load successfully

2019-10-31 15:39:51 - [TEST_STEP][PASSED] - click(findTestObject("Page_Checkatrade Give your feedback/span_No_Experience_Feedback")): Object: 'Object Repository/Page_Checkatrade Give your feedback/span_No_Experience_Feedback' is clicked on

2019-10-31 15:39:51 - [MESSAGE][PASSED] - Object: 'Object Repository/Page_Checkatrade Give your feedback/span_No_Experience_Feedback' is clicked on

2019-10-31 15:39:51 - [TEST_STEP][PASSED] - waitForPageLoad(2): Wait for page load successfully

2019-10-31 15:39:51 - [MESSAGE][PASSED] - Wait for page load successfully

2019-10-31 15:39:51 - [TEST_STEP][PASSED] - out.println("Your Experience, Feedback Knowledge, Click on the <" + YE_Feedback_Knowledge + "> Option Button "): null

2019-10-31 15:39:51 - [MESSAGE][PASSED] - Call Test Case 'Test Cases/Reusable_Test_Sequences/Give_Feedback/Your_Experience/Feedback_Knowledge' successfully

2019-10-31 15:39:51 - [TEST_STEP][PASSED] - "---------------------------------------------------------------------------------------------------------": null

2019-10-31 15:39:51 - [TEST_STEP][PASSED] - " Your Experience (page 1) Hit <Next> Button to Continue to <Your Scores>- (page 2) If Recommend = YES    |": null

2019-10-31 15:39:51 - [TEST_STEP][PASSED] - "                                                        OR <Your Details>-(page 3) If Recommend = NO     |": null

2019-10-31 15:39:51 - [TEST_STEP][PASSED] - callTestCase(findTestCase("Reusable_Test_Sequences/Give_Feedback/Hit_Next"), [:], CONTINUE_ON_FAILURE): Call Test Case 'Test Cases/Reusable_Test_Sequences/Give_Feedback/Hit_Next' successfully

2019-10-31 15:39:51 - [TEST_CASE][PASSED] - Test Cases/Reusable_Test_Sequences/Give_Feedback/Hit_Next: Test Cases/Reusable_Test_Sequences/Give_Feedback/Hit_Next

2019-10-31 15:39:51 - [TEST_STEP][PASSED] - click(findTestObject("Object Repository/Page_Checkatrade Give your feedback/input_No_ctl00contentButton4")): Object: 'Object Repository/Page_Checkatrade Give your feedback/input_No_ctl00contentButton4' is clicked on

2019-10-31 15:39:53 - [MESSAGE][PASSED] - Object: 'Object Repository/Page_Checkatrade Give your feedback/input_No_ctl00contentButton4' is clicked on

2019-10-31 15:39:53 - [TEST_STEP][PASSED] - waitForPageLoad(2): Wait for page load successfully

2019-10-31 15:39:53 - [MESSAGE][PASSED] - Wait for page load successfully

2019-10-31 15:39:53 - [MESSAGE][PASSED] - Call Test Case 'Test Cases/Reusable_Test_Sequences/Give_Feedback/Hit_Next' successfully

2019-10-31 15:39:53 - [TEST_STEP][PASSED] - waitForPageLoad(2): Wait for page load successfully

2019-10-31 15:39:53 - [MESSAGE][PASSED] - Wait for page load successfully

2019-10-31 15:39:53 - [MESSAGE][PASSED] - Call Test Case 'Test Cases/Reusable_Test_Sequences/Give_Feedback/Your_Experience/Your_Experience' successfully

2019-10-31 15:39:53 - [TEST_STEP][PASSED] - "--------------------------------------": null

2019-10-31 15:39:53 - [TEST_STEP][PASSED] - " Your Scores (page 2) Processing      |": null

2019-10-31 15:39:53 - [TEST_STEP][PASSED] - YE_Recommend = data.getValue("YE_Recommendations", row): null

2019-10-31 15:39:53 - [TEST_STEP][PASSED] - YE_WorkCarriedOut = data.getValue("YE_Work_Carried_Out", row): null

2019-10-31 15:39:53 - [TEST_STEP][PASSED] - if (YE_Recommend == "Yes"): Call Test Case 'Test Cases/Reusable_Test_Sequences/Give_Feedback/Your_Scores/Your_Scores' successfully

2019-10-31 15:39:53 - [TEST_STEP][PASSED] - callTestCase(findTestCase("Reusable_Test_Sequences/Give_Feedback/Your_Scores/Your_Scores"), [:], CONTINUE_ON_FAILURE): Call Test Case 'Test Cases/Reusable_Test_Sequences/Give_Feedback/Your_Scores/Your_Scores' successfully

2019-10-31 15:39:53 - [TEST_CASE][PASSED] - Test Cases/Reusable_Test_Sequences/Give_Feedback/Your_Scores/Your_Scores: Test Cases/Reusable_Test_Sequences/Give_Feedback/Your_Scores/Your_Scores

2019-10-31 15:39:53 - [TEST_STEP][PASSED] - "------------------------------------------------------------------------------------------": null

2019-10-31 15:39:53 - [TEST_STEP][PASSED] - " Your Scores (page 2) Returned with 2 Main Sections - <Your Scores> and <Details of Work> |": null

2019-10-31 15:39:53 - [TEST_STEP][PASSED] - "                                             Tidiness Listbox Selection, NA, 0 through 10 |": null

2019-10-31 15:39:53 - [TEST_STEP][PASSED] - "------------------------------------------------------------------------------------------": null

2019-10-31 15:39:53 - [TEST_STEP][PASSED] - "------------------------------------------------------------------------------------------": null

2019-10-31 15:39:53 - [TEST_STEP][PASSED] - " Your Scores (page 2) Returned with 2 Main Sections - <Your Scores> and <Details of Work> |": null

2019-10-31 15:39:53 - [TEST_STEP][PASSED] - "                          Reliability and Timekeeping Listbox Selection, NA, 0 through 10 |": null

2019-10-31 15:39:53 - [TEST_STEP][PASSED] - "------------------------------------------------------------------------------------------": null

2019-10-31 15:39:53 - [TEST_STEP][PASSED] - "------------------------------------------------------------------------------------------": null

2019-10-31 15:39:53 - [TEST_STEP][PASSED] - " Your Scores (page 2) Returned with 2 Main Sections - <Your Scores> and <Details of Work> |": null

2019-10-31 15:39:53 - [TEST_STEP][PASSED] - "                                             Courtesy Listbox Selection, NA, 0 through 10 |": null

2019-10-31 15:39:53 - [TEST_STEP][PASSED] - "------------------------------------------------------------------------------------------": null

2019-10-31 15:39:53 - [TEST_STEP][PASSED] - "------------------------------------------------------------------------------------------": null

2019-10-31 15:39:53 - [TEST_STEP][PASSED] - " Your Scores (page 2) Returned with 2 Main Sections - <Your Scores> and <Details of Work> |": null

2019-10-31 15:39:53 - [TEST_STEP][PASSED] - "                                     Standard of Work Listbox Selection, NA, 0 through 10 |": null

2019-10-31 15:39:53 - [TEST_STEP][PASSED] - callTestCase(findTestCase("Reusable_Test_Sequences/Give_Feedback/Your_Scores/Your_Scores_List_Box_Selection"), [:], CONTINUE_ON_FAILURE): Call Test Case 'Test Cases/Reusable_Test_Sequences/Give_Feedback/Your_Scores/Your_Scores_List_Box_Selection' successfully

2019-10-31 15:39:53 - [TEST_CASE][PASSED] - Test Cases/Reusable_Test_Sequences/Give_Feedback/Your_Scores/Your_Scores_List_Box_Selection: Test Cases/Reusable_Test_Sequences/Give_Feedback/Your_Scores/Your_Scores_List_Box_Selection

2019-10-31 15:39:53 - [TEST_STEP][PASSED] - data = findTestData("Data Files/Give_Feedback (1)"): null

2019-10-31 15:39:53 - [TEST_STEP][PASSED] - YS_Tidiness = data.getValue("YS_Tidiness", row): null

2019-10-31 15:39:53 - [TEST_STEP][PASSED] - YS_Reliability = data.getValue("YS_Reliability", row): null

2019-10-31 15:39:53 - [TEST_STEP][PASSED] - YS_Courtesy = data.getValue("YS_Courtesy", row): null

2019-10-31 15:39:53 - [TEST_STEP][PASSED] - YS_Workmanship = data.getValue("YS_Workmanship", row): null

2019-10-31 15:39:53 - [TEST_STEP][PASSED] - "--------------------------------": null

2019-10-31 15:39:53 - [TEST_STEP][PASSED] - "Read data from spreadsheet      |": null

2019-10-31 15:39:53 - [TEST_STEP][PASSED] - "--------------------------------": null

2019-10-31 15:39:53 - [TEST_STEP][PASSED] - "------------------------------------------------------": null

2019-10-31 15:39:53 - [TEST_STEP][PASSED] - "Select Tidiness Value form List                       |": null

2019-10-31 15:39:53 - [TEST_STEP][PASSED] - selectOptionByValue(findTestObject("Page_Checkatrade Give your feedback/select_--YS_Tidiness"), YS_Tidiness, true): All options with value '2' are selected in object 'Object Repository/Page_Checkatrade Give your feedback/select_--YS_Tidiness'  using regular expression

2019-10-31 15:39:54 - [MESSAGE][PASSED] - All options with value '2' are selected in object 'Object Repository/Page_Checkatrade Give your feedback/select_--YS_Tidiness'  using regular expression

2019-10-31 15:39:54 - [TEST_STEP][PASSED] - "------------------------------------------------------": null

2019-10-31 15:39:54 - [TEST_STEP][PASSED] - "Select Reliability and Timekeeping Value form List    |": null

2019-10-31 15:39:54 - [TEST_STEP][PASSED] - selectOptionByValue(findTestObject("Page_Checkatrade Give your feedback/select_--YS_Reliability"), YS_Reliability, true): All options with value '3' are selected in object 'Object Repository/Page_Checkatrade Give your feedback/select_--YS_Reliability'  using regular expression

2019-10-31 15:39:55 - [MESSAGE][PASSED] - All options with value '3' are selected in object 'Object Repository/Page_Checkatrade Give your feedback/select_--YS_Reliability'  using regular expression

2019-10-31 15:39:55 - [TEST_STEP][PASSED] - "------------------------------------------------------": null

2019-10-31 15:39:55 - [TEST_STEP][PASSED] - "Select Courtesy Value form List                       |": null

2019-10-31 15:39:55 - [TEST_STEP][PASSED] - selectOptionByValue(findTestObject("Page_Checkatrade Give your feedback/select_--YS_Courtesy"), YS_Reliability, true): All options with value '3' are selected in object 'Object Repository/Page_Checkatrade Give your feedback/select_--YS_Courtesy'  using regular expression

2019-10-31 15:39:56 - [MESSAGE][PASSED] - All options with value '3' are selected in object 'Object Repository/Page_Checkatrade Give your feedback/select_--YS_Courtesy'  using regular expression

2019-10-31 15:39:56 - [TEST_STEP][PASSED] - "------------------------------------------------------": null

2019-10-31 15:39:56 - [TEST_STEP][PASSED] - "Select Quality and Workmanship Value form List        |": null

2019-10-31 15:39:56 - [TEST_STEP][PASSED] - selectOptionByValue(findTestObject("Page_Checkatrade Give your feedback/select_--YS_Workmanship"), YS_Workmanship, true): All options with value '1' are selected in object 'Object Repository/Page_Checkatrade Give your feedback/select_--YS_Workmanship'  using regular expression

2019-10-31 15:39:57 - [MESSAGE][PASSED] - All options with value '1' are selected in object 'Object Repository/Page_Checkatrade Give your feedback/select_--YS_Workmanship'  using regular expression

2019-10-31 15:39:57 - [MESSAGE][PASSED] - Call Test Case 'Test Cases/Reusable_Test_Sequences/Give_Feedback/Your_Scores/Your_Scores_List_Box_Selection' successfully

2019-10-31 15:39:57 - [TEST_STEP][PASSED] - "------------------------------------------------------------------------------------------": null

2019-10-31 15:39:57 - [TEST_STEP][PASSED] - " Your Scores (page 2) Returned with 2 Main Sections - <Your Scores> and <Details of Work> |": null

2019-10-31 15:39:57 - [TEST_STEP][PASSED] - " Details of Work Done - Form FIll<Description>,<Approx. date>,<How Long>, <Comments> and  |": null

2019-10-31 15:39:57 - [TEST_STEP][PASSED] - "                                                               <Feedback Publish Confirm> |": null

2019-10-31 15:39:57 - [TEST_STEP][PASSED] - callTestCase(findTestCase("Reusable_Test_Sequences/Give_Feedback/Your_Scores/Details_of_work_Done_Formfill"), [:], CONTINUE_ON_FAILURE): Call Test Case 'Test Cases/Reusable_Test_Sequences/Give_Feedback/Your_Scores/Details_of_work_Done_Formfill' successfully

2019-10-31 15:39:57 - [TEST_CASE][PASSED] - Test Cases/Reusable_Test_Sequences/Give_Feedback/Your_Scores/Details_of_work_Done_Formfill: Test Cases/Reusable_Test_Sequences/Give_Feedback/Your_Scores/Details_of_work_Done_Formfill

2019-10-31 15:39:57 - [TEST_STEP][PASSED] - data = findTestData("Data Files/Give_Feedback (1)"): null

2019-10-31 15:39:57 - [TEST_STEP][PASSED] - YS_Work_Description = data.getValue("YS_Work_Description", row): null

2019-10-31 15:39:57 - [TEST_STEP][PASSED] - YS_Work_Date = data.getValue("YS_Work_Date", row): null

2019-10-31 15:39:57 - [TEST_STEP][PASSED] - YS_Days_to_Complete = data.getValue("YS_Days_to_Complete", row): null

2019-10-31 15:39:57 - [TEST_STEP][PASSED] - YS_Work_Comments = data.getValue("YS_Work_Comments", row): null

2019-10-31 15:39:57 - [TEST_STEP][PASSED] - YS_Feedback_Published = data.getValue("YS_Feedback_Published", row): null

2019-10-31 15:39:57 - [TEST_STEP][PASSED] - "---------------------------------": null

2019-10-31 15:39:57 - [TEST_STEP][PASSED] - "Read data from spreadsheet       |": null

2019-10-31 15:39:57 - [TEST_STEP][PASSED] - "---------------------------------": null

2019-10-31 15:39:57 - [TEST_STEP][PASSED] - "---------------------------------": null

2019-10-31 15:39:57 - [TEST_STEP][PASSED] - "Brief description of work done   |": null

2019-10-31 15:39:57 - [TEST_STEP][PASSED] - setText(findTestObject("Object Repository/Page_Checkatrade Give your feedback/input_Brief description of work done_ctl00contenttbWorkDescription"), YS_Work_Description): Text 'New Parrot Fitted :-)' is set on object 'Object Repository/Page_Checkatrade Give your feedback/input_Brief description of work done_ctl00contenttbWorkDescription'

2019-10-31 15:39:57 - [MESSAGE][PASSED] - Text 'New Parrot Fitted :-)' is set on object 'Object Repository/Page_Checkatrade Give your feedback/input_Brief description of work done_ctl00contenttbWorkDescription'

2019-10-31 15:39:57 - [TEST_STEP][PASSED] - "---------------------------------": null

2019-10-31 15:39:57 - [TEST_STEP][PASSED] - "Date work was done (approx)      |": null

2019-10-31 15:39:57 - [TEST_STEP][PASSED] - "---------------------------------": null

2019-10-31 15:39:57 - [TEST_STEP][PASSED] - "---------------------------------": null

2019-10-31 15:39:57 - [TEST_STEP][PASSED] - "How many days did this job take? |": null

2019-10-31 15:39:57 - [TEST_STEP][PASSED] - setText(findTestObject("Object Repository/Page_Checkatrade Give your feedback/input_How many days did this job take"), YS_Days_to_Complete): Text '27' is set on object 'Object Repository/Page_Checkatrade Give your feedback/input_How many days did this job take'

2019-10-31 15:39:57 - [MESSAGE][PASSED] - Text '27' is set on object 'Object Repository/Page_Checkatrade Give your feedback/input_How many days did this job take'

2019-10-31 15:39:57 - [TEST_STEP][PASSED] - "---------------------------------": null

2019-10-31 15:39:57 - [TEST_STEP][PASSED] - "Your comments about the work     |": null

2019-10-31 15:39:57 - [TEST_STEP][PASSED] - setText(findTestObject("Object Repository/Page_Checkatrade Give your feedback/textarea_Your comments about the work_ctl00contenttbWorkComments"), YS_Work_Comments): Text 'Call the Police' is set on object 'Object Repository/Page_Checkatrade Give your feedback/textarea_Your comments about the work_ctl00contenttbWorkComments'

2019-10-31 15:39:57 - [MESSAGE][PASSED] - Text 'Call the Police' is set on object 'Object Repository/Page_Checkatrade Give your feedback/textarea_Your comments about the work_ctl00contenttbWorkComments'

2019-10-31 15:39:57 - [TEST_STEP][PASSED] - "---------------------------------------": null

2019-10-31 15:39:57 - [TEST_STEP][PASSED] - " Scroll Bottom of Page Into View       |": null

2019-10-31 15:39:57 - [TEST_STEP][PASSED] - "---------------------------------------": null

2019-10-31 15:39:57 - [TEST_STEP][PASSED] - "-----------------------------------------------------": null

2019-10-31 15:39:57 - [TEST_STEP][PASSED] - "Would you like your feedback published? - Yes or No  |": null

2019-10-31 15:39:57 - [TEST_STEP][PASSED] - if (YS_Feedback_Published == "Yes"): null

2019-10-31 15:39:57 - [TEST_STEP][PASSED] - else if (YS_Feedback_Published == "No"): Text 'We understand that you may not want us to contact the member, and we would like to understand why' is present on page 

2019-10-31 15:39:57 - [TEST_STEP][PASSED] - waitForElementPresent(findTestObject("Feedback/Page_Checkatrade Give your feedback/span_Publish_Feedback_No"), 10): Object 'Object Repository/Feedback/Page_Checkatrade Give your feedback/span_Publish_Feedback_No' is present

2019-10-31 15:39:57 - [MESSAGE][PASSED] - Object 'Object Repository/Feedback/Page_Checkatrade Give your feedback/span_Publish_Feedback_No' is present

2019-10-31 15:39:57 - [TEST_STEP][PASSED] - click(findTestObject("Feedback/Page_Checkatrade Give your feedback/span_Publish_Feedback_No")): Object: 'Object Repository/Feedback/Page_Checkatrade Give your feedback/span_Publish_Feedback_No' is clicked on

2019-10-31 15:39:58 - [MESSAGE][PASSED] - Object: 'Object Repository/Feedback/Page_Checkatrade Give your feedback/span_Publish_Feedback_No' is clicked on

2019-10-31 15:39:58 - [TEST_STEP][PASSED] - waitForPageLoad(60): Wait for page load successfully

2019-10-31 15:39:58 - [MESSAGE][PASSED] - Wait for page load successfully

2019-10-31 15:39:58 - [TEST_STEP][PASSED] - delay(1): Delayed 1 second(s)

2019-10-31 15:39:59 - [MESSAGE][PASSED] - Delayed 1 second(s)

2019-10-31 15:39:59 - [TEST_STEP][PASSED] - verifyTextPresent("We understand that you may not want us to contact the member, and we would like to understand why", false): Text 'We understand that you may not want us to contact the member, and we would like to understand why' is present on page 

2019-10-31 15:39:59 - [MESSAGE][PASSED] - Text 'We understand that you may not want us to contact the member, and we would like to understand why' is present on page 

2019-10-31 15:39:59 - [TEST_STEP][PASSED] - out.println("Your Experience, Recommendation, Click on the " + YS_Feedback_Published + " Option Button "): null

2019-10-31 15:39:59 - [TEST_STEP][PASSED] - delay(1): Delayed 1 second(s)

2019-10-31 15:40:00 - [MESSAGE][PASSED] - Delayed 1 second(s)

2019-10-31 15:40:00 - [TEST_STEP][PASSED] - "---------------------------------": null

2019-10-31 15:40:00 - [TEST_STEP][PASSED] - "Your comments about the work     |": null

2019-10-31 15:40:00 - [TEST_STEP][PASSED] - click(findTestObject("Object Repository/Page_Checkatrade Give your feedback/input_No_ctl00contentButton6")): Object: 'Object Repository/Page_Checkatrade Give your feedback/input_No_ctl00contentButton6' is clicked on

2019-10-31 15:40:01 - [MESSAGE][PASSED] - Object: 'Object Repository/Page_Checkatrade Give your feedback/input_No_ctl00contentButton6' is clicked on

2019-10-31 15:40:01 - [MESSAGE][PASSED] - Call Test Case 'Test Cases/Reusable_Test_Sequences/Give_Feedback/Your_Scores/Details_of_work_Done_Formfill' successfully

2019-10-31 15:40:01 - [TEST_STEP][PASSED] - scrollToPosition(125, 0): Browser is scrolled to position x = 125, y = 0

2019-10-31 15:40:01 - [MESSAGE][PASSED] - Browser is scrolled to position x = 125, y = 0

2019-10-31 15:40:01 - [TEST_STEP][PASSED] - "------------------------------------------------------------------------------------------": null

2019-10-31 15:40:01 - [TEST_STEP][PASSED] - " Your Experience (page 2) Hit <Next> Button to Continue to <Your Details>- (page 3)       |": null

2019-10-31 15:40:01 - [TEST_STEP][PASSED] - try: null

2019-10-31 15:40:01 - [TEST_STEP][PASSED] - callTestCase(findTestCase("Reusable_Test_Sequences/Give_Feedback/Your_Scores/Hit_Next"), 1): null

2019-10-31 15:40:01 - [TEST_STEP][PASSED] - catch (Exception e): null

2019-10-31 15:40:01 - [MESSAGE][PASSED] - Call Test Case 'Test Cases/Reusable_Test_Sequences/Give_Feedback/Your_Scores/Your_Scores' successfully

2019-10-31 15:40:01 - [TEST_STEP][PASSED] - if (YE_Recommend == "No" && YE_WorkCarriedOut == "Yes"): null

2019-10-31 15:40:01 - [TEST_STEP][PASSED] - "--------------------------------------": null

2019-10-31 15:40:01 - [TEST_STEP][PASSED] - " Your Details (page 3) Processing     |": null

2019-10-31 15:40:01 - [TEST_STEP][PASSED] - callTestCase(findTestCase("Reusable_Test_Sequences/Give_Feedback/Your_Details/Your_Details"), [:], CONTINUE_ON_FAILURE): Call Test Case 'Test Cases/Reusable_Test_Sequences/Give_Feedback/Your_Details/Your_Details' successfully

2019-10-31 15:40:01 - [TEST_CASE][PASSED] - Test Cases/Reusable_Test_Sequences/Give_Feedback/Your_Details/Your_Details: Test Cases/Reusable_Test_Sequences/Give_Feedback/Your_Details/Your_Details

2019-10-31 15:40:01 - [TEST_STEP][PASSED] - "---------------------------------------------------------------------------------------": null

2019-10-31 15:40:01 - [TEST_STEP][PASSED] - " Your Details (page 3)                                                                 |": null

2019-10-31 15:40:01 - [TEST_STEP][PASSED] - "---------------------------------------------------------------------------------------": null

2019-10-31 15:40:01 - [TEST_STEP][PASSED] - "-------------------------------------": null

2019-10-31 15:40:01 - [TEST_STEP][PASSED] - " Consumer or Customer Selection      |": null

2019-10-31 15:40:01 - [TEST_STEP][PASSED] - callTestCase(findTestCase("Reusable_Test_Sequences/Give_Feedback/Your_Details/Consumer_or_Customer_Selection"), [:], CONTINUE_ON_FAILURE): Call Test Case 'Test Cases/Reusable_Test_Sequences/Give_Feedback/Your_Details/Consumer_or_Customer_Selection' successfully

2019-10-31 15:40:01 - [TEST_CASE][PASSED] - Test Cases/Reusable_Test_Sequences/Give_Feedback/Your_Details/Consumer_or_Customer_Selection: Test Cases/Reusable_Test_Sequences/Give_Feedback/Your_Details/Consumer_or_Customer_Selection

2019-10-31 15:40:01 - [TEST_STEP][PASSED] - "--------------------------------": null

2019-10-31 15:40:01 - [TEST_STEP][PASSED] - "Read data from spreadsheet      |": null

2019-10-31 15:40:01 - [TEST_STEP][PASSED] - data = findTestData("Data Files/Give_Feedback (1)"): null

2019-10-31 15:40:02 - [TEST_STEP][PASSED] - YD_Consumer_Customer = data.getValue("YD_Consumer_Customer", row): null

2019-10-31 15:40:02 - [TEST_STEP][PASSED] - out.println("Your Details, Consumer OR Trade Customer, Click on the " + YD_Consumer_Customer + " Option Button "): null

2019-10-31 15:40:02 - [TEST_STEP][PASSED] - try: null

2019-10-31 15:40:02 - [TEST_STEP][PASSED] - if (YD_Consumer_Customer == "Consumer"): null

2019-10-31 15:40:02 - [TEST_STEP][PASSED] - catch (Exception e): null

2019-10-31 15:40:02 - [TEST_STEP][PASSED] - if (YD_Consumer_Customer == "Customer"): null

2019-10-31 15:40:02 - [TEST_STEP][PASSED] - out.println("Your Experience, Recommendation, Click on the " + YD_Consumer_Customer + " Option Button "): null

2019-10-31 15:40:02 - [MESSAGE][PASSED] - Call Test Case 'Test Cases/Reusable_Test_Sequences/Give_Feedback/Your_Details/Consumer_or_Customer_Selection' successfully

2019-10-31 15:40:02 - [TEST_STEP][PASSED] - "-------------------------------------": null

2019-10-31 15:40:02 - [TEST_STEP][PASSED] - " Fill Personal Details               |": null

2019-10-31 15:40:02 - [TEST_STEP][PASSED] - callTestCase(findTestCase("Reusable_Test_Sequences/Give_Feedback/Your_Details/Personal_Details_Formfill"), [:], CONTINUE_ON_FAILURE): Call Test Case 'Test Cases/Reusable_Test_Sequences/Give_Feedback/Your_Details/Personal_Details_Formfill' successfully

2019-10-31 15:40:02 - [TEST_CASE][PASSED] - Test Cases/Reusable_Test_Sequences/Give_Feedback/Your_Details/Personal_Details_Formfill: Test Cases/Reusable_Test_Sequences/Give_Feedback/Your_Details/Personal_Details_Formfill

2019-10-31 15:40:02 - [TEST_STEP][PASSED] - "--------------------------------": null

2019-10-31 15:40:02 - [TEST_STEP][PASSED] - "Read data from spreadsheet      |": null

2019-10-31 15:40:02 - [TEST_STEP][PASSED] - data = findTestData("Data Files/Give_Feedback (1)"): null

2019-10-31 15:40:02 - [TEST_STEP][PASSED] - YD_Salutation = data.getValue("YD_Salutation", row): null

2019-10-31 15:40:02 - [TEST_STEP][PASSED] - YD_Name = data.getValue("YD_Name", row): null

2019-10-31 15:40:02 - [TEST_STEP][PASSED] - YD_Company_Name = data.getValue("YD_Company_Name", row): null

2019-10-31 15:40:02 - [TEST_STEP][PASSED] - YD_Postcode = data.getValue("YD_Postcode", row): null

2019-10-31 15:40:02 - [TEST_STEP][PASSED] - YD_Verify_Address = data.getValue("YD_Verify_Address", row): null

2019-10-31 15:40:02 - [TEST_STEP][PASSED] - YD_Consumer_Customer = data.getValue("YD_Consumer_Customer", row): null

2019-10-31 15:40:02 - [TEST_STEP][PASSED] - out.println("Your Experience, Your details, Set the " + YD_Salutation + " Text Box "): null

2019-10-31 15:40:02 - [TEST_STEP][PASSED] - "--------------------": null

2019-10-31 15:40:02 - [TEST_STEP][PASSED] - "  Set  Salutation   |": null

2019-10-31 15:40:02 - [TEST_STEP][PASSED] - selectOptionByValue(findTestObject("Object Repository/New Folder/Page_Checkatrade Give your feedback/select_MrMrsMissMsMr  MrsDrRevRevd"), YD_Salutation, true): All options with value 'Mr' are selected in object 'Object Repository/New Folder/Page_Checkatrade Give your feedback/select_MrMrsMissMsMr  MrsDrRevRevd'  using regular expression

2019-10-31 15:40:03 - [MESSAGE][PASSED] - All options with value 'Mr' are selected in object 'Object Repository/New Folder/Page_Checkatrade Give your feedback/select_MrMrsMissMsMr  MrsDrRevRevd'  using regular expression

2019-10-31 15:40:03 - [TEST_STEP][PASSED] - "--------------------": null

2019-10-31 15:40:03 - [TEST_STEP][PASSED] - "  Set  Name         |": null

2019-10-31 15:40:03 - [TEST_STEP][PASSED] - if (YD_Consumer_Customer == "Consumer"): Text 'Ron Smith' is set on object 'Object Repository/New Folder/Page_Checkatrade Give your feedback/input_Name_ctl00contenttbCustomerName'

2019-10-31 15:40:03 - [TEST_STEP][PASSED] - setText(findTestObject("Object Repository/New Folder/Page_Checkatrade Give your feedback/input_Name_ctl00contenttbCustomerName"), YD_Name): Text 'Ron Smith' is set on object 'Object Repository/New Folder/Page_Checkatrade Give your feedback/input_Name_ctl00contenttbCustomerName'

2019-10-31 15:40:03 - [MESSAGE][PASSED] - Text 'Ron Smith' is set on object 'Object Repository/New Folder/Page_Checkatrade Give your feedback/input_Name_ctl00contenttbCustomerName'

2019-10-31 15:40:03 - [TEST_STEP][PASSED] - "----------------------": null

2019-10-31 15:40:03 - [TEST_STEP][PASSED] - " Name of you company  |": null

2019-10-31 15:40:03 - [TEST_STEP][PASSED] - if (YD_Consumer_Customer == "Customer"): null

2019-10-31 15:40:03 - [TEST_STEP][PASSED] - "--------------------": null

2019-10-31 15:40:03 - [TEST_STEP][PASSED] - "  Set Postcode     |": null

2019-10-31 15:40:03 - [TEST_STEP][PASSED] - setText(findTestObject("Object Repository/New Folder/Page_Checkatrade Give your feedback/input_Your postcode_ctl00contentctlCustomerAddresstbPostcodeSearch"), YD_Postcode): Text 'PO12 2SD' is set on object 'Object Repository/New Folder/Page_Checkatrade Give your feedback/input_Your postcode_ctl00contentctlCustomerAddresstbPostcodeSearch'

2019-10-31 15:40:04 - [MESSAGE][PASSED] - Text 'PO12 2SD' is set on object 'Object Repository/New Folder/Page_Checkatrade Give your feedback/input_Your postcode_ctl00contentctlCustomerAddresstbPostcodeSearch'

2019-10-31 15:40:04 - [TEST_STEP][PASSED] - "-----------------------------": null

2019-10-31 15:40:04 - [TEST_STEP][PASSED] - "  Address Lookup Selection   |": null

2019-10-31 15:40:04 - [TEST_STEP][PASSED] - click(findTestObject("Object Repository/New Folder/Page_Checkatrade Give your feedback/input_Your postcode_ctl00contentctlCustomerAddressbtnPostcodeLookup")): Object: 'Object Repository/New Folder/Page_Checkatrade Give your feedback/input_Your postcode_ctl00contentctlCustomerAddressbtnPostcodeLookup' is clicked on

2019-10-31 15:40:04 - [MESSAGE][PASSED] - Object: 'Object Repository/New Folder/Page_Checkatrade Give your feedback/input_Your postcode_ctl00contentctlCustomerAddressbtnPostcodeLookup' is clicked on

2019-10-31 15:40:04 - [TEST_STEP][PASSED] - "-----------------------------": null

2019-10-31 15:40:04 - [TEST_STEP][PASSED] - "  Address Lookup Set         |": null

2019-10-31 15:40:04 - [TEST_STEP][PASSED] - selectOptionByLabel(findTestObject("Object Repository/New Folder/Page_Checkatrade Give your feedback/select_Please select your address"), YD_Verify_Address, true): All options with label '26 Broadsands Drive,Gosport,Hampshire,PO12 2SD' are selected in object 'Object Repository/New Folder/Page_Checkatrade Give your feedback/select_Please select your address'  using regular expression

2019-10-31 15:40:05 - [MESSAGE][PASSED] - All options with label '26 Broadsands Drive,Gosport,Hampshire,PO12 2SD' are selected in object 'Object Repository/New Folder/Page_Checkatrade Give your feedback/select_Please select your address'  using regular expression

2019-10-31 15:40:05 - [TEST_STEP][PASSED] - "-----------------------------": null

2019-10-31 15:40:05 - [TEST_STEP][PASSED] - "  Verify Returned Address    |": null

2019-10-31 15:40:05 - [TEST_STEP][PASSED] - verifyTextPresent(YD_Verify_Address, false): Text '26 Broadsands Drive,Gosport,Hampshire,PO12 2SD' is present on page 

2019-10-31 15:40:05 - [MESSAGE][PASSED] - Text '26 Broadsands Drive,Gosport,Hampshire,PO12 2SD' is present on page 

2019-10-31 15:40:05 - [MESSAGE][PASSED] - Call Test Case 'Test Cases/Reusable_Test_Sequences/Give_Feedback/Your_Details/Personal_Details_Formfill' successfully

2019-10-31 15:40:05 - [TEST_STEP][PASSED] - "-------------------------------------": null

2019-10-31 15:40:05 - [TEST_STEP][PASSED] - " Fil Contact Details                 |": null

2019-10-31 15:40:05 - [TEST_STEP][PASSED] - callTestCase(findTestCase("Reusable_Test_Sequences/Give_Feedback/Your_Details/Contact_Details_Formfill"), [:], CONTINUE_ON_FAILURE): Call Test Case 'Test Cases/Reusable_Test_Sequences/Give_Feedback/Your_Details/Contact_Details_Formfill' successfully

2019-10-31 15:40:05 - [TEST_CASE][PASSED] - Test Cases/Reusable_Test_Sequences/Give_Feedback/Your_Details/Contact_Details_Formfill: Test Cases/Reusable_Test_Sequences/Give_Feedback/Your_Details/Contact_Details_Formfill

2019-10-31 15:40:05 - [TEST_STEP][PASSED] - "--------------------------------": null

2019-10-31 15:40:05 - [TEST_STEP][PASSED] - "Read data from spreadsheet      |": null

2019-10-31 15:40:05 - [TEST_STEP][PASSED] - data = findTestData("Data Files/Give_Feedback (1)"): null

2019-10-31 15:40:06 - [TEST_STEP][PASSED] - YD_Home_Phone = data.getValue("YD_Home_Phone", row): null

2019-10-31 15:40:06 - [TEST_STEP][PASSED] - YD_Name = data.getValue("YD_Name", row): null

2019-10-31 15:40:06 - [TEST_STEP][PASSED] - YD_Best_Contact_Time = data.getValue("YD_Best_Contact_Time", row): null

2019-10-31 15:40:06 - [TEST_STEP][PASSED] - YD_Email = data.getValue("YD_Email", row): null

2019-10-31 15:40:06 - [TEST_STEP][PASSED] - YD_Mobile = data.getValue("YD_Mobile", row): null

2019-10-31 15:40:06 - [TEST_STEP][PASSED] - YD_Consumer_Customer = data.getValue("YD_Consumer_Customer", row): null

2019-10-31 15:40:06 - [TEST_STEP][PASSED] - out.println("Your Experience, Your details, Set the " + YD_Home_Phone + " Text Box "): null

2019-10-31 15:40:06 - [TEST_STEP][PASSED] - "------------------------------": null

2019-10-31 15:40:06 - [TEST_STEP][PASSED] - "  Set Home Telephone Number   |": null

2019-10-31 15:40:06 - [TEST_STEP][PASSED] - setText(findTestObject("Object Repository/New Folder/Page_Checkatrade Give your feedback/input_Home telephone_ctl00contenttbCustomerHomePhone"), YD_Home_Phone): Text '02392123456' is set on object 'Object Repository/New Folder/Page_Checkatrade Give your feedback/input_Home telephone_ctl00contenttbCustomerHomePhone'

2019-10-31 15:40:06 - [MESSAGE][PASSED] - Text '02392123456' is set on object 'Object Repository/New Folder/Page_Checkatrade Give your feedback/input_Home telephone_ctl00contenttbCustomerHomePhone'

2019-10-31 15:40:06 - [TEST_STEP][PASSED] - "------------------------------": null

2019-10-31 15:40:06 - [TEST_STEP][PASSED] - "  Set Best Time to Contact    |": null

2019-10-31 15:40:06 - [TEST_STEP][PASSED] - if (YD_Consumer_Customer == "Consumer"): Text 'Between Midnight and 2AM' is set on object 'Object Repository/New Folder/Page_Checkatrade Give your feedback/input_Best time to contact you_ctl00contenttbCustomerContactTime'

2019-10-31 15:40:06 - [TEST_STEP][PASSED] - setText(findTestObject("Object Repository/New Folder/Page_Checkatrade Give your feedback/input_Best time to contact you_ctl00contenttbCustomerContactTime"), YD_Best_Contact_Time): Text 'Between Midnight and 2AM' is set on object 'Object Repository/New Folder/Page_Checkatrade Give your feedback/input_Best time to contact you_ctl00contenttbCustomerContactTime'

2019-10-31 15:40:06 - [MESSAGE][PASSED] - Text 'Between Midnight and 2AM' is set on object 'Object Repository/New Folder/Page_Checkatrade Give your feedback/input_Best time to contact you_ctl00contenttbCustomerContactTime'

2019-10-31 15:40:06 - [TEST_STEP][PASSED] - "------------------------------": null

2019-10-31 15:40:06 - [TEST_STEP][PASSED] - "  Set Email Address           |": null

2019-10-31 15:40:06 - [TEST_STEP][PASSED] - setText(findTestObject("Object Repository/New Folder/Page_Checkatrade Give your feedback/input_Email_ctl00contenttbCustomerEmail"), YD_Email): Text 'Test_xxxxxx@xdxdxdxd.com' is set on object 'Object Repository/New Folder/Page_Checkatrade Give your feedback/input_Email_ctl00contenttbCustomerEmail'

2019-10-31 15:40:06 - [MESSAGE][PASSED] - Text 'Test_xxxxxx@xdxdxdxd.com' is set on object 'Object Repository/New Folder/Page_Checkatrade Give your feedback/input_Email_ctl00contenttbCustomerEmail'

2019-10-31 15:40:06 - [TEST_STEP][PASSED] - "------------------------------": null

2019-10-31 15:40:06 - [TEST_STEP][PASSED] - "  Set Mobile Telephone Number |": null

2019-10-31 15:40:06 - [TEST_STEP][PASSED] - setText(findTestObject("Object Repository/New Folder/Page_Checkatrade Give your feedback/input_Mobile_ctl00contenttbCustomerMobile"), YD_Mobile): Text '07788123456' is set on object 'Object Repository/New Folder/Page_Checkatrade Give your feedback/input_Mobile_ctl00contenttbCustomerMobile'

2019-10-31 15:40:06 - [MESSAGE][PASSED] - Text '07788123456' is set on object 'Object Repository/New Folder/Page_Checkatrade Give your feedback/input_Mobile_ctl00contenttbCustomerMobile'

2019-10-31 15:40:06 - [MESSAGE][PASSED] - Call Test Case 'Test Cases/Reusable_Test_Sequences/Give_Feedback/Your_Details/Contact_Details_Formfill' successfully

2019-10-31 15:40:06 - [TEST_STEP][PASSED] - "-------------------------------------": null

2019-10-31 15:40:06 - [TEST_STEP][PASSED] - " CHeckatrade Questions               |": null

2019-10-31 15:40:06 - [TEST_STEP][PASSED] - callTestCase(findTestCase("Reusable_Test_Sequences/Give_Feedback/Your_Details/Checkatrade_Questions"), [:], CONTINUE_ON_FAILURE): Call Test Case 'Test Cases/Reusable_Test_Sequences/Give_Feedback/Your_Details/Checkatrade_Questions' successfully

2019-10-31 15:40:06 - [TEST_CASE][PASSED] - Test Cases/Reusable_Test_Sequences/Give_Feedback/Your_Details/Checkatrade_Questions: Test Cases/Reusable_Test_Sequences/Give_Feedback/Your_Details/Checkatrade_Questions

2019-10-31 15:40:06 - [TEST_STEP][PASSED] - "--------------------------------": null

2019-10-31 15:40:06 - [TEST_STEP][PASSED] - "Read data from spreadsheet      |": null

2019-10-31 15:40:06 - [TEST_STEP][PASSED] - data = findTestData("Data Files/Give_Feedback (1)"): null

2019-10-31 15:40:06 - [TEST_STEP][PASSED] - YD_Feedback_Method = data.getValue("YD_Feedback_Method", row): null

2019-10-31 15:40:06 - [TEST_STEP][PASSED] - YD_How_Did_You_Hear = data.getValue("YD_How_Did_You_Hear", row): null

2019-10-31 15:40:06 - [TEST_STEP][PASSED] - YD_Other_Response = data.getValue("YD_Other_Response", row): null

2019-10-31 15:40:06 - [TEST_STEP][PASSED] - YD_Reason_For_Tradeperson_Selection = data.getValue("YD_Reason_For_Tradeperson_Selection", row): null

2019-10-31 15:40:06 - [TEST_STEP][PASSED] - YD_Receive_Chekatrade_Updates = data.getValue("YD_Receive_Chekatrade_Updates", row): null

2019-10-31 15:40:06 - [TEST_STEP][PASSED] - YD_Receive_Third_Party_Updates = data.getValue("YD_Receive_Third_Party_Updates", row): null

2019-10-31 15:40:06 - [TEST_STEP][PASSED] - out.println("Your Experience, Your details, Set the " + YD_Feedback_Method + " Text Box "): null

2019-10-31 15:40:06 - [TEST_STEP][PASSED] - "------------------------------------": null

2019-10-31 15:40:06 - [TEST_STEP][PASSED] - "  Set Verify Options - SMS OR Email |": null

2019-10-31 15:40:06 - [TEST_STEP][PASSED] - if (YD_Feedback_Method == "email"): Wait for page load successfully

2019-10-31 15:40:06 - [TEST_STEP][PASSED] - click(findTestObject("Object Repository/Page_Checkatrade Give your feedback/span_Verify by email")): Object: 'Object Repository/Page_Checkatrade Give your feedback/span_Verify by email' is clicked on

2019-10-31 15:40:06 - [MESSAGE][PASSED] - Object: 'Object Repository/Page_Checkatrade Give your feedback/span_Verify by email' is clicked on

2019-10-31 15:40:06 - [TEST_STEP][PASSED] - waitForPageLoad(2): Wait for page load successfully

2019-10-31 15:40:06 - [MESSAGE][PASSED] - Wait for page load successfully

2019-10-31 15:40:06 - [TEST_STEP][PASSED] - "--------------------------------------": null

2019-10-31 15:40:06 - [TEST_STEP][PASSED] - " Scroll to <Next> Button              |": null

2019-10-31 15:40:06 - [TEST_STEP][PASSED] - scrollToPosition(200, 0): Browser is scrolled to position x = 200, y = 0

2019-10-31 15:40:06 - [MESSAGE][PASSED] - Browser is scrolled to position x = 200, y = 0

2019-10-31 15:40:06 - [TEST_STEP][PASSED] - "--------------------------------------": null

2019-10-31 15:40:06 - [TEST_STEP][PASSED] - "  Set How You Heard About Checkatrade |": null

2019-10-31 15:40:06 - [TEST_STEP][PASSED] - waitForPageLoad(2): Wait for page load successfully

2019-10-31 15:40:06 - [MESSAGE][PASSED] - Wait for page load successfully

2019-10-31 15:40:06 - [TEST_STEP][PASSED] - selectOptionByLabel(findTestObject("Object Repository/Page_Checkatrade Give your feedback/select_Please selectTVRadioOnlineDirectoryWord"), YD_How_Did_You_Hear, true): All options with label 'Radio' are selected in object 'Object Repository/Page_Checkatrade Give your feedback/select_Please selectTVRadioOnlineDirectoryWord'  using regular expression

2019-10-31 15:40:07 - [MESSAGE][PASSED] - All options with label 'Radio' are selected in object 'Object Repository/Page_Checkatrade Give your feedback/select_Please selectTVRadioOnlineDirectoryWord'  using regular expression

2019-10-31 15:40:07 - [TEST_STEP][PASSED] - "--------------------------------------": null

2019-10-31 15:40:07 - [TEST_STEP][PASSED] - "  How did you hear about Textbox      |": null

2019-10-31 15:40:07 - [TEST_STEP][PASSED] - if (YD_How_Did_You_Hear == "Other"): null

2019-10-31 15:40:07 - [TEST_STEP][PASSED] - "--------------------------------------": null

2019-10-31 15:40:07 - [TEST_STEP][PASSED] - "  Why Use The Selected Tradesperson   |": null

2019-10-31 15:40:07 - [TEST_STEP][PASSED] - selectOptionByIndex(findTestObject("Object Repository/New Folder/Page_Checkatrade Give your feedback/select_Prefer not to sayFound the Tradesperson via CheckatradecomDirected to Checkatradecom by the Tradesperson"), 2): All options with index in [2] are selected on object 'Object Repository/New Folder/Page_Checkatrade Give your feedback/select_Prefer not to sayFound the Tradesperson via CheckatradecomDirected to Checkatradecom by the Tradesperson'

2019-10-31 15:40:07 - [MESSAGE][PASSED] - All options with index in [2] are selected on object 'Object Repository/New Folder/Page_Checkatrade Give your feedback/select_Prefer not to sayFound the Tradesperson via CheckatradecomDirected to Checkatradecom by the Tradesperson'

2019-10-31 15:40:07 - [TEST_STEP][PASSED] - "----------------------------------------------------": null

2019-10-31 15:40:07 - [TEST_STEP][PASSED] - " Select - I am happy to receive Updates - Checkatra |": null

2019-10-31 15:40:07 - [TEST_STEP][PASSED] - if (YD_Receive_Chekatrade_Updates == "Yes"): null

2019-10-31 15:40:07 - [TEST_STEP][PASSED] - "----------------------------------------------------": null

2019-10-31 15:40:07 - [TEST_STEP][PASSED] - " Select - I am happy to receive Updates - 3rd party |": null

2019-10-31 15:40:07 - [TEST_STEP][PASSED] - if (YD_Receive_Third_Party_Updates == "Yes"): null

2019-10-31 15:40:07 - [TEST_STEP][PASSED] - "--------------------------------------": null

2019-10-31 15:40:07 - [TEST_STEP][PASSED] - "   SUBMIT Page                        |": null

2019-10-31 15:40:07 - [TEST_STEP][PASSED] - click(findTestObject("Object Repository/New Folder/Page_Checkatrade Give your feedback/input_here_ctl00contentButtonSubmit")): Object: 'Object Repository/New Folder/Page_Checkatrade Give your feedback/input_here_ctl00contentButtonSubmit' is clicked on

2019-10-31 15:40:09 - [MESSAGE][PASSED] - Object: 'Object Repository/New Folder/Page_Checkatrade Give your feedback/input_here_ctl00contentButtonSubmit' is clicked on

2019-10-31 15:40:09 - [TEST_STEP][PASSED] - waitForPageLoad(2): Wait for page load successfully

2019-10-31 15:40:10 - [MESSAGE][PASSED] - Wait for page load successfully

2019-10-31 15:40:10 - [MESSAGE][PASSED] - Call Test Case 'Test Cases/Reusable_Test_Sequences/Give_Feedback/Your_Details/Checkatrade_Questions' successfully

2019-10-31 15:40:10 - [TEST_STEP][PASSED] - "-------------------------------------": null

2019-10-31 15:40:10 - [TEST_STEP][PASSED] - " Commit form                         |": null

2019-10-31 15:40:10 - [TEST_STEP][PASSED] - waitForPageLoad(60): Wait for page load successfully

2019-10-31 15:40:10 - [MESSAGE][PASSED] - Wait for page load successfully

2019-10-31 15:40:10 - [MESSAGE][PASSED] - Call Test Case 'Test Cases/Reusable_Test_Sequences/Give_Feedback/Your_Details/Your_Details' successfully

2019-10-31 15:40:10 - [TEST_STEP][PASSED] - "--------------------------------------": null

2019-10-31 15:40:10 - [TEST_STEP][PASSED] - " Further Info (page 4) Processing     |": null

2019-10-31 15:40:10 - [TEST_STEP][PASSED] - callTestCase(findTestCase("Reusable_Test_Sequences/Give_Feedback/Further_Infomation/Further_Information"), [:], CONTINUE_ON_FAILURE): Call Test Case 'Test Cases/Reusable_Test_Sequences/Give_Feedback/Further_Infomation/Further_Information' successfully

2019-10-31 15:40:10 - [TEST_CASE][PASSED] - Test Cases/Reusable_Test_Sequences/Give_Feedback/Further_Infomation/Further_Information: Test Cases/Reusable_Test_Sequences/Give_Feedback/Further_Infomation/Further_Information

2019-10-31 15:40:10 - [TEST_STEP][PASSED] - "--------------------------------": null

2019-10-31 15:40:10 - [TEST_STEP][PASSED] - "  Read data from spreadsheet    |": null

2019-10-31 15:40:10 - [TEST_STEP][PASSED] - data = findTestData("Data Files/Give_Feedback (1)"): null

2019-10-31 15:40:10 - [TEST_STEP][PASSED] - FD_Value_of_Work = data.getValue("FD_Value_of_Work", row): null

2019-10-31 15:40:10 - [TEST_STEP][PASSED] - "-----------": null

2019-10-31 15:40:10 - [TEST_STEP][PASSED] - "  Synch    |": null

2019-10-31 15:40:10 - [TEST_STEP][PASSED] - waitForElementPresent(findTestObject("Object Repository/New Folder1/Page_Checkatrade Give your feedback/input_Value Of Work_ctl00contenttbValueOfWork"), 25): Object 'Object Repository/New Folder1/Page_Checkatrade Give your feedback/input_Value Of Work_ctl00contenttbValueOfWork' is present

2019-10-31 15:40:10 - [MESSAGE][PASSED] - Object 'Object Repository/New Folder1/Page_Checkatrade Give your feedback/input_Value Of Work_ctl00contenttbValueOfWork' is present

2019-10-31 15:40:10 - [TEST_STEP][PASSED] - "--------------------------------": null

2019-10-31 15:40:10 - [TEST_STEP][PASSED] - "  Set the Value of Work Textbox |": null

2019-10-31 15:40:10 - [TEST_STEP][PASSED] - setText(findTestObject("Object Repository/New Folder1/Page_Checkatrade Give your feedback/input_Value Of Work_ctl00contenttbValueOfWork"), FD_Value_of_Work): Text '6789.99' is set on object 'Object Repository/New Folder1/Page_Checkatrade Give your feedback/input_Value Of Work_ctl00contenttbValueOfWork'

2019-10-31 15:40:10 - [MESSAGE][PASSED] - Text '6789.99' is set on object 'Object Repository/New Folder1/Page_Checkatrade Give your feedback/input_Value Of Work_ctl00contenttbValueOfWork'

2019-10-31 15:40:10 - [TEST_STEP][PASSED] - "--------------------------------": null

2019-10-31 15:40:10 - [TEST_STEP][PASSED] - "  Hit <Submit> button to Commit |": null

2019-10-31 15:40:10 - [TEST_STEP][PASSED] - click(findTestObject("Object Repository/New Folder/Page_Checkatrade Give your feedback/input_Value Of Work_ctl00contentButton1")): Object: 'Object Repository/New Folder/Page_Checkatrade Give your feedback/input_Value Of Work_ctl00contentButton1' is clicked on

2019-10-31 15:40:16 - [MESSAGE][PASSED] - Object: 'Object Repository/New Folder/Page_Checkatrade Give your feedback/input_Value Of Work_ctl00contentButton1' is clicked on

2019-10-31 15:40:16 - [TEST_STEP][PASSED] - "--------------------------------": null

2019-10-31 15:40:16 - [TEST_STEP][PASSED] - "  Wait for FInal Page Load      |": null

2019-10-31 15:40:16 - [TEST_STEP][PASSED] - waitForPageLoad(60): Wait for page load successfully

2019-10-31 15:40:16 - [MESSAGE][PASSED] - Wait for page load successfully

2019-10-31 15:40:16 - [MESSAGE][PASSED] - Call Test Case 'Test Cases/Reusable_Test_Sequences/Give_Feedback/Further_Infomation/Further_Information' successfully

2019-10-31 15:40:16 - [TEST_STEP][PASSED] - "--------------------------------------": null

2019-10-31 15:40:16 - [TEST_STEP][PASSED] - " Thank You! (page 5) Processing       |": null

2019-10-31 15:40:16 - [TEST_STEP][PASSED] - callTestCase(findTestCase("Reusable_Test_Sequences/Give_Feedback/Final_Page"), [:], CONTINUE_ON_FAILURE): Call Test Case 'Test Cases/Reusable_Test_Sequences/Give_Feedback/Final_Page' successfully

2019-10-31 15:40:16 - [TEST_CASE][PASSED] - Test Cases/Reusable_Test_Sequences/Give_Feedback/Final_Page: Test Cases/Reusable_Test_Sequences/Give_Feedback/Final_Page

2019-10-31 15:40:16 - [TEST_STEP][PASSED] - waitForPageLoad(2): Wait for page load successfully

2019-10-31 15:40:16 - [MESSAGE][PASSED] - Wait for page load successfully

2019-10-31 15:40:16 - [TEST_STEP][PASSED] - "--------------------------------": null

2019-10-31 15:40:16 - [TEST_STEP][PASSED] - "Read data from spreadsheet      |": null

2019-10-31 15:40:16 - [TEST_STEP][PASSED] - data = findTestData("Data Files/Give_Feedback (1)"): null

2019-10-31 15:40:16 - [TEST_STEP][PASSED] - Account_Verification_Name = data.getValue("Account_Verification_Name", row): null

2019-10-31 15:40:16 - [TEST_STEP][PASSED] - YE_Recommend = data.getValue("YE_Recommendations", row): null

2019-10-31 15:40:16 - [TEST_STEP][PASSED] - YE_Work_Carried_Out = data.getValue("YE_Work_Carried_Out", row): null

2019-10-31 15:40:16 - [TEST_STEP][PASSED] - waitForElementVisible(findTestObject("Object Repository/New Folder/Page_Checkatrade Give your feedback/a_Finish"), 25): Object 'Object Repository/New Folder/Page_Checkatrade Give your feedback/a_Finish' is visible

2019-10-31 15:40:25 - [MESSAGE][PASSED] - Object 'Object Repository/New Folder/Page_Checkatrade Give your feedback/a_Finish' is visible

2019-10-31 15:40:25 - [TEST_STEP][PASSED] - "------------------------------------": null

2019-10-31 15:40:25 - [TEST_STEP][PASSED] - "  Verify Page Detail                |": null

2019-10-31 15:40:25 - [TEST_STEP][PASSED] - if (YE_Recommend == "Yes"): Text 'Finish' is present on page 

2019-10-31 15:40:25 - [TEST_STEP][PASSED] - verifyTextPresent("A Checkatrade staff member will now review your feedback for", false): Text 'A Checkatrade staff member will now review your feedback for' is present on page 

2019-10-31 15:40:26 - [MESSAGE][PASSED] - Text 'A Checkatrade staff member will now review your feedback for' is present on page 

2019-10-31 15:40:26 - [TEST_STEP][PASSED] - verifyTextPresent(Account_Verification_Name, false): Text 'Test Account' is present on page 

2019-10-31 15:40:26 - [MESSAGE][PASSED] - Text 'Test Account' is present on page 

2019-10-31 15:40:26 - [TEST_STEP][PASSED] - verifyTextPresent("Finish", false): Text 'Finish' is present on page 

2019-10-31 15:40:27 - [MESSAGE][PASSED] - Text 'Finish' is present on page 

2019-10-31 15:40:27 - [TEST_STEP][PASSED] - verifyTextPresent("Thank you", true): Text 'Thank you' is present on page  using regular expression

2019-10-31 15:40:28 - [MESSAGE][PASSED] - Text 'Thank you' is present on page  using regular expression

2019-10-31 15:40:28 - [TEST_STEP][PASSED] - "------------------------------------": null

2019-10-31 15:40:28 - [TEST_STEP][PASSED] - "  Hit Finish                        |": null

2019-10-31 15:40:28 - [TEST_STEP][PASSED] - click(findTestObject("Object Repository/New Folder/Page_Checkatrade Give your feedback/a_Finish")): Object: 'Object Repository/New Folder/Page_Checkatrade Give your feedback/a_Finish' is clicked on

2019-10-31 15:40:29 - [MESSAGE][PASSED] - Object: 'Object Repository/New Folder/Page_Checkatrade Give your feedback/a_Finish' is clicked on

2019-10-31 15:40:29 - [MESSAGE][PASSED] - Call Test Case 'Test Cases/Reusable_Test_Sequences/Give_Feedback/Final_Page' successfully

2019-10-31 15:40:29 - [TEST_STEP][PASSED] - "--------------------------------------": null

2019-10-31 15:40:29 - [TEST_STEP][PASSED] - "  Verify Return to Home Page          |": null

2019-10-31 15:40:29 - [TEST_STEP][PASSED] - callTestCase(findTestCase("Reusable_Test_Sequences/CAT_Home"), [:], CONTINUE_ON_FAILURE): Call Test Case 'Test Cases/Reusable_Test_Sequences/CAT_Home' successfully

2019-10-31 15:40:29 - [TEST_CASE][PASSED] - Test Cases/Reusable_Test_Sequences/CAT_Home: Test Cases/Reusable_Test_Sequences/CAT_Home

2019-10-31 15:40:29 - [TEST_STEP][PASSED] - waitForPageLoad(2): Wait for page load successfully

2019-10-31 15:40:29 - [MESSAGE][PASSED] - Wait for page load successfully

2019-10-31 15:40:29 - [TEST_STEP][PASSED] - waitForElementVisible(findTestObject("Object Repository/Checkatrade_Trade_Search_Page/Page_Checkatrade Find a tradesperson you can trust/a_Search"), 10): Object 'Object Repository/Checkatrade_Trade_Search_Page/Page_Checkatrade Find a tradesperson you can trust/a_Search' is visible

2019-10-31 15:40:29 - [MESSAGE][PASSED] - Object 'Object Repository/Checkatrade_Trade_Search_Page/Page_Checkatrade Find a tradesperson you can trust/a_Search' is visible

2019-10-31 15:40:29 - [TEST_STEP][PASSED] - "------------------------------------": null

2019-10-31 15:40:29 - [TEST_STEP][PASSED] - verifyTextPresent("Helping you find the right trade or service", false): Text 'Helping you find the right trade or service' is present on page 

2019-10-31 15:40:30 - [MESSAGE][PASSED] - Text 'Helping you find the right trade or service' is present on page 

2019-10-31 15:40:30 - [TEST_STEP][PASSED] - verifyTextPresent("Search through over", false): Text 'Search through over' is present on page 

2019-10-31 15:40:30 - [MESSAGE][PASSED] - Text 'Search through over' is present on page 

2019-10-31 15:40:30 - [TEST_STEP][PASSED] - verifyTextPresent("recommended, vetted and monitored trades and service providers for free.", false): Text 'recommended, vetted and monitored trades and service providers for free.' is present on page 

2019-10-31 15:40:30 - [MESSAGE][PASSED] - Text 'recommended, vetted and monitored trades and service providers for free.' is present on page 

2019-10-31 15:40:30 - [TEST_STEP][PASSED] - verifyTextPresent("or look up a member by name", false): Text 'or look up a member by name' is present on page 

2019-10-31 15:40:31 - [MESSAGE][PASSED] - Text 'or look up a member by name' is present on page 

2019-10-31 15:40:31 - [TEST_STEP][PASSED] - verifyTextPresent("reviews published so far – thank you!", false): Text 'reviews published so far – thank you!' is present on page 

2019-10-31 15:40:32 - [MESSAGE][PASSED] - Text 'reviews published so far – thank you!' is present on page 

2019-10-31 15:40:32 - [TEST_STEP][PASSED] - CurrentUrl = getUrl(): Current window's url is: 'https://www.preview.checkatrade.com/'

2019-10-31 15:40:32 - [MESSAGE][PASSED] - Current window's url is: 'https://www.preview.checkatrade.com/'

2019-10-31 15:40:32 - [TEST_STEP][PASSED] - if (CurrentUrl == URL): null

2019-10-31 15:40:32 - [TEST_STEP][PASSED] - out.println("We have been redirected, correctly back to home URL" + URL): null

2019-10-31 15:40:32 - [MESSAGE][PASSED] - Call Test Case 'Test Cases/Reusable_Test_Sequences/CAT_Home' successfully

2019-10-31 15:40:32 - [TEST_STEP][PASSED] - "--------------------------------------": null

2019-10-31 15:40:32 - [TEST_STEP][PASSED] - " Processing Completion                |": null

2019-10-31 15:40:32 - [TEST_STEP][PASSED] - "--------------------------------------": null

2019-10-31 15:40:32 - [TEST_STEP][PASSED] - "--------------------------": null

2019-10-31 15:40:32 - [TEST_STEP][PASSED] - " Teardown - CLose Browser |": null

2019-10-31 15:40:32 - [TEST_STEP][PASSED] - callTestCase(findTestCase("Reusable_Test_Sequences/CAT_Teardown"), [:], STOP_ON_FAILURE): Call Test Case 'Test Cases/Reusable_Test_Sequences/CAT_Teardown' successfully

2019-10-31 15:40:32 - [TEST_CASE][PASSED] - Test Cases/Reusable_Test_Sequences/CAT_Teardown: Test Cases/Reusable_Test_Sequences/CAT_Teardown

2019-10-31 15:40:32 - [TEST_STEP][PASSED] - closeBrowser(): Browser is closed

2019-10-31 15:40:34 - [MESSAGE][PASSED] - Browser is closed

2019-10-31 15:40:34 - [MESSAGE][PASSED] - Call Test Case 'Test Cases/Reusable_Test_Sequences/CAT_Teardown' successfully

2019-10-31 15:40:34 - [TEST_STEP][PASSED] - callTestCase(findTestCase("Reusable_Test_Sequences/CAT_Setup"), [:], STOP_ON_FAILURE): Call Test Case 'Test Cases/Reusable_Test_Sequences/CAT_Setup' successfully

2019-10-31 15:40:34 - [TEST_CASE][PASSED] - Test Cases/Reusable_Test_Sequences/CAT_Setup: Test Cases/Reusable_Test_Sequences/CAT_Setup

2019-10-31 15:40:34 - [TEST_STEP][PASSED] - "URL - Set from the ENVIRONMENT PROFILE ": null

2019-10-31 15:40:34 - [TEST_STEP][PASSED] - openBrowser(URL): Browser is opened with url: 'https://www.preview.checkatrade.com/'

2019-10-31 15:40:34 - [MESSAGE][INFO] - Starting 'Firefox' driver

2019-10-31 15:40:46 - [MESSAGE][PASSED] - Browser is opened with url: 'https://www.preview.checkatrade.com/'

2019-10-31 15:40:46 - [TEST_STEP][PASSED] - maximizeWindow(): Current window maximized

2019-10-31 15:40:46 - [MESSAGE][PASSED] - Current window maximized

2019-10-31 15:40:46 - [TEST_STEP][PASSED] - waitForPageLoad(60): Wait for page load successfully

2019-10-31 15:40:46 - [MESSAGE][PASSED] - Wait for page load successfully

2019-10-31 15:40:46 - [TEST_STEP][PASSED] - waitForElementVisible(findTestObject("Page_Checkatrade Find a tradesperson you can trust/a_Search"), 25): Object 'Object Repository/Page_Checkatrade Find a tradesperson you can trust/a_Search' is visible

2019-10-31 15:40:47 - [MESSAGE][PASSED] - Object 'Object Repository/Page_Checkatrade Find a tradesperson you can trust/a_Search' is visible

2019-10-31 15:40:47 - [TEST_STEP][PASSED] - try: Text 'Checkatrade.com uses cookies to make sure you get the best browsing experience' is not present on page

2019-10-31 15:40:47 - [TEST_STEP][PASSED] - if (verifyElementPresent(findTestObject("Page_Checkatrade Find a tradesperson you can trust/div_close"), 1, OPTIONAL)): Text 'Checkatrade.com uses cookies to make sure you get the best browsing experience' is not present on page

2019-10-31 15:40:47 - [MESSAGE][PASSED] - Object 'Object Repository/Page_Checkatrade Find a tradesperson you can trust/div_close' is present

2019-10-31 15:40:47 - [TEST_STEP][PASSED] - click(findTestObject("Page_Checkatrade Find a tradesperson you can trust/div_close")): Object: 'Object Repository/Page_Checkatrade Find a tradesperson you can trust/div_close' is clicked on

2019-10-31 15:40:47 - [MESSAGE][PASSED] - Object: 'Object Repository/Page_Checkatrade Find a tradesperson you can trust/div_close' is clicked on

2019-10-31 15:40:47 - [TEST_STEP][PASSED] - "---------------------------------": null

2019-10-31 15:40:47 - [TEST_STEP][PASSED] - "COOKIE POPOUT REMOVED - Confirmed": null

2019-10-31 15:40:47 - [TEST_STEP][PASSED] - delay(1): Delayed 1 second(s)

2019-10-31 15:40:48 - [MESSAGE][PASSED] - Delayed 1 second(s)

2019-10-31 15:40:48 - [TEST_STEP][PASSED] - verifyTextNotPresent("Checkatrade.com uses cookies to make sure you get the best browsing experience", false): Text 'Checkatrade.com uses cookies to make sure you get the best browsing experience' is not present on page

2019-10-31 15:40:49 - [MESSAGE][PASSED] - Text 'Checkatrade.com uses cookies to make sure you get the best browsing experience' is not present on page

2019-10-31 15:40:49 - [TEST_STEP][PASSED] - try: Text 'We have updated our Privacy Policy, please review this' is not present on page

2019-10-31 15:40:49 - [TEST_STEP][PASSED] - if (verifyElementPresent(findTestObject("Page_Checkatrade Find a tradesperson you can trust/div_close_1"), 1, OPTIONAL)): Text 'We have updated our Privacy Policy, please review this' is not present on page

2019-10-31 15:40:49 - [MESSAGE][PASSED] - Object 'Object Repository/Page_Checkatrade Find a tradesperson you can trust/div_close_1' is present

2019-10-31 15:40:49 - [TEST_STEP][PASSED] - click(findTestObject("Page_Checkatrade Find a tradesperson you can trust/div_close_1")): Object: 'Object Repository/Page_Checkatrade Find a tradesperson you can trust/div_close_1' is clicked on

2019-10-31 15:40:49 - [MESSAGE][PASSED] - Object: 'Object Repository/Page_Checkatrade Find a tradesperson you can trust/div_close_1' is clicked on

2019-10-31 15:40:49 - [TEST_STEP][PASSED] - "---------------------------------": null

2019-10-31 15:40:49 - [TEST_STEP][PASSED] - "PRIVACY POPOUT REMOVED - Confirmed": null

2019-10-31 15:40:49 - [TEST_STEP][PASSED] - delay(1): Delayed 1 second(s)

2019-10-31 15:40:50 - [MESSAGE][PASSED] - Delayed 1 second(s)

2019-10-31 15:40:50 - [TEST_STEP][PASSED] - verifyTextNotPresent("We have updated our Privacy Policy, please review this", false): Text 'We have updated our Privacy Policy, please review this' is not present on page

2019-10-31 15:40:51 - [MESSAGE][PASSED] - Text 'We have updated our Privacy Policy, please review this' is not present on page

2019-10-31 15:40:51 - [MESSAGE][PASSED] - Call Test Case 'Test Cases/Reusable_Test_Sequences/CAT_Setup' successfully

2019-10-31 15:40:51 - [TEST_STEP][PASSED] - "-----------------------------------------------------": null

2019-10-31 15:40:51 - [TEST_STEP][PASSED] - " Hit the <Give Feedback> link in the header banner   |": null

2019-10-31 15:40:51 - [TEST_STEP][PASSED] - callTestCase(findTestCase("Reusable_Test_Sequences/Banner_Menu/Give_Feedback"), [:], CONTINUE_ON_FAILURE): Call Test Case 'Test Cases/Reusable_Test_Sequences/Banner_Menu/Give_Feedback' successfully

2019-10-31 15:40:51 - [TEST_CASE][PASSED] - Test Cases/Reusable_Test_Sequences/Banner_Menu/Give_Feedback: Test Cases/Reusable_Test_Sequences/Banner_Menu/Give_Feedback

2019-10-31 15:40:51 - [TEST_STEP][PASSED] - click(findTestObject("Object Repository/Page_Checkatrade Find a tradesperson you can trust/a_Give feedback")): Object: 'Object Repository/Page_Checkatrade Find a tradesperson you can trust/a_Give feedback' is clicked on

2019-10-31 15:40:53 - [MESSAGE][PASSED] - Object: 'Object Repository/Page_Checkatrade Find a tradesperson you can trust/a_Give feedback' is clicked on

2019-10-31 15:40:53 - [TEST_STEP][PASSED] - waitForElementVisible(findTestObject("Page_Give_Feedback_Enhanced_OBJ_Repo/Page_Checkatrade Give your feedback/input_Which member do you want to review_feedback-form__company_autocomplete_input"), 25): Object 'Object Repository/Page_Give_Feedback_Enhanced_OBJ_Repo/Page_Checkatrade Give your feedback/input_Which member do you want to review_feedback-form__company_autocomplete_input' is visible

2019-10-31 15:40:53 - [MESSAGE][PASSED] - Object 'Object Repository/Page_Give_Feedback_Enhanced_OBJ_Repo/Page_Checkatrade Give your feedback/input_Which member do you want to review_feedback-form__company_autocomplete_input' is visible

2019-10-31 15:40:53 - [TEST_STEP][PASSED] - verifyTextPresent("Give your feedback", false): Text 'Give your feedback' is present on page 

2019-10-31 15:40:53 - [MESSAGE][PASSED] - Text 'Give your feedback' is present on page 

2019-10-31 15:40:53 - [TEST_STEP][PASSED] - verifyTextPresent("Which member do you want to review?", false): Text 'Which member do you want to review?' is present on page 

2019-10-31 15:40:54 - [MESSAGE][PASSED] - Text 'Which member do you want to review?' is present on page 

2019-10-31 15:40:54 - [MESSAGE][PASSED] - Call Test Case 'Test Cases/Reusable_Test_Sequences/Banner_Menu/Give_Feedback' successfully

2019-10-31 15:40:54 - [TEST_STEP][PASSED] - "-----------------------------------------------------": null

2019-10-31 15:40:54 - [TEST_STEP][PASSED] - " Enter Member Trade Name OR Checkatrade ID To Review |": null

2019-10-31 15:40:54 - [TEST_STEP][PASSED] - callTestCase(findTestCase("Reusable_Test_Sequences/Give_Feedback/Which_Member_to_Review"), [:], STOP_ON_FAILURE): Call Test Case 'Test Cases/Reusable_Test_Sequences/Give_Feedback/Which_Member_to_Review' successfully

2019-10-31 15:40:54 - [TEST_CASE][PASSED] - Test Cases/Reusable_Test_Sequences/Give_Feedback/Which_Member_to_Review: Test Cases/Reusable_Test_Sequences/Give_Feedback/Which_Member_to_Review

2019-10-31 15:40:54 - [TEST_STEP][PASSED] - waitForPageLoad(60): Wait for page load successfully

2019-10-31 15:40:54 - [MESSAGE][PASSED] - Wait for page load successfully

2019-10-31 15:40:54 - [TEST_STEP][PASSED] - waitForElementPresent(findTestObject("Object Repository/Page_Checkatrade Give your feedback/input_Which member do you want to review"), 25): Object 'Object Repository/Page_Checkatrade Give your feedback/input_Which member do you want to review' is present

2019-10-31 15:40:54 - [MESSAGE][PASSED] - Object 'Object Repository/Page_Checkatrade Give your feedback/input_Which member do you want to review' is present

2019-10-31 15:40:54 - [TEST_STEP][PASSED] - setText(findTestObject("Object Repository/Page_Checkatrade Give your feedback/input_Which member do you want to review"), findTestData("Give_Feedback (1)").getValue("Account_Verification_Name", row)): Text 'Test Account' is set on object 'Object Repository/Page_Checkatrade Give your feedback/input_Which member do you want to review'

2019-10-31 15:40:55 - [MESSAGE][PASSED] - Text 'Test Account' is set on object 'Object Repository/Page_Checkatrade Give your feedback/input_Which member do you want to review'

2019-10-31 15:40:55 - [TEST_STEP][PASSED] - delay(1): Delayed 1 second(s)

2019-10-31 15:40:56 - [MESSAGE][PASSED] - Delayed 1 second(s)

2019-10-31 15:40:56 - [TEST_STEP][PASSED] - "Submit the search criteria using click     |": null

2019-10-31 15:40:56 - [TEST_STEP][PASSED] - waitForElementPresent(findTestObject("Object Repository/Page_Checkatrade Give your feedback/div_Which member do you want to review"), 25): Object 'Object Repository/Page_Checkatrade Give your feedback/div_Which member do you want to review' is present

2019-10-31 15:40:56 - [MESSAGE][PASSED] - Object 'Object Repository/Page_Checkatrade Give your feedback/div_Which member do you want to review' is present

2019-10-31 15:40:56 - [TEST_STEP][PASSED] - try: Object: 'Object Repository/Page_Checkatrade Give your feedback/div_Which member do you want to review' is clicked on

2019-10-31 15:40:56 - [TEST_STEP][PASSED] - "Try Catch Included 14/08/2019 - Sometimes the Trader isnt returned?   |": null

2019-10-31 15:40:56 - [TEST_STEP][PASSED] - click(findTestObject("Page_Checkatrade Give your feedback/div_Which member do you want to review")): Object: 'Object Repository/Page_Checkatrade Give your feedback/div_Which member do you want to review' is clicked on

2019-10-31 15:40:57 - [MESSAGE][PASSED] - Object: 'Object Repository/Page_Checkatrade Give your feedback/div_Which member do you want to review' is clicked on

2019-10-31 15:40:57 - [MESSAGE][PASSED] - Call Test Case 'Test Cases/Reusable_Test_Sequences/Give_Feedback/Which_Member_to_Review' successfully

2019-10-31 15:40:57 - [TEST_STEP][PASSED] - "--------------------------------------": null

2019-10-31 15:40:57 - [TEST_STEP][PASSED] - " Your Experience (page 1) Processing  |": null

2019-10-31 15:40:57 - [TEST_STEP][PASSED] - callTestCase(findTestCase("Reusable_Test_Sequences/Give_Feedback/Your_Experience/Your_Experience"), [:], CONTINUE_ON_FAILURE): Call Test Case 'Test Cases/Reusable_Test_Sequences/Give_Feedback/Your_Experience/Your_Experience' successfully

2019-10-31 15:40:58 - [TEST_CASE][PASSED] - Test Cases/Reusable_Test_Sequences/Give_Feedback/Your_Experience/Your_Experience: Test Cases/Reusable_Test_Sequences/Give_Feedback/Your_Experience/Your_Experience

2019-10-31 15:40:58 - [TEST_STEP][PASSED] - data = findTestData("Data Files/Give_Feedback (1)"): null

2019-10-31 15:40:58 - [TEST_STEP][PASSED] - YE_Recommend = data.getValue("YE_Recommendations", row): null

2019-10-31 15:40:58 - [TEST_STEP][PASSED] - "---------------------------------------------------------------------------------------": null

2019-10-31 15:40:58 - [TEST_STEP][PASSED] - " Your Experience (page 1) Returned with Recommendation Selection Set to Yes (Default)  |": null

2019-10-31 15:40:58 - [TEST_STEP][PASSED] - "---------------------------------------------------------------------------------------": null

2019-10-31 15:40:58 - [TEST_STEP][PASSED] - "---------------------------------------------------------------------------------------": null

2019-10-31 15:40:58 - [TEST_STEP][PASSED] - " Your Experience (page 1) Recommend this trader?                                       |": null

2019-10-31 15:40:58 - [TEST_STEP][PASSED] - callTestCase(findTestCase("Reusable_Test_Sequences/Give_Feedback/Your_Experience/Recommendation_Selection"), [:], CONTINUE_ON_FAILURE): Call Test Case 'Test Cases/Reusable_Test_Sequences/Give_Feedback/Your_Experience/Recommendation_Selection' successfully

2019-10-31 15:40:58 - [TEST_CASE][PASSED] - Test Cases/Reusable_Test_Sequences/Give_Feedback/Your_Experience/Recommendation_Selection: Test Cases/Reusable_Test_Sequences/Give_Feedback/Your_Experience/Recommendation_Selection

2019-10-31 15:40:58 - [TEST_STEP][PASSED] - data = findTestData("Data Files/Give_Feedback (1)"): null

2019-10-31 15:40:58 - [TEST_STEP][PASSED] - YE_Recommend = data.getValue("YE_Recommendations", row): null

2019-10-31 15:40:58 - [TEST_STEP][PASSED] - "--------------------------------": null

2019-10-31 15:40:58 - [TEST_STEP][PASSED] - "Read data from spreadsheet      |": null

2019-10-31 15:40:58 - [TEST_STEP][PASSED] - "--------------------------------": null

2019-10-31 15:40:58 - [TEST_STEP][PASSED] - "--------------------------------": null

2019-10-31 15:40:58 - [TEST_STEP][PASSED] - "Set Recommendation - Yes or No  |": null

2019-10-31 15:40:58 - [TEST_STEP][PASSED] - if (YE_Recommend == "Yes"): null

2019-10-31 15:40:58 - [TEST_STEP][PASSED] - else if (YE_Recommend == "No"): Call Test Case 'Test Cases/Reusable_Test_Sequences/Give_Feedback/Your_Experience/Not_Recommend' successfully

2019-10-31 15:40:58 - [TEST_STEP][PASSED] - click(findTestObject("Object Repository/Feedback/Page_Checkatrade Give your feedback/Page_Checkatrade Give your feedback/span_No")): Object: 'Object Repository/Feedback/Page_Checkatrade Give your feedback/Page_Checkatrade Give your feedback/span_No' is clicked on

2019-10-31 15:40:59 - [MESSAGE][PASSED] - Object: 'Object Repository/Feedback/Page_Checkatrade Give your feedback/Page_Checkatrade Give your feedback/span_No' is clicked on

2019-10-31 15:40:59 - [TEST_STEP][PASSED] - waitForPageLoad(5): Wait for page load successfully

2019-10-31 15:40:59 - [MESSAGE][PASSED] - Wait for page load successfully

2019-10-31 15:40:59 - [TEST_STEP][PASSED] - callTestCase(findTestCase("Reusable_Test_Sequences/Give_Feedback/Your_Experience/Not_Recommend"), [:], CONTINUE_ON_FAILURE): Call Test Case 'Test Cases/Reusable_Test_Sequences/Give_Feedback/Your_Experience/Not_Recommend' successfully

2019-10-31 15:40:59 - [TEST_CASE][PASSED] - Test Cases/Reusable_Test_Sequences/Give_Feedback/Your_Experience/Not_Recommend: Test Cases/Reusable_Test_Sequences/Give_Feedback/Your_Experience/Not_Recommend

2019-10-31 15:40:59 - [TEST_STEP][PASSED] - data = findTestData("Data Files/Give_Feedback (1)"): null

2019-10-31 15:40:59 - [TEST_STEP][PASSED] - YE_WorkCarriedOut = data.getValue("YE_Work_Carried_Out", row): null

2019-10-31 15:40:59 - [TEST_STEP][PASSED] - YE_NatureOfIssue = data.getValue("YE_Nature_Of_Issue", row): null

2019-10-31 15:40:59 - [TEST_STEP][PASSED] - YE_Comments = data.getValue("YE_Comments", row): null

2019-10-31 15:40:59 - [TEST_STEP][PASSED] - YE_FeedbackPublished = data.getValue("YE_Feedback_Published", row): null

2019-10-31 15:40:59 - [TEST_STEP][PASSED] - YE_ReasonNoFeedback = data.getValue("YE_Reason_No_Feedback", row): null

2019-10-31 15:40:59 - [TEST_STEP][PASSED] - YE_Resolve = data.getValue("YE_Resolve", row): null

2019-10-31 15:40:59 - [TEST_STEP][PASSED] - YE_Recommend = data.getValue("YE_Recommendations", row): null

2019-10-31 15:40:59 - [TEST_STEP][PASSED] - "--------------------------------": null

2019-10-31 15:40:59 - [TEST_STEP][PASSED] - "Read data from spreadsheet      |": null

2019-10-31 15:40:59 - [TEST_STEP][PASSED] - "--------------------------------": null

2019-10-31 15:40:59 - [TEST_STEP][PASSED] - "--------------------------------------": null

2019-10-31 15:40:59 - [TEST_STEP][PASSED] - " Was work carried out/Money Exchanged |": null

2019-10-31 15:40:59 - [TEST_STEP][PASSED] - waitForElementVisible(findTestObject("Feedback_Non_Recommend/Page_Checkatrade Give your feedback/work_Carried_Out_span_No"), 5): Object 'Object Repository/Feedback_Non_Recommend/Page_Checkatrade Give your feedback/work_Carried_Out_span_No' is visible

2019-10-31 15:40:59 - [MESSAGE][PASSED] - Object 'Object Repository/Feedback_Non_Recommend/Page_Checkatrade Give your feedback/work_Carried_Out_span_No' is visible

2019-10-31 15:40:59 - [TEST_STEP][PASSED] - if (YE_WorkCarriedOut == "No"): null

2019-10-31 15:40:59 - [TEST_STEP][PASSED] - else if (YE_WorkCarriedOut == "Yes"): Wait for page load successfully

2019-10-31 15:40:59 - [TEST_STEP][PASSED] - click(findTestObject("Feedback_Non_Recommend/Page_Checkatrade Give your feedback/work_Carried_Out_span_Yes")): Object: 'Object Repository/Feedback_Non_Recommend/Page_Checkatrade Give your feedback/work_Carried_Out_span_Yes' is clicked on

2019-10-31 15:41:00 - [MESSAGE][PASSED] - Object: 'Object Repository/Feedback_Non_Recommend/Page_Checkatrade Give your feedback/work_Carried_Out_span_Yes' is clicked on

2019-10-31 15:41:00 - [TEST_STEP][PASSED] - waitForPageLoad(2): Wait for page load successfully

2019-10-31 15:41:00 - [MESSAGE][PASSED] - Wait for page load successfully

2019-10-31 15:41:00 - [TEST_STEP][PASSED] - waitForElementVisible(findTestObject("Feedback_Non_Recommend/Page_Checkatrade Give your feedback/work_Carried_Out_span_No"), 5): Object 'Object Repository/Feedback_Non_Recommend/Page_Checkatrade Give your feedback/work_Carried_Out_span_No' is visible

2019-10-31 15:41:00 - [MESSAGE][PASSED] - Object 'Object Repository/Feedback_Non_Recommend/Page_Checkatrade Give your feedback/work_Carried_Out_span_No' is visible

2019-10-31 15:41:00 - [TEST_STEP][PASSED] - "--------------------------------------": null

2019-10-31 15:41:00 - [TEST_STEP][PASSED] - " Nature of Issue - Selection Box      |": null

2019-10-31 15:41:00 - [TEST_STEP][PASSED] - selectOptionByLabel(findTestObject("Feedback_Non_Recommend/Page_Checkatrade Give your feedback/select_Please Select ShortForm"), YE_NatureOfIssue, false): All options with label 'Order Disagreement' are selected in object 'Object Repository/Feedback_Non_Recommend/Page_Checkatrade Give your feedback/select_Please Select ShortForm' 

2019-10-31 15:41:00 - [MESSAGE][PASSED] - All options with label 'Order Disagreement' are selected in object 'Object Repository/Feedback_Non_Recommend/Page_Checkatrade Give your feedback/select_Please Select ShortForm' 

2019-10-31 15:41:00 - [TEST_STEP][PASSED] - "------------------------------------------------": null

2019-10-31 15:41:00 - [TEST_STEP][PASSED] - " Scroll to <NEXT> Button to reveal Text Below   |": null

2019-10-31 15:41:00 - [TEST_STEP][PASSED] - scrollToElement(findTestObject("Object Repository/Page_Checkatrade Give your feedback/input_No_ctl00contentButton4"), 2): Scroll to object 'Object Repository/Page_Checkatrade Give your feedback/input_No_ctl00contentButton4' successfully

2019-10-31 15:41:00 - [MESSAGE][PASSED] - Scroll to object 'Object Repository/Page_Checkatrade Give your feedback/input_No_ctl00contentButton4' successfully

2019-10-31 15:41:00 - [TEST_STEP][PASSED] - waitForPageLoad(5): Wait for page load successfully

2019-10-31 15:41:00 - [MESSAGE][PASSED] - Wait for page load successfully

2019-10-31 15:41:00 - [TEST_STEP][PASSED] - waitForElementVisible(findTestObject("Feedback_Non_Recommend/Page_Checkatrade Give your feedback/select_Please Select ShortForm"), 5): Object 'Object Repository/Feedback_Non_Recommend/Page_Checkatrade Give your feedback/select_Please Select ShortForm' is visible

2019-10-31 15:41:01 - [MESSAGE][PASSED] - Object 'Object Repository/Feedback_Non_Recommend/Page_Checkatrade Give your feedback/select_Please Select ShortForm' is visible

2019-10-31 15:41:01 - [TEST_STEP][PASSED] - "--------------------------------------": null

2019-10-31 15:41:01 - [TEST_STEP][PASSED] - " Would you like to Publish Feedback?  |": null

2019-10-31 15:41:01 - [TEST_STEP][PASSED] - if (YE_FeedbackPublished == "No"): null

2019-10-31 15:41:01 - [TEST_STEP][PASSED] - else if (YE_FeedbackPublished == "Yes"): Wait for page load successfully

2019-10-31 15:41:01 - [TEST_STEP][PASSED] - if (YE_WorkCarriedOut == "Yes"): Object: 'Object Repository/Feedback_Non_Recommend/Page_Checkatrade Give your feedback/feedback_Published_span_Yes' is clicked on

2019-10-31 15:41:01 - [TEST_STEP][PASSED] - delay(1): Delayed 1 second(s)

2019-10-31 15:41:02 - [MESSAGE][PASSED] - Delayed 1 second(s)

2019-10-31 15:41:02 - [TEST_STEP][PASSED] - waitForElementVisible(findTestObject("Feedback_Non_Recommend/Page_Checkatrade Give your feedback/feedback_Published_span_Yes"), 5): Object 'Object Repository/Feedback_Non_Recommend/Page_Checkatrade Give your feedback/feedback_Published_span_Yes' is visible

2019-10-31 15:41:02 - [MESSAGE][PASSED] - Object 'Object Repository/Feedback_Non_Recommend/Page_Checkatrade Give your feedback/feedback_Published_span_Yes' is visible

2019-10-31 15:41:02 - [TEST_STEP][PASSED] - click(findTestObject("Feedback_Non_Recommend/Page_Checkatrade Give your feedback/feedback_Published_span_Yes")): Object: 'Object Repository/Feedback_Non_Recommend/Page_Checkatrade Give your feedback/feedback_Published_span_Yes' is clicked on

2019-10-31 15:41:02 - [MESSAGE][PASSED] - Object: 'Object Repository/Feedback_Non_Recommend/Page_Checkatrade Give your feedback/feedback_Published_span_Yes' is clicked on

2019-10-31 15:41:02 - [TEST_STEP][PASSED] - if (YE_WorkCarriedOut == "No"): null

2019-10-31 15:41:02 - [TEST_STEP][PASSED] - waitForPageLoad(60): Wait for page load successfully

2019-10-31 15:41:02 - [MESSAGE][PASSED] - Wait for page load successfully

2019-10-31 15:41:02 - [TEST_STEP][PASSED] - delay(2): Delayed 2 second(s)

2019-10-31 15:41:04 - [MESSAGE][PASSED] - Delayed 2 second(s)

2019-10-31 15:41:04 - [TEST_STEP][PASSED] - verifyTextPresent("By ticking ‘Yes’ you are giving us permission to contact the trade to discuss the issue", false): Text 'By ticking ‘Yes’ you are giving us permission to contact the trade to discuss the issue' is present on page 

2019-10-31 15:41:05 - [MESSAGE][PASSED] - Text 'By ticking ‘Yes’ you are giving us permission to contact the trade to discuss the issue' is present on page 

2019-10-31 15:41:05 - [TEST_STEP][PASSED] - if (YE_Resolve == "Yes"): null

2019-10-31 15:41:05 - [TEST_STEP][PASSED] - else if (YE_Resolve == "No"): Wait for page load successfully

2019-10-31 15:41:05 - [TEST_STEP][PASSED] - click(findTestObject("Feedback_Non_Recommend/Page_Checkatrade Give your feedback/attempt_Resolution_span_No")): Object: 'Object Repository/Feedback_Non_Recommend/Page_Checkatrade Give your feedback/attempt_Resolution_span_No' is clicked on

2019-10-31 15:41:05 - [MESSAGE][PASSED] - Object: 'Object Repository/Feedback_Non_Recommend/Page_Checkatrade Give your feedback/attempt_Resolution_span_No' is clicked on

2019-10-31 15:41:05 - [TEST_STEP][PASSED] - waitForPageLoad(2): Wait for page load successfully

2019-10-31 15:41:05 - [MESSAGE][PASSED] - Wait for page load successfully

2019-10-31 15:41:05 - [TEST_STEP][PASSED] - delay(1): Delayed 1 second(s)

2019-10-31 15:41:06 - [MESSAGE][PASSED] - Delayed 1 second(s)

2019-10-31 15:41:06 - [MESSAGE][PASSED] - Call Test Case 'Test Cases/Reusable_Test_Sequences/Give_Feedback/Your_Experience/Not_Recommend' successfully

2019-10-31 15:41:06 - [TEST_STEP][PASSED] - out.println("Your Experience, Recommendation, Click on the <" + YE_Recommend + "> Option Button "): null

2019-10-31 15:41:06 - [TEST_STEP][PASSED] - waitForPageLoad(60): Wait for page load successfully

2019-10-31 15:41:06 - [MESSAGE][PASSED] - Wait for page load successfully

2019-10-31 15:41:06 - [MESSAGE][PASSED] - Call Test Case 'Test Cases/Reusable_Test_Sequences/Give_Feedback/Your_Experience/Recommendation_Selection' successfully

2019-10-31 15:41:06 - [TEST_STEP][PASSED] - "---------------------------------------------------------------------------------------": null

2019-10-31 15:41:06 - [TEST_STEP][PASSED] - " SELECTING _ NO Recommend Restructures this PAGE, So need to exclude the below tests  ": null

2019-10-31 15:41:06 - [TEST_STEP][PASSED] - if (YE_Recommend == "Yes"): null

2019-10-31 15:41:06 - [TEST_STEP][PASSED] - "---------------------------------------------------------------------------------------------------------": null

2019-10-31 15:41:06 - [TEST_STEP][PASSED] - " Your Experience (page 1) Hit <Next> Button to Continue to <Your Scores>- (page 2) If Recommend = YES    |": null

2019-10-31 15:41:06 - [TEST_STEP][PASSED] - "                                                        OR <Your Details>-(page 3) If Recommend = NO     |": null

2019-10-31 15:41:06 - [TEST_STEP][PASSED] - callTestCase(findTestCase("Reusable_Test_Sequences/Give_Feedback/Hit_Next"), [:], CONTINUE_ON_FAILURE): Call Test Case 'Test Cases/Reusable_Test_Sequences/Give_Feedback/Hit_Next' successfully

2019-10-31 15:41:06 - [TEST_CASE][PASSED] - Test Cases/Reusable_Test_Sequences/Give_Feedback/Hit_Next: Test Cases/Reusable_Test_Sequences/Give_Feedback/Hit_Next

2019-10-31 15:41:06 - [TEST_STEP][PASSED] - click(findTestObject("Object Repository/Page_Checkatrade Give your feedback/input_No_ctl00contentButton4")): Object: 'Object Repository/Page_Checkatrade Give your feedback/input_No_ctl00contentButton4' is clicked on

2019-10-31 15:41:08 - [MESSAGE][PASSED] - Object: 'Object Repository/Page_Checkatrade Give your feedback/input_No_ctl00contentButton4' is clicked on

2019-10-31 15:41:08 - [TEST_STEP][PASSED] - waitForPageLoad(2): Wait for page load successfully

2019-10-31 15:41:09 - [MESSAGE][PASSED] - Wait for page load successfully

2019-10-31 15:41:09 - [MESSAGE][PASSED] - Call Test Case 'Test Cases/Reusable_Test_Sequences/Give_Feedback/Hit_Next' successfully

2019-10-31 15:41:09 - [TEST_STEP][PASSED] - waitForPageLoad(2): Wait for page load successfully

2019-10-31 15:41:09 - [MESSAGE][PASSED] - Wait for page load successfully

2019-10-31 15:41:09 - [MESSAGE][PASSED] - Call Test Case 'Test Cases/Reusable_Test_Sequences/Give_Feedback/Your_Experience/Your_Experience' successfully

2019-10-31 15:41:09 - [TEST_STEP][PASSED] - "--------------------------------------": null

2019-10-31 15:41:09 - [TEST_STEP][PASSED] - " Your Scores (page 2) Processing      |": null

2019-10-31 15:41:09 - [TEST_STEP][PASSED] - YE_Recommend = data.getValue("YE_Recommendations", row): null

2019-10-31 15:41:09 - [TEST_STEP][PASSED] - YE_WorkCarriedOut = data.getValue("YE_Work_Carried_Out", row): null

2019-10-31 15:41:09 - [TEST_STEP][PASSED] - if (YE_Recommend == "Yes"): null

2019-10-31 15:41:09 - [TEST_STEP][PASSED] - if (YE_Recommend == "No" && YE_WorkCarriedOut == "Yes"): Call Test Case 'Test Cases/Reusable_Test_Sequences/Give_Feedback/Your_Scores/Your_Scores_Alt' successfully

2019-10-31 15:41:09 - [TEST_STEP][PASSED] - callTestCase(findTestCase("Reusable_Test_Sequences/Give_Feedback/Your_Scores/Your_Scores_Alt"), [:], CONTINUE_ON_FAILURE): Call Test Case 'Test Cases/Reusable_Test_Sequences/Give_Feedback/Your_Scores/Your_Scores_Alt' successfully

2019-10-31 15:41:09 - [TEST_CASE][PASSED] - Test Cases/Reusable_Test_Sequences/Give_Feedback/Your_Scores/Your_Scores_Alt: Test Cases/Reusable_Test_Sequences/Give_Feedback/Your_Scores/Your_Scores_Alt

2019-10-31 15:41:10 - [TEST_STEP][PASSED] - "------------------------------------------------------------------------------------------": null

2019-10-31 15:41:10 - [TEST_STEP][PASSED] - " Your Scores (page 2) Returned with 2 Main Sections - <Your Scores> and <Details of Work> |": null

2019-10-31 15:41:10 - [TEST_STEP][PASSED] - "                                             Tidiness Listbox Selection, NA, 0 through 10 |": null

2019-10-31 15:41:10 - [TEST_STEP][PASSED] - "------------------------------------------------------------------------------------------": null

2019-10-31 15:41:10 - [TEST_STEP][PASSED] - "------------------------------------------------------------------------------------------": null

2019-10-31 15:41:10 - [TEST_STEP][PASSED] - " Your Scores (page 2) Returned with 2 Main Sections - <Your Scores> and <Details of Work> |": null

2019-10-31 15:41:10 - [TEST_STEP][PASSED] - "                          Reliability and Timekeeping Listbox Selection, NA, 0 through 10 |": null

2019-10-31 15:41:10 - [TEST_STEP][PASSED] - "------------------------------------------------------------------------------------------": null

2019-10-31 15:41:10 - [TEST_STEP][PASSED] - "------------------------------------------------------------------------------------------": null

2019-10-31 15:41:10 - [TEST_STEP][PASSED] - " Your Scores (page 2) Returned with 2 Main Sections - <Your Scores> and <Details of Work> |": null

2019-10-31 15:41:10 - [TEST_STEP][PASSED] - "                                             Courtesy Listbox Selection, NA, 0 through 10 |": null

2019-10-31 15:41:10 - [TEST_STEP][PASSED] - "------------------------------------------------------------------------------------------": null

2019-10-31 15:41:10 - [TEST_STEP][PASSED] - "------------------------------------------------------------------------------------------": null

2019-10-31 15:41:10 - [TEST_STEP][PASSED] - " Your Scores (page 2) Returned with 2 Main Sections - <Your Scores> and <Details of Work> |": null

2019-10-31 15:41:10 - [TEST_STEP][PASSED] - "                                     Standard of Work Listbox Selection, NA, 0 through 10 |": null

2019-10-31 15:41:10 - [TEST_STEP][PASSED] - callTestCase(findTestCase("Reusable_Test_Sequences/Give_Feedback/Your_Scores/Your_Scores_List_Box_Selection_Alt"), [:], CONTINUE_ON_FAILURE): Call Test Case 'Test Cases/Reusable_Test_Sequences/Give_Feedback/Your_Scores/Your_Scores_List_Box_Selection_Alt' successfully

2019-10-31 15:41:10 - [TEST_CASE][PASSED] - Test Cases/Reusable_Test_Sequences/Give_Feedback/Your_Scores/Your_Scores_List_Box_Selection_Alt: Test Cases/Reusable_Test_Sequences/Give_Feedback/Your_Scores/Your_Scores_List_Box_Selection_Alt

2019-10-31 15:41:11 - [TEST_STEP][PASSED] - data = findTestData("Data Files/Give_Feedback (1)"): null

2019-10-31 15:41:11 - [TEST_STEP][PASSED] - YS_Tidiness = data.getValue("YS_Tidiness_ALT", row): null

2019-10-31 15:41:11 - [TEST_STEP][PASSED] - YS_Reliability = data.getValue("YS_Reliability_ALT", row): null

2019-10-31 15:41:11 - [TEST_STEP][PASSED] - YS_Courtesy = data.getValue("YS_Courtesy_ALT", row): null

2019-10-31 15:41:11 - [TEST_STEP][PASSED] - YS_Workmanship = data.getValue("YS_Workmanship_ALT", row): null

2019-10-31 15:41:11 - [TEST_STEP][PASSED] - "--------------------------------": null

2019-10-31 15:41:11 - [TEST_STEP][PASSED] - "Read data from spreadsheet      |": null

2019-10-31 15:41:11 - [TEST_STEP][PASSED] - "--------------------------------": null

2019-10-31 15:41:11 - [TEST_STEP][PASSED] - "------------------------------------------------------": null

2019-10-31 15:41:11 - [TEST_STEP][PASSED] - " Wait Fro Top ListBox to be Active/Clickable          |": null

2019-10-31 15:41:11 - [TEST_STEP][PASSED] - "------------------------------------------------------": null

2019-10-31 15:41:11 - [TEST_STEP][PASSED] - "------------------------------------------------------": null

2019-10-31 15:41:11 - [TEST_STEP][PASSED] - "Select Tidiness Value form List                       |": null

2019-10-31 15:41:11 - [TEST_STEP][PASSED] - selectOptionByValue(findTestObject("Feedback_Non_Recommend/Page_Checkatrade Give your feedback/select_--YS_Tidiness"), YS_Tidiness, false): All options with value '5' are selected in object 'Object Repository/Feedback_Non_Recommend/Page_Checkatrade Give your feedback/select_--YS_Tidiness' 

2019-10-31 15:41:12 - [MESSAGE][PASSED] - All options with value '5' are selected in object 'Object Repository/Feedback_Non_Recommend/Page_Checkatrade Give your feedback/select_--YS_Tidiness' 

2019-10-31 15:41:12 - [TEST_STEP][PASSED] - waitForPageLoad(2): Wait for page load successfully

2019-10-31 15:41:12 - [MESSAGE][PASSED] - Wait for page load successfully

2019-10-31 15:41:12 - [TEST_STEP][PASSED] - "------------------------------------------------------": null

2019-10-31 15:41:12 - [TEST_STEP][PASSED] - "Select Reliability and Timekeeping Value form List    |": null

2019-10-31 15:41:12 - [TEST_STEP][PASSED] - selectOptionByValue(findTestObject("Feedback_Non_Recommend/Page_Checkatrade Give your feedback/select_--YS_Reliability"), YS_Reliability, false): All options with value '8' are selected in object 'Object Repository/Feedback_Non_Recommend/Page_Checkatrade Give your feedback/select_--YS_Reliability' 

2019-10-31 15:41:12 - [MESSAGE][PASSED] - All options with value '8' are selected in object 'Object Repository/Feedback_Non_Recommend/Page_Checkatrade Give your feedback/select_--YS_Reliability' 

2019-10-31 15:41:12 - [TEST_STEP][PASSED] - waitForPageLoad(2): Wait for page load successfully

2019-10-31 15:41:12 - [MESSAGE][PASSED] - Wait for page load successfully

2019-10-31 15:41:12 - [TEST_STEP][PASSED] - "------------------------------------------------------": null

2019-10-31 15:41:12 - [TEST_STEP][PASSED] - "Select Courtesy Value form List                       |": null

2019-10-31 15:41:12 - [TEST_STEP][PASSED] - selectOptionByValue(findTestObject("Feedback_Non_Recommend/Page_Checkatrade Give your feedback/select_--YS_Courtesy"), YS_Reliability, false): All options with value '8' are selected in object 'Object Repository/Feedback_Non_Recommend/Page_Checkatrade Give your feedback/select_--YS_Courtesy' 

2019-10-31 15:41:13 - [MESSAGE][PASSED] - All options with value '8' are selected in object 'Object Repository/Feedback_Non_Recommend/Page_Checkatrade Give your feedback/select_--YS_Courtesy' 

2019-10-31 15:41:13 - [TEST_STEP][PASSED] - waitForPageLoad(2): Wait for page load successfully

2019-10-31 15:41:13 - [MESSAGE][PASSED] - Wait for page load successfully

2019-10-31 15:41:13 - [TEST_STEP][PASSED] - "------------------------------------------------------": null

2019-10-31 15:41:13 - [TEST_STEP][PASSED] - "Select Quality and Workmanship Value form List        |": null

2019-10-31 15:41:13 - [TEST_STEP][PASSED] - selectOptionByValue(findTestObject("Feedback_Non_Recommend/Page_Checkatrade Give your feedback/select_--YS_Workmanship"), YS_Workmanship, false): All options with value '10' are selected in object 'Object Repository/Feedback_Non_Recommend/Page_Checkatrade Give your feedback/select_--YS_Workmanship' 

2019-10-31 15:41:13 - [MESSAGE][PASSED] - All options with value '10' are selected in object 'Object Repository/Feedback_Non_Recommend/Page_Checkatrade Give your feedback/select_--YS_Workmanship' 

2019-10-31 15:41:13 - [TEST_STEP][PASSED] - delay(1): Delayed 1 second(s)

2019-10-31 15:41:14 - [MESSAGE][PASSED] - Delayed 1 second(s)

2019-10-31 15:41:14 - [MESSAGE][PASSED] - Call Test Case 'Test Cases/Reusable_Test_Sequences/Give_Feedback/Your_Scores/Your_Scores_List_Box_Selection_Alt' successfully

2019-10-31 15:41:14 - [TEST_STEP][PASSED] - "------------------------------------------------------------------------------------------": null

2019-10-31 15:41:14 - [TEST_STEP][PASSED] - " Your Scores (page 2) Returned with 2 Main Sections - <Your Scores> and <Details of Work> |": null

2019-10-31 15:41:14 - [TEST_STEP][PASSED] - " Details of Work Done - Form FIll<Description>,<Approx. date>,<How Long>, <Comments> and  |": null

2019-10-31 15:41:14 - [TEST_STEP][PASSED] - "                                                               <Feedback Publish Confirm> |": null

2019-10-31 15:41:14 - [TEST_STEP][PASSED] - callTestCase(findTestCase("Reusable_Test_Sequences/Give_Feedback/Your_Scores/Details_of_work_Done_Formfill_ALT"), [:], CONTINUE_ON_FAILURE): Call Test Case 'Test Cases/Reusable_Test_Sequences/Give_Feedback/Your_Scores/Details_of_work_Done_Formfill_ALT' successfully

2019-10-31 15:41:14 - [TEST_CASE][PASSED] - Test Cases/Reusable_Test_Sequences/Give_Feedback/Your_Scores/Details_of_work_Done_Formfill_ALT: Test Cases/Reusable_Test_Sequences/Give_Feedback/Your_Scores/Details_of_work_Done_Formfill_ALT

2019-10-31 15:41:15 - [TEST_STEP][PASSED] - data = findTestData("Data Files/Give_Feedback (1)"): null

2019-10-31 15:41:15 - [TEST_STEP][PASSED] - YS_Work_Description = data.getValue("YS_Work_Description", row): null

2019-10-31 15:41:15 - [TEST_STEP][PASSED] - YS_Work_Date = data.getValue("YS_Work_Date", row): null

2019-10-31 15:41:15 - [TEST_STEP][PASSED] - YS_Days_to_Complete = data.getValue("YS_Days_to_Complete", row): null

2019-10-31 15:41:15 - [TEST_STEP][PASSED] - YS_Work_Comments = data.getValue("YS_Work_Comments", row): null

2019-10-31 15:41:15 - [TEST_STEP][PASSED] - YS_Feedback_Published = data.getValue("YS_Feedback_Published", row): null

2019-10-31 15:41:15 - [TEST_STEP][PASSED] - YS_Work_Covered = data.getValue("YS_Work_Covered_ALT", row): null

2019-10-31 15:41:15 - [TEST_STEP][PASSED] - YS_Discussed_Complaint = data.getValue("YS_Discussed_Complaint_ALT", row): null

2019-10-31 15:41:15 - [TEST_STEP][PASSED] - YS_Complaint_Response = data.getValue("YS_Complaint_Reponse_ALT", row): null

2019-10-31 15:41:15 - [TEST_STEP][PASSED] - "---------------------------------": null

2019-10-31 15:41:15 - [TEST_STEP][PASSED] - "Read data from spreadsheet       |": null

2019-10-31 15:41:15 - [TEST_STEP][PASSED] - "---------------------------------": null

2019-10-31 15:41:15 - [TEST_STEP][PASSED] - "---------------------------------": null

2019-10-31 15:41:15 - [TEST_STEP][PASSED] - "Brief description of work done   |": null

2019-10-31 15:41:15 - [TEST_STEP][PASSED] - setText(findTestObject("Object Repository/Page_Checkatrade Give your feedback/input_Brief description of work done_ctl00contenttbWorkDescription"), YS_Work_Description): Text 'Parrot had a new right leg fitted' is set on object 'Object Repository/Page_Checkatrade Give your feedback/input_Brief description of work done_ctl00contenttbWorkDescription'

2019-10-31 15:41:15 - [MESSAGE][PASSED] - Text 'Parrot had a new right leg fitted' is set on object 'Object Repository/Page_Checkatrade Give your feedback/input_Brief description of work done_ctl00contenttbWorkDescription'

2019-10-31 15:41:15 - [TEST_STEP][PASSED] - "---------------------------------": null

2019-10-31 15:41:15 - [TEST_STEP][PASSED] - "Date work was done (approx)      |": null

2019-10-31 15:41:15 - [TEST_STEP][PASSED] - "---------------------------------": null

2019-10-31 15:41:15 - [TEST_STEP][PASSED] - "---------------------------------": null

2019-10-31 15:41:15 - [TEST_STEP][PASSED] - "How many days did this job take? |": null

2019-10-31 15:41:15 - [TEST_STEP][PASSED] - setText(findTestObject("Object Repository/Page_Checkatrade Give your feedback/input_How many days did this job take"), YS_Days_to_Complete): Text '157' is set on object 'Object Repository/Page_Checkatrade Give your feedback/input_How many days did this job take'

2019-10-31 15:41:15 - [MESSAGE][PASSED] - Text '157' is set on object 'Object Repository/Page_Checkatrade Give your feedback/input_How many days did this job take'

2019-10-31 15:41:15 - [TEST_STEP][PASSED] - "---------------------------------": null

2019-10-31 15:41:15 - [TEST_STEP][PASSED] - "Your comments about the work     |": null

2019-10-31 15:41:15 - [TEST_STEP][PASSED] - setText(findTestObject("Object Repository/Page_Checkatrade Give your feedback/textarea_Your comments about the work_ctl00contenttbWorkComments"), YS_Work_Comments): Text 'Parrot had to wait so long for a new leg?' is set on object 'Object Repository/Page_Checkatrade Give your feedback/textarea_Your comments about the work_ctl00contenttbWorkComments'

2019-10-31 15:41:15 - [MESSAGE][PASSED] - Text 'Parrot had to wait so long for a new leg?' is set on object 'Object Repository/Page_Checkatrade Give your feedback/textarea_Your comments about the work_ctl00contenttbWorkComments'

2019-10-31 15:41:15 - [TEST_STEP][PASSED] - "---------------------------------------": null

2019-10-31 15:41:15 - [TEST_STEP][PASSED] - " Scroll Bottom of Page Into View <Next>|": null

2019-10-31 15:41:15 - [TEST_STEP][PASSED] - scrollToElement(findTestObject("Object Repository/Page_Checkatrade Give your feedback/input_No_ctl00contentButton6"), 2): Scroll to object 'Object Repository/Page_Checkatrade Give your feedback/input_No_ctl00contentButton6' successfully

2019-10-31 15:41:16 - [MESSAGE][PASSED] - Scroll to object 'Object Repository/Page_Checkatrade Give your feedback/input_No_ctl00contentButton6' successfully

2019-10-31 15:41:16 - [TEST_STEP][PASSED] - "---------------------------------------": null

2019-10-31 15:41:16 - [TEST_STEP][PASSED] - " Work is Guaranteed       - Yes or No  |": null

2019-10-31 15:41:16 - [TEST_STEP][PASSED] - if (YS_Work_Covered == "Yes"): null

2019-10-31 15:41:16 - [TEST_STEP][PASSED] - else if (YS_Work_Covered == "No"): Object: 'Object Repository/Feedback_Non_Recommend/Page_Checkatrade Give your feedback/Warranty_Cover_span_No' is clicked on

2019-10-31 15:41:16 - [TEST_STEP][PASSED] - click(findTestObject("Feedback_Non_Recommend/Page_Checkatrade Give your feedback/Warranty_Cover_span_No")): Object: 'Object Repository/Feedback_Non_Recommend/Page_Checkatrade Give your feedback/Warranty_Cover_span_No' is clicked on

2019-10-31 15:41:16 - [MESSAGE][PASSED] - Object: 'Object Repository/Feedback_Non_Recommend/Page_Checkatrade Give your feedback/Warranty_Cover_span_No' is clicked on

2019-10-31 15:41:16 - [TEST_STEP][PASSED] - waitForPageLoad(25): Wait for page load successfully

2019-10-31 15:41:16 - [MESSAGE][PASSED] - Wait for page load successfully

2019-10-31 15:41:16 - [TEST_STEP][PASSED] - "---------------------------------------": null

2019-10-31 15:41:16 - [TEST_STEP][PASSED] - " Complaint Discussed      - Yes or No  |": null

2019-10-31 15:41:16 - [TEST_STEP][PASSED] - if (YS_Discussed_Complaint == "Yes"): null

2019-10-31 15:41:16 - [TEST_STEP][PASSED] - else if (YS_Discussed_Complaint == "No"): Text 'discuss your concerns directly with the business' is present on page 

2019-10-31 15:41:16 - [TEST_STEP][PASSED] - waitForElementVisible(findTestObject("Feedback_Non_Recommend/Page_Checkatrade Give your feedback/Discussed_Complaint_span_No"), 25): Object 'Object Repository/Feedback_Non_Recommend/Page_Checkatrade Give your feedback/Discussed_Complaint_span_No' is visible

2019-10-31 15:41:16 - [MESSAGE][PASSED] - Object 'Object Repository/Feedback_Non_Recommend/Page_Checkatrade Give your feedback/Discussed_Complaint_span_No' is visible

2019-10-31 15:41:16 - [TEST_STEP][PASSED] - click(findTestObject("Feedback_Non_Recommend/Page_Checkatrade Give your feedback/Discussed_Complaint_span_No")): Object: 'Object Repository/Feedback_Non_Recommend/Page_Checkatrade Give your feedback/Discussed_Complaint_span_No' is clicked on

2019-10-31 15:41:16 - [MESSAGE][PASSED] - Object: 'Object Repository/Feedback_Non_Recommend/Page_Checkatrade Give your feedback/Discussed_Complaint_span_No' is clicked on

2019-10-31 15:41:16 - [TEST_STEP][PASSED] - delay(1): Delayed 1 second(s)

2019-10-31 15:41:17 - [MESSAGE][PASSED] - Delayed 1 second(s)

2019-10-31 15:41:17 - [TEST_STEP][PASSED] - waitForPageLoad(25): Wait for page load successfully

2019-10-31 15:41:17 - [MESSAGE][PASSED] - Wait for page load successfully

2019-10-31 15:41:17 - [TEST_STEP][PASSED] - verifyTextPresent("discuss your concerns directly with the business", false): Text 'discuss your concerns directly with the business' is present on page 

2019-10-31 15:41:18 - [MESSAGE][PASSED] - Text 'discuss your concerns directly with the business' is present on page 

2019-10-31 15:41:18 - [TEST_STEP][PASSED] - "--------------------------------": null

2019-10-31 15:41:18 - [TEST_STEP][PASSED] - delay(1): Delayed 1 second(s)

2019-10-31 15:41:19 - [MESSAGE][PASSED] - Delayed 1 second(s)

2019-10-31 15:41:19 - [TEST_STEP][PASSED] - "---------------------------------": null

2019-10-31 15:41:19 - [TEST_STEP][PASSED] - "Your comments about the work     |": null

2019-10-31 15:41:19 - [TEST_STEP][PASSED] - click(findTestObject("Object Repository/Page_Checkatrade Give your feedback/input_No_ctl00contentButton6")): Object: 'Object Repository/Page_Checkatrade Give your feedback/input_No_ctl00contentButton6' is clicked on

2019-10-31 15:41:20 - [MESSAGE][PASSED] - Object: 'Object Repository/Page_Checkatrade Give your feedback/input_No_ctl00contentButton6' is clicked on

2019-10-31 15:41:20 - [MESSAGE][PASSED] - Call Test Case 'Test Cases/Reusable_Test_Sequences/Give_Feedback/Your_Scores/Details_of_work_Done_Formfill_ALT' successfully

2019-10-31 15:41:20 - [TEST_STEP][PASSED] - scrollToPosition(125, 0): Browser is scrolled to position x = 125, y = 0

2019-10-31 15:41:20 - [MESSAGE][PASSED] - Browser is scrolled to position x = 125, y = 0

2019-10-31 15:41:20 - [TEST_STEP][PASSED] - "------------------------------------------------------------------------------------------": null

2019-10-31 15:41:20 - [TEST_STEP][PASSED] - " Your Experience (page 2) Hit <Next> Button to Continue to <Your Details>- (page 3)       |": null

2019-10-31 15:41:20 - [TEST_STEP][PASSED] - try: null

2019-10-31 15:41:20 - [TEST_STEP][PASSED] - callTestCase(findTestCase("Reusable_Test_Sequences/Give_Feedback/Your_Scores/Hit_Next"), 1): null

2019-10-31 15:41:20 - [TEST_STEP][PASSED] - catch (Exception e): null

2019-10-31 15:41:20 - [MESSAGE][PASSED] - Call Test Case 'Test Cases/Reusable_Test_Sequences/Give_Feedback/Your_Scores/Your_Scores_Alt' successfully

2019-10-31 15:41:20 - [TEST_STEP][PASSED] - "--------------------------------------": null

2019-10-31 15:41:20 - [TEST_STEP][PASSED] - " Your Details (page 3) Processing     |": null

2019-10-31 15:41:20 - [TEST_STEP][PASSED] - callTestCase(findTestCase("Reusable_Test_Sequences/Give_Feedback/Your_Details/Your_Details"), [:], CONTINUE_ON_FAILURE): Call Test Case 'Test Cases/Reusable_Test_Sequences/Give_Feedback/Your_Details/Your_Details' successfully

2019-10-31 15:41:20 - [TEST_CASE][PASSED] - Test Cases/Reusable_Test_Sequences/Give_Feedback/Your_Details/Your_Details: Test Cases/Reusable_Test_Sequences/Give_Feedback/Your_Details/Your_Details

2019-10-31 15:41:20 - [TEST_STEP][PASSED] - "---------------------------------------------------------------------------------------": null

2019-10-31 15:41:20 - [TEST_STEP][PASSED] - " Your Details (page 3)                                                                 |": null

2019-10-31 15:41:20 - [TEST_STEP][PASSED] - "---------------------------------------------------------------------------------------": null

2019-10-31 15:41:20 - [TEST_STEP][PASSED] - "-------------------------------------": null

2019-10-31 15:41:20 - [TEST_STEP][PASSED] - " Consumer or Customer Selection      |": null

2019-10-31 15:41:20 - [TEST_STEP][PASSED] - callTestCase(findTestCase("Reusable_Test_Sequences/Give_Feedback/Your_Details/Consumer_or_Customer_Selection"), [:], CONTINUE_ON_FAILURE): Call Test Case 'Test Cases/Reusable_Test_Sequences/Give_Feedback/Your_Details/Consumer_or_Customer_Selection' successfully

2019-10-31 15:41:20 - [TEST_CASE][PASSED] - Test Cases/Reusable_Test_Sequences/Give_Feedback/Your_Details/Consumer_or_Customer_Selection: Test Cases/Reusable_Test_Sequences/Give_Feedback/Your_Details/Consumer_or_Customer_Selection

2019-10-31 15:41:20 - [TEST_STEP][PASSED] - "--------------------------------": null

2019-10-31 15:41:20 - [TEST_STEP][PASSED] - "Read data from spreadsheet      |": null

2019-10-31 15:41:20 - [TEST_STEP][PASSED] - data = findTestData("Data Files/Give_Feedback (1)"): null

2019-10-31 15:41:20 - [TEST_STEP][PASSED] - YD_Consumer_Customer = data.getValue("YD_Consumer_Customer", row): null

2019-10-31 15:41:20 - [TEST_STEP][PASSED] - out.println("Your Details, Consumer OR Trade Customer, Click on the " + YD_Consumer_Customer + " Option Button "): null

2019-10-31 15:41:20 - [TEST_STEP][PASSED] - try: null

2019-10-31 15:41:20 - [TEST_STEP][PASSED] - if (YD_Consumer_Customer == "Consumer"): null

2019-10-31 15:41:21 - [TEST_STEP][PASSED] - catch (Exception e): null

2019-10-31 15:41:21 - [TEST_STEP][PASSED] - if (YD_Consumer_Customer == "Customer"): null

2019-10-31 15:41:21 - [TEST_STEP][PASSED] - out.println("Your Experience, Recommendation, Click on the " + YD_Consumer_Customer + " Option Button "): null

2019-10-31 15:41:21 - [MESSAGE][PASSED] - Call Test Case 'Test Cases/Reusable_Test_Sequences/Give_Feedback/Your_Details/Consumer_or_Customer_Selection' successfully

2019-10-31 15:41:21 - [TEST_STEP][PASSED] - "-------------------------------------": null

2019-10-31 15:41:21 - [TEST_STEP][PASSED] - " Fill Personal Details               |": null

2019-10-31 15:41:21 - [TEST_STEP][PASSED] - callTestCase(findTestCase("Reusable_Test_Sequences/Give_Feedback/Your_Details/Personal_Details_Formfill"), [:], CONTINUE_ON_FAILURE): Call Test Case 'Test Cases/Reusable_Test_Sequences/Give_Feedback/Your_Details/Personal_Details_Formfill' successfully

2019-10-31 15:41:21 - [TEST_CASE][PASSED] - Test Cases/Reusable_Test_Sequences/Give_Feedback/Your_Details/Personal_Details_Formfill: Test Cases/Reusable_Test_Sequences/Give_Feedback/Your_Details/Personal_Details_Formfill

2019-10-31 15:41:21 - [TEST_STEP][PASSED] - "--------------------------------": null

2019-10-31 15:41:21 - [TEST_STEP][PASSED] - "Read data from spreadsheet      |": null

2019-10-31 15:41:21 - [TEST_STEP][PASSED] - data = findTestData("Data Files/Give_Feedback (1)"): null

2019-10-31 15:41:21 - [TEST_STEP][PASSED] - YD_Salutation = data.getValue("YD_Salutation", row): null

2019-10-31 15:41:21 - [TEST_STEP][PASSED] - YD_Name = data.getValue("YD_Name", row): null

2019-10-31 15:41:21 - [TEST_STEP][PASSED] - YD_Company_Name = data.getValue("YD_Company_Name", row): null

2019-10-31 15:41:21 - [TEST_STEP][PASSED] - YD_Postcode = data.getValue("YD_Postcode", row): null

2019-10-31 15:41:21 - [TEST_STEP][PASSED] - YD_Verify_Address = data.getValue("YD_Verify_Address", row): null

2019-10-31 15:41:21 - [TEST_STEP][PASSED] - YD_Consumer_Customer = data.getValue("YD_Consumer_Customer", row): null

2019-10-31 15:41:21 - [TEST_STEP][PASSED] - out.println("Your Experience, Your details, Set the " + YD_Salutation + " Text Box "): null

2019-10-31 15:41:21 - [TEST_STEP][PASSED] - "--------------------": null

2019-10-31 15:41:21 - [TEST_STEP][PASSED] - "  Set  Salutation   |": null

2019-10-31 15:41:21 - [TEST_STEP][PASSED] - selectOptionByValue(findTestObject("Object Repository/New Folder/Page_Checkatrade Give your feedback/select_MrMrsMissMsMr  MrsDrRevRevd"), YD_Salutation, true): All options with value 'Mr' are selected in object 'Object Repository/New Folder/Page_Checkatrade Give your feedback/select_MrMrsMissMsMr  MrsDrRevRevd'  using regular expression

2019-10-31 15:41:21 - [MESSAGE][PASSED] - All options with value 'Mr' are selected in object 'Object Repository/New Folder/Page_Checkatrade Give your feedback/select_MrMrsMissMsMr  MrsDrRevRevd'  using regular expression

2019-10-31 15:41:21 - [TEST_STEP][PASSED] - "--------------------": null

2019-10-31 15:41:21 - [TEST_STEP][PASSED] - "  Set  Name         |": null

2019-10-31 15:41:21 - [TEST_STEP][PASSED] - if (YD_Consumer_Customer == "Consumer"): Text 'Ron Smith' is set on object 'Object Repository/New Folder/Page_Checkatrade Give your feedback/input_Name_ctl00contenttbCustomerName'

2019-10-31 15:41:21 - [TEST_STEP][PASSED] - setText(findTestObject("Object Repository/New Folder/Page_Checkatrade Give your feedback/input_Name_ctl00contenttbCustomerName"), YD_Name): Text 'Ron Smith' is set on object 'Object Repository/New Folder/Page_Checkatrade Give your feedback/input_Name_ctl00contenttbCustomerName'

2019-10-31 15:41:21 - [MESSAGE][PASSED] - Text 'Ron Smith' is set on object 'Object Repository/New Folder/Page_Checkatrade Give your feedback/input_Name_ctl00contenttbCustomerName'

2019-10-31 15:41:21 - [TEST_STEP][PASSED] - "----------------------": null

2019-10-31 15:41:21 - [TEST_STEP][PASSED] - " Name of you company  |": null

2019-10-31 15:41:21 - [TEST_STEP][PASSED] - if (YD_Consumer_Customer == "Customer"): null

2019-10-31 15:41:21 - [TEST_STEP][PASSED] - "--------------------": null

2019-10-31 15:41:21 - [TEST_STEP][PASSED] - "  Set Postcode     |": null

2019-10-31 15:41:21 - [TEST_STEP][PASSED] - setText(findTestObject("Object Repository/New Folder/Page_Checkatrade Give your feedback/input_Your postcode_ctl00contentctlCustomerAddresstbPostcodeSearch"), YD_Postcode): Text 'PO12 2SD' is set on object 'Object Repository/New Folder/Page_Checkatrade Give your feedback/input_Your postcode_ctl00contentctlCustomerAddresstbPostcodeSearch'

2019-10-31 15:41:22 - [MESSAGE][PASSED] - Text 'PO12 2SD' is set on object 'Object Repository/New Folder/Page_Checkatrade Give your feedback/input_Your postcode_ctl00contentctlCustomerAddresstbPostcodeSearch'

2019-10-31 15:41:22 - [TEST_STEP][PASSED] - "-----------------------------": null

2019-10-31 15:41:22 - [TEST_STEP][PASSED] - "  Address Lookup Selection   |": null

2019-10-31 15:41:22 - [TEST_STEP][PASSED] - click(findTestObject("Object Repository/New Folder/Page_Checkatrade Give your feedback/input_Your postcode_ctl00contentctlCustomerAddressbtnPostcodeLookup")): Object: 'Object Repository/New Folder/Page_Checkatrade Give your feedback/input_Your postcode_ctl00contentctlCustomerAddressbtnPostcodeLookup' is clicked on

2019-10-31 15:41:22 - [MESSAGE][PASSED] - Object: 'Object Repository/New Folder/Page_Checkatrade Give your feedback/input_Your postcode_ctl00contentctlCustomerAddressbtnPostcodeLookup' is clicked on

2019-10-31 15:41:22 - [TEST_STEP][PASSED] - "-----------------------------": null

2019-10-31 15:41:22 - [TEST_STEP][PASSED] - "  Address Lookup Set         |": null

2019-10-31 15:41:22 - [TEST_STEP][PASSED] - selectOptionByLabel(findTestObject("Object Repository/New Folder/Page_Checkatrade Give your feedback/select_Please select your address"), YD_Verify_Address, true): All options with label '26 Broadsands Drive,Gosport,Hampshire,PO12 2SD' are selected in object 'Object Repository/New Folder/Page_Checkatrade Give your feedback/select_Please select your address'  using regular expression

2019-10-31 15:41:23 - [MESSAGE][PASSED] - All options with label '26 Broadsands Drive,Gosport,Hampshire,PO12 2SD' are selected in object 'Object Repository/New Folder/Page_Checkatrade Give your feedback/select_Please select your address'  using regular expression

2019-10-31 15:41:23 - [TEST_STEP][PASSED] - "-----------------------------": null

2019-10-31 15:41:23 - [TEST_STEP][PASSED] - "  Verify Returned Address    |": null

2019-10-31 15:41:23 - [TEST_STEP][PASSED] - verifyTextPresent(YD_Verify_Address, false): Text '26 Broadsands Drive,Gosport,Hampshire,PO12 2SD' is present on page 

2019-10-31 15:41:24 - [MESSAGE][PASSED] - Text '26 Broadsands Drive,Gosport,Hampshire,PO12 2SD' is present on page 

2019-10-31 15:41:24 - [MESSAGE][PASSED] - Call Test Case 'Test Cases/Reusable_Test_Sequences/Give_Feedback/Your_Details/Personal_Details_Formfill' successfully

2019-10-31 15:41:24 - [TEST_STEP][PASSED] - "-------------------------------------": null

2019-10-31 15:41:24 - [TEST_STEP][PASSED] - " Fil Contact Details                 |": null

2019-10-31 15:41:24 - [TEST_STEP][PASSED] - callTestCase(findTestCase("Reusable_Test_Sequences/Give_Feedback/Your_Details/Contact_Details_Formfill"), [:], CONTINUE_ON_FAILURE): Call Test Case 'Test Cases/Reusable_Test_Sequences/Give_Feedback/Your_Details/Contact_Details_Formfill' successfully

2019-10-31 15:41:24 - [TEST_CASE][PASSED] - Test Cases/Reusable_Test_Sequences/Give_Feedback/Your_Details/Contact_Details_Formfill: Test Cases/Reusable_Test_Sequences/Give_Feedback/Your_Details/Contact_Details_Formfill

2019-10-31 15:41:24 - [TEST_STEP][PASSED] - "--------------------------------": null

2019-10-31 15:41:24 - [TEST_STEP][PASSED] - "Read data from spreadsheet      |": null

2019-10-31 15:41:24 - [TEST_STEP][PASSED] - data = findTestData("Data Files/Give_Feedback (1)"): null

2019-10-31 15:41:24 - [TEST_STEP][PASSED] - YD_Home_Phone = data.getValue("YD_Home_Phone", row): null

2019-10-31 15:41:24 - [TEST_STEP][PASSED] - YD_Name = data.getValue("YD_Name", row): null

2019-10-31 15:41:24 - [TEST_STEP][PASSED] - YD_Best_Contact_Time = data.getValue("YD_Best_Contact_Time", row): null

2019-10-31 15:41:24 - [TEST_STEP][PASSED] - YD_Email = data.getValue("YD_Email", row): null

2019-10-31 15:41:24 - [TEST_STEP][PASSED] - YD_Mobile = data.getValue("YD_Mobile", row): null

2019-10-31 15:41:24 - [TEST_STEP][PASSED] - YD_Consumer_Customer = data.getValue("YD_Consumer_Customer", row): null

2019-10-31 15:41:24 - [TEST_STEP][PASSED] - out.println("Your Experience, Your details, Set the " + YD_Home_Phone + " Text Box "): null

2019-10-31 15:41:24 - [TEST_STEP][PASSED] - "------------------------------": null

2019-10-31 15:41:24 - [TEST_STEP][PASSED] - "  Set Home Telephone Number   |": null

2019-10-31 15:41:24 - [TEST_STEP][PASSED] - setText(findTestObject("Object Repository/New Folder/Page_Checkatrade Give your feedback/input_Home telephone_ctl00contenttbCustomerHomePhone"), YD_Home_Phone): Text '02392123456' is set on object 'Object Repository/New Folder/Page_Checkatrade Give your feedback/input_Home telephone_ctl00contenttbCustomerHomePhone'

2019-10-31 15:41:24 - [MESSAGE][PASSED] - Text '02392123456' is set on object 'Object Repository/New Folder/Page_Checkatrade Give your feedback/input_Home telephone_ctl00contenttbCustomerHomePhone'

2019-10-31 15:41:24 - [TEST_STEP][PASSED] - "------------------------------": null

2019-10-31 15:41:24 - [TEST_STEP][PASSED] - "  Set Best Time to Contact    |": null

2019-10-31 15:41:24 - [TEST_STEP][PASSED] - if (YD_Consumer_Customer == "Consumer"): Text 'Afternoon' is set on object 'Object Repository/New Folder/Page_Checkatrade Give your feedback/input_Best time to contact you_ctl00contenttbCustomerContactTime'

2019-10-31 15:41:24 - [TEST_STEP][PASSED] - setText(findTestObject("Object Repository/New Folder/Page_Checkatrade Give your feedback/input_Best time to contact you_ctl00contenttbCustomerContactTime"), YD_Best_Contact_Time): Text 'Afternoon' is set on object 'Object Repository/New Folder/Page_Checkatrade Give your feedback/input_Best time to contact you_ctl00contenttbCustomerContactTime'

2019-10-31 15:41:24 - [MESSAGE][PASSED] - Text 'Afternoon' is set on object 'Object Repository/New Folder/Page_Checkatrade Give your feedback/input_Best time to contact you_ctl00contenttbCustomerContactTime'

2019-10-31 15:41:24 - [TEST_STEP][PASSED] - "------------------------------": null

2019-10-31 15:41:24 - [TEST_STEP][PASSED] - "  Set Email Address           |": null

2019-10-31 15:41:24 - [TEST_STEP][PASSED] - setText(findTestObject("Object Repository/New Folder/Page_Checkatrade Give your feedback/input_Email_ctl00contenttbCustomerEmail"), YD_Email): Text 'Test_xxxxxx@xdxdxdxd.com' is set on object 'Object Repository/New Folder/Page_Checkatrade Give your feedback/input_Email_ctl00contenttbCustomerEmail'

2019-10-31 15:41:24 - [MESSAGE][PASSED] - Text 'Test_xxxxxx@xdxdxdxd.com' is set on object 'Object Repository/New Folder/Page_Checkatrade Give your feedback/input_Email_ctl00contenttbCustomerEmail'

2019-10-31 15:41:24 - [TEST_STEP][PASSED] - "------------------------------": null

2019-10-31 15:41:24 - [TEST_STEP][PASSED] - "  Set Mobile Telephone Number |": null

2019-10-31 15:41:24 - [TEST_STEP][PASSED] - setText(findTestObject("Object Repository/New Folder/Page_Checkatrade Give your feedback/input_Mobile_ctl00contenttbCustomerMobile"), YD_Mobile): Text '07788123456' is set on object 'Object Repository/New Folder/Page_Checkatrade Give your feedback/input_Mobile_ctl00contenttbCustomerMobile'

2019-10-31 15:41:25 - [MESSAGE][PASSED] - Text '07788123456' is set on object 'Object Repository/New Folder/Page_Checkatrade Give your feedback/input_Mobile_ctl00contenttbCustomerMobile'

2019-10-31 15:41:25 - [MESSAGE][PASSED] - Call Test Case 'Test Cases/Reusable_Test_Sequences/Give_Feedback/Your_Details/Contact_Details_Formfill' successfully

2019-10-31 15:41:25 - [TEST_STEP][PASSED] - "-------------------------------------": null

2019-10-31 15:41:25 - [TEST_STEP][PASSED] - " CHeckatrade Questions               |": null

2019-10-31 15:41:25 - [TEST_STEP][PASSED] - callTestCase(findTestCase("Reusable_Test_Sequences/Give_Feedback/Your_Details/Checkatrade_Questions"), [:], CONTINUE_ON_FAILURE): Call Test Case 'Test Cases/Reusable_Test_Sequences/Give_Feedback/Your_Details/Checkatrade_Questions' successfully

2019-10-31 15:41:25 - [TEST_CASE][PASSED] - Test Cases/Reusable_Test_Sequences/Give_Feedback/Your_Details/Checkatrade_Questions: Test Cases/Reusable_Test_Sequences/Give_Feedback/Your_Details/Checkatrade_Questions

2019-10-31 15:41:25 - [TEST_STEP][PASSED] - "--------------------------------": null

2019-10-31 15:41:25 - [TEST_STEP][PASSED] - "Read data from spreadsheet      |": null

2019-10-31 15:41:25 - [TEST_STEP][PASSED] - data = findTestData("Data Files/Give_Feedback (1)"): null

2019-10-31 15:41:25 - [TEST_STEP][PASSED] - YD_Feedback_Method = data.getValue("YD_Feedback_Method", row): null

2019-10-31 15:41:25 - [TEST_STEP][PASSED] - YD_How_Did_You_Hear = data.getValue("YD_How_Did_You_Hear", row): null

2019-10-31 15:41:25 - [TEST_STEP][PASSED] - YD_Other_Response = data.getValue("YD_Other_Response", row): null

2019-10-31 15:41:25 - [TEST_STEP][PASSED] - YD_Reason_For_Tradeperson_Selection = data.getValue("YD_Reason_For_Tradeperson_Selection", row): null

2019-10-31 15:41:25 - [TEST_STEP][PASSED] - YD_Receive_Chekatrade_Updates = data.getValue("YD_Receive_Chekatrade_Updates", row): null

2019-10-31 15:41:25 - [TEST_STEP][PASSED] - YD_Receive_Third_Party_Updates = data.getValue("YD_Receive_Third_Party_Updates", row): null

2019-10-31 15:41:25 - [TEST_STEP][PASSED] - out.println("Your Experience, Your details, Set the " + YD_Feedback_Method + " Text Box "): null

2019-10-31 15:41:25 - [TEST_STEP][PASSED] - "------------------------------------": null

2019-10-31 15:41:25 - [TEST_STEP][PASSED] - "  Set Verify Options - SMS OR Email |": null

2019-10-31 15:41:25 - [TEST_STEP][PASSED] - if (YD_Feedback_Method == "email"): Wait for page load successfully

2019-10-31 15:41:25 - [TEST_STEP][PASSED] - click(findTestObject("Object Repository/Page_Checkatrade Give your feedback/span_Verify by email")): Object: 'Object Repository/Page_Checkatrade Give your feedback/span_Verify by email' is clicked on

2019-10-31 15:41:25 - [MESSAGE][PASSED] - Object: 'Object Repository/Page_Checkatrade Give your feedback/span_Verify by email' is clicked on

2019-10-31 15:41:25 - [TEST_STEP][PASSED] - waitForPageLoad(2): Wait for page load successfully

2019-10-31 15:41:25 - [MESSAGE][PASSED] - Wait for page load successfully

2019-10-31 15:41:25 - [TEST_STEP][PASSED] - "--------------------------------------": null

2019-10-31 15:41:25 - [TEST_STEP][PASSED] - " Scroll to <Next> Button              |": null

2019-10-31 15:41:25 - [TEST_STEP][PASSED] - scrollToPosition(200, 0): Browser is scrolled to position x = 200, y = 0

2019-10-31 15:41:26 - [MESSAGE][PASSED] - Browser is scrolled to position x = 200, y = 0

2019-10-31 15:41:26 - [TEST_STEP][PASSED] - "--------------------------------------": null

2019-10-31 15:41:26 - [TEST_STEP][PASSED] - "  Set How You Heard About Checkatrade |": null

2019-10-31 15:41:26 - [TEST_STEP][PASSED] - waitForPageLoad(2): Wait for page load successfully

2019-10-31 15:41:26 - [MESSAGE][PASSED] - Wait for page load successfully

2019-10-31 15:41:26 - [TEST_STEP][PASSED] - selectOptionByLabel(findTestObject("Object Repository/Page_Checkatrade Give your feedback/select_Please selectTVRadioOnlineDirectoryWord"), YD_How_Did_You_Hear, true): All options with label 'Online' are selected in object 'Object Repository/Page_Checkatrade Give your feedback/select_Please selectTVRadioOnlineDirectoryWord'  using regular expression

2019-10-31 15:41:26 - [MESSAGE][PASSED] - All options with label 'Online' are selected in object 'Object Repository/Page_Checkatrade Give your feedback/select_Please selectTVRadioOnlineDirectoryWord'  using regular expression

2019-10-31 15:41:26 - [TEST_STEP][PASSED] - "--------------------------------------": null

2019-10-31 15:41:26 - [TEST_STEP][PASSED] - "  How did you hear about Textbox      |": null

2019-10-31 15:41:26 - [TEST_STEP][PASSED] - if (YD_How_Did_You_Hear == "Other"): null

2019-10-31 15:41:26 - [TEST_STEP][PASSED] - "--------------------------------------": null

2019-10-31 15:41:26 - [TEST_STEP][PASSED] - "  Why Use The Selected Tradesperson   |": null

2019-10-31 15:41:26 - [TEST_STEP][PASSED] - selectOptionByIndex(findTestObject("Object Repository/New Folder/Page_Checkatrade Give your feedback/select_Prefer not to sayFound the Tradesperson via CheckatradecomDirected to Checkatradecom by the Tradesperson"), 2): All options with index in [2] are selected on object 'Object Repository/New Folder/Page_Checkatrade Give your feedback/select_Prefer not to sayFound the Tradesperson via CheckatradecomDirected to Checkatradecom by the Tradesperson'

2019-10-31 15:41:27 - [MESSAGE][PASSED] - All options with index in [2] are selected on object 'Object Repository/New Folder/Page_Checkatrade Give your feedback/select_Prefer not to sayFound the Tradesperson via CheckatradecomDirected to Checkatradecom by the Tradesperson'

2019-10-31 15:41:27 - [TEST_STEP][PASSED] - "----------------------------------------------------": null

2019-10-31 15:41:27 - [TEST_STEP][PASSED] - " Select - I am happy to receive Updates - Checkatra |": null

2019-10-31 15:41:27 - [TEST_STEP][PASSED] - if (YD_Receive_Chekatrade_Updates == "Yes"): Wait for page load successfully

2019-10-31 15:41:27 - [TEST_STEP][PASSED] - click(findTestObject("Object Repository/New Folder/Page_Checkatrade Give your feedback/input_I am happy to receive updates from Checkatrade_ctl00contentchkEmailUpdates")): Object: 'Object Repository/New Folder/Page_Checkatrade Give your feedback/input_I am happy to receive updates from Checkatrade_ctl00contentchkEmailUpdates' is clicked on

2019-10-31 15:41:27 - [MESSAGE][PASSED] - Object: 'Object Repository/New Folder/Page_Checkatrade Give your feedback/input_I am happy to receive updates from Checkatrade_ctl00contentchkEmailUpdates' is clicked on

2019-10-31 15:41:27 - [TEST_STEP][PASSED] - waitForPageLoad(2): Wait for page load successfully

2019-10-31 15:41:27 - [MESSAGE][PASSED] - Wait for page load successfully

2019-10-31 15:41:27 - [TEST_STEP][PASSED] - "----------------------------------------------------": null

2019-10-31 15:41:27 - [TEST_STEP][PASSED] - " Select - I am happy to receive Updates - 3rd party |": null

2019-10-31 15:41:27 - [TEST_STEP][PASSED] - if (YD_Receive_Third_Party_Updates == "Yes"): null

2019-10-31 15:41:27 - [TEST_STEP][PASSED] - "--------------------------------------": null

2019-10-31 15:41:27 - [TEST_STEP][PASSED] - "   SUBMIT Page                        |": null

2019-10-31 15:41:27 - [TEST_STEP][PASSED] - click(findTestObject("Object Repository/New Folder/Page_Checkatrade Give your feedback/input_here_ctl00contentButtonSubmit")): Object: 'Object Repository/New Folder/Page_Checkatrade Give your feedback/input_here_ctl00contentButtonSubmit' is clicked on

2019-10-31 15:41:28 - [MESSAGE][PASSED] - Object: 'Object Repository/New Folder/Page_Checkatrade Give your feedback/input_here_ctl00contentButtonSubmit' is clicked on

2019-10-31 15:41:28 - [TEST_STEP][PASSED] - waitForPageLoad(2): Wait for page load successfully

2019-10-31 15:41:28 - [MESSAGE][PASSED] - Wait for page load successfully

2019-10-31 15:41:28 - [MESSAGE][PASSED] - Call Test Case 'Test Cases/Reusable_Test_Sequences/Give_Feedback/Your_Details/Checkatrade_Questions' successfully

2019-10-31 15:41:28 - [TEST_STEP][PASSED] - "-------------------------------------": null

2019-10-31 15:41:28 - [TEST_STEP][PASSED] - " Commit form                         |": null

2019-10-31 15:41:28 - [TEST_STEP][PASSED] - waitForPageLoad(60): Wait for page load successfully

2019-10-31 15:41:28 - [MESSAGE][PASSED] - Wait for page load successfully

2019-10-31 15:41:28 - [MESSAGE][PASSED] - Call Test Case 'Test Cases/Reusable_Test_Sequences/Give_Feedback/Your_Details/Your_Details' successfully

2019-10-31 15:41:28 - [TEST_STEP][PASSED] - "--------------------------------------": null

2019-10-31 15:41:28 - [TEST_STEP][PASSED] - " Further Info (page 4) Processing     |": null

2019-10-31 15:41:28 - [TEST_STEP][PASSED] - callTestCase(findTestCase("Reusable_Test_Sequences/Give_Feedback/Further_Infomation/Further_Information"), [:], CONTINUE_ON_FAILURE): Call Test Case 'Test Cases/Reusable_Test_Sequences/Give_Feedback/Further_Infomation/Further_Information' successfully

2019-10-31 15:41:28 - [TEST_CASE][PASSED] - Test Cases/Reusable_Test_Sequences/Give_Feedback/Further_Infomation/Further_Information: Test Cases/Reusable_Test_Sequences/Give_Feedback/Further_Infomation/Further_Information

2019-10-31 15:41:28 - [TEST_STEP][PASSED] - "--------------------------------": null

2019-10-31 15:41:28 - [TEST_STEP][PASSED] - "  Read data from spreadsheet    |": null

2019-10-31 15:41:28 - [TEST_STEP][PASSED] - data = findTestData("Data Files/Give_Feedback (1)"): null

2019-10-31 15:41:28 - [TEST_STEP][PASSED] - FD_Value_of_Work = data.getValue("FD_Value_of_Work", row): null

2019-10-31 15:41:28 - [TEST_STEP][PASSED] - "-----------": null

2019-10-31 15:41:28 - [TEST_STEP][PASSED] - "  Synch    |": null

2019-10-31 15:41:28 - [TEST_STEP][PASSED] - waitForElementPresent(findTestObject("Object Repository/New Folder1/Page_Checkatrade Give your feedback/input_Value Of Work_ctl00contenttbValueOfWork"), 25): Object 'Object Repository/New Folder1/Page_Checkatrade Give your feedback/input_Value Of Work_ctl00contenttbValueOfWork' is present

2019-10-31 15:41:28 - [MESSAGE][PASSED] - Object 'Object Repository/New Folder1/Page_Checkatrade Give your feedback/input_Value Of Work_ctl00contenttbValueOfWork' is present

2019-10-31 15:41:28 - [TEST_STEP][PASSED] - "--------------------------------": null

2019-10-31 15:41:28 - [TEST_STEP][PASSED] - "  Set the Value of Work Textbox |": null

2019-10-31 15:41:28 - [TEST_STEP][PASSED] - setText(findTestObject("Object Repository/New Folder1/Page_Checkatrade Give your feedback/input_Value Of Work_ctl00contenttbValueOfWork"), FD_Value_of_Work): Text '20' is set on object 'Object Repository/New Folder1/Page_Checkatrade Give your feedback/input_Value Of Work_ctl00contenttbValueOfWork'

2019-10-31 15:41:28 - [MESSAGE][PASSED] - Text '20' is set on object 'Object Repository/New Folder1/Page_Checkatrade Give your feedback/input_Value Of Work_ctl00contenttbValueOfWork'

2019-10-31 15:41:28 - [TEST_STEP][PASSED] - "--------------------------------": null

2019-10-31 15:41:28 - [TEST_STEP][PASSED] - "  Hit <Submit> button to Commit |": null

2019-10-31 15:41:28 - [TEST_STEP][PASSED] - click(findTestObject("Object Repository/New Folder/Page_Checkatrade Give your feedback/input_Value Of Work_ctl00contentButton1")): Object: 'Object Repository/New Folder/Page_Checkatrade Give your feedback/input_Value Of Work_ctl00contentButton1' is clicked on

2019-10-31 15:41:29 - [MESSAGE][PASSED] - Object: 'Object Repository/New Folder/Page_Checkatrade Give your feedback/input_Value Of Work_ctl00contentButton1' is clicked on

2019-10-31 15:41:29 - [TEST_STEP][PASSED] - "--------------------------------": null

2019-10-31 15:41:29 - [TEST_STEP][PASSED] - "  Wait for FInal Page Load      |": null

2019-10-31 15:41:29 - [TEST_STEP][PASSED] - waitForPageLoad(60): Wait for page load successfully

2019-10-31 15:41:29 - [MESSAGE][PASSED] - Wait for page load successfully

2019-10-31 15:41:29 - [MESSAGE][PASSED] - Call Test Case 'Test Cases/Reusable_Test_Sequences/Give_Feedback/Further_Infomation/Further_Information' successfully

2019-10-31 15:41:29 - [TEST_STEP][PASSED] - "--------------------------------------": null

2019-10-31 15:41:29 - [TEST_STEP][PASSED] - " Thank You! (page 5) Processing       |": null

2019-10-31 15:41:29 - [TEST_STEP][PASSED] - callTestCase(findTestCase("Reusable_Test_Sequences/Give_Feedback/Final_Page"), [:], CONTINUE_ON_FAILURE): Call Test Case 'Test Cases/Reusable_Test_Sequences/Give_Feedback/Final_Page' successfully

2019-10-31 15:41:30 - [TEST_CASE][PASSED] - Test Cases/Reusable_Test_Sequences/Give_Feedback/Final_Page: Test Cases/Reusable_Test_Sequences/Give_Feedback/Final_Page

2019-10-31 15:41:30 - [TEST_STEP][PASSED] - waitForPageLoad(2): Wait for page load successfully

2019-10-31 15:41:30 - [MESSAGE][PASSED] - Wait for page load successfully

2019-10-31 15:41:30 - [TEST_STEP][PASSED] - "--------------------------------": null

2019-10-31 15:41:30 - [TEST_STEP][PASSED] - "Read data from spreadsheet      |": null

2019-10-31 15:41:30 - [TEST_STEP][PASSED] - data = findTestData("Data Files/Give_Feedback (1)"): null

2019-10-31 15:41:30 - [TEST_STEP][PASSED] - Account_Verification_Name = data.getValue("Account_Verification_Name", row): null

2019-10-31 15:41:30 - [TEST_STEP][PASSED] - YE_Recommend = data.getValue("YE_Recommendations", row): null

2019-10-31 15:41:30 - [TEST_STEP][PASSED] - YE_Work_Carried_Out = data.getValue("YE_Work_Carried_Out", row): null

2019-10-31 15:41:30 - [TEST_STEP][PASSED] - waitForElementVisible(findTestObject("Object Repository/New Folder/Page_Checkatrade Give your feedback/a_Finish"), 25): Object 'Object Repository/New Folder/Page_Checkatrade Give your feedback/a_Finish' is visible

2019-10-31 15:41:30 - [MESSAGE][PASSED] - Object 'Object Repository/New Folder/Page_Checkatrade Give your feedback/a_Finish' is visible

2019-10-31 15:41:30 - [TEST_STEP][PASSED] - "------------------------------------": null

2019-10-31 15:41:30 - [TEST_STEP][PASSED] - "  Verify Page Detail                |": null

2019-10-31 15:41:30 - [TEST_STEP][PASSED] - if (YE_Recommend == "Yes"): null

2019-10-31 15:41:30 - [TEST_STEP][PASSED] - verifyTextPresent("Thank you", true): Text 'Thank you' is present on page  using regular expression

2019-10-31 15:41:30 - [MESSAGE][PASSED] - Text 'Thank you' is present on page  using regular expression

2019-10-31 15:41:30 - [TEST_STEP][PASSED] - "------------------------------------": null

2019-10-31 15:41:30 - [TEST_STEP][PASSED] - "  Hit Finish                        |": null

2019-10-31 15:41:30 - [TEST_STEP][PASSED] - click(findTestObject("Object Repository/New Folder/Page_Checkatrade Give your feedback/a_Finish")): Object: 'Object Repository/New Folder/Page_Checkatrade Give your feedback/a_Finish' is clicked on

2019-10-31 15:41:31 - [MESSAGE][PASSED] - Object: 'Object Repository/New Folder/Page_Checkatrade Give your feedback/a_Finish' is clicked on

2019-10-31 15:41:31 - [MESSAGE][PASSED] - Call Test Case 'Test Cases/Reusable_Test_Sequences/Give_Feedback/Final_Page' successfully

2019-10-31 15:41:31 - [TEST_STEP][PASSED] - "--------------------------------------": null

2019-10-31 15:41:31 - [TEST_STEP][PASSED] - "  Verify Return to Home Page          |": null

2019-10-31 15:41:31 - [TEST_STEP][PASSED] - callTestCase(findTestCase("Reusable_Test_Sequences/CAT_Home"), [:], CONTINUE_ON_FAILURE): Call Test Case 'Test Cases/Reusable_Test_Sequences/CAT_Home' successfully

2019-10-31 15:41:31 - [TEST_CASE][PASSED] - Test Cases/Reusable_Test_Sequences/CAT_Home: Test Cases/Reusable_Test_Sequences/CAT_Home

2019-10-31 15:41:31 - [TEST_STEP][PASSED] - waitForPageLoad(2): Wait for page load successfully

2019-10-31 15:41:31 - [MESSAGE][PASSED] - Wait for page load successfully

2019-10-31 15:41:31 - [TEST_STEP][PASSED] - waitForElementVisible(findTestObject("Object Repository/Checkatrade_Trade_Search_Page/Page_Checkatrade Find a tradesperson you can trust/a_Search"), 10): Object 'Object Repository/Checkatrade_Trade_Search_Page/Page_Checkatrade Find a tradesperson you can trust/a_Search' is visible

2019-10-31 15:41:32 - [MESSAGE][PASSED] - Object 'Object Repository/Checkatrade_Trade_Search_Page/Page_Checkatrade Find a tradesperson you can trust/a_Search' is visible

2019-10-31 15:41:32 - [TEST_STEP][PASSED] - "------------------------------------": null

2019-10-31 15:41:32 - [TEST_STEP][PASSED] - verifyTextPresent("Helping you find the right trade or service", false): Text 'Helping you find the right trade or service' is present on page 

2019-10-31 15:41:33 - [MESSAGE][PASSED] - Text 'Helping you find the right trade or service' is present on page 

2019-10-31 15:41:33 - [TEST_STEP][PASSED] - verifyTextPresent("Search through over", false): Text 'Search through over' is present on page 

2019-10-31 15:41:33 - [MESSAGE][PASSED] - Text 'Search through over' is present on page 

2019-10-31 15:41:33 - [TEST_STEP][PASSED] - verifyTextPresent("recommended, vetted and monitored trades and service providers for free.", false): Text 'recommended, vetted and monitored trades and service providers for free.' is present on page 

2019-10-31 15:41:34 - [MESSAGE][PASSED] - Text 'recommended, vetted and monitored trades and service providers for free.' is present on page 

2019-10-31 15:41:34 - [TEST_STEP][PASSED] - verifyTextPresent("or look up a member by name", false): Text 'or look up a member by name' is present on page 

2019-10-31 15:41:34 - [MESSAGE][PASSED] - Text 'or look up a member by name' is present on page 

2019-10-31 15:41:34 - [TEST_STEP][PASSED] - verifyTextPresent("reviews published so far – thank you!", false): Text 'reviews published so far – thank you!' is present on page 

2019-10-31 15:41:34 - [MESSAGE][PASSED] - Text 'reviews published so far – thank you!' is present on page 

2019-10-31 15:41:34 - [TEST_STEP][PASSED] - CurrentUrl = getUrl(): Current window's url is: 'https://www.preview.checkatrade.com/'

2019-10-31 15:41:34 - [MESSAGE][PASSED] - Current window's url is: 'https://www.preview.checkatrade.com/'

2019-10-31 15:41:34 - [TEST_STEP][PASSED] - if (CurrentUrl == URL): null

2019-10-31 15:41:34 - [TEST_STEP][PASSED] - out.println("We have been redirected, correctly back to home URL" + URL): null

2019-10-31 15:41:34 - [MESSAGE][PASSED] - Call Test Case 'Test Cases/Reusable_Test_Sequences/CAT_Home' successfully

2019-10-31 15:41:34 - [TEST_STEP][PASSED] - "--------------------------------------": null

2019-10-31 15:41:34 - [TEST_STEP][PASSED] - " Processing Completion                |": null

2019-10-31 15:41:34 - [TEST_STEP][PASSED] - "--------------------------------------": null

2019-10-31 15:41:34 - [TEST_STEP][PASSED] - "--------------------------": null

2019-10-31 15:41:34 - [TEST_STEP][PASSED] - " Teardown - CLose Browser |": null

2019-10-31 15:41:34 - [TEST_STEP][PASSED] - callTestCase(findTestCase("Reusable_Test_Sequences/CAT_Teardown"), [:], STOP_ON_FAILURE): Call Test Case 'Test Cases/Reusable_Test_Sequences/CAT_Teardown' successfully

2019-10-31 15:41:34 - [TEST_CASE][PASSED] - Test Cases/Reusable_Test_Sequences/CAT_Teardown: Test Cases/Reusable_Test_Sequences/CAT_Teardown

2019-10-31 15:41:34 - [TEST_STEP][PASSED] - closeBrowser(): Browser is closed

2019-10-31 15:41:37 - [MESSAGE][PASSED] - Browser is closed

2019-10-31 15:41:37 - [MESSAGE][PASSED] - Call Test Case 'Test Cases/Reusable_Test_Sequences/CAT_Teardown' successfully

2019-10-31 15:41:37 - [TEST_STEP][PASSED] - callTestCase(findTestCase("Reusable_Test_Sequences/CAT_Setup"), [:], STOP_ON_FAILURE): Call Test Case 'Test Cases/Reusable_Test_Sequences/CAT_Setup' successfully

2019-10-31 15:41:37 - [TEST_CASE][PASSED] - Test Cases/Reusable_Test_Sequences/CAT_Setup: Test Cases/Reusable_Test_Sequences/CAT_Setup

2019-10-31 15:41:37 - [TEST_STEP][PASSED] - "URL - Set from the ENVIRONMENT PROFILE ": null

2019-10-31 15:41:37 - [TEST_STEP][PASSED] - openBrowser(URL): Browser is opened with url: 'https://www.preview.checkatrade.com/'

2019-10-31 15:41:37 - [MESSAGE][INFO] - Starting 'Firefox' driver

2019-10-31 15:41:48 - [MESSAGE][PASSED] - Browser is opened with url: 'https://www.preview.checkatrade.com/'

2019-10-31 15:41:48 - [TEST_STEP][PASSED] - maximizeWindow(): Current window maximized

2019-10-31 15:41:49 - [MESSAGE][PASSED] - Current window maximized

2019-10-31 15:41:49 - [TEST_STEP][PASSED] - waitForPageLoad(60): Wait for page load successfully

2019-10-31 15:41:49 - [MESSAGE][PASSED] - Wait for page load successfully

2019-10-31 15:41:49 - [TEST_STEP][PASSED] - waitForElementVisible(findTestObject("Page_Checkatrade Find a tradesperson you can trust/a_Search"), 25): Object 'Object Repository/Page_Checkatrade Find a tradesperson you can trust/a_Search' is visible

2019-10-31 15:41:49 - [MESSAGE][PASSED] - Object 'Object Repository/Page_Checkatrade Find a tradesperson you can trust/a_Search' is visible

2019-10-31 15:41:49 - [TEST_STEP][PASSED] - try: Text 'Checkatrade.com uses cookies to make sure you get the best browsing experience' is not present on page

2019-10-31 15:41:49 - [TEST_STEP][PASSED] - if (verifyElementPresent(findTestObject("Page_Checkatrade Find a tradesperson you can trust/div_close"), 1, OPTIONAL)): Text 'Checkatrade.com uses cookies to make sure you get the best browsing experience' is not present on page

2019-10-31 15:41:49 - [MESSAGE][PASSED] - Object 'Object Repository/Page_Checkatrade Find a tradesperson you can trust/div_close' is present

2019-10-31 15:41:49 - [TEST_STEP][PASSED] - click(findTestObject("Page_Checkatrade Find a tradesperson you can trust/div_close")): Object: 'Object Repository/Page_Checkatrade Find a tradesperson you can trust/div_close' is clicked on

2019-10-31 15:41:50 - [MESSAGE][PASSED] - Object: 'Object Repository/Page_Checkatrade Find a tradesperson you can trust/div_close' is clicked on

2019-10-31 15:41:50 - [TEST_STEP][PASSED] - "---------------------------------": null

2019-10-31 15:41:50 - [TEST_STEP][PASSED] - "COOKIE POPOUT REMOVED - Confirmed": null

2019-10-31 15:41:50 - [TEST_STEP][PASSED] - delay(1): Delayed 1 second(s)

2019-10-31 15:41:51 - [MESSAGE][PASSED] - Delayed 1 second(s)

2019-10-31 15:41:51 - [TEST_STEP][PASSED] - verifyTextNotPresent("Checkatrade.com uses cookies to make sure you get the best browsing experience", false): Text 'Checkatrade.com uses cookies to make sure you get the best browsing experience' is not present on page

2019-10-31 15:41:51 - [MESSAGE][PASSED] - Text 'Checkatrade.com uses cookies to make sure you get the best browsing experience' is not present on page

2019-10-31 15:41:51 - [TEST_STEP][PASSED] - try: Text 'We have updated our Privacy Policy, please review this' is not present on page

2019-10-31 15:41:51 - [TEST_STEP][PASSED] - if (verifyElementPresent(findTestObject("Page_Checkatrade Find a tradesperson you can trust/div_close_1"), 1, OPTIONAL)): Text 'We have updated our Privacy Policy, please review this' is not present on page

2019-10-31 15:41:51 - [MESSAGE][PASSED] - Object 'Object Repository/Page_Checkatrade Find a tradesperson you can trust/div_close_1' is present

2019-10-31 15:41:51 - [TEST_STEP][PASSED] - click(findTestObject("Page_Checkatrade Find a tradesperson you can trust/div_close_1")): Object: 'Object Repository/Page_Checkatrade Find a tradesperson you can trust/div_close_1' is clicked on

2019-10-31 15:41:52 - [MESSAGE][PASSED] - Object: 'Object Repository/Page_Checkatrade Find a tradesperson you can trust/div_close_1' is clicked on

2019-10-31 15:41:52 - [TEST_STEP][PASSED] - "---------------------------------": null

2019-10-31 15:41:52 - [TEST_STEP][PASSED] - "PRIVACY POPOUT REMOVED - Confirmed": null

2019-10-31 15:41:52 - [TEST_STEP][PASSED] - delay(1): Delayed 1 second(s)

2019-10-31 15:41:53 - [MESSAGE][PASSED] - Delayed 1 second(s)

2019-10-31 15:41:53 - [TEST_STEP][PASSED] - verifyTextNotPresent("We have updated our Privacy Policy, please review this", false): Text 'We have updated our Privacy Policy, please review this' is not present on page

2019-10-31 15:41:53 - [MESSAGE][PASSED] - Text 'We have updated our Privacy Policy, please review this' is not present on page

2019-10-31 15:41:53 - [MESSAGE][PASSED] - Call Test Case 'Test Cases/Reusable_Test_Sequences/CAT_Setup' successfully

2019-10-31 15:41:53 - [TEST_STEP][PASSED] - "-----------------------------------------------------": null

2019-10-31 15:41:53 - [TEST_STEP][PASSED] - " Hit the <Give Feedback> link in the header banner   |": null

2019-10-31 15:41:53 - [TEST_STEP][PASSED] - callTestCase(findTestCase("Reusable_Test_Sequences/Banner_Menu/Give_Feedback"), [:], CONTINUE_ON_FAILURE): Call Test Case 'Test Cases/Reusable_Test_Sequences/Banner_Menu/Give_Feedback' successfully

2019-10-31 15:41:53 - [TEST_CASE][PASSED] - Test Cases/Reusable_Test_Sequences/Banner_Menu/Give_Feedback: Test Cases/Reusable_Test_Sequences/Banner_Menu/Give_Feedback

2019-10-31 15:41:53 - [TEST_STEP][PASSED] - click(findTestObject("Object Repository/Page_Checkatrade Find a tradesperson you can trust/a_Give feedback")): Object: 'Object Repository/Page_Checkatrade Find a tradesperson you can trust/a_Give feedback' is clicked on

2019-10-31 15:41:54 - [MESSAGE][PASSED] - Object: 'Object Repository/Page_Checkatrade Find a tradesperson you can trust/a_Give feedback' is clicked on

2019-10-31 15:41:54 - [TEST_STEP][PASSED] - waitForElementVisible(findTestObject("Page_Give_Feedback_Enhanced_OBJ_Repo/Page_Checkatrade Give your feedback/input_Which member do you want to review_feedback-form__company_autocomplete_input"), 25): Object 'Object Repository/Page_Give_Feedback_Enhanced_OBJ_Repo/Page_Checkatrade Give your feedback/input_Which member do you want to review_feedback-form__company_autocomplete_input' is visible

2019-10-31 15:41:55 - [MESSAGE][PASSED] - Object 'Object Repository/Page_Give_Feedback_Enhanced_OBJ_Repo/Page_Checkatrade Give your feedback/input_Which member do you want to review_feedback-form__company_autocomplete_input' is visible

2019-10-31 15:41:55 - [TEST_STEP][PASSED] - verifyTextPresent("Give your feedback", false): Text 'Give your feedback' is present on page 

2019-10-31 15:41:56 - [MESSAGE][PASSED] - Text 'Give your feedback' is present on page 

2019-10-31 15:41:56 - [TEST_STEP][PASSED] - verifyTextPresent("Which member do you want to review?", false): Text 'Which member do you want to review?' is present on page 

2019-10-31 15:41:57 - [MESSAGE][PASSED] - Text 'Which member do you want to review?' is present on page 

2019-10-31 15:41:57 - [MESSAGE][PASSED] - Call Test Case 'Test Cases/Reusable_Test_Sequences/Banner_Menu/Give_Feedback' successfully

2019-10-31 15:41:57 - [TEST_STEP][PASSED] - "-----------------------------------------------------": null

2019-10-31 15:41:57 - [TEST_STEP][PASSED] - " Enter Member Trade Name OR Checkatrade ID To Review |": null

2019-10-31 15:41:57 - [TEST_STEP][PASSED] - callTestCase(findTestCase("Reusable_Test_Sequences/Give_Feedback/Which_Member_to_Review"), [:], STOP_ON_FAILURE): Call Test Case 'Test Cases/Reusable_Test_Sequences/Give_Feedback/Which_Member_to_Review' successfully

2019-10-31 15:41:57 - [TEST_CASE][PASSED] - Test Cases/Reusable_Test_Sequences/Give_Feedback/Which_Member_to_Review: Test Cases/Reusable_Test_Sequences/Give_Feedback/Which_Member_to_Review

2019-10-31 15:41:57 - [TEST_STEP][PASSED] - waitForPageLoad(60): Wait for page load successfully

2019-10-31 15:41:57 - [MESSAGE][PASSED] - Wait for page load successfully

2019-10-31 15:41:57 - [TEST_STEP][PASSED] - waitForElementPresent(findTestObject("Object Repository/Page_Checkatrade Give your feedback/input_Which member do you want to review"), 25): Object 'Object Repository/Page_Checkatrade Give your feedback/input_Which member do you want to review' is present

2019-10-31 15:41:57 - [MESSAGE][PASSED] - Object 'Object Repository/Page_Checkatrade Give your feedback/input_Which member do you want to review' is present

2019-10-31 15:41:57 - [TEST_STEP][PASSED] - setText(findTestObject("Object Repository/Page_Checkatrade Give your feedback/input_Which member do you want to review"), findTestData("Give_Feedback (1)").getValue("Account_Verification_Name", row)): Text 'Test Account' is set on object 'Object Repository/Page_Checkatrade Give your feedback/input_Which member do you want to review'

2019-10-31 15:41:57 - [MESSAGE][PASSED] - Text 'Test Account' is set on object 'Object Repository/Page_Checkatrade Give your feedback/input_Which member do you want to review'

2019-10-31 15:41:57 - [TEST_STEP][PASSED] - delay(1): Delayed 1 second(s)

2019-10-31 15:41:58 - [MESSAGE][PASSED] - Delayed 1 second(s)

2019-10-31 15:41:58 - [TEST_STEP][PASSED] - "Submit the search criteria using click     |": null

2019-10-31 15:41:58 - [TEST_STEP][PASSED] - waitForElementPresent(findTestObject("Object Repository/Page_Checkatrade Give your feedback/div_Which member do you want to review"), 25): Object 'Object Repository/Page_Checkatrade Give your feedback/div_Which member do you want to review' is present

2019-10-31 15:41:58 - [MESSAGE][PASSED] - Object 'Object Repository/Page_Checkatrade Give your feedback/div_Which member do you want to review' is present

2019-10-31 15:41:58 - [TEST_STEP][PASSED] - try: Object: 'Object Repository/Page_Checkatrade Give your feedback/div_Which member do you want to review' is clicked on

2019-10-31 15:41:58 - [TEST_STEP][PASSED] - "Try Catch Included 14/08/2019 - Sometimes the Trader isnt returned?   |": null

2019-10-31 15:41:58 - [TEST_STEP][PASSED] - click(findTestObject("Page_Checkatrade Give your feedback/div_Which member do you want to review")): Object: 'Object Repository/Page_Checkatrade Give your feedback/div_Which member do you want to review' is clicked on

2019-10-31 15:41:59 - [MESSAGE][PASSED] - Object: 'Object Repository/Page_Checkatrade Give your feedback/div_Which member do you want to review' is clicked on

2019-10-31 15:41:59 - [MESSAGE][PASSED] - Call Test Case 'Test Cases/Reusable_Test_Sequences/Give_Feedback/Which_Member_to_Review' successfully

2019-10-31 15:41:59 - [TEST_STEP][PASSED] - "--------------------------------------": null

2019-10-31 15:41:59 - [TEST_STEP][PASSED] - " Your Experience (page 1) Processing  |": null

2019-10-31 15:41:59 - [TEST_STEP][PASSED] - callTestCase(findTestCase("Reusable_Test_Sequences/Give_Feedback/Your_Experience/Your_Experience"), [:], CONTINUE_ON_FAILURE): Call Test Case 'Test Cases/Reusable_Test_Sequences/Give_Feedback/Your_Experience/Your_Experience' successfully

2019-10-31 15:41:59 - [TEST_CASE][PASSED] - Test Cases/Reusable_Test_Sequences/Give_Feedback/Your_Experience/Your_Experience: Test Cases/Reusable_Test_Sequences/Give_Feedback/Your_Experience/Your_Experience

2019-10-31 15:41:59 - [TEST_STEP][PASSED] - data = findTestData("Data Files/Give_Feedback (1)"): null

2019-10-31 15:41:59 - [TEST_STEP][PASSED] - YE_Recommend = data.getValue("YE_Recommendations", row): null

2019-10-31 15:41:59 - [TEST_STEP][PASSED] - "---------------------------------------------------------------------------------------": null

2019-10-31 15:41:59 - [TEST_STEP][PASSED] - " Your Experience (page 1) Returned with Recommendation Selection Set to Yes (Default)  |": null

2019-10-31 15:41:59 - [TEST_STEP][PASSED] - "---------------------------------------------------------------------------------------": null

2019-10-31 15:41:59 - [TEST_STEP][PASSED] - "---------------------------------------------------------------------------------------": null

2019-10-31 15:41:59 - [TEST_STEP][PASSED] - " Your Experience (page 1) Recommend this trader?                                       |": null

2019-10-31 15:41:59 - [TEST_STEP][PASSED] - callTestCase(findTestCase("Reusable_Test_Sequences/Give_Feedback/Your_Experience/Recommendation_Selection"), [:], CONTINUE_ON_FAILURE): Call Test Case 'Test Cases/Reusable_Test_Sequences/Give_Feedback/Your_Experience/Recommendation_Selection' successfully

2019-10-31 15:41:59 - [TEST_CASE][PASSED] - Test Cases/Reusable_Test_Sequences/Give_Feedback/Your_Experience/Recommendation_Selection: Test Cases/Reusable_Test_Sequences/Give_Feedback/Your_Experience/Recommendation_Selection

2019-10-31 15:41:59 - [TEST_STEP][PASSED] - data = findTestData("Data Files/Give_Feedback (1)"): null

2019-10-31 15:41:59 - [TEST_STEP][PASSED] - YE_Recommend = data.getValue("YE_Recommendations", row): null

2019-10-31 15:41:59 - [TEST_STEP][PASSED] - "--------------------------------": null

2019-10-31 15:41:59 - [TEST_STEP][PASSED] - "Read data from spreadsheet      |": null

2019-10-31 15:41:59 - [TEST_STEP][PASSED] - "--------------------------------": null

2019-10-31 15:41:59 - [TEST_STEP][PASSED] - "--------------------------------": null

2019-10-31 15:41:59 - [TEST_STEP][PASSED] - "Set Recommendation - Yes or No  |": null

2019-10-31 15:41:59 - [TEST_STEP][PASSED] - if (YE_Recommend == "Yes"): null

2019-10-31 15:41:59 - [TEST_STEP][PASSED] - else if (YE_Recommend == "No"): Call Test Case 'Test Cases/Reusable_Test_Sequences/Give_Feedback/Your_Experience/Not_Recommend' successfully

2019-10-31 15:41:59 - [TEST_STEP][PASSED] - click(findTestObject("Object Repository/Feedback/Page_Checkatrade Give your feedback/Page_Checkatrade Give your feedback/span_No")): Object: 'Object Repository/Feedback/Page_Checkatrade Give your feedback/Page_Checkatrade Give your feedback/span_No' is clicked on

2019-10-31 15:42:00 - [MESSAGE][PASSED] - Object: 'Object Repository/Feedback/Page_Checkatrade Give your feedback/Page_Checkatrade Give your feedback/span_No' is clicked on

2019-10-31 15:42:00 - [TEST_STEP][PASSED] - waitForPageLoad(5): Wait for page load successfully

2019-10-31 15:42:00 - [MESSAGE][PASSED] - Wait for page load successfully

2019-10-31 15:42:00 - [TEST_STEP][PASSED] - callTestCase(findTestCase("Reusable_Test_Sequences/Give_Feedback/Your_Experience/Not_Recommend"), [:], CONTINUE_ON_FAILURE): Call Test Case 'Test Cases/Reusable_Test_Sequences/Give_Feedback/Your_Experience/Not_Recommend' successfully

2019-10-31 15:42:00 - [TEST_CASE][PASSED] - Test Cases/Reusable_Test_Sequences/Give_Feedback/Your_Experience/Not_Recommend: Test Cases/Reusable_Test_Sequences/Give_Feedback/Your_Experience/Not_Recommend

2019-10-31 15:42:00 - [TEST_STEP][PASSED] - data = findTestData("Data Files/Give_Feedback (1)"): null

2019-10-31 15:42:00 - [TEST_STEP][PASSED] - YE_WorkCarriedOut = data.getValue("YE_Work_Carried_Out", row): null

2019-10-31 15:42:00 - [TEST_STEP][PASSED] - YE_NatureOfIssue = data.getValue("YE_Nature_Of_Issue", row): null

2019-10-31 15:42:00 - [TEST_STEP][PASSED] - YE_Comments = data.getValue("YE_Comments", row): null

2019-10-31 15:42:00 - [TEST_STEP][PASSED] - YE_FeedbackPublished = data.getValue("YE_Feedback_Published", row): null

2019-10-31 15:42:00 - [TEST_STEP][PASSED] - YE_ReasonNoFeedback = data.getValue("YE_Reason_No_Feedback", row): null

2019-10-31 15:42:00 - [TEST_STEP][PASSED] - YE_Resolve = data.getValue("YE_Resolve", row): null

2019-10-31 15:42:00 - [TEST_STEP][PASSED] - YE_Recommend = data.getValue("YE_Recommendations", row): null

2019-10-31 15:42:00 - [TEST_STEP][PASSED] - "--------------------------------": null

2019-10-31 15:42:00 - [TEST_STEP][PASSED] - "Read data from spreadsheet      |": null

2019-10-31 15:42:00 - [TEST_STEP][PASSED] - "--------------------------------": null

2019-10-31 15:42:00 - [TEST_STEP][PASSED] - "--------------------------------------": null

2019-10-31 15:42:00 - [TEST_STEP][PASSED] - " Was work carried out/Money Exchanged |": null

2019-10-31 15:42:00 - [TEST_STEP][PASSED] - waitForElementVisible(findTestObject("Feedback_Non_Recommend/Page_Checkatrade Give your feedback/work_Carried_Out_span_No"), 5): Object 'Object Repository/Feedback_Non_Recommend/Page_Checkatrade Give your feedback/work_Carried_Out_span_No' is visible

2019-10-31 15:42:01 - [MESSAGE][PASSED] - Object 'Object Repository/Feedback_Non_Recommend/Page_Checkatrade Give your feedback/work_Carried_Out_span_No' is visible

2019-10-31 15:42:01 - [TEST_STEP][PASSED] - if (YE_WorkCarriedOut == "No"): null

2019-10-31 15:42:01 - [TEST_STEP][PASSED] - else if (YE_WorkCarriedOut == "Yes"): Wait for page load successfully

2019-10-31 15:42:01 - [TEST_STEP][PASSED] - click(findTestObject("Feedback_Non_Recommend/Page_Checkatrade Give your feedback/work_Carried_Out_span_Yes")): Object: 'Object Repository/Feedback_Non_Recommend/Page_Checkatrade Give your feedback/work_Carried_Out_span_Yes' is clicked on

2019-10-31 15:42:01 - [MESSAGE][PASSED] - Object: 'Object Repository/Feedback_Non_Recommend/Page_Checkatrade Give your feedback/work_Carried_Out_span_Yes' is clicked on

2019-10-31 15:42:01 - [TEST_STEP][PASSED] - waitForPageLoad(2): Wait for page load successfully

2019-10-31 15:42:01 - [MESSAGE][PASSED] - Wait for page load successfully

2019-10-31 15:42:01 - [TEST_STEP][PASSED] - waitForElementVisible(findTestObject("Feedback_Non_Recommend/Page_Checkatrade Give your feedback/work_Carried_Out_span_No"), 5): Object 'Object Repository/Feedback_Non_Recommend/Page_Checkatrade Give your feedback/work_Carried_Out_span_No' is visible

2019-10-31 15:42:01 - [MESSAGE][PASSED] - Object 'Object Repository/Feedback_Non_Recommend/Page_Checkatrade Give your feedback/work_Carried_Out_span_No' is visible

2019-10-31 15:42:01 - [TEST_STEP][PASSED] - "--------------------------------------": null

2019-10-31 15:42:01 - [TEST_STEP][PASSED] - " Nature of Issue - Selection Box      |": null

2019-10-31 15:42:01 - [TEST_STEP][PASSED] - selectOptionByLabel(findTestObject("Feedback_Non_Recommend/Page_Checkatrade Give your feedback/select_Please Select ShortForm"), YE_NatureOfIssue, false): All options with label 'Overcharging' are selected in object 'Object Repository/Feedback_Non_Recommend/Page_Checkatrade Give your feedback/select_Please Select ShortForm' 

2019-10-31 15:42:02 - [MESSAGE][PASSED] - All options with label 'Overcharging' are selected in object 'Object Repository/Feedback_Non_Recommend/Page_Checkatrade Give your feedback/select_Please Select ShortForm' 

2019-10-31 15:42:02 - [TEST_STEP][PASSED] - "------------------------------------------------": null

2019-10-31 15:42:02 - [TEST_STEP][PASSED] - " Scroll to <NEXT> Button to reveal Text Below   |": null

2019-10-31 15:42:02 - [TEST_STEP][PASSED] - scrollToElement(findTestObject("Object Repository/Page_Checkatrade Give your feedback/input_No_ctl00contentButton4"), 2): Scroll to object 'Object Repository/Page_Checkatrade Give your feedback/input_No_ctl00contentButton4' successfully

2019-10-31 15:42:02 - [MESSAGE][PASSED] - Scroll to object 'Object Repository/Page_Checkatrade Give your feedback/input_No_ctl00contentButton4' successfully

2019-10-31 15:42:02 - [TEST_STEP][PASSED] - waitForPageLoad(5): Wait for page load successfully

2019-10-31 15:42:02 - [MESSAGE][PASSED] - Wait for page load successfully

2019-10-31 15:42:02 - [TEST_STEP][PASSED] - waitForElementVisible(findTestObject("Feedback_Non_Recommend/Page_Checkatrade Give your feedback/select_Please Select ShortForm"), 5): Object 'Object Repository/Feedback_Non_Recommend/Page_Checkatrade Give your feedback/select_Please Select ShortForm' is visible

2019-10-31 15:42:02 - [MESSAGE][PASSED] - Object 'Object Repository/Feedback_Non_Recommend/Page_Checkatrade Give your feedback/select_Please Select ShortForm' is visible

2019-10-31 15:42:02 - [TEST_STEP][PASSED] - "--------------------------------------": null

2019-10-31 15:42:02 - [TEST_STEP][PASSED] - " Would you like to Publish Feedback?  |": null

2019-10-31 15:42:02 - [TEST_STEP][PASSED] - if (YE_FeedbackPublished == "No"): Wait for page load successfully

2019-10-31 15:42:02 - [TEST_STEP][PASSED] - waitForPageLoad(2): Wait for page load successfully

2019-10-31 15:42:02 - [MESSAGE][PASSED] - Wait for page load successfully

2019-10-31 15:42:02 - [TEST_STEP][PASSED] - if (YE_WorkCarriedOut == "Yes"): Object: 'Object Repository/Feedback_Non_Recommend/Page_Checkatrade Give your feedback/feedback_Published_span_No' is clicked on

2019-10-31 15:42:02 - [TEST_STEP][PASSED] - waitForElementVisible(findTestObject("Feedback_Non_Recommend/Page_Checkatrade Give your feedback/feedback_Published_span_No"), 5): Object 'Object Repository/Feedback_Non_Recommend/Page_Checkatrade Give your feedback/feedback_Published_span_No' is visible

2019-10-31 15:42:02 - [MESSAGE][PASSED] - Object 'Object Repository/Feedback_Non_Recommend/Page_Checkatrade Give your feedback/feedback_Published_span_No' is visible

2019-10-31 15:42:02 - [TEST_STEP][PASSED] - click(findTestObject("Feedback_Non_Recommend/Page_Checkatrade Give your feedback/feedback_Published_span_No")): Object: 'Object Repository/Feedback_Non_Recommend/Page_Checkatrade Give your feedback/feedback_Published_span_No' is clicked on

2019-10-31 15:42:02 - [MESSAGE][PASSED] - Object: 'Object Repository/Feedback_Non_Recommend/Page_Checkatrade Give your feedback/feedback_Published_span_No' is clicked on

2019-10-31 15:42:02 - [TEST_STEP][PASSED] - if (YE_WorkCarriedOut == "No"): null

2019-10-31 15:42:02 - [TEST_STEP][PASSED] - waitForPageLoad(5): Wait for page load successfully

2019-10-31 15:42:02 - [MESSAGE][PASSED] - Wait for page load successfully

2019-10-31 15:42:02 - [TEST_STEP][PASSED] - delay(1): Delayed 1 second(s)

2019-10-31 15:42:03 - [MESSAGE][PASSED] - Delayed 1 second(s)

2019-10-31 15:42:03 - [TEST_STEP][PASSED] - verifyTextPresent("By ticking ‘No’ we will not contact the trader but we may contact you.", false): Text 'By ticking ‘No’ we will not contact the trader but we may contact you.' is present on page 

2019-10-31 15:42:04 - [MESSAGE][PASSED] - Text 'By ticking ‘No’ we will not contact the trader but we may contact you.' is present on page 

2019-10-31 15:42:04 - [TEST_STEP][PASSED] - setText(findTestObject("Object Repository/Feedback_Non_Recommend/Page_Checkatrade Give your feedback/textarea_Please give your reason for this"), YE_ReasonNoFeedback): Text 'I would prefer not say' is set on object 'Object Repository/Feedback_Non_Recommend/Page_Checkatrade Give your feedback/textarea_Please give your reason for this'

2019-10-31 15:42:04 - [MESSAGE][PASSED] - Text 'I would prefer not say' is set on object 'Object Repository/Feedback_Non_Recommend/Page_Checkatrade Give your feedback/textarea_Please give your reason for this'

2019-10-31 15:42:04 - [TEST_STEP][PASSED] - waitForPageLoad(2): Wait for page load successfully

2019-10-31 15:42:04 - [MESSAGE][PASSED] - Wait for page load successfully

2019-10-31 15:42:04 - [TEST_STEP][PASSED] - delay(1): Delayed 1 second(s)

2019-10-31 15:42:05 - [MESSAGE][PASSED] - Delayed 1 second(s)

2019-10-31 15:42:05 - [MESSAGE][PASSED] - Call Test Case 'Test Cases/Reusable_Test_Sequences/Give_Feedback/Your_Experience/Not_Recommend' successfully

2019-10-31 15:42:05 - [TEST_STEP][PASSED] - out.println("Your Experience, Recommendation, Click on the <" + YE_Recommend + "> Option Button "): null

2019-10-31 15:42:05 - [TEST_STEP][PASSED] - waitForPageLoad(60): Wait for page load successfully

2019-10-31 15:42:05 - [MESSAGE][PASSED] - Wait for page load successfully

2019-10-31 15:42:05 - [MESSAGE][PASSED] - Call Test Case 'Test Cases/Reusable_Test_Sequences/Give_Feedback/Your_Experience/Recommendation_Selection' successfully

2019-10-31 15:42:05 - [TEST_STEP][PASSED] - "---------------------------------------------------------------------------------------": null

2019-10-31 15:42:05 - [TEST_STEP][PASSED] - " SELECTING _ NO Recommend Restructures this PAGE, So need to exclude the below tests  ": null

2019-10-31 15:42:05 - [TEST_STEP][PASSED] - if (YE_Recommend == "Yes"): null

2019-10-31 15:42:05 - [TEST_STEP][PASSED] - "---------------------------------------------------------------------------------------------------------": null

2019-10-31 15:42:05 - [TEST_STEP][PASSED] - " Your Experience (page 1) Hit <Next> Button to Continue to <Your Scores>- (page 2) If Recommend = YES    |": null

2019-10-31 15:42:05 - [TEST_STEP][PASSED] - "                                                        OR <Your Details>-(page 3) If Recommend = NO     |": null

2019-10-31 15:42:05 - [TEST_STEP][PASSED] - callTestCase(findTestCase("Reusable_Test_Sequences/Give_Feedback/Hit_Next"), [:], CONTINUE_ON_FAILURE): Call Test Case 'Test Cases/Reusable_Test_Sequences/Give_Feedback/Hit_Next' successfully

2019-10-31 15:42:05 - [TEST_CASE][PASSED] - Test Cases/Reusable_Test_Sequences/Give_Feedback/Hit_Next: Test Cases/Reusable_Test_Sequences/Give_Feedback/Hit_Next

2019-10-31 15:42:05 - [TEST_STEP][PASSED] - click(findTestObject("Object Repository/Page_Checkatrade Give your feedback/input_No_ctl00contentButton4")): Object: 'Object Repository/Page_Checkatrade Give your feedback/input_No_ctl00contentButton4' is clicked on

2019-10-31 15:42:06 - [MESSAGE][PASSED] - Object: 'Object Repository/Page_Checkatrade Give your feedback/input_No_ctl00contentButton4' is clicked on

2019-10-31 15:42:06 - [TEST_STEP][PASSED] - waitForPageLoad(2): Wait for page load successfully

2019-10-31 15:42:06 - [MESSAGE][PASSED] - Wait for page load successfully

2019-10-31 15:42:06 - [MESSAGE][PASSED] - Call Test Case 'Test Cases/Reusable_Test_Sequences/Give_Feedback/Hit_Next' successfully

2019-10-31 15:42:06 - [TEST_STEP][PASSED] - waitForPageLoad(2): Wait for page load successfully

2019-10-31 15:42:07 - [MESSAGE][PASSED] - Wait for page load successfully

2019-10-31 15:42:07 - [MESSAGE][PASSED] - Call Test Case 'Test Cases/Reusable_Test_Sequences/Give_Feedback/Your_Experience/Your_Experience' successfully

2019-10-31 15:42:07 - [TEST_STEP][PASSED] - "--------------------------------------": null

2019-10-31 15:42:07 - [TEST_STEP][PASSED] - " Your Scores (page 2) Processing      |": null

2019-10-31 15:42:07 - [TEST_STEP][PASSED] - YE_Recommend = data.getValue("YE_Recommendations", row): null

2019-10-31 15:42:07 - [TEST_STEP][PASSED] - YE_WorkCarriedOut = data.getValue("YE_Work_Carried_Out", row): null

2019-10-31 15:42:07 - [TEST_STEP][PASSED] - if (YE_Recommend == "Yes"): null

2019-10-31 15:42:07 - [TEST_STEP][PASSED] - if (YE_Recommend == "No" && YE_WorkCarriedOut == "Yes"): Call Test Case 'Test Cases/Reusable_Test_Sequences/Give_Feedback/Your_Scores/Your_Scores_Alt' successfully

2019-10-31 15:42:07 - [TEST_STEP][PASSED] - callTestCase(findTestCase("Reusable_Test_Sequences/Give_Feedback/Your_Scores/Your_Scores_Alt"), [:], CONTINUE_ON_FAILURE): Call Test Case 'Test Cases/Reusable_Test_Sequences/Give_Feedback/Your_Scores/Your_Scores_Alt' successfully

2019-10-31 15:42:07 - [TEST_CASE][PASSED] - Test Cases/Reusable_Test_Sequences/Give_Feedback/Your_Scores/Your_Scores_Alt: Test Cases/Reusable_Test_Sequences/Give_Feedback/Your_Scores/Your_Scores_Alt

2019-10-31 15:42:07 - [TEST_STEP][PASSED] - "------------------------------------------------------------------------------------------": null

2019-10-31 15:42:07 - [TEST_STEP][PASSED] - " Your Scores (page 2) Returned with 2 Main Sections - <Your Scores> and <Details of Work> |": null

2019-10-31 15:42:07 - [TEST_STEP][PASSED] - "                                             Tidiness Listbox Selection, NA, 0 through 10 |": null

2019-10-31 15:42:07 - [TEST_STEP][PASSED] - "------------------------------------------------------------------------------------------": null

2019-10-31 15:42:07 - [TEST_STEP][PASSED] - "------------------------------------------------------------------------------------------": null

2019-10-31 15:42:07 - [TEST_STEP][PASSED] - " Your Scores (page 2) Returned with 2 Main Sections - <Your Scores> and <Details of Work> |": null

2019-10-31 15:42:07 - [TEST_STEP][PASSED] - "                          Reliability and Timekeeping Listbox Selection, NA, 0 through 10 |": null

2019-10-31 15:42:07 - [TEST_STEP][PASSED] - "------------------------------------------------------------------------------------------": null

2019-10-31 15:42:07 - [TEST_STEP][PASSED] - "------------------------------------------------------------------------------------------": null

2019-10-31 15:42:07 - [TEST_STEP][PASSED] - " Your Scores (page 2) Returned with 2 Main Sections - <Your Scores> and <Details of Work> |": null

2019-10-31 15:42:07 - [TEST_STEP][PASSED] - "                                             Courtesy Listbox Selection, NA, 0 through 10 |": null

2019-10-31 15:42:07 - [TEST_STEP][PASSED] - "------------------------------------------------------------------------------------------": null

2019-10-31 15:42:07 - [TEST_STEP][PASSED] - "------------------------------------------------------------------------------------------": null

2019-10-31 15:42:07 - [TEST_STEP][PASSED] - " Your Scores (page 2) Returned with 2 Main Sections - <Your Scores> and <Details of Work> |": null

2019-10-31 15:42:07 - [TEST_STEP][PASSED] - "                                     Standard of Work Listbox Selection, NA, 0 through 10 |": null

2019-10-31 15:42:07 - [TEST_STEP][PASSED] - callTestCase(findTestCase("Reusable_Test_Sequences/Give_Feedback/Your_Scores/Your_Scores_List_Box_Selection_Alt"), [:], CONTINUE_ON_FAILURE): Call Test Case 'Test Cases/Reusable_Test_Sequences/Give_Feedback/Your_Scores/Your_Scores_List_Box_Selection_Alt' successfully

2019-10-31 15:42:07 - [TEST_CASE][PASSED] - Test Cases/Reusable_Test_Sequences/Give_Feedback/Your_Scores/Your_Scores_List_Box_Selection_Alt: Test Cases/Reusable_Test_Sequences/Give_Feedback/Your_Scores/Your_Scores_List_Box_Selection_Alt

2019-10-31 15:42:07 - [TEST_STEP][PASSED] - data = findTestData("Data Files/Give_Feedback (1)"): null

2019-10-31 15:42:07 - [TEST_STEP][PASSED] - YS_Tidiness = data.getValue("YS_Tidiness_ALT", row): null

2019-10-31 15:42:07 - [TEST_STEP][PASSED] - YS_Reliability = data.getValue("YS_Reliability_ALT", row): null

2019-10-31 15:42:07 - [TEST_STEP][PASSED] - YS_Courtesy = data.getValue("YS_Courtesy_ALT", row): null

2019-10-31 15:42:07 - [TEST_STEP][PASSED] - YS_Workmanship = data.getValue("YS_Workmanship_ALT", row): null

2019-10-31 15:42:07 - [TEST_STEP][PASSED] - "--------------------------------": null

2019-10-31 15:42:07 - [TEST_STEP][PASSED] - "Read data from spreadsheet      |": null

2019-10-31 15:42:07 - [TEST_STEP][PASSED] - "--------------------------------": null

2019-10-31 15:42:07 - [TEST_STEP][PASSED] - "------------------------------------------------------": null

2019-10-31 15:42:07 - [TEST_STEP][PASSED] - " Wait Fro Top ListBox to be Active/Clickable          |": null

2019-10-31 15:42:07 - [TEST_STEP][PASSED] - "------------------------------------------------------": null

2019-10-31 15:42:07 - [TEST_STEP][PASSED] - "------------------------------------------------------": null

2019-10-31 15:42:07 - [TEST_STEP][PASSED] - "Select Tidiness Value form List                       |": null

2019-10-31 15:42:07 - [TEST_STEP][PASSED] - selectOptionByValue(findTestObject("Feedback_Non_Recommend/Page_Checkatrade Give your feedback/select_--YS_Tidiness"), YS_Tidiness, false): All options with value '6' are selected in object 'Object Repository/Feedback_Non_Recommend/Page_Checkatrade Give your feedback/select_--YS_Tidiness' 

2019-10-31 15:42:08 - [MESSAGE][PASSED] - All options with value '6' are selected in object 'Object Repository/Feedback_Non_Recommend/Page_Checkatrade Give your feedback/select_--YS_Tidiness' 

2019-10-31 15:42:08 - [TEST_STEP][PASSED] - waitForPageLoad(2): Wait for page load successfully

2019-10-31 15:42:08 - [MESSAGE][PASSED] - Wait for page load successfully

2019-10-31 15:42:08 - [TEST_STEP][PASSED] - "------------------------------------------------------": null

2019-10-31 15:42:08 - [TEST_STEP][PASSED] - "Select Reliability and Timekeeping Value form List    |": null

2019-10-31 15:42:08 - [TEST_STEP][PASSED] - selectOptionByValue(findTestObject("Feedback_Non_Recommend/Page_Checkatrade Give your feedback/select_--YS_Reliability"), YS_Reliability, false): All options with value '2' are selected in object 'Object Repository/Feedback_Non_Recommend/Page_Checkatrade Give your feedback/select_--YS_Reliability' 

2019-10-31 15:42:08 - [MESSAGE][PASSED] - All options with value '2' are selected in object 'Object Repository/Feedback_Non_Recommend/Page_Checkatrade Give your feedback/select_--YS_Reliability' 

2019-10-31 15:42:08 - [TEST_STEP][PASSED] - waitForPageLoad(2): Wait for page load successfully

2019-10-31 15:42:08 - [MESSAGE][PASSED] - Wait for page load successfully

2019-10-31 15:42:08 - [TEST_STEP][PASSED] - "------------------------------------------------------": null

2019-10-31 15:42:08 - [TEST_STEP][PASSED] - "Select Courtesy Value form List                       |": null

2019-10-31 15:42:08 - [TEST_STEP][PASSED] - selectOptionByValue(findTestObject("Feedback_Non_Recommend/Page_Checkatrade Give your feedback/select_--YS_Courtesy"), YS_Reliability, false): All options with value '2' are selected in object 'Object Repository/Feedback_Non_Recommend/Page_Checkatrade Give your feedback/select_--YS_Courtesy' 

2019-10-31 15:42:08 - [MESSAGE][PASSED] - All options with value '2' are selected in object 'Object Repository/Feedback_Non_Recommend/Page_Checkatrade Give your feedback/select_--YS_Courtesy' 

2019-10-31 15:42:08 - [TEST_STEP][PASSED] - waitForPageLoad(2): Wait for page load successfully

2019-10-31 15:42:08 - [MESSAGE][PASSED] - Wait for page load successfully

2019-10-31 15:42:08 - [TEST_STEP][PASSED] - "------------------------------------------------------": null

2019-10-31 15:42:08 - [TEST_STEP][PASSED] - "Select Quality and Workmanship Value form List        |": null

2019-10-31 15:42:08 - [TEST_STEP][PASSED] - selectOptionByValue(findTestObject("Feedback_Non_Recommend/Page_Checkatrade Give your feedback/select_--YS_Workmanship"), YS_Workmanship, false): All options with value '5' are selected in object 'Object Repository/Feedback_Non_Recommend/Page_Checkatrade Give your feedback/select_--YS_Workmanship' 

2019-10-31 15:42:09 - [MESSAGE][PASSED] - All options with value '5' are selected in object 'Object Repository/Feedback_Non_Recommend/Page_Checkatrade Give your feedback/select_--YS_Workmanship' 

2019-10-31 15:42:09 - [TEST_STEP][PASSED] - delay(1): Delayed 1 second(s)

2019-10-31 15:42:10 - [MESSAGE][PASSED] - Delayed 1 second(s)

2019-10-31 15:42:10 - [MESSAGE][PASSED] - Call Test Case 'Test Cases/Reusable_Test_Sequences/Give_Feedback/Your_Scores/Your_Scores_List_Box_Selection_Alt' successfully

2019-10-31 15:42:10 - [TEST_STEP][PASSED] - "------------------------------------------------------------------------------------------": null

2019-10-31 15:42:10 - [TEST_STEP][PASSED] - " Your Scores (page 2) Returned with 2 Main Sections - <Your Scores> and <Details of Work> |": null

2019-10-31 15:42:10 - [TEST_STEP][PASSED] - " Details of Work Done - Form FIll<Description>,<Approx. date>,<How Long>, <Comments> and  |": null

2019-10-31 15:42:10 - [TEST_STEP][PASSED] - "                                                               <Feedback Publish Confirm> |": null

2019-10-31 15:42:10 - [TEST_STEP][PASSED] - callTestCase(findTestCase("Reusable_Test_Sequences/Give_Feedback/Your_Scores/Details_of_work_Done_Formfill_ALT"), [:], CONTINUE_ON_FAILURE): Call Test Case 'Test Cases/Reusable_Test_Sequences/Give_Feedback/Your_Scores/Details_of_work_Done_Formfill_ALT' successfully

2019-10-31 15:42:10 - [TEST_CASE][PASSED] - Test Cases/Reusable_Test_Sequences/Give_Feedback/Your_Scores/Details_of_work_Done_Formfill_ALT: Test Cases/Reusable_Test_Sequences/Give_Feedback/Your_Scores/Details_of_work_Done_Formfill_ALT

2019-10-31 15:42:10 - [TEST_STEP][PASSED] - data = findTestData("Data Files/Give_Feedback (1)"): null

2019-10-31 15:42:10 - [TEST_STEP][PASSED] - YS_Work_Description = data.getValue("YS_Work_Description", row): null

2019-10-31 15:42:10 - [TEST_STEP][PASSED] - YS_Work_Date = data.getValue("YS_Work_Date", row): null

2019-10-31 15:42:10 - [TEST_STEP][PASSED] - YS_Days_to_Complete = data.getValue("YS_Days_to_Complete", row): null

2019-10-31 15:42:10 - [TEST_STEP][PASSED] - YS_Work_Comments = data.getValue("YS_Work_Comments", row): null

2019-10-31 15:42:10 - [TEST_STEP][PASSED] - YS_Feedback_Published = data.getValue("YS_Feedback_Published", row): null

2019-10-31 15:42:10 - [TEST_STEP][PASSED] - YS_Work_Covered = data.getValue("YS_Work_Covered_ALT", row): null

2019-10-31 15:42:10 - [TEST_STEP][PASSED] - YS_Discussed_Complaint = data.getValue("YS_Discussed_Complaint_ALT", row): null

2019-10-31 15:42:10 - [TEST_STEP][PASSED] - YS_Complaint_Response = data.getValue("YS_Complaint_Reponse_ALT", row): null

2019-10-31 15:42:10 - [TEST_STEP][PASSED] - "---------------------------------": null

2019-10-31 15:42:10 - [TEST_STEP][PASSED] - "Read data from spreadsheet       |": null

2019-10-31 15:42:10 - [TEST_STEP][PASSED] - "---------------------------------": null

2019-10-31 15:42:10 - [TEST_STEP][PASSED] - "---------------------------------": null

2019-10-31 15:42:10 - [TEST_STEP][PASSED] - "Brief description of work done   |": null

2019-10-31 15:42:10 - [TEST_STEP][PASSED] - setText(findTestObject("Object Repository/Page_Checkatrade Give your feedback/input_Brief description of work done_ctl00contenttbWorkDescription"), YS_Work_Description): Text 'Parrot had a new Beak fitted' is set on object 'Object Repository/Page_Checkatrade Give your feedback/input_Brief description of work done_ctl00contenttbWorkDescription'

2019-10-31 15:42:10 - [MESSAGE][PASSED] - Text 'Parrot had a new Beak fitted' is set on object 'Object Repository/Page_Checkatrade Give your feedback/input_Brief description of work done_ctl00contenttbWorkDescription'

2019-10-31 15:42:10 - [TEST_STEP][PASSED] - "---------------------------------": null

2019-10-31 15:42:10 - [TEST_STEP][PASSED] - "Date work was done (approx)      |": null

2019-10-31 15:42:10 - [TEST_STEP][PASSED] - "---------------------------------": null

2019-10-31 15:42:10 - [TEST_STEP][PASSED] - "---------------------------------": null

2019-10-31 15:42:10 - [TEST_STEP][PASSED] - "How many days did this job take? |": null

2019-10-31 15:42:10 - [TEST_STEP][PASSED] - setText(findTestObject("Object Repository/Page_Checkatrade Give your feedback/input_How many days did this job take"), YS_Days_to_Complete): Text '77' is set on object 'Object Repository/Page_Checkatrade Give your feedback/input_How many days did this job take'

2019-10-31 15:42:10 - [MESSAGE][PASSED] - Text '77' is set on object 'Object Repository/Page_Checkatrade Give your feedback/input_How many days did this job take'

2019-10-31 15:42:10 - [TEST_STEP][PASSED] - "---------------------------------": null

2019-10-31 15:42:10 - [TEST_STEP][PASSED] - "Your comments about the work     |": null

2019-10-31 15:42:10 - [TEST_STEP][PASSED] - setText(findTestObject("Object Repository/Page_Checkatrade Give your feedback/textarea_Your comments about the work_ctl00contenttbWorkComments"), YS_Work_Comments): Text 'Parrot had to wait so long for a new beak?' is set on object 'Object Repository/Page_Checkatrade Give your feedback/textarea_Your comments about the work_ctl00contenttbWorkComments'

2019-10-31 15:42:10 - [MESSAGE][PASSED] - Text 'Parrot had to wait so long for a new beak?' is set on object 'Object Repository/Page_Checkatrade Give your feedback/textarea_Your comments about the work_ctl00contenttbWorkComments'

2019-10-31 15:42:10 - [TEST_STEP][PASSED] - "---------------------------------------": null

2019-10-31 15:42:10 - [TEST_STEP][PASSED] - " Scroll Bottom of Page Into View <Next>|": null

2019-10-31 15:42:10 - [TEST_STEP][PASSED] - scrollToElement(findTestObject("Object Repository/Page_Checkatrade Give your feedback/input_No_ctl00contentButton6"), 2): Scroll to object 'Object Repository/Page_Checkatrade Give your feedback/input_No_ctl00contentButton6' successfully

2019-10-31 15:42:10 - [MESSAGE][PASSED] - Scroll to object 'Object Repository/Page_Checkatrade Give your feedback/input_No_ctl00contentButton6' successfully

2019-10-31 15:42:10 - [TEST_STEP][PASSED] - "---------------------------------------": null

2019-10-31 15:42:10 - [TEST_STEP][PASSED] - " Work is Guaranteed       - Yes or No  |": null

2019-10-31 15:42:10 - [TEST_STEP][PASSED] - if (YS_Work_Covered == "Yes"): Object: 'Object Repository/Feedback_Non_Recommend/Page_Checkatrade Give your feedback/Warranty_Cover_span_Yes' is clicked on

2019-10-31 15:42:10 - [TEST_STEP][PASSED] - click(findTestObject("Feedback_Non_Recommend/Page_Checkatrade Give your feedback/Warranty_Cover_span_Yes")): Object: 'Object Repository/Feedback_Non_Recommend/Page_Checkatrade Give your feedback/Warranty_Cover_span_Yes' is clicked on

2019-10-31 15:42:11 - [MESSAGE][PASSED] - Object: 'Object Repository/Feedback_Non_Recommend/Page_Checkatrade Give your feedback/Warranty_Cover_span_Yes' is clicked on

2019-10-31 15:42:11 - [TEST_STEP][PASSED] - waitForPageLoad(25): Wait for page load successfully

2019-10-31 15:42:11 - [MESSAGE][PASSED] - Wait for page load successfully

2019-10-31 15:42:11 - [TEST_STEP][PASSED] - "---------------------------------------": null

2019-10-31 15:42:11 - [TEST_STEP][PASSED] - " Complaint Discussed      - Yes or No  |": null

2019-10-31 15:42:11 - [TEST_STEP][PASSED] - if (YS_Discussed_Complaint == "Yes"): Text 'It was my Cats fault' is set on object 'Object Repository/Feedback_Non_Recommend/Page_Checkatrade Give your feedback/Complaint_Response'

2019-10-31 15:42:11 - [TEST_STEP][PASSED] - waitForElementVisible(findTestObject("Feedback_Non_Recommend/Page_Checkatrade Give your feedback/Discussed_Complaint_span_Yes"), 25): Object 'Object Repository/Feedback_Non_Recommend/Page_Checkatrade Give your feedback/Discussed_Complaint_span_Yes' is visible

2019-10-31 15:42:11 - [MESSAGE][PASSED] - Object 'Object Repository/Feedback_Non_Recommend/Page_Checkatrade Give your feedback/Discussed_Complaint_span_Yes' is visible

2019-10-31 15:42:11 - [TEST_STEP][PASSED] - click(findTestObject("Feedback_Non_Recommend/Page_Checkatrade Give your feedback/Discussed_Complaint_span_Yes")): Object: 'Object Repository/Feedback_Non_Recommend/Page_Checkatrade Give your feedback/Discussed_Complaint_span_Yes' is clicked on

2019-10-31 15:42:11 - [MESSAGE][PASSED] - Object: 'Object Repository/Feedback_Non_Recommend/Page_Checkatrade Give your feedback/Discussed_Complaint_span_Yes' is clicked on

2019-10-31 15:42:11 - [TEST_STEP][PASSED] - delay(1): Delayed 1 second(s)

2019-10-31 15:42:12 - [MESSAGE][PASSED] - Delayed 1 second(s)

2019-10-31 15:42:12 - [TEST_STEP][PASSED] - waitForPageLoad(25): Wait for page load successfully

2019-10-31 15:42:12 - [MESSAGE][PASSED] - Wait for page load successfully

2019-10-31 15:42:12 - [TEST_STEP][PASSED] - setText(findTestObject("Feedback_Non_Recommend/Page_Checkatrade Give your feedback/Complaint_Response"), YS_Complaint_Response): Text 'It was my Cats fault' is set on object 'Object Repository/Feedback_Non_Recommend/Page_Checkatrade Give your feedback/Complaint_Response'

2019-10-31 15:42:12 - [MESSAGE][PASSED] - Text 'It was my Cats fault' is set on object 'Object Repository/Feedback_Non_Recommend/Page_Checkatrade Give your feedback/Complaint_Response'

2019-10-31 15:42:12 - [TEST_STEP][PASSED] - "--------------------------------": null

2019-10-31 15:42:12 - [TEST_STEP][PASSED] - delay(1): Delayed 1 second(s)

2019-10-31 15:42:13 - [MESSAGE][PASSED] - Delayed 1 second(s)

2019-10-31 15:42:13 - [TEST_STEP][PASSED] - "---------------------------------": null

2019-10-31 15:42:13 - [TEST_STEP][PASSED] - "Your comments about the work     |": null

2019-10-31 15:42:13 - [TEST_STEP][PASSED] - click(findTestObject("Object Repository/Page_Checkatrade Give your feedback/input_No_ctl00contentButton6")): Object: 'Object Repository/Page_Checkatrade Give your feedback/input_No_ctl00contentButton6' is clicked on

2019-10-31 15:42:14 - [MESSAGE][PASSED] - Object: 'Object Repository/Page_Checkatrade Give your feedback/input_No_ctl00contentButton6' is clicked on

2019-10-31 15:42:14 - [MESSAGE][PASSED] - Call Test Case 'Test Cases/Reusable_Test_Sequences/Give_Feedback/Your_Scores/Details_of_work_Done_Formfill_ALT' successfully

2019-10-31 15:42:14 - [TEST_STEP][PASSED] - scrollToPosition(125, 0): Browser is scrolled to position x = 125, y = 0

2019-10-31 15:42:14 - [MESSAGE][PASSED] - Browser is scrolled to position x = 125, y = 0

2019-10-31 15:42:14 - [TEST_STEP][PASSED] - "------------------------------------------------------------------------------------------": null

2019-10-31 15:42:14 - [TEST_STEP][PASSED] - " Your Experience (page 2) Hit <Next> Button to Continue to <Your Details>- (page 3)       |": null

2019-10-31 15:42:14 - [TEST_STEP][PASSED] - try: null

2019-10-31 15:42:14 - [TEST_STEP][PASSED] - callTestCase(findTestCase("Reusable_Test_Sequences/Give_Feedback/Your_Scores/Hit_Next"), 1): null

2019-10-31 15:42:14 - [TEST_STEP][PASSED] - catch (Exception e): null

2019-10-31 15:42:14 - [MESSAGE][PASSED] - Call Test Case 'Test Cases/Reusable_Test_Sequences/Give_Feedback/Your_Scores/Your_Scores_Alt' successfully

2019-10-31 15:42:14 - [TEST_STEP][PASSED] - "--------------------------------------": null

2019-10-31 15:42:14 - [TEST_STEP][PASSED] - " Your Details (page 3) Processing     |": null

2019-10-31 15:42:14 - [TEST_STEP][PASSED] - callTestCase(findTestCase("Reusable_Test_Sequences/Give_Feedback/Your_Details/Your_Details"), [:], CONTINUE_ON_FAILURE): Call Test Case 'Test Cases/Reusable_Test_Sequences/Give_Feedback/Your_Details/Your_Details' successfully

2019-10-31 15:42:14 - [TEST_CASE][PASSED] - Test Cases/Reusable_Test_Sequences/Give_Feedback/Your_Details/Your_Details: Test Cases/Reusable_Test_Sequences/Give_Feedback/Your_Details/Your_Details

2019-10-31 15:42:14 - [TEST_STEP][PASSED] - "---------------------------------------------------------------------------------------": null

2019-10-31 15:42:14 - [TEST_STEP][PASSED] - " Your Details (page 3)                                                                 |": null

2019-10-31 15:42:14 - [TEST_STEP][PASSED] - "---------------------------------------------------------------------------------------": null

2019-10-31 15:42:14 - [TEST_STEP][PASSED] - "-------------------------------------": null

2019-10-31 15:42:14 - [TEST_STEP][PASSED] - " Consumer or Customer Selection      |": null

2019-10-31 15:42:14 - [TEST_STEP][PASSED] - callTestCase(findTestCase("Reusable_Test_Sequences/Give_Feedback/Your_Details/Consumer_or_Customer_Selection"), [:], CONTINUE_ON_FAILURE): Call Test Case 'Test Cases/Reusable_Test_Sequences/Give_Feedback/Your_Details/Consumer_or_Customer_Selection' successfully

2019-10-31 15:42:14 - [TEST_CASE][PASSED] - Test Cases/Reusable_Test_Sequences/Give_Feedback/Your_Details/Consumer_or_Customer_Selection: Test Cases/Reusable_Test_Sequences/Give_Feedback/Your_Details/Consumer_or_Customer_Selection

2019-10-31 15:42:14 - [TEST_STEP][PASSED] - "--------------------------------": null

2019-10-31 15:42:14 - [TEST_STEP][PASSED] - "Read data from spreadsheet      |": null

2019-10-31 15:42:14 - [TEST_STEP][PASSED] - data = findTestData("Data Files/Give_Feedback (1)"): null

2019-10-31 15:42:14 - [TEST_STEP][PASSED] - YD_Consumer_Customer = data.getValue("YD_Consumer_Customer", row): null

2019-10-31 15:42:14 - [TEST_STEP][PASSED] - out.println("Your Details, Consumer OR Trade Customer, Click on the " + YD_Consumer_Customer + " Option Button "): null

2019-10-31 15:42:14 - [TEST_STEP][PASSED] - try: null

2019-10-31 15:42:14 - [TEST_STEP][PASSED] - if (YD_Consumer_Customer == "Consumer"): null

2019-10-31 15:42:14 - [TEST_STEP][PASSED] - catch (Exception e): null

2019-10-31 15:42:14 - [TEST_STEP][PASSED] - if (YD_Consumer_Customer == "Customer"): null

2019-10-31 15:42:14 - [TEST_STEP][PASSED] - out.println("Your Experience, Recommendation, Click on the " + YD_Consumer_Customer + " Option Button "): null

2019-10-31 15:42:14 - [MESSAGE][PASSED] - Call Test Case 'Test Cases/Reusable_Test_Sequences/Give_Feedback/Your_Details/Consumer_or_Customer_Selection' successfully

2019-10-31 15:42:14 - [TEST_STEP][PASSED] - "-------------------------------------": null

2019-10-31 15:42:14 - [TEST_STEP][PASSED] - " Fill Personal Details               |": null

2019-10-31 15:42:14 - [TEST_STEP][PASSED] - callTestCase(findTestCase("Reusable_Test_Sequences/Give_Feedback/Your_Details/Personal_Details_Formfill"), [:], CONTINUE_ON_FAILURE): Call Test Case 'Test Cases/Reusable_Test_Sequences/Give_Feedback/Your_Details/Personal_Details_Formfill' successfully

2019-10-31 15:42:14 - [TEST_CASE][PASSED] - Test Cases/Reusable_Test_Sequences/Give_Feedback/Your_Details/Personal_Details_Formfill: Test Cases/Reusable_Test_Sequences/Give_Feedback/Your_Details/Personal_Details_Formfill

2019-10-31 15:42:14 - [TEST_STEP][PASSED] - "--------------------------------": null

2019-10-31 15:42:14 - [TEST_STEP][PASSED] - "Read data from spreadsheet      |": null

2019-10-31 15:42:15 - [TEST_STEP][PASSED] - data = findTestData("Data Files/Give_Feedback (1)"): null

2019-10-31 15:42:15 - [TEST_STEP][PASSED] - YD_Salutation = data.getValue("YD_Salutation", row): null

2019-10-31 15:42:15 - [TEST_STEP][PASSED] - YD_Name = data.getValue("YD_Name", row): null

2019-10-31 15:42:15 - [TEST_STEP][PASSED] - YD_Company_Name = data.getValue("YD_Company_Name", row): null

2019-10-31 15:42:15 - [TEST_STEP][PASSED] - YD_Postcode = data.getValue("YD_Postcode", row): null

2019-10-31 15:42:15 - [TEST_STEP][PASSED] - YD_Verify_Address = data.getValue("YD_Verify_Address", row): null

2019-10-31 15:42:15 - [TEST_STEP][PASSED] - YD_Consumer_Customer = data.getValue("YD_Consumer_Customer", row): null

2019-10-31 15:42:15 - [TEST_STEP][PASSED] - out.println("Your Experience, Your details, Set the " + YD_Salutation + " Text Box "): null

2019-10-31 15:42:15 - [TEST_STEP][PASSED] - "--------------------": null

2019-10-31 15:42:15 - [TEST_STEP][PASSED] - "  Set  Salutation   |": null

2019-10-31 15:42:15 - [TEST_STEP][PASSED] - selectOptionByValue(findTestObject("Object Repository/New Folder/Page_Checkatrade Give your feedback/select_MrMrsMissMsMr  MrsDrRevRevd"), YD_Salutation, true): All options with value 'Mr' are selected in object 'Object Repository/New Folder/Page_Checkatrade Give your feedback/select_MrMrsMissMsMr  MrsDrRevRevd'  using regular expression

2019-10-31 15:42:15 - [MESSAGE][PASSED] - All options with value 'Mr' are selected in object 'Object Repository/New Folder/Page_Checkatrade Give your feedback/select_MrMrsMissMsMr  MrsDrRevRevd'  using regular expression

2019-10-31 15:42:15 - [TEST_STEP][PASSED] - "--------------------": null

2019-10-31 15:42:15 - [TEST_STEP][PASSED] - "  Set  Name         |": null

2019-10-31 15:42:15 - [TEST_STEP][PASSED] - if (YD_Consumer_Customer == "Consumer"): Text 'Ron Smith' is set on object 'Object Repository/New Folder/Page_Checkatrade Give your feedback/input_Name_ctl00contenttbCustomerName'

2019-10-31 15:42:15 - [TEST_STEP][PASSED] - setText(findTestObject("Object Repository/New Folder/Page_Checkatrade Give your feedback/input_Name_ctl00contenttbCustomerName"), YD_Name): Text 'Ron Smith' is set on object 'Object Repository/New Folder/Page_Checkatrade Give your feedback/input_Name_ctl00contenttbCustomerName'

2019-10-31 15:42:15 - [MESSAGE][PASSED] - Text 'Ron Smith' is set on object 'Object Repository/New Folder/Page_Checkatrade Give your feedback/input_Name_ctl00contenttbCustomerName'

2019-10-31 15:42:15 - [TEST_STEP][PASSED] - "----------------------": null

2019-10-31 15:42:15 - [TEST_STEP][PASSED] - " Name of you company  |": null

2019-10-31 15:42:15 - [TEST_STEP][PASSED] - if (YD_Consumer_Customer == "Customer"): null

2019-10-31 15:42:15 - [TEST_STEP][PASSED] - "--------------------": null

2019-10-31 15:42:15 - [TEST_STEP][PASSED] - "  Set Postcode     |": null

2019-10-31 15:42:15 - [TEST_STEP][PASSED] - setText(findTestObject("Object Repository/New Folder/Page_Checkatrade Give your feedback/input_Your postcode_ctl00contentctlCustomerAddresstbPostcodeSearch"), YD_Postcode): Text 'PO12 2SD' is set on object 'Object Repository/New Folder/Page_Checkatrade Give your feedback/input_Your postcode_ctl00contentctlCustomerAddresstbPostcodeSearch'

2019-10-31 15:42:15 - [MESSAGE][PASSED] - Text 'PO12 2SD' is set on object 'Object Repository/New Folder/Page_Checkatrade Give your feedback/input_Your postcode_ctl00contentctlCustomerAddresstbPostcodeSearch'

2019-10-31 15:42:15 - [TEST_STEP][PASSED] - "-----------------------------": null

2019-10-31 15:42:15 - [TEST_STEP][PASSED] - "  Address Lookup Selection   |": null

2019-10-31 15:42:15 - [TEST_STEP][PASSED] - click(findTestObject("Object Repository/New Folder/Page_Checkatrade Give your feedback/input_Your postcode_ctl00contentctlCustomerAddressbtnPostcodeLookup")): Object: 'Object Repository/New Folder/Page_Checkatrade Give your feedback/input_Your postcode_ctl00contentctlCustomerAddressbtnPostcodeLookup' is clicked on

2019-10-31 15:42:16 - [MESSAGE][PASSED] - Object: 'Object Repository/New Folder/Page_Checkatrade Give your feedback/input_Your postcode_ctl00contentctlCustomerAddressbtnPostcodeLookup' is clicked on

2019-10-31 15:42:16 - [TEST_STEP][PASSED] - "-----------------------------": null

2019-10-31 15:42:16 - [TEST_STEP][PASSED] - "  Address Lookup Set         |": null

2019-10-31 15:42:16 - [TEST_STEP][PASSED] - selectOptionByLabel(findTestObject("Object Repository/New Folder/Page_Checkatrade Give your feedback/select_Please select your address"), YD_Verify_Address, true): All options with label '26 Broadsands Drive,Gosport,Hampshire,PO12 2SD' are selected in object 'Object Repository/New Folder/Page_Checkatrade Give your feedback/select_Please select your address'  using regular expression

2019-10-31 15:42:16 - [MESSAGE][PASSED] - All options with label '26 Broadsands Drive,Gosport,Hampshire,PO12 2SD' are selected in object 'Object Repository/New Folder/Page_Checkatrade Give your feedback/select_Please select your address'  using regular expression

2019-10-31 15:42:16 - [TEST_STEP][PASSED] - "-----------------------------": null

2019-10-31 15:42:16 - [TEST_STEP][PASSED] - "  Verify Returned Address    |": null

2019-10-31 15:42:16 - [TEST_STEP][PASSED] - verifyTextPresent(YD_Verify_Address, false): Text '26 Broadsands Drive,Gosport,Hampshire,PO12 2SD' is present on page 

2019-10-31 15:42:17 - [MESSAGE][PASSED] - Text '26 Broadsands Drive,Gosport,Hampshire,PO12 2SD' is present on page 

2019-10-31 15:42:17 - [MESSAGE][PASSED] - Call Test Case 'Test Cases/Reusable_Test_Sequences/Give_Feedback/Your_Details/Personal_Details_Formfill' successfully

2019-10-31 15:42:17 - [TEST_STEP][PASSED] - "-------------------------------------": null

2019-10-31 15:42:17 - [TEST_STEP][PASSED] - " Fil Contact Details                 |": null

2019-10-31 15:42:17 - [TEST_STEP][PASSED] - callTestCase(findTestCase("Reusable_Test_Sequences/Give_Feedback/Your_Details/Contact_Details_Formfill"), [:], CONTINUE_ON_FAILURE): Call Test Case 'Test Cases/Reusable_Test_Sequences/Give_Feedback/Your_Details/Contact_Details_Formfill' successfully

2019-10-31 15:42:17 - [TEST_CASE][PASSED] - Test Cases/Reusable_Test_Sequences/Give_Feedback/Your_Details/Contact_Details_Formfill: Test Cases/Reusable_Test_Sequences/Give_Feedback/Your_Details/Contact_Details_Formfill

2019-10-31 15:42:17 - [TEST_STEP][PASSED] - "--------------------------------": null

2019-10-31 15:42:17 - [TEST_STEP][PASSED] - "Read data from spreadsheet      |": null

2019-10-31 15:42:17 - [TEST_STEP][PASSED] - data = findTestData("Data Files/Give_Feedback (1)"): null

2019-10-31 15:42:17 - [TEST_STEP][PASSED] - YD_Home_Phone = data.getValue("YD_Home_Phone", row): null

2019-10-31 15:42:17 - [TEST_STEP][PASSED] - YD_Name = data.getValue("YD_Name", row): null

2019-10-31 15:42:17 - [TEST_STEP][PASSED] - YD_Best_Contact_Time = data.getValue("YD_Best_Contact_Time", row): null

2019-10-31 15:42:17 - [TEST_STEP][PASSED] - YD_Email = data.getValue("YD_Email", row): null

2019-10-31 15:42:17 - [TEST_STEP][PASSED] - YD_Mobile = data.getValue("YD_Mobile", row): null

2019-10-31 15:42:17 - [TEST_STEP][PASSED] - YD_Consumer_Customer = data.getValue("YD_Consumer_Customer", row): null

2019-10-31 15:42:17 - [TEST_STEP][PASSED] - out.println("Your Experience, Your details, Set the " + YD_Home_Phone + " Text Box "): null

2019-10-31 15:42:17 - [TEST_STEP][PASSED] - "------------------------------": null

2019-10-31 15:42:17 - [TEST_STEP][PASSED] - "  Set Home Telephone Number   |": null

2019-10-31 15:42:17 - [TEST_STEP][PASSED] - setText(findTestObject("Object Repository/New Folder/Page_Checkatrade Give your feedback/input_Home telephone_ctl00contenttbCustomerHomePhone"), YD_Home_Phone): Text '02392123456' is set on object 'Object Repository/New Folder/Page_Checkatrade Give your feedback/input_Home telephone_ctl00contenttbCustomerHomePhone'

2019-10-31 15:42:17 - [MESSAGE][PASSED] - Text '02392123456' is set on object 'Object Repository/New Folder/Page_Checkatrade Give your feedback/input_Home telephone_ctl00contenttbCustomerHomePhone'

2019-10-31 15:42:17 - [TEST_STEP][PASSED] - "------------------------------": null

2019-10-31 15:42:17 - [TEST_STEP][PASSED] - "  Set Best Time to Contact    |": null

2019-10-31 15:42:17 - [TEST_STEP][PASSED] - if (YD_Consumer_Customer == "Consumer"): Text 'Morning' is set on object 'Object Repository/New Folder/Page_Checkatrade Give your feedback/input_Best time to contact you_ctl00contenttbCustomerContactTime'

2019-10-31 15:42:17 - [TEST_STEP][PASSED] - setText(findTestObject("Object Repository/New Folder/Page_Checkatrade Give your feedback/input_Best time to contact you_ctl00contenttbCustomerContactTime"), YD_Best_Contact_Time): Text 'Morning' is set on object 'Object Repository/New Folder/Page_Checkatrade Give your feedback/input_Best time to contact you_ctl00contenttbCustomerContactTime'

2019-10-31 15:42:17 - [MESSAGE][PASSED] - Text 'Morning' is set on object 'Object Repository/New Folder/Page_Checkatrade Give your feedback/input_Best time to contact you_ctl00contenttbCustomerContactTime'

2019-10-31 15:42:17 - [TEST_STEP][PASSED] - "------------------------------": null

2019-10-31 15:42:17 - [TEST_STEP][PASSED] - "  Set Email Address           |": null

2019-10-31 15:42:17 - [TEST_STEP][PASSED] - setText(findTestObject("Object Repository/New Folder/Page_Checkatrade Give your feedback/input_Email_ctl00contenttbCustomerEmail"), YD_Email): Text 'Test_xxxxxx@xdxdxdxd.com' is set on object 'Object Repository/New Folder/Page_Checkatrade Give your feedback/input_Email_ctl00contenttbCustomerEmail'

2019-10-31 15:42:18 - [MESSAGE][PASSED] - Text 'Test_xxxxxx@xdxdxdxd.com' is set on object 'Object Repository/New Folder/Page_Checkatrade Give your feedback/input_Email_ctl00contenttbCustomerEmail'

2019-10-31 15:42:18 - [TEST_STEP][PASSED] - "------------------------------": null

2019-10-31 15:42:18 - [TEST_STEP][PASSED] - "  Set Mobile Telephone Number |": null

2019-10-31 15:42:18 - [TEST_STEP][PASSED] - setText(findTestObject("Object Repository/New Folder/Page_Checkatrade Give your feedback/input_Mobile_ctl00contenttbCustomerMobile"), YD_Mobile): Text '07788123456' is set on object 'Object Repository/New Folder/Page_Checkatrade Give your feedback/input_Mobile_ctl00contenttbCustomerMobile'

2019-10-31 15:42:18 - [MESSAGE][PASSED] - Text '07788123456' is set on object 'Object Repository/New Folder/Page_Checkatrade Give your feedback/input_Mobile_ctl00contenttbCustomerMobile'

2019-10-31 15:42:18 - [MESSAGE][PASSED] - Call Test Case 'Test Cases/Reusable_Test_Sequences/Give_Feedback/Your_Details/Contact_Details_Formfill' successfully

2019-10-31 15:42:18 - [TEST_STEP][PASSED] - "-------------------------------------": null

2019-10-31 15:42:18 - [TEST_STEP][PASSED] - " CHeckatrade Questions               |": null

2019-10-31 15:42:18 - [TEST_STEP][PASSED] - callTestCase(findTestCase("Reusable_Test_Sequences/Give_Feedback/Your_Details/Checkatrade_Questions"), [:], CONTINUE_ON_FAILURE): Call Test Case 'Test Cases/Reusable_Test_Sequences/Give_Feedback/Your_Details/Checkatrade_Questions' successfully

2019-10-31 15:42:18 - [TEST_CASE][PASSED] - Test Cases/Reusable_Test_Sequences/Give_Feedback/Your_Details/Checkatrade_Questions: Test Cases/Reusable_Test_Sequences/Give_Feedback/Your_Details/Checkatrade_Questions

2019-10-31 15:42:18 - [TEST_STEP][PASSED] - "--------------------------------": null

2019-10-31 15:42:18 - [TEST_STEP][PASSED] - "Read data from spreadsheet      |": null

2019-10-31 15:42:18 - [TEST_STEP][PASSED] - data = findTestData("Data Files/Give_Feedback (1)"): null

2019-10-31 15:42:18 - [TEST_STEP][PASSED] - YD_Feedback_Method = data.getValue("YD_Feedback_Method", row): null

2019-10-31 15:42:18 - [TEST_STEP][PASSED] - YD_How_Did_You_Hear = data.getValue("YD_How_Did_You_Hear", row): null

2019-10-31 15:42:18 - [TEST_STEP][PASSED] - YD_Other_Response = data.getValue("YD_Other_Response", row): null

2019-10-31 15:42:18 - [TEST_STEP][PASSED] - YD_Reason_For_Tradeperson_Selection = data.getValue("YD_Reason_For_Tradeperson_Selection", row): null

2019-10-31 15:42:18 - [TEST_STEP][PASSED] - YD_Receive_Chekatrade_Updates = data.getValue("YD_Receive_Chekatrade_Updates", row): null

2019-10-31 15:42:18 - [TEST_STEP][PASSED] - YD_Receive_Third_Party_Updates = data.getValue("YD_Receive_Third_Party_Updates", row): null

2019-10-31 15:42:18 - [TEST_STEP][PASSED] - out.println("Your Experience, Your details, Set the " + YD_Feedback_Method + " Text Box "): null

2019-10-31 15:42:18 - [TEST_STEP][PASSED] - "------------------------------------": null

2019-10-31 15:42:18 - [TEST_STEP][PASSED] - "  Set Verify Options - SMS OR Email |": null

2019-10-31 15:42:18 - [TEST_STEP][PASSED] - if (YD_Feedback_Method == "email"): Wait for page load successfully

2019-10-31 15:42:18 - [TEST_STEP][PASSED] - click(findTestObject("Object Repository/Page_Checkatrade Give your feedback/span_Verify by email")): Object: 'Object Repository/Page_Checkatrade Give your feedback/span_Verify by email' is clicked on

2019-10-31 15:42:18 - [MESSAGE][PASSED] - Object: 'Object Repository/Page_Checkatrade Give your feedback/span_Verify by email' is clicked on

2019-10-31 15:42:18 - [TEST_STEP][PASSED] - waitForPageLoad(2): Wait for page load successfully

2019-10-31 15:42:18 - [MESSAGE][PASSED] - Wait for page load successfully

2019-10-31 15:42:18 - [TEST_STEP][PASSED] - "--------------------------------------": null

2019-10-31 15:42:18 - [TEST_STEP][PASSED] - " Scroll to <Next> Button              |": null

2019-10-31 15:42:18 - [TEST_STEP][PASSED] - scrollToPosition(200, 0): Browser is scrolled to position x = 200, y = 0

2019-10-31 15:42:18 - [MESSAGE][PASSED] - Browser is scrolled to position x = 200, y = 0

2019-10-31 15:42:18 - [TEST_STEP][PASSED] - "--------------------------------------": null

2019-10-31 15:42:18 - [TEST_STEP][PASSED] - "  Set How You Heard About Checkatrade |": null

2019-10-31 15:42:18 - [TEST_STEP][PASSED] - waitForPageLoad(2): Wait for page load successfully

2019-10-31 15:42:18 - [MESSAGE][PASSED] - Wait for page load successfully

2019-10-31 15:42:18 - [TEST_STEP][PASSED] - selectOptionByLabel(findTestObject("Object Repository/Page_Checkatrade Give your feedback/select_Please selectTVRadioOnlineDirectoryWord"), YD_How_Did_You_Hear, true): All options with label 'Online' are selected in object 'Object Repository/Page_Checkatrade Give your feedback/select_Please selectTVRadioOnlineDirectoryWord'  using regular expression

2019-10-31 15:42:19 - [MESSAGE][PASSED] - All options with label 'Online' are selected in object 'Object Repository/Page_Checkatrade Give your feedback/select_Please selectTVRadioOnlineDirectoryWord'  using regular expression

2019-10-31 15:42:19 - [TEST_STEP][PASSED] - "--------------------------------------": null

2019-10-31 15:42:19 - [TEST_STEP][PASSED] - "  How did you hear about Textbox      |": null

2019-10-31 15:42:19 - [TEST_STEP][PASSED] - if (YD_How_Did_You_Hear == "Other"): null

2019-10-31 15:42:19 - [TEST_STEP][PASSED] - "--------------------------------------": null

2019-10-31 15:42:19 - [TEST_STEP][PASSED] - "  Why Use The Selected Tradesperson   |": null

2019-10-31 15:42:19 - [TEST_STEP][PASSED] - selectOptionByIndex(findTestObject("Object Repository/New Folder/Page_Checkatrade Give your feedback/select_Prefer not to sayFound the Tradesperson via CheckatradecomDirected to Checkatradecom by the Tradesperson"), 2): All options with index in [2] are selected on object 'Object Repository/New Folder/Page_Checkatrade Give your feedback/select_Prefer not to sayFound the Tradesperson via CheckatradecomDirected to Checkatradecom by the Tradesperson'

2019-10-31 15:42:19 - [MESSAGE][PASSED] - All options with index in [2] are selected on object 'Object Repository/New Folder/Page_Checkatrade Give your feedback/select_Prefer not to sayFound the Tradesperson via CheckatradecomDirected to Checkatradecom by the Tradesperson'

2019-10-31 15:42:19 - [TEST_STEP][PASSED] - "----------------------------------------------------": null

2019-10-31 15:42:19 - [TEST_STEP][PASSED] - " Select - I am happy to receive Updates - Checkatra |": null

2019-10-31 15:42:19 - [TEST_STEP][PASSED] - if (YD_Receive_Chekatrade_Updates == "Yes"): null

2019-10-31 15:42:19 - [TEST_STEP][PASSED] - "----------------------------------------------------": null

2019-10-31 15:42:19 - [TEST_STEP][PASSED] - " Select - I am happy to receive Updates - 3rd party |": null

2019-10-31 15:42:19 - [TEST_STEP][PASSED] - if (YD_Receive_Third_Party_Updates == "Yes"): Wait for page load successfully

2019-10-31 15:42:19 - [TEST_STEP][PASSED] - click(findTestObject("Object Repository/New Folder/Page_Checkatrade Give your feedback/label_I am happy to receive updates from selected third parties")): Object: 'Object Repository/New Folder/Page_Checkatrade Give your feedback/label_I am happy to receive updates from selected third parties' is clicked on

2019-10-31 15:42:20 - [MESSAGE][PASSED] - Object: 'Object Repository/New Folder/Page_Checkatrade Give your feedback/label_I am happy to receive updates from selected third parties' is clicked on

2019-10-31 15:42:20 - [TEST_STEP][PASSED] - waitForPageLoad(2): Wait for page load successfully

2019-10-31 15:42:20 - [MESSAGE][PASSED] - Wait for page load successfully

2019-10-31 15:42:20 - [TEST_STEP][PASSED] - "--------------------------------------": null

2019-10-31 15:42:20 - [TEST_STEP][PASSED] - "   SUBMIT Page                        |": null

2019-10-31 15:42:20 - [TEST_STEP][PASSED] - click(findTestObject("Object Repository/New Folder/Page_Checkatrade Give your feedback/input_here_ctl00contentButtonSubmit")): Object: 'Object Repository/New Folder/Page_Checkatrade Give your feedback/input_here_ctl00contentButtonSubmit' is clicked on

2019-10-31 15:42:20 - [MESSAGE][PASSED] - Object: 'Object Repository/New Folder/Page_Checkatrade Give your feedback/input_here_ctl00contentButtonSubmit' is clicked on

2019-10-31 15:42:20 - [TEST_STEP][PASSED] - waitForPageLoad(2): Wait for page load successfully

2019-10-31 15:42:20 - [MESSAGE][PASSED] - Wait for page load successfully

2019-10-31 15:42:20 - [MESSAGE][PASSED] - Call Test Case 'Test Cases/Reusable_Test_Sequences/Give_Feedback/Your_Details/Checkatrade_Questions' successfully

2019-10-31 15:42:20 - [TEST_STEP][PASSED] - "-------------------------------------": null

2019-10-31 15:42:20 - [TEST_STEP][PASSED] - " Commit form                         |": null

2019-10-31 15:42:20 - [TEST_STEP][PASSED] - waitForPageLoad(60): Wait for page load successfully

2019-10-31 15:42:20 - [MESSAGE][PASSED] - Wait for page load successfully

2019-10-31 15:42:20 - [MESSAGE][PASSED] - Call Test Case 'Test Cases/Reusable_Test_Sequences/Give_Feedback/Your_Details/Your_Details' successfully

2019-10-31 15:42:20 - [TEST_STEP][PASSED] - "--------------------------------------": null

2019-10-31 15:42:20 - [TEST_STEP][PASSED] - " Further Info (page 4) Processing     |": null

2019-10-31 15:42:20 - [TEST_STEP][PASSED] - callTestCase(findTestCase("Reusable_Test_Sequences/Give_Feedback/Further_Infomation/Further_Information"), [:], CONTINUE_ON_FAILURE): Call Test Case 'Test Cases/Reusable_Test_Sequences/Give_Feedback/Further_Infomation/Further_Information' successfully

2019-10-31 15:42:20 - [TEST_CASE][PASSED] - Test Cases/Reusable_Test_Sequences/Give_Feedback/Further_Infomation/Further_Information: Test Cases/Reusable_Test_Sequences/Give_Feedback/Further_Infomation/Further_Information

2019-10-31 15:42:20 - [TEST_STEP][PASSED] - "--------------------------------": null

2019-10-31 15:42:20 - [TEST_STEP][PASSED] - "  Read data from spreadsheet    |": null

2019-10-31 15:42:20 - [TEST_STEP][PASSED] - data = findTestData("Data Files/Give_Feedback (1)"): null

2019-10-31 15:42:20 - [TEST_STEP][PASSED] - FD_Value_of_Work = data.getValue("FD_Value_of_Work", row): null

2019-10-31 15:42:20 - [TEST_STEP][PASSED] - "-----------": null

2019-10-31 15:42:20 - [TEST_STEP][PASSED] - "  Synch    |": null

2019-10-31 15:42:20 - [TEST_STEP][PASSED] - waitForElementPresent(findTestObject("Object Repository/New Folder1/Page_Checkatrade Give your feedback/input_Value Of Work_ctl00contenttbValueOfWork"), 25): Object 'Object Repository/New Folder1/Page_Checkatrade Give your feedback/input_Value Of Work_ctl00contenttbValueOfWork' is present

2019-10-31 15:42:21 - [MESSAGE][PASSED] - Object 'Object Repository/New Folder1/Page_Checkatrade Give your feedback/input_Value Of Work_ctl00contenttbValueOfWork' is present

2019-10-31 15:42:21 - [TEST_STEP][PASSED] - "--------------------------------": null

2019-10-31 15:42:21 - [TEST_STEP][PASSED] - "  Set the Value of Work Textbox |": null

2019-10-31 15:42:21 - [TEST_STEP][PASSED] - setText(findTestObject("Object Repository/New Folder1/Page_Checkatrade Give your feedback/input_Value Of Work_ctl00contenttbValueOfWork"), FD_Value_of_Work): Text '30' is set on object 'Object Repository/New Folder1/Page_Checkatrade Give your feedback/input_Value Of Work_ctl00contenttbValueOfWork'

2019-10-31 15:42:21 - [MESSAGE][PASSED] - Text '30' is set on object 'Object Repository/New Folder1/Page_Checkatrade Give your feedback/input_Value Of Work_ctl00contenttbValueOfWork'

2019-10-31 15:42:21 - [TEST_STEP][PASSED] - "--------------------------------": null

2019-10-31 15:42:21 - [TEST_STEP][PASSED] - "  Hit <Submit> button to Commit |": null

2019-10-31 15:42:21 - [TEST_STEP][PASSED] - click(findTestObject("Object Repository/New Folder/Page_Checkatrade Give your feedback/input_Value Of Work_ctl00contentButton1")): Object: 'Object Repository/New Folder/Page_Checkatrade Give your feedback/input_Value Of Work_ctl00contentButton1' is clicked on

2019-10-31 15:42:21 - [MESSAGE][PASSED] - Object: 'Object Repository/New Folder/Page_Checkatrade Give your feedback/input_Value Of Work_ctl00contentButton1' is clicked on

2019-10-31 15:42:21 - [TEST_STEP][PASSED] - "--------------------------------": null

2019-10-31 15:42:21 - [TEST_STEP][PASSED] - "  Wait for FInal Page Load      |": null

2019-10-31 15:42:21 - [TEST_STEP][PASSED] - waitForPageLoad(60): Wait for page load successfully

2019-10-31 15:42:21 - [MESSAGE][PASSED] - Wait for page load successfully

2019-10-31 15:42:21 - [MESSAGE][PASSED] - Call Test Case 'Test Cases/Reusable_Test_Sequences/Give_Feedback/Further_Infomation/Further_Information' successfully

2019-10-31 15:42:21 - [TEST_STEP][PASSED] - "--------------------------------------": null

2019-10-31 15:42:21 - [TEST_STEP][PASSED] - " Thank You! (page 5) Processing       |": null

2019-10-31 15:42:21 - [TEST_STEP][PASSED] - callTestCase(findTestCase("Reusable_Test_Sequences/Give_Feedback/Final_Page"), [:], CONTINUE_ON_FAILURE): Call Test Case 'Test Cases/Reusable_Test_Sequences/Give_Feedback/Final_Page' successfully

2019-10-31 15:42:21 - [TEST_CASE][PASSED] - Test Cases/Reusable_Test_Sequences/Give_Feedback/Final_Page: Test Cases/Reusable_Test_Sequences/Give_Feedback/Final_Page

2019-10-31 15:42:21 - [TEST_STEP][PASSED] - waitForPageLoad(2): Wait for page load successfully

2019-10-31 15:42:22 - [MESSAGE][PASSED] - Wait for page load successfully

2019-10-31 15:42:22 - [TEST_STEP][PASSED] - "--------------------------------": null

2019-10-31 15:42:22 - [TEST_STEP][PASSED] - "Read data from spreadsheet      |": null

2019-10-31 15:42:22 - [TEST_STEP][PASSED] - data = findTestData("Data Files/Give_Feedback (1)"): null

2019-10-31 15:42:22 - [TEST_STEP][PASSED] - Account_Verification_Name = data.getValue("Account_Verification_Name", row): null

2019-10-31 15:42:22 - [TEST_STEP][PASSED] - YE_Recommend = data.getValue("YE_Recommendations", row): null

2019-10-31 15:42:22 - [TEST_STEP][PASSED] - YE_Work_Carried_Out = data.getValue("YE_Work_Carried_Out", row): null

2019-10-31 15:42:22 - [TEST_STEP][PASSED] - waitForElementVisible(findTestObject("Object Repository/New Folder/Page_Checkatrade Give your feedback/a_Finish"), 25): Object 'Object Repository/New Folder/Page_Checkatrade Give your feedback/a_Finish' is visible

2019-10-31 15:42:22 - [MESSAGE][PASSED] - Object 'Object Repository/New Folder/Page_Checkatrade Give your feedback/a_Finish' is visible

2019-10-31 15:42:22 - [TEST_STEP][PASSED] - "------------------------------------": null

2019-10-31 15:42:22 - [TEST_STEP][PASSED] - "  Verify Page Detail                |": null

2019-10-31 15:42:22 - [TEST_STEP][PASSED] - if (YE_Recommend == "Yes"): null

2019-10-31 15:42:22 - [TEST_STEP][PASSED] - verifyTextPresent("Thank you", true): Text 'Thank you' is present on page  using regular expression

2019-10-31 15:42:22 - [MESSAGE][PASSED] - Text 'Thank you' is present on page  using regular expression

2019-10-31 15:42:22 - [TEST_STEP][PASSED] - "------------------------------------": null

2019-10-31 15:42:22 - [TEST_STEP][PASSED] - "  Hit Finish                        |": null

2019-10-31 15:42:22 - [TEST_STEP][PASSED] - click(findTestObject("Object Repository/New Folder/Page_Checkatrade Give your feedback/a_Finish")): Object: 'Object Repository/New Folder/Page_Checkatrade Give your feedback/a_Finish' is clicked on

2019-10-31 15:42:22 - [MESSAGE][PASSED] - Object: 'Object Repository/New Folder/Page_Checkatrade Give your feedback/a_Finish' is clicked on

2019-10-31 15:42:22 - [MESSAGE][PASSED] - Call Test Case 'Test Cases/Reusable_Test_Sequences/Give_Feedback/Final_Page' successfully

2019-10-31 15:42:22 - [TEST_STEP][PASSED] - "--------------------------------------": null

2019-10-31 15:42:22 - [TEST_STEP][PASSED] - "  Verify Return to Home Page          |": null

2019-10-31 15:42:22 - [TEST_STEP][PASSED] - callTestCase(findTestCase("Reusable_Test_Sequences/CAT_Home"), [:], CONTINUE_ON_FAILURE): Call Test Case 'Test Cases/Reusable_Test_Sequences/CAT_Home' successfully

2019-10-31 15:42:22 - [TEST_CASE][PASSED] - Test Cases/Reusable_Test_Sequences/CAT_Home: Test Cases/Reusable_Test_Sequences/CAT_Home

2019-10-31 15:42:22 - [TEST_STEP][PASSED] - waitForPageLoad(2): Wait for page load successfully

2019-10-31 15:42:23 - [MESSAGE][PASSED] - Wait for page load successfully

2019-10-31 15:42:23 - [TEST_STEP][PASSED] - waitForElementVisible(findTestObject("Object Repository/Checkatrade_Trade_Search_Page/Page_Checkatrade Find a tradesperson you can trust/a_Search"), 10): Object 'Object Repository/Checkatrade_Trade_Search_Page/Page_Checkatrade Find a tradesperson you can trust/a_Search' is visible

2019-10-31 15:42:23 - [MESSAGE][PASSED] - Object 'Object Repository/Checkatrade_Trade_Search_Page/Page_Checkatrade Find a tradesperson you can trust/a_Search' is visible

2019-10-31 15:42:23 - [TEST_STEP][PASSED] - "------------------------------------": null

2019-10-31 15:42:23 - [TEST_STEP][PASSED] - verifyTextPresent("Helping you find the right trade or service", false): Text 'Helping you find the right trade or service' is present on page 

2019-10-31 15:42:23 - [MESSAGE][PASSED] - Text 'Helping you find the right trade or service' is present on page 

2019-10-31 15:42:23 - [TEST_STEP][PASSED] - verifyTextPresent("Search through over", false): Text 'Search through over' is present on page 

2019-10-31 15:42:23 - [MESSAGE][PASSED] - Text 'Search through over' is present on page 

2019-10-31 15:42:23 - [TEST_STEP][PASSED] - verifyTextPresent("recommended, vetted and monitored trades and service providers for free.", false): Text 'recommended, vetted and monitored trades and service providers for free.' is present on page 

2019-10-31 15:42:24 - [MESSAGE][PASSED] - Text 'recommended, vetted and monitored trades and service providers for free.' is present on page 

2019-10-31 15:42:24 - [TEST_STEP][PASSED] - verifyTextPresent("or look up a member by name", false): Text 'or look up a member by name' is present on page 

2019-10-31 15:42:24 - [MESSAGE][PASSED] - Text 'or look up a member by name' is present on page 

2019-10-31 15:42:24 - [TEST_STEP][PASSED] - verifyTextPresent("reviews published so far – thank you!", false): Text 'reviews published so far – thank you!' is present on page 

2019-10-31 15:42:24 - [MESSAGE][PASSED] - Text 'reviews published so far – thank you!' is present on page 

2019-10-31 15:42:24 - [TEST_STEP][PASSED] - CurrentUrl = getUrl(): Current window's url is: 'https://www.preview.checkatrade.com/'

2019-10-31 15:42:24 - [MESSAGE][PASSED] - Current window's url is: 'https://www.preview.checkatrade.com/'

2019-10-31 15:42:24 - [TEST_STEP][PASSED] - if (CurrentUrl == URL): null

2019-10-31 15:42:24 - [TEST_STEP][PASSED] - out.println("We have been redirected, correctly back to home URL" + URL): null

2019-10-31 15:42:24 - [MESSAGE][PASSED] - Call Test Case 'Test Cases/Reusable_Test_Sequences/CAT_Home' successfully

2019-10-31 15:42:24 - [TEST_STEP][PASSED] - "--------------------------------------": null

2019-10-31 15:42:24 - [TEST_STEP][PASSED] - " Processing Completion                |": null

2019-10-31 15:42:24 - [TEST_STEP][PASSED] - "--------------------------------------": null

2019-10-31 15:42:24 - [TEST_STEP][PASSED] - "--------------------------": null

2019-10-31 15:42:24 - [TEST_STEP][PASSED] - " Teardown - CLose Browser |": null

2019-10-31 15:42:24 - [TEST_STEP][PASSED] - callTestCase(findTestCase("Reusable_Test_Sequences/CAT_Teardown"), [:], STOP_ON_FAILURE): Call Test Case 'Test Cases/Reusable_Test_Sequences/CAT_Teardown' successfully

2019-10-31 15:42:25 - [TEST_CASE][PASSED] - Test Cases/Reusable_Test_Sequences/CAT_Teardown: Test Cases/Reusable_Test_Sequences/CAT_Teardown

2019-10-31 15:42:25 - [TEST_STEP][PASSED] - closeBrowser(): Browser is closed

2019-10-31 15:42:27 - [MESSAGE][PASSED] - Browser is closed

2019-10-31 15:42:27 - [MESSAGE][PASSED] - Call Test Case 'Test Cases/Reusable_Test_Sequences/CAT_Teardown' successfully

2019-10-31 15:42:27 - [TEST_STEP][PASSED] - callTestCase(findTestCase("Reusable_Test_Sequences/CAT_Setup"), [:], STOP_ON_FAILURE): Call Test Case 'Test Cases/Reusable_Test_Sequences/CAT_Setup' successfully

2019-10-31 15:42:27 - [TEST_CASE][PASSED] - Test Cases/Reusable_Test_Sequences/CAT_Setup: Test Cases/Reusable_Test_Sequences/CAT_Setup

2019-10-31 15:42:27 - [TEST_STEP][PASSED] - "URL - Set from the ENVIRONMENT PROFILE ": null

2019-10-31 15:42:27 - [TEST_STEP][PASSED] - openBrowser(URL): Browser is opened with url: 'https://www.preview.checkatrade.com/'

2019-10-31 15:42:27 - [MESSAGE][INFO] - Starting 'Firefox' driver

2019-10-31 15:42:33 - [MESSAGE][PASSED] - Browser is opened with url: 'https://www.preview.checkatrade.com/'

2019-10-31 15:42:33 - [TEST_STEP][PASSED] - maximizeWindow(): Current window maximized

2019-10-31 15:42:33 - [MESSAGE][PASSED] - Current window maximized

2019-10-31 15:42:33 - [TEST_STEP][PASSED] - waitForPageLoad(60): Wait for page load successfully

2019-10-31 15:42:33 - [MESSAGE][PASSED] - Wait for page load successfully

2019-10-31 15:42:33 - [TEST_STEP][PASSED] - waitForElementVisible(findTestObject("Page_Checkatrade Find a tradesperson you can trust/a_Search"), 25): Object 'Object Repository/Page_Checkatrade Find a tradesperson you can trust/a_Search' is visible

2019-10-31 15:42:34 - [MESSAGE][PASSED] - Object 'Object Repository/Page_Checkatrade Find a tradesperson you can trust/a_Search' is visible

2019-10-31 15:42:34 - [TEST_STEP][PASSED] - try: Text 'Checkatrade.com uses cookies to make sure you get the best browsing experience' is not present on page

2019-10-31 15:42:34 - [TEST_STEP][PASSED] - if (verifyElementPresent(findTestObject("Page_Checkatrade Find a tradesperson you can trust/div_close"), 1, OPTIONAL)): Text 'Checkatrade.com uses cookies to make sure you get the best browsing experience' is not present on page

2019-10-31 15:42:34 - [MESSAGE][PASSED] - Object 'Object Repository/Page_Checkatrade Find a tradesperson you can trust/div_close' is present

2019-10-31 15:42:34 - [TEST_STEP][PASSED] - click(findTestObject("Page_Checkatrade Find a tradesperson you can trust/div_close")): Object: 'Object Repository/Page_Checkatrade Find a tradesperson you can trust/div_close' is clicked on

2019-10-31 15:42:34 - [MESSAGE][PASSED] - Object: 'Object Repository/Page_Checkatrade Find a tradesperson you can trust/div_close' is clicked on

2019-10-31 15:42:34 - [TEST_STEP][PASSED] - "---------------------------------": null

2019-10-31 15:42:34 - [TEST_STEP][PASSED] - "COOKIE POPOUT REMOVED - Confirmed": null

2019-10-31 15:42:34 - [TEST_STEP][PASSED] - delay(1): Delayed 1 second(s)

2019-10-31 15:42:35 - [MESSAGE][PASSED] - Delayed 1 second(s)

2019-10-31 15:42:35 - [TEST_STEP][PASSED] - verifyTextNotPresent("Checkatrade.com uses cookies to make sure you get the best browsing experience", false): Text 'Checkatrade.com uses cookies to make sure you get the best browsing experience' is not present on page

2019-10-31 15:42:35 - [MESSAGE][PASSED] - Text 'Checkatrade.com uses cookies to make sure you get the best browsing experience' is not present on page

2019-10-31 15:42:35 - [TEST_STEP][PASSED] - try: Text 'We have updated our Privacy Policy, please review this' is not present on page

2019-10-31 15:42:35 - [TEST_STEP][PASSED] - if (verifyElementPresent(findTestObject("Page_Checkatrade Find a tradesperson you can trust/div_close_1"), 1, OPTIONAL)): Text 'We have updated our Privacy Policy, please review this' is not present on page

2019-10-31 15:42:35 - [MESSAGE][PASSED] - Object 'Object Repository/Page_Checkatrade Find a tradesperson you can trust/div_close_1' is present

2019-10-31 15:42:35 - [TEST_STEP][PASSED] - click(findTestObject("Page_Checkatrade Find a tradesperson you can trust/div_close_1")): Object: 'Object Repository/Page_Checkatrade Find a tradesperson you can trust/div_close_1' is clicked on

2019-10-31 15:42:36 - [MESSAGE][PASSED] - Object: 'Object Repository/Page_Checkatrade Find a tradesperson you can trust/div_close_1' is clicked on

2019-10-31 15:42:36 - [TEST_STEP][PASSED] - "---------------------------------": null

2019-10-31 15:42:36 - [TEST_STEP][PASSED] - "PRIVACY POPOUT REMOVED - Confirmed": null

2019-10-31 15:42:36 - [TEST_STEP][PASSED] - delay(1): Delayed 1 second(s)

2019-10-31 15:42:37 - [MESSAGE][PASSED] - Delayed 1 second(s)

2019-10-31 15:42:37 - [TEST_STEP][PASSED] - verifyTextNotPresent("We have updated our Privacy Policy, please review this", false): Text 'We have updated our Privacy Policy, please review this' is not present on page

2019-10-31 15:42:37 - [MESSAGE][PASSED] - Text 'We have updated our Privacy Policy, please review this' is not present on page

2019-10-31 15:42:37 - [MESSAGE][PASSED] - Call Test Case 'Test Cases/Reusable_Test_Sequences/CAT_Setup' successfully

2019-10-31 15:42:37 - [TEST_STEP][PASSED] - "-----------------------------------------------------": null

2019-10-31 15:42:37 - [TEST_STEP][PASSED] - " Hit the <Give Feedback> link in the header banner   |": null

2019-10-31 15:42:37 - [TEST_STEP][PASSED] - callTestCase(findTestCase("Reusable_Test_Sequences/Banner_Menu/Give_Feedback"), [:], CONTINUE_ON_FAILURE): Call Test Case 'Test Cases/Reusable_Test_Sequences/Banner_Menu/Give_Feedback' successfully

2019-10-31 15:42:37 - [TEST_CASE][PASSED] - Test Cases/Reusable_Test_Sequences/Banner_Menu/Give_Feedback: Test Cases/Reusable_Test_Sequences/Banner_Menu/Give_Feedback

2019-10-31 15:42:37 - [TEST_STEP][PASSED] - click(findTestObject("Object Repository/Page_Checkatrade Find a tradesperson you can trust/a_Give feedback")): Object: 'Object Repository/Page_Checkatrade Find a tradesperson you can trust/a_Give feedback' is clicked on

2019-10-31 15:42:38 - [MESSAGE][PASSED] - Object: 'Object Repository/Page_Checkatrade Find a tradesperson you can trust/a_Give feedback' is clicked on

2019-10-31 15:42:38 - [TEST_STEP][PASSED] - waitForElementVisible(findTestObject("Page_Give_Feedback_Enhanced_OBJ_Repo/Page_Checkatrade Give your feedback/input_Which member do you want to review_feedback-form__company_autocomplete_input"), 25): Object 'Object Repository/Page_Give_Feedback_Enhanced_OBJ_Repo/Page_Checkatrade Give your feedback/input_Which member do you want to review_feedback-form__company_autocomplete_input' is visible

2019-10-31 15:42:38 - [MESSAGE][PASSED] - Object 'Object Repository/Page_Give_Feedback_Enhanced_OBJ_Repo/Page_Checkatrade Give your feedback/input_Which member do you want to review_feedback-form__company_autocomplete_input' is visible

2019-10-31 15:42:38 - [TEST_STEP][PASSED] - verifyTextPresent("Give your feedback", false): Text 'Give your feedback' is present on page 

2019-10-31 15:42:38 - [MESSAGE][PASSED] - Text 'Give your feedback' is present on page 

2019-10-31 15:42:38 - [TEST_STEP][PASSED] - verifyTextPresent("Which member do you want to review?", false): Text 'Which member do you want to review?' is present on page 

2019-10-31 15:42:39 - [MESSAGE][PASSED] - Text 'Which member do you want to review?' is present on page 

2019-10-31 15:42:39 - [MESSAGE][PASSED] - Call Test Case 'Test Cases/Reusable_Test_Sequences/Banner_Menu/Give_Feedback' successfully

2019-10-31 15:42:39 - [TEST_STEP][PASSED] - "-----------------------------------------------------": null

2019-10-31 15:42:39 - [TEST_STEP][PASSED] - " Enter Member Trade Name OR Checkatrade ID To Review |": null

2019-10-31 15:42:39 - [TEST_STEP][PASSED] - callTestCase(findTestCase("Reusable_Test_Sequences/Give_Feedback/Which_Member_to_Review"), [:], STOP_ON_FAILURE): Call Test Case 'Test Cases/Reusable_Test_Sequences/Give_Feedback/Which_Member_to_Review' successfully

2019-10-31 15:42:39 - [TEST_CASE][PASSED] - Test Cases/Reusable_Test_Sequences/Give_Feedback/Which_Member_to_Review: Test Cases/Reusable_Test_Sequences/Give_Feedback/Which_Member_to_Review

2019-10-31 15:42:39 - [TEST_STEP][PASSED] - waitForPageLoad(60): Wait for page load successfully

2019-10-31 15:42:39 - [MESSAGE][PASSED] - Wait for page load successfully

2019-10-31 15:42:39 - [TEST_STEP][PASSED] - waitForElementPresent(findTestObject("Object Repository/Page_Checkatrade Give your feedback/input_Which member do you want to review"), 25): Object 'Object Repository/Page_Checkatrade Give your feedback/input_Which member do you want to review' is present

2019-10-31 15:42:39 - [MESSAGE][PASSED] - Object 'Object Repository/Page_Checkatrade Give your feedback/input_Which member do you want to review' is present

2019-10-31 15:42:39 - [TEST_STEP][PASSED] - setText(findTestObject("Object Repository/Page_Checkatrade Give your feedback/input_Which member do you want to review"), findTestData("Give_Feedback (1)").getValue("Account_Verification_Name", row)): Text 'Test Account' is set on object 'Object Repository/Page_Checkatrade Give your feedback/input_Which member do you want to review'

2019-10-31 15:42:39 - [MESSAGE][PASSED] - Text 'Test Account' is set on object 'Object Repository/Page_Checkatrade Give your feedback/input_Which member do you want to review'

2019-10-31 15:42:39 - [TEST_STEP][PASSED] - delay(1): Delayed 1 second(s)

2019-10-31 15:42:40 - [MESSAGE][PASSED] - Delayed 1 second(s)

2019-10-31 15:42:40 - [TEST_STEP][PASSED] - "Submit the search criteria using click     |": null

2019-10-31 15:42:40 - [TEST_STEP][PASSED] - waitForElementPresent(findTestObject("Object Repository/Page_Checkatrade Give your feedback/div_Which member do you want to review"), 25): Object 'Object Repository/Page_Checkatrade Give your feedback/div_Which member do you want to review' is present

2019-10-31 15:42:40 - [MESSAGE][PASSED] - Object 'Object Repository/Page_Checkatrade Give your feedback/div_Which member do you want to review' is present

2019-10-31 15:42:40 - [TEST_STEP][PASSED] - try: Object: 'Object Repository/Page_Checkatrade Give your feedback/div_Which member do you want to review' is clicked on

2019-10-31 15:42:40 - [TEST_STEP][PASSED] - "Try Catch Included 14/08/2019 - Sometimes the Trader isnt returned?   |": null

2019-10-31 15:42:40 - [TEST_STEP][PASSED] - click(findTestObject("Page_Checkatrade Give your feedback/div_Which member do you want to review")): Object: 'Object Repository/Page_Checkatrade Give your feedback/div_Which member do you want to review' is clicked on

2019-10-31 15:42:41 - [MESSAGE][PASSED] - Object: 'Object Repository/Page_Checkatrade Give your feedback/div_Which member do you want to review' is clicked on

2019-10-31 15:42:41 - [MESSAGE][PASSED] - Call Test Case 'Test Cases/Reusable_Test_Sequences/Give_Feedback/Which_Member_to_Review' successfully

2019-10-31 15:42:41 - [TEST_STEP][PASSED] - "--------------------------------------": null

2019-10-31 15:42:41 - [TEST_STEP][PASSED] - " Your Experience (page 1) Processing  |": null

2019-10-31 15:42:41 - [TEST_STEP][PASSED] - callTestCase(findTestCase("Reusable_Test_Sequences/Give_Feedback/Your_Experience/Your_Experience"), [:], CONTINUE_ON_FAILURE): Call Test Case 'Test Cases/Reusable_Test_Sequences/Give_Feedback/Your_Experience/Your_Experience' successfully

2019-10-31 15:42:41 - [TEST_CASE][PASSED] - Test Cases/Reusable_Test_Sequences/Give_Feedback/Your_Experience/Your_Experience: Test Cases/Reusable_Test_Sequences/Give_Feedback/Your_Experience/Your_Experience

2019-10-31 15:42:41 - [TEST_STEP][PASSED] - data = findTestData("Data Files/Give_Feedback (1)"): null

2019-10-31 15:42:41 - [TEST_STEP][PASSED] - YE_Recommend = data.getValue("YE_Recommendations", row): null

2019-10-31 15:42:41 - [TEST_STEP][PASSED] - "---------------------------------------------------------------------------------------": null

2019-10-31 15:42:41 - [TEST_STEP][PASSED] - " Your Experience (page 1) Returned with Recommendation Selection Set to Yes (Default)  |": null

2019-10-31 15:42:41 - [TEST_STEP][PASSED] - "---------------------------------------------------------------------------------------": null

2019-10-31 15:42:41 - [TEST_STEP][PASSED] - "---------------------------------------------------------------------------------------": null

2019-10-31 15:42:41 - [TEST_STEP][PASSED] - " Your Experience (page 1) Recommend this trader?                                       |": null

2019-10-31 15:42:41 - [TEST_STEP][PASSED] - callTestCase(findTestCase("Reusable_Test_Sequences/Give_Feedback/Your_Experience/Recommendation_Selection"), [:], CONTINUE_ON_FAILURE): Call Test Case 'Test Cases/Reusable_Test_Sequences/Give_Feedback/Your_Experience/Recommendation_Selection' successfully

2019-10-31 15:42:41 - [TEST_CASE][PASSED] - Test Cases/Reusable_Test_Sequences/Give_Feedback/Your_Experience/Recommendation_Selection: Test Cases/Reusable_Test_Sequences/Give_Feedback/Your_Experience/Recommendation_Selection

2019-10-31 15:42:41 - [TEST_STEP][PASSED] - data = findTestData("Data Files/Give_Feedback (1)"): null

2019-10-31 15:42:41 - [TEST_STEP][PASSED] - YE_Recommend = data.getValue("YE_Recommendations", row): null

2019-10-31 15:42:41 - [TEST_STEP][PASSED] - "--------------------------------": null

2019-10-31 15:42:41 - [TEST_STEP][PASSED] - "Read data from spreadsheet      |": null

2019-10-31 15:42:41 - [TEST_STEP][PASSED] - "--------------------------------": null

2019-10-31 15:42:41 - [TEST_STEP][PASSED] - "--------------------------------": null

2019-10-31 15:42:41 - [TEST_STEP][PASSED] - "Set Recommendation - Yes or No  |": null

2019-10-31 15:42:41 - [TEST_STEP][PASSED] - if (YE_Recommend == "Yes"): null

2019-10-31 15:42:41 - [TEST_STEP][PASSED] - else if (YE_Recommend == "No"): Call Test Case 'Test Cases/Reusable_Test_Sequences/Give_Feedback/Your_Experience/Not_Recommend' successfully

2019-10-31 15:42:41 - [TEST_STEP][PASSED] - click(findTestObject("Object Repository/Feedback/Page_Checkatrade Give your feedback/Page_Checkatrade Give your feedback/span_No")): Object: 'Object Repository/Feedback/Page_Checkatrade Give your feedback/Page_Checkatrade Give your feedback/span_No' is clicked on

2019-10-31 15:42:41 - [MESSAGE][PASSED] - Object: 'Object Repository/Feedback/Page_Checkatrade Give your feedback/Page_Checkatrade Give your feedback/span_No' is clicked on

2019-10-31 15:42:41 - [TEST_STEP][PASSED] - waitForPageLoad(5): Wait for page load successfully

2019-10-31 15:42:41 - [MESSAGE][PASSED] - Wait for page load successfully

2019-10-31 15:42:41 - [TEST_STEP][PASSED] - callTestCase(findTestCase("Reusable_Test_Sequences/Give_Feedback/Your_Experience/Not_Recommend"), [:], CONTINUE_ON_FAILURE): Call Test Case 'Test Cases/Reusable_Test_Sequences/Give_Feedback/Your_Experience/Not_Recommend' successfully

2019-10-31 15:42:41 - [TEST_CASE][PASSED] - Test Cases/Reusable_Test_Sequences/Give_Feedback/Your_Experience/Not_Recommend: Test Cases/Reusable_Test_Sequences/Give_Feedback/Your_Experience/Not_Recommend

2019-10-31 15:42:41 - [TEST_STEP][PASSED] - data = findTestData("Data Files/Give_Feedback (1)"): null

2019-10-31 15:42:41 - [TEST_STEP][PASSED] - YE_WorkCarriedOut = data.getValue("YE_Work_Carried_Out", row): null

2019-10-31 15:42:41 - [TEST_STEP][PASSED] - YE_NatureOfIssue = data.getValue("YE_Nature_Of_Issue", row): null

2019-10-31 15:42:41 - [TEST_STEP][PASSED] - YE_Comments = data.getValue("YE_Comments", row): null

2019-10-31 15:42:41 - [TEST_STEP][PASSED] - YE_FeedbackPublished = data.getValue("YE_Feedback_Published", row): null

2019-10-31 15:42:41 - [TEST_STEP][PASSED] - YE_ReasonNoFeedback = data.getValue("YE_Reason_No_Feedback", row): null

2019-10-31 15:42:41 - [TEST_STEP][PASSED] - YE_Resolve = data.getValue("YE_Resolve", row): null

2019-10-31 15:42:41 - [TEST_STEP][PASSED] - YE_Recommend = data.getValue("YE_Recommendations", row): null

2019-10-31 15:42:41 - [TEST_STEP][PASSED] - "--------------------------------": null

2019-10-31 15:42:41 - [TEST_STEP][PASSED] - "Read data from spreadsheet      |": null

2019-10-31 15:42:41 - [TEST_STEP][PASSED] - "--------------------------------": null

2019-10-31 15:42:41 - [TEST_STEP][PASSED] - "--------------------------------------": null

2019-10-31 15:42:41 - [TEST_STEP][PASSED] - " Was work carried out/Money Exchanged |": null

2019-10-31 15:42:41 - [TEST_STEP][PASSED] - waitForElementVisible(findTestObject("Feedback_Non_Recommend/Page_Checkatrade Give your feedback/work_Carried_Out_span_No"), 5): Object 'Object Repository/Feedback_Non_Recommend/Page_Checkatrade Give your feedback/work_Carried_Out_span_No' is visible

2019-10-31 15:42:42 - [MESSAGE][PASSED] - Object 'Object Repository/Feedback_Non_Recommend/Page_Checkatrade Give your feedback/work_Carried_Out_span_No' is visible

2019-10-31 15:42:42 - [TEST_STEP][PASSED] - if (YE_WorkCarriedOut == "No"): Wait for page load successfully

2019-10-31 15:42:42 - [TEST_STEP][PASSED] - click(findTestObject("Feedback_Non_Recommend/Page_Checkatrade Give your feedback/work_Carried_Out_span_No")): Object: 'Object Repository/Feedback_Non_Recommend/Page_Checkatrade Give your feedback/work_Carried_Out_span_No' is clicked on

2019-10-31 15:42:42 - [MESSAGE][PASSED] - Object: 'Object Repository/Feedback_Non_Recommend/Page_Checkatrade Give your feedback/work_Carried_Out_span_No' is clicked on

2019-10-31 15:42:42 - [TEST_STEP][PASSED] - waitForPageLoad(2): Wait for page load successfully

2019-10-31 15:42:42 - [MESSAGE][PASSED] - Wait for page load successfully

2019-10-31 15:42:42 - [TEST_STEP][PASSED] - setText(findTestObject("Object Repository/Feedback_Non_Recommend/Page_Checkatrade Give your feedback/textarea_Comments"), YE_Comments): Text 'Test comment' is set on object 'Object Repository/Feedback_Non_Recommend/Page_Checkatrade Give your feedback/textarea_Comments'

2019-10-31 15:42:42 - [MESSAGE][PASSED] - Text 'Test comment' is set on object 'Object Repository/Feedback_Non_Recommend/Page_Checkatrade Give your feedback/textarea_Comments'

2019-10-31 15:42:42 - [TEST_STEP][PASSED] - waitForPageLoad(2): Wait for page load successfully

2019-10-31 15:42:42 - [MESSAGE][PASSED] - Wait for page load successfully

2019-10-31 15:42:42 - [TEST_STEP][PASSED] - waitForElementVisible(findTestObject("Feedback_Non_Recommend/Page_Checkatrade Give your feedback/work_Carried_Out_span_No"), 5): Object 'Object Repository/Feedback_Non_Recommend/Page_Checkatrade Give your feedback/work_Carried_Out_span_No' is visible

2019-10-31 15:42:42 - [MESSAGE][PASSED] - Object 'Object Repository/Feedback_Non_Recommend/Page_Checkatrade Give your feedback/work_Carried_Out_span_No' is visible

2019-10-31 15:42:42 - [TEST_STEP][PASSED] - "--------------------------------------": null

2019-10-31 15:42:42 - [TEST_STEP][PASSED] - " Nature of Issue - Selection Box      |": null

2019-10-31 15:42:42 - [TEST_STEP][PASSED] - selectOptionByLabel(findTestObject("Feedback_Non_Recommend/Page_Checkatrade Give your feedback/select_Please Select ShortForm"), YE_NatureOfIssue, false): All options with label 'No work carried out' are selected in object 'Object Repository/Feedback_Non_Recommend/Page_Checkatrade Give your feedback/select_Please Select ShortForm' 

2019-10-31 15:42:43 - [MESSAGE][PASSED] - All options with label 'No work carried out' are selected in object 'Object Repository/Feedback_Non_Recommend/Page_Checkatrade Give your feedback/select_Please Select ShortForm' 

2019-10-31 15:42:43 - [TEST_STEP][PASSED] - "------------------------------------------------": null

2019-10-31 15:42:43 - [TEST_STEP][PASSED] - " Scroll to <NEXT> Button to reveal Text Below   |": null

2019-10-31 15:42:43 - [TEST_STEP][PASSED] - scrollToElement(findTestObject("Object Repository/Page_Checkatrade Give your feedback/input_No_ctl00contentButton4"), 2): Scroll to object 'Object Repository/Page_Checkatrade Give your feedback/input_No_ctl00contentButton4' successfully

2019-10-31 15:42:43 - [MESSAGE][PASSED] - Scroll to object 'Object Repository/Page_Checkatrade Give your feedback/input_No_ctl00contentButton4' successfully

2019-10-31 15:42:43 - [TEST_STEP][PASSED] - waitForPageLoad(5): Wait for page load successfully

2019-10-31 15:42:43 - [MESSAGE][PASSED] - Wait for page load successfully

2019-10-31 15:42:43 - [TEST_STEP][PASSED] - waitForElementVisible(findTestObject("Feedback_Non_Recommend/Page_Checkatrade Give your feedback/select_Please Select ShortForm"), 5): Object 'Object Repository/Feedback_Non_Recommend/Page_Checkatrade Give your feedback/select_Please Select ShortForm' is visible

2019-10-31 15:42:43 - [MESSAGE][PASSED] - Object 'Object Repository/Feedback_Non_Recommend/Page_Checkatrade Give your feedback/select_Please Select ShortForm' is visible

2019-10-31 15:42:43 - [TEST_STEP][PASSED] - "--------------------------------------": null

2019-10-31 15:42:43 - [TEST_STEP][PASSED] - " Would you like to Publish Feedback?  |": null

2019-10-31 15:42:43 - [TEST_STEP][PASSED] - if (YE_FeedbackPublished == "No"): Wait for page load successfully

2019-10-31 15:42:43 - [TEST_STEP][PASSED] - waitForPageLoad(2): Wait for page load successfully

2019-10-31 15:42:43 - [MESSAGE][PASSED] - Wait for page load successfully

2019-10-31 15:42:43 - [TEST_STEP][PASSED] - if (YE_WorkCarriedOut == "Yes"): null

2019-10-31 15:42:43 - [TEST_STEP][PASSED] - if (YE_WorkCarriedOut == "No"): Object: 'Object Repository/Feedback_Non_Recommend/Page_Checkatrade Give your feedback/feedback_Published_span_No - Alt' is clicked on

2019-10-31 15:42:43 - [TEST_STEP][PASSED] - waitForElementVisible(findTestObject("Feedback_Non_Recommend/Page_Checkatrade Give your feedback/feedback_Published_span_No - Alt"), 5): Object 'Object Repository/Feedback_Non_Recommend/Page_Checkatrade Give your feedback/feedback_Published_span_No - Alt' is visible

2019-10-31 15:42:43 - [MESSAGE][PASSED] - Object 'Object Repository/Feedback_Non_Recommend/Page_Checkatrade Give your feedback/feedback_Published_span_No - Alt' is visible

2019-10-31 15:42:43 - [TEST_STEP][PASSED] - click(findTestObject("Feedback_Non_Recommend/Page_Checkatrade Give your feedback/feedback_Published_span_No - Alt")): Object: 'Object Repository/Feedback_Non_Recommend/Page_Checkatrade Give your feedback/feedback_Published_span_No - Alt' is clicked on

2019-10-31 15:42:43 - [MESSAGE][PASSED] - Object: 'Object Repository/Feedback_Non_Recommend/Page_Checkatrade Give your feedback/feedback_Published_span_No - Alt' is clicked on

2019-10-31 15:42:43 - [TEST_STEP][PASSED] - waitForPageLoad(5): Wait for page load successfully

2019-10-31 15:42:43 - [MESSAGE][PASSED] - Wait for page load successfully

2019-10-31 15:42:43 - [TEST_STEP][PASSED] - delay(1): Delayed 1 second(s)

2019-10-31 15:42:44 - [MESSAGE][PASSED] - Delayed 1 second(s)

2019-10-31 15:42:44 - [TEST_STEP][PASSED] - verifyTextPresent("By ticking ‘No’ we will not contact the trader but we may contact you.", false): Text 'By ticking ‘No’ we will not contact the trader but we may contact you.' is present on page 

2019-10-31 15:42:45 - [MESSAGE][PASSED] - Text 'By ticking ‘No’ we will not contact the trader but we may contact you.' is present on page 

2019-10-31 15:42:45 - [TEST_STEP][PASSED] - setText(findTestObject("Object Repository/Feedback_Non_Recommend/Page_Checkatrade Give your feedback/textarea_Please give your reason for this"), YE_ReasonNoFeedback): Text 'Didn't want too' is set on object 'Object Repository/Feedback_Non_Recommend/Page_Checkatrade Give your feedback/textarea_Please give your reason for this'

2019-10-31 15:42:45 - [MESSAGE][PASSED] - Text 'Didn't want too' is set on object 'Object Repository/Feedback_Non_Recommend/Page_Checkatrade Give your feedback/textarea_Please give your reason for this'

2019-10-31 15:42:45 - [TEST_STEP][PASSED] - waitForPageLoad(2): Wait for page load successfully

2019-10-31 15:42:45 - [MESSAGE][PASSED] - Wait for page load successfully

2019-10-31 15:42:45 - [TEST_STEP][PASSED] - delay(1): Delayed 1 second(s)

2019-10-31 15:42:46 - [MESSAGE][PASSED] - Delayed 1 second(s)

2019-10-31 15:42:46 - [MESSAGE][PASSED] - Call Test Case 'Test Cases/Reusable_Test_Sequences/Give_Feedback/Your_Experience/Not_Recommend' successfully

2019-10-31 15:42:46 - [TEST_STEP][PASSED] - out.println("Your Experience, Recommendation, Click on the <" + YE_Recommend + "> Option Button "): null

2019-10-31 15:42:46 - [TEST_STEP][PASSED] - waitForPageLoad(60): Wait for page load successfully

2019-10-31 15:42:46 - [MESSAGE][PASSED] - Wait for page load successfully

2019-10-31 15:42:46 - [MESSAGE][PASSED] - Call Test Case 'Test Cases/Reusable_Test_Sequences/Give_Feedback/Your_Experience/Recommendation_Selection' successfully

2019-10-31 15:42:46 - [TEST_STEP][PASSED] - "---------------------------------------------------------------------------------------": null

2019-10-31 15:42:46 - [TEST_STEP][PASSED] - " SELECTING _ NO Recommend Restructures this PAGE, So need to exclude the below tests  ": null

2019-10-31 15:42:46 - [TEST_STEP][PASSED] - if (YE_Recommend == "Yes"): null

2019-10-31 15:42:46 - [TEST_STEP][PASSED] - "---------------------------------------------------------------------------------------------------------": null

2019-10-31 15:42:46 - [TEST_STEP][PASSED] - " Your Experience (page 1) Hit <Next> Button to Continue to <Your Scores>- (page 2) If Recommend = YES    |": null

2019-10-31 15:42:46 - [TEST_STEP][PASSED] - "                                                        OR <Your Details>-(page 3) If Recommend = NO     |": null

2019-10-31 15:42:46 - [TEST_STEP][PASSED] - callTestCase(findTestCase("Reusable_Test_Sequences/Give_Feedback/Hit_Next"), [:], CONTINUE_ON_FAILURE): Call Test Case 'Test Cases/Reusable_Test_Sequences/Give_Feedback/Hit_Next' successfully

2019-10-31 15:42:46 - [TEST_CASE][PASSED] - Test Cases/Reusable_Test_Sequences/Give_Feedback/Hit_Next: Test Cases/Reusable_Test_Sequences/Give_Feedback/Hit_Next

2019-10-31 15:42:46 - [TEST_STEP][PASSED] - click(findTestObject("Object Repository/Page_Checkatrade Give your feedback/input_No_ctl00contentButton4")): Object: 'Object Repository/Page_Checkatrade Give your feedback/input_No_ctl00contentButton4' is clicked on

2019-10-31 15:42:47 - [MESSAGE][PASSED] - Object: 'Object Repository/Page_Checkatrade Give your feedback/input_No_ctl00contentButton4' is clicked on

2019-10-31 15:42:47 - [TEST_STEP][PASSED] - waitForPageLoad(2): Wait for page load successfully

2019-10-31 15:42:47 - [MESSAGE][PASSED] - Wait for page load successfully

2019-10-31 15:42:47 - [MESSAGE][PASSED] - Call Test Case 'Test Cases/Reusable_Test_Sequences/Give_Feedback/Hit_Next' successfully

2019-10-31 15:42:47 - [TEST_STEP][PASSED] - waitForPageLoad(2): Wait for page load successfully

2019-10-31 15:42:47 - [MESSAGE][PASSED] - Wait for page load successfully

2019-10-31 15:42:47 - [MESSAGE][PASSED] - Call Test Case 'Test Cases/Reusable_Test_Sequences/Give_Feedback/Your_Experience/Your_Experience' successfully

2019-10-31 15:42:47 - [TEST_STEP][PASSED] - "--------------------------------------": null

2019-10-31 15:42:47 - [TEST_STEP][PASSED] - " Your Scores (page 2) Processing      |": null

2019-10-31 15:42:47 - [TEST_STEP][PASSED] - YE_Recommend = data.getValue("YE_Recommendations", row): null

2019-10-31 15:42:47 - [TEST_STEP][PASSED] - YE_WorkCarriedOut = data.getValue("YE_Work_Carried_Out", row): null

2019-10-31 15:42:47 - [TEST_STEP][PASSED] - if (YE_Recommend == "Yes"): null

2019-10-31 15:42:47 - [TEST_STEP][PASSED] - if (YE_Recommend == "No" && YE_WorkCarriedOut == "Yes"): null

2019-10-31 15:42:47 - [TEST_STEP][PASSED] - "--------------------------------------": null

2019-10-31 15:42:47 - [TEST_STEP][PASSED] - " Your Details (page 3) Processing     |": null

2019-10-31 15:42:47 - [TEST_STEP][PASSED] - callTestCase(findTestCase("Reusable_Test_Sequences/Give_Feedback/Your_Details/Your_Details"), [:], CONTINUE_ON_FAILURE): Call Test Case 'Test Cases/Reusable_Test_Sequences/Give_Feedback/Your_Details/Your_Details' successfully

2019-10-31 15:42:47 - [TEST_CASE][PASSED] - Test Cases/Reusable_Test_Sequences/Give_Feedback/Your_Details/Your_Details: Test Cases/Reusable_Test_Sequences/Give_Feedback/Your_Details/Your_Details

2019-10-31 15:42:47 - [TEST_STEP][PASSED] - "---------------------------------------------------------------------------------------": null

2019-10-31 15:42:47 - [TEST_STEP][PASSED] - " Your Details (page 3)                                                                 |": null

2019-10-31 15:42:47 - [TEST_STEP][PASSED] - "---------------------------------------------------------------------------------------": null

2019-10-31 15:42:47 - [TEST_STEP][PASSED] - "-------------------------------------": null

2019-10-31 15:42:47 - [TEST_STEP][PASSED] - " Consumer or Customer Selection      |": null

2019-10-31 15:42:47 - [TEST_STEP][PASSED] - callTestCase(findTestCase("Reusable_Test_Sequences/Give_Feedback/Your_Details/Consumer_or_Customer_Selection"), [:], CONTINUE_ON_FAILURE): Call Test Case 'Test Cases/Reusable_Test_Sequences/Give_Feedback/Your_Details/Consumer_or_Customer_Selection' successfully

2019-10-31 15:42:47 - [TEST_CASE][PASSED] - Test Cases/Reusable_Test_Sequences/Give_Feedback/Your_Details/Consumer_or_Customer_Selection: Test Cases/Reusable_Test_Sequences/Give_Feedback/Your_Details/Consumer_or_Customer_Selection

2019-10-31 15:42:47 - [TEST_STEP][PASSED] - "--------------------------------": null

2019-10-31 15:42:47 - [TEST_STEP][PASSED] - "Read data from spreadsheet      |": null

2019-10-31 15:42:47 - [TEST_STEP][PASSED] - data = findTestData("Data Files/Give_Feedback (1)"): null

2019-10-31 15:42:47 - [TEST_STEP][PASSED] - YD_Consumer_Customer = data.getValue("YD_Consumer_Customer", row): null

2019-10-31 15:42:47 - [TEST_STEP][PASSED] - out.println("Your Details, Consumer OR Trade Customer, Click on the " + YD_Consumer_Customer + " Option Button "): null

2019-10-31 15:42:47 - [TEST_STEP][PASSED] - try: null

2019-10-31 15:42:47 - [TEST_STEP][PASSED] - if (YD_Consumer_Customer == "Consumer"): null

2019-10-31 15:42:47 - [TEST_STEP][PASSED] - catch (Exception e): null

2019-10-31 15:42:47 - [TEST_STEP][PASSED] - if (YD_Consumer_Customer == "Customer"): null

2019-10-31 15:42:47 - [TEST_STEP][PASSED] - out.println("Your Experience, Recommendation, Click on the " + YD_Consumer_Customer + " Option Button "): null

2019-10-31 15:42:47 - [MESSAGE][PASSED] - Call Test Case 'Test Cases/Reusable_Test_Sequences/Give_Feedback/Your_Details/Consumer_or_Customer_Selection' successfully

2019-10-31 15:42:47 - [TEST_STEP][PASSED] - "-------------------------------------": null

2019-10-31 15:42:47 - [TEST_STEP][PASSED] - " Fill Personal Details               |": null

2019-10-31 15:42:47 - [TEST_STEP][PASSED] - callTestCase(findTestCase("Reusable_Test_Sequences/Give_Feedback/Your_Details/Personal_Details_Formfill"), [:], CONTINUE_ON_FAILURE): Call Test Case 'Test Cases/Reusable_Test_Sequences/Give_Feedback/Your_Details/Personal_Details_Formfill' successfully

2019-10-31 15:42:47 - [TEST_CASE][PASSED] - Test Cases/Reusable_Test_Sequences/Give_Feedback/Your_Details/Personal_Details_Formfill: Test Cases/Reusable_Test_Sequences/Give_Feedback/Your_Details/Personal_Details_Formfill

2019-10-31 15:42:47 - [TEST_STEP][PASSED] - "--------------------------------": null

2019-10-31 15:42:47 - [TEST_STEP][PASSED] - "Read data from spreadsheet      |": null

2019-10-31 15:42:47 - [TEST_STEP][PASSED] - data = findTestData("Data Files/Give_Feedback (1)"): null

2019-10-31 15:42:47 - [TEST_STEP][PASSED] - YD_Salutation = data.getValue("YD_Salutation", row): null

2019-10-31 15:42:47 - [TEST_STEP][PASSED] - YD_Name = data.getValue("YD_Name", row): null

2019-10-31 15:42:47 - [TEST_STEP][PASSED] - YD_Company_Name = data.getValue("YD_Company_Name", row): null

2019-10-31 15:42:47 - [TEST_STEP][PASSED] - YD_Postcode = data.getValue("YD_Postcode", row): null

2019-10-31 15:42:47 - [TEST_STEP][PASSED] - YD_Verify_Address = data.getValue("YD_Verify_Address", row): null

2019-10-31 15:42:47 - [TEST_STEP][PASSED] - YD_Consumer_Customer = data.getValue("YD_Consumer_Customer", row): null

2019-10-31 15:42:47 - [TEST_STEP][PASSED] - out.println("Your Experience, Your details, Set the " + YD_Salutation + " Text Box "): null

2019-10-31 15:42:47 - [TEST_STEP][PASSED] - "--------------------": null

2019-10-31 15:42:47 - [TEST_STEP][PASSED] - "  Set  Salutation   |": null

2019-10-31 15:42:47 - [TEST_STEP][PASSED] - selectOptionByValue(findTestObject("Object Repository/New Folder/Page_Checkatrade Give your feedback/select_MrMrsMissMsMr  MrsDrRevRevd"), YD_Salutation, true): All options with value 'Mr' are selected in object 'Object Repository/New Folder/Page_Checkatrade Give your feedback/select_MrMrsMissMsMr  MrsDrRevRevd'  using regular expression

2019-10-31 15:42:48 - [MESSAGE][PASSED] - All options with value 'Mr' are selected in object 'Object Repository/New Folder/Page_Checkatrade Give your feedback/select_MrMrsMissMsMr  MrsDrRevRevd'  using regular expression

2019-10-31 15:42:48 - [TEST_STEP][PASSED] - "--------------------": null

2019-10-31 15:42:48 - [TEST_STEP][PASSED] - "  Set  Name         |": null

2019-10-31 15:42:48 - [TEST_STEP][PASSED] - if (YD_Consumer_Customer == "Consumer"): Text 'Ron Smith' is set on object 'Object Repository/New Folder/Page_Checkatrade Give your feedback/input_Name_ctl00contenttbCustomerName'

2019-10-31 15:42:48 - [TEST_STEP][PASSED] - setText(findTestObject("Object Repository/New Folder/Page_Checkatrade Give your feedback/input_Name_ctl00contenttbCustomerName"), YD_Name): Text 'Ron Smith' is set on object 'Object Repository/New Folder/Page_Checkatrade Give your feedback/input_Name_ctl00contenttbCustomerName'

2019-10-31 15:42:48 - [MESSAGE][PASSED] - Text 'Ron Smith' is set on object 'Object Repository/New Folder/Page_Checkatrade Give your feedback/input_Name_ctl00contenttbCustomerName'

2019-10-31 15:42:48 - [TEST_STEP][PASSED] - "----------------------": null

2019-10-31 15:42:48 - [TEST_STEP][PASSED] - " Name of you company  |": null

2019-10-31 15:42:48 - [TEST_STEP][PASSED] - if (YD_Consumer_Customer == "Customer"): null

2019-10-31 15:42:48 - [TEST_STEP][PASSED] - "--------------------": null

2019-10-31 15:42:48 - [TEST_STEP][PASSED] - "  Set Postcode     |": null

2019-10-31 15:42:48 - [TEST_STEP][PASSED] - setText(findTestObject("Object Repository/New Folder/Page_Checkatrade Give your feedback/input_Your postcode_ctl00contentctlCustomerAddresstbPostcodeSearch"), YD_Postcode): Text 'PO12 2SD' is set on object 'Object Repository/New Folder/Page_Checkatrade Give your feedback/input_Your postcode_ctl00contentctlCustomerAddresstbPostcodeSearch'

2019-10-31 15:42:48 - [MESSAGE][PASSED] - Text 'PO12 2SD' is set on object 'Object Repository/New Folder/Page_Checkatrade Give your feedback/input_Your postcode_ctl00contentctlCustomerAddresstbPostcodeSearch'

2019-10-31 15:42:48 - [TEST_STEP][PASSED] - "-----------------------------": null

2019-10-31 15:42:48 - [TEST_STEP][PASSED] - "  Address Lookup Selection   |": null

2019-10-31 15:42:48 - [TEST_STEP][PASSED] - click(findTestObject("Object Repository/New Folder/Page_Checkatrade Give your feedback/input_Your postcode_ctl00contentctlCustomerAddressbtnPostcodeLookup")): Object: 'Object Repository/New Folder/Page_Checkatrade Give your feedback/input_Your postcode_ctl00contentctlCustomerAddressbtnPostcodeLookup' is clicked on

2019-10-31 15:42:48 - [MESSAGE][PASSED] - Object: 'Object Repository/New Folder/Page_Checkatrade Give your feedback/input_Your postcode_ctl00contentctlCustomerAddressbtnPostcodeLookup' is clicked on

2019-10-31 15:42:48 - [TEST_STEP][PASSED] - "-----------------------------": null

2019-10-31 15:42:48 - [TEST_STEP][PASSED] - "  Address Lookup Set         |": null

2019-10-31 15:42:48 - [TEST_STEP][PASSED] - selectOptionByLabel(findTestObject("Object Repository/New Folder/Page_Checkatrade Give your feedback/select_Please select your address"), YD_Verify_Address, true): All options with label '26 Broadsands Drive,Gosport,Hampshire,PO12 2SD' are selected in object 'Object Repository/New Folder/Page_Checkatrade Give your feedback/select_Please select your address'  using regular expression

2019-10-31 15:42:49 - [MESSAGE][PASSED] - All options with label '26 Broadsands Drive,Gosport,Hampshire,PO12 2SD' are selected in object 'Object Repository/New Folder/Page_Checkatrade Give your feedback/select_Please select your address'  using regular expression

2019-10-31 15:42:49 - [TEST_STEP][PASSED] - "-----------------------------": null

2019-10-31 15:42:49 - [TEST_STEP][PASSED] - "  Verify Returned Address    |": null

2019-10-31 15:42:49 - [TEST_STEP][PASSED] - verifyTextPresent(YD_Verify_Address, false): Text '26 Broadsands Drive,Gosport,Hampshire,PO12 2SD' is present on page 

2019-10-31 15:42:49 - [MESSAGE][PASSED] - Text '26 Broadsands Drive,Gosport,Hampshire,PO12 2SD' is present on page 

2019-10-31 15:42:49 - [MESSAGE][PASSED] - Call Test Case 'Test Cases/Reusable_Test_Sequences/Give_Feedback/Your_Details/Personal_Details_Formfill' successfully

2019-10-31 15:42:49 - [TEST_STEP][PASSED] - "-------------------------------------": null

2019-10-31 15:42:49 - [TEST_STEP][PASSED] - " Fil Contact Details                 |": null

2019-10-31 15:42:49 - [TEST_STEP][PASSED] - callTestCase(findTestCase("Reusable_Test_Sequences/Give_Feedback/Your_Details/Contact_Details_Formfill"), [:], CONTINUE_ON_FAILURE): Call Test Case 'Test Cases/Reusable_Test_Sequences/Give_Feedback/Your_Details/Contact_Details_Formfill' successfully

2019-10-31 15:42:49 - [TEST_CASE][PASSED] - Test Cases/Reusable_Test_Sequences/Give_Feedback/Your_Details/Contact_Details_Formfill: Test Cases/Reusable_Test_Sequences/Give_Feedback/Your_Details/Contact_Details_Formfill

2019-10-31 15:42:49 - [TEST_STEP][PASSED] - "--------------------------------": null

2019-10-31 15:42:49 - [TEST_STEP][PASSED] - "Read data from spreadsheet      |": null

2019-10-31 15:42:49 - [TEST_STEP][PASSED] - data = findTestData("Data Files/Give_Feedback (1)"): null

2019-10-31 15:42:50 - [TEST_STEP][PASSED] - YD_Home_Phone = data.getValue("YD_Home_Phone", row): null

2019-10-31 15:42:50 - [TEST_STEP][PASSED] - YD_Name = data.getValue("YD_Name", row): null

2019-10-31 15:42:50 - [TEST_STEP][PASSED] - YD_Best_Contact_Time = data.getValue("YD_Best_Contact_Time", row): null

2019-10-31 15:42:50 - [TEST_STEP][PASSED] - YD_Email = data.getValue("YD_Email", row): null

2019-10-31 15:42:50 - [TEST_STEP][PASSED] - YD_Mobile = data.getValue("YD_Mobile", row): null

2019-10-31 15:42:50 - [TEST_STEP][PASSED] - YD_Consumer_Customer = data.getValue("YD_Consumer_Customer", row): null

2019-10-31 15:42:50 - [TEST_STEP][PASSED] - out.println("Your Experience, Your details, Set the " + YD_Home_Phone + " Text Box "): null

2019-10-31 15:42:50 - [TEST_STEP][PASSED] - "------------------------------": null

2019-10-31 15:42:50 - [TEST_STEP][PASSED] - "  Set Home Telephone Number   |": null

2019-10-31 15:42:50 - [TEST_STEP][PASSED] - setText(findTestObject("Object Repository/New Folder/Page_Checkatrade Give your feedback/input_Home telephone_ctl00contenttbCustomerHomePhone"), YD_Home_Phone): Text '02392123456' is set on object 'Object Repository/New Folder/Page_Checkatrade Give your feedback/input_Home telephone_ctl00contenttbCustomerHomePhone'

2019-10-31 15:42:50 - [MESSAGE][PASSED] - Text '02392123456' is set on object 'Object Repository/New Folder/Page_Checkatrade Give your feedback/input_Home telephone_ctl00contenttbCustomerHomePhone'

2019-10-31 15:42:50 - [TEST_STEP][PASSED] - "------------------------------": null

2019-10-31 15:42:50 - [TEST_STEP][PASSED] - "  Set Best Time to Contact    |": null

2019-10-31 15:42:50 - [TEST_STEP][PASSED] - if (YD_Consumer_Customer == "Consumer"): Text 'After 6PM' is set on object 'Object Repository/New Folder/Page_Checkatrade Give your feedback/input_Best time to contact you_ctl00contenttbCustomerContactTime'

2019-10-31 15:42:50 - [TEST_STEP][PASSED] - setText(findTestObject("Object Repository/New Folder/Page_Checkatrade Give your feedback/input_Best time to contact you_ctl00contenttbCustomerContactTime"), YD_Best_Contact_Time): Text 'After 6PM' is set on object 'Object Repository/New Folder/Page_Checkatrade Give your feedback/input_Best time to contact you_ctl00contenttbCustomerContactTime'

2019-10-31 15:42:50 - [MESSAGE][PASSED] - Text 'After 6PM' is set on object 'Object Repository/New Folder/Page_Checkatrade Give your feedback/input_Best time to contact you_ctl00contenttbCustomerContactTime'

2019-10-31 15:42:50 - [TEST_STEP][PASSED] - "------------------------------": null

2019-10-31 15:42:50 - [TEST_STEP][PASSED] - "  Set Email Address           |": null

2019-10-31 15:42:50 - [TEST_STEP][PASSED] - setText(findTestObject("Object Repository/New Folder/Page_Checkatrade Give your feedback/input_Email_ctl00contenttbCustomerEmail"), YD_Email): Text 'Test_xxxxxx@xdxdxdxd.com' is set on object 'Object Repository/New Folder/Page_Checkatrade Give your feedback/input_Email_ctl00contenttbCustomerEmail'

2019-10-31 15:42:50 - [MESSAGE][PASSED] - Text 'Test_xxxxxx@xdxdxdxd.com' is set on object 'Object Repository/New Folder/Page_Checkatrade Give your feedback/input_Email_ctl00contenttbCustomerEmail'

2019-10-31 15:42:50 - [TEST_STEP][PASSED] - "------------------------------": null

2019-10-31 15:42:50 - [TEST_STEP][PASSED] - "  Set Mobile Telephone Number |": null

2019-10-31 15:42:50 - [TEST_STEP][PASSED] - setText(findTestObject("Object Repository/New Folder/Page_Checkatrade Give your feedback/input_Mobile_ctl00contenttbCustomerMobile"), YD_Mobile): Text '07788123456' is set on object 'Object Repository/New Folder/Page_Checkatrade Give your feedback/input_Mobile_ctl00contenttbCustomerMobile'

2019-10-31 15:42:50 - [MESSAGE][PASSED] - Text '07788123456' is set on object 'Object Repository/New Folder/Page_Checkatrade Give your feedback/input_Mobile_ctl00contenttbCustomerMobile'

2019-10-31 15:42:50 - [MESSAGE][PASSED] - Call Test Case 'Test Cases/Reusable_Test_Sequences/Give_Feedback/Your_Details/Contact_Details_Formfill' successfully

2019-10-31 15:42:50 - [TEST_STEP][PASSED] - "-------------------------------------": null

2019-10-31 15:42:50 - [TEST_STEP][PASSED] - " CHeckatrade Questions               |": null

2019-10-31 15:42:50 - [TEST_STEP][PASSED] - callTestCase(findTestCase("Reusable_Test_Sequences/Give_Feedback/Your_Details/Checkatrade_Questions"), [:], CONTINUE_ON_FAILURE): Call Test Case 'Test Cases/Reusable_Test_Sequences/Give_Feedback/Your_Details/Checkatrade_Questions' successfully

2019-10-31 15:42:50 - [TEST_CASE][PASSED] - Test Cases/Reusable_Test_Sequences/Give_Feedback/Your_Details/Checkatrade_Questions: Test Cases/Reusable_Test_Sequences/Give_Feedback/Your_Details/Checkatrade_Questions

2019-10-31 15:42:50 - [TEST_STEP][PASSED] - "--------------------------------": null

2019-10-31 15:42:50 - [TEST_STEP][PASSED] - "Read data from spreadsheet      |": null

2019-10-31 15:42:50 - [TEST_STEP][PASSED] - data = findTestData("Data Files/Give_Feedback (1)"): null

2019-10-31 15:42:50 - [TEST_STEP][PASSED] - YD_Feedback_Method = data.getValue("YD_Feedback_Method", row): null

2019-10-31 15:42:50 - [TEST_STEP][PASSED] - YD_How_Did_You_Hear = data.getValue("YD_How_Did_You_Hear", row): null

2019-10-31 15:42:50 - [TEST_STEP][PASSED] - YD_Other_Response = data.getValue("YD_Other_Response", row): null

2019-10-31 15:42:50 - [TEST_STEP][PASSED] - YD_Reason_For_Tradeperson_Selection = data.getValue("YD_Reason_For_Tradeperson_Selection", row): null

2019-10-31 15:42:50 - [TEST_STEP][PASSED] - YD_Receive_Chekatrade_Updates = data.getValue("YD_Receive_Chekatrade_Updates", row): null

2019-10-31 15:42:50 - [TEST_STEP][PASSED] - YD_Receive_Third_Party_Updates = data.getValue("YD_Receive_Third_Party_Updates", row): null

2019-10-31 15:42:50 - [TEST_STEP][PASSED] - out.println("Your Experience, Your details, Set the " + YD_Feedback_Method + " Text Box "): null

2019-10-31 15:42:50 - [TEST_STEP][PASSED] - "------------------------------------": null

2019-10-31 15:42:50 - [TEST_STEP][PASSED] - "  Set Verify Options - SMS OR Email |": null

2019-10-31 15:42:50 - [TEST_STEP][PASSED] - if (YD_Feedback_Method == "email"): Wait for page load successfully

2019-10-31 15:42:50 - [TEST_STEP][PASSED] - click(findTestObject("Object Repository/Page_Checkatrade Give your feedback/span_Verify by email")): Object: 'Object Repository/Page_Checkatrade Give your feedback/span_Verify by email' is clicked on

2019-10-31 15:42:51 - [MESSAGE][PASSED] - Object: 'Object Repository/Page_Checkatrade Give your feedback/span_Verify by email' is clicked on

2019-10-31 15:42:51 - [TEST_STEP][PASSED] - waitForPageLoad(2): Wait for page load successfully

2019-10-31 15:42:51 - [MESSAGE][PASSED] - Wait for page load successfully

2019-10-31 15:42:51 - [TEST_STEP][PASSED] - "--------------------------------------": null

2019-10-31 15:42:51 - [TEST_STEP][PASSED] - " Scroll to <Next> Button              |": null

2019-10-31 15:42:51 - [TEST_STEP][PASSED] - scrollToPosition(200, 0): Browser is scrolled to position x = 200, y = 0

2019-10-31 15:42:51 - [MESSAGE][PASSED] - Browser is scrolled to position x = 200, y = 0

2019-10-31 15:42:51 - [TEST_STEP][PASSED] - "--------------------------------------": null

2019-10-31 15:42:51 - [TEST_STEP][PASSED] - "  Set How You Heard About Checkatrade |": null

2019-10-31 15:42:51 - [TEST_STEP][PASSED] - waitForPageLoad(2): Wait for page load successfully

2019-10-31 15:42:51 - [MESSAGE][PASSED] - Wait for page load successfully

2019-10-31 15:42:51 - [TEST_STEP][PASSED] - selectOptionByLabel(findTestObject("Object Repository/Page_Checkatrade Give your feedback/select_Please selectTVRadioOnlineDirectoryWord"), YD_How_Did_You_Hear, true): All options with label 'Online' are selected in object 'Object Repository/Page_Checkatrade Give your feedback/select_Please selectTVRadioOnlineDirectoryWord'  using regular expression

2019-10-31 15:42:51 - [MESSAGE][PASSED] - All options with label 'Online' are selected in object 'Object Repository/Page_Checkatrade Give your feedback/select_Please selectTVRadioOnlineDirectoryWord'  using regular expression

2019-10-31 15:42:51 - [TEST_STEP][PASSED] - "--------------------------------------": null

2019-10-31 15:42:51 - [TEST_STEP][PASSED] - "  How did you hear about Textbox      |": null

2019-10-31 15:42:51 - [TEST_STEP][PASSED] - if (YD_How_Did_You_Hear == "Other"): null

2019-10-31 15:42:51 - [TEST_STEP][PASSED] - "--------------------------------------": null

2019-10-31 15:42:51 - [TEST_STEP][PASSED] - "  Why Use The Selected Tradesperson   |": null

2019-10-31 15:42:51 - [TEST_STEP][PASSED] - selectOptionByIndex(findTestObject("Object Repository/New Folder/Page_Checkatrade Give your feedback/select_Prefer not to sayFound the Tradesperson via CheckatradecomDirected to Checkatradecom by the Tradesperson"), 2): All options with index in [2] are selected on object 'Object Repository/New Folder/Page_Checkatrade Give your feedback/select_Prefer not to sayFound the Tradesperson via CheckatradecomDirected to Checkatradecom by the Tradesperson'

2019-10-31 15:42:52 - [MESSAGE][PASSED] - All options with index in [2] are selected on object 'Object Repository/New Folder/Page_Checkatrade Give your feedback/select_Prefer not to sayFound the Tradesperson via CheckatradecomDirected to Checkatradecom by the Tradesperson'

2019-10-31 15:42:52 - [TEST_STEP][PASSED] - "----------------------------------------------------": null

2019-10-31 15:42:52 - [TEST_STEP][PASSED] - " Select - I am happy to receive Updates - Checkatra |": null

2019-10-31 15:42:52 - [TEST_STEP][PASSED] - if (YD_Receive_Chekatrade_Updates == "Yes"): Wait for page load successfully

2019-10-31 15:42:52 - [TEST_STEP][PASSED] - click(findTestObject("Object Repository/New Folder/Page_Checkatrade Give your feedback/input_I am happy to receive updates from Checkatrade_ctl00contentchkEmailUpdates")): Object: 'Object Repository/New Folder/Page_Checkatrade Give your feedback/input_I am happy to receive updates from Checkatrade_ctl00contentchkEmailUpdates' is clicked on

2019-10-31 15:42:52 - [MESSAGE][PASSED] - Object: 'Object Repository/New Folder/Page_Checkatrade Give your feedback/input_I am happy to receive updates from Checkatrade_ctl00contentchkEmailUpdates' is clicked on

2019-10-31 15:42:52 - [TEST_STEP][PASSED] - waitForPageLoad(2): Wait for page load successfully

2019-10-31 15:42:52 - [MESSAGE][PASSED] - Wait for page load successfully

2019-10-31 15:42:52 - [TEST_STEP][PASSED] - "----------------------------------------------------": null

2019-10-31 15:42:52 - [TEST_STEP][PASSED] - " Select - I am happy to receive Updates - 3rd party |": null

2019-10-31 15:42:52 - [TEST_STEP][PASSED] - if (YD_Receive_Third_Party_Updates == "Yes"): Wait for page load successfully

2019-10-31 15:42:52 - [TEST_STEP][PASSED] - click(findTestObject("Object Repository/New Folder/Page_Checkatrade Give your feedback/label_I am happy to receive updates from selected third parties")): Object: 'Object Repository/New Folder/Page_Checkatrade Give your feedback/label_I am happy to receive updates from selected third parties' is clicked on

2019-10-31 15:42:53 - [MESSAGE][PASSED] - Object: 'Object Repository/New Folder/Page_Checkatrade Give your feedback/label_I am happy to receive updates from selected third parties' is clicked on

2019-10-31 15:42:53 - [TEST_STEP][PASSED] - waitForPageLoad(2): Wait for page load successfully

2019-10-31 15:42:53 - [MESSAGE][PASSED] - Wait for page load successfully

2019-10-31 15:42:53 - [TEST_STEP][PASSED] - "--------------------------------------": null

2019-10-31 15:42:53 - [TEST_STEP][PASSED] - "   SUBMIT Page                        |": null

2019-10-31 15:42:53 - [TEST_STEP][PASSED] - click(findTestObject("Object Repository/New Folder/Page_Checkatrade Give your feedback/input_here_ctl00contentButtonSubmit")): Object: 'Object Repository/New Folder/Page_Checkatrade Give your feedback/input_here_ctl00contentButtonSubmit' is clicked on

2019-10-31 15:42:53 - [MESSAGE][PASSED] - Object: 'Object Repository/New Folder/Page_Checkatrade Give your feedback/input_here_ctl00contentButtonSubmit' is clicked on

2019-10-31 15:42:53 - [TEST_STEP][PASSED] - waitForPageLoad(2): Wait for page load successfully

2019-10-31 15:42:53 - [MESSAGE][PASSED] - Wait for page load successfully

2019-10-31 15:42:53 - [MESSAGE][PASSED] - Call Test Case 'Test Cases/Reusable_Test_Sequences/Give_Feedback/Your_Details/Checkatrade_Questions' successfully

2019-10-31 15:42:53 - [TEST_STEP][PASSED] - "-------------------------------------": null

2019-10-31 15:42:53 - [TEST_STEP][PASSED] - " Commit form                         |": null

2019-10-31 15:42:53 - [TEST_STEP][PASSED] - waitForPageLoad(60): Wait for page load successfully

2019-10-31 15:42:53 - [MESSAGE][PASSED] - Wait for page load successfully

2019-10-31 15:42:53 - [MESSAGE][PASSED] - Call Test Case 'Test Cases/Reusable_Test_Sequences/Give_Feedback/Your_Details/Your_Details' successfully

2019-10-31 15:42:53 - [TEST_STEP][PASSED] - "--------------------------------------": null

2019-10-31 15:42:53 - [TEST_STEP][PASSED] - " Further Info (page 4) Processing     |": null

2019-10-31 15:42:53 - [TEST_STEP][PASSED] - callTestCase(findTestCase("Reusable_Test_Sequences/Give_Feedback/Further_Infomation/Further_Information"), [:], CONTINUE_ON_FAILURE): Call Test Case 'Test Cases/Reusable_Test_Sequences/Give_Feedback/Further_Infomation/Further_Information' successfully

2019-10-31 15:42:53 - [TEST_CASE][PASSED] - Test Cases/Reusable_Test_Sequences/Give_Feedback/Further_Infomation/Further_Information: Test Cases/Reusable_Test_Sequences/Give_Feedback/Further_Infomation/Further_Information

2019-10-31 15:42:53 - [TEST_STEP][PASSED] - "--------------------------------": null

2019-10-31 15:42:53 - [TEST_STEP][PASSED] - "  Read data from spreadsheet    |": null

2019-10-31 15:42:53 - [TEST_STEP][PASSED] - data = findTestData("Data Files/Give_Feedback (1)"): null

2019-10-31 15:42:53 - [TEST_STEP][PASSED] - FD_Value_of_Work = data.getValue("FD_Value_of_Work", row): null

2019-10-31 15:42:53 - [TEST_STEP][PASSED] - "-----------": null

2019-10-31 15:42:53 - [TEST_STEP][PASSED] - "  Synch    |": null

2019-10-31 15:42:53 - [TEST_STEP][PASSED] - waitForElementPresent(findTestObject("Object Repository/New Folder1/Page_Checkatrade Give your feedback/input_Value Of Work_ctl00contenttbValueOfWork"), 25): Object 'Object Repository/New Folder1/Page_Checkatrade Give your feedback/input_Value Of Work_ctl00contenttbValueOfWork' is present

2019-10-31 15:42:54 - [MESSAGE][PASSED] - Object 'Object Repository/New Folder1/Page_Checkatrade Give your feedback/input_Value Of Work_ctl00contenttbValueOfWork' is present

2019-10-31 15:42:54 - [TEST_STEP][PASSED] - "--------------------------------": null

2019-10-31 15:42:54 - [TEST_STEP][PASSED] - "  Set the Value of Work Textbox |": null

2019-10-31 15:42:54 - [TEST_STEP][PASSED] - setText(findTestObject("Object Repository/New Folder1/Page_Checkatrade Give your feedback/input_Value Of Work_ctl00contenttbValueOfWork"), FD_Value_of_Work): Text '10' is set on object 'Object Repository/New Folder1/Page_Checkatrade Give your feedback/input_Value Of Work_ctl00contenttbValueOfWork'

2019-10-31 15:42:54 - [MESSAGE][PASSED] - Text '10' is set on object 'Object Repository/New Folder1/Page_Checkatrade Give your feedback/input_Value Of Work_ctl00contenttbValueOfWork'

2019-10-31 15:42:54 - [TEST_STEP][PASSED] - "--------------------------------": null

2019-10-31 15:42:54 - [TEST_STEP][PASSED] - "  Hit <Submit> button to Commit |": null

2019-10-31 15:42:54 - [TEST_STEP][PASSED] - click(findTestObject("Object Repository/New Folder/Page_Checkatrade Give your feedback/input_Value Of Work_ctl00contentButton1")): Object: 'Object Repository/New Folder/Page_Checkatrade Give your feedback/input_Value Of Work_ctl00contentButton1' is clicked on

2019-10-31 15:42:55 - [MESSAGE][PASSED] - Object: 'Object Repository/New Folder/Page_Checkatrade Give your feedback/input_Value Of Work_ctl00contentButton1' is clicked on

2019-10-31 15:42:55 - [TEST_STEP][PASSED] - "--------------------------------": null

2019-10-31 15:42:55 - [TEST_STEP][PASSED] - "  Wait for FInal Page Load      |": null

2019-10-31 15:42:55 - [TEST_STEP][PASSED] - waitForPageLoad(60): Wait for page load successfully

2019-10-31 15:42:55 - [MESSAGE][PASSED] - Wait for page load successfully

2019-10-31 15:42:55 - [MESSAGE][PASSED] - Call Test Case 'Test Cases/Reusable_Test_Sequences/Give_Feedback/Further_Infomation/Further_Information' successfully

2019-10-31 15:42:55 - [TEST_STEP][PASSED] - "--------------------------------------": null

2019-10-31 15:42:55 - [TEST_STEP][PASSED] - " Thank You! (page 5) Processing       |": null

2019-10-31 15:42:55 - [TEST_STEP][PASSED] - callTestCase(findTestCase("Reusable_Test_Sequences/Give_Feedback/Final_Page"), [:], CONTINUE_ON_FAILURE): Call Test Case 'Test Cases/Reusable_Test_Sequences/Give_Feedback/Final_Page' successfully

2019-10-31 15:42:55 - [TEST_CASE][PASSED] - Test Cases/Reusable_Test_Sequences/Give_Feedback/Final_Page: Test Cases/Reusable_Test_Sequences/Give_Feedback/Final_Page

2019-10-31 15:42:55 - [TEST_STEP][PASSED] - waitForPageLoad(2): Wait for page load successfully

2019-10-31 15:42:55 - [MESSAGE][PASSED] - Wait for page load successfully

2019-10-31 15:42:55 - [TEST_STEP][PASSED] - "--------------------------------": null

2019-10-31 15:42:55 - [TEST_STEP][PASSED] - "Read data from spreadsheet      |": null

2019-10-31 15:42:55 - [TEST_STEP][PASSED] - data = findTestData("Data Files/Give_Feedback (1)"): null

2019-10-31 15:42:55 - [TEST_STEP][PASSED] - Account_Verification_Name = data.getValue("Account_Verification_Name", row): null

2019-10-31 15:42:55 - [TEST_STEP][PASSED] - YE_Recommend = data.getValue("YE_Recommendations", row): null

2019-10-31 15:42:55 - [TEST_STEP][PASSED] - YE_Work_Carried_Out = data.getValue("YE_Work_Carried_Out", row): null

2019-10-31 15:42:55 - [TEST_STEP][PASSED] - waitForElementVisible(findTestObject("Object Repository/New Folder/Page_Checkatrade Give your feedback/a_Finish"), 25): Object 'Object Repository/New Folder/Page_Checkatrade Give your feedback/a_Finish' is visible

2019-10-31 15:42:55 - [MESSAGE][PASSED] - Object 'Object Repository/New Folder/Page_Checkatrade Give your feedback/a_Finish' is visible

2019-10-31 15:42:55 - [TEST_STEP][PASSED] - "------------------------------------": null

2019-10-31 15:42:55 - [TEST_STEP][PASSED] - "  Verify Page Detail                |": null

2019-10-31 15:42:55 - [TEST_STEP][PASSED] - if (YE_Recommend == "Yes"): null

2019-10-31 15:42:55 - [TEST_STEP][PASSED] - else if (YE_Recommend == "No" && YE_Work_Carried_Out == "No"): Text 'We are very sorry that you have had a bad experience' is present on page 

2019-10-31 15:42:55 - [TEST_STEP][PASSED] - verifyTextPresent("We are very sorry that you have had a bad experience", false): Text 'We are very sorry that you have had a bad experience' is present on page 

2019-10-31 15:42:55 - [MESSAGE][PASSED] - Text 'We are very sorry that you have had a bad experience' is present on page 

2019-10-31 15:42:55 - [TEST_STEP][PASSED] - verifyTextPresent("Thank you", true): Text 'Thank you' is present on page  using regular expression

2019-10-31 15:42:55 - [MESSAGE][PASSED] - Text 'Thank you' is present on page  using regular expression

2019-10-31 15:42:55 - [TEST_STEP][PASSED] - "------------------------------------": null

2019-10-31 15:42:55 - [TEST_STEP][PASSED] - "  Hit Finish                        |": null

2019-10-31 15:42:55 - [TEST_STEP][PASSED] - click(findTestObject("Object Repository/New Folder/Page_Checkatrade Give your feedback/a_Finish")): Object: 'Object Repository/New Folder/Page_Checkatrade Give your feedback/a_Finish' is clicked on

2019-10-31 15:42:56 - [MESSAGE][PASSED] - Object: 'Object Repository/New Folder/Page_Checkatrade Give your feedback/a_Finish' is clicked on

2019-10-31 15:42:56 - [MESSAGE][PASSED] - Call Test Case 'Test Cases/Reusable_Test_Sequences/Give_Feedback/Final_Page' successfully

2019-10-31 15:42:56 - [TEST_STEP][PASSED] - "--------------------------------------": null

2019-10-31 15:42:56 - [TEST_STEP][PASSED] - "  Verify Return to Home Page          |": null

2019-10-31 15:42:56 - [TEST_STEP][PASSED] - callTestCase(findTestCase("Reusable_Test_Sequences/CAT_Home"), [:], CONTINUE_ON_FAILURE): Call Test Case 'Test Cases/Reusable_Test_Sequences/CAT_Home' successfully

2019-10-31 15:42:56 - [TEST_CASE][PASSED] - Test Cases/Reusable_Test_Sequences/CAT_Home: Test Cases/Reusable_Test_Sequences/CAT_Home

2019-10-31 15:42:56 - [TEST_STEP][PASSED] - waitForPageLoad(2): Wait for page load successfully

2019-10-31 15:42:56 - [MESSAGE][PASSED] - Wait for page load successfully

2019-10-31 15:42:56 - [TEST_STEP][PASSED] - waitForElementVisible(findTestObject("Object Repository/Checkatrade_Trade_Search_Page/Page_Checkatrade Find a tradesperson you can trust/a_Search"), 10): Object 'Object Repository/Checkatrade_Trade_Search_Page/Page_Checkatrade Find a tradesperson you can trust/a_Search' is visible

2019-10-31 15:42:57 - [MESSAGE][PASSED] - Object 'Object Repository/Checkatrade_Trade_Search_Page/Page_Checkatrade Find a tradesperson you can trust/a_Search' is visible

2019-10-31 15:42:57 - [TEST_STEP][PASSED] - "------------------------------------": null

2019-10-31 15:42:57 - [TEST_STEP][PASSED] - verifyTextPresent("Helping you find the right trade or service", false): Text 'Helping you find the right trade or service' is present on page 

2019-10-31 15:42:57 - [MESSAGE][PASSED] - Text 'Helping you find the right trade or service' is present on page 

2019-10-31 15:42:57 - [TEST_STEP][PASSED] - verifyTextPresent("Search through over", false): Text 'Search through over' is present on page 

2019-10-31 15:42:57 - [MESSAGE][PASSED] - Text 'Search through over' is present on page 

2019-10-31 15:42:57 - [TEST_STEP][PASSED] - verifyTextPresent("recommended, vetted and monitored trades and service providers for free.", false): Text 'recommended, vetted and monitored trades and service providers for free.' is present on page 

2019-10-31 15:42:58 - [MESSAGE][PASSED] - Text 'recommended, vetted and monitored trades and service providers for free.' is present on page 

2019-10-31 15:42:58 - [TEST_STEP][PASSED] - verifyTextPresent("or look up a member by name", false): Text 'or look up a member by name' is present on page 

2019-10-31 15:42:58 - [MESSAGE][PASSED] - Text 'or look up a member by name' is present on page 

2019-10-31 15:42:58 - [TEST_STEP][PASSED] - verifyTextPresent("reviews published so far – thank you!", false): Text 'reviews published so far – thank you!' is present on page 

2019-10-31 15:42:58 - [MESSAGE][PASSED] - Text 'reviews published so far – thank you!' is present on page 

2019-10-31 15:42:58 - [TEST_STEP][PASSED] - CurrentUrl = getUrl(): Current window's url is: 'https://www.preview.checkatrade.com/'

2019-10-31 15:42:58 - [MESSAGE][PASSED] - Current window's url is: 'https://www.preview.checkatrade.com/'

2019-10-31 15:42:58 - [TEST_STEP][PASSED] - if (CurrentUrl == URL): null

2019-10-31 15:42:58 - [TEST_STEP][PASSED] - out.println("We have been redirected, correctly back to home URL" + URL): null

2019-10-31 15:42:58 - [MESSAGE][PASSED] - Call Test Case 'Test Cases/Reusable_Test_Sequences/CAT_Home' successfully

2019-10-31 15:42:58 - [TEST_STEP][PASSED] - "--------------------------------------": null

2019-10-31 15:42:58 - [TEST_STEP][PASSED] - " Processing Completion                |": null

2019-10-31 15:42:58 - [TEST_STEP][PASSED] - "--------------------------------------": null

2019-10-31 15:42:58 - [TEST_STEP][PASSED] - "--------------------------": null

2019-10-31 15:42:58 - [TEST_STEP][PASSED] - " Teardown - CLose Browser |": null

2019-10-31 15:42:58 - [TEST_STEP][PASSED] - callTestCase(findTestCase("Reusable_Test_Sequences/CAT_Teardown"), [:], STOP_ON_FAILURE): Call Test Case 'Test Cases/Reusable_Test_Sequences/CAT_Teardown' successfully

2019-10-31 15:42:58 - [TEST_CASE][PASSED] - Test Cases/Reusable_Test_Sequences/CAT_Teardown: Test Cases/Reusable_Test_Sequences/CAT_Teardown

2019-10-31 15:42:58 - [TEST_STEP][PASSED] - closeBrowser(): Browser is closed

2019-10-31 15:43:00 - [MESSAGE][PASSED] - Browser is closed

2019-10-31 15:43:00 - [MESSAGE][PASSED] - Call Test Case 'Test Cases/Reusable_Test_Sequences/CAT_Teardown' successfully]]></system-out>
         <system-err><![CDATA[]]></system-err>
      </testcase>
      <testcase name="Test Cases/Give_Feedback/Give_Feedback_Validation" time="57.101" classname="Test Cases/Give_Feedback/Give_Feedback_Validation" status="PASSED">
         <system-out><![CDATA[2019-10-31 15:43:00 - [TEST_CASE][PASSED] - Test Cases/Give_Feedback/Give_Feedback_Validation: Test Cases/Give_Feedback/Give_Feedback_Validation

2019-10-31 15:43:01 - [TEST_STEP][PASSED] - for ([row = 1, row <= findTestData("Give_Feedback (1)").getRowNumbers(), (internal.GlobalVariable.row++)]): null

2019-10-31 15:43:01 - [TEST_STEP][PASSED] - "--------------------------": null

2019-10-31 15:43:01 - [TEST_STEP][PASSED] - " Break Out of FOR Loop    |": null

2019-10-31 15:43:01 - [TEST_STEP][PASSED] - if (row > 1): null

2019-10-31 15:43:01 - [TEST_STEP][PASSED] - callTestCase(findTestCase("Reusable_Test_Sequences/CAT_Setup"), [:], STOP_ON_FAILURE): Call Test Case 'Test Cases/Reusable_Test_Sequences/CAT_Setup' successfully

2019-10-31 15:43:01 - [TEST_CASE][PASSED] - Test Cases/Reusable_Test_Sequences/CAT_Setup: Test Cases/Reusable_Test_Sequences/CAT_Setup

2019-10-31 15:43:01 - [TEST_STEP][PASSED] - "URL - Set from the ENVIRONMENT PROFILE ": null

2019-10-31 15:43:01 - [TEST_STEP][PASSED] - openBrowser(URL): Browser is opened with url: 'https://www.preview.checkatrade.com/'

2019-10-31 15:43:01 - [MESSAGE][INFO] - Starting 'Firefox' driver

2019-10-31 15:43:06 - [MESSAGE][PASSED] - Browser is opened with url: 'https://www.preview.checkatrade.com/'

2019-10-31 15:43:06 - [TEST_STEP][PASSED] - maximizeWindow(): Current window maximized

2019-10-31 15:43:07 - [MESSAGE][PASSED] - Current window maximized

2019-10-31 15:43:07 - [TEST_STEP][PASSED] - waitForPageLoad(60): Wait for page load successfully

2019-10-31 15:43:07 - [MESSAGE][PASSED] - Wait for page load successfully

2019-10-31 15:43:07 - [TEST_STEP][PASSED] - waitForElementVisible(findTestObject("Page_Checkatrade Find a tradesperson you can trust/a_Search"), 25): Object 'Object Repository/Page_Checkatrade Find a tradesperson you can trust/a_Search' is visible

2019-10-31 15:43:07 - [MESSAGE][PASSED] - Object 'Object Repository/Page_Checkatrade Find a tradesperson you can trust/a_Search' is visible

2019-10-31 15:43:07 - [TEST_STEP][PASSED] - try: Text 'Checkatrade.com uses cookies to make sure you get the best browsing experience' is not present on page

2019-10-31 15:43:07 - [TEST_STEP][PASSED] - if (verifyElementPresent(findTestObject("Page_Checkatrade Find a tradesperson you can trust/div_close"), 1, OPTIONAL)): Text 'Checkatrade.com uses cookies to make sure you get the best browsing experience' is not present on page

2019-10-31 15:43:07 - [MESSAGE][PASSED] - Object 'Object Repository/Page_Checkatrade Find a tradesperson you can trust/div_close' is present

2019-10-31 15:43:07 - [TEST_STEP][PASSED] - click(findTestObject("Page_Checkatrade Find a tradesperson you can trust/div_close")): Object: 'Object Repository/Page_Checkatrade Find a tradesperson you can trust/div_close' is clicked on

2019-10-31 15:43:07 - [MESSAGE][PASSED] - Object: 'Object Repository/Page_Checkatrade Find a tradesperson you can trust/div_close' is clicked on

2019-10-31 15:43:07 - [TEST_STEP][PASSED] - "---------------------------------": null

2019-10-31 15:43:07 - [TEST_STEP][PASSED] - "COOKIE POPOUT REMOVED - Confirmed": null

2019-10-31 15:43:07 - [TEST_STEP][PASSED] - delay(1): Delayed 1 second(s)

2019-10-31 15:43:08 - [MESSAGE][PASSED] - Delayed 1 second(s)

2019-10-31 15:43:08 - [TEST_STEP][PASSED] - verifyTextNotPresent("Checkatrade.com uses cookies to make sure you get the best browsing experience", false): Text 'Checkatrade.com uses cookies to make sure you get the best browsing experience' is not present on page

2019-10-31 15:43:09 - [MESSAGE][PASSED] - Text 'Checkatrade.com uses cookies to make sure you get the best browsing experience' is not present on page

2019-10-31 15:43:09 - [TEST_STEP][PASSED] - try: Text 'We have updated our Privacy Policy, please review this' is not present on page

2019-10-31 15:43:09 - [TEST_STEP][PASSED] - if (verifyElementPresent(findTestObject("Page_Checkatrade Find a tradesperson you can trust/div_close_1"), 1, OPTIONAL)): Text 'We have updated our Privacy Policy, please review this' is not present on page

2019-10-31 15:43:09 - [MESSAGE][PASSED] - Object 'Object Repository/Page_Checkatrade Find a tradesperson you can trust/div_close_1' is present

2019-10-31 15:43:09 - [TEST_STEP][PASSED] - click(findTestObject("Page_Checkatrade Find a tradesperson you can trust/div_close_1")): Object: 'Object Repository/Page_Checkatrade Find a tradesperson you can trust/div_close_1' is clicked on

2019-10-31 15:43:09 - [MESSAGE][PASSED] - Object: 'Object Repository/Page_Checkatrade Find a tradesperson you can trust/div_close_1' is clicked on

2019-10-31 15:43:09 - [TEST_STEP][PASSED] - "---------------------------------": null

2019-10-31 15:43:09 - [TEST_STEP][PASSED] - "PRIVACY POPOUT REMOVED - Confirmed": null

2019-10-31 15:43:09 - [TEST_STEP][PASSED] - delay(1): Delayed 1 second(s)

2019-10-31 15:43:10 - [MESSAGE][PASSED] - Delayed 1 second(s)

2019-10-31 15:43:10 - [TEST_STEP][PASSED] - verifyTextNotPresent("We have updated our Privacy Policy, please review this", false): Text 'We have updated our Privacy Policy, please review this' is not present on page

2019-10-31 15:43:10 - [MESSAGE][PASSED] - Text 'We have updated our Privacy Policy, please review this' is not present on page

2019-10-31 15:43:10 - [MESSAGE][PASSED] - Call Test Case 'Test Cases/Reusable_Test_Sequences/CAT_Setup' successfully

2019-10-31 15:43:10 - [TEST_STEP][PASSED] - "-----------------------------------------------------": null

2019-10-31 15:43:10 - [TEST_STEP][PASSED] - " Hit the <Give Feedback> link in the header banner   |": null

2019-10-31 15:43:10 - [TEST_STEP][PASSED] - callTestCase(findTestCase("Reusable_Test_Sequences/Banner_Menu/Give_Feedback"), [:], CONTINUE_ON_FAILURE): Call Test Case 'Test Cases/Reusable_Test_Sequences/Banner_Menu/Give_Feedback' successfully

2019-10-31 15:43:10 - [TEST_CASE][PASSED] - Test Cases/Reusable_Test_Sequences/Banner_Menu/Give_Feedback: Test Cases/Reusable_Test_Sequences/Banner_Menu/Give_Feedback

2019-10-31 15:43:10 - [TEST_STEP][PASSED] - click(findTestObject("Object Repository/Page_Checkatrade Find a tradesperson you can trust/a_Give feedback")): Object: 'Object Repository/Page_Checkatrade Find a tradesperson you can trust/a_Give feedback' is clicked on

2019-10-31 15:43:11 - [MESSAGE][PASSED] - Object: 'Object Repository/Page_Checkatrade Find a tradesperson you can trust/a_Give feedback' is clicked on

2019-10-31 15:43:11 - [TEST_STEP][PASSED] - waitForElementVisible(findTestObject("Page_Give_Feedback_Enhanced_OBJ_Repo/Page_Checkatrade Give your feedback/input_Which member do you want to review_feedback-form__company_autocomplete_input"), 25): Object 'Object Repository/Page_Give_Feedback_Enhanced_OBJ_Repo/Page_Checkatrade Give your feedback/input_Which member do you want to review_feedback-form__company_autocomplete_input' is visible

2019-10-31 15:43:12 - [MESSAGE][PASSED] - Object 'Object Repository/Page_Give_Feedback_Enhanced_OBJ_Repo/Page_Checkatrade Give your feedback/input_Which member do you want to review_feedback-form__company_autocomplete_input' is visible

2019-10-31 15:43:12 - [TEST_STEP][PASSED] - verifyTextPresent("Give your feedback", false): Text 'Give your feedback' is present on page 

2019-10-31 15:43:12 - [MESSAGE][PASSED] - Text 'Give your feedback' is present on page 

2019-10-31 15:43:12 - [TEST_STEP][PASSED] - verifyTextPresent("Which member do you want to review?", false): Text 'Which member do you want to review?' is present on page 

2019-10-31 15:43:12 - [MESSAGE][PASSED] - Text 'Which member do you want to review?' is present on page 

2019-10-31 15:43:12 - [MESSAGE][PASSED] - Call Test Case 'Test Cases/Reusable_Test_Sequences/Banner_Menu/Give_Feedback' successfully

2019-10-31 15:43:12 - [TEST_STEP][PASSED] - "-----------------------------------------------------": null

2019-10-31 15:43:12 - [TEST_STEP][PASSED] - " Enter Member Trade Name OR Checkatrade ID To Review |": null

2019-10-31 15:43:12 - [TEST_STEP][PASSED] - callTestCase(findTestCase("Reusable_Test_Sequences/Give_Feedback/Which_Member_to_Review"), [:], STOP_ON_FAILURE): Call Test Case 'Test Cases/Reusable_Test_Sequences/Give_Feedback/Which_Member_to_Review' successfully

2019-10-31 15:43:12 - [TEST_CASE][PASSED] - Test Cases/Reusable_Test_Sequences/Give_Feedback/Which_Member_to_Review: Test Cases/Reusable_Test_Sequences/Give_Feedback/Which_Member_to_Review

2019-10-31 15:43:12 - [TEST_STEP][PASSED] - waitForPageLoad(60): Wait for page load successfully

2019-10-31 15:43:12 - [MESSAGE][PASSED] - Wait for page load successfully

2019-10-31 15:43:12 - [TEST_STEP][PASSED] - waitForElementPresent(findTestObject("Object Repository/Page_Checkatrade Give your feedback/input_Which member do you want to review"), 25): Object 'Object Repository/Page_Checkatrade Give your feedback/input_Which member do you want to review' is present

2019-10-31 15:43:12 - [MESSAGE][PASSED] - Object 'Object Repository/Page_Checkatrade Give your feedback/input_Which member do you want to review' is present

2019-10-31 15:43:12 - [TEST_STEP][PASSED] - setText(findTestObject("Object Repository/Page_Checkatrade Give your feedback/input_Which member do you want to review"), findTestData("Give_Feedback (1)").getValue("Account_Verification_Name", row)): Text 'Test Account' is set on object 'Object Repository/Page_Checkatrade Give your feedback/input_Which member do you want to review'

2019-10-31 15:43:12 - [MESSAGE][PASSED] - Text 'Test Account' is set on object 'Object Repository/Page_Checkatrade Give your feedback/input_Which member do you want to review'

2019-10-31 15:43:12 - [TEST_STEP][PASSED] - delay(1): Delayed 1 second(s)

2019-10-31 15:43:13 - [MESSAGE][PASSED] - Delayed 1 second(s)

2019-10-31 15:43:13 - [TEST_STEP][PASSED] - "Submit the search criteria using click     |": null

2019-10-31 15:43:13 - [TEST_STEP][PASSED] - waitForElementPresent(findTestObject("Object Repository/Page_Checkatrade Give your feedback/div_Which member do you want to review"), 25): Object 'Object Repository/Page_Checkatrade Give your feedback/div_Which member do you want to review' is present

2019-10-31 15:43:13 - [MESSAGE][PASSED] - Object 'Object Repository/Page_Checkatrade Give your feedback/div_Which member do you want to review' is present

2019-10-31 15:43:13 - [TEST_STEP][PASSED] - try: Object: 'Object Repository/Page_Checkatrade Give your feedback/div_Which member do you want to review' is clicked on

2019-10-31 15:43:13 - [TEST_STEP][PASSED] - "Try Catch Included 14/08/2019 - Sometimes the Trader isnt returned?   |": null

2019-10-31 15:43:13 - [TEST_STEP][PASSED] - click(findTestObject("Page_Checkatrade Give your feedback/div_Which member do you want to review")): Object: 'Object Repository/Page_Checkatrade Give your feedback/div_Which member do you want to review' is clicked on

2019-10-31 15:43:14 - [MESSAGE][PASSED] - Object: 'Object Repository/Page_Checkatrade Give your feedback/div_Which member do you want to review' is clicked on

2019-10-31 15:43:14 - [MESSAGE][PASSED] - Call Test Case 'Test Cases/Reusable_Test_Sequences/Give_Feedback/Which_Member_to_Review' successfully

2019-10-31 15:43:14 - [TEST_STEP][PASSED] - "--------------------------------------": null

2019-10-31 15:43:14 - [TEST_STEP][PASSED] - " Your Experience (page 1) Validation  |": null

2019-10-31 15:43:14 - [TEST_STEP][PASSED] - "--------------------------------------": null

2019-10-31 15:43:14 - [TEST_STEP][PASSED] - "--------------------------------------": null

2019-10-31 15:43:14 - [TEST_STEP][PASSED] - " Your Experience (page 1) Processing  |": null

2019-10-31 15:43:14 - [TEST_STEP][PASSED] - callTestCase(findTestCase("Reusable_Test_Sequences/Give_Feedback/Your_Experience/Your_Experience_Validation"), [:], CONTINUE_ON_FAILURE): Call Test Case 'Test Cases/Reusable_Test_Sequences/Give_Feedback/Your_Experience/Your_Experience_Validation' successfully

2019-10-31 15:43:14 - [TEST_CASE][PASSED] - Test Cases/Reusable_Test_Sequences/Give_Feedback/Your_Experience/Your_Experience_Validation: Test Cases/Reusable_Test_Sequences/Give_Feedback/Your_Experience/Your_Experience_Validation

2019-10-31 15:43:14 - [TEST_STEP][PASSED] - "---------------------------------------------------------------------------------------": null

2019-10-31 15:43:14 - [TEST_STEP][PASSED] - " Your Experience (page 1) Returned with Recommendation Selection Set to Yes (Default)  |": null

2019-10-31 15:43:14 - [TEST_STEP][PASSED] - "---------------------------------------------------------------------------------------": null

2019-10-31 15:43:14 - [TEST_STEP][PASSED] - "---------------------------------------------------------------------------------------": null

2019-10-31 15:43:14 - [TEST_STEP][PASSED] - " Your Experience (page 1) Hit <Next> Button to Trigger Validation> Messages            |": null

2019-10-31 15:43:14 - [TEST_STEP][PASSED] - callTestCase(findTestCase("Reusable_Test_Sequences/Give_Feedback/Hit_Next"), [:], CONTINUE_ON_FAILURE): Call Test Case 'Test Cases/Reusable_Test_Sequences/Give_Feedback/Hit_Next' successfully

2019-10-31 15:43:14 - [TEST_CASE][PASSED] - Test Cases/Reusable_Test_Sequences/Give_Feedback/Hit_Next: Test Cases/Reusable_Test_Sequences/Give_Feedback/Hit_Next

2019-10-31 15:43:14 - [TEST_STEP][PASSED] - click(findTestObject("Object Repository/Page_Checkatrade Give your feedback/input_No_ctl00contentButton4")): Object: 'Object Repository/Page_Checkatrade Give your feedback/input_No_ctl00contentButton4' is clicked on

2019-10-31 15:43:15 - [MESSAGE][PASSED] - Object: 'Object Repository/Page_Checkatrade Give your feedback/input_No_ctl00contentButton4' is clicked on

2019-10-31 15:43:15 - [TEST_STEP][PASSED] - waitForPageLoad(2): Wait for page load successfully

2019-10-31 15:43:15 - [MESSAGE][PASSED] - Wait for page load successfully

2019-10-31 15:43:15 - [MESSAGE][PASSED] - Call Test Case 'Test Cases/Reusable_Test_Sequences/Give_Feedback/Hit_Next' successfully

2019-10-31 15:43:15 - [TEST_STEP][PASSED] - "---------------------------------------------------------------------------------------": null

2019-10-31 15:43:15 - [TEST_STEP][PASSED] - " Your Experience (page 1) Verify Validation> Messages                                  |": null

2019-10-31 15:43:15 - [TEST_STEP][PASSED] - callTestCase(findTestCase("Reusable_Test_Sequences/Give_Feedback/Validation/Please_Select_An_Answer"), [:], CONTINUE_ON_FAILURE): Call Test Case 'Test Cases/Reusable_Test_Sequences/Give_Feedback/Validation/Please_Select_An_Answer' successfully

2019-10-31 15:43:15 - [TEST_CASE][PASSED] - Test Cases/Reusable_Test_Sequences/Give_Feedback/Validation/Please_Select_An_Answer: Test Cases/Reusable_Test_Sequences/Give_Feedback/Validation/Please_Select_An_Answer

2019-10-31 15:43:15 - [TEST_STEP][PASSED] - verifyTextPresent("Please select an answer", false): Text 'Please select an answer' is present on page 

2019-10-31 15:43:15 - [MESSAGE][PASSED] - Text 'Please select an answer' is present on page 

2019-10-31 15:43:15 - [MESSAGE][PASSED] - Call Test Case 'Test Cases/Reusable_Test_Sequences/Give_Feedback/Validation/Please_Select_An_Answer' successfully

2019-10-31 15:43:15 - [TEST_STEP][PASSED] - "---------------------------------------------------------------------------------------": null

2019-10-31 15:43:15 - [TEST_STEP][PASSED] - " Your Experience (page 1) Recomment this trader?                                       |": null

2019-10-31 15:43:15 - [TEST_STEP][PASSED] - callTestCase(findTestCase("Reusable_Test_Sequences/Give_Feedback/Your_Experience/Recommendation_Selection"), [:], CONTINUE_ON_FAILURE): Call Test Case 'Test Cases/Reusable_Test_Sequences/Give_Feedback/Your_Experience/Recommendation_Selection' successfully

2019-10-31 15:43:15 - [TEST_CASE][PASSED] - Test Cases/Reusable_Test_Sequences/Give_Feedback/Your_Experience/Recommendation_Selection: Test Cases/Reusable_Test_Sequences/Give_Feedback/Your_Experience/Recommendation_Selection

2019-10-31 15:43:15 - [TEST_STEP][PASSED] - data = findTestData("Data Files/Give_Feedback (1)"): null

2019-10-31 15:43:15 - [TEST_STEP][PASSED] - YE_Recommend = data.getValue("YE_Recommendations", row): null

2019-10-31 15:43:15 - [TEST_STEP][PASSED] - "--------------------------------": null

2019-10-31 15:43:15 - [TEST_STEP][PASSED] - "Read data from spreadsheet      |": null

2019-10-31 15:43:15 - [TEST_STEP][PASSED] - "--------------------------------": null

2019-10-31 15:43:15 - [TEST_STEP][PASSED] - "--------------------------------": null

2019-10-31 15:43:15 - [TEST_STEP][PASSED] - "Set Recommendation - Yes or No  |": null

2019-10-31 15:43:15 - [TEST_STEP][PASSED] - if (YE_Recommend == "Yes"): Wait for page load successfully

2019-10-31 15:43:15 - [TEST_STEP][PASSED] - "-----------------------------------------------------------": null

2019-10-31 15:43:15 - [TEST_STEP][PASSED] - " Selected by Default - ReSelecting causes a tool exception |": null

2019-10-31 15:43:15 - [TEST_STEP][PASSED] - " No need to re-select - RESOLVED                           |": null

2019-10-31 15:43:15 - [TEST_STEP][PASSED] - click(findTestObject("Object Repository/Feedback/Page_Checkatrade Give your feedback/Page_Checkatrade Give your feedback/span_Yes")): Object: 'Object Repository/Feedback/Page_Checkatrade Give your feedback/Page_Checkatrade Give your feedback/span_Yes' is clicked on

2019-10-31 15:43:16 - [MESSAGE][PASSED] - Object: 'Object Repository/Feedback/Page_Checkatrade Give your feedback/Page_Checkatrade Give your feedback/span_Yes' is clicked on

2019-10-31 15:43:16 - [TEST_STEP][PASSED] - waitForPageLoad(2): Wait for page load successfully

2019-10-31 15:43:16 - [MESSAGE][PASSED] - Wait for page load successfully

2019-10-31 15:43:16 - [TEST_STEP][PASSED] - out.println("Your Experience, Recommendation, Click on the <" + YE_Recommend + "> Option Button "): null

2019-10-31 15:43:16 - [TEST_STEP][PASSED] - waitForPageLoad(60): Wait for page load successfully

2019-10-31 15:43:16 - [MESSAGE][PASSED] - Wait for page load successfully

2019-10-31 15:43:16 - [MESSAGE][PASSED] - Call Test Case 'Test Cases/Reusable_Test_Sequences/Give_Feedback/Your_Experience/Recommendation_Selection' successfully

2019-10-31 15:43:16 - [TEST_STEP][PASSED] - "---------------------------------------------------------------------------------------": null

2019-10-31 15:43:16 - [TEST_STEP][PASSED] - " Your Experience (page 1) Estimation/Quotation Accuracy?                               |": null

2019-10-31 15:43:16 - [TEST_STEP][PASSED] - callTestCase(findTestCase("Reusable_Test_Sequences/Give_Feedback/Your_Experience/Quotation_Selection"), [:], CONTINUE_ON_FAILURE): Call Test Case 'Test Cases/Reusable_Test_Sequences/Give_Feedback/Your_Experience/Quotation_Selection' successfully

2019-10-31 15:43:16 - [TEST_CASE][PASSED] - Test Cases/Reusable_Test_Sequences/Give_Feedback/Your_Experience/Quotation_Selection: Test Cases/Reusable_Test_Sequences/Give_Feedback/Your_Experience/Quotation_Selection

2019-10-31 15:43:16 - [TEST_STEP][PASSED] - "-----------------------": null

2019-10-31 15:43:16 - [TEST_STEP][PASSED] - "Check DEFAULT Setting  |     Default Setting - Nothing Selected": null

2019-10-31 15:43:16 - [TEST_STEP][PASSED] - "-----------------------": null

2019-10-31 15:43:16 - [TEST_STEP][PASSED] - "--------------------------------": null

2019-10-31 15:43:16 - [TEST_STEP][PASSED] - "Read data from spreadsheet      |": null

2019-10-31 15:43:16 - [TEST_STEP][PASSED] - data = findTestData("Data Files/Give_Feedback (1)"): null

2019-10-31 15:43:16 - [TEST_STEP][PASSED] - YE_Estimate = data.getValue("YE_Estimate", row): null

2019-10-31 15:43:16 - [TEST_STEP][PASSED] - "--------------------------------": null

2019-10-31 15:43:16 - [TEST_STEP][PASSED] - "Read data from spreadsheet      |": null

2019-10-31 15:43:16 - [TEST_STEP][PASSED] - out.println("Your Experience, Estimate Accuracy, Click on the " + YE_Estimate + " Option Button "): null

2019-10-31 15:43:16 - [TEST_STEP][PASSED] - "---------------------------------------------------------------------------------------------------------------------------------------------------": null

2019-10-31 15:43:16 - [TEST_STEP][PASSED] - "Set Quotation - Agreed_estimate -OR- Additional_work -OR- More_than_agreed_price_informed -OR- More_than_agreed_price_not_informed -OR- No_estimate|": null

2019-10-31 15:43:16 - [TEST_STEP][PASSED] - "---------------------------------------------------------------------------------------------------------------------------------------------------": null

2019-10-31 15:43:16 - [TEST_STEP][PASSED] - "-------------------------------------------------": null

2019-10-31 15:43:16 - [TEST_STEP][PASSED] - if (YE_Estimate == "Agreed_price"): Wait for page load successfully

2019-10-31 15:43:16 - [TEST_STEP][PASSED] - click(findTestObject("Object Repository/Page_Checkatrade Give your feedback/span_The agreed price")): Object: 'Object Repository/Page_Checkatrade Give your feedback/span_The agreed price' is clicked on

2019-10-31 15:43:16 - [MESSAGE][PASSED] - Object: 'Object Repository/Page_Checkatrade Give your feedback/span_The agreed price' is clicked on

2019-10-31 15:43:16 - [TEST_STEP][PASSED] - waitForPageLoad(2): Wait for page load successfully

2019-10-31 15:43:17 - [MESSAGE][PASSED] - Wait for page load successfully

2019-10-31 15:43:17 - [TEST_STEP][PASSED] - "-------------------------------------------------": null

2019-10-31 15:43:17 - [TEST_STEP][PASSED] - if (YE_Estimate == "Additional_work"): null

2019-10-31 15:43:17 - [TEST_STEP][PASSED] - "-----------------------------------------------------------------------": null

2019-10-31 15:43:17 - [TEST_STEP][PASSED] - if (YE_Estimate == "More_than_agreed_price_informed"): null

2019-10-31 15:43:17 - [TEST_STEP][PASSED] - "-----------------------------------------------------------------------": null

2019-10-31 15:43:17 - [TEST_STEP][PASSED] - if (YE_Estimate == "More_than_agreed_price_not_informed"): null

2019-10-31 15:43:17 - [TEST_STEP][PASSED] - "-----------------------------------------------------------------------": null

2019-10-31 15:43:17 - [TEST_STEP][PASSED] - if (YE_Estimate == "No_estimate"): null

2019-10-31 15:43:17 - [TEST_STEP][PASSED] - out.println("Your Experience, Estimate Accuracy, Click on the " + YE_Estimate + " Option Button "): null

2019-10-31 15:43:17 - [MESSAGE][PASSED] - Call Test Case 'Test Cases/Reusable_Test_Sequences/Give_Feedback/Your_Experience/Quotation_Selection' successfully

2019-10-31 15:43:17 - [TEST_STEP][PASSED] - "---------------------------------------------------------------------------------------": null

2019-10-31 15:43:17 - [TEST_STEP][PASSED] - " Your Experience (page 1) Knowledge of Feedback Process?                               |": null

2019-10-31 15:43:17 - [TEST_STEP][PASSED] - callTestCase(findTestCase("Reusable_Test_Sequences/Give_Feedback/Your_Experience/Feedback_Knowledge"), [:], CONTINUE_ON_FAILURE): Call Test Case 'Test Cases/Reusable_Test_Sequences/Give_Feedback/Your_Experience/Feedback_Knowledge' successfully

2019-10-31 15:43:17 - [TEST_CASE][PASSED] - Test Cases/Reusable_Test_Sequences/Give_Feedback/Your_Experience/Feedback_Knowledge: Test Cases/Reusable_Test_Sequences/Give_Feedback/Your_Experience/Feedback_Knowledge

2019-10-31 15:43:17 - [TEST_STEP][PASSED] - "--------------------------------": null

2019-10-31 15:43:17 - [TEST_STEP][PASSED] - "Read data from spreadsheet      |": null

2019-10-31 15:43:17 - [TEST_STEP][PASSED] - data = findTestData("Data Files/Give_Feedback (1)"): null

2019-10-31 15:43:17 - [TEST_STEP][PASSED] - YE_Feedback_Knowledge = data.getValue("YE_Feedback_Knowledge", row): null

2019-10-31 15:43:17 - [TEST_STEP][PASSED] - out.println("Your Experience, Feedback Knowledge, Click on the " + YE_Feedback_Knowledge + " Option Button "): null

2019-10-31 15:43:17 - [TEST_STEP][PASSED] - "------------------------------------------------": null

2019-10-31 15:43:17 - [TEST_STEP][PASSED] - "Set Knowledge of feedback process? - Yes or No  |": null

2019-10-31 15:43:17 - [TEST_STEP][PASSED] - if (YE_Feedback_Knowledge == "Yes"): Wait for page load successfully

2019-10-31 15:43:17 - [TEST_STEP][PASSED] - click(findTestObject("Page_Checkatrade Give your feedback/span_Yes - Copy")): Object: 'Object Repository/Page_Checkatrade Give your feedback/span_Yes - Copy' is clicked on

2019-10-31 15:43:17 - [MESSAGE][PASSED] - Object: 'Object Repository/Page_Checkatrade Give your feedback/span_Yes - Copy' is clicked on

2019-10-31 15:43:17 - [TEST_STEP][PASSED] - waitForPageLoad(2): Wait for page load successfully

2019-10-31 15:43:17 - [MESSAGE][PASSED] - Wait for page load successfully

2019-10-31 15:43:17 - [TEST_STEP][PASSED] - out.println("Your Experience, Feedback Knowledge, Click on the <" + YE_Feedback_Knowledge + "> Option Button "): null

2019-10-31 15:43:17 - [MESSAGE][PASSED] - Call Test Case 'Test Cases/Reusable_Test_Sequences/Give_Feedback/Your_Experience/Feedback_Knowledge' successfully

2019-10-31 15:43:17 - [TEST_STEP][PASSED] - "---------------------------------------------------------------------------------------": null

2019-10-31 15:43:17 - [TEST_STEP][PASSED] - " Your Experience (page 1) Hit <Next> Button to Continue to <Your Scores>- (page 2)     |": null

2019-10-31 15:43:17 - [TEST_STEP][PASSED] - callTestCase(findTestCase("Reusable_Test_Sequences/Give_Feedback/Hit_Next"), [:], CONTINUE_ON_FAILURE): Call Test Case 'Test Cases/Reusable_Test_Sequences/Give_Feedback/Hit_Next' successfully

2019-10-31 15:43:17 - [TEST_CASE][PASSED] - Test Cases/Reusable_Test_Sequences/Give_Feedback/Hit_Next: Test Cases/Reusable_Test_Sequences/Give_Feedback/Hit_Next

2019-10-31 15:43:17 - [TEST_STEP][PASSED] - click(findTestObject("Object Repository/Page_Checkatrade Give your feedback/input_No_ctl00contentButton4")): Object: 'Object Repository/Page_Checkatrade Give your feedback/input_No_ctl00contentButton4' is clicked on

2019-10-31 15:43:19 - [MESSAGE][PASSED] - Object: 'Object Repository/Page_Checkatrade Give your feedback/input_No_ctl00contentButton4' is clicked on

2019-10-31 15:43:19 - [TEST_STEP][PASSED] - waitForPageLoad(2): Wait for page load successfully

2019-10-31 15:43:19 - [MESSAGE][PASSED] - Wait for page load successfully

2019-10-31 15:43:19 - [MESSAGE][PASSED] - Call Test Case 'Test Cases/Reusable_Test_Sequences/Give_Feedback/Hit_Next' successfully

2019-10-31 15:43:19 - [MESSAGE][PASSED] - Call Test Case 'Test Cases/Reusable_Test_Sequences/Give_Feedback/Your_Experience/Your_Experience_Validation' successfully

2019-10-31 15:43:19 - [TEST_STEP][PASSED] - "--------------------------------------": null

2019-10-31 15:43:19 - [TEST_STEP][PASSED] - " Your Scores (page 2) Validation      |": null

2019-10-31 15:43:19 - [TEST_STEP][PASSED] - "--------------------------------------": null

2019-10-31 15:43:19 - [TEST_STEP][PASSED] - "--------------------------------------": null

2019-10-31 15:43:19 - [TEST_STEP][PASSED] - " Your Scores (page 2) Processing      |": null

2019-10-31 15:43:19 - [TEST_STEP][PASSED] - callTestCase(findTestCase("Reusable_Test_Sequences/Give_Feedback/Your_Scores/Your_Scores_Validation"), [:], CONTINUE_ON_FAILURE): Call Test Case 'Test Cases/Reusable_Test_Sequences/Give_Feedback/Your_Scores/Your_Scores_Validation' successfully

2019-10-31 15:43:19 - [TEST_CASE][PASSED] - Test Cases/Reusable_Test_Sequences/Give_Feedback/Your_Scores/Your_Scores_Validation: Test Cases/Reusable_Test_Sequences/Give_Feedback/Your_Scores/Your_Scores_Validation

2019-10-31 15:43:19 - [TEST_STEP][PASSED] - "-------------------------------": null

2019-10-31 15:43:19 - [TEST_STEP][PASSED] - "Trigger Validation             |": null

2019-10-31 15:43:19 - [TEST_STEP][PASSED] - scrollToPosition(250, 0): Browser is scrolled to position x = 250, y = 0

2019-10-31 15:43:19 - [MESSAGE][PASSED] - Browser is scrolled to position x = 250, y = 0

2019-10-31 15:43:19 - [TEST_STEP][PASSED] - waitForPageLoad(1): Wait for page load successfully

2019-10-31 15:43:19 - [MESSAGE][PASSED] - Wait for page load successfully

2019-10-31 15:43:19 - [TEST_STEP][PASSED] - click(findTestObject("Object Repository/Page_Checkatrade Give your feedback/input_No_ctl00contentButton6")): Object: 'Object Repository/Page_Checkatrade Give your feedback/input_No_ctl00contentButton6' is clicked on

2019-10-31 15:43:20 - [MESSAGE][PASSED] - Object: 'Object Repository/Page_Checkatrade Give your feedback/input_No_ctl00contentButton6' is clicked on

2019-10-31 15:43:20 - [TEST_STEP][PASSED] - waitForPageLoad(1): Wait for page load successfully

2019-10-31 15:43:20 - [MESSAGE][PASSED] - Wait for page load successfully

2019-10-31 15:43:20 - [TEST_STEP][PASSED] - "---------------------------------------------------------------------------------------": null

2019-10-31 15:43:20 - [TEST_STEP][PASSED] - " Your Experience (page 2) Verify Validation> Messages - Score Trader 0 thru 10         |": null

2019-10-31 15:43:20 - [TEST_STEP][PASSED] - callTestCase(findTestCase("Reusable_Test_Sequences/Give_Feedback/Validation/Score_Trader"), [:], CONTINUE_ON_FAILURE): Call Test Case 'Test Cases/Reusable_Test_Sequences/Give_Feedback/Validation/Score_Trader' successfully

2019-10-31 15:43:20 - [TEST_CASE][PASSED] - Test Cases/Reusable_Test_Sequences/Give_Feedback/Validation/Score_Trader: Test Cases/Reusable_Test_Sequences/Give_Feedback/Validation/Score_Trader

2019-10-31 15:43:20 - [TEST_STEP][PASSED] - verifyTextPresent("Score trader from 0 (lowest) to 10 (highest)", false): Text 'Score trader from 0 (lowest) to 10 (highest)' is present on page 

2019-10-31 15:43:20 - [MESSAGE][PASSED] - Text 'Score trader from 0 (lowest) to 10 (highest)' is present on page 

2019-10-31 15:43:20 - [MESSAGE][PASSED] - Call Test Case 'Test Cases/Reusable_Test_Sequences/Give_Feedback/Validation/Score_Trader' successfully

2019-10-31 15:43:20 - [TEST_STEP][PASSED] - "---------------------------------------------------------------------------------------": null

2019-10-31 15:43:20 - [TEST_STEP][PASSED] - " Your Experience (page 2) Verify Validation> Messages - This Field Is Required         |": null

2019-10-31 15:43:20 - [TEST_STEP][PASSED] - callTestCase(findTestCase("Reusable_Test_Sequences/TRADES_Application/Validation/This_Field_Is_Required"), [:], CONTINUE_ON_FAILURE): Call Test Case 'Test Cases/Reusable_Test_Sequences/TRADES_Application/Validation/This_Field_Is_Required' successfully

2019-10-31 15:43:20 - [TEST_CASE][PASSED] - Test Cases/Reusable_Test_Sequences/TRADES_Application/Validation/This_Field_Is_Required: Test Cases/Reusable_Test_Sequences/TRADES_Application/Validation/This_Field_Is_Required

2019-10-31 15:43:21 - [TEST_STEP][PASSED] - verifyTextPresent("This field is required", false): Text 'This field is required' is present on page 

2019-10-31 15:43:21 - [MESSAGE][PASSED] - Text 'This field is required' is present on page 

2019-10-31 15:43:21 - [MESSAGE][PASSED] - Call Test Case 'Test Cases/Reusable_Test_Sequences/TRADES_Application/Validation/This_Field_Is_Required' successfully

2019-10-31 15:43:21 - [TEST_STEP][PASSED] - "---------------------------------------------------------------------------------------": null

2019-10-31 15:43:21 - [TEST_STEP][PASSED] - " Your Experience (page 2) Verify Validation> Messages - Please Select An Answer        |": null

2019-10-31 15:43:21 - [TEST_STEP][PASSED] - callTestCase(findTestCase("Reusable_Test_Sequences/Give_Feedback/Validation/Please_Select_An_Answer"), [:], CONTINUE_ON_FAILURE): Call Test Case 'Test Cases/Reusable_Test_Sequences/Give_Feedback/Validation/Please_Select_An_Answer' successfully

2019-10-31 15:43:21 - [TEST_CASE][PASSED] - Test Cases/Reusable_Test_Sequences/Give_Feedback/Validation/Please_Select_An_Answer: Test Cases/Reusable_Test_Sequences/Give_Feedback/Validation/Please_Select_An_Answer

2019-10-31 15:43:21 - [TEST_STEP][PASSED] - verifyTextPresent("Please select an answer", false): Text 'Please select an answer' is present on page 

2019-10-31 15:43:21 - [MESSAGE][PASSED] - Text 'Please select an answer' is present on page 

2019-10-31 15:43:21 - [MESSAGE][PASSED] - Call Test Case 'Test Cases/Reusable_Test_Sequences/Give_Feedback/Validation/Please_Select_An_Answer' successfully

2019-10-31 15:43:21 - [TEST_STEP][PASSED] - "------------------------------------------------------------------------------------------": null

2019-10-31 15:43:21 - [TEST_STEP][PASSED] - " Your Scores (page 2) Returned with 2 Main Sections - <Your Scores> and <Details of Work> |": null

2019-10-31 15:43:21 - [TEST_STEP][PASSED] - "                                     Standard of Work Listbox Selection, NA, 0 through 10 |": null

2019-10-31 15:43:21 - [TEST_STEP][PASSED] - waitForPageLoad(1): Wait for page load successfully

2019-10-31 15:43:21 - [MESSAGE][PASSED] - Wait for page load successfully

2019-10-31 15:43:21 - [TEST_STEP][PASSED] - callTestCase(findTestCase("Reusable_Test_Sequences/Give_Feedback/Your_Scores/Your_Scores_List_Box_Selection"), [:], CONTINUE_ON_FAILURE): Call Test Case 'Test Cases/Reusable_Test_Sequences/Give_Feedback/Your_Scores/Your_Scores_List_Box_Selection' successfully

2019-10-31 15:43:21 - [TEST_CASE][PASSED] - Test Cases/Reusable_Test_Sequences/Give_Feedback/Your_Scores/Your_Scores_List_Box_Selection: Test Cases/Reusable_Test_Sequences/Give_Feedback/Your_Scores/Your_Scores_List_Box_Selection

2019-10-31 15:43:21 - [TEST_STEP][PASSED] - data = findTestData("Data Files/Give_Feedback (1)"): null

2019-10-31 15:43:21 - [TEST_STEP][PASSED] - YS_Tidiness = data.getValue("YS_Tidiness", row): null

2019-10-31 15:43:21 - [TEST_STEP][PASSED] - YS_Reliability = data.getValue("YS_Reliability", row): null

2019-10-31 15:43:21 - [TEST_STEP][PASSED] - YS_Courtesy = data.getValue("YS_Courtesy", row): null

2019-10-31 15:43:21 - [TEST_STEP][PASSED] - YS_Workmanship = data.getValue("YS_Workmanship", row): null

2019-10-31 15:43:21 - [TEST_STEP][PASSED] - "--------------------------------": null

2019-10-31 15:43:21 - [TEST_STEP][PASSED] - "Read data from spreadsheet      |": null

2019-10-31 15:43:21 - [TEST_STEP][PASSED] - "--------------------------------": null

2019-10-31 15:43:21 - [TEST_STEP][PASSED] - "------------------------------------------------------": null

2019-10-31 15:43:21 - [TEST_STEP][PASSED] - "Select Tidiness Value form List                       |": null

2019-10-31 15:43:21 - [TEST_STEP][PASSED] - selectOptionByValue(findTestObject("Page_Checkatrade Give your feedback/select_--YS_Tidiness"), YS_Tidiness, true): All options with value '10' are selected in object 'Object Repository/Page_Checkatrade Give your feedback/select_--YS_Tidiness'  using regular expression

2019-10-31 15:43:22 - [MESSAGE][PASSED] - All options with value '10' are selected in object 'Object Repository/Page_Checkatrade Give your feedback/select_--YS_Tidiness'  using regular expression

2019-10-31 15:43:22 - [TEST_STEP][PASSED] - "------------------------------------------------------": null

2019-10-31 15:43:22 - [TEST_STEP][PASSED] - "Select Reliability and Timekeeping Value form List    |": null

2019-10-31 15:43:22 - [TEST_STEP][PASSED] - selectOptionByValue(findTestObject("Page_Checkatrade Give your feedback/select_--YS_Reliability"), YS_Reliability, true): All options with value '10' are selected in object 'Object Repository/Page_Checkatrade Give your feedback/select_--YS_Reliability'  using regular expression

2019-10-31 15:43:23 - [MESSAGE][PASSED] - All options with value '10' are selected in object 'Object Repository/Page_Checkatrade Give your feedback/select_--YS_Reliability'  using regular expression

2019-10-31 15:43:23 - [TEST_STEP][PASSED] - "------------------------------------------------------": null

2019-10-31 15:43:23 - [TEST_STEP][PASSED] - "Select Courtesy Value form List                       |": null

2019-10-31 15:43:23 - [TEST_STEP][PASSED] - selectOptionByValue(findTestObject("Page_Checkatrade Give your feedback/select_--YS_Courtesy"), YS_Reliability, true): All options with value '10' are selected in object 'Object Repository/Page_Checkatrade Give your feedback/select_--YS_Courtesy'  using regular expression

2019-10-31 15:43:23 - [MESSAGE][PASSED] - All options with value '10' are selected in object 'Object Repository/Page_Checkatrade Give your feedback/select_--YS_Courtesy'  using regular expression

2019-10-31 15:43:23 - [TEST_STEP][PASSED] - "------------------------------------------------------": null

2019-10-31 15:43:23 - [TEST_STEP][PASSED] - "Select Quality and Workmanship Value form List        |": null

2019-10-31 15:43:23 - [TEST_STEP][PASSED] - selectOptionByValue(findTestObject("Page_Checkatrade Give your feedback/select_--YS_Workmanship"), YS_Workmanship, true): All options with value '10' are selected in object 'Object Repository/Page_Checkatrade Give your feedback/select_--YS_Workmanship'  using regular expression

2019-10-31 15:43:24 - [MESSAGE][PASSED] - All options with value '10' are selected in object 'Object Repository/Page_Checkatrade Give your feedback/select_--YS_Workmanship'  using regular expression

2019-10-31 15:43:24 - [MESSAGE][PASSED] - Call Test Case 'Test Cases/Reusable_Test_Sequences/Give_Feedback/Your_Scores/Your_Scores_List_Box_Selection' successfully

2019-10-31 15:43:24 - [TEST_STEP][PASSED] - "------------------------------------------------------------------------------------------": null

2019-10-31 15:43:24 - [TEST_STEP][PASSED] - " Your Scores (page 2) Returned with 2 Main Sections - <Your Scores> and <Details of Work> |": null

2019-10-31 15:43:24 - [TEST_STEP][PASSED] - " Details of Work Done - Form FIll<Description>,<Approx. date>,<How Long>, <Comments> and  |": null

2019-10-31 15:43:24 - [TEST_STEP][PASSED] - "                                                               <Feedback Publish Confirm> |": null

2019-10-31 15:43:24 - [TEST_STEP][PASSED] - callTestCase(findTestCase("Reusable_Test_Sequences/Give_Feedback/Your_Scores/Details_of_work_Done_Formfill"), [:], CONTINUE_ON_FAILURE): Call Test Case 'Test Cases/Reusable_Test_Sequences/Give_Feedback/Your_Scores/Details_of_work_Done_Formfill' successfully

2019-10-31 15:43:24 - [TEST_CASE][PASSED] - Test Cases/Reusable_Test_Sequences/Give_Feedback/Your_Scores/Details_of_work_Done_Formfill: Test Cases/Reusable_Test_Sequences/Give_Feedback/Your_Scores/Details_of_work_Done_Formfill

2019-10-31 15:43:24 - [TEST_STEP][PASSED] - data = findTestData("Data Files/Give_Feedback (1)"): null

2019-10-31 15:43:24 - [TEST_STEP][PASSED] - YS_Work_Description = data.getValue("YS_Work_Description", row): null

2019-10-31 15:43:24 - [TEST_STEP][PASSED] - YS_Work_Date = data.getValue("YS_Work_Date", row): null

2019-10-31 15:43:24 - [TEST_STEP][PASSED] - YS_Days_to_Complete = data.getValue("YS_Days_to_Complete", row): null

2019-10-31 15:43:24 - [TEST_STEP][PASSED] - YS_Work_Comments = data.getValue("YS_Work_Comments", row): null

2019-10-31 15:43:24 - [TEST_STEP][PASSED] - YS_Feedback_Published = data.getValue("YS_Feedback_Published", row): null

2019-10-31 15:43:24 - [TEST_STEP][PASSED] - "---------------------------------": null

2019-10-31 15:43:24 - [TEST_STEP][PASSED] - "Read data from spreadsheet       |": null

2019-10-31 15:43:24 - [TEST_STEP][PASSED] - "---------------------------------": null

2019-10-31 15:43:24 - [TEST_STEP][PASSED] - "---------------------------------": null

2019-10-31 15:43:24 - [TEST_STEP][PASSED] - "Brief description of work done   |": null

2019-10-31 15:43:24 - [TEST_STEP][PASSED] - setText(findTestObject("Object Repository/Page_Checkatrade Give your feedback/input_Brief description of work done_ctl00contenttbWorkDescription"), YS_Work_Description): Text 'New Test Toilet' is set on object 'Object Repository/Page_Checkatrade Give your feedback/input_Brief description of work done_ctl00contenttbWorkDescription'

2019-10-31 15:43:24 - [MESSAGE][PASSED] - Text 'New Test Toilet' is set on object 'Object Repository/Page_Checkatrade Give your feedback/input_Brief description of work done_ctl00contenttbWorkDescription'

2019-10-31 15:43:24 - [TEST_STEP][PASSED] - "---------------------------------": null

2019-10-31 15:43:24 - [TEST_STEP][PASSED] - "Date work was done (approx)      |": null

2019-10-31 15:43:24 - [TEST_STEP][PASSED] - "---------------------------------": null

2019-10-31 15:43:24 - [TEST_STEP][PASSED] - "---------------------------------": null

2019-10-31 15:43:24 - [TEST_STEP][PASSED] - "How many days did this job take? |": null

2019-10-31 15:43:24 - [TEST_STEP][PASSED] - setText(findTestObject("Object Repository/Page_Checkatrade Give your feedback/input_How many days did this job take"), YS_Days_to_Complete): Text '3' is set on object 'Object Repository/Page_Checkatrade Give your feedback/input_How many days did this job take'

2019-10-31 15:43:24 - [MESSAGE][PASSED] - Text '3' is set on object 'Object Repository/Page_Checkatrade Give your feedback/input_How many days did this job take'

2019-10-31 15:43:24 - [TEST_STEP][PASSED] - "---------------------------------": null

2019-10-31 15:43:24 - [TEST_STEP][PASSED] - "Your comments about the work     |": null

2019-10-31 15:43:24 - [TEST_STEP][PASSED] - setText(findTestObject("Object Repository/Page_Checkatrade Give your feedback/textarea_Your comments about the work_ctl00contenttbWorkComments"), YS_Work_Comments): Text 'Nice job' is set on object 'Object Repository/Page_Checkatrade Give your feedback/textarea_Your comments about the work_ctl00contenttbWorkComments'

2019-10-31 15:43:25 - [MESSAGE][PASSED] - Text 'Nice job' is set on object 'Object Repository/Page_Checkatrade Give your feedback/textarea_Your comments about the work_ctl00contenttbWorkComments'

2019-10-31 15:43:25 - [TEST_STEP][PASSED] - "---------------------------------------": null

2019-10-31 15:43:25 - [TEST_STEP][PASSED] - " Scroll Bottom of Page Into View       |": null

2019-10-31 15:43:25 - [TEST_STEP][PASSED] - "---------------------------------------": null

2019-10-31 15:43:25 - [TEST_STEP][PASSED] - "-----------------------------------------------------": null

2019-10-31 15:43:25 - [TEST_STEP][PASSED] - "Would you like your feedback published? - Yes or No  |": null

2019-10-31 15:43:25 - [TEST_STEP][PASSED] - if (YS_Feedback_Published == "Yes"): Wait for page load successfully

2019-10-31 15:43:25 - [TEST_STEP][PASSED] - waitForElementPresent(findTestObject("Feedback/Page_Checkatrade Give your feedback/span_Publish_Feedback_Yes"), 10): Object 'Object Repository/Feedback/Page_Checkatrade Give your feedback/span_Publish_Feedback_Yes' is present

2019-10-31 15:43:25 - [MESSAGE][PASSED] - Object 'Object Repository/Feedback/Page_Checkatrade Give your feedback/span_Publish_Feedback_Yes' is present

2019-10-31 15:43:25 - [TEST_STEP][PASSED] - click(findTestObject("Feedback/Page_Checkatrade Give your feedback/span_Publish_Feedback_Yes")): Object: 'Object Repository/Feedback/Page_Checkatrade Give your feedback/span_Publish_Feedback_Yes' is clicked on

2019-10-31 15:43:25 - [MESSAGE][PASSED] - Object: 'Object Repository/Feedback/Page_Checkatrade Give your feedback/span_Publish_Feedback_Yes' is clicked on

2019-10-31 15:43:25 - [TEST_STEP][PASSED] - waitForPageLoad(60): Wait for page load successfully

2019-10-31 15:43:25 - [MESSAGE][PASSED] - Wait for page load successfully

2019-10-31 15:43:25 - [TEST_STEP][PASSED] - out.println("Your Experience, Recommendation, Click on the " + YS_Feedback_Published + " Option Button "): null

2019-10-31 15:43:25 - [TEST_STEP][PASSED] - delay(1): Delayed 1 second(s)

2019-10-31 15:43:26 - [MESSAGE][PASSED] - Delayed 1 second(s)

2019-10-31 15:43:26 - [TEST_STEP][PASSED] - "---------------------------------": null

2019-10-31 15:43:26 - [TEST_STEP][PASSED] - "Your comments about the work     |": null

2019-10-31 15:43:26 - [TEST_STEP][PASSED] - click(findTestObject("Object Repository/Page_Checkatrade Give your feedback/input_No_ctl00contentButton6")): Object: 'Object Repository/Page_Checkatrade Give your feedback/input_No_ctl00contentButton6' is clicked on

2019-10-31 15:43:27 - [MESSAGE][PASSED] - Object: 'Object Repository/Page_Checkatrade Give your feedback/input_No_ctl00contentButton6' is clicked on

2019-10-31 15:43:27 - [MESSAGE][PASSED] - Call Test Case 'Test Cases/Reusable_Test_Sequences/Give_Feedback/Your_Scores/Details_of_work_Done_Formfill' successfully

2019-10-31 15:43:27 - [TEST_STEP][PASSED] - scrollToPosition(125, 0): Browser is scrolled to position x = 125, y = 0

2019-10-31 15:43:27 - [MESSAGE][PASSED] - Browser is scrolled to position x = 125, y = 0

2019-10-31 15:43:27 - [TEST_STEP][PASSED] - "------------------------------------------------------------------------------------------": null

2019-10-31 15:43:27 - [TEST_STEP][PASSED] - " Your Experience (page 2) Hit <Next> Button to Continue to <Your Details>- (page 3)       |": null

2019-10-31 15:43:27 - [TEST_STEP][PASSED] - try: null

2019-10-31 15:43:27 - [TEST_STEP][PASSED] - callTestCase(findTestCase("Reusable_Test_Sequences/Give_Feedback/Your_Scores/Hit_Next"), 1): null

2019-10-31 15:43:27 - [TEST_STEP][PASSED] - catch (Exception e): null

2019-10-31 15:43:27 - [MESSAGE][PASSED] - Call Test Case 'Test Cases/Reusable_Test_Sequences/Give_Feedback/Your_Scores/Your_Scores_Validation' successfully

2019-10-31 15:43:27 - [TEST_STEP][PASSED] - "--------------------------------------": null

2019-10-31 15:43:27 - [TEST_STEP][PASSED] - " Your Scores (page 3) Processing      |": null

2019-10-31 15:43:27 - [TEST_STEP][PASSED] - callTestCase(findTestCase("Reusable_Test_Sequences/Give_Feedback/Your_Details/Your_Details_Validation"), [:], CONTINUE_ON_FAILURE): Call Test Case 'Test Cases/Reusable_Test_Sequences/Give_Feedback/Your_Details/Your_Details_Validation' successfully

2019-10-31 15:43:27 - [TEST_CASE][PASSED] - Test Cases/Reusable_Test_Sequences/Give_Feedback/Your_Details/Your_Details_Validation: Test Cases/Reusable_Test_Sequences/Give_Feedback/Your_Details/Your_Details_Validation

2019-10-31 15:43:28 - [TEST_STEP][PASSED] - "------------------------------------------------": null

2019-10-31 15:43:28 - [TEST_STEP][PASSED] - "Trade  Customer Path Not Currently Implenmented |": null

2019-10-31 15:43:28 - [TEST_STEP][PASSED] - "------------------------------------------------": null

2019-10-31 15:43:28 - [TEST_STEP][PASSED] - "---------------------------------------------------------------------------------------": null

2019-10-31 15:43:28 - [TEST_STEP][PASSED] - " Your Details (page 3)                                                                 |": null

2019-10-31 15:43:28 - [TEST_STEP][PASSED] - "---------------------------------------------------------------------------------------": null

2019-10-31 15:43:28 - [TEST_STEP][PASSED] - "-------------------------------------": null

2019-10-31 15:43:28 - [TEST_STEP][PASSED] - " Submit Form - Trigger Validation    |": null

2019-10-31 15:43:28 - [TEST_STEP][PASSED] - waitForPageLoad(1): Wait for page load successfully

2019-10-31 15:43:28 - [MESSAGE][PASSED] - Wait for page load successfully

2019-10-31 15:43:28 - [TEST_STEP][PASSED] - scrollToPosition(250, 0): Browser is scrolled to position x = 250, y = 0

2019-10-31 15:43:28 - [MESSAGE][PASSED] - Browser is scrolled to position x = 250, y = 0

2019-10-31 15:43:28 - [TEST_STEP][PASSED] - waitForPageLoad(1): Wait for page load successfully

2019-10-31 15:43:28 - [MESSAGE][PASSED] - Wait for page load successfully

2019-10-31 15:43:28 - [TEST_STEP][PASSED] - click(findTestObject("Object Repository/Page_Checkatrade Give your feedback/input_here_ctl00contentButtonSubmit")): Object: 'Object Repository/Page_Checkatrade Give your feedback/input_here_ctl00contentButtonSubmit' is clicked on

2019-10-31 15:43:28 - [MESSAGE][PASSED] - Object: 'Object Repository/Page_Checkatrade Give your feedback/input_here_ctl00contentButtonSubmit' is clicked on

2019-10-31 15:43:28 - [TEST_STEP][PASSED] - "---------------------------------------------------------------------------------------": null

2019-10-31 15:43:28 - [TEST_STEP][PASSED] - " Your Experience (page 3) Verify Validation> Messages - This Field Is Required         |": null

2019-10-31 15:43:28 - [TEST_STEP][PASSED] - callTestCase(findTestCase("Reusable_Test_Sequences/TRADES_Application/Validation/This_Field_Is_Required"), [:], CONTINUE_ON_FAILURE): Call Test Case 'Test Cases/Reusable_Test_Sequences/TRADES_Application/Validation/This_Field_Is_Required' successfully

2019-10-31 15:43:28 - [TEST_CASE][PASSED] - Test Cases/Reusable_Test_Sequences/TRADES_Application/Validation/This_Field_Is_Required: Test Cases/Reusable_Test_Sequences/TRADES_Application/Validation/This_Field_Is_Required

2019-10-31 15:43:28 - [TEST_STEP][PASSED] - verifyTextPresent("This field is required", false): Text 'This field is required' is present on page 

2019-10-31 15:43:28 - [MESSAGE][PASSED] - Text 'This field is required' is present on page 

2019-10-31 15:43:28 - [MESSAGE][PASSED] - Call Test Case 'Test Cases/Reusable_Test_Sequences/TRADES_Application/Validation/This_Field_Is_Required' successfully

2019-10-31 15:43:28 - [TEST_STEP][PASSED] - "---------------------------------------------------------------------------------------": null

2019-10-31 15:43:28 - [TEST_STEP][PASSED] - " Your Experience (page 3) Verify Validation> Messages  - Please Supply Home Phone      |": null

2019-10-31 15:43:28 - [TEST_STEP][PASSED] - callTestCase(findTestCase("Reusable_Test_Sequences/Give_Feedback/Validation/Please_Supply_Home_Telephone_Number"), [:], CONTINUE_ON_FAILURE): Call Test Case 'Test Cases/Reusable_Test_Sequences/Give_Feedback/Validation/Please_Supply_Home_Telephone_Number' successfully

2019-10-31 15:43:29 - [TEST_CASE][PASSED] - Test Cases/Reusable_Test_Sequences/Give_Feedback/Validation/Please_Supply_Home_Telephone_Number: Test Cases/Reusable_Test_Sequences/Give_Feedback/Validation/Please_Supply_Home_Telephone_Number

2019-10-31 15:43:29 - [TEST_STEP][PASSED] - verifyTextPresent("Please supply a home telephone number so we can verify your feedback if necessary", false): Text 'Please supply a home telephone number so we can verify your feedback if necessary' is present on page 

2019-10-31 15:43:29 - [MESSAGE][PASSED] - Text 'Please supply a home telephone number so we can verify your feedback if necessary' is present on page 

2019-10-31 15:43:29 - [MESSAGE][PASSED] - Call Test Case 'Test Cases/Reusable_Test_Sequences/Give_Feedback/Validation/Please_Supply_Home_Telephone_Number' successfully

2019-10-31 15:43:29 - [TEST_STEP][PASSED] - "-------------------------------------": null

2019-10-31 15:43:29 - [TEST_STEP][PASSED] - " Consumer or Customer Selection      |": null

2019-10-31 15:43:29 - [TEST_STEP][PASSED] - callTestCase(findTestCase("Reusable_Test_Sequences/Give_Feedback/Your_Details/Consumer_or_Customer_Selection"), [:], CONTINUE_ON_FAILURE): Call Test Case 'Test Cases/Reusable_Test_Sequences/Give_Feedback/Your_Details/Consumer_or_Customer_Selection' successfully

2019-10-31 15:43:29 - [TEST_CASE][PASSED] - Test Cases/Reusable_Test_Sequences/Give_Feedback/Your_Details/Consumer_or_Customer_Selection: Test Cases/Reusable_Test_Sequences/Give_Feedback/Your_Details/Consumer_or_Customer_Selection

2019-10-31 15:43:29 - [TEST_STEP][PASSED] - "--------------------------------": null

2019-10-31 15:43:29 - [TEST_STEP][PASSED] - "Read data from spreadsheet      |": null

2019-10-31 15:43:29 - [TEST_STEP][PASSED] - data = findTestData("Data Files/Give_Feedback (1)"): null

2019-10-31 15:43:29 - [TEST_STEP][PASSED] - YD_Consumer_Customer = data.getValue("YD_Consumer_Customer", row): null

2019-10-31 15:43:29 - [TEST_STEP][PASSED] - out.println("Your Details, Consumer OR Trade Customer, Click on the " + YD_Consumer_Customer + " Option Button "): null

2019-10-31 15:43:29 - [TEST_STEP][PASSED] - try: null

2019-10-31 15:43:29 - [TEST_STEP][PASSED] - if (YD_Consumer_Customer == "Consumer"): null

2019-10-31 15:43:29 - [TEST_STEP][PASSED] - catch (Exception e): null

2019-10-31 15:43:29 - [TEST_STEP][PASSED] - if (YD_Consumer_Customer == "Customer"): null

2019-10-31 15:43:29 - [TEST_STEP][PASSED] - out.println("Your Experience, Recommendation, Click on the " + YD_Consumer_Customer + " Option Button "): null

2019-10-31 15:43:29 - [MESSAGE][PASSED] - Call Test Case 'Test Cases/Reusable_Test_Sequences/Give_Feedback/Your_Details/Consumer_or_Customer_Selection' successfully

2019-10-31 15:43:29 - [TEST_STEP][PASSED] - "-------------------------------------": null

2019-10-31 15:43:29 - [TEST_STEP][PASSED] - " Fill Personal Details               |": null

2019-10-31 15:43:29 - [TEST_STEP][PASSED] - callTestCase(findTestCase("Reusable_Test_Sequences/Give_Feedback/Your_Details/Personal_Details_Formfill"), [:], CONTINUE_ON_FAILURE): Call Test Case 'Test Cases/Reusable_Test_Sequences/Give_Feedback/Your_Details/Personal_Details_Formfill' successfully

2019-10-31 15:43:29 - [TEST_CASE][PASSED] - Test Cases/Reusable_Test_Sequences/Give_Feedback/Your_Details/Personal_Details_Formfill: Test Cases/Reusable_Test_Sequences/Give_Feedback/Your_Details/Personal_Details_Formfill

2019-10-31 15:43:29 - [TEST_STEP][PASSED] - "--------------------------------": null

2019-10-31 15:43:29 - [TEST_STEP][PASSED] - "Read data from spreadsheet      |": null

2019-10-31 15:43:29 - [TEST_STEP][PASSED] - data = findTestData("Data Files/Give_Feedback (1)"): null

2019-10-31 15:43:29 - [TEST_STEP][PASSED] - YD_Salutation = data.getValue("YD_Salutation", row): null

2019-10-31 15:43:29 - [TEST_STEP][PASSED] - YD_Name = data.getValue("YD_Name", row): null

2019-10-31 15:43:29 - [TEST_STEP][PASSED] - YD_Company_Name = data.getValue("YD_Company_Name", row): null

2019-10-31 15:43:29 - [TEST_STEP][PASSED] - YD_Postcode = data.getValue("YD_Postcode", row): null

2019-10-31 15:43:29 - [TEST_STEP][PASSED] - YD_Verify_Address = data.getValue("YD_Verify_Address", row): null

2019-10-31 15:43:29 - [TEST_STEP][PASSED] - YD_Consumer_Customer = data.getValue("YD_Consumer_Customer", row): null

2019-10-31 15:43:29 - [TEST_STEP][PASSED] - out.println("Your Experience, Your details, Set the " + YD_Salutation + " Text Box "): null

2019-10-31 15:43:29 - [TEST_STEP][PASSED] - "--------------------": null

2019-10-31 15:43:29 - [TEST_STEP][PASSED] - "  Set  Salutation   |": null

2019-10-31 15:43:29 - [TEST_STEP][PASSED] - selectOptionByValue(findTestObject("Object Repository/New Folder/Page_Checkatrade Give your feedback/select_MrMrsMissMsMr  MrsDrRevRevd"), YD_Salutation, true): All options with value 'Mr' are selected in object 'Object Repository/New Folder/Page_Checkatrade Give your feedback/select_MrMrsMissMsMr  MrsDrRevRevd'  using regular expression

2019-10-31 15:43:30 - [MESSAGE][PASSED] - All options with value 'Mr' are selected in object 'Object Repository/New Folder/Page_Checkatrade Give your feedback/select_MrMrsMissMsMr  MrsDrRevRevd'  using regular expression

2019-10-31 15:43:30 - [TEST_STEP][PASSED] - "--------------------": null

2019-10-31 15:43:30 - [TEST_STEP][PASSED] - "  Set  Name         |": null

2019-10-31 15:43:30 - [TEST_STEP][PASSED] - if (YD_Consumer_Customer == "Consumer"): Text 'Ron Smith' is set on object 'Object Repository/New Folder/Page_Checkatrade Give your feedback/input_Name_ctl00contenttbCustomerName'

2019-10-31 15:43:30 - [TEST_STEP][PASSED] - setText(findTestObject("Object Repository/New Folder/Page_Checkatrade Give your feedback/input_Name_ctl00contenttbCustomerName"), YD_Name): Text 'Ron Smith' is set on object 'Object Repository/New Folder/Page_Checkatrade Give your feedback/input_Name_ctl00contenttbCustomerName'

2019-10-31 15:43:30 - [MESSAGE][PASSED] - Text 'Ron Smith' is set on object 'Object Repository/New Folder/Page_Checkatrade Give your feedback/input_Name_ctl00contenttbCustomerName'

2019-10-31 15:43:30 - [TEST_STEP][PASSED] - "----------------------": null

2019-10-31 15:43:30 - [TEST_STEP][PASSED] - " Name of you company  |": null

2019-10-31 15:43:30 - [TEST_STEP][PASSED] - if (YD_Consumer_Customer == "Customer"): null

2019-10-31 15:43:30 - [TEST_STEP][PASSED] - "--------------------": null

2019-10-31 15:43:30 - [TEST_STEP][PASSED] - "  Set Postcode     |": null

2019-10-31 15:43:30 - [TEST_STEP][PASSED] - setText(findTestObject("Object Repository/New Folder/Page_Checkatrade Give your feedback/input_Your postcode_ctl00contentctlCustomerAddresstbPostcodeSearch"), YD_Postcode): Text 'PO12 2SD' is set on object 'Object Repository/New Folder/Page_Checkatrade Give your feedback/input_Your postcode_ctl00contentctlCustomerAddresstbPostcodeSearch'

2019-10-31 15:43:30 - [MESSAGE][PASSED] - Text 'PO12 2SD' is set on object 'Object Repository/New Folder/Page_Checkatrade Give your feedback/input_Your postcode_ctl00contentctlCustomerAddresstbPostcodeSearch'

2019-10-31 15:43:30 - [TEST_STEP][PASSED] - "-----------------------------": null

2019-10-31 15:43:30 - [TEST_STEP][PASSED] - "  Address Lookup Selection   |": null

2019-10-31 15:43:30 - [TEST_STEP][PASSED] - click(findTestObject("Object Repository/New Folder/Page_Checkatrade Give your feedback/input_Your postcode_ctl00contentctlCustomerAddressbtnPostcodeLookup")): Object: 'Object Repository/New Folder/Page_Checkatrade Give your feedback/input_Your postcode_ctl00contentctlCustomerAddressbtnPostcodeLookup' is clicked on

2019-10-31 15:43:31 - [MESSAGE][PASSED] - Object: 'Object Repository/New Folder/Page_Checkatrade Give your feedback/input_Your postcode_ctl00contentctlCustomerAddressbtnPostcodeLookup' is clicked on

2019-10-31 15:43:31 - [TEST_STEP][PASSED] - "-----------------------------": null

2019-10-31 15:43:31 - [TEST_STEP][PASSED] - "  Address Lookup Set         |": null

2019-10-31 15:43:31 - [TEST_STEP][PASSED] - selectOptionByLabel(findTestObject("Object Repository/New Folder/Page_Checkatrade Give your feedback/select_Please select your address"), YD_Verify_Address, true): All options with label '26 Broadsands Drive,Gosport,Hampshire,PO12 2SD' are selected in object 'Object Repository/New Folder/Page_Checkatrade Give your feedback/select_Please select your address'  using regular expression

2019-10-31 15:43:31 - [MESSAGE][PASSED] - All options with label '26 Broadsands Drive,Gosport,Hampshire,PO12 2SD' are selected in object 'Object Repository/New Folder/Page_Checkatrade Give your feedback/select_Please select your address'  using regular expression

2019-10-31 15:43:31 - [TEST_STEP][PASSED] - "-----------------------------": null

2019-10-31 15:43:31 - [TEST_STEP][PASSED] - "  Verify Returned Address    |": null

2019-10-31 15:43:31 - [TEST_STEP][PASSED] - verifyTextPresent(YD_Verify_Address, false): Text '26 Broadsands Drive,Gosport,Hampshire,PO12 2SD' is present on page 

2019-10-31 15:43:32 - [MESSAGE][PASSED] - Text '26 Broadsands Drive,Gosport,Hampshire,PO12 2SD' is present on page 

2019-10-31 15:43:32 - [MESSAGE][PASSED] - Call Test Case 'Test Cases/Reusable_Test_Sequences/Give_Feedback/Your_Details/Personal_Details_Formfill' successfully

2019-10-31 15:43:32 - [TEST_STEP][PASSED] - "-------------------------------------": null

2019-10-31 15:43:32 - [TEST_STEP][PASSED] - " Fil Contact Details                 |": null

2019-10-31 15:43:32 - [TEST_STEP][PASSED] - callTestCase(findTestCase("Reusable_Test_Sequences/Give_Feedback/Your_Details/Contact_Details_Formfill"), [:], CONTINUE_ON_FAILURE): Call Test Case 'Test Cases/Reusable_Test_Sequences/Give_Feedback/Your_Details/Contact_Details_Formfill' successfully

2019-10-31 15:43:32 - [TEST_CASE][PASSED] - Test Cases/Reusable_Test_Sequences/Give_Feedback/Your_Details/Contact_Details_Formfill: Test Cases/Reusable_Test_Sequences/Give_Feedback/Your_Details/Contact_Details_Formfill

2019-10-31 15:43:32 - [TEST_STEP][PASSED] - "--------------------------------": null

2019-10-31 15:43:32 - [TEST_STEP][PASSED] - "Read data from spreadsheet      |": null

2019-10-31 15:43:32 - [TEST_STEP][PASSED] - data = findTestData("Data Files/Give_Feedback (1)"): null

2019-10-31 15:43:32 - [TEST_STEP][PASSED] - YD_Home_Phone = data.getValue("YD_Home_Phone", row): null

2019-10-31 15:43:32 - [TEST_STEP][PASSED] - YD_Name = data.getValue("YD_Name", row): null

2019-10-31 15:43:32 - [TEST_STEP][PASSED] - YD_Best_Contact_Time = data.getValue("YD_Best_Contact_Time", row): null

2019-10-31 15:43:32 - [TEST_STEP][PASSED] - YD_Email = data.getValue("YD_Email", row): null

2019-10-31 15:43:32 - [TEST_STEP][PASSED] - YD_Mobile = data.getValue("YD_Mobile", row): null

2019-10-31 15:43:32 - [TEST_STEP][PASSED] - YD_Consumer_Customer = data.getValue("YD_Consumer_Customer", row): null

2019-10-31 15:43:32 - [TEST_STEP][PASSED] - out.println("Your Experience, Your details, Set the " + YD_Home_Phone + " Text Box "): null

2019-10-31 15:43:32 - [TEST_STEP][PASSED] - "------------------------------": null

2019-10-31 15:43:32 - [TEST_STEP][PASSED] - "  Set Home Telephone Number   |": null

2019-10-31 15:43:32 - [TEST_STEP][PASSED] - setText(findTestObject("Object Repository/New Folder/Page_Checkatrade Give your feedback/input_Home telephone_ctl00contenttbCustomerHomePhone"), YD_Home_Phone): Text '02392123456' is set on object 'Object Repository/New Folder/Page_Checkatrade Give your feedback/input_Home telephone_ctl00contenttbCustomerHomePhone'

2019-10-31 15:43:32 - [MESSAGE][PASSED] - Text '02392123456' is set on object 'Object Repository/New Folder/Page_Checkatrade Give your feedback/input_Home telephone_ctl00contenttbCustomerHomePhone'

2019-10-31 15:43:32 - [TEST_STEP][PASSED] - "------------------------------": null

2019-10-31 15:43:32 - [TEST_STEP][PASSED] - "  Set Best Time to Contact    |": null

2019-10-31 15:43:32 - [TEST_STEP][PASSED] - if (YD_Consumer_Customer == "Consumer"): Text 'Any Tme' is set on object 'Object Repository/New Folder/Page_Checkatrade Give your feedback/input_Best time to contact you_ctl00contenttbCustomerContactTime'

2019-10-31 15:43:32 - [TEST_STEP][PASSED] - setText(findTestObject("Object Repository/New Folder/Page_Checkatrade Give your feedback/input_Best time to contact you_ctl00contenttbCustomerContactTime"), YD_Best_Contact_Time): Text 'Any Tme' is set on object 'Object Repository/New Folder/Page_Checkatrade Give your feedback/input_Best time to contact you_ctl00contenttbCustomerContactTime'

2019-10-31 15:43:32 - [MESSAGE][PASSED] - Text 'Any Tme' is set on object 'Object Repository/New Folder/Page_Checkatrade Give your feedback/input_Best time to contact you_ctl00contenttbCustomerContactTime'

2019-10-31 15:43:32 - [TEST_STEP][PASSED] - "------------------------------": null

2019-10-31 15:43:32 - [TEST_STEP][PASSED] - "  Set Email Address           |": null

2019-10-31 15:43:32 - [TEST_STEP][PASSED] - setText(findTestObject("Object Repository/New Folder/Page_Checkatrade Give your feedback/input_Email_ctl00contenttbCustomerEmail"), YD_Email): Text 'Test_xxxxxx@xdxdxdxd.com' is set on object 'Object Repository/New Folder/Page_Checkatrade Give your feedback/input_Email_ctl00contenttbCustomerEmail'

2019-10-31 15:43:32 - [MESSAGE][PASSED] - Text 'Test_xxxxxx@xdxdxdxd.com' is set on object 'Object Repository/New Folder/Page_Checkatrade Give your feedback/input_Email_ctl00contenttbCustomerEmail'

2019-10-31 15:43:32 - [TEST_STEP][PASSED] - "------------------------------": null

2019-10-31 15:43:32 - [TEST_STEP][PASSED] - "  Set Mobile Telephone Number |": null

2019-10-31 15:43:32 - [TEST_STEP][PASSED] - setText(findTestObject("Object Repository/New Folder/Page_Checkatrade Give your feedback/input_Mobile_ctl00contenttbCustomerMobile"), YD_Mobile): Text '07788123456' is set on object 'Object Repository/New Folder/Page_Checkatrade Give your feedback/input_Mobile_ctl00contenttbCustomerMobile'

2019-10-31 15:43:32 - [MESSAGE][PASSED] - Text '07788123456' is set on object 'Object Repository/New Folder/Page_Checkatrade Give your feedback/input_Mobile_ctl00contenttbCustomerMobile'

2019-10-31 15:43:32 - [MESSAGE][PASSED] - Call Test Case 'Test Cases/Reusable_Test_Sequences/Give_Feedback/Your_Details/Contact_Details_Formfill' successfully

2019-10-31 15:43:32 - [TEST_STEP][PASSED] - "-------------------------------------": null

2019-10-31 15:43:32 - [TEST_STEP][PASSED] - " CHeckatrade Questions               |": null

2019-10-31 15:43:32 - [TEST_STEP][PASSED] - callTestCase(findTestCase("Reusable_Test_Sequences/Give_Feedback/Your_Details/Checkatrade_Questions"), [:], CONTINUE_ON_FAILURE): Call Test Case 'Test Cases/Reusable_Test_Sequences/Give_Feedback/Your_Details/Checkatrade_Questions' successfully

2019-10-31 15:43:32 - [TEST_CASE][PASSED] - Test Cases/Reusable_Test_Sequences/Give_Feedback/Your_Details/Checkatrade_Questions: Test Cases/Reusable_Test_Sequences/Give_Feedback/Your_Details/Checkatrade_Questions

2019-10-31 15:43:32 - [TEST_STEP][PASSED] - "--------------------------------": null

2019-10-31 15:43:32 - [TEST_STEP][PASSED] - "Read data from spreadsheet      |": null

2019-10-31 15:43:32 - [TEST_STEP][PASSED] - data = findTestData("Data Files/Give_Feedback (1)"): null

2019-10-31 15:43:32 - [TEST_STEP][PASSED] - YD_Feedback_Method = data.getValue("YD_Feedback_Method", row): null

2019-10-31 15:43:32 - [TEST_STEP][PASSED] - YD_How_Did_You_Hear = data.getValue("YD_How_Did_You_Hear", row): null

2019-10-31 15:43:32 - [TEST_STEP][PASSED] - YD_Other_Response = data.getValue("YD_Other_Response", row): null

2019-10-31 15:43:32 - [TEST_STEP][PASSED] - YD_Reason_For_Tradeperson_Selection = data.getValue("YD_Reason_For_Tradeperson_Selection", row): null

2019-10-31 15:43:32 - [TEST_STEP][PASSED] - YD_Receive_Chekatrade_Updates = data.getValue("YD_Receive_Chekatrade_Updates", row): null

2019-10-31 15:43:32 - [TEST_STEP][PASSED] - YD_Receive_Third_Party_Updates = data.getValue("YD_Receive_Third_Party_Updates", row): null

2019-10-31 15:43:32 - [TEST_STEP][PASSED] - out.println("Your Experience, Your details, Set the " + YD_Feedback_Method + " Text Box "): null

2019-10-31 15:43:32 - [TEST_STEP][PASSED] - "------------------------------------": null

2019-10-31 15:43:32 - [TEST_STEP][PASSED] - "  Set Verify Options - SMS OR Email |": null

2019-10-31 15:43:32 - [TEST_STEP][PASSED] - if (YD_Feedback_Method == "email"): Wait for page load successfully

2019-10-31 15:43:32 - [TEST_STEP][PASSED] - click(findTestObject("Object Repository/Page_Checkatrade Give your feedback/span_Verify by email")): Object: 'Object Repository/Page_Checkatrade Give your feedback/span_Verify by email' is clicked on

2019-10-31 15:43:33 - [MESSAGE][PASSED] - Object: 'Object Repository/Page_Checkatrade Give your feedback/span_Verify by email' is clicked on

2019-10-31 15:43:33 - [TEST_STEP][PASSED] - waitForPageLoad(2): Wait for page load successfully

2019-10-31 15:43:33 - [MESSAGE][PASSED] - Wait for page load successfully

2019-10-31 15:43:33 - [TEST_STEP][PASSED] - "--------------------------------------": null

2019-10-31 15:43:33 - [TEST_STEP][PASSED] - " Scroll to <Next> Button              |": null

2019-10-31 15:43:33 - [TEST_STEP][PASSED] - scrollToPosition(200, 0): Browser is scrolled to position x = 200, y = 0

2019-10-31 15:43:33 - [MESSAGE][PASSED] - Browser is scrolled to position x = 200, y = 0

2019-10-31 15:43:33 - [TEST_STEP][PASSED] - "--------------------------------------": null

2019-10-31 15:43:33 - [TEST_STEP][PASSED] - "  Set How You Heard About Checkatrade |": null

2019-10-31 15:43:33 - [TEST_STEP][PASSED] - waitForPageLoad(2): Wait for page load successfully

2019-10-31 15:43:33 - [MESSAGE][PASSED] - Wait for page load successfully

2019-10-31 15:43:33 - [TEST_STEP][PASSED] - selectOptionByLabel(findTestObject("Object Repository/Page_Checkatrade Give your feedback/select_Please selectTVRadioOnlineDirectoryWord"), YD_How_Did_You_Hear, true): All options with label 'Online' are selected in object 'Object Repository/Page_Checkatrade Give your feedback/select_Please selectTVRadioOnlineDirectoryWord'  using regular expression

2019-10-31 15:43:33 - [MESSAGE][PASSED] - All options with label 'Online' are selected in object 'Object Repository/Page_Checkatrade Give your feedback/select_Please selectTVRadioOnlineDirectoryWord'  using regular expression

2019-10-31 15:43:33 - [TEST_STEP][PASSED] - "--------------------------------------": null

2019-10-31 15:43:33 - [TEST_STEP][PASSED] - "  How did you hear about Textbox      |": null

2019-10-31 15:43:33 - [TEST_STEP][PASSED] - if (YD_How_Did_You_Hear == "Other"): null

2019-10-31 15:43:33 - [TEST_STEP][PASSED] - "--------------------------------------": null

2019-10-31 15:43:33 - [TEST_STEP][PASSED] - "  Why Use The Selected Tradesperson   |": null

2019-10-31 15:43:33 - [TEST_STEP][PASSED] - selectOptionByIndex(findTestObject("Object Repository/New Folder/Page_Checkatrade Give your feedback/select_Prefer not to sayFound the Tradesperson via CheckatradecomDirected to Checkatradecom by the Tradesperson"), 2): All options with index in [2] are selected on object 'Object Repository/New Folder/Page_Checkatrade Give your feedback/select_Prefer not to sayFound the Tradesperson via CheckatradecomDirected to Checkatradecom by the Tradesperson'

2019-10-31 15:43:34 - [MESSAGE][PASSED] - All options with index in [2] are selected on object 'Object Repository/New Folder/Page_Checkatrade Give your feedback/select_Prefer not to sayFound the Tradesperson via CheckatradecomDirected to Checkatradecom by the Tradesperson'

2019-10-31 15:43:34 - [TEST_STEP][PASSED] - "----------------------------------------------------": null

2019-10-31 15:43:34 - [TEST_STEP][PASSED] - " Select - I am happy to receive Updates - Checkatra |": null

2019-10-31 15:43:34 - [TEST_STEP][PASSED] - if (YD_Receive_Chekatrade_Updates == "Yes"): Wait for page load successfully

2019-10-31 15:43:34 - [TEST_STEP][PASSED] - click(findTestObject("Object Repository/New Folder/Page_Checkatrade Give your feedback/input_I am happy to receive updates from Checkatrade_ctl00contentchkEmailUpdates")): Object: 'Object Repository/New Folder/Page_Checkatrade Give your feedback/input_I am happy to receive updates from Checkatrade_ctl00contentchkEmailUpdates' is clicked on

2019-10-31 15:43:34 - [MESSAGE][PASSED] - Object: 'Object Repository/New Folder/Page_Checkatrade Give your feedback/input_I am happy to receive updates from Checkatrade_ctl00contentchkEmailUpdates' is clicked on

2019-10-31 15:43:34 - [TEST_STEP][PASSED] - waitForPageLoad(2): Wait for page load successfully

2019-10-31 15:43:35 - [MESSAGE][PASSED] - Wait for page load successfully

2019-10-31 15:43:35 - [TEST_STEP][PASSED] - "----------------------------------------------------": null

2019-10-31 15:43:35 - [TEST_STEP][PASSED] - " Select - I am happy to receive Updates - 3rd party |": null

2019-10-31 15:43:35 - [TEST_STEP][PASSED] - if (YD_Receive_Third_Party_Updates == "Yes"): Wait for page load successfully

2019-10-31 15:43:35 - [TEST_STEP][PASSED] - click(findTestObject("Object Repository/New Folder/Page_Checkatrade Give your feedback/label_I am happy to receive updates from selected third parties")): Object: 'Object Repository/New Folder/Page_Checkatrade Give your feedback/label_I am happy to receive updates from selected third parties' is clicked on

2019-10-31 15:43:35 - [MESSAGE][PASSED] - Object: 'Object Repository/New Folder/Page_Checkatrade Give your feedback/label_I am happy to receive updates from selected third parties' is clicked on

2019-10-31 15:43:35 - [TEST_STEP][PASSED] - waitForPageLoad(2): Wait for page load successfully

2019-10-31 15:43:35 - [MESSAGE][PASSED] - Wait for page load successfully

2019-10-31 15:43:35 - [TEST_STEP][PASSED] - "--------------------------------------": null

2019-10-31 15:43:35 - [TEST_STEP][PASSED] - "   SUBMIT Page                        |": null

2019-10-31 15:43:35 - [TEST_STEP][PASSED] - click(findTestObject("Object Repository/New Folder/Page_Checkatrade Give your feedback/input_here_ctl00contentButtonSubmit")): Object: 'Object Repository/New Folder/Page_Checkatrade Give your feedback/input_here_ctl00contentButtonSubmit' is clicked on

2019-10-31 15:43:36 - [MESSAGE][PASSED] - Object: 'Object Repository/New Folder/Page_Checkatrade Give your feedback/input_here_ctl00contentButtonSubmit' is clicked on

2019-10-31 15:43:36 - [TEST_STEP][PASSED] - waitForPageLoad(2): Wait for page load successfully

2019-10-31 15:43:36 - [MESSAGE][PASSED] - Wait for page load successfully

2019-10-31 15:43:36 - [MESSAGE][PASSED] - Call Test Case 'Test Cases/Reusable_Test_Sequences/Give_Feedback/Your_Details/Checkatrade_Questions' successfully

2019-10-31 15:43:36 - [MESSAGE][PASSED] - Call Test Case 'Test Cases/Reusable_Test_Sequences/Give_Feedback/Your_Details/Your_Details_Validation' successfully

2019-10-31 15:43:36 - [TEST_STEP][PASSED] - "--------------------------------------": null

2019-10-31 15:43:36 - [TEST_STEP][PASSED] - " Further Info (page 4) Processing     |": null

2019-10-31 15:43:36 - [TEST_STEP][PASSED] - callTestCase(findTestCase("Reusable_Test_Sequences/Give_Feedback/Further_Infomation/Further_Infomation_Validation"), [:], CONTINUE_ON_FAILURE): Call Test Case 'Test Cases/Reusable_Test_Sequences/Give_Feedback/Further_Infomation/Further_Infomation_Validation' successfully

2019-10-31 15:43:36 - [TEST_CASE][PASSED] - Test Cases/Reusable_Test_Sequences/Give_Feedback/Further_Infomation/Further_Infomation_Validation: Test Cases/Reusable_Test_Sequences/Give_Feedback/Further_Infomation/Further_Infomation_Validation

2019-10-31 15:43:36 - [TEST_STEP][PASSED] - "--------------------------------": null

2019-10-31 15:43:36 - [TEST_STEP][PASSED] - " Set the Value of Work Textbox  |": null

2019-10-31 15:43:36 - [TEST_STEP][PASSED] - waitForElementPresent(findTestObject("Object Repository/New Folder1/Page_Checkatrade Give your feedback/input_Value Of Work_ctl00contenttbValueOfWork"), 25): Object 'Object Repository/New Folder1/Page_Checkatrade Give your feedback/input_Value Of Work_ctl00contenttbValueOfWork' is present

2019-10-31 15:43:36 - [MESSAGE][PASSED] - Object 'Object Repository/New Folder1/Page_Checkatrade Give your feedback/input_Value Of Work_ctl00contenttbValueOfWork' is present

2019-10-31 15:43:36 - [TEST_STEP][PASSED] - setText(findTestObject("Object Repository/New Folder1/Page_Checkatrade Give your feedback/input_Value Of Work_ctl00contenttbValueOfWork"), "0"): Text '0' is set on object 'Object Repository/New Folder1/Page_Checkatrade Give your feedback/input_Value Of Work_ctl00contenttbValueOfWork'

2019-10-31 15:43:36 - [MESSAGE][PASSED] - Text '0' is set on object 'Object Repository/New Folder1/Page_Checkatrade Give your feedback/input_Value Of Work_ctl00contenttbValueOfWork'

2019-10-31 15:43:36 - [TEST_STEP][PASSED] - "--------------------------------": null

2019-10-31 15:43:36 - [TEST_STEP][PASSED] - "Hit <Submit> button to Commit   |": null

2019-10-31 15:43:36 - [TEST_STEP][PASSED] - click(findTestObject("Object Repository/New Folder/Page_Checkatrade Give your feedback/input_Value Of Work_ctl00contentButton1")): Object: 'Object Repository/New Folder/Page_Checkatrade Give your feedback/input_Value Of Work_ctl00contentButton1' is clicked on

2019-10-31 15:43:42 - [MESSAGE][PASSED] - Object: 'Object Repository/New Folder/Page_Checkatrade Give your feedback/input_Value Of Work_ctl00contentButton1' is clicked on

2019-10-31 15:43:42 - [MESSAGE][PASSED] - Call Test Case 'Test Cases/Reusable_Test_Sequences/Give_Feedback/Further_Infomation/Further_Infomation_Validation' successfully

2019-10-31 15:43:42 - [TEST_STEP][PASSED] - "--------------------------------------": null

2019-10-31 15:43:42 - [TEST_STEP][PASSED] - " Thank You! (page 5) Processing       |": null

2019-10-31 15:43:42 - [TEST_STEP][PASSED] - callTestCase(findTestCase("Reusable_Test_Sequences/Give_Feedback/Final_Page"), [:], CONTINUE_ON_FAILURE): Call Test Case 'Test Cases/Reusable_Test_Sequences/Give_Feedback/Final_Page' successfully

2019-10-31 15:43:42 - [TEST_CASE][PASSED] - Test Cases/Reusable_Test_Sequences/Give_Feedback/Final_Page: Test Cases/Reusable_Test_Sequences/Give_Feedback/Final_Page

2019-10-31 15:43:42 - [TEST_STEP][PASSED] - waitForPageLoad(2): Wait for page load successfully

2019-10-31 15:43:42 - [MESSAGE][PASSED] - Wait for page load successfully

2019-10-31 15:43:42 - [TEST_STEP][PASSED] - "--------------------------------": null

2019-10-31 15:43:42 - [TEST_STEP][PASSED] - "Read data from spreadsheet      |": null

2019-10-31 15:43:42 - [TEST_STEP][PASSED] - data = findTestData("Data Files/Give_Feedback (1)"): null

2019-10-31 15:43:42 - [TEST_STEP][PASSED] - Account_Verification_Name = data.getValue("Account_Verification_Name", row): null

2019-10-31 15:43:42 - [TEST_STEP][PASSED] - YE_Recommend = data.getValue("YE_Recommendations", row): null

2019-10-31 15:43:42 - [TEST_STEP][PASSED] - YE_Work_Carried_Out = data.getValue("YE_Work_Carried_Out", row): null

2019-10-31 15:43:42 - [TEST_STEP][PASSED] - waitForElementVisible(findTestObject("Object Repository/New Folder/Page_Checkatrade Give your feedback/a_Finish"), 25): Object 'Object Repository/New Folder/Page_Checkatrade Give your feedback/a_Finish' is visible

2019-10-31 15:43:54 - [MESSAGE][PASSED] - Object 'Object Repository/New Folder/Page_Checkatrade Give your feedback/a_Finish' is visible

2019-10-31 15:43:54 - [TEST_STEP][PASSED] - "------------------------------------": null

2019-10-31 15:43:54 - [TEST_STEP][PASSED] - "  Verify Page Detail                |": null

2019-10-31 15:43:54 - [TEST_STEP][PASSED] - if (YE_Recommend == "Yes"): Text 'Finish' is present on page 

2019-10-31 15:43:54 - [TEST_STEP][PASSED] - verifyTextPresent("A Checkatrade staff member will now review your feedback for", false): Text 'A Checkatrade staff member will now review your feedback for' is present on page 

2019-10-31 15:43:55 - [MESSAGE][PASSED] - Text 'A Checkatrade staff member will now review your feedback for' is present on page 

2019-10-31 15:43:55 - [TEST_STEP][PASSED] - verifyTextPresent(Account_Verification_Name, false): Text 'Test Account' is present on page 

2019-10-31 15:43:55 - [MESSAGE][PASSED] - Text 'Test Account' is present on page 

2019-10-31 15:43:55 - [TEST_STEP][PASSED] - verifyTextPresent("Finish", false): Text 'Finish' is present on page 

2019-10-31 15:43:55 - [MESSAGE][PASSED] - Text 'Finish' is present on page 

2019-10-31 15:43:55 - [TEST_STEP][PASSED] - verifyTextPresent("Thank you", true): Text 'Thank you' is present on page  using regular expression

2019-10-31 15:43:55 - [MESSAGE][PASSED] - Text 'Thank you' is present on page  using regular expression

2019-10-31 15:43:55 - [TEST_STEP][PASSED] - "------------------------------------": null

2019-10-31 15:43:55 - [TEST_STEP][PASSED] - "  Hit Finish                        |": null

2019-10-31 15:43:55 - [TEST_STEP][PASSED] - click(findTestObject("Object Repository/New Folder/Page_Checkatrade Give your feedback/a_Finish")): Object: 'Object Repository/New Folder/Page_Checkatrade Give your feedback/a_Finish' is clicked on

2019-10-31 15:43:56 - [MESSAGE][PASSED] - Object: 'Object Repository/New Folder/Page_Checkatrade Give your feedback/a_Finish' is clicked on

2019-10-31 15:43:56 - [MESSAGE][PASSED] - Call Test Case 'Test Cases/Reusable_Test_Sequences/Give_Feedback/Final_Page' successfully

2019-10-31 15:43:56 - [TEST_STEP][PASSED] - "--------------------------------------": null

2019-10-31 15:43:56 - [TEST_STEP][PASSED] - " Processing Completion                |": null

2019-10-31 15:43:56 - [TEST_STEP][PASSED] - "--------------------------------------": null

2019-10-31 15:43:56 - [TEST_STEP][PASSED] - "--------------------------": null

2019-10-31 15:43:56 - [TEST_STEP][PASSED] - " Teardown - CLose Browser |": null

2019-10-31 15:43:56 - [TEST_STEP][PASSED] - callTestCase(findTestCase("Reusable_Test_Sequences/CAT_Teardown"), [:], STOP_ON_FAILURE): Call Test Case 'Test Cases/Reusable_Test_Sequences/CAT_Teardown' successfully

2019-10-31 15:43:56 - [TEST_CASE][PASSED] - Test Cases/Reusable_Test_Sequences/CAT_Teardown: Test Cases/Reusable_Test_Sequences/CAT_Teardown

2019-10-31 15:43:56 - [TEST_STEP][PASSED] - closeBrowser(): Browser is closed

2019-10-31 15:43:57 - [MESSAGE][PASSED] - Browser is closed

2019-10-31 15:43:57 - [MESSAGE][PASSED] - Call Test Case 'Test Cases/Reusable_Test_Sequences/CAT_Teardown' successfully

2019-10-31 15:43:58 - [TEST_STEP][PASSED] - "--------------------------": null

2019-10-31 15:43:58 - [TEST_STEP][PASSED] - " Break Out of FOR Loop    |": null

2019-10-31 15:43:58 - [TEST_STEP][PASSED] - if (row > 1): null

2019-10-31 15:43:58 - [TEST_STEP][PASSED] - break: null]]></system-out>
         <system-err><![CDATA[]]></system-err>
      </testcase>
      <system-out><![CDATA[2019-10-31 15:38:15 - [TEST_SUITE][PASSED] - Give_Feedback: Test Cases/Give_Feedback/Give_Feedback_Validation]]></system-out>
      <system-err><![CDATA[]]></system-err>
   </testsuite>
   <testsuite name="Trades_Apply_Here" tests="2" failures="0" errors="0" time="72.467" timestamp="2019-10-31 15:38:16" hostname="DavidHo - VETTEDSP36RF.check.local" id="Test Suites/Trades_Apply_Here">
      <properties>
         <property name="deviceName" value=""/>
         <property name="devicePlatform" value=""/>
         <property name="logFolder" value="C:\\Users\\davidho\\Katalon Studio\\Start\\Reports\\20191031_153516\\Trades_Apply_Here\\20191031_153524"/>
         <property name="logFiles" value="C:\\Users\\davidho\\Katalon Studio\\Start\\Reports\\20191031_153516\\Trades_Apply_Here\\20191031_153524\\execution0.log"/>
         <property name="attachments" value=""/>
         <property name="hostName" value="DavidHo - VETTEDSP36RF.check.local"/>
         <property name="os" value="Windows 10 32bit"/>
         <property name="katalonVersion" value="7.0.5.1"/>
         <property name="browser" value="Chrome 78.0.3904.70"/>
         <property name="hostAddress" value="10.0.11.243"/>
         <property name="sessionId" value="63930049d2581a5220e9a067bfc08cc2"/>
         <property name="seleniumVersion" value="3.141.59"/>
         <property name="proxyInformation" value="ProxyInformation{proxyOption=NO_PROXY, proxyServerType=HTTP, password=, proxyServerAddress=, proxyServerPort=0}"/>
         <property name="platform" value="Windows 10"/>
      </properties>
      <testcase name="Test Cases/Sign_Up/Trades_Apply_Here_Validation" time="45.718" classname="Test Cases/Sign_Up/Trades_Apply_Here_Validation" status="PASSED">
         <system-out><![CDATA[2019-10-31 15:38:16 - [TEST_CASE][PASSED] - Test Cases/Sign_Up/Trades_Apply_Here_Validation: Test Cases/Sign_Up/Trades_Apply_Here_Validation

2019-10-31 15:38:17 - [TEST_STEP][PASSED] - callTestCase(findTestCase("Reusable_Test_Sequences/CAT_Setup"), [:], OPTIONAL): Call Test Case 'Test Cases/Reusable_Test_Sequences/CAT_Setup' successfully

2019-10-31 15:38:17 - [TEST_CASE][PASSED] - Test Cases/Reusable_Test_Sequences/CAT_Setup: Test Cases/Reusable_Test_Sequences/CAT_Setup

2019-10-31 15:38:17 - [TEST_STEP][PASSED] - "URL - Set from the ENVIRONMENT PROFILE ": null

2019-10-31 15:38:17 - [TEST_STEP][PASSED] - openBrowser(URL): Browser is opened with url: 'https://www.preview.checkatrade.com/'

2019-10-31 15:38:18 - [MESSAGE][INFO] - Starting 'Chrome' driver

2019-10-31 15:38:18 - [MESSAGE][INFO] - Action delay is set to 0 seconds

2019-10-31 15:38:30 - [MESSAGE][PASSED] - Browser is opened with url: 'https://www.preview.checkatrade.com/'

2019-10-31 15:38:30 - [TEST_STEP][PASSED] - maximizeWindow(): Current window maximized

2019-10-31 15:38:34 - [MESSAGE][PASSED] - Current window maximized

2019-10-31 15:38:34 - [TEST_STEP][PASSED] - waitForPageLoad(60): Wait for page load successfully

2019-10-31 15:38:34 - [MESSAGE][PASSED] - Wait for page load successfully

2019-10-31 15:38:34 - [TEST_STEP][PASSED] - waitForElementVisible(findTestObject("Page_Checkatrade Find a tradesperson you can trust/a_Search"), 25): Object 'Object Repository/Page_Checkatrade Find a tradesperson you can trust/a_Search' is visible

2019-10-31 15:38:35 - [MESSAGE][PASSED] - Object 'Object Repository/Page_Checkatrade Find a tradesperson you can trust/a_Search' is visible

2019-10-31 15:38:35 - [TEST_STEP][PASSED] - try: Text 'Checkatrade.com uses cookies to make sure you get the best browsing experience' is not present on page

2019-10-31 15:38:35 - [TEST_STEP][PASSED] - if (verifyElementPresent(findTestObject("Page_Checkatrade Find a tradesperson you can trust/div_close"), 1, OPTIONAL)): Text 'Checkatrade.com uses cookies to make sure you get the best browsing experience' is not present on page

2019-10-31 15:38:35 - [MESSAGE][PASSED] - Object 'Object Repository/Page_Checkatrade Find a tradesperson you can trust/div_close' is present

2019-10-31 15:38:35 - [TEST_STEP][PASSED] - click(findTestObject("Page_Checkatrade Find a tradesperson you can trust/div_close")): Object: 'Object Repository/Page_Checkatrade Find a tradesperson you can trust/div_close' is clicked on

2019-10-31 15:38:35 - [MESSAGE][PASSED] - Object: 'Object Repository/Page_Checkatrade Find a tradesperson you can trust/div_close' is clicked on

2019-10-31 15:38:35 - [TEST_STEP][PASSED] - "---------------------------------": null

2019-10-31 15:38:35 - [TEST_STEP][PASSED] - "COOKIE POPOUT REMOVED - Confirmed": null

2019-10-31 15:38:35 - [TEST_STEP][PASSED] - delay(1): Delayed 1 second(s)

2019-10-31 15:38:36 - [MESSAGE][PASSED] - Delayed 1 second(s)

2019-10-31 15:38:36 - [TEST_STEP][PASSED] - verifyTextNotPresent("Checkatrade.com uses cookies to make sure you get the best browsing experience", false): Text 'Checkatrade.com uses cookies to make sure you get the best browsing experience' is not present on page

2019-10-31 15:38:36 - [MESSAGE][PASSED] - Text 'Checkatrade.com uses cookies to make sure you get the best browsing experience' is not present on page

2019-10-31 15:38:36 - [TEST_STEP][PASSED] - try: Text 'We have updated our Privacy Policy, please review this' is not present on page

2019-10-31 15:38:36 - [TEST_STEP][PASSED] - if (verifyElementPresent(findTestObject("Page_Checkatrade Find a tradesperson you can trust/div_close_1"), 1, OPTIONAL)): Text 'We have updated our Privacy Policy, please review this' is not present on page

2019-10-31 15:38:36 - [MESSAGE][PASSED] - Object 'Object Repository/Page_Checkatrade Find a tradesperson you can trust/div_close_1' is present

2019-10-31 15:38:36 - [TEST_STEP][PASSED] - click(findTestObject("Page_Checkatrade Find a tradesperson you can trust/div_close_1")): Object: 'Object Repository/Page_Checkatrade Find a tradesperson you can trust/div_close_1' is clicked on

2019-10-31 15:38:36 - [MESSAGE][PASSED] - Object: 'Object Repository/Page_Checkatrade Find a tradesperson you can trust/div_close_1' is clicked on

2019-10-31 15:38:36 - [TEST_STEP][PASSED] - "---------------------------------": null

2019-10-31 15:38:36 - [TEST_STEP][PASSED] - "PRIVACY POPOUT REMOVED - Confirmed": null

2019-10-31 15:38:36 - [TEST_STEP][PASSED] - delay(1): Delayed 1 second(s)

2019-10-31 15:38:37 - [MESSAGE][PASSED] - Delayed 1 second(s)

2019-10-31 15:38:37 - [TEST_STEP][PASSED] - verifyTextNotPresent("We have updated our Privacy Policy, please review this", false): Text 'We have updated our Privacy Policy, please review this' is not present on page

2019-10-31 15:38:38 - [MESSAGE][PASSED] - Text 'We have updated our Privacy Policy, please review this' is not present on page

2019-10-31 15:38:38 - [MESSAGE][PASSED] - Call Test Case 'Test Cases/Reusable_Test_Sequences/CAT_Setup' successfully

2019-10-31 15:38:38 - [TEST_STEP][PASSED] - "--------------------------------------": null

2019-10-31 15:38:38 - [TEST_STEP][PASSED] - " Hit the <TRADES, APPLY HERE> Button  |": null

2019-10-31 15:38:38 - [TEST_STEP][PASSED] - callTestCase(findTestCase("Reusable_Test_Sequences/TRADES_Application/Hit_Signup"), [:], OPTIONAL): Call Test Case 'Test Cases/Reusable_Test_Sequences/TRADES_Application/Hit_Signup' successfully

2019-10-31 15:38:38 - [TEST_CASE][PASSED] - Test Cases/Reusable_Test_Sequences/TRADES_Application/Hit_Signup: Test Cases/Reusable_Test_Sequences/TRADES_Application/Hit_Signup

2019-10-31 15:38:38 - [TEST_STEP][PASSED] - click(findTestObject("Object Repository/Page_Checkatrade Find a tradesperson you can trust/a_Trades                                apply here")): Object: 'Object Repository/Page_Checkatrade Find a tradesperson you can trust/a_Trades                                apply here' is clicked on

2019-10-31 15:38:40 - [MESSAGE][PASSED] - Object: 'Object Repository/Page_Checkatrade Find a tradesperson you can trust/a_Trades                                apply here' is clicked on

2019-10-31 15:38:40 - [MESSAGE][PASSED] - Call Test Case 'Test Cases/Reusable_Test_Sequences/TRADES_Application/Hit_Signup' successfully

2019-10-31 15:38:40 - [TEST_STEP][PASSED] - "---------------------------------------------------------------------------": null

2019-10-31 15:38:40 - [TEST_STEP][PASSED] - " Hit the <SUBMIT> Button  | Attempt a COMMITAL of form with no data filled |": null

2019-10-31 15:38:40 - [TEST_STEP][PASSED] - callTestCase(findTestCase("Reusable_Test_Sequences/TRADES_Application/Hit_Submit"), [:], CONTINUE_ON_FAILURE): Call Test Case 'Test Cases/Reusable_Test_Sequences/TRADES_Application/Hit_Submit' successfully

2019-10-31 15:38:40 - [TEST_CASE][PASSED] - Test Cases/Reusable_Test_Sequences/TRADES_Application/Hit_Submit: Test Cases/Reusable_Test_Sequences/TRADES_Application/Hit_Submit

2019-10-31 15:38:40 - [TEST_STEP][PASSED] - "----------------------------------------------------------------------------------": null

2019-10-31 15:38:40 - [TEST_STEP][PASSED] - "SUBMIT BUTTON IS OFF THE BOTTOM OF THE PAGE - SO NEED TO SCROLL TO BOTTOM OF PAGE  |": null

2019-10-31 15:38:40 - [TEST_STEP][PASSED] - scrollToElement(findTestObject("Object Repository/Page_Checkatrade Want to build your business/input_membership terms and conditions_ctl00contentbtnSubmit"), 5): Scroll to object 'Object Repository/Page_Checkatrade Want to build your business/input_membership terms and conditions_ctl00contentbtnSubmit' successfully

2019-10-31 15:38:40 - [MESSAGE][PASSED] - Scroll to object 'Object Repository/Page_Checkatrade Want to build your business/input_membership terms and conditions_ctl00contentbtnSubmit' successfully

2019-10-31 15:38:40 - [TEST_STEP][PASSED] - delay(1): Delayed 1 second(s)

2019-10-31 15:38:41 - [MESSAGE][PASSED] - Delayed 1 second(s)

2019-10-31 15:38:41 - [TEST_STEP][PASSED] - "-------------": null

2019-10-31 15:38:41 - [TEST_STEP][PASSED] - "Click Submit |": null

2019-10-31 15:38:41 - [TEST_STEP][PASSED] - click(findTestObject("Object Repository/Page_Checkatrade Want to build your business/input_membership terms and conditions_ctl00contentbtnSubmit")): Object: 'Object Repository/Page_Checkatrade Want to build your business/input_membership terms and conditions_ctl00contentbtnSubmit' is clicked on

2019-10-31 15:38:41 - [MESSAGE][PASSED] - Object: 'Object Repository/Page_Checkatrade Want to build your business/input_membership terms and conditions_ctl00contentbtnSubmit' is clicked on

2019-10-31 15:38:41 - [MESSAGE][PASSED] - Call Test Case 'Test Cases/Reusable_Test_Sequences/TRADES_Application/Hit_Submit' successfully

2019-10-31 15:38:41 - [TEST_STEP][PASSED] - "--------------------------------------------------": null

2019-10-31 15:38:41 - [TEST_STEP][PASSED] - " Check initial Validation Message(s) are Produced |": null

2019-10-31 15:38:41 - [TEST_STEP][PASSED] - callTestCase(findTestCase("Reusable_Test_Sequences/TRADES_Application/Validation/This_Field_Is_Required"), [:], CONTINUE_ON_FAILURE): Call Test Case 'Test Cases/Reusable_Test_Sequences/TRADES_Application/Validation/This_Field_Is_Required' successfully

2019-10-31 15:38:42 - [TEST_CASE][PASSED] - Test Cases/Reusable_Test_Sequences/TRADES_Application/Validation/This_Field_Is_Required: Test Cases/Reusable_Test_Sequences/TRADES_Application/Validation/This_Field_Is_Required

2019-10-31 15:38:42 - [TEST_STEP][PASSED] - verifyTextPresent("This field is required", false): Text 'This field is required' is present on page 

2019-10-31 15:38:42 - [MESSAGE][PASSED] - Text 'This field is required' is present on page 

2019-10-31 15:38:42 - [MESSAGE][PASSED] - Call Test Case 'Test Cases/Reusable_Test_Sequences/TRADES_Application/Validation/This_Field_Is_Required' successfully

2019-10-31 15:38:42 - [TEST_STEP][PASSED] - "--------------------------------------": null

2019-10-31 15:38:42 - [TEST_STEP][PASSED] - " Set - Email Address Incorrect Form   |": null

2019-10-31 15:38:42 - [TEST_STEP][PASSED] - callTestCase(findTestCase("Reusable_Test_Sequences/TRADES_Application/Set_INVALID_Email_Address"), [:], CONTINUE_ON_FAILURE): Call Test Case 'Test Cases/Reusable_Test_Sequences/TRADES_Application/Set_INVALID_Email_Address' successfully

2019-10-31 15:38:42 - [TEST_CASE][PASSED] - Test Cases/Reusable_Test_Sequences/TRADES_Application/Set_INVALID_Email_Address: Test Cases/Reusable_Test_Sequences/TRADES_Application/Set_INVALID_Email_Address

2019-10-31 15:38:42 - [TEST_STEP][PASSED] - setText(findTestObject("Page_Checkatrade Want to build your business/input_Email Address_ctl00contenttbContactEmail"), Invalid_Email): Text 'Billy Bob' is set on object 'Object Repository/Page_Checkatrade Want to build your business/input_Email Address_ctl00contenttbContactEmail'

2019-10-31 15:38:43 - [MESSAGE][PASSED] - Text 'Billy Bob' is set on object 'Object Repository/Page_Checkatrade Want to build your business/input_Email Address_ctl00contenttbContactEmail'

2019-10-31 15:38:43 - [MESSAGE][PASSED] - Call Test Case 'Test Cases/Reusable_Test_Sequences/TRADES_Application/Set_INVALID_Email_Address' successfully

2019-10-31 15:38:43 - [TEST_STEP][PASSED] - "--------------------------------------": null

2019-10-31 15:38:43 - [TEST_STEP][PASSED] - " Check Email Validation Message       |": null

2019-10-31 15:38:43 - [TEST_STEP][PASSED] - callTestCase(findTestCase("Reusable_Test_Sequences/TRADES_Application/Validation/Please_Enter_Valid_Email"), [:], CONTINUE_ON_FAILURE): Call Test Case 'Test Cases/Reusable_Test_Sequences/TRADES_Application/Validation/Please_Enter_Valid_Email' successfully

2019-10-31 15:38:43 - [TEST_CASE][PASSED] - Test Cases/Reusable_Test_Sequences/TRADES_Application/Validation/Please_Enter_Valid_Email: Test Cases/Reusable_Test_Sequences/TRADES_Application/Validation/Please_Enter_Valid_Email

2019-10-31 15:38:43 - [TEST_STEP][PASSED] - verifyTextPresent("Please enter a valid email address", false): Text 'Please enter a valid email address' is present on page 

2019-10-31 15:38:43 - [MESSAGE][PASSED] - Text 'Please enter a valid email address' is present on page 

2019-10-31 15:38:43 - [MESSAGE][PASSED] - Call Test Case 'Test Cases/Reusable_Test_Sequences/TRADES_Application/Validation/Please_Enter_Valid_Email' successfully

2019-10-31 15:38:43 - [TEST_STEP][PASSED] - delay(5): Delayed 5 second(s)

2019-10-31 15:38:48 - [MESSAGE][PASSED] - Delayed 5 second(s)

2019-10-31 15:38:48 - [TEST_STEP][PASSED] - "--------------------------": null

2019-10-31 15:38:48 - [TEST_STEP][PASSED] - " Set - Email Address      |": null

2019-10-31 15:38:48 - [TEST_STEP][PASSED] - callTestCase(findTestCase("Reusable_Test_Sequences/TRADES_Application/Set_Email_Address"), [:], CONTINUE_ON_FAILURE): Call Test Case 'Test Cases/Reusable_Test_Sequences/TRADES_Application/Set_Email_Address' successfully

2019-10-31 15:38:48 - [TEST_CASE][PASSED] - Test Cases/Reusable_Test_Sequences/TRADES_Application/Set_Email_Address: Test Cases/Reusable_Test_Sequences/TRADES_Application/Set_Email_Address

2019-10-31 15:38:49 - [TEST_STEP][PASSED] - setText(findTestObject("Page_Checkatrade Want to build your business/input_Email Address_ctl00contenttbContactEmail"), EmailAddress): Text 'ron_mctavish@xtc_0z0.com' is set on object 'Object Repository/Page_Checkatrade Want to build your business/input_Email Address_ctl00contenttbContactEmail'

2019-10-31 15:38:50 - [MESSAGE][PASSED] - Text 'ron_mctavish@xtc_0z0.com' is set on object 'Object Repository/Page_Checkatrade Want to build your business/input_Email Address_ctl00contenttbContactEmail'

2019-10-31 15:38:50 - [MESSAGE][PASSED] - Call Test Case 'Test Cases/Reusable_Test_Sequences/TRADES_Application/Set_Email_Address' successfully

2019-10-31 15:38:50 - [TEST_STEP][PASSED] - "---------------------------------------------------------------------------------": null

2019-10-31 15:38:50 - [TEST_STEP][PASSED] - " FIll Remaining Empty Fields With Random Data - To Elicit Validation Message(s)  |": null

2019-10-31 15:38:50 - [TEST_STEP][PASSED] - callTestCase(findTestCase("Reusable_Test_Sequences/TRADES_Application/Set_Random_Data_In_Empty_Fields"), [:], CONTINUE_ON_FAILURE): Call Test Case 'Test Cases/Reusable_Test_Sequences/TRADES_Application/Set_Random_Data_In_Empty_Fields' successfully

2019-10-31 15:38:50 - [TEST_CASE][PASSED] - Test Cases/Reusable_Test_Sequences/TRADES_Application/Set_Random_Data_In_Empty_Fields: Test Cases/Reusable_Test_Sequences/TRADES_Application/Set_Random_Data_In_Empty_Fields

2019-10-31 15:38:50 - [TEST_STEP][PASSED] - setText(findTestObject("Page_Checkatrade Want to build your business/input_Company Name_ctl00contenttbCompanyName"), Validation_Data_Special_Chars): Text '#£|' is set on object 'Object Repository/Page_Checkatrade Want to build your business/input_Company Name_ctl00contenttbCompanyName'

2019-10-31 15:38:50 - [MESSAGE][PASSED] - Text '#£|' is set on object 'Object Repository/Page_Checkatrade Want to build your business/input_Company Name_ctl00contenttbCompanyName'

2019-10-31 15:38:50 - [TEST_STEP][PASSED] - setText(findTestObject("Page_Checkatrade Want to build your business/input_Your Full Name_ctl00contenttbContactName"), Validation_Data_Special_Chars): Text '#£|' is set on object 'Object Repository/Page_Checkatrade Want to build your business/input_Your Full Name_ctl00contenttbContactName'

2019-10-31 15:38:51 - [MESSAGE][PASSED] - Text '#£|' is set on object 'Object Repository/Page_Checkatrade Want to build your business/input_Your Full Name_ctl00contenttbContactName'

2019-10-31 15:38:51 - [TEST_STEP][PASSED] - "TRADE CATEGORY": null

2019-10-31 15:38:51 - [TEST_STEP][PASSED] - setText(findTestObject("Page_Checkatrade Want to build your business/input_Postcode_ctl00contenttbPostCode"), Validation_Data_Special_Chars): Text '#£|' is set on object 'Object Repository/Page_Checkatrade Want to build your business/input_Postcode_ctl00contenttbPostCode'

2019-10-31 15:38:51 - [MESSAGE][PASSED] - Text '#£|' is set on object 'Object Repository/Page_Checkatrade Want to build your business/input_Postcode_ctl00contenttbPostCode'

2019-10-31 15:38:51 - [TEST_STEP][PASSED] - setText(findTestObject("Page_Checkatrade Want to build your business/input_Contact Number_ctl00contenttbContactMob"), Validation_Data_Special_Chars): Text '#£|' is set on object 'Object Repository/Page_Checkatrade Want to build your business/input_Contact Number_ctl00contenttbContactMob'

2019-10-31 15:38:51 - [MESSAGE][PASSED] - Text '#£|' is set on object 'Object Repository/Page_Checkatrade Want to build your business/input_Contact Number_ctl00contenttbContactMob'

2019-10-31 15:38:51 - [MESSAGE][PASSED] - Call Test Case 'Test Cases/Reusable_Test_Sequences/TRADES_Application/Set_Random_Data_In_Empty_Fields' successfully

2019-10-31 15:38:51 - [TEST_STEP][PASSED] - "---------------------------------------------": null

2019-10-31 15:38:51 - [TEST_STEP][PASSED] - " Check Trade Category Validation Message     |": null

2019-10-31 15:38:51 - [TEST_STEP][PASSED] - "---------------------------------------------": null

2019-10-31 15:38:51 - [TEST_STEP][PASSED] - "---------------------------------------------------------": null

2019-10-31 15:38:51 - [TEST_STEP][PASSED] - " Check specify a valid phone number Validation Message   |": null

2019-10-31 15:38:51 - [TEST_STEP][PASSED] - callTestCase(findTestCase("Reusable_Test_Sequences/TRADES_Application/Validation/Please_Specify_Valid_Phone_Number"), [:], CONTINUE_ON_FAILURE): Call Test Case 'Test Cases/Reusable_Test_Sequences/TRADES_Application/Validation/Please_Specify_Valid_Phone_Number' successfully

2019-10-31 15:38:51 - [TEST_CASE][PASSED] - Test Cases/Reusable_Test_Sequences/TRADES_Application/Validation/Please_Specify_Valid_Phone_Number: Test Cases/Reusable_Test_Sequences/TRADES_Application/Validation/Please_Specify_Valid_Phone_Number

2019-10-31 15:38:52 - [TEST_STEP][PASSED] - verifyTextPresent("Please specify a valid phone number", false): Text 'Please specify a valid phone number' is present on page 

2019-10-31 15:38:52 - [MESSAGE][PASSED] - Text 'Please specify a valid phone number' is present on page 

2019-10-31 15:38:52 - [MESSAGE][PASSED] - Call Test Case 'Test Cases/Reusable_Test_Sequences/TRADES_Application/Validation/Please_Specify_Valid_Phone_Number' successfully

2019-10-31 15:38:52 - [TEST_STEP][PASSED] - "---------------------------------------------------------": null

2019-10-31 15:38:52 - [TEST_STEP][PASSED] - " Check Remaining Fields with NULL Data Validation Message|": null

2019-10-31 15:38:52 - [TEST_STEP][PASSED] - callTestCase(findTestCase("Reusable_Test_Sequences/TRADES_Application/Set_NULL_Data_In_Fields_Containing_Invalid_Data"), [:], CONTINUE_ON_FAILURE): Call Test Case 'Test Cases/Reusable_Test_Sequences/TRADES_Application/Set_NULL_Data_In_Fields_Containing_Invalid_Data' successfully

2019-10-31 15:38:52 - [TEST_CASE][PASSED] - Test Cases/Reusable_Test_Sequences/TRADES_Application/Set_NULL_Data_In_Fields_Containing_Invalid_Data: Test Cases/Reusable_Test_Sequences/TRADES_Application/Set_NULL_Data_In_Fields_Containing_Invalid_Data

2019-10-31 15:38:52 - [TEST_STEP][PASSED] - setText(findTestObject("Page_Checkatrade Want to build your business/input_Company Name_ctl00contenttbCompanyName"), ""): Text '' is set on object 'Object Repository/Page_Checkatrade Want to build your business/input_Company Name_ctl00contenttbCompanyName'

2019-10-31 15:38:52 - [MESSAGE][PASSED] - Text '' is set on object 'Object Repository/Page_Checkatrade Want to build your business/input_Company Name_ctl00contenttbCompanyName'

2019-10-31 15:38:52 - [TEST_STEP][PASSED] - setText(findTestObject("Page_Checkatrade Want to build your business/input_Your Full Name_ctl00contenttbContactName"), ""): Text '' is set on object 'Object Repository/Page_Checkatrade Want to build your business/input_Your Full Name_ctl00contenttbContactName'

2019-10-31 15:38:53 - [MESSAGE][PASSED] - Text '' is set on object 'Object Repository/Page_Checkatrade Want to build your business/input_Your Full Name_ctl00contenttbContactName'

2019-10-31 15:38:53 - [TEST_STEP][PASSED] - "TRADE CATEGORY": null

2019-10-31 15:38:53 - [TEST_STEP][PASSED] - setText(findTestObject("Page_Checkatrade Want to build your business/input_Postcode_ctl00contenttbPostCode"), ""): Text '' is set on object 'Object Repository/Page_Checkatrade Want to build your business/input_Postcode_ctl00contenttbPostCode'

2019-10-31 15:38:53 - [MESSAGE][PASSED] - Text '' is set on object 'Object Repository/Page_Checkatrade Want to build your business/input_Postcode_ctl00contenttbPostCode'

2019-10-31 15:38:53 - [TEST_STEP][PASSED] - setText(findTestObject("Page_Checkatrade Want to build your business/input_Contact Number_ctl00contenttbContactMob"), ""): Text '' is set on object 'Object Repository/Page_Checkatrade Want to build your business/input_Contact Number_ctl00contenttbContactMob'

2019-10-31 15:38:53 - [MESSAGE][PASSED] - Text '' is set on object 'Object Repository/Page_Checkatrade Want to build your business/input_Contact Number_ctl00contenttbContactMob'

2019-10-31 15:38:53 - [MESSAGE][PASSED] - Call Test Case 'Test Cases/Reusable_Test_Sequences/TRADES_Application/Set_NULL_Data_In_Fields_Containing_Invalid_Data' successfully

2019-10-31 15:38:53 - [TEST_STEP][PASSED] - "--------------------------------------------------": null

2019-10-31 15:38:53 - [TEST_STEP][PASSED] - " Check initial Validation Message(s) are Produced |": null

2019-10-31 15:38:53 - [TEST_STEP][PASSED] - callTestCase(findTestCase("Reusable_Test_Sequences/TRADES_Application/Validation/This_Field_Is_Required"), [:], CONTINUE_ON_FAILURE): Call Test Case 'Test Cases/Reusable_Test_Sequences/TRADES_Application/Validation/This_Field_Is_Required' successfully

2019-10-31 15:38:53 - [TEST_CASE][PASSED] - Test Cases/Reusable_Test_Sequences/TRADES_Application/Validation/This_Field_Is_Required: Test Cases/Reusable_Test_Sequences/TRADES_Application/Validation/This_Field_Is_Required

2019-10-31 15:38:53 - [TEST_STEP][PASSED] - verifyTextPresent("This field is required", false): Text 'This field is required' is present on page 

2019-10-31 15:38:53 - [MESSAGE][PASSED] - Text 'This field is required' is present on page 

2019-10-31 15:38:53 - [MESSAGE][PASSED] - Call Test Case 'Test Cases/Reusable_Test_Sequences/TRADES_Application/Validation/This_Field_Is_Required' successfully

2019-10-31 15:38:53 - [TEST_STEP][PASSED] - "--------------------------": null

2019-10-31 15:38:53 - [TEST_STEP][PASSED] - " Set - Company Name       |": null

2019-10-31 15:38:53 - [TEST_STEP][PASSED] - callTestCase(findTestCase("Reusable_Test_Sequences/TRADES_Application/Set_Company_Name"), [:], CONTINUE_ON_FAILURE): Call Test Case 'Test Cases/Reusable_Test_Sequences/TRADES_Application/Set_Company_Name' successfully

2019-10-31 15:38:53 - [TEST_CASE][PASSED] - Test Cases/Reusable_Test_Sequences/TRADES_Application/Set_Company_Name: Test Cases/Reusable_Test_Sequences/TRADES_Application/Set_Company_Name

2019-10-31 15:38:53 - [TEST_STEP][PASSED] - setText(findTestObject("Page_Checkatrade Want to build your business/input_Company Name_ctl00contenttbCompanyName"), CompanyName): Text 'Gutter Snipes' is set on object 'Object Repository/Page_Checkatrade Want to build your business/input_Company Name_ctl00contenttbCompanyName'

2019-10-31 15:38:54 - [MESSAGE][PASSED] - Text 'Gutter Snipes' is set on object 'Object Repository/Page_Checkatrade Want to build your business/input_Company Name_ctl00contenttbCompanyName'

2019-10-31 15:38:54 - [MESSAGE][PASSED] - Call Test Case 'Test Cases/Reusable_Test_Sequences/TRADES_Application/Set_Company_Name' successfully

2019-10-31 15:38:54 - [TEST_STEP][PASSED] - "--------------------------": null

2019-10-31 15:38:54 - [TEST_STEP][PASSED] - " Set - Full Name          |": null

2019-10-31 15:38:54 - [TEST_STEP][PASSED] - callTestCase(findTestCase("Reusable_Test_Sequences/TRADES_Application/Set_Full_Name"), [:], CONTINUE_ON_FAILURE): Call Test Case 'Test Cases/Reusable_Test_Sequences/TRADES_Application/Set_Full_Name' successfully

2019-10-31 15:38:54 - [TEST_CASE][PASSED] - Test Cases/Reusable_Test_Sequences/TRADES_Application/Set_Full_Name: Test Cases/Reusable_Test_Sequences/TRADES_Application/Set_Full_Name

2019-10-31 15:38:54 - [TEST_STEP][PASSED] - setText(findTestObject("Page_Checkatrade Want to build your business/input_Your Full Name_ctl00contenttbContactName"), FullName): Text 'Ron MacTavish' is set on object 'Object Repository/Page_Checkatrade Want to build your business/input_Your Full Name_ctl00contenttbContactName'

2019-10-31 15:38:54 - [MESSAGE][PASSED] - Text 'Ron MacTavish' is set on object 'Object Repository/Page_Checkatrade Want to build your business/input_Your Full Name_ctl00contenttbContactName'

2019-10-31 15:38:54 - [MESSAGE][PASSED] - Call Test Case 'Test Cases/Reusable_Test_Sequences/TRADES_Application/Set_Full_Name' successfully

2019-10-31 15:38:54 - [TEST_STEP][PASSED] - "--------------------------": null

2019-10-31 15:38:54 - [TEST_STEP][PASSED] - " Set - Trade Category     |": null

2019-10-31 15:38:54 - [TEST_STEP][PASSED] - "--------------------------": null

2019-10-31 15:38:54 - [TEST_STEP][PASSED] - "--------------------------": null

2019-10-31 15:38:54 - [TEST_STEP][PASSED] - " lookup - Trade Category  |": null

2019-10-31 15:38:54 - [TEST_STEP][PASSED] - "--------------------------": null

2019-10-31 15:38:54 - [TEST_STEP][PASSED] - "--------------------------": null

2019-10-31 15:38:54 - [TEST_STEP][PASSED] - " Postcode Prompt          |": null

2019-10-31 15:38:54 - [TEST_STEP][PASSED] - "--------------------------": null

2019-10-31 15:38:54 - [TEST_STEP][PASSED] - "--------------------------": null

2019-10-31 15:38:54 - [TEST_STEP][PASSED] - " Set - Postcode           |": null

2019-10-31 15:38:54 - [TEST_STEP][PASSED] - callTestCase(findTestCase("Reusable_Test_Sequences/TRADES_Application/Set_Postcode"), [:], CONTINUE_ON_FAILURE): Call Test Case 'Test Cases/Reusable_Test_Sequences/TRADES_Application/Set_Postcode' successfully

2019-10-31 15:38:54 - [TEST_CASE][PASSED] - Test Cases/Reusable_Test_Sequences/TRADES_Application/Set_Postcode: Test Cases/Reusable_Test_Sequences/TRADES_Application/Set_Postcode

2019-10-31 15:38:55 - [TEST_STEP][PASSED] - setText(findTestObject("Object Repository/Page_Checkatrade Want to build your business/Page_Checkatrade Want to build your business/input_Postcode_ctl00contenttbPostCode"), postcode): Text 'PO12 4SD' is set on object 'Object Repository/Page_Checkatrade Want to build your business/Page_Checkatrade Want to build your business/input_Postcode_ctl00contenttbPostCode'

2019-10-31 15:38:55 - [MESSAGE][PASSED] - Text 'PO12 4SD' is set on object 'Object Repository/Page_Checkatrade Want to build your business/Page_Checkatrade Want to build your business/input_Postcode_ctl00contenttbPostCode'

2019-10-31 15:38:55 - [MESSAGE][PASSED] - Call Test Case 'Test Cases/Reusable_Test_Sequences/TRADES_Application/Set_Postcode' successfully

2019-10-31 15:38:55 - [TEST_STEP][PASSED] - "--------------------------": null

2019-10-31 15:38:55 - [TEST_STEP][PASSED] - " Set - Contact Number     |": null

2019-10-31 15:38:55 - [TEST_STEP][PASSED] - callTestCase(findTestCase("Reusable_Test_Sequences/TRADES_Application/Set_Contact_Number"), [:], CONTINUE_ON_FAILURE): Call Test Case 'Test Cases/Reusable_Test_Sequences/TRADES_Application/Set_Contact_Number' successfully

2019-10-31 15:38:55 - [TEST_CASE][PASSED] - Test Cases/Reusable_Test_Sequences/TRADES_Application/Set_Contact_Number: Test Cases/Reusable_Test_Sequences/TRADES_Application/Set_Contact_Number

2019-10-31 15:38:55 - [TEST_STEP][PASSED] - setText(findTestObject("Page_Checkatrade Want to build your business/input_Contact Number_ctl00contenttbContactMob"), ContactNumber): Text '02380123456' is set on object 'Object Repository/Page_Checkatrade Want to build your business/input_Contact Number_ctl00contenttbContactMob'

2019-10-31 15:38:55 - [MESSAGE][PASSED] - Text '02380123456' is set on object 'Object Repository/Page_Checkatrade Want to build your business/input_Contact Number_ctl00contenttbContactMob'

2019-10-31 15:38:55 - [MESSAGE][PASSED] - Call Test Case 'Test Cases/Reusable_Test_Sequences/TRADES_Application/Set_Contact_Number' successfully

2019-10-31 15:38:55 - [TEST_STEP][PASSED] - "--------------------------": null

2019-10-31 15:38:55 - [TEST_STEP][PASSED] - " Hit the <SUBMIT> Button  |": null

2019-10-31 15:38:55 - [TEST_STEP][PASSED] - callTestCase(findTestCase("Reusable_Test_Sequences/TRADES_Application/Hit_Submit"), [:], CONTINUE_ON_FAILURE): Call Test Case 'Test Cases/Reusable_Test_Sequences/TRADES_Application/Hit_Submit' successfully

2019-10-31 15:38:55 - [TEST_CASE][PASSED] - Test Cases/Reusable_Test_Sequences/TRADES_Application/Hit_Submit: Test Cases/Reusable_Test_Sequences/TRADES_Application/Hit_Submit

2019-10-31 15:38:55 - [TEST_STEP][PASSED] - "----------------------------------------------------------------------------------": null

2019-10-31 15:38:55 - [TEST_STEP][PASSED] - "SUBMIT BUTTON IS OFF THE BOTTOM OF THE PAGE - SO NEED TO SCROLL TO BOTTOM OF PAGE  |": null

2019-10-31 15:38:55 - [TEST_STEP][PASSED] - scrollToElement(findTestObject("Object Repository/Page_Checkatrade Want to build your business/input_membership terms and conditions_ctl00contentbtnSubmit"), 5): Scroll to object 'Object Repository/Page_Checkatrade Want to build your business/input_membership terms and conditions_ctl00contentbtnSubmit' successfully

2019-10-31 15:38:56 - [MESSAGE][PASSED] - Scroll to object 'Object Repository/Page_Checkatrade Want to build your business/input_membership terms and conditions_ctl00contentbtnSubmit' successfully

2019-10-31 15:38:56 - [TEST_STEP][PASSED] - delay(1): Delayed 1 second(s)

2019-10-31 15:38:57 - [MESSAGE][PASSED] - Delayed 1 second(s)

2019-10-31 15:38:57 - [TEST_STEP][PASSED] - "-------------": null

2019-10-31 15:38:57 - [TEST_STEP][PASSED] - "Click Submit |": null

2019-10-31 15:38:57 - [TEST_STEP][PASSED] - click(findTestObject("Object Repository/Page_Checkatrade Want to build your business/input_membership terms and conditions_ctl00contentbtnSubmit")): Object: 'Object Repository/Page_Checkatrade Want to build your business/input_membership terms and conditions_ctl00contentbtnSubmit' is clicked on

2019-10-31 15:38:59 - [MESSAGE][PASSED] - Object: 'Object Repository/Page_Checkatrade Want to build your business/input_membership terms and conditions_ctl00contentbtnSubmit' is clicked on

2019-10-31 15:38:59 - [MESSAGE][PASSED] - Call Test Case 'Test Cases/Reusable_Test_Sequences/TRADES_Application/Hit_Submit' successfully

2019-10-31 15:38:59 - [TEST_STEP][PASSED] - "---------------------------------------------------": null

2019-10-31 15:38:59 - [TEST_STEP][PASSED] - "Verify CONGRATULATIONS is reported after form fill ": null

2019-10-31 15:38:59 - [TEST_STEP][PASSED] - callTestCase(findTestCase("Reusable_Test_Sequences/TRADES_Application/Congratulations_Reported"), [:], CONTINUE_ON_FAILURE): Call Test Case 'Test Cases/Reusable_Test_Sequences/TRADES_Application/Congratulations_Reported' successfully

2019-10-31 15:38:59 - [TEST_CASE][PASSED] - Test Cases/Reusable_Test_Sequences/TRADES_Application/Congratulations_Reported: Test Cases/Reusable_Test_Sequences/TRADES_Application/Congratulations_Reported

2019-10-31 15:38:59 - [TEST_STEP][PASSED] - waitForPageLoad(5): Wait for page load successfully

2019-10-31 15:38:59 - [MESSAGE][PASSED] - Wait for page load successfully

2019-10-31 15:38:59 - [TEST_STEP][PASSED] - delay(1): Delayed 1 second(s)

2019-10-31 15:39:00 - [MESSAGE][PASSED] - Delayed 1 second(s)

2019-10-31 15:39:00 - [TEST_STEP][PASSED] - verifyTextPresent("Congratulations, you're one step closer to becoming a Checkatrade Member!", false): Text 'Congratulations, you're one step closer to becoming a Checkatrade Member!' is present on page 

2019-10-31 15:39:00 - [MESSAGE][PASSED] - Text 'Congratulations, you're one step closer to becoming a Checkatrade Member!' is present on page 

2019-10-31 15:39:00 - [MESSAGE][PASSED] - Call Test Case 'Test Cases/Reusable_Test_Sequences/TRADES_Application/Congratulations_Reported' successfully

2019-10-31 15:39:00 - [TEST_STEP][PASSED] - "--------------------------": null

2019-10-31 15:39:00 - [TEST_STEP][PASSED] - " Teardown - CLose Browser |": null

2019-10-31 15:39:00 - [TEST_STEP][PASSED] - callTestCase(findTestCase("Reusable_Test_Sequences/CAT_Teardown"), [:], STOP_ON_FAILURE): Call Test Case 'Test Cases/Reusable_Test_Sequences/CAT_Teardown' successfully

2019-10-31 15:39:00 - [TEST_CASE][PASSED] - Test Cases/Reusable_Test_Sequences/CAT_Teardown: Test Cases/Reusable_Test_Sequences/CAT_Teardown

2019-10-31 15:39:01 - [TEST_STEP][PASSED] - closeBrowser(): Browser is closed

2019-10-31 15:39:01 - [MESSAGE][PASSED] - Browser is closed

2019-10-31 15:39:01 - [MESSAGE][PASSED] - Call Test Case 'Test Cases/Reusable_Test_Sequences/CAT_Teardown' successfully

2019-10-31 15:39:01 - [TEST_STEP][PASSED] - "-------------------------------------------": null

2019-10-31 15:39:01 - [TEST_STEP][PASSED] - " Web Office Call to Ensure NEW CASE Opened |": null

2019-10-31 15:39:01 - [TEST_STEP][PASSED] - "-------------------------------------------": null

2019-10-31 15:39:01 - [TEST_STEP][PASSED] - "------": null

2019-10-31 15:39:01 - [TEST_STEP][PASSED] - "TODO  |": null

2019-10-31 15:39:02 - [TEST_STEP][PASSED] - callTestCase(findTestCase("Web_Office/Case_Opened"), [:], CONTINUE_ON_FAILURE): Call Test Case 'Test Cases/Web_Office/Case_Opened' successfully

2019-10-31 15:39:02 - [TEST_CASE][PASSED] - Test Cases/Web_Office/Case_Opened: Test Cases/Web_Office/Case_Opened

2019-10-31 15:39:02 - [TEST_STEP][PASSED] - return null: null

2019-10-31 15:39:02 - [MESSAGE][PASSED] - Call Test Case 'Test Cases/Web_Office/Case_Opened' successfully

2019-10-31 15:39:02 - [TEST_STEP][PASSED] - "--------------------------": null

2019-10-31 15:39:02 - [TEST_STEP][PASSED] - " END                      |": null

2019-10-31 15:39:02 - [TEST_STEP][PASSED] - "--------------------------": null

2019-10-31 15:39:02 - [TEST_STEP][PASSED] - markWarning("No Validation of POSTCODE apart from NULL Entry Check! * FOR INRORMATION ONLY *"): No Validation of POSTCODE apart from NULL Entry Check! * FOR INRORMATION ONLY *

2019-10-31 15:39:02 - [MESSAGE][WARNING] - No Validation of POSTCODE apart from NULL Entry Check! * FOR INRORMATION ONLY *

2019-10-31 15:39:02 - [TEST_STEP][PASSED] - markWarning("No Validation of COMPANY NAME apart from NULL Entry Check! * FOR INRORMATION ONLY *"): No Validation of COMPANY NAME apart from NULL Entry Check! * FOR INRORMATION ONLY *

2019-10-31 15:39:02 - [MESSAGE][WARNING] - No Validation of COMPANY NAME apart from NULL Entry Check! * FOR INRORMATION ONLY *

2019-10-31 15:39:02 - [TEST_STEP][PASSED] - markWarning("No Validation of YOUR FULL NAME apart from NULL Entry Check! * FOR INRORMATION ONLY *"): No Validation of YOUR FULL NAME apart from NULL Entry Check! * FOR INRORMATION ONLY *

2019-10-31 15:39:02 - [MESSAGE][WARNING] - No Validation of YOUR FULL NAME apart from NULL Entry Check! * FOR INRORMATION ONLY *]]></system-out>
         <system-err><![CDATA[]]></system-err>
      </testcase>
      <testcase name="Test Cases/Sign_Up/Trades_Apply_Here" time="26.385" classname="Test Cases/Sign_Up/Trades_Apply_Here" status="PASSED">
         <system-out><![CDATA[2019-10-31 15:39:02 - [TEST_CASE][PASSED] - Test Cases/Sign_Up/Trades_Apply_Here: Test Cases/Sign_Up/Trades_Apply_Here

2019-10-31 15:39:02 - [TEST_STEP][PASSED] - callTestCase(findTestCase("Reusable_Test_Sequences/CAT_Setup"), [:], OPTIONAL): Call Test Case 'Test Cases/Reusable_Test_Sequences/CAT_Setup' successfully

2019-10-31 15:39:02 - [TEST_CASE][PASSED] - Test Cases/Reusable_Test_Sequences/CAT_Setup: Test Cases/Reusable_Test_Sequences/CAT_Setup

2019-10-31 15:39:02 - [TEST_STEP][PASSED] - "URL - Set from the ENVIRONMENT PROFILE ": null

2019-10-31 15:39:02 - [TEST_STEP][PASSED] - openBrowser(URL): Browser is opened with url: 'https://www.preview.checkatrade.com/'

2019-10-31 15:39:02 - [MESSAGE][INFO] - Starting 'Chrome' driver

2019-10-31 15:39:10 - [MESSAGE][PASSED] - Browser is opened with url: 'https://www.preview.checkatrade.com/'

2019-10-31 15:39:10 - [TEST_STEP][PASSED] - maximizeWindow(): Current window maximized

2019-10-31 15:39:14 - [MESSAGE][PASSED] - Current window maximized

2019-10-31 15:39:14 - [TEST_STEP][PASSED] - waitForPageLoad(60): Wait for page load successfully

2019-10-31 15:39:14 - [MESSAGE][PASSED] - Wait for page load successfully

2019-10-31 15:39:14 - [TEST_STEP][PASSED] - waitForElementVisible(findTestObject("Page_Checkatrade Find a tradesperson you can trust/a_Search"), 25): Object 'Object Repository/Page_Checkatrade Find a tradesperson you can trust/a_Search' is visible

2019-10-31 15:39:14 - [MESSAGE][PASSED] - Object 'Object Repository/Page_Checkatrade Find a tradesperson you can trust/a_Search' is visible

2019-10-31 15:39:14 - [TEST_STEP][PASSED] - try: Text 'Checkatrade.com uses cookies to make sure you get the best browsing experience' is not present on page

2019-10-31 15:39:14 - [TEST_STEP][PASSED] - if (verifyElementPresent(findTestObject("Page_Checkatrade Find a tradesperson you can trust/div_close"), 1, OPTIONAL)): Text 'Checkatrade.com uses cookies to make sure you get the best browsing experience' is not present on page

2019-10-31 15:39:14 - [MESSAGE][PASSED] - Object 'Object Repository/Page_Checkatrade Find a tradesperson you can trust/div_close' is present

2019-10-31 15:39:14 - [TEST_STEP][PASSED] - click(findTestObject("Page_Checkatrade Find a tradesperson you can trust/div_close")): Object: 'Object Repository/Page_Checkatrade Find a tradesperson you can trust/div_close' is clicked on

2019-10-31 15:39:15 - [MESSAGE][PASSED] - Object: 'Object Repository/Page_Checkatrade Find a tradesperson you can trust/div_close' is clicked on

2019-10-31 15:39:15 - [TEST_STEP][PASSED] - "---------------------------------": null

2019-10-31 15:39:15 - [TEST_STEP][PASSED] - "COOKIE POPOUT REMOVED - Confirmed": null

2019-10-31 15:39:15 - [TEST_STEP][PASSED] - delay(1): Delayed 1 second(s)

2019-10-31 15:39:16 - [MESSAGE][PASSED] - Delayed 1 second(s)

2019-10-31 15:39:16 - [TEST_STEP][PASSED] - verifyTextNotPresent("Checkatrade.com uses cookies to make sure you get the best browsing experience", false): Text 'Checkatrade.com uses cookies to make sure you get the best browsing experience' is not present on page

2019-10-31 15:39:16 - [MESSAGE][PASSED] - Text 'Checkatrade.com uses cookies to make sure you get the best browsing experience' is not present on page

2019-10-31 15:39:16 - [TEST_STEP][PASSED] - try: Text 'We have updated our Privacy Policy, please review this' is not present on page

2019-10-31 15:39:16 - [TEST_STEP][PASSED] - if (verifyElementPresent(findTestObject("Page_Checkatrade Find a tradesperson you can trust/div_close_1"), 1, OPTIONAL)): Text 'We have updated our Privacy Policy, please review this' is not present on page

2019-10-31 15:39:16 - [MESSAGE][PASSED] - Object 'Object Repository/Page_Checkatrade Find a tradesperson you can trust/div_close_1' is present

2019-10-31 15:39:16 - [TEST_STEP][PASSED] - click(findTestObject("Page_Checkatrade Find a tradesperson you can trust/div_close_1")): Object: 'Object Repository/Page_Checkatrade Find a tradesperson you can trust/div_close_1' is clicked on

2019-10-31 15:39:16 - [MESSAGE][PASSED] - Object: 'Object Repository/Page_Checkatrade Find a tradesperson you can trust/div_close_1' is clicked on

2019-10-31 15:39:16 - [TEST_STEP][PASSED] - "---------------------------------": null

2019-10-31 15:39:16 - [TEST_STEP][PASSED] - "PRIVACY POPOUT REMOVED - Confirmed": null

2019-10-31 15:39:16 - [TEST_STEP][PASSED] - delay(1): Delayed 1 second(s)

2019-10-31 15:39:17 - [MESSAGE][PASSED] - Delayed 1 second(s)

2019-10-31 15:39:17 - [TEST_STEP][PASSED] - verifyTextNotPresent("We have updated our Privacy Policy, please review this", false): Text 'We have updated our Privacy Policy, please review this' is not present on page

2019-10-31 15:39:17 - [MESSAGE][PASSED] - Text 'We have updated our Privacy Policy, please review this' is not present on page

2019-10-31 15:39:17 - [MESSAGE][PASSED] - Call Test Case 'Test Cases/Reusable_Test_Sequences/CAT_Setup' successfully

2019-10-31 15:39:17 - [TEST_STEP][PASSED] - "--------------------------------------": null

2019-10-31 15:39:17 - [TEST_STEP][PASSED] - " Hit the <TRADES, APPLY HERE> Button  |": null

2019-10-31 15:39:17 - [TEST_STEP][PASSED] - callTestCase(findTestCase("Reusable_Test_Sequences/Banner_Menu/Trades_Apply_Here"), [:], OPTIONAL): Call Test Case 'Test Cases/Reusable_Test_Sequences/Banner_Menu/Trades_Apply_Here' successfully

2019-10-31 15:39:17 - [TEST_CASE][PASSED] - Test Cases/Reusable_Test_Sequences/Banner_Menu/Trades_Apply_Here: Test Cases/Reusable_Test_Sequences/Banner_Menu/Trades_Apply_Here

2019-10-31 15:39:18 - [TEST_STEP][PASSED] - click(findTestObject("Object Repository/Page_Checkatrade Find a tradesperson you can trust/a_Trades                                apply here")): Object: 'Object Repository/Page_Checkatrade Find a tradesperson you can trust/a_Trades                                apply here' is clicked on

2019-10-31 15:39:20 - [MESSAGE][PASSED] - Object: 'Object Repository/Page_Checkatrade Find a tradesperson you can trust/a_Trades                                apply here' is clicked on

2019-10-31 15:39:20 - [MESSAGE][PASSED] - Call Test Case 'Test Cases/Reusable_Test_Sequences/Banner_Menu/Trades_Apply_Here' successfully

2019-10-31 15:39:20 - [TEST_STEP][PASSED] - "--------------------------": null

2019-10-31 15:39:20 - [TEST_STEP][PASSED] - " Set - Full Name          |": null

2019-10-31 15:39:20 - [TEST_STEP][PASSED] - callTestCase(findTestCase("Reusable_Test_Sequences/TRADES_Application/Set_Full_Name"), [:], CONTINUE_ON_FAILURE): Call Test Case 'Test Cases/Reusable_Test_Sequences/TRADES_Application/Set_Full_Name' successfully

2019-10-31 15:39:20 - [TEST_CASE][PASSED] - Test Cases/Reusable_Test_Sequences/TRADES_Application/Set_Full_Name: Test Cases/Reusable_Test_Sequences/TRADES_Application/Set_Full_Name

2019-10-31 15:39:20 - [TEST_STEP][PASSED] - setText(findTestObject("Page_Checkatrade Want to build your business/input_Your Full Name_ctl00contenttbContactName"), FullName): Text 'Ron MacTavish' is set on object 'Object Repository/Page_Checkatrade Want to build your business/input_Your Full Name_ctl00contenttbContactName'

2019-10-31 15:39:21 - [MESSAGE][PASSED] - Text 'Ron MacTavish' is set on object 'Object Repository/Page_Checkatrade Want to build your business/input_Your Full Name_ctl00contenttbContactName'

2019-10-31 15:39:21 - [MESSAGE][PASSED] - Call Test Case 'Test Cases/Reusable_Test_Sequences/TRADES_Application/Set_Full_Name' successfully

2019-10-31 15:39:21 - [TEST_STEP][PASSED] - "--------------------------": null

2019-10-31 15:39:21 - [TEST_STEP][PASSED] - " Set - Email Address      |": null

2019-10-31 15:39:21 - [TEST_STEP][PASSED] - callTestCase(findTestCase("Reusable_Test_Sequences/TRADES_Application/Set_Email_Address"), [:], CONTINUE_ON_FAILURE): Call Test Case 'Test Cases/Reusable_Test_Sequences/TRADES_Application/Set_Email_Address' successfully

2019-10-31 15:39:21 - [TEST_CASE][PASSED] - Test Cases/Reusable_Test_Sequences/TRADES_Application/Set_Email_Address: Test Cases/Reusable_Test_Sequences/TRADES_Application/Set_Email_Address

2019-10-31 15:39:21 - [TEST_STEP][PASSED] - setText(findTestObject("Page_Checkatrade Want to build your business/input_Email Address_ctl00contenttbContactEmail"), EmailAddress): Text 'ron_mctavish@xtc_0z0.com' is set on object 'Object Repository/Page_Checkatrade Want to build your business/input_Email Address_ctl00contenttbContactEmail'

2019-10-31 15:39:21 - [MESSAGE][PASSED] - Text 'ron_mctavish@xtc_0z0.com' is set on object 'Object Repository/Page_Checkatrade Want to build your business/input_Email Address_ctl00contenttbContactEmail'

2019-10-31 15:39:21 - [MESSAGE][PASSED] - Call Test Case 'Test Cases/Reusable_Test_Sequences/TRADES_Application/Set_Email_Address' successfully

2019-10-31 15:39:21 - [TEST_STEP][PASSED] - "--------------------------": null

2019-10-31 15:39:21 - [TEST_STEP][PASSED] - " Set - Company Name       |": null

2019-10-31 15:39:21 - [TEST_STEP][PASSED] - callTestCase(findTestCase("Reusable_Test_Sequences/TRADES_Application/Set_Company_Name"), [:], CONTINUE_ON_FAILURE): Call Test Case 'Test Cases/Reusable_Test_Sequences/TRADES_Application/Set_Company_Name' successfully

2019-10-31 15:39:21 - [TEST_CASE][PASSED] - Test Cases/Reusable_Test_Sequences/TRADES_Application/Set_Company_Name: Test Cases/Reusable_Test_Sequences/TRADES_Application/Set_Company_Name

2019-10-31 15:39:21 - [TEST_STEP][PASSED] - setText(findTestObject("Page_Checkatrade Want to build your business/input_Company Name_ctl00contenttbCompanyName"), CompanyName): Text 'Gutter Snipes' is set on object 'Object Repository/Page_Checkatrade Want to build your business/input_Company Name_ctl00contenttbCompanyName'

2019-10-31 15:39:21 - [MESSAGE][PASSED] - Text 'Gutter Snipes' is set on object 'Object Repository/Page_Checkatrade Want to build your business/input_Company Name_ctl00contenttbCompanyName'

2019-10-31 15:39:21 - [MESSAGE][PASSED] - Call Test Case 'Test Cases/Reusable_Test_Sequences/TRADES_Application/Set_Company_Name' successfully

2019-10-31 15:39:21 - [TEST_STEP][PASSED] - "--------------------------": null

2019-10-31 15:39:21 - [TEST_STEP][PASSED] - " Set - Trade Category     |": null

2019-10-31 15:39:21 - [TEST_STEP][PASSED] - "--------------------------": null

2019-10-31 15:39:21 - [TEST_STEP][PASSED] - "--------------------------": null

2019-10-31 15:39:21 - [TEST_STEP][PASSED] - " lookup - Trade Category  |": null

2019-10-31 15:39:21 - [TEST_STEP][PASSED] - "--------------------------": null

2019-10-31 15:39:21 - [TEST_STEP][PASSED] - "--------------------------": null

2019-10-31 15:39:21 - [TEST_STEP][PASSED] - " Postcode Prompt          |": null

2019-10-31 15:39:21 - [TEST_STEP][PASSED] - "--------------------------": null

2019-10-31 15:39:21 - [TEST_STEP][PASSED] - "--------------------------": null

2019-10-31 15:39:21 - [TEST_STEP][PASSED] - " Set - Postcode           |": null

2019-10-31 15:39:21 - [TEST_STEP][PASSED] - "--------------------------": null

2019-10-31 15:39:21 - [TEST_STEP][PASSED] - "--------------------------": null

2019-10-31 15:39:21 - [TEST_STEP][PASSED] - " Set - Contact Number     |": null

2019-10-31 15:39:21 - [TEST_STEP][PASSED] - callTestCase(findTestCase("Reusable_Test_Sequences/TRADES_Application/Set_Contact_Number"), [:], CONTINUE_ON_FAILURE): Call Test Case 'Test Cases/Reusable_Test_Sequences/TRADES_Application/Set_Contact_Number' successfully

2019-10-31 15:39:21 - [TEST_CASE][PASSED] - Test Cases/Reusable_Test_Sequences/TRADES_Application/Set_Contact_Number: Test Cases/Reusable_Test_Sequences/TRADES_Application/Set_Contact_Number

2019-10-31 15:39:21 - [TEST_STEP][PASSED] - setText(findTestObject("Page_Checkatrade Want to build your business/input_Contact Number_ctl00contenttbContactMob"), ContactNumber): Text '02380123456' is set on object 'Object Repository/Page_Checkatrade Want to build your business/input_Contact Number_ctl00contenttbContactMob'

2019-10-31 15:39:22 - [MESSAGE][PASSED] - Text '02380123456' is set on object 'Object Repository/Page_Checkatrade Want to build your business/input_Contact Number_ctl00contenttbContactMob'

2019-10-31 15:39:22 - [MESSAGE][PASSED] - Call Test Case 'Test Cases/Reusable_Test_Sequences/TRADES_Application/Set_Contact_Number' successfully

2019-10-31 15:39:22 - [TEST_STEP][PASSED] - "--------------------------": null

2019-10-31 15:39:22 - [TEST_STEP][PASSED] - " Set - Postcode NEW       |": null

2019-10-31 15:39:22 - [TEST_STEP][PASSED] - callTestCase(findTestCase("Reusable_Test_Sequences/TRADES_Application/Set_Postcode"), [:], CONTINUE_ON_FAILURE): Call Test Case 'Test Cases/Reusable_Test_Sequences/TRADES_Application/Set_Postcode' successfully

2019-10-31 15:39:22 - [TEST_CASE][PASSED] - Test Cases/Reusable_Test_Sequences/TRADES_Application/Set_Postcode: Test Cases/Reusable_Test_Sequences/TRADES_Application/Set_Postcode

2019-10-31 15:39:22 - [TEST_STEP][PASSED] - setText(findTestObject("Object Repository/Page_Checkatrade Want to build your business/Page_Checkatrade Want to build your business/input_Postcode_ctl00contenttbPostCode"), postcode): Text 'PO12 4SD' is set on object 'Object Repository/Page_Checkatrade Want to build your business/Page_Checkatrade Want to build your business/input_Postcode_ctl00contenttbPostCode'

2019-10-31 15:39:22 - [MESSAGE][PASSED] - Text 'PO12 4SD' is set on object 'Object Repository/Page_Checkatrade Want to build your business/Page_Checkatrade Want to build your business/input_Postcode_ctl00contenttbPostCode'

2019-10-31 15:39:22 - [MESSAGE][PASSED] - Call Test Case 'Test Cases/Reusable_Test_Sequences/TRADES_Application/Set_Postcode' successfully

2019-10-31 15:39:22 - [TEST_STEP][PASSED] - "--------------------------": null

2019-10-31 15:39:22 - [TEST_STEP][PASSED] - " Hit the <SUBMIT> Button  |": null

2019-10-31 15:39:22 - [TEST_STEP][PASSED] - callTestCase(findTestCase("Reusable_Test_Sequences/TRADES_Application/Hit_Submit"), [:], CONTINUE_ON_FAILURE): Call Test Case 'Test Cases/Reusable_Test_Sequences/TRADES_Application/Hit_Submit' successfully

2019-10-31 15:39:22 - [TEST_CASE][PASSED] - Test Cases/Reusable_Test_Sequences/TRADES_Application/Hit_Submit: Test Cases/Reusable_Test_Sequences/TRADES_Application/Hit_Submit

2019-10-31 15:39:22 - [TEST_STEP][PASSED] - "----------------------------------------------------------------------------------": null

2019-10-31 15:39:22 - [TEST_STEP][PASSED] - "SUBMIT BUTTON IS OFF THE BOTTOM OF THE PAGE - SO NEED TO SCROLL TO BOTTOM OF PAGE  |": null

2019-10-31 15:39:22 - [TEST_STEP][PASSED] - scrollToElement(findTestObject("Object Repository/Page_Checkatrade Want to build your business/input_membership terms and conditions_ctl00contentbtnSubmit"), 5): Scroll to object 'Object Repository/Page_Checkatrade Want to build your business/input_membership terms and conditions_ctl00contentbtnSubmit' successfully

2019-10-31 15:39:22 - [MESSAGE][PASSED] - Scroll to object 'Object Repository/Page_Checkatrade Want to build your business/input_membership terms and conditions_ctl00contentbtnSubmit' successfully

2019-10-31 15:39:22 - [TEST_STEP][PASSED] - delay(1): Delayed 1 second(s)

2019-10-31 15:39:23 - [MESSAGE][PASSED] - Delayed 1 second(s)

2019-10-31 15:39:23 - [TEST_STEP][PASSED] - "-------------": null

2019-10-31 15:39:23 - [TEST_STEP][PASSED] - "Click Submit |": null

2019-10-31 15:39:23 - [TEST_STEP][PASSED] - click(findTestObject("Object Repository/Page_Checkatrade Want to build your business/input_membership terms and conditions_ctl00contentbtnSubmit")): Object: 'Object Repository/Page_Checkatrade Want to build your business/input_membership terms and conditions_ctl00contentbtnSubmit' is clicked on

2019-10-31 15:39:26 - [MESSAGE][PASSED] - Object: 'Object Repository/Page_Checkatrade Want to build your business/input_membership terms and conditions_ctl00contentbtnSubmit' is clicked on

2019-10-31 15:39:26 - [MESSAGE][PASSED] - Call Test Case 'Test Cases/Reusable_Test_Sequences/TRADES_Application/Hit_Submit' successfully

2019-10-31 15:39:26 - [TEST_STEP][PASSED] - "---------------------------------------------------": null

2019-10-31 15:39:26 - [TEST_STEP][PASSED] - "Verify CONGRATULATIONS is reported after form fill ": null

2019-10-31 15:39:26 - [TEST_STEP][PASSED] - callTestCase(findTestCase("Reusable_Test_Sequences/TRADES_Application/Congratulations_Reported"), [:], CONTINUE_ON_FAILURE): Call Test Case 'Test Cases/Reusable_Test_Sequences/TRADES_Application/Congratulations_Reported' successfully

2019-10-31 15:39:26 - [TEST_CASE][PASSED] - Test Cases/Reusable_Test_Sequences/TRADES_Application/Congratulations_Reported: Test Cases/Reusable_Test_Sequences/TRADES_Application/Congratulations_Reported

2019-10-31 15:39:26 - [TEST_STEP][PASSED] - waitForPageLoad(5): Wait for page load successfully

2019-10-31 15:39:26 - [MESSAGE][PASSED] - Wait for page load successfully

2019-10-31 15:39:26 - [TEST_STEP][PASSED] - delay(1): Delayed 1 second(s)

2019-10-31 15:39:27 - [MESSAGE][PASSED] - Delayed 1 second(s)

2019-10-31 15:39:27 - [TEST_STEP][PASSED] - verifyTextPresent("Congratulations, you're one step closer to becoming a Checkatrade Member!", false): Text 'Congratulations, you're one step closer to becoming a Checkatrade Member!' is present on page 

2019-10-31 15:39:27 - [MESSAGE][PASSED] - Text 'Congratulations, you're one step closer to becoming a Checkatrade Member!' is present on page 

2019-10-31 15:39:27 - [MESSAGE][PASSED] - Call Test Case 'Test Cases/Reusable_Test_Sequences/TRADES_Application/Congratulations_Reported' successfully

2019-10-31 15:39:27 - [TEST_STEP][PASSED] - "--------------------------": null

2019-10-31 15:39:27 - [TEST_STEP][PASSED] - " Teardown - CLose Browser |": null

2019-10-31 15:39:27 - [TEST_STEP][PASSED] - callTestCase(findTestCase("Reusable_Test_Sequences/CAT_Teardown"), [:], STOP_ON_FAILURE): Call Test Case 'Test Cases/Reusable_Test_Sequences/CAT_Teardown' successfully

2019-10-31 15:39:27 - [TEST_CASE][PASSED] - Test Cases/Reusable_Test_Sequences/CAT_Teardown: Test Cases/Reusable_Test_Sequences/CAT_Teardown

2019-10-31 15:39:27 - [TEST_STEP][PASSED] - closeBrowser(): Browser is closed

2019-10-31 15:39:28 - [MESSAGE][PASSED] - Browser is closed

2019-10-31 15:39:28 - [MESSAGE][PASSED] - Call Test Case 'Test Cases/Reusable_Test_Sequences/CAT_Teardown' successfully

2019-10-31 15:39:28 - [TEST_STEP][PASSED] - "-------------------------------------------": null

2019-10-31 15:39:28 - [TEST_STEP][PASSED] - " Web Office Call to Ensure NEW CASE Opened |": null

2019-10-31 15:39:28 - [TEST_STEP][PASSED] - "-------------------------------------------": null

2019-10-31 15:39:28 - [TEST_STEP][PASSED] - "------": null

2019-10-31 15:39:28 - [TEST_STEP][PASSED] - "TODO  |": null

2019-10-31 15:39:28 - [TEST_STEP][PASSED] - callTestCase(findTestCase("Web_Office/Case_Opened"), [:], CONTINUE_ON_FAILURE): Call Test Case 'Test Cases/Web_Office/Case_Opened' successfully

2019-10-31 15:39:28 - [TEST_CASE][PASSED] - Test Cases/Web_Office/Case_Opened: Test Cases/Web_Office/Case_Opened

2019-10-31 15:39:28 - [TEST_STEP][PASSED] - return null: null

2019-10-31 15:39:28 - [MESSAGE][PASSED] - Call Test Case 'Test Cases/Web_Office/Case_Opened' successfully]]></system-out>
         <system-err><![CDATA[]]></system-err>
      </testcase>
      <system-out><![CDATA[2019-10-31 15:38:16 - [TEST_SUITE][PASSED] - Trades_Apply_Here: Test Cases/Sign_Up/Trades_Apply_Here]]></system-out>
      <system-err><![CDATA[]]></system-err>
   </testsuite>
   <testsuite name="Trade_Name_Multiple_Search" tests="1" failures="0" errors="0" time="137.905" timestamp="2019-10-31 15:39:39" hostname="DavidHo - VETTEDSP36RF.check.local" id="Test Suites/Trade_Name_Multiple_Search">
      <properties>
         <property name="deviceName" value=""/>
         <property name="devicePlatform" value=""/>
         <property name="logFolder" value="C:\\Users\\davidho\\Katalon Studio\\Start\\Reports\\20191031_153516\\Trade_Name_Multiple_Search\\20191031_153525"/>
         <property name="logFiles" value="C:\\Users\\davidho\\Katalon Studio\\Start\\Reports\\20191031_153516\\Trade_Name_Multiple_Search\\20191031_153525\\execution0.log"/>
         <property name="attachments" value=""/>
         <property name="hostName" value="DavidHo - VETTEDSP36RF.check.local"/>
         <property name="os" value="Windows 10 32bit"/>
         <property name="katalonVersion" value="7.0.5.1"/>
         <property name="browser" value="Firefox 69.0"/>
         <property name="hostAddress" value="10.0.11.243"/>
         <property name="sessionId" value="1bc3da85-f15c-426c-b189-e6737f00e117"/>
         <property name="seleniumVersion" value="3.141.59"/>
         <property name="proxyInformation" value="ProxyInformation{proxyOption=NO_PROXY, proxyServerType=HTTP, password=, proxyServerAddress=, proxyServerPort=0}"/>
         <property name="platform" value="Windows 10"/>
      </properties>
      <testcase name="Test Cases/Checkatrade_Tradesman_Searches/Trade_Name_Search_Multiple" time="137.415" classname="Test Cases/Checkatrade_Tradesman_Searches/Trade_Name_Search_Multiple" status="PASSED">
         <system-out><![CDATA[2019-10-31 15:39:39 - [TEST_CASE][PASSED] - Test Cases/Checkatrade_Tradesman_Searches/Trade_Name_Search_Multiple: Test Cases/Checkatrade_Tradesman_Searches/Trade_Name_Search_Multiple

2019-10-31 15:39:40 - [TEST_STEP][PASSED] - for ([row = 1, row <= findTestData("Search_CAT_ID_Data (1)").getRowNumbers(), (internal.GlobalVariable.row++)]): Call Test Case 'Test Cases/Reusable_Test_Sequences/CAT_Teardown' successfully

2019-10-31 15:39:41 - [TEST_STEP][PASSED] - callTestCase(findTestCase("Reusable_Test_Sequences/CAT_Setup"), [:], STOP_ON_FAILURE): Call Test Case 'Test Cases/Reusable_Test_Sequences/CAT_Setup' successfully

2019-10-31 15:39:41 - [TEST_CASE][PASSED] - Test Cases/Reusable_Test_Sequences/CAT_Setup: Test Cases/Reusable_Test_Sequences/CAT_Setup

2019-10-31 15:39:41 - [TEST_STEP][PASSED] - "URL - Set from the ENVIRONMENT PROFILE ": null

2019-10-31 15:39:41 - [TEST_STEP][PASSED] - openBrowser(URL): Browser is opened with url: 'https://www.preview.checkatrade.com/'

2019-10-31 15:39:42 - [MESSAGE][INFO] - Starting 'Firefox' driver

2019-10-31 15:39:42 - [MESSAGE][INFO] - Action delay is set to 0 seconds

2019-10-31 15:39:53 - [MESSAGE][PASSED] - Browser is opened with url: 'https://www.preview.checkatrade.com/'

2019-10-31 15:39:53 - [TEST_STEP][PASSED] - maximizeWindow(): Current window maximized

2019-10-31 15:39:53 - [MESSAGE][PASSED] - Current window maximized

2019-10-31 15:39:53 - [TEST_STEP][PASSED] - waitForPageLoad(60): Wait for page load successfully

2019-10-31 15:39:53 - [MESSAGE][PASSED] - Wait for page load successfully

2019-10-31 15:39:53 - [TEST_STEP][PASSED] - waitForElementVisible(findTestObject("Page_Checkatrade Find a tradesperson you can trust/a_Search"), 25): Object 'Object Repository/Page_Checkatrade Find a tradesperson you can trust/a_Search' is visible

2019-10-31 15:39:54 - [MESSAGE][PASSED] - Object 'Object Repository/Page_Checkatrade Find a tradesperson you can trust/a_Search' is visible

2019-10-31 15:39:54 - [TEST_STEP][PASSED] - try: Text 'Checkatrade.com uses cookies to make sure you get the best browsing experience' is not present on page

2019-10-31 15:39:54 - [TEST_STEP][PASSED] - if (verifyElementPresent(findTestObject("Page_Checkatrade Find a tradesperson you can trust/div_close"), 1, OPTIONAL)): Text 'Checkatrade.com uses cookies to make sure you get the best browsing experience' is not present on page

2019-10-31 15:39:54 - [MESSAGE][PASSED] - Object 'Object Repository/Page_Checkatrade Find a tradesperson you can trust/div_close' is present

2019-10-31 15:39:54 - [TEST_STEP][PASSED] - click(findTestObject("Page_Checkatrade Find a tradesperson you can trust/div_close")): Object: 'Object Repository/Page_Checkatrade Find a tradesperson you can trust/div_close' is clicked on

2019-10-31 15:39:54 - [MESSAGE][PASSED] - Object: 'Object Repository/Page_Checkatrade Find a tradesperson you can trust/div_close' is clicked on

2019-10-31 15:39:54 - [TEST_STEP][PASSED] - "---------------------------------": null

2019-10-31 15:39:54 - [TEST_STEP][PASSED] - "COOKIE POPOUT REMOVED - Confirmed": null

2019-10-31 15:39:54 - [TEST_STEP][PASSED] - delay(1): Delayed 1 second(s)

2019-10-31 15:39:55 - [MESSAGE][PASSED] - Delayed 1 second(s)

2019-10-31 15:39:55 - [TEST_STEP][PASSED] - verifyTextNotPresent("Checkatrade.com uses cookies to make sure you get the best browsing experience", false): Text 'Checkatrade.com uses cookies to make sure you get the best browsing experience' is not present on page

2019-10-31 15:39:56 - [MESSAGE][PASSED] - Text 'Checkatrade.com uses cookies to make sure you get the best browsing experience' is not present on page

2019-10-31 15:39:56 - [TEST_STEP][PASSED] - try: Text 'We have updated our Privacy Policy, please review this' is not present on page

2019-10-31 15:39:56 - [TEST_STEP][PASSED] - if (verifyElementPresent(findTestObject("Page_Checkatrade Find a tradesperson you can trust/div_close_1"), 1, OPTIONAL)): Text 'We have updated our Privacy Policy, please review this' is not present on page

2019-10-31 15:39:56 - [MESSAGE][PASSED] - Object 'Object Repository/Page_Checkatrade Find a tradesperson you can trust/div_close_1' is present

2019-10-31 15:39:56 - [TEST_STEP][PASSED] - click(findTestObject("Page_Checkatrade Find a tradesperson you can trust/div_close_1")): Object: 'Object Repository/Page_Checkatrade Find a tradesperson you can trust/div_close_1' is clicked on

2019-10-31 15:39:57 - [MESSAGE][PASSED] - Object: 'Object Repository/Page_Checkatrade Find a tradesperson you can trust/div_close_1' is clicked on

2019-10-31 15:39:57 - [TEST_STEP][PASSED] - "---------------------------------": null

2019-10-31 15:39:57 - [TEST_STEP][PASSED] - "PRIVACY POPOUT REMOVED - Confirmed": null

2019-10-31 15:39:57 - [TEST_STEP][PASSED] - delay(1): Delayed 1 second(s)

2019-10-31 15:39:58 - [MESSAGE][PASSED] - Delayed 1 second(s)

2019-10-31 15:39:58 - [TEST_STEP][PASSED] - verifyTextNotPresent("We have updated our Privacy Policy, please review this", false): Text 'We have updated our Privacy Policy, please review this' is not present on page

2019-10-31 15:39:58 - [MESSAGE][PASSED] - Text 'We have updated our Privacy Policy, please review this' is not present on page

2019-10-31 15:39:58 - [MESSAGE][PASSED] - Call Test Case 'Test Cases/Reusable_Test_Sequences/CAT_Setup' successfully

2019-10-31 15:39:58 - [TEST_STEP][PASSED] - "---------------------------------------------------------------------": null

2019-10-31 15:39:58 - [TEST_STEP][PASSED] - " Select Search on Trader Name (or ID) From Home page/Search Screen   |": null

2019-10-31 15:39:58 - [TEST_STEP][PASSED] - callTestCase(findTestCase("Reusable_Test_Sequences/CAT_Click_Search_Trade_Name"), [:], CONTINUE_ON_FAILURE): Call Test Case 'Test Cases/Reusable_Test_Sequences/CAT_Click_Search_Trade_Name' successfully

2019-10-31 15:39:58 - [TEST_CASE][PASSED] - Test Cases/Reusable_Test_Sequences/CAT_Click_Search_Trade_Name: Test Cases/Reusable_Test_Sequences/CAT_Click_Search_Trade_Name

2019-10-31 15:39:58 - [TEST_STEP][PASSED] - click(findTestObject("Page_Checkatrade Find a tradesperson you can trust/a_or look up a member by name")): Object: 'Object Repository/Page_Checkatrade Find a tradesperson you can trust/a_or look up a member by name' is clicked on

2019-10-31 15:39:59 - [MESSAGE][PASSED] - Object: 'Object Repository/Page_Checkatrade Find a tradesperson you can trust/a_or look up a member by name' is clicked on

2019-10-31 15:39:59 - [TEST_STEP][PASSED] - waitForPageLoad(60): Wait for page load successfully

2019-10-31 15:39:59 - [MESSAGE][PASSED] - Wait for page load successfully

2019-10-31 15:39:59 - [MESSAGE][PASSED] - Call Test Case 'Test Cases/Reusable_Test_Sequences/CAT_Click_Search_Trade_Name' successfully

2019-10-31 15:39:59 - [TEST_STEP][PASSED] - "---------------------------------------": null

2019-10-31 15:39:59 - [TEST_STEP][PASSED] - " Enter Trader Name (or ID) to Search   |": null

2019-10-31 15:39:59 - [TEST_STEP][PASSED] - callTestCase(findTestCase("Reusable_Test_Sequences/CAT_Enter_Trade_Name"), [:], CONTINUE_ON_FAILURE): Call Test Case 'Test Cases/Reusable_Test_Sequences/CAT_Enter_Trade_Name' successfully

2019-10-31 15:39:59 - [TEST_CASE][PASSED] - Test Cases/Reusable_Test_Sequences/CAT_Enter_Trade_Name: Test Cases/Reusable_Test_Sequences/CAT_Enter_Trade_Name

2019-10-31 15:39:59 - [TEST_STEP][PASSED] - setText(findTestObject("Page_Checkatrade Find a tradesperson you can trust/Trader_Name_To_Search"), findTestData("Search_CAT_ID_Data (1)").getValue("tradeName", row)): Text '218020' is set on object 'Object Repository/Page_Checkatrade Find a tradesperson you can trust/Trader_Name_To_Search'

2019-10-31 15:39:59 - [MESSAGE][PASSED] - Text '218020' is set on object 'Object Repository/Page_Checkatrade Find a tradesperson you can trust/Trader_Name_To_Search'

2019-10-31 15:39:59 - [MESSAGE][PASSED] - Call Test Case 'Test Cases/Reusable_Test_Sequences/CAT_Enter_Trade_Name' successfully

2019-10-31 15:39:59 - [TEST_STEP][PASSED] - "---------------------------------------": null

2019-10-31 15:39:59 - [TEST_STEP][PASSED] - " Search Trader Name (or ID)            |": null

2019-10-31 15:39:59 - [TEST_STEP][PASSED] - callTestCase(findTestCase("Reusable_Test_Sequences/CAT_Search_Trade_Name"), [:], CONTINUE_ON_FAILURE): Call Test Case 'Test Cases/Reusable_Test_Sequences/CAT_Search_Trade_Name' successfully

2019-10-31 15:39:59 - [TEST_CASE][PASSED] - Test Cases/Reusable_Test_Sequences/CAT_Search_Trade_Name: Test Cases/Reusable_Test_Sequences/CAT_Search_Trade_Name

2019-10-31 15:40:00 - [TEST_STEP][PASSED] - "Hit Search Trade Person by Name (or CAT ID) after parameters are entered": null

2019-10-31 15:40:00 - [TEST_STEP][PASSED] - click(findTestObject("Page_Checkatrade Find a tradesperson you can trust/span_Trade_Name")): Object: 'Object Repository/Page_Checkatrade Find a tradesperson you can trust/span_Trade_Name' is clicked on

2019-10-31 15:40:04 - [MESSAGE][PASSED] - Object: 'Object Repository/Page_Checkatrade Find a tradesperson you can trust/span_Trade_Name' is clicked on

2019-10-31 15:40:04 - [TEST_STEP][PASSED] - waitForPageLoad(60): Wait for page load successfully

2019-10-31 15:40:04 - [MESSAGE][PASSED] - Wait for page load successfully

2019-10-31 15:40:04 - [MESSAGE][PASSED] - Call Test Case 'Test Cases/Reusable_Test_Sequences/CAT_Search_Trade_Name' successfully

2019-10-31 15:40:04 - [TEST_STEP][PASSED] - "------------------------------------------": null

2019-10-31 15:40:04 - [TEST_STEP][PASSED] - " Scroll to Page Footer to Reveal Results  |": null

2019-10-31 15:40:04 - [TEST_STEP][PASSED] - callTestCase(findTestCase("Reusable_Test_Sequences/CAT_Scroll_to_Footer"), [:], CONTINUE_ON_FAILURE): Call Test Case 'Test Cases/Reusable_Test_Sequences/CAT_Scroll_to_Footer' successfully

2019-10-31 15:40:04 - [TEST_CASE][PASSED] - Test Cases/Reusable_Test_Sequences/CAT_Scroll_to_Footer: Test Cases/Reusable_Test_Sequences/CAT_Scroll_to_Footer

2019-10-31 15:40:05 - [TEST_STEP][PASSED] - "Scroll - To Footer on the bottom of the page (sometime off the screen) ": null

2019-10-31 15:40:05 - [TEST_STEP][PASSED] - scrollToElement(findTestObject("Page_of_Results/div_see all_footer__van-with-trailer"), 60): Scroll to object 'Object Repository/Page_of_Results/div_see all_footer__van-with-trailer' successfully

2019-10-31 15:40:05 - [MESSAGE][PASSED] - Scroll to object 'Object Repository/Page_of_Results/div_see all_footer__van-with-trailer' successfully

2019-10-31 15:40:05 - [TEST_STEP][PASSED] - delay(1): Delayed 1 second(s)

2019-10-31 15:40:06 - [MESSAGE][PASSED] - Delayed 1 second(s)

2019-10-31 15:40:06 - [MESSAGE][PASSED] - Call Test Case 'Test Cases/Reusable_Test_Sequences/CAT_Scroll_to_Footer' successfully

2019-10-31 15:40:06 - [TEST_STEP][PASSED] - "------------------------------------------": null

2019-10-31 15:40:06 - [TEST_STEP][PASSED] - " Verify Correct Location is Returned     |": null

2019-10-31 15:40:06 - [TEST_STEP][PASSED] - callTestCase(findTestCase("Reusable_Test_Sequences/CAT_Verification_Location"), [:], CONTINUE_ON_FAILURE): Call Test Case 'Test Cases/Reusable_Test_Sequences/CAT_Verification_Location' successfully

2019-10-31 15:40:06 - [TEST_CASE][PASSED] - Test Cases/Reusable_Test_Sequences/CAT_Verification_Location: Test Cases/Reusable_Test_Sequences/CAT_Verification_Location

2019-10-31 15:40:06 - [TEST_STEP][PASSED] - verifyTextPresent(findTestData("Search_CAT_ID_Data (1)").getValue("tradeNameLocationVerification", row), false): Text 'Gosport, Hampshire' is present on page 

2019-10-31 15:40:07 - [MESSAGE][PASSED] - Text 'Gosport, Hampshire' is present on page 

2019-10-31 15:40:07 - [MESSAGE][PASSED] - Call Test Case 'Test Cases/Reusable_Test_Sequences/CAT_Verification_Location' successfully

2019-10-31 15:40:07 - [TEST_STEP][PASSED] - "------------------------------------------": null

2019-10-31 15:40:07 - [TEST_STEP][PASSED] - " Verify Primary Contact is Returned     |": null

2019-10-31 15:40:07 - [TEST_STEP][PASSED] - callTestCase(findTestCase("Reusable_Test_Sequences/CAT_Verification_Primary_Contact"), [:], CONTINUE_ON_FAILURE): Call Test Case 'Test Cases/Reusable_Test_Sequences/CAT_Verification_Primary_Contact' successfully

2019-10-31 15:40:07 - [TEST_CASE][PASSED] - Test Cases/Reusable_Test_Sequences/CAT_Verification_Primary_Contact: Test Cases/Reusable_Test_Sequences/CAT_Verification_Primary_Contact

2019-10-31 15:40:08 - [TEST_STEP][PASSED] - verifyTextPresent(findTestData("Search_CAT_ID_Data (1)").getValue("primeContact", row), false): Text 'Jim Foster' is present on page 

2019-10-31 15:40:09 - [MESSAGE][PASSED] - Text 'Jim Foster' is present on page 

2019-10-31 15:40:09 - [MESSAGE][PASSED] - Call Test Case 'Test Cases/Reusable_Test_Sequences/CAT_Verification_Primary_Contact' successfully

2019-10-31 15:40:09 - [TEST_STEP][PASSED] - "--------------------------": null

2019-10-31 15:40:09 - [TEST_STEP][PASSED] - " Teardown - CLose Browser |": null

2019-10-31 15:40:09 - [TEST_STEP][PASSED] - callTestCase(findTestCase("Reusable_Test_Sequences/CAT_Teardown"), [:], STOP_ON_FAILURE): Call Test Case 'Test Cases/Reusable_Test_Sequences/CAT_Teardown' successfully

2019-10-31 15:40:10 - [TEST_CASE][PASSED] - Test Cases/Reusable_Test_Sequences/CAT_Teardown: Test Cases/Reusable_Test_Sequences/CAT_Teardown

2019-10-31 15:40:10 - [TEST_STEP][PASSED] - closeBrowser(): Browser is closed

2019-10-31 15:40:12 - [MESSAGE][PASSED] - Browser is closed

2019-10-31 15:40:12 - [MESSAGE][PASSED] - Call Test Case 'Test Cases/Reusable_Test_Sequences/CAT_Teardown' successfully

2019-10-31 15:40:12 - [TEST_STEP][PASSED] - callTestCase(findTestCase("Reusable_Test_Sequences/CAT_Setup"), [:], STOP_ON_FAILURE): Call Test Case 'Test Cases/Reusable_Test_Sequences/CAT_Setup' successfully

2019-10-31 15:40:12 - [TEST_CASE][PASSED] - Test Cases/Reusable_Test_Sequences/CAT_Setup: Test Cases/Reusable_Test_Sequences/CAT_Setup

2019-10-31 15:40:12 - [TEST_STEP][PASSED] - "URL - Set from the ENVIRONMENT PROFILE ": null

2019-10-31 15:40:12 - [TEST_STEP][PASSED] - openBrowser(URL): Browser is opened with url: 'https://www.preview.checkatrade.com/'

2019-10-31 15:40:12 - [MESSAGE][INFO] - Starting 'Firefox' driver

2019-10-31 15:40:20 - [MESSAGE][PASSED] - Browser is opened with url: 'https://www.preview.checkatrade.com/'

2019-10-31 15:40:20 - [TEST_STEP][PASSED] - maximizeWindow(): Current window maximized

2019-10-31 15:40:20 - [MESSAGE][PASSED] - Current window maximized

2019-10-31 15:40:20 - [TEST_STEP][PASSED] - waitForPageLoad(60): Wait for page load successfully

2019-10-31 15:40:20 - [MESSAGE][PASSED] - Wait for page load successfully

2019-10-31 15:40:20 - [TEST_STEP][PASSED] - waitForElementVisible(findTestObject("Page_Checkatrade Find a tradesperson you can trust/a_Search"), 25): Object 'Object Repository/Page_Checkatrade Find a tradesperson you can trust/a_Search' is visible

2019-10-31 15:40:20 - [MESSAGE][PASSED] - Object 'Object Repository/Page_Checkatrade Find a tradesperson you can trust/a_Search' is visible

2019-10-31 15:40:20 - [TEST_STEP][PASSED] - try: Text 'Checkatrade.com uses cookies to make sure you get the best browsing experience' is not present on page

2019-10-31 15:40:20 - [TEST_STEP][PASSED] - if (verifyElementPresent(findTestObject("Page_Checkatrade Find a tradesperson you can trust/div_close"), 1, OPTIONAL)): Text 'Checkatrade.com uses cookies to make sure you get the best browsing experience' is not present on page

2019-10-31 15:40:20 - [MESSAGE][PASSED] - Object 'Object Repository/Page_Checkatrade Find a tradesperson you can trust/div_close' is present

2019-10-31 15:40:20 - [TEST_STEP][PASSED] - click(findTestObject("Page_Checkatrade Find a tradesperson you can trust/div_close")): Object: 'Object Repository/Page_Checkatrade Find a tradesperson you can trust/div_close' is clicked on

2019-10-31 15:40:20 - [MESSAGE][PASSED] - Object: 'Object Repository/Page_Checkatrade Find a tradesperson you can trust/div_close' is clicked on

2019-10-31 15:40:20 - [TEST_STEP][PASSED] - "---------------------------------": null

2019-10-31 15:40:20 - [TEST_STEP][PASSED] - "COOKIE POPOUT REMOVED - Confirmed": null

2019-10-31 15:40:20 - [TEST_STEP][PASSED] - delay(1): Delayed 1 second(s)

2019-10-31 15:40:21 - [MESSAGE][PASSED] - Delayed 1 second(s)

2019-10-31 15:40:21 - [TEST_STEP][PASSED] - verifyTextNotPresent("Checkatrade.com uses cookies to make sure you get the best browsing experience", false): Text 'Checkatrade.com uses cookies to make sure you get the best browsing experience' is not present on page

2019-10-31 15:40:22 - [MESSAGE][PASSED] - Text 'Checkatrade.com uses cookies to make sure you get the best browsing experience' is not present on page

2019-10-31 15:40:22 - [TEST_STEP][PASSED] - try: Text 'We have updated our Privacy Policy, please review this' is not present on page

2019-10-31 15:40:22 - [TEST_STEP][PASSED] - if (verifyElementPresent(findTestObject("Page_Checkatrade Find a tradesperson you can trust/div_close_1"), 1, OPTIONAL)): Text 'We have updated our Privacy Policy, please review this' is not present on page

2019-10-31 15:40:22 - [MESSAGE][PASSED] - Object 'Object Repository/Page_Checkatrade Find a tradesperson you can trust/div_close_1' is present

2019-10-31 15:40:22 - [TEST_STEP][PASSED] - click(findTestObject("Page_Checkatrade Find a tradesperson you can trust/div_close_1")): Object: 'Object Repository/Page_Checkatrade Find a tradesperson you can trust/div_close_1' is clicked on

2019-10-31 15:40:22 - [MESSAGE][PASSED] - Object: 'Object Repository/Page_Checkatrade Find a tradesperson you can trust/div_close_1' is clicked on

2019-10-31 15:40:22 - [TEST_STEP][PASSED] - "---------------------------------": null

2019-10-31 15:40:22 - [TEST_STEP][PASSED] - "PRIVACY POPOUT REMOVED - Confirmed": null

2019-10-31 15:40:22 - [TEST_STEP][PASSED] - delay(1): Delayed 1 second(s)

2019-10-31 15:40:23 - [MESSAGE][PASSED] - Delayed 1 second(s)

2019-10-31 15:40:23 - [TEST_STEP][PASSED] - verifyTextNotPresent("We have updated our Privacy Policy, please review this", false): Text 'We have updated our Privacy Policy, please review this' is not present on page

2019-10-31 15:40:24 - [MESSAGE][PASSED] - Text 'We have updated our Privacy Policy, please review this' is not present on page

2019-10-31 15:40:24 - [MESSAGE][PASSED] - Call Test Case 'Test Cases/Reusable_Test_Sequences/CAT_Setup' successfully

2019-10-31 15:40:24 - [TEST_STEP][PASSED] - "---------------------------------------------------------------------": null

2019-10-31 15:40:24 - [TEST_STEP][PASSED] - " Select Search on Trader Name (or ID) From Home page/Search Screen   |": null

2019-10-31 15:40:24 - [TEST_STEP][PASSED] - callTestCase(findTestCase("Reusable_Test_Sequences/CAT_Click_Search_Trade_Name"), [:], CONTINUE_ON_FAILURE): Call Test Case 'Test Cases/Reusable_Test_Sequences/CAT_Click_Search_Trade_Name' successfully

2019-10-31 15:40:24 - [TEST_CASE][PASSED] - Test Cases/Reusable_Test_Sequences/CAT_Click_Search_Trade_Name: Test Cases/Reusable_Test_Sequences/CAT_Click_Search_Trade_Name

2019-10-31 15:40:24 - [TEST_STEP][PASSED] - click(findTestObject("Page_Checkatrade Find a tradesperson you can trust/a_or look up a member by name")): Object: 'Object Repository/Page_Checkatrade Find a tradesperson you can trust/a_or look up a member by name' is clicked on

2019-10-31 15:40:25 - [MESSAGE][PASSED] - Object: 'Object Repository/Page_Checkatrade Find a tradesperson you can trust/a_or look up a member by name' is clicked on

2019-10-31 15:40:25 - [TEST_STEP][PASSED] - waitForPageLoad(60): Wait for page load successfully

2019-10-31 15:40:25 - [MESSAGE][PASSED] - Wait for page load successfully

2019-10-31 15:40:25 - [MESSAGE][PASSED] - Call Test Case 'Test Cases/Reusable_Test_Sequences/CAT_Click_Search_Trade_Name' successfully

2019-10-31 15:40:25 - [TEST_STEP][PASSED] - "---------------------------------------": null

2019-10-31 15:40:25 - [TEST_STEP][PASSED] - " Enter Trader Name (or ID) to Search   |": null

2019-10-31 15:40:25 - [TEST_STEP][PASSED] - callTestCase(findTestCase("Reusable_Test_Sequences/CAT_Enter_Trade_Name"), [:], CONTINUE_ON_FAILURE): Call Test Case 'Test Cases/Reusable_Test_Sequences/CAT_Enter_Trade_Name' successfully

2019-10-31 15:40:25 - [TEST_CASE][PASSED] - Test Cases/Reusable_Test_Sequences/CAT_Enter_Trade_Name: Test Cases/Reusable_Test_Sequences/CAT_Enter_Trade_Name

2019-10-31 15:40:25 - [TEST_STEP][PASSED] - setText(findTestObject("Page_Checkatrade Find a tradesperson you can trust/Trader_Name_To_Search"), findTestData("Search_CAT_ID_Data (1)").getValue("tradeName", row)): Text '402921' is set on object 'Object Repository/Page_Checkatrade Find a tradesperson you can trust/Trader_Name_To_Search'

2019-10-31 15:40:25 - [MESSAGE][PASSED] - Text '402921' is set on object 'Object Repository/Page_Checkatrade Find a tradesperson you can trust/Trader_Name_To_Search'

2019-10-31 15:40:25 - [MESSAGE][PASSED] - Call Test Case 'Test Cases/Reusable_Test_Sequences/CAT_Enter_Trade_Name' successfully

2019-10-31 15:40:25 - [TEST_STEP][PASSED] - "---------------------------------------": null

2019-10-31 15:40:25 - [TEST_STEP][PASSED] - " Search Trader Name (or ID)            |": null

2019-10-31 15:40:25 - [TEST_STEP][PASSED] - callTestCase(findTestCase("Reusable_Test_Sequences/CAT_Search_Trade_Name"), [:], CONTINUE_ON_FAILURE): Call Test Case 'Test Cases/Reusable_Test_Sequences/CAT_Search_Trade_Name' successfully

2019-10-31 15:40:25 - [TEST_CASE][PASSED] - Test Cases/Reusable_Test_Sequences/CAT_Search_Trade_Name: Test Cases/Reusable_Test_Sequences/CAT_Search_Trade_Name

2019-10-31 15:40:25 - [TEST_STEP][PASSED] - "Hit Search Trade Person by Name (or CAT ID) after parameters are entered": null

2019-10-31 15:40:25 - [TEST_STEP][PASSED] - click(findTestObject("Page_Checkatrade Find a tradesperson you can trust/span_Trade_Name")): Object: 'Object Repository/Page_Checkatrade Find a tradesperson you can trust/span_Trade_Name' is clicked on

2019-10-31 15:40:28 - [MESSAGE][PASSED] - Object: 'Object Repository/Page_Checkatrade Find a tradesperson you can trust/span_Trade_Name' is clicked on

2019-10-31 15:40:28 - [TEST_STEP][PASSED] - waitForPageLoad(60): Wait for page load successfully

2019-10-31 15:40:28 - [MESSAGE][PASSED] - Wait for page load successfully

2019-10-31 15:40:28 - [MESSAGE][PASSED] - Call Test Case 'Test Cases/Reusable_Test_Sequences/CAT_Search_Trade_Name' successfully

2019-10-31 15:40:28 - [TEST_STEP][PASSED] - "------------------------------------------": null

2019-10-31 15:40:28 - [TEST_STEP][PASSED] - " Scroll to Page Footer to Reveal Results  |": null

2019-10-31 15:40:28 - [TEST_STEP][PASSED] - callTestCase(findTestCase("Reusable_Test_Sequences/CAT_Scroll_to_Footer"), [:], CONTINUE_ON_FAILURE): Call Test Case 'Test Cases/Reusable_Test_Sequences/CAT_Scroll_to_Footer' successfully

2019-10-31 15:40:28 - [TEST_CASE][PASSED] - Test Cases/Reusable_Test_Sequences/CAT_Scroll_to_Footer: Test Cases/Reusable_Test_Sequences/CAT_Scroll_to_Footer

2019-10-31 15:40:28 - [TEST_STEP][PASSED] - "Scroll - To Footer on the bottom of the page (sometime off the screen) ": null

2019-10-31 15:40:28 - [TEST_STEP][PASSED] - scrollToElement(findTestObject("Page_of_Results/div_see all_footer__van-with-trailer"), 60): Scroll to object 'Object Repository/Page_of_Results/div_see all_footer__van-with-trailer' successfully

2019-10-31 15:40:28 - [MESSAGE][PASSED] - Scroll to object 'Object Repository/Page_of_Results/div_see all_footer__van-with-trailer' successfully

2019-10-31 15:40:28 - [TEST_STEP][PASSED] - delay(1): Delayed 1 second(s)

2019-10-31 15:40:29 - [MESSAGE][PASSED] - Delayed 1 second(s)

2019-10-31 15:40:29 - [MESSAGE][PASSED] - Call Test Case 'Test Cases/Reusable_Test_Sequences/CAT_Scroll_to_Footer' successfully

2019-10-31 15:40:29 - [TEST_STEP][PASSED] - "------------------------------------------": null

2019-10-31 15:40:29 - [TEST_STEP][PASSED] - " Verify Correct Location is Returned     |": null

2019-10-31 15:40:29 - [TEST_STEP][PASSED] - callTestCase(findTestCase("Reusable_Test_Sequences/CAT_Verification_Location"), [:], CONTINUE_ON_FAILURE): Call Test Case 'Test Cases/Reusable_Test_Sequences/CAT_Verification_Location' successfully

2019-10-31 15:40:29 - [TEST_CASE][PASSED] - Test Cases/Reusable_Test_Sequences/CAT_Verification_Location: Test Cases/Reusable_Test_Sequences/CAT_Verification_Location

2019-10-31 15:40:29 - [TEST_STEP][PASSED] - verifyTextPresent(findTestData("Search_CAT_ID_Data (1)").getValue("tradeNameLocationVerification", row), false): Text 'Retford, Nottinghamshire' is present on page 

2019-10-31 15:40:30 - [MESSAGE][PASSED] - Text 'Retford, Nottinghamshire' is present on page 

2019-10-31 15:40:30 - [MESSAGE][PASSED] - Call Test Case 'Test Cases/Reusable_Test_Sequences/CAT_Verification_Location' successfully

2019-10-31 15:40:30 - [TEST_STEP][PASSED] - "------------------------------------------": null

2019-10-31 15:40:30 - [TEST_STEP][PASSED] - " Verify Primary Contact is Returned     |": null

2019-10-31 15:40:30 - [TEST_STEP][PASSED] - callTestCase(findTestCase("Reusable_Test_Sequences/CAT_Verification_Primary_Contact"), [:], CONTINUE_ON_FAILURE): Call Test Case 'Test Cases/Reusable_Test_Sequences/CAT_Verification_Primary_Contact' successfully

2019-10-31 15:40:30 - [TEST_CASE][PASSED] - Test Cases/Reusable_Test_Sequences/CAT_Verification_Primary_Contact: Test Cases/Reusable_Test_Sequences/CAT_Verification_Primary_Contact

2019-10-31 15:40:30 - [TEST_STEP][PASSED] - verifyTextPresent(findTestData("Search_CAT_ID_Data (1)").getValue("primeContact", row), false): Text 'James Burton' is present on page 

2019-10-31 15:40:31 - [MESSAGE][PASSED] - Text 'James Burton' is present on page 

2019-10-31 15:40:31 - [MESSAGE][PASSED] - Call Test Case 'Test Cases/Reusable_Test_Sequences/CAT_Verification_Primary_Contact' successfully

2019-10-31 15:40:31 - [TEST_STEP][PASSED] - "--------------------------": null

2019-10-31 15:40:31 - [TEST_STEP][PASSED] - " Teardown - CLose Browser |": null

2019-10-31 15:40:31 - [TEST_STEP][PASSED] - callTestCase(findTestCase("Reusable_Test_Sequences/CAT_Teardown"), [:], STOP_ON_FAILURE): Call Test Case 'Test Cases/Reusable_Test_Sequences/CAT_Teardown' successfully

2019-10-31 15:40:31 - [TEST_CASE][PASSED] - Test Cases/Reusable_Test_Sequences/CAT_Teardown: Test Cases/Reusable_Test_Sequences/CAT_Teardown

2019-10-31 15:40:31 - [TEST_STEP][PASSED] - closeBrowser(): Browser is closed

2019-10-31 15:40:34 - [MESSAGE][PASSED] - Browser is closed

2019-10-31 15:40:34 - [MESSAGE][PASSED] - Call Test Case 'Test Cases/Reusable_Test_Sequences/CAT_Teardown' successfully

2019-10-31 15:40:34 - [TEST_STEP][PASSED] - callTestCase(findTestCase("Reusable_Test_Sequences/CAT_Setup"), [:], STOP_ON_FAILURE): Call Test Case 'Test Cases/Reusable_Test_Sequences/CAT_Setup' successfully

2019-10-31 15:40:34 - [TEST_CASE][PASSED] - Test Cases/Reusable_Test_Sequences/CAT_Setup: Test Cases/Reusable_Test_Sequences/CAT_Setup

2019-10-31 15:40:34 - [TEST_STEP][PASSED] - "URL - Set from the ENVIRONMENT PROFILE ": null

2019-10-31 15:40:34 - [TEST_STEP][PASSED] - openBrowser(URL): Browser is opened with url: 'https://www.preview.checkatrade.com/'

2019-10-31 15:40:34 - [MESSAGE][INFO] - Starting 'Firefox' driver

2019-10-31 15:40:46 - [MESSAGE][PASSED] - Browser is opened with url: 'https://www.preview.checkatrade.com/'

2019-10-31 15:40:46 - [TEST_STEP][PASSED] - maximizeWindow(): Current window maximized

2019-10-31 15:40:47 - [MESSAGE][PASSED] - Current window maximized

2019-10-31 15:40:47 - [TEST_STEP][PASSED] - waitForPageLoad(60): Wait for page load successfully

2019-10-31 15:40:47 - [MESSAGE][PASSED] - Wait for page load successfully

2019-10-31 15:40:47 - [TEST_STEP][PASSED] - waitForElementVisible(findTestObject("Page_Checkatrade Find a tradesperson you can trust/a_Search"), 25): Object 'Object Repository/Page_Checkatrade Find a tradesperson you can trust/a_Search' is visible

2019-10-31 15:40:47 - [MESSAGE][PASSED] - Object 'Object Repository/Page_Checkatrade Find a tradesperson you can trust/a_Search' is visible

2019-10-31 15:40:47 - [TEST_STEP][PASSED] - try: Text 'Checkatrade.com uses cookies to make sure you get the best browsing experience' is not present on page

2019-10-31 15:40:47 - [TEST_STEP][PASSED] - if (verifyElementPresent(findTestObject("Page_Checkatrade Find a tradesperson you can trust/div_close"), 1, OPTIONAL)): Text 'Checkatrade.com uses cookies to make sure you get the best browsing experience' is not present on page

2019-10-31 15:40:47 - [MESSAGE][PASSED] - Object 'Object Repository/Page_Checkatrade Find a tradesperson you can trust/div_close' is present

2019-10-31 15:40:47 - [TEST_STEP][PASSED] - click(findTestObject("Page_Checkatrade Find a tradesperson you can trust/div_close")): Object: 'Object Repository/Page_Checkatrade Find a tradesperson you can trust/div_close' is clicked on

2019-10-31 15:40:47 - [MESSAGE][PASSED] - Object: 'Object Repository/Page_Checkatrade Find a tradesperson you can trust/div_close' is clicked on

2019-10-31 15:40:47 - [TEST_STEP][PASSED] - "---------------------------------": null

2019-10-31 15:40:47 - [TEST_STEP][PASSED] - "COOKIE POPOUT REMOVED - Confirmed": null

2019-10-31 15:40:47 - [TEST_STEP][PASSED] - delay(1): Delayed 1 second(s)

2019-10-31 15:40:48 - [MESSAGE][PASSED] - Delayed 1 second(s)

2019-10-31 15:40:48 - [TEST_STEP][PASSED] - verifyTextNotPresent("Checkatrade.com uses cookies to make sure you get the best browsing experience", false): Text 'Checkatrade.com uses cookies to make sure you get the best browsing experience' is not present on page

2019-10-31 15:40:49 - [MESSAGE][PASSED] - Text 'Checkatrade.com uses cookies to make sure you get the best browsing experience' is not present on page

2019-10-31 15:40:49 - [TEST_STEP][PASSED] - try: Text 'We have updated our Privacy Policy, please review this' is not present on page

2019-10-31 15:40:49 - [TEST_STEP][PASSED] - if (verifyElementPresent(findTestObject("Page_Checkatrade Find a tradesperson you can trust/div_close_1"), 1, OPTIONAL)): Text 'We have updated our Privacy Policy, please review this' is not present on page

2019-10-31 15:40:49 - [MESSAGE][PASSED] - Object 'Object Repository/Page_Checkatrade Find a tradesperson you can trust/div_close_1' is present

2019-10-31 15:40:49 - [TEST_STEP][PASSED] - click(findTestObject("Page_Checkatrade Find a tradesperson you can trust/div_close_1")): Object: 'Object Repository/Page_Checkatrade Find a tradesperson you can trust/div_close_1' is clicked on

2019-10-31 15:40:49 - [MESSAGE][PASSED] - Object: 'Object Repository/Page_Checkatrade Find a tradesperson you can trust/div_close_1' is clicked on

2019-10-31 15:40:49 - [TEST_STEP][PASSED] - "---------------------------------": null

2019-10-31 15:40:49 - [TEST_STEP][PASSED] - "PRIVACY POPOUT REMOVED - Confirmed": null

2019-10-31 15:40:49 - [TEST_STEP][PASSED] - delay(1): Delayed 1 second(s)

2019-10-31 15:40:50 - [MESSAGE][PASSED] - Delayed 1 second(s)

2019-10-31 15:40:50 - [TEST_STEP][PASSED] - verifyTextNotPresent("We have updated our Privacy Policy, please review this", false): Text 'We have updated our Privacy Policy, please review this' is not present on page

2019-10-31 15:40:51 - [MESSAGE][PASSED] - Text 'We have updated our Privacy Policy, please review this' is not present on page

2019-10-31 15:40:51 - [MESSAGE][PASSED] - Call Test Case 'Test Cases/Reusable_Test_Sequences/CAT_Setup' successfully

2019-10-31 15:40:51 - [TEST_STEP][PASSED] - "---------------------------------------------------------------------": null

2019-10-31 15:40:51 - [TEST_STEP][PASSED] - " Select Search on Trader Name (or ID) From Home page/Search Screen   |": null

2019-10-31 15:40:51 - [TEST_STEP][PASSED] - callTestCase(findTestCase("Reusable_Test_Sequences/CAT_Click_Search_Trade_Name"), [:], CONTINUE_ON_FAILURE): Call Test Case 'Test Cases/Reusable_Test_Sequences/CAT_Click_Search_Trade_Name' successfully

2019-10-31 15:40:51 - [TEST_CASE][PASSED] - Test Cases/Reusable_Test_Sequences/CAT_Click_Search_Trade_Name: Test Cases/Reusable_Test_Sequences/CAT_Click_Search_Trade_Name

2019-10-31 15:40:51 - [TEST_STEP][PASSED] - click(findTestObject("Page_Checkatrade Find a tradesperson you can trust/a_or look up a member by name")): Object: 'Object Repository/Page_Checkatrade Find a tradesperson you can trust/a_or look up a member by name' is clicked on

2019-10-31 15:40:51 - [MESSAGE][PASSED] - Object: 'Object Repository/Page_Checkatrade Find a tradesperson you can trust/a_or look up a member by name' is clicked on

2019-10-31 15:40:51 - [TEST_STEP][PASSED] - waitForPageLoad(60): Wait for page load successfully

2019-10-31 15:40:52 - [MESSAGE][PASSED] - Wait for page load successfully

2019-10-31 15:40:52 - [MESSAGE][PASSED] - Call Test Case 'Test Cases/Reusable_Test_Sequences/CAT_Click_Search_Trade_Name' successfully

2019-10-31 15:40:52 - [TEST_STEP][PASSED] - "---------------------------------------": null

2019-10-31 15:40:52 - [TEST_STEP][PASSED] - " Enter Trader Name (or ID) to Search   |": null

2019-10-31 15:40:52 - [TEST_STEP][PASSED] - callTestCase(findTestCase("Reusable_Test_Sequences/CAT_Enter_Trade_Name"), [:], CONTINUE_ON_FAILURE): Call Test Case 'Test Cases/Reusable_Test_Sequences/CAT_Enter_Trade_Name' successfully

2019-10-31 15:40:52 - [TEST_CASE][PASSED] - Test Cases/Reusable_Test_Sequences/CAT_Enter_Trade_Name: Test Cases/Reusable_Test_Sequences/CAT_Enter_Trade_Name

2019-10-31 15:40:52 - [TEST_STEP][PASSED] - setText(findTestObject("Page_Checkatrade Find a tradesperson you can trust/Trader_Name_To_Search"), findTestData("Search_CAT_ID_Data (1)").getValue("tradeName", row)): Text '308682' is set on object 'Object Repository/Page_Checkatrade Find a tradesperson you can trust/Trader_Name_To_Search'

2019-10-31 15:40:52 - [MESSAGE][PASSED] - Text '308682' is set on object 'Object Repository/Page_Checkatrade Find a tradesperson you can trust/Trader_Name_To_Search'

2019-10-31 15:40:52 - [MESSAGE][PASSED] - Call Test Case 'Test Cases/Reusable_Test_Sequences/CAT_Enter_Trade_Name' successfully

2019-10-31 15:40:52 - [TEST_STEP][PASSED] - "---------------------------------------": null

2019-10-31 15:40:52 - [TEST_STEP][PASSED] - " Search Trader Name (or ID)            |": null

2019-10-31 15:40:52 - [TEST_STEP][PASSED] - callTestCase(findTestCase("Reusable_Test_Sequences/CAT_Search_Trade_Name"), [:], CONTINUE_ON_FAILURE): Call Test Case 'Test Cases/Reusable_Test_Sequences/CAT_Search_Trade_Name' successfully

2019-10-31 15:40:52 - [TEST_CASE][PASSED] - Test Cases/Reusable_Test_Sequences/CAT_Search_Trade_Name: Test Cases/Reusable_Test_Sequences/CAT_Search_Trade_Name

2019-10-31 15:40:52 - [TEST_STEP][PASSED] - "Hit Search Trade Person by Name (or CAT ID) after parameters are entered": null

2019-10-31 15:40:52 - [TEST_STEP][PASSED] - click(findTestObject("Page_Checkatrade Find a tradesperson you can trust/span_Trade_Name")): Object: 'Object Repository/Page_Checkatrade Find a tradesperson you can trust/span_Trade_Name' is clicked on

2019-10-31 15:40:56 - [MESSAGE][PASSED] - Object: 'Object Repository/Page_Checkatrade Find a tradesperson you can trust/span_Trade_Name' is clicked on

2019-10-31 15:40:56 - [TEST_STEP][PASSED] - waitForPageLoad(60): Wait for page load successfully

2019-10-31 15:40:56 - [MESSAGE][PASSED] - Wait for page load successfully

2019-10-31 15:40:56 - [MESSAGE][PASSED] - Call Test Case 'Test Cases/Reusable_Test_Sequences/CAT_Search_Trade_Name' successfully

2019-10-31 15:40:56 - [TEST_STEP][PASSED] - "------------------------------------------": null

2019-10-31 15:40:56 - [TEST_STEP][PASSED] - " Scroll to Page Footer to Reveal Results  |": null

2019-10-31 15:40:56 - [TEST_STEP][PASSED] - callTestCase(findTestCase("Reusable_Test_Sequences/CAT_Scroll_to_Footer"), [:], CONTINUE_ON_FAILURE): Call Test Case 'Test Cases/Reusable_Test_Sequences/CAT_Scroll_to_Footer' successfully

2019-10-31 15:40:56 - [TEST_CASE][PASSED] - Test Cases/Reusable_Test_Sequences/CAT_Scroll_to_Footer: Test Cases/Reusable_Test_Sequences/CAT_Scroll_to_Footer

2019-10-31 15:40:56 - [TEST_STEP][PASSED] - "Scroll - To Footer on the bottom of the page (sometime off the screen) ": null

2019-10-31 15:40:56 - [TEST_STEP][PASSED] - scrollToElement(findTestObject("Page_of_Results/div_see all_footer__van-with-trailer"), 60): Scroll to object 'Object Repository/Page_of_Results/div_see all_footer__van-with-trailer' successfully

2019-10-31 15:40:56 - [MESSAGE][PASSED] - Scroll to object 'Object Repository/Page_of_Results/div_see all_footer__van-with-trailer' successfully

2019-10-31 15:40:56 - [TEST_STEP][PASSED] - delay(1): Delayed 1 second(s)

2019-10-31 15:40:57 - [MESSAGE][PASSED] - Delayed 1 second(s)

2019-10-31 15:40:57 - [MESSAGE][PASSED] - Call Test Case 'Test Cases/Reusable_Test_Sequences/CAT_Scroll_to_Footer' successfully

2019-10-31 15:40:57 - [TEST_STEP][PASSED] - "------------------------------------------": null

2019-10-31 15:40:57 - [TEST_STEP][PASSED] - " Verify Correct Location is Returned     |": null

2019-10-31 15:40:57 - [TEST_STEP][PASSED] - callTestCase(findTestCase("Reusable_Test_Sequences/CAT_Verification_Location"), [:], CONTINUE_ON_FAILURE): Call Test Case 'Test Cases/Reusable_Test_Sequences/CAT_Verification_Location' successfully

2019-10-31 15:40:57 - [TEST_CASE][PASSED] - Test Cases/Reusable_Test_Sequences/CAT_Verification_Location: Test Cases/Reusable_Test_Sequences/CAT_Verification_Location

2019-10-31 15:40:57 - [TEST_STEP][PASSED] - verifyTextPresent(findTestData("Search_CAT_ID_Data (1)").getValue("tradeNameLocationVerification", row), false): Text 'Banbury, Oxfordshire' is present on page 

2019-10-31 15:40:59 - [MESSAGE][PASSED] - Text 'Banbury, Oxfordshire' is present on page 

2019-10-31 15:40:59 - [MESSAGE][PASSED] - Call Test Case 'Test Cases/Reusable_Test_Sequences/CAT_Verification_Location' successfully

2019-10-31 15:40:59 - [TEST_STEP][PASSED] - "------------------------------------------": null

2019-10-31 15:40:59 - [TEST_STEP][PASSED] - " Verify Primary Contact is Returned     |": null

2019-10-31 15:40:59 - [TEST_STEP][PASSED] - callTestCase(findTestCase("Reusable_Test_Sequences/CAT_Verification_Primary_Contact"), [:], CONTINUE_ON_FAILURE): Call Test Case 'Test Cases/Reusable_Test_Sequences/CAT_Verification_Primary_Contact' successfully

2019-10-31 15:40:59 - [TEST_CASE][PASSED] - Test Cases/Reusable_Test_Sequences/CAT_Verification_Primary_Contact: Test Cases/Reusable_Test_Sequences/CAT_Verification_Primary_Contact

2019-10-31 15:40:59 - [TEST_STEP][PASSED] - verifyTextPresent(findTestData("Search_CAT_ID_Data (1)").getValue("primeContact", row), false): Text 'Andrew Whitaker' is present on page 

2019-10-31 15:41:00 - [MESSAGE][PASSED] - Text 'Andrew Whitaker' is present on page 

2019-10-31 15:41:00 - [MESSAGE][PASSED] - Call Test Case 'Test Cases/Reusable_Test_Sequences/CAT_Verification_Primary_Contact' successfully

2019-10-31 15:41:00 - [TEST_STEP][PASSED] - "--------------------------": null

2019-10-31 15:41:00 - [TEST_STEP][PASSED] - " Teardown - CLose Browser |": null

2019-10-31 15:41:00 - [TEST_STEP][PASSED] - callTestCase(findTestCase("Reusable_Test_Sequences/CAT_Teardown"), [:], STOP_ON_FAILURE): Call Test Case 'Test Cases/Reusable_Test_Sequences/CAT_Teardown' successfully

2019-10-31 15:41:00 - [TEST_CASE][PASSED] - Test Cases/Reusable_Test_Sequences/CAT_Teardown: Test Cases/Reusable_Test_Sequences/CAT_Teardown

2019-10-31 15:41:00 - [TEST_STEP][PASSED] - closeBrowser(): Browser is closed

2019-10-31 15:41:04 - [MESSAGE][PASSED] - Browser is closed

2019-10-31 15:41:04 - [MESSAGE][PASSED] - Call Test Case 'Test Cases/Reusable_Test_Sequences/CAT_Teardown' successfully

2019-10-31 15:41:04 - [TEST_STEP][PASSED] - callTestCase(findTestCase("Reusable_Test_Sequences/CAT_Setup"), [:], STOP_ON_FAILURE): Call Test Case 'Test Cases/Reusable_Test_Sequences/CAT_Setup' successfully

2019-10-31 15:41:04 - [TEST_CASE][PASSED] - Test Cases/Reusable_Test_Sequences/CAT_Setup: Test Cases/Reusable_Test_Sequences/CAT_Setup

2019-10-31 15:41:04 - [TEST_STEP][PASSED] - "URL - Set from the ENVIRONMENT PROFILE ": null

2019-10-31 15:41:04 - [TEST_STEP][PASSED] - openBrowser(URL): Browser is opened with url: 'https://www.preview.checkatrade.com/'

2019-10-31 15:41:04 - [MESSAGE][INFO] - Starting 'Firefox' driver

2019-10-31 15:41:14 - [MESSAGE][PASSED] - Browser is opened with url: 'https://www.preview.checkatrade.com/'

2019-10-31 15:41:14 - [TEST_STEP][PASSED] - maximizeWindow(): Current window maximized

2019-10-31 15:41:14 - [MESSAGE][PASSED] - Current window maximized

2019-10-31 15:41:14 - [TEST_STEP][PASSED] - waitForPageLoad(60): Wait for page load successfully

2019-10-31 15:41:14 - [MESSAGE][PASSED] - Wait for page load successfully

2019-10-31 15:41:15 - [TEST_STEP][PASSED] - waitForElementVisible(findTestObject("Page_Checkatrade Find a tradesperson you can trust/a_Search"), 25): Object 'Object Repository/Page_Checkatrade Find a tradesperson you can trust/a_Search' is visible

2019-10-31 15:41:15 - [MESSAGE][PASSED] - Object 'Object Repository/Page_Checkatrade Find a tradesperson you can trust/a_Search' is visible

2019-10-31 15:41:15 - [TEST_STEP][PASSED] - try: Text 'Checkatrade.com uses cookies to make sure you get the best browsing experience' is not present on page

2019-10-31 15:41:15 - [TEST_STEP][PASSED] - if (verifyElementPresent(findTestObject("Page_Checkatrade Find a tradesperson you can trust/div_close"), 1, OPTIONAL)): Text 'Checkatrade.com uses cookies to make sure you get the best browsing experience' is not present on page

2019-10-31 15:41:15 - [MESSAGE][PASSED] - Object 'Object Repository/Page_Checkatrade Find a tradesperson you can trust/div_close' is present

2019-10-31 15:41:15 - [TEST_STEP][PASSED] - click(findTestObject("Page_Checkatrade Find a tradesperson you can trust/div_close")): Object: 'Object Repository/Page_Checkatrade Find a tradesperson you can trust/div_close' is clicked on

2019-10-31 15:41:15 - [MESSAGE][PASSED] - Object: 'Object Repository/Page_Checkatrade Find a tradesperson you can trust/div_close' is clicked on

2019-10-31 15:41:15 - [TEST_STEP][PASSED] - "---------------------------------": null

2019-10-31 15:41:15 - [TEST_STEP][PASSED] - "COOKIE POPOUT REMOVED - Confirmed": null

2019-10-31 15:41:15 - [TEST_STEP][PASSED] - delay(1): Delayed 1 second(s)

2019-10-31 15:41:16 - [MESSAGE][PASSED] - Delayed 1 second(s)

2019-10-31 15:41:16 - [TEST_STEP][PASSED] - verifyTextNotPresent("Checkatrade.com uses cookies to make sure you get the best browsing experience", false): Text 'Checkatrade.com uses cookies to make sure you get the best browsing experience' is not present on page

2019-10-31 15:41:17 - [MESSAGE][PASSED] - Text 'Checkatrade.com uses cookies to make sure you get the best browsing experience' is not present on page

2019-10-31 15:41:17 - [TEST_STEP][PASSED] - try: Text 'We have updated our Privacy Policy, please review this' is not present on page

2019-10-31 15:41:17 - [TEST_STEP][PASSED] - if (verifyElementPresent(findTestObject("Page_Checkatrade Find a tradesperson you can trust/div_close_1"), 1, OPTIONAL)): Text 'We have updated our Privacy Policy, please review this' is not present on page

2019-10-31 15:41:17 - [MESSAGE][PASSED] - Object 'Object Repository/Page_Checkatrade Find a tradesperson you can trust/div_close_1' is present

2019-10-31 15:41:17 - [TEST_STEP][PASSED] - click(findTestObject("Page_Checkatrade Find a tradesperson you can trust/div_close_1")): Object: 'Object Repository/Page_Checkatrade Find a tradesperson you can trust/div_close_1' is clicked on

2019-10-31 15:41:17 - [MESSAGE][PASSED] - Object: 'Object Repository/Page_Checkatrade Find a tradesperson you can trust/div_close_1' is clicked on

2019-10-31 15:41:17 - [TEST_STEP][PASSED] - "---------------------------------": null

2019-10-31 15:41:17 - [TEST_STEP][PASSED] - "PRIVACY POPOUT REMOVED - Confirmed": null

2019-10-31 15:41:17 - [TEST_STEP][PASSED] - delay(1): Delayed 1 second(s)

2019-10-31 15:41:18 - [MESSAGE][PASSED] - Delayed 1 second(s)

2019-10-31 15:41:18 - [TEST_STEP][PASSED] - verifyTextNotPresent("We have updated our Privacy Policy, please review this", false): Text 'We have updated our Privacy Policy, please review this' is not present on page

2019-10-31 15:41:19 - [MESSAGE][PASSED] - Text 'We have updated our Privacy Policy, please review this' is not present on page

2019-10-31 15:41:19 - [MESSAGE][PASSED] - Call Test Case 'Test Cases/Reusable_Test_Sequences/CAT_Setup' successfully

2019-10-31 15:41:19 - [TEST_STEP][PASSED] - "---------------------------------------------------------------------": null

2019-10-31 15:41:19 - [TEST_STEP][PASSED] - " Select Search on Trader Name (or ID) From Home page/Search Screen   |": null

2019-10-31 15:41:19 - [TEST_STEP][PASSED] - callTestCase(findTestCase("Reusable_Test_Sequences/CAT_Click_Search_Trade_Name"), [:], CONTINUE_ON_FAILURE): Call Test Case 'Test Cases/Reusable_Test_Sequences/CAT_Click_Search_Trade_Name' successfully

2019-10-31 15:41:19 - [TEST_CASE][PASSED] - Test Cases/Reusable_Test_Sequences/CAT_Click_Search_Trade_Name: Test Cases/Reusable_Test_Sequences/CAT_Click_Search_Trade_Name

2019-10-31 15:41:19 - [TEST_STEP][PASSED] - click(findTestObject("Page_Checkatrade Find a tradesperson you can trust/a_or look up a member by name")): Object: 'Object Repository/Page_Checkatrade Find a tradesperson you can trust/a_or look up a member by name' is clicked on

2019-10-31 15:41:19 - [MESSAGE][PASSED] - Object: 'Object Repository/Page_Checkatrade Find a tradesperson you can trust/a_or look up a member by name' is clicked on

2019-10-31 15:41:19 - [TEST_STEP][PASSED] - waitForPageLoad(60): Wait for page load successfully

2019-10-31 15:41:19 - [MESSAGE][PASSED] - Wait for page load successfully

2019-10-31 15:41:19 - [MESSAGE][PASSED] - Call Test Case 'Test Cases/Reusable_Test_Sequences/CAT_Click_Search_Trade_Name' successfully

2019-10-31 15:41:19 - [TEST_STEP][PASSED] - "---------------------------------------": null

2019-10-31 15:41:19 - [TEST_STEP][PASSED] - " Enter Trader Name (or ID) to Search   |": null

2019-10-31 15:41:19 - [TEST_STEP][PASSED] - callTestCase(findTestCase("Reusable_Test_Sequences/CAT_Enter_Trade_Name"), [:], CONTINUE_ON_FAILURE): Call Test Case 'Test Cases/Reusable_Test_Sequences/CAT_Enter_Trade_Name' successfully

2019-10-31 15:41:19 - [TEST_CASE][PASSED] - Test Cases/Reusable_Test_Sequences/CAT_Enter_Trade_Name: Test Cases/Reusable_Test_Sequences/CAT_Enter_Trade_Name

2019-10-31 15:41:19 - [TEST_STEP][PASSED] - setText(findTestObject("Page_Checkatrade Find a tradesperson you can trust/Trader_Name_To_Search"), findTestData("Search_CAT_ID_Data (1)").getValue("tradeName", row)): Text '81557' is set on object 'Object Repository/Page_Checkatrade Find a tradesperson you can trust/Trader_Name_To_Search'

2019-10-31 15:41:19 - [MESSAGE][PASSED] - Text '81557' is set on object 'Object Repository/Page_Checkatrade Find a tradesperson you can trust/Trader_Name_To_Search'

2019-10-31 15:41:19 - [MESSAGE][PASSED] - Call Test Case 'Test Cases/Reusable_Test_Sequences/CAT_Enter_Trade_Name' successfully

2019-10-31 15:41:19 - [TEST_STEP][PASSED] - "---------------------------------------": null

2019-10-31 15:41:19 - [TEST_STEP][PASSED] - " Search Trader Name (or ID)            |": null

2019-10-31 15:41:19 - [TEST_STEP][PASSED] - callTestCase(findTestCase("Reusable_Test_Sequences/CAT_Search_Trade_Name"), [:], CONTINUE_ON_FAILURE): Call Test Case 'Test Cases/Reusable_Test_Sequences/CAT_Search_Trade_Name' successfully

2019-10-31 15:41:19 - [TEST_CASE][PASSED] - Test Cases/Reusable_Test_Sequences/CAT_Search_Trade_Name: Test Cases/Reusable_Test_Sequences/CAT_Search_Trade_Name

2019-10-31 15:41:20 - [TEST_STEP][PASSED] - "Hit Search Trade Person by Name (or CAT ID) after parameters are entered": null

2019-10-31 15:41:20 - [TEST_STEP][PASSED] - click(findTestObject("Page_Checkatrade Find a tradesperson you can trust/span_Trade_Name")): Object: 'Object Repository/Page_Checkatrade Find a tradesperson you can trust/span_Trade_Name' is clicked on

2019-10-31 15:41:24 - [MESSAGE][PASSED] - Object: 'Object Repository/Page_Checkatrade Find a tradesperson you can trust/span_Trade_Name' is clicked on

2019-10-31 15:41:24 - [TEST_STEP][PASSED] - waitForPageLoad(60): Wait for page load successfully

2019-10-31 15:41:24 - [MESSAGE][PASSED] - Wait for page load successfully

2019-10-31 15:41:24 - [MESSAGE][PASSED] - Call Test Case 'Test Cases/Reusable_Test_Sequences/CAT_Search_Trade_Name' successfully

2019-10-31 15:41:24 - [TEST_STEP][PASSED] - "------------------------------------------": null

2019-10-31 15:41:24 - [TEST_STEP][PASSED] - " Scroll to Page Footer to Reveal Results  |": null

2019-10-31 15:41:24 - [TEST_STEP][PASSED] - callTestCase(findTestCase("Reusable_Test_Sequences/CAT_Scroll_to_Footer"), [:], CONTINUE_ON_FAILURE): Call Test Case 'Test Cases/Reusable_Test_Sequences/CAT_Scroll_to_Footer' successfully

2019-10-31 15:41:24 - [TEST_CASE][PASSED] - Test Cases/Reusable_Test_Sequences/CAT_Scroll_to_Footer: Test Cases/Reusable_Test_Sequences/CAT_Scroll_to_Footer

2019-10-31 15:41:24 - [TEST_STEP][PASSED] - "Scroll - To Footer on the bottom of the page (sometime off the screen) ": null

2019-10-31 15:41:24 - [TEST_STEP][PASSED] - scrollToElement(findTestObject("Page_of_Results/div_see all_footer__van-with-trailer"), 60): Scroll to object 'Object Repository/Page_of_Results/div_see all_footer__van-with-trailer' successfully

2019-10-31 15:41:24 - [MESSAGE][PASSED] - Scroll to object 'Object Repository/Page_of_Results/div_see all_footer__van-with-trailer' successfully

2019-10-31 15:41:24 - [TEST_STEP][PASSED] - delay(1): Delayed 1 second(s)

2019-10-31 15:41:25 - [MESSAGE][PASSED] - Delayed 1 second(s)

2019-10-31 15:41:25 - [MESSAGE][PASSED] - Call Test Case 'Test Cases/Reusable_Test_Sequences/CAT_Scroll_to_Footer' successfully

2019-10-31 15:41:25 - [TEST_STEP][PASSED] - "------------------------------------------": null

2019-10-31 15:41:25 - [TEST_STEP][PASSED] - " Verify Correct Location is Returned     |": null

2019-10-31 15:41:25 - [TEST_STEP][PASSED] - callTestCase(findTestCase("Reusable_Test_Sequences/CAT_Verification_Location"), [:], CONTINUE_ON_FAILURE): Call Test Case 'Test Cases/Reusable_Test_Sequences/CAT_Verification_Location' successfully

2019-10-31 15:41:25 - [TEST_CASE][PASSED] - Test Cases/Reusable_Test_Sequences/CAT_Verification_Location: Test Cases/Reusable_Test_Sequences/CAT_Verification_Location

2019-10-31 15:41:25 - [TEST_STEP][PASSED] - verifyTextPresent(findTestData("Search_CAT_ID_Data (1)").getValue("tradeNameLocationVerification", row), false): Text 'Littlehampton, West Sussex' is present on page 

2019-10-31 15:41:27 - [MESSAGE][PASSED] - Text 'Littlehampton, West Sussex' is present on page 

2019-10-31 15:41:27 - [MESSAGE][PASSED] - Call Test Case 'Test Cases/Reusable_Test_Sequences/CAT_Verification_Location' successfully

2019-10-31 15:41:27 - [TEST_STEP][PASSED] - "------------------------------------------": null

2019-10-31 15:41:27 - [TEST_STEP][PASSED] - " Verify Primary Contact is Returned     |": null

2019-10-31 15:41:27 - [TEST_STEP][PASSED] - callTestCase(findTestCase("Reusable_Test_Sequences/CAT_Verification_Primary_Contact"), [:], CONTINUE_ON_FAILURE): Call Test Case 'Test Cases/Reusable_Test_Sequences/CAT_Verification_Primary_Contact' successfully

2019-10-31 15:41:27 - [TEST_CASE][PASSED] - Test Cases/Reusable_Test_Sequences/CAT_Verification_Primary_Contact: Test Cases/Reusable_Test_Sequences/CAT_Verification_Primary_Contact

2019-10-31 15:41:27 - [TEST_STEP][PASSED] - verifyTextPresent(findTestData("Search_CAT_ID_Data (1)").getValue("primeContact", row), false): Text 'Dan Hunt' is present on page 

2019-10-31 15:41:29 - [MESSAGE][PASSED] - Text 'Dan Hunt' is present on page 

2019-10-31 15:41:29 - [MESSAGE][PASSED] - Call Test Case 'Test Cases/Reusable_Test_Sequences/CAT_Verification_Primary_Contact' successfully

2019-10-31 15:41:29 - [TEST_STEP][PASSED] - "--------------------------": null

2019-10-31 15:41:29 - [TEST_STEP][PASSED] - " Teardown - CLose Browser |": null

2019-10-31 15:41:29 - [TEST_STEP][PASSED] - callTestCase(findTestCase("Reusable_Test_Sequences/CAT_Teardown"), [:], STOP_ON_FAILURE): Call Test Case 'Test Cases/Reusable_Test_Sequences/CAT_Teardown' successfully

2019-10-31 15:41:29 - [TEST_CASE][PASSED] - Test Cases/Reusable_Test_Sequences/CAT_Teardown: Test Cases/Reusable_Test_Sequences/CAT_Teardown

2019-10-31 15:41:29 - [TEST_STEP][PASSED] - closeBrowser(): Browser is closed

2019-10-31 15:41:31 - [MESSAGE][PASSED] - Browser is closed

2019-10-31 15:41:31 - [MESSAGE][PASSED] - Call Test Case 'Test Cases/Reusable_Test_Sequences/CAT_Teardown' successfully

2019-10-31 15:41:31 - [TEST_STEP][PASSED] - callTestCase(findTestCase("Reusable_Test_Sequences/CAT_Setup"), [:], STOP_ON_FAILURE): Call Test Case 'Test Cases/Reusable_Test_Sequences/CAT_Setup' successfully

2019-10-31 15:41:31 - [TEST_CASE][PASSED] - Test Cases/Reusable_Test_Sequences/CAT_Setup: Test Cases/Reusable_Test_Sequences/CAT_Setup

2019-10-31 15:41:31 - [TEST_STEP][PASSED] - "URL - Set from the ENVIRONMENT PROFILE ": null

2019-10-31 15:41:31 - [TEST_STEP][PASSED] - openBrowser(URL): Browser is opened with url: 'https://www.preview.checkatrade.com/'

2019-10-31 15:41:31 - [MESSAGE][INFO] - Starting 'Firefox' driver

2019-10-31 15:41:40 - [MESSAGE][PASSED] - Browser is opened with url: 'https://www.preview.checkatrade.com/'

2019-10-31 15:41:40 - [TEST_STEP][PASSED] - maximizeWindow(): Current window maximized

2019-10-31 15:41:40 - [MESSAGE][PASSED] - Current window maximized

2019-10-31 15:41:40 - [TEST_STEP][PASSED] - waitForPageLoad(60): Wait for page load successfully

2019-10-31 15:41:40 - [MESSAGE][PASSED] - Wait for page load successfully

2019-10-31 15:41:40 - [TEST_STEP][PASSED] - waitForElementVisible(findTestObject("Page_Checkatrade Find a tradesperson you can trust/a_Search"), 25): Object 'Object Repository/Page_Checkatrade Find a tradesperson you can trust/a_Search' is visible

2019-10-31 15:41:41 - [MESSAGE][PASSED] - Object 'Object Repository/Page_Checkatrade Find a tradesperson you can trust/a_Search' is visible

2019-10-31 15:41:41 - [TEST_STEP][PASSED] - try: Text 'Checkatrade.com uses cookies to make sure you get the best browsing experience' is not present on page

2019-10-31 15:41:41 - [TEST_STEP][PASSED] - if (verifyElementPresent(findTestObject("Page_Checkatrade Find a tradesperson you can trust/div_close"), 1, OPTIONAL)): Text 'Checkatrade.com uses cookies to make sure you get the best browsing experience' is not present on page

2019-10-31 15:41:41 - [MESSAGE][PASSED] - Object 'Object Repository/Page_Checkatrade Find a tradesperson you can trust/div_close' is present

2019-10-31 15:41:41 - [TEST_STEP][PASSED] - click(findTestObject("Page_Checkatrade Find a tradesperson you can trust/div_close")): Object: 'Object Repository/Page_Checkatrade Find a tradesperson you can trust/div_close' is clicked on

2019-10-31 15:41:41 - [MESSAGE][PASSED] - Object: 'Object Repository/Page_Checkatrade Find a tradesperson you can trust/div_close' is clicked on

2019-10-31 15:41:41 - [TEST_STEP][PASSED] - "---------------------------------": null

2019-10-31 15:41:41 - [TEST_STEP][PASSED] - "COOKIE POPOUT REMOVED - Confirmed": null

2019-10-31 15:41:41 - [TEST_STEP][PASSED] - delay(1): Delayed 1 second(s)

2019-10-31 15:41:42 - [MESSAGE][PASSED] - Delayed 1 second(s)

2019-10-31 15:41:42 - [TEST_STEP][PASSED] - verifyTextNotPresent("Checkatrade.com uses cookies to make sure you get the best browsing experience", false): Text 'Checkatrade.com uses cookies to make sure you get the best browsing experience' is not present on page

2019-10-31 15:41:43 - [MESSAGE][PASSED] - Text 'Checkatrade.com uses cookies to make sure you get the best browsing experience' is not present on page

2019-10-31 15:41:43 - [TEST_STEP][PASSED] - try: Text 'We have updated our Privacy Policy, please review this' is not present on page

2019-10-31 15:41:43 - [TEST_STEP][PASSED] - if (verifyElementPresent(findTestObject("Page_Checkatrade Find a tradesperson you can trust/div_close_1"), 1, OPTIONAL)): Text 'We have updated our Privacy Policy, please review this' is not present on page

2019-10-31 15:41:43 - [MESSAGE][PASSED] - Object 'Object Repository/Page_Checkatrade Find a tradesperson you can trust/div_close_1' is present

2019-10-31 15:41:43 - [TEST_STEP][PASSED] - click(findTestObject("Page_Checkatrade Find a tradesperson you can trust/div_close_1")): Object: 'Object Repository/Page_Checkatrade Find a tradesperson you can trust/div_close_1' is clicked on

2019-10-31 15:41:43 - [MESSAGE][PASSED] - Object: 'Object Repository/Page_Checkatrade Find a tradesperson you can trust/div_close_1' is clicked on

2019-10-31 15:41:43 - [TEST_STEP][PASSED] - "---------------------------------": null

2019-10-31 15:41:43 - [TEST_STEP][PASSED] - "PRIVACY POPOUT REMOVED - Confirmed": null

2019-10-31 15:41:43 - [TEST_STEP][PASSED] - delay(1): Delayed 1 second(s)

2019-10-31 15:41:44 - [MESSAGE][PASSED] - Delayed 1 second(s)

2019-10-31 15:41:44 - [TEST_STEP][PASSED] - verifyTextNotPresent("We have updated our Privacy Policy, please review this", false): Text 'We have updated our Privacy Policy, please review this' is not present on page

2019-10-31 15:41:45 - [MESSAGE][PASSED] - Text 'We have updated our Privacy Policy, please review this' is not present on page

2019-10-31 15:41:45 - [MESSAGE][PASSED] - Call Test Case 'Test Cases/Reusable_Test_Sequences/CAT_Setup' successfully

2019-10-31 15:41:45 - [TEST_STEP][PASSED] - "---------------------------------------------------------------------": null

2019-10-31 15:41:45 - [TEST_STEP][PASSED] - " Select Search on Trader Name (or ID) From Home page/Search Screen   |": null

2019-10-31 15:41:45 - [TEST_STEP][PASSED] - callTestCase(findTestCase("Reusable_Test_Sequences/CAT_Click_Search_Trade_Name"), [:], CONTINUE_ON_FAILURE): Call Test Case 'Test Cases/Reusable_Test_Sequences/CAT_Click_Search_Trade_Name' successfully

2019-10-31 15:41:45 - [TEST_CASE][PASSED] - Test Cases/Reusable_Test_Sequences/CAT_Click_Search_Trade_Name: Test Cases/Reusable_Test_Sequences/CAT_Click_Search_Trade_Name

2019-10-31 15:41:45 - [TEST_STEP][PASSED] - click(findTestObject("Page_Checkatrade Find a tradesperson you can trust/a_or look up a member by name")): Object: 'Object Repository/Page_Checkatrade Find a tradesperson you can trust/a_or look up a member by name' is clicked on

2019-10-31 15:41:45 - [MESSAGE][PASSED] - Object: 'Object Repository/Page_Checkatrade Find a tradesperson you can trust/a_or look up a member by name' is clicked on

2019-10-31 15:41:45 - [TEST_STEP][PASSED] - waitForPageLoad(60): Wait for page load successfully

2019-10-31 15:41:45 - [MESSAGE][PASSED] - Wait for page load successfully

2019-10-31 15:41:45 - [MESSAGE][PASSED] - Call Test Case 'Test Cases/Reusable_Test_Sequences/CAT_Click_Search_Trade_Name' successfully

2019-10-31 15:41:45 - [TEST_STEP][PASSED] - "---------------------------------------": null

2019-10-31 15:41:45 - [TEST_STEP][PASSED] - " Enter Trader Name (or ID) to Search   |": null

2019-10-31 15:41:45 - [TEST_STEP][PASSED] - callTestCase(findTestCase("Reusable_Test_Sequences/CAT_Enter_Trade_Name"), [:], CONTINUE_ON_FAILURE): Call Test Case 'Test Cases/Reusable_Test_Sequences/CAT_Enter_Trade_Name' successfully

2019-10-31 15:41:45 - [TEST_CASE][PASSED] - Test Cases/Reusable_Test_Sequences/CAT_Enter_Trade_Name: Test Cases/Reusable_Test_Sequences/CAT_Enter_Trade_Name

2019-10-31 15:41:45 - [TEST_STEP][PASSED] - setText(findTestObject("Page_Checkatrade Find a tradesperson you can trust/Trader_Name_To_Search"), findTestData("Search_CAT_ID_Data (1)").getValue("tradeName", row)): Text '381198' is set on object 'Object Repository/Page_Checkatrade Find a tradesperson you can trust/Trader_Name_To_Search'

2019-10-31 15:41:46 - [MESSAGE][PASSED] - Text '381198' is set on object 'Object Repository/Page_Checkatrade Find a tradesperson you can trust/Trader_Name_To_Search'

2019-10-31 15:41:46 - [MESSAGE][PASSED] - Call Test Case 'Test Cases/Reusable_Test_Sequences/CAT_Enter_Trade_Name' successfully

2019-10-31 15:41:46 - [TEST_STEP][PASSED] - "---------------------------------------": null

2019-10-31 15:41:46 - [TEST_STEP][PASSED] - " Search Trader Name (or ID)            |": null

2019-10-31 15:41:46 - [TEST_STEP][PASSED] - callTestCase(findTestCase("Reusable_Test_Sequences/CAT_Search_Trade_Name"), [:], CONTINUE_ON_FAILURE): Call Test Case 'Test Cases/Reusable_Test_Sequences/CAT_Search_Trade_Name' successfully

2019-10-31 15:41:46 - [TEST_CASE][PASSED] - Test Cases/Reusable_Test_Sequences/CAT_Search_Trade_Name: Test Cases/Reusable_Test_Sequences/CAT_Search_Trade_Name

2019-10-31 15:41:46 - [TEST_STEP][PASSED] - "Hit Search Trade Person by Name (or CAT ID) after parameters are entered": null

2019-10-31 15:41:46 - [TEST_STEP][PASSED] - click(findTestObject("Page_Checkatrade Find a tradesperson you can trust/span_Trade_Name")): Object: 'Object Repository/Page_Checkatrade Find a tradesperson you can trust/span_Trade_Name' is clicked on

2019-10-31 15:41:50 - [MESSAGE][PASSED] - Object: 'Object Repository/Page_Checkatrade Find a tradesperson you can trust/span_Trade_Name' is clicked on

2019-10-31 15:41:50 - [TEST_STEP][PASSED] - waitForPageLoad(60): Wait for page load successfully

2019-10-31 15:41:50 - [MESSAGE][PASSED] - Wait for page load successfully

2019-10-31 15:41:50 - [MESSAGE][PASSED] - Call Test Case 'Test Cases/Reusable_Test_Sequences/CAT_Search_Trade_Name' successfully

2019-10-31 15:41:50 - [TEST_STEP][PASSED] - "------------------------------------------": null

2019-10-31 15:41:50 - [TEST_STEP][PASSED] - " Scroll to Page Footer to Reveal Results  |": null

2019-10-31 15:41:50 - [TEST_STEP][PASSED] - callTestCase(findTestCase("Reusable_Test_Sequences/CAT_Scroll_to_Footer"), [:], CONTINUE_ON_FAILURE): Call Test Case 'Test Cases/Reusable_Test_Sequences/CAT_Scroll_to_Footer' successfully

2019-10-31 15:41:50 - [TEST_CASE][PASSED] - Test Cases/Reusable_Test_Sequences/CAT_Scroll_to_Footer: Test Cases/Reusable_Test_Sequences/CAT_Scroll_to_Footer

2019-10-31 15:41:50 - [TEST_STEP][PASSED] - "Scroll - To Footer on the bottom of the page (sometime off the screen) ": null

2019-10-31 15:41:50 - [TEST_STEP][PASSED] - scrollToElement(findTestObject("Page_of_Results/div_see all_footer__van-with-trailer"), 60): Scroll to object 'Object Repository/Page_of_Results/div_see all_footer__van-with-trailer' successfully

2019-10-31 15:41:50 - [MESSAGE][PASSED] - Scroll to object 'Object Repository/Page_of_Results/div_see all_footer__van-with-trailer' successfully

2019-10-31 15:41:50 - [TEST_STEP][PASSED] - delay(1): Delayed 1 second(s)

2019-10-31 15:41:51 - [MESSAGE][PASSED] - Delayed 1 second(s)

2019-10-31 15:41:51 - [MESSAGE][PASSED] - Call Test Case 'Test Cases/Reusable_Test_Sequences/CAT_Scroll_to_Footer' successfully

2019-10-31 15:41:51 - [TEST_STEP][PASSED] - "------------------------------------------": null

2019-10-31 15:41:51 - [TEST_STEP][PASSED] - " Verify Correct Location is Returned     |": null

2019-10-31 15:41:51 - [TEST_STEP][PASSED] - callTestCase(findTestCase("Reusable_Test_Sequences/CAT_Verification_Location"), [:], CONTINUE_ON_FAILURE): Call Test Case 'Test Cases/Reusable_Test_Sequences/CAT_Verification_Location' successfully

2019-10-31 15:41:51 - [TEST_CASE][PASSED] - Test Cases/Reusable_Test_Sequences/CAT_Verification_Location: Test Cases/Reusable_Test_Sequences/CAT_Verification_Location

2019-10-31 15:41:51 - [TEST_STEP][PASSED] - verifyTextPresent(findTestData("Search_CAT_ID_Data (1)").getValue("tradeNameLocationVerification", row), false): Text 'Bognor Regis' is present on page 

2019-10-31 15:41:52 - [MESSAGE][PASSED] - Text 'Bognor Regis' is present on page 

2019-10-31 15:41:52 - [MESSAGE][PASSED] - Call Test Case 'Test Cases/Reusable_Test_Sequences/CAT_Verification_Location' successfully

2019-10-31 15:41:52 - [TEST_STEP][PASSED] - "------------------------------------------": null

2019-10-31 15:41:52 - [TEST_STEP][PASSED] - " Verify Primary Contact is Returned     |": null

2019-10-31 15:41:52 - [TEST_STEP][PASSED] - callTestCase(findTestCase("Reusable_Test_Sequences/CAT_Verification_Primary_Contact"), [:], CONTINUE_ON_FAILURE): Call Test Case 'Test Cases/Reusable_Test_Sequences/CAT_Verification_Primary_Contact' successfully

2019-10-31 15:41:52 - [TEST_CASE][PASSED] - Test Cases/Reusable_Test_Sequences/CAT_Verification_Primary_Contact: Test Cases/Reusable_Test_Sequences/CAT_Verification_Primary_Contact

2019-10-31 15:41:52 - [TEST_STEP][PASSED] - verifyTextPresent(findTestData("Search_CAT_ID_Data (1)").getValue("primeContact", row), false): Text 'Mr Scott Heyburn' is present on page 

2019-10-31 15:41:53 - [MESSAGE][PASSED] - Text 'Mr Scott Heyburn' is present on page 

2019-10-31 15:41:53 - [MESSAGE][PASSED] - Call Test Case 'Test Cases/Reusable_Test_Sequences/CAT_Verification_Primary_Contact' successfully

2019-10-31 15:41:53 - [TEST_STEP][PASSED] - "--------------------------": null

2019-10-31 15:41:53 - [TEST_STEP][PASSED] - " Teardown - CLose Browser |": null

2019-10-31 15:41:53 - [TEST_STEP][PASSED] - callTestCase(findTestCase("Reusable_Test_Sequences/CAT_Teardown"), [:], STOP_ON_FAILURE): Call Test Case 'Test Cases/Reusable_Test_Sequences/CAT_Teardown' successfully

2019-10-31 15:41:53 - [TEST_CASE][PASSED] - Test Cases/Reusable_Test_Sequences/CAT_Teardown: Test Cases/Reusable_Test_Sequences/CAT_Teardown

2019-10-31 15:41:53 - [TEST_STEP][PASSED] - closeBrowser(): Browser is closed

2019-10-31 15:41:57 - [MESSAGE][PASSED] - Browser is closed

2019-10-31 15:41:57 - [MESSAGE][PASSED] - Call Test Case 'Test Cases/Reusable_Test_Sequences/CAT_Teardown' successfully]]></system-out>
         <system-err><![CDATA[]]></system-err>
      </testcase>
      <system-out><![CDATA[2019-10-31 15:39:39 - [TEST_SUITE][PASSED] - Trade_Name_Multiple_Search: Test Cases/Checkatrade_Tradesman_Searches/Trade_Name_Search_Multiple]]></system-out>
      <system-err><![CDATA[]]></system-err>
   </testsuite>
   <testsuite name="Trade_Location_Multiple_Search" tests="1" failures="0" errors="0" time="145.661" timestamp="2019-10-31 15:39:56" hostname="DavidHo - VETTEDSP36RF.check.local" id="Test Suites/Trade_Location_Multiple_Search">
      <properties>
         <property name="deviceName" value=""/>
         <property name="devicePlatform" value=""/>
         <property name="logFolder" value="C:\\Users\\davidho\\Katalon Studio\\Start\\Reports\\20191031_153516\\Trade_Location_Multiple_Search\\20191031_153526"/>
         <property name="logFiles" value="C:\\Users\\davidho\\Katalon Studio\\Start\\Reports\\20191031_153516\\Trade_Location_Multiple_Search\\20191031_153526\\execution0.log"/>
         <property name="attachments" value=""/>
         <property name="hostName" value="DavidHo - VETTEDSP36RF.check.local"/>
         <property name="os" value="Windows 10 32bit"/>
         <property name="katalonVersion" value="7.0.5.1"/>
         <property name="browser" value="Chrome 78.0.3904.70"/>
         <property name="hostAddress" value="10.0.11.243"/>
         <property name="sessionId" value="7ad042ba3618fd2b4abf3d0bfeb2bbf9"/>
         <property name="seleniumVersion" value="3.141.59"/>
         <property name="proxyInformation" value="ProxyInformation{proxyOption=NO_PROXY, proxyServerType=HTTP, password=, proxyServerAddress=, proxyServerPort=0}"/>
         <property name="platform" value="Windows 10"/>
      </properties>
      <testcase name="Test Cases/Checkatrade_Tradesman_Searches/Trade_Location_Search" time="145.136" classname="Test Cases/Checkatrade_Tradesman_Searches/Trade_Location_Search" status="PASSED">
         <system-out><![CDATA[2019-10-31 15:39:56 - [TEST_CASE][PASSED] - Test Cases/Checkatrade_Tradesman_Searches/Trade_Location_Search: Test Cases/Checkatrade_Tradesman_Searches/Trade_Location_Search

2019-10-31 15:39:56 - [TEST_STEP][PASSED] - for ([row = 1, row <= findTestData("searchTestData").getRowNumbers(), (internal.GlobalVariable.row++)]): Call Test Case 'Test Cases/Reusable_Test_Sequences/CAT_Teardown' successfully

2019-10-31 15:39:58 - [TEST_STEP][PASSED] - callTestCase(findTestCase("Reusable_Test_Sequences/CAT_Setup"), [:], STOP_ON_FAILURE): Call Test Case 'Test Cases/Reusable_Test_Sequences/CAT_Setup' successfully

2019-10-31 15:39:58 - [TEST_CASE][PASSED] - Test Cases/Reusable_Test_Sequences/CAT_Setup: Test Cases/Reusable_Test_Sequences/CAT_Setup

2019-10-31 15:39:58 - [TEST_STEP][PASSED] - "URL - Set from the ENVIRONMENT PROFILE ": null

2019-10-31 15:39:58 - [TEST_STEP][PASSED] - openBrowser(URL): Browser is opened with url: 'https://www.preview.checkatrade.com/'

2019-10-31 15:39:59 - [MESSAGE][INFO] - Starting 'Chrome' driver

2019-10-31 15:39:59 - [MESSAGE][INFO] - Action delay is set to 0 seconds

2019-10-31 15:40:11 - [MESSAGE][PASSED] - Browser is opened with url: 'https://www.preview.checkatrade.com/'

2019-10-31 15:40:11 - [TEST_STEP][PASSED] - maximizeWindow(): Current window maximized

2019-10-31 15:40:16 - [MESSAGE][PASSED] - Current window maximized

2019-10-31 15:40:16 - [TEST_STEP][PASSED] - waitForPageLoad(60): Wait for page load successfully

2019-10-31 15:40:16 - [MESSAGE][PASSED] - Wait for page load successfully

2019-10-31 15:40:16 - [TEST_STEP][PASSED] - waitForElementVisible(findTestObject("Page_Checkatrade Find a tradesperson you can trust/a_Search"), 25): Object 'Object Repository/Page_Checkatrade Find a tradesperson you can trust/a_Search' is visible

2019-10-31 15:40:17 - [MESSAGE][PASSED] - Object 'Object Repository/Page_Checkatrade Find a tradesperson you can trust/a_Search' is visible

2019-10-31 15:40:17 - [TEST_STEP][PASSED] - try: Text 'Checkatrade.com uses cookies to make sure you get the best browsing experience' is not present on page

2019-10-31 15:40:17 - [TEST_STEP][PASSED] - if (verifyElementPresent(findTestObject("Page_Checkatrade Find a tradesperson you can trust/div_close"), 1, OPTIONAL)): Text 'Checkatrade.com uses cookies to make sure you get the best browsing experience' is not present on page

2019-10-31 15:40:17 - [MESSAGE][PASSED] - Object 'Object Repository/Page_Checkatrade Find a tradesperson you can trust/div_close' is present

2019-10-31 15:40:17 - [TEST_STEP][PASSED] - click(findTestObject("Page_Checkatrade Find a tradesperson you can trust/div_close")): Object: 'Object Repository/Page_Checkatrade Find a tradesperson you can trust/div_close' is clicked on

2019-10-31 15:40:17 - [MESSAGE][PASSED] - Object: 'Object Repository/Page_Checkatrade Find a tradesperson you can trust/div_close' is clicked on

2019-10-31 15:40:17 - [TEST_STEP][PASSED] - "---------------------------------": null

2019-10-31 15:40:17 - [TEST_STEP][PASSED] - "COOKIE POPOUT REMOVED - Confirmed": null

2019-10-31 15:40:17 - [TEST_STEP][PASSED] - delay(1): Delayed 1 second(s)

2019-10-31 15:40:18 - [MESSAGE][PASSED] - Delayed 1 second(s)

2019-10-31 15:40:18 - [TEST_STEP][PASSED] - verifyTextNotPresent("Checkatrade.com uses cookies to make sure you get the best browsing experience", false): Text 'Checkatrade.com uses cookies to make sure you get the best browsing experience' is not present on page

2019-10-31 15:40:18 - [MESSAGE][PASSED] - Text 'Checkatrade.com uses cookies to make sure you get the best browsing experience' is not present on page

2019-10-31 15:40:18 - [TEST_STEP][PASSED] - try: Text 'We have updated our Privacy Policy, please review this' is not present on page

2019-10-31 15:40:18 - [TEST_STEP][PASSED] - if (verifyElementPresent(findTestObject("Page_Checkatrade Find a tradesperson you can trust/div_close_1"), 1, OPTIONAL)): Text 'We have updated our Privacy Policy, please review this' is not present on page

2019-10-31 15:40:19 - [MESSAGE][PASSED] - Object 'Object Repository/Page_Checkatrade Find a tradesperson you can trust/div_close_1' is present

2019-10-31 15:40:19 - [TEST_STEP][PASSED] - click(findTestObject("Page_Checkatrade Find a tradesperson you can trust/div_close_1")): Object: 'Object Repository/Page_Checkatrade Find a tradesperson you can trust/div_close_1' is clicked on

2019-10-31 15:40:19 - [MESSAGE][PASSED] - Object: 'Object Repository/Page_Checkatrade Find a tradesperson you can trust/div_close_1' is clicked on

2019-10-31 15:40:19 - [TEST_STEP][PASSED] - "---------------------------------": null

2019-10-31 15:40:19 - [TEST_STEP][PASSED] - "PRIVACY POPOUT REMOVED - Confirmed": null

2019-10-31 15:40:19 - [TEST_STEP][PASSED] - delay(1): Delayed 1 second(s)

2019-10-31 15:40:20 - [MESSAGE][PASSED] - Delayed 1 second(s)

2019-10-31 15:40:20 - [TEST_STEP][PASSED] - verifyTextNotPresent("We have updated our Privacy Policy, please review this", false): Text 'We have updated our Privacy Policy, please review this' is not present on page

2019-10-31 15:40:20 - [MESSAGE][PASSED] - Text 'We have updated our Privacy Policy, please review this' is not present on page

2019-10-31 15:40:20 - [MESSAGE][PASSED] - Call Test Case 'Test Cases/Reusable_Test_Sequences/CAT_Setup' successfully

2019-10-31 15:40:20 - [TEST_STEP][PASSED] - "---------------------------------------": null

2019-10-31 15:40:20 - [TEST_STEP][PASSED] - " Set and SEARCH TRADE CLASSIFICATION   |": null

2019-10-31 15:40:20 - [TEST_STEP][PASSED] - callTestCase(findTestCase("Reusable_Test_Sequences/CAT_Enter_Trade_Classification"), [:], CONTINUE_ON_FAILURE): Call Test Case 'Test Cases/Reusable_Test_Sequences/CAT_Enter_Trade_Classification' successfully

2019-10-31 15:40:20 - [TEST_CASE][PASSED] - Test Cases/Reusable_Test_Sequences/CAT_Enter_Trade_Classification: Test Cases/Reusable_Test_Sequences/CAT_Enter_Trade_Classification

2019-10-31 15:40:20 - [TEST_STEP][PASSED] - "---------------------------------": null

2019-10-31 15:40:20 - [TEST_STEP][PASSED] - "Set and SEARCH SELECTED TRADE": null

2019-10-31 15:40:20 - [TEST_STEP][PASSED] - click(findTestObject("Object Repository/Checkatrade_Trade_Search_Page/Page_Checkatrade Find a tradesperson you can trust/input_Search_Button_FF")): Object: 'Object Repository/Checkatrade_Trade_Search_Page/Page_Checkatrade Find a tradesperson you can trust/input_Search_Button_FF' is clicked on

2019-10-31 15:40:21 - [MESSAGE][PASSED] - Object: 'Object Repository/Checkatrade_Trade_Search_Page/Page_Checkatrade Find a tradesperson you can trust/input_Search_Button_FF' is clicked on

2019-10-31 15:40:21 - [TEST_STEP][PASSED] - setText(findTestObject("Object Repository/Checkatrade_Trade_Search_Page/Page_Checkatrade Find a tradesperson you can trust/input_Search_Button_FF"), findTestData("searchTestData").getValue("tradeClassification", row)): Text 'Tree Surgeon' is set on object 'Object Repository/Checkatrade_Trade_Search_Page/Page_Checkatrade Find a tradesperson you can trust/input_Search_Button_FF'

2019-10-31 15:40:21 - [MESSAGE][PASSED] - Text 'Tree Surgeon' is set on object 'Object Repository/Checkatrade_Trade_Search_Page/Page_Checkatrade Find a tradesperson you can trust/input_Search_Button_FF'

2019-10-31 15:40:21 - [MESSAGE][PASSED] - Call Test Case 'Test Cases/Reusable_Test_Sequences/CAT_Enter_Trade_Classification' successfully

2019-10-31 15:40:21 - [TEST_STEP][PASSED] - "---------------------------------------": null

2019-10-31 15:40:21 - [TEST_STEP][PASSED] - " Set and SEARCH TRADE LOCATION         |": null

2019-10-31 15:40:21 - [TEST_STEP][PASSED] - callTestCase(findTestCase("Reusable_Test_Sequences/CAT_Enter_Trade_Location"), [:], CONTINUE_ON_FAILURE): Call Test Case 'Test Cases/Reusable_Test_Sequences/CAT_Enter_Trade_Location' successfully

2019-10-31 15:40:21 - [TEST_CASE][PASSED] - Test Cases/Reusable_Test_Sequences/CAT_Enter_Trade_Location: Test Cases/Reusable_Test_Sequences/CAT_Enter_Trade_Location

2019-10-31 15:40:21 - [TEST_STEP][PASSED] - "---------------------------------": null

2019-10-31 15:40:21 - [TEST_STEP][PASSED] - "Set and SEARCH SELECTED LOCATION |": null

2019-10-31 15:40:21 - [TEST_STEP][PASSED] - click(findTestObject("Object Repository/Checkatrade_Trade_Search_Page/Page_Checkatrade Find a tradesperson you can trust/input_Not here_location")): Object: 'Object Repository/Checkatrade_Trade_Search_Page/Page_Checkatrade Find a tradesperson you can trust/input_Not here_location' is clicked on

2019-10-31 15:40:21 - [MESSAGE][PASSED] - Object: 'Object Repository/Checkatrade_Trade_Search_Page/Page_Checkatrade Find a tradesperson you can trust/input_Not here_location' is clicked on

2019-10-31 15:40:21 - [TEST_STEP][PASSED] - setText(findTestObject("Object Repository/Checkatrade_Trade_Search_Page/Page_Checkatrade Find a tradesperson you can trust/input_Not here_location"), findTestData("searchTestData").getValue("tradeLocation", row)): Text 'Gosport' is set on object 'Object Repository/Checkatrade_Trade_Search_Page/Page_Checkatrade Find a tradesperson you can trust/input_Not here_location'

2019-10-31 15:40:22 - [MESSAGE][PASSED] - Text 'Gosport' is set on object 'Object Repository/Checkatrade_Trade_Search_Page/Page_Checkatrade Find a tradesperson you can trust/input_Not here_location'

2019-10-31 15:40:22 - [MESSAGE][PASSED] - Call Test Case 'Test Cases/Reusable_Test_Sequences/CAT_Enter_Trade_Location' successfully

2019-10-31 15:40:22 - [TEST_STEP][PASSED] - "---------------------------------------": null

2019-10-31 15:40:22 - [TEST_STEP][PASSED] - " Scroll Search Button into View        |": null

2019-10-31 15:40:22 - [TEST_STEP][PASSED] - "---------------------------------------": null

2019-10-31 15:40:22 - [TEST_STEP][PASSED] - "---------------------------------------": null

2019-10-31 15:40:22 - [TEST_STEP][PASSED] - " Hit Search Button                     |": null

2019-10-31 15:40:22 - [TEST_STEP][PASSED] - callTestCase(findTestCase("Reusable_Test_Sequences/CAT_Hit_Search_Button"), [:], CONTINUE_ON_FAILURE): Call Test Case 'Test Cases/Reusable_Test_Sequences/CAT_Hit_Search_Button' successfully

2019-10-31 15:40:22 - [TEST_CASE][PASSED] - Test Cases/Reusable_Test_Sequences/CAT_Hit_Search_Button: Test Cases/Reusable_Test_Sequences/CAT_Hit_Search_Button

2019-10-31 15:40:22 - [TEST_STEP][PASSED] - "---------------------------------": null

2019-10-31 15:40:22 - [TEST_STEP][PASSED] - "HIT SEARCH": null

2019-10-31 15:40:22 - [TEST_STEP][PASSED] - "---------------------------------": null

2019-10-31 15:40:22 - [TEST_STEP][PASSED] - click(findTestObject("Object Repository/Checkatrade_Trade_Search_Page/Page_Checkatrade Find a tradesperson you can trust/a_Search")): Object: 'Object Repository/Checkatrade_Trade_Search_Page/Page_Checkatrade Find a tradesperson you can trust/a_Search' is clicked on

2019-10-31 15:40:25 - [MESSAGE][PASSED] - Object: 'Object Repository/Checkatrade_Trade_Search_Page/Page_Checkatrade Find a tradesperson you can trust/a_Search' is clicked on

2019-10-31 15:40:25 - [MESSAGE][PASSED] - Call Test Case 'Test Cases/Reusable_Test_Sequences/CAT_Hit_Search_Button' successfully

2019-10-31 15:40:25 - [TEST_STEP][PASSED] - "---------------------------------------": null

2019-10-31 15:40:25 - [TEST_STEP][PASSED] - " Verify Returned Page is as Expected   |": null

2019-10-31 15:40:25 - [TEST_STEP][PASSED] - callTestCase(findTestCase("Reusable_Test_Sequences/CAT_Verification"), [:], CONTINUE_ON_FAILURE): Call Test Case 'Test Cases/Reusable_Test_Sequences/CAT_Verification' successfully

2019-10-31 15:40:25 - [TEST_CASE][PASSED] - Test Cases/Reusable_Test_Sequences/CAT_Verification: Test Cases/Reusable_Test_Sequences/CAT_Verification

2019-10-31 15:40:26 - [TEST_STEP][PASSED] - "Expected cantantenated text is Returned": null

2019-10-31 15:40:26 - [TEST_STEP][PASSED] - waitForElementVisible(findTestObject("Checkatrade_Trade_Search_page/Page_Checkatrade Find a tradesperson you can trust/a_Search"), 25): Object 'Object Repository/Checkatrade_Trade_Search_page/Page_Checkatrade Find a tradesperson you can trust/a_Search' is visible

2019-10-31 15:40:26 - [MESSAGE][PASSED] - Object 'Object Repository/Checkatrade_Trade_Search_page/Page_Checkatrade Find a tradesperson you can trust/a_Search' is visible

2019-10-31 15:40:26 - [TEST_STEP][PASSED] - verifyTextPresent(findTestData("searchTestData").getValue("tradeClassification", row), false): Text 'Tree Surgeon' is present on page 

2019-10-31 15:40:28 - [MESSAGE][PASSED] - Text 'Tree Surgeon' is present on page 

2019-10-31 15:40:28 - [TEST_STEP][PASSED] - verifyTextPresent(findTestData("searchTestData").getValue("tradeLocation", row), false): Text 'Gosport' is present on page 

2019-10-31 15:40:29 - [MESSAGE][PASSED] - Text 'Gosport' is present on page 

2019-10-31 15:40:29 - [MESSAGE][PASSED] - Call Test Case 'Test Cases/Reusable_Test_Sequences/CAT_Verification' successfully

2019-10-31 15:40:29 - [TEST_STEP][PASSED] - "--------------------------": null

2019-10-31 15:40:29 - [TEST_STEP][PASSED] - " Teardown - CLose Browser |": null

2019-10-31 15:40:29 - [TEST_STEP][PASSED] - callTestCase(findTestCase("Reusable_Test_Sequences/CAT_Teardown"), [:], STOP_ON_FAILURE): Call Test Case 'Test Cases/Reusable_Test_Sequences/CAT_Teardown' successfully

2019-10-31 15:40:29 - [TEST_CASE][PASSED] - Test Cases/Reusable_Test_Sequences/CAT_Teardown: Test Cases/Reusable_Test_Sequences/CAT_Teardown

2019-10-31 15:40:29 - [TEST_STEP][PASSED] - closeBrowser(): Browser is closed

2019-10-31 15:40:30 - [MESSAGE][PASSED] - Browser is closed

2019-10-31 15:40:30 - [MESSAGE][PASSED] - Call Test Case 'Test Cases/Reusable_Test_Sequences/CAT_Teardown' successfully

2019-10-31 15:40:31 - [TEST_STEP][PASSED] - callTestCase(findTestCase("Reusable_Test_Sequences/CAT_Setup"), [:], STOP_ON_FAILURE): Call Test Case 'Test Cases/Reusable_Test_Sequences/CAT_Setup' successfully

2019-10-31 15:40:31 - [TEST_CASE][PASSED] - Test Cases/Reusable_Test_Sequences/CAT_Setup: Test Cases/Reusable_Test_Sequences/CAT_Setup

2019-10-31 15:40:31 - [TEST_STEP][PASSED] - "URL - Set from the ENVIRONMENT PROFILE ": null

2019-10-31 15:40:31 - [TEST_STEP][PASSED] - openBrowser(URL): Browser is opened with url: 'https://www.preview.checkatrade.com/'

2019-10-31 15:40:31 - [MESSAGE][INFO] - Starting 'Chrome' driver

2019-10-31 15:40:44 - [MESSAGE][PASSED] - Browser is opened with url: 'https://www.preview.checkatrade.com/'

2019-10-31 15:40:44 - [TEST_STEP][PASSED] - maximizeWindow(): Current window maximized

2019-10-31 15:40:48 - [MESSAGE][PASSED] - Current window maximized

2019-10-31 15:40:48 - [TEST_STEP][PASSED] - waitForPageLoad(60): Wait for page load successfully

2019-10-31 15:40:48 - [MESSAGE][PASSED] - Wait for page load successfully

2019-10-31 15:40:48 - [TEST_STEP][PASSED] - waitForElementVisible(findTestObject("Page_Checkatrade Find a tradesperson you can trust/a_Search"), 25): Object 'Object Repository/Page_Checkatrade Find a tradesperson you can trust/a_Search' is visible

2019-10-31 15:40:49 - [MESSAGE][PASSED] - Object 'Object Repository/Page_Checkatrade Find a tradesperson you can trust/a_Search' is visible

2019-10-31 15:40:49 - [TEST_STEP][PASSED] - try: Text 'Checkatrade.com uses cookies to make sure you get the best browsing experience' is not present on page

2019-10-31 15:40:49 - [TEST_STEP][PASSED] - if (verifyElementPresent(findTestObject("Page_Checkatrade Find a tradesperson you can trust/div_close"), 1, OPTIONAL)): Text 'Checkatrade.com uses cookies to make sure you get the best browsing experience' is not present on page

2019-10-31 15:40:49 - [MESSAGE][PASSED] - Object 'Object Repository/Page_Checkatrade Find a tradesperson you can trust/div_close' is present

2019-10-31 15:40:49 - [TEST_STEP][PASSED] - click(findTestObject("Page_Checkatrade Find a tradesperson you can trust/div_close")): Object: 'Object Repository/Page_Checkatrade Find a tradesperson you can trust/div_close' is clicked on

2019-10-31 15:40:49 - [MESSAGE][PASSED] - Object: 'Object Repository/Page_Checkatrade Find a tradesperson you can trust/div_close' is clicked on

2019-10-31 15:40:49 - [TEST_STEP][PASSED] - "---------------------------------": null

2019-10-31 15:40:49 - [TEST_STEP][PASSED] - "COOKIE POPOUT REMOVED - Confirmed": null

2019-10-31 15:40:49 - [TEST_STEP][PASSED] - delay(1): Delayed 1 second(s)

2019-10-31 15:40:50 - [MESSAGE][PASSED] - Delayed 1 second(s)

2019-10-31 15:40:50 - [TEST_STEP][PASSED] - verifyTextNotPresent("Checkatrade.com uses cookies to make sure you get the best browsing experience", false): Text 'Checkatrade.com uses cookies to make sure you get the best browsing experience' is not present on page

2019-10-31 15:40:50 - [MESSAGE][PASSED] - Text 'Checkatrade.com uses cookies to make sure you get the best browsing experience' is not present on page

2019-10-31 15:40:50 - [TEST_STEP][PASSED] - try: Text 'We have updated our Privacy Policy, please review this' is not present on page

2019-10-31 15:40:50 - [TEST_STEP][PASSED] - if (verifyElementPresent(findTestObject("Page_Checkatrade Find a tradesperson you can trust/div_close_1"), 1, OPTIONAL)): Text 'We have updated our Privacy Policy, please review this' is not present on page

2019-10-31 15:40:50 - [MESSAGE][PASSED] - Object 'Object Repository/Page_Checkatrade Find a tradesperson you can trust/div_close_1' is present

2019-10-31 15:40:50 - [TEST_STEP][PASSED] - click(findTestObject("Page_Checkatrade Find a tradesperson you can trust/div_close_1")): Object: 'Object Repository/Page_Checkatrade Find a tradesperson you can trust/div_close_1' is clicked on

2019-10-31 15:40:50 - [MESSAGE][PASSED] - Object: 'Object Repository/Page_Checkatrade Find a tradesperson you can trust/div_close_1' is clicked on

2019-10-31 15:40:50 - [TEST_STEP][PASSED] - "---------------------------------": null

2019-10-31 15:40:50 - [TEST_STEP][PASSED] - "PRIVACY POPOUT REMOVED - Confirmed": null

2019-10-31 15:40:50 - [TEST_STEP][PASSED] - delay(1): Delayed 1 second(s)

2019-10-31 15:40:51 - [MESSAGE][PASSED] - Delayed 1 second(s)

2019-10-31 15:40:51 - [TEST_STEP][PASSED] - verifyTextNotPresent("We have updated our Privacy Policy, please review this", false): Text 'We have updated our Privacy Policy, please review this' is not present on page

2019-10-31 15:40:51 - [MESSAGE][PASSED] - Text 'We have updated our Privacy Policy, please review this' is not present on page

2019-10-31 15:40:51 - [MESSAGE][PASSED] - Call Test Case 'Test Cases/Reusable_Test_Sequences/CAT_Setup' successfully

2019-10-31 15:40:51 - [TEST_STEP][PASSED] - "---------------------------------------": null

2019-10-31 15:40:51 - [TEST_STEP][PASSED] - " Set and SEARCH TRADE CLASSIFICATION   |": null

2019-10-31 15:40:51 - [TEST_STEP][PASSED] - callTestCase(findTestCase("Reusable_Test_Sequences/CAT_Enter_Trade_Classification"), [:], CONTINUE_ON_FAILURE): Call Test Case 'Test Cases/Reusable_Test_Sequences/CAT_Enter_Trade_Classification' successfully

2019-10-31 15:40:52 - [TEST_CASE][PASSED] - Test Cases/Reusable_Test_Sequences/CAT_Enter_Trade_Classification: Test Cases/Reusable_Test_Sequences/CAT_Enter_Trade_Classification

2019-10-31 15:40:52 - [TEST_STEP][PASSED] - "---------------------------------": null

2019-10-31 15:40:52 - [TEST_STEP][PASSED] - "Set and SEARCH SELECTED TRADE": null

2019-10-31 15:40:52 - [TEST_STEP][PASSED] - click(findTestObject("Object Repository/Checkatrade_Trade_Search_Page/Page_Checkatrade Find a tradesperson you can trust/input_Search_Button_FF")): Object: 'Object Repository/Checkatrade_Trade_Search_Page/Page_Checkatrade Find a tradesperson you can trust/input_Search_Button_FF' is clicked on

2019-10-31 15:40:52 - [MESSAGE][PASSED] - Object: 'Object Repository/Checkatrade_Trade_Search_Page/Page_Checkatrade Find a tradesperson you can trust/input_Search_Button_FF' is clicked on

2019-10-31 15:40:52 - [TEST_STEP][PASSED] - setText(findTestObject("Object Repository/Checkatrade_Trade_Search_Page/Page_Checkatrade Find a tradesperson you can trust/input_Search_Button_FF"), findTestData("searchTestData").getValue("tradeClassification", row)): Text 'Tree Surgeon' is set on object 'Object Repository/Checkatrade_Trade_Search_Page/Page_Checkatrade Find a tradesperson you can trust/input_Search_Button_FF'

2019-10-31 15:40:53 - [MESSAGE][PASSED] - Text 'Tree Surgeon' is set on object 'Object Repository/Checkatrade_Trade_Search_Page/Page_Checkatrade Find a tradesperson you can trust/input_Search_Button_FF'

2019-10-31 15:40:53 - [MESSAGE][PASSED] - Call Test Case 'Test Cases/Reusable_Test_Sequences/CAT_Enter_Trade_Classification' successfully

2019-10-31 15:40:53 - [TEST_STEP][PASSED] - "---------------------------------------": null

2019-10-31 15:40:53 - [TEST_STEP][PASSED] - " Set and SEARCH TRADE LOCATION         |": null

2019-10-31 15:40:53 - [TEST_STEP][PASSED] - callTestCase(findTestCase("Reusable_Test_Sequences/CAT_Enter_Trade_Location"), [:], CONTINUE_ON_FAILURE): Call Test Case 'Test Cases/Reusable_Test_Sequences/CAT_Enter_Trade_Location' successfully

2019-10-31 15:40:53 - [TEST_CASE][PASSED] - Test Cases/Reusable_Test_Sequences/CAT_Enter_Trade_Location: Test Cases/Reusable_Test_Sequences/CAT_Enter_Trade_Location

2019-10-31 15:40:53 - [TEST_STEP][PASSED] - "---------------------------------": null

2019-10-31 15:40:53 - [TEST_STEP][PASSED] - "Set and SEARCH SELECTED LOCATION |": null

2019-10-31 15:40:53 - [TEST_STEP][PASSED] - click(findTestObject("Object Repository/Checkatrade_Trade_Search_Page/Page_Checkatrade Find a tradesperson you can trust/input_Not here_location")): Object: 'Object Repository/Checkatrade_Trade_Search_Page/Page_Checkatrade Find a tradesperson you can trust/input_Not here_location' is clicked on

2019-10-31 15:40:53 - [MESSAGE][PASSED] - Object: 'Object Repository/Checkatrade_Trade_Search_Page/Page_Checkatrade Find a tradesperson you can trust/input_Not here_location' is clicked on

2019-10-31 15:40:53 - [TEST_STEP][PASSED] - setText(findTestObject("Object Repository/Checkatrade_Trade_Search_Page/Page_Checkatrade Find a tradesperson you can trust/input_Not here_location"), findTestData("searchTestData").getValue("tradeLocation", row)): Text 'PO12 2HE' is set on object 'Object Repository/Checkatrade_Trade_Search_Page/Page_Checkatrade Find a tradesperson you can trust/input_Not here_location'

2019-10-31 15:40:53 - [MESSAGE][PASSED] - Text 'PO12 2HE' is set on object 'Object Repository/Checkatrade_Trade_Search_Page/Page_Checkatrade Find a tradesperson you can trust/input_Not here_location'

2019-10-31 15:40:53 - [MESSAGE][PASSED] - Call Test Case 'Test Cases/Reusable_Test_Sequences/CAT_Enter_Trade_Location' successfully

2019-10-31 15:40:53 - [TEST_STEP][PASSED] - "---------------------------------------": null

2019-10-31 15:40:53 - [TEST_STEP][PASSED] - " Scroll Search Button into View        |": null

2019-10-31 15:40:53 - [TEST_STEP][PASSED] - "---------------------------------------": null

2019-10-31 15:40:53 - [TEST_STEP][PASSED] - "---------------------------------------": null

2019-10-31 15:40:53 - [TEST_STEP][PASSED] - " Hit Search Button                     |": null

2019-10-31 15:40:53 - [TEST_STEP][PASSED] - callTestCase(findTestCase("Reusable_Test_Sequences/CAT_Hit_Search_Button"), [:], CONTINUE_ON_FAILURE): Call Test Case 'Test Cases/Reusable_Test_Sequences/CAT_Hit_Search_Button' successfully

2019-10-31 15:40:53 - [TEST_CASE][PASSED] - Test Cases/Reusable_Test_Sequences/CAT_Hit_Search_Button: Test Cases/Reusable_Test_Sequences/CAT_Hit_Search_Button

2019-10-31 15:40:53 - [TEST_STEP][PASSED] - "---------------------------------": null

2019-10-31 15:40:53 - [TEST_STEP][PASSED] - "HIT SEARCH": null

2019-10-31 15:40:53 - [TEST_STEP][PASSED] - "---------------------------------": null

2019-10-31 15:40:53 - [TEST_STEP][PASSED] - click(findTestObject("Object Repository/Checkatrade_Trade_Search_Page/Page_Checkatrade Find a tradesperson you can trust/a_Search")): Object: 'Object Repository/Checkatrade_Trade_Search_Page/Page_Checkatrade Find a tradesperson you can trust/a_Search' is clicked on

2019-10-31 15:40:58 - [MESSAGE][PASSED] - Object: 'Object Repository/Checkatrade_Trade_Search_Page/Page_Checkatrade Find a tradesperson you can trust/a_Search' is clicked on

2019-10-31 15:40:58 - [MESSAGE][PASSED] - Call Test Case 'Test Cases/Reusable_Test_Sequences/CAT_Hit_Search_Button' successfully

2019-10-31 15:40:58 - [TEST_STEP][PASSED] - "---------------------------------------": null

2019-10-31 15:40:58 - [TEST_STEP][PASSED] - " Verify Returned Page is as Expected   |": null

2019-10-31 15:40:58 - [TEST_STEP][PASSED] - callTestCase(findTestCase("Reusable_Test_Sequences/CAT_Verification"), [:], CONTINUE_ON_FAILURE): Call Test Case 'Test Cases/Reusable_Test_Sequences/CAT_Verification' successfully

2019-10-31 15:40:58 - [TEST_CASE][PASSED] - Test Cases/Reusable_Test_Sequences/CAT_Verification: Test Cases/Reusable_Test_Sequences/CAT_Verification

2019-10-31 15:40:58 - [TEST_STEP][PASSED] - "Expected cantantenated text is Returned": null

2019-10-31 15:40:58 - [TEST_STEP][PASSED] - waitForElementVisible(findTestObject("Checkatrade_Trade_Search_page/Page_Checkatrade Find a tradesperson you can trust/a_Search"), 25): Object 'Object Repository/Checkatrade_Trade_Search_page/Page_Checkatrade Find a tradesperson you can trust/a_Search' is visible

2019-10-31 15:40:58 - [MESSAGE][PASSED] - Object 'Object Repository/Checkatrade_Trade_Search_page/Page_Checkatrade Find a tradesperson you can trust/a_Search' is visible

2019-10-31 15:40:58 - [TEST_STEP][PASSED] - verifyTextPresent(findTestData("searchTestData").getValue("tradeClassification", row), false): Text 'Tree Surgeon' is present on page 

2019-10-31 15:40:59 - [MESSAGE][PASSED] - Text 'Tree Surgeon' is present on page 

2019-10-31 15:40:59 - [TEST_STEP][PASSED] - verifyTextPresent(findTestData("searchTestData").getValue("tradeLocation", row), false): Text 'PO12 2HE' is present on page 

2019-10-31 15:41:00 - [MESSAGE][PASSED] - Text 'PO12 2HE' is present on page 

2019-10-31 15:41:00 - [MESSAGE][PASSED] - Call Test Case 'Test Cases/Reusable_Test_Sequences/CAT_Verification' successfully

2019-10-31 15:41:00 - [TEST_STEP][PASSED] - "--------------------------": null

2019-10-31 15:41:00 - [TEST_STEP][PASSED] - " Teardown - CLose Browser |": null

2019-10-31 15:41:00 - [TEST_STEP][PASSED] - callTestCase(findTestCase("Reusable_Test_Sequences/CAT_Teardown"), [:], STOP_ON_FAILURE): Call Test Case 'Test Cases/Reusable_Test_Sequences/CAT_Teardown' successfully

2019-10-31 15:41:00 - [TEST_CASE][PASSED] - Test Cases/Reusable_Test_Sequences/CAT_Teardown: Test Cases/Reusable_Test_Sequences/CAT_Teardown

2019-10-31 15:41:00 - [TEST_STEP][PASSED] - closeBrowser(): Browser is closed

2019-10-31 15:41:01 - [MESSAGE][PASSED] - Browser is closed

2019-10-31 15:41:01 - [MESSAGE][PASSED] - Call Test Case 'Test Cases/Reusable_Test_Sequences/CAT_Teardown' successfully

2019-10-31 15:41:01 - [TEST_STEP][PASSED] - callTestCase(findTestCase("Reusable_Test_Sequences/CAT_Setup"), [:], STOP_ON_FAILURE): Call Test Case 'Test Cases/Reusable_Test_Sequences/CAT_Setup' successfully

2019-10-31 15:41:01 - [TEST_CASE][PASSED] - Test Cases/Reusable_Test_Sequences/CAT_Setup: Test Cases/Reusable_Test_Sequences/CAT_Setup

2019-10-31 15:41:01 - [TEST_STEP][PASSED] - "URL - Set from the ENVIRONMENT PROFILE ": null

2019-10-31 15:41:01 - [TEST_STEP][PASSED] - openBrowser(URL): Browser is opened with url: 'https://www.preview.checkatrade.com/'

2019-10-31 15:41:01 - [MESSAGE][INFO] - Starting 'Chrome' driver

2019-10-31 15:41:14 - [MESSAGE][PASSED] - Browser is opened with url: 'https://www.preview.checkatrade.com/'

2019-10-31 15:41:14 - [TEST_STEP][PASSED] - maximizeWindow(): Current window maximized

2019-10-31 15:41:18 - [MESSAGE][PASSED] - Current window maximized

2019-10-31 15:41:18 - [TEST_STEP][PASSED] - waitForPageLoad(60): Wait for page load successfully

2019-10-31 15:41:18 - [MESSAGE][PASSED] - Wait for page load successfully

2019-10-31 15:41:18 - [TEST_STEP][PASSED] - waitForElementVisible(findTestObject("Page_Checkatrade Find a tradesperson you can trust/a_Search"), 25): Object 'Object Repository/Page_Checkatrade Find a tradesperson you can trust/a_Search' is visible

2019-10-31 15:41:18 - [MESSAGE][PASSED] - Object 'Object Repository/Page_Checkatrade Find a tradesperson you can trust/a_Search' is visible

2019-10-31 15:41:18 - [TEST_STEP][PASSED] - try: Text 'Checkatrade.com uses cookies to make sure you get the best browsing experience' is not present on page

2019-10-31 15:41:18 - [TEST_STEP][PASSED] - if (verifyElementPresent(findTestObject("Page_Checkatrade Find a tradesperson you can trust/div_close"), 1, OPTIONAL)): Text 'Checkatrade.com uses cookies to make sure you get the best browsing experience' is not present on page

2019-10-31 15:41:18 - [MESSAGE][PASSED] - Object 'Object Repository/Page_Checkatrade Find a tradesperson you can trust/div_close' is present

2019-10-31 15:41:18 - [TEST_STEP][PASSED] - click(findTestObject("Page_Checkatrade Find a tradesperson you can trust/div_close")): Object: 'Object Repository/Page_Checkatrade Find a tradesperson you can trust/div_close' is clicked on

2019-10-31 15:41:19 - [MESSAGE][PASSED] - Object: 'Object Repository/Page_Checkatrade Find a tradesperson you can trust/div_close' is clicked on

2019-10-31 15:41:19 - [TEST_STEP][PASSED] - "---------------------------------": null

2019-10-31 15:41:19 - [TEST_STEP][PASSED] - "COOKIE POPOUT REMOVED - Confirmed": null

2019-10-31 15:41:19 - [TEST_STEP][PASSED] - delay(1): Delayed 1 second(s)

2019-10-31 15:41:20 - [MESSAGE][PASSED] - Delayed 1 second(s)

2019-10-31 15:41:20 - [TEST_STEP][PASSED] - verifyTextNotPresent("Checkatrade.com uses cookies to make sure you get the best browsing experience", false): Text 'Checkatrade.com uses cookies to make sure you get the best browsing experience' is not present on page

2019-10-31 15:41:20 - [MESSAGE][PASSED] - Text 'Checkatrade.com uses cookies to make sure you get the best browsing experience' is not present on page

2019-10-31 15:41:20 - [TEST_STEP][PASSED] - try: Text 'We have updated our Privacy Policy, please review this' is not present on page

2019-10-31 15:41:20 - [TEST_STEP][PASSED] - if (verifyElementPresent(findTestObject("Page_Checkatrade Find a tradesperson you can trust/div_close_1"), 1, OPTIONAL)): Text 'We have updated our Privacy Policy, please review this' is not present on page

2019-10-31 15:41:20 - [MESSAGE][PASSED] - Object 'Object Repository/Page_Checkatrade Find a tradesperson you can trust/div_close_1' is present

2019-10-31 15:41:20 - [TEST_STEP][PASSED] - click(findTestObject("Page_Checkatrade Find a tradesperson you can trust/div_close_1")): Object: 'Object Repository/Page_Checkatrade Find a tradesperson you can trust/div_close_1' is clicked on

2019-10-31 15:41:20 - [MESSAGE][PASSED] - Object: 'Object Repository/Page_Checkatrade Find a tradesperson you can trust/div_close_1' is clicked on

2019-10-31 15:41:20 - [TEST_STEP][PASSED] - "---------------------------------": null

2019-10-31 15:41:20 - [TEST_STEP][PASSED] - "PRIVACY POPOUT REMOVED - Confirmed": null

2019-10-31 15:41:20 - [TEST_STEP][PASSED] - delay(1): Delayed 1 second(s)

2019-10-31 15:41:21 - [MESSAGE][PASSED] - Delayed 1 second(s)

2019-10-31 15:41:21 - [TEST_STEP][PASSED] - verifyTextNotPresent("We have updated our Privacy Policy, please review this", false): Text 'We have updated our Privacy Policy, please review this' is not present on page

2019-10-31 15:41:21 - [MESSAGE][PASSED] - Text 'We have updated our Privacy Policy, please review this' is not present on page

2019-10-31 15:41:21 - [MESSAGE][PASSED] - Call Test Case 'Test Cases/Reusable_Test_Sequences/CAT_Setup' successfully

2019-10-31 15:41:21 - [TEST_STEP][PASSED] - "---------------------------------------": null

2019-10-31 15:41:21 - [TEST_STEP][PASSED] - " Set and SEARCH TRADE CLASSIFICATION   |": null

2019-10-31 15:41:21 - [TEST_STEP][PASSED] - callTestCase(findTestCase("Reusable_Test_Sequences/CAT_Enter_Trade_Classification"), [:], CONTINUE_ON_FAILURE): Call Test Case 'Test Cases/Reusable_Test_Sequences/CAT_Enter_Trade_Classification' successfully

2019-10-31 15:41:21 - [TEST_CASE][PASSED] - Test Cases/Reusable_Test_Sequences/CAT_Enter_Trade_Classification: Test Cases/Reusable_Test_Sequences/CAT_Enter_Trade_Classification

2019-10-31 15:41:21 - [TEST_STEP][PASSED] - "---------------------------------": null

2019-10-31 15:41:21 - [TEST_STEP][PASSED] - "Set and SEARCH SELECTED TRADE": null

2019-10-31 15:41:21 - [TEST_STEP][PASSED] - click(findTestObject("Object Repository/Checkatrade_Trade_Search_Page/Page_Checkatrade Find a tradesperson you can trust/input_Search_Button_FF")): Object: 'Object Repository/Checkatrade_Trade_Search_Page/Page_Checkatrade Find a tradesperson you can trust/input_Search_Button_FF' is clicked on

2019-10-31 15:41:22 - [MESSAGE][PASSED] - Object: 'Object Repository/Checkatrade_Trade_Search_Page/Page_Checkatrade Find a tradesperson you can trust/input_Search_Button_FF' is clicked on

2019-10-31 15:41:22 - [TEST_STEP][PASSED] - setText(findTestObject("Object Repository/Checkatrade_Trade_Search_Page/Page_Checkatrade Find a tradesperson you can trust/input_Search_Button_FF"), findTestData("searchTestData").getValue("tradeClassification", row)): Text 'Electrician' is set on object 'Object Repository/Checkatrade_Trade_Search_Page/Page_Checkatrade Find a tradesperson you can trust/input_Search_Button_FF'

2019-10-31 15:41:23 - [MESSAGE][PASSED] - Text 'Electrician' is set on object 'Object Repository/Checkatrade_Trade_Search_Page/Page_Checkatrade Find a tradesperson you can trust/input_Search_Button_FF'

2019-10-31 15:41:23 - [MESSAGE][PASSED] - Call Test Case 'Test Cases/Reusable_Test_Sequences/CAT_Enter_Trade_Classification' successfully

2019-10-31 15:41:23 - [TEST_STEP][PASSED] - "---------------------------------------": null

2019-10-31 15:41:23 - [TEST_STEP][PASSED] - " Set and SEARCH TRADE LOCATION         |": null

2019-10-31 15:41:23 - [TEST_STEP][PASSED] - callTestCase(findTestCase("Reusable_Test_Sequences/CAT_Enter_Trade_Location"), [:], CONTINUE_ON_FAILURE): Call Test Case 'Test Cases/Reusable_Test_Sequences/CAT_Enter_Trade_Location' successfully

2019-10-31 15:41:23 - [TEST_CASE][PASSED] - Test Cases/Reusable_Test_Sequences/CAT_Enter_Trade_Location: Test Cases/Reusable_Test_Sequences/CAT_Enter_Trade_Location

2019-10-31 15:41:23 - [TEST_STEP][PASSED] - "---------------------------------": null

2019-10-31 15:41:23 - [TEST_STEP][PASSED] - "Set and SEARCH SELECTED LOCATION |": null

2019-10-31 15:41:23 - [TEST_STEP][PASSED] - click(findTestObject("Object Repository/Checkatrade_Trade_Search_Page/Page_Checkatrade Find a tradesperson you can trust/input_Not here_location")): Object: 'Object Repository/Checkatrade_Trade_Search_Page/Page_Checkatrade Find a tradesperson you can trust/input_Not here_location' is clicked on

2019-10-31 15:41:23 - [MESSAGE][PASSED] - Object: 'Object Repository/Checkatrade_Trade_Search_Page/Page_Checkatrade Find a tradesperson you can trust/input_Not here_location' is clicked on

2019-10-31 15:41:23 - [TEST_STEP][PASSED] - setText(findTestObject("Object Repository/Checkatrade_Trade_Search_Page/Page_Checkatrade Find a tradesperson you can trust/input_Not here_location"), findTestData("searchTestData").getValue("tradeLocation", row)): Text 'Orkney' is set on object 'Object Repository/Checkatrade_Trade_Search_Page/Page_Checkatrade Find a tradesperson you can trust/input_Not here_location'

2019-10-31 15:41:24 - [MESSAGE][PASSED] - Text 'Orkney' is set on object 'Object Repository/Checkatrade_Trade_Search_Page/Page_Checkatrade Find a tradesperson you can trust/input_Not here_location'

2019-10-31 15:41:24 - [MESSAGE][PASSED] - Call Test Case 'Test Cases/Reusable_Test_Sequences/CAT_Enter_Trade_Location' successfully

2019-10-31 15:41:24 - [TEST_STEP][PASSED] - "---------------------------------------": null

2019-10-31 15:41:24 - [TEST_STEP][PASSED] - " Scroll Search Button into View        |": null

2019-10-31 15:41:24 - [TEST_STEP][PASSED] - "---------------------------------------": null

2019-10-31 15:41:24 - [TEST_STEP][PASSED] - "---------------------------------------": null

2019-10-31 15:41:24 - [TEST_STEP][PASSED] - " Hit Search Button                     |": null

2019-10-31 15:41:24 - [TEST_STEP][PASSED] - callTestCase(findTestCase("Reusable_Test_Sequences/CAT_Hit_Search_Button"), [:], CONTINUE_ON_FAILURE): Call Test Case 'Test Cases/Reusable_Test_Sequences/CAT_Hit_Search_Button' successfully

2019-10-31 15:41:24 - [TEST_CASE][PASSED] - Test Cases/Reusable_Test_Sequences/CAT_Hit_Search_Button: Test Cases/Reusable_Test_Sequences/CAT_Hit_Search_Button

2019-10-31 15:41:24 - [TEST_STEP][PASSED] - "---------------------------------": null

2019-10-31 15:41:24 - [TEST_STEP][PASSED] - "HIT SEARCH": null

2019-10-31 15:41:24 - [TEST_STEP][PASSED] - "---------------------------------": null

2019-10-31 15:41:24 - [TEST_STEP][PASSED] - click(findTestObject("Object Repository/Checkatrade_Trade_Search_Page/Page_Checkatrade Find a tradesperson you can trust/a_Search")): Object: 'Object Repository/Checkatrade_Trade_Search_Page/Page_Checkatrade Find a tradesperson you can trust/a_Search' is clicked on

2019-10-31 15:41:27 - [MESSAGE][PASSED] - Object: 'Object Repository/Checkatrade_Trade_Search_Page/Page_Checkatrade Find a tradesperson you can trust/a_Search' is clicked on

2019-10-31 15:41:27 - [MESSAGE][PASSED] - Call Test Case 'Test Cases/Reusable_Test_Sequences/CAT_Hit_Search_Button' successfully

2019-10-31 15:41:27 - [TEST_STEP][PASSED] - "---------------------------------------": null

2019-10-31 15:41:27 - [TEST_STEP][PASSED] - " Verify Returned Page is as Expected   |": null

2019-10-31 15:41:27 - [TEST_STEP][PASSED] - callTestCase(findTestCase("Reusable_Test_Sequences/CAT_Verification"), [:], CONTINUE_ON_FAILURE): Call Test Case 'Test Cases/Reusable_Test_Sequences/CAT_Verification' successfully

2019-10-31 15:41:27 - [TEST_CASE][PASSED] - Test Cases/Reusable_Test_Sequences/CAT_Verification: Test Cases/Reusable_Test_Sequences/CAT_Verification

2019-10-31 15:41:27 - [TEST_STEP][PASSED] - "Expected cantantenated text is Returned": null

2019-10-31 15:41:27 - [TEST_STEP][PASSED] - waitForElementVisible(findTestObject("Checkatrade_Trade_Search_page/Page_Checkatrade Find a tradesperson you can trust/a_Search"), 25): Object 'Object Repository/Checkatrade_Trade_Search_page/Page_Checkatrade Find a tradesperson you can trust/a_Search' is visible

2019-10-31 15:41:28 - [MESSAGE][PASSED] - Object 'Object Repository/Checkatrade_Trade_Search_page/Page_Checkatrade Find a tradesperson you can trust/a_Search' is visible

2019-10-31 15:41:28 - [TEST_STEP][PASSED] - verifyTextPresent(findTestData("searchTestData").getValue("tradeClassification", row), false): Text 'Electrician' is present on page 

2019-10-31 15:41:28 - [MESSAGE][PASSED] - Text 'Electrician' is present on page 

2019-10-31 15:41:28 - [TEST_STEP][PASSED] - verifyTextPresent(findTestData("searchTestData").getValue("tradeLocation", row), false): Text 'Orkney' is present on page 

2019-10-31 15:41:29 - [MESSAGE][PASSED] - Text 'Orkney' is present on page 

2019-10-31 15:41:29 - [MESSAGE][PASSED] - Call Test Case 'Test Cases/Reusable_Test_Sequences/CAT_Verification' successfully

2019-10-31 15:41:29 - [TEST_STEP][PASSED] - "--------------------------": null

2019-10-31 15:41:29 - [TEST_STEP][PASSED] - " Teardown - CLose Browser |": null

2019-10-31 15:41:29 - [TEST_STEP][PASSED] - callTestCase(findTestCase("Reusable_Test_Sequences/CAT_Teardown"), [:], STOP_ON_FAILURE): Call Test Case 'Test Cases/Reusable_Test_Sequences/CAT_Teardown' successfully

2019-10-31 15:41:29 - [TEST_CASE][PASSED] - Test Cases/Reusable_Test_Sequences/CAT_Teardown: Test Cases/Reusable_Test_Sequences/CAT_Teardown

2019-10-31 15:41:29 - [TEST_STEP][PASSED] - closeBrowser(): Browser is closed

2019-10-31 15:41:30 - [MESSAGE][PASSED] - Browser is closed

2019-10-31 15:41:30 - [MESSAGE][PASSED] - Call Test Case 'Test Cases/Reusable_Test_Sequences/CAT_Teardown' successfully

2019-10-31 15:41:30 - [TEST_STEP][PASSED] - callTestCase(findTestCase("Reusable_Test_Sequences/CAT_Setup"), [:], STOP_ON_FAILURE): Call Test Case 'Test Cases/Reusable_Test_Sequences/CAT_Setup' successfully

2019-10-31 15:41:30 - [TEST_CASE][PASSED] - Test Cases/Reusable_Test_Sequences/CAT_Setup: Test Cases/Reusable_Test_Sequences/CAT_Setup

2019-10-31 15:41:30 - [TEST_STEP][PASSED] - "URL - Set from the ENVIRONMENT PROFILE ": null

2019-10-31 15:41:30 - [TEST_STEP][PASSED] - openBrowser(URL): Browser is opened with url: 'https://www.preview.checkatrade.com/'

2019-10-31 15:41:30 - [MESSAGE][INFO] - Starting 'Chrome' driver

2019-10-31 15:41:41 - [MESSAGE][PASSED] - Browser is opened with url: 'https://www.preview.checkatrade.com/'

2019-10-31 15:41:41 - [TEST_STEP][PASSED] - maximizeWindow(): Current window maximized

2019-10-31 15:41:46 - [MESSAGE][PASSED] - Current window maximized

2019-10-31 15:41:46 - [TEST_STEP][PASSED] - waitForPageLoad(60): Wait for page load successfully

2019-10-31 15:41:46 - [MESSAGE][PASSED] - Wait for page load successfully

2019-10-31 15:41:46 - [TEST_STEP][PASSED] - waitForElementVisible(findTestObject("Page_Checkatrade Find a tradesperson you can trust/a_Search"), 25): Object 'Object Repository/Page_Checkatrade Find a tradesperson you can trust/a_Search' is visible

2019-10-31 15:41:46 - [MESSAGE][PASSED] - Object 'Object Repository/Page_Checkatrade Find a tradesperson you can trust/a_Search' is visible

2019-10-31 15:41:46 - [TEST_STEP][PASSED] - try: Text 'Checkatrade.com uses cookies to make sure you get the best browsing experience' is not present on page

2019-10-31 15:41:46 - [TEST_STEP][PASSED] - if (verifyElementPresent(findTestObject("Page_Checkatrade Find a tradesperson you can trust/div_close"), 1, OPTIONAL)): Text 'Checkatrade.com uses cookies to make sure you get the best browsing experience' is not present on page

2019-10-31 15:41:46 - [MESSAGE][PASSED] - Object 'Object Repository/Page_Checkatrade Find a tradesperson you can trust/div_close' is present

2019-10-31 15:41:46 - [TEST_STEP][PASSED] - click(findTestObject("Page_Checkatrade Find a tradesperson you can trust/div_close")): Object: 'Object Repository/Page_Checkatrade Find a tradesperson you can trust/div_close' is clicked on

2019-10-31 15:41:47 - [MESSAGE][PASSED] - Object: 'Object Repository/Page_Checkatrade Find a tradesperson you can trust/div_close' is clicked on

2019-10-31 15:41:47 - [TEST_STEP][PASSED] - "---------------------------------": null

2019-10-31 15:41:47 - [TEST_STEP][PASSED] - "COOKIE POPOUT REMOVED - Confirmed": null

2019-10-31 15:41:47 - [TEST_STEP][PASSED] - delay(1): Delayed 1 second(s)

2019-10-31 15:41:48 - [MESSAGE][PASSED] - Delayed 1 second(s)

2019-10-31 15:41:48 - [TEST_STEP][PASSED] - verifyTextNotPresent("Checkatrade.com uses cookies to make sure you get the best browsing experience", false): Text 'Checkatrade.com uses cookies to make sure you get the best browsing experience' is not present on page

2019-10-31 15:41:49 - [MESSAGE][PASSED] - Text 'Checkatrade.com uses cookies to make sure you get the best browsing experience' is not present on page

2019-10-31 15:41:49 - [TEST_STEP][PASSED] - try: Text 'We have updated our Privacy Policy, please review this' is not present on page

2019-10-31 15:41:49 - [TEST_STEP][PASSED] - if (verifyElementPresent(findTestObject("Page_Checkatrade Find a tradesperson you can trust/div_close_1"), 1, OPTIONAL)): Text 'We have updated our Privacy Policy, please review this' is not present on page

2019-10-31 15:41:49 - [MESSAGE][PASSED] - Object 'Object Repository/Page_Checkatrade Find a tradesperson you can trust/div_close_1' is present

2019-10-31 15:41:49 - [TEST_STEP][PASSED] - click(findTestObject("Page_Checkatrade Find a tradesperson you can trust/div_close_1")): Object: 'Object Repository/Page_Checkatrade Find a tradesperson you can trust/div_close_1' is clicked on

2019-10-31 15:41:49 - [MESSAGE][PASSED] - Object: 'Object Repository/Page_Checkatrade Find a tradesperson you can trust/div_close_1' is clicked on

2019-10-31 15:41:49 - [TEST_STEP][PASSED] - "---------------------------------": null

2019-10-31 15:41:49 - [TEST_STEP][PASSED] - "PRIVACY POPOUT REMOVED - Confirmed": null

2019-10-31 15:41:49 - [TEST_STEP][PASSED] - delay(1): Delayed 1 second(s)

2019-10-31 15:41:50 - [MESSAGE][PASSED] - Delayed 1 second(s)

2019-10-31 15:41:50 - [TEST_STEP][PASSED] - verifyTextNotPresent("We have updated our Privacy Policy, please review this", false): Text 'We have updated our Privacy Policy, please review this' is not present on page

2019-10-31 15:41:51 - [MESSAGE][PASSED] - Text 'We have updated our Privacy Policy, please review this' is not present on page

2019-10-31 15:41:51 - [MESSAGE][PASSED] - Call Test Case 'Test Cases/Reusable_Test_Sequences/CAT_Setup' successfully

2019-10-31 15:41:51 - [TEST_STEP][PASSED] - "---------------------------------------": null

2019-10-31 15:41:51 - [TEST_STEP][PASSED] - " Set and SEARCH TRADE CLASSIFICATION   |": null

2019-10-31 15:41:51 - [TEST_STEP][PASSED] - callTestCase(findTestCase("Reusable_Test_Sequences/CAT_Enter_Trade_Classification"), [:], CONTINUE_ON_FAILURE): Call Test Case 'Test Cases/Reusable_Test_Sequences/CAT_Enter_Trade_Classification' successfully

2019-10-31 15:41:51 - [TEST_CASE][PASSED] - Test Cases/Reusable_Test_Sequences/CAT_Enter_Trade_Classification: Test Cases/Reusable_Test_Sequences/CAT_Enter_Trade_Classification

2019-10-31 15:41:51 - [TEST_STEP][PASSED] - "---------------------------------": null

2019-10-31 15:41:51 - [TEST_STEP][PASSED] - "Set and SEARCH SELECTED TRADE": null

2019-10-31 15:41:51 - [TEST_STEP][PASSED] - click(findTestObject("Object Repository/Checkatrade_Trade_Search_Page/Page_Checkatrade Find a tradesperson you can trust/input_Search_Button_FF")): Object: 'Object Repository/Checkatrade_Trade_Search_Page/Page_Checkatrade Find a tradesperson you can trust/input_Search_Button_FF' is clicked on

2019-10-31 15:41:51 - [MESSAGE][PASSED] - Object: 'Object Repository/Checkatrade_Trade_Search_Page/Page_Checkatrade Find a tradesperson you can trust/input_Search_Button_FF' is clicked on

2019-10-31 15:41:51 - [TEST_STEP][PASSED] - setText(findTestObject("Object Repository/Checkatrade_Trade_Search_Page/Page_Checkatrade Find a tradesperson you can trust/input_Search_Button_FF"), findTestData("searchTestData").getValue("tradeClassification", row)): Text 'Plumber' is set on object 'Object Repository/Checkatrade_Trade_Search_Page/Page_Checkatrade Find a tradesperson you can trust/input_Search_Button_FF'

2019-10-31 15:41:51 - [MESSAGE][PASSED] - Text 'Plumber' is set on object 'Object Repository/Checkatrade_Trade_Search_Page/Page_Checkatrade Find a tradesperson you can trust/input_Search_Button_FF'

2019-10-31 15:41:51 - [MESSAGE][PASSED] - Call Test Case 'Test Cases/Reusable_Test_Sequences/CAT_Enter_Trade_Classification' successfully

2019-10-31 15:41:51 - [TEST_STEP][PASSED] - "---------------------------------------": null

2019-10-31 15:41:51 - [TEST_STEP][PASSED] - " Set and SEARCH TRADE LOCATION         |": null

2019-10-31 15:41:51 - [TEST_STEP][PASSED] - callTestCase(findTestCase("Reusable_Test_Sequences/CAT_Enter_Trade_Location"), [:], CONTINUE_ON_FAILURE): Call Test Case 'Test Cases/Reusable_Test_Sequences/CAT_Enter_Trade_Location' successfully

2019-10-31 15:41:51 - [TEST_CASE][PASSED] - Test Cases/Reusable_Test_Sequences/CAT_Enter_Trade_Location: Test Cases/Reusable_Test_Sequences/CAT_Enter_Trade_Location

2019-10-31 15:41:51 - [TEST_STEP][PASSED] - "---------------------------------": null

2019-10-31 15:41:51 - [TEST_STEP][PASSED] - "Set and SEARCH SELECTED LOCATION |": null

2019-10-31 15:41:51 - [TEST_STEP][PASSED] - click(findTestObject("Object Repository/Checkatrade_Trade_Search_Page/Page_Checkatrade Find a tradesperson you can trust/input_Not here_location")): Object: 'Object Repository/Checkatrade_Trade_Search_Page/Page_Checkatrade Find a tradesperson you can trust/input_Not here_location' is clicked on

2019-10-31 15:41:52 - [MESSAGE][PASSED] - Object: 'Object Repository/Checkatrade_Trade_Search_Page/Page_Checkatrade Find a tradesperson you can trust/input_Not here_location' is clicked on

2019-10-31 15:41:52 - [TEST_STEP][PASSED] - setText(findTestObject("Object Repository/Checkatrade_Trade_Search_Page/Page_Checkatrade Find a tradesperson you can trust/input_Not here_location"), findTestData("searchTestData").getValue("tradeLocation", row)): Text 'Rugby' is set on object 'Object Repository/Checkatrade_Trade_Search_Page/Page_Checkatrade Find a tradesperson you can trust/input_Not here_location'

2019-10-31 15:41:52 - [MESSAGE][PASSED] - Text 'Rugby' is set on object 'Object Repository/Checkatrade_Trade_Search_Page/Page_Checkatrade Find a tradesperson you can trust/input_Not here_location'

2019-10-31 15:41:52 - [MESSAGE][PASSED] - Call Test Case 'Test Cases/Reusable_Test_Sequences/CAT_Enter_Trade_Location' successfully

2019-10-31 15:41:52 - [TEST_STEP][PASSED] - "---------------------------------------": null

2019-10-31 15:41:52 - [TEST_STEP][PASSED] - " Scroll Search Button into View        |": null

2019-10-31 15:41:52 - [TEST_STEP][PASSED] - "---------------------------------------": null

2019-10-31 15:41:52 - [TEST_STEP][PASSED] - "---------------------------------------": null

2019-10-31 15:41:52 - [TEST_STEP][PASSED] - " Hit Search Button                     |": null

2019-10-31 15:41:52 - [TEST_STEP][PASSED] - callTestCase(findTestCase("Reusable_Test_Sequences/CAT_Hit_Search_Button"), [:], CONTINUE_ON_FAILURE): Call Test Case 'Test Cases/Reusable_Test_Sequences/CAT_Hit_Search_Button' successfully

2019-10-31 15:41:52 - [TEST_CASE][PASSED] - Test Cases/Reusable_Test_Sequences/CAT_Hit_Search_Button: Test Cases/Reusable_Test_Sequences/CAT_Hit_Search_Button

2019-10-31 15:41:52 - [TEST_STEP][PASSED] - "---------------------------------": null

2019-10-31 15:41:52 - [TEST_STEP][PASSED] - "HIT SEARCH": null

2019-10-31 15:41:52 - [TEST_STEP][PASSED] - "---------------------------------": null

2019-10-31 15:41:52 - [TEST_STEP][PASSED] - click(findTestObject("Object Repository/Checkatrade_Trade_Search_Page/Page_Checkatrade Find a tradesperson you can trust/a_Search")): Object: 'Object Repository/Checkatrade_Trade_Search_Page/Page_Checkatrade Find a tradesperson you can trust/a_Search' is clicked on

2019-10-31 15:41:55 - [MESSAGE][PASSED] - Object: 'Object Repository/Checkatrade_Trade_Search_Page/Page_Checkatrade Find a tradesperson you can trust/a_Search' is clicked on

2019-10-31 15:41:55 - [MESSAGE][PASSED] - Call Test Case 'Test Cases/Reusable_Test_Sequences/CAT_Hit_Search_Button' successfully

2019-10-31 15:41:55 - [TEST_STEP][PASSED] - "---------------------------------------": null

2019-10-31 15:41:55 - [TEST_STEP][PASSED] - " Verify Returned Page is as Expected   |": null

2019-10-31 15:41:55 - [TEST_STEP][PASSED] - callTestCase(findTestCase("Reusable_Test_Sequences/CAT_Verification"), [:], CONTINUE_ON_FAILURE): Call Test Case 'Test Cases/Reusable_Test_Sequences/CAT_Verification' successfully

2019-10-31 15:41:55 - [TEST_CASE][PASSED] - Test Cases/Reusable_Test_Sequences/CAT_Verification: Test Cases/Reusable_Test_Sequences/CAT_Verification

2019-10-31 15:41:55 - [TEST_STEP][PASSED] - "Expected cantantenated text is Returned": null

2019-10-31 15:41:55 - [TEST_STEP][PASSED] - waitForElementVisible(findTestObject("Checkatrade_Trade_Search_page/Page_Checkatrade Find a tradesperson you can trust/a_Search"), 25): Object 'Object Repository/Checkatrade_Trade_Search_page/Page_Checkatrade Find a tradesperson you can trust/a_Search' is visible

2019-10-31 15:41:55 - [MESSAGE][PASSED] - Object 'Object Repository/Checkatrade_Trade_Search_page/Page_Checkatrade Find a tradesperson you can trust/a_Search' is visible

2019-10-31 15:41:55 - [TEST_STEP][PASSED] - verifyTextPresent(findTestData("searchTestData").getValue("tradeClassification", row), false): Text 'Plumber' is present on page 

2019-10-31 15:41:57 - [MESSAGE][PASSED] - Text 'Plumber' is present on page 

2019-10-31 15:41:57 - [TEST_STEP][PASSED] - verifyTextPresent(findTestData("searchTestData").getValue("tradeLocation", row), false): Text 'Rugby' is present on page 

2019-10-31 15:41:58 - [MESSAGE][PASSED] - Text 'Rugby' is present on page 

2019-10-31 15:41:58 - [MESSAGE][PASSED] - Call Test Case 'Test Cases/Reusable_Test_Sequences/CAT_Verification' successfully

2019-10-31 15:41:58 - [TEST_STEP][PASSED] - "--------------------------": null

2019-10-31 15:41:58 - [TEST_STEP][PASSED] - " Teardown - CLose Browser |": null

2019-10-31 15:41:58 - [TEST_STEP][PASSED] - callTestCase(findTestCase("Reusable_Test_Sequences/CAT_Teardown"), [:], STOP_ON_FAILURE): Call Test Case 'Test Cases/Reusable_Test_Sequences/CAT_Teardown' successfully

2019-10-31 15:41:58 - [TEST_CASE][PASSED] - Test Cases/Reusable_Test_Sequences/CAT_Teardown: Test Cases/Reusable_Test_Sequences/CAT_Teardown

2019-10-31 15:41:58 - [TEST_STEP][PASSED] - closeBrowser(): Browser is closed

2019-10-31 15:41:58 - [MESSAGE][PASSED] - Browser is closed

2019-10-31 15:41:58 - [MESSAGE][PASSED] - Call Test Case 'Test Cases/Reusable_Test_Sequences/CAT_Teardown' successfully

2019-10-31 15:41:58 - [TEST_STEP][PASSED] - callTestCase(findTestCase("Reusable_Test_Sequences/CAT_Setup"), [:], STOP_ON_FAILURE): Call Test Case 'Test Cases/Reusable_Test_Sequences/CAT_Setup' successfully

2019-10-31 15:41:59 - [TEST_CASE][PASSED] - Test Cases/Reusable_Test_Sequences/CAT_Setup: Test Cases/Reusable_Test_Sequences/CAT_Setup

2019-10-31 15:41:59 - [TEST_STEP][PASSED] - "URL - Set from the ENVIRONMENT PROFILE ": null

2019-10-31 15:41:59 - [TEST_STEP][PASSED] - openBrowser(URL): Browser is opened with url: 'https://www.preview.checkatrade.com/'

2019-10-31 15:41:59 - [MESSAGE][INFO] - Starting 'Chrome' driver

2019-10-31 15:42:08 - [MESSAGE][PASSED] - Browser is opened with url: 'https://www.preview.checkatrade.com/'

2019-10-31 15:42:08 - [TEST_STEP][PASSED] - maximizeWindow(): Current window maximized

2019-10-31 15:42:12 - [MESSAGE][PASSED] - Current window maximized

2019-10-31 15:42:12 - [TEST_STEP][PASSED] - waitForPageLoad(60): Wait for page load successfully

2019-10-31 15:42:12 - [MESSAGE][PASSED] - Wait for page load successfully

2019-10-31 15:42:12 - [TEST_STEP][PASSED] - waitForElementVisible(findTestObject("Page_Checkatrade Find a tradesperson you can trust/a_Search"), 25): Object 'Object Repository/Page_Checkatrade Find a tradesperson you can trust/a_Search' is visible

2019-10-31 15:42:12 - [MESSAGE][PASSED] - Object 'Object Repository/Page_Checkatrade Find a tradesperson you can trust/a_Search' is visible

2019-10-31 15:42:12 - [TEST_STEP][PASSED] - try: Text 'Checkatrade.com uses cookies to make sure you get the best browsing experience' is not present on page

2019-10-31 15:42:12 - [TEST_STEP][PASSED] - if (verifyElementPresent(findTestObject("Page_Checkatrade Find a tradesperson you can trust/div_close"), 1, OPTIONAL)): Text 'Checkatrade.com uses cookies to make sure you get the best browsing experience' is not present on page

2019-10-31 15:42:12 - [MESSAGE][PASSED] - Object 'Object Repository/Page_Checkatrade Find a tradesperson you can trust/div_close' is present

2019-10-31 15:42:12 - [TEST_STEP][PASSED] - click(findTestObject("Page_Checkatrade Find a tradesperson you can trust/div_close")): Object: 'Object Repository/Page_Checkatrade Find a tradesperson you can trust/div_close' is clicked on

2019-10-31 15:42:13 - [MESSAGE][PASSED] - Object: 'Object Repository/Page_Checkatrade Find a tradesperson you can trust/div_close' is clicked on

2019-10-31 15:42:13 - [TEST_STEP][PASSED] - "---------------------------------": null

2019-10-31 15:42:13 - [TEST_STEP][PASSED] - "COOKIE POPOUT REMOVED - Confirmed": null

2019-10-31 15:42:13 - [TEST_STEP][PASSED] - delay(1): Delayed 1 second(s)

2019-10-31 15:42:14 - [MESSAGE][PASSED] - Delayed 1 second(s)

2019-10-31 15:42:14 - [TEST_STEP][PASSED] - verifyTextNotPresent("Checkatrade.com uses cookies to make sure you get the best browsing experience", false): Text 'Checkatrade.com uses cookies to make sure you get the best browsing experience' is not present on page

2019-10-31 15:42:14 - [MESSAGE][PASSED] - Text 'Checkatrade.com uses cookies to make sure you get the best browsing experience' is not present on page

2019-10-31 15:42:14 - [TEST_STEP][PASSED] - try: Text 'We have updated our Privacy Policy, please review this' is not present on page

2019-10-31 15:42:14 - [TEST_STEP][PASSED] - if (verifyElementPresent(findTestObject("Page_Checkatrade Find a tradesperson you can trust/div_close_1"), 1, OPTIONAL)): Text 'We have updated our Privacy Policy, please review this' is not present on page

2019-10-31 15:42:14 - [MESSAGE][PASSED] - Object 'Object Repository/Page_Checkatrade Find a tradesperson you can trust/div_close_1' is present

2019-10-31 15:42:14 - [TEST_STEP][PASSED] - click(findTestObject("Page_Checkatrade Find a tradesperson you can trust/div_close_1")): Object: 'Object Repository/Page_Checkatrade Find a tradesperson you can trust/div_close_1' is clicked on

2019-10-31 15:42:14 - [MESSAGE][PASSED] - Object: 'Object Repository/Page_Checkatrade Find a tradesperson you can trust/div_close_1' is clicked on

2019-10-31 15:42:14 - [TEST_STEP][PASSED] - "---------------------------------": null

2019-10-31 15:42:14 - [TEST_STEP][PASSED] - "PRIVACY POPOUT REMOVED - Confirmed": null

2019-10-31 15:42:14 - [TEST_STEP][PASSED] - delay(1): Delayed 1 second(s)

2019-10-31 15:42:15 - [MESSAGE][PASSED] - Delayed 1 second(s)

2019-10-31 15:42:15 - [TEST_STEP][PASSED] - verifyTextNotPresent("We have updated our Privacy Policy, please review this", false): Text 'We have updated our Privacy Policy, please review this' is not present on page

2019-10-31 15:42:16 - [MESSAGE][PASSED] - Text 'We have updated our Privacy Policy, please review this' is not present on page

2019-10-31 15:42:16 - [MESSAGE][PASSED] - Call Test Case 'Test Cases/Reusable_Test_Sequences/CAT_Setup' successfully

2019-10-31 15:42:16 - [TEST_STEP][PASSED] - "---------------------------------------": null

2019-10-31 15:42:16 - [TEST_STEP][PASSED] - " Set and SEARCH TRADE CLASSIFICATION   |": null

2019-10-31 15:42:16 - [TEST_STEP][PASSED] - callTestCase(findTestCase("Reusable_Test_Sequences/CAT_Enter_Trade_Classification"), [:], CONTINUE_ON_FAILURE): Call Test Case 'Test Cases/Reusable_Test_Sequences/CAT_Enter_Trade_Classification' successfully

2019-10-31 15:42:16 - [TEST_CASE][PASSED] - Test Cases/Reusable_Test_Sequences/CAT_Enter_Trade_Classification: Test Cases/Reusable_Test_Sequences/CAT_Enter_Trade_Classification

2019-10-31 15:42:16 - [TEST_STEP][PASSED] - "---------------------------------": null

2019-10-31 15:42:16 - [TEST_STEP][PASSED] - "Set and SEARCH SELECTED TRADE": null

2019-10-31 15:42:16 - [TEST_STEP][PASSED] - click(findTestObject("Object Repository/Checkatrade_Trade_Search_Page/Page_Checkatrade Find a tradesperson you can trust/input_Search_Button_FF")): Object: 'Object Repository/Checkatrade_Trade_Search_Page/Page_Checkatrade Find a tradesperson you can trust/input_Search_Button_FF' is clicked on

2019-10-31 15:42:16 - [MESSAGE][PASSED] - Object: 'Object Repository/Checkatrade_Trade_Search_Page/Page_Checkatrade Find a tradesperson you can trust/input_Search_Button_FF' is clicked on

2019-10-31 15:42:16 - [TEST_STEP][PASSED] - setText(findTestObject("Object Repository/Checkatrade_Trade_Search_Page/Page_Checkatrade Find a tradesperson you can trust/input_Search_Button_FF"), findTestData("searchTestData").getValue("tradeClassification", row)): Text 'Diagnostic Testing' is set on object 'Object Repository/Checkatrade_Trade_Search_Page/Page_Checkatrade Find a tradesperson you can trust/input_Search_Button_FF'

2019-10-31 15:42:16 - [MESSAGE][PASSED] - Text 'Diagnostic Testing' is set on object 'Object Repository/Checkatrade_Trade_Search_Page/Page_Checkatrade Find a tradesperson you can trust/input_Search_Button_FF'

2019-10-31 15:42:16 - [MESSAGE][PASSED] - Call Test Case 'Test Cases/Reusable_Test_Sequences/CAT_Enter_Trade_Classification' successfully

2019-10-31 15:42:16 - [TEST_STEP][PASSED] - "---------------------------------------": null

2019-10-31 15:42:16 - [TEST_STEP][PASSED] - " Set and SEARCH TRADE LOCATION         |": null

2019-10-31 15:42:16 - [TEST_STEP][PASSED] - callTestCase(findTestCase("Reusable_Test_Sequences/CAT_Enter_Trade_Location"), [:], CONTINUE_ON_FAILURE): Call Test Case 'Test Cases/Reusable_Test_Sequences/CAT_Enter_Trade_Location' successfully

2019-10-31 15:42:16 - [TEST_CASE][PASSED] - Test Cases/Reusable_Test_Sequences/CAT_Enter_Trade_Location: Test Cases/Reusable_Test_Sequences/CAT_Enter_Trade_Location

2019-10-31 15:42:16 - [TEST_STEP][PASSED] - "---------------------------------": null

2019-10-31 15:42:16 - [TEST_STEP][PASSED] - "Set and SEARCH SELECTED LOCATION |": null

2019-10-31 15:42:16 - [TEST_STEP][PASSED] - click(findTestObject("Object Repository/Checkatrade_Trade_Search_Page/Page_Checkatrade Find a tradesperson you can trust/input_Not here_location")): Object: 'Object Repository/Checkatrade_Trade_Search_Page/Page_Checkatrade Find a tradesperson you can trust/input_Not here_location' is clicked on

2019-10-31 15:42:17 - [MESSAGE][PASSED] - Object: 'Object Repository/Checkatrade_Trade_Search_Page/Page_Checkatrade Find a tradesperson you can trust/input_Not here_location' is clicked on

2019-10-31 15:42:17 - [TEST_STEP][PASSED] - setText(findTestObject("Object Repository/Checkatrade_Trade_Search_Page/Page_Checkatrade Find a tradesperson you can trust/input_Not here_location"), findTestData("searchTestData").getValue("tradeLocation", row)): Text 'Angmering' is set on object 'Object Repository/Checkatrade_Trade_Search_Page/Page_Checkatrade Find a tradesperson you can trust/input_Not here_location'

2019-10-31 15:42:17 - [MESSAGE][PASSED] - Text 'Angmering' is set on object 'Object Repository/Checkatrade_Trade_Search_Page/Page_Checkatrade Find a tradesperson you can trust/input_Not here_location'

2019-10-31 15:42:17 - [MESSAGE][PASSED] - Call Test Case 'Test Cases/Reusable_Test_Sequences/CAT_Enter_Trade_Location' successfully

2019-10-31 15:42:17 - [TEST_STEP][PASSED] - "---------------------------------------": null

2019-10-31 15:42:17 - [TEST_STEP][PASSED] - " Scroll Search Button into View        |": null

2019-10-31 15:42:17 - [TEST_STEP][PASSED] - "---------------------------------------": null

2019-10-31 15:42:17 - [TEST_STEP][PASSED] - "---------------------------------------": null

2019-10-31 15:42:17 - [TEST_STEP][PASSED] - " Hit Search Button                     |": null

2019-10-31 15:42:17 - [TEST_STEP][PASSED] - callTestCase(findTestCase("Reusable_Test_Sequences/CAT_Hit_Search_Button"), [:], CONTINUE_ON_FAILURE): Call Test Case 'Test Cases/Reusable_Test_Sequences/CAT_Hit_Search_Button' successfully

2019-10-31 15:42:17 - [TEST_CASE][PASSED] - Test Cases/Reusable_Test_Sequences/CAT_Hit_Search_Button: Test Cases/Reusable_Test_Sequences/CAT_Hit_Search_Button

2019-10-31 15:42:17 - [TEST_STEP][PASSED] - "---------------------------------": null

2019-10-31 15:42:17 - [TEST_STEP][PASSED] - "HIT SEARCH": null

2019-10-31 15:42:17 - [TEST_STEP][PASSED] - "---------------------------------": null

2019-10-31 15:42:17 - [TEST_STEP][PASSED] - click(findTestObject("Object Repository/Checkatrade_Trade_Search_Page/Page_Checkatrade Find a tradesperson you can trust/a_Search")): Object: 'Object Repository/Checkatrade_Trade_Search_Page/Page_Checkatrade Find a tradesperson you can trust/a_Search' is clicked on

2019-10-31 15:42:19 - [MESSAGE][PASSED] - Object: 'Object Repository/Checkatrade_Trade_Search_Page/Page_Checkatrade Find a tradesperson you can trust/a_Search' is clicked on

2019-10-31 15:42:19 - [MESSAGE][PASSED] - Call Test Case 'Test Cases/Reusable_Test_Sequences/CAT_Hit_Search_Button' successfully

2019-10-31 15:42:19 - [TEST_STEP][PASSED] - "---------------------------------------": null

2019-10-31 15:42:19 - [TEST_STEP][PASSED] - " Verify Returned Page is as Expected   |": null

2019-10-31 15:42:19 - [TEST_STEP][PASSED] - callTestCase(findTestCase("Reusable_Test_Sequences/CAT_Verification"), [:], CONTINUE_ON_FAILURE): Call Test Case 'Test Cases/Reusable_Test_Sequences/CAT_Verification' successfully

2019-10-31 15:42:19 - [TEST_CASE][PASSED] - Test Cases/Reusable_Test_Sequences/CAT_Verification: Test Cases/Reusable_Test_Sequences/CAT_Verification

2019-10-31 15:42:19 - [TEST_STEP][PASSED] - "Expected cantantenated text is Returned": null

2019-10-31 15:42:19 - [TEST_STEP][PASSED] - waitForElementVisible(findTestObject("Checkatrade_Trade_Search_page/Page_Checkatrade Find a tradesperson you can trust/a_Search"), 25): Object 'Object Repository/Checkatrade_Trade_Search_page/Page_Checkatrade Find a tradesperson you can trust/a_Search' is visible

2019-10-31 15:42:19 - [MESSAGE][PASSED] - Object 'Object Repository/Checkatrade_Trade_Search_page/Page_Checkatrade Find a tradesperson you can trust/a_Search' is visible

2019-10-31 15:42:19 - [TEST_STEP][PASSED] - verifyTextPresent(findTestData("searchTestData").getValue("tradeClassification", row), false): Text 'Diagnostic Testing' is present on page 

2019-10-31 15:42:19 - [MESSAGE][PASSED] - Text 'Diagnostic Testing' is present on page 

2019-10-31 15:42:19 - [TEST_STEP][PASSED] - verifyTextPresent(findTestData("searchTestData").getValue("tradeLocation", row), false): Text 'Angmering' is present on page 

2019-10-31 15:42:20 - [MESSAGE][PASSED] - Text 'Angmering' is present on page 

2019-10-31 15:42:20 - [MESSAGE][PASSED] - Call Test Case 'Test Cases/Reusable_Test_Sequences/CAT_Verification' successfully

2019-10-31 15:42:20 - [TEST_STEP][PASSED] - "--------------------------": null

2019-10-31 15:42:20 - [TEST_STEP][PASSED] - " Teardown - CLose Browser |": null

2019-10-31 15:42:20 - [TEST_STEP][PASSED] - callTestCase(findTestCase("Reusable_Test_Sequences/CAT_Teardown"), [:], STOP_ON_FAILURE): Call Test Case 'Test Cases/Reusable_Test_Sequences/CAT_Teardown' successfully

2019-10-31 15:42:20 - [TEST_CASE][PASSED] - Test Cases/Reusable_Test_Sequences/CAT_Teardown: Test Cases/Reusable_Test_Sequences/CAT_Teardown

2019-10-31 15:42:20 - [TEST_STEP][PASSED] - closeBrowser(): Browser is closed

2019-10-31 15:42:21 - [MESSAGE][PASSED] - Browser is closed

2019-10-31 15:42:21 - [MESSAGE][PASSED] - Call Test Case 'Test Cases/Reusable_Test_Sequences/CAT_Teardown' successfully]]></system-out>
         <system-err><![CDATA[]]></system-err>
      </testcase>
      <system-out><![CDATA[2019-10-31 15:39:56 - [TEST_SUITE][PASSED] - Trade_Location_Multiple_Search: Test Cases/Checkatrade_Tradesman_Searches/Trade_Location_Search]]></system-out>
      <system-err><![CDATA[]]></system-err>
   </testsuite>
</testsuites>
