<?xml version="1.0" encoding="UTF-8"?>
<testsuites name="Web_Office_Top_Level" time="164.713" tests="4" failures="0" errors="0">
   <testsuite name="Web_Office_Top_Level" tests="4" failures="0" errors="0" time="164.713" timestamp="2019-12-02 15:48:32" hostname="DavidHo - VETTEDSP36RF.check.local" id="Test Suites/Web_Office_Top_Level">
      <properties>
         <property name="deviceName" value=""/>
         <property name="devicePlatform" value=""/>
         <property name="logFolder" value="C:\\Users\\davidho\\Katalon Studio\\Start\\Reports\\20191202_153724\\Web_Office_Top_Level\\20191202_153741"/>
         <property name="logFiles" value="C:\\Users\\davidho\\Katalon Studio\\Start\\Reports\\20191202_153724\\Web_Office_Top_Level\\20191202_153741\\execution0.log"/>
         <property name="attachments" value=""/>
         <property name="hostName" value="DavidHo - VETTEDSP36RF.check.local"/>
         <property name="os" value="Windows 10 32bit"/>
         <property name="katalonVersion" value="7.1.0.1"/>
         <property name="browser" value="Firefox 70.0"/>
         <property name="hostAddress" value="10.0.11.243"/>
         <property name="sessionId" value="dd9a3f38-e0fc-4d44-b20d-7e224bbda3a5"/>
         <property name="seleniumVersion" value="3.141.59"/>
         <property name="proxyInformation" value="ProxyInformation{proxyOption=NO_PROXY, proxyServerType=HTTP, password=, proxyServerAddress=, proxyServerPort=0}"/>
         <property name="platform" value="Windows 10"/>
      </properties>
      <testcase name="Test Cases/Web_Office/Navigation_Checks/Companies/Companies_Top" time="98.463" classname="Test Cases/Web_Office/Navigation_Checks/Companies/Companies_Top" status="PASSED">
         <system-out><![CDATA[2019-12-02 15:48:32 - [TEST_CASE][PASSED] - Test Cases/Web_Office/Navigation_Checks/Companies/Companies_Top: Test Cases/Web_Office/Navigation_Checks/Companies/Companies_Top

2019-12-02 15:48:33 - [TEST_STEP][PASSED] - "--------------------------------------": null

2019-12-02 15:48:33 - [TEST_STEP][PASSED] - " Web Office StartUp                  |": null

2019-12-02 15:48:33 - [TEST_STEP][PASSED] - callTestCase(findTestCase("Reusable_Test_Sequences/Web_Office/Directives/WebOffice_StartUp"), [:], OPTIONAL): Call Test Case 'Test Cases/Reusable_Test_Sequences/Web_Office/Directives/WebOffice_StartUp' successfully

2019-12-02 15:48:33 - [TEST_CASE][PASSED] - Test Cases/Reusable_Test_Sequences/Web_Office/Directives/WebOffice_StartUp: Test Cases/Reusable_Test_Sequences/Web_Office/Directives/WebOffice_StartUp

2019-12-02 15:48:33 - [TEST_STEP][PASSED] - if (URL == "https://www.preview.checkatrade.com/"): null

2019-12-02 15:48:34 - [TEST_STEP][PASSED] - WebOfficeURL = "https://admin.preview.checkatrade.com/": null

2019-12-02 15:48:34 - [TEST_STEP][PASSED] - if (URL == "https://www.checkatrade.com/"): null

2019-12-02 15:48:34 - [TEST_STEP][PASSED] - "Set Function Area for "URL_Handler", URL Resolution": null

2019-12-02 15:48:34 - [TEST_STEP][PASSED] - "Do Some Magic with URL(s) See the comments within URL Handler ": null

2019-12-02 15:48:34 - [TEST_STEP][PASSED] - Username = "DavidHo": null

2019-12-02 15:48:34 - [TEST_STEP][PASSED] - Password = "Check123": null

2019-12-02 15:48:34 - [TEST_STEP][PASSED] - "------------------------------------------------": null

2019-12-02 15:48:34 - [TEST_STEP][PASSED] - "WebOfficeURL - Set from the ENVIRONMENT PROFILE ": null

2019-12-02 15:48:34 - [TEST_STEP][PASSED] - "OPEN BROWSER": null

2019-12-02 15:48:34 - [TEST_STEP][PASSED] - "eg - https://admin.preview.checkatrade.com/  ": null

2019-12-02 15:48:34 - [TEST_STEP][PASSED] - openBrowser(WebOfficeURL): Browser is opened with url: 'https://admin.preview.checkatrade.com/'

2019-12-02 15:48:34 - [MESSAGE][INFO] - Starting 'Firefox' driver

2019-12-02 15:48:34 - [MESSAGE][INFO] - Action delay is set to 0 seconds

2019-12-02 15:48:44 - [MESSAGE][PASSED] - Browser is opened with url: 'https://admin.preview.checkatrade.com/'

2019-12-02 15:48:44 - [TEST_STEP][PASSED] - maximizeWindow(): Current window maximized

2019-12-02 15:48:44 - [MESSAGE][PASSED] - Current window maximized

2019-12-02 15:48:44 - [TEST_STEP][PASSED] - waitForElementClickable(findTestObject("Object Repository/WebOffice/Page_Checkatrade - Administration - Login/Login_Button"), 25): Object 'Object Repository/WebOffice/Page_Checkatrade - Administration - Login/Login_Button' is clickable

2019-12-02 15:48:45 - [MESSAGE][PASSED] - Object 'Object Repository/WebOffice/Page_Checkatrade - Administration - Login/Login_Button' is clickable

2019-12-02 15:48:45 - [TEST_STEP][PASSED] - verifyTextPresent("Checkatrade Web Office", false): Text 'Checkatrade Web Office' is present on page 

2019-12-02 15:48:45 - [MESSAGE][PASSED] - Text 'Checkatrade Web Office' is present on page 

2019-12-02 15:48:45 - [TEST_STEP][PASSED] - verifyTextPresent("Access for staff use only", false): Text 'Access for staff use only' is present on page 

2019-12-02 15:48:45 - [MESSAGE][PASSED] - Text 'Access for staff use only' is present on page 

2019-12-02 15:48:45 - [TEST_STEP][PASSED] - verifyTextPresent("Forgotten password?", false): Text 'Forgotten password?' is present on page 

2019-12-02 15:48:45 - [MESSAGE][PASSED] - Text 'Forgotten password?' is present on page 

2019-12-02 15:48:45 - [TEST_STEP][PASSED] - setText(findTestObject("Object Repository/WebOffice/Page_Checkatrade - Administration - Login/input_Username_LoginControlUserName"), Username): Text 'DavidHo' is set on object 'Object Repository/WebOffice/Page_Checkatrade - Administration - Login/input_Username_LoginControlUserName'

2019-12-02 15:48:45 - [MESSAGE][PASSED] - Text 'DavidHo' is set on object 'Object Repository/WebOffice/Page_Checkatrade - Administration - Login/input_Username_LoginControlUserName'

2019-12-02 15:48:45 - [TEST_STEP][PASSED] - setText(findTestObject("Object Repository/WebOffice/Page_Checkatrade - Administration - Login/input_Password_LoginControlPassword"), Password): Text 'Check123' is set on object 'Object Repository/WebOffice/Page_Checkatrade - Administration - Login/input_Password_LoginControlPassword'

2019-12-02 15:48:45 - [MESSAGE][PASSED] - Text 'Check123' is set on object 'Object Repository/WebOffice/Page_Checkatrade - Administration - Login/input_Password_LoginControlPassword'

2019-12-02 15:48:45 - [TEST_STEP][PASSED] - click(findTestObject("Object Repository/WebOffice/Page_Checkatrade - Administration - Login/Login_Button")): Object: 'Object Repository/WebOffice/Page_Checkatrade - Administration - Login/Login_Button' is clicked on

2019-12-02 15:48:46 - [MESSAGE][PASSED] - Object: 'Object Repository/WebOffice/Page_Checkatrade - Administration - Login/Login_Button' is clicked on

2019-12-02 15:48:46 - [TEST_STEP][PASSED] - waitForPageLoad(60): Wait for page load successfully

2019-12-02 15:48:46 - [MESSAGE][PASSED] - Wait for page load successfully

2019-12-02 15:48:46 - [TEST_STEP][PASSED] - verifyTextPresent("Welcome " + Username, false): Text 'Welcome DavidHo' is present on page 

2019-12-02 15:48:47 - [MESSAGE][PASSED] - Text 'Welcome DavidHo' is present on page 

2019-12-02 15:48:47 - [MESSAGE][PASSED] - Call Test Case 'Test Cases/Reusable_Test_Sequences/Web_Office/Directives/WebOffice_StartUp' successfully

2019-12-02 15:48:47 - [TEST_STEP][PASSED] - "--------------------------------------": null

2019-12-02 15:48:47 - [TEST_STEP][PASSED] - " Navigate Top level menu Item         |": null

2019-12-02 15:48:47 - [TEST_STEP][PASSED] - delay(5): Delayed 5 second(s)

2019-12-02 15:48:52 - [MESSAGE][PASSED] - Delayed 5 second(s)

2019-12-02 15:48:52 - [TEST_STEP][PASSED] - waitForPageLoad(60): Wait for page load successfully

2019-12-02 15:48:52 - [MESSAGE][PASSED] - Wait for page load successfully

2019-12-02 15:48:52 - [TEST_STEP][PASSED] - waitForElementClickable(findTestObject("Object Repository/WebOffice_Home_page/a_Companies"), 60): Object 'Object Repository/WebOffice_Home_page/a_Companies' is clickable

2019-12-02 15:48:53 - [MESSAGE][PASSED] - Object 'Object Repository/WebOffice_Home_page/a_Companies' is clickable

2019-12-02 15:48:53 - [TEST_STEP][PASSED] - click(findTestObject("Object Repository/WebOffice_Home_page/a_Companies")): Object: 'Object Repository/WebOffice_Home_page/a_Companies' is clicked on

2019-12-02 15:48:56 - [MESSAGE][PASSED] - Object: 'Object Repository/WebOffice_Home_page/a_Companies' is clicked on

2019-12-02 15:48:56 - [TEST_STEP][PASSED] - waitForElementClickable(findTestObject("Object Repository/WebOffice/Companies_Top/Page_/span_Advanced Search"), 120): Object 'Object Repository/WebOffice/Companies_Top/Page_/span_Advanced Search' is clickable

2019-12-02 15:48:56 - [MESSAGE][PASSED] - Object 'Object Repository/WebOffice/Companies_Top/Page_/span_Advanced Search' is clickable

2019-12-02 15:48:56 - [TEST_STEP][PASSED] - "--------------------------------------": null

2019-12-02 15:48:56 - [TEST_STEP][PASSED] - " Verify Returned Page Content         |": null

2019-12-02 15:48:56 - [TEST_STEP][PASSED] - verifyTextPresent("Members  >  All Members", false): Text 'Members  >  All Members' is present on page 

2019-12-02 15:48:59 - [MESSAGE][PASSED] - Text 'Members  >  All Members' is present on page 

2019-12-02 15:48:59 - [TEST_STEP][PASSED] - verifyTextPresent("Next", false): Text 'Next' is present on page 

2019-12-02 15:49:02 - [MESSAGE][PASSED] - Text 'Next' is present on page 

2019-12-02 15:49:02 - [TEST_STEP][PASSED] - verifyTextPresent("Show", false): Text 'Show' is present on page 

2019-12-02 15:49:05 - [MESSAGE][PASSED] - Text 'Show' is present on page 

2019-12-02 15:49:05 - [TEST_STEP][PASSED] - verifyTextPresent("per page", false): Text 'per page' is present on page 

2019-12-02 15:49:09 - [MESSAGE][PASSED] - Text 'per page' is present on page 

2019-12-02 15:49:09 - [TEST_STEP][PASSED] - verifyTextPresent("Displaying 1 to 25 from", false): Text 'Displaying 1 to 25 from' is present on page 

2019-12-02 15:49:11 - [MESSAGE][PASSED] - Text 'Displaying 1 to 25 from' is present on page 

2019-12-02 15:49:11 - [TEST_STEP][PASSED] - verifyTextPresent("Astra Clean", false): Text 'Astra Clean' is present on page 

2019-12-02 15:49:14 - [MESSAGE][PASSED] - Text 'Astra Clean' is present on page 

2019-12-02 15:49:14 - [TEST_STEP][PASSED] - verifyTextPresent("124", false): Text '124' is present on page 

2019-12-02 15:49:17 - [MESSAGE][PASSED] - Text '124' is present on page 

2019-12-02 15:49:17 - [TEST_STEP][PASSED] - verifyTextPresent("Chichester", false): Text 'Chichester' is present on page 

2019-12-02 15:49:20 - [MESSAGE][PASSED] - Text 'Chichester' is present on page 

2019-12-02 15:49:20 - [TEST_STEP][PASSED] - verifyTextPresent("West Sussex", false): Text 'West Sussex' is present on page 

2019-12-02 15:49:21 - [MESSAGE][PASSED] - Text 'West Sussex' is present on page 

2019-12-02 15:49:21 - [TEST_STEP][PASSED] - verifyTextPresent("CARPET & UPHOLSTERY CLEANING", false): Text 'CARPET & UPHOLSTERY CLEANING' is present on page 

2019-12-02 15:49:23 - [MESSAGE][PASSED] - Text 'CARPET & UPHOLSTERY CLEANING' is present on page 

2019-12-02 15:49:23 - [TEST_STEP][PASSED] - verifyTextPresent("MA Department", false): Text 'MA Department' is present on page 

2019-12-02 15:49:26 - [MESSAGE][PASSED] - Text 'MA Department' is present on page 

2019-12-02 15:49:26 - [TEST_STEP][PASSED] - verifyTextPresent("Mailmerge", false): Text 'Mailmerge' is present on page 

2019-12-02 15:49:30 - [MESSAGE][PASSED] - Text 'Mailmerge' is present on page 

2019-12-02 15:49:30 - [TEST_STEP][PASSED] - verifyTextPresent("Export Email Addresses", false): Text 'Export Email Addresses' is present on page 

2019-12-02 15:49:33 - [MESSAGE][PASSED] - Text 'Export Email Addresses' is present on page 

2019-12-02 15:49:33 - [TEST_STEP][PASSED] - verifyTextPresent("Bulk Export Email Addresses", false): Text 'Bulk Export Email Addresses' is present on page 

2019-12-02 15:49:37 - [MESSAGE][PASSED] - Text 'Bulk Export Email Addresses' is present on page 

2019-12-02 15:49:37 - [TEST_STEP][PASSED] - verifyTextPresent("Export Mobile Numbers", false): Text 'Export Mobile Numbers' is present on page 

2019-12-02 15:49:39 - [MESSAGE][PASSED] - Text 'Export Mobile Numbers' is present on page 

2019-12-02 15:49:39 - [TEST_STEP][PASSED] - verifyTextPresent("Show results on map", false): Text 'Show results on map' is present on page 

2019-12-02 15:49:40 - [MESSAGE][PASSED] - Text 'Show results on map' is present on page 

2019-12-02 15:49:40 - [TEST_STEP][PASSED] - verifyTextPresent("Open Map in new Window (with All Results)", false): Text 'Open Map in new Window (with All Results)' is present on page 

2019-12-02 15:49:43 - [MESSAGE][PASSED] - Text 'Open Map in new Window (with All Results)' is present on page 

2019-12-02 15:49:43 - [TEST_STEP][PASSED] - verifyTextPresent("All Companies", false): Text 'All Companies' is present on page 

2019-12-02 15:49:46 - [MESSAGE][PASSED] - Text 'All Companies' is present on page 

2019-12-02 15:49:46 - [TEST_STEP][PASSED] - verifyTextPresent("Members", false): Text 'Members' is present on page 

2019-12-02 15:49:50 - [MESSAGE][PASSED] - Text 'Members' is present on page 

2019-12-02 15:49:50 - [TEST_STEP][PASSED] - verifyTextPresent("Non-Members", false): Text 'Non-Members' is present on page 

2019-12-02 15:49:52 - [MESSAGE][PASSED] - Text 'Non-Members' is present on page 

2019-12-02 15:49:52 - [TEST_STEP][PASSED] - verifyTextPresent("Search By", false): Text 'Search By' is present on page 

2019-12-02 15:49:55 - [MESSAGE][PASSED] - Text 'Search By' is present on page 

2019-12-02 15:49:55 - [TEST_STEP][PASSED] - verifyTextPresent("Mobile", false): Text 'Mobile' is present on page 

2019-12-02 15:49:58 - [MESSAGE][PASSED] - Text 'Mobile' is present on page 

2019-12-02 15:49:58 - [TEST_STEP][PASSED] - verifyTextPresent("Filter", false): Text 'Filter' is present on page 

2019-12-02 15:50:01 - [MESSAGE][PASSED] - Text 'Filter' is present on page 

2019-12-02 15:50:01 - [TEST_STEP][PASSED] - verifyTextPresent("Trader ID", false): Text 'Trader ID' is present on page 

2019-12-02 15:50:03 - [MESSAGE][PASSED] - Text 'Trader ID' is present on page 

2019-12-02 15:50:03 - [TEST_STEP][PASSED] - verifyTextPresent("More Options", false): Text 'More Options' is present on page 

2019-12-02 15:50:04 - [MESSAGE][PASSED] - Text 'More Options' is present on page 

2019-12-02 15:50:04 - [TEST_STEP][PASSED] - verifyTextPresent("Apply", false): Text 'Apply' is present on page 

2019-12-02 15:50:07 - [MESSAGE][PASSED] - Text 'Apply' is present on page 

2019-12-02 15:50:07 - [TEST_STEP][PASSED] - verifyTextPresent("Clear", false): Text 'Clear' is present on page 

2019-12-02 15:50:08 - [MESSAGE][PASSED] - Text 'Clear' is present on page 

2019-12-02 15:50:08 - [TEST_STEP][PASSED] - verifyTextPresent("Advanced Search", false): Text 'Advanced Search' is present on page 

2019-12-02 15:50:09 - [MESSAGE][PASSED] - Text 'Advanced Search' is present on page 

2019-12-02 15:50:09 - [TEST_STEP][PASSED] - "--------------------------": null

2019-12-02 15:50:09 - [TEST_STEP][PASSED] - " Teardown - CLose Browser |": null

2019-12-02 15:50:09 - [TEST_STEP][PASSED] - callTestCase(findTestCase("Reusable_Test_Sequences/CAT_Teardown"), [:], OPTIONAL): Call Test Case 'Test Cases/Reusable_Test_Sequences/CAT_Teardown' successfully

2019-12-02 15:50:09 - [TEST_CASE][PASSED] - Test Cases/Reusable_Test_Sequences/CAT_Teardown: Test Cases/Reusable_Test_Sequences/CAT_Teardown

2019-12-02 15:50:10 - [TEST_STEP][PASSED] - closeBrowser(): Browser is closed

2019-12-02 15:50:11 - [MESSAGE][PASSED] - Browser is closed

2019-12-02 15:50:11 - [MESSAGE][PASSED] - Call Test Case 'Test Cases/Reusable_Test_Sequences/CAT_Teardown' successfully]]></system-out>
         <system-err><![CDATA[]]></system-err>
      </testcase>
      <testcase name="Test Cases/Web_Office/Navigation_Checks/Directories/Directories_Top" time="21.858" classname="Test Cases/Web_Office/Navigation_Checks/Directories/Directories_Top" status="PASSED">
         <system-out><![CDATA[2019-12-02 15:50:11 - [TEST_CASE][PASSED] - Test Cases/Web_Office/Navigation_Checks/Directories/Directories_Top: Test Cases/Web_Office/Navigation_Checks/Directories/Directories_Top

2019-12-02 15:50:11 - [TEST_STEP][PASSED] - "--------------------------------------": null

2019-12-02 15:50:11 - [TEST_STEP][PASSED] - " Web Office StartUp                  |": null

2019-12-02 15:50:11 - [TEST_STEP][PASSED] - callTestCase(findTestCase("Reusable_Test_Sequences/Web_Office/Directives/WebOffice_StartUp"), [:], OPTIONAL): Call Test Case 'Test Cases/Reusable_Test_Sequences/Web_Office/Directives/WebOffice_StartUp' successfully

2019-12-02 15:50:11 - [TEST_CASE][PASSED] - Test Cases/Reusable_Test_Sequences/Web_Office/Directives/WebOffice_StartUp: Test Cases/Reusable_Test_Sequences/Web_Office/Directives/WebOffice_StartUp

2019-12-02 15:50:11 - [TEST_STEP][PASSED] - if (URL == "https://www.preview.checkatrade.com/"): null

2019-12-02 15:50:11 - [TEST_STEP][PASSED] - WebOfficeURL = "https://admin.preview.checkatrade.com/": null

2019-12-02 15:50:11 - [TEST_STEP][PASSED] - if (URL == "https://www.checkatrade.com/"): null

2019-12-02 15:50:11 - [TEST_STEP][PASSED] - "Set Function Area for "URL_Handler", URL Resolution": null

2019-12-02 15:50:11 - [TEST_STEP][PASSED] - "Do Some Magic with URL(s) See the comments within URL Handler ": null

2019-12-02 15:50:11 - [TEST_STEP][PASSED] - Username = "DavidHo": null

2019-12-02 15:50:11 - [TEST_STEP][PASSED] - Password = "Check123": null

2019-12-02 15:50:11 - [TEST_STEP][PASSED] - "------------------------------------------------": null

2019-12-02 15:50:11 - [TEST_STEP][PASSED] - "WebOfficeURL - Set from the ENVIRONMENT PROFILE ": null

2019-12-02 15:50:11 - [TEST_STEP][PASSED] - "OPEN BROWSER": null

2019-12-02 15:50:11 - [TEST_STEP][PASSED] - "eg - https://admin.preview.checkatrade.com/  ": null

2019-12-02 15:50:11 - [TEST_STEP][PASSED] - openBrowser(WebOfficeURL): Browser is opened with url: 'https://admin.preview.checkatrade.com/'

2019-12-02 15:50:11 - [MESSAGE][INFO] - Starting 'Firefox' driver

2019-12-02 15:50:16 - [MESSAGE][PASSED] - Browser is opened with url: 'https://admin.preview.checkatrade.com/'

2019-12-02 15:50:16 - [TEST_STEP][PASSED] - maximizeWindow(): Current window maximized

2019-12-02 15:50:17 - [MESSAGE][PASSED] - Current window maximized

2019-12-02 15:50:17 - [TEST_STEP][PASSED] - waitForElementClickable(findTestObject("Object Repository/WebOffice/Page_Checkatrade - Administration - Login/Login_Button"), 25): Object 'Object Repository/WebOffice/Page_Checkatrade - Administration - Login/Login_Button' is clickable

2019-12-02 15:50:17 - [MESSAGE][PASSED] - Object 'Object Repository/WebOffice/Page_Checkatrade - Administration - Login/Login_Button' is clickable

2019-12-02 15:50:17 - [TEST_STEP][PASSED] - verifyTextPresent("Checkatrade Web Office", false): Text 'Checkatrade Web Office' is present on page 

2019-12-02 15:50:17 - [MESSAGE][PASSED] - Text 'Checkatrade Web Office' is present on page 

2019-12-02 15:50:17 - [TEST_STEP][PASSED] - verifyTextPresent("Access for staff use only", false): Text 'Access for staff use only' is present on page 

2019-12-02 15:50:17 - [MESSAGE][PASSED] - Text 'Access for staff use only' is present on page 

2019-12-02 15:50:17 - [TEST_STEP][PASSED] - verifyTextPresent("Forgotten password?", false): Text 'Forgotten password?' is present on page 

2019-12-02 15:50:17 - [MESSAGE][PASSED] - Text 'Forgotten password?' is present on page 

2019-12-02 15:50:17 - [TEST_STEP][PASSED] - setText(findTestObject("Object Repository/WebOffice/Page_Checkatrade - Administration - Login/input_Username_LoginControlUserName"), Username): Text 'DavidHo' is set on object 'Object Repository/WebOffice/Page_Checkatrade - Administration - Login/input_Username_LoginControlUserName'

2019-12-02 15:50:17 - [MESSAGE][PASSED] - Text 'DavidHo' is set on object 'Object Repository/WebOffice/Page_Checkatrade - Administration - Login/input_Username_LoginControlUserName'

2019-12-02 15:50:17 - [TEST_STEP][PASSED] - setText(findTestObject("Object Repository/WebOffice/Page_Checkatrade - Administration - Login/input_Password_LoginControlPassword"), Password): Text 'Check123' is set on object 'Object Repository/WebOffice/Page_Checkatrade - Administration - Login/input_Password_LoginControlPassword'

2019-12-02 15:50:17 - [MESSAGE][PASSED] - Text 'Check123' is set on object 'Object Repository/WebOffice/Page_Checkatrade - Administration - Login/input_Password_LoginControlPassword'

2019-12-02 15:50:17 - [TEST_STEP][PASSED] - click(findTestObject("Object Repository/WebOffice/Page_Checkatrade - Administration - Login/Login_Button")): Object: 'Object Repository/WebOffice/Page_Checkatrade - Administration - Login/Login_Button' is clicked on

2019-12-02 15:50:20 - [MESSAGE][PASSED] - Object: 'Object Repository/WebOffice/Page_Checkatrade - Administration - Login/Login_Button' is clicked on

2019-12-02 15:50:20 - [TEST_STEP][PASSED] - waitForPageLoad(60): Wait for page load successfully

2019-12-02 15:50:20 - [MESSAGE][PASSED] - Wait for page load successfully

2019-12-02 15:50:20 - [TEST_STEP][PASSED] - verifyTextPresent("Welcome " + Username, false): Text 'Welcome DavidHo' is present on page 

2019-12-02 15:50:21 - [MESSAGE][PASSED] - Text 'Welcome DavidHo' is present on page 

2019-12-02 15:50:21 - [MESSAGE][PASSED] - Call Test Case 'Test Cases/Reusable_Test_Sequences/Web_Office/Directives/WebOffice_StartUp' successfully

2019-12-02 15:50:21 - [TEST_STEP][PASSED] - "--------------------------------------": null

2019-12-02 15:50:21 - [TEST_STEP][PASSED] - " Navigate Top level menu Item         |": null

2019-12-02 15:50:21 - [TEST_STEP][PASSED] - waitForPageLoad(60): Wait for page load successfully

2019-12-02 15:50:21 - [MESSAGE][PASSED] - Wait for page load successfully

2019-12-02 15:50:21 - [TEST_STEP][PASSED] - waitForElementClickable(findTestObject("Object Repository/WebOffice_Home_page/a_Directories"), 60): Object 'Object Repository/WebOffice_Home_page/a_Directories' is clickable

2019-12-02 15:50:21 - [MESSAGE][PASSED] - Object 'Object Repository/WebOffice_Home_page/a_Directories' is clickable

2019-12-02 15:50:21 - [TEST_STEP][PASSED] - click(findTestObject("Object Repository/WebOffice_Home_page/a_Directories")): Object: 'Object Repository/WebOffice_Home_page/a_Directories' is clicked on

2019-12-02 15:50:22 - [MESSAGE][PASSED] - Object: 'Object Repository/WebOffice_Home_page/a_Directories' is clicked on

2019-12-02 15:50:22 - [TEST_STEP][PASSED] - waitForElementClickable(findTestObject("Object Repository/WebOffice/Directories_Top/Navigation_Search_Box"), 60): Object 'Object Repository/WebOffice/Directories_Top/Navigation_Search_Box' is clickable

2019-12-02 15:50:22 - [MESSAGE][PASSED] - Object 'Object Repository/WebOffice/Directories_Top/Navigation_Search_Box' is clickable

2019-12-02 15:50:22 - [TEST_STEP][PASSED] - "--------------------------------------": null

2019-12-02 15:50:22 - [TEST_STEP][PASSED] - " Verify Returned Page Content         |": null

2019-12-02 15:50:22 - [TEST_STEP][PASSED] - verifyTextPresent("Settings", false): Text 'Settings' is present on page 

2019-12-02 15:50:23 - [MESSAGE][PASSED] - Text 'Settings' is present on page 

2019-12-02 15:50:23 - [TEST_STEP][PASSED] - verifyTextPresent("Include Non Members", false): Text 'Include Non Members' is present on page 

2019-12-02 15:50:24 - [MESSAGE][PASSED] - Text 'Include Non Members' is present on page 

2019-12-02 15:50:24 - [TEST_STEP][PASSED] - verifyTextPresent("Welcome", false): Text 'Welcome' is present on page 

2019-12-02 15:50:24 - [MESSAGE][PASSED] - Text 'Welcome' is present on page 

2019-12-02 15:50:24 - [TEST_STEP][PASSED] - verifyTextPresent("Not you?", false): Text 'Not you?' is present on page 

2019-12-02 15:50:25 - [MESSAGE][PASSED] - Text 'Not you?' is present on page 

2019-12-02 15:50:25 - [TEST_STEP][PASSED] - verifyTextPresent("Directories", false): Text 'Directories' is present on page 

2019-12-02 15:50:26 - [MESSAGE][PASSED] - Text 'Directories' is present on page 

2019-12-02 15:50:26 - [TEST_STEP][PASSED] - verifyTextPresent("Current", false): Text 'Current' is present on page 

2019-12-02 15:50:27 - [MESSAGE][PASSED] - Text 'Current' is present on page 

2019-12-02 15:50:27 - [TEST_STEP][PASSED] - verifyTextPresent("Next", false): Text 'Next' is present on page 

2019-12-02 15:50:27 - [MESSAGE][PASSED] - Text 'Next' is present on page 

2019-12-02 15:50:27 - [TEST_STEP][PASSED] - verifyTextPresent("Future Editions", false): Text 'Future Editions' is present on page 

2019-12-02 15:50:28 - [MESSAGE][PASSED] - Text 'Future Editions' is present on page 

2019-12-02 15:50:28 - [TEST_STEP][PASSED] - verifyTextPresent("Previous Editions", false): Text 'Previous Editions' is present on page 

2019-12-02 15:50:29 - [MESSAGE][PASSED] - Text 'Previous Editions' is present on page 

2019-12-02 15:50:29 - [TEST_STEP][PASSED] - verifyTextPresent("Edition Zero", false): Text 'Edition Zero' is present on page 

2019-12-02 15:50:29 - [MESSAGE][PASSED] - Text 'Edition Zero' is present on page 

2019-12-02 15:50:29 - [TEST_STEP][PASSED] - verifyTextPresent("Search", false): Text 'Search' is present on page 

2019-12-02 15:50:30 - [MESSAGE][PASSED] - Text 'Search' is present on page 

2019-12-02 15:50:30 - [TEST_STEP][PASSED] - verifyTextPresent("Include future and previous editions", false): Text 'Include future and previous editions' is present on page 

2019-12-02 15:50:31 - [MESSAGE][PASSED] - Text 'Include future and previous editions' is present on page 

2019-12-02 15:50:31 - [TEST_STEP][PASSED] - verifyTextPresent("SpaceFinder", false): Text 'SpaceFinder' is present on page 

2019-12-02 15:50:31 - [MESSAGE][PASSED] - Text 'SpaceFinder' is present on page 

2019-12-02 15:50:31 - [TEST_STEP][PASSED] - "--------------------------": null

2019-12-02 15:50:31 - [TEST_STEP][PASSED] - " Teardown - CLose Browser |": null

2019-12-02 15:50:31 - [TEST_STEP][PASSED] - callTestCase(findTestCase("Reusable_Test_Sequences/CAT_Teardown"), [:], OPTIONAL): Call Test Case 'Test Cases/Reusable_Test_Sequences/CAT_Teardown' successfully

2019-12-02 15:50:31 - [TEST_CASE][PASSED] - Test Cases/Reusable_Test_Sequences/CAT_Teardown: Test Cases/Reusable_Test_Sequences/CAT_Teardown

2019-12-02 15:50:31 - [TEST_STEP][PASSED] - closeBrowser(): Browser is closed

2019-12-02 15:50:33 - [MESSAGE][PASSED] - Browser is closed

2019-12-02 15:50:33 - [MESSAGE][PASSED] - Call Test Case 'Test Cases/Reusable_Test_Sequences/CAT_Teardown' successfully]]></system-out>
         <system-err><![CDATA[]]></system-err>
      </testcase>
      <testcase name="Test Cases/Web_Office/Navigation_Checks/Feedback/Feedback_Top" time="25.05" classname="Test Cases/Web_Office/Navigation_Checks/Feedback/Feedback_Top" status="PASSED">
         <system-out><![CDATA[2019-12-02 15:50:33 - [TEST_CASE][PASSED] - Test Cases/Web_Office/Navigation_Checks/Feedback/Feedback_Top: Test Cases/Web_Office/Navigation_Checks/Feedback/Feedback_Top

2019-12-02 15:50:33 - [TEST_STEP][PASSED] - "--------------------------------------": null

2019-12-02 15:50:33 - [TEST_STEP][PASSED] - " Web Office StartUp                  |": null

2019-12-02 15:50:33 - [TEST_STEP][PASSED] - callTestCase(findTestCase("Reusable_Test_Sequences/Web_Office/Directives/WebOffice_StartUp"), [:], OPTIONAL): Call Test Case 'Test Cases/Reusable_Test_Sequences/Web_Office/Directives/WebOffice_StartUp' successfully

2019-12-02 15:50:33 - [TEST_CASE][PASSED] - Test Cases/Reusable_Test_Sequences/Web_Office/Directives/WebOffice_StartUp: Test Cases/Reusable_Test_Sequences/Web_Office/Directives/WebOffice_StartUp

2019-12-02 15:50:33 - [TEST_STEP][PASSED] - if (URL == "https://www.preview.checkatrade.com/"): null

2019-12-02 15:50:33 - [TEST_STEP][PASSED] - WebOfficeURL = "https://admin.preview.checkatrade.com/": null

2019-12-02 15:50:33 - [TEST_STEP][PASSED] - if (URL == "https://www.checkatrade.com/"): null

2019-12-02 15:50:33 - [TEST_STEP][PASSED] - "Set Function Area for "URL_Handler", URL Resolution": null

2019-12-02 15:50:33 - [TEST_STEP][PASSED] - "Do Some Magic with URL(s) See the comments within URL Handler ": null

2019-12-02 15:50:33 - [TEST_STEP][PASSED] - Username = "DavidHo": null

2019-12-02 15:50:33 - [TEST_STEP][PASSED] - Password = "Check123": null

2019-12-02 15:50:33 - [TEST_STEP][PASSED] - "------------------------------------------------": null

2019-12-02 15:50:33 - [TEST_STEP][PASSED] - "WebOfficeURL - Set from the ENVIRONMENT PROFILE ": null

2019-12-02 15:50:33 - [TEST_STEP][PASSED] - "OPEN BROWSER": null

2019-12-02 15:50:33 - [TEST_STEP][PASSED] - "eg - https://admin.preview.checkatrade.com/  ": null

2019-12-02 15:50:33 - [TEST_STEP][PASSED] - openBrowser(WebOfficeURL): Browser is opened with url: 'https://admin.preview.checkatrade.com/'

2019-12-02 15:50:33 - [MESSAGE][INFO] - Starting 'Firefox' driver

2019-12-02 15:50:38 - [MESSAGE][PASSED] - Browser is opened with url: 'https://admin.preview.checkatrade.com/'

2019-12-02 15:50:38 - [TEST_STEP][PASSED] - maximizeWindow(): Current window maximized

2019-12-02 15:50:39 - [MESSAGE][PASSED] - Current window maximized

2019-12-02 15:50:39 - [TEST_STEP][PASSED] - waitForElementClickable(findTestObject("Object Repository/WebOffice/Page_Checkatrade - Administration - Login/Login_Button"), 25): Object 'Object Repository/WebOffice/Page_Checkatrade - Administration - Login/Login_Button' is clickable

2019-12-02 15:50:39 - [MESSAGE][PASSED] - Object 'Object Repository/WebOffice/Page_Checkatrade - Administration - Login/Login_Button' is clickable

2019-12-02 15:50:39 - [TEST_STEP][PASSED] - verifyTextPresent("Checkatrade Web Office", false): Text 'Checkatrade Web Office' is present on page 

2019-12-02 15:50:39 - [MESSAGE][PASSED] - Text 'Checkatrade Web Office' is present on page 

2019-12-02 15:50:39 - [TEST_STEP][PASSED] - verifyTextPresent("Access for staff use only", false): Text 'Access for staff use only' is present on page 

2019-12-02 15:50:39 - [MESSAGE][PASSED] - Text 'Access for staff use only' is present on page 

2019-12-02 15:50:39 - [TEST_STEP][PASSED] - verifyTextPresent("Forgotten password?", false): Text 'Forgotten password?' is present on page 

2019-12-02 15:50:39 - [MESSAGE][PASSED] - Text 'Forgotten password?' is present on page 

2019-12-02 15:50:39 - [TEST_STEP][PASSED] - setText(findTestObject("Object Repository/WebOffice/Page_Checkatrade - Administration - Login/input_Username_LoginControlUserName"), Username): Text 'DavidHo' is set on object 'Object Repository/WebOffice/Page_Checkatrade - Administration - Login/input_Username_LoginControlUserName'

2019-12-02 15:50:39 - [MESSAGE][PASSED] - Text 'DavidHo' is set on object 'Object Repository/WebOffice/Page_Checkatrade - Administration - Login/input_Username_LoginControlUserName'

2019-12-02 15:50:39 - [TEST_STEP][PASSED] - setText(findTestObject("Object Repository/WebOffice/Page_Checkatrade - Administration - Login/input_Password_LoginControlPassword"), Password): Text 'Check123' is set on object 'Object Repository/WebOffice/Page_Checkatrade - Administration - Login/input_Password_LoginControlPassword'

2019-12-02 15:50:39 - [MESSAGE][PASSED] - Text 'Check123' is set on object 'Object Repository/WebOffice/Page_Checkatrade - Administration - Login/input_Password_LoginControlPassword'

2019-12-02 15:50:39 - [TEST_STEP][PASSED] - click(findTestObject("Object Repository/WebOffice/Page_Checkatrade - Administration - Login/Login_Button")): Object: 'Object Repository/WebOffice/Page_Checkatrade - Administration - Login/Login_Button' is clicked on

2019-12-02 15:50:40 - [MESSAGE][PASSED] - Object: 'Object Repository/WebOffice/Page_Checkatrade - Administration - Login/Login_Button' is clicked on

2019-12-02 15:50:40 - [TEST_STEP][PASSED] - waitForPageLoad(60): Wait for page load successfully

2019-12-02 15:50:40 - [MESSAGE][PASSED] - Wait for page load successfully

2019-12-02 15:50:40 - [TEST_STEP][PASSED] - verifyTextPresent("Welcome " + Username, false): Text 'Welcome DavidHo' is present on page 

2019-12-02 15:50:40 - [MESSAGE][PASSED] - Text 'Welcome DavidHo' is present on page 

2019-12-02 15:50:40 - [MESSAGE][PASSED] - Call Test Case 'Test Cases/Reusable_Test_Sequences/Web_Office/Directives/WebOffice_StartUp' successfully

2019-12-02 15:50:40 - [TEST_STEP][PASSED] - "--------------------------------------": null

2019-12-02 15:50:40 - [TEST_STEP][PASSED] - " Navigate Top level menu Item         |": null

2019-12-02 15:50:40 - [TEST_STEP][PASSED] - waitForPageLoad(60): Wait for page load successfully

2019-12-02 15:50:40 - [MESSAGE][PASSED] - Wait for page load successfully

2019-12-02 15:50:40 - [TEST_STEP][PASSED] - waitForElementClickable(findTestObject("Object Repository/WebOffice_Home_page/a_Feedback"), 60): Object 'Object Repository/WebOffice_Home_page/a_Feedback' is clickable

2019-12-02 15:50:40 - [MESSAGE][PASSED] - Object 'Object Repository/WebOffice_Home_page/a_Feedback' is clickable

2019-12-02 15:50:40 - [TEST_STEP][PASSED] - click(findTestObject("Object Repository/WebOffice_Home_page/a_Feedback")): Object: 'Object Repository/WebOffice_Home_page/a_Feedback' is clicked on

2019-12-02 15:50:42 - [MESSAGE][PASSED] - Object: 'Object Repository/WebOffice_Home_page/a_Feedback' is clicked on

2019-12-02 15:50:42 - [TEST_STEP][PASSED] - waitForElementClickable(findTestObject("Object Repository/WebOffice/Feedback_Top/Feedback_Graphic"), 20): Object 'Object Repository/WebOffice/Feedback_Top/Feedback_Graphic' is clickable

2019-12-02 15:50:42 - [MESSAGE][PASSED] - Object 'Object Repository/WebOffice/Feedback_Top/Feedback_Graphic' is clickable

2019-12-02 15:50:42 - [TEST_STEP][PASSED] - delay(2): Delayed 2 second(s)

2019-12-02 15:50:44 - [MESSAGE][PASSED] - Delayed 2 second(s)

2019-12-02 15:50:44 - [TEST_STEP][PASSED] - waitForPageLoad(60): Wait for page load successfully

2019-12-02 15:50:44 - [MESSAGE][PASSED] - Wait for page load successfully

2019-12-02 15:50:44 - [TEST_STEP][PASSED] - "--------------------------------------": null

2019-12-02 15:50:44 - [TEST_STEP][PASSED] - " Verify Returned Page Content         |": null

2019-12-02 15:50:44 - [TEST_STEP][PASSED] - "--------------------------------------": null

2019-12-02 15:50:44 - [TEST_STEP][PASSED] - verifyTextPresent("Reference Requests", false): Text 'Reference Requests' is present on page 

2019-12-02 15:50:45 - [MESSAGE][PASSED] - Text 'Reference Requests' is present on page 

2019-12-02 15:50:45 - [TEST_STEP][PASSED] - verifyTextPresent("References To Call", false): Text 'References To Call' is present on page 

2019-12-02 15:50:46 - [MESSAGE][PASSED] - Text 'References To Call' is present on page 

2019-12-02 15:50:46 - [TEST_STEP][PASSED] - verifyTextPresent("Online Reference Review", false): Text 'Online Reference Review' is present on page 

2019-12-02 15:50:46 - [MESSAGE][PASSED] - Text 'Online Reference Review' is present on page 

2019-12-02 15:50:46 - [TEST_STEP][PASSED] - verifyTextPresent("Free Of Charge Members", false): Text 'Free Of Charge Members' is present on page 

2019-12-02 15:50:47 - [MESSAGE][PASSED] - Text 'Free Of Charge Members' is present on page 

2019-12-02 15:50:47 - [TEST_STEP][PASSED] - verifyTextPresent("Non Member", false): Text 'Non Member' is present on page 

2019-12-02 15:50:47 - [MESSAGE][PASSED] - Text 'Non Member' is present on page 

2019-12-02 15:50:47 - [TEST_STEP][PASSED] - verifyTextPresent("Unused", false): Text 'Unused' is present on page 

2019-12-02 15:50:48 - [MESSAGE][PASSED] - Text 'Unused' is present on page 

2019-12-02 15:50:48 - [TEST_STEP][PASSED] - verifyTextPresent("Scanned Cards", false): Text 'Scanned Cards' is present on page 

2019-12-02 15:50:49 - [MESSAGE][PASSED] - Text 'Scanned Cards' is present on page 

2019-12-02 15:50:49 - [TEST_STEP][PASSED] - verifyTextPresent("Unvalidated Emails", false): Text 'Unvalidated Emails' is present on page 

2019-12-02 15:50:49 - [MESSAGE][PASSED] - Text 'Unvalidated Emails' is present on page 

2019-12-02 15:50:49 - [TEST_STEP][PASSED] - verifyTextPresent("Unvalidated Text", false): Text 'Unvalidated Text' is present on page 

2019-12-02 15:50:50 - [MESSAGE][PASSED] - Text 'Unvalidated Text' is present on page 

2019-12-02 15:50:50 - [TEST_STEP][PASSED] - verifyTextPresent("For Review", false): Text 'For Review' is present on page 

2019-12-02 15:50:50 - [MESSAGE][PASSED] - Text 'For Review' is present on page 

2019-12-02 15:50:50 - [TEST_STEP][PASSED] - verifyTextPresent("IP warnings", false): Text 'IP warnings' is present on page 

2019-12-02 15:50:51 - [MESSAGE][PASSED] - Text 'IP warnings' is present on page 

2019-12-02 15:50:51 - [TEST_STEP][PASSED] - verifyTextPresent("Invalid Details", false): Text 'Invalid Details' is present on page 

2019-12-02 15:50:52 - [MESSAGE][PASSED] - Text 'Invalid Details' is present on page 

2019-12-02 15:50:52 - [TEST_STEP][PASSED] - verifyTextPresent("Investigations", false): Text 'Investigations' is present on page 

2019-12-02 15:50:52 - [MESSAGE][PASSED] - Text 'Investigations' is present on page 

2019-12-02 15:50:52 - [TEST_STEP][PASSED] - verifyTextPresent("Published", false): Text 'Published' is present on page 

2019-12-02 15:50:53 - [MESSAGE][PASSED] - Text 'Published' is present on page 

2019-12-02 15:50:53 - [TEST_STEP][PASSED] - verifyTextPresent("Filter", false): Text 'Filter' is present on page 

2019-12-02 15:50:54 - [MESSAGE][PASSED] - Text 'Filter' is present on page 

2019-12-02 15:50:54 - [TEST_STEP][PASSED] - verifyTextPresent("Feedback about Member", false): Text 'Feedback about Member' is present on page 

2019-12-02 15:50:54 - [MESSAGE][PASSED] - Text 'Feedback about Member' is present on page 

2019-12-02 15:50:54 - [TEST_STEP][PASSED] - verifyTextPresent("Submitted by", false): Text 'Submitted by' is present on page 

2019-12-02 15:50:55 - [MESSAGE][PASSED] - Text 'Submitted by' is present on page 

2019-12-02 15:50:55 - [TEST_STEP][PASSED] - verifyTextPresent("Work date between", false): Text 'Work date between' is present on page 

2019-12-02 15:50:55 - [MESSAGE][PASSED] - Text 'Work date between' is present on page 

2019-12-02 15:50:55 - [TEST_STEP][PASSED] - verifyTextPresent("Description contains", false): Text 'Description contains' is present on page 

2019-12-02 15:50:56 - [MESSAGE][PASSED] - Text 'Description contains' is present on page 

2019-12-02 15:50:56 - [TEST_STEP][PASSED] - "Buttons": null

2019-12-02 15:50:56 - [TEST_STEP][PASSED] - "--------------------------": null

2019-12-02 15:50:56 - [TEST_STEP][PASSED] - " Teardown - CLose Browser |": null

2019-12-02 15:50:56 - [TEST_STEP][PASSED] - callTestCase(findTestCase("Reusable_Test_Sequences/CAT_Teardown"), [:], OPTIONAL): Call Test Case 'Test Cases/Reusable_Test_Sequences/CAT_Teardown' successfully

2019-12-02 15:50:56 - [TEST_CASE][PASSED] - Test Cases/Reusable_Test_Sequences/CAT_Teardown: Test Cases/Reusable_Test_Sequences/CAT_Teardown

2019-12-02 15:50:56 - [TEST_STEP][PASSED] - closeBrowser(): Browser is closed

2019-12-02 15:50:58 - [MESSAGE][PASSED] - Browser is closed

2019-12-02 15:50:58 - [MESSAGE][PASSED] - Call Test Case 'Test Cases/Reusable_Test_Sequences/CAT_Teardown' successfully]]></system-out>
         <system-err><![CDATA[]]></system-err>
      </testcase>
      <testcase name="Test Cases/Web_Office/Navigation_Checks/Consumers/Consumers_Top" time="18.876" classname="Test Cases/Web_Office/Navigation_Checks/Consumers/Consumers_Top" status="PASSED">
         <system-out><![CDATA[2019-12-02 15:50:58 - [TEST_CASE][PASSED] - Test Cases/Web_Office/Navigation_Checks/Consumers/Consumers_Top: Test Cases/Web_Office/Navigation_Checks/Consumers/Consumers_Top

2019-12-02 15:50:58 - [TEST_STEP][PASSED] - "--------------------------------------": null

2019-12-02 15:50:58 - [TEST_STEP][PASSED] - " Web Office StartUp                  |": null

2019-12-02 15:50:58 - [TEST_STEP][PASSED] - callTestCase(findTestCase("Reusable_Test_Sequences/Web_Office/Directives/WebOffice_StartUp"), [:], OPTIONAL): Call Test Case 'Test Cases/Reusable_Test_Sequences/Web_Office/Directives/WebOffice_StartUp' successfully

2019-12-02 15:50:58 - [TEST_CASE][PASSED] - Test Cases/Reusable_Test_Sequences/Web_Office/Directives/WebOffice_StartUp: Test Cases/Reusable_Test_Sequences/Web_Office/Directives/WebOffice_StartUp

2019-12-02 15:50:58 - [TEST_STEP][PASSED] - if (URL == "https://www.preview.checkatrade.com/"): null

2019-12-02 15:50:58 - [TEST_STEP][PASSED] - WebOfficeURL = "https://admin.preview.checkatrade.com/": null

2019-12-02 15:50:58 - [TEST_STEP][PASSED] - if (URL == "https://www.checkatrade.com/"): null

2019-12-02 15:50:58 - [TEST_STEP][PASSED] - "Set Function Area for "URL_Handler", URL Resolution": null

2019-12-02 15:50:58 - [TEST_STEP][PASSED] - "Do Some Magic with URL(s) See the comments within URL Handler ": null

2019-12-02 15:50:58 - [TEST_STEP][PASSED] - Username = "DavidHo": null

2019-12-02 15:50:58 - [TEST_STEP][PASSED] - Password = "Check123": null

2019-12-02 15:50:58 - [TEST_STEP][PASSED] - "------------------------------------------------": null

2019-12-02 15:50:58 - [TEST_STEP][PASSED] - "WebOfficeURL - Set from the ENVIRONMENT PROFILE ": null

2019-12-02 15:50:58 - [TEST_STEP][PASSED] - "OPEN BROWSER": null

2019-12-02 15:50:58 - [TEST_STEP][PASSED] - "eg - https://admin.preview.checkatrade.com/  ": null

2019-12-02 15:50:58 - [TEST_STEP][PASSED] - openBrowser(WebOfficeURL): Browser is opened with url: 'https://admin.preview.checkatrade.com/'

2019-12-02 15:50:58 - [MESSAGE][INFO] - Starting 'Firefox' driver

2019-12-02 15:51:03 - [MESSAGE][PASSED] - Browser is opened with url: 'https://admin.preview.checkatrade.com/'

2019-12-02 15:51:03 - [TEST_STEP][PASSED] - maximizeWindow(): Current window maximized

2019-12-02 15:51:03 - [MESSAGE][PASSED] - Current window maximized

2019-12-02 15:51:03 - [TEST_STEP][PASSED] - waitForElementClickable(findTestObject("Object Repository/WebOffice/Page_Checkatrade - Administration - Login/Login_Button"), 25): Object 'Object Repository/WebOffice/Page_Checkatrade - Administration - Login/Login_Button' is clickable

2019-12-02 15:51:03 - [MESSAGE][PASSED] - Object 'Object Repository/WebOffice/Page_Checkatrade - Administration - Login/Login_Button' is clickable

2019-12-02 15:51:03 - [TEST_STEP][PASSED] - verifyTextPresent("Checkatrade Web Office", false): Text 'Checkatrade Web Office' is present on page 

2019-12-02 15:51:03 - [MESSAGE][PASSED] - Text 'Checkatrade Web Office' is present on page 

2019-12-02 15:51:03 - [TEST_STEP][PASSED] - verifyTextPresent("Access for staff use only", false): Text 'Access for staff use only' is present on page 

2019-12-02 15:51:03 - [MESSAGE][PASSED] - Text 'Access for staff use only' is present on page 

2019-12-02 15:51:03 - [TEST_STEP][PASSED] - verifyTextPresent("Forgotten password?", false): Text 'Forgotten password?' is present on page 

2019-12-02 15:51:03 - [MESSAGE][PASSED] - Text 'Forgotten password?' is present on page 

2019-12-02 15:51:03 - [TEST_STEP][PASSED] - setText(findTestObject("Object Repository/WebOffice/Page_Checkatrade - Administration - Login/input_Username_LoginControlUserName"), Username): Text 'DavidHo' is set on object 'Object Repository/WebOffice/Page_Checkatrade - Administration - Login/input_Username_LoginControlUserName'

2019-12-02 15:51:04 - [MESSAGE][PASSED] - Text 'DavidHo' is set on object 'Object Repository/WebOffice/Page_Checkatrade - Administration - Login/input_Username_LoginControlUserName'

2019-12-02 15:51:04 - [TEST_STEP][PASSED] - setText(findTestObject("Object Repository/WebOffice/Page_Checkatrade - Administration - Login/input_Password_LoginControlPassword"), Password): Text 'Check123' is set on object 'Object Repository/WebOffice/Page_Checkatrade - Administration - Login/input_Password_LoginControlPassword'

2019-12-02 15:51:04 - [MESSAGE][PASSED] - Text 'Check123' is set on object 'Object Repository/WebOffice/Page_Checkatrade - Administration - Login/input_Password_LoginControlPassword'

2019-12-02 15:51:04 - [TEST_STEP][PASSED] - click(findTestObject("Object Repository/WebOffice/Page_Checkatrade - Administration - Login/Login_Button")): Object: 'Object Repository/WebOffice/Page_Checkatrade - Administration - Login/Login_Button' is clicked on

2019-12-02 15:51:08 - [MESSAGE][PASSED] - Object: 'Object Repository/WebOffice/Page_Checkatrade - Administration - Login/Login_Button' is clicked on

2019-12-02 15:51:08 - [TEST_STEP][PASSED] - waitForPageLoad(60): Wait for page load successfully

2019-12-02 15:51:08 - [MESSAGE][PASSED] - Wait for page load successfully

2019-12-02 15:51:08 - [TEST_STEP][PASSED] - verifyTextPresent("Welcome " + Username, false): Text 'Welcome DavidHo' is present on page 

2019-12-02 15:51:08 - [MESSAGE][PASSED] - Text 'Welcome DavidHo' is present on page 

2019-12-02 15:51:08 - [MESSAGE][PASSED] - Call Test Case 'Test Cases/Reusable_Test_Sequences/Web_Office/Directives/WebOffice_StartUp' successfully

2019-12-02 15:51:08 - [TEST_STEP][PASSED] - "--------------------------------------": null

2019-12-02 15:51:08 - [TEST_STEP][PASSED] - " Navigate Top level menu Item         |": null

2019-12-02 15:51:08 - [TEST_STEP][PASSED] - callTestCase(findTestCase("Reusable_Test_Sequences/Web_Office/Navigation/Navigate_Consumers"), [:], OPTIONAL): Call Test Case 'Test Cases/Reusable_Test_Sequences/Web_Office/Navigation/Navigate_Consumers' successfully

2019-12-02 15:51:08 - [TEST_CASE][PASSED] - Test Cases/Reusable_Test_Sequences/Web_Office/Navigation/Navigate_Consumers: Test Cases/Reusable_Test_Sequences/Web_Office/Navigation/Navigate_Consumers

2019-12-02 15:51:09 - [TEST_STEP][PASSED] - "--------------------------------------": null

2019-12-02 15:51:09 - [TEST_STEP][PASSED] - " Navigate Top level menu Item         |": null

2019-12-02 15:51:09 - [TEST_STEP][PASSED] - waitForPageLoad(60): Wait for page load successfully

2019-12-02 15:51:09 - [MESSAGE][PASSED] - Wait for page load successfully

2019-12-02 15:51:09 - [TEST_STEP][PASSED] - waitForElementClickable(findTestObject("Object Repository/WebOffice_Home_page/a_Consumers"), 60): Object 'Object Repository/WebOffice_Home_page/a_Consumers' is clickable

2019-12-02 15:51:09 - [MESSAGE][PASSED] - Object 'Object Repository/WebOffice_Home_page/a_Consumers' is clickable

2019-12-02 15:51:09 - [TEST_STEP][PASSED] - click(findTestObject("Object Repository/WebOffice_Home_page/a_Consumers")): Object: 'Object Repository/WebOffice_Home_page/a_Consumers' is clicked on

2019-12-02 15:51:09 - [MESSAGE][PASSED] - Object: 'Object Repository/WebOffice_Home_page/a_Consumers' is clicked on

2019-12-02 15:51:09 - [MESSAGE][PASSED] - Call Test Case 'Test Cases/Reusable_Test_Sequences/Web_Office/Navigation/Navigate_Consumers' successfully

2019-12-02 15:51:09 - [TEST_STEP][PASSED] - "--------------------------------------": null

2019-12-02 15:51:09 - [TEST_STEP][PASSED] - " Verify Returned Page Content         |": null

2019-12-02 15:51:09 - [TEST_STEP][PASSED] - "--------------------------------------": null

2019-12-02 15:51:09 - [TEST_STEP][PASSED] - "Central pane": null

2019-12-02 15:51:09 - [TEST_STEP][PASSED] - "-------------------------------": null

2019-12-02 15:51:09 - [TEST_STEP][PASSED] - "Left Hand Consumer Management  |": null

2019-12-02 15:51:09 - [TEST_STEP][PASSED] - "-------------------------------": null

2019-12-02 15:51:09 - [TEST_STEP][PASSED] - "Add Consumers": null

2019-12-02 15:51:09 - [TEST_STEP][PASSED] - verifyTextPresent("Filter", false): Text 'Filter' is present on page 

2019-12-02 15:51:10 - [MESSAGE][PASSED] - Text 'Filter' is present on page 

2019-12-02 15:51:10 - [TEST_STEP][PASSED] - verifyTextPresent("Forename", false): Text 'Forename' is present on page 

2019-12-02 15:51:10 - [MESSAGE][PASSED] - Text 'Forename' is present on page 

2019-12-02 15:51:10 - [TEST_STEP][PASSED] - verifyTextPresent("Surname", false): Text 'Surname' is present on page 

2019-12-02 15:51:11 - [MESSAGE][PASSED] - Text 'Surname' is present on page 

2019-12-02 15:51:11 - [TEST_STEP][PASSED] - verifyTextPresent("Mobile", false): Text 'Mobile' is present on page 

2019-12-02 15:51:11 - [MESSAGE][PASSED] - Text 'Mobile' is present on page 

2019-12-02 15:51:11 - [TEST_STEP][PASSED] - verifyTextPresent("Email", false): Text 'Email' is present on page 

2019-12-02 15:51:11 - [MESSAGE][PASSED] - Text 'Email' is present on page 

2019-12-02 15:51:11 - [TEST_STEP][PASSED] - verifyTextPresent("House", false): Text 'House' is present on page 

2019-12-02 15:51:12 - [MESSAGE][PASSED] - Text 'House' is present on page 

2019-12-02 15:51:12 - [TEST_STEP][PASSED] - verifyTextPresent("Street", false): Text 'Street' is present on page 

2019-12-02 15:51:12 - [MESSAGE][PASSED] - Text 'Street' is present on page 

2019-12-02 15:51:12 - [TEST_STEP][PASSED] - verifyTextPresent("Town", false): Text 'Town' is present on page 

2019-12-02 15:51:12 - [MESSAGE][PASSED] - Text 'Town' is present on page 

2019-12-02 15:51:12 - [TEST_STEP][PASSED] - verifyTextPresent("City", false): Text 'City' is present on page 

2019-12-02 15:51:13 - [MESSAGE][PASSED] - Text 'City' is present on page 

2019-12-02 15:51:13 - [TEST_STEP][PASSED] - verifyTextPresent("County", false): Text 'County' is present on page 

2019-12-02 15:51:13 - [MESSAGE][PASSED] - Text 'County' is present on page 

2019-12-02 15:51:13 - [TEST_STEP][PASSED] - verifyTextPresent("Postcode", false): Text 'Postcode' is present on page 

2019-12-02 15:51:14 - [MESSAGE][PASSED] - Text 'Postcode' is present on page 

2019-12-02 15:51:14 - [TEST_STEP][PASSED] - verifyTextPresent("Phone", false): Text 'Phone' is present on page 

2019-12-02 15:51:14 - [MESSAGE][PASSED] - Text 'Phone' is present on page 

2019-12-02 15:51:14 - [TEST_STEP][PASSED] - verifyTextPresent("Status", false): Text 'Status' is present on page 

2019-12-02 15:51:14 - [MESSAGE][PASSED] - Text 'Status' is present on page 

2019-12-02 15:51:14 - [TEST_STEP][PASSED] - verifyTextPresent("Type", false): Text 'Type' is present on page 

2019-12-02 15:51:15 - [MESSAGE][PASSED] - Text 'Type' is present on page 

2019-12-02 15:51:15 - [TEST_STEP][PASSED] - verifyTextPresent("Clear", false): Text 'Clear' is present on page 

2019-12-02 15:51:15 - [MESSAGE][PASSED] - Text 'Clear' is present on page 

2019-12-02 15:51:15 - [TEST_STEP][PASSED] - "--------------------------": null

2019-12-02 15:51:15 - [TEST_STEP][PASSED] - " Teardown - CLose Browser |": null

2019-12-02 15:51:15 - [TEST_STEP][PASSED] - callTestCase(findTestCase("Reusable_Test_Sequences/CAT_Teardown"), [:], OPTIONAL): Call Test Case 'Test Cases/Reusable_Test_Sequences/CAT_Teardown' successfully

2019-12-02 15:51:15 - [TEST_CASE][PASSED] - Test Cases/Reusable_Test_Sequences/CAT_Teardown: Test Cases/Reusable_Test_Sequences/CAT_Teardown

2019-12-02 15:51:15 - [TEST_STEP][PASSED] - closeBrowser(): Browser is closed

2019-12-02 15:51:17 - [MESSAGE][PASSED] - Browser is closed

2019-12-02 15:51:17 - [MESSAGE][PASSED] - Call Test Case 'Test Cases/Reusable_Test_Sequences/CAT_Teardown' successfully]]></system-out>
         <system-err><![CDATA[]]></system-err>
      </testcase>
      <system-out><![CDATA[2019-12-02 15:48:32 - [TEST_SUITE][PASSED] - Web_Office_Top_Level: Test Cases/Web_Office/Navigation_Checks/Consumers/Consumers_Top]]></system-out>
      <system-err><![CDATA[]]></system-err>
   </testsuite>
</testsuites>
