<?xml version="1.0" encoding="UTF-8"?>
<testsuites name="Web_Office_Searches" time="457.338" tests="3" failures="0" errors="0">
   <testsuite name="Web_Office_Searches" tests="3" failures="0" errors="0" time="457.338" timestamp="2020-02-04 15:27:23" hostname="DavidHo - VETTEDSP36RF.check.local" id="Test Suites/Web_Office_Searches">
      <properties>
         <property name="deviceName" value=""/>
         <property name="devicePlatform" value=""/>
         <property name="logFolder" value="C:\\Users\\davidho\\git\\src\\Reports\\20200204_151649\\Web_Office_Searches\\20200204_151656"/>
         <property name="logFiles" value="C:\\Users\\davidho\\git\\src\\Reports\\20200204_151649\\Web_Office_Searches\\20200204_151656\\execution0.log"/>
         <property name="attachments" value=""/>
         <property name="hostName" value="DavidHo - VETTEDSP36RF.check.local"/>
         <property name="os" value="Windows 10 32bit"/>
         <property name="katalonVersion" value="7.1.2.1"/>
         <property name="browser" value="Chrome 79.0.3945.130"/>
         <property name="hostAddress" value="10.0.9.154"/>
         <property name="sessionId" value="7deff26d674dbf2b1d67accf33558d79"/>
         <property name="seleniumVersion" value="3.141.59"/>
         <property name="proxyInformation" value="ProxyInformation{proxyOption=NO_PROXY, proxyServerType=HTTP, password=, proxyServerAddress=, proxyServerPort=0, executionList=}"/>
         <property name="platform" value="Windows 10"/>
      </properties>
      <testcase name="Test Cases/Web_Office/WebOffice_Companies_Advanced_Search" time="195.431" classname="Test Cases/Web_Office/WebOffice_Companies_Advanced_Search" status="PASSED">
         <system-out><![CDATA[2020-02-04 15:27:24 - [TEST_CASE][PASSED] - Test Cases/Web_Office/WebOffice_Companies_Advanced_Search: Test Cases/Web_Office/WebOffice_Companies_Advanced_Search

2020-02-04 15:27:24 - [TEST_STEP][PASSED] - for ([row = 1, row <= findTestData("Data Files/Advance_Company_Search_Data").getRowNumbers(), (internal.GlobalVariable.row++)]): Call Test Case 'Test Cases/Reusable_Test_Sequences/CAT_Teardown' successfully

2020-02-04 15:27:26 - [TEST_STEP][PASSED] - "--------------------------------------": null

2020-02-04 15:27:26 - [TEST_STEP][PASSED] - " Web Office StartUp                  |": null

2020-02-04 15:27:26 - [TEST_STEP][PASSED] - callTestCase(findTestCase("Reusable_Test_Sequences/Web_Office/Directives/WebOffice_StartUp"), [:], STOP_ON_FAILURE): Call Test Case 'Test Cases/Reusable_Test_Sequences/Web_Office/Directives/WebOffice_StartUp' successfully

2020-02-04 15:27:26 - [TEST_CASE][PASSED] - Test Cases/Reusable_Test_Sequences/Web_Office/Directives/WebOffice_StartUp: Test Cases/Reusable_Test_Sequences/Web_Office/Directives/WebOffice_StartUp

2020-02-04 15:27:27 - [TEST_STEP][PASSED] - if (URL == "https://www.preview.checkatrade.com/"): null

2020-02-04 15:27:27 - [TEST_STEP][PASSED] - WebOfficeURL = "https://admin.preview.checkatrade.com/": null

2020-02-04 15:27:27 - [TEST_STEP][PASSED] - if (URL == "https://www.checkatrade.com/"): null

2020-02-04 15:27:27 - [TEST_STEP][PASSED] - "Set Function Area for "URL_Handler", URL Resolution": null

2020-02-04 15:27:27 - [TEST_STEP][PASSED] - "Do Some Magic with URL(s) See the comments within URL Handler ": null

2020-02-04 15:27:27 - [TEST_STEP][PASSED] - "------------------------------------------------": null

2020-02-04 15:27:27 - [TEST_STEP][PASSED] - "Moved Login Credentials to <Default> profile 22/01/2020": null

2020-02-04 15:27:27 - [TEST_STEP][PASSED] - "------------------------------------------------": null

2020-02-04 15:27:27 - [TEST_STEP][PASSED] - "WebOfficeURL - Set from the ENVIRONMENT PROFILE ": null

2020-02-04 15:27:27 - [TEST_STEP][PASSED] - "OPEN BROWSER": null

2020-02-04 15:27:27 - [TEST_STEP][PASSED] - "eg - https://admin.preview.checkatrade.com/  ": null

2020-02-04 15:27:27 - [TEST_STEP][PASSED] - openBrowser(WebOfficeURL): Browser is opened with url: 'https://admin.preview.checkatrade.com/'

2020-02-04 15:27:27 - [MESSAGE][INFO] - Starting 'Chrome' driver

2020-02-04 15:27:27 - [MESSAGE][INFO] - Action delay is set to 0 seconds

2020-02-04 15:27:38 - [MESSAGE][PASSED] - Browser is opened with url: 'https://admin.preview.checkatrade.com/'

2020-02-04 15:27:38 - [TEST_STEP][PASSED] - maximizeWindow(): Current window maximized

2020-02-04 15:27:43 - [MESSAGE][PASSED] - Current window maximized

2020-02-04 15:27:43 - [TEST_STEP][PASSED] - waitForElementClickable(findTestObject("Object Repository/WebOffice/Page_Checkatrade - Administration - Login/Login_Button"), 25): Object 'Object Repository/WebOffice/Page_Checkatrade - Administration - Login/Login_Button' is clickable

2020-02-04 15:27:43 - [MESSAGE][PASSED] - Object 'Object Repository/WebOffice/Page_Checkatrade - Administration - Login/Login_Button' is clickable

2020-02-04 15:27:43 - [TEST_STEP][PASSED] - verifyTextPresent("Checkatrade Web Office", false): Text 'Checkatrade Web Office' is present on page 

2020-02-04 15:27:43 - [MESSAGE][PASSED] - Text 'Checkatrade Web Office' is present on page 

2020-02-04 15:27:43 - [TEST_STEP][PASSED] - verifyTextPresent("Access for staff use only", false): Text 'Access for staff use only' is present on page 

2020-02-04 15:27:44 - [MESSAGE][PASSED] - Text 'Access for staff use only' is present on page 

2020-02-04 15:27:44 - [TEST_STEP][PASSED] - verifyTextPresent("Forgotten password?", false): Text 'Forgotten password?' is present on page 

2020-02-04 15:27:44 - [MESSAGE][PASSED] - Text 'Forgotten password?' is present on page 

2020-02-04 15:27:44 - [TEST_STEP][PASSED] - setText(findTestObject("Object Repository/WebOffice/Page_Checkatrade - Administration - Login/input_Username_LoginControlUserName"), wo_Username): Text 'DavidHo' is set on object 'Object Repository/WebOffice/Page_Checkatrade - Administration - Login/input_Username_LoginControlUserName'

2020-02-04 15:27:44 - [MESSAGE][PASSED] - Text 'DavidHo' is set on object 'Object Repository/WebOffice/Page_Checkatrade - Administration - Login/input_Username_LoginControlUserName'

2020-02-04 15:27:44 - [TEST_STEP][PASSED] - setText(findTestObject("Object Repository/WebOffice/Page_Checkatrade - Administration - Login/input_Password_LoginControlPassword"), wo_Password): Text 'Check123' is set on object 'Object Repository/WebOffice/Page_Checkatrade - Administration - Login/input_Password_LoginControlPassword'

2020-02-04 15:27:45 - [MESSAGE][PASSED] - Text 'Check123' is set on object 'Object Repository/WebOffice/Page_Checkatrade - Administration - Login/input_Password_LoginControlPassword'

2020-02-04 15:27:45 - [TEST_STEP][PASSED] - click(findTestObject("Object Repository/WebOffice/Page_Checkatrade - Administration - Login/Login_Button")): Object: 'Object Repository/WebOffice/Page_Checkatrade - Administration - Login/Login_Button' is clicked on

2020-02-04 15:27:46 - [MESSAGE][PASSED] - Object: 'Object Repository/WebOffice/Page_Checkatrade - Administration - Login/Login_Button' is clicked on

2020-02-04 15:27:46 - [TEST_STEP][PASSED] - waitForPageLoad(60): Wait for page load successfully

2020-02-04 15:27:46 - [MESSAGE][PASSED] - Wait for page load successfully

2020-02-04 15:27:46 - [TEST_STEP][PASSED] - verifyTextPresent("Welcome " + wo_Username, false): Text 'Welcome DavidHo' is present on page 

2020-02-04 15:27:46 - [MESSAGE][PASSED] - Text 'Welcome DavidHo' is present on page 

2020-02-04 15:27:46 - [MESSAGE][PASSED] - Call Test Case 'Test Cases/Reusable_Test_Sequences/Web_Office/Directives/WebOffice_StartUp' successfully

2020-02-04 15:27:46 - [TEST_STEP][PASSED] - "--------------------------------------": null

2020-02-04 15:27:46 - [TEST_STEP][PASSED] - " Navigate to <Companies> Menu Item    |": null

2020-02-04 15:27:46 - [TEST_STEP][PASSED] - callTestCase(findTestCase("Reusable_Test_Sequences/Web_Office/navigation/Navigate_Advanced_Company_Search"), [:], STOP_ON_FAILURE): Call Test Case 'Test Cases/Reusable_Test_Sequences/Web_Office/navigation/Navigate_Advanced_Company_Search' successfully

2020-02-04 15:27:46 - [TEST_CASE][PASSED] - Test Cases/Reusable_Test_Sequences/Web_Office/navigation/Navigate_Advanced_Company_Search: Test Cases/Reusable_Test_Sequences/Web_Office/navigation/Navigate_Advanced_Company_Search

2020-02-04 15:27:46 - [TEST_STEP][PASSED] - "--------------------------------------": null

2020-02-04 15:27:46 - [TEST_STEP][PASSED] - " Navigate Top level menu Item         |": null

2020-02-04 15:27:46 - [TEST_STEP][PASSED] - waitForPageLoad(60): Wait for page load successfully

2020-02-04 15:27:46 - [MESSAGE][PASSED] - Wait for page load successfully

2020-02-04 15:27:46 - [TEST_STEP][PASSED] - waitForElementClickable(findTestObject("Object Repository/WebOffice_Home_page/a_Companies"), 60): Object 'Object Repository/WebOffice_Home_page/a_Companies' is clickable

2020-02-04 15:27:47 - [MESSAGE][PASSED] - Object 'Object Repository/WebOffice_Home_page/a_Companies' is clickable

2020-02-04 15:27:47 - [TEST_STEP][PASSED] - mouseOver(findTestObject("Object Repository/WebOffice_Home_page/a_Companies")): Object: 'Object Repository/WebOffice_Home_page/a_Companies' is hovered

2020-02-04 15:27:47 - [MESSAGE][PASSED] - Object: 'Object Repository/WebOffice_Home_page/a_Companies' is hovered

2020-02-04 15:27:47 - [TEST_STEP][PASSED] - waitForElementClickable(findTestObject("Object Repository/WebOffice_Home_page/a_Company_Advanced_Search"), 1): Object 'Object Repository/WebOffice_Home_page/a_Company_Advanced_Search' is clickable

2020-02-04 15:27:47 - [MESSAGE][PASSED] - Object 'Object Repository/WebOffice_Home_page/a_Company_Advanced_Search' is clickable

2020-02-04 15:27:47 - [TEST_STEP][PASSED] - click(findTestObject("Object Repository/WebOffice_Home_page/a_Company_Advanced_Search")): Object: 'Object Repository/WebOffice_Home_page/a_Company_Advanced_Search' is clicked on

2020-02-04 15:27:50 - [MESSAGE][PASSED] - Object: 'Object Repository/WebOffice_Home_page/a_Company_Advanced_Search' is clicked on

2020-02-04 15:27:50 - [MESSAGE][PASSED] - Call Test Case 'Test Cases/Reusable_Test_Sequences/Web_Office/navigation/Navigate_Advanced_Company_Search' successfully

2020-02-04 15:27:50 - [TEST_STEP][PASSED] - "--------------------------------------": null

2020-02-04 15:27:50 - [TEST_STEP][PASSED] - " LH Pane  - Apply Search Criteria     |": null

2020-02-04 15:27:50 - [TEST_STEP][PASSED] - callTestCase(findTestCase("Reusable_Test_Sequences/Web_Office/Actions/Set_Advanced_Company_Data"), [:], STOP_ON_FAILURE): Call Test Case 'Test Cases/Reusable_Test_Sequences/Web_Office/Actions/Set_Advanced_Company_Data' successfully

2020-02-04 15:27:50 - [TEST_CASE][PASSED] - Test Cases/Reusable_Test_Sequences/Web_Office/Actions/Set_Advanced_Company_Data: Test Cases/Reusable_Test_Sequences/Web_Office/Actions/Set_Advanced_Company_Data

2020-02-04 15:27:51 - [TEST_STEP][PASSED] - "--------------------------------": null

2020-02-04 15:27:51 - [TEST_STEP][PASSED] - "Read data from spreadsheet      |": null

2020-02-04 15:27:51 - [TEST_STEP][PASSED] - data = findTestData("Data Files/Advance_Company_Search_Data"): null

2020-02-04 15:27:51 - [TEST_STEP][PASSED] - Trader_ID = data.getValue("Trader_ID", row): null

2020-02-04 15:27:51 - [TEST_STEP][PASSED] - Limited_Company_Number = data.getValue("Limited_Company_Number", row): null

2020-02-04 15:27:51 - [TEST_STEP][PASSED] - Company_Name = data.getValue("Company_Name", row): null

2020-02-04 15:27:51 - [TEST_STEP][PASSED] - Owner_Surname = data.getValue("Owner_Surname", row): null

2020-02-04 15:27:51 - [TEST_STEP][PASSED] - Owner_DOB = data.getValue("Owner_DOB", row): null

2020-02-04 15:27:51 - [TEST_STEP][PASSED] - Name_House = data.getValue("Name_House", row): null

2020-02-04 15:27:51 - [TEST_STEP][PASSED] - Number_Street = data.getValue("Number_Street", row): null

2020-02-04 15:27:51 - [TEST_STEP][PASSED] - Town = data.getValue("Town", row): null

2020-02-04 15:27:51 - [TEST_STEP][PASSED] - City = data.getValue("City", row): null

2020-02-04 15:27:51 - [TEST_STEP][PASSED] - County = data.getValue("County", row): null

2020-02-04 15:27:51 - [TEST_STEP][PASSED] - Postcode = data.getValue("Postcode", row): null

2020-02-04 15:27:51 - [TEST_STEP][PASSED] - Tel = data.getValue("Tel", row): null

2020-02-04 15:27:51 - [TEST_STEP][PASSED] - Email = data.getValue("Email", row): null

2020-02-04 15:27:51 - [TEST_STEP][PASSED] - "slack": null

2020-02-04 15:27:51 - [TEST_STEP][PASSED] - "--------------------------------": null

2020-02-04 15:27:51 - [TEST_STEP][PASSED] - " Synchronisation                |": null

2020-02-04 15:27:51 - [TEST_STEP][PASSED] - waitForPageLoad(60): Wait for page load successfully

2020-02-04 15:27:51 - [MESSAGE][PASSED] - Wait for page load successfully

2020-02-04 15:27:51 - [TEST_STEP][PASSED] - waitForElementVisible(findTestObject("Web_Office_Advanced_Company_Search/Page_/input_Clear_ctl00ctl00CP1ctlSearchbtnSearch"), 60): Object 'Object Repository/Web_Office_Advanced_Company_Search/Page_/input_Clear_ctl00ctl00CP1ctlSearchbtnSearch' is visible

2020-02-04 15:27:51 - [MESSAGE][PASSED] - Object 'Object Repository/Web_Office_Advanced_Company_Search/Page_/input_Clear_ctl00ctl00CP1ctlSearchbtnSearch' is visible

2020-02-04 15:27:51 - [TEST_STEP][PASSED] - "https://admin.preview.checkatrade.com/Companies/Search.aspx": null

2020-02-04 15:27:51 - [TEST_STEP][PASSED] - "-------------------------------------------------------------------------------------------------------------------------------------": null

2020-02-04 15:27:51 - [TEST_STEP][PASSED] - setText(findTestObject("Web_Office_Advanced_Company_Search/Page_/table_Trader ID"), Trader_ID): Text '280592' is set on object 'Object Repository/Web_Office_Advanced_Company_Search/Page_/table_Trader ID'

2020-02-04 15:27:52 - [MESSAGE][PASSED] - Text '280592' is set on object 'Object Repository/Web_Office_Advanced_Company_Search/Page_/table_Trader ID'

2020-02-04 15:27:52 - [TEST_STEP][PASSED] - "-------------------------------------------------------------------------------------------------------------------------------------": null

2020-02-04 15:27:52 - [TEST_STEP][PASSED] - setText(findTestObject("Web_Office_Advanced_Company_Search/Page_/input_Limited Company Number"), Limited_Company_Number): Text '' is set on object 'Object Repository/Web_Office_Advanced_Company_Search/Page_/input_Limited Company Number'

2020-02-04 15:27:52 - [MESSAGE][PASSED] - Text '' is set on object 'Object Repository/Web_Office_Advanced_Company_Search/Page_/input_Limited Company Number'

2020-02-04 15:27:52 - [TEST_STEP][PASSED] - "-------------------------------------------------------------------------------------------------------------------------------------": null

2020-02-04 15:27:52 - [TEST_STEP][PASSED] - setText(findTestObject("Web_Office_Advanced_Company_Search/Page_/input_Company Name"), Company_Name): Text '' is set on object 'Object Repository/Web_Office_Advanced_Company_Search/Page_/input_Company Name'

2020-02-04 15:27:52 - [MESSAGE][PASSED] - Text '' is set on object 'Object Repository/Web_Office_Advanced_Company_Search/Page_/input_Company Name'

2020-02-04 15:27:52 - [TEST_STEP][PASSED] - "-------------------------------------------------------------------------------------------------------------------------------------": null

2020-02-04 15:27:52 - [TEST_STEP][PASSED] - "Set Owner_Date of Birth": null

2020-02-04 15:27:52 - [TEST_STEP][PASSED] - "-------------------------------------------------------------------------------------------------------------------------------------": null

2020-02-04 15:27:52 - [TEST_STEP][PASSED] - setText(findTestObject("Web_Office_Advanced_Company_Search/Page_/input_Owner Surname"), Owner_Surname): Text 'Brown' is set on object 'Object Repository/Web_Office_Advanced_Company_Search/Page_/input_Owner Surname'

2020-02-04 15:27:53 - [MESSAGE][PASSED] - Text 'Brown' is set on object 'Object Repository/Web_Office_Advanced_Company_Search/Page_/input_Owner Surname'

2020-02-04 15:27:53 - [TEST_STEP][PASSED] - "-------------------------------------------------------------------------------------------------------------------------------------": null

2020-02-04 15:27:53 - [TEST_STEP][PASSED] - setText(findTestObject("Web_Office_Advanced_Company_Search/Page_/input_Name Of House"), Name_House): Text '' is set on object 'Object Repository/Web_Office_Advanced_Company_Search/Page_/input_Name Of House'

2020-02-04 15:27:53 - [MESSAGE][PASSED] - Text '' is set on object 'Object Repository/Web_Office_Advanced_Company_Search/Page_/input_Name Of House'

2020-02-04 15:27:53 - [TEST_STEP][PASSED] - "-------------------------------------------------------------------------------------------------------------------------------------": null

2020-02-04 15:27:53 - [TEST_STEP][PASSED] - "Set Street": null

2020-02-04 15:27:53 - [TEST_STEP][PASSED] - "-------------------------------------------------------------------------------------------------------------------------------------": null

2020-02-04 15:27:53 - [TEST_STEP][PASSED] - setText(findTestObject("Web_Office_Advanced_Company_Search/Page_/input_Town"), Town): Text '' is set on object 'Object Repository/Web_Office_Advanced_Company_Search/Page_/input_Town'

2020-02-04 15:27:53 - [MESSAGE][PASSED] - Text '' is set on object 'Object Repository/Web_Office_Advanced_Company_Search/Page_/input_Town'

2020-02-04 15:27:53 - [TEST_STEP][PASSED] - "-------------------------------------------------------------------------------------------------------------------------------------": null

2020-02-04 15:27:53 - [TEST_STEP][PASSED] - setText(findTestObject("Web_Office_Advanced_Company_Search/Page_/input_City"), City): Text 'Haywards Heath' is set on object 'Object Repository/Web_Office_Advanced_Company_Search/Page_/input_City'

2020-02-04 15:27:55 - [MESSAGE][PASSED] - Text 'Haywards Heath' is set on object 'Object Repository/Web_Office_Advanced_Company_Search/Page_/input_City'

2020-02-04 15:27:55 - [TEST_STEP][PASSED] - "-------------------------------------------------------------------------------------------------------------------------------------": null

2020-02-04 15:27:55 - [TEST_STEP][PASSED] - setText(findTestObject("Web_Office_Advanced_Company_Search/Page_/input_County"), County): Text 'West Sussex' is set on object 'Object Repository/Web_Office_Advanced_Company_Search/Page_/input_County'

2020-02-04 15:27:56 - [MESSAGE][PASSED] - Text 'West Sussex' is set on object 'Object Repository/Web_Office_Advanced_Company_Search/Page_/input_County'

2020-02-04 15:27:56 - [TEST_STEP][PASSED] - "-------------------------------------------------------------------------------------------------------------------------------------": null

2020-02-04 15:27:56 - [TEST_STEP][PASSED] - setText(findTestObject("Web_Office_Advanced_Company_Search/Page_/input_Postcode"), Postcode): Text 'RH16 4ER' is set on object 'Object Repository/Web_Office_Advanced_Company_Search/Page_/input_Postcode'

2020-02-04 15:27:57 - [MESSAGE][PASSED] - Text 'RH16 4ER' is set on object 'Object Repository/Web_Office_Advanced_Company_Search/Page_/input_Postcode'

2020-02-04 15:27:57 - [TEST_STEP][PASSED] - "-------------------------------------------------------------------------------------------------------------------------------------": null

2020-02-04 15:27:57 - [TEST_STEP][PASSED] - setText(findTestObject("Web_Office_Advanced_Company_Search/Page_/input_Telephone"), Tel): Text '01444 657789' is set on object 'Object Repository/Web_Office_Advanced_Company_Search/Page_/input_Telephone'

2020-02-04 15:27:58 - [MESSAGE][PASSED] - Text '01444 657789' is set on object 'Object Repository/Web_Office_Advanced_Company_Search/Page_/input_Telephone'

2020-02-04 15:27:58 - [TEST_STEP][PASSED] - "-------------------------------------------------------------------------------------------------------------------------------------": null

2020-02-04 15:27:58 - [TEST_STEP][PASSED] - setText(findTestObject("Web_Office_Advanced_Company_Search/Page_/input_Email"), Email): Text 'gordon@drainboss.co.uk' is set on object 'Object Repository/Web_Office_Advanced_Company_Search/Page_/input_Email'

2020-02-04 15:27:59 - [MESSAGE][PASSED] - Text 'gordon@drainboss.co.uk' is set on object 'Object Repository/Web_Office_Advanced_Company_Search/Page_/input_Email'

2020-02-04 15:27:59 - [TEST_STEP][PASSED] - "Set Status": null

2020-02-04 15:27:59 - [TEST_STEP][PASSED] - "-------------------------------------------------------------------------------------------------------------------------------------": null

2020-02-04 15:27:59 - [TEST_STEP][PASSED] - "Status 3 Options": null

2020-02-04 15:27:59 - [TEST_STEP][PASSED] - "-------------------------------------------------------------------------------------------------------------------------------------": null

2020-02-04 15:27:59 - [TEST_STEP][PASSED] - "Set Type": null

2020-02-04 15:27:59 - [TEST_STEP][PASSED] - "-------------------------------------------------------------------------------------------------------------------------------------": null

2020-02-04 15:27:59 - [TEST_STEP][PASSED] - "Type 3 Options": null

2020-02-04 15:27:59 - [TEST_STEP][PASSED] - "-------------------------------------------------------------------------------------------------------------------------------------": null

2020-02-04 15:27:59 - [TEST_STEP][PASSED] - scrollToPosition(0, 0): Browser is scrolled to position x = 0, y = 0

2020-02-04 15:27:59 - [MESSAGE][PASSED] - Browser is scrolled to position x = 0, y = 0

2020-02-04 15:27:59 - [TEST_STEP][PASSED] - waitForElementClickable(findTestObject("Web_Office_Advanced_Company_Search/Page_/Top_Search_Button"), 5): Object 'Object Repository/Web_Office_Advanced_Company_Search/Page_/Top_Search_Button' is clickable

2020-02-04 15:27:59 - [MESSAGE][PASSED] - Object 'Object Repository/Web_Office_Advanced_Company_Search/Page_/Top_Search_Button' is clickable

2020-02-04 15:27:59 - [TEST_STEP][PASSED] - click(findTestObject("Web_Office_Advanced_Company_Search/Page_/Top_Search_Button")): Object: 'Object Repository/Web_Office_Advanced_Company_Search/Page_/Top_Search_Button' is clicked on

2020-02-04 15:28:04 - [MESSAGE][PASSED] - Object: 'Object Repository/Web_Office_Advanced_Company_Search/Page_/Top_Search_Button' is clicked on

2020-02-04 15:28:04 - [MESSAGE][PASSED] - Call Test Case 'Test Cases/Reusable_Test_Sequences/Web_Office/Actions/Set_Advanced_Company_Data' successfully

2020-02-04 15:28:04 - [TEST_STEP][PASSED] - "--------------------------------------": null

2020-02-04 15:28:04 - [TEST_STEP][PASSED] - " Select Returned Record to Verify     |": null

2020-02-04 15:28:04 - [TEST_STEP][PASSED] - callTestCase(findTestCase("Reusable_Test_Sequences/Web_Office/Actions/Select_Company"), [:], OPTIONAL): Call Test Case 'Test Cases/Reusable_Test_Sequences/Web_Office/Actions/Select_Company' successfully

2020-02-04 15:28:04 - [TEST_CASE][PASSED] - Test Cases/Reusable_Test_Sequences/Web_Office/Actions/Select_Company: Test Cases/Reusable_Test_Sequences/Web_Office/Actions/Select_Company

2020-02-04 15:28:04 - [TEST_STEP][PASSED] - waitForPageLoad(60): Wait for page load successfully

2020-02-04 15:28:04 - [MESSAGE][PASSED] - Wait for page load successfully

2020-02-04 15:28:04 - [TEST_STEP][PASSED] - waitForElementClickable(findTestObject("Web_Office_Advanced_Company_Search/Page_/td_Returned_Company"), 5): Object 'Object Repository/Web_Office_Advanced_Company_Search/Page_/td_Returned_Company' is clickable

2020-02-04 15:28:04 - [MESSAGE][PASSED] - Object 'Object Repository/Web_Office_Advanced_Company_Search/Page_/td_Returned_Company' is clickable

2020-02-04 15:28:04 - [TEST_STEP][PASSED] - "-------------------------------------------------------------------------------------------------------------------------------------": null

2020-02-04 15:28:04 - [TEST_STEP][PASSED] - click(findTestObject("Web_Office_Advanced_Company_Search/Page_/td_Returned_Company")): Object: 'Object Repository/Web_Office_Advanced_Company_Search/Page_/td_Returned_Company' is clicked on

2020-02-04 15:28:06 - [MESSAGE][PASSED] - Object: 'Object Repository/Web_Office_Advanced_Company_Search/Page_/td_Returned_Company' is clicked on

2020-02-04 15:28:06 - [MESSAGE][PASSED] - Call Test Case 'Test Cases/Reusable_Test_Sequences/Web_Office/Actions/Select_Company' successfully

2020-02-04 15:28:06 - [TEST_STEP][PASSED] - "--------------------------------------": null

2020-02-04 15:28:06 - [TEST_STEP][PASSED] - " Verify Returned Company Record       |": null

2020-02-04 15:28:06 - [TEST_STEP][PASSED] - callTestCase(findTestCase("Reusable_Test_Sequences/Web_Office/Verification/Company_Returned_Advanced_Search_Record"), [:], OPTIONAL): Call Test Case 'Test Cases/Reusable_Test_Sequences/Web_Office/Verification/Company_Returned_Advanced_Search_Record' successfully

2020-02-04 15:28:06 - [TEST_CASE][PASSED] - Test Cases/Reusable_Test_Sequences/Web_Office/Verification/Company_Returned_Advanced_Search_Record: Test Cases/Reusable_Test_Sequences/Web_Office/Verification/Company_Returned_Advanced_Search_Record

2020-02-04 15:28:07 - [TEST_STEP][PASSED] - "--------------------------------": null

2020-02-04 15:28:07 - [TEST_STEP][PASSED] - "Read data from spreadsheet      | r_ = Returned Data": null

2020-02-04 15:28:07 - [TEST_STEP][PASSED] - data = findTestData("Data Files/Advance_Company_Search_Data"): null

2020-02-04 15:28:07 - [TEST_STEP][PASSED] - Trader_ID = data.getValue("Trader_ID", row): null

2020-02-04 15:28:07 - [TEST_STEP][PASSED] - Limited_Company_Number = data.getValue("Limited_Company_Number", row): null

2020-02-04 15:28:07 - [TEST_STEP][PASSED] - Company_Name = data.getValue("Company_Name", row): null

2020-02-04 15:28:07 - [TEST_STEP][PASSED] - Owner_Surname = data.getValue("Owner_Surname", row): null

2020-02-04 15:28:07 - [TEST_STEP][PASSED] - Owner_DOB = data.getValue("Owner_DOB", row): null

2020-02-04 15:28:07 - [TEST_STEP][PASSED] - Name_House = data.getValue("Name_House", row): null

2020-02-04 15:28:07 - [TEST_STEP][PASSED] - Number_Street = data.getValue("Number_Street", row): null

2020-02-04 15:28:07 - [TEST_STEP][PASSED] - Town = data.getValue("Town", row): null

2020-02-04 15:28:07 - [TEST_STEP][PASSED] - City = data.getValue("City", row): null

2020-02-04 15:28:07 - [TEST_STEP][PASSED] - County = data.getValue("County", row): null

2020-02-04 15:28:07 - [TEST_STEP][PASSED] - Postcode = data.getValue("Postcode", row): null

2020-02-04 15:28:07 - [TEST_STEP][PASSED] - Tel = data.getValue("Tel", row): null

2020-02-04 15:28:07 - [TEST_STEP][PASSED] - Email = data.getValue("Email", row): null

2020-02-04 15:28:07 - [TEST_STEP][PASSED] - "--------------------------------": null

2020-02-04 15:28:07 - [TEST_STEP][PASSED] - "Read data from spreadsheet      |": null

2020-02-04 15:28:07 - [TEST_STEP][PASSED] - Actual_Page_Text = "": null

2020-02-04 15:28:07 - [TEST_STEP][PASSED] - Expected_Page_Text = "": null

2020-02-04 15:28:07 - [TEST_STEP][PASSED] - waitForPageLoad(60): Wait for page load successfully

2020-02-04 15:28:07 - [MESSAGE][PASSED] - Wait for page load successfully

2020-02-04 15:28:07 - [TEST_STEP][PASSED] - delay(1): Delayed 1 second(s)

2020-02-04 15:28:08 - [MESSAGE][PASSED] - Delayed 1 second(s)

2020-02-04 15:28:08 - [TEST_STEP][PASSED] - "---------------------------------------------------------------------------------------------------------------------": null

2020-02-04 15:28:08 - [TEST_STEP][PASSED] - "HEADER DETAIL - iFrame": null

2020-02-04 15:28:08 - [TEST_STEP][PASSED] - "-----------------": null

2020-02-04 15:28:08 - [TEST_STEP][PASSED] - "PAGE_HEADER TEXT |": null

2020-02-04 15:28:08 - [TEST_STEP][PASSED] - verifyTextPresent(findTestData("Data Files/Advance_Company_Search_Data").getValue("Page_Header_Text", row), false): Text 'BLOCKED DRAINS' is present on page 

2020-02-04 15:28:09 - [MESSAGE][PASSED] - Text 'BLOCKED DRAINS' is present on page 

2020-02-04 15:28:09 - [TEST_STEP][PASSED] - "----------------": null

2020-02-04 15:28:09 - [TEST_STEP][PASSED] - "Email Address   |": null

2020-02-04 15:28:09 - [TEST_STEP][PASSED] - verifyTextPresent(findTestData("Data Files/Advance_Company_Search_Data").getValue("Email", row), false): Text 'gordon@drainboss.co.uk' is present on page 

2020-02-04 15:28:09 - [MESSAGE][PASSED] - Text 'gordon@drainboss.co.uk' is present on page 

2020-02-04 15:28:09 - [TEST_STEP][PASSED] - "----------------": null

2020-02-04 15:28:09 - [TEST_STEP][PASSED] - "Phone Number    |": null

2020-02-04 15:28:09 - [TEST_STEP][PASSED] - verifyTextPresent(findTestData("Data Files/Advance_Company_Search_Data").getValue("Tel", row), false): Text '01444 657789' is present on page 

2020-02-04 15:28:09 - [MESSAGE][PASSED] - Text '01444 657789' is present on page 

2020-02-04 15:28:09 - [TEST_STEP][PASSED] - "----------------": null

2020-02-04 15:28:09 - [TEST_STEP][PASSED] - "Trader ID       |": null

2020-02-04 15:28:09 - [TEST_STEP][PASSED] - verifyTextPresent(findTestData("Data Files/Advance_Company_Search_Data").getValue("Trader_ID", row), false): Text '280592' is present on page 

2020-02-04 15:28:10 - [MESSAGE][PASSED] - Text '280592' is present on page 

2020-02-04 15:28:10 - [TEST_STEP][PASSED] - "----------------": null

2020-02-04 15:28:10 - [TEST_STEP][PASSED] - "Postcode        |": null

2020-02-04 15:28:10 - [TEST_STEP][PASSED] - verifyTextPresent(findTestData("Data Files/Advance_Company_Search_Data").getValue("Postcode", row), false): Text 'RH16 4ER' is present on page 

2020-02-04 15:28:10 - [MESSAGE][PASSED] - Text 'RH16 4ER' is present on page 

2020-02-04 15:28:10 - [TEST_STEP][PASSED] - "----------------": null

2020-02-04 15:28:10 - [TEST_STEP][PASSED] - "Full Name       |": null

2020-02-04 15:28:10 - [TEST_STEP][PASSED] - verifyTextPresent(findTestData("Data Files/Advance_Company_Search_Data").getValue("Full_Name", row), false): Text 'Mr Gordon Brown' is present on page 

2020-02-04 15:28:11 - [MESSAGE][PASSED] - Text 'Mr Gordon Brown' is present on page 

2020-02-04 15:28:11 - [TEST_STEP][PASSED] - "----------------": null

2020-02-04 15:28:11 - [TEST_STEP][PASSED] - "Date of Birth   |": null

2020-02-04 15:28:11 - [TEST_STEP][PASSED] - verifyTextPresent(findTestData("Data Files/Advance_Company_Search_Data").getValue("Owner_DOB", row), false): Text 'DoB: 23/01/1967' is present on page 

2020-02-04 15:28:11 - [MESSAGE][PASSED] - Text 'DoB: 23/01/1967' is present on page 

2020-02-04 15:28:11 - [TEST_STEP][PASSED] - "----------------": null

2020-02-04 15:28:11 - [TEST_STEP][PASSED] - "Full Address    |": null

2020-02-04 15:28:11 - [TEST_STEP][PASSED] - verifyTextPresent(findTestData("Data Files/Advance_Company_Search_Data").getValue("Full_Address", row), false): Text '2 Redwood Drive, Haywards Heath, West Sussex, RH16 4ER' is present on page 

2020-02-04 15:28:12 - [MESSAGE][PASSED] - Text '2 Redwood Drive, Haywards Heath, West Sussex, RH16 4ER' is present on page 

2020-02-04 15:28:12 - [MESSAGE][PASSED] - Call Test Case 'Test Cases/Reusable_Test_Sequences/Web_Office/Verification/Company_Returned_Advanced_Search_Record' successfully

2020-02-04 15:28:12 - [TEST_STEP][PASSED] - "--------------------------": null

2020-02-04 15:28:12 - [TEST_STEP][PASSED] - " Teardown - CLose Browser |": null

2020-02-04 15:28:12 - [TEST_STEP][PASSED] - callTestCase(findTestCase("Reusable_Test_Sequences/CAT_Teardown"), [:], OPTIONAL): Call Test Case 'Test Cases/Reusable_Test_Sequences/CAT_Teardown' successfully

2020-02-04 15:28:12 - [TEST_CASE][PASSED] - Test Cases/Reusable_Test_Sequences/CAT_Teardown: Test Cases/Reusable_Test_Sequences/CAT_Teardown

2020-02-04 15:28:12 - [TEST_STEP][PASSED] - closeBrowser(): Browser is closed

2020-02-04 15:28:13 - [MESSAGE][PASSED] - Browser is closed

2020-02-04 15:28:13 - [MESSAGE][PASSED] - Call Test Case 'Test Cases/Reusable_Test_Sequences/CAT_Teardown' successfully

2020-02-04 15:28:13 - [TEST_STEP][PASSED] - "--------------------------------------": null

2020-02-04 15:28:13 - [TEST_STEP][PASSED] - " Web Office StartUp                  |": null

2020-02-04 15:28:13 - [TEST_STEP][PASSED] - callTestCase(findTestCase("Reusable_Test_Sequences/Web_Office/Directives/WebOffice_StartUp"), [:], STOP_ON_FAILURE): Call Test Case 'Test Cases/Reusable_Test_Sequences/Web_Office/Directives/WebOffice_StartUp' successfully

2020-02-04 15:28:13 - [TEST_CASE][PASSED] - Test Cases/Reusable_Test_Sequences/Web_Office/Directives/WebOffice_StartUp: Test Cases/Reusable_Test_Sequences/Web_Office/Directives/WebOffice_StartUp

2020-02-04 15:28:13 - [TEST_STEP][PASSED] - if (URL == "https://www.preview.checkatrade.com/"): null

2020-02-04 15:28:13 - [TEST_STEP][PASSED] - WebOfficeURL = "https://admin.preview.checkatrade.com/": null

2020-02-04 15:28:13 - [TEST_STEP][PASSED] - if (URL == "https://www.checkatrade.com/"): null

2020-02-04 15:28:13 - [TEST_STEP][PASSED] - "Set Function Area for "URL_Handler", URL Resolution": null

2020-02-04 15:28:13 - [TEST_STEP][PASSED] - "Do Some Magic with URL(s) See the comments within URL Handler ": null

2020-02-04 15:28:13 - [TEST_STEP][PASSED] - "------------------------------------------------": null

2020-02-04 15:28:13 - [TEST_STEP][PASSED] - "Moved Login Credentials to <Default> profile 22/01/2020": null

2020-02-04 15:28:13 - [TEST_STEP][PASSED] - "------------------------------------------------": null

2020-02-04 15:28:13 - [TEST_STEP][PASSED] - "WebOfficeURL - Set from the ENVIRONMENT PROFILE ": null

2020-02-04 15:28:13 - [TEST_STEP][PASSED] - "OPEN BROWSER": null

2020-02-04 15:28:13 - [TEST_STEP][PASSED] - "eg - https://admin.preview.checkatrade.com/  ": null

2020-02-04 15:28:13 - [TEST_STEP][PASSED] - openBrowser(WebOfficeURL): Browser is opened with url: 'https://admin.preview.checkatrade.com/'

2020-02-04 15:28:13 - [MESSAGE][INFO] - Starting 'Chrome' driver

2020-02-04 15:28:20 - [MESSAGE][PASSED] - Browser is opened with url: 'https://admin.preview.checkatrade.com/'

2020-02-04 15:28:20 - [TEST_STEP][PASSED] - maximizeWindow(): Current window maximized

2020-02-04 15:28:24 - [MESSAGE][PASSED] - Current window maximized

2020-02-04 15:28:24 - [TEST_STEP][PASSED] - waitForElementClickable(findTestObject("Object Repository/WebOffice/Page_Checkatrade - Administration - Login/Login_Button"), 25): Object 'Object Repository/WebOffice/Page_Checkatrade - Administration - Login/Login_Button' is clickable

2020-02-04 15:28:25 - [MESSAGE][PASSED] - Object 'Object Repository/WebOffice/Page_Checkatrade - Administration - Login/Login_Button' is clickable

2020-02-04 15:28:25 - [TEST_STEP][PASSED] - verifyTextPresent("Checkatrade Web Office", false): Text 'Checkatrade Web Office' is present on page 

2020-02-04 15:28:25 - [MESSAGE][PASSED] - Text 'Checkatrade Web Office' is present on page 

2020-02-04 15:28:25 - [TEST_STEP][PASSED] - verifyTextPresent("Access for staff use only", false): Text 'Access for staff use only' is present on page 

2020-02-04 15:28:25 - [MESSAGE][PASSED] - Text 'Access for staff use only' is present on page 

2020-02-04 15:28:25 - [TEST_STEP][PASSED] - verifyTextPresent("Forgotten password?", false): Text 'Forgotten password?' is present on page 

2020-02-04 15:28:25 - [MESSAGE][PASSED] - Text 'Forgotten password?' is present on page 

2020-02-04 15:28:25 - [TEST_STEP][PASSED] - setText(findTestObject("Object Repository/WebOffice/Page_Checkatrade - Administration - Login/input_Username_LoginControlUserName"), wo_Username): Text 'DavidHo' is set on object 'Object Repository/WebOffice/Page_Checkatrade - Administration - Login/input_Username_LoginControlUserName'

2020-02-04 15:28:26 - [MESSAGE][PASSED] - Text 'DavidHo' is set on object 'Object Repository/WebOffice/Page_Checkatrade - Administration - Login/input_Username_LoginControlUserName'

2020-02-04 15:28:26 - [TEST_STEP][PASSED] - setText(findTestObject("Object Repository/WebOffice/Page_Checkatrade - Administration - Login/input_Password_LoginControlPassword"), wo_Password): Text 'Check123' is set on object 'Object Repository/WebOffice/Page_Checkatrade - Administration - Login/input_Password_LoginControlPassword'

2020-02-04 15:28:26 - [MESSAGE][PASSED] - Text 'Check123' is set on object 'Object Repository/WebOffice/Page_Checkatrade - Administration - Login/input_Password_LoginControlPassword'

2020-02-04 15:28:26 - [TEST_STEP][PASSED] - click(findTestObject("Object Repository/WebOffice/Page_Checkatrade - Administration - Login/Login_Button")): Object: 'Object Repository/WebOffice/Page_Checkatrade - Administration - Login/Login_Button' is clicked on

2020-02-04 15:28:29 - [MESSAGE][PASSED] - Object: 'Object Repository/WebOffice/Page_Checkatrade - Administration - Login/Login_Button' is clicked on

2020-02-04 15:28:29 - [TEST_STEP][PASSED] - waitForPageLoad(60): Wait for page load successfully

2020-02-04 15:28:29 - [MESSAGE][PASSED] - Wait for page load successfully

2020-02-04 15:28:29 - [TEST_STEP][PASSED] - verifyTextPresent("Welcome " + wo_Username, false): Text 'Welcome DavidHo' is present on page 

2020-02-04 15:28:29 - [MESSAGE][PASSED] - Text 'Welcome DavidHo' is present on page 

2020-02-04 15:28:29 - [MESSAGE][PASSED] - Call Test Case 'Test Cases/Reusable_Test_Sequences/Web_Office/Directives/WebOffice_StartUp' successfully

2020-02-04 15:28:29 - [TEST_STEP][PASSED] - "--------------------------------------": null

2020-02-04 15:28:29 - [TEST_STEP][PASSED] - " Navigate to <Companies> Menu Item    |": null

2020-02-04 15:28:29 - [TEST_STEP][PASSED] - callTestCase(findTestCase("Reusable_Test_Sequences/Web_Office/navigation/Navigate_Advanced_Company_Search"), [:], STOP_ON_FAILURE): Call Test Case 'Test Cases/Reusable_Test_Sequences/Web_Office/navigation/Navigate_Advanced_Company_Search' successfully

2020-02-04 15:28:29 - [TEST_CASE][PASSED] - Test Cases/Reusable_Test_Sequences/Web_Office/navigation/Navigate_Advanced_Company_Search: Test Cases/Reusable_Test_Sequences/Web_Office/navigation/Navigate_Advanced_Company_Search

2020-02-04 15:28:29 - [TEST_STEP][PASSED] - "--------------------------------------": null

2020-02-04 15:28:29 - [TEST_STEP][PASSED] - " Navigate Top level menu Item         |": null

2020-02-04 15:28:29 - [TEST_STEP][PASSED] - waitForPageLoad(60): Wait for page load successfully

2020-02-04 15:28:29 - [MESSAGE][PASSED] - Wait for page load successfully

2020-02-04 15:28:29 - [TEST_STEP][PASSED] - waitForElementClickable(findTestObject("Object Repository/WebOffice_Home_page/a_Companies"), 60): Object 'Object Repository/WebOffice_Home_page/a_Companies' is clickable

2020-02-04 15:28:30 - [MESSAGE][PASSED] - Object 'Object Repository/WebOffice_Home_page/a_Companies' is clickable

2020-02-04 15:28:30 - [TEST_STEP][PASSED] - mouseOver(findTestObject("Object Repository/WebOffice_Home_page/a_Companies")): Object: 'Object Repository/WebOffice_Home_page/a_Companies' is hovered

2020-02-04 15:28:30 - [MESSAGE][PASSED] - Object: 'Object Repository/WebOffice_Home_page/a_Companies' is hovered

2020-02-04 15:28:30 - [TEST_STEP][PASSED] - waitForElementClickable(findTestObject("Object Repository/WebOffice_Home_page/a_Company_Advanced_Search"), 1): Object 'Object Repository/WebOffice_Home_page/a_Company_Advanced_Search' is clickable

2020-02-04 15:28:31 - [MESSAGE][PASSED] - Object 'Object Repository/WebOffice_Home_page/a_Company_Advanced_Search' is clickable

2020-02-04 15:28:31 - [TEST_STEP][PASSED] - click(findTestObject("Object Repository/WebOffice_Home_page/a_Company_Advanced_Search")): Object: 'Object Repository/WebOffice_Home_page/a_Company_Advanced_Search' is clicked on

2020-02-04 15:28:34 - [MESSAGE][PASSED] - Object: 'Object Repository/WebOffice_Home_page/a_Company_Advanced_Search' is clicked on

2020-02-04 15:28:34 - [MESSAGE][PASSED] - Call Test Case 'Test Cases/Reusable_Test_Sequences/Web_Office/navigation/Navigate_Advanced_Company_Search' successfully

2020-02-04 15:28:34 - [TEST_STEP][PASSED] - "--------------------------------------": null

2020-02-04 15:28:34 - [TEST_STEP][PASSED] - " LH Pane  - Apply Search Criteria     |": null

2020-02-04 15:28:34 - [TEST_STEP][PASSED] - callTestCase(findTestCase("Reusable_Test_Sequences/Web_Office/Actions/Set_Advanced_Company_Data"), [:], STOP_ON_FAILURE): Call Test Case 'Test Cases/Reusable_Test_Sequences/Web_Office/Actions/Set_Advanced_Company_Data' successfully

2020-02-04 15:28:35 - [TEST_CASE][PASSED] - Test Cases/Reusable_Test_Sequences/Web_Office/Actions/Set_Advanced_Company_Data: Test Cases/Reusable_Test_Sequences/Web_Office/Actions/Set_Advanced_Company_Data

2020-02-04 15:28:35 - [TEST_STEP][PASSED] - "--------------------------------": null

2020-02-04 15:28:35 - [TEST_STEP][PASSED] - "Read data from spreadsheet      |": null

2020-02-04 15:28:35 - [TEST_STEP][PASSED] - data = findTestData("Data Files/Advance_Company_Search_Data"): null

2020-02-04 15:28:35 - [TEST_STEP][PASSED] - Trader_ID = data.getValue("Trader_ID", row): null

2020-02-04 15:28:35 - [TEST_STEP][PASSED] - Limited_Company_Number = data.getValue("Limited_Company_Number", row): null

2020-02-04 15:28:35 - [TEST_STEP][PASSED] - Company_Name = data.getValue("Company_Name", row): null

2020-02-04 15:28:35 - [TEST_STEP][PASSED] - Owner_Surname = data.getValue("Owner_Surname", row): null

2020-02-04 15:28:35 - [TEST_STEP][PASSED] - Owner_DOB = data.getValue("Owner_DOB", row): null

2020-02-04 15:28:35 - [TEST_STEP][PASSED] - Name_House = data.getValue("Name_House", row): null

2020-02-04 15:28:35 - [TEST_STEP][PASSED] - Number_Street = data.getValue("Number_Street", row): null

2020-02-04 15:28:35 - [TEST_STEP][PASSED] - Town = data.getValue("Town", row): null

2020-02-04 15:28:35 - [TEST_STEP][PASSED] - City = data.getValue("City", row): null

2020-02-04 15:28:35 - [TEST_STEP][PASSED] - County = data.getValue("County", row): null

2020-02-04 15:28:35 - [TEST_STEP][PASSED] - Postcode = data.getValue("Postcode", row): null

2020-02-04 15:28:35 - [TEST_STEP][PASSED] - Tel = data.getValue("Tel", row): null

2020-02-04 15:28:35 - [TEST_STEP][PASSED] - Email = data.getValue("Email", row): null

2020-02-04 15:28:35 - [TEST_STEP][PASSED] - "slack": null

2020-02-04 15:28:35 - [TEST_STEP][PASSED] - "--------------------------------": null

2020-02-04 15:28:35 - [TEST_STEP][PASSED] - " Synchronisation                |": null

2020-02-04 15:28:35 - [TEST_STEP][PASSED] - waitForPageLoad(60): Wait for page load successfully

2020-02-04 15:28:35 - [MESSAGE][PASSED] - Wait for page load successfully

2020-02-04 15:28:35 - [TEST_STEP][PASSED] - waitForElementVisible(findTestObject("Web_Office_Advanced_Company_Search/Page_/input_Clear_ctl00ctl00CP1ctlSearchbtnSearch"), 60): Object 'Object Repository/Web_Office_Advanced_Company_Search/Page_/input_Clear_ctl00ctl00CP1ctlSearchbtnSearch' is visible

2020-02-04 15:28:35 - [MESSAGE][PASSED] - Object 'Object Repository/Web_Office_Advanced_Company_Search/Page_/input_Clear_ctl00ctl00CP1ctlSearchbtnSearch' is visible

2020-02-04 15:28:35 - [TEST_STEP][PASSED] - "https://admin.preview.checkatrade.com/Companies/Search.aspx": null

2020-02-04 15:28:35 - [TEST_STEP][PASSED] - "-------------------------------------------------------------------------------------------------------------------------------------": null

2020-02-04 15:28:35 - [TEST_STEP][PASSED] - setText(findTestObject("Web_Office_Advanced_Company_Search/Page_/table_Trader ID"), Trader_ID): Text '280592' is set on object 'Object Repository/Web_Office_Advanced_Company_Search/Page_/table_Trader ID'

2020-02-04 15:28:36 - [MESSAGE][PASSED] - Text '280592' is set on object 'Object Repository/Web_Office_Advanced_Company_Search/Page_/table_Trader ID'

2020-02-04 15:28:36 - [TEST_STEP][PASSED] - "-------------------------------------------------------------------------------------------------------------------------------------": null

2020-02-04 15:28:36 - [TEST_STEP][PASSED] - setText(findTestObject("Web_Office_Advanced_Company_Search/Page_/input_Limited Company Number"), Limited_Company_Number): Text '' is set on object 'Object Repository/Web_Office_Advanced_Company_Search/Page_/input_Limited Company Number'

2020-02-04 15:28:36 - [MESSAGE][PASSED] - Text '' is set on object 'Object Repository/Web_Office_Advanced_Company_Search/Page_/input_Limited Company Number'

2020-02-04 15:28:36 - [TEST_STEP][PASSED] - "-------------------------------------------------------------------------------------------------------------------------------------": null

2020-02-04 15:28:36 - [TEST_STEP][PASSED] - setText(findTestObject("Web_Office_Advanced_Company_Search/Page_/input_Company Name"), Company_Name): Text '' is set on object 'Object Repository/Web_Office_Advanced_Company_Search/Page_/input_Company Name'

2020-02-04 15:28:36 - [MESSAGE][PASSED] - Text '' is set on object 'Object Repository/Web_Office_Advanced_Company_Search/Page_/input_Company Name'

2020-02-04 15:28:36 - [TEST_STEP][PASSED] - "-------------------------------------------------------------------------------------------------------------------------------------": null

2020-02-04 15:28:36 - [TEST_STEP][PASSED] - "Set Owner_Date of Birth": null

2020-02-04 15:28:36 - [TEST_STEP][PASSED] - "-------------------------------------------------------------------------------------------------------------------------------------": null

2020-02-04 15:28:36 - [TEST_STEP][PASSED] - setText(findTestObject("Web_Office_Advanced_Company_Search/Page_/input_Owner Surname"), Owner_Surname): Text '' is set on object 'Object Repository/Web_Office_Advanced_Company_Search/Page_/input_Owner Surname'

2020-02-04 15:28:36 - [MESSAGE][PASSED] - Text '' is set on object 'Object Repository/Web_Office_Advanced_Company_Search/Page_/input_Owner Surname'

2020-02-04 15:28:36 - [TEST_STEP][PASSED] - "-------------------------------------------------------------------------------------------------------------------------------------": null

2020-02-04 15:28:36 - [TEST_STEP][PASSED] - setText(findTestObject("Web_Office_Advanced_Company_Search/Page_/input_Name Of House"), Name_House): Text '' is set on object 'Object Repository/Web_Office_Advanced_Company_Search/Page_/input_Name Of House'

2020-02-04 15:28:36 - [MESSAGE][PASSED] - Text '' is set on object 'Object Repository/Web_Office_Advanced_Company_Search/Page_/input_Name Of House'

2020-02-04 15:28:36 - [TEST_STEP][PASSED] - "-------------------------------------------------------------------------------------------------------------------------------------": null

2020-02-04 15:28:36 - [TEST_STEP][PASSED] - "Set Street": null

2020-02-04 15:28:36 - [TEST_STEP][PASSED] - "-------------------------------------------------------------------------------------------------------------------------------------": null

2020-02-04 15:28:36 - [TEST_STEP][PASSED] - setText(findTestObject("Web_Office_Advanced_Company_Search/Page_/input_Town"), Town): Text '' is set on object 'Object Repository/Web_Office_Advanced_Company_Search/Page_/input_Town'

2020-02-04 15:28:37 - [MESSAGE][PASSED] - Text '' is set on object 'Object Repository/Web_Office_Advanced_Company_Search/Page_/input_Town'

2020-02-04 15:28:37 - [TEST_STEP][PASSED] - "-------------------------------------------------------------------------------------------------------------------------------------": null

2020-02-04 15:28:37 - [TEST_STEP][PASSED] - setText(findTestObject("Web_Office_Advanced_Company_Search/Page_/input_City"), City): Text '' is set on object 'Object Repository/Web_Office_Advanced_Company_Search/Page_/input_City'

2020-02-04 15:28:37 - [MESSAGE][PASSED] - Text '' is set on object 'Object Repository/Web_Office_Advanced_Company_Search/Page_/input_City'

2020-02-04 15:28:37 - [TEST_STEP][PASSED] - "-------------------------------------------------------------------------------------------------------------------------------------": null

2020-02-04 15:28:37 - [TEST_STEP][PASSED] - setText(findTestObject("Web_Office_Advanced_Company_Search/Page_/input_County"), County): Text '' is set on object 'Object Repository/Web_Office_Advanced_Company_Search/Page_/input_County'

2020-02-04 15:28:37 - [MESSAGE][PASSED] - Text '' is set on object 'Object Repository/Web_Office_Advanced_Company_Search/Page_/input_County'

2020-02-04 15:28:37 - [TEST_STEP][PASSED] - "-------------------------------------------------------------------------------------------------------------------------------------": null

2020-02-04 15:28:37 - [TEST_STEP][PASSED] - setText(findTestObject("Web_Office_Advanced_Company_Search/Page_/input_Postcode"), Postcode): Text '' is set on object 'Object Repository/Web_Office_Advanced_Company_Search/Page_/input_Postcode'

2020-02-04 15:28:37 - [MESSAGE][PASSED] - Text '' is set on object 'Object Repository/Web_Office_Advanced_Company_Search/Page_/input_Postcode'

2020-02-04 15:28:37 - [TEST_STEP][PASSED] - "-------------------------------------------------------------------------------------------------------------------------------------": null

2020-02-04 15:28:37 - [TEST_STEP][PASSED] - setText(findTestObject("Web_Office_Advanced_Company_Search/Page_/input_Telephone"), Tel): Text '' is set on object 'Object Repository/Web_Office_Advanced_Company_Search/Page_/input_Telephone'

2020-02-04 15:28:37 - [MESSAGE][PASSED] - Text '' is set on object 'Object Repository/Web_Office_Advanced_Company_Search/Page_/input_Telephone'

2020-02-04 15:28:37 - [TEST_STEP][PASSED] - "-------------------------------------------------------------------------------------------------------------------------------------": null

2020-02-04 15:28:37 - [TEST_STEP][PASSED] - setText(findTestObject("Web_Office_Advanced_Company_Search/Page_/input_Email"), Email): Text '' is set on object 'Object Repository/Web_Office_Advanced_Company_Search/Page_/input_Email'

2020-02-04 15:28:38 - [MESSAGE][PASSED] - Text '' is set on object 'Object Repository/Web_Office_Advanced_Company_Search/Page_/input_Email'

2020-02-04 15:28:38 - [TEST_STEP][PASSED] - "Set Status": null

2020-02-04 15:28:38 - [TEST_STEP][PASSED] - "-------------------------------------------------------------------------------------------------------------------------------------": null

2020-02-04 15:28:38 - [TEST_STEP][PASSED] - "Status 3 Options": null

2020-02-04 15:28:38 - [TEST_STEP][PASSED] - "-------------------------------------------------------------------------------------------------------------------------------------": null

2020-02-04 15:28:38 - [TEST_STEP][PASSED] - "Set Type": null

2020-02-04 15:28:38 - [TEST_STEP][PASSED] - "-------------------------------------------------------------------------------------------------------------------------------------": null

2020-02-04 15:28:38 - [TEST_STEP][PASSED] - "Type 3 Options": null

2020-02-04 15:28:38 - [TEST_STEP][PASSED] - "-------------------------------------------------------------------------------------------------------------------------------------": null

2020-02-04 15:28:38 - [TEST_STEP][PASSED] - scrollToPosition(0, 0): Browser is scrolled to position x = 0, y = 0

2020-02-04 15:28:38 - [MESSAGE][PASSED] - Browser is scrolled to position x = 0, y = 0

2020-02-04 15:28:38 - [TEST_STEP][PASSED] - waitForElementClickable(findTestObject("Web_Office_Advanced_Company_Search/Page_/Top_Search_Button"), 5): Object 'Object Repository/Web_Office_Advanced_Company_Search/Page_/Top_Search_Button' is clickable

2020-02-04 15:28:38 - [MESSAGE][PASSED] - Object 'Object Repository/Web_Office_Advanced_Company_Search/Page_/Top_Search_Button' is clickable

2020-02-04 15:28:38 - [TEST_STEP][PASSED] - click(findTestObject("Web_Office_Advanced_Company_Search/Page_/Top_Search_Button")): Object: 'Object Repository/Web_Office_Advanced_Company_Search/Page_/Top_Search_Button' is clicked on

2020-02-04 15:28:42 - [MESSAGE][PASSED] - Object: 'Object Repository/Web_Office_Advanced_Company_Search/Page_/Top_Search_Button' is clicked on

2020-02-04 15:28:42 - [MESSAGE][PASSED] - Call Test Case 'Test Cases/Reusable_Test_Sequences/Web_Office/Actions/Set_Advanced_Company_Data' successfully

2020-02-04 15:28:42 - [TEST_STEP][PASSED] - "--------------------------------------": null

2020-02-04 15:28:42 - [TEST_STEP][PASSED] - " Select Returned Record to Verify     |": null

2020-02-04 15:28:42 - [TEST_STEP][PASSED] - callTestCase(findTestCase("Reusable_Test_Sequences/Web_Office/Actions/Select_Company"), [:], OPTIONAL): Call Test Case 'Test Cases/Reusable_Test_Sequences/Web_Office/Actions/Select_Company' successfully

2020-02-04 15:28:42 - [TEST_CASE][PASSED] - Test Cases/Reusable_Test_Sequences/Web_Office/Actions/Select_Company: Test Cases/Reusable_Test_Sequences/Web_Office/Actions/Select_Company

2020-02-04 15:28:42 - [TEST_STEP][PASSED] - waitForPageLoad(60): Wait for page load successfully

2020-02-04 15:28:42 - [MESSAGE][PASSED] - Wait for page load successfully

2020-02-04 15:28:42 - [TEST_STEP][PASSED] - waitForElementClickable(findTestObject("Web_Office_Advanced_Company_Search/Page_/td_Returned_Company"), 5): Object 'Object Repository/Web_Office_Advanced_Company_Search/Page_/td_Returned_Company' is clickable

2020-02-04 15:28:42 - [MESSAGE][PASSED] - Object 'Object Repository/Web_Office_Advanced_Company_Search/Page_/td_Returned_Company' is clickable

2020-02-04 15:28:42 - [TEST_STEP][PASSED] - "-------------------------------------------------------------------------------------------------------------------------------------": null

2020-02-04 15:28:42 - [TEST_STEP][PASSED] - click(findTestObject("Web_Office_Advanced_Company_Search/Page_/td_Returned_Company")): Object: 'Object Repository/Web_Office_Advanced_Company_Search/Page_/td_Returned_Company' is clicked on

2020-02-04 15:28:44 - [MESSAGE][PASSED] - Object: 'Object Repository/Web_Office_Advanced_Company_Search/Page_/td_Returned_Company' is clicked on

2020-02-04 15:28:44 - [MESSAGE][PASSED] - Call Test Case 'Test Cases/Reusable_Test_Sequences/Web_Office/Actions/Select_Company' successfully

2020-02-04 15:28:44 - [TEST_STEP][PASSED] - "--------------------------------------": null

2020-02-04 15:28:44 - [TEST_STEP][PASSED] - " Verify Returned Company Record       |": null

2020-02-04 15:28:44 - [TEST_STEP][PASSED] - callTestCase(findTestCase("Reusable_Test_Sequences/Web_Office/Verification/Company_Returned_Advanced_Search_Record"), [:], OPTIONAL): Call Test Case 'Test Cases/Reusable_Test_Sequences/Web_Office/Verification/Company_Returned_Advanced_Search_Record' successfully

2020-02-04 15:28:44 - [TEST_CASE][PASSED] - Test Cases/Reusable_Test_Sequences/Web_Office/Verification/Company_Returned_Advanced_Search_Record: Test Cases/Reusable_Test_Sequences/Web_Office/Verification/Company_Returned_Advanced_Search_Record

2020-02-04 15:28:44 - [TEST_STEP][PASSED] - "--------------------------------": null

2020-02-04 15:28:44 - [TEST_STEP][PASSED] - "Read data from spreadsheet      | r_ = Returned Data": null

2020-02-04 15:28:44 - [TEST_STEP][PASSED] - data = findTestData("Data Files/Advance_Company_Search_Data"): null

2020-02-04 15:28:44 - [TEST_STEP][PASSED] - Trader_ID = data.getValue("Trader_ID", row): null

2020-02-04 15:28:44 - [TEST_STEP][PASSED] - Limited_Company_Number = data.getValue("Limited_Company_Number", row): null

2020-02-04 15:28:44 - [TEST_STEP][PASSED] - Company_Name = data.getValue("Company_Name", row): null

2020-02-04 15:28:44 - [TEST_STEP][PASSED] - Owner_Surname = data.getValue("Owner_Surname", row): null

2020-02-04 15:28:44 - [TEST_STEP][PASSED] - Owner_DOB = data.getValue("Owner_DOB", row): null

2020-02-04 15:28:44 - [TEST_STEP][PASSED] - Name_House = data.getValue("Name_House", row): null

2020-02-04 15:28:44 - [TEST_STEP][PASSED] - Number_Street = data.getValue("Number_Street", row): null

2020-02-04 15:28:44 - [TEST_STEP][PASSED] - Town = data.getValue("Town", row): null

2020-02-04 15:28:44 - [TEST_STEP][PASSED] - City = data.getValue("City", row): null

2020-02-04 15:28:44 - [TEST_STEP][PASSED] - County = data.getValue("County", row): null

2020-02-04 15:28:44 - [TEST_STEP][PASSED] - Postcode = data.getValue("Postcode", row): null

2020-02-04 15:28:44 - [TEST_STEP][PASSED] - Tel = data.getValue("Tel", row): null

2020-02-04 15:28:44 - [TEST_STEP][PASSED] - Email = data.getValue("Email", row): null

2020-02-04 15:28:44 - [TEST_STEP][PASSED] - "--------------------------------": null

2020-02-04 15:28:44 - [TEST_STEP][PASSED] - "Read data from spreadsheet      |": null

2020-02-04 15:28:44 - [TEST_STEP][PASSED] - Actual_Page_Text = "": null

2020-02-04 15:28:44 - [TEST_STEP][PASSED] - Expected_Page_Text = "": null

2020-02-04 15:28:44 - [TEST_STEP][PASSED] - waitForPageLoad(60): Wait for page load successfully

2020-02-04 15:28:44 - [MESSAGE][PASSED] - Wait for page load successfully

2020-02-04 15:28:44 - [TEST_STEP][PASSED] - delay(1): Delayed 1 second(s)

2020-02-04 15:28:45 - [MESSAGE][PASSED] - Delayed 1 second(s)

2020-02-04 15:28:45 - [TEST_STEP][PASSED] - "---------------------------------------------------------------------------------------------------------------------": null

2020-02-04 15:28:45 - [TEST_STEP][PASSED] - "HEADER DETAIL - iFrame": null

2020-02-04 15:28:45 - [TEST_STEP][PASSED] - "-----------------": null

2020-02-04 15:28:45 - [TEST_STEP][PASSED] - "PAGE_HEADER TEXT |": null

2020-02-04 15:28:45 - [TEST_STEP][PASSED] - verifyTextPresent(findTestData("Data Files/Advance_Company_Search_Data").getValue("Page_Header_Text", row), false): Text 'BLOCKED DRAINS' is present on page 

2020-02-04 15:28:45 - [MESSAGE][PASSED] - Text 'BLOCKED DRAINS' is present on page 

2020-02-04 15:28:45 - [TEST_STEP][PASSED] - "----------------": null

2020-02-04 15:28:45 - [TEST_STEP][PASSED] - "Email Address   |": null

2020-02-04 15:28:45 - [TEST_STEP][PASSED] - verifyTextPresent(findTestData("Data Files/Advance_Company_Search_Data").getValue("Email", row), false): Text '' is present on page 

2020-02-04 15:28:46 - [MESSAGE][PASSED] - Text '' is present on page 

2020-02-04 15:28:46 - [TEST_STEP][PASSED] - "----------------": null

2020-02-04 15:28:46 - [TEST_STEP][PASSED] - "Phone Number    |": null

2020-02-04 15:28:46 - [TEST_STEP][PASSED] - verifyTextPresent(findTestData("Data Files/Advance_Company_Search_Data").getValue("Tel", row), false): Text '' is present on page 

2020-02-04 15:28:47 - [MESSAGE][PASSED] - Text '' is present on page 

2020-02-04 15:28:47 - [TEST_STEP][PASSED] - "----------------": null

2020-02-04 15:28:47 - [TEST_STEP][PASSED] - "Trader ID       |": null

2020-02-04 15:28:47 - [TEST_STEP][PASSED] - verifyTextPresent(findTestData("Data Files/Advance_Company_Search_Data").getValue("Trader_ID", row), false): Text '280592' is present on page 

2020-02-04 15:28:47 - [MESSAGE][PASSED] - Text '280592' is present on page 

2020-02-04 15:28:47 - [TEST_STEP][PASSED] - "----------------": null

2020-02-04 15:28:47 - [TEST_STEP][PASSED] - "Postcode        |": null

2020-02-04 15:28:47 - [TEST_STEP][PASSED] - verifyTextPresent(findTestData("Data Files/Advance_Company_Search_Data").getValue("Postcode", row), false): Text '' is present on page 

2020-02-04 15:28:48 - [MESSAGE][PASSED] - Text '' is present on page 

2020-02-04 15:28:48 - [TEST_STEP][PASSED] - "----------------": null

2020-02-04 15:28:48 - [TEST_STEP][PASSED] - "Full Name       |": null

2020-02-04 15:28:48 - [TEST_STEP][PASSED] - verifyTextPresent(findTestData("Data Files/Advance_Company_Search_Data").getValue("Full_Name", row), false): Text '2 Redwood Drive, Haywards Heath, West Sussex, RH16 4ER' is present on page 

2020-02-04 15:28:48 - [MESSAGE][PASSED] - Text '2 Redwood Drive, Haywards Heath, West Sussex, RH16 4ER' is present on page 

2020-02-04 15:28:48 - [TEST_STEP][PASSED] - "----------------": null

2020-02-04 15:28:48 - [TEST_STEP][PASSED] - "Date of Birth   |": null

2020-02-04 15:28:48 - [TEST_STEP][PASSED] - verifyTextPresent(findTestData("Data Files/Advance_Company_Search_Data").getValue("Owner_DOB", row), false): Text '' is present on page 

2020-02-04 15:28:49 - [MESSAGE][PASSED] - Text '' is present on page 

2020-02-04 15:28:49 - [TEST_STEP][PASSED] - "----------------": null

2020-02-04 15:28:49 - [TEST_STEP][PASSED] - "Full Address    |": null

2020-02-04 15:28:49 - [TEST_STEP][PASSED] - verifyTextPresent(findTestData("Data Files/Advance_Company_Search_Data").getValue("Full_Address", row), false): Text '2 Redwood Drive, Haywards Heath, West Sussex, RH16 4ER' is present on page 

2020-02-04 15:28:50 - [MESSAGE][PASSED] - Text '2 Redwood Drive, Haywards Heath, West Sussex, RH16 4ER' is present on page 

2020-02-04 15:28:50 - [MESSAGE][PASSED] - Call Test Case 'Test Cases/Reusable_Test_Sequences/Web_Office/Verification/Company_Returned_Advanced_Search_Record' successfully

2020-02-04 15:28:50 - [TEST_STEP][PASSED] - "--------------------------": null

2020-02-04 15:28:50 - [TEST_STEP][PASSED] - " Teardown - CLose Browser |": null

2020-02-04 15:28:50 - [TEST_STEP][PASSED] - callTestCase(findTestCase("Reusable_Test_Sequences/CAT_Teardown"), [:], OPTIONAL): Call Test Case 'Test Cases/Reusable_Test_Sequences/CAT_Teardown' successfully

2020-02-04 15:28:50 - [TEST_CASE][PASSED] - Test Cases/Reusable_Test_Sequences/CAT_Teardown: Test Cases/Reusable_Test_Sequences/CAT_Teardown

2020-02-04 15:28:50 - [TEST_STEP][PASSED] - closeBrowser(): Browser is closed

2020-02-04 15:28:51 - [MESSAGE][PASSED] - Browser is closed

2020-02-04 15:28:51 - [MESSAGE][PASSED] - Call Test Case 'Test Cases/Reusable_Test_Sequences/CAT_Teardown' successfully

2020-02-04 15:28:51 - [TEST_STEP][PASSED] - "--------------------------------------": null

2020-02-04 15:28:51 - [TEST_STEP][PASSED] - " Web Office StartUp                  |": null

2020-02-04 15:28:51 - [TEST_STEP][PASSED] - callTestCase(findTestCase("Reusable_Test_Sequences/Web_Office/Directives/WebOffice_StartUp"), [:], STOP_ON_FAILURE): Call Test Case 'Test Cases/Reusable_Test_Sequences/Web_Office/Directives/WebOffice_StartUp' successfully

2020-02-04 15:28:51 - [TEST_CASE][PASSED] - Test Cases/Reusable_Test_Sequences/Web_Office/Directives/WebOffice_StartUp: Test Cases/Reusable_Test_Sequences/Web_Office/Directives/WebOffice_StartUp

2020-02-04 15:28:51 - [TEST_STEP][PASSED] - if (URL == "https://www.preview.checkatrade.com/"): null

2020-02-04 15:28:51 - [TEST_STEP][PASSED] - WebOfficeURL = "https://admin.preview.checkatrade.com/": null

2020-02-04 15:28:51 - [TEST_STEP][PASSED] - if (URL == "https://www.checkatrade.com/"): null

2020-02-04 15:28:51 - [TEST_STEP][PASSED] - "Set Function Area for "URL_Handler", URL Resolution": null

2020-02-04 15:28:51 - [TEST_STEP][PASSED] - "Do Some Magic with URL(s) See the comments within URL Handler ": null

2020-02-04 15:28:51 - [TEST_STEP][PASSED] - "------------------------------------------------": null

2020-02-04 15:28:51 - [TEST_STEP][PASSED] - "Moved Login Credentials to <Default> profile 22/01/2020": null

2020-02-04 15:28:51 - [TEST_STEP][PASSED] - "------------------------------------------------": null

2020-02-04 15:28:51 - [TEST_STEP][PASSED] - "WebOfficeURL - Set from the ENVIRONMENT PROFILE ": null

2020-02-04 15:28:51 - [TEST_STEP][PASSED] - "OPEN BROWSER": null

2020-02-04 15:28:51 - [TEST_STEP][PASSED] - "eg - https://admin.preview.checkatrade.com/  ": null

2020-02-04 15:28:51 - [TEST_STEP][PASSED] - openBrowser(WebOfficeURL): Browser is opened with url: 'https://admin.preview.checkatrade.com/'

2020-02-04 15:28:51 - [MESSAGE][INFO] - Starting 'Chrome' driver

2020-02-04 15:29:00 - [MESSAGE][PASSED] - Browser is opened with url: 'https://admin.preview.checkatrade.com/'

2020-02-04 15:29:00 - [TEST_STEP][PASSED] - maximizeWindow(): Current window maximized

2020-02-04 15:29:04 - [MESSAGE][PASSED] - Current window maximized

2020-02-04 15:29:04 - [TEST_STEP][PASSED] - waitForElementClickable(findTestObject("Object Repository/WebOffice/Page_Checkatrade - Administration - Login/Login_Button"), 25): Object 'Object Repository/WebOffice/Page_Checkatrade - Administration - Login/Login_Button' is clickable

2020-02-04 15:29:04 - [MESSAGE][PASSED] - Object 'Object Repository/WebOffice/Page_Checkatrade - Administration - Login/Login_Button' is clickable

2020-02-04 15:29:04 - [TEST_STEP][PASSED] - verifyTextPresent("Checkatrade Web Office", false): Text 'Checkatrade Web Office' is present on page 

2020-02-04 15:29:04 - [MESSAGE][PASSED] - Text 'Checkatrade Web Office' is present on page 

2020-02-04 15:29:04 - [TEST_STEP][PASSED] - verifyTextPresent("Access for staff use only", false): Text 'Access for staff use only' is present on page 

2020-02-04 15:29:04 - [MESSAGE][PASSED] - Text 'Access for staff use only' is present on page 

2020-02-04 15:29:04 - [TEST_STEP][PASSED] - verifyTextPresent("Forgotten password?", false): Text 'Forgotten password?' is present on page 

2020-02-04 15:29:04 - [MESSAGE][PASSED] - Text 'Forgotten password?' is present on page 

2020-02-04 15:29:04 - [TEST_STEP][PASSED] - setText(findTestObject("Object Repository/WebOffice/Page_Checkatrade - Administration - Login/input_Username_LoginControlUserName"), wo_Username): Text 'DavidHo' is set on object 'Object Repository/WebOffice/Page_Checkatrade - Administration - Login/input_Username_LoginControlUserName'

2020-02-04 15:29:05 - [MESSAGE][PASSED] - Text 'DavidHo' is set on object 'Object Repository/WebOffice/Page_Checkatrade - Administration - Login/input_Username_LoginControlUserName'

2020-02-04 15:29:05 - [TEST_STEP][PASSED] - setText(findTestObject("Object Repository/WebOffice/Page_Checkatrade - Administration - Login/input_Password_LoginControlPassword"), wo_Password): Text 'Check123' is set on object 'Object Repository/WebOffice/Page_Checkatrade - Administration - Login/input_Password_LoginControlPassword'

2020-02-04 15:29:05 - [MESSAGE][PASSED] - Text 'Check123' is set on object 'Object Repository/WebOffice/Page_Checkatrade - Administration - Login/input_Password_LoginControlPassword'

2020-02-04 15:29:05 - [TEST_STEP][PASSED] - click(findTestObject("Object Repository/WebOffice/Page_Checkatrade - Administration - Login/Login_Button")): Object: 'Object Repository/WebOffice/Page_Checkatrade - Administration - Login/Login_Button' is clicked on

2020-02-04 15:29:06 - [MESSAGE][PASSED] - Object: 'Object Repository/WebOffice/Page_Checkatrade - Administration - Login/Login_Button' is clicked on

2020-02-04 15:29:06 - [TEST_STEP][PASSED] - waitForPageLoad(60): Wait for page load successfully

2020-02-04 15:29:06 - [MESSAGE][PASSED] - Wait for page load successfully

2020-02-04 15:29:06 - [TEST_STEP][PASSED] - verifyTextPresent("Welcome " + wo_Username, false): Text 'Welcome DavidHo' is present on page 

2020-02-04 15:29:06 - [MESSAGE][PASSED] - Text 'Welcome DavidHo' is present on page 

2020-02-04 15:29:06 - [MESSAGE][PASSED] - Call Test Case 'Test Cases/Reusable_Test_Sequences/Web_Office/Directives/WebOffice_StartUp' successfully

2020-02-04 15:29:06 - [TEST_STEP][PASSED] - "--------------------------------------": null

2020-02-04 15:29:06 - [TEST_STEP][PASSED] - " Navigate to <Companies> Menu Item    |": null

2020-02-04 15:29:06 - [TEST_STEP][PASSED] - callTestCase(findTestCase("Reusable_Test_Sequences/Web_Office/navigation/Navigate_Advanced_Company_Search"), [:], STOP_ON_FAILURE): Call Test Case 'Test Cases/Reusable_Test_Sequences/Web_Office/navigation/Navigate_Advanced_Company_Search' successfully

2020-02-04 15:29:06 - [TEST_CASE][PASSED] - Test Cases/Reusable_Test_Sequences/Web_Office/navigation/Navigate_Advanced_Company_Search: Test Cases/Reusable_Test_Sequences/Web_Office/navigation/Navigate_Advanced_Company_Search

2020-02-04 15:29:06 - [TEST_STEP][PASSED] - "--------------------------------------": null

2020-02-04 15:29:06 - [TEST_STEP][PASSED] - " Navigate Top level menu Item         |": null

2020-02-04 15:29:06 - [TEST_STEP][PASSED] - waitForPageLoad(60): Wait for page load successfully

2020-02-04 15:29:06 - [MESSAGE][PASSED] - Wait for page load successfully

2020-02-04 15:29:06 - [TEST_STEP][PASSED] - waitForElementClickable(findTestObject("Object Repository/WebOffice_Home_page/a_Companies"), 60): Object 'Object Repository/WebOffice_Home_page/a_Companies' is clickable

2020-02-04 15:29:06 - [MESSAGE][PASSED] - Object 'Object Repository/WebOffice_Home_page/a_Companies' is clickable

2020-02-04 15:29:06 - [TEST_STEP][PASSED] - mouseOver(findTestObject("Object Repository/WebOffice_Home_page/a_Companies")): Object: 'Object Repository/WebOffice_Home_page/a_Companies' is hovered

2020-02-04 15:29:06 - [MESSAGE][PASSED] - Object: 'Object Repository/WebOffice_Home_page/a_Companies' is hovered

2020-02-04 15:29:06 - [TEST_STEP][PASSED] - waitForElementClickable(findTestObject("Object Repository/WebOffice_Home_page/a_Company_Advanced_Search"), 1): Object 'Object Repository/WebOffice_Home_page/a_Company_Advanced_Search' is clickable

2020-02-04 15:29:06 - [MESSAGE][PASSED] - Object 'Object Repository/WebOffice_Home_page/a_Company_Advanced_Search' is clickable

2020-02-04 15:29:06 - [TEST_STEP][PASSED] - click(findTestObject("Object Repository/WebOffice_Home_page/a_Company_Advanced_Search")): Object: 'Object Repository/WebOffice_Home_page/a_Company_Advanced_Search' is clicked on

2020-02-04 15:29:08 - [MESSAGE][PASSED] - Object: 'Object Repository/WebOffice_Home_page/a_Company_Advanced_Search' is clicked on

2020-02-04 15:29:08 - [MESSAGE][PASSED] - Call Test Case 'Test Cases/Reusable_Test_Sequences/Web_Office/navigation/Navigate_Advanced_Company_Search' successfully

2020-02-04 15:29:08 - [TEST_STEP][PASSED] - "--------------------------------------": null

2020-02-04 15:29:08 - [TEST_STEP][PASSED] - " LH Pane  - Apply Search Criteria     |": null

2020-02-04 15:29:08 - [TEST_STEP][PASSED] - callTestCase(findTestCase("Reusable_Test_Sequences/Web_Office/Actions/Set_Advanced_Company_Data"), [:], STOP_ON_FAILURE): Call Test Case 'Test Cases/Reusable_Test_Sequences/Web_Office/Actions/Set_Advanced_Company_Data' successfully

2020-02-04 15:29:08 - [TEST_CASE][PASSED] - Test Cases/Reusable_Test_Sequences/Web_Office/Actions/Set_Advanced_Company_Data: Test Cases/Reusable_Test_Sequences/Web_Office/Actions/Set_Advanced_Company_Data

2020-02-04 15:29:08 - [TEST_STEP][PASSED] - "--------------------------------": null

2020-02-04 15:29:08 - [TEST_STEP][PASSED] - "Read data from spreadsheet      |": null

2020-02-04 15:29:08 - [TEST_STEP][PASSED] - data = findTestData("Data Files/Advance_Company_Search_Data"): null

2020-02-04 15:29:08 - [TEST_STEP][PASSED] - Trader_ID = data.getValue("Trader_ID", row): null

2020-02-04 15:29:08 - [TEST_STEP][PASSED] - Limited_Company_Number = data.getValue("Limited_Company_Number", row): null

2020-02-04 15:29:08 - [TEST_STEP][PASSED] - Company_Name = data.getValue("Company_Name", row): null

2020-02-04 15:29:08 - [TEST_STEP][PASSED] - Owner_Surname = data.getValue("Owner_Surname", row): null

2020-02-04 15:29:08 - [TEST_STEP][PASSED] - Owner_DOB = data.getValue("Owner_DOB", row): null

2020-02-04 15:29:08 - [TEST_STEP][PASSED] - Name_House = data.getValue("Name_House", row): null

2020-02-04 15:29:08 - [TEST_STEP][PASSED] - Number_Street = data.getValue("Number_Street", row): null

2020-02-04 15:29:08 - [TEST_STEP][PASSED] - Town = data.getValue("Town", row): null

2020-02-04 15:29:08 - [TEST_STEP][PASSED] - City = data.getValue("City", row): null

2020-02-04 15:29:08 - [TEST_STEP][PASSED] - County = data.getValue("County", row): null

2020-02-04 15:29:08 - [TEST_STEP][PASSED] - Postcode = data.getValue("Postcode", row): null

2020-02-04 15:29:08 - [TEST_STEP][PASSED] - Tel = data.getValue("Tel", row): null

2020-02-04 15:29:08 - [TEST_STEP][PASSED] - Email = data.getValue("Email", row): null

2020-02-04 15:29:08 - [TEST_STEP][PASSED] - "slack": null

2020-02-04 15:29:08 - [TEST_STEP][PASSED] - "--------------------------------": null

2020-02-04 15:29:08 - [TEST_STEP][PASSED] - " Synchronisation                |": null

2020-02-04 15:29:08 - [TEST_STEP][PASSED] - waitForPageLoad(60): Wait for page load successfully

2020-02-04 15:29:08 - [MESSAGE][PASSED] - Wait for page load successfully

2020-02-04 15:29:08 - [TEST_STEP][PASSED] - waitForElementVisible(findTestObject("Web_Office_Advanced_Company_Search/Page_/input_Clear_ctl00ctl00CP1ctlSearchbtnSearch"), 60): Object 'Object Repository/Web_Office_Advanced_Company_Search/Page_/input_Clear_ctl00ctl00CP1ctlSearchbtnSearch' is visible

2020-02-04 15:29:09 - [MESSAGE][PASSED] - Object 'Object Repository/Web_Office_Advanced_Company_Search/Page_/input_Clear_ctl00ctl00CP1ctlSearchbtnSearch' is visible

2020-02-04 15:29:09 - [TEST_STEP][PASSED] - "https://admin.preview.checkatrade.com/Companies/Search.aspx": null

2020-02-04 15:29:09 - [TEST_STEP][PASSED] - "-------------------------------------------------------------------------------------------------------------------------------------": null

2020-02-04 15:29:09 - [TEST_STEP][PASSED] - setText(findTestObject("Web_Office_Advanced_Company_Search/Page_/table_Trader ID"), Trader_ID): Text '' is set on object 'Object Repository/Web_Office_Advanced_Company_Search/Page_/table_Trader ID'

2020-02-04 15:29:09 - [MESSAGE][PASSED] - Text '' is set on object 'Object Repository/Web_Office_Advanced_Company_Search/Page_/table_Trader ID'

2020-02-04 15:29:09 - [TEST_STEP][PASSED] - "-------------------------------------------------------------------------------------------------------------------------------------": null

2020-02-04 15:29:09 - [TEST_STEP][PASSED] - setText(findTestObject("Web_Office_Advanced_Company_Search/Page_/input_Limited Company Number"), Limited_Company_Number): Text '4460222' is set on object 'Object Repository/Web_Office_Advanced_Company_Search/Page_/input_Limited Company Number'

2020-02-04 15:29:09 - [MESSAGE][PASSED] - Text '4460222' is set on object 'Object Repository/Web_Office_Advanced_Company_Search/Page_/input_Limited Company Number'

2020-02-04 15:29:09 - [TEST_STEP][PASSED] - "-------------------------------------------------------------------------------------------------------------------------------------": null

2020-02-04 15:29:09 - [TEST_STEP][PASSED] - setText(findTestObject("Web_Office_Advanced_Company_Search/Page_/input_Company Name"), Company_Name): Text '' is set on object 'Object Repository/Web_Office_Advanced_Company_Search/Page_/input_Company Name'

2020-02-04 15:29:10 - [MESSAGE][PASSED] - Text '' is set on object 'Object Repository/Web_Office_Advanced_Company_Search/Page_/input_Company Name'

2020-02-04 15:29:10 - [TEST_STEP][PASSED] - "-------------------------------------------------------------------------------------------------------------------------------------": null

2020-02-04 15:29:10 - [TEST_STEP][PASSED] - "Set Owner_Date of Birth": null

2020-02-04 15:29:10 - [TEST_STEP][PASSED] - "-------------------------------------------------------------------------------------------------------------------------------------": null

2020-02-04 15:29:10 - [TEST_STEP][PASSED] - setText(findTestObject("Web_Office_Advanced_Company_Search/Page_/input_Owner Surname"), Owner_Surname): Text '' is set on object 'Object Repository/Web_Office_Advanced_Company_Search/Page_/input_Owner Surname'

2020-02-04 15:29:10 - [MESSAGE][PASSED] - Text '' is set on object 'Object Repository/Web_Office_Advanced_Company_Search/Page_/input_Owner Surname'

2020-02-04 15:29:10 - [TEST_STEP][PASSED] - "-------------------------------------------------------------------------------------------------------------------------------------": null

2020-02-04 15:29:10 - [TEST_STEP][PASSED] - setText(findTestObject("Web_Office_Advanced_Company_Search/Page_/input_Name Of House"), Name_House): Text '' is set on object 'Object Repository/Web_Office_Advanced_Company_Search/Page_/input_Name Of House'

2020-02-04 15:29:10 - [MESSAGE][PASSED] - Text '' is set on object 'Object Repository/Web_Office_Advanced_Company_Search/Page_/input_Name Of House'

2020-02-04 15:29:10 - [TEST_STEP][PASSED] - "-------------------------------------------------------------------------------------------------------------------------------------": null

2020-02-04 15:29:10 - [TEST_STEP][PASSED] - "Set Street": null

2020-02-04 15:29:10 - [TEST_STEP][PASSED] - "-------------------------------------------------------------------------------------------------------------------------------------": null

2020-02-04 15:29:10 - [TEST_STEP][PASSED] - setText(findTestObject("Web_Office_Advanced_Company_Search/Page_/input_Town"), Town): Text '' is set on object 'Object Repository/Web_Office_Advanced_Company_Search/Page_/input_Town'

2020-02-04 15:29:10 - [MESSAGE][PASSED] - Text '' is set on object 'Object Repository/Web_Office_Advanced_Company_Search/Page_/input_Town'

2020-02-04 15:29:10 - [TEST_STEP][PASSED] - "-------------------------------------------------------------------------------------------------------------------------------------": null

2020-02-04 15:29:10 - [TEST_STEP][PASSED] - setText(findTestObject("Web_Office_Advanced_Company_Search/Page_/input_City"), City): Text '' is set on object 'Object Repository/Web_Office_Advanced_Company_Search/Page_/input_City'

2020-02-04 15:29:10 - [MESSAGE][PASSED] - Text '' is set on object 'Object Repository/Web_Office_Advanced_Company_Search/Page_/input_City'

2020-02-04 15:29:10 - [TEST_STEP][PASSED] - "-------------------------------------------------------------------------------------------------------------------------------------": null

2020-02-04 15:29:10 - [TEST_STEP][PASSED] - setText(findTestObject("Web_Office_Advanced_Company_Search/Page_/input_County"), County): Text '' is set on object 'Object Repository/Web_Office_Advanced_Company_Search/Page_/input_County'

2020-02-04 15:29:11 - [MESSAGE][PASSED] - Text '' is set on object 'Object Repository/Web_Office_Advanced_Company_Search/Page_/input_County'

2020-02-04 15:29:11 - [TEST_STEP][PASSED] - "-------------------------------------------------------------------------------------------------------------------------------------": null

2020-02-04 15:29:11 - [TEST_STEP][PASSED] - setText(findTestObject("Web_Office_Advanced_Company_Search/Page_/input_Postcode"), Postcode): Text '' is set on object 'Object Repository/Web_Office_Advanced_Company_Search/Page_/input_Postcode'

2020-02-04 15:29:11 - [MESSAGE][PASSED] - Text '' is set on object 'Object Repository/Web_Office_Advanced_Company_Search/Page_/input_Postcode'

2020-02-04 15:29:11 - [TEST_STEP][PASSED] - "-------------------------------------------------------------------------------------------------------------------------------------": null

2020-02-04 15:29:11 - [TEST_STEP][PASSED] - setText(findTestObject("Web_Office_Advanced_Company_Search/Page_/input_Telephone"), Tel): Text '01243 868423' is set on object 'Object Repository/Web_Office_Advanced_Company_Search/Page_/input_Telephone'

2020-02-04 15:29:11 - [MESSAGE][PASSED] - Text '01243 868423' is set on object 'Object Repository/Web_Office_Advanced_Company_Search/Page_/input_Telephone'

2020-02-04 15:29:11 - [TEST_STEP][PASSED] - "-------------------------------------------------------------------------------------------------------------------------------------": null

2020-02-04 15:29:11 - [TEST_STEP][PASSED] - setText(findTestObject("Web_Office_Advanced_Company_Search/Page_/input_Email"), Email): Text 'kfrsteve@hotmail.com' is set on object 'Object Repository/Web_Office_Advanced_Company_Search/Page_/input_Email'

2020-02-04 15:29:13 - [MESSAGE][PASSED] - Text 'kfrsteve@hotmail.com' is set on object 'Object Repository/Web_Office_Advanced_Company_Search/Page_/input_Email'

2020-02-04 15:29:13 - [TEST_STEP][PASSED] - "Set Status": null

2020-02-04 15:29:13 - [TEST_STEP][PASSED] - "-------------------------------------------------------------------------------------------------------------------------------------": null

2020-02-04 15:29:13 - [TEST_STEP][PASSED] - "Status 3 Options": null

2020-02-04 15:29:13 - [TEST_STEP][PASSED] - "-------------------------------------------------------------------------------------------------------------------------------------": null

2020-02-04 15:29:13 - [TEST_STEP][PASSED] - "Set Type": null

2020-02-04 15:29:13 - [TEST_STEP][PASSED] - "-------------------------------------------------------------------------------------------------------------------------------------": null

2020-02-04 15:29:13 - [TEST_STEP][PASSED] - "Type 3 Options": null

2020-02-04 15:29:13 - [TEST_STEP][PASSED] - "-------------------------------------------------------------------------------------------------------------------------------------": null

2020-02-04 15:29:13 - [TEST_STEP][PASSED] - scrollToPosition(0, 0): Browser is scrolled to position x = 0, y = 0

2020-02-04 15:29:13 - [MESSAGE][PASSED] - Browser is scrolled to position x = 0, y = 0

2020-02-04 15:29:13 - [TEST_STEP][PASSED] - waitForElementClickable(findTestObject("Web_Office_Advanced_Company_Search/Page_/Top_Search_Button"), 5): Object 'Object Repository/Web_Office_Advanced_Company_Search/Page_/Top_Search_Button' is clickable

2020-02-04 15:29:13 - [MESSAGE][PASSED] - Object 'Object Repository/Web_Office_Advanced_Company_Search/Page_/Top_Search_Button' is clickable

2020-02-04 15:29:13 - [TEST_STEP][PASSED] - click(findTestObject("Web_Office_Advanced_Company_Search/Page_/Top_Search_Button")): Object: 'Object Repository/Web_Office_Advanced_Company_Search/Page_/Top_Search_Button' is clicked on

2020-02-04 15:29:16 - [MESSAGE][PASSED] - Object: 'Object Repository/Web_Office_Advanced_Company_Search/Page_/Top_Search_Button' is clicked on

2020-02-04 15:29:16 - [MESSAGE][PASSED] - Call Test Case 'Test Cases/Reusable_Test_Sequences/Web_Office/Actions/Set_Advanced_Company_Data' successfully

2020-02-04 15:29:16 - [TEST_STEP][PASSED] - "--------------------------------------": null

2020-02-04 15:29:16 - [TEST_STEP][PASSED] - " Select Returned Record to Verify     |": null

2020-02-04 15:29:16 - [TEST_STEP][PASSED] - callTestCase(findTestCase("Reusable_Test_Sequences/Web_Office/Actions/Select_Company"), [:], OPTIONAL): Call Test Case 'Test Cases/Reusable_Test_Sequences/Web_Office/Actions/Select_Company' successfully

2020-02-04 15:29:16 - [TEST_CASE][PASSED] - Test Cases/Reusable_Test_Sequences/Web_Office/Actions/Select_Company: Test Cases/Reusable_Test_Sequences/Web_Office/Actions/Select_Company

2020-02-04 15:29:16 - [TEST_STEP][PASSED] - waitForPageLoad(60): Wait for page load successfully

2020-02-04 15:29:16 - [MESSAGE][PASSED] - Wait for page load successfully

2020-02-04 15:29:16 - [TEST_STEP][PASSED] - waitForElementClickable(findTestObject("Web_Office_Advanced_Company_Search/Page_/td_Returned_Company"), 5): Object 'Object Repository/Web_Office_Advanced_Company_Search/Page_/td_Returned_Company' is clickable

2020-02-04 15:29:16 - [MESSAGE][PASSED] - Object 'Object Repository/Web_Office_Advanced_Company_Search/Page_/td_Returned_Company' is clickable

2020-02-04 15:29:16 - [TEST_STEP][PASSED] - "-------------------------------------------------------------------------------------------------------------------------------------": null

2020-02-04 15:29:16 - [TEST_STEP][PASSED] - click(findTestObject("Web_Office_Advanced_Company_Search/Page_/td_Returned_Company")): Object: 'Object Repository/Web_Office_Advanced_Company_Search/Page_/td_Returned_Company' is clicked on

2020-02-04 15:29:18 - [MESSAGE][PASSED] - Object: 'Object Repository/Web_Office_Advanced_Company_Search/Page_/td_Returned_Company' is clicked on

2020-02-04 15:29:18 - [MESSAGE][PASSED] - Call Test Case 'Test Cases/Reusable_Test_Sequences/Web_Office/Actions/Select_Company' successfully

2020-02-04 15:29:18 - [TEST_STEP][PASSED] - "--------------------------------------": null

2020-02-04 15:29:18 - [TEST_STEP][PASSED] - " Verify Returned Company Record       |": null

2020-02-04 15:29:18 - [TEST_STEP][PASSED] - callTestCase(findTestCase("Reusable_Test_Sequences/Web_Office/Verification/Company_Returned_Advanced_Search_Record"), [:], OPTIONAL): Call Test Case 'Test Cases/Reusable_Test_Sequences/Web_Office/Verification/Company_Returned_Advanced_Search_Record' successfully

2020-02-04 15:29:18 - [TEST_CASE][PASSED] - Test Cases/Reusable_Test_Sequences/Web_Office/Verification/Company_Returned_Advanced_Search_Record: Test Cases/Reusable_Test_Sequences/Web_Office/Verification/Company_Returned_Advanced_Search_Record

2020-02-04 15:29:18 - [TEST_STEP][PASSED] - "--------------------------------": null

2020-02-04 15:29:18 - [TEST_STEP][PASSED] - "Read data from spreadsheet      | r_ = Returned Data": null

2020-02-04 15:29:18 - [TEST_STEP][PASSED] - data = findTestData("Data Files/Advance_Company_Search_Data"): null

2020-02-04 15:29:18 - [TEST_STEP][PASSED] - Trader_ID = data.getValue("Trader_ID", row): null

2020-02-04 15:29:18 - [TEST_STEP][PASSED] - Limited_Company_Number = data.getValue("Limited_Company_Number", row): null

2020-02-04 15:29:18 - [TEST_STEP][PASSED] - Company_Name = data.getValue("Company_Name", row): null

2020-02-04 15:29:18 - [TEST_STEP][PASSED] - Owner_Surname = data.getValue("Owner_Surname", row): null

2020-02-04 15:29:18 - [TEST_STEP][PASSED] - Owner_DOB = data.getValue("Owner_DOB", row): null

2020-02-04 15:29:18 - [TEST_STEP][PASSED] - Name_House = data.getValue("Name_House", row): null

2020-02-04 15:29:18 - [TEST_STEP][PASSED] - Number_Street = data.getValue("Number_Street", row): null

2020-02-04 15:29:18 - [TEST_STEP][PASSED] - Town = data.getValue("Town", row): null

2020-02-04 15:29:18 - [TEST_STEP][PASSED] - City = data.getValue("City", row): null

2020-02-04 15:29:18 - [TEST_STEP][PASSED] - County = data.getValue("County", row): null

2020-02-04 15:29:18 - [TEST_STEP][PASSED] - Postcode = data.getValue("Postcode", row): null

2020-02-04 15:29:18 - [TEST_STEP][PASSED] - Tel = data.getValue("Tel", row): null

2020-02-04 15:29:18 - [TEST_STEP][PASSED] - Email = data.getValue("Email", row): null

2020-02-04 15:29:18 - [TEST_STEP][PASSED] - "--------------------------------": null

2020-02-04 15:29:18 - [TEST_STEP][PASSED] - "Read data from spreadsheet      |": null

2020-02-04 15:29:18 - [TEST_STEP][PASSED] - Actual_Page_Text = "": null

2020-02-04 15:29:18 - [TEST_STEP][PASSED] - Expected_Page_Text = "": null

2020-02-04 15:29:18 - [TEST_STEP][PASSED] - waitForPageLoad(60): Wait for page load successfully

2020-02-04 15:29:18 - [MESSAGE][PASSED] - Wait for page load successfully

2020-02-04 15:29:18 - [TEST_STEP][PASSED] - delay(1): Delayed 1 second(s)

2020-02-04 15:29:19 - [MESSAGE][PASSED] - Delayed 1 second(s)

2020-02-04 15:29:19 - [TEST_STEP][PASSED] - "---------------------------------------------------------------------------------------------------------------------": null

2020-02-04 15:29:19 - [TEST_STEP][PASSED] - "HEADER DETAIL - iFrame": null

2020-02-04 15:29:19 - [TEST_STEP][PASSED] - "-----------------": null

2020-02-04 15:29:19 - [TEST_STEP][PASSED] - "PAGE_HEADER TEXT |": null

2020-02-04 15:29:19 - [TEST_STEP][PASSED] - verifyTextPresent(findTestData("Data Files/Advance_Company_Search_Data").getValue("Page_Header_Text", row), false): Text 'Kitchen Facelift & Renewal Limited' is present on page 

2020-02-04 15:29:20 - [MESSAGE][PASSED] - Text 'Kitchen Facelift & Renewal Limited' is present on page 

2020-02-04 15:29:20 - [TEST_STEP][PASSED] - "----------------": null

2020-02-04 15:29:20 - [TEST_STEP][PASSED] - "Email Address   |": null

2020-02-04 15:29:20 - [TEST_STEP][PASSED] - verifyTextPresent(findTestData("Data Files/Advance_Company_Search_Data").getValue("Email", row), false): Text 'kfrsteve@hotmail.com' is present on page 

2020-02-04 15:29:21 - [MESSAGE][PASSED] - Text 'kfrsteve@hotmail.com' is present on page 

2020-02-04 15:29:21 - [TEST_STEP][PASSED] - "----------------": null

2020-02-04 15:29:21 - [TEST_STEP][PASSED] - "Phone Number    |": null

2020-02-04 15:29:21 - [TEST_STEP][PASSED] - verifyTextPresent(findTestData("Data Files/Advance_Company_Search_Data").getValue("Tel", row), false): Text '01243 868423' is present on page 

2020-02-04 15:29:21 - [MESSAGE][PASSED] - Text '01243 868423' is present on page 

2020-02-04 15:29:21 - [TEST_STEP][PASSED] - "----------------": null

2020-02-04 15:29:21 - [TEST_STEP][PASSED] - "Trader ID       |": null

2020-02-04 15:29:21 - [TEST_STEP][PASSED] - verifyTextPresent(findTestData("Data Files/Advance_Company_Search_Data").getValue("Trader_ID", row), false): Text '' is present on page 

2020-02-04 15:29:22 - [MESSAGE][PASSED] - Text '' is present on page 

2020-02-04 15:29:22 - [TEST_STEP][PASSED] - "----------------": null

2020-02-04 15:29:22 - [TEST_STEP][PASSED] - "Postcode        |": null

2020-02-04 15:29:22 - [TEST_STEP][PASSED] - verifyTextPresent(findTestData("Data Files/Advance_Company_Search_Data").getValue("Postcode", row), false): Text '' is present on page 

2020-02-04 15:29:23 - [MESSAGE][PASSED] - Text '' is present on page 

2020-02-04 15:29:23 - [TEST_STEP][PASSED] - "----------------": null

2020-02-04 15:29:23 - [TEST_STEP][PASSED] - "Full Name       |": null

2020-02-04 15:29:23 - [TEST_STEP][PASSED] - verifyTextPresent(findTestData("Data Files/Advance_Company_Search_Data").getValue("Full_Name", row), false): Text 'Mr Steve Mercer' is present on page 

2020-02-04 15:29:23 - [MESSAGE][PASSED] - Text 'Mr Steve Mercer' is present on page 

2020-02-04 15:29:23 - [TEST_STEP][PASSED] - "----------------": null

2020-02-04 15:29:23 - [TEST_STEP][PASSED] - "Date of Birth   |": null

2020-02-04 15:29:23 - [TEST_STEP][PASSED] - verifyTextPresent(findTestData("Data Files/Advance_Company_Search_Data").getValue("Owner_DOB", row), false): Text 'DoB: 18/09/1959' is present on page 

2020-02-04 15:29:24 - [MESSAGE][PASSED] - Text 'DoB: 18/09/1959' is present on page 

2020-02-04 15:29:24 - [TEST_STEP][PASSED] - "----------------": null

2020-02-04 15:29:24 - [TEST_STEP][PASSED] - "Full Address    |": null

2020-02-04 15:29:24 - [TEST_STEP][PASSED] - verifyTextPresent(findTestData("Data Files/Advance_Company_Search_Data").getValue("Full_Address", row), false): Text 'Lyndale, Town Cross Avenue, Bognor Regis, West Sussex, PO21 2DN' is present on page 

2020-02-04 15:29:24 - [MESSAGE][PASSED] - Text 'Lyndale, Town Cross Avenue, Bognor Regis, West Sussex, PO21 2DN' is present on page 

2020-02-04 15:29:24 - [MESSAGE][PASSED] - Call Test Case 'Test Cases/Reusable_Test_Sequences/Web_Office/Verification/Company_Returned_Advanced_Search_Record' successfully

2020-02-04 15:29:24 - [TEST_STEP][PASSED] - "--------------------------": null

2020-02-04 15:29:24 - [TEST_STEP][PASSED] - " Teardown - CLose Browser |": null

2020-02-04 15:29:24 - [TEST_STEP][PASSED] - callTestCase(findTestCase("Reusable_Test_Sequences/CAT_Teardown"), [:], OPTIONAL): Call Test Case 'Test Cases/Reusable_Test_Sequences/CAT_Teardown' successfully

2020-02-04 15:29:24 - [TEST_CASE][PASSED] - Test Cases/Reusable_Test_Sequences/CAT_Teardown: Test Cases/Reusable_Test_Sequences/CAT_Teardown

2020-02-04 15:29:24 - [TEST_STEP][PASSED] - closeBrowser(): Browser is closed

2020-02-04 15:29:25 - [MESSAGE][PASSED] - Browser is closed

2020-02-04 15:29:25 - [MESSAGE][PASSED] - Call Test Case 'Test Cases/Reusable_Test_Sequences/CAT_Teardown' successfully

2020-02-04 15:29:25 - [TEST_STEP][PASSED] - "--------------------------------------": null

2020-02-04 15:29:25 - [TEST_STEP][PASSED] - " Web Office StartUp                  |": null

2020-02-04 15:29:25 - [TEST_STEP][PASSED] - callTestCase(findTestCase("Reusable_Test_Sequences/Web_Office/Directives/WebOffice_StartUp"), [:], STOP_ON_FAILURE): Call Test Case 'Test Cases/Reusable_Test_Sequences/Web_Office/Directives/WebOffice_StartUp' successfully

2020-02-04 15:29:25 - [TEST_CASE][PASSED] - Test Cases/Reusable_Test_Sequences/Web_Office/Directives/WebOffice_StartUp: Test Cases/Reusable_Test_Sequences/Web_Office/Directives/WebOffice_StartUp

2020-02-04 15:29:25 - [TEST_STEP][PASSED] - if (URL == "https://www.preview.checkatrade.com/"): null

2020-02-04 15:29:25 - [TEST_STEP][PASSED] - WebOfficeURL = "https://admin.preview.checkatrade.com/": null

2020-02-04 15:29:25 - [TEST_STEP][PASSED] - if (URL == "https://www.checkatrade.com/"): null

2020-02-04 15:29:25 - [TEST_STEP][PASSED] - "Set Function Area for "URL_Handler", URL Resolution": null

2020-02-04 15:29:25 - [TEST_STEP][PASSED] - "Do Some Magic with URL(s) See the comments within URL Handler ": null

2020-02-04 15:29:25 - [TEST_STEP][PASSED] - "------------------------------------------------": null

2020-02-04 15:29:25 - [TEST_STEP][PASSED] - "Moved Login Credentials to <Default> profile 22/01/2020": null

2020-02-04 15:29:25 - [TEST_STEP][PASSED] - "------------------------------------------------": null

2020-02-04 15:29:25 - [TEST_STEP][PASSED] - "WebOfficeURL - Set from the ENVIRONMENT PROFILE ": null

2020-02-04 15:29:25 - [TEST_STEP][PASSED] - "OPEN BROWSER": null

2020-02-04 15:29:25 - [TEST_STEP][PASSED] - "eg - https://admin.preview.checkatrade.com/  ": null

2020-02-04 15:29:25 - [TEST_STEP][PASSED] - openBrowser(WebOfficeURL): Browser is opened with url: 'https://admin.preview.checkatrade.com/'

2020-02-04 15:29:25 - [MESSAGE][INFO] - Starting 'Chrome' driver

2020-02-04 15:29:34 - [MESSAGE][PASSED] - Browser is opened with url: 'https://admin.preview.checkatrade.com/'

2020-02-04 15:29:34 - [TEST_STEP][PASSED] - maximizeWindow(): Current window maximized

2020-02-04 15:29:39 - [MESSAGE][PASSED] - Current window maximized

2020-02-04 15:29:39 - [TEST_STEP][PASSED] - waitForElementClickable(findTestObject("Object Repository/WebOffice/Page_Checkatrade - Administration - Login/Login_Button"), 25): Object 'Object Repository/WebOffice/Page_Checkatrade - Administration - Login/Login_Button' is clickable

2020-02-04 15:29:39 - [MESSAGE][PASSED] - Object 'Object Repository/WebOffice/Page_Checkatrade - Administration - Login/Login_Button' is clickable

2020-02-04 15:29:39 - [TEST_STEP][PASSED] - verifyTextPresent("Checkatrade Web Office", false): Text 'Checkatrade Web Office' is present on page 

2020-02-04 15:29:39 - [MESSAGE][PASSED] - Text 'Checkatrade Web Office' is present on page 

2020-02-04 15:29:39 - [TEST_STEP][PASSED] - verifyTextPresent("Access for staff use only", false): Text 'Access for staff use only' is present on page 

2020-02-04 15:29:39 - [MESSAGE][PASSED] - Text 'Access for staff use only' is present on page 

2020-02-04 15:29:39 - [TEST_STEP][PASSED] - verifyTextPresent("Forgotten password?", false): Text 'Forgotten password?' is present on page 

2020-02-04 15:29:39 - [MESSAGE][PASSED] - Text 'Forgotten password?' is present on page 

2020-02-04 15:29:39 - [TEST_STEP][PASSED] - setText(findTestObject("Object Repository/WebOffice/Page_Checkatrade - Administration - Login/input_Username_LoginControlUserName"), wo_Username): Text 'DavidHo' is set on object 'Object Repository/WebOffice/Page_Checkatrade - Administration - Login/input_Username_LoginControlUserName'

2020-02-04 15:29:40 - [MESSAGE][PASSED] - Text 'DavidHo' is set on object 'Object Repository/WebOffice/Page_Checkatrade - Administration - Login/input_Username_LoginControlUserName'

2020-02-04 15:29:40 - [TEST_STEP][PASSED] - setText(findTestObject("Object Repository/WebOffice/Page_Checkatrade - Administration - Login/input_Password_LoginControlPassword"), wo_Password): Text 'Check123' is set on object 'Object Repository/WebOffice/Page_Checkatrade - Administration - Login/input_Password_LoginControlPassword'

2020-02-04 15:29:40 - [MESSAGE][PASSED] - Text 'Check123' is set on object 'Object Repository/WebOffice/Page_Checkatrade - Administration - Login/input_Password_LoginControlPassword'

2020-02-04 15:29:40 - [TEST_STEP][PASSED] - click(findTestObject("Object Repository/WebOffice/Page_Checkatrade - Administration - Login/Login_Button")): Object: 'Object Repository/WebOffice/Page_Checkatrade - Administration - Login/Login_Button' is clicked on

2020-02-04 15:29:41 - [MESSAGE][PASSED] - Object: 'Object Repository/WebOffice/Page_Checkatrade - Administration - Login/Login_Button' is clicked on

2020-02-04 15:29:41 - [TEST_STEP][PASSED] - waitForPageLoad(60): Wait for page load successfully

2020-02-04 15:29:41 - [MESSAGE][PASSED] - Wait for page load successfully

2020-02-04 15:29:41 - [TEST_STEP][PASSED] - verifyTextPresent("Welcome " + wo_Username, false): Text 'Welcome DavidHo' is present on page 

2020-02-04 15:29:41 - [MESSAGE][PASSED] - Text 'Welcome DavidHo' is present on page 

2020-02-04 15:29:41 - [MESSAGE][PASSED] - Call Test Case 'Test Cases/Reusable_Test_Sequences/Web_Office/Directives/WebOffice_StartUp' successfully

2020-02-04 15:29:41 - [TEST_STEP][PASSED] - "--------------------------------------": null

2020-02-04 15:29:41 - [TEST_STEP][PASSED] - " Navigate to <Companies> Menu Item    |": null

2020-02-04 15:29:41 - [TEST_STEP][PASSED] - callTestCase(findTestCase("Reusable_Test_Sequences/Web_Office/navigation/Navigate_Advanced_Company_Search"), [:], STOP_ON_FAILURE): Call Test Case 'Test Cases/Reusable_Test_Sequences/Web_Office/navigation/Navigate_Advanced_Company_Search' successfully

2020-02-04 15:29:41 - [TEST_CASE][PASSED] - Test Cases/Reusable_Test_Sequences/Web_Office/navigation/Navigate_Advanced_Company_Search: Test Cases/Reusable_Test_Sequences/Web_Office/navigation/Navigate_Advanced_Company_Search

2020-02-04 15:29:41 - [TEST_STEP][PASSED] - "--------------------------------------": null

2020-02-04 15:29:41 - [TEST_STEP][PASSED] - " Navigate Top level menu Item         |": null

2020-02-04 15:29:41 - [TEST_STEP][PASSED] - waitForPageLoad(60): Wait for page load successfully

2020-02-04 15:29:41 - [MESSAGE][PASSED] - Wait for page load successfully

2020-02-04 15:29:41 - [TEST_STEP][PASSED] - waitForElementClickable(findTestObject("Object Repository/WebOffice_Home_page/a_Companies"), 60): Object 'Object Repository/WebOffice_Home_page/a_Companies' is clickable

2020-02-04 15:29:41 - [MESSAGE][PASSED] - Object 'Object Repository/WebOffice_Home_page/a_Companies' is clickable

2020-02-04 15:29:41 - [TEST_STEP][PASSED] - mouseOver(findTestObject("Object Repository/WebOffice_Home_page/a_Companies")): Object: 'Object Repository/WebOffice_Home_page/a_Companies' is hovered

2020-02-04 15:29:42 - [MESSAGE][PASSED] - Object: 'Object Repository/WebOffice_Home_page/a_Companies' is hovered

2020-02-04 15:29:42 - [TEST_STEP][PASSED] - waitForElementClickable(findTestObject("Object Repository/WebOffice_Home_page/a_Company_Advanced_Search"), 1): Object 'Object Repository/WebOffice_Home_page/a_Company_Advanced_Search' is clickable

2020-02-04 15:29:42 - [MESSAGE][PASSED] - Object 'Object Repository/WebOffice_Home_page/a_Company_Advanced_Search' is clickable

2020-02-04 15:29:42 - [TEST_STEP][PASSED] - click(findTestObject("Object Repository/WebOffice_Home_page/a_Company_Advanced_Search")): Object: 'Object Repository/WebOffice_Home_page/a_Company_Advanced_Search' is clicked on

2020-02-04 15:29:44 - [MESSAGE][PASSED] - Object: 'Object Repository/WebOffice_Home_page/a_Company_Advanced_Search' is clicked on

2020-02-04 15:29:44 - [MESSAGE][PASSED] - Call Test Case 'Test Cases/Reusable_Test_Sequences/Web_Office/navigation/Navigate_Advanced_Company_Search' successfully

2020-02-04 15:29:44 - [TEST_STEP][PASSED] - "--------------------------------------": null

2020-02-04 15:29:44 - [TEST_STEP][PASSED] - " LH Pane  - Apply Search Criteria     |": null

2020-02-04 15:29:44 - [TEST_STEP][PASSED] - callTestCase(findTestCase("Reusable_Test_Sequences/Web_Office/Actions/Set_Advanced_Company_Data"), [:], STOP_ON_FAILURE): Call Test Case 'Test Cases/Reusable_Test_Sequences/Web_Office/Actions/Set_Advanced_Company_Data' successfully

2020-02-04 15:29:44 - [TEST_CASE][PASSED] - Test Cases/Reusable_Test_Sequences/Web_Office/Actions/Set_Advanced_Company_Data: Test Cases/Reusable_Test_Sequences/Web_Office/Actions/Set_Advanced_Company_Data

2020-02-04 15:29:44 - [TEST_STEP][PASSED] - "--------------------------------": null

2020-02-04 15:29:44 - [TEST_STEP][PASSED] - "Read data from spreadsheet      |": null

2020-02-04 15:29:44 - [TEST_STEP][PASSED] - data = findTestData("Data Files/Advance_Company_Search_Data"): null

2020-02-04 15:29:44 - [TEST_STEP][PASSED] - Trader_ID = data.getValue("Trader_ID", row): null

2020-02-04 15:29:44 - [TEST_STEP][PASSED] - Limited_Company_Number = data.getValue("Limited_Company_Number", row): null

2020-02-04 15:29:44 - [TEST_STEP][PASSED] - Company_Name = data.getValue("Company_Name", row): null

2020-02-04 15:29:44 - [TEST_STEP][PASSED] - Owner_Surname = data.getValue("Owner_Surname", row): null

2020-02-04 15:29:44 - [TEST_STEP][PASSED] - Owner_DOB = data.getValue("Owner_DOB", row): null

2020-02-04 15:29:44 - [TEST_STEP][PASSED] - Name_House = data.getValue("Name_House", row): null

2020-02-04 15:29:44 - [TEST_STEP][PASSED] - Number_Street = data.getValue("Number_Street", row): null

2020-02-04 15:29:44 - [TEST_STEP][PASSED] - Town = data.getValue("Town", row): null

2020-02-04 15:29:44 - [TEST_STEP][PASSED] - City = data.getValue("City", row): null

2020-02-04 15:29:44 - [TEST_STEP][PASSED] - County = data.getValue("County", row): null

2020-02-04 15:29:44 - [TEST_STEP][PASSED] - Postcode = data.getValue("Postcode", row): null

2020-02-04 15:29:44 - [TEST_STEP][PASSED] - Tel = data.getValue("Tel", row): null

2020-02-04 15:29:44 - [TEST_STEP][PASSED] - Email = data.getValue("Email", row): null

2020-02-04 15:29:44 - [TEST_STEP][PASSED] - "slack": null

2020-02-04 15:29:44 - [TEST_STEP][PASSED] - "--------------------------------": null

2020-02-04 15:29:44 - [TEST_STEP][PASSED] - " Synchronisation                |": null

2020-02-04 15:29:44 - [TEST_STEP][PASSED] - waitForPageLoad(60): Wait for page load successfully

2020-02-04 15:29:44 - [MESSAGE][PASSED] - Wait for page load successfully

2020-02-04 15:29:44 - [TEST_STEP][PASSED] - waitForElementVisible(findTestObject("Web_Office_Advanced_Company_Search/Page_/input_Clear_ctl00ctl00CP1ctlSearchbtnSearch"), 60): Object 'Object Repository/Web_Office_Advanced_Company_Search/Page_/input_Clear_ctl00ctl00CP1ctlSearchbtnSearch' is visible

2020-02-04 15:29:44 - [MESSAGE][PASSED] - Object 'Object Repository/Web_Office_Advanced_Company_Search/Page_/input_Clear_ctl00ctl00CP1ctlSearchbtnSearch' is visible

2020-02-04 15:29:44 - [TEST_STEP][PASSED] - "https://admin.preview.checkatrade.com/Companies/Search.aspx": null

2020-02-04 15:29:44 - [TEST_STEP][PASSED] - "-------------------------------------------------------------------------------------------------------------------------------------": null

2020-02-04 15:29:44 - [TEST_STEP][PASSED] - setText(findTestObject("Web_Office_Advanced_Company_Search/Page_/table_Trader ID"), Trader_ID): Text '' is set on object 'Object Repository/Web_Office_Advanced_Company_Search/Page_/table_Trader ID'

2020-02-04 15:29:44 - [MESSAGE][PASSED] - Text '' is set on object 'Object Repository/Web_Office_Advanced_Company_Search/Page_/table_Trader ID'

2020-02-04 15:29:44 - [TEST_STEP][PASSED] - "-------------------------------------------------------------------------------------------------------------------------------------": null

2020-02-04 15:29:44 - [TEST_STEP][PASSED] - setText(findTestObject("Web_Office_Advanced_Company_Search/Page_/input_Limited Company Number"), Limited_Company_Number): Text '4460222' is set on object 'Object Repository/Web_Office_Advanced_Company_Search/Page_/input_Limited Company Number'

2020-02-04 15:29:45 - [MESSAGE][PASSED] - Text '4460222' is set on object 'Object Repository/Web_Office_Advanced_Company_Search/Page_/input_Limited Company Number'

2020-02-04 15:29:45 - [TEST_STEP][PASSED] - "-------------------------------------------------------------------------------------------------------------------------------------": null

2020-02-04 15:29:45 - [TEST_STEP][PASSED] - setText(findTestObject("Web_Office_Advanced_Company_Search/Page_/input_Company Name"), Company_Name): Text '' is set on object 'Object Repository/Web_Office_Advanced_Company_Search/Page_/input_Company Name'

2020-02-04 15:29:45 - [MESSAGE][PASSED] - Text '' is set on object 'Object Repository/Web_Office_Advanced_Company_Search/Page_/input_Company Name'

2020-02-04 15:29:45 - [TEST_STEP][PASSED] - "-------------------------------------------------------------------------------------------------------------------------------------": null

2020-02-04 15:29:45 - [TEST_STEP][PASSED] - "Set Owner_Date of Birth": null

2020-02-04 15:29:45 - [TEST_STEP][PASSED] - "-------------------------------------------------------------------------------------------------------------------------------------": null

2020-02-04 15:29:45 - [TEST_STEP][PASSED] - setText(findTestObject("Web_Office_Advanced_Company_Search/Page_/input_Owner Surname"), Owner_Surname): Text '' is set on object 'Object Repository/Web_Office_Advanced_Company_Search/Page_/input_Owner Surname'

2020-02-04 15:29:46 - [MESSAGE][PASSED] - Text '' is set on object 'Object Repository/Web_Office_Advanced_Company_Search/Page_/input_Owner Surname'

2020-02-04 15:29:46 - [TEST_STEP][PASSED] - "-------------------------------------------------------------------------------------------------------------------------------------": null

2020-02-04 15:29:46 - [TEST_STEP][PASSED] - setText(findTestObject("Web_Office_Advanced_Company_Search/Page_/input_Name Of House"), Name_House): Text '' is set on object 'Object Repository/Web_Office_Advanced_Company_Search/Page_/input_Name Of House'

2020-02-04 15:29:46 - [MESSAGE][PASSED] - Text '' is set on object 'Object Repository/Web_Office_Advanced_Company_Search/Page_/input_Name Of House'

2020-02-04 15:29:46 - [TEST_STEP][PASSED] - "-------------------------------------------------------------------------------------------------------------------------------------": null

2020-02-04 15:29:46 - [TEST_STEP][PASSED] - "Set Street": null

2020-02-04 15:29:46 - [TEST_STEP][PASSED] - "-------------------------------------------------------------------------------------------------------------------------------------": null

2020-02-04 15:29:46 - [TEST_STEP][PASSED] - setText(findTestObject("Web_Office_Advanced_Company_Search/Page_/input_Town"), Town): Text '' is set on object 'Object Repository/Web_Office_Advanced_Company_Search/Page_/input_Town'

2020-02-04 15:29:47 - [MESSAGE][PASSED] - Text '' is set on object 'Object Repository/Web_Office_Advanced_Company_Search/Page_/input_Town'

2020-02-04 15:29:47 - [TEST_STEP][PASSED] - "-------------------------------------------------------------------------------------------------------------------------------------": null

2020-02-04 15:29:47 - [TEST_STEP][PASSED] - setText(findTestObject("Web_Office_Advanced_Company_Search/Page_/input_City"), City): Text '' is set on object 'Object Repository/Web_Office_Advanced_Company_Search/Page_/input_City'

2020-02-04 15:29:48 - [MESSAGE][PASSED] - Text '' is set on object 'Object Repository/Web_Office_Advanced_Company_Search/Page_/input_City'

2020-02-04 15:29:48 - [TEST_STEP][PASSED] - "-------------------------------------------------------------------------------------------------------------------------------------": null

2020-02-04 15:29:48 - [TEST_STEP][PASSED] - setText(findTestObject("Web_Office_Advanced_Company_Search/Page_/input_County"), County): Text '' is set on object 'Object Repository/Web_Office_Advanced_Company_Search/Page_/input_County'

2020-02-04 15:29:48 - [MESSAGE][PASSED] - Text '' is set on object 'Object Repository/Web_Office_Advanced_Company_Search/Page_/input_County'

2020-02-04 15:29:48 - [TEST_STEP][PASSED] - "-------------------------------------------------------------------------------------------------------------------------------------": null

2020-02-04 15:29:48 - [TEST_STEP][PASSED] - setText(findTestObject("Web_Office_Advanced_Company_Search/Page_/input_Postcode"), Postcode): Text '' is set on object 'Object Repository/Web_Office_Advanced_Company_Search/Page_/input_Postcode'

2020-02-04 15:29:48 - [MESSAGE][PASSED] - Text '' is set on object 'Object Repository/Web_Office_Advanced_Company_Search/Page_/input_Postcode'

2020-02-04 15:29:48 - [TEST_STEP][PASSED] - "-------------------------------------------------------------------------------------------------------------------------------------": null

2020-02-04 15:29:48 - [TEST_STEP][PASSED] - setText(findTestObject("Web_Office_Advanced_Company_Search/Page_/input_Telephone"), Tel): Text '' is set on object 'Object Repository/Web_Office_Advanced_Company_Search/Page_/input_Telephone'

2020-02-04 15:29:48 - [MESSAGE][PASSED] - Text '' is set on object 'Object Repository/Web_Office_Advanced_Company_Search/Page_/input_Telephone'

2020-02-04 15:29:48 - [TEST_STEP][PASSED] - "-------------------------------------------------------------------------------------------------------------------------------------": null

2020-02-04 15:29:48 - [TEST_STEP][PASSED] - setText(findTestObject("Web_Office_Advanced_Company_Search/Page_/input_Email"), Email): Text '' is set on object 'Object Repository/Web_Office_Advanced_Company_Search/Page_/input_Email'

2020-02-04 15:29:49 - [MESSAGE][PASSED] - Text '' is set on object 'Object Repository/Web_Office_Advanced_Company_Search/Page_/input_Email'

2020-02-04 15:29:49 - [TEST_STEP][PASSED] - "Set Status": null

2020-02-04 15:29:49 - [TEST_STEP][PASSED] - "-------------------------------------------------------------------------------------------------------------------------------------": null

2020-02-04 15:29:49 - [TEST_STEP][PASSED] - "Status 3 Options": null

2020-02-04 15:29:49 - [TEST_STEP][PASSED] - "-------------------------------------------------------------------------------------------------------------------------------------": null

2020-02-04 15:29:49 - [TEST_STEP][PASSED] - "Set Type": null

2020-02-04 15:29:49 - [TEST_STEP][PASSED] - "-------------------------------------------------------------------------------------------------------------------------------------": null

2020-02-04 15:29:49 - [TEST_STEP][PASSED] - "Type 3 Options": null

2020-02-04 15:29:49 - [TEST_STEP][PASSED] - "-------------------------------------------------------------------------------------------------------------------------------------": null

2020-02-04 15:29:49 - [TEST_STEP][PASSED] - scrollToPosition(0, 0): Browser is scrolled to position x = 0, y = 0

2020-02-04 15:29:49 - [MESSAGE][PASSED] - Browser is scrolled to position x = 0, y = 0

2020-02-04 15:29:49 - [TEST_STEP][PASSED] - waitForElementClickable(findTestObject("Web_Office_Advanced_Company_Search/Page_/Top_Search_Button"), 5): Object 'Object Repository/Web_Office_Advanced_Company_Search/Page_/Top_Search_Button' is clickable

2020-02-04 15:29:49 - [MESSAGE][PASSED] - Object 'Object Repository/Web_Office_Advanced_Company_Search/Page_/Top_Search_Button' is clickable

2020-02-04 15:29:49 - [TEST_STEP][PASSED] - click(findTestObject("Web_Office_Advanced_Company_Search/Page_/Top_Search_Button")): Object: 'Object Repository/Web_Office_Advanced_Company_Search/Page_/Top_Search_Button' is clicked on

2020-02-04 15:29:52 - [MESSAGE][PASSED] - Object: 'Object Repository/Web_Office_Advanced_Company_Search/Page_/Top_Search_Button' is clicked on

2020-02-04 15:29:52 - [MESSAGE][PASSED] - Call Test Case 'Test Cases/Reusable_Test_Sequences/Web_Office/Actions/Set_Advanced_Company_Data' successfully

2020-02-04 15:29:52 - [TEST_STEP][PASSED] - "--------------------------------------": null

2020-02-04 15:29:52 - [TEST_STEP][PASSED] - " Select Returned Record to Verify     |": null

2020-02-04 15:29:52 - [TEST_STEP][PASSED] - callTestCase(findTestCase("Reusable_Test_Sequences/Web_Office/Actions/Select_Company"), [:], OPTIONAL): Call Test Case 'Test Cases/Reusable_Test_Sequences/Web_Office/Actions/Select_Company' successfully

2020-02-04 15:29:52 - [TEST_CASE][PASSED] - Test Cases/Reusable_Test_Sequences/Web_Office/Actions/Select_Company: Test Cases/Reusable_Test_Sequences/Web_Office/Actions/Select_Company

2020-02-04 15:29:52 - [TEST_STEP][PASSED] - waitForPageLoad(60): Wait for page load successfully

2020-02-04 15:29:52 - [MESSAGE][PASSED] - Wait for page load successfully

2020-02-04 15:29:52 - [TEST_STEP][PASSED] - waitForElementClickable(findTestObject("Web_Office_Advanced_Company_Search/Page_/td_Returned_Company"), 5): Object 'Object Repository/Web_Office_Advanced_Company_Search/Page_/td_Returned_Company' is clickable

2020-02-04 15:29:53 - [MESSAGE][PASSED] - Object 'Object Repository/Web_Office_Advanced_Company_Search/Page_/td_Returned_Company' is clickable

2020-02-04 15:29:53 - [TEST_STEP][PASSED] - "-------------------------------------------------------------------------------------------------------------------------------------": null

2020-02-04 15:29:53 - [TEST_STEP][PASSED] - click(findTestObject("Web_Office_Advanced_Company_Search/Page_/td_Returned_Company")): Object: 'Object Repository/Web_Office_Advanced_Company_Search/Page_/td_Returned_Company' is clicked on

2020-02-04 15:29:54 - [MESSAGE][PASSED] - Object: 'Object Repository/Web_Office_Advanced_Company_Search/Page_/td_Returned_Company' is clicked on

2020-02-04 15:29:54 - [MESSAGE][PASSED] - Call Test Case 'Test Cases/Reusable_Test_Sequences/Web_Office/Actions/Select_Company' successfully

2020-02-04 15:29:54 - [TEST_STEP][PASSED] - "--------------------------------------": null

2020-02-04 15:29:54 - [TEST_STEP][PASSED] - " Verify Returned Company Record       |": null

2020-02-04 15:29:54 - [TEST_STEP][PASSED] - callTestCase(findTestCase("Reusable_Test_Sequences/Web_Office/Verification/Company_Returned_Advanced_Search_Record"), [:], OPTIONAL): Call Test Case 'Test Cases/Reusable_Test_Sequences/Web_Office/Verification/Company_Returned_Advanced_Search_Record' successfully

2020-02-04 15:29:55 - [TEST_CASE][PASSED] - Test Cases/Reusable_Test_Sequences/Web_Office/Verification/Company_Returned_Advanced_Search_Record: Test Cases/Reusable_Test_Sequences/Web_Office/Verification/Company_Returned_Advanced_Search_Record

2020-02-04 15:29:55 - [TEST_STEP][PASSED] - "--------------------------------": null

2020-02-04 15:29:55 - [TEST_STEP][PASSED] - "Read data from spreadsheet      | r_ = Returned Data": null

2020-02-04 15:29:55 - [TEST_STEP][PASSED] - data = findTestData("Data Files/Advance_Company_Search_Data"): null

2020-02-04 15:29:55 - [TEST_STEP][PASSED] - Trader_ID = data.getValue("Trader_ID", row): null

2020-02-04 15:29:55 - [TEST_STEP][PASSED] - Limited_Company_Number = data.getValue("Limited_Company_Number", row): null

2020-02-04 15:29:55 - [TEST_STEP][PASSED] - Company_Name = data.getValue("Company_Name", row): null

2020-02-04 15:29:55 - [TEST_STEP][PASSED] - Owner_Surname = data.getValue("Owner_Surname", row): null

2020-02-04 15:29:55 - [TEST_STEP][PASSED] - Owner_DOB = data.getValue("Owner_DOB", row): null

2020-02-04 15:29:55 - [TEST_STEP][PASSED] - Name_House = data.getValue("Name_House", row): null

2020-02-04 15:29:55 - [TEST_STEP][PASSED] - Number_Street = data.getValue("Number_Street", row): null

2020-02-04 15:29:55 - [TEST_STEP][PASSED] - Town = data.getValue("Town", row): null

2020-02-04 15:29:55 - [TEST_STEP][PASSED] - City = data.getValue("City", row): null

2020-02-04 15:29:55 - [TEST_STEP][PASSED] - County = data.getValue("County", row): null

2020-02-04 15:29:55 - [TEST_STEP][PASSED] - Postcode = data.getValue("Postcode", row): null

2020-02-04 15:29:55 - [TEST_STEP][PASSED] - Tel = data.getValue("Tel", row): null

2020-02-04 15:29:55 - [TEST_STEP][PASSED] - Email = data.getValue("Email", row): null

2020-02-04 15:29:55 - [TEST_STEP][PASSED] - "--------------------------------": null

2020-02-04 15:29:55 - [TEST_STEP][PASSED] - "Read data from spreadsheet      |": null

2020-02-04 15:29:55 - [TEST_STEP][PASSED] - Actual_Page_Text = "": null

2020-02-04 15:29:55 - [TEST_STEP][PASSED] - Expected_Page_Text = "": null

2020-02-04 15:29:55 - [TEST_STEP][PASSED] - waitForPageLoad(60): Wait for page load successfully

2020-02-04 15:29:55 - [MESSAGE][PASSED] - Wait for page load successfully

2020-02-04 15:29:55 - [TEST_STEP][PASSED] - delay(1): Delayed 1 second(s)

2020-02-04 15:29:56 - [MESSAGE][PASSED] - Delayed 1 second(s)

2020-02-04 15:29:56 - [TEST_STEP][PASSED] - "---------------------------------------------------------------------------------------------------------------------": null

2020-02-04 15:29:56 - [TEST_STEP][PASSED] - "HEADER DETAIL - iFrame": null

2020-02-04 15:29:56 - [TEST_STEP][PASSED] - "-----------------": null

2020-02-04 15:29:56 - [TEST_STEP][PASSED] - "PAGE_HEADER TEXT |": null

2020-02-04 15:29:56 - [TEST_STEP][PASSED] - verifyTextPresent(findTestData("Data Files/Advance_Company_Search_Data").getValue("Page_Header_Text", row), false): Text 'Kitchen Facelift & Renewal Limited' is present on page 

2020-02-04 15:29:57 - [MESSAGE][PASSED] - Text 'Kitchen Facelift & Renewal Limited' is present on page 

2020-02-04 15:29:57 - [TEST_STEP][PASSED] - "----------------": null

2020-02-04 15:29:57 - [TEST_STEP][PASSED] - "Email Address   |": null

2020-02-04 15:29:57 - [TEST_STEP][PASSED] - verifyTextPresent(findTestData("Data Files/Advance_Company_Search_Data").getValue("Email", row), false): Text '' is present on page 

2020-02-04 15:29:57 - [MESSAGE][PASSED] - Text '' is present on page 

2020-02-04 15:29:57 - [TEST_STEP][PASSED] - "----------------": null

2020-02-04 15:29:57 - [TEST_STEP][PASSED] - "Phone Number    |": null

2020-02-04 15:29:57 - [TEST_STEP][PASSED] - verifyTextPresent(findTestData("Data Files/Advance_Company_Search_Data").getValue("Tel", row), false): Text '' is present on page 

2020-02-04 15:29:58 - [MESSAGE][PASSED] - Text '' is present on page 

2020-02-04 15:29:58 - [TEST_STEP][PASSED] - "----------------": null

2020-02-04 15:29:58 - [TEST_STEP][PASSED] - "Trader ID       |": null

2020-02-04 15:29:58 - [TEST_STEP][PASSED] - verifyTextPresent(findTestData("Data Files/Advance_Company_Search_Data").getValue("Trader_ID", row), false): Text '' is present on page 

2020-02-04 15:29:59 - [MESSAGE][PASSED] - Text '' is present on page 

2020-02-04 15:29:59 - [TEST_STEP][PASSED] - "----------------": null

2020-02-04 15:29:59 - [TEST_STEP][PASSED] - "Postcode        |": null

2020-02-04 15:29:59 - [TEST_STEP][PASSED] - verifyTextPresent(findTestData("Data Files/Advance_Company_Search_Data").getValue("Postcode", row), false): Text '' is present on page 

2020-02-04 15:29:59 - [MESSAGE][PASSED] - Text '' is present on page 

2020-02-04 15:29:59 - [TEST_STEP][PASSED] - "----------------": null

2020-02-04 15:29:59 - [TEST_STEP][PASSED] - "Full Name       |": null

2020-02-04 15:29:59 - [TEST_STEP][PASSED] - verifyTextPresent(findTestData("Data Files/Advance_Company_Search_Data").getValue("Full_Name", row), false): Text 'Mr Steve Mercer' is present on page 

2020-02-04 15:30:00 - [MESSAGE][PASSED] - Text 'Mr Steve Mercer' is present on page 

2020-02-04 15:30:00 - [TEST_STEP][PASSED] - "----------------": null

2020-02-04 15:30:00 - [TEST_STEP][PASSED] - "Date of Birth   |": null

2020-02-04 15:30:00 - [TEST_STEP][PASSED] - verifyTextPresent(findTestData("Data Files/Advance_Company_Search_Data").getValue("Owner_DOB", row), false): Text '' is present on page 

2020-02-04 15:30:01 - [MESSAGE][PASSED] - Text '' is present on page 

2020-02-04 15:30:01 - [TEST_STEP][PASSED] - "----------------": null

2020-02-04 15:30:01 - [TEST_STEP][PASSED] - "Full Address    |": null

2020-02-04 15:30:01 - [TEST_STEP][PASSED] - verifyTextPresent(findTestData("Data Files/Advance_Company_Search_Data").getValue("Full_Address", row), false): Text 'Lyndale, Town Cross Avenue, Bognor Regis, West Sussex, PO21 2DN' is present on page 

2020-02-04 15:30:02 - [MESSAGE][PASSED] - Text 'Lyndale, Town Cross Avenue, Bognor Regis, West Sussex, PO21 2DN' is present on page 

2020-02-04 15:30:02 - [MESSAGE][PASSED] - Call Test Case 'Test Cases/Reusable_Test_Sequences/Web_Office/Verification/Company_Returned_Advanced_Search_Record' successfully

2020-02-04 15:30:02 - [TEST_STEP][PASSED] - "--------------------------": null

2020-02-04 15:30:02 - [TEST_STEP][PASSED] - " Teardown - CLose Browser |": null

2020-02-04 15:30:02 - [TEST_STEP][PASSED] - callTestCase(findTestCase("Reusable_Test_Sequences/CAT_Teardown"), [:], OPTIONAL): Call Test Case 'Test Cases/Reusable_Test_Sequences/CAT_Teardown' successfully

2020-02-04 15:30:02 - [TEST_CASE][PASSED] - Test Cases/Reusable_Test_Sequences/CAT_Teardown: Test Cases/Reusable_Test_Sequences/CAT_Teardown

2020-02-04 15:30:02 - [TEST_STEP][PASSED] - closeBrowser(): Browser is closed

2020-02-04 15:30:03 - [MESSAGE][PASSED] - Browser is closed

2020-02-04 15:30:03 - [MESSAGE][PASSED] - Call Test Case 'Test Cases/Reusable_Test_Sequences/CAT_Teardown' successfully

2020-02-04 15:30:04 - [TEST_STEP][PASSED] - "--------------------------------------": null

2020-02-04 15:30:04 - [TEST_STEP][PASSED] - " Web Office StartUp                  |": null

2020-02-04 15:30:04 - [TEST_STEP][PASSED] - callTestCase(findTestCase("Reusable_Test_Sequences/Web_Office/Directives/WebOffice_StartUp"), [:], STOP_ON_FAILURE): Call Test Case 'Test Cases/Reusable_Test_Sequences/Web_Office/Directives/WebOffice_StartUp' successfully

2020-02-04 15:30:04 - [TEST_CASE][PASSED] - Test Cases/Reusable_Test_Sequences/Web_Office/Directives/WebOffice_StartUp: Test Cases/Reusable_Test_Sequences/Web_Office/Directives/WebOffice_StartUp

2020-02-04 15:30:04 - [TEST_STEP][PASSED] - if (URL == "https://www.preview.checkatrade.com/"): null

2020-02-04 15:30:04 - [TEST_STEP][PASSED] - WebOfficeURL = "https://admin.preview.checkatrade.com/": null

2020-02-04 15:30:04 - [TEST_STEP][PASSED] - if (URL == "https://www.checkatrade.com/"): null

2020-02-04 15:30:04 - [TEST_STEP][PASSED] - "Set Function Area for "URL_Handler", URL Resolution": null

2020-02-04 15:30:04 - [TEST_STEP][PASSED] - "Do Some Magic with URL(s) See the comments within URL Handler ": null

2020-02-04 15:30:04 - [TEST_STEP][PASSED] - "------------------------------------------------": null

2020-02-04 15:30:04 - [TEST_STEP][PASSED] - "Moved Login Credentials to <Default> profile 22/01/2020": null

2020-02-04 15:30:04 - [TEST_STEP][PASSED] - "------------------------------------------------": null

2020-02-04 15:30:04 - [TEST_STEP][PASSED] - "WebOfficeURL - Set from the ENVIRONMENT PROFILE ": null

2020-02-04 15:30:04 - [TEST_STEP][PASSED] - "OPEN BROWSER": null

2020-02-04 15:30:04 - [TEST_STEP][PASSED] - "eg - https://admin.preview.checkatrade.com/  ": null

2020-02-04 15:30:04 - [TEST_STEP][PASSED] - openBrowser(WebOfficeURL): Browser is opened with url: 'https://admin.preview.checkatrade.com/'

2020-02-04 15:30:04 - [MESSAGE][INFO] - Starting 'Chrome' driver

2020-02-04 15:30:11 - [MESSAGE][PASSED] - Browser is opened with url: 'https://admin.preview.checkatrade.com/'

2020-02-04 15:30:11 - [TEST_STEP][PASSED] - maximizeWindow(): Current window maximized

2020-02-04 15:30:15 - [MESSAGE][PASSED] - Current window maximized

2020-02-04 15:30:15 - [TEST_STEP][PASSED] - waitForElementClickable(findTestObject("Object Repository/WebOffice/Page_Checkatrade - Administration - Login/Login_Button"), 25): Object 'Object Repository/WebOffice/Page_Checkatrade - Administration - Login/Login_Button' is clickable

2020-02-04 15:30:15 - [MESSAGE][PASSED] - Object 'Object Repository/WebOffice/Page_Checkatrade - Administration - Login/Login_Button' is clickable

2020-02-04 15:30:15 - [TEST_STEP][PASSED] - verifyTextPresent("Checkatrade Web Office", false): Text 'Checkatrade Web Office' is present on page 

2020-02-04 15:30:15 - [MESSAGE][PASSED] - Text 'Checkatrade Web Office' is present on page 

2020-02-04 15:30:15 - [TEST_STEP][PASSED] - verifyTextPresent("Access for staff use only", false): Text 'Access for staff use only' is present on page 

2020-02-04 15:30:15 - [MESSAGE][PASSED] - Text 'Access for staff use only' is present on page 

2020-02-04 15:30:15 - [TEST_STEP][PASSED] - verifyTextPresent("Forgotten password?", false): Text 'Forgotten password?' is present on page 

2020-02-04 15:30:15 - [MESSAGE][PASSED] - Text 'Forgotten password?' is present on page 

2020-02-04 15:30:15 - [TEST_STEP][PASSED] - setText(findTestObject("Object Repository/WebOffice/Page_Checkatrade - Administration - Login/input_Username_LoginControlUserName"), wo_Username): Text 'DavidHo' is set on object 'Object Repository/WebOffice/Page_Checkatrade - Administration - Login/input_Username_LoginControlUserName'

2020-02-04 15:30:16 - [MESSAGE][PASSED] - Text 'DavidHo' is set on object 'Object Repository/WebOffice/Page_Checkatrade - Administration - Login/input_Username_LoginControlUserName'

2020-02-04 15:30:16 - [TEST_STEP][PASSED] - setText(findTestObject("Object Repository/WebOffice/Page_Checkatrade - Administration - Login/input_Password_LoginControlPassword"), wo_Password): Text 'Check123' is set on object 'Object Repository/WebOffice/Page_Checkatrade - Administration - Login/input_Password_LoginControlPassword'

2020-02-04 15:30:16 - [MESSAGE][PASSED] - Text 'Check123' is set on object 'Object Repository/WebOffice/Page_Checkatrade - Administration - Login/input_Password_LoginControlPassword'

2020-02-04 15:30:16 - [TEST_STEP][PASSED] - click(findTestObject("Object Repository/WebOffice/Page_Checkatrade - Administration - Login/Login_Button")): Object: 'Object Repository/WebOffice/Page_Checkatrade - Administration - Login/Login_Button' is clicked on

2020-02-04 15:30:18 - [MESSAGE][PASSED] - Object: 'Object Repository/WebOffice/Page_Checkatrade - Administration - Login/Login_Button' is clicked on

2020-02-04 15:30:18 - [TEST_STEP][PASSED] - waitForPageLoad(60): Wait for page load successfully

2020-02-04 15:30:18 - [MESSAGE][PASSED] - Wait for page load successfully

2020-02-04 15:30:18 - [TEST_STEP][PASSED] - verifyTextPresent("Welcome " + wo_Username, false): Text 'Welcome DavidHo' is present on page 

2020-02-04 15:30:19 - [MESSAGE][PASSED] - Text 'Welcome DavidHo' is present on page 

2020-02-04 15:30:19 - [MESSAGE][PASSED] - Call Test Case 'Test Cases/Reusable_Test_Sequences/Web_Office/Directives/WebOffice_StartUp' successfully

2020-02-04 15:30:19 - [TEST_STEP][PASSED] - "--------------------------------------": null

2020-02-04 15:30:19 - [TEST_STEP][PASSED] - " Navigate to <Companies> Menu Item    |": null

2020-02-04 15:30:19 - [TEST_STEP][PASSED] - callTestCase(findTestCase("Reusable_Test_Sequences/Web_Office/navigation/Navigate_Advanced_Company_Search"), [:], STOP_ON_FAILURE): Call Test Case 'Test Cases/Reusable_Test_Sequences/Web_Office/navigation/Navigate_Advanced_Company_Search' successfully

2020-02-04 15:30:20 - [TEST_CASE][PASSED] - Test Cases/Reusable_Test_Sequences/Web_Office/navigation/Navigate_Advanced_Company_Search: Test Cases/Reusable_Test_Sequences/Web_Office/navigation/Navigate_Advanced_Company_Search

2020-02-04 15:30:20 - [TEST_STEP][PASSED] - "--------------------------------------": null

2020-02-04 15:30:20 - [TEST_STEP][PASSED] - " Navigate Top level menu Item         |": null

2020-02-04 15:30:20 - [TEST_STEP][PASSED] - waitForPageLoad(60): Wait for page load successfully

2020-02-04 15:30:20 - [MESSAGE][PASSED] - Wait for page load successfully

2020-02-04 15:30:20 - [TEST_STEP][PASSED] - waitForElementClickable(findTestObject("Object Repository/WebOffice_Home_page/a_Companies"), 60): Object 'Object Repository/WebOffice_Home_page/a_Companies' is clickable

2020-02-04 15:30:20 - [MESSAGE][PASSED] - Object 'Object Repository/WebOffice_Home_page/a_Companies' is clickable

2020-02-04 15:30:20 - [TEST_STEP][PASSED] - mouseOver(findTestObject("Object Repository/WebOffice_Home_page/a_Companies")): Object: 'Object Repository/WebOffice_Home_page/a_Companies' is hovered

2020-02-04 15:30:20 - [MESSAGE][PASSED] - Object: 'Object Repository/WebOffice_Home_page/a_Companies' is hovered

2020-02-04 15:30:20 - [TEST_STEP][PASSED] - waitForElementClickable(findTestObject("Object Repository/WebOffice_Home_page/a_Company_Advanced_Search"), 1): Object 'Object Repository/WebOffice_Home_page/a_Company_Advanced_Search' is clickable

2020-02-04 15:30:20 - [MESSAGE][PASSED] - Object 'Object Repository/WebOffice_Home_page/a_Company_Advanced_Search' is clickable

2020-02-04 15:30:20 - [TEST_STEP][PASSED] - click(findTestObject("Object Repository/WebOffice_Home_page/a_Company_Advanced_Search")): Object: 'Object Repository/WebOffice_Home_page/a_Company_Advanced_Search' is clicked on

2020-02-04 15:30:22 - [MESSAGE][PASSED] - Object: 'Object Repository/WebOffice_Home_page/a_Company_Advanced_Search' is clicked on

2020-02-04 15:30:22 - [MESSAGE][PASSED] - Call Test Case 'Test Cases/Reusable_Test_Sequences/Web_Office/navigation/Navigate_Advanced_Company_Search' successfully

2020-02-04 15:30:22 - [TEST_STEP][PASSED] - "--------------------------------------": null

2020-02-04 15:30:22 - [TEST_STEP][PASSED] - " LH Pane  - Apply Search Criteria     |": null

2020-02-04 15:30:22 - [TEST_STEP][PASSED] - callTestCase(findTestCase("Reusable_Test_Sequences/Web_Office/Actions/Set_Advanced_Company_Data"), [:], STOP_ON_FAILURE): Call Test Case 'Test Cases/Reusable_Test_Sequences/Web_Office/Actions/Set_Advanced_Company_Data' successfully

2020-02-04 15:30:22 - [TEST_CASE][PASSED] - Test Cases/Reusable_Test_Sequences/Web_Office/Actions/Set_Advanced_Company_Data: Test Cases/Reusable_Test_Sequences/Web_Office/Actions/Set_Advanced_Company_Data

2020-02-04 15:30:22 - [TEST_STEP][PASSED] - "--------------------------------": null

2020-02-04 15:30:22 - [TEST_STEP][PASSED] - "Read data from spreadsheet      |": null

2020-02-04 15:30:22 - [TEST_STEP][PASSED] - data = findTestData("Data Files/Advance_Company_Search_Data"): null

2020-02-04 15:30:22 - [TEST_STEP][PASSED] - Trader_ID = data.getValue("Trader_ID", row): null

2020-02-04 15:30:22 - [TEST_STEP][PASSED] - Limited_Company_Number = data.getValue("Limited_Company_Number", row): null

2020-02-04 15:30:22 - [TEST_STEP][PASSED] - Company_Name = data.getValue("Company_Name", row): null

2020-02-04 15:30:22 - [TEST_STEP][PASSED] - Owner_Surname = data.getValue("Owner_Surname", row): null

2020-02-04 15:30:22 - [TEST_STEP][PASSED] - Owner_DOB = data.getValue("Owner_DOB", row): null

2020-02-04 15:30:22 - [TEST_STEP][PASSED] - Name_House = data.getValue("Name_House", row): null

2020-02-04 15:30:22 - [TEST_STEP][PASSED] - Number_Street = data.getValue("Number_Street", row): null

2020-02-04 15:30:22 - [TEST_STEP][PASSED] - Town = data.getValue("Town", row): null

2020-02-04 15:30:22 - [TEST_STEP][PASSED] - City = data.getValue("City", row): null

2020-02-04 15:30:22 - [TEST_STEP][PASSED] - County = data.getValue("County", row): null

2020-02-04 15:30:22 - [TEST_STEP][PASSED] - Postcode = data.getValue("Postcode", row): null

2020-02-04 15:30:22 - [TEST_STEP][PASSED] - Tel = data.getValue("Tel", row): null

2020-02-04 15:30:22 - [TEST_STEP][PASSED] - Email = data.getValue("Email", row): null

2020-02-04 15:30:22 - [TEST_STEP][PASSED] - "slack": null

2020-02-04 15:30:22 - [TEST_STEP][PASSED] - "--------------------------------": null

2020-02-04 15:30:22 - [TEST_STEP][PASSED] - " Synchronisation                |": null

2020-02-04 15:30:22 - [TEST_STEP][PASSED] - waitForPageLoad(60): Wait for page load successfully

2020-02-04 15:30:22 - [MESSAGE][PASSED] - Wait for page load successfully

2020-02-04 15:30:22 - [TEST_STEP][PASSED] - waitForElementVisible(findTestObject("Web_Office_Advanced_Company_Search/Page_/input_Clear_ctl00ctl00CP1ctlSearchbtnSearch"), 60): Object 'Object Repository/Web_Office_Advanced_Company_Search/Page_/input_Clear_ctl00ctl00CP1ctlSearchbtnSearch' is visible

2020-02-04 15:30:22 - [MESSAGE][PASSED] - Object 'Object Repository/Web_Office_Advanced_Company_Search/Page_/input_Clear_ctl00ctl00CP1ctlSearchbtnSearch' is visible

2020-02-04 15:30:22 - [TEST_STEP][PASSED] - "https://admin.preview.checkatrade.com/Companies/Search.aspx": null

2020-02-04 15:30:22 - [TEST_STEP][PASSED] - "-------------------------------------------------------------------------------------------------------------------------------------": null

2020-02-04 15:30:22 - [TEST_STEP][PASSED] - setText(findTestObject("Web_Office_Advanced_Company_Search/Page_/table_Trader ID"), Trader_ID): Text '105' is set on object 'Object Repository/Web_Office_Advanced_Company_Search/Page_/table_Trader ID'

2020-02-04 15:30:22 - [MESSAGE][PASSED] - Text '105' is set on object 'Object Repository/Web_Office_Advanced_Company_Search/Page_/table_Trader ID'

2020-02-04 15:30:22 - [TEST_STEP][PASSED] - "-------------------------------------------------------------------------------------------------------------------------------------": null

2020-02-04 15:30:22 - [TEST_STEP][PASSED] - setText(findTestObject("Web_Office_Advanced_Company_Search/Page_/input_Limited Company Number"), Limited_Company_Number): Text '' is set on object 'Object Repository/Web_Office_Advanced_Company_Search/Page_/input_Limited Company Number'

2020-02-04 15:30:23 - [MESSAGE][PASSED] - Text '' is set on object 'Object Repository/Web_Office_Advanced_Company_Search/Page_/input_Limited Company Number'

2020-02-04 15:30:23 - [TEST_STEP][PASSED] - "-------------------------------------------------------------------------------------------------------------------------------------": null

2020-02-04 15:30:23 - [TEST_STEP][PASSED] - setText(findTestObject("Web_Office_Advanced_Company_Search/Page_/input_Company Name"), Company_Name): Text '' is set on object 'Object Repository/Web_Office_Advanced_Company_Search/Page_/input_Company Name'

2020-02-04 15:30:23 - [MESSAGE][PASSED] - Text '' is set on object 'Object Repository/Web_Office_Advanced_Company_Search/Page_/input_Company Name'

2020-02-04 15:30:23 - [TEST_STEP][PASSED] - "-------------------------------------------------------------------------------------------------------------------------------------": null

2020-02-04 15:30:23 - [TEST_STEP][PASSED] - "Set Owner_Date of Birth": null

2020-02-04 15:30:23 - [TEST_STEP][PASSED] - "-------------------------------------------------------------------------------------------------------------------------------------": null

2020-02-04 15:30:23 - [TEST_STEP][PASSED] - setText(findTestObject("Web_Office_Advanced_Company_Search/Page_/input_Owner Surname"), Owner_Surname): Text '' is set on object 'Object Repository/Web_Office_Advanced_Company_Search/Page_/input_Owner Surname'

2020-02-04 15:30:23 - [MESSAGE][PASSED] - Text '' is set on object 'Object Repository/Web_Office_Advanced_Company_Search/Page_/input_Owner Surname'

2020-02-04 15:30:23 - [TEST_STEP][PASSED] - "-------------------------------------------------------------------------------------------------------------------------------------": null

2020-02-04 15:30:23 - [TEST_STEP][PASSED] - setText(findTestObject("Web_Office_Advanced_Company_Search/Page_/input_Name Of House"), Name_House): Text '' is set on object 'Object Repository/Web_Office_Advanced_Company_Search/Page_/input_Name Of House'

2020-02-04 15:30:23 - [MESSAGE][PASSED] - Text '' is set on object 'Object Repository/Web_Office_Advanced_Company_Search/Page_/input_Name Of House'

2020-02-04 15:30:23 - [TEST_STEP][PASSED] - "-------------------------------------------------------------------------------------------------------------------------------------": null

2020-02-04 15:30:23 - [TEST_STEP][PASSED] - "Set Street": null

2020-02-04 15:30:23 - [TEST_STEP][PASSED] - "-------------------------------------------------------------------------------------------------------------------------------------": null

2020-02-04 15:30:23 - [TEST_STEP][PASSED] - setText(findTestObject("Web_Office_Advanced_Company_Search/Page_/input_Town"), Town): Text '' is set on object 'Object Repository/Web_Office_Advanced_Company_Search/Page_/input_Town'

2020-02-04 15:30:23 - [MESSAGE][PASSED] - Text '' is set on object 'Object Repository/Web_Office_Advanced_Company_Search/Page_/input_Town'

2020-02-04 15:30:23 - [TEST_STEP][PASSED] - "-------------------------------------------------------------------------------------------------------------------------------------": null

2020-02-04 15:30:23 - [TEST_STEP][PASSED] - setText(findTestObject("Web_Office_Advanced_Company_Search/Page_/input_City"), City): Text '' is set on object 'Object Repository/Web_Office_Advanced_Company_Search/Page_/input_City'

2020-02-04 15:30:23 - [MESSAGE][PASSED] - Text '' is set on object 'Object Repository/Web_Office_Advanced_Company_Search/Page_/input_City'

2020-02-04 15:30:23 - [TEST_STEP][PASSED] - "-------------------------------------------------------------------------------------------------------------------------------------": null

2020-02-04 15:30:23 - [TEST_STEP][PASSED] - setText(findTestObject("Web_Office_Advanced_Company_Search/Page_/input_County"), County): Text '' is set on object 'Object Repository/Web_Office_Advanced_Company_Search/Page_/input_County'

2020-02-04 15:30:24 - [MESSAGE][PASSED] - Text '' is set on object 'Object Repository/Web_Office_Advanced_Company_Search/Page_/input_County'

2020-02-04 15:30:24 - [TEST_STEP][PASSED] - "-------------------------------------------------------------------------------------------------------------------------------------": null

2020-02-04 15:30:24 - [TEST_STEP][PASSED] - setText(findTestObject("Web_Office_Advanced_Company_Search/Page_/input_Postcode"), Postcode): Text '' is set on object 'Object Repository/Web_Office_Advanced_Company_Search/Page_/input_Postcode'

2020-02-04 15:30:24 - [MESSAGE][PASSED] - Text '' is set on object 'Object Repository/Web_Office_Advanced_Company_Search/Page_/input_Postcode'

2020-02-04 15:30:24 - [TEST_STEP][PASSED] - "-------------------------------------------------------------------------------------------------------------------------------------": null

2020-02-04 15:30:24 - [TEST_STEP][PASSED] - setText(findTestObject("Web_Office_Advanced_Company_Search/Page_/input_Telephone"), Tel): Text '' is set on object 'Object Repository/Web_Office_Advanced_Company_Search/Page_/input_Telephone'

2020-02-04 15:30:24 - [MESSAGE][PASSED] - Text '' is set on object 'Object Repository/Web_Office_Advanced_Company_Search/Page_/input_Telephone'

2020-02-04 15:30:24 - [TEST_STEP][PASSED] - "-------------------------------------------------------------------------------------------------------------------------------------": null

2020-02-04 15:30:24 - [TEST_STEP][PASSED] - setText(findTestObject("Web_Office_Advanced_Company_Search/Page_/input_Email"), Email): Text '' is set on object 'Object Repository/Web_Office_Advanced_Company_Search/Page_/input_Email'

2020-02-04 15:30:25 - [MESSAGE][PASSED] - Text '' is set on object 'Object Repository/Web_Office_Advanced_Company_Search/Page_/input_Email'

2020-02-04 15:30:25 - [TEST_STEP][PASSED] - "Set Status": null

2020-02-04 15:30:25 - [TEST_STEP][PASSED] - "-------------------------------------------------------------------------------------------------------------------------------------": null

2020-02-04 15:30:25 - [TEST_STEP][PASSED] - "Status 3 Options": null

2020-02-04 15:30:25 - [TEST_STEP][PASSED] - "-------------------------------------------------------------------------------------------------------------------------------------": null

2020-02-04 15:30:25 - [TEST_STEP][PASSED] - "Set Type": null

2020-02-04 15:30:25 - [TEST_STEP][PASSED] - "-------------------------------------------------------------------------------------------------------------------------------------": null

2020-02-04 15:30:25 - [TEST_STEP][PASSED] - "Type 3 Options": null

2020-02-04 15:30:25 - [TEST_STEP][PASSED] - "-------------------------------------------------------------------------------------------------------------------------------------": null

2020-02-04 15:30:25 - [TEST_STEP][PASSED] - scrollToPosition(0, 0): Browser is scrolled to position x = 0, y = 0

2020-02-04 15:30:25 - [MESSAGE][PASSED] - Browser is scrolled to position x = 0, y = 0

2020-02-04 15:30:25 - [TEST_STEP][PASSED] - waitForElementClickable(findTestObject("Web_Office_Advanced_Company_Search/Page_/Top_Search_Button"), 5): Object 'Object Repository/Web_Office_Advanced_Company_Search/Page_/Top_Search_Button' is clickable

2020-02-04 15:30:25 - [MESSAGE][PASSED] - Object 'Object Repository/Web_Office_Advanced_Company_Search/Page_/Top_Search_Button' is clickable

2020-02-04 15:30:25 - [TEST_STEP][PASSED] - click(findTestObject("Web_Office_Advanced_Company_Search/Page_/Top_Search_Button")): Object: 'Object Repository/Web_Office_Advanced_Company_Search/Page_/Top_Search_Button' is clicked on

2020-02-04 15:30:29 - [MESSAGE][PASSED] - Object: 'Object Repository/Web_Office_Advanced_Company_Search/Page_/Top_Search_Button' is clicked on

2020-02-04 15:30:29 - [MESSAGE][PASSED] - Call Test Case 'Test Cases/Reusable_Test_Sequences/Web_Office/Actions/Set_Advanced_Company_Data' successfully

2020-02-04 15:30:29 - [TEST_STEP][PASSED] - "--------------------------------------": null

2020-02-04 15:30:29 - [TEST_STEP][PASSED] - " Select Returned Record to Verify     |": null

2020-02-04 15:30:29 - [TEST_STEP][PASSED] - callTestCase(findTestCase("Reusable_Test_Sequences/Web_Office/Actions/Select_Company"), [:], OPTIONAL): Call Test Case 'Test Cases/Reusable_Test_Sequences/Web_Office/Actions/Select_Company' successfully

2020-02-04 15:30:29 - [TEST_CASE][PASSED] - Test Cases/Reusable_Test_Sequences/Web_Office/Actions/Select_Company: Test Cases/Reusable_Test_Sequences/Web_Office/Actions/Select_Company

2020-02-04 15:30:29 - [TEST_STEP][PASSED] - waitForPageLoad(60): Wait for page load successfully

2020-02-04 15:30:29 - [MESSAGE][PASSED] - Wait for page load successfully

2020-02-04 15:30:29 - [TEST_STEP][PASSED] - waitForElementClickable(findTestObject("Web_Office_Advanced_Company_Search/Page_/td_Returned_Company"), 5): Object 'Object Repository/Web_Office_Advanced_Company_Search/Page_/td_Returned_Company' is clickable

2020-02-04 15:30:29 - [MESSAGE][PASSED] - Object 'Object Repository/Web_Office_Advanced_Company_Search/Page_/td_Returned_Company' is clickable

2020-02-04 15:30:29 - [TEST_STEP][PASSED] - "-------------------------------------------------------------------------------------------------------------------------------------": null

2020-02-04 15:30:29 - [TEST_STEP][PASSED] - click(findTestObject("Web_Office_Advanced_Company_Search/Page_/td_Returned_Company")): Object: 'Object Repository/Web_Office_Advanced_Company_Search/Page_/td_Returned_Company' is clicked on

2020-02-04 15:30:31 - [MESSAGE][PASSED] - Object: 'Object Repository/Web_Office_Advanced_Company_Search/Page_/td_Returned_Company' is clicked on

2020-02-04 15:30:31 - [MESSAGE][PASSED] - Call Test Case 'Test Cases/Reusable_Test_Sequences/Web_Office/Actions/Select_Company' successfully

2020-02-04 15:30:31 - [TEST_STEP][PASSED] - "--------------------------------------": null

2020-02-04 15:30:31 - [TEST_STEP][PASSED] - " Verify Returned Company Record       |": null

2020-02-04 15:30:31 - [TEST_STEP][PASSED] - callTestCase(findTestCase("Reusable_Test_Sequences/Web_Office/Verification/Company_Returned_Advanced_Search_Record"), [:], OPTIONAL): Call Test Case 'Test Cases/Reusable_Test_Sequences/Web_Office/Verification/Company_Returned_Advanced_Search_Record' successfully

2020-02-04 15:30:31 - [TEST_CASE][PASSED] - Test Cases/Reusable_Test_Sequences/Web_Office/Verification/Company_Returned_Advanced_Search_Record: Test Cases/Reusable_Test_Sequences/Web_Office/Verification/Company_Returned_Advanced_Search_Record

2020-02-04 15:30:31 - [TEST_STEP][PASSED] - "--------------------------------": null

2020-02-04 15:30:31 - [TEST_STEP][PASSED] - "Read data from spreadsheet      | r_ = Returned Data": null

2020-02-04 15:30:31 - [TEST_STEP][PASSED] - data = findTestData("Data Files/Advance_Company_Search_Data"): null

2020-02-04 15:30:31 - [TEST_STEP][PASSED] - Trader_ID = data.getValue("Trader_ID", row): null

2020-02-04 15:30:31 - [TEST_STEP][PASSED] - Limited_Company_Number = data.getValue("Limited_Company_Number", row): null

2020-02-04 15:30:31 - [TEST_STEP][PASSED] - Company_Name = data.getValue("Company_Name", row): null

2020-02-04 15:30:31 - [TEST_STEP][PASSED] - Owner_Surname = data.getValue("Owner_Surname", row): null

2020-02-04 15:30:31 - [TEST_STEP][PASSED] - Owner_DOB = data.getValue("Owner_DOB", row): null

2020-02-04 15:30:31 - [TEST_STEP][PASSED] - Name_House = data.getValue("Name_House", row): null

2020-02-04 15:30:31 - [TEST_STEP][PASSED] - Number_Street = data.getValue("Number_Street", row): null

2020-02-04 15:30:31 - [TEST_STEP][PASSED] - Town = data.getValue("Town", row): null

2020-02-04 15:30:31 - [TEST_STEP][PASSED] - City = data.getValue("City", row): null

2020-02-04 15:30:31 - [TEST_STEP][PASSED] - County = data.getValue("County", row): null

2020-02-04 15:30:31 - [TEST_STEP][PASSED] - Postcode = data.getValue("Postcode", row): null

2020-02-04 15:30:31 - [TEST_STEP][PASSED] - Tel = data.getValue("Tel", row): null

2020-02-04 15:30:31 - [TEST_STEP][PASSED] - Email = data.getValue("Email", row): null

2020-02-04 15:30:31 - [TEST_STEP][PASSED] - "--------------------------------": null

2020-02-04 15:30:31 - [TEST_STEP][PASSED] - "Read data from spreadsheet      |": null

2020-02-04 15:30:31 - [TEST_STEP][PASSED] - Actual_Page_Text = "": null

2020-02-04 15:30:31 - [TEST_STEP][PASSED] - Expected_Page_Text = "": null

2020-02-04 15:30:31 - [TEST_STEP][PASSED] - waitForPageLoad(60): Wait for page load successfully

2020-02-04 15:30:31 - [MESSAGE][PASSED] - Wait for page load successfully

2020-02-04 15:30:31 - [TEST_STEP][PASSED] - delay(1): Delayed 1 second(s)

2020-02-04 15:30:32 - [MESSAGE][PASSED] - Delayed 1 second(s)

2020-02-04 15:30:32 - [TEST_STEP][PASSED] - "---------------------------------------------------------------------------------------------------------------------": null

2020-02-04 15:30:32 - [TEST_STEP][PASSED] - "HEADER DETAIL - iFrame": null

2020-02-04 15:30:32 - [TEST_STEP][PASSED] - "-----------------": null

2020-02-04 15:30:32 - [TEST_STEP][PASSED] - "PAGE_HEADER TEXT |": null

2020-02-04 15:30:32 - [TEST_STEP][PASSED] - verifyTextPresent(findTestData("Data Files/Advance_Company_Search_Data").getValue("Page_Header_Text", row), false): Text 'Symes Garden Services' is present on page 

2020-02-04 15:30:33 - [MESSAGE][PASSED] - Text 'Symes Garden Services' is present on page 

2020-02-04 15:30:33 - [TEST_STEP][PASSED] - "----------------": null

2020-02-04 15:30:33 - [TEST_STEP][PASSED] - "Email Address   |": null

2020-02-04 15:30:33 - [TEST_STEP][PASSED] - verifyTextPresent(findTestData("Data Files/Advance_Company_Search_Data").getValue("Email", row), false): Text '' is present on page 

2020-02-04 15:30:34 - [MESSAGE][PASSED] - Text '' is present on page 

2020-02-04 15:30:34 - [TEST_STEP][PASSED] - "----------------": null

2020-02-04 15:30:34 - [TEST_STEP][PASSED] - "Phone Number    |": null

2020-02-04 15:30:34 - [TEST_STEP][PASSED] - verifyTextPresent(findTestData("Data Files/Advance_Company_Search_Data").getValue("Tel", row), false): Text '' is present on page 

2020-02-04 15:30:35 - [MESSAGE][PASSED] - Text '' is present on page 

2020-02-04 15:30:35 - [TEST_STEP][PASSED] - "----------------": null

2020-02-04 15:30:35 - [TEST_STEP][PASSED] - "Trader ID       |": null

2020-02-04 15:30:35 - [TEST_STEP][PASSED] - verifyTextPresent(findTestData("Data Files/Advance_Company_Search_Data").getValue("Trader_ID", row), false): Text '105' is present on page 

2020-02-04 15:30:35 - [MESSAGE][PASSED] - Text '105' is present on page 

2020-02-04 15:30:35 - [TEST_STEP][PASSED] - "----------------": null

2020-02-04 15:30:35 - [TEST_STEP][PASSED] - "Postcode        |": null

2020-02-04 15:30:35 - [TEST_STEP][PASSED] - verifyTextPresent(findTestData("Data Files/Advance_Company_Search_Data").getValue("Postcode", row), false): Text '' is present on page 

2020-02-04 15:30:36 - [MESSAGE][PASSED] - Text '' is present on page 

2020-02-04 15:30:36 - [TEST_STEP][PASSED] - "----------------": null

2020-02-04 15:30:36 - [TEST_STEP][PASSED] - "Full Name       |": null

2020-02-04 15:30:36 - [TEST_STEP][PASSED] - verifyTextPresent(findTestData("Data Files/Advance_Company_Search_Data").getValue("Full_Name", row), false): Text 'Mr Bob Symes' is present on page 

2020-02-04 15:30:37 - [MESSAGE][PASSED] - Text 'Mr Bob Symes' is present on page 

2020-02-04 15:30:37 - [TEST_STEP][PASSED] - "----------------": null

2020-02-04 15:30:37 - [TEST_STEP][PASSED] - "Date of Birth   |": null

2020-02-04 15:30:37 - [TEST_STEP][PASSED] - verifyTextPresent(findTestData("Data Files/Advance_Company_Search_Data").getValue("Owner_DOB", row), false): Text '' is present on page 

2020-02-04 15:30:38 - [MESSAGE][PASSED] - Text '' is present on page 

2020-02-04 15:30:38 - [TEST_STEP][PASSED] - "----------------": null

2020-02-04 15:30:38 - [TEST_STEP][PASSED] - "Full Address    |": null

2020-02-04 15:30:38 - [TEST_STEP][PASSED] - verifyTextPresent(findTestData("Data Files/Advance_Company_Search_Data").getValue("Full_Address", row), false): Text '8 The Newlands, Wallington, Greater London, SM6 9JU' is present on page 

2020-02-04 15:30:38 - [MESSAGE][PASSED] - Text '8 The Newlands, Wallington, Greater London, SM6 9JU' is present on page 

2020-02-04 15:30:38 - [MESSAGE][PASSED] - Call Test Case 'Test Cases/Reusable_Test_Sequences/Web_Office/Verification/Company_Returned_Advanced_Search_Record' successfully

2020-02-04 15:30:38 - [TEST_STEP][PASSED] - "--------------------------": null

2020-02-04 15:30:38 - [TEST_STEP][PASSED] - " Teardown - CLose Browser |": null

2020-02-04 15:30:38 - [TEST_STEP][PASSED] - callTestCase(findTestCase("Reusable_Test_Sequences/CAT_Teardown"), [:], OPTIONAL): Call Test Case 'Test Cases/Reusable_Test_Sequences/CAT_Teardown' successfully

2020-02-04 15:30:38 - [TEST_CASE][PASSED] - Test Cases/Reusable_Test_Sequences/CAT_Teardown: Test Cases/Reusable_Test_Sequences/CAT_Teardown

2020-02-04 15:30:38 - [TEST_STEP][PASSED] - closeBrowser(): Browser is closed

2020-02-04 15:30:39 - [MESSAGE][PASSED] - Browser is closed

2020-02-04 15:30:39 - [MESSAGE][PASSED] - Call Test Case 'Test Cases/Reusable_Test_Sequences/CAT_Teardown' successfully]]></system-out>
         <system-err><![CDATA[]]></system-err>
      </testcase>
      <testcase name="Test Cases/Web_Office/WebOffice_Consumer_Search" time="169.97" classname="Test Cases/Web_Office/WebOffice_Consumer_Search" status="PASSED">
         <system-out><![CDATA[2020-02-04 15:30:39 - [TEST_CASE][PASSED] - Test Cases/Web_Office/WebOffice_Consumer_Search: Test Cases/Web_Office/WebOffice_Consumer_Search

2020-02-04 15:30:39 - [TEST_STEP][PASSED] - for ([row = 1, row <= findTestData("Consumer_Data (1)").getRowNumbers(), (internal.GlobalVariable.row++)]): Call Test Case 'Test Cases/Reusable_Test_Sequences/CAT_Teardown' successfully

2020-02-04 15:30:39 - [TEST_STEP][PASSED] - "--------------------------------------": null

2020-02-04 15:30:39 - [TEST_STEP][PASSED] - " Web Office StartUp                   |": null

2020-02-04 15:30:39 - [TEST_STEP][PASSED] - callTestCase(findTestCase("Reusable_Test_Sequences/Web_Office/Directives/WebOffice_StartUp"), [:], OPTIONAL): Call Test Case 'Test Cases/Reusable_Test_Sequences/Web_Office/Directives/WebOffice_StartUp' successfully

2020-02-04 15:30:39 - [TEST_CASE][PASSED] - Test Cases/Reusable_Test_Sequences/Web_Office/Directives/WebOffice_StartUp: Test Cases/Reusable_Test_Sequences/Web_Office/Directives/WebOffice_StartUp

2020-02-04 15:30:39 - [TEST_STEP][PASSED] - if (URL == "https://www.preview.checkatrade.com/"): null

2020-02-04 15:30:39 - [TEST_STEP][PASSED] - WebOfficeURL = "https://admin.preview.checkatrade.com/": null

2020-02-04 15:30:39 - [TEST_STEP][PASSED] - if (URL == "https://www.checkatrade.com/"): null

2020-02-04 15:30:39 - [TEST_STEP][PASSED] - "Set Function Area for "URL_Handler", URL Resolution": null

2020-02-04 15:30:39 - [TEST_STEP][PASSED] - "Do Some Magic with URL(s) See the comments within URL Handler ": null

2020-02-04 15:30:39 - [TEST_STEP][PASSED] - "------------------------------------------------": null

2020-02-04 15:30:39 - [TEST_STEP][PASSED] - "Moved Login Credentials to <Default> profile 22/01/2020": null

2020-02-04 15:30:39 - [TEST_STEP][PASSED] - "------------------------------------------------": null

2020-02-04 15:30:39 - [TEST_STEP][PASSED] - "WebOfficeURL - Set from the ENVIRONMENT PROFILE ": null

2020-02-04 15:30:39 - [TEST_STEP][PASSED] - "OPEN BROWSER": null

2020-02-04 15:30:39 - [TEST_STEP][PASSED] - "eg - https://admin.preview.checkatrade.com/  ": null

2020-02-04 15:30:39 - [TEST_STEP][PASSED] - openBrowser(WebOfficeURL): Browser is opened with url: 'https://admin.preview.checkatrade.com/'

2020-02-04 15:30:39 - [MESSAGE][INFO] - Starting 'Chrome' driver

2020-02-04 15:30:46 - [MESSAGE][PASSED] - Browser is opened with url: 'https://admin.preview.checkatrade.com/'

2020-02-04 15:30:46 - [TEST_STEP][PASSED] - maximizeWindow(): Current window maximized

2020-02-04 15:30:51 - [MESSAGE][PASSED] - Current window maximized

2020-02-04 15:30:51 - [TEST_STEP][PASSED] - waitForElementClickable(findTestObject("Object Repository/WebOffice/Page_Checkatrade - Administration - Login/Login_Button"), 25): Object 'Object Repository/WebOffice/Page_Checkatrade - Administration - Login/Login_Button' is clickable

2020-02-04 15:30:51 - [MESSAGE][PASSED] - Object 'Object Repository/WebOffice/Page_Checkatrade - Administration - Login/Login_Button' is clickable

2020-02-04 15:30:51 - [TEST_STEP][PASSED] - verifyTextPresent("Checkatrade Web Office", false): Text 'Checkatrade Web Office' is present on page 

2020-02-04 15:30:51 - [MESSAGE][PASSED] - Text 'Checkatrade Web Office' is present on page 

2020-02-04 15:30:51 - [TEST_STEP][PASSED] - verifyTextPresent("Access for staff use only", false): Text 'Access for staff use only' is present on page 

2020-02-04 15:30:51 - [MESSAGE][PASSED] - Text 'Access for staff use only' is present on page 

2020-02-04 15:30:51 - [TEST_STEP][PASSED] - verifyTextPresent("Forgotten password?", false): Text 'Forgotten password?' is present on page 

2020-02-04 15:30:51 - [MESSAGE][PASSED] - Text 'Forgotten password?' is present on page 

2020-02-04 15:30:51 - [TEST_STEP][PASSED] - setText(findTestObject("Object Repository/WebOffice/Page_Checkatrade - Administration - Login/input_Username_LoginControlUserName"), wo_Username): Text 'DavidHo' is set on object 'Object Repository/WebOffice/Page_Checkatrade - Administration - Login/input_Username_LoginControlUserName'

2020-02-04 15:30:52 - [MESSAGE][PASSED] - Text 'DavidHo' is set on object 'Object Repository/WebOffice/Page_Checkatrade - Administration - Login/input_Username_LoginControlUserName'

2020-02-04 15:30:52 - [TEST_STEP][PASSED] - setText(findTestObject("Object Repository/WebOffice/Page_Checkatrade - Administration - Login/input_Password_LoginControlPassword"), wo_Password): Text 'Check123' is set on object 'Object Repository/WebOffice/Page_Checkatrade - Administration - Login/input_Password_LoginControlPassword'

2020-02-04 15:30:52 - [MESSAGE][PASSED] - Text 'Check123' is set on object 'Object Repository/WebOffice/Page_Checkatrade - Administration - Login/input_Password_LoginControlPassword'

2020-02-04 15:30:52 - [TEST_STEP][PASSED] - click(findTestObject("Object Repository/WebOffice/Page_Checkatrade - Administration - Login/Login_Button")): Object: 'Object Repository/WebOffice/Page_Checkatrade - Administration - Login/Login_Button' is clicked on

2020-02-04 15:30:53 - [MESSAGE][PASSED] - Object: 'Object Repository/WebOffice/Page_Checkatrade - Administration - Login/Login_Button' is clicked on

2020-02-04 15:30:53 - [TEST_STEP][PASSED] - waitForPageLoad(60): Wait for page load successfully

2020-02-04 15:30:53 - [MESSAGE][PASSED] - Wait for page load successfully

2020-02-04 15:30:53 - [TEST_STEP][PASSED] - verifyTextPresent("Welcome " + wo_Username, false): Text 'Welcome DavidHo' is present on page 

2020-02-04 15:30:54 - [MESSAGE][PASSED] - Text 'Welcome DavidHo' is present on page 

2020-02-04 15:30:54 - [MESSAGE][PASSED] - Call Test Case 'Test Cases/Reusable_Test_Sequences/Web_Office/Directives/WebOffice_StartUp' successfully

2020-02-04 15:30:54 - [TEST_STEP][PASSED] - "--------------------------------------": null

2020-02-04 15:30:54 - [TEST_STEP][PASSED] - " Navigate to <Consumer> Menu Item     |": null

2020-02-04 15:30:54 - [TEST_STEP][PASSED] - callTestCase(findTestCase("Reusable_Test_Sequences/Web_Office/navigation/Navigate_Consumers"), [:], OPTIONAL): Call Test Case 'Test Cases/Reusable_Test_Sequences/Web_Office/navigation/Navigate_Consumers' successfully

2020-02-04 15:30:54 - [TEST_CASE][PASSED] - Test Cases/Reusable_Test_Sequences/Web_Office/navigation/Navigate_Consumers: Test Cases/Reusable_Test_Sequences/Web_Office/navigation/Navigate_Consumers

2020-02-04 15:30:54 - [TEST_STEP][PASSED] - "--------------------------------------": null

2020-02-04 15:30:54 - [TEST_STEP][PASSED] - " Navigate Top level menu Item         |": null

2020-02-04 15:30:54 - [TEST_STEP][PASSED] - waitForPageLoad(60): Wait for page load successfully

2020-02-04 15:30:54 - [MESSAGE][PASSED] - Wait for page load successfully

2020-02-04 15:30:54 - [TEST_STEP][PASSED] - waitForElementClickable(findTestObject("Object Repository/WebOffice_Home_page/a_Consumers"), 60): Object 'Object Repository/WebOffice_Home_page/a_Consumers' is clickable

2020-02-04 15:30:55 - [MESSAGE][PASSED] - Object 'Object Repository/WebOffice_Home_page/a_Consumers' is clickable

2020-02-04 15:30:55 - [TEST_STEP][PASSED] - click(findTestObject("Object Repository/WebOffice_Home_page/a_Consumers")): Object: 'Object Repository/WebOffice_Home_page/a_Consumers' is clicked on

2020-02-04 15:30:55 - [MESSAGE][PASSED] - Object: 'Object Repository/WebOffice_Home_page/a_Consumers' is clicked on

2020-02-04 15:30:55 - [MESSAGE][PASSED] - Call Test Case 'Test Cases/Reusable_Test_Sequences/Web_Office/navigation/Navigate_Consumers' successfully

2020-02-04 15:30:55 - [TEST_STEP][PASSED] - "--------------------------------------": null

2020-02-04 15:30:55 - [TEST_STEP][PASSED] - " LH Pane  - Apply Search Criteria     |": null

2020-02-04 15:30:55 - [TEST_STEP][PASSED] - callTestCase(findTestCase("Reusable_Test_Sequences/Web_Office/Actions/Set_Consumer_Data"), [:], OPTIONAL): Call Test Case 'Test Cases/Reusable_Test_Sequences/Web_Office/Actions/Set_Consumer_Data' successfully

2020-02-04 15:30:55 - [TEST_CASE][PASSED] - Test Cases/Reusable_Test_Sequences/Web_Office/Actions/Set_Consumer_Data: Test Cases/Reusable_Test_Sequences/Web_Office/Actions/Set_Consumer_Data

2020-02-04 15:30:56 - [TEST_STEP][PASSED] - "--------------------------------": null

2020-02-04 15:30:56 - [TEST_STEP][PASSED] - "Read data from spreadsheet      |": null

2020-02-04 15:30:56 - [TEST_STEP][PASSED] - data = findTestData("Data Files/Consumer_Data (1)"): null

2020-02-04 15:30:56 - [TEST_STEP][PASSED] - Forename = data.getValue("Forename", row): null

2020-02-04 15:30:56 - [TEST_STEP][PASSED] - Surname = data.getValue("Surname", row): null

2020-02-04 15:30:56 - [TEST_STEP][PASSED] - Mobile = data.getValue("Mobile", row): null

2020-02-04 15:30:56 - [TEST_STEP][PASSED] - Email = data.getValue("Email", row): null

2020-02-04 15:30:56 - [TEST_STEP][PASSED] - House = data.getValue("House", row): null

2020-02-04 15:30:56 - [TEST_STEP][PASSED] - Street = data.getValue("Street", row): null

2020-02-04 15:30:56 - [TEST_STEP][PASSED] - Town = data.getValue("Town", row): null

2020-02-04 15:30:56 - [TEST_STEP][PASSED] - City = data.getValue("City", row): null

2020-02-04 15:30:56 - [TEST_STEP][PASSED] - County = data.getValue("County", row): null

2020-02-04 15:30:56 - [TEST_STEP][PASSED] - Postcode = data.getValue("Postcode", row): null

2020-02-04 15:30:56 - [TEST_STEP][PASSED] - Phone = data.getValue("Phone", row): null

2020-02-04 15:30:56 - [TEST_STEP][PASSED] - Status = data.getValue("Status", row): null

2020-02-04 15:30:56 - [TEST_STEP][PASSED] - Type = data.getValue("Type", row): null

2020-02-04 15:30:56 - [TEST_STEP][PASSED] - Consumer_ID = data.getValue("Consumer_ID", row): null

2020-02-04 15:30:56 - [TEST_STEP][PASSED] - "--------------------------------": null

2020-02-04 15:30:56 - [TEST_STEP][PASSED] - "Read data from spreadsheet      |": null

2020-02-04 15:30:56 - [TEST_STEP][PASSED] - "--------------------------------": null

2020-02-04 15:30:56 - [TEST_STEP][PASSED] - "--------------------------------": null

2020-02-04 15:30:56 - [TEST_STEP][PASSED] - " Synchronisation                |": null

2020-02-04 15:30:56 - [TEST_STEP][PASSED] - waitForPageLoad(60): Wait for page load successfully

2020-02-04 15:30:56 - [MESSAGE][PASSED] - Wait for page load successfully

2020-02-04 15:30:56 - [TEST_STEP][PASSED] - waitForElementVisible(findTestObject("Object Repository/WebOffice/Consumers/Page_/input_Forename_ctl00CP1ctlSearchtbForenames"), 60): Object 'Object Repository/WebOffice/Consumers/Page_/input_Forename_ctl00CP1ctlSearchtbForenames' is visible

2020-02-04 15:30:56 - [MESSAGE][PASSED] - Object 'Object Repository/WebOffice/Consumers/Page_/input_Forename_ctl00CP1ctlSearchtbForenames' is visible

2020-02-04 15:30:56 - [TEST_STEP][PASSED] - click(findTestObject("Object Repository/WebOffice/Consumers/Page_/input_Forename_ctl00CP1ctlSearchtbForenames")): Object: 'Object Repository/WebOffice/Consumers/Page_/input_Forename_ctl00CP1ctlSearchtbForenames' is clicked on

2020-02-04 15:30:57 - [MESSAGE][PASSED] - Object: 'Object Repository/WebOffice/Consumers/Page_/input_Forename_ctl00CP1ctlSearchtbForenames' is clicked on

2020-02-04 15:30:57 - [TEST_STEP][PASSED] - "-------------------------------------------------------------------------------------------------------------------------------------": null

2020-02-04 15:30:57 - [TEST_STEP][PASSED] - setText(findTestObject("Object Repository/WebOffice/Consumers/Page_/input_Forename_ctl00CP1ctlSearchtbForenames"), Forename): Text ' ' is set on object 'Object Repository/WebOffice/Consumers/Page_/input_Forename_ctl00CP1ctlSearchtbForenames'

2020-02-04 15:30:57 - [MESSAGE][PASSED] - Text ' ' is set on object 'Object Repository/WebOffice/Consumers/Page_/input_Forename_ctl00CP1ctlSearchtbForenames'

2020-02-04 15:30:57 - [TEST_STEP][PASSED] - "-------------------------------------------------------------------------------------------------------------------------------------": null

2020-02-04 15:30:57 - [TEST_STEP][PASSED] - setText(findTestObject("Object Repository/WebOffice/Consumers/Page_/input_Surname_ctl00CP1ctlSearchtbSurname"), Surname): Text ' ' is set on object 'Object Repository/WebOffice/Consumers/Page_/input_Surname_ctl00CP1ctlSearchtbSurname'

2020-02-04 15:30:57 - [MESSAGE][PASSED] - Text ' ' is set on object 'Object Repository/WebOffice/Consumers/Page_/input_Surname_ctl00CP1ctlSearchtbSurname'

2020-02-04 15:30:57 - [TEST_STEP][PASSED] - "-------------------------------------------------------------------------------------------------------------------------------------": null

2020-02-04 15:30:57 - [TEST_STEP][PASSED] - setText(findTestObject("Object Repository/WebOffice/Consumers/Page_/input_Mobile_ctl00CP1ctlSearchtbMobile"), Mobile): Text '' is set on object 'Object Repository/WebOffice/Consumers/Page_/input_Mobile_ctl00CP1ctlSearchtbMobile'

2020-02-04 15:30:57 - [MESSAGE][PASSED] - Text '' is set on object 'Object Repository/WebOffice/Consumers/Page_/input_Mobile_ctl00CP1ctlSearchtbMobile'

2020-02-04 15:30:57 - [TEST_STEP][PASSED] - "-------------------------------------------------------------------------------------------------------------------------------------": null

2020-02-04 15:30:57 - [TEST_STEP][PASSED] - setText(findTestObject("Object Repository/WebOffice/Consumers/Page_/input_Email_ctl00CP1ctlSearchtbEmail"), Email): Text 'gordbro@gmail.com' is set on object 'Object Repository/WebOffice/Consumers/Page_/input_Email_ctl00CP1ctlSearchtbEmail'

2020-02-04 15:30:58 - [MESSAGE][PASSED] - Text 'gordbro@gmail.com' is set on object 'Object Repository/WebOffice/Consumers/Page_/input_Email_ctl00CP1ctlSearchtbEmail'

2020-02-04 15:30:58 - [TEST_STEP][PASSED] - "-------------------------------------------------------------------------------------------------------------------------------------": null

2020-02-04 15:30:58 - [TEST_STEP][PASSED] - setText(findTestObject("Object Repository/WebOffice/Consumers/Page_/input_House_ctl00CP1ctlSearchtbHouse"), House): Text '' is set on object 'Object Repository/WebOffice/Consumers/Page_/input_House_ctl00CP1ctlSearchtbHouse'

2020-02-04 15:30:58 - [MESSAGE][PASSED] - Text '' is set on object 'Object Repository/WebOffice/Consumers/Page_/input_House_ctl00CP1ctlSearchtbHouse'

2020-02-04 15:30:58 - [TEST_STEP][PASSED] - "-------------------------------------------------------------------------------------------------------------------------------------": null

2020-02-04 15:30:58 - [TEST_STEP][PASSED] - setText(findTestObject("Object Repository/WebOffice/Consumers/Page_/input_Street_ctl00CP1ctlSearchtbStreet"), Street): Text '' is set on object 'Object Repository/WebOffice/Consumers/Page_/input_Street_ctl00CP1ctlSearchtbStreet'

2020-02-04 15:30:58 - [MESSAGE][PASSED] - Text '' is set on object 'Object Repository/WebOffice/Consumers/Page_/input_Street_ctl00CP1ctlSearchtbStreet'

2020-02-04 15:30:58 - [TEST_STEP][PASSED] - "-------------------------------------------------------------------------------------------------------------------------------------": null

2020-02-04 15:30:58 - [TEST_STEP][PASSED] - setText(findTestObject("Object Repository/WebOffice/Consumers/Page_/input_Town_ctl00CP1ctlSearchtbTown"), Town): Text '' is set on object 'Object Repository/WebOffice/Consumers/Page_/input_Town_ctl00CP1ctlSearchtbTown'

2020-02-04 15:30:58 - [MESSAGE][PASSED] - Text '' is set on object 'Object Repository/WebOffice/Consumers/Page_/input_Town_ctl00CP1ctlSearchtbTown'

2020-02-04 15:30:58 - [TEST_STEP][PASSED] - "-------------------------------------------------------------------------------------------------------------------------------------": null

2020-02-04 15:30:58 - [TEST_STEP][PASSED] - setText(findTestObject("Object Repository/WebOffice/Consumers/Page_/input_City_ctl00CP1ctlSearchtbCity"), City): Text '' is set on object 'Object Repository/WebOffice/Consumers/Page_/input_City_ctl00CP1ctlSearchtbCity'

2020-02-04 15:30:59 - [MESSAGE][PASSED] - Text '' is set on object 'Object Repository/WebOffice/Consumers/Page_/input_City_ctl00CP1ctlSearchtbCity'

2020-02-04 15:30:59 - [TEST_STEP][PASSED] - "-------------------------------------------------------------------------------------------------------------------------------------": null

2020-02-04 15:30:59 - [TEST_STEP][PASSED] - setText(findTestObject("Object Repository/WebOffice/Consumers/Page_/input_County_ctl00CP1ctlSearchtbCounty"), County): Text '' is set on object 'Object Repository/WebOffice/Consumers/Page_/input_County_ctl00CP1ctlSearchtbCounty'

2020-02-04 15:30:59 - [MESSAGE][PASSED] - Text '' is set on object 'Object Repository/WebOffice/Consumers/Page_/input_County_ctl00CP1ctlSearchtbCounty'

2020-02-04 15:30:59 - [TEST_STEP][PASSED] - "-------------------------------------------------------------------------------------------------------------------------------------": null

2020-02-04 15:30:59 - [TEST_STEP][PASSED] - setText(findTestObject("Object Repository/WebOffice/Consumers/Page_/input_Postcode_ctl00CP1ctlSearchtbPostcode"), Postcode): Text '' is set on object 'Object Repository/WebOffice/Consumers/Page_/input_Postcode_ctl00CP1ctlSearchtbPostcode'

2020-02-04 15:30:59 - [MESSAGE][PASSED] - Text '' is set on object 'Object Repository/WebOffice/Consumers/Page_/input_Postcode_ctl00CP1ctlSearchtbPostcode'

2020-02-04 15:30:59 - [TEST_STEP][PASSED] - "-------------------------------------------------------------------------------------------------------------------------------------": null

2020-02-04 15:30:59 - [TEST_STEP][PASSED] - setText(findTestObject("Object Repository/WebOffice/Consumers/Page_/input_Phone_ctl00CP1ctlSearchtbTel"), Phone): Text '' is set on object 'Object Repository/WebOffice/Consumers/Page_/input_Phone_ctl00CP1ctlSearchtbTel'

2020-02-04 15:30:59 - [MESSAGE][PASSED] - Text '' is set on object 'Object Repository/WebOffice/Consumers/Page_/input_Phone_ctl00CP1ctlSearchtbTel'

2020-02-04 15:30:59 - [TEST_STEP][PASSED] - "-------------------------------------------------------------------------------------------------------------------------------------": null

2020-02-04 15:30:59 - [TEST_STEP][PASSED] - "Set Status": null

2020-02-04 15:30:59 - [TEST_STEP][PASSED] - "-------------------------------------------------------------------------------------------------------------------------------------": null

2020-02-04 15:30:59 - [TEST_STEP][PASSED] - "Status 3 Options": null

2020-02-04 15:30:59 - [TEST_STEP][PASSED] - "-------------------------------------------------------------------------------------------------------------------------------------": null

2020-02-04 15:30:59 - [TEST_STEP][PASSED] - "Set Type": null

2020-02-04 15:30:59 - [TEST_STEP][PASSED] - "-------------------------------------------------------------------------------------------------------------------------------------": null

2020-02-04 15:30:59 - [TEST_STEP][PASSED] - "Type 3 Options": null

2020-02-04 15:30:59 - [TEST_STEP][PASSED] - "-------------------------------------------------------------------------------------------------------------------------------------": null

2020-02-04 15:30:59 - [TEST_STEP][PASSED] - click(findTestObject("Object Repository/WebOffice/Consumers/Page_/input_Clear_ctl00CP1ctlSearchbtnSearch")): Object: 'Object Repository/WebOffice/Consumers/Page_/input_Clear_ctl00CP1ctlSearchbtnSearch' is clicked on

2020-02-04 15:30:59 - [MESSAGE][PASSED] - Object: 'Object Repository/WebOffice/Consumers/Page_/input_Clear_ctl00CP1ctlSearchbtnSearch' is clicked on

2020-02-04 15:30:59 - [MESSAGE][PASSED] - Call Test Case 'Test Cases/Reusable_Test_Sequences/Web_Office/Actions/Set_Consumer_Data' successfully

2020-02-04 15:30:59 - [TEST_STEP][PASSED] - "--------------------------------------": null

2020-02-04 15:30:59 - [TEST_STEP][PASSED] - " Select Returned Record to Verify     |": null

2020-02-04 15:30:59 - [TEST_STEP][PASSED] - callTestCase(findTestCase("Reusable_Test_Sequences/Web_Office/Actions/Select_Consumer"), [:], OPTIONAL): Call Test Case 'Test Cases/Reusable_Test_Sequences/Web_Office/Actions/Select_Consumer' successfully

2020-02-04 15:30:59 - [TEST_CASE][PASSED] - Test Cases/Reusable_Test_Sequences/Web_Office/Actions/Select_Consumer: Test Cases/Reusable_Test_Sequences/Web_Office/Actions/Select_Consumer

2020-02-04 15:31:00 - [TEST_STEP][PASSED] - "--------": null

2020-02-04 15:31:00 - [TEST_STEP][PASSED] - "Search  |": null

2020-02-04 15:31:00 - [TEST_STEP][PASSED] - waitForPageLoad(60): Wait for page load successfully

2020-02-04 15:31:00 - [MESSAGE][PASSED] - Wait for page load successfully

2020-02-04 15:31:00 - [TEST_STEP][PASSED] - waitForElementClickable(findTestObject("Object Repository/WO_Consumer/Page_/input_Clear_ctl00CP1ctlSearchbtnSearch"), 60): Object 'Object Repository/WO_Consumer/Page_/input_Clear_ctl00CP1ctlSearchbtnSearch' is clickable

2020-02-04 15:31:00 - [MESSAGE][PASSED] - Object 'Object Repository/WO_Consumer/Page_/input_Clear_ctl00CP1ctlSearchbtnSearch' is clickable

2020-02-04 15:31:00 - [TEST_STEP][PASSED] - click(findTestObject("Object Repository/WO_Consumer/Page_/input_Clear_ctl00CP1ctlSearchbtnSearch")): Object: 'Object Repository/WO_Consumer/Page_/input_Clear_ctl00CP1ctlSearchbtnSearch' is clicked on

2020-02-04 15:31:00 - [MESSAGE][PASSED] - Object: 'Object Repository/WO_Consumer/Page_/input_Clear_ctl00CP1ctlSearchbtnSearch' is clicked on

2020-02-04 15:31:00 - [TEST_STEP][PASSED] - delay(5): Delayed 5 second(s)

2020-02-04 15:31:05 - [MESSAGE][PASSED] - Delayed 5 second(s)

2020-02-04 15:31:05 - [TEST_STEP][PASSED] - "--------": null

2020-02-04 15:31:05 - [TEST_STEP][PASSED] - "Synch   |": null

2020-02-04 15:31:05 - [TEST_STEP][PASSED] - waitForPageLoad(120): Wait for page load successfully

2020-02-04 15:31:05 - [MESSAGE][PASSED] - Wait for page load successfully

2020-02-04 15:31:05 - [TEST_STEP][PASSED] - waitForElementClickable(findTestObject("Object Repository/WO_Consumer/Page_/a_Feedback"), 60): Object 'Object Repository/WO_Consumer/Page_/a_Feedback' is clickable

2020-02-04 15:31:12 - [MESSAGE][PASSED] - Object 'Object Repository/WO_Consumer/Page_/a_Feedback' is clickable

2020-02-04 15:31:12 - [TEST_STEP][PASSED] - "----------------------------------------": null

2020-02-04 15:31:12 - [TEST_STEP][PASSED] - "Initial Table View (Populated or Not    |": null

2020-02-04 15:31:12 - [TEST_STEP][PASSED] - "----------------------------------------": null

2020-02-04 15:31:12 - [TEST_STEP][PASSED] - "---------------------------------------------------": null

2020-02-04 15:31:12 - [TEST_STEP][PASSED] - "If Record Exists Then rocess, Otherwise Jump Over  |": null

2020-02-04 15:31:12 - [TEST_STEP][PASSED] - "---------------------------------------------------": null

2020-02-04 15:31:12 - [TEST_STEP][PASSED] - "----------------------------------------": null

2020-02-04 15:31:12 - [TEST_STEP][PASSED] - "Initial Table Return Checks": null

2020-02-04 15:31:12 - [TEST_STEP][PASSED] - "----------------------------------------": null

2020-02-04 15:31:12 - [TEST_STEP][PASSED] - "--------": null

2020-02-04 15:31:12 - [TEST_STEP][PASSED] - "Sort    |": null

2020-02-04 15:31:12 - [TEST_STEP][PASSED] - click(findTestObject("Object Repository/WO_Consumer/Page_/a_Feedback")): Object: 'Object Repository/WO_Consumer/Page_/a_Feedback' is clicked on

2020-02-04 15:31:13 - [MESSAGE][PASSED] - Object: 'Object Repository/WO_Consumer/Page_/a_Feedback' is clicked on

2020-02-04 15:31:13 - [TEST_STEP][PASSED] - delay(5): Delayed 5 second(s)

2020-02-04 15:31:18 - [MESSAGE][PASSED] - Delayed 5 second(s)

2020-02-04 15:31:18 - [TEST_STEP][PASSED] - "--------": null

2020-02-04 15:31:18 - [TEST_STEP][PASSED] - "Sort    |": null

2020-02-04 15:31:18 - [TEST_STEP][PASSED] - click(findTestObject("Object Repository/WO_Consumer/Page_/a_Feedback")): Object: 'Object Repository/WO_Consumer/Page_/a_Feedback' is clicked on

2020-02-04 15:31:18 - [MESSAGE][PASSED] - Object: 'Object Repository/WO_Consumer/Page_/a_Feedback' is clicked on

2020-02-04 15:31:18 - [TEST_STEP][PASSED] - delay(5): Delayed 5 second(s)

2020-02-04 15:31:23 - [MESSAGE][PASSED] - Delayed 5 second(s)

2020-02-04 15:31:23 - [TEST_STEP][PASSED] - "--------": null

2020-02-04 15:31:23 - [TEST_STEP][PASSED] - "Select  |": null

2020-02-04 15:31:23 - [TEST_STEP][PASSED] - waitForElementClickable(findTestObject("WO_Consumer/Page_/td_TopRow"), 60): Object 'Object Repository/WO_Consumer/Page_/td_TopRow' is clickable

2020-02-04 15:31:24 - [MESSAGE][PASSED] - Object 'Object Repository/WO_Consumer/Page_/td_TopRow' is clickable

2020-02-04 15:31:24 - [TEST_STEP][PASSED] - click(findTestObject("WO_Consumer/Page_/td_TopRow")): Object: 'Object Repository/WO_Consumer/Page_/td_TopRow' is clicked on

2020-02-04 15:31:24 - [MESSAGE][PASSED] - Object: 'Object Repository/WO_Consumer/Page_/td_TopRow' is clicked on

2020-02-04 15:31:24 - [TEST_STEP][PASSED] - delay(1): Delayed 1 second(s)

2020-02-04 15:31:25 - [MESSAGE][PASSED] - Delayed 1 second(s)

2020-02-04 15:31:25 - [MESSAGE][PASSED] - Call Test Case 'Test Cases/Reusable_Test_Sequences/Web_Office/Actions/Select_Consumer' successfully

2020-02-04 15:31:25 - [TEST_STEP][PASSED] - "--------------------------------------": null

2020-02-04 15:31:25 - [TEST_STEP][PASSED] - " Verify Returned Consumer Record      |": null

2020-02-04 15:31:25 - [TEST_STEP][PASSED] - callTestCase(findTestCase("Reusable_Test_Sequences/Web_Office/Verification/Consumer_Returned_Search_Record"), [:], OPTIONAL): Call Test Case 'Test Cases/Reusable_Test_Sequences/Web_Office/Verification/Consumer_Returned_Search_Record' successfully

2020-02-04 15:31:25 - [TEST_CASE][PASSED] - Test Cases/Reusable_Test_Sequences/Web_Office/Verification/Consumer_Returned_Search_Record: Test Cases/Reusable_Test_Sequences/Web_Office/Verification/Consumer_Returned_Search_Record

2020-02-04 15:31:26 - [TEST_STEP][PASSED] - "--------------------------------": null

2020-02-04 15:31:26 - [TEST_STEP][PASSED] - "Read data from spreadsheet      | r_ = Returned Data": null

2020-02-04 15:31:26 - [TEST_STEP][PASSED] - data = findTestData("Data Files/Consumer_Data (1)"): null

2020-02-04 15:31:26 - [TEST_STEP][PASSED] - Consumer_ID = data.getValue("Consumer_ID", row): null

2020-02-04 15:31:26 - [TEST_STEP][PASSED] - Title = data.getValue("r_Title", row): null

2020-02-04 15:31:26 - [TEST_STEP][PASSED] - Forenames = data.getValue("r_Forenames", row): null

2020-02-04 15:31:26 - [TEST_STEP][PASSED] - Surname = data.getValue("r_Surname", row): null

2020-02-04 15:31:26 - [TEST_STEP][PASSED] - Housename = data.getValue("r_Housename", row): null

2020-02-04 15:31:26 - [TEST_STEP][PASSED] - Number_Street = data.getValue("r_Number_and_Street", row): null

2020-02-04 15:31:26 - [TEST_STEP][PASSED] - City = data.getValue("r_City", row): null

2020-02-04 15:31:26 - [TEST_STEP][PASSED] - Town = data.getValue("r_Town", row): null

2020-02-04 15:31:26 - [TEST_STEP][PASSED] - County = data.getValue("r_County", row): null

2020-02-04 15:31:26 - [TEST_STEP][PASSED] - Postcode = data.getValue("r_Postcode", row): null

2020-02-04 15:31:26 - [TEST_STEP][PASSED] - Phone1 = data.getValue("r_Phone_1", row): null

2020-02-04 15:31:26 - [TEST_STEP][PASSED] - Phone2 = data.getValue("r_Phone_2", row): null

2020-02-04 15:31:26 - [TEST_STEP][PASSED] - Fax = data.getValue("r_Fax", row): null

2020-02-04 15:31:26 - [TEST_STEP][PASSED] - r_Full_Name = data.getValue("r_Full_Name", 1): null

2020-02-04 15:31:26 - [TEST_STEP][PASSED] - r_Full_Address = data.getValue("r_Full_Address", 1): null

2020-02-04 15:31:26 - [TEST_STEP][PASSED] - "--------------------------------": null

2020-02-04 15:31:26 - [TEST_STEP][PASSED] - "Read data from spreadsheet      |": null

2020-02-04 15:31:26 - [TEST_STEP][PASSED] - Actual_Page_Text = "": null

2020-02-04 15:31:26 - [TEST_STEP][PASSED] - Expected_Page_Text = "": null

2020-02-04 15:31:26 - [TEST_STEP][PASSED] - waitForPageLoad(60): Wait for page load successfully

2020-02-04 15:31:26 - [MESSAGE][PASSED] - Wait for page load successfully

2020-02-04 15:31:26 - [TEST_STEP][PASSED] - delay(1): Delayed 1 second(s)

2020-02-04 15:31:27 - [MESSAGE][PASSED] - Delayed 1 second(s)

2020-02-04 15:31:27 - [TEST_STEP][PASSED] - "HEADER DETAIL - iFrame": null

2020-02-04 15:31:27 - [TEST_STEP][PASSED] - "----------------": null

2020-02-04 15:31:27 - [TEST_STEP][PASSED] - "Full Name       |": null

2020-02-04 15:31:27 - [TEST_STEP][PASSED] - verifyElementPresent(findTestObject("Object Repository/WO_Consumer/Page_/Page_/a_Mr Gordon Brown"), 25): Object 'Object Repository/WO_Consumer/Page_/Page_/a_Mr Gordon Brown' is present

2020-02-04 15:31:27 - [MESSAGE][PASSED] - Object 'Object Repository/WO_Consumer/Page_/Page_/a_Mr Gordon Brown' is present

2020-02-04 15:31:27 - [TEST_STEP][PASSED] - "----------------": null

2020-02-04 15:31:27 - [TEST_STEP][PASSED] - "Full Address    |": null

2020-02-04 15:31:27 - [TEST_STEP][PASSED] - verifyElementPresent(findTestObject("Object Repository/WO_Consumer/Page_/Page_/div_Haywards Heath West Sussex RH16 4ER4477_d20822"), 25): Object 'Object Repository/WO_Consumer/Page_/Page_/div_Haywards Heath West Sussex RH16 4ER4477_d20822' is present

2020-02-04 15:31:27 - [MESSAGE][PASSED] - Object 'Object Repository/WO_Consumer/Page_/Page_/div_Haywards Heath West Sussex RH16 4ER4477_d20822' is present

2020-02-04 15:31:27 - [TEST_STEP][PASSED] - "BODY DETAIL - iFrame": null

2020-02-04 15:31:27 - [TEST_STEP][PASSED] - "----------------": null

2020-02-04 15:31:27 - [TEST_STEP][PASSED] - "EDIT Consumer   |": null

2020-02-04 15:31:27 - [TEST_STEP][PASSED] - verifyElementPresent(findTestObject("Object Repository/WO_Consumer/Page_/Page_/input_Title_ctledittbTitle"), 25): Object 'Object Repository/WO_Consumer/Page_/Page_/input_Title_ctledittbTitle' is present

2020-02-04 15:31:28 - [MESSAGE][PASSED] - Object 'Object Repository/WO_Consumer/Page_/Page_/input_Title_ctledittbTitle' is present

2020-02-04 15:31:28 - [TEST_STEP][PASSED] - "----------------": null

2020-02-04 15:31:28 - [TEST_STEP][PASSED] - "Address         |": null

2020-02-04 15:31:28 - [TEST_STEP][PASSED] - verifyElementPresent(findTestObject("Object Repository/WO_Consumer/Page_/Page_/span_Please ensure the Street  Road name is_e38a58"), 25): Object 'Object Repository/WO_Consumer/Page_/Page_/span_Please ensure the Street  Road name is_e38a58' is present

2020-02-04 15:31:28 - [MESSAGE][PASSED] - Object 'Object Repository/WO_Consumer/Page_/Page_/span_Please ensure the Street  Road name is_e38a58' is present

2020-02-04 15:31:28 - [MESSAGE][PASSED] - Call Test Case 'Test Cases/Reusable_Test_Sequences/Web_Office/Verification/Consumer_Returned_Search_Record' successfully

2020-02-04 15:31:28 - [TEST_STEP][PASSED] - "--------------------------": null

2020-02-04 15:31:28 - [TEST_STEP][PASSED] - " Teardown - CLose Browser |": null

2020-02-04 15:31:28 - [TEST_STEP][PASSED] - callTestCase(findTestCase("Reusable_Test_Sequences/CAT_Teardown"), [:], OPTIONAL): Call Test Case 'Test Cases/Reusable_Test_Sequences/CAT_Teardown' successfully

2020-02-04 15:31:28 - [TEST_CASE][PASSED] - Test Cases/Reusable_Test_Sequences/CAT_Teardown: Test Cases/Reusable_Test_Sequences/CAT_Teardown

2020-02-04 15:31:28 - [TEST_STEP][PASSED] - closeBrowser(): Browser is closed

2020-02-04 15:31:29 - [MESSAGE][PASSED] - Browser is closed

2020-02-04 15:31:29 - [MESSAGE][PASSED] - Call Test Case 'Test Cases/Reusable_Test_Sequences/CAT_Teardown' successfully

2020-02-04 15:31:29 - [TEST_STEP][PASSED] - "--------------------------------------": null

2020-02-04 15:31:29 - [TEST_STEP][PASSED] - " Web Office StartUp                   |": null

2020-02-04 15:31:29 - [TEST_STEP][PASSED] - callTestCase(findTestCase("Reusable_Test_Sequences/Web_Office/Directives/WebOffice_StartUp"), [:], OPTIONAL): Call Test Case 'Test Cases/Reusable_Test_Sequences/Web_Office/Directives/WebOffice_StartUp' successfully

2020-02-04 15:31:29 - [TEST_CASE][PASSED] - Test Cases/Reusable_Test_Sequences/Web_Office/Directives/WebOffice_StartUp: Test Cases/Reusable_Test_Sequences/Web_Office/Directives/WebOffice_StartUp

2020-02-04 15:31:29 - [TEST_STEP][PASSED] - if (URL == "https://www.preview.checkatrade.com/"): null

2020-02-04 15:31:29 - [TEST_STEP][PASSED] - WebOfficeURL = "https://admin.preview.checkatrade.com/": null

2020-02-04 15:31:29 - [TEST_STEP][PASSED] - if (URL == "https://www.checkatrade.com/"): null

2020-02-04 15:31:29 - [TEST_STEP][PASSED] - "Set Function Area for "URL_Handler", URL Resolution": null

2020-02-04 15:31:29 - [TEST_STEP][PASSED] - "Do Some Magic with URL(s) See the comments within URL Handler ": null

2020-02-04 15:31:29 - [TEST_STEP][PASSED] - "------------------------------------------------": null

2020-02-04 15:31:29 - [TEST_STEP][PASSED] - "Moved Login Credentials to <Default> profile 22/01/2020": null

2020-02-04 15:31:29 - [TEST_STEP][PASSED] - "------------------------------------------------": null

2020-02-04 15:31:29 - [TEST_STEP][PASSED] - "WebOfficeURL - Set from the ENVIRONMENT PROFILE ": null

2020-02-04 15:31:29 - [TEST_STEP][PASSED] - "OPEN BROWSER": null

2020-02-04 15:31:29 - [TEST_STEP][PASSED] - "eg - https://admin.preview.checkatrade.com/  ": null

2020-02-04 15:31:29 - [TEST_STEP][PASSED] - openBrowser(WebOfficeURL): Browser is opened with url: 'https://admin.preview.checkatrade.com/'

2020-02-04 15:31:29 - [MESSAGE][INFO] - Starting 'Chrome' driver

2020-02-04 15:31:36 - [MESSAGE][PASSED] - Browser is opened with url: 'https://admin.preview.checkatrade.com/'

2020-02-04 15:31:36 - [TEST_STEP][PASSED] - maximizeWindow(): Current window maximized

2020-02-04 15:31:40 - [MESSAGE][PASSED] - Current window maximized

2020-02-04 15:31:40 - [TEST_STEP][PASSED] - waitForElementClickable(findTestObject("Object Repository/WebOffice/Page_Checkatrade - Administration - Login/Login_Button"), 25): Object 'Object Repository/WebOffice/Page_Checkatrade - Administration - Login/Login_Button' is clickable

2020-02-04 15:31:41 - [MESSAGE][PASSED] - Object 'Object Repository/WebOffice/Page_Checkatrade - Administration - Login/Login_Button' is clickable

2020-02-04 15:31:41 - [TEST_STEP][PASSED] - verifyTextPresent("Checkatrade Web Office", false): Text 'Checkatrade Web Office' is present on page 

2020-02-04 15:31:41 - [MESSAGE][PASSED] - Text 'Checkatrade Web Office' is present on page 

2020-02-04 15:31:41 - [TEST_STEP][PASSED] - verifyTextPresent("Access for staff use only", false): Text 'Access for staff use only' is present on page 

2020-02-04 15:31:41 - [MESSAGE][PASSED] - Text 'Access for staff use only' is present on page 

2020-02-04 15:31:41 - [TEST_STEP][PASSED] - verifyTextPresent("Forgotten password?", false): Text 'Forgotten password?' is present on page 

2020-02-04 15:31:41 - [MESSAGE][PASSED] - Text 'Forgotten password?' is present on page 

2020-02-04 15:31:41 - [TEST_STEP][PASSED] - setText(findTestObject("Object Repository/WebOffice/Page_Checkatrade - Administration - Login/input_Username_LoginControlUserName"), wo_Username): Text 'DavidHo' is set on object 'Object Repository/WebOffice/Page_Checkatrade - Administration - Login/input_Username_LoginControlUserName'

2020-02-04 15:31:41 - [MESSAGE][PASSED] - Text 'DavidHo' is set on object 'Object Repository/WebOffice/Page_Checkatrade - Administration - Login/input_Username_LoginControlUserName'

2020-02-04 15:31:41 - [TEST_STEP][PASSED] - setText(findTestObject("Object Repository/WebOffice/Page_Checkatrade - Administration - Login/input_Password_LoginControlPassword"), wo_Password): Text 'Check123' is set on object 'Object Repository/WebOffice/Page_Checkatrade - Administration - Login/input_Password_LoginControlPassword'

2020-02-04 15:31:41 - [MESSAGE][PASSED] - Text 'Check123' is set on object 'Object Repository/WebOffice/Page_Checkatrade - Administration - Login/input_Password_LoginControlPassword'

2020-02-04 15:31:41 - [TEST_STEP][PASSED] - click(findTestObject("Object Repository/WebOffice/Page_Checkatrade - Administration - Login/Login_Button")): Object: 'Object Repository/WebOffice/Page_Checkatrade - Administration - Login/Login_Button' is clicked on

2020-02-04 15:31:42 - [MESSAGE][PASSED] - Object: 'Object Repository/WebOffice/Page_Checkatrade - Administration - Login/Login_Button' is clicked on

2020-02-04 15:31:42 - [TEST_STEP][PASSED] - waitForPageLoad(60): Wait for page load successfully

2020-02-04 15:31:42 - [MESSAGE][PASSED] - Wait for page load successfully

2020-02-04 15:31:42 - [TEST_STEP][PASSED] - verifyTextPresent("Welcome " + wo_Username, false): Text 'Welcome DavidHo' is present on page 

2020-02-04 15:31:42 - [MESSAGE][PASSED] - Text 'Welcome DavidHo' is present on page 

2020-02-04 15:31:42 - [MESSAGE][PASSED] - Call Test Case 'Test Cases/Reusable_Test_Sequences/Web_Office/Directives/WebOffice_StartUp' successfully

2020-02-04 15:31:42 - [TEST_STEP][PASSED] - "--------------------------------------": null

2020-02-04 15:31:42 - [TEST_STEP][PASSED] - " Navigate to <Consumer> Menu Item     |": null

2020-02-04 15:31:42 - [TEST_STEP][PASSED] - callTestCase(findTestCase("Reusable_Test_Sequences/Web_Office/navigation/Navigate_Consumers"), [:], OPTIONAL): Call Test Case 'Test Cases/Reusable_Test_Sequences/Web_Office/navigation/Navigate_Consumers' successfully

2020-02-04 15:31:42 - [TEST_CASE][PASSED] - Test Cases/Reusable_Test_Sequences/Web_Office/navigation/Navigate_Consumers: Test Cases/Reusable_Test_Sequences/Web_Office/navigation/Navigate_Consumers

2020-02-04 15:31:42 - [TEST_STEP][PASSED] - "--------------------------------------": null

2020-02-04 15:31:42 - [TEST_STEP][PASSED] - " Navigate Top level menu Item         |": null

2020-02-04 15:31:42 - [TEST_STEP][PASSED] - waitForPageLoad(60): Wait for page load successfully

2020-02-04 15:31:42 - [MESSAGE][PASSED] - Wait for page load successfully

2020-02-04 15:31:42 - [TEST_STEP][PASSED] - waitForElementClickable(findTestObject("Object Repository/WebOffice_Home_page/a_Consumers"), 60): Object 'Object Repository/WebOffice_Home_page/a_Consumers' is clickable

2020-02-04 15:31:43 - [MESSAGE][PASSED] - Object 'Object Repository/WebOffice_Home_page/a_Consumers' is clickable

2020-02-04 15:31:43 - [TEST_STEP][PASSED] - click(findTestObject("Object Repository/WebOffice_Home_page/a_Consumers")): Object: 'Object Repository/WebOffice_Home_page/a_Consumers' is clicked on

2020-02-04 15:31:43 - [MESSAGE][PASSED] - Object: 'Object Repository/WebOffice_Home_page/a_Consumers' is clicked on

2020-02-04 15:31:43 - [MESSAGE][PASSED] - Call Test Case 'Test Cases/Reusable_Test_Sequences/Web_Office/navigation/Navigate_Consumers' successfully

2020-02-04 15:31:43 - [TEST_STEP][PASSED] - "--------------------------------------": null

2020-02-04 15:31:43 - [TEST_STEP][PASSED] - " LH Pane  - Apply Search Criteria     |": null

2020-02-04 15:31:43 - [TEST_STEP][PASSED] - callTestCase(findTestCase("Reusable_Test_Sequences/Web_Office/Actions/Set_Consumer_Data"), [:], OPTIONAL): Call Test Case 'Test Cases/Reusable_Test_Sequences/Web_Office/Actions/Set_Consumer_Data' successfully

2020-02-04 15:31:43 - [TEST_CASE][PASSED] - Test Cases/Reusable_Test_Sequences/Web_Office/Actions/Set_Consumer_Data: Test Cases/Reusable_Test_Sequences/Web_Office/Actions/Set_Consumer_Data

2020-02-04 15:31:43 - [TEST_STEP][PASSED] - "--------------------------------": null

2020-02-04 15:31:43 - [TEST_STEP][PASSED] - "Read data from spreadsheet      |": null

2020-02-04 15:31:43 - [TEST_STEP][PASSED] - data = findTestData("Data Files/Consumer_Data (1)"): null

2020-02-04 15:31:43 - [TEST_STEP][PASSED] - Forename = data.getValue("Forename", row): null

2020-02-04 15:31:43 - [TEST_STEP][PASSED] - Surname = data.getValue("Surname", row): null

2020-02-04 15:31:43 - [TEST_STEP][PASSED] - Mobile = data.getValue("Mobile", row): null

2020-02-04 15:31:43 - [TEST_STEP][PASSED] - Email = data.getValue("Email", row): null

2020-02-04 15:31:43 - [TEST_STEP][PASSED] - House = data.getValue("House", row): null

2020-02-04 15:31:43 - [TEST_STEP][PASSED] - Street = data.getValue("Street", row): null

2020-02-04 15:31:43 - [TEST_STEP][PASSED] - Town = data.getValue("Town", row): null

2020-02-04 15:31:43 - [TEST_STEP][PASSED] - City = data.getValue("City", row): null

2020-02-04 15:31:43 - [TEST_STEP][PASSED] - County = data.getValue("County", row): null

2020-02-04 15:31:43 - [TEST_STEP][PASSED] - Postcode = data.getValue("Postcode", row): null

2020-02-04 15:31:43 - [TEST_STEP][PASSED] - Phone = data.getValue("Phone", row): null

2020-02-04 15:31:43 - [TEST_STEP][PASSED] - Status = data.getValue("Status", row): null

2020-02-04 15:31:43 - [TEST_STEP][PASSED] - Type = data.getValue("Type", row): null

2020-02-04 15:31:43 - [TEST_STEP][PASSED] - Consumer_ID = data.getValue("Consumer_ID", row): null

2020-02-04 15:31:43 - [TEST_STEP][PASSED] - "--------------------------------": null

2020-02-04 15:31:43 - [TEST_STEP][PASSED] - "Read data from spreadsheet      |": null

2020-02-04 15:31:43 - [TEST_STEP][PASSED] - "--------------------------------": null

2020-02-04 15:31:43 - [TEST_STEP][PASSED] - "--------------------------------": null

2020-02-04 15:31:43 - [TEST_STEP][PASSED] - " Synchronisation                |": null

2020-02-04 15:31:43 - [TEST_STEP][PASSED] - waitForPageLoad(60): Wait for page load successfully

2020-02-04 15:31:43 - [MESSAGE][PASSED] - Wait for page load successfully

2020-02-04 15:31:43 - [TEST_STEP][PASSED] - waitForElementVisible(findTestObject("Object Repository/WebOffice/Consumers/Page_/input_Forename_ctl00CP1ctlSearchtbForenames"), 60): Object 'Object Repository/WebOffice/Consumers/Page_/input_Forename_ctl00CP1ctlSearchtbForenames' is visible

2020-02-04 15:31:43 - [MESSAGE][PASSED] - Object 'Object Repository/WebOffice/Consumers/Page_/input_Forename_ctl00CP1ctlSearchtbForenames' is visible

2020-02-04 15:31:43 - [TEST_STEP][PASSED] - click(findTestObject("Object Repository/WebOffice/Consumers/Page_/input_Forename_ctl00CP1ctlSearchtbForenames")): Object: 'Object Repository/WebOffice/Consumers/Page_/input_Forename_ctl00CP1ctlSearchtbForenames' is clicked on

2020-02-04 15:31:44 - [MESSAGE][PASSED] - Object: 'Object Repository/WebOffice/Consumers/Page_/input_Forename_ctl00CP1ctlSearchtbForenames' is clicked on

2020-02-04 15:31:44 - [TEST_STEP][PASSED] - "-------------------------------------------------------------------------------------------------------------------------------------": null

2020-02-04 15:31:44 - [TEST_STEP][PASSED] - setText(findTestObject("Object Repository/WebOffice/Consumers/Page_/input_Forename_ctl00CP1ctlSearchtbForenames"), Forename): Text '' is set on object 'Object Repository/WebOffice/Consumers/Page_/input_Forename_ctl00CP1ctlSearchtbForenames'

2020-02-04 15:31:44 - [MESSAGE][PASSED] - Text '' is set on object 'Object Repository/WebOffice/Consumers/Page_/input_Forename_ctl00CP1ctlSearchtbForenames'

2020-02-04 15:31:44 - [TEST_STEP][PASSED] - "-------------------------------------------------------------------------------------------------------------------------------------": null

2020-02-04 15:31:44 - [TEST_STEP][PASSED] - setText(findTestObject("Object Repository/WebOffice/Consumers/Page_/input_Surname_ctl00CP1ctlSearchtbSurname"), Surname): Text '' is set on object 'Object Repository/WebOffice/Consumers/Page_/input_Surname_ctl00CP1ctlSearchtbSurname'

2020-02-04 15:31:44 - [MESSAGE][PASSED] - Text '' is set on object 'Object Repository/WebOffice/Consumers/Page_/input_Surname_ctl00CP1ctlSearchtbSurname'

2020-02-04 15:31:44 - [TEST_STEP][PASSED] - "-------------------------------------------------------------------------------------------------------------------------------------": null

2020-02-04 15:31:44 - [TEST_STEP][PASSED] - setText(findTestObject("Object Repository/WebOffice/Consumers/Page_/input_Mobile_ctl00CP1ctlSearchtbMobile"), Mobile): Text '447772534248' is set on object 'Object Repository/WebOffice/Consumers/Page_/input_Mobile_ctl00CP1ctlSearchtbMobile'

2020-02-04 15:31:44 - [MESSAGE][PASSED] - Text '447772534248' is set on object 'Object Repository/WebOffice/Consumers/Page_/input_Mobile_ctl00CP1ctlSearchtbMobile'

2020-02-04 15:31:44 - [TEST_STEP][PASSED] - "-------------------------------------------------------------------------------------------------------------------------------------": null

2020-02-04 15:31:44 - [TEST_STEP][PASSED] - setText(findTestObject("Object Repository/WebOffice/Consumers/Page_/input_Email_ctl00CP1ctlSearchtbEmail"), Email): Text '' is set on object 'Object Repository/WebOffice/Consumers/Page_/input_Email_ctl00CP1ctlSearchtbEmail'

2020-02-04 15:31:44 - [MESSAGE][PASSED] - Text '' is set on object 'Object Repository/WebOffice/Consumers/Page_/input_Email_ctl00CP1ctlSearchtbEmail'

2020-02-04 15:31:44 - [TEST_STEP][PASSED] - "-------------------------------------------------------------------------------------------------------------------------------------": null

2020-02-04 15:31:44 - [TEST_STEP][PASSED] - setText(findTestObject("Object Repository/WebOffice/Consumers/Page_/input_House_ctl00CP1ctlSearchtbHouse"), House): Text '' is set on object 'Object Repository/WebOffice/Consumers/Page_/input_House_ctl00CP1ctlSearchtbHouse'

2020-02-04 15:31:44 - [MESSAGE][PASSED] - Text '' is set on object 'Object Repository/WebOffice/Consumers/Page_/input_House_ctl00CP1ctlSearchtbHouse'

2020-02-04 15:31:44 - [TEST_STEP][PASSED] - "-------------------------------------------------------------------------------------------------------------------------------------": null

2020-02-04 15:31:44 - [TEST_STEP][PASSED] - setText(findTestObject("Object Repository/WebOffice/Consumers/Page_/input_Street_ctl00CP1ctlSearchtbStreet"), Street): Text '' is set on object 'Object Repository/WebOffice/Consumers/Page_/input_Street_ctl00CP1ctlSearchtbStreet'

2020-02-04 15:31:45 - [MESSAGE][PASSED] - Text '' is set on object 'Object Repository/WebOffice/Consumers/Page_/input_Street_ctl00CP1ctlSearchtbStreet'

2020-02-04 15:31:45 - [TEST_STEP][PASSED] - "-------------------------------------------------------------------------------------------------------------------------------------": null

2020-02-04 15:31:45 - [TEST_STEP][PASSED] - setText(findTestObject("Object Repository/WebOffice/Consumers/Page_/input_Town_ctl00CP1ctlSearchtbTown"), Town): Text '' is set on object 'Object Repository/WebOffice/Consumers/Page_/input_Town_ctl00CP1ctlSearchtbTown'

2020-02-04 15:31:45 - [MESSAGE][PASSED] - Text '' is set on object 'Object Repository/WebOffice/Consumers/Page_/input_Town_ctl00CP1ctlSearchtbTown'

2020-02-04 15:31:45 - [TEST_STEP][PASSED] - "-------------------------------------------------------------------------------------------------------------------------------------": null

2020-02-04 15:31:45 - [TEST_STEP][PASSED] - setText(findTestObject("Object Repository/WebOffice/Consumers/Page_/input_City_ctl00CP1ctlSearchtbCity"), City): Text '' is set on object 'Object Repository/WebOffice/Consumers/Page_/input_City_ctl00CP1ctlSearchtbCity'

2020-02-04 15:31:45 - [MESSAGE][PASSED] - Text '' is set on object 'Object Repository/WebOffice/Consumers/Page_/input_City_ctl00CP1ctlSearchtbCity'

2020-02-04 15:31:45 - [TEST_STEP][PASSED] - "-------------------------------------------------------------------------------------------------------------------------------------": null

2020-02-04 15:31:45 - [TEST_STEP][PASSED] - setText(findTestObject("Object Repository/WebOffice/Consumers/Page_/input_County_ctl00CP1ctlSearchtbCounty"), County): Text '' is set on object 'Object Repository/WebOffice/Consumers/Page_/input_County_ctl00CP1ctlSearchtbCounty'

2020-02-04 15:31:45 - [MESSAGE][PASSED] - Text '' is set on object 'Object Repository/WebOffice/Consumers/Page_/input_County_ctl00CP1ctlSearchtbCounty'

2020-02-04 15:31:45 - [TEST_STEP][PASSED] - "-------------------------------------------------------------------------------------------------------------------------------------": null

2020-02-04 15:31:45 - [TEST_STEP][PASSED] - setText(findTestObject("Object Repository/WebOffice/Consumers/Page_/input_Postcode_ctl00CP1ctlSearchtbPostcode"), Postcode): Text '' is set on object 'Object Repository/WebOffice/Consumers/Page_/input_Postcode_ctl00CP1ctlSearchtbPostcode'

2020-02-04 15:31:45 - [MESSAGE][PASSED] - Text '' is set on object 'Object Repository/WebOffice/Consumers/Page_/input_Postcode_ctl00CP1ctlSearchtbPostcode'

2020-02-04 15:31:45 - [TEST_STEP][PASSED] - "-------------------------------------------------------------------------------------------------------------------------------------": null

2020-02-04 15:31:45 - [TEST_STEP][PASSED] - setText(findTestObject("Object Repository/WebOffice/Consumers/Page_/input_Phone_ctl00CP1ctlSearchtbTel"), Phone): Text '' is set on object 'Object Repository/WebOffice/Consumers/Page_/input_Phone_ctl00CP1ctlSearchtbTel'

2020-02-04 15:31:46 - [MESSAGE][PASSED] - Text '' is set on object 'Object Repository/WebOffice/Consumers/Page_/input_Phone_ctl00CP1ctlSearchtbTel'

2020-02-04 15:31:46 - [TEST_STEP][PASSED] - "-------------------------------------------------------------------------------------------------------------------------------------": null

2020-02-04 15:31:46 - [TEST_STEP][PASSED] - "Set Status": null

2020-02-04 15:31:46 - [TEST_STEP][PASSED] - "-------------------------------------------------------------------------------------------------------------------------------------": null

2020-02-04 15:31:46 - [TEST_STEP][PASSED] - "Status 3 Options": null

2020-02-04 15:31:46 - [TEST_STEP][PASSED] - "-------------------------------------------------------------------------------------------------------------------------------------": null

2020-02-04 15:31:46 - [TEST_STEP][PASSED] - "Set Type": null

2020-02-04 15:31:46 - [TEST_STEP][PASSED] - "-------------------------------------------------------------------------------------------------------------------------------------": null

2020-02-04 15:31:46 - [TEST_STEP][PASSED] - "Type 3 Options": null

2020-02-04 15:31:46 - [TEST_STEP][PASSED] - "-------------------------------------------------------------------------------------------------------------------------------------": null

2020-02-04 15:31:46 - [TEST_STEP][PASSED] - click(findTestObject("Object Repository/WebOffice/Consumers/Page_/input_Clear_ctl00CP1ctlSearchbtnSearch")): Object: 'Object Repository/WebOffice/Consumers/Page_/input_Clear_ctl00CP1ctlSearchbtnSearch' is clicked on

2020-02-04 15:31:46 - [MESSAGE][PASSED] - Object: 'Object Repository/WebOffice/Consumers/Page_/input_Clear_ctl00CP1ctlSearchbtnSearch' is clicked on

2020-02-04 15:31:46 - [MESSAGE][PASSED] - Call Test Case 'Test Cases/Reusable_Test_Sequences/Web_Office/Actions/Set_Consumer_Data' successfully

2020-02-04 15:31:46 - [TEST_STEP][PASSED] - "--------------------------------------": null

2020-02-04 15:31:46 - [TEST_STEP][PASSED] - " Select Returned Record to Verify     |": null

2020-02-04 15:31:46 - [TEST_STEP][PASSED] - callTestCase(findTestCase("Reusable_Test_Sequences/Web_Office/Actions/Select_Consumer"), [:], OPTIONAL): Call Test Case 'Test Cases/Reusable_Test_Sequences/Web_Office/Actions/Select_Consumer' successfully

2020-02-04 15:31:46 - [TEST_CASE][PASSED] - Test Cases/Reusable_Test_Sequences/Web_Office/Actions/Select_Consumer: Test Cases/Reusable_Test_Sequences/Web_Office/Actions/Select_Consumer

2020-02-04 15:31:46 - [TEST_STEP][PASSED] - "--------": null

2020-02-04 15:31:46 - [TEST_STEP][PASSED] - "Search  |": null

2020-02-04 15:31:46 - [TEST_STEP][PASSED] - waitForPageLoad(60): Wait for page load successfully

2020-02-04 15:31:46 - [MESSAGE][PASSED] - Wait for page load successfully

2020-02-04 15:31:46 - [TEST_STEP][PASSED] - waitForElementClickable(findTestObject("Object Repository/WO_Consumer/Page_/input_Clear_ctl00CP1ctlSearchbtnSearch"), 60): Object 'Object Repository/WO_Consumer/Page_/input_Clear_ctl00CP1ctlSearchbtnSearch' is clickable

2020-02-04 15:31:46 - [MESSAGE][PASSED] - Object 'Object Repository/WO_Consumer/Page_/input_Clear_ctl00CP1ctlSearchbtnSearch' is clickable

2020-02-04 15:31:46 - [TEST_STEP][PASSED] - click(findTestObject("Object Repository/WO_Consumer/Page_/input_Clear_ctl00CP1ctlSearchbtnSearch")): Object: 'Object Repository/WO_Consumer/Page_/input_Clear_ctl00CP1ctlSearchbtnSearch' is clicked on

2020-02-04 15:31:46 - [MESSAGE][PASSED] - Object: 'Object Repository/WO_Consumer/Page_/input_Clear_ctl00CP1ctlSearchbtnSearch' is clicked on

2020-02-04 15:31:46 - [TEST_STEP][PASSED] - delay(5): Delayed 5 second(s)

2020-02-04 15:31:51 - [MESSAGE][PASSED] - Delayed 5 second(s)

2020-02-04 15:31:51 - [TEST_STEP][PASSED] - "--------": null

2020-02-04 15:31:51 - [TEST_STEP][PASSED] - "Synch   |": null

2020-02-04 15:31:51 - [TEST_STEP][PASSED] - waitForPageLoad(120): Wait for page load successfully

2020-02-04 15:31:51 - [MESSAGE][PASSED] - Wait for page load successfully

2020-02-04 15:31:51 - [TEST_STEP][PASSED] - waitForElementClickable(findTestObject("Object Repository/WO_Consumer/Page_/a_Feedback"), 60): Object 'Object Repository/WO_Consumer/Page_/a_Feedback' is clickable

2020-02-04 15:31:51 - [MESSAGE][PASSED] - Object 'Object Repository/WO_Consumer/Page_/a_Feedback' is clickable

2020-02-04 15:31:51 - [TEST_STEP][PASSED] - "----------------------------------------": null

2020-02-04 15:31:51 - [TEST_STEP][PASSED] - "Initial Table View (Populated or Not    |": null

2020-02-04 15:31:51 - [TEST_STEP][PASSED] - "----------------------------------------": null

2020-02-04 15:31:51 - [TEST_STEP][PASSED] - "---------------------------------------------------": null

2020-02-04 15:31:51 - [TEST_STEP][PASSED] - "If Record Exists Then rocess, Otherwise Jump Over  |": null

2020-02-04 15:31:51 - [TEST_STEP][PASSED] - "---------------------------------------------------": null

2020-02-04 15:31:51 - [TEST_STEP][PASSED] - "----------------------------------------": null

2020-02-04 15:31:51 - [TEST_STEP][PASSED] - "Initial Table Return Checks": null

2020-02-04 15:31:51 - [TEST_STEP][PASSED] - "----------------------------------------": null

2020-02-04 15:31:51 - [TEST_STEP][PASSED] - "--------": null

2020-02-04 15:31:51 - [TEST_STEP][PASSED] - "Sort    |": null

2020-02-04 15:31:51 - [TEST_STEP][PASSED] - click(findTestObject("Object Repository/WO_Consumer/Page_/a_Feedback")): Object: 'Object Repository/WO_Consumer/Page_/a_Feedback' is clicked on

2020-02-04 15:31:51 - [MESSAGE][PASSED] - Object: 'Object Repository/WO_Consumer/Page_/a_Feedback' is clicked on

2020-02-04 15:31:51 - [TEST_STEP][PASSED] - delay(5): Delayed 5 second(s)

2020-02-04 15:31:56 - [MESSAGE][PASSED] - Delayed 5 second(s)

2020-02-04 15:31:56 - [TEST_STEP][PASSED] - "--------": null

2020-02-04 15:31:56 - [TEST_STEP][PASSED] - "Sort    |": null

2020-02-04 15:31:56 - [TEST_STEP][PASSED] - click(findTestObject("Object Repository/WO_Consumer/Page_/a_Feedback")): Object: 'Object Repository/WO_Consumer/Page_/a_Feedback' is clicked on

2020-02-04 15:31:57 - [MESSAGE][PASSED] - Object: 'Object Repository/WO_Consumer/Page_/a_Feedback' is clicked on

2020-02-04 15:31:57 - [TEST_STEP][PASSED] - delay(5): Delayed 5 second(s)

2020-02-04 15:32:02 - [MESSAGE][PASSED] - Delayed 5 second(s)

2020-02-04 15:32:02 - [TEST_STEP][PASSED] - "--------": null

2020-02-04 15:32:02 - [TEST_STEP][PASSED] - "Select  |": null

2020-02-04 15:32:02 - [TEST_STEP][PASSED] - waitForElementClickable(findTestObject("WO_Consumer/Page_/td_TopRow"), 60): Object 'Object Repository/WO_Consumer/Page_/td_TopRow' is clickable

2020-02-04 15:32:02 - [MESSAGE][PASSED] - Object 'Object Repository/WO_Consumer/Page_/td_TopRow' is clickable

2020-02-04 15:32:02 - [TEST_STEP][PASSED] - click(findTestObject("WO_Consumer/Page_/td_TopRow")): Object: 'Object Repository/WO_Consumer/Page_/td_TopRow' is clicked on

2020-02-04 15:32:02 - [MESSAGE][PASSED] - Object: 'Object Repository/WO_Consumer/Page_/td_TopRow' is clicked on

2020-02-04 15:32:02 - [TEST_STEP][PASSED] - delay(1): Delayed 1 second(s)

2020-02-04 15:32:03 - [MESSAGE][PASSED] - Delayed 1 second(s)

2020-02-04 15:32:03 - [MESSAGE][PASSED] - Call Test Case 'Test Cases/Reusable_Test_Sequences/Web_Office/Actions/Select_Consumer' successfully

2020-02-04 15:32:03 - [TEST_STEP][PASSED] - "--------------------------------------": null

2020-02-04 15:32:03 - [TEST_STEP][PASSED] - " Verify Returned Consumer Record      |": null

2020-02-04 15:32:03 - [TEST_STEP][PASSED] - callTestCase(findTestCase("Reusable_Test_Sequences/Web_Office/Verification/Consumer_Returned_Search_Record"), [:], OPTIONAL): Call Test Case 'Test Cases/Reusable_Test_Sequences/Web_Office/Verification/Consumer_Returned_Search_Record' successfully

2020-02-04 15:32:03 - [TEST_CASE][PASSED] - Test Cases/Reusable_Test_Sequences/Web_Office/Verification/Consumer_Returned_Search_Record: Test Cases/Reusable_Test_Sequences/Web_Office/Verification/Consumer_Returned_Search_Record

2020-02-04 15:32:03 - [TEST_STEP][PASSED] - "--------------------------------": null

2020-02-04 15:32:03 - [TEST_STEP][PASSED] - "Read data from spreadsheet      | r_ = Returned Data": null

2020-02-04 15:32:03 - [TEST_STEP][PASSED] - data = findTestData("Data Files/Consumer_Data (1)"): null

2020-02-04 15:32:03 - [TEST_STEP][PASSED] - Consumer_ID = data.getValue("Consumer_ID", row): null

2020-02-04 15:32:03 - [TEST_STEP][PASSED] - Title = data.getValue("r_Title", row): null

2020-02-04 15:32:03 - [TEST_STEP][PASSED] - Forenames = data.getValue("r_Forenames", row): null

2020-02-04 15:32:03 - [TEST_STEP][PASSED] - Surname = data.getValue("r_Surname", row): null

2020-02-04 15:32:03 - [TEST_STEP][PASSED] - Housename = data.getValue("r_Housename", row): null

2020-02-04 15:32:03 - [TEST_STEP][PASSED] - Number_Street = data.getValue("r_Number_and_Street", row): null

2020-02-04 15:32:03 - [TEST_STEP][PASSED] - City = data.getValue("r_City", row): null

2020-02-04 15:32:03 - [TEST_STEP][PASSED] - Town = data.getValue("r_Town", row): null

2020-02-04 15:32:03 - [TEST_STEP][PASSED] - County = data.getValue("r_County", row): null

2020-02-04 15:32:03 - [TEST_STEP][PASSED] - Postcode = data.getValue("r_Postcode", row): null

2020-02-04 15:32:03 - [TEST_STEP][PASSED] - Phone1 = data.getValue("r_Phone_1", row): null

2020-02-04 15:32:03 - [TEST_STEP][PASSED] - Phone2 = data.getValue("r_Phone_2", row): null

2020-02-04 15:32:03 - [TEST_STEP][PASSED] - Fax = data.getValue("r_Fax", row): null

2020-02-04 15:32:03 - [TEST_STEP][PASSED] - r_Full_Name = data.getValue("r_Full_Name", 1): null

2020-02-04 15:32:03 - [TEST_STEP][PASSED] - r_Full_Address = data.getValue("r_Full_Address", 1): null

2020-02-04 15:32:03 - [TEST_STEP][PASSED] - "--------------------------------": null

2020-02-04 15:32:03 - [TEST_STEP][PASSED] - "Read data from spreadsheet      |": null

2020-02-04 15:32:03 - [TEST_STEP][PASSED] - Actual_Page_Text = "": null

2020-02-04 15:32:03 - [TEST_STEP][PASSED] - Expected_Page_Text = "": null

2020-02-04 15:32:03 - [TEST_STEP][PASSED] - waitForPageLoad(60): Wait for page load successfully

2020-02-04 15:32:03 - [MESSAGE][PASSED] - Wait for page load successfully

2020-02-04 15:32:03 - [TEST_STEP][PASSED] - delay(1): Delayed 1 second(s)

2020-02-04 15:32:04 - [MESSAGE][PASSED] - Delayed 1 second(s)

2020-02-04 15:32:04 - [TEST_STEP][PASSED] - "HEADER DETAIL - iFrame": null

2020-02-04 15:32:04 - [TEST_STEP][PASSED] - "----------------": null

2020-02-04 15:32:04 - [TEST_STEP][PASSED] - "Full Name       |": null

2020-02-04 15:32:04 - [TEST_STEP][PASSED] - verifyElementPresent(findTestObject("Object Repository/WO_Consumer/Page_/Page_/a_Mr Gordon Brown"), 25): Object 'Object Repository/WO_Consumer/Page_/Page_/a_Mr Gordon Brown' is present

2020-02-04 15:32:04 - [MESSAGE][PASSED] - Object 'Object Repository/WO_Consumer/Page_/Page_/a_Mr Gordon Brown' is present

2020-02-04 15:32:05 - [TEST_STEP][PASSED] - "----------------": null

2020-02-04 15:32:05 - [TEST_STEP][PASSED] - "Full Address    |": null

2020-02-04 15:32:05 - [TEST_STEP][PASSED] - verifyElementPresent(findTestObject("Object Repository/WO_Consumer/Page_/Page_/div_Haywards Heath West Sussex RH16 4ER4477_d20822"), 25): Object 'Object Repository/WO_Consumer/Page_/Page_/div_Haywards Heath West Sussex RH16 4ER4477_d20822' is present

2020-02-04 15:32:05 - [MESSAGE][PASSED] - Object 'Object Repository/WO_Consumer/Page_/Page_/div_Haywards Heath West Sussex RH16 4ER4477_d20822' is present

2020-02-04 15:32:05 - [TEST_STEP][PASSED] - "BODY DETAIL - iFrame": null

2020-02-04 15:32:05 - [TEST_STEP][PASSED] - "----------------": null

2020-02-04 15:32:05 - [TEST_STEP][PASSED] - "EDIT Consumer   |": null

2020-02-04 15:32:05 - [TEST_STEP][PASSED] - verifyElementPresent(findTestObject("Object Repository/WO_Consumer/Page_/Page_/input_Title_ctledittbTitle"), 25): Object 'Object Repository/WO_Consumer/Page_/Page_/input_Title_ctledittbTitle' is present

2020-02-04 15:32:05 - [MESSAGE][PASSED] - Object 'Object Repository/WO_Consumer/Page_/Page_/input_Title_ctledittbTitle' is present

2020-02-04 15:32:05 - [TEST_STEP][PASSED] - "----------------": null

2020-02-04 15:32:05 - [TEST_STEP][PASSED] - "Address         |": null

2020-02-04 15:32:05 - [TEST_STEP][PASSED] - verifyElementPresent(findTestObject("Object Repository/WO_Consumer/Page_/Page_/span_Please ensure the Street  Road name is_e38a58"), 25): Object 'Object Repository/WO_Consumer/Page_/Page_/span_Please ensure the Street  Road name is_e38a58' is present

2020-02-04 15:32:05 - [MESSAGE][PASSED] - Object 'Object Repository/WO_Consumer/Page_/Page_/span_Please ensure the Street  Road name is_e38a58' is present

2020-02-04 15:32:05 - [MESSAGE][PASSED] - Call Test Case 'Test Cases/Reusable_Test_Sequences/Web_Office/Verification/Consumer_Returned_Search_Record' successfully

2020-02-04 15:32:05 - [TEST_STEP][PASSED] - "--------------------------": null

2020-02-04 15:32:05 - [TEST_STEP][PASSED] - " Teardown - CLose Browser |": null

2020-02-04 15:32:05 - [TEST_STEP][PASSED] - callTestCase(findTestCase("Reusable_Test_Sequences/CAT_Teardown"), [:], OPTIONAL): Call Test Case 'Test Cases/Reusable_Test_Sequences/CAT_Teardown' successfully

2020-02-04 15:32:05 - [TEST_CASE][PASSED] - Test Cases/Reusable_Test_Sequences/CAT_Teardown: Test Cases/Reusable_Test_Sequences/CAT_Teardown

2020-02-04 15:32:05 - [TEST_STEP][PASSED] - closeBrowser(): Browser is closed

2020-02-04 15:32:06 - [MESSAGE][PASSED] - Browser is closed

2020-02-04 15:32:06 - [MESSAGE][PASSED] - Call Test Case 'Test Cases/Reusable_Test_Sequences/CAT_Teardown' successfully

2020-02-04 15:32:06 - [TEST_STEP][PASSED] - "--------------------------------------": null

2020-02-04 15:32:06 - [TEST_STEP][PASSED] - " Web Office StartUp                   |": null

2020-02-04 15:32:06 - [TEST_STEP][PASSED] - callTestCase(findTestCase("Reusable_Test_Sequences/Web_Office/Directives/WebOffice_StartUp"), [:], OPTIONAL): Call Test Case 'Test Cases/Reusable_Test_Sequences/Web_Office/Directives/WebOffice_StartUp' successfully

2020-02-04 15:32:06 - [TEST_CASE][PASSED] - Test Cases/Reusable_Test_Sequences/Web_Office/Directives/WebOffice_StartUp: Test Cases/Reusable_Test_Sequences/Web_Office/Directives/WebOffice_StartUp

2020-02-04 15:32:06 - [TEST_STEP][PASSED] - if (URL == "https://www.preview.checkatrade.com/"): null

2020-02-04 15:32:06 - [TEST_STEP][PASSED] - WebOfficeURL = "https://admin.preview.checkatrade.com/": null

2020-02-04 15:32:06 - [TEST_STEP][PASSED] - if (URL == "https://www.checkatrade.com/"): null

2020-02-04 15:32:06 - [TEST_STEP][PASSED] - "Set Function Area for "URL_Handler", URL Resolution": null

2020-02-04 15:32:06 - [TEST_STEP][PASSED] - "Do Some Magic with URL(s) See the comments within URL Handler ": null

2020-02-04 15:32:06 - [TEST_STEP][PASSED] - "------------------------------------------------": null

2020-02-04 15:32:06 - [TEST_STEP][PASSED] - "Moved Login Credentials to <Default> profile 22/01/2020": null

2020-02-04 15:32:06 - [TEST_STEP][PASSED] - "------------------------------------------------": null

2020-02-04 15:32:06 - [TEST_STEP][PASSED] - "WebOfficeURL - Set from the ENVIRONMENT PROFILE ": null

2020-02-04 15:32:06 - [TEST_STEP][PASSED] - "OPEN BROWSER": null

2020-02-04 15:32:06 - [TEST_STEP][PASSED] - "eg - https://admin.preview.checkatrade.com/  ": null

2020-02-04 15:32:06 - [TEST_STEP][PASSED] - openBrowser(WebOfficeURL): Browser is opened with url: 'https://admin.preview.checkatrade.com/'

2020-02-04 15:32:06 - [MESSAGE][INFO] - Starting 'Chrome' driver

2020-02-04 15:32:12 - [MESSAGE][PASSED] - Browser is opened with url: 'https://admin.preview.checkatrade.com/'

2020-02-04 15:32:12 - [TEST_STEP][PASSED] - maximizeWindow(): Current window maximized

2020-02-04 15:32:16 - [MESSAGE][PASSED] - Current window maximized

2020-02-04 15:32:16 - [TEST_STEP][PASSED] - waitForElementClickable(findTestObject("Object Repository/WebOffice/Page_Checkatrade - Administration - Login/Login_Button"), 25): Object 'Object Repository/WebOffice/Page_Checkatrade - Administration - Login/Login_Button' is clickable

2020-02-04 15:32:16 - [MESSAGE][PASSED] - Object 'Object Repository/WebOffice/Page_Checkatrade - Administration - Login/Login_Button' is clickable

2020-02-04 15:32:16 - [TEST_STEP][PASSED] - verifyTextPresent("Checkatrade Web Office", false): Text 'Checkatrade Web Office' is present on page 

2020-02-04 15:32:16 - [MESSAGE][PASSED] - Text 'Checkatrade Web Office' is present on page 

2020-02-04 15:32:16 - [TEST_STEP][PASSED] - verifyTextPresent("Access for staff use only", false): Text 'Access for staff use only' is present on page 

2020-02-04 15:32:16 - [MESSAGE][PASSED] - Text 'Access for staff use only' is present on page 

2020-02-04 15:32:16 - [TEST_STEP][PASSED] - verifyTextPresent("Forgotten password?", false): Text 'Forgotten password?' is present on page 

2020-02-04 15:32:16 - [MESSAGE][PASSED] - Text 'Forgotten password?' is present on page 

2020-02-04 15:32:16 - [TEST_STEP][PASSED] - setText(findTestObject("Object Repository/WebOffice/Page_Checkatrade - Administration - Login/input_Username_LoginControlUserName"), wo_Username): Text 'DavidHo' is set on object 'Object Repository/WebOffice/Page_Checkatrade - Administration - Login/input_Username_LoginControlUserName'

2020-02-04 15:32:17 - [MESSAGE][PASSED] - Text 'DavidHo' is set on object 'Object Repository/WebOffice/Page_Checkatrade - Administration - Login/input_Username_LoginControlUserName'

2020-02-04 15:32:17 - [TEST_STEP][PASSED] - setText(findTestObject("Object Repository/WebOffice/Page_Checkatrade - Administration - Login/input_Password_LoginControlPassword"), wo_Password): Text 'Check123' is set on object 'Object Repository/WebOffice/Page_Checkatrade - Administration - Login/input_Password_LoginControlPassword'

2020-02-04 15:32:17 - [MESSAGE][PASSED] - Text 'Check123' is set on object 'Object Repository/WebOffice/Page_Checkatrade - Administration - Login/input_Password_LoginControlPassword'

2020-02-04 15:32:17 - [TEST_STEP][PASSED] - click(findTestObject("Object Repository/WebOffice/Page_Checkatrade - Administration - Login/Login_Button")): Object: 'Object Repository/WebOffice/Page_Checkatrade - Administration - Login/Login_Button' is clicked on

2020-02-04 15:32:18 - [MESSAGE][PASSED] - Object: 'Object Repository/WebOffice/Page_Checkatrade - Administration - Login/Login_Button' is clicked on

2020-02-04 15:32:18 - [TEST_STEP][PASSED] - waitForPageLoad(60): Wait for page load successfully

2020-02-04 15:32:18 - [MESSAGE][PASSED] - Wait for page load successfully

2020-02-04 15:32:18 - [TEST_STEP][PASSED] - verifyTextPresent("Welcome " + wo_Username, false): Text 'Welcome DavidHo' is present on page 

2020-02-04 15:32:18 - [MESSAGE][PASSED] - Text 'Welcome DavidHo' is present on page 

2020-02-04 15:32:18 - [MESSAGE][PASSED] - Call Test Case 'Test Cases/Reusable_Test_Sequences/Web_Office/Directives/WebOffice_StartUp' successfully

2020-02-04 15:32:18 - [TEST_STEP][PASSED] - "--------------------------------------": null

2020-02-04 15:32:18 - [TEST_STEP][PASSED] - " Navigate to <Consumer> Menu Item     |": null

2020-02-04 15:32:18 - [TEST_STEP][PASSED] - callTestCase(findTestCase("Reusable_Test_Sequences/Web_Office/navigation/Navigate_Consumers"), [:], OPTIONAL): Call Test Case 'Test Cases/Reusable_Test_Sequences/Web_Office/navigation/Navigate_Consumers' successfully

2020-02-04 15:32:18 - [TEST_CASE][PASSED] - Test Cases/Reusable_Test_Sequences/Web_Office/navigation/Navigate_Consumers: Test Cases/Reusable_Test_Sequences/Web_Office/navigation/Navigate_Consumers

2020-02-04 15:32:18 - [TEST_STEP][PASSED] - "--------------------------------------": null

2020-02-04 15:32:18 - [TEST_STEP][PASSED] - " Navigate Top level menu Item         |": null

2020-02-04 15:32:18 - [TEST_STEP][PASSED] - waitForPageLoad(60): Wait for page load successfully

2020-02-04 15:32:18 - [MESSAGE][PASSED] - Wait for page load successfully

2020-02-04 15:32:18 - [TEST_STEP][PASSED] - waitForElementClickable(findTestObject("Object Repository/WebOffice_Home_page/a_Consumers"), 60): Object 'Object Repository/WebOffice_Home_page/a_Consumers' is clickable

2020-02-04 15:32:18 - [MESSAGE][PASSED] - Object 'Object Repository/WebOffice_Home_page/a_Consumers' is clickable

2020-02-04 15:32:18 - [TEST_STEP][PASSED] - click(findTestObject("Object Repository/WebOffice_Home_page/a_Consumers")): Object: 'Object Repository/WebOffice_Home_page/a_Consumers' is clicked on

2020-02-04 15:32:19 - [MESSAGE][PASSED] - Object: 'Object Repository/WebOffice_Home_page/a_Consumers' is clicked on

2020-02-04 15:32:19 - [MESSAGE][PASSED] - Call Test Case 'Test Cases/Reusable_Test_Sequences/Web_Office/navigation/Navigate_Consumers' successfully

2020-02-04 15:32:19 - [TEST_STEP][PASSED] - "--------------------------------------": null

2020-02-04 15:32:19 - [TEST_STEP][PASSED] - " LH Pane  - Apply Search Criteria     |": null

2020-02-04 15:32:19 - [TEST_STEP][PASSED] - callTestCase(findTestCase("Reusable_Test_Sequences/Web_Office/Actions/Set_Consumer_Data"), [:], OPTIONAL): Call Test Case 'Test Cases/Reusable_Test_Sequences/Web_Office/Actions/Set_Consumer_Data' successfully

2020-02-04 15:32:19 - [TEST_CASE][PASSED] - Test Cases/Reusable_Test_Sequences/Web_Office/Actions/Set_Consumer_Data: Test Cases/Reusable_Test_Sequences/Web_Office/Actions/Set_Consumer_Data

2020-02-04 15:32:19 - [TEST_STEP][PASSED] - "--------------------------------": null

2020-02-04 15:32:19 - [TEST_STEP][PASSED] - "Read data from spreadsheet      |": null

2020-02-04 15:32:19 - [TEST_STEP][PASSED] - data = findTestData("Data Files/Consumer_Data (1)"): null

2020-02-04 15:32:19 - [TEST_STEP][PASSED] - Forename = data.getValue("Forename", row): null

2020-02-04 15:32:19 - [TEST_STEP][PASSED] - Surname = data.getValue("Surname", row): null

2020-02-04 15:32:19 - [TEST_STEP][PASSED] - Mobile = data.getValue("Mobile", row): null

2020-02-04 15:32:19 - [TEST_STEP][PASSED] - Email = data.getValue("Email", row): null

2020-02-04 15:32:19 - [TEST_STEP][PASSED] - House = data.getValue("House", row): null

2020-02-04 15:32:19 - [TEST_STEP][PASSED] - Street = data.getValue("Street", row): null

2020-02-04 15:32:19 - [TEST_STEP][PASSED] - Town = data.getValue("Town", row): null

2020-02-04 15:32:19 - [TEST_STEP][PASSED] - City = data.getValue("City", row): null

2020-02-04 15:32:19 - [TEST_STEP][PASSED] - County = data.getValue("County", row): null

2020-02-04 15:32:19 - [TEST_STEP][PASSED] - Postcode = data.getValue("Postcode", row): null

2020-02-04 15:32:19 - [TEST_STEP][PASSED] - Phone = data.getValue("Phone", row): null

2020-02-04 15:32:19 - [TEST_STEP][PASSED] - Status = data.getValue("Status", row): null

2020-02-04 15:32:19 - [TEST_STEP][PASSED] - Type = data.getValue("Type", row): null

2020-02-04 15:32:19 - [TEST_STEP][PASSED] - Consumer_ID = data.getValue("Consumer_ID", row): null

2020-02-04 15:32:19 - [TEST_STEP][PASSED] - "--------------------------------": null

2020-02-04 15:32:19 - [TEST_STEP][PASSED] - "Read data from spreadsheet      |": null

2020-02-04 15:32:19 - [TEST_STEP][PASSED] - "--------------------------------": null

2020-02-04 15:32:19 - [TEST_STEP][PASSED] - "--------------------------------": null

2020-02-04 15:32:19 - [TEST_STEP][PASSED] - " Synchronisation                |": null

2020-02-04 15:32:19 - [TEST_STEP][PASSED] - waitForPageLoad(60): Wait for page load successfully

2020-02-04 15:32:19 - [MESSAGE][PASSED] - Wait for page load successfully

2020-02-04 15:32:19 - [TEST_STEP][PASSED] - waitForElementVisible(findTestObject("Object Repository/WebOffice/Consumers/Page_/input_Forename_ctl00CP1ctlSearchtbForenames"), 60): Object 'Object Repository/WebOffice/Consumers/Page_/input_Forename_ctl00CP1ctlSearchtbForenames' is visible

2020-02-04 15:32:19 - [MESSAGE][PASSED] - Object 'Object Repository/WebOffice/Consumers/Page_/input_Forename_ctl00CP1ctlSearchtbForenames' is visible

2020-02-04 15:32:19 - [TEST_STEP][PASSED] - click(findTestObject("Object Repository/WebOffice/Consumers/Page_/input_Forename_ctl00CP1ctlSearchtbForenames")): Object: 'Object Repository/WebOffice/Consumers/Page_/input_Forename_ctl00CP1ctlSearchtbForenames' is clicked on

2020-02-04 15:32:19 - [MESSAGE][PASSED] - Object: 'Object Repository/WebOffice/Consumers/Page_/input_Forename_ctl00CP1ctlSearchtbForenames' is clicked on

2020-02-04 15:32:19 - [TEST_STEP][PASSED] - "-------------------------------------------------------------------------------------------------------------------------------------": null

2020-02-04 15:32:19 - [TEST_STEP][PASSED] - setText(findTestObject("Object Repository/WebOffice/Consumers/Page_/input_Forename_ctl00CP1ctlSearchtbForenames"), Forename): Text 'Gordon' is set on object 'Object Repository/WebOffice/Consumers/Page_/input_Forename_ctl00CP1ctlSearchtbForenames'

2020-02-04 15:32:19 - [MESSAGE][PASSED] - Text 'Gordon' is set on object 'Object Repository/WebOffice/Consumers/Page_/input_Forename_ctl00CP1ctlSearchtbForenames'

2020-02-04 15:32:19 - [TEST_STEP][PASSED] - "-------------------------------------------------------------------------------------------------------------------------------------": null

2020-02-04 15:32:19 - [TEST_STEP][PASSED] - setText(findTestObject("Object Repository/WebOffice/Consumers/Page_/input_Surname_ctl00CP1ctlSearchtbSurname"), Surname): Text '' is set on object 'Object Repository/WebOffice/Consumers/Page_/input_Surname_ctl00CP1ctlSearchtbSurname'

2020-02-04 15:32:19 - [MESSAGE][PASSED] - Text '' is set on object 'Object Repository/WebOffice/Consumers/Page_/input_Surname_ctl00CP1ctlSearchtbSurname'

2020-02-04 15:32:19 - [TEST_STEP][PASSED] - "-------------------------------------------------------------------------------------------------------------------------------------": null

2020-02-04 15:32:19 - [TEST_STEP][PASSED] - setText(findTestObject("Object Repository/WebOffice/Consumers/Page_/input_Mobile_ctl00CP1ctlSearchtbMobile"), Mobile): Text '' is set on object 'Object Repository/WebOffice/Consumers/Page_/input_Mobile_ctl00CP1ctlSearchtbMobile'

2020-02-04 15:32:19 - [MESSAGE][PASSED] - Text '' is set on object 'Object Repository/WebOffice/Consumers/Page_/input_Mobile_ctl00CP1ctlSearchtbMobile'

2020-02-04 15:32:19 - [TEST_STEP][PASSED] - "-------------------------------------------------------------------------------------------------------------------------------------": null

2020-02-04 15:32:19 - [TEST_STEP][PASSED] - setText(findTestObject("Object Repository/WebOffice/Consumers/Page_/input_Email_ctl00CP1ctlSearchtbEmail"), Email): Text '' is set on object 'Object Repository/WebOffice/Consumers/Page_/input_Email_ctl00CP1ctlSearchtbEmail'

2020-02-04 15:32:19 - [MESSAGE][PASSED] - Text '' is set on object 'Object Repository/WebOffice/Consumers/Page_/input_Email_ctl00CP1ctlSearchtbEmail'

2020-02-04 15:32:19 - [TEST_STEP][PASSED] - "-------------------------------------------------------------------------------------------------------------------------------------": null

2020-02-04 15:32:19 - [TEST_STEP][PASSED] - setText(findTestObject("Object Repository/WebOffice/Consumers/Page_/input_House_ctl00CP1ctlSearchtbHouse"), House): Text '' is set on object 'Object Repository/WebOffice/Consumers/Page_/input_House_ctl00CP1ctlSearchtbHouse'

2020-02-04 15:32:20 - [MESSAGE][PASSED] - Text '' is set on object 'Object Repository/WebOffice/Consumers/Page_/input_House_ctl00CP1ctlSearchtbHouse'

2020-02-04 15:32:20 - [TEST_STEP][PASSED] - "-------------------------------------------------------------------------------------------------------------------------------------": null

2020-02-04 15:32:20 - [TEST_STEP][PASSED] - setText(findTestObject("Object Repository/WebOffice/Consumers/Page_/input_Street_ctl00CP1ctlSearchtbStreet"), Street): Text '2 Redwood Drive' is set on object 'Object Repository/WebOffice/Consumers/Page_/input_Street_ctl00CP1ctlSearchtbStreet'

2020-02-04 15:32:20 - [MESSAGE][PASSED] - Text '2 Redwood Drive' is set on object 'Object Repository/WebOffice/Consumers/Page_/input_Street_ctl00CP1ctlSearchtbStreet'

2020-02-04 15:32:20 - [TEST_STEP][PASSED] - "-------------------------------------------------------------------------------------------------------------------------------------": null

2020-02-04 15:32:20 - [TEST_STEP][PASSED] - setText(findTestObject("Object Repository/WebOffice/Consumers/Page_/input_Town_ctl00CP1ctlSearchtbTown"), Town): Text '' is set on object 'Object Repository/WebOffice/Consumers/Page_/input_Town_ctl00CP1ctlSearchtbTown'

2020-02-04 15:32:20 - [MESSAGE][PASSED] - Text '' is set on object 'Object Repository/WebOffice/Consumers/Page_/input_Town_ctl00CP1ctlSearchtbTown'

2020-02-04 15:32:20 - [TEST_STEP][PASSED] - "-------------------------------------------------------------------------------------------------------------------------------------": null

2020-02-04 15:32:20 - [TEST_STEP][PASSED] - setText(findTestObject("Object Repository/WebOffice/Consumers/Page_/input_City_ctl00CP1ctlSearchtbCity"), City): Text 'Haywards Heath' is set on object 'Object Repository/WebOffice/Consumers/Page_/input_City_ctl00CP1ctlSearchtbCity'

2020-02-04 15:32:20 - [MESSAGE][PASSED] - Text 'Haywards Heath' is set on object 'Object Repository/WebOffice/Consumers/Page_/input_City_ctl00CP1ctlSearchtbCity'

2020-02-04 15:32:20 - [TEST_STEP][PASSED] - "-------------------------------------------------------------------------------------------------------------------------------------": null

2020-02-04 15:32:20 - [TEST_STEP][PASSED] - setText(findTestObject("Object Repository/WebOffice/Consumers/Page_/input_County_ctl00CP1ctlSearchtbCounty"), County): Text '' is set on object 'Object Repository/WebOffice/Consumers/Page_/input_County_ctl00CP1ctlSearchtbCounty'

2020-02-04 15:32:20 - [MESSAGE][PASSED] - Text '' is set on object 'Object Repository/WebOffice/Consumers/Page_/input_County_ctl00CP1ctlSearchtbCounty'

2020-02-04 15:32:20 - [TEST_STEP][PASSED] - "-------------------------------------------------------------------------------------------------------------------------------------": null

2020-02-04 15:32:20 - [TEST_STEP][PASSED] - setText(findTestObject("Object Repository/WebOffice/Consumers/Page_/input_Postcode_ctl00CP1ctlSearchtbPostcode"), Postcode): Text '' is set on object 'Object Repository/WebOffice/Consumers/Page_/input_Postcode_ctl00CP1ctlSearchtbPostcode'

2020-02-04 15:32:20 - [MESSAGE][PASSED] - Text '' is set on object 'Object Repository/WebOffice/Consumers/Page_/input_Postcode_ctl00CP1ctlSearchtbPostcode'

2020-02-04 15:32:20 - [TEST_STEP][PASSED] - "-------------------------------------------------------------------------------------------------------------------------------------": null

2020-02-04 15:32:20 - [TEST_STEP][PASSED] - setText(findTestObject("Object Repository/WebOffice/Consumers/Page_/input_Phone_ctl00CP1ctlSearchtbTel"), Phone): Text '' is set on object 'Object Repository/WebOffice/Consumers/Page_/input_Phone_ctl00CP1ctlSearchtbTel'

2020-02-04 15:32:21 - [MESSAGE][PASSED] - Text '' is set on object 'Object Repository/WebOffice/Consumers/Page_/input_Phone_ctl00CP1ctlSearchtbTel'

2020-02-04 15:32:21 - [TEST_STEP][PASSED] - "-------------------------------------------------------------------------------------------------------------------------------------": null

2020-02-04 15:32:21 - [TEST_STEP][PASSED] - "Set Status": null

2020-02-04 15:32:21 - [TEST_STEP][PASSED] - "-------------------------------------------------------------------------------------------------------------------------------------": null

2020-02-04 15:32:21 - [TEST_STEP][PASSED] - "Status 3 Options": null

2020-02-04 15:32:21 - [TEST_STEP][PASSED] - "-------------------------------------------------------------------------------------------------------------------------------------": null

2020-02-04 15:32:21 - [TEST_STEP][PASSED] - "Set Type": null

2020-02-04 15:32:21 - [TEST_STEP][PASSED] - "-------------------------------------------------------------------------------------------------------------------------------------": null

2020-02-04 15:32:21 - [TEST_STEP][PASSED] - "Type 3 Options": null

2020-02-04 15:32:21 - [TEST_STEP][PASSED] - "-------------------------------------------------------------------------------------------------------------------------------------": null

2020-02-04 15:32:21 - [TEST_STEP][PASSED] - click(findTestObject("Object Repository/WebOffice/Consumers/Page_/input_Clear_ctl00CP1ctlSearchbtnSearch")): Object: 'Object Repository/WebOffice/Consumers/Page_/input_Clear_ctl00CP1ctlSearchbtnSearch' is clicked on

2020-02-04 15:32:21 - [MESSAGE][PASSED] - Object: 'Object Repository/WebOffice/Consumers/Page_/input_Clear_ctl00CP1ctlSearchbtnSearch' is clicked on

2020-02-04 15:32:21 - [MESSAGE][PASSED] - Call Test Case 'Test Cases/Reusable_Test_Sequences/Web_Office/Actions/Set_Consumer_Data' successfully

2020-02-04 15:32:21 - [TEST_STEP][PASSED] - "--------------------------------------": null

2020-02-04 15:32:21 - [TEST_STEP][PASSED] - " Select Returned Record to Verify     |": null

2020-02-04 15:32:21 - [TEST_STEP][PASSED] - callTestCase(findTestCase("Reusable_Test_Sequences/Web_Office/Actions/Select_Consumer"), [:], OPTIONAL): Call Test Case 'Test Cases/Reusable_Test_Sequences/Web_Office/Actions/Select_Consumer' successfully

2020-02-04 15:32:21 - [TEST_CASE][PASSED] - Test Cases/Reusable_Test_Sequences/Web_Office/Actions/Select_Consumer: Test Cases/Reusable_Test_Sequences/Web_Office/Actions/Select_Consumer

2020-02-04 15:32:21 - [TEST_STEP][PASSED] - "--------": null

2020-02-04 15:32:21 - [TEST_STEP][PASSED] - "Search  |": null

2020-02-04 15:32:21 - [TEST_STEP][PASSED] - waitForPageLoad(60): Wait for page load successfully

2020-02-04 15:32:21 - [MESSAGE][PASSED] - Wait for page load successfully

2020-02-04 15:32:21 - [TEST_STEP][PASSED] - waitForElementClickable(findTestObject("Object Repository/WO_Consumer/Page_/input_Clear_ctl00CP1ctlSearchbtnSearch"), 60): Object 'Object Repository/WO_Consumer/Page_/input_Clear_ctl00CP1ctlSearchbtnSearch' is clickable

2020-02-04 15:32:21 - [MESSAGE][PASSED] - Object 'Object Repository/WO_Consumer/Page_/input_Clear_ctl00CP1ctlSearchbtnSearch' is clickable

2020-02-04 15:32:21 - [TEST_STEP][PASSED] - click(findTestObject("Object Repository/WO_Consumer/Page_/input_Clear_ctl00CP1ctlSearchbtnSearch")): Object: 'Object Repository/WO_Consumer/Page_/input_Clear_ctl00CP1ctlSearchbtnSearch' is clicked on

2020-02-04 15:32:21 - [MESSAGE][PASSED] - Object: 'Object Repository/WO_Consumer/Page_/input_Clear_ctl00CP1ctlSearchbtnSearch' is clicked on

2020-02-04 15:32:21 - [TEST_STEP][PASSED] - delay(5): Delayed 5 second(s)

2020-02-04 15:32:26 - [MESSAGE][PASSED] - Delayed 5 second(s)

2020-02-04 15:32:26 - [TEST_STEP][PASSED] - "--------": null

2020-02-04 15:32:26 - [TEST_STEP][PASSED] - "Synch   |": null

2020-02-04 15:32:26 - [TEST_STEP][PASSED] - waitForPageLoad(120): Wait for page load successfully

2020-02-04 15:32:26 - [MESSAGE][PASSED] - Wait for page load successfully

2020-02-04 15:32:26 - [TEST_STEP][PASSED] - waitForElementClickable(findTestObject("Object Repository/WO_Consumer/Page_/a_Feedback"), 60): Object 'Object Repository/WO_Consumer/Page_/a_Feedback' is clickable

2020-02-04 15:32:31 - [MESSAGE][PASSED] - Object 'Object Repository/WO_Consumer/Page_/a_Feedback' is clickable

2020-02-04 15:32:31 - [TEST_STEP][PASSED] - "----------------------------------------": null

2020-02-04 15:32:31 - [TEST_STEP][PASSED] - "Initial Table View (Populated or Not    |": null

2020-02-04 15:32:31 - [TEST_STEP][PASSED] - "----------------------------------------": null

2020-02-04 15:32:31 - [TEST_STEP][PASSED] - "---------------------------------------------------": null

2020-02-04 15:32:31 - [TEST_STEP][PASSED] - "If Record Exists Then rocess, Otherwise Jump Over  |": null

2020-02-04 15:32:31 - [TEST_STEP][PASSED] - "---------------------------------------------------": null

2020-02-04 15:32:31 - [TEST_STEP][PASSED] - "----------------------------------------": null

2020-02-04 15:32:31 - [TEST_STEP][PASSED] - "Initial Table Return Checks": null

2020-02-04 15:32:31 - [TEST_STEP][PASSED] - "----------------------------------------": null

2020-02-04 15:32:31 - [TEST_STEP][PASSED] - "--------": null

2020-02-04 15:32:31 - [TEST_STEP][PASSED] - "Sort    |": null

2020-02-04 15:32:31 - [TEST_STEP][PASSED] - click(findTestObject("Object Repository/WO_Consumer/Page_/a_Feedback")): Object: 'Object Repository/WO_Consumer/Page_/a_Feedback' is clicked on

2020-02-04 15:32:31 - [MESSAGE][PASSED] - Object: 'Object Repository/WO_Consumer/Page_/a_Feedback' is clicked on

2020-02-04 15:32:31 - [TEST_STEP][PASSED] - delay(5): Delayed 5 second(s)

2020-02-04 15:32:36 - [MESSAGE][PASSED] - Delayed 5 second(s)

2020-02-04 15:32:36 - [TEST_STEP][PASSED] - "--------": null

2020-02-04 15:32:36 - [TEST_STEP][PASSED] - "Sort    |": null

2020-02-04 15:32:36 - [TEST_STEP][PASSED] - click(findTestObject("Object Repository/WO_Consumer/Page_/a_Feedback")): Object: 'Object Repository/WO_Consumer/Page_/a_Feedback' is clicked on

2020-02-04 15:32:36 - [MESSAGE][PASSED] - Object: 'Object Repository/WO_Consumer/Page_/a_Feedback' is clicked on

2020-02-04 15:32:36 - [TEST_STEP][PASSED] - delay(5): Delayed 5 second(s)

2020-02-04 15:32:41 - [MESSAGE][PASSED] - Delayed 5 second(s)

2020-02-04 15:32:41 - [TEST_STEP][PASSED] - "--------": null

2020-02-04 15:32:41 - [TEST_STEP][PASSED] - "Select  |": null

2020-02-04 15:32:41 - [TEST_STEP][PASSED] - waitForElementClickable(findTestObject("WO_Consumer/Page_/td_TopRow"), 60): Object 'Object Repository/WO_Consumer/Page_/td_TopRow' is clickable

2020-02-04 15:32:41 - [MESSAGE][PASSED] - Object 'Object Repository/WO_Consumer/Page_/td_TopRow' is clickable

2020-02-04 15:32:41 - [TEST_STEP][PASSED] - click(findTestObject("WO_Consumer/Page_/td_TopRow")): Object: 'Object Repository/WO_Consumer/Page_/td_TopRow' is clicked on

2020-02-04 15:32:42 - [MESSAGE][PASSED] - Object: 'Object Repository/WO_Consumer/Page_/td_TopRow' is clicked on

2020-02-04 15:32:42 - [TEST_STEP][PASSED] - delay(1): Delayed 1 second(s)

2020-02-04 15:32:43 - [MESSAGE][PASSED] - Delayed 1 second(s)

2020-02-04 15:32:43 - [MESSAGE][PASSED] - Call Test Case 'Test Cases/Reusable_Test_Sequences/Web_Office/Actions/Select_Consumer' successfully

2020-02-04 15:32:43 - [TEST_STEP][PASSED] - "--------------------------------------": null

2020-02-04 15:32:43 - [TEST_STEP][PASSED] - " Verify Returned Consumer Record      |": null

2020-02-04 15:32:43 - [TEST_STEP][PASSED] - callTestCase(findTestCase("Reusable_Test_Sequences/Web_Office/Verification/Consumer_Returned_Search_Record"), [:], OPTIONAL): Call Test Case 'Test Cases/Reusable_Test_Sequences/Web_Office/Verification/Consumer_Returned_Search_Record' successfully

2020-02-04 15:32:43 - [TEST_CASE][PASSED] - Test Cases/Reusable_Test_Sequences/Web_Office/Verification/Consumer_Returned_Search_Record: Test Cases/Reusable_Test_Sequences/Web_Office/Verification/Consumer_Returned_Search_Record

2020-02-04 15:32:43 - [TEST_STEP][PASSED] - "--------------------------------": null

2020-02-04 15:32:43 - [TEST_STEP][PASSED] - "Read data from spreadsheet      | r_ = Returned Data": null

2020-02-04 15:32:43 - [TEST_STEP][PASSED] - data = findTestData("Data Files/Consumer_Data (1)"): null

2020-02-04 15:32:43 - [TEST_STEP][PASSED] - Consumer_ID = data.getValue("Consumer_ID", row): null

2020-02-04 15:32:43 - [TEST_STEP][PASSED] - Title = data.getValue("r_Title", row): null

2020-02-04 15:32:43 - [TEST_STEP][PASSED] - Forenames = data.getValue("r_Forenames", row): null

2020-02-04 15:32:43 - [TEST_STEP][PASSED] - Surname = data.getValue("r_Surname", row): null

2020-02-04 15:32:43 - [TEST_STEP][PASSED] - Housename = data.getValue("r_Housename", row): null

2020-02-04 15:32:43 - [TEST_STEP][PASSED] - Number_Street = data.getValue("r_Number_and_Street", row): null

2020-02-04 15:32:43 - [TEST_STEP][PASSED] - City = data.getValue("r_City", row): null

2020-02-04 15:32:43 - [TEST_STEP][PASSED] - Town = data.getValue("r_Town", row): null

2020-02-04 15:32:43 - [TEST_STEP][PASSED] - County = data.getValue("r_County", row): null

2020-02-04 15:32:43 - [TEST_STEP][PASSED] - Postcode = data.getValue("r_Postcode", row): null

2020-02-04 15:32:43 - [TEST_STEP][PASSED] - Phone1 = data.getValue("r_Phone_1", row): null

2020-02-04 15:32:43 - [TEST_STEP][PASSED] - Phone2 = data.getValue("r_Phone_2", row): null

2020-02-04 15:32:43 - [TEST_STEP][PASSED] - Fax = data.getValue("r_Fax", row): null

2020-02-04 15:32:43 - [TEST_STEP][PASSED] - r_Full_Name = data.getValue("r_Full_Name", 1): null

2020-02-04 15:32:43 - [TEST_STEP][PASSED] - r_Full_Address = data.getValue("r_Full_Address", 1): null

2020-02-04 15:32:43 - [TEST_STEP][PASSED] - "--------------------------------": null

2020-02-04 15:32:43 - [TEST_STEP][PASSED] - "Read data from spreadsheet      |": null

2020-02-04 15:32:43 - [TEST_STEP][PASSED] - Actual_Page_Text = "": null

2020-02-04 15:32:43 - [TEST_STEP][PASSED] - Expected_Page_Text = "": null

2020-02-04 15:32:43 - [TEST_STEP][PASSED] - waitForPageLoad(60): Wait for page load successfully

2020-02-04 15:32:43 - [MESSAGE][PASSED] - Wait for page load successfully

2020-02-04 15:32:43 - [TEST_STEP][PASSED] - delay(1): Delayed 1 second(s)

2020-02-04 15:32:44 - [MESSAGE][PASSED] - Delayed 1 second(s)

2020-02-04 15:32:44 - [TEST_STEP][PASSED] - "HEADER DETAIL - iFrame": null

2020-02-04 15:32:44 - [TEST_STEP][PASSED] - "----------------": null

2020-02-04 15:32:44 - [TEST_STEP][PASSED] - "Full Name       |": null

2020-02-04 15:32:44 - [TEST_STEP][PASSED] - verifyElementPresent(findTestObject("Object Repository/WO_Consumer/Page_/Page_/a_Mr Gordon Brown"), 25): Object 'Object Repository/WO_Consumer/Page_/Page_/a_Mr Gordon Brown' is present

2020-02-04 15:32:44 - [MESSAGE][PASSED] - Object 'Object Repository/WO_Consumer/Page_/Page_/a_Mr Gordon Brown' is present

2020-02-04 15:32:44 - [TEST_STEP][PASSED] - "----------------": null

2020-02-04 15:32:44 - [TEST_STEP][PASSED] - "Full Address    |": null

2020-02-04 15:32:44 - [TEST_STEP][PASSED] - verifyElementPresent(findTestObject("Object Repository/WO_Consumer/Page_/Page_/div_Haywards Heath West Sussex RH16 4ER4477_d20822"), 25): Object 'Object Repository/WO_Consumer/Page_/Page_/div_Haywards Heath West Sussex RH16 4ER4477_d20822' is present

2020-02-04 15:32:44 - [MESSAGE][PASSED] - Object 'Object Repository/WO_Consumer/Page_/Page_/div_Haywards Heath West Sussex RH16 4ER4477_d20822' is present

2020-02-04 15:32:44 - [TEST_STEP][PASSED] - "BODY DETAIL - iFrame": null

2020-02-04 15:32:44 - [TEST_STEP][PASSED] - "----------------": null

2020-02-04 15:32:44 - [TEST_STEP][PASSED] - "EDIT Consumer   |": null

2020-02-04 15:32:44 - [TEST_STEP][PASSED] - verifyElementPresent(findTestObject("Object Repository/WO_Consumer/Page_/Page_/input_Title_ctledittbTitle"), 25): Object 'Object Repository/WO_Consumer/Page_/Page_/input_Title_ctledittbTitle' is present

2020-02-04 15:32:44 - [MESSAGE][PASSED] - Object 'Object Repository/WO_Consumer/Page_/Page_/input_Title_ctledittbTitle' is present

2020-02-04 15:32:44 - [TEST_STEP][PASSED] - "----------------": null

2020-02-04 15:32:44 - [TEST_STEP][PASSED] - "Address         |": null

2020-02-04 15:32:44 - [TEST_STEP][PASSED] - verifyElementPresent(findTestObject("Object Repository/WO_Consumer/Page_/Page_/span_Please ensure the Street  Road name is_e38a58"), 25): Object 'Object Repository/WO_Consumer/Page_/Page_/span_Please ensure the Street  Road name is_e38a58' is present

2020-02-04 15:32:44 - [MESSAGE][PASSED] - Object 'Object Repository/WO_Consumer/Page_/Page_/span_Please ensure the Street  Road name is_e38a58' is present

2020-02-04 15:32:44 - [MESSAGE][PASSED] - Call Test Case 'Test Cases/Reusable_Test_Sequences/Web_Office/Verification/Consumer_Returned_Search_Record' successfully

2020-02-04 15:32:44 - [TEST_STEP][PASSED] - "--------------------------": null

2020-02-04 15:32:44 - [TEST_STEP][PASSED] - " Teardown - CLose Browser |": null

2020-02-04 15:32:44 - [TEST_STEP][PASSED] - callTestCase(findTestCase("Reusable_Test_Sequences/CAT_Teardown"), [:], OPTIONAL): Call Test Case 'Test Cases/Reusable_Test_Sequences/CAT_Teardown' successfully

2020-02-04 15:32:44 - [TEST_CASE][PASSED] - Test Cases/Reusable_Test_Sequences/CAT_Teardown: Test Cases/Reusable_Test_Sequences/CAT_Teardown

2020-02-04 15:32:44 - [TEST_STEP][PASSED] - closeBrowser(): Browser is closed

2020-02-04 15:32:45 - [MESSAGE][PASSED] - Browser is closed

2020-02-04 15:32:45 - [MESSAGE][PASSED] - Call Test Case 'Test Cases/Reusable_Test_Sequences/CAT_Teardown' successfully

2020-02-04 15:32:45 - [TEST_STEP][PASSED] - "--------------------------------------": null

2020-02-04 15:32:45 - [TEST_STEP][PASSED] - " Web Office StartUp                   |": null

2020-02-04 15:32:45 - [TEST_STEP][PASSED] - callTestCase(findTestCase("Reusable_Test_Sequences/Web_Office/Directives/WebOffice_StartUp"), [:], OPTIONAL): Call Test Case 'Test Cases/Reusable_Test_Sequences/Web_Office/Directives/WebOffice_StartUp' successfully

2020-02-04 15:32:45 - [TEST_CASE][PASSED] - Test Cases/Reusable_Test_Sequences/Web_Office/Directives/WebOffice_StartUp: Test Cases/Reusable_Test_Sequences/Web_Office/Directives/WebOffice_StartUp

2020-02-04 15:32:45 - [TEST_STEP][PASSED] - if (URL == "https://www.preview.checkatrade.com/"): null

2020-02-04 15:32:45 - [TEST_STEP][PASSED] - WebOfficeURL = "https://admin.preview.checkatrade.com/": null

2020-02-04 15:32:45 - [TEST_STEP][PASSED] - if (URL == "https://www.checkatrade.com/"): null

2020-02-04 15:32:45 - [TEST_STEP][PASSED] - "Set Function Area for "URL_Handler", URL Resolution": null

2020-02-04 15:32:45 - [TEST_STEP][PASSED] - "Do Some Magic with URL(s) See the comments within URL Handler ": null

2020-02-04 15:32:45 - [TEST_STEP][PASSED] - "------------------------------------------------": null

2020-02-04 15:32:45 - [TEST_STEP][PASSED] - "Moved Login Credentials to <Default> profile 22/01/2020": null

2020-02-04 15:32:45 - [TEST_STEP][PASSED] - "------------------------------------------------": null

2020-02-04 15:32:45 - [TEST_STEP][PASSED] - "WebOfficeURL - Set from the ENVIRONMENT PROFILE ": null

2020-02-04 15:32:45 - [TEST_STEP][PASSED] - "OPEN BROWSER": null

2020-02-04 15:32:45 - [TEST_STEP][PASSED] - "eg - https://admin.preview.checkatrade.com/  ": null

2020-02-04 15:32:45 - [TEST_STEP][PASSED] - openBrowser(WebOfficeURL): Browser is opened with url: 'https://admin.preview.checkatrade.com/'

2020-02-04 15:32:45 - [MESSAGE][INFO] - Starting 'Chrome' driver

2020-02-04 15:32:51 - [MESSAGE][PASSED] - Browser is opened with url: 'https://admin.preview.checkatrade.com/'

2020-02-04 15:32:51 - [TEST_STEP][PASSED] - maximizeWindow(): Current window maximized

2020-02-04 15:32:55 - [MESSAGE][PASSED] - Current window maximized

2020-02-04 15:32:55 - [TEST_STEP][PASSED] - waitForElementClickable(findTestObject("Object Repository/WebOffice/Page_Checkatrade - Administration - Login/Login_Button"), 25): Object 'Object Repository/WebOffice/Page_Checkatrade - Administration - Login/Login_Button' is clickable

2020-02-04 15:32:55 - [MESSAGE][PASSED] - Object 'Object Repository/WebOffice/Page_Checkatrade - Administration - Login/Login_Button' is clickable

2020-02-04 15:32:55 - [TEST_STEP][PASSED] - verifyTextPresent("Checkatrade Web Office", false): Text 'Checkatrade Web Office' is present on page 

2020-02-04 15:32:55 - [MESSAGE][PASSED] - Text 'Checkatrade Web Office' is present on page 

2020-02-04 15:32:55 - [TEST_STEP][PASSED] - verifyTextPresent("Access for staff use only", false): Text 'Access for staff use only' is present on page 

2020-02-04 15:32:55 - [MESSAGE][PASSED] - Text 'Access for staff use only' is present on page 

2020-02-04 15:32:55 - [TEST_STEP][PASSED] - verifyTextPresent("Forgotten password?", false): Text 'Forgotten password?' is present on page 

2020-02-04 15:32:55 - [MESSAGE][PASSED] - Text 'Forgotten password?' is present on page 

2020-02-04 15:32:55 - [TEST_STEP][PASSED] - setText(findTestObject("Object Repository/WebOffice/Page_Checkatrade - Administration - Login/input_Username_LoginControlUserName"), wo_Username): Text 'DavidHo' is set on object 'Object Repository/WebOffice/Page_Checkatrade - Administration - Login/input_Username_LoginControlUserName'

2020-02-04 15:32:55 - [MESSAGE][PASSED] - Text 'DavidHo' is set on object 'Object Repository/WebOffice/Page_Checkatrade - Administration - Login/input_Username_LoginControlUserName'

2020-02-04 15:32:56 - [TEST_STEP][PASSED] - setText(findTestObject("Object Repository/WebOffice/Page_Checkatrade - Administration - Login/input_Password_LoginControlPassword"), wo_Password): Text 'Check123' is set on object 'Object Repository/WebOffice/Page_Checkatrade - Administration - Login/input_Password_LoginControlPassword'

2020-02-04 15:32:56 - [MESSAGE][PASSED] - Text 'Check123' is set on object 'Object Repository/WebOffice/Page_Checkatrade - Administration - Login/input_Password_LoginControlPassword'

2020-02-04 15:32:56 - [TEST_STEP][PASSED] - click(findTestObject("Object Repository/WebOffice/Page_Checkatrade - Administration - Login/Login_Button")): Object: 'Object Repository/WebOffice/Page_Checkatrade - Administration - Login/Login_Button' is clicked on

2020-02-04 15:32:56 - [MESSAGE][PASSED] - Object: 'Object Repository/WebOffice/Page_Checkatrade - Administration - Login/Login_Button' is clicked on

2020-02-04 15:32:56 - [TEST_STEP][PASSED] - waitForPageLoad(60): Wait for page load successfully

2020-02-04 15:32:56 - [MESSAGE][PASSED] - Wait for page load successfully

2020-02-04 15:32:56 - [TEST_STEP][PASSED] - verifyTextPresent("Welcome " + wo_Username, false): Text 'Welcome DavidHo' is present on page 

2020-02-04 15:32:56 - [MESSAGE][PASSED] - Text 'Welcome DavidHo' is present on page 

2020-02-04 15:32:56 - [MESSAGE][PASSED] - Call Test Case 'Test Cases/Reusable_Test_Sequences/Web_Office/Directives/WebOffice_StartUp' successfully

2020-02-04 15:32:56 - [TEST_STEP][PASSED] - "--------------------------------------": null

2020-02-04 15:32:56 - [TEST_STEP][PASSED] - " Navigate to <Consumer> Menu Item     |": null

2020-02-04 15:32:56 - [TEST_STEP][PASSED] - callTestCase(findTestCase("Reusable_Test_Sequences/Web_Office/navigation/Navigate_Consumers"), [:], OPTIONAL): Call Test Case 'Test Cases/Reusable_Test_Sequences/Web_Office/navigation/Navigate_Consumers' successfully

2020-02-04 15:32:56 - [TEST_CASE][PASSED] - Test Cases/Reusable_Test_Sequences/Web_Office/navigation/Navigate_Consumers: Test Cases/Reusable_Test_Sequences/Web_Office/navigation/Navigate_Consumers

2020-02-04 15:32:57 - [TEST_STEP][PASSED] - "--------------------------------------": null

2020-02-04 15:32:57 - [TEST_STEP][PASSED] - " Navigate Top level menu Item         |": null

2020-02-04 15:32:57 - [TEST_STEP][PASSED] - waitForPageLoad(60): Wait for page load successfully

2020-02-04 15:32:57 - [MESSAGE][PASSED] - Wait for page load successfully

2020-02-04 15:32:57 - [TEST_STEP][PASSED] - waitForElementClickable(findTestObject("Object Repository/WebOffice_Home_page/a_Consumers"), 60): Object 'Object Repository/WebOffice_Home_page/a_Consumers' is clickable

2020-02-04 15:32:57 - [MESSAGE][PASSED] - Object 'Object Repository/WebOffice_Home_page/a_Consumers' is clickable

2020-02-04 15:32:57 - [TEST_STEP][PASSED] - click(findTestObject("Object Repository/WebOffice_Home_page/a_Consumers")): Object: 'Object Repository/WebOffice_Home_page/a_Consumers' is clicked on

2020-02-04 15:32:57 - [MESSAGE][PASSED] - Object: 'Object Repository/WebOffice_Home_page/a_Consumers' is clicked on

2020-02-04 15:32:57 - [MESSAGE][PASSED] - Call Test Case 'Test Cases/Reusable_Test_Sequences/Web_Office/navigation/Navigate_Consumers' successfully

2020-02-04 15:32:57 - [TEST_STEP][PASSED] - "--------------------------------------": null

2020-02-04 15:32:57 - [TEST_STEP][PASSED] - " LH Pane  - Apply Search Criteria     |": null

2020-02-04 15:32:57 - [TEST_STEP][PASSED] - callTestCase(findTestCase("Reusable_Test_Sequences/Web_Office/Actions/Set_Consumer_Data"), [:], OPTIONAL): Call Test Case 'Test Cases/Reusable_Test_Sequences/Web_Office/Actions/Set_Consumer_Data' successfully

2020-02-04 15:32:57 - [TEST_CASE][PASSED] - Test Cases/Reusable_Test_Sequences/Web_Office/Actions/Set_Consumer_Data: Test Cases/Reusable_Test_Sequences/Web_Office/Actions/Set_Consumer_Data

2020-02-04 15:32:57 - [TEST_STEP][PASSED] - "--------------------------------": null

2020-02-04 15:32:57 - [TEST_STEP][PASSED] - "Read data from spreadsheet      |": null

2020-02-04 15:32:57 - [TEST_STEP][PASSED] - data = findTestData("Data Files/Consumer_Data (1)"): null

2020-02-04 15:32:57 - [TEST_STEP][PASSED] - Forename = data.getValue("Forename", row): null

2020-02-04 15:32:57 - [TEST_STEP][PASSED] - Surname = data.getValue("Surname", row): null

2020-02-04 15:32:57 - [TEST_STEP][PASSED] - Mobile = data.getValue("Mobile", row): null

2020-02-04 15:32:57 - [TEST_STEP][PASSED] - Email = data.getValue("Email", row): null

2020-02-04 15:32:57 - [TEST_STEP][PASSED] - House = data.getValue("House", row): null

2020-02-04 15:32:57 - [TEST_STEP][PASSED] - Street = data.getValue("Street", row): null

2020-02-04 15:32:57 - [TEST_STEP][PASSED] - Town = data.getValue("Town", row): null

2020-02-04 15:32:57 - [TEST_STEP][PASSED] - City = data.getValue("City", row): null

2020-02-04 15:32:57 - [TEST_STEP][PASSED] - County = data.getValue("County", row): null

2020-02-04 15:32:57 - [TEST_STEP][PASSED] - Postcode = data.getValue("Postcode", row): null

2020-02-04 15:32:57 - [TEST_STEP][PASSED] - Phone = data.getValue("Phone", row): null

2020-02-04 15:32:57 - [TEST_STEP][PASSED] - Status = data.getValue("Status", row): null

2020-02-04 15:32:57 - [TEST_STEP][PASSED] - Type = data.getValue("Type", row): null

2020-02-04 15:32:57 - [TEST_STEP][PASSED] - Consumer_ID = data.getValue("Consumer_ID", row): null

2020-02-04 15:32:57 - [TEST_STEP][PASSED] - "--------------------------------": null

2020-02-04 15:32:57 - [TEST_STEP][PASSED] - "Read data from spreadsheet      |": null

2020-02-04 15:32:57 - [TEST_STEP][PASSED] - "--------------------------------": null

2020-02-04 15:32:57 - [TEST_STEP][PASSED] - "--------------------------------": null

2020-02-04 15:32:57 - [TEST_STEP][PASSED] - " Synchronisation                |": null

2020-02-04 15:32:57 - [TEST_STEP][PASSED] - waitForPageLoad(60): Wait for page load successfully

2020-02-04 15:32:57 - [MESSAGE][PASSED] - Wait for page load successfully

2020-02-04 15:32:57 - [TEST_STEP][PASSED] - waitForElementVisible(findTestObject("Object Repository/WebOffice/Consumers/Page_/input_Forename_ctl00CP1ctlSearchtbForenames"), 60): Object 'Object Repository/WebOffice/Consumers/Page_/input_Forename_ctl00CP1ctlSearchtbForenames' is visible

2020-02-04 15:32:57 - [MESSAGE][PASSED] - Object 'Object Repository/WebOffice/Consumers/Page_/input_Forename_ctl00CP1ctlSearchtbForenames' is visible

2020-02-04 15:32:57 - [TEST_STEP][PASSED] - click(findTestObject("Object Repository/WebOffice/Consumers/Page_/input_Forename_ctl00CP1ctlSearchtbForenames")): Object: 'Object Repository/WebOffice/Consumers/Page_/input_Forename_ctl00CP1ctlSearchtbForenames' is clicked on

2020-02-04 15:32:58 - [MESSAGE][PASSED] - Object: 'Object Repository/WebOffice/Consumers/Page_/input_Forename_ctl00CP1ctlSearchtbForenames' is clicked on

2020-02-04 15:32:58 - [TEST_STEP][PASSED] - "-------------------------------------------------------------------------------------------------------------------------------------": null

2020-02-04 15:32:58 - [TEST_STEP][PASSED] - setText(findTestObject("Object Repository/WebOffice/Consumers/Page_/input_Forename_ctl00CP1ctlSearchtbForenames"), Forename): Text '' is set on object 'Object Repository/WebOffice/Consumers/Page_/input_Forename_ctl00CP1ctlSearchtbForenames'

2020-02-04 15:32:58 - [MESSAGE][PASSED] - Text '' is set on object 'Object Repository/WebOffice/Consumers/Page_/input_Forename_ctl00CP1ctlSearchtbForenames'

2020-02-04 15:32:58 - [TEST_STEP][PASSED] - "-------------------------------------------------------------------------------------------------------------------------------------": null

2020-02-04 15:32:58 - [TEST_STEP][PASSED] - setText(findTestObject("Object Repository/WebOffice/Consumers/Page_/input_Surname_ctl00CP1ctlSearchtbSurname"), Surname): Text 'Brown' is set on object 'Object Repository/WebOffice/Consumers/Page_/input_Surname_ctl00CP1ctlSearchtbSurname'

2020-02-04 15:32:58 - [MESSAGE][PASSED] - Text 'Brown' is set on object 'Object Repository/WebOffice/Consumers/Page_/input_Surname_ctl00CP1ctlSearchtbSurname'

2020-02-04 15:32:58 - [TEST_STEP][PASSED] - "-------------------------------------------------------------------------------------------------------------------------------------": null

2020-02-04 15:32:58 - [TEST_STEP][PASSED] - setText(findTestObject("Object Repository/WebOffice/Consumers/Page_/input_Mobile_ctl00CP1ctlSearchtbMobile"), Mobile): Text '' is set on object 'Object Repository/WebOffice/Consumers/Page_/input_Mobile_ctl00CP1ctlSearchtbMobile'

2020-02-04 15:32:58 - [MESSAGE][PASSED] - Text '' is set on object 'Object Repository/WebOffice/Consumers/Page_/input_Mobile_ctl00CP1ctlSearchtbMobile'

2020-02-04 15:32:58 - [TEST_STEP][PASSED] - "-------------------------------------------------------------------------------------------------------------------------------------": null

2020-02-04 15:32:58 - [TEST_STEP][PASSED] - setText(findTestObject("Object Repository/WebOffice/Consumers/Page_/input_Email_ctl00CP1ctlSearchtbEmail"), Email): Text '' is set on object 'Object Repository/WebOffice/Consumers/Page_/input_Email_ctl00CP1ctlSearchtbEmail'

2020-02-04 15:32:58 - [MESSAGE][PASSED] - Text '' is set on object 'Object Repository/WebOffice/Consumers/Page_/input_Email_ctl00CP1ctlSearchtbEmail'

2020-02-04 15:32:58 - [TEST_STEP][PASSED] - "-------------------------------------------------------------------------------------------------------------------------------------": null

2020-02-04 15:32:58 - [TEST_STEP][PASSED] - setText(findTestObject("Object Repository/WebOffice/Consumers/Page_/input_House_ctl00CP1ctlSearchtbHouse"), House): Text '' is set on object 'Object Repository/WebOffice/Consumers/Page_/input_House_ctl00CP1ctlSearchtbHouse'

2020-02-04 15:32:58 - [MESSAGE][PASSED] - Text '' is set on object 'Object Repository/WebOffice/Consumers/Page_/input_House_ctl00CP1ctlSearchtbHouse'

2020-02-04 15:32:58 - [TEST_STEP][PASSED] - "-------------------------------------------------------------------------------------------------------------------------------------": null

2020-02-04 15:32:58 - [TEST_STEP][PASSED] - setText(findTestObject("Object Repository/WebOffice/Consumers/Page_/input_Street_ctl00CP1ctlSearchtbStreet"), Street): Text '2 Redwood Drive' is set on object 'Object Repository/WebOffice/Consumers/Page_/input_Street_ctl00CP1ctlSearchtbStreet'

2020-02-04 15:32:58 - [MESSAGE][PASSED] - Text '2 Redwood Drive' is set on object 'Object Repository/WebOffice/Consumers/Page_/input_Street_ctl00CP1ctlSearchtbStreet'

2020-02-04 15:32:58 - [TEST_STEP][PASSED] - "-------------------------------------------------------------------------------------------------------------------------------------": null

2020-02-04 15:32:58 - [TEST_STEP][PASSED] - setText(findTestObject("Object Repository/WebOffice/Consumers/Page_/input_Town_ctl00CP1ctlSearchtbTown"), Town): Text '' is set on object 'Object Repository/WebOffice/Consumers/Page_/input_Town_ctl00CP1ctlSearchtbTown'

2020-02-04 15:32:58 - [MESSAGE][PASSED] - Text '' is set on object 'Object Repository/WebOffice/Consumers/Page_/input_Town_ctl00CP1ctlSearchtbTown'

2020-02-04 15:32:58 - [TEST_STEP][PASSED] - "-------------------------------------------------------------------------------------------------------------------------------------": null

2020-02-04 15:32:58 - [TEST_STEP][PASSED] - setText(findTestObject("Object Repository/WebOffice/Consumers/Page_/input_City_ctl00CP1ctlSearchtbCity"), City): Text '' is set on object 'Object Repository/WebOffice/Consumers/Page_/input_City_ctl00CP1ctlSearchtbCity'

2020-02-04 15:32:59 - [MESSAGE][PASSED] - Text '' is set on object 'Object Repository/WebOffice/Consumers/Page_/input_City_ctl00CP1ctlSearchtbCity'

2020-02-04 15:32:59 - [TEST_STEP][PASSED] - "-------------------------------------------------------------------------------------------------------------------------------------": null

2020-02-04 15:32:59 - [TEST_STEP][PASSED] - setText(findTestObject("Object Repository/WebOffice/Consumers/Page_/input_County_ctl00CP1ctlSearchtbCounty"), County): Text 'West Sussex' is set on object 'Object Repository/WebOffice/Consumers/Page_/input_County_ctl00CP1ctlSearchtbCounty'

2020-02-04 15:32:59 - [MESSAGE][PASSED] - Text 'West Sussex' is set on object 'Object Repository/WebOffice/Consumers/Page_/input_County_ctl00CP1ctlSearchtbCounty'

2020-02-04 15:32:59 - [TEST_STEP][PASSED] - "-------------------------------------------------------------------------------------------------------------------------------------": null

2020-02-04 15:32:59 - [TEST_STEP][PASSED] - setText(findTestObject("Object Repository/WebOffice/Consumers/Page_/input_Postcode_ctl00CP1ctlSearchtbPostcode"), Postcode): Text '' is set on object 'Object Repository/WebOffice/Consumers/Page_/input_Postcode_ctl00CP1ctlSearchtbPostcode'

2020-02-04 15:32:59 - [MESSAGE][PASSED] - Text '' is set on object 'Object Repository/WebOffice/Consumers/Page_/input_Postcode_ctl00CP1ctlSearchtbPostcode'

2020-02-04 15:32:59 - [TEST_STEP][PASSED] - "-------------------------------------------------------------------------------------------------------------------------------------": null

2020-02-04 15:32:59 - [TEST_STEP][PASSED] - setText(findTestObject("Object Repository/WebOffice/Consumers/Page_/input_Phone_ctl00CP1ctlSearchtbTel"), Phone): Text '' is set on object 'Object Repository/WebOffice/Consumers/Page_/input_Phone_ctl00CP1ctlSearchtbTel'

2020-02-04 15:32:59 - [MESSAGE][PASSED] - Text '' is set on object 'Object Repository/WebOffice/Consumers/Page_/input_Phone_ctl00CP1ctlSearchtbTel'

2020-02-04 15:32:59 - [TEST_STEP][PASSED] - "-------------------------------------------------------------------------------------------------------------------------------------": null

2020-02-04 15:32:59 - [TEST_STEP][PASSED] - "Set Status": null

2020-02-04 15:32:59 - [TEST_STEP][PASSED] - "-------------------------------------------------------------------------------------------------------------------------------------": null

2020-02-04 15:32:59 - [TEST_STEP][PASSED] - "Status 3 Options": null

2020-02-04 15:32:59 - [TEST_STEP][PASSED] - "-------------------------------------------------------------------------------------------------------------------------------------": null

2020-02-04 15:32:59 - [TEST_STEP][PASSED] - "Set Type": null

2020-02-04 15:32:59 - [TEST_STEP][PASSED] - "-------------------------------------------------------------------------------------------------------------------------------------": null

2020-02-04 15:32:59 - [TEST_STEP][PASSED] - "Type 3 Options": null

2020-02-04 15:32:59 - [TEST_STEP][PASSED] - "-------------------------------------------------------------------------------------------------------------------------------------": null

2020-02-04 15:32:59 - [TEST_STEP][PASSED] - click(findTestObject("Object Repository/WebOffice/Consumers/Page_/input_Clear_ctl00CP1ctlSearchbtnSearch")): Object: 'Object Repository/WebOffice/Consumers/Page_/input_Clear_ctl00CP1ctlSearchbtnSearch' is clicked on

2020-02-04 15:32:59 - [MESSAGE][PASSED] - Object: 'Object Repository/WebOffice/Consumers/Page_/input_Clear_ctl00CP1ctlSearchbtnSearch' is clicked on

2020-02-04 15:32:59 - [MESSAGE][PASSED] - Call Test Case 'Test Cases/Reusable_Test_Sequences/Web_Office/Actions/Set_Consumer_Data' successfully

2020-02-04 15:32:59 - [TEST_STEP][PASSED] - "--------------------------------------": null

2020-02-04 15:32:59 - [TEST_STEP][PASSED] - " Select Returned Record to Verify     |": null

2020-02-04 15:32:59 - [TEST_STEP][PASSED] - callTestCase(findTestCase("Reusable_Test_Sequences/Web_Office/Actions/Select_Consumer"), [:], OPTIONAL): Call Test Case 'Test Cases/Reusable_Test_Sequences/Web_Office/Actions/Select_Consumer' successfully

2020-02-04 15:32:59 - [TEST_CASE][PASSED] - Test Cases/Reusable_Test_Sequences/Web_Office/Actions/Select_Consumer: Test Cases/Reusable_Test_Sequences/Web_Office/Actions/Select_Consumer

2020-02-04 15:32:59 - [TEST_STEP][PASSED] - "--------": null

2020-02-04 15:32:59 - [TEST_STEP][PASSED] - "Search  |": null

2020-02-04 15:32:59 - [TEST_STEP][PASSED] - waitForPageLoad(60): Wait for page load successfully

2020-02-04 15:32:59 - [MESSAGE][PASSED] - Wait for page load successfully

2020-02-04 15:32:59 - [TEST_STEP][PASSED] - waitForElementClickable(findTestObject("Object Repository/WO_Consumer/Page_/input_Clear_ctl00CP1ctlSearchbtnSearch"), 60): Object 'Object Repository/WO_Consumer/Page_/input_Clear_ctl00CP1ctlSearchbtnSearch' is clickable

2020-02-04 15:32:59 - [MESSAGE][PASSED] - Object 'Object Repository/WO_Consumer/Page_/input_Clear_ctl00CP1ctlSearchbtnSearch' is clickable

2020-02-04 15:32:59 - [TEST_STEP][PASSED] - click(findTestObject("Object Repository/WO_Consumer/Page_/input_Clear_ctl00CP1ctlSearchbtnSearch")): Object: 'Object Repository/WO_Consumer/Page_/input_Clear_ctl00CP1ctlSearchbtnSearch' is clicked on

2020-02-04 15:32:59 - [MESSAGE][PASSED] - Object: 'Object Repository/WO_Consumer/Page_/input_Clear_ctl00CP1ctlSearchbtnSearch' is clicked on

2020-02-04 15:32:59 - [TEST_STEP][PASSED] - delay(5): Delayed 5 second(s)

2020-02-04 15:33:04 - [MESSAGE][PASSED] - Delayed 5 second(s)

2020-02-04 15:33:04 - [TEST_STEP][PASSED] - "--------": null

2020-02-04 15:33:04 - [TEST_STEP][PASSED] - "Synch   |": null

2020-02-04 15:33:04 - [TEST_STEP][PASSED] - waitForPageLoad(120): Wait for page load successfully

2020-02-04 15:33:04 - [MESSAGE][PASSED] - Wait for page load successfully

2020-02-04 15:33:04 - [TEST_STEP][PASSED] - waitForElementClickable(findTestObject("Object Repository/WO_Consumer/Page_/a_Feedback"), 60): Object 'Object Repository/WO_Consumer/Page_/a_Feedback' is clickable

2020-02-04 15:33:14 - [MESSAGE][PASSED] - Object 'Object Repository/WO_Consumer/Page_/a_Feedback' is clickable

2020-02-04 15:33:14 - [TEST_STEP][PASSED] - "----------------------------------------": null

2020-02-04 15:33:14 - [TEST_STEP][PASSED] - "Initial Table View (Populated or Not    |": null

2020-02-04 15:33:14 - [TEST_STEP][PASSED] - "----------------------------------------": null

2020-02-04 15:33:14 - [TEST_STEP][PASSED] - "---------------------------------------------------": null

2020-02-04 15:33:14 - [TEST_STEP][PASSED] - "If Record Exists Then rocess, Otherwise Jump Over  |": null

2020-02-04 15:33:14 - [TEST_STEP][PASSED] - "---------------------------------------------------": null

2020-02-04 15:33:14 - [TEST_STEP][PASSED] - "----------------------------------------": null

2020-02-04 15:33:14 - [TEST_STEP][PASSED] - "Initial Table Return Checks": null

2020-02-04 15:33:14 - [TEST_STEP][PASSED] - "----------------------------------------": null

2020-02-04 15:33:14 - [TEST_STEP][PASSED] - "--------": null

2020-02-04 15:33:14 - [TEST_STEP][PASSED] - "Sort    |": null

2020-02-04 15:33:14 - [TEST_STEP][PASSED] - click(findTestObject("Object Repository/WO_Consumer/Page_/a_Feedback")): Object: 'Object Repository/WO_Consumer/Page_/a_Feedback' is clicked on

2020-02-04 15:33:14 - [MESSAGE][PASSED] - Object: 'Object Repository/WO_Consumer/Page_/a_Feedback' is clicked on

2020-02-04 15:33:14 - [TEST_STEP][PASSED] - delay(5): Delayed 5 second(s)

2020-02-04 15:33:19 - [MESSAGE][PASSED] - Delayed 5 second(s)

2020-02-04 15:33:19 - [TEST_STEP][PASSED] - "--------": null

2020-02-04 15:33:19 - [TEST_STEP][PASSED] - "Sort    |": null

2020-02-04 15:33:19 - [TEST_STEP][PASSED] - click(findTestObject("Object Repository/WO_Consumer/Page_/a_Feedback")): Object: 'Object Repository/WO_Consumer/Page_/a_Feedback' is clicked on

2020-02-04 15:33:20 - [MESSAGE][PASSED] - Object: 'Object Repository/WO_Consumer/Page_/a_Feedback' is clicked on

2020-02-04 15:33:20 - [TEST_STEP][PASSED] - delay(5): Delayed 5 second(s)

2020-02-04 15:33:25 - [MESSAGE][PASSED] - Delayed 5 second(s)

2020-02-04 15:33:25 - [TEST_STEP][PASSED] - "--------": null

2020-02-04 15:33:25 - [TEST_STEP][PASSED] - "Select  |": null

2020-02-04 15:33:25 - [TEST_STEP][PASSED] - waitForElementClickable(findTestObject("WO_Consumer/Page_/td_TopRow"), 60): Object 'Object Repository/WO_Consumer/Page_/td_TopRow' is clickable

2020-02-04 15:33:25 - [MESSAGE][PASSED] - Object 'Object Repository/WO_Consumer/Page_/td_TopRow' is clickable

2020-02-04 15:33:25 - [TEST_STEP][PASSED] - click(findTestObject("WO_Consumer/Page_/td_TopRow")): Object: 'Object Repository/WO_Consumer/Page_/td_TopRow' is clicked on

2020-02-04 15:33:25 - [MESSAGE][PASSED] - Object: 'Object Repository/WO_Consumer/Page_/td_TopRow' is clicked on

2020-02-04 15:33:25 - [TEST_STEP][PASSED] - delay(1): Delayed 1 second(s)

2020-02-04 15:33:26 - [MESSAGE][PASSED] - Delayed 1 second(s)

2020-02-04 15:33:26 - [MESSAGE][PASSED] - Call Test Case 'Test Cases/Reusable_Test_Sequences/Web_Office/Actions/Select_Consumer' successfully

2020-02-04 15:33:26 - [TEST_STEP][PASSED] - "--------------------------------------": null

2020-02-04 15:33:26 - [TEST_STEP][PASSED] - " Verify Returned Consumer Record      |": null

2020-02-04 15:33:26 - [TEST_STEP][PASSED] - callTestCase(findTestCase("Reusable_Test_Sequences/Web_Office/Verification/Consumer_Returned_Search_Record"), [:], OPTIONAL): Call Test Case 'Test Cases/Reusable_Test_Sequences/Web_Office/Verification/Consumer_Returned_Search_Record' successfully

2020-02-04 15:33:26 - [TEST_CASE][PASSED] - Test Cases/Reusable_Test_Sequences/Web_Office/Verification/Consumer_Returned_Search_Record: Test Cases/Reusable_Test_Sequences/Web_Office/Verification/Consumer_Returned_Search_Record

2020-02-04 15:33:26 - [TEST_STEP][PASSED] - "--------------------------------": null

2020-02-04 15:33:26 - [TEST_STEP][PASSED] - "Read data from spreadsheet      | r_ = Returned Data": null

2020-02-04 15:33:26 - [TEST_STEP][PASSED] - data = findTestData("Data Files/Consumer_Data (1)"): null

2020-02-04 15:33:26 - [TEST_STEP][PASSED] - Consumer_ID = data.getValue("Consumer_ID", row): null

2020-02-04 15:33:26 - [TEST_STEP][PASSED] - Title = data.getValue("r_Title", row): null

2020-02-04 15:33:26 - [TEST_STEP][PASSED] - Forenames = data.getValue("r_Forenames", row): null

2020-02-04 15:33:26 - [TEST_STEP][PASSED] - Surname = data.getValue("r_Surname", row): null

2020-02-04 15:33:26 - [TEST_STEP][PASSED] - Housename = data.getValue("r_Housename", row): null

2020-02-04 15:33:26 - [TEST_STEP][PASSED] - Number_Street = data.getValue("r_Number_and_Street", row): null

2020-02-04 15:33:26 - [TEST_STEP][PASSED] - City = data.getValue("r_City", row): null

2020-02-04 15:33:26 - [TEST_STEP][PASSED] - Town = data.getValue("r_Town", row): null

2020-02-04 15:33:26 - [TEST_STEP][PASSED] - County = data.getValue("r_County", row): null

2020-02-04 15:33:26 - [TEST_STEP][PASSED] - Postcode = data.getValue("r_Postcode", row): null

2020-02-04 15:33:26 - [TEST_STEP][PASSED] - Phone1 = data.getValue("r_Phone_1", row): null

2020-02-04 15:33:26 - [TEST_STEP][PASSED] - Phone2 = data.getValue("r_Phone_2", row): null

2020-02-04 15:33:26 - [TEST_STEP][PASSED] - Fax = data.getValue("r_Fax", row): null

2020-02-04 15:33:26 - [TEST_STEP][PASSED] - r_Full_Name = data.getValue("r_Full_Name", 1): null

2020-02-04 15:33:26 - [TEST_STEP][PASSED] - r_Full_Address = data.getValue("r_Full_Address", 1): null

2020-02-04 15:33:26 - [TEST_STEP][PASSED] - "--------------------------------": null

2020-02-04 15:33:26 - [TEST_STEP][PASSED] - "Read data from spreadsheet      |": null

2020-02-04 15:33:26 - [TEST_STEP][PASSED] - Actual_Page_Text = "": null

2020-02-04 15:33:26 - [TEST_STEP][PASSED] - Expected_Page_Text = "": null

2020-02-04 15:33:26 - [TEST_STEP][PASSED] - waitForPageLoad(60): Wait for page load successfully

2020-02-04 15:33:26 - [MESSAGE][PASSED] - Wait for page load successfully

2020-02-04 15:33:26 - [TEST_STEP][PASSED] - delay(1): Delayed 1 second(s)

2020-02-04 15:33:27 - [MESSAGE][PASSED] - Delayed 1 second(s)

2020-02-04 15:33:27 - [TEST_STEP][PASSED] - "HEADER DETAIL - iFrame": null

2020-02-04 15:33:27 - [TEST_STEP][PASSED] - "----------------": null

2020-02-04 15:33:27 - [TEST_STEP][PASSED] - "Full Name       |": null

2020-02-04 15:33:27 - [TEST_STEP][PASSED] - verifyElementPresent(findTestObject("Object Repository/WO_Consumer/Page_/Page_/a_Mr Gordon Brown"), 25): Object 'Object Repository/WO_Consumer/Page_/Page_/a_Mr Gordon Brown' is present

2020-02-04 15:33:28 - [MESSAGE][PASSED] - Object 'Object Repository/WO_Consumer/Page_/Page_/a_Mr Gordon Brown' is present

2020-02-04 15:33:28 - [TEST_STEP][PASSED] - "----------------": null

2020-02-04 15:33:28 - [TEST_STEP][PASSED] - "Full Address    |": null

2020-02-04 15:33:28 - [TEST_STEP][PASSED] - verifyElementPresent(findTestObject("Object Repository/WO_Consumer/Page_/Page_/div_Haywards Heath West Sussex RH16 4ER4477_d20822"), 25): Object 'Object Repository/WO_Consumer/Page_/Page_/div_Haywards Heath West Sussex RH16 4ER4477_d20822' is present

2020-02-04 15:33:28 - [MESSAGE][PASSED] - Object 'Object Repository/WO_Consumer/Page_/Page_/div_Haywards Heath West Sussex RH16 4ER4477_d20822' is present

2020-02-04 15:33:28 - [TEST_STEP][PASSED] - "BODY DETAIL - iFrame": null

2020-02-04 15:33:28 - [TEST_STEP][PASSED] - "----------------": null

2020-02-04 15:33:28 - [TEST_STEP][PASSED] - "EDIT Consumer   |": null

2020-02-04 15:33:28 - [TEST_STEP][PASSED] - verifyElementPresent(findTestObject("Object Repository/WO_Consumer/Page_/Page_/input_Title_ctledittbTitle"), 25): Object 'Object Repository/WO_Consumer/Page_/Page_/input_Title_ctledittbTitle' is present

2020-02-04 15:33:28 - [MESSAGE][PASSED] - Object 'Object Repository/WO_Consumer/Page_/Page_/input_Title_ctledittbTitle' is present

2020-02-04 15:33:28 - [TEST_STEP][PASSED] - "----------------": null

2020-02-04 15:33:28 - [TEST_STEP][PASSED] - "Address         |": null

2020-02-04 15:33:28 - [TEST_STEP][PASSED] - verifyElementPresent(findTestObject("Object Repository/WO_Consumer/Page_/Page_/span_Please ensure the Street  Road name is_e38a58"), 25): Object 'Object Repository/WO_Consumer/Page_/Page_/span_Please ensure the Street  Road name is_e38a58' is present

2020-02-04 15:33:28 - [MESSAGE][PASSED] - Object 'Object Repository/WO_Consumer/Page_/Page_/span_Please ensure the Street  Road name is_e38a58' is present

2020-02-04 15:33:28 - [MESSAGE][PASSED] - Call Test Case 'Test Cases/Reusable_Test_Sequences/Web_Office/Verification/Consumer_Returned_Search_Record' successfully

2020-02-04 15:33:28 - [TEST_STEP][PASSED] - "--------------------------": null

2020-02-04 15:33:28 - [TEST_STEP][PASSED] - " Teardown - CLose Browser |": null

2020-02-04 15:33:28 - [TEST_STEP][PASSED] - callTestCase(findTestCase("Reusable_Test_Sequences/CAT_Teardown"), [:], OPTIONAL): Call Test Case 'Test Cases/Reusable_Test_Sequences/CAT_Teardown' successfully

2020-02-04 15:33:28 - [TEST_CASE][PASSED] - Test Cases/Reusable_Test_Sequences/CAT_Teardown: Test Cases/Reusable_Test_Sequences/CAT_Teardown

2020-02-04 15:33:28 - [TEST_STEP][PASSED] - closeBrowser(): Browser is closed

2020-02-04 15:33:29 - [MESSAGE][PASSED] - Browser is closed

2020-02-04 15:33:29 - [MESSAGE][PASSED] - Call Test Case 'Test Cases/Reusable_Test_Sequences/CAT_Teardown' successfully]]></system-out>
         <system-err><![CDATA[]]></system-err>
      </testcase>
      <testcase name="Test Cases/Web_Office/WebOffice_Header_Search" time="91.45" classname="Test Cases/Web_Office/WebOffice_Header_Search" status="PASSED">
         <system-out><![CDATA[2020-02-04 15:33:29 - [TEST_CASE][PASSED] - Test Cases/Web_Office/WebOffice_Header_Search: Test Cases/Web_Office/WebOffice_Header_Search

2020-02-04 15:33:29 - [TEST_STEP][PASSED] - for ([row = 1, row <= findTestData("Mobile_Test_Data").getRowNumbers(), (internal.GlobalVariable.row++)]): Call Test Case 'Test Cases/Reusable_Test_Sequences/CAT_Teardown' successfully

2020-02-04 15:33:29 - [TEST_STEP][PASSED] - "--------------------------------------": null

2020-02-04 15:33:29 - [TEST_STEP][PASSED] - " Web Office StartUp                  |": null

2020-02-04 15:33:29 - [TEST_STEP][PASSED] - callTestCase(findTestCase("Reusable_Test_Sequences/Web_Office/Directives/WebOffice_StartUp"), [:], OPTIONAL): Call Test Case 'Test Cases/Reusable_Test_Sequences/Web_Office/Directives/WebOffice_StartUp' successfully

2020-02-04 15:33:29 - [TEST_CASE][PASSED] - Test Cases/Reusable_Test_Sequences/Web_Office/Directives/WebOffice_StartUp: Test Cases/Reusable_Test_Sequences/Web_Office/Directives/WebOffice_StartUp

2020-02-04 15:33:29 - [TEST_STEP][PASSED] - if (URL == "https://www.preview.checkatrade.com/"): null

2020-02-04 15:33:29 - [TEST_STEP][PASSED] - WebOfficeURL = "https://admin.preview.checkatrade.com/": null

2020-02-04 15:33:29 - [TEST_STEP][PASSED] - if (URL == "https://www.checkatrade.com/"): null

2020-02-04 15:33:29 - [TEST_STEP][PASSED] - "Set Function Area for "URL_Handler", URL Resolution": null

2020-02-04 15:33:29 - [TEST_STEP][PASSED] - "Do Some Magic with URL(s) See the comments within URL Handler ": null

2020-02-04 15:33:29 - [TEST_STEP][PASSED] - "------------------------------------------------": null

2020-02-04 15:33:29 - [TEST_STEP][PASSED] - "Moved Login Credentials to <Default> profile 22/01/2020": null

2020-02-04 15:33:29 - [TEST_STEP][PASSED] - "------------------------------------------------": null

2020-02-04 15:33:29 - [TEST_STEP][PASSED] - "WebOfficeURL - Set from the ENVIRONMENT PROFILE ": null

2020-02-04 15:33:29 - [TEST_STEP][PASSED] - "OPEN BROWSER": null

2020-02-04 15:33:29 - [TEST_STEP][PASSED] - "eg - https://admin.preview.checkatrade.com/  ": null

2020-02-04 15:33:29 - [TEST_STEP][PASSED] - openBrowser(WebOfficeURL): Browser is opened with url: 'https://admin.preview.checkatrade.com/'

2020-02-04 15:33:29 - [MESSAGE][INFO] - Starting 'Chrome' driver

2020-02-04 15:33:35 - [MESSAGE][PASSED] - Browser is opened with url: 'https://admin.preview.checkatrade.com/'

2020-02-04 15:33:35 - [TEST_STEP][PASSED] - maximizeWindow(): Current window maximized

2020-02-04 15:33:40 - [MESSAGE][PASSED] - Current window maximized

2020-02-04 15:33:40 - [TEST_STEP][PASSED] - waitForElementClickable(findTestObject("Object Repository/WebOffice/Page_Checkatrade - Administration - Login/Login_Button"), 25): Object 'Object Repository/WebOffice/Page_Checkatrade - Administration - Login/Login_Button' is clickable

2020-02-04 15:33:40 - [MESSAGE][PASSED] - Object 'Object Repository/WebOffice/Page_Checkatrade - Administration - Login/Login_Button' is clickable

2020-02-04 15:33:40 - [TEST_STEP][PASSED] - verifyTextPresent("Checkatrade Web Office", false): Text 'Checkatrade Web Office' is present on page 

2020-02-04 15:33:40 - [MESSAGE][PASSED] - Text 'Checkatrade Web Office' is present on page 

2020-02-04 15:33:40 - [TEST_STEP][PASSED] - verifyTextPresent("Access for staff use only", false): Text 'Access for staff use only' is present on page 

2020-02-04 15:33:40 - [MESSAGE][PASSED] - Text 'Access for staff use only' is present on page 

2020-02-04 15:33:40 - [TEST_STEP][PASSED] - verifyTextPresent("Forgotten password?", false): Text 'Forgotten password?' is present on page 

2020-02-04 15:33:40 - [MESSAGE][PASSED] - Text 'Forgotten password?' is present on page 

2020-02-04 15:33:40 - [TEST_STEP][PASSED] - setText(findTestObject("Object Repository/WebOffice/Page_Checkatrade - Administration - Login/input_Username_LoginControlUserName"), wo_Username): Text 'DavidHo' is set on object 'Object Repository/WebOffice/Page_Checkatrade - Administration - Login/input_Username_LoginControlUserName'

2020-02-04 15:33:40 - [MESSAGE][PASSED] - Text 'DavidHo' is set on object 'Object Repository/WebOffice/Page_Checkatrade - Administration - Login/input_Username_LoginControlUserName'

2020-02-04 15:33:40 - [TEST_STEP][PASSED] - setText(findTestObject("Object Repository/WebOffice/Page_Checkatrade - Administration - Login/input_Password_LoginControlPassword"), wo_Password): Text 'Check123' is set on object 'Object Repository/WebOffice/Page_Checkatrade - Administration - Login/input_Password_LoginControlPassword'

2020-02-04 15:33:40 - [MESSAGE][PASSED] - Text 'Check123' is set on object 'Object Repository/WebOffice/Page_Checkatrade - Administration - Login/input_Password_LoginControlPassword'

2020-02-04 15:33:40 - [TEST_STEP][PASSED] - click(findTestObject("Object Repository/WebOffice/Page_Checkatrade - Administration - Login/Login_Button")): Object: 'Object Repository/WebOffice/Page_Checkatrade - Administration - Login/Login_Button' is clicked on

2020-02-04 15:33:41 - [MESSAGE][PASSED] - Object: 'Object Repository/WebOffice/Page_Checkatrade - Administration - Login/Login_Button' is clicked on

2020-02-04 15:33:41 - [TEST_STEP][PASSED] - waitForPageLoad(60): Wait for page load successfully

2020-02-04 15:33:41 - [MESSAGE][PASSED] - Wait for page load successfully

2020-02-04 15:33:41 - [TEST_STEP][PASSED] - verifyTextPresent("Welcome " + wo_Username, false): Text 'Welcome DavidHo' is present on page 

2020-02-04 15:33:41 - [MESSAGE][PASSED] - Text 'Welcome DavidHo' is present on page 

2020-02-04 15:33:41 - [MESSAGE][PASSED] - Call Test Case 'Test Cases/Reusable_Test_Sequences/Web_Office/Directives/WebOffice_StartUp' successfully

2020-02-04 15:33:41 - [TEST_STEP][PASSED] - "--------------------------------------": null

2020-02-04 15:33:41 - [TEST_STEP][PASSED] - " Home Page - Search                   |": null

2020-02-04 15:33:41 - [TEST_STEP][PASSED] - callTestCase(findTestCase("Reusable_Test_Sequences/Web_Office/Home_Page_Search"), [:], OPTIONAL): Call Test Case 'Test Cases/Reusable_Test_Sequences/Web_Office/Home_Page_Search' successfully

2020-02-04 15:33:41 - [TEST_CASE][PASSED] - Test Cases/Reusable_Test_Sequences/Web_Office/Home_Page_Search: Test Cases/Reusable_Test_Sequences/Web_Office/Home_Page_Search

2020-02-04 15:33:41 - [TEST_STEP][PASSED] - setText(findTestObject("Object Repository/WebOffice_Home_page/input_Search_Criteria"), findTestData("searchTestData").getValue("Search_Selector", row)): Text '07818 446596' is set on object 'Object Repository/WebOffice_Home_page/input_Search_Criteria'

2020-02-04 15:33:41 - [MESSAGE][PASSED] - Text '07818 446596' is set on object 'Object Repository/WebOffice_Home_page/input_Search_Criteria'

2020-02-04 15:33:41 - [TEST_STEP][PASSED] - delay(1): Delayed 1 second(s)

2020-02-04 15:33:42 - [MESSAGE][PASSED] - Delayed 1 second(s)

2020-02-04 15:33:42 - [TEST_STEP][PASSED] - click(findTestObject("Object Repository/WebOffice_Home_page/popout_Search_Item")): Object: 'Object Repository/WebOffice_Home_page/popout_Search_Item' is clicked on

2020-02-04 15:33:44 - [MESSAGE][PASSED] - Object: 'Object Repository/WebOffice_Home_page/popout_Search_Item' is clicked on

2020-02-04 15:33:44 - [TEST_STEP][PASSED] - waitForPageLoad(60): Wait for page load successfully

2020-02-04 15:33:44 - [MESSAGE][PASSED] - Wait for page load successfully

2020-02-04 15:33:44 - [MESSAGE][PASSED] - Call Test Case 'Test Cases/Reusable_Test_Sequences/Web_Office/Home_Page_Search' successfully

2020-02-04 15:33:44 - [TEST_STEP][PASSED] - "--------------------------------------": null

2020-02-04 15:33:44 - [TEST_STEP][PASSED] - " Web Office - Verify Returned Record  |": null

2020-02-04 15:33:44 - [TEST_STEP][PASSED] - callTestCase(findTestCase("Reusable_Test_Sequences/Web_Office/Verification/Trader_Record"), [:], OPTIONAL): Call Test Case 'Test Cases/Reusable_Test_Sequences/Web_Office/Verification/Trader_Record' successfully

2020-02-04 15:33:44 - [TEST_CASE][PASSED] - Test Cases/Reusable_Test_Sequences/Web_Office/Verification/Trader_Record: Test Cases/Reusable_Test_Sequences/Web_Office/Verification/Trader_Record

2020-02-04 15:33:44 - [TEST_STEP][PASSED] - verifyTextPresent(findTestData("searchTestData").getValue("tradeName", row), false, CONTINUE_ON_FAILURE): Text 'Foster Tree Care' is present on page 

2020-02-04 15:33:45 - [MESSAGE][PASSED] - Text 'Foster Tree Care' is present on page 

2020-02-04 15:33:45 - [TEST_STEP][PASSED] - verifyTextPresent(findTestData("searchTestData").getValue("primeContact", row), false, CONTINUE_ON_FAILURE): Text 'Jim Foster' is present on page 

2020-02-04 15:33:45 - [MESSAGE][PASSED] - Text 'Jim Foster' is present on page 

2020-02-04 15:33:45 - [TEST_STEP][PASSED] - verifyTextPresent(findTestData("searchTestData").getValue("address", row), false, CONTINUE_ON_FAILURE): Text '70 Worthing Avenue, Gosport, Hampshire, PO12 4DH' is present on page 

2020-02-04 15:33:45 - [MESSAGE][PASSED] - Text '70 Worthing Avenue, Gosport, Hampshire, PO12 4DH' is present on page 

2020-02-04 15:33:45 - [TEST_STEP][PASSED] - verifyTextPresent(findTestData("searchTestData").getValue("mobile", row), false, CONTINUE_ON_FAILURE): Text '07818 446596' is present on page 

2020-02-04 15:33:45 - [MESSAGE][PASSED] - Text '07818 446596' is present on page 

2020-02-04 15:33:45 - [TEST_STEP][PASSED] - verifyTextPresent(findTestData("searchTestData").getValue("contact", row), false, CONTINUE_ON_FAILURE): Text '023 9258 3018' is present on page 

2020-02-04 15:33:46 - [MESSAGE][PASSED] - Text '023 9258 3018' is present on page 

2020-02-04 15:33:46 - [TEST_STEP][PASSED] - verifyTextPresent(findTestData("searchTestData").getValue("email", row), false, CONTINUE_ON_FAILURE): Text 'fostertreecare@tiscali.co.uk' is present on page 

2020-02-04 15:33:46 - [MESSAGE][PASSED] - Text 'fostertreecare@tiscali.co.uk' is present on page 

2020-02-04 15:33:46 - [TEST_STEP][PASSED] - verifyTextPresent(findTestData("searchTestData").getValue("dob", row), false, CONTINUE_ON_FAILURE): Text 'DoB: 31/01/1976' is present on page 

2020-02-04 15:33:46 - [MESSAGE][PASSED] - Text 'DoB: 31/01/1976' is present on page 

2020-02-04 15:33:46 - [TEST_STEP][PASSED] - verifyTextPresent(findTestData("searchTestData").getValue("catID", row), false, CONTINUE_ON_FAILURE): Text 'FOS002' is present on page 

2020-02-04 15:33:47 - [MESSAGE][PASSED] - Text 'FOS002' is present on page 

2020-02-04 15:33:47 - [MESSAGE][PASSED] - Call Test Case 'Test Cases/Reusable_Test_Sequences/Web_Office/Verification/Trader_Record' successfully

2020-02-04 15:33:47 - [TEST_STEP][PASSED] - "--------------------------": null

2020-02-04 15:33:47 - [TEST_STEP][PASSED] - " Teardown - CLose Browser |": null

2020-02-04 15:33:47 - [TEST_STEP][PASSED] - callTestCase(findTestCase("Reusable_Test_Sequences/CAT_Teardown"), [:], OPTIONAL): Call Test Case 'Test Cases/Reusable_Test_Sequences/CAT_Teardown' successfully

2020-02-04 15:33:47 - [TEST_CASE][PASSED] - Test Cases/Reusable_Test_Sequences/CAT_Teardown: Test Cases/Reusable_Test_Sequences/CAT_Teardown

2020-02-04 15:33:47 - [TEST_STEP][PASSED] - closeBrowser(): Browser is closed

2020-02-04 15:33:47 - [MESSAGE][PASSED] - Browser is closed

2020-02-04 15:33:47 - [MESSAGE][PASSED] - Call Test Case 'Test Cases/Reusable_Test_Sequences/CAT_Teardown' successfully

2020-02-04 15:33:47 - [TEST_STEP][PASSED] - "--------------------------------------": null

2020-02-04 15:33:47 - [TEST_STEP][PASSED] - " Web Office StartUp                  |": null

2020-02-04 15:33:47 - [TEST_STEP][PASSED] - callTestCase(findTestCase("Reusable_Test_Sequences/Web_Office/Directives/WebOffice_StartUp"), [:], OPTIONAL): Call Test Case 'Test Cases/Reusable_Test_Sequences/Web_Office/Directives/WebOffice_StartUp' successfully

2020-02-04 15:33:48 - [TEST_CASE][PASSED] - Test Cases/Reusable_Test_Sequences/Web_Office/Directives/WebOffice_StartUp: Test Cases/Reusable_Test_Sequences/Web_Office/Directives/WebOffice_StartUp

2020-02-04 15:33:48 - [TEST_STEP][PASSED] - if (URL == "https://www.preview.checkatrade.com/"): null

2020-02-04 15:33:48 - [TEST_STEP][PASSED] - WebOfficeURL = "https://admin.preview.checkatrade.com/": null

2020-02-04 15:33:48 - [TEST_STEP][PASSED] - if (URL == "https://www.checkatrade.com/"): null

2020-02-04 15:33:48 - [TEST_STEP][PASSED] - "Set Function Area for "URL_Handler", URL Resolution": null

2020-02-04 15:33:48 - [TEST_STEP][PASSED] - "Do Some Magic with URL(s) See the comments within URL Handler ": null

2020-02-04 15:33:48 - [TEST_STEP][PASSED] - "------------------------------------------------": null

2020-02-04 15:33:48 - [TEST_STEP][PASSED] - "Moved Login Credentials to <Default> profile 22/01/2020": null

2020-02-04 15:33:48 - [TEST_STEP][PASSED] - "------------------------------------------------": null

2020-02-04 15:33:48 - [TEST_STEP][PASSED] - "WebOfficeURL - Set from the ENVIRONMENT PROFILE ": null

2020-02-04 15:33:48 - [TEST_STEP][PASSED] - "OPEN BROWSER": null

2020-02-04 15:33:48 - [TEST_STEP][PASSED] - "eg - https://admin.preview.checkatrade.com/  ": null

2020-02-04 15:33:48 - [TEST_STEP][PASSED] - openBrowser(WebOfficeURL): Browser is opened with url: 'https://admin.preview.checkatrade.com/'

2020-02-04 15:33:48 - [MESSAGE][INFO] - Starting 'Chrome' driver

2020-02-04 15:33:54 - [MESSAGE][PASSED] - Browser is opened with url: 'https://admin.preview.checkatrade.com/'

2020-02-04 15:33:54 - [TEST_STEP][PASSED] - maximizeWindow(): Current window maximized

2020-02-04 15:33:58 - [MESSAGE][PASSED] - Current window maximized

2020-02-04 15:33:58 - [TEST_STEP][PASSED] - waitForElementClickable(findTestObject("Object Repository/WebOffice/Page_Checkatrade - Administration - Login/Login_Button"), 25): Object 'Object Repository/WebOffice/Page_Checkatrade - Administration - Login/Login_Button' is clickable

2020-02-04 15:33:58 - [MESSAGE][PASSED] - Object 'Object Repository/WebOffice/Page_Checkatrade - Administration - Login/Login_Button' is clickable

2020-02-04 15:33:58 - [TEST_STEP][PASSED] - verifyTextPresent("Checkatrade Web Office", false): Text 'Checkatrade Web Office' is present on page 

2020-02-04 15:33:58 - [MESSAGE][PASSED] - Text 'Checkatrade Web Office' is present on page 

2020-02-04 15:33:58 - [TEST_STEP][PASSED] - verifyTextPresent("Access for staff use only", false): Text 'Access for staff use only' is present on page 

2020-02-04 15:33:58 - [MESSAGE][PASSED] - Text 'Access for staff use only' is present on page 

2020-02-04 15:33:58 - [TEST_STEP][PASSED] - verifyTextPresent("Forgotten password?", false): Text 'Forgotten password?' is present on page 

2020-02-04 15:33:58 - [MESSAGE][PASSED] - Text 'Forgotten password?' is present on page 

2020-02-04 15:33:58 - [TEST_STEP][PASSED] - setText(findTestObject("Object Repository/WebOffice/Page_Checkatrade - Administration - Login/input_Username_LoginControlUserName"), wo_Username): Text 'DavidHo' is set on object 'Object Repository/WebOffice/Page_Checkatrade - Administration - Login/input_Username_LoginControlUserName'

2020-02-04 15:33:58 - [MESSAGE][PASSED] - Text 'DavidHo' is set on object 'Object Repository/WebOffice/Page_Checkatrade - Administration - Login/input_Username_LoginControlUserName'

2020-02-04 15:33:58 - [TEST_STEP][PASSED] - setText(findTestObject("Object Repository/WebOffice/Page_Checkatrade - Administration - Login/input_Password_LoginControlPassword"), wo_Password): Text 'Check123' is set on object 'Object Repository/WebOffice/Page_Checkatrade - Administration - Login/input_Password_LoginControlPassword'

2020-02-04 15:33:58 - [MESSAGE][PASSED] - Text 'Check123' is set on object 'Object Repository/WebOffice/Page_Checkatrade - Administration - Login/input_Password_LoginControlPassword'

2020-02-04 15:33:58 - [TEST_STEP][PASSED] - click(findTestObject("Object Repository/WebOffice/Page_Checkatrade - Administration - Login/Login_Button")): Object: 'Object Repository/WebOffice/Page_Checkatrade - Administration - Login/Login_Button' is clicked on

2020-02-04 15:33:59 - [MESSAGE][PASSED] - Object: 'Object Repository/WebOffice/Page_Checkatrade - Administration - Login/Login_Button' is clicked on

2020-02-04 15:33:59 - [TEST_STEP][PASSED] - waitForPageLoad(60): Wait for page load successfully

2020-02-04 15:33:59 - [MESSAGE][PASSED] - Wait for page load successfully

2020-02-04 15:33:59 - [TEST_STEP][PASSED] - verifyTextPresent("Welcome " + wo_Username, false): Text 'Welcome DavidHo' is present on page 

2020-02-04 15:33:59 - [MESSAGE][PASSED] - Text 'Welcome DavidHo' is present on page 

2020-02-04 15:33:59 - [MESSAGE][PASSED] - Call Test Case 'Test Cases/Reusable_Test_Sequences/Web_Office/Directives/WebOffice_StartUp' successfully

2020-02-04 15:33:59 - [TEST_STEP][PASSED] - "--------------------------------------": null

2020-02-04 15:33:59 - [TEST_STEP][PASSED] - " Home Page - Search                   |": null

2020-02-04 15:33:59 - [TEST_STEP][PASSED] - callTestCase(findTestCase("Reusable_Test_Sequences/Web_Office/Home_Page_Search"), [:], OPTIONAL): Call Test Case 'Test Cases/Reusable_Test_Sequences/Web_Office/Home_Page_Search' successfully

2020-02-04 15:33:59 - [TEST_CASE][PASSED] - Test Cases/Reusable_Test_Sequences/Web_Office/Home_Page_Search: Test Cases/Reusable_Test_Sequences/Web_Office/Home_Page_Search

2020-02-04 15:33:59 - [TEST_STEP][PASSED] - setText(findTestObject("Object Repository/WebOffice_Home_page/input_Search_Criteria"), findTestData("searchTestData").getValue("Search_Selector", row)): Text 'James Burton' is set on object 'Object Repository/WebOffice_Home_page/input_Search_Criteria'

2020-02-04 15:33:59 - [MESSAGE][PASSED] - Text 'James Burton' is set on object 'Object Repository/WebOffice_Home_page/input_Search_Criteria'

2020-02-04 15:33:59 - [TEST_STEP][PASSED] - delay(1): Delayed 1 second(s)

2020-02-04 15:34:00 - [MESSAGE][PASSED] - Delayed 1 second(s)

2020-02-04 15:34:00 - [TEST_STEP][PASSED] - click(findTestObject("Object Repository/WebOffice_Home_page/popout_Search_Item")): Object: 'Object Repository/WebOffice_Home_page/popout_Search_Item' is clicked on

2020-02-04 15:34:02 - [MESSAGE][PASSED] - Object: 'Object Repository/WebOffice_Home_page/popout_Search_Item' is clicked on

2020-02-04 15:34:02 - [TEST_STEP][PASSED] - waitForPageLoad(60): Wait for page load successfully

2020-02-04 15:34:02 - [MESSAGE][PASSED] - Wait for page load successfully

2020-02-04 15:34:02 - [MESSAGE][PASSED] - Call Test Case 'Test Cases/Reusable_Test_Sequences/Web_Office/Home_Page_Search' successfully

2020-02-04 15:34:02 - [TEST_STEP][PASSED] - "--------------------------------------": null

2020-02-04 15:34:02 - [TEST_STEP][PASSED] - " Web Office - Verify Returned Record  |": null

2020-02-04 15:34:02 - [TEST_STEP][PASSED] - callTestCase(findTestCase("Reusable_Test_Sequences/Web_Office/Verification/Trader_Record"), [:], OPTIONAL): Call Test Case 'Test Cases/Reusable_Test_Sequences/Web_Office/Verification/Trader_Record' successfully

2020-02-04 15:34:02 - [TEST_CASE][PASSED] - Test Cases/Reusable_Test_Sequences/Web_Office/Verification/Trader_Record: Test Cases/Reusable_Test_Sequences/Web_Office/Verification/Trader_Record

2020-02-04 15:34:02 - [TEST_STEP][PASSED] - verifyTextPresent(findTestData("searchTestData").getValue("tradeName", row), false, CONTINUE_ON_FAILURE): Text 'Burton Electrical Services' is present on page 

2020-02-04 15:34:02 - [MESSAGE][PASSED] - Text 'Burton Electrical Services' is present on page 

2020-02-04 15:34:02 - [TEST_STEP][PASSED] - verifyTextPresent(findTestData("searchTestData").getValue("primeContact", row), false, CONTINUE_ON_FAILURE): Text 'James Burton' is present on page 

2020-02-04 15:34:03 - [MESSAGE][PASSED] - Text 'James Burton' is present on page 

2020-02-04 15:34:03 - [TEST_STEP][PASSED] - verifyTextPresent(findTestData("searchTestData").getValue("address", row), false, CONTINUE_ON_FAILURE): Text 'Unit 4, Dukeries Court, Hallcroft Industrial Estate, Retford, Nottinghamshire, DN22 7PX' is present on page 

2020-02-04 15:34:03 - [MESSAGE][PASSED] - Text 'Unit 4, Dukeries Court, Hallcroft Industrial Estate, Retford, Nottinghamshire, DN22 7PX' is present on page 

2020-02-04 15:34:03 - [TEST_STEP][PASSED] - verifyTextPresent(findTestData("searchTestData").getValue("mobile", row), false, CONTINUE_ON_FAILURE): Text '07712 401461' is present on page 

2020-02-04 15:34:03 - [MESSAGE][PASSED] - Text '07712 401461' is present on page 

2020-02-04 15:34:03 - [TEST_STEP][PASSED] - verifyTextPresent(findTestData("searchTestData").getValue("contact", row), false, CONTINUE_ON_FAILURE): Text '01777 228982' is present on page 

2020-02-04 15:34:04 - [MESSAGE][PASSED] - Text '01777 228982' is present on page 

2020-02-04 15:34:04 - [TEST_STEP][PASSED] - verifyTextPresent(findTestData("searchTestData").getValue("email", row), false, CONTINUE_ON_FAILURE): Text 'info@burtonelectricalservices.net' is present on page 

2020-02-04 15:34:04 - [MESSAGE][PASSED] - Text 'info@burtonelectricalservices.net' is present on page 

2020-02-04 15:34:04 - [TEST_STEP][PASSED] - verifyTextPresent(findTestData("searchTestData").getValue("dob", row), false, CONTINUE_ON_FAILURE): Text 'DoB: 15/07/1989' is present on page 

2020-02-04 15:34:04 - [MESSAGE][PASSED] - Text 'DoB: 15/07/1989' is present on page 

2020-02-04 15:34:04 - [TEST_STEP][PASSED] - verifyTextPresent(findTestData("searchTestData").getValue("catID", row), false, CONTINUE_ON_FAILURE): Text '402921' is present on page 

2020-02-04 15:34:04 - [MESSAGE][PASSED] - Text '402921' is present on page 

2020-02-04 15:34:04 - [MESSAGE][PASSED] - Call Test Case 'Test Cases/Reusable_Test_Sequences/Web_Office/Verification/Trader_Record' successfully

2020-02-04 15:34:04 - [TEST_STEP][PASSED] - "--------------------------": null

2020-02-04 15:34:04 - [TEST_STEP][PASSED] - " Teardown - CLose Browser |": null

2020-02-04 15:34:04 - [TEST_STEP][PASSED] - callTestCase(findTestCase("Reusable_Test_Sequences/CAT_Teardown"), [:], OPTIONAL): Call Test Case 'Test Cases/Reusable_Test_Sequences/CAT_Teardown' successfully

2020-02-04 15:34:04 - [TEST_CASE][PASSED] - Test Cases/Reusable_Test_Sequences/CAT_Teardown: Test Cases/Reusable_Test_Sequences/CAT_Teardown

2020-02-04 15:34:04 - [TEST_STEP][PASSED] - closeBrowser(): Browser is closed

2020-02-04 15:34:05 - [MESSAGE][PASSED] - Browser is closed

2020-02-04 15:34:05 - [MESSAGE][PASSED] - Call Test Case 'Test Cases/Reusable_Test_Sequences/CAT_Teardown' successfully

2020-02-04 15:34:05 - [TEST_STEP][PASSED] - "--------------------------------------": null

2020-02-04 15:34:05 - [TEST_STEP][PASSED] - " Web Office StartUp                  |": null

2020-02-04 15:34:05 - [TEST_STEP][PASSED] - callTestCase(findTestCase("Reusable_Test_Sequences/Web_Office/Directives/WebOffice_StartUp"), [:], OPTIONAL): Call Test Case 'Test Cases/Reusable_Test_Sequences/Web_Office/Directives/WebOffice_StartUp' successfully

2020-02-04 15:34:05 - [TEST_CASE][PASSED] - Test Cases/Reusable_Test_Sequences/Web_Office/Directives/WebOffice_StartUp: Test Cases/Reusable_Test_Sequences/Web_Office/Directives/WebOffice_StartUp

2020-02-04 15:34:05 - [TEST_STEP][PASSED] - if (URL == "https://www.preview.checkatrade.com/"): null

2020-02-04 15:34:05 - [TEST_STEP][PASSED] - WebOfficeURL = "https://admin.preview.checkatrade.com/": null

2020-02-04 15:34:05 - [TEST_STEP][PASSED] - if (URL == "https://www.checkatrade.com/"): null

2020-02-04 15:34:05 - [TEST_STEP][PASSED] - "Set Function Area for "URL_Handler", URL Resolution": null

2020-02-04 15:34:05 - [TEST_STEP][PASSED] - "Do Some Magic with URL(s) See the comments within URL Handler ": null

2020-02-04 15:34:05 - [TEST_STEP][PASSED] - "------------------------------------------------": null

2020-02-04 15:34:05 - [TEST_STEP][PASSED] - "Moved Login Credentials to <Default> profile 22/01/2020": null

2020-02-04 15:34:05 - [TEST_STEP][PASSED] - "------------------------------------------------": null

2020-02-04 15:34:05 - [TEST_STEP][PASSED] - "WebOfficeURL - Set from the ENVIRONMENT PROFILE ": null

2020-02-04 15:34:05 - [TEST_STEP][PASSED] - "OPEN BROWSER": null

2020-02-04 15:34:05 - [TEST_STEP][PASSED] - "eg - https://admin.preview.checkatrade.com/  ": null

2020-02-04 15:34:05 - [TEST_STEP][PASSED] - openBrowser(WebOfficeURL): Browser is opened with url: 'https://admin.preview.checkatrade.com/'

2020-02-04 15:34:05 - [MESSAGE][INFO] - Starting 'Chrome' driver

2020-02-04 15:34:11 - [MESSAGE][PASSED] - Browser is opened with url: 'https://admin.preview.checkatrade.com/'

2020-02-04 15:34:11 - [TEST_STEP][PASSED] - maximizeWindow(): Current window maximized

2020-02-04 15:34:15 - [MESSAGE][PASSED] - Current window maximized

2020-02-04 15:34:15 - [TEST_STEP][PASSED] - waitForElementClickable(findTestObject("Object Repository/WebOffice/Page_Checkatrade - Administration - Login/Login_Button"), 25): Object 'Object Repository/WebOffice/Page_Checkatrade - Administration - Login/Login_Button' is clickable

2020-02-04 15:34:15 - [MESSAGE][PASSED] - Object 'Object Repository/WebOffice/Page_Checkatrade - Administration - Login/Login_Button' is clickable

2020-02-04 15:34:15 - [TEST_STEP][PASSED] - verifyTextPresent("Checkatrade Web Office", false): Text 'Checkatrade Web Office' is present on page 

2020-02-04 15:34:16 - [MESSAGE][PASSED] - Text 'Checkatrade Web Office' is present on page 

2020-02-04 15:34:16 - [TEST_STEP][PASSED] - verifyTextPresent("Access for staff use only", false): Text 'Access for staff use only' is present on page 

2020-02-04 15:34:16 - [MESSAGE][PASSED] - Text 'Access for staff use only' is present on page 

2020-02-04 15:34:16 - [TEST_STEP][PASSED] - verifyTextPresent("Forgotten password?", false): Text 'Forgotten password?' is present on page 

2020-02-04 15:34:16 - [MESSAGE][PASSED] - Text 'Forgotten password?' is present on page 

2020-02-04 15:34:16 - [TEST_STEP][PASSED] - setText(findTestObject("Object Repository/WebOffice/Page_Checkatrade - Administration - Login/input_Username_LoginControlUserName"), wo_Username): Text 'DavidHo' is set on object 'Object Repository/WebOffice/Page_Checkatrade - Administration - Login/input_Username_LoginControlUserName'

2020-02-04 15:34:16 - [MESSAGE][PASSED] - Text 'DavidHo' is set on object 'Object Repository/WebOffice/Page_Checkatrade - Administration - Login/input_Username_LoginControlUserName'

2020-02-04 15:34:16 - [TEST_STEP][PASSED] - setText(findTestObject("Object Repository/WebOffice/Page_Checkatrade - Administration - Login/input_Password_LoginControlPassword"), wo_Password): Text 'Check123' is set on object 'Object Repository/WebOffice/Page_Checkatrade - Administration - Login/input_Password_LoginControlPassword'

2020-02-04 15:34:16 - [MESSAGE][PASSED] - Text 'Check123' is set on object 'Object Repository/WebOffice/Page_Checkatrade - Administration - Login/input_Password_LoginControlPassword'

2020-02-04 15:34:16 - [TEST_STEP][PASSED] - click(findTestObject("Object Repository/WebOffice/Page_Checkatrade - Administration - Login/Login_Button")): Object: 'Object Repository/WebOffice/Page_Checkatrade - Administration - Login/Login_Button' is clicked on

2020-02-04 15:34:18 - [MESSAGE][PASSED] - Object: 'Object Repository/WebOffice/Page_Checkatrade - Administration - Login/Login_Button' is clicked on

2020-02-04 15:34:18 - [TEST_STEP][PASSED] - waitForPageLoad(60): Wait for page load successfully

2020-02-04 15:34:18 - [MESSAGE][PASSED] - Wait for page load successfully

2020-02-04 15:34:18 - [TEST_STEP][PASSED] - verifyTextPresent("Welcome " + wo_Username, false): Text 'Welcome DavidHo' is present on page 

2020-02-04 15:34:18 - [MESSAGE][PASSED] - Text 'Welcome DavidHo' is present on page 

2020-02-04 15:34:18 - [MESSAGE][PASSED] - Call Test Case 'Test Cases/Reusable_Test_Sequences/Web_Office/Directives/WebOffice_StartUp' successfully

2020-02-04 15:34:18 - [TEST_STEP][PASSED] - "--------------------------------------": null

2020-02-04 15:34:18 - [TEST_STEP][PASSED] - " Home Page - Search                   |": null

2020-02-04 15:34:18 - [TEST_STEP][PASSED] - callTestCase(findTestCase("Reusable_Test_Sequences/Web_Office/Home_Page_Search"), [:], OPTIONAL): Call Test Case 'Test Cases/Reusable_Test_Sequences/Web_Office/Home_Page_Search' successfully

2020-02-04 15:34:18 - [TEST_CASE][PASSED] - Test Cases/Reusable_Test_Sequences/Web_Office/Home_Page_Search: Test Cases/Reusable_Test_Sequences/Web_Office/Home_Page_Search

2020-02-04 15:34:18 - [TEST_STEP][PASSED] - setText(findTestObject("Object Repository/WebOffice_Home_page/input_Search_Criteria"), findTestData("searchTestData").getValue("Search_Selector", row)): Text 'Planvale Services' is set on object 'Object Repository/WebOffice_Home_page/input_Search_Criteria'

2020-02-04 15:34:19 - [MESSAGE][PASSED] - Text 'Planvale Services' is set on object 'Object Repository/WebOffice_Home_page/input_Search_Criteria'

2020-02-04 15:34:19 - [TEST_STEP][PASSED] - delay(1): Delayed 1 second(s)

2020-02-04 15:34:19 - [MESSAGE][PASSED] - Delayed 1 second(s)

2020-02-04 15:34:19 - [TEST_STEP][PASSED] - click(findTestObject("Object Repository/WebOffice_Home_page/popout_Search_Item")): Object: 'Object Repository/WebOffice_Home_page/popout_Search_Item' is clicked on

2020-02-04 15:34:21 - [MESSAGE][PASSED] - Object: 'Object Repository/WebOffice_Home_page/popout_Search_Item' is clicked on

2020-02-04 15:34:21 - [TEST_STEP][PASSED] - waitForPageLoad(60): Wait for page load successfully

2020-02-04 15:34:21 - [MESSAGE][PASSED] - Wait for page load successfully

2020-02-04 15:34:21 - [MESSAGE][PASSED] - Call Test Case 'Test Cases/Reusable_Test_Sequences/Web_Office/Home_Page_Search' successfully

2020-02-04 15:34:21 - [TEST_STEP][PASSED] - "--------------------------------------": null

2020-02-04 15:34:21 - [TEST_STEP][PASSED] - " Web Office - Verify Returned Record  |": null

2020-02-04 15:34:21 - [TEST_STEP][PASSED] - callTestCase(findTestCase("Reusable_Test_Sequences/Web_Office/Verification/Trader_Record"), [:], OPTIONAL): Call Test Case 'Test Cases/Reusable_Test_Sequences/Web_Office/Verification/Trader_Record' successfully

2020-02-04 15:34:21 - [TEST_CASE][PASSED] - Test Cases/Reusable_Test_Sequences/Web_Office/Verification/Trader_Record: Test Cases/Reusable_Test_Sequences/Web_Office/Verification/Trader_Record

2020-02-04 15:34:21 - [TEST_STEP][PASSED] - verifyTextPresent(findTestData("searchTestData").getValue("tradeName", row), false, CONTINUE_ON_FAILURE): Text 'Planvale Services' is present on page 

2020-02-04 15:34:22 - [MESSAGE][PASSED] - Text 'Planvale Services' is present on page 

2020-02-04 15:34:22 - [TEST_STEP][PASSED] - verifyTextPresent(findTestData("searchTestData").getValue("primeContact", row), false, CONTINUE_ON_FAILURE): Text 'Andrew Whitaker' is present on page 

2020-02-04 15:34:22 - [MESSAGE][PASSED] - Text 'Andrew Whitaker' is present on page 

2020-02-04 15:34:22 - [TEST_STEP][PASSED] - verifyTextPresent(findTestData("searchTestData").getValue("address", row), false, CONTINUE_ON_FAILURE): Text '66 Tony Humphries Road, Banbury, Oxfordshire, OX16 0FF' is present on page 

2020-02-04 15:34:22 - [MESSAGE][PASSED] - Text '66 Tony Humphries Road, Banbury, Oxfordshire, OX16 0FF' is present on page 

2020-02-04 15:34:22 - [TEST_STEP][PASSED] - verifyTextPresent(findTestData("searchTestData").getValue("mobile", row), false, CONTINUE_ON_FAILURE): Text '07960 633438' is present on page 

2020-02-04 15:34:22 - [MESSAGE][PASSED] - Text '07960 633438' is present on page 

2020-02-04 15:34:22 - [TEST_STEP][PASSED] - verifyTextPresent(findTestData("searchTestData").getValue("contact", row), false, CONTINUE_ON_FAILURE): Text '020 3686 0529' is present on page 

2020-02-04 15:34:22 - [MESSAGE][PASSED] - Text '020 3686 0529' is present on page 

2020-02-04 15:34:22 - [TEST_STEP][PASSED] - verifyTextPresent(findTestData("searchTestData").getValue("email", row), false, CONTINUE_ON_FAILURE): Text 'andrewwhitaker2009@hotmail.co.uk' is present on page 

2020-02-04 15:34:23 - [MESSAGE][PASSED] - Text 'andrewwhitaker2009@hotmail.co.uk' is present on page 

2020-02-04 15:34:23 - [TEST_STEP][PASSED] - verifyTextPresent(findTestData("searchTestData").getValue("dob", row), false, CONTINUE_ON_FAILURE): Text 'DoB: 25/02/1974' is present on page 

2020-02-04 15:34:23 - [MESSAGE][PASSED] - Text 'DoB: 25/02/1974' is present on page 

2020-02-04 15:34:23 - [TEST_STEP][PASSED] - verifyTextPresent(findTestData("searchTestData").getValue("catID", row), false, CONTINUE_ON_FAILURE): Text '308682' is present on page 

2020-02-04 15:34:23 - [MESSAGE][PASSED] - Text '308682' is present on page 

2020-02-04 15:34:23 - [MESSAGE][PASSED] - Call Test Case 'Test Cases/Reusable_Test_Sequences/Web_Office/Verification/Trader_Record' successfully

2020-02-04 15:34:23 - [TEST_STEP][PASSED] - "--------------------------": null

2020-02-04 15:34:23 - [TEST_STEP][PASSED] - " Teardown - CLose Browser |": null

2020-02-04 15:34:23 - [TEST_STEP][PASSED] - callTestCase(findTestCase("Reusable_Test_Sequences/CAT_Teardown"), [:], OPTIONAL): Call Test Case 'Test Cases/Reusable_Test_Sequences/CAT_Teardown' successfully

2020-02-04 15:34:23 - [TEST_CASE][PASSED] - Test Cases/Reusable_Test_Sequences/CAT_Teardown: Test Cases/Reusable_Test_Sequences/CAT_Teardown

2020-02-04 15:34:23 - [TEST_STEP][PASSED] - closeBrowser(): Browser is closed

2020-02-04 15:34:24 - [MESSAGE][PASSED] - Browser is closed

2020-02-04 15:34:24 - [MESSAGE][PASSED] - Call Test Case 'Test Cases/Reusable_Test_Sequences/CAT_Teardown' successfully

2020-02-04 15:34:24 - [TEST_STEP][PASSED] - "--------------------------------------": null

2020-02-04 15:34:24 - [TEST_STEP][PASSED] - " Web Office StartUp                  |": null

2020-02-04 15:34:24 - [TEST_STEP][PASSED] - callTestCase(findTestCase("Reusable_Test_Sequences/Web_Office/Directives/WebOffice_StartUp"), [:], OPTIONAL): Call Test Case 'Test Cases/Reusable_Test_Sequences/Web_Office/Directives/WebOffice_StartUp' successfully

2020-02-04 15:34:24 - [TEST_CASE][PASSED] - Test Cases/Reusable_Test_Sequences/Web_Office/Directives/WebOffice_StartUp: Test Cases/Reusable_Test_Sequences/Web_Office/Directives/WebOffice_StartUp

2020-02-04 15:34:24 - [TEST_STEP][PASSED] - if (URL == "https://www.preview.checkatrade.com/"): null

2020-02-04 15:34:24 - [TEST_STEP][PASSED] - WebOfficeURL = "https://admin.preview.checkatrade.com/": null

2020-02-04 15:34:24 - [TEST_STEP][PASSED] - if (URL == "https://www.checkatrade.com/"): null

2020-02-04 15:34:24 - [TEST_STEP][PASSED] - "Set Function Area for "URL_Handler", URL Resolution": null

2020-02-04 15:34:24 - [TEST_STEP][PASSED] - "Do Some Magic with URL(s) See the comments within URL Handler ": null

2020-02-04 15:34:24 - [TEST_STEP][PASSED] - "------------------------------------------------": null

2020-02-04 15:34:24 - [TEST_STEP][PASSED] - "Moved Login Credentials to <Default> profile 22/01/2020": null

2020-02-04 15:34:24 - [TEST_STEP][PASSED] - "------------------------------------------------": null

2020-02-04 15:34:24 - [TEST_STEP][PASSED] - "WebOfficeURL - Set from the ENVIRONMENT PROFILE ": null

2020-02-04 15:34:24 - [TEST_STEP][PASSED] - "OPEN BROWSER": null

2020-02-04 15:34:24 - [TEST_STEP][PASSED] - "eg - https://admin.preview.checkatrade.com/  ": null

2020-02-04 15:34:24 - [TEST_STEP][PASSED] - openBrowser(WebOfficeURL): Browser is opened with url: 'https://admin.preview.checkatrade.com/'

2020-02-04 15:34:24 - [MESSAGE][INFO] - Starting 'Chrome' driver

2020-02-04 15:34:30 - [MESSAGE][PASSED] - Browser is opened with url: 'https://admin.preview.checkatrade.com/'

2020-02-04 15:34:30 - [TEST_STEP][PASSED] - maximizeWindow(): Current window maximized

2020-02-04 15:34:34 - [MESSAGE][PASSED] - Current window maximized

2020-02-04 15:34:34 - [TEST_STEP][PASSED] - waitForElementClickable(findTestObject("Object Repository/WebOffice/Page_Checkatrade - Administration - Login/Login_Button"), 25): Object 'Object Repository/WebOffice/Page_Checkatrade - Administration - Login/Login_Button' is clickable

2020-02-04 15:34:34 - [MESSAGE][PASSED] - Object 'Object Repository/WebOffice/Page_Checkatrade - Administration - Login/Login_Button' is clickable

2020-02-04 15:34:34 - [TEST_STEP][PASSED] - verifyTextPresent("Checkatrade Web Office", false): Text 'Checkatrade Web Office' is present on page 

2020-02-04 15:34:34 - [MESSAGE][PASSED] - Text 'Checkatrade Web Office' is present on page 

2020-02-04 15:34:34 - [TEST_STEP][PASSED] - verifyTextPresent("Access for staff use only", false): Text 'Access for staff use only' is present on page 

2020-02-04 15:34:34 - [MESSAGE][PASSED] - Text 'Access for staff use only' is present on page 

2020-02-04 15:34:34 - [TEST_STEP][PASSED] - verifyTextPresent("Forgotten password?", false): Text 'Forgotten password?' is present on page 

2020-02-04 15:34:34 - [MESSAGE][PASSED] - Text 'Forgotten password?' is present on page 

2020-02-04 15:34:34 - [TEST_STEP][PASSED] - setText(findTestObject("Object Repository/WebOffice/Page_Checkatrade - Administration - Login/input_Username_LoginControlUserName"), wo_Username): Text 'DavidHo' is set on object 'Object Repository/WebOffice/Page_Checkatrade - Administration - Login/input_Username_LoginControlUserName'

2020-02-04 15:34:35 - [MESSAGE][PASSED] - Text 'DavidHo' is set on object 'Object Repository/WebOffice/Page_Checkatrade - Administration - Login/input_Username_LoginControlUserName'

2020-02-04 15:34:35 - [TEST_STEP][PASSED] - setText(findTestObject("Object Repository/WebOffice/Page_Checkatrade - Administration - Login/input_Password_LoginControlPassword"), wo_Password): Text 'Check123' is set on object 'Object Repository/WebOffice/Page_Checkatrade - Administration - Login/input_Password_LoginControlPassword'

2020-02-04 15:34:35 - [MESSAGE][PASSED] - Text 'Check123' is set on object 'Object Repository/WebOffice/Page_Checkatrade - Administration - Login/input_Password_LoginControlPassword'

2020-02-04 15:34:35 - [TEST_STEP][PASSED] - click(findTestObject("Object Repository/WebOffice/Page_Checkatrade - Administration - Login/Login_Button")): Object: 'Object Repository/WebOffice/Page_Checkatrade - Administration - Login/Login_Button' is clicked on

2020-02-04 15:34:35 - [MESSAGE][PASSED] - Object: 'Object Repository/WebOffice/Page_Checkatrade - Administration - Login/Login_Button' is clicked on

2020-02-04 15:34:35 - [TEST_STEP][PASSED] - waitForPageLoad(60): Wait for page load successfully

2020-02-04 15:34:35 - [MESSAGE][PASSED] - Wait for page load successfully

2020-02-04 15:34:35 - [TEST_STEP][PASSED] - verifyTextPresent("Welcome " + wo_Username, false): Text 'Welcome DavidHo' is present on page 

2020-02-04 15:34:35 - [MESSAGE][PASSED] - Text 'Welcome DavidHo' is present on page 

2020-02-04 15:34:35 - [MESSAGE][PASSED] - Call Test Case 'Test Cases/Reusable_Test_Sequences/Web_Office/Directives/WebOffice_StartUp' successfully

2020-02-04 15:34:35 - [TEST_STEP][PASSED] - "--------------------------------------": null

2020-02-04 15:34:35 - [TEST_STEP][PASSED] - " Home Page - Search                   |": null

2020-02-04 15:34:35 - [TEST_STEP][PASSED] - callTestCase(findTestCase("Reusable_Test_Sequences/Web_Office/Home_Page_Search"), [:], OPTIONAL): Call Test Case 'Test Cases/Reusable_Test_Sequences/Web_Office/Home_Page_Search' successfully

2020-02-04 15:34:35 - [TEST_CASE][PASSED] - Test Cases/Reusable_Test_Sequences/Web_Office/Home_Page_Search: Test Cases/Reusable_Test_Sequences/Web_Office/Home_Page_Search

2020-02-04 15:34:35 - [TEST_STEP][PASSED] - setText(findTestObject("Object Repository/WebOffice_Home_page/input_Search_Criteria"), findTestData("searchTestData").getValue("Search_Selector", row)): Text '381198' is set on object 'Object Repository/WebOffice_Home_page/input_Search_Criteria'

2020-02-04 15:34:36 - [MESSAGE][PASSED] - Text '381198' is set on object 'Object Repository/WebOffice_Home_page/input_Search_Criteria'

2020-02-04 15:34:36 - [TEST_STEP][PASSED] - delay(1): Delayed 1 second(s)

2020-02-04 15:34:37 - [MESSAGE][PASSED] - Delayed 1 second(s)

2020-02-04 15:34:37 - [TEST_STEP][PASSED] - click(findTestObject("Object Repository/WebOffice_Home_page/popout_Search_Item")): Object: 'Object Repository/WebOffice_Home_page/popout_Search_Item' is clicked on

2020-02-04 15:34:39 - [MESSAGE][PASSED] - Object: 'Object Repository/WebOffice_Home_page/popout_Search_Item' is clicked on

2020-02-04 15:34:39 - [TEST_STEP][PASSED] - waitForPageLoad(60): Wait for page load successfully

2020-02-04 15:34:39 - [MESSAGE][PASSED] - Wait for page load successfully

2020-02-04 15:34:39 - [MESSAGE][PASSED] - Call Test Case 'Test Cases/Reusable_Test_Sequences/Web_Office/Home_Page_Search' successfully

2020-02-04 15:34:39 - [TEST_STEP][PASSED] - "--------------------------------------": null

2020-02-04 15:34:39 - [TEST_STEP][PASSED] - " Web Office - Verify Returned Record  |": null

2020-02-04 15:34:39 - [TEST_STEP][PASSED] - callTestCase(findTestCase("Reusable_Test_Sequences/Web_Office/Verification/Trader_Record"), [:], OPTIONAL): Call Test Case 'Test Cases/Reusable_Test_Sequences/Web_Office/Verification/Trader_Record' successfully

2020-02-04 15:34:39 - [TEST_CASE][PASSED] - Test Cases/Reusable_Test_Sequences/Web_Office/Verification/Trader_Record: Test Cases/Reusable_Test_Sequences/Web_Office/Verification/Trader_Record

2020-02-04 15:34:39 - [TEST_STEP][PASSED] - verifyTextPresent(findTestData("searchTestData").getValue("tradeName", row), false, CONTINUE_ON_FAILURE): Text 'Glazing Solutions' is present on page 

2020-02-04 15:34:39 - [MESSAGE][PASSED] - Text 'Glazing Solutions' is present on page 

2020-02-04 15:34:39 - [TEST_STEP][PASSED] - verifyTextPresent(findTestData("searchTestData").getValue("primeContact", row), false, CONTINUE_ON_FAILURE): Text 'Mr Scott Heyburn' is present on page 

2020-02-04 15:34:39 - [MESSAGE][PASSED] - Text 'Mr Scott Heyburn' is present on page 

2020-02-04 15:34:39 - [TEST_STEP][PASSED] - verifyTextPresent(findTestData("searchTestData").getValue("address", row), false, CONTINUE_ON_FAILURE): Text '19 St. Peters Close, Bognor Regis, PO21 5QA' is present on page 

2020-02-04 15:34:40 - [MESSAGE][PASSED] - Text '19 St. Peters Close, Bognor Regis, PO21 5QA' is present on page 

2020-02-04 15:34:40 - [TEST_STEP][PASSED] - verifyTextPresent(findTestData("searchTestData").getValue("mobile", row), false, CONTINUE_ON_FAILURE): Text '07739 534957' is present on page 

2020-02-04 15:34:40 - [MESSAGE][PASSED] - Text '07739 534957' is present on page 

2020-02-04 15:34:40 - [TEST_STEP][PASSED] - verifyTextPresent(findTestData("searchTestData").getValue("contact", row), false, CONTINUE_ON_FAILURE): Text '' is present on page 

2020-02-04 15:34:40 - [MESSAGE][PASSED] - Text '' is present on page 

2020-02-04 15:34:40 - [TEST_STEP][PASSED] - verifyTextPresent(findTestData("searchTestData").getValue("email", row), false, CONTINUE_ON_FAILURE): Text 'trpselsey@gmail.com' is present on page 

2020-02-04 15:34:40 - [MESSAGE][PASSED] - Text 'trpselsey@gmail.com' is present on page 

2020-02-04 15:34:40 - [TEST_STEP][PASSED] - verifyTextPresent(findTestData("searchTestData").getValue("dob", row), false, CONTINUE_ON_FAILURE): Text 'DoB: 06/04/1970' is present on page 

2020-02-04 15:34:40 - [MESSAGE][PASSED] - Text 'DoB: 06/04/1970' is present on page 

2020-02-04 15:34:40 - [TEST_STEP][PASSED] - verifyTextPresent(findTestData("searchTestData").getValue("catID", row), false, CONTINUE_ON_FAILURE): Text '381198' is present on page 

2020-02-04 15:34:41 - [MESSAGE][PASSED] - Text '381198' is present on page 

2020-02-04 15:34:41 - [MESSAGE][PASSED] - Call Test Case 'Test Cases/Reusable_Test_Sequences/Web_Office/Verification/Trader_Record' successfully

2020-02-04 15:34:41 - [TEST_STEP][PASSED] - "--------------------------": null

2020-02-04 15:34:41 - [TEST_STEP][PASSED] - " Teardown - CLose Browser |": null

2020-02-04 15:34:41 - [TEST_STEP][PASSED] - callTestCase(findTestCase("Reusable_Test_Sequences/CAT_Teardown"), [:], OPTIONAL): Call Test Case 'Test Cases/Reusable_Test_Sequences/CAT_Teardown' successfully

2020-02-04 15:34:41 - [TEST_CASE][PASSED] - Test Cases/Reusable_Test_Sequences/CAT_Teardown: Test Cases/Reusable_Test_Sequences/CAT_Teardown

2020-02-04 15:34:41 - [TEST_STEP][PASSED] - closeBrowser(): Browser is closed

2020-02-04 15:34:42 - [MESSAGE][PASSED] - Browser is closed

2020-02-04 15:34:42 - [MESSAGE][PASSED] - Call Test Case 'Test Cases/Reusable_Test_Sequences/CAT_Teardown' successfully

2020-02-04 15:34:42 - [TEST_STEP][PASSED] - "--------------------------------------": null

2020-02-04 15:34:42 - [TEST_STEP][PASSED] - " Web Office StartUp                  |": null

2020-02-04 15:34:42 - [TEST_STEP][PASSED] - callTestCase(findTestCase("Reusable_Test_Sequences/Web_Office/Directives/WebOffice_StartUp"), [:], OPTIONAL): Call Test Case 'Test Cases/Reusable_Test_Sequences/Web_Office/Directives/WebOffice_StartUp' successfully

2020-02-04 15:34:42 - [TEST_CASE][PASSED] - Test Cases/Reusable_Test_Sequences/Web_Office/Directives/WebOffice_StartUp: Test Cases/Reusable_Test_Sequences/Web_Office/Directives/WebOffice_StartUp

2020-02-04 15:34:42 - [TEST_STEP][PASSED] - if (URL == "https://www.preview.checkatrade.com/"): null

2020-02-04 15:34:42 - [TEST_STEP][PASSED] - WebOfficeURL = "https://admin.preview.checkatrade.com/": null

2020-02-04 15:34:42 - [TEST_STEP][PASSED] - if (URL == "https://www.checkatrade.com/"): null

2020-02-04 15:34:42 - [TEST_STEP][PASSED] - "Set Function Area for "URL_Handler", URL Resolution": null

2020-02-04 15:34:42 - [TEST_STEP][PASSED] - "Do Some Magic with URL(s) See the comments within URL Handler ": null

2020-02-04 15:34:42 - [TEST_STEP][PASSED] - "------------------------------------------------": null

2020-02-04 15:34:42 - [TEST_STEP][PASSED] - "Moved Login Credentials to <Default> profile 22/01/2020": null

2020-02-04 15:34:42 - [TEST_STEP][PASSED] - "------------------------------------------------": null

2020-02-04 15:34:42 - [TEST_STEP][PASSED] - "WebOfficeURL - Set from the ENVIRONMENT PROFILE ": null

2020-02-04 15:34:42 - [TEST_STEP][PASSED] - "OPEN BROWSER": null

2020-02-04 15:34:42 - [TEST_STEP][PASSED] - "eg - https://admin.preview.checkatrade.com/  ": null

2020-02-04 15:34:42 - [TEST_STEP][PASSED] - openBrowser(WebOfficeURL): Browser is opened with url: 'https://admin.preview.checkatrade.com/'

2020-02-04 15:34:42 - [MESSAGE][INFO] - Starting 'Chrome' driver

2020-02-04 15:34:48 - [MESSAGE][PASSED] - Browser is opened with url: 'https://admin.preview.checkatrade.com/'

2020-02-04 15:34:48 - [TEST_STEP][PASSED] - maximizeWindow(): Current window maximized

2020-02-04 15:34:52 - [MESSAGE][PASSED] - Current window maximized

2020-02-04 15:34:52 - [TEST_STEP][PASSED] - waitForElementClickable(findTestObject("Object Repository/WebOffice/Page_Checkatrade - Administration - Login/Login_Button"), 25): Object 'Object Repository/WebOffice/Page_Checkatrade - Administration - Login/Login_Button' is clickable

2020-02-04 15:34:52 - [MESSAGE][PASSED] - Object 'Object Repository/WebOffice/Page_Checkatrade - Administration - Login/Login_Button' is clickable

2020-02-04 15:34:52 - [TEST_STEP][PASSED] - verifyTextPresent("Checkatrade Web Office", false): Text 'Checkatrade Web Office' is present on page 

2020-02-04 15:34:52 - [MESSAGE][PASSED] - Text 'Checkatrade Web Office' is present on page 

2020-02-04 15:34:52 - [TEST_STEP][PASSED] - verifyTextPresent("Access for staff use only", false): Text 'Access for staff use only' is present on page 

2020-02-04 15:34:53 - [MESSAGE][PASSED] - Text 'Access for staff use only' is present on page 

2020-02-04 15:34:53 - [TEST_STEP][PASSED] - verifyTextPresent("Forgotten password?", false): Text 'Forgotten password?' is present on page 

2020-02-04 15:34:53 - [MESSAGE][PASSED] - Text 'Forgotten password?' is present on page 

2020-02-04 15:34:53 - [TEST_STEP][PASSED] - setText(findTestObject("Object Repository/WebOffice/Page_Checkatrade - Administration - Login/input_Username_LoginControlUserName"), wo_Username): Text 'DavidHo' is set on object 'Object Repository/WebOffice/Page_Checkatrade - Administration - Login/input_Username_LoginControlUserName'

2020-02-04 15:34:53 - [MESSAGE][PASSED] - Text 'DavidHo' is set on object 'Object Repository/WebOffice/Page_Checkatrade - Administration - Login/input_Username_LoginControlUserName'

2020-02-04 15:34:53 - [TEST_STEP][PASSED] - setText(findTestObject("Object Repository/WebOffice/Page_Checkatrade - Administration - Login/input_Password_LoginControlPassword"), wo_Password): Text 'Check123' is set on object 'Object Repository/WebOffice/Page_Checkatrade - Administration - Login/input_Password_LoginControlPassword'

2020-02-04 15:34:53 - [MESSAGE][PASSED] - Text 'Check123' is set on object 'Object Repository/WebOffice/Page_Checkatrade - Administration - Login/input_Password_LoginControlPassword'

2020-02-04 15:34:53 - [TEST_STEP][PASSED] - click(findTestObject("Object Repository/WebOffice/Page_Checkatrade - Administration - Login/Login_Button")): Object: 'Object Repository/WebOffice/Page_Checkatrade - Administration - Login/Login_Button' is clicked on

2020-02-04 15:34:54 - [MESSAGE][PASSED] - Object: 'Object Repository/WebOffice/Page_Checkatrade - Administration - Login/Login_Button' is clicked on

2020-02-04 15:34:54 - [TEST_STEP][PASSED] - waitForPageLoad(60): Wait for page load successfully

2020-02-04 15:34:54 - [MESSAGE][PASSED] - Wait for page load successfully

2020-02-04 15:34:54 - [TEST_STEP][PASSED] - verifyTextPresent("Welcome " + wo_Username, false): Text 'Welcome DavidHo' is present on page 

2020-02-04 15:34:54 - [MESSAGE][PASSED] - Text 'Welcome DavidHo' is present on page 

2020-02-04 15:34:54 - [MESSAGE][PASSED] - Call Test Case 'Test Cases/Reusable_Test_Sequences/Web_Office/Directives/WebOffice_StartUp' successfully

2020-02-04 15:34:54 - [TEST_STEP][PASSED] - "--------------------------------------": null

2020-02-04 15:34:54 - [TEST_STEP][PASSED] - " Home Page - Search                   |": null

2020-02-04 15:34:54 - [TEST_STEP][PASSED] - callTestCase(findTestCase("Reusable_Test_Sequences/Web_Office/Home_Page_Search"), [:], OPTIONAL): Call Test Case 'Test Cases/Reusable_Test_Sequences/Web_Office/Home_Page_Search' successfully

2020-02-04 15:34:54 - [TEST_CASE][PASSED] - Test Cases/Reusable_Test_Sequences/Web_Office/Home_Page_Search: Test Cases/Reusable_Test_Sequences/Web_Office/Home_Page_Search

2020-02-04 15:34:54 - [TEST_STEP][PASSED] - setText(findTestObject("Object Repository/WebOffice_Home_page/input_Search_Criteria"), findTestData("searchTestData").getValue("Search_Selector", row)): Text '07778 777641' is set on object 'Object Repository/WebOffice_Home_page/input_Search_Criteria'

2020-02-04 15:34:54 - [MESSAGE][PASSED] - Text '07778 777641' is set on object 'Object Repository/WebOffice_Home_page/input_Search_Criteria'

2020-02-04 15:34:54 - [TEST_STEP][PASSED] - delay(1): Delayed 1 second(s)

2020-02-04 15:34:55 - [MESSAGE][PASSED] - Delayed 1 second(s)

2020-02-04 15:34:55 - [TEST_STEP][PASSED] - click(findTestObject("Object Repository/WebOffice_Home_page/popout_Search_Item")): Object: 'Object Repository/WebOffice_Home_page/popout_Search_Item' is clicked on

2020-02-04 15:34:57 - [MESSAGE][PASSED] - Object: 'Object Repository/WebOffice_Home_page/popout_Search_Item' is clicked on

2020-02-04 15:34:57 - [TEST_STEP][PASSED] - waitForPageLoad(60): Wait for page load successfully

2020-02-04 15:34:57 - [MESSAGE][PASSED] - Wait for page load successfully

2020-02-04 15:34:57 - [MESSAGE][PASSED] - Call Test Case 'Test Cases/Reusable_Test_Sequences/Web_Office/Home_Page_Search' successfully

2020-02-04 15:34:57 - [TEST_STEP][PASSED] - "--------------------------------------": null

2020-02-04 15:34:57 - [TEST_STEP][PASSED] - " Web Office - Verify Returned Record  |": null

2020-02-04 15:34:57 - [TEST_STEP][PASSED] - callTestCase(findTestCase("Reusable_Test_Sequences/Web_Office/Verification/Trader_Record"), [:], OPTIONAL): Call Test Case 'Test Cases/Reusable_Test_Sequences/Web_Office/Verification/Trader_Record' successfully

2020-02-04 15:34:57 - [TEST_CASE][PASSED] - Test Cases/Reusable_Test_Sequences/Web_Office/Verification/Trader_Record: Test Cases/Reusable_Test_Sequences/Web_Office/Verification/Trader_Record

2020-02-04 15:34:57 - [TEST_STEP][PASSED] - verifyTextPresent(findTestData("searchTestData").getValue("tradeName", row), false, CONTINUE_ON_FAILURE): Text 'Autopics Garage Services' is present on page 

2020-02-04 15:34:58 - [MESSAGE][PASSED] - Text 'Autopics Garage Services' is present on page 

2020-02-04 15:34:58 - [TEST_STEP][PASSED] - verifyTextPresent(findTestData("searchTestData").getValue("primeContact", row), false, CONTINUE_ON_FAILURE): Text 'David Clarke & Lisamarie Holt' is present on page 

2020-02-04 15:34:58 - [MESSAGE][PASSED] - Text 'David Clarke & Lisamarie Holt' is present on page 

2020-02-04 15:34:58 - [TEST_STEP][PASSED] - verifyTextPresent(findTestData("searchTestData").getValue("address", row), false, CONTINUE_ON_FAILURE): Text 'Unit 15, Brookside Business Park, Brookside Avenue, Rustington, West Sussex, BN16 3LP' is present on page 

2020-02-04 15:34:58 - [MESSAGE][PASSED] - Text 'Unit 15, Brookside Business Park, Brookside Avenue, Rustington, West Sussex, BN16 3LP' is present on page 

2020-02-04 15:34:58 - [TEST_STEP][PASSED] - verifyTextPresent(findTestData("searchTestData").getValue("mobile", row), false, CONTINUE_ON_FAILURE): Text '07778 777641' is present on page 

2020-02-04 15:34:59 - [MESSAGE][PASSED] - Text '07778 777641' is present on page 

2020-02-04 15:34:59 - [TEST_STEP][PASSED] - verifyTextPresent(findTestData("searchTestData").getValue("contact", row), false, CONTINUE_ON_FAILURE): Text '01903 856016' is present on page 

2020-02-04 15:34:59 - [MESSAGE][PASSED] - Text '01903 856016' is present on page 

2020-02-04 15:34:59 - [TEST_STEP][PASSED] - verifyTextPresent(findTestData("searchTestData").getValue("email", row), false, CONTINUE_ON_FAILURE): Text 'sales@autopics.co.uk' is present on page 

2020-02-04 15:34:59 - [MESSAGE][PASSED] - Text 'sales@autopics.co.uk' is present on page 

2020-02-04 15:34:59 - [TEST_STEP][PASSED] - verifyTextPresent(findTestData("searchTestData").getValue("dob", row), false, CONTINUE_ON_FAILURE): Text 'DoB: 02/01/1965' is present on page 

2020-02-04 15:34:59 - [MESSAGE][PASSED] - Text 'DoB: 02/01/1965' is present on page 

2020-02-04 15:34:59 - [TEST_STEP][PASSED] - verifyTextPresent(findTestData("searchTestData").getValue("catID", row), false, CONTINUE_ON_FAILURE): Text '230761' is present on page 

2020-02-04 15:35:00 - [MESSAGE][PASSED] - Text '230761' is present on page 

2020-02-04 15:35:00 - [MESSAGE][PASSED] - Call Test Case 'Test Cases/Reusable_Test_Sequences/Web_Office/Verification/Trader_Record' successfully

2020-02-04 15:35:00 - [TEST_STEP][PASSED] - "--------------------------": null

2020-02-04 15:35:00 - [TEST_STEP][PASSED] - " Teardown - CLose Browser |": null

2020-02-04 15:35:00 - [TEST_STEP][PASSED] - callTestCase(findTestCase("Reusable_Test_Sequences/CAT_Teardown"), [:], OPTIONAL): Call Test Case 'Test Cases/Reusable_Test_Sequences/CAT_Teardown' successfully

2020-02-04 15:35:00 - [TEST_CASE][PASSED] - Test Cases/Reusable_Test_Sequences/CAT_Teardown: Test Cases/Reusable_Test_Sequences/CAT_Teardown

2020-02-04 15:35:00 - [TEST_STEP][PASSED] - closeBrowser(): Browser is closed

2020-02-04 15:35:00 - [MESSAGE][PASSED] - Browser is closed

2020-02-04 15:35:00 - [MESSAGE][PASSED] - Call Test Case 'Test Cases/Reusable_Test_Sequences/CAT_Teardown' successfully]]></system-out>
         <system-err><![CDATA[]]></system-err>
      </testcase>
      <system-out><![CDATA[2020-02-04 15:27:23 - [TEST_SUITE][PASSED] - Web_Office_Searches: Test Cases/Web_Office/WebOffice_Header_Search]]></system-out>
      <system-err><![CDATA[]]></system-err>
   </testsuite>
</testsuites>
