<?xml version="1.0" encoding="UTF-8"?>
<testsuites name="Trade_Location_Multiple_Search" time="162.777" tests="1" failures="0" errors="0">
   <testsuite name="Trade_Location_Multiple_Search" tests="1" failures="0" errors="0" time="162.777" timestamp="2019-12-04 08:34:48" hostname="DavidHo - VETTEDSP36RF.check.local" id="Test Suites/Trade_Location_Multiple_Search">
      <properties>
         <property name="deviceName" value=""/>
         <property name="devicePlatform" value=""/>
         <property name="logFolder" value="C:\\Users\\davidho\\Katalon Studio\\Start\\Reports\\20191204_082659\\Trade_Location_Multiple_Search\\20191204_082716"/>
         <property name="logFiles" value="C:\\Users\\davidho\\Katalon Studio\\Start\\Reports\\20191204_082659\\Trade_Location_Multiple_Search\\20191204_082716\\execution0.log"/>
         <property name="attachments" value=""/>
         <property name="hostName" value="DavidHo - VETTEDSP36RF.check.local"/>
         <property name="os" value="Windows 10 32bit"/>
         <property name="katalonVersion" value="7.1.0.1"/>
         <property name="browser" value="Chrome 78.0.3904.108"/>
         <property name="hostAddress" value="10.0.11.243"/>
         <property name="sessionId" value="00152b2586f050f0624ee8ae12993d36"/>
         <property name="seleniumVersion" value="3.141.59"/>
         <property name="proxyInformation" value="ProxyInformation{proxyOption=NO_PROXY, proxyServerType=HTTP, password=, proxyServerAddress=, proxyServerPort=0}"/>
         <property name="platform" value="Windows 10"/>
      </properties>
      <testcase name="Test Cases/Checkatrade_Tradesman_Searches/Trade_Location_Search" time="162.393" classname="Test Cases/Checkatrade_Tradesman_Searches/Trade_Location_Search" status="PASSED">
         <system-out><![CDATA[2019-12-04 08:34:48 - [TEST_CASE][PASSED] - Test Cases/Checkatrade_Tradesman_Searches/Trade_Location_Search: Test Cases/Checkatrade_Tradesman_Searches/Trade_Location_Search

2019-12-04 08:34:49 - [TEST_STEP][PASSED] - for ([row = 1, row <= findTestData("searchTestData").getRowNumbers(), (internal.GlobalVariable.row++)]): Call Test Case 'Test Cases/Reusable_Test_Sequences/CAT_Teardown' successfully

2019-12-04 08:34:50 - [TEST_STEP][PASSED] - callTestCase(findTestCase("Reusable_Test_Sequences/CAT_Setup"), [:], OPTIONAL): Call Test Case 'Test Cases/Reusable_Test_Sequences/CAT_Setup' successfully

2019-12-04 08:34:50 - [TEST_CASE][PASSED] - Test Cases/Reusable_Test_Sequences/CAT_Setup: Test Cases/Reusable_Test_Sequences/CAT_Setup

2019-12-04 08:34:50 - [TEST_STEP][PASSED] - "URL - Set from the ENVIRONMENT PROFILE ": null

2019-12-04 08:34:50 - [TEST_STEP][PASSED] - openBrowser(URL): Browser is opened with url: 'https://www.preview.checkatrade.com/'

2019-12-04 08:34:50 - [MESSAGE][INFO] - Starting 'Chrome' driver

2019-12-04 08:34:50 - [MESSAGE][INFO] - Action delay is set to 0 seconds

2019-12-04 08:35:02 - [MESSAGE][PASSED] - Browser is opened with url: 'https://www.preview.checkatrade.com/'

2019-12-04 08:35:02 - [TEST_STEP][PASSED] - maximizeWindow(): Current window maximized

2019-12-04 08:35:07 - [MESSAGE][PASSED] - Current window maximized

2019-12-04 08:35:07 - [TEST_STEP][PASSED] - waitForPageLoad(60): Wait for page load successfully

2019-12-04 08:35:07 - [MESSAGE][PASSED] - Wait for page load successfully

2019-12-04 08:35:07 - [TEST_STEP][PASSED] - waitForElementVisible(findTestObject("Page_Checkatrade Find a tradesperson you can trust/a_Search"), 25): Object 'Object Repository/Page_Checkatrade Find a tradesperson you can trust/a_Search' is visible

2019-12-04 08:35:07 - [MESSAGE][PASSED] - Object 'Object Repository/Page_Checkatrade Find a tradesperson you can trust/a_Search' is visible

2019-12-04 08:35:07 - [TEST_STEP][PASSED] - try: null

2019-12-04 08:35:07 - [TEST_STEP][PASSED] - if (verifyElementPresent(findTestObject("Page_Checkatrade Find a tradesperson you can trust/div_close"), 1, OPTIONAL)): null

2019-12-04 08:35:07 - [MESSAGE][PASSED] - Object 'Object Repository/Page_Checkatrade Find a tradesperson you can trust/div_close' is present

2019-12-04 08:35:07 - [TEST_STEP][PASSED] - click(findTestObject("Page_Checkatrade Find a tradesperson you can trust/div_close")): Object: 'Object Repository/Page_Checkatrade Find a tradesperson you can trust/div_close' is clicked on

2019-12-04 08:35:08 - [MESSAGE][PASSED] - Object: 'Object Repository/Page_Checkatrade Find a tradesperson you can trust/div_close' is clicked on

2019-12-04 08:35:08 - [TEST_STEP][PASSED] - "---------------------------------": null

2019-12-04 08:35:08 - [TEST_STEP][PASSED] - "COOKIE POPOUT REMOVED - Confirmed": null

2019-12-04 08:35:08 - [TEST_STEP][PASSED] - delay(1): Delayed 1 second(s)

2019-12-04 08:35:09 - [MESSAGE][PASSED] - Delayed 1 second(s)

2019-12-04 08:35:09 - [TEST_STEP][PASSED] - verifyTextNotPresent("Checkatrade.com uses cookies to make sure you get the best browsing experience", false): Text 'Checkatrade.com uses cookies to make sure you get the best browsing experience' is not present on page

2019-12-04 08:35:09 - [MESSAGE][PASSED] - Text 'Checkatrade.com uses cookies to make sure you get the best browsing experience' is not present on page

2019-12-04 08:35:09 - [TEST_STEP][PASSED] - try: null

2019-12-04 08:35:09 - [TEST_STEP][PASSED] - if (verifyElementPresent(findTestObject("Page_Checkatrade Find a tradesperson you can trust/div_close_1"), 1, OPTIONAL)): null

2019-12-04 08:35:10 - [MESSAGE][PASSED] - Object 'Object Repository/Page_Checkatrade Find a tradesperson you can trust/div_close_1' is present

2019-12-04 08:35:10 - [TEST_STEP][PASSED] - click(findTestObject("Page_Checkatrade Find a tradesperson you can trust/div_close_1")): Object: 'Object Repository/Page_Checkatrade Find a tradesperson you can trust/div_close_1' is clicked on

2019-12-04 08:35:11 - [MESSAGE][PASSED] - Object: 'Object Repository/Page_Checkatrade Find a tradesperson you can trust/div_close_1' is clicked on

2019-12-04 08:35:11 - [TEST_STEP][PASSED] - "---------------------------------": null

2019-12-04 08:35:11 - [TEST_STEP][PASSED] - "PRIVACY POPOUT REMOVED - Confirmed": null

2019-12-04 08:35:11 - [TEST_STEP][PASSED] - delay(1): Delayed 1 second(s)

2019-12-04 08:35:12 - [MESSAGE][PASSED] - Delayed 1 second(s)

2019-12-04 08:35:12 - [TEST_STEP][PASSED] - verifyTextNotPresent("We have updated our Privacy Policy, please review this", false): Text 'We have updated our Privacy Policy, please review this' is not present on page

2019-12-04 08:35:12 - [MESSAGE][PASSED] - Text 'We have updated our Privacy Policy, please review this' is not present on page

2019-12-04 08:35:12 - [MESSAGE][PASSED] - Call Test Case 'Test Cases/Reusable_Test_Sequences/CAT_Setup' successfully

2019-12-04 08:35:12 - [TEST_STEP][PASSED] - "---------------------------------------": null

2019-12-04 08:35:12 - [TEST_STEP][PASSED] - " Set and SEARCH TRADE CLASSIFICATION   |": null

2019-12-04 08:35:12 - [TEST_STEP][PASSED] - callTestCase(findTestCase("Reusable_Test_Sequences/CAT_Enter_Trade_Classification"), [:], CONTINUE_ON_FAILURE): Call Test Case 'Test Cases/Reusable_Test_Sequences/CAT_Enter_Trade_Classification' successfully

2019-12-04 08:35:12 - [TEST_CASE][PASSED] - Test Cases/Reusable_Test_Sequences/CAT_Enter_Trade_Classification: Test Cases/Reusable_Test_Sequences/CAT_Enter_Trade_Classification

2019-12-04 08:35:13 - [TEST_STEP][PASSED] - "---------------------------------": null

2019-12-04 08:35:13 - [TEST_STEP][PASSED] - "Set and SEARCH SELECTED TRADE": null

2019-12-04 08:35:13 - [TEST_STEP][PASSED] - click(findTestObject("Object Repository/Checkatrade_Trade_Search_Page/Page_Checkatrade Find a tradesperson you can trust/input_Search_Button_FF")): Object: 'Object Repository/Checkatrade_Trade_Search_Page/Page_Checkatrade Find a tradesperson you can trust/input_Search_Button_FF' is clicked on

2019-12-04 08:35:13 - [MESSAGE][PASSED] - Object: 'Object Repository/Checkatrade_Trade_Search_Page/Page_Checkatrade Find a tradesperson you can trust/input_Search_Button_FF' is clicked on

2019-12-04 08:35:13 - [TEST_STEP][PASSED] - setText(findTestObject("Object Repository/Checkatrade_Trade_Search_Page/Page_Checkatrade Find a tradesperson you can trust/input_Search_Button_FF"), findTestData("searchTestData").getValue("tradeClassification", row)): Text 'Tree Surgeon' is set on object 'Object Repository/Checkatrade_Trade_Search_Page/Page_Checkatrade Find a tradesperson you can trust/input_Search_Button_FF'

2019-12-04 08:35:14 - [MESSAGE][PASSED] - Text 'Tree Surgeon' is set on object 'Object Repository/Checkatrade_Trade_Search_Page/Page_Checkatrade Find a tradesperson you can trust/input_Search_Button_FF'

2019-12-04 08:35:14 - [MESSAGE][PASSED] - Call Test Case 'Test Cases/Reusable_Test_Sequences/CAT_Enter_Trade_Classification' successfully

2019-12-04 08:35:14 - [TEST_STEP][PASSED] - "---------------------------------------": null

2019-12-04 08:35:14 - [TEST_STEP][PASSED] - " Set and SEARCH TRADE LOCATION         |": null

2019-12-04 08:35:14 - [TEST_STEP][PASSED] - callTestCase(findTestCase("Reusable_Test_Sequences/CAT_Enter_Trade_Location"), [:], CONTINUE_ON_FAILURE): Call Test Case 'Test Cases/Reusable_Test_Sequences/CAT_Enter_Trade_Location' successfully

2019-12-04 08:35:14 - [TEST_CASE][PASSED] - Test Cases/Reusable_Test_Sequences/CAT_Enter_Trade_Location: Test Cases/Reusable_Test_Sequences/CAT_Enter_Trade_Location

2019-12-04 08:35:14 - [TEST_STEP][PASSED] - "---------------------------------": null

2019-12-04 08:35:14 - [TEST_STEP][PASSED] - "Set and SEARCH SELECTED LOCATION |": null

2019-12-04 08:35:14 - [TEST_STEP][PASSED] - click(findTestObject("Object Repository/Checkatrade_Trade_Search_Page/Page_Checkatrade Find a tradesperson you can trust/input_Not here_location")): Object: 'Object Repository/Checkatrade_Trade_Search_Page/Page_Checkatrade Find a tradesperson you can trust/input_Not here_location' is clicked on

2019-12-04 08:35:15 - [MESSAGE][PASSED] - Object: 'Object Repository/Checkatrade_Trade_Search_Page/Page_Checkatrade Find a tradesperson you can trust/input_Not here_location' is clicked on

2019-12-04 08:35:15 - [TEST_STEP][PASSED] - setText(findTestObject("Object Repository/Checkatrade_Trade_Search_Page/Page_Checkatrade Find a tradesperson you can trust/input_Not here_location"), findTestData("searchTestData").getValue("tradeLocation", row)): Text 'Gosport' is set on object 'Object Repository/Checkatrade_Trade_Search_Page/Page_Checkatrade Find a tradesperson you can trust/input_Not here_location'

2019-12-04 08:35:15 - [MESSAGE][PASSED] - Text 'Gosport' is set on object 'Object Repository/Checkatrade_Trade_Search_Page/Page_Checkatrade Find a tradesperson you can trust/input_Not here_location'

2019-12-04 08:35:15 - [MESSAGE][PASSED] - Call Test Case 'Test Cases/Reusable_Test_Sequences/CAT_Enter_Trade_Location' successfully

2019-12-04 08:35:15 - [TEST_STEP][PASSED] - "---------------------------------------": null

2019-12-04 08:35:15 - [TEST_STEP][PASSED] - " Scroll Search Button into View        |": null

2019-12-04 08:35:15 - [TEST_STEP][PASSED] - "---------------------------------------": null

2019-12-04 08:35:15 - [TEST_STEP][PASSED] - "---------------------------------------": null

2019-12-04 08:35:15 - [TEST_STEP][PASSED] - " Hit Search Button                     |": null

2019-12-04 08:35:15 - [TEST_STEP][PASSED] - callTestCase(findTestCase("Reusable_Test_Sequences/CAT_Hit_Search_Button"), [:], CONTINUE_ON_FAILURE): Call Test Case 'Test Cases/Reusable_Test_Sequences/CAT_Hit_Search_Button' successfully

2019-12-04 08:35:15 - [TEST_CASE][PASSED] - Test Cases/Reusable_Test_Sequences/CAT_Hit_Search_Button: Test Cases/Reusable_Test_Sequences/CAT_Hit_Search_Button

2019-12-04 08:35:15 - [TEST_STEP][PASSED] - "---------------------------------": null

2019-12-04 08:35:15 - [TEST_STEP][PASSED] - "HIT SEARCH": null

2019-12-04 08:35:15 - [TEST_STEP][PASSED] - "---------------------------------": null

2019-12-04 08:35:15 - [TEST_STEP][PASSED] - waitForElementClickable(findTestObject("Object Repository/Checkatrade_Trade_Search_Page/Page_Checkatrade Find a tradesperson you can trust/a_Search"), 25): Object 'Object Repository/Checkatrade_Trade_Search_Page/Page_Checkatrade Find a tradesperson you can trust/a_Search' is clickable

2019-12-04 08:35:15 - [MESSAGE][PASSED] - Object 'Object Repository/Checkatrade_Trade_Search_Page/Page_Checkatrade Find a tradesperson you can trust/a_Search' is clickable

2019-12-04 08:35:15 - [TEST_STEP][PASSED] - click(findTestObject("Object Repository/Checkatrade_Trade_Search_Page/Page_Checkatrade Find a tradesperson you can trust/a_Search")): Object: 'Object Repository/Checkatrade_Trade_Search_Page/Page_Checkatrade Find a tradesperson you can trust/a_Search' is clicked on

2019-12-04 08:35:18 - [MESSAGE][PASSED] - Object: 'Object Repository/Checkatrade_Trade_Search_Page/Page_Checkatrade Find a tradesperson you can trust/a_Search' is clicked on

2019-12-04 08:35:18 - [MESSAGE][PASSED] - Call Test Case 'Test Cases/Reusable_Test_Sequences/CAT_Hit_Search_Button' successfully

2019-12-04 08:35:18 - [TEST_STEP][PASSED] - "---------------------------------------": null

2019-12-04 08:35:18 - [TEST_STEP][PASSED] - " Verify Returned Page is as Expected   |": null

2019-12-04 08:35:18 - [TEST_STEP][PASSED] - callTestCase(findTestCase("Reusable_Test_Sequences/CAT_Verification"), [:], CONTINUE_ON_FAILURE): Call Test Case 'Test Cases/Reusable_Test_Sequences/CAT_Verification' successfully

2019-12-04 08:35:18 - [TEST_CASE][PASSED] - Test Cases/Reusable_Test_Sequences/CAT_Verification: Test Cases/Reusable_Test_Sequences/CAT_Verification

2019-12-04 08:35:18 - [TEST_STEP][PASSED] - "Expected cantantenated text is Returned": null

2019-12-04 08:35:18 - [TEST_STEP][PASSED] - delay(3): Delayed 3 second(s)

2019-12-04 08:35:21 - [MESSAGE][PASSED] - Delayed 3 second(s)

2019-12-04 08:35:21 - [TEST_STEP][PASSED] - waitForElementVisible(findTestObject("Checkatrade_Trade_Search_page/Page_Checkatrade Find a tradesperson you can trust/a_Search"), 120): Object 'Object Repository/Checkatrade_Trade_Search_page/Page_Checkatrade Find a tradesperson you can trust/a_Search' is visible

2019-12-04 08:35:21 - [MESSAGE][PASSED] - Object 'Object Repository/Checkatrade_Trade_Search_page/Page_Checkatrade Find a tradesperson you can trust/a_Search' is visible

2019-12-04 08:35:21 - [TEST_STEP][PASSED] - verifyTextPresent(findTestData("searchTestData").getValue("tradeClassification", row), false): Text 'Tree Surgeon' is present on page 

2019-12-04 08:35:22 - [MESSAGE][PASSED] - Text 'Tree Surgeon' is present on page 

2019-12-04 08:35:22 - [TEST_STEP][PASSED] - verifyTextPresent(findTestData("searchTestData").getValue("tradeLocation", row), false): Text 'Gosport' is present on page 

2019-12-04 08:35:23 - [MESSAGE][PASSED] - Text 'Gosport' is present on page 

2019-12-04 08:35:23 - [MESSAGE][PASSED] - Call Test Case 'Test Cases/Reusable_Test_Sequences/CAT_Verification' successfully

2019-12-04 08:35:23 - [TEST_STEP][PASSED] - "--------------------------": null

2019-12-04 08:35:23 - [TEST_STEP][PASSED] - " Teardown - CLose Browser |": null

2019-12-04 08:35:23 - [TEST_STEP][PASSED] - callTestCase(findTestCase("Reusable_Test_Sequences/CAT_Teardown"), [:], OPTIONAL): Call Test Case 'Test Cases/Reusable_Test_Sequences/CAT_Teardown' successfully

2019-12-04 08:35:23 - [TEST_CASE][PASSED] - Test Cases/Reusable_Test_Sequences/CAT_Teardown: Test Cases/Reusable_Test_Sequences/CAT_Teardown

2019-12-04 08:35:23 - [TEST_STEP][PASSED] - closeBrowser(): Browser is closed

2019-12-04 08:35:25 - [MESSAGE][PASSED] - Browser is closed

2019-12-04 08:35:25 - [MESSAGE][PASSED] - Call Test Case 'Test Cases/Reusable_Test_Sequences/CAT_Teardown' successfully

2019-12-04 08:35:25 - [TEST_STEP][PASSED] - callTestCase(findTestCase("Reusable_Test_Sequences/CAT_Setup"), [:], OPTIONAL): Call Test Case 'Test Cases/Reusable_Test_Sequences/CAT_Setup' successfully

2019-12-04 08:35:25 - [TEST_CASE][PASSED] - Test Cases/Reusable_Test_Sequences/CAT_Setup: Test Cases/Reusable_Test_Sequences/CAT_Setup

2019-12-04 08:35:25 - [TEST_STEP][PASSED] - "URL - Set from the ENVIRONMENT PROFILE ": null

2019-12-04 08:35:25 - [TEST_STEP][PASSED] - openBrowser(URL): Browser is opened with url: 'https://www.preview.checkatrade.com/'

2019-12-04 08:35:25 - [MESSAGE][INFO] - Starting 'Chrome' driver

2019-12-04 08:35:39 - [MESSAGE][PASSED] - Browser is opened with url: 'https://www.preview.checkatrade.com/'

2019-12-04 08:35:39 - [TEST_STEP][PASSED] - maximizeWindow(): Current window maximized

2019-12-04 08:35:43 - [MESSAGE][PASSED] - Current window maximized

2019-12-04 08:35:43 - [TEST_STEP][PASSED] - waitForPageLoad(60): Wait for page load successfully

2019-12-04 08:35:43 - [MESSAGE][PASSED] - Wait for page load successfully

2019-12-04 08:35:43 - [TEST_STEP][PASSED] - waitForElementVisible(findTestObject("Page_Checkatrade Find a tradesperson you can trust/a_Search"), 25): Object 'Object Repository/Page_Checkatrade Find a tradesperson you can trust/a_Search' is visible

2019-12-04 08:35:44 - [MESSAGE][PASSED] - Object 'Object Repository/Page_Checkatrade Find a tradesperson you can trust/a_Search' is visible

2019-12-04 08:35:44 - [TEST_STEP][PASSED] - try: null

2019-12-04 08:35:44 - [TEST_STEP][PASSED] - if (verifyElementPresent(findTestObject("Page_Checkatrade Find a tradesperson you can trust/div_close"), 1, OPTIONAL)): null

2019-12-04 08:35:44 - [MESSAGE][PASSED] - Object 'Object Repository/Page_Checkatrade Find a tradesperson you can trust/div_close' is present

2019-12-04 08:35:44 - [TEST_STEP][PASSED] - click(findTestObject("Page_Checkatrade Find a tradesperson you can trust/div_close")): Object: 'Object Repository/Page_Checkatrade Find a tradesperson you can trust/div_close' is clicked on

2019-12-04 08:35:44 - [MESSAGE][PASSED] - Object: 'Object Repository/Page_Checkatrade Find a tradesperson you can trust/div_close' is clicked on

2019-12-04 08:35:44 - [TEST_STEP][PASSED] - "---------------------------------": null

2019-12-04 08:35:44 - [TEST_STEP][PASSED] - "COOKIE POPOUT REMOVED - Confirmed": null

2019-12-04 08:35:44 - [TEST_STEP][PASSED] - delay(1): Delayed 1 second(s)

2019-12-04 08:35:45 - [MESSAGE][PASSED] - Delayed 1 second(s)

2019-12-04 08:35:45 - [TEST_STEP][PASSED] - verifyTextNotPresent("Checkatrade.com uses cookies to make sure you get the best browsing experience", false): Text 'Checkatrade.com uses cookies to make sure you get the best browsing experience' is not present on page

2019-12-04 08:35:45 - [MESSAGE][PASSED] - Text 'Checkatrade.com uses cookies to make sure you get the best browsing experience' is not present on page

2019-12-04 08:35:45 - [TEST_STEP][PASSED] - try: null

2019-12-04 08:35:45 - [TEST_STEP][PASSED] - if (verifyElementPresent(findTestObject("Page_Checkatrade Find a tradesperson you can trust/div_close_1"), 1, OPTIONAL)): null

2019-12-04 08:35:45 - [MESSAGE][PASSED] - Object 'Object Repository/Page_Checkatrade Find a tradesperson you can trust/div_close_1' is present

2019-12-04 08:35:45 - [TEST_STEP][PASSED] - click(findTestObject("Page_Checkatrade Find a tradesperson you can trust/div_close_1")): Object: 'Object Repository/Page_Checkatrade Find a tradesperson you can trust/div_close_1' is clicked on

2019-12-04 08:35:45 - [MESSAGE][PASSED] - Object: 'Object Repository/Page_Checkatrade Find a tradesperson you can trust/div_close_1' is clicked on

2019-12-04 08:35:45 - [TEST_STEP][PASSED] - "---------------------------------": null

2019-12-04 08:35:45 - [TEST_STEP][PASSED] - "PRIVACY POPOUT REMOVED - Confirmed": null

2019-12-04 08:35:45 - [TEST_STEP][PASSED] - delay(1): Delayed 1 second(s)

2019-12-04 08:35:46 - [MESSAGE][PASSED] - Delayed 1 second(s)

2019-12-04 08:35:46 - [TEST_STEP][PASSED] - verifyTextNotPresent("We have updated our Privacy Policy, please review this", false): Text 'We have updated our Privacy Policy, please review this' is not present on page

2019-12-04 08:35:46 - [MESSAGE][PASSED] - Text 'We have updated our Privacy Policy, please review this' is not present on page

2019-12-04 08:35:46 - [MESSAGE][PASSED] - Call Test Case 'Test Cases/Reusable_Test_Sequences/CAT_Setup' successfully

2019-12-04 08:35:46 - [TEST_STEP][PASSED] - "---------------------------------------": null

2019-12-04 08:35:46 - [TEST_STEP][PASSED] - " Set and SEARCH TRADE CLASSIFICATION   |": null

2019-12-04 08:35:46 - [TEST_STEP][PASSED] - callTestCase(findTestCase("Reusable_Test_Sequences/CAT_Enter_Trade_Classification"), [:], CONTINUE_ON_FAILURE): Call Test Case 'Test Cases/Reusable_Test_Sequences/CAT_Enter_Trade_Classification' successfully

2019-12-04 08:35:46 - [TEST_CASE][PASSED] - Test Cases/Reusable_Test_Sequences/CAT_Enter_Trade_Classification: Test Cases/Reusable_Test_Sequences/CAT_Enter_Trade_Classification

2019-12-04 08:35:46 - [TEST_STEP][PASSED] - "---------------------------------": null

2019-12-04 08:35:46 - [TEST_STEP][PASSED] - "Set and SEARCH SELECTED TRADE": null

2019-12-04 08:35:46 - [TEST_STEP][PASSED] - click(findTestObject("Object Repository/Checkatrade_Trade_Search_Page/Page_Checkatrade Find a tradesperson you can trust/input_Search_Button_FF")): Object: 'Object Repository/Checkatrade_Trade_Search_Page/Page_Checkatrade Find a tradesperson you can trust/input_Search_Button_FF' is clicked on

2019-12-04 08:35:47 - [MESSAGE][PASSED] - Object: 'Object Repository/Checkatrade_Trade_Search_Page/Page_Checkatrade Find a tradesperson you can trust/input_Search_Button_FF' is clicked on

2019-12-04 08:35:47 - [TEST_STEP][PASSED] - setText(findTestObject("Object Repository/Checkatrade_Trade_Search_Page/Page_Checkatrade Find a tradesperson you can trust/input_Search_Button_FF"), findTestData("searchTestData").getValue("tradeClassification", row)): Text 'Tree Surgeon' is set on object 'Object Repository/Checkatrade_Trade_Search_Page/Page_Checkatrade Find a tradesperson you can trust/input_Search_Button_FF'

2019-12-04 08:35:47 - [MESSAGE][PASSED] - Text 'Tree Surgeon' is set on object 'Object Repository/Checkatrade_Trade_Search_Page/Page_Checkatrade Find a tradesperson you can trust/input_Search_Button_FF'

2019-12-04 08:35:47 - [MESSAGE][PASSED] - Call Test Case 'Test Cases/Reusable_Test_Sequences/CAT_Enter_Trade_Classification' successfully

2019-12-04 08:35:47 - [TEST_STEP][PASSED] - "---------------------------------------": null

2019-12-04 08:35:47 - [TEST_STEP][PASSED] - " Set and SEARCH TRADE LOCATION         |": null

2019-12-04 08:35:47 - [TEST_STEP][PASSED] - callTestCase(findTestCase("Reusable_Test_Sequences/CAT_Enter_Trade_Location"), [:], CONTINUE_ON_FAILURE): Call Test Case 'Test Cases/Reusable_Test_Sequences/CAT_Enter_Trade_Location' successfully

2019-12-04 08:35:47 - [TEST_CASE][PASSED] - Test Cases/Reusable_Test_Sequences/CAT_Enter_Trade_Location: Test Cases/Reusable_Test_Sequences/CAT_Enter_Trade_Location

2019-12-04 08:35:47 - [TEST_STEP][PASSED] - "---------------------------------": null

2019-12-04 08:35:47 - [TEST_STEP][PASSED] - "Set and SEARCH SELECTED LOCATION |": null

2019-12-04 08:35:47 - [TEST_STEP][PASSED] - click(findTestObject("Object Repository/Checkatrade_Trade_Search_Page/Page_Checkatrade Find a tradesperson you can trust/input_Not here_location")): Object: 'Object Repository/Checkatrade_Trade_Search_Page/Page_Checkatrade Find a tradesperson you can trust/input_Not here_location' is clicked on

2019-12-04 08:35:48 - [MESSAGE][PASSED] - Object: 'Object Repository/Checkatrade_Trade_Search_Page/Page_Checkatrade Find a tradesperson you can trust/input_Not here_location' is clicked on

2019-12-04 08:35:48 - [TEST_STEP][PASSED] - setText(findTestObject("Object Repository/Checkatrade_Trade_Search_Page/Page_Checkatrade Find a tradesperson you can trust/input_Not here_location"), findTestData("searchTestData").getValue("tradeLocation", row)): Text 'PO12 2HE' is set on object 'Object Repository/Checkatrade_Trade_Search_Page/Page_Checkatrade Find a tradesperson you can trust/input_Not here_location'

2019-12-04 08:35:48 - [MESSAGE][PASSED] - Text 'PO12 2HE' is set on object 'Object Repository/Checkatrade_Trade_Search_Page/Page_Checkatrade Find a tradesperson you can trust/input_Not here_location'

2019-12-04 08:35:48 - [MESSAGE][PASSED] - Call Test Case 'Test Cases/Reusable_Test_Sequences/CAT_Enter_Trade_Location' successfully

2019-12-04 08:35:48 - [TEST_STEP][PASSED] - "---------------------------------------": null

2019-12-04 08:35:48 - [TEST_STEP][PASSED] - " Scroll Search Button into View        |": null

2019-12-04 08:35:48 - [TEST_STEP][PASSED] - "---------------------------------------": null

2019-12-04 08:35:48 - [TEST_STEP][PASSED] - "---------------------------------------": null

2019-12-04 08:35:48 - [TEST_STEP][PASSED] - " Hit Search Button                     |": null

2019-12-04 08:35:48 - [TEST_STEP][PASSED] - callTestCase(findTestCase("Reusable_Test_Sequences/CAT_Hit_Search_Button"), [:], CONTINUE_ON_FAILURE): Call Test Case 'Test Cases/Reusable_Test_Sequences/CAT_Hit_Search_Button' successfully

2019-12-04 08:35:48 - [TEST_CASE][PASSED] - Test Cases/Reusable_Test_Sequences/CAT_Hit_Search_Button: Test Cases/Reusable_Test_Sequences/CAT_Hit_Search_Button

2019-12-04 08:35:48 - [TEST_STEP][PASSED] - "---------------------------------": null

2019-12-04 08:35:48 - [TEST_STEP][PASSED] - "HIT SEARCH": null

2019-12-04 08:35:48 - [TEST_STEP][PASSED] - "---------------------------------": null

2019-12-04 08:35:48 - [TEST_STEP][PASSED] - waitForElementClickable(findTestObject("Object Repository/Checkatrade_Trade_Search_Page/Page_Checkatrade Find a tradesperson you can trust/a_Search"), 25): Object 'Object Repository/Checkatrade_Trade_Search_Page/Page_Checkatrade Find a tradesperson you can trust/a_Search' is clickable

2019-12-04 08:35:48 - [MESSAGE][PASSED] - Object 'Object Repository/Checkatrade_Trade_Search_Page/Page_Checkatrade Find a tradesperson you can trust/a_Search' is clickable

2019-12-04 08:35:48 - [TEST_STEP][PASSED] - click(findTestObject("Object Repository/Checkatrade_Trade_Search_Page/Page_Checkatrade Find a tradesperson you can trust/a_Search")): Object: 'Object Repository/Checkatrade_Trade_Search_Page/Page_Checkatrade Find a tradesperson you can trust/a_Search' is clicked on

2019-12-04 08:35:53 - [MESSAGE][PASSED] - Object: 'Object Repository/Checkatrade_Trade_Search_Page/Page_Checkatrade Find a tradesperson you can trust/a_Search' is clicked on

2019-12-04 08:35:53 - [MESSAGE][PASSED] - Call Test Case 'Test Cases/Reusable_Test_Sequences/CAT_Hit_Search_Button' successfully

2019-12-04 08:35:53 - [TEST_STEP][PASSED] - "---------------------------------------": null

2019-12-04 08:35:53 - [TEST_STEP][PASSED] - " Verify Returned Page is as Expected   |": null

2019-12-04 08:35:53 - [TEST_STEP][PASSED] - callTestCase(findTestCase("Reusable_Test_Sequences/CAT_Verification"), [:], CONTINUE_ON_FAILURE): Call Test Case 'Test Cases/Reusable_Test_Sequences/CAT_Verification' successfully

2019-12-04 08:35:53 - [TEST_CASE][PASSED] - Test Cases/Reusable_Test_Sequences/CAT_Verification: Test Cases/Reusable_Test_Sequences/CAT_Verification

2019-12-04 08:35:53 - [TEST_STEP][PASSED] - "Expected cantantenated text is Returned": null

2019-12-04 08:35:53 - [TEST_STEP][PASSED] - delay(3): Delayed 3 second(s)

2019-12-04 08:35:56 - [MESSAGE][PASSED] - Delayed 3 second(s)

2019-12-04 08:35:56 - [TEST_STEP][PASSED] - waitForElementVisible(findTestObject("Checkatrade_Trade_Search_page/Page_Checkatrade Find a tradesperson you can trust/a_Search"), 120): Object 'Object Repository/Checkatrade_Trade_Search_page/Page_Checkatrade Find a tradesperson you can trust/a_Search' is visible

2019-12-04 08:35:56 - [MESSAGE][PASSED] - Object 'Object Repository/Checkatrade_Trade_Search_page/Page_Checkatrade Find a tradesperson you can trust/a_Search' is visible

2019-12-04 08:35:56 - [TEST_STEP][PASSED] - verifyTextPresent(findTestData("searchTestData").getValue("tradeClassification", row), false): Text 'Tree Surgeon' is present on page 

2019-12-04 08:35:57 - [MESSAGE][PASSED] - Text 'Tree Surgeon' is present on page 

2019-12-04 08:35:57 - [TEST_STEP][PASSED] - verifyTextPresent(findTestData("searchTestData").getValue("tradeLocation", row), false): Text 'PO12 2HE' is present on page 

2019-12-04 08:35:58 - [MESSAGE][PASSED] - Text 'PO12 2HE' is present on page 

2019-12-04 08:35:58 - [MESSAGE][PASSED] - Call Test Case 'Test Cases/Reusable_Test_Sequences/CAT_Verification' successfully

2019-12-04 08:35:58 - [TEST_STEP][PASSED] - "--------------------------": null

2019-12-04 08:35:58 - [TEST_STEP][PASSED] - " Teardown - CLose Browser |": null

2019-12-04 08:35:58 - [TEST_STEP][PASSED] - callTestCase(findTestCase("Reusable_Test_Sequences/CAT_Teardown"), [:], OPTIONAL): Call Test Case 'Test Cases/Reusable_Test_Sequences/CAT_Teardown' successfully

2019-12-04 08:35:58 - [TEST_CASE][PASSED] - Test Cases/Reusable_Test_Sequences/CAT_Teardown: Test Cases/Reusable_Test_Sequences/CAT_Teardown

2019-12-04 08:35:58 - [TEST_STEP][PASSED] - closeBrowser(): Browser is closed

2019-12-04 08:35:59 - [MESSAGE][PASSED] - Browser is closed

2019-12-04 08:35:59 - [MESSAGE][PASSED] - Call Test Case 'Test Cases/Reusable_Test_Sequences/CAT_Teardown' successfully

2019-12-04 08:35:59 - [TEST_STEP][PASSED] - callTestCase(findTestCase("Reusable_Test_Sequences/CAT_Setup"), [:], OPTIONAL): Call Test Case 'Test Cases/Reusable_Test_Sequences/CAT_Setup' successfully

2019-12-04 08:35:59 - [TEST_CASE][PASSED] - Test Cases/Reusable_Test_Sequences/CAT_Setup: Test Cases/Reusable_Test_Sequences/CAT_Setup

2019-12-04 08:35:59 - [TEST_STEP][PASSED] - "URL - Set from the ENVIRONMENT PROFILE ": null

2019-12-04 08:35:59 - [TEST_STEP][PASSED] - openBrowser(URL): Browser is opened with url: 'https://www.preview.checkatrade.com/'

2019-12-04 08:35:59 - [MESSAGE][INFO] - Starting 'Chrome' driver

2019-12-04 08:36:09 - [MESSAGE][PASSED] - Browser is opened with url: 'https://www.preview.checkatrade.com/'

2019-12-04 08:36:09 - [TEST_STEP][PASSED] - maximizeWindow(): Current window maximized

2019-12-04 08:36:14 - [MESSAGE][PASSED] - Current window maximized

2019-12-04 08:36:14 - [TEST_STEP][PASSED] - waitForPageLoad(60): Wait for page load successfully

2019-12-04 08:36:14 - [MESSAGE][PASSED] - Wait for page load successfully

2019-12-04 08:36:14 - [TEST_STEP][PASSED] - waitForElementVisible(findTestObject("Page_Checkatrade Find a tradesperson you can trust/a_Search"), 25): Object 'Object Repository/Page_Checkatrade Find a tradesperson you can trust/a_Search' is visible

2019-12-04 08:36:15 - [MESSAGE][PASSED] - Object 'Object Repository/Page_Checkatrade Find a tradesperson you can trust/a_Search' is visible

2019-12-04 08:36:15 - [TEST_STEP][PASSED] - try: null

2019-12-04 08:36:15 - [TEST_STEP][PASSED] - if (verifyElementPresent(findTestObject("Page_Checkatrade Find a tradesperson you can trust/div_close"), 1, OPTIONAL)): null

2019-12-04 08:36:15 - [MESSAGE][PASSED] - Object 'Object Repository/Page_Checkatrade Find a tradesperson you can trust/div_close' is present

2019-12-04 08:36:15 - [TEST_STEP][PASSED] - click(findTestObject("Page_Checkatrade Find a tradesperson you can trust/div_close")): Object: 'Object Repository/Page_Checkatrade Find a tradesperson you can trust/div_close' is clicked on

2019-12-04 08:36:15 - [MESSAGE][PASSED] - Object: 'Object Repository/Page_Checkatrade Find a tradesperson you can trust/div_close' is clicked on

2019-12-04 08:36:15 - [TEST_STEP][PASSED] - "---------------------------------": null

2019-12-04 08:36:15 - [TEST_STEP][PASSED] - "COOKIE POPOUT REMOVED - Confirmed": null

2019-12-04 08:36:15 - [TEST_STEP][PASSED] - delay(1): Delayed 1 second(s)

2019-12-04 08:36:16 - [MESSAGE][PASSED] - Delayed 1 second(s)

2019-12-04 08:36:16 - [TEST_STEP][PASSED] - verifyTextNotPresent("Checkatrade.com uses cookies to make sure you get the best browsing experience", false): Text 'Checkatrade.com uses cookies to make sure you get the best browsing experience' is not present on page

2019-12-04 08:36:17 - [MESSAGE][PASSED] - Text 'Checkatrade.com uses cookies to make sure you get the best browsing experience' is not present on page

2019-12-04 08:36:17 - [TEST_STEP][PASSED] - try: null

2019-12-04 08:36:17 - [TEST_STEP][PASSED] - if (verifyElementPresent(findTestObject("Page_Checkatrade Find a tradesperson you can trust/div_close_1"), 1, OPTIONAL)): null

2019-12-04 08:36:17 - [MESSAGE][PASSED] - Object 'Object Repository/Page_Checkatrade Find a tradesperson you can trust/div_close_1' is present

2019-12-04 08:36:17 - [TEST_STEP][PASSED] - click(findTestObject("Page_Checkatrade Find a tradesperson you can trust/div_close_1")): Object: 'Object Repository/Page_Checkatrade Find a tradesperson you can trust/div_close_1' is clicked on

2019-12-04 08:36:17 - [MESSAGE][PASSED] - Object: 'Object Repository/Page_Checkatrade Find a tradesperson you can trust/div_close_1' is clicked on

2019-12-04 08:36:17 - [TEST_STEP][PASSED] - "---------------------------------": null

2019-12-04 08:36:17 - [TEST_STEP][PASSED] - "PRIVACY POPOUT REMOVED - Confirmed": null

2019-12-04 08:36:17 - [TEST_STEP][PASSED] - delay(1): Delayed 1 second(s)

2019-12-04 08:36:18 - [MESSAGE][PASSED] - Delayed 1 second(s)

2019-12-04 08:36:18 - [TEST_STEP][PASSED] - verifyTextNotPresent("We have updated our Privacy Policy, please review this", false): Text 'We have updated our Privacy Policy, please review this' is not present on page

2019-12-04 08:36:18 - [MESSAGE][PASSED] - Text 'We have updated our Privacy Policy, please review this' is not present on page

2019-12-04 08:36:18 - [MESSAGE][PASSED] - Call Test Case 'Test Cases/Reusable_Test_Sequences/CAT_Setup' successfully

2019-12-04 08:36:18 - [TEST_STEP][PASSED] - "---------------------------------------": null

2019-12-04 08:36:18 - [TEST_STEP][PASSED] - " Set and SEARCH TRADE CLASSIFICATION   |": null

2019-12-04 08:36:18 - [TEST_STEP][PASSED] - callTestCase(findTestCase("Reusable_Test_Sequences/CAT_Enter_Trade_Classification"), [:], CONTINUE_ON_FAILURE): Call Test Case 'Test Cases/Reusable_Test_Sequences/CAT_Enter_Trade_Classification' successfully

2019-12-04 08:36:18 - [TEST_CASE][PASSED] - Test Cases/Reusable_Test_Sequences/CAT_Enter_Trade_Classification: Test Cases/Reusable_Test_Sequences/CAT_Enter_Trade_Classification

2019-12-04 08:36:18 - [TEST_STEP][PASSED] - "---------------------------------": null

2019-12-04 08:36:18 - [TEST_STEP][PASSED] - "Set and SEARCH SELECTED TRADE": null

2019-12-04 08:36:18 - [TEST_STEP][PASSED] - click(findTestObject("Object Repository/Checkatrade_Trade_Search_Page/Page_Checkatrade Find a tradesperson you can trust/input_Search_Button_FF")): Object: 'Object Repository/Checkatrade_Trade_Search_Page/Page_Checkatrade Find a tradesperson you can trust/input_Search_Button_FF' is clicked on

2019-12-04 08:36:19 - [MESSAGE][PASSED] - Object: 'Object Repository/Checkatrade_Trade_Search_Page/Page_Checkatrade Find a tradesperson you can trust/input_Search_Button_FF' is clicked on

2019-12-04 08:36:19 - [TEST_STEP][PASSED] - setText(findTestObject("Object Repository/Checkatrade_Trade_Search_Page/Page_Checkatrade Find a tradesperson you can trust/input_Search_Button_FF"), findTestData("searchTestData").getValue("tradeClassification", row)): Text 'Electrician' is set on object 'Object Repository/Checkatrade_Trade_Search_Page/Page_Checkatrade Find a tradesperson you can trust/input_Search_Button_FF'

2019-12-04 08:36:20 - [MESSAGE][PASSED] - Text 'Electrician' is set on object 'Object Repository/Checkatrade_Trade_Search_Page/Page_Checkatrade Find a tradesperson you can trust/input_Search_Button_FF'

2019-12-04 08:36:20 - [MESSAGE][PASSED] - Call Test Case 'Test Cases/Reusable_Test_Sequences/CAT_Enter_Trade_Classification' successfully

2019-12-04 08:36:20 - [TEST_STEP][PASSED] - "---------------------------------------": null

2019-12-04 08:36:20 - [TEST_STEP][PASSED] - " Set and SEARCH TRADE LOCATION         |": null

2019-12-04 08:36:20 - [TEST_STEP][PASSED] - callTestCase(findTestCase("Reusable_Test_Sequences/CAT_Enter_Trade_Location"), [:], CONTINUE_ON_FAILURE): Call Test Case 'Test Cases/Reusable_Test_Sequences/CAT_Enter_Trade_Location' successfully

2019-12-04 08:36:20 - [TEST_CASE][PASSED] - Test Cases/Reusable_Test_Sequences/CAT_Enter_Trade_Location: Test Cases/Reusable_Test_Sequences/CAT_Enter_Trade_Location

2019-12-04 08:36:20 - [TEST_STEP][PASSED] - "---------------------------------": null

2019-12-04 08:36:20 - [TEST_STEP][PASSED] - "Set and SEARCH SELECTED LOCATION |": null

2019-12-04 08:36:20 - [TEST_STEP][PASSED] - click(findTestObject("Object Repository/Checkatrade_Trade_Search_Page/Page_Checkatrade Find a tradesperson you can trust/input_Not here_location")): Object: 'Object Repository/Checkatrade_Trade_Search_Page/Page_Checkatrade Find a tradesperson you can trust/input_Not here_location' is clicked on

2019-12-04 08:36:20 - [MESSAGE][PASSED] - Object: 'Object Repository/Checkatrade_Trade_Search_Page/Page_Checkatrade Find a tradesperson you can trust/input_Not here_location' is clicked on

2019-12-04 08:36:20 - [TEST_STEP][PASSED] - setText(findTestObject("Object Repository/Checkatrade_Trade_Search_Page/Page_Checkatrade Find a tradesperson you can trust/input_Not here_location"), findTestData("searchTestData").getValue("tradeLocation", row)): Text 'Orkney' is set on object 'Object Repository/Checkatrade_Trade_Search_Page/Page_Checkatrade Find a tradesperson you can trust/input_Not here_location'

2019-12-04 08:36:20 - [MESSAGE][PASSED] - Text 'Orkney' is set on object 'Object Repository/Checkatrade_Trade_Search_Page/Page_Checkatrade Find a tradesperson you can trust/input_Not here_location'

2019-12-04 08:36:20 - [MESSAGE][PASSED] - Call Test Case 'Test Cases/Reusable_Test_Sequences/CAT_Enter_Trade_Location' successfully

2019-12-04 08:36:20 - [TEST_STEP][PASSED] - "---------------------------------------": null

2019-12-04 08:36:20 - [TEST_STEP][PASSED] - " Scroll Search Button into View        |": null

2019-12-04 08:36:20 - [TEST_STEP][PASSED] - "---------------------------------------": null

2019-12-04 08:36:20 - [TEST_STEP][PASSED] - "---------------------------------------": null

2019-12-04 08:36:20 - [TEST_STEP][PASSED] - " Hit Search Button                     |": null

2019-12-04 08:36:20 - [TEST_STEP][PASSED] - callTestCase(findTestCase("Reusable_Test_Sequences/CAT_Hit_Search_Button"), [:], CONTINUE_ON_FAILURE): Call Test Case 'Test Cases/Reusable_Test_Sequences/CAT_Hit_Search_Button' successfully

2019-12-04 08:36:20 - [TEST_CASE][PASSED] - Test Cases/Reusable_Test_Sequences/CAT_Hit_Search_Button: Test Cases/Reusable_Test_Sequences/CAT_Hit_Search_Button

2019-12-04 08:36:20 - [TEST_STEP][PASSED] - "---------------------------------": null

2019-12-04 08:36:20 - [TEST_STEP][PASSED] - "HIT SEARCH": null

2019-12-04 08:36:20 - [TEST_STEP][PASSED] - "---------------------------------": null

2019-12-04 08:36:20 - [TEST_STEP][PASSED] - waitForElementClickable(findTestObject("Object Repository/Checkatrade_Trade_Search_Page/Page_Checkatrade Find a tradesperson you can trust/a_Search"), 25): Object 'Object Repository/Checkatrade_Trade_Search_Page/Page_Checkatrade Find a tradesperson you can trust/a_Search' is clickable

2019-12-04 08:36:20 - [MESSAGE][PASSED] - Object 'Object Repository/Checkatrade_Trade_Search_Page/Page_Checkatrade Find a tradesperson you can trust/a_Search' is clickable

2019-12-04 08:36:20 - [TEST_STEP][PASSED] - click(findTestObject("Object Repository/Checkatrade_Trade_Search_Page/Page_Checkatrade Find a tradesperson you can trust/a_Search")): Object: 'Object Repository/Checkatrade_Trade_Search_Page/Page_Checkatrade Find a tradesperson you can trust/a_Search' is clicked on

2019-12-04 08:36:24 - [MESSAGE][PASSED] - Object: 'Object Repository/Checkatrade_Trade_Search_Page/Page_Checkatrade Find a tradesperson you can trust/a_Search' is clicked on

2019-12-04 08:36:24 - [MESSAGE][PASSED] - Call Test Case 'Test Cases/Reusable_Test_Sequences/CAT_Hit_Search_Button' successfully

2019-12-04 08:36:24 - [TEST_STEP][PASSED] - "---------------------------------------": null

2019-12-04 08:36:24 - [TEST_STEP][PASSED] - " Verify Returned Page is as Expected   |": null

2019-12-04 08:36:24 - [TEST_STEP][PASSED] - callTestCase(findTestCase("Reusable_Test_Sequences/CAT_Verification"), [:], CONTINUE_ON_FAILURE): Call Test Case 'Test Cases/Reusable_Test_Sequences/CAT_Verification' successfully

2019-12-04 08:36:24 - [TEST_CASE][PASSED] - Test Cases/Reusable_Test_Sequences/CAT_Verification: Test Cases/Reusable_Test_Sequences/CAT_Verification

2019-12-04 08:36:24 - [TEST_STEP][PASSED] - "Expected cantantenated text is Returned": null

2019-12-04 08:36:24 - [TEST_STEP][PASSED] - delay(3): Delayed 3 second(s)

2019-12-04 08:36:27 - [MESSAGE][PASSED] - Delayed 3 second(s)

2019-12-04 08:36:27 - [TEST_STEP][PASSED] - waitForElementVisible(findTestObject("Checkatrade_Trade_Search_page/Page_Checkatrade Find a tradesperson you can trust/a_Search"), 120): Object 'Object Repository/Checkatrade_Trade_Search_page/Page_Checkatrade Find a tradesperson you can trust/a_Search' is visible

2019-12-04 08:36:27 - [MESSAGE][PASSED] - Object 'Object Repository/Checkatrade_Trade_Search_page/Page_Checkatrade Find a tradesperson you can trust/a_Search' is visible

2019-12-04 08:36:27 - [TEST_STEP][PASSED] - verifyTextPresent(findTestData("searchTestData").getValue("tradeClassification", row), false): Text 'Electrician' is present on page 

2019-12-04 08:36:27 - [MESSAGE][PASSED] - Text 'Electrician' is present on page 

2019-12-04 08:36:27 - [TEST_STEP][PASSED] - verifyTextPresent(findTestData("searchTestData").getValue("tradeLocation", row), false): Text 'Orkney' is present on page 

2019-12-04 08:36:27 - [MESSAGE][PASSED] - Text 'Orkney' is present on page 

2019-12-04 08:36:27 - [MESSAGE][PASSED] - Call Test Case 'Test Cases/Reusable_Test_Sequences/CAT_Verification' successfully

2019-12-04 08:36:27 - [TEST_STEP][PASSED] - "--------------------------": null

2019-12-04 08:36:27 - [TEST_STEP][PASSED] - " Teardown - CLose Browser |": null

2019-12-04 08:36:27 - [TEST_STEP][PASSED] - callTestCase(findTestCase("Reusable_Test_Sequences/CAT_Teardown"), [:], OPTIONAL): Call Test Case 'Test Cases/Reusable_Test_Sequences/CAT_Teardown' successfully

2019-12-04 08:36:27 - [TEST_CASE][PASSED] - Test Cases/Reusable_Test_Sequences/CAT_Teardown: Test Cases/Reusable_Test_Sequences/CAT_Teardown

2019-12-04 08:36:27 - [TEST_STEP][PASSED] - closeBrowser(): Browser is closed

2019-12-04 08:36:28 - [MESSAGE][PASSED] - Browser is closed

2019-12-04 08:36:28 - [MESSAGE][PASSED] - Call Test Case 'Test Cases/Reusable_Test_Sequences/CAT_Teardown' successfully

2019-12-04 08:36:28 - [TEST_STEP][PASSED] - callTestCase(findTestCase("Reusable_Test_Sequences/CAT_Setup"), [:], OPTIONAL): Call Test Case 'Test Cases/Reusable_Test_Sequences/CAT_Setup' successfully

2019-12-04 08:36:28 - [TEST_CASE][PASSED] - Test Cases/Reusable_Test_Sequences/CAT_Setup: Test Cases/Reusable_Test_Sequences/CAT_Setup

2019-12-04 08:36:28 - [TEST_STEP][PASSED] - "URL - Set from the ENVIRONMENT PROFILE ": null

2019-12-04 08:36:28 - [TEST_STEP][PASSED] - openBrowser(URL): Browser is opened with url: 'https://www.preview.checkatrade.com/'

2019-12-04 08:36:28 - [MESSAGE][INFO] - Starting 'Chrome' driver

2019-12-04 08:36:40 - [MESSAGE][PASSED] - Browser is opened with url: 'https://www.preview.checkatrade.com/'

2019-12-04 08:36:40 - [TEST_STEP][PASSED] - maximizeWindow(): Current window maximized

2019-12-04 08:36:44 - [MESSAGE][PASSED] - Current window maximized

2019-12-04 08:36:44 - [TEST_STEP][PASSED] - waitForPageLoad(60): Wait for page load successfully

2019-12-04 08:36:44 - [MESSAGE][PASSED] - Wait for page load successfully

2019-12-04 08:36:44 - [TEST_STEP][PASSED] - waitForElementVisible(findTestObject("Page_Checkatrade Find a tradesperson you can trust/a_Search"), 25): Object 'Object Repository/Page_Checkatrade Find a tradesperson you can trust/a_Search' is visible

2019-12-04 08:36:45 - [MESSAGE][PASSED] - Object 'Object Repository/Page_Checkatrade Find a tradesperson you can trust/a_Search' is visible

2019-12-04 08:36:45 - [TEST_STEP][PASSED] - try: null

2019-12-04 08:36:45 - [TEST_STEP][PASSED] - if (verifyElementPresent(findTestObject("Page_Checkatrade Find a tradesperson you can trust/div_close"), 1, OPTIONAL)): null

2019-12-04 08:36:45 - [MESSAGE][PASSED] - Object 'Object Repository/Page_Checkatrade Find a tradesperson you can trust/div_close' is present

2019-12-04 08:36:45 - [TEST_STEP][PASSED] - click(findTestObject("Page_Checkatrade Find a tradesperson you can trust/div_close")): Object: 'Object Repository/Page_Checkatrade Find a tradesperson you can trust/div_close' is clicked on

2019-12-04 08:36:45 - [MESSAGE][PASSED] - Object: 'Object Repository/Page_Checkatrade Find a tradesperson you can trust/div_close' is clicked on

2019-12-04 08:36:45 - [TEST_STEP][PASSED] - "---------------------------------": null

2019-12-04 08:36:45 - [TEST_STEP][PASSED] - "COOKIE POPOUT REMOVED - Confirmed": null

2019-12-04 08:36:45 - [TEST_STEP][PASSED] - delay(1): Delayed 1 second(s)

2019-12-04 08:36:46 - [MESSAGE][PASSED] - Delayed 1 second(s)

2019-12-04 08:36:46 - [TEST_STEP][PASSED] - verifyTextNotPresent("Checkatrade.com uses cookies to make sure you get the best browsing experience", false): Text 'Checkatrade.com uses cookies to make sure you get the best browsing experience' is not present on page

2019-12-04 08:36:47 - [MESSAGE][PASSED] - Text 'Checkatrade.com uses cookies to make sure you get the best browsing experience' is not present on page

2019-12-04 08:36:47 - [TEST_STEP][PASSED] - try: null

2019-12-04 08:36:47 - [TEST_STEP][PASSED] - if (verifyElementPresent(findTestObject("Page_Checkatrade Find a tradesperson you can trust/div_close_1"), 1, OPTIONAL)): null

2019-12-04 08:36:47 - [MESSAGE][PASSED] - Object 'Object Repository/Page_Checkatrade Find a tradesperson you can trust/div_close_1' is present

2019-12-04 08:36:47 - [TEST_STEP][PASSED] - click(findTestObject("Page_Checkatrade Find a tradesperson you can trust/div_close_1")): Object: 'Object Repository/Page_Checkatrade Find a tradesperson you can trust/div_close_1' is clicked on

2019-12-04 08:36:47 - [MESSAGE][PASSED] - Object: 'Object Repository/Page_Checkatrade Find a tradesperson you can trust/div_close_1' is clicked on

2019-12-04 08:36:47 - [TEST_STEP][PASSED] - "---------------------------------": null

2019-12-04 08:36:47 - [TEST_STEP][PASSED] - "PRIVACY POPOUT REMOVED - Confirmed": null

2019-12-04 08:36:47 - [TEST_STEP][PASSED] - delay(1): Delayed 1 second(s)

2019-12-04 08:36:48 - [MESSAGE][PASSED] - Delayed 1 second(s)

2019-12-04 08:36:48 - [TEST_STEP][PASSED] - verifyTextNotPresent("We have updated our Privacy Policy, please review this", false): Text 'We have updated our Privacy Policy, please review this' is not present on page

2019-12-04 08:36:48 - [MESSAGE][PASSED] - Text 'We have updated our Privacy Policy, please review this' is not present on page

2019-12-04 08:36:48 - [MESSAGE][PASSED] - Call Test Case 'Test Cases/Reusable_Test_Sequences/CAT_Setup' successfully

2019-12-04 08:36:48 - [TEST_STEP][PASSED] - "---------------------------------------": null

2019-12-04 08:36:48 - [TEST_STEP][PASSED] - " Set and SEARCH TRADE CLASSIFICATION   |": null

2019-12-04 08:36:48 - [TEST_STEP][PASSED] - callTestCase(findTestCase("Reusable_Test_Sequences/CAT_Enter_Trade_Classification"), [:], CONTINUE_ON_FAILURE): Call Test Case 'Test Cases/Reusable_Test_Sequences/CAT_Enter_Trade_Classification' successfully

2019-12-04 08:36:48 - [TEST_CASE][PASSED] - Test Cases/Reusable_Test_Sequences/CAT_Enter_Trade_Classification: Test Cases/Reusable_Test_Sequences/CAT_Enter_Trade_Classification

2019-12-04 08:36:48 - [TEST_STEP][PASSED] - "---------------------------------": null

2019-12-04 08:36:48 - [TEST_STEP][PASSED] - "Set and SEARCH SELECTED TRADE": null

2019-12-04 08:36:48 - [TEST_STEP][PASSED] - click(findTestObject("Object Repository/Checkatrade_Trade_Search_Page/Page_Checkatrade Find a tradesperson you can trust/input_Search_Button_FF")): Object: 'Object Repository/Checkatrade_Trade_Search_Page/Page_Checkatrade Find a tradesperson you can trust/input_Search_Button_FF' is clicked on

2019-12-04 08:36:49 - [MESSAGE][PASSED] - Object: 'Object Repository/Checkatrade_Trade_Search_Page/Page_Checkatrade Find a tradesperson you can trust/input_Search_Button_FF' is clicked on

2019-12-04 08:36:49 - [TEST_STEP][PASSED] - setText(findTestObject("Object Repository/Checkatrade_Trade_Search_Page/Page_Checkatrade Find a tradesperson you can trust/input_Search_Button_FF"), findTestData("searchTestData").getValue("tradeClassification", row)): Text 'Diagnostic Testing' is set on object 'Object Repository/Checkatrade_Trade_Search_Page/Page_Checkatrade Find a tradesperson you can trust/input_Search_Button_FF'

2019-12-04 08:36:49 - [MESSAGE][PASSED] - Text 'Diagnostic Testing' is set on object 'Object Repository/Checkatrade_Trade_Search_Page/Page_Checkatrade Find a tradesperson you can trust/input_Search_Button_FF'

2019-12-04 08:36:49 - [MESSAGE][PASSED] - Call Test Case 'Test Cases/Reusable_Test_Sequences/CAT_Enter_Trade_Classification' successfully

2019-12-04 08:36:49 - [TEST_STEP][PASSED] - "---------------------------------------": null

2019-12-04 08:36:49 - [TEST_STEP][PASSED] - " Set and SEARCH TRADE LOCATION         |": null

2019-12-04 08:36:49 - [TEST_STEP][PASSED] - callTestCase(findTestCase("Reusable_Test_Sequences/CAT_Enter_Trade_Location"), [:], CONTINUE_ON_FAILURE): Call Test Case 'Test Cases/Reusable_Test_Sequences/CAT_Enter_Trade_Location' successfully

2019-12-04 08:36:49 - [TEST_CASE][PASSED] - Test Cases/Reusable_Test_Sequences/CAT_Enter_Trade_Location: Test Cases/Reusable_Test_Sequences/CAT_Enter_Trade_Location

2019-12-04 08:36:49 - [TEST_STEP][PASSED] - "---------------------------------": null

2019-12-04 08:36:49 - [TEST_STEP][PASSED] - "Set and SEARCH SELECTED LOCATION |": null

2019-12-04 08:36:49 - [TEST_STEP][PASSED] - click(findTestObject("Object Repository/Checkatrade_Trade_Search_Page/Page_Checkatrade Find a tradesperson you can trust/input_Not here_location")): Object: 'Object Repository/Checkatrade_Trade_Search_Page/Page_Checkatrade Find a tradesperson you can trust/input_Not here_location' is clicked on

2019-12-04 08:36:50 - [MESSAGE][PASSED] - Object: 'Object Repository/Checkatrade_Trade_Search_Page/Page_Checkatrade Find a tradesperson you can trust/input_Not here_location' is clicked on

2019-12-04 08:36:50 - [TEST_STEP][PASSED] - setText(findTestObject("Object Repository/Checkatrade_Trade_Search_Page/Page_Checkatrade Find a tradesperson you can trust/input_Not here_location"), findTestData("searchTestData").getValue("tradeLocation", row)): Text 'Angmering' is set on object 'Object Repository/Checkatrade_Trade_Search_Page/Page_Checkatrade Find a tradesperson you can trust/input_Not here_location'

2019-12-04 08:36:50 - [MESSAGE][PASSED] - Text 'Angmering' is set on object 'Object Repository/Checkatrade_Trade_Search_Page/Page_Checkatrade Find a tradesperson you can trust/input_Not here_location'

2019-12-04 08:36:50 - [MESSAGE][PASSED] - Call Test Case 'Test Cases/Reusable_Test_Sequences/CAT_Enter_Trade_Location' successfully

2019-12-04 08:36:50 - [TEST_STEP][PASSED] - "---------------------------------------": null

2019-12-04 08:36:50 - [TEST_STEP][PASSED] - " Scroll Search Button into View        |": null

2019-12-04 08:36:50 - [TEST_STEP][PASSED] - "---------------------------------------": null

2019-12-04 08:36:50 - [TEST_STEP][PASSED] - "---------------------------------------": null

2019-12-04 08:36:50 - [TEST_STEP][PASSED] - " Hit Search Button                     |": null

2019-12-04 08:36:50 - [TEST_STEP][PASSED] - callTestCase(findTestCase("Reusable_Test_Sequences/CAT_Hit_Search_Button"), [:], CONTINUE_ON_FAILURE): Call Test Case 'Test Cases/Reusable_Test_Sequences/CAT_Hit_Search_Button' successfully

2019-12-04 08:36:50 - [TEST_CASE][PASSED] - Test Cases/Reusable_Test_Sequences/CAT_Hit_Search_Button: Test Cases/Reusable_Test_Sequences/CAT_Hit_Search_Button

2019-12-04 08:36:50 - [TEST_STEP][PASSED] - "---------------------------------": null

2019-12-04 08:36:50 - [TEST_STEP][PASSED] - "HIT SEARCH": null

2019-12-04 08:36:50 - [TEST_STEP][PASSED] - "---------------------------------": null

2019-12-04 08:36:50 - [TEST_STEP][PASSED] - waitForElementClickable(findTestObject("Object Repository/Checkatrade_Trade_Search_Page/Page_Checkatrade Find a tradesperson you can trust/a_Search"), 25): Object 'Object Repository/Checkatrade_Trade_Search_Page/Page_Checkatrade Find a tradesperson you can trust/a_Search' is clickable

2019-12-04 08:36:50 - [MESSAGE][PASSED] - Object 'Object Repository/Checkatrade_Trade_Search_Page/Page_Checkatrade Find a tradesperson you can trust/a_Search' is clickable

2019-12-04 08:36:50 - [TEST_STEP][PASSED] - click(findTestObject("Object Repository/Checkatrade_Trade_Search_Page/Page_Checkatrade Find a tradesperson you can trust/a_Search")): Object: 'Object Repository/Checkatrade_Trade_Search_Page/Page_Checkatrade Find a tradesperson you can trust/a_Search' is clicked on

2019-12-04 08:36:53 - [MESSAGE][PASSED] - Object: 'Object Repository/Checkatrade_Trade_Search_Page/Page_Checkatrade Find a tradesperson you can trust/a_Search' is clicked on

2019-12-04 08:36:53 - [MESSAGE][PASSED] - Call Test Case 'Test Cases/Reusable_Test_Sequences/CAT_Hit_Search_Button' successfully

2019-12-04 08:36:53 - [TEST_STEP][PASSED] - "---------------------------------------": null

2019-12-04 08:36:53 - [TEST_STEP][PASSED] - " Verify Returned Page is as Expected   |": null

2019-12-04 08:36:53 - [TEST_STEP][PASSED] - callTestCase(findTestCase("Reusable_Test_Sequences/CAT_Verification"), [:], CONTINUE_ON_FAILURE): Call Test Case 'Test Cases/Reusable_Test_Sequences/CAT_Verification' successfully

2019-12-04 08:36:53 - [TEST_CASE][PASSED] - Test Cases/Reusable_Test_Sequences/CAT_Verification: Test Cases/Reusable_Test_Sequences/CAT_Verification

2019-12-04 08:36:53 - [TEST_STEP][PASSED] - "Expected cantantenated text is Returned": null

2019-12-04 08:36:53 - [TEST_STEP][PASSED] - delay(3): Delayed 3 second(s)

2019-12-04 08:36:56 - [MESSAGE][PASSED] - Delayed 3 second(s)

2019-12-04 08:36:56 - [TEST_STEP][PASSED] - waitForElementVisible(findTestObject("Checkatrade_Trade_Search_page/Page_Checkatrade Find a tradesperson you can trust/a_Search"), 120): Object 'Object Repository/Checkatrade_Trade_Search_page/Page_Checkatrade Find a tradesperson you can trust/a_Search' is visible

2019-12-04 08:36:56 - [MESSAGE][PASSED] - Object 'Object Repository/Checkatrade_Trade_Search_page/Page_Checkatrade Find a tradesperson you can trust/a_Search' is visible

2019-12-04 08:36:56 - [TEST_STEP][PASSED] - verifyTextPresent(findTestData("searchTestData").getValue("tradeClassification", row), false): Text 'Diagnostic Testing' is present on page 

2019-12-04 08:36:57 - [MESSAGE][PASSED] - Text 'Diagnostic Testing' is present on page 

2019-12-04 08:36:57 - [TEST_STEP][PASSED] - verifyTextPresent(findTestData("searchTestData").getValue("tradeLocation", row), false): Text 'Angmering' is present on page 

2019-12-04 08:36:58 - [MESSAGE][PASSED] - Text 'Angmering' is present on page 

2019-12-04 08:36:58 - [MESSAGE][PASSED] - Call Test Case 'Test Cases/Reusable_Test_Sequences/CAT_Verification' successfully

2019-12-04 08:36:58 - [TEST_STEP][PASSED] - "--------------------------": null

2019-12-04 08:36:58 - [TEST_STEP][PASSED] - " Teardown - CLose Browser |": null

2019-12-04 08:36:58 - [TEST_STEP][PASSED] - callTestCase(findTestCase("Reusable_Test_Sequences/CAT_Teardown"), [:], OPTIONAL): Call Test Case 'Test Cases/Reusable_Test_Sequences/CAT_Teardown' successfully

2019-12-04 08:36:58 - [TEST_CASE][PASSED] - Test Cases/Reusable_Test_Sequences/CAT_Teardown: Test Cases/Reusable_Test_Sequences/CAT_Teardown

2019-12-04 08:36:58 - [TEST_STEP][PASSED] - closeBrowser(): Browser is closed

2019-12-04 08:36:59 - [MESSAGE][PASSED] - Browser is closed

2019-12-04 08:36:59 - [MESSAGE][PASSED] - Call Test Case 'Test Cases/Reusable_Test_Sequences/CAT_Teardown' successfully

2019-12-04 08:36:59 - [TEST_STEP][PASSED] - callTestCase(findTestCase("Reusable_Test_Sequences/CAT_Setup"), [:], OPTIONAL): Call Test Case 'Test Cases/Reusable_Test_Sequences/CAT_Setup' successfully

2019-12-04 08:36:59 - [TEST_CASE][PASSED] - Test Cases/Reusable_Test_Sequences/CAT_Setup: Test Cases/Reusable_Test_Sequences/CAT_Setup

2019-12-04 08:36:59 - [TEST_STEP][PASSED] - "URL - Set from the ENVIRONMENT PROFILE ": null

2019-12-04 08:36:59 - [TEST_STEP][PASSED] - openBrowser(URL): Browser is opened with url: 'https://www.preview.checkatrade.com/'

2019-12-04 08:36:59 - [MESSAGE][INFO] - Starting 'Chrome' driver

2019-12-04 08:37:11 - [MESSAGE][PASSED] - Browser is opened with url: 'https://www.preview.checkatrade.com/'

2019-12-04 08:37:11 - [TEST_STEP][PASSED] - maximizeWindow(): Current window maximized

2019-12-04 08:37:16 - [MESSAGE][PASSED] - Current window maximized

2019-12-04 08:37:16 - [TEST_STEP][PASSED] - waitForPageLoad(60): Wait for page load successfully

2019-12-04 08:37:16 - [MESSAGE][PASSED] - Wait for page load successfully

2019-12-04 08:37:16 - [TEST_STEP][PASSED] - waitForElementVisible(findTestObject("Page_Checkatrade Find a tradesperson you can trust/a_Search"), 25): Object 'Object Repository/Page_Checkatrade Find a tradesperson you can trust/a_Search' is visible

2019-12-04 08:37:16 - [MESSAGE][PASSED] - Object 'Object Repository/Page_Checkatrade Find a tradesperson you can trust/a_Search' is visible

2019-12-04 08:37:16 - [TEST_STEP][PASSED] - try: null

2019-12-04 08:37:16 - [TEST_STEP][PASSED] - if (verifyElementPresent(findTestObject("Page_Checkatrade Find a tradesperson you can trust/div_close"), 1, OPTIONAL)): null

2019-12-04 08:37:16 - [MESSAGE][PASSED] - Object 'Object Repository/Page_Checkatrade Find a tradesperson you can trust/div_close' is present

2019-12-04 08:37:16 - [TEST_STEP][PASSED] - click(findTestObject("Page_Checkatrade Find a tradesperson you can trust/div_close")): Object: 'Object Repository/Page_Checkatrade Find a tradesperson you can trust/div_close' is clicked on

2019-12-04 08:37:17 - [MESSAGE][PASSED] - Object: 'Object Repository/Page_Checkatrade Find a tradesperson you can trust/div_close' is clicked on

2019-12-04 08:37:17 - [TEST_STEP][PASSED] - "---------------------------------": null

2019-12-04 08:37:17 - [TEST_STEP][PASSED] - "COOKIE POPOUT REMOVED - Confirmed": null

2019-12-04 08:37:17 - [TEST_STEP][PASSED] - delay(1): Delayed 1 second(s)

2019-12-04 08:37:18 - [MESSAGE][PASSED] - Delayed 1 second(s)

2019-12-04 08:37:18 - [TEST_STEP][PASSED] - verifyTextNotPresent("Checkatrade.com uses cookies to make sure you get the best browsing experience", false): Text 'Checkatrade.com uses cookies to make sure you get the best browsing experience' is not present on page

2019-12-04 08:37:18 - [MESSAGE][PASSED] - Text 'Checkatrade.com uses cookies to make sure you get the best browsing experience' is not present on page

2019-12-04 08:37:18 - [TEST_STEP][PASSED] - try: null

2019-12-04 08:37:18 - [TEST_STEP][PASSED] - if (verifyElementPresent(findTestObject("Page_Checkatrade Find a tradesperson you can trust/div_close_1"), 1, OPTIONAL)): null

2019-12-04 08:37:18 - [MESSAGE][PASSED] - Object 'Object Repository/Page_Checkatrade Find a tradesperson you can trust/div_close_1' is present

2019-12-04 08:37:18 - [TEST_STEP][PASSED] - click(findTestObject("Page_Checkatrade Find a tradesperson you can trust/div_close_1")): Object: 'Object Repository/Page_Checkatrade Find a tradesperson you can trust/div_close_1' is clicked on

2019-12-04 08:37:18 - [MESSAGE][PASSED] - Object: 'Object Repository/Page_Checkatrade Find a tradesperson you can trust/div_close_1' is clicked on

2019-12-04 08:37:18 - [TEST_STEP][PASSED] - "---------------------------------": null

2019-12-04 08:37:18 - [TEST_STEP][PASSED] - "PRIVACY POPOUT REMOVED - Confirmed": null

2019-12-04 08:37:18 - [TEST_STEP][PASSED] - delay(1): Delayed 1 second(s)

2019-12-04 08:37:19 - [MESSAGE][PASSED] - Delayed 1 second(s)

2019-12-04 08:37:19 - [TEST_STEP][PASSED] - verifyTextNotPresent("We have updated our Privacy Policy, please review this", false): Text 'We have updated our Privacy Policy, please review this' is not present on page

2019-12-04 08:37:19 - [MESSAGE][PASSED] - Text 'We have updated our Privacy Policy, please review this' is not present on page

2019-12-04 08:37:19 - [MESSAGE][PASSED] - Call Test Case 'Test Cases/Reusable_Test_Sequences/CAT_Setup' successfully

2019-12-04 08:37:19 - [TEST_STEP][PASSED] - "---------------------------------------": null

2019-12-04 08:37:19 - [TEST_STEP][PASSED] - " Set and SEARCH TRADE CLASSIFICATION   |": null

2019-12-04 08:37:19 - [TEST_STEP][PASSED] - callTestCase(findTestCase("Reusable_Test_Sequences/CAT_Enter_Trade_Classification"), [:], CONTINUE_ON_FAILURE): Call Test Case 'Test Cases/Reusable_Test_Sequences/CAT_Enter_Trade_Classification' successfully

2019-12-04 08:37:19 - [TEST_CASE][PASSED] - Test Cases/Reusable_Test_Sequences/CAT_Enter_Trade_Classification: Test Cases/Reusable_Test_Sequences/CAT_Enter_Trade_Classification

2019-12-04 08:37:19 - [TEST_STEP][PASSED] - "---------------------------------": null

2019-12-04 08:37:19 - [TEST_STEP][PASSED] - "Set and SEARCH SELECTED TRADE": null

2019-12-04 08:37:19 - [TEST_STEP][PASSED] - click(findTestObject("Object Repository/Checkatrade_Trade_Search_Page/Page_Checkatrade Find a tradesperson you can trust/input_Search_Button_FF")): Object: 'Object Repository/Checkatrade_Trade_Search_Page/Page_Checkatrade Find a tradesperson you can trust/input_Search_Button_FF' is clicked on

2019-12-04 08:37:20 - [MESSAGE][PASSED] - Object: 'Object Repository/Checkatrade_Trade_Search_Page/Page_Checkatrade Find a tradesperson you can trust/input_Search_Button_FF' is clicked on

2019-12-04 08:37:20 - [TEST_STEP][PASSED] - setText(findTestObject("Object Repository/Checkatrade_Trade_Search_Page/Page_Checkatrade Find a tradesperson you can trust/input_Search_Button_FF"), findTestData("searchTestData").getValue("tradeClassification", row)): Text 'Garage/Vehicle Services' is set on object 'Object Repository/Checkatrade_Trade_Search_Page/Page_Checkatrade Find a tradesperson you can trust/input_Search_Button_FF'

2019-12-04 08:37:20 - [MESSAGE][PASSED] - Text 'Garage/Vehicle Services' is set on object 'Object Repository/Checkatrade_Trade_Search_Page/Page_Checkatrade Find a tradesperson you can trust/input_Search_Button_FF'

2019-12-04 08:37:20 - [MESSAGE][PASSED] - Call Test Case 'Test Cases/Reusable_Test_Sequences/CAT_Enter_Trade_Classification' successfully

2019-12-04 08:37:20 - [TEST_STEP][PASSED] - "---------------------------------------": null

2019-12-04 08:37:20 - [TEST_STEP][PASSED] - " Set and SEARCH TRADE LOCATION         |": null

2019-12-04 08:37:20 - [TEST_STEP][PASSED] - callTestCase(findTestCase("Reusable_Test_Sequences/CAT_Enter_Trade_Location"), [:], CONTINUE_ON_FAILURE): Call Test Case 'Test Cases/Reusable_Test_Sequences/CAT_Enter_Trade_Location' successfully

2019-12-04 08:37:20 - [TEST_CASE][PASSED] - Test Cases/Reusable_Test_Sequences/CAT_Enter_Trade_Location: Test Cases/Reusable_Test_Sequences/CAT_Enter_Trade_Location

2019-12-04 08:37:20 - [TEST_STEP][PASSED] - "---------------------------------": null

2019-12-04 08:37:20 - [TEST_STEP][PASSED] - "Set and SEARCH SELECTED LOCATION |": null

2019-12-04 08:37:20 - [TEST_STEP][PASSED] - click(findTestObject("Object Repository/Checkatrade_Trade_Search_Page/Page_Checkatrade Find a tradesperson you can trust/input_Not here_location")): Object: 'Object Repository/Checkatrade_Trade_Search_Page/Page_Checkatrade Find a tradesperson you can trust/input_Not here_location' is clicked on

2019-12-04 08:37:20 - [MESSAGE][PASSED] - Object: 'Object Repository/Checkatrade_Trade_Search_Page/Page_Checkatrade Find a tradesperson you can trust/input_Not here_location' is clicked on

2019-12-04 08:37:20 - [TEST_STEP][PASSED] - setText(findTestObject("Object Repository/Checkatrade_Trade_Search_Page/Page_Checkatrade Find a tradesperson you can trust/input_Not here_location"), findTestData("searchTestData").getValue("tradeLocation", row)): Text 'Rugby' is set on object 'Object Repository/Checkatrade_Trade_Search_Page/Page_Checkatrade Find a tradesperson you can trust/input_Not here_location'

2019-12-04 08:37:21 - [MESSAGE][PASSED] - Text 'Rugby' is set on object 'Object Repository/Checkatrade_Trade_Search_Page/Page_Checkatrade Find a tradesperson you can trust/input_Not here_location'

2019-12-04 08:37:21 - [MESSAGE][PASSED] - Call Test Case 'Test Cases/Reusable_Test_Sequences/CAT_Enter_Trade_Location' successfully

2019-12-04 08:37:21 - [TEST_STEP][PASSED] - "---------------------------------------": null

2019-12-04 08:37:21 - [TEST_STEP][PASSED] - " Scroll Search Button into View        |": null

2019-12-04 08:37:21 - [TEST_STEP][PASSED] - "---------------------------------------": null

2019-12-04 08:37:21 - [TEST_STEP][PASSED] - "---------------------------------------": null

2019-12-04 08:37:21 - [TEST_STEP][PASSED] - " Hit Search Button                     |": null

2019-12-04 08:37:21 - [TEST_STEP][PASSED] - callTestCase(findTestCase("Reusable_Test_Sequences/CAT_Hit_Search_Button"), [:], CONTINUE_ON_FAILURE): Call Test Case 'Test Cases/Reusable_Test_Sequences/CAT_Hit_Search_Button' successfully

2019-12-04 08:37:21 - [TEST_CASE][PASSED] - Test Cases/Reusable_Test_Sequences/CAT_Hit_Search_Button: Test Cases/Reusable_Test_Sequences/CAT_Hit_Search_Button

2019-12-04 08:37:21 - [TEST_STEP][PASSED] - "---------------------------------": null

2019-12-04 08:37:21 - [TEST_STEP][PASSED] - "HIT SEARCH": null

2019-12-04 08:37:21 - [TEST_STEP][PASSED] - "---------------------------------": null

2019-12-04 08:37:21 - [TEST_STEP][PASSED] - waitForElementClickable(findTestObject("Object Repository/Checkatrade_Trade_Search_Page/Page_Checkatrade Find a tradesperson you can trust/a_Search"), 25): Object 'Object Repository/Checkatrade_Trade_Search_Page/Page_Checkatrade Find a tradesperson you can trust/a_Search' is clickable

2019-12-04 08:37:21 - [MESSAGE][PASSED] - Object 'Object Repository/Checkatrade_Trade_Search_Page/Page_Checkatrade Find a tradesperson you can trust/a_Search' is clickable

2019-12-04 08:37:21 - [TEST_STEP][PASSED] - click(findTestObject("Object Repository/Checkatrade_Trade_Search_Page/Page_Checkatrade Find a tradesperson you can trust/a_Search")): Object: 'Object Repository/Checkatrade_Trade_Search_Page/Page_Checkatrade Find a tradesperson you can trust/a_Search' is clicked on

2019-12-04 08:37:23 - [MESSAGE][PASSED] - Object: 'Object Repository/Checkatrade_Trade_Search_Page/Page_Checkatrade Find a tradesperson you can trust/a_Search' is clicked on

2019-12-04 08:37:23 - [MESSAGE][PASSED] - Call Test Case 'Test Cases/Reusable_Test_Sequences/CAT_Hit_Search_Button' successfully

2019-12-04 08:37:23 - [TEST_STEP][PASSED] - "---------------------------------------": null

2019-12-04 08:37:23 - [TEST_STEP][PASSED] - " Verify Returned Page is as Expected   |": null

2019-12-04 08:37:23 - [TEST_STEP][PASSED] - callTestCase(findTestCase("Reusable_Test_Sequences/CAT_Verification"), [:], CONTINUE_ON_FAILURE): Call Test Case 'Test Cases/Reusable_Test_Sequences/CAT_Verification' successfully

2019-12-04 08:37:23 - [TEST_CASE][PASSED] - Test Cases/Reusable_Test_Sequences/CAT_Verification: Test Cases/Reusable_Test_Sequences/CAT_Verification

2019-12-04 08:37:23 - [TEST_STEP][PASSED] - "Expected cantantenated text is Returned": null

2019-12-04 08:37:23 - [TEST_STEP][PASSED] - delay(3): Delayed 3 second(s)

2019-12-04 08:37:26 - [MESSAGE][PASSED] - Delayed 3 second(s)

2019-12-04 08:37:26 - [TEST_STEP][PASSED] - waitForElementVisible(findTestObject("Checkatrade_Trade_Search_page/Page_Checkatrade Find a tradesperson you can trust/a_Search"), 120): Object 'Object Repository/Checkatrade_Trade_Search_page/Page_Checkatrade Find a tradesperson you can trust/a_Search' is visible

2019-12-04 08:37:26 - [MESSAGE][PASSED] - Object 'Object Repository/Checkatrade_Trade_Search_page/Page_Checkatrade Find a tradesperson you can trust/a_Search' is visible

2019-12-04 08:37:26 - [TEST_STEP][PASSED] - verifyTextPresent(findTestData("searchTestData").getValue("tradeClassification", row), false): Text 'Garage/Vehicle Services' is present on page 

2019-12-04 08:37:27 - [MESSAGE][PASSED] - Text 'Garage/Vehicle Services' is present on page 

2019-12-04 08:37:27 - [TEST_STEP][PASSED] - verifyTextPresent(findTestData("searchTestData").getValue("tradeLocation", row), false): Text 'Rugby' is present on page 

2019-12-04 08:37:28 - [MESSAGE][PASSED] - Text 'Rugby' is present on page 

2019-12-04 08:37:28 - [MESSAGE][PASSED] - Call Test Case 'Test Cases/Reusable_Test_Sequences/CAT_Verification' successfully

2019-12-04 08:37:28 - [TEST_STEP][PASSED] - "--------------------------": null

2019-12-04 08:37:28 - [TEST_STEP][PASSED] - " Teardown - CLose Browser |": null

2019-12-04 08:37:28 - [TEST_STEP][PASSED] - callTestCase(findTestCase("Reusable_Test_Sequences/CAT_Teardown"), [:], OPTIONAL): Call Test Case 'Test Cases/Reusable_Test_Sequences/CAT_Teardown' successfully

2019-12-04 08:37:28 - [TEST_CASE][PASSED] - Test Cases/Reusable_Test_Sequences/CAT_Teardown: Test Cases/Reusable_Test_Sequences/CAT_Teardown

2019-12-04 08:37:28 - [TEST_STEP][PASSED] - closeBrowser(): Browser is closed

2019-12-04 08:37:31 - [MESSAGE][PASSED] - Browser is closed

2019-12-04 08:37:31 - [MESSAGE][PASSED] - Call Test Case 'Test Cases/Reusable_Test_Sequences/CAT_Teardown' successfully]]></system-out>
         <system-err><![CDATA[]]></system-err>
      </testcase>
      <system-out><![CDATA[2019-12-04 08:34:48 - [TEST_SUITE][PASSED] - Trade_Location_Multiple_Search: Test Cases/Checkatrade_Tradesman_Searches/Trade_Location_Search]]></system-out>
      <system-err><![CDATA[]]></system-err>
   </testsuite>
</testsuites>
