<?xml version="1.0" encoding="UTF-8"?>
<testsuites name="Trade_Name_Multiple_Search" time="130.509" tests="1" failures="0" errors="0">
   <testsuite name="Trade_Name_Multiple_Search" tests="1" failures="0" errors="0" time="130.509" timestamp="2019-10-31 15:13:14" hostname="DavidHo - VETTEDSP36RF.check.local" id="Test Suites/Trade_Name_Multiple_Search">
      <properties>
         <property name="deviceName" value=""/>
         <property name="devicePlatform" value=""/>
         <property name="logFolder" value="C:\\Users\\davidho\\Katalon Studio\\Start\\Reports\\20191031_150746\\Trade_Name_Multiple_Search\\20191031_150755"/>
         <property name="logFiles" value="C:\\Users\\davidho\\Katalon Studio\\Start\\Reports\\20191031_150746\\Trade_Name_Multiple_Search\\20191031_150755\\execution0.log"/>
         <property name="attachments" value=""/>
         <property name="hostName" value="DavidHo - VETTEDSP36RF.check.local"/>
         <property name="os" value="Windows 10 32bit"/>
         <property name="katalonVersion" value="7.0.5.1"/>
         <property name="browser" value="Firefox 69.0"/>
         <property name="hostAddress" value="10.0.11.243"/>
         <property name="sessionId" value="bf4d8990-a62d-4bf3-bc30-ff37966f31a3"/>
         <property name="seleniumVersion" value="3.141.59"/>
         <property name="proxyInformation" value="ProxyInformation{proxyOption=NO_PROXY, proxyServerType=HTTP, password=, proxyServerAddress=, proxyServerPort=0}"/>
         <property name="platform" value="Windows 10"/>
      </properties>
      <testcase name="Test Cases/Checkatrade_Tradesman_Searches/Trade_Name_Search_Multiple" time="130.187" classname="Test Cases/Checkatrade_Tradesman_Searches/Trade_Name_Search_Multiple" status="PASSED">
         <system-out><![CDATA[2019-10-31 15:13:14 - [TEST_CASE][PASSED] - Test Cases/Checkatrade_Tradesman_Searches/Trade_Name_Search_Multiple: Test Cases/Checkatrade_Tradesman_Searches/Trade_Name_Search_Multiple

2019-10-31 15:13:14 - [TEST_STEP][PASSED] - for ([row = 1, row <= findTestData("Search_CAT_ID_Data (1)").getRowNumbers(), (internal.GlobalVariable.row++)]): Call Test Case 'Test Cases/Reusable_Test_Sequences/CAT_Teardown' successfully

2019-10-31 15:13:15 - [TEST_STEP][PASSED] - callTestCase(findTestCase("Reusable_Test_Sequences/CAT_Setup"), [:], STOP_ON_FAILURE): Call Test Case 'Test Cases/Reusable_Test_Sequences/CAT_Setup' successfully

2019-10-31 15:13:15 - [TEST_CASE][PASSED] - Test Cases/Reusable_Test_Sequences/CAT_Setup: Test Cases/Reusable_Test_Sequences/CAT_Setup

2019-10-31 15:13:16 - [TEST_STEP][PASSED] - "URL - Set from the ENVIRONMENT PROFILE ": null

2019-10-31 15:13:16 - [TEST_STEP][PASSED] - openBrowser(URL): Browser is opened with url: 'https://www.preview.checkatrade.com/'

2019-10-31 15:13:16 - [MESSAGE][INFO] - Starting 'Firefox' driver

2019-10-31 15:13:16 - [MESSAGE][INFO] - Action delay is set to 0 seconds

2019-10-31 15:13:25 - [MESSAGE][PASSED] - Browser is opened with url: 'https://www.preview.checkatrade.com/'

2019-10-31 15:13:25 - [TEST_STEP][PASSED] - maximizeWindow(): Current window maximized

2019-10-31 15:13:25 - [MESSAGE][PASSED] - Current window maximized

2019-10-31 15:13:25 - [TEST_STEP][PASSED] - waitForPageLoad(60): Wait for page load successfully

2019-10-31 15:13:25 - [MESSAGE][PASSED] - Wait for page load successfully

2019-10-31 15:13:25 - [TEST_STEP][PASSED] - waitForElementVisible(findTestObject("Page_Checkatrade Find a tradesperson you can trust/a_Search"), 25): Object 'Object Repository/Page_Checkatrade Find a tradesperson you can trust/a_Search' is visible

2019-10-31 15:13:25 - [MESSAGE][PASSED] - Object 'Object Repository/Page_Checkatrade Find a tradesperson you can trust/a_Search' is visible

2019-10-31 15:13:25 - [TEST_STEP][PASSED] - try: null

2019-10-31 15:13:25 - [TEST_STEP][PASSED] - if (verifyElementPresent(findTestObject("Page_Checkatrade Find a tradesperson you can trust/div_close"), 1, OPTIONAL)): null

2019-10-31 15:13:25 - [MESSAGE][PASSED] - Object 'Object Repository/Page_Checkatrade Find a tradesperson you can trust/div_close' is present

2019-10-31 15:13:25 - [TEST_STEP][PASSED] - click(findTestObject("Page_Checkatrade Find a tradesperson you can trust/div_close")): Object: 'Object Repository/Page_Checkatrade Find a tradesperson you can trust/div_close' is clicked on

2019-10-31 15:13:26 - [MESSAGE][PASSED] - Object: 'Object Repository/Page_Checkatrade Find a tradesperson you can trust/div_close' is clicked on

2019-10-31 15:13:26 - [TEST_STEP][PASSED] - "---------------------------------": null

2019-10-31 15:13:26 - [TEST_STEP][PASSED] - "COOKIE POPOUT REMOVED - Confirmed": null

2019-10-31 15:13:26 - [TEST_STEP][PASSED] - delay(1): Delayed 1 second(s)

2019-10-31 15:13:27 - [MESSAGE][PASSED] - Delayed 1 second(s)

2019-10-31 15:13:27 - [TEST_STEP][PASSED] - verifyTextNotPresent("Checkatrade.com uses cookies to make sure you get the best browsing experience", false): Text 'Checkatrade.com uses cookies to make sure you get the best browsing experience' is not present on page

2019-10-31 15:13:27 - [MESSAGE][PASSED] - Text 'Checkatrade.com uses cookies to make sure you get the best browsing experience' is not present on page

2019-10-31 15:13:27 - [TEST_STEP][PASSED] - try: null

2019-10-31 15:13:27 - [TEST_STEP][PASSED] - if (verifyElementPresent(findTestObject("Page_Checkatrade Find a tradesperson you can trust/div_close_1"), 1, OPTIONAL)): null

2019-10-31 15:13:27 - [MESSAGE][PASSED] - Object 'Object Repository/Page_Checkatrade Find a tradesperson you can trust/div_close_1' is present

2019-10-31 15:13:27 - [TEST_STEP][PASSED] - click(findTestObject("Page_Checkatrade Find a tradesperson you can trust/div_close_1")): Object: 'Object Repository/Page_Checkatrade Find a tradesperson you can trust/div_close_1' is clicked on

2019-10-31 15:13:27 - [MESSAGE][PASSED] - Object: 'Object Repository/Page_Checkatrade Find a tradesperson you can trust/div_close_1' is clicked on

2019-10-31 15:13:27 - [TEST_STEP][PASSED] - "---------------------------------": null

2019-10-31 15:13:27 - [TEST_STEP][PASSED] - "PRIVACY POPOUT REMOVED - Confirmed": null

2019-10-31 15:13:27 - [TEST_STEP][PASSED] - delay(1): Delayed 1 second(s)

2019-10-31 15:13:28 - [MESSAGE][PASSED] - Delayed 1 second(s)

2019-10-31 15:13:28 - [TEST_STEP][PASSED] - verifyTextNotPresent("We have updated our Privacy Policy, please review this", false): Text 'We have updated our Privacy Policy, please review this' is not present on page

2019-10-31 15:13:29 - [MESSAGE][PASSED] - Text 'We have updated our Privacy Policy, please review this' is not present on page

2019-10-31 15:13:29 - [MESSAGE][PASSED] - Call Test Case 'Test Cases/Reusable_Test_Sequences/CAT_Setup' successfully

2019-10-31 15:13:29 - [TEST_STEP][PASSED] - "---------------------------------------------------------------------": null

2019-10-31 15:13:29 - [TEST_STEP][PASSED] - " Select Search on Trader Name (or ID) From Home page/Search Screen   |": null

2019-10-31 15:13:29 - [TEST_STEP][PASSED] - callTestCase(findTestCase("Reusable_Test_Sequences/CAT_Click_Search_Trade_Name"), [:], CONTINUE_ON_FAILURE): Call Test Case 'Test Cases/Reusable_Test_Sequences/CAT_Click_Search_Trade_Name' successfully

2019-10-31 15:13:29 - [TEST_CASE][PASSED] - Test Cases/Reusable_Test_Sequences/CAT_Click_Search_Trade_Name: Test Cases/Reusable_Test_Sequences/CAT_Click_Search_Trade_Name

2019-10-31 15:13:29 - [TEST_STEP][PASSED] - click(findTestObject("Page_Checkatrade Find a tradesperson you can trust/a_or look up a member by name")): Object: 'Object Repository/Page_Checkatrade Find a tradesperson you can trust/a_or look up a member by name' is clicked on

2019-10-31 15:13:30 - [MESSAGE][PASSED] - Object: 'Object Repository/Page_Checkatrade Find a tradesperson you can trust/a_or look up a member by name' is clicked on

2019-10-31 15:13:30 - [TEST_STEP][PASSED] - waitForPageLoad(60): Wait for page load successfully

2019-10-31 15:13:30 - [MESSAGE][PASSED] - Wait for page load successfully

2019-10-31 15:13:30 - [MESSAGE][PASSED] - Call Test Case 'Test Cases/Reusable_Test_Sequences/CAT_Click_Search_Trade_Name' successfully

2019-10-31 15:13:30 - [TEST_STEP][PASSED] - "---------------------------------------": null

2019-10-31 15:13:30 - [TEST_STEP][PASSED] - " Enter Trader Name (or ID) to Search   |": null

2019-10-31 15:13:30 - [TEST_STEP][PASSED] - callTestCase(findTestCase("Reusable_Test_Sequences/CAT_Enter_Trade_Name"), [:], CONTINUE_ON_FAILURE): Call Test Case 'Test Cases/Reusable_Test_Sequences/CAT_Enter_Trade_Name' successfully

2019-10-31 15:13:30 - [TEST_CASE][PASSED] - Test Cases/Reusable_Test_Sequences/CAT_Enter_Trade_Name: Test Cases/Reusable_Test_Sequences/CAT_Enter_Trade_Name

2019-10-31 15:13:30 - [TEST_STEP][PASSED] - setText(findTestObject("Page_Checkatrade Find a tradesperson you can trust/Trader_Name_To_Search"), findTestData("Search_CAT_ID_Data (1)").getValue("tradeName", row)): Text '218020' is set on object 'Object Repository/Page_Checkatrade Find a tradesperson you can trust/Trader_Name_To_Search'

2019-10-31 15:13:30 - [MESSAGE][PASSED] - Text '218020' is set on object 'Object Repository/Page_Checkatrade Find a tradesperson you can trust/Trader_Name_To_Search'

2019-10-31 15:13:30 - [MESSAGE][PASSED] - Call Test Case 'Test Cases/Reusable_Test_Sequences/CAT_Enter_Trade_Name' successfully

2019-10-31 15:13:30 - [TEST_STEP][PASSED] - "---------------------------------------": null

2019-10-31 15:13:30 - [TEST_STEP][PASSED] - " Search Trader Name (or ID)            |": null

2019-10-31 15:13:30 - [TEST_STEP][PASSED] - callTestCase(findTestCase("Reusable_Test_Sequences/CAT_Search_Trade_Name"), [:], CONTINUE_ON_FAILURE): Call Test Case 'Test Cases/Reusable_Test_Sequences/CAT_Search_Trade_Name' successfully

2019-10-31 15:13:30 - [TEST_CASE][PASSED] - Test Cases/Reusable_Test_Sequences/CAT_Search_Trade_Name: Test Cases/Reusable_Test_Sequences/CAT_Search_Trade_Name

2019-10-31 15:13:31 - [TEST_STEP][PASSED] - "Hit Search Trade Person by Name (or CAT ID) after parameters are entered": null

2019-10-31 15:13:31 - [TEST_STEP][PASSED] - click(findTestObject("Page_Checkatrade Find a tradesperson you can trust/span_Trade_Name")): Object: 'Object Repository/Page_Checkatrade Find a tradesperson you can trust/span_Trade_Name' is clicked on

2019-10-31 15:13:33 - [MESSAGE][PASSED] - Object: 'Object Repository/Page_Checkatrade Find a tradesperson you can trust/span_Trade_Name' is clicked on

2019-10-31 15:13:33 - [TEST_STEP][PASSED] - waitForPageLoad(60): Wait for page load successfully

2019-10-31 15:13:33 - [MESSAGE][PASSED] - Wait for page load successfully

2019-10-31 15:13:33 - [MESSAGE][PASSED] - Call Test Case 'Test Cases/Reusable_Test_Sequences/CAT_Search_Trade_Name' successfully

2019-10-31 15:13:33 - [TEST_STEP][PASSED] - "------------------------------------------": null

2019-10-31 15:13:33 - [TEST_STEP][PASSED] - " Scroll to Page Footer to Reveal Results  |": null

2019-10-31 15:13:33 - [TEST_STEP][PASSED] - callTestCase(findTestCase("Reusable_Test_Sequences/CAT_Scroll_to_Footer"), [:], CONTINUE_ON_FAILURE): Call Test Case 'Test Cases/Reusable_Test_Sequences/CAT_Scroll_to_Footer' successfully

2019-10-31 15:13:33 - [TEST_CASE][PASSED] - Test Cases/Reusable_Test_Sequences/CAT_Scroll_to_Footer: Test Cases/Reusable_Test_Sequences/CAT_Scroll_to_Footer

2019-10-31 15:13:33 - [TEST_STEP][PASSED] - "Scroll - To Footer on the bottom of the page (sometime off the screen) ": null

2019-10-31 15:13:33 - [TEST_STEP][PASSED] - scrollToElement(findTestObject("Page_of_Results/div_see all_footer__van-with-trailer"), 60): Scroll to object 'Object Repository/Page_of_Results/div_see all_footer__van-with-trailer' successfully

2019-10-31 15:13:34 - [MESSAGE][PASSED] - Scroll to object 'Object Repository/Page_of_Results/div_see all_footer__van-with-trailer' successfully

2019-10-31 15:13:34 - [TEST_STEP][PASSED] - delay(1): Delayed 1 second(s)

2019-10-31 15:13:35 - [MESSAGE][PASSED] - Delayed 1 second(s)

2019-10-31 15:13:35 - [MESSAGE][PASSED] - Call Test Case 'Test Cases/Reusable_Test_Sequences/CAT_Scroll_to_Footer' successfully

2019-10-31 15:13:35 - [TEST_STEP][PASSED] - "------------------------------------------": null

2019-10-31 15:13:35 - [TEST_STEP][PASSED] - " Verify Correct Location is Returned     |": null

2019-10-31 15:13:35 - [TEST_STEP][PASSED] - callTestCase(findTestCase("Reusable_Test_Sequences/CAT_Verification_Location"), [:], CONTINUE_ON_FAILURE): Call Test Case 'Test Cases/Reusable_Test_Sequences/CAT_Verification_Location' successfully

2019-10-31 15:13:35 - [TEST_CASE][PASSED] - Test Cases/Reusable_Test_Sequences/CAT_Verification_Location: Test Cases/Reusable_Test_Sequences/CAT_Verification_Location

2019-10-31 15:13:35 - [TEST_STEP][PASSED] - verifyTextPresent(findTestData("Search_CAT_ID_Data (1)").getValue("tradeNameLocationVerification", row), false): Text 'Gosport, Hampshire' is present on page 

2019-10-31 15:13:37 - [MESSAGE][PASSED] - Text 'Gosport, Hampshire' is present on page 

2019-10-31 15:13:37 - [MESSAGE][PASSED] - Call Test Case 'Test Cases/Reusable_Test_Sequences/CAT_Verification_Location' successfully

2019-10-31 15:13:37 - [TEST_STEP][PASSED] - "------------------------------------------": null

2019-10-31 15:13:37 - [TEST_STEP][PASSED] - " Verify Primary Contact is Returned     |": null

2019-10-31 15:13:37 - [TEST_STEP][PASSED] - callTestCase(findTestCase("Reusable_Test_Sequences/CAT_Verification_Primary_Contact"), [:], CONTINUE_ON_FAILURE): Call Test Case 'Test Cases/Reusable_Test_Sequences/CAT_Verification_Primary_Contact' successfully

2019-10-31 15:13:37 - [TEST_CASE][PASSED] - Test Cases/Reusable_Test_Sequences/CAT_Verification_Primary_Contact: Test Cases/Reusable_Test_Sequences/CAT_Verification_Primary_Contact

2019-10-31 15:13:37 - [TEST_STEP][PASSED] - verifyTextPresent(findTestData("Search_CAT_ID_Data (1)").getValue("primeContact", row), false): Text 'Jim Foster' is present on page 

2019-10-31 15:13:38 - [MESSAGE][PASSED] - Text 'Jim Foster' is present on page 

2019-10-31 15:13:38 - [MESSAGE][PASSED] - Call Test Case 'Test Cases/Reusable_Test_Sequences/CAT_Verification_Primary_Contact' successfully

2019-10-31 15:13:38 - [TEST_STEP][PASSED] - "--------------------------": null

2019-10-31 15:13:38 - [TEST_STEP][PASSED] - " Teardown - CLose Browser |": null

2019-10-31 15:13:38 - [TEST_STEP][PASSED] - callTestCase(findTestCase("Reusable_Test_Sequences/CAT_Teardown"), [:], STOP_ON_FAILURE): Call Test Case 'Test Cases/Reusable_Test_Sequences/CAT_Teardown' successfully

2019-10-31 15:13:38 - [TEST_CASE][PASSED] - Test Cases/Reusable_Test_Sequences/CAT_Teardown: Test Cases/Reusable_Test_Sequences/CAT_Teardown

2019-10-31 15:13:39 - [TEST_STEP][PASSED] - closeBrowser(): Browser is closed

2019-10-31 15:13:42 - [MESSAGE][PASSED] - Browser is closed

2019-10-31 15:13:42 - [MESSAGE][PASSED] - Call Test Case 'Test Cases/Reusable_Test_Sequences/CAT_Teardown' successfully

2019-10-31 15:13:42 - [TEST_STEP][PASSED] - callTestCase(findTestCase("Reusable_Test_Sequences/CAT_Setup"), [:], STOP_ON_FAILURE): Call Test Case 'Test Cases/Reusable_Test_Sequences/CAT_Setup' successfully

2019-10-31 15:13:42 - [TEST_CASE][PASSED] - Test Cases/Reusable_Test_Sequences/CAT_Setup: Test Cases/Reusable_Test_Sequences/CAT_Setup

2019-10-31 15:13:42 - [TEST_STEP][PASSED] - "URL - Set from the ENVIRONMENT PROFILE ": null

2019-10-31 15:13:42 - [TEST_STEP][PASSED] - openBrowser(URL): Browser is opened with url: 'https://www.preview.checkatrade.com/'

2019-10-31 15:13:42 - [MESSAGE][INFO] - Starting 'Firefox' driver

2019-10-31 15:13:51 - [MESSAGE][PASSED] - Browser is opened with url: 'https://www.preview.checkatrade.com/'

2019-10-31 15:13:51 - [TEST_STEP][PASSED] - maximizeWindow(): Current window maximized

2019-10-31 15:13:51 - [MESSAGE][PASSED] - Current window maximized

2019-10-31 15:13:51 - [TEST_STEP][PASSED] - waitForPageLoad(60): Wait for page load successfully

2019-10-31 15:13:51 - [MESSAGE][PASSED] - Wait for page load successfully

2019-10-31 15:13:51 - [TEST_STEP][PASSED] - waitForElementVisible(findTestObject("Page_Checkatrade Find a tradesperson you can trust/a_Search"), 25): Object 'Object Repository/Page_Checkatrade Find a tradesperson you can trust/a_Search' is visible

2019-10-31 15:13:51 - [MESSAGE][PASSED] - Object 'Object Repository/Page_Checkatrade Find a tradesperson you can trust/a_Search' is visible

2019-10-31 15:13:51 - [TEST_STEP][PASSED] - try: null

2019-10-31 15:13:51 - [TEST_STEP][PASSED] - if (verifyElementPresent(findTestObject("Page_Checkatrade Find a tradesperson you can trust/div_close"), 1, OPTIONAL)): null

2019-10-31 15:13:52 - [MESSAGE][PASSED] - Object 'Object Repository/Page_Checkatrade Find a tradesperson you can trust/div_close' is present

2019-10-31 15:13:52 - [TEST_STEP][PASSED] - click(findTestObject("Page_Checkatrade Find a tradesperson you can trust/div_close")): Object: 'Object Repository/Page_Checkatrade Find a tradesperson you can trust/div_close' is clicked on

2019-10-31 15:13:52 - [MESSAGE][PASSED] - Object: 'Object Repository/Page_Checkatrade Find a tradesperson you can trust/div_close' is clicked on

2019-10-31 15:13:52 - [TEST_STEP][PASSED] - "---------------------------------": null

2019-10-31 15:13:52 - [TEST_STEP][PASSED] - "COOKIE POPOUT REMOVED - Confirmed": null

2019-10-31 15:13:52 - [TEST_STEP][PASSED] - delay(1): Delayed 1 second(s)

2019-10-31 15:13:53 - [MESSAGE][PASSED] - Delayed 1 second(s)

2019-10-31 15:13:53 - [TEST_STEP][PASSED] - verifyTextNotPresent("Checkatrade.com uses cookies to make sure you get the best browsing experience", false): Text 'Checkatrade.com uses cookies to make sure you get the best browsing experience' is not present on page

2019-10-31 15:13:54 - [MESSAGE][PASSED] - Text 'Checkatrade.com uses cookies to make sure you get the best browsing experience' is not present on page

2019-10-31 15:13:54 - [TEST_STEP][PASSED] - try: null

2019-10-31 15:13:54 - [TEST_STEP][PASSED] - if (verifyElementPresent(findTestObject("Page_Checkatrade Find a tradesperson you can trust/div_close_1"), 1, OPTIONAL)): null

2019-10-31 15:13:54 - [MESSAGE][PASSED] - Object 'Object Repository/Page_Checkatrade Find a tradesperson you can trust/div_close_1' is present

2019-10-31 15:13:54 - [TEST_STEP][PASSED] - click(findTestObject("Page_Checkatrade Find a tradesperson you can trust/div_close_1")): Object: 'Object Repository/Page_Checkatrade Find a tradesperson you can trust/div_close_1' is clicked on

2019-10-31 15:13:54 - [MESSAGE][PASSED] - Object: 'Object Repository/Page_Checkatrade Find a tradesperson you can trust/div_close_1' is clicked on

2019-10-31 15:13:54 - [TEST_STEP][PASSED] - "---------------------------------": null

2019-10-31 15:13:54 - [TEST_STEP][PASSED] - "PRIVACY POPOUT REMOVED - Confirmed": null

2019-10-31 15:13:54 - [TEST_STEP][PASSED] - delay(1): Delayed 1 second(s)

2019-10-31 15:13:55 - [MESSAGE][PASSED] - Delayed 1 second(s)

2019-10-31 15:13:55 - [TEST_STEP][PASSED] - verifyTextNotPresent("We have updated our Privacy Policy, please review this", false): Text 'We have updated our Privacy Policy, please review this' is not present on page

2019-10-31 15:13:56 - [MESSAGE][PASSED] - Text 'We have updated our Privacy Policy, please review this' is not present on page

2019-10-31 15:13:56 - [MESSAGE][PASSED] - Call Test Case 'Test Cases/Reusable_Test_Sequences/CAT_Setup' successfully

2019-10-31 15:13:56 - [TEST_STEP][PASSED] - "---------------------------------------------------------------------": null

2019-10-31 15:13:56 - [TEST_STEP][PASSED] - " Select Search on Trader Name (or ID) From Home page/Search Screen   |": null

2019-10-31 15:13:56 - [TEST_STEP][PASSED] - callTestCase(findTestCase("Reusable_Test_Sequences/CAT_Click_Search_Trade_Name"), [:], CONTINUE_ON_FAILURE): Call Test Case 'Test Cases/Reusable_Test_Sequences/CAT_Click_Search_Trade_Name' successfully

2019-10-31 15:13:56 - [TEST_CASE][PASSED] - Test Cases/Reusable_Test_Sequences/CAT_Click_Search_Trade_Name: Test Cases/Reusable_Test_Sequences/CAT_Click_Search_Trade_Name

2019-10-31 15:13:56 - [TEST_STEP][PASSED] - click(findTestObject("Page_Checkatrade Find a tradesperson you can trust/a_or look up a member by name")): Object: 'Object Repository/Page_Checkatrade Find a tradesperson you can trust/a_or look up a member by name' is clicked on

2019-10-31 15:13:56 - [MESSAGE][PASSED] - Object: 'Object Repository/Page_Checkatrade Find a tradesperson you can trust/a_or look up a member by name' is clicked on

2019-10-31 15:13:56 - [TEST_STEP][PASSED] - waitForPageLoad(60): Wait for page load successfully

2019-10-31 15:13:56 - [MESSAGE][PASSED] - Wait for page load successfully

2019-10-31 15:13:56 - [MESSAGE][PASSED] - Call Test Case 'Test Cases/Reusable_Test_Sequences/CAT_Click_Search_Trade_Name' successfully

2019-10-31 15:13:56 - [TEST_STEP][PASSED] - "---------------------------------------": null

2019-10-31 15:13:56 - [TEST_STEP][PASSED] - " Enter Trader Name (or ID) to Search   |": null

2019-10-31 15:13:56 - [TEST_STEP][PASSED] - callTestCase(findTestCase("Reusable_Test_Sequences/CAT_Enter_Trade_Name"), [:], CONTINUE_ON_FAILURE): Call Test Case 'Test Cases/Reusable_Test_Sequences/CAT_Enter_Trade_Name' successfully

2019-10-31 15:13:56 - [TEST_CASE][PASSED] - Test Cases/Reusable_Test_Sequences/CAT_Enter_Trade_Name: Test Cases/Reusable_Test_Sequences/CAT_Enter_Trade_Name

2019-10-31 15:13:56 - [TEST_STEP][PASSED] - setText(findTestObject("Page_Checkatrade Find a tradesperson you can trust/Trader_Name_To_Search"), findTestData("Search_CAT_ID_Data (1)").getValue("tradeName", row)): Text '402921' is set on object 'Object Repository/Page_Checkatrade Find a tradesperson you can trust/Trader_Name_To_Search'

2019-10-31 15:13:56 - [MESSAGE][PASSED] - Text '402921' is set on object 'Object Repository/Page_Checkatrade Find a tradesperson you can trust/Trader_Name_To_Search'

2019-10-31 15:13:56 - [MESSAGE][PASSED] - Call Test Case 'Test Cases/Reusable_Test_Sequences/CAT_Enter_Trade_Name' successfully

2019-10-31 15:13:56 - [TEST_STEP][PASSED] - "---------------------------------------": null

2019-10-31 15:13:56 - [TEST_STEP][PASSED] - " Search Trader Name (or ID)            |": null

2019-10-31 15:13:56 - [TEST_STEP][PASSED] - callTestCase(findTestCase("Reusable_Test_Sequences/CAT_Search_Trade_Name"), [:], CONTINUE_ON_FAILURE): Call Test Case 'Test Cases/Reusable_Test_Sequences/CAT_Search_Trade_Name' successfully

2019-10-31 15:13:56 - [TEST_CASE][PASSED] - Test Cases/Reusable_Test_Sequences/CAT_Search_Trade_Name: Test Cases/Reusable_Test_Sequences/CAT_Search_Trade_Name

2019-10-31 15:13:56 - [TEST_STEP][PASSED] - "Hit Search Trade Person by Name (or CAT ID) after parameters are entered": null

2019-10-31 15:13:56 - [TEST_STEP][PASSED] - click(findTestObject("Page_Checkatrade Find a tradesperson you can trust/span_Trade_Name")): Object: 'Object Repository/Page_Checkatrade Find a tradesperson you can trust/span_Trade_Name' is clicked on

2019-10-31 15:13:59 - [MESSAGE][PASSED] - Object: 'Object Repository/Page_Checkatrade Find a tradesperson you can trust/span_Trade_Name' is clicked on

2019-10-31 15:13:59 - [TEST_STEP][PASSED] - waitForPageLoad(60): Wait for page load successfully

2019-10-31 15:13:59 - [MESSAGE][PASSED] - Wait for page load successfully

2019-10-31 15:13:59 - [MESSAGE][PASSED] - Call Test Case 'Test Cases/Reusable_Test_Sequences/CAT_Search_Trade_Name' successfully

2019-10-31 15:13:59 - [TEST_STEP][PASSED] - "------------------------------------------": null

2019-10-31 15:13:59 - [TEST_STEP][PASSED] - " Scroll to Page Footer to Reveal Results  |": null

2019-10-31 15:13:59 - [TEST_STEP][PASSED] - callTestCase(findTestCase("Reusable_Test_Sequences/CAT_Scroll_to_Footer"), [:], CONTINUE_ON_FAILURE): Call Test Case 'Test Cases/Reusable_Test_Sequences/CAT_Scroll_to_Footer' successfully

2019-10-31 15:13:59 - [TEST_CASE][PASSED] - Test Cases/Reusable_Test_Sequences/CAT_Scroll_to_Footer: Test Cases/Reusable_Test_Sequences/CAT_Scroll_to_Footer

2019-10-31 15:13:59 - [TEST_STEP][PASSED] - "Scroll - To Footer on the bottom of the page (sometime off the screen) ": null

2019-10-31 15:13:59 - [TEST_STEP][PASSED] - scrollToElement(findTestObject("Page_of_Results/div_see all_footer__van-with-trailer"), 60): Scroll to object 'Object Repository/Page_of_Results/div_see all_footer__van-with-trailer' successfully

2019-10-31 15:13:59 - [MESSAGE][PASSED] - Scroll to object 'Object Repository/Page_of_Results/div_see all_footer__van-with-trailer' successfully

2019-10-31 15:13:59 - [TEST_STEP][PASSED] - delay(1): Delayed 1 second(s)

2019-10-31 15:14:00 - [MESSAGE][PASSED] - Delayed 1 second(s)

2019-10-31 15:14:00 - [MESSAGE][PASSED] - Call Test Case 'Test Cases/Reusable_Test_Sequences/CAT_Scroll_to_Footer' successfully

2019-10-31 15:14:00 - [TEST_STEP][PASSED] - "------------------------------------------": null

2019-10-31 15:14:00 - [TEST_STEP][PASSED] - " Verify Correct Location is Returned     |": null

2019-10-31 15:14:00 - [TEST_STEP][PASSED] - callTestCase(findTestCase("Reusable_Test_Sequences/CAT_Verification_Location"), [:], CONTINUE_ON_FAILURE): Call Test Case 'Test Cases/Reusable_Test_Sequences/CAT_Verification_Location' successfully

2019-10-31 15:14:00 - [TEST_CASE][PASSED] - Test Cases/Reusable_Test_Sequences/CAT_Verification_Location: Test Cases/Reusable_Test_Sequences/CAT_Verification_Location

2019-10-31 15:14:00 - [TEST_STEP][PASSED] - verifyTextPresent(findTestData("Search_CAT_ID_Data (1)").getValue("tradeNameLocationVerification", row), false): Text 'Retford, Nottinghamshire' is present on page 

2019-10-31 15:14:01 - [MESSAGE][PASSED] - Text 'Retford, Nottinghamshire' is present on page 

2019-10-31 15:14:01 - [MESSAGE][PASSED] - Call Test Case 'Test Cases/Reusable_Test_Sequences/CAT_Verification_Location' successfully

2019-10-31 15:14:01 - [TEST_STEP][PASSED] - "------------------------------------------": null

2019-10-31 15:14:01 - [TEST_STEP][PASSED] - " Verify Primary Contact is Returned     |": null

2019-10-31 15:14:01 - [TEST_STEP][PASSED] - callTestCase(findTestCase("Reusable_Test_Sequences/CAT_Verification_Primary_Contact"), [:], CONTINUE_ON_FAILURE): Call Test Case 'Test Cases/Reusable_Test_Sequences/CAT_Verification_Primary_Contact' successfully

2019-10-31 15:14:01 - [TEST_CASE][PASSED] - Test Cases/Reusable_Test_Sequences/CAT_Verification_Primary_Contact: Test Cases/Reusable_Test_Sequences/CAT_Verification_Primary_Contact

2019-10-31 15:14:01 - [TEST_STEP][PASSED] - verifyTextPresent(findTestData("Search_CAT_ID_Data (1)").getValue("primeContact", row), false): Text 'James Burton' is present on page 

2019-10-31 15:14:01 - [MESSAGE][PASSED] - Text 'James Burton' is present on page 

2019-10-31 15:14:01 - [MESSAGE][PASSED] - Call Test Case 'Test Cases/Reusable_Test_Sequences/CAT_Verification_Primary_Contact' successfully

2019-10-31 15:14:01 - [TEST_STEP][PASSED] - "--------------------------": null

2019-10-31 15:14:01 - [TEST_STEP][PASSED] - " Teardown - CLose Browser |": null

2019-10-31 15:14:01 - [TEST_STEP][PASSED] - callTestCase(findTestCase("Reusable_Test_Sequences/CAT_Teardown"), [:], STOP_ON_FAILURE): Call Test Case 'Test Cases/Reusable_Test_Sequences/CAT_Teardown' successfully

2019-10-31 15:14:02 - [TEST_CASE][PASSED] - Test Cases/Reusable_Test_Sequences/CAT_Teardown: Test Cases/Reusable_Test_Sequences/CAT_Teardown

2019-10-31 15:14:02 - [TEST_STEP][PASSED] - closeBrowser(): Browser is closed

2019-10-31 15:14:04 - [MESSAGE][PASSED] - Browser is closed

2019-10-31 15:14:04 - [MESSAGE][PASSED] - Call Test Case 'Test Cases/Reusable_Test_Sequences/CAT_Teardown' successfully

2019-10-31 15:14:04 - [TEST_STEP][PASSED] - callTestCase(findTestCase("Reusable_Test_Sequences/CAT_Setup"), [:], STOP_ON_FAILURE): Call Test Case 'Test Cases/Reusable_Test_Sequences/CAT_Setup' successfully

2019-10-31 15:14:04 - [TEST_CASE][PASSED] - Test Cases/Reusable_Test_Sequences/CAT_Setup: Test Cases/Reusable_Test_Sequences/CAT_Setup

2019-10-31 15:14:04 - [TEST_STEP][PASSED] - "URL - Set from the ENVIRONMENT PROFILE ": null

2019-10-31 15:14:04 - [TEST_STEP][PASSED] - openBrowser(URL): Browser is opened with url: 'https://www.preview.checkatrade.com/'

2019-10-31 15:14:04 - [MESSAGE][INFO] - Starting 'Firefox' driver

2019-10-31 15:14:14 - [MESSAGE][PASSED] - Browser is opened with url: 'https://www.preview.checkatrade.com/'

2019-10-31 15:14:14 - [TEST_STEP][PASSED] - maximizeWindow(): Current window maximized

2019-10-31 15:14:14 - [MESSAGE][PASSED] - Current window maximized

2019-10-31 15:14:14 - [TEST_STEP][PASSED] - waitForPageLoad(60): Wait for page load successfully

2019-10-31 15:14:14 - [MESSAGE][PASSED] - Wait for page load successfully

2019-10-31 15:14:14 - [TEST_STEP][PASSED] - waitForElementVisible(findTestObject("Page_Checkatrade Find a tradesperson you can trust/a_Search"), 25): Object 'Object Repository/Page_Checkatrade Find a tradesperson you can trust/a_Search' is visible

2019-10-31 15:14:14 - [MESSAGE][PASSED] - Object 'Object Repository/Page_Checkatrade Find a tradesperson you can trust/a_Search' is visible

2019-10-31 15:14:14 - [TEST_STEP][PASSED] - try: null

2019-10-31 15:14:14 - [TEST_STEP][PASSED] - if (verifyElementPresent(findTestObject("Page_Checkatrade Find a tradesperson you can trust/div_close"), 1, OPTIONAL)): null

2019-10-31 15:14:14 - [MESSAGE][PASSED] - Object 'Object Repository/Page_Checkatrade Find a tradesperson you can trust/div_close' is present

2019-10-31 15:14:14 - [TEST_STEP][PASSED] - click(findTestObject("Page_Checkatrade Find a tradesperson you can trust/div_close")): Object: 'Object Repository/Page_Checkatrade Find a tradesperson you can trust/div_close' is clicked on

2019-10-31 15:14:15 - [MESSAGE][PASSED] - Object: 'Object Repository/Page_Checkatrade Find a tradesperson you can trust/div_close' is clicked on

2019-10-31 15:14:15 - [TEST_STEP][PASSED] - "---------------------------------": null

2019-10-31 15:14:15 - [TEST_STEP][PASSED] - "COOKIE POPOUT REMOVED - Confirmed": null

2019-10-31 15:14:15 - [TEST_STEP][PASSED] - delay(1): Delayed 1 second(s)

2019-10-31 15:14:16 - [MESSAGE][PASSED] - Delayed 1 second(s)

2019-10-31 15:14:16 - [TEST_STEP][PASSED] - verifyTextNotPresent("Checkatrade.com uses cookies to make sure you get the best browsing experience", false): Text 'Checkatrade.com uses cookies to make sure you get the best browsing experience' is not present on page

2019-10-31 15:14:16 - [MESSAGE][PASSED] - Text 'Checkatrade.com uses cookies to make sure you get the best browsing experience' is not present on page

2019-10-31 15:14:16 - [TEST_STEP][PASSED] - try: null

2019-10-31 15:14:16 - [TEST_STEP][PASSED] - if (verifyElementPresent(findTestObject("Page_Checkatrade Find a tradesperson you can trust/div_close_1"), 1, OPTIONAL)): null

2019-10-31 15:14:16 - [MESSAGE][PASSED] - Object 'Object Repository/Page_Checkatrade Find a tradesperson you can trust/div_close_1' is present

2019-10-31 15:14:16 - [TEST_STEP][PASSED] - click(findTestObject("Page_Checkatrade Find a tradesperson you can trust/div_close_1")): Object: 'Object Repository/Page_Checkatrade Find a tradesperson you can trust/div_close_1' is clicked on

2019-10-31 15:14:17 - [MESSAGE][PASSED] - Object: 'Object Repository/Page_Checkatrade Find a tradesperson you can trust/div_close_1' is clicked on

2019-10-31 15:14:17 - [TEST_STEP][PASSED] - "---------------------------------": null

2019-10-31 15:14:17 - [TEST_STEP][PASSED] - "PRIVACY POPOUT REMOVED - Confirmed": null

2019-10-31 15:14:17 - [TEST_STEP][PASSED] - delay(1): Delayed 1 second(s)

2019-10-31 15:14:18 - [MESSAGE][PASSED] - Delayed 1 second(s)

2019-10-31 15:14:18 - [TEST_STEP][PASSED] - verifyTextNotPresent("We have updated our Privacy Policy, please review this", false): Text 'We have updated our Privacy Policy, please review this' is not present on page

2019-10-31 15:14:19 - [MESSAGE][PASSED] - Text 'We have updated our Privacy Policy, please review this' is not present on page

2019-10-31 15:14:19 - [MESSAGE][PASSED] - Call Test Case 'Test Cases/Reusable_Test_Sequences/CAT_Setup' successfully

2019-10-31 15:14:19 - [TEST_STEP][PASSED] - "---------------------------------------------------------------------": null

2019-10-31 15:14:19 - [TEST_STEP][PASSED] - " Select Search on Trader Name (or ID) From Home page/Search Screen   |": null

2019-10-31 15:14:19 - [TEST_STEP][PASSED] - callTestCase(findTestCase("Reusable_Test_Sequences/CAT_Click_Search_Trade_Name"), [:], CONTINUE_ON_FAILURE): Call Test Case 'Test Cases/Reusable_Test_Sequences/CAT_Click_Search_Trade_Name' successfully

2019-10-31 15:14:19 - [TEST_CASE][PASSED] - Test Cases/Reusable_Test_Sequences/CAT_Click_Search_Trade_Name: Test Cases/Reusable_Test_Sequences/CAT_Click_Search_Trade_Name

2019-10-31 15:14:19 - [TEST_STEP][PASSED] - click(findTestObject("Page_Checkatrade Find a tradesperson you can trust/a_or look up a member by name")): Object: 'Object Repository/Page_Checkatrade Find a tradesperson you can trust/a_or look up a member by name' is clicked on

2019-10-31 15:14:19 - [MESSAGE][PASSED] - Object: 'Object Repository/Page_Checkatrade Find a tradesperson you can trust/a_or look up a member by name' is clicked on

2019-10-31 15:14:19 - [TEST_STEP][PASSED] - waitForPageLoad(60): Wait for page load successfully

2019-10-31 15:14:19 - [MESSAGE][PASSED] - Wait for page load successfully

2019-10-31 15:14:19 - [MESSAGE][PASSED] - Call Test Case 'Test Cases/Reusable_Test_Sequences/CAT_Click_Search_Trade_Name' successfully

2019-10-31 15:14:19 - [TEST_STEP][PASSED] - "---------------------------------------": null

2019-10-31 15:14:19 - [TEST_STEP][PASSED] - " Enter Trader Name (or ID) to Search   |": null

2019-10-31 15:14:19 - [TEST_STEP][PASSED] - callTestCase(findTestCase("Reusable_Test_Sequences/CAT_Enter_Trade_Name"), [:], CONTINUE_ON_FAILURE): Call Test Case 'Test Cases/Reusable_Test_Sequences/CAT_Enter_Trade_Name' successfully

2019-10-31 15:14:19 - [TEST_CASE][PASSED] - Test Cases/Reusable_Test_Sequences/CAT_Enter_Trade_Name: Test Cases/Reusable_Test_Sequences/CAT_Enter_Trade_Name

2019-10-31 15:14:19 - [TEST_STEP][PASSED] - setText(findTestObject("Page_Checkatrade Find a tradesperson you can trust/Trader_Name_To_Search"), findTestData("Search_CAT_ID_Data (1)").getValue("tradeName", row)): Text '308682' is set on object 'Object Repository/Page_Checkatrade Find a tradesperson you can trust/Trader_Name_To_Search'

2019-10-31 15:14:20 - [MESSAGE][PASSED] - Text '308682' is set on object 'Object Repository/Page_Checkatrade Find a tradesperson you can trust/Trader_Name_To_Search'

2019-10-31 15:14:20 - [MESSAGE][PASSED] - Call Test Case 'Test Cases/Reusable_Test_Sequences/CAT_Enter_Trade_Name' successfully

2019-10-31 15:14:20 - [TEST_STEP][PASSED] - "---------------------------------------": null

2019-10-31 15:14:20 - [TEST_STEP][PASSED] - " Search Trader Name (or ID)            |": null

2019-10-31 15:14:20 - [TEST_STEP][PASSED] - callTestCase(findTestCase("Reusable_Test_Sequences/CAT_Search_Trade_Name"), [:], CONTINUE_ON_FAILURE): Call Test Case 'Test Cases/Reusable_Test_Sequences/CAT_Search_Trade_Name' successfully

2019-10-31 15:14:20 - [TEST_CASE][PASSED] - Test Cases/Reusable_Test_Sequences/CAT_Search_Trade_Name: Test Cases/Reusable_Test_Sequences/CAT_Search_Trade_Name

2019-10-31 15:14:20 - [TEST_STEP][PASSED] - "Hit Search Trade Person by Name (or CAT ID) after parameters are entered": null

2019-10-31 15:14:20 - [TEST_STEP][PASSED] - click(findTestObject("Page_Checkatrade Find a tradesperson you can trust/span_Trade_Name")): Object: 'Object Repository/Page_Checkatrade Find a tradesperson you can trust/span_Trade_Name' is clicked on

2019-10-31 15:14:22 - [MESSAGE][PASSED] - Object: 'Object Repository/Page_Checkatrade Find a tradesperson you can trust/span_Trade_Name' is clicked on

2019-10-31 15:14:22 - [TEST_STEP][PASSED] - waitForPageLoad(60): Wait for page load successfully

2019-10-31 15:14:22 - [MESSAGE][PASSED] - Wait for page load successfully

2019-10-31 15:14:22 - [MESSAGE][PASSED] - Call Test Case 'Test Cases/Reusable_Test_Sequences/CAT_Search_Trade_Name' successfully

2019-10-31 15:14:22 - [TEST_STEP][PASSED] - "------------------------------------------": null

2019-10-31 15:14:22 - [TEST_STEP][PASSED] - " Scroll to Page Footer to Reveal Results  |": null

2019-10-31 15:14:22 - [TEST_STEP][PASSED] - callTestCase(findTestCase("Reusable_Test_Sequences/CAT_Scroll_to_Footer"), [:], CONTINUE_ON_FAILURE): Call Test Case 'Test Cases/Reusable_Test_Sequences/CAT_Scroll_to_Footer' successfully

2019-10-31 15:14:22 - [TEST_CASE][PASSED] - Test Cases/Reusable_Test_Sequences/CAT_Scroll_to_Footer: Test Cases/Reusable_Test_Sequences/CAT_Scroll_to_Footer

2019-10-31 15:14:22 - [TEST_STEP][PASSED] - "Scroll - To Footer on the bottom of the page (sometime off the screen) ": null

2019-10-31 15:14:22 - [TEST_STEP][PASSED] - scrollToElement(findTestObject("Page_of_Results/div_see all_footer__van-with-trailer"), 60): Scroll to object 'Object Repository/Page_of_Results/div_see all_footer__van-with-trailer' successfully

2019-10-31 15:14:23 - [MESSAGE][PASSED] - Scroll to object 'Object Repository/Page_of_Results/div_see all_footer__van-with-trailer' successfully

2019-10-31 15:14:23 - [TEST_STEP][PASSED] - delay(1): Delayed 1 second(s)

2019-10-31 15:14:24 - [MESSAGE][PASSED] - Delayed 1 second(s)

2019-10-31 15:14:24 - [MESSAGE][PASSED] - Call Test Case 'Test Cases/Reusable_Test_Sequences/CAT_Scroll_to_Footer' successfully

2019-10-31 15:14:24 - [TEST_STEP][PASSED] - "------------------------------------------": null

2019-10-31 15:14:24 - [TEST_STEP][PASSED] - " Verify Correct Location is Returned     |": null

2019-10-31 15:14:24 - [TEST_STEP][PASSED] - callTestCase(findTestCase("Reusable_Test_Sequences/CAT_Verification_Location"), [:], CONTINUE_ON_FAILURE): Call Test Case 'Test Cases/Reusable_Test_Sequences/CAT_Verification_Location' successfully

2019-10-31 15:14:24 - [TEST_CASE][PASSED] - Test Cases/Reusable_Test_Sequences/CAT_Verification_Location: Test Cases/Reusable_Test_Sequences/CAT_Verification_Location

2019-10-31 15:14:24 - [TEST_STEP][PASSED] - verifyTextPresent(findTestData("Search_CAT_ID_Data (1)").getValue("tradeNameLocationVerification", row), false): Text 'Banbury, Oxfordshire' is present on page 

2019-10-31 15:14:25 - [MESSAGE][PASSED] - Text 'Banbury, Oxfordshire' is present on page 

2019-10-31 15:14:25 - [MESSAGE][PASSED] - Call Test Case 'Test Cases/Reusable_Test_Sequences/CAT_Verification_Location' successfully

2019-10-31 15:14:25 - [TEST_STEP][PASSED] - "------------------------------------------": null

2019-10-31 15:14:25 - [TEST_STEP][PASSED] - " Verify Primary Contact is Returned     |": null

2019-10-31 15:14:25 - [TEST_STEP][PASSED] - callTestCase(findTestCase("Reusable_Test_Sequences/CAT_Verification_Primary_Contact"), [:], CONTINUE_ON_FAILURE): Call Test Case 'Test Cases/Reusable_Test_Sequences/CAT_Verification_Primary_Contact' successfully

2019-10-31 15:14:25 - [TEST_CASE][PASSED] - Test Cases/Reusable_Test_Sequences/CAT_Verification_Primary_Contact: Test Cases/Reusable_Test_Sequences/CAT_Verification_Primary_Contact

2019-10-31 15:14:25 - [TEST_STEP][PASSED] - verifyTextPresent(findTestData("Search_CAT_ID_Data (1)").getValue("primeContact", row), false): Text 'Andrew Whitaker' is present on page 

2019-10-31 15:14:26 - [MESSAGE][PASSED] - Text 'Andrew Whitaker' is present on page 

2019-10-31 15:14:26 - [MESSAGE][PASSED] - Call Test Case 'Test Cases/Reusable_Test_Sequences/CAT_Verification_Primary_Contact' successfully

2019-10-31 15:14:26 - [TEST_STEP][PASSED] - "--------------------------": null

2019-10-31 15:14:26 - [TEST_STEP][PASSED] - " Teardown - CLose Browser |": null

2019-10-31 15:14:26 - [TEST_STEP][PASSED] - callTestCase(findTestCase("Reusable_Test_Sequences/CAT_Teardown"), [:], STOP_ON_FAILURE): Call Test Case 'Test Cases/Reusable_Test_Sequences/CAT_Teardown' successfully

2019-10-31 15:14:26 - [TEST_CASE][PASSED] - Test Cases/Reusable_Test_Sequences/CAT_Teardown: Test Cases/Reusable_Test_Sequences/CAT_Teardown

2019-10-31 15:14:26 - [TEST_STEP][PASSED] - closeBrowser(): Browser is closed

2019-10-31 15:14:29 - [MESSAGE][PASSED] - Browser is closed

2019-10-31 15:14:29 - [MESSAGE][PASSED] - Call Test Case 'Test Cases/Reusable_Test_Sequences/CAT_Teardown' successfully

2019-10-31 15:14:29 - [TEST_STEP][PASSED] - callTestCase(findTestCase("Reusable_Test_Sequences/CAT_Setup"), [:], STOP_ON_FAILURE): Call Test Case 'Test Cases/Reusable_Test_Sequences/CAT_Setup' successfully

2019-10-31 15:14:29 - [TEST_CASE][PASSED] - Test Cases/Reusable_Test_Sequences/CAT_Setup: Test Cases/Reusable_Test_Sequences/CAT_Setup

2019-10-31 15:14:29 - [TEST_STEP][PASSED] - "URL - Set from the ENVIRONMENT PROFILE ": null

2019-10-31 15:14:29 - [TEST_STEP][PASSED] - openBrowser(URL): Browser is opened with url: 'https://www.preview.checkatrade.com/'

2019-10-31 15:14:29 - [MESSAGE][INFO] - Starting 'Firefox' driver

2019-10-31 15:14:39 - [MESSAGE][PASSED] - Browser is opened with url: 'https://www.preview.checkatrade.com/'

2019-10-31 15:14:39 - [TEST_STEP][PASSED] - maximizeWindow(): Current window maximized

2019-10-31 15:14:40 - [MESSAGE][PASSED] - Current window maximized

2019-10-31 15:14:40 - [TEST_STEP][PASSED] - waitForPageLoad(60): Wait for page load successfully

2019-10-31 15:14:40 - [MESSAGE][PASSED] - Wait for page load successfully

2019-10-31 15:14:40 - [TEST_STEP][PASSED] - waitForElementVisible(findTestObject("Page_Checkatrade Find a tradesperson you can trust/a_Search"), 25): Object 'Object Repository/Page_Checkatrade Find a tradesperson you can trust/a_Search' is visible

2019-10-31 15:14:40 - [MESSAGE][PASSED] - Object 'Object Repository/Page_Checkatrade Find a tradesperson you can trust/a_Search' is visible

2019-10-31 15:14:40 - [TEST_STEP][PASSED] - try: null

2019-10-31 15:14:40 - [TEST_STEP][PASSED] - if (verifyElementPresent(findTestObject("Page_Checkatrade Find a tradesperson you can trust/div_close"), 1, OPTIONAL)): null

2019-10-31 15:14:40 - [MESSAGE][PASSED] - Object 'Object Repository/Page_Checkatrade Find a tradesperson you can trust/div_close' is present

2019-10-31 15:14:40 - [TEST_STEP][PASSED] - click(findTestObject("Page_Checkatrade Find a tradesperson you can trust/div_close")): Object: 'Object Repository/Page_Checkatrade Find a tradesperson you can trust/div_close' is clicked on

2019-10-31 15:14:40 - [MESSAGE][PASSED] - Object: 'Object Repository/Page_Checkatrade Find a tradesperson you can trust/div_close' is clicked on

2019-10-31 15:14:40 - [TEST_STEP][PASSED] - "---------------------------------": null

2019-10-31 15:14:40 - [TEST_STEP][PASSED] - "COOKIE POPOUT REMOVED - Confirmed": null

2019-10-31 15:14:40 - [TEST_STEP][PASSED] - delay(1): Delayed 1 second(s)

2019-10-31 15:14:41 - [MESSAGE][PASSED] - Delayed 1 second(s)

2019-10-31 15:14:41 - [TEST_STEP][PASSED] - verifyTextNotPresent("Checkatrade.com uses cookies to make sure you get the best browsing experience", false): Text 'Checkatrade.com uses cookies to make sure you get the best browsing experience' is not present on page

2019-10-31 15:14:42 - [MESSAGE][PASSED] - Text 'Checkatrade.com uses cookies to make sure you get the best browsing experience' is not present on page

2019-10-31 15:14:42 - [TEST_STEP][PASSED] - try: null

2019-10-31 15:14:42 - [TEST_STEP][PASSED] - if (verifyElementPresent(findTestObject("Page_Checkatrade Find a tradesperson you can trust/div_close_1"), 1, OPTIONAL)): null

2019-10-31 15:14:42 - [MESSAGE][PASSED] - Object 'Object Repository/Page_Checkatrade Find a tradesperson you can trust/div_close_1' is present

2019-10-31 15:14:42 - [TEST_STEP][PASSED] - click(findTestObject("Page_Checkatrade Find a tradesperson you can trust/div_close_1")): Object: 'Object Repository/Page_Checkatrade Find a tradesperson you can trust/div_close_1' is clicked on

2019-10-31 15:14:42 - [MESSAGE][PASSED] - Object: 'Object Repository/Page_Checkatrade Find a tradesperson you can trust/div_close_1' is clicked on

2019-10-31 15:14:42 - [TEST_STEP][PASSED] - "---------------------------------": null

2019-10-31 15:14:42 - [TEST_STEP][PASSED] - "PRIVACY POPOUT REMOVED - Confirmed": null

2019-10-31 15:14:42 - [TEST_STEP][PASSED] - delay(1): Delayed 1 second(s)

2019-10-31 15:14:43 - [MESSAGE][PASSED] - Delayed 1 second(s)

2019-10-31 15:14:43 - [TEST_STEP][PASSED] - verifyTextNotPresent("We have updated our Privacy Policy, please review this", false): Text 'We have updated our Privacy Policy, please review this' is not present on page

2019-10-31 15:14:44 - [MESSAGE][PASSED] - Text 'We have updated our Privacy Policy, please review this' is not present on page

2019-10-31 15:14:44 - [MESSAGE][PASSED] - Call Test Case 'Test Cases/Reusable_Test_Sequences/CAT_Setup' successfully

2019-10-31 15:14:44 - [TEST_STEP][PASSED] - "---------------------------------------------------------------------": null

2019-10-31 15:14:44 - [TEST_STEP][PASSED] - " Select Search on Trader Name (or ID) From Home page/Search Screen   |": null

2019-10-31 15:14:44 - [TEST_STEP][PASSED] - callTestCase(findTestCase("Reusable_Test_Sequences/CAT_Click_Search_Trade_Name"), [:], CONTINUE_ON_FAILURE): Call Test Case 'Test Cases/Reusable_Test_Sequences/CAT_Click_Search_Trade_Name' successfully

2019-10-31 15:14:44 - [TEST_CASE][PASSED] - Test Cases/Reusable_Test_Sequences/CAT_Click_Search_Trade_Name: Test Cases/Reusable_Test_Sequences/CAT_Click_Search_Trade_Name

2019-10-31 15:14:44 - [TEST_STEP][PASSED] - click(findTestObject("Page_Checkatrade Find a tradesperson you can trust/a_or look up a member by name")): Object: 'Object Repository/Page_Checkatrade Find a tradesperson you can trust/a_or look up a member by name' is clicked on

2019-10-31 15:14:44 - [MESSAGE][PASSED] - Object: 'Object Repository/Page_Checkatrade Find a tradesperson you can trust/a_or look up a member by name' is clicked on

2019-10-31 15:14:44 - [TEST_STEP][PASSED] - waitForPageLoad(60): Wait for page load successfully

2019-10-31 15:14:44 - [MESSAGE][PASSED] - Wait for page load successfully

2019-10-31 15:14:44 - [MESSAGE][PASSED] - Call Test Case 'Test Cases/Reusable_Test_Sequences/CAT_Click_Search_Trade_Name' successfully

2019-10-31 15:14:44 - [TEST_STEP][PASSED] - "---------------------------------------": null

2019-10-31 15:14:44 - [TEST_STEP][PASSED] - " Enter Trader Name (or ID) to Search   |": null

2019-10-31 15:14:44 - [TEST_STEP][PASSED] - callTestCase(findTestCase("Reusable_Test_Sequences/CAT_Enter_Trade_Name"), [:], CONTINUE_ON_FAILURE): Call Test Case 'Test Cases/Reusable_Test_Sequences/CAT_Enter_Trade_Name' successfully

2019-10-31 15:14:44 - [TEST_CASE][PASSED] - Test Cases/Reusable_Test_Sequences/CAT_Enter_Trade_Name: Test Cases/Reusable_Test_Sequences/CAT_Enter_Trade_Name

2019-10-31 15:14:44 - [TEST_STEP][PASSED] - setText(findTestObject("Page_Checkatrade Find a tradesperson you can trust/Trader_Name_To_Search"), findTestData("Search_CAT_ID_Data (1)").getValue("tradeName", row)): Text '81557' is set on object 'Object Repository/Page_Checkatrade Find a tradesperson you can trust/Trader_Name_To_Search'

2019-10-31 15:14:45 - [MESSAGE][PASSED] - Text '81557' is set on object 'Object Repository/Page_Checkatrade Find a tradesperson you can trust/Trader_Name_To_Search'

2019-10-31 15:14:45 - [MESSAGE][PASSED] - Call Test Case 'Test Cases/Reusable_Test_Sequences/CAT_Enter_Trade_Name' successfully

2019-10-31 15:14:45 - [TEST_STEP][PASSED] - "---------------------------------------": null

2019-10-31 15:14:45 - [TEST_STEP][PASSED] - " Search Trader Name (or ID)            |": null

2019-10-31 15:14:45 - [TEST_STEP][PASSED] - callTestCase(findTestCase("Reusable_Test_Sequences/CAT_Search_Trade_Name"), [:], CONTINUE_ON_FAILURE): Call Test Case 'Test Cases/Reusable_Test_Sequences/CAT_Search_Trade_Name' successfully

2019-10-31 15:14:45 - [TEST_CASE][PASSED] - Test Cases/Reusable_Test_Sequences/CAT_Search_Trade_Name: Test Cases/Reusable_Test_Sequences/CAT_Search_Trade_Name

2019-10-31 15:14:45 - [TEST_STEP][PASSED] - "Hit Search Trade Person by Name (or CAT ID) after parameters are entered": null

2019-10-31 15:14:45 - [TEST_STEP][PASSED] - click(findTestObject("Page_Checkatrade Find a tradesperson you can trust/span_Trade_Name")): Object: 'Object Repository/Page_Checkatrade Find a tradesperson you can trust/span_Trade_Name' is clicked on

2019-10-31 15:14:48 - [MESSAGE][PASSED] - Object: 'Object Repository/Page_Checkatrade Find a tradesperson you can trust/span_Trade_Name' is clicked on

2019-10-31 15:14:48 - [TEST_STEP][PASSED] - waitForPageLoad(60): Wait for page load successfully

2019-10-31 15:14:49 - [MESSAGE][PASSED] - Wait for page load successfully

2019-10-31 15:14:49 - [MESSAGE][PASSED] - Call Test Case 'Test Cases/Reusable_Test_Sequences/CAT_Search_Trade_Name' successfully

2019-10-31 15:14:49 - [TEST_STEP][PASSED] - "------------------------------------------": null

2019-10-31 15:14:49 - [TEST_STEP][PASSED] - " Scroll to Page Footer to Reveal Results  |": null

2019-10-31 15:14:49 - [TEST_STEP][PASSED] - callTestCase(findTestCase("Reusable_Test_Sequences/CAT_Scroll_to_Footer"), [:], CONTINUE_ON_FAILURE): Call Test Case 'Test Cases/Reusable_Test_Sequences/CAT_Scroll_to_Footer' successfully

2019-10-31 15:14:49 - [TEST_CASE][PASSED] - Test Cases/Reusable_Test_Sequences/CAT_Scroll_to_Footer: Test Cases/Reusable_Test_Sequences/CAT_Scroll_to_Footer

2019-10-31 15:14:49 - [TEST_STEP][PASSED] - "Scroll - To Footer on the bottom of the page (sometime off the screen) ": null

2019-10-31 15:14:49 - [TEST_STEP][PASSED] - scrollToElement(findTestObject("Page_of_Results/div_see all_footer__van-with-trailer"), 60): Scroll to object 'Object Repository/Page_of_Results/div_see all_footer__van-with-trailer' successfully

2019-10-31 15:14:49 - [MESSAGE][PASSED] - Scroll to object 'Object Repository/Page_of_Results/div_see all_footer__van-with-trailer' successfully

2019-10-31 15:14:49 - [TEST_STEP][PASSED] - delay(1): Delayed 1 second(s)

2019-10-31 15:14:50 - [MESSAGE][PASSED] - Delayed 1 second(s)

2019-10-31 15:14:50 - [MESSAGE][PASSED] - Call Test Case 'Test Cases/Reusable_Test_Sequences/CAT_Scroll_to_Footer' successfully

2019-10-31 15:14:50 - [TEST_STEP][PASSED] - "------------------------------------------": null

2019-10-31 15:14:50 - [TEST_STEP][PASSED] - " Verify Correct Location is Returned     |": null

2019-10-31 15:14:50 - [TEST_STEP][PASSED] - callTestCase(findTestCase("Reusable_Test_Sequences/CAT_Verification_Location"), [:], CONTINUE_ON_FAILURE): Call Test Case 'Test Cases/Reusable_Test_Sequences/CAT_Verification_Location' successfully

2019-10-31 15:14:50 - [TEST_CASE][PASSED] - Test Cases/Reusable_Test_Sequences/CAT_Verification_Location: Test Cases/Reusable_Test_Sequences/CAT_Verification_Location

2019-10-31 15:14:50 - [TEST_STEP][PASSED] - verifyTextPresent(findTestData("Search_CAT_ID_Data (1)").getValue("tradeNameLocationVerification", row), false): Text 'Littlehampton, West Sussex' is present on page 

2019-10-31 15:14:51 - [MESSAGE][PASSED] - Text 'Littlehampton, West Sussex' is present on page 

2019-10-31 15:14:51 - [MESSAGE][PASSED] - Call Test Case 'Test Cases/Reusable_Test_Sequences/CAT_Verification_Location' successfully

2019-10-31 15:14:51 - [TEST_STEP][PASSED] - "------------------------------------------": null

2019-10-31 15:14:51 - [TEST_STEP][PASSED] - " Verify Primary Contact is Returned     |": null

2019-10-31 15:14:51 - [TEST_STEP][PASSED] - callTestCase(findTestCase("Reusable_Test_Sequences/CAT_Verification_Primary_Contact"), [:], CONTINUE_ON_FAILURE): Call Test Case 'Test Cases/Reusable_Test_Sequences/CAT_Verification_Primary_Contact' successfully

2019-10-31 15:14:51 - [TEST_CASE][PASSED] - Test Cases/Reusable_Test_Sequences/CAT_Verification_Primary_Contact: Test Cases/Reusable_Test_Sequences/CAT_Verification_Primary_Contact

2019-10-31 15:14:51 - [TEST_STEP][PASSED] - verifyTextPresent(findTestData("Search_CAT_ID_Data (1)").getValue("primeContact", row), false): Text 'Dan Hunt' is present on page 

2019-10-31 15:14:52 - [MESSAGE][PASSED] - Text 'Dan Hunt' is present on page 

2019-10-31 15:14:52 - [MESSAGE][PASSED] - Call Test Case 'Test Cases/Reusable_Test_Sequences/CAT_Verification_Primary_Contact' successfully

2019-10-31 15:14:52 - [TEST_STEP][PASSED] - "--------------------------": null

2019-10-31 15:14:52 - [TEST_STEP][PASSED] - " Teardown - CLose Browser |": null

2019-10-31 15:14:52 - [TEST_STEP][PASSED] - callTestCase(findTestCase("Reusable_Test_Sequences/CAT_Teardown"), [:], STOP_ON_FAILURE): Call Test Case 'Test Cases/Reusable_Test_Sequences/CAT_Teardown' successfully

2019-10-31 15:14:52 - [TEST_CASE][PASSED] - Test Cases/Reusable_Test_Sequences/CAT_Teardown: Test Cases/Reusable_Test_Sequences/CAT_Teardown

2019-10-31 15:14:52 - [TEST_STEP][PASSED] - closeBrowser(): Browser is closed

2019-10-31 15:14:55 - [MESSAGE][PASSED] - Browser is closed

2019-10-31 15:14:55 - [MESSAGE][PASSED] - Call Test Case 'Test Cases/Reusable_Test_Sequences/CAT_Teardown' successfully

2019-10-31 15:14:55 - [TEST_STEP][PASSED] - callTestCase(findTestCase("Reusable_Test_Sequences/CAT_Setup"), [:], STOP_ON_FAILURE): Call Test Case 'Test Cases/Reusable_Test_Sequences/CAT_Setup' successfully

2019-10-31 15:14:55 - [TEST_CASE][PASSED] - Test Cases/Reusable_Test_Sequences/CAT_Setup: Test Cases/Reusable_Test_Sequences/CAT_Setup

2019-10-31 15:14:55 - [TEST_STEP][PASSED] - "URL - Set from the ENVIRONMENT PROFILE ": null

2019-10-31 15:14:55 - [TEST_STEP][PASSED] - openBrowser(URL): Browser is opened with url: 'https://www.preview.checkatrade.com/'

2019-10-31 15:14:55 - [MESSAGE][INFO] - Starting 'Firefox' driver

2019-10-31 15:15:08 - [MESSAGE][PASSED] - Browser is opened with url: 'https://www.preview.checkatrade.com/'

2019-10-31 15:15:08 - [TEST_STEP][PASSED] - maximizeWindow(): Current window maximized

2019-10-31 15:15:08 - [MESSAGE][PASSED] - Current window maximized

2019-10-31 15:15:08 - [TEST_STEP][PASSED] - waitForPageLoad(60): Wait for page load successfully

2019-10-31 15:15:08 - [MESSAGE][PASSED] - Wait for page load successfully

2019-10-31 15:15:08 - [TEST_STEP][PASSED] - waitForElementVisible(findTestObject("Page_Checkatrade Find a tradesperson you can trust/a_Search"), 25): Object 'Object Repository/Page_Checkatrade Find a tradesperson you can trust/a_Search' is visible

2019-10-31 15:15:08 - [MESSAGE][PASSED] - Object 'Object Repository/Page_Checkatrade Find a tradesperson you can trust/a_Search' is visible

2019-10-31 15:15:08 - [TEST_STEP][PASSED] - try: null

2019-10-31 15:15:08 - [TEST_STEP][PASSED] - if (verifyElementPresent(findTestObject("Page_Checkatrade Find a tradesperson you can trust/div_close"), 1, OPTIONAL)): null

2019-10-31 15:15:08 - [MESSAGE][PASSED] - Object 'Object Repository/Page_Checkatrade Find a tradesperson you can trust/div_close' is present

2019-10-31 15:15:08 - [TEST_STEP][PASSED] - click(findTestObject("Page_Checkatrade Find a tradesperson you can trust/div_close")): Object: 'Object Repository/Page_Checkatrade Find a tradesperson you can trust/div_close' is clicked on

2019-10-31 15:15:09 - [MESSAGE][PASSED] - Object: 'Object Repository/Page_Checkatrade Find a tradesperson you can trust/div_close' is clicked on

2019-10-31 15:15:09 - [TEST_STEP][PASSED] - "---------------------------------": null

2019-10-31 15:15:09 - [TEST_STEP][PASSED] - "COOKIE POPOUT REMOVED - Confirmed": null

2019-10-31 15:15:09 - [TEST_STEP][PASSED] - delay(1): Delayed 1 second(s)

2019-10-31 15:15:10 - [MESSAGE][PASSED] - Delayed 1 second(s)

2019-10-31 15:15:10 - [TEST_STEP][PASSED] - verifyTextNotPresent("Checkatrade.com uses cookies to make sure you get the best browsing experience", false): Text 'Checkatrade.com uses cookies to make sure you get the best browsing experience' is not present on page

2019-10-31 15:15:10 - [MESSAGE][PASSED] - Text 'Checkatrade.com uses cookies to make sure you get the best browsing experience' is not present on page

2019-10-31 15:15:10 - [TEST_STEP][PASSED] - try: null

2019-10-31 15:15:10 - [TEST_STEP][PASSED] - if (verifyElementPresent(findTestObject("Page_Checkatrade Find a tradesperson you can trust/div_close_1"), 1, OPTIONAL)): null

2019-10-31 15:15:11 - [MESSAGE][PASSED] - Object 'Object Repository/Page_Checkatrade Find a tradesperson you can trust/div_close_1' is present

2019-10-31 15:15:11 - [TEST_STEP][PASSED] - click(findTestObject("Page_Checkatrade Find a tradesperson you can trust/div_close_1")): Object: 'Object Repository/Page_Checkatrade Find a tradesperson you can trust/div_close_1' is clicked on

2019-10-31 15:15:11 - [MESSAGE][PASSED] - Object: 'Object Repository/Page_Checkatrade Find a tradesperson you can trust/div_close_1' is clicked on

2019-10-31 15:15:11 - [TEST_STEP][PASSED] - "---------------------------------": null

2019-10-31 15:15:11 - [TEST_STEP][PASSED] - "PRIVACY POPOUT REMOVED - Confirmed": null

2019-10-31 15:15:11 - [TEST_STEP][PASSED] - delay(1): Delayed 1 second(s)

2019-10-31 15:15:12 - [MESSAGE][PASSED] - Delayed 1 second(s)

2019-10-31 15:15:12 - [TEST_STEP][PASSED] - verifyTextNotPresent("We have updated our Privacy Policy, please review this", false): Text 'We have updated our Privacy Policy, please review this' is not present on page

2019-10-31 15:15:13 - [MESSAGE][PASSED] - Text 'We have updated our Privacy Policy, please review this' is not present on page

2019-10-31 15:15:13 - [MESSAGE][PASSED] - Call Test Case 'Test Cases/Reusable_Test_Sequences/CAT_Setup' successfully

2019-10-31 15:15:13 - [TEST_STEP][PASSED] - "---------------------------------------------------------------------": null

2019-10-31 15:15:13 - [TEST_STEP][PASSED] - " Select Search on Trader Name (or ID) From Home page/Search Screen   |": null

2019-10-31 15:15:13 - [TEST_STEP][PASSED] - callTestCase(findTestCase("Reusable_Test_Sequences/CAT_Click_Search_Trade_Name"), [:], CONTINUE_ON_FAILURE): Call Test Case 'Test Cases/Reusable_Test_Sequences/CAT_Click_Search_Trade_Name' successfully

2019-10-31 15:15:13 - [TEST_CASE][PASSED] - Test Cases/Reusable_Test_Sequences/CAT_Click_Search_Trade_Name: Test Cases/Reusable_Test_Sequences/CAT_Click_Search_Trade_Name

2019-10-31 15:15:13 - [TEST_STEP][PASSED] - click(findTestObject("Page_Checkatrade Find a tradesperson you can trust/a_or look up a member by name")): Object: 'Object Repository/Page_Checkatrade Find a tradesperson you can trust/a_or look up a member by name' is clicked on

2019-10-31 15:15:13 - [MESSAGE][PASSED] - Object: 'Object Repository/Page_Checkatrade Find a tradesperson you can trust/a_or look up a member by name' is clicked on

2019-10-31 15:15:13 - [TEST_STEP][PASSED] - waitForPageLoad(60): Wait for page load successfully

2019-10-31 15:15:13 - [MESSAGE][PASSED] - Wait for page load successfully

2019-10-31 15:15:13 - [MESSAGE][PASSED] - Call Test Case 'Test Cases/Reusable_Test_Sequences/CAT_Click_Search_Trade_Name' successfully

2019-10-31 15:15:13 - [TEST_STEP][PASSED] - "---------------------------------------": null

2019-10-31 15:15:13 - [TEST_STEP][PASSED] - " Enter Trader Name (or ID) to Search   |": null

2019-10-31 15:15:13 - [TEST_STEP][PASSED] - callTestCase(findTestCase("Reusable_Test_Sequences/CAT_Enter_Trade_Name"), [:], CONTINUE_ON_FAILURE): Call Test Case 'Test Cases/Reusable_Test_Sequences/CAT_Enter_Trade_Name' successfully

2019-10-31 15:15:13 - [TEST_CASE][PASSED] - Test Cases/Reusable_Test_Sequences/CAT_Enter_Trade_Name: Test Cases/Reusable_Test_Sequences/CAT_Enter_Trade_Name

2019-10-31 15:15:13 - [TEST_STEP][PASSED] - setText(findTestObject("Page_Checkatrade Find a tradesperson you can trust/Trader_Name_To_Search"), findTestData("Search_CAT_ID_Data (1)").getValue("tradeName", row)): Text '381198' is set on object 'Object Repository/Page_Checkatrade Find a tradesperson you can trust/Trader_Name_To_Search'

2019-10-31 15:15:13 - [MESSAGE][PASSED] - Text '381198' is set on object 'Object Repository/Page_Checkatrade Find a tradesperson you can trust/Trader_Name_To_Search'

2019-10-31 15:15:13 - [MESSAGE][PASSED] - Call Test Case 'Test Cases/Reusable_Test_Sequences/CAT_Enter_Trade_Name' successfully

2019-10-31 15:15:13 - [TEST_STEP][PASSED] - "---------------------------------------": null

2019-10-31 15:15:13 - [TEST_STEP][PASSED] - " Search Trader Name (or ID)            |": null

2019-10-31 15:15:13 - [TEST_STEP][PASSED] - callTestCase(findTestCase("Reusable_Test_Sequences/CAT_Search_Trade_Name"), [:], CONTINUE_ON_FAILURE): Call Test Case 'Test Cases/Reusable_Test_Sequences/CAT_Search_Trade_Name' successfully

2019-10-31 15:15:13 - [TEST_CASE][PASSED] - Test Cases/Reusable_Test_Sequences/CAT_Search_Trade_Name: Test Cases/Reusable_Test_Sequences/CAT_Search_Trade_Name

2019-10-31 15:15:13 - [TEST_STEP][PASSED] - "Hit Search Trade Person by Name (or CAT ID) after parameters are entered": null

2019-10-31 15:15:13 - [TEST_STEP][PASSED] - click(findTestObject("Page_Checkatrade Find a tradesperson you can trust/span_Trade_Name")): Object: 'Object Repository/Page_Checkatrade Find a tradesperson you can trust/span_Trade_Name' is clicked on

2019-10-31 15:15:17 - [MESSAGE][PASSED] - Object: 'Object Repository/Page_Checkatrade Find a tradesperson you can trust/span_Trade_Name' is clicked on

2019-10-31 15:15:17 - [TEST_STEP][PASSED] - waitForPageLoad(60): Wait for page load successfully

2019-10-31 15:15:17 - [MESSAGE][PASSED] - Wait for page load successfully

2019-10-31 15:15:17 - [MESSAGE][PASSED] - Call Test Case 'Test Cases/Reusable_Test_Sequences/CAT_Search_Trade_Name' successfully

2019-10-31 15:15:17 - [TEST_STEP][PASSED] - "------------------------------------------": null

2019-10-31 15:15:17 - [TEST_STEP][PASSED] - " Scroll to Page Footer to Reveal Results  |": null

2019-10-31 15:15:17 - [TEST_STEP][PASSED] - callTestCase(findTestCase("Reusable_Test_Sequences/CAT_Scroll_to_Footer"), [:], CONTINUE_ON_FAILURE): Call Test Case 'Test Cases/Reusable_Test_Sequences/CAT_Scroll_to_Footer' successfully

2019-10-31 15:15:17 - [TEST_CASE][PASSED] - Test Cases/Reusable_Test_Sequences/CAT_Scroll_to_Footer: Test Cases/Reusable_Test_Sequences/CAT_Scroll_to_Footer

2019-10-31 15:15:17 - [TEST_STEP][PASSED] - "Scroll - To Footer on the bottom of the page (sometime off the screen) ": null

2019-10-31 15:15:17 - [TEST_STEP][PASSED] - scrollToElement(findTestObject("Page_of_Results/div_see all_footer__van-with-trailer"), 60): Scroll to object 'Object Repository/Page_of_Results/div_see all_footer__van-with-trailer' successfully

2019-10-31 15:15:17 - [MESSAGE][PASSED] - Scroll to object 'Object Repository/Page_of_Results/div_see all_footer__van-with-trailer' successfully

2019-10-31 15:15:17 - [TEST_STEP][PASSED] - delay(1): Delayed 1 second(s)

2019-10-31 15:15:18 - [MESSAGE][PASSED] - Delayed 1 second(s)

2019-10-31 15:15:18 - [MESSAGE][PASSED] - Call Test Case 'Test Cases/Reusable_Test_Sequences/CAT_Scroll_to_Footer' successfully

2019-10-31 15:15:18 - [TEST_STEP][PASSED] - "------------------------------------------": null

2019-10-31 15:15:18 - [TEST_STEP][PASSED] - " Verify Correct Location is Returned     |": null

2019-10-31 15:15:18 - [TEST_STEP][PASSED] - callTestCase(findTestCase("Reusable_Test_Sequences/CAT_Verification_Location"), [:], CONTINUE_ON_FAILURE): Call Test Case 'Test Cases/Reusable_Test_Sequences/CAT_Verification_Location' successfully

2019-10-31 15:15:18 - [TEST_CASE][PASSED] - Test Cases/Reusable_Test_Sequences/CAT_Verification_Location: Test Cases/Reusable_Test_Sequences/CAT_Verification_Location

2019-10-31 15:15:18 - [TEST_STEP][PASSED] - verifyTextPresent(findTestData("Search_CAT_ID_Data (1)").getValue("tradeNameLocationVerification", row), false): Text 'Bognor Regis' is present on page 

2019-10-31 15:15:21 - [MESSAGE][PASSED] - Text 'Bognor Regis' is present on page 

2019-10-31 15:15:21 - [MESSAGE][PASSED] - Call Test Case 'Test Cases/Reusable_Test_Sequences/CAT_Verification_Location' successfully

2019-10-31 15:15:21 - [TEST_STEP][PASSED] - "------------------------------------------": null

2019-10-31 15:15:21 - [TEST_STEP][PASSED] - " Verify Primary Contact is Returned     |": null

2019-10-31 15:15:21 - [TEST_STEP][PASSED] - callTestCase(findTestCase("Reusable_Test_Sequences/CAT_Verification_Primary_Contact"), [:], CONTINUE_ON_FAILURE): Call Test Case 'Test Cases/Reusable_Test_Sequences/CAT_Verification_Primary_Contact' successfully

2019-10-31 15:15:21 - [TEST_CASE][PASSED] - Test Cases/Reusable_Test_Sequences/CAT_Verification_Primary_Contact: Test Cases/Reusable_Test_Sequences/CAT_Verification_Primary_Contact

2019-10-31 15:15:21 - [TEST_STEP][PASSED] - verifyTextPresent(findTestData("Search_CAT_ID_Data (1)").getValue("primeContact", row), false): Text 'Mr Scott Heyburn' is present on page 

2019-10-31 15:15:22 - [MESSAGE][PASSED] - Text 'Mr Scott Heyburn' is present on page 

2019-10-31 15:15:22 - [MESSAGE][PASSED] - Call Test Case 'Test Cases/Reusable_Test_Sequences/CAT_Verification_Primary_Contact' successfully

2019-10-31 15:15:22 - [TEST_STEP][PASSED] - "--------------------------": null

2019-10-31 15:15:22 - [TEST_STEP][PASSED] - " Teardown - CLose Browser |": null

2019-10-31 15:15:22 - [TEST_STEP][PASSED] - callTestCase(findTestCase("Reusable_Test_Sequences/CAT_Teardown"), [:], STOP_ON_FAILURE): Call Test Case 'Test Cases/Reusable_Test_Sequences/CAT_Teardown' successfully

2019-10-31 15:15:22 - [TEST_CASE][PASSED] - Test Cases/Reusable_Test_Sequences/CAT_Teardown: Test Cases/Reusable_Test_Sequences/CAT_Teardown

2019-10-31 15:15:22 - [TEST_STEP][PASSED] - closeBrowser(): Browser is closed

2019-10-31 15:15:24 - [MESSAGE][PASSED] - Browser is closed

2019-10-31 15:15:24 - [MESSAGE][PASSED] - Call Test Case 'Test Cases/Reusable_Test_Sequences/CAT_Teardown' successfully]]></system-out>
         <system-err><![CDATA[]]></system-err>
      </testcase>
      <system-out><![CDATA[2019-10-31 15:13:14 - [TEST_SUITE][PASSED] - Trade_Name_Multiple_Search: Test Cases/Checkatrade_Tradesman_Searches/Trade_Name_Search_Multiple]]></system-out>
      <system-err><![CDATA[]]></system-err>
   </testsuite>
</testsuites>
