<?xml version="1.0" encoding="UTF-8"?>
<testsuites name="Mobile_Devices" time="166.08" tests="1" failures="0" errors="0">
   <testsuite name="Mobile_Devices" tests="1" failures="0" errors="0" time="166.08" timestamp="2019-10-31 11:34:08" hostname="DavidHo - VETTEDSP36RF.check.local" id="Test Suites/Mobile_Devices">
      <properties>
         <property name="deviceName" value=""/>
         <property name="devicePlatform" value=""/>
         <property name="logFolder" value="C:\\Users\\davidho\\Katalon Studio\\Start\\Reports\\20191031_113342\\Mobile_Devices\\20191031_113342"/>
         <property name="logFiles" value="C:\\Users\\davidho\\Katalon Studio\\Start\\Reports\\20191031_113342\\Mobile_Devices\\20191031_113342\\execution0.log"/>
         <property name="attachments" value=""/>
         <property name="hostName" value="DavidHo - VETTEDSP36RF.check.local"/>
         <property name="os" value="Windows 10 32bit"/>
         <property name="katalonVersion" value="7.0.5.1"/>
         <property name="browser" value="Firefox 69.0"/>
         <property name="hostAddress" value="10.0.11.243"/>
         <property name="sessionId" value="1910a150-0f47-4187-bcfa-a5d9f254fcd2"/>
         <property name="seleniumVersion" value="3.141.59"/>
         <property name="proxyInformation" value="ProxyInformation{proxyOption=NO_PROXY, proxyServerType=HTTP, password=, proxyServerAddress=, proxyServerPort=0}"/>
         <property name="platform" value="Windows 10"/>
      </properties>
      <testcase name="Test Cases/Mobile_Devices/Default_Device_Dev" time="165.821" classname="Test Cases/Mobile_Devices/Default_Device_Dev" status="PASSED">
         <system-out><![CDATA[2019-10-31 11:34:08 - [TEST_CASE][PASSED] - Test Cases/Mobile_Devices/Default_Device_Dev: Test Cases/Mobile_Devices/Default_Device_Dev

2019-10-31 11:34:08 - [TEST_STEP][PASSED] - for ([row = 1, row <= findTestData("Mobile_Test_Data").getRowNumbers(), (internal.GlobalVariable.row++)]): Call Test Case 'Test Cases/Reusable_Test_Sequences/CAT_Teardown' successfully

2019-10-31 11:34:09 - [TEST_STEP][PASSED] - callTestCase(findTestCase("Reusable_Test_Sequences/CAT_Setup"), [:], STOP_ON_FAILURE): Call Test Case 'Test Cases/Reusable_Test_Sequences/CAT_Setup' successfully

2019-10-31 11:34:09 - [TEST_CASE][PASSED] - Test Cases/Reusable_Test_Sequences/CAT_Setup: Test Cases/Reusable_Test_Sequences/CAT_Setup

2019-10-31 11:34:09 - [TEST_STEP][PASSED] - "URL - Set from the ENVIRONMENT PROFILE ": null

2019-10-31 11:34:09 - [TEST_STEP][PASSED] - openBrowser(URL): Browser is opened with url: 'https://www.preview.checkatrade.com/'

2019-10-31 11:34:10 - [MESSAGE][INFO] - Starting 'Firefox' driver

2019-10-31 11:34:10 - [MESSAGE][INFO] - Action delay is set to 0 seconds

2019-10-31 11:34:26 - [MESSAGE][PASSED] - Browser is opened with url: 'https://www.preview.checkatrade.com/'

2019-10-31 11:34:26 - [TEST_STEP][PASSED] - maximizeWindow(): Current window maximized

2019-10-31 11:34:26 - [MESSAGE][PASSED] - Current window maximized

2019-10-31 11:34:26 - [TEST_STEP][PASSED] - waitForPageLoad(60): Wait for page load successfully

2019-10-31 11:34:26 - [MESSAGE][PASSED] - Wait for page load successfully

2019-10-31 11:34:26 - [TEST_STEP][PASSED] - waitForElementVisible(findTestObject("Page_Checkatrade Find a tradesperson you can trust/a_Search"), 25): Object 'Object Repository/Page_Checkatrade Find a tradesperson you can trust/a_Search' is visible

2019-10-31 11:34:27 - [MESSAGE][PASSED] - Object 'Object Repository/Page_Checkatrade Find a tradesperson you can trust/a_Search' is visible

2019-10-31 11:34:27 - [TEST_STEP][PASSED] - try: null

2019-10-31 11:34:27 - [TEST_STEP][PASSED] - if (verifyElementPresent(findTestObject("Page_Checkatrade Find a tradesperson you can trust/div_close"), 1, OPTIONAL)): null

2019-10-31 11:34:27 - [MESSAGE][PASSED] - Object 'Object Repository/Page_Checkatrade Find a tradesperson you can trust/div_close' is present

2019-10-31 11:34:27 - [TEST_STEP][PASSED] - click(findTestObject("Page_Checkatrade Find a tradesperson you can trust/div_close")): Object: 'Object Repository/Page_Checkatrade Find a tradesperson you can trust/div_close' is clicked on

2019-10-31 11:34:28 - [MESSAGE][PASSED] - Object: 'Object Repository/Page_Checkatrade Find a tradesperson you can trust/div_close' is clicked on

2019-10-31 11:34:28 - [TEST_STEP][PASSED] - "---------------------------------": null

2019-10-31 11:34:28 - [TEST_STEP][PASSED] - "COOKIE POPOUT REMOVED - Confirmed": null

2019-10-31 11:34:28 - [TEST_STEP][PASSED] - delay(1): Delayed 1 second(s)

2019-10-31 11:34:29 - [MESSAGE][PASSED] - Delayed 1 second(s)

2019-10-31 11:34:29 - [TEST_STEP][PASSED] - verifyTextNotPresent("Checkatrade.com uses cookies to make sure you get the best browsing experience", false): Text 'Checkatrade.com uses cookies to make sure you get the best browsing experience' is not present on page

2019-10-31 11:34:30 - [MESSAGE][PASSED] - Text 'Checkatrade.com uses cookies to make sure you get the best browsing experience' is not present on page

2019-10-31 11:34:30 - [TEST_STEP][PASSED] - try: null

2019-10-31 11:34:30 - [TEST_STEP][PASSED] - if (verifyElementPresent(findTestObject("Page_Checkatrade Find a tradesperson you can trust/div_close_1"), 1, OPTIONAL)): null

2019-10-31 11:34:30 - [MESSAGE][PASSED] - Object 'Object Repository/Page_Checkatrade Find a tradesperson you can trust/div_close_1' is present

2019-10-31 11:34:30 - [TEST_STEP][PASSED] - click(findTestObject("Page_Checkatrade Find a tradesperson you can trust/div_close_1")): Object: 'Object Repository/Page_Checkatrade Find a tradesperson you can trust/div_close_1' is clicked on

2019-10-31 11:34:31 - [MESSAGE][PASSED] - Object: 'Object Repository/Page_Checkatrade Find a tradesperson you can trust/div_close_1' is clicked on

2019-10-31 11:34:31 - [TEST_STEP][PASSED] - "---------------------------------": null

2019-10-31 11:34:31 - [TEST_STEP][PASSED] - "PRIVACY POPOUT REMOVED - Confirmed": null

2019-10-31 11:34:31 - [TEST_STEP][PASSED] - delay(1): Delayed 1 second(s)

2019-10-31 11:34:32 - [MESSAGE][PASSED] - Delayed 1 second(s)

2019-10-31 11:34:32 - [TEST_STEP][PASSED] - verifyTextNotPresent("We have updated our Privacy Policy, please review this", false): Text 'We have updated our Privacy Policy, please review this' is not present on page

2019-10-31 11:34:32 - [MESSAGE][PASSED] - Text 'We have updated our Privacy Policy, please review this' is not present on page

2019-10-31 11:34:32 - [MESSAGE][PASSED] - Call Test Case 'Test Cases/Reusable_Test_Sequences/CAT_Setup' successfully

2019-10-31 11:34:32 - [TEST_STEP][PASSED] - " ALTERNATIVE SCREEN RESOLUTION SELECTION METHOD": null

2019-10-31 11:34:32 - [TEST_STEP][PASSED] - " ACTUAL SCREEN RESOLUTION SELECTION METHOD USED": null

2019-10-31 11:34:32 - [TEST_STEP][PASSED] - XCOORD = Integer.parseInt(findTestData("searchTestData").getValue("X_COORD", row)): null

2019-10-31 11:34:32 - [TEST_STEP][PASSED] - YCOORD = Integer.parseInt(findTestData("searchTestData").getValue("Y_COORD", row)): null

2019-10-31 11:34:33 - [TEST_STEP][PASSED] - setViewPortSize(XCOORD, YCOORD): Viewport is set to new size with width = 800 and height = 1000

2019-10-31 11:34:33 - [MESSAGE][PASSED] - Viewport is set to new size with width = 800 and height = 1000

2019-10-31 11:34:33 - [TEST_STEP][PASSED] - waitForPageLoad(60): Wait for page load successfully

2019-10-31 11:34:33 - [MESSAGE][PASSED] - Wait for page load successfully

2019-10-31 11:34:33 - [TEST_STEP][PASSED] - out.println("Set View Port Size is currently SET to X AXIS " + XCOORD + " Y AXIS " + YCOORD): null

2019-10-31 11:34:33 - [TEST_STEP][PASSED] - setText(findTestObject("Page_Checkatrade Find a tradesperson you can trust/input_Search through"), findTestData("searchTestData").getValue("tradeClassification", row)): Text 'Tree Surgeon' is set on object 'Object Repository/Page_Checkatrade Find a tradesperson you can trust/input_Search through'

2019-10-31 11:34:33 - [MESSAGE][PASSED] - Text 'Tree Surgeon' is set on object 'Object Repository/Page_Checkatrade Find a tradesperson you can trust/input_Search through'

2019-10-31 11:34:33 - [TEST_STEP][PASSED] - waitForPageLoad(60): Wait for page load successfully

2019-10-31 11:34:33 - [MESSAGE][PASSED] - Wait for page load successfully

2019-10-31 11:34:33 - [TEST_STEP][PASSED] - "Set and SEARCH SELECTED LOCATION": null

2019-10-31 11:34:33 - [TEST_STEP][PASSED] - setText(findTestObject("Object Repository/Checkatrade_Trade_Search_Page/Page_Checkatrade Find a tradesperson you can trust/input_location"), findTestData("searchTestData").getValue("tradeLocation", row)): Text 'Gosport' is set on object 'Object Repository/Checkatrade_Trade_Search_Page/Page_Checkatrade Find a tradesperson you can trust/input_location'

2019-10-31 11:34:34 - [MESSAGE][PASSED] - Text 'Gosport' is set on object 'Object Repository/Checkatrade_Trade_Search_Page/Page_Checkatrade Find a tradesperson you can trust/input_location'

2019-10-31 11:34:34 - [TEST_STEP][PASSED] - waitForPageLoad(60): Wait for page load successfully

2019-10-31 11:34:34 - [MESSAGE][PASSED] - Wait for page load successfully

2019-10-31 11:34:34 - [TEST_STEP][PASSED] - scrollToElement(findTestObject("Object Repository/Checkatrade_Trade_Search_Page/Page_Checkatrade Find a tradesperson you can trust/a_Search"), 5): Scroll to object 'Object Repository/Checkatrade_Trade_Search_Page/Page_Checkatrade Find a tradesperson you can trust/a_Search' successfully

2019-10-31 11:34:34 - [MESSAGE][PASSED] - Scroll to object 'Object Repository/Checkatrade_Trade_Search_Page/Page_Checkatrade Find a tradesperson you can trust/a_Search' successfully

2019-10-31 11:34:34 - [TEST_STEP][PASSED] - waitForPageLoad(60): Wait for page load successfully

2019-10-31 11:34:34 - [MESSAGE][PASSED] - Wait for page load successfully

2019-10-31 11:34:34 - [TEST_STEP][PASSED] - "-------------": null

2019-10-31 11:34:34 - [TEST_STEP][PASSED] - doubleClick(findTestObject("Object Repository/Checkatrade_Trade_Search_Page/Page_Checkatrade Find a tradesperson you can trust/a_Search")): Object: 'Object Repository/Checkatrade_Trade_Search_Page/Page_Checkatrade Find a tradesperson you can trust/a_Search' is double clicked on

2019-10-31 11:34:35 - [MESSAGE][PASSED] - Object: 'Object Repository/Checkatrade_Trade_Search_Page/Page_Checkatrade Find a tradesperson you can trust/a_Search' is double clicked on

2019-10-31 11:34:35 - [TEST_STEP][PASSED] - waitForPageLoad(60): Wait for page load successfully

2019-10-31 11:34:35 - [MESSAGE][PASSED] - Wait for page load successfully

2019-10-31 11:34:35 - [TEST_STEP][PASSED] - scrollToElement(findTestObject("Object Repository/Page_Returned_Concantanated_Text/h1_Concantanated_Returned_Result"), 5): Scroll to object 'Object Repository/Page_Returned_Concantanated_Text/h1_Concantanated_Returned_Result' successfully

2019-10-31 11:34:42 - [MESSAGE][PASSED] - Scroll to object 'Object Repository/Page_Returned_Concantanated_Text/h1_Concantanated_Returned_Result' successfully

2019-10-31 11:34:42 - [TEST_STEP][PASSED] - waitForElementVisible(findTestObject("Object Repository/Page_Returned_Concantanated_Text/h1_Concantanated_Returned_Result"), 5): Object 'Object Repository/Page_Returned_Concantanated_Text/h1_Concantanated_Returned_Result' is visible

2019-10-31 11:34:42 - [MESSAGE][PASSED] - Object 'Object Repository/Page_Returned_Concantanated_Text/h1_Concantanated_Returned_Result' is visible

2019-10-31 11:34:42 - [TEST_STEP][PASSED] - delay(1): Delayed 1 second(s)

2019-10-31 11:34:43 - [MESSAGE][PASSED] - Delayed 1 second(s)

2019-10-31 11:34:43 - [TEST_STEP][PASSED] - verifyTextPresent(findTestData("searchTestData").getValue("tradeLocationVerification", row), false, CONTINUE_ON_FAILURE): Text 'Tree Surgeon in Gosport' is present on page 

2019-10-31 11:34:44 - [MESSAGE][PASSED] - Text 'Tree Surgeon in Gosport' is present on page 

2019-10-31 11:34:44 - [TEST_STEP][PASSED] - "Expected cantantenated text is Returned": null

2019-10-31 11:34:44 - [TEST_STEP][PASSED] - "--------------------------": null

2019-10-31 11:34:44 - [TEST_STEP][PASSED] - " Teardown - CLose Browser |": null

2019-10-31 11:34:44 - [TEST_STEP][PASSED] - callTestCase(findTestCase("Reusable_Test_Sequences/CAT_Teardown"), [:], STOP_ON_FAILURE): Call Test Case 'Test Cases/Reusable_Test_Sequences/CAT_Teardown' successfully

2019-10-31 11:34:44 - [TEST_CASE][PASSED] - Test Cases/Reusable_Test_Sequences/CAT_Teardown: Test Cases/Reusable_Test_Sequences/CAT_Teardown

2019-10-31 11:34:45 - [TEST_STEP][PASSED] - closeBrowser(): Browser is closed

2019-10-31 11:34:46 - [MESSAGE][PASSED] - Browser is closed

2019-10-31 11:34:46 - [MESSAGE][PASSED] - Call Test Case 'Test Cases/Reusable_Test_Sequences/CAT_Teardown' successfully

2019-10-31 11:34:46 - [TEST_STEP][PASSED] - callTestCase(findTestCase("Reusable_Test_Sequences/CAT_Setup"), [:], STOP_ON_FAILURE): Call Test Case 'Test Cases/Reusable_Test_Sequences/CAT_Setup' successfully

2019-10-31 11:34:47 - [TEST_CASE][PASSED] - Test Cases/Reusable_Test_Sequences/CAT_Setup: Test Cases/Reusable_Test_Sequences/CAT_Setup

2019-10-31 11:34:47 - [TEST_STEP][PASSED] - "URL - Set from the ENVIRONMENT PROFILE ": null

2019-10-31 11:34:47 - [TEST_STEP][PASSED] - openBrowser(URL): Browser is opened with url: 'https://www.preview.checkatrade.com/'

2019-10-31 11:34:47 - [MESSAGE][INFO] - Starting 'Firefox' driver

2019-10-31 11:34:53 - [MESSAGE][PASSED] - Browser is opened with url: 'https://www.preview.checkatrade.com/'

2019-10-31 11:34:53 - [TEST_STEP][PASSED] - maximizeWindow(): Current window maximized

2019-10-31 11:34:53 - [MESSAGE][PASSED] - Current window maximized

2019-10-31 11:34:53 - [TEST_STEP][PASSED] - waitForPageLoad(60): Wait for page load successfully

2019-10-31 11:34:53 - [MESSAGE][PASSED] - Wait for page load successfully

2019-10-31 11:34:53 - [TEST_STEP][PASSED] - waitForElementVisible(findTestObject("Page_Checkatrade Find a tradesperson you can trust/a_Search"), 25): Object 'Object Repository/Page_Checkatrade Find a tradesperson you can trust/a_Search' is visible

2019-10-31 11:34:54 - [MESSAGE][PASSED] - Object 'Object Repository/Page_Checkatrade Find a tradesperson you can trust/a_Search' is visible

2019-10-31 11:34:54 - [TEST_STEP][PASSED] - try: null

2019-10-31 11:34:54 - [TEST_STEP][PASSED] - if (verifyElementPresent(findTestObject("Page_Checkatrade Find a tradesperson you can trust/div_close"), 1, OPTIONAL)): null

2019-10-31 11:34:54 - [MESSAGE][PASSED] - Object 'Object Repository/Page_Checkatrade Find a tradesperson you can trust/div_close' is present

2019-10-31 11:34:54 - [TEST_STEP][PASSED] - click(findTestObject("Page_Checkatrade Find a tradesperson you can trust/div_close")): Object: 'Object Repository/Page_Checkatrade Find a tradesperson you can trust/div_close' is clicked on

2019-10-31 11:34:55 - [MESSAGE][PASSED] - Object: 'Object Repository/Page_Checkatrade Find a tradesperson you can trust/div_close' is clicked on

2019-10-31 11:34:55 - [TEST_STEP][PASSED] - "---------------------------------": null

2019-10-31 11:34:55 - [TEST_STEP][PASSED] - "COOKIE POPOUT REMOVED - Confirmed": null

2019-10-31 11:34:55 - [TEST_STEP][PASSED] - delay(1): Delayed 1 second(s)

2019-10-31 11:34:56 - [MESSAGE][PASSED] - Delayed 1 second(s)

2019-10-31 11:34:56 - [TEST_STEP][PASSED] - verifyTextNotPresent("Checkatrade.com uses cookies to make sure you get the best browsing experience", false): Text 'Checkatrade.com uses cookies to make sure you get the best browsing experience' is not present on page

2019-10-31 11:34:57 - [MESSAGE][PASSED] - Text 'Checkatrade.com uses cookies to make sure you get the best browsing experience' is not present on page

2019-10-31 11:34:57 - [TEST_STEP][PASSED] - try: null

2019-10-31 11:34:57 - [TEST_STEP][PASSED] - if (verifyElementPresent(findTestObject("Page_Checkatrade Find a tradesperson you can trust/div_close_1"), 1, OPTIONAL)): null

2019-10-31 11:34:57 - [MESSAGE][PASSED] - Object 'Object Repository/Page_Checkatrade Find a tradesperson you can trust/div_close_1' is present

2019-10-31 11:34:57 - [TEST_STEP][PASSED] - click(findTestObject("Page_Checkatrade Find a tradesperson you can trust/div_close_1")): Object: 'Object Repository/Page_Checkatrade Find a tradesperson you can trust/div_close_1' is clicked on

2019-10-31 11:34:58 - [MESSAGE][PASSED] - Object: 'Object Repository/Page_Checkatrade Find a tradesperson you can trust/div_close_1' is clicked on

2019-10-31 11:34:58 - [TEST_STEP][PASSED] - "---------------------------------": null

2019-10-31 11:34:58 - [TEST_STEP][PASSED] - "PRIVACY POPOUT REMOVED - Confirmed": null

2019-10-31 11:34:58 - [TEST_STEP][PASSED] - delay(1): Delayed 1 second(s)

2019-10-31 11:34:59 - [MESSAGE][PASSED] - Delayed 1 second(s)

2019-10-31 11:34:59 - [TEST_STEP][PASSED] - verifyTextNotPresent("We have updated our Privacy Policy, please review this", false): Text 'We have updated our Privacy Policy, please review this' is not present on page

2019-10-31 11:34:59 - [MESSAGE][PASSED] - Text 'We have updated our Privacy Policy, please review this' is not present on page

2019-10-31 11:34:59 - [MESSAGE][PASSED] - Call Test Case 'Test Cases/Reusable_Test_Sequences/CAT_Setup' successfully

2019-10-31 11:34:59 - [TEST_STEP][PASSED] - " ALTERNATIVE SCREEN RESOLUTION SELECTION METHOD": null

2019-10-31 11:34:59 - [TEST_STEP][PASSED] - " ACTUAL SCREEN RESOLUTION SELECTION METHOD USED": null

2019-10-31 11:34:59 - [TEST_STEP][PASSED] - XCOORD = Integer.parseInt(findTestData("searchTestData").getValue("X_COORD", row)): null

2019-10-31 11:34:59 - [TEST_STEP][PASSED] - YCOORD = Integer.parseInt(findTestData("searchTestData").getValue("Y_COORD", row)): null

2019-10-31 11:34:59 - [TEST_STEP][PASSED] - setViewPortSize(XCOORD, YCOORD): Viewport is set to new size with width = 400 and height = 600

2019-10-31 11:35:00 - [MESSAGE][PASSED] - Viewport is set to new size with width = 400 and height = 600

2019-10-31 11:35:00 - [TEST_STEP][PASSED] - waitForPageLoad(60): Wait for page load successfully

2019-10-31 11:35:00 - [MESSAGE][PASSED] - Wait for page load successfully

2019-10-31 11:35:00 - [TEST_STEP][PASSED] - out.println("Set View Port Size is currently SET to X AXIS " + XCOORD + " Y AXIS " + YCOORD): null

2019-10-31 11:35:00 - [TEST_STEP][PASSED] - setText(findTestObject("Page_Checkatrade Find a tradesperson you can trust/input_Search through"), findTestData("searchTestData").getValue("tradeClassification", row)): Text 'Tree Surgeon' is set on object 'Object Repository/Page_Checkatrade Find a tradesperson you can trust/input_Search through'

2019-10-31 11:35:00 - [MESSAGE][PASSED] - Text 'Tree Surgeon' is set on object 'Object Repository/Page_Checkatrade Find a tradesperson you can trust/input_Search through'

2019-10-31 11:35:00 - [TEST_STEP][PASSED] - waitForPageLoad(60): Wait for page load successfully

2019-10-31 11:35:00 - [MESSAGE][PASSED] - Wait for page load successfully

2019-10-31 11:35:00 - [TEST_STEP][PASSED] - "Set and SEARCH SELECTED LOCATION": null

2019-10-31 11:35:00 - [TEST_STEP][PASSED] - setText(findTestObject("Object Repository/Checkatrade_Trade_Search_Page/Page_Checkatrade Find a tradesperson you can trust/input_location"), findTestData("searchTestData").getValue("tradeLocation", row)): Text 'PO12 2HE' is set on object 'Object Repository/Checkatrade_Trade_Search_Page/Page_Checkatrade Find a tradesperson you can trust/input_location'

2019-10-31 11:35:00 - [MESSAGE][PASSED] - Text 'PO12 2HE' is set on object 'Object Repository/Checkatrade_Trade_Search_Page/Page_Checkatrade Find a tradesperson you can trust/input_location'

2019-10-31 11:35:00 - [TEST_STEP][PASSED] - waitForPageLoad(60): Wait for page load successfully

2019-10-31 11:35:01 - [MESSAGE][PASSED] - Wait for page load successfully

2019-10-31 11:35:01 - [TEST_STEP][PASSED] - scrollToElement(findTestObject("Object Repository/Checkatrade_Trade_Search_Page/Page_Checkatrade Find a tradesperson you can trust/a_Search"), 5): Scroll to object 'Object Repository/Checkatrade_Trade_Search_Page/Page_Checkatrade Find a tradesperson you can trust/a_Search' successfully

2019-10-31 11:35:01 - [MESSAGE][PASSED] - Scroll to object 'Object Repository/Checkatrade_Trade_Search_Page/Page_Checkatrade Find a tradesperson you can trust/a_Search' successfully

2019-10-31 11:35:01 - [TEST_STEP][PASSED] - waitForPageLoad(60): Wait for page load successfully

2019-10-31 11:35:01 - [MESSAGE][PASSED] - Wait for page load successfully

2019-10-31 11:35:01 - [TEST_STEP][PASSED] - "-------------": null

2019-10-31 11:35:01 - [TEST_STEP][PASSED] - doubleClick(findTestObject("Object Repository/Checkatrade_Trade_Search_Page/Page_Checkatrade Find a tradesperson you can trust/a_Search")): Object: 'Object Repository/Checkatrade_Trade_Search_Page/Page_Checkatrade Find a tradesperson you can trust/a_Search' is double clicked on

2019-10-31 11:35:02 - [MESSAGE][PASSED] - Object: 'Object Repository/Checkatrade_Trade_Search_Page/Page_Checkatrade Find a tradesperson you can trust/a_Search' is double clicked on

2019-10-31 11:35:02 - [TEST_STEP][PASSED] - waitForPageLoad(60): Wait for page load successfully

2019-10-31 11:35:02 - [MESSAGE][PASSED] - Wait for page load successfully

2019-10-31 11:35:02 - [TEST_STEP][PASSED] - scrollToElement(findTestObject("Object Repository/Page_Returned_Concantanated_Text/h1_Concantanated_Returned_Result"), 5): Scroll to object 'Object Repository/Page_Returned_Concantanated_Text/h1_Concantanated_Returned_Result' successfully

2019-10-31 11:35:08 - [MESSAGE][PASSED] - Scroll to object 'Object Repository/Page_Returned_Concantanated_Text/h1_Concantanated_Returned_Result' successfully

2019-10-31 11:35:08 - [TEST_STEP][PASSED] - waitForElementVisible(findTestObject("Object Repository/Page_Returned_Concantanated_Text/h1_Concantanated_Returned_Result"), 5): Object 'Object Repository/Page_Returned_Concantanated_Text/h1_Concantanated_Returned_Result' is visible

2019-10-31 11:35:08 - [MESSAGE][PASSED] - Object 'Object Repository/Page_Returned_Concantanated_Text/h1_Concantanated_Returned_Result' is visible

2019-10-31 11:35:08 - [TEST_STEP][PASSED] - delay(1): Delayed 1 second(s)

2019-10-31 11:35:09 - [MESSAGE][PASSED] - Delayed 1 second(s)

2019-10-31 11:35:09 - [TEST_STEP][PASSED] - verifyTextPresent(findTestData("searchTestData").getValue("tradeLocationVerification", row), false, CONTINUE_ON_FAILURE): Text 'Crown Thinning in PO12 2HE' is present on page 

2019-10-31 11:35:11 - [MESSAGE][PASSED] - Text 'Crown Thinning in PO12 2HE' is present on page 

2019-10-31 11:35:11 - [TEST_STEP][PASSED] - "Expected cantantenated text is Returned": null

2019-10-31 11:35:11 - [TEST_STEP][PASSED] - "--------------------------": null

2019-10-31 11:35:11 - [TEST_STEP][PASSED] - " Teardown - CLose Browser |": null

2019-10-31 11:35:11 - [TEST_STEP][PASSED] - callTestCase(findTestCase("Reusable_Test_Sequences/CAT_Teardown"), [:], STOP_ON_FAILURE): Call Test Case 'Test Cases/Reusable_Test_Sequences/CAT_Teardown' successfully

2019-10-31 11:35:11 - [TEST_CASE][PASSED] - Test Cases/Reusable_Test_Sequences/CAT_Teardown: Test Cases/Reusable_Test_Sequences/CAT_Teardown

2019-10-31 11:35:11 - [TEST_STEP][PASSED] - closeBrowser(): Browser is closed

2019-10-31 11:35:13 - [MESSAGE][PASSED] - Browser is closed

2019-10-31 11:35:13 - [MESSAGE][PASSED] - Call Test Case 'Test Cases/Reusable_Test_Sequences/CAT_Teardown' successfully

2019-10-31 11:35:13 - [TEST_STEP][PASSED] - callTestCase(findTestCase("Reusable_Test_Sequences/CAT_Setup"), [:], STOP_ON_FAILURE): Call Test Case 'Test Cases/Reusable_Test_Sequences/CAT_Setup' successfully

2019-10-31 11:35:13 - [TEST_CASE][PASSED] - Test Cases/Reusable_Test_Sequences/CAT_Setup: Test Cases/Reusable_Test_Sequences/CAT_Setup

2019-10-31 11:35:13 - [TEST_STEP][PASSED] - "URL - Set from the ENVIRONMENT PROFILE ": null

2019-10-31 11:35:13 - [TEST_STEP][PASSED] - openBrowser(URL): Browser is opened with url: 'https://www.preview.checkatrade.com/'

2019-10-31 11:35:13 - [MESSAGE][INFO] - Starting 'Firefox' driver

2019-10-31 11:35:25 - [MESSAGE][PASSED] - Browser is opened with url: 'https://www.preview.checkatrade.com/'

2019-10-31 11:35:25 - [TEST_STEP][PASSED] - maximizeWindow(): Current window maximized

2019-10-31 11:35:25 - [MESSAGE][PASSED] - Current window maximized

2019-10-31 11:35:25 - [TEST_STEP][PASSED] - waitForPageLoad(60): Wait for page load successfully

2019-10-31 11:35:25 - [MESSAGE][PASSED] - Wait for page load successfully

2019-10-31 11:35:25 - [TEST_STEP][PASSED] - waitForElementVisible(findTestObject("Page_Checkatrade Find a tradesperson you can trust/a_Search"), 25): Object 'Object Repository/Page_Checkatrade Find a tradesperson you can trust/a_Search' is visible

2019-10-31 11:35:25 - [MESSAGE][PASSED] - Object 'Object Repository/Page_Checkatrade Find a tradesperson you can trust/a_Search' is visible

2019-10-31 11:35:25 - [TEST_STEP][PASSED] - try: null

2019-10-31 11:35:25 - [TEST_STEP][PASSED] - if (verifyElementPresent(findTestObject("Page_Checkatrade Find a tradesperson you can trust/div_close"), 1, OPTIONAL)): null

2019-10-31 11:35:26 - [MESSAGE][PASSED] - Object 'Object Repository/Page_Checkatrade Find a tradesperson you can trust/div_close' is present

2019-10-31 11:35:26 - [TEST_STEP][PASSED] - click(findTestObject("Page_Checkatrade Find a tradesperson you can trust/div_close")): Object: 'Object Repository/Page_Checkatrade Find a tradesperson you can trust/div_close' is clicked on

2019-10-31 11:35:26 - [MESSAGE][PASSED] - Object: 'Object Repository/Page_Checkatrade Find a tradesperson you can trust/div_close' is clicked on

2019-10-31 11:35:26 - [TEST_STEP][PASSED] - "---------------------------------": null

2019-10-31 11:35:26 - [TEST_STEP][PASSED] - "COOKIE POPOUT REMOVED - Confirmed": null

2019-10-31 11:35:26 - [TEST_STEP][PASSED] - delay(1): Delayed 1 second(s)

2019-10-31 11:35:27 - [MESSAGE][PASSED] - Delayed 1 second(s)

2019-10-31 11:35:27 - [TEST_STEP][PASSED] - verifyTextNotPresent("Checkatrade.com uses cookies to make sure you get the best browsing experience", false): Text 'Checkatrade.com uses cookies to make sure you get the best browsing experience' is not present on page

2019-10-31 11:35:28 - [MESSAGE][PASSED] - Text 'Checkatrade.com uses cookies to make sure you get the best browsing experience' is not present on page

2019-10-31 11:35:28 - [TEST_STEP][PASSED] - try: null

2019-10-31 11:35:28 - [TEST_STEP][PASSED] - if (verifyElementPresent(findTestObject("Page_Checkatrade Find a tradesperson you can trust/div_close_1"), 1, OPTIONAL)): null

2019-10-31 11:35:28 - [MESSAGE][PASSED] - Object 'Object Repository/Page_Checkatrade Find a tradesperson you can trust/div_close_1' is present

2019-10-31 11:35:28 - [TEST_STEP][PASSED] - click(findTestObject("Page_Checkatrade Find a tradesperson you can trust/div_close_1")): Object: 'Object Repository/Page_Checkatrade Find a tradesperson you can trust/div_close_1' is clicked on

2019-10-31 11:35:29 - [MESSAGE][PASSED] - Object: 'Object Repository/Page_Checkatrade Find a tradesperson you can trust/div_close_1' is clicked on

2019-10-31 11:35:29 - [TEST_STEP][PASSED] - "---------------------------------": null

2019-10-31 11:35:29 - [TEST_STEP][PASSED] - "PRIVACY POPOUT REMOVED - Confirmed": null

2019-10-31 11:35:29 - [TEST_STEP][PASSED] - delay(1): Delayed 1 second(s)

2019-10-31 11:35:30 - [MESSAGE][PASSED] - Delayed 1 second(s)

2019-10-31 11:35:30 - [TEST_STEP][PASSED] - verifyTextNotPresent("We have updated our Privacy Policy, please review this", false): Text 'We have updated our Privacy Policy, please review this' is not present on page

2019-10-31 11:35:30 - [MESSAGE][PASSED] - Text 'We have updated our Privacy Policy, please review this' is not present on page

2019-10-31 11:35:30 - [MESSAGE][PASSED] - Call Test Case 'Test Cases/Reusable_Test_Sequences/CAT_Setup' successfully

2019-10-31 11:35:30 - [TEST_STEP][PASSED] - " ALTERNATIVE SCREEN RESOLUTION SELECTION METHOD": null

2019-10-31 11:35:30 - [TEST_STEP][PASSED] - " ACTUAL SCREEN RESOLUTION SELECTION METHOD USED": null

2019-10-31 11:35:30 - [TEST_STEP][PASSED] - XCOORD = Integer.parseInt(findTestData("searchTestData").getValue("X_COORD", row)): null

2019-10-31 11:35:31 - [TEST_STEP][PASSED] - YCOORD = Integer.parseInt(findTestData("searchTestData").getValue("Y_COORD", row)): null

2019-10-31 11:35:31 - [TEST_STEP][PASSED] - setViewPortSize(XCOORD, YCOORD): Viewport is set to new size with width = 500 and height = 700

2019-10-31 11:35:31 - [MESSAGE][PASSED] - Viewport is set to new size with width = 500 and height = 700

2019-10-31 11:35:31 - [TEST_STEP][PASSED] - waitForPageLoad(60): Wait for page load successfully

2019-10-31 11:35:31 - [MESSAGE][PASSED] - Wait for page load successfully

2019-10-31 11:35:31 - [TEST_STEP][PASSED] - out.println("Set View Port Size is currently SET to X AXIS " + XCOORD + " Y AXIS " + YCOORD): null

2019-10-31 11:35:31 - [TEST_STEP][PASSED] - setText(findTestObject("Page_Checkatrade Find a tradesperson you can trust/input_Search through"), findTestData("searchTestData").getValue("tradeClassification", row)): Text 'Electrician' is set on object 'Object Repository/Page_Checkatrade Find a tradesperson you can trust/input_Search through'

2019-10-31 11:35:31 - [MESSAGE][PASSED] - Text 'Electrician' is set on object 'Object Repository/Page_Checkatrade Find a tradesperson you can trust/input_Search through'

2019-10-31 11:35:31 - [TEST_STEP][PASSED] - waitForPageLoad(60): Wait for page load successfully

2019-10-31 11:35:31 - [MESSAGE][PASSED] - Wait for page load successfully

2019-10-31 11:35:31 - [TEST_STEP][PASSED] - "Set and SEARCH SELECTED LOCATION": null

2019-10-31 11:35:31 - [TEST_STEP][PASSED] - setText(findTestObject("Object Repository/Checkatrade_Trade_Search_Page/Page_Checkatrade Find a tradesperson you can trust/input_location"), findTestData("searchTestData").getValue("tradeLocation", row)): Text 'Orkney' is set on object 'Object Repository/Checkatrade_Trade_Search_Page/Page_Checkatrade Find a tradesperson you can trust/input_location'

2019-10-31 11:35:32 - [MESSAGE][PASSED] - Text 'Orkney' is set on object 'Object Repository/Checkatrade_Trade_Search_Page/Page_Checkatrade Find a tradesperson you can trust/input_location'

2019-10-31 11:35:32 - [TEST_STEP][PASSED] - waitForPageLoad(60): Wait for page load successfully

2019-10-31 11:35:32 - [MESSAGE][PASSED] - Wait for page load successfully

2019-10-31 11:35:32 - [TEST_STEP][PASSED] - scrollToElement(findTestObject("Object Repository/Checkatrade_Trade_Search_Page/Page_Checkatrade Find a tradesperson you can trust/a_Search"), 5): Scroll to object 'Object Repository/Checkatrade_Trade_Search_Page/Page_Checkatrade Find a tradesperson you can trust/a_Search' successfully

2019-10-31 11:35:32 - [MESSAGE][PASSED] - Scroll to object 'Object Repository/Checkatrade_Trade_Search_Page/Page_Checkatrade Find a tradesperson you can trust/a_Search' successfully

2019-10-31 11:35:32 - [TEST_STEP][PASSED] - waitForPageLoad(60): Wait for page load successfully

2019-10-31 11:35:32 - [MESSAGE][PASSED] - Wait for page load successfully

2019-10-31 11:35:32 - [TEST_STEP][PASSED] - "-------------": null

2019-10-31 11:35:32 - [TEST_STEP][PASSED] - doubleClick(findTestObject("Object Repository/Checkatrade_Trade_Search_Page/Page_Checkatrade Find a tradesperson you can trust/a_Search")): Object: 'Object Repository/Checkatrade_Trade_Search_Page/Page_Checkatrade Find a tradesperson you can trust/a_Search' is double clicked on

2019-10-31 11:35:32 - [MESSAGE][PASSED] - Object: 'Object Repository/Checkatrade_Trade_Search_Page/Page_Checkatrade Find a tradesperson you can trust/a_Search' is double clicked on

2019-10-31 11:35:32 - [TEST_STEP][PASSED] - waitForPageLoad(60): Wait for page load successfully

2019-10-31 11:35:32 - [MESSAGE][PASSED] - Wait for page load successfully

2019-10-31 11:35:32 - [TEST_STEP][PASSED] - scrollToElement(findTestObject("Object Repository/Page_Returned_Concantanated_Text/h1_Concantanated_Returned_Result"), 5): Scroll to object 'Object Repository/Page_Returned_Concantanated_Text/h1_Concantanated_Returned_Result' successfully

2019-10-31 11:35:39 - [MESSAGE][PASSED] - Scroll to object 'Object Repository/Page_Returned_Concantanated_Text/h1_Concantanated_Returned_Result' successfully

2019-10-31 11:35:39 - [TEST_STEP][PASSED] - waitForElementVisible(findTestObject("Object Repository/Page_Returned_Concantanated_Text/h1_Concantanated_Returned_Result"), 5): Object 'Object Repository/Page_Returned_Concantanated_Text/h1_Concantanated_Returned_Result' is visible

2019-10-31 11:35:40 - [MESSAGE][PASSED] - Object 'Object Repository/Page_Returned_Concantanated_Text/h1_Concantanated_Returned_Result' is visible

2019-10-31 11:35:40 - [TEST_STEP][PASSED] - delay(1): Delayed 1 second(s)

2019-10-31 11:35:41 - [MESSAGE][PASSED] - Delayed 1 second(s)

2019-10-31 11:35:41 - [TEST_STEP][PASSED] - verifyTextPresent(findTestData("searchTestData").getValue("tradeLocationVerification", row), false, CONTINUE_ON_FAILURE): Text 'Electric Boiler Repairs in Orkney' is present on page 

2019-10-31 11:35:42 - [MESSAGE][PASSED] - Text 'Electric Boiler Repairs in Orkney' is present on page 

2019-10-31 11:35:42 - [TEST_STEP][PASSED] - "Expected cantantenated text is Returned": null

2019-10-31 11:35:42 - [TEST_STEP][PASSED] - "--------------------------": null

2019-10-31 11:35:42 - [TEST_STEP][PASSED] - " Teardown - CLose Browser |": null

2019-10-31 11:35:42 - [TEST_STEP][PASSED] - callTestCase(findTestCase("Reusable_Test_Sequences/CAT_Teardown"), [:], STOP_ON_FAILURE): Call Test Case 'Test Cases/Reusable_Test_Sequences/CAT_Teardown' successfully

2019-10-31 11:35:42 - [TEST_CASE][PASSED] - Test Cases/Reusable_Test_Sequences/CAT_Teardown: Test Cases/Reusable_Test_Sequences/CAT_Teardown

2019-10-31 11:35:42 - [TEST_STEP][PASSED] - closeBrowser(): Browser is closed

2019-10-31 11:35:44 - [MESSAGE][PASSED] - Browser is closed

2019-10-31 11:35:44 - [MESSAGE][PASSED] - Call Test Case 'Test Cases/Reusable_Test_Sequences/CAT_Teardown' successfully

2019-10-31 11:35:44 - [TEST_STEP][PASSED] - callTestCase(findTestCase("Reusable_Test_Sequences/CAT_Setup"), [:], STOP_ON_FAILURE): Call Test Case 'Test Cases/Reusable_Test_Sequences/CAT_Setup' successfully

2019-10-31 11:35:44 - [TEST_CASE][PASSED] - Test Cases/Reusable_Test_Sequences/CAT_Setup: Test Cases/Reusable_Test_Sequences/CAT_Setup

2019-10-31 11:35:44 - [TEST_STEP][PASSED] - "URL - Set from the ENVIRONMENT PROFILE ": null

2019-10-31 11:35:44 - [TEST_STEP][PASSED] - openBrowser(URL): Browser is opened with url: 'https://www.preview.checkatrade.com/'

2019-10-31 11:35:44 - [MESSAGE][INFO] - Starting 'Firefox' driver

2019-10-31 11:35:58 - [MESSAGE][PASSED] - Browser is opened with url: 'https://www.preview.checkatrade.com/'

2019-10-31 11:35:58 - [TEST_STEP][PASSED] - maximizeWindow(): Current window maximized

2019-10-31 11:35:58 - [MESSAGE][PASSED] - Current window maximized

2019-10-31 11:35:58 - [TEST_STEP][PASSED] - waitForPageLoad(60): Wait for page load successfully

2019-10-31 11:35:58 - [MESSAGE][PASSED] - Wait for page load successfully

2019-10-31 11:35:58 - [TEST_STEP][PASSED] - waitForElementVisible(findTestObject("Page_Checkatrade Find a tradesperson you can trust/a_Search"), 25): Object 'Object Repository/Page_Checkatrade Find a tradesperson you can trust/a_Search' is visible

2019-10-31 11:35:58 - [MESSAGE][PASSED] - Object 'Object Repository/Page_Checkatrade Find a tradesperson you can trust/a_Search' is visible

2019-10-31 11:35:58 - [TEST_STEP][PASSED] - try: null

2019-10-31 11:35:58 - [TEST_STEP][PASSED] - if (verifyElementPresent(findTestObject("Page_Checkatrade Find a tradesperson you can trust/div_close"), 1, OPTIONAL)): null

2019-10-31 11:35:59 - [MESSAGE][PASSED] - Object 'Object Repository/Page_Checkatrade Find a tradesperson you can trust/div_close' is present

2019-10-31 11:35:59 - [TEST_STEP][PASSED] - click(findTestObject("Page_Checkatrade Find a tradesperson you can trust/div_close")): Object: 'Object Repository/Page_Checkatrade Find a tradesperson you can trust/div_close' is clicked on

2019-10-31 11:35:59 - [MESSAGE][PASSED] - Object: 'Object Repository/Page_Checkatrade Find a tradesperson you can trust/div_close' is clicked on

2019-10-31 11:35:59 - [TEST_STEP][PASSED] - "---------------------------------": null

2019-10-31 11:35:59 - [TEST_STEP][PASSED] - "COOKIE POPOUT REMOVED - Confirmed": null

2019-10-31 11:35:59 - [TEST_STEP][PASSED] - delay(1): Delayed 1 second(s)

2019-10-31 11:36:00 - [MESSAGE][PASSED] - Delayed 1 second(s)

2019-10-31 11:36:00 - [TEST_STEP][PASSED] - verifyTextNotPresent("Checkatrade.com uses cookies to make sure you get the best browsing experience", false): Text 'Checkatrade.com uses cookies to make sure you get the best browsing experience' is not present on page

2019-10-31 11:36:01 - [MESSAGE][PASSED] - Text 'Checkatrade.com uses cookies to make sure you get the best browsing experience' is not present on page

2019-10-31 11:36:01 - [TEST_STEP][PASSED] - try: null

2019-10-31 11:36:01 - [TEST_STEP][PASSED] - if (verifyElementPresent(findTestObject("Page_Checkatrade Find a tradesperson you can trust/div_close_1"), 1, OPTIONAL)): null

2019-10-31 11:36:01 - [MESSAGE][PASSED] - Object 'Object Repository/Page_Checkatrade Find a tradesperson you can trust/div_close_1' is present

2019-10-31 11:36:01 - [TEST_STEP][PASSED] - click(findTestObject("Page_Checkatrade Find a tradesperson you can trust/div_close_1")): Object: 'Object Repository/Page_Checkatrade Find a tradesperson you can trust/div_close_1' is clicked on

2019-10-31 11:36:02 - [MESSAGE][PASSED] - Object: 'Object Repository/Page_Checkatrade Find a tradesperson you can trust/div_close_1' is clicked on

2019-10-31 11:36:02 - [TEST_STEP][PASSED] - "---------------------------------": null

2019-10-31 11:36:02 - [TEST_STEP][PASSED] - "PRIVACY POPOUT REMOVED - Confirmed": null

2019-10-31 11:36:02 - [TEST_STEP][PASSED] - delay(1): Delayed 1 second(s)

2019-10-31 11:36:03 - [MESSAGE][PASSED] - Delayed 1 second(s)

2019-10-31 11:36:03 - [TEST_STEP][PASSED] - verifyTextNotPresent("We have updated our Privacy Policy, please review this", false): Text 'We have updated our Privacy Policy, please review this' is not present on page

2019-10-31 11:36:04 - [MESSAGE][PASSED] - Text 'We have updated our Privacy Policy, please review this' is not present on page

2019-10-31 11:36:04 - [MESSAGE][PASSED] - Call Test Case 'Test Cases/Reusable_Test_Sequences/CAT_Setup' successfully

2019-10-31 11:36:04 - [TEST_STEP][PASSED] - " ALTERNATIVE SCREEN RESOLUTION SELECTION METHOD": null

2019-10-31 11:36:04 - [TEST_STEP][PASSED] - " ACTUAL SCREEN RESOLUTION SELECTION METHOD USED": null

2019-10-31 11:36:04 - [TEST_STEP][PASSED] - XCOORD = Integer.parseInt(findTestData("searchTestData").getValue("X_COORD", row)): null

2019-10-31 11:36:04 - [TEST_STEP][PASSED] - YCOORD = Integer.parseInt(findTestData("searchTestData").getValue("Y_COORD", row)): null

2019-10-31 11:36:04 - [TEST_STEP][PASSED] - setViewPortSize(XCOORD, YCOORD): Viewport is set to new size with width = 600 and height = 800

2019-10-31 11:36:04 - [MESSAGE][PASSED] - Viewport is set to new size with width = 600 and height = 800

2019-10-31 11:36:04 - [TEST_STEP][PASSED] - waitForPageLoad(60): Wait for page load successfully

2019-10-31 11:36:04 - [MESSAGE][PASSED] - Wait for page load successfully

2019-10-31 11:36:04 - [TEST_STEP][PASSED] - out.println("Set View Port Size is currently SET to X AXIS " + XCOORD + " Y AXIS " + YCOORD): null

2019-10-31 11:36:04 - [TEST_STEP][PASSED] - setText(findTestObject("Page_Checkatrade Find a tradesperson you can trust/input_Search through"), findTestData("searchTestData").getValue("tradeClassification", row)): Text 'Plumber' is set on object 'Object Repository/Page_Checkatrade Find a tradesperson you can trust/input_Search through'

2019-10-31 11:36:04 - [MESSAGE][PASSED] - Text 'Plumber' is set on object 'Object Repository/Page_Checkatrade Find a tradesperson you can trust/input_Search through'

2019-10-31 11:36:04 - [TEST_STEP][PASSED] - waitForPageLoad(60): Wait for page load successfully

2019-10-31 11:36:04 - [MESSAGE][PASSED] - Wait for page load successfully

2019-10-31 11:36:04 - [TEST_STEP][PASSED] - "Set and SEARCH SELECTED LOCATION": null

2019-10-31 11:36:04 - [TEST_STEP][PASSED] - setText(findTestObject("Object Repository/Checkatrade_Trade_Search_Page/Page_Checkatrade Find a tradesperson you can trust/input_location"), findTestData("searchTestData").getValue("tradeLocation", row)): Text 'Rugby' is set on object 'Object Repository/Checkatrade_Trade_Search_Page/Page_Checkatrade Find a tradesperson you can trust/input_location'

2019-10-31 11:36:05 - [MESSAGE][PASSED] - Text 'Rugby' is set on object 'Object Repository/Checkatrade_Trade_Search_Page/Page_Checkatrade Find a tradesperson you can trust/input_location'

2019-10-31 11:36:05 - [TEST_STEP][PASSED] - waitForPageLoad(60): Wait for page load successfully

2019-10-31 11:36:05 - [MESSAGE][PASSED] - Wait for page load successfully

2019-10-31 11:36:05 - [TEST_STEP][PASSED] - scrollToElement(findTestObject("Object Repository/Checkatrade_Trade_Search_Page/Page_Checkatrade Find a tradesperson you can trust/a_Search"), 5): Scroll to object 'Object Repository/Checkatrade_Trade_Search_Page/Page_Checkatrade Find a tradesperson you can trust/a_Search' successfully

2019-10-31 11:36:05 - [MESSAGE][PASSED] - Scroll to object 'Object Repository/Checkatrade_Trade_Search_Page/Page_Checkatrade Find a tradesperson you can trust/a_Search' successfully

2019-10-31 11:36:05 - [TEST_STEP][PASSED] - waitForPageLoad(60): Wait for page load successfully

2019-10-31 11:36:05 - [MESSAGE][PASSED] - Wait for page load successfully

2019-10-31 11:36:05 - [TEST_STEP][PASSED] - "-------------": null

2019-10-31 11:36:05 - [TEST_STEP][PASSED] - doubleClick(findTestObject("Object Repository/Checkatrade_Trade_Search_Page/Page_Checkatrade Find a tradesperson you can trust/a_Search")): Object: 'Object Repository/Checkatrade_Trade_Search_Page/Page_Checkatrade Find a tradesperson you can trust/a_Search' is double clicked on

2019-10-31 11:36:06 - [MESSAGE][PASSED] - Object: 'Object Repository/Checkatrade_Trade_Search_Page/Page_Checkatrade Find a tradesperson you can trust/a_Search' is double clicked on

2019-10-31 11:36:06 - [TEST_STEP][PASSED] - waitForPageLoad(60): Wait for page load successfully

2019-10-31 11:36:06 - [MESSAGE][PASSED] - Wait for page load successfully

2019-10-31 11:36:06 - [TEST_STEP][PASSED] - scrollToElement(findTestObject("Object Repository/Page_Returned_Concantanated_Text/h1_Concantanated_Returned_Result"), 5): Scroll to object 'Object Repository/Page_Returned_Concantanated_Text/h1_Concantanated_Returned_Result' successfully

2019-10-31 11:36:13 - [MESSAGE][PASSED] - Scroll to object 'Object Repository/Page_Returned_Concantanated_Text/h1_Concantanated_Returned_Result' successfully

2019-10-31 11:36:13 - [TEST_STEP][PASSED] - waitForElementVisible(findTestObject("Object Repository/Page_Returned_Concantanated_Text/h1_Concantanated_Returned_Result"), 5): Object 'Object Repository/Page_Returned_Concantanated_Text/h1_Concantanated_Returned_Result' is visible

2019-10-31 11:36:14 - [MESSAGE][PASSED] - Object 'Object Repository/Page_Returned_Concantanated_Text/h1_Concantanated_Returned_Result' is visible

2019-10-31 11:36:14 - [TEST_STEP][PASSED] - delay(1): Delayed 1 second(s)

2019-10-31 11:36:15 - [MESSAGE][PASSED] - Delayed 1 second(s)

2019-10-31 11:36:15 - [TEST_STEP][PASSED] - verifyTextPresent(findTestData("searchTestData").getValue("tradeLocationVerification", row), false, CONTINUE_ON_FAILURE): Text 'Blocked Sinks in Rugby' is present on page 

2019-10-31 11:36:17 - [MESSAGE][PASSED] - Text 'Blocked Sinks in Rugby' is present on page 

2019-10-31 11:36:17 - [TEST_STEP][PASSED] - "Expected cantantenated text is Returned": null

2019-10-31 11:36:17 - [TEST_STEP][PASSED] - "--------------------------": null

2019-10-31 11:36:17 - [TEST_STEP][PASSED] - " Teardown - CLose Browser |": null

2019-10-31 11:36:17 - [TEST_STEP][PASSED] - callTestCase(findTestCase("Reusable_Test_Sequences/CAT_Teardown"), [:], STOP_ON_FAILURE): Call Test Case 'Test Cases/Reusable_Test_Sequences/CAT_Teardown' successfully

2019-10-31 11:36:17 - [TEST_CASE][PASSED] - Test Cases/Reusable_Test_Sequences/CAT_Teardown: Test Cases/Reusable_Test_Sequences/CAT_Teardown

2019-10-31 11:36:17 - [TEST_STEP][PASSED] - closeBrowser(): Browser is closed

2019-10-31 11:36:19 - [MESSAGE][PASSED] - Browser is closed

2019-10-31 11:36:19 - [MESSAGE][PASSED] - Call Test Case 'Test Cases/Reusable_Test_Sequences/CAT_Teardown' successfully

2019-10-31 11:36:19 - [TEST_STEP][PASSED] - callTestCase(findTestCase("Reusable_Test_Sequences/CAT_Setup"), [:], STOP_ON_FAILURE): Call Test Case 'Test Cases/Reusable_Test_Sequences/CAT_Setup' successfully

2019-10-31 11:36:19 - [TEST_CASE][PASSED] - Test Cases/Reusable_Test_Sequences/CAT_Setup: Test Cases/Reusable_Test_Sequences/CAT_Setup

2019-10-31 11:36:19 - [TEST_STEP][PASSED] - "URL - Set from the ENVIRONMENT PROFILE ": null

2019-10-31 11:36:19 - [TEST_STEP][PASSED] - openBrowser(URL): Browser is opened with url: 'https://www.preview.checkatrade.com/'

2019-10-31 11:36:19 - [MESSAGE][INFO] - Starting 'Firefox' driver

2019-10-31 11:36:33 - [MESSAGE][PASSED] - Browser is opened with url: 'https://www.preview.checkatrade.com/'

2019-10-31 11:36:33 - [TEST_STEP][PASSED] - maximizeWindow(): Current window maximized

2019-10-31 11:36:34 - [MESSAGE][PASSED] - Current window maximized

2019-10-31 11:36:34 - [TEST_STEP][PASSED] - waitForPageLoad(60): Wait for page load successfully

2019-10-31 11:36:34 - [MESSAGE][PASSED] - Wait for page load successfully

2019-10-31 11:36:34 - [TEST_STEP][PASSED] - waitForElementVisible(findTestObject("Page_Checkatrade Find a tradesperson you can trust/a_Search"), 25): Object 'Object Repository/Page_Checkatrade Find a tradesperson you can trust/a_Search' is visible

2019-10-31 11:36:34 - [MESSAGE][PASSED] - Object 'Object Repository/Page_Checkatrade Find a tradesperson you can trust/a_Search' is visible

2019-10-31 11:36:34 - [TEST_STEP][PASSED] - try: null

2019-10-31 11:36:34 - [TEST_STEP][PASSED] - if (verifyElementPresent(findTestObject("Page_Checkatrade Find a tradesperson you can trust/div_close"), 1, OPTIONAL)): null

2019-10-31 11:36:34 - [MESSAGE][PASSED] - Object 'Object Repository/Page_Checkatrade Find a tradesperson you can trust/div_close' is present

2019-10-31 11:36:34 - [TEST_STEP][PASSED] - click(findTestObject("Page_Checkatrade Find a tradesperson you can trust/div_close")): Object: 'Object Repository/Page_Checkatrade Find a tradesperson you can trust/div_close' is clicked on

2019-10-31 11:36:35 - [MESSAGE][PASSED] - Object: 'Object Repository/Page_Checkatrade Find a tradesperson you can trust/div_close' is clicked on

2019-10-31 11:36:35 - [TEST_STEP][PASSED] - "---------------------------------": null

2019-10-31 11:36:35 - [TEST_STEP][PASSED] - "COOKIE POPOUT REMOVED - Confirmed": null

2019-10-31 11:36:35 - [TEST_STEP][PASSED] - delay(1): Delayed 1 second(s)

2019-10-31 11:36:36 - [MESSAGE][PASSED] - Delayed 1 second(s)

2019-10-31 11:36:36 - [TEST_STEP][PASSED] - verifyTextNotPresent("Checkatrade.com uses cookies to make sure you get the best browsing experience", false): Text 'Checkatrade.com uses cookies to make sure you get the best browsing experience' is not present on page

2019-10-31 11:36:37 - [MESSAGE][PASSED] - Text 'Checkatrade.com uses cookies to make sure you get the best browsing experience' is not present on page

2019-10-31 11:36:37 - [TEST_STEP][PASSED] - try: null

2019-10-31 11:36:37 - [TEST_STEP][PASSED] - if (verifyElementPresent(findTestObject("Page_Checkatrade Find a tradesperson you can trust/div_close_1"), 1, OPTIONAL)): null

2019-10-31 11:36:37 - [MESSAGE][PASSED] - Object 'Object Repository/Page_Checkatrade Find a tradesperson you can trust/div_close_1' is present

2019-10-31 11:36:37 - [TEST_STEP][PASSED] - click(findTestObject("Page_Checkatrade Find a tradesperson you can trust/div_close_1")): Object: 'Object Repository/Page_Checkatrade Find a tradesperson you can trust/div_close_1' is clicked on

2019-10-31 11:36:38 - [MESSAGE][PASSED] - Object: 'Object Repository/Page_Checkatrade Find a tradesperson you can trust/div_close_1' is clicked on

2019-10-31 11:36:38 - [TEST_STEP][PASSED] - "---------------------------------": null

2019-10-31 11:36:38 - [TEST_STEP][PASSED] - "PRIVACY POPOUT REMOVED - Confirmed": null

2019-10-31 11:36:38 - [TEST_STEP][PASSED] - delay(1): Delayed 1 second(s)

2019-10-31 11:36:39 - [MESSAGE][PASSED] - Delayed 1 second(s)

2019-10-31 11:36:39 - [TEST_STEP][PASSED] - verifyTextNotPresent("We have updated our Privacy Policy, please review this", false): Text 'We have updated our Privacy Policy, please review this' is not present on page

2019-10-31 11:36:39 - [MESSAGE][PASSED] - Text 'We have updated our Privacy Policy, please review this' is not present on page

2019-10-31 11:36:39 - [MESSAGE][PASSED] - Call Test Case 'Test Cases/Reusable_Test_Sequences/CAT_Setup' successfully

2019-10-31 11:36:39 - [TEST_STEP][PASSED] - " ALTERNATIVE SCREEN RESOLUTION SELECTION METHOD": null

2019-10-31 11:36:39 - [TEST_STEP][PASSED] - " ACTUAL SCREEN RESOLUTION SELECTION METHOD USED": null

2019-10-31 11:36:39 - [TEST_STEP][PASSED] - XCOORD = Integer.parseInt(findTestData("searchTestData").getValue("X_COORD", row)): null

2019-10-31 11:36:39 - [TEST_STEP][PASSED] - YCOORD = Integer.parseInt(findTestData("searchTestData").getValue("Y_COORD", row)): null

2019-10-31 11:36:39 - [TEST_STEP][PASSED] - setViewPortSize(XCOORD, YCOORD): Viewport is set to new size with width = 700 and height = 900

2019-10-31 11:36:39 - [MESSAGE][PASSED] - Viewport is set to new size with width = 700 and height = 900

2019-10-31 11:36:39 - [TEST_STEP][PASSED] - waitForPageLoad(60): Wait for page load successfully

2019-10-31 11:36:39 - [MESSAGE][PASSED] - Wait for page load successfully

2019-10-31 11:36:39 - [TEST_STEP][PASSED] - out.println("Set View Port Size is currently SET to X AXIS " + XCOORD + " Y AXIS " + YCOORD): null

2019-10-31 11:36:39 - [TEST_STEP][PASSED] - setText(findTestObject("Page_Checkatrade Find a tradesperson you can trust/input_Search through"), findTestData("searchTestData").getValue("tradeClassification", row)): Text 'Diagnostic Testing' is set on object 'Object Repository/Page_Checkatrade Find a tradesperson you can trust/input_Search through'

2019-10-31 11:36:40 - [MESSAGE][PASSED] - Text 'Diagnostic Testing' is set on object 'Object Repository/Page_Checkatrade Find a tradesperson you can trust/input_Search through'

2019-10-31 11:36:40 - [TEST_STEP][PASSED] - waitForPageLoad(60): Wait for page load successfully

2019-10-31 11:36:40 - [MESSAGE][PASSED] - Wait for page load successfully

2019-10-31 11:36:40 - [TEST_STEP][PASSED] - "Set and SEARCH SELECTED LOCATION": null

2019-10-31 11:36:40 - [TEST_STEP][PASSED] - setText(findTestObject("Object Repository/Checkatrade_Trade_Search_Page/Page_Checkatrade Find a tradesperson you can trust/input_location"), findTestData("searchTestData").getValue("tradeLocation", row)): Text 'Angmering' is set on object 'Object Repository/Checkatrade_Trade_Search_Page/Page_Checkatrade Find a tradesperson you can trust/input_location'

2019-10-31 11:36:40 - [MESSAGE][PASSED] - Text 'Angmering' is set on object 'Object Repository/Checkatrade_Trade_Search_Page/Page_Checkatrade Find a tradesperson you can trust/input_location'

2019-10-31 11:36:40 - [TEST_STEP][PASSED] - waitForPageLoad(60): Wait for page load successfully

2019-10-31 11:36:40 - [MESSAGE][PASSED] - Wait for page load successfully

2019-10-31 11:36:40 - [TEST_STEP][PASSED] - scrollToElement(findTestObject("Object Repository/Checkatrade_Trade_Search_Page/Page_Checkatrade Find a tradesperson you can trust/a_Search"), 5): Scroll to object 'Object Repository/Checkatrade_Trade_Search_Page/Page_Checkatrade Find a tradesperson you can trust/a_Search' successfully

2019-10-31 11:36:41 - [MESSAGE][PASSED] - Scroll to object 'Object Repository/Checkatrade_Trade_Search_Page/Page_Checkatrade Find a tradesperson you can trust/a_Search' successfully

2019-10-31 11:36:41 - [TEST_STEP][PASSED] - waitForPageLoad(60): Wait for page load successfully

2019-10-31 11:36:41 - [MESSAGE][PASSED] - Wait for page load successfully

2019-10-31 11:36:41 - [TEST_STEP][PASSED] - "-------------": null

2019-10-31 11:36:41 - [TEST_STEP][PASSED] - doubleClick(findTestObject("Object Repository/Checkatrade_Trade_Search_Page/Page_Checkatrade Find a tradesperson you can trust/a_Search")): Object: 'Object Repository/Checkatrade_Trade_Search_Page/Page_Checkatrade Find a tradesperson you can trust/a_Search' is double clicked on

2019-10-31 11:36:41 - [MESSAGE][PASSED] - Object: 'Object Repository/Checkatrade_Trade_Search_Page/Page_Checkatrade Find a tradesperson you can trust/a_Search' is double clicked on

2019-10-31 11:36:41 - [TEST_STEP][PASSED] - waitForPageLoad(60): Wait for page load successfully

2019-10-31 11:36:41 - [MESSAGE][PASSED] - Wait for page load successfully

2019-10-31 11:36:41 - [TEST_STEP][PASSED] - scrollToElement(findTestObject("Object Repository/Page_Returned_Concantanated_Text/h1_Concantanated_Returned_Result"), 5): Scroll to object 'Object Repository/Page_Returned_Concantanated_Text/h1_Concantanated_Returned_Result' successfully

2019-10-31 11:36:48 - [MESSAGE][PASSED] - Scroll to object 'Object Repository/Page_Returned_Concantanated_Text/h1_Concantanated_Returned_Result' successfully

2019-10-31 11:36:48 - [TEST_STEP][PASSED] - waitForElementVisible(findTestObject("Object Repository/Page_Returned_Concantanated_Text/h1_Concantanated_Returned_Result"), 5): Object 'Object Repository/Page_Returned_Concantanated_Text/h1_Concantanated_Returned_Result' is visible

2019-10-31 11:36:49 - [MESSAGE][PASSED] - Object 'Object Repository/Page_Returned_Concantanated_Text/h1_Concantanated_Returned_Result' is visible

2019-10-31 11:36:49 - [TEST_STEP][PASSED] - delay(1): Delayed 1 second(s)

2019-10-31 11:36:50 - [MESSAGE][PASSED] - Delayed 1 second(s)

2019-10-31 11:36:50 - [TEST_STEP][PASSED] - verifyTextPresent(findTestData("searchTestData").getValue("tradeLocationVerification", row), false, CONTINUE_ON_FAILURE): Text 'Diagnostic Testing in Angmering' is present on page 

2019-10-31 11:36:52 - [MESSAGE][PASSED] - Text 'Diagnostic Testing in Angmering' is present on page 

2019-10-31 11:36:52 - [TEST_STEP][PASSED] - "Expected cantantenated text is Returned": null

2019-10-31 11:36:52 - [TEST_STEP][PASSED] - "--------------------------": null

2019-10-31 11:36:52 - [TEST_STEP][PASSED] - " Teardown - CLose Browser |": null

2019-10-31 11:36:52 - [TEST_STEP][PASSED] - callTestCase(findTestCase("Reusable_Test_Sequences/CAT_Teardown"), [:], STOP_ON_FAILURE): Call Test Case 'Test Cases/Reusable_Test_Sequences/CAT_Teardown' successfully

2019-10-31 11:36:52 - [TEST_CASE][PASSED] - Test Cases/Reusable_Test_Sequences/CAT_Teardown: Test Cases/Reusable_Test_Sequences/CAT_Teardown

2019-10-31 11:36:52 - [TEST_STEP][PASSED] - closeBrowser(): Browser is closed

2019-10-31 11:36:54 - [MESSAGE][PASSED] - Browser is closed

2019-10-31 11:36:54 - [MESSAGE][PASSED] - Call Test Case 'Test Cases/Reusable_Test_Sequences/CAT_Teardown' successfully]]></system-out>
         <system-err><![CDATA[]]></system-err>
      </testcase>
      <system-out><![CDATA[2019-10-31 11:34:08 - [TEST_SUITE][PASSED] - Mobile_Devices: Test Cases/Mobile_Devices/Default_Device_Dev]]></system-out>
      <system-err><![CDATA[]]></system-err>
   </testsuite>
</testsuites>
