<?xml version="1.0" encoding="UTF-8"?>
<testsuites name="Web_Office_Top_Level" time="63.965" tests="1" failures="0" errors="0">
   <testsuite name="Web_Office_Top_Level" tests="1" failures="0" errors="0" time="63.965" timestamp="2019-11-27 15:10:05" hostname="DavidHo - VETTEDSP36RF.check.local" id="Test Suites/Web_Office_Top_Level">
      <properties>
         <property name="deviceName" value=""/>
         <property name="devicePlatform" value=""/>
         <property name="logFolder" value="C:\\Users\\davidho\\Katalon Studio\\Start\\Reports\\20191127_150953\\Web_Office_Top_Level\\20191127_150959"/>
         <property name="logFiles" value="C:\\Users\\davidho\\Katalon Studio\\Start\\Reports\\20191127_150953\\Web_Office_Top_Level\\20191127_150959\\execution0.log"/>
         <property name="attachments" value=""/>
         <property name="hostName" value="DavidHo - VETTEDSP36RF.check.local"/>
         <property name="os" value="Windows 10 32bit"/>
         <property name="katalonVersion" value="7.1.0.1"/>
         <property name="browser" value="Firefox 70.0"/>
         <property name="hostAddress" value="10.0.11.243"/>
         <property name="sessionId" value="fd850911-2742-4b81-94cf-b6f8c088a458"/>
         <property name="seleniumVersion" value="3.141.59"/>
         <property name="proxyInformation" value="ProxyInformation{proxyOption=NO_PROXY, proxyServerType=HTTP, password=, proxyServerAddress=, proxyServerPort=0}"/>
         <property name="platform" value="Windows 10"/>
      </properties>
      <testcase name="Test Cases/Web_Office/Navigation_Checks/Companies/Companies_Top" time="63.644" classname="Test Cases/Web_Office/Navigation_Checks/Companies/Companies_Top" status="PASSED">
         <system-out><![CDATA[2019-11-27 15:10:05 - [TEST_CASE][PASSED] - Test Cases/Web_Office/Navigation_Checks/Companies/Companies_Top: Test Cases/Web_Office/Navigation_Checks/Companies/Companies_Top

2019-11-27 15:10:06 - [TEST_STEP][PASSED] - "--------------------------------------": null

2019-11-27 15:10:06 - [TEST_STEP][PASSED] - " Web Office StartUp                  |": null

2019-11-27 15:10:06 - [TEST_STEP][PASSED] - callTestCase(findTestCase("Reusable_Test_Sequences/Web_Office/Directives/WebOffice_StartUp"), [:], OPTIONAL): Call Test Case 'Test Cases/Reusable_Test_Sequences/Web_Office/Directives/WebOffice_StartUp' successfully

2019-11-27 15:10:06 - [TEST_CASE][PASSED] - Test Cases/Reusable_Test_Sequences/Web_Office/Directives/WebOffice_StartUp: Test Cases/Reusable_Test_Sequences/Web_Office/Directives/WebOffice_StartUp

2019-11-27 15:10:06 - [TEST_STEP][PASSED] - if (URL == "https://www.preview.checkatrade.com/"): null

2019-11-27 15:10:07 - [TEST_STEP][PASSED] - WebOfficeURL = "https://admin.preview.checkatrade.com/": null

2019-11-27 15:10:07 - [TEST_STEP][PASSED] - if (URL == "https://www.checkatrade.com/"): null

2019-11-27 15:10:07 - [TEST_STEP][PASSED] - "Set Function Area for "URL_Handler", URL Resolution": null

2019-11-27 15:10:07 - [TEST_STEP][PASSED] - "Do Some Magic with URL(s) See the comments within URL Handler ": null

2019-11-27 15:10:07 - [TEST_STEP][PASSED] - Username = "DavidHo": null

2019-11-27 15:10:07 - [TEST_STEP][PASSED] - Password = "Check123": null

2019-11-27 15:10:07 - [TEST_STEP][PASSED] - "------------------------------------------------": null

2019-11-27 15:10:07 - [TEST_STEP][PASSED] - "WebOfficeURL - Set from the ENVIRONMENT PROFILE ": null

2019-11-27 15:10:07 - [TEST_STEP][PASSED] - "OPEN BROWSER": null

2019-11-27 15:10:07 - [TEST_STEP][PASSED] - "eg - https://admin.preview.checkatrade.com/  ": null

2019-11-27 15:10:07 - [TEST_STEP][PASSED] - openBrowser(WebOfficeURL): Browser is opened with url: 'https://admin.preview.checkatrade.com/'

2019-11-27 15:10:07 - [MESSAGE][INFO] - Starting 'Firefox' driver

2019-11-27 15:10:07 - [MESSAGE][INFO] - Action delay is set to 0 seconds

2019-11-27 15:10:14 - [MESSAGE][PASSED] - Browser is opened with url: 'https://admin.preview.checkatrade.com/'

2019-11-27 15:10:14 - [TEST_STEP][PASSED] - maximizeWindow(): Current window maximized

2019-11-27 15:10:14 - [MESSAGE][PASSED] - Current window maximized

2019-11-27 15:10:14 - [TEST_STEP][PASSED] - waitForElementClickable(findTestObject("Object Repository/WebOffice/Page_Checkatrade - Administration - Login/Login_Button"), 25): Object 'Object Repository/WebOffice/Page_Checkatrade - Administration - Login/Login_Button' is clickable

2019-11-27 15:10:14 - [MESSAGE][PASSED] - Object 'Object Repository/WebOffice/Page_Checkatrade - Administration - Login/Login_Button' is clickable

2019-11-27 15:10:14 - [TEST_STEP][PASSED] - verifyTextPresent("Checkatrade Web Office", false): Text 'Checkatrade Web Office' is present on page 

2019-11-27 15:10:14 - [MESSAGE][PASSED] - Text 'Checkatrade Web Office' is present on page 

2019-11-27 15:10:14 - [TEST_STEP][PASSED] - verifyTextPresent("Access for staff use only", false): Text 'Access for staff use only' is present on page 

2019-11-27 15:10:15 - [MESSAGE][PASSED] - Text 'Access for staff use only' is present on page 

2019-11-27 15:10:15 - [TEST_STEP][PASSED] - verifyTextPresent("Forgotten password?", false): Text 'Forgotten password?' is present on page 

2019-11-27 15:10:15 - [MESSAGE][PASSED] - Text 'Forgotten password?' is present on page 

2019-11-27 15:10:15 - [TEST_STEP][PASSED] - setText(findTestObject("Object Repository/WebOffice/Page_Checkatrade - Administration - Login/input_Username_LoginControlUserName"), Username): Text 'DavidHo' is set on object 'Object Repository/WebOffice/Page_Checkatrade - Administration - Login/input_Username_LoginControlUserName'

2019-11-27 15:10:15 - [MESSAGE][PASSED] - Text 'DavidHo' is set on object 'Object Repository/WebOffice/Page_Checkatrade - Administration - Login/input_Username_LoginControlUserName'

2019-11-27 15:10:15 - [TEST_STEP][PASSED] - setText(findTestObject("Object Repository/WebOffice/Page_Checkatrade - Administration - Login/input_Password_LoginControlPassword"), Password): Text 'Check123' is set on object 'Object Repository/WebOffice/Page_Checkatrade - Administration - Login/input_Password_LoginControlPassword'

2019-11-27 15:10:15 - [MESSAGE][PASSED] - Text 'Check123' is set on object 'Object Repository/WebOffice/Page_Checkatrade - Administration - Login/input_Password_LoginControlPassword'

2019-11-27 15:10:15 - [TEST_STEP][PASSED] - click(findTestObject("Object Repository/WebOffice/Page_Checkatrade - Administration - Login/Login_Button")): Object: 'Object Repository/WebOffice/Page_Checkatrade - Administration - Login/Login_Button' is clicked on

2019-11-27 15:10:16 - [MESSAGE][PASSED] - Object: 'Object Repository/WebOffice/Page_Checkatrade - Administration - Login/Login_Button' is clicked on

2019-11-27 15:10:16 - [TEST_STEP][PASSED] - waitForPageLoad(60): Wait for page load successfully

2019-11-27 15:10:16 - [MESSAGE][PASSED] - Wait for page load successfully

2019-11-27 15:10:16 - [TEST_STEP][PASSED] - verifyTextPresent("Welcome " + Username, false): Text 'Welcome DavidHo' is present on page 

2019-11-27 15:10:16 - [MESSAGE][PASSED] - Text 'Welcome DavidHo' is present on page 

2019-11-27 15:10:16 - [MESSAGE][INFO] - =================== Smart XPath Report =======================

2019-11-27 15:10:16 - [MESSAGE][INFO] - Refer to the link below to preview and approve auto healing on broken test objects.

2019-11-27 15:10:16 - [MESSAGE][INFO] - https://docs.katalon.com/katalon-studio/docs/auto-healing-smart-xpath.html

2019-11-27 15:10:16 - [MESSAGE][INFO] - ===============================================================

2019-11-27 15:10:16 - [MESSAGE][PASSED] - Call Test Case 'Test Cases/Reusable_Test_Sequences/Web_Office/Directives/WebOffice_StartUp' successfully

2019-11-27 15:10:16 - [TEST_STEP][PASSED] - "--------------------------------------": null

2019-11-27 15:10:16 - [TEST_STEP][PASSED] - " Navigate Top level menu Item         |": null

2019-11-27 15:10:16 - [TEST_STEP][PASSED] - delay(5): Delayed 5 second(s)

2019-11-27 15:10:21 - [MESSAGE][PASSED] - Delayed 5 second(s)

2019-11-27 15:10:21 - [TEST_STEP][PASSED] - waitForPageLoad(60): Wait for page load successfully

2019-11-27 15:10:21 - [MESSAGE][PASSED] - Wait for page load successfully

2019-11-27 15:10:21 - [TEST_STEP][PASSED] - waitForElementClickable(findTestObject("Object Repository/WebOffice_Home_page/a_Companies"), 60): Object 'Object Repository/WebOffice_Home_page/a_Companies' is clickable

2019-11-27 15:10:21 - [MESSAGE][PASSED] - Object 'Object Repository/WebOffice_Home_page/a_Companies' is clickable

2019-11-27 15:10:21 - [TEST_STEP][PASSED] - click(findTestObject("Object Repository/WebOffice_Home_page/a_Companies")): Object: 'Object Repository/WebOffice_Home_page/a_Companies' is clicked on

2019-11-27 15:10:26 - [MESSAGE][PASSED] - Object: 'Object Repository/WebOffice_Home_page/a_Companies' is clicked on

2019-11-27 15:10:26 - [TEST_STEP][PASSED] - waitForElementClickable(findTestObject("Object Repository/WebOffice/Companies_Top/Page_/span_Advanced Search"), 120): Object 'Object Repository/WebOffice/Companies_Top/Page_/span_Advanced Search' is clickable

2019-11-27 15:10:26 - [MESSAGE][PASSED] - Object 'Object Repository/WebOffice/Companies_Top/Page_/span_Advanced Search' is clickable

2019-11-27 15:10:26 - [TEST_STEP][PASSED] - "--------------------------------------": null

2019-11-27 15:10:26 - [TEST_STEP][PASSED] - " Verify Returned Page Content         |": null

2019-11-27 15:10:26 - [TEST_STEP][PASSED] - verifyTextPresent("Members  >  All Members", false): Text 'Members  >  All Members' is present on page 

2019-11-27 15:10:27 - [MESSAGE][PASSED] - Text 'Members  >  All Members' is present on page 

2019-11-27 15:10:27 - [TEST_STEP][PASSED] - verifyTextPresent("Next", false): Text 'Next' is present on page 

2019-11-27 15:10:29 - [MESSAGE][PASSED] - Text 'Next' is present on page 

2019-11-27 15:10:29 - [TEST_STEP][PASSED] - verifyTextPresent("Show", false): Text 'Show' is present on page 

2019-11-27 15:10:30 - [MESSAGE][PASSED] - Text 'Show' is present on page 

2019-11-27 15:10:30 - [TEST_STEP][PASSED] - verifyTextPresent("per page", false): Text 'per page' is present on page 

2019-11-27 15:10:32 - [MESSAGE][PASSED] - Text 'per page' is present on page 

2019-11-27 15:10:32 - [TEST_STEP][PASSED] - verifyTextPresent("Displaying 1 to 25 from", false): Text 'Displaying 1 to 25 from' is present on page 

2019-11-27 15:10:33 - [MESSAGE][PASSED] - Text 'Displaying 1 to 25 from' is present on page 

2019-11-27 15:10:33 - [TEST_STEP][PASSED] - verifyTextPresent("Astra Clean", false): Text 'Astra Clean' is present on page 

2019-11-27 15:10:35 - [MESSAGE][PASSED] - Text 'Astra Clean' is present on page 

2019-11-27 15:10:35 - [TEST_STEP][PASSED] - verifyTextPresent("124", false): Text '124' is present on page 

2019-11-27 15:10:36 - [MESSAGE][PASSED] - Text '124' is present on page 

2019-11-27 15:10:36 - [TEST_STEP][PASSED] - verifyTextPresent("Chichester", false): Text 'Chichester' is present on page 

2019-11-27 15:10:37 - [MESSAGE][PASSED] - Text 'Chichester' is present on page 

2019-11-27 15:10:38 - [TEST_STEP][PASSED] - verifyTextPresent("West Sussex", false): Text 'West Sussex' is present on page 

2019-11-27 15:10:39 - [MESSAGE][PASSED] - Text 'West Sussex' is present on page 

2019-11-27 15:10:39 - [TEST_STEP][PASSED] - verifyTextPresent("CARPET & UPHOLSTERY CLEANING", false): Text 'CARPET & UPHOLSTERY CLEANING' is present on page 

2019-11-27 15:10:40 - [MESSAGE][PASSED] - Text 'CARPET & UPHOLSTERY CLEANING' is present on page 

2019-11-27 15:10:40 - [TEST_STEP][PASSED] - verifyTextPresent("MA Department", false): Text 'MA Department' is present on page 

2019-11-27 15:10:42 - [MESSAGE][PASSED] - Text 'MA Department' is present on page 

2019-11-27 15:10:42 - [TEST_STEP][PASSED] - verifyTextPresent("Mailmerge", false): Text 'Mailmerge' is present on page 

2019-11-27 15:10:43 - [MESSAGE][PASSED] - Text 'Mailmerge' is present on page 

2019-11-27 15:10:43 - [TEST_STEP][PASSED] - verifyTextPresent("Export Email Addresses", false): Text 'Export Email Addresses' is present on page 

2019-11-27 15:10:45 - [MESSAGE][PASSED] - Text 'Export Email Addresses' is present on page 

2019-11-27 15:10:45 - [TEST_STEP][PASSED] - verifyTextPresent("Bulk Export Email Addresses", false): Text 'Bulk Export Email Addresses' is present on page 

2019-11-27 15:10:46 - [MESSAGE][PASSED] - Text 'Bulk Export Email Addresses' is present on page 

2019-11-27 15:10:46 - [TEST_STEP][PASSED] - verifyTextPresent("Export Mobile Numbers", false): Text 'Export Mobile Numbers' is present on page 

2019-11-27 15:10:48 - [MESSAGE][PASSED] - Text 'Export Mobile Numbers' is present on page 

2019-11-27 15:10:48 - [TEST_STEP][PASSED] - verifyTextPresent("Show results on map", false): Text 'Show results on map' is present on page 

2019-11-27 15:10:49 - [MESSAGE][PASSED] - Text 'Show results on map' is present on page 

2019-11-27 15:10:49 - [TEST_STEP][PASSED] - verifyTextPresent("Open Map in new Window (with All Results)", false): Text 'Open Map in new Window (with All Results)' is present on page 

2019-11-27 15:10:50 - [MESSAGE][PASSED] - Text 'Open Map in new Window (with All Results)' is present on page 

2019-11-27 15:10:50 - [TEST_STEP][PASSED] - verifyTextPresent("All Companies", false): Text 'All Companies' is present on page 

2019-11-27 15:10:52 - [MESSAGE][PASSED] - Text 'All Companies' is present on page 

2019-11-27 15:10:52 - [TEST_STEP][PASSED] - verifyTextPresent("Members", false): Text 'Members' is present on page 

2019-11-27 15:10:53 - [MESSAGE][PASSED] - Text 'Members' is present on page 

2019-11-27 15:10:53 - [TEST_STEP][PASSED] - verifyTextPresent("Non-Members", false): Text 'Non-Members' is present on page 

2019-11-27 15:10:55 - [MESSAGE][PASSED] - Text 'Non-Members' is present on page 

2019-11-27 15:10:55 - [TEST_STEP][PASSED] - verifyTextPresent("Search By", false): Text 'Search By' is present on page 

2019-11-27 15:10:56 - [MESSAGE][PASSED] - Text 'Search By' is present on page 

2019-11-27 15:10:56 - [TEST_STEP][PASSED] - verifyTextPresent("Mobile", false): Text 'Mobile' is present on page 

2019-11-27 15:10:58 - [MESSAGE][PASSED] - Text 'Mobile' is present on page 

2019-11-27 15:10:58 - [TEST_STEP][PASSED] - verifyTextPresent("Filter", false): Text 'Filter' is present on page 

2019-11-27 15:10:59 - [MESSAGE][PASSED] - Text 'Filter' is present on page 

2019-11-27 15:10:59 - [TEST_STEP][PASSED] - verifyTextPresent("Trader ID", false): Text 'Trader ID' is present on page 

2019-11-27 15:11:01 - [MESSAGE][PASSED] - Text 'Trader ID' is present on page 

2019-11-27 15:11:01 - [TEST_STEP][PASSED] - verifyTextPresent("More Options", false): Text 'More Options' is present on page 

2019-11-27 15:11:02 - [MESSAGE][PASSED] - Text 'More Options' is present on page 

2019-11-27 15:11:02 - [TEST_STEP][PASSED] - verifyTextPresent("Apply", false): Text 'Apply' is present on page 

2019-11-27 15:11:03 - [MESSAGE][PASSED] - Text 'Apply' is present on page 

2019-11-27 15:11:03 - [TEST_STEP][PASSED] - verifyTextPresent("Clear", false): Text 'Clear' is present on page 

2019-11-27 15:11:05 - [MESSAGE][PASSED] - Text 'Clear' is present on page 

2019-11-27 15:11:05 - [TEST_STEP][PASSED] - verifyTextPresent("Advanced Search", false): Text 'Advanced Search' is present on page 

2019-11-27 15:11:07 - [MESSAGE][PASSED] - Text 'Advanced Search' is present on page 

2019-11-27 15:11:07 - [TEST_STEP][PASSED] - "--------------------------": null

2019-11-27 15:11:07 - [TEST_STEP][PASSED] - " Teardown - CLose Browser |": null

2019-11-27 15:11:07 - [TEST_STEP][PASSED] - callTestCase(findTestCase("Reusable_Test_Sequences/CAT_Teardown"), [:], OPTIONAL): Call Test Case 'Test Cases/Reusable_Test_Sequences/CAT_Teardown' successfully

2019-11-27 15:11:07 - [TEST_CASE][PASSED] - Test Cases/Reusable_Test_Sequences/CAT_Teardown: Test Cases/Reusable_Test_Sequences/CAT_Teardown

2019-11-27 15:11:07 - [TEST_STEP][PASSED] - closeBrowser(): Browser is closed

2019-11-27 15:11:09 - [MESSAGE][PASSED] - Browser is closed

2019-11-27 15:11:09 - [MESSAGE][INFO] - =================== Smart XPath Report =======================

2019-11-27 15:11:09 - [MESSAGE][INFO] - Refer to the link below to preview and approve auto healing on broken test objects.

2019-11-27 15:11:09 - [MESSAGE][INFO] - https://docs.katalon.com/katalon-studio/docs/auto-healing-smart-xpath.html

2019-11-27 15:11:09 - [MESSAGE][INFO] - ===============================================================

2019-11-27 15:11:09 - [MESSAGE][PASSED] - Call Test Case 'Test Cases/Reusable_Test_Sequences/CAT_Teardown' successfully]]></system-out>
         <system-err><![CDATA[]]></system-err>
      </testcase>
      <system-out><![CDATA[2019-11-27 15:10:05 - [TEST_SUITE][PASSED] - Web_Office_Top_Level: Test Cases/Web_Office/Navigation_Checks/Companies/Companies_Top]]></system-out>
      <system-err><![CDATA[]]></system-err>
   </testsuite>
</testsuites>
