<?xml version="1.0" encoding="UTF-8"?>
<testsuites name="WebOffice_Consumer_Search" time="174.74" tests="1" failures="0" errors="0">
   <testsuite name="WebOffice_Consumer_Search" tests="1" failures="0" errors="0" time="174.74" timestamp="2020-01-20 15:06:36" hostname="DavidHo - VETTEDSP36RF.check.local" id="Test Suites/WebOffice_Consumer_Search">
      <properties>
         <property name="deviceName" value=""/>
         <property name="devicePlatform" value=""/>
         <property name="logFolder" value="C:\\Users\\davidho\\Katalon Studio\\Start\\Reports\\20200120_145357\\WebOffice_Consumer_Search\\20200120_145405"/>
         <property name="logFiles" value="C:\\Users\\davidho\\Katalon Studio\\Start\\Reports\\20200120_145357\\WebOffice_Consumer_Search\\20200120_145405\\execution0.log"/>
         <property name="attachments" value=""/>
         <property name="hostName" value="DavidHo - VETTEDSP36RF.check.local"/>
         <property name="os" value="Windows 10 32bit"/>
         <property name="katalonVersion" value="7.1.2.1"/>
         <property name="browser" value="Chrome 79.0.3945.117"/>
         <property name="hostAddress" value="10.0.10.129"/>
         <property name="sessionId" value="6a9c16246c2f45db7d58837c113c02b8"/>
         <property name="seleniumVersion" value="3.141.59"/>
         <property name="proxyInformation" value="ProxyInformation{proxyOption=NO_PROXY, proxyServerType=HTTP, password=, proxyServerAddress=, proxyServerPort=0, executionList=}"/>
         <property name="platform" value="Windows 10"/>
      </properties>
      <testcase name="Test Cases/Web_Office/WebOffice_Consumer_Search" time="174.417" classname="Test Cases/Web_Office/WebOffice_Consumer_Search" status="PASSED">
         <system-out><![CDATA[2020-01-20 15:06:37 - [TEST_CASE][PASSED] - Test Cases/Web_Office/WebOffice_Consumer_Search: Test Cases/Web_Office/WebOffice_Consumer_Search

2020-01-20 15:06:37 - [TEST_STEP][PASSED] - for ([row = 1, row <= findTestData("Consumer_Data (1)").getRowNumbers(), (internal.GlobalVariable.row++)]): Call Test Case 'Test Cases/Reusable_Test_Sequences/CAT_Teardown' successfully

2020-01-20 15:06:39 - [TEST_STEP][PASSED] - "--------------------------------------": null

2020-01-20 15:06:39 - [TEST_STEP][PASSED] - " Web Office StartUp                   |": null

2020-01-20 15:06:39 - [TEST_STEP][PASSED] - callTestCase(findTestCase("Reusable_Test_Sequences/Web_Office/Directives/WebOffice_StartUp"), [:], OPTIONAL): Call Test Case 'Test Cases/Reusable_Test_Sequences/Web_Office/Directives/WebOffice_StartUp' successfully

2020-01-20 15:06:39 - [TEST_CASE][PASSED] - Test Cases/Reusable_Test_Sequences/Web_Office/Directives/WebOffice_StartUp: Test Cases/Reusable_Test_Sequences/Web_Office/Directives/WebOffice_StartUp

2020-01-20 15:06:39 - [TEST_STEP][PASSED] - if (URL == "https://www.preview.checkatrade.com/"): null

2020-01-20 15:06:39 - [TEST_STEP][PASSED] - WebOfficeURL = "https://admin.preview.checkatrade.com/": null

2020-01-20 15:06:39 - [TEST_STEP][PASSED] - if (URL == "https://www.checkatrade.com/"): null

2020-01-20 15:06:39 - [TEST_STEP][PASSED] - "Set Function Area for "URL_Handler", URL Resolution": null

2020-01-20 15:06:39 - [TEST_STEP][PASSED] - "Do Some Magic with URL(s) See the comments within URL Handler ": null

2020-01-20 15:06:39 - [TEST_STEP][PASSED] - Username = "DavidHo": null

2020-01-20 15:06:39 - [TEST_STEP][PASSED] - Password = "Check123": null

2020-01-20 15:06:39 - [TEST_STEP][PASSED] - "------------------------------------------------": null

2020-01-20 15:06:39 - [TEST_STEP][PASSED] - "WebOfficeURL - Set from the ENVIRONMENT PROFILE ": null

2020-01-20 15:06:39 - [TEST_STEP][PASSED] - "OPEN BROWSER": null

2020-01-20 15:06:39 - [TEST_STEP][PASSED] - "eg - https://admin.preview.checkatrade.com/  ": null

2020-01-20 15:06:39 - [TEST_STEP][PASSED] - openBrowser(WebOfficeURL): Browser is opened with url: 'https://admin.preview.checkatrade.com/'

2020-01-20 15:06:40 - [MESSAGE][INFO] - Starting 'Chrome' driver

2020-01-20 15:06:40 - [MESSAGE][INFO] - Action delay is set to 0 seconds

2020-01-20 15:06:49 - [MESSAGE][PASSED] - Browser is opened with url: 'https://admin.preview.checkatrade.com/'

2020-01-20 15:06:49 - [TEST_STEP][PASSED] - maximizeWindow(): Current window maximized

2020-01-20 15:06:53 - [MESSAGE][PASSED] - Current window maximized

2020-01-20 15:06:53 - [TEST_STEP][PASSED] - waitForElementClickable(findTestObject("Object Repository/WebOffice/Page_Checkatrade - Administration - Login/Login_Button"), 25): Object 'Object Repository/WebOffice/Page_Checkatrade - Administration - Login/Login_Button' is clickable

2020-01-20 15:06:53 - [MESSAGE][PASSED] - Object 'Object Repository/WebOffice/Page_Checkatrade - Administration - Login/Login_Button' is clickable

2020-01-20 15:06:53 - [TEST_STEP][PASSED] - verifyTextPresent("Checkatrade Web Office", false): Text 'Checkatrade Web Office' is present on page 

2020-01-20 15:06:53 - [MESSAGE][PASSED] - Text 'Checkatrade Web Office' is present on page 

2020-01-20 15:06:53 - [TEST_STEP][PASSED] - verifyTextPresent("Access for staff use only", false): Text 'Access for staff use only' is present on page 

2020-01-20 15:06:53 - [MESSAGE][PASSED] - Text 'Access for staff use only' is present on page 

2020-01-20 15:06:53 - [TEST_STEP][PASSED] - verifyTextPresent("Forgotten password?", false): Text 'Forgotten password?' is present on page 

2020-01-20 15:06:54 - [MESSAGE][PASSED] - Text 'Forgotten password?' is present on page 

2020-01-20 15:06:54 - [TEST_STEP][PASSED] - setText(findTestObject("Object Repository/WebOffice/Page_Checkatrade - Administration - Login/input_Username_LoginControlUserName"), Username): Text 'DavidHo' is set on object 'Object Repository/WebOffice/Page_Checkatrade - Administration - Login/input_Username_LoginControlUserName'

2020-01-20 15:06:54 - [MESSAGE][PASSED] - Text 'DavidHo' is set on object 'Object Repository/WebOffice/Page_Checkatrade - Administration - Login/input_Username_LoginControlUserName'

2020-01-20 15:06:54 - [TEST_STEP][PASSED] - setText(findTestObject("Object Repository/WebOffice/Page_Checkatrade - Administration - Login/input_Password_LoginControlPassword"), Password): Text 'Check123' is set on object 'Object Repository/WebOffice/Page_Checkatrade - Administration - Login/input_Password_LoginControlPassword'

2020-01-20 15:06:55 - [MESSAGE][PASSED] - Text 'Check123' is set on object 'Object Repository/WebOffice/Page_Checkatrade - Administration - Login/input_Password_LoginControlPassword'

2020-01-20 15:06:55 - [TEST_STEP][PASSED] - click(findTestObject("Object Repository/WebOffice/Page_Checkatrade - Administration - Login/Login_Button")): Object: 'Object Repository/WebOffice/Page_Checkatrade - Administration - Login/Login_Button' is clicked on

2020-01-20 15:06:56 - [MESSAGE][PASSED] - Object: 'Object Repository/WebOffice/Page_Checkatrade - Administration - Login/Login_Button' is clicked on

2020-01-20 15:06:56 - [TEST_STEP][PASSED] - waitForPageLoad(60): Wait for page load successfully

2020-01-20 15:06:57 - [MESSAGE][PASSED] - Wait for page load successfully

2020-01-20 15:06:57 - [TEST_STEP][PASSED] - verifyTextPresent("Welcome " + Username, false): Text 'Welcome DavidHo' is present on page 

2020-01-20 15:06:57 - [MESSAGE][PASSED] - Text 'Welcome DavidHo' is present on page 

2020-01-20 15:06:57 - [MESSAGE][PASSED] - Call Test Case 'Test Cases/Reusable_Test_Sequences/Web_Office/Directives/WebOffice_StartUp' successfully

2020-01-20 15:06:57 - [TEST_STEP][PASSED] - "--------------------------------------": null

2020-01-20 15:06:57 - [TEST_STEP][PASSED] - " Navigate to <Consumer> Menu Item     |": null

2020-01-20 15:06:57 - [TEST_STEP][PASSED] - callTestCase(findTestCase("Reusable_Test_Sequences/Web_Office/navigation/Navigate_Consumers"), [:], OPTIONAL): Call Test Case 'Test Cases/Reusable_Test_Sequences/Web_Office/navigation/Navigate_Consumers' successfully

2020-01-20 15:06:58 - [TEST_CASE][PASSED] - Test Cases/Reusable_Test_Sequences/Web_Office/navigation/Navigate_Consumers: Test Cases/Reusable_Test_Sequences/Web_Office/navigation/Navigate_Consumers

2020-01-20 15:06:58 - [TEST_STEP][PASSED] - "--------------------------------------": null

2020-01-20 15:06:58 - [TEST_STEP][PASSED] - " Navigate Top level menu Item         |": null

2020-01-20 15:06:58 - [TEST_STEP][PASSED] - waitForPageLoad(60): Wait for page load successfully

2020-01-20 15:06:58 - [MESSAGE][PASSED] - Wait for page load successfully

2020-01-20 15:06:58 - [TEST_STEP][PASSED] - waitForElementClickable(findTestObject("Object Repository/WebOffice_Home_page/a_Consumers"), 60): Object 'Object Repository/WebOffice_Home_page/a_Consumers' is clickable

2020-01-20 15:06:58 - [MESSAGE][PASSED] - Object 'Object Repository/WebOffice_Home_page/a_Consumers' is clickable

2020-01-20 15:06:58 - [TEST_STEP][PASSED] - click(findTestObject("Object Repository/WebOffice_Home_page/a_Consumers")): Object: 'Object Repository/WebOffice_Home_page/a_Consumers' is clicked on

2020-01-20 15:06:59 - [MESSAGE][PASSED] - Object: 'Object Repository/WebOffice_Home_page/a_Consumers' is clicked on

2020-01-20 15:06:59 - [MESSAGE][PASSED] - Call Test Case 'Test Cases/Reusable_Test_Sequences/Web_Office/navigation/Navigate_Consumers' successfully

2020-01-20 15:06:59 - [TEST_STEP][PASSED] - "--------------------------------------": null

2020-01-20 15:06:59 - [TEST_STEP][PASSED] - " LH Pane  - Apply Search Criteria     |": null

2020-01-20 15:06:59 - [TEST_STEP][PASSED] - callTestCase(findTestCase("Reusable_Test_Sequences/Web_Office/Actions/Set_Consumer_Data"), [:], OPTIONAL): Call Test Case 'Test Cases/Reusable_Test_Sequences/Web_Office/Actions/Set_Consumer_Data' successfully

2020-01-20 15:06:59 - [TEST_CASE][PASSED] - Test Cases/Reusable_Test_Sequences/Web_Office/Actions/Set_Consumer_Data: Test Cases/Reusable_Test_Sequences/Web_Office/Actions/Set_Consumer_Data

2020-01-20 15:07:00 - [TEST_STEP][PASSED] - "--------------------------------": null

2020-01-20 15:07:00 - [TEST_STEP][PASSED] - "Read data from spreadsheet      |": null

2020-01-20 15:07:00 - [TEST_STEP][PASSED] - data = findTestData("Data Files/Consumer_Data (1)"): null

2020-01-20 15:07:00 - [TEST_STEP][PASSED] - Forename = data.getValue("Forename", row): null

2020-01-20 15:07:00 - [TEST_STEP][PASSED] - Surname = data.getValue("Surname", row): null

2020-01-20 15:07:00 - [TEST_STEP][PASSED] - Mobile = data.getValue("Mobile", row): null

2020-01-20 15:07:00 - [TEST_STEP][PASSED] - Email = data.getValue("Email", row): null

2020-01-20 15:07:00 - [TEST_STEP][PASSED] - House = data.getValue("House", row): null

2020-01-20 15:07:00 - [TEST_STEP][PASSED] - Street = data.getValue("Street", row): null

2020-01-20 15:07:00 - [TEST_STEP][PASSED] - Town = data.getValue("Town", row): null

2020-01-20 15:07:00 - [TEST_STEP][PASSED] - City = data.getValue("City", row): null

2020-01-20 15:07:00 - [TEST_STEP][PASSED] - County = data.getValue("County", row): null

2020-01-20 15:07:00 - [TEST_STEP][PASSED] - Postcode = data.getValue("Postcode", row): null

2020-01-20 15:07:00 - [TEST_STEP][PASSED] - Phone = data.getValue("Phone", row): null

2020-01-20 15:07:00 - [TEST_STEP][PASSED] - Status = data.getValue("Status", row): null

2020-01-20 15:07:00 - [TEST_STEP][PASSED] - Type = data.getValue("Type", row): null

2020-01-20 15:07:00 - [TEST_STEP][PASSED] - Consumer_ID = data.getValue("Consumer_ID", row): null

2020-01-20 15:07:00 - [TEST_STEP][PASSED] - "--------------------------------": null

2020-01-20 15:07:00 - [TEST_STEP][PASSED] - "Read data from spreadsheet      |": null

2020-01-20 15:07:00 - [TEST_STEP][PASSED] - "--------------------------------": null

2020-01-20 15:07:00 - [TEST_STEP][PASSED] - "--------------------------------": null

2020-01-20 15:07:00 - [TEST_STEP][PASSED] - " Synchronisation                |": null

2020-01-20 15:07:00 - [TEST_STEP][PASSED] - waitForPageLoad(60): Wait for page load successfully

2020-01-20 15:07:00 - [MESSAGE][PASSED] - Wait for page load successfully

2020-01-20 15:07:00 - [TEST_STEP][PASSED] - waitForElementVisible(findTestObject("Object Repository/WebOffice/Consumers/Page_/input_Forename_ctl00CP1ctlSearchtbForenames"), 60): Object 'Object Repository/WebOffice/Consumers/Page_/input_Forename_ctl00CP1ctlSearchtbForenames' is visible

2020-01-20 15:07:00 - [MESSAGE][PASSED] - Object 'Object Repository/WebOffice/Consumers/Page_/input_Forename_ctl00CP1ctlSearchtbForenames' is visible

2020-01-20 15:07:00 - [TEST_STEP][PASSED] - click(findTestObject("Object Repository/WebOffice/Consumers/Page_/input_Forename_ctl00CP1ctlSearchtbForenames")): Object: 'Object Repository/WebOffice/Consumers/Page_/input_Forename_ctl00CP1ctlSearchtbForenames' is clicked on

2020-01-20 15:07:00 - [MESSAGE][PASSED] - Object: 'Object Repository/WebOffice/Consumers/Page_/input_Forename_ctl00CP1ctlSearchtbForenames' is clicked on

2020-01-20 15:07:00 - [TEST_STEP][PASSED] - "-------------------------------------------------------------------------------------------------------------------------------------": null

2020-01-20 15:07:00 - [TEST_STEP][PASSED] - setText(findTestObject("Object Repository/WebOffice/Consumers/Page_/input_Forename_ctl00CP1ctlSearchtbForenames"), Forename): Text ' ' is set on object 'Object Repository/WebOffice/Consumers/Page_/input_Forename_ctl00CP1ctlSearchtbForenames'

2020-01-20 15:07:00 - [MESSAGE][PASSED] - Text ' ' is set on object 'Object Repository/WebOffice/Consumers/Page_/input_Forename_ctl00CP1ctlSearchtbForenames'

2020-01-20 15:07:00 - [TEST_STEP][PASSED] - "-------------------------------------------------------------------------------------------------------------------------------------": null

2020-01-20 15:07:00 - [TEST_STEP][PASSED] - setText(findTestObject("Object Repository/WebOffice/Consumers/Page_/input_Surname_ctl00CP1ctlSearchtbSurname"), Surname): Text ' ' is set on object 'Object Repository/WebOffice/Consumers/Page_/input_Surname_ctl00CP1ctlSearchtbSurname'

2020-01-20 15:07:01 - [MESSAGE][PASSED] - Text ' ' is set on object 'Object Repository/WebOffice/Consumers/Page_/input_Surname_ctl00CP1ctlSearchtbSurname'

2020-01-20 15:07:01 - [TEST_STEP][PASSED] - "-------------------------------------------------------------------------------------------------------------------------------------": null

2020-01-20 15:07:01 - [TEST_STEP][PASSED] - setText(findTestObject("Object Repository/WebOffice/Consumers/Page_/input_Mobile_ctl00CP1ctlSearchtbMobile"), Mobile): Text '' is set on object 'Object Repository/WebOffice/Consumers/Page_/input_Mobile_ctl00CP1ctlSearchtbMobile'

2020-01-20 15:07:01 - [MESSAGE][PASSED] - Text '' is set on object 'Object Repository/WebOffice/Consumers/Page_/input_Mobile_ctl00CP1ctlSearchtbMobile'

2020-01-20 15:07:01 - [TEST_STEP][PASSED] - "-------------------------------------------------------------------------------------------------------------------------------------": null

2020-01-20 15:07:01 - [TEST_STEP][PASSED] - setText(findTestObject("Object Repository/WebOffice/Consumers/Page_/input_Email_ctl00CP1ctlSearchtbEmail"), Email): Text 'gordbro@gmail.com' is set on object 'Object Repository/WebOffice/Consumers/Page_/input_Email_ctl00CP1ctlSearchtbEmail'

2020-01-20 15:07:01 - [MESSAGE][PASSED] - Text 'gordbro@gmail.com' is set on object 'Object Repository/WebOffice/Consumers/Page_/input_Email_ctl00CP1ctlSearchtbEmail'

2020-01-20 15:07:01 - [TEST_STEP][PASSED] - "-------------------------------------------------------------------------------------------------------------------------------------": null

2020-01-20 15:07:01 - [TEST_STEP][PASSED] - setText(findTestObject("Object Repository/WebOffice/Consumers/Page_/input_House_ctl00CP1ctlSearchtbHouse"), House): Text '' is set on object 'Object Repository/WebOffice/Consumers/Page_/input_House_ctl00CP1ctlSearchtbHouse'

2020-01-20 15:07:01 - [MESSAGE][PASSED] - Text '' is set on object 'Object Repository/WebOffice/Consumers/Page_/input_House_ctl00CP1ctlSearchtbHouse'

2020-01-20 15:07:01 - [TEST_STEP][PASSED] - "-------------------------------------------------------------------------------------------------------------------------------------": null

2020-01-20 15:07:01 - [TEST_STEP][PASSED] - setText(findTestObject("Object Repository/WebOffice/Consumers/Page_/input_Street_ctl00CP1ctlSearchtbStreet"), Street): Text '' is set on object 'Object Repository/WebOffice/Consumers/Page_/input_Street_ctl00CP1ctlSearchtbStreet'

2020-01-20 15:07:02 - [MESSAGE][PASSED] - Text '' is set on object 'Object Repository/WebOffice/Consumers/Page_/input_Street_ctl00CP1ctlSearchtbStreet'

2020-01-20 15:07:02 - [TEST_STEP][PASSED] - "-------------------------------------------------------------------------------------------------------------------------------------": null

2020-01-20 15:07:02 - [TEST_STEP][PASSED] - setText(findTestObject("Object Repository/WebOffice/Consumers/Page_/input_Town_ctl00CP1ctlSearchtbTown"), Town): Text '' is set on object 'Object Repository/WebOffice/Consumers/Page_/input_Town_ctl00CP1ctlSearchtbTown'

2020-01-20 15:07:02 - [MESSAGE][PASSED] - Text '' is set on object 'Object Repository/WebOffice/Consumers/Page_/input_Town_ctl00CP1ctlSearchtbTown'

2020-01-20 15:07:02 - [TEST_STEP][PASSED] - "-------------------------------------------------------------------------------------------------------------------------------------": null

2020-01-20 15:07:02 - [TEST_STEP][PASSED] - setText(findTestObject("Object Repository/WebOffice/Consumers/Page_/input_City_ctl00CP1ctlSearchtbCity"), City): Text '' is set on object 'Object Repository/WebOffice/Consumers/Page_/input_City_ctl00CP1ctlSearchtbCity'

2020-01-20 15:07:02 - [MESSAGE][PASSED] - Text '' is set on object 'Object Repository/WebOffice/Consumers/Page_/input_City_ctl00CP1ctlSearchtbCity'

2020-01-20 15:07:02 - [TEST_STEP][PASSED] - "-------------------------------------------------------------------------------------------------------------------------------------": null

2020-01-20 15:07:02 - [TEST_STEP][PASSED] - setText(findTestObject("Object Repository/WebOffice/Consumers/Page_/input_County_ctl00CP1ctlSearchtbCounty"), County): Text '' is set on object 'Object Repository/WebOffice/Consumers/Page_/input_County_ctl00CP1ctlSearchtbCounty'

2020-01-20 15:07:02 - [MESSAGE][PASSED] - Text '' is set on object 'Object Repository/WebOffice/Consumers/Page_/input_County_ctl00CP1ctlSearchtbCounty'

2020-01-20 15:07:02 - [TEST_STEP][PASSED] - "-------------------------------------------------------------------------------------------------------------------------------------": null

2020-01-20 15:07:02 - [TEST_STEP][PASSED] - setText(findTestObject("Object Repository/WebOffice/Consumers/Page_/input_Postcode_ctl00CP1ctlSearchtbPostcode"), Postcode): Text '' is set on object 'Object Repository/WebOffice/Consumers/Page_/input_Postcode_ctl00CP1ctlSearchtbPostcode'

2020-01-20 15:07:02 - [MESSAGE][PASSED] - Text '' is set on object 'Object Repository/WebOffice/Consumers/Page_/input_Postcode_ctl00CP1ctlSearchtbPostcode'

2020-01-20 15:07:02 - [TEST_STEP][PASSED] - "-------------------------------------------------------------------------------------------------------------------------------------": null

2020-01-20 15:07:02 - [TEST_STEP][PASSED] - setText(findTestObject("Object Repository/WebOffice/Consumers/Page_/input_Phone_ctl00CP1ctlSearchtbTel"), Phone): Text '' is set on object 'Object Repository/WebOffice/Consumers/Page_/input_Phone_ctl00CP1ctlSearchtbTel'

2020-01-20 15:07:03 - [MESSAGE][PASSED] - Text '' is set on object 'Object Repository/WebOffice/Consumers/Page_/input_Phone_ctl00CP1ctlSearchtbTel'

2020-01-20 15:07:03 - [TEST_STEP][PASSED] - "-------------------------------------------------------------------------------------------------------------------------------------": null

2020-01-20 15:07:03 - [TEST_STEP][PASSED] - "Set Status": null

2020-01-20 15:07:03 - [TEST_STEP][PASSED] - "-------------------------------------------------------------------------------------------------------------------------------------": null

2020-01-20 15:07:03 - [TEST_STEP][PASSED] - "Status 3 Options": null

2020-01-20 15:07:03 - [TEST_STEP][PASSED] - "-------------------------------------------------------------------------------------------------------------------------------------": null

2020-01-20 15:07:03 - [TEST_STEP][PASSED] - "Set Type": null

2020-01-20 15:07:03 - [TEST_STEP][PASSED] - "-------------------------------------------------------------------------------------------------------------------------------------": null

2020-01-20 15:07:03 - [TEST_STEP][PASSED] - "Type 3 Options": null

2020-01-20 15:07:03 - [TEST_STEP][PASSED] - "-------------------------------------------------------------------------------------------------------------------------------------": null

2020-01-20 15:07:03 - [TEST_STEP][PASSED] - click(findTestObject("Object Repository/WebOffice/Consumers/Page_/input_Clear_ctl00CP1ctlSearchbtnSearch")): Object: 'Object Repository/WebOffice/Consumers/Page_/input_Clear_ctl00CP1ctlSearchbtnSearch' is clicked on

2020-01-20 15:07:03 - [MESSAGE][PASSED] - Object: 'Object Repository/WebOffice/Consumers/Page_/input_Clear_ctl00CP1ctlSearchbtnSearch' is clicked on

2020-01-20 15:07:03 - [MESSAGE][PASSED] - Call Test Case 'Test Cases/Reusable_Test_Sequences/Web_Office/Actions/Set_Consumer_Data' successfully

2020-01-20 15:07:03 - [TEST_STEP][PASSED] - "--------------------------------------": null

2020-01-20 15:07:03 - [TEST_STEP][PASSED] - " Select Returned Record to Verify     |": null

2020-01-20 15:07:03 - [TEST_STEP][PASSED] - callTestCase(findTestCase("Reusable_Test_Sequences/Web_Office/Actions/Select_Consumer"), [:], OPTIONAL): Call Test Case 'Test Cases/Reusable_Test_Sequences/Web_Office/Actions/Select_Consumer' successfully

2020-01-20 15:07:03 - [TEST_CASE][PASSED] - Test Cases/Reusable_Test_Sequences/Web_Office/Actions/Select_Consumer: Test Cases/Reusable_Test_Sequences/Web_Office/Actions/Select_Consumer

2020-01-20 15:07:03 - [TEST_STEP][PASSED] - "--------": null

2020-01-20 15:07:03 - [TEST_STEP][PASSED] - "Search  |": null

2020-01-20 15:07:03 - [TEST_STEP][PASSED] - waitForPageLoad(60): Wait for page load successfully

2020-01-20 15:07:03 - [MESSAGE][PASSED] - Wait for page load successfully

2020-01-20 15:07:03 - [TEST_STEP][PASSED] - waitForElementClickable(findTestObject("Object Repository/WO_Consumer/Page_/input_Clear_ctl00CP1ctlSearchbtnSearch"), 60): Object 'Object Repository/WO_Consumer/Page_/input_Clear_ctl00CP1ctlSearchbtnSearch' is clickable

2020-01-20 15:07:03 - [MESSAGE][PASSED] - Object 'Object Repository/WO_Consumer/Page_/input_Clear_ctl00CP1ctlSearchbtnSearch' is clickable

2020-01-20 15:07:03 - [TEST_STEP][PASSED] - click(findTestObject("Object Repository/WO_Consumer/Page_/input_Clear_ctl00CP1ctlSearchbtnSearch")): Object: 'Object Repository/WO_Consumer/Page_/input_Clear_ctl00CP1ctlSearchbtnSearch' is clicked on

2020-01-20 15:07:04 - [MESSAGE][PASSED] - Object: 'Object Repository/WO_Consumer/Page_/input_Clear_ctl00CP1ctlSearchbtnSearch' is clicked on

2020-01-20 15:07:04 - [TEST_STEP][PASSED] - delay(5): Delayed 5 second(s)

2020-01-20 15:07:09 - [MESSAGE][PASSED] - Delayed 5 second(s)

2020-01-20 15:07:09 - [TEST_STEP][PASSED] - "--------": null

2020-01-20 15:07:09 - [TEST_STEP][PASSED] - "Synch   |": null

2020-01-20 15:07:09 - [TEST_STEP][PASSED] - waitForPageLoad(120): Wait for page load successfully

2020-01-20 15:07:09 - [MESSAGE][PASSED] - Wait for page load successfully

2020-01-20 15:07:09 - [TEST_STEP][PASSED] - waitForElementClickable(findTestObject("Object Repository/WO_Consumer/Page_/a_Feedback"), 60): Object 'Object Repository/WO_Consumer/Page_/a_Feedback' is clickable

2020-01-20 15:07:14 - [MESSAGE][PASSED] - Object 'Object Repository/WO_Consumer/Page_/a_Feedback' is clickable

2020-01-20 15:07:14 - [TEST_STEP][PASSED] - "----------------------------------------": null

2020-01-20 15:07:14 - [TEST_STEP][PASSED] - "Initial Table View (Populated or Not    |": null

2020-01-20 15:07:14 - [TEST_STEP][PASSED] - "----------------------------------------": null

2020-01-20 15:07:14 - [TEST_STEP][PASSED] - "---------------------------------------------------": null

2020-01-20 15:07:14 - [TEST_STEP][PASSED] - "If Record Exists Then rocess, Otherwise Jump Over  |": null

2020-01-20 15:07:14 - [TEST_STEP][PASSED] - "---------------------------------------------------": null

2020-01-20 15:07:14 - [TEST_STEP][PASSED] - "----------------------------------------": null

2020-01-20 15:07:14 - [TEST_STEP][PASSED] - "Initial Table Return Checks": null

2020-01-20 15:07:14 - [TEST_STEP][PASSED] - "----------------------------------------": null

2020-01-20 15:07:14 - [TEST_STEP][PASSED] - "--------": null

2020-01-20 15:07:14 - [TEST_STEP][PASSED] - "Sort    |": null

2020-01-20 15:07:14 - [TEST_STEP][PASSED] - click(findTestObject("Object Repository/WO_Consumer/Page_/a_Feedback")): Object: 'Object Repository/WO_Consumer/Page_/a_Feedback' is clicked on

2020-01-20 15:07:14 - [MESSAGE][PASSED] - Object: 'Object Repository/WO_Consumer/Page_/a_Feedback' is clicked on

2020-01-20 15:07:14 - [TEST_STEP][PASSED] - delay(5): Delayed 5 second(s)

2020-01-20 15:07:19 - [MESSAGE][PASSED] - Delayed 5 second(s)

2020-01-20 15:07:19 - [TEST_STEP][PASSED] - "--------": null

2020-01-20 15:07:19 - [TEST_STEP][PASSED] - "Sort    |": null

2020-01-20 15:07:19 - [TEST_STEP][PASSED] - click(findTestObject("Object Repository/WO_Consumer/Page_/a_Feedback")): Object: 'Object Repository/WO_Consumer/Page_/a_Feedback' is clicked on

2020-01-20 15:07:20 - [MESSAGE][PASSED] - Object: 'Object Repository/WO_Consumer/Page_/a_Feedback' is clicked on

2020-01-20 15:07:20 - [TEST_STEP][PASSED] - delay(5): Delayed 5 second(s)

2020-01-20 15:07:25 - [MESSAGE][PASSED] - Delayed 5 second(s)

2020-01-20 15:07:25 - [TEST_STEP][PASSED] - "--------": null

2020-01-20 15:07:25 - [TEST_STEP][PASSED] - "Select  |": null

2020-01-20 15:07:25 - [TEST_STEP][PASSED] - waitForElementClickable(findTestObject("WO_Consumer/Page_/td_TopRow"), 60): Object 'Object Repository/WO_Consumer/Page_/td_TopRow' is clickable

2020-01-20 15:07:25 - [MESSAGE][PASSED] - Object 'Object Repository/WO_Consumer/Page_/td_TopRow' is clickable

2020-01-20 15:07:25 - [TEST_STEP][PASSED] - click(findTestObject("WO_Consumer/Page_/td_TopRow")): Object: 'Object Repository/WO_Consumer/Page_/td_TopRow' is clicked on

2020-01-20 15:07:25 - [MESSAGE][PASSED] - Object: 'Object Repository/WO_Consumer/Page_/td_TopRow' is clicked on

2020-01-20 15:07:25 - [TEST_STEP][PASSED] - delay(1): Delayed 1 second(s)

2020-01-20 15:07:26 - [MESSAGE][PASSED] - Delayed 1 second(s)

2020-01-20 15:07:26 - [MESSAGE][PASSED] - Call Test Case 'Test Cases/Reusable_Test_Sequences/Web_Office/Actions/Select_Consumer' successfully

2020-01-20 15:07:26 - [TEST_STEP][PASSED] - "--------------------------------------": null

2020-01-20 15:07:26 - [TEST_STEP][PASSED] - " Verify Returned Consumer Record      |": null

2020-01-20 15:07:26 - [TEST_STEP][PASSED] - callTestCase(findTestCase("Reusable_Test_Sequences/Web_Office/Verification/Consumer_Returned_Search_Record"), [:], OPTIONAL): Call Test Case 'Test Cases/Reusable_Test_Sequences/Web_Office/Verification/Consumer_Returned_Search_Record' successfully

2020-01-20 15:07:26 - [TEST_CASE][PASSED] - Test Cases/Reusable_Test_Sequences/Web_Office/Verification/Consumer_Returned_Search_Record: Test Cases/Reusable_Test_Sequences/Web_Office/Verification/Consumer_Returned_Search_Record

2020-01-20 15:07:27 - [TEST_STEP][PASSED] - "--------------------------------": null

2020-01-20 15:07:27 - [TEST_STEP][PASSED] - "Read data from spreadsheet      | r_ = Returned Data": null

2020-01-20 15:07:27 - [TEST_STEP][PASSED] - data = findTestData("Data Files/Consumer_Data (1)"): null

2020-01-20 15:07:27 - [TEST_STEP][PASSED] - Consumer_ID = data.getValue("Consumer_ID", row): null

2020-01-20 15:07:27 - [TEST_STEP][PASSED] - Title = data.getValue("r_Title", row): null

2020-01-20 15:07:27 - [TEST_STEP][PASSED] - Forenames = data.getValue("r_Forenames", row): null

2020-01-20 15:07:27 - [TEST_STEP][PASSED] - Surname = data.getValue("r_Surname", row): null

2020-01-20 15:07:27 - [TEST_STEP][PASSED] - Housename = data.getValue("r_Housename", row): null

2020-01-20 15:07:27 - [TEST_STEP][PASSED] - Number_Street = data.getValue("r_Number_and_Street", row): null

2020-01-20 15:07:27 - [TEST_STEP][PASSED] - City = data.getValue("r_City", row): null

2020-01-20 15:07:27 - [TEST_STEP][PASSED] - Town = data.getValue("r_Town", row): null

2020-01-20 15:07:27 - [TEST_STEP][PASSED] - County = data.getValue("r_County", row): null

2020-01-20 15:07:27 - [TEST_STEP][PASSED] - Postcode = data.getValue("r_Postcode", row): null

2020-01-20 15:07:27 - [TEST_STEP][PASSED] - Phone1 = data.getValue("r_Phone_1", row): null

2020-01-20 15:07:27 - [TEST_STEP][PASSED] - Phone2 = data.getValue("r_Phone_2", row): null

2020-01-20 15:07:27 - [TEST_STEP][PASSED] - Fax = data.getValue("r_Fax", row): null

2020-01-20 15:07:27 - [TEST_STEP][PASSED] - r_Full_Name = data.getValue("r_Full_Name", 1): null

2020-01-20 15:07:27 - [TEST_STEP][PASSED] - r_Full_Address = data.getValue("r_Full_Address", 1): null

2020-01-20 15:07:27 - [TEST_STEP][PASSED] - "--------------------------------": null

2020-01-20 15:07:27 - [TEST_STEP][PASSED] - "Read data from spreadsheet      |": null

2020-01-20 15:07:27 - [TEST_STEP][PASSED] - Actual_Page_Text = "": null

2020-01-20 15:07:27 - [TEST_STEP][PASSED] - Expected_Page_Text = "": null

2020-01-20 15:07:27 - [TEST_STEP][PASSED] - waitForPageLoad(60): Wait for page load successfully

2020-01-20 15:07:27 - [MESSAGE][PASSED] - Wait for page load successfully

2020-01-20 15:07:27 - [TEST_STEP][PASSED] - delay(1): Delayed 1 second(s)

2020-01-20 15:07:28 - [MESSAGE][PASSED] - Delayed 1 second(s)

2020-01-20 15:07:28 - [TEST_STEP][PASSED] - "HEADER DETAIL - iFrame": null

2020-01-20 15:07:28 - [TEST_STEP][PASSED] - "----------------": null

2020-01-20 15:07:28 - [TEST_STEP][PASSED] - "Full Name       |": null

2020-01-20 15:07:28 - [TEST_STEP][PASSED] - verifyElementPresent(findTestObject("Object Repository/WO_Consumer/Page_/Page_/a_Mr Gordon Brown"), 25): Object 'Object Repository/WO_Consumer/Page_/Page_/a_Mr Gordon Brown' is present

2020-01-20 15:07:29 - [MESSAGE][PASSED] - Object 'Object Repository/WO_Consumer/Page_/Page_/a_Mr Gordon Brown' is present

2020-01-20 15:07:29 - [TEST_STEP][PASSED] - "----------------": null

2020-01-20 15:07:29 - [TEST_STEP][PASSED] - "Full Address    |": null

2020-01-20 15:07:29 - [TEST_STEP][PASSED] - verifyElementPresent(findTestObject("Object Repository/WO_Consumer/Page_/Page_/div_Haywards Heath West Sussex RH16 4ER4477_d20822"), 25): Object 'Object Repository/WO_Consumer/Page_/Page_/div_Haywards Heath West Sussex RH16 4ER4477_d20822' is present

2020-01-20 15:07:29 - [MESSAGE][PASSED] - Object 'Object Repository/WO_Consumer/Page_/Page_/div_Haywards Heath West Sussex RH16 4ER4477_d20822' is present

2020-01-20 15:07:29 - [TEST_STEP][PASSED] - "BODY DETAIL - iFrame": null

2020-01-20 15:07:29 - [TEST_STEP][PASSED] - "----------------": null

2020-01-20 15:07:29 - [TEST_STEP][PASSED] - "EDIT Consumer   |": null

2020-01-20 15:07:29 - [TEST_STEP][PASSED] - verifyElementPresent(findTestObject("Object Repository/WO_Consumer/Page_/Page_/input_Title_ctledittbTitle"), 25): Object 'Object Repository/WO_Consumer/Page_/Page_/input_Title_ctledittbTitle' is present

2020-01-20 15:07:29 - [MESSAGE][PASSED] - Object 'Object Repository/WO_Consumer/Page_/Page_/input_Title_ctledittbTitle' is present

2020-01-20 15:07:29 - [TEST_STEP][PASSED] - "----------------": null

2020-01-20 15:07:29 - [TEST_STEP][PASSED] - "Address         |": null

2020-01-20 15:07:29 - [TEST_STEP][PASSED] - verifyElementPresent(findTestObject("Object Repository/WO_Consumer/Page_/Page_/span_Please ensure the Street  Road name is_e38a58"), 25): Object 'Object Repository/WO_Consumer/Page_/Page_/span_Please ensure the Street  Road name is_e38a58' is present

2020-01-20 15:07:29 - [MESSAGE][PASSED] - Object 'Object Repository/WO_Consumer/Page_/Page_/span_Please ensure the Street  Road name is_e38a58' is present

2020-01-20 15:07:29 - [MESSAGE][PASSED] - Call Test Case 'Test Cases/Reusable_Test_Sequences/Web_Office/Verification/Consumer_Returned_Search_Record' successfully

2020-01-20 15:07:29 - [TEST_STEP][PASSED] - "--------------------------": null

2020-01-20 15:07:29 - [TEST_STEP][PASSED] - " Teardown - CLose Browser |": null

2020-01-20 15:07:29 - [TEST_STEP][PASSED] - callTestCase(findTestCase("Reusable_Test_Sequences/CAT_Teardown"), [:], OPTIONAL): Call Test Case 'Test Cases/Reusable_Test_Sequences/CAT_Teardown' successfully

2020-01-20 15:07:29 - [TEST_CASE][PASSED] - Test Cases/Reusable_Test_Sequences/CAT_Teardown: Test Cases/Reusable_Test_Sequences/CAT_Teardown

2020-01-20 15:07:30 - [TEST_STEP][PASSED] - closeBrowser(): Browser is closed

2020-01-20 15:07:31 - [MESSAGE][PASSED] - Browser is closed

2020-01-20 15:07:31 - [MESSAGE][PASSED] - Call Test Case 'Test Cases/Reusable_Test_Sequences/CAT_Teardown' successfully

2020-01-20 15:07:31 - [TEST_STEP][PASSED] - "--------------------------------------": null

2020-01-20 15:07:31 - [TEST_STEP][PASSED] - " Web Office StartUp                   |": null

2020-01-20 15:07:31 - [TEST_STEP][PASSED] - callTestCase(findTestCase("Reusable_Test_Sequences/Web_Office/Directives/WebOffice_StartUp"), [:], OPTIONAL): Call Test Case 'Test Cases/Reusable_Test_Sequences/Web_Office/Directives/WebOffice_StartUp' successfully

2020-01-20 15:07:31 - [TEST_CASE][PASSED] - Test Cases/Reusable_Test_Sequences/Web_Office/Directives/WebOffice_StartUp: Test Cases/Reusable_Test_Sequences/Web_Office/Directives/WebOffice_StartUp

2020-01-20 15:07:31 - [TEST_STEP][PASSED] - if (URL == "https://www.preview.checkatrade.com/"): null

2020-01-20 15:07:31 - [TEST_STEP][PASSED] - WebOfficeURL = "https://admin.preview.checkatrade.com/": null

2020-01-20 15:07:31 - [TEST_STEP][PASSED] - if (URL == "https://www.checkatrade.com/"): null

2020-01-20 15:07:31 - [TEST_STEP][PASSED] - "Set Function Area for "URL_Handler", URL Resolution": null

2020-01-20 15:07:31 - [TEST_STEP][PASSED] - "Do Some Magic with URL(s) See the comments within URL Handler ": null

2020-01-20 15:07:31 - [TEST_STEP][PASSED] - Username = "DavidHo": null

2020-01-20 15:07:31 - [TEST_STEP][PASSED] - Password = "Check123": null

2020-01-20 15:07:31 - [TEST_STEP][PASSED] - "------------------------------------------------": null

2020-01-20 15:07:31 - [TEST_STEP][PASSED] - "WebOfficeURL - Set from the ENVIRONMENT PROFILE ": null

2020-01-20 15:07:31 - [TEST_STEP][PASSED] - "OPEN BROWSER": null

2020-01-20 15:07:31 - [TEST_STEP][PASSED] - "eg - https://admin.preview.checkatrade.com/  ": null

2020-01-20 15:07:31 - [TEST_STEP][PASSED] - openBrowser(WebOfficeURL): Browser is opened with url: 'https://admin.preview.checkatrade.com/'

2020-01-20 15:07:31 - [MESSAGE][INFO] - Starting 'Chrome' driver

2020-01-20 15:07:38 - [MESSAGE][PASSED] - Browser is opened with url: 'https://admin.preview.checkatrade.com/'

2020-01-20 15:07:38 - [TEST_STEP][PASSED] - maximizeWindow(): Current window maximized

2020-01-20 15:07:42 - [MESSAGE][PASSED] - Current window maximized

2020-01-20 15:07:42 - [TEST_STEP][PASSED] - waitForElementClickable(findTestObject("Object Repository/WebOffice/Page_Checkatrade - Administration - Login/Login_Button"), 25): Object 'Object Repository/WebOffice/Page_Checkatrade - Administration - Login/Login_Button' is clickable

2020-01-20 15:07:42 - [MESSAGE][PASSED] - Object 'Object Repository/WebOffice/Page_Checkatrade - Administration - Login/Login_Button' is clickable

2020-01-20 15:07:42 - [TEST_STEP][PASSED] - verifyTextPresent("Checkatrade Web Office", false): Text 'Checkatrade Web Office' is present on page 

2020-01-20 15:07:42 - [MESSAGE][PASSED] - Text 'Checkatrade Web Office' is present on page 

2020-01-20 15:07:42 - [TEST_STEP][PASSED] - verifyTextPresent("Access for staff use only", false): Text 'Access for staff use only' is present on page 

2020-01-20 15:07:42 - [MESSAGE][PASSED] - Text 'Access for staff use only' is present on page 

2020-01-20 15:07:42 - [TEST_STEP][PASSED] - verifyTextPresent("Forgotten password?", false): Text 'Forgotten password?' is present on page 

2020-01-20 15:07:42 - [MESSAGE][PASSED] - Text 'Forgotten password?' is present on page 

2020-01-20 15:07:42 - [TEST_STEP][PASSED] - setText(findTestObject("Object Repository/WebOffice/Page_Checkatrade - Administration - Login/input_Username_LoginControlUserName"), Username): Text 'DavidHo' is set on object 'Object Repository/WebOffice/Page_Checkatrade - Administration - Login/input_Username_LoginControlUserName'

2020-01-20 15:07:42 - [MESSAGE][PASSED] - Text 'DavidHo' is set on object 'Object Repository/WebOffice/Page_Checkatrade - Administration - Login/input_Username_LoginControlUserName'

2020-01-20 15:07:42 - [TEST_STEP][PASSED] - setText(findTestObject("Object Repository/WebOffice/Page_Checkatrade - Administration - Login/input_Password_LoginControlPassword"), Password): Text 'Check123' is set on object 'Object Repository/WebOffice/Page_Checkatrade - Administration - Login/input_Password_LoginControlPassword'

2020-01-20 15:07:43 - [MESSAGE][PASSED] - Text 'Check123' is set on object 'Object Repository/WebOffice/Page_Checkatrade - Administration - Login/input_Password_LoginControlPassword'

2020-01-20 15:07:43 - [TEST_STEP][PASSED] - click(findTestObject("Object Repository/WebOffice/Page_Checkatrade - Administration - Login/Login_Button")): Object: 'Object Repository/WebOffice/Page_Checkatrade - Administration - Login/Login_Button' is clicked on

2020-01-20 15:07:43 - [MESSAGE][PASSED] - Object: 'Object Repository/WebOffice/Page_Checkatrade - Administration - Login/Login_Button' is clicked on

2020-01-20 15:07:43 - [TEST_STEP][PASSED] - waitForPageLoad(60): Wait for page load successfully

2020-01-20 15:07:43 - [MESSAGE][PASSED] - Wait for page load successfully

2020-01-20 15:07:43 - [TEST_STEP][PASSED] - verifyTextPresent("Welcome " + Username, false): Text 'Welcome DavidHo' is present on page 

2020-01-20 15:07:44 - [MESSAGE][PASSED] - Text 'Welcome DavidHo' is present on page 

2020-01-20 15:07:44 - [MESSAGE][PASSED] - Call Test Case 'Test Cases/Reusable_Test_Sequences/Web_Office/Directives/WebOffice_StartUp' successfully

2020-01-20 15:07:44 - [TEST_STEP][PASSED] - "--------------------------------------": null

2020-01-20 15:07:44 - [TEST_STEP][PASSED] - " Navigate to <Consumer> Menu Item     |": null

2020-01-20 15:07:44 - [TEST_STEP][PASSED] - callTestCase(findTestCase("Reusable_Test_Sequences/Web_Office/navigation/Navigate_Consumers"), [:], OPTIONAL): Call Test Case 'Test Cases/Reusable_Test_Sequences/Web_Office/navigation/Navigate_Consumers' successfully

2020-01-20 15:07:44 - [TEST_CASE][PASSED] - Test Cases/Reusable_Test_Sequences/Web_Office/navigation/Navigate_Consumers: Test Cases/Reusable_Test_Sequences/Web_Office/navigation/Navigate_Consumers

2020-01-20 15:07:44 - [TEST_STEP][PASSED] - "--------------------------------------": null

2020-01-20 15:07:44 - [TEST_STEP][PASSED] - " Navigate Top level menu Item         |": null

2020-01-20 15:07:44 - [TEST_STEP][PASSED] - waitForPageLoad(60): Wait for page load successfully

2020-01-20 15:07:44 - [MESSAGE][PASSED] - Wait for page load successfully

2020-01-20 15:07:44 - [TEST_STEP][PASSED] - waitForElementClickable(findTestObject("Object Repository/WebOffice_Home_page/a_Consumers"), 60): Object 'Object Repository/WebOffice_Home_page/a_Consumers' is clickable

2020-01-20 15:07:44 - [MESSAGE][PASSED] - Object 'Object Repository/WebOffice_Home_page/a_Consumers' is clickable

2020-01-20 15:07:44 - [TEST_STEP][PASSED] - click(findTestObject("Object Repository/WebOffice_Home_page/a_Consumers")): Object: 'Object Repository/WebOffice_Home_page/a_Consumers' is clicked on

2020-01-20 15:07:45 - [MESSAGE][PASSED] - Object: 'Object Repository/WebOffice_Home_page/a_Consumers' is clicked on

2020-01-20 15:07:45 - [MESSAGE][PASSED] - Call Test Case 'Test Cases/Reusable_Test_Sequences/Web_Office/navigation/Navigate_Consumers' successfully

2020-01-20 15:07:45 - [TEST_STEP][PASSED] - "--------------------------------------": null

2020-01-20 15:07:45 - [TEST_STEP][PASSED] - " LH Pane  - Apply Search Criteria     |": null

2020-01-20 15:07:45 - [TEST_STEP][PASSED] - callTestCase(findTestCase("Reusable_Test_Sequences/Web_Office/Actions/Set_Consumer_Data"), [:], OPTIONAL): Call Test Case 'Test Cases/Reusable_Test_Sequences/Web_Office/Actions/Set_Consumer_Data' successfully

2020-01-20 15:07:45 - [TEST_CASE][PASSED] - Test Cases/Reusable_Test_Sequences/Web_Office/Actions/Set_Consumer_Data: Test Cases/Reusable_Test_Sequences/Web_Office/Actions/Set_Consumer_Data

2020-01-20 15:07:45 - [TEST_STEP][PASSED] - "--------------------------------": null

2020-01-20 15:07:45 - [TEST_STEP][PASSED] - "Read data from spreadsheet      |": null

2020-01-20 15:07:45 - [TEST_STEP][PASSED] - data = findTestData("Data Files/Consumer_Data (1)"): null

2020-01-20 15:07:45 - [TEST_STEP][PASSED] - Forename = data.getValue("Forename", row): null

2020-01-20 15:07:45 - [TEST_STEP][PASSED] - Surname = data.getValue("Surname", row): null

2020-01-20 15:07:45 - [TEST_STEP][PASSED] - Mobile = data.getValue("Mobile", row): null

2020-01-20 15:07:45 - [TEST_STEP][PASSED] - Email = data.getValue("Email", row): null

2020-01-20 15:07:45 - [TEST_STEP][PASSED] - House = data.getValue("House", row): null

2020-01-20 15:07:45 - [TEST_STEP][PASSED] - Street = data.getValue("Street", row): null

2020-01-20 15:07:45 - [TEST_STEP][PASSED] - Town = data.getValue("Town", row): null

2020-01-20 15:07:45 - [TEST_STEP][PASSED] - City = data.getValue("City", row): null

2020-01-20 15:07:45 - [TEST_STEP][PASSED] - County = data.getValue("County", row): null

2020-01-20 15:07:45 - [TEST_STEP][PASSED] - Postcode = data.getValue("Postcode", row): null

2020-01-20 15:07:45 - [TEST_STEP][PASSED] - Phone = data.getValue("Phone", row): null

2020-01-20 15:07:45 - [TEST_STEP][PASSED] - Status = data.getValue("Status", row): null

2020-01-20 15:07:45 - [TEST_STEP][PASSED] - Type = data.getValue("Type", row): null

2020-01-20 15:07:45 - [TEST_STEP][PASSED] - Consumer_ID = data.getValue("Consumer_ID", row): null

2020-01-20 15:07:45 - [TEST_STEP][PASSED] - "--------------------------------": null

2020-01-20 15:07:45 - [TEST_STEP][PASSED] - "Read data from spreadsheet      |": null

2020-01-20 15:07:45 - [TEST_STEP][PASSED] - "--------------------------------": null

2020-01-20 15:07:45 - [TEST_STEP][PASSED] - "--------------------------------": null

2020-01-20 15:07:45 - [TEST_STEP][PASSED] - " Synchronisation                |": null

2020-01-20 15:07:45 - [TEST_STEP][PASSED] - waitForPageLoad(60): Wait for page load successfully

2020-01-20 15:07:45 - [MESSAGE][PASSED] - Wait for page load successfully

2020-01-20 15:07:45 - [TEST_STEP][PASSED] - waitForElementVisible(findTestObject("Object Repository/WebOffice/Consumers/Page_/input_Forename_ctl00CP1ctlSearchtbForenames"), 60): Object 'Object Repository/WebOffice/Consumers/Page_/input_Forename_ctl00CP1ctlSearchtbForenames' is visible

2020-01-20 15:07:45 - [MESSAGE][PASSED] - Object 'Object Repository/WebOffice/Consumers/Page_/input_Forename_ctl00CP1ctlSearchtbForenames' is visible

2020-01-20 15:07:45 - [TEST_STEP][PASSED] - click(findTestObject("Object Repository/WebOffice/Consumers/Page_/input_Forename_ctl00CP1ctlSearchtbForenames")): Object: 'Object Repository/WebOffice/Consumers/Page_/input_Forename_ctl00CP1ctlSearchtbForenames' is clicked on

2020-01-20 15:07:45 - [MESSAGE][PASSED] - Object: 'Object Repository/WebOffice/Consumers/Page_/input_Forename_ctl00CP1ctlSearchtbForenames' is clicked on

2020-01-20 15:07:45 - [TEST_STEP][PASSED] - "-------------------------------------------------------------------------------------------------------------------------------------": null

2020-01-20 15:07:45 - [TEST_STEP][PASSED] - setText(findTestObject("Object Repository/WebOffice/Consumers/Page_/input_Forename_ctl00CP1ctlSearchtbForenames"), Forename): Text '' is set on object 'Object Repository/WebOffice/Consumers/Page_/input_Forename_ctl00CP1ctlSearchtbForenames'

2020-01-20 15:07:46 - [MESSAGE][PASSED] - Text '' is set on object 'Object Repository/WebOffice/Consumers/Page_/input_Forename_ctl00CP1ctlSearchtbForenames'

2020-01-20 15:07:46 - [TEST_STEP][PASSED] - "-------------------------------------------------------------------------------------------------------------------------------------": null

2020-01-20 15:07:46 - [TEST_STEP][PASSED] - setText(findTestObject("Object Repository/WebOffice/Consumers/Page_/input_Surname_ctl00CP1ctlSearchtbSurname"), Surname): Text '' is set on object 'Object Repository/WebOffice/Consumers/Page_/input_Surname_ctl00CP1ctlSearchtbSurname'

2020-01-20 15:07:46 - [MESSAGE][PASSED] - Text '' is set on object 'Object Repository/WebOffice/Consumers/Page_/input_Surname_ctl00CP1ctlSearchtbSurname'

2020-01-20 15:07:46 - [TEST_STEP][PASSED] - "-------------------------------------------------------------------------------------------------------------------------------------": null

2020-01-20 15:07:46 - [TEST_STEP][PASSED] - setText(findTestObject("Object Repository/WebOffice/Consumers/Page_/input_Mobile_ctl00CP1ctlSearchtbMobile"), Mobile): Text '447772534248' is set on object 'Object Repository/WebOffice/Consumers/Page_/input_Mobile_ctl00CP1ctlSearchtbMobile'

2020-01-20 15:07:46 - [MESSAGE][PASSED] - Text '447772534248' is set on object 'Object Repository/WebOffice/Consumers/Page_/input_Mobile_ctl00CP1ctlSearchtbMobile'

2020-01-20 15:07:46 - [TEST_STEP][PASSED] - "-------------------------------------------------------------------------------------------------------------------------------------": null

2020-01-20 15:07:46 - [TEST_STEP][PASSED] - setText(findTestObject("Object Repository/WebOffice/Consumers/Page_/input_Email_ctl00CP1ctlSearchtbEmail"), Email): Text '' is set on object 'Object Repository/WebOffice/Consumers/Page_/input_Email_ctl00CP1ctlSearchtbEmail'

2020-01-20 15:07:46 - [MESSAGE][PASSED] - Text '' is set on object 'Object Repository/WebOffice/Consumers/Page_/input_Email_ctl00CP1ctlSearchtbEmail'

2020-01-20 15:07:46 - [TEST_STEP][PASSED] - "-------------------------------------------------------------------------------------------------------------------------------------": null

2020-01-20 15:07:46 - [TEST_STEP][PASSED] - setText(findTestObject("Object Repository/WebOffice/Consumers/Page_/input_House_ctl00CP1ctlSearchtbHouse"), House): Text '' is set on object 'Object Repository/WebOffice/Consumers/Page_/input_House_ctl00CP1ctlSearchtbHouse'

2020-01-20 15:07:46 - [MESSAGE][PASSED] - Text '' is set on object 'Object Repository/WebOffice/Consumers/Page_/input_House_ctl00CP1ctlSearchtbHouse'

2020-01-20 15:07:46 - [TEST_STEP][PASSED] - "-------------------------------------------------------------------------------------------------------------------------------------": null

2020-01-20 15:07:46 - [TEST_STEP][PASSED] - setText(findTestObject("Object Repository/WebOffice/Consumers/Page_/input_Street_ctl00CP1ctlSearchtbStreet"), Street): Text '' is set on object 'Object Repository/WebOffice/Consumers/Page_/input_Street_ctl00CP1ctlSearchtbStreet'

2020-01-20 15:07:47 - [MESSAGE][PASSED] - Text '' is set on object 'Object Repository/WebOffice/Consumers/Page_/input_Street_ctl00CP1ctlSearchtbStreet'

2020-01-20 15:07:47 - [TEST_STEP][PASSED] - "-------------------------------------------------------------------------------------------------------------------------------------": null

2020-01-20 15:07:47 - [TEST_STEP][PASSED] - setText(findTestObject("Object Repository/WebOffice/Consumers/Page_/input_Town_ctl00CP1ctlSearchtbTown"), Town): Text '' is set on object 'Object Repository/WebOffice/Consumers/Page_/input_Town_ctl00CP1ctlSearchtbTown'

2020-01-20 15:07:47 - [MESSAGE][PASSED] - Text '' is set on object 'Object Repository/WebOffice/Consumers/Page_/input_Town_ctl00CP1ctlSearchtbTown'

2020-01-20 15:07:47 - [TEST_STEP][PASSED] - "-------------------------------------------------------------------------------------------------------------------------------------": null

2020-01-20 15:07:47 - [TEST_STEP][PASSED] - setText(findTestObject("Object Repository/WebOffice/Consumers/Page_/input_City_ctl00CP1ctlSearchtbCity"), City): Text '' is set on object 'Object Repository/WebOffice/Consumers/Page_/input_City_ctl00CP1ctlSearchtbCity'

2020-01-20 15:07:47 - [MESSAGE][PASSED] - Text '' is set on object 'Object Repository/WebOffice/Consumers/Page_/input_City_ctl00CP1ctlSearchtbCity'

2020-01-20 15:07:47 - [TEST_STEP][PASSED] - "-------------------------------------------------------------------------------------------------------------------------------------": null

2020-01-20 15:07:47 - [TEST_STEP][PASSED] - setText(findTestObject("Object Repository/WebOffice/Consumers/Page_/input_County_ctl00CP1ctlSearchtbCounty"), County): Text '' is set on object 'Object Repository/WebOffice/Consumers/Page_/input_County_ctl00CP1ctlSearchtbCounty'

2020-01-20 15:07:47 - [MESSAGE][PASSED] - Text '' is set on object 'Object Repository/WebOffice/Consumers/Page_/input_County_ctl00CP1ctlSearchtbCounty'

2020-01-20 15:07:47 - [TEST_STEP][PASSED] - "-------------------------------------------------------------------------------------------------------------------------------------": null

2020-01-20 15:07:47 - [TEST_STEP][PASSED] - setText(findTestObject("Object Repository/WebOffice/Consumers/Page_/input_Postcode_ctl00CP1ctlSearchtbPostcode"), Postcode): Text '' is set on object 'Object Repository/WebOffice/Consumers/Page_/input_Postcode_ctl00CP1ctlSearchtbPostcode'

2020-01-20 15:07:48 - [MESSAGE][PASSED] - Text '' is set on object 'Object Repository/WebOffice/Consumers/Page_/input_Postcode_ctl00CP1ctlSearchtbPostcode'

2020-01-20 15:07:48 - [TEST_STEP][PASSED] - "-------------------------------------------------------------------------------------------------------------------------------------": null

2020-01-20 15:07:48 - [TEST_STEP][PASSED] - setText(findTestObject("Object Repository/WebOffice/Consumers/Page_/input_Phone_ctl00CP1ctlSearchtbTel"), Phone): Text '' is set on object 'Object Repository/WebOffice/Consumers/Page_/input_Phone_ctl00CP1ctlSearchtbTel'

2020-01-20 15:07:48 - [MESSAGE][PASSED] - Text '' is set on object 'Object Repository/WebOffice/Consumers/Page_/input_Phone_ctl00CP1ctlSearchtbTel'

2020-01-20 15:07:48 - [TEST_STEP][PASSED] - "-------------------------------------------------------------------------------------------------------------------------------------": null

2020-01-20 15:07:48 - [TEST_STEP][PASSED] - "Set Status": null

2020-01-20 15:07:48 - [TEST_STEP][PASSED] - "-------------------------------------------------------------------------------------------------------------------------------------": null

2020-01-20 15:07:48 - [TEST_STEP][PASSED] - "Status 3 Options": null

2020-01-20 15:07:48 - [TEST_STEP][PASSED] - "-------------------------------------------------------------------------------------------------------------------------------------": null

2020-01-20 15:07:48 - [TEST_STEP][PASSED] - "Set Type": null

2020-01-20 15:07:48 - [TEST_STEP][PASSED] - "-------------------------------------------------------------------------------------------------------------------------------------": null

2020-01-20 15:07:48 - [TEST_STEP][PASSED] - "Type 3 Options": null

2020-01-20 15:07:48 - [TEST_STEP][PASSED] - "-------------------------------------------------------------------------------------------------------------------------------------": null

2020-01-20 15:07:48 - [TEST_STEP][PASSED] - click(findTestObject("Object Repository/WebOffice/Consumers/Page_/input_Clear_ctl00CP1ctlSearchbtnSearch")): Object: 'Object Repository/WebOffice/Consumers/Page_/input_Clear_ctl00CP1ctlSearchbtnSearch' is clicked on

2020-01-20 15:07:48 - [MESSAGE][PASSED] - Object: 'Object Repository/WebOffice/Consumers/Page_/input_Clear_ctl00CP1ctlSearchbtnSearch' is clicked on

2020-01-20 15:07:48 - [MESSAGE][PASSED] - Call Test Case 'Test Cases/Reusable_Test_Sequences/Web_Office/Actions/Set_Consumer_Data' successfully

2020-01-20 15:07:48 - [TEST_STEP][PASSED] - "--------------------------------------": null

2020-01-20 15:07:48 - [TEST_STEP][PASSED] - " Select Returned Record to Verify     |": null

2020-01-20 15:07:48 - [TEST_STEP][PASSED] - callTestCase(findTestCase("Reusable_Test_Sequences/Web_Office/Actions/Select_Consumer"), [:], OPTIONAL): Call Test Case 'Test Cases/Reusable_Test_Sequences/Web_Office/Actions/Select_Consumer' successfully

2020-01-20 15:07:48 - [TEST_CASE][PASSED] - Test Cases/Reusable_Test_Sequences/Web_Office/Actions/Select_Consumer: Test Cases/Reusable_Test_Sequences/Web_Office/Actions/Select_Consumer

2020-01-20 15:07:48 - [TEST_STEP][PASSED] - "--------": null

2020-01-20 15:07:48 - [TEST_STEP][PASSED] - "Search  |": null

2020-01-20 15:07:48 - [TEST_STEP][PASSED] - waitForPageLoad(60): Wait for page load successfully

2020-01-20 15:07:48 - [MESSAGE][PASSED] - Wait for page load successfully

2020-01-20 15:07:48 - [TEST_STEP][PASSED] - waitForElementClickable(findTestObject("Object Repository/WO_Consumer/Page_/input_Clear_ctl00CP1ctlSearchbtnSearch"), 60): Object 'Object Repository/WO_Consumer/Page_/input_Clear_ctl00CP1ctlSearchbtnSearch' is clickable

2020-01-20 15:07:48 - [MESSAGE][PASSED] - Object 'Object Repository/WO_Consumer/Page_/input_Clear_ctl00CP1ctlSearchbtnSearch' is clickable

2020-01-20 15:07:48 - [TEST_STEP][PASSED] - click(findTestObject("Object Repository/WO_Consumer/Page_/input_Clear_ctl00CP1ctlSearchbtnSearch")): Object: 'Object Repository/WO_Consumer/Page_/input_Clear_ctl00CP1ctlSearchbtnSearch' is clicked on

2020-01-20 15:07:49 - [MESSAGE][PASSED] - Object: 'Object Repository/WO_Consumer/Page_/input_Clear_ctl00CP1ctlSearchbtnSearch' is clicked on

2020-01-20 15:07:49 - [TEST_STEP][PASSED] - delay(5): Delayed 5 second(s)

2020-01-20 15:07:54 - [MESSAGE][PASSED] - Delayed 5 second(s)

2020-01-20 15:07:54 - [TEST_STEP][PASSED] - "--------": null

2020-01-20 15:07:54 - [TEST_STEP][PASSED] - "Synch   |": null

2020-01-20 15:07:54 - [TEST_STEP][PASSED] - waitForPageLoad(120): Wait for page load successfully

2020-01-20 15:07:54 - [MESSAGE][PASSED] - Wait for page load successfully

2020-01-20 15:07:54 - [TEST_STEP][PASSED] - waitForElementClickable(findTestObject("Object Repository/WO_Consumer/Page_/a_Feedback"), 60): Object 'Object Repository/WO_Consumer/Page_/a_Feedback' is clickable

2020-01-20 15:07:54 - [MESSAGE][PASSED] - Object 'Object Repository/WO_Consumer/Page_/a_Feedback' is clickable

2020-01-20 15:07:54 - [TEST_STEP][PASSED] - "----------------------------------------": null

2020-01-20 15:07:54 - [TEST_STEP][PASSED] - "Initial Table View (Populated or Not    |": null

2020-01-20 15:07:54 - [TEST_STEP][PASSED] - "----------------------------------------": null

2020-01-20 15:07:54 - [TEST_STEP][PASSED] - "---------------------------------------------------": null

2020-01-20 15:07:54 - [TEST_STEP][PASSED] - "If Record Exists Then rocess, Otherwise Jump Over  |": null

2020-01-20 15:07:54 - [TEST_STEP][PASSED] - "---------------------------------------------------": null

2020-01-20 15:07:54 - [TEST_STEP][PASSED] - "----------------------------------------": null

2020-01-20 15:07:54 - [TEST_STEP][PASSED] - "Initial Table Return Checks": null

2020-01-20 15:07:54 - [TEST_STEP][PASSED] - "----------------------------------------": null

2020-01-20 15:07:54 - [TEST_STEP][PASSED] - "--------": null

2020-01-20 15:07:54 - [TEST_STEP][PASSED] - "Sort    |": null

2020-01-20 15:07:54 - [TEST_STEP][PASSED] - click(findTestObject("Object Repository/WO_Consumer/Page_/a_Feedback")): Object: 'Object Repository/WO_Consumer/Page_/a_Feedback' is clicked on

2020-01-20 15:07:54 - [MESSAGE][PASSED] - Object: 'Object Repository/WO_Consumer/Page_/a_Feedback' is clicked on

2020-01-20 15:07:54 - [TEST_STEP][PASSED] - delay(5): Delayed 5 second(s)

2020-01-20 15:07:59 - [MESSAGE][PASSED] - Delayed 5 second(s)

2020-01-20 15:07:59 - [TEST_STEP][PASSED] - "--------": null

2020-01-20 15:07:59 - [TEST_STEP][PASSED] - "Sort    |": null

2020-01-20 15:07:59 - [TEST_STEP][PASSED] - click(findTestObject("Object Repository/WO_Consumer/Page_/a_Feedback")): Object: 'Object Repository/WO_Consumer/Page_/a_Feedback' is clicked on

2020-01-20 15:08:01 - [MESSAGE][PASSED] - Object: 'Object Repository/WO_Consumer/Page_/a_Feedback' is clicked on

2020-01-20 15:08:01 - [TEST_STEP][PASSED] - delay(5): Delayed 5 second(s)

2020-01-20 15:08:06 - [MESSAGE][PASSED] - Delayed 5 second(s)

2020-01-20 15:08:06 - [TEST_STEP][PASSED] - "--------": null

2020-01-20 15:08:06 - [TEST_STEP][PASSED] - "Select  |": null

2020-01-20 15:08:06 - [TEST_STEP][PASSED] - waitForElementClickable(findTestObject("WO_Consumer/Page_/td_TopRow"), 60): Object 'Object Repository/WO_Consumer/Page_/td_TopRow' is clickable

2020-01-20 15:08:06 - [MESSAGE][PASSED] - Object 'Object Repository/WO_Consumer/Page_/td_TopRow' is clickable

2020-01-20 15:08:06 - [TEST_STEP][PASSED] - click(findTestObject("WO_Consumer/Page_/td_TopRow")): Object: 'Object Repository/WO_Consumer/Page_/td_TopRow' is clicked on

2020-01-20 15:08:06 - [MESSAGE][PASSED] - Object: 'Object Repository/WO_Consumer/Page_/td_TopRow' is clicked on

2020-01-20 15:08:06 - [TEST_STEP][PASSED] - delay(1): Delayed 1 second(s)

2020-01-20 15:08:07 - [MESSAGE][PASSED] - Delayed 1 second(s)

2020-01-20 15:08:07 - [MESSAGE][PASSED] - Call Test Case 'Test Cases/Reusable_Test_Sequences/Web_Office/Actions/Select_Consumer' successfully

2020-01-20 15:08:07 - [TEST_STEP][PASSED] - "--------------------------------------": null

2020-01-20 15:08:07 - [TEST_STEP][PASSED] - " Verify Returned Consumer Record      |": null

2020-01-20 15:08:07 - [TEST_STEP][PASSED] - callTestCase(findTestCase("Reusable_Test_Sequences/Web_Office/Verification/Consumer_Returned_Search_Record"), [:], OPTIONAL): Call Test Case 'Test Cases/Reusable_Test_Sequences/Web_Office/Verification/Consumer_Returned_Search_Record' successfully

2020-01-20 15:08:08 - [TEST_CASE][PASSED] - Test Cases/Reusable_Test_Sequences/Web_Office/Verification/Consumer_Returned_Search_Record: Test Cases/Reusable_Test_Sequences/Web_Office/Verification/Consumer_Returned_Search_Record

2020-01-20 15:08:08 - [TEST_STEP][PASSED] - "--------------------------------": null

2020-01-20 15:08:08 - [TEST_STEP][PASSED] - "Read data from spreadsheet      | r_ = Returned Data": null

2020-01-20 15:08:08 - [TEST_STEP][PASSED] - data = findTestData("Data Files/Consumer_Data (1)"): null

2020-01-20 15:08:08 - [TEST_STEP][PASSED] - Consumer_ID = data.getValue("Consumer_ID", row): null

2020-01-20 15:08:08 - [TEST_STEP][PASSED] - Title = data.getValue("r_Title", row): null

2020-01-20 15:08:08 - [TEST_STEP][PASSED] - Forenames = data.getValue("r_Forenames", row): null

2020-01-20 15:08:08 - [TEST_STEP][PASSED] - Surname = data.getValue("r_Surname", row): null

2020-01-20 15:08:08 - [TEST_STEP][PASSED] - Housename = data.getValue("r_Housename", row): null

2020-01-20 15:08:08 - [TEST_STEP][PASSED] - Number_Street = data.getValue("r_Number_and_Street", row): null

2020-01-20 15:08:08 - [TEST_STEP][PASSED] - City = data.getValue("r_City", row): null

2020-01-20 15:08:08 - [TEST_STEP][PASSED] - Town = data.getValue("r_Town", row): null

2020-01-20 15:08:08 - [TEST_STEP][PASSED] - County = data.getValue("r_County", row): null

2020-01-20 15:08:08 - [TEST_STEP][PASSED] - Postcode = data.getValue("r_Postcode", row): null

2020-01-20 15:08:08 - [TEST_STEP][PASSED] - Phone1 = data.getValue("r_Phone_1", row): null

2020-01-20 15:08:08 - [TEST_STEP][PASSED] - Phone2 = data.getValue("r_Phone_2", row): null

2020-01-20 15:08:08 - [TEST_STEP][PASSED] - Fax = data.getValue("r_Fax", row): null

2020-01-20 15:08:08 - [TEST_STEP][PASSED] - r_Full_Name = data.getValue("r_Full_Name", 1): null

2020-01-20 15:08:08 - [TEST_STEP][PASSED] - r_Full_Address = data.getValue("r_Full_Address", 1): null

2020-01-20 15:08:08 - [TEST_STEP][PASSED] - "--------------------------------": null

2020-01-20 15:08:08 - [TEST_STEP][PASSED] - "Read data from spreadsheet      |": null

2020-01-20 15:08:08 - [TEST_STEP][PASSED] - Actual_Page_Text = "": null

2020-01-20 15:08:08 - [TEST_STEP][PASSED] - Expected_Page_Text = "": null

2020-01-20 15:08:08 - [TEST_STEP][PASSED] - waitForPageLoad(60): Wait for page load successfully

2020-01-20 15:08:08 - [MESSAGE][PASSED] - Wait for page load successfully

2020-01-20 15:08:08 - [TEST_STEP][PASSED] - delay(1): Delayed 1 second(s)

2020-01-20 15:08:09 - [MESSAGE][PASSED] - Delayed 1 second(s)

2020-01-20 15:08:09 - [TEST_STEP][PASSED] - "HEADER DETAIL - iFrame": null

2020-01-20 15:08:09 - [TEST_STEP][PASSED] - "----------------": null

2020-01-20 15:08:09 - [TEST_STEP][PASSED] - "Full Name       |": null

2020-01-20 15:08:09 - [TEST_STEP][PASSED] - verifyElementPresent(findTestObject("Object Repository/WO_Consumer/Page_/Page_/a_Mr Gordon Brown"), 25): Object 'Object Repository/WO_Consumer/Page_/Page_/a_Mr Gordon Brown' is present

2020-01-20 15:08:09 - [MESSAGE][PASSED] - Object 'Object Repository/WO_Consumer/Page_/Page_/a_Mr Gordon Brown' is present

2020-01-20 15:08:09 - [TEST_STEP][PASSED] - "----------------": null

2020-01-20 15:08:09 - [TEST_STEP][PASSED] - "Full Address    |": null

2020-01-20 15:08:09 - [TEST_STEP][PASSED] - verifyElementPresent(findTestObject("Object Repository/WO_Consumer/Page_/Page_/div_Haywards Heath West Sussex RH16 4ER4477_d20822"), 25): Object 'Object Repository/WO_Consumer/Page_/Page_/div_Haywards Heath West Sussex RH16 4ER4477_d20822' is present

2020-01-20 15:08:09 - [MESSAGE][PASSED] - Object 'Object Repository/WO_Consumer/Page_/Page_/div_Haywards Heath West Sussex RH16 4ER4477_d20822' is present

2020-01-20 15:08:09 - [TEST_STEP][PASSED] - "BODY DETAIL - iFrame": null

2020-01-20 15:08:09 - [TEST_STEP][PASSED] - "----------------": null

2020-01-20 15:08:09 - [TEST_STEP][PASSED] - "EDIT Consumer   |": null

2020-01-20 15:08:09 - [TEST_STEP][PASSED] - verifyElementPresent(findTestObject("Object Repository/WO_Consumer/Page_/Page_/input_Title_ctledittbTitle"), 25): Object 'Object Repository/WO_Consumer/Page_/Page_/input_Title_ctledittbTitle' is present

2020-01-20 15:08:09 - [MESSAGE][PASSED] - Object 'Object Repository/WO_Consumer/Page_/Page_/input_Title_ctledittbTitle' is present

2020-01-20 15:08:09 - [TEST_STEP][PASSED] - "----------------": null

2020-01-20 15:08:09 - [TEST_STEP][PASSED] - "Address         |": null

2020-01-20 15:08:09 - [TEST_STEP][PASSED] - verifyElementPresent(findTestObject("Object Repository/WO_Consumer/Page_/Page_/span_Please ensure the Street  Road name is_e38a58"), 25): Object 'Object Repository/WO_Consumer/Page_/Page_/span_Please ensure the Street  Road name is_e38a58' is present

2020-01-20 15:08:09 - [MESSAGE][PASSED] - Object 'Object Repository/WO_Consumer/Page_/Page_/span_Please ensure the Street  Road name is_e38a58' is present

2020-01-20 15:08:09 - [MESSAGE][PASSED] - Call Test Case 'Test Cases/Reusable_Test_Sequences/Web_Office/Verification/Consumer_Returned_Search_Record' successfully

2020-01-20 15:08:09 - [TEST_STEP][PASSED] - "--------------------------": null

2020-01-20 15:08:09 - [TEST_STEP][PASSED] - " Teardown - CLose Browser |": null

2020-01-20 15:08:09 - [TEST_STEP][PASSED] - callTestCase(findTestCase("Reusable_Test_Sequences/CAT_Teardown"), [:], OPTIONAL): Call Test Case 'Test Cases/Reusable_Test_Sequences/CAT_Teardown' successfully

2020-01-20 15:08:09 - [TEST_CASE][PASSED] - Test Cases/Reusable_Test_Sequences/CAT_Teardown: Test Cases/Reusable_Test_Sequences/CAT_Teardown

2020-01-20 15:08:09 - [TEST_STEP][PASSED] - closeBrowser(): Browser is closed

2020-01-20 15:08:10 - [MESSAGE][PASSED] - Browser is closed

2020-01-20 15:08:10 - [MESSAGE][PASSED] - Call Test Case 'Test Cases/Reusable_Test_Sequences/CAT_Teardown' successfully

2020-01-20 15:08:10 - [TEST_STEP][PASSED] - "--------------------------------------": null

2020-01-20 15:08:10 - [TEST_STEP][PASSED] - " Web Office StartUp                   |": null

2020-01-20 15:08:10 - [TEST_STEP][PASSED] - callTestCase(findTestCase("Reusable_Test_Sequences/Web_Office/Directives/WebOffice_StartUp"), [:], OPTIONAL): Call Test Case 'Test Cases/Reusable_Test_Sequences/Web_Office/Directives/WebOffice_StartUp' successfully

2020-01-20 15:08:10 - [TEST_CASE][PASSED] - Test Cases/Reusable_Test_Sequences/Web_Office/Directives/WebOffice_StartUp: Test Cases/Reusable_Test_Sequences/Web_Office/Directives/WebOffice_StartUp

2020-01-20 15:08:10 - [TEST_STEP][PASSED] - if (URL == "https://www.preview.checkatrade.com/"): null

2020-01-20 15:08:10 - [TEST_STEP][PASSED] - WebOfficeURL = "https://admin.preview.checkatrade.com/": null

2020-01-20 15:08:10 - [TEST_STEP][PASSED] - if (URL == "https://www.checkatrade.com/"): null

2020-01-20 15:08:10 - [TEST_STEP][PASSED] - "Set Function Area for "URL_Handler", URL Resolution": null

2020-01-20 15:08:10 - [TEST_STEP][PASSED] - "Do Some Magic with URL(s) See the comments within URL Handler ": null

2020-01-20 15:08:10 - [TEST_STEP][PASSED] - Username = "DavidHo": null

2020-01-20 15:08:10 - [TEST_STEP][PASSED] - Password = "Check123": null

2020-01-20 15:08:10 - [TEST_STEP][PASSED] - "------------------------------------------------": null

2020-01-20 15:08:10 - [TEST_STEP][PASSED] - "WebOfficeURL - Set from the ENVIRONMENT PROFILE ": null

2020-01-20 15:08:10 - [TEST_STEP][PASSED] - "OPEN BROWSER": null

2020-01-20 15:08:10 - [TEST_STEP][PASSED] - "eg - https://admin.preview.checkatrade.com/  ": null

2020-01-20 15:08:10 - [TEST_STEP][PASSED] - openBrowser(WebOfficeURL): Browser is opened with url: 'https://admin.preview.checkatrade.com/'

2020-01-20 15:08:10 - [MESSAGE][INFO] - Starting 'Chrome' driver

2020-01-20 15:08:17 - [MESSAGE][PASSED] - Browser is opened with url: 'https://admin.preview.checkatrade.com/'

2020-01-20 15:08:17 - [TEST_STEP][PASSED] - maximizeWindow(): Current window maximized

2020-01-20 15:08:21 - [MESSAGE][PASSED] - Current window maximized

2020-01-20 15:08:21 - [TEST_STEP][PASSED] - waitForElementClickable(findTestObject("Object Repository/WebOffice/Page_Checkatrade - Administration - Login/Login_Button"), 25): Object 'Object Repository/WebOffice/Page_Checkatrade - Administration - Login/Login_Button' is clickable

2020-01-20 15:08:21 - [MESSAGE][PASSED] - Object 'Object Repository/WebOffice/Page_Checkatrade - Administration - Login/Login_Button' is clickable

2020-01-20 15:08:21 - [TEST_STEP][PASSED] - verifyTextPresent("Checkatrade Web Office", false): Text 'Checkatrade Web Office' is present on page 

2020-01-20 15:08:21 - [MESSAGE][PASSED] - Text 'Checkatrade Web Office' is present on page 

2020-01-20 15:08:21 - [TEST_STEP][PASSED] - verifyTextPresent("Access for staff use only", false): Text 'Access for staff use only' is present on page 

2020-01-20 15:08:21 - [MESSAGE][PASSED] - Text 'Access for staff use only' is present on page 

2020-01-20 15:08:21 - [TEST_STEP][PASSED] - verifyTextPresent("Forgotten password?", false): Text 'Forgotten password?' is present on page 

2020-01-20 15:08:21 - [MESSAGE][PASSED] - Text 'Forgotten password?' is present on page 

2020-01-20 15:08:21 - [TEST_STEP][PASSED] - setText(findTestObject("Object Repository/WebOffice/Page_Checkatrade - Administration - Login/input_Username_LoginControlUserName"), Username): Text 'DavidHo' is set on object 'Object Repository/WebOffice/Page_Checkatrade - Administration - Login/input_Username_LoginControlUserName'

2020-01-20 15:08:21 - [MESSAGE][PASSED] - Text 'DavidHo' is set on object 'Object Repository/WebOffice/Page_Checkatrade - Administration - Login/input_Username_LoginControlUserName'

2020-01-20 15:08:21 - [TEST_STEP][PASSED] - setText(findTestObject("Object Repository/WebOffice/Page_Checkatrade - Administration - Login/input_Password_LoginControlPassword"), Password): Text 'Check123' is set on object 'Object Repository/WebOffice/Page_Checkatrade - Administration - Login/input_Password_LoginControlPassword'

2020-01-20 15:08:21 - [MESSAGE][PASSED] - Text 'Check123' is set on object 'Object Repository/WebOffice/Page_Checkatrade - Administration - Login/input_Password_LoginControlPassword'

2020-01-20 15:08:21 - [TEST_STEP][PASSED] - click(findTestObject("Object Repository/WebOffice/Page_Checkatrade - Administration - Login/Login_Button")): Object: 'Object Repository/WebOffice/Page_Checkatrade - Administration - Login/Login_Button' is clicked on

2020-01-20 15:08:22 - [MESSAGE][PASSED] - Object: 'Object Repository/WebOffice/Page_Checkatrade - Administration - Login/Login_Button' is clicked on

2020-01-20 15:08:22 - [TEST_STEP][PASSED] - waitForPageLoad(60): Wait for page load successfully

2020-01-20 15:08:22 - [MESSAGE][PASSED] - Wait for page load successfully

2020-01-20 15:08:22 - [TEST_STEP][PASSED] - verifyTextPresent("Welcome " + Username, false): Text 'Welcome DavidHo' is present on page 

2020-01-20 15:08:22 - [MESSAGE][PASSED] - Text 'Welcome DavidHo' is present on page 

2020-01-20 15:08:22 - [MESSAGE][PASSED] - Call Test Case 'Test Cases/Reusable_Test_Sequences/Web_Office/Directives/WebOffice_StartUp' successfully

2020-01-20 15:08:22 - [TEST_STEP][PASSED] - "--------------------------------------": null

2020-01-20 15:08:22 - [TEST_STEP][PASSED] - " Navigate to <Consumer> Menu Item     |": null

2020-01-20 15:08:22 - [TEST_STEP][PASSED] - callTestCase(findTestCase("Reusable_Test_Sequences/Web_Office/navigation/Navigate_Consumers"), [:], OPTIONAL): Call Test Case 'Test Cases/Reusable_Test_Sequences/Web_Office/navigation/Navigate_Consumers' successfully

2020-01-20 15:08:22 - [TEST_CASE][PASSED] - Test Cases/Reusable_Test_Sequences/Web_Office/navigation/Navigate_Consumers: Test Cases/Reusable_Test_Sequences/Web_Office/navigation/Navigate_Consumers

2020-01-20 15:08:22 - [TEST_STEP][PASSED] - "--------------------------------------": null

2020-01-20 15:08:22 - [TEST_STEP][PASSED] - " Navigate Top level menu Item         |": null

2020-01-20 15:08:22 - [TEST_STEP][PASSED] - waitForPageLoad(60): Wait for page load successfully

2020-01-20 15:08:22 - [MESSAGE][PASSED] - Wait for page load successfully

2020-01-20 15:08:22 - [TEST_STEP][PASSED] - waitForElementClickable(findTestObject("Object Repository/WebOffice_Home_page/a_Consumers"), 60): Object 'Object Repository/WebOffice_Home_page/a_Consumers' is clickable

2020-01-20 15:08:22 - [MESSAGE][PASSED] - Object 'Object Repository/WebOffice_Home_page/a_Consumers' is clickable

2020-01-20 15:08:22 - [TEST_STEP][PASSED] - click(findTestObject("Object Repository/WebOffice_Home_page/a_Consumers")): Object: 'Object Repository/WebOffice_Home_page/a_Consumers' is clicked on

2020-01-20 15:08:23 - [MESSAGE][PASSED] - Object: 'Object Repository/WebOffice_Home_page/a_Consumers' is clicked on

2020-01-20 15:08:23 - [MESSAGE][PASSED] - Call Test Case 'Test Cases/Reusable_Test_Sequences/Web_Office/navigation/Navigate_Consumers' successfully

2020-01-20 15:08:23 - [TEST_STEP][PASSED] - "--------------------------------------": null

2020-01-20 15:08:23 - [TEST_STEP][PASSED] - " LH Pane  - Apply Search Criteria     |": null

2020-01-20 15:08:23 - [TEST_STEP][PASSED] - callTestCase(findTestCase("Reusable_Test_Sequences/Web_Office/Actions/Set_Consumer_Data"), [:], OPTIONAL): Call Test Case 'Test Cases/Reusable_Test_Sequences/Web_Office/Actions/Set_Consumer_Data' successfully

2020-01-20 15:08:23 - [TEST_CASE][PASSED] - Test Cases/Reusable_Test_Sequences/Web_Office/Actions/Set_Consumer_Data: Test Cases/Reusable_Test_Sequences/Web_Office/Actions/Set_Consumer_Data

2020-01-20 15:08:23 - [TEST_STEP][PASSED] - "--------------------------------": null

2020-01-20 15:08:23 - [TEST_STEP][PASSED] - "Read data from spreadsheet      |": null

2020-01-20 15:08:23 - [TEST_STEP][PASSED] - data = findTestData("Data Files/Consumer_Data (1)"): null

2020-01-20 15:08:23 - [TEST_STEP][PASSED] - Forename = data.getValue("Forename", row): null

2020-01-20 15:08:23 - [TEST_STEP][PASSED] - Surname = data.getValue("Surname", row): null

2020-01-20 15:08:23 - [TEST_STEP][PASSED] - Mobile = data.getValue("Mobile", row): null

2020-01-20 15:08:23 - [TEST_STEP][PASSED] - Email = data.getValue("Email", row): null

2020-01-20 15:08:23 - [TEST_STEP][PASSED] - House = data.getValue("House", row): null

2020-01-20 15:08:23 - [TEST_STEP][PASSED] - Street = data.getValue("Street", row): null

2020-01-20 15:08:23 - [TEST_STEP][PASSED] - Town = data.getValue("Town", row): null

2020-01-20 15:08:23 - [TEST_STEP][PASSED] - City = data.getValue("City", row): null

2020-01-20 15:08:23 - [TEST_STEP][PASSED] - County = data.getValue("County", row): null

2020-01-20 15:08:23 - [TEST_STEP][PASSED] - Postcode = data.getValue("Postcode", row): null

2020-01-20 15:08:23 - [TEST_STEP][PASSED] - Phone = data.getValue("Phone", row): null

2020-01-20 15:08:23 - [TEST_STEP][PASSED] - Status = data.getValue("Status", row): null

2020-01-20 15:08:23 - [TEST_STEP][PASSED] - Type = data.getValue("Type", row): null

2020-01-20 15:08:23 - [TEST_STEP][PASSED] - Consumer_ID = data.getValue("Consumer_ID", row): null

2020-01-20 15:08:23 - [TEST_STEP][PASSED] - "--------------------------------": null

2020-01-20 15:08:23 - [TEST_STEP][PASSED] - "Read data from spreadsheet      |": null

2020-01-20 15:08:23 - [TEST_STEP][PASSED] - "--------------------------------": null

2020-01-20 15:08:23 - [TEST_STEP][PASSED] - "--------------------------------": null

2020-01-20 15:08:23 - [TEST_STEP][PASSED] - " Synchronisation                |": null

2020-01-20 15:08:23 - [TEST_STEP][PASSED] - waitForPageLoad(60): Wait for page load successfully

2020-01-20 15:08:23 - [MESSAGE][PASSED] - Wait for page load successfully

2020-01-20 15:08:23 - [TEST_STEP][PASSED] - waitForElementVisible(findTestObject("Object Repository/WebOffice/Consumers/Page_/input_Forename_ctl00CP1ctlSearchtbForenames"), 60): Object 'Object Repository/WebOffice/Consumers/Page_/input_Forename_ctl00CP1ctlSearchtbForenames' is visible

2020-01-20 15:08:23 - [MESSAGE][PASSED] - Object 'Object Repository/WebOffice/Consumers/Page_/input_Forename_ctl00CP1ctlSearchtbForenames' is visible

2020-01-20 15:08:23 - [TEST_STEP][PASSED] - click(findTestObject("Object Repository/WebOffice/Consumers/Page_/input_Forename_ctl00CP1ctlSearchtbForenames")): Object: 'Object Repository/WebOffice/Consumers/Page_/input_Forename_ctl00CP1ctlSearchtbForenames' is clicked on

2020-01-20 15:08:23 - [MESSAGE][PASSED] - Object: 'Object Repository/WebOffice/Consumers/Page_/input_Forename_ctl00CP1ctlSearchtbForenames' is clicked on

2020-01-20 15:08:23 - [TEST_STEP][PASSED] - "-------------------------------------------------------------------------------------------------------------------------------------": null

2020-01-20 15:08:23 - [TEST_STEP][PASSED] - setText(findTestObject("Object Repository/WebOffice/Consumers/Page_/input_Forename_ctl00CP1ctlSearchtbForenames"), Forename): Text 'Gordon' is set on object 'Object Repository/WebOffice/Consumers/Page_/input_Forename_ctl00CP1ctlSearchtbForenames'

2020-01-20 15:08:23 - [MESSAGE][PASSED] - Text 'Gordon' is set on object 'Object Repository/WebOffice/Consumers/Page_/input_Forename_ctl00CP1ctlSearchtbForenames'

2020-01-20 15:08:23 - [TEST_STEP][PASSED] - "-------------------------------------------------------------------------------------------------------------------------------------": null

2020-01-20 15:08:23 - [TEST_STEP][PASSED] - setText(findTestObject("Object Repository/WebOffice/Consumers/Page_/input_Surname_ctl00CP1ctlSearchtbSurname"), Surname): Text '' is set on object 'Object Repository/WebOffice/Consumers/Page_/input_Surname_ctl00CP1ctlSearchtbSurname'

2020-01-20 15:08:24 - [MESSAGE][PASSED] - Text '' is set on object 'Object Repository/WebOffice/Consumers/Page_/input_Surname_ctl00CP1ctlSearchtbSurname'

2020-01-20 15:08:24 - [TEST_STEP][PASSED] - "-------------------------------------------------------------------------------------------------------------------------------------": null

2020-01-20 15:08:24 - [TEST_STEP][PASSED] - setText(findTestObject("Object Repository/WebOffice/Consumers/Page_/input_Mobile_ctl00CP1ctlSearchtbMobile"), Mobile): Text '' is set on object 'Object Repository/WebOffice/Consumers/Page_/input_Mobile_ctl00CP1ctlSearchtbMobile'

2020-01-20 15:08:24 - [MESSAGE][PASSED] - Text '' is set on object 'Object Repository/WebOffice/Consumers/Page_/input_Mobile_ctl00CP1ctlSearchtbMobile'

2020-01-20 15:08:24 - [TEST_STEP][PASSED] - "-------------------------------------------------------------------------------------------------------------------------------------": null

2020-01-20 15:08:24 - [TEST_STEP][PASSED] - setText(findTestObject("Object Repository/WebOffice/Consumers/Page_/input_Email_ctl00CP1ctlSearchtbEmail"), Email): Text '' is set on object 'Object Repository/WebOffice/Consumers/Page_/input_Email_ctl00CP1ctlSearchtbEmail'

2020-01-20 15:08:24 - [MESSAGE][PASSED] - Text '' is set on object 'Object Repository/WebOffice/Consumers/Page_/input_Email_ctl00CP1ctlSearchtbEmail'

2020-01-20 15:08:24 - [TEST_STEP][PASSED] - "-------------------------------------------------------------------------------------------------------------------------------------": null

2020-01-20 15:08:24 - [TEST_STEP][PASSED] - setText(findTestObject("Object Repository/WebOffice/Consumers/Page_/input_House_ctl00CP1ctlSearchtbHouse"), House): Text '' is set on object 'Object Repository/WebOffice/Consumers/Page_/input_House_ctl00CP1ctlSearchtbHouse'

2020-01-20 15:08:24 - [MESSAGE][PASSED] - Text '' is set on object 'Object Repository/WebOffice/Consumers/Page_/input_House_ctl00CP1ctlSearchtbHouse'

2020-01-20 15:08:24 - [TEST_STEP][PASSED] - "-------------------------------------------------------------------------------------------------------------------------------------": null

2020-01-20 15:08:24 - [TEST_STEP][PASSED] - setText(findTestObject("Object Repository/WebOffice/Consumers/Page_/input_Street_ctl00CP1ctlSearchtbStreet"), Street): Text '2 Redwood Drive' is set on object 'Object Repository/WebOffice/Consumers/Page_/input_Street_ctl00CP1ctlSearchtbStreet'

2020-01-20 15:08:24 - [MESSAGE][PASSED] - Text '2 Redwood Drive' is set on object 'Object Repository/WebOffice/Consumers/Page_/input_Street_ctl00CP1ctlSearchtbStreet'

2020-01-20 15:08:24 - [TEST_STEP][PASSED] - "-------------------------------------------------------------------------------------------------------------------------------------": null

2020-01-20 15:08:24 - [TEST_STEP][PASSED] - setText(findTestObject("Object Repository/WebOffice/Consumers/Page_/input_Town_ctl00CP1ctlSearchtbTown"), Town): Text '' is set on object 'Object Repository/WebOffice/Consumers/Page_/input_Town_ctl00CP1ctlSearchtbTown'

2020-01-20 15:08:24 - [MESSAGE][PASSED] - Text '' is set on object 'Object Repository/WebOffice/Consumers/Page_/input_Town_ctl00CP1ctlSearchtbTown'

2020-01-20 15:08:24 - [TEST_STEP][PASSED] - "-------------------------------------------------------------------------------------------------------------------------------------": null

2020-01-20 15:08:24 - [TEST_STEP][PASSED] - setText(findTestObject("Object Repository/WebOffice/Consumers/Page_/input_City_ctl00CP1ctlSearchtbCity"), City): Text 'Haywards Heath' is set on object 'Object Repository/WebOffice/Consumers/Page_/input_City_ctl00CP1ctlSearchtbCity'

2020-01-20 15:08:25 - [MESSAGE][PASSED] - Text 'Haywards Heath' is set on object 'Object Repository/WebOffice/Consumers/Page_/input_City_ctl00CP1ctlSearchtbCity'

2020-01-20 15:08:25 - [TEST_STEP][PASSED] - "-------------------------------------------------------------------------------------------------------------------------------------": null

2020-01-20 15:08:25 - [TEST_STEP][PASSED] - setText(findTestObject("Object Repository/WebOffice/Consumers/Page_/input_County_ctl00CP1ctlSearchtbCounty"), County): Text '' is set on object 'Object Repository/WebOffice/Consumers/Page_/input_County_ctl00CP1ctlSearchtbCounty'

2020-01-20 15:08:25 - [MESSAGE][PASSED] - Text '' is set on object 'Object Repository/WebOffice/Consumers/Page_/input_County_ctl00CP1ctlSearchtbCounty'

2020-01-20 15:08:25 - [TEST_STEP][PASSED] - "-------------------------------------------------------------------------------------------------------------------------------------": null

2020-01-20 15:08:25 - [TEST_STEP][PASSED] - setText(findTestObject("Object Repository/WebOffice/Consumers/Page_/input_Postcode_ctl00CP1ctlSearchtbPostcode"), Postcode): Text '' is set on object 'Object Repository/WebOffice/Consumers/Page_/input_Postcode_ctl00CP1ctlSearchtbPostcode'

2020-01-20 15:08:25 - [MESSAGE][PASSED] - Text '' is set on object 'Object Repository/WebOffice/Consumers/Page_/input_Postcode_ctl00CP1ctlSearchtbPostcode'

2020-01-20 15:08:25 - [TEST_STEP][PASSED] - "-------------------------------------------------------------------------------------------------------------------------------------": null

2020-01-20 15:08:25 - [TEST_STEP][PASSED] - setText(findTestObject("Object Repository/WebOffice/Consumers/Page_/input_Phone_ctl00CP1ctlSearchtbTel"), Phone): Text '' is set on object 'Object Repository/WebOffice/Consumers/Page_/input_Phone_ctl00CP1ctlSearchtbTel'

2020-01-20 15:08:25 - [MESSAGE][PASSED] - Text '' is set on object 'Object Repository/WebOffice/Consumers/Page_/input_Phone_ctl00CP1ctlSearchtbTel'

2020-01-20 15:08:25 - [TEST_STEP][PASSED] - "-------------------------------------------------------------------------------------------------------------------------------------": null

2020-01-20 15:08:25 - [TEST_STEP][PASSED] - "Set Status": null

2020-01-20 15:08:25 - [TEST_STEP][PASSED] - "-------------------------------------------------------------------------------------------------------------------------------------": null

2020-01-20 15:08:25 - [TEST_STEP][PASSED] - "Status 3 Options": null

2020-01-20 15:08:25 - [TEST_STEP][PASSED] - "-------------------------------------------------------------------------------------------------------------------------------------": null

2020-01-20 15:08:25 - [TEST_STEP][PASSED] - "Set Type": null

2020-01-20 15:08:25 - [TEST_STEP][PASSED] - "-------------------------------------------------------------------------------------------------------------------------------------": null

2020-01-20 15:08:25 - [TEST_STEP][PASSED] - "Type 3 Options": null

2020-01-20 15:08:25 - [TEST_STEP][PASSED] - "-------------------------------------------------------------------------------------------------------------------------------------": null

2020-01-20 15:08:25 - [TEST_STEP][PASSED] - click(findTestObject("Object Repository/WebOffice/Consumers/Page_/input_Clear_ctl00CP1ctlSearchbtnSearch")): Object: 'Object Repository/WebOffice/Consumers/Page_/input_Clear_ctl00CP1ctlSearchbtnSearch' is clicked on

2020-01-20 15:08:25 - [MESSAGE][PASSED] - Object: 'Object Repository/WebOffice/Consumers/Page_/input_Clear_ctl00CP1ctlSearchbtnSearch' is clicked on

2020-01-20 15:08:25 - [MESSAGE][PASSED] - Call Test Case 'Test Cases/Reusable_Test_Sequences/Web_Office/Actions/Set_Consumer_Data' successfully

2020-01-20 15:08:25 - [TEST_STEP][PASSED] - "--------------------------------------": null

2020-01-20 15:08:25 - [TEST_STEP][PASSED] - " Select Returned Record to Verify     |": null

2020-01-20 15:08:25 - [TEST_STEP][PASSED] - callTestCase(findTestCase("Reusable_Test_Sequences/Web_Office/Actions/Select_Consumer"), [:], OPTIONAL): Call Test Case 'Test Cases/Reusable_Test_Sequences/Web_Office/Actions/Select_Consumer' successfully

2020-01-20 15:08:25 - [TEST_CASE][PASSED] - Test Cases/Reusable_Test_Sequences/Web_Office/Actions/Select_Consumer: Test Cases/Reusable_Test_Sequences/Web_Office/Actions/Select_Consumer

2020-01-20 15:08:25 - [TEST_STEP][PASSED] - "--------": null

2020-01-20 15:08:25 - [TEST_STEP][PASSED] - "Search  |": null

2020-01-20 15:08:25 - [TEST_STEP][PASSED] - waitForPageLoad(60): Wait for page load successfully

2020-01-20 15:08:25 - [MESSAGE][PASSED] - Wait for page load successfully

2020-01-20 15:08:25 - [TEST_STEP][PASSED] - waitForElementClickable(findTestObject("Object Repository/WO_Consumer/Page_/input_Clear_ctl00CP1ctlSearchbtnSearch"), 60): Object 'Object Repository/WO_Consumer/Page_/input_Clear_ctl00CP1ctlSearchbtnSearch' is clickable

2020-01-20 15:08:25 - [MESSAGE][PASSED] - Object 'Object Repository/WO_Consumer/Page_/input_Clear_ctl00CP1ctlSearchbtnSearch' is clickable

2020-01-20 15:08:25 - [TEST_STEP][PASSED] - click(findTestObject("Object Repository/WO_Consumer/Page_/input_Clear_ctl00CP1ctlSearchbtnSearch")): Object: 'Object Repository/WO_Consumer/Page_/input_Clear_ctl00CP1ctlSearchbtnSearch' is clicked on

2020-01-20 15:08:25 - [MESSAGE][PASSED] - Object: 'Object Repository/WO_Consumer/Page_/input_Clear_ctl00CP1ctlSearchbtnSearch' is clicked on

2020-01-20 15:08:25 - [TEST_STEP][PASSED] - delay(5): Delayed 5 second(s)

2020-01-20 15:08:30 - [MESSAGE][PASSED] - Delayed 5 second(s)

2020-01-20 15:08:30 - [TEST_STEP][PASSED] - "--------": null

2020-01-20 15:08:30 - [TEST_STEP][PASSED] - "Synch   |": null

2020-01-20 15:08:30 - [TEST_STEP][PASSED] - waitForPageLoad(120): Wait for page load successfully

2020-01-20 15:08:30 - [MESSAGE][PASSED] - Wait for page load successfully

2020-01-20 15:08:30 - [TEST_STEP][PASSED] - waitForElementClickable(findTestObject("Object Repository/WO_Consumer/Page_/a_Feedback"), 60): Object 'Object Repository/WO_Consumer/Page_/a_Feedback' is clickable

2020-01-20 15:08:35 - [MESSAGE][PASSED] - Object 'Object Repository/WO_Consumer/Page_/a_Feedback' is clickable

2020-01-20 15:08:35 - [TEST_STEP][PASSED] - "----------------------------------------": null

2020-01-20 15:08:35 - [TEST_STEP][PASSED] - "Initial Table View (Populated or Not    |": null

2020-01-20 15:08:35 - [TEST_STEP][PASSED] - "----------------------------------------": null

2020-01-20 15:08:35 - [TEST_STEP][PASSED] - "---------------------------------------------------": null

2020-01-20 15:08:35 - [TEST_STEP][PASSED] - "If Record Exists Then rocess, Otherwise Jump Over  |": null

2020-01-20 15:08:35 - [TEST_STEP][PASSED] - "---------------------------------------------------": null

2020-01-20 15:08:35 - [TEST_STEP][PASSED] - "----------------------------------------": null

2020-01-20 15:08:35 - [TEST_STEP][PASSED] - "Initial Table Return Checks": null

2020-01-20 15:08:35 - [TEST_STEP][PASSED] - "----------------------------------------": null

2020-01-20 15:08:35 - [TEST_STEP][PASSED] - "--------": null

2020-01-20 15:08:35 - [TEST_STEP][PASSED] - "Sort    |": null

2020-01-20 15:08:35 - [TEST_STEP][PASSED] - click(findTestObject("Object Repository/WO_Consumer/Page_/a_Feedback")): Object: 'Object Repository/WO_Consumer/Page_/a_Feedback' is clicked on

2020-01-20 15:08:35 - [MESSAGE][PASSED] - Object: 'Object Repository/WO_Consumer/Page_/a_Feedback' is clicked on

2020-01-20 15:08:35 - [TEST_STEP][PASSED] - delay(5): Delayed 5 second(s)

2020-01-20 15:08:40 - [MESSAGE][PASSED] - Delayed 5 second(s)

2020-01-20 15:08:40 - [TEST_STEP][PASSED] - "--------": null

2020-01-20 15:08:40 - [TEST_STEP][PASSED] - "Sort    |": null

2020-01-20 15:08:40 - [TEST_STEP][PASSED] - click(findTestObject("Object Repository/WO_Consumer/Page_/a_Feedback")): Object: 'Object Repository/WO_Consumer/Page_/a_Feedback' is clicked on

2020-01-20 15:08:41 - [MESSAGE][PASSED] - Object: 'Object Repository/WO_Consumer/Page_/a_Feedback' is clicked on

2020-01-20 15:08:41 - [TEST_STEP][PASSED] - delay(5): Delayed 5 second(s)

2020-01-20 15:08:46 - [MESSAGE][PASSED] - Delayed 5 second(s)

2020-01-20 15:08:46 - [TEST_STEP][PASSED] - "--------": null

2020-01-20 15:08:46 - [TEST_STEP][PASSED] - "Select  |": null

2020-01-20 15:08:46 - [TEST_STEP][PASSED] - waitForElementClickable(findTestObject("WO_Consumer/Page_/td_TopRow"), 60): Object 'Object Repository/WO_Consumer/Page_/td_TopRow' is clickable

2020-01-20 15:08:46 - [MESSAGE][PASSED] - Object 'Object Repository/WO_Consumer/Page_/td_TopRow' is clickable

2020-01-20 15:08:46 - [TEST_STEP][PASSED] - click(findTestObject("WO_Consumer/Page_/td_TopRow")): Object: 'Object Repository/WO_Consumer/Page_/td_TopRow' is clicked on

2020-01-20 15:08:46 - [MESSAGE][PASSED] - Object: 'Object Repository/WO_Consumer/Page_/td_TopRow' is clicked on

2020-01-20 15:08:46 - [TEST_STEP][PASSED] - delay(1): Delayed 1 second(s)

2020-01-20 15:08:47 - [MESSAGE][PASSED] - Delayed 1 second(s)

2020-01-20 15:08:47 - [MESSAGE][PASSED] - Call Test Case 'Test Cases/Reusable_Test_Sequences/Web_Office/Actions/Select_Consumer' successfully

2020-01-20 15:08:47 - [TEST_STEP][PASSED] - "--------------------------------------": null

2020-01-20 15:08:47 - [TEST_STEP][PASSED] - " Verify Returned Consumer Record      |": null

2020-01-20 15:08:47 - [TEST_STEP][PASSED] - callTestCase(findTestCase("Reusable_Test_Sequences/Web_Office/Verification/Consumer_Returned_Search_Record"), [:], OPTIONAL): Call Test Case 'Test Cases/Reusable_Test_Sequences/Web_Office/Verification/Consumer_Returned_Search_Record' successfully

2020-01-20 15:08:47 - [TEST_CASE][PASSED] - Test Cases/Reusable_Test_Sequences/Web_Office/Verification/Consumer_Returned_Search_Record: Test Cases/Reusable_Test_Sequences/Web_Office/Verification/Consumer_Returned_Search_Record

2020-01-20 15:08:47 - [TEST_STEP][PASSED] - "--------------------------------": null

2020-01-20 15:08:47 - [TEST_STEP][PASSED] - "Read data from spreadsheet      | r_ = Returned Data": null

2020-01-20 15:08:47 - [TEST_STEP][PASSED] - data = findTestData("Data Files/Consumer_Data (1)"): null

2020-01-20 15:08:47 - [TEST_STEP][PASSED] - Consumer_ID = data.getValue("Consumer_ID", row): null

2020-01-20 15:08:47 - [TEST_STEP][PASSED] - Title = data.getValue("r_Title", row): null

2020-01-20 15:08:47 - [TEST_STEP][PASSED] - Forenames = data.getValue("r_Forenames", row): null

2020-01-20 15:08:47 - [TEST_STEP][PASSED] - Surname = data.getValue("r_Surname", row): null

2020-01-20 15:08:47 - [TEST_STEP][PASSED] - Housename = data.getValue("r_Housename", row): null

2020-01-20 15:08:47 - [TEST_STEP][PASSED] - Number_Street = data.getValue("r_Number_and_Street", row): null

2020-01-20 15:08:47 - [TEST_STEP][PASSED] - City = data.getValue("r_City", row): null

2020-01-20 15:08:47 - [TEST_STEP][PASSED] - Town = data.getValue("r_Town", row): null

2020-01-20 15:08:47 - [TEST_STEP][PASSED] - County = data.getValue("r_County", row): null

2020-01-20 15:08:47 - [TEST_STEP][PASSED] - Postcode = data.getValue("r_Postcode", row): null

2020-01-20 15:08:47 - [TEST_STEP][PASSED] - Phone1 = data.getValue("r_Phone_1", row): null

2020-01-20 15:08:47 - [TEST_STEP][PASSED] - Phone2 = data.getValue("r_Phone_2", row): null

2020-01-20 15:08:47 - [TEST_STEP][PASSED] - Fax = data.getValue("r_Fax", row): null

2020-01-20 15:08:47 - [TEST_STEP][PASSED] - r_Full_Name = data.getValue("r_Full_Name", 1): null

2020-01-20 15:08:47 - [TEST_STEP][PASSED] - r_Full_Address = data.getValue("r_Full_Address", 1): null

2020-01-20 15:08:47 - [TEST_STEP][PASSED] - "--------------------------------": null

2020-01-20 15:08:47 - [TEST_STEP][PASSED] - "Read data from spreadsheet      |": null

2020-01-20 15:08:47 - [TEST_STEP][PASSED] - Actual_Page_Text = "": null

2020-01-20 15:08:47 - [TEST_STEP][PASSED] - Expected_Page_Text = "": null

2020-01-20 15:08:47 - [TEST_STEP][PASSED] - waitForPageLoad(60): Wait for page load successfully

2020-01-20 15:08:47 - [MESSAGE][PASSED] - Wait for page load successfully

2020-01-20 15:08:47 - [TEST_STEP][PASSED] - delay(1): Delayed 1 second(s)

2020-01-20 15:08:48 - [MESSAGE][PASSED] - Delayed 1 second(s)

2020-01-20 15:08:48 - [TEST_STEP][PASSED] - "HEADER DETAIL - iFrame": null

2020-01-20 15:08:48 - [TEST_STEP][PASSED] - "----------------": null

2020-01-20 15:08:48 - [TEST_STEP][PASSED] - "Full Name       |": null

2020-01-20 15:08:48 - [TEST_STEP][PASSED] - verifyElementPresent(findTestObject("Object Repository/WO_Consumer/Page_/Page_/a_Mr Gordon Brown"), 25): Object 'Object Repository/WO_Consumer/Page_/Page_/a_Mr Gordon Brown' is present

2020-01-20 15:08:49 - [MESSAGE][PASSED] - Object 'Object Repository/WO_Consumer/Page_/Page_/a_Mr Gordon Brown' is present

2020-01-20 15:08:49 - [TEST_STEP][PASSED] - "----------------": null

2020-01-20 15:08:49 - [TEST_STEP][PASSED] - "Full Address    |": null

2020-01-20 15:08:49 - [TEST_STEP][PASSED] - verifyElementPresent(findTestObject("Object Repository/WO_Consumer/Page_/Page_/div_Haywards Heath West Sussex RH16 4ER4477_d20822"), 25): Object 'Object Repository/WO_Consumer/Page_/Page_/div_Haywards Heath West Sussex RH16 4ER4477_d20822' is present

2020-01-20 15:08:49 - [MESSAGE][PASSED] - Object 'Object Repository/WO_Consumer/Page_/Page_/div_Haywards Heath West Sussex RH16 4ER4477_d20822' is present

2020-01-20 15:08:49 - [TEST_STEP][PASSED] - "BODY DETAIL - iFrame": null

2020-01-20 15:08:49 - [TEST_STEP][PASSED] - "----------------": null

2020-01-20 15:08:49 - [TEST_STEP][PASSED] - "EDIT Consumer   |": null

2020-01-20 15:08:49 - [TEST_STEP][PASSED] - verifyElementPresent(findTestObject("Object Repository/WO_Consumer/Page_/Page_/input_Title_ctledittbTitle"), 25): Object 'Object Repository/WO_Consumer/Page_/Page_/input_Title_ctledittbTitle' is present

2020-01-20 15:08:49 - [MESSAGE][PASSED] - Object 'Object Repository/WO_Consumer/Page_/Page_/input_Title_ctledittbTitle' is present

2020-01-20 15:08:49 - [TEST_STEP][PASSED] - "----------------": null

2020-01-20 15:08:49 - [TEST_STEP][PASSED] - "Address         |": null

2020-01-20 15:08:49 - [TEST_STEP][PASSED] - verifyElementPresent(findTestObject("Object Repository/WO_Consumer/Page_/Page_/span_Please ensure the Street  Road name is_e38a58"), 25): Object 'Object Repository/WO_Consumer/Page_/Page_/span_Please ensure the Street  Road name is_e38a58' is present

2020-01-20 15:08:49 - [MESSAGE][PASSED] - Object 'Object Repository/WO_Consumer/Page_/Page_/span_Please ensure the Street  Road name is_e38a58' is present

2020-01-20 15:08:49 - [MESSAGE][PASSED] - Call Test Case 'Test Cases/Reusable_Test_Sequences/Web_Office/Verification/Consumer_Returned_Search_Record' successfully

2020-01-20 15:08:49 - [TEST_STEP][PASSED] - "--------------------------": null

2020-01-20 15:08:49 - [TEST_STEP][PASSED] - " Teardown - CLose Browser |": null

2020-01-20 15:08:49 - [TEST_STEP][PASSED] - callTestCase(findTestCase("Reusable_Test_Sequences/CAT_Teardown"), [:], OPTIONAL): Call Test Case 'Test Cases/Reusable_Test_Sequences/CAT_Teardown' successfully

2020-01-20 15:08:49 - [TEST_CASE][PASSED] - Test Cases/Reusable_Test_Sequences/CAT_Teardown: Test Cases/Reusable_Test_Sequences/CAT_Teardown

2020-01-20 15:08:49 - [TEST_STEP][PASSED] - closeBrowser(): Browser is closed

2020-01-20 15:08:50 - [MESSAGE][PASSED] - Browser is closed

2020-01-20 15:08:50 - [MESSAGE][PASSED] - Call Test Case 'Test Cases/Reusable_Test_Sequences/CAT_Teardown' successfully

2020-01-20 15:08:50 - [TEST_STEP][PASSED] - "--------------------------------------": null

2020-01-20 15:08:50 - [TEST_STEP][PASSED] - " Web Office StartUp                   |": null

2020-01-20 15:08:50 - [TEST_STEP][PASSED] - callTestCase(findTestCase("Reusable_Test_Sequences/Web_Office/Directives/WebOffice_StartUp"), [:], OPTIONAL): Call Test Case 'Test Cases/Reusable_Test_Sequences/Web_Office/Directives/WebOffice_StartUp' successfully

2020-01-20 15:08:50 - [TEST_CASE][PASSED] - Test Cases/Reusable_Test_Sequences/Web_Office/Directives/WebOffice_StartUp: Test Cases/Reusable_Test_Sequences/Web_Office/Directives/WebOffice_StartUp

2020-01-20 15:08:50 - [TEST_STEP][PASSED] - if (URL == "https://www.preview.checkatrade.com/"): null

2020-01-20 15:08:50 - [TEST_STEP][PASSED] - WebOfficeURL = "https://admin.preview.checkatrade.com/": null

2020-01-20 15:08:50 - [TEST_STEP][PASSED] - if (URL == "https://www.checkatrade.com/"): null

2020-01-20 15:08:50 - [TEST_STEP][PASSED] - "Set Function Area for "URL_Handler", URL Resolution": null

2020-01-20 15:08:50 - [TEST_STEP][PASSED] - "Do Some Magic with URL(s) See the comments within URL Handler ": null

2020-01-20 15:08:50 - [TEST_STEP][PASSED] - Username = "DavidHo": null

2020-01-20 15:08:50 - [TEST_STEP][PASSED] - Password = "Check123": null

2020-01-20 15:08:50 - [TEST_STEP][PASSED] - "------------------------------------------------": null

2020-01-20 15:08:50 - [TEST_STEP][PASSED] - "WebOfficeURL - Set from the ENVIRONMENT PROFILE ": null

2020-01-20 15:08:50 - [TEST_STEP][PASSED] - "OPEN BROWSER": null

2020-01-20 15:08:50 - [TEST_STEP][PASSED] - "eg - https://admin.preview.checkatrade.com/  ": null

2020-01-20 15:08:50 - [TEST_STEP][PASSED] - openBrowser(WebOfficeURL): Browser is opened with url: 'https://admin.preview.checkatrade.com/'

2020-01-20 15:08:50 - [MESSAGE][INFO] - Starting 'Chrome' driver

2020-01-20 15:08:56 - [MESSAGE][PASSED] - Browser is opened with url: 'https://admin.preview.checkatrade.com/'

2020-01-20 15:08:56 - [TEST_STEP][PASSED] - maximizeWindow(): Current window maximized

2020-01-20 15:09:00 - [MESSAGE][PASSED] - Current window maximized

2020-01-20 15:09:00 - [TEST_STEP][PASSED] - waitForElementClickable(findTestObject("Object Repository/WebOffice/Page_Checkatrade - Administration - Login/Login_Button"), 25): Object 'Object Repository/WebOffice/Page_Checkatrade - Administration - Login/Login_Button' is clickable

2020-01-20 15:09:00 - [MESSAGE][PASSED] - Object 'Object Repository/WebOffice/Page_Checkatrade - Administration - Login/Login_Button' is clickable

2020-01-20 15:09:00 - [TEST_STEP][PASSED] - verifyTextPresent("Checkatrade Web Office", false): Text 'Checkatrade Web Office' is present on page 

2020-01-20 15:09:00 - [MESSAGE][PASSED] - Text 'Checkatrade Web Office' is present on page 

2020-01-20 15:09:00 - [TEST_STEP][PASSED] - verifyTextPresent("Access for staff use only", false): Text 'Access for staff use only' is present on page 

2020-01-20 15:09:01 - [MESSAGE][PASSED] - Text 'Access for staff use only' is present on page 

2020-01-20 15:09:01 - [TEST_STEP][PASSED] - verifyTextPresent("Forgotten password?", false): Text 'Forgotten password?' is present on page 

2020-01-20 15:09:01 - [MESSAGE][PASSED] - Text 'Forgotten password?' is present on page 

2020-01-20 15:09:01 - [TEST_STEP][PASSED] - setText(findTestObject("Object Repository/WebOffice/Page_Checkatrade - Administration - Login/input_Username_LoginControlUserName"), Username): Text 'DavidHo' is set on object 'Object Repository/WebOffice/Page_Checkatrade - Administration - Login/input_Username_LoginControlUserName'

2020-01-20 15:09:01 - [MESSAGE][PASSED] - Text 'DavidHo' is set on object 'Object Repository/WebOffice/Page_Checkatrade - Administration - Login/input_Username_LoginControlUserName'

2020-01-20 15:09:01 - [TEST_STEP][PASSED] - setText(findTestObject("Object Repository/WebOffice/Page_Checkatrade - Administration - Login/input_Password_LoginControlPassword"), Password): Text 'Check123' is set on object 'Object Repository/WebOffice/Page_Checkatrade - Administration - Login/input_Password_LoginControlPassword'

2020-01-20 15:09:01 - [MESSAGE][PASSED] - Text 'Check123' is set on object 'Object Repository/WebOffice/Page_Checkatrade - Administration - Login/input_Password_LoginControlPassword'

2020-01-20 15:09:01 - [TEST_STEP][PASSED] - click(findTestObject("Object Repository/WebOffice/Page_Checkatrade - Administration - Login/Login_Button")): Object: 'Object Repository/WebOffice/Page_Checkatrade - Administration - Login/Login_Button' is clicked on

2020-01-20 15:09:03 - [MESSAGE][PASSED] - Object: 'Object Repository/WebOffice/Page_Checkatrade - Administration - Login/Login_Button' is clicked on

2020-01-20 15:09:03 - [TEST_STEP][PASSED] - waitForPageLoad(60): Wait for page load successfully

2020-01-20 15:09:03 - [MESSAGE][PASSED] - Wait for page load successfully

2020-01-20 15:09:03 - [TEST_STEP][PASSED] - verifyTextPresent("Welcome " + Username, false): Text 'Welcome DavidHo' is present on page 

2020-01-20 15:09:03 - [MESSAGE][PASSED] - Text 'Welcome DavidHo' is present on page 

2020-01-20 15:09:03 - [MESSAGE][PASSED] - Call Test Case 'Test Cases/Reusable_Test_Sequences/Web_Office/Directives/WebOffice_StartUp' successfully

2020-01-20 15:09:03 - [TEST_STEP][PASSED] - "--------------------------------------": null

2020-01-20 15:09:03 - [TEST_STEP][PASSED] - " Navigate to <Consumer> Menu Item     |": null

2020-01-20 15:09:03 - [TEST_STEP][PASSED] - callTestCase(findTestCase("Reusable_Test_Sequences/Web_Office/navigation/Navigate_Consumers"), [:], OPTIONAL): Call Test Case 'Test Cases/Reusable_Test_Sequences/Web_Office/navigation/Navigate_Consumers' successfully

2020-01-20 15:09:03 - [TEST_CASE][PASSED] - Test Cases/Reusable_Test_Sequences/Web_Office/navigation/Navigate_Consumers: Test Cases/Reusable_Test_Sequences/Web_Office/navigation/Navigate_Consumers

2020-01-20 15:09:03 - [TEST_STEP][PASSED] - "--------------------------------------": null

2020-01-20 15:09:03 - [TEST_STEP][PASSED] - " Navigate Top level menu Item         |": null

2020-01-20 15:09:04 - [TEST_STEP][PASSED] - waitForPageLoad(60): Wait for page load successfully

2020-01-20 15:09:04 - [MESSAGE][PASSED] - Wait for page load successfully

2020-01-20 15:09:04 - [TEST_STEP][PASSED] - waitForElementClickable(findTestObject("Object Repository/WebOffice_Home_page/a_Consumers"), 60): Object 'Object Repository/WebOffice_Home_page/a_Consumers' is clickable

2020-01-20 15:09:04 - [MESSAGE][PASSED] - Object 'Object Repository/WebOffice_Home_page/a_Consumers' is clickable

2020-01-20 15:09:04 - [TEST_STEP][PASSED] - click(findTestObject("Object Repository/WebOffice_Home_page/a_Consumers")): Object: 'Object Repository/WebOffice_Home_page/a_Consumers' is clicked on

2020-01-20 15:09:04 - [MESSAGE][PASSED] - Object: 'Object Repository/WebOffice_Home_page/a_Consumers' is clicked on

2020-01-20 15:09:04 - [MESSAGE][PASSED] - Call Test Case 'Test Cases/Reusable_Test_Sequences/Web_Office/navigation/Navigate_Consumers' successfully

2020-01-20 15:09:04 - [TEST_STEP][PASSED] - "--------------------------------------": null

2020-01-20 15:09:04 - [TEST_STEP][PASSED] - " LH Pane  - Apply Search Criteria     |": null

2020-01-20 15:09:04 - [TEST_STEP][PASSED] - callTestCase(findTestCase("Reusable_Test_Sequences/Web_Office/Actions/Set_Consumer_Data"), [:], OPTIONAL): Call Test Case 'Test Cases/Reusable_Test_Sequences/Web_Office/Actions/Set_Consumer_Data' successfully

2020-01-20 15:09:04 - [TEST_CASE][PASSED] - Test Cases/Reusable_Test_Sequences/Web_Office/Actions/Set_Consumer_Data: Test Cases/Reusable_Test_Sequences/Web_Office/Actions/Set_Consumer_Data

2020-01-20 15:09:04 - [TEST_STEP][PASSED] - "--------------------------------": null

2020-01-20 15:09:04 - [TEST_STEP][PASSED] - "Read data from spreadsheet      |": null

2020-01-20 15:09:04 - [TEST_STEP][PASSED] - data = findTestData("Data Files/Consumer_Data (1)"): null

2020-01-20 15:09:04 - [TEST_STEP][PASSED] - Forename = data.getValue("Forename", row): null

2020-01-20 15:09:04 - [TEST_STEP][PASSED] - Surname = data.getValue("Surname", row): null

2020-01-20 15:09:04 - [TEST_STEP][PASSED] - Mobile = data.getValue("Mobile", row): null

2020-01-20 15:09:04 - [TEST_STEP][PASSED] - Email = data.getValue("Email", row): null

2020-01-20 15:09:04 - [TEST_STEP][PASSED] - House = data.getValue("House", row): null

2020-01-20 15:09:04 - [TEST_STEP][PASSED] - Street = data.getValue("Street", row): null

2020-01-20 15:09:04 - [TEST_STEP][PASSED] - Town = data.getValue("Town", row): null

2020-01-20 15:09:04 - [TEST_STEP][PASSED] - City = data.getValue("City", row): null

2020-01-20 15:09:04 - [TEST_STEP][PASSED] - County = data.getValue("County", row): null

2020-01-20 15:09:04 - [TEST_STEP][PASSED] - Postcode = data.getValue("Postcode", row): null

2020-01-20 15:09:04 - [TEST_STEP][PASSED] - Phone = data.getValue("Phone", row): null

2020-01-20 15:09:04 - [TEST_STEP][PASSED] - Status = data.getValue("Status", row): null

2020-01-20 15:09:04 - [TEST_STEP][PASSED] - Type = data.getValue("Type", row): null

2020-01-20 15:09:04 - [TEST_STEP][PASSED] - Consumer_ID = data.getValue("Consumer_ID", row): null

2020-01-20 15:09:04 - [TEST_STEP][PASSED] - "--------------------------------": null

2020-01-20 15:09:04 - [TEST_STEP][PASSED] - "Read data from spreadsheet      |": null

2020-01-20 15:09:04 - [TEST_STEP][PASSED] - "--------------------------------": null

2020-01-20 15:09:04 - [TEST_STEP][PASSED] - "--------------------------------": null

2020-01-20 15:09:04 - [TEST_STEP][PASSED] - " Synchronisation                |": null

2020-01-20 15:09:04 - [TEST_STEP][PASSED] - waitForPageLoad(60): Wait for page load successfully

2020-01-20 15:09:04 - [MESSAGE][PASSED] - Wait for page load successfully

2020-01-20 15:09:04 - [TEST_STEP][PASSED] - waitForElementVisible(findTestObject("Object Repository/WebOffice/Consumers/Page_/input_Forename_ctl00CP1ctlSearchtbForenames"), 60): Object 'Object Repository/WebOffice/Consumers/Page_/input_Forename_ctl00CP1ctlSearchtbForenames' is visible

2020-01-20 15:09:04 - [MESSAGE][PASSED] - Object 'Object Repository/WebOffice/Consumers/Page_/input_Forename_ctl00CP1ctlSearchtbForenames' is visible

2020-01-20 15:09:04 - [TEST_STEP][PASSED] - click(findTestObject("Object Repository/WebOffice/Consumers/Page_/input_Forename_ctl00CP1ctlSearchtbForenames")): Object: 'Object Repository/WebOffice/Consumers/Page_/input_Forename_ctl00CP1ctlSearchtbForenames' is clicked on

2020-01-20 15:09:04 - [MESSAGE][PASSED] - Object: 'Object Repository/WebOffice/Consumers/Page_/input_Forename_ctl00CP1ctlSearchtbForenames' is clicked on

2020-01-20 15:09:04 - [TEST_STEP][PASSED] - "-------------------------------------------------------------------------------------------------------------------------------------": null

2020-01-20 15:09:04 - [TEST_STEP][PASSED] - setText(findTestObject("Object Repository/WebOffice/Consumers/Page_/input_Forename_ctl00CP1ctlSearchtbForenames"), Forename): Text '' is set on object 'Object Repository/WebOffice/Consumers/Page_/input_Forename_ctl00CP1ctlSearchtbForenames'

2020-01-20 15:09:05 - [MESSAGE][PASSED] - Text '' is set on object 'Object Repository/WebOffice/Consumers/Page_/input_Forename_ctl00CP1ctlSearchtbForenames'

2020-01-20 15:09:05 - [TEST_STEP][PASSED] - "-------------------------------------------------------------------------------------------------------------------------------------": null

2020-01-20 15:09:05 - [TEST_STEP][PASSED] - setText(findTestObject("Object Repository/WebOffice/Consumers/Page_/input_Surname_ctl00CP1ctlSearchtbSurname"), Surname): Text 'Brown' is set on object 'Object Repository/WebOffice/Consumers/Page_/input_Surname_ctl00CP1ctlSearchtbSurname'

2020-01-20 15:09:05 - [MESSAGE][PASSED] - Text 'Brown' is set on object 'Object Repository/WebOffice/Consumers/Page_/input_Surname_ctl00CP1ctlSearchtbSurname'

2020-01-20 15:09:05 - [TEST_STEP][PASSED] - "-------------------------------------------------------------------------------------------------------------------------------------": null

2020-01-20 15:09:05 - [TEST_STEP][PASSED] - setText(findTestObject("Object Repository/WebOffice/Consumers/Page_/input_Mobile_ctl00CP1ctlSearchtbMobile"), Mobile): Text '' is set on object 'Object Repository/WebOffice/Consumers/Page_/input_Mobile_ctl00CP1ctlSearchtbMobile'

2020-01-20 15:09:05 - [MESSAGE][PASSED] - Text '' is set on object 'Object Repository/WebOffice/Consumers/Page_/input_Mobile_ctl00CP1ctlSearchtbMobile'

2020-01-20 15:09:05 - [TEST_STEP][PASSED] - "-------------------------------------------------------------------------------------------------------------------------------------": null

2020-01-20 15:09:05 - [TEST_STEP][PASSED] - setText(findTestObject("Object Repository/WebOffice/Consumers/Page_/input_Email_ctl00CP1ctlSearchtbEmail"), Email): Text '' is set on object 'Object Repository/WebOffice/Consumers/Page_/input_Email_ctl00CP1ctlSearchtbEmail'

2020-01-20 15:09:05 - [MESSAGE][PASSED] - Text '' is set on object 'Object Repository/WebOffice/Consumers/Page_/input_Email_ctl00CP1ctlSearchtbEmail'

2020-01-20 15:09:05 - [TEST_STEP][PASSED] - "-------------------------------------------------------------------------------------------------------------------------------------": null

2020-01-20 15:09:05 - [TEST_STEP][PASSED] - setText(findTestObject("Object Repository/WebOffice/Consumers/Page_/input_House_ctl00CP1ctlSearchtbHouse"), House): Text '' is set on object 'Object Repository/WebOffice/Consumers/Page_/input_House_ctl00CP1ctlSearchtbHouse'

2020-01-20 15:09:05 - [MESSAGE][PASSED] - Text '' is set on object 'Object Repository/WebOffice/Consumers/Page_/input_House_ctl00CP1ctlSearchtbHouse'

2020-01-20 15:09:05 - [TEST_STEP][PASSED] - "-------------------------------------------------------------------------------------------------------------------------------------": null

2020-01-20 15:09:05 - [TEST_STEP][PASSED] - setText(findTestObject("Object Repository/WebOffice/Consumers/Page_/input_Street_ctl00CP1ctlSearchtbStreet"), Street): Text '2 Redwood Drive' is set on object 'Object Repository/WebOffice/Consumers/Page_/input_Street_ctl00CP1ctlSearchtbStreet'

2020-01-20 15:09:05 - [MESSAGE][PASSED] - Text '2 Redwood Drive' is set on object 'Object Repository/WebOffice/Consumers/Page_/input_Street_ctl00CP1ctlSearchtbStreet'

2020-01-20 15:09:05 - [TEST_STEP][PASSED] - "-------------------------------------------------------------------------------------------------------------------------------------": null

2020-01-20 15:09:05 - [TEST_STEP][PASSED] - setText(findTestObject("Object Repository/WebOffice/Consumers/Page_/input_Town_ctl00CP1ctlSearchtbTown"), Town): Text '' is set on object 'Object Repository/WebOffice/Consumers/Page_/input_Town_ctl00CP1ctlSearchtbTown'

2020-01-20 15:09:06 - [MESSAGE][PASSED] - Text '' is set on object 'Object Repository/WebOffice/Consumers/Page_/input_Town_ctl00CP1ctlSearchtbTown'

2020-01-20 15:09:06 - [TEST_STEP][PASSED] - "-------------------------------------------------------------------------------------------------------------------------------------": null

2020-01-20 15:09:06 - [TEST_STEP][PASSED] - setText(findTestObject("Object Repository/WebOffice/Consumers/Page_/input_City_ctl00CP1ctlSearchtbCity"), City): Text '' is set on object 'Object Repository/WebOffice/Consumers/Page_/input_City_ctl00CP1ctlSearchtbCity'

2020-01-20 15:09:06 - [MESSAGE][PASSED] - Text '' is set on object 'Object Repository/WebOffice/Consumers/Page_/input_City_ctl00CP1ctlSearchtbCity'

2020-01-20 15:09:06 - [TEST_STEP][PASSED] - "-------------------------------------------------------------------------------------------------------------------------------------": null

2020-01-20 15:09:06 - [TEST_STEP][PASSED] - setText(findTestObject("Object Repository/WebOffice/Consumers/Page_/input_County_ctl00CP1ctlSearchtbCounty"), County): Text 'West Sussex' is set on object 'Object Repository/WebOffice/Consumers/Page_/input_County_ctl00CP1ctlSearchtbCounty'

2020-01-20 15:09:06 - [MESSAGE][PASSED] - Text 'West Sussex' is set on object 'Object Repository/WebOffice/Consumers/Page_/input_County_ctl00CP1ctlSearchtbCounty'

2020-01-20 15:09:06 - [TEST_STEP][PASSED] - "-------------------------------------------------------------------------------------------------------------------------------------": null

2020-01-20 15:09:06 - [TEST_STEP][PASSED] - setText(findTestObject("Object Repository/WebOffice/Consumers/Page_/input_Postcode_ctl00CP1ctlSearchtbPostcode"), Postcode): Text '' is set on object 'Object Repository/WebOffice/Consumers/Page_/input_Postcode_ctl00CP1ctlSearchtbPostcode'

2020-01-20 15:09:06 - [MESSAGE][PASSED] - Text '' is set on object 'Object Repository/WebOffice/Consumers/Page_/input_Postcode_ctl00CP1ctlSearchtbPostcode'

2020-01-20 15:09:06 - [TEST_STEP][PASSED] - "-------------------------------------------------------------------------------------------------------------------------------------": null

2020-01-20 15:09:06 - [TEST_STEP][PASSED] - setText(findTestObject("Object Repository/WebOffice/Consumers/Page_/input_Phone_ctl00CP1ctlSearchtbTel"), Phone): Text '' is set on object 'Object Repository/WebOffice/Consumers/Page_/input_Phone_ctl00CP1ctlSearchtbTel'

2020-01-20 15:09:06 - [MESSAGE][PASSED] - Text '' is set on object 'Object Repository/WebOffice/Consumers/Page_/input_Phone_ctl00CP1ctlSearchtbTel'

2020-01-20 15:09:06 - [TEST_STEP][PASSED] - "-------------------------------------------------------------------------------------------------------------------------------------": null

2020-01-20 15:09:06 - [TEST_STEP][PASSED] - "Set Status": null

2020-01-20 15:09:06 - [TEST_STEP][PASSED] - "-------------------------------------------------------------------------------------------------------------------------------------": null

2020-01-20 15:09:06 - [TEST_STEP][PASSED] - "Status 3 Options": null

2020-01-20 15:09:06 - [TEST_STEP][PASSED] - "-------------------------------------------------------------------------------------------------------------------------------------": null

2020-01-20 15:09:06 - [TEST_STEP][PASSED] - "Set Type": null

2020-01-20 15:09:06 - [TEST_STEP][PASSED] - "-------------------------------------------------------------------------------------------------------------------------------------": null

2020-01-20 15:09:06 - [TEST_STEP][PASSED] - "Type 3 Options": null

2020-01-20 15:09:06 - [TEST_STEP][PASSED] - "-------------------------------------------------------------------------------------------------------------------------------------": null

2020-01-20 15:09:06 - [TEST_STEP][PASSED] - click(findTestObject("Object Repository/WebOffice/Consumers/Page_/input_Clear_ctl00CP1ctlSearchbtnSearch")): Object: 'Object Repository/WebOffice/Consumers/Page_/input_Clear_ctl00CP1ctlSearchbtnSearch' is clicked on

2020-01-20 15:09:06 - [MESSAGE][PASSED] - Object: 'Object Repository/WebOffice/Consumers/Page_/input_Clear_ctl00CP1ctlSearchbtnSearch' is clicked on

2020-01-20 15:09:06 - [MESSAGE][PASSED] - Call Test Case 'Test Cases/Reusable_Test_Sequences/Web_Office/Actions/Set_Consumer_Data' successfully

2020-01-20 15:09:06 - [TEST_STEP][PASSED] - "--------------------------------------": null

2020-01-20 15:09:06 - [TEST_STEP][PASSED] - " Select Returned Record to Verify     |": null

2020-01-20 15:09:06 - [TEST_STEP][PASSED] - callTestCase(findTestCase("Reusable_Test_Sequences/Web_Office/Actions/Select_Consumer"), [:], OPTIONAL): Call Test Case 'Test Cases/Reusable_Test_Sequences/Web_Office/Actions/Select_Consumer' successfully

2020-01-20 15:09:06 - [TEST_CASE][PASSED] - Test Cases/Reusable_Test_Sequences/Web_Office/Actions/Select_Consumer: Test Cases/Reusable_Test_Sequences/Web_Office/Actions/Select_Consumer

2020-01-20 15:09:06 - [TEST_STEP][PASSED] - "--------": null

2020-01-20 15:09:06 - [TEST_STEP][PASSED] - "Search  |": null

2020-01-20 15:09:06 - [TEST_STEP][PASSED] - waitForPageLoad(60): Wait for page load successfully

2020-01-20 15:09:06 - [MESSAGE][PASSED] - Wait for page load successfully

2020-01-20 15:09:06 - [TEST_STEP][PASSED] - waitForElementClickable(findTestObject("Object Repository/WO_Consumer/Page_/input_Clear_ctl00CP1ctlSearchbtnSearch"), 60): Object 'Object Repository/WO_Consumer/Page_/input_Clear_ctl00CP1ctlSearchbtnSearch' is clickable

2020-01-20 15:09:06 - [MESSAGE][PASSED] - Object 'Object Repository/WO_Consumer/Page_/input_Clear_ctl00CP1ctlSearchbtnSearch' is clickable

2020-01-20 15:09:06 - [TEST_STEP][PASSED] - click(findTestObject("Object Repository/WO_Consumer/Page_/input_Clear_ctl00CP1ctlSearchbtnSearch")): Object: 'Object Repository/WO_Consumer/Page_/input_Clear_ctl00CP1ctlSearchbtnSearch' is clicked on

2020-01-20 15:09:06 - [MESSAGE][PASSED] - Object: 'Object Repository/WO_Consumer/Page_/input_Clear_ctl00CP1ctlSearchbtnSearch' is clicked on

2020-01-20 15:09:06 - [TEST_STEP][PASSED] - delay(5): Delayed 5 second(s)

2020-01-20 15:09:11 - [MESSAGE][PASSED] - Delayed 5 second(s)

2020-01-20 15:09:11 - [TEST_STEP][PASSED] - "--------": null

2020-01-20 15:09:11 - [TEST_STEP][PASSED] - "Synch   |": null

2020-01-20 15:09:11 - [TEST_STEP][PASSED] - waitForPageLoad(120): Wait for page load successfully

2020-01-20 15:09:12 - [MESSAGE][PASSED] - Wait for page load successfully

2020-01-20 15:09:12 - [TEST_STEP][PASSED] - waitForElementClickable(findTestObject("Object Repository/WO_Consumer/Page_/a_Feedback"), 60): Object 'Object Repository/WO_Consumer/Page_/a_Feedback' is clickable

2020-01-20 15:09:16 - [MESSAGE][PASSED] - Object 'Object Repository/WO_Consumer/Page_/a_Feedback' is clickable

2020-01-20 15:09:16 - [TEST_STEP][PASSED] - "----------------------------------------": null

2020-01-20 15:09:16 - [TEST_STEP][PASSED] - "Initial Table View (Populated or Not    |": null

2020-01-20 15:09:16 - [TEST_STEP][PASSED] - "----------------------------------------": null

2020-01-20 15:09:16 - [TEST_STEP][PASSED] - "---------------------------------------------------": null

2020-01-20 15:09:16 - [TEST_STEP][PASSED] - "If Record Exists Then rocess, Otherwise Jump Over  |": null

2020-01-20 15:09:16 - [TEST_STEP][PASSED] - "---------------------------------------------------": null

2020-01-20 15:09:16 - [TEST_STEP][PASSED] - "----------------------------------------": null

2020-01-20 15:09:16 - [TEST_STEP][PASSED] - "Initial Table Return Checks": null

2020-01-20 15:09:16 - [TEST_STEP][PASSED] - "----------------------------------------": null

2020-01-20 15:09:16 - [TEST_STEP][PASSED] - "--------": null

2020-01-20 15:09:16 - [TEST_STEP][PASSED] - "Sort    |": null

2020-01-20 15:09:16 - [TEST_STEP][PASSED] - click(findTestObject("Object Repository/WO_Consumer/Page_/a_Feedback")): Object: 'Object Repository/WO_Consumer/Page_/a_Feedback' is clicked on

2020-01-20 15:09:16 - [MESSAGE][PASSED] - Object: 'Object Repository/WO_Consumer/Page_/a_Feedback' is clicked on

2020-01-20 15:09:16 - [TEST_STEP][PASSED] - delay(5): Delayed 5 second(s)

2020-01-20 15:09:21 - [MESSAGE][PASSED] - Delayed 5 second(s)

2020-01-20 15:09:21 - [TEST_STEP][PASSED] - "--------": null

2020-01-20 15:09:21 - [TEST_STEP][PASSED] - "Sort    |": null

2020-01-20 15:09:21 - [TEST_STEP][PASSED] - click(findTestObject("Object Repository/WO_Consumer/Page_/a_Feedback")): Object: 'Object Repository/WO_Consumer/Page_/a_Feedback' is clicked on

2020-01-20 15:09:22 - [MESSAGE][PASSED] - Object: 'Object Repository/WO_Consumer/Page_/a_Feedback' is clicked on

2020-01-20 15:09:22 - [TEST_STEP][PASSED] - delay(5): Delayed 5 second(s)

2020-01-20 15:09:27 - [MESSAGE][PASSED] - Delayed 5 second(s)

2020-01-20 15:09:27 - [TEST_STEP][PASSED] - "--------": null

2020-01-20 15:09:27 - [TEST_STEP][PASSED] - "Select  |": null

2020-01-20 15:09:27 - [TEST_STEP][PASSED] - waitForElementClickable(findTestObject("WO_Consumer/Page_/td_TopRow"), 60): Object 'Object Repository/WO_Consumer/Page_/td_TopRow' is clickable

2020-01-20 15:09:27 - [MESSAGE][PASSED] - Object 'Object Repository/WO_Consumer/Page_/td_TopRow' is clickable

2020-01-20 15:09:27 - [TEST_STEP][PASSED] - click(findTestObject("WO_Consumer/Page_/td_TopRow")): Object: 'Object Repository/WO_Consumer/Page_/td_TopRow' is clicked on

2020-01-20 15:09:27 - [MESSAGE][PASSED] - Object: 'Object Repository/WO_Consumer/Page_/td_TopRow' is clicked on

2020-01-20 15:09:27 - [TEST_STEP][PASSED] - delay(1): Delayed 1 second(s)

2020-01-20 15:09:28 - [MESSAGE][PASSED] - Delayed 1 second(s)

2020-01-20 15:09:28 - [MESSAGE][PASSED] - Call Test Case 'Test Cases/Reusable_Test_Sequences/Web_Office/Actions/Select_Consumer' successfully

2020-01-20 15:09:28 - [TEST_STEP][PASSED] - "--------------------------------------": null

2020-01-20 15:09:28 - [TEST_STEP][PASSED] - " Verify Returned Consumer Record      |": null

2020-01-20 15:09:28 - [TEST_STEP][PASSED] - callTestCase(findTestCase("Reusable_Test_Sequences/Web_Office/Verification/Consumer_Returned_Search_Record"), [:], OPTIONAL): Call Test Case 'Test Cases/Reusable_Test_Sequences/Web_Office/Verification/Consumer_Returned_Search_Record' successfully

2020-01-20 15:09:28 - [TEST_CASE][PASSED] - Test Cases/Reusable_Test_Sequences/Web_Office/Verification/Consumer_Returned_Search_Record: Test Cases/Reusable_Test_Sequences/Web_Office/Verification/Consumer_Returned_Search_Record

2020-01-20 15:09:28 - [TEST_STEP][PASSED] - "--------------------------------": null

2020-01-20 15:09:28 - [TEST_STEP][PASSED] - "Read data from spreadsheet      | r_ = Returned Data": null

2020-01-20 15:09:28 - [TEST_STEP][PASSED] - data = findTestData("Data Files/Consumer_Data (1)"): null

2020-01-20 15:09:28 - [TEST_STEP][PASSED] - Consumer_ID = data.getValue("Consumer_ID", row): null

2020-01-20 15:09:28 - [TEST_STEP][PASSED] - Title = data.getValue("r_Title", row): null

2020-01-20 15:09:28 - [TEST_STEP][PASSED] - Forenames = data.getValue("r_Forenames", row): null

2020-01-20 15:09:28 - [TEST_STEP][PASSED] - Surname = data.getValue("r_Surname", row): null

2020-01-20 15:09:28 - [TEST_STEP][PASSED] - Housename = data.getValue("r_Housename", row): null

2020-01-20 15:09:28 - [TEST_STEP][PASSED] - Number_Street = data.getValue("r_Number_and_Street", row): null

2020-01-20 15:09:28 - [TEST_STEP][PASSED] - City = data.getValue("r_City", row): null

2020-01-20 15:09:28 - [TEST_STEP][PASSED] - Town = data.getValue("r_Town", row): null

2020-01-20 15:09:28 - [TEST_STEP][PASSED] - County = data.getValue("r_County", row): null

2020-01-20 15:09:28 - [TEST_STEP][PASSED] - Postcode = data.getValue("r_Postcode", row): null

2020-01-20 15:09:28 - [TEST_STEP][PASSED] - Phone1 = data.getValue("r_Phone_1", row): null

2020-01-20 15:09:28 - [TEST_STEP][PASSED] - Phone2 = data.getValue("r_Phone_2", row): null

2020-01-20 15:09:28 - [TEST_STEP][PASSED] - Fax = data.getValue("r_Fax", row): null

2020-01-20 15:09:28 - [TEST_STEP][PASSED] - r_Full_Name = data.getValue("r_Full_Name", 1): null

2020-01-20 15:09:28 - [TEST_STEP][PASSED] - r_Full_Address = data.getValue("r_Full_Address", 1): null

2020-01-20 15:09:28 - [TEST_STEP][PASSED] - "--------------------------------": null

2020-01-20 15:09:28 - [TEST_STEP][PASSED] - "Read data from spreadsheet      |": null

2020-01-20 15:09:28 - [TEST_STEP][PASSED] - Actual_Page_Text = "": null

2020-01-20 15:09:28 - [TEST_STEP][PASSED] - Expected_Page_Text = "": null

2020-01-20 15:09:28 - [TEST_STEP][PASSED] - waitForPageLoad(60): Wait for page load successfully

2020-01-20 15:09:28 - [MESSAGE][PASSED] - Wait for page load successfully

2020-01-20 15:09:28 - [TEST_STEP][PASSED] - delay(1): Delayed 1 second(s)

2020-01-20 15:09:29 - [MESSAGE][PASSED] - Delayed 1 second(s)

2020-01-20 15:09:29 - [TEST_STEP][PASSED] - "HEADER DETAIL - iFrame": null

2020-01-20 15:09:29 - [TEST_STEP][PASSED] - "----------------": null

2020-01-20 15:09:29 - [TEST_STEP][PASSED] - "Full Name       |": null

2020-01-20 15:09:29 - [TEST_STEP][PASSED] - verifyElementPresent(findTestObject("Object Repository/WO_Consumer/Page_/Page_/a_Mr Gordon Brown"), 25): Object 'Object Repository/WO_Consumer/Page_/Page_/a_Mr Gordon Brown' is present

2020-01-20 15:09:30 - [MESSAGE][PASSED] - Object 'Object Repository/WO_Consumer/Page_/Page_/a_Mr Gordon Brown' is present

2020-01-20 15:09:30 - [TEST_STEP][PASSED] - "----------------": null

2020-01-20 15:09:30 - [TEST_STEP][PASSED] - "Full Address    |": null

2020-01-20 15:09:30 - [TEST_STEP][PASSED] - verifyElementPresent(findTestObject("Object Repository/WO_Consumer/Page_/Page_/div_Haywards Heath West Sussex RH16 4ER4477_d20822"), 25): Object 'Object Repository/WO_Consumer/Page_/Page_/div_Haywards Heath West Sussex RH16 4ER4477_d20822' is present

2020-01-20 15:09:30 - [MESSAGE][PASSED] - Object 'Object Repository/WO_Consumer/Page_/Page_/div_Haywards Heath West Sussex RH16 4ER4477_d20822' is present

2020-01-20 15:09:30 - [TEST_STEP][PASSED] - "BODY DETAIL - iFrame": null

2020-01-20 15:09:30 - [TEST_STEP][PASSED] - "----------------": null

2020-01-20 15:09:30 - [TEST_STEP][PASSED] - "EDIT Consumer   |": null

2020-01-20 15:09:30 - [TEST_STEP][PASSED] - verifyElementPresent(findTestObject("Object Repository/WO_Consumer/Page_/Page_/input_Title_ctledittbTitle"), 25): Object 'Object Repository/WO_Consumer/Page_/Page_/input_Title_ctledittbTitle' is present

2020-01-20 15:09:30 - [MESSAGE][PASSED] - Object 'Object Repository/WO_Consumer/Page_/Page_/input_Title_ctledittbTitle' is present

2020-01-20 15:09:30 - [TEST_STEP][PASSED] - "----------------": null

2020-01-20 15:09:30 - [TEST_STEP][PASSED] - "Address         |": null

2020-01-20 15:09:30 - [TEST_STEP][PASSED] - verifyElementPresent(findTestObject("Object Repository/WO_Consumer/Page_/Page_/span_Please ensure the Street  Road name is_e38a58"), 25): Object 'Object Repository/WO_Consumer/Page_/Page_/span_Please ensure the Street  Road name is_e38a58' is present

2020-01-20 15:09:30 - [MESSAGE][PASSED] - Object 'Object Repository/WO_Consumer/Page_/Page_/span_Please ensure the Street  Road name is_e38a58' is present

2020-01-20 15:09:30 - [MESSAGE][PASSED] - Call Test Case 'Test Cases/Reusable_Test_Sequences/Web_Office/Verification/Consumer_Returned_Search_Record' successfully

2020-01-20 15:09:30 - [TEST_STEP][PASSED] - "--------------------------": null

2020-01-20 15:09:30 - [TEST_STEP][PASSED] - " Teardown - CLose Browser |": null

2020-01-20 15:09:30 - [TEST_STEP][PASSED] - callTestCase(findTestCase("Reusable_Test_Sequences/CAT_Teardown"), [:], OPTIONAL): Call Test Case 'Test Cases/Reusable_Test_Sequences/CAT_Teardown' successfully

2020-01-20 15:09:30 - [TEST_CASE][PASSED] - Test Cases/Reusable_Test_Sequences/CAT_Teardown: Test Cases/Reusable_Test_Sequences/CAT_Teardown

2020-01-20 15:09:30 - [TEST_STEP][PASSED] - closeBrowser(): Browser is closed

2020-01-20 15:09:31 - [MESSAGE][PASSED] - Browser is closed

2020-01-20 15:09:31 - [MESSAGE][PASSED] - Call Test Case 'Test Cases/Reusable_Test_Sequences/CAT_Teardown' successfully]]></system-out>
         <system-err><![CDATA[]]></system-err>
      </testcase>
      <system-out><![CDATA[2020-01-20 15:06:36 - [TEST_SUITE][PASSED] - WebOffice_Consumer_Search: Test Cases/Web_Office/WebOffice_Consumer_Search]]></system-out>
      <system-err><![CDATA[]]></system-err>
   </testsuite>
</testsuites>
