<?xml version="1.0" encoding="UTF-8"?>
<testsuites name="WebOffice_Consumer_Search" time="215.209" tests="1" failures="0" errors="0">
   <testsuite name="WebOffice_Consumer_Search" tests="1" failures="0" errors="0" time="215.209" timestamp="2020-01-24 08:47:07" hostname="DavidHo - VETTEDSP36RF.check.local" id="Test Suites/WebOffice_Consumer_Search">
      <properties>
         <property name="deviceName" value=""/>
         <property name="devicePlatform" value=""/>
         <property name="logFolder" value="C:\\Users\\davidho\\Katalon Studio\\Start\\Reports\\20200124_083633\\WebOffice_Consumer_Search\\20200124_083641"/>
         <property name="logFiles" value="C:\\Users\\davidho\\Katalon Studio\\Start\\Reports\\20200124_083633\\WebOffice_Consumer_Search\\20200124_083641\\execution0.log"/>
         <property name="attachments" value=""/>
         <property name="hostName" value="DavidHo - VETTEDSP36RF.check.local"/>
         <property name="os" value="Windows 10 32bit"/>
         <property name="katalonVersion" value="7.1.2.1"/>
         <property name="browser" value="Chrome 79.0.3945.130"/>
         <property name="hostAddress" value="10.0.13.186"/>
         <property name="sessionId" value="ec2db588b82e87f6b4df867d5ffe20e0"/>
         <property name="seleniumVersion" value="3.141.59"/>
         <property name="proxyInformation" value="ProxyInformation{proxyOption=NO_PROXY, proxyServerType=HTTP, password=, proxyServerAddress=, proxyServerPort=0, executionList=}"/>
         <property name="platform" value="Windows 10"/>
      </properties>
      <testcase name="Test Cases/Web_Office/WebOffice_Consumer_Search" time="214.933" classname="Test Cases/Web_Office/WebOffice_Consumer_Search" status="PASSED">
         <system-out><![CDATA[2020-01-24 08:47:07 - [TEST_CASE][PASSED] - Test Cases/Web_Office/WebOffice_Consumer_Search: Test Cases/Web_Office/WebOffice_Consumer_Search

2020-01-24 08:47:08 - [TEST_STEP][PASSED] - for ([row = 1, row <= findTestData("Consumer_Data (1)").getRowNumbers(), (internal.GlobalVariable.row++)]): Call Test Case 'Test Cases/Reusable_Test_Sequences/CAT_Teardown' successfully

2020-01-24 08:47:10 - [TEST_STEP][PASSED] - "--------------------------------------": null

2020-01-24 08:47:10 - [TEST_STEP][PASSED] - " Web Office StartUp                   |": null

2020-01-24 08:47:10 - [TEST_STEP][PASSED] - callTestCase(findTestCase("Reusable_Test_Sequences/Web_Office/Directives/WebOffice_StartUp"), [:], OPTIONAL): Unable to call Test Case 'Test Cases/Reusable_Test_Sequences/Web_Office/Directives/WebOffice_StartUp' (Root cause: com.kms.katalon.core.exception.StepFailedException: Call Test Case 'Test Cases/Reusable_Test_Sequences/Web_Office/Directives/WebOffice_StartUp' failed
	at com.kms.katalon.core.keyword.builtin.CallTestCaseKeyword$_callTestCase_closure1.doCall(CallTestCaseKeyword.groovy:63)
	at com.kms.katalon.core.keyword.builtin.CallTestCaseKeyword$_callTestCase_closure1.call(CallTestCaseKeyword.groovy)
	at com.kms.katalon.core.keyword.internal.KeywordMain.runKeyword(KeywordMain.groovy:68)
	at com.kms.katalon.core.keyword.builtin.CallTestCaseKeyword.callTestCase(CallTestCaseKeyword.groovy:81)
	at com.kms.katalon.core.keyword.builtin.CallTestCaseKeyword.execute(CallTestCaseKeyword.groovy:44)
	at com.kms.katalon.core.keyword.internal.KeywordExecutor.executeKeywordForPlatform(KeywordExecutor.groovy:72)
	at com.kms.katalon.core.keyword.BuiltinKeywords.callTestCase(BuiltinKeywords.groovy:334)
	at WebOffice_Consumer_Search.run(WebOffice_Consumer_Search:57)
	at com.kms.katalon.core.main.ScriptEngine.run(ScriptEngine.java:194)
	at com.kms.katalon.core.main.ScriptEngine.runScriptAsRawText(ScriptEngine.java:119)
	at com.kms.katalon.core.main.TestCaseExecutor.runScript(TestCaseExecutor.java:337)
	at com.kms.katalon.core.main.TestCaseExecutor.doExecute(TestCaseExecutor.java:328)
	at com.kms.katalon.core.main.TestCaseExecutor.processExecutionPhase(TestCaseExecutor.java:307)
	at com.kms.katalon.core.main.TestCaseExecutor.accessMainPhase(TestCaseExecutor.java:299)
	at com.kms.katalon.core.main.TestCaseExecutor.execute(TestCaseExecutor.java:233)
	at com.kms.katalon.core.main.TestSuiteExecutor.accessTestCaseMainPhase(TestSuiteExecutor.java:169)
	at com.kms.katalon.core.main.TestSuiteExecutor.accessTestSuiteMainPhase(TestSuiteExecutor.java:142)
	at com.kms.katalon.core.main.TestSuiteExecutor.execute(TestSuiteExecutor.java:91)
	at com.kms.katalon.core.main.TestCaseMain.startTestSuite(TestCaseMain.java:157)
	at com.kms.katalon.core.main.TestCaseMain$startTestSuite$0.call(Unknown Source)
	at TempTestSuite1579855002070.run(TempTestSuite1579855002070.groovy:36)
Caused by: com.kms.katalon.core.exception.StepFailedException: Text 'Welcome check1234' is not present on page  (Root cause: com.kms.katalon.core.exception.StepFailedException: Text 'Welcome check1234' is not present on page 
	at com.kms.katalon.core.webui.keyword.internal.WebUIKeywordMain.stepFailed(WebUIKeywordMain.groovy:64)
	at com.kms.katalon.core.webui.keyword.builtin.VerifyTextPresentKeyword$_verifyTextPresent_closure1.doCall(VerifyTextPresentKeyword.groovy:79)
	at com.kms.katalon.core.webui.keyword.builtin.VerifyTextPresentKeyword$_verifyTextPresent_closure1.call(VerifyTextPresentKeyword.groovy)
	at com.kms.katalon.core.webui.keyword.internal.WebUIKeywordMain.runKeyword(WebUIKeywordMain.groovy:20)
	at com.kms.katalon.core.webui.keyword.builtin.VerifyTextPresentKeyword.verifyTextPresent(VerifyTextPresentKeyword.groovy:83)
	at com.kms.katalon.core.webui.keyword.builtin.VerifyTextPresentKeyword.execute(VerifyTextPresentKeyword.groovy:68)
	at com.kms.katalon.core.keyword.internal.KeywordExecutor.executeKeywordForPlatform(KeywordExecutor.groovy:72)
	at com.kms.katalon.core.webui.keyword.WebUiBuiltInKeywords.verifyTextPresent(WebUiBuiltInKeywords.groovy:1693)
	at com.kms.katalon.core.webui.keyword.WebUiBuiltInKeywords$verifyTextPresent$2.call(Unknown Source)
	at WebOffice_StartUp.run(WebOffice_StartUp:152)
	at com.kms.katalon.core.main.ScriptEngine.run(ScriptEngine.java:194)
	at com.kms.katalon.core.main.ScriptEngine.runScriptAsRawText(ScriptEngine.java:119)
	at com.kms.katalon.core.main.TestCaseExecutor.runScript(TestCaseExecutor.java:337)
	at com.kms.katalon.core.main.TestCaseExecutor.doExecute(TestCaseExecutor.java:328)
	at com.kms.katalon.core.main.TestCaseExecutor.processExecutionPhase(TestCaseExecutor.java:307)
	at com.kms.katalon.core.main.TestCaseExecutor.accessMainPhase(TestCaseExecutor.java:299)
	at com.kms.katalon.core.main.TestCaseExecutor.execute(TestCaseExecutor.java:233)
	at com.kms.katalon.core.main.TestCaseMain.runTestCase(TestCaseMain.java:114)
	at com.kms.katalon.core.keyword.builtin.CallTestCaseKeyword$_callTestCase_closure1.doCall(CallTestCaseKeyword.groovy:59)
	at com.kms.katalon.core.keyword.builtin.CallTestCaseKeyword$_callTestCase_closure1.call(CallTestCaseKeyword.groovy)
	at com.kms.katalon.core.keyword.internal.KeywordMain.runKeyword(KeywordMain.groovy:68)
	at com.kms.katalon.core.keyword.builtin.CallTestCaseKeyword.callTestCase(CallTestCaseKeyword.groovy:81)
	at com.kms.katalon.core.keyword.builtin.CallTestCaseKeyword.execute(CallTestCaseKeyword.groovy:44)
	at com.kms.katalon.core.keyword.internal.KeywordExecutor.executeKeywordForPlatform(KeywordExecutor.groovy:72)
	at com.kms.katalon.core.keyword.BuiltinKeywords.callTestCase(BuiltinKeywords.groovy:334)
	at WebOffice_Consumer_Search.run(WebOffice_Consumer_Search:57)
	at com.kms.katalon.core.main.ScriptEngine.run(ScriptEngine.java:194)
	at com.kms.katalon.core.main.ScriptEngine.runScriptAsRawText(ScriptEngine.java:119)
	at com.kms.katalon.core.main.TestCaseExecutor.runScript(TestCaseExecutor.java:337)
	at com.kms.katalon.core.main.TestCaseExecutor.doExecute(TestCaseExecutor.java:328)
	at com.kms.katalon.core.main.TestCaseExecutor.processExecutionPhase(TestCaseExecutor.java:307)
	at com.kms.katalon.core.main.TestCaseExecutor.accessMainPhase(TestCaseExecutor.java:299)
	at com.kms.katalon.core.main.TestCaseExecutor.execute(TestCaseExecutor.java:233)
	at com.kms.katalon.core.main.TestSuiteExecutor.accessTestCaseMainPhase(TestSuiteExecutor.java:169)
	at com.kms.katalon.core.main.TestSuiteExecutor.accessTestSuiteMainPhase(TestSuiteExecutor.java:142)
	at com.kms.katalon.core.main.TestSuiteExecutor.execute(TestSuiteExecutor.java:91)
	at com.kms.katalon.core.main.TestCaseMain.startTestSuite(TestCaseMain.java:157)
	at com.kms.katalon.core.main.TestCaseMain$startTestSuite$0.call(Unknown Source)
	at TempTestSuite1579855002070.run(TempTestSuite1579855002070.groovy:36)
)
	at com.kms.katalon.core.keyword.internal.KeywordMain.stepFailed(KeywordMain.groovy:39)
	at com.kms.katalon.core.webui.keyword.internal.WebUIKeywordMain.stepFailed(WebUIKeywordMain.groovy:64)
	at com.kms.katalon.core.webui.keyword.builtin.VerifyTextPresentKeyword$_verifyTextPresent_closure1.doCall(VerifyTextPresentKeyword.groovy:79)
	at com.kms.katalon.core.webui.keyword.builtin.VerifyTextPresentKeyword$_verifyTextPresent_closure1.call(VerifyTextPresentKeyword.groovy)
	at com.kms.katalon.core.webui.keyword.internal.WebUIKeywordMain.runKeyword(WebUIKeywordMain.groovy:20)
	at com.kms.katalon.core.webui.keyword.builtin.VerifyTextPresentKeyword.verifyTextPresent(VerifyTextPresentKeyword.groovy:83)
	at com.kms.katalon.core.webui.keyword.builtin.VerifyTextPresentKeyword.execute(VerifyTextPresentKeyword.groovy:68)
	at com.kms.katalon.core.keyword.internal.KeywordExecutor.executeKeywordForPlatform(KeywordExecutor.groovy:72)
	at com.kms.katalon.core.webui.keyword.WebUiBuiltInKeywords.verifyTextPresent(WebUiBuiltInKeywords.groovy:1693)
	at com.kms.katalon.core.webui.keyword.WebUiBuiltInKeywords$verifyTextPresent$2.call(Unknown Source)
	at WebOffice_StartUp.run(WebOffice_StartUp:152)
	at com.kms.katalon.core.main.ScriptEngine.run(ScriptEngine.java:194)
	at com.kms.katalon.core.main.ScriptEngine.runScriptAsRawText(ScriptEngine.java:119)
	at com.kms.katalon.core.main.TestCaseExecutor.runScript(TestCaseExecutor.java:337)
	at com.kms.katalon.core.main.TestCaseExecutor.doExecute(TestCaseExecutor.java:328)
	at com.kms.katalon.core.main.TestCaseExecutor.processExecutionPhase(TestCaseExecutor.java:307)
	at com.kms.katalon.core.main.TestCaseExecutor.accessMainPhase(TestCaseExecutor.java:299)
	at com.kms.katalon.core.main.TestCaseExecutor.execute(TestCaseExecutor.java:233)
	at com.kms.katalon.core.main.TestCaseMain.runTestCase(TestCaseMain.java:114)
	at com.kms.katalon.core.keyword.builtin.CallTestCaseKeyword$_callTestCase_closure1.doCall(CallTestCaseKeyword.groovy:59)
	... 20 more
Caused by: com.kms.katalon.core.exception.StepFailedException: Text 'Welcome check1234' is not present on page 
	... 39 more
)

2020-01-24 08:47:10 - [TEST_CASE][FAILED] - Test Cases/Reusable_Test_Sequences/Web_Office/Directives/WebOffice_StartUp: Test Cases/Reusable_Test_Sequences/Web_Office/Directives/WebOffice_StartUp FAILED.
Reason:
com.kms.katalon.core.exception.StepFailedException: Text 'Welcome check1234' is not present on page  (Root cause: com.kms.katalon.core.exception.StepFailedException: Text 'Welcome check1234' is not present on page 
	at com.kms.katalon.core.webui.keyword.internal.WebUIKeywordMain.stepFailed(WebUIKeywordMain.groovy:64)
	at com.kms.katalon.core.webui.keyword.builtin.VerifyTextPresentKeyword$_verifyTextPresent_closure1.doCall(VerifyTextPresentKeyword.groovy:79)
	at com.kms.katalon.core.webui.keyword.builtin.VerifyTextPresentKeyword$_verifyTextPresent_closure1.call(VerifyTextPresentKeyword.groovy)
	at com.kms.katalon.core.webui.keyword.internal.WebUIKeywordMain.runKeyword(WebUIKeywordMain.groovy:20)
	at com.kms.katalon.core.webui.keyword.builtin.VerifyTextPresentKeyword.verifyTextPresent(VerifyTextPresentKeyword.groovy:83)
	at com.kms.katalon.core.webui.keyword.builtin.VerifyTextPresentKeyword.execute(VerifyTextPresentKeyword.groovy:68)
	at com.kms.katalon.core.keyword.internal.KeywordExecutor.executeKeywordForPlatform(KeywordExecutor.groovy:72)
	at com.kms.katalon.core.webui.keyword.WebUiBuiltInKeywords.verifyTextPresent(WebUiBuiltInKeywords.groovy:1693)
	at com.kms.katalon.core.webui.keyword.WebUiBuiltInKeywords$verifyTextPresent$2.call(Unknown Source)
	at WebOffice_StartUp.run(WebOffice_StartUp:152)
	at com.kms.katalon.core.main.ScriptEngine.run(ScriptEngine.java:194)
	at com.kms.katalon.core.main.ScriptEngine.runScriptAsRawText(ScriptEngine.java:119)
	at com.kms.katalon.core.main.TestCaseExecutor.runScript(TestCaseExecutor.java:337)
	at com.kms.katalon.core.main.TestCaseExecutor.doExecute(TestCaseExecutor.java:328)
	at com.kms.katalon.core.main.TestCaseExecutor.processExecutionPhase(TestCaseExecutor.java:307)
	at com.kms.katalon.core.main.TestCaseExecutor.accessMainPhase(TestCaseExecutor.java:299)
	at com.kms.katalon.core.main.TestCaseExecutor.execute(TestCaseExecutor.java:233)
	at com.kms.katalon.core.main.TestCaseMain.runTestCase(TestCaseMain.java:114)
	at com.kms.katalon.core.keyword.builtin.CallTestCaseKeyword$_callTestCase_closure1.doCall(CallTestCaseKeyword.groovy:59)
	at com.kms.katalon.core.keyword.builtin.CallTestCaseKeyword$_callTestCase_closure1.call(CallTestCaseKeyword.groovy)
	at com.kms.katalon.core.keyword.internal.KeywordMain.runKeyword(KeywordMain.groovy:68)
	at com.kms.katalon.core.keyword.builtin.CallTestCaseKeyword.callTestCase(CallTestCaseKeyword.groovy:81)
	at com.kms.katalon.core.keyword.builtin.CallTestCaseKeyword.execute(CallTestCaseKeyword.groovy:44)
	at com.kms.katalon.core.keyword.internal.KeywordExecutor.executeKeywordForPlatform(KeywordExecutor.groovy:72)
	at com.kms.katalon.core.keyword.BuiltinKeywords.callTestCase(BuiltinKeywords.groovy:334)
	at WebOffice_Consumer_Search.run(WebOffice_Consumer_Search:57)
	at com.kms.katalon.core.main.ScriptEngine.run(ScriptEngine.java:194)
	at com.kms.katalon.core.main.ScriptEngine.runScriptAsRawText(ScriptEngine.java:119)
	at com.kms.katalon.core.main.TestCaseExecutor.runScript(TestCaseExecutor.java:337)
	at com.kms.katalon.core.main.TestCaseExecutor.doExecute(TestCaseExecutor.java:328)
	at com.kms.katalon.core.main.TestCaseExecutor.processExecutionPhase(TestCaseExecutor.java:307)
	at com.kms.katalon.core.main.TestCaseExecutor.accessMainPhase(TestCaseExecutor.java:299)
	at com.kms.katalon.core.main.TestCaseExecutor.execute(TestCaseExecutor.java:233)
	at com.kms.katalon.core.main.TestSuiteExecutor.accessTestCaseMainPhase(TestSuiteExecutor.java:169)
	at com.kms.katalon.core.main.TestSuiteExecutor.accessTestSuiteMainPhase(TestSuiteExecutor.java:142)
	at com.kms.katalon.core.main.TestSuiteExecutor.execute(TestSuiteExecutor.java:91)
	at com.kms.katalon.core.main.TestCaseMain.startTestSuite(TestCaseMain.java:157)
	at com.kms.katalon.core.main.TestCaseMain$startTestSuite$0.call(Unknown Source)
	at TempTestSuite1579855002070.run(TempTestSuite1579855002070.groovy:36)
)
	at com.kms.katalon.core.keyword.internal.KeywordMain.stepFailed(KeywordMain.groovy:39)
	at com.kms.katalon.core.webui.keyword.internal.WebUIKeywordMain.stepFailed(WebUIKeywordMain.groovy:64)
	at com.kms.katalon.core.webui.keyword.builtin.VerifyTextPresentKeyword$_verifyTextPresent_closure1.doCall(VerifyTextPresentKeyword.groovy:79)
	at com.kms.katalon.core.webui.keyword.builtin.VerifyTextPresentKeyword$_verifyTextPresent_closure1.call(VerifyTextPresentKeyword.groovy)
	at com.kms.katalon.core.webui.keyword.internal.WebUIKeywordMain.runKeyword(WebUIKeywordMain.groovy:20)
	at com.kms.katalon.core.webui.keyword.builtin.VerifyTextPresentKeyword.verifyTextPresent(VerifyTextPresentKeyword.groovy:83)
	at com.kms.katalon.core.webui.keyword.builtin.VerifyTextPresentKeyword.execute(VerifyTextPresentKeyword.groovy:68)
	at com.kms.katalon.core.keyword.internal.KeywordExecutor.executeKeywordForPlatform(KeywordExecutor.groovy:72)
	at com.kms.katalon.core.webui.keyword.WebUiBuiltInKeywords.verifyTextPresent(WebUiBuiltInKeywords.groovy:1693)
	at com.kms.katalon.core.webui.keyword.WebUiBuiltInKeywords$verifyTextPresent$2.call(Unknown Source)
	at WebOffice_StartUp.run(WebOffice_StartUp:152)
	at com.kms.katalon.core.main.ScriptEngine.run(ScriptEngine.java:194)
	at com.kms.katalon.core.main.ScriptEngine.runScriptAsRawText(ScriptEngine.java:119)
	at com.kms.katalon.core.main.TestCaseExecutor.runScript(TestCaseExecutor.java:337)
	at com.kms.katalon.core.main.TestCaseExecutor.doExecute(TestCaseExecutor.java:328)
	at com.kms.katalon.core.main.TestCaseExecutor.processExecutionPhase(TestCaseExecutor.java:307)
	at com.kms.katalon.core.main.TestCaseExecutor.accessMainPhase(TestCaseExecutor.java:299)
	at com.kms.katalon.core.main.TestCaseExecutor.execute(TestCaseExecutor.java:233)
	at com.kms.katalon.core.main.TestCaseMain.runTestCase(TestCaseMain.java:114)
	at com.kms.katalon.core.keyword.builtin.CallTestCaseKeyword$_callTestCase_closure1.doCall(CallTestCaseKeyword.groovy:59)
	at com.kms.katalon.core.keyword.builtin.CallTestCaseKeyword$_callTestCase_closure1.call(CallTestCaseKeyword.groovy)
	at com.kms.katalon.core.keyword.internal.KeywordMain.runKeyword(KeywordMain.groovy:68)
	at com.kms.katalon.core.keyword.builtin.CallTestCaseKeyword.callTestCase(CallTestCaseKeyword.groovy:81)
	at com.kms.katalon.core.keyword.builtin.CallTestCaseKeyword.execute(CallTestCaseKeyword.groovy:44)
	at com.kms.katalon.core.keyword.internal.KeywordExecutor.executeKeywordForPlatform(KeywordExecutor.groovy:72)
	at com.kms.katalon.core.keyword.BuiltinKeywords.callTestCase(BuiltinKeywords.groovy:334)
	at WebOffice_Consumer_Search.run(WebOffice_Consumer_Search:57)
	at com.kms.katalon.core.main.ScriptEngine.run(ScriptEngine.java:194)
	at com.kms.katalon.core.main.ScriptEngine.runScriptAsRawText(ScriptEngine.java:119)
	at com.kms.katalon.core.main.TestCaseExecutor.runScript(TestCaseExecutor.java:337)
	at com.kms.katalon.core.main.TestCaseExecutor.doExecute(TestCaseExecutor.java:328)
	at com.kms.katalon.core.main.TestCaseExecutor.processExecutionPhase(TestCaseExecutor.java:307)
	at com.kms.katalon.core.main.TestCaseExecutor.accessMainPhase(TestCaseExecutor.java:299)
	at com.kms.katalon.core.main.TestCaseExecutor.execute(TestCaseExecutor.java:233)
	at com.kms.katalon.core.main.TestSuiteExecutor.accessTestCaseMainPhase(TestSuiteExecutor.java:169)
	at com.kms.katalon.core.main.TestSuiteExecutor.accessTestSuiteMainPhase(TestSuiteExecutor.java:142)
	at com.kms.katalon.core.main.TestSuiteExecutor.execute(TestSuiteExecutor.java:91)
	at com.kms.katalon.core.main.TestCaseMain.startTestSuite(TestCaseMain.java:157)
	at com.kms.katalon.core.main.TestCaseMain$startTestSuite$0.call(Unknown Source)
	at TempTestSuite1579855002070.run(TempTestSuite1579855002070.groovy:36)
Caused by: com.kms.katalon.core.exception.StepFailedException: Text 'Welcome check1234' is not present on page 
	... 39 more


2020-01-24 08:47:10 - [TEST_STEP][PASSED] - if (URL == "https://www.preview.checkatrade.com/"): null

2020-01-24 08:47:10 - [TEST_STEP][PASSED] - WebOfficeURL = "https://admin.preview.checkatrade.com/": null

2020-01-24 08:47:10 - [TEST_STEP][PASSED] - if (URL == "https://www.checkatrade.com/"): null

2020-01-24 08:47:10 - [TEST_STEP][PASSED] - "Set Function Area for "URL_Handler", URL Resolution": null

2020-01-24 08:47:10 - [TEST_STEP][PASSED] - "Do Some Magic with URL(s) See the comments within URL Handler ": null

2020-01-24 08:47:10 - [TEST_STEP][PASSED] - "------------------------------------------------": null

2020-01-24 08:47:10 - [TEST_STEP][PASSED] - "Moved Login Credentials to <Default> profile 22/01/2020": null

2020-01-24 08:47:10 - [TEST_STEP][PASSED] - "------------------------------------------------": null

2020-01-24 08:47:10 - [TEST_STEP][PASSED] - "WebOfficeURL - Set from the ENVIRONMENT PROFILE ": null

2020-01-24 08:47:10 - [TEST_STEP][PASSED] - "OPEN BROWSER": null

2020-01-24 08:47:10 - [TEST_STEP][PASSED] - "eg - https://admin.preview.checkatrade.com/  ": null

2020-01-24 08:47:10 - [TEST_STEP][PASSED] - openBrowser(WebOfficeURL): Browser is opened with url: 'https://admin.preview.checkatrade.com/'

2020-01-24 08:47:11 - [MESSAGE][INFO] - Starting 'Chrome' driver

2020-01-24 08:47:11 - [MESSAGE][INFO] - Action delay is set to 0 seconds

2020-01-24 08:47:18 - [MESSAGE][PASSED] - Browser is opened with url: 'https://admin.preview.checkatrade.com/'

2020-01-24 08:47:18 - [TEST_STEP][PASSED] - maximizeWindow(): Current window maximized

2020-01-24 08:47:22 - [MESSAGE][PASSED] - Current window maximized

2020-01-24 08:47:22 - [TEST_STEP][PASSED] - waitForElementClickable(findTestObject("Object Repository/WebOffice/Page_Checkatrade - Administration - Login/Login_Button"), 25): Object 'Object Repository/WebOffice/Page_Checkatrade - Administration - Login/Login_Button' is clickable

2020-01-24 08:47:23 - [MESSAGE][PASSED] - Object 'Object Repository/WebOffice/Page_Checkatrade - Administration - Login/Login_Button' is clickable

2020-01-24 08:47:23 - [TEST_STEP][PASSED] - verifyTextPresent("Checkatrade Web Office", false): Text 'Checkatrade Web Office' is present on page 

2020-01-24 08:47:23 - [MESSAGE][PASSED] - Text 'Checkatrade Web Office' is present on page 

2020-01-24 08:47:23 - [TEST_STEP][PASSED] - verifyTextPresent("Access for staff use only", false): Text 'Access for staff use only' is present on page 

2020-01-24 08:47:23 - [MESSAGE][PASSED] - Text 'Access for staff use only' is present on page 

2020-01-24 08:47:23 - [TEST_STEP][PASSED] - verifyTextPresent("Forgotten password?", false): Text 'Forgotten password?' is present on page 

2020-01-24 08:47:23 - [MESSAGE][PASSED] - Text 'Forgotten password?' is present on page 

2020-01-24 08:47:23 - [TEST_STEP][PASSED] - setText(findTestObject("Object Repository/WebOffice/Page_Checkatrade - Administration - Login/input_Username_LoginControlUserName"), wo_Username): Text 'DavidHo' is set on object 'Object Repository/WebOffice/Page_Checkatrade - Administration - Login/input_Username_LoginControlUserName'

2020-01-24 08:47:23 - [MESSAGE][PASSED] - Text 'DavidHo' is set on object 'Object Repository/WebOffice/Page_Checkatrade - Administration - Login/input_Username_LoginControlUserName'

2020-01-24 08:47:23 - [TEST_STEP][PASSED] - setText(findTestObject("Object Repository/WebOffice/Page_Checkatrade - Administration - Login/input_Password_LoginControlPassword"), wo_Password): Text 'Check123' is set on object 'Object Repository/WebOffice/Page_Checkatrade - Administration - Login/input_Password_LoginControlPassword'

2020-01-24 08:47:24 - [MESSAGE][PASSED] - Text 'Check123' is set on object 'Object Repository/WebOffice/Page_Checkatrade - Administration - Login/input_Password_LoginControlPassword'

2020-01-24 08:47:24 - [TEST_STEP][PASSED] - click(findTestObject("Object Repository/WebOffice/Page_Checkatrade - Administration - Login/Login_Button")): Object: 'Object Repository/WebOffice/Page_Checkatrade - Administration - Login/Login_Button' is clicked on

2020-01-24 08:47:25 - [MESSAGE][PASSED] - Object: 'Object Repository/WebOffice/Page_Checkatrade - Administration - Login/Login_Button' is clicked on

2020-01-24 08:47:25 - [TEST_STEP][PASSED] - waitForPageLoad(60): Wait for page load successfully

2020-01-24 08:47:25 - [MESSAGE][PASSED] - Wait for page load successfully

2020-01-24 08:47:25 - [TEST_STEP][FAILED] - verifyTextPresent("Welcome " + Username, false): Text 'Welcome check1234' is not present on page  (Root cause: com.kms.katalon.core.exception.StepFailedException: Text 'Welcome check1234' is not present on page 
	at com.kms.katalon.core.webui.keyword.internal.WebUIKeywordMain.stepFailed(WebUIKeywordMain.groovy:64)
	at com.kms.katalon.core.webui.keyword.builtin.VerifyTextPresentKeyword$_verifyTextPresent_closure1.doCall(VerifyTextPresentKeyword.groovy:79)
	at com.kms.katalon.core.webui.keyword.builtin.VerifyTextPresentKeyword$_verifyTextPresent_closure1.call(VerifyTextPresentKeyword.groovy)
	at com.kms.katalon.core.webui.keyword.internal.WebUIKeywordMain.runKeyword(WebUIKeywordMain.groovy:20)
	at com.kms.katalon.core.webui.keyword.builtin.VerifyTextPresentKeyword.verifyTextPresent(VerifyTextPresentKeyword.groovy:83)
	at com.kms.katalon.core.webui.keyword.builtin.VerifyTextPresentKeyword.execute(VerifyTextPresentKeyword.groovy:68)
	at com.kms.katalon.core.keyword.internal.KeywordExecutor.executeKeywordForPlatform(KeywordExecutor.groovy:72)
	at com.kms.katalon.core.webui.keyword.WebUiBuiltInKeywords.verifyTextPresent(WebUiBuiltInKeywords.groovy:1693)
	at com.kms.katalon.core.webui.keyword.WebUiBuiltInKeywords$verifyTextPresent$2.call(Unknown Source)
	at WebOffice_StartUp.run(WebOffice_StartUp:152)
	at com.kms.katalon.core.main.ScriptEngine.run(ScriptEngine.java:194)
	at com.kms.katalon.core.main.ScriptEngine.runScriptAsRawText(ScriptEngine.java:119)
	at com.kms.katalon.core.main.TestCaseExecutor.runScript(TestCaseExecutor.java:337)
	at com.kms.katalon.core.main.TestCaseExecutor.doExecute(TestCaseExecutor.java:328)
	at com.kms.katalon.core.main.TestCaseExecutor.processExecutionPhase(TestCaseExecutor.java:307)
	at com.kms.katalon.core.main.TestCaseExecutor.accessMainPhase(TestCaseExecutor.java:299)
	at com.kms.katalon.core.main.TestCaseExecutor.execute(TestCaseExecutor.java:233)
	at com.kms.katalon.core.main.TestCaseMain.runTestCase(TestCaseMain.java:114)
	at com.kms.katalon.core.keyword.builtin.CallTestCaseKeyword$_callTestCase_closure1.doCall(CallTestCaseKeyword.groovy:59)
	at com.kms.katalon.core.keyword.builtin.CallTestCaseKeyword$_callTestCase_closure1.call(CallTestCaseKeyword.groovy)
	at com.kms.katalon.core.keyword.internal.KeywordMain.runKeyword(KeywordMain.groovy:68)
	at com.kms.katalon.core.keyword.builtin.CallTestCaseKeyword.callTestCase(CallTestCaseKeyword.groovy:81)
	at com.kms.katalon.core.keyword.builtin.CallTestCaseKeyword.execute(CallTestCaseKeyword.groovy:44)
	at com.kms.katalon.core.keyword.internal.KeywordExecutor.executeKeywordForPlatform(KeywordExecutor.groovy:72)
	at com.kms.katalon.core.keyword.BuiltinKeywords.callTestCase(BuiltinKeywords.groovy:334)
	at WebOffice_Consumer_Search.run(WebOffice_Consumer_Search:57)
	at com.kms.katalon.core.main.ScriptEngine.run(ScriptEngine.java:194)
	at com.kms.katalon.core.main.ScriptEngine.runScriptAsRawText(ScriptEngine.java:119)
	at com.kms.katalon.core.main.TestCaseExecutor.runScript(TestCaseExecutor.java:337)
	at com.kms.katalon.core.main.TestCaseExecutor.doExecute(TestCaseExecutor.java:328)
	at com.kms.katalon.core.main.TestCaseExecutor.processExecutionPhase(TestCaseExecutor.java:307)
	at com.kms.katalon.core.main.TestCaseExecutor.accessMainPhase(TestCaseExecutor.java:299)
	at com.kms.katalon.core.main.TestCaseExecutor.execute(TestCaseExecutor.java:233)
	at com.kms.katalon.core.main.TestSuiteExecutor.accessTestCaseMainPhase(TestSuiteExecutor.java:169)
	at com.kms.katalon.core.main.TestSuiteExecutor.accessTestSuiteMainPhase(TestSuiteExecutor.java:142)
	at com.kms.katalon.core.main.TestSuiteExecutor.execute(TestSuiteExecutor.java:91)
	at com.kms.katalon.core.main.TestCaseMain.startTestSuite(TestCaseMain.java:157)
	at com.kms.katalon.core.main.TestCaseMain$startTestSuite$0.call(Unknown Source)
	at TempTestSuite1579855002070.run(TempTestSuite1579855002070.groovy:36)
)

2020-01-24 08:47:25 - [MESSAGE][FAILED] - Text 'Welcome check1234' is not present on page  (Root cause: com.kms.katalon.core.exception.StepFailedException: Text 'Welcome check1234' is not present on page 
	at com.kms.katalon.core.webui.keyword.internal.WebUIKeywordMain.stepFailed(WebUIKeywordMain.groovy:64)
	at com.kms.katalon.core.webui.keyword.builtin.VerifyTextPresentKeyword$_verifyTextPresent_closure1.doCall(VerifyTextPresentKeyword.groovy:79)
	at com.kms.katalon.core.webui.keyword.builtin.VerifyTextPresentKeyword$_verifyTextPresent_closure1.call(VerifyTextPresentKeyword.groovy)
	at com.kms.katalon.core.webui.keyword.internal.WebUIKeywordMain.runKeyword(WebUIKeywordMain.groovy:20)
	at com.kms.katalon.core.webui.keyword.builtin.VerifyTextPresentKeyword.verifyTextPresent(VerifyTextPresentKeyword.groovy:83)
	at com.kms.katalon.core.webui.keyword.builtin.VerifyTextPresentKeyword.execute(VerifyTextPresentKeyword.groovy:68)
	at com.kms.katalon.core.keyword.internal.KeywordExecutor.executeKeywordForPlatform(KeywordExecutor.groovy:72)
	at com.kms.katalon.core.webui.keyword.WebUiBuiltInKeywords.verifyTextPresent(WebUiBuiltInKeywords.groovy:1693)
	at com.kms.katalon.core.webui.keyword.WebUiBuiltInKeywords$verifyTextPresent$2.call(Unknown Source)
	at WebOffice_StartUp.run(WebOffice_StartUp:152)
	at com.kms.katalon.core.main.ScriptEngine.run(ScriptEngine.java:194)
	at com.kms.katalon.core.main.ScriptEngine.runScriptAsRawText(ScriptEngine.java:119)
	at com.kms.katalon.core.main.TestCaseExecutor.runScript(TestCaseExecutor.java:337)
	at com.kms.katalon.core.main.TestCaseExecutor.doExecute(TestCaseExecutor.java:328)
	at com.kms.katalon.core.main.TestCaseExecutor.processExecutionPhase(TestCaseExecutor.java:307)
	at com.kms.katalon.core.main.TestCaseExecutor.accessMainPhase(TestCaseExecutor.java:299)
	at com.kms.katalon.core.main.TestCaseExecutor.execute(TestCaseExecutor.java:233)
	at com.kms.katalon.core.main.TestCaseMain.runTestCase(TestCaseMain.java:114)
	at com.kms.katalon.core.keyword.builtin.CallTestCaseKeyword$_callTestCase_closure1.doCall(CallTestCaseKeyword.groovy:59)
	at com.kms.katalon.core.keyword.builtin.CallTestCaseKeyword$_callTestCase_closure1.call(CallTestCaseKeyword.groovy)
	at com.kms.katalon.core.keyword.internal.KeywordMain.runKeyword(KeywordMain.groovy:68)
	at com.kms.katalon.core.keyword.builtin.CallTestCaseKeyword.callTestCase(CallTestCaseKeyword.groovy:81)
	at com.kms.katalon.core.keyword.builtin.CallTestCaseKeyword.execute(CallTestCaseKeyword.groovy:44)
	at com.kms.katalon.core.keyword.internal.KeywordExecutor.executeKeywordForPlatform(KeywordExecutor.groovy:72)
	at com.kms.katalon.core.keyword.BuiltinKeywords.callTestCase(BuiltinKeywords.groovy:334)
	at WebOffice_Consumer_Search.run(WebOffice_Consumer_Search:57)
	at com.kms.katalon.core.main.ScriptEngine.run(ScriptEngine.java:194)
	at com.kms.katalon.core.main.ScriptEngine.runScriptAsRawText(ScriptEngine.java:119)
	at com.kms.katalon.core.main.TestCaseExecutor.runScript(TestCaseExecutor.java:337)
	at com.kms.katalon.core.main.TestCaseExecutor.doExecute(TestCaseExecutor.java:328)
	at com.kms.katalon.core.main.TestCaseExecutor.processExecutionPhase(TestCaseExecutor.java:307)
	at com.kms.katalon.core.main.TestCaseExecutor.accessMainPhase(TestCaseExecutor.java:299)
	at com.kms.katalon.core.main.TestCaseExecutor.execute(TestCaseExecutor.java:233)
	at com.kms.katalon.core.main.TestSuiteExecutor.accessTestCaseMainPhase(TestSuiteExecutor.java:169)
	at com.kms.katalon.core.main.TestSuiteExecutor.accessTestSuiteMainPhase(TestSuiteExecutor.java:142)
	at com.kms.katalon.core.main.TestSuiteExecutor.execute(TestSuiteExecutor.java:91)
	at com.kms.katalon.core.main.TestCaseMain.startTestSuite(TestCaseMain.java:157)
	at com.kms.katalon.core.main.TestCaseMain$startTestSuite$0.call(Unknown Source)
	at TempTestSuite1579855002070.run(TempTestSuite1579855002070.groovy:36)
)

2020-01-24 08:47:25 - [MESSAGE][WARNING] - Unable to call Test Case 'Test Cases/Reusable_Test_Sequences/Web_Office/Directives/WebOffice_StartUp' (Root cause: com.kms.katalon.core.exception.StepFailedException: Call Test Case 'Test Cases/Reusable_Test_Sequences/Web_Office/Directives/WebOffice_StartUp' failed
	at com.kms.katalon.core.keyword.builtin.CallTestCaseKeyword$_callTestCase_closure1.doCall(CallTestCaseKeyword.groovy:63)
	at com.kms.katalon.core.keyword.builtin.CallTestCaseKeyword$_callTestCase_closure1.call(CallTestCaseKeyword.groovy)
	at com.kms.katalon.core.keyword.internal.KeywordMain.runKeyword(KeywordMain.groovy:68)
	at com.kms.katalon.core.keyword.builtin.CallTestCaseKeyword.callTestCase(CallTestCaseKeyword.groovy:81)
	at com.kms.katalon.core.keyword.builtin.CallTestCaseKeyword.execute(CallTestCaseKeyword.groovy:44)
	at com.kms.katalon.core.keyword.internal.KeywordExecutor.executeKeywordForPlatform(KeywordExecutor.groovy:72)
	at com.kms.katalon.core.keyword.BuiltinKeywords.callTestCase(BuiltinKeywords.groovy:334)
	at WebOffice_Consumer_Search.run(WebOffice_Consumer_Search:57)
	at com.kms.katalon.core.main.ScriptEngine.run(ScriptEngine.java:194)
	at com.kms.katalon.core.main.ScriptEngine.runScriptAsRawText(ScriptEngine.java:119)
	at com.kms.katalon.core.main.TestCaseExecutor.runScript(TestCaseExecutor.java:337)
	at com.kms.katalon.core.main.TestCaseExecutor.doExecute(TestCaseExecutor.java:328)
	at com.kms.katalon.core.main.TestCaseExecutor.processExecutionPhase(TestCaseExecutor.java:307)
	at com.kms.katalon.core.main.TestCaseExecutor.accessMainPhase(TestCaseExecutor.java:299)
	at com.kms.katalon.core.main.TestCaseExecutor.execute(TestCaseExecutor.java:233)
	at com.kms.katalon.core.main.TestSuiteExecutor.accessTestCaseMainPhase(TestSuiteExecutor.java:169)
	at com.kms.katalon.core.main.TestSuiteExecutor.accessTestSuiteMainPhase(TestSuiteExecutor.java:142)
	at com.kms.katalon.core.main.TestSuiteExecutor.execute(TestSuiteExecutor.java:91)
	at com.kms.katalon.core.main.TestCaseMain.startTestSuite(TestCaseMain.java:157)
	at com.kms.katalon.core.main.TestCaseMain$startTestSuite$0.call(Unknown Source)
	at TempTestSuite1579855002070.run(TempTestSuite1579855002070.groovy:36)
Caused by: com.kms.katalon.core.exception.StepFailedException: Text 'Welcome check1234' is not present on page  (Root cause: com.kms.katalon.core.exception.StepFailedException: Text 'Welcome check1234' is not present on page 
	at com.kms.katalon.core.webui.keyword.internal.WebUIKeywordMain.stepFailed(WebUIKeywordMain.groovy:64)
	at com.kms.katalon.core.webui.keyword.builtin.VerifyTextPresentKeyword$_verifyTextPresent_closure1.doCall(VerifyTextPresentKeyword.groovy:79)
	at com.kms.katalon.core.webui.keyword.builtin.VerifyTextPresentKeyword$_verifyTextPresent_closure1.call(VerifyTextPresentKeyword.groovy)
	at com.kms.katalon.core.webui.keyword.internal.WebUIKeywordMain.runKeyword(WebUIKeywordMain.groovy:20)
	at com.kms.katalon.core.webui.keyword.builtin.VerifyTextPresentKeyword.verifyTextPresent(VerifyTextPresentKeyword.groovy:83)
	at com.kms.katalon.core.webui.keyword.builtin.VerifyTextPresentKeyword.execute(VerifyTextPresentKeyword.groovy:68)
	at com.kms.katalon.core.keyword.internal.KeywordExecutor.executeKeywordForPlatform(KeywordExecutor.groovy:72)
	at com.kms.katalon.core.webui.keyword.WebUiBuiltInKeywords.verifyTextPresent(WebUiBuiltInKeywords.groovy:1693)
	at com.kms.katalon.core.webui.keyword.WebUiBuiltInKeywords$verifyTextPresent$2.call(Unknown Source)
	at WebOffice_StartUp.run(WebOffice_StartUp:152)
	at com.kms.katalon.core.main.ScriptEngine.run(ScriptEngine.java:194)
	at com.kms.katalon.core.main.ScriptEngine.runScriptAsRawText(ScriptEngine.java:119)
	at com.kms.katalon.core.main.TestCaseExecutor.runScript(TestCaseExecutor.java:337)
	at com.kms.katalon.core.main.TestCaseExecutor.doExecute(TestCaseExecutor.java:328)
	at com.kms.katalon.core.main.TestCaseExecutor.processExecutionPhase(TestCaseExecutor.java:307)
	at com.kms.katalon.core.main.TestCaseExecutor.accessMainPhase(TestCaseExecutor.java:299)
	at com.kms.katalon.core.main.TestCaseExecutor.execute(TestCaseExecutor.java:233)
	at com.kms.katalon.core.main.TestCaseMain.runTestCase(TestCaseMain.java:114)
	at com.kms.katalon.core.keyword.builtin.CallTestCaseKeyword$_callTestCase_closure1.doCall(CallTestCaseKeyword.groovy:59)
	at com.kms.katalon.core.keyword.builtin.CallTestCaseKeyword$_callTestCase_closure1.call(CallTestCaseKeyword.groovy)
	at com.kms.katalon.core.keyword.internal.KeywordMain.runKeyword(KeywordMain.groovy:68)
	at com.kms.katalon.core.keyword.builtin.CallTestCaseKeyword.callTestCase(CallTestCaseKeyword.groovy:81)
	at com.kms.katalon.core.keyword.builtin.CallTestCaseKeyword.execute(CallTestCaseKeyword.groovy:44)
	at com.kms.katalon.core.keyword.internal.KeywordExecutor.executeKeywordForPlatform(KeywordExecutor.groovy:72)
	at com.kms.katalon.core.keyword.BuiltinKeywords.callTestCase(BuiltinKeywords.groovy:334)
	at WebOffice_Consumer_Search.run(WebOffice_Consumer_Search:57)
	at com.kms.katalon.core.main.ScriptEngine.run(ScriptEngine.java:194)
	at com.kms.katalon.core.main.ScriptEngine.runScriptAsRawText(ScriptEngine.java:119)
	at com.kms.katalon.core.main.TestCaseExecutor.runScript(TestCaseExecutor.java:337)
	at com.kms.katalon.core.main.TestCaseExecutor.doExecute(TestCaseExecutor.java:328)
	at com.kms.katalon.core.main.TestCaseExecutor.processExecutionPhase(TestCaseExecutor.java:307)
	at com.kms.katalon.core.main.TestCaseExecutor.accessMainPhase(TestCaseExecutor.java:299)
	at com.kms.katalon.core.main.TestCaseExecutor.execute(TestCaseExecutor.java:233)
	at com.kms.katalon.core.main.TestSuiteExecutor.accessTestCaseMainPhase(TestSuiteExecutor.java:169)
	at com.kms.katalon.core.main.TestSuiteExecutor.accessTestSuiteMainPhase(TestSuiteExecutor.java:142)
	at com.kms.katalon.core.main.TestSuiteExecutor.execute(TestSuiteExecutor.java:91)
	at com.kms.katalon.core.main.TestCaseMain.startTestSuite(TestCaseMain.java:157)
	at com.kms.katalon.core.main.TestCaseMain$startTestSuite$0.call(Unknown Source)
	at TempTestSuite1579855002070.run(TempTestSuite1579855002070.groovy:36)
)
	at com.kms.katalon.core.keyword.internal.KeywordMain.stepFailed(KeywordMain.groovy:39)
	at com.kms.katalon.core.webui.keyword.internal.WebUIKeywordMain.stepFailed(WebUIKeywordMain.groovy:64)
	at com.kms.katalon.core.webui.keyword.builtin.VerifyTextPresentKeyword$_verifyTextPresent_closure1.doCall(VerifyTextPresentKeyword.groovy:79)
	at com.kms.katalon.core.webui.keyword.builtin.VerifyTextPresentKeyword$_verifyTextPresent_closure1.call(VerifyTextPresentKeyword.groovy)
	at com.kms.katalon.core.webui.keyword.internal.WebUIKeywordMain.runKeyword(WebUIKeywordMain.groovy:20)
	at com.kms.katalon.core.webui.keyword.builtin.VerifyTextPresentKeyword.verifyTextPresent(VerifyTextPresentKeyword.groovy:83)
	at com.kms.katalon.core.webui.keyword.builtin.VerifyTextPresentKeyword.execute(VerifyTextPresentKeyword.groovy:68)
	at com.kms.katalon.core.keyword.internal.KeywordExecutor.executeKeywordForPlatform(KeywordExecutor.groovy:72)
	at com.kms.katalon.core.webui.keyword.WebUiBuiltInKeywords.verifyTextPresent(WebUiBuiltInKeywords.groovy:1693)
	at com.kms.katalon.core.webui.keyword.WebUiBuiltInKeywords$verifyTextPresent$2.call(Unknown Source)
	at WebOffice_StartUp.run(WebOffice_StartUp:152)
	at com.kms.katalon.core.main.ScriptEngine.run(ScriptEngine.java:194)
	at com.kms.katalon.core.main.ScriptEngine.runScriptAsRawText(ScriptEngine.java:119)
	at com.kms.katalon.core.main.TestCaseExecutor.runScript(TestCaseExecutor.java:337)
	at com.kms.katalon.core.main.TestCaseExecutor.doExecute(TestCaseExecutor.java:328)
	at com.kms.katalon.core.main.TestCaseExecutor.processExecutionPhase(TestCaseExecutor.java:307)
	at com.kms.katalon.core.main.TestCaseExecutor.accessMainPhase(TestCaseExecutor.java:299)
	at com.kms.katalon.core.main.TestCaseExecutor.execute(TestCaseExecutor.java:233)
	at com.kms.katalon.core.main.TestCaseMain.runTestCase(TestCaseMain.java:114)
	at com.kms.katalon.core.keyword.builtin.CallTestCaseKeyword$_callTestCase_closure1.doCall(CallTestCaseKeyword.groovy:59)
	... 20 more
Caused by: com.kms.katalon.core.exception.StepFailedException: Text 'Welcome check1234' is not present on page 
	... 39 more
)

2020-01-24 08:47:25 - [TEST_STEP][PASSED] - "--------------------------------------": null

2020-01-24 08:47:25 - [TEST_STEP][PASSED] - " Navigate to <Consumer> Menu Item     |": null

2020-01-24 08:47:25 - [TEST_STEP][PASSED] - callTestCase(findTestCase("Reusable_Test_Sequences/Web_Office/navigation/Navigate_Consumers"), [:], OPTIONAL): Call Test Case 'Test Cases/Reusable_Test_Sequences/Web_Office/navigation/Navigate_Consumers' successfully

2020-01-24 08:47:25 - [TEST_CASE][PASSED] - Test Cases/Reusable_Test_Sequences/Web_Office/navigation/Navigate_Consumers: Test Cases/Reusable_Test_Sequences/Web_Office/navigation/Navigate_Consumers

2020-01-24 08:47:26 - [TEST_STEP][PASSED] - "--------------------------------------": null

2020-01-24 08:47:26 - [TEST_STEP][PASSED] - " Navigate Top level menu Item         |": null

2020-01-24 08:47:26 - [TEST_STEP][PASSED] - waitForPageLoad(60): Wait for page load successfully

2020-01-24 08:47:26 - [MESSAGE][PASSED] - Wait for page load successfully

2020-01-24 08:47:26 - [TEST_STEP][PASSED] - waitForElementClickable(findTestObject("Object Repository/WebOffice_Home_page/a_Consumers"), 60): Object 'Object Repository/WebOffice_Home_page/a_Consumers' is clickable

2020-01-24 08:47:26 - [MESSAGE][PASSED] - Object 'Object Repository/WebOffice_Home_page/a_Consumers' is clickable

2020-01-24 08:47:26 - [TEST_STEP][PASSED] - click(findTestObject("Object Repository/WebOffice_Home_page/a_Consumers")): Object: 'Object Repository/WebOffice_Home_page/a_Consumers' is clicked on

2020-01-24 08:47:27 - [MESSAGE][PASSED] - Object: 'Object Repository/WebOffice_Home_page/a_Consumers' is clicked on

2020-01-24 08:47:27 - [MESSAGE][PASSED] - Call Test Case 'Test Cases/Reusable_Test_Sequences/Web_Office/navigation/Navigate_Consumers' successfully

2020-01-24 08:47:27 - [TEST_STEP][PASSED] - "--------------------------------------": null

2020-01-24 08:47:27 - [TEST_STEP][PASSED] - " LH Pane  - Apply Search Criteria     |": null

2020-01-24 08:47:27 - [TEST_STEP][PASSED] - callTestCase(findTestCase("Reusable_Test_Sequences/Web_Office/Actions/Set_Consumer_Data"), [:], OPTIONAL): Call Test Case 'Test Cases/Reusable_Test_Sequences/Web_Office/Actions/Set_Consumer_Data' successfully

2020-01-24 08:47:27 - [TEST_CASE][PASSED] - Test Cases/Reusable_Test_Sequences/Web_Office/Actions/Set_Consumer_Data: Test Cases/Reusable_Test_Sequences/Web_Office/Actions/Set_Consumer_Data

2020-01-24 08:47:27 - [TEST_STEP][PASSED] - "--------------------------------": null

2020-01-24 08:47:27 - [TEST_STEP][PASSED] - "Read data from spreadsheet      |": null

2020-01-24 08:47:27 - [TEST_STEP][PASSED] - data = findTestData("Data Files/Consumer_Data (1)"): null

2020-01-24 08:47:27 - [TEST_STEP][PASSED] - Forename = data.getValue("Forename", row): null

2020-01-24 08:47:27 - [TEST_STEP][PASSED] - Surname = data.getValue("Surname", row): null

2020-01-24 08:47:27 - [TEST_STEP][PASSED] - Mobile = data.getValue("Mobile", row): null

2020-01-24 08:47:27 - [TEST_STEP][PASSED] - Email = data.getValue("Email", row): null

2020-01-24 08:47:27 - [TEST_STEP][PASSED] - House = data.getValue("House", row): null

2020-01-24 08:47:27 - [TEST_STEP][PASSED] - Street = data.getValue("Street", row): null

2020-01-24 08:47:27 - [TEST_STEP][PASSED] - Town = data.getValue("Town", row): null

2020-01-24 08:47:27 - [TEST_STEP][PASSED] - City = data.getValue("City", row): null

2020-01-24 08:47:27 - [TEST_STEP][PASSED] - County = data.getValue("County", row): null

2020-01-24 08:47:27 - [TEST_STEP][PASSED] - Postcode = data.getValue("Postcode", row): null

2020-01-24 08:47:27 - [TEST_STEP][PASSED] - Phone = data.getValue("Phone", row): null

2020-01-24 08:47:27 - [TEST_STEP][PASSED] - Status = data.getValue("Status", row): null

2020-01-24 08:47:27 - [TEST_STEP][PASSED] - Type = data.getValue("Type", row): null

2020-01-24 08:47:28 - [TEST_STEP][PASSED] - Consumer_ID = data.getValue("Consumer_ID", row): null

2020-01-24 08:47:28 - [TEST_STEP][PASSED] - "--------------------------------": null

2020-01-24 08:47:28 - [TEST_STEP][PASSED] - "Read data from spreadsheet      |": null

2020-01-24 08:47:28 - [TEST_STEP][PASSED] - "--------------------------------": null

2020-01-24 08:47:28 - [TEST_STEP][PASSED] - "--------------------------------": null

2020-01-24 08:47:28 - [TEST_STEP][PASSED] - " Synchronisation                |": null

2020-01-24 08:47:28 - [TEST_STEP][PASSED] - waitForPageLoad(60): Wait for page load successfully

2020-01-24 08:47:28 - [MESSAGE][PASSED] - Wait for page load successfully

2020-01-24 08:47:28 - [TEST_STEP][PASSED] - waitForElementVisible(findTestObject("Object Repository/WebOffice/Consumers/Page_/input_Forename_ctl00CP1ctlSearchtbForenames"), 60): Object 'Object Repository/WebOffice/Consumers/Page_/input_Forename_ctl00CP1ctlSearchtbForenames' is visible

2020-01-24 08:47:28 - [MESSAGE][PASSED] - Object 'Object Repository/WebOffice/Consumers/Page_/input_Forename_ctl00CP1ctlSearchtbForenames' is visible

2020-01-24 08:47:28 - [TEST_STEP][PASSED] - click(findTestObject("Object Repository/WebOffice/Consumers/Page_/input_Forename_ctl00CP1ctlSearchtbForenames")): Object: 'Object Repository/WebOffice/Consumers/Page_/input_Forename_ctl00CP1ctlSearchtbForenames' is clicked on

2020-01-24 08:47:28 - [MESSAGE][PASSED] - Object: 'Object Repository/WebOffice/Consumers/Page_/input_Forename_ctl00CP1ctlSearchtbForenames' is clicked on

2020-01-24 08:47:28 - [TEST_STEP][PASSED] - "-------------------------------------------------------------------------------------------------------------------------------------": null

2020-01-24 08:47:28 - [TEST_STEP][PASSED] - setText(findTestObject("Object Repository/WebOffice/Consumers/Page_/input_Forename_ctl00CP1ctlSearchtbForenames"), Forename): Text ' ' is set on object 'Object Repository/WebOffice/Consumers/Page_/input_Forename_ctl00CP1ctlSearchtbForenames'

2020-01-24 08:47:28 - [MESSAGE][PASSED] - Text ' ' is set on object 'Object Repository/WebOffice/Consumers/Page_/input_Forename_ctl00CP1ctlSearchtbForenames'

2020-01-24 08:47:28 - [TEST_STEP][PASSED] - "-------------------------------------------------------------------------------------------------------------------------------------": null

2020-01-24 08:47:28 - [TEST_STEP][PASSED] - setText(findTestObject("Object Repository/WebOffice/Consumers/Page_/input_Surname_ctl00CP1ctlSearchtbSurname"), Surname): Text ' ' is set on object 'Object Repository/WebOffice/Consumers/Page_/input_Surname_ctl00CP1ctlSearchtbSurname'

2020-01-24 08:47:29 - [MESSAGE][PASSED] - Text ' ' is set on object 'Object Repository/WebOffice/Consumers/Page_/input_Surname_ctl00CP1ctlSearchtbSurname'

2020-01-24 08:47:29 - [TEST_STEP][PASSED] - "-------------------------------------------------------------------------------------------------------------------------------------": null

2020-01-24 08:47:29 - [TEST_STEP][PASSED] - setText(findTestObject("Object Repository/WebOffice/Consumers/Page_/input_Mobile_ctl00CP1ctlSearchtbMobile"), Mobile): Text '' is set on object 'Object Repository/WebOffice/Consumers/Page_/input_Mobile_ctl00CP1ctlSearchtbMobile'

2020-01-24 08:47:29 - [MESSAGE][PASSED] - Text '' is set on object 'Object Repository/WebOffice/Consumers/Page_/input_Mobile_ctl00CP1ctlSearchtbMobile'

2020-01-24 08:47:29 - [TEST_STEP][PASSED] - "-------------------------------------------------------------------------------------------------------------------------------------": null

2020-01-24 08:47:29 - [TEST_STEP][PASSED] - setText(findTestObject("Object Repository/WebOffice/Consumers/Page_/input_Email_ctl00CP1ctlSearchtbEmail"), Email): Text 'gordbro@gmail.com' is set on object 'Object Repository/WebOffice/Consumers/Page_/input_Email_ctl00CP1ctlSearchtbEmail'

2020-01-24 08:47:29 - [MESSAGE][PASSED] - Text 'gordbro@gmail.com' is set on object 'Object Repository/WebOffice/Consumers/Page_/input_Email_ctl00CP1ctlSearchtbEmail'

2020-01-24 08:47:29 - [TEST_STEP][PASSED] - "-------------------------------------------------------------------------------------------------------------------------------------": null

2020-01-24 08:47:29 - [TEST_STEP][PASSED] - setText(findTestObject("Object Repository/WebOffice/Consumers/Page_/input_House_ctl00CP1ctlSearchtbHouse"), House): Text '' is set on object 'Object Repository/WebOffice/Consumers/Page_/input_House_ctl00CP1ctlSearchtbHouse'

2020-01-24 08:47:29 - [MESSAGE][PASSED] - Text '' is set on object 'Object Repository/WebOffice/Consumers/Page_/input_House_ctl00CP1ctlSearchtbHouse'

2020-01-24 08:47:29 - [TEST_STEP][PASSED] - "-------------------------------------------------------------------------------------------------------------------------------------": null

2020-01-24 08:47:29 - [TEST_STEP][PASSED] - setText(findTestObject("Object Repository/WebOffice/Consumers/Page_/input_Street_ctl00CP1ctlSearchtbStreet"), Street): Text '' is set on object 'Object Repository/WebOffice/Consumers/Page_/input_Street_ctl00CP1ctlSearchtbStreet'

2020-01-24 08:47:30 - [MESSAGE][PASSED] - Text '' is set on object 'Object Repository/WebOffice/Consumers/Page_/input_Street_ctl00CP1ctlSearchtbStreet'

2020-01-24 08:47:30 - [TEST_STEP][PASSED] - "-------------------------------------------------------------------------------------------------------------------------------------": null

2020-01-24 08:47:30 - [TEST_STEP][PASSED] - setText(findTestObject("Object Repository/WebOffice/Consumers/Page_/input_Town_ctl00CP1ctlSearchtbTown"), Town): Text '' is set on object 'Object Repository/WebOffice/Consumers/Page_/input_Town_ctl00CP1ctlSearchtbTown'

2020-01-24 08:47:30 - [MESSAGE][PASSED] - Text '' is set on object 'Object Repository/WebOffice/Consumers/Page_/input_Town_ctl00CP1ctlSearchtbTown'

2020-01-24 08:47:30 - [TEST_STEP][PASSED] - "-------------------------------------------------------------------------------------------------------------------------------------": null

2020-01-24 08:47:30 - [TEST_STEP][PASSED] - setText(findTestObject("Object Repository/WebOffice/Consumers/Page_/input_City_ctl00CP1ctlSearchtbCity"), City): Text '' is set on object 'Object Repository/WebOffice/Consumers/Page_/input_City_ctl00CP1ctlSearchtbCity'

2020-01-24 08:47:30 - [MESSAGE][PASSED] - Text '' is set on object 'Object Repository/WebOffice/Consumers/Page_/input_City_ctl00CP1ctlSearchtbCity'

2020-01-24 08:47:30 - [TEST_STEP][PASSED] - "-------------------------------------------------------------------------------------------------------------------------------------": null

2020-01-24 08:47:30 - [TEST_STEP][PASSED] - setText(findTestObject("Object Repository/WebOffice/Consumers/Page_/input_County_ctl00CP1ctlSearchtbCounty"), County): Text '' is set on object 'Object Repository/WebOffice/Consumers/Page_/input_County_ctl00CP1ctlSearchtbCounty'

2020-01-24 08:47:30 - [MESSAGE][PASSED] - Text '' is set on object 'Object Repository/WebOffice/Consumers/Page_/input_County_ctl00CP1ctlSearchtbCounty'

2020-01-24 08:47:30 - [TEST_STEP][PASSED] - "-------------------------------------------------------------------------------------------------------------------------------------": null

2020-01-24 08:47:30 - [TEST_STEP][PASSED] - setText(findTestObject("Object Repository/WebOffice/Consumers/Page_/input_Postcode_ctl00CP1ctlSearchtbPostcode"), Postcode): Text '' is set on object 'Object Repository/WebOffice/Consumers/Page_/input_Postcode_ctl00CP1ctlSearchtbPostcode'

2020-01-24 08:47:31 - [MESSAGE][PASSED] - Text '' is set on object 'Object Repository/WebOffice/Consumers/Page_/input_Postcode_ctl00CP1ctlSearchtbPostcode'

2020-01-24 08:47:31 - [TEST_STEP][PASSED] - "-------------------------------------------------------------------------------------------------------------------------------------": null

2020-01-24 08:47:31 - [TEST_STEP][PASSED] - setText(findTestObject("Object Repository/WebOffice/Consumers/Page_/input_Phone_ctl00CP1ctlSearchtbTel"), Phone): Text '' is set on object 'Object Repository/WebOffice/Consumers/Page_/input_Phone_ctl00CP1ctlSearchtbTel'

2020-01-24 08:47:31 - [MESSAGE][PASSED] - Text '' is set on object 'Object Repository/WebOffice/Consumers/Page_/input_Phone_ctl00CP1ctlSearchtbTel'

2020-01-24 08:47:31 - [TEST_STEP][PASSED] - "-------------------------------------------------------------------------------------------------------------------------------------": null

2020-01-24 08:47:31 - [TEST_STEP][PASSED] - "Set Status": null

2020-01-24 08:47:31 - [TEST_STEP][PASSED] - "-------------------------------------------------------------------------------------------------------------------------------------": null

2020-01-24 08:47:31 - [TEST_STEP][PASSED] - "Status 3 Options": null

2020-01-24 08:47:31 - [TEST_STEP][PASSED] - "-------------------------------------------------------------------------------------------------------------------------------------": null

2020-01-24 08:47:31 - [TEST_STEP][PASSED] - "Set Type": null

2020-01-24 08:47:31 - [TEST_STEP][PASSED] - "-------------------------------------------------------------------------------------------------------------------------------------": null

2020-01-24 08:47:31 - [TEST_STEP][PASSED] - "Type 3 Options": null

2020-01-24 08:47:31 - [TEST_STEP][PASSED] - "-------------------------------------------------------------------------------------------------------------------------------------": null

2020-01-24 08:47:31 - [TEST_STEP][PASSED] - click(findTestObject("Object Repository/WebOffice/Consumers/Page_/input_Clear_ctl00CP1ctlSearchbtnSearch")): Object: 'Object Repository/WebOffice/Consumers/Page_/input_Clear_ctl00CP1ctlSearchbtnSearch' is clicked on

2020-01-24 08:47:31 - [MESSAGE][PASSED] - Object: 'Object Repository/WebOffice/Consumers/Page_/input_Clear_ctl00CP1ctlSearchbtnSearch' is clicked on

2020-01-24 08:47:31 - [MESSAGE][PASSED] - Call Test Case 'Test Cases/Reusable_Test_Sequences/Web_Office/Actions/Set_Consumer_Data' successfully

2020-01-24 08:47:31 - [TEST_STEP][PASSED] - "--------------------------------------": null

2020-01-24 08:47:31 - [TEST_STEP][PASSED] - " Select Returned Record to Verify     |": null

2020-01-24 08:47:31 - [TEST_STEP][PASSED] - callTestCase(findTestCase("Reusable_Test_Sequences/Web_Office/Actions/Select_Consumer"), [:], OPTIONAL): Call Test Case 'Test Cases/Reusable_Test_Sequences/Web_Office/Actions/Select_Consumer' successfully

2020-01-24 08:47:31 - [TEST_CASE][PASSED] - Test Cases/Reusable_Test_Sequences/Web_Office/Actions/Select_Consumer: Test Cases/Reusable_Test_Sequences/Web_Office/Actions/Select_Consumer

2020-01-24 08:47:32 - [TEST_STEP][PASSED] - "--------": null

2020-01-24 08:47:32 - [TEST_STEP][PASSED] - "Search  |": null

2020-01-24 08:47:32 - [TEST_STEP][PASSED] - waitForPageLoad(60): Wait for page load successfully

2020-01-24 08:47:32 - [MESSAGE][PASSED] - Wait for page load successfully

2020-01-24 08:47:32 - [TEST_STEP][PASSED] - waitForElementClickable(findTestObject("Object Repository/WO_Consumer/Page_/input_Clear_ctl00CP1ctlSearchbtnSearch"), 60): Object 'Object Repository/WO_Consumer/Page_/input_Clear_ctl00CP1ctlSearchbtnSearch' is clickable

2020-01-24 08:47:32 - [MESSAGE][PASSED] - Object 'Object Repository/WO_Consumer/Page_/input_Clear_ctl00CP1ctlSearchbtnSearch' is clickable

2020-01-24 08:47:32 - [TEST_STEP][PASSED] - click(findTestObject("Object Repository/WO_Consumer/Page_/input_Clear_ctl00CP1ctlSearchbtnSearch")): Object: 'Object Repository/WO_Consumer/Page_/input_Clear_ctl00CP1ctlSearchbtnSearch' is clicked on

2020-01-24 08:47:32 - [MESSAGE][PASSED] - Object: 'Object Repository/WO_Consumer/Page_/input_Clear_ctl00CP1ctlSearchbtnSearch' is clicked on

2020-01-24 08:47:32 - [TEST_STEP][PASSED] - delay(5): Delayed 5 second(s)

2020-01-24 08:47:37 - [MESSAGE][PASSED] - Delayed 5 second(s)

2020-01-24 08:47:37 - [TEST_STEP][PASSED] - "--------": null

2020-01-24 08:47:37 - [TEST_STEP][PASSED] - "Synch   |": null

2020-01-24 08:47:37 - [TEST_STEP][PASSED] - waitForPageLoad(120): Wait for page load successfully

2020-01-24 08:47:37 - [MESSAGE][PASSED] - Wait for page load successfully

2020-01-24 08:47:37 - [TEST_STEP][PASSED] - waitForElementClickable(findTestObject("Object Repository/WO_Consumer/Page_/a_Feedback"), 60): Object 'Object Repository/WO_Consumer/Page_/a_Feedback' is clickable

2020-01-24 08:47:41 - [MESSAGE][PASSED] - Object 'Object Repository/WO_Consumer/Page_/a_Feedback' is clickable

2020-01-24 08:47:41 - [TEST_STEP][PASSED] - "----------------------------------------": null

2020-01-24 08:47:41 - [TEST_STEP][PASSED] - "Initial Table View (Populated or Not    |": null

2020-01-24 08:47:41 - [TEST_STEP][PASSED] - "----------------------------------------": null

2020-01-24 08:47:41 - [TEST_STEP][PASSED] - "---------------------------------------------------": null

2020-01-24 08:47:41 - [TEST_STEP][PASSED] - "If Record Exists Then rocess, Otherwise Jump Over  |": null

2020-01-24 08:47:41 - [TEST_STEP][PASSED] - "---------------------------------------------------": null

2020-01-24 08:47:41 - [TEST_STEP][PASSED] - "----------------------------------------": null

2020-01-24 08:47:41 - [TEST_STEP][PASSED] - "Initial Table Return Checks": null

2020-01-24 08:47:41 - [TEST_STEP][PASSED] - "----------------------------------------": null

2020-01-24 08:47:41 - [TEST_STEP][PASSED] - "--------": null

2020-01-24 08:47:41 - [TEST_STEP][PASSED] - "Sort    |": null

2020-01-24 08:47:41 - [TEST_STEP][PASSED] - click(findTestObject("Object Repository/WO_Consumer/Page_/a_Feedback")): Object: 'Object Repository/WO_Consumer/Page_/a_Feedback' is clicked on

2020-01-24 08:47:42 - [MESSAGE][PASSED] - Object: 'Object Repository/WO_Consumer/Page_/a_Feedback' is clicked on

2020-01-24 08:47:42 - [TEST_STEP][PASSED] - delay(5): Delayed 5 second(s)

2020-01-24 08:47:47 - [MESSAGE][PASSED] - Delayed 5 second(s)

2020-01-24 08:47:47 - [TEST_STEP][PASSED] - "--------": null

2020-01-24 08:47:47 - [TEST_STEP][PASSED] - "Sort    |": null

2020-01-24 08:47:47 - [TEST_STEP][PASSED] - click(findTestObject("Object Repository/WO_Consumer/Page_/a_Feedback")): Object: 'Object Repository/WO_Consumer/Page_/a_Feedback' is clicked on

2020-01-24 08:47:48 - [MESSAGE][PASSED] - Object: 'Object Repository/WO_Consumer/Page_/a_Feedback' is clicked on

2020-01-24 08:47:48 - [TEST_STEP][PASSED] - delay(5): Delayed 5 second(s)

2020-01-24 08:47:53 - [MESSAGE][PASSED] - Delayed 5 second(s)

2020-01-24 08:47:53 - [TEST_STEP][PASSED] - "--------": null

2020-01-24 08:47:53 - [TEST_STEP][PASSED] - "Select  |": null

2020-01-24 08:47:53 - [TEST_STEP][PASSED] - waitForElementClickable(findTestObject("WO_Consumer/Page_/td_TopRow"), 60): Object 'Object Repository/WO_Consumer/Page_/td_TopRow' is clickable

2020-01-24 08:47:53 - [MESSAGE][PASSED] - Object 'Object Repository/WO_Consumer/Page_/td_TopRow' is clickable

2020-01-24 08:47:53 - [TEST_STEP][PASSED] - click(findTestObject("WO_Consumer/Page_/td_TopRow")): Object: 'Object Repository/WO_Consumer/Page_/td_TopRow' is clicked on

2020-01-24 08:47:54 - [MESSAGE][PASSED] - Object: 'Object Repository/WO_Consumer/Page_/td_TopRow' is clicked on

2020-01-24 08:47:54 - [TEST_STEP][PASSED] - delay(1): Delayed 1 second(s)

2020-01-24 08:47:55 - [MESSAGE][PASSED] - Delayed 1 second(s)

2020-01-24 08:47:55 - [MESSAGE][PASSED] - Call Test Case 'Test Cases/Reusable_Test_Sequences/Web_Office/Actions/Select_Consumer' successfully

2020-01-24 08:47:55 - [TEST_STEP][PASSED] - "--------------------------------------": null

2020-01-24 08:47:55 - [TEST_STEP][PASSED] - " Verify Returned Consumer Record      |": null

2020-01-24 08:47:55 - [TEST_STEP][PASSED] - callTestCase(findTestCase("Reusable_Test_Sequences/Web_Office/Verification/Consumer_Returned_Search_Record"), [:], OPTIONAL): Call Test Case 'Test Cases/Reusable_Test_Sequences/Web_Office/Verification/Consumer_Returned_Search_Record' successfully

2020-01-24 08:47:55 - [TEST_CASE][PASSED] - Test Cases/Reusable_Test_Sequences/Web_Office/Verification/Consumer_Returned_Search_Record: Test Cases/Reusable_Test_Sequences/Web_Office/Verification/Consumer_Returned_Search_Record

2020-01-24 08:47:55 - [TEST_STEP][PASSED] - "--------------------------------": null

2020-01-24 08:47:55 - [TEST_STEP][PASSED] - "Read data from spreadsheet      | r_ = Returned Data": null

2020-01-24 08:47:55 - [TEST_STEP][PASSED] - data = findTestData("Data Files/Consumer_Data (1)"): null

2020-01-24 08:47:55 - [TEST_STEP][PASSED] - Consumer_ID = data.getValue("Consumer_ID", row): null

2020-01-24 08:47:55 - [TEST_STEP][PASSED] - Title = data.getValue("r_Title", row): null

2020-01-24 08:47:56 - [TEST_STEP][PASSED] - Forenames = data.getValue("r_Forenames", row): null

2020-01-24 08:47:56 - [TEST_STEP][PASSED] - Surname = data.getValue("r_Surname", row): null

2020-01-24 08:47:56 - [TEST_STEP][PASSED] - Housename = data.getValue("r_Housename", row): null

2020-01-24 08:47:56 - [TEST_STEP][PASSED] - Number_Street = data.getValue("r_Number_and_Street", row): null

2020-01-24 08:47:56 - [TEST_STEP][PASSED] - City = data.getValue("r_City", row): null

2020-01-24 08:47:56 - [TEST_STEP][PASSED] - Town = data.getValue("r_Town", row): null

2020-01-24 08:47:56 - [TEST_STEP][PASSED] - County = data.getValue("r_County", row): null

2020-01-24 08:47:56 - [TEST_STEP][PASSED] - Postcode = data.getValue("r_Postcode", row): null

2020-01-24 08:47:56 - [TEST_STEP][PASSED] - Phone1 = data.getValue("r_Phone_1", row): null

2020-01-24 08:47:56 - [TEST_STEP][PASSED] - Phone2 = data.getValue("r_Phone_2", row): null

2020-01-24 08:47:56 - [TEST_STEP][PASSED] - Fax = data.getValue("r_Fax", row): null

2020-01-24 08:47:56 - [TEST_STEP][PASSED] - r_Full_Name = data.getValue("r_Full_Name", 1): null

2020-01-24 08:47:56 - [TEST_STEP][PASSED] - r_Full_Address = data.getValue("r_Full_Address", 1): null

2020-01-24 08:47:56 - [TEST_STEP][PASSED] - "--------------------------------": null

2020-01-24 08:47:56 - [TEST_STEP][PASSED] - "Read data from spreadsheet      |": null

2020-01-24 08:47:56 - [TEST_STEP][PASSED] - Actual_Page_Text = "": null

2020-01-24 08:47:56 - [TEST_STEP][PASSED] - Expected_Page_Text = "": null

2020-01-24 08:47:56 - [TEST_STEP][PASSED] - waitForPageLoad(60): Wait for page load successfully

2020-01-24 08:47:56 - [MESSAGE][PASSED] - Wait for page load successfully

2020-01-24 08:47:56 - [TEST_STEP][PASSED] - delay(1): Delayed 1 second(s)

2020-01-24 08:47:57 - [MESSAGE][PASSED] - Delayed 1 second(s)

2020-01-24 08:47:57 - [TEST_STEP][PASSED] - "HEADER DETAIL - iFrame": null

2020-01-24 08:47:57 - [TEST_STEP][PASSED] - "----------------": null

2020-01-24 08:47:57 - [TEST_STEP][PASSED] - "Full Name       |": null

2020-01-24 08:47:57 - [TEST_STEP][PASSED] - verifyElementPresent(findTestObject("Object Repository/WO_Consumer/Page_/Page_/a_Mr Gordon Brown"), 25): Object 'Object Repository/WO_Consumer/Page_/Page_/a_Mr Gordon Brown' is present

2020-01-24 08:47:57 - [MESSAGE][PASSED] - Object 'Object Repository/WO_Consumer/Page_/Page_/a_Mr Gordon Brown' is present

2020-01-24 08:47:57 - [TEST_STEP][PASSED] - "----------------": null

2020-01-24 08:47:57 - [TEST_STEP][PASSED] - "Full Address    |": null

2020-01-24 08:47:57 - [TEST_STEP][PASSED] - verifyElementPresent(findTestObject("Object Repository/WO_Consumer/Page_/Page_/div_Haywards Heath West Sussex RH16 4ER4477_d20822"), 25): Object 'Object Repository/WO_Consumer/Page_/Page_/div_Haywards Heath West Sussex RH16 4ER4477_d20822' is present

2020-01-24 08:47:57 - [MESSAGE][PASSED] - Object 'Object Repository/WO_Consumer/Page_/Page_/div_Haywards Heath West Sussex RH16 4ER4477_d20822' is present

2020-01-24 08:47:57 - [TEST_STEP][PASSED] - "BODY DETAIL - iFrame": null

2020-01-24 08:47:57 - [TEST_STEP][PASSED] - "----------------": null

2020-01-24 08:47:57 - [TEST_STEP][PASSED] - "EDIT Consumer   |": null

2020-01-24 08:47:57 - [TEST_STEP][PASSED] - verifyElementPresent(findTestObject("Object Repository/WO_Consumer/Page_/Page_/input_Title_ctledittbTitle"), 25): Object 'Object Repository/WO_Consumer/Page_/Page_/input_Title_ctledittbTitle' is present

2020-01-24 08:47:57 - [MESSAGE][PASSED] - Object 'Object Repository/WO_Consumer/Page_/Page_/input_Title_ctledittbTitle' is present

2020-01-24 08:47:57 - [TEST_STEP][PASSED] - "----------------": null

2020-01-24 08:47:57 - [TEST_STEP][PASSED] - "Address         |": null

2020-01-24 08:47:57 - [TEST_STEP][PASSED] - verifyElementPresent(findTestObject("Object Repository/WO_Consumer/Page_/Page_/span_Please ensure the Street  Road name is_e38a58"), 25): Object 'Object Repository/WO_Consumer/Page_/Page_/span_Please ensure the Street  Road name is_e38a58' is present

2020-01-24 08:47:57 - [MESSAGE][PASSED] - Object 'Object Repository/WO_Consumer/Page_/Page_/span_Please ensure the Street  Road name is_e38a58' is present

2020-01-24 08:47:57 - [MESSAGE][PASSED] - Call Test Case 'Test Cases/Reusable_Test_Sequences/Web_Office/Verification/Consumer_Returned_Search_Record' successfully

2020-01-24 08:47:57 - [TEST_STEP][PASSED] - "--------------------------": null

2020-01-24 08:47:57 - [TEST_STEP][PASSED] - " Teardown - CLose Browser |": null

2020-01-24 08:47:57 - [TEST_STEP][PASSED] - callTestCase(findTestCase("Reusable_Test_Sequences/CAT_Teardown"), [:], OPTIONAL): Call Test Case 'Test Cases/Reusable_Test_Sequences/CAT_Teardown' successfully

2020-01-24 08:47:57 - [TEST_CASE][PASSED] - Test Cases/Reusable_Test_Sequences/CAT_Teardown: Test Cases/Reusable_Test_Sequences/CAT_Teardown

2020-01-24 08:47:58 - [TEST_STEP][PASSED] - closeBrowser(): Browser is closed

2020-01-24 08:47:58 - [MESSAGE][PASSED] - Browser is closed

2020-01-24 08:47:58 - [MESSAGE][PASSED] - Call Test Case 'Test Cases/Reusable_Test_Sequences/CAT_Teardown' successfully

2020-01-24 08:47:58 - [TEST_STEP][PASSED] - "--------------------------------------": null

2020-01-24 08:47:58 - [TEST_STEP][PASSED] - " Web Office StartUp                   |": null

2020-01-24 08:47:58 - [TEST_STEP][PASSED] - callTestCase(findTestCase("Reusable_Test_Sequences/Web_Office/Directives/WebOffice_StartUp"), [:], OPTIONAL): Unable to call Test Case 'Test Cases/Reusable_Test_Sequences/Web_Office/Directives/WebOffice_StartUp' (Root cause: com.kms.katalon.core.exception.StepFailedException: Call Test Case 'Test Cases/Reusable_Test_Sequences/Web_Office/Directives/WebOffice_StartUp' failed
	at com.kms.katalon.core.keyword.builtin.CallTestCaseKeyword$_callTestCase_closure1.doCall(CallTestCaseKeyword.groovy:63)
	at com.kms.katalon.core.keyword.builtin.CallTestCaseKeyword$_callTestCase_closure1.call(CallTestCaseKeyword.groovy)
	at com.kms.katalon.core.keyword.internal.KeywordMain.runKeyword(KeywordMain.groovy:68)
	at com.kms.katalon.core.keyword.builtin.CallTestCaseKeyword.callTestCase(CallTestCaseKeyword.groovy:81)
	at com.kms.katalon.core.keyword.builtin.CallTestCaseKeyword.execute(CallTestCaseKeyword.groovy:44)
	at com.kms.katalon.core.keyword.internal.KeywordExecutor.executeKeywordForPlatform(KeywordExecutor.groovy:72)
	at com.kms.katalon.core.keyword.BuiltinKeywords.callTestCase(BuiltinKeywords.groovy:334)
	at WebOffice_Consumer_Search.run(WebOffice_Consumer_Search:57)
	at com.kms.katalon.core.main.ScriptEngine.run(ScriptEngine.java:194)
	at com.kms.katalon.core.main.ScriptEngine.runScriptAsRawText(ScriptEngine.java:119)
	at com.kms.katalon.core.main.TestCaseExecutor.runScript(TestCaseExecutor.java:337)
	at com.kms.katalon.core.main.TestCaseExecutor.doExecute(TestCaseExecutor.java:328)
	at com.kms.katalon.core.main.TestCaseExecutor.processExecutionPhase(TestCaseExecutor.java:307)
	at com.kms.katalon.core.main.TestCaseExecutor.accessMainPhase(TestCaseExecutor.java:299)
	at com.kms.katalon.core.main.TestCaseExecutor.execute(TestCaseExecutor.java:233)
	at com.kms.katalon.core.main.TestSuiteExecutor.accessTestCaseMainPhase(TestSuiteExecutor.java:169)
	at com.kms.katalon.core.main.TestSuiteExecutor.accessTestSuiteMainPhase(TestSuiteExecutor.java:142)
	at com.kms.katalon.core.main.TestSuiteExecutor.execute(TestSuiteExecutor.java:91)
	at com.kms.katalon.core.main.TestCaseMain.startTestSuite(TestCaseMain.java:157)
	at com.kms.katalon.core.main.TestCaseMain$startTestSuite$0.call(Unknown Source)
	at TempTestSuite1579855002070.run(TempTestSuite1579855002070.groovy:36)
Caused by: com.kms.katalon.core.exception.StepFailedException: Text 'Welcome check1234' is not present on page  (Root cause: com.kms.katalon.core.exception.StepFailedException: Text 'Welcome check1234' is not present on page 
	at com.kms.katalon.core.webui.keyword.internal.WebUIKeywordMain.stepFailed(WebUIKeywordMain.groovy:64)
	at com.kms.katalon.core.webui.keyword.builtin.VerifyTextPresentKeyword$_verifyTextPresent_closure1.doCall(VerifyTextPresentKeyword.groovy:79)
	at com.kms.katalon.core.webui.keyword.builtin.VerifyTextPresentKeyword$_verifyTextPresent_closure1.call(VerifyTextPresentKeyword.groovy)
	at com.kms.katalon.core.webui.keyword.internal.WebUIKeywordMain.runKeyword(WebUIKeywordMain.groovy:20)
	at com.kms.katalon.core.webui.keyword.builtin.VerifyTextPresentKeyword.verifyTextPresent(VerifyTextPresentKeyword.groovy:83)
	at com.kms.katalon.core.webui.keyword.builtin.VerifyTextPresentKeyword.execute(VerifyTextPresentKeyword.groovy:68)
	at com.kms.katalon.core.keyword.internal.KeywordExecutor.executeKeywordForPlatform(KeywordExecutor.groovy:72)
	at com.kms.katalon.core.webui.keyword.WebUiBuiltInKeywords.verifyTextPresent(WebUiBuiltInKeywords.groovy:1693)
	at com.kms.katalon.core.webui.keyword.WebUiBuiltInKeywords$verifyTextPresent$2.call(Unknown Source)
	at WebOffice_StartUp.run(WebOffice_StartUp:152)
	at com.kms.katalon.core.main.ScriptEngine.run(ScriptEngine.java:194)
	at com.kms.katalon.core.main.ScriptEngine.runScriptAsRawText(ScriptEngine.java:119)
	at com.kms.katalon.core.main.TestCaseExecutor.runScript(TestCaseExecutor.java:337)
	at com.kms.katalon.core.main.TestCaseExecutor.doExecute(TestCaseExecutor.java:328)
	at com.kms.katalon.core.main.TestCaseExecutor.processExecutionPhase(TestCaseExecutor.java:307)
	at com.kms.katalon.core.main.TestCaseExecutor.accessMainPhase(TestCaseExecutor.java:299)
	at com.kms.katalon.core.main.TestCaseExecutor.execute(TestCaseExecutor.java:233)
	at com.kms.katalon.core.main.TestCaseMain.runTestCase(TestCaseMain.java:114)
	at com.kms.katalon.core.keyword.builtin.CallTestCaseKeyword$_callTestCase_closure1.doCall(CallTestCaseKeyword.groovy:59)
	at com.kms.katalon.core.keyword.builtin.CallTestCaseKeyword$_callTestCase_closure1.call(CallTestCaseKeyword.groovy)
	at com.kms.katalon.core.keyword.internal.KeywordMain.runKeyword(KeywordMain.groovy:68)
	at com.kms.katalon.core.keyword.builtin.CallTestCaseKeyword.callTestCase(CallTestCaseKeyword.groovy:81)
	at com.kms.katalon.core.keyword.builtin.CallTestCaseKeyword.execute(CallTestCaseKeyword.groovy:44)
	at com.kms.katalon.core.keyword.internal.KeywordExecutor.executeKeywordForPlatform(KeywordExecutor.groovy:72)
	at com.kms.katalon.core.keyword.BuiltinKeywords.callTestCase(BuiltinKeywords.groovy:334)
	at WebOffice_Consumer_Search.run(WebOffice_Consumer_Search:57)
	at com.kms.katalon.core.main.ScriptEngine.run(ScriptEngine.java:194)
	at com.kms.katalon.core.main.ScriptEngine.runScriptAsRawText(ScriptEngine.java:119)
	at com.kms.katalon.core.main.TestCaseExecutor.runScript(TestCaseExecutor.java:337)
	at com.kms.katalon.core.main.TestCaseExecutor.doExecute(TestCaseExecutor.java:328)
	at com.kms.katalon.core.main.TestCaseExecutor.processExecutionPhase(TestCaseExecutor.java:307)
	at com.kms.katalon.core.main.TestCaseExecutor.accessMainPhase(TestCaseExecutor.java:299)
	at com.kms.katalon.core.main.TestCaseExecutor.execute(TestCaseExecutor.java:233)
	at com.kms.katalon.core.main.TestSuiteExecutor.accessTestCaseMainPhase(TestSuiteExecutor.java:169)
	at com.kms.katalon.core.main.TestSuiteExecutor.accessTestSuiteMainPhase(TestSuiteExecutor.java:142)
	at com.kms.katalon.core.main.TestSuiteExecutor.execute(TestSuiteExecutor.java:91)
	at com.kms.katalon.core.main.TestCaseMain.startTestSuite(TestCaseMain.java:157)
	at com.kms.katalon.core.main.TestCaseMain$startTestSuite$0.call(Unknown Source)
	at TempTestSuite1579855002070.run(TempTestSuite1579855002070.groovy:36)
)
	at com.kms.katalon.core.keyword.internal.KeywordMain.stepFailed(KeywordMain.groovy:39)
	at com.kms.katalon.core.webui.keyword.internal.WebUIKeywordMain.stepFailed(WebUIKeywordMain.groovy:64)
	at com.kms.katalon.core.webui.keyword.builtin.VerifyTextPresentKeyword$_verifyTextPresent_closure1.doCall(VerifyTextPresentKeyword.groovy:79)
	at com.kms.katalon.core.webui.keyword.builtin.VerifyTextPresentKeyword$_verifyTextPresent_closure1.call(VerifyTextPresentKeyword.groovy)
	at com.kms.katalon.core.webui.keyword.internal.WebUIKeywordMain.runKeyword(WebUIKeywordMain.groovy:20)
	at com.kms.katalon.core.webui.keyword.builtin.VerifyTextPresentKeyword.verifyTextPresent(VerifyTextPresentKeyword.groovy:83)
	at com.kms.katalon.core.webui.keyword.builtin.VerifyTextPresentKeyword.execute(VerifyTextPresentKeyword.groovy:68)
	at com.kms.katalon.core.keyword.internal.KeywordExecutor.executeKeywordForPlatform(KeywordExecutor.groovy:72)
	at com.kms.katalon.core.webui.keyword.WebUiBuiltInKeywords.verifyTextPresent(WebUiBuiltInKeywords.groovy:1693)
	at com.kms.katalon.core.webui.keyword.WebUiBuiltInKeywords$verifyTextPresent$2.call(Unknown Source)
	at WebOffice_StartUp.run(WebOffice_StartUp:152)
	at com.kms.katalon.core.main.ScriptEngine.run(ScriptEngine.java:194)
	at com.kms.katalon.core.main.ScriptEngine.runScriptAsRawText(ScriptEngine.java:119)
	at com.kms.katalon.core.main.TestCaseExecutor.runScript(TestCaseExecutor.java:337)
	at com.kms.katalon.core.main.TestCaseExecutor.doExecute(TestCaseExecutor.java:328)
	at com.kms.katalon.core.main.TestCaseExecutor.processExecutionPhase(TestCaseExecutor.java:307)
	at com.kms.katalon.core.main.TestCaseExecutor.accessMainPhase(TestCaseExecutor.java:299)
	at com.kms.katalon.core.main.TestCaseExecutor.execute(TestCaseExecutor.java:233)
	at com.kms.katalon.core.main.TestCaseMain.runTestCase(TestCaseMain.java:114)
	at com.kms.katalon.core.keyword.builtin.CallTestCaseKeyword$_callTestCase_closure1.doCall(CallTestCaseKeyword.groovy:59)
	... 20 more
Caused by: com.kms.katalon.core.exception.StepFailedException: Text 'Welcome check1234' is not present on page 
	... 39 more
)

2020-01-24 08:47:59 - [TEST_CASE][FAILED] - Test Cases/Reusable_Test_Sequences/Web_Office/Directives/WebOffice_StartUp: Test Cases/Reusable_Test_Sequences/Web_Office/Directives/WebOffice_StartUp FAILED.
Reason:
com.kms.katalon.core.exception.StepFailedException: Text 'Welcome check1234' is not present on page  (Root cause: com.kms.katalon.core.exception.StepFailedException: Text 'Welcome check1234' is not present on page 
	at com.kms.katalon.core.webui.keyword.internal.WebUIKeywordMain.stepFailed(WebUIKeywordMain.groovy:64)
	at com.kms.katalon.core.webui.keyword.builtin.VerifyTextPresentKeyword$_verifyTextPresent_closure1.doCall(VerifyTextPresentKeyword.groovy:79)
	at com.kms.katalon.core.webui.keyword.builtin.VerifyTextPresentKeyword$_verifyTextPresent_closure1.call(VerifyTextPresentKeyword.groovy)
	at com.kms.katalon.core.webui.keyword.internal.WebUIKeywordMain.runKeyword(WebUIKeywordMain.groovy:20)
	at com.kms.katalon.core.webui.keyword.builtin.VerifyTextPresentKeyword.verifyTextPresent(VerifyTextPresentKeyword.groovy:83)
	at com.kms.katalon.core.webui.keyword.builtin.VerifyTextPresentKeyword.execute(VerifyTextPresentKeyword.groovy:68)
	at com.kms.katalon.core.keyword.internal.KeywordExecutor.executeKeywordForPlatform(KeywordExecutor.groovy:72)
	at com.kms.katalon.core.webui.keyword.WebUiBuiltInKeywords.verifyTextPresent(WebUiBuiltInKeywords.groovy:1693)
	at com.kms.katalon.core.webui.keyword.WebUiBuiltInKeywords$verifyTextPresent$2.call(Unknown Source)
	at WebOffice_StartUp.run(WebOffice_StartUp:152)
	at com.kms.katalon.core.main.ScriptEngine.run(ScriptEngine.java:194)
	at com.kms.katalon.core.main.ScriptEngine.runScriptAsRawText(ScriptEngine.java:119)
	at com.kms.katalon.core.main.TestCaseExecutor.runScript(TestCaseExecutor.java:337)
	at com.kms.katalon.core.main.TestCaseExecutor.doExecute(TestCaseExecutor.java:328)
	at com.kms.katalon.core.main.TestCaseExecutor.processExecutionPhase(TestCaseExecutor.java:307)
	at com.kms.katalon.core.main.TestCaseExecutor.accessMainPhase(TestCaseExecutor.java:299)
	at com.kms.katalon.core.main.TestCaseExecutor.execute(TestCaseExecutor.java:233)
	at com.kms.katalon.core.main.TestCaseMain.runTestCase(TestCaseMain.java:114)
	at com.kms.katalon.core.keyword.builtin.CallTestCaseKeyword$_callTestCase_closure1.doCall(CallTestCaseKeyword.groovy:59)
	at com.kms.katalon.core.keyword.builtin.CallTestCaseKeyword$_callTestCase_closure1.call(CallTestCaseKeyword.groovy)
	at com.kms.katalon.core.keyword.internal.KeywordMain.runKeyword(KeywordMain.groovy:68)
	at com.kms.katalon.core.keyword.builtin.CallTestCaseKeyword.callTestCase(CallTestCaseKeyword.groovy:81)
	at com.kms.katalon.core.keyword.builtin.CallTestCaseKeyword.execute(CallTestCaseKeyword.groovy:44)
	at com.kms.katalon.core.keyword.internal.KeywordExecutor.executeKeywordForPlatform(KeywordExecutor.groovy:72)
	at com.kms.katalon.core.keyword.BuiltinKeywords.callTestCase(BuiltinKeywords.groovy:334)
	at WebOffice_Consumer_Search.run(WebOffice_Consumer_Search:57)
	at com.kms.katalon.core.main.ScriptEngine.run(ScriptEngine.java:194)
	at com.kms.katalon.core.main.ScriptEngine.runScriptAsRawText(ScriptEngine.java:119)
	at com.kms.katalon.core.main.TestCaseExecutor.runScript(TestCaseExecutor.java:337)
	at com.kms.katalon.core.main.TestCaseExecutor.doExecute(TestCaseExecutor.java:328)
	at com.kms.katalon.core.main.TestCaseExecutor.processExecutionPhase(TestCaseExecutor.java:307)
	at com.kms.katalon.core.main.TestCaseExecutor.accessMainPhase(TestCaseExecutor.java:299)
	at com.kms.katalon.core.main.TestCaseExecutor.execute(TestCaseExecutor.java:233)
	at com.kms.katalon.core.main.TestSuiteExecutor.accessTestCaseMainPhase(TestSuiteExecutor.java:169)
	at com.kms.katalon.core.main.TestSuiteExecutor.accessTestSuiteMainPhase(TestSuiteExecutor.java:142)
	at com.kms.katalon.core.main.TestSuiteExecutor.execute(TestSuiteExecutor.java:91)
	at com.kms.katalon.core.main.TestCaseMain.startTestSuite(TestCaseMain.java:157)
	at com.kms.katalon.core.main.TestCaseMain$startTestSuite$0.call(Unknown Source)
	at TempTestSuite1579855002070.run(TempTestSuite1579855002070.groovy:36)
)
	at com.kms.katalon.core.keyword.internal.KeywordMain.stepFailed(KeywordMain.groovy:39)
	at com.kms.katalon.core.webui.keyword.internal.WebUIKeywordMain.stepFailed(WebUIKeywordMain.groovy:64)
	at com.kms.katalon.core.webui.keyword.builtin.VerifyTextPresentKeyword$_verifyTextPresent_closure1.doCall(VerifyTextPresentKeyword.groovy:79)
	at com.kms.katalon.core.webui.keyword.builtin.VerifyTextPresentKeyword$_verifyTextPresent_closure1.call(VerifyTextPresentKeyword.groovy)
	at com.kms.katalon.core.webui.keyword.internal.WebUIKeywordMain.runKeyword(WebUIKeywordMain.groovy:20)
	at com.kms.katalon.core.webui.keyword.builtin.VerifyTextPresentKeyword.verifyTextPresent(VerifyTextPresentKeyword.groovy:83)
	at com.kms.katalon.core.webui.keyword.builtin.VerifyTextPresentKeyword.execute(VerifyTextPresentKeyword.groovy:68)
	at com.kms.katalon.core.keyword.internal.KeywordExecutor.executeKeywordForPlatform(KeywordExecutor.groovy:72)
	at com.kms.katalon.core.webui.keyword.WebUiBuiltInKeywords.verifyTextPresent(WebUiBuiltInKeywords.groovy:1693)
	at com.kms.katalon.core.webui.keyword.WebUiBuiltInKeywords$verifyTextPresent$2.call(Unknown Source)
	at WebOffice_StartUp.run(WebOffice_StartUp:152)
	at com.kms.katalon.core.main.ScriptEngine.run(ScriptEngine.java:194)
	at com.kms.katalon.core.main.ScriptEngine.runScriptAsRawText(ScriptEngine.java:119)
	at com.kms.katalon.core.main.TestCaseExecutor.runScript(TestCaseExecutor.java:337)
	at com.kms.katalon.core.main.TestCaseExecutor.doExecute(TestCaseExecutor.java:328)
	at com.kms.katalon.core.main.TestCaseExecutor.processExecutionPhase(TestCaseExecutor.java:307)
	at com.kms.katalon.core.main.TestCaseExecutor.accessMainPhase(TestCaseExecutor.java:299)
	at com.kms.katalon.core.main.TestCaseExecutor.execute(TestCaseExecutor.java:233)
	at com.kms.katalon.core.main.TestCaseMain.runTestCase(TestCaseMain.java:114)
	at com.kms.katalon.core.keyword.builtin.CallTestCaseKeyword$_callTestCase_closure1.doCall(CallTestCaseKeyword.groovy:59)
	at com.kms.katalon.core.keyword.builtin.CallTestCaseKeyword$_callTestCase_closure1.call(CallTestCaseKeyword.groovy)
	at com.kms.katalon.core.keyword.internal.KeywordMain.runKeyword(KeywordMain.groovy:68)
	at com.kms.katalon.core.keyword.builtin.CallTestCaseKeyword.callTestCase(CallTestCaseKeyword.groovy:81)
	at com.kms.katalon.core.keyword.builtin.CallTestCaseKeyword.execute(CallTestCaseKeyword.groovy:44)
	at com.kms.katalon.core.keyword.internal.KeywordExecutor.executeKeywordForPlatform(KeywordExecutor.groovy:72)
	at com.kms.katalon.core.keyword.BuiltinKeywords.callTestCase(BuiltinKeywords.groovy:334)
	at WebOffice_Consumer_Search.run(WebOffice_Consumer_Search:57)
	at com.kms.katalon.core.main.ScriptEngine.run(ScriptEngine.java:194)
	at com.kms.katalon.core.main.ScriptEngine.runScriptAsRawText(ScriptEngine.java:119)
	at com.kms.katalon.core.main.TestCaseExecutor.runScript(TestCaseExecutor.java:337)
	at com.kms.katalon.core.main.TestCaseExecutor.doExecute(TestCaseExecutor.java:328)
	at com.kms.katalon.core.main.TestCaseExecutor.processExecutionPhase(TestCaseExecutor.java:307)
	at com.kms.katalon.core.main.TestCaseExecutor.accessMainPhase(TestCaseExecutor.java:299)
	at com.kms.katalon.core.main.TestCaseExecutor.execute(TestCaseExecutor.java:233)
	at com.kms.katalon.core.main.TestSuiteExecutor.accessTestCaseMainPhase(TestSuiteExecutor.java:169)
	at com.kms.katalon.core.main.TestSuiteExecutor.accessTestSuiteMainPhase(TestSuiteExecutor.java:142)
	at com.kms.katalon.core.main.TestSuiteExecutor.execute(TestSuiteExecutor.java:91)
	at com.kms.katalon.core.main.TestCaseMain.startTestSuite(TestCaseMain.java:157)
	at com.kms.katalon.core.main.TestCaseMain$startTestSuite$0.call(Unknown Source)
	at TempTestSuite1579855002070.run(TempTestSuite1579855002070.groovy:36)
Caused by: com.kms.katalon.core.exception.StepFailedException: Text 'Welcome check1234' is not present on page 
	... 39 more


2020-01-24 08:47:59 - [TEST_STEP][PASSED] - if (URL == "https://www.preview.checkatrade.com/"): null

2020-01-24 08:47:59 - [TEST_STEP][PASSED] - WebOfficeURL = "https://admin.preview.checkatrade.com/": null

2020-01-24 08:47:59 - [TEST_STEP][PASSED] - if (URL == "https://www.checkatrade.com/"): null

2020-01-24 08:47:59 - [TEST_STEP][PASSED] - "Set Function Area for "URL_Handler", URL Resolution": null

2020-01-24 08:47:59 - [TEST_STEP][PASSED] - "Do Some Magic with URL(s) See the comments within URL Handler ": null

2020-01-24 08:47:59 - [TEST_STEP][PASSED] - "------------------------------------------------": null

2020-01-24 08:47:59 - [TEST_STEP][PASSED] - "Moved Login Credentials to <Default> profile 22/01/2020": null

2020-01-24 08:47:59 - [TEST_STEP][PASSED] - "------------------------------------------------": null

2020-01-24 08:47:59 - [TEST_STEP][PASSED] - "WebOfficeURL - Set from the ENVIRONMENT PROFILE ": null

2020-01-24 08:47:59 - [TEST_STEP][PASSED] - "OPEN BROWSER": null

2020-01-24 08:47:59 - [TEST_STEP][PASSED] - "eg - https://admin.preview.checkatrade.com/  ": null

2020-01-24 08:47:59 - [TEST_STEP][PASSED] - openBrowser(WebOfficeURL): Browser is opened with url: 'https://admin.preview.checkatrade.com/'

2020-01-24 08:47:59 - [MESSAGE][INFO] - Starting 'Chrome' driver

2020-01-24 08:48:04 - [MESSAGE][PASSED] - Browser is opened with url: 'https://admin.preview.checkatrade.com/'

2020-01-24 08:48:04 - [TEST_STEP][PASSED] - maximizeWindow(): Current window maximized

2020-01-24 08:48:08 - [MESSAGE][PASSED] - Current window maximized

2020-01-24 08:48:08 - [TEST_STEP][PASSED] - waitForElementClickable(findTestObject("Object Repository/WebOffice/Page_Checkatrade - Administration - Login/Login_Button"), 25): Object 'Object Repository/WebOffice/Page_Checkatrade - Administration - Login/Login_Button' is clickable

2020-01-24 08:48:08 - [MESSAGE][PASSED] - Object 'Object Repository/WebOffice/Page_Checkatrade - Administration - Login/Login_Button' is clickable

2020-01-24 08:48:08 - [TEST_STEP][PASSED] - verifyTextPresent("Checkatrade Web Office", false): Text 'Checkatrade Web Office' is present on page 

2020-01-24 08:48:08 - [MESSAGE][PASSED] - Text 'Checkatrade Web Office' is present on page 

2020-01-24 08:48:08 - [TEST_STEP][PASSED] - verifyTextPresent("Access for staff use only", false): Text 'Access for staff use only' is present on page 

2020-01-24 08:48:08 - [MESSAGE][PASSED] - Text 'Access for staff use only' is present on page 

2020-01-24 08:48:08 - [TEST_STEP][PASSED] - verifyTextPresent("Forgotten password?", false): Text 'Forgotten password?' is present on page 

2020-01-24 08:48:08 - [MESSAGE][PASSED] - Text 'Forgotten password?' is present on page 

2020-01-24 08:48:08 - [TEST_STEP][PASSED] - setText(findTestObject("Object Repository/WebOffice/Page_Checkatrade - Administration - Login/input_Username_LoginControlUserName"), wo_Username): Text 'DavidHo' is set on object 'Object Repository/WebOffice/Page_Checkatrade - Administration - Login/input_Username_LoginControlUserName'

2020-01-24 08:48:09 - [MESSAGE][PASSED] - Text 'DavidHo' is set on object 'Object Repository/WebOffice/Page_Checkatrade - Administration - Login/input_Username_LoginControlUserName'

2020-01-24 08:48:09 - [TEST_STEP][PASSED] - setText(findTestObject("Object Repository/WebOffice/Page_Checkatrade - Administration - Login/input_Password_LoginControlPassword"), wo_Password): Text 'Check123' is set on object 'Object Repository/WebOffice/Page_Checkatrade - Administration - Login/input_Password_LoginControlPassword'

2020-01-24 08:48:10 - [MESSAGE][PASSED] - Text 'Check123' is set on object 'Object Repository/WebOffice/Page_Checkatrade - Administration - Login/input_Password_LoginControlPassword'

2020-01-24 08:48:10 - [TEST_STEP][PASSED] - click(findTestObject("Object Repository/WebOffice/Page_Checkatrade - Administration - Login/Login_Button")): Object: 'Object Repository/WebOffice/Page_Checkatrade - Administration - Login/Login_Button' is clicked on

2020-01-24 08:48:11 - [MESSAGE][PASSED] - Object: 'Object Repository/WebOffice/Page_Checkatrade - Administration - Login/Login_Button' is clicked on

2020-01-24 08:48:11 - [TEST_STEP][PASSED] - waitForPageLoad(60): Wait for page load successfully

2020-01-24 08:48:11 - [MESSAGE][PASSED] - Wait for page load successfully

2020-01-24 08:48:11 - [TEST_STEP][FAILED] - verifyTextPresent("Welcome " + Username, false): Text 'Welcome check1234' is not present on page  (Root cause: com.kms.katalon.core.exception.StepFailedException: Text 'Welcome check1234' is not present on page 
	at com.kms.katalon.core.webui.keyword.internal.WebUIKeywordMain.stepFailed(WebUIKeywordMain.groovy:64)
	at com.kms.katalon.core.webui.keyword.builtin.VerifyTextPresentKeyword$_verifyTextPresent_closure1.doCall(VerifyTextPresentKeyword.groovy:79)
	at com.kms.katalon.core.webui.keyword.builtin.VerifyTextPresentKeyword$_verifyTextPresent_closure1.call(VerifyTextPresentKeyword.groovy)
	at com.kms.katalon.core.webui.keyword.internal.WebUIKeywordMain.runKeyword(WebUIKeywordMain.groovy:20)
	at com.kms.katalon.core.webui.keyword.builtin.VerifyTextPresentKeyword.verifyTextPresent(VerifyTextPresentKeyword.groovy:83)
	at com.kms.katalon.core.webui.keyword.builtin.VerifyTextPresentKeyword.execute(VerifyTextPresentKeyword.groovy:68)
	at com.kms.katalon.core.keyword.internal.KeywordExecutor.executeKeywordForPlatform(KeywordExecutor.groovy:72)
	at com.kms.katalon.core.webui.keyword.WebUiBuiltInKeywords.verifyTextPresent(WebUiBuiltInKeywords.groovy:1693)
	at com.kms.katalon.core.webui.keyword.WebUiBuiltInKeywords$verifyTextPresent$2.call(Unknown Source)
	at WebOffice_StartUp.run(WebOffice_StartUp:152)
	at com.kms.katalon.core.main.ScriptEngine.run(ScriptEngine.java:194)
	at com.kms.katalon.core.main.ScriptEngine.runScriptAsRawText(ScriptEngine.java:119)
	at com.kms.katalon.core.main.TestCaseExecutor.runScript(TestCaseExecutor.java:337)
	at com.kms.katalon.core.main.TestCaseExecutor.doExecute(TestCaseExecutor.java:328)
	at com.kms.katalon.core.main.TestCaseExecutor.processExecutionPhase(TestCaseExecutor.java:307)
	at com.kms.katalon.core.main.TestCaseExecutor.accessMainPhase(TestCaseExecutor.java:299)
	at com.kms.katalon.core.main.TestCaseExecutor.execute(TestCaseExecutor.java:233)
	at com.kms.katalon.core.main.TestCaseMain.runTestCase(TestCaseMain.java:114)
	at com.kms.katalon.core.keyword.builtin.CallTestCaseKeyword$_callTestCase_closure1.doCall(CallTestCaseKeyword.groovy:59)
	at com.kms.katalon.core.keyword.builtin.CallTestCaseKeyword$_callTestCase_closure1.call(CallTestCaseKeyword.groovy)
	at com.kms.katalon.core.keyword.internal.KeywordMain.runKeyword(KeywordMain.groovy:68)
	at com.kms.katalon.core.keyword.builtin.CallTestCaseKeyword.callTestCase(CallTestCaseKeyword.groovy:81)
	at com.kms.katalon.core.keyword.builtin.CallTestCaseKeyword.execute(CallTestCaseKeyword.groovy:44)
	at com.kms.katalon.core.keyword.internal.KeywordExecutor.executeKeywordForPlatform(KeywordExecutor.groovy:72)
	at com.kms.katalon.core.keyword.BuiltinKeywords.callTestCase(BuiltinKeywords.groovy:334)
	at WebOffice_Consumer_Search.run(WebOffice_Consumer_Search:57)
	at com.kms.katalon.core.main.ScriptEngine.run(ScriptEngine.java:194)
	at com.kms.katalon.core.main.ScriptEngine.runScriptAsRawText(ScriptEngine.java:119)
	at com.kms.katalon.core.main.TestCaseExecutor.runScript(TestCaseExecutor.java:337)
	at com.kms.katalon.core.main.TestCaseExecutor.doExecute(TestCaseExecutor.java:328)
	at com.kms.katalon.core.main.TestCaseExecutor.processExecutionPhase(TestCaseExecutor.java:307)
	at com.kms.katalon.core.main.TestCaseExecutor.accessMainPhase(TestCaseExecutor.java:299)
	at com.kms.katalon.core.main.TestCaseExecutor.execute(TestCaseExecutor.java:233)
	at com.kms.katalon.core.main.TestSuiteExecutor.accessTestCaseMainPhase(TestSuiteExecutor.java:169)
	at com.kms.katalon.core.main.TestSuiteExecutor.accessTestSuiteMainPhase(TestSuiteExecutor.java:142)
	at com.kms.katalon.core.main.TestSuiteExecutor.execute(TestSuiteExecutor.java:91)
	at com.kms.katalon.core.main.TestCaseMain.startTestSuite(TestCaseMain.java:157)
	at com.kms.katalon.core.main.TestCaseMain$startTestSuite$0.call(Unknown Source)
	at TempTestSuite1579855002070.run(TempTestSuite1579855002070.groovy:36)
)

2020-01-24 08:48:11 - [MESSAGE][FAILED] - Text 'Welcome check1234' is not present on page  (Root cause: com.kms.katalon.core.exception.StepFailedException: Text 'Welcome check1234' is not present on page 
	at com.kms.katalon.core.webui.keyword.internal.WebUIKeywordMain.stepFailed(WebUIKeywordMain.groovy:64)
	at com.kms.katalon.core.webui.keyword.builtin.VerifyTextPresentKeyword$_verifyTextPresent_closure1.doCall(VerifyTextPresentKeyword.groovy:79)
	at com.kms.katalon.core.webui.keyword.builtin.VerifyTextPresentKeyword$_verifyTextPresent_closure1.call(VerifyTextPresentKeyword.groovy)
	at com.kms.katalon.core.webui.keyword.internal.WebUIKeywordMain.runKeyword(WebUIKeywordMain.groovy:20)
	at com.kms.katalon.core.webui.keyword.builtin.VerifyTextPresentKeyword.verifyTextPresent(VerifyTextPresentKeyword.groovy:83)
	at com.kms.katalon.core.webui.keyword.builtin.VerifyTextPresentKeyword.execute(VerifyTextPresentKeyword.groovy:68)
	at com.kms.katalon.core.keyword.internal.KeywordExecutor.executeKeywordForPlatform(KeywordExecutor.groovy:72)
	at com.kms.katalon.core.webui.keyword.WebUiBuiltInKeywords.verifyTextPresent(WebUiBuiltInKeywords.groovy:1693)
	at com.kms.katalon.core.webui.keyword.WebUiBuiltInKeywords$verifyTextPresent$2.call(Unknown Source)
	at WebOffice_StartUp.run(WebOffice_StartUp:152)
	at com.kms.katalon.core.main.ScriptEngine.run(ScriptEngine.java:194)
	at com.kms.katalon.core.main.ScriptEngine.runScriptAsRawText(ScriptEngine.java:119)
	at com.kms.katalon.core.main.TestCaseExecutor.runScript(TestCaseExecutor.java:337)
	at com.kms.katalon.core.main.TestCaseExecutor.doExecute(TestCaseExecutor.java:328)
	at com.kms.katalon.core.main.TestCaseExecutor.processExecutionPhase(TestCaseExecutor.java:307)
	at com.kms.katalon.core.main.TestCaseExecutor.accessMainPhase(TestCaseExecutor.java:299)
	at com.kms.katalon.core.main.TestCaseExecutor.execute(TestCaseExecutor.java:233)
	at com.kms.katalon.core.main.TestCaseMain.runTestCase(TestCaseMain.java:114)
	at com.kms.katalon.core.keyword.builtin.CallTestCaseKeyword$_callTestCase_closure1.doCall(CallTestCaseKeyword.groovy:59)
	at com.kms.katalon.core.keyword.builtin.CallTestCaseKeyword$_callTestCase_closure1.call(CallTestCaseKeyword.groovy)
	at com.kms.katalon.core.keyword.internal.KeywordMain.runKeyword(KeywordMain.groovy:68)
	at com.kms.katalon.core.keyword.builtin.CallTestCaseKeyword.callTestCase(CallTestCaseKeyword.groovy:81)
	at com.kms.katalon.core.keyword.builtin.CallTestCaseKeyword.execute(CallTestCaseKeyword.groovy:44)
	at com.kms.katalon.core.keyword.internal.KeywordExecutor.executeKeywordForPlatform(KeywordExecutor.groovy:72)
	at com.kms.katalon.core.keyword.BuiltinKeywords.callTestCase(BuiltinKeywords.groovy:334)
	at WebOffice_Consumer_Search.run(WebOffice_Consumer_Search:57)
	at com.kms.katalon.core.main.ScriptEngine.run(ScriptEngine.java:194)
	at com.kms.katalon.core.main.ScriptEngine.runScriptAsRawText(ScriptEngine.java:119)
	at com.kms.katalon.core.main.TestCaseExecutor.runScript(TestCaseExecutor.java:337)
	at com.kms.katalon.core.main.TestCaseExecutor.doExecute(TestCaseExecutor.java:328)
	at com.kms.katalon.core.main.TestCaseExecutor.processExecutionPhase(TestCaseExecutor.java:307)
	at com.kms.katalon.core.main.TestCaseExecutor.accessMainPhase(TestCaseExecutor.java:299)
	at com.kms.katalon.core.main.TestCaseExecutor.execute(TestCaseExecutor.java:233)
	at com.kms.katalon.core.main.TestSuiteExecutor.accessTestCaseMainPhase(TestSuiteExecutor.java:169)
	at com.kms.katalon.core.main.TestSuiteExecutor.accessTestSuiteMainPhase(TestSuiteExecutor.java:142)
	at com.kms.katalon.core.main.TestSuiteExecutor.execute(TestSuiteExecutor.java:91)
	at com.kms.katalon.core.main.TestCaseMain.startTestSuite(TestCaseMain.java:157)
	at com.kms.katalon.core.main.TestCaseMain$startTestSuite$0.call(Unknown Source)
	at TempTestSuite1579855002070.run(TempTestSuite1579855002070.groovy:36)
)

2020-01-24 08:48:12 - [MESSAGE][WARNING] - Unable to call Test Case 'Test Cases/Reusable_Test_Sequences/Web_Office/Directives/WebOffice_StartUp' (Root cause: com.kms.katalon.core.exception.StepFailedException: Call Test Case 'Test Cases/Reusable_Test_Sequences/Web_Office/Directives/WebOffice_StartUp' failed
	at com.kms.katalon.core.keyword.builtin.CallTestCaseKeyword$_callTestCase_closure1.doCall(CallTestCaseKeyword.groovy:63)
	at com.kms.katalon.core.keyword.builtin.CallTestCaseKeyword$_callTestCase_closure1.call(CallTestCaseKeyword.groovy)
	at com.kms.katalon.core.keyword.internal.KeywordMain.runKeyword(KeywordMain.groovy:68)
	at com.kms.katalon.core.keyword.builtin.CallTestCaseKeyword.callTestCase(CallTestCaseKeyword.groovy:81)
	at com.kms.katalon.core.keyword.builtin.CallTestCaseKeyword.execute(CallTestCaseKeyword.groovy:44)
	at com.kms.katalon.core.keyword.internal.KeywordExecutor.executeKeywordForPlatform(KeywordExecutor.groovy:72)
	at com.kms.katalon.core.keyword.BuiltinKeywords.callTestCase(BuiltinKeywords.groovy:334)
	at WebOffice_Consumer_Search.run(WebOffice_Consumer_Search:57)
	at com.kms.katalon.core.main.ScriptEngine.run(ScriptEngine.java:194)
	at com.kms.katalon.core.main.ScriptEngine.runScriptAsRawText(ScriptEngine.java:119)
	at com.kms.katalon.core.main.TestCaseExecutor.runScript(TestCaseExecutor.java:337)
	at com.kms.katalon.core.main.TestCaseExecutor.doExecute(TestCaseExecutor.java:328)
	at com.kms.katalon.core.main.TestCaseExecutor.processExecutionPhase(TestCaseExecutor.java:307)
	at com.kms.katalon.core.main.TestCaseExecutor.accessMainPhase(TestCaseExecutor.java:299)
	at com.kms.katalon.core.main.TestCaseExecutor.execute(TestCaseExecutor.java:233)
	at com.kms.katalon.core.main.TestSuiteExecutor.accessTestCaseMainPhase(TestSuiteExecutor.java:169)
	at com.kms.katalon.core.main.TestSuiteExecutor.accessTestSuiteMainPhase(TestSuiteExecutor.java:142)
	at com.kms.katalon.core.main.TestSuiteExecutor.execute(TestSuiteExecutor.java:91)
	at com.kms.katalon.core.main.TestCaseMain.startTestSuite(TestCaseMain.java:157)
	at com.kms.katalon.core.main.TestCaseMain$startTestSuite$0.call(Unknown Source)
	at TempTestSuite1579855002070.run(TempTestSuite1579855002070.groovy:36)
Caused by: com.kms.katalon.core.exception.StepFailedException: Text 'Welcome check1234' is not present on page  (Root cause: com.kms.katalon.core.exception.StepFailedException: Text 'Welcome check1234' is not present on page 
	at com.kms.katalon.core.webui.keyword.internal.WebUIKeywordMain.stepFailed(WebUIKeywordMain.groovy:64)
	at com.kms.katalon.core.webui.keyword.builtin.VerifyTextPresentKeyword$_verifyTextPresent_closure1.doCall(VerifyTextPresentKeyword.groovy:79)
	at com.kms.katalon.core.webui.keyword.builtin.VerifyTextPresentKeyword$_verifyTextPresent_closure1.call(VerifyTextPresentKeyword.groovy)
	at com.kms.katalon.core.webui.keyword.internal.WebUIKeywordMain.runKeyword(WebUIKeywordMain.groovy:20)
	at com.kms.katalon.core.webui.keyword.builtin.VerifyTextPresentKeyword.verifyTextPresent(VerifyTextPresentKeyword.groovy:83)
	at com.kms.katalon.core.webui.keyword.builtin.VerifyTextPresentKeyword.execute(VerifyTextPresentKeyword.groovy:68)
	at com.kms.katalon.core.keyword.internal.KeywordExecutor.executeKeywordForPlatform(KeywordExecutor.groovy:72)
	at com.kms.katalon.core.webui.keyword.WebUiBuiltInKeywords.verifyTextPresent(WebUiBuiltInKeywords.groovy:1693)
	at com.kms.katalon.core.webui.keyword.WebUiBuiltInKeywords$verifyTextPresent$2.call(Unknown Source)
	at WebOffice_StartUp.run(WebOffice_StartUp:152)
	at com.kms.katalon.core.main.ScriptEngine.run(ScriptEngine.java:194)
	at com.kms.katalon.core.main.ScriptEngine.runScriptAsRawText(ScriptEngine.java:119)
	at com.kms.katalon.core.main.TestCaseExecutor.runScript(TestCaseExecutor.java:337)
	at com.kms.katalon.core.main.TestCaseExecutor.doExecute(TestCaseExecutor.java:328)
	at com.kms.katalon.core.main.TestCaseExecutor.processExecutionPhase(TestCaseExecutor.java:307)
	at com.kms.katalon.core.main.TestCaseExecutor.accessMainPhase(TestCaseExecutor.java:299)
	at com.kms.katalon.core.main.TestCaseExecutor.execute(TestCaseExecutor.java:233)
	at com.kms.katalon.core.main.TestCaseMain.runTestCase(TestCaseMain.java:114)
	at com.kms.katalon.core.keyword.builtin.CallTestCaseKeyword$_callTestCase_closure1.doCall(CallTestCaseKeyword.groovy:59)
	at com.kms.katalon.core.keyword.builtin.CallTestCaseKeyword$_callTestCase_closure1.call(CallTestCaseKeyword.groovy)
	at com.kms.katalon.core.keyword.internal.KeywordMain.runKeyword(KeywordMain.groovy:68)
	at com.kms.katalon.core.keyword.builtin.CallTestCaseKeyword.callTestCase(CallTestCaseKeyword.groovy:81)
	at com.kms.katalon.core.keyword.builtin.CallTestCaseKeyword.execute(CallTestCaseKeyword.groovy:44)
	at com.kms.katalon.core.keyword.internal.KeywordExecutor.executeKeywordForPlatform(KeywordExecutor.groovy:72)
	at com.kms.katalon.core.keyword.BuiltinKeywords.callTestCase(BuiltinKeywords.groovy:334)
	at WebOffice_Consumer_Search.run(WebOffice_Consumer_Search:57)
	at com.kms.katalon.core.main.ScriptEngine.run(ScriptEngine.java:194)
	at com.kms.katalon.core.main.ScriptEngine.runScriptAsRawText(ScriptEngine.java:119)
	at com.kms.katalon.core.main.TestCaseExecutor.runScript(TestCaseExecutor.java:337)
	at com.kms.katalon.core.main.TestCaseExecutor.doExecute(TestCaseExecutor.java:328)
	at com.kms.katalon.core.main.TestCaseExecutor.processExecutionPhase(TestCaseExecutor.java:307)
	at com.kms.katalon.core.main.TestCaseExecutor.accessMainPhase(TestCaseExecutor.java:299)
	at com.kms.katalon.core.main.TestCaseExecutor.execute(TestCaseExecutor.java:233)
	at com.kms.katalon.core.main.TestSuiteExecutor.accessTestCaseMainPhase(TestSuiteExecutor.java:169)
	at com.kms.katalon.core.main.TestSuiteExecutor.accessTestSuiteMainPhase(TestSuiteExecutor.java:142)
	at com.kms.katalon.core.main.TestSuiteExecutor.execute(TestSuiteExecutor.java:91)
	at com.kms.katalon.core.main.TestCaseMain.startTestSuite(TestCaseMain.java:157)
	at com.kms.katalon.core.main.TestCaseMain$startTestSuite$0.call(Unknown Source)
	at TempTestSuite1579855002070.run(TempTestSuite1579855002070.groovy:36)
)
	at com.kms.katalon.core.keyword.internal.KeywordMain.stepFailed(KeywordMain.groovy:39)
	at com.kms.katalon.core.webui.keyword.internal.WebUIKeywordMain.stepFailed(WebUIKeywordMain.groovy:64)
	at com.kms.katalon.core.webui.keyword.builtin.VerifyTextPresentKeyword$_verifyTextPresent_closure1.doCall(VerifyTextPresentKeyword.groovy:79)
	at com.kms.katalon.core.webui.keyword.builtin.VerifyTextPresentKeyword$_verifyTextPresent_closure1.call(VerifyTextPresentKeyword.groovy)
	at com.kms.katalon.core.webui.keyword.internal.WebUIKeywordMain.runKeyword(WebUIKeywordMain.groovy:20)
	at com.kms.katalon.core.webui.keyword.builtin.VerifyTextPresentKeyword.verifyTextPresent(VerifyTextPresentKeyword.groovy:83)
	at com.kms.katalon.core.webui.keyword.builtin.VerifyTextPresentKeyword.execute(VerifyTextPresentKeyword.groovy:68)
	at com.kms.katalon.core.keyword.internal.KeywordExecutor.executeKeywordForPlatform(KeywordExecutor.groovy:72)
	at com.kms.katalon.core.webui.keyword.WebUiBuiltInKeywords.verifyTextPresent(WebUiBuiltInKeywords.groovy:1693)
	at com.kms.katalon.core.webui.keyword.WebUiBuiltInKeywords$verifyTextPresent$2.call(Unknown Source)
	at WebOffice_StartUp.run(WebOffice_StartUp:152)
	at com.kms.katalon.core.main.ScriptEngine.run(ScriptEngine.java:194)
	at com.kms.katalon.core.main.ScriptEngine.runScriptAsRawText(ScriptEngine.java:119)
	at com.kms.katalon.core.main.TestCaseExecutor.runScript(TestCaseExecutor.java:337)
	at com.kms.katalon.core.main.TestCaseExecutor.doExecute(TestCaseExecutor.java:328)
	at com.kms.katalon.core.main.TestCaseExecutor.processExecutionPhase(TestCaseExecutor.java:307)
	at com.kms.katalon.core.main.TestCaseExecutor.accessMainPhase(TestCaseExecutor.java:299)
	at com.kms.katalon.core.main.TestCaseExecutor.execute(TestCaseExecutor.java:233)
	at com.kms.katalon.core.main.TestCaseMain.runTestCase(TestCaseMain.java:114)
	at com.kms.katalon.core.keyword.builtin.CallTestCaseKeyword$_callTestCase_closure1.doCall(CallTestCaseKeyword.groovy:59)
	... 20 more
Caused by: com.kms.katalon.core.exception.StepFailedException: Text 'Welcome check1234' is not present on page 
	... 39 more
)

2020-01-24 08:48:12 - [TEST_STEP][PASSED] - "--------------------------------------": null

2020-01-24 08:48:12 - [TEST_STEP][PASSED] - " Navigate to <Consumer> Menu Item     |": null

2020-01-24 08:48:12 - [TEST_STEP][PASSED] - callTestCase(findTestCase("Reusable_Test_Sequences/Web_Office/navigation/Navigate_Consumers"), [:], OPTIONAL): Call Test Case 'Test Cases/Reusable_Test_Sequences/Web_Office/navigation/Navigate_Consumers' successfully

2020-01-24 08:48:12 - [TEST_CASE][PASSED] - Test Cases/Reusable_Test_Sequences/Web_Office/navigation/Navigate_Consumers: Test Cases/Reusable_Test_Sequences/Web_Office/navigation/Navigate_Consumers

2020-01-24 08:48:12 - [TEST_STEP][PASSED] - "--------------------------------------": null

2020-01-24 08:48:12 - [TEST_STEP][PASSED] - " Navigate Top level menu Item         |": null

2020-01-24 08:48:12 - [TEST_STEP][PASSED] - waitForPageLoad(60): Wait for page load successfully

2020-01-24 08:48:12 - [MESSAGE][PASSED] - Wait for page load successfully

2020-01-24 08:48:12 - [TEST_STEP][PASSED] - waitForElementClickable(findTestObject("Object Repository/WebOffice_Home_page/a_Consumers"), 60): Object 'Object Repository/WebOffice_Home_page/a_Consumers' is clickable

2020-01-24 08:48:12 - [MESSAGE][PASSED] - Object 'Object Repository/WebOffice_Home_page/a_Consumers' is clickable

2020-01-24 08:48:12 - [TEST_STEP][PASSED] - click(findTestObject("Object Repository/WebOffice_Home_page/a_Consumers")): Object: 'Object Repository/WebOffice_Home_page/a_Consumers' is clicked on

2020-01-24 08:48:13 - [MESSAGE][PASSED] - Object: 'Object Repository/WebOffice_Home_page/a_Consumers' is clicked on

2020-01-24 08:48:13 - [MESSAGE][PASSED] - Call Test Case 'Test Cases/Reusable_Test_Sequences/Web_Office/navigation/Navigate_Consumers' successfully

2020-01-24 08:48:13 - [TEST_STEP][PASSED] - "--------------------------------------": null

2020-01-24 08:48:13 - [TEST_STEP][PASSED] - " LH Pane  - Apply Search Criteria     |": null

2020-01-24 08:48:13 - [TEST_STEP][PASSED] - callTestCase(findTestCase("Reusable_Test_Sequences/Web_Office/Actions/Set_Consumer_Data"), [:], OPTIONAL): Call Test Case 'Test Cases/Reusable_Test_Sequences/Web_Office/Actions/Set_Consumer_Data' successfully

2020-01-24 08:48:13 - [TEST_CASE][PASSED] - Test Cases/Reusable_Test_Sequences/Web_Office/Actions/Set_Consumer_Data: Test Cases/Reusable_Test_Sequences/Web_Office/Actions/Set_Consumer_Data

2020-01-24 08:48:13 - [TEST_STEP][PASSED] - "--------------------------------": null

2020-01-24 08:48:13 - [TEST_STEP][PASSED] - "Read data from spreadsheet      |": null

2020-01-24 08:48:13 - [TEST_STEP][PASSED] - data = findTestData("Data Files/Consumer_Data (1)"): null

2020-01-24 08:48:13 - [TEST_STEP][PASSED] - Forename = data.getValue("Forename", row): null

2020-01-24 08:48:13 - [TEST_STEP][PASSED] - Surname = data.getValue("Surname", row): null

2020-01-24 08:48:13 - [TEST_STEP][PASSED] - Mobile = data.getValue("Mobile", row): null

2020-01-24 08:48:13 - [TEST_STEP][PASSED] - Email = data.getValue("Email", row): null

2020-01-24 08:48:13 - [TEST_STEP][PASSED] - House = data.getValue("House", row): null

2020-01-24 08:48:13 - [TEST_STEP][PASSED] - Street = data.getValue("Street", row): null

2020-01-24 08:48:13 - [TEST_STEP][PASSED] - Town = data.getValue("Town", row): null

2020-01-24 08:48:13 - [TEST_STEP][PASSED] - City = data.getValue("City", row): null

2020-01-24 08:48:13 - [TEST_STEP][PASSED] - County = data.getValue("County", row): null

2020-01-24 08:48:13 - [TEST_STEP][PASSED] - Postcode = data.getValue("Postcode", row): null

2020-01-24 08:48:13 - [TEST_STEP][PASSED] - Phone = data.getValue("Phone", row): null

2020-01-24 08:48:13 - [TEST_STEP][PASSED] - Status = data.getValue("Status", row): null

2020-01-24 08:48:13 - [TEST_STEP][PASSED] - Type = data.getValue("Type", row): null

2020-01-24 08:48:13 - [TEST_STEP][PASSED] - Consumer_ID = data.getValue("Consumer_ID", row): null

2020-01-24 08:48:13 - [TEST_STEP][PASSED] - "--------------------------------": null

2020-01-24 08:48:13 - [TEST_STEP][PASSED] - "Read data from spreadsheet      |": null

2020-01-24 08:48:13 - [TEST_STEP][PASSED] - "--------------------------------": null

2020-01-24 08:48:13 - [TEST_STEP][PASSED] - "--------------------------------": null

2020-01-24 08:48:13 - [TEST_STEP][PASSED] - " Synchronisation                |": null

2020-01-24 08:48:13 - [TEST_STEP][PASSED] - waitForPageLoad(60): Wait for page load successfully

2020-01-24 08:48:13 - [MESSAGE][PASSED] - Wait for page load successfully

2020-01-24 08:48:13 - [TEST_STEP][PASSED] - waitForElementVisible(findTestObject("Object Repository/WebOffice/Consumers/Page_/input_Forename_ctl00CP1ctlSearchtbForenames"), 60): Object 'Object Repository/WebOffice/Consumers/Page_/input_Forename_ctl00CP1ctlSearchtbForenames' is visible

2020-01-24 08:48:13 - [MESSAGE][PASSED] - Object 'Object Repository/WebOffice/Consumers/Page_/input_Forename_ctl00CP1ctlSearchtbForenames' is visible

2020-01-24 08:48:13 - [TEST_STEP][PASSED] - click(findTestObject("Object Repository/WebOffice/Consumers/Page_/input_Forename_ctl00CP1ctlSearchtbForenames")): Object: 'Object Repository/WebOffice/Consumers/Page_/input_Forename_ctl00CP1ctlSearchtbForenames' is clicked on

2020-01-24 08:48:14 - [MESSAGE][PASSED] - Object: 'Object Repository/WebOffice/Consumers/Page_/input_Forename_ctl00CP1ctlSearchtbForenames' is clicked on

2020-01-24 08:48:14 - [TEST_STEP][PASSED] - "-------------------------------------------------------------------------------------------------------------------------------------": null

2020-01-24 08:48:14 - [TEST_STEP][PASSED] - setText(findTestObject("Object Repository/WebOffice/Consumers/Page_/input_Forename_ctl00CP1ctlSearchtbForenames"), Forename): Text '' is set on object 'Object Repository/WebOffice/Consumers/Page_/input_Forename_ctl00CP1ctlSearchtbForenames'

2020-01-24 08:48:14 - [MESSAGE][PASSED] - Text '' is set on object 'Object Repository/WebOffice/Consumers/Page_/input_Forename_ctl00CP1ctlSearchtbForenames'

2020-01-24 08:48:14 - [TEST_STEP][PASSED] - "-------------------------------------------------------------------------------------------------------------------------------------": null

2020-01-24 08:48:14 - [TEST_STEP][PASSED] - setText(findTestObject("Object Repository/WebOffice/Consumers/Page_/input_Surname_ctl00CP1ctlSearchtbSurname"), Surname): Text '' is set on object 'Object Repository/WebOffice/Consumers/Page_/input_Surname_ctl00CP1ctlSearchtbSurname'

2020-01-24 08:48:14 - [MESSAGE][PASSED] - Text '' is set on object 'Object Repository/WebOffice/Consumers/Page_/input_Surname_ctl00CP1ctlSearchtbSurname'

2020-01-24 08:48:14 - [TEST_STEP][PASSED] - "-------------------------------------------------------------------------------------------------------------------------------------": null

2020-01-24 08:48:14 - [TEST_STEP][PASSED] - setText(findTestObject("Object Repository/WebOffice/Consumers/Page_/input_Mobile_ctl00CP1ctlSearchtbMobile"), Mobile): Text '447772534248' is set on object 'Object Repository/WebOffice/Consumers/Page_/input_Mobile_ctl00CP1ctlSearchtbMobile'

2020-01-24 08:48:15 - [MESSAGE][PASSED] - Text '447772534248' is set on object 'Object Repository/WebOffice/Consumers/Page_/input_Mobile_ctl00CP1ctlSearchtbMobile'

2020-01-24 08:48:15 - [TEST_STEP][PASSED] - "-------------------------------------------------------------------------------------------------------------------------------------": null

2020-01-24 08:48:15 - [TEST_STEP][PASSED] - setText(findTestObject("Object Repository/WebOffice/Consumers/Page_/input_Email_ctl00CP1ctlSearchtbEmail"), Email): Text '' is set on object 'Object Repository/WebOffice/Consumers/Page_/input_Email_ctl00CP1ctlSearchtbEmail'

2020-01-24 08:48:15 - [MESSAGE][PASSED] - Text '' is set on object 'Object Repository/WebOffice/Consumers/Page_/input_Email_ctl00CP1ctlSearchtbEmail'

2020-01-24 08:48:15 - [TEST_STEP][PASSED] - "-------------------------------------------------------------------------------------------------------------------------------------": null

2020-01-24 08:48:15 - [TEST_STEP][PASSED] - setText(findTestObject("Object Repository/WebOffice/Consumers/Page_/input_House_ctl00CP1ctlSearchtbHouse"), House): Text '' is set on object 'Object Repository/WebOffice/Consumers/Page_/input_House_ctl00CP1ctlSearchtbHouse'

2020-01-24 08:48:15 - [MESSAGE][PASSED] - Text '' is set on object 'Object Repository/WebOffice/Consumers/Page_/input_House_ctl00CP1ctlSearchtbHouse'

2020-01-24 08:48:15 - [TEST_STEP][PASSED] - "-------------------------------------------------------------------------------------------------------------------------------------": null

2020-01-24 08:48:15 - [TEST_STEP][PASSED] - setText(findTestObject("Object Repository/WebOffice/Consumers/Page_/input_Street_ctl00CP1ctlSearchtbStreet"), Street): Text '' is set on object 'Object Repository/WebOffice/Consumers/Page_/input_Street_ctl00CP1ctlSearchtbStreet'

2020-01-24 08:48:15 - [MESSAGE][PASSED] - Text '' is set on object 'Object Repository/WebOffice/Consumers/Page_/input_Street_ctl00CP1ctlSearchtbStreet'

2020-01-24 08:48:15 - [TEST_STEP][PASSED] - "-------------------------------------------------------------------------------------------------------------------------------------": null

2020-01-24 08:48:15 - [TEST_STEP][PASSED] - setText(findTestObject("Object Repository/WebOffice/Consumers/Page_/input_Town_ctl00CP1ctlSearchtbTown"), Town): Text '' is set on object 'Object Repository/WebOffice/Consumers/Page_/input_Town_ctl00CP1ctlSearchtbTown'

2020-01-24 08:48:16 - [MESSAGE][PASSED] - Text '' is set on object 'Object Repository/WebOffice/Consumers/Page_/input_Town_ctl00CP1ctlSearchtbTown'

2020-01-24 08:48:16 - [TEST_STEP][PASSED] - "-------------------------------------------------------------------------------------------------------------------------------------": null

2020-01-24 08:48:16 - [TEST_STEP][PASSED] - setText(findTestObject("Object Repository/WebOffice/Consumers/Page_/input_City_ctl00CP1ctlSearchtbCity"), City): Text '' is set on object 'Object Repository/WebOffice/Consumers/Page_/input_City_ctl00CP1ctlSearchtbCity'

2020-01-24 08:48:16 - [MESSAGE][PASSED] - Text '' is set on object 'Object Repository/WebOffice/Consumers/Page_/input_City_ctl00CP1ctlSearchtbCity'

2020-01-24 08:48:16 - [TEST_STEP][PASSED] - "-------------------------------------------------------------------------------------------------------------------------------------": null

2020-01-24 08:48:16 - [TEST_STEP][PASSED] - setText(findTestObject("Object Repository/WebOffice/Consumers/Page_/input_County_ctl00CP1ctlSearchtbCounty"), County): Text '' is set on object 'Object Repository/WebOffice/Consumers/Page_/input_County_ctl00CP1ctlSearchtbCounty'

2020-01-24 08:48:16 - [MESSAGE][PASSED] - Text '' is set on object 'Object Repository/WebOffice/Consumers/Page_/input_County_ctl00CP1ctlSearchtbCounty'

2020-01-24 08:48:16 - [TEST_STEP][PASSED] - "-------------------------------------------------------------------------------------------------------------------------------------": null

2020-01-24 08:48:16 - [TEST_STEP][PASSED] - setText(findTestObject("Object Repository/WebOffice/Consumers/Page_/input_Postcode_ctl00CP1ctlSearchtbPostcode"), Postcode): Text '' is set on object 'Object Repository/WebOffice/Consumers/Page_/input_Postcode_ctl00CP1ctlSearchtbPostcode'

2020-01-24 08:48:16 - [MESSAGE][PASSED] - Text '' is set on object 'Object Repository/WebOffice/Consumers/Page_/input_Postcode_ctl00CP1ctlSearchtbPostcode'

2020-01-24 08:48:16 - [TEST_STEP][PASSED] - "-------------------------------------------------------------------------------------------------------------------------------------": null

2020-01-24 08:48:16 - [TEST_STEP][PASSED] - setText(findTestObject("Object Repository/WebOffice/Consumers/Page_/input_Phone_ctl00CP1ctlSearchtbTel"), Phone): Text '' is set on object 'Object Repository/WebOffice/Consumers/Page_/input_Phone_ctl00CP1ctlSearchtbTel'

2020-01-24 08:48:17 - [MESSAGE][PASSED] - Text '' is set on object 'Object Repository/WebOffice/Consumers/Page_/input_Phone_ctl00CP1ctlSearchtbTel'

2020-01-24 08:48:17 - [TEST_STEP][PASSED] - "-------------------------------------------------------------------------------------------------------------------------------------": null

2020-01-24 08:48:17 - [TEST_STEP][PASSED] - "Set Status": null

2020-01-24 08:48:17 - [TEST_STEP][PASSED] - "-------------------------------------------------------------------------------------------------------------------------------------": null

2020-01-24 08:48:17 - [TEST_STEP][PASSED] - "Status 3 Options": null

2020-01-24 08:48:17 - [TEST_STEP][PASSED] - "-------------------------------------------------------------------------------------------------------------------------------------": null

2020-01-24 08:48:17 - [TEST_STEP][PASSED] - "Set Type": null

2020-01-24 08:48:17 - [TEST_STEP][PASSED] - "-------------------------------------------------------------------------------------------------------------------------------------": null

2020-01-24 08:48:17 - [TEST_STEP][PASSED] - "Type 3 Options": null

2020-01-24 08:48:17 - [TEST_STEP][PASSED] - "-------------------------------------------------------------------------------------------------------------------------------------": null

2020-01-24 08:48:17 - [TEST_STEP][PASSED] - click(findTestObject("Object Repository/WebOffice/Consumers/Page_/input_Clear_ctl00CP1ctlSearchbtnSearch")): Object: 'Object Repository/WebOffice/Consumers/Page_/input_Clear_ctl00CP1ctlSearchbtnSearch' is clicked on

2020-01-24 08:48:17 - [MESSAGE][PASSED] - Object: 'Object Repository/WebOffice/Consumers/Page_/input_Clear_ctl00CP1ctlSearchbtnSearch' is clicked on

2020-01-24 08:48:17 - [MESSAGE][PASSED] - Call Test Case 'Test Cases/Reusable_Test_Sequences/Web_Office/Actions/Set_Consumer_Data' successfully

2020-01-24 08:48:17 - [TEST_STEP][PASSED] - "--------------------------------------": null

2020-01-24 08:48:17 - [TEST_STEP][PASSED] - " Select Returned Record to Verify     |": null

2020-01-24 08:48:17 - [TEST_STEP][PASSED] - callTestCase(findTestCase("Reusable_Test_Sequences/Web_Office/Actions/Select_Consumer"), [:], OPTIONAL): Call Test Case 'Test Cases/Reusable_Test_Sequences/Web_Office/Actions/Select_Consumer' successfully

2020-01-24 08:48:17 - [TEST_CASE][PASSED] - Test Cases/Reusable_Test_Sequences/Web_Office/Actions/Select_Consumer: Test Cases/Reusable_Test_Sequences/Web_Office/Actions/Select_Consumer

2020-01-24 08:48:17 - [TEST_STEP][PASSED] - "--------": null

2020-01-24 08:48:17 - [TEST_STEP][PASSED] - "Search  |": null

2020-01-24 08:48:17 - [TEST_STEP][PASSED] - waitForPageLoad(60): Wait for page load successfully

2020-01-24 08:48:17 - [MESSAGE][PASSED] - Wait for page load successfully

2020-01-24 08:48:17 - [TEST_STEP][PASSED] - waitForElementClickable(findTestObject("Object Repository/WO_Consumer/Page_/input_Clear_ctl00CP1ctlSearchbtnSearch"), 60): Object 'Object Repository/WO_Consumer/Page_/input_Clear_ctl00CP1ctlSearchbtnSearch' is clickable

2020-01-24 08:48:17 - [MESSAGE][PASSED] - Object 'Object Repository/WO_Consumer/Page_/input_Clear_ctl00CP1ctlSearchbtnSearch' is clickable

2020-01-24 08:48:17 - [TEST_STEP][PASSED] - click(findTestObject("Object Repository/WO_Consumer/Page_/input_Clear_ctl00CP1ctlSearchbtnSearch")): Object: 'Object Repository/WO_Consumer/Page_/input_Clear_ctl00CP1ctlSearchbtnSearch' is clicked on

2020-01-24 08:48:17 - [MESSAGE][PASSED] - Object: 'Object Repository/WO_Consumer/Page_/input_Clear_ctl00CP1ctlSearchbtnSearch' is clicked on

2020-01-24 08:48:17 - [TEST_STEP][PASSED] - delay(5): Delayed 5 second(s)

2020-01-24 08:48:22 - [MESSAGE][PASSED] - Delayed 5 second(s)

2020-01-24 08:48:22 - [TEST_STEP][PASSED] - "--------": null

2020-01-24 08:48:22 - [TEST_STEP][PASSED] - "Synch   |": null

2020-01-24 08:48:22 - [TEST_STEP][PASSED] - waitForPageLoad(120): Wait for page load successfully

2020-01-24 08:48:22 - [MESSAGE][PASSED] - Wait for page load successfully

2020-01-24 08:48:22 - [TEST_STEP][PASSED] - waitForElementClickable(findTestObject("Object Repository/WO_Consumer/Page_/a_Feedback"), 60): Object 'Object Repository/WO_Consumer/Page_/a_Feedback' is clickable

2020-01-24 08:48:23 - [MESSAGE][PASSED] - Object 'Object Repository/WO_Consumer/Page_/a_Feedback' is clickable

2020-01-24 08:48:23 - [TEST_STEP][PASSED] - "----------------------------------------": null

2020-01-24 08:48:23 - [TEST_STEP][PASSED] - "Initial Table View (Populated or Not    |": null

2020-01-24 08:48:23 - [TEST_STEP][PASSED] - "----------------------------------------": null

2020-01-24 08:48:23 - [TEST_STEP][PASSED] - "---------------------------------------------------": null

2020-01-24 08:48:23 - [TEST_STEP][PASSED] - "If Record Exists Then rocess, Otherwise Jump Over  |": null

2020-01-24 08:48:23 - [TEST_STEP][PASSED] - "---------------------------------------------------": null

2020-01-24 08:48:23 - [TEST_STEP][PASSED] - "----------------------------------------": null

2020-01-24 08:48:23 - [TEST_STEP][PASSED] - "Initial Table Return Checks": null

2020-01-24 08:48:23 - [TEST_STEP][PASSED] - "----------------------------------------": null

2020-01-24 08:48:23 - [TEST_STEP][PASSED] - "--------": null

2020-01-24 08:48:23 - [TEST_STEP][PASSED] - "Sort    |": null

2020-01-24 08:48:23 - [TEST_STEP][PASSED] - click(findTestObject("Object Repository/WO_Consumer/Page_/a_Feedback")): Object: 'Object Repository/WO_Consumer/Page_/a_Feedback' is clicked on

2020-01-24 08:48:23 - [MESSAGE][PASSED] - Object: 'Object Repository/WO_Consumer/Page_/a_Feedback' is clicked on

2020-01-24 08:48:23 - [TEST_STEP][PASSED] - delay(5): Delayed 5 second(s)

2020-01-24 08:48:28 - [MESSAGE][PASSED] - Delayed 5 second(s)

2020-01-24 08:48:28 - [TEST_STEP][PASSED] - "--------": null

2020-01-24 08:48:28 - [TEST_STEP][PASSED] - "Sort    |": null

2020-01-24 08:48:28 - [TEST_STEP][PASSED] - click(findTestObject("Object Repository/WO_Consumer/Page_/a_Feedback")): Object: 'Object Repository/WO_Consumer/Page_/a_Feedback' is clicked on

2020-01-24 08:48:28 - [MESSAGE][PASSED] - Object: 'Object Repository/WO_Consumer/Page_/a_Feedback' is clicked on

2020-01-24 08:48:28 - [TEST_STEP][PASSED] - delay(5): Delayed 5 second(s)

2020-01-24 08:48:33 - [MESSAGE][PASSED] - Delayed 5 second(s)

2020-01-24 08:48:33 - [TEST_STEP][PASSED] - "--------": null

2020-01-24 08:48:33 - [TEST_STEP][PASSED] - "Select  |": null

2020-01-24 08:48:33 - [TEST_STEP][PASSED] - waitForElementClickable(findTestObject("WO_Consumer/Page_/td_TopRow"), 60): Object 'Object Repository/WO_Consumer/Page_/td_TopRow' is clickable

2020-01-24 08:48:33 - [MESSAGE][PASSED] - Object 'Object Repository/WO_Consumer/Page_/td_TopRow' is clickable

2020-01-24 08:48:33 - [TEST_STEP][PASSED] - click(findTestObject("WO_Consumer/Page_/td_TopRow")): Object: 'Object Repository/WO_Consumer/Page_/td_TopRow' is clicked on

2020-01-24 08:48:34 - [MESSAGE][PASSED] - Object: 'Object Repository/WO_Consumer/Page_/td_TopRow' is clicked on

2020-01-24 08:48:34 - [TEST_STEP][PASSED] - delay(1): Delayed 1 second(s)

2020-01-24 08:48:35 - [MESSAGE][PASSED] - Delayed 1 second(s)

2020-01-24 08:48:35 - [MESSAGE][PASSED] - Call Test Case 'Test Cases/Reusable_Test_Sequences/Web_Office/Actions/Select_Consumer' successfully

2020-01-24 08:48:35 - [TEST_STEP][PASSED] - "--------------------------------------": null

2020-01-24 08:48:35 - [TEST_STEP][PASSED] - " Verify Returned Consumer Record      |": null

2020-01-24 08:48:35 - [TEST_STEP][PASSED] - callTestCase(findTestCase("Reusable_Test_Sequences/Web_Office/Verification/Consumer_Returned_Search_Record"), [:], OPTIONAL): Call Test Case 'Test Cases/Reusable_Test_Sequences/Web_Office/Verification/Consumer_Returned_Search_Record' successfully

2020-01-24 08:48:35 - [TEST_CASE][PASSED] - Test Cases/Reusable_Test_Sequences/Web_Office/Verification/Consumer_Returned_Search_Record: Test Cases/Reusable_Test_Sequences/Web_Office/Verification/Consumer_Returned_Search_Record

2020-01-24 08:48:35 - [TEST_STEP][PASSED] - "--------------------------------": null

2020-01-24 08:48:35 - [TEST_STEP][PASSED] - "Read data from spreadsheet      | r_ = Returned Data": null

2020-01-24 08:48:35 - [TEST_STEP][PASSED] - data = findTestData("Data Files/Consumer_Data (1)"): null

2020-01-24 08:48:35 - [TEST_STEP][PASSED] - Consumer_ID = data.getValue("Consumer_ID", row): null

2020-01-24 08:48:35 - [TEST_STEP][PASSED] - Title = data.getValue("r_Title", row): null

2020-01-24 08:48:35 - [TEST_STEP][PASSED] - Forenames = data.getValue("r_Forenames", row): null

2020-01-24 08:48:35 - [TEST_STEP][PASSED] - Surname = data.getValue("r_Surname", row): null

2020-01-24 08:48:35 - [TEST_STEP][PASSED] - Housename = data.getValue("r_Housename", row): null

2020-01-24 08:48:35 - [TEST_STEP][PASSED] - Number_Street = data.getValue("r_Number_and_Street", row): null

2020-01-24 08:48:35 - [TEST_STEP][PASSED] - City = data.getValue("r_City", row): null

2020-01-24 08:48:35 - [TEST_STEP][PASSED] - Town = data.getValue("r_Town", row): null

2020-01-24 08:48:35 - [TEST_STEP][PASSED] - County = data.getValue("r_County", row): null

2020-01-24 08:48:35 - [TEST_STEP][PASSED] - Postcode = data.getValue("r_Postcode", row): null

2020-01-24 08:48:35 - [TEST_STEP][PASSED] - Phone1 = data.getValue("r_Phone_1", row): null

2020-01-24 08:48:35 - [TEST_STEP][PASSED] - Phone2 = data.getValue("r_Phone_2", row): null

2020-01-24 08:48:35 - [TEST_STEP][PASSED] - Fax = data.getValue("r_Fax", row): null

2020-01-24 08:48:35 - [TEST_STEP][PASSED] - r_Full_Name = data.getValue("r_Full_Name", 1): null

2020-01-24 08:48:35 - [TEST_STEP][PASSED] - r_Full_Address = data.getValue("r_Full_Address", 1): null

2020-01-24 08:48:35 - [TEST_STEP][PASSED] - "--------------------------------": null

2020-01-24 08:48:35 - [TEST_STEP][PASSED] - "Read data from spreadsheet      |": null

2020-01-24 08:48:35 - [TEST_STEP][PASSED] - Actual_Page_Text = "": null

2020-01-24 08:48:35 - [TEST_STEP][PASSED] - Expected_Page_Text = "": null

2020-01-24 08:48:35 - [TEST_STEP][PASSED] - waitForPageLoad(60): Wait for page load successfully

2020-01-24 08:48:35 - [MESSAGE][PASSED] - Wait for page load successfully

2020-01-24 08:48:35 - [TEST_STEP][PASSED] - delay(1): Delayed 1 second(s)

2020-01-24 08:48:36 - [MESSAGE][PASSED] - Delayed 1 second(s)

2020-01-24 08:48:36 - [TEST_STEP][PASSED] - "HEADER DETAIL - iFrame": null

2020-01-24 08:48:36 - [TEST_STEP][PASSED] - "----------------": null

2020-01-24 08:48:36 - [TEST_STEP][PASSED] - "Full Name       |": null

2020-01-24 08:48:36 - [TEST_STEP][PASSED] - verifyElementPresent(findTestObject("Object Repository/WO_Consumer/Page_/Page_/a_Mr Gordon Brown"), 25): Object 'Object Repository/WO_Consumer/Page_/Page_/a_Mr Gordon Brown' is present

2020-01-24 08:48:36 - [MESSAGE][PASSED] - Object 'Object Repository/WO_Consumer/Page_/Page_/a_Mr Gordon Brown' is present

2020-01-24 08:48:36 - [TEST_STEP][PASSED] - "----------------": null

2020-01-24 08:48:36 - [TEST_STEP][PASSED] - "Full Address    |": null

2020-01-24 08:48:36 - [TEST_STEP][PASSED] - verifyElementPresent(findTestObject("Object Repository/WO_Consumer/Page_/Page_/div_Haywards Heath West Sussex RH16 4ER4477_d20822"), 25): Object 'Object Repository/WO_Consumer/Page_/Page_/div_Haywards Heath West Sussex RH16 4ER4477_d20822' is present

2020-01-24 08:48:36 - [MESSAGE][PASSED] - Object 'Object Repository/WO_Consumer/Page_/Page_/div_Haywards Heath West Sussex RH16 4ER4477_d20822' is present

2020-01-24 08:48:36 - [TEST_STEP][PASSED] - "BODY DETAIL - iFrame": null

2020-01-24 08:48:36 - [TEST_STEP][PASSED] - "----------------": null

2020-01-24 08:48:36 - [TEST_STEP][PASSED] - "EDIT Consumer   |": null

2020-01-24 08:48:36 - [TEST_STEP][PASSED] - verifyElementPresent(findTestObject("Object Repository/WO_Consumer/Page_/Page_/input_Title_ctledittbTitle"), 25): Object 'Object Repository/WO_Consumer/Page_/Page_/input_Title_ctledittbTitle' is present

2020-01-24 08:48:37 - [MESSAGE][PASSED] - Object 'Object Repository/WO_Consumer/Page_/Page_/input_Title_ctledittbTitle' is present

2020-01-24 08:48:37 - [TEST_STEP][PASSED] - "----------------": null

2020-01-24 08:48:37 - [TEST_STEP][PASSED] - "Address         |": null

2020-01-24 08:48:37 - [TEST_STEP][PASSED] - verifyElementPresent(findTestObject("Object Repository/WO_Consumer/Page_/Page_/span_Please ensure the Street  Road name is_e38a58"), 25): Object 'Object Repository/WO_Consumer/Page_/Page_/span_Please ensure the Street  Road name is_e38a58' is present

2020-01-24 08:48:37 - [MESSAGE][PASSED] - Object 'Object Repository/WO_Consumer/Page_/Page_/span_Please ensure the Street  Road name is_e38a58' is present

2020-01-24 08:48:37 - [MESSAGE][PASSED] - Call Test Case 'Test Cases/Reusable_Test_Sequences/Web_Office/Verification/Consumer_Returned_Search_Record' successfully

2020-01-24 08:48:37 - [TEST_STEP][PASSED] - "--------------------------": null

2020-01-24 08:48:37 - [TEST_STEP][PASSED] - " Teardown - CLose Browser |": null

2020-01-24 08:48:37 - [TEST_STEP][PASSED] - callTestCase(findTestCase("Reusable_Test_Sequences/CAT_Teardown"), [:], OPTIONAL): Call Test Case 'Test Cases/Reusable_Test_Sequences/CAT_Teardown' successfully

2020-01-24 08:48:37 - [TEST_CASE][PASSED] - Test Cases/Reusable_Test_Sequences/CAT_Teardown: Test Cases/Reusable_Test_Sequences/CAT_Teardown

2020-01-24 08:48:37 - [TEST_STEP][PASSED] - closeBrowser(): Browser is closed

2020-01-24 08:48:39 - [MESSAGE][PASSED] - Browser is closed

2020-01-24 08:48:39 - [MESSAGE][PASSED] - Call Test Case 'Test Cases/Reusable_Test_Sequences/CAT_Teardown' successfully

2020-01-24 08:48:39 - [TEST_STEP][PASSED] - "--------------------------------------": null

2020-01-24 08:48:39 - [TEST_STEP][PASSED] - " Web Office StartUp                   |": null

2020-01-24 08:48:39 - [TEST_STEP][PASSED] - callTestCase(findTestCase("Reusable_Test_Sequences/Web_Office/Directives/WebOffice_StartUp"), [:], OPTIONAL): Unable to call Test Case 'Test Cases/Reusable_Test_Sequences/Web_Office/Directives/WebOffice_StartUp' (Root cause: com.kms.katalon.core.exception.StepFailedException: Call Test Case 'Test Cases/Reusable_Test_Sequences/Web_Office/Directives/WebOffice_StartUp' failed
	at com.kms.katalon.core.keyword.builtin.CallTestCaseKeyword$_callTestCase_closure1.doCall(CallTestCaseKeyword.groovy:63)
	at com.kms.katalon.core.keyword.builtin.CallTestCaseKeyword$_callTestCase_closure1.call(CallTestCaseKeyword.groovy)
	at com.kms.katalon.core.keyword.internal.KeywordMain.runKeyword(KeywordMain.groovy:68)
	at com.kms.katalon.core.keyword.builtin.CallTestCaseKeyword.callTestCase(CallTestCaseKeyword.groovy:81)
	at com.kms.katalon.core.keyword.builtin.CallTestCaseKeyword.execute(CallTestCaseKeyword.groovy:44)
	at com.kms.katalon.core.keyword.internal.KeywordExecutor.executeKeywordForPlatform(KeywordExecutor.groovy:72)
	at com.kms.katalon.core.keyword.BuiltinKeywords.callTestCase(BuiltinKeywords.groovy:334)
	at WebOffice_Consumer_Search.run(WebOffice_Consumer_Search:57)
	at com.kms.katalon.core.main.ScriptEngine.run(ScriptEngine.java:194)
	at com.kms.katalon.core.main.ScriptEngine.runScriptAsRawText(ScriptEngine.java:119)
	at com.kms.katalon.core.main.TestCaseExecutor.runScript(TestCaseExecutor.java:337)
	at com.kms.katalon.core.main.TestCaseExecutor.doExecute(TestCaseExecutor.java:328)
	at com.kms.katalon.core.main.TestCaseExecutor.processExecutionPhase(TestCaseExecutor.java:307)
	at com.kms.katalon.core.main.TestCaseExecutor.accessMainPhase(TestCaseExecutor.java:299)
	at com.kms.katalon.core.main.TestCaseExecutor.execute(TestCaseExecutor.java:233)
	at com.kms.katalon.core.main.TestSuiteExecutor.accessTestCaseMainPhase(TestSuiteExecutor.java:169)
	at com.kms.katalon.core.main.TestSuiteExecutor.accessTestSuiteMainPhase(TestSuiteExecutor.java:142)
	at com.kms.katalon.core.main.TestSuiteExecutor.execute(TestSuiteExecutor.java:91)
	at com.kms.katalon.core.main.TestCaseMain.startTestSuite(TestCaseMain.java:157)
	at com.kms.katalon.core.main.TestCaseMain$startTestSuite$0.call(Unknown Source)
	at TempTestSuite1579855002070.run(TempTestSuite1579855002070.groovy:36)
Caused by: com.kms.katalon.core.exception.StepFailedException: Text 'Welcome check1234' is not present on page  (Root cause: com.kms.katalon.core.exception.StepFailedException: Text 'Welcome check1234' is not present on page 
	at com.kms.katalon.core.webui.keyword.internal.WebUIKeywordMain.stepFailed(WebUIKeywordMain.groovy:64)
	at com.kms.katalon.core.webui.keyword.builtin.VerifyTextPresentKeyword$_verifyTextPresent_closure1.doCall(VerifyTextPresentKeyword.groovy:79)
	at com.kms.katalon.core.webui.keyword.builtin.VerifyTextPresentKeyword$_verifyTextPresent_closure1.call(VerifyTextPresentKeyword.groovy)
	at com.kms.katalon.core.webui.keyword.internal.WebUIKeywordMain.runKeyword(WebUIKeywordMain.groovy:20)
	at com.kms.katalon.core.webui.keyword.builtin.VerifyTextPresentKeyword.verifyTextPresent(VerifyTextPresentKeyword.groovy:83)
	at com.kms.katalon.core.webui.keyword.builtin.VerifyTextPresentKeyword.execute(VerifyTextPresentKeyword.groovy:68)
	at com.kms.katalon.core.keyword.internal.KeywordExecutor.executeKeywordForPlatform(KeywordExecutor.groovy:72)
	at com.kms.katalon.core.webui.keyword.WebUiBuiltInKeywords.verifyTextPresent(WebUiBuiltInKeywords.groovy:1693)
	at com.kms.katalon.core.webui.keyword.WebUiBuiltInKeywords$verifyTextPresent$2.call(Unknown Source)
	at WebOffice_StartUp.run(WebOffice_StartUp:152)
	at com.kms.katalon.core.main.ScriptEngine.run(ScriptEngine.java:194)
	at com.kms.katalon.core.main.ScriptEngine.runScriptAsRawText(ScriptEngine.java:119)
	at com.kms.katalon.core.main.TestCaseExecutor.runScript(TestCaseExecutor.java:337)
	at com.kms.katalon.core.main.TestCaseExecutor.doExecute(TestCaseExecutor.java:328)
	at com.kms.katalon.core.main.TestCaseExecutor.processExecutionPhase(TestCaseExecutor.java:307)
	at com.kms.katalon.core.main.TestCaseExecutor.accessMainPhase(TestCaseExecutor.java:299)
	at com.kms.katalon.core.main.TestCaseExecutor.execute(TestCaseExecutor.java:233)
	at com.kms.katalon.core.main.TestCaseMain.runTestCase(TestCaseMain.java:114)
	at com.kms.katalon.core.keyword.builtin.CallTestCaseKeyword$_callTestCase_closure1.doCall(CallTestCaseKeyword.groovy:59)
	at com.kms.katalon.core.keyword.builtin.CallTestCaseKeyword$_callTestCase_closure1.call(CallTestCaseKeyword.groovy)
	at com.kms.katalon.core.keyword.internal.KeywordMain.runKeyword(KeywordMain.groovy:68)
	at com.kms.katalon.core.keyword.builtin.CallTestCaseKeyword.callTestCase(CallTestCaseKeyword.groovy:81)
	at com.kms.katalon.core.keyword.builtin.CallTestCaseKeyword.execute(CallTestCaseKeyword.groovy:44)
	at com.kms.katalon.core.keyword.internal.KeywordExecutor.executeKeywordForPlatform(KeywordExecutor.groovy:72)
	at com.kms.katalon.core.keyword.BuiltinKeywords.callTestCase(BuiltinKeywords.groovy:334)
	at WebOffice_Consumer_Search.run(WebOffice_Consumer_Search:57)
	at com.kms.katalon.core.main.ScriptEngine.run(ScriptEngine.java:194)
	at com.kms.katalon.core.main.ScriptEngine.runScriptAsRawText(ScriptEngine.java:119)
	at com.kms.katalon.core.main.TestCaseExecutor.runScript(TestCaseExecutor.java:337)
	at com.kms.katalon.core.main.TestCaseExecutor.doExecute(TestCaseExecutor.java:328)
	at com.kms.katalon.core.main.TestCaseExecutor.processExecutionPhase(TestCaseExecutor.java:307)
	at com.kms.katalon.core.main.TestCaseExecutor.accessMainPhase(TestCaseExecutor.java:299)
	at com.kms.katalon.core.main.TestCaseExecutor.execute(TestCaseExecutor.java:233)
	at com.kms.katalon.core.main.TestSuiteExecutor.accessTestCaseMainPhase(TestSuiteExecutor.java:169)
	at com.kms.katalon.core.main.TestSuiteExecutor.accessTestSuiteMainPhase(TestSuiteExecutor.java:142)
	at com.kms.katalon.core.main.TestSuiteExecutor.execute(TestSuiteExecutor.java:91)
	at com.kms.katalon.core.main.TestCaseMain.startTestSuite(TestCaseMain.java:157)
	at com.kms.katalon.core.main.TestCaseMain$startTestSuite$0.call(Unknown Source)
	at TempTestSuite1579855002070.run(TempTestSuite1579855002070.groovy:36)
)
	at com.kms.katalon.core.keyword.internal.KeywordMain.stepFailed(KeywordMain.groovy:39)
	at com.kms.katalon.core.webui.keyword.internal.WebUIKeywordMain.stepFailed(WebUIKeywordMain.groovy:64)
	at com.kms.katalon.core.webui.keyword.builtin.VerifyTextPresentKeyword$_verifyTextPresent_closure1.doCall(VerifyTextPresentKeyword.groovy:79)
	at com.kms.katalon.core.webui.keyword.builtin.VerifyTextPresentKeyword$_verifyTextPresent_closure1.call(VerifyTextPresentKeyword.groovy)
	at com.kms.katalon.core.webui.keyword.internal.WebUIKeywordMain.runKeyword(WebUIKeywordMain.groovy:20)
	at com.kms.katalon.core.webui.keyword.builtin.VerifyTextPresentKeyword.verifyTextPresent(VerifyTextPresentKeyword.groovy:83)
	at com.kms.katalon.core.webui.keyword.builtin.VerifyTextPresentKeyword.execute(VerifyTextPresentKeyword.groovy:68)
	at com.kms.katalon.core.keyword.internal.KeywordExecutor.executeKeywordForPlatform(KeywordExecutor.groovy:72)
	at com.kms.katalon.core.webui.keyword.WebUiBuiltInKeywords.verifyTextPresent(WebUiBuiltInKeywords.groovy:1693)
	at com.kms.katalon.core.webui.keyword.WebUiBuiltInKeywords$verifyTextPresent$2.call(Unknown Source)
	at WebOffice_StartUp.run(WebOffice_StartUp:152)
	at com.kms.katalon.core.main.ScriptEngine.run(ScriptEngine.java:194)
	at com.kms.katalon.core.main.ScriptEngine.runScriptAsRawText(ScriptEngine.java:119)
	at com.kms.katalon.core.main.TestCaseExecutor.runScript(TestCaseExecutor.java:337)
	at com.kms.katalon.core.main.TestCaseExecutor.doExecute(TestCaseExecutor.java:328)
	at com.kms.katalon.core.main.TestCaseExecutor.processExecutionPhase(TestCaseExecutor.java:307)
	at com.kms.katalon.core.main.TestCaseExecutor.accessMainPhase(TestCaseExecutor.java:299)
	at com.kms.katalon.core.main.TestCaseExecutor.execute(TestCaseExecutor.java:233)
	at com.kms.katalon.core.main.TestCaseMain.runTestCase(TestCaseMain.java:114)
	at com.kms.katalon.core.keyword.builtin.CallTestCaseKeyword$_callTestCase_closure1.doCall(CallTestCaseKeyword.groovy:59)
	... 20 more
Caused by: com.kms.katalon.core.exception.StepFailedException: Text 'Welcome check1234' is not present on page 
	... 39 more
)

2020-01-24 08:48:39 - [TEST_CASE][FAILED] - Test Cases/Reusable_Test_Sequences/Web_Office/Directives/WebOffice_StartUp: Test Cases/Reusable_Test_Sequences/Web_Office/Directives/WebOffice_StartUp FAILED.
Reason:
com.kms.katalon.core.exception.StepFailedException: Text 'Welcome check1234' is not present on page  (Root cause: com.kms.katalon.core.exception.StepFailedException: Text 'Welcome check1234' is not present on page 
	at com.kms.katalon.core.webui.keyword.internal.WebUIKeywordMain.stepFailed(WebUIKeywordMain.groovy:64)
	at com.kms.katalon.core.webui.keyword.builtin.VerifyTextPresentKeyword$_verifyTextPresent_closure1.doCall(VerifyTextPresentKeyword.groovy:79)
	at com.kms.katalon.core.webui.keyword.builtin.VerifyTextPresentKeyword$_verifyTextPresent_closure1.call(VerifyTextPresentKeyword.groovy)
	at com.kms.katalon.core.webui.keyword.internal.WebUIKeywordMain.runKeyword(WebUIKeywordMain.groovy:20)
	at com.kms.katalon.core.webui.keyword.builtin.VerifyTextPresentKeyword.verifyTextPresent(VerifyTextPresentKeyword.groovy:83)
	at com.kms.katalon.core.webui.keyword.builtin.VerifyTextPresentKeyword.execute(VerifyTextPresentKeyword.groovy:68)
	at com.kms.katalon.core.keyword.internal.KeywordExecutor.executeKeywordForPlatform(KeywordExecutor.groovy:72)
	at com.kms.katalon.core.webui.keyword.WebUiBuiltInKeywords.verifyTextPresent(WebUiBuiltInKeywords.groovy:1693)
	at com.kms.katalon.core.webui.keyword.WebUiBuiltInKeywords$verifyTextPresent$2.call(Unknown Source)
	at WebOffice_StartUp.run(WebOffice_StartUp:152)
	at com.kms.katalon.core.main.ScriptEngine.run(ScriptEngine.java:194)
	at com.kms.katalon.core.main.ScriptEngine.runScriptAsRawText(ScriptEngine.java:119)
	at com.kms.katalon.core.main.TestCaseExecutor.runScript(TestCaseExecutor.java:337)
	at com.kms.katalon.core.main.TestCaseExecutor.doExecute(TestCaseExecutor.java:328)
	at com.kms.katalon.core.main.TestCaseExecutor.processExecutionPhase(TestCaseExecutor.java:307)
	at com.kms.katalon.core.main.TestCaseExecutor.accessMainPhase(TestCaseExecutor.java:299)
	at com.kms.katalon.core.main.TestCaseExecutor.execute(TestCaseExecutor.java:233)
	at com.kms.katalon.core.main.TestCaseMain.runTestCase(TestCaseMain.java:114)
	at com.kms.katalon.core.keyword.builtin.CallTestCaseKeyword$_callTestCase_closure1.doCall(CallTestCaseKeyword.groovy:59)
	at com.kms.katalon.core.keyword.builtin.CallTestCaseKeyword$_callTestCase_closure1.call(CallTestCaseKeyword.groovy)
	at com.kms.katalon.core.keyword.internal.KeywordMain.runKeyword(KeywordMain.groovy:68)
	at com.kms.katalon.core.keyword.builtin.CallTestCaseKeyword.callTestCase(CallTestCaseKeyword.groovy:81)
	at com.kms.katalon.core.keyword.builtin.CallTestCaseKeyword.execute(CallTestCaseKeyword.groovy:44)
	at com.kms.katalon.core.keyword.internal.KeywordExecutor.executeKeywordForPlatform(KeywordExecutor.groovy:72)
	at com.kms.katalon.core.keyword.BuiltinKeywords.callTestCase(BuiltinKeywords.groovy:334)
	at WebOffice_Consumer_Search.run(WebOffice_Consumer_Search:57)
	at com.kms.katalon.core.main.ScriptEngine.run(ScriptEngine.java:194)
	at com.kms.katalon.core.main.ScriptEngine.runScriptAsRawText(ScriptEngine.java:119)
	at com.kms.katalon.core.main.TestCaseExecutor.runScript(TestCaseExecutor.java:337)
	at com.kms.katalon.core.main.TestCaseExecutor.doExecute(TestCaseExecutor.java:328)
	at com.kms.katalon.core.main.TestCaseExecutor.processExecutionPhase(TestCaseExecutor.java:307)
	at com.kms.katalon.core.main.TestCaseExecutor.accessMainPhase(TestCaseExecutor.java:299)
	at com.kms.katalon.core.main.TestCaseExecutor.execute(TestCaseExecutor.java:233)
	at com.kms.katalon.core.main.TestSuiteExecutor.accessTestCaseMainPhase(TestSuiteExecutor.java:169)
	at com.kms.katalon.core.main.TestSuiteExecutor.accessTestSuiteMainPhase(TestSuiteExecutor.java:142)
	at com.kms.katalon.core.main.TestSuiteExecutor.execute(TestSuiteExecutor.java:91)
	at com.kms.katalon.core.main.TestCaseMain.startTestSuite(TestCaseMain.java:157)
	at com.kms.katalon.core.main.TestCaseMain$startTestSuite$0.call(Unknown Source)
	at TempTestSuite1579855002070.run(TempTestSuite1579855002070.groovy:36)
)
	at com.kms.katalon.core.keyword.internal.KeywordMain.stepFailed(KeywordMain.groovy:39)
	at com.kms.katalon.core.webui.keyword.internal.WebUIKeywordMain.stepFailed(WebUIKeywordMain.groovy:64)
	at com.kms.katalon.core.webui.keyword.builtin.VerifyTextPresentKeyword$_verifyTextPresent_closure1.doCall(VerifyTextPresentKeyword.groovy:79)
	at com.kms.katalon.core.webui.keyword.builtin.VerifyTextPresentKeyword$_verifyTextPresent_closure1.call(VerifyTextPresentKeyword.groovy)
	at com.kms.katalon.core.webui.keyword.internal.WebUIKeywordMain.runKeyword(WebUIKeywordMain.groovy:20)
	at com.kms.katalon.core.webui.keyword.builtin.VerifyTextPresentKeyword.verifyTextPresent(VerifyTextPresentKeyword.groovy:83)
	at com.kms.katalon.core.webui.keyword.builtin.VerifyTextPresentKeyword.execute(VerifyTextPresentKeyword.groovy:68)
	at com.kms.katalon.core.keyword.internal.KeywordExecutor.executeKeywordForPlatform(KeywordExecutor.groovy:72)
	at com.kms.katalon.core.webui.keyword.WebUiBuiltInKeywords.verifyTextPresent(WebUiBuiltInKeywords.groovy:1693)
	at com.kms.katalon.core.webui.keyword.WebUiBuiltInKeywords$verifyTextPresent$2.call(Unknown Source)
	at WebOffice_StartUp.run(WebOffice_StartUp:152)
	at com.kms.katalon.core.main.ScriptEngine.run(ScriptEngine.java:194)
	at com.kms.katalon.core.main.ScriptEngine.runScriptAsRawText(ScriptEngine.java:119)
	at com.kms.katalon.core.main.TestCaseExecutor.runScript(TestCaseExecutor.java:337)
	at com.kms.katalon.core.main.TestCaseExecutor.doExecute(TestCaseExecutor.java:328)
	at com.kms.katalon.core.main.TestCaseExecutor.processExecutionPhase(TestCaseExecutor.java:307)
	at com.kms.katalon.core.main.TestCaseExecutor.accessMainPhase(TestCaseExecutor.java:299)
	at com.kms.katalon.core.main.TestCaseExecutor.execute(TestCaseExecutor.java:233)
	at com.kms.katalon.core.main.TestCaseMain.runTestCase(TestCaseMain.java:114)
	at com.kms.katalon.core.keyword.builtin.CallTestCaseKeyword$_callTestCase_closure1.doCall(CallTestCaseKeyword.groovy:59)
	at com.kms.katalon.core.keyword.builtin.CallTestCaseKeyword$_callTestCase_closure1.call(CallTestCaseKeyword.groovy)
	at com.kms.katalon.core.keyword.internal.KeywordMain.runKeyword(KeywordMain.groovy:68)
	at com.kms.katalon.core.keyword.builtin.CallTestCaseKeyword.callTestCase(CallTestCaseKeyword.groovy:81)
	at com.kms.katalon.core.keyword.builtin.CallTestCaseKeyword.execute(CallTestCaseKeyword.groovy:44)
	at com.kms.katalon.core.keyword.internal.KeywordExecutor.executeKeywordForPlatform(KeywordExecutor.groovy:72)
	at com.kms.katalon.core.keyword.BuiltinKeywords.callTestCase(BuiltinKeywords.groovy:334)
	at WebOffice_Consumer_Search.run(WebOffice_Consumer_Search:57)
	at com.kms.katalon.core.main.ScriptEngine.run(ScriptEngine.java:194)
	at com.kms.katalon.core.main.ScriptEngine.runScriptAsRawText(ScriptEngine.java:119)
	at com.kms.katalon.core.main.TestCaseExecutor.runScript(TestCaseExecutor.java:337)
	at com.kms.katalon.core.main.TestCaseExecutor.doExecute(TestCaseExecutor.java:328)
	at com.kms.katalon.core.main.TestCaseExecutor.processExecutionPhase(TestCaseExecutor.java:307)
	at com.kms.katalon.core.main.TestCaseExecutor.accessMainPhase(TestCaseExecutor.java:299)
	at com.kms.katalon.core.main.TestCaseExecutor.execute(TestCaseExecutor.java:233)
	at com.kms.katalon.core.main.TestSuiteExecutor.accessTestCaseMainPhase(TestSuiteExecutor.java:169)
	at com.kms.katalon.core.main.TestSuiteExecutor.accessTestSuiteMainPhase(TestSuiteExecutor.java:142)
	at com.kms.katalon.core.main.TestSuiteExecutor.execute(TestSuiteExecutor.java:91)
	at com.kms.katalon.core.main.TestCaseMain.startTestSuite(TestCaseMain.java:157)
	at com.kms.katalon.core.main.TestCaseMain$startTestSuite$0.call(Unknown Source)
	at TempTestSuite1579855002070.run(TempTestSuite1579855002070.groovy:36)
Caused by: com.kms.katalon.core.exception.StepFailedException: Text 'Welcome check1234' is not present on page 
	... 39 more


2020-01-24 08:48:39 - [TEST_STEP][PASSED] - if (URL == "https://www.preview.checkatrade.com/"): null

2020-01-24 08:48:39 - [TEST_STEP][PASSED] - WebOfficeURL = "https://admin.preview.checkatrade.com/": null

2020-01-24 08:48:39 - [TEST_STEP][PASSED] - if (URL == "https://www.checkatrade.com/"): null

2020-01-24 08:48:39 - [TEST_STEP][PASSED] - "Set Function Area for "URL_Handler", URL Resolution": null

2020-01-24 08:48:39 - [TEST_STEP][PASSED] - "Do Some Magic with URL(s) See the comments within URL Handler ": null

2020-01-24 08:48:39 - [TEST_STEP][PASSED] - "------------------------------------------------": null

2020-01-24 08:48:39 - [TEST_STEP][PASSED] - "Moved Login Credentials to <Default> profile 22/01/2020": null

2020-01-24 08:48:39 - [TEST_STEP][PASSED] - "------------------------------------------------": null

2020-01-24 08:48:39 - [TEST_STEP][PASSED] - "WebOfficeURL - Set from the ENVIRONMENT PROFILE ": null

2020-01-24 08:48:39 - [TEST_STEP][PASSED] - "OPEN BROWSER": null

2020-01-24 08:48:39 - [TEST_STEP][PASSED] - "eg - https://admin.preview.checkatrade.com/  ": null

2020-01-24 08:48:39 - [TEST_STEP][PASSED] - openBrowser(WebOfficeURL): Browser is opened with url: 'https://admin.preview.checkatrade.com/'

2020-01-24 08:48:39 - [MESSAGE][INFO] - Starting 'Chrome' driver

2020-01-24 08:48:46 - [MESSAGE][PASSED] - Browser is opened with url: 'https://admin.preview.checkatrade.com/'

2020-01-24 08:48:46 - [TEST_STEP][PASSED] - maximizeWindow(): Current window maximized

2020-01-24 08:48:50 - [MESSAGE][PASSED] - Current window maximized

2020-01-24 08:48:50 - [TEST_STEP][PASSED] - waitForElementClickable(findTestObject("Object Repository/WebOffice/Page_Checkatrade - Administration - Login/Login_Button"), 25): Object 'Object Repository/WebOffice/Page_Checkatrade - Administration - Login/Login_Button' is clickable

2020-01-24 08:48:50 - [MESSAGE][PASSED] - Object 'Object Repository/WebOffice/Page_Checkatrade - Administration - Login/Login_Button' is clickable

2020-01-24 08:48:50 - [TEST_STEP][PASSED] - verifyTextPresent("Checkatrade Web Office", false): Text 'Checkatrade Web Office' is present on page 

2020-01-24 08:48:51 - [MESSAGE][PASSED] - Text 'Checkatrade Web Office' is present on page 

2020-01-24 08:48:51 - [TEST_STEP][PASSED] - verifyTextPresent("Access for staff use only", false): Text 'Access for staff use only' is present on page 

2020-01-24 08:48:51 - [MESSAGE][PASSED] - Text 'Access for staff use only' is present on page 

2020-01-24 08:48:51 - [TEST_STEP][PASSED] - verifyTextPresent("Forgotten password?", false): Text 'Forgotten password?' is present on page 

2020-01-24 08:48:51 - [MESSAGE][PASSED] - Text 'Forgotten password?' is present on page 

2020-01-24 08:48:51 - [TEST_STEP][PASSED] - setText(findTestObject("Object Repository/WebOffice/Page_Checkatrade - Administration - Login/input_Username_LoginControlUserName"), wo_Username): Text 'DavidHo' is set on object 'Object Repository/WebOffice/Page_Checkatrade - Administration - Login/input_Username_LoginControlUserName'

2020-01-24 08:48:51 - [MESSAGE][PASSED] - Text 'DavidHo' is set on object 'Object Repository/WebOffice/Page_Checkatrade - Administration - Login/input_Username_LoginControlUserName'

2020-01-24 08:48:51 - [TEST_STEP][PASSED] - setText(findTestObject("Object Repository/WebOffice/Page_Checkatrade - Administration - Login/input_Password_LoginControlPassword"), wo_Password): Text 'Check123' is set on object 'Object Repository/WebOffice/Page_Checkatrade - Administration - Login/input_Password_LoginControlPassword'

2020-01-24 08:48:51 - [MESSAGE][PASSED] - Text 'Check123' is set on object 'Object Repository/WebOffice/Page_Checkatrade - Administration - Login/input_Password_LoginControlPassword'

2020-01-24 08:48:51 - [TEST_STEP][PASSED] - click(findTestObject("Object Repository/WebOffice/Page_Checkatrade - Administration - Login/Login_Button")): Object: 'Object Repository/WebOffice/Page_Checkatrade - Administration - Login/Login_Button' is clicked on

2020-01-24 08:48:52 - [MESSAGE][PASSED] - Object: 'Object Repository/WebOffice/Page_Checkatrade - Administration - Login/Login_Button' is clicked on

2020-01-24 08:48:52 - [TEST_STEP][PASSED] - waitForPageLoad(60): Wait for page load successfully

2020-01-24 08:48:52 - [MESSAGE][PASSED] - Wait for page load successfully

2020-01-24 08:48:52 - [TEST_STEP][FAILED] - verifyTextPresent("Welcome " + Username, false): Text 'Welcome check1234' is not present on page  (Root cause: com.kms.katalon.core.exception.StepFailedException: Text 'Welcome check1234' is not present on page 
	at com.kms.katalon.core.webui.keyword.internal.WebUIKeywordMain.stepFailed(WebUIKeywordMain.groovy:64)
	at com.kms.katalon.core.webui.keyword.builtin.VerifyTextPresentKeyword$_verifyTextPresent_closure1.doCall(VerifyTextPresentKeyword.groovy:79)
	at com.kms.katalon.core.webui.keyword.builtin.VerifyTextPresentKeyword$_verifyTextPresent_closure1.call(VerifyTextPresentKeyword.groovy)
	at com.kms.katalon.core.webui.keyword.internal.WebUIKeywordMain.runKeyword(WebUIKeywordMain.groovy:20)
	at com.kms.katalon.core.webui.keyword.builtin.VerifyTextPresentKeyword.verifyTextPresent(VerifyTextPresentKeyword.groovy:83)
	at com.kms.katalon.core.webui.keyword.builtin.VerifyTextPresentKeyword.execute(VerifyTextPresentKeyword.groovy:68)
	at com.kms.katalon.core.keyword.internal.KeywordExecutor.executeKeywordForPlatform(KeywordExecutor.groovy:72)
	at com.kms.katalon.core.webui.keyword.WebUiBuiltInKeywords.verifyTextPresent(WebUiBuiltInKeywords.groovy:1693)
	at com.kms.katalon.core.webui.keyword.WebUiBuiltInKeywords$verifyTextPresent$2.call(Unknown Source)
	at WebOffice_StartUp.run(WebOffice_StartUp:152)
	at com.kms.katalon.core.main.ScriptEngine.run(ScriptEngine.java:194)
	at com.kms.katalon.core.main.ScriptEngine.runScriptAsRawText(ScriptEngine.java:119)
	at com.kms.katalon.core.main.TestCaseExecutor.runScript(TestCaseExecutor.java:337)
	at com.kms.katalon.core.main.TestCaseExecutor.doExecute(TestCaseExecutor.java:328)
	at com.kms.katalon.core.main.TestCaseExecutor.processExecutionPhase(TestCaseExecutor.java:307)
	at com.kms.katalon.core.main.TestCaseExecutor.accessMainPhase(TestCaseExecutor.java:299)
	at com.kms.katalon.core.main.TestCaseExecutor.execute(TestCaseExecutor.java:233)
	at com.kms.katalon.core.main.TestCaseMain.runTestCase(TestCaseMain.java:114)
	at com.kms.katalon.core.keyword.builtin.CallTestCaseKeyword$_callTestCase_closure1.doCall(CallTestCaseKeyword.groovy:59)
	at com.kms.katalon.core.keyword.builtin.CallTestCaseKeyword$_callTestCase_closure1.call(CallTestCaseKeyword.groovy)
	at com.kms.katalon.core.keyword.internal.KeywordMain.runKeyword(KeywordMain.groovy:68)
	at com.kms.katalon.core.keyword.builtin.CallTestCaseKeyword.callTestCase(CallTestCaseKeyword.groovy:81)
	at com.kms.katalon.core.keyword.builtin.CallTestCaseKeyword.execute(CallTestCaseKeyword.groovy:44)
	at com.kms.katalon.core.keyword.internal.KeywordExecutor.executeKeywordForPlatform(KeywordExecutor.groovy:72)
	at com.kms.katalon.core.keyword.BuiltinKeywords.callTestCase(BuiltinKeywords.groovy:334)
	at WebOffice_Consumer_Search.run(WebOffice_Consumer_Search:57)
	at com.kms.katalon.core.main.ScriptEngine.run(ScriptEngine.java:194)
	at com.kms.katalon.core.main.ScriptEngine.runScriptAsRawText(ScriptEngine.java:119)
	at com.kms.katalon.core.main.TestCaseExecutor.runScript(TestCaseExecutor.java:337)
	at com.kms.katalon.core.main.TestCaseExecutor.doExecute(TestCaseExecutor.java:328)
	at com.kms.katalon.core.main.TestCaseExecutor.processExecutionPhase(TestCaseExecutor.java:307)
	at com.kms.katalon.core.main.TestCaseExecutor.accessMainPhase(TestCaseExecutor.java:299)
	at com.kms.katalon.core.main.TestCaseExecutor.execute(TestCaseExecutor.java:233)
	at com.kms.katalon.core.main.TestSuiteExecutor.accessTestCaseMainPhase(TestSuiteExecutor.java:169)
	at com.kms.katalon.core.main.TestSuiteExecutor.accessTestSuiteMainPhase(TestSuiteExecutor.java:142)
	at com.kms.katalon.core.main.TestSuiteExecutor.execute(TestSuiteExecutor.java:91)
	at com.kms.katalon.core.main.TestCaseMain.startTestSuite(TestCaseMain.java:157)
	at com.kms.katalon.core.main.TestCaseMain$startTestSuite$0.call(Unknown Source)
	at TempTestSuite1579855002070.run(TempTestSuite1579855002070.groovy:36)
)

2020-01-24 08:48:53 - [MESSAGE][FAILED] - Text 'Welcome check1234' is not present on page  (Root cause: com.kms.katalon.core.exception.StepFailedException: Text 'Welcome check1234' is not present on page 
	at com.kms.katalon.core.webui.keyword.internal.WebUIKeywordMain.stepFailed(WebUIKeywordMain.groovy:64)
	at com.kms.katalon.core.webui.keyword.builtin.VerifyTextPresentKeyword$_verifyTextPresent_closure1.doCall(VerifyTextPresentKeyword.groovy:79)
	at com.kms.katalon.core.webui.keyword.builtin.VerifyTextPresentKeyword$_verifyTextPresent_closure1.call(VerifyTextPresentKeyword.groovy)
	at com.kms.katalon.core.webui.keyword.internal.WebUIKeywordMain.runKeyword(WebUIKeywordMain.groovy:20)
	at com.kms.katalon.core.webui.keyword.builtin.VerifyTextPresentKeyword.verifyTextPresent(VerifyTextPresentKeyword.groovy:83)
	at com.kms.katalon.core.webui.keyword.builtin.VerifyTextPresentKeyword.execute(VerifyTextPresentKeyword.groovy:68)
	at com.kms.katalon.core.keyword.internal.KeywordExecutor.executeKeywordForPlatform(KeywordExecutor.groovy:72)
	at com.kms.katalon.core.webui.keyword.WebUiBuiltInKeywords.verifyTextPresent(WebUiBuiltInKeywords.groovy:1693)
	at com.kms.katalon.core.webui.keyword.WebUiBuiltInKeywords$verifyTextPresent$2.call(Unknown Source)
	at WebOffice_StartUp.run(WebOffice_StartUp:152)
	at com.kms.katalon.core.main.ScriptEngine.run(ScriptEngine.java:194)
	at com.kms.katalon.core.main.ScriptEngine.runScriptAsRawText(ScriptEngine.java:119)
	at com.kms.katalon.core.main.TestCaseExecutor.runScript(TestCaseExecutor.java:337)
	at com.kms.katalon.core.main.TestCaseExecutor.doExecute(TestCaseExecutor.java:328)
	at com.kms.katalon.core.main.TestCaseExecutor.processExecutionPhase(TestCaseExecutor.java:307)
	at com.kms.katalon.core.main.TestCaseExecutor.accessMainPhase(TestCaseExecutor.java:299)
	at com.kms.katalon.core.main.TestCaseExecutor.execute(TestCaseExecutor.java:233)
	at com.kms.katalon.core.main.TestCaseMain.runTestCase(TestCaseMain.java:114)
	at com.kms.katalon.core.keyword.builtin.CallTestCaseKeyword$_callTestCase_closure1.doCall(CallTestCaseKeyword.groovy:59)
	at com.kms.katalon.core.keyword.builtin.CallTestCaseKeyword$_callTestCase_closure1.call(CallTestCaseKeyword.groovy)
	at com.kms.katalon.core.keyword.internal.KeywordMain.runKeyword(KeywordMain.groovy:68)
	at com.kms.katalon.core.keyword.builtin.CallTestCaseKeyword.callTestCase(CallTestCaseKeyword.groovy:81)
	at com.kms.katalon.core.keyword.builtin.CallTestCaseKeyword.execute(CallTestCaseKeyword.groovy:44)
	at com.kms.katalon.core.keyword.internal.KeywordExecutor.executeKeywordForPlatform(KeywordExecutor.groovy:72)
	at com.kms.katalon.core.keyword.BuiltinKeywords.callTestCase(BuiltinKeywords.groovy:334)
	at WebOffice_Consumer_Search.run(WebOffice_Consumer_Search:57)
	at com.kms.katalon.core.main.ScriptEngine.run(ScriptEngine.java:194)
	at com.kms.katalon.core.main.ScriptEngine.runScriptAsRawText(ScriptEngine.java:119)
	at com.kms.katalon.core.main.TestCaseExecutor.runScript(TestCaseExecutor.java:337)
	at com.kms.katalon.core.main.TestCaseExecutor.doExecute(TestCaseExecutor.java:328)
	at com.kms.katalon.core.main.TestCaseExecutor.processExecutionPhase(TestCaseExecutor.java:307)
	at com.kms.katalon.core.main.TestCaseExecutor.accessMainPhase(TestCaseExecutor.java:299)
	at com.kms.katalon.core.main.TestCaseExecutor.execute(TestCaseExecutor.java:233)
	at com.kms.katalon.core.main.TestSuiteExecutor.accessTestCaseMainPhase(TestSuiteExecutor.java:169)
	at com.kms.katalon.core.main.TestSuiteExecutor.accessTestSuiteMainPhase(TestSuiteExecutor.java:142)
	at com.kms.katalon.core.main.TestSuiteExecutor.execute(TestSuiteExecutor.java:91)
	at com.kms.katalon.core.main.TestCaseMain.startTestSuite(TestCaseMain.java:157)
	at com.kms.katalon.core.main.TestCaseMain$startTestSuite$0.call(Unknown Source)
	at TempTestSuite1579855002070.run(TempTestSuite1579855002070.groovy:36)
)

2020-01-24 08:48:53 - [MESSAGE][WARNING] - Unable to call Test Case 'Test Cases/Reusable_Test_Sequences/Web_Office/Directives/WebOffice_StartUp' (Root cause: com.kms.katalon.core.exception.StepFailedException: Call Test Case 'Test Cases/Reusable_Test_Sequences/Web_Office/Directives/WebOffice_StartUp' failed
	at com.kms.katalon.core.keyword.builtin.CallTestCaseKeyword$_callTestCase_closure1.doCall(CallTestCaseKeyword.groovy:63)
	at com.kms.katalon.core.keyword.builtin.CallTestCaseKeyword$_callTestCase_closure1.call(CallTestCaseKeyword.groovy)
	at com.kms.katalon.core.keyword.internal.KeywordMain.runKeyword(KeywordMain.groovy:68)
	at com.kms.katalon.core.keyword.builtin.CallTestCaseKeyword.callTestCase(CallTestCaseKeyword.groovy:81)
	at com.kms.katalon.core.keyword.builtin.CallTestCaseKeyword.execute(CallTestCaseKeyword.groovy:44)
	at com.kms.katalon.core.keyword.internal.KeywordExecutor.executeKeywordForPlatform(KeywordExecutor.groovy:72)
	at com.kms.katalon.core.keyword.BuiltinKeywords.callTestCase(BuiltinKeywords.groovy:334)
	at WebOffice_Consumer_Search.run(WebOffice_Consumer_Search:57)
	at com.kms.katalon.core.main.ScriptEngine.run(ScriptEngine.java:194)
	at com.kms.katalon.core.main.ScriptEngine.runScriptAsRawText(ScriptEngine.java:119)
	at com.kms.katalon.core.main.TestCaseExecutor.runScript(TestCaseExecutor.java:337)
	at com.kms.katalon.core.main.TestCaseExecutor.doExecute(TestCaseExecutor.java:328)
	at com.kms.katalon.core.main.TestCaseExecutor.processExecutionPhase(TestCaseExecutor.java:307)
	at com.kms.katalon.core.main.TestCaseExecutor.accessMainPhase(TestCaseExecutor.java:299)
	at com.kms.katalon.core.main.TestCaseExecutor.execute(TestCaseExecutor.java:233)
	at com.kms.katalon.core.main.TestSuiteExecutor.accessTestCaseMainPhase(TestSuiteExecutor.java:169)
	at com.kms.katalon.core.main.TestSuiteExecutor.accessTestSuiteMainPhase(TestSuiteExecutor.java:142)
	at com.kms.katalon.core.main.TestSuiteExecutor.execute(TestSuiteExecutor.java:91)
	at com.kms.katalon.core.main.TestCaseMain.startTestSuite(TestCaseMain.java:157)
	at com.kms.katalon.core.main.TestCaseMain$startTestSuite$0.call(Unknown Source)
	at TempTestSuite1579855002070.run(TempTestSuite1579855002070.groovy:36)
Caused by: com.kms.katalon.core.exception.StepFailedException: Text 'Welcome check1234' is not present on page  (Root cause: com.kms.katalon.core.exception.StepFailedException: Text 'Welcome check1234' is not present on page 
	at com.kms.katalon.core.webui.keyword.internal.WebUIKeywordMain.stepFailed(WebUIKeywordMain.groovy:64)
	at com.kms.katalon.core.webui.keyword.builtin.VerifyTextPresentKeyword$_verifyTextPresent_closure1.doCall(VerifyTextPresentKeyword.groovy:79)
	at com.kms.katalon.core.webui.keyword.builtin.VerifyTextPresentKeyword$_verifyTextPresent_closure1.call(VerifyTextPresentKeyword.groovy)
	at com.kms.katalon.core.webui.keyword.internal.WebUIKeywordMain.runKeyword(WebUIKeywordMain.groovy:20)
	at com.kms.katalon.core.webui.keyword.builtin.VerifyTextPresentKeyword.verifyTextPresent(VerifyTextPresentKeyword.groovy:83)
	at com.kms.katalon.core.webui.keyword.builtin.VerifyTextPresentKeyword.execute(VerifyTextPresentKeyword.groovy:68)
	at com.kms.katalon.core.keyword.internal.KeywordExecutor.executeKeywordForPlatform(KeywordExecutor.groovy:72)
	at com.kms.katalon.core.webui.keyword.WebUiBuiltInKeywords.verifyTextPresent(WebUiBuiltInKeywords.groovy:1693)
	at com.kms.katalon.core.webui.keyword.WebUiBuiltInKeywords$verifyTextPresent$2.call(Unknown Source)
	at WebOffice_StartUp.run(WebOffice_StartUp:152)
	at com.kms.katalon.core.main.ScriptEngine.run(ScriptEngine.java:194)
	at com.kms.katalon.core.main.ScriptEngine.runScriptAsRawText(ScriptEngine.java:119)
	at com.kms.katalon.core.main.TestCaseExecutor.runScript(TestCaseExecutor.java:337)
	at com.kms.katalon.core.main.TestCaseExecutor.doExecute(TestCaseExecutor.java:328)
	at com.kms.katalon.core.main.TestCaseExecutor.processExecutionPhase(TestCaseExecutor.java:307)
	at com.kms.katalon.core.main.TestCaseExecutor.accessMainPhase(TestCaseExecutor.java:299)
	at com.kms.katalon.core.main.TestCaseExecutor.execute(TestCaseExecutor.java:233)
	at com.kms.katalon.core.main.TestCaseMain.runTestCase(TestCaseMain.java:114)
	at com.kms.katalon.core.keyword.builtin.CallTestCaseKeyword$_callTestCase_closure1.doCall(CallTestCaseKeyword.groovy:59)
	at com.kms.katalon.core.keyword.builtin.CallTestCaseKeyword$_callTestCase_closure1.call(CallTestCaseKeyword.groovy)
	at com.kms.katalon.core.keyword.internal.KeywordMain.runKeyword(KeywordMain.groovy:68)
	at com.kms.katalon.core.keyword.builtin.CallTestCaseKeyword.callTestCase(CallTestCaseKeyword.groovy:81)
	at com.kms.katalon.core.keyword.builtin.CallTestCaseKeyword.execute(CallTestCaseKeyword.groovy:44)
	at com.kms.katalon.core.keyword.internal.KeywordExecutor.executeKeywordForPlatform(KeywordExecutor.groovy:72)
	at com.kms.katalon.core.keyword.BuiltinKeywords.callTestCase(BuiltinKeywords.groovy:334)
	at WebOffice_Consumer_Search.run(WebOffice_Consumer_Search:57)
	at com.kms.katalon.core.main.ScriptEngine.run(ScriptEngine.java:194)
	at com.kms.katalon.core.main.ScriptEngine.runScriptAsRawText(ScriptEngine.java:119)
	at com.kms.katalon.core.main.TestCaseExecutor.runScript(TestCaseExecutor.java:337)
	at com.kms.katalon.core.main.TestCaseExecutor.doExecute(TestCaseExecutor.java:328)
	at com.kms.katalon.core.main.TestCaseExecutor.processExecutionPhase(TestCaseExecutor.java:307)
	at com.kms.katalon.core.main.TestCaseExecutor.accessMainPhase(TestCaseExecutor.java:299)
	at com.kms.katalon.core.main.TestCaseExecutor.execute(TestCaseExecutor.java:233)
	at com.kms.katalon.core.main.TestSuiteExecutor.accessTestCaseMainPhase(TestSuiteExecutor.java:169)
	at com.kms.katalon.core.main.TestSuiteExecutor.accessTestSuiteMainPhase(TestSuiteExecutor.java:142)
	at com.kms.katalon.core.main.TestSuiteExecutor.execute(TestSuiteExecutor.java:91)
	at com.kms.katalon.core.main.TestCaseMain.startTestSuite(TestCaseMain.java:157)
	at com.kms.katalon.core.main.TestCaseMain$startTestSuite$0.call(Unknown Source)
	at TempTestSuite1579855002070.run(TempTestSuite1579855002070.groovy:36)
)
	at com.kms.katalon.core.keyword.internal.KeywordMain.stepFailed(KeywordMain.groovy:39)
	at com.kms.katalon.core.webui.keyword.internal.WebUIKeywordMain.stepFailed(WebUIKeywordMain.groovy:64)
	at com.kms.katalon.core.webui.keyword.builtin.VerifyTextPresentKeyword$_verifyTextPresent_closure1.doCall(VerifyTextPresentKeyword.groovy:79)
	at com.kms.katalon.core.webui.keyword.builtin.VerifyTextPresentKeyword$_verifyTextPresent_closure1.call(VerifyTextPresentKeyword.groovy)
	at com.kms.katalon.core.webui.keyword.internal.WebUIKeywordMain.runKeyword(WebUIKeywordMain.groovy:20)
	at com.kms.katalon.core.webui.keyword.builtin.VerifyTextPresentKeyword.verifyTextPresent(VerifyTextPresentKeyword.groovy:83)
	at com.kms.katalon.core.webui.keyword.builtin.VerifyTextPresentKeyword.execute(VerifyTextPresentKeyword.groovy:68)
	at com.kms.katalon.core.keyword.internal.KeywordExecutor.executeKeywordForPlatform(KeywordExecutor.groovy:72)
	at com.kms.katalon.core.webui.keyword.WebUiBuiltInKeywords.verifyTextPresent(WebUiBuiltInKeywords.groovy:1693)
	at com.kms.katalon.core.webui.keyword.WebUiBuiltInKeywords$verifyTextPresent$2.call(Unknown Source)
	at WebOffice_StartUp.run(WebOffice_StartUp:152)
	at com.kms.katalon.core.main.ScriptEngine.run(ScriptEngine.java:194)
	at com.kms.katalon.core.main.ScriptEngine.runScriptAsRawText(ScriptEngine.java:119)
	at com.kms.katalon.core.main.TestCaseExecutor.runScript(TestCaseExecutor.java:337)
	at com.kms.katalon.core.main.TestCaseExecutor.doExecute(TestCaseExecutor.java:328)
	at com.kms.katalon.core.main.TestCaseExecutor.processExecutionPhase(TestCaseExecutor.java:307)
	at com.kms.katalon.core.main.TestCaseExecutor.accessMainPhase(TestCaseExecutor.java:299)
	at com.kms.katalon.core.main.TestCaseExecutor.execute(TestCaseExecutor.java:233)
	at com.kms.katalon.core.main.TestCaseMain.runTestCase(TestCaseMain.java:114)
	at com.kms.katalon.core.keyword.builtin.CallTestCaseKeyword$_callTestCase_closure1.doCall(CallTestCaseKeyword.groovy:59)
	... 20 more
Caused by: com.kms.katalon.core.exception.StepFailedException: Text 'Welcome check1234' is not present on page 
	... 39 more
)

2020-01-24 08:48:53 - [TEST_STEP][PASSED] - "--------------------------------------": null

2020-01-24 08:48:53 - [TEST_STEP][PASSED] - " Navigate to <Consumer> Menu Item     |": null

2020-01-24 08:48:53 - [TEST_STEP][PASSED] - callTestCase(findTestCase("Reusable_Test_Sequences/Web_Office/navigation/Navigate_Consumers"), [:], OPTIONAL): Call Test Case 'Test Cases/Reusable_Test_Sequences/Web_Office/navigation/Navigate_Consumers' successfully

2020-01-24 08:48:53 - [TEST_CASE][PASSED] - Test Cases/Reusable_Test_Sequences/Web_Office/navigation/Navigate_Consumers: Test Cases/Reusable_Test_Sequences/Web_Office/navigation/Navigate_Consumers

2020-01-24 08:48:53 - [TEST_STEP][PASSED] - "--------------------------------------": null

2020-01-24 08:48:53 - [TEST_STEP][PASSED] - " Navigate Top level menu Item         |": null

2020-01-24 08:48:53 - [TEST_STEP][PASSED] - waitForPageLoad(60): Wait for page load successfully

2020-01-24 08:48:53 - [MESSAGE][PASSED] - Wait for page load successfully

2020-01-24 08:48:53 - [TEST_STEP][PASSED] - waitForElementClickable(findTestObject("Object Repository/WebOffice_Home_page/a_Consumers"), 60): Object 'Object Repository/WebOffice_Home_page/a_Consumers' is clickable

2020-01-24 08:48:53 - [MESSAGE][PASSED] - Object 'Object Repository/WebOffice_Home_page/a_Consumers' is clickable

2020-01-24 08:48:53 - [TEST_STEP][PASSED] - click(findTestObject("Object Repository/WebOffice_Home_page/a_Consumers")): Object: 'Object Repository/WebOffice_Home_page/a_Consumers' is clicked on

2020-01-24 08:48:54 - [MESSAGE][PASSED] - Object: 'Object Repository/WebOffice_Home_page/a_Consumers' is clicked on

2020-01-24 08:48:54 - [MESSAGE][PASSED] - Call Test Case 'Test Cases/Reusable_Test_Sequences/Web_Office/navigation/Navigate_Consumers' successfully

2020-01-24 08:48:54 - [TEST_STEP][PASSED] - "--------------------------------------": null

2020-01-24 08:48:54 - [TEST_STEP][PASSED] - " LH Pane  - Apply Search Criteria     |": null

2020-01-24 08:48:54 - [TEST_STEP][PASSED] - callTestCase(findTestCase("Reusable_Test_Sequences/Web_Office/Actions/Set_Consumer_Data"), [:], OPTIONAL): Call Test Case 'Test Cases/Reusable_Test_Sequences/Web_Office/Actions/Set_Consumer_Data' successfully

2020-01-24 08:48:54 - [TEST_CASE][PASSED] - Test Cases/Reusable_Test_Sequences/Web_Office/Actions/Set_Consumer_Data: Test Cases/Reusable_Test_Sequences/Web_Office/Actions/Set_Consumer_Data

2020-01-24 08:48:54 - [TEST_STEP][PASSED] - "--------------------------------": null

2020-01-24 08:48:54 - [TEST_STEP][PASSED] - "Read data from spreadsheet      |": null

2020-01-24 08:48:54 - [TEST_STEP][PASSED] - data = findTestData("Data Files/Consumer_Data (1)"): null

2020-01-24 08:48:54 - [TEST_STEP][PASSED] - Forename = data.getValue("Forename", row): null

2020-01-24 08:48:54 - [TEST_STEP][PASSED] - Surname = data.getValue("Surname", row): null

2020-01-24 08:48:54 - [TEST_STEP][PASSED] - Mobile = data.getValue("Mobile", row): null

2020-01-24 08:48:54 - [TEST_STEP][PASSED] - Email = data.getValue("Email", row): null

2020-01-24 08:48:54 - [TEST_STEP][PASSED] - House = data.getValue("House", row): null

2020-01-24 08:48:54 - [TEST_STEP][PASSED] - Street = data.getValue("Street", row): null

2020-01-24 08:48:54 - [TEST_STEP][PASSED] - Town = data.getValue("Town", row): null

2020-01-24 08:48:54 - [TEST_STEP][PASSED] - City = data.getValue("City", row): null

2020-01-24 08:48:54 - [TEST_STEP][PASSED] - County = data.getValue("County", row): null

2020-01-24 08:48:54 - [TEST_STEP][PASSED] - Postcode = data.getValue("Postcode", row): null

2020-01-24 08:48:54 - [TEST_STEP][PASSED] - Phone = data.getValue("Phone", row): null

2020-01-24 08:48:54 - [TEST_STEP][PASSED] - Status = data.getValue("Status", row): null

2020-01-24 08:48:54 - [TEST_STEP][PASSED] - Type = data.getValue("Type", row): null

2020-01-24 08:48:54 - [TEST_STEP][PASSED] - Consumer_ID = data.getValue("Consumer_ID", row): null

2020-01-24 08:48:54 - [TEST_STEP][PASSED] - "--------------------------------": null

2020-01-24 08:48:54 - [TEST_STEP][PASSED] - "Read data from spreadsheet      |": null

2020-01-24 08:48:54 - [TEST_STEP][PASSED] - "--------------------------------": null

2020-01-24 08:48:54 - [TEST_STEP][PASSED] - "--------------------------------": null

2020-01-24 08:48:54 - [TEST_STEP][PASSED] - " Synchronisation                |": null

2020-01-24 08:48:54 - [TEST_STEP][PASSED] - waitForPageLoad(60): Wait for page load successfully

2020-01-24 08:48:54 - [MESSAGE][PASSED] - Wait for page load successfully

2020-01-24 08:48:54 - [TEST_STEP][PASSED] - waitForElementVisible(findTestObject("Object Repository/WebOffice/Consumers/Page_/input_Forename_ctl00CP1ctlSearchtbForenames"), 60): Object 'Object Repository/WebOffice/Consumers/Page_/input_Forename_ctl00CP1ctlSearchtbForenames' is visible

2020-01-24 08:48:54 - [MESSAGE][PASSED] - Object 'Object Repository/WebOffice/Consumers/Page_/input_Forename_ctl00CP1ctlSearchtbForenames' is visible

2020-01-24 08:48:54 - [TEST_STEP][PASSED] - click(findTestObject("Object Repository/WebOffice/Consumers/Page_/input_Forename_ctl00CP1ctlSearchtbForenames")): Object: 'Object Repository/WebOffice/Consumers/Page_/input_Forename_ctl00CP1ctlSearchtbForenames' is clicked on

2020-01-24 08:48:54 - [MESSAGE][PASSED] - Object: 'Object Repository/WebOffice/Consumers/Page_/input_Forename_ctl00CP1ctlSearchtbForenames' is clicked on

2020-01-24 08:48:54 - [TEST_STEP][PASSED] - "-------------------------------------------------------------------------------------------------------------------------------------": null

2020-01-24 08:48:54 - [TEST_STEP][PASSED] - setText(findTestObject("Object Repository/WebOffice/Consumers/Page_/input_Forename_ctl00CP1ctlSearchtbForenames"), Forename): Text 'Gordon' is set on object 'Object Repository/WebOffice/Consumers/Page_/input_Forename_ctl00CP1ctlSearchtbForenames'

2020-01-24 08:48:55 - [MESSAGE][PASSED] - Text 'Gordon' is set on object 'Object Repository/WebOffice/Consumers/Page_/input_Forename_ctl00CP1ctlSearchtbForenames'

2020-01-24 08:48:55 - [TEST_STEP][PASSED] - "-------------------------------------------------------------------------------------------------------------------------------------": null

2020-01-24 08:48:55 - [TEST_STEP][PASSED] - setText(findTestObject("Object Repository/WebOffice/Consumers/Page_/input_Surname_ctl00CP1ctlSearchtbSurname"), Surname): Text '' is set on object 'Object Repository/WebOffice/Consumers/Page_/input_Surname_ctl00CP1ctlSearchtbSurname'

2020-01-24 08:48:55 - [MESSAGE][PASSED] - Text '' is set on object 'Object Repository/WebOffice/Consumers/Page_/input_Surname_ctl00CP1ctlSearchtbSurname'

2020-01-24 08:48:55 - [TEST_STEP][PASSED] - "-------------------------------------------------------------------------------------------------------------------------------------": null

2020-01-24 08:48:55 - [TEST_STEP][PASSED] - setText(findTestObject("Object Repository/WebOffice/Consumers/Page_/input_Mobile_ctl00CP1ctlSearchtbMobile"), Mobile): Text '' is set on object 'Object Repository/WebOffice/Consumers/Page_/input_Mobile_ctl00CP1ctlSearchtbMobile'

2020-01-24 08:48:55 - [MESSAGE][PASSED] - Text '' is set on object 'Object Repository/WebOffice/Consumers/Page_/input_Mobile_ctl00CP1ctlSearchtbMobile'

2020-01-24 08:48:55 - [TEST_STEP][PASSED] - "-------------------------------------------------------------------------------------------------------------------------------------": null

2020-01-24 08:48:55 - [TEST_STEP][PASSED] - setText(findTestObject("Object Repository/WebOffice/Consumers/Page_/input_Email_ctl00CP1ctlSearchtbEmail"), Email): Text '' is set on object 'Object Repository/WebOffice/Consumers/Page_/input_Email_ctl00CP1ctlSearchtbEmail'

2020-01-24 08:48:55 - [MESSAGE][PASSED] - Text '' is set on object 'Object Repository/WebOffice/Consumers/Page_/input_Email_ctl00CP1ctlSearchtbEmail'

2020-01-24 08:48:55 - [TEST_STEP][PASSED] - "-------------------------------------------------------------------------------------------------------------------------------------": null

2020-01-24 08:48:55 - [TEST_STEP][PASSED] - setText(findTestObject("Object Repository/WebOffice/Consumers/Page_/input_House_ctl00CP1ctlSearchtbHouse"), House): Text '' is set on object 'Object Repository/WebOffice/Consumers/Page_/input_House_ctl00CP1ctlSearchtbHouse'

2020-01-24 08:48:55 - [MESSAGE][PASSED] - Text '' is set on object 'Object Repository/WebOffice/Consumers/Page_/input_House_ctl00CP1ctlSearchtbHouse'

2020-01-24 08:48:55 - [TEST_STEP][PASSED] - "-------------------------------------------------------------------------------------------------------------------------------------": null

2020-01-24 08:48:55 - [TEST_STEP][PASSED] - setText(findTestObject("Object Repository/WebOffice/Consumers/Page_/input_Street_ctl00CP1ctlSearchtbStreet"), Street): Text '2 Redwood Drive' is set on object 'Object Repository/WebOffice/Consumers/Page_/input_Street_ctl00CP1ctlSearchtbStreet'

2020-01-24 08:48:56 - [MESSAGE][PASSED] - Text '2 Redwood Drive' is set on object 'Object Repository/WebOffice/Consumers/Page_/input_Street_ctl00CP1ctlSearchtbStreet'

2020-01-24 08:48:56 - [TEST_STEP][PASSED] - "-------------------------------------------------------------------------------------------------------------------------------------": null

2020-01-24 08:48:56 - [TEST_STEP][PASSED] - setText(findTestObject("Object Repository/WebOffice/Consumers/Page_/input_Town_ctl00CP1ctlSearchtbTown"), Town): Text '' is set on object 'Object Repository/WebOffice/Consumers/Page_/input_Town_ctl00CP1ctlSearchtbTown'

2020-01-24 08:48:56 - [MESSAGE][PASSED] - Text '' is set on object 'Object Repository/WebOffice/Consumers/Page_/input_Town_ctl00CP1ctlSearchtbTown'

2020-01-24 08:48:56 - [TEST_STEP][PASSED] - "-------------------------------------------------------------------------------------------------------------------------------------": null

2020-01-24 08:48:56 - [TEST_STEP][PASSED] - setText(findTestObject("Object Repository/WebOffice/Consumers/Page_/input_City_ctl00CP1ctlSearchtbCity"), City): Text 'Haywards Heath' is set on object 'Object Repository/WebOffice/Consumers/Page_/input_City_ctl00CP1ctlSearchtbCity'

2020-01-24 08:48:56 - [MESSAGE][PASSED] - Text 'Haywards Heath' is set on object 'Object Repository/WebOffice/Consumers/Page_/input_City_ctl00CP1ctlSearchtbCity'

2020-01-24 08:48:56 - [TEST_STEP][PASSED] - "-------------------------------------------------------------------------------------------------------------------------------------": null

2020-01-24 08:48:56 - [TEST_STEP][PASSED] - setText(findTestObject("Object Repository/WebOffice/Consumers/Page_/input_County_ctl00CP1ctlSearchtbCounty"), County): Text '' is set on object 'Object Repository/WebOffice/Consumers/Page_/input_County_ctl00CP1ctlSearchtbCounty'

2020-01-24 08:48:57 - [MESSAGE][PASSED] - Text '' is set on object 'Object Repository/WebOffice/Consumers/Page_/input_County_ctl00CP1ctlSearchtbCounty'

2020-01-24 08:48:57 - [TEST_STEP][PASSED] - "-------------------------------------------------------------------------------------------------------------------------------------": null

2020-01-24 08:48:57 - [TEST_STEP][PASSED] - setText(findTestObject("Object Repository/WebOffice/Consumers/Page_/input_Postcode_ctl00CP1ctlSearchtbPostcode"), Postcode): Text '' is set on object 'Object Repository/WebOffice/Consumers/Page_/input_Postcode_ctl00CP1ctlSearchtbPostcode'

2020-01-24 08:48:57 - [MESSAGE][PASSED] - Text '' is set on object 'Object Repository/WebOffice/Consumers/Page_/input_Postcode_ctl00CP1ctlSearchtbPostcode'

2020-01-24 08:48:57 - [TEST_STEP][PASSED] - "-------------------------------------------------------------------------------------------------------------------------------------": null

2020-01-24 08:48:57 - [TEST_STEP][PASSED] - setText(findTestObject("Object Repository/WebOffice/Consumers/Page_/input_Phone_ctl00CP1ctlSearchtbTel"), Phone): Text '' is set on object 'Object Repository/WebOffice/Consumers/Page_/input_Phone_ctl00CP1ctlSearchtbTel'

2020-01-24 08:48:57 - [MESSAGE][PASSED] - Text '' is set on object 'Object Repository/WebOffice/Consumers/Page_/input_Phone_ctl00CP1ctlSearchtbTel'

2020-01-24 08:48:57 - [TEST_STEP][PASSED] - "-------------------------------------------------------------------------------------------------------------------------------------": null

2020-01-24 08:48:57 - [TEST_STEP][PASSED] - "Set Status": null

2020-01-24 08:48:57 - [TEST_STEP][PASSED] - "-------------------------------------------------------------------------------------------------------------------------------------": null

2020-01-24 08:48:57 - [TEST_STEP][PASSED] - "Status 3 Options": null

2020-01-24 08:48:57 - [TEST_STEP][PASSED] - "-------------------------------------------------------------------------------------------------------------------------------------": null

2020-01-24 08:48:57 - [TEST_STEP][PASSED] - "Set Type": null

2020-01-24 08:48:57 - [TEST_STEP][PASSED] - "-------------------------------------------------------------------------------------------------------------------------------------": null

2020-01-24 08:48:57 - [TEST_STEP][PASSED] - "Type 3 Options": null

2020-01-24 08:48:57 - [TEST_STEP][PASSED] - "-------------------------------------------------------------------------------------------------------------------------------------": null

2020-01-24 08:48:57 - [TEST_STEP][PASSED] - click(findTestObject("Object Repository/WebOffice/Consumers/Page_/input_Clear_ctl00CP1ctlSearchbtnSearch")): Object: 'Object Repository/WebOffice/Consumers/Page_/input_Clear_ctl00CP1ctlSearchbtnSearch' is clicked on

2020-01-24 08:48:57 - [MESSAGE][PASSED] - Object: 'Object Repository/WebOffice/Consumers/Page_/input_Clear_ctl00CP1ctlSearchbtnSearch' is clicked on

2020-01-24 08:48:57 - [MESSAGE][PASSED] - Call Test Case 'Test Cases/Reusable_Test_Sequences/Web_Office/Actions/Set_Consumer_Data' successfully

2020-01-24 08:48:57 - [TEST_STEP][PASSED] - "--------------------------------------": null

2020-01-24 08:48:57 - [TEST_STEP][PASSED] - " Select Returned Record to Verify     |": null

2020-01-24 08:48:57 - [TEST_STEP][PASSED] - callTestCase(findTestCase("Reusable_Test_Sequences/Web_Office/Actions/Select_Consumer"), [:], OPTIONAL): Call Test Case 'Test Cases/Reusable_Test_Sequences/Web_Office/Actions/Select_Consumer' successfully

2020-01-24 08:48:57 - [TEST_CASE][PASSED] - Test Cases/Reusable_Test_Sequences/Web_Office/Actions/Select_Consumer: Test Cases/Reusable_Test_Sequences/Web_Office/Actions/Select_Consumer

2020-01-24 08:48:57 - [TEST_STEP][PASSED] - "--------": null

2020-01-24 08:48:57 - [TEST_STEP][PASSED] - "Search  |": null

2020-01-24 08:48:57 - [TEST_STEP][PASSED] - waitForPageLoad(60): Wait for page load successfully

2020-01-24 08:48:57 - [MESSAGE][PASSED] - Wait for page load successfully

2020-01-24 08:48:57 - [TEST_STEP][PASSED] - waitForElementClickable(findTestObject("Object Repository/WO_Consumer/Page_/input_Clear_ctl00CP1ctlSearchbtnSearch"), 60): Object 'Object Repository/WO_Consumer/Page_/input_Clear_ctl00CP1ctlSearchbtnSearch' is clickable

2020-01-24 08:48:57 - [MESSAGE][PASSED] - Object 'Object Repository/WO_Consumer/Page_/input_Clear_ctl00CP1ctlSearchbtnSearch' is clickable

2020-01-24 08:48:57 - [TEST_STEP][PASSED] - click(findTestObject("Object Repository/WO_Consumer/Page_/input_Clear_ctl00CP1ctlSearchbtnSearch")): Object: 'Object Repository/WO_Consumer/Page_/input_Clear_ctl00CP1ctlSearchbtnSearch' is clicked on

2020-01-24 08:48:58 - [MESSAGE][PASSED] - Object: 'Object Repository/WO_Consumer/Page_/input_Clear_ctl00CP1ctlSearchbtnSearch' is clicked on

2020-01-24 08:48:58 - [TEST_STEP][PASSED] - delay(5): Delayed 5 second(s)

2020-01-24 08:49:03 - [MESSAGE][PASSED] - Delayed 5 second(s)

2020-01-24 08:49:03 - [TEST_STEP][PASSED] - "--------": null

2020-01-24 08:49:03 - [TEST_STEP][PASSED] - "Synch   |": null

2020-01-24 08:49:03 - [TEST_STEP][PASSED] - waitForPageLoad(120): Wait for page load successfully

2020-01-24 08:49:03 - [MESSAGE][PASSED] - Wait for page load successfully

2020-01-24 08:49:03 - [TEST_STEP][PASSED] - waitForElementClickable(findTestObject("Object Repository/WO_Consumer/Page_/a_Feedback"), 60): Object 'Object Repository/WO_Consumer/Page_/a_Feedback' is clickable

2020-01-24 08:49:09 - [MESSAGE][PASSED] - Object 'Object Repository/WO_Consumer/Page_/a_Feedback' is clickable

2020-01-24 08:49:09 - [TEST_STEP][PASSED] - "----------------------------------------": null

2020-01-24 08:49:09 - [TEST_STEP][PASSED] - "Initial Table View (Populated or Not    |": null

2020-01-24 08:49:09 - [TEST_STEP][PASSED] - "----------------------------------------": null

2020-01-24 08:49:09 - [TEST_STEP][PASSED] - "---------------------------------------------------": null

2020-01-24 08:49:09 - [TEST_STEP][PASSED] - "If Record Exists Then rocess, Otherwise Jump Over  |": null

2020-01-24 08:49:09 - [TEST_STEP][PASSED] - "---------------------------------------------------": null

2020-01-24 08:49:09 - [TEST_STEP][PASSED] - "----------------------------------------": null

2020-01-24 08:49:09 - [TEST_STEP][PASSED] - "Initial Table Return Checks": null

2020-01-24 08:49:09 - [TEST_STEP][PASSED] - "----------------------------------------": null

2020-01-24 08:49:09 - [TEST_STEP][PASSED] - "--------": null

2020-01-24 08:49:09 - [TEST_STEP][PASSED] - "Sort    |": null

2020-01-24 08:49:09 - [TEST_STEP][PASSED] - click(findTestObject("Object Repository/WO_Consumer/Page_/a_Feedback")): Object: 'Object Repository/WO_Consumer/Page_/a_Feedback' is clicked on

2020-01-24 08:49:10 - [MESSAGE][PASSED] - Object: 'Object Repository/WO_Consumer/Page_/a_Feedback' is clicked on

2020-01-24 08:49:10 - [TEST_STEP][PASSED] - delay(5): Delayed 5 second(s)

2020-01-24 08:49:15 - [MESSAGE][PASSED] - Delayed 5 second(s)

2020-01-24 08:49:15 - [TEST_STEP][PASSED] - "--------": null

2020-01-24 08:49:15 - [TEST_STEP][PASSED] - "Sort    |": null

2020-01-24 08:49:15 - [TEST_STEP][PASSED] - click(findTestObject("Object Repository/WO_Consumer/Page_/a_Feedback")): Object: 'Object Repository/WO_Consumer/Page_/a_Feedback' is clicked on

2020-01-24 08:49:15 - [MESSAGE][PASSED] - Object: 'Object Repository/WO_Consumer/Page_/a_Feedback' is clicked on

2020-01-24 08:49:15 - [TEST_STEP][PASSED] - delay(5): Delayed 5 second(s)

2020-01-24 08:49:20 - [MESSAGE][PASSED] - Delayed 5 second(s)

2020-01-24 08:49:20 - [TEST_STEP][PASSED] - "--------": null

2020-01-24 08:49:20 - [TEST_STEP][PASSED] - "Select  |": null

2020-01-24 08:49:20 - [TEST_STEP][PASSED] - waitForElementClickable(findTestObject("WO_Consumer/Page_/td_TopRow"), 60): Object 'Object Repository/WO_Consumer/Page_/td_TopRow' is clickable

2020-01-24 08:49:20 - [MESSAGE][PASSED] - Object 'Object Repository/WO_Consumer/Page_/td_TopRow' is clickable

2020-01-24 08:49:20 - [TEST_STEP][PASSED] - click(findTestObject("WO_Consumer/Page_/td_TopRow")): Object: 'Object Repository/WO_Consumer/Page_/td_TopRow' is clicked on

2020-01-24 08:49:21 - [MESSAGE][PASSED] - Object: 'Object Repository/WO_Consumer/Page_/td_TopRow' is clicked on

2020-01-24 08:49:21 - [TEST_STEP][PASSED] - delay(1): Delayed 1 second(s)

2020-01-24 08:49:22 - [MESSAGE][PASSED] - Delayed 1 second(s)

2020-01-24 08:49:22 - [MESSAGE][PASSED] - Call Test Case 'Test Cases/Reusable_Test_Sequences/Web_Office/Actions/Select_Consumer' successfully

2020-01-24 08:49:22 - [TEST_STEP][PASSED] - "--------------------------------------": null

2020-01-24 08:49:22 - [TEST_STEP][PASSED] - " Verify Returned Consumer Record      |": null

2020-01-24 08:49:22 - [TEST_STEP][PASSED] - callTestCase(findTestCase("Reusable_Test_Sequences/Web_Office/Verification/Consumer_Returned_Search_Record"), [:], OPTIONAL): Call Test Case 'Test Cases/Reusable_Test_Sequences/Web_Office/Verification/Consumer_Returned_Search_Record' successfully

2020-01-24 08:49:22 - [TEST_CASE][PASSED] - Test Cases/Reusable_Test_Sequences/Web_Office/Verification/Consumer_Returned_Search_Record: Test Cases/Reusable_Test_Sequences/Web_Office/Verification/Consumer_Returned_Search_Record

2020-01-24 08:49:22 - [TEST_STEP][PASSED] - "--------------------------------": null

2020-01-24 08:49:22 - [TEST_STEP][PASSED] - "Read data from spreadsheet      | r_ = Returned Data": null

2020-01-24 08:49:22 - [TEST_STEP][PASSED] - data = findTestData("Data Files/Consumer_Data (1)"): null

2020-01-24 08:49:23 - [TEST_STEP][PASSED] - Consumer_ID = data.getValue("Consumer_ID", row): null

2020-01-24 08:49:23 - [TEST_STEP][PASSED] - Title = data.getValue("r_Title", row): null

2020-01-24 08:49:23 - [TEST_STEP][PASSED] - Forenames = data.getValue("r_Forenames", row): null

2020-01-24 08:49:23 - [TEST_STEP][PASSED] - Surname = data.getValue("r_Surname", row): null

2020-01-24 08:49:23 - [TEST_STEP][PASSED] - Housename = data.getValue("r_Housename", row): null

2020-01-24 08:49:23 - [TEST_STEP][PASSED] - Number_Street = data.getValue("r_Number_and_Street", row): null

2020-01-24 08:49:23 - [TEST_STEP][PASSED] - City = data.getValue("r_City", row): null

2020-01-24 08:49:23 - [TEST_STEP][PASSED] - Town = data.getValue("r_Town", row): null

2020-01-24 08:49:23 - [TEST_STEP][PASSED] - County = data.getValue("r_County", row): null

2020-01-24 08:49:23 - [TEST_STEP][PASSED] - Postcode = data.getValue("r_Postcode", row): null

2020-01-24 08:49:23 - [TEST_STEP][PASSED] - Phone1 = data.getValue("r_Phone_1", row): null

2020-01-24 08:49:23 - [TEST_STEP][PASSED] - Phone2 = data.getValue("r_Phone_2", row): null

2020-01-24 08:49:23 - [TEST_STEP][PASSED] - Fax = data.getValue("r_Fax", row): null

2020-01-24 08:49:23 - [TEST_STEP][PASSED] - r_Full_Name = data.getValue("r_Full_Name", 1): null

2020-01-24 08:49:23 - [TEST_STEP][PASSED] - r_Full_Address = data.getValue("r_Full_Address", 1): null

2020-01-24 08:49:23 - [TEST_STEP][PASSED] - "--------------------------------": null

2020-01-24 08:49:23 - [TEST_STEP][PASSED] - "Read data from spreadsheet      |": null

2020-01-24 08:49:23 - [TEST_STEP][PASSED] - Actual_Page_Text = "": null

2020-01-24 08:49:23 - [TEST_STEP][PASSED] - Expected_Page_Text = "": null

2020-01-24 08:49:23 - [TEST_STEP][PASSED] - waitForPageLoad(60): Wait for page load successfully

2020-01-24 08:49:23 - [MESSAGE][PASSED] - Wait for page load successfully

2020-01-24 08:49:23 - [TEST_STEP][PASSED] - delay(1): Delayed 1 second(s)

2020-01-24 08:49:24 - [MESSAGE][PASSED] - Delayed 1 second(s)

2020-01-24 08:49:24 - [TEST_STEP][PASSED] - "HEADER DETAIL - iFrame": null

2020-01-24 08:49:24 - [TEST_STEP][PASSED] - "----------------": null

2020-01-24 08:49:24 - [TEST_STEP][PASSED] - "Full Name       |": null

2020-01-24 08:49:24 - [TEST_STEP][PASSED] - verifyElementPresent(findTestObject("Object Repository/WO_Consumer/Page_/Page_/a_Mr Gordon Brown"), 25): Object 'Object Repository/WO_Consumer/Page_/Page_/a_Mr Gordon Brown' is present

2020-01-24 08:49:24 - [MESSAGE][PASSED] - Object 'Object Repository/WO_Consumer/Page_/Page_/a_Mr Gordon Brown' is present

2020-01-24 08:49:24 - [TEST_STEP][PASSED] - "----------------": null

2020-01-24 08:49:24 - [TEST_STEP][PASSED] - "Full Address    |": null

2020-01-24 08:49:24 - [TEST_STEP][PASSED] - verifyElementPresent(findTestObject("Object Repository/WO_Consumer/Page_/Page_/div_Haywards Heath West Sussex RH16 4ER4477_d20822"), 25): Object 'Object Repository/WO_Consumer/Page_/Page_/div_Haywards Heath West Sussex RH16 4ER4477_d20822' is present

2020-01-24 08:49:24 - [MESSAGE][PASSED] - Object 'Object Repository/WO_Consumer/Page_/Page_/div_Haywards Heath West Sussex RH16 4ER4477_d20822' is present

2020-01-24 08:49:24 - [TEST_STEP][PASSED] - "BODY DETAIL - iFrame": null

2020-01-24 08:49:24 - [TEST_STEP][PASSED] - "----------------": null

2020-01-24 08:49:24 - [TEST_STEP][PASSED] - "EDIT Consumer   |": null

2020-01-24 08:49:24 - [TEST_STEP][PASSED] - verifyElementPresent(findTestObject("Object Repository/WO_Consumer/Page_/Page_/input_Title_ctledittbTitle"), 25): Object 'Object Repository/WO_Consumer/Page_/Page_/input_Title_ctledittbTitle' is present

2020-01-24 08:49:24 - [MESSAGE][PASSED] - Object 'Object Repository/WO_Consumer/Page_/Page_/input_Title_ctledittbTitle' is present

2020-01-24 08:49:25 - [TEST_STEP][PASSED] - "----------------": null

2020-01-24 08:49:25 - [TEST_STEP][PASSED] - "Address         |": null

2020-01-24 08:49:25 - [TEST_STEP][PASSED] - verifyElementPresent(findTestObject("Object Repository/WO_Consumer/Page_/Page_/span_Please ensure the Street  Road name is_e38a58"), 25): Object 'Object Repository/WO_Consumer/Page_/Page_/span_Please ensure the Street  Road name is_e38a58' is present

2020-01-24 08:49:25 - [MESSAGE][PASSED] - Object 'Object Repository/WO_Consumer/Page_/Page_/span_Please ensure the Street  Road name is_e38a58' is present

2020-01-24 08:49:25 - [MESSAGE][PASSED] - Call Test Case 'Test Cases/Reusable_Test_Sequences/Web_Office/Verification/Consumer_Returned_Search_Record' successfully

2020-01-24 08:49:25 - [TEST_STEP][PASSED] - "--------------------------": null

2020-01-24 08:49:25 - [TEST_STEP][PASSED] - " Teardown - CLose Browser |": null

2020-01-24 08:49:25 - [TEST_STEP][PASSED] - callTestCase(findTestCase("Reusable_Test_Sequences/CAT_Teardown"), [:], OPTIONAL): Call Test Case 'Test Cases/Reusable_Test_Sequences/CAT_Teardown' successfully

2020-01-24 08:49:25 - [TEST_CASE][PASSED] - Test Cases/Reusable_Test_Sequences/CAT_Teardown: Test Cases/Reusable_Test_Sequences/CAT_Teardown

2020-01-24 08:49:25 - [TEST_STEP][PASSED] - closeBrowser(): Browser is closed

2020-01-24 08:49:26 - [MESSAGE][PASSED] - Browser is closed

2020-01-24 08:49:26 - [MESSAGE][PASSED] - Call Test Case 'Test Cases/Reusable_Test_Sequences/CAT_Teardown' successfully

2020-01-24 08:49:26 - [TEST_STEP][PASSED] - "--------------------------------------": null

2020-01-24 08:49:26 - [TEST_STEP][PASSED] - " Web Office StartUp                   |": null

2020-01-24 08:49:26 - [TEST_STEP][PASSED] - callTestCase(findTestCase("Reusable_Test_Sequences/Web_Office/Directives/WebOffice_StartUp"), [:], OPTIONAL): Unable to call Test Case 'Test Cases/Reusable_Test_Sequences/Web_Office/Directives/WebOffice_StartUp' (Root cause: com.kms.katalon.core.exception.StepFailedException: Call Test Case 'Test Cases/Reusable_Test_Sequences/Web_Office/Directives/WebOffice_StartUp' failed
	at com.kms.katalon.core.keyword.builtin.CallTestCaseKeyword$_callTestCase_closure1.doCall(CallTestCaseKeyword.groovy:63)
	at com.kms.katalon.core.keyword.builtin.CallTestCaseKeyword$_callTestCase_closure1.call(CallTestCaseKeyword.groovy)
	at com.kms.katalon.core.keyword.internal.KeywordMain.runKeyword(KeywordMain.groovy:68)
	at com.kms.katalon.core.keyword.builtin.CallTestCaseKeyword.callTestCase(CallTestCaseKeyword.groovy:81)
	at com.kms.katalon.core.keyword.builtin.CallTestCaseKeyword.execute(CallTestCaseKeyword.groovy:44)
	at com.kms.katalon.core.keyword.internal.KeywordExecutor.executeKeywordForPlatform(KeywordExecutor.groovy:72)
	at com.kms.katalon.core.keyword.BuiltinKeywords.callTestCase(BuiltinKeywords.groovy:334)
	at WebOffice_Consumer_Search.run(WebOffice_Consumer_Search:57)
	at com.kms.katalon.core.main.ScriptEngine.run(ScriptEngine.java:194)
	at com.kms.katalon.core.main.ScriptEngine.runScriptAsRawText(ScriptEngine.java:119)
	at com.kms.katalon.core.main.TestCaseExecutor.runScript(TestCaseExecutor.java:337)
	at com.kms.katalon.core.main.TestCaseExecutor.doExecute(TestCaseExecutor.java:328)
	at com.kms.katalon.core.main.TestCaseExecutor.processExecutionPhase(TestCaseExecutor.java:307)
	at com.kms.katalon.core.main.TestCaseExecutor.accessMainPhase(TestCaseExecutor.java:299)
	at com.kms.katalon.core.main.TestCaseExecutor.execute(TestCaseExecutor.java:233)
	at com.kms.katalon.core.main.TestSuiteExecutor.accessTestCaseMainPhase(TestSuiteExecutor.java:169)
	at com.kms.katalon.core.main.TestSuiteExecutor.accessTestSuiteMainPhase(TestSuiteExecutor.java:142)
	at com.kms.katalon.core.main.TestSuiteExecutor.execute(TestSuiteExecutor.java:91)
	at com.kms.katalon.core.main.TestCaseMain.startTestSuite(TestCaseMain.java:157)
	at com.kms.katalon.core.main.TestCaseMain$startTestSuite$0.call(Unknown Source)
	at TempTestSuite1579855002070.run(TempTestSuite1579855002070.groovy:36)
Caused by: com.kms.katalon.core.exception.StepFailedException: Text 'Welcome check1234' is not present on page  (Root cause: com.kms.katalon.core.exception.StepFailedException: Text 'Welcome check1234' is not present on page 
	at com.kms.katalon.core.webui.keyword.internal.WebUIKeywordMain.stepFailed(WebUIKeywordMain.groovy:64)
	at com.kms.katalon.core.webui.keyword.builtin.VerifyTextPresentKeyword$_verifyTextPresent_closure1.doCall(VerifyTextPresentKeyword.groovy:79)
	at com.kms.katalon.core.webui.keyword.builtin.VerifyTextPresentKeyword$_verifyTextPresent_closure1.call(VerifyTextPresentKeyword.groovy)
	at com.kms.katalon.core.webui.keyword.internal.WebUIKeywordMain.runKeyword(WebUIKeywordMain.groovy:20)
	at com.kms.katalon.core.webui.keyword.builtin.VerifyTextPresentKeyword.verifyTextPresent(VerifyTextPresentKeyword.groovy:83)
	at com.kms.katalon.core.webui.keyword.builtin.VerifyTextPresentKeyword.execute(VerifyTextPresentKeyword.groovy:68)
	at com.kms.katalon.core.keyword.internal.KeywordExecutor.executeKeywordForPlatform(KeywordExecutor.groovy:72)
	at com.kms.katalon.core.webui.keyword.WebUiBuiltInKeywords.verifyTextPresent(WebUiBuiltInKeywords.groovy:1693)
	at com.kms.katalon.core.webui.keyword.WebUiBuiltInKeywords$verifyTextPresent$2.call(Unknown Source)
	at WebOffice_StartUp.run(WebOffice_StartUp:152)
	at com.kms.katalon.core.main.ScriptEngine.run(ScriptEngine.java:194)
	at com.kms.katalon.core.main.ScriptEngine.runScriptAsRawText(ScriptEngine.java:119)
	at com.kms.katalon.core.main.TestCaseExecutor.runScript(TestCaseExecutor.java:337)
	at com.kms.katalon.core.main.TestCaseExecutor.doExecute(TestCaseExecutor.java:328)
	at com.kms.katalon.core.main.TestCaseExecutor.processExecutionPhase(TestCaseExecutor.java:307)
	at com.kms.katalon.core.main.TestCaseExecutor.accessMainPhase(TestCaseExecutor.java:299)
	at com.kms.katalon.core.main.TestCaseExecutor.execute(TestCaseExecutor.java:233)
	at com.kms.katalon.core.main.TestCaseMain.runTestCase(TestCaseMain.java:114)
	at com.kms.katalon.core.keyword.builtin.CallTestCaseKeyword$_callTestCase_closure1.doCall(CallTestCaseKeyword.groovy:59)
	at com.kms.katalon.core.keyword.builtin.CallTestCaseKeyword$_callTestCase_closure1.call(CallTestCaseKeyword.groovy)
	at com.kms.katalon.core.keyword.internal.KeywordMain.runKeyword(KeywordMain.groovy:68)
	at com.kms.katalon.core.keyword.builtin.CallTestCaseKeyword.callTestCase(CallTestCaseKeyword.groovy:81)
	at com.kms.katalon.core.keyword.builtin.CallTestCaseKeyword.execute(CallTestCaseKeyword.groovy:44)
	at com.kms.katalon.core.keyword.internal.KeywordExecutor.executeKeywordForPlatform(KeywordExecutor.groovy:72)
	at com.kms.katalon.core.keyword.BuiltinKeywords.callTestCase(BuiltinKeywords.groovy:334)
	at WebOffice_Consumer_Search.run(WebOffice_Consumer_Search:57)
	at com.kms.katalon.core.main.ScriptEngine.run(ScriptEngine.java:194)
	at com.kms.katalon.core.main.ScriptEngine.runScriptAsRawText(ScriptEngine.java:119)
	at com.kms.katalon.core.main.TestCaseExecutor.runScript(TestCaseExecutor.java:337)
	at com.kms.katalon.core.main.TestCaseExecutor.doExecute(TestCaseExecutor.java:328)
	at com.kms.katalon.core.main.TestCaseExecutor.processExecutionPhase(TestCaseExecutor.java:307)
	at com.kms.katalon.core.main.TestCaseExecutor.accessMainPhase(TestCaseExecutor.java:299)
	at com.kms.katalon.core.main.TestCaseExecutor.execute(TestCaseExecutor.java:233)
	at com.kms.katalon.core.main.TestSuiteExecutor.accessTestCaseMainPhase(TestSuiteExecutor.java:169)
	at com.kms.katalon.core.main.TestSuiteExecutor.accessTestSuiteMainPhase(TestSuiteExecutor.java:142)
	at com.kms.katalon.core.main.TestSuiteExecutor.execute(TestSuiteExecutor.java:91)
	at com.kms.katalon.core.main.TestCaseMain.startTestSuite(TestCaseMain.java:157)
	at com.kms.katalon.core.main.TestCaseMain$startTestSuite$0.call(Unknown Source)
	at TempTestSuite1579855002070.run(TempTestSuite1579855002070.groovy:36)
)
	at com.kms.katalon.core.keyword.internal.KeywordMain.stepFailed(KeywordMain.groovy:39)
	at com.kms.katalon.core.webui.keyword.internal.WebUIKeywordMain.stepFailed(WebUIKeywordMain.groovy:64)
	at com.kms.katalon.core.webui.keyword.builtin.VerifyTextPresentKeyword$_verifyTextPresent_closure1.doCall(VerifyTextPresentKeyword.groovy:79)
	at com.kms.katalon.core.webui.keyword.builtin.VerifyTextPresentKeyword$_verifyTextPresent_closure1.call(VerifyTextPresentKeyword.groovy)
	at com.kms.katalon.core.webui.keyword.internal.WebUIKeywordMain.runKeyword(WebUIKeywordMain.groovy:20)
	at com.kms.katalon.core.webui.keyword.builtin.VerifyTextPresentKeyword.verifyTextPresent(VerifyTextPresentKeyword.groovy:83)
	at com.kms.katalon.core.webui.keyword.builtin.VerifyTextPresentKeyword.execute(VerifyTextPresentKeyword.groovy:68)
	at com.kms.katalon.core.keyword.internal.KeywordExecutor.executeKeywordForPlatform(KeywordExecutor.groovy:72)
	at com.kms.katalon.core.webui.keyword.WebUiBuiltInKeywords.verifyTextPresent(WebUiBuiltInKeywords.groovy:1693)
	at com.kms.katalon.core.webui.keyword.WebUiBuiltInKeywords$verifyTextPresent$2.call(Unknown Source)
	at WebOffice_StartUp.run(WebOffice_StartUp:152)
	at com.kms.katalon.core.main.ScriptEngine.run(ScriptEngine.java:194)
	at com.kms.katalon.core.main.ScriptEngine.runScriptAsRawText(ScriptEngine.java:119)
	at com.kms.katalon.core.main.TestCaseExecutor.runScript(TestCaseExecutor.java:337)
	at com.kms.katalon.core.main.TestCaseExecutor.doExecute(TestCaseExecutor.java:328)
	at com.kms.katalon.core.main.TestCaseExecutor.processExecutionPhase(TestCaseExecutor.java:307)
	at com.kms.katalon.core.main.TestCaseExecutor.accessMainPhase(TestCaseExecutor.java:299)
	at com.kms.katalon.core.main.TestCaseExecutor.execute(TestCaseExecutor.java:233)
	at com.kms.katalon.core.main.TestCaseMain.runTestCase(TestCaseMain.java:114)
	at com.kms.katalon.core.keyword.builtin.CallTestCaseKeyword$_callTestCase_closure1.doCall(CallTestCaseKeyword.groovy:59)
	... 20 more
Caused by: com.kms.katalon.core.exception.StepFailedException: Text 'Welcome check1234' is not present on page 
	... 39 more
)

2020-01-24 08:49:26 - [TEST_CASE][FAILED] - Test Cases/Reusable_Test_Sequences/Web_Office/Directives/WebOffice_StartUp: Test Cases/Reusable_Test_Sequences/Web_Office/Directives/WebOffice_StartUp FAILED.
Reason:
com.kms.katalon.core.exception.StepFailedException: Text 'Welcome check1234' is not present on page  (Root cause: com.kms.katalon.core.exception.StepFailedException: Text 'Welcome check1234' is not present on page 
	at com.kms.katalon.core.webui.keyword.internal.WebUIKeywordMain.stepFailed(WebUIKeywordMain.groovy:64)
	at com.kms.katalon.core.webui.keyword.builtin.VerifyTextPresentKeyword$_verifyTextPresent_closure1.doCall(VerifyTextPresentKeyword.groovy:79)
	at com.kms.katalon.core.webui.keyword.builtin.VerifyTextPresentKeyword$_verifyTextPresent_closure1.call(VerifyTextPresentKeyword.groovy)
	at com.kms.katalon.core.webui.keyword.internal.WebUIKeywordMain.runKeyword(WebUIKeywordMain.groovy:20)
	at com.kms.katalon.core.webui.keyword.builtin.VerifyTextPresentKeyword.verifyTextPresent(VerifyTextPresentKeyword.groovy:83)
	at com.kms.katalon.core.webui.keyword.builtin.VerifyTextPresentKeyword.execute(VerifyTextPresentKeyword.groovy:68)
	at com.kms.katalon.core.keyword.internal.KeywordExecutor.executeKeywordForPlatform(KeywordExecutor.groovy:72)
	at com.kms.katalon.core.webui.keyword.WebUiBuiltInKeywords.verifyTextPresent(WebUiBuiltInKeywords.groovy:1693)
	at com.kms.katalon.core.webui.keyword.WebUiBuiltInKeywords$verifyTextPresent$2.call(Unknown Source)
	at WebOffice_StartUp.run(WebOffice_StartUp:152)
	at com.kms.katalon.core.main.ScriptEngine.run(ScriptEngine.java:194)
	at com.kms.katalon.core.main.ScriptEngine.runScriptAsRawText(ScriptEngine.java:119)
	at com.kms.katalon.core.main.TestCaseExecutor.runScript(TestCaseExecutor.java:337)
	at com.kms.katalon.core.main.TestCaseExecutor.doExecute(TestCaseExecutor.java:328)
	at com.kms.katalon.core.main.TestCaseExecutor.processExecutionPhase(TestCaseExecutor.java:307)
	at com.kms.katalon.core.main.TestCaseExecutor.accessMainPhase(TestCaseExecutor.java:299)
	at com.kms.katalon.core.main.TestCaseExecutor.execute(TestCaseExecutor.java:233)
	at com.kms.katalon.core.main.TestCaseMain.runTestCase(TestCaseMain.java:114)
	at com.kms.katalon.core.keyword.builtin.CallTestCaseKeyword$_callTestCase_closure1.doCall(CallTestCaseKeyword.groovy:59)
	at com.kms.katalon.core.keyword.builtin.CallTestCaseKeyword$_callTestCase_closure1.call(CallTestCaseKeyword.groovy)
	at com.kms.katalon.core.keyword.internal.KeywordMain.runKeyword(KeywordMain.groovy:68)
	at com.kms.katalon.core.keyword.builtin.CallTestCaseKeyword.callTestCase(CallTestCaseKeyword.groovy:81)
	at com.kms.katalon.core.keyword.builtin.CallTestCaseKeyword.execute(CallTestCaseKeyword.groovy:44)
	at com.kms.katalon.core.keyword.internal.KeywordExecutor.executeKeywordForPlatform(KeywordExecutor.groovy:72)
	at com.kms.katalon.core.keyword.BuiltinKeywords.callTestCase(BuiltinKeywords.groovy:334)
	at WebOffice_Consumer_Search.run(WebOffice_Consumer_Search:57)
	at com.kms.katalon.core.main.ScriptEngine.run(ScriptEngine.java:194)
	at com.kms.katalon.core.main.ScriptEngine.runScriptAsRawText(ScriptEngine.java:119)
	at com.kms.katalon.core.main.TestCaseExecutor.runScript(TestCaseExecutor.java:337)
	at com.kms.katalon.core.main.TestCaseExecutor.doExecute(TestCaseExecutor.java:328)
	at com.kms.katalon.core.main.TestCaseExecutor.processExecutionPhase(TestCaseExecutor.java:307)
	at com.kms.katalon.core.main.TestCaseExecutor.accessMainPhase(TestCaseExecutor.java:299)
	at com.kms.katalon.core.main.TestCaseExecutor.execute(TestCaseExecutor.java:233)
	at com.kms.katalon.core.main.TestSuiteExecutor.accessTestCaseMainPhase(TestSuiteExecutor.java:169)
	at com.kms.katalon.core.main.TestSuiteExecutor.accessTestSuiteMainPhase(TestSuiteExecutor.java:142)
	at com.kms.katalon.core.main.TestSuiteExecutor.execute(TestSuiteExecutor.java:91)
	at com.kms.katalon.core.main.TestCaseMain.startTestSuite(TestCaseMain.java:157)
	at com.kms.katalon.core.main.TestCaseMain$startTestSuite$0.call(Unknown Source)
	at TempTestSuite1579855002070.run(TempTestSuite1579855002070.groovy:36)
)
	at com.kms.katalon.core.keyword.internal.KeywordMain.stepFailed(KeywordMain.groovy:39)
	at com.kms.katalon.core.webui.keyword.internal.WebUIKeywordMain.stepFailed(WebUIKeywordMain.groovy:64)
	at com.kms.katalon.core.webui.keyword.builtin.VerifyTextPresentKeyword$_verifyTextPresent_closure1.doCall(VerifyTextPresentKeyword.groovy:79)
	at com.kms.katalon.core.webui.keyword.builtin.VerifyTextPresentKeyword$_verifyTextPresent_closure1.call(VerifyTextPresentKeyword.groovy)
	at com.kms.katalon.core.webui.keyword.internal.WebUIKeywordMain.runKeyword(WebUIKeywordMain.groovy:20)
	at com.kms.katalon.core.webui.keyword.builtin.VerifyTextPresentKeyword.verifyTextPresent(VerifyTextPresentKeyword.groovy:83)
	at com.kms.katalon.core.webui.keyword.builtin.VerifyTextPresentKeyword.execute(VerifyTextPresentKeyword.groovy:68)
	at com.kms.katalon.core.keyword.internal.KeywordExecutor.executeKeywordForPlatform(KeywordExecutor.groovy:72)
	at com.kms.katalon.core.webui.keyword.WebUiBuiltInKeywords.verifyTextPresent(WebUiBuiltInKeywords.groovy:1693)
	at com.kms.katalon.core.webui.keyword.WebUiBuiltInKeywords$verifyTextPresent$2.call(Unknown Source)
	at WebOffice_StartUp.run(WebOffice_StartUp:152)
	at com.kms.katalon.core.main.ScriptEngine.run(ScriptEngine.java:194)
	at com.kms.katalon.core.main.ScriptEngine.runScriptAsRawText(ScriptEngine.java:119)
	at com.kms.katalon.core.main.TestCaseExecutor.runScript(TestCaseExecutor.java:337)
	at com.kms.katalon.core.main.TestCaseExecutor.doExecute(TestCaseExecutor.java:328)
	at com.kms.katalon.core.main.TestCaseExecutor.processExecutionPhase(TestCaseExecutor.java:307)
	at com.kms.katalon.core.main.TestCaseExecutor.accessMainPhase(TestCaseExecutor.java:299)
	at com.kms.katalon.core.main.TestCaseExecutor.execute(TestCaseExecutor.java:233)
	at com.kms.katalon.core.main.TestCaseMain.runTestCase(TestCaseMain.java:114)
	at com.kms.katalon.core.keyword.builtin.CallTestCaseKeyword$_callTestCase_closure1.doCall(CallTestCaseKeyword.groovy:59)
	at com.kms.katalon.core.keyword.builtin.CallTestCaseKeyword$_callTestCase_closure1.call(CallTestCaseKeyword.groovy)
	at com.kms.katalon.core.keyword.internal.KeywordMain.runKeyword(KeywordMain.groovy:68)
	at com.kms.katalon.core.keyword.builtin.CallTestCaseKeyword.callTestCase(CallTestCaseKeyword.groovy:81)
	at com.kms.katalon.core.keyword.builtin.CallTestCaseKeyword.execute(CallTestCaseKeyword.groovy:44)
	at com.kms.katalon.core.keyword.internal.KeywordExecutor.executeKeywordForPlatform(KeywordExecutor.groovy:72)
	at com.kms.katalon.core.keyword.BuiltinKeywords.callTestCase(BuiltinKeywords.groovy:334)
	at WebOffice_Consumer_Search.run(WebOffice_Consumer_Search:57)
	at com.kms.katalon.core.main.ScriptEngine.run(ScriptEngine.java:194)
	at com.kms.katalon.core.main.ScriptEngine.runScriptAsRawText(ScriptEngine.java:119)
	at com.kms.katalon.core.main.TestCaseExecutor.runScript(TestCaseExecutor.java:337)
	at com.kms.katalon.core.main.TestCaseExecutor.doExecute(TestCaseExecutor.java:328)
	at com.kms.katalon.core.main.TestCaseExecutor.processExecutionPhase(TestCaseExecutor.java:307)
	at com.kms.katalon.core.main.TestCaseExecutor.accessMainPhase(TestCaseExecutor.java:299)
	at com.kms.katalon.core.main.TestCaseExecutor.execute(TestCaseExecutor.java:233)
	at com.kms.katalon.core.main.TestSuiteExecutor.accessTestCaseMainPhase(TestSuiteExecutor.java:169)
	at com.kms.katalon.core.main.TestSuiteExecutor.accessTestSuiteMainPhase(TestSuiteExecutor.java:142)
	at com.kms.katalon.core.main.TestSuiteExecutor.execute(TestSuiteExecutor.java:91)
	at com.kms.katalon.core.main.TestCaseMain.startTestSuite(TestCaseMain.java:157)
	at com.kms.katalon.core.main.TestCaseMain$startTestSuite$0.call(Unknown Source)
	at TempTestSuite1579855002070.run(TempTestSuite1579855002070.groovy:36)
Caused by: com.kms.katalon.core.exception.StepFailedException: Text 'Welcome check1234' is not present on page 
	... 39 more


2020-01-24 08:49:26 - [TEST_STEP][PASSED] - if (URL == "https://www.preview.checkatrade.com/"): null

2020-01-24 08:49:26 - [TEST_STEP][PASSED] - WebOfficeURL = "https://admin.preview.checkatrade.com/": null

2020-01-24 08:49:26 - [TEST_STEP][PASSED] - if (URL == "https://www.checkatrade.com/"): null

2020-01-24 08:49:26 - [TEST_STEP][PASSED] - "Set Function Area for "URL_Handler", URL Resolution": null

2020-01-24 08:49:26 - [TEST_STEP][PASSED] - "Do Some Magic with URL(s) See the comments within URL Handler ": null

2020-01-24 08:49:26 - [TEST_STEP][PASSED] - "------------------------------------------------": null

2020-01-24 08:49:26 - [TEST_STEP][PASSED] - "Moved Login Credentials to <Default> profile 22/01/2020": null

2020-01-24 08:49:26 - [TEST_STEP][PASSED] - "------------------------------------------------": null

2020-01-24 08:49:26 - [TEST_STEP][PASSED] - "WebOfficeURL - Set from the ENVIRONMENT PROFILE ": null

2020-01-24 08:49:26 - [TEST_STEP][PASSED] - "OPEN BROWSER": null

2020-01-24 08:49:26 - [TEST_STEP][PASSED] - "eg - https://admin.preview.checkatrade.com/  ": null

2020-01-24 08:49:26 - [TEST_STEP][PASSED] - openBrowser(WebOfficeURL): Browser is opened with url: 'https://admin.preview.checkatrade.com/'

2020-01-24 08:49:26 - [MESSAGE][INFO] - Starting 'Chrome' driver

2020-01-24 08:49:33 - [MESSAGE][PASSED] - Browser is opened with url: 'https://admin.preview.checkatrade.com/'

2020-01-24 08:49:33 - [TEST_STEP][PASSED] - maximizeWindow(): Current window maximized

2020-01-24 08:49:37 - [MESSAGE][PASSED] - Current window maximized

2020-01-24 08:49:37 - [TEST_STEP][PASSED] - waitForElementClickable(findTestObject("Object Repository/WebOffice/Page_Checkatrade - Administration - Login/Login_Button"), 25): Object 'Object Repository/WebOffice/Page_Checkatrade - Administration - Login/Login_Button' is clickable

2020-01-24 08:49:37 - [MESSAGE][PASSED] - Object 'Object Repository/WebOffice/Page_Checkatrade - Administration - Login/Login_Button' is clickable

2020-01-24 08:49:37 - [TEST_STEP][PASSED] - verifyTextPresent("Checkatrade Web Office", false): Text 'Checkatrade Web Office' is present on page 

2020-01-24 08:49:37 - [MESSAGE][PASSED] - Text 'Checkatrade Web Office' is present on page 

2020-01-24 08:49:37 - [TEST_STEP][PASSED] - verifyTextPresent("Access for staff use only", false): Text 'Access for staff use only' is present on page 

2020-01-24 08:49:37 - [MESSAGE][PASSED] - Text 'Access for staff use only' is present on page 

2020-01-24 08:49:37 - [TEST_STEP][PASSED] - verifyTextPresent("Forgotten password?", false): Text 'Forgotten password?' is present on page 

2020-01-24 08:49:38 - [MESSAGE][PASSED] - Text 'Forgotten password?' is present on page 

2020-01-24 08:49:38 - [TEST_STEP][PASSED] - setText(findTestObject("Object Repository/WebOffice/Page_Checkatrade - Administration - Login/input_Username_LoginControlUserName"), wo_Username): Text 'DavidHo' is set on object 'Object Repository/WebOffice/Page_Checkatrade - Administration - Login/input_Username_LoginControlUserName'

2020-01-24 08:49:38 - [MESSAGE][PASSED] - Text 'DavidHo' is set on object 'Object Repository/WebOffice/Page_Checkatrade - Administration - Login/input_Username_LoginControlUserName'

2020-01-24 08:49:38 - [TEST_STEP][PASSED] - setText(findTestObject("Object Repository/WebOffice/Page_Checkatrade - Administration - Login/input_Password_LoginControlPassword"), wo_Password): Text 'Check123' is set on object 'Object Repository/WebOffice/Page_Checkatrade - Administration - Login/input_Password_LoginControlPassword'

2020-01-24 08:49:38 - [MESSAGE][PASSED] - Text 'Check123' is set on object 'Object Repository/WebOffice/Page_Checkatrade - Administration - Login/input_Password_LoginControlPassword'

2020-01-24 08:49:38 - [TEST_STEP][PASSED] - click(findTestObject("Object Repository/WebOffice/Page_Checkatrade - Administration - Login/Login_Button")): Object: 'Object Repository/WebOffice/Page_Checkatrade - Administration - Login/Login_Button' is clicked on

2020-01-24 08:49:39 - [MESSAGE][PASSED] - Object: 'Object Repository/WebOffice/Page_Checkatrade - Administration - Login/Login_Button' is clicked on

2020-01-24 08:49:39 - [TEST_STEP][PASSED] - waitForPageLoad(60): Wait for page load successfully

2020-01-24 08:49:39 - [MESSAGE][PASSED] - Wait for page load successfully

2020-01-24 08:49:39 - [TEST_STEP][FAILED] - verifyTextPresent("Welcome " + Username, false): Text 'Welcome check1234' is not present on page  (Root cause: com.kms.katalon.core.exception.StepFailedException: Text 'Welcome check1234' is not present on page 
	at com.kms.katalon.core.webui.keyword.internal.WebUIKeywordMain.stepFailed(WebUIKeywordMain.groovy:64)
	at com.kms.katalon.core.webui.keyword.builtin.VerifyTextPresentKeyword$_verifyTextPresent_closure1.doCall(VerifyTextPresentKeyword.groovy:79)
	at com.kms.katalon.core.webui.keyword.builtin.VerifyTextPresentKeyword$_verifyTextPresent_closure1.call(VerifyTextPresentKeyword.groovy)
	at com.kms.katalon.core.webui.keyword.internal.WebUIKeywordMain.runKeyword(WebUIKeywordMain.groovy:20)
	at com.kms.katalon.core.webui.keyword.builtin.VerifyTextPresentKeyword.verifyTextPresent(VerifyTextPresentKeyword.groovy:83)
	at com.kms.katalon.core.webui.keyword.builtin.VerifyTextPresentKeyword.execute(VerifyTextPresentKeyword.groovy:68)
	at com.kms.katalon.core.keyword.internal.KeywordExecutor.executeKeywordForPlatform(KeywordExecutor.groovy:72)
	at com.kms.katalon.core.webui.keyword.WebUiBuiltInKeywords.verifyTextPresent(WebUiBuiltInKeywords.groovy:1693)
	at com.kms.katalon.core.webui.keyword.WebUiBuiltInKeywords$verifyTextPresent$2.call(Unknown Source)
	at WebOffice_StartUp.run(WebOffice_StartUp:152)
	at com.kms.katalon.core.main.ScriptEngine.run(ScriptEngine.java:194)
	at com.kms.katalon.core.main.ScriptEngine.runScriptAsRawText(ScriptEngine.java:119)
	at com.kms.katalon.core.main.TestCaseExecutor.runScript(TestCaseExecutor.java:337)
	at com.kms.katalon.core.main.TestCaseExecutor.doExecute(TestCaseExecutor.java:328)
	at com.kms.katalon.core.main.TestCaseExecutor.processExecutionPhase(TestCaseExecutor.java:307)
	at com.kms.katalon.core.main.TestCaseExecutor.accessMainPhase(TestCaseExecutor.java:299)
	at com.kms.katalon.core.main.TestCaseExecutor.execute(TestCaseExecutor.java:233)
	at com.kms.katalon.core.main.TestCaseMain.runTestCase(TestCaseMain.java:114)
	at com.kms.katalon.core.keyword.builtin.CallTestCaseKeyword$_callTestCase_closure1.doCall(CallTestCaseKeyword.groovy:59)
	at com.kms.katalon.core.keyword.builtin.CallTestCaseKeyword$_callTestCase_closure1.call(CallTestCaseKeyword.groovy)
	at com.kms.katalon.core.keyword.internal.KeywordMain.runKeyword(KeywordMain.groovy:68)
	at com.kms.katalon.core.keyword.builtin.CallTestCaseKeyword.callTestCase(CallTestCaseKeyword.groovy:81)
	at com.kms.katalon.core.keyword.builtin.CallTestCaseKeyword.execute(CallTestCaseKeyword.groovy:44)
	at com.kms.katalon.core.keyword.internal.KeywordExecutor.executeKeywordForPlatform(KeywordExecutor.groovy:72)
	at com.kms.katalon.core.keyword.BuiltinKeywords.callTestCase(BuiltinKeywords.groovy:334)
	at WebOffice_Consumer_Search.run(WebOffice_Consumer_Search:57)
	at com.kms.katalon.core.main.ScriptEngine.run(ScriptEngine.java:194)
	at com.kms.katalon.core.main.ScriptEngine.runScriptAsRawText(ScriptEngine.java:119)
	at com.kms.katalon.core.main.TestCaseExecutor.runScript(TestCaseExecutor.java:337)
	at com.kms.katalon.core.main.TestCaseExecutor.doExecute(TestCaseExecutor.java:328)
	at com.kms.katalon.core.main.TestCaseExecutor.processExecutionPhase(TestCaseExecutor.java:307)
	at com.kms.katalon.core.main.TestCaseExecutor.accessMainPhase(TestCaseExecutor.java:299)
	at com.kms.katalon.core.main.TestCaseExecutor.execute(TestCaseExecutor.java:233)
	at com.kms.katalon.core.main.TestSuiteExecutor.accessTestCaseMainPhase(TestSuiteExecutor.java:169)
	at com.kms.katalon.core.main.TestSuiteExecutor.accessTestSuiteMainPhase(TestSuiteExecutor.java:142)
	at com.kms.katalon.core.main.TestSuiteExecutor.execute(TestSuiteExecutor.java:91)
	at com.kms.katalon.core.main.TestCaseMain.startTestSuite(TestCaseMain.java:157)
	at com.kms.katalon.core.main.TestCaseMain$startTestSuite$0.call(Unknown Source)
	at TempTestSuite1579855002070.run(TempTestSuite1579855002070.groovy:36)
)

2020-01-24 08:49:40 - [MESSAGE][FAILED] - Text 'Welcome check1234' is not present on page  (Root cause: com.kms.katalon.core.exception.StepFailedException: Text 'Welcome check1234' is not present on page 
	at com.kms.katalon.core.webui.keyword.internal.WebUIKeywordMain.stepFailed(WebUIKeywordMain.groovy:64)
	at com.kms.katalon.core.webui.keyword.builtin.VerifyTextPresentKeyword$_verifyTextPresent_closure1.doCall(VerifyTextPresentKeyword.groovy:79)
	at com.kms.katalon.core.webui.keyword.builtin.VerifyTextPresentKeyword$_verifyTextPresent_closure1.call(VerifyTextPresentKeyword.groovy)
	at com.kms.katalon.core.webui.keyword.internal.WebUIKeywordMain.runKeyword(WebUIKeywordMain.groovy:20)
	at com.kms.katalon.core.webui.keyword.builtin.VerifyTextPresentKeyword.verifyTextPresent(VerifyTextPresentKeyword.groovy:83)
	at com.kms.katalon.core.webui.keyword.builtin.VerifyTextPresentKeyword.execute(VerifyTextPresentKeyword.groovy:68)
	at com.kms.katalon.core.keyword.internal.KeywordExecutor.executeKeywordForPlatform(KeywordExecutor.groovy:72)
	at com.kms.katalon.core.webui.keyword.WebUiBuiltInKeywords.verifyTextPresent(WebUiBuiltInKeywords.groovy:1693)
	at com.kms.katalon.core.webui.keyword.WebUiBuiltInKeywords$verifyTextPresent$2.call(Unknown Source)
	at WebOffice_StartUp.run(WebOffice_StartUp:152)
	at com.kms.katalon.core.main.ScriptEngine.run(ScriptEngine.java:194)
	at com.kms.katalon.core.main.ScriptEngine.runScriptAsRawText(ScriptEngine.java:119)
	at com.kms.katalon.core.main.TestCaseExecutor.runScript(TestCaseExecutor.java:337)
	at com.kms.katalon.core.main.TestCaseExecutor.doExecute(TestCaseExecutor.java:328)
	at com.kms.katalon.core.main.TestCaseExecutor.processExecutionPhase(TestCaseExecutor.java:307)
	at com.kms.katalon.core.main.TestCaseExecutor.accessMainPhase(TestCaseExecutor.java:299)
	at com.kms.katalon.core.main.TestCaseExecutor.execute(TestCaseExecutor.java:233)
	at com.kms.katalon.core.main.TestCaseMain.runTestCase(TestCaseMain.java:114)
	at com.kms.katalon.core.keyword.builtin.CallTestCaseKeyword$_callTestCase_closure1.doCall(CallTestCaseKeyword.groovy:59)
	at com.kms.katalon.core.keyword.builtin.CallTestCaseKeyword$_callTestCase_closure1.call(CallTestCaseKeyword.groovy)
	at com.kms.katalon.core.keyword.internal.KeywordMain.runKeyword(KeywordMain.groovy:68)
	at com.kms.katalon.core.keyword.builtin.CallTestCaseKeyword.callTestCase(CallTestCaseKeyword.groovy:81)
	at com.kms.katalon.core.keyword.builtin.CallTestCaseKeyword.execute(CallTestCaseKeyword.groovy:44)
	at com.kms.katalon.core.keyword.internal.KeywordExecutor.executeKeywordForPlatform(KeywordExecutor.groovy:72)
	at com.kms.katalon.core.keyword.BuiltinKeywords.callTestCase(BuiltinKeywords.groovy:334)
	at WebOffice_Consumer_Search.run(WebOffice_Consumer_Search:57)
	at com.kms.katalon.core.main.ScriptEngine.run(ScriptEngine.java:194)
	at com.kms.katalon.core.main.ScriptEngine.runScriptAsRawText(ScriptEngine.java:119)
	at com.kms.katalon.core.main.TestCaseExecutor.runScript(TestCaseExecutor.java:337)
	at com.kms.katalon.core.main.TestCaseExecutor.doExecute(TestCaseExecutor.java:328)
	at com.kms.katalon.core.main.TestCaseExecutor.processExecutionPhase(TestCaseExecutor.java:307)
	at com.kms.katalon.core.main.TestCaseExecutor.accessMainPhase(TestCaseExecutor.java:299)
	at com.kms.katalon.core.main.TestCaseExecutor.execute(TestCaseExecutor.java:233)
	at com.kms.katalon.core.main.TestSuiteExecutor.accessTestCaseMainPhase(TestSuiteExecutor.java:169)
	at com.kms.katalon.core.main.TestSuiteExecutor.accessTestSuiteMainPhase(TestSuiteExecutor.java:142)
	at com.kms.katalon.core.main.TestSuiteExecutor.execute(TestSuiteExecutor.java:91)
	at com.kms.katalon.core.main.TestCaseMain.startTestSuite(TestCaseMain.java:157)
	at com.kms.katalon.core.main.TestCaseMain$startTestSuite$0.call(Unknown Source)
	at TempTestSuite1579855002070.run(TempTestSuite1579855002070.groovy:36)
)

2020-01-24 08:49:40 - [MESSAGE][WARNING] - Unable to call Test Case 'Test Cases/Reusable_Test_Sequences/Web_Office/Directives/WebOffice_StartUp' (Root cause: com.kms.katalon.core.exception.StepFailedException: Call Test Case 'Test Cases/Reusable_Test_Sequences/Web_Office/Directives/WebOffice_StartUp' failed
	at com.kms.katalon.core.keyword.builtin.CallTestCaseKeyword$_callTestCase_closure1.doCall(CallTestCaseKeyword.groovy:63)
	at com.kms.katalon.core.keyword.builtin.CallTestCaseKeyword$_callTestCase_closure1.call(CallTestCaseKeyword.groovy)
	at com.kms.katalon.core.keyword.internal.KeywordMain.runKeyword(KeywordMain.groovy:68)
	at com.kms.katalon.core.keyword.builtin.CallTestCaseKeyword.callTestCase(CallTestCaseKeyword.groovy:81)
	at com.kms.katalon.core.keyword.builtin.CallTestCaseKeyword.execute(CallTestCaseKeyword.groovy:44)
	at com.kms.katalon.core.keyword.internal.KeywordExecutor.executeKeywordForPlatform(KeywordExecutor.groovy:72)
	at com.kms.katalon.core.keyword.BuiltinKeywords.callTestCase(BuiltinKeywords.groovy:334)
	at WebOffice_Consumer_Search.run(WebOffice_Consumer_Search:57)
	at com.kms.katalon.core.main.ScriptEngine.run(ScriptEngine.java:194)
	at com.kms.katalon.core.main.ScriptEngine.runScriptAsRawText(ScriptEngine.java:119)
	at com.kms.katalon.core.main.TestCaseExecutor.runScript(TestCaseExecutor.java:337)
	at com.kms.katalon.core.main.TestCaseExecutor.doExecute(TestCaseExecutor.java:328)
	at com.kms.katalon.core.main.TestCaseExecutor.processExecutionPhase(TestCaseExecutor.java:307)
	at com.kms.katalon.core.main.TestCaseExecutor.accessMainPhase(TestCaseExecutor.java:299)
	at com.kms.katalon.core.main.TestCaseExecutor.execute(TestCaseExecutor.java:233)
	at com.kms.katalon.core.main.TestSuiteExecutor.accessTestCaseMainPhase(TestSuiteExecutor.java:169)
	at com.kms.katalon.core.main.TestSuiteExecutor.accessTestSuiteMainPhase(TestSuiteExecutor.java:142)
	at com.kms.katalon.core.main.TestSuiteExecutor.execute(TestSuiteExecutor.java:91)
	at com.kms.katalon.core.main.TestCaseMain.startTestSuite(TestCaseMain.java:157)
	at com.kms.katalon.core.main.TestCaseMain$startTestSuite$0.call(Unknown Source)
	at TempTestSuite1579855002070.run(TempTestSuite1579855002070.groovy:36)
Caused by: com.kms.katalon.core.exception.StepFailedException: Text 'Welcome check1234' is not present on page  (Root cause: com.kms.katalon.core.exception.StepFailedException: Text 'Welcome check1234' is not present on page 
	at com.kms.katalon.core.webui.keyword.internal.WebUIKeywordMain.stepFailed(WebUIKeywordMain.groovy:64)
	at com.kms.katalon.core.webui.keyword.builtin.VerifyTextPresentKeyword$_verifyTextPresent_closure1.doCall(VerifyTextPresentKeyword.groovy:79)
	at com.kms.katalon.core.webui.keyword.builtin.VerifyTextPresentKeyword$_verifyTextPresent_closure1.call(VerifyTextPresentKeyword.groovy)
	at com.kms.katalon.core.webui.keyword.internal.WebUIKeywordMain.runKeyword(WebUIKeywordMain.groovy:20)
	at com.kms.katalon.core.webui.keyword.builtin.VerifyTextPresentKeyword.verifyTextPresent(VerifyTextPresentKeyword.groovy:83)
	at com.kms.katalon.core.webui.keyword.builtin.VerifyTextPresentKeyword.execute(VerifyTextPresentKeyword.groovy:68)
	at com.kms.katalon.core.keyword.internal.KeywordExecutor.executeKeywordForPlatform(KeywordExecutor.groovy:72)
	at com.kms.katalon.core.webui.keyword.WebUiBuiltInKeywords.verifyTextPresent(WebUiBuiltInKeywords.groovy:1693)
	at com.kms.katalon.core.webui.keyword.WebUiBuiltInKeywords$verifyTextPresent$2.call(Unknown Source)
	at WebOffice_StartUp.run(WebOffice_StartUp:152)
	at com.kms.katalon.core.main.ScriptEngine.run(ScriptEngine.java:194)
	at com.kms.katalon.core.main.ScriptEngine.runScriptAsRawText(ScriptEngine.java:119)
	at com.kms.katalon.core.main.TestCaseExecutor.runScript(TestCaseExecutor.java:337)
	at com.kms.katalon.core.main.TestCaseExecutor.doExecute(TestCaseExecutor.java:328)
	at com.kms.katalon.core.main.TestCaseExecutor.processExecutionPhase(TestCaseExecutor.java:307)
	at com.kms.katalon.core.main.TestCaseExecutor.accessMainPhase(TestCaseExecutor.java:299)
	at com.kms.katalon.core.main.TestCaseExecutor.execute(TestCaseExecutor.java:233)
	at com.kms.katalon.core.main.TestCaseMain.runTestCase(TestCaseMain.java:114)
	at com.kms.katalon.core.keyword.builtin.CallTestCaseKeyword$_callTestCase_closure1.doCall(CallTestCaseKeyword.groovy:59)
	at com.kms.katalon.core.keyword.builtin.CallTestCaseKeyword$_callTestCase_closure1.call(CallTestCaseKeyword.groovy)
	at com.kms.katalon.core.keyword.internal.KeywordMain.runKeyword(KeywordMain.groovy:68)
	at com.kms.katalon.core.keyword.builtin.CallTestCaseKeyword.callTestCase(CallTestCaseKeyword.groovy:81)
	at com.kms.katalon.core.keyword.builtin.CallTestCaseKeyword.execute(CallTestCaseKeyword.groovy:44)
	at com.kms.katalon.core.keyword.internal.KeywordExecutor.executeKeywordForPlatform(KeywordExecutor.groovy:72)
	at com.kms.katalon.core.keyword.BuiltinKeywords.callTestCase(BuiltinKeywords.groovy:334)
	at WebOffice_Consumer_Search.run(WebOffice_Consumer_Search:57)
	at com.kms.katalon.core.main.ScriptEngine.run(ScriptEngine.java:194)
	at com.kms.katalon.core.main.ScriptEngine.runScriptAsRawText(ScriptEngine.java:119)
	at com.kms.katalon.core.main.TestCaseExecutor.runScript(TestCaseExecutor.java:337)
	at com.kms.katalon.core.main.TestCaseExecutor.doExecute(TestCaseExecutor.java:328)
	at com.kms.katalon.core.main.TestCaseExecutor.processExecutionPhase(TestCaseExecutor.java:307)
	at com.kms.katalon.core.main.TestCaseExecutor.accessMainPhase(TestCaseExecutor.java:299)
	at com.kms.katalon.core.main.TestCaseExecutor.execute(TestCaseExecutor.java:233)
	at com.kms.katalon.core.main.TestSuiteExecutor.accessTestCaseMainPhase(TestSuiteExecutor.java:169)
	at com.kms.katalon.core.main.TestSuiteExecutor.accessTestSuiteMainPhase(TestSuiteExecutor.java:142)
	at com.kms.katalon.core.main.TestSuiteExecutor.execute(TestSuiteExecutor.java:91)
	at com.kms.katalon.core.main.TestCaseMain.startTestSuite(TestCaseMain.java:157)
	at com.kms.katalon.core.main.TestCaseMain$startTestSuite$0.call(Unknown Source)
	at TempTestSuite1579855002070.run(TempTestSuite1579855002070.groovy:36)
)
	at com.kms.katalon.core.keyword.internal.KeywordMain.stepFailed(KeywordMain.groovy:39)
	at com.kms.katalon.core.webui.keyword.internal.WebUIKeywordMain.stepFailed(WebUIKeywordMain.groovy:64)
	at com.kms.katalon.core.webui.keyword.builtin.VerifyTextPresentKeyword$_verifyTextPresent_closure1.doCall(VerifyTextPresentKeyword.groovy:79)
	at com.kms.katalon.core.webui.keyword.builtin.VerifyTextPresentKeyword$_verifyTextPresent_closure1.call(VerifyTextPresentKeyword.groovy)
	at com.kms.katalon.core.webui.keyword.internal.WebUIKeywordMain.runKeyword(WebUIKeywordMain.groovy:20)
	at com.kms.katalon.core.webui.keyword.builtin.VerifyTextPresentKeyword.verifyTextPresent(VerifyTextPresentKeyword.groovy:83)
	at com.kms.katalon.core.webui.keyword.builtin.VerifyTextPresentKeyword.execute(VerifyTextPresentKeyword.groovy:68)
	at com.kms.katalon.core.keyword.internal.KeywordExecutor.executeKeywordForPlatform(KeywordExecutor.groovy:72)
	at com.kms.katalon.core.webui.keyword.WebUiBuiltInKeywords.verifyTextPresent(WebUiBuiltInKeywords.groovy:1693)
	at com.kms.katalon.core.webui.keyword.WebUiBuiltInKeywords$verifyTextPresent$2.call(Unknown Source)
	at WebOffice_StartUp.run(WebOffice_StartUp:152)
	at com.kms.katalon.core.main.ScriptEngine.run(ScriptEngine.java:194)
	at com.kms.katalon.core.main.ScriptEngine.runScriptAsRawText(ScriptEngine.java:119)
	at com.kms.katalon.core.main.TestCaseExecutor.runScript(TestCaseExecutor.java:337)
	at com.kms.katalon.core.main.TestCaseExecutor.doExecute(TestCaseExecutor.java:328)
	at com.kms.katalon.core.main.TestCaseExecutor.processExecutionPhase(TestCaseExecutor.java:307)
	at com.kms.katalon.core.main.TestCaseExecutor.accessMainPhase(TestCaseExecutor.java:299)
	at com.kms.katalon.core.main.TestCaseExecutor.execute(TestCaseExecutor.java:233)
	at com.kms.katalon.core.main.TestCaseMain.runTestCase(TestCaseMain.java:114)
	at com.kms.katalon.core.keyword.builtin.CallTestCaseKeyword$_callTestCase_closure1.doCall(CallTestCaseKeyword.groovy:59)
	... 20 more
Caused by: com.kms.katalon.core.exception.StepFailedException: Text 'Welcome check1234' is not present on page 
	... 39 more
)

2020-01-24 08:49:40 - [TEST_STEP][PASSED] - "--------------------------------------": null

2020-01-24 08:49:40 - [TEST_STEP][PASSED] - " Navigate to <Consumer> Menu Item     |": null

2020-01-24 08:49:40 - [TEST_STEP][PASSED] - callTestCase(findTestCase("Reusable_Test_Sequences/Web_Office/navigation/Navigate_Consumers"), [:], OPTIONAL): Call Test Case 'Test Cases/Reusable_Test_Sequences/Web_Office/navigation/Navigate_Consumers' successfully

2020-01-24 08:49:40 - [TEST_CASE][PASSED] - Test Cases/Reusable_Test_Sequences/Web_Office/navigation/Navigate_Consumers: Test Cases/Reusable_Test_Sequences/Web_Office/navigation/Navigate_Consumers

2020-01-24 08:49:40 - [TEST_STEP][PASSED] - "--------------------------------------": null

2020-01-24 08:49:40 - [TEST_STEP][PASSED] - " Navigate Top level menu Item         |": null

2020-01-24 08:49:40 - [TEST_STEP][PASSED] - waitForPageLoad(60): Wait for page load successfully

2020-01-24 08:49:40 - [MESSAGE][PASSED] - Wait for page load successfully

2020-01-24 08:49:40 - [TEST_STEP][PASSED] - waitForElementClickable(findTestObject("Object Repository/WebOffice_Home_page/a_Consumers"), 60): Object 'Object Repository/WebOffice_Home_page/a_Consumers' is clickable

2020-01-24 08:49:40 - [MESSAGE][PASSED] - Object 'Object Repository/WebOffice_Home_page/a_Consumers' is clickable

2020-01-24 08:49:40 - [TEST_STEP][PASSED] - click(findTestObject("Object Repository/WebOffice_Home_page/a_Consumers")): Object: 'Object Repository/WebOffice_Home_page/a_Consumers' is clicked on

2020-01-24 08:49:41 - [MESSAGE][PASSED] - Object: 'Object Repository/WebOffice_Home_page/a_Consumers' is clicked on

2020-01-24 08:49:41 - [MESSAGE][PASSED] - Call Test Case 'Test Cases/Reusable_Test_Sequences/Web_Office/navigation/Navigate_Consumers' successfully

2020-01-24 08:49:41 - [TEST_STEP][PASSED] - "--------------------------------------": null

2020-01-24 08:49:41 - [TEST_STEP][PASSED] - " LH Pane  - Apply Search Criteria     |": null

2020-01-24 08:49:41 - [TEST_STEP][PASSED] - callTestCase(findTestCase("Reusable_Test_Sequences/Web_Office/Actions/Set_Consumer_Data"), [:], OPTIONAL): Call Test Case 'Test Cases/Reusable_Test_Sequences/Web_Office/Actions/Set_Consumer_Data' successfully

2020-01-24 08:49:41 - [TEST_CASE][PASSED] - Test Cases/Reusable_Test_Sequences/Web_Office/Actions/Set_Consumer_Data: Test Cases/Reusable_Test_Sequences/Web_Office/Actions/Set_Consumer_Data

2020-01-24 08:49:41 - [TEST_STEP][PASSED] - "--------------------------------": null

2020-01-24 08:49:41 - [TEST_STEP][PASSED] - "Read data from spreadsheet      |": null

2020-01-24 08:49:41 - [TEST_STEP][PASSED] - data = findTestData("Data Files/Consumer_Data (1)"): null

2020-01-24 08:49:41 - [TEST_STEP][PASSED] - Forename = data.getValue("Forename", row): null

2020-01-24 08:49:41 - [TEST_STEP][PASSED] - Surname = data.getValue("Surname", row): null

2020-01-24 08:49:41 - [TEST_STEP][PASSED] - Mobile = data.getValue("Mobile", row): null

2020-01-24 08:49:41 - [TEST_STEP][PASSED] - Email = data.getValue("Email", row): null

2020-01-24 08:49:41 - [TEST_STEP][PASSED] - House = data.getValue("House", row): null

2020-01-24 08:49:41 - [TEST_STEP][PASSED] - Street = data.getValue("Street", row): null

2020-01-24 08:49:41 - [TEST_STEP][PASSED] - Town = data.getValue("Town", row): null

2020-01-24 08:49:41 - [TEST_STEP][PASSED] - City = data.getValue("City", row): null

2020-01-24 08:49:41 - [TEST_STEP][PASSED] - County = data.getValue("County", row): null

2020-01-24 08:49:41 - [TEST_STEP][PASSED] - Postcode = data.getValue("Postcode", row): null

2020-01-24 08:49:41 - [TEST_STEP][PASSED] - Phone = data.getValue("Phone", row): null

2020-01-24 08:49:41 - [TEST_STEP][PASSED] - Status = data.getValue("Status", row): null

2020-01-24 08:49:41 - [TEST_STEP][PASSED] - Type = data.getValue("Type", row): null

2020-01-24 08:49:41 - [TEST_STEP][PASSED] - Consumer_ID = data.getValue("Consumer_ID", row): null

2020-01-24 08:49:41 - [TEST_STEP][PASSED] - "--------------------------------": null

2020-01-24 08:49:41 - [TEST_STEP][PASSED] - "Read data from spreadsheet      |": null

2020-01-24 08:49:41 - [TEST_STEP][PASSED] - "--------------------------------": null

2020-01-24 08:49:41 - [TEST_STEP][PASSED] - "--------------------------------": null

2020-01-24 08:49:41 - [TEST_STEP][PASSED] - " Synchronisation                |": null

2020-01-24 08:49:41 - [TEST_STEP][PASSED] - waitForPageLoad(60): Wait for page load successfully

2020-01-24 08:49:41 - [MESSAGE][PASSED] - Wait for page load successfully

2020-01-24 08:49:41 - [TEST_STEP][PASSED] - waitForElementVisible(findTestObject("Object Repository/WebOffice/Consumers/Page_/input_Forename_ctl00CP1ctlSearchtbForenames"), 60): Object 'Object Repository/WebOffice/Consumers/Page_/input_Forename_ctl00CP1ctlSearchtbForenames' is visible

2020-01-24 08:49:41 - [MESSAGE][PASSED] - Object 'Object Repository/WebOffice/Consumers/Page_/input_Forename_ctl00CP1ctlSearchtbForenames' is visible

2020-01-24 08:49:41 - [TEST_STEP][PASSED] - click(findTestObject("Object Repository/WebOffice/Consumers/Page_/input_Forename_ctl00CP1ctlSearchtbForenames")): Object: 'Object Repository/WebOffice/Consumers/Page_/input_Forename_ctl00CP1ctlSearchtbForenames' is clicked on

2020-01-24 08:49:41 - [MESSAGE][PASSED] - Object: 'Object Repository/WebOffice/Consumers/Page_/input_Forename_ctl00CP1ctlSearchtbForenames' is clicked on

2020-01-24 08:49:41 - [TEST_STEP][PASSED] - "-------------------------------------------------------------------------------------------------------------------------------------": null

2020-01-24 08:49:41 - [TEST_STEP][PASSED] - setText(findTestObject("Object Repository/WebOffice/Consumers/Page_/input_Forename_ctl00CP1ctlSearchtbForenames"), Forename): Text '' is set on object 'Object Repository/WebOffice/Consumers/Page_/input_Forename_ctl00CP1ctlSearchtbForenames'

2020-01-24 08:49:42 - [MESSAGE][PASSED] - Text '' is set on object 'Object Repository/WebOffice/Consumers/Page_/input_Forename_ctl00CP1ctlSearchtbForenames'

2020-01-24 08:49:42 - [TEST_STEP][PASSED] - "-------------------------------------------------------------------------------------------------------------------------------------": null

2020-01-24 08:49:42 - [TEST_STEP][PASSED] - setText(findTestObject("Object Repository/WebOffice/Consumers/Page_/input_Surname_ctl00CP1ctlSearchtbSurname"), Surname): Text 'Brown' is set on object 'Object Repository/WebOffice/Consumers/Page_/input_Surname_ctl00CP1ctlSearchtbSurname'

2020-01-24 08:49:42 - [MESSAGE][PASSED] - Text 'Brown' is set on object 'Object Repository/WebOffice/Consumers/Page_/input_Surname_ctl00CP1ctlSearchtbSurname'

2020-01-24 08:49:42 - [TEST_STEP][PASSED] - "-------------------------------------------------------------------------------------------------------------------------------------": null

2020-01-24 08:49:42 - [TEST_STEP][PASSED] - setText(findTestObject("Object Repository/WebOffice/Consumers/Page_/input_Mobile_ctl00CP1ctlSearchtbMobile"), Mobile): Text '' is set on object 'Object Repository/WebOffice/Consumers/Page_/input_Mobile_ctl00CP1ctlSearchtbMobile'

2020-01-24 08:49:42 - [MESSAGE][PASSED] - Text '' is set on object 'Object Repository/WebOffice/Consumers/Page_/input_Mobile_ctl00CP1ctlSearchtbMobile'

2020-01-24 08:49:42 - [TEST_STEP][PASSED] - "-------------------------------------------------------------------------------------------------------------------------------------": null

2020-01-24 08:49:42 - [TEST_STEP][PASSED] - setText(findTestObject("Object Repository/WebOffice/Consumers/Page_/input_Email_ctl00CP1ctlSearchtbEmail"), Email): Text '' is set on object 'Object Repository/WebOffice/Consumers/Page_/input_Email_ctl00CP1ctlSearchtbEmail'

2020-01-24 08:49:43 - [MESSAGE][PASSED] - Text '' is set on object 'Object Repository/WebOffice/Consumers/Page_/input_Email_ctl00CP1ctlSearchtbEmail'

2020-01-24 08:49:43 - [TEST_STEP][PASSED] - "-------------------------------------------------------------------------------------------------------------------------------------": null

2020-01-24 08:49:43 - [TEST_STEP][PASSED] - setText(findTestObject("Object Repository/WebOffice/Consumers/Page_/input_House_ctl00CP1ctlSearchtbHouse"), House): Text '' is set on object 'Object Repository/WebOffice/Consumers/Page_/input_House_ctl00CP1ctlSearchtbHouse'

2020-01-24 08:49:43 - [MESSAGE][PASSED] - Text '' is set on object 'Object Repository/WebOffice/Consumers/Page_/input_House_ctl00CP1ctlSearchtbHouse'

2020-01-24 08:49:43 - [TEST_STEP][PASSED] - "-------------------------------------------------------------------------------------------------------------------------------------": null

2020-01-24 08:49:43 - [TEST_STEP][PASSED] - setText(findTestObject("Object Repository/WebOffice/Consumers/Page_/input_Street_ctl00CP1ctlSearchtbStreet"), Street): Text '2 Redwood Drive' is set on object 'Object Repository/WebOffice/Consumers/Page_/input_Street_ctl00CP1ctlSearchtbStreet'

2020-01-24 08:49:44 - [MESSAGE][PASSED] - Text '2 Redwood Drive' is set on object 'Object Repository/WebOffice/Consumers/Page_/input_Street_ctl00CP1ctlSearchtbStreet'

2020-01-24 08:49:44 - [TEST_STEP][PASSED] - "-------------------------------------------------------------------------------------------------------------------------------------": null

2020-01-24 08:49:44 - [TEST_STEP][PASSED] - setText(findTestObject("Object Repository/WebOffice/Consumers/Page_/input_Town_ctl00CP1ctlSearchtbTown"), Town): Text '' is set on object 'Object Repository/WebOffice/Consumers/Page_/input_Town_ctl00CP1ctlSearchtbTown'

2020-01-24 08:49:44 - [MESSAGE][PASSED] - Text '' is set on object 'Object Repository/WebOffice/Consumers/Page_/input_Town_ctl00CP1ctlSearchtbTown'

2020-01-24 08:49:44 - [TEST_STEP][PASSED] - "-------------------------------------------------------------------------------------------------------------------------------------": null

2020-01-24 08:49:44 - [TEST_STEP][PASSED] - setText(findTestObject("Object Repository/WebOffice/Consumers/Page_/input_City_ctl00CP1ctlSearchtbCity"), City): Text '' is set on object 'Object Repository/WebOffice/Consumers/Page_/input_City_ctl00CP1ctlSearchtbCity'

2020-01-24 08:49:44 - [MESSAGE][PASSED] - Text '' is set on object 'Object Repository/WebOffice/Consumers/Page_/input_City_ctl00CP1ctlSearchtbCity'

2020-01-24 08:49:44 - [TEST_STEP][PASSED] - "-------------------------------------------------------------------------------------------------------------------------------------": null

2020-01-24 08:49:44 - [TEST_STEP][PASSED] - setText(findTestObject("Object Repository/WebOffice/Consumers/Page_/input_County_ctl00CP1ctlSearchtbCounty"), County): Text 'West Sussex' is set on object 'Object Repository/WebOffice/Consumers/Page_/input_County_ctl00CP1ctlSearchtbCounty'

2020-01-24 08:49:45 - [MESSAGE][PASSED] - Text 'West Sussex' is set on object 'Object Repository/WebOffice/Consumers/Page_/input_County_ctl00CP1ctlSearchtbCounty'

2020-01-24 08:49:45 - [TEST_STEP][PASSED] - "-------------------------------------------------------------------------------------------------------------------------------------": null

2020-01-24 08:49:45 - [TEST_STEP][PASSED] - setText(findTestObject("Object Repository/WebOffice/Consumers/Page_/input_Postcode_ctl00CP1ctlSearchtbPostcode"), Postcode): Text '' is set on object 'Object Repository/WebOffice/Consumers/Page_/input_Postcode_ctl00CP1ctlSearchtbPostcode'

2020-01-24 08:49:45 - [MESSAGE][PASSED] - Text '' is set on object 'Object Repository/WebOffice/Consumers/Page_/input_Postcode_ctl00CP1ctlSearchtbPostcode'

2020-01-24 08:49:45 - [TEST_STEP][PASSED] - "-------------------------------------------------------------------------------------------------------------------------------------": null

2020-01-24 08:49:45 - [TEST_STEP][PASSED] - setText(findTestObject("Object Repository/WebOffice/Consumers/Page_/input_Phone_ctl00CP1ctlSearchtbTel"), Phone): Text '' is set on object 'Object Repository/WebOffice/Consumers/Page_/input_Phone_ctl00CP1ctlSearchtbTel'

2020-01-24 08:49:45 - [MESSAGE][PASSED] - Text '' is set on object 'Object Repository/WebOffice/Consumers/Page_/input_Phone_ctl00CP1ctlSearchtbTel'

2020-01-24 08:49:45 - [TEST_STEP][PASSED] - "-------------------------------------------------------------------------------------------------------------------------------------": null

2020-01-24 08:49:45 - [TEST_STEP][PASSED] - "Set Status": null

2020-01-24 08:49:45 - [TEST_STEP][PASSED] - "-------------------------------------------------------------------------------------------------------------------------------------": null

2020-01-24 08:49:45 - [TEST_STEP][PASSED] - "Status 3 Options": null

2020-01-24 08:49:45 - [TEST_STEP][PASSED] - "-------------------------------------------------------------------------------------------------------------------------------------": null

2020-01-24 08:49:45 - [TEST_STEP][PASSED] - "Set Type": null

2020-01-24 08:49:45 - [TEST_STEP][PASSED] - "-------------------------------------------------------------------------------------------------------------------------------------": null

2020-01-24 08:49:45 - [TEST_STEP][PASSED] - "Type 3 Options": null

2020-01-24 08:49:45 - [TEST_STEP][PASSED] - "-------------------------------------------------------------------------------------------------------------------------------------": null

2020-01-24 08:49:45 - [TEST_STEP][PASSED] - click(findTestObject("Object Repository/WebOffice/Consumers/Page_/input_Clear_ctl00CP1ctlSearchbtnSearch")): Object: 'Object Repository/WebOffice/Consumers/Page_/input_Clear_ctl00CP1ctlSearchbtnSearch' is clicked on

2020-01-24 08:49:46 - [MESSAGE][PASSED] - Object: 'Object Repository/WebOffice/Consumers/Page_/input_Clear_ctl00CP1ctlSearchbtnSearch' is clicked on

2020-01-24 08:49:46 - [MESSAGE][PASSED] - Call Test Case 'Test Cases/Reusable_Test_Sequences/Web_Office/Actions/Set_Consumer_Data' successfully

2020-01-24 08:49:46 - [TEST_STEP][PASSED] - "--------------------------------------": null

2020-01-24 08:49:46 - [TEST_STEP][PASSED] - " Select Returned Record to Verify     |": null

2020-01-24 08:49:46 - [TEST_STEP][PASSED] - callTestCase(findTestCase("Reusable_Test_Sequences/Web_Office/Actions/Select_Consumer"), [:], OPTIONAL): Call Test Case 'Test Cases/Reusable_Test_Sequences/Web_Office/Actions/Select_Consumer' successfully

2020-01-24 08:49:46 - [TEST_CASE][PASSED] - Test Cases/Reusable_Test_Sequences/Web_Office/Actions/Select_Consumer: Test Cases/Reusable_Test_Sequences/Web_Office/Actions/Select_Consumer

2020-01-24 08:49:46 - [TEST_STEP][PASSED] - "--------": null

2020-01-24 08:49:46 - [TEST_STEP][PASSED] - "Search  |": null

2020-01-24 08:49:46 - [TEST_STEP][PASSED] - waitForPageLoad(60): Wait for page load successfully

2020-01-24 08:49:46 - [MESSAGE][PASSED] - Wait for page load successfully

2020-01-24 08:49:46 - [TEST_STEP][PASSED] - waitForElementClickable(findTestObject("Object Repository/WO_Consumer/Page_/input_Clear_ctl00CP1ctlSearchbtnSearch"), 60): Object 'Object Repository/WO_Consumer/Page_/input_Clear_ctl00CP1ctlSearchbtnSearch' is clickable

2020-01-24 08:49:46 - [MESSAGE][PASSED] - Object 'Object Repository/WO_Consumer/Page_/input_Clear_ctl00CP1ctlSearchbtnSearch' is clickable

2020-01-24 08:49:46 - [TEST_STEP][PASSED] - click(findTestObject("Object Repository/WO_Consumer/Page_/input_Clear_ctl00CP1ctlSearchbtnSearch")): Object: 'Object Repository/WO_Consumer/Page_/input_Clear_ctl00CP1ctlSearchbtnSearch' is clicked on

2020-01-24 08:49:46 - [MESSAGE][PASSED] - Object: 'Object Repository/WO_Consumer/Page_/input_Clear_ctl00CP1ctlSearchbtnSearch' is clicked on

2020-01-24 08:49:46 - [TEST_STEP][PASSED] - delay(5): Delayed 5 second(s)

2020-01-24 08:49:51 - [MESSAGE][PASSED] - Delayed 5 second(s)

2020-01-24 08:49:51 - [TEST_STEP][PASSED] - "--------": null

2020-01-24 08:49:51 - [TEST_STEP][PASSED] - "Synch   |": null

2020-01-24 08:49:51 - [TEST_STEP][PASSED] - waitForPageLoad(120): Wait for page load successfully

2020-01-24 08:49:51 - [MESSAGE][PASSED] - Wait for page load successfully

2020-01-24 08:49:51 - [TEST_STEP][PASSED] - waitForElementClickable(findTestObject("Object Repository/WO_Consumer/Page_/a_Feedback"), 60): Object 'Object Repository/WO_Consumer/Page_/a_Feedback' is clickable

2020-01-24 08:50:25 - [MESSAGE][PASSED] - Object 'Object Repository/WO_Consumer/Page_/a_Feedback' is clickable

2020-01-24 08:50:25 - [TEST_STEP][PASSED] - "----------------------------------------": null

2020-01-24 08:50:25 - [TEST_STEP][PASSED] - "Initial Table View (Populated or Not    |": null

2020-01-24 08:50:25 - [TEST_STEP][PASSED] - "----------------------------------------": null

2020-01-24 08:50:25 - [TEST_STEP][PASSED] - "---------------------------------------------------": null

2020-01-24 08:50:25 - [TEST_STEP][PASSED] - "If Record Exists Then rocess, Otherwise Jump Over  |": null

2020-01-24 08:50:25 - [TEST_STEP][PASSED] - "---------------------------------------------------": null

2020-01-24 08:50:25 - [TEST_STEP][PASSED] - "----------------------------------------": null

2020-01-24 08:50:25 - [TEST_STEP][PASSED] - "Initial Table Return Checks": null

2020-01-24 08:50:25 - [TEST_STEP][PASSED] - "----------------------------------------": null

2020-01-24 08:50:25 - [TEST_STEP][PASSED] - "--------": null

2020-01-24 08:50:25 - [TEST_STEP][PASSED] - "Sort    |": null

2020-01-24 08:50:25 - [TEST_STEP][PASSED] - click(findTestObject("Object Repository/WO_Consumer/Page_/a_Feedback")): Object: 'Object Repository/WO_Consumer/Page_/a_Feedback' is clicked on

2020-01-24 08:50:25 - [MESSAGE][PASSED] - Object: 'Object Repository/WO_Consumer/Page_/a_Feedback' is clicked on

2020-01-24 08:50:25 - [TEST_STEP][PASSED] - delay(5): Delayed 5 second(s)

2020-01-24 08:50:30 - [MESSAGE][PASSED] - Delayed 5 second(s)

2020-01-24 08:50:30 - [TEST_STEP][PASSED] - "--------": null

2020-01-24 08:50:30 - [TEST_STEP][PASSED] - "Sort    |": null

2020-01-24 08:50:30 - [TEST_STEP][PASSED] - click(findTestObject("Object Repository/WO_Consumer/Page_/a_Feedback")): Object: 'Object Repository/WO_Consumer/Page_/a_Feedback' is clicked on

2020-01-24 08:50:30 - [MESSAGE][PASSED] - Object: 'Object Repository/WO_Consumer/Page_/a_Feedback' is clicked on

2020-01-24 08:50:30 - [TEST_STEP][PASSED] - delay(5): Delayed 5 second(s)

2020-01-24 08:50:35 - [MESSAGE][PASSED] - Delayed 5 second(s)

2020-01-24 08:50:35 - [TEST_STEP][PASSED] - "--------": null

2020-01-24 08:50:35 - [TEST_STEP][PASSED] - "Select  |": null

2020-01-24 08:50:35 - [TEST_STEP][PASSED] - waitForElementClickable(findTestObject("WO_Consumer/Page_/td_TopRow"), 60): Object 'Object Repository/WO_Consumer/Page_/td_TopRow' is clickable

2020-01-24 08:50:36 - [MESSAGE][PASSED] - Object 'Object Repository/WO_Consumer/Page_/td_TopRow' is clickable

2020-01-24 08:50:36 - [TEST_STEP][PASSED] - click(findTestObject("WO_Consumer/Page_/td_TopRow")): Object: 'Object Repository/WO_Consumer/Page_/td_TopRow' is clicked on

2020-01-24 08:50:36 - [MESSAGE][PASSED] - Object: 'Object Repository/WO_Consumer/Page_/td_TopRow' is clicked on

2020-01-24 08:50:36 - [TEST_STEP][PASSED] - delay(1): Delayed 1 second(s)

2020-01-24 08:50:37 - [MESSAGE][PASSED] - Delayed 1 second(s)

2020-01-24 08:50:37 - [MESSAGE][PASSED] - Call Test Case 'Test Cases/Reusable_Test_Sequences/Web_Office/Actions/Select_Consumer' successfully

2020-01-24 08:50:37 - [TEST_STEP][PASSED] - "--------------------------------------": null

2020-01-24 08:50:37 - [TEST_STEP][PASSED] - " Verify Returned Consumer Record      |": null

2020-01-24 08:50:37 - [TEST_STEP][PASSED] - callTestCase(findTestCase("Reusable_Test_Sequences/Web_Office/Verification/Consumer_Returned_Search_Record"), [:], OPTIONAL): Call Test Case 'Test Cases/Reusable_Test_Sequences/Web_Office/Verification/Consumer_Returned_Search_Record' successfully

2020-01-24 08:50:37 - [TEST_CASE][PASSED] - Test Cases/Reusable_Test_Sequences/Web_Office/Verification/Consumer_Returned_Search_Record: Test Cases/Reusable_Test_Sequences/Web_Office/Verification/Consumer_Returned_Search_Record

2020-01-24 08:50:37 - [TEST_STEP][PASSED] - "--------------------------------": null

2020-01-24 08:50:37 - [TEST_STEP][PASSED] - "Read data from spreadsheet      | r_ = Returned Data": null

2020-01-24 08:50:37 - [TEST_STEP][PASSED] - data = findTestData("Data Files/Consumer_Data (1)"): null

2020-01-24 08:50:37 - [TEST_STEP][PASSED] - Consumer_ID = data.getValue("Consumer_ID", row): null

2020-01-24 08:50:37 - [TEST_STEP][PASSED] - Title = data.getValue("r_Title", row): null

2020-01-24 08:50:37 - [TEST_STEP][PASSED] - Forenames = data.getValue("r_Forenames", row): null

2020-01-24 08:50:37 - [TEST_STEP][PASSED] - Surname = data.getValue("r_Surname", row): null

2020-01-24 08:50:37 - [TEST_STEP][PASSED] - Housename = data.getValue("r_Housename", row): null

2020-01-24 08:50:37 - [TEST_STEP][PASSED] - Number_Street = data.getValue("r_Number_and_Street", row): null

2020-01-24 08:50:37 - [TEST_STEP][PASSED] - City = data.getValue("r_City", row): null

2020-01-24 08:50:37 - [TEST_STEP][PASSED] - Town = data.getValue("r_Town", row): null

2020-01-24 08:50:37 - [TEST_STEP][PASSED] - County = data.getValue("r_County", row): null

2020-01-24 08:50:37 - [TEST_STEP][PASSED] - Postcode = data.getValue("r_Postcode", row): null

2020-01-24 08:50:37 - [TEST_STEP][PASSED] - Phone1 = data.getValue("r_Phone_1", row): null

2020-01-24 08:50:37 - [TEST_STEP][PASSED] - Phone2 = data.getValue("r_Phone_2", row): null

2020-01-24 08:50:37 - [TEST_STEP][PASSED] - Fax = data.getValue("r_Fax", row): null

2020-01-24 08:50:37 - [TEST_STEP][PASSED] - r_Full_Name = data.getValue("r_Full_Name", 1): null

2020-01-24 08:50:37 - [TEST_STEP][PASSED] - r_Full_Address = data.getValue("r_Full_Address", 1): null

2020-01-24 08:50:37 - [TEST_STEP][PASSED] - "--------------------------------": null

2020-01-24 08:50:37 - [TEST_STEP][PASSED] - "Read data from spreadsheet      |": null

2020-01-24 08:50:37 - [TEST_STEP][PASSED] - Actual_Page_Text = "": null

2020-01-24 08:50:37 - [TEST_STEP][PASSED] - Expected_Page_Text = "": null

2020-01-24 08:50:37 - [TEST_STEP][PASSED] - waitForPageLoad(60): Wait for page load successfully

2020-01-24 08:50:37 - [MESSAGE][PASSED] - Wait for page load successfully

2020-01-24 08:50:37 - [TEST_STEP][PASSED] - delay(1): Delayed 1 second(s)

2020-01-24 08:50:38 - [MESSAGE][PASSED] - Delayed 1 second(s)

2020-01-24 08:50:38 - [TEST_STEP][PASSED] - "HEADER DETAIL - iFrame": null

2020-01-24 08:50:38 - [TEST_STEP][PASSED] - "----------------": null

2020-01-24 08:50:38 - [TEST_STEP][PASSED] - "Full Name       |": null

2020-01-24 08:50:38 - [TEST_STEP][PASSED] - verifyElementPresent(findTestObject("Object Repository/WO_Consumer/Page_/Page_/a_Mr Gordon Brown"), 25): Object 'Object Repository/WO_Consumer/Page_/Page_/a_Mr Gordon Brown' is present

2020-01-24 08:50:41 - [MESSAGE][PASSED] - Object 'Object Repository/WO_Consumer/Page_/Page_/a_Mr Gordon Brown' is present

2020-01-24 08:50:41 - [TEST_STEP][PASSED] - "----------------": null

2020-01-24 08:50:41 - [TEST_STEP][PASSED] - "Full Address    |": null

2020-01-24 08:50:41 - [TEST_STEP][PASSED] - verifyElementPresent(findTestObject("Object Repository/WO_Consumer/Page_/Page_/div_Haywards Heath West Sussex RH16 4ER4477_d20822"), 25): Object 'Object Repository/WO_Consumer/Page_/Page_/div_Haywards Heath West Sussex RH16 4ER4477_d20822' is present

2020-01-24 08:50:41 - [MESSAGE][PASSED] - Object 'Object Repository/WO_Consumer/Page_/Page_/div_Haywards Heath West Sussex RH16 4ER4477_d20822' is present

2020-01-24 08:50:41 - [TEST_STEP][PASSED] - "BODY DETAIL - iFrame": null

2020-01-24 08:50:41 - [TEST_STEP][PASSED] - "----------------": null

2020-01-24 08:50:41 - [TEST_STEP][PASSED] - "EDIT Consumer   |": null

2020-01-24 08:50:41 - [TEST_STEP][PASSED] - verifyElementPresent(findTestObject("Object Repository/WO_Consumer/Page_/Page_/input_Title_ctledittbTitle"), 25): Object 'Object Repository/WO_Consumer/Page_/Page_/input_Title_ctledittbTitle' is present

2020-01-24 08:50:41 - [MESSAGE][PASSED] - Object 'Object Repository/WO_Consumer/Page_/Page_/input_Title_ctledittbTitle' is present

2020-01-24 08:50:41 - [TEST_STEP][PASSED] - "----------------": null

2020-01-24 08:50:41 - [TEST_STEP][PASSED] - "Address         |": null

2020-01-24 08:50:41 - [TEST_STEP][PASSED] - verifyElementPresent(findTestObject("Object Repository/WO_Consumer/Page_/Page_/span_Please ensure the Street  Road name is_e38a58"), 25): Object 'Object Repository/WO_Consumer/Page_/Page_/span_Please ensure the Street  Road name is_e38a58' is present

2020-01-24 08:50:41 - [MESSAGE][PASSED] - Object 'Object Repository/WO_Consumer/Page_/Page_/span_Please ensure the Street  Road name is_e38a58' is present

2020-01-24 08:50:41 - [MESSAGE][PASSED] - Call Test Case 'Test Cases/Reusable_Test_Sequences/Web_Office/Verification/Consumer_Returned_Search_Record' successfully

2020-01-24 08:50:41 - [TEST_STEP][PASSED] - "--------------------------": null

2020-01-24 08:50:41 - [TEST_STEP][PASSED] - " Teardown - CLose Browser |": null

2020-01-24 08:50:41 - [TEST_STEP][PASSED] - callTestCase(findTestCase("Reusable_Test_Sequences/CAT_Teardown"), [:], OPTIONAL): Call Test Case 'Test Cases/Reusable_Test_Sequences/CAT_Teardown' successfully

2020-01-24 08:50:41 - [TEST_CASE][PASSED] - Test Cases/Reusable_Test_Sequences/CAT_Teardown: Test Cases/Reusable_Test_Sequences/CAT_Teardown

2020-01-24 08:50:41 - [TEST_STEP][PASSED] - closeBrowser(): Browser is closed

2020-01-24 08:50:42 - [MESSAGE][PASSED] - Browser is closed

2020-01-24 08:50:42 - [MESSAGE][PASSED] - Call Test Case 'Test Cases/Reusable_Test_Sequences/CAT_Teardown' successfully]]></system-out>
         <system-err><![CDATA[]]></system-err>
      </testcase>
      <system-out><![CDATA[2020-01-24 08:47:07 - [TEST_SUITE][PASSED] - WebOffice_Consumer_Search: Test Cases/Web_Office/WebOffice_Consumer_Search]]></system-out>
      <system-err><![CDATA[]]></system-err>
   </testsuite>
</testsuites>
