<?xml version="1.0" encoding="UTF-8"?>
<testsuites name="Web_Office_Reports" time="1130.036" tests="19" failures="0" errors="0">
   <testsuite name="Web_Office_Reports" tests="19" failures="0" errors="0" time="1130.036" timestamp="2020-04-22 08:10:47" hostname="DavidHo - 192.168.1.238" id="Test Suites/Web_Office_Reports">
      <properties>
         <property name="deviceName" value=""/>
         <property name="devicePlatform" value=""/>
         <property name="logFolder" value="C:\\Users\\davidho\\git\\src\\Reports\\20200422_075710\\Web_Office_Reports\\20200422_075717"/>
         <property name="logFiles" value="C:\\Users\\davidho\\git\\src\\Reports\\20200422_075710\\Web_Office_Reports\\20200422_075717\\execution0.log"/>
         <property name="attachments" value=""/>
         <property name="hostName" value="DavidHo - 192.168.1.238"/>
         <property name="os" value="Windows 10 32bit"/>
         <property name="katalonVersion" value="7.3.1.1"/>
         <property name="browser" value="Chrome 81.0.4044.113"/>
         <property name="hostAddress" value="192.168.1.238"/>
         <property name="sessionId" value="dc5f5219cc7d504863d8494b6ea09ae6"/>
         <property name="seleniumVersion" value="3.141.59"/>
         <property name="proxyInformation" value="ProxyInformation{proxyOption=NO_PROXY, proxyServerType=HTTP, password=, proxyServerAddress=, proxyServerPort=0, executionList=}"/>
         <property name="platform" value="Windows 10"/>
      </properties>
      <testcase name="Test Cases/Web_Office/Reports/Web_Activity" time="78.971" classname="Test Cases/Web_Office/Reports/Web_Activity" status="PASSED">
         <system-out><![CDATA[2020-04-22 08:10:48 - [TEST_CASE][PASSED] - Test Cases/Web_Office/Reports/Web_Activity: Test Cases/Web_Office/Reports/Web_Activity

2020-04-22 08:10:49 - [TEST_STEP][PASSED] - "--------------------------------------": null

2020-04-22 08:10:49 - [TEST_STEP][PASSED] - " Web Office StartUp                  |": null

2020-04-22 08:10:49 - [TEST_STEP][PASSED] - callTestCase(findTestCase("Reusable_Test_Sequences/Web_Office/Directives/WebOffice_StartUp"), [:], STOP_ON_FAILURE): Call Test Case 'Test Cases/Reusable_Test_Sequences/Web_Office/Directives/WebOffice_StartUp' successfully

2020-04-22 08:10:49 - [TEST_CASE][PASSED] - Test Cases/Reusable_Test_Sequences/Web_Office/Directives/WebOffice_StartUp: Test Cases/Reusable_Test_Sequences/Web_Office/Directives/WebOffice_StartUp

2020-04-22 08:10:49 - [TEST_STEP][PASSED] - "-----------------------------------------------------------------------------": null

2020-04-22 08:10:49 - [TEST_STEP][PASSED] - if (URL == "https://www.dev.checkatrade.com/"): null

2020-04-22 08:10:50 - [TEST_STEP][PASSED] - "-----------------------------------------------------------------------------": null

2020-04-22 08:10:50 - [TEST_STEP][PASSED] - if (URL == "https://www.checkatrade.com/"): null

2020-04-22 08:10:50 - [TEST_STEP][PASSED] - "-----------------------------------------------------------------------------": null

2020-04-22 08:10:50 - [TEST_STEP][PASSED] - if (URL == "https://www.preview.checkatrade.com/"): null

2020-04-22 08:10:50 - [TEST_STEP][PASSED] - WebOfficeURL = "https://admin.preview.checkatrade.com/": null

2020-04-22 08:10:50 - [TEST_STEP][PASSED] - if (URL == "https://www.dev2.checkatrade.com/"): null

2020-04-22 08:10:50 - [TEST_STEP][PASSED] - "Set Function Area for "URL_Handler", URL Resolution": null

2020-04-22 08:10:50 - [TEST_STEP][PASSED] - "Do Some Magic with URL(s) See the comments within URL Handler ": null

2020-04-22 08:10:50 - [TEST_STEP][PASSED] - "------------------------------------------------": null

2020-04-22 08:10:50 - [TEST_STEP][PASSED] - "Moved Login Credentials to <Default> profile 22/01/2020": null

2020-04-22 08:10:50 - [TEST_STEP][PASSED] - "------------------------------------------------": null

2020-04-22 08:10:50 - [TEST_STEP][PASSED] - "WebOfficeURL - Set from the ENVIRONMENT PROFILE ": null

2020-04-22 08:10:50 - [TEST_STEP][PASSED] - "OPEN BROWSER": null

2020-04-22 08:10:50 - [TEST_STEP][PASSED] - "eg - https://admin.preview.checkatrade.com/  ": null

2020-04-22 08:10:50 - [TEST_STEP][PASSED] - openBrowser(WebOfficeURL): Browser is opened with url: 'https://admin.preview.checkatrade.com/'

2020-04-22 08:10:51 - [MESSAGE][INFO] - Starting 'Chrome' driver

2020-04-22 08:10:51 - [MESSAGE][INFO] - Action delay is set to 0 milliseconds

2020-04-22 08:10:58 - [MESSAGE][PASSED] - Browser is opened with url: 'https://admin.preview.checkatrade.com/'

2020-04-22 08:10:58 - [TEST_STEP][PASSED] - maximizeWindow(): Current window maximized

2020-04-22 08:11:00 - [MESSAGE][PASSED] - Current window maximized

2020-04-22 08:11:00 - [TEST_STEP][PASSED] - waitForElementClickable(findTestObject("Object Repository/WebOffice/Page_Checkatrade - Administration - Login/Login_Button"), 25): Object 'Object Repository/WebOffice/Page_Checkatrade - Administration - Login/Login_Button' is clickable

2020-04-22 08:11:01 - [MESSAGE][PASSED] - Object 'Object Repository/WebOffice/Page_Checkatrade - Administration - Login/Login_Button' is clickable

2020-04-22 08:11:01 - [TEST_STEP][PASSED] - verifyTextPresent("Checkatrade Web Office", false): Text 'Checkatrade Web Office' is present on page 

2020-04-22 08:11:01 - [MESSAGE][PASSED] - Text 'Checkatrade Web Office' is present on page 

2020-04-22 08:11:01 - [TEST_STEP][PASSED] - verifyTextPresent("Access for staff use only", false): Text 'Access for staff use only' is present on page 

2020-04-22 08:11:01 - [MESSAGE][PASSED] - Text 'Access for staff use only' is present on page 

2020-04-22 08:11:01 - [TEST_STEP][PASSED] - verifyTextPresent("Forgotten password?", false): Text 'Forgotten password?' is present on page 

2020-04-22 08:11:01 - [MESSAGE][PASSED] - Text 'Forgotten password?' is present on page 

2020-04-22 08:11:01 - [TEST_STEP][PASSED] - setText(findTestObject("Object Repository/WebOffice/Page_Checkatrade - Administration - Login/input_Username_LoginControlUserName"), wo_Username): Text 'DavidHo' is set on object 'Object Repository/WebOffice/Page_Checkatrade - Administration - Login/input_Username_LoginControlUserName'

2020-04-22 08:11:02 - [MESSAGE][PASSED] - Text 'DavidHo' is set on object 'Object Repository/WebOffice/Page_Checkatrade - Administration - Login/input_Username_LoginControlUserName'

2020-04-22 08:11:02 - [TEST_STEP][PASSED] - setText(findTestObject("Object Repository/WebOffice/Page_Checkatrade - Administration - Login/input_Password_LoginControlPassword"), wo_Password): Text 'Check123' is set on object 'Object Repository/WebOffice/Page_Checkatrade - Administration - Login/input_Password_LoginControlPassword'

2020-04-22 08:11:02 - [MESSAGE][PASSED] - Text 'Check123' is set on object 'Object Repository/WebOffice/Page_Checkatrade - Administration - Login/input_Password_LoginControlPassword'

2020-04-22 08:11:02 - [TEST_STEP][PASSED] - click(findTestObject("Object Repository/WebOffice/Page_Checkatrade - Administration - Login/Login_Button")): Object: 'Object Repository/WebOffice/Page_Checkatrade - Administration - Login/Login_Button' is clicked on

2020-04-22 08:11:04 - [MESSAGE][PASSED] - Object: 'Object Repository/WebOffice/Page_Checkatrade - Administration - Login/Login_Button' is clicked on

2020-04-22 08:11:04 - [TEST_STEP][PASSED] - waitForPageLoad(60): Wait for page load successfully

2020-04-22 08:11:04 - [MESSAGE][PASSED] - Wait for page load successfully

2020-04-22 08:11:04 - [TEST_STEP][PASSED] - verifyTextPresent("Welcome " + wo_Username, false): Text 'Welcome DavidHo' is present on page 

2020-04-22 08:11:05 - [MESSAGE][PASSED] - Text 'Welcome DavidHo' is present on page 

2020-04-22 08:11:05 - [MESSAGE][PASSED] - Call Test Case 'Test Cases/Reusable_Test_Sequences/Web_Office/Directives/WebOffice_StartUp' successfully

2020-04-22 08:11:05 - [TEST_STEP][PASSED] - "-----------------------------------------------------------------": null

2020-04-22 08:11:05 - [TEST_STEP][PASSED] - " Navigate to <Settings->Checkatrade.Com->Sub Item> Menu Item     |": null

2020-04-22 08:11:05 - [TEST_STEP][PASSED] - callTestCase(findTestCase("Reusable_Test_Sequences/Web_Office/Navigation/Sub_Menu_Navigation/Reports/Web_Activity"), [:], STOP_ON_FAILURE): Call Test Case 'Test Cases/Reusable_Test_Sequences/Web_Office/Navigation/Sub_Menu_Navigation/Reports/Web_Activity' successfully

2020-04-22 08:11:05 - [TEST_CASE][PASSED] - Test Cases/Reusable_Test_Sequences/Web_Office/Navigation/Sub_Menu_Navigation/Reports/Web_Activity: Test Cases/Reusable_Test_Sequences/Web_Office/Navigation/Sub_Menu_Navigation/Reports/Web_Activity

2020-04-22 08:11:06 - [TEST_STEP][PASSED] - "--------------------------------------": null

2020-04-22 08:11:06 - [TEST_STEP][PASSED] - " Navigate Top level menu Item         |": null

2020-04-22 08:11:06 - [TEST_STEP][PASSED] - waitForPageLoad(60): Wait for page load successfully

2020-04-22 08:11:06 - [MESSAGE][PASSED] - Wait for page load successfully

2020-04-22 08:11:06 - [TEST_STEP][PASSED] - waitForElementClickable(findTestObject("Object Repository/WebOffice_Home_page/a_Reports"), 60): Object 'Object Repository/WebOffice_Home_page/a_Reports' is clickable

2020-04-22 08:11:06 - [MESSAGE][PASSED] - Object 'Object Repository/WebOffice_Home_page/a_Reports' is clickable

2020-04-22 08:11:06 - [TEST_STEP][PASSED] - mouseOver(findTestObject("Object Repository/WebOffice_Home_page/a_Reports")): Object: 'Object Repository/WebOffice_Home_page/a_Reports' is hovered

2020-04-22 08:11:07 - [MESSAGE][PASSED] - Object: 'Object Repository/WebOffice_Home_page/a_Reports' is hovered

2020-04-22 08:11:07 - [TEST_STEP][PASSED] - waitForPageLoad(5): Wait for page load successfully

2020-04-22 08:11:07 - [MESSAGE][PASSED] - Wait for page load successfully

2020-04-22 08:11:07 - [TEST_STEP][PASSED] - waitForElementClickable(findTestObject("Object Repository/WebOffice_Home_page/a_Web Activity"), 5): Object 'Object Repository/WebOffice_Home_page/a_Web Activity' is clickable

2020-04-22 08:11:07 - [MESSAGE][PASSED] - Object 'Object Repository/WebOffice_Home_page/a_Web Activity' is clickable

2020-04-22 08:11:07 - [TEST_STEP][PASSED] - click(findTestObject("Object Repository/WebOffice_Home_page/a_Web Activity")): Object: 'Object Repository/WebOffice_Home_page/a_Web Activity' is clicked on

2020-04-22 08:11:59 - [MESSAGE][PASSED] - Object: 'Object Repository/WebOffice_Home_page/a_Web Activity' is clicked on

2020-04-22 08:11:59 - [MESSAGE][PASSED] - Call Test Case 'Test Cases/Reusable_Test_Sequences/Web_Office/Navigation/Sub_Menu_Navigation/Reports/Web_Activity' successfully

2020-04-22 08:11:59 - [TEST_STEP][PASSED] - "--------------------------------------": null

2020-04-22 08:11:59 - [TEST_STEP][PASSED] - " Verify Returned Page Detail          |": null

2020-04-22 08:11:59 - [TEST_STEP][PASSED] - callTestCase(findTestCase("Reusable_Test_Sequences/Web_Office/Verification/Reports/Web_Activity"), [:], OPTIONAL): Call Test Case 'Test Cases/Reusable_Test_Sequences/Web_Office/Verification/Reports/Web_Activity' successfully

2020-04-22 08:11:59 - [TEST_CASE][PASSED] - Test Cases/Reusable_Test_Sequences/Web_Office/Verification/Reports/Web_Activity: Test Cases/Reusable_Test_Sequences/Web_Office/Verification/Reports/Web_Activity

2020-04-22 08:12:00 - [TEST_STEP][PASSED] - waitForPageLoad(120): Wait for page load successfully

2020-04-22 08:12:00 - [MESSAGE][PASSED] - Wait for page load successfully

2020-04-22 08:12:00 - [TEST_STEP][PASSED] - delay(1): Delayed 1 second(s)

2020-04-22 08:12:01 - [MESSAGE][PASSED] - Delayed 1 second(s)

2020-04-22 08:12:01 - [TEST_STEP][PASSED] - verifyTextPresent("Web Activity", false): Text 'Web Activity' is present on page 

2020-04-22 08:12:01 - [MESSAGE][PASSED] - Text 'Web Activity' is present on page 

2020-04-22 08:12:01 - [TEST_STEP][PASSED] - "----------------------------------------------": null

2020-04-22 08:12:01 - [TEST_STEP][PASSED] - verifyTextPresent("Recent Searches", false): Text 'Recent Searches' is present on page 

2020-04-22 08:12:02 - [MESSAGE][PASSED] - Text 'Recent Searches' is present on page 

2020-04-22 08:12:02 - [TEST_STEP][PASSED] - verifyTextPresent("Most Viewed Companies (in past 7 days)", false): Text 'Most Viewed Companies (in past 7 days)' is present on page 

2020-04-22 08:12:02 - [MESSAGE][PASSED] - Text 'Most Viewed Companies (in past 7 days)' is present on page 

2020-04-22 08:12:02 - [TEST_STEP][PASSED] - "----------------------------------------------": null

2020-04-22 08:12:02 - [TEST_STEP][PASSED] - "----------------------------------------------": null

2020-04-22 08:12:02 - [TEST_STEP][PASSED] - verifyTextPresent("Search on", false): Text 'Search on' is present on page 

2020-04-22 08:12:03 - [MESSAGE][PASSED] - Text 'Search on' is present on page 

2020-04-22 08:12:03 - [TEST_STEP][PASSED] - verifyTextPresent("Search for", false): Text 'Search for' is present on page 

2020-04-22 08:12:03 - [MESSAGE][PASSED] - Text 'Search for' is present on page 

2020-04-22 08:12:03 - [TEST_STEP][PASSED] - verifyTextPresent("In", false): Text 'In' is present on page 

2020-04-22 08:12:03 - [MESSAGE][PASSED] - Text 'In' is present on page 

2020-04-22 08:12:03 - [TEST_STEP][PASSED] - verifyTextPresent("No. Results", false): Text 'No. Results' is present on page 

2020-04-22 08:12:04 - [MESSAGE][PASSED] - Text 'No. Results' is present on page 

2020-04-22 08:12:04 - [TEST_STEP][PASSED] - verifyTextPresent("Company", false): Text 'Company' is present on page 

2020-04-22 08:12:04 - [MESSAGE][PASSED] - Text 'Company' is present on page 

2020-04-22 08:12:04 - [TEST_STEP][PASSED] - verifyTextPresent("From Search", false): Text 'From Search' is present on page 

2020-04-22 08:12:04 - [MESSAGE][PASSED] - Text 'From Search' is present on page 

2020-04-22 08:12:04 - [TEST_STEP][PASSED] - verifyTextPresent("Checkatrade", false): Text 'Checkatrade' is present on page 

2020-04-22 08:12:04 - [MESSAGE][PASSED] - Text 'Checkatrade' is present on page 

2020-04-22 08:12:04 - [TEST_STEP][PASSED] - verifyTextPresent("External Link", false): Text 'External Link' is present on page 

2020-04-22 08:12:05 - [MESSAGE][PASSED] - Text 'External Link' is present on page 

2020-04-22 08:12:05 - [TEST_STEP][PASSED] - verifyTextPresent("Other", false): Text 'Other' is present on page 

2020-04-22 08:12:05 - [MESSAGE][PASSED] - Text 'Other' is present on page 

2020-04-22 08:12:05 - [TEST_STEP][PASSED] - verifyTextPresent("Total", false): Text 'Total' is present on page 

2020-04-22 08:12:05 - [MESSAGE][PASSED] - Text 'Total' is present on page 

2020-04-22 08:12:05 - [TEST_STEP][PASSED] - "----------------------------------------------": null

2020-04-22 08:12:05 - [TEST_STEP][PASSED] - verifyTextPresent("Foster Tree Care", false): Text 'Foster Tree Care' is present on page 

2020-04-22 08:12:06 - [MESSAGE][PASSED] - Text 'Foster Tree Care' is present on page 

2020-04-22 08:12:06 - [TEST_STEP][PASSED] - verifyTextPresent("Burton Electrical Services", false): Text 'Burton Electrical Services' is present on page 

2020-04-22 08:12:06 - [MESSAGE][PASSED] - Text 'Burton Electrical Services' is present on page 

2020-04-22 08:12:06 - [MESSAGE][PASSED] - Call Test Case 'Test Cases/Reusable_Test_Sequences/Web_Office/Verification/Reports/Web_Activity' successfully

2020-04-22 08:12:06 - [TEST_STEP][PASSED] - "--------------------------": null

2020-04-22 08:12:06 - [TEST_STEP][PASSED] - " Teardown - CLose Browser |": null

2020-04-22 08:12:06 - [TEST_STEP][PASSED] - callTestCase(findTestCase("Reusable_Test_Sequences/CAT_Teardown"), [:], OPTIONAL): Call Test Case 'Test Cases/Reusable_Test_Sequences/CAT_Teardown' successfully

2020-04-22 08:12:06 - [TEST_CASE][PASSED] - Test Cases/Reusable_Test_Sequences/CAT_Teardown: Test Cases/Reusable_Test_Sequences/CAT_Teardown

2020-04-22 08:12:06 - [TEST_STEP][PASSED] - closeBrowser(): Browser is closed

2020-04-22 08:12:07 - [MESSAGE][PASSED] - Browser is closed

2020-04-22 08:12:07 - [TEST_STEP][PASSED] - super.finalize(): null

2020-04-22 08:12:07 - [TEST_STEP][PASSED] - System.gc(): null

2020-04-22 08:12:07 - [MESSAGE][PASSED] - Call Test Case 'Test Cases/Reusable_Test_Sequences/CAT_Teardown' successfully]]></system-out>
         <system-err><![CDATA[]]></system-err>
      </testcase>
      <testcase name="Test Cases/Web_Office/Reports/Company_Views" time="18.249" classname="Test Cases/Web_Office/Reports/Company_Views" status="PASSED">
         <system-out><![CDATA[2020-04-22 08:12:07 - [TEST_CASE][PASSED] - Test Cases/Web_Office/Reports/Company_Views: Test Cases/Web_Office/Reports/Company_Views

2020-04-22 08:12:08 - [TEST_STEP][PASSED] - "--------------------------------------": null

2020-04-22 08:12:08 - [TEST_STEP][PASSED] - " Web Office StartUp                  |": null

2020-04-22 08:12:08 - [TEST_STEP][PASSED] - callTestCase(findTestCase("Reusable_Test_Sequences/Web_Office/Directives/WebOffice_StartUp"), [:], STOP_ON_FAILURE): Call Test Case 'Test Cases/Reusable_Test_Sequences/Web_Office/Directives/WebOffice_StartUp' successfully

2020-04-22 08:12:08 - [TEST_CASE][PASSED] - Test Cases/Reusable_Test_Sequences/Web_Office/Directives/WebOffice_StartUp: Test Cases/Reusable_Test_Sequences/Web_Office/Directives/WebOffice_StartUp

2020-04-22 08:12:08 - [TEST_STEP][PASSED] - "-----------------------------------------------------------------------------": null

2020-04-22 08:12:08 - [TEST_STEP][PASSED] - if (URL == "https://www.dev.checkatrade.com/"): null

2020-04-22 08:12:08 - [TEST_STEP][PASSED] - "-----------------------------------------------------------------------------": null

2020-04-22 08:12:08 - [TEST_STEP][PASSED] - if (URL == "https://www.checkatrade.com/"): null

2020-04-22 08:12:08 - [TEST_STEP][PASSED] - "-----------------------------------------------------------------------------": null

2020-04-22 08:12:08 - [TEST_STEP][PASSED] - if (URL == "https://www.preview.checkatrade.com/"): null

2020-04-22 08:12:08 - [TEST_STEP][PASSED] - WebOfficeURL = "https://admin.preview.checkatrade.com/": null

2020-04-22 08:12:08 - [TEST_STEP][PASSED] - if (URL == "https://www.dev2.checkatrade.com/"): null

2020-04-22 08:12:08 - [TEST_STEP][PASSED] - "Set Function Area for "URL_Handler", URL Resolution": null

2020-04-22 08:12:08 - [TEST_STEP][PASSED] - "Do Some Magic with URL(s) See the comments within URL Handler ": null

2020-04-22 08:12:08 - [TEST_STEP][PASSED] - "------------------------------------------------": null

2020-04-22 08:12:08 - [TEST_STEP][PASSED] - "Moved Login Credentials to <Default> profile 22/01/2020": null

2020-04-22 08:12:08 - [TEST_STEP][PASSED] - "------------------------------------------------": null

2020-04-22 08:12:08 - [TEST_STEP][PASSED] - "WebOfficeURL - Set from the ENVIRONMENT PROFILE ": null

2020-04-22 08:12:08 - [TEST_STEP][PASSED] - "OPEN BROWSER": null

2020-04-22 08:12:08 - [TEST_STEP][PASSED] - "eg - https://admin.preview.checkatrade.com/  ": null

2020-04-22 08:12:08 - [TEST_STEP][PASSED] - openBrowser(WebOfficeURL): Browser is opened with url: 'https://admin.preview.checkatrade.com/'

2020-04-22 08:12:08 - [MESSAGE][INFO] - Starting 'Chrome' driver

2020-04-22 08:12:08 - [MESSAGE][INFO] - Action delay is set to 0 milliseconds

2020-04-22 08:12:12 - [MESSAGE][PASSED] - Browser is opened with url: 'https://admin.preview.checkatrade.com/'

2020-04-22 08:12:12 - [TEST_STEP][PASSED] - maximizeWindow(): Current window maximized

2020-04-22 08:12:15 - [MESSAGE][PASSED] - Current window maximized

2020-04-22 08:12:15 - [TEST_STEP][PASSED] - waitForElementClickable(findTestObject("Object Repository/WebOffice/Page_Checkatrade - Administration - Login/Login_Button"), 25): Object 'Object Repository/WebOffice/Page_Checkatrade - Administration - Login/Login_Button' is clickable

2020-04-22 08:12:15 - [MESSAGE][PASSED] - Object 'Object Repository/WebOffice/Page_Checkatrade - Administration - Login/Login_Button' is clickable

2020-04-22 08:12:15 - [TEST_STEP][PASSED] - verifyTextPresent("Checkatrade Web Office", false): Text 'Checkatrade Web Office' is present on page 

2020-04-22 08:12:15 - [MESSAGE][PASSED] - Text 'Checkatrade Web Office' is present on page 

2020-04-22 08:12:15 - [TEST_STEP][PASSED] - verifyTextPresent("Access for staff use only", false): Text 'Access for staff use only' is present on page 

2020-04-22 08:12:15 - [MESSAGE][PASSED] - Text 'Access for staff use only' is present on page 

2020-04-22 08:12:15 - [TEST_STEP][PASSED] - verifyTextPresent("Forgotten password?", false): Text 'Forgotten password?' is present on page 

2020-04-22 08:12:15 - [MESSAGE][PASSED] - Text 'Forgotten password?' is present on page 

2020-04-22 08:12:15 - [TEST_STEP][PASSED] - setText(findTestObject("Object Repository/WebOffice/Page_Checkatrade - Administration - Login/input_Username_LoginControlUserName"), wo_Username): Text 'DavidHo' is set on object 'Object Repository/WebOffice/Page_Checkatrade - Administration - Login/input_Username_LoginControlUserName'

2020-04-22 08:12:15 - [MESSAGE][PASSED] - Text 'DavidHo' is set on object 'Object Repository/WebOffice/Page_Checkatrade - Administration - Login/input_Username_LoginControlUserName'

2020-04-22 08:12:15 - [TEST_STEP][PASSED] - setText(findTestObject("Object Repository/WebOffice/Page_Checkatrade - Administration - Login/input_Password_LoginControlPassword"), wo_Password): Text 'Check123' is set on object 'Object Repository/WebOffice/Page_Checkatrade - Administration - Login/input_Password_LoginControlPassword'

2020-04-22 08:12:15 - [MESSAGE][PASSED] - Text 'Check123' is set on object 'Object Repository/WebOffice/Page_Checkatrade - Administration - Login/input_Password_LoginControlPassword'

2020-04-22 08:12:15 - [TEST_STEP][PASSED] - click(findTestObject("Object Repository/WebOffice/Page_Checkatrade - Administration - Login/Login_Button")): Object: 'Object Repository/WebOffice/Page_Checkatrade - Administration - Login/Login_Button' is clicked on

2020-04-22 08:12:16 - [MESSAGE][PASSED] - Object: 'Object Repository/WebOffice/Page_Checkatrade - Administration - Login/Login_Button' is clicked on

2020-04-22 08:12:16 - [TEST_STEP][PASSED] - waitForPageLoad(60): Wait for page load successfully

2020-04-22 08:12:16 - [MESSAGE][PASSED] - Wait for page load successfully

2020-04-22 08:12:16 - [TEST_STEP][PASSED] - verifyTextPresent("Welcome " + wo_Username, false): Text 'Welcome DavidHo' is present on page 

2020-04-22 08:12:17 - [MESSAGE][PASSED] - Text 'Welcome DavidHo' is present on page 

2020-04-22 08:12:17 - [MESSAGE][PASSED] - Call Test Case 'Test Cases/Reusable_Test_Sequences/Web_Office/Directives/WebOffice_StartUp' successfully

2020-04-22 08:12:17 - [TEST_STEP][PASSED] - "-----------------------------------------------------------------": null

2020-04-22 08:12:17 - [TEST_STEP][PASSED] - " Navigate to <Settings->Checkatrade.Com->Sub Item> Menu Item     |": null

2020-04-22 08:12:17 - [TEST_STEP][PASSED] - callTestCase(findTestCase("Reusable_Test_Sequences/Web_Office/Navigation/Sub_Menu_Navigation/Reports/Company_Views"), [:], STOP_ON_FAILURE): Call Test Case 'Test Cases/Reusable_Test_Sequences/Web_Office/Navigation/Sub_Menu_Navigation/Reports/Company_Views' successfully

2020-04-22 08:12:17 - [TEST_CASE][PASSED] - Test Cases/Reusable_Test_Sequences/Web_Office/Navigation/Sub_Menu_Navigation/Reports/Company_Views: Test Cases/Reusable_Test_Sequences/Web_Office/Navigation/Sub_Menu_Navigation/Reports/Company_Views

2020-04-22 08:12:17 - [TEST_STEP][PASSED] - "--------------------------------------": null

2020-04-22 08:12:17 - [TEST_STEP][PASSED] - " Navigate Top level menu Item         |": null

2020-04-22 08:12:17 - [TEST_STEP][PASSED] - waitForPageLoad(60): Wait for page load successfully

2020-04-22 08:12:17 - [MESSAGE][PASSED] - Wait for page load successfully

2020-04-22 08:12:17 - [TEST_STEP][PASSED] - waitForElementClickable(findTestObject("Object Repository/WebOffice_Home_page/a_Reports"), 60): Object 'Object Repository/WebOffice_Home_page/a_Reports' is clickable

2020-04-22 08:12:17 - [MESSAGE][PASSED] - Object 'Object Repository/WebOffice_Home_page/a_Reports' is clickable

2020-04-22 08:12:17 - [TEST_STEP][PASSED] - mouseOver(findTestObject("Object Repository/WebOffice_Home_page/a_Reports")): Object: 'Object Repository/WebOffice_Home_page/a_Reports' is hovered

2020-04-22 08:12:18 - [MESSAGE][PASSED] - Object: 'Object Repository/WebOffice_Home_page/a_Reports' is hovered

2020-04-22 08:12:18 - [TEST_STEP][PASSED] - mouseOver(findTestObject("Object Repository/WebOffice_Home_page/Page_/a_Consumers")): Object: 'Object Repository/WebOffice_Home_page/Page_/a_Consumers' is hovered

2020-04-22 08:12:18 - [MESSAGE][PASSED] - Object: 'Object Repository/WebOffice_Home_page/Page_/a_Consumers' is hovered

2020-04-22 08:12:18 - [TEST_STEP][PASSED] - waitForPageLoad(5): Wait for page load successfully

2020-04-22 08:12:18 - [MESSAGE][PASSED] - Wait for page load successfully

2020-04-22 08:12:18 - [TEST_STEP][PASSED] - waitForElementClickable(findTestObject("Object Repository/WebOffice_Home_page/a_Company Views"), 5): Object 'Object Repository/WebOffice_Home_page/a_Company Views' is clickable

2020-04-22 08:12:18 - [MESSAGE][PASSED] - Object 'Object Repository/WebOffice_Home_page/a_Company Views' is clickable

2020-04-22 08:12:18 - [TEST_STEP][PASSED] - click(findTestObject("Object Repository/WebOffice_Home_page/a_Company Views")): Object: 'Object Repository/WebOffice_Home_page/a_Company Views' is clicked on

2020-04-22 08:12:20 - [MESSAGE][PASSED] - Object: 'Object Repository/WebOffice_Home_page/a_Company Views' is clicked on

2020-04-22 08:12:20 - [MESSAGE][PASSED] - Call Test Case 'Test Cases/Reusable_Test_Sequences/Web_Office/Navigation/Sub_Menu_Navigation/Reports/Company_Views' successfully

2020-04-22 08:12:20 - [TEST_STEP][PASSED] - "--------------------------------------": null

2020-04-22 08:12:20 - [TEST_STEP][PASSED] - " Verify Returned Page Detail          |": null

2020-04-22 08:12:20 - [TEST_STEP][PASSED] - callTestCase(findTestCase("Reusable_Test_Sequences/Web_Office/Verification/Reports/Company_Views"), [:], OPTIONAL): Call Test Case 'Test Cases/Reusable_Test_Sequences/Web_Office/Verification/Reports/Company_Views' successfully

2020-04-22 08:12:20 - [TEST_CASE][PASSED] - Test Cases/Reusable_Test_Sequences/Web_Office/Verification/Reports/Company_Views: Test Cases/Reusable_Test_Sequences/Web_Office/Verification/Reports/Company_Views

2020-04-22 08:12:20 - [TEST_STEP][PASSED] - waitForPageLoad(120): Wait for page load successfully

2020-04-22 08:12:20 - [MESSAGE][PASSED] - Wait for page load successfully

2020-04-22 08:12:20 - [TEST_STEP][PASSED] - delay(1): Delayed 1 second(s)

2020-04-22 08:12:21 - [MESSAGE][PASSED] - Delayed 1 second(s)

2020-04-22 08:12:21 - [TEST_STEP][PASSED] - verifyTextPresent("Company Viewing History", false): Text 'Company Viewing History' is present on page 

2020-04-22 08:12:22 - [MESSAGE][PASSED] - Text 'Company Viewing History' is present on page 

2020-04-22 08:12:22 - [TEST_STEP][PASSED] - "----------------------------------------------": null

2020-04-22 08:12:22 - [TEST_STEP][PASSED] - verifyTextPresent("From", false): Text 'From' is present on page 

2020-04-22 08:12:22 - [MESSAGE][PASSED] - Text 'From' is present on page 

2020-04-22 08:12:22 - [TEST_STEP][PASSED] - verifyTextPresent("Select Company", false): Text 'Select Company' is present on page 

2020-04-22 08:12:22 - [MESSAGE][PASSED] - Text 'Select Company' is present on page 

2020-04-22 08:12:22 - [TEST_STEP][PASSED] - "----------------------------------------------": null

2020-04-22 08:12:22 - [TEST_STEP][PASSED] - "----------------------------------------------": null

2020-04-22 08:12:22 - [TEST_STEP][PASSED] - verifyTextPresent("Company", false): Text 'Company' is present on page 

2020-04-22 08:12:23 - [MESSAGE][PASSED] - Text 'Company' is present on page 

2020-04-22 08:12:23 - [TEST_STEP][PASSED] - verifyTextPresent("From Search", false): Text 'From Search' is present on page 

2020-04-22 08:12:23 - [MESSAGE][PASSED] - Text 'From Search' is present on page 

2020-04-22 08:12:23 - [TEST_STEP][PASSED] - verifyTextPresent("Checkatrade", false): Text 'Checkatrade' is present on page 

2020-04-22 08:12:23 - [MESSAGE][PASSED] - Text 'Checkatrade' is present on page 

2020-04-22 08:12:23 - [TEST_STEP][PASSED] - verifyTextPresent("External Link", false): Text 'External Link' is present on page 

2020-04-22 08:12:23 - [MESSAGE][PASSED] - Text 'External Link' is present on page 

2020-04-22 08:12:23 - [TEST_STEP][PASSED] - verifyTextPresent("Other", false): Text 'Other' is present on page 

2020-04-22 08:12:24 - [MESSAGE][PASSED] - Text 'Other' is present on page 

2020-04-22 08:12:24 - [TEST_STEP][PASSED] - verifyTextPresent("Total", false): Text 'Total' is present on page 

2020-04-22 08:12:24 - [MESSAGE][PASSED] - Text 'Total' is present on page 

2020-04-22 08:12:24 - [TEST_STEP][PASSED] - "----------------------------------------------": null

2020-04-22 08:12:24 - [TEST_STEP][PASSED] - verifyTextPresent("Foster Tree Care", false): Text 'Foster Tree Care' is present on page 

2020-04-22 08:12:24 - [MESSAGE][PASSED] - Text 'Foster Tree Care' is present on page 

2020-04-22 08:12:24 - [MESSAGE][PASSED] - Call Test Case 'Test Cases/Reusable_Test_Sequences/Web_Office/Verification/Reports/Company_Views' successfully

2020-04-22 08:12:24 - [TEST_STEP][PASSED] - "--------------------------": null

2020-04-22 08:12:24 - [TEST_STEP][PASSED] - " Teardown - CLose Browser |": null

2020-04-22 08:12:24 - [TEST_STEP][PASSED] - callTestCase(findTestCase("Reusable_Test_Sequences/CAT_Teardown"), [:], OPTIONAL): Call Test Case 'Test Cases/Reusable_Test_Sequences/CAT_Teardown' successfully

2020-04-22 08:12:24 - [TEST_CASE][PASSED] - Test Cases/Reusable_Test_Sequences/CAT_Teardown: Test Cases/Reusable_Test_Sequences/CAT_Teardown

2020-04-22 08:12:24 - [TEST_STEP][PASSED] - closeBrowser(): Browser is closed

2020-04-22 08:12:25 - [MESSAGE][PASSED] - Browser is closed

2020-04-22 08:12:25 - [TEST_STEP][PASSED] - super.finalize(): null

2020-04-22 08:12:25 - [TEST_STEP][PASSED] - System.gc(): null

2020-04-22 08:12:25 - [MESSAGE][PASSED] - Call Test Case 'Test Cases/Reusable_Test_Sequences/CAT_Teardown' successfully]]></system-out>
         <system-err><![CDATA[]]></system-err>
      </testcase>
      <testcase name="Test Cases/Web_Office/Reports/Company_Website_Status_Changes_Consumers" time="171.527" classname="Test Cases/Web_Office/Reports/Company_Website_Status_Changes_Consumers" status="PASSED">
         <system-out><![CDATA[2020-04-22 08:12:25 - [TEST_CASE][PASSED] - Test Cases/Web_Office/Reports/Company_Website_Status_Changes_Consumers: Test Cases/Web_Office/Reports/Company_Website_Status_Changes_Consumers

2020-04-22 08:12:26 - [TEST_STEP][PASSED] - "--------------------------------------": null

2020-04-22 08:12:26 - [TEST_STEP][PASSED] - " Web Office StartUp                  |": null

2020-04-22 08:12:26 - [TEST_STEP][PASSED] - callTestCase(findTestCase("Reusable_Test_Sequences/Web_Office/Directives/WebOffice_StartUp"), [:], STOP_ON_FAILURE): Call Test Case 'Test Cases/Reusable_Test_Sequences/Web_Office/Directives/WebOffice_StartUp' successfully

2020-04-22 08:12:26 - [TEST_CASE][PASSED] - Test Cases/Reusable_Test_Sequences/Web_Office/Directives/WebOffice_StartUp: Test Cases/Reusable_Test_Sequences/Web_Office/Directives/WebOffice_StartUp

2020-04-22 08:12:26 - [TEST_STEP][PASSED] - "-----------------------------------------------------------------------------": null

2020-04-22 08:12:26 - [TEST_STEP][PASSED] - if (URL == "https://www.dev.checkatrade.com/"): null

2020-04-22 08:12:26 - [TEST_STEP][PASSED] - "-----------------------------------------------------------------------------": null

2020-04-22 08:12:26 - [TEST_STEP][PASSED] - if (URL == "https://www.checkatrade.com/"): null

2020-04-22 08:12:26 - [TEST_STEP][PASSED] - "-----------------------------------------------------------------------------": null

2020-04-22 08:12:26 - [TEST_STEP][PASSED] - if (URL == "https://www.preview.checkatrade.com/"): null

2020-04-22 08:12:26 - [TEST_STEP][PASSED] - WebOfficeURL = "https://admin.preview.checkatrade.com/": null

2020-04-22 08:12:26 - [TEST_STEP][PASSED] - if (URL == "https://www.dev2.checkatrade.com/"): null

2020-04-22 08:12:26 - [TEST_STEP][PASSED] - "Set Function Area for "URL_Handler", URL Resolution": null

2020-04-22 08:12:26 - [TEST_STEP][PASSED] - "Do Some Magic with URL(s) See the comments within URL Handler ": null

2020-04-22 08:12:26 - [TEST_STEP][PASSED] - "------------------------------------------------": null

2020-04-22 08:12:26 - [TEST_STEP][PASSED] - "Moved Login Credentials to <Default> profile 22/01/2020": null

2020-04-22 08:12:26 - [TEST_STEP][PASSED] - "------------------------------------------------": null

2020-04-22 08:12:26 - [TEST_STEP][PASSED] - "WebOfficeURL - Set from the ENVIRONMENT PROFILE ": null

2020-04-22 08:12:26 - [TEST_STEP][PASSED] - "OPEN BROWSER": null

2020-04-22 08:12:26 - [TEST_STEP][PASSED] - "eg - https://admin.preview.checkatrade.com/  ": null

2020-04-22 08:12:26 - [TEST_STEP][PASSED] - openBrowser(WebOfficeURL): Browser is opened with url: 'https://admin.preview.checkatrade.com/'

2020-04-22 08:12:26 - [MESSAGE][INFO] - Starting 'Chrome' driver

2020-04-22 08:12:26 - [MESSAGE][INFO] - Action delay is set to 0 milliseconds

2020-04-22 08:12:31 - [MESSAGE][PASSED] - Browser is opened with url: 'https://admin.preview.checkatrade.com/'

2020-04-22 08:12:31 - [TEST_STEP][PASSED] - maximizeWindow(): Current window maximized

2020-04-22 08:12:34 - [MESSAGE][PASSED] - Current window maximized

2020-04-22 08:12:34 - [TEST_STEP][PASSED] - waitForElementClickable(findTestObject("Object Repository/WebOffice/Page_Checkatrade - Administration - Login/Login_Button"), 25): Object 'Object Repository/WebOffice/Page_Checkatrade - Administration - Login/Login_Button' is clickable

2020-04-22 08:12:34 - [MESSAGE][PASSED] - Object 'Object Repository/WebOffice/Page_Checkatrade - Administration - Login/Login_Button' is clickable

2020-04-22 08:12:34 - [TEST_STEP][PASSED] - verifyTextPresent("Checkatrade Web Office", false): Text 'Checkatrade Web Office' is present on page 

2020-04-22 08:12:34 - [MESSAGE][PASSED] - Text 'Checkatrade Web Office' is present on page 

2020-04-22 08:12:34 - [TEST_STEP][PASSED] - verifyTextPresent("Access for staff use only", false): Text 'Access for staff use only' is present on page 

2020-04-22 08:12:34 - [MESSAGE][PASSED] - Text 'Access for staff use only' is present on page 

2020-04-22 08:12:34 - [TEST_STEP][PASSED] - verifyTextPresent("Forgotten password?", false): Text 'Forgotten password?' is present on page 

2020-04-22 08:12:34 - [MESSAGE][PASSED] - Text 'Forgotten password?' is present on page 

2020-04-22 08:12:34 - [TEST_STEP][PASSED] - setText(findTestObject("Object Repository/WebOffice/Page_Checkatrade - Administration - Login/input_Username_LoginControlUserName"), wo_Username): Text 'DavidHo' is set on object 'Object Repository/WebOffice/Page_Checkatrade - Administration - Login/input_Username_LoginControlUserName'

2020-04-22 08:12:34 - [MESSAGE][PASSED] - Text 'DavidHo' is set on object 'Object Repository/WebOffice/Page_Checkatrade - Administration - Login/input_Username_LoginControlUserName'

2020-04-22 08:12:34 - [TEST_STEP][PASSED] - setText(findTestObject("Object Repository/WebOffice/Page_Checkatrade - Administration - Login/input_Password_LoginControlPassword"), wo_Password): Text 'Check123' is set on object 'Object Repository/WebOffice/Page_Checkatrade - Administration - Login/input_Password_LoginControlPassword'

2020-04-22 08:12:34 - [MESSAGE][PASSED] - Text 'Check123' is set on object 'Object Repository/WebOffice/Page_Checkatrade - Administration - Login/input_Password_LoginControlPassword'

2020-04-22 08:12:34 - [TEST_STEP][PASSED] - click(findTestObject("Object Repository/WebOffice/Page_Checkatrade - Administration - Login/Login_Button")): Object: 'Object Repository/WebOffice/Page_Checkatrade - Administration - Login/Login_Button' is clicked on

2020-04-22 08:12:36 - [MESSAGE][PASSED] - Object: 'Object Repository/WebOffice/Page_Checkatrade - Administration - Login/Login_Button' is clicked on

2020-04-22 08:12:36 - [TEST_STEP][PASSED] - waitForPageLoad(60): Wait for page load successfully

2020-04-22 08:12:36 - [MESSAGE][PASSED] - Wait for page load successfully

2020-04-22 08:12:36 - [TEST_STEP][PASSED] - verifyTextPresent("Welcome " + wo_Username, false): Text 'Welcome DavidHo' is present on page 

2020-04-22 08:12:37 - [MESSAGE][PASSED] - Text 'Welcome DavidHo' is present on page 

2020-04-22 08:12:37 - [MESSAGE][PASSED] - Call Test Case 'Test Cases/Reusable_Test_Sequences/Web_Office/Directives/WebOffice_StartUp' successfully

2020-04-22 08:12:37 - [TEST_STEP][PASSED] - "-----------------------------------------------------------------": null

2020-04-22 08:12:37 - [TEST_STEP][PASSED] - " Navigate to <Settings->Checkatrade.Com->Sub Item> Menu Item     |": null

2020-04-22 08:12:37 - [TEST_STEP][PASSED] - callTestCase(findTestCase("Reusable_Test_Sequences/Web_Office/Navigation/Sub_Menu_Navigation/Reports/Company_Website_Status_Changes_Consumers"), [:], STOP_ON_FAILURE): Call Test Case 'Test Cases/Reusable_Test_Sequences/Web_Office/Navigation/Sub_Menu_Navigation/Reports/Company_Website_Status_Changes_Consumers' successfully

2020-04-22 08:12:37 - [TEST_CASE][PASSED] - Test Cases/Reusable_Test_Sequences/Web_Office/Navigation/Sub_Menu_Navigation/Reports/Company_Website_Status_Changes_Consumers: Test Cases/Reusable_Test_Sequences/Web_Office/Navigation/Sub_Menu_Navigation/Reports/Company_Website_Status_Changes_Consumers

2020-04-22 08:12:37 - [TEST_STEP][PASSED] - "--------------------------------------": null

2020-04-22 08:12:37 - [TEST_STEP][PASSED] - " Navigate Top level menu Item         |": null

2020-04-22 08:12:37 - [TEST_STEP][PASSED] - waitForPageLoad(60): Wait for page load successfully

2020-04-22 08:12:37 - [MESSAGE][PASSED] - Wait for page load successfully

2020-04-22 08:12:37 - [TEST_STEP][PASSED] - waitForElementClickable(findTestObject("Object Repository/WebOffice_Home_page/a_Reports"), 60): Object 'Object Repository/WebOffice_Home_page/a_Reports' is clickable

2020-04-22 08:12:37 - [MESSAGE][PASSED] - Object 'Object Repository/WebOffice_Home_page/a_Reports' is clickable

2020-04-22 08:12:37 - [TEST_STEP][PASSED] - mouseOver(findTestObject("Object Repository/WebOffice_Home_page/a_Reports")): Object: 'Object Repository/WebOffice_Home_page/a_Reports' is hovered

2020-04-22 08:12:38 - [MESSAGE][PASSED] - Object: 'Object Repository/WebOffice_Home_page/a_Reports' is hovered

2020-04-22 08:12:38 - [TEST_STEP][PASSED] - click(findTestObject("Object Repository/WebOffice_Home_page/Page_/a_Consumers")): Object: 'Object Repository/WebOffice_Home_page/Page_/a_Consumers' is clicked on

2020-04-22 08:12:38 - [MESSAGE][PASSED] - Object: 'Object Repository/WebOffice_Home_page/Page_/a_Consumers' is clicked on

2020-04-22 08:12:38 - [TEST_STEP][PASSED] - waitForPageLoad(5): Wait for page load successfully

2020-04-22 08:12:38 - [MESSAGE][PASSED] - Wait for page load successfully

2020-04-22 08:12:38 - [TEST_STEP][PASSED] - waitForElementClickable(findTestObject("Object Repository/WebOffice_Home_page/a_Company Website Status Changes"), 5): Object 'Object Repository/WebOffice_Home_page/a_Company Website Status Changes' is clickable

2020-04-22 08:12:38 - [MESSAGE][PASSED] - Object 'Object Repository/WebOffice_Home_page/a_Company Website Status Changes' is clickable

2020-04-22 08:12:38 - [TEST_STEP][PASSED] - click(findTestObject("Object Repository/WebOffice_Home_page/a_Company Website Status Changes")): Object: 'Object Repository/WebOffice_Home_page/a_Company Website Status Changes' is clicked on

2020-04-22 08:15:12 - [MESSAGE][PASSED] - Object: 'Object Repository/WebOffice_Home_page/a_Company Website Status Changes' is clicked on

2020-04-22 08:15:12 - [MESSAGE][PASSED] - Call Test Case 'Test Cases/Reusable_Test_Sequences/Web_Office/Navigation/Sub_Menu_Navigation/Reports/Company_Website_Status_Changes_Consumers' successfully

2020-04-22 08:15:12 - [TEST_STEP][PASSED] - "--------------------------------------": null

2020-04-22 08:15:12 - [TEST_STEP][PASSED] - " Verify Returned Page Detail          |": null

2020-04-22 08:15:12 - [TEST_STEP][PASSED] - callTestCase(findTestCase("Reusable_Test_Sequences/Web_Office/Verification/Reports/Company_Website_Status_Changes"), [:], OPTIONAL): Call Test Case 'Test Cases/Reusable_Test_Sequences/Web_Office/Verification/Reports/Company_Website_Status_Changes' successfully

2020-04-22 08:15:12 - [TEST_CASE][PASSED] - Test Cases/Reusable_Test_Sequences/Web_Office/Verification/Reports/Company_Website_Status_Changes: Test Cases/Reusable_Test_Sequences/Web_Office/Verification/Reports/Company_Website_Status_Changes

2020-04-22 08:15:12 - [TEST_STEP][PASSED] - waitForPageLoad(120): Wait for page load successfully

2020-04-22 08:15:12 - [MESSAGE][PASSED] - Wait for page load successfully

2020-04-22 08:15:12 - [TEST_STEP][PASSED] - delay(1): Delayed 1 second(s)

2020-04-22 08:15:13 - [MESSAGE][PASSED] - Delayed 1 second(s)

2020-04-22 08:15:13 - [TEST_STEP][PASSED] - verifyTextPresent("Company Website Status Change Report", false): Text 'Company Website Status Change Report' is present on page 

2020-04-22 08:15:13 - [MESSAGE][PASSED] - Text 'Company Website Status Change Report' is present on page 

2020-04-22 08:15:13 - [TEST_STEP][PASSED] - "----------------------------------------------": null

2020-04-22 08:15:13 - [TEST_STEP][PASSED] - verifyTextPresent("All Available Dates:", false): Text 'All Available Dates:' is present on page 

2020-04-22 08:15:13 - [MESSAGE][PASSED] - Text 'All Available Dates:' is present on page 

2020-04-22 08:15:13 - [TEST_STEP][PASSED] - verifyTextPresent("Total no. companies", false): Text 'Total no. companies' is present on page 

2020-04-22 08:15:14 - [MESSAGE][PASSED] - Text 'Total no. companies' is present on page 

2020-04-22 08:15:14 - [TEST_STEP][PASSED] - "----------------------------------------------": null

2020-04-22 08:15:14 - [TEST_STEP][PASSED] - "----------------------------------------------": null

2020-04-22 08:15:14 - [TEST_STEP][PASSED] - verifyTextPresent("Company", false): Text 'Company' is present on page 

2020-04-22 08:15:14 - [MESSAGE][PASSED] - Text 'Company' is present on page 

2020-04-22 08:15:14 - [TEST_STEP][PASSED] - verifyTextPresent("Status", false): Text 'Status' is present on page 

2020-04-22 08:15:14 - [MESSAGE][PASSED] - Text 'Status' is present on page 

2020-04-22 08:15:14 - [TEST_STEP][PASSED] - verifyTextPresent("Description", false): Text 'Description' is present on page 

2020-04-22 08:15:14 - [MESSAGE][PASSED] - Text 'Description' is present on page 

2020-04-22 08:15:14 - [TEST_STEP][PASSED] - verifyTextPresent("Date Changed", false): Text 'Date Changed' is present on page 

2020-04-22 08:15:15 - [MESSAGE][PASSED] - Text 'Date Changed' is present on page 

2020-04-22 08:15:15 - [TEST_STEP][PASSED] - "----------------------------------------------": null

2020-04-22 08:15:15 - [TEST_STEP][PASSED] - "----------------------------------------------": null

2020-04-22 08:15:15 - [TEST_STEP][PASSED] - "----------------------------------------------": null

2020-04-22 08:15:15 - [TEST_STEP][PASSED] - verifyTextPresent("Added to Website", false): Text 'Added to Website' is present on page 

2020-04-22 08:15:15 - [MESSAGE][PASSED] - Text 'Added to Website' is present on page 

2020-04-22 08:15:15 - [TEST_STEP][PASSED] - verifyTextPresent("Removed from website", false): Text 'Removed from website' is present on page 

2020-04-22 08:15:15 - [MESSAGE][PASSED] - Text 'Removed from website' is present on page 

2020-04-22 08:15:15 - [MESSAGE][PASSED] - Call Test Case 'Test Cases/Reusable_Test_Sequences/Web_Office/Verification/Reports/Company_Website_Status_Changes' successfully

2020-04-22 08:15:15 - [TEST_STEP][PASSED] - "--------------------------": null

2020-04-22 08:15:15 - [TEST_STEP][PASSED] - " Teardown - CLose Browser |": null

2020-04-22 08:15:15 - [TEST_STEP][PASSED] - callTestCase(findTestCase("Reusable_Test_Sequences/CAT_Teardown"), [:], OPTIONAL): Call Test Case 'Test Cases/Reusable_Test_Sequences/CAT_Teardown' successfully

2020-04-22 08:15:15 - [TEST_CASE][PASSED] - Test Cases/Reusable_Test_Sequences/CAT_Teardown: Test Cases/Reusable_Test_Sequences/CAT_Teardown

2020-04-22 08:15:15 - [TEST_STEP][PASSED] - closeBrowser(): Browser is closed

2020-04-22 08:15:17 - [MESSAGE][PASSED] - Browser is closed

2020-04-22 08:15:17 - [TEST_STEP][PASSED] - super.finalize(): null

2020-04-22 08:15:17 - [TEST_STEP][PASSED] - System.gc(): null

2020-04-22 08:15:17 - [MESSAGE][PASSED] - Call Test Case 'Test Cases/Reusable_Test_Sequences/CAT_Teardown' successfully]]></system-out>
         <system-err><![CDATA[]]></system-err>
      </testcase>
      <testcase name="Test Cases/Web_Office/Reports/Directory_Preferences" time="545.469" classname="Test Cases/Web_Office/Reports/Directory_Preferences" status="PASSED">
         <system-out><![CDATA[2020-04-22 08:15:17 - [TEST_CASE][PASSED] - Test Cases/Web_Office/Reports/Directory_Preferences: Test Cases/Web_Office/Reports/Directory_Preferences

2020-04-22 08:15:17 - [TEST_STEP][PASSED] - "--------------------------------------": null

2020-04-22 08:15:17 - [TEST_STEP][PASSED] - " Web Office StartUp                  |": null

2020-04-22 08:15:17 - [TEST_STEP][PASSED] - callTestCase(findTestCase("Reusable_Test_Sequences/Web_Office/Directives/WebOffice_StartUp"), [:], STOP_ON_FAILURE): Call Test Case 'Test Cases/Reusable_Test_Sequences/Web_Office/Directives/WebOffice_StartUp' successfully

2020-04-22 08:15:17 - [TEST_CASE][PASSED] - Test Cases/Reusable_Test_Sequences/Web_Office/Directives/WebOffice_StartUp: Test Cases/Reusable_Test_Sequences/Web_Office/Directives/WebOffice_StartUp

2020-04-22 08:15:17 - [TEST_STEP][PASSED] - "-----------------------------------------------------------------------------": null

2020-04-22 08:15:17 - [TEST_STEP][PASSED] - if (URL == "https://www.dev.checkatrade.com/"): null

2020-04-22 08:15:17 - [TEST_STEP][PASSED] - "-----------------------------------------------------------------------------": null

2020-04-22 08:15:17 - [TEST_STEP][PASSED] - if (URL == "https://www.checkatrade.com/"): null

2020-04-22 08:15:17 - [TEST_STEP][PASSED] - "-----------------------------------------------------------------------------": null

2020-04-22 08:15:17 - [TEST_STEP][PASSED] - if (URL == "https://www.preview.checkatrade.com/"): null

2020-04-22 08:15:17 - [TEST_STEP][PASSED] - WebOfficeURL = "https://admin.preview.checkatrade.com/": null

2020-04-22 08:15:17 - [TEST_STEP][PASSED] - if (URL == "https://www.dev2.checkatrade.com/"): null

2020-04-22 08:15:17 - [TEST_STEP][PASSED] - "Set Function Area for "URL_Handler", URL Resolution": null

2020-04-22 08:15:17 - [TEST_STEP][PASSED] - "Do Some Magic with URL(s) See the comments within URL Handler ": null

2020-04-22 08:15:17 - [TEST_STEP][PASSED] - "------------------------------------------------": null

2020-04-22 08:15:17 - [TEST_STEP][PASSED] - "Moved Login Credentials to <Default> profile 22/01/2020": null

2020-04-22 08:15:17 - [TEST_STEP][PASSED] - "------------------------------------------------": null

2020-04-22 08:15:17 - [TEST_STEP][PASSED] - "WebOfficeURL - Set from the ENVIRONMENT PROFILE ": null

2020-04-22 08:15:17 - [TEST_STEP][PASSED] - "OPEN BROWSER": null

2020-04-22 08:15:17 - [TEST_STEP][PASSED] - "eg - https://admin.preview.checkatrade.com/  ": null

2020-04-22 08:15:17 - [TEST_STEP][PASSED] - openBrowser(WebOfficeURL): Browser is opened with url: 'https://admin.preview.checkatrade.com/'

2020-04-22 08:15:17 - [MESSAGE][INFO] - Starting 'Chrome' driver

2020-04-22 08:15:17 - [MESSAGE][INFO] - Action delay is set to 0 milliseconds

2020-04-22 08:15:23 - [MESSAGE][PASSED] - Browser is opened with url: 'https://admin.preview.checkatrade.com/'

2020-04-22 08:15:23 - [TEST_STEP][PASSED] - maximizeWindow(): Current window maximized

2020-04-22 08:15:25 - [MESSAGE][PASSED] - Current window maximized

2020-04-22 08:15:25 - [TEST_STEP][PASSED] - waitForElementClickable(findTestObject("Object Repository/WebOffice/Page_Checkatrade - Administration - Login/Login_Button"), 25): Object 'Object Repository/WebOffice/Page_Checkatrade - Administration - Login/Login_Button' is clickable

2020-04-22 08:15:25 - [MESSAGE][PASSED] - Object 'Object Repository/WebOffice/Page_Checkatrade - Administration - Login/Login_Button' is clickable

2020-04-22 08:15:25 - [TEST_STEP][PASSED] - verifyTextPresent("Checkatrade Web Office", false): Text 'Checkatrade Web Office' is present on page 

2020-04-22 08:15:26 - [MESSAGE][PASSED] - Text 'Checkatrade Web Office' is present on page 

2020-04-22 08:15:26 - [TEST_STEP][PASSED] - verifyTextPresent("Access for staff use only", false): Text 'Access for staff use only' is present on page 

2020-04-22 08:15:26 - [MESSAGE][PASSED] - Text 'Access for staff use only' is present on page 

2020-04-22 08:15:26 - [TEST_STEP][PASSED] - verifyTextPresent("Forgotten password?", false): Text 'Forgotten password?' is present on page 

2020-04-22 08:15:26 - [MESSAGE][PASSED] - Text 'Forgotten password?' is present on page 

2020-04-22 08:15:26 - [TEST_STEP][PASSED] - setText(findTestObject("Object Repository/WebOffice/Page_Checkatrade - Administration - Login/input_Username_LoginControlUserName"), wo_Username): Text 'DavidHo' is set on object 'Object Repository/WebOffice/Page_Checkatrade - Administration - Login/input_Username_LoginControlUserName'

2020-04-22 08:15:26 - [MESSAGE][PASSED] - Text 'DavidHo' is set on object 'Object Repository/WebOffice/Page_Checkatrade - Administration - Login/input_Username_LoginControlUserName'

2020-04-22 08:15:26 - [TEST_STEP][PASSED] - setText(findTestObject("Object Repository/WebOffice/Page_Checkatrade - Administration - Login/input_Password_LoginControlPassword"), wo_Password): Text 'Check123' is set on object 'Object Repository/WebOffice/Page_Checkatrade - Administration - Login/input_Password_LoginControlPassword'

2020-04-22 08:15:26 - [MESSAGE][PASSED] - Text 'Check123' is set on object 'Object Repository/WebOffice/Page_Checkatrade - Administration - Login/input_Password_LoginControlPassword'

2020-04-22 08:15:26 - [TEST_STEP][PASSED] - click(findTestObject("Object Repository/WebOffice/Page_Checkatrade - Administration - Login/Login_Button")): Object: 'Object Repository/WebOffice/Page_Checkatrade - Administration - Login/Login_Button' is clicked on

2020-04-22 08:15:27 - [MESSAGE][PASSED] - Object: 'Object Repository/WebOffice/Page_Checkatrade - Administration - Login/Login_Button' is clicked on

2020-04-22 08:15:27 - [TEST_STEP][PASSED] - waitForPageLoad(60): Wait for page load successfully

2020-04-22 08:15:27 - [MESSAGE][PASSED] - Wait for page load successfully

2020-04-22 08:15:27 - [TEST_STEP][PASSED] - verifyTextPresent("Welcome " + wo_Username, false): Text 'Welcome DavidHo' is present on page 

2020-04-22 08:15:28 - [MESSAGE][PASSED] - Text 'Welcome DavidHo' is present on page 

2020-04-22 08:15:28 - [MESSAGE][PASSED] - Call Test Case 'Test Cases/Reusable_Test_Sequences/Web_Office/Directives/WebOffice_StartUp' successfully

2020-04-22 08:15:28 - [TEST_STEP][PASSED] - "-----------------------------------------------------------------": null

2020-04-22 08:15:28 - [TEST_STEP][PASSED] - " Navigate to <Settings->Checkatrade.Com->Sub Item> Menu Item     |": null

2020-04-22 08:15:28 - [TEST_STEP][PASSED] - callTestCase(findTestCase("Reusable_Test_Sequences/Web_Office/Navigation/Sub_Menu_Navigation/Reports/Directory_Preferences"), [:], STOP_ON_FAILURE): Call Test Case 'Test Cases/Reusable_Test_Sequences/Web_Office/Navigation/Sub_Menu_Navigation/Reports/Directory_Preferences' successfully

2020-04-22 08:15:28 - [TEST_CASE][PASSED] - Test Cases/Reusable_Test_Sequences/Web_Office/Navigation/Sub_Menu_Navigation/Reports/Directory_Preferences: Test Cases/Reusable_Test_Sequences/Web_Office/Navigation/Sub_Menu_Navigation/Reports/Directory_Preferences

2020-04-22 08:15:28 - [TEST_STEP][PASSED] - "--------------------------------------": null

2020-04-22 08:15:28 - [TEST_STEP][PASSED] - " Navigate Top level menu Item         |": null

2020-04-22 08:15:28 - [TEST_STEP][PASSED] - waitForPageLoad(60): Wait for page load successfully

2020-04-22 08:15:28 - [MESSAGE][PASSED] - Wait for page load successfully

2020-04-22 08:15:28 - [TEST_STEP][PASSED] - waitForElementClickable(findTestObject("Object Repository/WebOffice_Home_page/a_Reports"), 60): Object 'Object Repository/WebOffice_Home_page/a_Reports' is clickable

2020-04-22 08:15:28 - [MESSAGE][PASSED] - Object 'Object Repository/WebOffice_Home_page/a_Reports' is clickable

2020-04-22 08:15:28 - [TEST_STEP][PASSED] - mouseOver(findTestObject("Object Repository/WebOffice_Home_page/a_Reports")): Object: 'Object Repository/WebOffice_Home_page/a_Reports' is hovered

2020-04-22 08:15:29 - [MESSAGE][PASSED] - Object: 'Object Repository/WebOffice_Home_page/a_Reports' is hovered

2020-04-22 08:15:29 - [TEST_STEP][PASSED] - mouseOver(findTestObject("Object Repository/WebOffice_Home_page/Page_/a_Consumers")): Object: 'Object Repository/WebOffice_Home_page/Page_/a_Consumers' is hovered

2020-04-22 08:15:29 - [MESSAGE][PASSED] - Object: 'Object Repository/WebOffice_Home_page/Page_/a_Consumers' is hovered

2020-04-22 08:15:29 - [TEST_STEP][PASSED] - waitForPageLoad(5): Wait for page load successfully

2020-04-22 08:15:29 - [MESSAGE][PASSED] - Wait for page load successfully

2020-04-22 08:15:29 - [TEST_STEP][PASSED] - waitForElementClickable(findTestObject("Object Repository/WebOffice_Home_page/a_Directory Preferences"), 5): Object 'Object Repository/WebOffice_Home_page/a_Directory Preferences' is clickable

2020-04-22 08:15:29 - [MESSAGE][PASSED] - Object 'Object Repository/WebOffice_Home_page/a_Directory Preferences' is clickable

2020-04-22 08:15:29 - [TEST_STEP][PASSED] - click(findTestObject("Object Repository/WebOffice_Home_page/a_Directory Preferences")): Object: 'Object Repository/WebOffice_Home_page/a_Directory Preferences' is clicked on

2020-04-22 08:16:43 - [MESSAGE][PASSED] - Object: 'Object Repository/WebOffice_Home_page/a_Directory Preferences' is clicked on

2020-04-22 08:16:43 - [MESSAGE][PASSED] - Call Test Case 'Test Cases/Reusable_Test_Sequences/Web_Office/Navigation/Sub_Menu_Navigation/Reports/Directory_Preferences' successfully

2020-04-22 08:16:43 - [TEST_STEP][PASSED] - "--------------------------------------": null

2020-04-22 08:16:43 - [TEST_STEP][PASSED] - " Verify Returned Page Detail          |": null

2020-04-22 08:16:43 - [TEST_STEP][PASSED] - callTestCase(findTestCase("Reusable_Test_Sequences/Web_Office/Verification/Reports/Directory_Preferences"), [:], OPTIONAL): Call Test Case 'Test Cases/Reusable_Test_Sequences/Web_Office/Verification/Reports/Directory_Preferences' successfully

2020-04-22 08:16:43 - [TEST_CASE][PASSED] - Test Cases/Reusable_Test_Sequences/Web_Office/Verification/Reports/Directory_Preferences: Test Cases/Reusable_Test_Sequences/Web_Office/Verification/Reports/Directory_Preferences

2020-04-22 08:16:43 - [TEST_STEP][PASSED] - waitForPageLoad(120): Wait for page load successfully

2020-04-22 08:16:43 - [MESSAGE][PASSED] - Wait for page load successfully

2020-04-22 08:16:43 - [TEST_STEP][PASSED] - delay(1): Delayed 1 second(s)

2020-04-22 08:16:44 - [MESSAGE][PASSED] - Delayed 1 second(s)

2020-04-22 08:16:44 - [TEST_STEP][PASSED] - verifyTextPresent("Directory Performance Report", false): Text 'Directory Performance Report' is present on page 

2020-04-22 08:17:02 - [MESSAGE][PASSED] - Text 'Directory Performance Report' is present on page 

2020-04-22 08:17:02 - [TEST_STEP][PASSED] - "----------------------------------------------": null

2020-04-22 08:17:02 - [TEST_STEP][PASSED] - verifyTextPresent("Hide Old", false): Text 'Hide Old' is present on page 

2020-04-22 08:17:20 - [MESSAGE][PASSED] - Text 'Hide Old' is present on page 

2020-04-22 08:17:20 - [TEST_STEP][PASSED] - verifyTextPresent("Hide Current", false): Text 'Hide Current' is present on page 

2020-04-22 08:17:35 - [MESSAGE][PASSED] - Text 'Hide Current' is present on page 

2020-04-22 08:17:35 - [TEST_STEP][PASSED] - verifyTextPresent("Hide Future", false): Text 'Hide Future' is present on page 

2020-04-22 08:17:52 - [MESSAGE][PASSED] - Text 'Hide Future' is present on page 

2020-04-22 08:17:52 - [TEST_STEP][PASSED] - verifyTextPresent("Hide Prospective", false): Text 'Hide Prospective' is present on page 

2020-04-22 08:18:16 - [MESSAGE][PASSED] - Text 'Hide Prospective' is present on page 

2020-04-22 08:18:16 - [TEST_STEP][PASSED] - "----------------------------------------------": null

2020-04-22 08:18:16 - [TEST_STEP][PASSED] - "----------------------------------------------": null

2020-04-22 08:18:16 - [TEST_STEP][PASSED] - verifyTextPresent("DIRECTORY NAME", false): Text 'DIRECTORY NAME' is present on page 

2020-04-22 08:18:34 - [MESSAGE][PASSED] - Text 'DIRECTORY NAME' is present on page 

2020-04-22 08:18:34 - [TEST_STEP][PASSED] - verifyTextPresent("EDITION", false): Text 'EDITION' is present on page 

2020-04-22 08:19:00 - [MESSAGE][PASSED] - Text 'EDITION' is present on page 

2020-04-22 08:19:00 - [TEST_STEP][PASSED] - verifyTextPresent("BOXES SOLD", false): Text 'BOXES SOLD' is present on page 

2020-04-22 08:19:39 - [MESSAGE][PASSED] - Text 'BOXES SOLD' is present on page 

2020-04-22 08:19:39 - [TEST_STEP][PASSED] - verifyTextPresent("BOXES FOC", false): Text 'BOXES FOC' is present on page 

2020-04-22 08:20:05 - [MESSAGE][PASSED] - Text 'BOXES FOC' is present on page 

2020-04-22 08:20:05 - [TEST_STEP][PASSED] - verifyTextPresent("BOXES TOTAL", false): Text 'BOXES TOTAL' is present on page 

2020-04-22 08:20:29 - [MESSAGE][PASSED] - Text 'BOXES TOTAL' is present on page 

2020-04-22 08:20:29 - [TEST_STEP][PASSED] - verifyTextPresent("FIRST RESERVE", false): Text 'FIRST RESERVE' is present on page 

2020-04-22 08:20:56 - [MESSAGE][PASSED] - Text 'FIRST RESERVE' is present on page 

2020-04-22 08:20:56 - [TEST_STEP][PASSED] - verifyTextPresent("DEFINITELY", false): Text 'DEFINITELY' is present on page 

2020-04-22 08:21:22 - [MESSAGE][PASSED] - Text 'DEFINITELY' is present on page 

2020-04-22 08:21:22 - [TEST_STEP][PASSED] - verifyTextPresent("WOULD CONSIDER", false): Text 'WOULD CONSIDER' is present on page 

2020-04-22 08:21:47 - [MESSAGE][PASSED] - Text 'WOULD CONSIDER' is present on page 

2020-04-22 08:21:47 - [TEST_STEP][PASSED] - verifyTextPresent("DESIRED TOTAL", false): Text 'DESIRED TOTAL' is present on page 

2020-04-22 08:22:14 - [MESSAGE][PASSED] - Text 'DESIRED TOTAL' is present on page 

2020-04-22 08:22:14 - [TEST_STEP][PASSED] - "----------------------------------------------": null

2020-04-22 08:22:14 - [TEST_STEP][PASSED] - verifyTextPresent("Abingdon + Didcot 7 (Old)", false): Text 'Abingdon + Didcot 7 (Old)' is present on page 

2020-04-22 08:22:40 - [MESSAGE][PASSED] - Text 'Abingdon + Didcot 7 (Old)' is present on page 

2020-04-22 08:22:40 - [TEST_STEP][PASSED] - verifyTextPresent("Amersham + Chesham 12 (Current)", false): Text 'Amersham + Chesham 12 (Current)' is present on page 

2020-04-22 08:23:07 - [MESSAGE][PASSED] - Text 'Amersham + Chesham 12 (Current)' is present on page 

2020-04-22 08:23:07 - [TEST_STEP][PASSED] - verifyTextPresent("11", false): Text '11' is present on page 

2020-04-22 08:23:36 - [MESSAGE][PASSED] - Text '11' is present on page 

2020-04-22 08:23:36 - [TEST_STEP][PASSED] - verifyTextPresent("133", false): Text '133' is present on page 

2020-04-22 08:23:57 - [MESSAGE][PASSED] - Text '133' is present on page 

2020-04-22 08:23:57 - [TEST_STEP][PASSED] - verifyTextPresent("58", false): Text '58' is present on page 

2020-04-22 08:24:21 - [MESSAGE][PASSED] - Text '58' is present on page 

2020-04-22 08:24:21 - [MESSAGE][PASSED] - Call Test Case 'Test Cases/Reusable_Test_Sequences/Web_Office/Verification/Reports/Directory_Preferences' successfully

2020-04-22 08:24:21 - [TEST_STEP][PASSED] - "--------------------------": null

2020-04-22 08:24:21 - [TEST_STEP][PASSED] - " Teardown - CLose Browser |": null

2020-04-22 08:24:21 - [TEST_STEP][PASSED] - callTestCase(findTestCase("Reusable_Test_Sequences/CAT_Teardown"), [:], OPTIONAL): Call Test Case 'Test Cases/Reusable_Test_Sequences/CAT_Teardown' successfully

2020-04-22 08:24:21 - [TEST_CASE][PASSED] - Test Cases/Reusable_Test_Sequences/CAT_Teardown: Test Cases/Reusable_Test_Sequences/CAT_Teardown

2020-04-22 08:24:21 - [TEST_STEP][PASSED] - closeBrowser(): Browser is closed

2020-04-22 08:24:22 - [MESSAGE][PASSED] - Browser is closed

2020-04-22 08:24:22 - [TEST_STEP][PASSED] - super.finalize(): null

2020-04-22 08:24:22 - [TEST_STEP][PASSED] - System.gc(): null

2020-04-22 08:24:22 - [MESSAGE][PASSED] - Call Test Case 'Test Cases/Reusable_Test_Sequences/CAT_Teardown' successfully]]></system-out>
         <system-err><![CDATA[]]></system-err>
      </testcase>
      <testcase name="Test Cases/Web_Office/Reports/Most_Popular" time="24.207" classname="Test Cases/Web_Office/Reports/Most_Popular" status="PASSED">
         <system-out><![CDATA[2020-04-22 08:24:22 - [TEST_CASE][PASSED] - Test Cases/Web_Office/Reports/Most_Popular: Test Cases/Web_Office/Reports/Most_Popular

2020-04-22 08:24:23 - [TEST_STEP][PASSED] - "--------------------------------------": null

2020-04-22 08:24:23 - [TEST_STEP][PASSED] - " Web Office StartUp                  |": null

2020-04-22 08:24:23 - [TEST_STEP][PASSED] - callTestCase(findTestCase("Reusable_Test_Sequences/Web_Office/Directives/WebOffice_StartUp"), [:], STOP_ON_FAILURE): Call Test Case 'Test Cases/Reusable_Test_Sequences/Web_Office/Directives/WebOffice_StartUp' successfully

2020-04-22 08:24:23 - [TEST_CASE][PASSED] - Test Cases/Reusable_Test_Sequences/Web_Office/Directives/WebOffice_StartUp: Test Cases/Reusable_Test_Sequences/Web_Office/Directives/WebOffice_StartUp

2020-04-22 08:24:23 - [TEST_STEP][PASSED] - "-----------------------------------------------------------------------------": null

2020-04-22 08:24:23 - [TEST_STEP][PASSED] - if (URL == "https://www.dev.checkatrade.com/"): null

2020-04-22 08:24:23 - [TEST_STEP][PASSED] - "-----------------------------------------------------------------------------": null

2020-04-22 08:24:23 - [TEST_STEP][PASSED] - if (URL == "https://www.checkatrade.com/"): null

2020-04-22 08:24:23 - [TEST_STEP][PASSED] - "-----------------------------------------------------------------------------": null

2020-04-22 08:24:23 - [TEST_STEP][PASSED] - if (URL == "https://www.preview.checkatrade.com/"): null

2020-04-22 08:24:23 - [TEST_STEP][PASSED] - WebOfficeURL = "https://admin.preview.checkatrade.com/": null

2020-04-22 08:24:23 - [TEST_STEP][PASSED] - if (URL == "https://www.dev2.checkatrade.com/"): null

2020-04-22 08:24:23 - [TEST_STEP][PASSED] - "Set Function Area for "URL_Handler", URL Resolution": null

2020-04-22 08:24:23 - [TEST_STEP][PASSED] - "Do Some Magic with URL(s) See the comments within URL Handler ": null

2020-04-22 08:24:23 - [TEST_STEP][PASSED] - "------------------------------------------------": null

2020-04-22 08:24:23 - [TEST_STEP][PASSED] - "Moved Login Credentials to <Default> profile 22/01/2020": null

2020-04-22 08:24:23 - [TEST_STEP][PASSED] - "------------------------------------------------": null

2020-04-22 08:24:23 - [TEST_STEP][PASSED] - "WebOfficeURL - Set from the ENVIRONMENT PROFILE ": null

2020-04-22 08:24:23 - [TEST_STEP][PASSED] - "OPEN BROWSER": null

2020-04-22 08:24:23 - [TEST_STEP][PASSED] - "eg - https://admin.preview.checkatrade.com/  ": null

2020-04-22 08:24:23 - [TEST_STEP][PASSED] - openBrowser(WebOfficeURL): Browser is opened with url: 'https://admin.preview.checkatrade.com/'

2020-04-22 08:24:23 - [MESSAGE][INFO] - Starting 'Chrome' driver

2020-04-22 08:24:23 - [MESSAGE][INFO] - Action delay is set to 0 milliseconds

2020-04-22 08:24:28 - [MESSAGE][PASSED] - Browser is opened with url: 'https://admin.preview.checkatrade.com/'

2020-04-22 08:24:28 - [TEST_STEP][PASSED] - maximizeWindow(): Current window maximized

2020-04-22 08:24:30 - [MESSAGE][PASSED] - Current window maximized

2020-04-22 08:24:30 - [TEST_STEP][PASSED] - waitForElementClickable(findTestObject("Object Repository/WebOffice/Page_Checkatrade - Administration - Login/Login_Button"), 25): Object 'Object Repository/WebOffice/Page_Checkatrade - Administration - Login/Login_Button' is clickable

2020-04-22 08:24:30 - [MESSAGE][PASSED] - Object 'Object Repository/WebOffice/Page_Checkatrade - Administration - Login/Login_Button' is clickable

2020-04-22 08:24:30 - [TEST_STEP][PASSED] - verifyTextPresent("Checkatrade Web Office", false): Text 'Checkatrade Web Office' is present on page 

2020-04-22 08:24:30 - [MESSAGE][PASSED] - Text 'Checkatrade Web Office' is present on page 

2020-04-22 08:24:30 - [TEST_STEP][PASSED] - verifyTextPresent("Access for staff use only", false): Text 'Access for staff use only' is present on page 

2020-04-22 08:24:30 - [MESSAGE][PASSED] - Text 'Access for staff use only' is present on page 

2020-04-22 08:24:30 - [TEST_STEP][PASSED] - verifyTextPresent("Forgotten password?", false): Text 'Forgotten password?' is present on page 

2020-04-22 08:24:31 - [MESSAGE][PASSED] - Text 'Forgotten password?' is present on page 

2020-04-22 08:24:31 - [TEST_STEP][PASSED] - setText(findTestObject("Object Repository/WebOffice/Page_Checkatrade - Administration - Login/input_Username_LoginControlUserName"), wo_Username): Text 'DavidHo' is set on object 'Object Repository/WebOffice/Page_Checkatrade - Administration - Login/input_Username_LoginControlUserName'

2020-04-22 08:24:31 - [MESSAGE][PASSED] - Text 'DavidHo' is set on object 'Object Repository/WebOffice/Page_Checkatrade - Administration - Login/input_Username_LoginControlUserName'

2020-04-22 08:24:31 - [TEST_STEP][PASSED] - setText(findTestObject("Object Repository/WebOffice/Page_Checkatrade - Administration - Login/input_Password_LoginControlPassword"), wo_Password): Text 'Check123' is set on object 'Object Repository/WebOffice/Page_Checkatrade - Administration - Login/input_Password_LoginControlPassword'

2020-04-22 08:24:31 - [MESSAGE][PASSED] - Text 'Check123' is set on object 'Object Repository/WebOffice/Page_Checkatrade - Administration - Login/input_Password_LoginControlPassword'

2020-04-22 08:24:31 - [TEST_STEP][PASSED] - click(findTestObject("Object Repository/WebOffice/Page_Checkatrade - Administration - Login/Login_Button")): Object: 'Object Repository/WebOffice/Page_Checkatrade - Administration - Login/Login_Button' is clicked on

2020-04-22 08:24:32 - [MESSAGE][PASSED] - Object: 'Object Repository/WebOffice/Page_Checkatrade - Administration - Login/Login_Button' is clicked on

2020-04-22 08:24:32 - [TEST_STEP][PASSED] - waitForPageLoad(60): Wait for page load successfully

2020-04-22 08:24:32 - [MESSAGE][PASSED] - Wait for page load successfully

2020-04-22 08:24:32 - [TEST_STEP][PASSED] - verifyTextPresent("Welcome " + wo_Username, false): Text 'Welcome DavidHo' is present on page 

2020-04-22 08:24:33 - [MESSAGE][PASSED] - Text 'Welcome DavidHo' is present on page 

2020-04-22 08:24:33 - [MESSAGE][PASSED] - Call Test Case 'Test Cases/Reusable_Test_Sequences/Web_Office/Directives/WebOffice_StartUp' successfully

2020-04-22 08:24:33 - [TEST_STEP][PASSED] - "-----------------------------------------------------------------": null

2020-04-22 08:24:33 - [TEST_STEP][PASSED] - " Navigate to <Settings->Checkatrade.Com->Sub Item> Menu Item     |": null

2020-04-22 08:24:33 - [TEST_STEP][PASSED] - callTestCase(findTestCase("Reusable_Test_Sequences/Web_Office/Navigation/Sub_Menu_Navigation/Reports/Most_Popular"), [:], STOP_ON_FAILURE): Call Test Case 'Test Cases/Reusable_Test_Sequences/Web_Office/Navigation/Sub_Menu_Navigation/Reports/Most_Popular' successfully

2020-04-22 08:24:33 - [TEST_CASE][PASSED] - Test Cases/Reusable_Test_Sequences/Web_Office/Navigation/Sub_Menu_Navigation/Reports/Most_Popular: Test Cases/Reusable_Test_Sequences/Web_Office/Navigation/Sub_Menu_Navigation/Reports/Most_Popular

2020-04-22 08:24:33 - [TEST_STEP][PASSED] - "--------------------------------------": null

2020-04-22 08:24:33 - [TEST_STEP][PASSED] - " Navigate Top level menu Item         |": null

2020-04-22 08:24:33 - [TEST_STEP][PASSED] - waitForPageLoad(60): Wait for page load successfully

2020-04-22 08:24:33 - [MESSAGE][PASSED] - Wait for page load successfully

2020-04-22 08:24:33 - [TEST_STEP][PASSED] - waitForElementClickable(findTestObject("Object Repository/WebOffice_Home_page/a_Reports"), 60): Object 'Object Repository/WebOffice_Home_page/a_Reports' is clickable

2020-04-22 08:24:33 - [MESSAGE][PASSED] - Object 'Object Repository/WebOffice_Home_page/a_Reports' is clickable

2020-04-22 08:24:33 - [TEST_STEP][PASSED] - mouseOver(findTestObject("Object Repository/WebOffice_Home_page/a_Reports")): Object: 'Object Repository/WebOffice_Home_page/a_Reports' is hovered

2020-04-22 08:24:34 - [MESSAGE][PASSED] - Object: 'Object Repository/WebOffice_Home_page/a_Reports' is hovered

2020-04-22 08:24:34 - [TEST_STEP][PASSED] - mouseOver(findTestObject("Object Repository/WebOffice_Home_page/Page_/a_Consumers")): Object: 'Object Repository/WebOffice_Home_page/Page_/a_Consumers' is hovered

2020-04-22 08:24:34 - [MESSAGE][PASSED] - Object: 'Object Repository/WebOffice_Home_page/Page_/a_Consumers' is hovered

2020-04-22 08:24:34 - [TEST_STEP][PASSED] - mouseOver(findTestObject("Object Repository/WebOffice_Home_page/Page_/a_Consumer Searches")): Object: 'Object Repository/WebOffice_Home_page/Page_/a_Consumer Searches' is hovered

2020-04-22 08:24:34 - [MESSAGE][PASSED] - Object: 'Object Repository/WebOffice_Home_page/Page_/a_Consumer Searches' is hovered

2020-04-22 08:24:34 - [TEST_STEP][PASSED] - waitForPageLoad(5): Wait for page load successfully

2020-04-22 08:24:34 - [MESSAGE][PASSED] - Wait for page load successfully

2020-04-22 08:24:34 - [TEST_STEP][PASSED] - waitForElementClickable(findTestObject("Object Repository/WebOffice_Home_page/a_Most Popular"), 5): Object 'Object Repository/WebOffice_Home_page/a_Most Popular' is clickable

2020-04-22 08:24:35 - [MESSAGE][PASSED] - Object 'Object Repository/WebOffice_Home_page/a_Most Popular' is clickable

2020-04-22 08:24:35 - [TEST_STEP][PASSED] - click(findTestObject("Object Repository/WebOffice_Home_page/a_Most Popular")): Object: 'Object Repository/WebOffice_Home_page/a_Most Popular' is clicked on

2020-04-22 08:24:42 - [MESSAGE][PASSED] - Object: 'Object Repository/WebOffice_Home_page/a_Most Popular' is clicked on

2020-04-22 08:24:42 - [MESSAGE][PASSED] - Call Test Case 'Test Cases/Reusable_Test_Sequences/Web_Office/Navigation/Sub_Menu_Navigation/Reports/Most_Popular' successfully

2020-04-22 08:24:42 - [TEST_STEP][PASSED] - "--------------------------------------": null

2020-04-22 08:24:42 - [TEST_STEP][PASSED] - " Verify Returned Page Detail          |": null

2020-04-22 08:24:42 - [TEST_STEP][PASSED] - callTestCase(findTestCase("Reusable_Test_Sequences/Web_Office/Verification/Reports/Most_Popular"), [:], OPTIONAL): Call Test Case 'Test Cases/Reusable_Test_Sequences/Web_Office/Verification/Reports/Most_Popular' successfully

2020-04-22 08:24:42 - [TEST_CASE][PASSED] - Test Cases/Reusable_Test_Sequences/Web_Office/Verification/Reports/Most_Popular: Test Cases/Reusable_Test_Sequences/Web_Office/Verification/Reports/Most_Popular

2020-04-22 08:24:42 - [TEST_STEP][PASSED] - waitForPageLoad(120): Wait for page load successfully

2020-04-22 08:24:42 - [MESSAGE][PASSED] - Wait for page load successfully

2020-04-22 08:24:42 - [TEST_STEP][PASSED] - delay(1): Delayed 1 second(s)

2020-04-22 08:24:43 - [MESSAGE][PASSED] - Delayed 1 second(s)

2020-04-22 08:24:43 - [TEST_STEP][PASSED] - verifyTextPresent("Consumer Searches", false): Text 'Consumer Searches' is present on page 

2020-04-22 08:24:44 - [MESSAGE][PASSED] - Text 'Consumer Searches' is present on page 

2020-04-22 08:24:44 - [TEST_STEP][PASSED] - "----------------------------------------------": null

2020-04-22 08:24:44 - [TEST_STEP][PASSED] - verifyTextPresent("Most Popular Searches", false): Text 'Most Popular Searches' is present on page 

2020-04-22 08:24:44 - [MESSAGE][PASSED] - Text 'Most Popular Searches' is present on page 

2020-04-22 08:24:44 - [TEST_STEP][PASSED] - "----------------------------------------------": null

2020-04-22 08:24:44 - [TEST_STEP][PASSED] - verifyTextPresent("From", false): Text 'From' is present on page 

2020-04-22 08:24:44 - [MESSAGE][PASSED] - Text 'From' is present on page 

2020-04-22 08:24:44 - [TEST_STEP][PASSED] - verifyTextPresent("To", false): Text 'To' is present on page 

2020-04-22 08:24:45 - [MESSAGE][PASSED] - Text 'To' is present on page 

2020-04-22 08:24:45 - [MESSAGE][PASSED] - Call Test Case 'Test Cases/Reusable_Test_Sequences/Web_Office/Verification/Reports/Most_Popular' successfully

2020-04-22 08:24:45 - [TEST_STEP][PASSED] - "--------------------------": null

2020-04-22 08:24:45 - [TEST_STEP][PASSED] - " Teardown - CLose Browser |": null

2020-04-22 08:24:45 - [TEST_STEP][PASSED] - callTestCase(findTestCase("Reusable_Test_Sequences/CAT_Teardown"), [:], OPTIONAL): Call Test Case 'Test Cases/Reusable_Test_Sequences/CAT_Teardown' successfully

2020-04-22 08:24:45 - [TEST_CASE][PASSED] - Test Cases/Reusable_Test_Sequences/CAT_Teardown: Test Cases/Reusable_Test_Sequences/CAT_Teardown

2020-04-22 08:24:45 - [TEST_STEP][PASSED] - closeBrowser(): Browser is closed

2020-04-22 08:24:47 - [MESSAGE][PASSED] - Browser is closed

2020-04-22 08:24:47 - [TEST_STEP][PASSED] - super.finalize(): null

2020-04-22 08:24:47 - [TEST_STEP][PASSED] - System.gc(): null

2020-04-22 08:24:47 - [MESSAGE][PASSED] - Call Test Case 'Test Cases/Reusable_Test_Sequences/CAT_Teardown' successfully]]></system-out>
         <system-err><![CDATA[]]></system-err>
      </testcase>
      <testcase name="Test Cases/Web_Office/Reports/By_Category_and_Location" time="35.284" classname="Test Cases/Web_Office/Reports/By_Category_and_Location" status="PASSED">
         <system-out><![CDATA[2020-04-22 08:24:47 - [TEST_CASE][PASSED] - Test Cases/Web_Office/Reports/By_Category_and_Location: Test Cases/Web_Office/Reports/By_Category_and_Location

2020-04-22 08:24:48 - [TEST_STEP][PASSED] - "--------------------------------------": null

2020-04-22 08:24:48 - [TEST_STEP][PASSED] - " Web Office StartUp                  |": null

2020-04-22 08:24:48 - [TEST_STEP][PASSED] - callTestCase(findTestCase("Reusable_Test_Sequences/Web_Office/Directives/WebOffice_StartUp"), [:], STOP_ON_FAILURE): Call Test Case 'Test Cases/Reusable_Test_Sequences/Web_Office/Directives/WebOffice_StartUp' successfully

2020-04-22 08:24:48 - [TEST_CASE][PASSED] - Test Cases/Reusable_Test_Sequences/Web_Office/Directives/WebOffice_StartUp: Test Cases/Reusable_Test_Sequences/Web_Office/Directives/WebOffice_StartUp

2020-04-22 08:24:48 - [TEST_STEP][PASSED] - "-----------------------------------------------------------------------------": null

2020-04-22 08:24:48 - [TEST_STEP][PASSED] - if (URL == "https://www.dev.checkatrade.com/"): null

2020-04-22 08:24:48 - [TEST_STEP][PASSED] - "-----------------------------------------------------------------------------": null

2020-04-22 08:24:48 - [TEST_STEP][PASSED] - if (URL == "https://www.checkatrade.com/"): null

2020-04-22 08:24:48 - [TEST_STEP][PASSED] - "-----------------------------------------------------------------------------": null

2020-04-22 08:24:48 - [TEST_STEP][PASSED] - if (URL == "https://www.preview.checkatrade.com/"): null

2020-04-22 08:24:48 - [TEST_STEP][PASSED] - WebOfficeURL = "https://admin.preview.checkatrade.com/": null

2020-04-22 08:24:48 - [TEST_STEP][PASSED] - if (URL == "https://www.dev2.checkatrade.com/"): null

2020-04-22 08:24:48 - [TEST_STEP][PASSED] - "Set Function Area for "URL_Handler", URL Resolution": null

2020-04-22 08:24:48 - [TEST_STEP][PASSED] - "Do Some Magic with URL(s) See the comments within URL Handler ": null

2020-04-22 08:24:48 - [TEST_STEP][PASSED] - "------------------------------------------------": null

2020-04-22 08:24:48 - [TEST_STEP][PASSED] - "Moved Login Credentials to <Default> profile 22/01/2020": null

2020-04-22 08:24:48 - [TEST_STEP][PASSED] - "------------------------------------------------": null

2020-04-22 08:24:48 - [TEST_STEP][PASSED] - "WebOfficeURL - Set from the ENVIRONMENT PROFILE ": null

2020-04-22 08:24:48 - [TEST_STEP][PASSED] - "OPEN BROWSER": null

2020-04-22 08:24:48 - [TEST_STEP][PASSED] - "eg - https://admin.preview.checkatrade.com/  ": null

2020-04-22 08:24:48 - [TEST_STEP][PASSED] - openBrowser(WebOfficeURL): Browser is opened with url: 'https://admin.preview.checkatrade.com/'

2020-04-22 08:24:48 - [MESSAGE][INFO] - Starting 'Chrome' driver

2020-04-22 08:24:48 - [MESSAGE][INFO] - Action delay is set to 0 milliseconds

2020-04-22 08:24:53 - [MESSAGE][PASSED] - Browser is opened with url: 'https://admin.preview.checkatrade.com/'

2020-04-22 08:24:53 - [TEST_STEP][PASSED] - maximizeWindow(): Current window maximized

2020-04-22 08:24:55 - [MESSAGE][PASSED] - Current window maximized

2020-04-22 08:24:55 - [TEST_STEP][PASSED] - waitForElementClickable(findTestObject("Object Repository/WebOffice/Page_Checkatrade - Administration - Login/Login_Button"), 25): Object 'Object Repository/WebOffice/Page_Checkatrade - Administration - Login/Login_Button' is clickable

2020-04-22 08:24:55 - [MESSAGE][PASSED] - Object 'Object Repository/WebOffice/Page_Checkatrade - Administration - Login/Login_Button' is clickable

2020-04-22 08:24:55 - [TEST_STEP][PASSED] - verifyTextPresent("Checkatrade Web Office", false): Text 'Checkatrade Web Office' is present on page 

2020-04-22 08:24:55 - [MESSAGE][PASSED] - Text 'Checkatrade Web Office' is present on page 

2020-04-22 08:24:55 - [TEST_STEP][PASSED] - verifyTextPresent("Access for staff use only", false): Text 'Access for staff use only' is present on page 

2020-04-22 08:24:55 - [MESSAGE][PASSED] - Text 'Access for staff use only' is present on page 

2020-04-22 08:24:55 - [TEST_STEP][PASSED] - verifyTextPresent("Forgotten password?", false): Text 'Forgotten password?' is present on page 

2020-04-22 08:24:55 - [MESSAGE][PASSED] - Text 'Forgotten password?' is present on page 

2020-04-22 08:24:55 - [TEST_STEP][PASSED] - setText(findTestObject("Object Repository/WebOffice/Page_Checkatrade - Administration - Login/input_Username_LoginControlUserName"), wo_Username): Text 'DavidHo' is set on object 'Object Repository/WebOffice/Page_Checkatrade - Administration - Login/input_Username_LoginControlUserName'

2020-04-22 08:24:55 - [MESSAGE][PASSED] - Text 'DavidHo' is set on object 'Object Repository/WebOffice/Page_Checkatrade - Administration - Login/input_Username_LoginControlUserName'

2020-04-22 08:24:55 - [TEST_STEP][PASSED] - setText(findTestObject("Object Repository/WebOffice/Page_Checkatrade - Administration - Login/input_Password_LoginControlPassword"), wo_Password): Text 'Check123' is set on object 'Object Repository/WebOffice/Page_Checkatrade - Administration - Login/input_Password_LoginControlPassword'

2020-04-22 08:24:56 - [MESSAGE][PASSED] - Text 'Check123' is set on object 'Object Repository/WebOffice/Page_Checkatrade - Administration - Login/input_Password_LoginControlPassword'

2020-04-22 08:24:56 - [TEST_STEP][PASSED] - click(findTestObject("Object Repository/WebOffice/Page_Checkatrade - Administration - Login/Login_Button")): Object: 'Object Repository/WebOffice/Page_Checkatrade - Administration - Login/Login_Button' is clicked on

2020-04-22 08:24:56 - [MESSAGE][PASSED] - Object: 'Object Repository/WebOffice/Page_Checkatrade - Administration - Login/Login_Button' is clicked on

2020-04-22 08:24:56 - [TEST_STEP][PASSED] - waitForPageLoad(60): Wait for page load successfully

2020-04-22 08:24:57 - [MESSAGE][PASSED] - Wait for page load successfully

2020-04-22 08:24:57 - [TEST_STEP][PASSED] - verifyTextPresent("Welcome " + wo_Username, false): Text 'Welcome DavidHo' is present on page 

2020-04-22 08:24:57 - [MESSAGE][PASSED] - Text 'Welcome DavidHo' is present on page 

2020-04-22 08:24:57 - [MESSAGE][PASSED] - Call Test Case 'Test Cases/Reusable_Test_Sequences/Web_Office/Directives/WebOffice_StartUp' successfully

2020-04-22 08:24:57 - [TEST_STEP][PASSED] - "-----------------------------------------------------------------": null

2020-04-22 08:24:57 - [TEST_STEP][PASSED] - " Navigate to <Settings->Checkatrade.Com->Sub Item> Menu Item     |": null

2020-04-22 08:24:57 - [TEST_STEP][PASSED] - callTestCase(findTestCase("Reusable_Test_Sequences/Web_Office/Navigation/Sub_Menu_Navigation/Reports/By_Category_and_Location"), [:], STOP_ON_FAILURE): Call Test Case 'Test Cases/Reusable_Test_Sequences/Web_Office/Navigation/Sub_Menu_Navigation/Reports/By_Category_and_Location' successfully

2020-04-22 08:24:57 - [TEST_CASE][PASSED] - Test Cases/Reusable_Test_Sequences/Web_Office/Navigation/Sub_Menu_Navigation/Reports/By_Category_and_Location: Test Cases/Reusable_Test_Sequences/Web_Office/Navigation/Sub_Menu_Navigation/Reports/By_Category_and_Location

2020-04-22 08:24:58 - [TEST_STEP][PASSED] - "--------------------------------------": null

2020-04-22 08:24:58 - [TEST_STEP][PASSED] - " Navigate Top level menu Item         |": null

2020-04-22 08:24:58 - [TEST_STEP][PASSED] - waitForPageLoad(60): Wait for page load successfully

2020-04-22 08:24:58 - [MESSAGE][PASSED] - Wait for page load successfully

2020-04-22 08:24:58 - [TEST_STEP][PASSED] - waitForElementClickable(findTestObject("Object Repository/WebOffice_Home_page/a_Reports"), 60): Object 'Object Repository/WebOffice_Home_page/a_Reports' is clickable

2020-04-22 08:24:58 - [MESSAGE][PASSED] - Object 'Object Repository/WebOffice_Home_page/a_Reports' is clickable

2020-04-22 08:24:58 - [TEST_STEP][PASSED] - mouseOver(findTestObject("Object Repository/WebOffice_Home_page/a_Reports")): Object: 'Object Repository/WebOffice_Home_page/a_Reports' is hovered

2020-04-22 08:24:58 - [MESSAGE][PASSED] - Object: 'Object Repository/WebOffice_Home_page/a_Reports' is hovered

2020-04-22 08:24:58 - [TEST_STEP][PASSED] - mouseOver(findTestObject("Object Repository/WebOffice_Home_page/Page_/a_Consumers")): Object: 'Object Repository/WebOffice_Home_page/Page_/a_Consumers' is hovered

2020-04-22 08:24:59 - [MESSAGE][PASSED] - Object: 'Object Repository/WebOffice_Home_page/Page_/a_Consumers' is hovered

2020-04-22 08:24:59 - [TEST_STEP][PASSED] - mouseOver(findTestObject("Object Repository/WebOffice_Home_page/Page_/a_Consumer Searches")): Object: 'Object Repository/WebOffice_Home_page/Page_/a_Consumer Searches' is hovered

2020-04-22 08:24:59 - [MESSAGE][PASSED] - Object: 'Object Repository/WebOffice_Home_page/Page_/a_Consumer Searches' is hovered

2020-04-22 08:24:59 - [TEST_STEP][PASSED] - waitForPageLoad(5): Wait for page load successfully

2020-04-22 08:24:59 - [MESSAGE][PASSED] - Wait for page load successfully

2020-04-22 08:24:59 - [TEST_STEP][PASSED] - waitForElementClickable(findTestObject("Object Repository/WebOffice_Home_page/a_By Category and Location"), 5): Object 'Object Repository/WebOffice_Home_page/a_By Category and Location' is clickable

2020-04-22 08:24:59 - [MESSAGE][PASSED] - Object 'Object Repository/WebOffice_Home_page/a_By Category and Location' is clickable

2020-04-22 08:24:59 - [TEST_STEP][PASSED] - click(findTestObject("Object Repository/WebOffice_Home_page/a_By Category and Location")): Object: 'Object Repository/WebOffice_Home_page/a_By Category and Location' is clicked on

2020-04-22 08:25:03 - [MESSAGE][PASSED] - Object: 'Object Repository/WebOffice_Home_page/a_By Category and Location' is clicked on

2020-04-22 08:25:03 - [MESSAGE][PASSED] - Call Test Case 'Test Cases/Reusable_Test_Sequences/Web_Office/Navigation/Sub_Menu_Navigation/Reports/By_Category_and_Location' successfully

2020-04-22 08:25:03 - [TEST_STEP][PASSED] - "--------------------------------------": null

2020-04-22 08:25:03 - [TEST_STEP][PASSED] - " Verify Returned Page Detail          |": null

2020-04-22 08:25:03 - [TEST_STEP][PASSED] - callTestCase(findTestCase("Reusable_Test_Sequences/Web_Office/Verification/Reports/By_Category_and_Location"), [:], OPTIONAL): Call Test Case 'Test Cases/Reusable_Test_Sequences/Web_Office/Verification/Reports/By_Category_and_Location' successfully

2020-04-22 08:25:03 - [TEST_CASE][PASSED] - Test Cases/Reusable_Test_Sequences/Web_Office/Verification/Reports/By_Category_and_Location: Test Cases/Reusable_Test_Sequences/Web_Office/Verification/Reports/By_Category_and_Location

2020-04-22 08:25:04 - [TEST_STEP][PASSED] - waitForPageLoad(120): Wait for page load successfully

2020-04-22 08:25:04 - [MESSAGE][PASSED] - Wait for page load successfully

2020-04-22 08:25:04 - [TEST_STEP][PASSED] - delay(1): Delayed 1 second(s)

2020-04-22 08:25:05 - [MESSAGE][PASSED] - Delayed 1 second(s)

2020-04-22 08:25:05 - [TEST_STEP][PASSED] - verifyTextPresent("Searches by Location and Category", false): Text 'Searches by Location and Category' is present on page 

2020-04-22 08:25:06 - [MESSAGE][PASSED] - Text 'Searches by Location and Category' is present on page 

2020-04-22 08:25:06 - [TEST_STEP][PASSED] - "----------------------------------------------": null

2020-04-22 08:25:06 - [TEST_STEP][PASSED] - verifyTextPresent("County", false): Text 'County' is present on page 

2020-04-22 08:25:07 - [MESSAGE][PASSED] - Text 'County' is present on page 

2020-04-22 08:25:07 - [TEST_STEP][PASSED] - verifyTextPresent("Town", false): Text 'Town' is present on page 

2020-04-22 08:25:07 - [MESSAGE][PASSED] - Text 'Town' is present on page 

2020-04-22 08:25:07 - [TEST_STEP][PASSED] - verifyTextPresent("By Postcode", false): Text 'By Postcode' is present on page 

2020-04-22 08:25:08 - [MESSAGE][PASSED] - Text 'By Postcode' is present on page 

2020-04-22 08:25:08 - [TEST_STEP][PASSED] - verifyTextPresent("Select Categories", false): Text 'Select Categories' is present on page 

2020-04-22 08:25:09 - [MESSAGE][PASSED] - Text 'Select Categories' is present on page 

2020-04-22 08:25:09 - [TEST_STEP][PASSED] - "----------------------------------------------": null

2020-04-22 08:25:09 - [TEST_STEP][PASSED] - "----------------------------------------------": null

2020-04-22 08:25:09 - [TEST_STEP][PASSED] - verifyTextPresent("Angus", false): Text 'Angus' is present on page 

2020-04-22 08:25:09 - [MESSAGE][PASSED] - Text 'Angus' is present on page 

2020-04-22 08:25:09 - [TEST_STEP][PASSED] - verifyTextPresent("Berkshire", false): Text 'Berkshire' is present on page 

2020-04-22 08:25:10 - [MESSAGE][PASSED] - Text 'Berkshire' is present on page 

2020-04-22 08:25:10 - [TEST_STEP][PASSED] - verifyTextPresent("Avon", false): Text 'Avon' is present on page 

2020-04-22 08:25:10 - [MESSAGE][PASSED] - Text 'Avon' is present on page 

2020-04-22 08:25:10 - [TEST_STEP][PASSED] - verifyTextPresent("Air Conditioning", false): Text 'Air Conditioning' is present on page 

2020-04-22 08:25:11 - [MESSAGE][PASSED] - Text 'Air Conditioning' is present on page 

2020-04-22 08:25:11 - [TEST_STEP][PASSED] - verifyTextPresent("Alarms/Security", false): Text 'Alarms/Security' is present on page 

2020-04-22 08:25:12 - [MESSAGE][PASSED] - Text 'Alarms/Security' is present on page 

2020-04-22 08:25:12 - [TEST_STEP][PASSED] - verifyTextPresent("CCTV", false): Text 'CCTV' is present on page 

2020-04-22 08:25:14 - [MESSAGE][PASSED] - Text 'CCTV' is present on page 

2020-04-22 08:25:14 - [TEST_STEP][PASSED] - verifyTextPresent("Fire", false): Text 'Fire' is present on page 

2020-04-22 08:25:16 - [MESSAGE][PASSED] - Text 'Fire' is present on page 

2020-04-22 08:25:16 - [TEST_STEP][PASSED] - verifyTextPresent("Alarms", false): Text 'Alarms' is present on page 

2020-04-22 08:25:18 - [MESSAGE][PASSED] - Text 'Alarms' is present on page 

2020-04-22 08:25:18 - [TEST_STEP][PASSED] - verifyTextPresent("Extinguishers", false): Text 'Extinguishers' is present on page 

2020-04-22 08:25:19 - [MESSAGE][PASSED] - Text 'Extinguishers' is present on page 

2020-04-22 08:25:19 - [MESSAGE][PASSED] - Call Test Case 'Test Cases/Reusable_Test_Sequences/Web_Office/Verification/Reports/By_Category_and_Location' successfully

2020-04-22 08:25:19 - [TEST_STEP][PASSED] - "--------------------------": null

2020-04-22 08:25:19 - [TEST_STEP][PASSED] - " Teardown - CLose Browser |": null

2020-04-22 08:25:19 - [TEST_STEP][PASSED] - callTestCase(findTestCase("Reusable_Test_Sequences/CAT_Teardown"), [:], OPTIONAL): Call Test Case 'Test Cases/Reusable_Test_Sequences/CAT_Teardown' successfully

2020-04-22 08:25:20 - [TEST_CASE][PASSED] - Test Cases/Reusable_Test_Sequences/CAT_Teardown: Test Cases/Reusable_Test_Sequences/CAT_Teardown

2020-04-22 08:25:20 - [TEST_STEP][PASSED] - closeBrowser(): Browser is closed

2020-04-22 08:25:22 - [MESSAGE][PASSED] - Browser is closed

2020-04-22 08:25:22 - [TEST_STEP][PASSED] - super.finalize(): null

2020-04-22 08:25:22 - [TEST_STEP][PASSED] - System.gc(): null

2020-04-22 08:25:22 - [MESSAGE][PASSED] - Call Test Case 'Test Cases/Reusable_Test_Sequences/CAT_Teardown' successfully]]></system-out>
         <system-err><![CDATA[]]></system-err>
      </testcase>
      <testcase name="Test Cases/Web_Office/Reports/By_Category" time="27.97" classname="Test Cases/Web_Office/Reports/By_Category" status="PASSED">
         <system-out><![CDATA[2020-04-22 08:25:22 - [TEST_CASE][PASSED] - Test Cases/Web_Office/Reports/By_Category: Test Cases/Web_Office/Reports/By_Category

2020-04-22 08:25:22 - [TEST_STEP][PASSED] - "--------------------------------------": null

2020-04-22 08:25:22 - [TEST_STEP][PASSED] - " Web Office StartUp                  |": null

2020-04-22 08:25:22 - [TEST_STEP][PASSED] - callTestCase(findTestCase("Reusable_Test_Sequences/Web_Office/Directives/WebOffice_StartUp"), [:], STOP_ON_FAILURE): Call Test Case 'Test Cases/Reusable_Test_Sequences/Web_Office/Directives/WebOffice_StartUp' successfully

2020-04-22 08:25:22 - [TEST_CASE][PASSED] - Test Cases/Reusable_Test_Sequences/Web_Office/Directives/WebOffice_StartUp: Test Cases/Reusable_Test_Sequences/Web_Office/Directives/WebOffice_StartUp

2020-04-22 08:25:22 - [TEST_STEP][PASSED] - "-----------------------------------------------------------------------------": null

2020-04-22 08:25:22 - [TEST_STEP][PASSED] - if (URL == "https://www.dev.checkatrade.com/"): null

2020-04-22 08:25:22 - [TEST_STEP][PASSED] - "-----------------------------------------------------------------------------": null

2020-04-22 08:25:22 - [TEST_STEP][PASSED] - if (URL == "https://www.checkatrade.com/"): null

2020-04-22 08:25:22 - [TEST_STEP][PASSED] - "-----------------------------------------------------------------------------": null

2020-04-22 08:25:22 - [TEST_STEP][PASSED] - if (URL == "https://www.preview.checkatrade.com/"): null

2020-04-22 08:25:22 - [TEST_STEP][PASSED] - WebOfficeURL = "https://admin.preview.checkatrade.com/": null

2020-04-22 08:25:22 - [TEST_STEP][PASSED] - if (URL == "https://www.dev2.checkatrade.com/"): null

2020-04-22 08:25:22 - [TEST_STEP][PASSED] - "Set Function Area for "URL_Handler", URL Resolution": null

2020-04-22 08:25:22 - [TEST_STEP][PASSED] - "Do Some Magic with URL(s) See the comments within URL Handler ": null

2020-04-22 08:25:22 - [TEST_STEP][PASSED] - "------------------------------------------------": null

2020-04-22 08:25:22 - [TEST_STEP][PASSED] - "Moved Login Credentials to <Default> profile 22/01/2020": null

2020-04-22 08:25:22 - [TEST_STEP][PASSED] - "------------------------------------------------": null

2020-04-22 08:25:22 - [TEST_STEP][PASSED] - "WebOfficeURL - Set from the ENVIRONMENT PROFILE ": null

2020-04-22 08:25:22 - [TEST_STEP][PASSED] - "OPEN BROWSER": null

2020-04-22 08:25:22 - [TEST_STEP][PASSED] - "eg - https://admin.preview.checkatrade.com/  ": null

2020-04-22 08:25:22 - [TEST_STEP][PASSED] - openBrowser(WebOfficeURL): Browser is opened with url: 'https://admin.preview.checkatrade.com/'

2020-04-22 08:25:22 - [MESSAGE][INFO] - Starting 'Chrome' driver

2020-04-22 08:25:22 - [MESSAGE][INFO] - Action delay is set to 0 milliseconds

2020-04-22 08:25:27 - [MESSAGE][PASSED] - Browser is opened with url: 'https://admin.preview.checkatrade.com/'

2020-04-22 08:25:27 - [TEST_STEP][PASSED] - maximizeWindow(): Current window maximized

2020-04-22 08:25:29 - [MESSAGE][PASSED] - Current window maximized

2020-04-22 08:25:29 - [TEST_STEP][PASSED] - waitForElementClickable(findTestObject("Object Repository/WebOffice/Page_Checkatrade - Administration - Login/Login_Button"), 25): Object 'Object Repository/WebOffice/Page_Checkatrade - Administration - Login/Login_Button' is clickable

2020-04-22 08:25:29 - [MESSAGE][PASSED] - Object 'Object Repository/WebOffice/Page_Checkatrade - Administration - Login/Login_Button' is clickable

2020-04-22 08:25:29 - [TEST_STEP][PASSED] - verifyTextPresent("Checkatrade Web Office", false): Text 'Checkatrade Web Office' is present on page 

2020-04-22 08:25:30 - [MESSAGE][PASSED] - Text 'Checkatrade Web Office' is present on page 

2020-04-22 08:25:30 - [TEST_STEP][PASSED] - verifyTextPresent("Access for staff use only", false): Text 'Access for staff use only' is present on page 

2020-04-22 08:25:30 - [MESSAGE][PASSED] - Text 'Access for staff use only' is present on page 

2020-04-22 08:25:30 - [TEST_STEP][PASSED] - verifyTextPresent("Forgotten password?", false): Text 'Forgotten password?' is present on page 

2020-04-22 08:25:30 - [MESSAGE][PASSED] - Text 'Forgotten password?' is present on page 

2020-04-22 08:25:30 - [TEST_STEP][PASSED] - setText(findTestObject("Object Repository/WebOffice/Page_Checkatrade - Administration - Login/input_Username_LoginControlUserName"), wo_Username): Text 'DavidHo' is set on object 'Object Repository/WebOffice/Page_Checkatrade - Administration - Login/input_Username_LoginControlUserName'

2020-04-22 08:25:30 - [MESSAGE][PASSED] - Text 'DavidHo' is set on object 'Object Repository/WebOffice/Page_Checkatrade - Administration - Login/input_Username_LoginControlUserName'

2020-04-22 08:25:30 - [TEST_STEP][PASSED] - setText(findTestObject("Object Repository/WebOffice/Page_Checkatrade - Administration - Login/input_Password_LoginControlPassword"), wo_Password): Text 'Check123' is set on object 'Object Repository/WebOffice/Page_Checkatrade - Administration - Login/input_Password_LoginControlPassword'

2020-04-22 08:25:30 - [MESSAGE][PASSED] - Text 'Check123' is set on object 'Object Repository/WebOffice/Page_Checkatrade - Administration - Login/input_Password_LoginControlPassword'

2020-04-22 08:25:30 - [TEST_STEP][PASSED] - click(findTestObject("Object Repository/WebOffice/Page_Checkatrade - Administration - Login/Login_Button")): Object: 'Object Repository/WebOffice/Page_Checkatrade - Administration - Login/Login_Button' is clicked on

2020-04-22 08:25:32 - [MESSAGE][PASSED] - Object: 'Object Repository/WebOffice/Page_Checkatrade - Administration - Login/Login_Button' is clicked on

2020-04-22 08:25:32 - [TEST_STEP][PASSED] - waitForPageLoad(60): Wait for page load successfully

2020-04-22 08:25:32 - [MESSAGE][PASSED] - Wait for page load successfully

2020-04-22 08:25:32 - [TEST_STEP][PASSED] - verifyTextPresent("Welcome " + wo_Username, false): Text 'Welcome DavidHo' is present on page 

2020-04-22 08:25:33 - [MESSAGE][PASSED] - Text 'Welcome DavidHo' is present on page 

2020-04-22 08:25:33 - [MESSAGE][PASSED] - Call Test Case 'Test Cases/Reusable_Test_Sequences/Web_Office/Directives/WebOffice_StartUp' successfully

2020-04-22 08:25:33 - [TEST_STEP][PASSED] - "-----------------------------------------------------------------": null

2020-04-22 08:25:33 - [TEST_STEP][PASSED] - " Navigate to <Settings->Checkatrade.Com->Sub Item> Menu Item     |": null

2020-04-22 08:25:33 - [TEST_STEP][PASSED] - callTestCase(findTestCase("Reusable_Test_Sequences/Web_Office/Navigation/Sub_Menu_Navigation/Reports/By_Category"), [:], STOP_ON_FAILURE): Call Test Case 'Test Cases/Reusable_Test_Sequences/Web_Office/Navigation/Sub_Menu_Navigation/Reports/By_Category' successfully

2020-04-22 08:25:33 - [TEST_CASE][PASSED] - Test Cases/Reusable_Test_Sequences/Web_Office/Navigation/Sub_Menu_Navigation/Reports/By_Category: Test Cases/Reusable_Test_Sequences/Web_Office/Navigation/Sub_Menu_Navigation/Reports/By_Category

2020-04-22 08:25:33 - [TEST_STEP][PASSED] - "--------------------------------------": null

2020-04-22 08:25:33 - [TEST_STEP][PASSED] - " Navigate Top level menu Item         |": null

2020-04-22 08:25:33 - [TEST_STEP][PASSED] - waitForPageLoad(60): Wait for page load successfully

2020-04-22 08:25:34 - [MESSAGE][PASSED] - Wait for page load successfully

2020-04-22 08:25:34 - [TEST_STEP][PASSED] - waitForElementClickable(findTestObject("Object Repository/WebOffice_Home_page/a_Reports"), 60): Object 'Object Repository/WebOffice_Home_page/a_Reports' is clickable

2020-04-22 08:25:34 - [MESSAGE][PASSED] - Object 'Object Repository/WebOffice_Home_page/a_Reports' is clickable

2020-04-22 08:25:34 - [TEST_STEP][PASSED] - mouseOver(findTestObject("Object Repository/WebOffice_Home_page/a_Reports")): Object: 'Object Repository/WebOffice_Home_page/a_Reports' is hovered

2020-04-22 08:25:34 - [MESSAGE][PASSED] - Object: 'Object Repository/WebOffice_Home_page/a_Reports' is hovered

2020-04-22 08:25:34 - [TEST_STEP][PASSED] - mouseOver(findTestObject("Object Repository/WebOffice_Home_page/Page_/a_Consumers")): Object: 'Object Repository/WebOffice_Home_page/Page_/a_Consumers' is hovered

2020-04-22 08:25:35 - [MESSAGE][PASSED] - Object: 'Object Repository/WebOffice_Home_page/Page_/a_Consumers' is hovered

2020-04-22 08:25:35 - [TEST_STEP][PASSED] - mouseOver(findTestObject("Object Repository/WebOffice_Home_page/Page_/a_Consumer Searches")): Object: 'Object Repository/WebOffice_Home_page/Page_/a_Consumer Searches' is hovered

2020-04-22 08:25:36 - [MESSAGE][PASSED] - Object: 'Object Repository/WebOffice_Home_page/Page_/a_Consumer Searches' is hovered

2020-04-22 08:25:36 - [TEST_STEP][PASSED] - waitForPageLoad(5): Wait for page load successfully

2020-04-22 08:25:36 - [MESSAGE][PASSED] - Wait for page load successfully

2020-04-22 08:25:36 - [TEST_STEP][PASSED] - waitForElementClickable(findTestObject("Object Repository/WebOffice_Home_page/a_By Category"), 5): Object 'Object Repository/WebOffice_Home_page/a_By Category' is clickable

2020-04-22 08:25:36 - [MESSAGE][PASSED] - Object 'Object Repository/WebOffice_Home_page/a_By Category' is clickable

2020-04-22 08:25:36 - [TEST_STEP][PASSED] - click(findTestObject("Object Repository/WebOffice_Home_page/a_By Category")): Object: 'Object Repository/WebOffice_Home_page/a_By Category' is clicked on

2020-04-22 08:25:37 - [MESSAGE][PASSED] - Object: 'Object Repository/WebOffice_Home_page/a_By Category' is clicked on

2020-04-22 08:25:37 - [MESSAGE][PASSED] - Call Test Case 'Test Cases/Reusable_Test_Sequences/Web_Office/Navigation/Sub_Menu_Navigation/Reports/By_Category' successfully

2020-04-22 08:25:37 - [TEST_STEP][PASSED] - "--------------------------------------": null

2020-04-22 08:25:37 - [TEST_STEP][PASSED] - " Verify Returned Page Detail          |": null

2020-04-22 08:25:37 - [TEST_STEP][PASSED] - callTestCase(findTestCase("Reusable_Test_Sequences/Web_Office/Verification/Reports/By_Category"), [:], OPTIONAL): Call Test Case 'Test Cases/Reusable_Test_Sequences/Web_Office/Verification/Reports/By_Category' successfully

2020-04-22 08:25:37 - [TEST_CASE][PASSED] - Test Cases/Reusable_Test_Sequences/Web_Office/Verification/Reports/By_Category: Test Cases/Reusable_Test_Sequences/Web_Office/Verification/Reports/By_Category

2020-04-22 08:25:38 - [TEST_STEP][PASSED] - waitForPageLoad(120): Wait for page load successfully

2020-04-22 08:25:38 - [MESSAGE][PASSED] - Wait for page load successfully

2020-04-22 08:25:38 - [TEST_STEP][PASSED] - delay(1): Delayed 1 second(s)

2020-04-22 08:25:39 - [MESSAGE][PASSED] - Delayed 1 second(s)

2020-04-22 08:25:39 - [TEST_STEP][PASSED] - verifyTextPresent("Consumer Searches", false): Text 'Consumer Searches' is present on page 

2020-04-22 08:25:40 - [MESSAGE][PASSED] - Text 'Consumer Searches' is present on page 

2020-04-22 08:25:40 - [TEST_STEP][PASSED] - "----------------------------------------------": null

2020-04-22 08:25:40 - [TEST_STEP][PASSED] - verifyTextPresent("From", false): Text 'From' is present on page 

2020-04-22 08:25:40 - [MESSAGE][PASSED] - Text 'From' is present on page 

2020-04-22 08:25:40 - [TEST_STEP][PASSED] - verifyTextPresent("Popular Categories", false): Text 'Popular Categories' is present on page 

2020-04-22 08:25:41 - [MESSAGE][PASSED] - Text 'Popular Categories' is present on page 

2020-04-22 08:25:41 - [TEST_STEP][PASSED] - verifyTextPresent("Search for", false): Text 'Search for' is present on page 

2020-04-22 08:25:41 - [MESSAGE][PASSED] - Text 'Search for' is present on page 

2020-04-22 08:25:41 - [TEST_STEP][PASSED] - verifyTextPresent("No. Results", false): Text 'No. Results' is present on page 

2020-04-22 08:25:42 - [MESSAGE][PASSED] - Text 'No. Results' is present on page 

2020-04-22 08:25:42 - [TEST_STEP][PASSED] - verifyTextPresent("No. Searches", false): Text 'No. Searches' is present on page 

2020-04-22 08:25:42 - [MESSAGE][PASSED] - Text 'No. Searches' is present on page 

2020-04-22 08:25:42 - [TEST_STEP][PASSED] - "----------------------------------------------": null

2020-04-22 08:25:42 - [TEST_STEP][PASSED] - verifyTextPresent("Plumber", false): Text 'Plumber' is present on page 

2020-04-22 08:25:43 - [MESSAGE][PASSED] - Text 'Plumber' is present on page 

2020-04-22 08:25:43 - [TEST_STEP][PASSED] - verifyTextPresent("Builder", false): Text 'Builder' is present on page 

2020-04-22 08:25:44 - [MESSAGE][PASSED] - Text 'Builder' is present on page 

2020-04-22 08:25:44 - [TEST_STEP][PASSED] - verifyTextPresent("Electrician", false): Text 'Electrician' is present on page 

2020-04-22 08:25:44 - [MESSAGE][PASSED] - Text 'Electrician' is present on page 

2020-04-22 08:25:44 - [TEST_STEP][PASSED] - verifyTextPresent("Roofer", false): Text 'Roofer' is present on page 

2020-04-22 08:25:45 - [MESSAGE][PASSED] - Text 'Roofer' is present on page 

2020-04-22 08:25:45 - [TEST_STEP][PASSED] - verifyTextPresent("Painter/Decorator", false): Text 'Painter/Decorator' is present on page 

2020-04-22 08:25:46 - [MESSAGE][PASSED] - Text 'Painter/Decorator' is present on page 

2020-04-22 08:25:46 - [TEST_STEP][PASSED] - verifyTextPresent("Carpenter", false): Text 'Carpenter' is present on page 

2020-04-22 08:25:46 - [MESSAGE][PASSED] - Text 'Carpenter' is present on page 

2020-04-22 08:25:46 - [TEST_STEP][PASSED] - verifyTextPresent("Plasterer", false): Text 'Plasterer' is present on page 

2020-04-22 08:25:46 - [MESSAGE][PASSED] - Text 'Plasterer' is present on page 

2020-04-22 08:25:46 - [TEST_STEP][PASSED] - verifyTextPresent("Roofing Repairs", false): Text 'Roofing Repairs' is present on page 

2020-04-22 08:25:47 - [MESSAGE][PASSED] - Text 'Roofing Repairs' is present on page 

2020-04-22 08:25:47 - [TEST_STEP][PASSED] - verifyTextPresent("Landscaper", false): Text 'Landscaper' is present on page 

2020-04-22 08:25:47 - [MESSAGE][PASSED] - Text 'Landscaper' is present on page 

2020-04-22 08:25:47 - [MESSAGE][PASSED] - Call Test Case 'Test Cases/Reusable_Test_Sequences/Web_Office/Verification/Reports/By_Category' successfully

2020-04-22 08:25:47 - [TEST_STEP][PASSED] - "--------------------------": null

2020-04-22 08:25:47 - [TEST_STEP][PASSED] - " Teardown - CLose Browser |": null

2020-04-22 08:25:47 - [TEST_STEP][PASSED] - callTestCase(findTestCase("Reusable_Test_Sequences/CAT_Teardown"), [:], OPTIONAL): Call Test Case 'Test Cases/Reusable_Test_Sequences/CAT_Teardown' successfully

2020-04-22 08:25:47 - [TEST_CASE][PASSED] - Test Cases/Reusable_Test_Sequences/CAT_Teardown: Test Cases/Reusable_Test_Sequences/CAT_Teardown

2020-04-22 08:25:47 - [TEST_STEP][PASSED] - closeBrowser(): Browser is closed

2020-04-22 08:25:50 - [MESSAGE][PASSED] - Browser is closed

2020-04-22 08:25:50 - [TEST_STEP][PASSED] - super.finalize(): null

2020-04-22 08:25:50 - [TEST_STEP][PASSED] - System.gc(): null

2020-04-22 08:25:50 - [MESSAGE][PASSED] - Call Test Case 'Test Cases/Reusable_Test_Sequences/CAT_Teardown' successfully]]></system-out>
         <system-err><![CDATA[]]></system-err>
      </testcase>
      <testcase name="Test Cases/Web_Office/Reports/By_Location" time="23.76" classname="Test Cases/Web_Office/Reports/By_Location" status="PASSED">
         <system-out><![CDATA[2020-04-22 08:25:50 - [TEST_CASE][PASSED] - Test Cases/Web_Office/Reports/By_Location: Test Cases/Web_Office/Reports/By_Location

2020-04-22 08:25:50 - [TEST_STEP][PASSED] - "--------------------------------------": null

2020-04-22 08:25:50 - [TEST_STEP][PASSED] - " Web Office StartUp                  |": null

2020-04-22 08:25:50 - [TEST_STEP][PASSED] - callTestCase(findTestCase("Reusable_Test_Sequences/Web_Office/Directives/WebOffice_StartUp"), [:], STOP_ON_FAILURE): Call Test Case 'Test Cases/Reusable_Test_Sequences/Web_Office/Directives/WebOffice_StartUp' successfully

2020-04-22 08:25:51 - [TEST_CASE][PASSED] - Test Cases/Reusable_Test_Sequences/Web_Office/Directives/WebOffice_StartUp: Test Cases/Reusable_Test_Sequences/Web_Office/Directives/WebOffice_StartUp

2020-04-22 08:25:51 - [TEST_STEP][PASSED] - "-----------------------------------------------------------------------------": null

2020-04-22 08:25:51 - [TEST_STEP][PASSED] - if (URL == "https://www.dev.checkatrade.com/"): null

2020-04-22 08:25:51 - [TEST_STEP][PASSED] - "-----------------------------------------------------------------------------": null

2020-04-22 08:25:51 - [TEST_STEP][PASSED] - if (URL == "https://www.checkatrade.com/"): null

2020-04-22 08:25:51 - [TEST_STEP][PASSED] - "-----------------------------------------------------------------------------": null

2020-04-22 08:25:51 - [TEST_STEP][PASSED] - if (URL == "https://www.preview.checkatrade.com/"): null

2020-04-22 08:25:51 - [TEST_STEP][PASSED] - WebOfficeURL = "https://admin.preview.checkatrade.com/": null

2020-04-22 08:25:51 - [TEST_STEP][PASSED] - if (URL == "https://www.dev2.checkatrade.com/"): null

2020-04-22 08:25:51 - [TEST_STEP][PASSED] - "Set Function Area for "URL_Handler", URL Resolution": null

2020-04-22 08:25:51 - [TEST_STEP][PASSED] - "Do Some Magic with URL(s) See the comments within URL Handler ": null

2020-04-22 08:25:51 - [TEST_STEP][PASSED] - "------------------------------------------------": null

2020-04-22 08:25:51 - [TEST_STEP][PASSED] - "Moved Login Credentials to <Default> profile 22/01/2020": null

2020-04-22 08:25:51 - [TEST_STEP][PASSED] - "------------------------------------------------": null

2020-04-22 08:25:51 - [TEST_STEP][PASSED] - "WebOfficeURL - Set from the ENVIRONMENT PROFILE ": null

2020-04-22 08:25:51 - [TEST_STEP][PASSED] - "OPEN BROWSER": null

2020-04-22 08:25:51 - [TEST_STEP][PASSED] - "eg - https://admin.preview.checkatrade.com/  ": null

2020-04-22 08:25:51 - [TEST_STEP][PASSED] - openBrowser(WebOfficeURL): Browser is opened with url: 'https://admin.preview.checkatrade.com/'

2020-04-22 08:25:51 - [MESSAGE][INFO] - Starting 'Chrome' driver

2020-04-22 08:25:51 - [MESSAGE][INFO] - Action delay is set to 0 milliseconds

2020-04-22 08:25:56 - [MESSAGE][PASSED] - Browser is opened with url: 'https://admin.preview.checkatrade.com/'

2020-04-22 08:25:56 - [TEST_STEP][PASSED] - maximizeWindow(): Current window maximized

2020-04-22 08:25:59 - [MESSAGE][PASSED] - Current window maximized

2020-04-22 08:25:59 - [TEST_STEP][PASSED] - waitForElementClickable(findTestObject("Object Repository/WebOffice/Page_Checkatrade - Administration - Login/Login_Button"), 25): Object 'Object Repository/WebOffice/Page_Checkatrade - Administration - Login/Login_Button' is clickable

2020-04-22 08:25:59 - [MESSAGE][PASSED] - Object 'Object Repository/WebOffice/Page_Checkatrade - Administration - Login/Login_Button' is clickable

2020-04-22 08:25:59 - [TEST_STEP][PASSED] - verifyTextPresent("Checkatrade Web Office", false): Text 'Checkatrade Web Office' is present on page 

2020-04-22 08:25:59 - [MESSAGE][PASSED] - Text 'Checkatrade Web Office' is present on page 

2020-04-22 08:25:59 - [TEST_STEP][PASSED] - verifyTextPresent("Access for staff use only", false): Text 'Access for staff use only' is present on page 

2020-04-22 08:25:59 - [MESSAGE][PASSED] - Text 'Access for staff use only' is present on page 

2020-04-22 08:25:59 - [TEST_STEP][PASSED] - verifyTextPresent("Forgotten password?", false): Text 'Forgotten password?' is present on page 

2020-04-22 08:25:59 - [MESSAGE][PASSED] - Text 'Forgotten password?' is present on page 

2020-04-22 08:25:59 - [TEST_STEP][PASSED] - setText(findTestObject("Object Repository/WebOffice/Page_Checkatrade - Administration - Login/input_Username_LoginControlUserName"), wo_Username): Text 'DavidHo' is set on object 'Object Repository/WebOffice/Page_Checkatrade - Administration - Login/input_Username_LoginControlUserName'

2020-04-22 08:26:00 - [MESSAGE][PASSED] - Text 'DavidHo' is set on object 'Object Repository/WebOffice/Page_Checkatrade - Administration - Login/input_Username_LoginControlUserName'

2020-04-22 08:26:00 - [TEST_STEP][PASSED] - setText(findTestObject("Object Repository/WebOffice/Page_Checkatrade - Administration - Login/input_Password_LoginControlPassword"), wo_Password): Text 'Check123' is set on object 'Object Repository/WebOffice/Page_Checkatrade - Administration - Login/input_Password_LoginControlPassword'

2020-04-22 08:26:00 - [MESSAGE][PASSED] - Text 'Check123' is set on object 'Object Repository/WebOffice/Page_Checkatrade - Administration - Login/input_Password_LoginControlPassword'

2020-04-22 08:26:00 - [TEST_STEP][PASSED] - click(findTestObject("Object Repository/WebOffice/Page_Checkatrade - Administration - Login/Login_Button")): Object: 'Object Repository/WebOffice/Page_Checkatrade - Administration - Login/Login_Button' is clicked on

2020-04-22 08:26:02 - [MESSAGE][PASSED] - Object: 'Object Repository/WebOffice/Page_Checkatrade - Administration - Login/Login_Button' is clicked on

2020-04-22 08:26:02 - [TEST_STEP][PASSED] - waitForPageLoad(60): Wait for page load successfully

2020-04-22 08:26:02 - [MESSAGE][PASSED] - Wait for page load successfully

2020-04-22 08:26:02 - [TEST_STEP][PASSED] - verifyTextPresent("Welcome " + wo_Username, false): Text 'Welcome DavidHo' is present on page 

2020-04-22 08:26:03 - [MESSAGE][PASSED] - Text 'Welcome DavidHo' is present on page 

2020-04-22 08:26:03 - [MESSAGE][PASSED] - Call Test Case 'Test Cases/Reusable_Test_Sequences/Web_Office/Directives/WebOffice_StartUp' successfully

2020-04-22 08:26:03 - [TEST_STEP][PASSED] - "-----------------------------------------------------------------": null

2020-04-22 08:26:03 - [TEST_STEP][PASSED] - " Navigate to <Reports->Checkatrade.Com->Sub Item> Menu Item     |": null

2020-04-22 08:26:03 - [TEST_STEP][PASSED] - callTestCase(findTestCase("Reusable_Test_Sequences/Web_Office/Navigation/Sub_Menu_Navigation/Reports/By_Location"), [:], STOP_ON_FAILURE): Call Test Case 'Test Cases/Reusable_Test_Sequences/Web_Office/Navigation/Sub_Menu_Navigation/Reports/By_Location' successfully

2020-04-22 08:26:03 - [TEST_CASE][PASSED] - Test Cases/Reusable_Test_Sequences/Web_Office/Navigation/Sub_Menu_Navigation/Reports/By_Location: Test Cases/Reusable_Test_Sequences/Web_Office/Navigation/Sub_Menu_Navigation/Reports/By_Location

2020-04-22 08:26:03 - [TEST_STEP][PASSED] - "--------------------------------------": null

2020-04-22 08:26:03 - [TEST_STEP][PASSED] - " Navigate Top level menu Item         |": null

2020-04-22 08:26:03 - [TEST_STEP][PASSED] - waitForPageLoad(60): Wait for page load successfully

2020-04-22 08:26:03 - [MESSAGE][PASSED] - Wait for page load successfully

2020-04-22 08:26:03 - [TEST_STEP][PASSED] - waitForElementClickable(findTestObject("Object Repository/WebOffice_Home_page/a_Reports"), 60): Object 'Object Repository/WebOffice_Home_page/a_Reports' is clickable

2020-04-22 08:26:03 - [MESSAGE][PASSED] - Object 'Object Repository/WebOffice_Home_page/a_Reports' is clickable

2020-04-22 08:26:03 - [TEST_STEP][PASSED] - mouseOver(findTestObject("Object Repository/WebOffice_Home_page/a_Reports")): Object: 'Object Repository/WebOffice_Home_page/a_Reports' is hovered

2020-04-22 08:26:04 - [MESSAGE][PASSED] - Object: 'Object Repository/WebOffice_Home_page/a_Reports' is hovered

2020-04-22 08:26:04 - [TEST_STEP][PASSED] - mouseOver(findTestObject("Object Repository/WebOffice_Home_page/Page_/a_Consumers")): Object: 'Object Repository/WebOffice_Home_page/Page_/a_Consumers' is hovered

2020-04-22 08:26:04 - [MESSAGE][PASSED] - Object: 'Object Repository/WebOffice_Home_page/Page_/a_Consumers' is hovered

2020-04-22 08:26:04 - [TEST_STEP][PASSED] - mouseOver(findTestObject("Object Repository/WebOffice_Home_page/Page_/a_Consumer Searches")): Object: 'Object Repository/WebOffice_Home_page/Page_/a_Consumer Searches' is hovered

2020-04-22 08:26:05 - [MESSAGE][PASSED] - Object: 'Object Repository/WebOffice_Home_page/Page_/a_Consumer Searches' is hovered

2020-04-22 08:26:05 - [TEST_STEP][PASSED] - waitForPageLoad(5): Wait for page load successfully

2020-04-22 08:26:05 - [MESSAGE][PASSED] - Wait for page load successfully

2020-04-22 08:26:05 - [TEST_STEP][PASSED] - waitForElementClickable(findTestObject("Object Repository/WebOffice_Home_page/a_By Location"), 5): Object 'Object Repository/WebOffice_Home_page/a_By Location' is clickable

2020-04-22 08:26:05 - [MESSAGE][PASSED] - Object 'Object Repository/WebOffice_Home_page/a_By Location' is clickable

2020-04-22 08:26:05 - [TEST_STEP][PASSED] - click(findTestObject("Object Repository/WebOffice_Home_page/a_By Location")): Object: 'Object Repository/WebOffice_Home_page/a_By Location' is clicked on

2020-04-22 08:26:06 - [MESSAGE][PASSED] - Object: 'Object Repository/WebOffice_Home_page/a_By Location' is clicked on

2020-04-22 08:26:06 - [MESSAGE][PASSED] - Call Test Case 'Test Cases/Reusable_Test_Sequences/Web_Office/Navigation/Sub_Menu_Navigation/Reports/By_Location' successfully

2020-04-22 08:26:06 - [TEST_STEP][PASSED] - "--------------------------------------": null

2020-04-22 08:26:06 - [TEST_STEP][PASSED] - " Verify Returned Page Detail          |": null

2020-04-22 08:26:06 - [TEST_STEP][PASSED] - callTestCase(findTestCase("Reusable_Test_Sequences/Web_Office/Verification/Reports/By_Location"), [:], OPTIONAL): Call Test Case 'Test Cases/Reusable_Test_Sequences/Web_Office/Verification/Reports/By_Location' successfully

2020-04-22 08:26:06 - [TEST_CASE][PASSED] - Test Cases/Reusable_Test_Sequences/Web_Office/Verification/Reports/By_Location: Test Cases/Reusable_Test_Sequences/Web_Office/Verification/Reports/By_Location

2020-04-22 08:26:06 - [TEST_STEP][PASSED] - waitForPageLoad(120): Wait for page load successfully

2020-04-22 08:26:07 - [MESSAGE][PASSED] - Wait for page load successfully

2020-04-22 08:26:07 - [TEST_STEP][PASSED] - delay(1): Delayed 1 second(s)

2020-04-22 08:26:08 - [MESSAGE][PASSED] - Delayed 1 second(s)

2020-04-22 08:26:08 - [TEST_STEP][PASSED] - verifyTextPresent("Searches by Location", false): Text 'Searches by Location' is present on page 

2020-04-22 08:26:08 - [MESSAGE][PASSED] - Text 'Searches by Location' is present on page 

2020-04-22 08:26:08 - [TEST_STEP][PASSED] - "----------------------------------------------": null

2020-04-22 08:26:08 - [TEST_STEP][PASSED] - verifyTextPresent("Select counties", false): Text 'Select counties' is present on page 

2020-04-22 08:26:08 - [MESSAGE][PASSED] - Text 'Select counties' is present on page 

2020-04-22 08:26:08 - [TEST_STEP][PASSED] - verifyTextPresent("Town", false): Text 'Town' is present on page 

2020-04-22 08:26:09 - [MESSAGE][PASSED] - Text 'Town' is present on page 

2020-04-22 08:26:09 - [TEST_STEP][PASSED] - verifyTextPresent("By Postcode", false): Text 'By Postcode' is present on page 

2020-04-22 08:26:09 - [MESSAGE][PASSED] - Text 'By Postcode' is present on page 

2020-04-22 08:26:09 - [TEST_STEP][PASSED] - "----------------------------------------------": null

2020-04-22 08:26:09 - [TEST_STEP][PASSED] - verifyTextPresent("Angus", false): Text 'Angus' is present on page 

2020-04-22 08:26:10 - [MESSAGE][PASSED] - Text 'Angus' is present on page 

2020-04-22 08:26:10 - [TEST_STEP][PASSED] - verifyTextPresent("Berkshire", false): Text 'Berkshire' is present on page 

2020-04-22 08:26:10 - [MESSAGE][PASSED] - Text 'Berkshire' is present on page 

2020-04-22 08:26:10 - [TEST_STEP][PASSED] - verifyTextPresent("Avon", false): Text 'Avon' is present on page 

2020-04-22 08:26:10 - [MESSAGE][PASSED] - Text 'Avon' is present on page 

2020-04-22 08:26:10 - [TEST_STEP][PASSED] - "----------------------------------------------": null

2020-04-22 08:26:10 - [TEST_STEP][PASSED] - verifyTextPresent("Tip: Use Shift or Control when clicking on the lists to select multiple options", false): Text 'Tip: Use Shift or Control when clicking on the lists to select multiple options' is present on page 

2020-04-22 08:26:11 - [MESSAGE][PASSED] - Text 'Tip: Use Shift or Control when clicking on the lists to select multiple options' is present on page 

2020-04-22 08:26:11 - [TEST_STEP][PASSED] - verifyTextPresent("Select Date Range", false): Text 'Select Date Range' is present on page 

2020-04-22 08:26:11 - [MESSAGE][PASSED] - Text 'Select Date Range' is present on page 

2020-04-22 08:26:11 - [TEST_STEP][PASSED] - verifyTextPresent("From", false): Text 'From' is present on page 

2020-04-22 08:26:11 - [MESSAGE][PASSED] - Text 'From' is present on page 

2020-04-22 08:26:11 - [TEST_STEP][PASSED] - verifyTextPresent("To", false): Text 'To' is present on page 

2020-04-22 08:26:12 - [MESSAGE][PASSED] - Text 'To' is present on page 

2020-04-22 08:26:12 - [MESSAGE][PASSED] - Call Test Case 'Test Cases/Reusable_Test_Sequences/Web_Office/Verification/Reports/By_Location' successfully

2020-04-22 08:26:12 - [TEST_STEP][PASSED] - "--------------------------": null

2020-04-22 08:26:12 - [TEST_STEP][PASSED] - " Teardown - CLose Browser |": null

2020-04-22 08:26:12 - [TEST_STEP][PASSED] - callTestCase(findTestCase("Reusable_Test_Sequences/CAT_Teardown"), [:], OPTIONAL): Call Test Case 'Test Cases/Reusable_Test_Sequences/CAT_Teardown' successfully

2020-04-22 08:26:12 - [TEST_CASE][PASSED] - Test Cases/Reusable_Test_Sequences/CAT_Teardown: Test Cases/Reusable_Test_Sequences/CAT_Teardown

2020-04-22 08:26:12 - [TEST_STEP][PASSED] - closeBrowser(): Browser is closed

2020-04-22 08:26:14 - [MESSAGE][PASSED] - Browser is closed

2020-04-22 08:26:14 - [TEST_STEP][PASSED] - super.finalize(): null

2020-04-22 08:26:14 - [TEST_STEP][PASSED] - System.gc(): null

2020-04-22 08:26:14 - [MESSAGE][PASSED] - Call Test Case 'Test Cases/Reusable_Test_Sequences/CAT_Teardown' successfully]]></system-out>
         <system-err><![CDATA[]]></system-err>
      </testcase>
      <testcase name="Test Cases/Web_Office/Reports/Returning_No_Results" time="15.864" classname="Test Cases/Web_Office/Reports/Returning_No_Results" status="PASSED">
         <system-out><![CDATA[2020-04-22 08:26:14 - [TEST_CASE][PASSED] - Test Cases/Web_Office/Reports/Returning_No_Results: Test Cases/Web_Office/Reports/Returning_No_Results

2020-04-22 08:26:14 - [TEST_STEP][PASSED] - "--------------------------------------": null

2020-04-22 08:26:14 - [TEST_STEP][PASSED] - " Web Office StartUp                  |": null

2020-04-22 08:26:14 - [TEST_STEP][PASSED] - callTestCase(findTestCase("Reusable_Test_Sequences/Web_Office/Directives/WebOffice_StartUp"), [:], STOP_ON_FAILURE): Call Test Case 'Test Cases/Reusable_Test_Sequences/Web_Office/Directives/WebOffice_StartUp' successfully

2020-04-22 08:26:14 - [TEST_CASE][PASSED] - Test Cases/Reusable_Test_Sequences/Web_Office/Directives/WebOffice_StartUp: Test Cases/Reusable_Test_Sequences/Web_Office/Directives/WebOffice_StartUp

2020-04-22 08:26:14 - [TEST_STEP][PASSED] - "-----------------------------------------------------------------------------": null

2020-04-22 08:26:14 - [TEST_STEP][PASSED] - if (URL == "https://www.dev.checkatrade.com/"): null

2020-04-22 08:26:14 - [TEST_STEP][PASSED] - "-----------------------------------------------------------------------------": null

2020-04-22 08:26:14 - [TEST_STEP][PASSED] - if (URL == "https://www.checkatrade.com/"): null

2020-04-22 08:26:14 - [TEST_STEP][PASSED] - "-----------------------------------------------------------------------------": null

2020-04-22 08:26:14 - [TEST_STEP][PASSED] - if (URL == "https://www.preview.checkatrade.com/"): null

2020-04-22 08:26:14 - [TEST_STEP][PASSED] - WebOfficeURL = "https://admin.preview.checkatrade.com/": null

2020-04-22 08:26:14 - [TEST_STEP][PASSED] - if (URL == "https://www.dev2.checkatrade.com/"): null

2020-04-22 08:26:14 - [TEST_STEP][PASSED] - "Set Function Area for "URL_Handler", URL Resolution": null

2020-04-22 08:26:14 - [TEST_STEP][PASSED] - "Do Some Magic with URL(s) See the comments within URL Handler ": null

2020-04-22 08:26:14 - [TEST_STEP][PASSED] - "------------------------------------------------": null

2020-04-22 08:26:14 - [TEST_STEP][PASSED] - "Moved Login Credentials to <Default> profile 22/01/2020": null

2020-04-22 08:26:14 - [TEST_STEP][PASSED] - "------------------------------------------------": null

2020-04-22 08:26:14 - [TEST_STEP][PASSED] - "WebOfficeURL - Set from the ENVIRONMENT PROFILE ": null

2020-04-22 08:26:14 - [TEST_STEP][PASSED] - "OPEN BROWSER": null

2020-04-22 08:26:14 - [TEST_STEP][PASSED] - "eg - https://admin.preview.checkatrade.com/  ": null

2020-04-22 08:26:14 - [TEST_STEP][PASSED] - openBrowser(WebOfficeURL): Browser is opened with url: 'https://admin.preview.checkatrade.com/'

2020-04-22 08:26:14 - [MESSAGE][INFO] - Starting 'Chrome' driver

2020-04-22 08:26:14 - [MESSAGE][INFO] - Action delay is set to 0 milliseconds

2020-04-22 08:26:20 - [MESSAGE][PASSED] - Browser is opened with url: 'https://admin.preview.checkatrade.com/'

2020-04-22 08:26:20 - [TEST_STEP][PASSED] - maximizeWindow(): Current window maximized

2020-04-22 08:26:22 - [MESSAGE][PASSED] - Current window maximized

2020-04-22 08:26:22 - [TEST_STEP][PASSED] - waitForElementClickable(findTestObject("Object Repository/WebOffice/Page_Checkatrade - Administration - Login/Login_Button"), 25): Object 'Object Repository/WebOffice/Page_Checkatrade - Administration - Login/Login_Button' is clickable

2020-04-22 08:26:22 - [MESSAGE][PASSED] - Object 'Object Repository/WebOffice/Page_Checkatrade - Administration - Login/Login_Button' is clickable

2020-04-22 08:26:22 - [TEST_STEP][PASSED] - verifyTextPresent("Checkatrade Web Office", false): Text 'Checkatrade Web Office' is present on page 

2020-04-22 08:26:22 - [MESSAGE][PASSED] - Text 'Checkatrade Web Office' is present on page 

2020-04-22 08:26:22 - [TEST_STEP][PASSED] - verifyTextPresent("Access for staff use only", false): Text 'Access for staff use only' is present on page 

2020-04-22 08:26:22 - [MESSAGE][PASSED] - Text 'Access for staff use only' is present on page 

2020-04-22 08:26:22 - [TEST_STEP][PASSED] - verifyTextPresent("Forgotten password?", false): Text 'Forgotten password?' is present on page 

2020-04-22 08:26:22 - [MESSAGE][PASSED] - Text 'Forgotten password?' is present on page 

2020-04-22 08:26:22 - [TEST_STEP][PASSED] - setText(findTestObject("Object Repository/WebOffice/Page_Checkatrade - Administration - Login/input_Username_LoginControlUserName"), wo_Username): Text 'DavidHo' is set on object 'Object Repository/WebOffice/Page_Checkatrade - Administration - Login/input_Username_LoginControlUserName'

2020-04-22 08:26:22 - [MESSAGE][PASSED] - Text 'DavidHo' is set on object 'Object Repository/WebOffice/Page_Checkatrade - Administration - Login/input_Username_LoginControlUserName'

2020-04-22 08:26:22 - [TEST_STEP][PASSED] - setText(findTestObject("Object Repository/WebOffice/Page_Checkatrade - Administration - Login/input_Password_LoginControlPassword"), wo_Password): Text 'Check123' is set on object 'Object Repository/WebOffice/Page_Checkatrade - Administration - Login/input_Password_LoginControlPassword'

2020-04-22 08:26:23 - [MESSAGE][PASSED] - Text 'Check123' is set on object 'Object Repository/WebOffice/Page_Checkatrade - Administration - Login/input_Password_LoginControlPassword'

2020-04-22 08:26:23 - [TEST_STEP][PASSED] - click(findTestObject("Object Repository/WebOffice/Page_Checkatrade - Administration - Login/Login_Button")): Object: 'Object Repository/WebOffice/Page_Checkatrade - Administration - Login/Login_Button' is clicked on

2020-04-22 08:26:23 - [MESSAGE][PASSED] - Object: 'Object Repository/WebOffice/Page_Checkatrade - Administration - Login/Login_Button' is clicked on

2020-04-22 08:26:23 - [TEST_STEP][PASSED] - waitForPageLoad(60): Wait for page load successfully

2020-04-22 08:26:23 - [MESSAGE][PASSED] - Wait for page load successfully

2020-04-22 08:26:23 - [TEST_STEP][PASSED] - verifyTextPresent("Welcome " + wo_Username, false): Text 'Welcome DavidHo' is present on page 

2020-04-22 08:26:24 - [MESSAGE][PASSED] - Text 'Welcome DavidHo' is present on page 

2020-04-22 08:26:24 - [MESSAGE][PASSED] - Call Test Case 'Test Cases/Reusable_Test_Sequences/Web_Office/Directives/WebOffice_StartUp' successfully

2020-04-22 08:26:24 - [TEST_STEP][PASSED] - "-----------------------------------------------------------------": null

2020-04-22 08:26:24 - [TEST_STEP][PASSED] - " Navigate to <Reports->Checkatrade.Com->Sub Item> Menu Item     |": null

2020-04-22 08:26:24 - [TEST_STEP][PASSED] - callTestCase(findTestCase("Reusable_Test_Sequences/Web_Office/Navigation/Sub_Menu_Navigation/Reports/Returning_No_Results"), [:], STOP_ON_FAILURE): Call Test Case 'Test Cases/Reusable_Test_Sequences/Web_Office/Navigation/Sub_Menu_Navigation/Reports/Returning_No_Results' successfully

2020-04-22 08:26:24 - [TEST_CASE][PASSED] - Test Cases/Reusable_Test_Sequences/Web_Office/Navigation/Sub_Menu_Navigation/Reports/Returning_No_Results: Test Cases/Reusable_Test_Sequences/Web_Office/Navigation/Sub_Menu_Navigation/Reports/Returning_No_Results

2020-04-22 08:26:24 - [TEST_STEP][PASSED] - "--------------------------------------": null

2020-04-22 08:26:24 - [TEST_STEP][PASSED] - " Navigate Top level menu Item         |": null

2020-04-22 08:26:24 - [TEST_STEP][PASSED] - waitForPageLoad(60): Wait for page load successfully

2020-04-22 08:26:24 - [MESSAGE][PASSED] - Wait for page load successfully

2020-04-22 08:26:24 - [TEST_STEP][PASSED] - waitForElementClickable(findTestObject("Object Repository/WebOffice_Home_page/a_Reports"), 60): Object 'Object Repository/WebOffice_Home_page/a_Reports' is clickable

2020-04-22 08:26:24 - [MESSAGE][PASSED] - Object 'Object Repository/WebOffice_Home_page/a_Reports' is clickable

2020-04-22 08:26:24 - [TEST_STEP][PASSED] - mouseOver(findTestObject("Object Repository/WebOffice_Home_page/a_Reports")): Object: 'Object Repository/WebOffice_Home_page/a_Reports' is hovered

2020-04-22 08:26:24 - [MESSAGE][PASSED] - Object: 'Object Repository/WebOffice_Home_page/a_Reports' is hovered

2020-04-22 08:26:24 - [TEST_STEP][PASSED] - mouseOver(findTestObject("Object Repository/WebOffice_Home_page/Page_/a_Consumers")): Object: 'Object Repository/WebOffice_Home_page/Page_/a_Consumers' is hovered

2020-04-22 08:26:25 - [MESSAGE][PASSED] - Object: 'Object Repository/WebOffice_Home_page/Page_/a_Consumers' is hovered

2020-04-22 08:26:25 - [TEST_STEP][PASSED] - mouseOver(findTestObject("Object Repository/WebOffice_Home_page/Page_/a_Consumer Searches")): Object: 'Object Repository/WebOffice_Home_page/Page_/a_Consumer Searches' is hovered

2020-04-22 08:26:25 - [MESSAGE][PASSED] - Object: 'Object Repository/WebOffice_Home_page/Page_/a_Consumer Searches' is hovered

2020-04-22 08:26:25 - [TEST_STEP][PASSED] - waitForPageLoad(5): Wait for page load successfully

2020-04-22 08:26:25 - [MESSAGE][PASSED] - Wait for page load successfully

2020-04-22 08:26:25 - [TEST_STEP][PASSED] - waitForElementClickable(findTestObject("Object Repository/WebOffice_Home_page/a_Returning No Results"), 5): Object 'Object Repository/WebOffice_Home_page/a_Returning No Results' is clickable

2020-04-22 08:26:25 - [MESSAGE][PASSED] - Object 'Object Repository/WebOffice_Home_page/a_Returning No Results' is clickable

2020-04-22 08:26:25 - [TEST_STEP][PASSED] - click(findTestObject("Object Repository/WebOffice_Home_page/a_Returning No Results")): Object: 'Object Repository/WebOffice_Home_page/a_Returning No Results' is clicked on

2020-04-22 08:26:27 - [MESSAGE][PASSED] - Object: 'Object Repository/WebOffice_Home_page/a_Returning No Results' is clicked on

2020-04-22 08:26:27 - [MESSAGE][PASSED] - Call Test Case 'Test Cases/Reusable_Test_Sequences/Web_Office/Navigation/Sub_Menu_Navigation/Reports/Returning_No_Results' successfully

2020-04-22 08:26:27 - [TEST_STEP][PASSED] - "--------------------------------------": null

2020-04-22 08:26:27 - [TEST_STEP][PASSED] - " Verify Returned Page Detail          |": null

2020-04-22 08:26:27 - [TEST_STEP][PASSED] - callTestCase(findTestCase("Reusable_Test_Sequences/Web_Office/Verification/Reports/Returning_No_Results"), [:], OPTIONAL): Call Test Case 'Test Cases/Reusable_Test_Sequences/Web_Office/Verification/Reports/Returning_No_Results' successfully

2020-04-22 08:26:27 - [TEST_CASE][PASSED] - Test Cases/Reusable_Test_Sequences/Web_Office/Verification/Reports/Returning_No_Results: Test Cases/Reusable_Test_Sequences/Web_Office/Verification/Reports/Returning_No_Results

2020-04-22 08:26:27 - [TEST_STEP][PASSED] - waitForPageLoad(120): Wait for page load successfully

2020-04-22 08:26:27 - [MESSAGE][PASSED] - Wait for page load successfully

2020-04-22 08:26:27 - [TEST_STEP][PASSED] - delay(1): Delayed 1 second(s)

2020-04-22 08:26:28 - [MESSAGE][PASSED] - Delayed 1 second(s)

2020-04-22 08:26:28 - [TEST_STEP][PASSED] - verifyTextPresent("Consumer Searches", false): Text 'Consumer Searches' is present on page 

2020-04-22 08:26:28 - [MESSAGE][PASSED] - Text 'Consumer Searches' is present on page 

2020-04-22 08:26:28 - [TEST_STEP][PASSED] - "----------------------------------------------": null

2020-04-22 08:26:28 - [TEST_STEP][PASSED] - verifyTextPresent("Returning No Results", false): Text 'Returning No Results' is present on page 

2020-04-22 08:26:28 - [MESSAGE][PASSED] - Text 'Returning No Results' is present on page 

2020-04-22 08:26:28 - [TEST_STEP][PASSED] - verifyTextPresent("From", false): Text 'From' is present on page 

2020-04-22 08:26:28 - [MESSAGE][PASSED] - Text 'From' is present on page 

2020-04-22 08:26:28 - [TEST_STEP][PASSED] - verifyTextPresent("To", false): Text 'To' is present on page 

2020-04-22 08:26:28 - [MESSAGE][PASSED] - Text 'To' is present on page 

2020-04-22 08:26:28 - [MESSAGE][PASSED] - Call Test Case 'Test Cases/Reusable_Test_Sequences/Web_Office/Verification/Reports/Returning_No_Results' successfully

2020-04-22 08:26:28 - [TEST_STEP][PASSED] - "--------------------------": null

2020-04-22 08:26:28 - [TEST_STEP][PASSED] - " Teardown - CLose Browser |": null

2020-04-22 08:26:28 - [TEST_STEP][PASSED] - callTestCase(findTestCase("Reusable_Test_Sequences/CAT_Teardown"), [:], OPTIONAL): Call Test Case 'Test Cases/Reusable_Test_Sequences/CAT_Teardown' successfully

2020-04-22 08:26:29 - [TEST_CASE][PASSED] - Test Cases/Reusable_Test_Sequences/CAT_Teardown: Test Cases/Reusable_Test_Sequences/CAT_Teardown

2020-04-22 08:26:29 - [TEST_STEP][PASSED] - closeBrowser(): Browser is closed

2020-04-22 08:26:29 - [MESSAGE][PASSED] - Browser is closed

2020-04-22 08:26:29 - [TEST_STEP][PASSED] - super.finalize(): null

2020-04-22 08:26:29 - [TEST_STEP][PASSED] - System.gc(): null

2020-04-22 08:26:29 - [MESSAGE][PASSED] - Call Test Case 'Test Cases/Reusable_Test_Sequences/CAT_Teardown' successfully]]></system-out>
         <system-err><![CDATA[]]></system-err>
      </testcase>
      <testcase name="Test Cases/Web_Office/Reports/Search_Tracking" time="19.641" classname="Test Cases/Web_Office/Reports/Search_Tracking" status="PASSED">
         <system-out><![CDATA[2020-04-22 08:26:29 - [TEST_CASE][PASSED] - Test Cases/Web_Office/Reports/Search_Tracking: Test Cases/Web_Office/Reports/Search_Tracking

2020-04-22 08:26:30 - [TEST_STEP][PASSED] - "--------------------------------------": null

2020-04-22 08:26:30 - [TEST_STEP][PASSED] - " Web Office StartUp                  |": null

2020-04-22 08:26:30 - [TEST_STEP][PASSED] - callTestCase(findTestCase("Reusable_Test_Sequences/Web_Office/Directives/WebOffice_StartUp"), [:], STOP_ON_FAILURE): Call Test Case 'Test Cases/Reusable_Test_Sequences/Web_Office/Directives/WebOffice_StartUp' successfully

2020-04-22 08:26:30 - [TEST_CASE][PASSED] - Test Cases/Reusable_Test_Sequences/Web_Office/Directives/WebOffice_StartUp: Test Cases/Reusable_Test_Sequences/Web_Office/Directives/WebOffice_StartUp

2020-04-22 08:26:30 - [TEST_STEP][PASSED] - "-----------------------------------------------------------------------------": null

2020-04-22 08:26:30 - [TEST_STEP][PASSED] - if (URL == "https://www.dev.checkatrade.com/"): null

2020-04-22 08:26:30 - [TEST_STEP][PASSED] - "-----------------------------------------------------------------------------": null

2020-04-22 08:26:30 - [TEST_STEP][PASSED] - if (URL == "https://www.checkatrade.com/"): null

2020-04-22 08:26:30 - [TEST_STEP][PASSED] - "-----------------------------------------------------------------------------": null

2020-04-22 08:26:30 - [TEST_STEP][PASSED] - if (URL == "https://www.preview.checkatrade.com/"): null

2020-04-22 08:26:30 - [TEST_STEP][PASSED] - WebOfficeURL = "https://admin.preview.checkatrade.com/": null

2020-04-22 08:26:30 - [TEST_STEP][PASSED] - if (URL == "https://www.dev2.checkatrade.com/"): null

2020-04-22 08:26:30 - [TEST_STEP][PASSED] - "Set Function Area for "URL_Handler", URL Resolution": null

2020-04-22 08:26:30 - [TEST_STEP][PASSED] - "Do Some Magic with URL(s) See the comments within URL Handler ": null

2020-04-22 08:26:30 - [TEST_STEP][PASSED] - "------------------------------------------------": null

2020-04-22 08:26:30 - [TEST_STEP][PASSED] - "Moved Login Credentials to <Default> profile 22/01/2020": null

2020-04-22 08:26:30 - [TEST_STEP][PASSED] - "------------------------------------------------": null

2020-04-22 08:26:30 - [TEST_STEP][PASSED] - "WebOfficeURL - Set from the ENVIRONMENT PROFILE ": null

2020-04-22 08:26:30 - [TEST_STEP][PASSED] - "OPEN BROWSER": null

2020-04-22 08:26:30 - [TEST_STEP][PASSED] - "eg - https://admin.preview.checkatrade.com/  ": null

2020-04-22 08:26:30 - [TEST_STEP][PASSED] - openBrowser(WebOfficeURL): Browser is opened with url: 'https://admin.preview.checkatrade.com/'

2020-04-22 08:26:30 - [MESSAGE][INFO] - Starting 'Chrome' driver

2020-04-22 08:26:30 - [MESSAGE][INFO] - Action delay is set to 0 milliseconds

2020-04-22 08:26:35 - [MESSAGE][PASSED] - Browser is opened with url: 'https://admin.preview.checkatrade.com/'

2020-04-22 08:26:35 - [TEST_STEP][PASSED] - maximizeWindow(): Current window maximized

2020-04-22 08:26:37 - [MESSAGE][PASSED] - Current window maximized

2020-04-22 08:26:37 - [TEST_STEP][PASSED] - waitForElementClickable(findTestObject("Object Repository/WebOffice/Page_Checkatrade - Administration - Login/Login_Button"), 25): Object 'Object Repository/WebOffice/Page_Checkatrade - Administration - Login/Login_Button' is clickable

2020-04-22 08:26:37 - [MESSAGE][PASSED] - Object 'Object Repository/WebOffice/Page_Checkatrade - Administration - Login/Login_Button' is clickable

2020-04-22 08:26:37 - [TEST_STEP][PASSED] - verifyTextPresent("Checkatrade Web Office", false): Text 'Checkatrade Web Office' is present on page 

2020-04-22 08:26:38 - [MESSAGE][PASSED] - Text 'Checkatrade Web Office' is present on page 

2020-04-22 08:26:38 - [TEST_STEP][PASSED] - verifyTextPresent("Access for staff use only", false): Text 'Access for staff use only' is present on page 

2020-04-22 08:26:38 - [MESSAGE][PASSED] - Text 'Access for staff use only' is present on page 

2020-04-22 08:26:38 - [TEST_STEP][PASSED] - verifyTextPresent("Forgotten password?", false): Text 'Forgotten password?' is present on page 

2020-04-22 08:26:38 - [MESSAGE][PASSED] - Text 'Forgotten password?' is present on page 

2020-04-22 08:26:38 - [TEST_STEP][PASSED] - setText(findTestObject("Object Repository/WebOffice/Page_Checkatrade - Administration - Login/input_Username_LoginControlUserName"), wo_Username): Text 'DavidHo' is set on object 'Object Repository/WebOffice/Page_Checkatrade - Administration - Login/input_Username_LoginControlUserName'

2020-04-22 08:26:38 - [MESSAGE][PASSED] - Text 'DavidHo' is set on object 'Object Repository/WebOffice/Page_Checkatrade - Administration - Login/input_Username_LoginControlUserName'

2020-04-22 08:26:38 - [TEST_STEP][PASSED] - setText(findTestObject("Object Repository/WebOffice/Page_Checkatrade - Administration - Login/input_Password_LoginControlPassword"), wo_Password): Text 'Check123' is set on object 'Object Repository/WebOffice/Page_Checkatrade - Administration - Login/input_Password_LoginControlPassword'

2020-04-22 08:26:38 - [MESSAGE][PASSED] - Text 'Check123' is set on object 'Object Repository/WebOffice/Page_Checkatrade - Administration - Login/input_Password_LoginControlPassword'

2020-04-22 08:26:38 - [TEST_STEP][PASSED] - click(findTestObject("Object Repository/WebOffice/Page_Checkatrade - Administration - Login/Login_Button")): Object: 'Object Repository/WebOffice/Page_Checkatrade - Administration - Login/Login_Button' is clicked on

2020-04-22 08:26:39 - [MESSAGE][PASSED] - Object: 'Object Repository/WebOffice/Page_Checkatrade - Administration - Login/Login_Button' is clicked on

2020-04-22 08:26:39 - [TEST_STEP][PASSED] - waitForPageLoad(60): Wait for page load successfully

2020-04-22 08:26:39 - [MESSAGE][PASSED] - Wait for page load successfully

2020-04-22 08:26:39 - [TEST_STEP][PASSED] - verifyTextPresent("Welcome " + wo_Username, false): Text 'Welcome DavidHo' is present on page 

2020-04-22 08:26:39 - [MESSAGE][PASSED] - Text 'Welcome DavidHo' is present on page 

2020-04-22 08:26:39 - [MESSAGE][PASSED] - Call Test Case 'Test Cases/Reusable_Test_Sequences/Web_Office/Directives/WebOffice_StartUp' successfully

2020-04-22 08:26:39 - [TEST_STEP][PASSED] - "-----------------------------------------------------------------": null

2020-04-22 08:26:39 - [TEST_STEP][PASSED] - " Navigate to <Reports->Checkatrade.Com->Sub Item> Menu Item     |": null

2020-04-22 08:26:39 - [TEST_STEP][PASSED] - callTestCase(findTestCase("Reusable_Test_Sequences/Web_Office/Navigation/Sub_Menu_Navigation/Reports/Search_Tracking"), [:], STOP_ON_FAILURE): Call Test Case 'Test Cases/Reusable_Test_Sequences/Web_Office/Navigation/Sub_Menu_Navigation/Reports/Search_Tracking' successfully

2020-04-22 08:26:39 - [TEST_CASE][PASSED] - Test Cases/Reusable_Test_Sequences/Web_Office/Navigation/Sub_Menu_Navigation/Reports/Search_Tracking: Test Cases/Reusable_Test_Sequences/Web_Office/Navigation/Sub_Menu_Navigation/Reports/Search_Tracking

2020-04-22 08:26:40 - [TEST_STEP][PASSED] - "--------------------------------------": null

2020-04-22 08:26:40 - [TEST_STEP][PASSED] - " Navigate Top level menu Item         |": null

2020-04-22 08:26:40 - [TEST_STEP][PASSED] - waitForPageLoad(60): Wait for page load successfully

2020-04-22 08:26:40 - [MESSAGE][PASSED] - Wait for page load successfully

2020-04-22 08:26:40 - [TEST_STEP][PASSED] - waitForElementClickable(findTestObject("Object Repository/WebOffice_Home_page/a_Reports"), 60): Object 'Object Repository/WebOffice_Home_page/a_Reports' is clickable

2020-04-22 08:26:40 - [MESSAGE][PASSED] - Object 'Object Repository/WebOffice_Home_page/a_Reports' is clickable

2020-04-22 08:26:40 - [TEST_STEP][PASSED] - mouseOver(findTestObject("Object Repository/WebOffice_Home_page/a_Reports")): Object: 'Object Repository/WebOffice_Home_page/a_Reports' is hovered

2020-04-22 08:26:40 - [MESSAGE][PASSED] - Object: 'Object Repository/WebOffice_Home_page/a_Reports' is hovered

2020-04-22 08:26:40 - [TEST_STEP][PASSED] - mouseOver(findTestObject("Object Repository/WebOffice_Home_page/Page_/a_Consumers")): Object: 'Object Repository/WebOffice_Home_page/Page_/a_Consumers' is hovered

2020-04-22 08:26:40 - [MESSAGE][PASSED] - Object: 'Object Repository/WebOffice_Home_page/Page_/a_Consumers' is hovered

2020-04-22 08:26:40 - [TEST_STEP][PASSED] - mouseOver(findTestObject("Object Repository/WebOffice_Home_page/Page_/a_Consumer Searches")): Object: 'Object Repository/WebOffice_Home_page/Page_/a_Consumer Searches' is hovered

2020-04-22 08:26:40 - [MESSAGE][PASSED] - Object: 'Object Repository/WebOffice_Home_page/Page_/a_Consumer Searches' is hovered

2020-04-22 08:26:40 - [TEST_STEP][PASSED] - waitForPageLoad(5): Wait for page load successfully

2020-04-22 08:26:40 - [MESSAGE][PASSED] - Wait for page load successfully

2020-04-22 08:26:40 - [TEST_STEP][PASSED] - waitForElementClickable(findTestObject("Object Repository/WebOffice_Home_page/a_Search Tracking"), 5): Object 'Object Repository/WebOffice_Home_page/a_Search Tracking' is clickable

2020-04-22 08:26:40 - [MESSAGE][PASSED] - Object 'Object Repository/WebOffice_Home_page/a_Search Tracking' is clickable

2020-04-22 08:26:40 - [TEST_STEP][PASSED] - click(findTestObject("Object Repository/WebOffice_Home_page/a_Search Tracking")): Object: 'Object Repository/WebOffice_Home_page/a_Search Tracking' is clicked on

2020-04-22 08:26:42 - [MESSAGE][PASSED] - Object: 'Object Repository/WebOffice_Home_page/a_Search Tracking' is clicked on

2020-04-22 08:26:42 - [MESSAGE][PASSED] - Call Test Case 'Test Cases/Reusable_Test_Sequences/Web_Office/Navigation/Sub_Menu_Navigation/Reports/Search_Tracking' successfully

2020-04-22 08:26:42 - [TEST_STEP][PASSED] - "--------------------------------------": null

2020-04-22 08:26:42 - [TEST_STEP][PASSED] - " Verify Returned Page Detail          |": null

2020-04-22 08:26:42 - [TEST_STEP][PASSED] - callTestCase(findTestCase("Reusable_Test_Sequences/Web_Office/Verification/Reports/Search_Tracking"), [:], OPTIONAL): Call Test Case 'Test Cases/Reusable_Test_Sequences/Web_Office/Verification/Reports/Search_Tracking' successfully

2020-04-22 08:26:43 - [TEST_CASE][PASSED] - Test Cases/Reusable_Test_Sequences/Web_Office/Verification/Reports/Search_Tracking: Test Cases/Reusable_Test_Sequences/Web_Office/Verification/Reports/Search_Tracking

2020-04-22 08:26:43 - [TEST_STEP][PASSED] - waitForPageLoad(120): Wait for page load successfully

2020-04-22 08:26:43 - [MESSAGE][PASSED] - Wait for page load successfully

2020-04-22 08:26:43 - [TEST_STEP][PASSED] - delay(1): Delayed 1 second(s)

2020-04-22 08:26:44 - [MESSAGE][PASSED] - Delayed 1 second(s)

2020-04-22 08:26:44 - [TEST_STEP][PASSED] - verifyTextPresent("Search Tracking", false): Text 'Search Tracking' is present on page 

2020-04-22 08:26:44 - [MESSAGE][PASSED] - Text 'Search Tracking' is present on page 

2020-04-22 08:26:44 - [TEST_STEP][PASSED] - "----------------------------------------------": null

2020-04-22 08:26:44 - [TEST_STEP][PASSED] - verifyTextPresent("ID", false): Text 'ID' is present on page 

2020-04-22 08:26:45 - [MESSAGE][PASSED] - Text 'ID' is present on page 

2020-04-22 08:26:45 - [TEST_STEP][PASSED] - verifyTextPresent("TRADE", false): Text 'TRADE' is present on page 

2020-04-22 08:26:45 - [MESSAGE][PASSED] - Text 'TRADE' is present on page 

2020-04-22 08:26:45 - [TEST_STEP][PASSED] - verifyTextPresent("LOCATION", false): Text 'LOCATION' is present on page 

2020-04-22 08:26:46 - [MESSAGE][PASSED] - Text 'LOCATION' is present on page 

2020-04-22 08:26:46 - [TEST_STEP][PASSED] - verifyTextPresent("DATETIME", false): Text 'DATETIME' is present on page 

2020-04-22 08:26:46 - [MESSAGE][PASSED] - Text 'DATETIME' is present on page 

2020-04-22 08:26:46 - [TEST_STEP][PASSED] - "----------------------------------------------": null

2020-04-22 08:26:46 - [TEST_STEP][PASSED] - verifyTextPresent("14262747", false): Text '14262747' is present on page 

2020-04-22 08:26:47 - [MESSAGE][PASSED] - Text '14262747' is present on page 

2020-04-22 08:26:47 - [TEST_STEP][PASSED] - verifyTextPresent("UPVC Repairs", false): Text 'UPVC Repairs' is present on page 

2020-04-22 08:26:47 - [MESSAGE][PASSED] - Text 'UPVC Repairs' is present on page 

2020-04-22 08:26:47 - [TEST_STEP][PASSED] - verifyTextPresent("MILFORD HAVEN", false): Text 'MILFORD HAVEN' is present on page 

2020-04-22 08:26:48 - [MESSAGE][PASSED] - Text 'MILFORD HAVEN' is present on page 

2020-04-22 08:26:48 - [TEST_STEP][PASSED] - verifyTextPresent("28-09-2017 7:19:10", false): Text '28-09-2017 7:19:10' is present on page 

2020-04-22 08:26:48 - [MESSAGE][PASSED] - Text '28-09-2017 7:19:10' is present on page 

2020-04-22 08:26:48 - [MESSAGE][PASSED] - Call Test Case 'Test Cases/Reusable_Test_Sequences/Web_Office/Verification/Reports/Search_Tracking' successfully

2020-04-22 08:26:48 - [TEST_STEP][PASSED] - "--------------------------": null

2020-04-22 08:26:48 - [TEST_STEP][PASSED] - " Teardown - CLose Browser |": null

2020-04-22 08:26:48 - [TEST_STEP][PASSED] - callTestCase(findTestCase("Reusable_Test_Sequences/CAT_Teardown"), [:], OPTIONAL): Call Test Case 'Test Cases/Reusable_Test_Sequences/CAT_Teardown' successfully

2020-04-22 08:26:48 - [TEST_CASE][PASSED] - Test Cases/Reusable_Test_Sequences/CAT_Teardown: Test Cases/Reusable_Test_Sequences/CAT_Teardown

2020-04-22 08:26:48 - [TEST_STEP][PASSED] - closeBrowser(): Browser is closed

2020-04-22 08:26:49 - [MESSAGE][PASSED] - Browser is closed

2020-04-22 08:26:49 - [TEST_STEP][PASSED] - super.finalize(): null

2020-04-22 08:26:49 - [TEST_STEP][PASSED] - System.gc(): null

2020-04-22 08:26:49 - [MESSAGE][PASSED] - Call Test Case 'Test Cases/Reusable_Test_Sequences/CAT_Teardown' successfully]]></system-out>
         <system-err><![CDATA[]]></system-err>
      </testcase>
      <testcase name="Test Cases/Web_Office/Reports/Overnight_Import_History" time="23.173" classname="Test Cases/Web_Office/Reports/Overnight_Import_History" status="PASSED">
         <system-out><![CDATA[2020-04-22 08:26:49 - [TEST_CASE][PASSED] - Test Cases/Web_Office/Reports/Overnight_Import_History: Test Cases/Web_Office/Reports/Overnight_Import_History

2020-04-22 08:26:50 - [TEST_STEP][PASSED] - "--------------------------------------": null

2020-04-22 08:26:50 - [TEST_STEP][PASSED] - " Web Office StartUp                  |": null

2020-04-22 08:26:50 - [TEST_STEP][PASSED] - callTestCase(findTestCase("Reusable_Test_Sequences/Web_Office/Directives/WebOffice_StartUp"), [:], STOP_ON_FAILURE): Call Test Case 'Test Cases/Reusable_Test_Sequences/Web_Office/Directives/WebOffice_StartUp' successfully

2020-04-22 08:26:50 - [TEST_CASE][PASSED] - Test Cases/Reusable_Test_Sequences/Web_Office/Directives/WebOffice_StartUp: Test Cases/Reusable_Test_Sequences/Web_Office/Directives/WebOffice_StartUp

2020-04-22 08:26:50 - [TEST_STEP][PASSED] - "-----------------------------------------------------------------------------": null

2020-04-22 08:26:50 - [TEST_STEP][PASSED] - if (URL == "https://www.dev.checkatrade.com/"): null

2020-04-22 08:26:50 - [TEST_STEP][PASSED] - "-----------------------------------------------------------------------------": null

2020-04-22 08:26:50 - [TEST_STEP][PASSED] - if (URL == "https://www.checkatrade.com/"): null

2020-04-22 08:26:50 - [TEST_STEP][PASSED] - "-----------------------------------------------------------------------------": null

2020-04-22 08:26:50 - [TEST_STEP][PASSED] - if (URL == "https://www.preview.checkatrade.com/"): null

2020-04-22 08:26:50 - [TEST_STEP][PASSED] - WebOfficeURL = "https://admin.preview.checkatrade.com/": null

2020-04-22 08:26:50 - [TEST_STEP][PASSED] - if (URL == "https://www.dev2.checkatrade.com/"): null

2020-04-22 08:26:50 - [TEST_STEP][PASSED] - "Set Function Area for "URL_Handler", URL Resolution": null

2020-04-22 08:26:50 - [TEST_STEP][PASSED] - "Do Some Magic with URL(s) See the comments within URL Handler ": null

2020-04-22 08:26:50 - [TEST_STEP][PASSED] - "------------------------------------------------": null

2020-04-22 08:26:50 - [TEST_STEP][PASSED] - "Moved Login Credentials to <Default> profile 22/01/2020": null

2020-04-22 08:26:50 - [TEST_STEP][PASSED] - "------------------------------------------------": null

2020-04-22 08:26:50 - [TEST_STEP][PASSED] - "WebOfficeURL - Set from the ENVIRONMENT PROFILE ": null

2020-04-22 08:26:50 - [TEST_STEP][PASSED] - "OPEN BROWSER": null

2020-04-22 08:26:50 - [TEST_STEP][PASSED] - "eg - https://admin.preview.checkatrade.com/  ": null

2020-04-22 08:26:50 - [TEST_STEP][PASSED] - openBrowser(WebOfficeURL): Browser is opened with url: 'https://admin.preview.checkatrade.com/'

2020-04-22 08:26:50 - [MESSAGE][INFO] - Starting 'Chrome' driver

2020-04-22 08:26:50 - [MESSAGE][INFO] - Action delay is set to 0 milliseconds

2020-04-22 08:26:55 - [MESSAGE][PASSED] - Browser is opened with url: 'https://admin.preview.checkatrade.com/'

2020-04-22 08:26:55 - [TEST_STEP][PASSED] - maximizeWindow(): Current window maximized

2020-04-22 08:26:57 - [MESSAGE][PASSED] - Current window maximized

2020-04-22 08:26:57 - [TEST_STEP][PASSED] - waitForElementClickable(findTestObject("Object Repository/WebOffice/Page_Checkatrade - Administration - Login/Login_Button"), 25): Object 'Object Repository/WebOffice/Page_Checkatrade - Administration - Login/Login_Button' is clickable

2020-04-22 08:26:57 - [MESSAGE][PASSED] - Object 'Object Repository/WebOffice/Page_Checkatrade - Administration - Login/Login_Button' is clickable

2020-04-22 08:26:57 - [TEST_STEP][PASSED] - verifyTextPresent("Checkatrade Web Office", false): Text 'Checkatrade Web Office' is present on page 

2020-04-22 08:26:57 - [MESSAGE][PASSED] - Text 'Checkatrade Web Office' is present on page 

2020-04-22 08:26:57 - [TEST_STEP][PASSED] - verifyTextPresent("Access for staff use only", false): Text 'Access for staff use only' is present on page 

2020-04-22 08:26:57 - [MESSAGE][PASSED] - Text 'Access for staff use only' is present on page 

2020-04-22 08:26:57 - [TEST_STEP][PASSED] - verifyTextPresent("Forgotten password?", false): Text 'Forgotten password?' is present on page 

2020-04-22 08:26:57 - [MESSAGE][PASSED] - Text 'Forgotten password?' is present on page 

2020-04-22 08:26:57 - [TEST_STEP][PASSED] - setText(findTestObject("Object Repository/WebOffice/Page_Checkatrade - Administration - Login/input_Username_LoginControlUserName"), wo_Username): Text 'DavidHo' is set on object 'Object Repository/WebOffice/Page_Checkatrade - Administration - Login/input_Username_LoginControlUserName'

2020-04-22 08:26:57 - [MESSAGE][PASSED] - Text 'DavidHo' is set on object 'Object Repository/WebOffice/Page_Checkatrade - Administration - Login/input_Username_LoginControlUserName'

2020-04-22 08:26:57 - [TEST_STEP][PASSED] - setText(findTestObject("Object Repository/WebOffice/Page_Checkatrade - Administration - Login/input_Password_LoginControlPassword"), wo_Password): Text 'Check123' is set on object 'Object Repository/WebOffice/Page_Checkatrade - Administration - Login/input_Password_LoginControlPassword'

2020-04-22 08:26:57 - [MESSAGE][PASSED] - Text 'Check123' is set on object 'Object Repository/WebOffice/Page_Checkatrade - Administration - Login/input_Password_LoginControlPassword'

2020-04-22 08:26:57 - [TEST_STEP][PASSED] - click(findTestObject("Object Repository/WebOffice/Page_Checkatrade - Administration - Login/Login_Button")): Object: 'Object Repository/WebOffice/Page_Checkatrade - Administration - Login/Login_Button' is clicked on

2020-04-22 08:26:59 - [MESSAGE][PASSED] - Object: 'Object Repository/WebOffice/Page_Checkatrade - Administration - Login/Login_Button' is clicked on

2020-04-22 08:26:59 - [TEST_STEP][PASSED] - waitForPageLoad(60): Wait for page load successfully

2020-04-22 08:26:59 - [MESSAGE][PASSED] - Wait for page load successfully

2020-04-22 08:26:59 - [TEST_STEP][PASSED] - verifyTextPresent("Welcome " + wo_Username, false): Text 'Welcome DavidHo' is present on page 

2020-04-22 08:26:59 - [MESSAGE][PASSED] - Text 'Welcome DavidHo' is present on page 

2020-04-22 08:26:59 - [MESSAGE][PASSED] - Call Test Case 'Test Cases/Reusable_Test_Sequences/Web_Office/Directives/WebOffice_StartUp' successfully

2020-04-22 08:26:59 - [TEST_STEP][PASSED] - "-----------------------------------------------------------------": null

2020-04-22 08:26:59 - [TEST_STEP][PASSED] - " Navigate to <Settings->Checkatrade.Com->Sub Item> Menu Item     |": null

2020-04-22 08:26:59 - [TEST_STEP][PASSED] - callTestCase(findTestCase("Reusable_Test_Sequences/Web_Office/Navigation/Sub_Menu_Navigation/Reports/Overnight_Import_History"), [:], STOP_ON_FAILURE): Call Test Case 'Test Cases/Reusable_Test_Sequences/Web_Office/Navigation/Sub_Menu_Navigation/Reports/Overnight_Import_History' successfully

2020-04-22 08:26:59 - [TEST_CASE][PASSED] - Test Cases/Reusable_Test_Sequences/Web_Office/Navigation/Sub_Menu_Navigation/Reports/Overnight_Import_History: Test Cases/Reusable_Test_Sequences/Web_Office/Navigation/Sub_Menu_Navigation/Reports/Overnight_Import_History

2020-04-22 08:26:59 - [TEST_STEP][PASSED] - "--------------------------------------": null

2020-04-22 08:26:59 - [TEST_STEP][PASSED] - " Navigate Top level menu Item         |": null

2020-04-22 08:26:59 - [TEST_STEP][PASSED] - waitForPageLoad(60): Wait for page load successfully

2020-04-22 08:26:59 - [MESSAGE][PASSED] - Wait for page load successfully

2020-04-22 08:26:59 - [TEST_STEP][PASSED] - waitForElementClickable(findTestObject("Object Repository/WebOffice_Home_page/a_Reports"), 60): Object 'Object Repository/WebOffice_Home_page/a_Reports' is clickable

2020-04-22 08:27:00 - [MESSAGE][PASSED] - Object 'Object Repository/WebOffice_Home_page/a_Reports' is clickable

2020-04-22 08:27:00 - [TEST_STEP][PASSED] - mouseOver(findTestObject("Object Repository/WebOffice_Home_page/a_Reports")): Object: 'Object Repository/WebOffice_Home_page/a_Reports' is hovered

2020-04-22 08:27:00 - [MESSAGE][PASSED] - Object: 'Object Repository/WebOffice_Home_page/a_Reports' is hovered

2020-04-22 08:27:00 - [TEST_STEP][PASSED] - waitForPageLoad(5): Wait for page load successfully

2020-04-22 08:27:00 - [MESSAGE][PASSED] - Wait for page load successfully

2020-04-22 08:27:00 - [TEST_STEP][PASSED] - waitForElementClickable(findTestObject("Object Repository/WebOffice_Home_page/Page_/a_Overnight Import History"), 5): Object 'Object Repository/WebOffice_Home_page/Page_/a_Overnight Import History' is clickable

2020-04-22 08:27:01 - [MESSAGE][PASSED] - Object 'Object Repository/WebOffice_Home_page/Page_/a_Overnight Import History' is clickable

2020-04-22 08:27:01 - [TEST_STEP][PASSED] - click(findTestObject("Object Repository/WebOffice_Home_page/Page_/a_Overnight Import History")): Object: 'Object Repository/WebOffice_Home_page/Page_/a_Overnight Import History' is clicked on

2020-04-22 08:27:01 - [MESSAGE][PASSED] - Object: 'Object Repository/WebOffice_Home_page/Page_/a_Overnight Import History' is clicked on

2020-04-22 08:27:01 - [MESSAGE][PASSED] - Call Test Case 'Test Cases/Reusable_Test_Sequences/Web_Office/Navigation/Sub_Menu_Navigation/Reports/Overnight_Import_History' successfully

2020-04-22 08:27:01 - [TEST_STEP][PASSED] - "--------------------------------------": null

2020-04-22 08:27:01 - [TEST_STEP][PASSED] - " Verify Returned Page Detail          |": null

2020-04-22 08:27:01 - [TEST_STEP][PASSED] - callTestCase(findTestCase("Reusable_Test_Sequences/Web_Office/Verification/Reports/Overnight_Import_History"), [:], OPTIONAL): Call Test Case 'Test Cases/Reusable_Test_Sequences/Web_Office/Verification/Reports/Overnight_Import_History' successfully

2020-04-22 08:27:01 - [TEST_CASE][PASSED] - Test Cases/Reusable_Test_Sequences/Web_Office/Verification/Reports/Overnight_Import_History: Test Cases/Reusable_Test_Sequences/Web_Office/Verification/Reports/Overnight_Import_History

2020-04-22 08:27:02 - [TEST_STEP][PASSED] - waitForPageLoad(120): Wait for page load successfully

2020-04-22 08:27:02 - [MESSAGE][PASSED] - Wait for page load successfully

2020-04-22 08:27:02 - [TEST_STEP][PASSED] - delay(1): Delayed 1 second(s)

2020-04-22 08:27:03 - [MESSAGE][PASSED] - Delayed 1 second(s)

2020-04-22 08:27:03 - [TEST_STEP][PASSED] - verifyTextPresent("Trade Register - Overnight Import Statistics", false): Text 'Trade Register - Overnight Import Statistics' is present on page 

2020-04-22 08:27:03 - [MESSAGE][PASSED] - Text 'Trade Register - Overnight Import Statistics' is present on page 

2020-04-22 08:27:03 - [TEST_STEP][PASSED] - "----------------------------------------------": null

2020-04-22 08:27:03 - [TEST_STEP][PASSED] - verifyTextPresent("Import Date", false): Text 'Import Date' is present on page 

2020-04-22 08:27:04 - [MESSAGE][PASSED] - Text 'Import Date' is present on page 

2020-04-22 08:27:04 - [TEST_STEP][PASSED] - verifyTextPresent("New Company", false): Text 'New Company' is present on page 

2020-04-22 08:27:04 - [MESSAGE][PASSED] - Text 'New Company' is present on page 

2020-04-22 08:27:04 - [TEST_STEP][PASSED] - verifyTextPresent("Modified Company", false): Text 'Modified Company' is present on page 

2020-04-22 08:27:06 - [MESSAGE][PASSED] - Text 'Modified Company' is present on page 

2020-04-22 08:27:06 - [TEST_STEP][PASSED] - verifyTextPresent("New Feedback", false): Text 'New Feedback' is present on page 

2020-04-22 08:27:06 - [MESSAGE][PASSED] - Text 'New Feedback' is present on page 

2020-04-22 08:27:06 - [TEST_STEP][PASSED] - verifyTextPresent("New Vetting Reference", false): Text 'New Vetting Reference' is present on page 

2020-04-22 08:27:06 - [MESSAGE][PASSED] - Text 'New Vetting Reference' is present on page 

2020-04-22 08:27:06 - [TEST_STEP][PASSED] - "----------------------------------------------": null

2020-04-22 08:27:06 - [TEST_STEP][PASSED] - verifyTextPresent("Thu", false): Text 'Thu' is present on page 

2020-04-22 08:27:07 - [MESSAGE][PASSED] - Text 'Thu' is present on page 

2020-04-22 08:27:07 - [TEST_STEP][PASSED] - verifyTextPresent("Wed", false): Text 'Wed' is present on page 

2020-04-22 08:27:07 - [MESSAGE][PASSED] - Text 'Wed' is present on page 

2020-04-22 08:27:07 - [TEST_STEP][PASSED] - verifyTextPresent("Mar", false): Text 'Mar' is present on page 

2020-04-22 08:27:07 - [MESSAGE][PASSED] - Text 'Mar' is present on page 

2020-04-22 08:27:07 - [TEST_STEP][PASSED] - verifyTextPresent("20", false): Text '20' is present on page 

2020-04-22 08:27:08 - [MESSAGE][PASSED] - Text '20' is present on page 

2020-04-22 08:27:08 - [TEST_STEP][PASSED] - verifyTextPresent("1", false): Text '1' is present on page 

2020-04-22 08:27:08 - [MESSAGE][PASSED] - Text '1' is present on page 

2020-04-22 08:27:08 - [MESSAGE][PASSED] - Call Test Case 'Test Cases/Reusable_Test_Sequences/Web_Office/Verification/Reports/Overnight_Import_History' successfully

2020-04-22 08:27:08 - [TEST_STEP][PASSED] - "--------------------------": null

2020-04-22 08:27:08 - [TEST_STEP][PASSED] - " Teardown - CLose Browser |": null

2020-04-22 08:27:08 - [TEST_STEP][PASSED] - callTestCase(findTestCase("Reusable_Test_Sequences/CAT_Teardown"), [:], OPTIONAL): Call Test Case 'Test Cases/Reusable_Test_Sequences/CAT_Teardown' successfully

2020-04-22 08:27:08 - [TEST_CASE][PASSED] - Test Cases/Reusable_Test_Sequences/CAT_Teardown: Test Cases/Reusable_Test_Sequences/CAT_Teardown

2020-04-22 08:27:08 - [TEST_STEP][PASSED] - closeBrowser(): Browser is closed

2020-04-22 08:27:12 - [MESSAGE][PASSED] - Browser is closed

2020-04-22 08:27:12 - [TEST_STEP][PASSED] - super.finalize(): null

2020-04-22 08:27:12 - [TEST_STEP][PASSED] - System.gc(): null

2020-04-22 08:27:12 - [MESSAGE][PASSED] - Call Test Case 'Test Cases/Reusable_Test_Sequences/CAT_Teardown' successfully]]></system-out>
         <system-err><![CDATA[]]></system-err>
      </testcase>
      <testcase name="Test Cases/Web_Office/Reports/Population_Report" time="28.694" classname="Test Cases/Web_Office/Reports/Population_Report" status="PASSED">
         <system-out><![CDATA[2020-04-22 08:27:12 - [TEST_CASE][PASSED] - Test Cases/Web_Office/Reports/Population_Report: Test Cases/Web_Office/Reports/Population_Report

2020-04-22 08:27:13 - [TEST_STEP][PASSED] - "--------------------------------------": null

2020-04-22 08:27:13 - [TEST_STEP][PASSED] - " Web Office StartUp                  |": null

2020-04-22 08:27:13 - [TEST_STEP][PASSED] - callTestCase(findTestCase("Reusable_Test_Sequences/Web_Office/Directives/WebOffice_StartUp"), [:], STOP_ON_FAILURE): Call Test Case 'Test Cases/Reusable_Test_Sequences/Web_Office/Directives/WebOffice_StartUp' successfully

2020-04-22 08:27:13 - [TEST_CASE][PASSED] - Test Cases/Reusable_Test_Sequences/Web_Office/Directives/WebOffice_StartUp: Test Cases/Reusable_Test_Sequences/Web_Office/Directives/WebOffice_StartUp

2020-04-22 08:27:13 - [TEST_STEP][PASSED] - "-----------------------------------------------------------------------------": null

2020-04-22 08:27:13 - [TEST_STEP][PASSED] - if (URL == "https://www.dev.checkatrade.com/"): null

2020-04-22 08:27:13 - [TEST_STEP][PASSED] - "-----------------------------------------------------------------------------": null

2020-04-22 08:27:13 - [TEST_STEP][PASSED] - if (URL == "https://www.checkatrade.com/"): null

2020-04-22 08:27:13 - [TEST_STEP][PASSED] - "-----------------------------------------------------------------------------": null

2020-04-22 08:27:13 - [TEST_STEP][PASSED] - if (URL == "https://www.preview.checkatrade.com/"): null

2020-04-22 08:27:13 - [TEST_STEP][PASSED] - WebOfficeURL = "https://admin.preview.checkatrade.com/": null

2020-04-22 08:27:13 - [TEST_STEP][PASSED] - if (URL == "https://www.dev2.checkatrade.com/"): null

2020-04-22 08:27:13 - [TEST_STEP][PASSED] - "Set Function Area for "URL_Handler", URL Resolution": null

2020-04-22 08:27:13 - [TEST_STEP][PASSED] - "Do Some Magic with URL(s) See the comments within URL Handler ": null

2020-04-22 08:27:13 - [TEST_STEP][PASSED] - "------------------------------------------------": null

2020-04-22 08:27:13 - [TEST_STEP][PASSED] - "Moved Login Credentials to <Default> profile 22/01/2020": null

2020-04-22 08:27:13 - [TEST_STEP][PASSED] - "------------------------------------------------": null

2020-04-22 08:27:13 - [TEST_STEP][PASSED] - "WebOfficeURL - Set from the ENVIRONMENT PROFILE ": null

2020-04-22 08:27:13 - [TEST_STEP][PASSED] - "OPEN BROWSER": null

2020-04-22 08:27:13 - [TEST_STEP][PASSED] - "eg - https://admin.preview.checkatrade.com/  ": null

2020-04-22 08:27:13 - [TEST_STEP][PASSED] - openBrowser(WebOfficeURL): Browser is opened with url: 'https://admin.preview.checkatrade.com/'

2020-04-22 08:27:13 - [MESSAGE][INFO] - Starting 'Chrome' driver

2020-04-22 08:27:13 - [MESSAGE][INFO] - Action delay is set to 0 milliseconds

2020-04-22 08:27:20 - [MESSAGE][PASSED] - Browser is opened with url: 'https://admin.preview.checkatrade.com/'

2020-04-22 08:27:20 - [TEST_STEP][PASSED] - maximizeWindow(): Current window maximized

2020-04-22 08:27:22 - [MESSAGE][PASSED] - Current window maximized

2020-04-22 08:27:22 - [TEST_STEP][PASSED] - waitForElementClickable(findTestObject("Object Repository/WebOffice/Page_Checkatrade - Administration - Login/Login_Button"), 25): Object 'Object Repository/WebOffice/Page_Checkatrade - Administration - Login/Login_Button' is clickable

2020-04-22 08:27:22 - [MESSAGE][PASSED] - Object 'Object Repository/WebOffice/Page_Checkatrade - Administration - Login/Login_Button' is clickable

2020-04-22 08:27:22 - [TEST_STEP][PASSED] - verifyTextPresent("Checkatrade Web Office", false): Text 'Checkatrade Web Office' is present on page 

2020-04-22 08:27:22 - [MESSAGE][PASSED] - Text 'Checkatrade Web Office' is present on page 

2020-04-22 08:27:22 - [TEST_STEP][PASSED] - verifyTextPresent("Access for staff use only", false): Text 'Access for staff use only' is present on page 

2020-04-22 08:27:23 - [MESSAGE][PASSED] - Text 'Access for staff use only' is present on page 

2020-04-22 08:27:23 - [TEST_STEP][PASSED] - verifyTextPresent("Forgotten password?", false): Text 'Forgotten password?' is present on page 

2020-04-22 08:27:23 - [MESSAGE][PASSED] - Text 'Forgotten password?' is present on page 

2020-04-22 08:27:23 - [TEST_STEP][PASSED] - setText(findTestObject("Object Repository/WebOffice/Page_Checkatrade - Administration - Login/input_Username_LoginControlUserName"), wo_Username): Text 'DavidHo' is set on object 'Object Repository/WebOffice/Page_Checkatrade - Administration - Login/input_Username_LoginControlUserName'

2020-04-22 08:27:24 - [MESSAGE][PASSED] - Text 'DavidHo' is set on object 'Object Repository/WebOffice/Page_Checkatrade - Administration - Login/input_Username_LoginControlUserName'

2020-04-22 08:27:24 - [TEST_STEP][PASSED] - setText(findTestObject("Object Repository/WebOffice/Page_Checkatrade - Administration - Login/input_Password_LoginControlPassword"), wo_Password): Text 'Check123' is set on object 'Object Repository/WebOffice/Page_Checkatrade - Administration - Login/input_Password_LoginControlPassword'

2020-04-22 08:27:24 - [MESSAGE][PASSED] - Text 'Check123' is set on object 'Object Repository/WebOffice/Page_Checkatrade - Administration - Login/input_Password_LoginControlPassword'

2020-04-22 08:27:24 - [TEST_STEP][PASSED] - click(findTestObject("Object Repository/WebOffice/Page_Checkatrade - Administration - Login/Login_Button")): Object: 'Object Repository/WebOffice/Page_Checkatrade - Administration - Login/Login_Button' is clicked on

2020-04-22 08:27:25 - [MESSAGE][PASSED] - Object: 'Object Repository/WebOffice/Page_Checkatrade - Administration - Login/Login_Button' is clicked on

2020-04-22 08:27:25 - [TEST_STEP][PASSED] - waitForPageLoad(60): Wait for page load successfully

2020-04-22 08:27:25 - [MESSAGE][PASSED] - Wait for page load successfully

2020-04-22 08:27:25 - [TEST_STEP][PASSED] - verifyTextPresent("Welcome " + wo_Username, false): Text 'Welcome DavidHo' is present on page 

2020-04-22 08:27:25 - [MESSAGE][PASSED] - Text 'Welcome DavidHo' is present on page 

2020-04-22 08:27:25 - [MESSAGE][PASSED] - Call Test Case 'Test Cases/Reusable_Test_Sequences/Web_Office/Directives/WebOffice_StartUp' successfully

2020-04-22 08:27:25 - [TEST_STEP][PASSED] - "-----------------------------------------------------------------": null

2020-04-22 08:27:25 - [TEST_STEP][PASSED] - " Navigate to <Settings->Checkatrade.Com->Sub Item> Menu Item     |": null

2020-04-22 08:27:25 - [TEST_STEP][PASSED] - callTestCase(findTestCase("Reusable_Test_Sequences/Web_Office/Navigation/Sub_Menu_Navigation/Reports/Population_Report"), [:], STOP_ON_FAILURE): Call Test Case 'Test Cases/Reusable_Test_Sequences/Web_Office/Navigation/Sub_Menu_Navigation/Reports/Population_Report' successfully

2020-04-22 08:27:25 - [TEST_CASE][PASSED] - Test Cases/Reusable_Test_Sequences/Web_Office/Navigation/Sub_Menu_Navigation/Reports/Population_Report: Test Cases/Reusable_Test_Sequences/Web_Office/Navigation/Sub_Menu_Navigation/Reports/Population_Report

2020-04-22 08:27:26 - [TEST_STEP][PASSED] - "--------------------------------------": null

2020-04-22 08:27:26 - [TEST_STEP][PASSED] - " Navigate Top level menu Item         |": null

2020-04-22 08:27:26 - [TEST_STEP][PASSED] - waitForPageLoad(60): Wait for page load successfully

2020-04-22 08:27:26 - [MESSAGE][PASSED] - Wait for page load successfully

2020-04-22 08:27:26 - [TEST_STEP][PASSED] - waitForElementClickable(findTestObject("Object Repository/WebOffice_Home_page/a_Reports"), 60): Object 'Object Repository/WebOffice_Home_page/a_Reports' is clickable

2020-04-22 08:27:26 - [MESSAGE][PASSED] - Object 'Object Repository/WebOffice_Home_page/a_Reports' is clickable

2020-04-22 08:27:26 - [TEST_STEP][PASSED] - mouseOver(findTestObject("Object Repository/WebOffice_Home_page/a_Reports")): Object: 'Object Repository/WebOffice_Home_page/a_Reports' is hovered

2020-04-22 08:27:27 - [MESSAGE][PASSED] - Object: 'Object Repository/WebOffice_Home_page/a_Reports' is hovered

2020-04-22 08:27:27 - [TEST_STEP][PASSED] - waitForPageLoad(5): Wait for page load successfully

2020-04-22 08:27:27 - [MESSAGE][PASSED] - Wait for page load successfully

2020-04-22 08:27:27 - [TEST_STEP][PASSED] - waitForElementClickable(findTestObject("Object Repository/WebOffice_Home_page/Page_/a_Population Report"), 5): Object 'Object Repository/WebOffice_Home_page/Page_/a_Population Report' is clickable

2020-04-22 08:27:27 - [MESSAGE][PASSED] - Object 'Object Repository/WebOffice_Home_page/Page_/a_Population Report' is clickable

2020-04-22 08:27:27 - [TEST_STEP][PASSED] - click(findTestObject("Object Repository/WebOffice_Home_page/Page_/a_Population Report")): Object: 'Object Repository/WebOffice_Home_page/Page_/a_Population Report' is clicked on

2020-04-22 08:27:28 - [MESSAGE][PASSED] - Object: 'Object Repository/WebOffice_Home_page/Page_/a_Population Report' is clicked on

2020-04-22 08:27:28 - [MESSAGE][PASSED] - Call Test Case 'Test Cases/Reusable_Test_Sequences/Web_Office/Navigation/Sub_Menu_Navigation/Reports/Population_Report' successfully

2020-04-22 08:27:28 - [TEST_STEP][PASSED] - "--------------------------------------": null

2020-04-22 08:27:28 - [TEST_STEP][PASSED] - " Verify Returned Page Detail          |": null

2020-04-22 08:27:28 - [TEST_STEP][PASSED] - callTestCase(findTestCase("Reusable_Test_Sequences/Web_Office/Verification/Reports/Population_Report"), [:], OPTIONAL): Call Test Case 'Test Cases/Reusable_Test_Sequences/Web_Office/Verification/Reports/Population_Report' successfully

2020-04-22 08:27:28 - [TEST_CASE][PASSED] - Test Cases/Reusable_Test_Sequences/Web_Office/Verification/Reports/Population_Report: Test Cases/Reusable_Test_Sequences/Web_Office/Verification/Reports/Population_Report

2020-04-22 08:27:29 - [TEST_STEP][PASSED] - waitForPageLoad(120): Wait for page load successfully

2020-04-22 08:27:29 - [MESSAGE][PASSED] - Wait for page load successfully

2020-04-22 08:27:29 - [TEST_STEP][PASSED] - delay(1): Delayed 1 second(s)

2020-04-22 08:27:30 - [MESSAGE][PASSED] - Delayed 1 second(s)

2020-04-22 08:27:30 - [TEST_STEP][PASSED] - verifyTextPresent("Searches by Location and Category", false): Text 'Searches by Location and Category' is present on page 

2020-04-22 08:27:32 - [MESSAGE][PASSED] - Text 'Searches by Location and Category' is present on page 

2020-04-22 08:27:32 - [TEST_STEP][PASSED] - "----------------------------------------------": null

2020-04-22 08:27:32 - [TEST_STEP][PASSED] - verifyTextPresent("Postcodes", false): Text 'Postcodes' is present on page 

2020-04-22 08:27:32 - [MESSAGE][PASSED] - Text 'Postcodes' is present on page 

2020-04-22 08:27:32 - [TEST_STEP][PASSED] - verifyTextPresent("Select Categories", false): Text 'Select Categories' is present on page 

2020-04-22 08:27:33 - [MESSAGE][PASSED] - Text 'Select Categories' is present on page 

2020-04-22 08:27:33 - [TEST_STEP][PASSED] - verifyTextPresent("Search Radiuse", false): Text 'Search Radiuse' is present on page 

2020-04-22 08:27:34 - [MESSAGE][PASSED] - Text 'Search Radiuse' is present on page 

2020-04-22 08:27:34 - [TEST_STEP][PASSED] - verifyTextPresent("Included postcodes based on search radius", false): Text 'Included postcodes based on search radius' is present on page 

2020-04-22 08:27:35 - [MESSAGE][PASSED] - Text 'Included postcodes based on search radius' is present on page 

2020-04-22 08:27:35 - [TEST_STEP][PASSED] - verifyTextPresent("Select Date Range", false): Text 'Select Date Range' is present on page 

2020-04-22 08:27:36 - [MESSAGE][PASSED] - Text 'Select Date Range' is present on page 

2020-04-22 08:27:36 - [TEST_STEP][PASSED] - verifyTextPresent("Populate Grid", false): Text 'Populate Grid' is present on page 

2020-04-22 08:27:37 - [MESSAGE][PASSED] - Text 'Populate Grid' is present on page 

2020-04-22 08:27:37 - [TEST_STEP][PASSED] - verifyTextPresent("Note: Be patient, to show the final", false): Text 'Note: Be patient, to show the final' is present on page 

2020-04-22 08:27:38 - [MESSAGE][PASSED] - Text 'Note: Be patient, to show the final' is present on page 

2020-04-22 08:27:38 - [TEST_STEP][PASSED] - verifyTextPresent("result may take some time,", false): Text 'result may take some time,' is present on page 

2020-04-22 08:27:39 - [MESSAGE][PASSED] - Text 'result may take some time,' is present on page 

2020-04-22 08:27:39 - [TEST_STEP][PASSED] - verifyTextPresent("depending on the number of postcodes,", false): Text 'depending on the number of postcodes,' is present on page 

2020-04-22 08:27:40 - [MESSAGE][PASSED] - Text 'depending on the number of postcodes,' is present on page 

2020-04-22 08:27:40 - [TEST_STEP][PASSED] - verifyTextPresent("radius and categories selected!", false): Text 'radius and categories selected!' is present on page 

2020-04-22 08:27:40 - [MESSAGE][PASSED] - Text 'radius and categories selected!' is present on page 

2020-04-22 08:27:40 - [MESSAGE][PASSED] - Call Test Case 'Test Cases/Reusable_Test_Sequences/Web_Office/Verification/Reports/Population_Report' successfully

2020-04-22 08:27:40 - [TEST_STEP][PASSED] - "--------------------------": null

2020-04-22 08:27:40 - [TEST_STEP][PASSED] - " Teardown - CLose Browser |": null

2020-04-22 08:27:40 - [TEST_STEP][PASSED] - callTestCase(findTestCase("Reusable_Test_Sequences/CAT_Teardown"), [:], OPTIONAL): Call Test Case 'Test Cases/Reusable_Test_Sequences/CAT_Teardown' successfully

2020-04-22 08:27:40 - [TEST_CASE][PASSED] - Test Cases/Reusable_Test_Sequences/CAT_Teardown: Test Cases/Reusable_Test_Sequences/CAT_Teardown

2020-04-22 08:27:40 - [TEST_STEP][PASSED] - closeBrowser(): Browser is closed

2020-04-22 08:27:41 - [MESSAGE][PASSED] - Browser is closed

2020-04-22 08:27:41 - [TEST_STEP][PASSED] - super.finalize(): null

2020-04-22 08:27:41 - [TEST_STEP][PASSED] - System.gc(): null

2020-04-22 08:27:41 - [MESSAGE][PASSED] - Call Test Case 'Test Cases/Reusable_Test_Sequences/CAT_Teardown' successfully]]></system-out>
         <system-err><![CDATA[]]></system-err>
      </testcase>
      <testcase name="Test Cases/Web_Office/Reports/Exclusion_Report" time="15.757" classname="Test Cases/Web_Office/Reports/Exclusion_Report" status="PASSED">
         <system-out><![CDATA[2020-04-22 08:27:41 - [TEST_CASE][PASSED] - Test Cases/Web_Office/Reports/Exclusion_Report: Test Cases/Web_Office/Reports/Exclusion_Report

2020-04-22 08:27:42 - [TEST_STEP][PASSED] - "--------------------------------------": null

2020-04-22 08:27:42 - [TEST_STEP][PASSED] - " Web Office StartUp                  |": null

2020-04-22 08:27:42 - [TEST_STEP][PASSED] - callTestCase(findTestCase("Reusable_Test_Sequences/Web_Office/Directives/WebOffice_StartUp"), [:], STOP_ON_FAILURE): Call Test Case 'Test Cases/Reusable_Test_Sequences/Web_Office/Directives/WebOffice_StartUp' successfully

2020-04-22 08:27:42 - [TEST_CASE][PASSED] - Test Cases/Reusable_Test_Sequences/Web_Office/Directives/WebOffice_StartUp: Test Cases/Reusable_Test_Sequences/Web_Office/Directives/WebOffice_StartUp

2020-04-22 08:27:42 - [TEST_STEP][PASSED] - "-----------------------------------------------------------------------------": null

2020-04-22 08:27:42 - [TEST_STEP][PASSED] - if (URL == "https://www.dev.checkatrade.com/"): null

2020-04-22 08:27:42 - [TEST_STEP][PASSED] - "-----------------------------------------------------------------------------": null

2020-04-22 08:27:42 - [TEST_STEP][PASSED] - if (URL == "https://www.checkatrade.com/"): null

2020-04-22 08:27:42 - [TEST_STEP][PASSED] - "-----------------------------------------------------------------------------": null

2020-04-22 08:27:42 - [TEST_STEP][PASSED] - if (URL == "https://www.preview.checkatrade.com/"): null

2020-04-22 08:27:42 - [TEST_STEP][PASSED] - WebOfficeURL = "https://admin.preview.checkatrade.com/": null

2020-04-22 08:27:42 - [TEST_STEP][PASSED] - if (URL == "https://www.dev2.checkatrade.com/"): null

2020-04-22 08:27:42 - [TEST_STEP][PASSED] - "Set Function Area for "URL_Handler", URL Resolution": null

2020-04-22 08:27:42 - [TEST_STEP][PASSED] - "Do Some Magic with URL(s) See the comments within URL Handler ": null

2020-04-22 08:27:42 - [TEST_STEP][PASSED] - "------------------------------------------------": null

2020-04-22 08:27:42 - [TEST_STEP][PASSED] - "Moved Login Credentials to <Default> profile 22/01/2020": null

2020-04-22 08:27:42 - [TEST_STEP][PASSED] - "------------------------------------------------": null

2020-04-22 08:27:42 - [TEST_STEP][PASSED] - "WebOfficeURL - Set from the ENVIRONMENT PROFILE ": null

2020-04-22 08:27:42 - [TEST_STEP][PASSED] - "OPEN BROWSER": null

2020-04-22 08:27:42 - [TEST_STEP][PASSED] - "eg - https://admin.preview.checkatrade.com/  ": null

2020-04-22 08:27:42 - [TEST_STEP][PASSED] - openBrowser(WebOfficeURL): Browser is opened with url: 'https://admin.preview.checkatrade.com/'

2020-04-22 08:27:42 - [MESSAGE][INFO] - Starting 'Chrome' driver

2020-04-22 08:27:42 - [MESSAGE][INFO] - Action delay is set to 0 milliseconds

2020-04-22 08:27:47 - [MESSAGE][PASSED] - Browser is opened with url: 'https://admin.preview.checkatrade.com/'

2020-04-22 08:27:47 - [TEST_STEP][PASSED] - maximizeWindow(): Current window maximized

2020-04-22 08:27:49 - [MESSAGE][PASSED] - Current window maximized

2020-04-22 08:27:49 - [TEST_STEP][PASSED] - waitForElementClickable(findTestObject("Object Repository/WebOffice/Page_Checkatrade - Administration - Login/Login_Button"), 25): Object 'Object Repository/WebOffice/Page_Checkatrade - Administration - Login/Login_Button' is clickable

2020-04-22 08:27:49 - [MESSAGE][PASSED] - Object 'Object Repository/WebOffice/Page_Checkatrade - Administration - Login/Login_Button' is clickable

2020-04-22 08:27:49 - [TEST_STEP][PASSED] - verifyTextPresent("Checkatrade Web Office", false): Text 'Checkatrade Web Office' is present on page 

2020-04-22 08:27:49 - [MESSAGE][PASSED] - Text 'Checkatrade Web Office' is present on page 

2020-04-22 08:27:49 - [TEST_STEP][PASSED] - verifyTextPresent("Access for staff use only", false): Text 'Access for staff use only' is present on page 

2020-04-22 08:27:49 - [MESSAGE][PASSED] - Text 'Access for staff use only' is present on page 

2020-04-22 08:27:49 - [TEST_STEP][PASSED] - verifyTextPresent("Forgotten password?", false): Text 'Forgotten password?' is present on page 

2020-04-22 08:27:50 - [MESSAGE][PASSED] - Text 'Forgotten password?' is present on page 

2020-04-22 08:27:50 - [TEST_STEP][PASSED] - setText(findTestObject("Object Repository/WebOffice/Page_Checkatrade - Administration - Login/input_Username_LoginControlUserName"), wo_Username): Text 'DavidHo' is set on object 'Object Repository/WebOffice/Page_Checkatrade - Administration - Login/input_Username_LoginControlUserName'

2020-04-22 08:27:50 - [MESSAGE][PASSED] - Text 'DavidHo' is set on object 'Object Repository/WebOffice/Page_Checkatrade - Administration - Login/input_Username_LoginControlUserName'

2020-04-22 08:27:50 - [TEST_STEP][PASSED] - setText(findTestObject("Object Repository/WebOffice/Page_Checkatrade - Administration - Login/input_Password_LoginControlPassword"), wo_Password): Text 'Check123' is set on object 'Object Repository/WebOffice/Page_Checkatrade - Administration - Login/input_Password_LoginControlPassword'

2020-04-22 08:27:50 - [MESSAGE][PASSED] - Text 'Check123' is set on object 'Object Repository/WebOffice/Page_Checkatrade - Administration - Login/input_Password_LoginControlPassword'

2020-04-22 08:27:50 - [TEST_STEP][PASSED] - click(findTestObject("Object Repository/WebOffice/Page_Checkatrade - Administration - Login/Login_Button")): Object: 'Object Repository/WebOffice/Page_Checkatrade - Administration - Login/Login_Button' is clicked on

2020-04-22 08:27:51 - [MESSAGE][PASSED] - Object: 'Object Repository/WebOffice/Page_Checkatrade - Administration - Login/Login_Button' is clicked on

2020-04-22 08:27:51 - [TEST_STEP][PASSED] - waitForPageLoad(60): Wait for page load successfully

2020-04-22 08:27:51 - [MESSAGE][PASSED] - Wait for page load successfully

2020-04-22 08:27:51 - [TEST_STEP][PASSED] - verifyTextPresent("Welcome " + wo_Username, false): Text 'Welcome DavidHo' is present on page 

2020-04-22 08:27:51 - [MESSAGE][PASSED] - Text 'Welcome DavidHo' is present on page 

2020-04-22 08:27:51 - [MESSAGE][PASSED] - Call Test Case 'Test Cases/Reusable_Test_Sequences/Web_Office/Directives/WebOffice_StartUp' successfully

2020-04-22 08:27:51 - [TEST_STEP][PASSED] - "-----------------------------------------------------------------": null

2020-04-22 08:27:51 - [TEST_STEP][PASSED] - " Navigate to <Settings->Checkatrade.Com->Sub Item> Menu Item     |": null

2020-04-22 08:27:51 - [TEST_STEP][PASSED] - callTestCase(findTestCase("Reusable_Test_Sequences/Web_Office/Navigation/Sub_Menu_Navigation/Reports/Exclusion_Report"), [:], STOP_ON_FAILURE): Call Test Case 'Test Cases/Reusable_Test_Sequences/Web_Office/Navigation/Sub_Menu_Navigation/Reports/Exclusion_Report' successfully

2020-04-22 08:27:51 - [TEST_CASE][PASSED] - Test Cases/Reusable_Test_Sequences/Web_Office/Navigation/Sub_Menu_Navigation/Reports/Exclusion_Report: Test Cases/Reusable_Test_Sequences/Web_Office/Navigation/Sub_Menu_Navigation/Reports/Exclusion_Report

2020-04-22 08:27:51 - [TEST_STEP][PASSED] - "--------------------------------------": null

2020-04-22 08:27:51 - [TEST_STEP][PASSED] - " Navigate Top level menu Item         |": null

2020-04-22 08:27:51 - [TEST_STEP][PASSED] - waitForPageLoad(60): Wait for page load successfully

2020-04-22 08:27:51 - [MESSAGE][PASSED] - Wait for page load successfully

2020-04-22 08:27:51 - [TEST_STEP][PASSED] - waitForElementClickable(findTestObject("Object Repository/WebOffice_Home_page/a_Reports"), 60): Object 'Object Repository/WebOffice_Home_page/a_Reports' is clickable

2020-04-22 08:27:51 - [MESSAGE][PASSED] - Object 'Object Repository/WebOffice_Home_page/a_Reports' is clickable

2020-04-22 08:27:51 - [TEST_STEP][PASSED] - mouseOver(findTestObject("Object Repository/WebOffice_Home_page/a_Reports")): Object: 'Object Repository/WebOffice_Home_page/a_Reports' is hovered

2020-04-22 08:27:51 - [MESSAGE][PASSED] - Object: 'Object Repository/WebOffice_Home_page/a_Reports' is hovered

2020-04-22 08:27:51 - [TEST_STEP][PASSED] - waitForPageLoad(5): Wait for page load successfully

2020-04-22 08:27:51 - [MESSAGE][PASSED] - Wait for page load successfully

2020-04-22 08:27:51 - [TEST_STEP][PASSED] - waitForElementClickable(findTestObject("Object Repository/WebOffice_Home_page/Page_/a_Exclusion Report"), 5): Object 'Object Repository/WebOffice_Home_page/Page_/a_Exclusion Report' is clickable

2020-04-22 08:27:52 - [MESSAGE][PASSED] - Object 'Object Repository/WebOffice_Home_page/Page_/a_Exclusion Report' is clickable

2020-04-22 08:27:52 - [TEST_STEP][PASSED] - click(findTestObject("Object Repository/WebOffice_Home_page/Page_/a_Exclusion Report")): Object: 'Object Repository/WebOffice_Home_page/Page_/a_Exclusion Report' is clicked on

2020-04-22 08:27:52 - [MESSAGE][PASSED] - Object: 'Object Repository/WebOffice_Home_page/Page_/a_Exclusion Report' is clicked on

2020-04-22 08:27:52 - [MESSAGE][PASSED] - Call Test Case 'Test Cases/Reusable_Test_Sequences/Web_Office/Navigation/Sub_Menu_Navigation/Reports/Exclusion_Report' successfully

2020-04-22 08:27:52 - [TEST_STEP][PASSED] - "--------------------------------------": null

2020-04-22 08:27:52 - [TEST_STEP][PASSED] - " Verify Returned Page Detail          |": null

2020-04-22 08:27:52 - [TEST_STEP][PASSED] - callTestCase(findTestCase("Reusable_Test_Sequences/Web_Office/Verification/Reports/Exclusion_Report"), [:], OPTIONAL): Call Test Case 'Test Cases/Reusable_Test_Sequences/Web_Office/Verification/Reports/Exclusion_Report' successfully

2020-04-22 08:27:52 - [TEST_CASE][PASSED] - Test Cases/Reusable_Test_Sequences/Web_Office/Verification/Reports/Exclusion_Report: Test Cases/Reusable_Test_Sequences/Web_Office/Verification/Reports/Exclusion_Report

2020-04-22 08:27:52 - [TEST_STEP][PASSED] - waitForPageLoad(120): Wait for page load successfully

2020-04-22 08:27:52 - [MESSAGE][PASSED] - Wait for page load successfully

2020-04-22 08:27:52 - [TEST_STEP][PASSED] - delay(1): Delayed 1 second(s)

2020-04-22 08:27:53 - [MESSAGE][PASSED] - Delayed 1 second(s)

2020-04-22 08:27:53 - [TEST_STEP][PASSED] - verifyTextPresent("Exclusion Report", false): Text 'Exclusion Report' is present on page 

2020-04-22 08:27:54 - [MESSAGE][PASSED] - Text 'Exclusion Report' is present on page 

2020-04-22 08:27:54 - [TEST_STEP][PASSED] - "----------------------------------------------": null

2020-04-22 08:27:54 - [TEST_STEP][PASSED] - verifyTextPresent("Filters", false): Text 'Filters' is present on page 

2020-04-22 08:27:54 - [MESSAGE][PASSED] - Text 'Filters' is present on page 

2020-04-22 08:27:54 - [TEST_STEP][PASSED] - verifyTextPresent("Start Date", false): Text 'Start Date' is present on page 

2020-04-22 08:27:54 - [MESSAGE][PASSED] - Text 'Start Date' is present on page 

2020-04-22 08:27:54 - [TEST_STEP][PASSED] - verifyTextPresent("End Date", false): Text 'End Date' is present on page 

2020-04-22 08:27:54 - [MESSAGE][PASSED] - Text 'End Date' is present on page 

2020-04-22 08:27:54 - [TEST_STEP][PASSED] - verifyTextPresent("Membership level", false): Text 'Membership level' is present on page 

2020-04-22 08:27:54 - [MESSAGE][PASSED] - Text 'Membership level' is present on page 

2020-04-22 08:27:54 - [MESSAGE][PASSED] - Call Test Case 'Test Cases/Reusable_Test_Sequences/Web_Office/Verification/Reports/Exclusion_Report' successfully

2020-04-22 08:27:54 - [TEST_STEP][PASSED] - "--------------------------": null

2020-04-22 08:27:54 - [TEST_STEP][PASSED] - " Teardown - CLose Browser |": null

2020-04-22 08:27:54 - [TEST_STEP][PASSED] - callTestCase(findTestCase("Reusable_Test_Sequences/CAT_Teardown"), [:], OPTIONAL): Call Test Case 'Test Cases/Reusable_Test_Sequences/CAT_Teardown' successfully

2020-04-22 08:27:54 - [TEST_CASE][PASSED] - Test Cases/Reusable_Test_Sequences/CAT_Teardown: Test Cases/Reusable_Test_Sequences/CAT_Teardown

2020-04-22 08:27:54 - [TEST_STEP][PASSED] - closeBrowser(): Browser is closed

2020-04-22 08:27:57 - [MESSAGE][PASSED] - Browser is closed

2020-04-22 08:27:57 - [TEST_STEP][PASSED] - super.finalize(): null

2020-04-22 08:27:57 - [TEST_STEP][PASSED] - System.gc(): null

2020-04-22 08:27:57 - [MESSAGE][PASSED] - Call Test Case 'Test Cases/Reusable_Test_Sequences/CAT_Teardown' successfully]]></system-out>
         <system-err><![CDATA[]]></system-err>
      </testcase>
      <testcase name="Test Cases/Web_Office/Reports/Retentions" time="16.25" classname="Test Cases/Web_Office/Reports/Retentions" status="PASSED">
         <system-out><![CDATA[2020-04-22 08:27:57 - [TEST_CASE][PASSED] - Test Cases/Web_Office/Reports/Retentions: Test Cases/Web_Office/Reports/Retentions

2020-04-22 08:27:57 - [TEST_STEP][PASSED] - "--------------------------------------": null

2020-04-22 08:27:57 - [TEST_STEP][PASSED] - " Web Office StartUp                  |": null

2020-04-22 08:27:57 - [TEST_STEP][PASSED] - callTestCase(findTestCase("Reusable_Test_Sequences/Web_Office/Directives/WebOffice_StartUp"), [:], STOP_ON_FAILURE): Call Test Case 'Test Cases/Reusable_Test_Sequences/Web_Office/Directives/WebOffice_StartUp' successfully

2020-04-22 08:27:57 - [TEST_CASE][PASSED] - Test Cases/Reusable_Test_Sequences/Web_Office/Directives/WebOffice_StartUp: Test Cases/Reusable_Test_Sequences/Web_Office/Directives/WebOffice_StartUp

2020-04-22 08:27:57 - [TEST_STEP][PASSED] - "-----------------------------------------------------------------------------": null

2020-04-22 08:27:57 - [TEST_STEP][PASSED] - if (URL == "https://www.dev.checkatrade.com/"): null

2020-04-22 08:27:57 - [TEST_STEP][PASSED] - "-----------------------------------------------------------------------------": null

2020-04-22 08:27:57 - [TEST_STEP][PASSED] - if (URL == "https://www.checkatrade.com/"): null

2020-04-22 08:27:57 - [TEST_STEP][PASSED] - "-----------------------------------------------------------------------------": null

2020-04-22 08:27:57 - [TEST_STEP][PASSED] - if (URL == "https://www.preview.checkatrade.com/"): null

2020-04-22 08:27:57 - [TEST_STEP][PASSED] - WebOfficeURL = "https://admin.preview.checkatrade.com/": null

2020-04-22 08:27:57 - [TEST_STEP][PASSED] - if (URL == "https://www.dev2.checkatrade.com/"): null

2020-04-22 08:27:57 - [TEST_STEP][PASSED] - "Set Function Area for "URL_Handler", URL Resolution": null

2020-04-22 08:27:57 - [TEST_STEP][PASSED] - "Do Some Magic with URL(s) See the comments within URL Handler ": null

2020-04-22 08:27:57 - [TEST_STEP][PASSED] - "------------------------------------------------": null

2020-04-22 08:27:57 - [TEST_STEP][PASSED] - "Moved Login Credentials to <Default> profile 22/01/2020": null

2020-04-22 08:27:57 - [TEST_STEP][PASSED] - "------------------------------------------------": null

2020-04-22 08:27:57 - [TEST_STEP][PASSED] - "WebOfficeURL - Set from the ENVIRONMENT PROFILE ": null

2020-04-22 08:27:57 - [TEST_STEP][PASSED] - "OPEN BROWSER": null

2020-04-22 08:27:57 - [TEST_STEP][PASSED] - "eg - https://admin.preview.checkatrade.com/  ": null

2020-04-22 08:27:57 - [TEST_STEP][PASSED] - openBrowser(WebOfficeURL): Browser is opened with url: 'https://admin.preview.checkatrade.com/'

2020-04-22 08:27:57 - [MESSAGE][INFO] - Starting 'Chrome' driver

2020-04-22 08:27:57 - [MESSAGE][INFO] - Action delay is set to 0 milliseconds

2020-04-22 08:28:02 - [MESSAGE][PASSED] - Browser is opened with url: 'https://admin.preview.checkatrade.com/'

2020-04-22 08:28:02 - [TEST_STEP][PASSED] - maximizeWindow(): Current window maximized

2020-04-22 08:28:04 - [MESSAGE][PASSED] - Current window maximized

2020-04-22 08:28:04 - [TEST_STEP][PASSED] - waitForElementClickable(findTestObject("Object Repository/WebOffice/Page_Checkatrade - Administration - Login/Login_Button"), 25): Object 'Object Repository/WebOffice/Page_Checkatrade - Administration - Login/Login_Button' is clickable

2020-04-22 08:28:04 - [MESSAGE][PASSED] - Object 'Object Repository/WebOffice/Page_Checkatrade - Administration - Login/Login_Button' is clickable

2020-04-22 08:28:04 - [TEST_STEP][PASSED] - verifyTextPresent("Checkatrade Web Office", false): Text 'Checkatrade Web Office' is present on page 

2020-04-22 08:28:04 - [MESSAGE][PASSED] - Text 'Checkatrade Web Office' is present on page 

2020-04-22 08:28:04 - [TEST_STEP][PASSED] - verifyTextPresent("Access for staff use only", false): Text 'Access for staff use only' is present on page 

2020-04-22 08:28:04 - [MESSAGE][PASSED] - Text 'Access for staff use only' is present on page 

2020-04-22 08:28:04 - [TEST_STEP][PASSED] - verifyTextPresent("Forgotten password?", false): Text 'Forgotten password?' is present on page 

2020-04-22 08:28:04 - [MESSAGE][PASSED] - Text 'Forgotten password?' is present on page 

2020-04-22 08:28:04 - [TEST_STEP][PASSED] - setText(findTestObject("Object Repository/WebOffice/Page_Checkatrade - Administration - Login/input_Username_LoginControlUserName"), wo_Username): Text 'DavidHo' is set on object 'Object Repository/WebOffice/Page_Checkatrade - Administration - Login/input_Username_LoginControlUserName'

2020-04-22 08:28:05 - [MESSAGE][PASSED] - Text 'DavidHo' is set on object 'Object Repository/WebOffice/Page_Checkatrade - Administration - Login/input_Username_LoginControlUserName'

2020-04-22 08:28:05 - [TEST_STEP][PASSED] - setText(findTestObject("Object Repository/WebOffice/Page_Checkatrade - Administration - Login/input_Password_LoginControlPassword"), wo_Password): Text 'Check123' is set on object 'Object Repository/WebOffice/Page_Checkatrade - Administration - Login/input_Password_LoginControlPassword'

2020-04-22 08:28:05 - [MESSAGE][PASSED] - Text 'Check123' is set on object 'Object Repository/WebOffice/Page_Checkatrade - Administration - Login/input_Password_LoginControlPassword'

2020-04-22 08:28:05 - [TEST_STEP][PASSED] - click(findTestObject("Object Repository/WebOffice/Page_Checkatrade - Administration - Login/Login_Button")): Object: 'Object Repository/WebOffice/Page_Checkatrade - Administration - Login/Login_Button' is clicked on

2020-04-22 08:28:09 - [MESSAGE][PASSED] - Object: 'Object Repository/WebOffice/Page_Checkatrade - Administration - Login/Login_Button' is clicked on

2020-04-22 08:28:09 - [TEST_STEP][PASSED] - waitForPageLoad(60): Wait for page load successfully

2020-04-22 08:28:09 - [MESSAGE][PASSED] - Wait for page load successfully

2020-04-22 08:28:09 - [TEST_STEP][PASSED] - verifyTextPresent("Welcome " + wo_Username, false): Text 'Welcome DavidHo' is present on page 

2020-04-22 08:28:09 - [MESSAGE][PASSED] - Text 'Welcome DavidHo' is present on page 

2020-04-22 08:28:09 - [MESSAGE][PASSED] - Call Test Case 'Test Cases/Reusable_Test_Sequences/Web_Office/Directives/WebOffice_StartUp' successfully

2020-04-22 08:28:09 - [TEST_STEP][PASSED] - "-----------------------------------------------------------------": null

2020-04-22 08:28:09 - [TEST_STEP][PASSED] - " Navigate to <Settings->Checkatrade.Com->Sub Item> Menu Item     |": null

2020-04-22 08:28:09 - [TEST_STEP][PASSED] - callTestCase(findTestCase("Reusable_Test_Sequences/Web_Office/Navigation/Sub_Menu_Navigation/Reports/Retentions"), [:], STOP_ON_FAILURE): Call Test Case 'Test Cases/Reusable_Test_Sequences/Web_Office/Navigation/Sub_Menu_Navigation/Reports/Retentions' successfully

2020-04-22 08:28:09 - [TEST_CASE][PASSED] - Test Cases/Reusable_Test_Sequences/Web_Office/Navigation/Sub_Menu_Navigation/Reports/Retentions: Test Cases/Reusable_Test_Sequences/Web_Office/Navigation/Sub_Menu_Navigation/Reports/Retentions

2020-04-22 08:28:10 - [TEST_STEP][PASSED] - "--------------------------------------": null

2020-04-22 08:28:10 - [TEST_STEP][PASSED] - " Navigate Top level menu Item         |": null

2020-04-22 08:28:10 - [TEST_STEP][PASSED] - waitForPageLoad(60): Wait for page load successfully

2020-04-22 08:28:10 - [MESSAGE][PASSED] - Wait for page load successfully

2020-04-22 08:28:10 - [TEST_STEP][PASSED] - waitForElementClickable(findTestObject("Object Repository/WebOffice_Home_page/a_Reports"), 60): Object 'Object Repository/WebOffice_Home_page/a_Reports' is clickable

2020-04-22 08:28:10 - [MESSAGE][PASSED] - Object 'Object Repository/WebOffice_Home_page/a_Reports' is clickable

2020-04-22 08:28:10 - [TEST_STEP][PASSED] - mouseOver(findTestObject("Object Repository/WebOffice_Home_page/a_Reports")): Object: 'Object Repository/WebOffice_Home_page/a_Reports' is hovered

2020-04-22 08:28:10 - [MESSAGE][PASSED] - Object: 'Object Repository/WebOffice_Home_page/a_Reports' is hovered

2020-04-22 08:28:10 - [TEST_STEP][PASSED] - waitForPageLoad(5): Wait for page load successfully

2020-04-22 08:28:10 - [MESSAGE][PASSED] - Wait for page load successfully

2020-04-22 08:28:10 - [TEST_STEP][PASSED] - waitForElementClickable(findTestObject("Object Repository/WebOffice_Home_page/Page_/a_Retentions"), 5): Object 'Object Repository/WebOffice_Home_page/Page_/a_Retentions' is clickable

2020-04-22 08:28:10 - [MESSAGE][PASSED] - Object 'Object Repository/WebOffice_Home_page/Page_/a_Retentions' is clickable

2020-04-22 08:28:10 - [TEST_STEP][PASSED] - click(findTestObject("Object Repository/WebOffice_Home_page/Page_/a_Retentions")): Object: 'Object Repository/WebOffice_Home_page/Page_/a_Retentions' is clicked on

2020-04-22 08:28:11 - [MESSAGE][PASSED] - Object: 'Object Repository/WebOffice_Home_page/Page_/a_Retentions' is clicked on

2020-04-22 08:28:11 - [MESSAGE][PASSED] - Call Test Case 'Test Cases/Reusable_Test_Sequences/Web_Office/Navigation/Sub_Menu_Navigation/Reports/Retentions' successfully

2020-04-22 08:28:11 - [TEST_STEP][PASSED] - "--------------------------------------": null

2020-04-22 08:28:11 - [TEST_STEP][PASSED] - " Verify Returned Page Detail          |": null

2020-04-22 08:28:11 - [TEST_STEP][PASSED] - callTestCase(findTestCase("Reusable_Test_Sequences/Web_Office/Verification/Reports/Retentions"), [:], OPTIONAL): Call Test Case 'Test Cases/Reusable_Test_Sequences/Web_Office/Verification/Reports/Retentions' successfully

2020-04-22 08:28:11 - [TEST_CASE][PASSED] - Test Cases/Reusable_Test_Sequences/Web_Office/Verification/Reports/Retentions: Test Cases/Reusable_Test_Sequences/Web_Office/Verification/Reports/Retentions

2020-04-22 08:28:11 - [TEST_STEP][PASSED] - waitForPageLoad(120): Wait for page load successfully

2020-04-22 08:28:11 - [MESSAGE][PASSED] - Wait for page load successfully

2020-04-22 08:28:11 - [TEST_STEP][PASSED] - delay(1): Delayed 1 second(s)

2020-04-22 08:28:12 - [MESSAGE][PASSED] - Delayed 1 second(s)

2020-04-22 08:28:12 - [TEST_STEP][PASSED] - verifyTextPresent("Retention Expiry Report 40 days", false): Text 'Retention Expiry Report 40 days' is present on page 

2020-04-22 08:28:12 - [MESSAGE][PASSED] - Text 'Retention Expiry Report 40 days' is present on page 

2020-04-22 08:28:12 - [TEST_STEP][PASSED] - "----------------------------------------------": null

2020-04-22 08:28:12 - [TEST_STEP][PASSED] - "----------------------------------------------": null

2020-04-22 08:28:12 - [TEST_STEP][PASSED] - verifyTextPresent("Date From", false): Text 'Date From' is present on page 

2020-04-22 08:28:12 - [MESSAGE][PASSED] - Text 'Date From' is present on page 

2020-04-22 08:28:12 - [TEST_STEP][PASSED] - verifyTextPresent("Date To", false): Text 'Date To' is present on page 

2020-04-22 08:28:12 - [MESSAGE][PASSED] - Text 'Date To' is present on page 

2020-04-22 08:28:12 - [MESSAGE][PASSED] - Call Test Case 'Test Cases/Reusable_Test_Sequences/Web_Office/Verification/Reports/Retentions' successfully

2020-04-22 08:28:12 - [TEST_STEP][PASSED] - "--------------------------": null

2020-04-22 08:28:12 - [TEST_STEP][PASSED] - " Teardown - CLose Browser |": null

2020-04-22 08:28:12 - [TEST_STEP][PASSED] - callTestCase(findTestCase("Reusable_Test_Sequences/CAT_Teardown"), [:], OPTIONAL): Call Test Case 'Test Cases/Reusable_Test_Sequences/CAT_Teardown' successfully

2020-04-22 08:28:12 - [TEST_CASE][PASSED] - Test Cases/Reusable_Test_Sequences/CAT_Teardown: Test Cases/Reusable_Test_Sequences/CAT_Teardown

2020-04-22 08:28:12 - [TEST_STEP][PASSED] - closeBrowser(): Browser is closed

2020-04-22 08:28:13 - [MESSAGE][PASSED] - Browser is closed

2020-04-22 08:28:13 - [TEST_STEP][PASSED] - super.finalize(): null

2020-04-22 08:28:13 - [TEST_STEP][PASSED] - System.gc(): null

2020-04-22 08:28:13 - [MESSAGE][PASSED] - Call Test Case 'Test Cases/Reusable_Test_Sequences/CAT_Teardown' successfully]]></system-out>
         <system-err><![CDATA[]]></system-err>
      </testcase>
      <testcase name="Test Cases/Web_Office/Reports/Partner_Franchise" time="14.911" classname="Test Cases/Web_Office/Reports/Partner_Franchise" status="PASSED">
         <system-out><![CDATA[2020-04-22 08:28:13 - [TEST_CASE][PASSED] - Test Cases/Web_Office/Reports/Partner_Franchise: Test Cases/Web_Office/Reports/Partner_Franchise

2020-04-22 08:28:13 - [TEST_STEP][PASSED] - "--------------------------------------": null

2020-04-22 08:28:13 - [TEST_STEP][PASSED] - " Web Office StartUp                  |": null

2020-04-22 08:28:13 - [TEST_STEP][PASSED] - callTestCase(findTestCase("Reusable_Test_Sequences/Web_Office/Directives/WebOffice_StartUp"), [:], STOP_ON_FAILURE): Call Test Case 'Test Cases/Reusable_Test_Sequences/Web_Office/Directives/WebOffice_StartUp' successfully

2020-04-22 08:28:13 - [TEST_CASE][PASSED] - Test Cases/Reusable_Test_Sequences/Web_Office/Directives/WebOffice_StartUp: Test Cases/Reusable_Test_Sequences/Web_Office/Directives/WebOffice_StartUp

2020-04-22 08:28:13 - [TEST_STEP][PASSED] - "-----------------------------------------------------------------------------": null

2020-04-22 08:28:13 - [TEST_STEP][PASSED] - if (URL == "https://www.dev.checkatrade.com/"): null

2020-04-22 08:28:13 - [TEST_STEP][PASSED] - "-----------------------------------------------------------------------------": null

2020-04-22 08:28:13 - [TEST_STEP][PASSED] - if (URL == "https://www.checkatrade.com/"): null

2020-04-22 08:28:13 - [TEST_STEP][PASSED] - "-----------------------------------------------------------------------------": null

2020-04-22 08:28:13 - [TEST_STEP][PASSED] - if (URL == "https://www.preview.checkatrade.com/"): null

2020-04-22 08:28:13 - [TEST_STEP][PASSED] - WebOfficeURL = "https://admin.preview.checkatrade.com/": null

2020-04-22 08:28:13 - [TEST_STEP][PASSED] - if (URL == "https://www.dev2.checkatrade.com/"): null

2020-04-22 08:28:13 - [TEST_STEP][PASSED] - "Set Function Area for "URL_Handler", URL Resolution": null

2020-04-22 08:28:13 - [TEST_STEP][PASSED] - "Do Some Magic with URL(s) See the comments within URL Handler ": null

2020-04-22 08:28:13 - [TEST_STEP][PASSED] - "------------------------------------------------": null

2020-04-22 08:28:13 - [TEST_STEP][PASSED] - "Moved Login Credentials to <Default> profile 22/01/2020": null

2020-04-22 08:28:13 - [TEST_STEP][PASSED] - "------------------------------------------------": null

2020-04-22 08:28:13 - [TEST_STEP][PASSED] - "WebOfficeURL - Set from the ENVIRONMENT PROFILE ": null

2020-04-22 08:28:13 - [TEST_STEP][PASSED] - "OPEN BROWSER": null

2020-04-22 08:28:13 - [TEST_STEP][PASSED] - "eg - https://admin.preview.checkatrade.com/  ": null

2020-04-22 08:28:13 - [TEST_STEP][PASSED] - openBrowser(WebOfficeURL): Browser is opened with url: 'https://admin.preview.checkatrade.com/'

2020-04-22 08:28:13 - [MESSAGE][INFO] - Starting 'Chrome' driver

2020-04-22 08:28:13 - [MESSAGE][INFO] - Action delay is set to 0 milliseconds

2020-04-22 08:28:18 - [MESSAGE][PASSED] - Browser is opened with url: 'https://admin.preview.checkatrade.com/'

2020-04-22 08:28:18 - [TEST_STEP][PASSED] - maximizeWindow(): Current window maximized

2020-04-22 08:28:20 - [MESSAGE][PASSED] - Current window maximized

2020-04-22 08:28:20 - [TEST_STEP][PASSED] - waitForElementClickable(findTestObject("Object Repository/WebOffice/Page_Checkatrade - Administration - Login/Login_Button"), 25): Object 'Object Repository/WebOffice/Page_Checkatrade - Administration - Login/Login_Button' is clickable

2020-04-22 08:28:20 - [MESSAGE][PASSED] - Object 'Object Repository/WebOffice/Page_Checkatrade - Administration - Login/Login_Button' is clickable

2020-04-22 08:28:20 - [TEST_STEP][PASSED] - verifyTextPresent("Checkatrade Web Office", false): Text 'Checkatrade Web Office' is present on page 

2020-04-22 08:28:20 - [MESSAGE][PASSED] - Text 'Checkatrade Web Office' is present on page 

2020-04-22 08:28:20 - [TEST_STEP][PASSED] - verifyTextPresent("Access for staff use only", false): Text 'Access for staff use only' is present on page 

2020-04-22 08:28:20 - [MESSAGE][PASSED] - Text 'Access for staff use only' is present on page 

2020-04-22 08:28:20 - [TEST_STEP][PASSED] - verifyTextPresent("Forgotten password?", false): Text 'Forgotten password?' is present on page 

2020-04-22 08:28:20 - [MESSAGE][PASSED] - Text 'Forgotten password?' is present on page 

2020-04-22 08:28:20 - [TEST_STEP][PASSED] - setText(findTestObject("Object Repository/WebOffice/Page_Checkatrade - Administration - Login/input_Username_LoginControlUserName"), wo_Username): Text 'DavidHo' is set on object 'Object Repository/WebOffice/Page_Checkatrade - Administration - Login/input_Username_LoginControlUserName'

2020-04-22 08:28:21 - [MESSAGE][PASSED] - Text 'DavidHo' is set on object 'Object Repository/WebOffice/Page_Checkatrade - Administration - Login/input_Username_LoginControlUserName'

2020-04-22 08:28:21 - [TEST_STEP][PASSED] - setText(findTestObject("Object Repository/WebOffice/Page_Checkatrade - Administration - Login/input_Password_LoginControlPassword"), wo_Password): Text 'Check123' is set on object 'Object Repository/WebOffice/Page_Checkatrade - Administration - Login/input_Password_LoginControlPassword'

2020-04-22 08:28:21 - [MESSAGE][PASSED] - Text 'Check123' is set on object 'Object Repository/WebOffice/Page_Checkatrade - Administration - Login/input_Password_LoginControlPassword'

2020-04-22 08:28:21 - [TEST_STEP][PASSED] - click(findTestObject("Object Repository/WebOffice/Page_Checkatrade - Administration - Login/Login_Button")): Object: 'Object Repository/WebOffice/Page_Checkatrade - Administration - Login/Login_Button' is clicked on

2020-04-22 08:28:22 - [MESSAGE][PASSED] - Object: 'Object Repository/WebOffice/Page_Checkatrade - Administration - Login/Login_Button' is clicked on

2020-04-22 08:28:22 - [TEST_STEP][PASSED] - waitForPageLoad(60): Wait for page load successfully

2020-04-22 08:28:22 - [MESSAGE][PASSED] - Wait for page load successfully

2020-04-22 08:28:22 - [TEST_STEP][PASSED] - verifyTextPresent("Welcome " + wo_Username, false): Text 'Welcome DavidHo' is present on page 

2020-04-22 08:28:22 - [MESSAGE][PASSED] - Text 'Welcome DavidHo' is present on page 

2020-04-22 08:28:22 - [MESSAGE][PASSED] - Call Test Case 'Test Cases/Reusable_Test_Sequences/Web_Office/Directives/WebOffice_StartUp' successfully

2020-04-22 08:28:22 - [TEST_STEP][PASSED] - "-----------------------------------------------------------------": null

2020-04-22 08:28:22 - [TEST_STEP][PASSED] - " Navigate to <Settings->Checkatrade.Com->Sub Item> Menu Item     |": null

2020-04-22 08:28:22 - [TEST_STEP][PASSED] - callTestCase(findTestCase("Reusable_Test_Sequences/Web_Office/Navigation/Sub_Menu_Navigation/Reports/Partner_Franchise"), [:], STOP_ON_FAILURE): Call Test Case 'Test Cases/Reusable_Test_Sequences/Web_Office/Navigation/Sub_Menu_Navigation/Reports/Partner_Franchise' successfully

2020-04-22 08:28:22 - [TEST_CASE][PASSED] - Test Cases/Reusable_Test_Sequences/Web_Office/Navigation/Sub_Menu_Navigation/Reports/Partner_Franchise: Test Cases/Reusable_Test_Sequences/Web_Office/Navigation/Sub_Menu_Navigation/Reports/Partner_Franchise

2020-04-22 08:28:23 - [TEST_STEP][PASSED] - "--------------------------------------": null

2020-04-22 08:28:23 - [TEST_STEP][PASSED] - " Navigate Top level menu Item         |": null

2020-04-22 08:28:23 - [TEST_STEP][PASSED] - waitForPageLoad(60): Wait for page load successfully

2020-04-22 08:28:23 - [MESSAGE][PASSED] - Wait for page load successfully

2020-04-22 08:28:23 - [TEST_STEP][PASSED] - waitForElementClickable(findTestObject("Object Repository/WebOffice_Home_page/a_Reports"), 60): Object 'Object Repository/WebOffice_Home_page/a_Reports' is clickable

2020-04-22 08:28:23 - [MESSAGE][PASSED] - Object 'Object Repository/WebOffice_Home_page/a_Reports' is clickable

2020-04-22 08:28:23 - [TEST_STEP][PASSED] - mouseOver(findTestObject("Object Repository/WebOffice_Home_page/a_Reports")): Object: 'Object Repository/WebOffice_Home_page/a_Reports' is hovered

2020-04-22 08:28:23 - [MESSAGE][PASSED] - Object: 'Object Repository/WebOffice_Home_page/a_Reports' is hovered

2020-04-22 08:28:23 - [TEST_STEP][PASSED] - click(findTestObject("Object Repository/WebOffice_Home_page/Page_/a_Members")): Object: 'Object Repository/WebOffice_Home_page/Page_/a_Members' is clicked on

2020-04-22 08:28:24 - [MESSAGE][PASSED] - Object: 'Object Repository/WebOffice_Home_page/Page_/a_Members' is clicked on

2020-04-22 08:28:24 - [TEST_STEP][PASSED] - waitForPageLoad(5): Wait for page load successfully

2020-04-22 08:28:24 - [MESSAGE][PASSED] - Wait for page load successfully

2020-04-22 08:28:24 - [TEST_STEP][PASSED] - waitForElementClickable(findTestObject("Object Repository/WebOffice_Home_page/Page_/a_Partner  Franchise"), 5): Object 'Object Repository/WebOffice_Home_page/Page_/a_Partner  Franchise' is clickable

2020-04-22 08:28:24 - [MESSAGE][PASSED] - Object 'Object Repository/WebOffice_Home_page/Page_/a_Partner  Franchise' is clickable

2020-04-22 08:28:24 - [TEST_STEP][PASSED] - click(findTestObject("Object Repository/WebOffice_Home_page/Page_/a_Partner  Franchise")): Object: 'Object Repository/WebOffice_Home_page/Page_/a_Partner  Franchise' is clicked on

2020-04-22 08:28:25 - [MESSAGE][PASSED] - Object: 'Object Repository/WebOffice_Home_page/Page_/a_Partner  Franchise' is clicked on

2020-04-22 08:28:25 - [MESSAGE][PASSED] - Call Test Case 'Test Cases/Reusable_Test_Sequences/Web_Office/Navigation/Sub_Menu_Navigation/Reports/Partner_Franchise' successfully

2020-04-22 08:28:25 - [TEST_STEP][PASSED] - "--------------------------------------": null

2020-04-22 08:28:25 - [TEST_STEP][PASSED] - " Verify Returned Page Detail          |": null

2020-04-22 08:28:25 - [TEST_STEP][PASSED] - callTestCase(findTestCase("Reusable_Test_Sequences/Web_Office/Verification/Reports/Partner_Franchise"), [:], OPTIONAL): Call Test Case 'Test Cases/Reusable_Test_Sequences/Web_Office/Verification/Reports/Partner_Franchise' successfully

2020-04-22 08:28:25 - [TEST_CASE][PASSED] - Test Cases/Reusable_Test_Sequences/Web_Office/Verification/Reports/Partner_Franchise: Test Cases/Reusable_Test_Sequences/Web_Office/Verification/Reports/Partner_Franchise

2020-04-22 08:28:25 - [TEST_STEP][PASSED] - waitForPageLoad(120): Wait for page load successfully

2020-04-22 08:28:25 - [MESSAGE][PASSED] - Wait for page load successfully

2020-04-22 08:28:25 - [TEST_STEP][PASSED] - delay(1): Delayed 1 second(s)

2020-04-22 08:28:26 - [MESSAGE][PASSED] - Delayed 1 second(s)

2020-04-22 08:28:26 - [TEST_STEP][PASSED] - verifyTextPresent("Partner/Franchise Reports", false): Text 'Partner/Franchise Reports' is present on page 

2020-04-22 08:28:26 - [MESSAGE][PASSED] - Text 'Partner/Franchise Reports' is present on page 

2020-04-22 08:28:26 - [TEST_STEP][PASSED] - "----------------------------------------------": null

2020-04-22 08:28:26 - [TEST_STEP][PASSED] - verifyTextPresent("Report Period", false): Text 'Report Period' is present on page 

2020-04-22 08:28:26 - [MESSAGE][PASSED] - Text 'Report Period' is present on page 

2020-04-22 08:28:26 - [TEST_STEP][PASSED] - verifyTextPresent("Comparison Period", false): Text 'Comparison Period' is present on page 

2020-04-22 08:28:26 - [MESSAGE][PASSED] - Text 'Comparison Period' is present on page 

2020-04-22 08:28:26 - [TEST_STEP][PASSED] - verifyTextPresent("Partner/Franchise", false): Text 'Partner/Franchise' is present on page 

2020-04-22 08:28:27 - [MESSAGE][PASSED] - Text 'Partner/Franchise' is present on page 

2020-04-22 08:28:27 - [TEST_STEP][PASSED] - "----------------------------------------------": null

2020-04-22 08:28:27 - [TEST_STEP][PASSED] - verifyTextPresent("Report Type", false): Text 'Report Type' is present on page 

2020-04-22 08:28:27 - [MESSAGE][PASSED] - Text 'Report Type' is present on page 

2020-04-22 08:28:27 - [TEST_STEP][PASSED] - verifyTextPresent("Summary", false): Text 'Summary' is present on page 

2020-04-22 08:28:27 - [MESSAGE][PASSED] - Text 'Summary' is present on page 

2020-04-22 08:28:27 - [TEST_STEP][PASSED] - verifyTextPresent("Detail", false): Text 'Detail' is present on page 

2020-04-22 08:28:27 - [MESSAGE][PASSED] - Text 'Detail' is present on page 

2020-04-22 08:28:27 - [MESSAGE][PASSED] - Call Test Case 'Test Cases/Reusable_Test_Sequences/Web_Office/Verification/Reports/Partner_Franchise' successfully

2020-04-22 08:28:27 - [TEST_STEP][PASSED] - "--------------------------": null

2020-04-22 08:28:27 - [TEST_STEP][PASSED] - " Teardown - CLose Browser |": null

2020-04-22 08:28:27 - [TEST_STEP][PASSED] - callTestCase(findTestCase("Reusable_Test_Sequences/CAT_Teardown"), [:], OPTIONAL): Call Test Case 'Test Cases/Reusable_Test_Sequences/CAT_Teardown' successfully

2020-04-22 08:28:27 - [TEST_CASE][PASSED] - Test Cases/Reusable_Test_Sequences/CAT_Teardown: Test Cases/Reusable_Test_Sequences/CAT_Teardown

2020-04-22 08:28:27 - [TEST_STEP][PASSED] - closeBrowser(): Browser is closed

2020-04-22 08:28:28 - [MESSAGE][PASSED] - Browser is closed

2020-04-22 08:28:28 - [TEST_STEP][PASSED] - super.finalize(): null

2020-04-22 08:28:28 - [TEST_STEP][PASSED] - System.gc(): null

2020-04-22 08:28:28 - [MESSAGE][PASSED] - Call Test Case 'Test Cases/Reusable_Test_Sequences/CAT_Teardown' successfully]]></system-out>
         <system-err><![CDATA[]]></system-err>
      </testcase>
      <testcase name="Test Cases/Web_Office/Reports/Competitor_Analysis" time="17.988" classname="Test Cases/Web_Office/Reports/Competitor_Analysis" status="PASSED">
         <system-out><![CDATA[2020-04-22 08:28:28 - [TEST_CASE][PASSED] - Test Cases/Web_Office/Reports/Competitor_Analysis: Test Cases/Web_Office/Reports/Competitor_Analysis

2020-04-22 08:28:28 - [TEST_STEP][PASSED] - "--------------------------------------": null

2020-04-22 08:28:28 - [TEST_STEP][PASSED] - " Web Office StartUp                  |": null

2020-04-22 08:28:28 - [TEST_STEP][PASSED] - callTestCase(findTestCase("Reusable_Test_Sequences/Web_Office/Directives/WebOffice_StartUp"), [:], STOP_ON_FAILURE): Call Test Case 'Test Cases/Reusable_Test_Sequences/Web_Office/Directives/WebOffice_StartUp' successfully

2020-04-22 08:28:28 - [TEST_CASE][PASSED] - Test Cases/Reusable_Test_Sequences/Web_Office/Directives/WebOffice_StartUp: Test Cases/Reusable_Test_Sequences/Web_Office/Directives/WebOffice_StartUp

2020-04-22 08:28:28 - [TEST_STEP][PASSED] - "-----------------------------------------------------------------------------": null

2020-04-22 08:28:28 - [TEST_STEP][PASSED] - if (URL == "https://www.dev.checkatrade.com/"): null

2020-04-22 08:28:28 - [TEST_STEP][PASSED] - "-----------------------------------------------------------------------------": null

2020-04-22 08:28:28 - [TEST_STEP][PASSED] - if (URL == "https://www.checkatrade.com/"): null

2020-04-22 08:28:28 - [TEST_STEP][PASSED] - "-----------------------------------------------------------------------------": null

2020-04-22 08:28:28 - [TEST_STEP][PASSED] - if (URL == "https://www.preview.checkatrade.com/"): null

2020-04-22 08:28:28 - [TEST_STEP][PASSED] - WebOfficeURL = "https://admin.preview.checkatrade.com/": null

2020-04-22 08:28:28 - [TEST_STEP][PASSED] - if (URL == "https://www.dev2.checkatrade.com/"): null

2020-04-22 08:28:28 - [TEST_STEP][PASSED] - "Set Function Area for "URL_Handler", URL Resolution": null

2020-04-22 08:28:28 - [TEST_STEP][PASSED] - "Do Some Magic with URL(s) See the comments within URL Handler ": null

2020-04-22 08:28:28 - [TEST_STEP][PASSED] - "------------------------------------------------": null

2020-04-22 08:28:28 - [TEST_STEP][PASSED] - "Moved Login Credentials to <Default> profile 22/01/2020": null

2020-04-22 08:28:28 - [TEST_STEP][PASSED] - "------------------------------------------------": null

2020-04-22 08:28:28 - [TEST_STEP][PASSED] - "WebOfficeURL - Set from the ENVIRONMENT PROFILE ": null

2020-04-22 08:28:28 - [TEST_STEP][PASSED] - "OPEN BROWSER": null

2020-04-22 08:28:28 - [TEST_STEP][PASSED] - "eg - https://admin.preview.checkatrade.com/  ": null

2020-04-22 08:28:28 - [TEST_STEP][PASSED] - openBrowser(WebOfficeURL): Browser is opened with url: 'https://admin.preview.checkatrade.com/'

2020-04-22 08:28:28 - [MESSAGE][INFO] - Starting 'Chrome' driver

2020-04-22 08:28:28 - [MESSAGE][INFO] - Action delay is set to 0 milliseconds

2020-04-22 08:28:34 - [MESSAGE][PASSED] - Browser is opened with url: 'https://admin.preview.checkatrade.com/'

2020-04-22 08:28:34 - [TEST_STEP][PASSED] - maximizeWindow(): Current window maximized

2020-04-22 08:28:36 - [MESSAGE][PASSED] - Current window maximized

2020-04-22 08:28:36 - [TEST_STEP][PASSED] - waitForElementClickable(findTestObject("Object Repository/WebOffice/Page_Checkatrade - Administration - Login/Login_Button"), 25): Object 'Object Repository/WebOffice/Page_Checkatrade - Administration - Login/Login_Button' is clickable

2020-04-22 08:28:37 - [MESSAGE][PASSED] - Object 'Object Repository/WebOffice/Page_Checkatrade - Administration - Login/Login_Button' is clickable

2020-04-22 08:28:37 - [TEST_STEP][PASSED] - verifyTextPresent("Checkatrade Web Office", false): Text 'Checkatrade Web Office' is present on page 

2020-04-22 08:28:37 - [MESSAGE][PASSED] - Text 'Checkatrade Web Office' is present on page 

2020-04-22 08:28:37 - [TEST_STEP][PASSED] - verifyTextPresent("Access for staff use only", false): Text 'Access for staff use only' is present on page 

2020-04-22 08:28:37 - [MESSAGE][PASSED] - Text 'Access for staff use only' is present on page 

2020-04-22 08:28:37 - [TEST_STEP][PASSED] - verifyTextPresent("Forgotten password?", false): Text 'Forgotten password?' is present on page 

2020-04-22 08:28:37 - [MESSAGE][PASSED] - Text 'Forgotten password?' is present on page 

2020-04-22 08:28:37 - [TEST_STEP][PASSED] - setText(findTestObject("Object Repository/WebOffice/Page_Checkatrade - Administration - Login/input_Username_LoginControlUserName"), wo_Username): Text 'DavidHo' is set on object 'Object Repository/WebOffice/Page_Checkatrade - Administration - Login/input_Username_LoginControlUserName'

2020-04-22 08:28:37 - [MESSAGE][PASSED] - Text 'DavidHo' is set on object 'Object Repository/WebOffice/Page_Checkatrade - Administration - Login/input_Username_LoginControlUserName'

2020-04-22 08:28:37 - [TEST_STEP][PASSED] - setText(findTestObject("Object Repository/WebOffice/Page_Checkatrade - Administration - Login/input_Password_LoginControlPassword"), wo_Password): Text 'Check123' is set on object 'Object Repository/WebOffice/Page_Checkatrade - Administration - Login/input_Password_LoginControlPassword'

2020-04-22 08:28:37 - [MESSAGE][PASSED] - Text 'Check123' is set on object 'Object Repository/WebOffice/Page_Checkatrade - Administration - Login/input_Password_LoginControlPassword'

2020-04-22 08:28:37 - [TEST_STEP][PASSED] - click(findTestObject("Object Repository/WebOffice/Page_Checkatrade - Administration - Login/Login_Button")): Object: 'Object Repository/WebOffice/Page_Checkatrade - Administration - Login/Login_Button' is clicked on

2020-04-22 08:28:39 - [MESSAGE][PASSED] - Object: 'Object Repository/WebOffice/Page_Checkatrade - Administration - Login/Login_Button' is clicked on

2020-04-22 08:28:39 - [TEST_STEP][PASSED] - waitForPageLoad(60): Wait for page load successfully

2020-04-22 08:28:39 - [MESSAGE][PASSED] - Wait for page load successfully

2020-04-22 08:28:39 - [TEST_STEP][PASSED] - verifyTextPresent("Welcome " + wo_Username, false): Text 'Welcome DavidHo' is present on page 

2020-04-22 08:28:40 - [MESSAGE][PASSED] - Text 'Welcome DavidHo' is present on page 

2020-04-22 08:28:40 - [MESSAGE][PASSED] - Call Test Case 'Test Cases/Reusable_Test_Sequences/Web_Office/Directives/WebOffice_StartUp' successfully

2020-04-22 08:28:40 - [TEST_STEP][PASSED] - "-----------------------------------------------------------------": null

2020-04-22 08:28:40 - [TEST_STEP][PASSED] - " Navigate to <Settings->Checkatrade.Com->Sub Item> Menu Item     |": null

2020-04-22 08:28:40 - [TEST_STEP][PASSED] - callTestCase(findTestCase("Reusable_Test_Sequences/Web_Office/Navigation/Sub_Menu_Navigation/Reports/Competitor_Analysis"), [:], STOP_ON_FAILURE): Call Test Case 'Test Cases/Reusable_Test_Sequences/Web_Office/Navigation/Sub_Menu_Navigation/Reports/Competitor_Analysis' successfully

2020-04-22 08:28:40 - [TEST_CASE][PASSED] - Test Cases/Reusable_Test_Sequences/Web_Office/Navigation/Sub_Menu_Navigation/Reports/Competitor_Analysis: Test Cases/Reusable_Test_Sequences/Web_Office/Navigation/Sub_Menu_Navigation/Reports/Competitor_Analysis

2020-04-22 08:28:40 - [TEST_STEP][PASSED] - "--------------------------------------": null

2020-04-22 08:28:40 - [TEST_STEP][PASSED] - " Navigate Top level menu Item         |": null

2020-04-22 08:28:40 - [TEST_STEP][PASSED] - waitForPageLoad(60): Wait for page load successfully

2020-04-22 08:28:40 - [MESSAGE][PASSED] - Wait for page load successfully

2020-04-22 08:28:40 - [TEST_STEP][PASSED] - waitForElementClickable(findTestObject("Object Repository/WebOffice_Home_page/a_Reports"), 60): Object 'Object Repository/WebOffice_Home_page/a_Reports' is clickable

2020-04-22 08:28:40 - [MESSAGE][PASSED] - Object 'Object Repository/WebOffice_Home_page/a_Reports' is clickable

2020-04-22 08:28:40 - [TEST_STEP][PASSED] - mouseOver(findTestObject("Object Repository/WebOffice_Home_page/a_Reports")): Object: 'Object Repository/WebOffice_Home_page/a_Reports' is hovered

2020-04-22 08:28:41 - [MESSAGE][PASSED] - Object: 'Object Repository/WebOffice_Home_page/a_Reports' is hovered

2020-04-22 08:28:41 - [TEST_STEP][PASSED] - click(findTestObject("Object Repository/WebOffice_Home_page/Page_/a_Members")): Object: 'Object Repository/WebOffice_Home_page/Page_/a_Members' is clicked on

2020-04-22 08:28:41 - [MESSAGE][PASSED] - Object: 'Object Repository/WebOffice_Home_page/Page_/a_Members' is clicked on

2020-04-22 08:28:41 - [TEST_STEP][PASSED] - waitForPageLoad(5): Wait for page load successfully

2020-04-22 08:28:41 - [MESSAGE][PASSED] - Wait for page load successfully

2020-04-22 08:28:41 - [TEST_STEP][PASSED] - waitForElementClickable(findTestObject("Object Repository/WebOffice_Home_page/Page_/a_Competitor Analysis"), 5): Object 'Object Repository/WebOffice_Home_page/Page_/a_Competitor Analysis' is clickable

2020-04-22 08:28:41 - [MESSAGE][PASSED] - Object 'Object Repository/WebOffice_Home_page/Page_/a_Competitor Analysis' is clickable

2020-04-22 08:28:41 - [TEST_STEP][PASSED] - click(findTestObject("Object Repository/WebOffice_Home_page/Page_/a_Competitor Analysis")): Object: 'Object Repository/WebOffice_Home_page/Page_/a_Competitor Analysis' is clicked on

2020-04-22 08:28:42 - [MESSAGE][PASSED] - Object: 'Object Repository/WebOffice_Home_page/Page_/a_Competitor Analysis' is clicked on

2020-04-22 08:28:42 - [MESSAGE][PASSED] - Call Test Case 'Test Cases/Reusable_Test_Sequences/Web_Office/Navigation/Sub_Menu_Navigation/Reports/Competitor_Analysis' successfully

2020-04-22 08:28:42 - [TEST_STEP][PASSED] - "--------------------------------------": null

2020-04-22 08:28:42 - [TEST_STEP][PASSED] - " Verify Returned Page Detail          |": null

2020-04-22 08:28:42 - [TEST_STEP][PASSED] - callTestCase(findTestCase("Reusable_Test_Sequences/Web_Office/Verification/Reports/Competitor_Analysis"), [:], OPTIONAL): Call Test Case 'Test Cases/Reusable_Test_Sequences/Web_Office/Verification/Reports/Competitor_Analysis' successfully

2020-04-22 08:28:43 - [TEST_CASE][PASSED] - Test Cases/Reusable_Test_Sequences/Web_Office/Verification/Reports/Competitor_Analysis: Test Cases/Reusable_Test_Sequences/Web_Office/Verification/Reports/Competitor_Analysis

2020-04-22 08:28:43 - [TEST_STEP][PASSED] - waitForPageLoad(120): Wait for page load successfully

2020-04-22 08:28:43 - [MESSAGE][PASSED] - Wait for page load successfully

2020-04-22 08:28:43 - [TEST_STEP][PASSED] - delay(1): Delayed 1 second(s)

2020-04-22 08:28:44 - [MESSAGE][PASSED] - Delayed 1 second(s)

2020-04-22 08:28:44 - [TEST_STEP][PASSED] - verifyTextPresent("Competitor Analysis", false): Text 'Competitor Analysis' is present on page 

2020-04-22 08:28:44 - [MESSAGE][PASSED] - Text 'Competitor Analysis' is present on page 

2020-04-22 08:28:44 - [TEST_STEP][PASSED] - "----------------------------------------------": null

2020-04-22 08:28:44 - [TEST_STEP][PASSED] - verifyTextPresent("Select a date and competitor to draw side by side maps comparing CAT members to selected competitor", false): Text 'Select a date and competitor to draw side by side maps comparing CAT members to selected competitor' is present on page 

2020-04-22 08:28:44 - [MESSAGE][PASSED] - Text 'Select a date and competitor to draw side by side maps comparing CAT members to selected competitor' is present on page 

2020-04-22 08:28:44 - [TEST_STEP][PASSED] - verifyTextPresent("The map will be coloured by TV region and region breakdown will be below the maps", false): Text 'The map will be coloured by TV region and region breakdown will be below the maps' is present on page 

2020-04-22 08:28:45 - [MESSAGE][PASSED] - Text 'The map will be coloured by TV region and region breakdown will be below the maps' is present on page 

2020-04-22 08:28:45 - [TEST_STEP][PASSED] - "----------------------------------------------": null

2020-04-22 08:28:45 - [TEST_STEP][PASSED] - verifyTextPresent("Competitors", false): Text 'Competitors' is present on page 

2020-04-22 08:28:45 - [MESSAGE][PASSED] - Text 'Competitors' is present on page 

2020-04-22 08:28:45 - [TEST_STEP][PASSED] - verifyTextPresent("Start Date", false): Text 'Start Date' is present on page 

2020-04-22 08:28:45 - [MESSAGE][PASSED] - Text 'Start Date' is present on page 

2020-04-22 08:28:45 - [TEST_STEP][PASSED] - verifyTextPresent("End Date", false): Text 'End Date' is present on page 

2020-04-22 08:28:45 - [MESSAGE][PASSED] - Text 'End Date' is present on page 

2020-04-22 08:28:45 - [MESSAGE][PASSED] - Call Test Case 'Test Cases/Reusable_Test_Sequences/Web_Office/Verification/Reports/Competitor_Analysis' successfully

2020-04-22 08:28:45 - [TEST_STEP][PASSED] - "--------------------------": null

2020-04-22 08:28:45 - [TEST_STEP][PASSED] - " Teardown - CLose Browser |": null

2020-04-22 08:28:45 - [TEST_STEP][PASSED] - callTestCase(findTestCase("Reusable_Test_Sequences/CAT_Teardown"), [:], OPTIONAL): Call Test Case 'Test Cases/Reusable_Test_Sequences/CAT_Teardown' successfully

2020-04-22 08:28:45 - [TEST_CASE][PASSED] - Test Cases/Reusable_Test_Sequences/CAT_Teardown: Test Cases/Reusable_Test_Sequences/CAT_Teardown

2020-04-22 08:28:45 - [TEST_STEP][PASSED] - closeBrowser(): Browser is closed

2020-04-22 08:28:46 - [MESSAGE][PASSED] - Browser is closed

2020-04-22 08:28:46 - [TEST_STEP][PASSED] - super.finalize(): null

2020-04-22 08:28:46 - [TEST_STEP][PASSED] - System.gc(): null

2020-04-22 08:28:46 - [MESSAGE][PASSED] - Call Test Case 'Test Cases/Reusable_Test_Sequences/CAT_Teardown' successfully]]></system-out>
         <system-err><![CDATA[]]></system-err>
      </testcase>
      <testcase name="Test Cases/Web_Office/Reports/Members_Feedback_Summary" time="18.292" classname="Test Cases/Web_Office/Reports/Members_Feedback_Summary" status="PASSED">
         <system-out><![CDATA[2020-04-22 08:28:46 - [TEST_CASE][PASSED] - Test Cases/Web_Office/Reports/Members_Feedback_Summary: Test Cases/Web_Office/Reports/Members_Feedback_Summary

2020-04-22 08:28:46 - [TEST_STEP][PASSED] - "--------------------------------------": null

2020-04-22 08:28:46 - [TEST_STEP][PASSED] - " Web Office StartUp                  |": null

2020-04-22 08:28:46 - [TEST_STEP][PASSED] - callTestCase(findTestCase("Reusable_Test_Sequences/Web_Office/Directives/WebOffice_StartUp"), [:], STOP_ON_FAILURE): Call Test Case 'Test Cases/Reusable_Test_Sequences/Web_Office/Directives/WebOffice_StartUp' successfully

2020-04-22 08:28:46 - [TEST_CASE][PASSED] - Test Cases/Reusable_Test_Sequences/Web_Office/Directives/WebOffice_StartUp: Test Cases/Reusable_Test_Sequences/Web_Office/Directives/WebOffice_StartUp

2020-04-22 08:28:46 - [TEST_STEP][PASSED] - "-----------------------------------------------------------------------------": null

2020-04-22 08:28:46 - [TEST_STEP][PASSED] - if (URL == "https://www.dev.checkatrade.com/"): null

2020-04-22 08:28:46 - [TEST_STEP][PASSED] - "-----------------------------------------------------------------------------": null

2020-04-22 08:28:46 - [TEST_STEP][PASSED] - if (URL == "https://www.checkatrade.com/"): null

2020-04-22 08:28:46 - [TEST_STEP][PASSED] - "-----------------------------------------------------------------------------": null

2020-04-22 08:28:46 - [TEST_STEP][PASSED] - if (URL == "https://www.preview.checkatrade.com/"): null

2020-04-22 08:28:46 - [TEST_STEP][PASSED] - WebOfficeURL = "https://admin.preview.checkatrade.com/": null

2020-04-22 08:28:46 - [TEST_STEP][PASSED] - if (URL == "https://www.dev2.checkatrade.com/"): null

2020-04-22 08:28:46 - [TEST_STEP][PASSED] - "Set Function Area for "URL_Handler", URL Resolution": null

2020-04-22 08:28:46 - [TEST_STEP][PASSED] - "Do Some Magic with URL(s) See the comments within URL Handler ": null

2020-04-22 08:28:46 - [TEST_STEP][PASSED] - "------------------------------------------------": null

2020-04-22 08:28:46 - [TEST_STEP][PASSED] - "Moved Login Credentials to <Default> profile 22/01/2020": null

2020-04-22 08:28:46 - [TEST_STEP][PASSED] - "------------------------------------------------": null

2020-04-22 08:28:46 - [TEST_STEP][PASSED] - "WebOfficeURL - Set from the ENVIRONMENT PROFILE ": null

2020-04-22 08:28:46 - [TEST_STEP][PASSED] - "OPEN BROWSER": null

2020-04-22 08:28:46 - [TEST_STEP][PASSED] - "eg - https://admin.preview.checkatrade.com/  ": null

2020-04-22 08:28:46 - [TEST_STEP][PASSED] - openBrowser(WebOfficeURL): Browser is opened with url: 'https://admin.preview.checkatrade.com/'

2020-04-22 08:28:46 - [MESSAGE][INFO] - Starting 'Chrome' driver

2020-04-22 08:28:46 - [MESSAGE][INFO] - Action delay is set to 0 milliseconds

2020-04-22 08:28:51 - [MESSAGE][PASSED] - Browser is opened with url: 'https://admin.preview.checkatrade.com/'

2020-04-22 08:28:51 - [TEST_STEP][PASSED] - maximizeWindow(): Current window maximized

2020-04-22 08:28:53 - [MESSAGE][PASSED] - Current window maximized

2020-04-22 08:28:53 - [TEST_STEP][PASSED] - waitForElementClickable(findTestObject("Object Repository/WebOffice/Page_Checkatrade - Administration - Login/Login_Button"), 25): Object 'Object Repository/WebOffice/Page_Checkatrade - Administration - Login/Login_Button' is clickable

2020-04-22 08:28:53 - [MESSAGE][PASSED] - Object 'Object Repository/WebOffice/Page_Checkatrade - Administration - Login/Login_Button' is clickable

2020-04-22 08:28:53 - [TEST_STEP][PASSED] - verifyTextPresent("Checkatrade Web Office", false): Text 'Checkatrade Web Office' is present on page 

2020-04-22 08:28:53 - [MESSAGE][PASSED] - Text 'Checkatrade Web Office' is present on page 

2020-04-22 08:28:53 - [TEST_STEP][PASSED] - verifyTextPresent("Access for staff use only", false): Text 'Access for staff use only' is present on page 

2020-04-22 08:28:53 - [MESSAGE][PASSED] - Text 'Access for staff use only' is present on page 

2020-04-22 08:28:53 - [TEST_STEP][PASSED] - verifyTextPresent("Forgotten password?", false): Text 'Forgotten password?' is present on page 

2020-04-22 08:28:53 - [MESSAGE][PASSED] - Text 'Forgotten password?' is present on page 

2020-04-22 08:28:53 - [TEST_STEP][PASSED] - setText(findTestObject("Object Repository/WebOffice/Page_Checkatrade - Administration - Login/input_Username_LoginControlUserName"), wo_Username): Text 'DavidHo' is set on object 'Object Repository/WebOffice/Page_Checkatrade - Administration - Login/input_Username_LoginControlUserName'

2020-04-22 08:28:54 - [MESSAGE][PASSED] - Text 'DavidHo' is set on object 'Object Repository/WebOffice/Page_Checkatrade - Administration - Login/input_Username_LoginControlUserName'

2020-04-22 08:28:54 - [TEST_STEP][PASSED] - setText(findTestObject("Object Repository/WebOffice/Page_Checkatrade - Administration - Login/input_Password_LoginControlPassword"), wo_Password): Text 'Check123' is set on object 'Object Repository/WebOffice/Page_Checkatrade - Administration - Login/input_Password_LoginControlPassword'

2020-04-22 08:28:54 - [MESSAGE][PASSED] - Text 'Check123' is set on object 'Object Repository/WebOffice/Page_Checkatrade - Administration - Login/input_Password_LoginControlPassword'

2020-04-22 08:28:54 - [TEST_STEP][PASSED] - click(findTestObject("Object Repository/WebOffice/Page_Checkatrade - Administration - Login/Login_Button")): Object: 'Object Repository/WebOffice/Page_Checkatrade - Administration - Login/Login_Button' is clicked on

2020-04-22 08:28:55 - [MESSAGE][PASSED] - Object: 'Object Repository/WebOffice/Page_Checkatrade - Administration - Login/Login_Button' is clicked on

2020-04-22 08:28:55 - [TEST_STEP][PASSED] - waitForPageLoad(60): Wait for page load successfully

2020-04-22 08:28:55 - [MESSAGE][PASSED] - Wait for page load successfully

2020-04-22 08:28:55 - [TEST_STEP][PASSED] - verifyTextPresent("Welcome " + wo_Username, false): Text 'Welcome DavidHo' is present on page 

2020-04-22 08:28:55 - [MESSAGE][PASSED] - Text 'Welcome DavidHo' is present on page 

2020-04-22 08:28:55 - [MESSAGE][PASSED] - Call Test Case 'Test Cases/Reusable_Test_Sequences/Web_Office/Directives/WebOffice_StartUp' successfully

2020-04-22 08:28:55 - [TEST_STEP][PASSED] - "-----------------------------------------------------------------": null

2020-04-22 08:28:55 - [TEST_STEP][PASSED] - " Navigate to <Settings->Checkatrade.Com->Sub Item> Menu Item     |": null

2020-04-22 08:28:55 - [TEST_STEP][PASSED] - callTestCase(findTestCase("Reusable_Test_Sequences/Web_Office/Navigation/Sub_Menu_Navigation/Reports/Members_Feedback_Summary"), [:], STOP_ON_FAILURE): Call Test Case 'Test Cases/Reusable_Test_Sequences/Web_Office/Navigation/Sub_Menu_Navigation/Reports/Members_Feedback_Summary' successfully

2020-04-22 08:28:55 - [TEST_CASE][PASSED] - Test Cases/Reusable_Test_Sequences/Web_Office/Navigation/Sub_Menu_Navigation/Reports/Members_Feedback_Summary: Test Cases/Reusable_Test_Sequences/Web_Office/Navigation/Sub_Menu_Navigation/Reports/Members_Feedback_Summary

2020-04-22 08:28:55 - [TEST_STEP][PASSED] - "--------------------------------------": null

2020-04-22 08:28:55 - [TEST_STEP][PASSED] - " Navigate Top level menu Item         |": null

2020-04-22 08:28:55 - [TEST_STEP][PASSED] - waitForPageLoad(60): Wait for page load successfully

2020-04-22 08:28:55 - [MESSAGE][PASSED] - Wait for page load successfully

2020-04-22 08:28:55 - [TEST_STEP][PASSED] - waitForElementClickable(findTestObject("Object Repository/WebOffice_Home_page/a_Reports"), 60): Object 'Object Repository/WebOffice_Home_page/a_Reports' is clickable

2020-04-22 08:28:55 - [MESSAGE][PASSED] - Object 'Object Repository/WebOffice_Home_page/a_Reports' is clickable

2020-04-22 08:28:55 - [TEST_STEP][PASSED] - mouseOver(findTestObject("Object Repository/WebOffice_Home_page/a_Reports")): Object: 'Object Repository/WebOffice_Home_page/a_Reports' is hovered

2020-04-22 08:28:56 - [MESSAGE][PASSED] - Object: 'Object Repository/WebOffice_Home_page/a_Reports' is hovered

2020-04-22 08:28:56 - [TEST_STEP][PASSED] - click(findTestObject("Object Repository/WebOffice_Home_page/Page_/a_Members")): Object: 'Object Repository/WebOffice_Home_page/Page_/a_Members' is clicked on

2020-04-22 08:28:56 - [MESSAGE][PASSED] - Object: 'Object Repository/WebOffice_Home_page/Page_/a_Members' is clicked on

2020-04-22 08:28:56 - [TEST_STEP][PASSED] - click(findTestObject("Object Repository/WebOffice_Home_page/Page_/a_Members Feedback")): Object: 'Object Repository/WebOffice_Home_page/Page_/a_Members Feedback' is clicked on

2020-04-22 08:28:56 - [MESSAGE][PASSED] - Object: 'Object Repository/WebOffice_Home_page/Page_/a_Members Feedback' is clicked on

2020-04-22 08:28:56 - [TEST_STEP][PASSED] - waitForPageLoad(5): Wait for page load successfully

2020-04-22 08:28:56 - [MESSAGE][PASSED] - Wait for page load successfully

2020-04-22 08:28:56 - [TEST_STEP][PASSED] - waitForElementClickable(findTestObject("Object Repository/WebOffice_Home_page/Page_/a_Summary Report"), 5): Object 'Object Repository/WebOffice_Home_page/Page_/a_Summary Report' is clickable

2020-04-22 08:28:56 - [MESSAGE][PASSED] - Object 'Object Repository/WebOffice_Home_page/Page_/a_Summary Report' is clickable

2020-04-22 08:28:56 - [TEST_STEP][PASSED] - click(findTestObject("Object Repository/WebOffice_Home_page/Page_/a_Summary Report")): Object: 'Object Repository/WebOffice_Home_page/Page_/a_Summary Report' is clicked on

2020-04-22 08:28:59 - [MESSAGE][PASSED] - Object: 'Object Repository/WebOffice_Home_page/Page_/a_Summary Report' is clicked on

2020-04-22 08:28:59 - [MESSAGE][PASSED] - Call Test Case 'Test Cases/Reusable_Test_Sequences/Web_Office/Navigation/Sub_Menu_Navigation/Reports/Members_Feedback_Summary' successfully

2020-04-22 08:28:59 - [TEST_STEP][PASSED] - "--------------------------------------": null

2020-04-22 08:28:59 - [TEST_STEP][PASSED] - " Verify Returned Page Detail          |": null

2020-04-22 08:28:59 - [TEST_STEP][PASSED] - callTestCase(findTestCase("Reusable_Test_Sequences/Web_Office/Verification/Reports/Members_Feedback_Summary"), [:], OPTIONAL): Call Test Case 'Test Cases/Reusable_Test_Sequences/Web_Office/Verification/Reports/Members_Feedback_Summary' successfully

2020-04-22 08:28:59 - [TEST_CASE][PASSED] - Test Cases/Reusable_Test_Sequences/Web_Office/Verification/Reports/Members_Feedback_Summary: Test Cases/Reusable_Test_Sequences/Web_Office/Verification/Reports/Members_Feedback_Summary

2020-04-22 08:29:00 - [TEST_STEP][PASSED] - waitForPageLoad(120): Wait for page load successfully

2020-04-22 08:29:00 - [MESSAGE][PASSED] - Wait for page load successfully

2020-04-22 08:29:00 - [TEST_STEP][PASSED] - delay(1): Delayed 1 second(s)

2020-04-22 08:29:01 - [MESSAGE][PASSED] - Delayed 1 second(s)

2020-04-22 08:29:01 - [TEST_STEP][PASSED] - verifyTextPresent("Members Feedback : Summary Report", false): Text 'Members Feedback : Summary Report' is present on page 

2020-04-22 08:29:01 - [MESSAGE][PASSED] - Text 'Members Feedback : Summary Report' is present on page 

2020-04-22 08:29:01 - [TEST_STEP][PASSED] - "----------------------------------------------": null

2020-04-22 08:29:01 - [TEST_STEP][PASSED] - verifyTextPresent("Breakdown by Feedback Status", false): Text 'Breakdown by Feedback Status' is present on page 

2020-04-22 08:29:01 - [MESSAGE][PASSED] - Text 'Breakdown by Feedback Status' is present on page 

2020-04-22 08:29:01 - [TEST_STEP][PASSED] - "----------------------------------------------": null

2020-04-22 08:29:01 - [TEST_STEP][PASSED] - verifyTextPresent("Chart", false): Text 'Chart' is present on page 

2020-04-22 08:29:01 - [MESSAGE][PASSED] - Text 'Chart' is present on page 

2020-04-22 08:29:01 - [TEST_STEP][PASSED] - verifyTextPresent("Feedback Status", false): Text 'Feedback Status' is present on page 

2020-04-22 08:29:01 - [MESSAGE][PASSED] - Text 'Feedback Status' is present on page 

2020-04-22 08:29:01 - [TEST_STEP][PASSED] - verifyTextPresent("Feedbacks", false): Text 'Feedbacks' is present on page 

2020-04-22 08:29:02 - [MESSAGE][PASSED] - Text 'Feedbacks' is present on page 

2020-04-22 08:29:02 - [TEST_STEP][PASSED] - verifyTextPresent("Percentage", false): Text 'Percentage' is present on page 

2020-04-22 08:29:02 - [MESSAGE][PASSED] - Text 'Percentage' is present on page 

2020-04-22 08:29:02 - [TEST_STEP][PASSED] - verifyTextPresent("Published", false): Text 'Published' is present on page 

2020-04-22 08:29:02 - [MESSAGE][PASSED] - Text 'Published' is present on page 

2020-04-22 08:29:02 - [TEST_STEP][PASSED] - verifyTextPresent("Not published", false): Text 'Not published' is present on page 

2020-04-22 08:29:02 - [MESSAGE][PASSED] - Text 'Not published' is present on page 

2020-04-22 08:29:02 - [TEST_STEP][PASSED] - verifyTextPresent("Public submission pending email verification", false): Text 'Public submission pending email verification' is present on page 

2020-04-22 08:29:02 - [MESSAGE][PASSED] - Text 'Public submission pending email verification' is present on page 

2020-04-22 08:29:03 - [TEST_STEP][PASSED] - verifyTextPresent("Public submission pending SMS verification", false): Text 'Public submission pending SMS verification' is present on page 

2020-04-22 08:29:03 - [MESSAGE][PASSED] - Text 'Public submission pending SMS verification' is present on page 

2020-04-22 08:29:03 - [TEST_STEP][PASSED] - verifyTextPresent("Public submission failed review", false): Text 'Public submission failed review' is present on page 

2020-04-22 08:29:03 - [MESSAGE][PASSED] - Text 'Public submission failed review' is present on page 

2020-04-22 08:29:03 - [TEST_STEP][PASSED] - verifyTextPresent("Complaint not published", false): Text 'Complaint not published' is present on page 

2020-04-22 08:29:03 - [MESSAGE][PASSED] - Text 'Complaint not published' is present on page 

2020-04-22 08:29:03 - [MESSAGE][PASSED] - Call Test Case 'Test Cases/Reusable_Test_Sequences/Web_Office/Verification/Reports/Members_Feedback_Summary' successfully

2020-04-22 08:29:03 - [TEST_STEP][PASSED] - "--------------------------": null

2020-04-22 08:29:03 - [TEST_STEP][PASSED] - " Teardown - CLose Browser |": null

2020-04-22 08:29:03 - [TEST_STEP][PASSED] - callTestCase(findTestCase("Reusable_Test_Sequences/CAT_Teardown"), [:], OPTIONAL): Call Test Case 'Test Cases/Reusable_Test_Sequences/CAT_Teardown' successfully

2020-04-22 08:29:03 - [TEST_CASE][PASSED] - Test Cases/Reusable_Test_Sequences/CAT_Teardown: Test Cases/Reusable_Test_Sequences/CAT_Teardown

2020-04-22 08:29:03 - [TEST_STEP][PASSED] - closeBrowser(): Browser is closed

2020-04-22 08:29:04 - [MESSAGE][PASSED] - Browser is closed

2020-04-22 08:29:04 - [TEST_STEP][PASSED] - super.finalize(): null

2020-04-22 08:29:04 - [TEST_STEP][PASSED] - System.gc(): null

2020-04-22 08:29:04 - [MESSAGE][PASSED] - Call Test Case 'Test Cases/Reusable_Test_Sequences/CAT_Teardown' successfully]]></system-out>
         <system-err><![CDATA[]]></system-err>
      </testcase>
      <testcase name="Test Cases/Web_Office/Reports/Members_Feedback_Status" time="17.987" classname="Test Cases/Web_Office/Reports/Members_Feedback_Status" status="PASSED">
         <system-out><![CDATA[2020-04-22 08:29:04 - [TEST_CASE][PASSED] - Test Cases/Web_Office/Reports/Members_Feedback_Status: Test Cases/Web_Office/Reports/Members_Feedback_Status

2020-04-22 08:29:05 - [TEST_STEP][PASSED] - "--------------------------------------": null

2020-04-22 08:29:05 - [TEST_STEP][PASSED] - " Web Office StartUp                  |": null

2020-04-22 08:29:05 - [TEST_STEP][PASSED] - callTestCase(findTestCase("Reusable_Test_Sequences/Web_Office/Directives/WebOffice_StartUp"), [:], STOP_ON_FAILURE): Call Test Case 'Test Cases/Reusable_Test_Sequences/Web_Office/Directives/WebOffice_StartUp' successfully

2020-04-22 08:29:05 - [TEST_CASE][PASSED] - Test Cases/Reusable_Test_Sequences/Web_Office/Directives/WebOffice_StartUp: Test Cases/Reusable_Test_Sequences/Web_Office/Directives/WebOffice_StartUp

2020-04-22 08:29:05 - [TEST_STEP][PASSED] - "-----------------------------------------------------------------------------": null

2020-04-22 08:29:05 - [TEST_STEP][PASSED] - if (URL == "https://www.dev.checkatrade.com/"): null

2020-04-22 08:29:05 - [TEST_STEP][PASSED] - "-----------------------------------------------------------------------------": null

2020-04-22 08:29:05 - [TEST_STEP][PASSED] - if (URL == "https://www.checkatrade.com/"): null

2020-04-22 08:29:05 - [TEST_STEP][PASSED] - "-----------------------------------------------------------------------------": null

2020-04-22 08:29:05 - [TEST_STEP][PASSED] - if (URL == "https://www.preview.checkatrade.com/"): null

2020-04-22 08:29:05 - [TEST_STEP][PASSED] - WebOfficeURL = "https://admin.preview.checkatrade.com/": null

2020-04-22 08:29:05 - [TEST_STEP][PASSED] - if (URL == "https://www.dev2.checkatrade.com/"): null

2020-04-22 08:29:05 - [TEST_STEP][PASSED] - "Set Function Area for "URL_Handler", URL Resolution": null

2020-04-22 08:29:05 - [TEST_STEP][PASSED] - "Do Some Magic with URL(s) See the comments within URL Handler ": null

2020-04-22 08:29:05 - [TEST_STEP][PASSED] - "------------------------------------------------": null

2020-04-22 08:29:05 - [TEST_STEP][PASSED] - "Moved Login Credentials to <Default> profile 22/01/2020": null

2020-04-22 08:29:05 - [TEST_STEP][PASSED] - "------------------------------------------------": null

2020-04-22 08:29:05 - [TEST_STEP][PASSED] - "WebOfficeURL - Set from the ENVIRONMENT PROFILE ": null

2020-04-22 08:29:05 - [TEST_STEP][PASSED] - "OPEN BROWSER": null

2020-04-22 08:29:05 - [TEST_STEP][PASSED] - "eg - https://admin.preview.checkatrade.com/  ": null

2020-04-22 08:29:05 - [TEST_STEP][PASSED] - openBrowser(WebOfficeURL): Browser is opened with url: 'https://admin.preview.checkatrade.com/'

2020-04-22 08:29:05 - [MESSAGE][INFO] - Starting 'Chrome' driver

2020-04-22 08:29:05 - [MESSAGE][INFO] - Action delay is set to 0 milliseconds

2020-04-22 08:29:10 - [MESSAGE][PASSED] - Browser is opened with url: 'https://admin.preview.checkatrade.com/'

2020-04-22 08:29:10 - [TEST_STEP][PASSED] - maximizeWindow(): Current window maximized

2020-04-22 08:29:12 - [MESSAGE][PASSED] - Current window maximized

2020-04-22 08:29:12 - [TEST_STEP][PASSED] - waitForElementClickable(findTestObject("Object Repository/WebOffice/Page_Checkatrade - Administration - Login/Login_Button"), 25): Object 'Object Repository/WebOffice/Page_Checkatrade - Administration - Login/Login_Button' is clickable

2020-04-22 08:29:12 - [MESSAGE][PASSED] - Object 'Object Repository/WebOffice/Page_Checkatrade - Administration - Login/Login_Button' is clickable

2020-04-22 08:29:12 - [TEST_STEP][PASSED] - verifyTextPresent("Checkatrade Web Office", false): Text 'Checkatrade Web Office' is present on page 

2020-04-22 08:29:12 - [MESSAGE][PASSED] - Text 'Checkatrade Web Office' is present on page 

2020-04-22 08:29:12 - [TEST_STEP][PASSED] - verifyTextPresent("Access for staff use only", false): Text 'Access for staff use only' is present on page 

2020-04-22 08:29:12 - [MESSAGE][PASSED] - Text 'Access for staff use only' is present on page 

2020-04-22 08:29:12 - [TEST_STEP][PASSED] - verifyTextPresent("Forgotten password?", false): Text 'Forgotten password?' is present on page 

2020-04-22 08:29:12 - [MESSAGE][PASSED] - Text 'Forgotten password?' is present on page 

2020-04-22 08:29:13 - [TEST_STEP][PASSED] - setText(findTestObject("Object Repository/WebOffice/Page_Checkatrade - Administration - Login/input_Username_LoginControlUserName"), wo_Username): Text 'DavidHo' is set on object 'Object Repository/WebOffice/Page_Checkatrade - Administration - Login/input_Username_LoginControlUserName'

2020-04-22 08:29:13 - [MESSAGE][PASSED] - Text 'DavidHo' is set on object 'Object Repository/WebOffice/Page_Checkatrade - Administration - Login/input_Username_LoginControlUserName'

2020-04-22 08:29:13 - [TEST_STEP][PASSED] - setText(findTestObject("Object Repository/WebOffice/Page_Checkatrade - Administration - Login/input_Password_LoginControlPassword"), wo_Password): Text 'Check123' is set on object 'Object Repository/WebOffice/Page_Checkatrade - Administration - Login/input_Password_LoginControlPassword'

2020-04-22 08:29:13 - [MESSAGE][PASSED] - Text 'Check123' is set on object 'Object Repository/WebOffice/Page_Checkatrade - Administration - Login/input_Password_LoginControlPassword'

2020-04-22 08:29:13 - [TEST_STEP][PASSED] - click(findTestObject("Object Repository/WebOffice/Page_Checkatrade - Administration - Login/Login_Button")): Object: 'Object Repository/WebOffice/Page_Checkatrade - Administration - Login/Login_Button' is clicked on

2020-04-22 08:29:14 - [MESSAGE][PASSED] - Object: 'Object Repository/WebOffice/Page_Checkatrade - Administration - Login/Login_Button' is clicked on

2020-04-22 08:29:14 - [TEST_STEP][PASSED] - waitForPageLoad(60): Wait for page load successfully

2020-04-22 08:29:14 - [MESSAGE][PASSED] - Wait for page load successfully

2020-04-22 08:29:14 - [TEST_STEP][PASSED] - verifyTextPresent("Welcome " + wo_Username, false): Text 'Welcome DavidHo' is present on page 

2020-04-22 08:29:14 - [MESSAGE][PASSED] - Text 'Welcome DavidHo' is present on page 

2020-04-22 08:29:14 - [MESSAGE][PASSED] - Call Test Case 'Test Cases/Reusable_Test_Sequences/Web_Office/Directives/WebOffice_StartUp' successfully

2020-04-22 08:29:14 - [TEST_STEP][PASSED] - "-----------------------------------------------------------------": null

2020-04-22 08:29:14 - [TEST_STEP][PASSED] - " Navigate to <Settings->Checkatrade.Com->Sub Item> Menu Item     |": null

2020-04-22 08:29:14 - [TEST_STEP][PASSED] - callTestCase(findTestCase("Reusable_Test_Sequences/Web_Office/Navigation/Sub_Menu_Navigation/Reports/Members_Feedback_Status"), [:], STOP_ON_FAILURE): Call Test Case 'Test Cases/Reusable_Test_Sequences/Web_Office/Navigation/Sub_Menu_Navigation/Reports/Members_Feedback_Status' successfully

2020-04-22 08:29:14 - [TEST_CASE][PASSED] - Test Cases/Reusable_Test_Sequences/Web_Office/Navigation/Sub_Menu_Navigation/Reports/Members_Feedback_Status: Test Cases/Reusable_Test_Sequences/Web_Office/Navigation/Sub_Menu_Navigation/Reports/Members_Feedback_Status

2020-04-22 08:29:15 - [TEST_STEP][PASSED] - "--------------------------------------": null

2020-04-22 08:29:15 - [TEST_STEP][PASSED] - " Navigate Top level menu Item         |": null

2020-04-22 08:29:15 - [TEST_STEP][PASSED] - waitForPageLoad(60): Wait for page load successfully

2020-04-22 08:29:15 - [MESSAGE][PASSED] - Wait for page load successfully

2020-04-22 08:29:15 - [TEST_STEP][PASSED] - waitForElementClickable(findTestObject("Object Repository/WebOffice_Home_page/a_Reports"), 60): Object 'Object Repository/WebOffice_Home_page/a_Reports' is clickable

2020-04-22 08:29:15 - [MESSAGE][PASSED] - Object 'Object Repository/WebOffice_Home_page/a_Reports' is clickable

2020-04-22 08:29:15 - [TEST_STEP][PASSED] - mouseOver(findTestObject("Object Repository/WebOffice_Home_page/a_Reports")): Object: 'Object Repository/WebOffice_Home_page/a_Reports' is hovered

2020-04-22 08:29:15 - [MESSAGE][PASSED] - Object: 'Object Repository/WebOffice_Home_page/a_Reports' is hovered

2020-04-22 08:29:15 - [TEST_STEP][PASSED] - click(findTestObject("Object Repository/WebOffice_Home_page/Page_/a_Members")): Object: 'Object Repository/WebOffice_Home_page/Page_/a_Members' is clicked on

2020-04-22 08:29:15 - [MESSAGE][PASSED] - Object: 'Object Repository/WebOffice_Home_page/Page_/a_Members' is clicked on

2020-04-22 08:29:15 - [TEST_STEP][PASSED] - click(findTestObject("Object Repository/WebOffice_Home_page/Page_/a_Members Feedback")): Object: 'Object Repository/WebOffice_Home_page/Page_/a_Members Feedback' is clicked on

2020-04-22 08:29:16 - [MESSAGE][PASSED] - Object: 'Object Repository/WebOffice_Home_page/Page_/a_Members Feedback' is clicked on

2020-04-22 08:29:16 - [TEST_STEP][PASSED] - waitForPageLoad(5): Wait for page load successfully

2020-04-22 08:29:16 - [MESSAGE][PASSED] - Wait for page load successfully

2020-04-22 08:29:16 - [TEST_STEP][PASSED] - waitForElementClickable(findTestObject("Object Repository/WebOffice_Home_page/Page_/a_Status Report"), 5): Object 'Object Repository/WebOffice_Home_page/Page_/a_Status Report' is clickable

2020-04-22 08:29:16 - [MESSAGE][PASSED] - Object 'Object Repository/WebOffice_Home_page/Page_/a_Status Report' is clickable

2020-04-22 08:29:16 - [TEST_STEP][PASSED] - click(findTestObject("Object Repository/WebOffice_Home_page/Page_/a_Status Report")): Object: 'Object Repository/WebOffice_Home_page/Page_/a_Status Report' is clicked on

2020-04-22 08:29:17 - [MESSAGE][PASSED] - Object: 'Object Repository/WebOffice_Home_page/Page_/a_Status Report' is clicked on

2020-04-22 08:29:17 - [MESSAGE][PASSED] - Call Test Case 'Test Cases/Reusable_Test_Sequences/Web_Office/Navigation/Sub_Menu_Navigation/Reports/Members_Feedback_Status' successfully

2020-04-22 08:29:17 - [TEST_STEP][PASSED] - "--------------------------------------": null

2020-04-22 08:29:17 - [TEST_STEP][PASSED] - " Verify Returned Page Detail          |": null

2020-04-22 08:29:17 - [TEST_STEP][PASSED] - callTestCase(findTestCase("Reusable_Test_Sequences/Web_Office/Verification/Reports/Members_Feedback_Status"), [:], OPTIONAL): Call Test Case 'Test Cases/Reusable_Test_Sequences/Web_Office/Verification/Reports/Members_Feedback_Status' successfully

2020-04-22 08:29:17 - [TEST_CASE][PASSED] - Test Cases/Reusable_Test_Sequences/Web_Office/Verification/Reports/Members_Feedback_Status: Test Cases/Reusable_Test_Sequences/Web_Office/Verification/Reports/Members_Feedback_Status

2020-04-22 08:29:18 - [TEST_STEP][PASSED] - waitForPageLoad(120): Wait for page load successfully

2020-04-22 08:29:18 - [MESSAGE][PASSED] - Wait for page load successfully

2020-04-22 08:29:18 - [TEST_STEP][PASSED] - delay(1): Delayed 1 second(s)

2020-04-22 08:29:19 - [MESSAGE][PASSED] - Delayed 1 second(s)

2020-04-22 08:29:19 - [TEST_STEP][PASSED] - verifyTextPresent("Members Feedback : Status Report", false): Text 'Members Feedback : Status Report' is present on page 

2020-04-22 08:29:19 - [MESSAGE][PASSED] - Text 'Members Feedback : Status Report' is present on page 

2020-04-22 08:29:19 - [TEST_STEP][PASSED] - "----------------------------------------------": null

2020-04-22 08:29:19 - [TEST_STEP][PASSED] - verifyTextPresent("Feedback status", false): Text 'Feedback status' is present on page 

2020-04-22 08:29:19 - [MESSAGE][PASSED] - Text 'Feedback status' is present on page 

2020-04-22 08:29:19 - [TEST_STEP][PASSED] - verifyTextPresent("Companies", false): Text 'Companies' is present on page 

2020-04-22 08:29:19 - [MESSAGE][PASSED] - Text 'Companies' is present on page 

2020-04-22 08:29:19 - [TEST_STEP][PASSED] - "----------------------------------------------": null

2020-04-22 08:29:19 - [TEST_STEP][PASSED] - verifyTextPresent("Company name", false): Text 'Company name' is present on page 

2020-04-22 08:29:20 - [MESSAGE][PASSED] - Text 'Company name' is present on page 

2020-04-22 08:29:20 - [TEST_STEP][PASSED] - verifyTextPresent("Company status", false): Text 'Company status' is present on page 

2020-04-22 08:29:20 - [MESSAGE][PASSED] - Text 'Company status' is present on page 

2020-04-22 08:29:20 - [TEST_STEP][PASSED] - verifyTextPresent("Total feedbacks", false): Text 'Total feedbacks' is present on page 

2020-04-22 08:29:20 - [MESSAGE][PASSED] - Text 'Total feedbacks' is present on page 

2020-04-22 08:29:20 - [TEST_STEP][PASSED] - verifyTextPresent("Selected feedbacks", false): Text 'Selected feedbacks' is present on page 

2020-04-22 08:29:20 - [MESSAGE][PASSED] - Text 'Selected feedbacks' is present on page 

2020-04-22 08:29:20 - [TEST_STEP][PASSED] - verifyTextPresent("Percentage", false): Text 'Percentage' is present on page 

2020-04-22 08:29:20 - [MESSAGE][PASSED] - Text 'Percentage' is present on page 

2020-04-22 08:29:20 - [TEST_STEP][PASSED] - verifyTextPresent("5 Star Cleaning", false): Text '5 Star Cleaning' is present on page 

2020-04-22 08:29:20 - [MESSAGE][PASSED] - Text '5 Star Cleaning' is present on page 

2020-04-22 08:29:20 - [TEST_STEP][PASSED] - verifyTextPresent("100%", false): Text '100%' is present on page 

2020-04-22 08:29:21 - [MESSAGE][PASSED] - Text '100%' is present on page 

2020-04-22 08:29:21 - [TEST_STEP][PASSED] - verifyTextPresent("5d Compliance", false): Text '5d Compliance' is present on page 

2020-04-22 08:29:21 - [MESSAGE][PASSED] - Text '5d Compliance' is present on page 

2020-04-22 08:29:21 - [TEST_STEP][PASSED] - verifyTextPresent("ABD Homes Ltd", false): Text 'ABD Homes Ltd' is present on page 

2020-04-22 08:29:21 - [MESSAGE][PASSED] - Text 'ABD Homes Ltd' is present on page 

2020-04-22 08:29:21 - [TEST_STEP][PASSED] - verifyTextPresent("B Nicol Joinery", false): Text 'B Nicol Joinery' is present on page 

2020-04-22 08:29:21 - [MESSAGE][PASSED] - Text 'B Nicol Joinery' is present on page 

2020-04-22 08:29:21 - [MESSAGE][PASSED] - Call Test Case 'Test Cases/Reusable_Test_Sequences/Web_Office/Verification/Reports/Members_Feedback_Status' successfully

2020-04-22 08:29:21 - [TEST_STEP][PASSED] - "--------------------------": null

2020-04-22 08:29:21 - [TEST_STEP][PASSED] - " Teardown - CLose Browser |": null

2020-04-22 08:29:21 - [TEST_STEP][PASSED] - callTestCase(findTestCase("Reusable_Test_Sequences/CAT_Teardown"), [:], OPTIONAL): Call Test Case 'Test Cases/Reusable_Test_Sequences/CAT_Teardown' successfully

2020-04-22 08:29:21 - [TEST_CASE][PASSED] - Test Cases/Reusable_Test_Sequences/CAT_Teardown: Test Cases/Reusable_Test_Sequences/CAT_Teardown

2020-04-22 08:29:21 - [TEST_STEP][PASSED] - closeBrowser(): Browser is closed

2020-04-22 08:29:22 - [MESSAGE][PASSED] - Browser is closed

2020-04-22 08:29:22 - [TEST_STEP][PASSED] - super.finalize(): null

2020-04-22 08:29:22 - [TEST_STEP][PASSED] - System.gc(): null

2020-04-22 08:29:22 - [MESSAGE][PASSED] - Call Test Case 'Test Cases/Reusable_Test_Sequences/CAT_Teardown' successfully]]></system-out>
         <system-err><![CDATA[]]></system-err>
      </testcase>
      <testcase name="Test Cases/Web_Office/Reports/Members_Feedback_Company" time="15.091" classname="Test Cases/Web_Office/Reports/Members_Feedback_Company" status="PASSED">
         <system-out><![CDATA[2020-04-22 08:29:22 - [TEST_CASE][PASSED] - Test Cases/Web_Office/Reports/Members_Feedback_Company: Test Cases/Web_Office/Reports/Members_Feedback_Company

2020-04-22 08:29:23 - [TEST_STEP][PASSED] - "--------------------------------------": null

2020-04-22 08:29:23 - [TEST_STEP][PASSED] - " Web Office StartUp                  |": null

2020-04-22 08:29:23 - [TEST_STEP][PASSED] - callTestCase(findTestCase("Reusable_Test_Sequences/Web_Office/Directives/WebOffice_StartUp"), [:], STOP_ON_FAILURE): Call Test Case 'Test Cases/Reusable_Test_Sequences/Web_Office/Directives/WebOffice_StartUp' successfully

2020-04-22 08:29:23 - [TEST_CASE][PASSED] - Test Cases/Reusable_Test_Sequences/Web_Office/Directives/WebOffice_StartUp: Test Cases/Reusable_Test_Sequences/Web_Office/Directives/WebOffice_StartUp

2020-04-22 08:29:23 - [TEST_STEP][PASSED] - "-----------------------------------------------------------------------------": null

2020-04-22 08:29:23 - [TEST_STEP][PASSED] - if (URL == "https://www.dev.checkatrade.com/"): null

2020-04-22 08:29:23 - [TEST_STEP][PASSED] - "-----------------------------------------------------------------------------": null

2020-04-22 08:29:23 - [TEST_STEP][PASSED] - if (URL == "https://www.checkatrade.com/"): null

2020-04-22 08:29:23 - [TEST_STEP][PASSED] - "-----------------------------------------------------------------------------": null

2020-04-22 08:29:23 - [TEST_STEP][PASSED] - if (URL == "https://www.preview.checkatrade.com/"): null

2020-04-22 08:29:23 - [TEST_STEP][PASSED] - WebOfficeURL = "https://admin.preview.checkatrade.com/": null

2020-04-22 08:29:23 - [TEST_STEP][PASSED] - if (URL == "https://www.dev2.checkatrade.com/"): null

2020-04-22 08:29:23 - [TEST_STEP][PASSED] - "Set Function Area for "URL_Handler", URL Resolution": null

2020-04-22 08:29:23 - [TEST_STEP][PASSED] - "Do Some Magic with URL(s) See the comments within URL Handler ": null

2020-04-22 08:29:23 - [TEST_STEP][PASSED] - "------------------------------------------------": null

2020-04-22 08:29:23 - [TEST_STEP][PASSED] - "Moved Login Credentials to <Default> profile 22/01/2020": null

2020-04-22 08:29:23 - [TEST_STEP][PASSED] - "------------------------------------------------": null

2020-04-22 08:29:23 - [TEST_STEP][PASSED] - "WebOfficeURL - Set from the ENVIRONMENT PROFILE ": null

2020-04-22 08:29:23 - [TEST_STEP][PASSED] - "OPEN BROWSER": null

2020-04-22 08:29:23 - [TEST_STEP][PASSED] - "eg - https://admin.preview.checkatrade.com/  ": null

2020-04-22 08:29:23 - [TEST_STEP][PASSED] - openBrowser(WebOfficeURL): Browser is opened with url: 'https://admin.preview.checkatrade.com/'

2020-04-22 08:29:23 - [MESSAGE][INFO] - Starting 'Chrome' driver

2020-04-22 08:29:23 - [MESSAGE][INFO] - Action delay is set to 0 milliseconds

2020-04-22 08:29:27 - [MESSAGE][PASSED] - Browser is opened with url: 'https://admin.preview.checkatrade.com/'

2020-04-22 08:29:27 - [TEST_STEP][PASSED] - maximizeWindow(): Current window maximized

2020-04-22 08:29:29 - [MESSAGE][PASSED] - Current window maximized

2020-04-22 08:29:29 - [TEST_STEP][PASSED] - waitForElementClickable(findTestObject("Object Repository/WebOffice/Page_Checkatrade - Administration - Login/Login_Button"), 25): Object 'Object Repository/WebOffice/Page_Checkatrade - Administration - Login/Login_Button' is clickable

2020-04-22 08:29:29 - [MESSAGE][PASSED] - Object 'Object Repository/WebOffice/Page_Checkatrade - Administration - Login/Login_Button' is clickable

2020-04-22 08:29:29 - [TEST_STEP][PASSED] - verifyTextPresent("Checkatrade Web Office", false): Text 'Checkatrade Web Office' is present on page 

2020-04-22 08:29:29 - [MESSAGE][PASSED] - Text 'Checkatrade Web Office' is present on page 

2020-04-22 08:29:29 - [TEST_STEP][PASSED] - verifyTextPresent("Access for staff use only", false): Text 'Access for staff use only' is present on page 

2020-04-22 08:29:30 - [MESSAGE][PASSED] - Text 'Access for staff use only' is present on page 

2020-04-22 08:29:30 - [TEST_STEP][PASSED] - verifyTextPresent("Forgotten password?", false): Text 'Forgotten password?' is present on page 

2020-04-22 08:29:30 - [MESSAGE][PASSED] - Text 'Forgotten password?' is present on page 

2020-04-22 08:29:30 - [TEST_STEP][PASSED] - setText(findTestObject("Object Repository/WebOffice/Page_Checkatrade - Administration - Login/input_Username_LoginControlUserName"), wo_Username): Text 'DavidHo' is set on object 'Object Repository/WebOffice/Page_Checkatrade - Administration - Login/input_Username_LoginControlUserName'

2020-04-22 08:29:30 - [MESSAGE][PASSED] - Text 'DavidHo' is set on object 'Object Repository/WebOffice/Page_Checkatrade - Administration - Login/input_Username_LoginControlUserName'

2020-04-22 08:29:30 - [TEST_STEP][PASSED] - setText(findTestObject("Object Repository/WebOffice/Page_Checkatrade - Administration - Login/input_Password_LoginControlPassword"), wo_Password): Text 'Check123' is set on object 'Object Repository/WebOffice/Page_Checkatrade - Administration - Login/input_Password_LoginControlPassword'

2020-04-22 08:29:30 - [MESSAGE][PASSED] - Text 'Check123' is set on object 'Object Repository/WebOffice/Page_Checkatrade - Administration - Login/input_Password_LoginControlPassword'

2020-04-22 08:29:30 - [TEST_STEP][PASSED] - click(findTestObject("Object Repository/WebOffice/Page_Checkatrade - Administration - Login/Login_Button")): Object: 'Object Repository/WebOffice/Page_Checkatrade - Administration - Login/Login_Button' is clicked on

2020-04-22 08:29:32 - [MESSAGE][PASSED] - Object: 'Object Repository/WebOffice/Page_Checkatrade - Administration - Login/Login_Button' is clicked on

2020-04-22 08:29:32 - [TEST_STEP][PASSED] - waitForPageLoad(60): Wait for page load successfully

2020-04-22 08:29:32 - [MESSAGE][PASSED] - Wait for page load successfully

2020-04-22 08:29:32 - [TEST_STEP][PASSED] - verifyTextPresent("Welcome " + wo_Username, false): Text 'Welcome DavidHo' is present on page 

2020-04-22 08:29:32 - [MESSAGE][PASSED] - Text 'Welcome DavidHo' is present on page 

2020-04-22 08:29:32 - [MESSAGE][PASSED] - Call Test Case 'Test Cases/Reusable_Test_Sequences/Web_Office/Directives/WebOffice_StartUp' successfully

2020-04-22 08:29:32 - [TEST_STEP][PASSED] - "-----------------------------------------------------------------": null

2020-04-22 08:29:32 - [TEST_STEP][PASSED] - " Navigate to <Settings->Checkatrade.Com->Sub Item> Menu Item     |": null

2020-04-22 08:29:32 - [TEST_STEP][PASSED] - callTestCase(findTestCase("Reusable_Test_Sequences/Web_Office/Navigation/Sub_Menu_Navigation/Reports/Members_Feedback_Company"), [:], STOP_ON_FAILURE): Call Test Case 'Test Cases/Reusable_Test_Sequences/Web_Office/Navigation/Sub_Menu_Navigation/Reports/Members_Feedback_Company' successfully

2020-04-22 08:29:32 - [TEST_CASE][PASSED] - Test Cases/Reusable_Test_Sequences/Web_Office/Navigation/Sub_Menu_Navigation/Reports/Members_Feedback_Company: Test Cases/Reusable_Test_Sequences/Web_Office/Navigation/Sub_Menu_Navigation/Reports/Members_Feedback_Company

2020-04-22 08:29:32 - [TEST_STEP][PASSED] - "--------------------------------------": null

2020-04-22 08:29:32 - [TEST_STEP][PASSED] - " Navigate Top level menu Item         |": null

2020-04-22 08:29:32 - [TEST_STEP][PASSED] - waitForPageLoad(60): Wait for page load successfully

2020-04-22 08:29:32 - [MESSAGE][PASSED] - Wait for page load successfully

2020-04-22 08:29:32 - [TEST_STEP][PASSED] - waitForElementClickable(findTestObject("Object Repository/WebOffice_Home_page/a_Reports"), 60): Object 'Object Repository/WebOffice_Home_page/a_Reports' is clickable

2020-04-22 08:29:32 - [MESSAGE][PASSED] - Object 'Object Repository/WebOffice_Home_page/a_Reports' is clickable

2020-04-22 08:29:32 - [TEST_STEP][PASSED] - mouseOver(findTestObject("Object Repository/WebOffice_Home_page/a_Reports")): Object: 'Object Repository/WebOffice_Home_page/a_Reports' is hovered

2020-04-22 08:29:33 - [MESSAGE][PASSED] - Object: 'Object Repository/WebOffice_Home_page/a_Reports' is hovered

2020-04-22 08:29:33 - [TEST_STEP][PASSED] - click(findTestObject("Object Repository/WebOffice_Home_page/Page_/a_Members")): Object: 'Object Repository/WebOffice_Home_page/Page_/a_Members' is clicked on

2020-04-22 08:29:33 - [MESSAGE][PASSED] - Object: 'Object Repository/WebOffice_Home_page/Page_/a_Members' is clicked on

2020-04-22 08:29:33 - [TEST_STEP][PASSED] - click(findTestObject("Object Repository/WebOffice_Home_page/Page_/a_Members Feedback")): Object: 'Object Repository/WebOffice_Home_page/Page_/a_Members Feedback' is clicked on

2020-04-22 08:29:33 - [MESSAGE][PASSED] - Object: 'Object Repository/WebOffice_Home_page/Page_/a_Members Feedback' is clicked on

2020-04-22 08:29:33 - [TEST_STEP][PASSED] - waitForPageLoad(5): Wait for page load successfully

2020-04-22 08:29:33 - [MESSAGE][PASSED] - Wait for page load successfully

2020-04-22 08:29:33 - [TEST_STEP][PASSED] - waitForElementClickable(findTestObject("Object Repository/WebOffice_Home_page/Page_/a_Company Detail Report"), 5): Object 'Object Repository/WebOffice_Home_page/Page_/a_Company Detail Report' is clickable

2020-04-22 08:29:33 - [MESSAGE][PASSED] - Object 'Object Repository/WebOffice_Home_page/Page_/a_Company Detail Report' is clickable

2020-04-22 08:29:33 - [TEST_STEP][PASSED] - click(findTestObject("Object Repository/WebOffice_Home_page/Page_/a_Company Detail Report")): Object: 'Object Repository/WebOffice_Home_page/Page_/a_Company Detail Report' is clicked on

2020-04-22 08:29:34 - [MESSAGE][PASSED] - Object: 'Object Repository/WebOffice_Home_page/Page_/a_Company Detail Report' is clicked on

2020-04-22 08:29:34 - [MESSAGE][PASSED] - Call Test Case 'Test Cases/Reusable_Test_Sequences/Web_Office/Navigation/Sub_Menu_Navigation/Reports/Members_Feedback_Company' successfully

2020-04-22 08:29:34 - [TEST_STEP][PASSED] - "--------------------------------------": null

2020-04-22 08:29:34 - [TEST_STEP][PASSED] - " Verify Returned Page Detail          |": null

2020-04-22 08:29:34 - [TEST_STEP][PASSED] - callTestCase(findTestCase("Reusable_Test_Sequences/Web_Office/Verification/Reports/Members_Feedback_Company"), [:], OPTIONAL): Call Test Case 'Test Cases/Reusable_Test_Sequences/Web_Office/Verification/Reports/Members_Feedback_Company' successfully

2020-04-22 08:29:34 - [TEST_CASE][PASSED] - Test Cases/Reusable_Test_Sequences/Web_Office/Verification/Reports/Members_Feedback_Company: Test Cases/Reusable_Test_Sequences/Web_Office/Verification/Reports/Members_Feedback_Company

2020-04-22 08:29:34 - [TEST_STEP][PASSED] - waitForPageLoad(120): Wait for page load successfully

2020-04-22 08:29:34 - [MESSAGE][PASSED] - Wait for page load successfully

2020-04-22 08:29:34 - [TEST_STEP][PASSED] - delay(1): Delayed 1 second(s)

2020-04-22 08:29:35 - [MESSAGE][PASSED] - Delayed 1 second(s)

2020-04-22 08:29:35 - [TEST_STEP][PASSED] - verifyTextPresent("Members Feedback : Company Detail Report", false): Text 'Members Feedback : Company Detail Report' is present on page 

2020-04-22 08:29:35 - [MESSAGE][PASSED] - Text 'Members Feedback : Company Detail Report' is present on page 

2020-04-22 08:29:35 - [TEST_STEP][PASSED] - "----------------------------------------------": null

2020-04-22 08:29:35 - [TEST_STEP][PASSED] - verifyTextPresent("Summary Report", false): Text 'Summary Report' is present on page 

2020-04-22 08:29:36 - [MESSAGE][PASSED] - Text 'Summary Report' is present on page 

2020-04-22 08:29:36 - [TEST_STEP][PASSED] - verifyTextPresent("Status Report", false): Text 'Status Report' is present on page 

2020-04-22 08:29:36 - [MESSAGE][PASSED] - Text 'Status Report' is present on page 

2020-04-22 08:29:36 - [TEST_STEP][PASSED] - verifyTextPresent("Company Detail Report", false): Text 'Company Detail Report' is present on page 

2020-04-22 08:29:36 - [MESSAGE][PASSED] - Text 'Company Detail Report' is present on page 

2020-04-22 08:29:36 - [TEST_STEP][PASSED] - verifyTextPresent("Feedback status", false): Text 'Feedback status' is present on page 

2020-04-22 08:29:36 - [MESSAGE][PASSED] - Text 'Feedback status' is present on page 

2020-04-22 08:29:36 - [TEST_STEP][PASSED] - verifyTextPresent("Company name", false): Text 'Company name' is present on page 

2020-04-22 08:29:36 - [MESSAGE][PASSED] - Text 'Company name' is present on page 

2020-04-22 08:29:36 - [TEST_STEP][PASSED] - verifyTextPresent("Feedbacks", false): Text 'Feedbacks' is present on page 

2020-04-22 08:29:36 - [MESSAGE][PASSED] - Text 'Feedbacks' is present on page 

2020-04-22 08:29:36 - [MESSAGE][PASSED] - Call Test Case 'Test Cases/Reusable_Test_Sequences/Web_Office/Verification/Reports/Members_Feedback_Company' successfully

2020-04-22 08:29:36 - [TEST_STEP][PASSED] - "--------------------------": null

2020-04-22 08:29:36 - [TEST_STEP][PASSED] - " Teardown - CLose Browser |": null

2020-04-22 08:29:36 - [TEST_STEP][PASSED] - callTestCase(findTestCase("Reusable_Test_Sequences/CAT_Teardown"), [:], OPTIONAL): Call Test Case 'Test Cases/Reusable_Test_Sequences/CAT_Teardown' successfully

2020-04-22 08:29:36 - [TEST_CASE][PASSED] - Test Cases/Reusable_Test_Sequences/CAT_Teardown: Test Cases/Reusable_Test_Sequences/CAT_Teardown

2020-04-22 08:29:36 - [TEST_STEP][PASSED] - closeBrowser(): Browser is closed

2020-04-22 08:29:37 - [MESSAGE][PASSED] - Browser is closed

2020-04-22 08:29:37 - [TEST_STEP][PASSED] - super.finalize(): null

2020-04-22 08:29:37 - [TEST_STEP][PASSED] - System.gc(): null

2020-04-22 08:29:37 - [MESSAGE][PASSED] - Call Test Case 'Test Cases/Reusable_Test_Sequences/CAT_Teardown' successfully]]></system-out>
         <system-err><![CDATA[]]></system-err>
      </testcase>
      <system-out><![CDATA[2020-04-22 08:10:47 - [TEST_SUITE][PASSED] - Web_Office_Reports: Test Cases/Web_Office/Reports/Members_Feedback_Company]]></system-out>
      <system-err><![CDATA[]]></system-err>
   </testsuite>
</testsuites>
