<?xml version="1.0" encoding="UTF-8"?>
<testsuites name="Members_My_Profile" time="219.332" tests="1" failures="0" errors="0">
   <testsuite name="Members_My_Profile" tests="1" failures="0" errors="0" time="219.332" timestamp="2019-10-31 15:10:02" hostname="DavidHo - VETTEDSP36RF.check.local" id="Test Suites/Members_My_Profile">
      <properties>
         <property name="deviceName" value=""/>
         <property name="devicePlatform" value=""/>
         <property name="logFolder" value="C:\\Users\\davidho\\Katalon Studio\\Start\\Reports\\20191031_150746\\Members_My_Profile\\20191031_150749"/>
         <property name="logFiles" value="C:\\Users\\davidho\\Katalon Studio\\Start\\Reports\\20191031_150746\\Members_My_Profile\\20191031_150749\\execution0.log"/>
         <property name="attachments" value=""/>
         <property name="hostName" value="DavidHo - VETTEDSP36RF.check.local"/>
         <property name="os" value="Windows 10 32bit"/>
         <property name="katalonVersion" value="7.0.5.1"/>
         <property name="browser" value="Firefox 69.0"/>
         <property name="hostAddress" value="10.0.11.243"/>
         <property name="sessionId" value="0e222456-bf8d-4255-9d7f-b911a068688c"/>
         <property name="seleniumVersion" value="3.141.59"/>
         <property name="proxyInformation" value="ProxyInformation{proxyOption=NO_PROXY, proxyServerType=HTTP, password=, proxyServerAddress=, proxyServerPort=0}"/>
         <property name="platform" value="Windows 10"/>
      </properties>
      <testcase name="Test Cases/Members_Area/My_Profile_Page" time="216.317" classname="Test Cases/Members_Area/My_Profile_Page" status="PASSED">
         <system-out><![CDATA[2019-10-31 15:10:02 - [TEST_CASE][PASSED] - Test Cases/Members_Area/My_Profile_Page: Test Cases/Members_Area/My_Profile_Page

2019-10-31 15:10:03 - [TEST_STEP][PASSED] - PAGE = "/my-profile-page": null

2019-10-31 15:10:03 - [TEST_STEP][PASSED] - for ([row = 1, row <= findTestData("Members_Test_Data").getRowNumbers(), (internal.GlobalVariable.row++)]): Call Test Case 'Test Cases/Reusable_Test_Sequences/Members_Area/Banner_Menu/log_Off' successfully

2019-10-31 15:10:04 - [TEST_STEP][PASSED] - callTestCase(findTestCase("Reusable_Test_Sequences/Members_Area/Start_Up"), [:], STOP_ON_FAILURE): Call Test Case 'Test Cases/Reusable_Test_Sequences/Members_Area/Start_Up' successfully

2019-10-31 15:10:04 - [TEST_CASE][PASSED] - Test Cases/Reusable_Test_Sequences/Members_Area/Start_Up: Test Cases/Reusable_Test_Sequences/Members_Area/Start_Up

2019-10-31 15:10:04 - [TEST_STEP][PASSED] - data = findTestData("Members_Test_Data"): null

2019-10-31 15:10:04 - [TEST_STEP][PASSED] - Header_Text = "": null

2019-10-31 15:10:04 - [TEST_STEP][PASSED] - Forgotten_Password = "": null

2019-10-31 15:10:04 - [TEST_STEP][PASSED] - Forgotten_Username = "": null

2019-10-31 15:10:04 - [TEST_STEP][PASSED] - Trouble_Logging_In = "": null

2019-10-31 15:10:04 - [TEST_STEP][PASSED] - callTestCase(findTestCase("Reusable_Test_Sequences/URL_Handler"), [:], CONTINUE_ON_FAILURE): Call Test Case 'Test Cases/Reusable_Test_Sequences/URL_Handler' successfully

2019-10-31 15:10:04 - [TEST_CASE][PASSED] - Test Cases/Reusable_Test_Sequences/URL_Handler: Test Cases/Reusable_Test_Sequences/URL_Handler

2019-10-31 15:10:05 - [TEST_STEP][PASSED] - "      CURRENT DEV (MASTER) Environment": null

2019-10-31 15:10:05 - [TEST_STEP][PASSED] - "      Dev Test Environment": null

2019-10-31 15:10:05 - [TEST_STEP][PASSED] - "      Next Dev Environment": null

2019-10-31 15:10:05 - [TEST_STEP][PASSED] - "      Preview Environment": null

2019-10-31 15:10:05 - [TEST_STEP][PASSED] - "      Live": null

2019-10-31 15:10:05 - [TEST_STEP][PASSED] - "######################################################################################################################################################": null

2019-10-31 15:10:05 - [TEST_STEP][PASSED] - "#  OF COURSE, FOR THIS TO WORK THE TEST CREDENTIALS SHOULD BE AVAILABLE ACROSS ALL ENVIRONMENTS - Username = check1234 - & - Password = testing123   #": null

2019-10-31 15:10:05 - [TEST_STEP][PASSED] - switch (URL): null

2019-10-31 15:10:05 - [TEST_STEP][PASSED] - case .*www.preview.checkatrade.*:: null

2019-10-31 15:10:05 - [TEST_STEP][PASSED] - URL = "https://preview-ma.checkatrade.com/login?return=%2Fdashboard": null

2019-10-31 15:10:05 - [TEST_STEP][PASSED] - break: null

2019-10-31 15:10:05 - [TEST_STEP][PASSED] - URL: null

2019-10-31 15:10:05 - [MESSAGE][PASSED] - Call Test Case 'Test Cases/Reusable_Test_Sequences/URL_Handler' successfully

2019-10-31 15:10:05 - [TEST_STEP][PASSED] - "URL - Set from the ENVIRONMENT PROFILE - Specific Page Address Provided By +GlobalVariable.PAGE  ": null

2019-10-31 15:10:05 - [TEST_STEP][PASSED] - openBrowser(URL): Browser is opened with url: 'https://preview-ma.checkatrade.com/login?return=%2Fdashboard'

2019-10-31 15:10:05 - [MESSAGE][INFO] - Starting 'Firefox' driver

2019-10-31 15:10:05 - [MESSAGE][INFO] - Action delay is set to 0 seconds

2019-10-31 15:10:15 - [MESSAGE][PASSED] - Browser is opened with url: 'https://preview-ma.checkatrade.com/login?return=%2Fdashboard'

2019-10-31 15:10:15 - [TEST_STEP][PASSED] - maximizeWindow(): Current window maximized

2019-10-31 15:10:16 - [MESSAGE][PASSED] - Current window maximized

2019-10-31 15:10:16 - [TEST_STEP][PASSED] - waitForPageLoad(60): Wait for page load successfully

2019-10-31 15:10:16 - [MESSAGE][PASSED] - Wait for page load successfully

2019-10-31 15:10:16 - [TEST_STEP][PASSED] - verifyTextPresent(data.getValue("Header_Text", row), false): Text 'EXCLUSIVE ACCESS FOR CHECKATRADE MEMBERS ONLY' is present on page 

2019-10-31 15:10:16 - [MESSAGE][PASSED] - Text 'EXCLUSIVE ACCESS FOR CHECKATRADE MEMBERS ONLY' is present on page 

2019-10-31 15:10:16 - [TEST_STEP][PASSED] - verifyTextPresent(data.getValue("Forgotten_Password", row), false): Text 'Forgotten password?' is present on page 

2019-10-31 15:10:16 - [MESSAGE][PASSED] - Text 'Forgotten password?' is present on page 

2019-10-31 15:10:16 - [TEST_STEP][PASSED] - verifyTextPresent(data.getValue("Forgotten_Username", row), false): Text 'Forgotten username?' is present on page 

2019-10-31 15:10:16 - [MESSAGE][PASSED] - Text 'Forgotten username?' is present on page 

2019-10-31 15:10:16 - [TEST_STEP][PASSED] - verifyTextPresent(data.getValue("Trouble_Logging_In", row), false): Text 'Trouble logging in?' is present on page 

2019-10-31 15:10:17 - [MESSAGE][PASSED] - Text 'Trouble logging in?' is present on page 

2019-10-31 15:10:17 - [MESSAGE][PASSED] - Call Test Case 'Test Cases/Reusable_Test_Sequences/Members_Area/Start_Up' successfully

2019-10-31 15:10:17 - [TEST_STEP][PASSED] - callTestCase(findTestCase("Reusable_Test_Sequences/Members_Area/log_On"), [:], STOP_ON_FAILURE): Call Test Case 'Test Cases/Reusable_Test_Sequences/Members_Area/log_On' successfully

2019-10-31 15:10:17 - [TEST_CASE][PASSED] - Test Cases/Reusable_Test_Sequences/Members_Area/log_On: Test Cases/Reusable_Test_Sequences/Members_Area/log_On

2019-10-31 15:10:17 - [TEST_STEP][PASSED] - waitForElementPresent(findTestObject("Object Repository/Members/Page_Members Area/button_Log in"), 10): Object 'Object Repository/Members/Page_Members Area/button_Log in' is present

2019-10-31 15:10:18 - [MESSAGE][PASSED] - Object 'Object Repository/Members/Page_Members Area/button_Log in' is present

2019-10-31 15:10:18 - [TEST_STEP][PASSED] - click(findTestObject("Object Repository/Members/Page_Members Area/input_Username_username")): Object: 'Object Repository/Members/Page_Members Area/input_Username_username' is clicked on

2019-10-31 15:10:18 - [MESSAGE][PASSED] - Object: 'Object Repository/Members/Page_Members Area/input_Username_username' is clicked on

2019-10-31 15:10:18 - [TEST_STEP][PASSED] - setText(findTestObject("Object Repository/Members/Page_Members Area/input_Username_username"), Username): Text 'check1234' is set on object 'Object Repository/Members/Page_Members Area/input_Username_username'

2019-10-31 15:10:18 - [MESSAGE][PASSED] - Text 'check1234' is set on object 'Object Repository/Members/Page_Members Area/input_Username_username'

2019-10-31 15:10:18 - [TEST_STEP][PASSED] - click(findTestObject("Object Repository/Members/Page_Members Area/input_Password_password")): Object: 'Object Repository/Members/Page_Members Area/input_Password_password' is clicked on

2019-10-31 15:10:19 - [MESSAGE][PASSED] - Object: 'Object Repository/Members/Page_Members Area/input_Password_password' is clicked on

2019-10-31 15:10:19 - [TEST_STEP][PASSED] - setText(findTestObject("Object Repository/Members/Page_Members Area/input_Password_password"), Password): Text 'testing123' is set on object 'Object Repository/Members/Page_Members Area/input_Password_password'

2019-10-31 15:10:19 - [MESSAGE][PASSED] - Text 'testing123' is set on object 'Object Repository/Members/Page_Members Area/input_Password_password'

2019-10-31 15:10:19 - [TEST_STEP][PASSED] - click(findTestObject("Object Repository/Members/Page_Members Area/button_Log in")): Object: 'Object Repository/Members/Page_Members Area/button_Log in' is clicked on

2019-10-31 15:10:19 - [MESSAGE][PASSED] - Object: 'Object Repository/Members/Page_Members Area/button_Log in' is clicked on

2019-10-31 15:10:19 - [MESSAGE][PASSED] - Call Test Case 'Test Cases/Reusable_Test_Sequences/Members_Area/log_On' successfully

2019-10-31 15:10:19 - [TEST_STEP][PASSED] - callTestCase(findTestCase("Reusable_Test_Sequences/Members_Area/Validation/Dashboard"), [:], CONTINUE_ON_FAILURE): Call Test Case 'Test Cases/Reusable_Test_Sequences/Members_Area/Validation/Dashboard' successfully

2019-10-31 15:10:19 - [TEST_CASE][PASSED] - Test Cases/Reusable_Test_Sequences/Members_Area/Validation/Dashboard: Test Cases/Reusable_Test_Sequences/Members_Area/Validation/Dashboard

2019-10-31 15:10:20 - [TEST_STEP][PASSED] - waitForElementPresent(findTestObject("Object Repository/Page_Members Area/a_Dashboard"), 60): Object 'Object Repository/Page_Members Area/a_Dashboard' is present

2019-10-31 15:10:20 - [MESSAGE][PASSED] - Object 'Object Repository/Page_Members Area/a_Dashboard' is present

2019-10-31 15:10:20 - [TEST_STEP][PASSED] - refresh(): Refresh successfully

2019-10-31 15:10:22 - [MESSAGE][PASSED] - Refresh successfully

2019-10-31 15:10:22 - [TEST_STEP][PASSED] - "---------------------------------": null

2019-10-31 15:10:22 - [TEST_STEP][PASSED] - "THIS TAB - DASHBOARD - PRIMARY   |": null

2019-10-31 15:10:22 - [TEST_STEP][PASSED] - verifyTextPresent(findTestData("Members_Test_Data").getValue("MEMBER_ID", 1), false): Text '218630' is present on page 

2019-10-31 15:10:24 - [MESSAGE][PASSED] - Text '218630' is present on page 

2019-10-31 15:10:24 - [TEST_STEP][PASSED] - verifyTextPresent("MEMBER ID", false): Text 'MEMBER ID' is present on page 

2019-10-31 15:10:24 - [MESSAGE][PASSED] - Text 'MEMBER ID' is present on page 

2019-10-31 15:10:24 - [TEST_STEP][PASSED] - verifyTextPresent("Dashboard", false): Text 'Dashboard' is present on page 

2019-10-31 15:10:25 - [MESSAGE][PASSED] - Text 'Dashboard' is present on page 

2019-10-31 15:10:25 - [TEST_STEP][PASSED] - verifyTextPresent("Your Customers", false): Text 'Your Customers' is present on page 

2019-10-31 15:10:26 - [MESSAGE][PASSED] - Text 'Your Customers' is present on page 

2019-10-31 15:10:26 - [TEST_STEP][PASSED] - verifyTextPresent("Grow Your Business", false): Text 'Grow Your Business' is present on page 

2019-10-31 15:10:27 - [MESSAGE][PASSED] - Text 'Grow Your Business' is present on page 

2019-10-31 15:10:27 - [TEST_STEP][PASSED] - verifyTextPresent("Your Account", false): Text 'Your Account' is present on page 

2019-10-31 15:10:27 - [MESSAGE][PASSED] - Text 'Your Account' is present on page 

2019-10-31 15:10:27 - [TEST_STEP][PASSED] - verifyTextPresent("Log off", false): Text 'Log off' is present on page 

2019-10-31 15:10:28 - [MESSAGE][PASSED] - Text 'Log off' is present on page 

2019-10-31 15:10:28 - [TEST_STEP][PASSED] - verifyTextPresent("Contact us", false): Text 'Contact us' is present on page 

2019-10-31 15:10:29 - [MESSAGE][PASSED] - Text 'Contact us' is present on page 

2019-10-31 15:10:29 - [TEST_STEP][PASSED] - verifyTextPresent("Item(s) that need your attention", false): Text 'Item(s) that need your attention' is present on page 

2019-10-31 15:10:29 - [MESSAGE][PASSED] - Text 'Item(s) that need your attention' is present on page 

2019-10-31 15:10:29 - [TEST_STEP][PASSED] - verifyTextPresent("Accreditation(s) have expired", false): Text 'Accreditation(s) have expired' is present on page 

2019-10-31 15:10:30 - [MESSAGE][PASSED] - Text 'Accreditation(s) have expired' is present on page 

2019-10-31 15:10:30 - [TEST_STEP][PASSED] - verifyTextPresent("GAS SAFE REGISTER", false): Text 'GAS SAFE REGISTER' is present on page 

2019-10-31 15:10:31 - [MESSAGE][PASSED] - Text 'GAS SAFE REGISTER' is present on page 

2019-10-31 15:10:31 - [TEST_STEP][PASSED] - verifyTextPresent("Reputation Report Cards", false): Text 'Reputation Report Cards' is present on page 

2019-10-31 15:10:31 - [MESSAGE][PASSED] - Text 'Reputation Report Cards' is present on page 

2019-10-31 15:10:31 - [TEST_STEP][PASSED] - verifyTextPresent("PAST 30 DAYS", false): Text 'PAST 30 DAYS' is present on page 

2019-10-31 15:10:32 - [MESSAGE][PASSED] - Text 'PAST 30 DAYS' is present on page 

2019-10-31 15:10:32 - [TEST_STEP][PASSED] - verifyTextPresent("Add Your Company Logo", false): Text 'Add Your Company Logo' is present on page 

2019-10-31 15:10:32 - [MESSAGE][PASSED] - Text 'Add Your Company Logo' is present on page 

2019-10-31 15:10:32 - [TEST_STEP][PASSED] - verifyTextPresent("WHY NOT DISPLAY IT", false): Text 'WHY NOT DISPLAY IT' is present on page 

2019-10-31 15:10:33 - [MESSAGE][PASSED] - Text 'WHY NOT DISPLAY IT' is present on page 

2019-10-31 15:10:33 - [TEST_STEP][PASSED] - verifyTextPresent("Your membership T", false): Text 'Your membership T' is present on page 

2019-10-31 15:10:33 - [MESSAGE][PASSED] - Text 'Your membership T' is present on page 

2019-10-31 15:10:33 - [TEST_STEP][PASSED] - verifyTextPresent("been updated", false): Text 'been updated' is present on page 

2019-10-31 15:10:34 - [MESSAGE][PASSED] - Text 'been updated' is present on page 

2019-10-31 15:10:34 - [TEST_STEP][PASSED] - verifyTextPresent("Your Visitors", false): Text 'Your Visitors' is present on page 

2019-10-31 15:10:35 - [MESSAGE][PASSED] - Text 'Your Visitors' is present on page 

2019-10-31 15:10:35 - [TEST_STEP][PASSED] - scrollToElement(findTestObject("Object Repository/Page_Members Area/My_Profile_Page_img"), 5): Scroll to object 'Object Repository/Page_Members Area/My_Profile_Page_img' successfully

2019-10-31 15:10:35 - [MESSAGE][PASSED] - Scroll to object 'Object Repository/Page_Members Area/My_Profile_Page_img' successfully

2019-10-31 15:10:35 - [TEST_STEP][PASSED] - verifyTextPresent("My Feedback", false): Text 'My Feedback' is present on page 

2019-10-31 15:10:36 - [MESSAGE][PASSED] - Text 'My Feedback' is present on page 

2019-10-31 15:10:36 - [TEST_STEP][PASSED] - verifyTextPresent("Callback Requests", false): Text 'Callback Requests' is present on page 

2019-10-31 15:10:37 - [MESSAGE][PASSED] - Text 'Callback Requests' is present on page 

2019-10-31 15:10:37 - [TEST_STEP][PASSED] - verifyTextPresent("Received a Negative Review", false): Text 'Received a Negative Review' is present on page 

2019-10-31 15:10:37 - [MESSAGE][PASSED] - Text 'Received a Negative Review' is present on page 

2019-10-31 15:10:37 - [TEST_STEP][PASSED] - verifyTextPresent("My Profile Page", false): Text 'My Profile Page' is present on page 

2019-10-31 15:10:38 - [MESSAGE][PASSED] - Text 'My Profile Page' is present on page 

2019-10-31 15:10:38 - [TEST_STEP][PASSED] - verifyTextPresent("My Photos", false): Text 'My Photos' is present on page 

2019-10-31 15:10:38 - [MESSAGE][PASSED] - Text 'My Photos' is present on page 

2019-10-31 15:10:38 - [TEST_STEP][PASSED] - verifyTextPresent("My Stats", false): Text 'My Stats' is present on page 

2019-10-31 15:10:39 - [MESSAGE][PASSED] - Text 'My Stats' is present on page 

2019-10-31 15:10:39 - [TEST_STEP][PASSED] - verifyTextPresent("Advertise in a Directory", false): Text 'Advertise in a Directory' is present on page 

2019-10-31 15:10:40 - [MESSAGE][PASSED] - Text 'Advertise in a Directory' is present on page 

2019-10-31 15:10:40 - [TEST_STEP][PASSED] - verifyTextPresent("Membership", false): Text 'Membership' is present on page 

2019-10-31 15:10:40 - [MESSAGE][PASSED] - Text 'Membership' is present on page 

2019-10-31 15:10:40 - [TEST_STEP][PASSED] - verifyTextPresent("Useful Documents", false): Text 'Useful Documents' is present on page 

2019-10-31 15:10:41 - [MESSAGE][PASSED] - Text 'Useful Documents' is present on page 

2019-10-31 15:10:41 - [TEST_STEP][PASSED] - verifyTextPresent("Payments", false): Text 'Payments' is present on page 

2019-10-31 15:10:42 - [MESSAGE][PASSED] - Text 'Payments' is present on page 

2019-10-31 15:10:42 - [TEST_STEP][PASSED] - verifyTextPresent("Offers and Discounts", false): Text 'Offers and Discounts' is present on page 

2019-10-31 15:10:42 - [MESSAGE][PASSED] - Text 'Offers and Discounts' is present on page 

2019-10-31 15:10:42 - [TEST_STEP][PASSED] - "----------------------------------------------": null

2019-10-31 15:10:42 - [TEST_STEP][PASSED] - verifyTextPresent("Feedback", false): Text 'Feedback' is present on page 

2019-10-31 15:10:43 - [MESSAGE][PASSED] - Text 'Feedback' is present on page 

2019-10-31 15:10:43 - [TEST_STEP][PASSED] - verifyTextPresent("Score", false): Text 'Score' is present on page 

2019-10-31 15:10:44 - [MESSAGE][PASSED] - Text 'Score' is present on page 

2019-10-31 15:10:44 - [TEST_STEP][PASSED] - verifyTextPresent("Tidiness", false): Text 'Tidiness' is present on page 

2019-10-31 15:10:44 - [MESSAGE][PASSED] - Text 'Tidiness' is present on page 

2019-10-31 15:10:44 - [TEST_STEP][PASSED] - verifyTextPresent("Reliability", false): Text 'Reliability' is present on page 

2019-10-31 15:10:45 - [MESSAGE][PASSED] - Text 'Reliability' is present on page 

2019-10-31 15:10:45 - [TEST_STEP][PASSED] - verifyTextPresent("TimeKeeping", false): Text 'TimeKeeping' is present on page 

2019-10-31 15:10:47 - [MESSAGE][PASSED] - Text 'TimeKeeping' is present on page 

2019-10-31 15:10:47 - [TEST_STEP][PASSED] - verifyTextPresent("Courtesy", false): Text 'Courtesy' is present on page 

2019-10-31 15:10:47 - [MESSAGE][PASSED] - Text 'Courtesy' is present on page 

2019-10-31 15:10:47 - [TEST_STEP][PASSED] - verifyTextPresent("Workmanship", false): Text 'Workmanship' is present on page 

2019-10-31 15:10:48 - [MESSAGE][PASSED] - Text 'Workmanship' is present on page 

2019-10-31 15:10:48 - [TEST_STEP][PASSED] - verifyTextPresent("3w", false): Text '3w' is present on page 

2019-10-31 15:10:49 - [MESSAGE][PASSED] - Text '3w' is present on page 

2019-10-31 15:10:49 - [TEST_STEP][PASSED] - verifyTextPresent("3m", false): Text '3m' is present on page 

2019-10-31 15:10:49 - [MESSAGE][PASSED] - Text '3m' is present on page 

2019-10-31 15:10:49 - [TEST_STEP][PASSED] - verifyTextPresent("3y", false): Text '3y' is present on page 

2019-10-31 15:10:50 - [MESSAGE][PASSED] - Text '3y' is present on page 

2019-10-31 15:10:50 - [MESSAGE][PASSED] - Call Test Case 'Test Cases/Reusable_Test_Sequences/Members_Area/Validation/Dashboard' successfully

2019-10-31 15:10:50 - [TEST_STEP][PASSED] - callTestCase(findTestCase("Reusable_Test_Sequences/Members_Area/Area_Menu/Grow_You_Business/My_Profile"), [:], STOP_ON_FAILURE): Call Test Case 'Test Cases/Reusable_Test_Sequences/Members_Area/Area_Menu/Grow_You_Business/My_Profile' successfully

2019-10-31 15:10:50 - [TEST_CASE][PASSED] - Test Cases/Reusable_Test_Sequences/Members_Area/Area_Menu/Grow_You_Business/My_Profile: Test Cases/Reusable_Test_Sequences/Members_Area/Area_Menu/Grow_You_Business/My_Profile

2019-10-31 15:10:50 - [TEST_STEP][PASSED] - waitForElementPresent(findTestObject("Object Repository/Page_Members Area/My_Profile_Page_img"), 25): Object 'Object Repository/Page_Members Area/My_Profile_Page_img' is present

2019-10-31 15:10:50 - [MESSAGE][PASSED] - Object 'Object Repository/Page_Members Area/My_Profile_Page_img' is present

2019-10-31 15:10:50 - [TEST_STEP][PASSED] - scrollToElement(findTestObject("Object Repository/Page_Members Area/My_Profile_Page_img"), 5): Scroll to object 'Object Repository/Page_Members Area/My_Profile_Page_img' successfully

2019-10-31 15:10:50 - [MESSAGE][PASSED] - Scroll to object 'Object Repository/Page_Members Area/My_Profile_Page_img' successfully

2019-10-31 15:10:50 - [TEST_STEP][PASSED] - click(findTestObject("Object Repository/Page_Members Area/My_Profile_Page_img")): Object: 'Object Repository/Page_Members Area/My_Profile_Page_img' is clicked on

2019-10-31 15:10:51 - [MESSAGE][PASSED] - Object: 'Object Repository/Page_Members Area/My_Profile_Page_img' is clicked on

2019-10-31 15:10:51 - [MESSAGE][PASSED] - Call Test Case 'Test Cases/Reusable_Test_Sequences/Members_Area/Area_Menu/Grow_You_Business/My_Profile' successfully

2019-10-31 15:10:51 - [TEST_STEP][PASSED] - callTestCase(findTestCase("Reusable_Test_Sequences/Members_Area/Validation/My_Profile"), [:], CONTINUE_ON_FAILURE): Call Test Case 'Test Cases/Reusable_Test_Sequences/Members_Area/Validation/My_Profile' successfully

2019-10-31 15:10:51 - [TEST_CASE][PASSED] - Test Cases/Reusable_Test_Sequences/Members_Area/Validation/My_Profile: Test Cases/Reusable_Test_Sequences/Members_Area/Validation/My_Profile

2019-10-31 15:10:51 - [TEST_STEP][PASSED] - waitForElementPresent(findTestObject("Object Repository/Page_Members Area/i_Profile text_ace-icon fa fa-file-text-o bigger-400"), 60): Object 'Object Repository/Page_Members Area/i_Profile text_ace-icon fa fa-file-text-o bigger-400' is present

2019-10-31 15:10:51 - [MESSAGE][PASSED] - Object 'Object Repository/Page_Members Area/i_Profile text_ace-icon fa fa-file-text-o bigger-400' is present

2019-10-31 15:10:51 - [TEST_STEP][PASSED] - verifyTextPresent(findTestData("Members_Test_Data").getValue("MEMBER_ID", 1), false): Text '218630' is present on page 

2019-10-31 15:10:51 - [MESSAGE][PASSED] - Text '218630' is present on page 

2019-10-31 15:10:51 - [TEST_STEP][PASSED] - verifyTextPresent("MEMBER ID", false): Text 'MEMBER ID' is present on page 

2019-10-31 15:10:51 - [MESSAGE][PASSED] - Text 'MEMBER ID' is present on page 

2019-10-31 15:10:51 - [TEST_STEP][PASSED] - "----------------------------------------------": null

2019-10-31 15:10:51 - [TEST_STEP][PASSED] - "DEFAULT TAB - My Profile         ": null

2019-10-31 15:10:51 - [TEST_STEP][PASSED] - verifyTextPresent("Profile text", false): Text 'Profile text' is present on page 

2019-10-31 15:10:52 - [MESSAGE][PASSED] - Text 'Profile text' is present on page 

2019-10-31 15:10:52 - [TEST_STEP][PASSED] - verifyTextPresent("Search appearances", false): Text 'Search appearances' is present on page 

2019-10-31 15:10:52 - [MESSAGE][PASSED] - Text 'Search appearances' is present on page 

2019-10-31 15:10:52 - [TEST_STEP][PASSED] - verifyTextPresent("Where you work", false): Text 'Where you work' is present on page 

2019-10-31 15:10:52 - [MESSAGE][PASSED] - Text 'Where you work' is present on page 

2019-10-31 15:10:52 - [TEST_STEP][PASSED] - verifyTextPresent("Company logo", false): Text 'Company logo' is present on page 

2019-10-31 15:10:52 - [MESSAGE][PASSED] - Text 'Company logo' is present on page 

2019-10-31 15:10:52 - [TEST_STEP][PASSED] - verifyTextPresent("Banner image", false): Text 'Banner image' is present on page 

2019-10-31 15:10:52 - [MESSAGE][PASSED] - Text 'Banner image' is present on page 

2019-10-31 15:10:52 - [TEST_STEP][PASSED] - verifyTextPresent("Vetting information", false): Text 'Vetting information' is present on page 

2019-10-31 15:10:53 - [MESSAGE][PASSED] - Text 'Vetting information' is present on page 

2019-10-31 15:10:53 - [TEST_STEP][PASSED] - verifyTextPresent("Insurance", false): Text 'Insurance' is present on page 

2019-10-31 15:10:53 - [MESSAGE][PASSED] - Text 'Insurance' is present on page 

2019-10-31 15:10:53 - [TEST_STEP][PASSED] - verifyTextPresent("'Maximise your profile' video", false): Text ''Maximise your profile' video' is present on page 

2019-10-31 15:10:53 - [MESSAGE][PASSED] - Text ''Maximise your profile' video' is present on page 

2019-10-31 15:10:53 - [TEST_STEP][PASSED] - verifyTextPresent("MEMBER ID", false): Text 'MEMBER ID' is present on page 

2019-10-31 15:10:53 - [MESSAGE][PASSED] - Text 'MEMBER ID' is present on page 

2019-10-31 15:10:53 - [TEST_STEP][PASSED] - verifyTextPresent(findTestData("Members_Test_Data").getValue("MEMBER_ID", 1), false): Text '218630' is present on page 

2019-10-31 15:10:53 - [MESSAGE][PASSED] - Text '218630' is present on page 

2019-10-31 15:10:53 - [MESSAGE][PASSED] - Call Test Case 'Test Cases/Reusable_Test_Sequences/Members_Area/Validation/My_Profile' successfully

2019-10-31 15:10:53 - [TEST_STEP][PASSED] - callTestCase(findTestCase("Reusable_Test_Sequences/Members_Area/Area_Menu/Grow_You_Business/Profiles/Profile_Text"), [:], STOP_ON_FAILURE): Call Test Case 'Test Cases/Reusable_Test_Sequences/Members_Area/Area_Menu/Grow_You_Business/Profiles/Profile_Text' successfully

2019-10-31 15:10:54 - [TEST_CASE][PASSED] - Test Cases/Reusable_Test_Sequences/Members_Area/Area_Menu/Grow_You_Business/Profiles/Profile_Text: Test Cases/Reusable_Test_Sequences/Members_Area/Area_Menu/Grow_You_Business/Profiles/Profile_Text

2019-10-31 15:10:54 - [TEST_STEP][PASSED] - waitForPageLoad(25): Wait for page load successfully

2019-10-31 15:10:54 - [MESSAGE][PASSED] - Wait for page load successfully

2019-10-31 15:10:54 - [TEST_STEP][PASSED] - waitForElementPresent(findTestObject("Object Repository/Profiles_Page/Page_Members Area/a_Profile text"), 25): Object 'Object Repository/Profiles_Page/Page_Members Area/a_Profile text' is present

2019-10-31 15:10:54 - [MESSAGE][PASSED] - Object 'Object Repository/Profiles_Page/Page_Members Area/a_Profile text' is present

2019-10-31 15:10:54 - [TEST_STEP][PASSED] - click(findTestObject("Object Repository/Profiles_Page/Page_Members Area/a_Profile text")): Object: 'Object Repository/Profiles_Page/Page_Members Area/a_Profile text' is clicked on

2019-10-31 15:10:54 - [MESSAGE][PASSED] - Object: 'Object Repository/Profiles_Page/Page_Members Area/a_Profile text' is clicked on

2019-10-31 15:10:54 - [MESSAGE][PASSED] - Call Test Case 'Test Cases/Reusable_Test_Sequences/Members_Area/Area_Menu/Grow_You_Business/Profiles/Profile_Text' successfully

2019-10-31 15:10:54 - [TEST_STEP][PASSED] - callTestCase(findTestCase("Reusable_Test_Sequences/Members_Area/Validation/Profiles/Profile_Text"), [:], CONTINUE_ON_FAILURE): Call Test Case 'Test Cases/Reusable_Test_Sequences/Members_Area/Validation/Profiles/Profile_Text' successfully

2019-10-31 15:10:54 - [TEST_CASE][PASSED] - Test Cases/Reusable_Test_Sequences/Members_Area/Validation/Profiles/Profile_Text: Test Cases/Reusable_Test_Sequences/Members_Area/Validation/Profiles/Profile_Text

2019-10-31 15:10:55 - [TEST_STEP][PASSED] - waitForPageLoad(25): Wait for page load successfully

2019-10-31 15:10:55 - [MESSAGE][PASSED] - Wait for page load successfully

2019-10-31 15:10:55 - [TEST_STEP][PASSED] - waitForElementPresent(findTestObject("Object Repository/Page_Members Area/Profiles/update_Your_Profile_Text_Here"), 25): Object 'Object Repository/Page_Members Area/Profiles/update_Your_Profile_Text_Here' is present

2019-10-31 15:10:55 - [MESSAGE][PASSED] - Object 'Object Repository/Page_Members Area/Profiles/update_Your_Profile_Text_Here' is present

2019-10-31 15:10:55 - [TEST_STEP][PASSED] - "---------------------------------": null

2019-10-31 15:10:55 - [TEST_STEP][PASSED] - "THIS TAB - Profile Text          |": null

2019-10-31 15:10:55 - [TEST_STEP][PASSED] - verifyTextPresent(findTestData("Members_Test_Data").getValue("MEMBER_ID", 1), false): Text '218630' is present on page 

2019-10-31 15:10:55 - [MESSAGE][PASSED] - Text '218630' is present on page 

2019-10-31 15:10:55 - [TEST_STEP][PASSED] - verifyTextPresent("MEMBER ID", false): Text 'MEMBER ID' is present on page 

2019-10-31 15:10:55 - [MESSAGE][PASSED] - Text 'MEMBER ID' is present on page 

2019-10-31 15:10:55 - [TEST_STEP][PASSED] - waitForElementPresent(findTestObject("Object Repository/Page_Members Area/text_Alert"), 60): Object 'Object Repository/Page_Members Area/text_Alert' is present

2019-10-31 15:10:58 - [MESSAGE][PASSED] - Object 'Object Repository/Page_Members Area/text_Alert' is present

2019-10-31 15:10:58 - [TEST_STEP][PASSED] - verifyTextPresent("Update your profile text here", false): Text 'Update your profile text here' is present on page 

2019-10-31 15:10:58 - [MESSAGE][PASSED] - Text 'Update your profile text here' is present on page 

2019-10-31 15:10:58 - [TEST_STEP][PASSED] - verifyTextPresent("your own personel web page available on", false): Text 'your own personel web page available on' is present on page 

2019-10-31 15:10:58 - [MESSAGE][PASSED] - Text 'your own personel web page available on' is present on page 

2019-10-31 15:10:58 - [TEST_STEP][PASSED] - verifyTextPresent("Checkatrade web page they see your company profile", false): Text 'Checkatrade web page they see your company profile' is present on page 

2019-10-31 15:10:58 - [MESSAGE][PASSED] - Text 'Checkatrade web page they see your company profile' is present on page 

2019-10-31 15:10:58 - [TEST_STEP][PASSED] - verifyTextPresent("Company profile is important as this will be a consumer’s first insight in to you", false): Text 'Company profile is important as this will be a consumer’s first insight in to you' is present on page 

2019-10-31 15:10:59 - [MESSAGE][PASSED] - Text 'Company profile is important as this will be a consumer’s first insight in to you' is present on page 

2019-10-31 15:10:59 - [TEST_STEP][PASSED] - verifyTextPresent("Are you a family run business, sole trader", false): Text 'Are you a family run business, sole trader' is present on page 

2019-10-31 15:10:59 - [MESSAGE][PASSED] - Text 'Are you a family run business, sole trader' is present on page 

2019-10-31 15:10:59 - [TEST_STEP][PASSED] - verifyTextPresent("How long have you had your Company", false): Text 'How long have you had your Company' is present on page 

2019-10-31 15:10:59 - [MESSAGE][PASSED] - Text 'How long have you had your Company' is present on page 

2019-10-31 15:10:59 - [TEST_STEP][PASSED] - verifyTextPresent("Your profile should be short - customers will only read a few lines", false): Text 'Your profile should be short - customers will only read a few lines' is present on page 

2019-10-31 15:10:59 - [MESSAGE][PASSED] - Text 'Your profile should be short - customers will only read a few lines' is present on page 

2019-10-31 15:11:00 - [TEST_STEP][PASSED] - verifyTextPresent("Please note that only the first 650 characters", false): Text 'Please note that only the first 650 characters' is present on page 

2019-10-31 15:11:00 - [MESSAGE][PASSED] - Text 'Please note that only the first 650 characters' is present on page 

2019-10-31 15:11:00 - [TEST_STEP][PASSED] - back(): Navigate back successfully

2019-10-31 15:11:00 - [MESSAGE][PASSED] - Navigate back successfully

2019-10-31 15:11:00 - [MESSAGE][PASSED] - Call Test Case 'Test Cases/Reusable_Test_Sequences/Members_Area/Validation/Profiles/Profile_Text' successfully

2019-10-31 15:11:00 - [TEST_STEP][PASSED] - callTestCase(findTestCase("Reusable_Test_Sequences/Members_Area/Area_Menu/Grow_You_Business/Profiles/Search_Appearances"), [:], STOP_ON_FAILURE): Call Test Case 'Test Cases/Reusable_Test_Sequences/Members_Area/Area_Menu/Grow_You_Business/Profiles/Search_Appearances' successfully

2019-10-31 15:11:00 - [TEST_CASE][PASSED] - Test Cases/Reusable_Test_Sequences/Members_Area/Area_Menu/Grow_You_Business/Profiles/Search_Appearances: Test Cases/Reusable_Test_Sequences/Members_Area/Area_Menu/Grow_You_Business/Profiles/Search_Appearances

2019-10-31 15:11:00 - [TEST_STEP][PASSED] - waitForElementPresent(findTestObject("Object Repository/Profiles_Page/Page_Members Area/a_Search appearances"), 25): Object 'Object Repository/Profiles_Page/Page_Members Area/a_Search appearances' is present

2019-10-31 15:11:00 - [MESSAGE][PASSED] - Object 'Object Repository/Profiles_Page/Page_Members Area/a_Search appearances' is present

2019-10-31 15:11:00 - [TEST_STEP][PASSED] - click(findTestObject("Object Repository/Profiles_Page/Page_Members Area/a_Search appearances")): Object: 'Object Repository/Profiles_Page/Page_Members Area/a_Search appearances' is clicked on

2019-10-31 15:11:01 - [MESSAGE][PASSED] - Object: 'Object Repository/Profiles_Page/Page_Members Area/a_Search appearances' is clicked on

2019-10-31 15:11:01 - [MESSAGE][PASSED] - Call Test Case 'Test Cases/Reusable_Test_Sequences/Members_Area/Area_Menu/Grow_You_Business/Profiles/Search_Appearances' successfully

2019-10-31 15:11:01 - [TEST_STEP][PASSED] - callTestCase(findTestCase("Reusable_Test_Sequences/Members_Area/Validation/Profiles/Search_Appearances"), [:], CONTINUE_ON_FAILURE): Call Test Case 'Test Cases/Reusable_Test_Sequences/Members_Area/Validation/Profiles/Search_Appearances' successfully

2019-10-31 15:11:01 - [TEST_CASE][PASSED] - Test Cases/Reusable_Test_Sequences/Members_Area/Validation/Profiles/Search_Appearances: Test Cases/Reusable_Test_Sequences/Members_Area/Validation/Profiles/Search_Appearances

2019-10-31 15:11:01 - [TEST_STEP][PASSED] - waitForPageLoad(25): Wait for page load successfully

2019-10-31 15:11:01 - [MESSAGE][PASSED] - Wait for page load successfully

2019-10-31 15:11:01 - [TEST_STEP][PASSED] - waitForElementPresent(findTestObject("Object Repository/Page_Members Area/Profiles/Page_Members Area/button_Save Search Appearance Info"), 25): Object 'Object Repository/Page_Members Area/Profiles/Page_Members Area/button_Save Search Appearance Info' is present

2019-10-31 15:11:02 - [MESSAGE][PASSED] - Object 'Object Repository/Page_Members Area/Profiles/Page_Members Area/button_Save Search Appearance Info' is present

2019-10-31 15:11:02 - [TEST_STEP][PASSED] - "---------------------------------": null

2019-10-31 15:11:02 - [TEST_STEP][PASSED] - "THIS TAB - Profile Text          |": null

2019-10-31 15:11:02 - [TEST_STEP][PASSED] - verifyTextPresent(findTestData("Members_Test_Data").getValue("MEMBER_ID", 1), false): Text '218630' is present on page 

2019-10-31 15:11:02 - [MESSAGE][PASSED] - Text '218630' is present on page 

2019-10-31 15:11:02 - [TEST_STEP][PASSED] - verifyTextPresent("MEMBER ID", false): Text 'MEMBER ID' is present on page 

2019-10-31 15:11:03 - [MESSAGE][PASSED] - Text 'MEMBER ID' is present on page 

2019-10-31 15:11:03 - [TEST_STEP][PASSED] - verifyTextPresent("Update your search appearances text here", false): Text 'Update your search appearances text here' is present on page 

2019-10-31 15:11:03 - [MESSAGE][PASSED] - Text 'Update your search appearances text here' is present on page 

2019-10-31 15:11:03 - [TEST_STEP][PASSED] - verifyTextPresent("This is the text that appears in customer search results", false): Text 'This is the text that appears in customer search results' is present on page 

2019-10-31 15:11:03 - [MESSAGE][PASSED] - Text 'This is the text that appears in customer search results' is present on page 

2019-10-31 15:11:03 - [TEST_STEP][PASSED] - verifyTextPresent("You may change the description text that is displayed by editing it in the text box below", false): Text 'You may change the description text that is displayed by editing it in the text box below' is present on page 

2019-10-31 15:11:03 - [MESSAGE][PASSED] - Text 'You may change the description text that is displayed by editing it in the text box below' is present on page 

2019-10-31 15:11:03 - [TEST_STEP][PASSED] - verifyTextPresent("maximum limit of 190 characters", false): Text 'maximum limit of 190 characters' is present on page 

2019-10-31 15:11:04 - [MESSAGE][PASSED] - Text 'maximum limit of 190 characters' is present on page 

2019-10-31 15:11:04 - [TEST_STEP][PASSED] - "----------------------------------------------": null

2019-10-31 15:11:04 - [TEST_STEP][PASSED] - verifyTextPresent("Save Search Appearance Info", false): Text 'Save Search Appearance Info' is present on page 

2019-10-31 15:11:04 - [MESSAGE][PASSED] - Text 'Save Search Appearance Info' is present on page 

2019-10-31 15:11:04 - [TEST_STEP][PASSED] - verifyTextPresent("House rules: All changes will be moderated by Checkatrade staff", false): Text 'House rules: All changes will be moderated by Checkatrade staff' is present on page 

2019-10-31 15:11:04 - [MESSAGE][PASSED] - Text 'House rules: All changes will be moderated by Checkatrade staff' is present on page 

2019-10-31 15:11:04 - [TEST_STEP][PASSED] - verifyTextPresent("Undo", false): Text 'Undo' is present on page 

2019-10-31 15:11:04 - [MESSAGE][PASSED] - Text 'Undo' is present on page 

2019-10-31 15:11:04 - [TEST_STEP][PASSED] - back(): Navigate back successfully

2019-10-31 15:11:04 - [MESSAGE][PASSED] - Navigate back successfully

2019-10-31 15:11:04 - [MESSAGE][PASSED] - Call Test Case 'Test Cases/Reusable_Test_Sequences/Members_Area/Validation/Profiles/Search_Appearances' successfully

2019-10-31 15:11:04 - [TEST_STEP][PASSED] - callTestCase(findTestCase("Reusable_Test_Sequences/Members_Area/Area_Menu/Grow_You_Business/Profiles/Where_You_Work"), [:], STOP_ON_FAILURE): Call Test Case 'Test Cases/Reusable_Test_Sequences/Members_Area/Area_Menu/Grow_You_Business/Profiles/Where_You_Work' successfully

2019-10-31 15:11:04 - [TEST_CASE][PASSED] - Test Cases/Reusable_Test_Sequences/Members_Area/Area_Menu/Grow_You_Business/Profiles/Where_You_Work: Test Cases/Reusable_Test_Sequences/Members_Area/Area_Menu/Grow_You_Business/Profiles/Where_You_Work

2019-10-31 15:11:05 - [TEST_STEP][PASSED] - waitForElementPresent(findTestObject("Object Repository/Profiles_Page/Page_Members Area/a_Where you work"), 5): Object 'Object Repository/Profiles_Page/Page_Members Area/a_Where you work' is present

2019-10-31 15:11:05 - [MESSAGE][PASSED] - Object 'Object Repository/Profiles_Page/Page_Members Area/a_Where you work' is present

2019-10-31 15:11:05 - [TEST_STEP][PASSED] - click(findTestObject("Object Repository/Profiles_Page/Page_Members Area/a_Where you work")): Object: 'Object Repository/Profiles_Page/Page_Members Area/a_Where you work' is clicked on

2019-10-31 15:11:05 - [MESSAGE][PASSED] - Object: 'Object Repository/Profiles_Page/Page_Members Area/a_Where you work' is clicked on

2019-10-31 15:11:05 - [MESSAGE][PASSED] - Call Test Case 'Test Cases/Reusable_Test_Sequences/Members_Area/Area_Menu/Grow_You_Business/Profiles/Where_You_Work' successfully

2019-10-31 15:11:05 - [TEST_STEP][PASSED] - callTestCase(findTestCase("Reusable_Test_Sequences/Members_Area/Validation/Profiles/Where_You_Work"), [:], CONTINUE_ON_FAILURE): Call Test Case 'Test Cases/Reusable_Test_Sequences/Members_Area/Validation/Profiles/Where_You_Work' successfully

2019-10-31 15:11:05 - [TEST_CASE][PASSED] - Test Cases/Reusable_Test_Sequences/Members_Area/Validation/Profiles/Where_You_Work: Test Cases/Reusable_Test_Sequences/Members_Area/Validation/Profiles/Where_You_Work

2019-10-31 15:11:05 - [TEST_STEP][PASSED] - waitForPageLoad(50): Wait for page load successfully

2019-10-31 15:11:05 - [MESSAGE][PASSED] - Wait for page load successfully

2019-10-31 15:11:05 - [TEST_STEP][PASSED] - waitForElementPresent(findTestObject("Object Repository/Profiles_Page/Page_Members Area/h2_Update your work area here"), 50): Object 'Object Repository/Profiles_Page/Page_Members Area/h2_Update your work area here' is present

2019-10-31 15:11:05 - [MESSAGE][PASSED] - Object 'Object Repository/Profiles_Page/Page_Members Area/h2_Update your work area here' is present

2019-10-31 15:11:05 - [TEST_STEP][PASSED] - "---------------------------------": null

2019-10-31 15:11:05 - [TEST_STEP][PASSED] - "THIS TAB - Where You Work        |": null

2019-10-31 15:11:05 - [TEST_STEP][PASSED] - delay(5): Delayed 5 second(s)

2019-10-31 15:11:11 - [MESSAGE][PASSED] - Delayed 5 second(s)

2019-10-31 15:11:11 - [TEST_STEP][PASSED] - verifyTextPresent(findTestData("Members_Test_Data").getValue("MEMBER_ID", 1), false): Text '218630' is present on page 

2019-10-31 15:11:11 - [MESSAGE][PASSED] - Text '218630' is present on page 

2019-10-31 15:11:11 - [TEST_STEP][PASSED] - verifyTextPresent("MEMBER ID", false): Text 'MEMBER ID' is present on page 

2019-10-31 15:11:11 - [MESSAGE][PASSED] - Text 'MEMBER ID' is present on page 

2019-10-31 15:11:11 - [TEST_STEP][PASSED] - verifyTextPresent("Update your work area here", false): Text 'Update your work area here' is present on page 

2019-10-31 15:11:12 - [MESSAGE][PASSED] - Text 'Update your work area here' is present on page 

2019-10-31 15:11:12 - [TEST_STEP][PASSED] - verifyTextPresent("Approximate Coverage", false): Text 'Approximate Coverage' is present on page 

2019-10-31 15:11:12 - [MESSAGE][PASSED] - Text 'Approximate Coverage' is present on page 

2019-10-31 15:11:12 - [TEST_STEP][PASSED] - verifyTextPresent("Work Radius", false): Text 'Work Radius' is present on page 

2019-10-31 15:11:13 - [MESSAGE][PASSED] - Text 'Work Radius' is present on page 

2019-10-31 15:11:13 - [TEST_STEP][PASSED] - verifyTextPresent("Your Checkatrade.com web page describes where you work", false): Text 'Your Checkatrade.com web page describes where you work' is present on page 

2019-10-31 15:11:13 - [MESSAGE][PASSED] - Text 'Your Checkatrade.com web page describes where you work' is present on page 

2019-10-31 15:11:13 - [TEST_STEP][PASSED] - verifyTextPresent("Please enter a comma-separated list of areas that you are prepared to work", false): Text 'Please enter a comma-separated list of areas that you are prepared to work' is present on page 

2019-10-31 15:11:14 - [MESSAGE][PASSED] - Text 'Please enter a comma-separated list of areas that you are prepared to work' is present on page 

2019-10-31 15:11:14 - [TEST_STEP][PASSED] - scrollToElement(findTestObject("Object Repository/Page_Members Area/Profiles/Page_Members Area/button_Save Work Location"), 2): Scroll to object 'Object Repository/Page_Members Area/Profiles/Page_Members Area/button_Save Work Location' successfully

2019-10-31 15:11:14 - [MESSAGE][PASSED] - Scroll to object 'Object Repository/Page_Members Area/Profiles/Page_Members Area/button_Save Work Location' successfully

2019-10-31 15:11:14 - [TEST_STEP][PASSED] - waitForElementPresent(findTestObject("Object Repository/Page_Members Area/Profiles/Page_Members Area/button_Save Work Location"), 2): Object 'Object Repository/Page_Members Area/Profiles/Page_Members Area/button_Save Work Location' is present

2019-10-31 15:11:14 - [MESSAGE][PASSED] - Object 'Object Repository/Page_Members Area/Profiles/Page_Members Area/button_Save Work Location' is present

2019-10-31 15:11:14 - [TEST_STEP][PASSED] - "----------------------------------------------": null

2019-10-31 15:11:14 - [TEST_STEP][PASSED] - "----------------------------------------------": null

2019-10-31 15:11:14 - [TEST_STEP][PASSED] - verifyTextPresent("Southampton Area", false): Text 'Southampton Area' is present on page 

2019-10-31 15:11:14 - [MESSAGE][PASSED] - Text 'Southampton Area' is present on page 

2019-10-31 15:11:14 - [TEST_STEP][PASSED] - verifyTextPresent("Within M25", false): Text 'Within M25' is present on page 

2019-10-31 15:11:15 - [MESSAGE][PASSED] - Text 'Within M25' is present on page 

2019-10-31 15:11:15 - [TEST_STEP][PASSED] - verifyTextPresent("40 miles of Reading", false): Text '40 miles of Reading' is present on page 

2019-10-31 15:11:16 - [MESSAGE][PASSED] - Text '40 miles of Reading' is present on page 

2019-10-31 15:11:16 - [TEST_STEP][PASSED] - verifyTextPresent("All BN postcode areas", false): Text 'All BN postcode areas' is present on page 

2019-10-31 15:11:16 - [MESSAGE][PASSED] - Text 'All BN postcode areas' is present on page 

2019-10-31 15:11:16 - [TEST_STEP][PASSED] - verifyTextPresent("Keep the locations quite general to fit inside the 200 character limit", false): Text 'Keep the locations quite general to fit inside the 200 character limit' is present on page 

2019-10-31 15:11:17 - [MESSAGE][PASSED] - Text 'Keep the locations quite general to fit inside the 200 character limit' is present on page 

2019-10-31 15:11:17 - [TEST_STEP][PASSED] - verifyTextPresent("To increase your work radius to more than 100 miles, please contact members service", false): Text 'To increase your work radius to more than 100 miles, please contact members service' is present on page 

2019-10-31 15:11:17 - [MESSAGE][PASSED] - Text 'To increase your work radius to more than 100 miles, please contact members service' is present on page 

2019-10-31 15:11:17 - [TEST_STEP][PASSED] - verifyTextPresent("House rules: All changes will be moderated by Checkatrade staff", false): Text 'House rules: All changes will be moderated by Checkatrade staff' is present on page 

2019-10-31 15:11:17 - [MESSAGE][PASSED] - Text 'House rules: All changes will be moderated by Checkatrade staff' is present on page 

2019-10-31 15:11:17 - [TEST_STEP][PASSED] - verifyTextPresent("Save Work Location", false): Text 'Save Work Location' is present on page 

2019-10-31 15:11:18 - [MESSAGE][PASSED] - Text 'Save Work Location' is present on page 

2019-10-31 15:11:18 - [TEST_STEP][PASSED] - back(): Navigate back successfully

2019-10-31 15:11:18 - [MESSAGE][PASSED] - Navigate back successfully

2019-10-31 15:11:18 - [MESSAGE][PASSED] - Call Test Case 'Test Cases/Reusable_Test_Sequences/Members_Area/Validation/Profiles/Where_You_Work' successfully

2019-10-31 15:11:18 - [TEST_STEP][PASSED] - callTestCase(findTestCase("Reusable_Test_Sequences/Members_Area/Area_Menu/Grow_You_Business/Profiles/Company_Logo"), [:], STOP_ON_FAILURE): Call Test Case 'Test Cases/Reusable_Test_Sequences/Members_Area/Area_Menu/Grow_You_Business/Profiles/Company_Logo' successfully

2019-10-31 15:11:18 - [TEST_CASE][PASSED] - Test Cases/Reusable_Test_Sequences/Members_Area/Area_Menu/Grow_You_Business/Profiles/Company_Logo: Test Cases/Reusable_Test_Sequences/Members_Area/Area_Menu/Grow_You_Business/Profiles/Company_Logo

2019-10-31 15:11:18 - [TEST_STEP][PASSED] - waitForElementPresent(findTestObject("Object Repository/Profiles_Page/Page_Members Area/a_Company logo"), 25): Object 'Object Repository/Profiles_Page/Page_Members Area/a_Company logo' is present

2019-10-31 15:11:18 - [MESSAGE][PASSED] - Object 'Object Repository/Profiles_Page/Page_Members Area/a_Company logo' is present

2019-10-31 15:11:18 - [TEST_STEP][PASSED] - click(findTestObject("Object Repository/Profiles_Page/Page_Members Area/a_Company logo")): Object: 'Object Repository/Profiles_Page/Page_Members Area/a_Company logo' is clicked on

2019-10-31 15:11:19 - [MESSAGE][PASSED] - Object: 'Object Repository/Profiles_Page/Page_Members Area/a_Company logo' is clicked on

2019-10-31 15:11:19 - [MESSAGE][PASSED] - Call Test Case 'Test Cases/Reusable_Test_Sequences/Members_Area/Area_Menu/Grow_You_Business/Profiles/Company_Logo' successfully

2019-10-31 15:11:19 - [TEST_STEP][PASSED] - callTestCase(findTestCase("Reusable_Test_Sequences/Members_Area/Validation/Profiles/Company_Logo"), [:], CONTINUE_ON_FAILURE): Call Test Case 'Test Cases/Reusable_Test_Sequences/Members_Area/Validation/Profiles/Company_Logo' successfully

2019-10-31 15:11:19 - [TEST_CASE][PASSED] - Test Cases/Reusable_Test_Sequences/Members_Area/Validation/Profiles/Company_Logo: Test Cases/Reusable_Test_Sequences/Members_Area/Validation/Profiles/Company_Logo

2019-10-31 15:11:19 - [TEST_STEP][PASSED] - waitForElementPresent(findTestObject("Object Repository/Profiles_Page/Page_Members Area/button_Upload Company Logo"), 25): Object 'Object Repository/Profiles_Page/Page_Members Area/button_Upload Company Logo' is present

2019-10-31 15:11:19 - [MESSAGE][PASSED] - Object 'Object Repository/Profiles_Page/Page_Members Area/button_Upload Company Logo' is present

2019-10-31 15:11:19 - [TEST_STEP][PASSED] - "---------------------------------": null

2019-10-31 15:11:19 - [TEST_STEP][PASSED] - "THIS TAB - Company Logo Image    |": null

2019-10-31 15:11:19 - [TEST_STEP][PASSED] - verifyTextPresent(findTestData("Members_Test_Data").getValue("MEMBER_ID", 1), false): Text '218630' is present on page 

2019-10-31 15:11:19 - [MESSAGE][PASSED] - Text '218630' is present on page 

2019-10-31 15:11:19 - [TEST_STEP][PASSED] - verifyTextPresent("MEMBER ID", false): Text 'MEMBER ID' is present on page 

2019-10-31 15:11:20 - [MESSAGE][PASSED] - Text 'MEMBER ID' is present on page 

2019-10-31 15:11:20 - [TEST_STEP][PASSED] - verifyTextPresent("Choose a new image", false): Text 'Choose a new image' is present on page 

2019-10-31 15:11:20 - [MESSAGE][PASSED] - Text 'Choose a new image' is present on page 

2019-10-31 15:11:20 - [TEST_STEP][PASSED] - verifyTextPresent("The new logo needs to be a JPEG", false): Text 'The new logo needs to be a JPEG' is present on page 

2019-10-31 15:11:21 - [MESSAGE][PASSED] - Text 'The new logo needs to be a JPEG' is present on page 

2019-10-31 15:11:21 - [TEST_STEP][PASSED] - verifyTextPresent("For best results, the image should be", false): Text 'For best results, the image should be' is present on page 

2019-10-31 15:11:21 - [MESSAGE][PASSED] - Text 'For best results, the image should be' is present on page 

2019-10-31 15:11:21 - [TEST_STEP][PASSED] - verifyTextPresent("The image has to be 8MB or smaller", false): Text 'The image has to be 8MB or smaller' is present on page 

2019-10-31 15:11:22 - [MESSAGE][PASSED] - Text 'The image has to be 8MB or smaller' is present on page 

2019-10-31 15:11:22 - [TEST_STEP][PASSED] - verifyTextPresent("All changes are monitored by Checkatrade staff", false): Text 'All changes are monitored by Checkatrade staff' is present on page 

2019-10-31 15:11:23 - [MESSAGE][PASSED] - Text 'All changes are monitored by Checkatrade staff' is present on page 

2019-10-31 15:11:23 - [TEST_STEP][PASSED] - verifyTextPresent("Upload Company Logo", false): Text 'Upload Company Logo' is present on page 

2019-10-31 15:11:23 - [MESSAGE][PASSED] - Text 'Upload Company Logo' is present on page 

2019-10-31 15:11:23 - [TEST_STEP][PASSED] - verifyTextPresent("By uploading a logo you are confirming", false): Text 'By uploading a logo you are confirming' is present on page 

2019-10-31 15:11:23 - [MESSAGE][PASSED] - Text 'By uploading a logo you are confirming' is present on page 

2019-10-31 15:11:23 - [TEST_STEP][PASSED] - verifyTextPresent("House rules: All changes will be moderated", false): Text 'House rules: All changes will be moderated' is present on page 

2019-10-31 15:11:24 - [MESSAGE][PASSED] - Text 'House rules: All changes will be moderated' is present on page 

2019-10-31 15:11:24 - [TEST_STEP][PASSED] - "----------------------------------------------": null

2019-10-31 15:11:24 - [TEST_STEP][PASSED] - waitForElementClickable(findTestObject("Page_Members Area/Profiles/Page_Members Area/label_By uploading a logo"), 25): Object 'Object Repository/Page_Members Area/Profiles/Page_Members Area/label_By uploading a logo' is clickable

2019-10-31 15:11:24 - [MESSAGE][PASSED] - Object 'Object Repository/Page_Members Area/Profiles/Page_Members Area/label_By uploading a logo' is clickable

2019-10-31 15:11:24 - [TEST_STEP][PASSED] - click(findTestObject("Page_Members Area/Profiles/Page_Members Area/label_By uploading a logo")): Object: 'Object Repository/Page_Members Area/Profiles/Page_Members Area/label_By uploading a logo' is clicked on

2019-10-31 15:11:24 - [MESSAGE][PASSED] - Object: 'Object Repository/Page_Members Area/Profiles/Page_Members Area/label_By uploading a logo' is clicked on

2019-10-31 15:11:24 - [TEST_STEP][PASSED] - waitForElementClickable(findTestObject("Object Repository/Profiles_Page/Page_Members Area/button_Upload Company Logo"), 25): Object 'Object Repository/Profiles_Page/Page_Members Area/button_Upload Company Logo' is clickable

2019-10-31 15:11:24 - [MESSAGE][PASSED] - Object 'Object Repository/Profiles_Page/Page_Members Area/button_Upload Company Logo' is clickable

2019-10-31 15:11:24 - [TEST_STEP][PASSED] - click(findTestObject("Object Repository/Profiles_Page/Page_Members Area/button_Upload Company Logo")): Object: 'Object Repository/Profiles_Page/Page_Members Area/button_Upload Company Logo' is clicked on

2019-10-31 15:11:25 - [MESSAGE][PASSED] - Object: 'Object Repository/Profiles_Page/Page_Members Area/button_Upload Company Logo' is clicked on

2019-10-31 15:11:25 - [TEST_STEP][PASSED] - "----------------------------------------------": null

2019-10-31 15:11:25 - [TEST_STEP][PASSED] - delay(1): Delayed 1 second(s)

2019-10-31 15:11:26 - [MESSAGE][PASSED] - Delayed 1 second(s)

2019-10-31 15:11:26 - [TEST_STEP][PASSED] - waitForElementPresent(findTestObject("Object Repository/Profiles_Page/Page_Members Area/button_Close"), 25): Object 'Object Repository/Profiles_Page/Page_Members Area/button_Close' is present

2019-10-31 15:11:26 - [MESSAGE][PASSED] - Object 'Object Repository/Profiles_Page/Page_Members Area/button_Close' is present

2019-10-31 15:11:26 - [TEST_STEP][PASSED] - verifyTextPresent("Add Company Logo", false): Text 'Add Company Logo' is present on page 

2019-10-31 15:11:26 - [MESSAGE][PASSED] - Text 'Add Company Logo' is present on page 

2019-10-31 15:11:26 - [TEST_STEP][PASSED] - verifyTextPresent("Your New Logo", false): Text 'Your New Logo' is present on page 

2019-10-31 15:11:27 - [MESSAGE][PASSED] - Text 'Your New Logo' is present on page 

2019-10-31 15:11:27 - [TEST_STEP][PASSED] - verifyTextPresent("Select Logo", false): Text 'Select Logo' is present on page 

2019-10-31 15:11:28 - [MESSAGE][PASSED] - Text 'Select Logo' is present on page 

2019-10-31 15:11:28 - [TEST_STEP][PASSED] - verifyTextPresent("The new photo needs to be a JPEG", false): Text 'The new photo needs to be a JPEG' is present on page 

2019-10-31 15:11:28 - [MESSAGE][PASSED] - Text 'The new photo needs to be a JPEG' is present on page 

2019-10-31 15:11:28 - [TEST_STEP][PASSED] - verifyTextPresent("For best results, the image should be", false): Text 'For best results, the image should be' is present on page 

2019-10-31 15:11:29 - [MESSAGE][PASSED] - Text 'For best results, the image should be' is present on page 

2019-10-31 15:11:29 - [TEST_STEP][PASSED] - verifyTextPresent("The image has to be 8MB or smaller", false): Text 'The image has to be 8MB or smaller' is present on page 

2019-10-31 15:11:29 - [MESSAGE][PASSED] - Text 'The image has to be 8MB or smaller' is present on page 

2019-10-31 15:11:29 - [TEST_STEP][PASSED] - verifyTextPresent("We recommend these browsers", false): Text 'We recommend these browsers' is present on page 

2019-10-31 15:11:30 - [MESSAGE][PASSED] - Text 'We recommend these browsers' is present on page 

2019-10-31 15:11:30 - [TEST_STEP][PASSED] - verifyTextPresent("Close", false): Text 'Close' is present on page 

2019-10-31 15:11:31 - [MESSAGE][PASSED] - Text 'Close' is present on page 

2019-10-31 15:11:31 - [TEST_STEP][PASSED] - "----------------------------------------------": null

2019-10-31 15:11:31 - [TEST_STEP][PASSED] - click(findTestObject("Object Repository/Profiles_Page/Page_Members Area/button_Select Logo")): Object: 'Object Repository/Profiles_Page/Page_Members Area/button_Select Logo' is clicked on

2019-10-31 15:11:32 - [MESSAGE][PASSED] - Object: 'Object Repository/Profiles_Page/Page_Members Area/button_Select Logo' is clicked on

2019-10-31 15:11:32 - [TEST_STEP][PASSED] - delay(2): Delayed 2 second(s)

2019-10-31 15:11:34 - [MESSAGE][PASSED] - Delayed 2 second(s)

2019-10-31 15:11:34 - [TEST_STEP][PASSED] - callTestCase(findTestCase("Reusable_Test_Sequences/Utils/Dispel_Windows_Dialog"), [:], CONTINUE_ON_FAILURE): Call Test Case 'Test Cases/Reusable_Test_Sequences/Utils/Dispel_Windows_Dialog' successfully

2019-10-31 15:11:34 - [TEST_CASE][PASSED] - Test Cases/Reusable_Test_Sequences/Utils/Dispel_Windows_Dialog: Test Cases/Reusable_Test_Sequences/Utils/Dispel_Windows_Dialog

2019-10-31 15:11:35 - [TEST_STEP][PASSED] - "----------------------------------------------": null

2019-10-31 15:11:35 - [TEST_STEP][PASSED] - delay(2): Delayed 2 second(s)

2019-10-31 15:11:37 - [MESSAGE][PASSED] - Delayed 2 second(s)

2019-10-31 15:11:37 - [TEST_STEP][PASSED] - robot = new java.awt.Robot(): null

2019-10-31 15:11:37 - [TEST_STEP][PASSED] - robot.keyPress(VK_ESCAPE): null

2019-10-31 15:11:37 - [TEST_STEP][PASSED] - delay(1): Delayed 1 second(s)

2019-10-31 15:11:38 - [MESSAGE][PASSED] - Delayed 1 second(s)

2019-10-31 15:11:38 - [TEST_STEP][PASSED] - robot.keyRelease(VK_ESCAPE): null

2019-10-31 15:11:38 - [TEST_STEP][PASSED] - delay(1): Delayed 1 second(s)

2019-10-31 15:11:39 - [MESSAGE][PASSED] - Delayed 1 second(s)

2019-10-31 15:11:39 - [TEST_STEP][PASSED] - robot.keyPress(VK_ESCAPE): null

2019-10-31 15:11:39 - [TEST_STEP][PASSED] - delay(1): Delayed 1 second(s)

2019-10-31 15:11:40 - [MESSAGE][PASSED] - Delayed 1 second(s)

2019-10-31 15:11:40 - [TEST_STEP][PASSED] - robot.keyRelease(VK_ESCAPE): null

2019-10-31 15:11:40 - [TEST_STEP][PASSED] - delay(1): Delayed 1 second(s)

2019-10-31 15:11:41 - [MESSAGE][PASSED] - Delayed 1 second(s)

2019-10-31 15:11:41 - [MESSAGE][PASSED] - Call Test Case 'Test Cases/Reusable_Test_Sequences/Utils/Dispel_Windows_Dialog' successfully

2019-10-31 15:11:41 - [TEST_STEP][PASSED] - "----------------------------------------------": null

2019-10-31 15:11:41 - [TEST_STEP][PASSED] - "----------------------------------------------": null

2019-10-31 15:11:41 - [TEST_STEP][PASSED] - "----------------------------------------------": null

2019-10-31 15:11:41 - [TEST_STEP][PASSED] - waitForElementPresent(findTestObject("Object Repository/Profiles_Page/Page_Members Area/button_Upload Company Logo"), 25): Object 'Object Repository/Profiles_Page/Page_Members Area/button_Upload Company Logo' is present

2019-10-31 15:11:41 - [MESSAGE][PASSED] - Object 'Object Repository/Profiles_Page/Page_Members Area/button_Upload Company Logo' is present

2019-10-31 15:11:41 - [TEST_STEP][PASSED] - back(): Navigate back successfully

2019-10-31 15:11:41 - [MESSAGE][PASSED] - Navigate back successfully

2019-10-31 15:11:41 - [MESSAGE][PASSED] - Call Test Case 'Test Cases/Reusable_Test_Sequences/Members_Area/Validation/Profiles/Company_Logo' successfully

2019-10-31 15:11:41 - [TEST_STEP][PASSED] - callTestCase(findTestCase("Reusable_Test_Sequences/Members_Area/Area_Menu/Grow_You_Business/Profiles/BAnner_Image"), [:], STOP_ON_FAILURE): Call Test Case 'Test Cases/Reusable_Test_Sequences/Members_Area/Area_Menu/Grow_You_Business/Profiles/BAnner_Image' successfully

2019-10-31 15:11:41 - [TEST_CASE][PASSED] - Test Cases/Reusable_Test_Sequences/Members_Area/Area_Menu/Grow_You_Business/Profiles/BAnner_Image: Test Cases/Reusable_Test_Sequences/Members_Area/Area_Menu/Grow_You_Business/Profiles/BAnner_Image

2019-10-31 15:11:42 - [TEST_STEP][PASSED] - waitForElementPresent(findTestObject("Object Repository/Profiles_Page/Page_Members Area/a_Banner image"), 25): Object 'Object Repository/Profiles_Page/Page_Members Area/a_Banner image' is present

2019-10-31 15:11:42 - [MESSAGE][PASSED] - Object 'Object Repository/Profiles_Page/Page_Members Area/a_Banner image' is present

2019-10-31 15:11:42 - [TEST_STEP][PASSED] - click(findTestObject("Object Repository/Profiles_Page/Page_Members Area/a_Banner image")): Object: 'Object Repository/Profiles_Page/Page_Members Area/a_Banner image' is clicked on

2019-10-31 15:11:42 - [MESSAGE][PASSED] - Object: 'Object Repository/Profiles_Page/Page_Members Area/a_Banner image' is clicked on

2019-10-31 15:11:42 - [MESSAGE][PASSED] - Call Test Case 'Test Cases/Reusable_Test_Sequences/Members_Area/Area_Menu/Grow_You_Business/Profiles/BAnner_Image' successfully

2019-10-31 15:11:42 - [TEST_STEP][PASSED] - callTestCase(findTestCase("Reusable_Test_Sequences/Members_Area/Validation/Profiles/Banner_Image"), [:], CONTINUE_ON_FAILURE): Call Test Case 'Test Cases/Reusable_Test_Sequences/Members_Area/Validation/Profiles/Banner_Image' successfully

2019-10-31 15:11:42 - [TEST_CASE][PASSED] - Test Cases/Reusable_Test_Sequences/Members_Area/Validation/Profiles/Banner_Image: Test Cases/Reusable_Test_Sequences/Members_Area/Validation/Profiles/Banner_Image

2019-10-31 15:11:43 - [TEST_STEP][PASSED] - waitForElementPresent(findTestObject("Object Repository/Profiles_Page/Page_Members Area/button_Upload Banner Image"), 25): Object 'Object Repository/Profiles_Page/Page_Members Area/button_Upload Banner Image' is present

2019-10-31 15:11:43 - [MESSAGE][PASSED] - Object 'Object Repository/Profiles_Page/Page_Members Area/button_Upload Banner Image' is present

2019-10-31 15:11:43 - [TEST_STEP][PASSED] - "---------------------------------": null

2019-10-31 15:11:43 - [TEST_STEP][PASSED] - "THIS TAB - Banner Image          |": null

2019-10-31 15:11:43 - [TEST_STEP][PASSED] - verifyTextPresent(findTestData("Members_Test_Data").getValue("MEMBER_ID", 1), false): Text '218630' is present on page 

2019-10-31 15:11:43 - [MESSAGE][PASSED] - Text '218630' is present on page 

2019-10-31 15:11:43 - [TEST_STEP][PASSED] - verifyTextPresent("MEMBER ID", false): Text 'MEMBER ID' is present on page 

2019-10-31 15:11:43 - [MESSAGE][PASSED] - Text 'MEMBER ID' is present on page 

2019-10-31 15:11:43 - [TEST_STEP][PASSED] - verifyTextPresent("Update your company banner image here", false): Text 'Update your company banner image here' is present on page 

2019-10-31 15:11:43 - [MESSAGE][PASSED] - Text 'Update your company banner image here' is present on page 

2019-10-31 15:11:43 - [TEST_STEP][PASSED] - verifyTextPresent("Choose a new image", false): Text 'Choose a new image' is present on page 

2019-10-31 15:11:44 - [MESSAGE][PASSED] - Text 'Choose a new image' is present on page 

2019-10-31 15:11:44 - [TEST_STEP][PASSED] - verifyTextPresent("The new banner image needs to be a JPEG", false): Text 'The new banner image needs to be a JPEG' is present on page 

2019-10-31 15:11:44 - [MESSAGE][PASSED] - Text 'The new banner image needs to be a JPEG' is present on page 

2019-10-31 15:11:44 - [TEST_STEP][PASSED] - verifyTextPresent("For best results, the image should be", false): Text 'For best results, the image should be' is present on page 

2019-10-31 15:11:44 - [MESSAGE][PASSED] - Text 'For best results, the image should be' is present on page 

2019-10-31 15:11:44 - [TEST_STEP][PASSED] - verifyTextPresent("The image has to be 8MB or smaller", false): Text 'The image has to be 8MB or smaller' is present on page 

2019-10-31 15:11:45 - [MESSAGE][PASSED] - Text 'The image has to be 8MB or smaller' is present on page 

2019-10-31 15:11:45 - [TEST_STEP][PASSED] - verifyTextPresent("All changes are monitored by Checkatrade staff", false): Text 'All changes are monitored by Checkatrade staff' is present on page 

2019-10-31 15:11:45 - [MESSAGE][PASSED] - Text 'All changes are monitored by Checkatrade staff' is present on page 

2019-10-31 15:11:45 - [TEST_STEP][PASSED] - verifyTextPresent("By uploading an image you are confirming", false): Text 'By uploading an image you are confirming' is present on page 

2019-10-31 15:11:45 - [MESSAGE][PASSED] - Text 'By uploading an image you are confirming' is present on page 

2019-10-31 15:11:45 - [TEST_STEP][PASSED] - verifyTextPresent("House rules: All changes will be moderated", false): Text 'House rules: All changes will be moderated' is present on page 

2019-10-31 15:11:45 - [MESSAGE][PASSED] - Text 'House rules: All changes will be moderated' is present on page 

2019-10-31 15:11:45 - [TEST_STEP][PASSED] - "----------------------------------------------": null

2019-10-31 15:11:45 - [TEST_STEP][PASSED] - waitForElementClickable(findTestObject("Object Repository/Page_Members Area/Profiles/Page_Members Area/label_By uploading an image"), 25): Object 'Object Repository/Page_Members Area/Profiles/Page_Members Area/label_By uploading an image' is clickable

2019-10-31 15:11:45 - [MESSAGE][PASSED] - Object 'Object Repository/Page_Members Area/Profiles/Page_Members Area/label_By uploading an image' is clickable

2019-10-31 15:11:45 - [TEST_STEP][PASSED] - click(findTestObject("Object Repository/Page_Members Area/Profiles/Page_Members Area/label_By uploading an image")): Object: 'Object Repository/Page_Members Area/Profiles/Page_Members Area/label_By uploading an image' is clicked on

2019-10-31 15:11:46 - [MESSAGE][PASSED] - Object: 'Object Repository/Page_Members Area/Profiles/Page_Members Area/label_By uploading an image' is clicked on

2019-10-31 15:11:46 - [TEST_STEP][PASSED] - "----------------------------------------------": null

2019-10-31 15:11:46 - [TEST_STEP][PASSED] - waitForElementClickable(findTestObject("Object Repository/Profiles_Page/Page_Members Area/button_Upload Banner Image"), 25): Object 'Object Repository/Profiles_Page/Page_Members Area/button_Upload Banner Image' is clickable

2019-10-31 15:11:46 - [MESSAGE][PASSED] - Object 'Object Repository/Profiles_Page/Page_Members Area/button_Upload Banner Image' is clickable

2019-10-31 15:11:46 - [TEST_STEP][PASSED] - click(findTestObject("Object Repository/Profiles_Page/Page_Members Area/button_Upload Banner Image")): Object: 'Object Repository/Profiles_Page/Page_Members Area/button_Upload Banner Image' is clicked on

2019-10-31 15:11:46 - [MESSAGE][PASSED] - Object: 'Object Repository/Profiles_Page/Page_Members Area/button_Upload Banner Image' is clicked on

2019-10-31 15:11:46 - [TEST_STEP][PASSED] - "----------------------------------------------": null

2019-10-31 15:11:46 - [TEST_STEP][PASSED] - delay(1): Delayed 1 second(s)

2019-10-31 15:11:47 - [MESSAGE][PASSED] - Delayed 1 second(s)

2019-10-31 15:11:47 - [TEST_STEP][PASSED] - waitForElementPresent(findTestObject("Object Repository/Profiles_Page/Page_Members Area/button_Close"), 25): Object 'Object Repository/Profiles_Page/Page_Members Area/button_Close' is present

2019-10-31 15:11:47 - [MESSAGE][PASSED] - Object 'Object Repository/Profiles_Page/Page_Members Area/button_Close' is present

2019-10-31 15:11:47 - [TEST_STEP][PASSED] - verifyTextPresent("Add Banner Image", false): Text 'Add Banner Image' is present on page 

2019-10-31 15:11:48 - [MESSAGE][PASSED] - Text 'Add Banner Image' is present on page 

2019-10-31 15:11:48 - [TEST_STEP][PASSED] - verifyTextPresent("Your New Banner Image", false): Text 'Your New Banner Image' is present on page 

2019-10-31 15:11:48 - [MESSAGE][PASSED] - Text 'Your New Banner Image' is present on page 

2019-10-31 15:11:48 - [TEST_STEP][PASSED] - verifyTextPresent("Select Banner Image", false): Text 'Select Banner Image' is present on page 

2019-10-31 15:11:49 - [MESSAGE][PASSED] - Text 'Select Banner Image' is present on page 

2019-10-31 15:11:49 - [TEST_STEP][PASSED] - verifyTextPresent("The new photo needs to be a JPEG", false): Text 'The new photo needs to be a JPEG' is present on page 

2019-10-31 15:11:50 - [MESSAGE][PASSED] - Text 'The new photo needs to be a JPEG' is present on page 

2019-10-31 15:11:50 - [TEST_STEP][PASSED] - verifyTextPresent("For best results, the image should be", false): Text 'For best results, the image should be' is present on page 

2019-10-31 15:11:50 - [MESSAGE][PASSED] - Text 'For best results, the image should be' is present on page 

2019-10-31 15:11:50 - [TEST_STEP][PASSED] - verifyTextPresent("The image has to be 8MB or smaller", false): Text 'The image has to be 8MB or smaller' is present on page 

2019-10-31 15:11:50 - [MESSAGE][PASSED] - Text 'The image has to be 8MB or smaller' is present on page 

2019-10-31 15:11:50 - [TEST_STEP][PASSED] - verifyTextPresent("We recommend these browsers", false): Text 'We recommend these browsers' is present on page 

2019-10-31 15:11:51 - [MESSAGE][PASSED] - Text 'We recommend these browsers' is present on page 

2019-10-31 15:11:51 - [TEST_STEP][PASSED] - verifyTextPresent("Close", false): Text 'Close' is present on page 

2019-10-31 15:11:51 - [MESSAGE][PASSED] - Text 'Close' is present on page 

2019-10-31 15:11:51 - [TEST_STEP][PASSED] - "----------------------------------------------": null

2019-10-31 15:11:51 - [TEST_STEP][PASSED] - click(findTestObject("Object Repository/Profiles_Page/Page_Members Area/button_Select Banner Image")): Object: 'Object Repository/Profiles_Page/Page_Members Area/button_Select Banner Image' is clicked on

2019-10-31 15:11:52 - [MESSAGE][PASSED] - Object: 'Object Repository/Profiles_Page/Page_Members Area/button_Select Banner Image' is clicked on

2019-10-31 15:11:52 - [TEST_STEP][PASSED] - "----------------------------------------------": null

2019-10-31 15:11:52 - [TEST_STEP][PASSED] - callTestCase(findTestCase("Reusable_Test_Sequences/Utils/Dispel_Windows_Dialog"), [:], CONTINUE_ON_FAILURE): Call Test Case 'Test Cases/Reusable_Test_Sequences/Utils/Dispel_Windows_Dialog' successfully

2019-10-31 15:11:52 - [TEST_CASE][PASSED] - Test Cases/Reusable_Test_Sequences/Utils/Dispel_Windows_Dialog: Test Cases/Reusable_Test_Sequences/Utils/Dispel_Windows_Dialog

2019-10-31 15:11:52 - [TEST_STEP][PASSED] - "----------------------------------------------": null

2019-10-31 15:11:52 - [TEST_STEP][PASSED] - delay(2): Delayed 2 second(s)

2019-10-31 15:11:54 - [MESSAGE][PASSED] - Delayed 2 second(s)

2019-10-31 15:11:54 - [TEST_STEP][PASSED] - robot = new java.awt.Robot(): null

2019-10-31 15:11:54 - [TEST_STEP][PASSED] - robot.keyPress(VK_ESCAPE): null

2019-10-31 15:11:54 - [TEST_STEP][PASSED] - delay(1): Delayed 1 second(s)

2019-10-31 15:11:55 - [MESSAGE][PASSED] - Delayed 1 second(s)

2019-10-31 15:11:55 - [TEST_STEP][PASSED] - robot.keyRelease(VK_ESCAPE): null

2019-10-31 15:11:55 - [TEST_STEP][PASSED] - delay(1): Delayed 1 second(s)

2019-10-31 15:11:56 - [MESSAGE][PASSED] - Delayed 1 second(s)

2019-10-31 15:11:56 - [TEST_STEP][PASSED] - robot.keyPress(VK_ESCAPE): null

2019-10-31 15:11:56 - [TEST_STEP][PASSED] - delay(1): Delayed 1 second(s)

2019-10-31 15:11:57 - [MESSAGE][PASSED] - Delayed 1 second(s)

2019-10-31 15:11:57 - [TEST_STEP][PASSED] - robot.keyRelease(VK_ESCAPE): null

2019-10-31 15:11:57 - [TEST_STEP][PASSED] - delay(1): Delayed 1 second(s)

2019-10-31 15:11:58 - [MESSAGE][PASSED] - Delayed 1 second(s)

2019-10-31 15:11:58 - [MESSAGE][PASSED] - Call Test Case 'Test Cases/Reusable_Test_Sequences/Utils/Dispel_Windows_Dialog' successfully

2019-10-31 15:11:58 - [TEST_STEP][PASSED] - "----------------------------------------------": null

2019-10-31 15:11:58 - [TEST_STEP][PASSED] - "----------------------------------------------": null

2019-10-31 15:11:58 - [TEST_STEP][PASSED] - "----------------------------------------------": null

2019-10-31 15:11:58 - [TEST_STEP][PASSED] - waitForElementPresent(findTestObject("Object Repository/Profiles_Page/Page_Members Area/button_Upload Banner Image"), 25): Object 'Object Repository/Profiles_Page/Page_Members Area/button_Upload Banner Image' is present

2019-10-31 15:11:58 - [MESSAGE][PASSED] - Object 'Object Repository/Profiles_Page/Page_Members Area/button_Upload Banner Image' is present

2019-10-31 15:11:58 - [TEST_STEP][PASSED] - back(): Navigate back successfully

2019-10-31 15:11:58 - [MESSAGE][PASSED] - Navigate back successfully

2019-10-31 15:11:58 - [MESSAGE][PASSED] - Call Test Case 'Test Cases/Reusable_Test_Sequences/Members_Area/Validation/Profiles/Banner_Image' successfully

2019-10-31 15:11:58 - [TEST_STEP][PASSED] - callTestCase(findTestCase("Reusable_Test_Sequences/Members_Area/Area_Menu/Grow_You_Business/Profiles/Vetting_Information"), [:], STOP_ON_FAILURE): Call Test Case 'Test Cases/Reusable_Test_Sequences/Members_Area/Area_Menu/Grow_You_Business/Profiles/Vetting_Information' successfully

2019-10-31 15:11:58 - [TEST_CASE][PASSED] - Test Cases/Reusable_Test_Sequences/Members_Area/Area_Menu/Grow_You_Business/Profiles/Vetting_Information: Test Cases/Reusable_Test_Sequences/Members_Area/Area_Menu/Grow_You_Business/Profiles/Vetting_Information

2019-10-31 15:11:58 - [TEST_STEP][PASSED] - waitForElementPresent(findTestObject("Object Repository/Profiles_Page/Page_Members Area/a_Vetting information"), 25): Object 'Object Repository/Profiles_Page/Page_Members Area/a_Vetting information' is present

2019-10-31 15:11:58 - [MESSAGE][PASSED] - Object 'Object Repository/Profiles_Page/Page_Members Area/a_Vetting information' is present

2019-10-31 15:11:58 - [TEST_STEP][PASSED] - click(findTestObject("Object Repository/Profiles_Page/Page_Members Area/a_Vetting information")): Object: 'Object Repository/Profiles_Page/Page_Members Area/a_Vetting information' is clicked on

2019-10-31 15:11:59 - [MESSAGE][PASSED] - Object: 'Object Repository/Profiles_Page/Page_Members Area/a_Vetting information' is clicked on

2019-10-31 15:11:59 - [MESSAGE][PASSED] - Call Test Case 'Test Cases/Reusable_Test_Sequences/Members_Area/Area_Menu/Grow_You_Business/Profiles/Vetting_Information' successfully

2019-10-31 15:11:59 - [TEST_STEP][PASSED] - callTestCase(findTestCase("Reusable_Test_Sequences/Members_Area/Validation/Profiles/Vetting_Information"), [:], CONTINUE_ON_FAILURE): Call Test Case 'Test Cases/Reusable_Test_Sequences/Members_Area/Validation/Profiles/Vetting_Information' successfully

2019-10-31 15:11:59 - [TEST_CASE][PASSED] - Test Cases/Reusable_Test_Sequences/Members_Area/Validation/Profiles/Vetting_Information: Test Cases/Reusable_Test_Sequences/Members_Area/Validation/Profiles/Vetting_Information

2019-10-31 15:11:59 - [TEST_STEP][PASSED] - waitForElementPresent(findTestObject("Object Repository/Profiles_Page/Page_Members Area/button_Add Accreditation"), 25): Object 'Object Repository/Profiles_Page/Page_Members Area/button_Add Accreditation' is present

2019-10-31 15:11:59 - [MESSAGE][PASSED] - Object 'Object Repository/Profiles_Page/Page_Members Area/button_Add Accreditation' is present

2019-10-31 15:11:59 - [TEST_STEP][PASSED] - "---------------------------------": null

2019-10-31 15:11:59 - [TEST_STEP][PASSED] - "THIS TAB - Vetting Information   |": null

2019-10-31 15:11:59 - [TEST_STEP][PASSED] - verifyTextPresent(findTestData("Members_Test_Data").getValue("MEMBER_ID", 1), false): Text '218630' is present on page 

2019-10-31 15:12:00 - [MESSAGE][PASSED] - Text '218630' is present on page 

2019-10-31 15:12:00 - [TEST_STEP][PASSED] - verifyTextPresent("MEMBER ID", false): Text 'MEMBER ID' is present on page 

2019-10-31 15:12:01 - [MESSAGE][PASSED] - Text 'MEMBER ID' is present on page 

2019-10-31 15:12:01 - [TEST_STEP][PASSED] - verifyTextPresent("Update your accreditations and services here", false): Text 'Update your accreditations and services here' is present on page 

2019-10-31 15:12:03 - [MESSAGE][PASSED] - Text 'Update your accreditations and services here' is present on page 

2019-10-31 15:12:03 - [TEST_STEP][PASSED] - verifyTextPresent("Accreditations & Memberships", false): Text 'Accreditations & Memberships' is present on page 

2019-10-31 15:12:04 - [MESSAGE][PASSED] - Text 'Accreditations & Memberships' is present on page 

2019-10-31 15:12:04 - [TEST_STEP][PASSED] - verifyTextPresent("Below are the accreditations and memberships displayed on your profile page. You can add more by clicking on the link below", false): Text 'Below are the accreditations and memberships displayed on your profile page. You can add more by clicking on the link below' is present on page 

2019-10-31 15:12:07 - [MESSAGE][PASSED] - Text 'Below are the accreditations and memberships displayed on your profile page. You can add more by clicking on the link below' is present on page 

2019-10-31 15:12:07 - [TEST_STEP][PASSED] - waitForPageLoad(25): Wait for page load successfully

2019-10-31 15:12:07 - [MESSAGE][PASSED] - Wait for page load successfully

2019-10-31 15:12:07 - [TEST_STEP][PASSED] - delay(5): Delayed 5 second(s)

2019-10-31 15:12:12 - [MESSAGE][PASSED] - Delayed 5 second(s)

2019-10-31 15:12:12 - [TEST_STEP][PASSED] - verifyTextPresent("Approved", false): Text 'Approved' is present on page 

2019-10-31 15:12:13 - [MESSAGE][PASSED] - Text 'Approved' is present on page 

2019-10-31 15:12:13 - [TEST_STEP][PASSED] - verifyTextPresent("Type", false): Text 'Type' is present on page 

2019-10-31 15:12:13 - [MESSAGE][PASSED] - Text 'Type' is present on page 

2019-10-31 15:12:13 - [TEST_STEP][PASSED] - verifyTextPresent("Description", false): Text 'Description' is present on page 

2019-10-31 15:12:14 - [MESSAGE][PASSED] - Text 'Description' is present on page 

2019-10-31 15:12:14 - [TEST_STEP][PASSED] - verifyTextPresent("Expires", false): Text 'Expires' is present on page 

2019-10-31 15:12:15 - [MESSAGE][PASSED] - Text 'Expires' is present on page 

2019-10-31 15:12:15 - [TEST_STEP][PASSED] - verifyTextPresent("Add Accreditation", false): Text 'Add Accreditation' is present on page 

2019-10-31 15:12:17 - [MESSAGE][PASSED] - Text 'Add Accreditation' is present on page 

2019-10-31 15:12:17 - [TEST_STEP][PASSED] - "----------------------------------------------": null

2019-10-31 15:12:17 - [TEST_STEP][PASSED] - verifyTextPresent("Services", false): Text 'Services' is present on page 

2019-10-31 15:12:17 - [MESSAGE][PASSED] - Text 'Services' is present on page 

2019-10-31 15:12:17 - [TEST_STEP][PASSED] - verifyTextPresent("You may update the services that you offer to customers", false): Text 'You may update the services that you offer to customers' is present on page 

2019-10-31 15:12:18 - [MESSAGE][PASSED] - Text 'You may update the services that you offer to customers' is present on page 

2019-10-31 15:12:18 - [TEST_STEP][PASSED] - "----------------------------------------------": null

2019-10-31 15:12:18 - [TEST_STEP][PASSED] - waitForElementClickable(findTestObject("Object Repository/Profiles_Page/Page_Members Area/button_Add Accreditation"), 25): Object 'Object Repository/Profiles_Page/Page_Members Area/button_Add Accreditation' is clickable

2019-10-31 15:12:18 - [MESSAGE][PASSED] - Object 'Object Repository/Profiles_Page/Page_Members Area/button_Add Accreditation' is clickable

2019-10-31 15:12:18 - [TEST_STEP][PASSED] - click(findTestObject("Object Repository/Profiles_Page/Page_Members Area/button_Add Accreditation")): Object: 'Object Repository/Profiles_Page/Page_Members Area/button_Add Accreditation' is clicked on

2019-10-31 15:12:19 - [MESSAGE][PASSED] - Object: 'Object Repository/Profiles_Page/Page_Members Area/button_Add Accreditation' is clicked on

2019-10-31 15:12:19 - [TEST_STEP][PASSED] - callTestCase(findTestCase("Reusable_Test_Sequences/Members_Area/Validation/Profiles/Vetting_Information_Sub/Add_Accreditation"), [:], CONTINUE_ON_FAILURE): Call Test Case 'Test Cases/Reusable_Test_Sequences/Members_Area/Validation/Profiles/Vetting_Information_Sub/Add_Accreditation' successfully

2019-10-31 15:12:19 - [TEST_CASE][PASSED] - Test Cases/Reusable_Test_Sequences/Members_Area/Validation/Profiles/Vetting_Information_Sub/Add_Accreditation: Test Cases/Reusable_Test_Sequences/Members_Area/Validation/Profiles/Vetting_Information_Sub/Add_Accreditation

2019-10-31 15:12:19 - [TEST_STEP][PASSED] - waitForElementPresent(findTestObject("Object Repository/Page_Members Area/Profiles/Page_Members Area/button_Select Document"), 25): Object 'Object Repository/Page_Members Area/Profiles/Page_Members Area/button_Select Document' is present

2019-10-31 15:12:19 - [MESSAGE][PASSED] - Object 'Object Repository/Page_Members Area/Profiles/Page_Members Area/button_Select Document' is present

2019-10-31 15:12:19 - [TEST_STEP][PASSED] - "---------------------------------------------------": null

2019-10-31 15:12:19 - [TEST_STEP][PASSED] - verifyTextPresent(findTestData("Members_Test_Data").getValue("MEMBER_ID", 1), false): Text '218630' is present on page 

2019-10-31 15:12:20 - [MESSAGE][PASSED] - Text '218630' is present on page 

2019-10-31 15:12:20 - [TEST_STEP][PASSED] - verifyTextPresent("MEMBER ID", false): Text 'MEMBER ID' is present on page 

2019-10-31 15:12:21 - [MESSAGE][PASSED] - Text 'MEMBER ID' is present on page 

2019-10-31 15:12:21 - [TEST_STEP][PASSED] - verifyTextPresent("Add New Accreditation", false): Text 'Add New Accreditation' is present on page 

2019-10-31 15:12:21 - [MESSAGE][PASSED] - Text 'Add New Accreditation' is present on page 

2019-10-31 15:12:21 - [TEST_STEP][PASSED] - verifyTextPresent("Proof of accreditation is required before it can be listed on your web page", false): Text 'Proof of accreditation is required before it can be listed on your web page' is present on page 

2019-10-31 15:12:22 - [MESSAGE][PASSED] - Text 'Proof of accreditation is required before it can be listed on your web page' is present on page 

2019-10-31 15:12:22 - [TEST_STEP][PASSED] - verifyTextPresent("Supporting Documents", false): Text 'Supporting Documents' is present on page 

2019-10-31 15:12:23 - [MESSAGE][PASSED] - Text 'Supporting Documents' is present on page 

2019-10-31 15:12:23 - [TEST_STEP][PASSED] - verifyTextPresent("Select Document", false): Text 'Select Document' is present on page 

2019-10-31 15:12:24 - [MESSAGE][PASSED] - Text 'Select Document' is present on page 

2019-10-31 15:12:24 - [TEST_STEP][PASSED] - verifyTextPresent("Add Accreditation", false): Text 'Add Accreditation' is present on page 

2019-10-31 15:12:25 - [MESSAGE][PASSED] - Text 'Add Accreditation' is present on page 

2019-10-31 15:12:25 - [TEST_STEP][PASSED] - verifyTextPresent("Type", false): Text 'Type' is present on page 

2019-10-31 15:12:26 - [MESSAGE][PASSED] - Text 'Type' is present on page 

2019-10-31 15:12:26 - [TEST_STEP][PASSED] - verifyTextPresent("Notes", false): Text 'Notes' is present on page 

2019-10-31 15:12:28 - [MESSAGE][PASSED] - Text 'Notes' is present on page 

2019-10-31 15:12:28 - [TEST_STEP][PASSED] - verifyTextPresent("The file size must be smaller than 9MB", false): Text 'The file size must be smaller than 9MB' is present on page 

2019-10-31 15:12:29 - [MESSAGE][PASSED] - Text 'The file size must be smaller than 9MB' is present on page 

2019-10-31 15:12:29 - [TEST_STEP][PASSED] - verifyTextPresent("Services", false): Text 'Services' is present on page 

2019-10-31 15:12:31 - [MESSAGE][PASSED] - Text 'Services' is present on page 

2019-10-31 15:12:31 - [TEST_STEP][PASSED] - verifyTextPresent("Close", false): Text 'Close' is present on page 

2019-10-31 15:12:32 - [MESSAGE][PASSED] - Text 'Close' is present on page 

2019-10-31 15:12:32 - [TEST_STEP][PASSED] - selectOptionByValue(findTestObject("Object Repository/Page_Members Area/Profiles/Page_Members Area/select_Select accreditation type"), "128", true): All options with value '128' are selected in object 'Object Repository/Page_Members Area/Profiles/Page_Members Area/select_Select accreditation type'  using regular expression

2019-10-31 15:12:39 - [MESSAGE][PASSED] - All options with value '128' are selected in object 'Object Repository/Page_Members Area/Profiles/Page_Members Area/select_Select accreditation type'  using regular expression

2019-10-31 15:12:39 - [TEST_STEP][PASSED] - setText(findTestObject("Object Repository/Page_Members Area/Profiles/Page_Members Area/textarea_Notes_txtNotes"), "testing, testing, 123"): Text 'testing, testing, 123' is set on object 'Object Repository/Page_Members Area/Profiles/Page_Members Area/textarea_Notes_txtNotes'

2019-10-31 15:12:39 - [MESSAGE][PASSED] - Text 'testing, testing, 123' is set on object 'Object Repository/Page_Members Area/Profiles/Page_Members Area/textarea_Notes_txtNotes'

2019-10-31 15:12:39 - [TEST_STEP][PASSED] - "----------------------------------------------": null

2019-10-31 15:12:40 - [TEST_STEP][PASSED] - click(findTestObject("Object Repository/Page_Members Area/Profiles/Page_Members Area/button_Select Document")): Object: 'Object Repository/Page_Members Area/Profiles/Page_Members Area/button_Select Document' is clicked on

2019-10-31 15:12:41 - [MESSAGE][PASSED] - Object: 'Object Repository/Page_Members Area/Profiles/Page_Members Area/button_Select Document' is clicked on

2019-10-31 15:12:41 - [TEST_STEP][PASSED] - "----------------------------------------------": null

2019-10-31 15:12:41 - [TEST_STEP][PASSED] - callTestCase(findTestCase("Reusable_Test_Sequences/Utils/Dispel_Windows_Dialog"), [:], CONTINUE_ON_FAILURE): Call Test Case 'Test Cases/Reusable_Test_Sequences/Utils/Dispel_Windows_Dialog' successfully

2019-10-31 15:12:41 - [TEST_CASE][PASSED] - Test Cases/Reusable_Test_Sequences/Utils/Dispel_Windows_Dialog: Test Cases/Reusable_Test_Sequences/Utils/Dispel_Windows_Dialog

2019-10-31 15:12:41 - [TEST_STEP][PASSED] - "----------------------------------------------": null

2019-10-31 15:12:41 - [TEST_STEP][PASSED] - delay(2): Delayed 2 second(s)

2019-10-31 15:12:43 - [MESSAGE][PASSED] - Delayed 2 second(s)

2019-10-31 15:12:43 - [TEST_STEP][PASSED] - robot = new java.awt.Robot(): null

2019-10-31 15:12:43 - [TEST_STEP][PASSED] - robot.keyPress(VK_ESCAPE): null

2019-10-31 15:12:43 - [TEST_STEP][PASSED] - delay(1): Delayed 1 second(s)

2019-10-31 15:12:44 - [MESSAGE][PASSED] - Delayed 1 second(s)

2019-10-31 15:12:44 - [TEST_STEP][PASSED] - robot.keyRelease(VK_ESCAPE): null

2019-10-31 15:12:44 - [TEST_STEP][PASSED] - delay(1): Delayed 1 second(s)

2019-10-31 15:12:45 - [MESSAGE][PASSED] - Delayed 1 second(s)

2019-10-31 15:12:45 - [TEST_STEP][PASSED] - robot.keyPress(VK_ESCAPE): null

2019-10-31 15:12:45 - [TEST_STEP][PASSED] - delay(1): Delayed 1 second(s)

2019-10-31 15:12:46 - [MESSAGE][PASSED] - Delayed 1 second(s)

2019-10-31 15:12:46 - [TEST_STEP][PASSED] - robot.keyRelease(VK_ESCAPE): null

2019-10-31 15:12:46 - [TEST_STEP][PASSED] - delay(1): Delayed 1 second(s)

2019-10-31 15:12:47 - [MESSAGE][PASSED] - Delayed 1 second(s)

2019-10-31 15:12:47 - [MESSAGE][PASSED] - Call Test Case 'Test Cases/Reusable_Test_Sequences/Utils/Dispel_Windows_Dialog' successfully

2019-10-31 15:12:47 - [MESSAGE][PASSED] - Call Test Case 'Test Cases/Reusable_Test_Sequences/Members_Area/Validation/Profiles/Vetting_Information_Sub/Add_Accreditation' successfully

2019-10-31 15:12:47 - [TEST_STEP][PASSED] - callTestCase(findTestCase("Reusable_Test_Sequences/Members_Area/Validation/Profiles/Vetting_Information_Sub/Services_Section"), [:], CONTINUE_ON_FAILURE): Call Test Case 'Test Cases/Reusable_Test_Sequences/Members_Area/Validation/Profiles/Vetting_Information_Sub/Services_Section' successfully

2019-10-31 15:12:48 - [TEST_CASE][PASSED] - Test Cases/Reusable_Test_Sequences/Members_Area/Validation/Profiles/Vetting_Information_Sub/Services_Section: Test Cases/Reusable_Test_Sequences/Members_Area/Validation/Profiles/Vetting_Information_Sub/Services_Section

2019-10-31 15:12:48 - [TEST_STEP][PASSED] - scrollToElement(findTestObject("Object Repository/Page_Members Area/Profiles/Page_Members Area/button_Save Vetting Information"), 5): Scroll to object 'Object Repository/Page_Members Area/Profiles/Page_Members Area/button_Save Vetting Information' successfully

2019-10-31 15:12:48 - [MESSAGE][PASSED] - Scroll to object 'Object Repository/Page_Members Area/Profiles/Page_Members Area/button_Save Vetting Information' successfully

2019-10-31 15:12:48 - [TEST_STEP][PASSED] - verifyTextPresent(findTestData("Members_Test_Data").getValue("MEMBER_ID", 1), false): Text '218630' is present on page 

2019-10-31 15:12:50 - [MESSAGE][PASSED] - Text '218630' is present on page 

2019-10-31 15:12:50 - [TEST_STEP][PASSED] - verifyTextPresent("MEMBER ID", false): Text 'MEMBER ID' is present on page 

2019-10-31 15:12:51 - [MESSAGE][PASSED] - Text 'MEMBER ID' is present on page 

2019-10-31 15:12:51 - [TEST_STEP][PASSED] - verifyTextPresent("Services", false): Text 'Services' is present on page 

2019-10-31 15:12:52 - [MESSAGE][PASSED] - Text 'Services' is present on page 

2019-10-31 15:12:52 - [TEST_STEP][PASSED] - verifyTextPresent("You may update the services that you offer to customers", false): Text 'You may update the services that you offer to customers' is present on page 

2019-10-31 15:12:54 - [MESSAGE][PASSED] - Text 'You may update the services that you offer to customers' is present on page 

2019-10-31 15:12:54 - [TEST_STEP][PASSED] - verifyTextPresent("Domestic Work", false): Text 'Domestic Work' is present on page 

2019-10-31 15:12:56 - [MESSAGE][PASSED] - Text 'Domestic Work' is present on page 

2019-10-31 15:12:56 - [TEST_STEP][PASSED] - verifyTextPresent("Commercial Work", false): Text 'Commercial Work' is present on page 

2019-10-31 15:12:58 - [MESSAGE][PASSED] - Text 'Commercial Work' is present on page 

2019-10-31 15:12:58 - [TEST_STEP][PASSED] - verifyTextPresent("24hr Call-out", false): Text '24hr Call-out' is present on page 

2019-10-31 15:13:00 - [MESSAGE][PASSED] - Text '24hr Call-out' is present on page 

2019-10-31 15:13:00 - [TEST_STEP][PASSED] - verifyTextPresent("Free Estimates", false): Text 'Free Estimates' is present on page 

2019-10-31 15:13:02 - [MESSAGE][PASSED] - Text 'Free Estimates' is present on page 

2019-10-31 15:13:02 - [TEST_STEP][PASSED] - verifyTextPresent("Insurance Work Undertaken", false): Text 'Insurance Work Undertaken' is present on page 

2019-10-31 15:13:03 - [MESSAGE][PASSED] - Text 'Insurance Work Undertaken' is present on page 

2019-10-31 15:13:03 - [TEST_STEP][PASSED] - verifyTextPresent("Cards accepted", false): Text 'Cards accepted' is present on page 

2019-10-31 15:13:04 - [MESSAGE][PASSED] - Text 'Cards accepted' is present on page 

2019-10-31 15:13:04 - [TEST_STEP][PASSED] - verifyTextPresent("Free Estimates (excl. Insurance)", false): Text 'Free Estimates (excl. Insurance)' is present on page 

2019-10-31 15:13:06 - [MESSAGE][PASSED] - Text 'Free Estimates (excl. Insurance)' is present on page 

2019-10-31 15:13:06 - [TEST_STEP][PASSED] - verifyTextPresent("VAT Registration", false): Text 'VAT Registration' is present on page 

2019-10-31 15:13:07 - [MESSAGE][PASSED] - Text 'VAT Registration' is present on page 

2019-10-31 15:13:07 - [TEST_STEP][PASSED] - verifyTextPresent("Are you VAT registered", false): Text 'Are you VAT registered' is present on page 

2019-10-31 15:13:08 - [MESSAGE][PASSED] - Text 'Are you VAT registered' is present on page 

2019-10-31 15:13:08 - [TEST_STEP][PASSED] - verifyTextPresent("update your registration number here", false): Text 'update your registration number here' is present on page 

2019-10-31 15:13:09 - [MESSAGE][PASSED] - Text 'update your registration number here' is present on page 

2019-10-31 15:13:09 - [TEST_STEP][PASSED] - "----------------------------------------------": null

2019-10-31 15:13:09 - [TEST_STEP][PASSED] - verifyTextPresent("House rules: All changes will be moderated by Checkatrade staff", false): Text 'House rules: All changes will be moderated by Checkatrade staff' is present on page 

2019-10-31 15:13:11 - [MESSAGE][PASSED] - Text 'House rules: All changes will be moderated by Checkatrade staff' is present on page 

2019-10-31 15:13:11 - [TEST_STEP][PASSED] - "----------------------------------------------": null

2019-10-31 15:13:11 - [TEST_STEP][PASSED] - "----------------------------------------------": null

2019-10-31 15:13:11 - [TEST_STEP][PASSED] - "DOMESTIC WORK": null

2019-10-31 15:13:11 - [TEST_STEP][PASSED] - waitForElementClickable(findTestObject("Object Repository/Page_Members Area/Profiles/Page_Members Area/input_Domestic Work_workDomestic"), 2): Object 'Object Repository/Page_Members Area/Profiles/Page_Members Area/input_Domestic Work_workDomestic' is clickable

2019-10-31 15:13:11 - [MESSAGE][PASSED] - Object 'Object Repository/Page_Members Area/Profiles/Page_Members Area/input_Domestic Work_workDomestic' is clickable

2019-10-31 15:13:11 - [TEST_STEP][PASSED] - click(findTestObject("Object Repository/Page_Members Area/Profiles/Page_Members Area/input_Domestic Work_workDomestic")): Object: 'Object Repository/Page_Members Area/Profiles/Page_Members Area/input_Domestic Work_workDomestic' is clicked on

2019-10-31 15:13:11 - [MESSAGE][PASSED] - Object: 'Object Repository/Page_Members Area/Profiles/Page_Members Area/input_Domestic Work_workDomestic' is clicked on

2019-10-31 15:13:11 - [TEST_STEP][PASSED] - "----------------------------------------------": null

2019-10-31 15:13:11 - [TEST_STEP][PASSED] - "COMMERCIAL WORK": null

2019-10-31 15:13:11 - [TEST_STEP][PASSED] - waitForElementClickable(findTestObject("Object Repository/Page_Members Area/Profiles/Page_Members Area/input_Commercial Work_workCommercial"), 2): Object 'Object Repository/Page_Members Area/Profiles/Page_Members Area/input_Commercial Work_workCommercial' is clickable

2019-10-31 15:13:11 - [MESSAGE][PASSED] - Object 'Object Repository/Page_Members Area/Profiles/Page_Members Area/input_Commercial Work_workCommercial' is clickable

2019-10-31 15:13:11 - [TEST_STEP][PASSED] - click(findTestObject("Object Repository/Page_Members Area/Profiles/Page_Members Area/input_Commercial Work_workCommercial")): Object: 'Object Repository/Page_Members Area/Profiles/Page_Members Area/input_Commercial Work_workCommercial' is clicked on

2019-10-31 15:13:12 - [MESSAGE][PASSED] - Object: 'Object Repository/Page_Members Area/Profiles/Page_Members Area/input_Commercial Work_workCommercial' is clicked on

2019-10-31 15:13:12 - [TEST_STEP][PASSED] - "----------------------------------------------": null

2019-10-31 15:13:12 - [TEST_STEP][PASSED] - "24 HOUR CALLOUT": null

2019-10-31 15:13:12 - [TEST_STEP][PASSED] - waitForElementClickable(findTestObject("Object Repository/Page_Members Area/Profiles/Page_Members Area/input_Commercial Work_work24Hours"), 2): Object 'Object Repository/Page_Members Area/Profiles/Page_Members Area/input_Commercial Work_work24Hours' is clickable

2019-10-31 15:13:12 - [MESSAGE][PASSED] - Object 'Object Repository/Page_Members Area/Profiles/Page_Members Area/input_Commercial Work_work24Hours' is clickable

2019-10-31 15:13:12 - [TEST_STEP][PASSED] - click(findTestObject("Object Repository/Page_Members Area/Profiles/Page_Members Area/input_Commercial Work_work24Hours")): Object: 'Object Repository/Page_Members Area/Profiles/Page_Members Area/input_Commercial Work_work24Hours' is clicked on

2019-10-31 15:13:12 - [MESSAGE][PASSED] - Object: 'Object Repository/Page_Members Area/Profiles/Page_Members Area/input_Commercial Work_work24Hours' is clicked on

2019-10-31 15:13:12 - [TEST_STEP][PASSED] - "----------------------------------------------": null

2019-10-31 15:13:12 - [TEST_STEP][PASSED] - "FREE ESTIMATES": null

2019-10-31 15:13:12 - [TEST_STEP][PASSED] - waitForElementClickable(findTestObject("Object Repository/Page_Members Area/Profiles/Page_Members Area/input_Free Estimates_workFreeEstimates"), 2): Object 'Object Repository/Page_Members Area/Profiles/Page_Members Area/input_Free Estimates_workFreeEstimates' is clickable

2019-10-31 15:13:12 - [MESSAGE][PASSED] - Object 'Object Repository/Page_Members Area/Profiles/Page_Members Area/input_Free Estimates_workFreeEstimates' is clickable

2019-10-31 15:13:12 - [TEST_STEP][PASSED] - click(findTestObject("Object Repository/Page_Members Area/Profiles/Page_Members Area/input_Free Estimates_workFreeEstimates")): Object: 'Object Repository/Page_Members Area/Profiles/Page_Members Area/input_Free Estimates_workFreeEstimates' is clicked on

2019-10-31 15:13:13 - [MESSAGE][PASSED] - Object: 'Object Repository/Page_Members Area/Profiles/Page_Members Area/input_Free Estimates_workFreeEstimates' is clicked on

2019-10-31 15:13:13 - [TEST_STEP][PASSED] - "----------------------------------------------": null

2019-10-31 15:13:13 - [TEST_STEP][PASSED] - "INSURANCE WORK UNDERTAKEN": null

2019-10-31 15:13:13 - [TEST_STEP][PASSED] - waitForElementClickable(findTestObject("Object Repository/Page_Members Area/Profiles/Page_Members Area/input_Insurance Work Undertaken_workInsurance"), 2): Object 'Object Repository/Page_Members Area/Profiles/Page_Members Area/input_Insurance Work Undertaken_workInsurance' is clickable

2019-10-31 15:13:13 - [MESSAGE][PASSED] - Object 'Object Repository/Page_Members Area/Profiles/Page_Members Area/input_Insurance Work Undertaken_workInsurance' is clickable

2019-10-31 15:13:13 - [TEST_STEP][PASSED] - click(findTestObject("Object Repository/Page_Members Area/Profiles/Page_Members Area/input_Insurance Work Undertaken_workInsurance")): Object: 'Object Repository/Page_Members Area/Profiles/Page_Members Area/input_Insurance Work Undertaken_workInsurance' is clicked on

2019-10-31 15:13:13 - [MESSAGE][PASSED] - Object: 'Object Repository/Page_Members Area/Profiles/Page_Members Area/input_Insurance Work Undertaken_workInsurance' is clicked on

2019-10-31 15:13:13 - [TEST_STEP][PASSED] - "----------------------------------------------": null

2019-10-31 15:13:13 - [TEST_STEP][PASSED] - "CARDS ACCEPTED": null

2019-10-31 15:13:13 - [TEST_STEP][PASSED] - waitForElementClickable(findTestObject("Object Repository/Page_Members Area/Profiles/Page_Members Area/input_Cards accepted_cardsAccepted"), 2): Object 'Object Repository/Page_Members Area/Profiles/Page_Members Area/input_Cards accepted_cardsAccepted' is clickable

2019-10-31 15:13:13 - [MESSAGE][PASSED] - Object 'Object Repository/Page_Members Area/Profiles/Page_Members Area/input_Cards accepted_cardsAccepted' is clickable

2019-10-31 15:13:13 - [TEST_STEP][PASSED] - click(findTestObject("Object Repository/Page_Members Area/Profiles/Page_Members Area/input_Cards accepted_cardsAccepted")): Object: 'Object Repository/Page_Members Area/Profiles/Page_Members Area/input_Cards accepted_cardsAccepted' is clicked on

2019-10-31 15:13:13 - [MESSAGE][PASSED] - Object: 'Object Repository/Page_Members Area/Profiles/Page_Members Area/input_Cards accepted_cardsAccepted' is clicked on

2019-10-31 15:13:13 - [TEST_STEP][PASSED] - "----------------------------------------------": null

2019-10-31 15:13:13 - [TEST_STEP][PASSED] - "FREE ESTIMATES": null

2019-10-31 15:13:13 - [TEST_STEP][PASSED] - waitForElementClickable(findTestObject("Object Repository/Page_Members Area/Profiles/Page_Members Area/input_Free Estimates (excl Insurance)_workFreeEstimatesExclIns"), 2): Object 'Object Repository/Page_Members Area/Profiles/Page_Members Area/input_Free Estimates (excl Insurance)_workFreeEstimatesExclIns' is clickable

2019-10-31 15:13:13 - [MESSAGE][PASSED] - Object 'Object Repository/Page_Members Area/Profiles/Page_Members Area/input_Free Estimates (excl Insurance)_workFreeEstimatesExclIns' is clickable

2019-10-31 15:13:13 - [TEST_STEP][PASSED] - click(findTestObject("Object Repository/Page_Members Area/Profiles/Page_Members Area/input_Free Estimates (excl Insurance)_workFreeEstimatesExclIns")): Object: 'Object Repository/Page_Members Area/Profiles/Page_Members Area/input_Free Estimates (excl Insurance)_workFreeEstimatesExclIns' is clicked on

2019-10-31 15:13:14 - [MESSAGE][PASSED] - Object: 'Object Repository/Page_Members Area/Profiles/Page_Members Area/input_Free Estimates (excl Insurance)_workFreeEstimatesExclIns' is clicked on

2019-10-31 15:13:14 - [TEST_STEP][PASSED] - "----------------------------------------------": null

2019-10-31 15:13:14 - [TEST_STEP][PASSED] - "DOMESTIC WORK": null

2019-10-31 15:13:14 - [TEST_STEP][PASSED] - waitForElementClickable(findTestObject("Object Repository/Page_Members Area/Profiles/Page_Members Area/input_Domestic Work_workDomestic"), 2): Object 'Object Repository/Page_Members Area/Profiles/Page_Members Area/input_Domestic Work_workDomestic' is clickable

2019-10-31 15:13:14 - [MESSAGE][PASSED] - Object 'Object Repository/Page_Members Area/Profiles/Page_Members Area/input_Domestic Work_workDomestic' is clickable

2019-10-31 15:13:14 - [TEST_STEP][PASSED] - click(findTestObject("Object Repository/Page_Members Area/Profiles/Page_Members Area/input_Domestic Work_workDomestic")): Object: 'Object Repository/Page_Members Area/Profiles/Page_Members Area/input_Domestic Work_workDomestic' is clicked on

2019-10-31 15:13:14 - [MESSAGE][PASSED] - Object: 'Object Repository/Page_Members Area/Profiles/Page_Members Area/input_Domestic Work_workDomestic' is clicked on

2019-10-31 15:13:14 - [TEST_STEP][PASSED] - "----------------------------------------------": null

2019-10-31 15:13:14 - [TEST_STEP][PASSED] - "COMMERCIAL WORK": null

2019-10-31 15:13:14 - [TEST_STEP][PASSED] - waitForElementClickable(findTestObject("Object Repository/Page_Members Area/Profiles/Page_Members Area/input_Commercial Work_workCommercial"), 2): Object 'Object Repository/Page_Members Area/Profiles/Page_Members Area/input_Commercial Work_workCommercial' is clickable

2019-10-31 15:13:14 - [MESSAGE][PASSED] - Object 'Object Repository/Page_Members Area/Profiles/Page_Members Area/input_Commercial Work_workCommercial' is clickable

2019-10-31 15:13:14 - [TEST_STEP][PASSED] - click(findTestObject("Object Repository/Page_Members Area/Profiles/Page_Members Area/input_Commercial Work_workCommercial")): Object: 'Object Repository/Page_Members Area/Profiles/Page_Members Area/input_Commercial Work_workCommercial' is clicked on

2019-10-31 15:13:15 - [MESSAGE][PASSED] - Object: 'Object Repository/Page_Members Area/Profiles/Page_Members Area/input_Commercial Work_workCommercial' is clicked on

2019-10-31 15:13:15 - [TEST_STEP][PASSED] - "----------------------------------------------": null

2019-10-31 15:13:15 - [TEST_STEP][PASSED] - "24 HOUR CALLOUT": null

2019-10-31 15:13:15 - [TEST_STEP][PASSED] - waitForElementClickable(findTestObject("Object Repository/Page_Members Area/Profiles/Page_Members Area/input_Commercial Work_work24Hours"), 2): Object 'Object Repository/Page_Members Area/Profiles/Page_Members Area/input_Commercial Work_work24Hours' is clickable

2019-10-31 15:13:15 - [MESSAGE][PASSED] - Object 'Object Repository/Page_Members Area/Profiles/Page_Members Area/input_Commercial Work_work24Hours' is clickable

2019-10-31 15:13:15 - [TEST_STEP][PASSED] - click(findTestObject("Object Repository/Page_Members Area/Profiles/Page_Members Area/input_Commercial Work_work24Hours")): Object: 'Object Repository/Page_Members Area/Profiles/Page_Members Area/input_Commercial Work_work24Hours' is clicked on

2019-10-31 15:13:15 - [MESSAGE][PASSED] - Object: 'Object Repository/Page_Members Area/Profiles/Page_Members Area/input_Commercial Work_work24Hours' is clicked on

2019-10-31 15:13:15 - [TEST_STEP][PASSED] - "----------------------------------------------": null

2019-10-31 15:13:15 - [TEST_STEP][PASSED] - "FREE ESTIMATES": null

2019-10-31 15:13:15 - [TEST_STEP][PASSED] - waitForElementClickable(findTestObject("Object Repository/Page_Members Area/Profiles/Page_Members Area/input_Free Estimates_workFreeEstimates"), 2): Object 'Object Repository/Page_Members Area/Profiles/Page_Members Area/input_Free Estimates_workFreeEstimates' is clickable

2019-10-31 15:13:15 - [MESSAGE][PASSED] - Object 'Object Repository/Page_Members Area/Profiles/Page_Members Area/input_Free Estimates_workFreeEstimates' is clickable

2019-10-31 15:13:15 - [TEST_STEP][PASSED] - click(findTestObject("Object Repository/Page_Members Area/Profiles/Page_Members Area/input_Free Estimates_workFreeEstimates")): Object: 'Object Repository/Page_Members Area/Profiles/Page_Members Area/input_Free Estimates_workFreeEstimates' is clicked on

2019-10-31 15:13:15 - [MESSAGE][PASSED] - Object: 'Object Repository/Page_Members Area/Profiles/Page_Members Area/input_Free Estimates_workFreeEstimates' is clicked on

2019-10-31 15:13:15 - [TEST_STEP][PASSED] - "----------------------------------------------": null

2019-10-31 15:13:15 - [TEST_STEP][PASSED] - "INSURANCE WORK UNDERTAKEN": null

2019-10-31 15:13:15 - [TEST_STEP][PASSED] - waitForElementClickable(findTestObject("Object Repository/Page_Members Area/Profiles/Page_Members Area/input_Insurance Work Undertaken_workInsurance"), 2): Object 'Object Repository/Page_Members Area/Profiles/Page_Members Area/input_Insurance Work Undertaken_workInsurance' is clickable

2019-10-31 15:13:15 - [MESSAGE][PASSED] - Object 'Object Repository/Page_Members Area/Profiles/Page_Members Area/input_Insurance Work Undertaken_workInsurance' is clickable

2019-10-31 15:13:15 - [TEST_STEP][PASSED] - click(findTestObject("Object Repository/Page_Members Area/Profiles/Page_Members Area/input_Insurance Work Undertaken_workInsurance")): Object: 'Object Repository/Page_Members Area/Profiles/Page_Members Area/input_Insurance Work Undertaken_workInsurance' is clicked on

2019-10-31 15:13:16 - [MESSAGE][PASSED] - Object: 'Object Repository/Page_Members Area/Profiles/Page_Members Area/input_Insurance Work Undertaken_workInsurance' is clicked on

2019-10-31 15:13:16 - [TEST_STEP][PASSED] - "----------------------------------------------": null

2019-10-31 15:13:16 - [TEST_STEP][PASSED] - "CARDS ACCEPTED": null

2019-10-31 15:13:16 - [TEST_STEP][PASSED] - waitForElementClickable(findTestObject("Object Repository/Page_Members Area/Profiles/Page_Members Area/input_Cards accepted_cardsAccepted"), 2): Object 'Object Repository/Page_Members Area/Profiles/Page_Members Area/input_Cards accepted_cardsAccepted' is clickable

2019-10-31 15:13:16 - [MESSAGE][PASSED] - Object 'Object Repository/Page_Members Area/Profiles/Page_Members Area/input_Cards accepted_cardsAccepted' is clickable

2019-10-31 15:13:16 - [TEST_STEP][PASSED] - click(findTestObject("Object Repository/Page_Members Area/Profiles/Page_Members Area/input_Cards accepted_cardsAccepted")): Object: 'Object Repository/Page_Members Area/Profiles/Page_Members Area/input_Cards accepted_cardsAccepted' is clicked on

2019-10-31 15:13:16 - [MESSAGE][PASSED] - Object: 'Object Repository/Page_Members Area/Profiles/Page_Members Area/input_Cards accepted_cardsAccepted' is clicked on

2019-10-31 15:13:16 - [TEST_STEP][PASSED] - "----------------------------------------------": null

2019-10-31 15:13:16 - [TEST_STEP][PASSED] - "FREE ESTIMATES": null

2019-10-31 15:13:16 - [TEST_STEP][PASSED] - waitForElementClickable(findTestObject("Object Repository/Page_Members Area/Profiles/Page_Members Area/input_Free Estimates (excl Insurance)_workFreeEstimatesExclIns"), 2): Object 'Object Repository/Page_Members Area/Profiles/Page_Members Area/input_Free Estimates (excl Insurance)_workFreeEstimatesExclIns' is clickable

2019-10-31 15:13:16 - [MESSAGE][PASSED] - Object 'Object Repository/Page_Members Area/Profiles/Page_Members Area/input_Free Estimates (excl Insurance)_workFreeEstimatesExclIns' is clickable

2019-10-31 15:13:16 - [TEST_STEP][PASSED] - click(findTestObject("Object Repository/Page_Members Area/Profiles/Page_Members Area/input_Free Estimates (excl Insurance)_workFreeEstimatesExclIns")): Object: 'Object Repository/Page_Members Area/Profiles/Page_Members Area/input_Free Estimates (excl Insurance)_workFreeEstimatesExclIns' is clicked on

2019-10-31 15:13:17 - [MESSAGE][PASSED] - Object: 'Object Repository/Page_Members Area/Profiles/Page_Members Area/input_Free Estimates (excl Insurance)_workFreeEstimatesExclIns' is clicked on

2019-10-31 15:13:17 - [TEST_STEP][PASSED] - waitForElementClickable(findTestObject("Object Repository/Page_Members Area/Profiles/Page_Members Area/button_Save Vetting Information"), 2): Object 'Object Repository/Page_Members Area/Profiles/Page_Members Area/button_Save Vetting Information' is clickable

2019-10-31 15:13:17 - [MESSAGE][PASSED] - Object 'Object Repository/Page_Members Area/Profiles/Page_Members Area/button_Save Vetting Information' is clickable

2019-10-31 15:13:17 - [TEST_STEP][PASSED] - click(findTestObject("Object Repository/Page_Members Area/Profiles/Page_Members Area/button_Save Vetting Information")): Object: 'Object Repository/Page_Members Area/Profiles/Page_Members Area/button_Save Vetting Information' is clicked on

2019-10-31 15:13:17 - [MESSAGE][PASSED] - Object: 'Object Repository/Page_Members Area/Profiles/Page_Members Area/button_Save Vetting Information' is clicked on

2019-10-31 15:13:17 - [MESSAGE][PASSED] - Call Test Case 'Test Cases/Reusable_Test_Sequences/Members_Area/Validation/Profiles/Vetting_Information_Sub/Services_Section' successfully

2019-10-31 15:13:17 - [TEST_STEP][PASSED] - back(): Navigate back successfully

2019-10-31 15:13:17 - [MESSAGE][PASSED] - Navigate back successfully

2019-10-31 15:13:17 - [MESSAGE][PASSED] - Call Test Case 'Test Cases/Reusable_Test_Sequences/Members_Area/Validation/Profiles/Vetting_Information' successfully

2019-10-31 15:13:17 - [TEST_STEP][PASSED] - callTestCase(findTestCase("Reusable_Test_Sequences/Members_Area/Area_Menu/Grow_You_Business/Profiles/Insurance"), [:], STOP_ON_FAILURE): Call Test Case 'Test Cases/Reusable_Test_Sequences/Members_Area/Area_Menu/Grow_You_Business/Profiles/Insurance' successfully

2019-10-31 15:13:17 - [TEST_CASE][PASSED] - Test Cases/Reusable_Test_Sequences/Members_Area/Area_Menu/Grow_You_Business/Profiles/Insurance: Test Cases/Reusable_Test_Sequences/Members_Area/Area_Menu/Grow_You_Business/Profiles/Insurance

2019-10-31 15:13:17 - [TEST_STEP][PASSED] - waitForElementPresent(findTestObject("Object Repository/Profiles_Page/Page_Members Area/a_Insurance"), 25): Object 'Object Repository/Profiles_Page/Page_Members Area/a_Insurance' is present

2019-10-31 15:13:17 - [MESSAGE][PASSED] - Object 'Object Repository/Profiles_Page/Page_Members Area/a_Insurance' is present

2019-10-31 15:13:17 - [TEST_STEP][PASSED] - click(findTestObject("Object Repository/Profiles_Page/Page_Members Area/a_Insurance")): Object: 'Object Repository/Profiles_Page/Page_Members Area/a_Insurance' is clicked on

2019-10-31 15:13:18 - [MESSAGE][PASSED] - Object: 'Object Repository/Profiles_Page/Page_Members Area/a_Insurance' is clicked on

2019-10-31 15:13:18 - [MESSAGE][PASSED] - Call Test Case 'Test Cases/Reusable_Test_Sequences/Members_Area/Area_Menu/Grow_You_Business/Profiles/Insurance' successfully

2019-10-31 15:13:18 - [TEST_STEP][PASSED] - callTestCase(findTestCase("Reusable_Test_Sequences/Members_Area/Validation/Profiles/Insurance"), [:], CONTINUE_ON_FAILURE): Call Test Case 'Test Cases/Reusable_Test_Sequences/Members_Area/Validation/Profiles/Insurance' successfully

2019-10-31 15:13:18 - [TEST_CASE][PASSED] - Test Cases/Reusable_Test_Sequences/Members_Area/Validation/Profiles/Insurance: Test Cases/Reusable_Test_Sequences/Members_Area/Validation/Profiles/Insurance

2019-10-31 15:13:18 - [TEST_STEP][PASSED] - waitForElementClickable(findTestObject("Object Repository/Profiles_Page/Page_Members Area/Page_Members Area/button_Select Document"), 25): Object 'Object Repository/Profiles_Page/Page_Members Area/Page_Members Area/button_Select Document' is clickable

2019-10-31 15:13:18 - [MESSAGE][PASSED] - Object 'Object Repository/Profiles_Page/Page_Members Area/Page_Members Area/button_Select Document' is clickable

2019-10-31 15:13:18 - [TEST_STEP][PASSED] - "---------------------------------": null

2019-10-31 15:13:18 - [TEST_STEP][PASSED] - "THIS TAB - Insurance             |": null

2019-10-31 15:13:18 - [TEST_STEP][PASSED] - verifyTextPresent(findTestData("Members_Test_Data").getValue("MEMBER_ID", 1), false): Text '218630' is present on page 

2019-10-31 15:13:19 - [MESSAGE][PASSED] - Text '218630' is present on page 

2019-10-31 15:13:19 - [TEST_STEP][PASSED] - verifyTextPresent("MEMBER ID", false): Text 'MEMBER ID' is present on page 

2019-10-31 15:13:20 - [MESSAGE][PASSED] - Text 'MEMBER ID' is present on page 

2019-10-31 15:13:20 - [TEST_STEP][PASSED] - verifyTextPresent("Update your Public Liability Insurance Details", false): Text 'Update your Public Liability Insurance Details' is present on page 

2019-10-31 15:13:20 - [MESSAGE][PASSED] - Text 'Update your Public Liability Insurance Details' is present on page 

2019-10-31 15:13:20 - [TEST_STEP][PASSED] - verifyTextPresent("Failure to update your Public Liability Documents may result in", false): Text 'Failure to update your Public Liability Documents may result in' is present on page 

2019-10-31 15:13:21 - [MESSAGE][PASSED] - Text 'Failure to update your Public Liability Documents may result in' is present on page 

2019-10-31 15:13:21 - [TEST_STEP][PASSED] - verifyTextPresent("Policy No", false): Text 'Policy No' is present on page 

2019-10-31 15:13:21 - [MESSAGE][PASSED] - Text 'Policy No' is present on page 

2019-10-31 15:13:21 - [TEST_STEP][PASSED] - verifyTextPresent("Insured By", false): Text 'Insured By' is present on page 

2019-10-31 15:13:22 - [MESSAGE][PASSED] - Text 'Insured By' is present on page 

2019-10-31 15:13:22 - [TEST_STEP][PASSED] - verifyTextPresent("Insured amount (£ GBP)", false): Text 'Insured amount (£ GBP)' is present on page 

2019-10-31 15:13:23 - [MESSAGE][PASSED] - Text 'Insured amount (£ GBP)' is present on page 

2019-10-31 15:13:23 - [TEST_STEP][PASSED] - verifyTextPresent("(not employers liability cover)", false): Text '(not employers liability cover)' is present on page 

2019-10-31 15:13:23 - [MESSAGE][PASSED] - Text '(not employers liability cover)' is present on page 

2019-10-31 15:13:23 - [TEST_STEP][PASSED] - verifyTextPresent("Cost of insurance (£ GBP)", false): Text 'Cost of insurance (£ GBP)' is present on page 

2019-10-31 15:13:24 - [MESSAGE][PASSED] - Text 'Cost of insurance (£ GBP)' is present on page 

2019-10-31 15:13:24 - [TEST_STEP][PASSED] - verifyTextPresent("Expiry Date", false): Text 'Expiry Date' is present on page 

2019-10-31 15:13:24 - [MESSAGE][PASSED] - Text 'Expiry Date' is present on page 

2019-10-31 15:13:24 - [TEST_STEP][PASSED] - verifyTextPresent("Supporting Documents", false): Text 'Supporting Documents' is present on page 

2019-10-31 15:13:25 - [MESSAGE][PASSED] - Text 'Supporting Documents' is present on page 

2019-10-31 15:13:25 - [TEST_STEP][PASSED] - "----------------------------------------------": null

2019-10-31 15:13:25 - [TEST_STEP][PASSED] - scrollToElement(findTestObject("Object Repository/Page_Members Area/Profiles/Page_Members Area/button_Save PLI Details"), 5): Scroll to object 'Object Repository/Page_Members Area/Profiles/Page_Members Area/button_Save PLI Details' successfully

2019-10-31 15:13:25 - [MESSAGE][PASSED] - Scroll to object 'Object Repository/Page_Members Area/Profiles/Page_Members Area/button_Save PLI Details' successfully

2019-10-31 15:13:25 - [TEST_STEP][PASSED] - verifyTextPresent("Save PLI Details", false): Text 'Save PLI Details' is present on page 

2019-10-31 15:13:25 - [MESSAGE][PASSED] - Text 'Save PLI Details' is present on page 

2019-10-31 15:13:25 - [TEST_STEP][PASSED] - verifyTextPresent("You can also provide proof of insurance by the following method", false): Text 'You can also provide proof of insurance by the following method' is present on page 

2019-10-31 15:13:26 - [MESSAGE][PASSED] - Text 'You can also provide proof of insurance by the following method' is present on page 

2019-10-31 15:13:26 - [TEST_STEP][PASSED] - verifyTextPresent("Email memberservices@checkatrade.com", false): Text 'Email memberservices@checkatrade.com' is present on page 

2019-10-31 15:13:26 - [MESSAGE][PASSED] - Text 'Email memberservices@checkatrade.com' is present on page 

2019-10-31 15:13:26 - [TEST_STEP][PASSED] - verifyTextPresent("Post a copy of your Policy", false): Text 'Post a copy of your Policy' is present on page 

2019-10-31 15:13:26 - [MESSAGE][PASSED] - Text 'Post a copy of your Policy' is present on page 

2019-10-31 15:13:26 - [TEST_STEP][PASSED] - verifyTextPresent("Fax a copy to 01243 601246", false): Text 'Fax a copy to 01243 601246' is present on page 

2019-10-31 15:13:27 - [MESSAGE][PASSED] - Text 'Fax a copy to 01243 601246' is present on page 

2019-10-31 15:13:27 - [TEST_STEP][PASSED] - verifyTextPresent("House rules: All changes will be moderated by Checkatrade staff", false): Text 'House rules: All changes will be moderated by Checkatrade staff' is present on page 

2019-10-31 15:13:27 - [MESSAGE][PASSED] - Text 'House rules: All changes will be moderated by Checkatrade staff' is present on page 

2019-10-31 15:13:27 - [TEST_STEP][PASSED] - scrollToElement(findTestObject("Object Repository/Profiles_Page/Page_Members Area/Page_Members Area/button_Select Document"), 5): Scroll to object 'Object Repository/Profiles_Page/Page_Members Area/Page_Members Area/button_Select Document' successfully

2019-10-31 15:13:27 - [MESSAGE][PASSED] - Scroll to object 'Object Repository/Profiles_Page/Page_Members Area/Page_Members Area/button_Select Document' successfully

2019-10-31 15:13:27 - [TEST_STEP][PASSED] - "----------------------------------------------": null

2019-10-31 15:13:27 - [TEST_STEP][PASSED] - click(findTestObject("Object Repository/Profiles_Page/Page_Members Area/Page_Members Area/button_Select Document")): Object: 'Object Repository/Profiles_Page/Page_Members Area/Page_Members Area/button_Select Document' is clicked on

2019-10-31 15:13:28 - [MESSAGE][PASSED] - Object: 'Object Repository/Profiles_Page/Page_Members Area/Page_Members Area/button_Select Document' is clicked on

2019-10-31 15:13:28 - [TEST_STEP][PASSED] - "----------------------------------------------": null

2019-10-31 15:13:28 - [TEST_STEP][PASSED] - callTestCase(findTestCase("Reusable_Test_Sequences/Utils/Dispel_Windows_Dialog"), [:], CONTINUE_ON_FAILURE): Call Test Case 'Test Cases/Reusable_Test_Sequences/Utils/Dispel_Windows_Dialog' successfully

2019-10-31 15:13:28 - [TEST_CASE][PASSED] - Test Cases/Reusable_Test_Sequences/Utils/Dispel_Windows_Dialog: Test Cases/Reusable_Test_Sequences/Utils/Dispel_Windows_Dialog

2019-10-31 15:13:28 - [TEST_STEP][PASSED] - "----------------------------------------------": null

2019-10-31 15:13:28 - [TEST_STEP][PASSED] - delay(2): Delayed 2 second(s)

2019-10-31 15:13:30 - [MESSAGE][PASSED] - Delayed 2 second(s)

2019-10-31 15:13:30 - [TEST_STEP][PASSED] - robot = new java.awt.Robot(): null

2019-10-31 15:13:30 - [TEST_STEP][PASSED] - robot.keyPress(VK_ESCAPE): null

2019-10-31 15:13:30 - [TEST_STEP][PASSED] - delay(1): Delayed 1 second(s)

2019-10-31 15:13:31 - [MESSAGE][PASSED] - Delayed 1 second(s)

2019-10-31 15:13:31 - [TEST_STEP][PASSED] - robot.keyRelease(VK_ESCAPE): null

2019-10-31 15:13:31 - [TEST_STEP][PASSED] - delay(1): Delayed 1 second(s)

2019-10-31 15:13:32 - [MESSAGE][PASSED] - Delayed 1 second(s)

2019-10-31 15:13:32 - [TEST_STEP][PASSED] - robot.keyPress(VK_ESCAPE): null

2019-10-31 15:13:32 - [TEST_STEP][PASSED] - delay(1): Delayed 1 second(s)

2019-10-31 15:13:33 - [MESSAGE][PASSED] - Delayed 1 second(s)

2019-10-31 15:13:33 - [TEST_STEP][PASSED] - robot.keyRelease(VK_ESCAPE): null

2019-10-31 15:13:33 - [TEST_STEP][PASSED] - delay(1): Delayed 1 second(s)

2019-10-31 15:13:34 - [MESSAGE][PASSED] - Delayed 1 second(s)

2019-10-31 15:13:34 - [MESSAGE][PASSED] - Call Test Case 'Test Cases/Reusable_Test_Sequences/Utils/Dispel_Windows_Dialog' successfully

2019-10-31 15:13:34 - [TEST_STEP][PASSED] - "----------------------------------------------": null

2019-10-31 15:13:34 - [TEST_STEP][PASSED] - "----------------------------------------------": null

2019-10-31 15:13:34 - [TEST_STEP][PASSED] - "----------------------------------------------": null

2019-10-31 15:13:34 - [TEST_STEP][PASSED] - click(findTestObject("Object Repository/Page_Members Area/Profiles/Page_Members Area/button_Save PLI Details")): Object: 'Object Repository/Page_Members Area/Profiles/Page_Members Area/button_Save PLI Details' is clicked on

2019-10-31 15:13:34 - [MESSAGE][PASSED] - Object: 'Object Repository/Page_Members Area/Profiles/Page_Members Area/button_Save PLI Details' is clicked on

2019-10-31 15:13:34 - [TEST_STEP][PASSED] - back(): Navigate back successfully

2019-10-31 15:13:34 - [MESSAGE][PASSED] - Navigate back successfully

2019-10-31 15:13:34 - [MESSAGE][PASSED] - Call Test Case 'Test Cases/Reusable_Test_Sequences/Members_Area/Validation/Profiles/Insurance' successfully

2019-10-31 15:13:34 - [TEST_STEP][PASSED] - callTestCase(findTestCase("Reusable_Test_Sequences/Members_Area/Area_Menu/Grow_You_Business/Profiles/Maximise_Your_Profile"), [:], STOP_ON_FAILURE): Call Test Case 'Test Cases/Reusable_Test_Sequences/Members_Area/Area_Menu/Grow_You_Business/Profiles/Maximise_Your_Profile' successfully

2019-10-31 15:13:34 - [TEST_CASE][PASSED] - Test Cases/Reusable_Test_Sequences/Members_Area/Area_Menu/Grow_You_Business/Profiles/Maximise_Your_Profile: Test Cases/Reusable_Test_Sequences/Members_Area/Area_Menu/Grow_You_Business/Profiles/Maximise_Your_Profile

2019-10-31 15:13:35 - [TEST_STEP][PASSED] - waitForElementPresent(findTestObject("Object Repository/Profiles_Page/Page_Members Area/a_Maximise your profile video"), 25): Object 'Object Repository/Profiles_Page/Page_Members Area/a_Maximise your profile video' is present

2019-10-31 15:13:35 - [MESSAGE][PASSED] - Object 'Object Repository/Profiles_Page/Page_Members Area/a_Maximise your profile video' is present

2019-10-31 15:13:35 - [TEST_STEP][PASSED] - click(findTestObject("Object Repository/Profiles_Page/Page_Members Area/a_Maximise your profile video")): Object: 'Object Repository/Profiles_Page/Page_Members Area/a_Maximise your profile video' is clicked on

2019-10-31 15:13:35 - [MESSAGE][PASSED] - Object: 'Object Repository/Profiles_Page/Page_Members Area/a_Maximise your profile video' is clicked on

2019-10-31 15:13:35 - [MESSAGE][PASSED] - Call Test Case 'Test Cases/Reusable_Test_Sequences/Members_Area/Area_Menu/Grow_You_Business/Profiles/Maximise_Your_Profile' successfully

2019-10-31 15:13:35 - [TEST_STEP][PASSED] - callTestCase(findTestCase("Reusable_Test_Sequences/Members_Area/Validation/Profiles/Maximise_Your_Profile"), [:], CONTINUE_ON_FAILURE): Call Test Case 'Test Cases/Reusable_Test_Sequences/Members_Area/Validation/Profiles/Maximise_Your_Profile' successfully

2019-10-31 15:13:35 - [TEST_CASE][PASSED] - Test Cases/Reusable_Test_Sequences/Members_Area/Validation/Profiles/Maximise_Your_Profile: Test Cases/Reusable_Test_Sequences/Members_Area/Validation/Profiles/Maximise_Your_Profile

2019-10-31 15:13:35 - [TEST_STEP][PASSED] - "######################################################################################################################################################################": null

2019-10-31 15:13:35 - [TEST_STEP][PASSED] - switchToWindowUrl("https://www.youtube.com/watch?v=ujuJlrazzGc&t=3s"): Switched to window with url: 'https://www.youtube.com/watch?v=ujuJlrazzGc&t=3s'

2019-10-31 15:13:36 - [MESSAGE][PASSED] - Switched to window with url: 'https://www.youtube.com/watch?v=ujuJlrazzGc&t=3s'

2019-10-31 15:13:36 - [TEST_STEP][PASSED] - "---------------------------------": null

2019-10-31 15:13:36 - [TEST_STEP][PASSED] - "THIS TAB - Maximise Your Profile |": null

2019-10-31 15:13:36 - [TEST_STEP][PASSED] - "---------------------------------": null

2019-10-31 15:13:36 - [TEST_STEP][PASSED] - "----------------------------------------------": null

2019-10-31 15:13:36 - [TEST_STEP][PASSED] - "----------------------------------------------": null

2019-10-31 15:13:36 - [TEST_STEP][PASSED] - "----------------------------------------------": null

2019-10-31 15:13:36 - [TEST_STEP][PASSED] - closeWindowUrl("https://www.youtube.com/watch?v=ujuJlrazzGc&t=3s"): Window with url: 'https://www.youtube.com/watch?v=ujuJlrazzGc&t=3s' is closed

2019-10-31 15:13:36 - [MESSAGE][PASSED] - Window with url: 'https://www.youtube.com/watch?v=ujuJlrazzGc&t=3s' is closed

2019-10-31 15:13:36 - [TEST_STEP][PASSED] - delay(1): Delayed 1 second(s)

2019-10-31 15:13:37 - [MESSAGE][PASSED] - Delayed 1 second(s)

2019-10-31 15:13:37 - [TEST_STEP][PASSED] - switchToWindowUrl("https://preview-ma.checkatrade.com/my-profile-page"): Switched to window with url: 'https://preview-ma.checkatrade.com/my-profile-page'

2019-10-31 15:13:37 - [MESSAGE][PASSED] - Switched to window with url: 'https://preview-ma.checkatrade.com/my-profile-page'

2019-10-31 15:13:37 - [MESSAGE][PASSED] - Call Test Case 'Test Cases/Reusable_Test_Sequences/Members_Area/Validation/Profiles/Maximise_Your_Profile' successfully

2019-10-31 15:13:37 - [TEST_STEP][PASSED] - callTestCase(findTestCase("Reusable_Test_Sequences/Members_Area/Banner_Menu/log_Off"), [:], STOP_ON_FAILURE): Call Test Case 'Test Cases/Reusable_Test_Sequences/Members_Area/Banner_Menu/log_Off' successfully

2019-10-31 15:13:37 - [TEST_CASE][PASSED] - Test Cases/Reusable_Test_Sequences/Members_Area/Banner_Menu/log_Off: Test Cases/Reusable_Test_Sequences/Members_Area/Banner_Menu/log_Off

2019-10-31 15:13:38 - [TEST_STEP][PASSED] - waitForElementPresent(findTestObject("Object Repository/Page_Members Area/a_Log off"), 5): Object 'Object Repository/Page_Members Area/a_Log off' is present

2019-10-31 15:13:38 - [MESSAGE][PASSED] - Object 'Object Repository/Page_Members Area/a_Log off' is present

2019-10-31 15:13:38 - [TEST_STEP][PASSED] - click(findTestObject("Object Repository/Page_Members Area/a_Log off")): Object: 'Object Repository/Page_Members Area/a_Log off' is clicked on

2019-10-31 15:13:38 - [MESSAGE][PASSED] - Object: 'Object Repository/Page_Members Area/a_Log off' is clicked on

2019-10-31 15:13:38 - [MESSAGE][PASSED] - Call Test Case 'Test Cases/Reusable_Test_Sequences/Members_Area/Banner_Menu/log_Off' successfully]]></system-out>
         <system-err><![CDATA[]]></system-err>
      </testcase>
      <system-out><![CDATA[2019-10-31 15:10:02 - [TEST_SUITE][PASSED] - Members_My_Profile: Test Cases/Members_Area/My_Profile_Page]]></system-out>
      <system-err><![CDATA[]]></system-err>
   </testsuite>
</testsuites>
