<?xml version="1.0" encoding="UTF-8"?>
<testsuites name="Trade_Name_Multiple_Search" time="230.315" tests="1" failures="0" errors="0">
   <testsuite name="Trade_Name_Multiple_Search" tests="1" failures="0" errors="0" time="230.315" timestamp="2020-02-05 14:42:29" hostname="DavidHo - VETTEDSP36RF.check.local" id="Test Suites/Trade_Name_Multiple_Search">
      <properties>
         <property name="deviceName" value=""/>
         <property name="devicePlatform" value=""/>
         <property name="logFolder" value="C:\\Users\\davidho\\git\\src\\Reports\\20200205_143456\\Trade_Name_Multiple_Search\\20200205_143502"/>
         <property name="logFiles" value="C:\\Users\\davidho\\git\\src\\Reports\\20200205_143456\\Trade_Name_Multiple_Search\\20200205_143502\\execution0.log"/>
         <property name="attachments" value=""/>
         <property name="hostName" value="DavidHo - VETTEDSP36RF.check.local"/>
         <property name="os" value="Windows 10 32bit"/>
         <property name="katalonVersion" value="7.2.1.1"/>
         <property name="browser" value="Firefox 72.0"/>
         <property name="hostAddress" value="10.0.9.154"/>
         <property name="sessionId" value="4192793b-ce24-416d-acd7-c8f0affaea2a"/>
         <property name="seleniumVersion" value="3.141.59"/>
         <property name="proxyInformation" value="ProxyInformation{proxyOption=NO_PROXY, proxyServerType=HTTP, password=, proxyServerAddress=, proxyServerPort=0, executionList=}"/>
         <property name="platform" value="Windows 10"/>
      </properties>
      <testcase name="Test Cases/Checkatrade_Tradesman_Searches/Trade_Name_Search_Multiple" time="229.883" classname="Test Cases/Checkatrade_Tradesman_Searches/Trade_Name_Search_Multiple" status="PASSED">
         <system-out><![CDATA[2020-02-05 14:42:29 - [TEST_CASE][PASSED] - Test Cases/Checkatrade_Tradesman_Searches/Trade_Name_Search_Multiple: Test Cases/Checkatrade_Tradesman_Searches/Trade_Name_Search_Multiple

2020-02-05 14:42:29 - [TEST_STEP][PASSED] - for ([row = 1, row <= findTestData("Search_CAT_ID_Data (1)").getRowNumbers(), (internal.GlobalVariable.row++)]): Call Test Case 'Test Cases/Reusable_Test_Sequences/CAT_Teardown' successfully

2020-02-05 14:42:31 - [TEST_STEP][PASSED] - callTestCase(findTestCase("Reusable_Test_Sequences/CAT_Setup"), [:], STOP_ON_FAILURE): Call Test Case 'Test Cases/Reusable_Test_Sequences/CAT_Setup' successfully

2020-02-05 14:42:31 - [TEST_CASE][PASSED] - Test Cases/Reusable_Test_Sequences/CAT_Setup: Test Cases/Reusable_Test_Sequences/CAT_Setup

2020-02-05 14:42:32 - [TEST_STEP][PASSED] - "------------------------------": null

2020-02-05 14:42:32 - [TEST_STEP][PASSED] - " Set Mobile Device Testing    |": null

2020-02-05 14:42:32 - [TEST_STEP][PASSED] - if (Mobile_Flag == "true"): null

2020-02-05 14:42:32 - [TEST_STEP][PASSED] - "------------------------------": null

2020-02-05 14:42:32 - [TEST_STEP][PASSED] - " Set Mobile Device Testing    |": null

2020-02-05 14:42:32 - [TEST_STEP][PASSED] - "------------------------------": null

2020-02-05 14:42:32 - [TEST_STEP][PASSED] - "URL - Set from the ENVIRONMENT PROFILE ": null

2020-02-05 14:42:32 - [TEST_STEP][PASSED] - openBrowser(URL): Browser is opened with url: 'https://www.preview.checkatrade.com/'

2020-02-05 14:42:32 - [MESSAGE][INFO] - Starting 'Firefox' driver

2020-02-05 14:42:33 - [MESSAGE][INFO] - Action delay is set to 0 seconds

2020-02-05 14:42:46 - [MESSAGE][PASSED] - Browser is opened with url: 'https://www.preview.checkatrade.com/'

2020-02-05 14:42:46 - [TEST_STEP][PASSED] - maximizeWindow(): Current window maximized

2020-02-05 14:42:46 - [MESSAGE][PASSED] - Current window maximized

2020-02-05 14:42:46 - [TEST_STEP][PASSED] - waitForPageLoad(60): Wait for page load successfully

2020-02-05 14:42:47 - [MESSAGE][PASSED] - Wait for page load successfully

2020-02-05 14:42:47 - [TEST_STEP][PASSED] - "Previous Functionalilty Left Commented For Ease Of reversion": null

2020-02-05 14:42:47 - [TEST_STEP][PASSED] - try: Text 'Cookie Policy' is not present on page

2020-02-05 14:42:47 - [TEST_STEP][PASSED] - verifyElementPresent(findTestObject("Object Repository/Cookies/Page_Checkatrade Find a tradesperson you can trust/button_Accept All"), 5): Object 'Object Repository/Cookies/Page_Checkatrade Find a tradesperson you can trust/button_Accept All' is present

2020-02-05 14:42:47 - [MESSAGE][PASSED] - Object 'Object Repository/Cookies/Page_Checkatrade Find a tradesperson you can trust/button_Accept All' is present

2020-02-05 14:42:47 - [TEST_STEP][PASSED] - click(findTestObject("Object Repository/Cookies/Page_Checkatrade Find a tradesperson you can trust/button_Accept All")): Object: 'Object Repository/Cookies/Page_Checkatrade Find a tradesperson you can trust/button_Accept All' is clicked on

2020-02-05 14:42:47 - [MESSAGE][PASSED] - Object: 'Object Repository/Cookies/Page_Checkatrade Find a tradesperson you can trust/button_Accept All' is clicked on

2020-02-05 14:42:47 - [TEST_STEP][PASSED] - "---------------------------------": null

2020-02-05 14:42:47 - [TEST_STEP][PASSED] - "COOKIE POPOUT REMOVED - Confirmed": null

2020-02-05 14:42:47 - [TEST_STEP][PASSED] - delay(1): Delayed 1 second(s)

2020-02-05 14:42:48 - [MESSAGE][PASSED] - Delayed 1 second(s)

2020-02-05 14:42:48 - [TEST_STEP][PASSED] - verifyTextNotPresent("We use cookies to personalise content and ads, to provide social media features and to analyse our traffic", false): Text 'We use cookies to personalise content and ads, to provide social media features and to analyse our traffic' is not present on page

2020-02-05 14:42:49 - [MESSAGE][PASSED] - Text 'We use cookies to personalise content and ads, to provide social media features and to analyse our traffic' is not present on page

2020-02-05 14:42:49 - [TEST_STEP][PASSED] - verifyTextNotPresent(" We also share information about your use of our site with our social media, advertising and analytics partners", false): Text ' We also share information about your use of our site with our social media, advertising and analytics partners' is not present on page

2020-02-05 14:42:49 - [MESSAGE][PASSED] - Text ' We also share information about your use of our site with our social media, advertising and analytics partners' is not present on page

2020-02-05 14:42:49 - [TEST_STEP][PASSED] - verifyTextNotPresent("Cookie Policy", false): Text 'Cookie Policy' is not present on page

2020-02-05 14:42:50 - [MESSAGE][PASSED] - Text 'Cookie Policy' is not present on page

2020-02-05 14:42:50 - [TEST_STEP][PASSED] - waitForPageLoad(60): Wait for page load successfully

2020-02-05 14:42:50 - [MESSAGE][PASSED] - Wait for page load successfully

2020-02-05 14:42:50 - [TEST_STEP][PASSED] - "COOKIE - ORIGINAL": null

2020-02-05 14:42:50 - [TEST_STEP][PASSED] - if (waitForElementVisible(findTestObject("Object Repository/Feedback/Page_Checkatrade Give your feedback/input_Member_to_Review"), 5)): Web element with id: 'Object Repository/Feedback/Page_Checkatrade Give your feedback/input_Member_to_Review' located by 'By.xpath: //input[@id='feedback-form__company_autocomplete_input']' not found

2020-02-05 14:42:55 - [MESSAGE][INFO] - Unable to find the element located by 'By.xpath: //input[@id='feedback-form__company_autocomplete_input']'. Please recheck the objects properties to make sure the desired element is located. 

2020-02-05 14:42:55 - [MESSAGE][WARNING] - Web element with id: 'Object Repository/Feedback/Page_Checkatrade Give your feedback/input_Member_to_Review' located by 'By.xpath: //input[@id='feedback-form__company_autocomplete_input']' not found

2020-02-05 14:42:55 - [TEST_STEP][PASSED] - else: The <<<OLD>>> Website was detected by the STARTUP Process

2020-02-05 14:42:55 - [TEST_STEP][PASSED] - if (!(verifyElementVisible(findTestObject("Object Repository/Checkatrade_Trade_Search_Page/Page_Checkatrade Find a tradesperson you can trust/input_Search_Button_FF")))): Object 'Object Repository/Checkatrade_Trade_Search_Page/Page_Checkatrade Find a tradesperson you can trust/input_Search_Button_FF' is visible

2020-02-05 14:42:55 - [MESSAGE][PASSED] - Object 'Object Repository/Checkatrade_Trade_Search_Page/Page_Checkatrade Find a tradesperson you can trust/input_Search_Button_FF' is visible

2020-02-05 14:42:55 - [TEST_STEP][PASSED] - else: The <<<OLD>>> Website was detected by the STARTUP Process

2020-02-05 14:42:55 - [TEST_STEP][PASSED] - Website_Version = "old": null

2020-02-05 14:42:55 - [TEST_STEP][PASSED] - logInfo("The <<<OLD>>> Website was detected by the STARTUP Process"): The <<<OLD>>> Website was detected by the STARTUP Process

2020-02-05 14:42:55 - [MESSAGE][INFO] - The <<<OLD>>> Website was detected by the STARTUP Process

2020-02-05 14:42:55 - [MESSAGE][PASSED] - Call Test Case 'Test Cases/Reusable_Test_Sequences/CAT_Setup' successfully

2020-02-05 14:42:55 - [TEST_STEP][PASSED] - callTestCase(findTestCase("Reusable_Test_Sequences/CAT_Home"), [:], CONTINUE_ON_FAILURE): Call Test Case 'Test Cases/Reusable_Test_Sequences/CAT_Home' successfully

2020-02-05 14:42:55 - [TEST_CASE][PASSED] - Test Cases/Reusable_Test_Sequences/CAT_Home: Test Cases/Reusable_Test_Sequences/CAT_Home

2020-02-05 14:42:56 - [TEST_STEP][PASSED] - waitForPageLoad(60): Wait for page load successfully

2020-02-05 14:42:56 - [MESSAGE][PASSED] - Wait for page load successfully

2020-02-05 14:42:56 - [TEST_STEP][PASSED] - delay(2): Delayed 2 second(s)

2020-02-05 14:42:58 - [MESSAGE][PASSED] - Delayed 2 second(s)

2020-02-05 14:42:58 - [TEST_STEP][PASSED] - "------------------------------------": null

2020-02-05 14:42:58 - [TEST_STEP][PASSED] - if (Website_Version == "new"): null

2020-02-05 14:42:58 - [TEST_STEP][PASSED] - else: Text 'Over a million visits to Checkatrade each month' is present on page 

2020-02-05 14:42:58 - [TEST_STEP][PASSED] - verifyTextPresent("Helping you find the right trade or service", false): Text 'Helping you find the right trade or service' is present on page 

2020-02-05 14:42:58 - [MESSAGE][PASSED] - Text 'Helping you find the right trade or service' is present on page 

2020-02-05 14:42:58 - [TEST_STEP][PASSED] - verifyTextPresent("Search through over", false): Text 'Search through over' is present on page 

2020-02-05 14:42:59 - [MESSAGE][PASSED] - Text 'Search through over' is present on page 

2020-02-05 14:42:59 - [TEST_STEP][PASSED] - verifyTextPresent("recommended, vetted and monitored trades and service providers for free.", false): Text 'recommended, vetted and monitored trades and service providers for free.' is present on page 

2020-02-05 14:43:00 - [MESSAGE][PASSED] - Text 'recommended, vetted and monitored trades and service providers for free.' is present on page 

2020-02-05 14:43:00 - [TEST_STEP][PASSED] - verifyTextPresent("reviews published so far – thank you!", false): Text 'reviews published so far – thank you!' is present on page 

2020-02-05 14:43:00 - [MESSAGE][PASSED] - Text 'reviews published so far – thank you!' is present on page 

2020-02-05 14:43:00 - [TEST_STEP][PASSED] - verifyTextPresent("I need a trade or service", false): Text 'I need a trade or service' is present on page 

2020-02-05 14:43:00 - [MESSAGE][PASSED] - Text 'I need a trade or service' is present on page 

2020-02-05 14:43:00 - [TEST_STEP][PASSED] - verifyTextPresent("Every trader thoroughly checked and vetted", false): Text 'Every trader thoroughly checked and vetted' is present on page 

2020-02-05 14:43:01 - [MESSAGE][PASSED] - Text 'Every trader thoroughly checked and vetted' is present on page 

2020-02-05 14:43:01 - [TEST_STEP][PASSED] - "------------------------------------": null

2020-02-05 14:43:01 - [TEST_STEP][PASSED] - verifyTextPresent("reviews published so far – thank you!", false): Text 'reviews published so far – thank you!' is present on page 

2020-02-05 14:43:01 - [MESSAGE][PASSED] - Text 'reviews published so far – thank you!' is present on page 

2020-02-05 14:43:01 - [TEST_STEP][PASSED] - verifyTextPresent("Find out more", false): Text 'Find out more' is present on page 

2020-02-05 14:43:02 - [MESSAGE][PASSED] - Text 'Find out more' is present on page 

2020-02-05 14:43:02 - [TEST_STEP][PASSED] - verifyTextPresent("I am a tradesman", false): Text 'I am a tradesman' is present on page 

2020-02-05 14:43:03 - [MESSAGE][PASSED] - Text 'I am a tradesman' is present on page 

2020-02-05 14:43:03 - [TEST_STEP][PASSED] - verifyTextPresent("Find out more", false): Text 'Find out more' is present on page 

2020-02-05 14:43:04 - [MESSAGE][PASSED] - Text 'Find out more' is present on page 

2020-02-05 14:43:04 - [TEST_STEP][PASSED] - verifyTextPresent("Over a million visits to Checkatrade each month", false): Text 'Over a million visits to Checkatrade each month' is present on page 

2020-02-05 14:43:05 - [MESSAGE][PASSED] - Text 'Over a million visits to Checkatrade each month' is present on page 

2020-02-05 14:43:05 - [MESSAGE][PASSED] - Call Test Case 'Test Cases/Reusable_Test_Sequences/CAT_Home' successfully

2020-02-05 14:43:05 - [TEST_STEP][PASSED] - "---------------------------------------------------------------------": null

2020-02-05 14:43:05 - [TEST_STEP][PASSED] - " Select Search on Trader Name (or ID) From Home page/Search Screen   |": null

2020-02-05 14:43:05 - [TEST_STEP][PASSED] - callTestCase(findTestCase("Reusable_Test_Sequences/CAT_Click_Search_Trade_Name"), [:], CONTINUE_ON_FAILURE): Call Test Case 'Test Cases/Reusable_Test_Sequences/CAT_Click_Search_Trade_Name' successfully

2020-02-05 14:43:05 - [TEST_CASE][PASSED] - Test Cases/Reusable_Test_Sequences/CAT_Click_Search_Trade_Name: Test Cases/Reusable_Test_Sequences/CAT_Click_Search_Trade_Name

2020-02-05 14:43:05 - [TEST_STEP][PASSED] - waitForPageLoad(60): Wait for page load successfully

2020-02-05 14:43:05 - [MESSAGE][PASSED] - Wait for page load successfully

2020-02-05 14:43:05 - [TEST_STEP][PASSED] - if (Website_Version == "new"): null

2020-02-05 14:43:05 - [TEST_STEP][PASSED] - else: Object: 'Object Repository/Page_Checkatrade Find a tradesperson you can trust/a_or look up a member by name' is clicked on

2020-02-05 14:43:05 - [TEST_STEP][PASSED] - click(findTestObject("Page_Checkatrade Find a tradesperson you can trust/a_or look up a member by name")): Object: 'Object Repository/Page_Checkatrade Find a tradesperson you can trust/a_or look up a member by name' is clicked on

2020-02-05 14:43:06 - [MESSAGE][PASSED] - Object: 'Object Repository/Page_Checkatrade Find a tradesperson you can trust/a_or look up a member by name' is clicked on

2020-02-05 14:43:06 - [TEST_STEP][PASSED] - waitForPageLoad(60): Wait for page load successfully

2020-02-05 14:43:06 - [MESSAGE][PASSED] - Wait for page load successfully

2020-02-05 14:43:06 - [MESSAGE][PASSED] - Call Test Case 'Test Cases/Reusable_Test_Sequences/CAT_Click_Search_Trade_Name' successfully

2020-02-05 14:43:06 - [TEST_STEP][PASSED] - "---------------------------------------": null

2020-02-05 14:43:06 - [TEST_STEP][PASSED] - " Enter Trader Name (or ID) to Search   |": null

2020-02-05 14:43:06 - [TEST_STEP][PASSED] - callTestCase(findTestCase("Reusable_Test_Sequences/CAT_Enter_Trade_Name"), [:], CONTINUE_ON_FAILURE): Call Test Case 'Test Cases/Reusable_Test_Sequences/CAT_Enter_Trade_Name' successfully

2020-02-05 14:43:06 - [TEST_CASE][PASSED] - Test Cases/Reusable_Test_Sequences/CAT_Enter_Trade_Name: Test Cases/Reusable_Test_Sequences/CAT_Enter_Trade_Name

2020-02-05 14:43:06 - [TEST_STEP][PASSED] - if (Website_Version == "new"): null

2020-02-05 14:43:06 - [TEST_STEP][PASSED] - else: Text '218020' is set on object 'Object Repository/Page_Checkatrade Find a tradesperson you can trust/Trader_Name_To_Search'

2020-02-05 14:43:06 - [TEST_STEP][PASSED] - setText(findTestObject("Page_Checkatrade Find a tradesperson you can trust/Trader_Name_To_Search"), findTestData("Search_CAT_ID_Data (1)").getValue("tradeName", row)): Text '218020' is set on object 'Object Repository/Page_Checkatrade Find a tradesperson you can trust/Trader_Name_To_Search'

2020-02-05 14:43:06 - [MESSAGE][PASSED] - Text '218020' is set on object 'Object Repository/Page_Checkatrade Find a tradesperson you can trust/Trader_Name_To_Search'

2020-02-05 14:43:06 - [MESSAGE][PASSED] - Call Test Case 'Test Cases/Reusable_Test_Sequences/CAT_Enter_Trade_Name' successfully

2020-02-05 14:43:06 - [TEST_STEP][PASSED] - "---------------------------------------": null

2020-02-05 14:43:06 - [TEST_STEP][PASSED] - " Search Trader Name (or ID)            |": null

2020-02-05 14:43:06 - [TEST_STEP][PASSED] - callTestCase(findTestCase("Reusable_Test_Sequences/CAT_Search_Trade_Name"), [:], CONTINUE_ON_FAILURE): Call Test Case 'Test Cases/Reusable_Test_Sequences/CAT_Search_Trade_Name' successfully

2020-02-05 14:43:06 - [TEST_CASE][PASSED] - Test Cases/Reusable_Test_Sequences/CAT_Search_Trade_Name: Test Cases/Reusable_Test_Sequences/CAT_Search_Trade_Name

2020-02-05 14:43:07 - [TEST_STEP][PASSED] - "Hit Search Trade Person by Name (or CAT ID) after parameters are entered": null

2020-02-05 14:43:07 - [TEST_STEP][PASSED] - waitForPageLoad(60): Wait for page load successfully

2020-02-05 14:43:07 - [MESSAGE][PASSED] - Wait for page load successfully

2020-02-05 14:43:07 - [TEST_STEP][PASSED] - delay(2): Delayed 2 second(s)

2020-02-05 14:43:09 - [MESSAGE][PASSED] - Delayed 2 second(s)

2020-02-05 14:43:09 - [TEST_STEP][PASSED] - if (Website_Version == "new"): null

2020-02-05 14:43:09 - [TEST_STEP][PASSED] - else: Object: 'Object Repository/Page_Checkatrade Find a tradesperson you can trust/span_Trade_Name' is clicked on

2020-02-05 14:43:09 - [TEST_STEP][PASSED] - waitForElementClickable(findTestObject("Page_Checkatrade Find a tradesperson you can trust/span_Trade_Name"), 60): Object 'Object Repository/Page_Checkatrade Find a tradesperson you can trust/span_Trade_Name' is clickable

2020-02-05 14:43:09 - [MESSAGE][PASSED] - Object 'Object Repository/Page_Checkatrade Find a tradesperson you can trust/span_Trade_Name' is clickable

2020-02-05 14:43:09 - [TEST_STEP][PASSED] - click(findTestObject("Page_Checkatrade Find a tradesperson you can trust/span_Trade_Name")): Object: 'Object Repository/Page_Checkatrade Find a tradesperson you can trust/span_Trade_Name' is clicked on

2020-02-05 14:43:16 - [MESSAGE][PASSED] - Object: 'Object Repository/Page_Checkatrade Find a tradesperson you can trust/span_Trade_Name' is clicked on

2020-02-05 14:43:16 - [TEST_STEP][PASSED] - delay(2): Delayed 2 second(s)

2020-02-05 14:43:18 - [MESSAGE][PASSED] - Delayed 2 second(s)

2020-02-05 14:43:18 - [TEST_STEP][PASSED] - waitForPageLoad(60): Wait for page load successfully

2020-02-05 14:43:18 - [MESSAGE][PASSED] - Wait for page load successfully

2020-02-05 14:43:18 - [MESSAGE][PASSED] - Call Test Case 'Test Cases/Reusable_Test_Sequences/CAT_Search_Trade_Name' successfully

2020-02-05 14:43:18 - [TEST_STEP][PASSED] - "------------------------------------------": null

2020-02-05 14:43:18 - [TEST_STEP][PASSED] - " Scroll to Page Footer to Reveal Results  |": null

2020-02-05 14:43:18 - [TEST_STEP][PASSED] - callTestCase(findTestCase("Reusable_Test_Sequences/CAT_Scroll_to_Footer"), [:], CONTINUE_ON_FAILURE): Call Test Case 'Test Cases/Reusable_Test_Sequences/CAT_Scroll_to_Footer' successfully

2020-02-05 14:43:18 - [TEST_CASE][PASSED] - Test Cases/Reusable_Test_Sequences/CAT_Scroll_to_Footer: Test Cases/Reusable_Test_Sequences/CAT_Scroll_to_Footer

2020-02-05 14:43:18 - [TEST_STEP][PASSED] - "-----------------------------------------------------": null

2020-02-05 14:43:18 - [TEST_STEP][PASSED] - " Major changes factored into function 05/12/2019     |": null

2020-02-05 14:43:18 - [TEST_STEP][PASSED] - "-----------------------------------------------------": null

2020-02-05 14:43:18 - [TEST_STEP][PASSED] - "Animation Removed ": null

2020-02-05 14:43:18 - [TEST_STEP][PASSED] - "Scroll - To Footer on the bottom of the page (sometime off the screen) ": null

2020-02-05 14:43:18 - [TEST_STEP][PASSED] - waitForPageLoad(60): Wait for page load successfully

2020-02-05 14:43:18 - [MESSAGE][PASSED] - Wait for page load successfully

2020-02-05 14:43:18 - [TEST_STEP][PASSED] - scrollToPosition(999, 999): Browser is scrolled to position x = 999, y = 999

2020-02-05 14:43:18 - [MESSAGE][PASSED] - Browser is scrolled to position x = 999, y = 999

2020-02-05 14:43:18 - [TEST_STEP][PASSED] - delay(1): Delayed 1 second(s)

2020-02-05 14:43:19 - [MESSAGE][PASSED] - Delayed 1 second(s)

2020-02-05 14:43:19 - [MESSAGE][PASSED] - Call Test Case 'Test Cases/Reusable_Test_Sequences/CAT_Scroll_to_Footer' successfully

2020-02-05 14:43:19 - [TEST_STEP][PASSED] - "------------------------------------------": null

2020-02-05 14:43:19 - [TEST_STEP][PASSED] - " Verify Correct Location is Returned     |": null

2020-02-05 14:43:19 - [TEST_STEP][PASSED] - callTestCase(findTestCase("Reusable_Test_Sequences/CAT_Verification_Location"), [:], CONTINUE_ON_FAILURE): Call Test Case 'Test Cases/Reusable_Test_Sequences/CAT_Verification_Location' successfully

2020-02-05 14:43:19 - [TEST_CASE][PASSED] - Test Cases/Reusable_Test_Sequences/CAT_Verification_Location: Test Cases/Reusable_Test_Sequences/CAT_Verification_Location

2020-02-05 14:43:20 - [TEST_STEP][PASSED] - waitForPageLoad(60): Wait for page load successfully

2020-02-05 14:43:20 - [MESSAGE][PASSED] - Wait for page load successfully

2020-02-05 14:43:20 - [TEST_STEP][PASSED] - verifyTextPresent(findTestData("Search_CAT_ID_Data (1)").getValue("tradeNameLocationVerification", row), false): Text 'Gosport, Hampshire' is present on page 

2020-02-05 14:43:20 - [MESSAGE][PASSED] - Text 'Gosport, Hampshire' is present on page 

2020-02-05 14:43:20 - [MESSAGE][PASSED] - Call Test Case 'Test Cases/Reusable_Test_Sequences/CAT_Verification_Location' successfully

2020-02-05 14:43:20 - [TEST_STEP][PASSED] - "------------------------------------------": null

2020-02-05 14:43:20 - [TEST_STEP][PASSED] - " Verify Primary Contact is Returned     |": null

2020-02-05 14:43:20 - [TEST_STEP][PASSED] - callTestCase(findTestCase("Reusable_Test_Sequences/CAT_Verification_Primary_Contact"), [:], CONTINUE_ON_FAILURE): Call Test Case 'Test Cases/Reusable_Test_Sequences/CAT_Verification_Primary_Contact' successfully

2020-02-05 14:43:20 - [TEST_CASE][PASSED] - Test Cases/Reusable_Test_Sequences/CAT_Verification_Primary_Contact: Test Cases/Reusable_Test_Sequences/CAT_Verification_Primary_Contact

2020-02-05 14:43:21 - [TEST_STEP][PASSED] - verifyTextPresent(findTestData("Search_CAT_ID_Data (1)").getValue("primeContact", row), false): Text 'Jim Foster' is present on page 

2020-02-05 14:43:21 - [MESSAGE][PASSED] - Text 'Jim Foster' is present on page 

2020-02-05 14:43:21 - [MESSAGE][PASSED] - Call Test Case 'Test Cases/Reusable_Test_Sequences/CAT_Verification_Primary_Contact' successfully

2020-02-05 14:43:21 - [TEST_STEP][PASSED] - "--------------------------": null

2020-02-05 14:43:21 - [TEST_STEP][PASSED] - " Teardown - CLose Browser |": null

2020-02-05 14:43:21 - [TEST_STEP][PASSED] - callTestCase(findTestCase("Reusable_Test_Sequences/CAT_Teardown"), [:], OPTIONAL): Call Test Case 'Test Cases/Reusable_Test_Sequences/CAT_Teardown' successfully

2020-02-05 14:43:22 - [TEST_CASE][PASSED] - Test Cases/Reusable_Test_Sequences/CAT_Teardown: Test Cases/Reusable_Test_Sequences/CAT_Teardown

2020-02-05 14:43:22 - [TEST_STEP][PASSED] - closeBrowser(): Browser is closed

2020-02-05 14:43:25 - [MESSAGE][PASSED] - Browser is closed

2020-02-05 14:43:25 - [MESSAGE][PASSED] - Call Test Case 'Test Cases/Reusable_Test_Sequences/CAT_Teardown' successfully

2020-02-05 14:43:25 - [TEST_STEP][PASSED] - callTestCase(findTestCase("Reusable_Test_Sequences/CAT_Setup"), [:], STOP_ON_FAILURE): Call Test Case 'Test Cases/Reusable_Test_Sequences/CAT_Setup' successfully

2020-02-05 14:43:25 - [TEST_CASE][PASSED] - Test Cases/Reusable_Test_Sequences/CAT_Setup: Test Cases/Reusable_Test_Sequences/CAT_Setup

2020-02-05 14:43:25 - [TEST_STEP][PASSED] - "------------------------------": null

2020-02-05 14:43:25 - [TEST_STEP][PASSED] - " Set Mobile Device Testing    |": null

2020-02-05 14:43:25 - [TEST_STEP][PASSED] - if (Mobile_Flag == "true"): null

2020-02-05 14:43:25 - [TEST_STEP][PASSED] - "------------------------------": null

2020-02-05 14:43:25 - [TEST_STEP][PASSED] - " Set Mobile Device Testing    |": null

2020-02-05 14:43:25 - [TEST_STEP][PASSED] - "------------------------------": null

2020-02-05 14:43:25 - [TEST_STEP][PASSED] - "URL - Set from the ENVIRONMENT PROFILE ": null

2020-02-05 14:43:25 - [TEST_STEP][PASSED] - openBrowser(URL): Browser is opened with url: 'https://www.preview.checkatrade.com/'

2020-02-05 14:43:25 - [MESSAGE][INFO] - Starting 'Firefox' driver

2020-02-05 14:43:33 - [MESSAGE][PASSED] - Browser is opened with url: 'https://www.preview.checkatrade.com/'

2020-02-05 14:43:33 - [TEST_STEP][PASSED] - maximizeWindow(): Current window maximized

2020-02-05 14:43:33 - [MESSAGE][PASSED] - Current window maximized

2020-02-05 14:43:33 - [TEST_STEP][PASSED] - waitForPageLoad(60): Wait for page load successfully

2020-02-05 14:43:33 - [MESSAGE][PASSED] - Wait for page load successfully

2020-02-05 14:43:33 - [TEST_STEP][PASSED] - "Previous Functionalilty Left Commented For Ease Of reversion": null

2020-02-05 14:43:33 - [TEST_STEP][PASSED] - try: Text 'Cookie Policy' is not present on page

2020-02-05 14:43:33 - [TEST_STEP][PASSED] - verifyElementPresent(findTestObject("Object Repository/Cookies/Page_Checkatrade Find a tradesperson you can trust/button_Accept All"), 5): Object 'Object Repository/Cookies/Page_Checkatrade Find a tradesperson you can trust/button_Accept All' is present

2020-02-05 14:43:33 - [MESSAGE][PASSED] - Object 'Object Repository/Cookies/Page_Checkatrade Find a tradesperson you can trust/button_Accept All' is present

2020-02-05 14:43:33 - [TEST_STEP][PASSED] - click(findTestObject("Object Repository/Cookies/Page_Checkatrade Find a tradesperson you can trust/button_Accept All")): Object: 'Object Repository/Cookies/Page_Checkatrade Find a tradesperson you can trust/button_Accept All' is clicked on

2020-02-05 14:43:34 - [MESSAGE][PASSED] - Object: 'Object Repository/Cookies/Page_Checkatrade Find a tradesperson you can trust/button_Accept All' is clicked on

2020-02-05 14:43:34 - [TEST_STEP][PASSED] - "---------------------------------": null

2020-02-05 14:43:34 - [TEST_STEP][PASSED] - "COOKIE POPOUT REMOVED - Confirmed": null

2020-02-05 14:43:34 - [TEST_STEP][PASSED] - delay(1): Delayed 1 second(s)

2020-02-05 14:43:35 - [MESSAGE][PASSED] - Delayed 1 second(s)

2020-02-05 14:43:35 - [TEST_STEP][PASSED] - verifyTextNotPresent("We use cookies to personalise content and ads, to provide social media features and to analyse our traffic", false): Text 'We use cookies to personalise content and ads, to provide social media features and to analyse our traffic' is not present on page

2020-02-05 14:43:36 - [MESSAGE][PASSED] - Text 'We use cookies to personalise content and ads, to provide social media features and to analyse our traffic' is not present on page

2020-02-05 14:43:36 - [TEST_STEP][PASSED] - verifyTextNotPresent(" We also share information about your use of our site with our social media, advertising and analytics partners", false): Text ' We also share information about your use of our site with our social media, advertising and analytics partners' is not present on page

2020-02-05 14:43:37 - [MESSAGE][PASSED] - Text ' We also share information about your use of our site with our social media, advertising and analytics partners' is not present on page

2020-02-05 14:43:37 - [TEST_STEP][PASSED] - verifyTextNotPresent("Cookie Policy", false): Text 'Cookie Policy' is not present on page

2020-02-05 14:43:37 - [MESSAGE][PASSED] - Text 'Cookie Policy' is not present on page

2020-02-05 14:43:37 - [TEST_STEP][PASSED] - waitForPageLoad(60): Wait for page load successfully

2020-02-05 14:43:37 - [MESSAGE][PASSED] - Wait for page load successfully

2020-02-05 14:43:37 - [TEST_STEP][PASSED] - "COOKIE - ORIGINAL": null

2020-02-05 14:43:37 - [TEST_STEP][PASSED] - if (waitForElementVisible(findTestObject("Object Repository/Feedback/Page_Checkatrade Give your feedback/input_Member_to_Review"), 5)): Web element with id: 'Object Repository/Feedback/Page_Checkatrade Give your feedback/input_Member_to_Review' located by 'By.xpath: //input[@id='feedback-form__company_autocomplete_input']' not found

2020-02-05 14:43:42 - [MESSAGE][INFO] - Unable to find the element located by 'By.xpath: //input[@id='feedback-form__company_autocomplete_input']'. Please recheck the objects properties to make sure the desired element is located. 

2020-02-05 14:43:42 - [MESSAGE][WARNING] - Web element with id: 'Object Repository/Feedback/Page_Checkatrade Give your feedback/input_Member_to_Review' located by 'By.xpath: //input[@id='feedback-form__company_autocomplete_input']' not found

2020-02-05 14:43:42 - [TEST_STEP][PASSED] - else: The <<<OLD>>> Website was detected by the STARTUP Process

2020-02-05 14:43:42 - [TEST_STEP][PASSED] - if (!(verifyElementVisible(findTestObject("Object Repository/Checkatrade_Trade_Search_Page/Page_Checkatrade Find a tradesperson you can trust/input_Search_Button_FF")))): Object 'Object Repository/Checkatrade_Trade_Search_Page/Page_Checkatrade Find a tradesperson you can trust/input_Search_Button_FF' is visible

2020-02-05 14:43:42 - [MESSAGE][PASSED] - Object 'Object Repository/Checkatrade_Trade_Search_Page/Page_Checkatrade Find a tradesperson you can trust/input_Search_Button_FF' is visible

2020-02-05 14:43:42 - [TEST_STEP][PASSED] - else: The <<<OLD>>> Website was detected by the STARTUP Process

2020-02-05 14:43:42 - [TEST_STEP][PASSED] - Website_Version = "old": null

2020-02-05 14:43:42 - [TEST_STEP][PASSED] - logInfo("The <<<OLD>>> Website was detected by the STARTUP Process"): The <<<OLD>>> Website was detected by the STARTUP Process

2020-02-05 14:43:42 - [MESSAGE][INFO] - The <<<OLD>>> Website was detected by the STARTUP Process

2020-02-05 14:43:42 - [MESSAGE][PASSED] - Call Test Case 'Test Cases/Reusable_Test_Sequences/CAT_Setup' successfully

2020-02-05 14:43:42 - [TEST_STEP][PASSED] - callTestCase(findTestCase("Reusable_Test_Sequences/CAT_Home"), [:], CONTINUE_ON_FAILURE): Call Test Case 'Test Cases/Reusable_Test_Sequences/CAT_Home' successfully

2020-02-05 14:43:43 - [TEST_CASE][PASSED] - Test Cases/Reusable_Test_Sequences/CAT_Home: Test Cases/Reusable_Test_Sequences/CAT_Home

2020-02-05 14:43:43 - [TEST_STEP][PASSED] - waitForPageLoad(60): Wait for page load successfully

2020-02-05 14:43:43 - [MESSAGE][PASSED] - Wait for page load successfully

2020-02-05 14:43:43 - [TEST_STEP][PASSED] - delay(2): Delayed 2 second(s)

2020-02-05 14:43:45 - [MESSAGE][PASSED] - Delayed 2 second(s)

2020-02-05 14:43:45 - [TEST_STEP][PASSED] - "------------------------------------": null

2020-02-05 14:43:45 - [TEST_STEP][PASSED] - if (Website_Version == "new"): null

2020-02-05 14:43:45 - [TEST_STEP][PASSED] - else: Text 'Over a million visits to Checkatrade each month' is present on page 

2020-02-05 14:43:45 - [TEST_STEP][PASSED] - verifyTextPresent("Helping you find the right trade or service", false): Text 'Helping you find the right trade or service' is present on page 

2020-02-05 14:43:45 - [MESSAGE][PASSED] - Text 'Helping you find the right trade or service' is present on page 

2020-02-05 14:43:45 - [TEST_STEP][PASSED] - verifyTextPresent("Search through over", false): Text 'Search through over' is present on page 

2020-02-05 14:43:46 - [MESSAGE][PASSED] - Text 'Search through over' is present on page 

2020-02-05 14:43:46 - [TEST_STEP][PASSED] - verifyTextPresent("recommended, vetted and monitored trades and service providers for free.", false): Text 'recommended, vetted and monitored trades and service providers for free.' is present on page 

2020-02-05 14:43:46 - [MESSAGE][PASSED] - Text 'recommended, vetted and monitored trades and service providers for free.' is present on page 

2020-02-05 14:43:46 - [TEST_STEP][PASSED] - verifyTextPresent("reviews published so far – thank you!", false): Text 'reviews published so far – thank you!' is present on page 

2020-02-05 14:43:46 - [MESSAGE][PASSED] - Text 'reviews published so far – thank you!' is present on page 

2020-02-05 14:43:46 - [TEST_STEP][PASSED] - verifyTextPresent("I need a trade or service", false): Text 'I need a trade or service' is present on page 

2020-02-05 14:43:47 - [MESSAGE][PASSED] - Text 'I need a trade or service' is present on page 

2020-02-05 14:43:47 - [TEST_STEP][PASSED] - verifyTextPresent("Every trader thoroughly checked and vetted", false): Text 'Every trader thoroughly checked and vetted' is present on page 

2020-02-05 14:43:47 - [MESSAGE][PASSED] - Text 'Every trader thoroughly checked and vetted' is present on page 

2020-02-05 14:43:47 - [TEST_STEP][PASSED] - "------------------------------------": null

2020-02-05 14:43:47 - [TEST_STEP][PASSED] - verifyTextPresent("reviews published so far – thank you!", false): Text 'reviews published so far – thank you!' is present on page 

2020-02-05 14:43:47 - [MESSAGE][PASSED] - Text 'reviews published so far – thank you!' is present on page 

2020-02-05 14:43:47 - [TEST_STEP][PASSED] - verifyTextPresent("Find out more", false): Text 'Find out more' is present on page 

2020-02-05 14:43:48 - [MESSAGE][PASSED] - Text 'Find out more' is present on page 

2020-02-05 14:43:48 - [TEST_STEP][PASSED] - verifyTextPresent("I am a tradesman", false): Text 'I am a tradesman' is present on page 

2020-02-05 14:43:48 - [MESSAGE][PASSED] - Text 'I am a tradesman' is present on page 

2020-02-05 14:43:48 - [TEST_STEP][PASSED] - verifyTextPresent("Find out more", false): Text 'Find out more' is present on page 

2020-02-05 14:43:48 - [MESSAGE][PASSED] - Text 'Find out more' is present on page 

2020-02-05 14:43:48 - [TEST_STEP][PASSED] - verifyTextPresent("Over a million visits to Checkatrade each month", false): Text 'Over a million visits to Checkatrade each month' is present on page 

2020-02-05 14:43:49 - [MESSAGE][PASSED] - Text 'Over a million visits to Checkatrade each month' is present on page 

2020-02-05 14:43:49 - [MESSAGE][PASSED] - Call Test Case 'Test Cases/Reusable_Test_Sequences/CAT_Home' successfully

2020-02-05 14:43:49 - [TEST_STEP][PASSED] - "---------------------------------------------------------------------": null

2020-02-05 14:43:49 - [TEST_STEP][PASSED] - " Select Search on Trader Name (or ID) From Home page/Search Screen   |": null

2020-02-05 14:43:49 - [TEST_STEP][PASSED] - callTestCase(findTestCase("Reusable_Test_Sequences/CAT_Click_Search_Trade_Name"), [:], CONTINUE_ON_FAILURE): Call Test Case 'Test Cases/Reusable_Test_Sequences/CAT_Click_Search_Trade_Name' successfully

2020-02-05 14:43:49 - [TEST_CASE][PASSED] - Test Cases/Reusable_Test_Sequences/CAT_Click_Search_Trade_Name: Test Cases/Reusable_Test_Sequences/CAT_Click_Search_Trade_Name

2020-02-05 14:43:49 - [TEST_STEP][PASSED] - waitForPageLoad(60): Wait for page load successfully

2020-02-05 14:43:49 - [MESSAGE][PASSED] - Wait for page load successfully

2020-02-05 14:43:49 - [TEST_STEP][PASSED] - if (Website_Version == "new"): null

2020-02-05 14:43:49 - [TEST_STEP][PASSED] - else: Object: 'Object Repository/Page_Checkatrade Find a tradesperson you can trust/a_or look up a member by name' is clicked on

2020-02-05 14:43:49 - [TEST_STEP][PASSED] - click(findTestObject("Page_Checkatrade Find a tradesperson you can trust/a_or look up a member by name")): Object: 'Object Repository/Page_Checkatrade Find a tradesperson you can trust/a_or look up a member by name' is clicked on

2020-02-05 14:43:50 - [MESSAGE][PASSED] - Object: 'Object Repository/Page_Checkatrade Find a tradesperson you can trust/a_or look up a member by name' is clicked on

2020-02-05 14:43:50 - [TEST_STEP][PASSED] - waitForPageLoad(60): Wait for page load successfully

2020-02-05 14:43:50 - [MESSAGE][PASSED] - Wait for page load successfully

2020-02-05 14:43:50 - [MESSAGE][PASSED] - Call Test Case 'Test Cases/Reusable_Test_Sequences/CAT_Click_Search_Trade_Name' successfully

2020-02-05 14:43:50 - [TEST_STEP][PASSED] - "---------------------------------------": null

2020-02-05 14:43:50 - [TEST_STEP][PASSED] - " Enter Trader Name (or ID) to Search   |": null

2020-02-05 14:43:50 - [TEST_STEP][PASSED] - callTestCase(findTestCase("Reusable_Test_Sequences/CAT_Enter_Trade_Name"), [:], CONTINUE_ON_FAILURE): Call Test Case 'Test Cases/Reusable_Test_Sequences/CAT_Enter_Trade_Name' successfully

2020-02-05 14:43:50 - [TEST_CASE][PASSED] - Test Cases/Reusable_Test_Sequences/CAT_Enter_Trade_Name: Test Cases/Reusable_Test_Sequences/CAT_Enter_Trade_Name

2020-02-05 14:43:50 - [TEST_STEP][PASSED] - if (Website_Version == "new"): null

2020-02-05 14:43:50 - [TEST_STEP][PASSED] - else: Text '402921' is set on object 'Object Repository/Page_Checkatrade Find a tradesperson you can trust/Trader_Name_To_Search'

2020-02-05 14:43:50 - [TEST_STEP][PASSED] - setText(findTestObject("Page_Checkatrade Find a tradesperson you can trust/Trader_Name_To_Search"), findTestData("Search_CAT_ID_Data (1)").getValue("tradeName", row)): Text '402921' is set on object 'Object Repository/Page_Checkatrade Find a tradesperson you can trust/Trader_Name_To_Search'

2020-02-05 14:43:50 - [MESSAGE][PASSED] - Text '402921' is set on object 'Object Repository/Page_Checkatrade Find a tradesperson you can trust/Trader_Name_To_Search'

2020-02-05 14:43:50 - [MESSAGE][PASSED] - Call Test Case 'Test Cases/Reusable_Test_Sequences/CAT_Enter_Trade_Name' successfully

2020-02-05 14:43:50 - [TEST_STEP][PASSED] - "---------------------------------------": null

2020-02-05 14:43:50 - [TEST_STEP][PASSED] - " Search Trader Name (or ID)            |": null

2020-02-05 14:43:50 - [TEST_STEP][PASSED] - callTestCase(findTestCase("Reusable_Test_Sequences/CAT_Search_Trade_Name"), [:], CONTINUE_ON_FAILURE): Call Test Case 'Test Cases/Reusable_Test_Sequences/CAT_Search_Trade_Name' successfully

2020-02-05 14:43:50 - [TEST_CASE][PASSED] - Test Cases/Reusable_Test_Sequences/CAT_Search_Trade_Name: Test Cases/Reusable_Test_Sequences/CAT_Search_Trade_Name

2020-02-05 14:43:50 - [TEST_STEP][PASSED] - "Hit Search Trade Person by Name (or CAT ID) after parameters are entered": null

2020-02-05 14:43:50 - [TEST_STEP][PASSED] - waitForPageLoad(60): Wait for page load successfully

2020-02-05 14:43:50 - [MESSAGE][PASSED] - Wait for page load successfully

2020-02-05 14:43:50 - [TEST_STEP][PASSED] - delay(2): Delayed 2 second(s)

2020-02-05 14:43:52 - [MESSAGE][PASSED] - Delayed 2 second(s)

2020-02-05 14:43:52 - [TEST_STEP][PASSED] - if (Website_Version == "new"): null

2020-02-05 14:43:52 - [TEST_STEP][PASSED] - else: Object: 'Object Repository/Page_Checkatrade Find a tradesperson you can trust/span_Trade_Name' is clicked on

2020-02-05 14:43:52 - [TEST_STEP][PASSED] - waitForElementClickable(findTestObject("Page_Checkatrade Find a tradesperson you can trust/span_Trade_Name"), 60): Object 'Object Repository/Page_Checkatrade Find a tradesperson you can trust/span_Trade_Name' is clickable

2020-02-05 14:43:52 - [MESSAGE][PASSED] - Object 'Object Repository/Page_Checkatrade Find a tradesperson you can trust/span_Trade_Name' is clickable

2020-02-05 14:43:52 - [TEST_STEP][PASSED] - click(findTestObject("Page_Checkatrade Find a tradesperson you can trust/span_Trade_Name")): Object: 'Object Repository/Page_Checkatrade Find a tradesperson you can trust/span_Trade_Name' is clicked on

2020-02-05 14:43:55 - [MESSAGE][PASSED] - Object: 'Object Repository/Page_Checkatrade Find a tradesperson you can trust/span_Trade_Name' is clicked on

2020-02-05 14:43:55 - [TEST_STEP][PASSED] - delay(2): Delayed 2 second(s)

2020-02-05 14:43:57 - [MESSAGE][PASSED] - Delayed 2 second(s)

2020-02-05 14:43:57 - [TEST_STEP][PASSED] - waitForPageLoad(60): Wait for page load successfully

2020-02-05 14:43:57 - [MESSAGE][PASSED] - Wait for page load successfully

2020-02-05 14:43:57 - [MESSAGE][PASSED] - Call Test Case 'Test Cases/Reusable_Test_Sequences/CAT_Search_Trade_Name' successfully

2020-02-05 14:43:57 - [TEST_STEP][PASSED] - "------------------------------------------": null

2020-02-05 14:43:57 - [TEST_STEP][PASSED] - " Scroll to Page Footer to Reveal Results  |": null

2020-02-05 14:43:57 - [TEST_STEP][PASSED] - callTestCase(findTestCase("Reusable_Test_Sequences/CAT_Scroll_to_Footer"), [:], CONTINUE_ON_FAILURE): Call Test Case 'Test Cases/Reusable_Test_Sequences/CAT_Scroll_to_Footer' successfully

2020-02-05 14:43:57 - [TEST_CASE][PASSED] - Test Cases/Reusable_Test_Sequences/CAT_Scroll_to_Footer: Test Cases/Reusable_Test_Sequences/CAT_Scroll_to_Footer

2020-02-05 14:43:57 - [TEST_STEP][PASSED] - "-----------------------------------------------------": null

2020-02-05 14:43:57 - [TEST_STEP][PASSED] - " Major changes factored into function 05/12/2019     |": null

2020-02-05 14:43:57 - [TEST_STEP][PASSED] - "-----------------------------------------------------": null

2020-02-05 14:43:57 - [TEST_STEP][PASSED] - "Animation Removed ": null

2020-02-05 14:43:57 - [TEST_STEP][PASSED] - "Scroll - To Footer on the bottom of the page (sometime off the screen) ": null

2020-02-05 14:43:57 - [TEST_STEP][PASSED] - waitForPageLoad(60): Wait for page load successfully

2020-02-05 14:43:57 - [MESSAGE][PASSED] - Wait for page load successfully

2020-02-05 14:43:57 - [TEST_STEP][PASSED] - scrollToPosition(999, 999): Browser is scrolled to position x = 999, y = 999

2020-02-05 14:43:57 - [MESSAGE][PASSED] - Browser is scrolled to position x = 999, y = 999

2020-02-05 14:43:57 - [TEST_STEP][PASSED] - delay(1): Delayed 1 second(s)

2020-02-05 14:43:58 - [MESSAGE][PASSED] - Delayed 1 second(s)

2020-02-05 14:43:58 - [MESSAGE][PASSED] - Call Test Case 'Test Cases/Reusable_Test_Sequences/CAT_Scroll_to_Footer' successfully

2020-02-05 14:43:58 - [TEST_STEP][PASSED] - "------------------------------------------": null

2020-02-05 14:43:58 - [TEST_STEP][PASSED] - " Verify Correct Location is Returned     |": null

2020-02-05 14:43:58 - [TEST_STEP][PASSED] - callTestCase(findTestCase("Reusable_Test_Sequences/CAT_Verification_Location"), [:], CONTINUE_ON_FAILURE): Call Test Case 'Test Cases/Reusable_Test_Sequences/CAT_Verification_Location' successfully

2020-02-05 14:43:58 - [TEST_CASE][PASSED] - Test Cases/Reusable_Test_Sequences/CAT_Verification_Location: Test Cases/Reusable_Test_Sequences/CAT_Verification_Location

2020-02-05 14:43:58 - [TEST_STEP][PASSED] - waitForPageLoad(60): Wait for page load successfully

2020-02-05 14:43:58 - [MESSAGE][PASSED] - Wait for page load successfully

2020-02-05 14:43:58 - [TEST_STEP][PASSED] - verifyTextPresent(findTestData("Search_CAT_ID_Data (1)").getValue("tradeNameLocationVerification", row), false): Text 'Retford, Nottinghamshire' is present on page 

2020-02-05 14:44:00 - [MESSAGE][PASSED] - Text 'Retford, Nottinghamshire' is present on page 

2020-02-05 14:44:00 - [MESSAGE][PASSED] - Call Test Case 'Test Cases/Reusable_Test_Sequences/CAT_Verification_Location' successfully

2020-02-05 14:44:00 - [TEST_STEP][PASSED] - "------------------------------------------": null

2020-02-05 14:44:00 - [TEST_STEP][PASSED] - " Verify Primary Contact is Returned     |": null

2020-02-05 14:44:00 - [TEST_STEP][PASSED] - callTestCase(findTestCase("Reusable_Test_Sequences/CAT_Verification_Primary_Contact"), [:], CONTINUE_ON_FAILURE): Call Test Case 'Test Cases/Reusable_Test_Sequences/CAT_Verification_Primary_Contact' successfully

2020-02-05 14:44:00 - [TEST_CASE][PASSED] - Test Cases/Reusable_Test_Sequences/CAT_Verification_Primary_Contact: Test Cases/Reusable_Test_Sequences/CAT_Verification_Primary_Contact

2020-02-05 14:44:00 - [TEST_STEP][PASSED] - verifyTextPresent(findTestData("Search_CAT_ID_Data (1)").getValue("primeContact", row), false): Text 'James Burton' is present on page 

2020-02-05 14:44:01 - [MESSAGE][PASSED] - Text 'James Burton' is present on page 

2020-02-05 14:44:01 - [MESSAGE][PASSED] - Call Test Case 'Test Cases/Reusable_Test_Sequences/CAT_Verification_Primary_Contact' successfully

2020-02-05 14:44:01 - [TEST_STEP][PASSED] - "--------------------------": null

2020-02-05 14:44:01 - [TEST_STEP][PASSED] - " Teardown - CLose Browser |": null

2020-02-05 14:44:01 - [TEST_STEP][PASSED] - callTestCase(findTestCase("Reusable_Test_Sequences/CAT_Teardown"), [:], OPTIONAL): Call Test Case 'Test Cases/Reusable_Test_Sequences/CAT_Teardown' successfully

2020-02-05 14:44:01 - [TEST_CASE][PASSED] - Test Cases/Reusable_Test_Sequences/CAT_Teardown: Test Cases/Reusable_Test_Sequences/CAT_Teardown

2020-02-05 14:44:01 - [TEST_STEP][PASSED] - closeBrowser(): Browser is closed

2020-02-05 14:44:04 - [MESSAGE][PASSED] - Browser is closed

2020-02-05 14:44:04 - [MESSAGE][PASSED] - Call Test Case 'Test Cases/Reusable_Test_Sequences/CAT_Teardown' successfully

2020-02-05 14:44:04 - [TEST_STEP][PASSED] - callTestCase(findTestCase("Reusable_Test_Sequences/CAT_Setup"), [:], STOP_ON_FAILURE): Call Test Case 'Test Cases/Reusable_Test_Sequences/CAT_Setup' successfully

2020-02-05 14:44:04 - [TEST_CASE][PASSED] - Test Cases/Reusable_Test_Sequences/CAT_Setup: Test Cases/Reusable_Test_Sequences/CAT_Setup

2020-02-05 14:44:04 - [TEST_STEP][PASSED] - "------------------------------": null

2020-02-05 14:44:04 - [TEST_STEP][PASSED] - " Set Mobile Device Testing    |": null

2020-02-05 14:44:04 - [TEST_STEP][PASSED] - if (Mobile_Flag == "true"): null

2020-02-05 14:44:04 - [TEST_STEP][PASSED] - "------------------------------": null

2020-02-05 14:44:04 - [TEST_STEP][PASSED] - " Set Mobile Device Testing    |": null

2020-02-05 14:44:04 - [TEST_STEP][PASSED] - "------------------------------": null

2020-02-05 14:44:04 - [TEST_STEP][PASSED] - "URL - Set from the ENVIRONMENT PROFILE ": null

2020-02-05 14:44:04 - [TEST_STEP][PASSED] - openBrowser(URL): Browser is opened with url: 'https://www.preview.checkatrade.com/'

2020-02-05 14:44:04 - [MESSAGE][INFO] - Starting 'Firefox' driver

2020-02-05 14:44:14 - [MESSAGE][PASSED] - Browser is opened with url: 'https://www.preview.checkatrade.com/'

2020-02-05 14:44:14 - [TEST_STEP][PASSED] - maximizeWindow(): Current window maximized

2020-02-05 14:44:14 - [MESSAGE][PASSED] - Current window maximized

2020-02-05 14:44:14 - [TEST_STEP][PASSED] - waitForPageLoad(60): Wait for page load successfully

2020-02-05 14:44:14 - [MESSAGE][PASSED] - Wait for page load successfully

2020-02-05 14:44:14 - [TEST_STEP][PASSED] - "Previous Functionalilty Left Commented For Ease Of reversion": null

2020-02-05 14:44:14 - [TEST_STEP][PASSED] - try: Text 'Cookie Policy' is not present on page

2020-02-05 14:44:14 - [TEST_STEP][PASSED] - verifyElementPresent(findTestObject("Object Repository/Cookies/Page_Checkatrade Find a tradesperson you can trust/button_Accept All"), 5): Object 'Object Repository/Cookies/Page_Checkatrade Find a tradesperson you can trust/button_Accept All' is present

2020-02-05 14:44:14 - [MESSAGE][PASSED] - Object 'Object Repository/Cookies/Page_Checkatrade Find a tradesperson you can trust/button_Accept All' is present

2020-02-05 14:44:14 - [TEST_STEP][PASSED] - click(findTestObject("Object Repository/Cookies/Page_Checkatrade Find a tradesperson you can trust/button_Accept All")): Object: 'Object Repository/Cookies/Page_Checkatrade Find a tradesperson you can trust/button_Accept All' is clicked on

2020-02-05 14:44:15 - [MESSAGE][PASSED] - Object: 'Object Repository/Cookies/Page_Checkatrade Find a tradesperson you can trust/button_Accept All' is clicked on

2020-02-05 14:44:15 - [TEST_STEP][PASSED] - "---------------------------------": null

2020-02-05 14:44:15 - [TEST_STEP][PASSED] - "COOKIE POPOUT REMOVED - Confirmed": null

2020-02-05 14:44:15 - [TEST_STEP][PASSED] - delay(1): Delayed 1 second(s)

2020-02-05 14:44:16 - [MESSAGE][PASSED] - Delayed 1 second(s)

2020-02-05 14:44:16 - [TEST_STEP][PASSED] - verifyTextNotPresent("We use cookies to personalise content and ads, to provide social media features and to analyse our traffic", false): Text 'We use cookies to personalise content and ads, to provide social media features and to analyse our traffic' is not present on page

2020-02-05 14:44:17 - [MESSAGE][PASSED] - Text 'We use cookies to personalise content and ads, to provide social media features and to analyse our traffic' is not present on page

2020-02-05 14:44:17 - [TEST_STEP][PASSED] - verifyTextNotPresent(" We also share information about your use of our site with our social media, advertising and analytics partners", false): Text ' We also share information about your use of our site with our social media, advertising and analytics partners' is not present on page

2020-02-05 14:44:17 - [MESSAGE][PASSED] - Text ' We also share information about your use of our site with our social media, advertising and analytics partners' is not present on page

2020-02-05 14:44:17 - [TEST_STEP][PASSED] - verifyTextNotPresent("Cookie Policy", false): Text 'Cookie Policy' is not present on page

2020-02-05 14:44:18 - [MESSAGE][PASSED] - Text 'Cookie Policy' is not present on page

2020-02-05 14:44:18 - [TEST_STEP][PASSED] - waitForPageLoad(60): Wait for page load successfully

2020-02-05 14:44:18 - [MESSAGE][PASSED] - Wait for page load successfully

2020-02-05 14:44:18 - [TEST_STEP][PASSED] - "COOKIE - ORIGINAL": null

2020-02-05 14:44:18 - [TEST_STEP][PASSED] - if (waitForElementVisible(findTestObject("Object Repository/Feedback/Page_Checkatrade Give your feedback/input_Member_to_Review"), 5)): Web element with id: 'Object Repository/Feedback/Page_Checkatrade Give your feedback/input_Member_to_Review' located by 'By.xpath: //input[@id='feedback-form__company_autocomplete_input']' not found

2020-02-05 14:44:23 - [MESSAGE][INFO] - Unable to find the element located by 'By.xpath: //input[@id='feedback-form__company_autocomplete_input']'. Please recheck the objects properties to make sure the desired element is located. 

2020-02-05 14:44:23 - [MESSAGE][WARNING] - Web element with id: 'Object Repository/Feedback/Page_Checkatrade Give your feedback/input_Member_to_Review' located by 'By.xpath: //input[@id='feedback-form__company_autocomplete_input']' not found

2020-02-05 14:44:23 - [TEST_STEP][PASSED] - else: The <<<OLD>>> Website was detected by the STARTUP Process

2020-02-05 14:44:23 - [TEST_STEP][PASSED] - if (!(verifyElementVisible(findTestObject("Object Repository/Checkatrade_Trade_Search_Page/Page_Checkatrade Find a tradesperson you can trust/input_Search_Button_FF")))): Object 'Object Repository/Checkatrade_Trade_Search_Page/Page_Checkatrade Find a tradesperson you can trust/input_Search_Button_FF' is visible

2020-02-05 14:44:23 - [MESSAGE][PASSED] - Object 'Object Repository/Checkatrade_Trade_Search_Page/Page_Checkatrade Find a tradesperson you can trust/input_Search_Button_FF' is visible

2020-02-05 14:44:23 - [TEST_STEP][PASSED] - else: The <<<OLD>>> Website was detected by the STARTUP Process

2020-02-05 14:44:23 - [TEST_STEP][PASSED] - Website_Version = "old": null

2020-02-05 14:44:23 - [TEST_STEP][PASSED] - logInfo("The <<<OLD>>> Website was detected by the STARTUP Process"): The <<<OLD>>> Website was detected by the STARTUP Process

2020-02-05 14:44:23 - [MESSAGE][INFO] - The <<<OLD>>> Website was detected by the STARTUP Process

2020-02-05 14:44:23 - [MESSAGE][PASSED] - Call Test Case 'Test Cases/Reusable_Test_Sequences/CAT_Setup' successfully

2020-02-05 14:44:23 - [TEST_STEP][PASSED] - callTestCase(findTestCase("Reusable_Test_Sequences/CAT_Home"), [:], CONTINUE_ON_FAILURE): Call Test Case 'Test Cases/Reusable_Test_Sequences/CAT_Home' successfully

2020-02-05 14:44:23 - [TEST_CASE][PASSED] - Test Cases/Reusable_Test_Sequences/CAT_Home: Test Cases/Reusable_Test_Sequences/CAT_Home

2020-02-05 14:44:23 - [TEST_STEP][PASSED] - waitForPageLoad(60): Wait for page load successfully

2020-02-05 14:44:23 - [MESSAGE][PASSED] - Wait for page load successfully

2020-02-05 14:44:23 - [TEST_STEP][PASSED] - delay(2): Delayed 2 second(s)

2020-02-05 14:44:25 - [MESSAGE][PASSED] - Delayed 2 second(s)

2020-02-05 14:44:25 - [TEST_STEP][PASSED] - "------------------------------------": null

2020-02-05 14:44:25 - [TEST_STEP][PASSED] - if (Website_Version == "new"): null

2020-02-05 14:44:25 - [TEST_STEP][PASSED] - else: Text 'Over a million visits to Checkatrade each month' is present on page 

2020-02-05 14:44:25 - [TEST_STEP][PASSED] - verifyTextPresent("Helping you find the right trade or service", false): Text 'Helping you find the right trade or service' is present on page 

2020-02-05 14:44:26 - [MESSAGE][PASSED] - Text 'Helping you find the right trade or service' is present on page 

2020-02-05 14:44:26 - [TEST_STEP][PASSED] - verifyTextPresent("Search through over", false): Text 'Search through over' is present on page 

2020-02-05 14:44:26 - [MESSAGE][PASSED] - Text 'Search through over' is present on page 

2020-02-05 14:44:26 - [TEST_STEP][PASSED] - verifyTextPresent("recommended, vetted and monitored trades and service providers for free.", false): Text 'recommended, vetted and monitored trades and service providers for free.' is present on page 

2020-02-05 14:44:26 - [MESSAGE][PASSED] - Text 'recommended, vetted and monitored trades and service providers for free.' is present on page 

2020-02-05 14:44:26 - [TEST_STEP][PASSED] - verifyTextPresent("reviews published so far – thank you!", false): Text 'reviews published so far – thank you!' is present on page 

2020-02-05 14:44:27 - [MESSAGE][PASSED] - Text 'reviews published so far – thank you!' is present on page 

2020-02-05 14:44:27 - [TEST_STEP][PASSED] - verifyTextPresent("I need a trade or service", false): Text 'I need a trade or service' is present on page 

2020-02-05 14:44:27 - [MESSAGE][PASSED] - Text 'I need a trade or service' is present on page 

2020-02-05 14:44:27 - [TEST_STEP][PASSED] - verifyTextPresent("Every trader thoroughly checked and vetted", false): Text 'Every trader thoroughly checked and vetted' is present on page 

2020-02-05 14:44:27 - [MESSAGE][PASSED] - Text 'Every trader thoroughly checked and vetted' is present on page 

2020-02-05 14:44:27 - [TEST_STEP][PASSED] - "------------------------------------": null

2020-02-05 14:44:27 - [TEST_STEP][PASSED] - verifyTextPresent("reviews published so far – thank you!", false): Text 'reviews published so far – thank you!' is present on page 

2020-02-05 14:44:28 - [MESSAGE][PASSED] - Text 'reviews published so far – thank you!' is present on page 

2020-02-05 14:44:28 - [TEST_STEP][PASSED] - verifyTextPresent("Find out more", false): Text 'Find out more' is present on page 

2020-02-05 14:44:28 - [MESSAGE][PASSED] - Text 'Find out more' is present on page 

2020-02-05 14:44:28 - [TEST_STEP][PASSED] - verifyTextPresent("I am a tradesman", false): Text 'I am a tradesman' is present on page 

2020-02-05 14:44:29 - [MESSAGE][PASSED] - Text 'I am a tradesman' is present on page 

2020-02-05 14:44:29 - [TEST_STEP][PASSED] - verifyTextPresent("Find out more", false): Text 'Find out more' is present on page 

2020-02-05 14:44:30 - [MESSAGE][PASSED] - Text 'Find out more' is present on page 

2020-02-05 14:44:30 - [TEST_STEP][PASSED] - verifyTextPresent("Over a million visits to Checkatrade each month", false): Text 'Over a million visits to Checkatrade each month' is present on page 

2020-02-05 14:44:31 - [MESSAGE][PASSED] - Text 'Over a million visits to Checkatrade each month' is present on page 

2020-02-05 14:44:31 - [MESSAGE][PASSED] - Call Test Case 'Test Cases/Reusable_Test_Sequences/CAT_Home' successfully

2020-02-05 14:44:31 - [TEST_STEP][PASSED] - "---------------------------------------------------------------------": null

2020-02-05 14:44:31 - [TEST_STEP][PASSED] - " Select Search on Trader Name (or ID) From Home page/Search Screen   |": null

2020-02-05 14:44:31 - [TEST_STEP][PASSED] - callTestCase(findTestCase("Reusable_Test_Sequences/CAT_Click_Search_Trade_Name"), [:], CONTINUE_ON_FAILURE): Call Test Case 'Test Cases/Reusable_Test_Sequences/CAT_Click_Search_Trade_Name' successfully

2020-02-05 14:44:31 - [TEST_CASE][PASSED] - Test Cases/Reusable_Test_Sequences/CAT_Click_Search_Trade_Name: Test Cases/Reusable_Test_Sequences/CAT_Click_Search_Trade_Name

2020-02-05 14:44:31 - [TEST_STEP][PASSED] - waitForPageLoad(60): Wait for page load successfully

2020-02-05 14:44:31 - [MESSAGE][PASSED] - Wait for page load successfully

2020-02-05 14:44:31 - [TEST_STEP][PASSED] - if (Website_Version == "new"): null

2020-02-05 14:44:31 - [TEST_STEP][PASSED] - else: Object: 'Object Repository/Page_Checkatrade Find a tradesperson you can trust/a_or look up a member by name' is clicked on

2020-02-05 14:44:31 - [TEST_STEP][PASSED] - click(findTestObject("Page_Checkatrade Find a tradesperson you can trust/a_or look up a member by name")): Object: 'Object Repository/Page_Checkatrade Find a tradesperson you can trust/a_or look up a member by name' is clicked on

2020-02-05 14:44:32 - [MESSAGE][PASSED] - Object: 'Object Repository/Page_Checkatrade Find a tradesperson you can trust/a_or look up a member by name' is clicked on

2020-02-05 14:44:32 - [TEST_STEP][PASSED] - waitForPageLoad(60): Wait for page load successfully

2020-02-05 14:44:32 - [MESSAGE][PASSED] - Wait for page load successfully

2020-02-05 14:44:32 - [MESSAGE][PASSED] - Call Test Case 'Test Cases/Reusable_Test_Sequences/CAT_Click_Search_Trade_Name' successfully

2020-02-05 14:44:32 - [TEST_STEP][PASSED] - "---------------------------------------": null

2020-02-05 14:44:32 - [TEST_STEP][PASSED] - " Enter Trader Name (or ID) to Search   |": null

2020-02-05 14:44:32 - [TEST_STEP][PASSED] - callTestCase(findTestCase("Reusable_Test_Sequences/CAT_Enter_Trade_Name"), [:], CONTINUE_ON_FAILURE): Call Test Case 'Test Cases/Reusable_Test_Sequences/CAT_Enter_Trade_Name' successfully

2020-02-05 14:44:32 - [TEST_CASE][PASSED] - Test Cases/Reusable_Test_Sequences/CAT_Enter_Trade_Name: Test Cases/Reusable_Test_Sequences/CAT_Enter_Trade_Name

2020-02-05 14:44:32 - [TEST_STEP][PASSED] - if (Website_Version == "new"): null

2020-02-05 14:44:32 - [TEST_STEP][PASSED] - else: Text '308682' is set on object 'Object Repository/Page_Checkatrade Find a tradesperson you can trust/Trader_Name_To_Search'

2020-02-05 14:44:32 - [TEST_STEP][PASSED] - setText(findTestObject("Page_Checkatrade Find a tradesperson you can trust/Trader_Name_To_Search"), findTestData("Search_CAT_ID_Data (1)").getValue("tradeName", row)): Text '308682' is set on object 'Object Repository/Page_Checkatrade Find a tradesperson you can trust/Trader_Name_To_Search'

2020-02-05 14:44:33 - [MESSAGE][PASSED] - Text '308682' is set on object 'Object Repository/Page_Checkatrade Find a tradesperson you can trust/Trader_Name_To_Search'

2020-02-05 14:44:33 - [MESSAGE][PASSED] - Call Test Case 'Test Cases/Reusable_Test_Sequences/CAT_Enter_Trade_Name' successfully

2020-02-05 14:44:33 - [TEST_STEP][PASSED] - "---------------------------------------": null

2020-02-05 14:44:33 - [TEST_STEP][PASSED] - " Search Trader Name (or ID)            |": null

2020-02-05 14:44:33 - [TEST_STEP][PASSED] - callTestCase(findTestCase("Reusable_Test_Sequences/CAT_Search_Trade_Name"), [:], CONTINUE_ON_FAILURE): Call Test Case 'Test Cases/Reusable_Test_Sequences/CAT_Search_Trade_Name' successfully

2020-02-05 14:44:33 - [TEST_CASE][PASSED] - Test Cases/Reusable_Test_Sequences/CAT_Search_Trade_Name: Test Cases/Reusable_Test_Sequences/CAT_Search_Trade_Name

2020-02-05 14:44:33 - [TEST_STEP][PASSED] - "Hit Search Trade Person by Name (or CAT ID) after parameters are entered": null

2020-02-05 14:44:33 - [TEST_STEP][PASSED] - waitForPageLoad(60): Wait for page load successfully

2020-02-05 14:44:33 - [MESSAGE][PASSED] - Wait for page load successfully

2020-02-05 14:44:33 - [TEST_STEP][PASSED] - delay(2): Delayed 2 second(s)

2020-02-05 14:44:35 - [MESSAGE][PASSED] - Delayed 2 second(s)

2020-02-05 14:44:35 - [TEST_STEP][PASSED] - if (Website_Version == "new"): null

2020-02-05 14:44:35 - [TEST_STEP][PASSED] - else: Object: 'Object Repository/Page_Checkatrade Find a tradesperson you can trust/span_Trade_Name' is clicked on

2020-02-05 14:44:35 - [TEST_STEP][PASSED] - waitForElementClickable(findTestObject("Page_Checkatrade Find a tradesperson you can trust/span_Trade_Name"), 60): Object 'Object Repository/Page_Checkatrade Find a tradesperson you can trust/span_Trade_Name' is clickable

2020-02-05 14:44:35 - [MESSAGE][PASSED] - Object 'Object Repository/Page_Checkatrade Find a tradesperson you can trust/span_Trade_Name' is clickable

2020-02-05 14:44:35 - [TEST_STEP][PASSED] - click(findTestObject("Page_Checkatrade Find a tradesperson you can trust/span_Trade_Name")): Object: 'Object Repository/Page_Checkatrade Find a tradesperson you can trust/span_Trade_Name' is clicked on

2020-02-05 14:44:38 - [MESSAGE][PASSED] - Object: 'Object Repository/Page_Checkatrade Find a tradesperson you can trust/span_Trade_Name' is clicked on

2020-02-05 14:44:38 - [TEST_STEP][PASSED] - delay(2): Delayed 2 second(s)

2020-02-05 14:44:40 - [MESSAGE][PASSED] - Delayed 2 second(s)

2020-02-05 14:44:40 - [TEST_STEP][PASSED] - waitForPageLoad(60): Wait for page load successfully

2020-02-05 14:44:40 - [MESSAGE][PASSED] - Wait for page load successfully

2020-02-05 14:44:40 - [MESSAGE][PASSED] - Call Test Case 'Test Cases/Reusable_Test_Sequences/CAT_Search_Trade_Name' successfully

2020-02-05 14:44:40 - [TEST_STEP][PASSED] - "------------------------------------------": null

2020-02-05 14:44:40 - [TEST_STEP][PASSED] - " Scroll to Page Footer to Reveal Results  |": null

2020-02-05 14:44:40 - [TEST_STEP][PASSED] - callTestCase(findTestCase("Reusable_Test_Sequences/CAT_Scroll_to_Footer"), [:], CONTINUE_ON_FAILURE): Call Test Case 'Test Cases/Reusable_Test_Sequences/CAT_Scroll_to_Footer' successfully

2020-02-05 14:44:40 - [TEST_CASE][PASSED] - Test Cases/Reusable_Test_Sequences/CAT_Scroll_to_Footer: Test Cases/Reusable_Test_Sequences/CAT_Scroll_to_Footer

2020-02-05 14:44:40 - [TEST_STEP][PASSED] - "-----------------------------------------------------": null

2020-02-05 14:44:40 - [TEST_STEP][PASSED] - " Major changes factored into function 05/12/2019     |": null

2020-02-05 14:44:40 - [TEST_STEP][PASSED] - "-----------------------------------------------------": null

2020-02-05 14:44:40 - [TEST_STEP][PASSED] - "Animation Removed ": null

2020-02-05 14:44:40 - [TEST_STEP][PASSED] - "Scroll - To Footer on the bottom of the page (sometime off the screen) ": null

2020-02-05 14:44:40 - [TEST_STEP][PASSED] - waitForPageLoad(60): Wait for page load successfully

2020-02-05 14:44:40 - [MESSAGE][PASSED] - Wait for page load successfully

2020-02-05 14:44:40 - [TEST_STEP][PASSED] - scrollToPosition(999, 999): Browser is scrolled to position x = 999, y = 999

2020-02-05 14:44:40 - [MESSAGE][PASSED] - Browser is scrolled to position x = 999, y = 999

2020-02-05 14:44:40 - [TEST_STEP][PASSED] - delay(1): Delayed 1 second(s)

2020-02-05 14:44:41 - [MESSAGE][PASSED] - Delayed 1 second(s)

2020-02-05 14:44:41 - [MESSAGE][PASSED] - Call Test Case 'Test Cases/Reusable_Test_Sequences/CAT_Scroll_to_Footer' successfully

2020-02-05 14:44:41 - [TEST_STEP][PASSED] - "------------------------------------------": null

2020-02-05 14:44:41 - [TEST_STEP][PASSED] - " Verify Correct Location is Returned     |": null

2020-02-05 14:44:41 - [TEST_STEP][PASSED] - callTestCase(findTestCase("Reusable_Test_Sequences/CAT_Verification_Location"), [:], CONTINUE_ON_FAILURE): Call Test Case 'Test Cases/Reusable_Test_Sequences/CAT_Verification_Location' successfully

2020-02-05 14:44:41 - [TEST_CASE][PASSED] - Test Cases/Reusable_Test_Sequences/CAT_Verification_Location: Test Cases/Reusable_Test_Sequences/CAT_Verification_Location

2020-02-05 14:44:41 - [TEST_STEP][PASSED] - waitForPageLoad(60): Wait for page load successfully

2020-02-05 14:44:41 - [MESSAGE][PASSED] - Wait for page load successfully

2020-02-05 14:44:41 - [TEST_STEP][PASSED] - verifyTextPresent(findTestData("Search_CAT_ID_Data (1)").getValue("tradeNameLocationVerification", row), false): Text 'Banbury, Oxfordshire' is present on page 

2020-02-05 14:44:42 - [MESSAGE][PASSED] - Text 'Banbury, Oxfordshire' is present on page 

2020-02-05 14:44:42 - [MESSAGE][PASSED] - Call Test Case 'Test Cases/Reusable_Test_Sequences/CAT_Verification_Location' successfully

2020-02-05 14:44:42 - [TEST_STEP][PASSED] - "------------------------------------------": null

2020-02-05 14:44:42 - [TEST_STEP][PASSED] - " Verify Primary Contact is Returned     |": null

2020-02-05 14:44:42 - [TEST_STEP][PASSED] - callTestCase(findTestCase("Reusable_Test_Sequences/CAT_Verification_Primary_Contact"), [:], CONTINUE_ON_FAILURE): Call Test Case 'Test Cases/Reusable_Test_Sequences/CAT_Verification_Primary_Contact' successfully

2020-02-05 14:44:42 - [TEST_CASE][PASSED] - Test Cases/Reusable_Test_Sequences/CAT_Verification_Primary_Contact: Test Cases/Reusable_Test_Sequences/CAT_Verification_Primary_Contact

2020-02-05 14:44:42 - [TEST_STEP][PASSED] - verifyTextPresent(findTestData("Search_CAT_ID_Data (1)").getValue("primeContact", row), false): Text 'Andrew Whitaker' is present on page 

2020-02-05 14:44:43 - [MESSAGE][PASSED] - Text 'Andrew Whitaker' is present on page 

2020-02-05 14:44:43 - [MESSAGE][PASSED] - Call Test Case 'Test Cases/Reusable_Test_Sequences/CAT_Verification_Primary_Contact' successfully

2020-02-05 14:44:43 - [TEST_STEP][PASSED] - "--------------------------": null

2020-02-05 14:44:43 - [TEST_STEP][PASSED] - " Teardown - CLose Browser |": null

2020-02-05 14:44:43 - [TEST_STEP][PASSED] - callTestCase(findTestCase("Reusable_Test_Sequences/CAT_Teardown"), [:], OPTIONAL): Call Test Case 'Test Cases/Reusable_Test_Sequences/CAT_Teardown' successfully

2020-02-05 14:44:43 - [TEST_CASE][PASSED] - Test Cases/Reusable_Test_Sequences/CAT_Teardown: Test Cases/Reusable_Test_Sequences/CAT_Teardown

2020-02-05 14:44:43 - [TEST_STEP][PASSED] - closeBrowser(): Browser is closed

2020-02-05 14:44:46 - [MESSAGE][PASSED] - Browser is closed

2020-02-05 14:44:46 - [MESSAGE][PASSED] - Call Test Case 'Test Cases/Reusable_Test_Sequences/CAT_Teardown' successfully

2020-02-05 14:44:46 - [TEST_STEP][PASSED] - callTestCase(findTestCase("Reusable_Test_Sequences/CAT_Setup"), [:], STOP_ON_FAILURE): Call Test Case 'Test Cases/Reusable_Test_Sequences/CAT_Setup' successfully

2020-02-05 14:44:46 - [TEST_CASE][PASSED] - Test Cases/Reusable_Test_Sequences/CAT_Setup: Test Cases/Reusable_Test_Sequences/CAT_Setup

2020-02-05 14:44:46 - [TEST_STEP][PASSED] - "------------------------------": null

2020-02-05 14:44:46 - [TEST_STEP][PASSED] - " Set Mobile Device Testing    |": null

2020-02-05 14:44:46 - [TEST_STEP][PASSED] - if (Mobile_Flag == "true"): null

2020-02-05 14:44:46 - [TEST_STEP][PASSED] - "------------------------------": null

2020-02-05 14:44:46 - [TEST_STEP][PASSED] - " Set Mobile Device Testing    |": null

2020-02-05 14:44:46 - [TEST_STEP][PASSED] - "------------------------------": null

2020-02-05 14:44:46 - [TEST_STEP][PASSED] - "URL - Set from the ENVIRONMENT PROFILE ": null

2020-02-05 14:44:46 - [TEST_STEP][PASSED] - openBrowser(URL): Browser is opened with url: 'https://www.preview.checkatrade.com/'

2020-02-05 14:44:46 - [MESSAGE][INFO] - Starting 'Firefox' driver

2020-02-05 14:44:54 - [MESSAGE][PASSED] - Browser is opened with url: 'https://www.preview.checkatrade.com/'

2020-02-05 14:44:54 - [TEST_STEP][PASSED] - maximizeWindow(): Current window maximized

2020-02-05 14:44:54 - [MESSAGE][PASSED] - Current window maximized

2020-02-05 14:44:54 - [TEST_STEP][PASSED] - waitForPageLoad(60): Wait for page load successfully

2020-02-05 14:44:55 - [MESSAGE][PASSED] - Wait for page load successfully

2020-02-05 14:44:55 - [TEST_STEP][PASSED] - "Previous Functionalilty Left Commented For Ease Of reversion": null

2020-02-05 14:44:55 - [TEST_STEP][PASSED] - try: Text 'Cookie Policy' is not present on page

2020-02-05 14:44:55 - [TEST_STEP][PASSED] - verifyElementPresent(findTestObject("Object Repository/Cookies/Page_Checkatrade Find a tradesperson you can trust/button_Accept All"), 5): Object 'Object Repository/Cookies/Page_Checkatrade Find a tradesperson you can trust/button_Accept All' is present

2020-02-05 14:44:55 - [MESSAGE][PASSED] - Object 'Object Repository/Cookies/Page_Checkatrade Find a tradesperson you can trust/button_Accept All' is present

2020-02-05 14:44:55 - [TEST_STEP][PASSED] - click(findTestObject("Object Repository/Cookies/Page_Checkatrade Find a tradesperson you can trust/button_Accept All")): Object: 'Object Repository/Cookies/Page_Checkatrade Find a tradesperson you can trust/button_Accept All' is clicked on

2020-02-05 14:44:56 - [MESSAGE][PASSED] - Object: 'Object Repository/Cookies/Page_Checkatrade Find a tradesperson you can trust/button_Accept All' is clicked on

2020-02-05 14:44:56 - [TEST_STEP][PASSED] - "---------------------------------": null

2020-02-05 14:44:56 - [TEST_STEP][PASSED] - "COOKIE POPOUT REMOVED - Confirmed": null

2020-02-05 14:44:56 - [TEST_STEP][PASSED] - delay(1): Delayed 1 second(s)

2020-02-05 14:44:57 - [MESSAGE][PASSED] - Delayed 1 second(s)

2020-02-05 14:44:57 - [TEST_STEP][PASSED] - verifyTextNotPresent("We use cookies to personalise content and ads, to provide social media features and to analyse our traffic", false): Text 'We use cookies to personalise content and ads, to provide social media features and to analyse our traffic' is not present on page

2020-02-05 14:44:58 - [MESSAGE][PASSED] - Text 'We use cookies to personalise content and ads, to provide social media features and to analyse our traffic' is not present on page

2020-02-05 14:44:58 - [TEST_STEP][PASSED] - verifyTextNotPresent(" We also share information about your use of our site with our social media, advertising and analytics partners", false): Text ' We also share information about your use of our site with our social media, advertising and analytics partners' is not present on page

2020-02-05 14:44:59 - [MESSAGE][PASSED] - Text ' We also share information about your use of our site with our social media, advertising and analytics partners' is not present on page

2020-02-05 14:44:59 - [TEST_STEP][PASSED] - verifyTextNotPresent("Cookie Policy", false): Text 'Cookie Policy' is not present on page

2020-02-05 14:45:00 - [MESSAGE][PASSED] - Text 'Cookie Policy' is not present on page

2020-02-05 14:45:00 - [TEST_STEP][PASSED] - waitForPageLoad(60): Wait for page load successfully

2020-02-05 14:45:00 - [MESSAGE][PASSED] - Wait for page load successfully

2020-02-05 14:45:00 - [TEST_STEP][PASSED] - "COOKIE - ORIGINAL": null

2020-02-05 14:45:00 - [TEST_STEP][PASSED] - if (waitForElementVisible(findTestObject("Object Repository/Feedback/Page_Checkatrade Give your feedback/input_Member_to_Review"), 5)): Web element with id: 'Object Repository/Feedback/Page_Checkatrade Give your feedback/input_Member_to_Review' located by 'By.xpath: //input[@id='feedback-form__company_autocomplete_input']' not found

2020-02-05 14:45:05 - [MESSAGE][INFO] - Unable to find the element located by 'By.xpath: //input[@id='feedback-form__company_autocomplete_input']'. Please recheck the objects properties to make sure the desired element is located. 

2020-02-05 14:45:05 - [MESSAGE][WARNING] - Web element with id: 'Object Repository/Feedback/Page_Checkatrade Give your feedback/input_Member_to_Review' located by 'By.xpath: //input[@id='feedback-form__company_autocomplete_input']' not found

2020-02-05 14:45:05 - [TEST_STEP][PASSED] - else: The <<<OLD>>> Website was detected by the STARTUP Process

2020-02-05 14:45:05 - [TEST_STEP][PASSED] - if (!(verifyElementVisible(findTestObject("Object Repository/Checkatrade_Trade_Search_Page/Page_Checkatrade Find a tradesperson you can trust/input_Search_Button_FF")))): Object 'Object Repository/Checkatrade_Trade_Search_Page/Page_Checkatrade Find a tradesperson you can trust/input_Search_Button_FF' is visible

2020-02-05 14:45:06 - [MESSAGE][PASSED] - Object 'Object Repository/Checkatrade_Trade_Search_Page/Page_Checkatrade Find a tradesperson you can trust/input_Search_Button_FF' is visible

2020-02-05 14:45:06 - [TEST_STEP][PASSED] - else: The <<<OLD>>> Website was detected by the STARTUP Process

2020-02-05 14:45:06 - [TEST_STEP][PASSED] - Website_Version = "old": null

2020-02-05 14:45:06 - [TEST_STEP][PASSED] - logInfo("The <<<OLD>>> Website was detected by the STARTUP Process"): The <<<OLD>>> Website was detected by the STARTUP Process

2020-02-05 14:45:06 - [MESSAGE][INFO] - The <<<OLD>>> Website was detected by the STARTUP Process

2020-02-05 14:45:06 - [MESSAGE][PASSED] - Call Test Case 'Test Cases/Reusable_Test_Sequences/CAT_Setup' successfully

2020-02-05 14:45:06 - [TEST_STEP][PASSED] - callTestCase(findTestCase("Reusable_Test_Sequences/CAT_Home"), [:], CONTINUE_ON_FAILURE): Call Test Case 'Test Cases/Reusable_Test_Sequences/CAT_Home' successfully

2020-02-05 14:45:06 - [TEST_CASE][PASSED] - Test Cases/Reusable_Test_Sequences/CAT_Home: Test Cases/Reusable_Test_Sequences/CAT_Home

2020-02-05 14:45:06 - [TEST_STEP][PASSED] - waitForPageLoad(60): Wait for page load successfully

2020-02-05 14:45:06 - [MESSAGE][PASSED] - Wait for page load successfully

2020-02-05 14:45:06 - [TEST_STEP][PASSED] - delay(2): Delayed 2 second(s)

2020-02-05 14:45:08 - [MESSAGE][PASSED] - Delayed 2 second(s)

2020-02-05 14:45:08 - [TEST_STEP][PASSED] - "------------------------------------": null

2020-02-05 14:45:08 - [TEST_STEP][PASSED] - if (Website_Version == "new"): null

2020-02-05 14:45:08 - [TEST_STEP][PASSED] - else: Text 'Over a million visits to Checkatrade each month' is present on page 

2020-02-05 14:45:08 - [TEST_STEP][PASSED] - verifyTextPresent("Helping you find the right trade or service", false): Text 'Helping you find the right trade or service' is present on page 

2020-02-05 14:45:08 - [MESSAGE][PASSED] - Text 'Helping you find the right trade or service' is present on page 

2020-02-05 14:45:08 - [TEST_STEP][PASSED] - verifyTextPresent("Search through over", false): Text 'Search through over' is present on page 

2020-02-05 14:45:09 - [MESSAGE][PASSED] - Text 'Search through over' is present on page 

2020-02-05 14:45:09 - [TEST_STEP][PASSED] - verifyTextPresent("recommended, vetted and monitored trades and service providers for free.", false): Text 'recommended, vetted and monitored trades and service providers for free.' is present on page 

2020-02-05 14:45:10 - [MESSAGE][PASSED] - Text 'recommended, vetted and monitored trades and service providers for free.' is present on page 

2020-02-05 14:45:10 - [TEST_STEP][PASSED] - verifyTextPresent("reviews published so far – thank you!", false): Text 'reviews published so far – thank you!' is present on page 

2020-02-05 14:45:10 - [MESSAGE][PASSED] - Text 'reviews published so far – thank you!' is present on page 

2020-02-05 14:45:10 - [TEST_STEP][PASSED] - verifyTextPresent("I need a trade or service", false): Text 'I need a trade or service' is present on page 

2020-02-05 14:45:11 - [MESSAGE][PASSED] - Text 'I need a trade or service' is present on page 

2020-02-05 14:45:11 - [TEST_STEP][PASSED] - verifyTextPresent("Every trader thoroughly checked and vetted", false): Text 'Every trader thoroughly checked and vetted' is present on page 

2020-02-05 14:45:11 - [MESSAGE][PASSED] - Text 'Every trader thoroughly checked and vetted' is present on page 

2020-02-05 14:45:11 - [TEST_STEP][PASSED] - "------------------------------------": null

2020-02-05 14:45:11 - [TEST_STEP][PASSED] - verifyTextPresent("reviews published so far – thank you!", false): Text 'reviews published so far – thank you!' is present on page 

2020-02-05 14:45:11 - [MESSAGE][PASSED] - Text 'reviews published so far – thank you!' is present on page 

2020-02-05 14:45:11 - [TEST_STEP][PASSED] - verifyTextPresent("Find out more", false): Text 'Find out more' is present on page 

2020-02-05 14:45:12 - [MESSAGE][PASSED] - Text 'Find out more' is present on page 

2020-02-05 14:45:12 - [TEST_STEP][PASSED] - verifyTextPresent("I am a tradesman", false): Text 'I am a tradesman' is present on page 

2020-02-05 14:45:13 - [MESSAGE][PASSED] - Text 'I am a tradesman' is present on page 

2020-02-05 14:45:13 - [TEST_STEP][PASSED] - verifyTextPresent("Find out more", false): Text 'Find out more' is present on page 

2020-02-05 14:45:14 - [MESSAGE][PASSED] - Text 'Find out more' is present on page 

2020-02-05 14:45:14 - [TEST_STEP][PASSED] - verifyTextPresent("Over a million visits to Checkatrade each month", false): Text 'Over a million visits to Checkatrade each month' is present on page 

2020-02-05 14:45:15 - [MESSAGE][PASSED] - Text 'Over a million visits to Checkatrade each month' is present on page 

2020-02-05 14:45:15 - [MESSAGE][PASSED] - Call Test Case 'Test Cases/Reusable_Test_Sequences/CAT_Home' successfully

2020-02-05 14:45:15 - [TEST_STEP][PASSED] - "---------------------------------------------------------------------": null

2020-02-05 14:45:15 - [TEST_STEP][PASSED] - " Select Search on Trader Name (or ID) From Home page/Search Screen   |": null

2020-02-05 14:45:15 - [TEST_STEP][PASSED] - callTestCase(findTestCase("Reusable_Test_Sequences/CAT_Click_Search_Trade_Name"), [:], CONTINUE_ON_FAILURE): Call Test Case 'Test Cases/Reusable_Test_Sequences/CAT_Click_Search_Trade_Name' successfully

2020-02-05 14:45:15 - [TEST_CASE][PASSED] - Test Cases/Reusable_Test_Sequences/CAT_Click_Search_Trade_Name: Test Cases/Reusable_Test_Sequences/CAT_Click_Search_Trade_Name

2020-02-05 14:45:15 - [TEST_STEP][PASSED] - waitForPageLoad(60): Wait for page load successfully

2020-02-05 14:45:15 - [MESSAGE][PASSED] - Wait for page load successfully

2020-02-05 14:45:15 - [TEST_STEP][PASSED] - if (Website_Version == "new"): null

2020-02-05 14:45:15 - [TEST_STEP][PASSED] - else: Object: 'Object Repository/Page_Checkatrade Find a tradesperson you can trust/a_or look up a member by name' is clicked on

2020-02-05 14:45:15 - [TEST_STEP][PASSED] - click(findTestObject("Page_Checkatrade Find a tradesperson you can trust/a_or look up a member by name")): Object: 'Object Repository/Page_Checkatrade Find a tradesperson you can trust/a_or look up a member by name' is clicked on

2020-02-05 14:45:15 - [MESSAGE][PASSED] - Object: 'Object Repository/Page_Checkatrade Find a tradesperson you can trust/a_or look up a member by name' is clicked on

2020-02-05 14:45:15 - [TEST_STEP][PASSED] - waitForPageLoad(60): Wait for page load successfully

2020-02-05 14:45:15 - [MESSAGE][PASSED] - Wait for page load successfully

2020-02-05 14:45:15 - [MESSAGE][PASSED] - Call Test Case 'Test Cases/Reusable_Test_Sequences/CAT_Click_Search_Trade_Name' successfully

2020-02-05 14:45:15 - [TEST_STEP][PASSED] - "---------------------------------------": null

2020-02-05 14:45:15 - [TEST_STEP][PASSED] - " Enter Trader Name (or ID) to Search   |": null

2020-02-05 14:45:15 - [TEST_STEP][PASSED] - callTestCase(findTestCase("Reusable_Test_Sequences/CAT_Enter_Trade_Name"), [:], CONTINUE_ON_FAILURE): Call Test Case 'Test Cases/Reusable_Test_Sequences/CAT_Enter_Trade_Name' successfully

2020-02-05 14:45:15 - [TEST_CASE][PASSED] - Test Cases/Reusable_Test_Sequences/CAT_Enter_Trade_Name: Test Cases/Reusable_Test_Sequences/CAT_Enter_Trade_Name

2020-02-05 14:45:15 - [TEST_STEP][PASSED] - if (Website_Version == "new"): null

2020-02-05 14:45:15 - [TEST_STEP][PASSED] - else: Text '230761' is set on object 'Object Repository/Page_Checkatrade Find a tradesperson you can trust/Trader_Name_To_Search'

2020-02-05 14:45:15 - [TEST_STEP][PASSED] - setText(findTestObject("Page_Checkatrade Find a tradesperson you can trust/Trader_Name_To_Search"), findTestData("Search_CAT_ID_Data (1)").getValue("tradeName", row)): Text '230761' is set on object 'Object Repository/Page_Checkatrade Find a tradesperson you can trust/Trader_Name_To_Search'

2020-02-05 14:45:15 - [MESSAGE][PASSED] - Text '230761' is set on object 'Object Repository/Page_Checkatrade Find a tradesperson you can trust/Trader_Name_To_Search'

2020-02-05 14:45:15 - [MESSAGE][PASSED] - Call Test Case 'Test Cases/Reusable_Test_Sequences/CAT_Enter_Trade_Name' successfully

2020-02-05 14:45:15 - [TEST_STEP][PASSED] - "---------------------------------------": null

2020-02-05 14:45:15 - [TEST_STEP][PASSED] - " Search Trader Name (or ID)            |": null

2020-02-05 14:45:15 - [TEST_STEP][PASSED] - callTestCase(findTestCase("Reusable_Test_Sequences/CAT_Search_Trade_Name"), [:], CONTINUE_ON_FAILURE): Call Test Case 'Test Cases/Reusable_Test_Sequences/CAT_Search_Trade_Name' successfully

2020-02-05 14:45:15 - [TEST_CASE][PASSED] - Test Cases/Reusable_Test_Sequences/CAT_Search_Trade_Name: Test Cases/Reusable_Test_Sequences/CAT_Search_Trade_Name

2020-02-05 14:45:15 - [TEST_STEP][PASSED] - "Hit Search Trade Person by Name (or CAT ID) after parameters are entered": null

2020-02-05 14:45:15 - [TEST_STEP][PASSED] - waitForPageLoad(60): Wait for page load successfully

2020-02-05 14:45:15 - [MESSAGE][PASSED] - Wait for page load successfully

2020-02-05 14:45:15 - [TEST_STEP][PASSED] - delay(2): Delayed 2 second(s)

2020-02-05 14:45:17 - [MESSAGE][PASSED] - Delayed 2 second(s)

2020-02-05 14:45:17 - [TEST_STEP][PASSED] - if (Website_Version == "new"): null

2020-02-05 14:45:17 - [TEST_STEP][PASSED] - else: Object: 'Object Repository/Page_Checkatrade Find a tradesperson you can trust/span_Trade_Name' is clicked on

2020-02-05 14:45:17 - [TEST_STEP][PASSED] - waitForElementClickable(findTestObject("Page_Checkatrade Find a tradesperson you can trust/span_Trade_Name"), 60): Object 'Object Repository/Page_Checkatrade Find a tradesperson you can trust/span_Trade_Name' is clickable

2020-02-05 14:45:17 - [MESSAGE][PASSED] - Object 'Object Repository/Page_Checkatrade Find a tradesperson you can trust/span_Trade_Name' is clickable

2020-02-05 14:45:17 - [TEST_STEP][PASSED] - click(findTestObject("Page_Checkatrade Find a tradesperson you can trust/span_Trade_Name")): Object: 'Object Repository/Page_Checkatrade Find a tradesperson you can trust/span_Trade_Name' is clicked on

2020-02-05 14:45:21 - [MESSAGE][PASSED] - Object: 'Object Repository/Page_Checkatrade Find a tradesperson you can trust/span_Trade_Name' is clicked on

2020-02-05 14:45:21 - [TEST_STEP][PASSED] - delay(2): Delayed 2 second(s)

2020-02-05 14:45:23 - [MESSAGE][PASSED] - Delayed 2 second(s)

2020-02-05 14:45:23 - [TEST_STEP][PASSED] - waitForPageLoad(60): Wait for page load successfully

2020-02-05 14:45:23 - [MESSAGE][PASSED] - Wait for page load successfully

2020-02-05 14:45:23 - [MESSAGE][PASSED] - Call Test Case 'Test Cases/Reusable_Test_Sequences/CAT_Search_Trade_Name' successfully

2020-02-05 14:45:23 - [TEST_STEP][PASSED] - "------------------------------------------": null

2020-02-05 14:45:23 - [TEST_STEP][PASSED] - " Scroll to Page Footer to Reveal Results  |": null

2020-02-05 14:45:23 - [TEST_STEP][PASSED] - callTestCase(findTestCase("Reusable_Test_Sequences/CAT_Scroll_to_Footer"), [:], CONTINUE_ON_FAILURE): Call Test Case 'Test Cases/Reusable_Test_Sequences/CAT_Scroll_to_Footer' successfully

2020-02-05 14:45:23 - [TEST_CASE][PASSED] - Test Cases/Reusable_Test_Sequences/CAT_Scroll_to_Footer: Test Cases/Reusable_Test_Sequences/CAT_Scroll_to_Footer

2020-02-05 14:45:23 - [TEST_STEP][PASSED] - "-----------------------------------------------------": null

2020-02-05 14:45:23 - [TEST_STEP][PASSED] - " Major changes factored into function 05/12/2019     |": null

2020-02-05 14:45:23 - [TEST_STEP][PASSED] - "-----------------------------------------------------": null

2020-02-05 14:45:23 - [TEST_STEP][PASSED] - "Animation Removed ": null

2020-02-05 14:45:23 - [TEST_STEP][PASSED] - "Scroll - To Footer on the bottom of the page (sometime off the screen) ": null

2020-02-05 14:45:23 - [TEST_STEP][PASSED] - waitForPageLoad(60): Wait for page load successfully

2020-02-05 14:45:23 - [MESSAGE][PASSED] - Wait for page load successfully

2020-02-05 14:45:23 - [TEST_STEP][PASSED] - scrollToPosition(999, 999): Browser is scrolled to position x = 999, y = 999

2020-02-05 14:45:23 - [MESSAGE][PASSED] - Browser is scrolled to position x = 999, y = 999

2020-02-05 14:45:23 - [TEST_STEP][PASSED] - delay(1): Delayed 1 second(s)

2020-02-05 14:45:24 - [MESSAGE][PASSED] - Delayed 1 second(s)

2020-02-05 14:45:24 - [MESSAGE][PASSED] - Call Test Case 'Test Cases/Reusable_Test_Sequences/CAT_Scroll_to_Footer' successfully

2020-02-05 14:45:24 - [TEST_STEP][PASSED] - "------------------------------------------": null

2020-02-05 14:45:24 - [TEST_STEP][PASSED] - " Verify Correct Location is Returned     |": null

2020-02-05 14:45:24 - [TEST_STEP][PASSED] - callTestCase(findTestCase("Reusable_Test_Sequences/CAT_Verification_Location"), [:], CONTINUE_ON_FAILURE): Call Test Case 'Test Cases/Reusable_Test_Sequences/CAT_Verification_Location' successfully

2020-02-05 14:45:24 - [TEST_CASE][PASSED] - Test Cases/Reusable_Test_Sequences/CAT_Verification_Location: Test Cases/Reusable_Test_Sequences/CAT_Verification_Location

2020-02-05 14:45:24 - [TEST_STEP][PASSED] - waitForPageLoad(60): Wait for page load successfully

2020-02-05 14:45:24 - [MESSAGE][PASSED] - Wait for page load successfully

2020-02-05 14:45:24 - [TEST_STEP][PASSED] - verifyTextPresent(findTestData("Search_CAT_ID_Data (1)").getValue("tradeNameLocationVerification", row), false): Text 'Rustington, West Sussex' is present on page 

2020-02-05 14:45:25 - [MESSAGE][PASSED] - Text 'Rustington, West Sussex' is present on page 

2020-02-05 14:45:25 - [MESSAGE][PASSED] - Call Test Case 'Test Cases/Reusable_Test_Sequences/CAT_Verification_Location' successfully

2020-02-05 14:45:25 - [TEST_STEP][PASSED] - "------------------------------------------": null

2020-02-05 14:45:25 - [TEST_STEP][PASSED] - " Verify Primary Contact is Returned     |": null

2020-02-05 14:45:25 - [TEST_STEP][PASSED] - callTestCase(findTestCase("Reusable_Test_Sequences/CAT_Verification_Primary_Contact"), [:], CONTINUE_ON_FAILURE): Call Test Case 'Test Cases/Reusable_Test_Sequences/CAT_Verification_Primary_Contact' successfully

2020-02-05 14:45:25 - [TEST_CASE][PASSED] - Test Cases/Reusable_Test_Sequences/CAT_Verification_Primary_Contact: Test Cases/Reusable_Test_Sequences/CAT_Verification_Primary_Contact

2020-02-05 14:45:25 - [TEST_STEP][PASSED] - verifyTextPresent(findTestData("Search_CAT_ID_Data (1)").getValue("primeContact", row), false): Text 'David Clarke' is present on page 

2020-02-05 14:45:26 - [MESSAGE][PASSED] - Text 'David Clarke' is present on page 

2020-02-05 14:45:26 - [MESSAGE][PASSED] - Call Test Case 'Test Cases/Reusable_Test_Sequences/CAT_Verification_Primary_Contact' successfully

2020-02-05 14:45:26 - [TEST_STEP][PASSED] - "--------------------------": null

2020-02-05 14:45:26 - [TEST_STEP][PASSED] - " Teardown - CLose Browser |": null

2020-02-05 14:45:26 - [TEST_STEP][PASSED] - callTestCase(findTestCase("Reusable_Test_Sequences/CAT_Teardown"), [:], OPTIONAL): Call Test Case 'Test Cases/Reusable_Test_Sequences/CAT_Teardown' successfully

2020-02-05 14:45:26 - [TEST_CASE][PASSED] - Test Cases/Reusable_Test_Sequences/CAT_Teardown: Test Cases/Reusable_Test_Sequences/CAT_Teardown

2020-02-05 14:45:26 - [TEST_STEP][PASSED] - closeBrowser(): Browser is closed

2020-02-05 14:45:28 - [MESSAGE][PASSED] - Browser is closed

2020-02-05 14:45:28 - [MESSAGE][PASSED] - Call Test Case 'Test Cases/Reusable_Test_Sequences/CAT_Teardown' successfully

2020-02-05 14:45:29 - [TEST_STEP][PASSED] - callTestCase(findTestCase("Reusable_Test_Sequences/CAT_Setup"), [:], STOP_ON_FAILURE): Call Test Case 'Test Cases/Reusable_Test_Sequences/CAT_Setup' successfully

2020-02-05 14:45:29 - [TEST_CASE][PASSED] - Test Cases/Reusable_Test_Sequences/CAT_Setup: Test Cases/Reusable_Test_Sequences/CAT_Setup

2020-02-05 14:45:29 - [TEST_STEP][PASSED] - "------------------------------": null

2020-02-05 14:45:29 - [TEST_STEP][PASSED] - " Set Mobile Device Testing    |": null

2020-02-05 14:45:29 - [TEST_STEP][PASSED] - if (Mobile_Flag == "true"): null

2020-02-05 14:45:29 - [TEST_STEP][PASSED] - "------------------------------": null

2020-02-05 14:45:29 - [TEST_STEP][PASSED] - " Set Mobile Device Testing    |": null

2020-02-05 14:45:29 - [TEST_STEP][PASSED] - "------------------------------": null

2020-02-05 14:45:29 - [TEST_STEP][PASSED] - "URL - Set from the ENVIRONMENT PROFILE ": null

2020-02-05 14:45:29 - [TEST_STEP][PASSED] - openBrowser(URL): Browser is opened with url: 'https://www.preview.checkatrade.com/'

2020-02-05 14:45:29 - [MESSAGE][INFO] - Starting 'Firefox' driver

2020-02-05 14:45:40 - [MESSAGE][PASSED] - Browser is opened with url: 'https://www.preview.checkatrade.com/'

2020-02-05 14:45:40 - [TEST_STEP][PASSED] - maximizeWindow(): Current window maximized

2020-02-05 14:45:40 - [MESSAGE][PASSED] - Current window maximized

2020-02-05 14:45:40 - [TEST_STEP][PASSED] - waitForPageLoad(60): Wait for page load successfully

2020-02-05 14:45:40 - [MESSAGE][PASSED] - Wait for page load successfully

2020-02-05 14:45:40 - [TEST_STEP][PASSED] - "Previous Functionalilty Left Commented For Ease Of reversion": null

2020-02-05 14:45:40 - [TEST_STEP][PASSED] - try: Text 'Cookie Policy' is not present on page

2020-02-05 14:45:40 - [TEST_STEP][PASSED] - verifyElementPresent(findTestObject("Object Repository/Cookies/Page_Checkatrade Find a tradesperson you can trust/button_Accept All"), 5): Object 'Object Repository/Cookies/Page_Checkatrade Find a tradesperson you can trust/button_Accept All' is present

2020-02-05 14:45:40 - [MESSAGE][PASSED] - Object 'Object Repository/Cookies/Page_Checkatrade Find a tradesperson you can trust/button_Accept All' is present

2020-02-05 14:45:40 - [TEST_STEP][PASSED] - click(findTestObject("Object Repository/Cookies/Page_Checkatrade Find a tradesperson you can trust/button_Accept All")): Object: 'Object Repository/Cookies/Page_Checkatrade Find a tradesperson you can trust/button_Accept All' is clicked on

2020-02-05 14:45:41 - [MESSAGE][PASSED] - Object: 'Object Repository/Cookies/Page_Checkatrade Find a tradesperson you can trust/button_Accept All' is clicked on

2020-02-05 14:45:41 - [TEST_STEP][PASSED] - "---------------------------------": null

2020-02-05 14:45:41 - [TEST_STEP][PASSED] - "COOKIE POPOUT REMOVED - Confirmed": null

2020-02-05 14:45:41 - [TEST_STEP][PASSED] - delay(1): Delayed 1 second(s)

2020-02-05 14:45:42 - [MESSAGE][PASSED] - Delayed 1 second(s)

2020-02-05 14:45:42 - [TEST_STEP][PASSED] - verifyTextNotPresent("We use cookies to personalise content and ads, to provide social media features and to analyse our traffic", false): Text 'We use cookies to personalise content and ads, to provide social media features and to analyse our traffic' is not present on page

2020-02-05 14:45:43 - [MESSAGE][PASSED] - Text 'We use cookies to personalise content and ads, to provide social media features and to analyse our traffic' is not present on page

2020-02-05 14:45:43 - [TEST_STEP][PASSED] - verifyTextNotPresent(" We also share information about your use of our site with our social media, advertising and analytics partners", false): Text ' We also share information about your use of our site with our social media, advertising and analytics partners' is not present on page

2020-02-05 14:45:44 - [MESSAGE][PASSED] - Text ' We also share information about your use of our site with our social media, advertising and analytics partners' is not present on page

2020-02-05 14:45:44 - [TEST_STEP][PASSED] - verifyTextNotPresent("Cookie Policy", false): Text 'Cookie Policy' is not present on page

2020-02-05 14:45:45 - [MESSAGE][PASSED] - Text 'Cookie Policy' is not present on page

2020-02-05 14:45:45 - [TEST_STEP][PASSED] - waitForPageLoad(60): Wait for page load successfully

2020-02-05 14:45:45 - [MESSAGE][PASSED] - Wait for page load successfully

2020-02-05 14:45:45 - [TEST_STEP][PASSED] - "COOKIE - ORIGINAL": null

2020-02-05 14:45:45 - [TEST_STEP][PASSED] - if (waitForElementVisible(findTestObject("Object Repository/Feedback/Page_Checkatrade Give your feedback/input_Member_to_Review"), 5)): Web element with id: 'Object Repository/Feedback/Page_Checkatrade Give your feedback/input_Member_to_Review' located by 'By.xpath: //input[@id='feedback-form__company_autocomplete_input']' not found

2020-02-05 14:45:50 - [MESSAGE][INFO] - Unable to find the element located by 'By.xpath: //input[@id='feedback-form__company_autocomplete_input']'. Please recheck the objects properties to make sure the desired element is located. 

2020-02-05 14:45:50 - [MESSAGE][WARNING] - Web element with id: 'Object Repository/Feedback/Page_Checkatrade Give your feedback/input_Member_to_Review' located by 'By.xpath: //input[@id='feedback-form__company_autocomplete_input']' not found

2020-02-05 14:45:50 - [TEST_STEP][PASSED] - else: The <<<OLD>>> Website was detected by the STARTUP Process

2020-02-05 14:45:50 - [TEST_STEP][PASSED] - if (!(verifyElementVisible(findTestObject("Object Repository/Checkatrade_Trade_Search_Page/Page_Checkatrade Find a tradesperson you can trust/input_Search_Button_FF")))): Object 'Object Repository/Checkatrade_Trade_Search_Page/Page_Checkatrade Find a tradesperson you can trust/input_Search_Button_FF' is visible

2020-02-05 14:45:50 - [MESSAGE][PASSED] - Object 'Object Repository/Checkatrade_Trade_Search_Page/Page_Checkatrade Find a tradesperson you can trust/input_Search_Button_FF' is visible

2020-02-05 14:45:50 - [TEST_STEP][PASSED] - else: The <<<OLD>>> Website was detected by the STARTUP Process

2020-02-05 14:45:50 - [TEST_STEP][PASSED] - Website_Version = "old": null

2020-02-05 14:45:50 - [TEST_STEP][PASSED] - logInfo("The <<<OLD>>> Website was detected by the STARTUP Process"): The <<<OLD>>> Website was detected by the STARTUP Process

2020-02-05 14:45:50 - [MESSAGE][INFO] - The <<<OLD>>> Website was detected by the STARTUP Process

2020-02-05 14:45:50 - [MESSAGE][PASSED] - Call Test Case 'Test Cases/Reusable_Test_Sequences/CAT_Setup' successfully

2020-02-05 14:45:50 - [TEST_STEP][PASSED] - callTestCase(findTestCase("Reusable_Test_Sequences/CAT_Home"), [:], CONTINUE_ON_FAILURE): Call Test Case 'Test Cases/Reusable_Test_Sequences/CAT_Home' successfully

2020-02-05 14:45:50 - [TEST_CASE][PASSED] - Test Cases/Reusable_Test_Sequences/CAT_Home: Test Cases/Reusable_Test_Sequences/CAT_Home

2020-02-05 14:45:50 - [TEST_STEP][PASSED] - waitForPageLoad(60): Wait for page load successfully

2020-02-05 14:45:50 - [MESSAGE][PASSED] - Wait for page load successfully

2020-02-05 14:45:50 - [TEST_STEP][PASSED] - delay(2): Delayed 2 second(s)

2020-02-05 14:45:52 - [MESSAGE][PASSED] - Delayed 2 second(s)

2020-02-05 14:45:52 - [TEST_STEP][PASSED] - "------------------------------------": null

2020-02-05 14:45:52 - [TEST_STEP][PASSED] - if (Website_Version == "new"): null

2020-02-05 14:45:52 - [TEST_STEP][PASSED] - else: Text 'Over a million visits to Checkatrade each month' is present on page 

2020-02-05 14:45:52 - [TEST_STEP][PASSED] - verifyTextPresent("Helping you find the right trade or service", false): Text 'Helping you find the right trade or service' is present on page 

2020-02-05 14:45:53 - [MESSAGE][PASSED] - Text 'Helping you find the right trade or service' is present on page 

2020-02-05 14:45:53 - [TEST_STEP][PASSED] - verifyTextPresent("Search through over", false): Text 'Search through over' is present on page 

2020-02-05 14:45:54 - [MESSAGE][PASSED] - Text 'Search through over' is present on page 

2020-02-05 14:45:54 - [TEST_STEP][PASSED] - verifyTextPresent("recommended, vetted and monitored trades and service providers for free.", false): Text 'recommended, vetted and monitored trades and service providers for free.' is present on page 

2020-02-05 14:45:54 - [MESSAGE][PASSED] - Text 'recommended, vetted and monitored trades and service providers for free.' is present on page 

2020-02-05 14:45:54 - [TEST_STEP][PASSED] - verifyTextPresent("reviews published so far – thank you!", false): Text 'reviews published so far – thank you!' is present on page 

2020-02-05 14:45:55 - [MESSAGE][PASSED] - Text 'reviews published so far – thank you!' is present on page 

2020-02-05 14:45:55 - [TEST_STEP][PASSED] - verifyTextPresent("I need a trade or service", false): Text 'I need a trade or service' is present on page 

2020-02-05 14:45:55 - [MESSAGE][PASSED] - Text 'I need a trade or service' is present on page 

2020-02-05 14:45:55 - [TEST_STEP][PASSED] - verifyTextPresent("Every trader thoroughly checked and vetted", false): Text 'Every trader thoroughly checked and vetted' is present on page 

2020-02-05 14:45:56 - [MESSAGE][PASSED] - Text 'Every trader thoroughly checked and vetted' is present on page 

2020-02-05 14:45:56 - [TEST_STEP][PASSED] - "------------------------------------": null

2020-02-05 14:45:56 - [TEST_STEP][PASSED] - verifyTextPresent("reviews published so far – thank you!", false): Text 'reviews published so far – thank you!' is present on page 

2020-02-05 14:45:57 - [MESSAGE][PASSED] - Text 'reviews published so far – thank you!' is present on page 

2020-02-05 14:45:57 - [TEST_STEP][PASSED] - verifyTextPresent("Find out more", false): Text 'Find out more' is present on page 

2020-02-05 14:45:58 - [MESSAGE][PASSED] - Text 'Find out more' is present on page 

2020-02-05 14:45:58 - [TEST_STEP][PASSED] - verifyTextPresent("I am a tradesman", false): Text 'I am a tradesman' is present on page 

2020-02-05 14:45:59 - [MESSAGE][PASSED] - Text 'I am a tradesman' is present on page 

2020-02-05 14:45:59 - [TEST_STEP][PASSED] - verifyTextPresent("Find out more", false): Text 'Find out more' is present on page 

2020-02-05 14:46:00 - [MESSAGE][PASSED] - Text 'Find out more' is present on page 

2020-02-05 14:46:00 - [TEST_STEP][PASSED] - verifyTextPresent("Over a million visits to Checkatrade each month", false): Text 'Over a million visits to Checkatrade each month' is present on page 

2020-02-05 14:46:00 - [MESSAGE][PASSED] - Text 'Over a million visits to Checkatrade each month' is present on page 

2020-02-05 14:46:00 - [MESSAGE][PASSED] - Call Test Case 'Test Cases/Reusable_Test_Sequences/CAT_Home' successfully

2020-02-05 14:46:00 - [TEST_STEP][PASSED] - "---------------------------------------------------------------------": null

2020-02-05 14:46:00 - [TEST_STEP][PASSED] - " Select Search on Trader Name (or ID) From Home page/Search Screen   |": null

2020-02-05 14:46:00 - [TEST_STEP][PASSED] - callTestCase(findTestCase("Reusable_Test_Sequences/CAT_Click_Search_Trade_Name"), [:], CONTINUE_ON_FAILURE): Call Test Case 'Test Cases/Reusable_Test_Sequences/CAT_Click_Search_Trade_Name' successfully

2020-02-05 14:46:00 - [TEST_CASE][PASSED] - Test Cases/Reusable_Test_Sequences/CAT_Click_Search_Trade_Name: Test Cases/Reusable_Test_Sequences/CAT_Click_Search_Trade_Name

2020-02-05 14:46:00 - [TEST_STEP][PASSED] - waitForPageLoad(60): Wait for page load successfully

2020-02-05 14:46:00 - [MESSAGE][PASSED] - Wait for page load successfully

2020-02-05 14:46:00 - [TEST_STEP][PASSED] - if (Website_Version == "new"): null

2020-02-05 14:46:00 - [TEST_STEP][PASSED] - else: Object: 'Object Repository/Page_Checkatrade Find a tradesperson you can trust/a_or look up a member by name' is clicked on

2020-02-05 14:46:00 - [TEST_STEP][PASSED] - click(findTestObject("Page_Checkatrade Find a tradesperson you can trust/a_or look up a member by name")): Object: 'Object Repository/Page_Checkatrade Find a tradesperson you can trust/a_or look up a member by name' is clicked on

2020-02-05 14:46:01 - [MESSAGE][PASSED] - Object: 'Object Repository/Page_Checkatrade Find a tradesperson you can trust/a_or look up a member by name' is clicked on

2020-02-05 14:46:01 - [TEST_STEP][PASSED] - waitForPageLoad(60): Wait for page load successfully

2020-02-05 14:46:01 - [MESSAGE][PASSED] - Wait for page load successfully

2020-02-05 14:46:01 - [MESSAGE][PASSED] - Call Test Case 'Test Cases/Reusable_Test_Sequences/CAT_Click_Search_Trade_Name' successfully

2020-02-05 14:46:01 - [TEST_STEP][PASSED] - "---------------------------------------": null

2020-02-05 14:46:01 - [TEST_STEP][PASSED] - " Enter Trader Name (or ID) to Search   |": null

2020-02-05 14:46:01 - [TEST_STEP][PASSED] - callTestCase(findTestCase("Reusable_Test_Sequences/CAT_Enter_Trade_Name"), [:], CONTINUE_ON_FAILURE): Call Test Case 'Test Cases/Reusable_Test_Sequences/CAT_Enter_Trade_Name' successfully

2020-02-05 14:46:01 - [TEST_CASE][PASSED] - Test Cases/Reusable_Test_Sequences/CAT_Enter_Trade_Name: Test Cases/Reusable_Test_Sequences/CAT_Enter_Trade_Name

2020-02-05 14:46:01 - [TEST_STEP][PASSED] - if (Website_Version == "new"): null

2020-02-05 14:46:01 - [TEST_STEP][PASSED] - else: Text '381198' is set on object 'Object Repository/Page_Checkatrade Find a tradesperson you can trust/Trader_Name_To_Search'

2020-02-05 14:46:01 - [TEST_STEP][PASSED] - setText(findTestObject("Page_Checkatrade Find a tradesperson you can trust/Trader_Name_To_Search"), findTestData("Search_CAT_ID_Data (1)").getValue("tradeName", row)): Text '381198' is set on object 'Object Repository/Page_Checkatrade Find a tradesperson you can trust/Trader_Name_To_Search'

2020-02-05 14:46:01 - [MESSAGE][PASSED] - Text '381198' is set on object 'Object Repository/Page_Checkatrade Find a tradesperson you can trust/Trader_Name_To_Search'

2020-02-05 14:46:01 - [MESSAGE][PASSED] - Call Test Case 'Test Cases/Reusable_Test_Sequences/CAT_Enter_Trade_Name' successfully

2020-02-05 14:46:01 - [TEST_STEP][PASSED] - "---------------------------------------": null

2020-02-05 14:46:01 - [TEST_STEP][PASSED] - " Search Trader Name (or ID)            |": null

2020-02-05 14:46:01 - [TEST_STEP][PASSED] - callTestCase(findTestCase("Reusable_Test_Sequences/CAT_Search_Trade_Name"), [:], CONTINUE_ON_FAILURE): Call Test Case 'Test Cases/Reusable_Test_Sequences/CAT_Search_Trade_Name' successfully

2020-02-05 14:46:01 - [TEST_CASE][PASSED] - Test Cases/Reusable_Test_Sequences/CAT_Search_Trade_Name: Test Cases/Reusable_Test_Sequences/CAT_Search_Trade_Name

2020-02-05 14:46:01 - [TEST_STEP][PASSED] - "Hit Search Trade Person by Name (or CAT ID) after parameters are entered": null

2020-02-05 14:46:01 - [TEST_STEP][PASSED] - waitForPageLoad(60): Wait for page load successfully

2020-02-05 14:46:01 - [MESSAGE][PASSED] - Wait for page load successfully

2020-02-05 14:46:01 - [TEST_STEP][PASSED] - delay(2): Delayed 2 second(s)

2020-02-05 14:46:03 - [MESSAGE][PASSED] - Delayed 2 second(s)

2020-02-05 14:46:03 - [TEST_STEP][PASSED] - if (Website_Version == "new"): null

2020-02-05 14:46:03 - [TEST_STEP][PASSED] - else: Object: 'Object Repository/Page_Checkatrade Find a tradesperson you can trust/span_Trade_Name' is clicked on

2020-02-05 14:46:03 - [TEST_STEP][PASSED] - waitForElementClickable(findTestObject("Page_Checkatrade Find a tradesperson you can trust/span_Trade_Name"), 60): Object 'Object Repository/Page_Checkatrade Find a tradesperson you can trust/span_Trade_Name' is clickable

2020-02-05 14:46:03 - [MESSAGE][PASSED] - Object 'Object Repository/Page_Checkatrade Find a tradesperson you can trust/span_Trade_Name' is clickable

2020-02-05 14:46:03 - [TEST_STEP][PASSED] - click(findTestObject("Page_Checkatrade Find a tradesperson you can trust/span_Trade_Name")): Object: 'Object Repository/Page_Checkatrade Find a tradesperson you can trust/span_Trade_Name' is clicked on

2020-02-05 14:46:10 - [MESSAGE][PASSED] - Object: 'Object Repository/Page_Checkatrade Find a tradesperson you can trust/span_Trade_Name' is clicked on

2020-02-05 14:46:10 - [TEST_STEP][PASSED] - delay(2): Delayed 2 second(s)

2020-02-05 14:46:12 - [MESSAGE][PASSED] - Delayed 2 second(s)

2020-02-05 14:46:12 - [TEST_STEP][PASSED] - waitForPageLoad(60): Wait for page load successfully

2020-02-05 14:46:12 - [MESSAGE][PASSED] - Wait for page load successfully

2020-02-05 14:46:12 - [MESSAGE][PASSED] - Call Test Case 'Test Cases/Reusable_Test_Sequences/CAT_Search_Trade_Name' successfully

2020-02-05 14:46:12 - [TEST_STEP][PASSED] - "------------------------------------------": null

2020-02-05 14:46:12 - [TEST_STEP][PASSED] - " Scroll to Page Footer to Reveal Results  |": null

2020-02-05 14:46:12 - [TEST_STEP][PASSED] - callTestCase(findTestCase("Reusable_Test_Sequences/CAT_Scroll_to_Footer"), [:], CONTINUE_ON_FAILURE): Call Test Case 'Test Cases/Reusable_Test_Sequences/CAT_Scroll_to_Footer' successfully

2020-02-05 14:46:12 - [TEST_CASE][PASSED] - Test Cases/Reusable_Test_Sequences/CAT_Scroll_to_Footer: Test Cases/Reusable_Test_Sequences/CAT_Scroll_to_Footer

2020-02-05 14:46:12 - [TEST_STEP][PASSED] - "-----------------------------------------------------": null

2020-02-05 14:46:12 - [TEST_STEP][PASSED] - " Major changes factored into function 05/12/2019     |": null

2020-02-05 14:46:12 - [TEST_STEP][PASSED] - "-----------------------------------------------------": null

2020-02-05 14:46:12 - [TEST_STEP][PASSED] - "Animation Removed ": null

2020-02-05 14:46:12 - [TEST_STEP][PASSED] - "Scroll - To Footer on the bottom of the page (sometime off the screen) ": null

2020-02-05 14:46:12 - [TEST_STEP][PASSED] - waitForPageLoad(60): Wait for page load successfully

2020-02-05 14:46:12 - [MESSAGE][PASSED] - Wait for page load successfully

2020-02-05 14:46:12 - [TEST_STEP][PASSED] - scrollToPosition(999, 999): Browser is scrolled to position x = 999, y = 999

2020-02-05 14:46:12 - [MESSAGE][PASSED] - Browser is scrolled to position x = 999, y = 999

2020-02-05 14:46:12 - [TEST_STEP][PASSED] - delay(1): Delayed 1 second(s)

2020-02-05 14:46:13 - [MESSAGE][PASSED] - Delayed 1 second(s)

2020-02-05 14:46:13 - [MESSAGE][PASSED] - Call Test Case 'Test Cases/Reusable_Test_Sequences/CAT_Scroll_to_Footer' successfully

2020-02-05 14:46:13 - [TEST_STEP][PASSED] - "------------------------------------------": null

2020-02-05 14:46:13 - [TEST_STEP][PASSED] - " Verify Correct Location is Returned     |": null

2020-02-05 14:46:13 - [TEST_STEP][PASSED] - callTestCase(findTestCase("Reusable_Test_Sequences/CAT_Verification_Location"), [:], CONTINUE_ON_FAILURE): Call Test Case 'Test Cases/Reusable_Test_Sequences/CAT_Verification_Location' successfully

2020-02-05 14:46:13 - [TEST_CASE][PASSED] - Test Cases/Reusable_Test_Sequences/CAT_Verification_Location: Test Cases/Reusable_Test_Sequences/CAT_Verification_Location

2020-02-05 14:46:13 - [TEST_STEP][PASSED] - waitForPageLoad(60): Wait for page load successfully

2020-02-05 14:46:13 - [MESSAGE][PASSED] - Wait for page load successfully

2020-02-05 14:46:13 - [TEST_STEP][PASSED] - verifyTextPresent(findTestData("Search_CAT_ID_Data (1)").getValue("tradeNameLocationVerification", row), false): Text 'Bognor Regis' is present on page 

2020-02-05 14:46:14 - [MESSAGE][PASSED] - Text 'Bognor Regis' is present on page 

2020-02-05 14:46:14 - [MESSAGE][PASSED] - Call Test Case 'Test Cases/Reusable_Test_Sequences/CAT_Verification_Location' successfully

2020-02-05 14:46:14 - [TEST_STEP][PASSED] - "------------------------------------------": null

2020-02-05 14:46:14 - [TEST_STEP][PASSED] - " Verify Primary Contact is Returned     |": null

2020-02-05 14:46:14 - [TEST_STEP][PASSED] - callTestCase(findTestCase("Reusable_Test_Sequences/CAT_Verification_Primary_Contact"), [:], CONTINUE_ON_FAILURE): Call Test Case 'Test Cases/Reusable_Test_Sequences/CAT_Verification_Primary_Contact' successfully

2020-02-05 14:46:14 - [TEST_CASE][PASSED] - Test Cases/Reusable_Test_Sequences/CAT_Verification_Primary_Contact: Test Cases/Reusable_Test_Sequences/CAT_Verification_Primary_Contact

2020-02-05 14:46:14 - [TEST_STEP][PASSED] - verifyTextPresent(findTestData("Search_CAT_ID_Data (1)").getValue("primeContact", row), false): Text 'Mr Scott Heyburn' is present on page 

2020-02-05 14:46:16 - [MESSAGE][PASSED] - Text 'Mr Scott Heyburn' is present on page 

2020-02-05 14:46:16 - [MESSAGE][PASSED] - Call Test Case 'Test Cases/Reusable_Test_Sequences/CAT_Verification_Primary_Contact' successfully

2020-02-05 14:46:16 - [TEST_STEP][PASSED] - "--------------------------": null

2020-02-05 14:46:16 - [TEST_STEP][PASSED] - " Teardown - CLose Browser |": null

2020-02-05 14:46:16 - [TEST_STEP][PASSED] - callTestCase(findTestCase("Reusable_Test_Sequences/CAT_Teardown"), [:], OPTIONAL): Call Test Case 'Test Cases/Reusable_Test_Sequences/CAT_Teardown' successfully

2020-02-05 14:46:16 - [TEST_CASE][PASSED] - Test Cases/Reusable_Test_Sequences/CAT_Teardown: Test Cases/Reusable_Test_Sequences/CAT_Teardown

2020-02-05 14:46:16 - [TEST_STEP][PASSED] - closeBrowser(): Browser is closed

2020-02-05 14:46:19 - [MESSAGE][PASSED] - Browser is closed

2020-02-05 14:46:19 - [MESSAGE][PASSED] - Call Test Case 'Test Cases/Reusable_Test_Sequences/CAT_Teardown' successfully]]></system-out>
         <system-err><![CDATA[]]></system-err>
      </testcase>
      <system-out><![CDATA[2020-02-05 14:42:29 - [TEST_SUITE][PASSED] - Trade_Name_Multiple_Search: Test Cases/Checkatrade_Tradesman_Searches/Trade_Name_Search_Multiple]]></system-out>
      <system-err><![CDATA[]]></system-err>
   </testsuite>
</testsuites>
