<?xml version="1.0" encoding="UTF-8"?>
<testsuites name="Web_Office_Reports" time="343.796" tests="5" failures="0" errors="0">
   <testsuite name="Web_Office_Reports" tests="5" failures="0" errors="0" time="343.796" timestamp="2020-04-16 12:58:34" hostname="DavidHo - 192.168.1.238" id="Test Suites/Web_Office_Reports">
      <properties>
         <property name="deviceName" value=""/>
         <property name="devicePlatform" value=""/>
         <property name="logFolder" value="C:\\Users\\davidho\\git\\src\\Reports\\20200416_125828\\Web_Office_Reports\\20200416_125828"/>
         <property name="logFiles" value="C:\\Users\\davidho\\git\\src\\Reports\\20200416_125828\\Web_Office_Reports\\20200416_125828\\execution0.log"/>
         <property name="attachments" value=""/>
         <property name="hostName" value="DavidHo - 192.168.1.238"/>
         <property name="os" value="Windows 10 32bit"/>
         <property name="katalonVersion" value="7.3.1.1"/>
         <property name="browser" value="Chrome 81.0.4044.92"/>
         <property name="hostAddress" value="192.168.1.238"/>
         <property name="sessionId" value="59c32ffe7411e7635e67d36b26306b51"/>
         <property name="seleniumVersion" value="3.141.59"/>
         <property name="proxyInformation" value="ProxyInformation{proxyOption=NO_PROXY, proxyServerType=HTTP, password=, proxyServerAddress=, proxyServerPort=0, executionList=}"/>
         <property name="platform" value="Windows 10"/>
      </properties>
      <testcase name="Test Cases/Web_Office/Reports/Web_Activity" time="40.33" classname="Test Cases/Web_Office/Reports/Web_Activity" status="PASSED">
         <system-out><![CDATA[2020-04-16 12:58:34 - [TEST_CASE][PASSED] - Test Cases/Web_Office/Reports/Web_Activity: Test Cases/Web_Office/Reports/Web_Activity

2020-04-16 12:58:34 - [TEST_STEP][PASSED] - "--------------------------------------": null

2020-04-16 12:58:34 - [TEST_STEP][PASSED] - " Web Office StartUp                  |": null

2020-04-16 12:58:34 - [TEST_STEP][PASSED] - callTestCase(findTestCase("Reusable_Test_Sequences/Web_Office/Directives/WebOffice_StartUp"), [:], STOP_ON_FAILURE): Call Test Case 'Test Cases/Reusable_Test_Sequences/Web_Office/Directives/WebOffice_StartUp' successfully

2020-04-16 12:58:34 - [TEST_CASE][PASSED] - Test Cases/Reusable_Test_Sequences/Web_Office/Directives/WebOffice_StartUp: Test Cases/Reusable_Test_Sequences/Web_Office/Directives/WebOffice_StartUp

2020-04-16 12:58:34 - [TEST_STEP][PASSED] - "-----------------------------------------------------------------------------": null

2020-04-16 12:58:34 - [TEST_STEP][PASSED] - if (URL == "https://www.dev.checkatrade.com/"): null

2020-04-16 12:58:35 - [TEST_STEP][PASSED] - "-----------------------------------------------------------------------------": null

2020-04-16 12:58:35 - [TEST_STEP][PASSED] - if (URL == "https://www.checkatrade.com/"): null

2020-04-16 12:58:35 - [TEST_STEP][PASSED] - "-----------------------------------------------------------------------------": null

2020-04-16 12:58:35 - [TEST_STEP][PASSED] - if (URL == "https://www.preview.checkatrade.com/"): null

2020-04-16 12:58:35 - [TEST_STEP][PASSED] - WebOfficeURL = "https://admin.preview.checkatrade.com/": null

2020-04-16 12:58:35 - [TEST_STEP][PASSED] - if (URL == "https://www.dev2.checkatrade.com/"): null

2020-04-16 12:58:35 - [TEST_STEP][PASSED] - "Set Function Area for "URL_Handler", URL Resolution": null

2020-04-16 12:58:35 - [TEST_STEP][PASSED] - "Do Some Magic with URL(s) See the comments within URL Handler ": null

2020-04-16 12:58:35 - [TEST_STEP][PASSED] - "------------------------------------------------": null

2020-04-16 12:58:35 - [TEST_STEP][PASSED] - "Moved Login Credentials to <Default> profile 22/01/2020": null

2020-04-16 12:58:35 - [TEST_STEP][PASSED] - "------------------------------------------------": null

2020-04-16 12:58:35 - [TEST_STEP][PASSED] - "WebOfficeURL - Set from the ENVIRONMENT PROFILE ": null

2020-04-16 12:58:35 - [TEST_STEP][PASSED] - "OPEN BROWSER": null

2020-04-16 12:58:35 - [TEST_STEP][PASSED] - "eg - https://admin.preview.checkatrade.com/  ": null

2020-04-16 12:58:35 - [TEST_STEP][PASSED] - openBrowser(WebOfficeURL): Browser is opened with url: 'https://admin.preview.checkatrade.com/'

2020-04-16 12:58:35 - [MESSAGE][INFO] - Starting 'Chrome' driver

2020-04-16 12:58:35 - [MESSAGE][INFO] - Action delay is set to 0 milliseconds

2020-04-16 12:58:40 - [MESSAGE][PASSED] - Browser is opened with url: 'https://admin.preview.checkatrade.com/'

2020-04-16 12:58:40 - [TEST_STEP][PASSED] - maximizeWindow(): Current window maximized

2020-04-16 12:58:42 - [MESSAGE][PASSED] - Current window maximized

2020-04-16 12:58:42 - [TEST_STEP][PASSED] - waitForElementClickable(findTestObject("Object Repository/WebOffice/Page_Checkatrade - Administration - Login/Login_Button"), 25): Object 'Object Repository/WebOffice/Page_Checkatrade - Administration - Login/Login_Button' is clickable

2020-04-16 12:58:42 - [MESSAGE][PASSED] - Object 'Object Repository/WebOffice/Page_Checkatrade - Administration - Login/Login_Button' is clickable

2020-04-16 12:58:42 - [TEST_STEP][PASSED] - verifyTextPresent("Checkatrade Web Office", false): Text 'Checkatrade Web Office' is present on page 

2020-04-16 12:58:42 - [MESSAGE][PASSED] - Text 'Checkatrade Web Office' is present on page 

2020-04-16 12:58:42 - [TEST_STEP][PASSED] - verifyTextPresent("Access for staff use only", false): Text 'Access for staff use only' is present on page 

2020-04-16 12:58:43 - [MESSAGE][PASSED] - Text 'Access for staff use only' is present on page 

2020-04-16 12:58:43 - [TEST_STEP][PASSED] - verifyTextPresent("Forgotten password?", false): Text 'Forgotten password?' is present on page 

2020-04-16 12:58:43 - [MESSAGE][PASSED] - Text 'Forgotten password?' is present on page 

2020-04-16 12:58:43 - [TEST_STEP][PASSED] - setText(findTestObject("Object Repository/WebOffice/Page_Checkatrade - Administration - Login/input_Username_LoginControlUserName"), wo_Username): Text 'DavidHo' is set on object 'Object Repository/WebOffice/Page_Checkatrade - Administration - Login/input_Username_LoginControlUserName'

2020-04-16 12:58:43 - [MESSAGE][PASSED] - Text 'DavidHo' is set on object 'Object Repository/WebOffice/Page_Checkatrade - Administration - Login/input_Username_LoginControlUserName'

2020-04-16 12:58:43 - [TEST_STEP][PASSED] - setText(findTestObject("Object Repository/WebOffice/Page_Checkatrade - Administration - Login/input_Password_LoginControlPassword"), wo_Password): Text 'Check123' is set on object 'Object Repository/WebOffice/Page_Checkatrade - Administration - Login/input_Password_LoginControlPassword'

2020-04-16 12:58:43 - [MESSAGE][PASSED] - Text 'Check123' is set on object 'Object Repository/WebOffice/Page_Checkatrade - Administration - Login/input_Password_LoginControlPassword'

2020-04-16 12:58:43 - [TEST_STEP][PASSED] - click(findTestObject("Object Repository/WebOffice/Page_Checkatrade - Administration - Login/Login_Button")): Object: 'Object Repository/WebOffice/Page_Checkatrade - Administration - Login/Login_Button' is clicked on

2020-04-16 12:58:44 - [MESSAGE][PASSED] - Object: 'Object Repository/WebOffice/Page_Checkatrade - Administration - Login/Login_Button' is clicked on

2020-04-16 12:58:44 - [TEST_STEP][PASSED] - waitForPageLoad(60): Wait for page load successfully

2020-04-16 12:58:44 - [MESSAGE][PASSED] - Wait for page load successfully

2020-04-16 12:58:44 - [TEST_STEP][PASSED] - verifyTextPresent("Welcome " + wo_Username, false): Text 'Welcome DavidHo' is present on page 

2020-04-16 12:58:44 - [MESSAGE][PASSED] - Text 'Welcome DavidHo' is present on page 

2020-04-16 12:58:44 - [MESSAGE][PASSED] - Call Test Case 'Test Cases/Reusable_Test_Sequences/Web_Office/Directives/WebOffice_StartUp' successfully

2020-04-16 12:58:44 - [TEST_STEP][PASSED] - "-----------------------------------------------------------------": null

2020-04-16 12:58:44 - [TEST_STEP][PASSED] - " Navigate to <Settings->Checkatrade.Com->Sub Item> Menu Item     |": null

2020-04-16 12:58:44 - [TEST_STEP][PASSED] - callTestCase(findTestCase("Reusable_Test_Sequences/Web_Office/Navigation/Sub_Menu_Navigation/Reports/Web_Activity"), [:], STOP_ON_FAILURE): Call Test Case 'Test Cases/Reusable_Test_Sequences/Web_Office/Navigation/Sub_Menu_Navigation/Reports/Web_Activity' successfully

2020-04-16 12:58:44 - [TEST_CASE][PASSED] - Test Cases/Reusable_Test_Sequences/Web_Office/Navigation/Sub_Menu_Navigation/Reports/Web_Activity: Test Cases/Reusable_Test_Sequences/Web_Office/Navigation/Sub_Menu_Navigation/Reports/Web_Activity

2020-04-16 12:58:44 - [TEST_STEP][PASSED] - "--------------------------------------": null

2020-04-16 12:58:44 - [TEST_STEP][PASSED] - " Navigate Top level menu Item         |": null

2020-04-16 12:58:44 - [TEST_STEP][PASSED] - waitForPageLoad(60): Wait for page load successfully

2020-04-16 12:58:44 - [MESSAGE][PASSED] - Wait for page load successfully

2020-04-16 12:58:44 - [TEST_STEP][PASSED] - waitForElementClickable(findTestObject("Object Repository/WebOffice_Home_page/a_Reports"), 60): Object 'Object Repository/WebOffice_Home_page/a_Reports' is clickable

2020-04-16 12:58:44 - [MESSAGE][PASSED] - Object 'Object Repository/WebOffice_Home_page/a_Reports' is clickable

2020-04-16 12:58:44 - [TEST_STEP][PASSED] - mouseOver(findTestObject("Object Repository/WebOffice_Home_page/a_Reports")): Object: 'Object Repository/WebOffice_Home_page/a_Reports' is hovered

2020-04-16 12:58:45 - [MESSAGE][PASSED] - Object: 'Object Repository/WebOffice_Home_page/a_Reports' is hovered

2020-04-16 12:58:45 - [TEST_STEP][PASSED] - waitForElementClickable(findTestObject("Object Repository/WebOffice_Home_page/a_Web Activity"), 1): Object 'Object Repository/WebOffice_Home_page/a_Web Activity' is clickable

2020-04-16 12:58:45 - [MESSAGE][PASSED] - Object 'Object Repository/WebOffice_Home_page/a_Web Activity' is clickable

2020-04-16 12:58:45 - [TEST_STEP][PASSED] - click(findTestObject("Object Repository/WebOffice_Home_page/a_Web Activity")): Object: 'Object Repository/WebOffice_Home_page/a_Web Activity' is clicked on

2020-04-16 12:59:09 - [MESSAGE][PASSED] - Object: 'Object Repository/WebOffice_Home_page/a_Web Activity' is clicked on

2020-04-16 12:59:09 - [MESSAGE][PASSED] - Call Test Case 'Test Cases/Reusable_Test_Sequences/Web_Office/Navigation/Sub_Menu_Navigation/Reports/Web_Activity' successfully

2020-04-16 12:59:09 - [TEST_STEP][PASSED] - "--------------------------------------": null

2020-04-16 12:59:09 - [TEST_STEP][PASSED] - " Verify Returned Page Detail          |": null

2020-04-16 12:59:09 - [TEST_STEP][PASSED] - callTestCase(findTestCase("Reusable_Test_Sequences/Web_Office/Verification/Reports/Web_Activity"), [:], OPTIONAL): Call Test Case 'Test Cases/Reusable_Test_Sequences/Web_Office/Verification/Reports/Web_Activity' successfully

2020-04-16 12:59:10 - [TEST_CASE][PASSED] - Test Cases/Reusable_Test_Sequences/Web_Office/Verification/Reports/Web_Activity: Test Cases/Reusable_Test_Sequences/Web_Office/Verification/Reports/Web_Activity

2020-04-16 12:59:10 - [TEST_STEP][PASSED] - waitForPageLoad(60): Wait for page load successfully

2020-04-16 12:59:10 - [MESSAGE][PASSED] - Wait for page load successfully

2020-04-16 12:59:10 - [TEST_STEP][PASSED] - delay(1): Delayed 1 second(s)

2020-04-16 12:59:11 - [MESSAGE][PASSED] - Delayed 1 second(s)

2020-04-16 12:59:11 - [TEST_STEP][PASSED] - verifyTextPresent("Web Activity", false): Text 'Web Activity' is present on page 

2020-04-16 12:59:11 - [MESSAGE][PASSED] - Text 'Web Activity' is present on page 

2020-04-16 12:59:11 - [TEST_STEP][PASSED] - "----------------------------------------------": null

2020-04-16 12:59:11 - [TEST_STEP][PASSED] - verifyTextPresent("Recent Searches", false): Text 'Recent Searches' is present on page 

2020-04-16 12:59:11 - [MESSAGE][PASSED] - Text 'Recent Searches' is present on page 

2020-04-16 12:59:11 - [TEST_STEP][PASSED] - verifyTextPresent("Most Viewed Companies (in past 7 days)", false): Text 'Most Viewed Companies (in past 7 days)' is present on page 

2020-04-16 12:59:11 - [MESSAGE][PASSED] - Text 'Most Viewed Companies (in past 7 days)' is present on page 

2020-04-16 12:59:11 - [TEST_STEP][PASSED] - "----------------------------------------------": null

2020-04-16 12:59:11 - [TEST_STEP][PASSED] - "----------------------------------------------": null

2020-04-16 12:59:11 - [TEST_STEP][PASSED] - verifyTextPresent("Search on", false): Text 'Search on' is present on page 

2020-04-16 12:59:12 - [MESSAGE][PASSED] - Text 'Search on' is present on page 

2020-04-16 12:59:12 - [TEST_STEP][PASSED] - verifyTextPresent("Search for", false): Text 'Search for' is present on page 

2020-04-16 12:59:12 - [MESSAGE][PASSED] - Text 'Search for' is present on page 

2020-04-16 12:59:12 - [TEST_STEP][PASSED] - verifyTextPresent("In", false): Text 'In' is present on page 

2020-04-16 12:59:12 - [MESSAGE][PASSED] - Text 'In' is present on page 

2020-04-16 12:59:12 - [TEST_STEP][PASSED] - verifyTextPresent("No. Results", false): Text 'No. Results' is present on page 

2020-04-16 12:59:12 - [MESSAGE][PASSED] - Text 'No. Results' is present on page 

2020-04-16 12:59:12 - [TEST_STEP][PASSED] - verifyTextPresent("Company", false): Text 'Company' is present on page 

2020-04-16 12:59:12 - [MESSAGE][PASSED] - Text 'Company' is present on page 

2020-04-16 12:59:12 - [TEST_STEP][PASSED] - verifyTextPresent("From Search", false): Text 'From Search' is present on page 

2020-04-16 12:59:12 - [MESSAGE][PASSED] - Text 'From Search' is present on page 

2020-04-16 12:59:12 - [TEST_STEP][PASSED] - verifyTextPresent("Checkatrade", false): Text 'Checkatrade' is present on page 

2020-04-16 12:59:12 - [MESSAGE][PASSED] - Text 'Checkatrade' is present on page 

2020-04-16 12:59:12 - [TEST_STEP][PASSED] - verifyTextPresent("External Link", false): Text 'External Link' is present on page 

2020-04-16 12:59:12 - [MESSAGE][PASSED] - Text 'External Link' is present on page 

2020-04-16 12:59:12 - [TEST_STEP][PASSED] - verifyTextPresent("Other", false): Text 'Other' is present on page 

2020-04-16 12:59:13 - [MESSAGE][PASSED] - Text 'Other' is present on page 

2020-04-16 12:59:13 - [TEST_STEP][PASSED] - verifyTextPresent("Total", false): Text 'Total' is present on page 

2020-04-16 12:59:13 - [MESSAGE][PASSED] - Text 'Total' is present on page 

2020-04-16 12:59:13 - [TEST_STEP][PASSED] - "----------------------------------------------": null

2020-04-16 12:59:13 - [TEST_STEP][PASSED] - verifyTextPresent("Foster Tree Care", false): Text 'Foster Tree Care' is present on page 

2020-04-16 12:59:13 - [MESSAGE][PASSED] - Text 'Foster Tree Care' is present on page 

2020-04-16 12:59:13 - [TEST_STEP][PASSED] - verifyTextPresent("Burton Electrical Services", false): Text 'Burton Electrical Services' is present on page 

2020-04-16 12:59:13 - [MESSAGE][PASSED] - Text 'Burton Electrical Services' is present on page 

2020-04-16 12:59:13 - [MESSAGE][PASSED] - Call Test Case 'Test Cases/Reusable_Test_Sequences/Web_Office/Verification/Reports/Web_Activity' successfully

2020-04-16 12:59:13 - [TEST_STEP][PASSED] - "--------------------------": null

2020-04-16 12:59:13 - [TEST_STEP][PASSED] - " Teardown - CLose Browser |": null

2020-04-16 12:59:13 - [TEST_STEP][PASSED] - callTestCase(findTestCase("Reusable_Test_Sequences/CAT_Teardown"), [:], OPTIONAL): Call Test Case 'Test Cases/Reusable_Test_Sequences/CAT_Teardown' successfully

2020-04-16 12:59:13 - [TEST_CASE][PASSED] - Test Cases/Reusable_Test_Sequences/CAT_Teardown: Test Cases/Reusable_Test_Sequences/CAT_Teardown

2020-04-16 12:59:13 - [TEST_STEP][PASSED] - closeBrowser(): Browser is closed

2020-04-16 12:59:14 - [MESSAGE][PASSED] - Browser is closed

2020-04-16 12:59:14 - [TEST_STEP][PASSED] - super.finalize(): null

2020-04-16 12:59:14 - [TEST_STEP][PASSED] - System.gc(): null

2020-04-16 12:59:14 - [MESSAGE][PASSED] - Call Test Case 'Test Cases/Reusable_Test_Sequences/CAT_Teardown' successfully]]></system-out>
         <system-err><![CDATA[]]></system-err>
      </testcase>
      <testcase name="Test Cases/Web_Office/Reports/Company_Views" time="13.599" classname="Test Cases/Web_Office/Reports/Company_Views" status="PASSED">
         <system-out><![CDATA[2020-04-16 12:59:14 - [TEST_CASE][PASSED] - Test Cases/Web_Office/Reports/Company_Views: Test Cases/Web_Office/Reports/Company_Views

2020-04-16 12:59:14 - [TEST_STEP][PASSED] - "--------------------------------------": null

2020-04-16 12:59:14 - [TEST_STEP][PASSED] - " Web Office StartUp                  |": null

2020-04-16 12:59:14 - [TEST_STEP][PASSED] - callTestCase(findTestCase("Reusable_Test_Sequences/Web_Office/Directives/WebOffice_StartUp"), [:], STOP_ON_FAILURE): Call Test Case 'Test Cases/Reusable_Test_Sequences/Web_Office/Directives/WebOffice_StartUp' successfully

2020-04-16 12:59:14 - [TEST_CASE][PASSED] - Test Cases/Reusable_Test_Sequences/Web_Office/Directives/WebOffice_StartUp: Test Cases/Reusable_Test_Sequences/Web_Office/Directives/WebOffice_StartUp

2020-04-16 12:59:14 - [TEST_STEP][PASSED] - "-----------------------------------------------------------------------------": null

2020-04-16 12:59:14 - [TEST_STEP][PASSED] - if (URL == "https://www.dev.checkatrade.com/"): null

2020-04-16 12:59:14 - [TEST_STEP][PASSED] - "-----------------------------------------------------------------------------": null

2020-04-16 12:59:14 - [TEST_STEP][PASSED] - if (URL == "https://www.checkatrade.com/"): null

2020-04-16 12:59:14 - [TEST_STEP][PASSED] - "-----------------------------------------------------------------------------": null

2020-04-16 12:59:14 - [TEST_STEP][PASSED] - if (URL == "https://www.preview.checkatrade.com/"): null

2020-04-16 12:59:14 - [TEST_STEP][PASSED] - WebOfficeURL = "https://admin.preview.checkatrade.com/": null

2020-04-16 12:59:14 - [TEST_STEP][PASSED] - if (URL == "https://www.dev2.checkatrade.com/"): null

2020-04-16 12:59:14 - [TEST_STEP][PASSED] - "Set Function Area for "URL_Handler", URL Resolution": null

2020-04-16 12:59:14 - [TEST_STEP][PASSED] - "Do Some Magic with URL(s) See the comments within URL Handler ": null

2020-04-16 12:59:14 - [TEST_STEP][PASSED] - "------------------------------------------------": null

2020-04-16 12:59:14 - [TEST_STEP][PASSED] - "Moved Login Credentials to <Default> profile 22/01/2020": null

2020-04-16 12:59:14 - [TEST_STEP][PASSED] - "------------------------------------------------": null

2020-04-16 12:59:14 - [TEST_STEP][PASSED] - "WebOfficeURL - Set from the ENVIRONMENT PROFILE ": null

2020-04-16 12:59:14 - [TEST_STEP][PASSED] - "OPEN BROWSER": null

2020-04-16 12:59:14 - [TEST_STEP][PASSED] - "eg - https://admin.preview.checkatrade.com/  ": null

2020-04-16 12:59:14 - [TEST_STEP][PASSED] - openBrowser(WebOfficeURL): Browser is opened with url: 'https://admin.preview.checkatrade.com/'

2020-04-16 12:59:14 - [MESSAGE][INFO] - Starting 'Chrome' driver

2020-04-16 12:59:14 - [MESSAGE][INFO] - Action delay is set to 0 milliseconds

2020-04-16 12:59:19 - [MESSAGE][PASSED] - Browser is opened with url: 'https://admin.preview.checkatrade.com/'

2020-04-16 12:59:19 - [TEST_STEP][PASSED] - maximizeWindow(): Current window maximized

2020-04-16 12:59:21 - [MESSAGE][PASSED] - Current window maximized

2020-04-16 12:59:21 - [TEST_STEP][PASSED] - waitForElementClickable(findTestObject("Object Repository/WebOffice/Page_Checkatrade - Administration - Login/Login_Button"), 25): Object 'Object Repository/WebOffice/Page_Checkatrade - Administration - Login/Login_Button' is clickable

2020-04-16 12:59:21 - [MESSAGE][PASSED] - Object 'Object Repository/WebOffice/Page_Checkatrade - Administration - Login/Login_Button' is clickable

2020-04-16 12:59:21 - [TEST_STEP][PASSED] - verifyTextPresent("Checkatrade Web Office", false): Text 'Checkatrade Web Office' is present on page 

2020-04-16 12:59:21 - [MESSAGE][PASSED] - Text 'Checkatrade Web Office' is present on page 

2020-04-16 12:59:21 - [TEST_STEP][PASSED] - verifyTextPresent("Access for staff use only", false): Text 'Access for staff use only' is present on page 

2020-04-16 12:59:21 - [MESSAGE][PASSED] - Text 'Access for staff use only' is present on page 

2020-04-16 12:59:21 - [TEST_STEP][PASSED] - verifyTextPresent("Forgotten password?", false): Text 'Forgotten password?' is present on page 

2020-04-16 12:59:21 - [MESSAGE][PASSED] - Text 'Forgotten password?' is present on page 

2020-04-16 12:59:21 - [TEST_STEP][PASSED] - setText(findTestObject("Object Repository/WebOffice/Page_Checkatrade - Administration - Login/input_Username_LoginControlUserName"), wo_Username): Text 'DavidHo' is set on object 'Object Repository/WebOffice/Page_Checkatrade - Administration - Login/input_Username_LoginControlUserName'

2020-04-16 12:59:21 - [MESSAGE][PASSED] - Text 'DavidHo' is set on object 'Object Repository/WebOffice/Page_Checkatrade - Administration - Login/input_Username_LoginControlUserName'

2020-04-16 12:59:21 - [TEST_STEP][PASSED] - setText(findTestObject("Object Repository/WebOffice/Page_Checkatrade - Administration - Login/input_Password_LoginControlPassword"), wo_Password): Text 'Check123' is set on object 'Object Repository/WebOffice/Page_Checkatrade - Administration - Login/input_Password_LoginControlPassword'

2020-04-16 12:59:22 - [MESSAGE][PASSED] - Text 'Check123' is set on object 'Object Repository/WebOffice/Page_Checkatrade - Administration - Login/input_Password_LoginControlPassword'

2020-04-16 12:59:22 - [TEST_STEP][PASSED] - click(findTestObject("Object Repository/WebOffice/Page_Checkatrade - Administration - Login/Login_Button")): Object: 'Object Repository/WebOffice/Page_Checkatrade - Administration - Login/Login_Button' is clicked on

2020-04-16 12:59:22 - [MESSAGE][PASSED] - Object: 'Object Repository/WebOffice/Page_Checkatrade - Administration - Login/Login_Button' is clicked on

2020-04-16 12:59:22 - [TEST_STEP][PASSED] - waitForPageLoad(60): Wait for page load successfully

2020-04-16 12:59:22 - [MESSAGE][PASSED] - Wait for page load successfully

2020-04-16 12:59:22 - [TEST_STEP][PASSED] - verifyTextPresent("Welcome " + wo_Username, false): Text 'Welcome DavidHo' is present on page 

2020-04-16 12:59:22 - [MESSAGE][PASSED] - Text 'Welcome DavidHo' is present on page 

2020-04-16 12:59:22 - [MESSAGE][PASSED] - Call Test Case 'Test Cases/Reusable_Test_Sequences/Web_Office/Directives/WebOffice_StartUp' successfully

2020-04-16 12:59:22 - [TEST_STEP][PASSED] - "-----------------------------------------------------------------": null

2020-04-16 12:59:22 - [TEST_STEP][PASSED] - " Navigate to <Settings->Checkatrade.Com->Sub Item> Menu Item     |": null

2020-04-16 12:59:22 - [TEST_STEP][PASSED] - callTestCase(findTestCase("Reusable_Test_Sequences/Web_Office/Navigation/Sub_Menu_Navigation/Reports/Company_Views"), [:], STOP_ON_FAILURE): Call Test Case 'Test Cases/Reusable_Test_Sequences/Web_Office/Navigation/Sub_Menu_Navigation/Reports/Company_Views' successfully

2020-04-16 12:59:22 - [TEST_CASE][PASSED] - Test Cases/Reusable_Test_Sequences/Web_Office/Navigation/Sub_Menu_Navigation/Reports/Company_Views: Test Cases/Reusable_Test_Sequences/Web_Office/Navigation/Sub_Menu_Navigation/Reports/Company_Views

2020-04-16 12:59:23 - [TEST_STEP][PASSED] - "--------------------------------------": null

2020-04-16 12:59:23 - [TEST_STEP][PASSED] - " Navigate Top level menu Item         |": null

2020-04-16 12:59:23 - [TEST_STEP][PASSED] - waitForPageLoad(60): Wait for page load successfully

2020-04-16 12:59:23 - [MESSAGE][PASSED] - Wait for page load successfully

2020-04-16 12:59:23 - [TEST_STEP][PASSED] - waitForElementClickable(findTestObject("Object Repository/WebOffice_Home_page/a_Reports"), 60): Object 'Object Repository/WebOffice_Home_page/a_Reports' is clickable

2020-04-16 12:59:23 - [MESSAGE][PASSED] - Object 'Object Repository/WebOffice_Home_page/a_Reports' is clickable

2020-04-16 12:59:23 - [TEST_STEP][PASSED] - mouseOver(findTestObject("Object Repository/WebOffice_Home_page/a_Reports")): Object: 'Object Repository/WebOffice_Home_page/a_Reports' is hovered

2020-04-16 12:59:23 - [MESSAGE][PASSED] - Object: 'Object Repository/WebOffice_Home_page/a_Reports' is hovered

2020-04-16 12:59:23 - [TEST_STEP][PASSED] - mouseOver(findTestObject("Object Repository/WebOffice_Home_page/Page_/a_Consumers")): Object: 'Object Repository/WebOffice_Home_page/Page_/a_Consumers' is hovered

2020-04-16 12:59:23 - [MESSAGE][PASSED] - Object: 'Object Repository/WebOffice_Home_page/Page_/a_Consumers' is hovered

2020-04-16 12:59:23 - [TEST_STEP][PASSED] - waitForElementClickable(findTestObject("Object Repository/WebOffice_Home_page/a_Company Views"), 1): Object 'Object Repository/WebOffice_Home_page/a_Company Views' is clickable

2020-04-16 12:59:23 - [MESSAGE][PASSED] - Object 'Object Repository/WebOffice_Home_page/a_Company Views' is clickable

2020-04-16 12:59:23 - [TEST_STEP][PASSED] - click(findTestObject("Object Repository/WebOffice_Home_page/a_Company Views")): Object: 'Object Repository/WebOffice_Home_page/a_Company Views' is clicked on

2020-04-16 12:59:24 - [MESSAGE][PASSED] - Object: 'Object Repository/WebOffice_Home_page/a_Company Views' is clicked on

2020-04-16 12:59:24 - [MESSAGE][PASSED] - Call Test Case 'Test Cases/Reusable_Test_Sequences/Web_Office/Navigation/Sub_Menu_Navigation/Reports/Company_Views' successfully

2020-04-16 12:59:24 - [TEST_STEP][PASSED] - "--------------------------------------": null

2020-04-16 12:59:24 - [TEST_STEP][PASSED] - " Verify Returned Page Detail          |": null

2020-04-16 12:59:24 - [TEST_STEP][PASSED] - callTestCase(findTestCase("Reusable_Test_Sequences/Web_Office/Verification/Reports/Company_Views"), [:], OPTIONAL): Call Test Case 'Test Cases/Reusable_Test_Sequences/Web_Office/Verification/Reports/Company_Views' successfully

2020-04-16 12:59:24 - [TEST_CASE][PASSED] - Test Cases/Reusable_Test_Sequences/Web_Office/Verification/Reports/Company_Views: Test Cases/Reusable_Test_Sequences/Web_Office/Verification/Reports/Company_Views

2020-04-16 12:59:24 - [TEST_STEP][PASSED] - waitForPageLoad(60): Wait for page load successfully

2020-04-16 12:59:24 - [MESSAGE][PASSED] - Wait for page load successfully

2020-04-16 12:59:24 - [TEST_STEP][PASSED] - delay(1): Delayed 1 second(s)

2020-04-16 12:59:25 - [MESSAGE][PASSED] - Delayed 1 second(s)

2020-04-16 12:59:25 - [TEST_STEP][PASSED] - verifyTextPresent("Company Viewing History", false): Text 'Company Viewing History' is present on page 

2020-04-16 12:59:25 - [MESSAGE][PASSED] - Text 'Company Viewing History' is present on page 

2020-04-16 12:59:25 - [TEST_STEP][PASSED] - "----------------------------------------------": null

2020-04-16 12:59:25 - [TEST_STEP][PASSED] - verifyTextPresent("From", false): Text 'From' is present on page 

2020-04-16 12:59:25 - [MESSAGE][PASSED] - Text 'From' is present on page 

2020-04-16 12:59:25 - [TEST_STEP][PASSED] - verifyTextPresent("Select Company", false): Text 'Select Company' is present on page 

2020-04-16 12:59:26 - [MESSAGE][PASSED] - Text 'Select Company' is present on page 

2020-04-16 12:59:26 - [TEST_STEP][PASSED] - "----------------------------------------------": null

2020-04-16 12:59:26 - [TEST_STEP][PASSED] - "----------------------------------------------": null

2020-04-16 12:59:26 - [TEST_STEP][PASSED] - verifyTextPresent("Company", false): Text 'Company' is present on page 

2020-04-16 12:59:26 - [MESSAGE][PASSED] - Text 'Company' is present on page 

2020-04-16 12:59:26 - [TEST_STEP][PASSED] - verifyTextPresent("From Search", false): Text 'From Search' is present on page 

2020-04-16 12:59:26 - [MESSAGE][PASSED] - Text 'From Search' is present on page 

2020-04-16 12:59:26 - [TEST_STEP][PASSED] - verifyTextPresent("Checkatrade", false): Text 'Checkatrade' is present on page 

2020-04-16 12:59:26 - [MESSAGE][PASSED] - Text 'Checkatrade' is present on page 

2020-04-16 12:59:26 - [TEST_STEP][PASSED] - verifyTextPresent("External Link", false): Text 'External Link' is present on page 

2020-04-16 12:59:26 - [MESSAGE][PASSED] - Text 'External Link' is present on page 

2020-04-16 12:59:26 - [TEST_STEP][PASSED] - verifyTextPresent("Other", false): Text 'Other' is present on page 

2020-04-16 12:59:26 - [MESSAGE][PASSED] - Text 'Other' is present on page 

2020-04-16 12:59:26 - [TEST_STEP][PASSED] - verifyTextPresent("Total", false): Text 'Total' is present on page 

2020-04-16 12:59:27 - [MESSAGE][PASSED] - Text 'Total' is present on page 

2020-04-16 12:59:27 - [TEST_STEP][PASSED] - "----------------------------------------------": null

2020-04-16 12:59:27 - [TEST_STEP][PASSED] - verifyTextPresent("Foster Tree Care", false): Text 'Foster Tree Care' is present on page 

2020-04-16 12:59:27 - [MESSAGE][PASSED] - Text 'Foster Tree Care' is present on page 

2020-04-16 12:59:27 - [MESSAGE][PASSED] - Call Test Case 'Test Cases/Reusable_Test_Sequences/Web_Office/Verification/Reports/Company_Views' successfully

2020-04-16 12:59:27 - [TEST_STEP][PASSED] - "--------------------------": null

2020-04-16 12:59:27 - [TEST_STEP][PASSED] - " Teardown - CLose Browser |": null

2020-04-16 12:59:27 - [TEST_STEP][PASSED] - callTestCase(findTestCase("Reusable_Test_Sequences/CAT_Teardown"), [:], OPTIONAL): Call Test Case 'Test Cases/Reusable_Test_Sequences/CAT_Teardown' successfully

2020-04-16 12:59:27 - [TEST_CASE][PASSED] - Test Cases/Reusable_Test_Sequences/CAT_Teardown: Test Cases/Reusable_Test_Sequences/CAT_Teardown

2020-04-16 12:59:27 - [TEST_STEP][PASSED] - closeBrowser(): Browser is closed

2020-04-16 12:59:27 - [MESSAGE][PASSED] - Browser is closed

2020-04-16 12:59:27 - [TEST_STEP][PASSED] - super.finalize(): null

2020-04-16 12:59:27 - [TEST_STEP][PASSED] - System.gc(): null

2020-04-16 12:59:28 - [MESSAGE][PASSED] - Call Test Case 'Test Cases/Reusable_Test_Sequences/CAT_Teardown' successfully]]></system-out>
         <system-err><![CDATA[]]></system-err>
      </testcase>
      <testcase name="Test Cases/Web_Office/Reports/Company_Website_Status_Changes" time="16.993" classname="Test Cases/Web_Office/Reports/Company_Website_Status_Changes" status="PASSED">
         <system-out><![CDATA[2020-04-16 12:59:28 - [TEST_CASE][PASSED] - Test Cases/Web_Office/Reports/Company_Website_Status_Changes: Test Cases/Web_Office/Reports/Company_Website_Status_Changes

2020-04-16 12:59:28 - [TEST_STEP][PASSED] - "--------------------------------------": null

2020-04-16 12:59:28 - [TEST_STEP][PASSED] - " Web Office StartUp                  |": null

2020-04-16 12:59:28 - [TEST_STEP][PASSED] - callTestCase(findTestCase("Reusable_Test_Sequences/Web_Office/Directives/WebOffice_StartUp"), [:], STOP_ON_FAILURE): Call Test Case 'Test Cases/Reusable_Test_Sequences/Web_Office/Directives/WebOffice_StartUp' successfully

2020-04-16 12:59:28 - [TEST_CASE][PASSED] - Test Cases/Reusable_Test_Sequences/Web_Office/Directives/WebOffice_StartUp: Test Cases/Reusable_Test_Sequences/Web_Office/Directives/WebOffice_StartUp

2020-04-16 12:59:28 - [TEST_STEP][PASSED] - "-----------------------------------------------------------------------------": null

2020-04-16 12:59:28 - [TEST_STEP][PASSED] - if (URL == "https://www.dev.checkatrade.com/"): null

2020-04-16 12:59:28 - [TEST_STEP][PASSED] - "-----------------------------------------------------------------------------": null

2020-04-16 12:59:28 - [TEST_STEP][PASSED] - if (URL == "https://www.checkatrade.com/"): null

2020-04-16 12:59:28 - [TEST_STEP][PASSED] - "-----------------------------------------------------------------------------": null

2020-04-16 12:59:28 - [TEST_STEP][PASSED] - if (URL == "https://www.preview.checkatrade.com/"): null

2020-04-16 12:59:28 - [TEST_STEP][PASSED] - WebOfficeURL = "https://admin.preview.checkatrade.com/": null

2020-04-16 12:59:28 - [TEST_STEP][PASSED] - if (URL == "https://www.dev2.checkatrade.com/"): null

2020-04-16 12:59:28 - [TEST_STEP][PASSED] - "Set Function Area for "URL_Handler", URL Resolution": null

2020-04-16 12:59:28 - [TEST_STEP][PASSED] - "Do Some Magic with URL(s) See the comments within URL Handler ": null

2020-04-16 12:59:28 - [TEST_STEP][PASSED] - "------------------------------------------------": null

2020-04-16 12:59:28 - [TEST_STEP][PASSED] - "Moved Login Credentials to <Default> profile 22/01/2020": null

2020-04-16 12:59:28 - [TEST_STEP][PASSED] - "------------------------------------------------": null

2020-04-16 12:59:28 - [TEST_STEP][PASSED] - "WebOfficeURL - Set from the ENVIRONMENT PROFILE ": null

2020-04-16 12:59:28 - [TEST_STEP][PASSED] - "OPEN BROWSER": null

2020-04-16 12:59:28 - [TEST_STEP][PASSED] - "eg - https://admin.preview.checkatrade.com/  ": null

2020-04-16 12:59:28 - [TEST_STEP][PASSED] - openBrowser(WebOfficeURL): Browser is opened with url: 'https://admin.preview.checkatrade.com/'

2020-04-16 12:59:28 - [MESSAGE][INFO] - Starting 'Chrome' driver

2020-04-16 12:59:28 - [MESSAGE][INFO] - Action delay is set to 0 milliseconds

2020-04-16 12:59:33 - [MESSAGE][PASSED] - Browser is opened with url: 'https://admin.preview.checkatrade.com/'

2020-04-16 12:59:33 - [TEST_STEP][PASSED] - maximizeWindow(): Current window maximized

2020-04-16 12:59:35 - [MESSAGE][PASSED] - Current window maximized

2020-04-16 12:59:35 - [TEST_STEP][PASSED] - waitForElementClickable(findTestObject("Object Repository/WebOffice/Page_Checkatrade - Administration - Login/Login_Button"), 25): Object 'Object Repository/WebOffice/Page_Checkatrade - Administration - Login/Login_Button' is clickable

2020-04-16 12:59:35 - [MESSAGE][PASSED] - Object 'Object Repository/WebOffice/Page_Checkatrade - Administration - Login/Login_Button' is clickable

2020-04-16 12:59:35 - [TEST_STEP][PASSED] - verifyTextPresent("Checkatrade Web Office", false): Text 'Checkatrade Web Office' is present on page 

2020-04-16 12:59:35 - [MESSAGE][PASSED] - Text 'Checkatrade Web Office' is present on page 

2020-04-16 12:59:35 - [TEST_STEP][PASSED] - verifyTextPresent("Access for staff use only", false): Text 'Access for staff use only' is present on page 

2020-04-16 12:59:35 - [MESSAGE][PASSED] - Text 'Access for staff use only' is present on page 

2020-04-16 12:59:35 - [TEST_STEP][PASSED] - verifyTextPresent("Forgotten password?", false): Text 'Forgotten password?' is present on page 

2020-04-16 12:59:35 - [MESSAGE][PASSED] - Text 'Forgotten password?' is present on page 

2020-04-16 12:59:35 - [TEST_STEP][PASSED] - setText(findTestObject("Object Repository/WebOffice/Page_Checkatrade - Administration - Login/input_Username_LoginControlUserName"), wo_Username): Text 'DavidHo' is set on object 'Object Repository/WebOffice/Page_Checkatrade - Administration - Login/input_Username_LoginControlUserName'

2020-04-16 12:59:36 - [MESSAGE][PASSED] - Text 'DavidHo' is set on object 'Object Repository/WebOffice/Page_Checkatrade - Administration - Login/input_Username_LoginControlUserName'

2020-04-16 12:59:36 - [TEST_STEP][PASSED] - setText(findTestObject("Object Repository/WebOffice/Page_Checkatrade - Administration - Login/input_Password_LoginControlPassword"), wo_Password): Text 'Check123' is set on object 'Object Repository/WebOffice/Page_Checkatrade - Administration - Login/input_Password_LoginControlPassword'

2020-04-16 12:59:36 - [MESSAGE][PASSED] - Text 'Check123' is set on object 'Object Repository/WebOffice/Page_Checkatrade - Administration - Login/input_Password_LoginControlPassword'

2020-04-16 12:59:36 - [TEST_STEP][PASSED] - click(findTestObject("Object Repository/WebOffice/Page_Checkatrade - Administration - Login/Login_Button")): Object: 'Object Repository/WebOffice/Page_Checkatrade - Administration - Login/Login_Button' is clicked on

2020-04-16 12:59:37 - [MESSAGE][PASSED] - Object: 'Object Repository/WebOffice/Page_Checkatrade - Administration - Login/Login_Button' is clicked on

2020-04-16 12:59:37 - [TEST_STEP][PASSED] - waitForPageLoad(60): Wait for page load successfully

2020-04-16 12:59:37 - [MESSAGE][PASSED] - Wait for page load successfully

2020-04-16 12:59:37 - [TEST_STEP][PASSED] - verifyTextPresent("Welcome " + wo_Username, false): Text 'Welcome DavidHo' is present on page 

2020-04-16 12:59:37 - [MESSAGE][PASSED] - Text 'Welcome DavidHo' is present on page 

2020-04-16 12:59:37 - [MESSAGE][PASSED] - Call Test Case 'Test Cases/Reusable_Test_Sequences/Web_Office/Directives/WebOffice_StartUp' successfully

2020-04-16 12:59:37 - [TEST_STEP][PASSED] - "-----------------------------------------------------------------": null

2020-04-16 12:59:37 - [TEST_STEP][PASSED] - " Navigate to <Settings->Checkatrade.Com->Sub Item> Menu Item     |": null

2020-04-16 12:59:37 - [TEST_STEP][PASSED] - callTestCase(findTestCase("Reusable_Test_Sequences/Web_Office/Navigation/Sub_Menu_Navigation/Reports/Company_Website_Status_Changes"), [:], STOP_ON_FAILURE): Call Test Case 'Test Cases/Reusable_Test_Sequences/Web_Office/Navigation/Sub_Menu_Navigation/Reports/Company_Website_Status_Changes' successfully

2020-04-16 12:59:37 - [TEST_CASE][PASSED] - Test Cases/Reusable_Test_Sequences/Web_Office/Navigation/Sub_Menu_Navigation/Reports/Company_Website_Status_Changes: Test Cases/Reusable_Test_Sequences/Web_Office/Navigation/Sub_Menu_Navigation/Reports/Company_Website_Status_Changes

2020-04-16 12:59:37 - [TEST_STEP][PASSED] - "--------------------------------------": null

2020-04-16 12:59:37 - [TEST_STEP][PASSED] - " Navigate Top level menu Item         |": null

2020-04-16 12:59:37 - [TEST_STEP][PASSED] - waitForPageLoad(60): Wait for page load successfully

2020-04-16 12:59:37 - [MESSAGE][PASSED] - Wait for page load successfully

2020-04-16 12:59:37 - [TEST_STEP][PASSED] - waitForElementClickable(findTestObject("Object Repository/WebOffice_Home_page/a_Reports"), 60): Object 'Object Repository/WebOffice_Home_page/a_Reports' is clickable

2020-04-16 12:59:37 - [MESSAGE][PASSED] - Object 'Object Repository/WebOffice_Home_page/a_Reports' is clickable

2020-04-16 12:59:37 - [TEST_STEP][PASSED] - mouseOver(findTestObject("Object Repository/WebOffice_Home_page/a_Reports")): Object: 'Object Repository/WebOffice_Home_page/a_Reports' is hovered

2020-04-16 12:59:37 - [MESSAGE][PASSED] - Object: 'Object Repository/WebOffice_Home_page/a_Reports' is hovered

2020-04-16 12:59:37 - [TEST_STEP][PASSED] - click(findTestObject("Object Repository/WebOffice_Home_page/Page_/a_Consumers")): Object: 'Object Repository/WebOffice_Home_page/Page_/a_Consumers' is clicked on

2020-04-16 12:59:38 - [MESSAGE][PASSED] - Object: 'Object Repository/WebOffice_Home_page/Page_/a_Consumers' is clicked on

2020-04-16 12:59:38 - [TEST_STEP][PASSED] - waitForElementClickable(findTestObject("Object Repository/WebOffice_Home_page/a_Company Website Status Changes"), 1): Object 'Object Repository/WebOffice_Home_page/a_Company Website Status Changes' is clickable

2020-04-16 12:59:38 - [MESSAGE][PASSED] - Object 'Object Repository/WebOffice_Home_page/a_Company Website Status Changes' is clickable

2020-04-16 12:59:38 - [TEST_STEP][PASSED] - click(findTestObject("Object Repository/WebOffice_Home_page/a_Company Website Status Changes")): Object: 'Object Repository/WebOffice_Home_page/a_Company Website Status Changes' is clicked on

2020-04-16 12:59:41 - [MESSAGE][PASSED] - Object: 'Object Repository/WebOffice_Home_page/a_Company Website Status Changes' is clicked on

2020-04-16 12:59:41 - [MESSAGE][PASSED] - Call Test Case 'Test Cases/Reusable_Test_Sequences/Web_Office/Navigation/Sub_Menu_Navigation/Reports/Company_Website_Status_Changes' successfully

2020-04-16 12:59:41 - [TEST_STEP][PASSED] - "--------------------------------------": null

2020-04-16 12:59:41 - [TEST_STEP][PASSED] - " Verify Returned Page Detail          |": null

2020-04-16 12:59:41 - [TEST_STEP][PASSED] - callTestCase(findTestCase("Reusable_Test_Sequences/Web_Office/Verification/Reports/Company_Website_Status_Changes"), [:], OPTIONAL): Call Test Case 'Test Cases/Reusable_Test_Sequences/Web_Office/Verification/Reports/Company_Website_Status_Changes' successfully

2020-04-16 12:59:41 - [TEST_CASE][PASSED] - Test Cases/Reusable_Test_Sequences/Web_Office/Verification/Reports/Company_Website_Status_Changes: Test Cases/Reusable_Test_Sequences/Web_Office/Verification/Reports/Company_Website_Status_Changes

2020-04-16 12:59:41 - [TEST_STEP][PASSED] - waitForPageLoad(60): Wait for page load successfully

2020-04-16 12:59:41 - [MESSAGE][PASSED] - Wait for page load successfully

2020-04-16 12:59:41 - [TEST_STEP][PASSED] - delay(1): Delayed 1 second(s)

2020-04-16 12:59:42 - [MESSAGE][PASSED] - Delayed 1 second(s)

2020-04-16 12:59:42 - [TEST_STEP][PASSED] - verifyTextPresent("Company Website Status Change Report", false): Text 'Company Website Status Change Report' is present on page 

2020-04-16 12:59:43 - [MESSAGE][PASSED] - Text 'Company Website Status Change Report' is present on page 

2020-04-16 12:59:43 - [TEST_STEP][PASSED] - "----------------------------------------------": null

2020-04-16 12:59:43 - [TEST_STEP][PASSED] - verifyTextPresent("All Available Dates:", false): Text 'All Available Dates:' is present on page 

2020-04-16 12:59:43 - [MESSAGE][PASSED] - Text 'All Available Dates:' is present on page 

2020-04-16 12:59:43 - [TEST_STEP][PASSED] - verifyTextPresent("Total no. companies", false): Text 'Total no. companies' is present on page 

2020-04-16 12:59:43 - [MESSAGE][PASSED] - Text 'Total no. companies' is present on page 

2020-04-16 12:59:43 - [TEST_STEP][PASSED] - "----------------------------------------------": null

2020-04-16 12:59:43 - [TEST_STEP][PASSED] - "----------------------------------------------": null

2020-04-16 12:59:43 - [TEST_STEP][PASSED] - verifyTextPresent("Company", false): Text 'Company' is present on page 

2020-04-16 12:59:43 - [MESSAGE][PASSED] - Text 'Company' is present on page 

2020-04-16 12:59:43 - [TEST_STEP][PASSED] - verifyTextPresent("Status", false): Text 'Status' is present on page 

2020-04-16 12:59:43 - [MESSAGE][PASSED] - Text 'Status' is present on page 

2020-04-16 12:59:43 - [TEST_STEP][PASSED] - verifyTextPresent("Description", false): Text 'Description' is present on page 

2020-04-16 12:59:43 - [MESSAGE][PASSED] - Text 'Description' is present on page 

2020-04-16 12:59:43 - [TEST_STEP][PASSED] - verifyTextPresent("Date Changed", false): Text 'Date Changed' is present on page 

2020-04-16 12:59:43 - [MESSAGE][PASSED] - Text 'Date Changed' is present on page 

2020-04-16 12:59:43 - [TEST_STEP][PASSED] - "----------------------------------------------": null

2020-04-16 12:59:43 - [TEST_STEP][PASSED] - "----------------------------------------------": null

2020-04-16 12:59:43 - [TEST_STEP][PASSED] - "----------------------------------------------": null

2020-04-16 12:59:43 - [TEST_STEP][PASSED] - verifyTextPresent("Added to Website", false): Text 'Added to Website' is present on page 

2020-04-16 12:59:44 - [MESSAGE][PASSED] - Text 'Added to Website' is present on page 

2020-04-16 12:59:44 - [TEST_STEP][PASSED] - verifyTextPresent("Removed from website", false): Text 'Removed from website' is present on page 

2020-04-16 12:59:44 - [MESSAGE][PASSED] - Text 'Removed from website' is present on page 

2020-04-16 12:59:44 - [MESSAGE][PASSED] - Call Test Case 'Test Cases/Reusable_Test_Sequences/Web_Office/Verification/Reports/Company_Website_Status_Changes' successfully

2020-04-16 12:59:44 - [TEST_STEP][PASSED] - "--------------------------": null

2020-04-16 12:59:44 - [TEST_STEP][PASSED] - " Teardown - CLose Browser |": null

2020-04-16 12:59:44 - [TEST_STEP][PASSED] - callTestCase(findTestCase("Reusable_Test_Sequences/CAT_Teardown"), [:], OPTIONAL): Call Test Case 'Test Cases/Reusable_Test_Sequences/CAT_Teardown' successfully

2020-04-16 12:59:44 - [TEST_CASE][PASSED] - Test Cases/Reusable_Test_Sequences/CAT_Teardown: Test Cases/Reusable_Test_Sequences/CAT_Teardown

2020-04-16 12:59:44 - [TEST_STEP][PASSED] - closeBrowser(): Browser is closed

2020-04-16 12:59:44 - [MESSAGE][PASSED] - Browser is closed

2020-04-16 12:59:44 - [TEST_STEP][PASSED] - super.finalize(): null

2020-04-16 12:59:44 - [TEST_STEP][PASSED] - System.gc(): null

2020-04-16 12:59:45 - [MESSAGE][PASSED] - Call Test Case 'Test Cases/Reusable_Test_Sequences/CAT_Teardown' successfully]]></system-out>
         <system-err><![CDATA[]]></system-err>
      </testcase>
      <testcase name="Test Cases/Web_Office/Reports/Directory_Preferences" time="258.69" classname="Test Cases/Web_Office/Reports/Directory_Preferences" status="PASSED">
         <system-out><![CDATA[2020-04-16 12:59:45 - [TEST_CASE][PASSED] - Test Cases/Web_Office/Reports/Directory_Preferences: Test Cases/Web_Office/Reports/Directory_Preferences

2020-04-16 12:59:45 - [TEST_STEP][PASSED] - "--------------------------------------": null

2020-04-16 12:59:45 - [TEST_STEP][PASSED] - " Web Office StartUp                  |": null

2020-04-16 12:59:45 - [TEST_STEP][PASSED] - callTestCase(findTestCase("Reusable_Test_Sequences/Web_Office/Directives/WebOffice_StartUp"), [:], STOP_ON_FAILURE): Call Test Case 'Test Cases/Reusable_Test_Sequences/Web_Office/Directives/WebOffice_StartUp' successfully

2020-04-16 12:59:45 - [TEST_CASE][PASSED] - Test Cases/Reusable_Test_Sequences/Web_Office/Directives/WebOffice_StartUp: Test Cases/Reusable_Test_Sequences/Web_Office/Directives/WebOffice_StartUp

2020-04-16 12:59:45 - [TEST_STEP][PASSED] - "-----------------------------------------------------------------------------": null

2020-04-16 12:59:45 - [TEST_STEP][PASSED] - if (URL == "https://www.dev.checkatrade.com/"): null

2020-04-16 12:59:45 - [TEST_STEP][PASSED] - "-----------------------------------------------------------------------------": null

2020-04-16 12:59:45 - [TEST_STEP][PASSED] - if (URL == "https://www.checkatrade.com/"): null

2020-04-16 12:59:45 - [TEST_STEP][PASSED] - "-----------------------------------------------------------------------------": null

2020-04-16 12:59:45 - [TEST_STEP][PASSED] - if (URL == "https://www.preview.checkatrade.com/"): null

2020-04-16 12:59:45 - [TEST_STEP][PASSED] - WebOfficeURL = "https://admin.preview.checkatrade.com/": null

2020-04-16 12:59:45 - [TEST_STEP][PASSED] - if (URL == "https://www.dev2.checkatrade.com/"): null

2020-04-16 12:59:45 - [TEST_STEP][PASSED] - "Set Function Area for "URL_Handler", URL Resolution": null

2020-04-16 12:59:45 - [TEST_STEP][PASSED] - "Do Some Magic with URL(s) See the comments within URL Handler ": null

2020-04-16 12:59:45 - [TEST_STEP][PASSED] - "------------------------------------------------": null

2020-04-16 12:59:45 - [TEST_STEP][PASSED] - "Moved Login Credentials to <Default> profile 22/01/2020": null

2020-04-16 12:59:45 - [TEST_STEP][PASSED] - "------------------------------------------------": null

2020-04-16 12:59:45 - [TEST_STEP][PASSED] - "WebOfficeURL - Set from the ENVIRONMENT PROFILE ": null

2020-04-16 12:59:45 - [TEST_STEP][PASSED] - "OPEN BROWSER": null

2020-04-16 12:59:45 - [TEST_STEP][PASSED] - "eg - https://admin.preview.checkatrade.com/  ": null

2020-04-16 12:59:45 - [TEST_STEP][PASSED] - openBrowser(WebOfficeURL): Browser is opened with url: 'https://admin.preview.checkatrade.com/'

2020-04-16 12:59:45 - [MESSAGE][INFO] - Starting 'Chrome' driver

2020-04-16 12:59:45 - [MESSAGE][INFO] - Action delay is set to 0 milliseconds

2020-04-16 12:59:49 - [MESSAGE][PASSED] - Browser is opened with url: 'https://admin.preview.checkatrade.com/'

2020-04-16 12:59:49 - [TEST_STEP][PASSED] - maximizeWindow(): Current window maximized

2020-04-16 12:59:52 - [MESSAGE][PASSED] - Current window maximized

2020-04-16 12:59:52 - [TEST_STEP][PASSED] - waitForElementClickable(findTestObject("Object Repository/WebOffice/Page_Checkatrade - Administration - Login/Login_Button"), 25): Object 'Object Repository/WebOffice/Page_Checkatrade - Administration - Login/Login_Button' is clickable

2020-04-16 12:59:52 - [MESSAGE][PASSED] - Object 'Object Repository/WebOffice/Page_Checkatrade - Administration - Login/Login_Button' is clickable

2020-04-16 12:59:52 - [TEST_STEP][PASSED] - verifyTextPresent("Checkatrade Web Office", false): Text 'Checkatrade Web Office' is present on page 

2020-04-16 12:59:52 - [MESSAGE][PASSED] - Text 'Checkatrade Web Office' is present on page 

2020-04-16 12:59:52 - [TEST_STEP][PASSED] - verifyTextPresent("Access for staff use only", false): Text 'Access for staff use only' is present on page 

2020-04-16 12:59:52 - [MESSAGE][PASSED] - Text 'Access for staff use only' is present on page 

2020-04-16 12:59:52 - [TEST_STEP][PASSED] - verifyTextPresent("Forgotten password?", false): Text 'Forgotten password?' is present on page 

2020-04-16 12:59:52 - [MESSAGE][PASSED] - Text 'Forgotten password?' is present on page 

2020-04-16 12:59:52 - [TEST_STEP][PASSED] - setText(findTestObject("Object Repository/WebOffice/Page_Checkatrade - Administration - Login/input_Username_LoginControlUserName"), wo_Username): Text 'DavidHo' is set on object 'Object Repository/WebOffice/Page_Checkatrade - Administration - Login/input_Username_LoginControlUserName'

2020-04-16 12:59:52 - [MESSAGE][PASSED] - Text 'DavidHo' is set on object 'Object Repository/WebOffice/Page_Checkatrade - Administration - Login/input_Username_LoginControlUserName'

2020-04-16 12:59:52 - [TEST_STEP][PASSED] - setText(findTestObject("Object Repository/WebOffice/Page_Checkatrade - Administration - Login/input_Password_LoginControlPassword"), wo_Password): Text 'Check123' is set on object 'Object Repository/WebOffice/Page_Checkatrade - Administration - Login/input_Password_LoginControlPassword'

2020-04-16 12:59:52 - [MESSAGE][PASSED] - Text 'Check123' is set on object 'Object Repository/WebOffice/Page_Checkatrade - Administration - Login/input_Password_LoginControlPassword'

2020-04-16 12:59:52 - [TEST_STEP][PASSED] - click(findTestObject("Object Repository/WebOffice/Page_Checkatrade - Administration - Login/Login_Button")): Object: 'Object Repository/WebOffice/Page_Checkatrade - Administration - Login/Login_Button' is clicked on

2020-04-16 12:59:53 - [MESSAGE][PASSED] - Object: 'Object Repository/WebOffice/Page_Checkatrade - Administration - Login/Login_Button' is clicked on

2020-04-16 12:59:53 - [TEST_STEP][PASSED] - waitForPageLoad(60): Wait for page load successfully

2020-04-16 12:59:53 - [MESSAGE][PASSED] - Wait for page load successfully

2020-04-16 12:59:53 - [TEST_STEP][PASSED] - verifyTextPresent("Welcome " + wo_Username, false): Text 'Welcome DavidHo' is present on page 

2020-04-16 12:59:53 - [MESSAGE][PASSED] - Text 'Welcome DavidHo' is present on page 

2020-04-16 12:59:53 - [MESSAGE][PASSED] - Call Test Case 'Test Cases/Reusable_Test_Sequences/Web_Office/Directives/WebOffice_StartUp' successfully

2020-04-16 12:59:53 - [TEST_STEP][PASSED] - "-----------------------------------------------------------------": null

2020-04-16 12:59:53 - [TEST_STEP][PASSED] - " Navigate to <Settings->Checkatrade.Com->Sub Item> Menu Item     |": null

2020-04-16 12:59:53 - [TEST_STEP][PASSED] - callTestCase(findTestCase("Reusable_Test_Sequences/Web_Office/Navigation/Sub_Menu_Navigation/Reports/Directory_Preferences"), [:], STOP_ON_FAILURE): Call Test Case 'Test Cases/Reusable_Test_Sequences/Web_Office/Navigation/Sub_Menu_Navigation/Reports/Directory_Preferences' successfully

2020-04-16 12:59:53 - [TEST_CASE][PASSED] - Test Cases/Reusable_Test_Sequences/Web_Office/Navigation/Sub_Menu_Navigation/Reports/Directory_Preferences: Test Cases/Reusable_Test_Sequences/Web_Office/Navigation/Sub_Menu_Navigation/Reports/Directory_Preferences

2020-04-16 12:59:53 - [TEST_STEP][PASSED] - "--------------------------------------": null

2020-04-16 12:59:53 - [TEST_STEP][PASSED] - " Navigate Top level menu Item         |": null

2020-04-16 12:59:53 - [TEST_STEP][PASSED] - waitForPageLoad(60): Wait for page load successfully

2020-04-16 12:59:53 - [MESSAGE][PASSED] - Wait for page load successfully

2020-04-16 12:59:53 - [TEST_STEP][PASSED] - waitForElementClickable(findTestObject("Object Repository/WebOffice_Home_page/a_Reports"), 60): Object 'Object Repository/WebOffice_Home_page/a_Reports' is clickable

2020-04-16 12:59:53 - [MESSAGE][PASSED] - Object 'Object Repository/WebOffice_Home_page/a_Reports' is clickable

2020-04-16 12:59:53 - [TEST_STEP][PASSED] - mouseOver(findTestObject("Object Repository/WebOffice_Home_page/a_Reports")): Object: 'Object Repository/WebOffice_Home_page/a_Reports' is hovered

2020-04-16 12:59:54 - [MESSAGE][PASSED] - Object: 'Object Repository/WebOffice_Home_page/a_Reports' is hovered

2020-04-16 12:59:54 - [TEST_STEP][PASSED] - mouseOver(findTestObject("Object Repository/WebOffice_Home_page/Page_/a_Consumers")): Object: 'Object Repository/WebOffice_Home_page/Page_/a_Consumers' is hovered

2020-04-16 12:59:54 - [MESSAGE][PASSED] - Object: 'Object Repository/WebOffice_Home_page/Page_/a_Consumers' is hovered

2020-04-16 12:59:54 - [TEST_STEP][PASSED] - waitForElementClickable(findTestObject("Object Repository/WebOffice_Home_page/a_Directory Preferences"), 1): Object 'Object Repository/WebOffice_Home_page/a_Directory Preferences' is clickable

2020-04-16 12:59:54 - [MESSAGE][PASSED] - Object 'Object Repository/WebOffice_Home_page/a_Directory Preferences' is clickable

2020-04-16 12:59:54 - [TEST_STEP][PASSED] - click(findTestObject("Object Repository/WebOffice_Home_page/a_Directory Preferences")): Object: 'Object Repository/WebOffice_Home_page/a_Directory Preferences' is clicked on

2020-04-16 13:00:55 - [MESSAGE][PASSED] - Object: 'Object Repository/WebOffice_Home_page/a_Directory Preferences' is clicked on

2020-04-16 13:00:55 - [MESSAGE][PASSED] - Call Test Case 'Test Cases/Reusable_Test_Sequences/Web_Office/Navigation/Sub_Menu_Navigation/Reports/Directory_Preferences' successfully

2020-04-16 13:00:55 - [TEST_STEP][PASSED] - "--------------------------------------": null

2020-04-16 13:00:55 - [TEST_STEP][PASSED] - " Verify Returned Page Detail          |": null

2020-04-16 13:00:55 - [TEST_STEP][PASSED] - callTestCase(findTestCase("Reusable_Test_Sequences/Web_Office/Verification/Reports/Directory_Preferences"), [:], OPTIONAL): Call Test Case 'Test Cases/Reusable_Test_Sequences/Web_Office/Verification/Reports/Directory_Preferences' successfully

2020-04-16 13:00:55 - [TEST_CASE][PASSED] - Test Cases/Reusable_Test_Sequences/Web_Office/Verification/Reports/Directory_Preferences: Test Cases/Reusable_Test_Sequences/Web_Office/Verification/Reports/Directory_Preferences

2020-04-16 13:00:55 - [TEST_STEP][PASSED] - waitForPageLoad(60): Wait for page load successfully

2020-04-16 13:00:55 - [MESSAGE][PASSED] - Wait for page load successfully

2020-04-16 13:00:55 - [TEST_STEP][PASSED] - delay(1): Delayed 1 second(s)

2020-04-16 13:00:56 - [MESSAGE][PASSED] - Delayed 1 second(s)

2020-04-16 13:00:56 - [TEST_STEP][PASSED] - verifyTextPresent("Directory Performance Report", false): Text 'Directory Performance Report' is present on page 

2020-04-16 13:01:06 - [MESSAGE][PASSED] - Text 'Directory Performance Report' is present on page 

2020-04-16 13:01:06 - [TEST_STEP][PASSED] - "----------------------------------------------": null

2020-04-16 13:01:06 - [TEST_STEP][PASSED] - verifyTextPresent("Hide Old", false): Text 'Hide Old' is present on page 

2020-04-16 13:01:18 - [MESSAGE][PASSED] - Text 'Hide Old' is present on page 

2020-04-16 13:01:18 - [TEST_STEP][PASSED] - verifyTextPresent("Hide Current", false): Text 'Hide Current' is present on page 

2020-04-16 13:01:30 - [MESSAGE][PASSED] - Text 'Hide Current' is present on page 

2020-04-16 13:01:30 - [TEST_STEP][PASSED] - verifyTextPresent("Hide Future", false): Text 'Hide Future' is present on page 

2020-04-16 13:01:41 - [MESSAGE][PASSED] - Text 'Hide Future' is present on page 

2020-04-16 13:01:41 - [TEST_STEP][PASSED] - verifyTextPresent("Hide Prospective", false): Text 'Hide Prospective' is present on page 

2020-04-16 13:01:50 - [MESSAGE][PASSED] - Text 'Hide Prospective' is present on page 

2020-04-16 13:01:50 - [TEST_STEP][PASSED] - "----------------------------------------------": null

2020-04-16 13:01:50 - [TEST_STEP][PASSED] - "----------------------------------------------": null

2020-04-16 13:01:50 - [TEST_STEP][PASSED] - verifyTextPresent("DIRECTORY NAME", false): Text 'DIRECTORY NAME' is present on page 

2020-04-16 13:02:00 - [MESSAGE][PASSED] - Text 'DIRECTORY NAME' is present on page 

2020-04-16 13:02:00 - [TEST_STEP][PASSED] - verifyTextPresent("EDITION", false): Text 'EDITION' is present on page 

2020-04-16 13:02:10 - [MESSAGE][PASSED] - Text 'EDITION' is present on page 

2020-04-16 13:02:10 - [TEST_STEP][PASSED] - verifyTextPresent("BOXES SOLD", false): Text 'BOXES SOLD' is present on page 

2020-04-16 13:02:19 - [MESSAGE][PASSED] - Text 'BOXES SOLD' is present on page 

2020-04-16 13:02:19 - [TEST_STEP][PASSED] - verifyTextPresent("BOXES FOC", false): Text 'BOXES FOC' is present on page 

2020-04-16 13:02:28 - [MESSAGE][PASSED] - Text 'BOXES FOC' is present on page 

2020-04-16 13:02:28 - [TEST_STEP][PASSED] - verifyTextPresent("BOXES TOTAL", false): Text 'BOXES TOTAL' is present on page 

2020-04-16 13:02:38 - [MESSAGE][PASSED] - Text 'BOXES TOTAL' is present on page 

2020-04-16 13:02:38 - [TEST_STEP][PASSED] - verifyTextPresent("FIRST RESERVE", false): Text 'FIRST RESERVE' is present on page 

2020-04-16 13:02:47 - [MESSAGE][PASSED] - Text 'FIRST RESERVE' is present on page 

2020-04-16 13:02:47 - [TEST_STEP][PASSED] - verifyTextPresent("DEFINITELY", false): Text 'DEFINITELY' is present on page 

2020-04-16 13:02:56 - [MESSAGE][PASSED] - Text 'DEFINITELY' is present on page 

2020-04-16 13:02:56 - [TEST_STEP][PASSED] - verifyTextPresent("WOULD CONSIDER", false): Text 'WOULD CONSIDER' is present on page 

2020-04-16 13:03:05 - [MESSAGE][PASSED] - Text 'WOULD CONSIDER' is present on page 

2020-04-16 13:03:05 - [TEST_STEP][PASSED] - verifyTextPresent("DESIRED TOTAL", false): Text 'DESIRED TOTAL' is present on page 

2020-04-16 13:03:15 - [MESSAGE][PASSED] - Text 'DESIRED TOTAL' is present on page 

2020-04-16 13:03:15 - [TEST_STEP][PASSED] - "----------------------------------------------": null

2020-04-16 13:03:15 - [TEST_STEP][PASSED] - verifyTextPresent("Abingdon + Didcot 7 (Old)", false): Text 'Abingdon + Didcot 7 (Old)' is present on page 

2020-04-16 13:03:24 - [MESSAGE][PASSED] - Text 'Abingdon + Didcot 7 (Old)' is present on page 

2020-04-16 13:03:24 - [TEST_STEP][PASSED] - verifyTextPresent("Amersham + Chesham 12 (Current)", false): Text 'Amersham + Chesham 12 (Current)' is present on page 

2020-04-16 13:03:34 - [MESSAGE][PASSED] - Text 'Amersham + Chesham 12 (Current)' is present on page 

2020-04-16 13:03:34 - [TEST_STEP][PASSED] - verifyTextPresent("11", false): Text '11' is present on page 

2020-04-16 13:03:43 - [MESSAGE][PASSED] - Text '11' is present on page 

2020-04-16 13:03:43 - [TEST_STEP][PASSED] - verifyTextPresent("133", false): Text '133' is present on page 

2020-04-16 13:03:53 - [MESSAGE][PASSED] - Text '133' is present on page 

2020-04-16 13:03:53 - [TEST_STEP][PASSED] - verifyTextPresent("58", false): Text '58' is present on page 

2020-04-16 13:04:02 - [MESSAGE][PASSED] - Text '58' is present on page 

2020-04-16 13:04:02 - [MESSAGE][PASSED] - Call Test Case 'Test Cases/Reusable_Test_Sequences/Web_Office/Verification/Reports/Directory_Preferences' successfully

2020-04-16 13:04:02 - [TEST_STEP][PASSED] - "--------------------------": null

2020-04-16 13:04:02 - [TEST_STEP][PASSED] - " Teardown - CLose Browser |": null

2020-04-16 13:04:02 - [TEST_STEP][PASSED] - callTestCase(findTestCase("Reusable_Test_Sequences/CAT_Teardown"), [:], OPTIONAL): Call Test Case 'Test Cases/Reusable_Test_Sequences/CAT_Teardown' successfully

2020-04-16 13:04:02 - [TEST_CASE][PASSED] - Test Cases/Reusable_Test_Sequences/CAT_Teardown: Test Cases/Reusable_Test_Sequences/CAT_Teardown

2020-04-16 13:04:02 - [TEST_STEP][PASSED] - closeBrowser(): Browser is closed

2020-04-16 13:04:03 - [MESSAGE][PASSED] - Browser is closed

2020-04-16 13:04:03 - [TEST_STEP][PASSED] - super.finalize(): null

2020-04-16 13:04:03 - [TEST_STEP][PASSED] - System.gc(): null

2020-04-16 13:04:03 - [MESSAGE][PASSED] - Call Test Case 'Test Cases/Reusable_Test_Sequences/CAT_Teardown' successfully]]></system-out>
         <system-err><![CDATA[]]></system-err>
      </testcase>
      <testcase name="Test Cases/Web_Office/Reports/Most_Popular" time="13.842" classname="Test Cases/Web_Office/Reports/Most_Popular" status="PASSED">
         <system-out><![CDATA[2020-04-16 13:04:03 - [TEST_CASE][PASSED] - Test Cases/Web_Office/Reports/Most_Popular: Test Cases/Web_Office/Reports/Most_Popular

2020-04-16 13:04:04 - [TEST_STEP][PASSED] - "--------------------------------------": null

2020-04-16 13:04:04 - [TEST_STEP][PASSED] - " Web Office StartUp                  |": null

2020-04-16 13:04:04 - [TEST_STEP][PASSED] - callTestCase(findTestCase("Reusable_Test_Sequences/Web_Office/Directives/WebOffice_StartUp"), [:], STOP_ON_FAILURE): Call Test Case 'Test Cases/Reusable_Test_Sequences/Web_Office/Directives/WebOffice_StartUp' successfully

2020-04-16 13:04:04 - [TEST_CASE][PASSED] - Test Cases/Reusable_Test_Sequences/Web_Office/Directives/WebOffice_StartUp: Test Cases/Reusable_Test_Sequences/Web_Office/Directives/WebOffice_StartUp

2020-04-16 13:04:04 - [TEST_STEP][PASSED] - "-----------------------------------------------------------------------------": null

2020-04-16 13:04:04 - [TEST_STEP][PASSED] - if (URL == "https://www.dev.checkatrade.com/"): null

2020-04-16 13:04:04 - [TEST_STEP][PASSED] - "-----------------------------------------------------------------------------": null

2020-04-16 13:04:04 - [TEST_STEP][PASSED] - if (URL == "https://www.checkatrade.com/"): null

2020-04-16 13:04:04 - [TEST_STEP][PASSED] - "-----------------------------------------------------------------------------": null

2020-04-16 13:04:04 - [TEST_STEP][PASSED] - if (URL == "https://www.preview.checkatrade.com/"): null

2020-04-16 13:04:04 - [TEST_STEP][PASSED] - WebOfficeURL = "https://admin.preview.checkatrade.com/": null

2020-04-16 13:04:04 - [TEST_STEP][PASSED] - if (URL == "https://www.dev2.checkatrade.com/"): null

2020-04-16 13:04:04 - [TEST_STEP][PASSED] - "Set Function Area for "URL_Handler", URL Resolution": null

2020-04-16 13:04:04 - [TEST_STEP][PASSED] - "Do Some Magic with URL(s) See the comments within URL Handler ": null

2020-04-16 13:04:04 - [TEST_STEP][PASSED] - "------------------------------------------------": null

2020-04-16 13:04:04 - [TEST_STEP][PASSED] - "Moved Login Credentials to <Default> profile 22/01/2020": null

2020-04-16 13:04:04 - [TEST_STEP][PASSED] - "------------------------------------------------": null

2020-04-16 13:04:04 - [TEST_STEP][PASSED] - "WebOfficeURL - Set from the ENVIRONMENT PROFILE ": null

2020-04-16 13:04:04 - [TEST_STEP][PASSED] - "OPEN BROWSER": null

2020-04-16 13:04:04 - [TEST_STEP][PASSED] - "eg - https://admin.preview.checkatrade.com/  ": null

2020-04-16 13:04:04 - [TEST_STEP][PASSED] - openBrowser(WebOfficeURL): Browser is opened with url: 'https://admin.preview.checkatrade.com/'

2020-04-16 13:04:04 - [MESSAGE][INFO] - Starting 'Chrome' driver

2020-04-16 13:04:04 - [MESSAGE][INFO] - Action delay is set to 0 milliseconds

2020-04-16 13:04:08 - [MESSAGE][PASSED] - Browser is opened with url: 'https://admin.preview.checkatrade.com/'

2020-04-16 13:04:08 - [TEST_STEP][PASSED] - maximizeWindow(): Current window maximized

2020-04-16 13:04:11 - [MESSAGE][PASSED] - Current window maximized

2020-04-16 13:04:11 - [TEST_STEP][PASSED] - waitForElementClickable(findTestObject("Object Repository/WebOffice/Page_Checkatrade - Administration - Login/Login_Button"), 25): Object 'Object Repository/WebOffice/Page_Checkatrade - Administration - Login/Login_Button' is clickable

2020-04-16 13:04:11 - [MESSAGE][PASSED] - Object 'Object Repository/WebOffice/Page_Checkatrade - Administration - Login/Login_Button' is clickable

2020-04-16 13:04:11 - [TEST_STEP][PASSED] - verifyTextPresent("Checkatrade Web Office", false): Text 'Checkatrade Web Office' is present on page 

2020-04-16 13:04:11 - [MESSAGE][PASSED] - Text 'Checkatrade Web Office' is present on page 

2020-04-16 13:04:11 - [TEST_STEP][PASSED] - verifyTextPresent("Access for staff use only", false): Text 'Access for staff use only' is present on page 

2020-04-16 13:04:11 - [MESSAGE][PASSED] - Text 'Access for staff use only' is present on page 

2020-04-16 13:04:11 - [TEST_STEP][PASSED] - verifyTextPresent("Forgotten password?", false): Text 'Forgotten password?' is present on page 

2020-04-16 13:04:11 - [MESSAGE][PASSED] - Text 'Forgotten password?' is present on page 

2020-04-16 13:04:11 - [TEST_STEP][PASSED] - setText(findTestObject("Object Repository/WebOffice/Page_Checkatrade - Administration - Login/input_Username_LoginControlUserName"), wo_Username): Text 'DavidHo' is set on object 'Object Repository/WebOffice/Page_Checkatrade - Administration - Login/input_Username_LoginControlUserName'

2020-04-16 13:04:11 - [MESSAGE][PASSED] - Text 'DavidHo' is set on object 'Object Repository/WebOffice/Page_Checkatrade - Administration - Login/input_Username_LoginControlUserName'

2020-04-16 13:04:11 - [TEST_STEP][PASSED] - setText(findTestObject("Object Repository/WebOffice/Page_Checkatrade - Administration - Login/input_Password_LoginControlPassword"), wo_Password): Text 'Check123' is set on object 'Object Repository/WebOffice/Page_Checkatrade - Administration - Login/input_Password_LoginControlPassword'

2020-04-16 13:04:11 - [MESSAGE][PASSED] - Text 'Check123' is set on object 'Object Repository/WebOffice/Page_Checkatrade - Administration - Login/input_Password_LoginControlPassword'

2020-04-16 13:04:11 - [TEST_STEP][PASSED] - click(findTestObject("Object Repository/WebOffice/Page_Checkatrade - Administration - Login/Login_Button")): Object: 'Object Repository/WebOffice/Page_Checkatrade - Administration - Login/Login_Button' is clicked on

2020-04-16 13:04:12 - [MESSAGE][PASSED] - Object: 'Object Repository/WebOffice/Page_Checkatrade - Administration - Login/Login_Button' is clicked on

2020-04-16 13:04:12 - [TEST_STEP][PASSED] - waitForPageLoad(60): Wait for page load successfully

2020-04-16 13:04:12 - [MESSAGE][PASSED] - Wait for page load successfully

2020-04-16 13:04:12 - [TEST_STEP][PASSED] - verifyTextPresent("Welcome " + wo_Username, false): Text 'Welcome DavidHo' is present on page 

2020-04-16 13:04:12 - [MESSAGE][PASSED] - Text 'Welcome DavidHo' is present on page 

2020-04-16 13:04:12 - [MESSAGE][PASSED] - Call Test Case 'Test Cases/Reusable_Test_Sequences/Web_Office/Directives/WebOffice_StartUp' successfully

2020-04-16 13:04:12 - [TEST_STEP][PASSED] - "-----------------------------------------------------------------": null

2020-04-16 13:04:12 - [TEST_STEP][PASSED] - " Navigate to <Settings->Checkatrade.Com->Sub Item> Menu Item     |": null

2020-04-16 13:04:12 - [TEST_STEP][PASSED] - callTestCase(findTestCase("Reusable_Test_Sequences/Web_Office/Navigation/Sub_Menu_Navigation/Reports/Most_Popular"), [:], STOP_ON_FAILURE): Call Test Case 'Test Cases/Reusable_Test_Sequences/Web_Office/Navigation/Sub_Menu_Navigation/Reports/Most_Popular' successfully

2020-04-16 13:04:12 - [TEST_CASE][PASSED] - Test Cases/Reusable_Test_Sequences/Web_Office/Navigation/Sub_Menu_Navigation/Reports/Most_Popular: Test Cases/Reusable_Test_Sequences/Web_Office/Navigation/Sub_Menu_Navigation/Reports/Most_Popular

2020-04-16 13:04:13 - [TEST_STEP][PASSED] - "--------------------------------------": null

2020-04-16 13:04:13 - [TEST_STEP][PASSED] - " Navigate Top level menu Item         |": null

2020-04-16 13:04:13 - [TEST_STEP][PASSED] - waitForPageLoad(60): Wait for page load successfully

2020-04-16 13:04:13 - [MESSAGE][PASSED] - Wait for page load successfully

2020-04-16 13:04:13 - [TEST_STEP][PASSED] - waitForElementClickable(findTestObject("Object Repository/WebOffice_Home_page/a_Reports"), 60): Object 'Object Repository/WebOffice_Home_page/a_Reports' is clickable

2020-04-16 13:04:13 - [MESSAGE][PASSED] - Object 'Object Repository/WebOffice_Home_page/a_Reports' is clickable

2020-04-16 13:04:13 - [TEST_STEP][PASSED] - mouseOver(findTestObject("Object Repository/WebOffice_Home_page/a_Reports")): Object: 'Object Repository/WebOffice_Home_page/a_Reports' is hovered

2020-04-16 13:04:13 - [MESSAGE][PASSED] - Object: 'Object Repository/WebOffice_Home_page/a_Reports' is hovered

2020-04-16 13:04:13 - [TEST_STEP][PASSED] - mouseOver(findTestObject("Object Repository/WebOffice_Home_page/Page_/a_Consumers")): Object: 'Object Repository/WebOffice_Home_page/Page_/a_Consumers' is hovered

2020-04-16 13:04:13 - [MESSAGE][PASSED] - Object: 'Object Repository/WebOffice_Home_page/Page_/a_Consumers' is hovered

2020-04-16 13:04:13 - [TEST_STEP][PASSED] - mouseOver(findTestObject("Object Repository/WebOffice_Home_page/Page_/a_Consumer Searches")): Object: 'Object Repository/WebOffice_Home_page/Page_/a_Consumer Searches' is hovered

2020-04-16 13:04:13 - [MESSAGE][PASSED] - Object: 'Object Repository/WebOffice_Home_page/Page_/a_Consumer Searches' is hovered

2020-04-16 13:04:13 - [TEST_STEP][PASSED] - waitForElementClickable(findTestObject("Object Repository/WebOffice_Home_page/a_Most Popular"), 1): Object 'Object Repository/WebOffice_Home_page/a_Most Popular' is clickable

2020-04-16 13:04:13 - [MESSAGE][PASSED] - Object 'Object Repository/WebOffice_Home_page/a_Most Popular' is clickable

2020-04-16 13:04:13 - [TEST_STEP][PASSED] - click(findTestObject("Object Repository/WebOffice_Home_page/a_Most Popular")): Object: 'Object Repository/WebOffice_Home_page/a_Most Popular' is clicked on

2020-04-16 13:04:15 - [MESSAGE][PASSED] - Object: 'Object Repository/WebOffice_Home_page/a_Most Popular' is clicked on

2020-04-16 13:04:15 - [MESSAGE][PASSED] - Call Test Case 'Test Cases/Reusable_Test_Sequences/Web_Office/Navigation/Sub_Menu_Navigation/Reports/Most_Popular' successfully

2020-04-16 13:04:15 - [TEST_STEP][PASSED] - "--------------------------------------": null

2020-04-16 13:04:15 - [TEST_STEP][PASSED] - " Verify Returned Page Detail          |": null

2020-04-16 13:04:15 - [TEST_STEP][PASSED] - callTestCase(findTestCase("Reusable_Test_Sequences/Web_Office/Verification/Reports/Most_Popular"), [:], OPTIONAL): Call Test Case 'Test Cases/Reusable_Test_Sequences/Web_Office/Verification/Reports/Most_Popular' successfully

2020-04-16 13:04:15 - [TEST_CASE][PASSED] - Test Cases/Reusable_Test_Sequences/Web_Office/Verification/Reports/Most_Popular: Test Cases/Reusable_Test_Sequences/Web_Office/Verification/Reports/Most_Popular

2020-04-16 13:04:15 - [TEST_STEP][PASSED] - waitForPageLoad(60): Wait for page load successfully

2020-04-16 13:04:15 - [MESSAGE][PASSED] - Wait for page load successfully

2020-04-16 13:04:15 - [TEST_STEP][PASSED] - delay(1): Delayed 1 second(s)

2020-04-16 13:04:16 - [MESSAGE][PASSED] - Delayed 1 second(s)

2020-04-16 13:04:16 - [TEST_STEP][PASSED] - verifyTextPresent("Consumer Searches", false): Text 'Consumer Searches' is present on page 

2020-04-16 13:04:16 - [MESSAGE][PASSED] - Text 'Consumer Searches' is present on page 

2020-04-16 13:04:16 - [MESSAGE][PASSED] - Call Test Case 'Test Cases/Reusable_Test_Sequences/Web_Office/Verification/Reports/Most_Popular' successfully

2020-04-16 13:04:16 - [TEST_STEP][PASSED] - "--------------------------": null

2020-04-16 13:04:16 - [TEST_STEP][PASSED] - " Teardown - CLose Browser |": null

2020-04-16 13:04:16 - [TEST_STEP][PASSED] - callTestCase(findTestCase("Reusable_Test_Sequences/CAT_Teardown"), [:], OPTIONAL): Call Test Case 'Test Cases/Reusable_Test_Sequences/CAT_Teardown' successfully

2020-04-16 13:04:16 - [TEST_CASE][PASSED] - Test Cases/Reusable_Test_Sequences/CAT_Teardown: Test Cases/Reusable_Test_Sequences/CAT_Teardown

2020-04-16 13:04:16 - [TEST_STEP][PASSED] - closeBrowser(): Browser is closed

2020-04-16 13:04:17 - [MESSAGE][PASSED] - Browser is closed

2020-04-16 13:04:17 - [TEST_STEP][PASSED] - super.finalize(): null

2020-04-16 13:04:17 - [TEST_STEP][PASSED] - System.gc(): null

2020-04-16 13:04:17 - [MESSAGE][PASSED] - Call Test Case 'Test Cases/Reusable_Test_Sequences/CAT_Teardown' successfully]]></system-out>
         <system-err><![CDATA[]]></system-err>
      </testcase>
      <system-out><![CDATA[2020-04-16 12:58:34 - [TEST_SUITE][PASSED] - Web_Office_Reports: Test Cases/Web_Office/Reports/Most_Popular]]></system-out>
      <system-err><![CDATA[]]></system-err>
   </testsuite>
</testsuites>
