<?xml version="1.0" encoding="UTF-8"?>
<testsuites name="Trades_Apply_Here" time="74.077" tests="2" failures="0" errors="0">
   <testsuite name="Trades_Apply_Here" tests="2" failures="0" errors="0" time="74.077" timestamp="2019-11-27 09:35:54" hostname="DavidHo - VETTEDSP36RF.check.local" id="Test Suites/Trades_Apply_Here">
      <properties>
         <property name="deviceName" value=""/>
         <property name="devicePlatform" value=""/>
         <property name="logFolder" value="C:\\Users\\davidho\\Katalon Studio\\Start\\Reports\\20191127_092907\\Trades_Apply_Here\\20191127_092950"/>
         <property name="logFiles" value="C:\\Users\\davidho\\Katalon Studio\\Start\\Reports\\20191127_092907\\Trades_Apply_Here\\20191127_092950\\execution0.log"/>
         <property name="attachments" value=""/>
         <property name="hostName" value="DavidHo - VETTEDSP36RF.check.local"/>
         <property name="os" value="Windows 10 32bit"/>
         <property name="katalonVersion" value="7.1.0.1"/>
         <property name="browser" value="Firefox 70.0"/>
         <property name="hostAddress" value="10.0.11.243"/>
         <property name="sessionId" value="84ed12e5-9c1b-4360-bfbd-ec97847480a7"/>
         <property name="seleniumVersion" value="3.141.59"/>
         <property name="proxyInformation" value="ProxyInformation{proxyOption=NO_PROXY, proxyServerType=HTTP, password=, proxyServerAddress=, proxyServerPort=0}"/>
         <property name="platform" value="Windows 10"/>
      </properties>
      <testcase name="Test Cases/Sign_Up/Trades_Apply_Here_Validation" time="47.431" classname="Test Cases/Sign_Up/Trades_Apply_Here_Validation" status="PASSED">
         <system-out><![CDATA[2019-11-27 09:35:54 - [TEST_CASE][PASSED] - Test Cases/Sign_Up/Trades_Apply_Here_Validation: Test Cases/Sign_Up/Trades_Apply_Here_Validation

2019-11-27 09:35:54 - [TEST_STEP][PASSED] - callTestCase(findTestCase("Reusable_Test_Sequences/CAT_Setup"), [:], OPTIONAL): Call Test Case 'Test Cases/Reusable_Test_Sequences/CAT_Setup' successfully

2019-11-27 09:35:54 - [TEST_CASE][PASSED] - Test Cases/Reusable_Test_Sequences/CAT_Setup: Test Cases/Reusable_Test_Sequences/CAT_Setup

2019-11-27 09:35:55 - [TEST_STEP][PASSED] - "URL - Set from the ENVIRONMENT PROFILE ": null

2019-11-27 09:35:55 - [TEST_STEP][PASSED] - openBrowser(URL): Browser is opened with url: 'https://www.preview.checkatrade.com/'

2019-11-27 09:35:56 - [MESSAGE][INFO] - Starting 'Firefox' driver

2019-11-27 09:35:56 - [MESSAGE][INFO] - Action delay is set to 0 seconds

2019-11-27 09:36:06 - [MESSAGE][PASSED] - Browser is opened with url: 'https://www.preview.checkatrade.com/'

2019-11-27 09:36:06 - [TEST_STEP][PASSED] - maximizeWindow(): Current window maximized

2019-11-27 09:36:07 - [MESSAGE][PASSED] - Current window maximized

2019-11-27 09:36:07 - [TEST_STEP][PASSED] - waitForPageLoad(60): Wait for page load successfully

2019-11-27 09:36:07 - [MESSAGE][PASSED] - Wait for page load successfully

2019-11-27 09:36:07 - [TEST_STEP][PASSED] - waitForElementVisible(findTestObject("Page_Checkatrade Find a tradesperson you can trust/a_Search"), 25): Object 'Object Repository/Page_Checkatrade Find a tradesperson you can trust/a_Search' is visible

2019-11-27 09:36:07 - [MESSAGE][PASSED] - Object 'Object Repository/Page_Checkatrade Find a tradesperson you can trust/a_Search' is visible

2019-11-27 09:36:07 - [TEST_STEP][PASSED] - try: null

2019-11-27 09:36:07 - [TEST_STEP][PASSED] - if (verifyElementPresent(findTestObject("Page_Checkatrade Find a tradesperson you can trust/div_close"), 1, OPTIONAL)): null

2019-11-27 09:36:08 - [MESSAGE][PASSED] - Object 'Object Repository/Page_Checkatrade Find a tradesperson you can trust/div_close' is present

2019-11-27 09:36:08 - [TEST_STEP][PASSED] - click(findTestObject("Page_Checkatrade Find a tradesperson you can trust/div_close")): Object: 'Object Repository/Page_Checkatrade Find a tradesperson you can trust/div_close' is clicked on

2019-11-27 09:36:08 - [MESSAGE][PASSED] - Object: 'Object Repository/Page_Checkatrade Find a tradesperson you can trust/div_close' is clicked on

2019-11-27 09:36:08 - [TEST_STEP][PASSED] - "---------------------------------": null

2019-11-27 09:36:08 - [TEST_STEP][PASSED] - "COOKIE POPOUT REMOVED - Confirmed": null

2019-11-27 09:36:08 - [TEST_STEP][PASSED] - delay(1): Delayed 1 second(s)

2019-11-27 09:36:09 - [MESSAGE][PASSED] - Delayed 1 second(s)

2019-11-27 09:36:09 - [TEST_STEP][PASSED] - verifyTextNotPresent("Checkatrade.com uses cookies to make sure you get the best browsing experience", false): Text 'Checkatrade.com uses cookies to make sure you get the best browsing experience' is not present on page

2019-11-27 09:36:10 - [MESSAGE][PASSED] - Text 'Checkatrade.com uses cookies to make sure you get the best browsing experience' is not present on page

2019-11-27 09:36:10 - [TEST_STEP][PASSED] - try: null

2019-11-27 09:36:10 - [TEST_STEP][PASSED] - if (verifyElementPresent(findTestObject("Page_Checkatrade Find a tradesperson you can trust/div_close_1"), 1, OPTIONAL)): null

2019-11-27 09:36:10 - [MESSAGE][PASSED] - Object 'Object Repository/Page_Checkatrade Find a tradesperson you can trust/div_close_1' is present

2019-11-27 09:36:10 - [TEST_STEP][PASSED] - click(findTestObject("Page_Checkatrade Find a tradesperson you can trust/div_close_1")): Object: 'Object Repository/Page_Checkatrade Find a tradesperson you can trust/div_close_1' is clicked on

2019-11-27 09:36:10 - [MESSAGE][PASSED] - Object: 'Object Repository/Page_Checkatrade Find a tradesperson you can trust/div_close_1' is clicked on

2019-11-27 09:36:10 - [TEST_STEP][PASSED] - "---------------------------------": null

2019-11-27 09:36:10 - [TEST_STEP][PASSED] - "PRIVACY POPOUT REMOVED - Confirmed": null

2019-11-27 09:36:10 - [TEST_STEP][PASSED] - delay(1): Delayed 1 second(s)

2019-11-27 09:36:11 - [MESSAGE][PASSED] - Delayed 1 second(s)

2019-11-27 09:36:11 - [TEST_STEP][PASSED] - verifyTextNotPresent("We have updated our Privacy Policy, please review this", false): Text 'We have updated our Privacy Policy, please review this' is not present on page

2019-11-27 09:36:11 - [MESSAGE][PASSED] - Text 'We have updated our Privacy Policy, please review this' is not present on page

2019-11-27 09:36:11 - [MESSAGE][INFO] - =================== Smart XPath Report =======================

2019-11-27 09:36:11 - [MESSAGE][INFO] - Refer to the link below to preview and approve auto healing on broken test objects.

2019-11-27 09:36:11 - [MESSAGE][INFO] - https://docs.katalon.com/katalon-studio/docs/auto-healing-smart-xpath.html

2019-11-27 09:36:11 - [MESSAGE][INFO] - ===============================================================

2019-11-27 09:36:11 - [MESSAGE][PASSED] - Call Test Case 'Test Cases/Reusable_Test_Sequences/CAT_Setup' successfully

2019-11-27 09:36:11 - [TEST_STEP][PASSED] - "--------------------------------------": null

2019-11-27 09:36:11 - [TEST_STEP][PASSED] - " Hit the <TRADES, APPLY HERE> Button  |": null

2019-11-27 09:36:11 - [TEST_STEP][PASSED] - callTestCase(findTestCase("Reusable_Test_Sequences/TRADES_Application/Hit_Signup"), [:], OPTIONAL): Call Test Case 'Test Cases/Reusable_Test_Sequences/TRADES_Application/Hit_Signup' successfully

2019-11-27 09:36:11 - [TEST_CASE][PASSED] - Test Cases/Reusable_Test_Sequences/TRADES_Application/Hit_Signup: Test Cases/Reusable_Test_Sequences/TRADES_Application/Hit_Signup

2019-11-27 09:36:12 - [TEST_STEP][PASSED] - click(findTestObject("Object Repository/Page_Checkatrade Find a tradesperson you can trust/a_Trades                                apply here")): Object: 'Object Repository/Page_Checkatrade Find a tradesperson you can trust/a_Trades                                apply here' is clicked on

2019-11-27 09:36:14 - [MESSAGE][PASSED] - Object: 'Object Repository/Page_Checkatrade Find a tradesperson you can trust/a_Trades                                apply here' is clicked on

2019-11-27 09:36:14 - [MESSAGE][INFO] - =================== Smart XPath Report =======================

2019-11-27 09:36:14 - [MESSAGE][INFO] - Refer to the link below to preview and approve auto healing on broken test objects.

2019-11-27 09:36:14 - [MESSAGE][INFO] - https://docs.katalon.com/katalon-studio/docs/auto-healing-smart-xpath.html

2019-11-27 09:36:14 - [MESSAGE][INFO] - ===============================================================

2019-11-27 09:36:14 - [MESSAGE][PASSED] - Call Test Case 'Test Cases/Reusable_Test_Sequences/TRADES_Application/Hit_Signup' successfully

2019-11-27 09:36:14 - [TEST_STEP][PASSED] - "---------------------------------------------------------------------------": null

2019-11-27 09:36:14 - [TEST_STEP][PASSED] - " Hit the <SUBMIT> Button  | Attempt a COMMITAL of form with no data filled |": null

2019-11-27 09:36:14 - [TEST_STEP][PASSED] - callTestCase(findTestCase("Reusable_Test_Sequences/TRADES_Application/Hit_Submit"), [:], CONTINUE_ON_FAILURE): Call Test Case 'Test Cases/Reusable_Test_Sequences/TRADES_Application/Hit_Submit' successfully

2019-11-27 09:36:14 - [TEST_CASE][PASSED] - Test Cases/Reusable_Test_Sequences/TRADES_Application/Hit_Submit: Test Cases/Reusable_Test_Sequences/TRADES_Application/Hit_Submit

2019-11-27 09:36:15 - [TEST_STEP][PASSED] - "----------------------------------------------------------------------------------": null

2019-11-27 09:36:15 - [TEST_STEP][PASSED] - "SUBMIT BUTTON IS OFF THE BOTTOM OF THE PAGE - SO NEED TO SCROLL TO BOTTOM OF PAGE  |": null

2019-11-27 09:36:15 - [TEST_STEP][PASSED] - scrollToElement(findTestObject("Object Repository/Page_Checkatrade Want to build your business/input_membership terms and conditions_ctl00contentbtnSubmit"), 5): Scroll to object 'Object Repository/Page_Checkatrade Want to build your business/input_membership terms and conditions_ctl00contentbtnSubmit' successfully

2019-11-27 09:36:15 - [MESSAGE][PASSED] - Scroll to object 'Object Repository/Page_Checkatrade Want to build your business/input_membership terms and conditions_ctl00contentbtnSubmit' successfully

2019-11-27 09:36:15 - [TEST_STEP][PASSED] - delay(1): Delayed 1 second(s)

2019-11-27 09:36:16 - [MESSAGE][PASSED] - Delayed 1 second(s)

2019-11-27 09:36:16 - [TEST_STEP][PASSED] - "-------------": null

2019-11-27 09:36:16 - [TEST_STEP][PASSED] - "Click Submit |": null

2019-11-27 09:36:16 - [TEST_STEP][PASSED] - click(findTestObject("Object Repository/Page_Checkatrade Want to build your business/input_membership terms and conditions_ctl00contentbtnSubmit")): Object: 'Object Repository/Page_Checkatrade Want to build your business/input_membership terms and conditions_ctl00contentbtnSubmit' is clicked on

2019-11-27 09:36:17 - [MESSAGE][PASSED] - Object: 'Object Repository/Page_Checkatrade Want to build your business/input_membership terms and conditions_ctl00contentbtnSubmit' is clicked on

2019-11-27 09:36:17 - [MESSAGE][INFO] - =================== Smart XPath Report =======================

2019-11-27 09:36:17 - [MESSAGE][INFO] - Refer to the link below to preview and approve auto healing on broken test objects.

2019-11-27 09:36:17 - [MESSAGE][INFO] - https://docs.katalon.com/katalon-studio/docs/auto-healing-smart-xpath.html

2019-11-27 09:36:17 - [MESSAGE][INFO] - ===============================================================

2019-11-27 09:36:17 - [MESSAGE][PASSED] - Call Test Case 'Test Cases/Reusable_Test_Sequences/TRADES_Application/Hit_Submit' successfully

2019-11-27 09:36:17 - [TEST_STEP][PASSED] - "--------------------------------------------------": null

2019-11-27 09:36:17 - [TEST_STEP][PASSED] - " Check initial Validation Message(s) are Produced |": null

2019-11-27 09:36:17 - [TEST_STEP][PASSED] - callTestCase(findTestCase("Reusable_Test_Sequences/TRADES_Application/Validation/This_Field_Is_Required"), [:], CONTINUE_ON_FAILURE): Call Test Case 'Test Cases/Reusable_Test_Sequences/TRADES_Application/Validation/This_Field_Is_Required' successfully

2019-11-27 09:36:17 - [TEST_CASE][PASSED] - Test Cases/Reusable_Test_Sequences/TRADES_Application/Validation/This_Field_Is_Required: Test Cases/Reusable_Test_Sequences/TRADES_Application/Validation/This_Field_Is_Required

2019-11-27 09:36:17 - [TEST_STEP][PASSED] - verifyTextPresent("This field is required", false): Text 'This field is required' is present on page 

2019-11-27 09:36:18 - [MESSAGE][PASSED] - Text 'This field is required' is present on page 

2019-11-27 09:36:18 - [MESSAGE][INFO] - =================== Smart XPath Report =======================

2019-11-27 09:36:18 - [MESSAGE][INFO] - Refer to the link below to preview and approve auto healing on broken test objects.

2019-11-27 09:36:18 - [MESSAGE][INFO] - https://docs.katalon.com/katalon-studio/docs/auto-healing-smart-xpath.html

2019-11-27 09:36:18 - [MESSAGE][INFO] - ===============================================================

2019-11-27 09:36:18 - [MESSAGE][PASSED] - Call Test Case 'Test Cases/Reusable_Test_Sequences/TRADES_Application/Validation/This_Field_Is_Required' successfully

2019-11-27 09:36:18 - [TEST_STEP][PASSED] - "--------------------------------------": null

2019-11-27 09:36:18 - [TEST_STEP][PASSED] - " Set - Email Address Incorrect Form   |": null

2019-11-27 09:36:18 - [TEST_STEP][PASSED] - callTestCase(findTestCase("Reusable_Test_Sequences/TRADES_Application/Set_INVALID_Email_Address"), [:], CONTINUE_ON_FAILURE): Call Test Case 'Test Cases/Reusable_Test_Sequences/TRADES_Application/Set_INVALID_Email_Address' successfully

2019-11-27 09:36:18 - [TEST_CASE][PASSED] - Test Cases/Reusable_Test_Sequences/TRADES_Application/Set_INVALID_Email_Address: Test Cases/Reusable_Test_Sequences/TRADES_Application/Set_INVALID_Email_Address

2019-11-27 09:36:18 - [TEST_STEP][PASSED] - setText(findTestObject("Page_Checkatrade Want to build your business/input_Email Address_ctl00contenttbContactEmail"), Invalid_Email): Text 'Billy Bob' is set on object 'Object Repository/Page_Checkatrade Want to build your business/input_Email Address_ctl00contenttbContactEmail'

2019-11-27 09:36:19 - [MESSAGE][PASSED] - Text 'Billy Bob' is set on object 'Object Repository/Page_Checkatrade Want to build your business/input_Email Address_ctl00contenttbContactEmail'

2019-11-27 09:36:19 - [MESSAGE][INFO] - =================== Smart XPath Report =======================

2019-11-27 09:36:19 - [MESSAGE][INFO] - Refer to the link below to preview and approve auto healing on broken test objects.

2019-11-27 09:36:19 - [MESSAGE][INFO] - https://docs.katalon.com/katalon-studio/docs/auto-healing-smart-xpath.html

2019-11-27 09:36:19 - [MESSAGE][INFO] - ===============================================================

2019-11-27 09:36:19 - [MESSAGE][PASSED] - Call Test Case 'Test Cases/Reusable_Test_Sequences/TRADES_Application/Set_INVALID_Email_Address' successfully

2019-11-27 09:36:19 - [TEST_STEP][PASSED] - "--------------------------------------": null

2019-11-27 09:36:19 - [TEST_STEP][PASSED] - " Check Email Validation Message       |": null

2019-11-27 09:36:19 - [TEST_STEP][PASSED] - callTestCase(findTestCase("Reusable_Test_Sequences/TRADES_Application/Validation/Please_Enter_Valid_Email"), [:], CONTINUE_ON_FAILURE): Call Test Case 'Test Cases/Reusable_Test_Sequences/TRADES_Application/Validation/Please_Enter_Valid_Email' successfully

2019-11-27 09:36:19 - [TEST_CASE][PASSED] - Test Cases/Reusable_Test_Sequences/TRADES_Application/Validation/Please_Enter_Valid_Email: Test Cases/Reusable_Test_Sequences/TRADES_Application/Validation/Please_Enter_Valid_Email

2019-11-27 09:36:19 - [TEST_STEP][PASSED] - verifyTextPresent("Please enter a valid email address", false): Text 'Please enter a valid email address' is present on page 

2019-11-27 09:36:20 - [MESSAGE][PASSED] - Text 'Please enter a valid email address' is present on page 

2019-11-27 09:36:20 - [MESSAGE][INFO] - =================== Smart XPath Report =======================

2019-11-27 09:36:20 - [MESSAGE][INFO] - Refer to the link below to preview and approve auto healing on broken test objects.

2019-11-27 09:36:20 - [MESSAGE][INFO] - https://docs.katalon.com/katalon-studio/docs/auto-healing-smart-xpath.html

2019-11-27 09:36:20 - [MESSAGE][INFO] - ===============================================================

2019-11-27 09:36:20 - [MESSAGE][PASSED] - Call Test Case 'Test Cases/Reusable_Test_Sequences/TRADES_Application/Validation/Please_Enter_Valid_Email' successfully

2019-11-27 09:36:20 - [TEST_STEP][PASSED] - delay(5): Delayed 5 second(s)

2019-11-27 09:36:25 - [MESSAGE][PASSED] - Delayed 5 second(s)

2019-11-27 09:36:25 - [TEST_STEP][PASSED] - "--------------------------": null

2019-11-27 09:36:25 - [TEST_STEP][PASSED] - " Set - Email Address      |": null

2019-11-27 09:36:25 - [TEST_STEP][PASSED] - callTestCase(findTestCase("Reusable_Test_Sequences/TRADES_Application/Set_Email_Address"), [:], CONTINUE_ON_FAILURE): Call Test Case 'Test Cases/Reusable_Test_Sequences/TRADES_Application/Set_Email_Address' successfully

2019-11-27 09:36:25 - [TEST_CASE][PASSED] - Test Cases/Reusable_Test_Sequences/TRADES_Application/Set_Email_Address: Test Cases/Reusable_Test_Sequences/TRADES_Application/Set_Email_Address

2019-11-27 09:36:25 - [TEST_STEP][PASSED] - setText(findTestObject("Page_Checkatrade Want to build your business/input_Email Address_ctl00contenttbContactEmail"), EmailAddress): Text 'ron_mctavish@xtc_0z0.com' is set on object 'Object Repository/Page_Checkatrade Want to build your business/input_Email Address_ctl00contenttbContactEmail'

2019-11-27 09:36:25 - [MESSAGE][PASSED] - Text 'ron_mctavish@xtc_0z0.com' is set on object 'Object Repository/Page_Checkatrade Want to build your business/input_Email Address_ctl00contenttbContactEmail'

2019-11-27 09:36:25 - [MESSAGE][INFO] - =================== Smart XPath Report =======================

2019-11-27 09:36:25 - [MESSAGE][INFO] - Refer to the link below to preview and approve auto healing on broken test objects.

2019-11-27 09:36:25 - [MESSAGE][INFO] - https://docs.katalon.com/katalon-studio/docs/auto-healing-smart-xpath.html

2019-11-27 09:36:25 - [MESSAGE][INFO] - ===============================================================

2019-11-27 09:36:25 - [MESSAGE][PASSED] - Call Test Case 'Test Cases/Reusable_Test_Sequences/TRADES_Application/Set_Email_Address' successfully

2019-11-27 09:36:25 - [TEST_STEP][PASSED] - "---------------------------------------------------------------------------------": null

2019-11-27 09:36:25 - [TEST_STEP][PASSED] - " FIll Remaining Empty Fields With Random Data - To Elicit Validation Message(s)  |": null

2019-11-27 09:36:25 - [TEST_STEP][PASSED] - callTestCase(findTestCase("Reusable_Test_Sequences/TRADES_Application/Set_Random_Data_In_Empty_Fields"), [:], CONTINUE_ON_FAILURE): Call Test Case 'Test Cases/Reusable_Test_Sequences/TRADES_Application/Set_Random_Data_In_Empty_Fields' successfully

2019-11-27 09:36:25 - [TEST_CASE][PASSED] - Test Cases/Reusable_Test_Sequences/TRADES_Application/Set_Random_Data_In_Empty_Fields: Test Cases/Reusable_Test_Sequences/TRADES_Application/Set_Random_Data_In_Empty_Fields

2019-11-27 09:36:26 - [TEST_STEP][PASSED] - setText(findTestObject("Page_Checkatrade Want to build your business/input_Company Name_ctl00contenttbCompanyName"), Validation_Data_Special_Chars): Text '#£|' is set on object 'Object Repository/Page_Checkatrade Want to build your business/input_Company Name_ctl00contenttbCompanyName'

2019-11-27 09:36:26 - [MESSAGE][PASSED] - Text '#£|' is set on object 'Object Repository/Page_Checkatrade Want to build your business/input_Company Name_ctl00contenttbCompanyName'

2019-11-27 09:36:26 - [TEST_STEP][PASSED] - setText(findTestObject("Page_Checkatrade Want to build your business/input_Your Full Name_ctl00contenttbContactName"), Validation_Data_Special_Chars): Text '#£|' is set on object 'Object Repository/Page_Checkatrade Want to build your business/input_Your Full Name_ctl00contenttbContactName'

2019-11-27 09:36:26 - [MESSAGE][PASSED] - Text '#£|' is set on object 'Object Repository/Page_Checkatrade Want to build your business/input_Your Full Name_ctl00contenttbContactName'

2019-11-27 09:36:26 - [TEST_STEP][PASSED] - "TRADE CATEGORY": null

2019-11-27 09:36:26 - [TEST_STEP][PASSED] - setText(findTestObject("Page_Checkatrade Want to build your business/input_Postcode_ctl00contenttbPostCode"), Validation_Data_Special_Chars): Text '#£|' is set on object 'Object Repository/Page_Checkatrade Want to build your business/input_Postcode_ctl00contenttbPostCode'

2019-11-27 09:36:26 - [MESSAGE][PASSED] - Text '#£|' is set on object 'Object Repository/Page_Checkatrade Want to build your business/input_Postcode_ctl00contenttbPostCode'

2019-11-27 09:36:26 - [TEST_STEP][PASSED] - setText(findTestObject("Page_Checkatrade Want to build your business/input_Contact Number_ctl00contenttbContactMob"), Validation_Data_Special_Chars): Text '#£|' is set on object 'Object Repository/Page_Checkatrade Want to build your business/input_Contact Number_ctl00contenttbContactMob'

2019-11-27 09:36:26 - [MESSAGE][PASSED] - Text '#£|' is set on object 'Object Repository/Page_Checkatrade Want to build your business/input_Contact Number_ctl00contenttbContactMob'

2019-11-27 09:36:26 - [MESSAGE][INFO] - =================== Smart XPath Report =======================

2019-11-27 09:36:26 - [MESSAGE][INFO] - Refer to the link below to preview and approve auto healing on broken test objects.

2019-11-27 09:36:26 - [MESSAGE][INFO] - https://docs.katalon.com/katalon-studio/docs/auto-healing-smart-xpath.html

2019-11-27 09:36:26 - [MESSAGE][INFO] - ===============================================================

2019-11-27 09:36:26 - [MESSAGE][PASSED] - Call Test Case 'Test Cases/Reusable_Test_Sequences/TRADES_Application/Set_Random_Data_In_Empty_Fields' successfully

2019-11-27 09:36:26 - [TEST_STEP][PASSED] - "---------------------------------------------": null

2019-11-27 09:36:26 - [TEST_STEP][PASSED] - " Check Trade Category Validation Message     |": null

2019-11-27 09:36:26 - [TEST_STEP][PASSED] - "---------------------------------------------": null

2019-11-27 09:36:26 - [TEST_STEP][PASSED] - "---------------------------------------------------------": null

2019-11-27 09:36:26 - [TEST_STEP][PASSED] - " Check specify a valid phone number Validation Message   |": null

2019-11-27 09:36:26 - [TEST_STEP][PASSED] - callTestCase(findTestCase("Reusable_Test_Sequences/TRADES_Application/Validation/Please_Specify_Valid_Phone_Number"), [:], CONTINUE_ON_FAILURE): Call Test Case 'Test Cases/Reusable_Test_Sequences/TRADES_Application/Validation/Please_Specify_Valid_Phone_Number' successfully

2019-11-27 09:36:27 - [TEST_CASE][PASSED] - Test Cases/Reusable_Test_Sequences/TRADES_Application/Validation/Please_Specify_Valid_Phone_Number: Test Cases/Reusable_Test_Sequences/TRADES_Application/Validation/Please_Specify_Valid_Phone_Number

2019-11-27 09:36:27 - [TEST_STEP][PASSED] - verifyTextPresent("Please specify a valid phone number", false): Text 'Please specify a valid phone number' is present on page 

2019-11-27 09:36:28 - [MESSAGE][PASSED] - Text 'Please specify a valid phone number' is present on page 

2019-11-27 09:36:28 - [MESSAGE][INFO] - =================== Smart XPath Report =======================

2019-11-27 09:36:28 - [MESSAGE][INFO] - Refer to the link below to preview and approve auto healing on broken test objects.

2019-11-27 09:36:28 - [MESSAGE][INFO] - https://docs.katalon.com/katalon-studio/docs/auto-healing-smart-xpath.html

2019-11-27 09:36:28 - [MESSAGE][INFO] - ===============================================================

2019-11-27 09:36:28 - [MESSAGE][PASSED] - Call Test Case 'Test Cases/Reusable_Test_Sequences/TRADES_Application/Validation/Please_Specify_Valid_Phone_Number' successfully

2019-11-27 09:36:28 - [TEST_STEP][PASSED] - "---------------------------------------------------------": null

2019-11-27 09:36:28 - [TEST_STEP][PASSED] - " Check Remaining Fields with NULL Data Validation Message|": null

2019-11-27 09:36:28 - [TEST_STEP][PASSED] - callTestCase(findTestCase("Reusable_Test_Sequences/TRADES_Application/Set_NULL_Data_In_Fields_Containing_Invalid_Data"), [:], CONTINUE_ON_FAILURE): Call Test Case 'Test Cases/Reusable_Test_Sequences/TRADES_Application/Set_NULL_Data_In_Fields_Containing_Invalid_Data' successfully

2019-11-27 09:36:28 - [TEST_CASE][PASSED] - Test Cases/Reusable_Test_Sequences/TRADES_Application/Set_NULL_Data_In_Fields_Containing_Invalid_Data: Test Cases/Reusable_Test_Sequences/TRADES_Application/Set_NULL_Data_In_Fields_Containing_Invalid_Data

2019-11-27 09:36:28 - [TEST_STEP][PASSED] - setText(findTestObject("Page_Checkatrade Want to build your business/input_Company Name_ctl00contenttbCompanyName"), ""): Text '' is set on object 'Object Repository/Page_Checkatrade Want to build your business/input_Company Name_ctl00contenttbCompanyName'

2019-11-27 09:36:28 - [MESSAGE][PASSED] - Text '' is set on object 'Object Repository/Page_Checkatrade Want to build your business/input_Company Name_ctl00contenttbCompanyName'

2019-11-27 09:36:28 - [TEST_STEP][PASSED] - setText(findTestObject("Page_Checkatrade Want to build your business/input_Your Full Name_ctl00contenttbContactName"), ""): Text '' is set on object 'Object Repository/Page_Checkatrade Want to build your business/input_Your Full Name_ctl00contenttbContactName'

2019-11-27 09:36:29 - [MESSAGE][PASSED] - Text '' is set on object 'Object Repository/Page_Checkatrade Want to build your business/input_Your Full Name_ctl00contenttbContactName'

2019-11-27 09:36:29 - [TEST_STEP][PASSED] - "TRADE CATEGORY": null

2019-11-27 09:36:29 - [TEST_STEP][PASSED] - setText(findTestObject("Page_Checkatrade Want to build your business/input_Postcode_ctl00contenttbPostCode"), ""): Text '' is set on object 'Object Repository/Page_Checkatrade Want to build your business/input_Postcode_ctl00contenttbPostCode'

2019-11-27 09:36:29 - [MESSAGE][PASSED] - Text '' is set on object 'Object Repository/Page_Checkatrade Want to build your business/input_Postcode_ctl00contenttbPostCode'

2019-11-27 09:36:29 - [TEST_STEP][PASSED] - setText(findTestObject("Page_Checkatrade Want to build your business/input_Contact Number_ctl00contenttbContactMob"), ""): Text '' is set on object 'Object Repository/Page_Checkatrade Want to build your business/input_Contact Number_ctl00contenttbContactMob'

2019-11-27 09:36:29 - [MESSAGE][PASSED] - Text '' is set on object 'Object Repository/Page_Checkatrade Want to build your business/input_Contact Number_ctl00contenttbContactMob'

2019-11-27 09:36:29 - [MESSAGE][INFO] - =================== Smart XPath Report =======================

2019-11-27 09:36:29 - [MESSAGE][INFO] - Refer to the link below to preview and approve auto healing on broken test objects.

2019-11-27 09:36:29 - [MESSAGE][INFO] - https://docs.katalon.com/katalon-studio/docs/auto-healing-smart-xpath.html

2019-11-27 09:36:29 - [MESSAGE][INFO] - ===============================================================

2019-11-27 09:36:29 - [MESSAGE][PASSED] - Call Test Case 'Test Cases/Reusable_Test_Sequences/TRADES_Application/Set_NULL_Data_In_Fields_Containing_Invalid_Data' successfully

2019-11-27 09:36:29 - [TEST_STEP][PASSED] - "--------------------------------------------------": null

2019-11-27 09:36:29 - [TEST_STEP][PASSED] - " Check initial Validation Message(s) are Produced |": null

2019-11-27 09:36:29 - [TEST_STEP][PASSED] - callTestCase(findTestCase("Reusable_Test_Sequences/TRADES_Application/Validation/This_Field_Is_Required"), [:], CONTINUE_ON_FAILURE): Call Test Case 'Test Cases/Reusable_Test_Sequences/TRADES_Application/Validation/This_Field_Is_Required' successfully

2019-11-27 09:36:29 - [TEST_CASE][PASSED] - Test Cases/Reusable_Test_Sequences/TRADES_Application/Validation/This_Field_Is_Required: Test Cases/Reusable_Test_Sequences/TRADES_Application/Validation/This_Field_Is_Required

2019-11-27 09:36:29 - [TEST_STEP][PASSED] - verifyTextPresent("This field is required", false): Text 'This field is required' is present on page 

2019-11-27 09:36:29 - [MESSAGE][PASSED] - Text 'This field is required' is present on page 

2019-11-27 09:36:29 - [MESSAGE][INFO] - =================== Smart XPath Report =======================

2019-11-27 09:36:29 - [MESSAGE][INFO] - Refer to the link below to preview and approve auto healing on broken test objects.

2019-11-27 09:36:29 - [MESSAGE][INFO] - https://docs.katalon.com/katalon-studio/docs/auto-healing-smart-xpath.html

2019-11-27 09:36:29 - [MESSAGE][INFO] - ===============================================================

2019-11-27 09:36:29 - [MESSAGE][PASSED] - Call Test Case 'Test Cases/Reusable_Test_Sequences/TRADES_Application/Validation/This_Field_Is_Required' successfully

2019-11-27 09:36:29 - [TEST_STEP][PASSED] - "--------------------------": null

2019-11-27 09:36:29 - [TEST_STEP][PASSED] - " Set - Company Name       |": null

2019-11-27 09:36:29 - [TEST_STEP][PASSED] - callTestCase(findTestCase("Reusable_Test_Sequences/TRADES_Application/Set_Company_Name"), [:], CONTINUE_ON_FAILURE): Call Test Case 'Test Cases/Reusable_Test_Sequences/TRADES_Application/Set_Company_Name' successfully

2019-11-27 09:36:29 - [TEST_CASE][PASSED] - Test Cases/Reusable_Test_Sequences/TRADES_Application/Set_Company_Name: Test Cases/Reusable_Test_Sequences/TRADES_Application/Set_Company_Name

2019-11-27 09:36:30 - [TEST_STEP][PASSED] - setText(findTestObject("Page_Checkatrade Want to build your business/input_Company Name_ctl00contenttbCompanyName"), CompanyName): Text 'Gutter Snipes' is set on object 'Object Repository/Page_Checkatrade Want to build your business/input_Company Name_ctl00contenttbCompanyName'

2019-11-27 09:36:30 - [MESSAGE][PASSED] - Text 'Gutter Snipes' is set on object 'Object Repository/Page_Checkatrade Want to build your business/input_Company Name_ctl00contenttbCompanyName'

2019-11-27 09:36:30 - [MESSAGE][INFO] - =================== Smart XPath Report =======================

2019-11-27 09:36:30 - [MESSAGE][INFO] - Refer to the link below to preview and approve auto healing on broken test objects.

2019-11-27 09:36:30 - [MESSAGE][INFO] - https://docs.katalon.com/katalon-studio/docs/auto-healing-smart-xpath.html

2019-11-27 09:36:30 - [MESSAGE][INFO] - ===============================================================

2019-11-27 09:36:30 - [MESSAGE][PASSED] - Call Test Case 'Test Cases/Reusable_Test_Sequences/TRADES_Application/Set_Company_Name' successfully

2019-11-27 09:36:30 - [TEST_STEP][PASSED] - "--------------------------": null

2019-11-27 09:36:30 - [TEST_STEP][PASSED] - " Set - Full Name          |": null

2019-11-27 09:36:30 - [TEST_STEP][PASSED] - callTestCase(findTestCase("Reusable_Test_Sequences/TRADES_Application/Set_Full_Name"), [:], CONTINUE_ON_FAILURE): Call Test Case 'Test Cases/Reusable_Test_Sequences/TRADES_Application/Set_Full_Name' successfully

2019-11-27 09:36:30 - [TEST_CASE][PASSED] - Test Cases/Reusable_Test_Sequences/TRADES_Application/Set_Full_Name: Test Cases/Reusable_Test_Sequences/TRADES_Application/Set_Full_Name

2019-11-27 09:36:31 - [TEST_STEP][PASSED] - setText(findTestObject("Page_Checkatrade Want to build your business/input_Your Full Name_ctl00contenttbContactName"), FullName): Text 'Ron MacTavish' is set on object 'Object Repository/Page_Checkatrade Want to build your business/input_Your Full Name_ctl00contenttbContactName'

2019-11-27 09:36:31 - [MESSAGE][PASSED] - Text 'Ron MacTavish' is set on object 'Object Repository/Page_Checkatrade Want to build your business/input_Your Full Name_ctl00contenttbContactName'

2019-11-27 09:36:31 - [MESSAGE][INFO] - =================== Smart XPath Report =======================

2019-11-27 09:36:31 - [MESSAGE][INFO] - Refer to the link below to preview and approve auto healing on broken test objects.

2019-11-27 09:36:31 - [MESSAGE][INFO] - https://docs.katalon.com/katalon-studio/docs/auto-healing-smart-xpath.html

2019-11-27 09:36:31 - [MESSAGE][INFO] - ===============================================================

2019-11-27 09:36:31 - [MESSAGE][PASSED] - Call Test Case 'Test Cases/Reusable_Test_Sequences/TRADES_Application/Set_Full_Name' successfully

2019-11-27 09:36:31 - [TEST_STEP][PASSED] - "--------------------------": null

2019-11-27 09:36:31 - [TEST_STEP][PASSED] - " Set - Trade Category     |": null

2019-11-27 09:36:31 - [TEST_STEP][PASSED] - "--------------------------": null

2019-11-27 09:36:31 - [TEST_STEP][PASSED] - "--------------------------": null

2019-11-27 09:36:31 - [TEST_STEP][PASSED] - " lookup - Trade Category  |": null

2019-11-27 09:36:31 - [TEST_STEP][PASSED] - "--------------------------": null

2019-11-27 09:36:31 - [TEST_STEP][PASSED] - "--------------------------": null

2019-11-27 09:36:31 - [TEST_STEP][PASSED] - " Postcode Prompt          |": null

2019-11-27 09:36:31 - [TEST_STEP][PASSED] - "--------------------------": null

2019-11-27 09:36:31 - [TEST_STEP][PASSED] - "--------------------------": null

2019-11-27 09:36:31 - [TEST_STEP][PASSED] - " Set - Postcode           |": null

2019-11-27 09:36:31 - [TEST_STEP][PASSED] - callTestCase(findTestCase("Reusable_Test_Sequences/TRADES_Application/Set_Postcode"), [:], CONTINUE_ON_FAILURE): Call Test Case 'Test Cases/Reusable_Test_Sequences/TRADES_Application/Set_Postcode' successfully

2019-11-27 09:36:31 - [TEST_CASE][PASSED] - Test Cases/Reusable_Test_Sequences/TRADES_Application/Set_Postcode: Test Cases/Reusable_Test_Sequences/TRADES_Application/Set_Postcode

2019-11-27 09:36:32 - [TEST_STEP][PASSED] - setText(findTestObject("Object Repository/Page_Checkatrade Want to build your business/Page_Checkatrade Want to build your business/input_Postcode_ctl00contenttbPostCode"), postcode): Text 'PO12 4SD' is set on object 'Object Repository/Page_Checkatrade Want to build your business/Page_Checkatrade Want to build your business/input_Postcode_ctl00contenttbPostCode'

2019-11-27 09:36:32 - [MESSAGE][PASSED] - Text 'PO12 4SD' is set on object 'Object Repository/Page_Checkatrade Want to build your business/Page_Checkatrade Want to build your business/input_Postcode_ctl00contenttbPostCode'

2019-11-27 09:36:32 - [MESSAGE][INFO] - =================== Smart XPath Report =======================

2019-11-27 09:36:32 - [MESSAGE][INFO] - Refer to the link below to preview and approve auto healing on broken test objects.

2019-11-27 09:36:32 - [MESSAGE][INFO] - https://docs.katalon.com/katalon-studio/docs/auto-healing-smart-xpath.html

2019-11-27 09:36:32 - [MESSAGE][INFO] - ===============================================================

2019-11-27 09:36:32 - [MESSAGE][PASSED] - Call Test Case 'Test Cases/Reusable_Test_Sequences/TRADES_Application/Set_Postcode' successfully

2019-11-27 09:36:32 - [TEST_STEP][PASSED] - "--------------------------": null

2019-11-27 09:36:32 - [TEST_STEP][PASSED] - " Set - Contact Number     |": null

2019-11-27 09:36:32 - [TEST_STEP][PASSED] - callTestCase(findTestCase("Reusable_Test_Sequences/TRADES_Application/Set_Contact_Number"), [:], CONTINUE_ON_FAILURE): Call Test Case 'Test Cases/Reusable_Test_Sequences/TRADES_Application/Set_Contact_Number' successfully

2019-11-27 09:36:32 - [TEST_CASE][PASSED] - Test Cases/Reusable_Test_Sequences/TRADES_Application/Set_Contact_Number: Test Cases/Reusable_Test_Sequences/TRADES_Application/Set_Contact_Number

2019-11-27 09:36:33 - [TEST_STEP][PASSED] - setText(findTestObject("Page_Checkatrade Want to build your business/input_Contact Number_ctl00contenttbContactMob"), ContactNumber): Text '02380123456' is set on object 'Object Repository/Page_Checkatrade Want to build your business/input_Contact Number_ctl00contenttbContactMob'

2019-11-27 09:36:33 - [MESSAGE][PASSED] - Text '02380123456' is set on object 'Object Repository/Page_Checkatrade Want to build your business/input_Contact Number_ctl00contenttbContactMob'

2019-11-27 09:36:33 - [MESSAGE][INFO] - =================== Smart XPath Report =======================

2019-11-27 09:36:33 - [MESSAGE][INFO] - Refer to the link below to preview and approve auto healing on broken test objects.

2019-11-27 09:36:33 - [MESSAGE][INFO] - https://docs.katalon.com/katalon-studio/docs/auto-healing-smart-xpath.html

2019-11-27 09:36:33 - [MESSAGE][INFO] - ===============================================================

2019-11-27 09:36:33 - [MESSAGE][PASSED] - Call Test Case 'Test Cases/Reusable_Test_Sequences/TRADES_Application/Set_Contact_Number' successfully

2019-11-27 09:36:33 - [TEST_STEP][PASSED] - "--------------------------": null

2019-11-27 09:36:33 - [TEST_STEP][PASSED] - " Hit the <SUBMIT> Button  |": null

2019-11-27 09:36:33 - [TEST_STEP][PASSED] - callTestCase(findTestCase("Reusable_Test_Sequences/TRADES_Application/Hit_Submit"), [:], CONTINUE_ON_FAILURE): Call Test Case 'Test Cases/Reusable_Test_Sequences/TRADES_Application/Hit_Submit' successfully

2019-11-27 09:36:33 - [TEST_CASE][PASSED] - Test Cases/Reusable_Test_Sequences/TRADES_Application/Hit_Submit: Test Cases/Reusable_Test_Sequences/TRADES_Application/Hit_Submit

2019-11-27 09:36:33 - [TEST_STEP][PASSED] - "----------------------------------------------------------------------------------": null

2019-11-27 09:36:33 - [TEST_STEP][PASSED] - "SUBMIT BUTTON IS OFF THE BOTTOM OF THE PAGE - SO NEED TO SCROLL TO BOTTOM OF PAGE  |": null

2019-11-27 09:36:33 - [TEST_STEP][PASSED] - scrollToElement(findTestObject("Object Repository/Page_Checkatrade Want to build your business/input_membership terms and conditions_ctl00contentbtnSubmit"), 5): Scroll to object 'Object Repository/Page_Checkatrade Want to build your business/input_membership terms and conditions_ctl00contentbtnSubmit' successfully

2019-11-27 09:36:33 - [MESSAGE][PASSED] - Scroll to object 'Object Repository/Page_Checkatrade Want to build your business/input_membership terms and conditions_ctl00contentbtnSubmit' successfully

2019-11-27 09:36:33 - [TEST_STEP][PASSED] - delay(1): Delayed 1 second(s)

2019-11-27 09:36:34 - [MESSAGE][PASSED] - Delayed 1 second(s)

2019-11-27 09:36:34 - [TEST_STEP][PASSED] - "-------------": null

2019-11-27 09:36:34 - [TEST_STEP][PASSED] - "Click Submit |": null

2019-11-27 09:36:34 - [TEST_STEP][PASSED] - click(findTestObject("Object Repository/Page_Checkatrade Want to build your business/input_membership terms and conditions_ctl00contentbtnSubmit")): Object: 'Object Repository/Page_Checkatrade Want to build your business/input_membership terms and conditions_ctl00contentbtnSubmit' is clicked on

2019-11-27 09:36:35 - [MESSAGE][PASSED] - Object: 'Object Repository/Page_Checkatrade Want to build your business/input_membership terms and conditions_ctl00contentbtnSubmit' is clicked on

2019-11-27 09:36:35 - [MESSAGE][INFO] - =================== Smart XPath Report =======================

2019-11-27 09:36:35 - [MESSAGE][INFO] - Refer to the link below to preview and approve auto healing on broken test objects.

2019-11-27 09:36:35 - [MESSAGE][INFO] - https://docs.katalon.com/katalon-studio/docs/auto-healing-smart-xpath.html

2019-11-27 09:36:35 - [MESSAGE][INFO] - ===============================================================

2019-11-27 09:36:35 - [MESSAGE][PASSED] - Call Test Case 'Test Cases/Reusable_Test_Sequences/TRADES_Application/Hit_Submit' successfully

2019-11-27 09:36:35 - [TEST_STEP][PASSED] - "---------------------------------------------------": null

2019-11-27 09:36:35 - [TEST_STEP][PASSED] - "Verify CONGRATULATIONS is reported after form fill ": null

2019-11-27 09:36:35 - [TEST_STEP][PASSED] - callTestCase(findTestCase("Reusable_Test_Sequences/TRADES_Application/Congratulations_Reported"), [:], CONTINUE_ON_FAILURE): Call Test Case 'Test Cases/Reusable_Test_Sequences/TRADES_Application/Congratulations_Reported' successfully

2019-11-27 09:36:36 - [TEST_CASE][PASSED] - Test Cases/Reusable_Test_Sequences/TRADES_Application/Congratulations_Reported: Test Cases/Reusable_Test_Sequences/TRADES_Application/Congratulations_Reported

2019-11-27 09:36:36 - [TEST_STEP][PASSED] - waitForPageLoad(5): Wait for page load successfully

2019-11-27 09:36:36 - [MESSAGE][PASSED] - Wait for page load successfully

2019-11-27 09:36:36 - [TEST_STEP][PASSED] - delay(1): Delayed 1 second(s)

2019-11-27 09:36:37 - [MESSAGE][PASSED] - Delayed 1 second(s)

2019-11-27 09:36:37 - [TEST_STEP][PASSED] - verifyTextPresent("Congratulations, you're one step closer to becoming a Checkatrade Member!", false): Text 'Congratulations, you're one step closer to becoming a Checkatrade Member!' is present on page 

2019-11-27 09:36:37 - [MESSAGE][PASSED] - Text 'Congratulations, you're one step closer to becoming a Checkatrade Member!' is present on page 

2019-11-27 09:36:37 - [MESSAGE][INFO] - =================== Smart XPath Report =======================

2019-11-27 09:36:37 - [MESSAGE][INFO] - Refer to the link below to preview and approve auto healing on broken test objects.

2019-11-27 09:36:37 - [MESSAGE][INFO] - https://docs.katalon.com/katalon-studio/docs/auto-healing-smart-xpath.html

2019-11-27 09:36:37 - [MESSAGE][INFO] - ===============================================================

2019-11-27 09:36:37 - [MESSAGE][PASSED] - Call Test Case 'Test Cases/Reusable_Test_Sequences/TRADES_Application/Congratulations_Reported' successfully

2019-11-27 09:36:37 - [TEST_STEP][PASSED] - "--------------------------": null

2019-11-27 09:36:37 - [TEST_STEP][PASSED] - " Teardown - CLose Browser |": null

2019-11-27 09:36:37 - [TEST_STEP][PASSED] - callTestCase(findTestCase("Reusable_Test_Sequences/CAT_Teardown"), [:], OPTIONAL): Call Test Case 'Test Cases/Reusable_Test_Sequences/CAT_Teardown' successfully

2019-11-27 09:36:37 - [TEST_CASE][PASSED] - Test Cases/Reusable_Test_Sequences/CAT_Teardown: Test Cases/Reusable_Test_Sequences/CAT_Teardown

2019-11-27 09:36:38 - [TEST_STEP][PASSED] - closeBrowser(): Browser is closed

2019-11-27 09:36:41 - [MESSAGE][PASSED] - Browser is closed

2019-11-27 09:36:41 - [MESSAGE][INFO] - =================== Smart XPath Report =======================

2019-11-27 09:36:41 - [MESSAGE][INFO] - Refer to the link below to preview and approve auto healing on broken test objects.

2019-11-27 09:36:41 - [MESSAGE][INFO] - https://docs.katalon.com/katalon-studio/docs/auto-healing-smart-xpath.html

2019-11-27 09:36:41 - [MESSAGE][INFO] - ===============================================================

2019-11-27 09:36:41 - [MESSAGE][PASSED] - Call Test Case 'Test Cases/Reusable_Test_Sequences/CAT_Teardown' successfully

2019-11-27 09:36:41 - [TEST_STEP][PASSED] - "-------------------------------------------": null

2019-11-27 09:36:41 - [TEST_STEP][PASSED] - " Web Office Call to Ensure NEW CASE Opened |": null

2019-11-27 09:36:41 - [TEST_STEP][PASSED] - "-------------------------------------------": null

2019-11-27 09:36:41 - [TEST_STEP][PASSED] - "------": null

2019-11-27 09:36:41 - [TEST_STEP][PASSED] - "TODO  |": null

2019-11-27 09:36:41 - [TEST_STEP][PASSED] - callTestCase(findTestCase("Web_Office/Case_Opened"), [:], CONTINUE_ON_FAILURE): Call Test Case 'Test Cases/Web_Office/Case_Opened' successfully

2019-11-27 09:36:41 - [TEST_CASE][PASSED] - Test Cases/Web_Office/Case_Opened: Test Cases/Web_Office/Case_Opened

2019-11-27 09:36:41 - [TEST_STEP][PASSED] - return null: null

2019-11-27 09:36:41 - [MESSAGE][INFO] - =================== Smart XPath Report =======================

2019-11-27 09:36:41 - [MESSAGE][INFO] - Refer to the link below to preview and approve auto healing on broken test objects.

2019-11-27 09:36:41 - [MESSAGE][INFO] - https://docs.katalon.com/katalon-studio/docs/auto-healing-smart-xpath.html

2019-11-27 09:36:41 - [MESSAGE][INFO] - ===============================================================

2019-11-27 09:36:41 - [MESSAGE][PASSED] - Call Test Case 'Test Cases/Web_Office/Case_Opened' successfully

2019-11-27 09:36:41 - [TEST_STEP][PASSED] - "--------------------------": null

2019-11-27 09:36:41 - [TEST_STEP][PASSED] - " END                      |": null

2019-11-27 09:36:41 - [TEST_STEP][PASSED] - "--------------------------": null

2019-11-27 09:36:41 - [TEST_STEP][PASSED] - markWarning("No Validation of POSTCODE apart from NULL Entry Check! * FOR INRORMATION ONLY *"): No Validation of POSTCODE apart from NULL Entry Check! * FOR INRORMATION ONLY *

2019-11-27 09:36:41 - [MESSAGE][WARNING] - No Validation of POSTCODE apart from NULL Entry Check! * FOR INRORMATION ONLY *

2019-11-27 09:36:41 - [TEST_STEP][PASSED] - markWarning("No Validation of COMPANY NAME apart from NULL Entry Check! * FOR INRORMATION ONLY *"): No Validation of COMPANY NAME apart from NULL Entry Check! * FOR INRORMATION ONLY *

2019-11-27 09:36:41 - [MESSAGE][WARNING] - No Validation of COMPANY NAME apart from NULL Entry Check! * FOR INRORMATION ONLY *

2019-11-27 09:36:41 - [TEST_STEP][PASSED] - markWarning("No Validation of YOUR FULL NAME apart from NULL Entry Check! * FOR INRORMATION ONLY *"): No Validation of YOUR FULL NAME apart from NULL Entry Check! * FOR INRORMATION ONLY *

2019-11-27 09:36:41 - [MESSAGE][WARNING] - No Validation of YOUR FULL NAME apart from NULL Entry Check! * FOR INRORMATION ONLY *]]></system-out>
         <system-err><![CDATA[]]></system-err>
      </testcase>
      <testcase name="Test Cases/Sign_Up/Trades_Apply_Here" time="26.29" classname="Test Cases/Sign_Up/Trades_Apply_Here" status="PASSED">
         <system-out><![CDATA[2019-11-27 09:36:41 - [TEST_CASE][PASSED] - Test Cases/Sign_Up/Trades_Apply_Here: Test Cases/Sign_Up/Trades_Apply_Here

2019-11-27 09:36:42 - [TEST_STEP][PASSED] - callTestCase(findTestCase("Reusable_Test_Sequences/CAT_Setup"), [:], OPTIONAL): Call Test Case 'Test Cases/Reusable_Test_Sequences/CAT_Setup' successfully

2019-11-27 09:36:42 - [TEST_CASE][PASSED] - Test Cases/Reusable_Test_Sequences/CAT_Setup: Test Cases/Reusable_Test_Sequences/CAT_Setup

2019-11-27 09:36:42 - [TEST_STEP][PASSED] - "URL - Set from the ENVIRONMENT PROFILE ": null

2019-11-27 09:36:42 - [TEST_STEP][PASSED] - openBrowser(URL): Browser is opened with url: 'https://www.preview.checkatrade.com/'

2019-11-27 09:36:42 - [MESSAGE][INFO] - Starting 'Firefox' driver

2019-11-27 09:36:51 - [MESSAGE][PASSED] - Browser is opened with url: 'https://www.preview.checkatrade.com/'

2019-11-27 09:36:51 - [TEST_STEP][PASSED] - maximizeWindow(): Current window maximized

2019-11-27 09:36:52 - [MESSAGE][PASSED] - Current window maximized

2019-11-27 09:36:52 - [TEST_STEP][PASSED] - waitForPageLoad(60): Wait for page load successfully

2019-11-27 09:36:52 - [MESSAGE][PASSED] - Wait for page load successfully

2019-11-27 09:36:52 - [TEST_STEP][PASSED] - waitForElementVisible(findTestObject("Page_Checkatrade Find a tradesperson you can trust/a_Search"), 25): Object 'Object Repository/Page_Checkatrade Find a tradesperson you can trust/a_Search' is visible

2019-11-27 09:36:52 - [MESSAGE][PASSED] - Object 'Object Repository/Page_Checkatrade Find a tradesperson you can trust/a_Search' is visible

2019-11-27 09:36:52 - [TEST_STEP][PASSED] - try: null

2019-11-27 09:36:52 - [TEST_STEP][PASSED] - if (verifyElementPresent(findTestObject("Page_Checkatrade Find a tradesperson you can trust/div_close"), 1, OPTIONAL)): null

2019-11-27 09:36:52 - [MESSAGE][PASSED] - Object 'Object Repository/Page_Checkatrade Find a tradesperson you can trust/div_close' is present

2019-11-27 09:36:52 - [TEST_STEP][PASSED] - click(findTestObject("Page_Checkatrade Find a tradesperson you can trust/div_close")): Object: 'Object Repository/Page_Checkatrade Find a tradesperson you can trust/div_close' is clicked on

2019-11-27 09:36:52 - [MESSAGE][PASSED] - Object: 'Object Repository/Page_Checkatrade Find a tradesperson you can trust/div_close' is clicked on

2019-11-27 09:36:52 - [TEST_STEP][PASSED] - "---------------------------------": null

2019-11-27 09:36:52 - [TEST_STEP][PASSED] - "COOKIE POPOUT REMOVED - Confirmed": null

2019-11-27 09:36:52 - [TEST_STEP][PASSED] - delay(1): Delayed 1 second(s)

2019-11-27 09:36:53 - [MESSAGE][PASSED] - Delayed 1 second(s)

2019-11-27 09:36:53 - [TEST_STEP][PASSED] - verifyTextNotPresent("Checkatrade.com uses cookies to make sure you get the best browsing experience", false): Text 'Checkatrade.com uses cookies to make sure you get the best browsing experience' is not present on page

2019-11-27 09:36:54 - [MESSAGE][PASSED] - Text 'Checkatrade.com uses cookies to make sure you get the best browsing experience' is not present on page

2019-11-27 09:36:54 - [TEST_STEP][PASSED] - try: null

2019-11-27 09:36:54 - [TEST_STEP][PASSED] - if (verifyElementPresent(findTestObject("Page_Checkatrade Find a tradesperson you can trust/div_close_1"), 1, OPTIONAL)): null

2019-11-27 09:36:54 - [MESSAGE][PASSED] - Object 'Object Repository/Page_Checkatrade Find a tradesperson you can trust/div_close_1' is present

2019-11-27 09:36:54 - [TEST_STEP][PASSED] - click(findTestObject("Page_Checkatrade Find a tradesperson you can trust/div_close_1")): Object: 'Object Repository/Page_Checkatrade Find a tradesperson you can trust/div_close_1' is clicked on

2019-11-27 09:36:54 - [MESSAGE][PASSED] - Object: 'Object Repository/Page_Checkatrade Find a tradesperson you can trust/div_close_1' is clicked on

2019-11-27 09:36:54 - [TEST_STEP][PASSED] - "---------------------------------": null

2019-11-27 09:36:54 - [TEST_STEP][PASSED] - "PRIVACY POPOUT REMOVED - Confirmed": null

2019-11-27 09:36:54 - [TEST_STEP][PASSED] - delay(1): Delayed 1 second(s)

2019-11-27 09:36:55 - [MESSAGE][PASSED] - Delayed 1 second(s)

2019-11-27 09:36:55 - [TEST_STEP][PASSED] - verifyTextNotPresent("We have updated our Privacy Policy, please review this", false): Text 'We have updated our Privacy Policy, please review this' is not present on page

2019-11-27 09:36:56 - [MESSAGE][PASSED] - Text 'We have updated our Privacy Policy, please review this' is not present on page

2019-11-27 09:36:56 - [MESSAGE][INFO] - =================== Smart XPath Report =======================

2019-11-27 09:36:56 - [MESSAGE][INFO] - Refer to the link below to preview and approve auto healing on broken test objects.

2019-11-27 09:36:56 - [MESSAGE][INFO] - https://docs.katalon.com/katalon-studio/docs/auto-healing-smart-xpath.html

2019-11-27 09:36:56 - [MESSAGE][INFO] - ===============================================================

2019-11-27 09:36:56 - [MESSAGE][PASSED] - Call Test Case 'Test Cases/Reusable_Test_Sequences/CAT_Setup' successfully

2019-11-27 09:36:56 - [TEST_STEP][PASSED] - "--------------------------------------": null

2019-11-27 09:36:56 - [TEST_STEP][PASSED] - " Hit the <TRADES, APPLY HERE> Button  |": null

2019-11-27 09:36:56 - [TEST_STEP][PASSED] - callTestCase(findTestCase("Reusable_Test_Sequences/Banner_Menu/Trades_Apply_Here"), [:], OPTIONAL): Call Test Case 'Test Cases/Reusable_Test_Sequences/Banner_Menu/Trades_Apply_Here' successfully

2019-11-27 09:36:56 - [TEST_CASE][PASSED] - Test Cases/Reusable_Test_Sequences/Banner_Menu/Trades_Apply_Here: Test Cases/Reusable_Test_Sequences/Banner_Menu/Trades_Apply_Here

2019-11-27 09:36:56 - [TEST_STEP][PASSED] - click(findTestObject("Object Repository/Page_Checkatrade Find a tradesperson you can trust/a_Trades                                apply here")): Object: 'Object Repository/Page_Checkatrade Find a tradesperson you can trust/a_Trades                                apply here' is clicked on

2019-11-27 09:36:59 - [MESSAGE][PASSED] - Object: 'Object Repository/Page_Checkatrade Find a tradesperson you can trust/a_Trades                                apply here' is clicked on

2019-11-27 09:36:59 - [MESSAGE][INFO] - =================== Smart XPath Report =======================

2019-11-27 09:36:59 - [MESSAGE][INFO] - Refer to the link below to preview and approve auto healing on broken test objects.

2019-11-27 09:36:59 - [MESSAGE][INFO] - https://docs.katalon.com/katalon-studio/docs/auto-healing-smart-xpath.html

2019-11-27 09:36:59 - [MESSAGE][INFO] - ===============================================================

2019-11-27 09:36:59 - [MESSAGE][PASSED] - Call Test Case 'Test Cases/Reusable_Test_Sequences/Banner_Menu/Trades_Apply_Here' successfully

2019-11-27 09:36:59 - [TEST_STEP][PASSED] - "--------------------------": null

2019-11-27 09:36:59 - [TEST_STEP][PASSED] - " Set - Full Name          |": null

2019-11-27 09:36:59 - [TEST_STEP][PASSED] - callTestCase(findTestCase("Reusable_Test_Sequences/TRADES_Application/Set_Full_Name"), [:], CONTINUE_ON_FAILURE): Call Test Case 'Test Cases/Reusable_Test_Sequences/TRADES_Application/Set_Full_Name' successfully

2019-11-27 09:36:59 - [TEST_CASE][PASSED] - Test Cases/Reusable_Test_Sequences/TRADES_Application/Set_Full_Name: Test Cases/Reusable_Test_Sequences/TRADES_Application/Set_Full_Name

2019-11-27 09:36:59 - [TEST_STEP][PASSED] - setText(findTestObject("Page_Checkatrade Want to build your business/input_Your Full Name_ctl00contenttbContactName"), FullName): Text 'Ron MacTavish' is set on object 'Object Repository/Page_Checkatrade Want to build your business/input_Your Full Name_ctl00contenttbContactName'

2019-11-27 09:37:00 - [MESSAGE][PASSED] - Text 'Ron MacTavish' is set on object 'Object Repository/Page_Checkatrade Want to build your business/input_Your Full Name_ctl00contenttbContactName'

2019-11-27 09:37:00 - [MESSAGE][INFO] - =================== Smart XPath Report =======================

2019-11-27 09:37:00 - [MESSAGE][INFO] - Refer to the link below to preview and approve auto healing on broken test objects.

2019-11-27 09:37:00 - [MESSAGE][INFO] - https://docs.katalon.com/katalon-studio/docs/auto-healing-smart-xpath.html

2019-11-27 09:37:00 - [MESSAGE][INFO] - ===============================================================

2019-11-27 09:37:00 - [MESSAGE][PASSED] - Call Test Case 'Test Cases/Reusable_Test_Sequences/TRADES_Application/Set_Full_Name' successfully

2019-11-27 09:37:00 - [TEST_STEP][PASSED] - "--------------------------": null

2019-11-27 09:37:00 - [TEST_STEP][PASSED] - " Set - Email Address      |": null

2019-11-27 09:37:00 - [TEST_STEP][PASSED] - callTestCase(findTestCase("Reusable_Test_Sequences/TRADES_Application/Set_Email_Address"), [:], CONTINUE_ON_FAILURE): Call Test Case 'Test Cases/Reusable_Test_Sequences/TRADES_Application/Set_Email_Address' successfully

2019-11-27 09:37:00 - [TEST_CASE][PASSED] - Test Cases/Reusable_Test_Sequences/TRADES_Application/Set_Email_Address: Test Cases/Reusable_Test_Sequences/TRADES_Application/Set_Email_Address

2019-11-27 09:37:00 - [TEST_STEP][PASSED] - setText(findTestObject("Page_Checkatrade Want to build your business/input_Email Address_ctl00contenttbContactEmail"), EmailAddress): Text 'ron_mctavish@xtc_0z0.com' is set on object 'Object Repository/Page_Checkatrade Want to build your business/input_Email Address_ctl00contenttbContactEmail'

2019-11-27 09:37:00 - [MESSAGE][PASSED] - Text 'ron_mctavish@xtc_0z0.com' is set on object 'Object Repository/Page_Checkatrade Want to build your business/input_Email Address_ctl00contenttbContactEmail'

2019-11-27 09:37:00 - [MESSAGE][INFO] - =================== Smart XPath Report =======================

2019-11-27 09:37:00 - [MESSAGE][INFO] - Refer to the link below to preview and approve auto healing on broken test objects.

2019-11-27 09:37:00 - [MESSAGE][INFO] - https://docs.katalon.com/katalon-studio/docs/auto-healing-smart-xpath.html

2019-11-27 09:37:00 - [MESSAGE][INFO] - ===============================================================

2019-11-27 09:37:00 - [MESSAGE][PASSED] - Call Test Case 'Test Cases/Reusable_Test_Sequences/TRADES_Application/Set_Email_Address' successfully

2019-11-27 09:37:00 - [TEST_STEP][PASSED] - "--------------------------": null

2019-11-27 09:37:00 - [TEST_STEP][PASSED] - " Set - Company Name       |": null

2019-11-27 09:37:00 - [TEST_STEP][PASSED] - callTestCase(findTestCase("Reusable_Test_Sequences/TRADES_Application/Set_Company_Name"), [:], CONTINUE_ON_FAILURE): Call Test Case 'Test Cases/Reusable_Test_Sequences/TRADES_Application/Set_Company_Name' successfully

2019-11-27 09:37:00 - [TEST_CASE][PASSED] - Test Cases/Reusable_Test_Sequences/TRADES_Application/Set_Company_Name: Test Cases/Reusable_Test_Sequences/TRADES_Application/Set_Company_Name

2019-11-27 09:37:00 - [TEST_STEP][PASSED] - setText(findTestObject("Page_Checkatrade Want to build your business/input_Company Name_ctl00contenttbCompanyName"), CompanyName): Text 'Gutter Snipes' is set on object 'Object Repository/Page_Checkatrade Want to build your business/input_Company Name_ctl00contenttbCompanyName'

2019-11-27 09:37:00 - [MESSAGE][PASSED] - Text 'Gutter Snipes' is set on object 'Object Repository/Page_Checkatrade Want to build your business/input_Company Name_ctl00contenttbCompanyName'

2019-11-27 09:37:00 - [MESSAGE][INFO] - =================== Smart XPath Report =======================

2019-11-27 09:37:00 - [MESSAGE][INFO] - Refer to the link below to preview and approve auto healing on broken test objects.

2019-11-27 09:37:00 - [MESSAGE][INFO] - https://docs.katalon.com/katalon-studio/docs/auto-healing-smart-xpath.html

2019-11-27 09:37:00 - [MESSAGE][INFO] - ===============================================================

2019-11-27 09:37:00 - [MESSAGE][PASSED] - Call Test Case 'Test Cases/Reusable_Test_Sequences/TRADES_Application/Set_Company_Name' successfully

2019-11-27 09:37:00 - [TEST_STEP][PASSED] - "--------------------------": null

2019-11-27 09:37:00 - [TEST_STEP][PASSED] - " Set - Trade Category     |": null

2019-11-27 09:37:00 - [TEST_STEP][PASSED] - "--------------------------": null

2019-11-27 09:37:00 - [TEST_STEP][PASSED] - "--------------------------": null

2019-11-27 09:37:00 - [TEST_STEP][PASSED] - " lookup - Trade Category  |": null

2019-11-27 09:37:00 - [TEST_STEP][PASSED] - "--------------------------": null

2019-11-27 09:37:00 - [TEST_STEP][PASSED] - "--------------------------": null

2019-11-27 09:37:00 - [TEST_STEP][PASSED] - " Postcode Prompt          |": null

2019-11-27 09:37:00 - [TEST_STEP][PASSED] - "--------------------------": null

2019-11-27 09:37:00 - [TEST_STEP][PASSED] - "--------------------------": null

2019-11-27 09:37:00 - [TEST_STEP][PASSED] - " Set - Postcode           |": null

2019-11-27 09:37:00 - [TEST_STEP][PASSED] - "--------------------------": null

2019-11-27 09:37:00 - [TEST_STEP][PASSED] - "--------------------------": null

2019-11-27 09:37:00 - [TEST_STEP][PASSED] - " Set - Contact Number     |": null

2019-11-27 09:37:00 - [TEST_STEP][PASSED] - callTestCase(findTestCase("Reusable_Test_Sequences/TRADES_Application/Set_Contact_Number"), [:], CONTINUE_ON_FAILURE): Call Test Case 'Test Cases/Reusable_Test_Sequences/TRADES_Application/Set_Contact_Number' successfully

2019-11-27 09:37:00 - [TEST_CASE][PASSED] - Test Cases/Reusable_Test_Sequences/TRADES_Application/Set_Contact_Number: Test Cases/Reusable_Test_Sequences/TRADES_Application/Set_Contact_Number

2019-11-27 09:37:00 - [TEST_STEP][PASSED] - setText(findTestObject("Page_Checkatrade Want to build your business/input_Contact Number_ctl00contenttbContactMob"), ContactNumber): Text '02380123456' is set on object 'Object Repository/Page_Checkatrade Want to build your business/input_Contact Number_ctl00contenttbContactMob'

2019-11-27 09:37:01 - [MESSAGE][PASSED] - Text '02380123456' is set on object 'Object Repository/Page_Checkatrade Want to build your business/input_Contact Number_ctl00contenttbContactMob'

2019-11-27 09:37:01 - [MESSAGE][INFO] - =================== Smart XPath Report =======================

2019-11-27 09:37:01 - [MESSAGE][INFO] - Refer to the link below to preview and approve auto healing on broken test objects.

2019-11-27 09:37:01 - [MESSAGE][INFO] - https://docs.katalon.com/katalon-studio/docs/auto-healing-smart-xpath.html

2019-11-27 09:37:01 - [MESSAGE][INFO] - ===============================================================

2019-11-27 09:37:01 - [MESSAGE][PASSED] - Call Test Case 'Test Cases/Reusable_Test_Sequences/TRADES_Application/Set_Contact_Number' successfully

2019-11-27 09:37:01 - [TEST_STEP][PASSED] - "--------------------------": null

2019-11-27 09:37:01 - [TEST_STEP][PASSED] - " Set - Postcode NEW       |": null

2019-11-27 09:37:01 - [TEST_STEP][PASSED] - callTestCase(findTestCase("Reusable_Test_Sequences/TRADES_Application/Set_Postcode"), [:], CONTINUE_ON_FAILURE): Call Test Case 'Test Cases/Reusable_Test_Sequences/TRADES_Application/Set_Postcode' successfully

2019-11-27 09:37:01 - [TEST_CASE][PASSED] - Test Cases/Reusable_Test_Sequences/TRADES_Application/Set_Postcode: Test Cases/Reusable_Test_Sequences/TRADES_Application/Set_Postcode

2019-11-27 09:37:01 - [TEST_STEP][PASSED] - setText(findTestObject("Object Repository/Page_Checkatrade Want to build your business/Page_Checkatrade Want to build your business/input_Postcode_ctl00contenttbPostCode"), postcode): Text 'PO12 4SD' is set on object 'Object Repository/Page_Checkatrade Want to build your business/Page_Checkatrade Want to build your business/input_Postcode_ctl00contenttbPostCode'

2019-11-27 09:37:01 - [MESSAGE][PASSED] - Text 'PO12 4SD' is set on object 'Object Repository/Page_Checkatrade Want to build your business/Page_Checkatrade Want to build your business/input_Postcode_ctl00contenttbPostCode'

2019-11-27 09:37:01 - [MESSAGE][INFO] - =================== Smart XPath Report =======================

2019-11-27 09:37:01 - [MESSAGE][INFO] - Refer to the link below to preview and approve auto healing on broken test objects.

2019-11-27 09:37:01 - [MESSAGE][INFO] - https://docs.katalon.com/katalon-studio/docs/auto-healing-smart-xpath.html

2019-11-27 09:37:01 - [MESSAGE][INFO] - ===============================================================

2019-11-27 09:37:01 - [MESSAGE][PASSED] - Call Test Case 'Test Cases/Reusable_Test_Sequences/TRADES_Application/Set_Postcode' successfully

2019-11-27 09:37:01 - [TEST_STEP][PASSED] - "--------------------------": null

2019-11-27 09:37:01 - [TEST_STEP][PASSED] - " Hit the <SUBMIT> Button  |": null

2019-11-27 09:37:01 - [TEST_STEP][PASSED] - callTestCase(findTestCase("Reusable_Test_Sequences/TRADES_Application/Hit_Submit"), [:], CONTINUE_ON_FAILURE): Call Test Case 'Test Cases/Reusable_Test_Sequences/TRADES_Application/Hit_Submit' successfully

2019-11-27 09:37:01 - [TEST_CASE][PASSED] - Test Cases/Reusable_Test_Sequences/TRADES_Application/Hit_Submit: Test Cases/Reusable_Test_Sequences/TRADES_Application/Hit_Submit

2019-11-27 09:37:01 - [TEST_STEP][PASSED] - "----------------------------------------------------------------------------------": null

2019-11-27 09:37:01 - [TEST_STEP][PASSED] - "SUBMIT BUTTON IS OFF THE BOTTOM OF THE PAGE - SO NEED TO SCROLL TO BOTTOM OF PAGE  |": null

2019-11-27 09:37:01 - [TEST_STEP][PASSED] - scrollToElement(findTestObject("Object Repository/Page_Checkatrade Want to build your business/input_membership terms and conditions_ctl00contentbtnSubmit"), 5): Scroll to object 'Object Repository/Page_Checkatrade Want to build your business/input_membership terms and conditions_ctl00contentbtnSubmit' successfully

2019-11-27 09:37:01 - [MESSAGE][PASSED] - Scroll to object 'Object Repository/Page_Checkatrade Want to build your business/input_membership terms and conditions_ctl00contentbtnSubmit' successfully

2019-11-27 09:37:01 - [TEST_STEP][PASSED] - delay(1): Delayed 1 second(s)

2019-11-27 09:37:02 - [MESSAGE][PASSED] - Delayed 1 second(s)

2019-11-27 09:37:02 - [TEST_STEP][PASSED] - "-------------": null

2019-11-27 09:37:02 - [TEST_STEP][PASSED] - "Click Submit |": null

2019-11-27 09:37:02 - [TEST_STEP][PASSED] - click(findTestObject("Object Repository/Page_Checkatrade Want to build your business/input_membership terms and conditions_ctl00contentbtnSubmit")): Object: 'Object Repository/Page_Checkatrade Want to build your business/input_membership terms and conditions_ctl00contentbtnSubmit' is clicked on

2019-11-27 09:37:04 - [MESSAGE][PASSED] - Object: 'Object Repository/Page_Checkatrade Want to build your business/input_membership terms and conditions_ctl00contentbtnSubmit' is clicked on

2019-11-27 09:37:04 - [MESSAGE][INFO] - =================== Smart XPath Report =======================

2019-11-27 09:37:04 - [MESSAGE][INFO] - Refer to the link below to preview and approve auto healing on broken test objects.

2019-11-27 09:37:04 - [MESSAGE][INFO] - https://docs.katalon.com/katalon-studio/docs/auto-healing-smart-xpath.html

2019-11-27 09:37:04 - [MESSAGE][INFO] - ===============================================================

2019-11-27 09:37:04 - [MESSAGE][PASSED] - Call Test Case 'Test Cases/Reusable_Test_Sequences/TRADES_Application/Hit_Submit' successfully

2019-11-27 09:37:04 - [TEST_STEP][PASSED] - "---------------------------------------------------": null

2019-11-27 09:37:04 - [TEST_STEP][PASSED] - "Verify CONGRATULATIONS is reported after form fill ": null

2019-11-27 09:37:04 - [TEST_STEP][PASSED] - callTestCase(findTestCase("Reusable_Test_Sequences/TRADES_Application/Congratulations_Reported"), [:], CONTINUE_ON_FAILURE): Call Test Case 'Test Cases/Reusable_Test_Sequences/TRADES_Application/Congratulations_Reported' successfully

2019-11-27 09:37:04 - [TEST_CASE][PASSED] - Test Cases/Reusable_Test_Sequences/TRADES_Application/Congratulations_Reported: Test Cases/Reusable_Test_Sequences/TRADES_Application/Congratulations_Reported

2019-11-27 09:37:04 - [TEST_STEP][PASSED] - waitForPageLoad(5): Wait for page load successfully

2019-11-27 09:37:04 - [MESSAGE][PASSED] - Wait for page load successfully

2019-11-27 09:37:04 - [TEST_STEP][PASSED] - delay(1): Delayed 1 second(s)

2019-11-27 09:37:05 - [MESSAGE][PASSED] - Delayed 1 second(s)

2019-11-27 09:37:05 - [TEST_STEP][PASSED] - verifyTextPresent("Congratulations, you're one step closer to becoming a Checkatrade Member!", false): Text 'Congratulations, you're one step closer to becoming a Checkatrade Member!' is present on page 

2019-11-27 09:37:05 - [MESSAGE][PASSED] - Text 'Congratulations, you're one step closer to becoming a Checkatrade Member!' is present on page 

2019-11-27 09:37:05 - [MESSAGE][INFO] - =================== Smart XPath Report =======================

2019-11-27 09:37:05 - [MESSAGE][INFO] - Refer to the link below to preview and approve auto healing on broken test objects.

2019-11-27 09:37:05 - [MESSAGE][INFO] - https://docs.katalon.com/katalon-studio/docs/auto-healing-smart-xpath.html

2019-11-27 09:37:05 - [MESSAGE][INFO] - ===============================================================

2019-11-27 09:37:05 - [MESSAGE][PASSED] - Call Test Case 'Test Cases/Reusable_Test_Sequences/TRADES_Application/Congratulations_Reported' successfully

2019-11-27 09:37:05 - [TEST_STEP][PASSED] - "--------------------------": null

2019-11-27 09:37:05 - [TEST_STEP][PASSED] - " Teardown - CLose Browser |": null

2019-11-27 09:37:05 - [TEST_STEP][PASSED] - callTestCase(findTestCase("Reusable_Test_Sequences/CAT_Teardown"), [:], OPTIONAL): Call Test Case 'Test Cases/Reusable_Test_Sequences/CAT_Teardown' successfully

2019-11-27 09:37:05 - [TEST_CASE][PASSED] - Test Cases/Reusable_Test_Sequences/CAT_Teardown: Test Cases/Reusable_Test_Sequences/CAT_Teardown

2019-11-27 09:37:05 - [TEST_STEP][PASSED] - closeBrowser(): Browser is closed

2019-11-27 09:37:08 - [MESSAGE][PASSED] - Browser is closed

2019-11-27 09:37:08 - [MESSAGE][INFO] - =================== Smart XPath Report =======================

2019-11-27 09:37:08 - [MESSAGE][INFO] - Refer to the link below to preview and approve auto healing on broken test objects.

2019-11-27 09:37:08 - [MESSAGE][INFO] - https://docs.katalon.com/katalon-studio/docs/auto-healing-smart-xpath.html

2019-11-27 09:37:08 - [MESSAGE][INFO] - ===============================================================

2019-11-27 09:37:08 - [MESSAGE][PASSED] - Call Test Case 'Test Cases/Reusable_Test_Sequences/CAT_Teardown' successfully

2019-11-27 09:37:08 - [TEST_STEP][PASSED] - "-------------------------------------------": null

2019-11-27 09:37:08 - [TEST_STEP][PASSED] - " Web Office Call to Ensure NEW CASE Opened |": null

2019-11-27 09:37:08 - [TEST_STEP][PASSED] - "-------------------------------------------": null

2019-11-27 09:37:08 - [TEST_STEP][PASSED] - "------": null

2019-11-27 09:37:08 - [TEST_STEP][PASSED] - "TODO  |": null

2019-11-27 09:37:08 - [TEST_STEP][PASSED] - callTestCase(findTestCase("Web_Office/Case_Opened"), [:], CONTINUE_ON_FAILURE): Call Test Case 'Test Cases/Web_Office/Case_Opened' successfully

2019-11-27 09:37:08 - [TEST_CASE][PASSED] - Test Cases/Web_Office/Case_Opened: Test Cases/Web_Office/Case_Opened

2019-11-27 09:37:08 - [TEST_STEP][PASSED] - return null: null

2019-11-27 09:37:08 - [MESSAGE][INFO] - =================== Smart XPath Report =======================

2019-11-27 09:37:08 - [MESSAGE][INFO] - Refer to the link below to preview and approve auto healing on broken test objects.

2019-11-27 09:37:08 - [MESSAGE][INFO] - https://docs.katalon.com/katalon-studio/docs/auto-healing-smart-xpath.html

2019-11-27 09:37:08 - [MESSAGE][INFO] - ===============================================================

2019-11-27 09:37:08 - [MESSAGE][PASSED] - Call Test Case 'Test Cases/Web_Office/Case_Opened' successfully]]></system-out>
         <system-err><![CDATA[]]></system-err>
      </testcase>
      <system-out><![CDATA[2019-11-27 09:35:54 - [TEST_SUITE][PASSED] - Trades_Apply_Here: Test Cases/Sign_Up/Trades_Apply_Here]]></system-out>
      <system-err><![CDATA[]]></system-err>
   </testsuite>
</testsuites>
