<?xml version="1.0" encoding="UTF-8"?>
<testsuites name="Web_Office_Settings" time="623.98" tests="21" failures="1" errors="0">
   <testsuite name="Web_Office_Settings" tests="21" failures="1" errors="0" time="623.98" timestamp="2020-04-21 14:51:57" hostname="DavidHo - 192.168.1.238" id="Test Suites/Web_Office_Settings">
      <properties>
         <property name="deviceName" value=""/>
         <property name="devicePlatform" value=""/>
         <property name="logFolder" value="C:\\Users\\davidho\\git\\src\\Reports\\20200421_143111\\Web_Office_Settings\\20200421_143120"/>
         <property name="logFiles" value="C:\\Users\\davidho\\git\\src\\Reports\\20200421_143111\\Web_Office_Settings\\20200421_143120\\execution0.log"/>
         <property name="attachments" value=""/>
         <property name="hostName" value="DavidHo - 192.168.1.238"/>
         <property name="os" value="Windows 10 32bit"/>
         <property name="katalonVersion" value="7.3.1.1"/>
         <property name="browser" value="Chrome 81.0.4044.113"/>
         <property name="hostAddress" value="192.168.1.238"/>
         <property name="sessionId" value="26f9fc3f81f0fb23184d540d0ffe4581"/>
         <property name="seleniumVersion" value="3.141.59"/>
         <property name="proxyInformation" value="ProxyInformation{proxyOption=NO_PROXY, proxyServerType=HTTP, password=, proxyServerAddress=, proxyServerPort=0, executionList=}"/>
         <property name="platform" value="Windows 10"/>
      </properties>
      <testcase name="Test Cases/Web_Office/Settings/Checkatrade_Com/Homepage Boxes" time="23.441" classname="Test Cases/Web_Office/Settings/Checkatrade_Com/Homepage Boxes" status="PASSED">
         <system-out><![CDATA[2020-04-21 14:51:57 - [TEST_CASE][PASSED] - Test Cases/Web_Office/Settings/Checkatrade_Com/Homepage Boxes: Test Cases/Web_Office/Settings/Checkatrade_Com/Homepage Boxes

2020-04-21 14:51:58 - [TEST_STEP][PASSED] - "--------------------------------------": null

2020-04-21 14:51:58 - [TEST_STEP][PASSED] - " Web Office StartUp                  |": null

2020-04-21 14:51:58 - [TEST_STEP][PASSED] - callTestCase(findTestCase("Reusable_Test_Sequences/Web_Office/Directives/WebOffice_StartUp"), [:], STOP_ON_FAILURE): Call Test Case 'Test Cases/Reusable_Test_Sequences/Web_Office/Directives/WebOffice_StartUp' successfully

2020-04-21 14:51:58 - [TEST_CASE][PASSED] - Test Cases/Reusable_Test_Sequences/Web_Office/Directives/WebOffice_StartUp: Test Cases/Reusable_Test_Sequences/Web_Office/Directives/WebOffice_StartUp

2020-04-21 14:51:58 - [TEST_STEP][PASSED] - "-----------------------------------------------------------------------------": null

2020-04-21 14:51:58 - [TEST_STEP][PASSED] - if (URL == "https://www.dev.checkatrade.com/"): null

2020-04-21 14:51:59 - [TEST_STEP][PASSED] - "-----------------------------------------------------------------------------": null

2020-04-21 14:51:59 - [TEST_STEP][PASSED] - if (URL == "https://www.checkatrade.com/"): null

2020-04-21 14:51:59 - [TEST_STEP][PASSED] - "-----------------------------------------------------------------------------": null

2020-04-21 14:51:59 - [TEST_STEP][PASSED] - if (URL == "https://www.preview.checkatrade.com/"): null

2020-04-21 14:51:59 - [TEST_STEP][PASSED] - WebOfficeURL = "https://admin.preview.checkatrade.com/": null

2020-04-21 14:51:59 - [TEST_STEP][PASSED] - if (URL == "https://www.dev2.checkatrade.com/"): null

2020-04-21 14:51:59 - [TEST_STEP][PASSED] - "Set Function Area for "URL_Handler", URL Resolution": null

2020-04-21 14:51:59 - [TEST_STEP][PASSED] - "Do Some Magic with URL(s) See the comments within URL Handler ": null

2020-04-21 14:51:59 - [TEST_STEP][PASSED] - "------------------------------------------------": null

2020-04-21 14:51:59 - [TEST_STEP][PASSED] - "Moved Login Credentials to <Default> profile 22/01/2020": null

2020-04-21 14:51:59 - [TEST_STEP][PASSED] - "------------------------------------------------": null

2020-04-21 14:51:59 - [TEST_STEP][PASSED] - "WebOfficeURL - Set from the ENVIRONMENT PROFILE ": null

2020-04-21 14:51:59 - [TEST_STEP][PASSED] - "OPEN BROWSER": null

2020-04-21 14:51:59 - [TEST_STEP][PASSED] - "eg - https://admin.preview.checkatrade.com/  ": null

2020-04-21 14:51:59 - [TEST_STEP][PASSED] - openBrowser(WebOfficeURL): Browser is opened with url: 'https://admin.preview.checkatrade.com/'

2020-04-21 14:52:00 - [MESSAGE][INFO] - Starting 'Chrome' driver

2020-04-21 14:52:00 - [MESSAGE][INFO] - Action delay is set to 0 milliseconds

2020-04-21 14:52:07 - [MESSAGE][PASSED] - Browser is opened with url: 'https://admin.preview.checkatrade.com/'

2020-04-21 14:52:07 - [TEST_STEP][PASSED] - maximizeWindow(): Current window maximized

2020-04-21 14:52:10 - [MESSAGE][PASSED] - Current window maximized

2020-04-21 14:52:10 - [TEST_STEP][PASSED] - waitForElementClickable(findTestObject("Object Repository/WebOffice/Page_Checkatrade - Administration - Login/Login_Button"), 25): Object 'Object Repository/WebOffice/Page_Checkatrade - Administration - Login/Login_Button' is clickable

2020-04-21 14:52:10 - [MESSAGE][PASSED] - Object 'Object Repository/WebOffice/Page_Checkatrade - Administration - Login/Login_Button' is clickable

2020-04-21 14:52:10 - [TEST_STEP][PASSED] - verifyTextPresent("Checkatrade Web Office", false): Text 'Checkatrade Web Office' is present on page 

2020-04-21 14:52:10 - [MESSAGE][PASSED] - Text 'Checkatrade Web Office' is present on page 

2020-04-21 14:52:10 - [TEST_STEP][PASSED] - verifyTextPresent("Access for staff use only", false): Text 'Access for staff use only' is present on page 

2020-04-21 14:52:10 - [MESSAGE][PASSED] - Text 'Access for staff use only' is present on page 

2020-04-21 14:52:10 - [TEST_STEP][PASSED] - verifyTextPresent("Forgotten password?", false): Text 'Forgotten password?' is present on page 

2020-04-21 14:52:10 - [MESSAGE][PASSED] - Text 'Forgotten password?' is present on page 

2020-04-21 14:52:10 - [TEST_STEP][PASSED] - setText(findTestObject("Object Repository/WebOffice/Page_Checkatrade - Administration - Login/input_Username_LoginControlUserName"), wo_Username): Text 'DavidHo' is set on object 'Object Repository/WebOffice/Page_Checkatrade - Administration - Login/input_Username_LoginControlUserName'

2020-04-21 14:52:11 - [MESSAGE][PASSED] - Text 'DavidHo' is set on object 'Object Repository/WebOffice/Page_Checkatrade - Administration - Login/input_Username_LoginControlUserName'

2020-04-21 14:52:11 - [TEST_STEP][PASSED] - setText(findTestObject("Object Repository/WebOffice/Page_Checkatrade - Administration - Login/input_Password_LoginControlPassword"), wo_Password): Text 'Check123' is set on object 'Object Repository/WebOffice/Page_Checkatrade - Administration - Login/input_Password_LoginControlPassword'

2020-04-21 14:52:11 - [MESSAGE][PASSED] - Text 'Check123' is set on object 'Object Repository/WebOffice/Page_Checkatrade - Administration - Login/input_Password_LoginControlPassword'

2020-04-21 14:52:11 - [TEST_STEP][PASSED] - click(findTestObject("Object Repository/WebOffice/Page_Checkatrade - Administration - Login/Login_Button")): Object: 'Object Repository/WebOffice/Page_Checkatrade - Administration - Login/Login_Button' is clicked on

2020-04-21 14:52:12 - [MESSAGE][PASSED] - Object: 'Object Repository/WebOffice/Page_Checkatrade - Administration - Login/Login_Button' is clicked on

2020-04-21 14:52:12 - [TEST_STEP][PASSED] - waitForPageLoad(60): Wait for page load successfully

2020-04-21 14:52:12 - [MESSAGE][PASSED] - Wait for page load successfully

2020-04-21 14:52:12 - [TEST_STEP][PASSED] - verifyTextPresent("Welcome " + wo_Username, false): Text 'Welcome DavidHo' is present on page 

2020-04-21 14:52:13 - [MESSAGE][PASSED] - Text 'Welcome DavidHo' is present on page 

2020-04-21 14:52:13 - [MESSAGE][PASSED] - Call Test Case 'Test Cases/Reusable_Test_Sequences/Web_Office/Directives/WebOffice_StartUp' successfully

2020-04-21 14:52:13 - [TEST_STEP][PASSED] - "-----------------------------------------------------------------": null

2020-04-21 14:52:13 - [TEST_STEP][PASSED] - " Navigate to <Settings->Checkatrade.Com->Sub Item> Menu Item     |": null

2020-04-21 14:52:13 - [TEST_STEP][PASSED] - callTestCase(findTestCase("Reusable_Test_Sequences/Web_Office/Navigation/Sub_Menu_Navigation/Settings/Checkatrade_Com/Homepage_Boxes"), [:], STOP_ON_FAILURE): Call Test Case 'Test Cases/Reusable_Test_Sequences/Web_Office/Navigation/Sub_Menu_Navigation/Settings/Checkatrade_Com/Homepage_Boxes' successfully

2020-04-21 14:52:13 - [TEST_CASE][PASSED] - Test Cases/Reusable_Test_Sequences/Web_Office/Navigation/Sub_Menu_Navigation/Settings/Checkatrade_Com/Homepage_Boxes: Test Cases/Reusable_Test_Sequences/Web_Office/Navigation/Sub_Menu_Navigation/Settings/Checkatrade_Com/Homepage_Boxes

2020-04-21 14:52:14 - [TEST_STEP][PASSED] - "--------------------------------------": null

2020-04-21 14:52:14 - [TEST_STEP][PASSED] - " Navigate Top level menu Item         |": null

2020-04-21 14:52:14 - [TEST_STEP][PASSED] - waitForPageLoad(60): Wait for page load successfully

2020-04-21 14:52:14 - [MESSAGE][PASSED] - Wait for page load successfully

2020-04-21 14:52:14 - [TEST_STEP][PASSED] - waitForElementClickable(findTestObject("Object Repository/WebOffice_Home_page/a_Settings"), 60): Object 'Object Repository/WebOffice_Home_page/a_Settings' is clickable

2020-04-21 14:52:14 - [MESSAGE][PASSED] - Object 'Object Repository/WebOffice_Home_page/a_Settings' is clickable

2020-04-21 14:52:14 - [TEST_STEP][PASSED] - mouseOver(findTestObject("Object Repository/WebOffice_Home_page/a_Settings")): Object: 'Object Repository/WebOffice_Home_page/a_Settings' is hovered

2020-04-21 14:52:14 - [MESSAGE][PASSED] - Object: 'Object Repository/WebOffice_Home_page/a_Settings' is hovered

2020-04-21 14:52:14 - [TEST_STEP][PASSED] - mouseOver(findTestObject("Object Repository/WebOffice_Home_page/a_wwwcheckatradecom")): Object: 'Object Repository/WebOffice_Home_page/a_wwwcheckatradecom' is hovered

2020-04-21 14:52:14 - [MESSAGE][PASSED] - Object: 'Object Repository/WebOffice_Home_page/a_wwwcheckatradecom' is hovered

2020-04-21 14:52:14 - [TEST_STEP][PASSED] - waitForElementClickable(findTestObject("Object Repository/WebOffice_Home_page/a_Homepage Boxes"), 1): Object 'Object Repository/WebOffice_Home_page/a_Homepage Boxes' is clickable

2020-04-21 14:52:15 - [MESSAGE][PASSED] - Object 'Object Repository/WebOffice_Home_page/a_Homepage Boxes' is clickable

2020-04-21 14:52:15 - [TEST_STEP][PASSED] - click(findTestObject("Object Repository/WebOffice_Home_page/a_Homepage Boxes")): Object: 'Object Repository/WebOffice_Home_page/a_Homepage Boxes' is clicked on

2020-04-21 14:52:15 - [MESSAGE][PASSED] - Object: 'Object Repository/WebOffice_Home_page/a_Homepage Boxes' is clicked on

2020-04-21 14:52:15 - [MESSAGE][PASSED] - Call Test Case 'Test Cases/Reusable_Test_Sequences/Web_Office/Navigation/Sub_Menu_Navigation/Settings/Checkatrade_Com/Homepage_Boxes' successfully

2020-04-21 14:52:15 - [TEST_STEP][PASSED] - "--------------------------------------": null

2020-04-21 14:52:15 - [TEST_STEP][PASSED] - " Verify Returned Page Detail          |": null

2020-04-21 14:52:15 - [TEST_STEP][PASSED] - callTestCase(findTestCase("Reusable_Test_Sequences/Web_Office/Verification/Settings/Checkatrade_Com/Homepage_Boxes"), [:], OPTIONAL): Call Test Case 'Test Cases/Reusable_Test_Sequences/Web_Office/Verification/Settings/Checkatrade_Com/Homepage_Boxes' successfully

2020-04-21 14:52:15 - [TEST_CASE][PASSED] - Test Cases/Reusable_Test_Sequences/Web_Office/Verification/Settings/Checkatrade_Com/Homepage_Boxes: Test Cases/Reusable_Test_Sequences/Web_Office/Verification/Settings/Checkatrade_Com/Homepage_Boxes

2020-04-21 14:52:16 - [TEST_STEP][PASSED] - waitForPageLoad(60): Wait for page load successfully

2020-04-21 14:52:16 - [MESSAGE][PASSED] - Wait for page load successfully

2020-04-21 14:52:16 - [TEST_STEP][PASSED] - delay(1): Delayed 1 second(s)

2020-04-21 14:52:17 - [MESSAGE][PASSED] - Delayed 1 second(s)

2020-04-21 14:52:17 - [TEST_STEP][PASSED] - verifyTextPresent("Homepage Boxes", false): Text 'Homepage Boxes' is present on page 

2020-04-21 14:52:17 - [MESSAGE][PASSED] - Text 'Homepage Boxes' is present on page 

2020-04-21 14:52:17 - [TEST_STEP][PASSED] - "----------------------------------------------": null

2020-04-21 14:52:17 - [TEST_STEP][PASSED] - verifyTextPresent("Box 1", false): Text 'Box 1' is present on page 

2020-04-21 14:52:17 - [MESSAGE][PASSED] - Text 'Box 1' is present on page 

2020-04-21 14:52:17 - [TEST_STEP][PASSED] - verifyTextPresent("Currently unavailable as box has been replaced", false): Text 'Currently unavailable as box has been replaced' is present on page 

2020-04-21 14:52:17 - [MESSAGE][PASSED] - Text 'Currently unavailable as box has been replaced' is present on page 

2020-04-21 14:52:17 - [TEST_STEP][PASSED] - verifyTextPresent("Contents", false): Text 'Contents' is present on page 

2020-04-21 14:52:17 - [MESSAGE][PASSED] - Text 'Contents' is present on page 

2020-04-21 14:52:17 - [TEST_STEP][PASSED] - verifyTextPresent("Statistics boxes", false): Text 'Statistics boxes' is present on page 

2020-04-21 14:52:18 - [MESSAGE][PASSED] - Text 'Statistics boxes' is present on page 

2020-04-21 14:52:18 - [TEST_STEP][PASSED] - "----------------------------------------------": null

2020-04-21 14:52:18 - [TEST_STEP][PASSED] - verifyTextPresent("Stat box 1", false): Text 'Stat box 1' is present on page 

2020-04-21 14:52:18 - [MESSAGE][PASSED] - Text 'Stat box 1' is present on page 

2020-04-21 14:52:18 - [TEST_STEP][PASSED] - verifyTextPresent("Stat box 2", false): Text 'Stat box 2' is present on page 

2020-04-21 14:52:18 - [MESSAGE][PASSED] - Text 'Stat box 2' is present on page 

2020-04-21 14:52:18 - [TEST_STEP][PASSED] - verifyTextPresent("Stat box 3", false): Text 'Stat box 3' is present on page 

2020-04-21 14:52:18 - [MESSAGE][PASSED] - Text 'Stat box 3' is present on page 

2020-04-21 14:52:18 - [TEST_STEP][PASSED] - verifyTextPresent("Feedback", false): Text 'Feedback' is present on page 

2020-04-21 14:52:18 - [MESSAGE][PASSED] - Text 'Feedback' is present on page 

2020-04-21 14:52:18 - [TEST_STEP][PASSED] - verifyTextPresent("Note: It may take up to 15 minutes for these changes to take effect on the homepage.", false): Text 'Note: It may take up to 15 minutes for these changes to take effect on the homepage.' is present on page 

2020-04-21 14:52:18 - [MESSAGE][PASSED] - Text 'Note: It may take up to 15 minutes for these changes to take effect on the homepage.' is present on page 

2020-04-21 14:52:18 - [MESSAGE][PASSED] - Call Test Case 'Test Cases/Reusable_Test_Sequences/Web_Office/Verification/Settings/Checkatrade_Com/Homepage_Boxes' successfully

2020-04-21 14:52:18 - [TEST_STEP][PASSED] - "--------------------------": null

2020-04-21 14:52:18 - [TEST_STEP][PASSED] - " Teardown - CLose Browser |": null

2020-04-21 14:52:18 - [TEST_STEP][PASSED] - callTestCase(findTestCase("Reusable_Test_Sequences/CAT_Teardown"), [:], OPTIONAL): Call Test Case 'Test Cases/Reusable_Test_Sequences/CAT_Teardown' successfully

2020-04-21 14:52:18 - [TEST_CASE][PASSED] - Test Cases/Reusable_Test_Sequences/CAT_Teardown: Test Cases/Reusable_Test_Sequences/CAT_Teardown

2020-04-21 14:52:19 - [TEST_STEP][PASSED] - closeBrowser(): Browser is closed

2020-04-21 14:52:20 - [MESSAGE][PASSED] - Browser is closed

2020-04-21 14:52:20 - [TEST_STEP][PASSED] - super.finalize(): null

2020-04-21 14:52:20 - [TEST_STEP][PASSED] - System.gc(): null

2020-04-21 14:52:21 - [MESSAGE][PASSED] - Call Test Case 'Test Cases/Reusable_Test_Sequences/CAT_Teardown' successfully]]></system-out>
         <system-err><![CDATA[]]></system-err>
      </testcase>
      <testcase name="Test Cases/Web_Office/Settings/Checkatrade_Com/Testimonials" time="24.185" classname="Test Cases/Web_Office/Settings/Checkatrade_Com/Testimonials" status="PASSED">
         <system-out><![CDATA[2020-04-21 14:52:21 - [TEST_CASE][PASSED] - Test Cases/Web_Office/Settings/Checkatrade_Com/Testimonials: Test Cases/Web_Office/Settings/Checkatrade_Com/Testimonials

2020-04-21 14:52:21 - [TEST_STEP][PASSED] - "--------------------------------------": null

2020-04-21 14:52:21 - [TEST_STEP][PASSED] - " Web Office StartUp                  |": null

2020-04-21 14:52:21 - [TEST_STEP][PASSED] - callTestCase(findTestCase("Reusable_Test_Sequences/Web_Office/Directives/WebOffice_StartUp"), [:], STOP_ON_FAILURE): Call Test Case 'Test Cases/Reusable_Test_Sequences/Web_Office/Directives/WebOffice_StartUp' successfully

2020-04-21 14:52:21 - [TEST_CASE][PASSED] - Test Cases/Reusable_Test_Sequences/Web_Office/Directives/WebOffice_StartUp: Test Cases/Reusable_Test_Sequences/Web_Office/Directives/WebOffice_StartUp

2020-04-21 14:52:21 - [TEST_STEP][PASSED] - "-----------------------------------------------------------------------------": null

2020-04-21 14:52:21 - [TEST_STEP][PASSED] - if (URL == "https://www.dev.checkatrade.com/"): null

2020-04-21 14:52:21 - [TEST_STEP][PASSED] - "-----------------------------------------------------------------------------": null

2020-04-21 14:52:21 - [TEST_STEP][PASSED] - if (URL == "https://www.checkatrade.com/"): null

2020-04-21 14:52:21 - [TEST_STEP][PASSED] - "-----------------------------------------------------------------------------": null

2020-04-21 14:52:21 - [TEST_STEP][PASSED] - if (URL == "https://www.preview.checkatrade.com/"): null

2020-04-21 14:52:21 - [TEST_STEP][PASSED] - WebOfficeURL = "https://admin.preview.checkatrade.com/": null

2020-04-21 14:52:21 - [TEST_STEP][PASSED] - if (URL == "https://www.dev2.checkatrade.com/"): null

2020-04-21 14:52:21 - [TEST_STEP][PASSED] - "Set Function Area for "URL_Handler", URL Resolution": null

2020-04-21 14:52:21 - [TEST_STEP][PASSED] - "Do Some Magic with URL(s) See the comments within URL Handler ": null

2020-04-21 14:52:21 - [TEST_STEP][PASSED] - "------------------------------------------------": null

2020-04-21 14:52:21 - [TEST_STEP][PASSED] - "Moved Login Credentials to <Default> profile 22/01/2020": null

2020-04-21 14:52:21 - [TEST_STEP][PASSED] - "------------------------------------------------": null

2020-04-21 14:52:21 - [TEST_STEP][PASSED] - "WebOfficeURL - Set from the ENVIRONMENT PROFILE ": null

2020-04-21 14:52:21 - [TEST_STEP][PASSED] - "OPEN BROWSER": null

2020-04-21 14:52:21 - [TEST_STEP][PASSED] - "eg - https://admin.preview.checkatrade.com/  ": null

2020-04-21 14:52:21 - [TEST_STEP][PASSED] - openBrowser(WebOfficeURL): Browser is opened with url: 'https://admin.preview.checkatrade.com/'

2020-04-21 14:52:21 - [MESSAGE][INFO] - Starting 'Chrome' driver

2020-04-21 14:52:21 - [MESSAGE][INFO] - Action delay is set to 0 milliseconds

2020-04-21 14:52:27 - [MESSAGE][PASSED] - Browser is opened with url: 'https://admin.preview.checkatrade.com/'

2020-04-21 14:52:27 - [TEST_STEP][PASSED] - maximizeWindow(): Current window maximized

2020-04-21 14:52:29 - [MESSAGE][PASSED] - Current window maximized

2020-04-21 14:52:29 - [TEST_STEP][PASSED] - waitForElementClickable(findTestObject("Object Repository/WebOffice/Page_Checkatrade - Administration - Login/Login_Button"), 25): Object 'Object Repository/WebOffice/Page_Checkatrade - Administration - Login/Login_Button' is clickable

2020-04-21 14:52:29 - [MESSAGE][PASSED] - Object 'Object Repository/WebOffice/Page_Checkatrade - Administration - Login/Login_Button' is clickable

2020-04-21 14:52:29 - [TEST_STEP][PASSED] - verifyTextPresent("Checkatrade Web Office", false): Text 'Checkatrade Web Office' is present on page 

2020-04-21 14:52:30 - [MESSAGE][PASSED] - Text 'Checkatrade Web Office' is present on page 

2020-04-21 14:52:30 - [TEST_STEP][PASSED] - verifyTextPresent("Access for staff use only", false): Text 'Access for staff use only' is present on page 

2020-04-21 14:52:30 - [MESSAGE][PASSED] - Text 'Access for staff use only' is present on page 

2020-04-21 14:52:30 - [TEST_STEP][PASSED] - verifyTextPresent("Forgotten password?", false): Text 'Forgotten password?' is present on page 

2020-04-21 14:52:30 - [MESSAGE][PASSED] - Text 'Forgotten password?' is present on page 

2020-04-21 14:52:30 - [TEST_STEP][PASSED] - setText(findTestObject("Object Repository/WebOffice/Page_Checkatrade - Administration - Login/input_Username_LoginControlUserName"), wo_Username): Text 'DavidHo' is set on object 'Object Repository/WebOffice/Page_Checkatrade - Administration - Login/input_Username_LoginControlUserName'

2020-04-21 14:52:30 - [MESSAGE][PASSED] - Text 'DavidHo' is set on object 'Object Repository/WebOffice/Page_Checkatrade - Administration - Login/input_Username_LoginControlUserName'

2020-04-21 14:52:30 - [TEST_STEP][PASSED] - setText(findTestObject("Object Repository/WebOffice/Page_Checkatrade - Administration - Login/input_Password_LoginControlPassword"), wo_Password): Text 'Check123' is set on object 'Object Repository/WebOffice/Page_Checkatrade - Administration - Login/input_Password_LoginControlPassword'

2020-04-21 14:52:31 - [MESSAGE][PASSED] - Text 'Check123' is set on object 'Object Repository/WebOffice/Page_Checkatrade - Administration - Login/input_Password_LoginControlPassword'

2020-04-21 14:52:31 - [TEST_STEP][PASSED] - click(findTestObject("Object Repository/WebOffice/Page_Checkatrade - Administration - Login/Login_Button")): Object: 'Object Repository/WebOffice/Page_Checkatrade - Administration - Login/Login_Button' is clicked on

2020-04-21 14:52:31 - [MESSAGE][PASSED] - Object: 'Object Repository/WebOffice/Page_Checkatrade - Administration - Login/Login_Button' is clicked on

2020-04-21 14:52:31 - [TEST_STEP][PASSED] - waitForPageLoad(60): Wait for page load successfully

2020-04-21 14:52:32 - [MESSAGE][PASSED] - Wait for page load successfully

2020-04-21 14:52:32 - [TEST_STEP][PASSED] - verifyTextPresent("Welcome " + wo_Username, false): Text 'Welcome DavidHo' is present on page 

2020-04-21 14:52:32 - [MESSAGE][PASSED] - Text 'Welcome DavidHo' is present on page 

2020-04-21 14:52:32 - [MESSAGE][PASSED] - Call Test Case 'Test Cases/Reusable_Test_Sequences/Web_Office/Directives/WebOffice_StartUp' successfully

2020-04-21 14:52:32 - [TEST_STEP][PASSED] - "-----------------------------------------------------------------": null

2020-04-21 14:52:32 - [TEST_STEP][PASSED] - " Navigate to <Settings->Checkatrade.Com->Sub Item> Menu Item     |": null

2020-04-21 14:52:32 - [TEST_STEP][PASSED] - callTestCase(findTestCase("Reusable_Test_Sequences/Web_Office/Navigation/Sub_Menu_Navigation/Settings/Checkatrade_Com/Testimonials"), [:], STOP_ON_FAILURE): Call Test Case 'Test Cases/Reusable_Test_Sequences/Web_Office/Navigation/Sub_Menu_Navigation/Settings/Checkatrade_Com/Testimonials' successfully

2020-04-21 14:52:32 - [TEST_CASE][PASSED] - Test Cases/Reusable_Test_Sequences/Web_Office/Navigation/Sub_Menu_Navigation/Settings/Checkatrade_Com/Testimonials: Test Cases/Reusable_Test_Sequences/Web_Office/Navigation/Sub_Menu_Navigation/Settings/Checkatrade_Com/Testimonials

2020-04-21 14:52:33 - [TEST_STEP][PASSED] - "--------------------------------------": null

2020-04-21 14:52:33 - [TEST_STEP][PASSED] - " Navigate Top level menu Item         |": null

2020-04-21 14:52:33 - [TEST_STEP][PASSED] - waitForPageLoad(60): Wait for page load successfully

2020-04-21 14:52:33 - [MESSAGE][PASSED] - Wait for page load successfully

2020-04-21 14:52:33 - [TEST_STEP][PASSED] - waitForElementClickable(findTestObject("Object Repository/WebOffice_Home_page/a_Settings"), 60): Object 'Object Repository/WebOffice_Home_page/a_Settings' is clickable

2020-04-21 14:52:33 - [MESSAGE][PASSED] - Object 'Object Repository/WebOffice_Home_page/a_Settings' is clickable

2020-04-21 14:52:33 - [TEST_STEP][PASSED] - mouseOver(findTestObject("Object Repository/WebOffice_Home_page/a_Settings")): Object: 'Object Repository/WebOffice_Home_page/a_Settings' is hovered

2020-04-21 14:52:34 - [MESSAGE][PASSED] - Object: 'Object Repository/WebOffice_Home_page/a_Settings' is hovered

2020-04-21 14:52:34 - [TEST_STEP][PASSED] - mouseOver(findTestObject("Object Repository/WebOffice_Home_page/a_wwwcheckatradecom")): Object: 'Object Repository/WebOffice_Home_page/a_wwwcheckatradecom' is hovered

2020-04-21 14:52:34 - [MESSAGE][PASSED] - Object: 'Object Repository/WebOffice_Home_page/a_wwwcheckatradecom' is hovered

2020-04-21 14:52:34 - [TEST_STEP][PASSED] - waitForElementClickable(findTestObject("Object Repository/WebOffice_Home_page/a_Testimonials"), 1): Object 'Object Repository/WebOffice_Home_page/a_Testimonials' is clickable

2020-04-21 14:52:34 - [MESSAGE][PASSED] - Object 'Object Repository/WebOffice_Home_page/a_Testimonials' is clickable

2020-04-21 14:52:34 - [TEST_STEP][PASSED] - click(findTestObject("Object Repository/WebOffice_Home_page/a_Testimonials")): Object: 'Object Repository/WebOffice_Home_page/a_Testimonials' is clicked on

2020-04-21 14:52:36 - [MESSAGE][PASSED] - Object: 'Object Repository/WebOffice_Home_page/a_Testimonials' is clicked on

2020-04-21 14:52:36 - [MESSAGE][PASSED] - Call Test Case 'Test Cases/Reusable_Test_Sequences/Web_Office/Navigation/Sub_Menu_Navigation/Settings/Checkatrade_Com/Testimonials' successfully

2020-04-21 14:52:36 - [TEST_STEP][PASSED] - "--------------------------------------": null

2020-04-21 14:52:36 - [TEST_STEP][PASSED] - " Verify Returned Page Detail          |": null

2020-04-21 14:52:36 - [TEST_STEP][PASSED] - callTestCase(findTestCase("Reusable_Test_Sequences/Web_Office/Verification/Settings/Checkatrade_Com/Testimonials"), [:], OPTIONAL): Call Test Case 'Test Cases/Reusable_Test_Sequences/Web_Office/Verification/Settings/Checkatrade_Com/Testimonials' successfully

2020-04-21 14:52:36 - [TEST_CASE][PASSED] - Test Cases/Reusable_Test_Sequences/Web_Office/Verification/Settings/Checkatrade_Com/Testimonials: Test Cases/Reusable_Test_Sequences/Web_Office/Verification/Settings/Checkatrade_Com/Testimonials

2020-04-21 14:52:37 - [TEST_STEP][PASSED] - waitForPageLoad(60): Wait for page load successfully

2020-04-21 14:52:37 - [MESSAGE][PASSED] - Wait for page load successfully

2020-04-21 14:52:37 - [TEST_STEP][PASSED] - delay(1): Delayed 1 second(s)

2020-04-21 14:52:38 - [MESSAGE][PASSED] - Delayed 1 second(s)

2020-04-21 14:52:38 - [TEST_STEP][PASSED] - verifyTextPresent("Testimonials", false): Text 'Testimonials' is present on page 

2020-04-21 14:52:38 - [MESSAGE][PASSED] - Text 'Testimonials' is present on page 

2020-04-21 14:52:38 - [TEST_STEP][PASSED] - "----------------------------------------------": null

2020-04-21 14:52:38 - [TEST_STEP][PASSED] - "----------------------------------------------": null

2020-04-21 14:52:38 - [TEST_STEP][PASSED] - "----------------------------------------------": null

2020-04-21 14:52:38 - [TEST_STEP][PASSED] - verifyTextPresent("Type", false): Text 'Type' is present on page 

2020-04-21 14:52:39 - [MESSAGE][PASSED] - Text 'Type' is present on page 

2020-04-21 14:52:39 - [TEST_STEP][PASSED] - verifyTextPresent("Name or Location", false): Text 'Name or Location' is present on page 

2020-04-21 14:52:39 - [MESSAGE][PASSED] - Text 'Name or Location' is present on page 

2020-04-21 14:52:39 - [TEST_STEP][PASSED] - verifyTextPresent("Company", false): Text 'Company' is present on page 

2020-04-21 14:52:39 - [MESSAGE][PASSED] - Text 'Company' is present on page 

2020-04-21 14:52:39 - [TEST_STEP][PASSED] - verifyTextPresent("Quote", false): Text 'Quote' is present on page 

2020-04-21 14:52:40 - [MESSAGE][PASSED] - Text 'Quote' is present on page 

2020-04-21 14:52:40 - [TEST_STEP][PASSED] - "----------------------------------------------": null

2020-04-21 14:52:40 - [TEST_STEP][PASSED] - verifyTextPresent("Consumer", false): Text 'Consumer' is present on page 

2020-04-21 14:52:40 - [MESSAGE][PASSED] - Text 'Consumer' is present on page 

2020-04-21 14:52:40 - [TEST_STEP][PASSED] - verifyTextPresent("Watford", false): Text 'Watford' is present on page 

2020-04-21 14:52:41 - [MESSAGE][PASSED] - Text 'Watford' is present on page 

2020-04-21 14:52:41 - [TEST_STEP][PASSED] - verifyTextPresent("My wife and I find the service", false): Text 'My wife and I find the service' is present on page 

2020-04-21 14:52:41 - [MESSAGE][PASSED] - Text 'My wife and I find the service' is present on page 

2020-04-21 14:52:41 - [TEST_STEP][PASSED] - verifyTextPresent("Trade", false): Text 'Trade' is present on page 

2020-04-21 14:52:41 - [MESSAGE][PASSED] - Text 'Trade' is present on page 

2020-04-21 14:52:41 - [TEST_STEP][PASSED] - verifyTextPresent("Jason", false): Text 'Jason' is present on page 

2020-04-21 14:52:42 - [MESSAGE][PASSED] - Text 'Jason' is present on page 

2020-04-21 14:52:42 - [TEST_STEP][PASSED] - verifyTextPresent("Mops And Buckets", false): Text 'Mops And Buckets' is present on page 

2020-04-21 14:52:42 - [MESSAGE][PASSED] - Text 'Mops And Buckets' is present on page 

2020-04-21 14:52:42 - [TEST_STEP][PASSED] - verifyTextPresent("Trade", false): Text 'Trade' is present on page 

2020-04-21 14:52:43 - [MESSAGE][PASSED] - Text 'Trade' is present on page 

2020-04-21 14:52:43 - [TEST_STEP][PASSED] - verifyTextPresent("Being a new member to Checkatrade has opened a lot of doors ", false): Text 'Being a new member to Checkatrade has opened a lot of doors ' is present on page 

2020-04-21 14:52:43 - [MESSAGE][PASSED] - Text 'Being a new member to Checkatrade has opened a lot of doors ' is present on page 

2020-04-21 14:52:43 - [MESSAGE][PASSED] - Call Test Case 'Test Cases/Reusable_Test_Sequences/Web_Office/Verification/Settings/Checkatrade_Com/Testimonials' successfully

2020-04-21 14:52:43 - [TEST_STEP][PASSED] - "--------------------------": null

2020-04-21 14:52:43 - [TEST_STEP][PASSED] - " Teardown - CLose Browser |": null

2020-04-21 14:52:43 - [TEST_STEP][PASSED] - callTestCase(findTestCase("Reusable_Test_Sequences/CAT_Teardown"), [:], OPTIONAL): Call Test Case 'Test Cases/Reusable_Test_Sequences/CAT_Teardown' successfully

2020-04-21 14:52:43 - [TEST_CASE][PASSED] - Test Cases/Reusable_Test_Sequences/CAT_Teardown: Test Cases/Reusable_Test_Sequences/CAT_Teardown

2020-04-21 14:52:43 - [TEST_STEP][PASSED] - closeBrowser(): Browser is closed

2020-04-21 14:52:45 - [MESSAGE][PASSED] - Browser is closed

2020-04-21 14:52:45 - [TEST_STEP][PASSED] - super.finalize(): null

2020-04-21 14:52:45 - [TEST_STEP][PASSED] - System.gc(): null

2020-04-21 14:52:45 - [MESSAGE][PASSED] - Call Test Case 'Test Cases/Reusable_Test_Sequences/CAT_Teardown' successfully]]></system-out>
         <system-err><![CDATA[]]></system-err>
      </testcase>
      <testcase name="Test Cases/Web_Office/Settings/Checkatrade_Com/Web_Catagories" time="32.043" classname="Test Cases/Web_Office/Settings/Checkatrade_Com/Web_Catagories" status="PASSED">
         <system-out><![CDATA[2020-04-21 14:52:45 - [TEST_CASE][PASSED] - Test Cases/Web_Office/Settings/Checkatrade_Com/Web_Catagories: Test Cases/Web_Office/Settings/Checkatrade_Com/Web_Catagories

2020-04-21 14:52:45 - [TEST_STEP][PASSED] - "--------------------------------------": null

2020-04-21 14:52:45 - [TEST_STEP][PASSED] - " Web Office StartUp                  |": null

2020-04-21 14:52:45 - [TEST_STEP][PASSED] - callTestCase(findTestCase("Reusable_Test_Sequences/Web_Office/Directives/WebOffice_StartUp"), [:], STOP_ON_FAILURE): Call Test Case 'Test Cases/Reusable_Test_Sequences/Web_Office/Directives/WebOffice_StartUp' successfully

2020-04-21 14:52:45 - [TEST_CASE][PASSED] - Test Cases/Reusable_Test_Sequences/Web_Office/Directives/WebOffice_StartUp: Test Cases/Reusable_Test_Sequences/Web_Office/Directives/WebOffice_StartUp

2020-04-21 14:52:45 - [TEST_STEP][PASSED] - "-----------------------------------------------------------------------------": null

2020-04-21 14:52:45 - [TEST_STEP][PASSED] - if (URL == "https://www.dev.checkatrade.com/"): null

2020-04-21 14:52:45 - [TEST_STEP][PASSED] - "-----------------------------------------------------------------------------": null

2020-04-21 14:52:45 - [TEST_STEP][PASSED] - if (URL == "https://www.checkatrade.com/"): null

2020-04-21 14:52:45 - [TEST_STEP][PASSED] - "-----------------------------------------------------------------------------": null

2020-04-21 14:52:45 - [TEST_STEP][PASSED] - if (URL == "https://www.preview.checkatrade.com/"): null

2020-04-21 14:52:45 - [TEST_STEP][PASSED] - WebOfficeURL = "https://admin.preview.checkatrade.com/": null

2020-04-21 14:52:45 - [TEST_STEP][PASSED] - if (URL == "https://www.dev2.checkatrade.com/"): null

2020-04-21 14:52:45 - [TEST_STEP][PASSED] - "Set Function Area for "URL_Handler", URL Resolution": null

2020-04-21 14:52:45 - [TEST_STEP][PASSED] - "Do Some Magic with URL(s) See the comments within URL Handler ": null

2020-04-21 14:52:45 - [TEST_STEP][PASSED] - "------------------------------------------------": null

2020-04-21 14:52:45 - [TEST_STEP][PASSED] - "Moved Login Credentials to <Default> profile 22/01/2020": null

2020-04-21 14:52:45 - [TEST_STEP][PASSED] - "------------------------------------------------": null

2020-04-21 14:52:45 - [TEST_STEP][PASSED] - "WebOfficeURL - Set from the ENVIRONMENT PROFILE ": null

2020-04-21 14:52:45 - [TEST_STEP][PASSED] - "OPEN BROWSER": null

2020-04-21 14:52:45 - [TEST_STEP][PASSED] - "eg - https://admin.preview.checkatrade.com/  ": null

2020-04-21 14:52:45 - [TEST_STEP][PASSED] - openBrowser(WebOfficeURL): Browser is opened with url: 'https://admin.preview.checkatrade.com/'

2020-04-21 14:52:45 - [MESSAGE][INFO] - Starting 'Chrome' driver

2020-04-21 14:52:45 - [MESSAGE][INFO] - Action delay is set to 0 milliseconds

2020-04-21 14:52:50 - [MESSAGE][PASSED] - Browser is opened with url: 'https://admin.preview.checkatrade.com/'

2020-04-21 14:52:50 - [TEST_STEP][PASSED] - maximizeWindow(): Current window maximized

2020-04-21 14:52:53 - [MESSAGE][PASSED] - Current window maximized

2020-04-21 14:52:53 - [TEST_STEP][PASSED] - waitForElementClickable(findTestObject("Object Repository/WebOffice/Page_Checkatrade - Administration - Login/Login_Button"), 25): Object 'Object Repository/WebOffice/Page_Checkatrade - Administration - Login/Login_Button' is clickable

2020-04-21 14:52:53 - [MESSAGE][PASSED] - Object 'Object Repository/WebOffice/Page_Checkatrade - Administration - Login/Login_Button' is clickable

2020-04-21 14:52:53 - [TEST_STEP][PASSED] - verifyTextPresent("Checkatrade Web Office", false): Text 'Checkatrade Web Office' is present on page 

2020-04-21 14:52:53 - [MESSAGE][PASSED] - Text 'Checkatrade Web Office' is present on page 

2020-04-21 14:52:53 - [TEST_STEP][PASSED] - verifyTextPresent("Access for staff use only", false): Text 'Access for staff use only' is present on page 

2020-04-21 14:52:53 - [MESSAGE][PASSED] - Text 'Access for staff use only' is present on page 

2020-04-21 14:52:53 - [TEST_STEP][PASSED] - verifyTextPresent("Forgotten password?", false): Text 'Forgotten password?' is present on page 

2020-04-21 14:52:53 - [MESSAGE][PASSED] - Text 'Forgotten password?' is present on page 

2020-04-21 14:52:53 - [TEST_STEP][PASSED] - setText(findTestObject("Object Repository/WebOffice/Page_Checkatrade - Administration - Login/input_Username_LoginControlUserName"), wo_Username): Text 'DavidHo' is set on object 'Object Repository/WebOffice/Page_Checkatrade - Administration - Login/input_Username_LoginControlUserName'

2020-04-21 14:52:53 - [MESSAGE][PASSED] - Text 'DavidHo' is set on object 'Object Repository/WebOffice/Page_Checkatrade - Administration - Login/input_Username_LoginControlUserName'

2020-04-21 14:52:53 - [TEST_STEP][PASSED] - setText(findTestObject("Object Repository/WebOffice/Page_Checkatrade - Administration - Login/input_Password_LoginControlPassword"), wo_Password): Text 'Check123' is set on object 'Object Repository/WebOffice/Page_Checkatrade - Administration - Login/input_Password_LoginControlPassword'

2020-04-21 14:52:53 - [MESSAGE][PASSED] - Text 'Check123' is set on object 'Object Repository/WebOffice/Page_Checkatrade - Administration - Login/input_Password_LoginControlPassword'

2020-04-21 14:52:53 - [TEST_STEP][PASSED] - click(findTestObject("Object Repository/WebOffice/Page_Checkatrade - Administration - Login/Login_Button")): Object: 'Object Repository/WebOffice/Page_Checkatrade - Administration - Login/Login_Button' is clicked on

2020-04-21 14:52:55 - [MESSAGE][PASSED] - Object: 'Object Repository/WebOffice/Page_Checkatrade - Administration - Login/Login_Button' is clicked on

2020-04-21 14:52:55 - [TEST_STEP][PASSED] - waitForPageLoad(60): Wait for page load successfully

2020-04-21 14:52:55 - [MESSAGE][PASSED] - Wait for page load successfully

2020-04-21 14:52:55 - [TEST_STEP][PASSED] - verifyTextPresent("Welcome " + wo_Username, false): Text 'Welcome DavidHo' is present on page 

2020-04-21 14:52:55 - [MESSAGE][PASSED] - Text 'Welcome DavidHo' is present on page 

2020-04-21 14:52:55 - [MESSAGE][PASSED] - Call Test Case 'Test Cases/Reusable_Test_Sequences/Web_Office/Directives/WebOffice_StartUp' successfully

2020-04-21 14:52:55 - [TEST_STEP][PASSED] - "-----------------------------------------------------------------": null

2020-04-21 14:52:55 - [TEST_STEP][PASSED] - " Navigate to <Settings->Checkatrade.Com->Sub Item> Menu Item     |": null

2020-04-21 14:52:55 - [TEST_STEP][PASSED] - callTestCase(findTestCase("Reusable_Test_Sequences/Web_Office/Navigation/Sub_Menu_Navigation/Settings/Checkatrade_Com/Web_Catagories"), [:], STOP_ON_FAILURE): Call Test Case 'Test Cases/Reusable_Test_Sequences/Web_Office/Navigation/Sub_Menu_Navigation/Settings/Checkatrade_Com/Web_Catagories' successfully

2020-04-21 14:52:55 - [TEST_CASE][PASSED] - Test Cases/Reusable_Test_Sequences/Web_Office/Navigation/Sub_Menu_Navigation/Settings/Checkatrade_Com/Web_Catagories: Test Cases/Reusable_Test_Sequences/Web_Office/Navigation/Sub_Menu_Navigation/Settings/Checkatrade_Com/Web_Catagories

2020-04-21 14:52:55 - [TEST_STEP][PASSED] - "--------------------------------------": null

2020-04-21 14:52:55 - [TEST_STEP][PASSED] - " Navigate Top level menu Item         |": null

2020-04-21 14:52:55 - [TEST_STEP][PASSED] - waitForPageLoad(60): Wait for page load successfully

2020-04-21 14:52:55 - [MESSAGE][PASSED] - Wait for page load successfully

2020-04-21 14:52:55 - [TEST_STEP][PASSED] - waitForElementClickable(findTestObject("Object Repository/WebOffice_Home_page/a_Settings"), 60): Object 'Object Repository/WebOffice_Home_page/a_Settings' is clickable

2020-04-21 14:52:55 - [MESSAGE][PASSED] - Object 'Object Repository/WebOffice_Home_page/a_Settings' is clickable

2020-04-21 14:52:55 - [TEST_STEP][PASSED] - mouseOver(findTestObject("Object Repository/WebOffice_Home_page/a_Settings")): Object: 'Object Repository/WebOffice_Home_page/a_Settings' is hovered

2020-04-21 14:52:56 - [MESSAGE][PASSED] - Object: 'Object Repository/WebOffice_Home_page/a_Settings' is hovered

2020-04-21 14:52:56 - [TEST_STEP][PASSED] - mouseOver(findTestObject("Object Repository/WebOffice_Home_page/a_wwwcheckatradecom")): Object: 'Object Repository/WebOffice_Home_page/a_wwwcheckatradecom' is hovered

2020-04-21 14:52:56 - [MESSAGE][PASSED] - Object: 'Object Repository/WebOffice_Home_page/a_wwwcheckatradecom' is hovered

2020-04-21 14:52:56 - [TEST_STEP][PASSED] - waitForElementClickable(findTestObject("Object Repository/WebOffice_Home_page/a_Web Categories"), 1): Object 'Object Repository/WebOffice_Home_page/a_Web Categories' is clickable

2020-04-21 14:52:56 - [MESSAGE][PASSED] - Object 'Object Repository/WebOffice_Home_page/a_Web Categories' is clickable

2020-04-21 14:52:56 - [TEST_STEP][PASSED] - click(findTestObject("Object Repository/WebOffice_Home_page/a_Web Categories")): Object: 'Object Repository/WebOffice_Home_page/a_Web Categories' is clicked on

2020-04-21 14:52:59 - [MESSAGE][PASSED] - Object: 'Object Repository/WebOffice_Home_page/a_Web Categories' is clicked on

2020-04-21 14:52:59 - [MESSAGE][PASSED] - Call Test Case 'Test Cases/Reusable_Test_Sequences/Web_Office/Navigation/Sub_Menu_Navigation/Settings/Checkatrade_Com/Web_Catagories' successfully

2020-04-21 14:52:59 - [TEST_STEP][PASSED] - "--------------------------------------": null

2020-04-21 14:52:59 - [TEST_STEP][PASSED] - " Verify Returned Page Detail          |": null

2020-04-21 14:52:59 - [TEST_STEP][PASSED] - callTestCase(findTestCase("Reusable_Test_Sequences/Web_Office/Verification/Settings/Checkatrade_Com/Web_Catagories"), [:], OPTIONAL): Call Test Case 'Test Cases/Reusable_Test_Sequences/Web_Office/Verification/Settings/Checkatrade_Com/Web_Catagories' successfully

2020-04-21 14:52:59 - [TEST_CASE][PASSED] - Test Cases/Reusable_Test_Sequences/Web_Office/Verification/Settings/Checkatrade_Com/Web_Catagories: Test Cases/Reusable_Test_Sequences/Web_Office/Verification/Settings/Checkatrade_Com/Web_Catagories

2020-04-21 14:52:59 - [TEST_STEP][PASSED] - waitForPageLoad(60): Wait for page load successfully

2020-04-21 14:52:59 - [MESSAGE][PASSED] - Wait for page load successfully

2020-04-21 14:52:59 - [TEST_STEP][PASSED] - delay(1): Delayed 1 second(s)

2020-04-21 14:53:00 - [MESSAGE][PASSED] - Delayed 1 second(s)

2020-04-21 14:53:00 - [TEST_STEP][PASSED] - verifyTextPresent("Web Categories", false): Text 'Web Categories' is present on page 

2020-04-21 14:53:01 - [MESSAGE][PASSED] - Text 'Web Categories' is present on page 

2020-04-21 14:53:01 - [TEST_STEP][PASSED] - verifyTextPresent("Add new top level category", false): Text 'Add new top level category' is present on page 

2020-04-21 14:53:02 - [MESSAGE][PASSED] - Text 'Add new top level category' is present on page 

2020-04-21 14:53:02 - [TEST_STEP][PASSED] - verifyTextPresent("Category Na", false): Text 'Category Na' is present on page 

2020-04-21 14:53:03 - [MESSAGE][PASSED] - Text 'Category Na' is present on page 

2020-04-21 14:53:03 - [TEST_STEP][PASSED] - verifyTextPresent("Category Hierarchy", false): Text 'Category Hierarchy' is present on page 

2020-04-21 14:53:03 - [MESSAGE][PASSED] - Text 'Category Hierarchy' is present on page 

2020-04-21 14:53:03 - [TEST_STEP][PASSED] - verifyTextPresent("SEO", false): Text 'SEO' is present on page 

2020-04-21 14:53:04 - [MESSAGE][PASSED] - Text 'SEO' is present on page 

2020-04-21 14:53:04 - [TEST_STEP][PASSED] - verifyTextPresent("Members", false): Text 'Members' is present on page 

2020-04-21 14:53:05 - [MESSAGE][PASSED] - Text 'Members' is present on page 

2020-04-21 14:53:05 - [TEST_STEP][PASSED] - verifyTextPresent("In SubCate", false): Text 'In SubCate' is present on page 

2020-04-21 14:53:06 - [MESSAGE][PASSED] - Text 'In SubCate' is present on page 

2020-04-21 14:53:06 - [TEST_STEP][PASSED] - verifyTextPresent("Create child", false): Text 'Create child' is present on page 

2020-04-21 14:53:06 - [MESSAGE][PASSED] - Text 'Create child' is present on page 

2020-04-21 14:53:06 - [TEST_STEP][PASSED] - verifyTextPresent("Preview", false): Text 'Preview' is present on page 

2020-04-21 14:53:08 - [MESSAGE][PASSED] - Text 'Preview' is present on page 

2020-04-21 14:53:08 - [TEST_STEP][PASSED] - "----------------------------------------------": null

2020-04-21 14:53:08 - [TEST_STEP][PASSED] - verifyTextPresent("Add child", false): Text 'Add child' is present on page 

2020-04-21 14:53:09 - [MESSAGE][PASSED] - Text 'Add child' is present on page 

2020-04-21 14:53:09 - [TEST_STEP][PASSED] - verifyTextPresent("Search", false): Text 'Search' is present on page 

2020-04-21 14:53:10 - [MESSAGE][PASSED] - Text 'Search' is present on page 

2020-04-21 14:53:10 - [TEST_STEP][PASSED] - verifyTextPresent("Air Conditioning", false): Text 'Air Conditioning' is present on page 

2020-04-21 14:53:11 - [MESSAGE][PASSED] - Text 'Air Conditioning' is present on page 

2020-04-21 14:53:11 - [TEST_STEP][PASSED] - verifyTextPresent("TDKC", false): Text 'TDKC' is present on page 

2020-04-21 14:53:12 - [MESSAGE][PASSED] - Text 'TDKC' is present on page 

2020-04-21 14:53:12 - [TEST_STEP][PASSED] - verifyTextPresent("TK", false): Text 'TK' is present on page 

2020-04-21 14:53:13 - [MESSAGE][PASSED] - Text 'TK' is present on page 

2020-04-21 14:53:13 - [TEST_STEP][PASSED] - verifyTextPresent("Fire Alarms", false): Text 'Fire Alarms' is present on page 

2020-04-21 14:53:14 - [MESSAGE][PASSED] - Text 'Fire Alarms' is present on page 

2020-04-21 14:53:14 - [MESSAGE][PASSED] - Call Test Case 'Test Cases/Reusable_Test_Sequences/Web_Office/Verification/Settings/Checkatrade_Com/Web_Catagories' successfully

2020-04-21 14:53:14 - [TEST_STEP][PASSED] - "--------------------------": null

2020-04-21 14:53:14 - [TEST_STEP][PASSED] - " Teardown - CLose Browser |": null

2020-04-21 14:53:14 - [TEST_STEP][PASSED] - callTestCase(findTestCase("Reusable_Test_Sequences/CAT_Teardown"), [:], OPTIONAL): Call Test Case 'Test Cases/Reusable_Test_Sequences/CAT_Teardown' successfully

2020-04-21 14:53:14 - [TEST_CASE][PASSED] - Test Cases/Reusable_Test_Sequences/CAT_Teardown: Test Cases/Reusable_Test_Sequences/CAT_Teardown

2020-04-21 14:53:14 - [TEST_STEP][PASSED] - closeBrowser(): Browser is closed

2020-04-21 14:53:17 - [MESSAGE][PASSED] - Browser is closed

2020-04-21 14:53:17 - [TEST_STEP][PASSED] - super.finalize(): null

2020-04-21 14:53:17 - [TEST_STEP][PASSED] - System.gc(): null

2020-04-21 14:53:17 - [MESSAGE][PASSED] - Call Test Case 'Test Cases/Reusable_Test_Sequences/CAT_Teardown' successfully]]></system-out>
         <system-err><![CDATA[]]></system-err>
      </testcase>
      <testcase name="Test Cases/Web_Office/Settings/Checkatrade_Com/Join_Now_Settings" time="26.582" classname="Test Cases/Web_Office/Settings/Checkatrade_Com/Join_Now_Settings" status="PASSED">
         <system-out><![CDATA[2020-04-21 14:53:17 - [TEST_CASE][PASSED] - Test Cases/Web_Office/Settings/Checkatrade_Com/Join_Now_Settings: Test Cases/Web_Office/Settings/Checkatrade_Com/Join_Now_Settings

2020-04-21 14:53:17 - [TEST_STEP][PASSED] - "--------------------------------------": null

2020-04-21 14:53:17 - [TEST_STEP][PASSED] - " Web Office StartUp                  |": null

2020-04-21 14:53:17 - [TEST_STEP][PASSED] - callTestCase(findTestCase("Reusable_Test_Sequences/Web_Office/Directives/WebOffice_StartUp"), [:], STOP_ON_FAILURE): Call Test Case 'Test Cases/Reusable_Test_Sequences/Web_Office/Directives/WebOffice_StartUp' successfully

2020-04-21 14:53:17 - [TEST_CASE][PASSED] - Test Cases/Reusable_Test_Sequences/Web_Office/Directives/WebOffice_StartUp: Test Cases/Reusable_Test_Sequences/Web_Office/Directives/WebOffice_StartUp

2020-04-21 14:53:17 - [TEST_STEP][PASSED] - "-----------------------------------------------------------------------------": null

2020-04-21 14:53:17 - [TEST_STEP][PASSED] - if (URL == "https://www.dev.checkatrade.com/"): null

2020-04-21 14:53:17 - [TEST_STEP][PASSED] - "-----------------------------------------------------------------------------": null

2020-04-21 14:53:17 - [TEST_STEP][PASSED] - if (URL == "https://www.checkatrade.com/"): null

2020-04-21 14:53:17 - [TEST_STEP][PASSED] - "-----------------------------------------------------------------------------": null

2020-04-21 14:53:17 - [TEST_STEP][PASSED] - if (URL == "https://www.preview.checkatrade.com/"): null

2020-04-21 14:53:17 - [TEST_STEP][PASSED] - WebOfficeURL = "https://admin.preview.checkatrade.com/": null

2020-04-21 14:53:17 - [TEST_STEP][PASSED] - if (URL == "https://www.dev2.checkatrade.com/"): null

2020-04-21 14:53:17 - [TEST_STEP][PASSED] - "Set Function Area for "URL_Handler", URL Resolution": null

2020-04-21 14:53:17 - [TEST_STEP][PASSED] - "Do Some Magic with URL(s) See the comments within URL Handler ": null

2020-04-21 14:53:17 - [TEST_STEP][PASSED] - "------------------------------------------------": null

2020-04-21 14:53:17 - [TEST_STEP][PASSED] - "Moved Login Credentials to <Default> profile 22/01/2020": null

2020-04-21 14:53:17 - [TEST_STEP][PASSED] - "------------------------------------------------": null

2020-04-21 14:53:17 - [TEST_STEP][PASSED] - "WebOfficeURL - Set from the ENVIRONMENT PROFILE ": null

2020-04-21 14:53:17 - [TEST_STEP][PASSED] - "OPEN BROWSER": null

2020-04-21 14:53:17 - [TEST_STEP][PASSED] - "eg - https://admin.preview.checkatrade.com/  ": null

2020-04-21 14:53:17 - [TEST_STEP][PASSED] - openBrowser(WebOfficeURL): Browser is opened with url: 'https://admin.preview.checkatrade.com/'

2020-04-21 14:53:17 - [MESSAGE][INFO] - Starting 'Chrome' driver

2020-04-21 14:53:17 - [MESSAGE][INFO] - Action delay is set to 0 milliseconds

2020-04-21 14:53:22 - [MESSAGE][PASSED] - Browser is opened with url: 'https://admin.preview.checkatrade.com/'

2020-04-21 14:53:22 - [TEST_STEP][PASSED] - maximizeWindow(): Current window maximized

2020-04-21 14:53:25 - [MESSAGE][PASSED] - Current window maximized

2020-04-21 14:53:25 - [TEST_STEP][PASSED] - waitForElementClickable(findTestObject("Object Repository/WebOffice/Page_Checkatrade - Administration - Login/Login_Button"), 25): Object 'Object Repository/WebOffice/Page_Checkatrade - Administration - Login/Login_Button' is clickable

2020-04-21 14:53:25 - [MESSAGE][PASSED] - Object 'Object Repository/WebOffice/Page_Checkatrade - Administration - Login/Login_Button' is clickable

2020-04-21 14:53:25 - [TEST_STEP][PASSED] - verifyTextPresent("Checkatrade Web Office", false): Text 'Checkatrade Web Office' is present on page 

2020-04-21 14:53:25 - [MESSAGE][PASSED] - Text 'Checkatrade Web Office' is present on page 

2020-04-21 14:53:25 - [TEST_STEP][PASSED] - verifyTextPresent("Access for staff use only", false): Text 'Access for staff use only' is present on page 

2020-04-21 14:53:25 - [MESSAGE][PASSED] - Text 'Access for staff use only' is present on page 

2020-04-21 14:53:25 - [TEST_STEP][PASSED] - verifyTextPresent("Forgotten password?", false): Text 'Forgotten password?' is present on page 

2020-04-21 14:53:25 - [MESSAGE][PASSED] - Text 'Forgotten password?' is present on page 

2020-04-21 14:53:25 - [TEST_STEP][PASSED] - setText(findTestObject("Object Repository/WebOffice/Page_Checkatrade - Administration - Login/input_Username_LoginControlUserName"), wo_Username): Text 'DavidHo' is set on object 'Object Repository/WebOffice/Page_Checkatrade - Administration - Login/input_Username_LoginControlUserName'

2020-04-21 14:53:26 - [MESSAGE][PASSED] - Text 'DavidHo' is set on object 'Object Repository/WebOffice/Page_Checkatrade - Administration - Login/input_Username_LoginControlUserName'

2020-04-21 14:53:26 - [TEST_STEP][PASSED] - setText(findTestObject("Object Repository/WebOffice/Page_Checkatrade - Administration - Login/input_Password_LoginControlPassword"), wo_Password): Text 'Check123' is set on object 'Object Repository/WebOffice/Page_Checkatrade - Administration - Login/input_Password_LoginControlPassword'

2020-04-21 14:53:26 - [MESSAGE][PASSED] - Text 'Check123' is set on object 'Object Repository/WebOffice/Page_Checkatrade - Administration - Login/input_Password_LoginControlPassword'

2020-04-21 14:53:26 - [TEST_STEP][PASSED] - click(findTestObject("Object Repository/WebOffice/Page_Checkatrade - Administration - Login/Login_Button")): Object: 'Object Repository/WebOffice/Page_Checkatrade - Administration - Login/Login_Button' is clicked on

2020-04-21 14:53:27 - [MESSAGE][PASSED] - Object: 'Object Repository/WebOffice/Page_Checkatrade - Administration - Login/Login_Button' is clicked on

2020-04-21 14:53:27 - [TEST_STEP][PASSED] - waitForPageLoad(60): Wait for page load successfully

2020-04-21 14:53:27 - [MESSAGE][PASSED] - Wait for page load successfully

2020-04-21 14:53:27 - [TEST_STEP][PASSED] - verifyTextPresent("Welcome " + wo_Username, false): Text 'Welcome DavidHo' is present on page 

2020-04-21 14:53:28 - [MESSAGE][PASSED] - Text 'Welcome DavidHo' is present on page 

2020-04-21 14:53:28 - [MESSAGE][PASSED] - Call Test Case 'Test Cases/Reusable_Test_Sequences/Web_Office/Directives/WebOffice_StartUp' successfully

2020-04-21 14:53:28 - [TEST_STEP][PASSED] - "-----------------------------------------------------------------": null

2020-04-21 14:53:28 - [TEST_STEP][PASSED] - " Navigate to <Settings->Checkatrade.Com->Sub Item> Menu Item     |": null

2020-04-21 14:53:28 - [TEST_STEP][PASSED] - callTestCase(findTestCase("Reusable_Test_Sequences/Web_Office/Navigation/Sub_Menu_Navigation/Settings/Checkatrade_Com/Join_Now_Settings"), [:], STOP_ON_FAILURE): Call Test Case 'Test Cases/Reusable_Test_Sequences/Web_Office/Navigation/Sub_Menu_Navigation/Settings/Checkatrade_Com/Join_Now_Settings' successfully

2020-04-21 14:53:28 - [TEST_CASE][PASSED] - Test Cases/Reusable_Test_Sequences/Web_Office/Navigation/Sub_Menu_Navigation/Settings/Checkatrade_Com/Join_Now_Settings: Test Cases/Reusable_Test_Sequences/Web_Office/Navigation/Sub_Menu_Navigation/Settings/Checkatrade_Com/Join_Now_Settings

2020-04-21 14:53:28 - [TEST_STEP][PASSED] - "--------------------------------------": null

2020-04-21 14:53:28 - [TEST_STEP][PASSED] - " Navigate Top level menu Item         |": null

2020-04-21 14:53:28 - [TEST_STEP][PASSED] - waitForPageLoad(60): Wait for page load successfully

2020-04-21 14:53:28 - [MESSAGE][PASSED] - Wait for page load successfully

2020-04-21 14:53:28 - [TEST_STEP][PASSED] - waitForElementClickable(findTestObject("Object Repository/WebOffice_Home_page/a_Settings"), 60): Object 'Object Repository/WebOffice_Home_page/a_Settings' is clickable

2020-04-21 14:53:28 - [MESSAGE][PASSED] - Object 'Object Repository/WebOffice_Home_page/a_Settings' is clickable

2020-04-21 14:53:28 - [TEST_STEP][PASSED] - mouseOver(findTestObject("Object Repository/WebOffice_Home_page/a_Settings")): Object: 'Object Repository/WebOffice_Home_page/a_Settings' is hovered

2020-04-21 14:53:29 - [MESSAGE][PASSED] - Object: 'Object Repository/WebOffice_Home_page/a_Settings' is hovered

2020-04-21 14:53:29 - [TEST_STEP][PASSED] - mouseOver(findTestObject("Object Repository/WebOffice_Home_page/a_wwwcheckatradecom")): Object: 'Object Repository/WebOffice_Home_page/a_wwwcheckatradecom' is hovered

2020-04-21 14:53:29 - [MESSAGE][PASSED] - Object: 'Object Repository/WebOffice_Home_page/a_wwwcheckatradecom' is hovered

2020-04-21 14:53:29 - [TEST_STEP][PASSED] - waitForElementClickable(findTestObject("Object Repository/WebOffice_Home_page/a_Join Now Settings"), 1): Object 'Object Repository/WebOffice_Home_page/a_Join Now Settings' is clickable

2020-04-21 14:53:29 - [MESSAGE][PASSED] - Object 'Object Repository/WebOffice_Home_page/a_Join Now Settings' is clickable

2020-04-21 14:53:29 - [TEST_STEP][PASSED] - click(findTestObject("Object Repository/WebOffice_Home_page/a_Join Now Settings")): Object: 'Object Repository/WebOffice_Home_page/a_Join Now Settings' is clicked on

2020-04-21 14:53:30 - [MESSAGE][PASSED] - Object: 'Object Repository/WebOffice_Home_page/a_Join Now Settings' is clicked on

2020-04-21 14:53:30 - [MESSAGE][PASSED] - Call Test Case 'Test Cases/Reusable_Test_Sequences/Web_Office/Navigation/Sub_Menu_Navigation/Settings/Checkatrade_Com/Join_Now_Settings' successfully

2020-04-21 14:53:30 - [TEST_STEP][PASSED] - "--------------------------------------": null

2020-04-21 14:53:30 - [TEST_STEP][PASSED] - " Verify Returned Page Detail          |": null

2020-04-21 14:53:30 - [TEST_STEP][PASSED] - callTestCase(findTestCase("Reusable_Test_Sequences/Web_Office/Verification/Settings/Checkatrade_Com/Join_Now_Settings"), [:], OPTIONAL): Call Test Case 'Test Cases/Reusable_Test_Sequences/Web_Office/Verification/Settings/Checkatrade_Com/Join_Now_Settings' successfully

2020-04-21 14:53:30 - [TEST_CASE][PASSED] - Test Cases/Reusable_Test_Sequences/Web_Office/Verification/Settings/Checkatrade_Com/Join_Now_Settings: Test Cases/Reusable_Test_Sequences/Web_Office/Verification/Settings/Checkatrade_Com/Join_Now_Settings

2020-04-21 14:53:30 - [TEST_STEP][PASSED] - waitForPageLoad(60): Wait for page load successfully

2020-04-21 14:53:30 - [MESSAGE][PASSED] - Wait for page load successfully

2020-04-21 14:53:30 - [TEST_STEP][PASSED] - delay(1): Delayed 1 second(s)

2020-04-21 14:53:31 - [MESSAGE][PASSED] - Delayed 1 second(s)

2020-04-21 14:53:31 - [TEST_STEP][PASSED] - verifyTextPresent("Join Now Form Settings", false): Text 'Join Now Form Settings' is present on page 

2020-04-21 14:53:32 - [MESSAGE][PASSED] - Text 'Join Now Form Settings' is present on page 

2020-04-21 14:53:32 - [TEST_STEP][PASSED] - verifyTextPresent("Closed Dates", false): Text 'Closed Dates' is present on page 

2020-04-21 14:53:32 - [MESSAGE][PASSED] - Text 'Closed Dates' is present on page 

2020-04-21 14:53:32 - [TEST_STEP][PASSED] - "----------------------------------------------": null

2020-04-21 14:53:32 - [TEST_STEP][PASSED] - verifyTextPresent("Form Content", false): Text 'Form Content' is present on page 

2020-04-21 14:53:32 - [MESSAGE][PASSED] - Text 'Form Content' is present on page 

2020-04-21 14:53:32 - [TEST_STEP][PASSED] - verifyTextPresent("Join Now Campaigns", false): Text 'Join Now Campaigns' is present on page 

2020-04-21 14:53:32 - [MESSAGE][PASSED] - Text 'Join Now Campaigns' is present on page 

2020-04-21 14:53:32 - [TEST_STEP][PASSED] - "----------------------------------------------": null

2020-04-21 14:53:32 - [TEST_STEP][PASSED] - verifyTextPresent("Form Heading", false): Text 'Form Heading' is present on page 

2020-04-21 14:53:32 - [MESSAGE][PASSED] - Text 'Form Heading' is present on page 

2020-04-21 14:53:32 - [TEST_STEP][PASSED] - verifyTextPresent("Form Text", false): Text 'Form Text' is present on page 

2020-04-21 14:53:33 - [MESSAGE][PASSED] - Text 'Form Text' is present on page 

2020-04-21 14:53:33 - [TEST_STEP][PASSED] - verifyTextPresent("Sorry the office is now closed", false): Text 'Sorry the office is now closed' is present on page 

2020-04-21 14:53:33 - [MESSAGE][PASSED] - Text 'Sorry the office is now closed' is present on page 

2020-04-21 14:53:33 - [TEST_STEP][PASSED] - verifyTextPresent("You will receive a call", false): Text 'You will receive a call' is present on page 

2020-04-21 14:53:33 - [MESSAGE][PASSED] - Text 'You will receive a call' is present on page 

2020-04-21 14:53:33 - [TEST_STEP][PASSED] - verifyTextPresent("Show Call Back Time", false): Text 'Show Call Back Time' is present on page 

2020-04-21 14:53:33 - [MESSAGE][PASSED] - Text 'Show Call Back Time' is present on page 

2020-04-21 14:53:33 - [TEST_STEP][PASSED] - verifyTextPresent("Use default text", false): Text 'Use default text' is present on page 

2020-04-21 14:53:33 - [MESSAGE][PASSED] - Text 'Use default text' is present on page 

2020-04-21 14:53:33 - [TEST_STEP][PASSED] - verifyTextPresent("Set manual text", false): Text 'Set manual text' is present on page 

2020-04-21 14:53:33 - [MESSAGE][PASSED] - Text 'Set manual text' is present on page 

2020-04-21 14:53:33 - [TEST_STEP][PASSED] - "----------------------------------------------": null

2020-04-21 14:53:33 - [TEST_STEP][PASSED] - click(findTestObject("Object Repository/WebOffice_Home_page/Page_/a_Join Now Campaigns")): Object: 'Object Repository/WebOffice_Home_page/Page_/a_Join Now Campaigns' is clicked on

2020-04-21 14:53:34 - [MESSAGE][PASSED] - Object: 'Object Repository/WebOffice_Home_page/Page_/a_Join Now Campaigns' is clicked on

2020-04-21 14:53:34 - [TEST_STEP][PASSED] - delay(1): Delayed 1 second(s)

2020-04-21 14:53:35 - [MESSAGE][PASSED] - Delayed 1 second(s)

2020-04-21 14:53:35 - [TEST_STEP][PASSED] - waitForPageLoad(5): Wait for page load successfully

2020-04-21 14:53:35 - [MESSAGE][PASSED] - Wait for page load successfully

2020-04-21 14:53:35 - [TEST_STEP][PASSED] - "----------------------------------------------": null

2020-04-21 14:53:35 - [TEST_STEP][PASSED] - verifyTextPresent("Title", false): Text 'Title' is present on page 

2020-04-21 14:53:35 - [MESSAGE][PASSED] - Text 'Title' is present on page 

2020-04-21 14:53:35 - [TEST_STEP][PASSED] - verifyTextPresent("Description", false): Text 'Description' is present on page 

2020-04-21 14:53:35 - [MESSAGE][PASSED] - Text 'Description' is present on page 

2020-04-21 14:53:35 - [TEST_STEP][PASSED] - verifyTextPresent("Starts", false): Text 'Starts' is present on page 

2020-04-21 14:53:35 - [MESSAGE][PASSED] - Text 'Starts' is present on page 

2020-04-21 14:53:35 - [TEST_STEP][PASSED] - verifyTextPresent("Ends", false): Text 'Ends' is present on page 

2020-04-21 14:53:35 - [MESSAGE][PASSED] - Text 'Ends' is present on page 

2020-04-21 14:53:35 - [TEST_STEP][PASSED] - verifyTextPresent("Enabled", false): Text 'Enabled' is present on page 

2020-04-21 14:53:36 - [MESSAGE][PASSED] - Text 'Enabled' is present on page 

2020-04-21 14:53:36 - [TEST_STEP][PASSED] - "----------------------------------------------": null

2020-04-21 14:53:36 - [TEST_STEP][PASSED] - verifyTextPresent("Two months membership", false): Text 'Two months membership' is present on page 

2020-04-21 14:53:36 - [MESSAGE][PASSED] - Text 'Two months membership' is present on page 

2020-04-21 14:53:36 - [TEST_STEP][PASSED] - verifyTextPresent("Offer ends", false): Text 'Offer ends' is present on page 

2020-04-21 14:53:36 - [MESSAGE][PASSED] - Text 'Offer ends' is present on page 

2020-04-21 14:53:36 - [TEST_STEP][PASSED] - verifyTextPresent("Edit", false): Text 'Edit' is present on page 

2020-04-21 14:53:36 - [MESSAGE][PASSED] - Text 'Edit' is present on page 

2020-04-21 14:53:36 - [TEST_STEP][PASSED] - verifyTextPresent("12 months for the price of", false): Text '12 months for the price of' is present on page 

2020-04-21 14:53:36 - [MESSAGE][PASSED] - Text '12 months for the price of' is present on page 

2020-04-21 14:53:36 - [TEST_STEP][PASSED] - verifyTextPresent("Offer ends", false): Text 'Offer ends' is present on page 

2020-04-21 14:53:37 - [MESSAGE][PASSED] - Text 'Offer ends' is present on page 

2020-04-21 14:53:37 - [TEST_STEP][PASSED] - verifyTextPresent("joining fee", false): Text 'joining fee' is present on page 

2020-04-21 14:53:37 - [MESSAGE][PASSED] - Text 'joining fee' is present on page 

2020-04-21 14:53:37 - [TEST_STEP][PASSED] - click(findTestObject("Object Repository/WebOffice_Home_page/Page_/input_Set manual text_ctl00CP1btnCreateCampaign")): Object: 'Object Repository/WebOffice_Home_page/Page_/input_Set manual text_ctl00CP1btnCreateCampaign' is clicked on

2020-04-21 14:53:39 - [MESSAGE][PASSED] - Object: 'Object Repository/WebOffice_Home_page/Page_/input_Set manual text_ctl00CP1btnCreateCampaign' is clicked on

2020-04-21 14:53:39 - [TEST_STEP][PASSED] - delay(1): Delayed 1 second(s)

2020-04-21 14:53:40 - [MESSAGE][PASSED] - Delayed 1 second(s)

2020-04-21 14:53:40 - [TEST_STEP][PASSED] - waitForPageLoad(5): Wait for page load successfully

2020-04-21 14:53:40 - [MESSAGE][PASSED] - Wait for page load successfully

2020-04-21 14:53:40 - [TEST_STEP][PASSED] - verifyTextPresent("Title", false): Text 'Title' is present on page 

2020-04-21 14:53:40 - [MESSAGE][PASSED] - Text 'Title' is present on page 

2020-04-21 14:53:40 - [TEST_STEP][PASSED] - setText(findTestObject("Object Repository/WebOffice_Home_page/Page_/input_Title_ctl00CP1txtTitle"), "Tester"): Text 'Tester' is set on object 'Object Repository/WebOffice_Home_page/Page_/input_Title_ctl00CP1txtTitle'

2020-04-21 14:53:40 - [MESSAGE][PASSED] - Text 'Tester' is set on object 'Object Repository/WebOffice_Home_page/Page_/input_Title_ctl00CP1txtTitle'

2020-04-21 14:53:40 - [TEST_STEP][PASSED] - verifyTextPresent("Description", false): Text 'Description' is present on page 

2020-04-21 14:53:41 - [MESSAGE][PASSED] - Text 'Description' is present on page 

2020-04-21 14:53:41 - [TEST_STEP][PASSED] - setText(findTestObject("Object Repository/WebOffice_Home_page/Page_/input_Description_ctl00CP1txtDescription"), "Testing"): Text 'Testing' is set on object 'Object Repository/WebOffice_Home_page/Page_/input_Description_ctl00CP1txtDescription'

2020-04-21 14:53:41 - [MESSAGE][PASSED] - Text 'Testing' is set on object 'Object Repository/WebOffice_Home_page/Page_/input_Description_ctl00CP1txtDescription'

2020-04-21 14:53:41 - [TEST_STEP][PASSED] - verifyTextPresent("Terms and Conditions", false): Text 'Terms and Conditions' is present on page 

2020-04-21 14:53:41 - [MESSAGE][PASSED] - Text 'Terms and Conditions' is present on page 

2020-04-21 14:53:41 - [TEST_STEP][PASSED] - setText(findTestObject("Object Repository/WebOffice_Home_page/Page_/textarea_Terms and Conditions_ctl00CP1txtTerms"), "Testing Tester"): Text 'Testing Tester' is set on object 'Object Repository/WebOffice_Home_page/Page_/textarea_Terms and Conditions_ctl00CP1txtTerms'

2020-04-21 14:53:41 - [MESSAGE][PASSED] - Text 'Testing Tester' is set on object 'Object Repository/WebOffice_Home_page/Page_/textarea_Terms and Conditions_ctl00CP1txtTerms'

2020-04-21 14:53:41 - [TEST_STEP][PASSED] - verifyTextPresent("Enabled", false): Text 'Enabled' is present on page 

2020-04-21 14:53:42 - [MESSAGE][PASSED] - Text 'Enabled' is present on page 

2020-04-21 14:53:42 - [TEST_STEP][PASSED] - verifyTextPresent("Start Date", false): Text 'Start Date' is present on page 

2020-04-21 14:53:42 - [MESSAGE][PASSED] - Text 'Start Date' is present on page 

2020-04-21 14:53:42 - [TEST_STEP][PASSED] - verifyTextPresent("End Date", false): Text 'End Date' is present on page 

2020-04-21 14:53:42 - [MESSAGE][PASSED] - Text 'End Date' is present on page 

2020-04-21 14:53:42 - [MESSAGE][PASSED] - Call Test Case 'Test Cases/Reusable_Test_Sequences/Web_Office/Verification/Settings/Checkatrade_Com/Join_Now_Settings' successfully

2020-04-21 14:53:42 - [TEST_STEP][PASSED] - "--------------------------": null

2020-04-21 14:53:42 - [TEST_STEP][PASSED] - " Teardown - CLose Browser |": null

2020-04-21 14:53:42 - [TEST_STEP][PASSED] - callTestCase(findTestCase("Reusable_Test_Sequences/CAT_Teardown"), [:], OPTIONAL): Call Test Case 'Test Cases/Reusable_Test_Sequences/CAT_Teardown' successfully

2020-04-21 14:53:42 - [TEST_CASE][PASSED] - Test Cases/Reusable_Test_Sequences/CAT_Teardown: Test Cases/Reusable_Test_Sequences/CAT_Teardown

2020-04-21 14:53:42 - [TEST_STEP][PASSED] - closeBrowser(): Browser is closed

2020-04-21 14:53:43 - [MESSAGE][PASSED] - Browser is closed

2020-04-21 14:53:43 - [TEST_STEP][PASSED] - super.finalize(): null

2020-04-21 14:53:43 - [TEST_STEP][PASSED] - System.gc(): null

2020-04-21 14:53:43 - [MESSAGE][PASSED] - Call Test Case 'Test Cases/Reusable_Test_Sequences/CAT_Teardown' successfully]]></system-out>
         <system-err><![CDATA[]]></system-err>
      </testcase>
      <testcase name="Test Cases/Web_Office/Settings/Checkatrade_Com/Search_Radius" time="16.995" classname="Test Cases/Web_Office/Settings/Checkatrade_Com/Search_Radius" status="PASSED">
         <system-out><![CDATA[2020-04-21 14:53:43 - [TEST_CASE][PASSED] - Test Cases/Web_Office/Settings/Checkatrade_Com/Search_Radius: Test Cases/Web_Office/Settings/Checkatrade_Com/Search_Radius

2020-04-21 14:53:44 - [TEST_STEP][PASSED] - "--------------------------------------": null

2020-04-21 14:53:44 - [TEST_STEP][PASSED] - " Web Office StartUp                  |": null

2020-04-21 14:53:44 - [TEST_STEP][PASSED] - callTestCase(findTestCase("Reusable_Test_Sequences/Web_Office/Directives/WebOffice_StartUp"), [:], STOP_ON_FAILURE): Call Test Case 'Test Cases/Reusable_Test_Sequences/Web_Office/Directives/WebOffice_StartUp' successfully

2020-04-21 14:53:44 - [TEST_CASE][PASSED] - Test Cases/Reusable_Test_Sequences/Web_Office/Directives/WebOffice_StartUp: Test Cases/Reusable_Test_Sequences/Web_Office/Directives/WebOffice_StartUp

2020-04-21 14:53:44 - [TEST_STEP][PASSED] - "-----------------------------------------------------------------------------": null

2020-04-21 14:53:44 - [TEST_STEP][PASSED] - if (URL == "https://www.dev.checkatrade.com/"): null

2020-04-21 14:53:44 - [TEST_STEP][PASSED] - "-----------------------------------------------------------------------------": null

2020-04-21 14:53:44 - [TEST_STEP][PASSED] - if (URL == "https://www.checkatrade.com/"): null

2020-04-21 14:53:44 - [TEST_STEP][PASSED] - "-----------------------------------------------------------------------------": null

2020-04-21 14:53:44 - [TEST_STEP][PASSED] - if (URL == "https://www.preview.checkatrade.com/"): null

2020-04-21 14:53:44 - [TEST_STEP][PASSED] - WebOfficeURL = "https://admin.preview.checkatrade.com/": null

2020-04-21 14:53:44 - [TEST_STEP][PASSED] - if (URL == "https://www.dev2.checkatrade.com/"): null

2020-04-21 14:53:44 - [TEST_STEP][PASSED] - "Set Function Area for "URL_Handler", URL Resolution": null

2020-04-21 14:53:44 - [TEST_STEP][PASSED] - "Do Some Magic with URL(s) See the comments within URL Handler ": null

2020-04-21 14:53:44 - [TEST_STEP][PASSED] - "------------------------------------------------": null

2020-04-21 14:53:44 - [TEST_STEP][PASSED] - "Moved Login Credentials to <Default> profile 22/01/2020": null

2020-04-21 14:53:44 - [TEST_STEP][PASSED] - "------------------------------------------------": null

2020-04-21 14:53:44 - [TEST_STEP][PASSED] - "WebOfficeURL - Set from the ENVIRONMENT PROFILE ": null

2020-04-21 14:53:44 - [TEST_STEP][PASSED] - "OPEN BROWSER": null

2020-04-21 14:53:44 - [TEST_STEP][PASSED] - "eg - https://admin.preview.checkatrade.com/  ": null

2020-04-21 14:53:44 - [TEST_STEP][PASSED] - openBrowser(WebOfficeURL): Browser is opened with url: 'https://admin.preview.checkatrade.com/'

2020-04-21 14:53:44 - [MESSAGE][INFO] - Starting 'Chrome' driver

2020-04-21 14:53:44 - [MESSAGE][INFO] - Action delay is set to 0 milliseconds

2020-04-21 14:53:50 - [MESSAGE][PASSED] - Browser is opened with url: 'https://admin.preview.checkatrade.com/'

2020-04-21 14:53:50 - [TEST_STEP][PASSED] - maximizeWindow(): Current window maximized

2020-04-21 14:53:52 - [MESSAGE][PASSED] - Current window maximized

2020-04-21 14:53:52 - [TEST_STEP][PASSED] - waitForElementClickable(findTestObject("Object Repository/WebOffice/Page_Checkatrade - Administration - Login/Login_Button"), 25): Object 'Object Repository/WebOffice/Page_Checkatrade - Administration - Login/Login_Button' is clickable

2020-04-21 14:53:52 - [MESSAGE][PASSED] - Object 'Object Repository/WebOffice/Page_Checkatrade - Administration - Login/Login_Button' is clickable

2020-04-21 14:53:52 - [TEST_STEP][PASSED] - verifyTextPresent("Checkatrade Web Office", false): Text 'Checkatrade Web Office' is present on page 

2020-04-21 14:53:52 - [MESSAGE][PASSED] - Text 'Checkatrade Web Office' is present on page 

2020-04-21 14:53:52 - [TEST_STEP][PASSED] - verifyTextPresent("Access for staff use only", false): Text 'Access for staff use only' is present on page 

2020-04-21 14:53:52 - [MESSAGE][PASSED] - Text 'Access for staff use only' is present on page 

2020-04-21 14:53:52 - [TEST_STEP][PASSED] - verifyTextPresent("Forgotten password?", false): Text 'Forgotten password?' is present on page 

2020-04-21 14:53:52 - [MESSAGE][PASSED] - Text 'Forgotten password?' is present on page 

2020-04-21 14:53:52 - [TEST_STEP][PASSED] - setText(findTestObject("Object Repository/WebOffice/Page_Checkatrade - Administration - Login/input_Username_LoginControlUserName"), wo_Username): Text 'DavidHo' is set on object 'Object Repository/WebOffice/Page_Checkatrade - Administration - Login/input_Username_LoginControlUserName'

2020-04-21 14:53:53 - [MESSAGE][PASSED] - Text 'DavidHo' is set on object 'Object Repository/WebOffice/Page_Checkatrade - Administration - Login/input_Username_LoginControlUserName'

2020-04-21 14:53:53 - [TEST_STEP][PASSED] - setText(findTestObject("Object Repository/WebOffice/Page_Checkatrade - Administration - Login/input_Password_LoginControlPassword"), wo_Password): Text 'Check123' is set on object 'Object Repository/WebOffice/Page_Checkatrade - Administration - Login/input_Password_LoginControlPassword'

2020-04-21 14:53:53 - [MESSAGE][PASSED] - Text 'Check123' is set on object 'Object Repository/WebOffice/Page_Checkatrade - Administration - Login/input_Password_LoginControlPassword'

2020-04-21 14:53:53 - [TEST_STEP][PASSED] - click(findTestObject("Object Repository/WebOffice/Page_Checkatrade - Administration - Login/Login_Button")): Object: 'Object Repository/WebOffice/Page_Checkatrade - Administration - Login/Login_Button' is clicked on

2020-04-21 14:53:54 - [MESSAGE][PASSED] - Object: 'Object Repository/WebOffice/Page_Checkatrade - Administration - Login/Login_Button' is clicked on

2020-04-21 14:53:54 - [TEST_STEP][PASSED] - waitForPageLoad(60): Wait for page load successfully

2020-04-21 14:53:54 - [MESSAGE][PASSED] - Wait for page load successfully

2020-04-21 14:53:54 - [TEST_STEP][PASSED] - verifyTextPresent("Welcome " + wo_Username, false): Text 'Welcome DavidHo' is present on page 

2020-04-21 14:53:54 - [MESSAGE][PASSED] - Text 'Welcome DavidHo' is present on page 

2020-04-21 14:53:54 - [MESSAGE][PASSED] - Call Test Case 'Test Cases/Reusable_Test_Sequences/Web_Office/Directives/WebOffice_StartUp' successfully

2020-04-21 14:53:54 - [TEST_STEP][PASSED] - "-----------------------------------------------------------------": null

2020-04-21 14:53:54 - [TEST_STEP][PASSED] - " Navigate to <Settings->Checkatrade.Com->Sub Item> Menu Item     |": null

2020-04-21 14:53:54 - [TEST_STEP][PASSED] - callTestCase(findTestCase("Reusable_Test_Sequences/Web_Office/Navigation/Sub_Menu_Navigation/Settings/Checkatrade_Com/Search_Radius"), [:], STOP_ON_FAILURE): Call Test Case 'Test Cases/Reusable_Test_Sequences/Web_Office/Navigation/Sub_Menu_Navigation/Settings/Checkatrade_Com/Search_Radius' successfully

2020-04-21 14:53:54 - [TEST_CASE][PASSED] - Test Cases/Reusable_Test_Sequences/Web_Office/Navigation/Sub_Menu_Navigation/Settings/Checkatrade_Com/Search_Radius: Test Cases/Reusable_Test_Sequences/Web_Office/Navigation/Sub_Menu_Navigation/Settings/Checkatrade_Com/Search_Radius

2020-04-21 14:53:55 - [TEST_STEP][PASSED] - "--------------------------------------": null

2020-04-21 14:53:55 - [TEST_STEP][PASSED] - " Navigate Top level menu Item         |": null

2020-04-21 14:53:55 - [TEST_STEP][PASSED] - waitForPageLoad(60): Wait for page load successfully

2020-04-21 14:53:55 - [MESSAGE][PASSED] - Wait for page load successfully

2020-04-21 14:53:55 - [TEST_STEP][PASSED] - waitForElementClickable(findTestObject("Object Repository/WebOffice_Home_page/a_Settings"), 60): Object 'Object Repository/WebOffice_Home_page/a_Settings' is clickable

2020-04-21 14:53:55 - [MESSAGE][PASSED] - Object 'Object Repository/WebOffice_Home_page/a_Settings' is clickable

2020-04-21 14:53:55 - [TEST_STEP][PASSED] - mouseOver(findTestObject("Object Repository/WebOffice_Home_page/a_Settings")): Object: 'Object Repository/WebOffice_Home_page/a_Settings' is hovered

2020-04-21 14:53:55 - [MESSAGE][PASSED] - Object: 'Object Repository/WebOffice_Home_page/a_Settings' is hovered

2020-04-21 14:53:55 - [TEST_STEP][PASSED] - mouseOver(findTestObject("Object Repository/WebOffice_Home_page/a_wwwcheckatradecom")): Object: 'Object Repository/WebOffice_Home_page/a_wwwcheckatradecom' is hovered

2020-04-21 14:53:56 - [MESSAGE][PASSED] - Object: 'Object Repository/WebOffice_Home_page/a_wwwcheckatradecom' is hovered

2020-04-21 14:53:56 - [TEST_STEP][PASSED] - waitForElementClickable(findTestObject("Object Repository/WebOffice_Home_page/a_Search Radius"), 1): Object 'Object Repository/WebOffice_Home_page/a_Search Radius' is clickable

2020-04-21 14:53:56 - [MESSAGE][PASSED] - Object 'Object Repository/WebOffice_Home_page/a_Search Radius' is clickable

2020-04-21 14:53:56 - [TEST_STEP][PASSED] - click(findTestObject("Object Repository/WebOffice_Home_page/a_Search Radius")): Object: 'Object Repository/WebOffice_Home_page/a_Search Radius' is clicked on

2020-04-21 14:53:56 - [MESSAGE][PASSED] - Object: 'Object Repository/WebOffice_Home_page/a_Search Radius' is clicked on

2020-04-21 14:53:56 - [MESSAGE][PASSED] - Call Test Case 'Test Cases/Reusable_Test_Sequences/Web_Office/Navigation/Sub_Menu_Navigation/Settings/Checkatrade_Com/Search_Radius' successfully

2020-04-21 14:53:56 - [TEST_STEP][PASSED] - "--------------------------------------": null

2020-04-21 14:53:56 - [TEST_STEP][PASSED] - " Verify Returned Page Detail          |": null

2020-04-21 14:53:56 - [TEST_STEP][PASSED] - callTestCase(findTestCase("Reusable_Test_Sequences/Web_Office/Verification/Settings/Checkatrade_Com/Search_Radius"), [:], OPTIONAL): Call Test Case 'Test Cases/Reusable_Test_Sequences/Web_Office/Verification/Settings/Checkatrade_Com/Search_Radius' successfully

2020-04-21 14:53:56 - [TEST_CASE][PASSED] - Test Cases/Reusable_Test_Sequences/Web_Office/Verification/Settings/Checkatrade_Com/Search_Radius: Test Cases/Reusable_Test_Sequences/Web_Office/Verification/Settings/Checkatrade_Com/Search_Radius

2020-04-21 14:53:57 - [TEST_STEP][PASSED] - "-------------------------------------------------------------------------": null

2020-04-21 14:53:57 - [TEST_STEP][PASSED] - " Needs Extendig to change radius, do a CAT Search, the revert settings   |": null

2020-04-21 14:53:57 - [TEST_STEP][PASSED] - waitForPageLoad(60): Wait for page load successfully

2020-04-21 14:53:57 - [MESSAGE][PASSED] - Wait for page load successfully

2020-04-21 14:53:57 - [TEST_STEP][PASSED] - delay(1): Delayed 1 second(s)

2020-04-21 14:53:58 - [MESSAGE][PASSED] - Delayed 1 second(s)

2020-04-21 14:53:58 - [TEST_STEP][PASSED] - verifyTextPresent("Search Radius", false): Text 'Search Radius' is present on page 

2020-04-21 14:53:59 - [MESSAGE][PASSED] - Text 'Search Radius' is present on page 

2020-04-21 14:53:59 - [TEST_STEP][PASSED] - "----------------------------------------------": null

2020-04-21 14:53:59 - [TEST_STEP][PASSED] - verifyTextPresent("20 Miles", false): Text '20 Miles' is present on page 

2020-04-21 14:53:59 - [MESSAGE][PASSED] - Text '20 Miles' is present on page 

2020-04-21 14:53:59 - [MESSAGE][PASSED] - Call Test Case 'Test Cases/Reusable_Test_Sequences/Web_Office/Verification/Settings/Checkatrade_Com/Search_Radius' successfully

2020-04-21 14:53:59 - [TEST_STEP][PASSED] - "--------------------------": null

2020-04-21 14:53:59 - [TEST_STEP][PASSED] - " Teardown - CLose Browser |": null

2020-04-21 14:53:59 - [TEST_STEP][PASSED] - callTestCase(findTestCase("Reusable_Test_Sequences/CAT_Teardown"), [:], OPTIONAL): Call Test Case 'Test Cases/Reusable_Test_Sequences/CAT_Teardown' successfully

2020-04-21 14:53:59 - [TEST_CASE][PASSED] - Test Cases/Reusable_Test_Sequences/CAT_Teardown: Test Cases/Reusable_Test_Sequences/CAT_Teardown

2020-04-21 14:53:59 - [TEST_STEP][PASSED] - closeBrowser(): Browser is closed

2020-04-21 14:54:00 - [MESSAGE][PASSED] - Browser is closed

2020-04-21 14:54:00 - [TEST_STEP][PASSED] - super.finalize(): null

2020-04-21 14:54:00 - [TEST_STEP][PASSED] - System.gc(): null

2020-04-21 14:54:00 - [MESSAGE][PASSED] - Call Test Case 'Test Cases/Reusable_Test_Sequences/CAT_Teardown' successfully]]></system-out>
         <system-err><![CDATA[]]></system-err>
      </testcase>
      <testcase name="Test Cases/Web_Office/Settings/Checkatrade_Com/CAT_Now_Settings" time="25.433" classname="Test Cases/Web_Office/Settings/Checkatrade_Com/CAT_Now_Settings" status="PASSED">
         <system-out><![CDATA[2020-04-21 14:54:00 - [TEST_CASE][PASSED] - Test Cases/Web_Office/Settings/Checkatrade_Com/CAT_Now_Settings: Test Cases/Web_Office/Settings/Checkatrade_Com/CAT_Now_Settings

2020-04-21 14:54:01 - [TEST_STEP][PASSED] - "--------------------------------------": null

2020-04-21 14:54:01 - [TEST_STEP][PASSED] - " Web Office StartUp                  |": null

2020-04-21 14:54:01 - [TEST_STEP][PASSED] - callTestCase(findTestCase("Reusable_Test_Sequences/Web_Office/Directives/WebOffice_StartUp"), [:], STOP_ON_FAILURE): Call Test Case 'Test Cases/Reusable_Test_Sequences/Web_Office/Directives/WebOffice_StartUp' successfully

2020-04-21 14:54:01 - [TEST_CASE][PASSED] - Test Cases/Reusable_Test_Sequences/Web_Office/Directives/WebOffice_StartUp: Test Cases/Reusable_Test_Sequences/Web_Office/Directives/WebOffice_StartUp

2020-04-21 14:54:01 - [TEST_STEP][PASSED] - "-----------------------------------------------------------------------------": null

2020-04-21 14:54:01 - [TEST_STEP][PASSED] - if (URL == "https://www.dev.checkatrade.com/"): null

2020-04-21 14:54:01 - [TEST_STEP][PASSED] - "-----------------------------------------------------------------------------": null

2020-04-21 14:54:01 - [TEST_STEP][PASSED] - if (URL == "https://www.checkatrade.com/"): null

2020-04-21 14:54:01 - [TEST_STEP][PASSED] - "-----------------------------------------------------------------------------": null

2020-04-21 14:54:01 - [TEST_STEP][PASSED] - if (URL == "https://www.preview.checkatrade.com/"): null

2020-04-21 14:54:01 - [TEST_STEP][PASSED] - WebOfficeURL = "https://admin.preview.checkatrade.com/": null

2020-04-21 14:54:01 - [TEST_STEP][PASSED] - if (URL == "https://www.dev2.checkatrade.com/"): null

2020-04-21 14:54:01 - [TEST_STEP][PASSED] - "Set Function Area for "URL_Handler", URL Resolution": null

2020-04-21 14:54:01 - [TEST_STEP][PASSED] - "Do Some Magic with URL(s) See the comments within URL Handler ": null

2020-04-21 14:54:01 - [TEST_STEP][PASSED] - "------------------------------------------------": null

2020-04-21 14:54:01 - [TEST_STEP][PASSED] - "Moved Login Credentials to <Default> profile 22/01/2020": null

2020-04-21 14:54:01 - [TEST_STEP][PASSED] - "------------------------------------------------": null

2020-04-21 14:54:01 - [TEST_STEP][PASSED] - "WebOfficeURL - Set from the ENVIRONMENT PROFILE ": null

2020-04-21 14:54:01 - [TEST_STEP][PASSED] - "OPEN BROWSER": null

2020-04-21 14:54:01 - [TEST_STEP][PASSED] - "eg - https://admin.preview.checkatrade.com/  ": null

2020-04-21 14:54:01 - [TEST_STEP][PASSED] - openBrowser(WebOfficeURL): Browser is opened with url: 'https://admin.preview.checkatrade.com/'

2020-04-21 14:54:01 - [MESSAGE][INFO] - Starting 'Chrome' driver

2020-04-21 14:54:01 - [MESSAGE][INFO] - Action delay is set to 0 milliseconds

2020-04-21 14:54:06 - [MESSAGE][PASSED] - Browser is opened with url: 'https://admin.preview.checkatrade.com/'

2020-04-21 14:54:06 - [TEST_STEP][PASSED] - maximizeWindow(): Current window maximized

2020-04-21 14:54:09 - [MESSAGE][PASSED] - Current window maximized

2020-04-21 14:54:09 - [TEST_STEP][PASSED] - waitForElementClickable(findTestObject("Object Repository/WebOffice/Page_Checkatrade - Administration - Login/Login_Button"), 25): Object 'Object Repository/WebOffice/Page_Checkatrade - Administration - Login/Login_Button' is clickable

2020-04-21 14:54:09 - [MESSAGE][PASSED] - Object 'Object Repository/WebOffice/Page_Checkatrade - Administration - Login/Login_Button' is clickable

2020-04-21 14:54:09 - [TEST_STEP][PASSED] - verifyTextPresent("Checkatrade Web Office", false): Text 'Checkatrade Web Office' is present on page 

2020-04-21 14:54:09 - [MESSAGE][PASSED] - Text 'Checkatrade Web Office' is present on page 

2020-04-21 14:54:09 - [TEST_STEP][PASSED] - verifyTextPresent("Access for staff use only", false): Text 'Access for staff use only' is present on page 

2020-04-21 14:54:09 - [MESSAGE][PASSED] - Text 'Access for staff use only' is present on page 

2020-04-21 14:54:09 - [TEST_STEP][PASSED] - verifyTextPresent("Forgotten password?", false): Text 'Forgotten password?' is present on page 

2020-04-21 14:54:09 - [MESSAGE][PASSED] - Text 'Forgotten password?' is present on page 

2020-04-21 14:54:09 - [TEST_STEP][PASSED] - setText(findTestObject("Object Repository/WebOffice/Page_Checkatrade - Administration - Login/input_Username_LoginControlUserName"), wo_Username): Text 'DavidHo' is set on object 'Object Repository/WebOffice/Page_Checkatrade - Administration - Login/input_Username_LoginControlUserName'

2020-04-21 14:54:09 - [MESSAGE][PASSED] - Text 'DavidHo' is set on object 'Object Repository/WebOffice/Page_Checkatrade - Administration - Login/input_Username_LoginControlUserName'

2020-04-21 14:54:09 - [TEST_STEP][PASSED] - setText(findTestObject("Object Repository/WebOffice/Page_Checkatrade - Administration - Login/input_Password_LoginControlPassword"), wo_Password): Text 'Check123' is set on object 'Object Repository/WebOffice/Page_Checkatrade - Administration - Login/input_Password_LoginControlPassword'

2020-04-21 14:54:10 - [MESSAGE][PASSED] - Text 'Check123' is set on object 'Object Repository/WebOffice/Page_Checkatrade - Administration - Login/input_Password_LoginControlPassword'

2020-04-21 14:54:10 - [TEST_STEP][PASSED] - click(findTestObject("Object Repository/WebOffice/Page_Checkatrade - Administration - Login/Login_Button")): Object: 'Object Repository/WebOffice/Page_Checkatrade - Administration - Login/Login_Button' is clicked on

2020-04-21 14:54:12 - [MESSAGE][PASSED] - Object: 'Object Repository/WebOffice/Page_Checkatrade - Administration - Login/Login_Button' is clicked on

2020-04-21 14:54:12 - [TEST_STEP][PASSED] - waitForPageLoad(60): Wait for page load successfully

2020-04-21 14:54:12 - [MESSAGE][PASSED] - Wait for page load successfully

2020-04-21 14:54:12 - [TEST_STEP][PASSED] - verifyTextPresent("Welcome " + wo_Username, false): Text 'Welcome DavidHo' is present on page 

2020-04-21 14:54:12 - [MESSAGE][PASSED] - Text 'Welcome DavidHo' is present on page 

2020-04-21 14:54:12 - [MESSAGE][PASSED] - Call Test Case 'Test Cases/Reusable_Test_Sequences/Web_Office/Directives/WebOffice_StartUp' successfully

2020-04-21 14:54:12 - [TEST_STEP][PASSED] - "-----------------------------------------------------------------": null

2020-04-21 14:54:12 - [TEST_STEP][PASSED] - " Navigate to <Settings->Checkatrade.Com->Sub Item> Menu Item     |": null

2020-04-21 14:54:12 - [TEST_STEP][PASSED] - callTestCase(findTestCase("Reusable_Test_Sequences/Web_Office/Navigation/Sub_Menu_Navigation/Settings/Checkatrade_Com/CAT_Now_Settings"), [:], STOP_ON_FAILURE): Call Test Case 'Test Cases/Reusable_Test_Sequences/Web_Office/Navigation/Sub_Menu_Navigation/Settings/Checkatrade_Com/CAT_Now_Settings' successfully

2020-04-21 14:54:12 - [TEST_CASE][PASSED] - Test Cases/Reusable_Test_Sequences/Web_Office/Navigation/Sub_Menu_Navigation/Settings/Checkatrade_Com/CAT_Now_Settings: Test Cases/Reusable_Test_Sequences/Web_Office/Navigation/Sub_Menu_Navigation/Settings/Checkatrade_Com/CAT_Now_Settings

2020-04-21 14:54:13 - [TEST_STEP][PASSED] - "--------------------------------------": null

2020-04-21 14:54:13 - [TEST_STEP][PASSED] - " Navigate Top level menu Item         |": null

2020-04-21 14:54:13 - [TEST_STEP][PASSED] - waitForPageLoad(60): Wait for page load successfully

2020-04-21 14:54:13 - [MESSAGE][PASSED] - Wait for page load successfully

2020-04-21 14:54:13 - [TEST_STEP][PASSED] - waitForElementClickable(findTestObject("Object Repository/WebOffice_Home_page/a_Settings"), 60): Object 'Object Repository/WebOffice_Home_page/a_Settings' is clickable

2020-04-21 14:54:13 - [MESSAGE][PASSED] - Object 'Object Repository/WebOffice_Home_page/a_Settings' is clickable

2020-04-21 14:54:13 - [TEST_STEP][PASSED] - mouseOver(findTestObject("Object Repository/WebOffice_Home_page/a_Settings")): Object: 'Object Repository/WebOffice_Home_page/a_Settings' is hovered

2020-04-21 14:54:13 - [MESSAGE][PASSED] - Object: 'Object Repository/WebOffice_Home_page/a_Settings' is hovered

2020-04-21 14:54:13 - [TEST_STEP][PASSED] - mouseOver(findTestObject("Object Repository/WebOffice_Home_page/a_wwwcheckatradecom")): Object: 'Object Repository/WebOffice_Home_page/a_wwwcheckatradecom' is hovered

2020-04-21 14:54:14 - [MESSAGE][PASSED] - Object: 'Object Repository/WebOffice_Home_page/a_wwwcheckatradecom' is hovered

2020-04-21 14:54:14 - [TEST_STEP][PASSED] - waitForElementClickable(findTestObject("Object Repository/WebOffice_Home_page/a_CAT Now Settings"), 1): Object 'Object Repository/WebOffice_Home_page/a_CAT Now Settings' is clickable

2020-04-21 14:54:14 - [MESSAGE][PASSED] - Object 'Object Repository/WebOffice_Home_page/a_CAT Now Settings' is clickable

2020-04-21 14:54:14 - [TEST_STEP][PASSED] - click(findTestObject("Object Repository/WebOffice_Home_page/a_CAT Now Settings")): Object: 'Object Repository/WebOffice_Home_page/a_CAT Now Settings' is clicked on

2020-04-21 14:54:16 - [MESSAGE][PASSED] - Object: 'Object Repository/WebOffice_Home_page/a_CAT Now Settings' is clicked on

2020-04-21 14:54:16 - [MESSAGE][PASSED] - Call Test Case 'Test Cases/Reusable_Test_Sequences/Web_Office/Navigation/Sub_Menu_Navigation/Settings/Checkatrade_Com/CAT_Now_Settings' successfully

2020-04-21 14:54:16 - [TEST_STEP][PASSED] - "--------------------------------------": null

2020-04-21 14:54:16 - [TEST_STEP][PASSED] - " Verify Returned Page Detail          |": null

2020-04-21 14:54:16 - [TEST_STEP][PASSED] - callTestCase(findTestCase("Reusable_Test_Sequences/Web_Office/Verification/Settings/Checkatrade_Com/CAT_Now_Settings"), [:], OPTIONAL): Call Test Case 'Test Cases/Reusable_Test_Sequences/Web_Office/Verification/Settings/Checkatrade_Com/CAT_Now_Settings' successfully

2020-04-21 14:54:16 - [TEST_CASE][PASSED] - Test Cases/Reusable_Test_Sequences/Web_Office/Verification/Settings/Checkatrade_Com/CAT_Now_Settings: Test Cases/Reusable_Test_Sequences/Web_Office/Verification/Settings/Checkatrade_Com/CAT_Now_Settings

2020-04-21 14:54:16 - [TEST_STEP][PASSED] - waitForPageLoad(60): Wait for page load successfully

2020-04-21 14:54:16 - [MESSAGE][PASSED] - Wait for page load successfully

2020-04-21 14:54:16 - [TEST_STEP][PASSED] - delay(1): Delayed 1 second(s)

2020-04-21 14:54:17 - [MESSAGE][PASSED] - Delayed 1 second(s)

2020-04-21 14:54:17 - [TEST_STEP][PASSED] - verifyTextPresent("Categories", false): Text 'Categories' is present on page 

2020-04-21 14:54:17 - [MESSAGE][PASSED] - Text 'Categories' is present on page 

2020-04-21 14:54:17 - [TEST_STEP][PASSED] - "----------------------------------------------": null

2020-04-21 14:54:17 - [TEST_STEP][PASSED] - "----------------------------------------------": null

2020-04-21 14:54:17 - [TEST_STEP][PASSED] - verifyTextPresent("Emergency Categories", false): Text 'Emergency Categories' is present on page 

2020-04-21 14:54:18 - [MESSAGE][PASSED] - Text 'Emergency Categories' is present on page 

2020-04-21 14:54:18 - [TEST_STEP][PASSED] - "----------------------------------------------": null

2020-04-21 14:54:18 - [TEST_STEP][PASSED] - verifyTextPresent("Name", false): Text 'Name' is present on page 

2020-04-21 14:54:18 - [MESSAGE][PASSED] - Text 'Name' is present on page 

2020-04-21 14:54:18 - [TEST_STEP][PASSED] - verifyTextPresent("Edit", false): Text 'Edit' is present on page 

2020-04-21 14:54:18 - [MESSAGE][PASSED] - Text 'Edit' is present on page 

2020-04-21 14:54:18 - [TEST_STEP][PASSED] - verifyTextPresent("Delete", false): Text 'Delete' is present on page 

2020-04-21 14:54:19 - [MESSAGE][PASSED] - Text 'Delete' is present on page 

2020-04-21 14:54:19 - [TEST_STEP][PASSED] - "----------------------------------------------": null

2020-04-21 14:54:19 - [TEST_STEP][PASSED] - "----------------------------------------------": null

2020-04-21 14:54:19 - [TEST_STEP][PASSED] - verifyTextPresent("Central Heating", false): Text 'Central Heating' is present on page 

2020-04-21 14:54:19 - [MESSAGE][PASSED] - Text 'Central Heating' is present on page 

2020-04-21 14:54:19 - [TEST_STEP][PASSED] - "----------------------------------------------": null

2020-04-21 14:54:19 - [TEST_STEP][PASSED] - verifyTextPresent("Electrician", false): Text 'Electrician' is present on page 

2020-04-21 14:54:19 - [MESSAGE][PASSED] - Text 'Electrician' is present on page 

2020-04-21 14:54:19 - [TEST_STEP][PASSED] - "----------------------------------------------": null

2020-04-21 14:54:19 - [TEST_STEP][PASSED] - "----------------------------------------------": null

2020-04-21 14:54:19 - [TEST_STEP][PASSED] - verifyTextPresent("Plumber", false): Text 'Plumber' is present on page 

2020-04-21 14:54:20 - [MESSAGE][PASSED] - Text 'Plumber' is present on page 

2020-04-21 14:54:20 - [TEST_STEP][PASSED] - "----------------------------------------------": null

2020-04-21 14:54:20 - [TEST_STEP][PASSED] - "----------------------------------------------": null

2020-04-21 14:54:20 - [TEST_STEP][PASSED] - "----------------------------------------------": null

2020-04-21 14:54:20 - [TEST_STEP][PASSED] - "----------------------------------------------": null

2020-04-21 14:54:20 - [TEST_STEP][PASSED] - verifyTextPresent("System Settings", false): Text 'System Settings' is present on page 

2020-04-21 14:54:20 - [MESSAGE][PASSED] - Text 'System Settings' is present on page 

2020-04-21 14:54:20 - [TEST_STEP][PASSED] - "----------------------------------------------": null

2020-04-21 14:54:20 - [TEST_STEP][PASSED] - verifyTextPresent("Status", false): Text 'Status' is present on page 

2020-04-21 14:54:20 - [MESSAGE][PASSED] - Text 'Status' is present on page 

2020-04-21 14:54:20 - [TEST_STEP][PASSED] - verifyTextPresent("Allowed Postcodes", false): Text 'Allowed Postcodes' is present on page 

2020-04-21 14:54:20 - [MESSAGE][PASSED] - Text 'Allowed Postcodes' is present on page 

2020-04-21 14:54:20 - [TEST_STEP][PASSED] - verifyTextPresent("Admin Emails", false): Text 'Admin Emails' is present on page 

2020-04-21 14:54:21 - [MESSAGE][PASSED] - Text 'Admin Emails' is present on page 

2020-04-21 14:54:21 - [TEST_STEP][PASSED] - verifyTextPresent("Test Trader IDs", false): Text 'Test Trader IDs' is present on page 

2020-04-21 14:54:21 - [MESSAGE][PASSED] - Text 'Test Trader IDs' is present on page 

2020-04-21 14:54:21 - [TEST_STEP][PASSED] - verifyTextPresent("Start Time", false): Text 'Start Time' is present on page 

2020-04-21 14:54:21 - [MESSAGE][PASSED] - Text 'Start Time' is present on page 

2020-04-21 14:54:21 - [TEST_STEP][PASSED] - verifyTextPresent("End Time", false): Text 'End Time' is present on page 

2020-04-21 14:54:22 - [MESSAGE][PASSED] - Text 'End Time' is present on page 

2020-04-21 14:54:22 - [TEST_STEP][PASSED] - "----------------------------------------------": null

2020-04-21 14:54:22 - [TEST_STEP][PASSED] - verifyTextPresent("Running", false): Text 'Running' is present on page 

2020-04-21 14:54:22 - [MESSAGE][PASSED] - Text 'Running' is present on page 

2020-04-21 14:54:22 - [TEST_STEP][PASSED] - verifyTextPresent("KT13", false): Text 'KT13' is present on page 

2020-04-21 14:54:22 - [MESSAGE][PASSED] - Text 'KT13' is present on page 

2020-04-21 14:54:22 - [TEST_STEP][PASSED] - verifyTextPresent("PO12", false): Text 'PO12' is present on page 

2020-04-21 14:54:23 - [MESSAGE][PASSED] - Text 'PO12' is present on page 

2020-04-21 14:54:23 - [TEST_STEP][PASSED] - verifyTextPresent("BH25", false): Text 'BH25' is present on page 

2020-04-21 14:54:23 - [MESSAGE][PASSED] - Text 'BH25' is present on page 

2020-04-21 14:54:23 - [TEST_STEP][PASSED] - verifyTextPresent("RG26", false): Text 'RG26' is present on page 

2020-04-21 14:54:23 - [MESSAGE][PASSED] - Text 'RG26' is present on page 

2020-04-21 14:54:23 - [TEST_STEP][PASSED] - verifyTextPresent("richard@vocala.co", false): Text 'richard@vocala.co' is present on page 

2020-04-21 14:54:24 - [MESSAGE][PASSED] - Text 'richard@vocala.co' is present on page 

2020-04-21 14:54:24 - [TEST_STEP][PASSED] - verifyTextPresent("536", false): Text '536' is present on page 

2020-04-21 14:54:24 - [MESSAGE][PASSED] - Text '536' is present on page 

2020-04-21 14:54:24 - [MESSAGE][PASSED] - Call Test Case 'Test Cases/Reusable_Test_Sequences/Web_Office/Verification/Settings/Checkatrade_Com/CAT_Now_Settings' successfully

2020-04-21 14:54:24 - [TEST_STEP][PASSED] - "--------------------------": null

2020-04-21 14:54:24 - [TEST_STEP][PASSED] - " Teardown - CLose Browser |": null

2020-04-21 14:54:24 - [TEST_STEP][PASSED] - callTestCase(findTestCase("Reusable_Test_Sequences/CAT_Teardown"), [:], OPTIONAL): Call Test Case 'Test Cases/Reusable_Test_Sequences/CAT_Teardown' successfully

2020-04-21 14:54:24 - [TEST_CASE][PASSED] - Test Cases/Reusable_Test_Sequences/CAT_Teardown: Test Cases/Reusable_Test_Sequences/CAT_Teardown

2020-04-21 14:54:24 - [TEST_STEP][PASSED] - closeBrowser(): Browser is closed

2020-04-21 14:54:26 - [MESSAGE][PASSED] - Browser is closed

2020-04-21 14:54:26 - [TEST_STEP][PASSED] - super.finalize(): null

2020-04-21 14:54:26 - [TEST_STEP][PASSED] - System.gc(): null

2020-04-21 14:54:26 - [MESSAGE][PASSED] - Call Test Case 'Test Cases/Reusable_Test_Sequences/CAT_Teardown' successfully]]></system-out>
         <system-err><![CDATA[]]></system-err>
      </testcase>
      <testcase name="Test Cases/Web_Office/Settings/Checkatrade_Com/CAT_Now_Reporting" time="90.769" classname="Test Cases/Web_Office/Settings/Checkatrade_Com/CAT_Now_Reporting" status="PASSED">
         <system-out><![CDATA[2020-04-21 14:54:26 - [TEST_CASE][PASSED] - Test Cases/Web_Office/Settings/Checkatrade_Com/CAT_Now_Reporting: Test Cases/Web_Office/Settings/Checkatrade_Com/CAT_Now_Reporting

2020-04-21 14:54:26 - [TEST_STEP][PASSED] - "--------------------------------------": null

2020-04-21 14:54:26 - [TEST_STEP][PASSED] - " Web Office StartUp                  |": null

2020-04-21 14:54:26 - [TEST_STEP][PASSED] - callTestCase(findTestCase("Reusable_Test_Sequences/Web_Office/Directives/WebOffice_StartUp"), [:], STOP_ON_FAILURE): Call Test Case 'Test Cases/Reusable_Test_Sequences/Web_Office/Directives/WebOffice_StartUp' successfully

2020-04-21 14:54:26 - [TEST_CASE][PASSED] - Test Cases/Reusable_Test_Sequences/Web_Office/Directives/WebOffice_StartUp: Test Cases/Reusable_Test_Sequences/Web_Office/Directives/WebOffice_StartUp

2020-04-21 14:54:26 - [TEST_STEP][PASSED] - "-----------------------------------------------------------------------------": null

2020-04-21 14:54:26 - [TEST_STEP][PASSED] - if (URL == "https://www.dev.checkatrade.com/"): null

2020-04-21 14:54:26 - [TEST_STEP][PASSED] - "-----------------------------------------------------------------------------": null

2020-04-21 14:54:26 - [TEST_STEP][PASSED] - if (URL == "https://www.checkatrade.com/"): null

2020-04-21 14:54:26 - [TEST_STEP][PASSED] - "-----------------------------------------------------------------------------": null

2020-04-21 14:54:26 - [TEST_STEP][PASSED] - if (URL == "https://www.preview.checkatrade.com/"): null

2020-04-21 14:54:26 - [TEST_STEP][PASSED] - WebOfficeURL = "https://admin.preview.checkatrade.com/": null

2020-04-21 14:54:26 - [TEST_STEP][PASSED] - if (URL == "https://www.dev2.checkatrade.com/"): null

2020-04-21 14:54:26 - [TEST_STEP][PASSED] - "Set Function Area for "URL_Handler", URL Resolution": null

2020-04-21 14:54:26 - [TEST_STEP][PASSED] - "Do Some Magic with URL(s) See the comments within URL Handler ": null

2020-04-21 14:54:26 - [TEST_STEP][PASSED] - "------------------------------------------------": null

2020-04-21 14:54:26 - [TEST_STEP][PASSED] - "Moved Login Credentials to <Default> profile 22/01/2020": null

2020-04-21 14:54:26 - [TEST_STEP][PASSED] - "------------------------------------------------": null

2020-04-21 14:54:26 - [TEST_STEP][PASSED] - "WebOfficeURL - Set from the ENVIRONMENT PROFILE ": null

2020-04-21 14:54:26 - [TEST_STEP][PASSED] - "OPEN BROWSER": null

2020-04-21 14:54:26 - [TEST_STEP][PASSED] - "eg - https://admin.preview.checkatrade.com/  ": null

2020-04-21 14:54:26 - [TEST_STEP][PASSED] - openBrowser(WebOfficeURL): Browser is opened with url: 'https://admin.preview.checkatrade.com/'

2020-04-21 14:54:26 - [MESSAGE][INFO] - Starting 'Chrome' driver

2020-04-21 14:54:26 - [MESSAGE][INFO] - Action delay is set to 0 milliseconds

2020-04-21 14:54:33 - [MESSAGE][PASSED] - Browser is opened with url: 'https://admin.preview.checkatrade.com/'

2020-04-21 14:54:33 - [TEST_STEP][PASSED] - maximizeWindow(): Current window maximized

2020-04-21 14:54:35 - [MESSAGE][PASSED] - Current window maximized

2020-04-21 14:54:35 - [TEST_STEP][PASSED] - waitForElementClickable(findTestObject("Object Repository/WebOffice/Page_Checkatrade - Administration - Login/Login_Button"), 25): Object 'Object Repository/WebOffice/Page_Checkatrade - Administration - Login/Login_Button' is clickable

2020-04-21 14:54:35 - [MESSAGE][PASSED] - Object 'Object Repository/WebOffice/Page_Checkatrade - Administration - Login/Login_Button' is clickable

2020-04-21 14:54:35 - [TEST_STEP][PASSED] - verifyTextPresent("Checkatrade Web Office", false): Text 'Checkatrade Web Office' is present on page 

2020-04-21 14:54:35 - [MESSAGE][PASSED] - Text 'Checkatrade Web Office' is present on page 

2020-04-21 14:54:35 - [TEST_STEP][PASSED] - verifyTextPresent("Access for staff use only", false): Text 'Access for staff use only' is present on page 

2020-04-21 14:54:36 - [MESSAGE][PASSED] - Text 'Access for staff use only' is present on page 

2020-04-21 14:54:36 - [TEST_STEP][PASSED] - verifyTextPresent("Forgotten password?", false): Text 'Forgotten password?' is present on page 

2020-04-21 14:54:36 - [MESSAGE][PASSED] - Text 'Forgotten password?' is present on page 

2020-04-21 14:54:36 - [TEST_STEP][PASSED] - setText(findTestObject("Object Repository/WebOffice/Page_Checkatrade - Administration - Login/input_Username_LoginControlUserName"), wo_Username): Text 'DavidHo' is set on object 'Object Repository/WebOffice/Page_Checkatrade - Administration - Login/input_Username_LoginControlUserName'

2020-04-21 14:54:36 - [MESSAGE][PASSED] - Text 'DavidHo' is set on object 'Object Repository/WebOffice/Page_Checkatrade - Administration - Login/input_Username_LoginControlUserName'

2020-04-21 14:54:36 - [TEST_STEP][PASSED] - setText(findTestObject("Object Repository/WebOffice/Page_Checkatrade - Administration - Login/input_Password_LoginControlPassword"), wo_Password): Text 'Check123' is set on object 'Object Repository/WebOffice/Page_Checkatrade - Administration - Login/input_Password_LoginControlPassword'

2020-04-21 14:54:36 - [MESSAGE][PASSED] - Text 'Check123' is set on object 'Object Repository/WebOffice/Page_Checkatrade - Administration - Login/input_Password_LoginControlPassword'

2020-04-21 14:54:36 - [TEST_STEP][PASSED] - click(findTestObject("Object Repository/WebOffice/Page_Checkatrade - Administration - Login/Login_Button")): Object: 'Object Repository/WebOffice/Page_Checkatrade - Administration - Login/Login_Button' is clicked on

2020-04-21 14:54:39 - [MESSAGE][PASSED] - Object: 'Object Repository/WebOffice/Page_Checkatrade - Administration - Login/Login_Button' is clicked on

2020-04-21 14:54:39 - [TEST_STEP][PASSED] - waitForPageLoad(60): Wait for page load successfully

2020-04-21 14:54:39 - [MESSAGE][PASSED] - Wait for page load successfully

2020-04-21 14:54:39 - [TEST_STEP][PASSED] - verifyTextPresent("Welcome " + wo_Username, false): Text 'Welcome DavidHo' is present on page 

2020-04-21 14:54:39 - [MESSAGE][PASSED] - Text 'Welcome DavidHo' is present on page 

2020-04-21 14:54:39 - [MESSAGE][PASSED] - Call Test Case 'Test Cases/Reusable_Test_Sequences/Web_Office/Directives/WebOffice_StartUp' successfully

2020-04-21 14:54:39 - [TEST_STEP][PASSED] - "-----------------------------------------------------------------": null

2020-04-21 14:54:39 - [TEST_STEP][PASSED] - " Navigate to <Settings->Checkatrade.Com->Sub Item> Menu Item     |": null

2020-04-21 14:54:39 - [TEST_STEP][PASSED] - callTestCase(findTestCase("Reusable_Test_Sequences/Web_Office/Navigation/Sub_Menu_Navigation/Settings/Checkatrade_Com/CAT_Now_Reporting"), [:], STOP_ON_FAILURE): Call Test Case 'Test Cases/Reusable_Test_Sequences/Web_Office/Navigation/Sub_Menu_Navigation/Settings/Checkatrade_Com/CAT_Now_Reporting' successfully

2020-04-21 14:54:39 - [TEST_CASE][PASSED] - Test Cases/Reusable_Test_Sequences/Web_Office/Navigation/Sub_Menu_Navigation/Settings/Checkatrade_Com/CAT_Now_Reporting: Test Cases/Reusable_Test_Sequences/Web_Office/Navigation/Sub_Menu_Navigation/Settings/Checkatrade_Com/CAT_Now_Reporting

2020-04-21 14:54:39 - [TEST_STEP][PASSED] - "--------------------------------------": null

2020-04-21 14:54:39 - [TEST_STEP][PASSED] - " Navigate Top level menu Item         |": null

2020-04-21 14:54:39 - [TEST_STEP][PASSED] - waitForPageLoad(60): Wait for page load successfully

2020-04-21 14:54:40 - [MESSAGE][PASSED] - Wait for page load successfully

2020-04-21 14:54:40 - [TEST_STEP][PASSED] - waitForElementClickable(findTestObject("Object Repository/WebOffice_Home_page/a_Settings"), 60): Object 'Object Repository/WebOffice_Home_page/a_Settings' is clickable

2020-04-21 14:54:40 - [MESSAGE][PASSED] - Object 'Object Repository/WebOffice_Home_page/a_Settings' is clickable

2020-04-21 14:54:40 - [TEST_STEP][PASSED] - mouseOver(findTestObject("Object Repository/WebOffice_Home_page/a_Settings")): Object: 'Object Repository/WebOffice_Home_page/a_Settings' is hovered

2020-04-21 14:54:40 - [MESSAGE][PASSED] - Object: 'Object Repository/WebOffice_Home_page/a_Settings' is hovered

2020-04-21 14:54:40 - [TEST_STEP][PASSED] - mouseOver(findTestObject("Object Repository/WebOffice_Home_page/a_wwwcheckatradecom")): Object: 'Object Repository/WebOffice_Home_page/a_wwwcheckatradecom' is hovered

2020-04-21 14:54:40 - [MESSAGE][PASSED] - Object: 'Object Repository/WebOffice_Home_page/a_wwwcheckatradecom' is hovered

2020-04-21 14:54:40 - [TEST_STEP][PASSED] - waitForElementClickable(findTestObject("Object Repository/WebOffice_Home_page/a_CAT Now Reporting"), 1): Object 'Object Repository/WebOffice_Home_page/a_CAT Now Reporting' is clickable

2020-04-21 14:54:40 - [MESSAGE][PASSED] - Object 'Object Repository/WebOffice_Home_page/a_CAT Now Reporting' is clickable

2020-04-21 14:54:40 - [TEST_STEP][PASSED] - click(findTestObject("Object Repository/WebOffice_Home_page/a_CAT Now Reporting")): Object: 'Object Repository/WebOffice_Home_page/a_CAT Now Reporting' is clicked on

2020-04-21 14:54:43 - [MESSAGE][PASSED] - Object: 'Object Repository/WebOffice_Home_page/a_CAT Now Reporting' is clicked on

2020-04-21 14:54:43 - [MESSAGE][PASSED] - Call Test Case 'Test Cases/Reusable_Test_Sequences/Web_Office/Navigation/Sub_Menu_Navigation/Settings/Checkatrade_Com/CAT_Now_Reporting' successfully

2020-04-21 14:54:43 - [TEST_STEP][PASSED] - "--------------------------------------": null

2020-04-21 14:54:43 - [TEST_STEP][PASSED] - " Verify Returned Page Detail          |": null

2020-04-21 14:54:43 - [TEST_STEP][PASSED] - callTestCase(findTestCase("Reusable_Test_Sequences/Web_Office/Verification/Settings/Checkatrade_Com/CAT_Now_Reporting"), [:], OPTIONAL): Call Test Case 'Test Cases/Reusable_Test_Sequences/Web_Office/Verification/Settings/Checkatrade_Com/CAT_Now_Reporting' successfully

2020-04-21 14:54:43 - [TEST_CASE][PASSED] - Test Cases/Reusable_Test_Sequences/Web_Office/Verification/Settings/Checkatrade_Com/CAT_Now_Reporting: Test Cases/Reusable_Test_Sequences/Web_Office/Verification/Settings/Checkatrade_Com/CAT_Now_Reporting

2020-04-21 14:54:44 - [TEST_STEP][PASSED] - waitForPageLoad(60): Wait for page load successfully

2020-04-21 14:54:44 - [MESSAGE][PASSED] - Wait for page load successfully

2020-04-21 14:54:44 - [TEST_STEP][PASSED] - delay(1): Delayed 1 second(s)

2020-04-21 14:54:45 - [MESSAGE][PASSED] - Delayed 1 second(s)

2020-04-21 14:54:45 - [TEST_STEP][PASSED] - verifyTextPresent("Checkatrade Now Report - Last 30 Days", false): Text 'Checkatrade Now Report - Last 30 Days' is present on page 

2020-04-21 14:54:47 - [MESSAGE][PASSED] - Text 'Checkatrade Now Report - Last 30 Days' is present on page 

2020-04-21 14:54:47 - [TEST_STEP][PASSED] - "----------------------------------------------": null

2020-04-21 14:54:47 - [TEST_STEP][PASSED] - verifyTextPresent("Jobs Summary", false): Text 'Jobs Summary' is present on page 

2020-04-21 14:54:50 - [MESSAGE][PASSED] - Text 'Jobs Summary' is present on page 

2020-04-21 14:54:50 - [TEST_STEP][PASSED] - "----------------------------------------------": null

2020-04-21 14:54:50 - [TEST_STEP][PASSED] - verifyTextPresent("Central Heating", false): Text 'Central Heating' is present on page 

2020-04-21 14:54:52 - [MESSAGE][PASSED] - Text 'Central Heating' is present on page 

2020-04-21 14:54:52 - [TEST_STEP][PASSED] - verifyTextPresent("Electrician", false): Text 'Electrician' is present on page 

2020-04-21 14:54:55 - [MESSAGE][PASSED] - Text 'Electrician' is present on page 

2020-04-21 14:54:55 - [TEST_STEP][PASSED] - verifyTextPresent("Plumber", false): Text 'Plumber' is present on page 

2020-04-21 14:54:58 - [MESSAGE][PASSED] - Text 'Plumber' is present on page 

2020-04-21 14:54:58 - [TEST_STEP][PASSED] - "----------------------------------------------": null

2020-04-21 14:54:58 - [TEST_STEP][PASSED] - verifyTextPresent("All", false): Text 'All' is present on page 

2020-04-21 14:55:01 - [MESSAGE][PASSED] - Text 'All' is present on page 

2020-04-21 14:55:01 - [TEST_STEP][PASSED] - verifyTextPresent("PO", false): Text 'PO' is present on page 

2020-04-21 14:55:04 - [MESSAGE][PASSED] - Text 'PO' is present on page 

2020-04-21 14:55:04 - [TEST_STEP][PASSED] - verifyTextPresent("GU", false): Text 'GU' is present on page 

2020-04-21 14:55:07 - [MESSAGE][PASSED] - Text 'GU' is present on page 

2020-04-21 14:55:07 - [TEST_STEP][PASSED] - verifyTextPresent("SO", false): Text 'SO' is present on page 

2020-04-21 14:55:09 - [MESSAGE][PASSED] - Text 'SO' is present on page 

2020-04-21 14:55:09 - [TEST_STEP][PASSED] - verifyTextPresent("BH", false): Text 'BH' is present on page 

2020-04-21 14:55:11 - [MESSAGE][PASSED] - Text 'BH' is present on page 

2020-04-21 14:55:11 - [TEST_STEP][PASSED] - "----------------------------------------------": null

2020-04-21 14:55:11 - [TEST_STEP][PASSED] - verifyTextPresent("0", false): Text '0' is present on page 

2020-04-21 14:55:14 - [MESSAGE][PASSED] - Text '0' is present on page 

2020-04-21 14:55:14 - [TEST_STEP][PASSED] - verifyTextPresent("9", false): Text '9' is present on page 

2020-04-21 14:55:17 - [MESSAGE][PASSED] - Text '9' is present on page 

2020-04-21 14:55:17 - [TEST_STEP][PASSED] - "----------------------------------------------": null

2020-04-21 14:55:17 - [TEST_STEP][PASSED] - "----------------------------------------------": null

2020-04-21 14:55:17 - [TEST_STEP][PASSED] - verifyTextPresent("Live Jobs", false): Text 'Live Jobs' is present on page 

2020-04-21 14:55:19 - [MESSAGE][PASSED] - Text 'Live Jobs' is present on page 

2020-04-21 14:55:19 - [TEST_STEP][PASSED] - "----------------------------------------------": null

2020-04-21 14:55:19 - [TEST_STEP][PASSED] - verifyTextPresent("Status", false): Text 'Status' is present on page 

2020-04-21 14:55:21 - [MESSAGE][PASSED] - Text 'Status' is present on page 

2020-04-21 14:55:21 - [TEST_STEP][PASSED] - verifyTextPresent("Created", false): Text 'Created' is present on page 

2020-04-21 14:55:23 - [MESSAGE][PASSED] - Text 'Created' is present on page 

2020-04-21 14:55:23 - [TEST_STEP][PASSED] - verifyTextPresent("Customer Recreated", false): Text 'Customer Recreated' is present on page 

2020-04-21 14:55:26 - [MESSAGE][PASSED] - Text 'Customer Recreated' is present on page 

2020-04-21 14:55:26 - [TEST_STEP][PASSED] - verifyTextPresent("Customer Name", false): Text 'Customer Name' is present on page 

2020-04-21 14:55:28 - [MESSAGE][PASSED] - Text 'Customer Name' is present on page 

2020-04-21 14:55:28 - [TEST_STEP][PASSED] - verifyTextPresent("Customer Number", false): Text 'Customer Number' is present on page 

2020-04-21 14:55:30 - [MESSAGE][PASSED] - Text 'Customer Number' is present on page 

2020-04-21 14:55:30 - [TEST_STEP][PASSED] - verifyTextPresent("Customer Postcode", false): Text 'Customer Postcode' is present on page 

2020-04-21 14:55:32 - [MESSAGE][PASSED] - Text 'Customer Postcode' is present on page 

2020-04-21 14:55:32 - [TEST_STEP][PASSED] - verifyTextPresent("Description ", false): Text 'Description ' is present on page 

2020-04-21 14:55:34 - [MESSAGE][PASSED] - Text 'Description ' is present on page 

2020-04-21 14:55:34 - [TEST_STEP][PASSED] - verifyTextPresent("Trader Name ", false): Text 'Trader Name ' is present on page 

2020-04-21 14:55:36 - [MESSAGE][PASSED] - Text 'Trader Name ' is present on page 

2020-04-21 14:55:36 - [TEST_STEP][PASSED] - verifyTextPresent("Job History ", false): Text 'Job History ' is present on page 

2020-04-21 14:55:38 - [MESSAGE][PASSED] - Text 'Job History ' is present on page 

2020-04-21 14:55:38 - [TEST_STEP][PASSED] - verifyTextPresent("Dismissals", false): Text 'Dismissals' is present on page 

2020-04-21 14:55:40 - [MESSAGE][PASSED] - Text 'Dismissals' is present on page 

2020-04-21 14:55:40 - [TEST_STEP][PASSED] - "----------------------------------------------": null

2020-04-21 14:55:40 - [TEST_STEP][PASSED] - verifyTextPresent("Complete", false): Text 'Complete' is present on page 

2020-04-21 14:55:42 - [MESSAGE][PASSED] - Text 'Complete' is present on page 

2020-04-21 14:55:42 - [TEST_STEP][PASSED] - verifyTextPresent("Accepted", false): Text 'Accepted' is present on page 

2020-04-21 14:55:44 - [MESSAGE][PASSED] - Text 'Accepted' is present on page 

2020-04-21 14:55:44 - [TEST_STEP][PASSED] - verifyTextPresent("Cancelled", false): Text 'Cancelled' is present on page 

2020-04-21 14:55:47 - [MESSAGE][PASSED] - Text 'Cancelled' is present on page 

2020-04-21 14:55:47 - [TEST_STEP][PASSED] - verifyTextPresent("Failed", false): Text 'Failed' is present on page 

2020-04-21 14:55:49 - [MESSAGE][PASSED] - Text 'Failed' is present on page 

2020-04-21 14:55:49 - [TEST_STEP][PASSED] - "----------------------------------------------": null

2020-04-21 14:55:49 - [TEST_STEP][PASSED] - verifyTextPresent("Electrics tripping", false): Text 'Electrics tripping' is present on page 

2020-04-21 14:55:52 - [MESSAGE][PASSED] - Text 'Electrics tripping' is present on page 

2020-04-21 14:55:52 - [TEST_STEP][PASSED] - verifyTextPresent("RG26", false): Text 'RG26' is present on page 

2020-04-21 14:55:55 - [MESSAGE][PASSED] - Text 'RG26' is present on page 

2020-04-21 14:55:55 - [MESSAGE][PASSED] - Call Test Case 'Test Cases/Reusable_Test_Sequences/Web_Office/Verification/Settings/Checkatrade_Com/CAT_Now_Reporting' successfully

2020-04-21 14:55:55 - [TEST_STEP][PASSED] - "--------------------------": null

2020-04-21 14:55:55 - [TEST_STEP][PASSED] - " Teardown - CLose Browser |": null

2020-04-21 14:55:55 - [TEST_STEP][PASSED] - callTestCase(findTestCase("Reusable_Test_Sequences/CAT_Teardown"), [:], OPTIONAL): Call Test Case 'Test Cases/Reusable_Test_Sequences/CAT_Teardown' successfully

2020-04-21 14:55:55 - [TEST_CASE][PASSED] - Test Cases/Reusable_Test_Sequences/CAT_Teardown: Test Cases/Reusable_Test_Sequences/CAT_Teardown

2020-04-21 14:55:55 - [TEST_STEP][PASSED] - closeBrowser(): Browser is closed

2020-04-21 14:55:57 - [MESSAGE][PASSED] - Browser is closed

2020-04-21 14:55:57 - [TEST_STEP][PASSED] - super.finalize(): null

2020-04-21 14:55:57 - [TEST_STEP][PASSED] - System.gc(): null

2020-04-21 14:55:57 - [MESSAGE][PASSED] - Call Test Case 'Test Cases/Reusable_Test_Sequences/CAT_Teardown' successfully]]></system-out>
         <system-err><![CDATA[]]></system-err>
      </testcase>
      <testcase name="Test Cases/Web_Office/Settings/Checkatrade_Com/Trade_App_Settings" time="30.822" classname="Test Cases/Web_Office/Settings/Checkatrade_Com/Trade_App_Settings" status="PASSED">
         <system-out><![CDATA[2020-04-21 14:55:57 - [TEST_CASE][PASSED] - Test Cases/Web_Office/Settings/Checkatrade_Com/Trade_App_Settings: Test Cases/Web_Office/Settings/Checkatrade_Com/Trade_App_Settings

2020-04-21 14:55:57 - [TEST_STEP][PASSED] - "--------------------------------------": null

2020-04-21 14:55:57 - [TEST_STEP][PASSED] - " Web Office StartUp                  |": null

2020-04-21 14:55:57 - [TEST_STEP][PASSED] - callTestCase(findTestCase("Reusable_Test_Sequences/Web_Office/Directives/WebOffice_StartUp"), [:], STOP_ON_FAILURE): Call Test Case 'Test Cases/Reusable_Test_Sequences/Web_Office/Directives/WebOffice_StartUp' successfully

2020-04-21 14:55:57 - [TEST_CASE][PASSED] - Test Cases/Reusable_Test_Sequences/Web_Office/Directives/WebOffice_StartUp: Test Cases/Reusable_Test_Sequences/Web_Office/Directives/WebOffice_StartUp

2020-04-21 14:55:57 - [TEST_STEP][PASSED] - "-----------------------------------------------------------------------------": null

2020-04-21 14:55:57 - [TEST_STEP][PASSED] - if (URL == "https://www.dev.checkatrade.com/"): null

2020-04-21 14:55:57 - [TEST_STEP][PASSED] - "-----------------------------------------------------------------------------": null

2020-04-21 14:55:57 - [TEST_STEP][PASSED] - if (URL == "https://www.checkatrade.com/"): null

2020-04-21 14:55:57 - [TEST_STEP][PASSED] - "-----------------------------------------------------------------------------": null

2020-04-21 14:55:57 - [TEST_STEP][PASSED] - if (URL == "https://www.preview.checkatrade.com/"): null

2020-04-21 14:55:57 - [TEST_STEP][PASSED] - WebOfficeURL = "https://admin.preview.checkatrade.com/": null

2020-04-21 14:55:57 - [TEST_STEP][PASSED] - if (URL == "https://www.dev2.checkatrade.com/"): null

2020-04-21 14:55:57 - [TEST_STEP][PASSED] - "Set Function Area for "URL_Handler", URL Resolution": null

2020-04-21 14:55:57 - [TEST_STEP][PASSED] - "Do Some Magic with URL(s) See the comments within URL Handler ": null

2020-04-21 14:55:57 - [TEST_STEP][PASSED] - "------------------------------------------------": null

2020-04-21 14:55:57 - [TEST_STEP][PASSED] - "Moved Login Credentials to <Default> profile 22/01/2020": null

2020-04-21 14:55:57 - [TEST_STEP][PASSED] - "------------------------------------------------": null

2020-04-21 14:55:57 - [TEST_STEP][PASSED] - "WebOfficeURL - Set from the ENVIRONMENT PROFILE ": null

2020-04-21 14:55:57 - [TEST_STEP][PASSED] - "OPEN BROWSER": null

2020-04-21 14:55:57 - [TEST_STEP][PASSED] - "eg - https://admin.preview.checkatrade.com/  ": null

2020-04-21 14:55:57 - [TEST_STEP][PASSED] - openBrowser(WebOfficeURL): Browser is opened with url: 'https://admin.preview.checkatrade.com/'

2020-04-21 14:55:57 - [MESSAGE][INFO] - Starting 'Chrome' driver

2020-04-21 14:55:57 - [MESSAGE][INFO] - Action delay is set to 0 milliseconds

2020-04-21 14:56:03 - [MESSAGE][PASSED] - Browser is opened with url: 'https://admin.preview.checkatrade.com/'

2020-04-21 14:56:03 - [TEST_STEP][PASSED] - maximizeWindow(): Current window maximized

2020-04-21 14:56:05 - [MESSAGE][PASSED] - Current window maximized

2020-04-21 14:56:05 - [TEST_STEP][PASSED] - waitForElementClickable(findTestObject("Object Repository/WebOffice/Page_Checkatrade - Administration - Login/Login_Button"), 25): Object 'Object Repository/WebOffice/Page_Checkatrade - Administration - Login/Login_Button' is clickable

2020-04-21 14:56:05 - [MESSAGE][PASSED] - Object 'Object Repository/WebOffice/Page_Checkatrade - Administration - Login/Login_Button' is clickable

2020-04-21 14:56:05 - [TEST_STEP][PASSED] - verifyTextPresent("Checkatrade Web Office", false): Text 'Checkatrade Web Office' is present on page 

2020-04-21 14:56:05 - [MESSAGE][PASSED] - Text 'Checkatrade Web Office' is present on page 

2020-04-21 14:56:05 - [TEST_STEP][PASSED] - verifyTextPresent("Access for staff use only", false): Text 'Access for staff use only' is present on page 

2020-04-21 14:56:06 - [MESSAGE][PASSED] - Text 'Access for staff use only' is present on page 

2020-04-21 14:56:06 - [TEST_STEP][PASSED] - verifyTextPresent("Forgotten password?", false): Text 'Forgotten password?' is present on page 

2020-04-21 14:56:06 - [MESSAGE][PASSED] - Text 'Forgotten password?' is present on page 

2020-04-21 14:56:06 - [TEST_STEP][PASSED] - setText(findTestObject("Object Repository/WebOffice/Page_Checkatrade - Administration - Login/input_Username_LoginControlUserName"), wo_Username): Text 'DavidHo' is set on object 'Object Repository/WebOffice/Page_Checkatrade - Administration - Login/input_Username_LoginControlUserName'

2020-04-21 14:56:06 - [MESSAGE][PASSED] - Text 'DavidHo' is set on object 'Object Repository/WebOffice/Page_Checkatrade - Administration - Login/input_Username_LoginControlUserName'

2020-04-21 14:56:06 - [TEST_STEP][PASSED] - setText(findTestObject("Object Repository/WebOffice/Page_Checkatrade - Administration - Login/input_Password_LoginControlPassword"), wo_Password): Text 'Check123' is set on object 'Object Repository/WebOffice/Page_Checkatrade - Administration - Login/input_Password_LoginControlPassword'

2020-04-21 14:56:06 - [MESSAGE][PASSED] - Text 'Check123' is set on object 'Object Repository/WebOffice/Page_Checkatrade - Administration - Login/input_Password_LoginControlPassword'

2020-04-21 14:56:06 - [TEST_STEP][PASSED] - click(findTestObject("Object Repository/WebOffice/Page_Checkatrade - Administration - Login/Login_Button")): Object: 'Object Repository/WebOffice/Page_Checkatrade - Administration - Login/Login_Button' is clicked on

2020-04-21 14:56:09 - [MESSAGE][PASSED] - Object: 'Object Repository/WebOffice/Page_Checkatrade - Administration - Login/Login_Button' is clicked on

2020-04-21 14:56:09 - [TEST_STEP][PASSED] - waitForPageLoad(60): Wait for page load successfully

2020-04-21 14:56:09 - [MESSAGE][PASSED] - Wait for page load successfully

2020-04-21 14:56:09 - [TEST_STEP][PASSED] - verifyTextPresent("Welcome " + wo_Username, false): Text 'Welcome DavidHo' is present on page 

2020-04-21 14:56:09 - [MESSAGE][PASSED] - Text 'Welcome DavidHo' is present on page 

2020-04-21 14:56:09 - [MESSAGE][PASSED] - Call Test Case 'Test Cases/Reusable_Test_Sequences/Web_Office/Directives/WebOffice_StartUp' successfully

2020-04-21 14:56:09 - [TEST_STEP][PASSED] - "-----------------------------------------------------------------": null

2020-04-21 14:56:09 - [TEST_STEP][PASSED] - " Navigate to <Settings->Checkatrade.Com->Sub Item> Menu Item     |": null

2020-04-21 14:56:09 - [TEST_STEP][PASSED] - callTestCase(findTestCase("Reusable_Test_Sequences/Web_Office/Navigation/Sub_Menu_Navigation/Settings/Checkatrade_Com/Trade_App_Settings"), [:], STOP_ON_FAILURE): Call Test Case 'Test Cases/Reusable_Test_Sequences/Web_Office/Navigation/Sub_Menu_Navigation/Settings/Checkatrade_Com/Trade_App_Settings' successfully

2020-04-21 14:56:09 - [TEST_CASE][PASSED] - Test Cases/Reusable_Test_Sequences/Web_Office/Navigation/Sub_Menu_Navigation/Settings/Checkatrade_Com/Trade_App_Settings: Test Cases/Reusable_Test_Sequences/Web_Office/Navigation/Sub_Menu_Navigation/Settings/Checkatrade_Com/Trade_App_Settings

2020-04-21 14:56:10 - [TEST_STEP][PASSED] - " TODO - a_Trade App Settings MISSING From Object Repositary": null

2020-04-21 14:56:10 - [TEST_STEP][PASSED] - "--------------------------------------": null

2020-04-21 14:56:10 - [TEST_STEP][PASSED] - " Navigate Top level menu Item         |": null

2020-04-21 14:56:10 - [TEST_STEP][PASSED] - waitForPageLoad(60): Wait for page load successfully

2020-04-21 14:56:10 - [MESSAGE][PASSED] - Wait for page load successfully

2020-04-21 14:56:10 - [TEST_STEP][PASSED] - waitForElementClickable(findTestObject("Object Repository/WebOffice_Home_page/a_Settings"), 60): Object 'Object Repository/WebOffice_Home_page/a_Settings' is clickable

2020-04-21 14:56:11 - [MESSAGE][PASSED] - Object 'Object Repository/WebOffice_Home_page/a_Settings' is clickable

2020-04-21 14:56:11 - [TEST_STEP][PASSED] - mouseOver(findTestObject("Object Repository/WebOffice_Home_page/a_Settings")): Object: 'Object Repository/WebOffice_Home_page/a_Settings' is hovered

2020-04-21 14:56:11 - [MESSAGE][PASSED] - Object: 'Object Repository/WebOffice_Home_page/a_Settings' is hovered

2020-04-21 14:56:11 - [TEST_STEP][PASSED] - mouseOver(findTestObject("Object Repository/WebOffice_Home_page/a_wwwcheckatradecom")): Object: 'Object Repository/WebOffice_Home_page/a_wwwcheckatradecom' is hovered

2020-04-21 14:56:11 - [MESSAGE][PASSED] - Object: 'Object Repository/WebOffice_Home_page/a_wwwcheckatradecom' is hovered

2020-04-21 14:56:11 - [TEST_STEP][PASSED] - waitForElementClickable(findTestObject("Object Repository/WebOffice_Home_page/Page_/a_Trade App Settings"), 1): Object 'Object Repository/WebOffice_Home_page/Page_/a_Trade App Settings' is clickable

2020-04-21 14:56:11 - [MESSAGE][PASSED] - Object 'Object Repository/WebOffice_Home_page/Page_/a_Trade App Settings' is clickable

2020-04-21 14:56:11 - [TEST_STEP][PASSED] - click(findTestObject("Object Repository/WebOffice_Home_page/Page_/a_Trade App Settings")): Object: 'Object Repository/WebOffice_Home_page/Page_/a_Trade App Settings' is clicked on

2020-04-21 14:56:13 - [MESSAGE][PASSED] - Object: 'Object Repository/WebOffice_Home_page/Page_/a_Trade App Settings' is clicked on

2020-04-21 14:56:13 - [MESSAGE][PASSED] - Call Test Case 'Test Cases/Reusable_Test_Sequences/Web_Office/Navigation/Sub_Menu_Navigation/Settings/Checkatrade_Com/Trade_App_Settings' successfully

2020-04-21 14:56:13 - [TEST_STEP][PASSED] - "--------------------------------------": null

2020-04-21 14:56:13 - [TEST_STEP][PASSED] - " Verify Returned Page Detail          |": null

2020-04-21 14:56:13 - [TEST_STEP][PASSED] - callTestCase(findTestCase("Reusable_Test_Sequences/Web_Office/Verification/Settings/Checkatrade_Com/Trade_App_Settings"), [:], OPTIONAL): Unable to call Test Case 'Test Cases/Reusable_Test_Sequences/Web_Office/Verification/Settings/Checkatrade_Com/Trade_App_Settings' (Root cause: com.kms.katalon.core.exception.StepFailedException: Call Test Case 'Test Cases/Reusable_Test_Sequences/Web_Office/Verification/Settings/Checkatrade_Com/Trade_App_Settings' failed
	at com.kms.katalon.core.keyword.builtin.CallTestCaseKeyword$_callTestCase_closure1.doCall(CallTestCaseKeyword.groovy:63)
	at com.kms.katalon.core.keyword.builtin.CallTestCaseKeyword$_callTestCase_closure1.call(CallTestCaseKeyword.groovy)
	at com.kms.katalon.core.keyword.internal.KeywordMain.runKeyword(KeywordMain.groovy:68)
	at com.kms.katalon.core.keyword.builtin.CallTestCaseKeyword.callTestCase(CallTestCaseKeyword.groovy:81)
	at com.kms.katalon.core.keyword.builtin.CallTestCaseKeyword.execute(CallTestCaseKeyword.groovy:44)
	at com.kms.katalon.core.keyword.internal.KeywordExecutor.executeKeywordForPlatform(KeywordExecutor.groovy:72)
	at com.kms.katalon.core.keyword.BuiltinKeywords.callTestCase(BuiltinKeywords.groovy:334)
	at Trade_App_Settings.run(Trade_App_Settings:63)
	at com.kms.katalon.core.main.ScriptEngine.run(ScriptEngine.java:194)
	at com.kms.katalon.core.main.ScriptEngine.runScriptAsRawText(ScriptEngine.java:119)
	at com.kms.katalon.core.main.TestCaseExecutor.runScript(TestCaseExecutor.java:337)
	at com.kms.katalon.core.main.TestCaseExecutor.doExecute(TestCaseExecutor.java:328)
	at com.kms.katalon.core.main.TestCaseExecutor.processExecutionPhase(TestCaseExecutor.java:307)
	at com.kms.katalon.core.main.TestCaseExecutor.accessMainPhase(TestCaseExecutor.java:299)
	at com.kms.katalon.core.main.TestCaseExecutor.execute(TestCaseExecutor.java:233)
	at com.kms.katalon.core.main.TestSuiteExecutor.accessTestCaseMainPhase(TestSuiteExecutor.java:169)
	at com.kms.katalon.core.main.TestSuiteExecutor.accessTestSuiteMainPhase(TestSuiteExecutor.java:142)
	at com.kms.katalon.core.main.TestSuiteExecutor.execute(TestSuiteExecutor.java:91)
	at com.kms.katalon.core.main.TestCaseMain.startTestSuite(TestCaseMain.java:157)
	at com.kms.katalon.core.main.TestCaseMain$startTestSuite$0.call(Unknown Source)
	at TempTestSuite1587475880687.run(TempTestSuite1587475880687.groovy:36)
Caused by: com.kms.katalon.core.exception.StepFailedException: Text 'Start date range' is not present on page  (Root cause: com.kms.katalon.core.exception.StepFailedException: Text 'Start date range' is not present on page 
	at com.kms.katalon.core.webui.keyword.internal.WebUIKeywordMain.stepFailed(WebUIKeywordMain.groovy:64)
	at com.kms.katalon.core.webui.keyword.builtin.VerifyTextPresentKeyword$_verifyTextPresent_closure1.doCall(VerifyTextPresentKeyword.groovy:79)
	at com.kms.katalon.core.webui.keyword.builtin.VerifyTextPresentKeyword$_verifyTextPresent_closure1.call(VerifyTextPresentKeyword.groovy)
	at com.kms.katalon.core.webui.keyword.internal.WebUIKeywordMain.runKeyword(WebUIKeywordMain.groovy:20)
	at com.kms.katalon.core.webui.keyword.builtin.VerifyTextPresentKeyword.verifyTextPresent(VerifyTextPresentKeyword.groovy:83)
	at com.kms.katalon.core.webui.keyword.builtin.VerifyTextPresentKeyword.execute(VerifyTextPresentKeyword.groovy:68)
	at com.kms.katalon.core.keyword.internal.KeywordExecutor.executeKeywordForPlatform(KeywordExecutor.groovy:72)
	at com.kms.katalon.core.webui.keyword.WebUiBuiltInKeywords.verifyTextPresent(WebUiBuiltInKeywords.groovy:1719)
	at com.kms.katalon.core.webui.keyword.WebUiBuiltInKeywords$verifyTextPresent$2.call(Unknown Source)
	at Trade_App_Settings.run(Trade_App_Settings:64)
	at com.kms.katalon.core.main.ScriptEngine.run(ScriptEngine.java:194)
	at com.kms.katalon.core.main.ScriptEngine.runScriptAsRawText(ScriptEngine.java:119)
	at com.kms.katalon.core.main.TestCaseExecutor.runScript(TestCaseExecutor.java:337)
	at com.kms.katalon.core.main.TestCaseExecutor.doExecute(TestCaseExecutor.java:328)
	at com.kms.katalon.core.main.TestCaseExecutor.processExecutionPhase(TestCaseExecutor.java:307)
	at com.kms.katalon.core.main.TestCaseExecutor.accessMainPhase(TestCaseExecutor.java:299)
	at com.kms.katalon.core.main.TestCaseExecutor.execute(TestCaseExecutor.java:233)
	at com.kms.katalon.core.main.TestCaseMain.runTestCase(TestCaseMain.java:114)
	at com.kms.katalon.core.keyword.builtin.CallTestCaseKeyword$_callTestCase_closure1.doCall(CallTestCaseKeyword.groovy:59)
	at com.kms.katalon.core.keyword.builtin.CallTestCaseKeyword$_callTestCase_closure1.call(CallTestCaseKeyword.groovy)
	at com.kms.katalon.core.keyword.internal.KeywordMain.runKeyword(KeywordMain.groovy:68)
	at com.kms.katalon.core.keyword.builtin.CallTestCaseKeyword.callTestCase(CallTestCaseKeyword.groovy:81)
	at com.kms.katalon.core.keyword.builtin.CallTestCaseKeyword.execute(CallTestCaseKeyword.groovy:44)
	at com.kms.katalon.core.keyword.internal.KeywordExecutor.executeKeywordForPlatform(KeywordExecutor.groovy:72)
	at com.kms.katalon.core.keyword.BuiltinKeywords.callTestCase(BuiltinKeywords.groovy:334)
	at Trade_App_Settings.run(Trade_App_Settings:63)
	at com.kms.katalon.core.main.ScriptEngine.run(ScriptEngine.java:194)
	at com.kms.katalon.core.main.ScriptEngine.runScriptAsRawText(ScriptEngine.java:119)
	at com.kms.katalon.core.main.TestCaseExecutor.runScript(TestCaseExecutor.java:337)
	at com.kms.katalon.core.main.TestCaseExecutor.doExecute(TestCaseExecutor.java:328)
	at com.kms.katalon.core.main.TestCaseExecutor.processExecutionPhase(TestCaseExecutor.java:307)
	at com.kms.katalon.core.main.TestCaseExecutor.accessMainPhase(TestCaseExecutor.java:299)
	at com.kms.katalon.core.main.TestCaseExecutor.execute(TestCaseExecutor.java:233)
	at com.kms.katalon.core.main.TestSuiteExecutor.accessTestCaseMainPhase(TestSuiteExecutor.java:169)
	at com.kms.katalon.core.main.TestSuiteExecutor.accessTestSuiteMainPhase(TestSuiteExecutor.java:142)
	at com.kms.katalon.core.main.TestSuiteExecutor.execute(TestSuiteExecutor.java:91)
	at com.kms.katalon.core.main.TestCaseMain.startTestSuite(TestCaseMain.java:157)
	at com.kms.katalon.core.main.TestCaseMain$startTestSuite$0.call(Unknown Source)
	at TempTestSuite1587475880687.run(TempTestSuite1587475880687.groovy:36)
)
	at com.kms.katalon.core.keyword.internal.KeywordMain.stepFailed(KeywordMain.groovy:39)
	at com.kms.katalon.core.webui.keyword.internal.WebUIKeywordMain.stepFailed(WebUIKeywordMain.groovy:64)
	at com.kms.katalon.core.webui.keyword.builtin.VerifyTextPresentKeyword$_verifyTextPresent_closure1.doCall(VerifyTextPresentKeyword.groovy:79)
	at com.kms.katalon.core.webui.keyword.builtin.VerifyTextPresentKeyword$_verifyTextPresent_closure1.call(VerifyTextPresentKeyword.groovy)
	at com.kms.katalon.core.webui.keyword.internal.WebUIKeywordMain.runKeyword(WebUIKeywordMain.groovy:20)
	at com.kms.katalon.core.webui.keyword.builtin.VerifyTextPresentKeyword.verifyTextPresent(VerifyTextPresentKeyword.groovy:83)
	at com.kms.katalon.core.webui.keyword.builtin.VerifyTextPresentKeyword.execute(VerifyTextPresentKeyword.groovy:68)
	at com.kms.katalon.core.keyword.internal.KeywordExecutor.executeKeywordForPlatform(KeywordExecutor.groovy:72)
	at com.kms.katalon.core.webui.keyword.WebUiBuiltInKeywords.verifyTextPresent(WebUiBuiltInKeywords.groovy:1719)
	at com.kms.katalon.core.webui.keyword.WebUiBuiltInKeywords$verifyTextPresent$2.call(Unknown Source)
	at Trade_App_Settings.run(Trade_App_Settings:64)
	at com.kms.katalon.core.main.ScriptEngine.run(ScriptEngine.java:194)
	at com.kms.katalon.core.main.ScriptEngine.runScriptAsRawText(ScriptEngine.java:119)
	at com.kms.katalon.core.main.TestCaseExecutor.runScript(TestCaseExecutor.java:337)
	at com.kms.katalon.core.main.TestCaseExecutor.doExecute(TestCaseExecutor.java:328)
	at com.kms.katalon.core.main.TestCaseExecutor.processExecutionPhase(TestCaseExecutor.java:307)
	at com.kms.katalon.core.main.TestCaseExecutor.accessMainPhase(TestCaseExecutor.java:299)
	at com.kms.katalon.core.main.TestCaseExecutor.execute(TestCaseExecutor.java:233)
	at com.kms.katalon.core.main.TestCaseMain.runTestCase(TestCaseMain.java:114)
	at com.kms.katalon.core.keyword.builtin.CallTestCaseKeyword$_callTestCase_closure1.doCall(CallTestCaseKeyword.groovy:59)
	... 20 more
Caused by: com.kms.katalon.core.exception.StepFailedException: Text 'Start date range' is not present on page 
	... 39 more
)

2020-04-21 14:56:13 - [TEST_CASE][FAILED] - Test Cases/Reusable_Test_Sequences/Web_Office/Verification/Settings/Checkatrade_Com/Trade_App_Settings: Test Cases/Reusable_Test_Sequences/Web_Office/Verification/Settings/Checkatrade_Com/Trade_App_Settings FAILED.
Reason:
com.kms.katalon.core.exception.StepFailedException: Text 'Start date range' is not present on page  (Root cause: com.kms.katalon.core.exception.StepFailedException: Text 'Start date range' is not present on page 
	at com.kms.katalon.core.webui.keyword.internal.WebUIKeywordMain.stepFailed(WebUIKeywordMain.groovy:64)
	at com.kms.katalon.core.webui.keyword.builtin.VerifyTextPresentKeyword$_verifyTextPresent_closure1.doCall(VerifyTextPresentKeyword.groovy:79)
	at com.kms.katalon.core.webui.keyword.builtin.VerifyTextPresentKeyword$_verifyTextPresent_closure1.call(VerifyTextPresentKeyword.groovy)
	at com.kms.katalon.core.webui.keyword.internal.WebUIKeywordMain.runKeyword(WebUIKeywordMain.groovy:20)
	at com.kms.katalon.core.webui.keyword.builtin.VerifyTextPresentKeyword.verifyTextPresent(VerifyTextPresentKeyword.groovy:83)
	at com.kms.katalon.core.webui.keyword.builtin.VerifyTextPresentKeyword.execute(VerifyTextPresentKeyword.groovy:68)
	at com.kms.katalon.core.keyword.internal.KeywordExecutor.executeKeywordForPlatform(KeywordExecutor.groovy:72)
	at com.kms.katalon.core.webui.keyword.WebUiBuiltInKeywords.verifyTextPresent(WebUiBuiltInKeywords.groovy:1719)
	at com.kms.katalon.core.webui.keyword.WebUiBuiltInKeywords$verifyTextPresent$2.call(Unknown Source)
	at Trade_App_Settings.run(Trade_App_Settings:64)
	at com.kms.katalon.core.main.ScriptEngine.run(ScriptEngine.java:194)
	at com.kms.katalon.core.main.ScriptEngine.runScriptAsRawText(ScriptEngine.java:119)
	at com.kms.katalon.core.main.TestCaseExecutor.runScript(TestCaseExecutor.java:337)
	at com.kms.katalon.core.main.TestCaseExecutor.doExecute(TestCaseExecutor.java:328)
	at com.kms.katalon.core.main.TestCaseExecutor.processExecutionPhase(TestCaseExecutor.java:307)
	at com.kms.katalon.core.main.TestCaseExecutor.accessMainPhase(TestCaseExecutor.java:299)
	at com.kms.katalon.core.main.TestCaseExecutor.execute(TestCaseExecutor.java:233)
	at com.kms.katalon.core.main.TestCaseMain.runTestCase(TestCaseMain.java:114)
	at com.kms.katalon.core.keyword.builtin.CallTestCaseKeyword$_callTestCase_closure1.doCall(CallTestCaseKeyword.groovy:59)
	at com.kms.katalon.core.keyword.builtin.CallTestCaseKeyword$_callTestCase_closure1.call(CallTestCaseKeyword.groovy)
	at com.kms.katalon.core.keyword.internal.KeywordMain.runKeyword(KeywordMain.groovy:68)
	at com.kms.katalon.core.keyword.builtin.CallTestCaseKeyword.callTestCase(CallTestCaseKeyword.groovy:81)
	at com.kms.katalon.core.keyword.builtin.CallTestCaseKeyword.execute(CallTestCaseKeyword.groovy:44)
	at com.kms.katalon.core.keyword.internal.KeywordExecutor.executeKeywordForPlatform(KeywordExecutor.groovy:72)
	at com.kms.katalon.core.keyword.BuiltinKeywords.callTestCase(BuiltinKeywords.groovy:334)
	at Trade_App_Settings.run(Trade_App_Settings:63)
	at com.kms.katalon.core.main.ScriptEngine.run(ScriptEngine.java:194)
	at com.kms.katalon.core.main.ScriptEngine.runScriptAsRawText(ScriptEngine.java:119)
	at com.kms.katalon.core.main.TestCaseExecutor.runScript(TestCaseExecutor.java:337)
	at com.kms.katalon.core.main.TestCaseExecutor.doExecute(TestCaseExecutor.java:328)
	at com.kms.katalon.core.main.TestCaseExecutor.processExecutionPhase(TestCaseExecutor.java:307)
	at com.kms.katalon.core.main.TestCaseExecutor.accessMainPhase(TestCaseExecutor.java:299)
	at com.kms.katalon.core.main.TestCaseExecutor.execute(TestCaseExecutor.java:233)
	at com.kms.katalon.core.main.TestSuiteExecutor.accessTestCaseMainPhase(TestSuiteExecutor.java:169)
	at com.kms.katalon.core.main.TestSuiteExecutor.accessTestSuiteMainPhase(TestSuiteExecutor.java:142)
	at com.kms.katalon.core.main.TestSuiteExecutor.execute(TestSuiteExecutor.java:91)
	at com.kms.katalon.core.main.TestCaseMain.startTestSuite(TestCaseMain.java:157)
	at com.kms.katalon.core.main.TestCaseMain$startTestSuite$0.call(Unknown Source)
	at TempTestSuite1587475880687.run(TempTestSuite1587475880687.groovy:36)
)
	at com.kms.katalon.core.keyword.internal.KeywordMain.stepFailed(KeywordMain.groovy:39)
	at com.kms.katalon.core.webui.keyword.internal.WebUIKeywordMain.stepFailed(WebUIKeywordMain.groovy:64)
	at com.kms.katalon.core.webui.keyword.builtin.VerifyTextPresentKeyword$_verifyTextPresent_closure1.doCall(VerifyTextPresentKeyword.groovy:79)
	at com.kms.katalon.core.webui.keyword.builtin.VerifyTextPresentKeyword$_verifyTextPresent_closure1.call(VerifyTextPresentKeyword.groovy)
	at com.kms.katalon.core.webui.keyword.internal.WebUIKeywordMain.runKeyword(WebUIKeywordMain.groovy:20)
	at com.kms.katalon.core.webui.keyword.builtin.VerifyTextPresentKeyword.verifyTextPresent(VerifyTextPresentKeyword.groovy:83)
	at com.kms.katalon.core.webui.keyword.builtin.VerifyTextPresentKeyword.execute(VerifyTextPresentKeyword.groovy:68)
	at com.kms.katalon.core.keyword.internal.KeywordExecutor.executeKeywordForPlatform(KeywordExecutor.groovy:72)
	at com.kms.katalon.core.webui.keyword.WebUiBuiltInKeywords.verifyTextPresent(WebUiBuiltInKeywords.groovy:1719)
	at com.kms.katalon.core.webui.keyword.WebUiBuiltInKeywords$verifyTextPresent$2.call(Unknown Source)
	at Trade_App_Settings.run(Trade_App_Settings:64)
	at com.kms.katalon.core.main.ScriptEngine.run(ScriptEngine.java:194)
	at com.kms.katalon.core.main.ScriptEngine.runScriptAsRawText(ScriptEngine.java:119)
	at com.kms.katalon.core.main.TestCaseExecutor.runScript(TestCaseExecutor.java:337)
	at com.kms.katalon.core.main.TestCaseExecutor.doExecute(TestCaseExecutor.java:328)
	at com.kms.katalon.core.main.TestCaseExecutor.processExecutionPhase(TestCaseExecutor.java:307)
	at com.kms.katalon.core.main.TestCaseExecutor.accessMainPhase(TestCaseExecutor.java:299)
	at com.kms.katalon.core.main.TestCaseExecutor.execute(TestCaseExecutor.java:233)
	at com.kms.katalon.core.main.TestCaseMain.runTestCase(TestCaseMain.java:114)
	at com.kms.katalon.core.keyword.builtin.CallTestCaseKeyword$_callTestCase_closure1.doCall(CallTestCaseKeyword.groovy:59)
	at com.kms.katalon.core.keyword.builtin.CallTestCaseKeyword$_callTestCase_closure1.call(CallTestCaseKeyword.groovy)
	at com.kms.katalon.core.keyword.internal.KeywordMain.runKeyword(KeywordMain.groovy:68)
	at com.kms.katalon.core.keyword.builtin.CallTestCaseKeyword.callTestCase(CallTestCaseKeyword.groovy:81)
	at com.kms.katalon.core.keyword.builtin.CallTestCaseKeyword.execute(CallTestCaseKeyword.groovy:44)
	at com.kms.katalon.core.keyword.internal.KeywordExecutor.executeKeywordForPlatform(KeywordExecutor.groovy:72)
	at com.kms.katalon.core.keyword.BuiltinKeywords.callTestCase(BuiltinKeywords.groovy:334)
	at Trade_App_Settings.run(Trade_App_Settings:63)
	at com.kms.katalon.core.main.ScriptEngine.run(ScriptEngine.java:194)
	at com.kms.katalon.core.main.ScriptEngine.runScriptAsRawText(ScriptEngine.java:119)
	at com.kms.katalon.core.main.TestCaseExecutor.runScript(TestCaseExecutor.java:337)
	at com.kms.katalon.core.main.TestCaseExecutor.doExecute(TestCaseExecutor.java:328)
	at com.kms.katalon.core.main.TestCaseExecutor.processExecutionPhase(TestCaseExecutor.java:307)
	at com.kms.katalon.core.main.TestCaseExecutor.accessMainPhase(TestCaseExecutor.java:299)
	at com.kms.katalon.core.main.TestCaseExecutor.execute(TestCaseExecutor.java:233)
	at com.kms.katalon.core.main.TestSuiteExecutor.accessTestCaseMainPhase(TestSuiteExecutor.java:169)
	at com.kms.katalon.core.main.TestSuiteExecutor.accessTestSuiteMainPhase(TestSuiteExecutor.java:142)
	at com.kms.katalon.core.main.TestSuiteExecutor.execute(TestSuiteExecutor.java:91)
	at com.kms.katalon.core.main.TestCaseMain.startTestSuite(TestCaseMain.java:157)
	at com.kms.katalon.core.main.TestCaseMain$startTestSuite$0.call(Unknown Source)
	at TempTestSuite1587475880687.run(TempTestSuite1587475880687.groovy:36)
Caused by: com.kms.katalon.core.exception.StepFailedException: Text 'Start date range' is not present on page 
	... 39 more


2020-04-21 14:56:14 - [TEST_STEP][PASSED] - waitForPageLoad(60): Wait for page load successfully

2020-04-21 14:56:14 - [MESSAGE][PASSED] - Wait for page load successfully

2020-04-21 14:56:14 - [TEST_STEP][PASSED] - delay(1): Delayed 1 second(s)

2020-04-21 14:56:15 - [MESSAGE][PASSED] - Delayed 1 second(s)

2020-04-21 14:56:15 - [TEST_STEP][PASSED] - verifyTextPresent("System Settings", false): Text 'System Settings' is present on page 

2020-04-21 14:56:15 - [MESSAGE][PASSED] - Text 'System Settings' is present on page 

2020-04-21 14:56:15 - [TEST_STEP][PASSED] - "----------------------------------------------": null

2020-04-21 14:56:15 - [TEST_STEP][PASSED] - verifyTextPresent("Status", false): Text 'Status' is present on page 

2020-04-21 14:56:15 - [MESSAGE][PASSED] - Text 'Status' is present on page 

2020-04-21 14:56:15 - [TEST_STEP][PASSED] - verifyTextPresent("JSON Settings", false): Text 'JSON Settings' is present on page 

2020-04-21 14:56:16 - [MESSAGE][PASSED] - Text 'JSON Settings' is present on page 

2020-04-21 14:56:16 - [TEST_STEP][PASSED] - verifyTextPresent("Stopped", false): Text 'Stopped' is present on page 

2020-04-21 14:56:16 - [MESSAGE][PASSED] - Text 'Stopped' is present on page 

2020-04-21 14:56:16 - [TEST_STEP][FAILED] - verifyTextPresent("Start date range", false): Text 'Start date range' is not present on page  (Root cause: com.kms.katalon.core.exception.StepFailedException: Text 'Start date range' is not present on page 
	at com.kms.katalon.core.webui.keyword.internal.WebUIKeywordMain.stepFailed(WebUIKeywordMain.groovy:64)
	at com.kms.katalon.core.webui.keyword.builtin.VerifyTextPresentKeyword$_verifyTextPresent_closure1.doCall(VerifyTextPresentKeyword.groovy:79)
	at com.kms.katalon.core.webui.keyword.builtin.VerifyTextPresentKeyword$_verifyTextPresent_closure1.call(VerifyTextPresentKeyword.groovy)
	at com.kms.katalon.core.webui.keyword.internal.WebUIKeywordMain.runKeyword(WebUIKeywordMain.groovy:20)
	at com.kms.katalon.core.webui.keyword.builtin.VerifyTextPresentKeyword.verifyTextPresent(VerifyTextPresentKeyword.groovy:83)
	at com.kms.katalon.core.webui.keyword.builtin.VerifyTextPresentKeyword.execute(VerifyTextPresentKeyword.groovy:68)
	at com.kms.katalon.core.keyword.internal.KeywordExecutor.executeKeywordForPlatform(KeywordExecutor.groovy:72)
	at com.kms.katalon.core.webui.keyword.WebUiBuiltInKeywords.verifyTextPresent(WebUiBuiltInKeywords.groovy:1719)
	at com.kms.katalon.core.webui.keyword.WebUiBuiltInKeywords$verifyTextPresent$2.call(Unknown Source)
	at Trade_App_Settings.run(Trade_App_Settings:64)
	at com.kms.katalon.core.main.ScriptEngine.run(ScriptEngine.java:194)
	at com.kms.katalon.core.main.ScriptEngine.runScriptAsRawText(ScriptEngine.java:119)
	at com.kms.katalon.core.main.TestCaseExecutor.runScript(TestCaseExecutor.java:337)
	at com.kms.katalon.core.main.TestCaseExecutor.doExecute(TestCaseExecutor.java:328)
	at com.kms.katalon.core.main.TestCaseExecutor.processExecutionPhase(TestCaseExecutor.java:307)
	at com.kms.katalon.core.main.TestCaseExecutor.accessMainPhase(TestCaseExecutor.java:299)
	at com.kms.katalon.core.main.TestCaseExecutor.execute(TestCaseExecutor.java:233)
	at com.kms.katalon.core.main.TestCaseMain.runTestCase(TestCaseMain.java:114)
	at com.kms.katalon.core.keyword.builtin.CallTestCaseKeyword$_callTestCase_closure1.doCall(CallTestCaseKeyword.groovy:59)
	at com.kms.katalon.core.keyword.builtin.CallTestCaseKeyword$_callTestCase_closure1.call(CallTestCaseKeyword.groovy)
	at com.kms.katalon.core.keyword.internal.KeywordMain.runKeyword(KeywordMain.groovy:68)
	at com.kms.katalon.core.keyword.builtin.CallTestCaseKeyword.callTestCase(CallTestCaseKeyword.groovy:81)
	at com.kms.katalon.core.keyword.builtin.CallTestCaseKeyword.execute(CallTestCaseKeyword.groovy:44)
	at com.kms.katalon.core.keyword.internal.KeywordExecutor.executeKeywordForPlatform(KeywordExecutor.groovy:72)
	at com.kms.katalon.core.keyword.BuiltinKeywords.callTestCase(BuiltinKeywords.groovy:334)
	at Trade_App_Settings.run(Trade_App_Settings:63)
	at com.kms.katalon.core.main.ScriptEngine.run(ScriptEngine.java:194)
	at com.kms.katalon.core.main.ScriptEngine.runScriptAsRawText(ScriptEngine.java:119)
	at com.kms.katalon.core.main.TestCaseExecutor.runScript(TestCaseExecutor.java:337)
	at com.kms.katalon.core.main.TestCaseExecutor.doExecute(TestCaseExecutor.java:328)
	at com.kms.katalon.core.main.TestCaseExecutor.processExecutionPhase(TestCaseExecutor.java:307)
	at com.kms.katalon.core.main.TestCaseExecutor.accessMainPhase(TestCaseExecutor.java:299)
	at com.kms.katalon.core.main.TestCaseExecutor.execute(TestCaseExecutor.java:233)
	at com.kms.katalon.core.main.TestSuiteExecutor.accessTestCaseMainPhase(TestSuiteExecutor.java:169)
	at com.kms.katalon.core.main.TestSuiteExecutor.accessTestSuiteMainPhase(TestSuiteExecutor.java:142)
	at com.kms.katalon.core.main.TestSuiteExecutor.execute(TestSuiteExecutor.java:91)
	at com.kms.katalon.core.main.TestCaseMain.startTestSuite(TestCaseMain.java:157)
	at com.kms.katalon.core.main.TestCaseMain$startTestSuite$0.call(Unknown Source)
	at TempTestSuite1587475880687.run(TempTestSuite1587475880687.groovy:36)
)

2020-04-21 14:56:16 - [MESSAGE][FAILED] - Text 'Start date range' is not present on page  (Root cause: com.kms.katalon.core.exception.StepFailedException: Text 'Start date range' is not present on page 
	at com.kms.katalon.core.webui.keyword.internal.WebUIKeywordMain.stepFailed(WebUIKeywordMain.groovy:64)
	at com.kms.katalon.core.webui.keyword.builtin.VerifyTextPresentKeyword$_verifyTextPresent_closure1.doCall(VerifyTextPresentKeyword.groovy:79)
	at com.kms.katalon.core.webui.keyword.builtin.VerifyTextPresentKeyword$_verifyTextPresent_closure1.call(VerifyTextPresentKeyword.groovy)
	at com.kms.katalon.core.webui.keyword.internal.WebUIKeywordMain.runKeyword(WebUIKeywordMain.groovy:20)
	at com.kms.katalon.core.webui.keyword.builtin.VerifyTextPresentKeyword.verifyTextPresent(VerifyTextPresentKeyword.groovy:83)
	at com.kms.katalon.core.webui.keyword.builtin.VerifyTextPresentKeyword.execute(VerifyTextPresentKeyword.groovy:68)
	at com.kms.katalon.core.keyword.internal.KeywordExecutor.executeKeywordForPlatform(KeywordExecutor.groovy:72)
	at com.kms.katalon.core.webui.keyword.WebUiBuiltInKeywords.verifyTextPresent(WebUiBuiltInKeywords.groovy:1719)
	at com.kms.katalon.core.webui.keyword.WebUiBuiltInKeywords$verifyTextPresent$2.call(Unknown Source)
	at Trade_App_Settings.run(Trade_App_Settings:64)
	at com.kms.katalon.core.main.ScriptEngine.run(ScriptEngine.java:194)
	at com.kms.katalon.core.main.ScriptEngine.runScriptAsRawText(ScriptEngine.java:119)
	at com.kms.katalon.core.main.TestCaseExecutor.runScript(TestCaseExecutor.java:337)
	at com.kms.katalon.core.main.TestCaseExecutor.doExecute(TestCaseExecutor.java:328)
	at com.kms.katalon.core.main.TestCaseExecutor.processExecutionPhase(TestCaseExecutor.java:307)
	at com.kms.katalon.core.main.TestCaseExecutor.accessMainPhase(TestCaseExecutor.java:299)
	at com.kms.katalon.core.main.TestCaseExecutor.execute(TestCaseExecutor.java:233)
	at com.kms.katalon.core.main.TestCaseMain.runTestCase(TestCaseMain.java:114)
	at com.kms.katalon.core.keyword.builtin.CallTestCaseKeyword$_callTestCase_closure1.doCall(CallTestCaseKeyword.groovy:59)
	at com.kms.katalon.core.keyword.builtin.CallTestCaseKeyword$_callTestCase_closure1.call(CallTestCaseKeyword.groovy)
	at com.kms.katalon.core.keyword.internal.KeywordMain.runKeyword(KeywordMain.groovy:68)
	at com.kms.katalon.core.keyword.builtin.CallTestCaseKeyword.callTestCase(CallTestCaseKeyword.groovy:81)
	at com.kms.katalon.core.keyword.builtin.CallTestCaseKeyword.execute(CallTestCaseKeyword.groovy:44)
	at com.kms.katalon.core.keyword.internal.KeywordExecutor.executeKeywordForPlatform(KeywordExecutor.groovy:72)
	at com.kms.katalon.core.keyword.BuiltinKeywords.callTestCase(BuiltinKeywords.groovy:334)
	at Trade_App_Settings.run(Trade_App_Settings:63)
	at com.kms.katalon.core.main.ScriptEngine.run(ScriptEngine.java:194)
	at com.kms.katalon.core.main.ScriptEngine.runScriptAsRawText(ScriptEngine.java:119)
	at com.kms.katalon.core.main.TestCaseExecutor.runScript(TestCaseExecutor.java:337)
	at com.kms.katalon.core.main.TestCaseExecutor.doExecute(TestCaseExecutor.java:328)
	at com.kms.katalon.core.main.TestCaseExecutor.processExecutionPhase(TestCaseExecutor.java:307)
	at com.kms.katalon.core.main.TestCaseExecutor.accessMainPhase(TestCaseExecutor.java:299)
	at com.kms.katalon.core.main.TestCaseExecutor.execute(TestCaseExecutor.java:233)
	at com.kms.katalon.core.main.TestSuiteExecutor.accessTestCaseMainPhase(TestSuiteExecutor.java:169)
	at com.kms.katalon.core.main.TestSuiteExecutor.accessTestSuiteMainPhase(TestSuiteExecutor.java:142)
	at com.kms.katalon.core.main.TestSuiteExecutor.execute(TestSuiteExecutor.java:91)
	at com.kms.katalon.core.main.TestCaseMain.startTestSuite(TestCaseMain.java:157)
	at com.kms.katalon.core.main.TestCaseMain$startTestSuite$0.call(Unknown Source)
	at TempTestSuite1587475880687.run(TempTestSuite1587475880687.groovy:36)
)

2020-04-21 14:56:16 - [TEST_STEP][PASSED] - verifyTextPresent("Show Community Page", false): Text 'Show Community Page' is present on page 

2020-04-21 14:56:16 - [MESSAGE][PASSED] - Text 'Show Community Page' is present on page 

2020-04-21 14:56:16 - [MESSAGE][WARNING] - Unable to call Test Case 'Test Cases/Reusable_Test_Sequences/Web_Office/Verification/Settings/Checkatrade_Com/Trade_App_Settings' (Root cause: com.kms.katalon.core.exception.StepFailedException: Call Test Case 'Test Cases/Reusable_Test_Sequences/Web_Office/Verification/Settings/Checkatrade_Com/Trade_App_Settings' failed
	at com.kms.katalon.core.keyword.builtin.CallTestCaseKeyword$_callTestCase_closure1.doCall(CallTestCaseKeyword.groovy:63)
	at com.kms.katalon.core.keyword.builtin.CallTestCaseKeyword$_callTestCase_closure1.call(CallTestCaseKeyword.groovy)
	at com.kms.katalon.core.keyword.internal.KeywordMain.runKeyword(KeywordMain.groovy:68)
	at com.kms.katalon.core.keyword.builtin.CallTestCaseKeyword.callTestCase(CallTestCaseKeyword.groovy:81)
	at com.kms.katalon.core.keyword.builtin.CallTestCaseKeyword.execute(CallTestCaseKeyword.groovy:44)
	at com.kms.katalon.core.keyword.internal.KeywordExecutor.executeKeywordForPlatform(KeywordExecutor.groovy:72)
	at com.kms.katalon.core.keyword.BuiltinKeywords.callTestCase(BuiltinKeywords.groovy:334)
	at Trade_App_Settings.run(Trade_App_Settings:63)
	at com.kms.katalon.core.main.ScriptEngine.run(ScriptEngine.java:194)
	at com.kms.katalon.core.main.ScriptEngine.runScriptAsRawText(ScriptEngine.java:119)
	at com.kms.katalon.core.main.TestCaseExecutor.runScript(TestCaseExecutor.java:337)
	at com.kms.katalon.core.main.TestCaseExecutor.doExecute(TestCaseExecutor.java:328)
	at com.kms.katalon.core.main.TestCaseExecutor.processExecutionPhase(TestCaseExecutor.java:307)
	at com.kms.katalon.core.main.TestCaseExecutor.accessMainPhase(TestCaseExecutor.java:299)
	at com.kms.katalon.core.main.TestCaseExecutor.execute(TestCaseExecutor.java:233)
	at com.kms.katalon.core.main.TestSuiteExecutor.accessTestCaseMainPhase(TestSuiteExecutor.java:169)
	at com.kms.katalon.core.main.TestSuiteExecutor.accessTestSuiteMainPhase(TestSuiteExecutor.java:142)
	at com.kms.katalon.core.main.TestSuiteExecutor.execute(TestSuiteExecutor.java:91)
	at com.kms.katalon.core.main.TestCaseMain.startTestSuite(TestCaseMain.java:157)
	at com.kms.katalon.core.main.TestCaseMain$startTestSuite$0.call(Unknown Source)
	at TempTestSuite1587475880687.run(TempTestSuite1587475880687.groovy:36)
Caused by: com.kms.katalon.core.exception.StepFailedException: Text 'Start date range' is not present on page  (Root cause: com.kms.katalon.core.exception.StepFailedException: Text 'Start date range' is not present on page 
	at com.kms.katalon.core.webui.keyword.internal.WebUIKeywordMain.stepFailed(WebUIKeywordMain.groovy:64)
	at com.kms.katalon.core.webui.keyword.builtin.VerifyTextPresentKeyword$_verifyTextPresent_closure1.doCall(VerifyTextPresentKeyword.groovy:79)
	at com.kms.katalon.core.webui.keyword.builtin.VerifyTextPresentKeyword$_verifyTextPresent_closure1.call(VerifyTextPresentKeyword.groovy)
	at com.kms.katalon.core.webui.keyword.internal.WebUIKeywordMain.runKeyword(WebUIKeywordMain.groovy:20)
	at com.kms.katalon.core.webui.keyword.builtin.VerifyTextPresentKeyword.verifyTextPresent(VerifyTextPresentKeyword.groovy:83)
	at com.kms.katalon.core.webui.keyword.builtin.VerifyTextPresentKeyword.execute(VerifyTextPresentKeyword.groovy:68)
	at com.kms.katalon.core.keyword.internal.KeywordExecutor.executeKeywordForPlatform(KeywordExecutor.groovy:72)
	at com.kms.katalon.core.webui.keyword.WebUiBuiltInKeywords.verifyTextPresent(WebUiBuiltInKeywords.groovy:1719)
	at com.kms.katalon.core.webui.keyword.WebUiBuiltInKeywords$verifyTextPresent$2.call(Unknown Source)
	at Trade_App_Settings.run(Trade_App_Settings:64)
	at com.kms.katalon.core.main.ScriptEngine.run(ScriptEngine.java:194)
	at com.kms.katalon.core.main.ScriptEngine.runScriptAsRawText(ScriptEngine.java:119)
	at com.kms.katalon.core.main.TestCaseExecutor.runScript(TestCaseExecutor.java:337)
	at com.kms.katalon.core.main.TestCaseExecutor.doExecute(TestCaseExecutor.java:328)
	at com.kms.katalon.core.main.TestCaseExecutor.processExecutionPhase(TestCaseExecutor.java:307)
	at com.kms.katalon.core.main.TestCaseExecutor.accessMainPhase(TestCaseExecutor.java:299)
	at com.kms.katalon.core.main.TestCaseExecutor.execute(TestCaseExecutor.java:233)
	at com.kms.katalon.core.main.TestCaseMain.runTestCase(TestCaseMain.java:114)
	at com.kms.katalon.core.keyword.builtin.CallTestCaseKeyword$_callTestCase_closure1.doCall(CallTestCaseKeyword.groovy:59)
	at com.kms.katalon.core.keyword.builtin.CallTestCaseKeyword$_callTestCase_closure1.call(CallTestCaseKeyword.groovy)
	at com.kms.katalon.core.keyword.internal.KeywordMain.runKeyword(KeywordMain.groovy:68)
	at com.kms.katalon.core.keyword.builtin.CallTestCaseKeyword.callTestCase(CallTestCaseKeyword.groovy:81)
	at com.kms.katalon.core.keyword.builtin.CallTestCaseKeyword.execute(CallTestCaseKeyword.groovy:44)
	at com.kms.katalon.core.keyword.internal.KeywordExecutor.executeKeywordForPlatform(KeywordExecutor.groovy:72)
	at com.kms.katalon.core.keyword.BuiltinKeywords.callTestCase(BuiltinKeywords.groovy:334)
	at Trade_App_Settings.run(Trade_App_Settings:63)
	at com.kms.katalon.core.main.ScriptEngine.run(ScriptEngine.java:194)
	at com.kms.katalon.core.main.ScriptEngine.runScriptAsRawText(ScriptEngine.java:119)
	at com.kms.katalon.core.main.TestCaseExecutor.runScript(TestCaseExecutor.java:337)
	at com.kms.katalon.core.main.TestCaseExecutor.doExecute(TestCaseExecutor.java:328)
	at com.kms.katalon.core.main.TestCaseExecutor.processExecutionPhase(TestCaseExecutor.java:307)
	at com.kms.katalon.core.main.TestCaseExecutor.accessMainPhase(TestCaseExecutor.java:299)
	at com.kms.katalon.core.main.TestCaseExecutor.execute(TestCaseExecutor.java:233)
	at com.kms.katalon.core.main.TestSuiteExecutor.accessTestCaseMainPhase(TestSuiteExecutor.java:169)
	at com.kms.katalon.core.main.TestSuiteExecutor.accessTestSuiteMainPhase(TestSuiteExecutor.java:142)
	at com.kms.katalon.core.main.TestSuiteExecutor.execute(TestSuiteExecutor.java:91)
	at com.kms.katalon.core.main.TestCaseMain.startTestSuite(TestCaseMain.java:157)
	at com.kms.katalon.core.main.TestCaseMain$startTestSuite$0.call(Unknown Source)
	at TempTestSuite1587475880687.run(TempTestSuite1587475880687.groovy:36)
)
	at com.kms.katalon.core.keyword.internal.KeywordMain.stepFailed(KeywordMain.groovy:39)
	at com.kms.katalon.core.webui.keyword.internal.WebUIKeywordMain.stepFailed(WebUIKeywordMain.groovy:64)
	at com.kms.katalon.core.webui.keyword.builtin.VerifyTextPresentKeyword$_verifyTextPresent_closure1.doCall(VerifyTextPresentKeyword.groovy:79)
	at com.kms.katalon.core.webui.keyword.builtin.VerifyTextPresentKeyword$_verifyTextPresent_closure1.call(VerifyTextPresentKeyword.groovy)
	at com.kms.katalon.core.webui.keyword.internal.WebUIKeywordMain.runKeyword(WebUIKeywordMain.groovy:20)
	at com.kms.katalon.core.webui.keyword.builtin.VerifyTextPresentKeyword.verifyTextPresent(VerifyTextPresentKeyword.groovy:83)
	at com.kms.katalon.core.webui.keyword.builtin.VerifyTextPresentKeyword.execute(VerifyTextPresentKeyword.groovy:68)
	at com.kms.katalon.core.keyword.internal.KeywordExecutor.executeKeywordForPlatform(KeywordExecutor.groovy:72)
	at com.kms.katalon.core.webui.keyword.WebUiBuiltInKeywords.verifyTextPresent(WebUiBuiltInKeywords.groovy:1719)
	at com.kms.katalon.core.webui.keyword.WebUiBuiltInKeywords$verifyTextPresent$2.call(Unknown Source)
	at Trade_App_Settings.run(Trade_App_Settings:64)
	at com.kms.katalon.core.main.ScriptEngine.run(ScriptEngine.java:194)
	at com.kms.katalon.core.main.ScriptEngine.runScriptAsRawText(ScriptEngine.java:119)
	at com.kms.katalon.core.main.TestCaseExecutor.runScript(TestCaseExecutor.java:337)
	at com.kms.katalon.core.main.TestCaseExecutor.doExecute(TestCaseExecutor.java:328)
	at com.kms.katalon.core.main.TestCaseExecutor.processExecutionPhase(TestCaseExecutor.java:307)
	at com.kms.katalon.core.main.TestCaseExecutor.accessMainPhase(TestCaseExecutor.java:299)
	at com.kms.katalon.core.main.TestCaseExecutor.execute(TestCaseExecutor.java:233)
	at com.kms.katalon.core.main.TestCaseMain.runTestCase(TestCaseMain.java:114)
	at com.kms.katalon.core.keyword.builtin.CallTestCaseKeyword$_callTestCase_closure1.doCall(CallTestCaseKeyword.groovy:59)
	... 20 more
Caused by: com.kms.katalon.core.exception.StepFailedException: Text 'Start date range' is not present on page 
	... 39 more
)

2020-04-21 14:56:16 - [TEST_STEP][PASSED] - "--------------------------": null

2020-04-21 14:56:16 - [TEST_STEP][PASSED] - " Teardown - CLose Browser |": null

2020-04-21 14:56:16 - [TEST_STEP][PASSED] - callTestCase(findTestCase("Reusable_Test_Sequences/CAT_Teardown"), [:], OPTIONAL): Call Test Case 'Test Cases/Reusable_Test_Sequences/CAT_Teardown' successfully

2020-04-21 14:56:16 - [TEST_CASE][PASSED] - Test Cases/Reusable_Test_Sequences/CAT_Teardown: Test Cases/Reusable_Test_Sequences/CAT_Teardown

2020-04-21 14:56:16 - [TEST_STEP][PASSED] - closeBrowser(): Browser is closed

2020-04-21 14:56:27 - [MESSAGE][PASSED] - Browser is closed

2020-04-21 14:56:27 - [TEST_STEP][PASSED] - super.finalize(): null

2020-04-21 14:56:27 - [TEST_STEP][PASSED] - System.gc(): null

2020-04-21 14:56:27 - [MESSAGE][PASSED] - Call Test Case 'Test Cases/Reusable_Test_Sequences/CAT_Teardown' successfully]]></system-out>
         <system-err><![CDATA[]]></system-err>
      </testcase>
      <testcase name="Test Cases/Web_Office/Settings/Checkatrade_Com/Company_Heroes" time="31.397" classname="Test Cases/Web_Office/Settings/Checkatrade_Com/Company_Heroes" status="PASSED">
         <system-out><![CDATA[2020-04-21 14:56:27 - [TEST_CASE][PASSED] - Test Cases/Web_Office/Settings/Checkatrade_Com/Company_Heroes: Test Cases/Web_Office/Settings/Checkatrade_Com/Company_Heroes

2020-04-21 14:56:28 - [TEST_STEP][PASSED] - "--------------------------------------": null

2020-04-21 14:56:28 - [TEST_STEP][PASSED] - " Web Office StartUp                  |": null

2020-04-21 14:56:28 - [TEST_STEP][PASSED] - callTestCase(findTestCase("Reusable_Test_Sequences/Web_Office/Directives/WebOffice_StartUp"), [:], STOP_ON_FAILURE): Call Test Case 'Test Cases/Reusable_Test_Sequences/Web_Office/Directives/WebOffice_StartUp' successfully

2020-04-21 14:56:28 - [TEST_CASE][PASSED] - Test Cases/Reusable_Test_Sequences/Web_Office/Directives/WebOffice_StartUp: Test Cases/Reusable_Test_Sequences/Web_Office/Directives/WebOffice_StartUp

2020-04-21 14:56:28 - [TEST_STEP][PASSED] - "-----------------------------------------------------------------------------": null

2020-04-21 14:56:28 - [TEST_STEP][PASSED] - if (URL == "https://www.dev.checkatrade.com/"): null

2020-04-21 14:56:28 - [TEST_STEP][PASSED] - "-----------------------------------------------------------------------------": null

2020-04-21 14:56:28 - [TEST_STEP][PASSED] - if (URL == "https://www.checkatrade.com/"): null

2020-04-21 14:56:28 - [TEST_STEP][PASSED] - "-----------------------------------------------------------------------------": null

2020-04-21 14:56:28 - [TEST_STEP][PASSED] - if (URL == "https://www.preview.checkatrade.com/"): null

2020-04-21 14:56:28 - [TEST_STEP][PASSED] - WebOfficeURL = "https://admin.preview.checkatrade.com/": null

2020-04-21 14:56:28 - [TEST_STEP][PASSED] - if (URL == "https://www.dev2.checkatrade.com/"): null

2020-04-21 14:56:28 - [TEST_STEP][PASSED] - "Set Function Area for "URL_Handler", URL Resolution": null

2020-04-21 14:56:28 - [TEST_STEP][PASSED] - "Do Some Magic with URL(s) See the comments within URL Handler ": null

2020-04-21 14:56:28 - [TEST_STEP][PASSED] - "------------------------------------------------": null

2020-04-21 14:56:28 - [TEST_STEP][PASSED] - "Moved Login Credentials to <Default> profile 22/01/2020": null

2020-04-21 14:56:28 - [TEST_STEP][PASSED] - "------------------------------------------------": null

2020-04-21 14:56:28 - [TEST_STEP][PASSED] - "WebOfficeURL - Set from the ENVIRONMENT PROFILE ": null

2020-04-21 14:56:28 - [TEST_STEP][PASSED] - "OPEN BROWSER": null

2020-04-21 14:56:28 - [TEST_STEP][PASSED] - "eg - https://admin.preview.checkatrade.com/  ": null

2020-04-21 14:56:28 - [TEST_STEP][PASSED] - openBrowser(WebOfficeURL): Browser is opened with url: 'https://admin.preview.checkatrade.com/'

2020-04-21 14:56:28 - [MESSAGE][INFO] - Starting 'Chrome' driver

2020-04-21 14:56:28 - [MESSAGE][INFO] - Action delay is set to 0 milliseconds

2020-04-21 14:56:36 - [MESSAGE][PASSED] - Browser is opened with url: 'https://admin.preview.checkatrade.com/'

2020-04-21 14:56:36 - [TEST_STEP][PASSED] - maximizeWindow(): Current window maximized

2020-04-21 14:56:38 - [MESSAGE][PASSED] - Current window maximized

2020-04-21 14:56:38 - [TEST_STEP][PASSED] - waitForElementClickable(findTestObject("Object Repository/WebOffice/Page_Checkatrade - Administration - Login/Login_Button"), 25): Object 'Object Repository/WebOffice/Page_Checkatrade - Administration - Login/Login_Button' is clickable

2020-04-21 14:56:38 - [MESSAGE][PASSED] - Object 'Object Repository/WebOffice/Page_Checkatrade - Administration - Login/Login_Button' is clickable

2020-04-21 14:56:38 - [TEST_STEP][PASSED] - verifyTextPresent("Checkatrade Web Office", false): Text 'Checkatrade Web Office' is present on page 

2020-04-21 14:56:39 - [MESSAGE][PASSED] - Text 'Checkatrade Web Office' is present on page 

2020-04-21 14:56:39 - [TEST_STEP][PASSED] - verifyTextPresent("Access for staff use only", false): Text 'Access for staff use only' is present on page 

2020-04-21 14:56:39 - [MESSAGE][PASSED] - Text 'Access for staff use only' is present on page 

2020-04-21 14:56:39 - [TEST_STEP][PASSED] - verifyTextPresent("Forgotten password?", false): Text 'Forgotten password?' is present on page 

2020-04-21 14:56:39 - [MESSAGE][PASSED] - Text 'Forgotten password?' is present on page 

2020-04-21 14:56:39 - [TEST_STEP][PASSED] - setText(findTestObject("Object Repository/WebOffice/Page_Checkatrade - Administration - Login/input_Username_LoginControlUserName"), wo_Username): Text 'DavidHo' is set on object 'Object Repository/WebOffice/Page_Checkatrade - Administration - Login/input_Username_LoginControlUserName'

2020-04-21 14:56:40 - [MESSAGE][PASSED] - Text 'DavidHo' is set on object 'Object Repository/WebOffice/Page_Checkatrade - Administration - Login/input_Username_LoginControlUserName'

2020-04-21 14:56:40 - [TEST_STEP][PASSED] - setText(findTestObject("Object Repository/WebOffice/Page_Checkatrade - Administration - Login/input_Password_LoginControlPassword"), wo_Password): Text 'Check123' is set on object 'Object Repository/WebOffice/Page_Checkatrade - Administration - Login/input_Password_LoginControlPassword'

2020-04-21 14:56:41 - [MESSAGE][PASSED] - Text 'Check123' is set on object 'Object Repository/WebOffice/Page_Checkatrade - Administration - Login/input_Password_LoginControlPassword'

2020-04-21 14:56:41 - [TEST_STEP][PASSED] - click(findTestObject("Object Repository/WebOffice/Page_Checkatrade - Administration - Login/Login_Button")): Object: 'Object Repository/WebOffice/Page_Checkatrade - Administration - Login/Login_Button' is clicked on

2020-04-21 14:56:42 - [MESSAGE][PASSED] - Object: 'Object Repository/WebOffice/Page_Checkatrade - Administration - Login/Login_Button' is clicked on

2020-04-21 14:56:42 - [TEST_STEP][PASSED] - waitForPageLoad(60): Wait for page load successfully

2020-04-21 14:56:42 - [MESSAGE][PASSED] - Wait for page load successfully

2020-04-21 14:56:42 - [TEST_STEP][PASSED] - verifyTextPresent("Welcome " + wo_Username, false): Text 'Welcome DavidHo' is present on page 

2020-04-21 14:56:42 - [MESSAGE][PASSED] - Text 'Welcome DavidHo' is present on page 

2020-04-21 14:56:42 - [MESSAGE][PASSED] - Call Test Case 'Test Cases/Reusable_Test_Sequences/Web_Office/Directives/WebOffice_StartUp' successfully

2020-04-21 14:56:42 - [TEST_STEP][PASSED] - "-----------------------------------------------------------------": null

2020-04-21 14:56:42 - [TEST_STEP][PASSED] - " Navigate to <Settings->Checkatrade.Com->Sub Item> Menu Item     |": null

2020-04-21 14:56:42 - [TEST_STEP][PASSED] - callTestCase(findTestCase("Reusable_Test_Sequences/Web_Office/Navigation/Sub_Menu_Navigation/Settings/Checkatrade_Com/Company_Heroes"), [:], STOP_ON_FAILURE): Call Test Case 'Test Cases/Reusable_Test_Sequences/Web_Office/Navigation/Sub_Menu_Navigation/Settings/Checkatrade_Com/Company_Heroes' successfully

2020-04-21 14:56:43 - [TEST_CASE][PASSED] - Test Cases/Reusable_Test_Sequences/Web_Office/Navigation/Sub_Menu_Navigation/Settings/Checkatrade_Com/Company_Heroes: Test Cases/Reusable_Test_Sequences/Web_Office/Navigation/Sub_Menu_Navigation/Settings/Checkatrade_Com/Company_Heroes

2020-04-21 14:56:43 - [TEST_STEP][PASSED] - "--------------------------------------": null

2020-04-21 14:56:43 - [TEST_STEP][PASSED] - " Navigate Top level menu Item         |": null

2020-04-21 14:56:43 - [TEST_STEP][PASSED] - waitForPageLoad(60): Wait for page load successfully

2020-04-21 14:56:43 - [MESSAGE][PASSED] - Wait for page load successfully

2020-04-21 14:56:43 - [TEST_STEP][PASSED] - waitForElementClickable(findTestObject("Object Repository/WebOffice_Home_page/a_Settings"), 60): Object 'Object Repository/WebOffice_Home_page/a_Settings' is clickable

2020-04-21 14:56:43 - [MESSAGE][PASSED] - Object 'Object Repository/WebOffice_Home_page/a_Settings' is clickable

2020-04-21 14:56:43 - [TEST_STEP][PASSED] - mouseOver(findTestObject("Object Repository/WebOffice_Home_page/a_Settings")): Object: 'Object Repository/WebOffice_Home_page/a_Settings' is hovered

2020-04-21 14:56:43 - [MESSAGE][PASSED] - Object: 'Object Repository/WebOffice_Home_page/a_Settings' is hovered

2020-04-21 14:56:43 - [TEST_STEP][PASSED] - mouseOver(findTestObject("Object Repository/WebOffice_Home_page/a_wwwcheckatradecom")): Object: 'Object Repository/WebOffice_Home_page/a_wwwcheckatradecom' is hovered

2020-04-21 14:56:44 - [MESSAGE][PASSED] - Object: 'Object Repository/WebOffice_Home_page/a_wwwcheckatradecom' is hovered

2020-04-21 14:56:44 - [TEST_STEP][PASSED] - waitForElementClickable(findTestObject("Object Repository/WebOffice_Home_page/a_Company Heroes"), 1): Object 'Object Repository/WebOffice_Home_page/a_Company Heroes' is clickable

2020-04-21 14:56:44 - [MESSAGE][PASSED] - Object 'Object Repository/WebOffice_Home_page/a_Company Heroes' is clickable

2020-04-21 14:56:44 - [TEST_STEP][PASSED] - click(findTestObject("Object Repository/WebOffice_Home_page/a_Company Heroes")): Object: 'Object Repository/WebOffice_Home_page/a_Company Heroes' is clicked on

2020-04-21 14:56:46 - [MESSAGE][PASSED] - Object: 'Object Repository/WebOffice_Home_page/a_Company Heroes' is clicked on

2020-04-21 14:56:46 - [MESSAGE][PASSED] - Call Test Case 'Test Cases/Reusable_Test_Sequences/Web_Office/Navigation/Sub_Menu_Navigation/Settings/Checkatrade_Com/Company_Heroes' successfully

2020-04-21 14:56:46 - [TEST_STEP][PASSED] - "--------------------------------------": null

2020-04-21 14:56:46 - [TEST_STEP][PASSED] - " Verify Returned Page Detail          |": null

2020-04-21 14:56:46 - [TEST_STEP][PASSED] - callTestCase(findTestCase("Reusable_Test_Sequences/Web_Office/Verification/Settings/Checkatrade_Com/Company_Heroes"), [:], OPTIONAL): Call Test Case 'Test Cases/Reusable_Test_Sequences/Web_Office/Verification/Settings/Checkatrade_Com/Company_Heroes' successfully

2020-04-21 14:56:46 - [TEST_CASE][PASSED] - Test Cases/Reusable_Test_Sequences/Web_Office/Verification/Settings/Checkatrade_Com/Company_Heroes: Test Cases/Reusable_Test_Sequences/Web_Office/Verification/Settings/Checkatrade_Com/Company_Heroes

2020-04-21 14:56:47 - [TEST_STEP][PASSED] - waitForPageLoad(60): Wait for page load successfully

2020-04-21 14:56:47 - [MESSAGE][PASSED] - Wait for page load successfully

2020-04-21 14:56:47 - [TEST_STEP][PASSED] - delay(1): Delayed 1 second(s)

2020-04-21 14:56:48 - [MESSAGE][PASSED] - Delayed 1 second(s)

2020-04-21 14:56:48 - [TEST_STEP][PASSED] - verifyTextPresent("Company Heroes", false): Text 'Company Heroes' is present on page 

2020-04-21 14:56:49 - [MESSAGE][PASSED] - Text 'Company Heroes' is present on page 

2020-04-21 14:56:49 - [TEST_STEP][PASSED] - "----------------------------------------------": null

2020-04-21 14:56:49 - [TEST_STEP][PASSED] - verifyTextPresent("Add New Company Hero", false): Text 'Add New Company Hero' is present on page 

2020-04-21 14:56:49 - [MESSAGE][PASSED] - Text 'Add New Company Hero' is present on page 

2020-04-21 14:56:49 - [TEST_STEP][PASSED] - verifyTextPresent("Company ID (TTR)", false): Text 'Company ID (TTR)' is present on page 

2020-04-21 14:56:50 - [MESSAGE][PASSED] - Text 'Company ID (TTR)' is present on page 

2020-04-21 14:56:50 - [TEST_STEP][PASSED] - verifyTextPresent("Trader Name", false): Text 'Trader Name' is present on page 

2020-04-21 14:56:51 - [MESSAGE][PASSED] - Text 'Trader Name' is present on page 

2020-04-21 14:56:51 - [TEST_STEP][PASSED] - verifyTextPresent("Hero Image", false): Text 'Hero Image' is present on page 

2020-04-21 14:56:51 - [MESSAGE][PASSED] - Text 'Hero Image' is present on page 

2020-04-21 14:56:51 - [TEST_STEP][PASSED] - verifyTextPresent("Note: Image height must be exactly 373px. PNG format only.", false): Text 'Note: Image height must be exactly 373px. PNG format only.' is present on page 

2020-04-21 14:56:51 - [MESSAGE][PASSED] - Text 'Note: Image height must be exactly 373px. PNG format only.' is present on page 

2020-04-21 14:56:51 - [TEST_STEP][PASSED] - "----------------------------------------------": null

2020-04-21 14:56:51 - [TEST_STEP][PASSED] - "----------------------------------------------": null

2020-04-21 14:56:51 - [TEST_STEP][PASSED] - "----------------------------------------------": null

2020-04-21 14:56:51 - [TEST_STEP][PASSED] - verifyTextPresent("Company Heroes", false): Text 'Company Heroes' is present on page 

2020-04-21 14:56:52 - [MESSAGE][PASSED] - Text 'Company Heroes' is present on page 

2020-04-21 14:56:52 - [TEST_STEP][PASSED] - verifyTextPresent("Edit", false): Text 'Edit' is present on page 

2020-04-21 14:56:52 - [MESSAGE][PASSED] - Text 'Edit' is present on page 

2020-04-21 14:56:52 - [TEST_STEP][PASSED] - verifyTextPresent("TTRId", false): Text 'TTRId' is present on page 

2020-04-21 14:56:53 - [MESSAGE][PASSED] - Text 'TTRId' is present on page 

2020-04-21 14:56:53 - [TEST_STEP][PASSED] - verifyTextPresent("Company", false): Text 'Company' is present on page 

2020-04-21 14:56:53 - [MESSAGE][PASSED] - Text 'Company' is present on page 

2020-04-21 14:56:53 - [TEST_STEP][PASSED] - verifyTextPresent("Trader Name", false): Text 'Trader Name' is present on page 

2020-04-21 14:56:53 - [MESSAGE][PASSED] - Text 'Trader Name' is present on page 

2020-04-21 14:56:53 - [TEST_STEP][PASSED] - verifyTextPresent("Status", false): Text 'Status' is present on page 

2020-04-21 14:56:54 - [MESSAGE][PASSED] - Text 'Status' is present on page 

2020-04-21 14:56:54 - [TEST_STEP][PASSED] - verifyTextPresent("Pick", false): Text 'Pick' is present on page 

2020-04-21 14:56:54 - [MESSAGE][PASSED] - Text 'Pick' is present on page 

2020-04-21 14:56:54 - [MESSAGE][PASSED] - Call Test Case 'Test Cases/Reusable_Test_Sequences/Web_Office/Verification/Settings/Checkatrade_Com/Company_Heroes' successfully

2020-04-21 14:56:54 - [TEST_STEP][PASSED] - "--------------------------": null

2020-04-21 14:56:54 - [TEST_STEP][PASSED] - " Teardown - CLose Browser |": null

2020-04-21 14:56:54 - [TEST_STEP][PASSED] - callTestCase(findTestCase("Reusable_Test_Sequences/CAT_Teardown"), [:], OPTIONAL): Call Test Case 'Test Cases/Reusable_Test_Sequences/CAT_Teardown' successfully

2020-04-21 14:56:54 - [TEST_CASE][PASSED] - Test Cases/Reusable_Test_Sequences/CAT_Teardown: Test Cases/Reusable_Test_Sequences/CAT_Teardown

2020-04-21 14:56:54 - [TEST_STEP][PASSED] - closeBrowser(): Browser is closed

2020-04-21 14:56:59 - [MESSAGE][PASSED] - Browser is closed

2020-04-21 14:56:59 - [TEST_STEP][PASSED] - super.finalize(): null

2020-04-21 14:56:59 - [TEST_STEP][PASSED] - System.gc(): null

2020-04-21 14:56:59 - [MESSAGE][PASSED] - Call Test Case 'Test Cases/Reusable_Test_Sequences/CAT_Teardown' successfully]]></system-out>
         <system-err><![CDATA[]]></system-err>
      </testcase>
      <testcase name="Test Cases/Web_Office/Settings/Checkatrade_Com/Feedback_Searching_Capabilities" time="35.157" classname="Test Cases/Web_Office/Settings/Checkatrade_Com/Feedback_Searching_Capabilities" status="PASSED">
         <system-out><![CDATA[2020-04-21 14:56:59 - [TEST_CASE][PASSED] - Test Cases/Web_Office/Settings/Checkatrade_Com/Feedback_Searching_Capabilities: Test Cases/Web_Office/Settings/Checkatrade_Com/Feedback_Searching_Capabilities

2020-04-21 14:56:59 - [TEST_STEP][PASSED] - "--------------------------------------": null

2020-04-21 14:56:59 - [TEST_STEP][PASSED] - " Web Office StartUp                  |": null

2020-04-21 14:56:59 - [TEST_STEP][PASSED] - callTestCase(findTestCase("Reusable_Test_Sequences/Web_Office/Directives/WebOffice_StartUp"), [:], STOP_ON_FAILURE): Call Test Case 'Test Cases/Reusable_Test_Sequences/Web_Office/Directives/WebOffice_StartUp' successfully

2020-04-21 14:56:59 - [TEST_CASE][PASSED] - Test Cases/Reusable_Test_Sequences/Web_Office/Directives/WebOffice_StartUp: Test Cases/Reusable_Test_Sequences/Web_Office/Directives/WebOffice_StartUp

2020-04-21 14:56:59 - [TEST_STEP][PASSED] - "-----------------------------------------------------------------------------": null

2020-04-21 14:56:59 - [TEST_STEP][PASSED] - if (URL == "https://www.dev.checkatrade.com/"): null

2020-04-21 14:56:59 - [TEST_STEP][PASSED] - "-----------------------------------------------------------------------------": null

2020-04-21 14:56:59 - [TEST_STEP][PASSED] - if (URL == "https://www.checkatrade.com/"): null

2020-04-21 14:56:59 - [TEST_STEP][PASSED] - "-----------------------------------------------------------------------------": null

2020-04-21 14:56:59 - [TEST_STEP][PASSED] - if (URL == "https://www.preview.checkatrade.com/"): null

2020-04-21 14:56:59 - [TEST_STEP][PASSED] - WebOfficeURL = "https://admin.preview.checkatrade.com/": null

2020-04-21 14:56:59 - [TEST_STEP][PASSED] - if (URL == "https://www.dev2.checkatrade.com/"): null

2020-04-21 14:56:59 - [TEST_STEP][PASSED] - "Set Function Area for "URL_Handler", URL Resolution": null

2020-04-21 14:56:59 - [TEST_STEP][PASSED] - "Do Some Magic with URL(s) See the comments within URL Handler ": null

2020-04-21 14:56:59 - [TEST_STEP][PASSED] - "------------------------------------------------": null

2020-04-21 14:56:59 - [TEST_STEP][PASSED] - "Moved Login Credentials to <Default> profile 22/01/2020": null

2020-04-21 14:56:59 - [TEST_STEP][PASSED] - "------------------------------------------------": null

2020-04-21 14:56:59 - [TEST_STEP][PASSED] - "WebOfficeURL - Set from the ENVIRONMENT PROFILE ": null

2020-04-21 14:56:59 - [TEST_STEP][PASSED] - "OPEN BROWSER": null

2020-04-21 14:56:59 - [TEST_STEP][PASSED] - "eg - https://admin.preview.checkatrade.com/  ": null

2020-04-21 14:56:59 - [TEST_STEP][PASSED] - openBrowser(WebOfficeURL): Browser is opened with url: 'https://admin.preview.checkatrade.com/'

2020-04-21 14:56:59 - [MESSAGE][INFO] - Starting 'Chrome' driver

2020-04-21 14:56:59 - [MESSAGE][INFO] - Action delay is set to 0 milliseconds

2020-04-21 14:57:06 - [MESSAGE][PASSED] - Browser is opened with url: 'https://admin.preview.checkatrade.com/'

2020-04-21 14:57:06 - [TEST_STEP][PASSED] - maximizeWindow(): Current window maximized

2020-04-21 14:57:08 - [MESSAGE][PASSED] - Current window maximized

2020-04-21 14:57:08 - [TEST_STEP][PASSED] - waitForElementClickable(findTestObject("Object Repository/WebOffice/Page_Checkatrade - Administration - Login/Login_Button"), 25): Object 'Object Repository/WebOffice/Page_Checkatrade - Administration - Login/Login_Button' is clickable

2020-04-21 14:57:08 - [MESSAGE][PASSED] - Object 'Object Repository/WebOffice/Page_Checkatrade - Administration - Login/Login_Button' is clickable

2020-04-21 14:57:08 - [TEST_STEP][PASSED] - verifyTextPresent("Checkatrade Web Office", false): Text 'Checkatrade Web Office' is present on page 

2020-04-21 14:57:08 - [MESSAGE][PASSED] - Text 'Checkatrade Web Office' is present on page 

2020-04-21 14:57:08 - [TEST_STEP][PASSED] - verifyTextPresent("Access for staff use only", false): Text 'Access for staff use only' is present on page 

2020-04-21 14:57:08 - [MESSAGE][PASSED] - Text 'Access for staff use only' is present on page 

2020-04-21 14:57:08 - [TEST_STEP][PASSED] - verifyTextPresent("Forgotten password?", false): Text 'Forgotten password?' is present on page 

2020-04-21 14:57:08 - [MESSAGE][PASSED] - Text 'Forgotten password?' is present on page 

2020-04-21 14:57:08 - [TEST_STEP][PASSED] - setText(findTestObject("Object Repository/WebOffice/Page_Checkatrade - Administration - Login/input_Username_LoginControlUserName"), wo_Username): Text 'DavidHo' is set on object 'Object Repository/WebOffice/Page_Checkatrade - Administration - Login/input_Username_LoginControlUserName'

2020-04-21 14:57:09 - [MESSAGE][PASSED] - Text 'DavidHo' is set on object 'Object Repository/WebOffice/Page_Checkatrade - Administration - Login/input_Username_LoginControlUserName'

2020-04-21 14:57:09 - [TEST_STEP][PASSED] - setText(findTestObject("Object Repository/WebOffice/Page_Checkatrade - Administration - Login/input_Password_LoginControlPassword"), wo_Password): Text 'Check123' is set on object 'Object Repository/WebOffice/Page_Checkatrade - Administration - Login/input_Password_LoginControlPassword'

2020-04-21 14:57:09 - [MESSAGE][PASSED] - Text 'Check123' is set on object 'Object Repository/WebOffice/Page_Checkatrade - Administration - Login/input_Password_LoginControlPassword'

2020-04-21 14:57:09 - [TEST_STEP][PASSED] - click(findTestObject("Object Repository/WebOffice/Page_Checkatrade - Administration - Login/Login_Button")): Object: 'Object Repository/WebOffice/Page_Checkatrade - Administration - Login/Login_Button' is clicked on

2020-04-21 14:57:12 - [MESSAGE][PASSED] - Object: 'Object Repository/WebOffice/Page_Checkatrade - Administration - Login/Login_Button' is clicked on

2020-04-21 14:57:12 - [TEST_STEP][PASSED] - waitForPageLoad(60): Wait for page load successfully

2020-04-21 14:57:12 - [MESSAGE][PASSED] - Wait for page load successfully

2020-04-21 14:57:12 - [TEST_STEP][PASSED] - verifyTextPresent("Welcome " + wo_Username, false): Text 'Welcome DavidHo' is present on page 

2020-04-21 14:57:12 - [MESSAGE][PASSED] - Text 'Welcome DavidHo' is present on page 

2020-04-21 14:57:12 - [MESSAGE][PASSED] - Call Test Case 'Test Cases/Reusable_Test_Sequences/Web_Office/Directives/WebOffice_StartUp' successfully

2020-04-21 14:57:12 - [TEST_STEP][PASSED] - "-----------------------------------------------------------------": null

2020-04-21 14:57:12 - [TEST_STEP][PASSED] - " Navigate to <Settings->Checkatrade.Com->Sub Item> Menu Item     |": null

2020-04-21 14:57:12 - [TEST_STEP][PASSED] - callTestCase(findTestCase("Reusable_Test_Sequences/Web_Office/Navigation/Sub_Menu_Navigation/Settings/Checkatrade_Com/Feedback_Searching_Capabilities"), [:], STOP_ON_FAILURE): Call Test Case 'Test Cases/Reusable_Test_Sequences/Web_Office/Navigation/Sub_Menu_Navigation/Settings/Checkatrade_Com/Feedback_Searching_Capabilities' successfully

2020-04-21 14:57:12 - [TEST_CASE][PASSED] - Test Cases/Reusable_Test_Sequences/Web_Office/Navigation/Sub_Menu_Navigation/Settings/Checkatrade_Com/Feedback_Searching_Capabilities: Test Cases/Reusable_Test_Sequences/Web_Office/Navigation/Sub_Menu_Navigation/Settings/Checkatrade_Com/Feedback_Searching_Capabilities

2020-04-21 14:57:13 - [TEST_STEP][PASSED] - "--------------------------------------": null

2020-04-21 14:57:13 - [TEST_STEP][PASSED] - " Navigate Top level menu Item         |": null

2020-04-21 14:57:13 - [TEST_STEP][PASSED] - waitForPageLoad(60): Wait for page load successfully

2020-04-21 14:57:13 - [MESSAGE][PASSED] - Wait for page load successfully

2020-04-21 14:57:13 - [TEST_STEP][PASSED] - waitForElementClickable(findTestObject("Object Repository/WebOffice_Home_page/a_Settings"), 60): Object 'Object Repository/WebOffice_Home_page/a_Settings' is clickable

2020-04-21 14:57:13 - [MESSAGE][PASSED] - Object 'Object Repository/WebOffice_Home_page/a_Settings' is clickable

2020-04-21 14:57:13 - [TEST_STEP][PASSED] - mouseOver(findTestObject("Object Repository/WebOffice_Home_page/a_Settings")): Object: 'Object Repository/WebOffice_Home_page/a_Settings' is hovered

2020-04-21 14:57:13 - [MESSAGE][PASSED] - Object: 'Object Repository/WebOffice_Home_page/a_Settings' is hovered

2020-04-21 14:57:13 - [TEST_STEP][PASSED] - mouseOver(findTestObject("Object Repository/WebOffice_Home_page/a_wwwcheckatradecom")): Object: 'Object Repository/WebOffice_Home_page/a_wwwcheckatradecom' is hovered

2020-04-21 14:57:14 - [MESSAGE][PASSED] - Object: 'Object Repository/WebOffice_Home_page/a_wwwcheckatradecom' is hovered

2020-04-21 14:57:14 - [TEST_STEP][PASSED] - waitForElementClickable(findTestObject("Object Repository/WebOffice_Home_page/a_Feedback Caps for Searching"), 1): Object 'Object Repository/WebOffice_Home_page/a_Feedback Caps for Searching' is clickable

2020-04-21 14:57:14 - [MESSAGE][PASSED] - Object 'Object Repository/WebOffice_Home_page/a_Feedback Caps for Searching' is clickable

2020-04-21 14:57:14 - [TEST_STEP][PASSED] - click(findTestObject("Object Repository/WebOffice_Home_page/a_Feedback Caps for Searching")): Object: 'Object Repository/WebOffice_Home_page/a_Feedback Caps for Searching' is clicked on

2020-04-21 14:57:16 - [MESSAGE][PASSED] - Object: 'Object Repository/WebOffice_Home_page/a_Feedback Caps for Searching' is clicked on

2020-04-21 14:57:16 - [MESSAGE][PASSED] - Call Test Case 'Test Cases/Reusable_Test_Sequences/Web_Office/Navigation/Sub_Menu_Navigation/Settings/Checkatrade_Com/Feedback_Searching_Capabilities' successfully

2020-04-21 14:57:16 - [TEST_STEP][PASSED] - "--------------------------------------": null

2020-04-21 14:57:16 - [TEST_STEP][PASSED] - " Verify Returned Page Detail          |": null

2020-04-21 14:57:16 - [TEST_STEP][PASSED] - callTestCase(findTestCase("Reusable_Test_Sequences/Web_Office/Verification/Settings/Checkatrade_Com/Feedback_Searching_Capabilities"), [:], OPTIONAL): Call Test Case 'Test Cases/Reusable_Test_Sequences/Web_Office/Verification/Settings/Checkatrade_Com/Feedback_Searching_Capabilities' successfully

2020-04-21 14:57:16 - [TEST_CASE][PASSED] - Test Cases/Reusable_Test_Sequences/Web_Office/Verification/Settings/Checkatrade_Com/Feedback_Searching_Capabilities: Test Cases/Reusable_Test_Sequences/Web_Office/Verification/Settings/Checkatrade_Com/Feedback_Searching_Capabilities

2020-04-21 14:57:16 - [TEST_STEP][PASSED] - waitForPageLoad(60): Wait for page load successfully

2020-04-21 14:57:17 - [MESSAGE][PASSED] - Wait for page load successfully

2020-04-21 14:57:17 - [TEST_STEP][PASSED] - delay(1): Delayed 1 second(s)

2020-04-21 14:57:18 - [MESSAGE][PASSED] - Delayed 1 second(s)

2020-04-21 14:57:18 - [TEST_STEP][PASSED] - verifyTextPresent("Website Search Feedback Caps per Category", false): Text 'Website Search Feedback Caps per Category' is present on page 

2020-04-21 14:57:19 - [MESSAGE][PASSED] - Text 'Website Search Feedback Caps per Category' is present on page 

2020-04-21 14:57:19 - [TEST_STEP][PASSED] - "----------------------------------------------": null

2020-04-21 14:57:19 - [TEST_STEP][PASSED] - verifyTextPresent("Add new category feedback cap", false): Text 'Add new category feedback cap' is present on page 

2020-04-21 14:57:19 - [MESSAGE][PASSED] - Text 'Add new category feedback cap' is present on page 

2020-04-21 14:57:19 - [TEST_STEP][PASSED] - verifyTextPresent("Feedback cap", false): Text 'Feedback cap' is present on page 

2020-04-21 14:57:20 - [MESSAGE][PASSED] - Text 'Feedback cap' is present on page 

2020-04-21 14:57:20 - [TEST_STEP][PASSED] - verifyTextPresent("All TV Regions", false): Text 'All TV Regions' is present on page 

2020-04-21 14:57:21 - [MESSAGE][PASSED] - Text 'All TV Regions' is present on page 

2020-04-21 14:57:21 - [TEST_STEP][PASSED] - verifyTextPresent("Valid for new members from", false): Text 'Valid for new members from' is present on page 

2020-04-21 14:57:23 - [MESSAGE][PASSED] - Text 'Valid for new members from' is present on page 

2020-04-21 14:57:23 - [TEST_STEP][PASSED] - verifyTextPresent("Cap effective from", false): Text 'Cap effective from' is present on page 

2020-04-21 14:57:24 - [MESSAGE][PASSED] - Text 'Cap effective from' is present on page 

2020-04-21 14:57:24 - [TEST_STEP][PASSED] - "----------------------------------------------": null

2020-04-21 14:57:24 - [TEST_STEP][PASSED] - verifyTextPresent("TV REGION", false): Text 'TV REGION' is present on page 

2020-04-21 14:57:25 - [MESSAGE][PASSED] - Text 'TV REGION' is present on page 

2020-04-21 14:57:25 - [TEST_STEP][PASSED] - verifyTextPresent("MEMBERS JOINING AFTER", false): Text 'MEMBERS JOINING AFTER' is present on page 

2020-04-21 14:57:26 - [MESSAGE][PASSED] - Text 'MEMBERS JOINING AFTER' is present on page 

2020-04-21 14:57:26 - [TEST_STEP][PASSED] - verifyTextPresent("CAP EFFECTIVE FROM", false): Text 'CAP EFFECTIVE FROM' is present on page 

2020-04-21 14:57:27 - [MESSAGE][PASSED] - Text 'CAP EFFECTIVE FROM' is present on page 

2020-04-21 14:57:27 - [TEST_STEP][PASSED] - verifyTextPresent("MODIFIED BY", false): Text 'MODIFIED BY' is present on page 

2020-04-21 14:57:28 - [MESSAGE][PASSED] - Text 'MODIFIED BY' is present on page 

2020-04-21 14:57:28 - [TEST_STEP][PASSED] - verifyTextPresent("MODIFIED ON", false): Text 'MODIFIED ON' is present on page 

2020-04-21 14:57:29 - [MESSAGE][PASSED] - Text 'MODIFIED ON' is present on page 

2020-04-21 14:57:29 - [TEST_STEP][PASSED] - "----------------------------------------------": null

2020-04-21 14:57:29 - [TEST_STEP][PASSED] - verifyTextPresent("ASBESTOS SERVICES", false): Text 'ASBESTOS SERVICES' is present on page 

2020-04-21 14:57:30 - [MESSAGE][PASSED] - Text 'ASBESTOS SERVICES' is present on page 

2020-04-21 14:57:30 - [TEST_STEP][PASSED] - verifyTextPresent("BUILDING", false): Text 'BUILDING' is present on page 

2020-04-21 14:57:31 - [MESSAGE][PASSED] - Text 'BUILDING' is present on page 

2020-04-21 14:57:31 - [TEST_STEP][PASSED] - verifyTextPresent("CENTRAL HEATING - GAS SAFE", false): Text 'CENTRAL HEATING - GAS SAFE' is present on page 

2020-04-21 14:57:33 - [MESSAGE][PASSED] - Text 'CENTRAL HEATING - GAS SAFE' is present on page 

2020-04-21 14:57:33 - [MESSAGE][PASSED] - Call Test Case 'Test Cases/Reusable_Test_Sequences/Web_Office/Verification/Settings/Checkatrade_Com/Feedback_Searching_Capabilities' successfully

2020-04-21 14:57:33 - [TEST_STEP][PASSED] - "--------------------------": null

2020-04-21 14:57:33 - [TEST_STEP][PASSED] - " Teardown - CLose Browser |": null

2020-04-21 14:57:33 - [TEST_STEP][PASSED] - callTestCase(findTestCase("Reusable_Test_Sequences/CAT_Teardown"), [:], OPTIONAL): Call Test Case 'Test Cases/Reusable_Test_Sequences/CAT_Teardown' successfully

2020-04-21 14:57:33 - [TEST_CASE][PASSED] - Test Cases/Reusable_Test_Sequences/CAT_Teardown: Test Cases/Reusable_Test_Sequences/CAT_Teardown

2020-04-21 14:57:33 - [TEST_STEP][PASSED] - closeBrowser(): Browser is closed

2020-04-21 14:57:34 - [MESSAGE][PASSED] - Browser is closed

2020-04-21 14:57:34 - [TEST_STEP][PASSED] - super.finalize(): null

2020-04-21 14:57:34 - [TEST_STEP][PASSED] - System.gc(): null

2020-04-21 14:57:34 - [MESSAGE][PASSED] - Call Test Case 'Test Cases/Reusable_Test_Sequences/CAT_Teardown' successfully]]></system-out>
         <system-err><![CDATA[]]></system-err>
      </testcase>
      <testcase name="Test Cases/Web_Office/Settings/Members_Area/Members_Benefits" time="22.944" classname="Test Cases/Web_Office/Settings/Members_Area/Members_Benefits" status="PASSED">
         <system-out><![CDATA[2020-04-21 14:57:34 - [TEST_CASE][PASSED] - Test Cases/Web_Office/Settings/Members_Area/Members_Benefits: Test Cases/Web_Office/Settings/Members_Area/Members_Benefits

2020-04-21 14:57:34 - [TEST_STEP][PASSED] - "--------------------------------------": null

2020-04-21 14:57:34 - [TEST_STEP][PASSED] - " Web Office StartUp                  |": null

2020-04-21 14:57:34 - [TEST_STEP][PASSED] - callTestCase(findTestCase("Reusable_Test_Sequences/Web_Office/Directives/WebOffice_StartUp"), [:], STOP_ON_FAILURE): Call Test Case 'Test Cases/Reusable_Test_Sequences/Web_Office/Directives/WebOffice_StartUp' successfully

2020-04-21 14:57:35 - [TEST_CASE][PASSED] - Test Cases/Reusable_Test_Sequences/Web_Office/Directives/WebOffice_StartUp: Test Cases/Reusable_Test_Sequences/Web_Office/Directives/WebOffice_StartUp

2020-04-21 14:57:35 - [TEST_STEP][PASSED] - "-----------------------------------------------------------------------------": null

2020-04-21 14:57:35 - [TEST_STEP][PASSED] - if (URL == "https://www.dev.checkatrade.com/"): null

2020-04-21 14:57:35 - [TEST_STEP][PASSED] - "-----------------------------------------------------------------------------": null

2020-04-21 14:57:35 - [TEST_STEP][PASSED] - if (URL == "https://www.checkatrade.com/"): null

2020-04-21 14:57:35 - [TEST_STEP][PASSED] - "-----------------------------------------------------------------------------": null

2020-04-21 14:57:35 - [TEST_STEP][PASSED] - if (URL == "https://www.preview.checkatrade.com/"): null

2020-04-21 14:57:35 - [TEST_STEP][PASSED] - WebOfficeURL = "https://admin.preview.checkatrade.com/": null

2020-04-21 14:57:35 - [TEST_STEP][PASSED] - if (URL == "https://www.dev2.checkatrade.com/"): null

2020-04-21 14:57:35 - [TEST_STEP][PASSED] - "Set Function Area for "URL_Handler", URL Resolution": null

2020-04-21 14:57:35 - [TEST_STEP][PASSED] - "Do Some Magic with URL(s) See the comments within URL Handler ": null

2020-04-21 14:57:35 - [TEST_STEP][PASSED] - "------------------------------------------------": null

2020-04-21 14:57:35 - [TEST_STEP][PASSED] - "Moved Login Credentials to <Default> profile 22/01/2020": null

2020-04-21 14:57:35 - [TEST_STEP][PASSED] - "------------------------------------------------": null

2020-04-21 14:57:35 - [TEST_STEP][PASSED] - "WebOfficeURL - Set from the ENVIRONMENT PROFILE ": null

2020-04-21 14:57:35 - [TEST_STEP][PASSED] - "OPEN BROWSER": null

2020-04-21 14:57:35 - [TEST_STEP][PASSED] - "eg - https://admin.preview.checkatrade.com/  ": null

2020-04-21 14:57:35 - [TEST_STEP][PASSED] - openBrowser(WebOfficeURL): Browser is opened with url: 'https://admin.preview.checkatrade.com/'

2020-04-21 14:57:35 - [MESSAGE][INFO] - Starting 'Chrome' driver

2020-04-21 14:57:35 - [MESSAGE][INFO] - Action delay is set to 0 milliseconds

2020-04-21 14:57:39 - [MESSAGE][PASSED] - Browser is opened with url: 'https://admin.preview.checkatrade.com/'

2020-04-21 14:57:39 - [TEST_STEP][PASSED] - maximizeWindow(): Current window maximized

2020-04-21 14:57:42 - [MESSAGE][PASSED] - Current window maximized

2020-04-21 14:57:42 - [TEST_STEP][PASSED] - waitForElementClickable(findTestObject("Object Repository/WebOffice/Page_Checkatrade - Administration - Login/Login_Button"), 25): Object 'Object Repository/WebOffice/Page_Checkatrade - Administration - Login/Login_Button' is clickable

2020-04-21 14:57:42 - [MESSAGE][PASSED] - Object 'Object Repository/WebOffice/Page_Checkatrade - Administration - Login/Login_Button' is clickable

2020-04-21 14:57:42 - [TEST_STEP][PASSED] - verifyTextPresent("Checkatrade Web Office", false): Text 'Checkatrade Web Office' is present on page 

2020-04-21 14:57:42 - [MESSAGE][PASSED] - Text 'Checkatrade Web Office' is present on page 

2020-04-21 14:57:42 - [TEST_STEP][PASSED] - verifyTextPresent("Access for staff use only", false): Text 'Access for staff use only' is present on page 

2020-04-21 14:57:42 - [MESSAGE][PASSED] - Text 'Access for staff use only' is present on page 

2020-04-21 14:57:42 - [TEST_STEP][PASSED] - verifyTextPresent("Forgotten password?", false): Text 'Forgotten password?' is present on page 

2020-04-21 14:57:42 - [MESSAGE][PASSED] - Text 'Forgotten password?' is present on page 

2020-04-21 14:57:42 - [TEST_STEP][PASSED] - setText(findTestObject("Object Repository/WebOffice/Page_Checkatrade - Administration - Login/input_Username_LoginControlUserName"), wo_Username): Text 'DavidHo' is set on object 'Object Repository/WebOffice/Page_Checkatrade - Administration - Login/input_Username_LoginControlUserName'

2020-04-21 14:57:42 - [MESSAGE][PASSED] - Text 'DavidHo' is set on object 'Object Repository/WebOffice/Page_Checkatrade - Administration - Login/input_Username_LoginControlUserName'

2020-04-21 14:57:42 - [TEST_STEP][PASSED] - setText(findTestObject("Object Repository/WebOffice/Page_Checkatrade - Administration - Login/input_Password_LoginControlPassword"), wo_Password): Text 'Check123' is set on object 'Object Repository/WebOffice/Page_Checkatrade - Administration - Login/input_Password_LoginControlPassword'

2020-04-21 14:57:43 - [MESSAGE][PASSED] - Text 'Check123' is set on object 'Object Repository/WebOffice/Page_Checkatrade - Administration - Login/input_Password_LoginControlPassword'

2020-04-21 14:57:43 - [TEST_STEP][PASSED] - click(findTestObject("Object Repository/WebOffice/Page_Checkatrade - Administration - Login/Login_Button")): Object: 'Object Repository/WebOffice/Page_Checkatrade - Administration - Login/Login_Button' is clicked on

2020-04-21 14:57:44 - [MESSAGE][PASSED] - Object: 'Object Repository/WebOffice/Page_Checkatrade - Administration - Login/Login_Button' is clicked on

2020-04-21 14:57:44 - [TEST_STEP][PASSED] - waitForPageLoad(60): Wait for page load successfully

2020-04-21 14:57:44 - [MESSAGE][PASSED] - Wait for page load successfully

2020-04-21 14:57:44 - [TEST_STEP][PASSED] - verifyTextPresent("Welcome " + wo_Username, false): Text 'Welcome DavidHo' is present on page 

2020-04-21 14:57:44 - [MESSAGE][PASSED] - Text 'Welcome DavidHo' is present on page 

2020-04-21 14:57:44 - [MESSAGE][PASSED] - Call Test Case 'Test Cases/Reusable_Test_Sequences/Web_Office/Directives/WebOffice_StartUp' successfully

2020-04-21 14:57:44 - [TEST_STEP][PASSED] - "-----------------------------------------------------------------": null

2020-04-21 14:57:44 - [TEST_STEP][PASSED] - " Navigate to <Settings->Checkatrade.Com->Sub Item> Menu Item     |": null

2020-04-21 14:57:44 - [TEST_STEP][PASSED] - callTestCase(findTestCase("Reusable_Test_Sequences/Web_Office/Navigation/Sub_Menu_Navigation/Settings/Members_Area/Members_Benefits"), [:], STOP_ON_FAILURE): Call Test Case 'Test Cases/Reusable_Test_Sequences/Web_Office/Navigation/Sub_Menu_Navigation/Settings/Members_Area/Members_Benefits' successfully

2020-04-21 14:57:44 - [TEST_CASE][PASSED] - Test Cases/Reusable_Test_Sequences/Web_Office/Navigation/Sub_Menu_Navigation/Settings/Members_Area/Members_Benefits: Test Cases/Reusable_Test_Sequences/Web_Office/Navigation/Sub_Menu_Navigation/Settings/Members_Area/Members_Benefits

2020-04-21 14:57:45 - [TEST_STEP][PASSED] - "--------------------------------------": null

2020-04-21 14:57:45 - [TEST_STEP][PASSED] - " Navigate Top level menu Item         |": null

2020-04-21 14:57:45 - [TEST_STEP][PASSED] - waitForPageLoad(60): Wait for page load successfully

2020-04-21 14:57:45 - [MESSAGE][PASSED] - Wait for page load successfully

2020-04-21 14:57:45 - [TEST_STEP][PASSED] - waitForElementClickable(findTestObject("Object Repository/WebOffice_Home_page/a_Settings"), 60): Object 'Object Repository/WebOffice_Home_page/a_Settings' is clickable

2020-04-21 14:57:45 - [MESSAGE][PASSED] - Object 'Object Repository/WebOffice_Home_page/a_Settings' is clickable

2020-04-21 14:57:45 - [TEST_STEP][PASSED] - mouseOver(findTestObject("Object Repository/WebOffice_Home_page/a_Settings")): Object: 'Object Repository/WebOffice_Home_page/a_Settings' is hovered

2020-04-21 14:57:45 - [MESSAGE][PASSED] - Object: 'Object Repository/WebOffice_Home_page/a_Settings' is hovered

2020-04-21 14:57:45 - [TEST_STEP][PASSED] - mouseOver(findTestObject("Object Repository/WebOffice_Home_page/a_Members Area")): Object: 'Object Repository/WebOffice_Home_page/a_Members Area' is hovered

2020-04-21 14:57:45 - [MESSAGE][PASSED] - Object: 'Object Repository/WebOffice_Home_page/a_Members Area' is hovered

2020-04-21 14:57:45 - [TEST_STEP][PASSED] - waitForElementClickable(findTestObject("Object Repository/WebOffice_Home_page/a_Members Benefits"), 1): Object 'Object Repository/WebOffice_Home_page/a_Members Benefits' is clickable

2020-04-21 14:57:45 - [MESSAGE][PASSED] - Object 'Object Repository/WebOffice_Home_page/a_Members Benefits' is clickable

2020-04-21 14:57:45 - [TEST_STEP][PASSED] - click(findTestObject("Object Repository/WebOffice_Home_page/a_Members Benefits")): Object: 'Object Repository/WebOffice_Home_page/a_Members Benefits' is clicked on

2020-04-21 14:57:50 - [MESSAGE][PASSED] - Object: 'Object Repository/WebOffice_Home_page/a_Members Benefits' is clicked on

2020-04-21 14:57:50 - [MESSAGE][PASSED] - Call Test Case 'Test Cases/Reusable_Test_Sequences/Web_Office/Navigation/Sub_Menu_Navigation/Settings/Members_Area/Members_Benefits' successfully

2020-04-21 14:57:50 - [TEST_STEP][PASSED] - "--------------------------------------": null

2020-04-21 14:57:50 - [TEST_STEP][PASSED] - " Verify Returned Page Detail          |": null

2020-04-21 14:57:50 - [TEST_STEP][PASSED] - callTestCase(findTestCase("Reusable_Test_Sequences/Web_Office/Verification/Settings/Members_Area/Members_Benefits"), [:], OPTIONAL): Call Test Case 'Test Cases/Reusable_Test_Sequences/Web_Office/Verification/Settings/Members_Area/Members_Benefits' successfully

2020-04-21 14:57:50 - [TEST_CASE][PASSED] - Test Cases/Reusable_Test_Sequences/Web_Office/Verification/Settings/Members_Area/Members_Benefits: Test Cases/Reusable_Test_Sequences/Web_Office/Verification/Settings/Members_Area/Members_Benefits

2020-04-21 14:57:51 - [TEST_STEP][PASSED] - waitForPageLoad(60): Wait for page load successfully

2020-04-21 14:57:52 - [MESSAGE][PASSED] - Wait for page load successfully

2020-04-21 14:57:52 - [TEST_STEP][PASSED] - delay(1): Delayed 1 second(s)

2020-04-21 14:57:53 - [MESSAGE][PASSED] - Delayed 1 second(s)

2020-04-21 14:57:53 - [TEST_STEP][PASSED] - verifyTextPresent("Member Benefits", false): Text 'Member Benefits' is present on page 

2020-04-21 14:57:53 - [MESSAGE][PASSED] - Text 'Member Benefits' is present on page 

2020-04-21 14:57:53 - [TEST_STEP][PASSED] - "----------------------------------------------": null

2020-04-21 14:57:53 - [TEST_STEP][PASSED] - verifyTextPresent("Preview Live", false): Text 'Preview Live' is present on page 

2020-04-21 14:57:53 - [MESSAGE][PASSED] - Text 'Preview Live' is present on page 

2020-04-21 14:57:53 - [TEST_STEP][PASSED] - verifyTextPresent("Add New", false): Text 'Add New' is present on page 

2020-04-21 14:57:53 - [MESSAGE][PASSED] - Text 'Add New' is present on page 

2020-04-21 14:57:53 - [TEST_STEP][PASSED] - verifyTextPresent("Search", false): Text 'Search' is present on page 

2020-04-21 14:57:53 - [MESSAGE][PASSED] - Text 'Search' is present on page 

2020-04-21 14:57:53 - [TEST_STEP][PASSED] - verifyTextPresent("Filter", false): Text 'Filter' is present on page 

2020-04-21 14:57:54 - [MESSAGE][PASSED] - Text 'Filter' is present on page 

2020-04-21 14:57:54 - [TEST_STEP][PASSED] - verifyTextPresent("Published", false): Text 'Published' is present on page 

2020-04-21 14:57:54 - [MESSAGE][PASSED] - Text 'Published' is present on page 

2020-04-21 14:57:54 - [TEST_STEP][PASSED] - verifyTextPresent("Show", false): Text 'Show' is present on page 

2020-04-21 14:57:54 - [MESSAGE][PASSED] - Text 'Show' is present on page 

2020-04-21 14:57:54 - [TEST_STEP][PASSED] - verifyTextPresent("entries", false): Text 'entries' is present on page 

2020-04-21 14:57:54 - [MESSAGE][PASSED] - Text 'entries' is present on page 

2020-04-21 14:57:54 - [TEST_STEP][PASSED] - "----------------------------------------------": null

2020-04-21 14:57:54 - [TEST_STEP][PASSED] - verifyTextPresent("Status", false): Text 'Status' is present on page 

2020-04-21 14:57:55 - [MESSAGE][PASSED] - Text 'Status' is present on page 

2020-04-21 14:57:55 - [TEST_STEP][PASSED] - verifyTextPresent("Title", false): Text 'Title' is present on page 

2020-04-21 14:57:55 - [MESSAGE][PASSED] - Text 'Title' is present on page 

2020-04-21 14:57:55 - [TEST_STEP][PASSED] - verifyTextPresent("Description", false): Text 'Description' is present on page 

2020-04-21 14:57:55 - [MESSAGE][PASSED] - Text 'Description' is present on page 

2020-04-21 14:57:55 - [TEST_STEP][PASSED] - "----------------------------------------------": null

2020-04-21 14:57:55 - [TEST_STEP][PASSED] - "----------------------------------------------": null

2020-04-21 14:57:55 - [TEST_STEP][PASSED] - verifyTextPresent("Save on fuel with Esso", false): Text 'Save on fuel with Esso' is present on page 

2020-04-21 14:57:55 - [MESSAGE][PASSED] - Text 'Save on fuel with Esso' is present on page 

2020-04-21 14:57:55 - [TEST_STEP][PASSED] - verifyTextPresent("Apply for an Esso Card fuel card", false): Text 'Apply for an Esso Card fuel card' is present on page 

2020-04-21 14:57:56 - [MESSAGE][PASSED] - Text 'Apply for an Esso Card fuel card' is present on page 

2020-04-21 14:57:56 - [TEST_STEP][PASSED] - verifyTextPresent("Hero", false): Text 'Hero' is present on page 

2020-04-21 14:57:56 - [MESSAGE][PASSED] - Text 'Hero' is present on page 

2020-04-21 14:57:56 - [TEST_STEP][PASSED] - verifyTextPresent("Edit", false): Text 'Edit' is present on page 

2020-04-21 14:57:56 - [MESSAGE][PASSED] - Text 'Edit' is present on page 

2020-04-21 14:57:56 - [MESSAGE][PASSED] - Call Test Case 'Test Cases/Reusable_Test_Sequences/Web_Office/Verification/Settings/Members_Area/Members_Benefits' successfully

2020-04-21 14:57:56 - [TEST_STEP][PASSED] - "--------------------------": null

2020-04-21 14:57:56 - [TEST_STEP][PASSED] - " Teardown - CLose Browser |": null

2020-04-21 14:57:56 - [TEST_STEP][PASSED] - callTestCase(findTestCase("Reusable_Test_Sequences/CAT_Teardown"), [:], OPTIONAL): Call Test Case 'Test Cases/Reusable_Test_Sequences/CAT_Teardown' successfully

2020-04-21 14:57:56 - [TEST_CASE][PASSED] - Test Cases/Reusable_Test_Sequences/CAT_Teardown: Test Cases/Reusable_Test_Sequences/CAT_Teardown

2020-04-21 14:57:56 - [TEST_STEP][PASSED] - closeBrowser(): Browser is closed

2020-04-21 14:57:57 - [MESSAGE][PASSED] - Browser is closed

2020-04-21 14:57:57 - [TEST_STEP][PASSED] - super.finalize(): null

2020-04-21 14:57:57 - [TEST_STEP][PASSED] - System.gc(): null

2020-04-21 14:57:57 - [MESSAGE][PASSED] - Call Test Case 'Test Cases/Reusable_Test_Sequences/CAT_Teardown' successfully]]></system-out>
         <system-err><![CDATA[]]></system-err>
      </testcase>
      <testcase name="Test Cases/Web_Office/Settings/Members_Area/Downloads" time="9.711" classname="Test Cases/Web_Office/Settings/Members_Area/Downloads" status="FAILED">
         <failure type="FAILED" message="Test Cases/Web_Office/Settings/Members_Area/Downloads FAILED.
Reason:
com.kms.katalon.core.exception.StepFailedException: Call Test Case 'Test Cases/Reusable_Test_Sequences/Web_Office/Directives/WebOffice_StartUp' failed
	at com.kms.katalon.core.keyword.builtin.CallTestCaseKeyword$_callTestCase_closure1.doCall(CallTestCaseKeyword.groovy:63)
	at com.kms.katalon.core.keyword.builtin.CallTestCaseKeyword$_callTestCase_closure1.call(CallTestCaseKeyword.groovy)
	at com.kms.katalon.core.keyword.internal.KeywordMain.runKeyword(KeywordMain.groovy:68)
	at com.kms.katalon.core.keyword.builtin.CallTestCaseKeyword.callTestCase(CallTestCaseKeyword.groovy:81)
	at com.kms.katalon.core.keyword.builtin.CallTestCaseKeyword.execute(CallTestCaseKeyword.groovy:44)
	at com.kms.katalon.core.keyword.internal.KeywordExecutor.executeKeywordForPlatform(KeywordExecutor.groovy:72)
	at com.kms.katalon.core.keyword.BuiltinKeywords.callTestCase(BuiltinKeywords.groovy:334)
	at Downloads.run(Downloads:53)
	at com.kms.katalon.core.main.ScriptEngine.run(ScriptEngine.java:194)
	at com.kms.katalon.core.main.ScriptEngine.runScriptAsRawText(ScriptEngine.java:119)
	at com.kms.katalon.core.main.TestCaseExecutor.runScript(TestCaseExecutor.java:337)
	at com.kms.katalon.core.main.TestCaseExecutor.doExecute(TestCaseExecutor.java:328)
	at com.kms.katalon.core.main.TestCaseExecutor.processExecutionPhase(TestCaseExecutor.java:307)
	at com.kms.katalon.core.main.TestCaseExecutor.accessMainPhase(TestCaseExecutor.java:299)
	at com.kms.katalon.core.main.TestCaseExecutor.execute(TestCaseExecutor.java:233)
	at com.kms.katalon.core.main.TestSuiteExecutor.accessTestCaseMainPhase(TestSuiteExecutor.java:169)
	at com.kms.katalon.core.main.TestSuiteExecutor.accessTestSuiteMainPhase(TestSuiteExecutor.java:142)
	at com.kms.katalon.core.main.TestSuiteExecutor.execute(TestSuiteExecutor.java:91)
	at com.kms.katalon.core.main.TestCaseMain.startTestSuite(TestCaseMain.java:157)
	at com.kms.katalon.core.main.TestCaseMain$startTestSuite$0.call(Unknown Source)
	at TempTestSuite1587475880687.run(TempTestSuite1587475880687.groovy:36)
Caused by: com.kms.katalon.core.exception.StepFailedException: Text 'Welcome DavidHo' is not present on page  (Root cause: com.kms.katalon.core.exception.StepFailedException: Text 'Welcome DavidHo' is not present on page 
	at com.kms.katalon.core.webui.keyword.internal.WebUIKeywordMain.stepFailed(WebUIKeywordMain.groovy:64)
	at com.kms.katalon.core.webui.keyword.builtin.VerifyTextPresentKeyword$_verifyTextPresent_closure1.doCall(VerifyTextPresentKeyword.groovy:79)
	at com.kms.katalon.core.webui.keyword.builtin.VerifyTextPresentKeyword$_verifyTextPresent_closure1.call(VerifyTextPresentKeyword.groovy)
	at com.kms.katalon.core.webui.keyword.internal.WebUIKeywordMain.runKeyword(WebUIKeywordMain.groovy:20)
	at com.kms.katalon.core.webui.keyword.builtin.VerifyTextPresentKeyword.verifyTextPresent(VerifyTextPresentKeyword.groovy:83)
	at com.kms.katalon.core.webui.keyword.builtin.VerifyTextPresentKeyword.execute(VerifyTextPresentKeyword.groovy:68)
	at com.kms.katalon.core.keyword.internal.KeywordExecutor.executeKeywordForPlatform(KeywordExecutor.groovy:72)
	at com.kms.katalon.core.webui.keyword.WebUiBuiltInKeywords.verifyTextPresent(WebUiBuiltInKeywords.groovy:1719)
	at com.kms.katalon.core.webui.keyword.WebUiBuiltInKeywords$verifyTextPresent$2.call(Unknown Source)
	at WebOffice_StartUp.run(WebOffice_StartUp:167)
	at com.kms.katalon.core.main.ScriptEngine.run(ScriptEngine.java:194)
	at com.kms.katalon.core.main.ScriptEngine.runScriptAsRawText(ScriptEngine.java:119)
	at com.kms.katalon.core.main.TestCaseExecutor.runScript(TestCaseExecutor.java:337)
	at com.kms.katalon.core.main.TestCaseExecutor.doExecute(TestCaseExecutor.java:328)
	at com.kms.katalon.core.main.TestCaseExecutor.processExecutionPhase(TestCaseExecutor.java:307)
	at com.kms.katalon.core.main.TestCaseExecutor.accessMainPhase(TestCaseExecutor.java:299)
	at com.kms.katalon.core.main.TestCaseExecutor.execute(TestCaseExecutor.java:233)
	at com.kms.katalon.core.main.TestCaseMain.runTestCase(TestCaseMain.java:114)
	at com.kms.katalon.core.keyword.builtin.CallTestCaseKeyword$_callTestCase_closure1.doCall(CallTestCaseKeyword.groovy:59)
	at com.kms.katalon.core.keyword.builtin.CallTestCaseKeyword$_callTestCase_closure1.call(CallTestCaseKeyword.groovy)
	at com.kms.katalon.core.keyword.internal.KeywordMain.runKeyword(KeywordMain.groovy:68)
	at com.kms.katalon.core.keyword.builtin.CallTestCaseKeyword.callTestCase(CallTestCaseKeyword.groovy:81)
	at com.kms.katalon.core.keyword.builtin.CallTestCaseKeyword.execute(CallTestCaseKeyword.groovy:44)
	at com.kms.katalon.core.keyword.internal.KeywordExecutor.executeKeywordForPlatform(KeywordExecutor.groovy:72)
	at com.kms.katalon.core.keyword.BuiltinKeywords.callTestCase(BuiltinKeywords.groovy:334)
	at Downloads.run(Downloads:53)
	at com.kms.katalon.core.main.ScriptEngine.run(ScriptEngine.java:194)
	at com.kms.katalon.core.main.ScriptEngine.runScriptAsRawText(ScriptEngine.java:119)
	at com.kms.katalon.core.main.TestCaseExecutor.runScript(TestCaseExecutor.java:337)
	at com.kms.katalon.core.main.TestCaseExecutor.doExecute(TestCaseExecutor.java:328)
	at com.kms.katalon.core.main.TestCaseExecutor.processExecutionPhase(TestCaseExecutor.java:307)
	at com.kms.katalon.core.main.TestCaseExecutor.accessMainPhase(TestCaseExecutor.java:299)
	at com.kms.katalon.core.main.TestCaseExecutor.execute(TestCaseExecutor.java:233)
	at com.kms.katalon.core.main.TestSuiteExecutor.accessTestCaseMainPhase(TestSuiteExecutor.java:169)
	at com.kms.katalon.core.main.TestSuiteExecutor.accessTestSuiteMainPhase(TestSuiteExecutor.java:142)
	at com.kms.katalon.core.main.TestSuiteExecutor.execute(TestSuiteExecutor.java:91)
	at com.kms.katalon.core.main.TestCaseMain.startTestSuite(TestCaseMain.java:157)
	at com.kms.katalon.core.main.TestCaseMain$startTestSuite$0.call(Unknown Source)
	at TempTestSuite1587475880687.run(TempTestSuite1587475880687.groovy:36)
)
	at com.kms.katalon.core.keyword.internal.KeywordMain.stepFailed(KeywordMain.groovy:39)
	at com.kms.katalon.core.webui.keyword.internal.WebUIKeywordMain.stepFailed(WebUIKeywordMain.groovy:64)
	at com.kms.katalon.core.webui.keyword.builtin.VerifyTextPresentKeyword$_verifyTextPresent_closure1.doCall(VerifyTextPresentKeyword.groovy:79)
	at com.kms.katalon.core.webui.keyword.builtin.VerifyTextPresentKeyword$_verifyTextPresent_closure1.call(VerifyTextPresentKeyword.groovy)
	at com.kms.katalon.core.webui.keyword.internal.WebUIKeywordMain.runKeyword(WebUIKeywordMain.groovy:20)
	at com.kms.katalon.core.webui.keyword.builtin.VerifyTextPresentKeyword.verifyTextPresent(VerifyTextPresentKeyword.groovy:83)
	at com.kms.katalon.core.webui.keyword.builtin.VerifyTextPresentKeyword.execute(VerifyTextPresentKeyword.groovy:68)
	at com.kms.katalon.core.keyword.internal.KeywordExecutor.executeKeywordForPlatform(KeywordExecutor.groovy:72)
	at com.kms.katalon.core.webui.keyword.WebUiBuiltInKeywords.verifyTextPresent(WebUiBuiltInKeywords.groovy:1719)
	at com.kms.katalon.core.webui.keyword.WebUiBuiltInKeywords$verifyTextPresent$2.call(Unknown Source)
	at WebOffice_StartUp.run(WebOffice_StartUp:167)
	at com.kms.katalon.core.main.ScriptEngine.run(ScriptEngine.java:194)
	at com.kms.katalon.core.main.ScriptEngine.runScriptAsRawText(ScriptEngine.java:119)
	at com.kms.katalon.core.main.TestCaseExecutor.runScript(TestCaseExecutor.java:337)
	at com.kms.katalon.core.main.TestCaseExecutor.doExecute(TestCaseExecutor.java:328)
	at com.kms.katalon.core.main.TestCaseExecutor.processExecutionPhase(TestCaseExecutor.java:307)
	at com.kms.katalon.core.main.TestCaseExecutor.accessMainPhase(TestCaseExecutor.java:299)
	at com.kms.katalon.core.main.TestCaseExecutor.execute(TestCaseExecutor.java:233)
	at com.kms.katalon.core.main.TestCaseMain.runTestCase(TestCaseMain.java:114)
	at com.kms.katalon.core.keyword.builtin.CallTestCaseKeyword$_callTestCase_closure1.doCall(CallTestCaseKeyword.groovy:59)
	... 20 more
Caused by: com.kms.katalon.core.exception.StepFailedException: Text 'Welcome DavidHo' is not present on page 
	... 39 more
"/>
         <system-out><![CDATA[2020-04-21 14:57:57 - [TEST_CASE][FAILED] - Test Cases/Web_Office/Settings/Members_Area/Downloads: Test Cases/Web_Office/Settings/Members_Area/Downloads FAILED.
Reason:
com.kms.katalon.core.exception.StepFailedException: Call Test Case 'Test Cases/Reusable_Test_Sequences/Web_Office/Directives/WebOffice_StartUp' failed
	at com.kms.katalon.core.keyword.builtin.CallTestCaseKeyword$_callTestCase_closure1.doCall(CallTestCaseKeyword.groovy:63)
	at com.kms.katalon.core.keyword.builtin.CallTestCaseKeyword$_callTestCase_closure1.call(CallTestCaseKeyword.groovy)
	at com.kms.katalon.core.keyword.internal.KeywordMain.runKeyword(KeywordMain.groovy:68)
	at com.kms.katalon.core.keyword.builtin.CallTestCaseKeyword.callTestCase(CallTestCaseKeyword.groovy:81)
	at com.kms.katalon.core.keyword.builtin.CallTestCaseKeyword.execute(CallTestCaseKeyword.groovy:44)
	at com.kms.katalon.core.keyword.internal.KeywordExecutor.executeKeywordForPlatform(KeywordExecutor.groovy:72)
	at com.kms.katalon.core.keyword.BuiltinKeywords.callTestCase(BuiltinKeywords.groovy:334)
	at Downloads.run(Downloads:53)
	at com.kms.katalon.core.main.ScriptEngine.run(ScriptEngine.java:194)
	at com.kms.katalon.core.main.ScriptEngine.runScriptAsRawText(ScriptEngine.java:119)
	at com.kms.katalon.core.main.TestCaseExecutor.runScript(TestCaseExecutor.java:337)
	at com.kms.katalon.core.main.TestCaseExecutor.doExecute(TestCaseExecutor.java:328)
	at com.kms.katalon.core.main.TestCaseExecutor.processExecutionPhase(TestCaseExecutor.java:307)
	at com.kms.katalon.core.main.TestCaseExecutor.accessMainPhase(TestCaseExecutor.java:299)
	at com.kms.katalon.core.main.TestCaseExecutor.execute(TestCaseExecutor.java:233)
	at com.kms.katalon.core.main.TestSuiteExecutor.accessTestCaseMainPhase(TestSuiteExecutor.java:169)
	at com.kms.katalon.core.main.TestSuiteExecutor.accessTestSuiteMainPhase(TestSuiteExecutor.java:142)
	at com.kms.katalon.core.main.TestSuiteExecutor.execute(TestSuiteExecutor.java:91)
	at com.kms.katalon.core.main.TestCaseMain.startTestSuite(TestCaseMain.java:157)
	at com.kms.katalon.core.main.TestCaseMain$startTestSuite$0.call(Unknown Source)
	at TempTestSuite1587475880687.run(TempTestSuite1587475880687.groovy:36)
Caused by: com.kms.katalon.core.exception.StepFailedException: Text 'Welcome DavidHo' is not present on page  (Root cause: com.kms.katalon.core.exception.StepFailedException: Text 'Welcome DavidHo' is not present on page 
	at com.kms.katalon.core.webui.keyword.internal.WebUIKeywordMain.stepFailed(WebUIKeywordMain.groovy:64)
	at com.kms.katalon.core.webui.keyword.builtin.VerifyTextPresentKeyword$_verifyTextPresent_closure1.doCall(VerifyTextPresentKeyword.groovy:79)
	at com.kms.katalon.core.webui.keyword.builtin.VerifyTextPresentKeyword$_verifyTextPresent_closure1.call(VerifyTextPresentKeyword.groovy)
	at com.kms.katalon.core.webui.keyword.internal.WebUIKeywordMain.runKeyword(WebUIKeywordMain.groovy:20)
	at com.kms.katalon.core.webui.keyword.builtin.VerifyTextPresentKeyword.verifyTextPresent(VerifyTextPresentKeyword.groovy:83)
	at com.kms.katalon.core.webui.keyword.builtin.VerifyTextPresentKeyword.execute(VerifyTextPresentKeyword.groovy:68)
	at com.kms.katalon.core.keyword.internal.KeywordExecutor.executeKeywordForPlatform(KeywordExecutor.groovy:72)
	at com.kms.katalon.core.webui.keyword.WebUiBuiltInKeywords.verifyTextPresent(WebUiBuiltInKeywords.groovy:1719)
	at com.kms.katalon.core.webui.keyword.WebUiBuiltInKeywords$verifyTextPresent$2.call(Unknown Source)
	at WebOffice_StartUp.run(WebOffice_StartUp:167)
	at com.kms.katalon.core.main.ScriptEngine.run(ScriptEngine.java:194)
	at com.kms.katalon.core.main.ScriptEngine.runScriptAsRawText(ScriptEngine.java:119)
	at com.kms.katalon.core.main.TestCaseExecutor.runScript(TestCaseExecutor.java:337)
	at com.kms.katalon.core.main.TestCaseExecutor.doExecute(TestCaseExecutor.java:328)
	at com.kms.katalon.core.main.TestCaseExecutor.processExecutionPhase(TestCaseExecutor.java:307)
	at com.kms.katalon.core.main.TestCaseExecutor.accessMainPhase(TestCaseExecutor.java:299)
	at com.kms.katalon.core.main.TestCaseExecutor.execute(TestCaseExecutor.java:233)
	at com.kms.katalon.core.main.TestCaseMain.runTestCase(TestCaseMain.java:114)
	at com.kms.katalon.core.keyword.builtin.CallTestCaseKeyword$_callTestCase_closure1.doCall(CallTestCaseKeyword.groovy:59)
	at com.kms.katalon.core.keyword.builtin.CallTestCaseKeyword$_callTestCase_closure1.call(CallTestCaseKeyword.groovy)
	at com.kms.katalon.core.keyword.internal.KeywordMain.runKeyword(KeywordMain.groovy:68)
	at com.kms.katalon.core.keyword.builtin.CallTestCaseKeyword.callTestCase(CallTestCaseKeyword.groovy:81)
	at com.kms.katalon.core.keyword.builtin.CallTestCaseKeyword.execute(CallTestCaseKeyword.groovy:44)
	at com.kms.katalon.core.keyword.internal.KeywordExecutor.executeKeywordForPlatform(KeywordExecutor.groovy:72)
	at com.kms.katalon.core.keyword.BuiltinKeywords.callTestCase(BuiltinKeywords.groovy:334)
	at Downloads.run(Downloads:53)
	at com.kms.katalon.core.main.ScriptEngine.run(ScriptEngine.java:194)
	at com.kms.katalon.core.main.ScriptEngine.runScriptAsRawText(ScriptEngine.java:119)
	at com.kms.katalon.core.main.TestCaseExecutor.runScript(TestCaseExecutor.java:337)
	at com.kms.katalon.core.main.TestCaseExecutor.doExecute(TestCaseExecutor.java:328)
	at com.kms.katalon.core.main.TestCaseExecutor.processExecutionPhase(TestCaseExecutor.java:307)
	at com.kms.katalon.core.main.TestCaseExecutor.accessMainPhase(TestCaseExecutor.java:299)
	at com.kms.katalon.core.main.TestCaseExecutor.execute(TestCaseExecutor.java:233)
	at com.kms.katalon.core.main.TestSuiteExecutor.accessTestCaseMainPhase(TestSuiteExecutor.java:169)
	at com.kms.katalon.core.main.TestSuiteExecutor.accessTestSuiteMainPhase(TestSuiteExecutor.java:142)
	at com.kms.katalon.core.main.TestSuiteExecutor.execute(TestSuiteExecutor.java:91)
	at com.kms.katalon.core.main.TestCaseMain.startTestSuite(TestCaseMain.java:157)
	at com.kms.katalon.core.main.TestCaseMain$startTestSuite$0.call(Unknown Source)
	at TempTestSuite1587475880687.run(TempTestSuite1587475880687.groovy:36)
)
	at com.kms.katalon.core.keyword.internal.KeywordMain.stepFailed(KeywordMain.groovy:39)
	at com.kms.katalon.core.webui.keyword.internal.WebUIKeywordMain.stepFailed(WebUIKeywordMain.groovy:64)
	at com.kms.katalon.core.webui.keyword.builtin.VerifyTextPresentKeyword$_verifyTextPresent_closure1.doCall(VerifyTextPresentKeyword.groovy:79)
	at com.kms.katalon.core.webui.keyword.builtin.VerifyTextPresentKeyword$_verifyTextPresent_closure1.call(VerifyTextPresentKeyword.groovy)
	at com.kms.katalon.core.webui.keyword.internal.WebUIKeywordMain.runKeyword(WebUIKeywordMain.groovy:20)
	at com.kms.katalon.core.webui.keyword.builtin.VerifyTextPresentKeyword.verifyTextPresent(VerifyTextPresentKeyword.groovy:83)
	at com.kms.katalon.core.webui.keyword.builtin.VerifyTextPresentKeyword.execute(VerifyTextPresentKeyword.groovy:68)
	at com.kms.katalon.core.keyword.internal.KeywordExecutor.executeKeywordForPlatform(KeywordExecutor.groovy:72)
	at com.kms.katalon.core.webui.keyword.WebUiBuiltInKeywords.verifyTextPresent(WebUiBuiltInKeywords.groovy:1719)
	at com.kms.katalon.core.webui.keyword.WebUiBuiltInKeywords$verifyTextPresent$2.call(Unknown Source)
	at WebOffice_StartUp.run(WebOffice_StartUp:167)
	at com.kms.katalon.core.main.ScriptEngine.run(ScriptEngine.java:194)
	at com.kms.katalon.core.main.ScriptEngine.runScriptAsRawText(ScriptEngine.java:119)
	at com.kms.katalon.core.main.TestCaseExecutor.runScript(TestCaseExecutor.java:337)
	at com.kms.katalon.core.main.TestCaseExecutor.doExecute(TestCaseExecutor.java:328)
	at com.kms.katalon.core.main.TestCaseExecutor.processExecutionPhase(TestCaseExecutor.java:307)
	at com.kms.katalon.core.main.TestCaseExecutor.accessMainPhase(TestCaseExecutor.java:299)
	at com.kms.katalon.core.main.TestCaseExecutor.execute(TestCaseExecutor.java:233)
	at com.kms.katalon.core.main.TestCaseMain.runTestCase(TestCaseMain.java:114)
	at com.kms.katalon.core.keyword.builtin.CallTestCaseKeyword$_callTestCase_closure1.doCall(CallTestCaseKeyword.groovy:59)
	... 20 more
Caused by: com.kms.katalon.core.exception.StepFailedException: Text 'Welcome DavidHo' is not present on page 
	... 39 more


2020-04-21 14:57:57 - [TEST_STEP][PASSED] - "--------------------------------------": null

2020-04-21 14:57:57 - [TEST_STEP][PASSED] - " Web Office StartUp                  |": null

2020-04-21 14:57:57 - [TEST_STEP][FAILED] - callTestCase(findTestCase("Reusable_Test_Sequences/Web_Office/Directives/WebOffice_StartUp"), [:], STOP_ON_FAILURE): Unable to call Test Case 'Test Cases/Reusable_Test_Sequences/Web_Office/Directives/WebOffice_StartUp' (Root cause: com.kms.katalon.core.exception.StepFailedException: Call Test Case 'Test Cases/Reusable_Test_Sequences/Web_Office/Directives/WebOffice_StartUp' failed
	at com.kms.katalon.core.keyword.builtin.CallTestCaseKeyword$_callTestCase_closure1.doCall(CallTestCaseKeyword.groovy:63)
	at com.kms.katalon.core.keyword.builtin.CallTestCaseKeyword$_callTestCase_closure1.call(CallTestCaseKeyword.groovy)
	at com.kms.katalon.core.keyword.internal.KeywordMain.runKeyword(KeywordMain.groovy:68)
	at com.kms.katalon.core.keyword.builtin.CallTestCaseKeyword.callTestCase(CallTestCaseKeyword.groovy:81)
	at com.kms.katalon.core.keyword.builtin.CallTestCaseKeyword.execute(CallTestCaseKeyword.groovy:44)
	at com.kms.katalon.core.keyword.internal.KeywordExecutor.executeKeywordForPlatform(KeywordExecutor.groovy:72)
	at com.kms.katalon.core.keyword.BuiltinKeywords.callTestCase(BuiltinKeywords.groovy:334)
	at Downloads.run(Downloads:53)
	at com.kms.katalon.core.main.ScriptEngine.run(ScriptEngine.java:194)
	at com.kms.katalon.core.main.ScriptEngine.runScriptAsRawText(ScriptEngine.java:119)
	at com.kms.katalon.core.main.TestCaseExecutor.runScript(TestCaseExecutor.java:337)
	at com.kms.katalon.core.main.TestCaseExecutor.doExecute(TestCaseExecutor.java:328)
	at com.kms.katalon.core.main.TestCaseExecutor.processExecutionPhase(TestCaseExecutor.java:307)
	at com.kms.katalon.core.main.TestCaseExecutor.accessMainPhase(TestCaseExecutor.java:299)
	at com.kms.katalon.core.main.TestCaseExecutor.execute(TestCaseExecutor.java:233)
	at com.kms.katalon.core.main.TestSuiteExecutor.accessTestCaseMainPhase(TestSuiteExecutor.java:169)
	at com.kms.katalon.core.main.TestSuiteExecutor.accessTestSuiteMainPhase(TestSuiteExecutor.java:142)
	at com.kms.katalon.core.main.TestSuiteExecutor.execute(TestSuiteExecutor.java:91)
	at com.kms.katalon.core.main.TestCaseMain.startTestSuite(TestCaseMain.java:157)
	at com.kms.katalon.core.main.TestCaseMain$startTestSuite$0.call(Unknown Source)
	at TempTestSuite1587475880687.run(TempTestSuite1587475880687.groovy:36)
Caused by: com.kms.katalon.core.exception.StepFailedException: Text 'Welcome DavidHo' is not present on page  (Root cause: com.kms.katalon.core.exception.StepFailedException: Text 'Welcome DavidHo' is not present on page 
	at com.kms.katalon.core.webui.keyword.internal.WebUIKeywordMain.stepFailed(WebUIKeywordMain.groovy:64)
	at com.kms.katalon.core.webui.keyword.builtin.VerifyTextPresentKeyword$_verifyTextPresent_closure1.doCall(VerifyTextPresentKeyword.groovy:79)
	at com.kms.katalon.core.webui.keyword.builtin.VerifyTextPresentKeyword$_verifyTextPresent_closure1.call(VerifyTextPresentKeyword.groovy)
	at com.kms.katalon.core.webui.keyword.internal.WebUIKeywordMain.runKeyword(WebUIKeywordMain.groovy:20)
	at com.kms.katalon.core.webui.keyword.builtin.VerifyTextPresentKeyword.verifyTextPresent(VerifyTextPresentKeyword.groovy:83)
	at com.kms.katalon.core.webui.keyword.builtin.VerifyTextPresentKeyword.execute(VerifyTextPresentKeyword.groovy:68)
	at com.kms.katalon.core.keyword.internal.KeywordExecutor.executeKeywordForPlatform(KeywordExecutor.groovy:72)
	at com.kms.katalon.core.webui.keyword.WebUiBuiltInKeywords.verifyTextPresent(WebUiBuiltInKeywords.groovy:1719)
	at com.kms.katalon.core.webui.keyword.WebUiBuiltInKeywords$verifyTextPresent$2.call(Unknown Source)
	at WebOffice_StartUp.run(WebOffice_StartUp:167)
	at com.kms.katalon.core.main.ScriptEngine.run(ScriptEngine.java:194)
	at com.kms.katalon.core.main.ScriptEngine.runScriptAsRawText(ScriptEngine.java:119)
	at com.kms.katalon.core.main.TestCaseExecutor.runScript(TestCaseExecutor.java:337)
	at com.kms.katalon.core.main.TestCaseExecutor.doExecute(TestCaseExecutor.java:328)
	at com.kms.katalon.core.main.TestCaseExecutor.processExecutionPhase(TestCaseExecutor.java:307)
	at com.kms.katalon.core.main.TestCaseExecutor.accessMainPhase(TestCaseExecutor.java:299)
	at com.kms.katalon.core.main.TestCaseExecutor.execute(TestCaseExecutor.java:233)
	at com.kms.katalon.core.main.TestCaseMain.runTestCase(TestCaseMain.java:114)
	at com.kms.katalon.core.keyword.builtin.CallTestCaseKeyword$_callTestCase_closure1.doCall(CallTestCaseKeyword.groovy:59)
	at com.kms.katalon.core.keyword.builtin.CallTestCaseKeyword$_callTestCase_closure1.call(CallTestCaseKeyword.groovy)
	at com.kms.katalon.core.keyword.internal.KeywordMain.runKeyword(KeywordMain.groovy:68)
	at com.kms.katalon.core.keyword.builtin.CallTestCaseKeyword.callTestCase(CallTestCaseKeyword.groovy:81)
	at com.kms.katalon.core.keyword.builtin.CallTestCaseKeyword.execute(CallTestCaseKeyword.groovy:44)
	at com.kms.katalon.core.keyword.internal.KeywordExecutor.executeKeywordForPlatform(KeywordExecutor.groovy:72)
	at com.kms.katalon.core.keyword.BuiltinKeywords.callTestCase(BuiltinKeywords.groovy:334)
	at Downloads.run(Downloads:53)
	at com.kms.katalon.core.main.ScriptEngine.run(ScriptEngine.java:194)
	at com.kms.katalon.core.main.ScriptEngine.runScriptAsRawText(ScriptEngine.java:119)
	at com.kms.katalon.core.main.TestCaseExecutor.runScript(TestCaseExecutor.java:337)
	at com.kms.katalon.core.main.TestCaseExecutor.doExecute(TestCaseExecutor.java:328)
	at com.kms.katalon.core.main.TestCaseExecutor.processExecutionPhase(TestCaseExecutor.java:307)
	at com.kms.katalon.core.main.TestCaseExecutor.accessMainPhase(TestCaseExecutor.java:299)
	at com.kms.katalon.core.main.TestCaseExecutor.execute(TestCaseExecutor.java:233)
	at com.kms.katalon.core.main.TestSuiteExecutor.accessTestCaseMainPhase(TestSuiteExecutor.java:169)
	at com.kms.katalon.core.main.TestSuiteExecutor.accessTestSuiteMainPhase(TestSuiteExecutor.java:142)
	at com.kms.katalon.core.main.TestSuiteExecutor.execute(TestSuiteExecutor.java:91)
	at com.kms.katalon.core.main.TestCaseMain.startTestSuite(TestCaseMain.java:157)
	at com.kms.katalon.core.main.TestCaseMain$startTestSuite$0.call(Unknown Source)
	at TempTestSuite1587475880687.run(TempTestSuite1587475880687.groovy:36)
)
	at com.kms.katalon.core.keyword.internal.KeywordMain.stepFailed(KeywordMain.groovy:39)
	at com.kms.katalon.core.webui.keyword.internal.WebUIKeywordMain.stepFailed(WebUIKeywordMain.groovy:64)
	at com.kms.katalon.core.webui.keyword.builtin.VerifyTextPresentKeyword$_verifyTextPresent_closure1.doCall(VerifyTextPresentKeyword.groovy:79)
	at com.kms.katalon.core.webui.keyword.builtin.VerifyTextPresentKeyword$_verifyTextPresent_closure1.call(VerifyTextPresentKeyword.groovy)
	at com.kms.katalon.core.webui.keyword.internal.WebUIKeywordMain.runKeyword(WebUIKeywordMain.groovy:20)
	at com.kms.katalon.core.webui.keyword.builtin.VerifyTextPresentKeyword.verifyTextPresent(VerifyTextPresentKeyword.groovy:83)
	at com.kms.katalon.core.webui.keyword.builtin.VerifyTextPresentKeyword.execute(VerifyTextPresentKeyword.groovy:68)
	at com.kms.katalon.core.keyword.internal.KeywordExecutor.executeKeywordForPlatform(KeywordExecutor.groovy:72)
	at com.kms.katalon.core.webui.keyword.WebUiBuiltInKeywords.verifyTextPresent(WebUiBuiltInKeywords.groovy:1719)
	at com.kms.katalon.core.webui.keyword.WebUiBuiltInKeywords$verifyTextPresent$2.call(Unknown Source)
	at WebOffice_StartUp.run(WebOffice_StartUp:167)
	at com.kms.katalon.core.main.ScriptEngine.run(ScriptEngine.java:194)
	at com.kms.katalon.core.main.ScriptEngine.runScriptAsRawText(ScriptEngine.java:119)
	at com.kms.katalon.core.main.TestCaseExecutor.runScript(TestCaseExecutor.java:337)
	at com.kms.katalon.core.main.TestCaseExecutor.doExecute(TestCaseExecutor.java:328)
	at com.kms.katalon.core.main.TestCaseExecutor.processExecutionPhase(TestCaseExecutor.java:307)
	at com.kms.katalon.core.main.TestCaseExecutor.accessMainPhase(TestCaseExecutor.java:299)
	at com.kms.katalon.core.main.TestCaseExecutor.execute(TestCaseExecutor.java:233)
	at com.kms.katalon.core.main.TestCaseMain.runTestCase(TestCaseMain.java:114)
	at com.kms.katalon.core.keyword.builtin.CallTestCaseKeyword$_callTestCase_closure1.doCall(CallTestCaseKeyword.groovy:59)
	... 20 more
Caused by: com.kms.katalon.core.exception.StepFailedException: Text 'Welcome DavidHo' is not present on page 
	... 39 more
)

2020-04-21 14:57:58 - [TEST_CASE][FAILED] - Test Cases/Reusable_Test_Sequences/Web_Office/Directives/WebOffice_StartUp: Test Cases/Reusable_Test_Sequences/Web_Office/Directives/WebOffice_StartUp FAILED.
Reason:
com.kms.katalon.core.exception.StepFailedException: Text 'Welcome DavidHo' is not present on page  (Root cause: com.kms.katalon.core.exception.StepFailedException: Text 'Welcome DavidHo' is not present on page 
	at com.kms.katalon.core.webui.keyword.internal.WebUIKeywordMain.stepFailed(WebUIKeywordMain.groovy:64)
	at com.kms.katalon.core.webui.keyword.builtin.VerifyTextPresentKeyword$_verifyTextPresent_closure1.doCall(VerifyTextPresentKeyword.groovy:79)
	at com.kms.katalon.core.webui.keyword.builtin.VerifyTextPresentKeyword$_verifyTextPresent_closure1.call(VerifyTextPresentKeyword.groovy)
	at com.kms.katalon.core.webui.keyword.internal.WebUIKeywordMain.runKeyword(WebUIKeywordMain.groovy:20)
	at com.kms.katalon.core.webui.keyword.builtin.VerifyTextPresentKeyword.verifyTextPresent(VerifyTextPresentKeyword.groovy:83)
	at com.kms.katalon.core.webui.keyword.builtin.VerifyTextPresentKeyword.execute(VerifyTextPresentKeyword.groovy:68)
	at com.kms.katalon.core.keyword.internal.KeywordExecutor.executeKeywordForPlatform(KeywordExecutor.groovy:72)
	at com.kms.katalon.core.webui.keyword.WebUiBuiltInKeywords.verifyTextPresent(WebUiBuiltInKeywords.groovy:1719)
	at com.kms.katalon.core.webui.keyword.WebUiBuiltInKeywords$verifyTextPresent$2.call(Unknown Source)
	at WebOffice_StartUp.run(WebOffice_StartUp:167)
	at com.kms.katalon.core.main.ScriptEngine.run(ScriptEngine.java:194)
	at com.kms.katalon.core.main.ScriptEngine.runScriptAsRawText(ScriptEngine.java:119)
	at com.kms.katalon.core.main.TestCaseExecutor.runScript(TestCaseExecutor.java:337)
	at com.kms.katalon.core.main.TestCaseExecutor.doExecute(TestCaseExecutor.java:328)
	at com.kms.katalon.core.main.TestCaseExecutor.processExecutionPhase(TestCaseExecutor.java:307)
	at com.kms.katalon.core.main.TestCaseExecutor.accessMainPhase(TestCaseExecutor.java:299)
	at com.kms.katalon.core.main.TestCaseExecutor.execute(TestCaseExecutor.java:233)
	at com.kms.katalon.core.main.TestCaseMain.runTestCase(TestCaseMain.java:114)
	at com.kms.katalon.core.keyword.builtin.CallTestCaseKeyword$_callTestCase_closure1.doCall(CallTestCaseKeyword.groovy:59)
	at com.kms.katalon.core.keyword.builtin.CallTestCaseKeyword$_callTestCase_closure1.call(CallTestCaseKeyword.groovy)
	at com.kms.katalon.core.keyword.internal.KeywordMain.runKeyword(KeywordMain.groovy:68)
	at com.kms.katalon.core.keyword.builtin.CallTestCaseKeyword.callTestCase(CallTestCaseKeyword.groovy:81)
	at com.kms.katalon.core.keyword.builtin.CallTestCaseKeyword.execute(CallTestCaseKeyword.groovy:44)
	at com.kms.katalon.core.keyword.internal.KeywordExecutor.executeKeywordForPlatform(KeywordExecutor.groovy:72)
	at com.kms.katalon.core.keyword.BuiltinKeywords.callTestCase(BuiltinKeywords.groovy:334)
	at Downloads.run(Downloads:53)
	at com.kms.katalon.core.main.ScriptEngine.run(ScriptEngine.java:194)
	at com.kms.katalon.core.main.ScriptEngine.runScriptAsRawText(ScriptEngine.java:119)
	at com.kms.katalon.core.main.TestCaseExecutor.runScript(TestCaseExecutor.java:337)
	at com.kms.katalon.core.main.TestCaseExecutor.doExecute(TestCaseExecutor.java:328)
	at com.kms.katalon.core.main.TestCaseExecutor.processExecutionPhase(TestCaseExecutor.java:307)
	at com.kms.katalon.core.main.TestCaseExecutor.accessMainPhase(TestCaseExecutor.java:299)
	at com.kms.katalon.core.main.TestCaseExecutor.execute(TestCaseExecutor.java:233)
	at com.kms.katalon.core.main.TestSuiteExecutor.accessTestCaseMainPhase(TestSuiteExecutor.java:169)
	at com.kms.katalon.core.main.TestSuiteExecutor.accessTestSuiteMainPhase(TestSuiteExecutor.java:142)
	at com.kms.katalon.core.main.TestSuiteExecutor.execute(TestSuiteExecutor.java:91)
	at com.kms.katalon.core.main.TestCaseMain.startTestSuite(TestCaseMain.java:157)
	at com.kms.katalon.core.main.TestCaseMain$startTestSuite$0.call(Unknown Source)
	at TempTestSuite1587475880687.run(TempTestSuite1587475880687.groovy:36)
)
	at com.kms.katalon.core.keyword.internal.KeywordMain.stepFailed(KeywordMain.groovy:39)
	at com.kms.katalon.core.webui.keyword.internal.WebUIKeywordMain.stepFailed(WebUIKeywordMain.groovy:64)
	at com.kms.katalon.core.webui.keyword.builtin.VerifyTextPresentKeyword$_verifyTextPresent_closure1.doCall(VerifyTextPresentKeyword.groovy:79)
	at com.kms.katalon.core.webui.keyword.builtin.VerifyTextPresentKeyword$_verifyTextPresent_closure1.call(VerifyTextPresentKeyword.groovy)
	at com.kms.katalon.core.webui.keyword.internal.WebUIKeywordMain.runKeyword(WebUIKeywordMain.groovy:20)
	at com.kms.katalon.core.webui.keyword.builtin.VerifyTextPresentKeyword.verifyTextPresent(VerifyTextPresentKeyword.groovy:83)
	at com.kms.katalon.core.webui.keyword.builtin.VerifyTextPresentKeyword.execute(VerifyTextPresentKeyword.groovy:68)
	at com.kms.katalon.core.keyword.internal.KeywordExecutor.executeKeywordForPlatform(KeywordExecutor.groovy:72)
	at com.kms.katalon.core.webui.keyword.WebUiBuiltInKeywords.verifyTextPresent(WebUiBuiltInKeywords.groovy:1719)
	at com.kms.katalon.core.webui.keyword.WebUiBuiltInKeywords$verifyTextPresent$2.call(Unknown Source)
	at WebOffice_StartUp.run(WebOffice_StartUp:167)
	at com.kms.katalon.core.main.ScriptEngine.run(ScriptEngine.java:194)
	at com.kms.katalon.core.main.ScriptEngine.runScriptAsRawText(ScriptEngine.java:119)
	at com.kms.katalon.core.main.TestCaseExecutor.runScript(TestCaseExecutor.java:337)
	at com.kms.katalon.core.main.TestCaseExecutor.doExecute(TestCaseExecutor.java:328)
	at com.kms.katalon.core.main.TestCaseExecutor.processExecutionPhase(TestCaseExecutor.java:307)
	at com.kms.katalon.core.main.TestCaseExecutor.accessMainPhase(TestCaseExecutor.java:299)
	at com.kms.katalon.core.main.TestCaseExecutor.execute(TestCaseExecutor.java:233)
	at com.kms.katalon.core.main.TestCaseMain.runTestCase(TestCaseMain.java:114)
	at com.kms.katalon.core.keyword.builtin.CallTestCaseKeyword$_callTestCase_closure1.doCall(CallTestCaseKeyword.groovy:59)
	at com.kms.katalon.core.keyword.builtin.CallTestCaseKeyword$_callTestCase_closure1.call(CallTestCaseKeyword.groovy)
	at com.kms.katalon.core.keyword.internal.KeywordMain.runKeyword(KeywordMain.groovy:68)
	at com.kms.katalon.core.keyword.builtin.CallTestCaseKeyword.callTestCase(CallTestCaseKeyword.groovy:81)
	at com.kms.katalon.core.keyword.builtin.CallTestCaseKeyword.execute(CallTestCaseKeyword.groovy:44)
	at com.kms.katalon.core.keyword.internal.KeywordExecutor.executeKeywordForPlatform(KeywordExecutor.groovy:72)
	at com.kms.katalon.core.keyword.BuiltinKeywords.callTestCase(BuiltinKeywords.groovy:334)
	at Downloads.run(Downloads:53)
	at com.kms.katalon.core.main.ScriptEngine.run(ScriptEngine.java:194)
	at com.kms.katalon.core.main.ScriptEngine.runScriptAsRawText(ScriptEngine.java:119)
	at com.kms.katalon.core.main.TestCaseExecutor.runScript(TestCaseExecutor.java:337)
	at com.kms.katalon.core.main.TestCaseExecutor.doExecute(TestCaseExecutor.java:328)
	at com.kms.katalon.core.main.TestCaseExecutor.processExecutionPhase(TestCaseExecutor.java:307)
	at com.kms.katalon.core.main.TestCaseExecutor.accessMainPhase(TestCaseExecutor.java:299)
	at com.kms.katalon.core.main.TestCaseExecutor.execute(TestCaseExecutor.java:233)
	at com.kms.katalon.core.main.TestSuiteExecutor.accessTestCaseMainPhase(TestSuiteExecutor.java:169)
	at com.kms.katalon.core.main.TestSuiteExecutor.accessTestSuiteMainPhase(TestSuiteExecutor.java:142)
	at com.kms.katalon.core.main.TestSuiteExecutor.execute(TestSuiteExecutor.java:91)
	at com.kms.katalon.core.main.TestCaseMain.startTestSuite(TestCaseMain.java:157)
	at com.kms.katalon.core.main.TestCaseMain$startTestSuite$0.call(Unknown Source)
	at TempTestSuite1587475880687.run(TempTestSuite1587475880687.groovy:36)
Caused by: com.kms.katalon.core.exception.StepFailedException: Text 'Welcome DavidHo' is not present on page 
	... 39 more


2020-04-21 14:57:58 - [TEST_STEP][PASSED] - "-----------------------------------------------------------------------------": null

2020-04-21 14:57:58 - [TEST_STEP][PASSED] - if (URL == "https://www.dev.checkatrade.com/"): null

2020-04-21 14:57:58 - [TEST_STEP][PASSED] - "-----------------------------------------------------------------------------": null

2020-04-21 14:57:58 - [TEST_STEP][PASSED] - if (URL == "https://www.checkatrade.com/"): null

2020-04-21 14:57:58 - [TEST_STEP][PASSED] - "-----------------------------------------------------------------------------": null

2020-04-21 14:57:58 - [TEST_STEP][PASSED] - if (URL == "https://www.preview.checkatrade.com/"): null

2020-04-21 14:57:58 - [TEST_STEP][PASSED] - WebOfficeURL = "https://admin.preview.checkatrade.com/": null

2020-04-21 14:57:58 - [TEST_STEP][PASSED] - if (URL == "https://www.dev2.checkatrade.com/"): null

2020-04-21 14:57:58 - [TEST_STEP][PASSED] - "Set Function Area for "URL_Handler", URL Resolution": null

2020-04-21 14:57:58 - [TEST_STEP][PASSED] - "Do Some Magic with URL(s) See the comments within URL Handler ": null

2020-04-21 14:57:58 - [TEST_STEP][PASSED] - "------------------------------------------------": null

2020-04-21 14:57:58 - [TEST_STEP][PASSED] - "Moved Login Credentials to <Default> profile 22/01/2020": null

2020-04-21 14:57:58 - [TEST_STEP][PASSED] - "------------------------------------------------": null

2020-04-21 14:57:58 - [TEST_STEP][PASSED] - "WebOfficeURL - Set from the ENVIRONMENT PROFILE ": null

2020-04-21 14:57:58 - [TEST_STEP][PASSED] - "OPEN BROWSER": null

2020-04-21 14:57:58 - [TEST_STEP][PASSED] - "eg - https://admin.preview.checkatrade.com/  ": null

2020-04-21 14:57:58 - [TEST_STEP][PASSED] - openBrowser(WebOfficeURL): Browser is opened with url: 'https://admin.preview.checkatrade.com/'

2020-04-21 14:57:58 - [MESSAGE][INFO] - Starting 'Chrome' driver

2020-04-21 14:57:58 - [MESSAGE][INFO] - Action delay is set to 0 milliseconds

2020-04-21 14:58:02 - [MESSAGE][PASSED] - Browser is opened with url: 'https://admin.preview.checkatrade.com/'

2020-04-21 14:58:02 - [TEST_STEP][PASSED] - maximizeWindow(): Current window maximized

2020-04-21 14:58:05 - [MESSAGE][PASSED] - Current window maximized

2020-04-21 14:58:05 - [TEST_STEP][PASSED] - waitForElementClickable(findTestObject("Object Repository/WebOffice/Page_Checkatrade - Administration - Login/Login_Button"), 25): Object 'Object Repository/WebOffice/Page_Checkatrade - Administration - Login/Login_Button' is clickable

2020-04-21 14:58:05 - [MESSAGE][PASSED] - Object 'Object Repository/WebOffice/Page_Checkatrade - Administration - Login/Login_Button' is clickable

2020-04-21 14:58:05 - [TEST_STEP][PASSED] - verifyTextPresent("Checkatrade Web Office", false): Text 'Checkatrade Web Office' is present on page 

2020-04-21 14:58:05 - [MESSAGE][PASSED] - Text 'Checkatrade Web Office' is present on page 

2020-04-21 14:58:05 - [TEST_STEP][PASSED] - verifyTextPresent("Access for staff use only", false): Text 'Access for staff use only' is present on page 

2020-04-21 14:58:05 - [MESSAGE][PASSED] - Text 'Access for staff use only' is present on page 

2020-04-21 14:58:05 - [TEST_STEP][PASSED] - verifyTextPresent("Forgotten password?", false): Text 'Forgotten password?' is present on page 

2020-04-21 14:58:05 - [MESSAGE][PASSED] - Text 'Forgotten password?' is present on page 

2020-04-21 14:58:05 - [TEST_STEP][PASSED] - setText(findTestObject("Object Repository/WebOffice/Page_Checkatrade - Administration - Login/input_Username_LoginControlUserName"), wo_Username): Text 'DavidHo' is set on object 'Object Repository/WebOffice/Page_Checkatrade - Administration - Login/input_Username_LoginControlUserName'

2020-04-21 14:58:06 - [MESSAGE][PASSED] - Text 'DavidHo' is set on object 'Object Repository/WebOffice/Page_Checkatrade - Administration - Login/input_Username_LoginControlUserName'

2020-04-21 14:58:06 - [TEST_STEP][PASSED] - setText(findTestObject("Object Repository/WebOffice/Page_Checkatrade - Administration - Login/input_Password_LoginControlPassword"), wo_Password): Text 'Check123' is set on object 'Object Repository/WebOffice/Page_Checkatrade - Administration - Login/input_Password_LoginControlPassword'

2020-04-21 14:58:06 - [MESSAGE][PASSED] - Text 'Check123' is set on object 'Object Repository/WebOffice/Page_Checkatrade - Administration - Login/input_Password_LoginControlPassword'

2020-04-21 14:58:06 - [TEST_STEP][PASSED] - click(findTestObject("Object Repository/WebOffice/Page_Checkatrade - Administration - Login/Login_Button")): Object: 'Object Repository/WebOffice/Page_Checkatrade - Administration - Login/Login_Button' is clicked on

2020-04-21 14:58:06 - [MESSAGE][PASSED] - Object: 'Object Repository/WebOffice/Page_Checkatrade - Administration - Login/Login_Button' is clicked on

2020-04-21 14:58:06 - [TEST_STEP][PASSED] - waitForPageLoad(60): Wait for page load successfully

2020-04-21 14:58:07 - [MESSAGE][PASSED] - Wait for page load successfully

2020-04-21 14:58:07 - [TEST_STEP][FAILED] - verifyTextPresent("Welcome " + wo_Username, false): Text 'Welcome DavidHo' is not present on page  (Root cause: com.kms.katalon.core.exception.StepFailedException: Text 'Welcome DavidHo' is not present on page 
	at com.kms.katalon.core.webui.keyword.internal.WebUIKeywordMain.stepFailed(WebUIKeywordMain.groovy:64)
	at com.kms.katalon.core.webui.keyword.builtin.VerifyTextPresentKeyword$_verifyTextPresent_closure1.doCall(VerifyTextPresentKeyword.groovy:79)
	at com.kms.katalon.core.webui.keyword.builtin.VerifyTextPresentKeyword$_verifyTextPresent_closure1.call(VerifyTextPresentKeyword.groovy)
	at com.kms.katalon.core.webui.keyword.internal.WebUIKeywordMain.runKeyword(WebUIKeywordMain.groovy:20)
	at com.kms.katalon.core.webui.keyword.builtin.VerifyTextPresentKeyword.verifyTextPresent(VerifyTextPresentKeyword.groovy:83)
	at com.kms.katalon.core.webui.keyword.builtin.VerifyTextPresentKeyword.execute(VerifyTextPresentKeyword.groovy:68)
	at com.kms.katalon.core.keyword.internal.KeywordExecutor.executeKeywordForPlatform(KeywordExecutor.groovy:72)
	at com.kms.katalon.core.webui.keyword.WebUiBuiltInKeywords.verifyTextPresent(WebUiBuiltInKeywords.groovy:1719)
	at com.kms.katalon.core.webui.keyword.WebUiBuiltInKeywords$verifyTextPresent$2.call(Unknown Source)
	at WebOffice_StartUp.run(WebOffice_StartUp:167)
	at com.kms.katalon.core.main.ScriptEngine.run(ScriptEngine.java:194)
	at com.kms.katalon.core.main.ScriptEngine.runScriptAsRawText(ScriptEngine.java:119)
	at com.kms.katalon.core.main.TestCaseExecutor.runScript(TestCaseExecutor.java:337)
	at com.kms.katalon.core.main.TestCaseExecutor.doExecute(TestCaseExecutor.java:328)
	at com.kms.katalon.core.main.TestCaseExecutor.processExecutionPhase(TestCaseExecutor.java:307)
	at com.kms.katalon.core.main.TestCaseExecutor.accessMainPhase(TestCaseExecutor.java:299)
	at com.kms.katalon.core.main.TestCaseExecutor.execute(TestCaseExecutor.java:233)
	at com.kms.katalon.core.main.TestCaseMain.runTestCase(TestCaseMain.java:114)
	at com.kms.katalon.core.keyword.builtin.CallTestCaseKeyword$_callTestCase_closure1.doCall(CallTestCaseKeyword.groovy:59)
	at com.kms.katalon.core.keyword.builtin.CallTestCaseKeyword$_callTestCase_closure1.call(CallTestCaseKeyword.groovy)
	at com.kms.katalon.core.keyword.internal.KeywordMain.runKeyword(KeywordMain.groovy:68)
	at com.kms.katalon.core.keyword.builtin.CallTestCaseKeyword.callTestCase(CallTestCaseKeyword.groovy:81)
	at com.kms.katalon.core.keyword.builtin.CallTestCaseKeyword.execute(CallTestCaseKeyword.groovy:44)
	at com.kms.katalon.core.keyword.internal.KeywordExecutor.executeKeywordForPlatform(KeywordExecutor.groovy:72)
	at com.kms.katalon.core.keyword.BuiltinKeywords.callTestCase(BuiltinKeywords.groovy:334)
	at Downloads.run(Downloads:53)
	at com.kms.katalon.core.main.ScriptEngine.run(ScriptEngine.java:194)
	at com.kms.katalon.core.main.ScriptEngine.runScriptAsRawText(ScriptEngine.java:119)
	at com.kms.katalon.core.main.TestCaseExecutor.runScript(TestCaseExecutor.java:337)
	at com.kms.katalon.core.main.TestCaseExecutor.doExecute(TestCaseExecutor.java:328)
	at com.kms.katalon.core.main.TestCaseExecutor.processExecutionPhase(TestCaseExecutor.java:307)
	at com.kms.katalon.core.main.TestCaseExecutor.accessMainPhase(TestCaseExecutor.java:299)
	at com.kms.katalon.core.main.TestCaseExecutor.execute(TestCaseExecutor.java:233)
	at com.kms.katalon.core.main.TestSuiteExecutor.accessTestCaseMainPhase(TestSuiteExecutor.java:169)
	at com.kms.katalon.core.main.TestSuiteExecutor.accessTestSuiteMainPhase(TestSuiteExecutor.java:142)
	at com.kms.katalon.core.main.TestSuiteExecutor.execute(TestSuiteExecutor.java:91)
	at com.kms.katalon.core.main.TestCaseMain.startTestSuite(TestCaseMain.java:157)
	at com.kms.katalon.core.main.TestCaseMain$startTestSuite$0.call(Unknown Source)
	at TempTestSuite1587475880687.run(TempTestSuite1587475880687.groovy:36)
)

2020-04-21 14:58:07 - [MESSAGE][FAILED] - Text 'Welcome DavidHo' is not present on page  (Root cause: com.kms.katalon.core.exception.StepFailedException: Text 'Welcome DavidHo' is not present on page 
	at com.kms.katalon.core.webui.keyword.internal.WebUIKeywordMain.stepFailed(WebUIKeywordMain.groovy:64)
	at com.kms.katalon.core.webui.keyword.builtin.VerifyTextPresentKeyword$_verifyTextPresent_closure1.doCall(VerifyTextPresentKeyword.groovy:79)
	at com.kms.katalon.core.webui.keyword.builtin.VerifyTextPresentKeyword$_verifyTextPresent_closure1.call(VerifyTextPresentKeyword.groovy)
	at com.kms.katalon.core.webui.keyword.internal.WebUIKeywordMain.runKeyword(WebUIKeywordMain.groovy:20)
	at com.kms.katalon.core.webui.keyword.builtin.VerifyTextPresentKeyword.verifyTextPresent(VerifyTextPresentKeyword.groovy:83)
	at com.kms.katalon.core.webui.keyword.builtin.VerifyTextPresentKeyword.execute(VerifyTextPresentKeyword.groovy:68)
	at com.kms.katalon.core.keyword.internal.KeywordExecutor.executeKeywordForPlatform(KeywordExecutor.groovy:72)
	at com.kms.katalon.core.webui.keyword.WebUiBuiltInKeywords.verifyTextPresent(WebUiBuiltInKeywords.groovy:1719)
	at com.kms.katalon.core.webui.keyword.WebUiBuiltInKeywords$verifyTextPresent$2.call(Unknown Source)
	at WebOffice_StartUp.run(WebOffice_StartUp:167)
	at com.kms.katalon.core.main.ScriptEngine.run(ScriptEngine.java:194)
	at com.kms.katalon.core.main.ScriptEngine.runScriptAsRawText(ScriptEngine.java:119)
	at com.kms.katalon.core.main.TestCaseExecutor.runScript(TestCaseExecutor.java:337)
	at com.kms.katalon.core.main.TestCaseExecutor.doExecute(TestCaseExecutor.java:328)
	at com.kms.katalon.core.main.TestCaseExecutor.processExecutionPhase(TestCaseExecutor.java:307)
	at com.kms.katalon.core.main.TestCaseExecutor.accessMainPhase(TestCaseExecutor.java:299)
	at com.kms.katalon.core.main.TestCaseExecutor.execute(TestCaseExecutor.java:233)
	at com.kms.katalon.core.main.TestCaseMain.runTestCase(TestCaseMain.java:114)
	at com.kms.katalon.core.keyword.builtin.CallTestCaseKeyword$_callTestCase_closure1.doCall(CallTestCaseKeyword.groovy:59)
	at com.kms.katalon.core.keyword.builtin.CallTestCaseKeyword$_callTestCase_closure1.call(CallTestCaseKeyword.groovy)
	at com.kms.katalon.core.keyword.internal.KeywordMain.runKeyword(KeywordMain.groovy:68)
	at com.kms.katalon.core.keyword.builtin.CallTestCaseKeyword.callTestCase(CallTestCaseKeyword.groovy:81)
	at com.kms.katalon.core.keyword.builtin.CallTestCaseKeyword.execute(CallTestCaseKeyword.groovy:44)
	at com.kms.katalon.core.keyword.internal.KeywordExecutor.executeKeywordForPlatform(KeywordExecutor.groovy:72)
	at com.kms.katalon.core.keyword.BuiltinKeywords.callTestCase(BuiltinKeywords.groovy:334)
	at Downloads.run(Downloads:53)
	at com.kms.katalon.core.main.ScriptEngine.run(ScriptEngine.java:194)
	at com.kms.katalon.core.main.ScriptEngine.runScriptAsRawText(ScriptEngine.java:119)
	at com.kms.katalon.core.main.TestCaseExecutor.runScript(TestCaseExecutor.java:337)
	at com.kms.katalon.core.main.TestCaseExecutor.doExecute(TestCaseExecutor.java:328)
	at com.kms.katalon.core.main.TestCaseExecutor.processExecutionPhase(TestCaseExecutor.java:307)
	at com.kms.katalon.core.main.TestCaseExecutor.accessMainPhase(TestCaseExecutor.java:299)
	at com.kms.katalon.core.main.TestCaseExecutor.execute(TestCaseExecutor.java:233)
	at com.kms.katalon.core.main.TestSuiteExecutor.accessTestCaseMainPhase(TestSuiteExecutor.java:169)
	at com.kms.katalon.core.main.TestSuiteExecutor.accessTestSuiteMainPhase(TestSuiteExecutor.java:142)
	at com.kms.katalon.core.main.TestSuiteExecutor.execute(TestSuiteExecutor.java:91)
	at com.kms.katalon.core.main.TestCaseMain.startTestSuite(TestCaseMain.java:157)
	at com.kms.katalon.core.main.TestCaseMain$startTestSuite$0.call(Unknown Source)
	at TempTestSuite1587475880687.run(TempTestSuite1587475880687.groovy:36)
)

2020-04-21 14:58:07 - [MESSAGE][FAILED] - Unable to call Test Case 'Test Cases/Reusable_Test_Sequences/Web_Office/Directives/WebOffice_StartUp' (Root cause: com.kms.katalon.core.exception.StepFailedException: Call Test Case 'Test Cases/Reusable_Test_Sequences/Web_Office/Directives/WebOffice_StartUp' failed
	at com.kms.katalon.core.keyword.builtin.CallTestCaseKeyword$_callTestCase_closure1.doCall(CallTestCaseKeyword.groovy:63)
	at com.kms.katalon.core.keyword.builtin.CallTestCaseKeyword$_callTestCase_closure1.call(CallTestCaseKeyword.groovy)
	at com.kms.katalon.core.keyword.internal.KeywordMain.runKeyword(KeywordMain.groovy:68)
	at com.kms.katalon.core.keyword.builtin.CallTestCaseKeyword.callTestCase(CallTestCaseKeyword.groovy:81)
	at com.kms.katalon.core.keyword.builtin.CallTestCaseKeyword.execute(CallTestCaseKeyword.groovy:44)
	at com.kms.katalon.core.keyword.internal.KeywordExecutor.executeKeywordForPlatform(KeywordExecutor.groovy:72)
	at com.kms.katalon.core.keyword.BuiltinKeywords.callTestCase(BuiltinKeywords.groovy:334)
	at Downloads.run(Downloads:53)
	at com.kms.katalon.core.main.ScriptEngine.run(ScriptEngine.java:194)
	at com.kms.katalon.core.main.ScriptEngine.runScriptAsRawText(ScriptEngine.java:119)
	at com.kms.katalon.core.main.TestCaseExecutor.runScript(TestCaseExecutor.java:337)
	at com.kms.katalon.core.main.TestCaseExecutor.doExecute(TestCaseExecutor.java:328)
	at com.kms.katalon.core.main.TestCaseExecutor.processExecutionPhase(TestCaseExecutor.java:307)
	at com.kms.katalon.core.main.TestCaseExecutor.accessMainPhase(TestCaseExecutor.java:299)
	at com.kms.katalon.core.main.TestCaseExecutor.execute(TestCaseExecutor.java:233)
	at com.kms.katalon.core.main.TestSuiteExecutor.accessTestCaseMainPhase(TestSuiteExecutor.java:169)
	at com.kms.katalon.core.main.TestSuiteExecutor.accessTestSuiteMainPhase(TestSuiteExecutor.java:142)
	at com.kms.katalon.core.main.TestSuiteExecutor.execute(TestSuiteExecutor.java:91)
	at com.kms.katalon.core.main.TestCaseMain.startTestSuite(TestCaseMain.java:157)
	at com.kms.katalon.core.main.TestCaseMain$startTestSuite$0.call(Unknown Source)
	at TempTestSuite1587475880687.run(TempTestSuite1587475880687.groovy:36)
Caused by: com.kms.katalon.core.exception.StepFailedException: Text 'Welcome DavidHo' is not present on page  (Root cause: com.kms.katalon.core.exception.StepFailedException: Text 'Welcome DavidHo' is not present on page 
	at com.kms.katalon.core.webui.keyword.internal.WebUIKeywordMain.stepFailed(WebUIKeywordMain.groovy:64)
	at com.kms.katalon.core.webui.keyword.builtin.VerifyTextPresentKeyword$_verifyTextPresent_closure1.doCall(VerifyTextPresentKeyword.groovy:79)
	at com.kms.katalon.core.webui.keyword.builtin.VerifyTextPresentKeyword$_verifyTextPresent_closure1.call(VerifyTextPresentKeyword.groovy)
	at com.kms.katalon.core.webui.keyword.internal.WebUIKeywordMain.runKeyword(WebUIKeywordMain.groovy:20)
	at com.kms.katalon.core.webui.keyword.builtin.VerifyTextPresentKeyword.verifyTextPresent(VerifyTextPresentKeyword.groovy:83)
	at com.kms.katalon.core.webui.keyword.builtin.VerifyTextPresentKeyword.execute(VerifyTextPresentKeyword.groovy:68)
	at com.kms.katalon.core.keyword.internal.KeywordExecutor.executeKeywordForPlatform(KeywordExecutor.groovy:72)
	at com.kms.katalon.core.webui.keyword.WebUiBuiltInKeywords.verifyTextPresent(WebUiBuiltInKeywords.groovy:1719)
	at com.kms.katalon.core.webui.keyword.WebUiBuiltInKeywords$verifyTextPresent$2.call(Unknown Source)
	at WebOffice_StartUp.run(WebOffice_StartUp:167)
	at com.kms.katalon.core.main.ScriptEngine.run(ScriptEngine.java:194)
	at com.kms.katalon.core.main.ScriptEngine.runScriptAsRawText(ScriptEngine.java:119)
	at com.kms.katalon.core.main.TestCaseExecutor.runScript(TestCaseExecutor.java:337)
	at com.kms.katalon.core.main.TestCaseExecutor.doExecute(TestCaseExecutor.java:328)
	at com.kms.katalon.core.main.TestCaseExecutor.processExecutionPhase(TestCaseExecutor.java:307)
	at com.kms.katalon.core.main.TestCaseExecutor.accessMainPhase(TestCaseExecutor.java:299)
	at com.kms.katalon.core.main.TestCaseExecutor.execute(TestCaseExecutor.java:233)
	at com.kms.katalon.core.main.TestCaseMain.runTestCase(TestCaseMain.java:114)
	at com.kms.katalon.core.keyword.builtin.CallTestCaseKeyword$_callTestCase_closure1.doCall(CallTestCaseKeyword.groovy:59)
	at com.kms.katalon.core.keyword.builtin.CallTestCaseKeyword$_callTestCase_closure1.call(CallTestCaseKeyword.groovy)
	at com.kms.katalon.core.keyword.internal.KeywordMain.runKeyword(KeywordMain.groovy:68)
	at com.kms.katalon.core.keyword.builtin.CallTestCaseKeyword.callTestCase(CallTestCaseKeyword.groovy:81)
	at com.kms.katalon.core.keyword.builtin.CallTestCaseKeyword.execute(CallTestCaseKeyword.groovy:44)
	at com.kms.katalon.core.keyword.internal.KeywordExecutor.executeKeywordForPlatform(KeywordExecutor.groovy:72)
	at com.kms.katalon.core.keyword.BuiltinKeywords.callTestCase(BuiltinKeywords.groovy:334)
	at Downloads.run(Downloads:53)
	at com.kms.katalon.core.main.ScriptEngine.run(ScriptEngine.java:194)
	at com.kms.katalon.core.main.ScriptEngine.runScriptAsRawText(ScriptEngine.java:119)
	at com.kms.katalon.core.main.TestCaseExecutor.runScript(TestCaseExecutor.java:337)
	at com.kms.katalon.core.main.TestCaseExecutor.doExecute(TestCaseExecutor.java:328)
	at com.kms.katalon.core.main.TestCaseExecutor.processExecutionPhase(TestCaseExecutor.java:307)
	at com.kms.katalon.core.main.TestCaseExecutor.accessMainPhase(TestCaseExecutor.java:299)
	at com.kms.katalon.core.main.TestCaseExecutor.execute(TestCaseExecutor.java:233)
	at com.kms.katalon.core.main.TestSuiteExecutor.accessTestCaseMainPhase(TestSuiteExecutor.java:169)
	at com.kms.katalon.core.main.TestSuiteExecutor.accessTestSuiteMainPhase(TestSuiteExecutor.java:142)
	at com.kms.katalon.core.main.TestSuiteExecutor.execute(TestSuiteExecutor.java:91)
	at com.kms.katalon.core.main.TestCaseMain.startTestSuite(TestCaseMain.java:157)
	at com.kms.katalon.core.main.TestCaseMain$startTestSuite$0.call(Unknown Source)
	at TempTestSuite1587475880687.run(TempTestSuite1587475880687.groovy:36)
)
	at com.kms.katalon.core.keyword.internal.KeywordMain.stepFailed(KeywordMain.groovy:39)
	at com.kms.katalon.core.webui.keyword.internal.WebUIKeywordMain.stepFailed(WebUIKeywordMain.groovy:64)
	at com.kms.katalon.core.webui.keyword.builtin.VerifyTextPresentKeyword$_verifyTextPresent_closure1.doCall(VerifyTextPresentKeyword.groovy:79)
	at com.kms.katalon.core.webui.keyword.builtin.VerifyTextPresentKeyword$_verifyTextPresent_closure1.call(VerifyTextPresentKeyword.groovy)
	at com.kms.katalon.core.webui.keyword.internal.WebUIKeywordMain.runKeyword(WebUIKeywordMain.groovy:20)
	at com.kms.katalon.core.webui.keyword.builtin.VerifyTextPresentKeyword.verifyTextPresent(VerifyTextPresentKeyword.groovy:83)
	at com.kms.katalon.core.webui.keyword.builtin.VerifyTextPresentKeyword.execute(VerifyTextPresentKeyword.groovy:68)
	at com.kms.katalon.core.keyword.internal.KeywordExecutor.executeKeywordForPlatform(KeywordExecutor.groovy:72)
	at com.kms.katalon.core.webui.keyword.WebUiBuiltInKeywords.verifyTextPresent(WebUiBuiltInKeywords.groovy:1719)
	at com.kms.katalon.core.webui.keyword.WebUiBuiltInKeywords$verifyTextPresent$2.call(Unknown Source)
	at WebOffice_StartUp.run(WebOffice_StartUp:167)
	at com.kms.katalon.core.main.ScriptEngine.run(ScriptEngine.java:194)
	at com.kms.katalon.core.main.ScriptEngine.runScriptAsRawText(ScriptEngine.java:119)
	at com.kms.katalon.core.main.TestCaseExecutor.runScript(TestCaseExecutor.java:337)
	at com.kms.katalon.core.main.TestCaseExecutor.doExecute(TestCaseExecutor.java:328)
	at com.kms.katalon.core.main.TestCaseExecutor.processExecutionPhase(TestCaseExecutor.java:307)
	at com.kms.katalon.core.main.TestCaseExecutor.accessMainPhase(TestCaseExecutor.java:299)
	at com.kms.katalon.core.main.TestCaseExecutor.execute(TestCaseExecutor.java:233)
	at com.kms.katalon.core.main.TestCaseMain.runTestCase(TestCaseMain.java:114)
	at com.kms.katalon.core.keyword.builtin.CallTestCaseKeyword$_callTestCase_closure1.doCall(CallTestCaseKeyword.groovy:59)
	... 20 more
Caused by: com.kms.katalon.core.exception.StepFailedException: Text 'Welcome DavidHo' is not present on page 
	... 39 more
)]]></system-out>
         <system-err><![CDATA[2020-04-21 14:57:57 - [TEST_CASE][FAILED] - Test Cases/Web_Office/Settings/Members_Area/Downloads: Test Cases/Web_Office/Settings/Members_Area/Downloads FAILED.
Reason:
com.kms.katalon.core.exception.StepFailedException: Call Test Case 'Test Cases/Reusable_Test_Sequences/Web_Office/Directives/WebOffice_StartUp' failed
	at com.kms.katalon.core.keyword.builtin.CallTestCaseKeyword$_callTestCase_closure1.doCall(CallTestCaseKeyword.groovy:63)
	at com.kms.katalon.core.keyword.builtin.CallTestCaseKeyword$_callTestCase_closure1.call(CallTestCaseKeyword.groovy)
	at com.kms.katalon.core.keyword.internal.KeywordMain.runKeyword(KeywordMain.groovy:68)
	at com.kms.katalon.core.keyword.builtin.CallTestCaseKeyword.callTestCase(CallTestCaseKeyword.groovy:81)
	at com.kms.katalon.core.keyword.builtin.CallTestCaseKeyword.execute(CallTestCaseKeyword.groovy:44)
	at com.kms.katalon.core.keyword.internal.KeywordExecutor.executeKeywordForPlatform(KeywordExecutor.groovy:72)
	at com.kms.katalon.core.keyword.BuiltinKeywords.callTestCase(BuiltinKeywords.groovy:334)
	at Downloads.run(Downloads:53)
	at com.kms.katalon.core.main.ScriptEngine.run(ScriptEngine.java:194)
	at com.kms.katalon.core.main.ScriptEngine.runScriptAsRawText(ScriptEngine.java:119)
	at com.kms.katalon.core.main.TestCaseExecutor.runScript(TestCaseExecutor.java:337)
	at com.kms.katalon.core.main.TestCaseExecutor.doExecute(TestCaseExecutor.java:328)
	at com.kms.katalon.core.main.TestCaseExecutor.processExecutionPhase(TestCaseExecutor.java:307)
	at com.kms.katalon.core.main.TestCaseExecutor.accessMainPhase(TestCaseExecutor.java:299)
	at com.kms.katalon.core.main.TestCaseExecutor.execute(TestCaseExecutor.java:233)
	at com.kms.katalon.core.main.TestSuiteExecutor.accessTestCaseMainPhase(TestSuiteExecutor.java:169)
	at com.kms.katalon.core.main.TestSuiteExecutor.accessTestSuiteMainPhase(TestSuiteExecutor.java:142)
	at com.kms.katalon.core.main.TestSuiteExecutor.execute(TestSuiteExecutor.java:91)
	at com.kms.katalon.core.main.TestCaseMain.startTestSuite(TestCaseMain.java:157)
	at com.kms.katalon.core.main.TestCaseMain$startTestSuite$0.call(Unknown Source)
	at TempTestSuite1587475880687.run(TempTestSuite1587475880687.groovy:36)
Caused by: com.kms.katalon.core.exception.StepFailedException: Text 'Welcome DavidHo' is not present on page  (Root cause: com.kms.katalon.core.exception.StepFailedException: Text 'Welcome DavidHo' is not present on page 
	at com.kms.katalon.core.webui.keyword.internal.WebUIKeywordMain.stepFailed(WebUIKeywordMain.groovy:64)
	at com.kms.katalon.core.webui.keyword.builtin.VerifyTextPresentKeyword$_verifyTextPresent_closure1.doCall(VerifyTextPresentKeyword.groovy:79)
	at com.kms.katalon.core.webui.keyword.builtin.VerifyTextPresentKeyword$_verifyTextPresent_closure1.call(VerifyTextPresentKeyword.groovy)
	at com.kms.katalon.core.webui.keyword.internal.WebUIKeywordMain.runKeyword(WebUIKeywordMain.groovy:20)
	at com.kms.katalon.core.webui.keyword.builtin.VerifyTextPresentKeyword.verifyTextPresent(VerifyTextPresentKeyword.groovy:83)
	at com.kms.katalon.core.webui.keyword.builtin.VerifyTextPresentKeyword.execute(VerifyTextPresentKeyword.groovy:68)
	at com.kms.katalon.core.keyword.internal.KeywordExecutor.executeKeywordForPlatform(KeywordExecutor.groovy:72)
	at com.kms.katalon.core.webui.keyword.WebUiBuiltInKeywords.verifyTextPresent(WebUiBuiltInKeywords.groovy:1719)
	at com.kms.katalon.core.webui.keyword.WebUiBuiltInKeywords$verifyTextPresent$2.call(Unknown Source)
	at WebOffice_StartUp.run(WebOffice_StartUp:167)
	at com.kms.katalon.core.main.ScriptEngine.run(ScriptEngine.java:194)
	at com.kms.katalon.core.main.ScriptEngine.runScriptAsRawText(ScriptEngine.java:119)
	at com.kms.katalon.core.main.TestCaseExecutor.runScript(TestCaseExecutor.java:337)
	at com.kms.katalon.core.main.TestCaseExecutor.doExecute(TestCaseExecutor.java:328)
	at com.kms.katalon.core.main.TestCaseExecutor.processExecutionPhase(TestCaseExecutor.java:307)
	at com.kms.katalon.core.main.TestCaseExecutor.accessMainPhase(TestCaseExecutor.java:299)
	at com.kms.katalon.core.main.TestCaseExecutor.execute(TestCaseExecutor.java:233)
	at com.kms.katalon.core.main.TestCaseMain.runTestCase(TestCaseMain.java:114)
	at com.kms.katalon.core.keyword.builtin.CallTestCaseKeyword$_callTestCase_closure1.doCall(CallTestCaseKeyword.groovy:59)
	at com.kms.katalon.core.keyword.builtin.CallTestCaseKeyword$_callTestCase_closure1.call(CallTestCaseKeyword.groovy)
	at com.kms.katalon.core.keyword.internal.KeywordMain.runKeyword(KeywordMain.groovy:68)
	at com.kms.katalon.core.keyword.builtin.CallTestCaseKeyword.callTestCase(CallTestCaseKeyword.groovy:81)
	at com.kms.katalon.core.keyword.builtin.CallTestCaseKeyword.execute(CallTestCaseKeyword.groovy:44)
	at com.kms.katalon.core.keyword.internal.KeywordExecutor.executeKeywordForPlatform(KeywordExecutor.groovy:72)
	at com.kms.katalon.core.keyword.BuiltinKeywords.callTestCase(BuiltinKeywords.groovy:334)
	at Downloads.run(Downloads:53)
	at com.kms.katalon.core.main.ScriptEngine.run(ScriptEngine.java:194)
	at com.kms.katalon.core.main.ScriptEngine.runScriptAsRawText(ScriptEngine.java:119)
	at com.kms.katalon.core.main.TestCaseExecutor.runScript(TestCaseExecutor.java:337)
	at com.kms.katalon.core.main.TestCaseExecutor.doExecute(TestCaseExecutor.java:328)
	at com.kms.katalon.core.main.TestCaseExecutor.processExecutionPhase(TestCaseExecutor.java:307)
	at com.kms.katalon.core.main.TestCaseExecutor.accessMainPhase(TestCaseExecutor.java:299)
	at com.kms.katalon.core.main.TestCaseExecutor.execute(TestCaseExecutor.java:233)
	at com.kms.katalon.core.main.TestSuiteExecutor.accessTestCaseMainPhase(TestSuiteExecutor.java:169)
	at com.kms.katalon.core.main.TestSuiteExecutor.accessTestSuiteMainPhase(TestSuiteExecutor.java:142)
	at com.kms.katalon.core.main.TestSuiteExecutor.execute(TestSuiteExecutor.java:91)
	at com.kms.katalon.core.main.TestCaseMain.startTestSuite(TestCaseMain.java:157)
	at com.kms.katalon.core.main.TestCaseMain$startTestSuite$0.call(Unknown Source)
	at TempTestSuite1587475880687.run(TempTestSuite1587475880687.groovy:36)
)
	at com.kms.katalon.core.keyword.internal.KeywordMain.stepFailed(KeywordMain.groovy:39)
	at com.kms.katalon.core.webui.keyword.internal.WebUIKeywordMain.stepFailed(WebUIKeywordMain.groovy:64)
	at com.kms.katalon.core.webui.keyword.builtin.VerifyTextPresentKeyword$_verifyTextPresent_closure1.doCall(VerifyTextPresentKeyword.groovy:79)
	at com.kms.katalon.core.webui.keyword.builtin.VerifyTextPresentKeyword$_verifyTextPresent_closure1.call(VerifyTextPresentKeyword.groovy)
	at com.kms.katalon.core.webui.keyword.internal.WebUIKeywordMain.runKeyword(WebUIKeywordMain.groovy:20)
	at com.kms.katalon.core.webui.keyword.builtin.VerifyTextPresentKeyword.verifyTextPresent(VerifyTextPresentKeyword.groovy:83)
	at com.kms.katalon.core.webui.keyword.builtin.VerifyTextPresentKeyword.execute(VerifyTextPresentKeyword.groovy:68)
	at com.kms.katalon.core.keyword.internal.KeywordExecutor.executeKeywordForPlatform(KeywordExecutor.groovy:72)
	at com.kms.katalon.core.webui.keyword.WebUiBuiltInKeywords.verifyTextPresent(WebUiBuiltInKeywords.groovy:1719)
	at com.kms.katalon.core.webui.keyword.WebUiBuiltInKeywords$verifyTextPresent$2.call(Unknown Source)
	at WebOffice_StartUp.run(WebOffice_StartUp:167)
	at com.kms.katalon.core.main.ScriptEngine.run(ScriptEngine.java:194)
	at com.kms.katalon.core.main.ScriptEngine.runScriptAsRawText(ScriptEngine.java:119)
	at com.kms.katalon.core.main.TestCaseExecutor.runScript(TestCaseExecutor.java:337)
	at com.kms.katalon.core.main.TestCaseExecutor.doExecute(TestCaseExecutor.java:328)
	at com.kms.katalon.core.main.TestCaseExecutor.processExecutionPhase(TestCaseExecutor.java:307)
	at com.kms.katalon.core.main.TestCaseExecutor.accessMainPhase(TestCaseExecutor.java:299)
	at com.kms.katalon.core.main.TestCaseExecutor.execute(TestCaseExecutor.java:233)
	at com.kms.katalon.core.main.TestCaseMain.runTestCase(TestCaseMain.java:114)
	at com.kms.katalon.core.keyword.builtin.CallTestCaseKeyword$_callTestCase_closure1.doCall(CallTestCaseKeyword.groovy:59)
	... 20 more
Caused by: com.kms.katalon.core.exception.StepFailedException: Text 'Welcome DavidHo' is not present on page 
	... 39 more]]></system-err>
      </testcase>
      <testcase name="Test Cases/Web_Office/Settings/Members_Area/AskKev" time="23.786" classname="Test Cases/Web_Office/Settings/Members_Area/AskKev" status="PASSED">
         <system-out><![CDATA[2020-04-21 14:58:07 - [TEST_CASE][PASSED] - Test Cases/Web_Office/Settings/Members_Area/AskKev: Test Cases/Web_Office/Settings/Members_Area/AskKev

2020-04-21 14:58:07 - [TEST_STEP][PASSED] - "--------------------------------------": null

2020-04-21 14:58:07 - [TEST_STEP][PASSED] - " Web Office StartUp                  |": null

2020-04-21 14:58:07 - [TEST_STEP][PASSED] - callTestCase(findTestCase("Reusable_Test_Sequences/Web_Office/Directives/WebOffice_StartUp"), [:], STOP_ON_FAILURE): Call Test Case 'Test Cases/Reusable_Test_Sequences/Web_Office/Directives/WebOffice_StartUp' successfully

2020-04-21 14:58:07 - [TEST_CASE][PASSED] - Test Cases/Reusable_Test_Sequences/Web_Office/Directives/WebOffice_StartUp: Test Cases/Reusable_Test_Sequences/Web_Office/Directives/WebOffice_StartUp

2020-04-21 14:58:07 - [TEST_STEP][PASSED] - "-----------------------------------------------------------------------------": null

2020-04-21 14:58:07 - [TEST_STEP][PASSED] - if (URL == "https://www.dev.checkatrade.com/"): null

2020-04-21 14:58:07 - [TEST_STEP][PASSED] - "-----------------------------------------------------------------------------": null

2020-04-21 14:58:07 - [TEST_STEP][PASSED] - if (URL == "https://www.checkatrade.com/"): null

2020-04-21 14:58:07 - [TEST_STEP][PASSED] - "-----------------------------------------------------------------------------": null

2020-04-21 14:58:07 - [TEST_STEP][PASSED] - if (URL == "https://www.preview.checkatrade.com/"): null

2020-04-21 14:58:07 - [TEST_STEP][PASSED] - WebOfficeURL = "https://admin.preview.checkatrade.com/": null

2020-04-21 14:58:07 - [TEST_STEP][PASSED] - if (URL == "https://www.dev2.checkatrade.com/"): null

2020-04-21 14:58:07 - [TEST_STEP][PASSED] - "Set Function Area for "URL_Handler", URL Resolution": null

2020-04-21 14:58:07 - [TEST_STEP][PASSED] - "Do Some Magic with URL(s) See the comments within URL Handler ": null

2020-04-21 14:58:07 - [TEST_STEP][PASSED] - "------------------------------------------------": null

2020-04-21 14:58:07 - [TEST_STEP][PASSED] - "Moved Login Credentials to <Default> profile 22/01/2020": null

2020-04-21 14:58:07 - [TEST_STEP][PASSED] - "------------------------------------------------": null

2020-04-21 14:58:07 - [TEST_STEP][PASSED] - "WebOfficeURL - Set from the ENVIRONMENT PROFILE ": null

2020-04-21 14:58:07 - [TEST_STEP][PASSED] - "OPEN BROWSER": null

2020-04-21 14:58:07 - [TEST_STEP][PASSED] - "eg - https://admin.preview.checkatrade.com/  ": null

2020-04-21 14:58:07 - [TEST_STEP][PASSED] - openBrowser(WebOfficeURL): Browser is opened with url: 'https://admin.preview.checkatrade.com/'

2020-04-21 14:58:07 - [MESSAGE][WARNING] - A browser is already opened. Closing browser and opening a new one

2020-04-21 14:58:12 - [MESSAGE][INFO] - Starting 'Chrome' driver

2020-04-21 14:58:12 - [MESSAGE][INFO] - Action delay is set to 0 milliseconds

2020-04-21 14:58:17 - [MESSAGE][PASSED] - Browser is opened with url: 'https://admin.preview.checkatrade.com/'

2020-04-21 14:58:17 - [TEST_STEP][PASSED] - maximizeWindow(): Current window maximized

2020-04-21 14:58:19 - [MESSAGE][PASSED] - Current window maximized

2020-04-21 14:58:19 - [TEST_STEP][PASSED] - waitForElementClickable(findTestObject("Object Repository/WebOffice/Page_Checkatrade - Administration - Login/Login_Button"), 25): Object 'Object Repository/WebOffice/Page_Checkatrade - Administration - Login/Login_Button' is clickable

2020-04-21 14:58:19 - [MESSAGE][PASSED] - Object 'Object Repository/WebOffice/Page_Checkatrade - Administration - Login/Login_Button' is clickable

2020-04-21 14:58:19 - [TEST_STEP][PASSED] - verifyTextPresent("Checkatrade Web Office", false): Text 'Checkatrade Web Office' is present on page 

2020-04-21 14:58:19 - [MESSAGE][PASSED] - Text 'Checkatrade Web Office' is present on page 

2020-04-21 14:58:19 - [TEST_STEP][PASSED] - verifyTextPresent("Access for staff use only", false): Text 'Access for staff use only' is present on page 

2020-04-21 14:58:20 - [MESSAGE][PASSED] - Text 'Access for staff use only' is present on page 

2020-04-21 14:58:20 - [TEST_STEP][PASSED] - verifyTextPresent("Forgotten password?", false): Text 'Forgotten password?' is present on page 

2020-04-21 14:58:20 - [MESSAGE][PASSED] - Text 'Forgotten password?' is present on page 

2020-04-21 14:58:20 - [TEST_STEP][PASSED] - setText(findTestObject("Object Repository/WebOffice/Page_Checkatrade - Administration - Login/input_Username_LoginControlUserName"), wo_Username): Text 'DavidHo' is set on object 'Object Repository/WebOffice/Page_Checkatrade - Administration - Login/input_Username_LoginControlUserName'

2020-04-21 14:58:20 - [MESSAGE][PASSED] - Text 'DavidHo' is set on object 'Object Repository/WebOffice/Page_Checkatrade - Administration - Login/input_Username_LoginControlUserName'

2020-04-21 14:58:20 - [TEST_STEP][PASSED] - setText(findTestObject("Object Repository/WebOffice/Page_Checkatrade - Administration - Login/input_Password_LoginControlPassword"), wo_Password): Text 'Check123' is set on object 'Object Repository/WebOffice/Page_Checkatrade - Administration - Login/input_Password_LoginControlPassword'

2020-04-21 14:58:20 - [MESSAGE][PASSED] - Text 'Check123' is set on object 'Object Repository/WebOffice/Page_Checkatrade - Administration - Login/input_Password_LoginControlPassword'

2020-04-21 14:58:20 - [TEST_STEP][PASSED] - click(findTestObject("Object Repository/WebOffice/Page_Checkatrade - Administration - Login/Login_Button")): Object: 'Object Repository/WebOffice/Page_Checkatrade - Administration - Login/Login_Button' is clicked on

2020-04-21 14:58:21 - [MESSAGE][PASSED] - Object: 'Object Repository/WebOffice/Page_Checkatrade - Administration - Login/Login_Button' is clicked on

2020-04-21 14:58:21 - [TEST_STEP][PASSED] - waitForPageLoad(60): Wait for page load successfully

2020-04-21 14:58:21 - [MESSAGE][PASSED] - Wait for page load successfully

2020-04-21 14:58:21 - [TEST_STEP][PASSED] - verifyTextPresent("Welcome " + wo_Username, false): Text 'Welcome DavidHo' is present on page 

2020-04-21 14:58:22 - [MESSAGE][PASSED] - Text 'Welcome DavidHo' is present on page 

2020-04-21 14:58:22 - [MESSAGE][PASSED] - Call Test Case 'Test Cases/Reusable_Test_Sequences/Web_Office/Directives/WebOffice_StartUp' successfully

2020-04-21 14:58:22 - [TEST_STEP][PASSED] - "-----------------------------------------------------------------": null

2020-04-21 14:58:22 - [TEST_STEP][PASSED] - " Navigate to <Settings->Checkatrade.Com->Sub Item> Menu Item     |": null

2020-04-21 14:58:22 - [TEST_STEP][PASSED] - callTestCase(findTestCase("Reusable_Test_Sequences/Web_Office/Navigation/Sub_Menu_Navigation/Settings/Members_Area/AskKev"), [:], STOP_ON_FAILURE): Call Test Case 'Test Cases/Reusable_Test_Sequences/Web_Office/Navigation/Sub_Menu_Navigation/Settings/Members_Area/AskKev' successfully

2020-04-21 14:58:22 - [TEST_CASE][PASSED] - Test Cases/Reusable_Test_Sequences/Web_Office/Navigation/Sub_Menu_Navigation/Settings/Members_Area/AskKev: Test Cases/Reusable_Test_Sequences/Web_Office/Navigation/Sub_Menu_Navigation/Settings/Members_Area/AskKev

2020-04-21 14:58:22 - [TEST_STEP][PASSED] - "--------------------------------------": null

2020-04-21 14:58:22 - [TEST_STEP][PASSED] - " Navigate Top level menu Item         |": null

2020-04-21 14:58:22 - [TEST_STEP][PASSED] - waitForPageLoad(60): Wait for page load successfully

2020-04-21 14:58:22 - [MESSAGE][PASSED] - Wait for page load successfully

2020-04-21 14:58:22 - [TEST_STEP][PASSED] - waitForElementClickable(findTestObject("Object Repository/WebOffice_Home_page/a_Settings"), 60): Object 'Object Repository/WebOffice_Home_page/a_Settings' is clickable

2020-04-21 14:58:22 - [MESSAGE][PASSED] - Object 'Object Repository/WebOffice_Home_page/a_Settings' is clickable

2020-04-21 14:58:22 - [TEST_STEP][PASSED] - mouseOver(findTestObject("Object Repository/WebOffice_Home_page/a_Settings")): Object: 'Object Repository/WebOffice_Home_page/a_Settings' is hovered

2020-04-21 14:58:23 - [MESSAGE][PASSED] - Object: 'Object Repository/WebOffice_Home_page/a_Settings' is hovered

2020-04-21 14:58:23 - [TEST_STEP][PASSED] - mouseOver(findTestObject("Object Repository/WebOffice_Home_page/a_Members Area")): Object: 'Object Repository/WebOffice_Home_page/a_Members Area' is hovered

2020-04-21 14:58:23 - [MESSAGE][PASSED] - Object: 'Object Repository/WebOffice_Home_page/a_Members Area' is hovered

2020-04-21 14:58:23 - [TEST_STEP][PASSED] - waitForElementClickable(findTestObject("Object Repository/WebOffice_Home_page/a_AskKev"), 1): Object 'Object Repository/WebOffice_Home_page/a_AskKev' is clickable

2020-04-21 14:58:23 - [MESSAGE][PASSED] - Object 'Object Repository/WebOffice_Home_page/a_AskKev' is clickable

2020-04-21 14:58:23 - [TEST_STEP][PASSED] - click(findTestObject("Object Repository/WebOffice_Home_page/a_AskKev")): Object: 'Object Repository/WebOffice_Home_page/a_AskKev' is clicked on

2020-04-21 14:58:25 - [MESSAGE][PASSED] - Object: 'Object Repository/WebOffice_Home_page/a_AskKev' is clicked on

2020-04-21 14:58:25 - [MESSAGE][PASSED] - Call Test Case 'Test Cases/Reusable_Test_Sequences/Web_Office/Navigation/Sub_Menu_Navigation/Settings/Members_Area/AskKev' successfully

2020-04-21 14:58:25 - [TEST_STEP][PASSED] - "--------------------------------------": null

2020-04-21 14:58:25 - [TEST_STEP][PASSED] - " Verify Returned Page Detail          |": null

2020-04-21 14:58:25 - [TEST_STEP][PASSED] - callTestCase(findTestCase("Reusable_Test_Sequences/Web_Office/Verification/Settings/Members_Area/AskKev"), [:], OPTIONAL): Call Test Case 'Test Cases/Reusable_Test_Sequences/Web_Office/Verification/Settings/Members_Area/AskKev' successfully

2020-04-21 14:58:25 - [TEST_CASE][PASSED] - Test Cases/Reusable_Test_Sequences/Web_Office/Verification/Settings/Members_Area/AskKev: Test Cases/Reusable_Test_Sequences/Web_Office/Verification/Settings/Members_Area/AskKev

2020-04-21 14:58:25 - [TEST_STEP][PASSED] - waitForPageLoad(60): Wait for page load successfully

2020-04-21 14:58:25 - [MESSAGE][PASSED] - Wait for page load successfully

2020-04-21 14:58:25 - [TEST_STEP][PASSED] - delay(1): Delayed 1 second(s)

2020-04-21 14:58:26 - [MESSAGE][PASSED] - Delayed 1 second(s)

2020-04-21 14:58:26 - [TEST_STEP][PASSED] - verifyTextPresent("AskKev Questions", false): Text 'AskKev Questions' is present on page 

2020-04-21 14:58:27 - [MESSAGE][PASSED] - Text 'AskKev Questions' is present on page 

2020-04-21 14:58:27 - [TEST_STEP][PASSED] - "----------------------------------------------": null

2020-04-21 14:58:27 - [TEST_STEP][PASSED] - "----------------------------------------------": null

2020-04-21 14:58:27 - [TEST_STEP][PASSED] - verifyTextPresent("Hi. How I can change my Web address on my profile?", false): Text 'Hi. How I can change my Web address on my profile?' is present on page 

2020-04-21 14:58:27 - [MESSAGE][PASSED] - Text 'Hi. How I can change my Web address on my profile?' is present on page 

2020-04-21 14:58:27 - [TEST_STEP][PASSED] - verifyTextPresent("i want to change my email address & website Address", false): Text 'i want to change my email address & website Address' is present on page 

2020-04-21 14:58:28 - [MESSAGE][PASSED] - Text 'i want to change my email address & website Address' is present on page 

2020-04-21 14:58:28 - [TEST_STEP][PASSED] - verifyTextPresent("Hi Kevin i have sent you two emails regarding us being unable post our photos onto our feedback still no reply. regards", false): Text 'Hi Kevin i have sent you two emails regarding us being unable post our photos onto our feedback still no reply. regards' is present on page 

2020-04-21 14:58:28 - [MESSAGE][PASSED] - Text 'Hi Kevin i have sent you two emails regarding us being unable post our photos onto our feedback still no reply. regards' is present on page 

2020-04-21 14:58:28 - [MESSAGE][PASSED] - Call Test Case 'Test Cases/Reusable_Test_Sequences/Web_Office/Verification/Settings/Members_Area/AskKev' successfully

2020-04-21 14:58:28 - [TEST_STEP][PASSED] - "--------------------------": null

2020-04-21 14:58:28 - [TEST_STEP][PASSED] - " Teardown - CLose Browser |": null

2020-04-21 14:58:28 - [TEST_STEP][PASSED] - callTestCase(findTestCase("Reusable_Test_Sequences/CAT_Teardown"), [:], OPTIONAL): Call Test Case 'Test Cases/Reusable_Test_Sequences/CAT_Teardown' successfully

2020-04-21 14:58:28 - [TEST_CASE][PASSED] - Test Cases/Reusable_Test_Sequences/CAT_Teardown: Test Cases/Reusable_Test_Sequences/CAT_Teardown

2020-04-21 14:58:28 - [TEST_STEP][PASSED] - closeBrowser(): Browser is closed

2020-04-21 14:58:30 - [MESSAGE][PASSED] - Browser is closed

2020-04-21 14:58:30 - [TEST_STEP][PASSED] - super.finalize(): null

2020-04-21 14:58:30 - [TEST_STEP][PASSED] - System.gc(): null

2020-04-21 14:58:30 - [MESSAGE][PASSED] - Call Test Case 'Test Cases/Reusable_Test_Sequences/CAT_Teardown' successfully]]></system-out>
         <system-err><![CDATA[]]></system-err>
      </testcase>
      <testcase name="Test Cases/Web_Office/Settings/Members_Area/Members_Panel_Suggestions" time="28.013" classname="Test Cases/Web_Office/Settings/Members_Area/Members_Panel_Suggestions" status="PASSED">
         <system-out><![CDATA[2020-04-21 14:58:30 - [TEST_CASE][PASSED] - Test Cases/Web_Office/Settings/Members_Area/Members_Panel_Suggestions: Test Cases/Web_Office/Settings/Members_Area/Members_Panel_Suggestions

2020-04-21 14:58:31 - [TEST_STEP][PASSED] - "--------------------------------------": null

2020-04-21 14:58:31 - [TEST_STEP][PASSED] - " Web Office StartUp                  |": null

2020-04-21 14:58:31 - [TEST_STEP][PASSED] - callTestCase(findTestCase("Reusable_Test_Sequences/Web_Office/Directives/WebOffice_StartUp"), [:], STOP_ON_FAILURE): Call Test Case 'Test Cases/Reusable_Test_Sequences/Web_Office/Directives/WebOffice_StartUp' successfully

2020-04-21 14:58:31 - [TEST_CASE][PASSED] - Test Cases/Reusable_Test_Sequences/Web_Office/Directives/WebOffice_StartUp: Test Cases/Reusable_Test_Sequences/Web_Office/Directives/WebOffice_StartUp

2020-04-21 14:58:31 - [TEST_STEP][PASSED] - "-----------------------------------------------------------------------------": null

2020-04-21 14:58:31 - [TEST_STEP][PASSED] - if (URL == "https://www.dev.checkatrade.com/"): null

2020-04-21 14:58:31 - [TEST_STEP][PASSED] - "-----------------------------------------------------------------------------": null

2020-04-21 14:58:31 - [TEST_STEP][PASSED] - if (URL == "https://www.checkatrade.com/"): null

2020-04-21 14:58:31 - [TEST_STEP][PASSED] - "-----------------------------------------------------------------------------": null

2020-04-21 14:58:31 - [TEST_STEP][PASSED] - if (URL == "https://www.preview.checkatrade.com/"): null

2020-04-21 14:58:31 - [TEST_STEP][PASSED] - WebOfficeURL = "https://admin.preview.checkatrade.com/": null

2020-04-21 14:58:31 - [TEST_STEP][PASSED] - if (URL == "https://www.dev2.checkatrade.com/"): null

2020-04-21 14:58:31 - [TEST_STEP][PASSED] - "Set Function Area for "URL_Handler", URL Resolution": null

2020-04-21 14:58:31 - [TEST_STEP][PASSED] - "Do Some Magic with URL(s) See the comments within URL Handler ": null

2020-04-21 14:58:31 - [TEST_STEP][PASSED] - "------------------------------------------------": null

2020-04-21 14:58:31 - [TEST_STEP][PASSED] - "Moved Login Credentials to <Default> profile 22/01/2020": null

2020-04-21 14:58:31 - [TEST_STEP][PASSED] - "------------------------------------------------": null

2020-04-21 14:58:31 - [TEST_STEP][PASSED] - "WebOfficeURL - Set from the ENVIRONMENT PROFILE ": null

2020-04-21 14:58:31 - [TEST_STEP][PASSED] - "OPEN BROWSER": null

2020-04-21 14:58:31 - [TEST_STEP][PASSED] - "eg - https://admin.preview.checkatrade.com/  ": null

2020-04-21 14:58:31 - [TEST_STEP][PASSED] - openBrowser(WebOfficeURL): Browser is opened with url: 'https://admin.preview.checkatrade.com/'

2020-04-21 14:58:31 - [MESSAGE][INFO] - Starting 'Chrome' driver

2020-04-21 14:58:31 - [MESSAGE][INFO] - Action delay is set to 0 milliseconds

2020-04-21 14:58:37 - [MESSAGE][PASSED] - Browser is opened with url: 'https://admin.preview.checkatrade.com/'

2020-04-21 14:58:37 - [TEST_STEP][PASSED] - maximizeWindow(): Current window maximized

2020-04-21 14:58:39 - [MESSAGE][PASSED] - Current window maximized

2020-04-21 14:58:39 - [TEST_STEP][PASSED] - waitForElementClickable(findTestObject("Object Repository/WebOffice/Page_Checkatrade - Administration - Login/Login_Button"), 25): Object 'Object Repository/WebOffice/Page_Checkatrade - Administration - Login/Login_Button' is clickable

2020-04-21 14:58:39 - [MESSAGE][PASSED] - Object 'Object Repository/WebOffice/Page_Checkatrade - Administration - Login/Login_Button' is clickable

2020-04-21 14:58:39 - [TEST_STEP][PASSED] - verifyTextPresent("Checkatrade Web Office", false): Text 'Checkatrade Web Office' is present on page 

2020-04-21 14:58:39 - [MESSAGE][PASSED] - Text 'Checkatrade Web Office' is present on page 

2020-04-21 14:58:39 - [TEST_STEP][PASSED] - verifyTextPresent("Access for staff use only", false): Text 'Access for staff use only' is present on page 

2020-04-21 14:58:39 - [MESSAGE][PASSED] - Text 'Access for staff use only' is present on page 

2020-04-21 14:58:39 - [TEST_STEP][PASSED] - verifyTextPresent("Forgotten password?", false): Text 'Forgotten password?' is present on page 

2020-04-21 14:58:39 - [MESSAGE][PASSED] - Text 'Forgotten password?' is present on page 

2020-04-21 14:58:39 - [TEST_STEP][PASSED] - setText(findTestObject("Object Repository/WebOffice/Page_Checkatrade - Administration - Login/input_Username_LoginControlUserName"), wo_Username): Text 'DavidHo' is set on object 'Object Repository/WebOffice/Page_Checkatrade - Administration - Login/input_Username_LoginControlUserName'

2020-04-21 14:58:40 - [MESSAGE][PASSED] - Text 'DavidHo' is set on object 'Object Repository/WebOffice/Page_Checkatrade - Administration - Login/input_Username_LoginControlUserName'

2020-04-21 14:58:40 - [TEST_STEP][PASSED] - setText(findTestObject("Object Repository/WebOffice/Page_Checkatrade - Administration - Login/input_Password_LoginControlPassword"), wo_Password): Text 'Check123' is set on object 'Object Repository/WebOffice/Page_Checkatrade - Administration - Login/input_Password_LoginControlPassword'

2020-04-21 14:58:40 - [MESSAGE][PASSED] - Text 'Check123' is set on object 'Object Repository/WebOffice/Page_Checkatrade - Administration - Login/input_Password_LoginControlPassword'

2020-04-21 14:58:40 - [TEST_STEP][PASSED] - click(findTestObject("Object Repository/WebOffice/Page_Checkatrade - Administration - Login/Login_Button")): Object: 'Object Repository/WebOffice/Page_Checkatrade - Administration - Login/Login_Button' is clicked on

2020-04-21 14:58:41 - [MESSAGE][PASSED] - Object: 'Object Repository/WebOffice/Page_Checkatrade - Administration - Login/Login_Button' is clicked on

2020-04-21 14:58:41 - [TEST_STEP][PASSED] - waitForPageLoad(60): Wait for page load successfully

2020-04-21 14:58:41 - [MESSAGE][PASSED] - Wait for page load successfully

2020-04-21 14:58:41 - [TEST_STEP][PASSED] - verifyTextPresent("Welcome " + wo_Username, false): Text 'Welcome DavidHo' is present on page 

2020-04-21 14:58:41 - [MESSAGE][PASSED] - Text 'Welcome DavidHo' is present on page 

2020-04-21 14:58:41 - [MESSAGE][PASSED] - Call Test Case 'Test Cases/Reusable_Test_Sequences/Web_Office/Directives/WebOffice_StartUp' successfully

2020-04-21 14:58:41 - [TEST_STEP][PASSED] - "-----------------------------------------------------------------": null

2020-04-21 14:58:41 - [TEST_STEP][PASSED] - " Navigate to <Settings->Checkatrade.Com->Sub Item> Menu Item     |": null

2020-04-21 14:58:41 - [TEST_STEP][PASSED] - callTestCase(findTestCase("Reusable_Test_Sequences/Web_Office/Navigation/Sub_Menu_Navigation/Settings/Members_Area/Members_Panel_Suggestions"), [:], STOP_ON_FAILURE): Call Test Case 'Test Cases/Reusable_Test_Sequences/Web_Office/Navigation/Sub_Menu_Navigation/Settings/Members_Area/Members_Panel_Suggestions' successfully

2020-04-21 14:58:41 - [TEST_CASE][PASSED] - Test Cases/Reusable_Test_Sequences/Web_Office/Navigation/Sub_Menu_Navigation/Settings/Members_Area/Members_Panel_Suggestions: Test Cases/Reusable_Test_Sequences/Web_Office/Navigation/Sub_Menu_Navigation/Settings/Members_Area/Members_Panel_Suggestions

2020-04-21 14:58:42 - [TEST_STEP][PASSED] - "--------------------------------------": null

2020-04-21 14:58:42 - [TEST_STEP][PASSED] - " Navigate Top level menu Item         |": null

2020-04-21 14:58:42 - [TEST_STEP][PASSED] - waitForPageLoad(60): Wait for page load successfully

2020-04-21 14:58:42 - [MESSAGE][PASSED] - Wait for page load successfully

2020-04-21 14:58:42 - [TEST_STEP][PASSED] - waitForElementClickable(findTestObject("Object Repository/WebOffice_Home_page/a_Settings"), 60): Object 'Object Repository/WebOffice_Home_page/a_Settings' is clickable

2020-04-21 14:58:42 - [MESSAGE][PASSED] - Object 'Object Repository/WebOffice_Home_page/a_Settings' is clickable

2020-04-21 14:58:42 - [TEST_STEP][PASSED] - mouseOver(findTestObject("Object Repository/WebOffice_Home_page/a_Settings")): Object: 'Object Repository/WebOffice_Home_page/a_Settings' is hovered

2020-04-21 14:58:42 - [MESSAGE][PASSED] - Object: 'Object Repository/WebOffice_Home_page/a_Settings' is hovered

2020-04-21 14:58:42 - [TEST_STEP][PASSED] - mouseOver(findTestObject("Object Repository/WebOffice_Home_page/a_Members Area")): Object: 'Object Repository/WebOffice_Home_page/a_Members Area' is hovered

2020-04-21 14:58:43 - [MESSAGE][PASSED] - Object: 'Object Repository/WebOffice_Home_page/a_Members Area' is hovered

2020-04-21 14:58:43 - [TEST_STEP][PASSED] - waitForElementClickable(findTestObject("Object Repository/WebOffice_Home_page/a_Members Panel Suggestions"), 1): Object 'Object Repository/WebOffice_Home_page/a_Members Panel Suggestions' is clickable

2020-04-21 14:58:43 - [MESSAGE][PASSED] - Object 'Object Repository/WebOffice_Home_page/a_Members Panel Suggestions' is clickable

2020-04-21 14:58:43 - [TEST_STEP][PASSED] - click(findTestObject("Object Repository/WebOffice_Home_page/a_Members Panel Suggestions")): Object: 'Object Repository/WebOffice_Home_page/a_Members Panel Suggestions' is clicked on

2020-04-21 14:58:49 - [MESSAGE][PASSED] - Object: 'Object Repository/WebOffice_Home_page/a_Members Panel Suggestions' is clicked on

2020-04-21 14:58:49 - [MESSAGE][PASSED] - Call Test Case 'Test Cases/Reusable_Test_Sequences/Web_Office/Navigation/Sub_Menu_Navigation/Settings/Members_Area/Members_Panel_Suggestions' successfully

2020-04-21 14:58:49 - [TEST_STEP][PASSED] - "--------------------------------------": null

2020-04-21 14:58:49 - [TEST_STEP][PASSED] - " Verify Returned Page Detail          |": null

2020-04-21 14:58:49 - [TEST_STEP][PASSED] - callTestCase(findTestCase("Reusable_Test_Sequences/Web_Office/Verification/Settings/Members_Area/Members_Panel_Suggestions"), [:], OPTIONAL): Call Test Case 'Test Cases/Reusable_Test_Sequences/Web_Office/Verification/Settings/Members_Area/Members_Panel_Suggestions' successfully

2020-04-21 14:58:49 - [TEST_CASE][PASSED] - Test Cases/Reusable_Test_Sequences/Web_Office/Verification/Settings/Members_Area/Members_Panel_Suggestions: Test Cases/Reusable_Test_Sequences/Web_Office/Verification/Settings/Members_Area/Members_Panel_Suggestions

2020-04-21 14:58:50 - [TEST_STEP][PASSED] - waitForPageLoad(60): Wait for page load successfully

2020-04-21 14:58:50 - [MESSAGE][PASSED] - Wait for page load successfully

2020-04-21 14:58:50 - [TEST_STEP][PASSED] - delay(1): Delayed 1 second(s)

2020-04-21 14:58:51 - [MESSAGE][PASSED] - Delayed 1 second(s)

2020-04-21 14:58:51 - [TEST_STEP][PASSED] - verifyTextPresent("Member Panel Suggestions", false): Text 'Member Panel Suggestions' is present on page 

2020-04-21 14:58:51 - [MESSAGE][PASSED] - Text 'Member Panel Suggestions' is present on page 

2020-04-21 14:58:51 - [TEST_STEP][PASSED] - "----------------------------------------------": null

2020-04-21 14:58:51 - [TEST_STEP][PASSED] - verifyTextPresent("Filter", false): Text 'Filter' is present on page 

2020-04-21 14:58:51 - [MESSAGE][PASSED] - Text 'Filter' is present on page 

2020-04-21 14:58:51 - [TEST_STEP][PASSED] - verifyTextPresent("Suggestion Status", false): Text 'Suggestion Status' is present on page 

2020-04-21 14:58:52 - [MESSAGE][PASSED] - Text 'Suggestion Status' is present on page 

2020-04-21 14:58:52 - [TEST_STEP][PASSED] - verifyTextPresent("Show", false): Text 'Show' is present on page 

2020-04-21 14:58:52 - [MESSAGE][PASSED] - Text 'Show' is present on page 

2020-04-21 14:58:52 - [TEST_STEP][PASSED] - verifyTextPresent("entries", false): Text 'entries' is present on page 

2020-04-21 14:58:52 - [MESSAGE][PASSED] - Text 'entries' is present on page 

2020-04-21 14:58:52 - [TEST_STEP][PASSED] - verifyTextPresent("Search", false): Text 'Search' is present on page 

2020-04-21 14:58:53 - [MESSAGE][PASSED] - Text 'Search' is present on page 

2020-04-21 14:58:53 - [TEST_STEP][PASSED] - "----------------------------------------------": null

2020-04-21 14:58:53 - [TEST_STEP][PASSED] - verifyTextPresent("Status", false): Text 'Status' is present on page 

2020-04-21 14:58:53 - [MESSAGE][PASSED] - Text 'Status' is present on page 

2020-04-21 14:58:53 - [TEST_STEP][PASSED] - verifyTextPresent("Category", false): Text 'Category' is present on page 

2020-04-21 14:58:53 - [MESSAGE][PASSED] - Text 'Category' is present on page 

2020-04-21 14:58:53 - [TEST_STEP][PASSED] - verifyTextPresent("Suggested by", false): Text 'Suggested by' is present on page 

2020-04-21 14:58:54 - [MESSAGE][PASSED] - Text 'Suggested by' is present on page 

2020-04-21 14:58:54 - [TEST_STEP][PASSED] - verifyTextPresent("Created Date", false): Text 'Created Date' is present on page 

2020-04-21 14:58:54 - [MESSAGE][PASSED] - Text 'Created Date' is present on page 

2020-04-21 14:58:54 - [TEST_STEP][PASSED] - "----------------------------------------------": null

2020-04-21 14:58:54 - [TEST_STEP][PASSED] - "----------------------------------------------": null

2020-04-21 14:58:54 - [TEST_STEP][PASSED] - verifyTextPresent("Archived", false): Text 'Archived' is present on page 

2020-04-21 14:58:54 - [MESSAGE][PASSED] - Text 'Archived' is present on page 

2020-04-21 14:58:54 - [TEST_STEP][PASSED] - verifyTextPresent("Members Area", false): Text 'Members Area' is present on page 

2020-04-21 14:58:55 - [MESSAGE][PASSED] - Text 'Members Area' is present on page 

2020-04-21 14:58:55 - [TEST_STEP][PASSED] - verifyTextPresent("Membership Advisor", false): Text 'Membership Advisor' is present on page 

2020-04-21 14:58:55 - [MESSAGE][PASSED] - Text 'Membership Advisor' is present on page 

2020-04-21 14:58:55 - [TEST_STEP][PASSED] - verifyTextPresent("Plastering Services", false): Text 'Plastering Services' is present on page 

2020-04-21 14:58:56 - [MESSAGE][PASSED] - Text 'Plastering Services' is present on page 

2020-04-21 14:58:56 - [TEST_STEP][PASSED] - verifyTextPresent("Misc.", false): Text 'Misc.' is present on page 

2020-04-21 14:58:56 - [MESSAGE][PASSED] - Text 'Misc.' is present on page 

2020-04-21 14:58:56 - [MESSAGE][PASSED] - Call Test Case 'Test Cases/Reusable_Test_Sequences/Web_Office/Verification/Settings/Members_Area/Members_Panel_Suggestions' successfully

2020-04-21 14:58:56 - [TEST_STEP][PASSED] - "--------------------------": null

2020-04-21 14:58:56 - [TEST_STEP][PASSED] - " Teardown - CLose Browser |": null

2020-04-21 14:58:56 - [TEST_STEP][PASSED] - callTestCase(findTestCase("Reusable_Test_Sequences/CAT_Teardown"), [:], OPTIONAL): Call Test Case 'Test Cases/Reusable_Test_Sequences/CAT_Teardown' successfully

2020-04-21 14:58:56 - [TEST_CASE][PASSED] - Test Cases/Reusable_Test_Sequences/CAT_Teardown: Test Cases/Reusable_Test_Sequences/CAT_Teardown

2020-04-21 14:58:56 - [TEST_STEP][PASSED] - closeBrowser(): Browser is closed

2020-04-21 14:58:58 - [MESSAGE][PASSED] - Browser is closed

2020-04-21 14:58:58 - [TEST_STEP][PASSED] - super.finalize(): null

2020-04-21 14:58:58 - [TEST_STEP][PASSED] - System.gc(): null

2020-04-21 14:58:58 - [MESSAGE][PASSED] - Call Test Case 'Test Cases/Reusable_Test_Sequences/CAT_Teardown' successfully]]></system-out>
         <system-err><![CDATA[]]></system-err>
      </testcase>
      <testcase name="Test Cases/Web_Office/Settings/Members_Area/Members_Panel_Minutes" time="22.546" classname="Test Cases/Web_Office/Settings/Members_Area/Members_Panel_Minutes" status="PASSED">
         <system-out><![CDATA[2020-04-21 14:58:58 - [TEST_CASE][PASSED] - Test Cases/Web_Office/Settings/Members_Area/Members_Panel_Minutes: Test Cases/Web_Office/Settings/Members_Area/Members_Panel_Minutes

2020-04-21 14:58:59 - [TEST_STEP][PASSED] - "--------------------------------------": null

2020-04-21 14:58:59 - [TEST_STEP][PASSED] - " Web Office StartUp                  |": null

2020-04-21 14:58:59 - [TEST_STEP][PASSED] - callTestCase(findTestCase("Reusable_Test_Sequences/Web_Office/Directives/WebOffice_StartUp"), [:], STOP_ON_FAILURE): Call Test Case 'Test Cases/Reusable_Test_Sequences/Web_Office/Directives/WebOffice_StartUp' successfully

2020-04-21 14:58:59 - [TEST_CASE][PASSED] - Test Cases/Reusable_Test_Sequences/Web_Office/Directives/WebOffice_StartUp: Test Cases/Reusable_Test_Sequences/Web_Office/Directives/WebOffice_StartUp

2020-04-21 14:58:59 - [TEST_STEP][PASSED] - "-----------------------------------------------------------------------------": null

2020-04-21 14:58:59 - [TEST_STEP][PASSED] - if (URL == "https://www.dev.checkatrade.com/"): null

2020-04-21 14:58:59 - [TEST_STEP][PASSED] - "-----------------------------------------------------------------------------": null

2020-04-21 14:58:59 - [TEST_STEP][PASSED] - if (URL == "https://www.checkatrade.com/"): null

2020-04-21 14:58:59 - [TEST_STEP][PASSED] - "-----------------------------------------------------------------------------": null

2020-04-21 14:58:59 - [TEST_STEP][PASSED] - if (URL == "https://www.preview.checkatrade.com/"): null

2020-04-21 14:58:59 - [TEST_STEP][PASSED] - WebOfficeURL = "https://admin.preview.checkatrade.com/": null

2020-04-21 14:58:59 - [TEST_STEP][PASSED] - if (URL == "https://www.dev2.checkatrade.com/"): null

2020-04-21 14:58:59 - [TEST_STEP][PASSED] - "Set Function Area for "URL_Handler", URL Resolution": null

2020-04-21 14:58:59 - [TEST_STEP][PASSED] - "Do Some Magic with URL(s) See the comments within URL Handler ": null

2020-04-21 14:58:59 - [TEST_STEP][PASSED] - "------------------------------------------------": null

2020-04-21 14:58:59 - [TEST_STEP][PASSED] - "Moved Login Credentials to <Default> profile 22/01/2020": null

2020-04-21 14:58:59 - [TEST_STEP][PASSED] - "------------------------------------------------": null

2020-04-21 14:58:59 - [TEST_STEP][PASSED] - "WebOfficeURL - Set from the ENVIRONMENT PROFILE ": null

2020-04-21 14:58:59 - [TEST_STEP][PASSED] - "OPEN BROWSER": null

2020-04-21 14:58:59 - [TEST_STEP][PASSED] - "eg - https://admin.preview.checkatrade.com/  ": null

2020-04-21 14:58:59 - [TEST_STEP][PASSED] - openBrowser(WebOfficeURL): Browser is opened with url: 'https://admin.preview.checkatrade.com/'

2020-04-21 14:58:59 - [MESSAGE][INFO] - Starting 'Chrome' driver

2020-04-21 14:58:59 - [MESSAGE][INFO] - Action delay is set to 0 milliseconds

2020-04-21 14:59:05 - [MESSAGE][PASSED] - Browser is opened with url: 'https://admin.preview.checkatrade.com/'

2020-04-21 14:59:05 - [TEST_STEP][PASSED] - maximizeWindow(): Current window maximized

2020-04-21 14:59:07 - [MESSAGE][PASSED] - Current window maximized

2020-04-21 14:59:07 - [TEST_STEP][PASSED] - waitForElementClickable(findTestObject("Object Repository/WebOffice/Page_Checkatrade - Administration - Login/Login_Button"), 25): Object 'Object Repository/WebOffice/Page_Checkatrade - Administration - Login/Login_Button' is clickable

2020-04-21 14:59:07 - [MESSAGE][PASSED] - Object 'Object Repository/WebOffice/Page_Checkatrade - Administration - Login/Login_Button' is clickable

2020-04-21 14:59:07 - [TEST_STEP][PASSED] - verifyTextPresent("Checkatrade Web Office", false): Text 'Checkatrade Web Office' is present on page 

2020-04-21 14:59:08 - [MESSAGE][PASSED] - Text 'Checkatrade Web Office' is present on page 

2020-04-21 14:59:08 - [TEST_STEP][PASSED] - verifyTextPresent("Access for staff use only", false): Text 'Access for staff use only' is present on page 

2020-04-21 14:59:08 - [MESSAGE][PASSED] - Text 'Access for staff use only' is present on page 

2020-04-21 14:59:08 - [TEST_STEP][PASSED] - verifyTextPresent("Forgotten password?", false): Text 'Forgotten password?' is present on page 

2020-04-21 14:59:08 - [MESSAGE][PASSED] - Text 'Forgotten password?' is present on page 

2020-04-21 14:59:08 - [TEST_STEP][PASSED] - setText(findTestObject("Object Repository/WebOffice/Page_Checkatrade - Administration - Login/input_Username_LoginControlUserName"), wo_Username): Text 'DavidHo' is set on object 'Object Repository/WebOffice/Page_Checkatrade - Administration - Login/input_Username_LoginControlUserName'

2020-04-21 14:59:08 - [MESSAGE][PASSED] - Text 'DavidHo' is set on object 'Object Repository/WebOffice/Page_Checkatrade - Administration - Login/input_Username_LoginControlUserName'

2020-04-21 14:59:08 - [TEST_STEP][PASSED] - setText(findTestObject("Object Repository/WebOffice/Page_Checkatrade - Administration - Login/input_Password_LoginControlPassword"), wo_Password): Text 'Check123' is set on object 'Object Repository/WebOffice/Page_Checkatrade - Administration - Login/input_Password_LoginControlPassword'

2020-04-21 14:59:08 - [MESSAGE][PASSED] - Text 'Check123' is set on object 'Object Repository/WebOffice/Page_Checkatrade - Administration - Login/input_Password_LoginControlPassword'

2020-04-21 14:59:08 - [TEST_STEP][PASSED] - click(findTestObject("Object Repository/WebOffice/Page_Checkatrade - Administration - Login/Login_Button")): Object: 'Object Repository/WebOffice/Page_Checkatrade - Administration - Login/Login_Button' is clicked on

2020-04-21 14:59:10 - [MESSAGE][PASSED] - Object: 'Object Repository/WebOffice/Page_Checkatrade - Administration - Login/Login_Button' is clicked on

2020-04-21 14:59:10 - [TEST_STEP][PASSED] - waitForPageLoad(60): Wait for page load successfully

2020-04-21 14:59:10 - [MESSAGE][PASSED] - Wait for page load successfully

2020-04-21 14:59:10 - [TEST_STEP][PASSED] - verifyTextPresent("Welcome " + wo_Username, false): Text 'Welcome DavidHo' is present on page 

2020-04-21 14:59:11 - [MESSAGE][PASSED] - Text 'Welcome DavidHo' is present on page 

2020-04-21 14:59:11 - [MESSAGE][PASSED] - Call Test Case 'Test Cases/Reusable_Test_Sequences/Web_Office/Directives/WebOffice_StartUp' successfully

2020-04-21 14:59:11 - [TEST_STEP][PASSED] - "-----------------------------------------------------------------": null

2020-04-21 14:59:11 - [TEST_STEP][PASSED] - " Navigate to <Settings->Checkatrade.Com->Sub Item> Menu Item     |": null

2020-04-21 14:59:11 - [TEST_STEP][PASSED] - callTestCase(findTestCase("Reusable_Test_Sequences/Web_Office/Navigation/Sub_Menu_Navigation/Settings/Members_Area/Members_Panel_Minutes"), [:], STOP_ON_FAILURE): Call Test Case 'Test Cases/Reusable_Test_Sequences/Web_Office/Navigation/Sub_Menu_Navigation/Settings/Members_Area/Members_Panel_Minutes' successfully

2020-04-21 14:59:11 - [TEST_CASE][PASSED] - Test Cases/Reusable_Test_Sequences/Web_Office/Navigation/Sub_Menu_Navigation/Settings/Members_Area/Members_Panel_Minutes: Test Cases/Reusable_Test_Sequences/Web_Office/Navigation/Sub_Menu_Navigation/Settings/Members_Area/Members_Panel_Minutes

2020-04-21 14:59:11 - [TEST_STEP][PASSED] - "--------------------------------------": null

2020-04-21 14:59:11 - [TEST_STEP][PASSED] - " Navigate Top level menu Item         |": null

2020-04-21 14:59:11 - [TEST_STEP][PASSED] - waitForPageLoad(60): Wait for page load successfully

2020-04-21 14:59:11 - [MESSAGE][PASSED] - Wait for page load successfully

2020-04-21 14:59:11 - [TEST_STEP][PASSED] - waitForElementClickable(findTestObject("Object Repository/WebOffice_Home_page/a_Settings"), 60): Object 'Object Repository/WebOffice_Home_page/a_Settings' is clickable

2020-04-21 14:59:11 - [MESSAGE][PASSED] - Object 'Object Repository/WebOffice_Home_page/a_Settings' is clickable

2020-04-21 14:59:11 - [TEST_STEP][PASSED] - mouseOver(findTestObject("Object Repository/WebOffice_Home_page/a_Settings")): Object: 'Object Repository/WebOffice_Home_page/a_Settings' is hovered

2020-04-21 14:59:12 - [MESSAGE][PASSED] - Object: 'Object Repository/WebOffice_Home_page/a_Settings' is hovered

2020-04-21 14:59:12 - [TEST_STEP][PASSED] - mouseOver(findTestObject("Object Repository/WebOffice_Home_page/a_Members Area")): Object: 'Object Repository/WebOffice_Home_page/a_Members Area' is hovered

2020-04-21 14:59:12 - [MESSAGE][PASSED] - Object: 'Object Repository/WebOffice_Home_page/a_Members Area' is hovered

2020-04-21 14:59:12 - [TEST_STEP][PASSED] - waitForElementClickable(findTestObject("Object Repository/WebOffice_Home_page/a_Members Panel Minutes"), 1): Object 'Object Repository/WebOffice_Home_page/a_Members Panel Minutes' is clickable

2020-04-21 14:59:12 - [MESSAGE][PASSED] - Object 'Object Repository/WebOffice_Home_page/a_Members Panel Minutes' is clickable

2020-04-21 14:59:12 - [TEST_STEP][PASSED] - click(findTestObject("Object Repository/WebOffice_Home_page/a_Members Panel Minutes")): Object: 'Object Repository/WebOffice_Home_page/a_Members Panel Minutes' is clicked on

2020-04-21 14:59:14 - [MESSAGE][PASSED] - Object: 'Object Repository/WebOffice_Home_page/a_Members Panel Minutes' is clicked on

2020-04-21 14:59:14 - [MESSAGE][PASSED] - Call Test Case 'Test Cases/Reusable_Test_Sequences/Web_Office/Navigation/Sub_Menu_Navigation/Settings/Members_Area/Members_Panel_Minutes' successfully

2020-04-21 14:59:14 - [TEST_STEP][PASSED] - "--------------------------------------": null

2020-04-21 14:59:14 - [TEST_STEP][PASSED] - " Verify Returned Page Detail          |": null

2020-04-21 14:59:14 - [TEST_STEP][PASSED] - callTestCase(findTestCase("Reusable_Test_Sequences/Web_Office/Verification/Settings/Members_Area/Members_Panel_Minutes"), [:], OPTIONAL): Call Test Case 'Test Cases/Reusable_Test_Sequences/Web_Office/Verification/Settings/Members_Area/Members_Panel_Minutes' successfully

2020-04-21 14:59:14 - [TEST_CASE][PASSED] - Test Cases/Reusable_Test_Sequences/Web_Office/Verification/Settings/Members_Area/Members_Panel_Minutes: Test Cases/Reusable_Test_Sequences/Web_Office/Verification/Settings/Members_Area/Members_Panel_Minutes

2020-04-21 14:59:14 - [TEST_STEP][PASSED] - waitForPageLoad(60): Wait for page load successfully

2020-04-21 14:59:14 - [MESSAGE][PASSED] - Wait for page load successfully

2020-04-21 14:59:14 - [TEST_STEP][PASSED] - delay(1): Delayed 1 second(s)

2020-04-21 14:59:15 - [MESSAGE][PASSED] - Delayed 1 second(s)

2020-04-21 14:59:15 - [TEST_STEP][PASSED] - verifyTextPresent("Members Panel Minutes", false): Text 'Members Panel Minutes' is present on page 

2020-04-21 14:59:16 - [MESSAGE][PASSED] - Text 'Members Panel Minutes' is present on page 

2020-04-21 14:59:16 - [TEST_STEP][PASSED] - "----------------------------------------------": null

2020-04-21 14:59:16 - [TEST_STEP][PASSED] - verifyTextPresent("Upload Members panel minutes", false): Text 'Upload Members panel minutes' is present on page 

2020-04-21 14:59:16 - [MESSAGE][PASSED] - Text 'Upload Members panel minutes' is present on page 

2020-04-21 14:59:16 - [TEST_STEP][PASSED] - verifyTextPresent("Select file", false): Text 'Select file' is present on page 

2020-04-21 14:59:16 - [MESSAGE][PASSED] - Text 'Select file' is present on page 

2020-04-21 14:59:16 - [TEST_STEP][PASSED] - verifyTextPresent("Select Date", false): Text 'Select Date' is present on page 

2020-04-21 14:59:17 - [MESSAGE][PASSED] - Text 'Select Date' is present on page 

2020-04-21 14:59:17 - [TEST_STEP][PASSED] - verifyTextPresent("Upload", false): Text 'Upload' is present on page 

2020-04-21 14:59:17 - [MESSAGE][PASSED] - Text 'Upload' is present on page 

2020-04-21 14:59:17 - [TEST_STEP][PASSED] - verifyTextPresent("Browse", false): Text 'Browse' is present on page 

2020-04-21 14:59:17 - [MESSAGE][PASSED] - Text 'Browse' is present on page 

2020-04-21 14:59:17 - [TEST_STEP][PASSED] - "----------------------------------------------": null

2020-04-21 14:59:17 - [TEST_STEP][PASSED] - verifyTextPresent("Previously Uploaded Minutes", false): Text 'Previously Uploaded Minutes' is present on page 

2020-04-21 14:59:17 - [MESSAGE][PASSED] - Text 'Previously Uploaded Minutes' is present on page 

2020-04-21 14:59:17 - [TEST_STEP][PASSED] - verifyTextPresent("Panel Meeting Minutes", false): Text 'Panel Meeting Minutes' is present on page 

2020-04-21 14:59:18 - [MESSAGE][PASSED] - Text 'Panel Meeting Minutes' is present on page 

2020-04-21 14:59:18 - [TEST_STEP][PASSED] - "----------------------------------------------": null

2020-04-21 14:59:18 - [TEST_STEP][PASSED] - verifyTextPresent("Set next members panel meeting date", false): Text 'Set next members panel meeting date' is present on page 

2020-04-21 14:59:18 - [MESSAGE][PASSED] - Text 'Set next members panel meeting date' is present on page 

2020-04-21 14:59:18 - [TEST_STEP][PASSED] - verifyTextPresent("Next Meeting Date Currently", false): Text 'Next Meeting Date Currently' is present on page 

2020-04-21 14:59:18 - [MESSAGE][PASSED] - Text 'Next Meeting Date Currently' is present on page 

2020-04-21 14:59:18 - [TEST_STEP][PASSED] - verifyTextPresent("Next meeting on hold", false): Text 'Next meeting on hold' is present on page 

2020-04-21 14:59:19 - [MESSAGE][PASSED] - Text 'Next meeting on hold' is present on page 

2020-04-21 14:59:19 - [TEST_STEP][PASSED] - verifyTextPresent("Please continue to make suggestions", false): Text 'Please continue to make suggestions' is present on page 

2020-04-21 14:59:19 - [MESSAGE][PASSED] - Text 'Please continue to make suggestions' is present on page 

2020-04-21 14:59:19 - [TEST_STEP][PASSED] - verifyTextPresent("Set Date", false): Text 'Set Date' is present on page 

2020-04-21 14:59:19 - [MESSAGE][PASSED] - Text 'Set Date' is present on page 

2020-04-21 14:59:19 - [MESSAGE][PASSED] - Call Test Case 'Test Cases/Reusable_Test_Sequences/Web_Office/Verification/Settings/Members_Area/Members_Panel_Minutes' successfully

2020-04-21 14:59:19 - [TEST_STEP][PASSED] - "--------------------------": null

2020-04-21 14:59:19 - [TEST_STEP][PASSED] - " Teardown - CLose Browser |": null

2020-04-21 14:59:19 - [TEST_STEP][PASSED] - callTestCase(findTestCase("Reusable_Test_Sequences/CAT_Teardown"), [:], OPTIONAL): Call Test Case 'Test Cases/Reusable_Test_Sequences/CAT_Teardown' successfully

2020-04-21 14:59:19 - [TEST_CASE][PASSED] - Test Cases/Reusable_Test_Sequences/CAT_Teardown: Test Cases/Reusable_Test_Sequences/CAT_Teardown

2020-04-21 14:59:19 - [TEST_STEP][PASSED] - closeBrowser(): Browser is closed

2020-04-21 14:59:21 - [MESSAGE][PASSED] - Browser is closed

2020-04-21 14:59:21 - [TEST_STEP][PASSED] - super.finalize(): null

2020-04-21 14:59:21 - [TEST_STEP][PASSED] - System.gc(): null

2020-04-21 14:59:21 - [MESSAGE][PASSED] - Call Test Case 'Test Cases/Reusable_Test_Sequences/CAT_Teardown' successfully]]></system-out>
         <system-err><![CDATA[]]></system-err>
      </testcase>
      <testcase name="Test Cases/Web_Office/Settings/Members_Area/Members_Alerts" time="25.045" classname="Test Cases/Web_Office/Settings/Members_Area/Members_Alerts" status="PASSED">
         <system-out><![CDATA[2020-04-21 14:59:21 - [TEST_CASE][PASSED] - Test Cases/Web_Office/Settings/Members_Area/Members_Alerts: Test Cases/Web_Office/Settings/Members_Area/Members_Alerts

2020-04-21 14:59:22 - [TEST_STEP][PASSED] - "--------------------------------------": null

2020-04-21 14:59:22 - [TEST_STEP][PASSED] - " Web Office StartUp                  |": null

2020-04-21 14:59:22 - [TEST_STEP][PASSED] - callTestCase(findTestCase("Reusable_Test_Sequences/Web_Office/Directives/WebOffice_StartUp"), [:], STOP_ON_FAILURE): Call Test Case 'Test Cases/Reusable_Test_Sequences/Web_Office/Directives/WebOffice_StartUp' successfully

2020-04-21 14:59:22 - [TEST_CASE][PASSED] - Test Cases/Reusable_Test_Sequences/Web_Office/Directives/WebOffice_StartUp: Test Cases/Reusable_Test_Sequences/Web_Office/Directives/WebOffice_StartUp

2020-04-21 14:59:22 - [TEST_STEP][PASSED] - "-----------------------------------------------------------------------------": null

2020-04-21 14:59:22 - [TEST_STEP][PASSED] - if (URL == "https://www.dev.checkatrade.com/"): null

2020-04-21 14:59:22 - [TEST_STEP][PASSED] - "-----------------------------------------------------------------------------": null

2020-04-21 14:59:22 - [TEST_STEP][PASSED] - if (URL == "https://www.checkatrade.com/"): null

2020-04-21 14:59:22 - [TEST_STEP][PASSED] - "-----------------------------------------------------------------------------": null

2020-04-21 14:59:22 - [TEST_STEP][PASSED] - if (URL == "https://www.preview.checkatrade.com/"): null

2020-04-21 14:59:22 - [TEST_STEP][PASSED] - WebOfficeURL = "https://admin.preview.checkatrade.com/": null

2020-04-21 14:59:22 - [TEST_STEP][PASSED] - if (URL == "https://www.dev2.checkatrade.com/"): null

2020-04-21 14:59:22 - [TEST_STEP][PASSED] - "Set Function Area for "URL_Handler", URL Resolution": null

2020-04-21 14:59:22 - [TEST_STEP][PASSED] - "Do Some Magic with URL(s) See the comments within URL Handler ": null

2020-04-21 14:59:22 - [TEST_STEP][PASSED] - "------------------------------------------------": null

2020-04-21 14:59:22 - [TEST_STEP][PASSED] - "Moved Login Credentials to <Default> profile 22/01/2020": null

2020-04-21 14:59:22 - [TEST_STEP][PASSED] - "------------------------------------------------": null

2020-04-21 14:59:22 - [TEST_STEP][PASSED] - "WebOfficeURL - Set from the ENVIRONMENT PROFILE ": null

2020-04-21 14:59:22 - [TEST_STEP][PASSED] - "OPEN BROWSER": null

2020-04-21 14:59:22 - [TEST_STEP][PASSED] - "eg - https://admin.preview.checkatrade.com/  ": null

2020-04-21 14:59:22 - [TEST_STEP][PASSED] - openBrowser(WebOfficeURL): Browser is opened with url: 'https://admin.preview.checkatrade.com/'

2020-04-21 14:59:22 - [MESSAGE][INFO] - Starting 'Chrome' driver

2020-04-21 14:59:22 - [MESSAGE][INFO] - Action delay is set to 0 milliseconds

2020-04-21 14:59:27 - [MESSAGE][PASSED] - Browser is opened with url: 'https://admin.preview.checkatrade.com/'

2020-04-21 14:59:27 - [TEST_STEP][PASSED] - maximizeWindow(): Current window maximized

2020-04-21 14:59:29 - [MESSAGE][PASSED] - Current window maximized

2020-04-21 14:59:29 - [TEST_STEP][PASSED] - waitForElementClickable(findTestObject("Object Repository/WebOffice/Page_Checkatrade - Administration - Login/Login_Button"), 25): Object 'Object Repository/WebOffice/Page_Checkatrade - Administration - Login/Login_Button' is clickable

2020-04-21 14:59:29 - [MESSAGE][PASSED] - Object 'Object Repository/WebOffice/Page_Checkatrade - Administration - Login/Login_Button' is clickable

2020-04-21 14:59:29 - [TEST_STEP][PASSED] - verifyTextPresent("Checkatrade Web Office", false): Text 'Checkatrade Web Office' is present on page 

2020-04-21 14:59:29 - [MESSAGE][PASSED] - Text 'Checkatrade Web Office' is present on page 

2020-04-21 14:59:29 - [TEST_STEP][PASSED] - verifyTextPresent("Access for staff use only", false): Text 'Access for staff use only' is present on page 

2020-04-21 14:59:29 - [MESSAGE][PASSED] - Text 'Access for staff use only' is present on page 

2020-04-21 14:59:29 - [TEST_STEP][PASSED] - verifyTextPresent("Forgotten password?", false): Text 'Forgotten password?' is present on page 

2020-04-21 14:59:30 - [MESSAGE][PASSED] - Text 'Forgotten password?' is present on page 

2020-04-21 14:59:30 - [TEST_STEP][PASSED] - setText(findTestObject("Object Repository/WebOffice/Page_Checkatrade - Administration - Login/input_Username_LoginControlUserName"), wo_Username): Text 'DavidHo' is set on object 'Object Repository/WebOffice/Page_Checkatrade - Administration - Login/input_Username_LoginControlUserName'

2020-04-21 14:59:30 - [MESSAGE][PASSED] - Text 'DavidHo' is set on object 'Object Repository/WebOffice/Page_Checkatrade - Administration - Login/input_Username_LoginControlUserName'

2020-04-21 14:59:30 - [TEST_STEP][PASSED] - setText(findTestObject("Object Repository/WebOffice/Page_Checkatrade - Administration - Login/input_Password_LoginControlPassword"), wo_Password): Text 'Check123' is set on object 'Object Repository/WebOffice/Page_Checkatrade - Administration - Login/input_Password_LoginControlPassword'

2020-04-21 14:59:30 - [MESSAGE][PASSED] - Text 'Check123' is set on object 'Object Repository/WebOffice/Page_Checkatrade - Administration - Login/input_Password_LoginControlPassword'

2020-04-21 14:59:30 - [TEST_STEP][PASSED] - click(findTestObject("Object Repository/WebOffice/Page_Checkatrade - Administration - Login/Login_Button")): Object: 'Object Repository/WebOffice/Page_Checkatrade - Administration - Login/Login_Button' is clicked on

2020-04-21 14:59:31 - [MESSAGE][PASSED] - Object: 'Object Repository/WebOffice/Page_Checkatrade - Administration - Login/Login_Button' is clicked on

2020-04-21 14:59:31 - [TEST_STEP][PASSED] - waitForPageLoad(60): Wait for page load successfully

2020-04-21 14:59:31 - [MESSAGE][PASSED] - Wait for page load successfully

2020-04-21 14:59:31 - [TEST_STEP][PASSED] - verifyTextPresent("Welcome " + wo_Username, false): Text 'Welcome DavidHo' is present on page 

2020-04-21 14:59:31 - [MESSAGE][PASSED] - Text 'Welcome DavidHo' is present on page 

2020-04-21 14:59:31 - [MESSAGE][PASSED] - Call Test Case 'Test Cases/Reusable_Test_Sequences/Web_Office/Directives/WebOffice_StartUp' successfully

2020-04-21 14:59:31 - [TEST_STEP][PASSED] - "-----------------------------------------------------------------": null

2020-04-21 14:59:31 - [TEST_STEP][PASSED] - " Navigate to <Settings->Checkatrade.Com->Sub Item> Menu Item     |": null

2020-04-21 14:59:31 - [TEST_STEP][PASSED] - callTestCase(findTestCase("Reusable_Test_Sequences/Web_Office/Navigation/Sub_Menu_Navigation/Settings/Members_Area/Members_Alerts"), [:], STOP_ON_FAILURE): Call Test Case 'Test Cases/Reusable_Test_Sequences/Web_Office/Navigation/Sub_Menu_Navigation/Settings/Members_Area/Members_Alerts' successfully

2020-04-21 14:59:31 - [TEST_CASE][PASSED] - Test Cases/Reusable_Test_Sequences/Web_Office/Navigation/Sub_Menu_Navigation/Settings/Members_Area/Members_Alerts: Test Cases/Reusable_Test_Sequences/Web_Office/Navigation/Sub_Menu_Navigation/Settings/Members_Area/Members_Alerts

2020-04-21 14:59:32 - [TEST_STEP][PASSED] - "--------------------------------------": null

2020-04-21 14:59:32 - [TEST_STEP][PASSED] - " Navigate Top level menu Item         |": null

2020-04-21 14:59:32 - [TEST_STEP][PASSED] - waitForPageLoad(60): Wait for page load successfully

2020-04-21 14:59:32 - [MESSAGE][PASSED] - Wait for page load successfully

2020-04-21 14:59:32 - [TEST_STEP][PASSED] - waitForElementClickable(findTestObject("Object Repository/WebOffice_Home_page/a_Settings"), 60): Object 'Object Repository/WebOffice_Home_page/a_Settings' is clickable

2020-04-21 14:59:32 - [MESSAGE][PASSED] - Object 'Object Repository/WebOffice_Home_page/a_Settings' is clickable

2020-04-21 14:59:32 - [TEST_STEP][PASSED] - mouseOver(findTestObject("Object Repository/WebOffice_Home_page/a_Settings")): Object: 'Object Repository/WebOffice_Home_page/a_Settings' is hovered

2020-04-21 14:59:33 - [MESSAGE][PASSED] - Object: 'Object Repository/WebOffice_Home_page/a_Settings' is hovered

2020-04-21 14:59:33 - [TEST_STEP][PASSED] - mouseOver(findTestObject("Object Repository/WebOffice_Home_page/a_Members Area")): Object: 'Object Repository/WebOffice_Home_page/a_Members Area' is hovered

2020-04-21 14:59:34 - [MESSAGE][PASSED] - Object: 'Object Repository/WebOffice_Home_page/a_Members Area' is hovered

2020-04-21 14:59:34 - [TEST_STEP][PASSED] - waitForElementClickable(findTestObject("Object Repository/WebOffice_Home_page/a_Members Alerts"), 1): Object 'Object Repository/WebOffice_Home_page/a_Members Alerts' is clickable

2020-04-21 14:59:34 - [MESSAGE][PASSED] - Object 'Object Repository/WebOffice_Home_page/a_Members Alerts' is clickable

2020-04-21 14:59:34 - [TEST_STEP][PASSED] - click(findTestObject("Object Repository/WebOffice_Home_page/a_Members Alerts")): Object: 'Object Repository/WebOffice_Home_page/a_Members Alerts' is clicked on

2020-04-21 14:59:35 - [MESSAGE][PASSED] - Object: 'Object Repository/WebOffice_Home_page/a_Members Alerts' is clicked on

2020-04-21 14:59:35 - [MESSAGE][PASSED] - Call Test Case 'Test Cases/Reusable_Test_Sequences/Web_Office/Navigation/Sub_Menu_Navigation/Settings/Members_Area/Members_Alerts' successfully

2020-04-21 14:59:35 - [TEST_STEP][PASSED] - "--------------------------------------": null

2020-04-21 14:59:35 - [TEST_STEP][PASSED] - " Verify Returned Page Detail          |": null

2020-04-21 14:59:35 - [TEST_STEP][PASSED] - callTestCase(findTestCase("Reusable_Test_Sequences/Web_Office/Verification/Settings/Members_Area/Members_Alerts"), [:], OPTIONAL): Call Test Case 'Test Cases/Reusable_Test_Sequences/Web_Office/Verification/Settings/Members_Area/Members_Alerts' successfully

2020-04-21 14:59:35 - [TEST_CASE][PASSED] - Test Cases/Reusable_Test_Sequences/Web_Office/Verification/Settings/Members_Area/Members_Alerts: Test Cases/Reusable_Test_Sequences/Web_Office/Verification/Settings/Members_Area/Members_Alerts

2020-04-21 14:59:36 - [TEST_STEP][PASSED] - waitForPageLoad(60): Wait for page load successfully

2020-04-21 14:59:36 - [MESSAGE][PASSED] - Wait for page load successfully

2020-04-21 14:59:36 - [TEST_STEP][PASSED] - delay(1): Delayed 1 second(s)

2020-04-21 14:59:37 - [MESSAGE][PASSED] - Delayed 1 second(s)

2020-04-21 14:59:37 - [TEST_STEP][PASSED] - verifyTextPresent("Members Alerts", false): Text 'Members Alerts' is present on page 

2020-04-21 14:59:38 - [MESSAGE][PASSED] - Text 'Members Alerts' is present on page 

2020-04-21 14:59:38 - [TEST_STEP][PASSED] - "----------------------------------------------": null

2020-04-21 14:59:38 - [TEST_STEP][PASSED] - verifyTextPresent("Add New Alert", false): Text 'Add New Alert' is present on page 

2020-04-21 14:59:39 - [MESSAGE][PASSED] - Text 'Add New Alert' is present on page 

2020-04-21 14:59:39 - [TEST_STEP][PASSED] - verifyTextPresent("Subject", false): Text 'Subject' is present on page 

2020-04-21 14:59:40 - [MESSAGE][PASSED] - Text 'Subject' is present on page 

2020-04-21 14:59:40 - [TEST_STEP][PASSED] - verifyTextPresent("Details", false): Text 'Details' is present on page 

2020-04-21 14:59:41 - [MESSAGE][PASSED] - Text 'Details' is present on page 

2020-04-21 14:59:41 - [TEST_STEP][PASSED] - "----------------------------------------------": null

2020-04-21 14:59:41 - [TEST_STEP][PASSED] - verifyTextPresent("Active Alerts", false): Text 'Active Alerts' is present on page 

2020-04-21 14:59:42 - [MESSAGE][PASSED] - Text 'Active Alerts' is present on page 

2020-04-21 14:59:42 - [TEST_STEP][PASSED] - verifyTextPresent("Suspicious emails and calls", false): Text 'Suspicious emails and calls' is present on page 

2020-04-21 14:59:43 - [MESSAGE][PASSED] - Text 'Suspicious emails and calls' is present on page 

2020-04-21 14:59:43 - [MESSAGE][PASSED] - Call Test Case 'Test Cases/Reusable_Test_Sequences/Web_Office/Verification/Settings/Members_Area/Members_Alerts' successfully

2020-04-21 14:59:43 - [TEST_STEP][PASSED] - "--------------------------": null

2020-04-21 14:59:43 - [TEST_STEP][PASSED] - " Teardown - CLose Browser |": null

2020-04-21 14:59:43 - [TEST_STEP][PASSED] - callTestCase(findTestCase("Reusable_Test_Sequences/CAT_Teardown"), [:], OPTIONAL): Call Test Case 'Test Cases/Reusable_Test_Sequences/CAT_Teardown' successfully

2020-04-21 14:59:43 - [TEST_CASE][PASSED] - Test Cases/Reusable_Test_Sequences/CAT_Teardown: Test Cases/Reusable_Test_Sequences/CAT_Teardown

2020-04-21 14:59:43 - [TEST_STEP][PASSED] - closeBrowser(): Browser is closed

2020-04-21 14:59:46 - [MESSAGE][PASSED] - Browser is closed

2020-04-21 14:59:46 - [TEST_STEP][PASSED] - super.finalize(): null

2020-04-21 14:59:46 - [TEST_STEP][PASSED] - System.gc(): null

2020-04-21 14:59:46 - [MESSAGE][PASSED] - Call Test Case 'Test Cases/Reusable_Test_Sequences/CAT_Teardown' successfully]]></system-out>
         <system-err><![CDATA[]]></system-err>
      </testcase>
      <testcase name="Test Cases/Web_Office/Settings/Members_Area/Members_Blog_Posts" time="24.358" classname="Test Cases/Web_Office/Settings/Members_Area/Members_Blog_Posts" status="PASSED">
         <system-out><![CDATA[2020-04-21 14:59:46 - [TEST_CASE][PASSED] - Test Cases/Web_Office/Settings/Members_Area/Members_Blog_Posts: Test Cases/Web_Office/Settings/Members_Area/Members_Blog_Posts

2020-04-21 14:59:46 - [TEST_STEP][PASSED] - "--------------------------------------": null

2020-04-21 14:59:47 - [TEST_STEP][PASSED] - " Web Office StartUp                  |": null

2020-04-21 14:59:47 - [TEST_STEP][PASSED] - callTestCase(findTestCase("Reusable_Test_Sequences/Web_Office/Directives/WebOffice_StartUp"), [:], STOP_ON_FAILURE): Call Test Case 'Test Cases/Reusable_Test_Sequences/Web_Office/Directives/WebOffice_StartUp' successfully

2020-04-21 14:59:47 - [TEST_CASE][PASSED] - Test Cases/Reusable_Test_Sequences/Web_Office/Directives/WebOffice_StartUp: Test Cases/Reusable_Test_Sequences/Web_Office/Directives/WebOffice_StartUp

2020-04-21 14:59:47 - [TEST_STEP][PASSED] - "-----------------------------------------------------------------------------": null

2020-04-21 14:59:47 - [TEST_STEP][PASSED] - if (URL == "https://www.dev.checkatrade.com/"): null

2020-04-21 14:59:47 - [TEST_STEP][PASSED] - "-----------------------------------------------------------------------------": null

2020-04-21 14:59:47 - [TEST_STEP][PASSED] - if (URL == "https://www.checkatrade.com/"): null

2020-04-21 14:59:47 - [TEST_STEP][PASSED] - "-----------------------------------------------------------------------------": null

2020-04-21 14:59:47 - [TEST_STEP][PASSED] - if (URL == "https://www.preview.checkatrade.com/"): null

2020-04-21 14:59:47 - [TEST_STEP][PASSED] - WebOfficeURL = "https://admin.preview.checkatrade.com/": null

2020-04-21 14:59:47 - [TEST_STEP][PASSED] - if (URL == "https://www.dev2.checkatrade.com/"): null

2020-04-21 14:59:47 - [TEST_STEP][PASSED] - "Set Function Area for "URL_Handler", URL Resolution": null

2020-04-21 14:59:47 - [TEST_STEP][PASSED] - "Do Some Magic with URL(s) See the comments within URL Handler ": null

2020-04-21 14:59:47 - [TEST_STEP][PASSED] - "------------------------------------------------": null

2020-04-21 14:59:47 - [TEST_STEP][PASSED] - "Moved Login Credentials to <Default> profile 22/01/2020": null

2020-04-21 14:59:47 - [TEST_STEP][PASSED] - "------------------------------------------------": null

2020-04-21 14:59:47 - [TEST_STEP][PASSED] - "WebOfficeURL - Set from the ENVIRONMENT PROFILE ": null

2020-04-21 14:59:47 - [TEST_STEP][PASSED] - "OPEN BROWSER": null

2020-04-21 14:59:47 - [TEST_STEP][PASSED] - "eg - https://admin.preview.checkatrade.com/  ": null

2020-04-21 14:59:47 - [TEST_STEP][PASSED] - openBrowser(WebOfficeURL): Browser is opened with url: 'https://admin.preview.checkatrade.com/'

2020-04-21 14:59:47 - [MESSAGE][INFO] - Starting 'Chrome' driver

2020-04-21 14:59:47 - [MESSAGE][INFO] - Action delay is set to 0 milliseconds

2020-04-21 14:59:52 - [MESSAGE][PASSED] - Browser is opened with url: 'https://admin.preview.checkatrade.com/'

2020-04-21 14:59:52 - [TEST_STEP][PASSED] - maximizeWindow(): Current window maximized

2020-04-21 14:59:55 - [MESSAGE][PASSED] - Current window maximized

2020-04-21 14:59:55 - [TEST_STEP][PASSED] - waitForElementClickable(findTestObject("Object Repository/WebOffice/Page_Checkatrade - Administration - Login/Login_Button"), 25): Object 'Object Repository/WebOffice/Page_Checkatrade - Administration - Login/Login_Button' is clickable

2020-04-21 14:59:55 - [MESSAGE][PASSED] - Object 'Object Repository/WebOffice/Page_Checkatrade - Administration - Login/Login_Button' is clickable

2020-04-21 14:59:55 - [TEST_STEP][PASSED] - verifyTextPresent("Checkatrade Web Office", false): Text 'Checkatrade Web Office' is present on page 

2020-04-21 14:59:55 - [MESSAGE][PASSED] - Text 'Checkatrade Web Office' is present on page 

2020-04-21 14:59:55 - [TEST_STEP][PASSED] - verifyTextPresent("Access for staff use only", false): Text 'Access for staff use only' is present on page 

2020-04-21 14:59:55 - [MESSAGE][PASSED] - Text 'Access for staff use only' is present on page 

2020-04-21 14:59:55 - [TEST_STEP][PASSED] - verifyTextPresent("Forgotten password?", false): Text 'Forgotten password?' is present on page 

2020-04-21 14:59:55 - [MESSAGE][PASSED] - Text 'Forgotten password?' is present on page 

2020-04-21 14:59:55 - [TEST_STEP][PASSED] - setText(findTestObject("Object Repository/WebOffice/Page_Checkatrade - Administration - Login/input_Username_LoginControlUserName"), wo_Username): Text 'DavidHo' is set on object 'Object Repository/WebOffice/Page_Checkatrade - Administration - Login/input_Username_LoginControlUserName'

2020-04-21 14:59:55 - [MESSAGE][PASSED] - Text 'DavidHo' is set on object 'Object Repository/WebOffice/Page_Checkatrade - Administration - Login/input_Username_LoginControlUserName'

2020-04-21 14:59:55 - [TEST_STEP][PASSED] - setText(findTestObject("Object Repository/WebOffice/Page_Checkatrade - Administration - Login/input_Password_LoginControlPassword"), wo_Password): Text 'Check123' is set on object 'Object Repository/WebOffice/Page_Checkatrade - Administration - Login/input_Password_LoginControlPassword'

2020-04-21 14:59:56 - [MESSAGE][PASSED] - Text 'Check123' is set on object 'Object Repository/WebOffice/Page_Checkatrade - Administration - Login/input_Password_LoginControlPassword'

2020-04-21 14:59:56 - [TEST_STEP][PASSED] - click(findTestObject("Object Repository/WebOffice/Page_Checkatrade - Administration - Login/Login_Button")): Object: 'Object Repository/WebOffice/Page_Checkatrade - Administration - Login/Login_Button' is clicked on

2020-04-21 14:59:57 - [MESSAGE][PASSED] - Object: 'Object Repository/WebOffice/Page_Checkatrade - Administration - Login/Login_Button' is clicked on

2020-04-21 14:59:57 - [TEST_STEP][PASSED] - waitForPageLoad(60): Wait for page load successfully

2020-04-21 14:59:57 - [MESSAGE][PASSED] - Wait for page load successfully

2020-04-21 14:59:57 - [TEST_STEP][PASSED] - verifyTextPresent("Welcome " + wo_Username, false): Text 'Welcome DavidHo' is present on page 

2020-04-21 14:59:58 - [MESSAGE][PASSED] - Text 'Welcome DavidHo' is present on page 

2020-04-21 14:59:58 - [MESSAGE][PASSED] - Call Test Case 'Test Cases/Reusable_Test_Sequences/Web_Office/Directives/WebOffice_StartUp' successfully

2020-04-21 14:59:58 - [TEST_STEP][PASSED] - "-----------------------------------------------------------------": null

2020-04-21 14:59:58 - [TEST_STEP][PASSED] - " Navigate to <Settings->Checkatrade.Com->Sub Item> Menu Item     |": null

2020-04-21 14:59:58 - [TEST_STEP][PASSED] - callTestCase(findTestCase("Reusable_Test_Sequences/Web_Office/Navigation/Sub_Menu_Navigation/Settings/Members_Area/Members_Blog_Posts"), [:], STOP_ON_FAILURE): Call Test Case 'Test Cases/Reusable_Test_Sequences/Web_Office/Navigation/Sub_Menu_Navigation/Settings/Members_Area/Members_Blog_Posts' successfully

2020-04-21 14:59:58 - [TEST_CASE][PASSED] - Test Cases/Reusable_Test_Sequences/Web_Office/Navigation/Sub_Menu_Navigation/Settings/Members_Area/Members_Blog_Posts: Test Cases/Reusable_Test_Sequences/Web_Office/Navigation/Sub_Menu_Navigation/Settings/Members_Area/Members_Blog_Posts

2020-04-21 14:59:58 - [TEST_STEP][PASSED] - "--------------------------------------": null

2020-04-21 14:59:58 - [TEST_STEP][PASSED] - " Navigate Top level menu Item         |": null

2020-04-21 14:59:58 - [TEST_STEP][PASSED] - waitForPageLoad(60): Wait for page load successfully

2020-04-21 14:59:58 - [MESSAGE][PASSED] - Wait for page load successfully

2020-04-21 14:59:58 - [TEST_STEP][PASSED] - waitForElementClickable(findTestObject("Object Repository/WebOffice_Home_page/a_Settings"), 60): Object 'Object Repository/WebOffice_Home_page/a_Settings' is clickable

2020-04-21 14:59:58 - [MESSAGE][PASSED] - Object 'Object Repository/WebOffice_Home_page/a_Settings' is clickable

2020-04-21 14:59:58 - [TEST_STEP][PASSED] - mouseOver(findTestObject("Object Repository/WebOffice_Home_page/a_Settings")): Object: 'Object Repository/WebOffice_Home_page/a_Settings' is hovered

2020-04-21 14:59:58 - [MESSAGE][PASSED] - Object: 'Object Repository/WebOffice_Home_page/a_Settings' is hovered

2020-04-21 14:59:58 - [TEST_STEP][PASSED] - mouseOver(findTestObject("Object Repository/WebOffice_Home_page/a_Members Area")): Object: 'Object Repository/WebOffice_Home_page/a_Members Area' is hovered

2020-04-21 14:59:59 - [MESSAGE][PASSED] - Object: 'Object Repository/WebOffice_Home_page/a_Members Area' is hovered

2020-04-21 14:59:59 - [TEST_STEP][PASSED] - waitForElementClickable(findTestObject("Object Repository/WebOffice_Home_page/a_Members Blog Posts"), 1): Object 'Object Repository/WebOffice_Home_page/a_Members Blog Posts' is clickable

2020-04-21 14:59:59 - [MESSAGE][PASSED] - Object 'Object Repository/WebOffice_Home_page/a_Members Blog Posts' is clickable

2020-04-21 14:59:59 - [TEST_STEP][PASSED] - click(findTestObject("Object Repository/WebOffice_Home_page/a_Members Blog Posts")): Object: 'Object Repository/WebOffice_Home_page/a_Members Blog Posts' is clicked on

2020-04-21 15:00:01 - [MESSAGE][PASSED] - Object: 'Object Repository/WebOffice_Home_page/a_Members Blog Posts' is clicked on

2020-04-21 15:00:01 - [MESSAGE][PASSED] - Call Test Case 'Test Cases/Reusable_Test_Sequences/Web_Office/Navigation/Sub_Menu_Navigation/Settings/Members_Area/Members_Blog_Posts' successfully

2020-04-21 15:00:01 - [TEST_STEP][PASSED] - "--------------------------------------": null

2020-04-21 15:00:01 - [TEST_STEP][PASSED] - " Verify Returned Page Detail          |": null

2020-04-21 15:00:01 - [TEST_STEP][PASSED] - callTestCase(findTestCase("Reusable_Test_Sequences/Web_Office/Verification/Settings/Members_Area/Members_Blog_Posts"), [:], OPTIONAL): Call Test Case 'Test Cases/Reusable_Test_Sequences/Web_Office/Verification/Settings/Members_Area/Members_Blog_Posts' successfully

2020-04-21 15:00:01 - [TEST_CASE][PASSED] - Test Cases/Reusable_Test_Sequences/Web_Office/Verification/Settings/Members_Area/Members_Blog_Posts: Test Cases/Reusable_Test_Sequences/Web_Office/Verification/Settings/Members_Area/Members_Blog_Posts

2020-04-21 15:00:01 - [TEST_STEP][PASSED] - waitForPageLoad(60): Wait for page load successfully

2020-04-21 15:00:01 - [MESSAGE][PASSED] - Wait for page load successfully

2020-04-21 15:00:01 - [TEST_STEP][PASSED] - delay(1): Delayed 1 second(s)

2020-04-21 15:00:02 - [MESSAGE][PASSED] - Delayed 1 second(s)

2020-04-21 15:00:02 - [TEST_STEP][PASSED] - verifyTextPresent("Members Blog Posts", false): Text 'Members Blog Posts' is present on page 

2020-04-21 15:00:03 - [MESSAGE][PASSED] - Text 'Members Blog Posts' is present on page 

2020-04-21 15:00:03 - [TEST_STEP][PASSED] - "----------------------------------------------": null

2020-04-21 15:00:03 - [TEST_STEP][PASSED] - verifyTextPresent("Use this page to add new Blog posts and amend which ones are shown. These are posts are only visible on the Members Area.", false): Text 'Use this page to add new Blog posts and amend which ones are shown. These are posts are only visible on the Members Area.' is present on page 

2020-04-21 15:00:03 - [MESSAGE][PASSED] - Text 'Use this page to add new Blog posts and amend which ones are shown. These are posts are only visible on the Members Area.' is present on page 

2020-04-21 15:00:03 - [TEST_STEP][PASSED] - verifyTextPresent("Subject", false): Text 'Subject' is present on page 

2020-04-21 15:00:04 - [MESSAGE][PASSED] - Text 'Subject' is present on page 

2020-04-21 15:00:04 - [TEST_STEP][PASSED] - verifyTextPresent("Add New Blog Post", false): Text 'Add New Blog Post' is present on page 

2020-04-21 15:00:04 - [MESSAGE][PASSED] - Text 'Add New Blog Post' is present on page 

2020-04-21 15:00:04 - [TEST_STEP][PASSED] - "----------------------------------------------": null

2020-04-21 15:00:04 - [TEST_STEP][PASSED] - verifyTextPresent("Active Blog Posts", false): Text 'Active Blog Posts' is present on page 

2020-04-21 15:00:04 - [MESSAGE][PASSED] - Text 'Active Blog Posts' is present on page 

2020-04-21 15:00:04 - [TEST_STEP][PASSED] - verifyTextPresent("Secure Contacts FAQ's", false): Text 'Secure Contacts FAQ's' is present on page 

2020-04-21 15:00:05 - [MESSAGE][PASSED] - Text 'Secure Contacts FAQ's' is present on page 

2020-04-21 15:00:05 - [MESSAGE][PASSED] - Call Test Case 'Test Cases/Reusable_Test_Sequences/Web_Office/Verification/Settings/Members_Area/Members_Blog_Posts' successfully

2020-04-21 15:00:05 - [TEST_STEP][PASSED] - "--------------------------": null

2020-04-21 15:00:05 - [TEST_STEP][PASSED] - " Teardown - CLose Browser |": null

2020-04-21 15:00:05 - [TEST_STEP][PASSED] - callTestCase(findTestCase("Reusable_Test_Sequences/CAT_Teardown"), [:], OPTIONAL): Call Test Case 'Test Cases/Reusable_Test_Sequences/CAT_Teardown' successfully

2020-04-21 15:00:05 - [TEST_CASE][PASSED] - Test Cases/Reusable_Test_Sequences/CAT_Teardown: Test Cases/Reusable_Test_Sequences/CAT_Teardown

2020-04-21 15:00:05 - [TEST_STEP][PASSED] - closeBrowser(): Browser is closed

2020-04-21 15:00:10 - [MESSAGE][PASSED] - Browser is closed

2020-04-21 15:00:10 - [TEST_STEP][PASSED] - super.finalize(): null

2020-04-21 15:00:10 - [TEST_STEP][PASSED] - System.gc(): null

2020-04-21 15:00:10 - [MESSAGE][PASSED] - Call Test Case 'Test Cases/Reusable_Test_Sequences/CAT_Teardown' successfully]]></system-out>
         <system-err><![CDATA[]]></system-err>
      </testcase>
      <testcase name="Test Cases/Web_Office/Settings/Members_Area/Manage_Accreditation_Types" time="47.519" classname="Test Cases/Web_Office/Settings/Members_Area/Manage_Accreditation_Types" status="PASSED">
         <system-out><![CDATA[2020-04-21 15:00:10 - [TEST_CASE][PASSED] - Test Cases/Web_Office/Settings/Members_Area/Manage_Accreditation_Types: Test Cases/Web_Office/Settings/Members_Area/Manage_Accreditation_Types

2020-04-21 15:00:11 - [TEST_STEP][PASSED] - "--------------------------------------": null

2020-04-21 15:00:11 - [TEST_STEP][PASSED] - " Web Office StartUp                  |": null

2020-04-21 15:00:11 - [TEST_STEP][PASSED] - callTestCase(findTestCase("Reusable_Test_Sequences/Web_Office/Directives/WebOffice_StartUp"), [:], STOP_ON_FAILURE): Call Test Case 'Test Cases/Reusable_Test_Sequences/Web_Office/Directives/WebOffice_StartUp' successfully

2020-04-21 15:00:11 - [TEST_CASE][PASSED] - Test Cases/Reusable_Test_Sequences/Web_Office/Directives/WebOffice_StartUp: Test Cases/Reusable_Test_Sequences/Web_Office/Directives/WebOffice_StartUp

2020-04-21 15:00:11 - [TEST_STEP][PASSED] - "-----------------------------------------------------------------------------": null

2020-04-21 15:00:11 - [TEST_STEP][PASSED] - if (URL == "https://www.dev.checkatrade.com/"): null

2020-04-21 15:00:11 - [TEST_STEP][PASSED] - "-----------------------------------------------------------------------------": null

2020-04-21 15:00:11 - [TEST_STEP][PASSED] - if (URL == "https://www.checkatrade.com/"): null

2020-04-21 15:00:11 - [TEST_STEP][PASSED] - "-----------------------------------------------------------------------------": null

2020-04-21 15:00:11 - [TEST_STEP][PASSED] - if (URL == "https://www.preview.checkatrade.com/"): null

2020-04-21 15:00:11 - [TEST_STEP][PASSED] - WebOfficeURL = "https://admin.preview.checkatrade.com/": null

2020-04-21 15:00:11 - [TEST_STEP][PASSED] - if (URL == "https://www.dev2.checkatrade.com/"): null

2020-04-21 15:00:11 - [TEST_STEP][PASSED] - "Set Function Area for "URL_Handler", URL Resolution": null

2020-04-21 15:00:11 - [TEST_STEP][PASSED] - "Do Some Magic with URL(s) See the comments within URL Handler ": null

2020-04-21 15:00:11 - [TEST_STEP][PASSED] - "------------------------------------------------": null

2020-04-21 15:00:11 - [TEST_STEP][PASSED] - "Moved Login Credentials to <Default> profile 22/01/2020": null

2020-04-21 15:00:11 - [TEST_STEP][PASSED] - "------------------------------------------------": null

2020-04-21 15:00:11 - [TEST_STEP][PASSED] - "WebOfficeURL - Set from the ENVIRONMENT PROFILE ": null

2020-04-21 15:00:11 - [TEST_STEP][PASSED] - "OPEN BROWSER": null

2020-04-21 15:00:11 - [TEST_STEP][PASSED] - "eg - https://admin.preview.checkatrade.com/  ": null

2020-04-21 15:00:11 - [TEST_STEP][PASSED] - openBrowser(WebOfficeURL): Browser is opened with url: 'https://admin.preview.checkatrade.com/'

2020-04-21 15:00:11 - [MESSAGE][INFO] - Starting 'Chrome' driver

2020-04-21 15:00:11 - [MESSAGE][INFO] - Action delay is set to 0 milliseconds

2020-04-21 15:00:16 - [MESSAGE][PASSED] - Browser is opened with url: 'https://admin.preview.checkatrade.com/'

2020-04-21 15:00:16 - [TEST_STEP][PASSED] - maximizeWindow(): Current window maximized

2020-04-21 15:00:18 - [MESSAGE][PASSED] - Current window maximized

2020-04-21 15:00:18 - [TEST_STEP][PASSED] - waitForElementClickable(findTestObject("Object Repository/WebOffice/Page_Checkatrade - Administration - Login/Login_Button"), 25): Object 'Object Repository/WebOffice/Page_Checkatrade - Administration - Login/Login_Button' is clickable

2020-04-21 15:00:19 - [MESSAGE][PASSED] - Object 'Object Repository/WebOffice/Page_Checkatrade - Administration - Login/Login_Button' is clickable

2020-04-21 15:00:19 - [TEST_STEP][PASSED] - verifyTextPresent("Checkatrade Web Office", false): Text 'Checkatrade Web Office' is present on page 

2020-04-21 15:00:19 - [MESSAGE][PASSED] - Text 'Checkatrade Web Office' is present on page 

2020-04-21 15:00:19 - [TEST_STEP][PASSED] - verifyTextPresent("Access for staff use only", false): Text 'Access for staff use only' is present on page 

2020-04-21 15:00:19 - [MESSAGE][PASSED] - Text 'Access for staff use only' is present on page 

2020-04-21 15:00:19 - [TEST_STEP][PASSED] - verifyTextPresent("Forgotten password?", false): Text 'Forgotten password?' is present on page 

2020-04-21 15:00:19 - [MESSAGE][PASSED] - Text 'Forgotten password?' is present on page 

2020-04-21 15:00:19 - [TEST_STEP][PASSED] - setText(findTestObject("Object Repository/WebOffice/Page_Checkatrade - Administration - Login/input_Username_LoginControlUserName"), wo_Username): Text 'DavidHo' is set on object 'Object Repository/WebOffice/Page_Checkatrade - Administration - Login/input_Username_LoginControlUserName'

2020-04-21 15:00:19 - [MESSAGE][PASSED] - Text 'DavidHo' is set on object 'Object Repository/WebOffice/Page_Checkatrade - Administration - Login/input_Username_LoginControlUserName'

2020-04-21 15:00:19 - [TEST_STEP][PASSED] - setText(findTestObject("Object Repository/WebOffice/Page_Checkatrade - Administration - Login/input_Password_LoginControlPassword"), wo_Password): Text 'Check123' is set on object 'Object Repository/WebOffice/Page_Checkatrade - Administration - Login/input_Password_LoginControlPassword'

2020-04-21 15:00:19 - [MESSAGE][PASSED] - Text 'Check123' is set on object 'Object Repository/WebOffice/Page_Checkatrade - Administration - Login/input_Password_LoginControlPassword'

2020-04-21 15:00:19 - [TEST_STEP][PASSED] - click(findTestObject("Object Repository/WebOffice/Page_Checkatrade - Administration - Login/Login_Button")): Object: 'Object Repository/WebOffice/Page_Checkatrade - Administration - Login/Login_Button' is clicked on

2020-04-21 15:00:23 - [MESSAGE][PASSED] - Object: 'Object Repository/WebOffice/Page_Checkatrade - Administration - Login/Login_Button' is clicked on

2020-04-21 15:00:23 - [TEST_STEP][PASSED] - waitForPageLoad(60): Wait for page load successfully

2020-04-21 15:00:23 - [MESSAGE][PASSED] - Wait for page load successfully

2020-04-21 15:00:23 - [TEST_STEP][PASSED] - verifyTextPresent("Welcome " + wo_Username, false): Text 'Welcome DavidHo' is present on page 

2020-04-21 15:00:23 - [MESSAGE][PASSED] - Text 'Welcome DavidHo' is present on page 

2020-04-21 15:00:23 - [MESSAGE][PASSED] - Call Test Case 'Test Cases/Reusable_Test_Sequences/Web_Office/Directives/WebOffice_StartUp' successfully

2020-04-21 15:00:23 - [TEST_STEP][PASSED] - "-----------------------------------------------------------------": null

2020-04-21 15:00:23 - [TEST_STEP][PASSED] - " Navigate to <Settings->Checkatrade.Com->Sub Item> Menu Item     |": null

2020-04-21 15:00:23 - [TEST_STEP][PASSED] - callTestCase(findTestCase("Reusable_Test_Sequences/Web_Office/Navigation/Sub_Menu_Navigation/Settings/Members_Area/Manage_Accreditation_Types"), [:], STOP_ON_FAILURE): Call Test Case 'Test Cases/Reusable_Test_Sequences/Web_Office/Navigation/Sub_Menu_Navigation/Settings/Members_Area/Manage_Accreditation_Types' successfully

2020-04-21 15:00:23 - [TEST_CASE][PASSED] - Test Cases/Reusable_Test_Sequences/Web_Office/Navigation/Sub_Menu_Navigation/Settings/Members_Area/Manage_Accreditation_Types: Test Cases/Reusable_Test_Sequences/Web_Office/Navigation/Sub_Menu_Navigation/Settings/Members_Area/Manage_Accreditation_Types

2020-04-21 15:00:24 - [TEST_STEP][PASSED] - "--------------------------------------": null

2020-04-21 15:00:24 - [TEST_STEP][PASSED] - " Navigate Top level menu Item         |": null

2020-04-21 15:00:24 - [TEST_STEP][PASSED] - waitForPageLoad(60): Wait for page load successfully

2020-04-21 15:00:24 - [MESSAGE][PASSED] - Wait for page load successfully

2020-04-21 15:00:24 - [TEST_STEP][PASSED] - waitForElementClickable(findTestObject("Object Repository/WebOffice_Home_page/a_Settings"), 60): Object 'Object Repository/WebOffice_Home_page/a_Settings' is clickable

2020-04-21 15:00:24 - [MESSAGE][PASSED] - Object 'Object Repository/WebOffice_Home_page/a_Settings' is clickable

2020-04-21 15:00:24 - [TEST_STEP][PASSED] - mouseOver(findTestObject("Object Repository/WebOffice_Home_page/a_Settings")): Object: 'Object Repository/WebOffice_Home_page/a_Settings' is hovered

2020-04-21 15:00:24 - [MESSAGE][PASSED] - Object: 'Object Repository/WebOffice_Home_page/a_Settings' is hovered

2020-04-21 15:00:24 - [TEST_STEP][PASSED] - mouseOver(findTestObject("Object Repository/WebOffice_Home_page/a_Members Area")): Object: 'Object Repository/WebOffice_Home_page/a_Members Area' is hovered

2020-04-21 15:00:25 - [MESSAGE][PASSED] - Object: 'Object Repository/WebOffice_Home_page/a_Members Area' is hovered

2020-04-21 15:00:25 - [TEST_STEP][PASSED] - waitForElementClickable(findTestObject("Object Repository/WebOffice_Home_page/a_Manage Accreditation Types"), 1): Object 'Object Repository/WebOffice_Home_page/a_Manage Accreditation Types' is clickable

2020-04-21 15:00:25 - [MESSAGE][PASSED] - Object 'Object Repository/WebOffice_Home_page/a_Manage Accreditation Types' is clickable

2020-04-21 15:00:25 - [TEST_STEP][PASSED] - click(findTestObject("Object Repository/WebOffice_Home_page/a_Manage Accreditation Types")): Object: 'Object Repository/WebOffice_Home_page/a_Manage Accreditation Types' is clicked on

2020-04-21 15:00:29 - [MESSAGE][PASSED] - Object: 'Object Repository/WebOffice_Home_page/a_Manage Accreditation Types' is clicked on

2020-04-21 15:00:29 - [MESSAGE][PASSED] - Call Test Case 'Test Cases/Reusable_Test_Sequences/Web_Office/Navigation/Sub_Menu_Navigation/Settings/Members_Area/Manage_Accreditation_Types' successfully

2020-04-21 15:00:29 - [TEST_STEP][PASSED] - "--------------------------------------": null

2020-04-21 15:00:29 - [TEST_STEP][PASSED] - " Verify Returned Page Detail          |": null

2020-04-21 15:00:29 - [TEST_STEP][PASSED] - callTestCase(findTestCase("Reusable_Test_Sequences/Web_Office/Verification/Settings/Members_Area/Manage_Accreditation_Types"), [:], OPTIONAL): Call Test Case 'Test Cases/Reusable_Test_Sequences/Web_Office/Verification/Settings/Members_Area/Manage_Accreditation_Types' successfully

2020-04-21 15:00:29 - [TEST_CASE][PASSED] - Test Cases/Reusable_Test_Sequences/Web_Office/Verification/Settings/Members_Area/Manage_Accreditation_Types: Test Cases/Reusable_Test_Sequences/Web_Office/Verification/Settings/Members_Area/Manage_Accreditation_Types

2020-04-21 15:00:29 - [TEST_STEP][PASSED] - waitForPageLoad(60): Wait for page load successfully

2020-04-21 15:00:30 - [MESSAGE][PASSED] - Wait for page load successfully

2020-04-21 15:00:30 - [TEST_STEP][PASSED] - delay(1): Delayed 1 second(s)

2020-04-21 15:00:31 - [MESSAGE][PASSED] - Delayed 1 second(s)

2020-04-21 15:00:31 - [TEST_STEP][PASSED] - verifyTextPresent("Members Accreditations", false): Text 'Members Accreditations' is present on page 

2020-04-21 15:00:32 - [MESSAGE][PASSED] - Text 'Members Accreditations' is present on page 

2020-04-21 15:00:32 - [TEST_STEP][PASSED] - "----------------------------------------------": null

2020-04-21 15:00:32 - [TEST_STEP][PASSED] - verifyTextPresent("Add New Accreditation", false): Text 'Add New Accreditation' is present on page 

2020-04-21 15:00:33 - [MESSAGE][PASSED] - Text 'Add New Accreditation' is present on page 

2020-04-21 15:00:33 - [TEST_STEP][PASSED] - verifyTextPresent("Name", false): Text 'Name' is present on page 

2020-04-21 15:00:34 - [MESSAGE][PASSED] - Text 'Name' is present on page 

2020-04-21 15:00:34 - [TEST_STEP][PASSED] - verifyTextPresent("Description", false): Text 'Description' is present on page 

2020-04-21 15:00:35 - [MESSAGE][PASSED] - Text 'Description' is present on page 

2020-04-21 15:00:35 - [TEST_STEP][PASSED] - verifyTextPresent("Start Date", false): Text 'Start Date' is present on page 

2020-04-21 15:00:36 - [MESSAGE][PASSED] - Text 'Start Date' is present on page 

2020-04-21 15:00:36 - [TEST_STEP][PASSED] - verifyTextPresent("End Date", false): Text 'End Date' is present on page 

2020-04-21 15:00:37 - [MESSAGE][PASSED] - Text 'End Date' is present on page 

2020-04-21 15:00:37 - [TEST_STEP][PASSED] - verifyTextPresent("Status", false): Text 'Status' is present on page 

2020-04-21 15:00:38 - [MESSAGE][PASSED] - Text 'Status' is present on page 

2020-04-21 15:00:38 - [TEST_STEP][PASSED] - verifyTextPresent("Valid", false): Text 'Valid' is present on page 

2020-04-21 15:00:39 - [MESSAGE][PASSED] - Text 'Valid' is present on page 

2020-04-21 15:00:39 - [TEST_STEP][PASSED] - verifyTextPresent("Options", false): Text 'Options' is present on page 

2020-04-21 15:00:40 - [MESSAGE][PASSED] - Text 'Options' is present on page 

2020-04-21 15:00:40 - [TEST_STEP][PASSED] - verifyTextPresent("Expiry Date Required", false): Text 'Expiry Date Required' is present on page 

2020-04-21 15:00:41 - [MESSAGE][PASSED] - Text 'Expiry Date Required' is present on page 

2020-04-21 15:00:41 - [TEST_STEP][PASSED] - verifyTextPresent("Visibility", false): Text 'Visibility' is present on page 

2020-04-21 15:00:42 - [MESSAGE][PASSED] - Text 'Visibility' is present on page 

2020-04-21 15:00:42 - [TEST_STEP][PASSED] - verifyTextPresent("Email", false): Text 'Email' is present on page 

2020-04-21 15:00:43 - [MESSAGE][PASSED] - Text 'Email' is present on page 

2020-04-21 15:00:43 - [TEST_STEP][PASSED] - "----------------------------------------------": null

2020-04-21 15:00:43 - [TEST_STEP][PASSED] - verifyTextPresent("Edit", false): Text 'Edit' is present on page 

2020-04-21 15:00:44 - [MESSAGE][PASSED] - Text 'Edit' is present on page 

2020-04-21 15:00:44 - [TEST_STEP][PASSED] - verifyTextPresent("Status", false): Text 'Status' is present on page 

2020-04-21 15:00:45 - [MESSAGE][PASSED] - Text 'Status' is present on page 

2020-04-21 15:00:45 - [TEST_STEP][PASSED] - verifyTextPresent("Name", false): Text 'Name' is present on page 

2020-04-21 15:00:45 - [MESSAGE][PASSED] - Text 'Name' is present on page 

2020-04-21 15:00:45 - [TEST_STEP][PASSED] - verifyTextPresent("Description", false): Text 'Description' is present on page 

2020-04-21 15:00:46 - [MESSAGE][PASSED] - Text 'Description' is present on page 

2020-04-21 15:00:46 - [TEST_STEP][PASSED] - verifyTextPresent("Expiry Date", false): Text 'Expiry Date' is present on page 

2020-04-21 15:00:47 - [MESSAGE][PASSED] - Text 'Expiry Date' is present on page 

2020-04-21 15:00:47 - [TEST_STEP][PASSED] - verifyTextPresent("Reg", false): Text 'Reg' is present on page 

2020-04-21 15:00:49 - [MESSAGE][PASSED] - Text 'Reg' is present on page 

2020-04-21 15:00:49 - [TEST_STEP][PASSED] - verifyTextPresent("Start Date", false): Text 'Start Date' is present on page 

2020-04-21 15:00:49 - [MESSAGE][PASSED] - Text 'Start Date' is present on page 

2020-04-21 15:00:49 - [TEST_STEP][PASSED] - verifyTextPresent("End Date", false): Text 'End Date' is present on page 

2020-04-21 15:00:50 - [MESSAGE][PASSED] - Text 'End Date' is present on page 

2020-04-21 15:00:50 - [TEST_STEP][PASSED] - verifyTextPresent("Notes", false): Text 'Notes' is present on page 

2020-04-21 15:00:51 - [MESSAGE][PASSED] - Text 'Notes' is present on page 

2020-04-21 15:00:51 - [TEST_STEP][PASSED] - verifyTextPresent("Valid", false): Text 'Valid' is present on page 

2020-04-21 15:00:52 - [MESSAGE][PASSED] - Text 'Valid' is present on page 

2020-04-21 15:00:52 - [TEST_STEP][PASSED] - verifyTextPresent("CORGI", false): Text 'CORGI' is present on page 

2020-04-21 15:00:53 - [MESSAGE][PASSED] - Text 'CORGI' is present on page 

2020-04-21 15:00:53 - [TEST_STEP][PASSED] - verifyTextPresent("British Standards Institution", false): Text 'British Standards Institution' is present on page 

2020-04-21 15:00:54 - [MESSAGE][PASSED] - Text 'British Standards Institution' is present on page 

2020-04-21 15:00:54 - [TEST_STEP][PASSED] - verifyTextPresent("Electrical Contractors Association", false): Text 'Electrical Contractors Association' is present on page 

2020-04-21 15:00:56 - [MESSAGE][PASSED] - Text 'Electrical Contractors Association' is present on page 

2020-04-21 15:00:56 - [MESSAGE][PASSED] - Call Test Case 'Test Cases/Reusable_Test_Sequences/Web_Office/Verification/Settings/Members_Area/Manage_Accreditation_Types' successfully

2020-04-21 15:00:56 - [TEST_STEP][PASSED] - "--------------------------": null

2020-04-21 15:00:56 - [TEST_STEP][PASSED] - " Teardown - CLose Browser |": null

2020-04-21 15:00:56 - [TEST_STEP][PASSED] - callTestCase(findTestCase("Reusable_Test_Sequences/CAT_Teardown"), [:], OPTIONAL): Call Test Case 'Test Cases/Reusable_Test_Sequences/CAT_Teardown' successfully

2020-04-21 15:00:56 - [TEST_CASE][PASSED] - Test Cases/Reusable_Test_Sequences/CAT_Teardown: Test Cases/Reusable_Test_Sequences/CAT_Teardown

2020-04-21 15:00:56 - [TEST_STEP][PASSED] - closeBrowser(): Browser is closed

2020-04-21 15:00:58 - [MESSAGE][PASSED] - Browser is closed

2020-04-21 15:00:58 - [TEST_STEP][PASSED] - super.finalize(): null

2020-04-21 15:00:58 - [TEST_STEP][PASSED] - System.gc(): null

2020-04-21 15:00:58 - [MESSAGE][PASSED] - Call Test Case 'Test Cases/Reusable_Test_Sequences/CAT_Teardown' successfully]]></system-out>
         <system-err><![CDATA[]]></system-err>
      </testcase>
      <testcase name="Test Cases/Web_Office/Settings/Members_Area/Manage_Advert_Banners" time="33.485" classname="Test Cases/Web_Office/Settings/Members_Area/Manage_Advert_Banners" status="PASSED">
         <system-out><![CDATA[2020-04-21 15:00:58 - [TEST_CASE][PASSED] - Test Cases/Web_Office/Settings/Members_Area/Manage_Advert_Banners: Test Cases/Web_Office/Settings/Members_Area/Manage_Advert_Banners

2020-04-21 15:00:58 - [TEST_STEP][PASSED] - "--------------------------------------": null

2020-04-21 15:00:58 - [TEST_STEP][PASSED] - " Web Office StartUp                   |": null

2020-04-21 15:00:58 - [TEST_STEP][PASSED] - callTestCase(findTestCase("Reusable_Test_Sequences/Web_Office/Directives/WebOffice_StartUp"), [:], STOP_ON_FAILURE): Call Test Case 'Test Cases/Reusable_Test_Sequences/Web_Office/Directives/WebOffice_StartUp' successfully

2020-04-21 15:00:59 - [TEST_CASE][PASSED] - Test Cases/Reusable_Test_Sequences/Web_Office/Directives/WebOffice_StartUp: Test Cases/Reusable_Test_Sequences/Web_Office/Directives/WebOffice_StartUp

2020-04-21 15:00:59 - [TEST_STEP][PASSED] - "-----------------------------------------------------------------------------": null

2020-04-21 15:00:59 - [TEST_STEP][PASSED] - if (URL == "https://www.dev.checkatrade.com/"): null

2020-04-21 15:00:59 - [TEST_STEP][PASSED] - "-----------------------------------------------------------------------------": null

2020-04-21 15:00:59 - [TEST_STEP][PASSED] - if (URL == "https://www.checkatrade.com/"): null

2020-04-21 15:00:59 - [TEST_STEP][PASSED] - "-----------------------------------------------------------------------------": null

2020-04-21 15:00:59 - [TEST_STEP][PASSED] - if (URL == "https://www.preview.checkatrade.com/"): null

2020-04-21 15:00:59 - [TEST_STEP][PASSED] - WebOfficeURL = "https://admin.preview.checkatrade.com/": null

2020-04-21 15:00:59 - [TEST_STEP][PASSED] - if (URL == "https://www.dev2.checkatrade.com/"): null

2020-04-21 15:00:59 - [TEST_STEP][PASSED] - "Set Function Area for "URL_Handler", URL Resolution": null

2020-04-21 15:00:59 - [TEST_STEP][PASSED] - "Do Some Magic with URL(s) See the comments within URL Handler ": null

2020-04-21 15:00:59 - [TEST_STEP][PASSED] - "------------------------------------------------": null

2020-04-21 15:00:59 - [TEST_STEP][PASSED] - "Moved Login Credentials to <Default> profile 22/01/2020": null

2020-04-21 15:00:59 - [TEST_STEP][PASSED] - "------------------------------------------------": null

2020-04-21 15:00:59 - [TEST_STEP][PASSED] - "WebOfficeURL - Set from the ENVIRONMENT PROFILE ": null

2020-04-21 15:00:59 - [TEST_STEP][PASSED] - "OPEN BROWSER": null

2020-04-21 15:00:59 - [TEST_STEP][PASSED] - "eg - https://admin.preview.checkatrade.com/  ": null

2020-04-21 15:00:59 - [TEST_STEP][PASSED] - openBrowser(WebOfficeURL): Browser is opened with url: 'https://admin.preview.checkatrade.com/'

2020-04-21 15:00:59 - [MESSAGE][INFO] - Starting 'Chrome' driver

2020-04-21 15:00:59 - [MESSAGE][INFO] - Action delay is set to 0 milliseconds

2020-04-21 15:01:04 - [MESSAGE][PASSED] - Browser is opened with url: 'https://admin.preview.checkatrade.com/'

2020-04-21 15:01:04 - [TEST_STEP][PASSED] - maximizeWindow(): Current window maximized

2020-04-21 15:01:06 - [MESSAGE][PASSED] - Current window maximized

2020-04-21 15:01:06 - [TEST_STEP][PASSED] - waitForElementClickable(findTestObject("Object Repository/WebOffice/Page_Checkatrade - Administration - Login/Login_Button"), 25): Object 'Object Repository/WebOffice/Page_Checkatrade - Administration - Login/Login_Button' is clickable

2020-04-21 15:01:06 - [MESSAGE][PASSED] - Object 'Object Repository/WebOffice/Page_Checkatrade - Administration - Login/Login_Button' is clickable

2020-04-21 15:01:06 - [TEST_STEP][PASSED] - verifyTextPresent("Checkatrade Web Office", false): Text 'Checkatrade Web Office' is present on page 

2020-04-21 15:01:06 - [MESSAGE][PASSED] - Text 'Checkatrade Web Office' is present on page 

2020-04-21 15:01:06 - [TEST_STEP][PASSED] - verifyTextPresent("Access for staff use only", false): Text 'Access for staff use only' is present on page 

2020-04-21 15:01:06 - [MESSAGE][PASSED] - Text 'Access for staff use only' is present on page 

2020-04-21 15:01:06 - [TEST_STEP][PASSED] - verifyTextPresent("Forgotten password?", false): Text 'Forgotten password?' is present on page 

2020-04-21 15:01:06 - [MESSAGE][PASSED] - Text 'Forgotten password?' is present on page 

2020-04-21 15:01:06 - [TEST_STEP][PASSED] - setText(findTestObject("Object Repository/WebOffice/Page_Checkatrade - Administration - Login/input_Username_LoginControlUserName"), wo_Username): Text 'DavidHo' is set on object 'Object Repository/WebOffice/Page_Checkatrade - Administration - Login/input_Username_LoginControlUserName'

2020-04-21 15:01:07 - [MESSAGE][PASSED] - Text 'DavidHo' is set on object 'Object Repository/WebOffice/Page_Checkatrade - Administration - Login/input_Username_LoginControlUserName'

2020-04-21 15:01:07 - [TEST_STEP][PASSED] - setText(findTestObject("Object Repository/WebOffice/Page_Checkatrade - Administration - Login/input_Password_LoginControlPassword"), wo_Password): Text 'Check123' is set on object 'Object Repository/WebOffice/Page_Checkatrade - Administration - Login/input_Password_LoginControlPassword'

2020-04-21 15:01:07 - [MESSAGE][PASSED] - Text 'Check123' is set on object 'Object Repository/WebOffice/Page_Checkatrade - Administration - Login/input_Password_LoginControlPassword'

2020-04-21 15:01:07 - [TEST_STEP][PASSED] - click(findTestObject("Object Repository/WebOffice/Page_Checkatrade - Administration - Login/Login_Button")): Object: 'Object Repository/WebOffice/Page_Checkatrade - Administration - Login/Login_Button' is clicked on

2020-04-21 15:01:09 - [MESSAGE][PASSED] - Object: 'Object Repository/WebOffice/Page_Checkatrade - Administration - Login/Login_Button' is clicked on

2020-04-21 15:01:09 - [TEST_STEP][PASSED] - waitForPageLoad(60): Wait for page load successfully

2020-04-21 15:01:09 - [MESSAGE][PASSED] - Wait for page load successfully

2020-04-21 15:01:09 - [TEST_STEP][PASSED] - verifyTextPresent("Welcome " + wo_Username, false): Text 'Welcome DavidHo' is present on page 

2020-04-21 15:01:10 - [MESSAGE][PASSED] - Text 'Welcome DavidHo' is present on page 

2020-04-21 15:01:10 - [MESSAGE][PASSED] - Call Test Case 'Test Cases/Reusable_Test_Sequences/Web_Office/Directives/WebOffice_StartUp' successfully

2020-04-21 15:01:10 - [TEST_STEP][PASSED] - "-----------------------------------------------------------------": null

2020-04-21 15:01:10 - [TEST_STEP][PASSED] - " Navigate to <Settings->Checkatrade.Com->Sub Item> Menu Item     |": null

2020-04-21 15:01:10 - [TEST_STEP][PASSED] - callTestCase(findTestCase("Reusable_Test_Sequences/Web_Office/Navigation/Sub_Menu_Navigation/Settings/Members_Area/Manage_Advert_Banners"), [:], STOP_ON_FAILURE): Call Test Case 'Test Cases/Reusable_Test_Sequences/Web_Office/Navigation/Sub_Menu_Navigation/Settings/Members_Area/Manage_Advert_Banners' successfully

2020-04-21 15:01:10 - [TEST_CASE][PASSED] - Test Cases/Reusable_Test_Sequences/Web_Office/Navigation/Sub_Menu_Navigation/Settings/Members_Area/Manage_Advert_Banners: Test Cases/Reusable_Test_Sequences/Web_Office/Navigation/Sub_Menu_Navigation/Settings/Members_Area/Manage_Advert_Banners

2020-04-21 15:01:11 - [TEST_STEP][PASSED] - "--------------------------------------": null

2020-04-21 15:01:11 - [TEST_STEP][PASSED] - " Navigate Top level menu Item         |": null

2020-04-21 15:01:11 - [TEST_STEP][PASSED] - waitForPageLoad(60): Wait for page load successfully

2020-04-21 15:01:11 - [MESSAGE][PASSED] - Wait for page load successfully

2020-04-21 15:01:11 - [TEST_STEP][PASSED] - waitForElementClickable(findTestObject("Object Repository/WebOffice_Home_page/a_Settings"), 60): Object 'Object Repository/WebOffice_Home_page/a_Settings' is clickable

2020-04-21 15:01:12 - [MESSAGE][PASSED] - Object 'Object Repository/WebOffice_Home_page/a_Settings' is clickable

2020-04-21 15:01:12 - [TEST_STEP][PASSED] - mouseOver(findTestObject("Object Repository/WebOffice_Home_page/a_Settings")): Object: 'Object Repository/WebOffice_Home_page/a_Settings' is hovered

2020-04-21 15:01:12 - [MESSAGE][PASSED] - Object: 'Object Repository/WebOffice_Home_page/a_Settings' is hovered

2020-04-21 15:01:12 - [TEST_STEP][PASSED] - mouseOver(findTestObject("Object Repository/WebOffice_Home_page/a_Members Area")): Object: 'Object Repository/WebOffice_Home_page/a_Members Area' is hovered

2020-04-21 15:01:12 - [MESSAGE][PASSED] - Object: 'Object Repository/WebOffice_Home_page/a_Members Area' is hovered

2020-04-21 15:01:12 - [TEST_STEP][PASSED] - waitForElementClickable(findTestObject("Object Repository/WebOffice_Home_page/a_Manage Advert Banners"), 1): Object 'Object Repository/WebOffice_Home_page/a_Manage Advert Banners' is clickable

2020-04-21 15:01:12 - [MESSAGE][PASSED] - Object 'Object Repository/WebOffice_Home_page/a_Manage Advert Banners' is clickable

2020-04-21 15:01:12 - [TEST_STEP][PASSED] - click(findTestObject("Object Repository/WebOffice_Home_page/a_Manage Advert Banners")): Object: 'Object Repository/WebOffice_Home_page/a_Manage Advert Banners' is clicked on

2020-04-21 15:01:15 - [MESSAGE][PASSED] - Object: 'Object Repository/WebOffice_Home_page/a_Manage Advert Banners' is clicked on

2020-04-21 15:01:15 - [MESSAGE][PASSED] - Call Test Case 'Test Cases/Reusable_Test_Sequences/Web_Office/Navigation/Sub_Menu_Navigation/Settings/Members_Area/Manage_Advert_Banners' successfully

2020-04-21 15:01:15 - [TEST_STEP][PASSED] - "--------------------------------------": null

2020-04-21 15:01:15 - [TEST_STEP][PASSED] - " Verify Returned Page Detail          |": null

2020-04-21 15:01:15 - [TEST_STEP][PASSED] - callTestCase(findTestCase("Reusable_Test_Sequences/Web_Office/Verification/Settings/Members_Area/Manage_Advert_Banners"), [:], OPTIONAL): Call Test Case 'Test Cases/Reusable_Test_Sequences/Web_Office/Verification/Settings/Members_Area/Manage_Advert_Banners' successfully

2020-04-21 15:01:15 - [TEST_CASE][PASSED] - Test Cases/Reusable_Test_Sequences/Web_Office/Verification/Settings/Members_Area/Manage_Advert_Banners: Test Cases/Reusable_Test_Sequences/Web_Office/Verification/Settings/Members_Area/Manage_Advert_Banners

2020-04-21 15:01:16 - [TEST_STEP][PASSED] - waitForPageLoad(60): Wait for page load successfully

2020-04-21 15:01:16 - [MESSAGE][PASSED] - Wait for page load successfully

2020-04-21 15:01:16 - [TEST_STEP][PASSED] - delay(1): Delayed 1 second(s)

2020-04-21 15:01:17 - [MESSAGE][PASSED] - Delayed 1 second(s)

2020-04-21 15:01:17 - [TEST_STEP][PASSED] - verifyTextPresent("Members Area Adverts", false): Text 'Members Area Adverts' is present on page 

2020-04-21 15:01:17 - [MESSAGE][PASSED] - Text 'Members Area Adverts' is present on page 

2020-04-21 15:01:17 - [TEST_STEP][PASSED] - "----------------------------------------------": null

2020-04-21 15:01:17 - [TEST_STEP][PASSED] - verifyTextPresent("Add New Banner", false): Text 'Add New Banner' is present on page 

2020-04-21 15:01:18 - [MESSAGE][PASSED] - Text 'Add New Banner' is present on page 

2020-04-21 15:01:18 - [TEST_STEP][PASSED] - verifyTextPresent("Banner Name", false): Text 'Banner Name' is present on page 

2020-04-21 15:01:19 - [MESSAGE][PASSED] - Text 'Banner Name' is present on page 

2020-04-21 15:01:19 - [TEST_STEP][PASSED] - verifyTextPresent("Link URL", false): Text 'Link URL' is present on page 

2020-04-21 15:01:20 - [MESSAGE][PASSED] - Text 'Link URL' is present on page 

2020-04-21 15:01:20 - [TEST_STEP][PASSED] - verifyTextPresent("Large", false): Text 'Large' is present on page 

2020-04-21 15:01:21 - [MESSAGE][PASSED] - Text 'Large' is present on page 

2020-04-21 15:01:21 - [TEST_STEP][PASSED] - verifyTextPresent("Small", false): Text 'Small' is present on page 

2020-04-21 15:01:22 - [MESSAGE][PASSED] - Text 'Small' is present on page 

2020-04-21 15:01:22 - [TEST_STEP][PASSED] - verifyTextPresent("Dimentions for the Large image should be 468 x 60px", false): Text 'Dimentions for the Large image should be 468 x 60px' is present on page 

2020-04-21 15:01:22 - [MESSAGE][PASSED] - Text 'Dimentions for the Large image should be 468 x 60px' is present on page 

2020-04-21 15:01:22 - [TEST_STEP][PASSED] - verifyTextPresent("Dimentions for the small image should be 234 x 60px", false): Text 'Dimentions for the small image should be 234 x 60px' is present on page 

2020-04-21 15:01:23 - [MESSAGE][PASSED] - Text 'Dimentions for the small image should be 234 x 60px' is present on page 

2020-04-21 15:01:23 - [TEST_STEP][PASSED] - verifyTextPresent("Current Banners", false): Text 'Current Banners' is present on page 

2020-04-21 15:01:24 - [MESSAGE][PASSED] - Text 'Current Banners' is present on page 

2020-04-21 15:01:24 - [TEST_STEP][PASSED] - "----------------------------------------------": null

2020-04-21 15:01:24 - [TEST_STEP][PASSED] - verifyTextPresent("ID", false): Text 'ID' is present on page 

2020-04-21 15:01:25 - [MESSAGE][PASSED] - Text 'ID' is present on page 

2020-04-21 15:01:25 - [TEST_STEP][PASSED] - verifyTextPresent("Name", false): Text 'Name' is present on page 

2020-04-21 15:01:25 - [MESSAGE][PASSED] - Text 'Name' is present on page 

2020-04-21 15:01:25 - [TEST_STEP][PASSED] - verifyTextPresent("Banner URL", false): Text 'Banner URL' is present on page 

2020-04-21 15:01:26 - [MESSAGE][PASSED] - Text 'Banner URL' is present on page 

2020-04-21 15:01:26 - [TEST_STEP][PASSED] - verifyTextPresent("Preview", false): Text 'Preview' is present on page 

2020-04-21 15:01:27 - [MESSAGE][PASSED] - Text 'Preview' is present on page 

2020-04-21 15:01:27 - [TEST_STEP][PASSED] - verifyTextPresent("Is Active", false): Text 'Is Active' is present on page 

2020-04-21 15:01:27 - [MESSAGE][PASSED] - Text 'Is Active' is present on page 

2020-04-21 15:01:27 - [TEST_STEP][PASSED] - verifyTextPresent("Delete", false): Text 'Delete' is present on page 

2020-04-21 15:01:28 - [MESSAGE][PASSED] - Text 'Delete' is present on page 

2020-04-21 15:01:28 - [TEST_STEP][PASSED] - verifyTextPresent("iforce", false): Text 'iforce' is present on page 

2020-04-21 15:01:28 - [MESSAGE][PASSED] - Text 'iforce' is present on page 

2020-04-21 15:01:28 - [TEST_STEP][PASSED] - verifyTextPresent("https://join.checkatrade.com/refer/", false): Text 'https://join.checkatrade.com/refer/' is present on page 

2020-04-21 15:01:29 - [MESSAGE][PASSED] - Text 'https://join.checkatrade.com/refer/' is present on page 

2020-04-21 15:01:29 - [TEST_STEP][PASSED] - verifyTextPresent("iForce", false): Text 'iForce' is present on page 

2020-04-21 15:01:29 - [MESSAGE][PASSED] - Text 'iForce' is present on page 

2020-04-21 15:01:29 - [TEST_STEP][PASSED] - verifyTextPresent("Offers", false): Text 'Offers' is present on page 

2020-04-21 15:01:30 - [MESSAGE][PASSED] - Text 'Offers' is present on page 

2020-04-21 15:01:30 - [MESSAGE][PASSED] - Call Test Case 'Test Cases/Reusable_Test_Sequences/Web_Office/Verification/Settings/Members_Area/Manage_Advert_Banners' successfully

2020-04-21 15:01:30 - [TEST_STEP][PASSED] - "--------------------------": null

2020-04-21 15:01:30 - [TEST_STEP][PASSED] - " Teardown - CLose Browser |": null

2020-04-21 15:01:30 - [TEST_STEP][PASSED] - callTestCase(findTestCase("Reusable_Test_Sequences/CAT_Teardown"), [:], OPTIONAL): Call Test Case 'Test Cases/Reusable_Test_Sequences/CAT_Teardown' successfully

2020-04-21 15:01:30 - [TEST_CASE][PASSED] - Test Cases/Reusable_Test_Sequences/CAT_Teardown: Test Cases/Reusable_Test_Sequences/CAT_Teardown

2020-04-21 15:01:30 - [TEST_STEP][PASSED] - closeBrowser(): Browser is closed

2020-04-21 15:01:31 - [MESSAGE][PASSED] - Browser is closed

2020-04-21 15:01:31 - [TEST_STEP][PASSED] - super.finalize(): null

2020-04-21 15:01:31 - [TEST_STEP][PASSED] - System.gc(): null

2020-04-21 15:01:31 - [MESSAGE][PASSED] - Call Test Case 'Test Cases/Reusable_Test_Sequences/CAT_Teardown' successfully]]></system-out>
         <system-err><![CDATA[]]></system-err>
      </testcase>
      <testcase name="Test Cases/Web_Office/Settings/Members_Area/Manage_Members_Achievments" time="27.419" classname="Test Cases/Web_Office/Settings/Members_Area/Manage_Members_Achievments" status="PASSED">
         <system-out><![CDATA[2020-04-21 15:01:31 - [TEST_CASE][PASSED] - Test Cases/Web_Office/Settings/Members_Area/Manage_Members_Achievments: Test Cases/Web_Office/Settings/Members_Area/Manage_Members_Achievments

2020-04-21 15:01:32 - [TEST_STEP][PASSED] - "--------------------------------------": null

2020-04-21 15:01:32 - [TEST_STEP][PASSED] - " Web Office StartUp                  |": null

2020-04-21 15:01:32 - [TEST_STEP][PASSED] - callTestCase(findTestCase("Reusable_Test_Sequences/Web_Office/Directives/WebOffice_StartUp"), [:], STOP_ON_FAILURE): Call Test Case 'Test Cases/Reusable_Test_Sequences/Web_Office/Directives/WebOffice_StartUp' successfully

2020-04-21 15:01:32 - [TEST_CASE][PASSED] - Test Cases/Reusable_Test_Sequences/Web_Office/Directives/WebOffice_StartUp: Test Cases/Reusable_Test_Sequences/Web_Office/Directives/WebOffice_StartUp

2020-04-21 15:01:32 - [TEST_STEP][PASSED] - "-----------------------------------------------------------------------------": null

2020-04-21 15:01:32 - [TEST_STEP][PASSED] - if (URL == "https://www.dev.checkatrade.com/"): null

2020-04-21 15:01:32 - [TEST_STEP][PASSED] - "-----------------------------------------------------------------------------": null

2020-04-21 15:01:32 - [TEST_STEP][PASSED] - if (URL == "https://www.checkatrade.com/"): null

2020-04-21 15:01:32 - [TEST_STEP][PASSED] - "-----------------------------------------------------------------------------": null

2020-04-21 15:01:32 - [TEST_STEP][PASSED] - if (URL == "https://www.preview.checkatrade.com/"): null

2020-04-21 15:01:32 - [TEST_STEP][PASSED] - WebOfficeURL = "https://admin.preview.checkatrade.com/": null

2020-04-21 15:01:32 - [TEST_STEP][PASSED] - if (URL == "https://www.dev2.checkatrade.com/"): null

2020-04-21 15:01:32 - [TEST_STEP][PASSED] - "Set Function Area for "URL_Handler", URL Resolution": null

2020-04-21 15:01:32 - [TEST_STEP][PASSED] - "Do Some Magic with URL(s) See the comments within URL Handler ": null

2020-04-21 15:01:32 - [TEST_STEP][PASSED] - "------------------------------------------------": null

2020-04-21 15:01:32 - [TEST_STEP][PASSED] - "Moved Login Credentials to <Default> profile 22/01/2020": null

2020-04-21 15:01:32 - [TEST_STEP][PASSED] - "------------------------------------------------": null

2020-04-21 15:01:32 - [TEST_STEP][PASSED] - "WebOfficeURL - Set from the ENVIRONMENT PROFILE ": null

2020-04-21 15:01:32 - [TEST_STEP][PASSED] - "OPEN BROWSER": null

2020-04-21 15:01:32 - [TEST_STEP][PASSED] - "eg - https://admin.preview.checkatrade.com/  ": null

2020-04-21 15:01:32 - [TEST_STEP][PASSED] - openBrowser(WebOfficeURL): Browser is opened with url: 'https://admin.preview.checkatrade.com/'

2020-04-21 15:01:32 - [MESSAGE][INFO] - Starting 'Chrome' driver

2020-04-21 15:01:32 - [MESSAGE][INFO] - Action delay is set to 0 milliseconds

2020-04-21 15:01:38 - [MESSAGE][PASSED] - Browser is opened with url: 'https://admin.preview.checkatrade.com/'

2020-04-21 15:01:38 - [TEST_STEP][PASSED] - maximizeWindow(): Current window maximized

2020-04-21 15:01:40 - [MESSAGE][PASSED] - Current window maximized

2020-04-21 15:01:40 - [TEST_STEP][PASSED] - waitForElementClickable(findTestObject("Object Repository/WebOffice/Page_Checkatrade - Administration - Login/Login_Button"), 25): Object 'Object Repository/WebOffice/Page_Checkatrade - Administration - Login/Login_Button' is clickable

2020-04-21 15:01:41 - [MESSAGE][PASSED] - Object 'Object Repository/WebOffice/Page_Checkatrade - Administration - Login/Login_Button' is clickable

2020-04-21 15:01:41 - [TEST_STEP][PASSED] - verifyTextPresent("Checkatrade Web Office", false): Text 'Checkatrade Web Office' is present on page 

2020-04-21 15:01:41 - [MESSAGE][PASSED] - Text 'Checkatrade Web Office' is present on page 

2020-04-21 15:01:41 - [TEST_STEP][PASSED] - verifyTextPresent("Access for staff use only", false): Text 'Access for staff use only' is present on page 

2020-04-21 15:01:41 - [MESSAGE][PASSED] - Text 'Access for staff use only' is present on page 

2020-04-21 15:01:41 - [TEST_STEP][PASSED] - verifyTextPresent("Forgotten password?", false): Text 'Forgotten password?' is present on page 

2020-04-21 15:01:41 - [MESSAGE][PASSED] - Text 'Forgotten password?' is present on page 

2020-04-21 15:01:41 - [TEST_STEP][PASSED] - setText(findTestObject("Object Repository/WebOffice/Page_Checkatrade - Administration - Login/input_Username_LoginControlUserName"), wo_Username): Text 'DavidHo' is set on object 'Object Repository/WebOffice/Page_Checkatrade - Administration - Login/input_Username_LoginControlUserName'

2020-04-21 15:01:42 - [MESSAGE][PASSED] - Text 'DavidHo' is set on object 'Object Repository/WebOffice/Page_Checkatrade - Administration - Login/input_Username_LoginControlUserName'

2020-04-21 15:01:42 - [TEST_STEP][PASSED] - setText(findTestObject("Object Repository/WebOffice/Page_Checkatrade - Administration - Login/input_Password_LoginControlPassword"), wo_Password): Text 'Check123' is set on object 'Object Repository/WebOffice/Page_Checkatrade - Administration - Login/input_Password_LoginControlPassword'

2020-04-21 15:01:42 - [MESSAGE][PASSED] - Text 'Check123' is set on object 'Object Repository/WebOffice/Page_Checkatrade - Administration - Login/input_Password_LoginControlPassword'

2020-04-21 15:01:42 - [TEST_STEP][PASSED] - click(findTestObject("Object Repository/WebOffice/Page_Checkatrade - Administration - Login/Login_Button")): Object: 'Object Repository/WebOffice/Page_Checkatrade - Administration - Login/Login_Button' is clicked on

2020-04-21 15:01:43 - [MESSAGE][PASSED] - Object: 'Object Repository/WebOffice/Page_Checkatrade - Administration - Login/Login_Button' is clicked on

2020-04-21 15:01:43 - [TEST_STEP][PASSED] - waitForPageLoad(60): Wait for page load successfully

2020-04-21 15:01:43 - [MESSAGE][PASSED] - Wait for page load successfully

2020-04-21 15:01:43 - [TEST_STEP][PASSED] - verifyTextPresent("Welcome " + wo_Username, false): Text 'Welcome DavidHo' is present on page 

2020-04-21 15:01:43 - [MESSAGE][PASSED] - Text 'Welcome DavidHo' is present on page 

2020-04-21 15:01:43 - [MESSAGE][PASSED] - Call Test Case 'Test Cases/Reusable_Test_Sequences/Web_Office/Directives/WebOffice_StartUp' successfully

2020-04-21 15:01:43 - [TEST_STEP][PASSED] - "-----------------------------------------------------------------": null

2020-04-21 15:01:43 - [TEST_STEP][PASSED] - " Navigate to <Settings->Checkatrade.Com->Sub Item> Menu Item     |": null

2020-04-21 15:01:43 - [TEST_STEP][PASSED] - callTestCase(findTestCase("Reusable_Test_Sequences/Web_Office/Navigation/Sub_Menu_Navigation/Settings/Members_Area/Manage_Members_Achievments"), [:], STOP_ON_FAILURE): Call Test Case 'Test Cases/Reusable_Test_Sequences/Web_Office/Navigation/Sub_Menu_Navigation/Settings/Members_Area/Manage_Members_Achievments' successfully

2020-04-21 15:01:44 - [TEST_CASE][PASSED] - Test Cases/Reusable_Test_Sequences/Web_Office/Navigation/Sub_Menu_Navigation/Settings/Members_Area/Manage_Members_Achievments: Test Cases/Reusable_Test_Sequences/Web_Office/Navigation/Sub_Menu_Navigation/Settings/Members_Area/Manage_Members_Achievments

2020-04-21 15:01:44 - [TEST_STEP][PASSED] - "--------------------------------------": null

2020-04-21 15:01:44 - [TEST_STEP][PASSED] - " Navigate Top level menu Item         |": null

2020-04-21 15:01:44 - [TEST_STEP][PASSED] - waitForPageLoad(60): Wait for page load successfully

2020-04-21 15:01:44 - [MESSAGE][PASSED] - Wait for page load successfully

2020-04-21 15:01:44 - [TEST_STEP][PASSED] - waitForElementClickable(findTestObject("Object Repository/WebOffice_Home_page/a_Settings"), 60): Object 'Object Repository/WebOffice_Home_page/a_Settings' is clickable

2020-04-21 15:01:44 - [MESSAGE][PASSED] - Object 'Object Repository/WebOffice_Home_page/a_Settings' is clickable

2020-04-21 15:01:44 - [TEST_STEP][PASSED] - mouseOver(findTestObject("Object Repository/WebOffice_Home_page/a_Settings")): Object: 'Object Repository/WebOffice_Home_page/a_Settings' is hovered

2020-04-21 15:01:45 - [MESSAGE][PASSED] - Object: 'Object Repository/WebOffice_Home_page/a_Settings' is hovered

2020-04-21 15:01:45 - [TEST_STEP][PASSED] - mouseOver(findTestObject("Object Repository/WebOffice_Home_page/a_Members Area")): Object: 'Object Repository/WebOffice_Home_page/a_Members Area' is hovered

2020-04-21 15:01:45 - [MESSAGE][PASSED] - Object: 'Object Repository/WebOffice_Home_page/a_Members Area' is hovered

2020-04-21 15:01:45 - [TEST_STEP][PASSED] - waitForElementClickable(findTestObject("Object Repository/WebOffice_Home_page/a_Manage Members Achievements"), 1): Object 'Object Repository/WebOffice_Home_page/a_Manage Members Achievements' is clickable

2020-04-21 15:01:46 - [MESSAGE][PASSED] - Object 'Object Repository/WebOffice_Home_page/a_Manage Members Achievements' is clickable

2020-04-21 15:01:46 - [TEST_STEP][PASSED] - click(findTestObject("Object Repository/WebOffice_Home_page/a_Manage Members Achievements")): Object: 'Object Repository/WebOffice_Home_page/a_Manage Members Achievements' is clicked on

2020-04-21 15:01:48 - [MESSAGE][PASSED] - Object: 'Object Repository/WebOffice_Home_page/a_Manage Members Achievements' is clicked on

2020-04-21 15:01:48 - [MESSAGE][PASSED] - Call Test Case 'Test Cases/Reusable_Test_Sequences/Web_Office/Navigation/Sub_Menu_Navigation/Settings/Members_Area/Manage_Members_Achievments' successfully

2020-04-21 15:01:48 - [TEST_STEP][PASSED] - "--------------------------------------": null

2020-04-21 15:01:48 - [TEST_STEP][PASSED] - " Verify Returned Page Detail          |": null

2020-04-21 15:01:48 - [TEST_STEP][PASSED] - callTestCase(findTestCase("Reusable_Test_Sequences/Web_Office/Verification/Settings/Members_Area/Manage_Members_Achievments"), [:], OPTIONAL): Call Test Case 'Test Cases/Reusable_Test_Sequences/Web_Office/Verification/Settings/Members_Area/Manage_Members_Achievments' successfully

2020-04-21 15:01:48 - [TEST_CASE][PASSED] - Test Cases/Reusable_Test_Sequences/Web_Office/Verification/Settings/Members_Area/Manage_Members_Achievments: Test Cases/Reusable_Test_Sequences/Web_Office/Verification/Settings/Members_Area/Manage_Members_Achievments

2020-04-21 15:01:48 - [TEST_STEP][PASSED] - waitForPageLoad(60): Wait for page load successfully

2020-04-21 15:01:48 - [MESSAGE][PASSED] - Wait for page load successfully

2020-04-21 15:01:48 - [TEST_STEP][PASSED] - delay(1): Delayed 1 second(s)

2020-04-21 15:01:49 - [MESSAGE][PASSED] - Delayed 1 second(s)

2020-04-21 15:01:49 - [TEST_STEP][PASSED] - verifyTextPresent("Members Achievements", false): Text 'Members Achievements' is present on page 

2020-04-21 15:01:50 - [MESSAGE][PASSED] - Text 'Members Achievements' is present on page 

2020-04-21 15:01:50 - [TEST_STEP][PASSED] - verifyTextPresent("Title", false): Text 'Title' is present on page 

2020-04-21 15:01:51 - [MESSAGE][PASSED] - Text 'Title' is present on page 

2020-04-21 15:01:51 - [TEST_STEP][PASSED] - verifyTextPresent("Details", false): Text 'Details' is present on page 

2020-04-21 15:01:52 - [MESSAGE][PASSED] - Text 'Details' is present on page 

2020-04-21 15:01:52 - [TEST_STEP][PASSED] - verifyTextPresent("Link URL", false): Text 'Link URL' is present on page 

2020-04-21 15:01:53 - [MESSAGE][PASSED] - Text 'Link URL' is present on page 

2020-04-21 15:01:53 - [TEST_STEP][PASSED] - verifyTextPresent("Logo", false): Text 'Logo' is present on page 

2020-04-21 15:01:55 - [MESSAGE][PASSED] - Text 'Logo' is present on page 

2020-04-21 15:01:55 - [TEST_STEP][PASSED] - "----------------------------------------------": null

2020-04-21 15:01:55 - [TEST_STEP][PASSED] - verifyTextPresent("Neil Wadsworth Electrical Ltd", false): Text 'Neil Wadsworth Electrical Ltd' is present on page 

2020-04-21 15:01:56 - [MESSAGE][PASSED] - Text 'Neil Wadsworth Electrical Ltd' is present on page 

2020-04-21 15:01:56 - [TEST_STEP][PASSED] - verifyTextPresent("A big congratulations to the team at Neil Wadsworth Electrical Ltd in Worcester Park", false): Text 'A big congratulations to the team at Neil Wadsworth Electrical Ltd in Worcester Park' is present on page 

2020-04-21 15:01:56 - [MESSAGE][PASSED] - Text 'A big congratulations to the team at Neil Wadsworth Electrical Ltd in Worcester Park' is present on page 

2020-04-21 15:01:56 - [TEST_STEP][PASSED] - verifyTextPresent("They've been raising money and organising events for Cancer Research UK", false): Text 'They've been raising money and organising events for Cancer Research UK' is present on page 

2020-04-21 15:01:58 - [MESSAGE][PASSED] - Text 'They've been raising money and organising events for Cancer Research UK' is present on page 

2020-04-21 15:01:58 - [MESSAGE][PASSED] - Call Test Case 'Test Cases/Reusable_Test_Sequences/Web_Office/Verification/Settings/Members_Area/Manage_Members_Achievments' successfully

2020-04-21 15:01:58 - [TEST_STEP][PASSED] - "--------------------------": null

2020-04-21 15:01:58 - [TEST_STEP][PASSED] - " Teardown - CLose Browser |": null

2020-04-21 15:01:58 - [TEST_STEP][PASSED] - callTestCase(findTestCase("Reusable_Test_Sequences/CAT_Teardown"), [:], OPTIONAL): Call Test Case 'Test Cases/Reusable_Test_Sequences/CAT_Teardown' successfully

2020-04-21 15:01:58 - [TEST_CASE][PASSED] - Test Cases/Reusable_Test_Sequences/CAT_Teardown: Test Cases/Reusable_Test_Sequences/CAT_Teardown

2020-04-21 15:01:58 - [TEST_STEP][PASSED] - closeBrowser(): Browser is closed

2020-04-21 15:01:59 - [MESSAGE][PASSED] - Browser is closed

2020-04-21 15:01:59 - [TEST_STEP][PASSED] - super.finalize(): null

2020-04-21 15:01:59 - [TEST_STEP][PASSED] - System.gc(): null

2020-04-21 15:01:59 - [MESSAGE][PASSED] - Call Test Case 'Test Cases/Reusable_Test_Sequences/CAT_Teardown' successfully]]></system-out>
         <system-err><![CDATA[]]></system-err>
      </testcase>
      <testcase name="Test Cases/Web_Office/Settings/Members_Area/Checkatrade_News" time="21.691" classname="Test Cases/Web_Office/Settings/Members_Area/Checkatrade_News" status="PASSED">
         <system-out><![CDATA[2020-04-21 15:01:59 - [TEST_CASE][PASSED] - Test Cases/Web_Office/Settings/Members_Area/Checkatrade_News: Test Cases/Web_Office/Settings/Members_Area/Checkatrade_News

2020-04-21 15:01:59 - [TEST_STEP][PASSED] - "--------------------------------------": null

2020-04-21 15:01:59 - [TEST_STEP][PASSED] - " Web Office StartUp                  |": null

2020-04-21 15:01:59 - [TEST_STEP][PASSED] - callTestCase(findTestCase("Reusable_Test_Sequences/Web_Office/Directives/WebOffice_StartUp"), [:], STOP_ON_FAILURE): Call Test Case 'Test Cases/Reusable_Test_Sequences/Web_Office/Directives/WebOffice_StartUp' successfully

2020-04-21 15:01:59 - [TEST_CASE][PASSED] - Test Cases/Reusable_Test_Sequences/Web_Office/Directives/WebOffice_StartUp: Test Cases/Reusable_Test_Sequences/Web_Office/Directives/WebOffice_StartUp

2020-04-21 15:01:59 - [TEST_STEP][PASSED] - "-----------------------------------------------------------------------------": null

2020-04-21 15:01:59 - [TEST_STEP][PASSED] - if (URL == "https://www.dev.checkatrade.com/"): null

2020-04-21 15:01:59 - [TEST_STEP][PASSED] - "-----------------------------------------------------------------------------": null

2020-04-21 15:01:59 - [TEST_STEP][PASSED] - if (URL == "https://www.checkatrade.com/"): null

2020-04-21 15:01:59 - [TEST_STEP][PASSED] - "-----------------------------------------------------------------------------": null

2020-04-21 15:01:59 - [TEST_STEP][PASSED] - if (URL == "https://www.preview.checkatrade.com/"): null

2020-04-21 15:01:59 - [TEST_STEP][PASSED] - WebOfficeURL = "https://admin.preview.checkatrade.com/": null

2020-04-21 15:01:59 - [TEST_STEP][PASSED] - if (URL == "https://www.dev2.checkatrade.com/"): null

2020-04-21 15:01:59 - [TEST_STEP][PASSED] - "Set Function Area for "URL_Handler", URL Resolution": null

2020-04-21 15:01:59 - [TEST_STEP][PASSED] - "Do Some Magic with URL(s) See the comments within URL Handler ": null

2020-04-21 15:01:59 - [TEST_STEP][PASSED] - "------------------------------------------------": null

2020-04-21 15:01:59 - [TEST_STEP][PASSED] - "Moved Login Credentials to <Default> profile 22/01/2020": null

2020-04-21 15:01:59 - [TEST_STEP][PASSED] - "------------------------------------------------": null

2020-04-21 15:01:59 - [TEST_STEP][PASSED] - "WebOfficeURL - Set from the ENVIRONMENT PROFILE ": null

2020-04-21 15:01:59 - [TEST_STEP][PASSED] - "OPEN BROWSER": null

2020-04-21 15:01:59 - [TEST_STEP][PASSED] - "eg - https://admin.preview.checkatrade.com/  ": null

2020-04-21 15:01:59 - [TEST_STEP][PASSED] - openBrowser(WebOfficeURL): Browser is opened with url: 'https://admin.preview.checkatrade.com/'

2020-04-21 15:01:59 - [MESSAGE][INFO] - Starting 'Chrome' driver

2020-04-21 15:01:59 - [MESSAGE][INFO] - Action delay is set to 0 milliseconds

2020-04-21 15:02:05 - [MESSAGE][PASSED] - Browser is opened with url: 'https://admin.preview.checkatrade.com/'

2020-04-21 15:02:05 - [TEST_STEP][PASSED] - maximizeWindow(): Current window maximized

2020-04-21 15:02:07 - [MESSAGE][PASSED] - Current window maximized

2020-04-21 15:02:07 - [TEST_STEP][PASSED] - waitForElementClickable(findTestObject("Object Repository/WebOffice/Page_Checkatrade - Administration - Login/Login_Button"), 25): Object 'Object Repository/WebOffice/Page_Checkatrade - Administration - Login/Login_Button' is clickable

2020-04-21 15:02:07 - [MESSAGE][PASSED] - Object 'Object Repository/WebOffice/Page_Checkatrade - Administration - Login/Login_Button' is clickable

2020-04-21 15:02:07 - [TEST_STEP][PASSED] - verifyTextPresent("Checkatrade Web Office", false): Text 'Checkatrade Web Office' is present on page 

2020-04-21 15:02:07 - [MESSAGE][PASSED] - Text 'Checkatrade Web Office' is present on page 

2020-04-21 15:02:07 - [TEST_STEP][PASSED] - verifyTextPresent("Access for staff use only", false): Text 'Access for staff use only' is present on page 

2020-04-21 15:02:07 - [MESSAGE][PASSED] - Text 'Access for staff use only' is present on page 

2020-04-21 15:02:07 - [TEST_STEP][PASSED] - verifyTextPresent("Forgotten password?", false): Text 'Forgotten password?' is present on page 

2020-04-21 15:02:07 - [MESSAGE][PASSED] - Text 'Forgotten password?' is present on page 

2020-04-21 15:02:07 - [TEST_STEP][PASSED] - setText(findTestObject("Object Repository/WebOffice/Page_Checkatrade - Administration - Login/input_Username_LoginControlUserName"), wo_Username): Text 'DavidHo' is set on object 'Object Repository/WebOffice/Page_Checkatrade - Administration - Login/input_Username_LoginControlUserName'

2020-04-21 15:02:08 - [MESSAGE][PASSED] - Text 'DavidHo' is set on object 'Object Repository/WebOffice/Page_Checkatrade - Administration - Login/input_Username_LoginControlUserName'

2020-04-21 15:02:08 - [TEST_STEP][PASSED] - setText(findTestObject("Object Repository/WebOffice/Page_Checkatrade - Administration - Login/input_Password_LoginControlPassword"), wo_Password): Text 'Check123' is set on object 'Object Repository/WebOffice/Page_Checkatrade - Administration - Login/input_Password_LoginControlPassword'

2020-04-21 15:02:08 - [MESSAGE][PASSED] - Text 'Check123' is set on object 'Object Repository/WebOffice/Page_Checkatrade - Administration - Login/input_Password_LoginControlPassword'

2020-04-21 15:02:08 - [TEST_STEP][PASSED] - click(findTestObject("Object Repository/WebOffice/Page_Checkatrade - Administration - Login/Login_Button")): Object: 'Object Repository/WebOffice/Page_Checkatrade - Administration - Login/Login_Button' is clicked on

2020-04-21 15:02:10 - [MESSAGE][PASSED] - Object: 'Object Repository/WebOffice/Page_Checkatrade - Administration - Login/Login_Button' is clicked on

2020-04-21 15:02:10 - [TEST_STEP][PASSED] - waitForPageLoad(60): Wait for page load successfully

2020-04-21 15:02:10 - [MESSAGE][PASSED] - Wait for page load successfully

2020-04-21 15:02:10 - [TEST_STEP][PASSED] - verifyTextPresent("Welcome " + wo_Username, false): Text 'Welcome DavidHo' is present on page 

2020-04-21 15:02:11 - [MESSAGE][PASSED] - Text 'Welcome DavidHo' is present on page 

2020-04-21 15:02:11 - [MESSAGE][PASSED] - Call Test Case 'Test Cases/Reusable_Test_Sequences/Web_Office/Directives/WebOffice_StartUp' successfully

2020-04-21 15:02:11 - [TEST_STEP][PASSED] - "-----------------------------------------------------------------": null

2020-04-21 15:02:11 - [TEST_STEP][PASSED] - " Navigate to <Settings->Checkatrade.Com->Sub Item> Menu Item     |": null

2020-04-21 15:02:11 - [TEST_STEP][PASSED] - callTestCase(findTestCase("Reusable_Test_Sequences/Web_Office/Navigation/Sub_Menu_Navigation/Settings/Members_Area/Chackatrade_News"), [:], STOP_ON_FAILURE): Call Test Case 'Test Cases/Reusable_Test_Sequences/Web_Office/Navigation/Sub_Menu_Navigation/Settings/Members_Area/Chackatrade_News' successfully

2020-04-21 15:02:11 - [TEST_CASE][PASSED] - Test Cases/Reusable_Test_Sequences/Web_Office/Navigation/Sub_Menu_Navigation/Settings/Members_Area/Chackatrade_News: Test Cases/Reusable_Test_Sequences/Web_Office/Navigation/Sub_Menu_Navigation/Settings/Members_Area/Chackatrade_News

2020-04-21 15:02:11 - [TEST_STEP][PASSED] - "--------------------------------------": null

2020-04-21 15:02:11 - [TEST_STEP][PASSED] - " Navigate Top level menu Item         |": null

2020-04-21 15:02:11 - [TEST_STEP][PASSED] - waitForPageLoad(60): Wait for page load successfully

2020-04-21 15:02:11 - [MESSAGE][PASSED] - Wait for page load successfully

2020-04-21 15:02:11 - [TEST_STEP][PASSED] - waitForElementClickable(findTestObject("Object Repository/WebOffice_Home_page/a_Settings"), 60): Object 'Object Repository/WebOffice_Home_page/a_Settings' is clickable

2020-04-21 15:02:12 - [MESSAGE][PASSED] - Object 'Object Repository/WebOffice_Home_page/a_Settings' is clickable

2020-04-21 15:02:12 - [TEST_STEP][PASSED] - mouseOver(findTestObject("Object Repository/WebOffice_Home_page/a_Settings")): Object: 'Object Repository/WebOffice_Home_page/a_Settings' is hovered

2020-04-21 15:02:12 - [MESSAGE][PASSED] - Object: 'Object Repository/WebOffice_Home_page/a_Settings' is hovered

2020-04-21 15:02:12 - [TEST_STEP][PASSED] - mouseOver(findTestObject("Object Repository/WebOffice_Home_page/a_Members Area")): Object: 'Object Repository/WebOffice_Home_page/a_Members Area' is hovered

2020-04-21 15:02:12 - [MESSAGE][PASSED] - Object: 'Object Repository/WebOffice_Home_page/a_Members Area' is hovered

2020-04-21 15:02:12 - [TEST_STEP][PASSED] - waitForElementClickable(findTestObject("Object Repository/WebOffice_Home_page/a_Checkatrade News"), 1): Object 'Object Repository/WebOffice_Home_page/a_Checkatrade News' is clickable

2020-04-21 15:02:12 - [MESSAGE][PASSED] - Object 'Object Repository/WebOffice_Home_page/a_Checkatrade News' is clickable

2020-04-21 15:02:12 - [TEST_STEP][PASSED] - click(findTestObject("Object Repository/WebOffice_Home_page/a_Checkatrade News")): Object: 'Object Repository/WebOffice_Home_page/a_Checkatrade News' is clicked on

2020-04-21 15:02:14 - [MESSAGE][PASSED] - Object: 'Object Repository/WebOffice_Home_page/a_Checkatrade News' is clicked on

2020-04-21 15:02:14 - [MESSAGE][PASSED] - Call Test Case 'Test Cases/Reusable_Test_Sequences/Web_Office/Navigation/Sub_Menu_Navigation/Settings/Members_Area/Chackatrade_News' successfully

2020-04-21 15:02:14 - [TEST_STEP][PASSED] - "--------------------------------------": null

2020-04-21 15:02:14 - [TEST_STEP][PASSED] - " Verify Returned Page Detail          |": null

2020-04-21 15:02:14 - [TEST_STEP][PASSED] - callTestCase(findTestCase("Reusable_Test_Sequences/Web_Office/Verification/Settings/Members_Area/Checkatrade_News"), [:], OPTIONAL): Call Test Case 'Test Cases/Reusable_Test_Sequences/Web_Office/Verification/Settings/Members_Area/Checkatrade_News' successfully

2020-04-21 15:02:14 - [TEST_CASE][PASSED] - Test Cases/Reusable_Test_Sequences/Web_Office/Verification/Settings/Members_Area/Checkatrade_News: Test Cases/Reusable_Test_Sequences/Web_Office/Verification/Settings/Members_Area/Checkatrade_News

2020-04-21 15:02:14 - [TEST_STEP][PASSED] - waitForPageLoad(60): Wait for page load successfully

2020-04-21 15:02:14 - [MESSAGE][PASSED] - Wait for page load successfully

2020-04-21 15:02:14 - [TEST_STEP][PASSED] - delay(1): Delayed 1 second(s)

2020-04-21 15:02:15 - [MESSAGE][PASSED] - Delayed 1 second(s)

2020-04-21 15:02:15 - [TEST_STEP][PASSED] - verifyTextPresent("Checkatrade News", false): Text 'Checkatrade News' is present on page 

2020-04-21 15:02:16 - [MESSAGE][PASSED] - Text 'Checkatrade News' is present on page 

2020-04-21 15:02:16 - [TEST_STEP][PASSED] - verifyTextPresent("Title", false): Text 'Title' is present on page 

2020-04-21 15:02:16 - [MESSAGE][PASSED] - Text 'Title' is present on page 

2020-04-21 15:02:16 - [TEST_STEP][PASSED] - verifyTextPresent("Category", false): Text 'Category' is present on page 

2020-04-21 15:02:16 - [MESSAGE][PASSED] - Text 'Category' is present on page 

2020-04-21 15:02:16 - [TEST_STEP][PASSED] - verifyTextPresent("Published", false): Text 'Published' is present on page 

2020-04-21 15:02:16 - [MESSAGE][PASSED] - Text 'Published' is present on page 

2020-04-21 15:02:16 - [TEST_STEP][PASSED] - "----------------------------------------------": null

2020-04-21 15:02:16 - [TEST_STEP][PASSED] - verifyTextPresent("New Marketing", false): Text 'New Marketing' is present on page 

2020-04-21 15:02:17 - [MESSAGE][PASSED] - Text 'New Marketing' is present on page 

2020-04-21 15:02:17 - [MESSAGE][PASSED] - Call Test Case 'Test Cases/Reusable_Test_Sequences/Web_Office/Verification/Settings/Members_Area/Checkatrade_News' successfully

2020-04-21 15:02:17 - [TEST_STEP][PASSED] - "--------------------------": null

2020-04-21 15:02:17 - [TEST_STEP][PASSED] - " Teardown - CLose Browser |": null

2020-04-21 15:02:17 - [TEST_STEP][PASSED] - callTestCase(findTestCase("Reusable_Test_Sequences/CAT_Teardown"), [:], OPTIONAL): Call Test Case 'Test Cases/Reusable_Test_Sequences/CAT_Teardown' successfully

2020-04-21 15:02:17 - [TEST_CASE][PASSED] - Test Cases/Reusable_Test_Sequences/CAT_Teardown: Test Cases/Reusable_Test_Sequences/CAT_Teardown

2020-04-21 15:02:17 - [TEST_STEP][PASSED] - closeBrowser(): Browser is closed

2020-04-21 15:02:21 - [MESSAGE][PASSED] - Browser is closed

2020-04-21 15:02:21 - [TEST_STEP][PASSED] - super.finalize(): null

2020-04-21 15:02:21 - [TEST_STEP][PASSED] - System.gc(): null

2020-04-21 15:02:21 - [MESSAGE][PASSED] - Call Test Case 'Test Cases/Reusable_Test_Sequences/CAT_Teardown' successfully]]></system-out>
         <system-err><![CDATA[]]></system-err>
      </testcase>
      <system-out><![CDATA[2020-04-21 14:51:57 - [TEST_SUITE][FAILED] - Web_Office_Settings: Test Cases/Web_Office/Settings/Members_Area/Downloads FAILED.
Reason:
com.kms.katalon.core.exception.StepFailedException: Call Test Case 'Test Cases/Reusable_Test_Sequences/Web_Office/Directives/WebOffice_StartUp' failed
	at com.kms.katalon.core.keyword.builtin.CallTestCaseKeyword$_callTestCase_closure1.doCall(CallTestCaseKeyword.groovy:63)
	at com.kms.katalon.core.keyword.builtin.CallTestCaseKeyword$_callTestCase_closure1.call(CallTestCaseKeyword.groovy)
	at com.kms.katalon.core.keyword.internal.KeywordMain.runKeyword(KeywordMain.groovy:68)
	at com.kms.katalon.core.keyword.builtin.CallTestCaseKeyword.callTestCase(CallTestCaseKeyword.groovy:81)
	at com.kms.katalon.core.keyword.builtin.CallTestCaseKeyword.execute(CallTestCaseKeyword.groovy:44)
	at com.kms.katalon.core.keyword.internal.KeywordExecutor.executeKeywordForPlatform(KeywordExecutor.groovy:72)
	at com.kms.katalon.core.keyword.BuiltinKeywords.callTestCase(BuiltinKeywords.groovy:334)
	at Downloads.run(Downloads:53)
	at com.kms.katalon.core.main.ScriptEngine.run(ScriptEngine.java:194)
	at com.kms.katalon.core.main.ScriptEngine.runScriptAsRawText(ScriptEngine.java:119)
	at com.kms.katalon.core.main.TestCaseExecutor.runScript(TestCaseExecutor.java:337)
	at com.kms.katalon.core.main.TestCaseExecutor.doExecute(TestCaseExecutor.java:328)
	at com.kms.katalon.core.main.TestCaseExecutor.processExecutionPhase(TestCaseExecutor.java:307)
	at com.kms.katalon.core.main.TestCaseExecutor.accessMainPhase(TestCaseExecutor.java:299)
	at com.kms.katalon.core.main.TestCaseExecutor.execute(TestCaseExecutor.java:233)
	at com.kms.katalon.core.main.TestSuiteExecutor.accessTestCaseMainPhase(TestSuiteExecutor.java:169)
	at com.kms.katalon.core.main.TestSuiteExecutor.accessTestSuiteMainPhase(TestSuiteExecutor.java:142)
	at com.kms.katalon.core.main.TestSuiteExecutor.execute(TestSuiteExecutor.java:91)
	at com.kms.katalon.core.main.TestCaseMain.startTestSuite(TestCaseMain.java:157)
	at com.kms.katalon.core.main.TestCaseMain$startTestSuite$0.call(Unknown Source)
	at TempTestSuite1587475880687.run(TempTestSuite1587475880687.groovy:36)
Caused by: com.kms.katalon.core.exception.StepFailedException: Text 'Welcome DavidHo' is not present on page  (Root cause: com.kms.katalon.core.exception.StepFailedException: Text 'Welcome DavidHo' is not present on page 
	at com.kms.katalon.core.webui.keyword.internal.WebUIKeywordMain.stepFailed(WebUIKeywordMain.groovy:64)
	at com.kms.katalon.core.webui.keyword.builtin.VerifyTextPresentKeyword$_verifyTextPresent_closure1.doCall(VerifyTextPresentKeyword.groovy:79)
	at com.kms.katalon.core.webui.keyword.builtin.VerifyTextPresentKeyword$_verifyTextPresent_closure1.call(VerifyTextPresentKeyword.groovy)
	at com.kms.katalon.core.webui.keyword.internal.WebUIKeywordMain.runKeyword(WebUIKeywordMain.groovy:20)
	at com.kms.katalon.core.webui.keyword.builtin.VerifyTextPresentKeyword.verifyTextPresent(VerifyTextPresentKeyword.groovy:83)
	at com.kms.katalon.core.webui.keyword.builtin.VerifyTextPresentKeyword.execute(VerifyTextPresentKeyword.groovy:68)
	at com.kms.katalon.core.keyword.internal.KeywordExecutor.executeKeywordForPlatform(KeywordExecutor.groovy:72)
	at com.kms.katalon.core.webui.keyword.WebUiBuiltInKeywords.verifyTextPresent(WebUiBuiltInKeywords.groovy:1719)
	at com.kms.katalon.core.webui.keyword.WebUiBuiltInKeywords$verifyTextPresent$2.call(Unknown Source)
	at WebOffice_StartUp.run(WebOffice_StartUp:167)
	at com.kms.katalon.core.main.ScriptEngine.run(ScriptEngine.java:194)
	at com.kms.katalon.core.main.ScriptEngine.runScriptAsRawText(ScriptEngine.java:119)
	at com.kms.katalon.core.main.TestCaseExecutor.runScript(TestCaseExecutor.java:337)
	at com.kms.katalon.core.main.TestCaseExecutor.doExecute(TestCaseExecutor.java:328)
	at com.kms.katalon.core.main.TestCaseExecutor.processExecutionPhase(TestCaseExecutor.java:307)
	at com.kms.katalon.core.main.TestCaseExecutor.accessMainPhase(TestCaseExecutor.java:299)
	at com.kms.katalon.core.main.TestCaseExecutor.execute(TestCaseExecutor.java:233)
	at com.kms.katalon.core.main.TestCaseMain.runTestCase(TestCaseMain.java:114)
	at com.kms.katalon.core.keyword.builtin.CallTestCaseKeyword$_callTestCase_closure1.doCall(CallTestCaseKeyword.groovy:59)
	at com.kms.katalon.core.keyword.builtin.CallTestCaseKeyword$_callTestCase_closure1.call(CallTestCaseKeyword.groovy)
	at com.kms.katalon.core.keyword.internal.KeywordMain.runKeyword(KeywordMain.groovy:68)
	at com.kms.katalon.core.keyword.builtin.CallTestCaseKeyword.callTestCase(CallTestCaseKeyword.groovy:81)
	at com.kms.katalon.core.keyword.builtin.CallTestCaseKeyword.execute(CallTestCaseKeyword.groovy:44)
	at com.kms.katalon.core.keyword.internal.KeywordExecutor.executeKeywordForPlatform(KeywordExecutor.groovy:72)
	at com.kms.katalon.core.keyword.BuiltinKeywords.callTestCase(BuiltinKeywords.groovy:334)
	at Downloads.run(Downloads:53)
	at com.kms.katalon.core.main.ScriptEngine.run(ScriptEngine.java:194)
	at com.kms.katalon.core.main.ScriptEngine.runScriptAsRawText(ScriptEngine.java:119)
	at com.kms.katalon.core.main.TestCaseExecutor.runScript(TestCaseExecutor.java:337)
	at com.kms.katalon.core.main.TestCaseExecutor.doExecute(TestCaseExecutor.java:328)
	at com.kms.katalon.core.main.TestCaseExecutor.processExecutionPhase(TestCaseExecutor.java:307)
	at com.kms.katalon.core.main.TestCaseExecutor.accessMainPhase(TestCaseExecutor.java:299)
	at com.kms.katalon.core.main.TestCaseExecutor.execute(TestCaseExecutor.java:233)
	at com.kms.katalon.core.main.TestSuiteExecutor.accessTestCaseMainPhase(TestSuiteExecutor.java:169)
	at com.kms.katalon.core.main.TestSuiteExecutor.accessTestSuiteMainPhase(TestSuiteExecutor.java:142)
	at com.kms.katalon.core.main.TestSuiteExecutor.execute(TestSuiteExecutor.java:91)
	at com.kms.katalon.core.main.TestCaseMain.startTestSuite(TestCaseMain.java:157)
	at com.kms.katalon.core.main.TestCaseMain$startTestSuite$0.call(Unknown Source)
	at TempTestSuite1587475880687.run(TempTestSuite1587475880687.groovy:36)
)
	at com.kms.katalon.core.keyword.internal.KeywordMain.stepFailed(KeywordMain.groovy:39)
	at com.kms.katalon.core.webui.keyword.internal.WebUIKeywordMain.stepFailed(WebUIKeywordMain.groovy:64)
	at com.kms.katalon.core.webui.keyword.builtin.VerifyTextPresentKeyword$_verifyTextPresent_closure1.doCall(VerifyTextPresentKeyword.groovy:79)
	at com.kms.katalon.core.webui.keyword.builtin.VerifyTextPresentKeyword$_verifyTextPresent_closure1.call(VerifyTextPresentKeyword.groovy)
	at com.kms.katalon.core.webui.keyword.internal.WebUIKeywordMain.runKeyword(WebUIKeywordMain.groovy:20)
	at com.kms.katalon.core.webui.keyword.builtin.VerifyTextPresentKeyword.verifyTextPresent(VerifyTextPresentKeyword.groovy:83)
	at com.kms.katalon.core.webui.keyword.builtin.VerifyTextPresentKeyword.execute(VerifyTextPresentKeyword.groovy:68)
	at com.kms.katalon.core.keyword.internal.KeywordExecutor.executeKeywordForPlatform(KeywordExecutor.groovy:72)
	at com.kms.katalon.core.webui.keyword.WebUiBuiltInKeywords.verifyTextPresent(WebUiBuiltInKeywords.groovy:1719)
	at com.kms.katalon.core.webui.keyword.WebUiBuiltInKeywords$verifyTextPresent$2.call(Unknown Source)
	at WebOffice_StartUp.run(WebOffice_StartUp:167)
	at com.kms.katalon.core.main.ScriptEngine.run(ScriptEngine.java:194)
	at com.kms.katalon.core.main.ScriptEngine.runScriptAsRawText(ScriptEngine.java:119)
	at com.kms.katalon.core.main.TestCaseExecutor.runScript(TestCaseExecutor.java:337)
	at com.kms.katalon.core.main.TestCaseExecutor.doExecute(TestCaseExecutor.java:328)
	at com.kms.katalon.core.main.TestCaseExecutor.processExecutionPhase(TestCaseExecutor.java:307)
	at com.kms.katalon.core.main.TestCaseExecutor.accessMainPhase(TestCaseExecutor.java:299)
	at com.kms.katalon.core.main.TestCaseExecutor.execute(TestCaseExecutor.java:233)
	at com.kms.katalon.core.main.TestCaseMain.runTestCase(TestCaseMain.java:114)
	at com.kms.katalon.core.keyword.builtin.CallTestCaseKeyword$_callTestCase_closure1.doCall(CallTestCaseKeyword.groovy:59)
	... 20 more
Caused by: com.kms.katalon.core.exception.StepFailedException: Text 'Welcome DavidHo' is not present on page 
	... 39 more]]></system-out>
      <system-err><![CDATA[2020-04-21 14:51:57 - [TEST_SUITE][FAILED] - Web_Office_Settings: Test Cases/Web_Office/Settings/Members_Area/Downloads FAILED.
Reason:
com.kms.katalon.core.exception.StepFailedException: Call Test Case 'Test Cases/Reusable_Test_Sequences/Web_Office/Directives/WebOffice_StartUp' failed
	at com.kms.katalon.core.keyword.builtin.CallTestCaseKeyword$_callTestCase_closure1.doCall(CallTestCaseKeyword.groovy:63)
	at com.kms.katalon.core.keyword.builtin.CallTestCaseKeyword$_callTestCase_closure1.call(CallTestCaseKeyword.groovy)
	at com.kms.katalon.core.keyword.internal.KeywordMain.runKeyword(KeywordMain.groovy:68)
	at com.kms.katalon.core.keyword.builtin.CallTestCaseKeyword.callTestCase(CallTestCaseKeyword.groovy:81)
	at com.kms.katalon.core.keyword.builtin.CallTestCaseKeyword.execute(CallTestCaseKeyword.groovy:44)
	at com.kms.katalon.core.keyword.internal.KeywordExecutor.executeKeywordForPlatform(KeywordExecutor.groovy:72)
	at com.kms.katalon.core.keyword.BuiltinKeywords.callTestCase(BuiltinKeywords.groovy:334)
	at Downloads.run(Downloads:53)
	at com.kms.katalon.core.main.ScriptEngine.run(ScriptEngine.java:194)
	at com.kms.katalon.core.main.ScriptEngine.runScriptAsRawText(ScriptEngine.java:119)
	at com.kms.katalon.core.main.TestCaseExecutor.runScript(TestCaseExecutor.java:337)
	at com.kms.katalon.core.main.TestCaseExecutor.doExecute(TestCaseExecutor.java:328)
	at com.kms.katalon.core.main.TestCaseExecutor.processExecutionPhase(TestCaseExecutor.java:307)
	at com.kms.katalon.core.main.TestCaseExecutor.accessMainPhase(TestCaseExecutor.java:299)
	at com.kms.katalon.core.main.TestCaseExecutor.execute(TestCaseExecutor.java:233)
	at com.kms.katalon.core.main.TestSuiteExecutor.accessTestCaseMainPhase(TestSuiteExecutor.java:169)
	at com.kms.katalon.core.main.TestSuiteExecutor.accessTestSuiteMainPhase(TestSuiteExecutor.java:142)
	at com.kms.katalon.core.main.TestSuiteExecutor.execute(TestSuiteExecutor.java:91)
	at com.kms.katalon.core.main.TestCaseMain.startTestSuite(TestCaseMain.java:157)
	at com.kms.katalon.core.main.TestCaseMain$startTestSuite$0.call(Unknown Source)
	at TempTestSuite1587475880687.run(TempTestSuite1587475880687.groovy:36)
Caused by: com.kms.katalon.core.exception.StepFailedException: Text 'Welcome DavidHo' is not present on page  (Root cause: com.kms.katalon.core.exception.StepFailedException: Text 'Welcome DavidHo' is not present on page 
	at com.kms.katalon.core.webui.keyword.internal.WebUIKeywordMain.stepFailed(WebUIKeywordMain.groovy:64)
	at com.kms.katalon.core.webui.keyword.builtin.VerifyTextPresentKeyword$_verifyTextPresent_closure1.doCall(VerifyTextPresentKeyword.groovy:79)
	at com.kms.katalon.core.webui.keyword.builtin.VerifyTextPresentKeyword$_verifyTextPresent_closure1.call(VerifyTextPresentKeyword.groovy)
	at com.kms.katalon.core.webui.keyword.internal.WebUIKeywordMain.runKeyword(WebUIKeywordMain.groovy:20)
	at com.kms.katalon.core.webui.keyword.builtin.VerifyTextPresentKeyword.verifyTextPresent(VerifyTextPresentKeyword.groovy:83)
	at com.kms.katalon.core.webui.keyword.builtin.VerifyTextPresentKeyword.execute(VerifyTextPresentKeyword.groovy:68)
	at com.kms.katalon.core.keyword.internal.KeywordExecutor.executeKeywordForPlatform(KeywordExecutor.groovy:72)
	at com.kms.katalon.core.webui.keyword.WebUiBuiltInKeywords.verifyTextPresent(WebUiBuiltInKeywords.groovy:1719)
	at com.kms.katalon.core.webui.keyword.WebUiBuiltInKeywords$verifyTextPresent$2.call(Unknown Source)
	at WebOffice_StartUp.run(WebOffice_StartUp:167)
	at com.kms.katalon.core.main.ScriptEngine.run(ScriptEngine.java:194)
	at com.kms.katalon.core.main.ScriptEngine.runScriptAsRawText(ScriptEngine.java:119)
	at com.kms.katalon.core.main.TestCaseExecutor.runScript(TestCaseExecutor.java:337)
	at com.kms.katalon.core.main.TestCaseExecutor.doExecute(TestCaseExecutor.java:328)
	at com.kms.katalon.core.main.TestCaseExecutor.processExecutionPhase(TestCaseExecutor.java:307)
	at com.kms.katalon.core.main.TestCaseExecutor.accessMainPhase(TestCaseExecutor.java:299)
	at com.kms.katalon.core.main.TestCaseExecutor.execute(TestCaseExecutor.java:233)
	at com.kms.katalon.core.main.TestCaseMain.runTestCase(TestCaseMain.java:114)
	at com.kms.katalon.core.keyword.builtin.CallTestCaseKeyword$_callTestCase_closure1.doCall(CallTestCaseKeyword.groovy:59)
	at com.kms.katalon.core.keyword.builtin.CallTestCaseKeyword$_callTestCase_closure1.call(CallTestCaseKeyword.groovy)
	at com.kms.katalon.core.keyword.internal.KeywordMain.runKeyword(KeywordMain.groovy:68)
	at com.kms.katalon.core.keyword.builtin.CallTestCaseKeyword.callTestCase(CallTestCaseKeyword.groovy:81)
	at com.kms.katalon.core.keyword.builtin.CallTestCaseKeyword.execute(CallTestCaseKeyword.groovy:44)
	at com.kms.katalon.core.keyword.internal.KeywordExecutor.executeKeywordForPlatform(KeywordExecutor.groovy:72)
	at com.kms.katalon.core.keyword.BuiltinKeywords.callTestCase(BuiltinKeywords.groovy:334)
	at Downloads.run(Downloads:53)
	at com.kms.katalon.core.main.ScriptEngine.run(ScriptEngine.java:194)
	at com.kms.katalon.core.main.ScriptEngine.runScriptAsRawText(ScriptEngine.java:119)
	at com.kms.katalon.core.main.TestCaseExecutor.runScript(TestCaseExecutor.java:337)
	at com.kms.katalon.core.main.TestCaseExecutor.doExecute(TestCaseExecutor.java:328)
	at com.kms.katalon.core.main.TestCaseExecutor.processExecutionPhase(TestCaseExecutor.java:307)
	at com.kms.katalon.core.main.TestCaseExecutor.accessMainPhase(TestCaseExecutor.java:299)
	at com.kms.katalon.core.main.TestCaseExecutor.execute(TestCaseExecutor.java:233)
	at com.kms.katalon.core.main.TestSuiteExecutor.accessTestCaseMainPhase(TestSuiteExecutor.java:169)
	at com.kms.katalon.core.main.TestSuiteExecutor.accessTestSuiteMainPhase(TestSuiteExecutor.java:142)
	at com.kms.katalon.core.main.TestSuiteExecutor.execute(TestSuiteExecutor.java:91)
	at com.kms.katalon.core.main.TestCaseMain.startTestSuite(TestCaseMain.java:157)
	at com.kms.katalon.core.main.TestCaseMain$startTestSuite$0.call(Unknown Source)
	at TempTestSuite1587475880687.run(TempTestSuite1587475880687.groovy:36)
)
	at com.kms.katalon.core.keyword.internal.KeywordMain.stepFailed(KeywordMain.groovy:39)
	at com.kms.katalon.core.webui.keyword.internal.WebUIKeywordMain.stepFailed(WebUIKeywordMain.groovy:64)
	at com.kms.katalon.core.webui.keyword.builtin.VerifyTextPresentKeyword$_verifyTextPresent_closure1.doCall(VerifyTextPresentKeyword.groovy:79)
	at com.kms.katalon.core.webui.keyword.builtin.VerifyTextPresentKeyword$_verifyTextPresent_closure1.call(VerifyTextPresentKeyword.groovy)
	at com.kms.katalon.core.webui.keyword.internal.WebUIKeywordMain.runKeyword(WebUIKeywordMain.groovy:20)
	at com.kms.katalon.core.webui.keyword.builtin.VerifyTextPresentKeyword.verifyTextPresent(VerifyTextPresentKeyword.groovy:83)
	at com.kms.katalon.core.webui.keyword.builtin.VerifyTextPresentKeyword.execute(VerifyTextPresentKeyword.groovy:68)
	at com.kms.katalon.core.keyword.internal.KeywordExecutor.executeKeywordForPlatform(KeywordExecutor.groovy:72)
	at com.kms.katalon.core.webui.keyword.WebUiBuiltInKeywords.verifyTextPresent(WebUiBuiltInKeywords.groovy:1719)
	at com.kms.katalon.core.webui.keyword.WebUiBuiltInKeywords$verifyTextPresent$2.call(Unknown Source)
	at WebOffice_StartUp.run(WebOffice_StartUp:167)
	at com.kms.katalon.core.main.ScriptEngine.run(ScriptEngine.java:194)
	at com.kms.katalon.core.main.ScriptEngine.runScriptAsRawText(ScriptEngine.java:119)
	at com.kms.katalon.core.main.TestCaseExecutor.runScript(TestCaseExecutor.java:337)
	at com.kms.katalon.core.main.TestCaseExecutor.doExecute(TestCaseExecutor.java:328)
	at com.kms.katalon.core.main.TestCaseExecutor.processExecutionPhase(TestCaseExecutor.java:307)
	at com.kms.katalon.core.main.TestCaseExecutor.accessMainPhase(TestCaseExecutor.java:299)
	at com.kms.katalon.core.main.TestCaseExecutor.execute(TestCaseExecutor.java:233)
	at com.kms.katalon.core.main.TestCaseMain.runTestCase(TestCaseMain.java:114)
	at com.kms.katalon.core.keyword.builtin.CallTestCaseKeyword$_callTestCase_closure1.doCall(CallTestCaseKeyword.groovy:59)
	... 20 more
Caused by: com.kms.katalon.core.exception.StepFailedException: Text 'Welcome DavidHo' is not present on page 
	... 39 more]]></system-err>
   </testsuite>
</testsuites>
