<?xml version="1.0" encoding="UTF-8"?>
<testsuites name="Web_Office_Settings" time="811.862" tests="21" failures="0" errors="0">
   <testsuite name="Web_Office_Settings" tests="21" failures="0" errors="0" time="811.862" timestamp="2020-04-17 11:12:01" hostname="DavidHo - 192.168.1.238" id="Test Suites/Web_Office_Settings">
      <properties>
         <property name="deviceName" value=""/>
         <property name="devicePlatform" value=""/>
         <property name="logFolder" value="C:\\Users\\davidho\\git\\src\\Reports\\20200417_105110\\Web_Office_Settings\\20200417_105120"/>
         <property name="logFiles" value="C:\\Users\\davidho\\git\\src\\Reports\\20200417_105110\\Web_Office_Settings\\20200417_105120\\execution0.log"/>
         <property name="attachments" value=""/>
         <property name="hostName" value="DavidHo - 192.168.1.238"/>
         <property name="os" value="Windows 10 32bit"/>
         <property name="katalonVersion" value="7.3.1.1"/>
         <property name="browser" value="Firefox 74.0"/>
         <property name="hostAddress" value="192.168.1.238"/>
         <property name="sessionId" value="61647358-2e43-4d25-b693-e229764cd91c"/>
         <property name="seleniumVersion" value="3.141.59"/>
         <property name="proxyInformation" value="ProxyInformation{proxyOption=NO_PROXY, proxyServerType=HTTP, password=, proxyServerAddress=, proxyServerPort=0, executionList=}"/>
         <property name="platform" value="Windows 10"/>
      </properties>
      <testcase name="Test Cases/Web_Office/Settings/Checkatrade_Com/Homepage Boxes" time="24.968" classname="Test Cases/Web_Office/Settings/Checkatrade_Com/Homepage Boxes" status="PASSED">
         <system-out><![CDATA[2020-04-17 11:12:01 - [TEST_CASE][PASSED] - Test Cases/Web_Office/Settings/Checkatrade_Com/Homepage Boxes: Test Cases/Web_Office/Settings/Checkatrade_Com/Homepage Boxes

2020-04-17 11:12:01 - [TEST_STEP][PASSED] - "--------------------------------------": null

2020-04-17 11:12:01 - [TEST_STEP][PASSED] - " Web Office StartUp                  |": null

2020-04-17 11:12:01 - [TEST_STEP][PASSED] - callTestCase(findTestCase("Reusable_Test_Sequences/Web_Office/Directives/WebOffice_StartUp"), [:], STOP_ON_FAILURE): Call Test Case 'Test Cases/Reusable_Test_Sequences/Web_Office/Directives/WebOffice_StartUp' successfully

2020-04-17 11:12:01 - [TEST_CASE][PASSED] - Test Cases/Reusable_Test_Sequences/Web_Office/Directives/WebOffice_StartUp: Test Cases/Reusable_Test_Sequences/Web_Office/Directives/WebOffice_StartUp

2020-04-17 11:12:02 - [TEST_STEP][PASSED] - "-----------------------------------------------------------------------------": null

2020-04-17 11:12:02 - [TEST_STEP][PASSED] - if (URL == "https://www.dev.checkatrade.com/"): null

2020-04-17 11:12:02 - [TEST_STEP][PASSED] - "-----------------------------------------------------------------------------": null

2020-04-17 11:12:02 - [TEST_STEP][PASSED] - if (URL == "https://www.checkatrade.com/"): null

2020-04-17 11:12:02 - [TEST_STEP][PASSED] - "-----------------------------------------------------------------------------": null

2020-04-17 11:12:02 - [TEST_STEP][PASSED] - if (URL == "https://www.preview.checkatrade.com/"): null

2020-04-17 11:12:02 - [TEST_STEP][PASSED] - WebOfficeURL = "https://admin.preview.checkatrade.com/": null

2020-04-17 11:12:02 - [TEST_STEP][PASSED] - if (URL == "https://www.dev2.checkatrade.com/"): null

2020-04-17 11:12:02 - [TEST_STEP][PASSED] - "Set Function Area for "URL_Handler", URL Resolution": null

2020-04-17 11:12:02 - [TEST_STEP][PASSED] - "Do Some Magic with URL(s) See the comments within URL Handler ": null

2020-04-17 11:12:02 - [TEST_STEP][PASSED] - "------------------------------------------------": null

2020-04-17 11:12:02 - [TEST_STEP][PASSED] - "Moved Login Credentials to <Default> profile 22/01/2020": null

2020-04-17 11:12:02 - [TEST_STEP][PASSED] - "------------------------------------------------": null

2020-04-17 11:12:02 - [TEST_STEP][PASSED] - "WebOfficeURL - Set from the ENVIRONMENT PROFILE ": null

2020-04-17 11:12:02 - [TEST_STEP][PASSED] - "OPEN BROWSER": null

2020-04-17 11:12:02 - [TEST_STEP][PASSED] - "eg - https://admin.preview.checkatrade.com/  ": null

2020-04-17 11:12:02 - [TEST_STEP][PASSED] - openBrowser(WebOfficeURL): Browser is opened with url: 'https://admin.preview.checkatrade.com/'

2020-04-17 11:12:02 - [MESSAGE][INFO] - Starting 'Firefox' driver

2020-04-17 11:12:02 - [MESSAGE][INFO] - Action delay is set to 0 milliseconds

2020-04-17 11:12:09 - [MESSAGE][PASSED] - Browser is opened with url: 'https://admin.preview.checkatrade.com/'

2020-04-17 11:12:09 - [TEST_STEP][PASSED] - maximizeWindow(): Current window maximized

2020-04-17 11:12:09 - [MESSAGE][PASSED] - Current window maximized

2020-04-17 11:12:09 - [TEST_STEP][PASSED] - waitForElementClickable(findTestObject("Object Repository/WebOffice/Page_Checkatrade - Administration - Login/Login_Button"), 25): Object 'Object Repository/WebOffice/Page_Checkatrade - Administration - Login/Login_Button' is clickable

2020-04-17 11:12:09 - [MESSAGE][PASSED] - Object 'Object Repository/WebOffice/Page_Checkatrade - Administration - Login/Login_Button' is clickable

2020-04-17 11:12:09 - [TEST_STEP][PASSED] - verifyTextPresent("Checkatrade Web Office", false): Text 'Checkatrade Web Office' is present on page 

2020-04-17 11:12:09 - [MESSAGE][PASSED] - Text 'Checkatrade Web Office' is present on page 

2020-04-17 11:12:09 - [TEST_STEP][PASSED] - verifyTextPresent("Access for staff use only", false): Text 'Access for staff use only' is present on page 

2020-04-17 11:12:09 - [MESSAGE][PASSED] - Text 'Access for staff use only' is present on page 

2020-04-17 11:12:09 - [TEST_STEP][PASSED] - verifyTextPresent("Forgotten password?", false): Text 'Forgotten password?' is present on page 

2020-04-17 11:12:10 - [MESSAGE][PASSED] - Text 'Forgotten password?' is present on page 

2020-04-17 11:12:10 - [TEST_STEP][PASSED] - setText(findTestObject("Object Repository/WebOffice/Page_Checkatrade - Administration - Login/input_Username_LoginControlUserName"), wo_Username): Text 'DavidHo' is set on object 'Object Repository/WebOffice/Page_Checkatrade - Administration - Login/input_Username_LoginControlUserName'

2020-04-17 11:12:10 - [MESSAGE][PASSED] - Text 'DavidHo' is set on object 'Object Repository/WebOffice/Page_Checkatrade - Administration - Login/input_Username_LoginControlUserName'

2020-04-17 11:12:10 - [TEST_STEP][PASSED] - setText(findTestObject("Object Repository/WebOffice/Page_Checkatrade - Administration - Login/input_Password_LoginControlPassword"), wo_Password): Text 'Check123' is set on object 'Object Repository/WebOffice/Page_Checkatrade - Administration - Login/input_Password_LoginControlPassword'

2020-04-17 11:12:10 - [MESSAGE][PASSED] - Text 'Check123' is set on object 'Object Repository/WebOffice/Page_Checkatrade - Administration - Login/input_Password_LoginControlPassword'

2020-04-17 11:12:10 - [TEST_STEP][PASSED] - click(findTestObject("Object Repository/WebOffice/Page_Checkatrade - Administration - Login/Login_Button")): Object: 'Object Repository/WebOffice/Page_Checkatrade - Administration - Login/Login_Button' is clicked on

2020-04-17 11:12:13 - [MESSAGE][PASSED] - Object: 'Object Repository/WebOffice/Page_Checkatrade - Administration - Login/Login_Button' is clicked on

2020-04-17 11:12:13 - [TEST_STEP][PASSED] - waitForPageLoad(60): Wait for page load successfully

2020-04-17 11:12:13 - [MESSAGE][PASSED] - Wait for page load successfully

2020-04-17 11:12:13 - [TEST_STEP][PASSED] - verifyTextPresent("Welcome " + wo_Username, false): Text 'Welcome DavidHo' is present on page 

2020-04-17 11:12:13 - [MESSAGE][PASSED] - Text 'Welcome DavidHo' is present on page 

2020-04-17 11:12:13 - [MESSAGE][PASSED] - Call Test Case 'Test Cases/Reusable_Test_Sequences/Web_Office/Directives/WebOffice_StartUp' successfully

2020-04-17 11:12:13 - [TEST_STEP][PASSED] - "-----------------------------------------------------------------": null

2020-04-17 11:12:13 - [TEST_STEP][PASSED] - " Navigate to <Settings->Checkatrade.Com->Sub Item> Menu Item     |": null

2020-04-17 11:12:13 - [TEST_STEP][PASSED] - callTestCase(findTestCase("Reusable_Test_Sequences/Web_Office/Navigation/Sub_Menu_Navigation/Settings/Checkatrade_Com/Homepage_Boxes"), [:], STOP_ON_FAILURE): Call Test Case 'Test Cases/Reusable_Test_Sequences/Web_Office/Navigation/Sub_Menu_Navigation/Settings/Checkatrade_Com/Homepage_Boxes' successfully

2020-04-17 11:12:13 - [TEST_CASE][PASSED] - Test Cases/Reusable_Test_Sequences/Web_Office/Navigation/Sub_Menu_Navigation/Settings/Checkatrade_Com/Homepage_Boxes: Test Cases/Reusable_Test_Sequences/Web_Office/Navigation/Sub_Menu_Navigation/Settings/Checkatrade_Com/Homepage_Boxes

2020-04-17 11:12:14 - [TEST_STEP][PASSED] - "--------------------------------------": null

2020-04-17 11:12:14 - [TEST_STEP][PASSED] - " Navigate Top level menu Item         |": null

2020-04-17 11:12:14 - [TEST_STEP][PASSED] - waitForPageLoad(60): Wait for page load successfully

2020-04-17 11:12:14 - [MESSAGE][PASSED] - Wait for page load successfully

2020-04-17 11:12:14 - [TEST_STEP][PASSED] - waitForElementClickable(findTestObject("Object Repository/WebOffice_Home_page/a_Settings"), 60): Object 'Object Repository/WebOffice_Home_page/a_Settings' is clickable

2020-04-17 11:12:14 - [MESSAGE][PASSED] - Object 'Object Repository/WebOffice_Home_page/a_Settings' is clickable

2020-04-17 11:12:14 - [TEST_STEP][PASSED] - mouseOver(findTestObject("Object Repository/WebOffice_Home_page/a_Settings")): Object: 'Object Repository/WebOffice_Home_page/a_Settings' is hovered

2020-04-17 11:12:14 - [MESSAGE][PASSED] - Object: 'Object Repository/WebOffice_Home_page/a_Settings' is hovered

2020-04-17 11:12:14 - [TEST_STEP][PASSED] - mouseOver(findTestObject("Object Repository/WebOffice_Home_page/a_wwwcheckatradecom")): Object: 'Object Repository/WebOffice_Home_page/a_wwwcheckatradecom' is hovered

2020-04-17 11:12:15 - [MESSAGE][PASSED] - Object: 'Object Repository/WebOffice_Home_page/a_wwwcheckatradecom' is hovered

2020-04-17 11:12:15 - [TEST_STEP][PASSED] - waitForElementClickable(findTestObject("Object Repository/WebOffice_Home_page/a_Homepage Boxes"), 1): Object 'Object Repository/WebOffice_Home_page/a_Homepage Boxes' is clickable

2020-04-17 11:12:15 - [MESSAGE][PASSED] - Object 'Object Repository/WebOffice_Home_page/a_Homepage Boxes' is clickable

2020-04-17 11:12:15 - [TEST_STEP][PASSED] - click(findTestObject("Object Repository/WebOffice_Home_page/a_Homepage Boxes")): Object: 'Object Repository/WebOffice_Home_page/a_Homepage Boxes' is clicked on

2020-04-17 11:12:16 - [MESSAGE][PASSED] - Object: 'Object Repository/WebOffice_Home_page/a_Homepage Boxes' is clicked on

2020-04-17 11:12:16 - [MESSAGE][PASSED] - Call Test Case 'Test Cases/Reusable_Test_Sequences/Web_Office/Navigation/Sub_Menu_Navigation/Settings/Checkatrade_Com/Homepage_Boxes' successfully

2020-04-17 11:12:16 - [TEST_STEP][PASSED] - "--------------------------------------": null

2020-04-17 11:12:16 - [TEST_STEP][PASSED] - " Verify Returned Page Detail          |": null

2020-04-17 11:12:16 - [TEST_STEP][PASSED] - callTestCase(findTestCase("Reusable_Test_Sequences/Web_Office/Verification/Settings/Checkatrade_Com/Homepage_Boxes"), [:], OPTIONAL): Call Test Case 'Test Cases/Reusable_Test_Sequences/Web_Office/Verification/Settings/Checkatrade_Com/Homepage_Boxes' successfully

2020-04-17 11:12:16 - [TEST_CASE][PASSED] - Test Cases/Reusable_Test_Sequences/Web_Office/Verification/Settings/Checkatrade_Com/Homepage_Boxes: Test Cases/Reusable_Test_Sequences/Web_Office/Verification/Settings/Checkatrade_Com/Homepage_Boxes

2020-04-17 11:12:16 - [TEST_STEP][PASSED] - waitForPageLoad(60): Wait for page load successfully

2020-04-17 11:12:16 - [MESSAGE][PASSED] - Wait for page load successfully

2020-04-17 11:12:16 - [TEST_STEP][PASSED] - delay(1): Delayed 1 second(s)

2020-04-17 11:12:17 - [MESSAGE][PASSED] - Delayed 1 second(s)

2020-04-17 11:12:17 - [TEST_STEP][PASSED] - verifyTextPresent("Homepage Boxes", false): Text 'Homepage Boxes' is present on page 

2020-04-17 11:12:18 - [MESSAGE][PASSED] - Text 'Homepage Boxes' is present on page 

2020-04-17 11:12:18 - [TEST_STEP][PASSED] - "----------------------------------------------": null

2020-04-17 11:12:18 - [TEST_STEP][PASSED] - verifyTextPresent("Box 1", false): Text 'Box 1' is present on page 

2020-04-17 11:12:20 - [MESSAGE][PASSED] - Text 'Box 1' is present on page 

2020-04-17 11:12:20 - [TEST_STEP][PASSED] - verifyTextPresent("Currently unavailable as box has been replaced", false): Text 'Currently unavailable as box has been replaced' is present on page 

2020-04-17 11:12:20 - [MESSAGE][PASSED] - Text 'Currently unavailable as box has been replaced' is present on page 

2020-04-17 11:12:20 - [TEST_STEP][PASSED] - verifyTextPresent("Contents", false): Text 'Contents' is present on page 

2020-04-17 11:12:21 - [MESSAGE][PASSED] - Text 'Contents' is present on page 

2020-04-17 11:12:21 - [TEST_STEP][PASSED] - verifyTextPresent("Statistics boxes", false): Text 'Statistics boxes' is present on page 

2020-04-17 11:12:22 - [MESSAGE][PASSED] - Text 'Statistics boxes' is present on page 

2020-04-17 11:12:22 - [TEST_STEP][PASSED] - "----------------------------------------------": null

2020-04-17 11:12:22 - [TEST_STEP][PASSED] - verifyTextPresent("Stat box 1", false): Text 'Stat box 1' is present on page 

2020-04-17 11:12:23 - [MESSAGE][PASSED] - Text 'Stat box 1' is present on page 

2020-04-17 11:12:23 - [TEST_STEP][PASSED] - verifyTextPresent("Stat box 2", false): Text 'Stat box 2' is present on page 

2020-04-17 11:12:23 - [MESSAGE][PASSED] - Text 'Stat box 2' is present on page 

2020-04-17 11:12:23 - [TEST_STEP][PASSED] - verifyTextPresent("Stat box 3", false): Text 'Stat box 3' is present on page 

2020-04-17 11:12:23 - [MESSAGE][PASSED] - Text 'Stat box 3' is present on page 

2020-04-17 11:12:23 - [TEST_STEP][PASSED] - verifyTextPresent("Feedback", false): Text 'Feedback' is present on page 

2020-04-17 11:12:24 - [MESSAGE][PASSED] - Text 'Feedback' is present on page 

2020-04-17 11:12:24 - [TEST_STEP][PASSED] - verifyTextPresent("Note: It may take up to 15 minutes for these changes to take effect on the homepage.", false): Text 'Note: It may take up to 15 minutes for these changes to take effect on the homepage.' is present on page 

2020-04-17 11:12:24 - [MESSAGE][PASSED] - Text 'Note: It may take up to 15 minutes for these changes to take effect on the homepage.' is present on page 

2020-04-17 11:12:24 - [MESSAGE][PASSED] - Call Test Case 'Test Cases/Reusable_Test_Sequences/Web_Office/Verification/Settings/Checkatrade_Com/Homepage_Boxes' successfully

2020-04-17 11:12:24 - [TEST_STEP][PASSED] - "--------------------------": null

2020-04-17 11:12:24 - [TEST_STEP][PASSED] - " Teardown - CLose Browser |": null

2020-04-17 11:12:24 - [TEST_STEP][PASSED] - callTestCase(findTestCase("Reusable_Test_Sequences/CAT_Teardown"), [:], OPTIONAL): Call Test Case 'Test Cases/Reusable_Test_Sequences/CAT_Teardown' successfully

2020-04-17 11:12:24 - [TEST_CASE][PASSED] - Test Cases/Reusable_Test_Sequences/CAT_Teardown: Test Cases/Reusable_Test_Sequences/CAT_Teardown

2020-04-17 11:12:24 - [TEST_STEP][PASSED] - closeBrowser(): Browser is closed

2020-04-17 11:12:26 - [MESSAGE][PASSED] - Browser is closed

2020-04-17 11:12:26 - [TEST_STEP][PASSED] - super.finalize(): null

2020-04-17 11:12:26 - [TEST_STEP][PASSED] - System.gc(): null

2020-04-17 11:12:26 - [MESSAGE][PASSED] - Call Test Case 'Test Cases/Reusable_Test_Sequences/CAT_Teardown' successfully]]></system-out>
         <system-err><![CDATA[]]></system-err>
      </testcase>
      <testcase name="Test Cases/Web_Office/Settings/Checkatrade_Com/Testimonials" time="29.805" classname="Test Cases/Web_Office/Settings/Checkatrade_Com/Testimonials" status="PASSED">
         <system-out><![CDATA[2020-04-17 11:12:26 - [TEST_CASE][PASSED] - Test Cases/Web_Office/Settings/Checkatrade_Com/Testimonials: Test Cases/Web_Office/Settings/Checkatrade_Com/Testimonials

2020-04-17 11:12:26 - [TEST_STEP][PASSED] - "--------------------------------------": null

2020-04-17 11:12:26 - [TEST_STEP][PASSED] - " Web Office StartUp                  |": null

2020-04-17 11:12:26 - [TEST_STEP][PASSED] - callTestCase(findTestCase("Reusable_Test_Sequences/Web_Office/Directives/WebOffice_StartUp"), [:], STOP_ON_FAILURE): Call Test Case 'Test Cases/Reusable_Test_Sequences/Web_Office/Directives/WebOffice_StartUp' successfully

2020-04-17 11:12:26 - [TEST_CASE][PASSED] - Test Cases/Reusable_Test_Sequences/Web_Office/Directives/WebOffice_StartUp: Test Cases/Reusable_Test_Sequences/Web_Office/Directives/WebOffice_StartUp

2020-04-17 11:12:26 - [TEST_STEP][PASSED] - "-----------------------------------------------------------------------------": null

2020-04-17 11:12:26 - [TEST_STEP][PASSED] - if (URL == "https://www.dev.checkatrade.com/"): null

2020-04-17 11:12:26 - [TEST_STEP][PASSED] - "-----------------------------------------------------------------------------": null

2020-04-17 11:12:26 - [TEST_STEP][PASSED] - if (URL == "https://www.checkatrade.com/"): null

2020-04-17 11:12:26 - [TEST_STEP][PASSED] - "-----------------------------------------------------------------------------": null

2020-04-17 11:12:26 - [TEST_STEP][PASSED] - if (URL == "https://www.preview.checkatrade.com/"): null

2020-04-17 11:12:26 - [TEST_STEP][PASSED] - WebOfficeURL = "https://admin.preview.checkatrade.com/": null

2020-04-17 11:12:26 - [TEST_STEP][PASSED] - if (URL == "https://www.dev2.checkatrade.com/"): null

2020-04-17 11:12:26 - [TEST_STEP][PASSED] - "Set Function Area for "URL_Handler", URL Resolution": null

2020-04-17 11:12:26 - [TEST_STEP][PASSED] - "Do Some Magic with URL(s) See the comments within URL Handler ": null

2020-04-17 11:12:26 - [TEST_STEP][PASSED] - "------------------------------------------------": null

2020-04-17 11:12:26 - [TEST_STEP][PASSED] - "Moved Login Credentials to <Default> profile 22/01/2020": null

2020-04-17 11:12:26 - [TEST_STEP][PASSED] - "------------------------------------------------": null

2020-04-17 11:12:26 - [TEST_STEP][PASSED] - "WebOfficeURL - Set from the ENVIRONMENT PROFILE ": null

2020-04-17 11:12:26 - [TEST_STEP][PASSED] - "OPEN BROWSER": null

2020-04-17 11:12:26 - [TEST_STEP][PASSED] - "eg - https://admin.preview.checkatrade.com/  ": null

2020-04-17 11:12:26 - [TEST_STEP][PASSED] - openBrowser(WebOfficeURL): Browser is opened with url: 'https://admin.preview.checkatrade.com/'

2020-04-17 11:12:26 - [MESSAGE][INFO] - Starting 'Firefox' driver

2020-04-17 11:12:27 - [MESSAGE][INFO] - Action delay is set to 0 milliseconds

2020-04-17 11:12:33 - [MESSAGE][PASSED] - Browser is opened with url: 'https://admin.preview.checkatrade.com/'

2020-04-17 11:12:33 - [TEST_STEP][PASSED] - maximizeWindow(): Current window maximized

2020-04-17 11:12:34 - [MESSAGE][PASSED] - Current window maximized

2020-04-17 11:12:34 - [TEST_STEP][PASSED] - waitForElementClickable(findTestObject("Object Repository/WebOffice/Page_Checkatrade - Administration - Login/Login_Button"), 25): Object 'Object Repository/WebOffice/Page_Checkatrade - Administration - Login/Login_Button' is clickable

2020-04-17 11:12:34 - [MESSAGE][PASSED] - Object 'Object Repository/WebOffice/Page_Checkatrade - Administration - Login/Login_Button' is clickable

2020-04-17 11:12:34 - [TEST_STEP][PASSED] - verifyTextPresent("Checkatrade Web Office", false): Text 'Checkatrade Web Office' is present on page 

2020-04-17 11:12:34 - [MESSAGE][PASSED] - Text 'Checkatrade Web Office' is present on page 

2020-04-17 11:12:34 - [TEST_STEP][PASSED] - verifyTextPresent("Access for staff use only", false): Text 'Access for staff use only' is present on page 

2020-04-17 11:12:34 - [MESSAGE][PASSED] - Text 'Access for staff use only' is present on page 

2020-04-17 11:12:34 - [TEST_STEP][PASSED] - verifyTextPresent("Forgotten password?", false): Text 'Forgotten password?' is present on page 

2020-04-17 11:12:34 - [MESSAGE][PASSED] - Text 'Forgotten password?' is present on page 

2020-04-17 11:12:34 - [TEST_STEP][PASSED] - setText(findTestObject("Object Repository/WebOffice/Page_Checkatrade - Administration - Login/input_Username_LoginControlUserName"), wo_Username): Text 'DavidHo' is set on object 'Object Repository/WebOffice/Page_Checkatrade - Administration - Login/input_Username_LoginControlUserName'

2020-04-17 11:12:34 - [MESSAGE][PASSED] - Text 'DavidHo' is set on object 'Object Repository/WebOffice/Page_Checkatrade - Administration - Login/input_Username_LoginControlUserName'

2020-04-17 11:12:34 - [TEST_STEP][PASSED] - setText(findTestObject("Object Repository/WebOffice/Page_Checkatrade - Administration - Login/input_Password_LoginControlPassword"), wo_Password): Text 'Check123' is set on object 'Object Repository/WebOffice/Page_Checkatrade - Administration - Login/input_Password_LoginControlPassword'

2020-04-17 11:12:34 - [MESSAGE][PASSED] - Text 'Check123' is set on object 'Object Repository/WebOffice/Page_Checkatrade - Administration - Login/input_Password_LoginControlPassword'

2020-04-17 11:12:34 - [TEST_STEP][PASSED] - click(findTestObject("Object Repository/WebOffice/Page_Checkatrade - Administration - Login/Login_Button")): Object: 'Object Repository/WebOffice/Page_Checkatrade - Administration - Login/Login_Button' is clicked on

2020-04-17 11:12:35 - [MESSAGE][PASSED] - Object: 'Object Repository/WebOffice/Page_Checkatrade - Administration - Login/Login_Button' is clicked on

2020-04-17 11:12:35 - [TEST_STEP][PASSED] - waitForPageLoad(60): Wait for page load successfully

2020-04-17 11:12:35 - [MESSAGE][PASSED] - Wait for page load successfully

2020-04-17 11:12:35 - [TEST_STEP][PASSED] - verifyTextPresent("Welcome " + wo_Username, false): Text 'Welcome DavidHo' is present on page 

2020-04-17 11:12:36 - [MESSAGE][PASSED] - Text 'Welcome DavidHo' is present on page 

2020-04-17 11:12:36 - [MESSAGE][PASSED] - Call Test Case 'Test Cases/Reusable_Test_Sequences/Web_Office/Directives/WebOffice_StartUp' successfully

2020-04-17 11:12:36 - [TEST_STEP][PASSED] - "-----------------------------------------------------------------": null

2020-04-17 11:12:36 - [TEST_STEP][PASSED] - " Navigate to <Settings->Checkatrade.Com->Sub Item> Menu Item     |": null

2020-04-17 11:12:36 - [TEST_STEP][PASSED] - callTestCase(findTestCase("Reusable_Test_Sequences/Web_Office/Navigation/Sub_Menu_Navigation/Settings/Checkatrade_Com/Testimonials"), [:], STOP_ON_FAILURE): Call Test Case 'Test Cases/Reusable_Test_Sequences/Web_Office/Navigation/Sub_Menu_Navigation/Settings/Checkatrade_Com/Testimonials' successfully

2020-04-17 11:12:36 - [TEST_CASE][PASSED] - Test Cases/Reusable_Test_Sequences/Web_Office/Navigation/Sub_Menu_Navigation/Settings/Checkatrade_Com/Testimonials: Test Cases/Reusable_Test_Sequences/Web_Office/Navigation/Sub_Menu_Navigation/Settings/Checkatrade_Com/Testimonials

2020-04-17 11:12:36 - [TEST_STEP][PASSED] - "--------------------------------------": null

2020-04-17 11:12:36 - [TEST_STEP][PASSED] - " Navigate Top level menu Item         |": null

2020-04-17 11:12:36 - [TEST_STEP][PASSED] - waitForPageLoad(60): Wait for page load successfully

2020-04-17 11:12:36 - [MESSAGE][PASSED] - Wait for page load successfully

2020-04-17 11:12:36 - [TEST_STEP][PASSED] - waitForElementClickable(findTestObject("Object Repository/WebOffice_Home_page/a_Settings"), 60): Object 'Object Repository/WebOffice_Home_page/a_Settings' is clickable

2020-04-17 11:12:36 - [MESSAGE][PASSED] - Object 'Object Repository/WebOffice_Home_page/a_Settings' is clickable

2020-04-17 11:12:36 - [TEST_STEP][PASSED] - mouseOver(findTestObject("Object Repository/WebOffice_Home_page/a_Settings")): Object: 'Object Repository/WebOffice_Home_page/a_Settings' is hovered

2020-04-17 11:12:37 - [MESSAGE][PASSED] - Object: 'Object Repository/WebOffice_Home_page/a_Settings' is hovered

2020-04-17 11:12:37 - [TEST_STEP][PASSED] - mouseOver(findTestObject("Object Repository/WebOffice_Home_page/a_wwwcheckatradecom")): Object: 'Object Repository/WebOffice_Home_page/a_wwwcheckatradecom' is hovered

2020-04-17 11:12:37 - [MESSAGE][PASSED] - Object: 'Object Repository/WebOffice_Home_page/a_wwwcheckatradecom' is hovered

2020-04-17 11:12:37 - [TEST_STEP][PASSED] - waitForElementClickable(findTestObject("Object Repository/WebOffice_Home_page/a_Testimonials"), 1): Object 'Object Repository/WebOffice_Home_page/a_Testimonials' is clickable

2020-04-17 11:12:37 - [MESSAGE][PASSED] - Object 'Object Repository/WebOffice_Home_page/a_Testimonials' is clickable

2020-04-17 11:12:37 - [TEST_STEP][PASSED] - click(findTestObject("Object Repository/WebOffice_Home_page/a_Testimonials")): Object: 'Object Repository/WebOffice_Home_page/a_Testimonials' is clicked on

2020-04-17 11:12:37 - [MESSAGE][PASSED] - Object: 'Object Repository/WebOffice_Home_page/a_Testimonials' is clicked on

2020-04-17 11:12:37 - [MESSAGE][PASSED] - Call Test Case 'Test Cases/Reusable_Test_Sequences/Web_Office/Navigation/Sub_Menu_Navigation/Settings/Checkatrade_Com/Testimonials' successfully

2020-04-17 11:12:37 - [TEST_STEP][PASSED] - "--------------------------------------": null

2020-04-17 11:12:37 - [TEST_STEP][PASSED] - " Verify Returned Page Detail          |": null

2020-04-17 11:12:37 - [TEST_STEP][PASSED] - callTestCase(findTestCase("Reusable_Test_Sequences/Web_Office/Verification/Settings/Checkatrade_Com/Testimonials"), [:], OPTIONAL): Call Test Case 'Test Cases/Reusable_Test_Sequences/Web_Office/Verification/Settings/Checkatrade_Com/Testimonials' successfully

2020-04-17 11:12:38 - [TEST_CASE][PASSED] - Test Cases/Reusable_Test_Sequences/Web_Office/Verification/Settings/Checkatrade_Com/Testimonials: Test Cases/Reusable_Test_Sequences/Web_Office/Verification/Settings/Checkatrade_Com/Testimonials

2020-04-17 11:12:38 - [TEST_STEP][PASSED] - waitForPageLoad(60): Wait for page load successfully

2020-04-17 11:12:38 - [MESSAGE][PASSED] - Wait for page load successfully

2020-04-17 11:12:38 - [TEST_STEP][PASSED] - delay(1): Delayed 1 second(s)

2020-04-17 11:12:39 - [MESSAGE][PASSED] - Delayed 1 second(s)

2020-04-17 11:12:39 - [TEST_STEP][PASSED] - verifyTextPresent("Testimonials", false): Text 'Testimonials' is present on page 

2020-04-17 11:12:40 - [MESSAGE][PASSED] - Text 'Testimonials' is present on page 

2020-04-17 11:12:40 - [TEST_STEP][PASSED] - "----------------------------------------------": null

2020-04-17 11:12:40 - [TEST_STEP][PASSED] - "----------------------------------------------": null

2020-04-17 11:12:40 - [TEST_STEP][PASSED] - "----------------------------------------------": null

2020-04-17 11:12:40 - [TEST_STEP][PASSED] - verifyTextPresent("Type", false): Text 'Type' is present on page 

2020-04-17 11:12:41 - [MESSAGE][PASSED] - Text 'Type' is present on page 

2020-04-17 11:12:41 - [TEST_STEP][PASSED] - verifyTextPresent("Name or Location", false): Text 'Name or Location' is present on page 

2020-04-17 11:12:42 - [MESSAGE][PASSED] - Text 'Name or Location' is present on page 

2020-04-17 11:12:42 - [TEST_STEP][PASSED] - verifyTextPresent("Company", false): Text 'Company' is present on page 

2020-04-17 11:12:43 - [MESSAGE][PASSED] - Text 'Company' is present on page 

2020-04-17 11:12:43 - [TEST_STEP][PASSED] - verifyTextPresent("Quote", false): Text 'Quote' is present on page 

2020-04-17 11:12:44 - [MESSAGE][PASSED] - Text 'Quote' is present on page 

2020-04-17 11:12:44 - [TEST_STEP][PASSED] - "----------------------------------------------": null

2020-04-17 11:12:44 - [TEST_STEP][PASSED] - verifyTextPresent("Consumer", false): Text 'Consumer' is present on page 

2020-04-17 11:12:45 - [MESSAGE][PASSED] - Text 'Consumer' is present on page 

2020-04-17 11:12:45 - [TEST_STEP][PASSED] - verifyTextPresent("Watford", false): Text 'Watford' is present on page 

2020-04-17 11:12:46 - [MESSAGE][PASSED] - Text 'Watford' is present on page 

2020-04-17 11:12:46 - [TEST_STEP][PASSED] - verifyTextPresent("My wife and I find the service", false): Text 'My wife and I find the service' is present on page 

2020-04-17 11:12:47 - [MESSAGE][PASSED] - Text 'My wife and I find the service' is present on page 

2020-04-17 11:12:47 - [TEST_STEP][PASSED] - verifyTextPresent("Trade", false): Text 'Trade' is present on page 

2020-04-17 11:12:48 - [MESSAGE][PASSED] - Text 'Trade' is present on page 

2020-04-17 11:12:48 - [TEST_STEP][PASSED] - verifyTextPresent("Jason", false): Text 'Jason' is present on page 

2020-04-17 11:12:49 - [MESSAGE][PASSED] - Text 'Jason' is present on page 

2020-04-17 11:12:49 - [TEST_STEP][PASSED] - verifyTextPresent("Mops And Buckets", false): Text 'Mops And Buckets' is present on page 

2020-04-17 11:12:51 - [MESSAGE][PASSED] - Text 'Mops And Buckets' is present on page 

2020-04-17 11:12:51 - [TEST_STEP][PASSED] - verifyTextPresent("Trade", false): Text 'Trade' is present on page 

2020-04-17 11:12:52 - [MESSAGE][PASSED] - Text 'Trade' is present on page 

2020-04-17 11:12:52 - [TEST_STEP][PASSED] - verifyTextPresent("Being a new member to Checkatrade has opened a lot of doors ", false): Text 'Being a new member to Checkatrade has opened a lot of doors ' is present on page 

2020-04-17 11:12:54 - [MESSAGE][PASSED] - Text 'Being a new member to Checkatrade has opened a lot of doors ' is present on page 

2020-04-17 11:12:54 - [MESSAGE][PASSED] - Call Test Case 'Test Cases/Reusable_Test_Sequences/Web_Office/Verification/Settings/Checkatrade_Com/Testimonials' successfully

2020-04-17 11:12:54 - [TEST_STEP][PASSED] - "--------------------------": null

2020-04-17 11:12:54 - [TEST_STEP][PASSED] - " Teardown - CLose Browser |": null

2020-04-17 11:12:54 - [TEST_STEP][PASSED] - callTestCase(findTestCase("Reusable_Test_Sequences/CAT_Teardown"), [:], OPTIONAL): Call Test Case 'Test Cases/Reusable_Test_Sequences/CAT_Teardown' successfully

2020-04-17 11:12:54 - [TEST_CASE][PASSED] - Test Cases/Reusable_Test_Sequences/CAT_Teardown: Test Cases/Reusable_Test_Sequences/CAT_Teardown

2020-04-17 11:12:54 - [TEST_STEP][PASSED] - closeBrowser(): Browser is closed

2020-04-17 11:12:56 - [MESSAGE][PASSED] - Browser is closed

2020-04-17 11:12:56 - [TEST_STEP][PASSED] - super.finalize(): null

2020-04-17 11:12:56 - [TEST_STEP][PASSED] - System.gc(): null

2020-04-17 11:12:56 - [MESSAGE][PASSED] - Call Test Case 'Test Cases/Reusable_Test_Sequences/CAT_Teardown' successfully]]></system-out>
         <system-err><![CDATA[]]></system-err>
      </testcase>
      <testcase name="Test Cases/Web_Office/Settings/Checkatrade_Com/Web_Catagories" time="52.566" classname="Test Cases/Web_Office/Settings/Checkatrade_Com/Web_Catagories" status="PASSED">
         <system-out><![CDATA[2020-04-17 11:12:56 - [TEST_CASE][PASSED] - Test Cases/Web_Office/Settings/Checkatrade_Com/Web_Catagories: Test Cases/Web_Office/Settings/Checkatrade_Com/Web_Catagories

2020-04-17 11:12:56 - [TEST_STEP][PASSED] - "--------------------------------------": null

2020-04-17 11:12:56 - [TEST_STEP][PASSED] - " Web Office StartUp                  |": null

2020-04-17 11:12:56 - [TEST_STEP][PASSED] - callTestCase(findTestCase("Reusable_Test_Sequences/Web_Office/Directives/WebOffice_StartUp"), [:], STOP_ON_FAILURE): Call Test Case 'Test Cases/Reusable_Test_Sequences/Web_Office/Directives/WebOffice_StartUp' successfully

2020-04-17 11:12:56 - [TEST_CASE][PASSED] - Test Cases/Reusable_Test_Sequences/Web_Office/Directives/WebOffice_StartUp: Test Cases/Reusable_Test_Sequences/Web_Office/Directives/WebOffice_StartUp

2020-04-17 11:12:56 - [TEST_STEP][PASSED] - "-----------------------------------------------------------------------------": null

2020-04-17 11:12:56 - [TEST_STEP][PASSED] - if (URL == "https://www.dev.checkatrade.com/"): null

2020-04-17 11:12:56 - [TEST_STEP][PASSED] - "-----------------------------------------------------------------------------": null

2020-04-17 11:12:56 - [TEST_STEP][PASSED] - if (URL == "https://www.checkatrade.com/"): null

2020-04-17 11:12:56 - [TEST_STEP][PASSED] - "-----------------------------------------------------------------------------": null

2020-04-17 11:12:56 - [TEST_STEP][PASSED] - if (URL == "https://www.preview.checkatrade.com/"): null

2020-04-17 11:12:56 - [TEST_STEP][PASSED] - WebOfficeURL = "https://admin.preview.checkatrade.com/": null

2020-04-17 11:12:56 - [TEST_STEP][PASSED] - if (URL == "https://www.dev2.checkatrade.com/"): null

2020-04-17 11:12:56 - [TEST_STEP][PASSED] - "Set Function Area for "URL_Handler", URL Resolution": null

2020-04-17 11:12:56 - [TEST_STEP][PASSED] - "Do Some Magic with URL(s) See the comments within URL Handler ": null

2020-04-17 11:12:56 - [TEST_STEP][PASSED] - "------------------------------------------------": null

2020-04-17 11:12:56 - [TEST_STEP][PASSED] - "Moved Login Credentials to <Default> profile 22/01/2020": null

2020-04-17 11:12:56 - [TEST_STEP][PASSED] - "------------------------------------------------": null

2020-04-17 11:12:56 - [TEST_STEP][PASSED] - "WebOfficeURL - Set from the ENVIRONMENT PROFILE ": null

2020-04-17 11:12:56 - [TEST_STEP][PASSED] - "OPEN BROWSER": null

2020-04-17 11:12:56 - [TEST_STEP][PASSED] - "eg - https://admin.preview.checkatrade.com/  ": null

2020-04-17 11:12:56 - [TEST_STEP][PASSED] - openBrowser(WebOfficeURL): Browser is opened with url: 'https://admin.preview.checkatrade.com/'

2020-04-17 11:12:56 - [MESSAGE][INFO] - Starting 'Firefox' driver

2020-04-17 11:12:56 - [MESSAGE][INFO] - Action delay is set to 0 milliseconds

2020-04-17 11:13:01 - [MESSAGE][PASSED] - Browser is opened with url: 'https://admin.preview.checkatrade.com/'

2020-04-17 11:13:01 - [TEST_STEP][PASSED] - maximizeWindow(): Current window maximized

2020-04-17 11:13:02 - [MESSAGE][PASSED] - Current window maximized

2020-04-17 11:13:02 - [TEST_STEP][PASSED] - waitForElementClickable(findTestObject("Object Repository/WebOffice/Page_Checkatrade - Administration - Login/Login_Button"), 25): Object 'Object Repository/WebOffice/Page_Checkatrade - Administration - Login/Login_Button' is clickable

2020-04-17 11:13:02 - [MESSAGE][PASSED] - Object 'Object Repository/WebOffice/Page_Checkatrade - Administration - Login/Login_Button' is clickable

2020-04-17 11:13:02 - [TEST_STEP][PASSED] - verifyTextPresent("Checkatrade Web Office", false): Text 'Checkatrade Web Office' is present on page 

2020-04-17 11:13:02 - [MESSAGE][PASSED] - Text 'Checkatrade Web Office' is present on page 

2020-04-17 11:13:02 - [TEST_STEP][PASSED] - verifyTextPresent("Access for staff use only", false): Text 'Access for staff use only' is present on page 

2020-04-17 11:13:02 - [MESSAGE][PASSED] - Text 'Access for staff use only' is present on page 

2020-04-17 11:13:02 - [TEST_STEP][PASSED] - verifyTextPresent("Forgotten password?", false): Text 'Forgotten password?' is present on page 

2020-04-17 11:13:02 - [MESSAGE][PASSED] - Text 'Forgotten password?' is present on page 

2020-04-17 11:13:02 - [TEST_STEP][PASSED] - setText(findTestObject("Object Repository/WebOffice/Page_Checkatrade - Administration - Login/input_Username_LoginControlUserName"), wo_Username): Text 'DavidHo' is set on object 'Object Repository/WebOffice/Page_Checkatrade - Administration - Login/input_Username_LoginControlUserName'

2020-04-17 11:13:02 - [MESSAGE][PASSED] - Text 'DavidHo' is set on object 'Object Repository/WebOffice/Page_Checkatrade - Administration - Login/input_Username_LoginControlUserName'

2020-04-17 11:13:02 - [TEST_STEP][PASSED] - setText(findTestObject("Object Repository/WebOffice/Page_Checkatrade - Administration - Login/input_Password_LoginControlPassword"), wo_Password): Text 'Check123' is set on object 'Object Repository/WebOffice/Page_Checkatrade - Administration - Login/input_Password_LoginControlPassword'

2020-04-17 11:13:02 - [MESSAGE][PASSED] - Text 'Check123' is set on object 'Object Repository/WebOffice/Page_Checkatrade - Administration - Login/input_Password_LoginControlPassword'

2020-04-17 11:13:02 - [TEST_STEP][PASSED] - click(findTestObject("Object Repository/WebOffice/Page_Checkatrade - Administration - Login/Login_Button")): Object: 'Object Repository/WebOffice/Page_Checkatrade - Administration - Login/Login_Button' is clicked on

2020-04-17 11:13:03 - [MESSAGE][PASSED] - Object: 'Object Repository/WebOffice/Page_Checkatrade - Administration - Login/Login_Button' is clicked on

2020-04-17 11:13:03 - [TEST_STEP][PASSED] - waitForPageLoad(60): Wait for page load successfully

2020-04-17 11:13:03 - [MESSAGE][PASSED] - Wait for page load successfully

2020-04-17 11:13:03 - [TEST_STEP][PASSED] - verifyTextPresent("Welcome " + wo_Username, false): Text 'Welcome DavidHo' is present on page 

2020-04-17 11:13:04 - [MESSAGE][PASSED] - Text 'Welcome DavidHo' is present on page 

2020-04-17 11:13:04 - [MESSAGE][PASSED] - Call Test Case 'Test Cases/Reusable_Test_Sequences/Web_Office/Directives/WebOffice_StartUp' successfully

2020-04-17 11:13:04 - [TEST_STEP][PASSED] - "-----------------------------------------------------------------": null

2020-04-17 11:13:04 - [TEST_STEP][PASSED] - " Navigate to <Settings->Checkatrade.Com->Sub Item> Menu Item     |": null

2020-04-17 11:13:04 - [TEST_STEP][PASSED] - callTestCase(findTestCase("Reusable_Test_Sequences/Web_Office/Navigation/Sub_Menu_Navigation/Settings/Checkatrade_Com/Web_Catagories"), [:], STOP_ON_FAILURE): Call Test Case 'Test Cases/Reusable_Test_Sequences/Web_Office/Navigation/Sub_Menu_Navigation/Settings/Checkatrade_Com/Web_Catagories' successfully

2020-04-17 11:13:04 - [TEST_CASE][PASSED] - Test Cases/Reusable_Test_Sequences/Web_Office/Navigation/Sub_Menu_Navigation/Settings/Checkatrade_Com/Web_Catagories: Test Cases/Reusable_Test_Sequences/Web_Office/Navigation/Sub_Menu_Navigation/Settings/Checkatrade_Com/Web_Catagories

2020-04-17 11:13:04 - [TEST_STEP][PASSED] - "--------------------------------------": null

2020-04-17 11:13:04 - [TEST_STEP][PASSED] - " Navigate Top level menu Item         |": null

2020-04-17 11:13:04 - [TEST_STEP][PASSED] - waitForPageLoad(60): Wait for page load successfully

2020-04-17 11:13:04 - [MESSAGE][PASSED] - Wait for page load successfully

2020-04-17 11:13:04 - [TEST_STEP][PASSED] - waitForElementClickable(findTestObject("Object Repository/WebOffice_Home_page/a_Settings"), 60): Object 'Object Repository/WebOffice_Home_page/a_Settings' is clickable

2020-04-17 11:13:05 - [MESSAGE][PASSED] - Object 'Object Repository/WebOffice_Home_page/a_Settings' is clickable

2020-04-17 11:13:05 - [TEST_STEP][PASSED] - mouseOver(findTestObject("Object Repository/WebOffice_Home_page/a_Settings")): Object: 'Object Repository/WebOffice_Home_page/a_Settings' is hovered

2020-04-17 11:13:05 - [MESSAGE][PASSED] - Object: 'Object Repository/WebOffice_Home_page/a_Settings' is hovered

2020-04-17 11:13:05 - [TEST_STEP][PASSED] - mouseOver(findTestObject("Object Repository/WebOffice_Home_page/a_wwwcheckatradecom")): Object: 'Object Repository/WebOffice_Home_page/a_wwwcheckatradecom' is hovered

2020-04-17 11:13:05 - [MESSAGE][PASSED] - Object: 'Object Repository/WebOffice_Home_page/a_wwwcheckatradecom' is hovered

2020-04-17 11:13:05 - [TEST_STEP][PASSED] - waitForElementClickable(findTestObject("Object Repository/WebOffice_Home_page/a_Web Categories"), 1): Object 'Object Repository/WebOffice_Home_page/a_Web Categories' is clickable

2020-04-17 11:13:05 - [MESSAGE][PASSED] - Object 'Object Repository/WebOffice_Home_page/a_Web Categories' is clickable

2020-04-17 11:13:05 - [TEST_STEP][PASSED] - click(findTestObject("Object Repository/WebOffice_Home_page/a_Web Categories")): Object: 'Object Repository/WebOffice_Home_page/a_Web Categories' is clicked on

2020-04-17 11:13:08 - [MESSAGE][PASSED] - Object: 'Object Repository/WebOffice_Home_page/a_Web Categories' is clicked on

2020-04-17 11:13:08 - [MESSAGE][PASSED] - Call Test Case 'Test Cases/Reusable_Test_Sequences/Web_Office/Navigation/Sub_Menu_Navigation/Settings/Checkatrade_Com/Web_Catagories' successfully

2020-04-17 11:13:08 - [TEST_STEP][PASSED] - "--------------------------------------": null

2020-04-17 11:13:08 - [TEST_STEP][PASSED] - " Verify Returned Page Detail          |": null

2020-04-17 11:13:08 - [TEST_STEP][PASSED] - callTestCase(findTestCase("Reusable_Test_Sequences/Web_Office/Verification/Settings/Checkatrade_Com/Web_Catagories"), [:], OPTIONAL): Call Test Case 'Test Cases/Reusable_Test_Sequences/Web_Office/Verification/Settings/Checkatrade_Com/Web_Catagories' successfully

2020-04-17 11:13:08 - [TEST_CASE][PASSED] - Test Cases/Reusable_Test_Sequences/Web_Office/Verification/Settings/Checkatrade_Com/Web_Catagories: Test Cases/Reusable_Test_Sequences/Web_Office/Verification/Settings/Checkatrade_Com/Web_Catagories

2020-04-17 11:13:08 - [TEST_STEP][PASSED] - waitForPageLoad(60): Wait for page load successfully

2020-04-17 11:13:09 - [MESSAGE][PASSED] - Wait for page load successfully

2020-04-17 11:13:09 - [TEST_STEP][PASSED] - delay(1): Delayed 1 second(s)

2020-04-17 11:13:10 - [MESSAGE][PASSED] - Delayed 1 second(s)

2020-04-17 11:13:10 - [TEST_STEP][PASSED] - verifyTextPresent("Web Categories", false): Text 'Web Categories' is present on page 

2020-04-17 11:13:12 - [MESSAGE][PASSED] - Text 'Web Categories' is present on page 

2020-04-17 11:13:12 - [TEST_STEP][PASSED] - verifyTextPresent("Add new top level category", false): Text 'Add new top level category' is present on page 

2020-04-17 11:13:16 - [MESSAGE][PASSED] - Text 'Add new top level category' is present on page 

2020-04-17 11:13:16 - [TEST_STEP][PASSED] - verifyTextPresent("Category Na", false): Text 'Category Na' is present on page 

2020-04-17 11:13:18 - [MESSAGE][PASSED] - Text 'Category Na' is present on page 

2020-04-17 11:13:18 - [TEST_STEP][PASSED] - verifyTextPresent("Category Hierarchy", false): Text 'Category Hierarchy' is present on page 

2020-04-17 11:13:21 - [MESSAGE][PASSED] - Text 'Category Hierarchy' is present on page 

2020-04-17 11:13:21 - [TEST_STEP][PASSED] - verifyTextPresent("SEO", false): Text 'SEO' is present on page 

2020-04-17 11:13:24 - [MESSAGE][PASSED] - Text 'SEO' is present on page 

2020-04-17 11:13:24 - [TEST_STEP][PASSED] - verifyTextPresent("Members", false): Text 'Members' is present on page 

2020-04-17 11:13:27 - [MESSAGE][PASSED] - Text 'Members' is present on page 

2020-04-17 11:13:27 - [TEST_STEP][PASSED] - verifyTextPresent("In SubCate", false): Text 'In SubCate' is present on page 

2020-04-17 11:13:29 - [MESSAGE][PASSED] - Text 'In SubCate' is present on page 

2020-04-17 11:13:29 - [TEST_STEP][PASSED] - verifyTextPresent("Create child", false): Text 'Create child' is present on page 

2020-04-17 11:13:31 - [MESSAGE][PASSED] - Text 'Create child' is present on page 

2020-04-17 11:13:31 - [TEST_STEP][PASSED] - verifyTextPresent("Preview", false): Text 'Preview' is present on page 

2020-04-17 11:13:33 - [MESSAGE][PASSED] - Text 'Preview' is present on page 

2020-04-17 11:13:33 - [TEST_STEP][PASSED] - "----------------------------------------------": null

2020-04-17 11:13:33 - [TEST_STEP][PASSED] - verifyTextPresent("Add child", false): Text 'Add child' is present on page 

2020-04-17 11:13:35 - [MESSAGE][PASSED] - Text 'Add child' is present on page 

2020-04-17 11:13:35 - [TEST_STEP][PASSED] - verifyTextPresent("Search", false): Text 'Search' is present on page 

2020-04-17 11:13:37 - [MESSAGE][PASSED] - Text 'Search' is present on page 

2020-04-17 11:13:37 - [TEST_STEP][PASSED] - verifyTextPresent("Air Conditioning", false): Text 'Air Conditioning' is present on page 

2020-04-17 11:13:39 - [MESSAGE][PASSED] - Text 'Air Conditioning' is present on page 

2020-04-17 11:13:39 - [TEST_STEP][PASSED] - verifyTextPresent("TDKC", false): Text 'TDKC' is present on page 

2020-04-17 11:13:41 - [MESSAGE][PASSED] - Text 'TDKC' is present on page 

2020-04-17 11:13:41 - [TEST_STEP][PASSED] - verifyTextPresent("TK", false): Text 'TK' is present on page 

2020-04-17 11:13:43 - [MESSAGE][PASSED] - Text 'TK' is present on page 

2020-04-17 11:13:43 - [TEST_STEP][PASSED] - verifyTextPresent("Fire Alarms", false): Text 'Fire Alarms' is present on page 

2020-04-17 11:13:46 - [MESSAGE][PASSED] - Text 'Fire Alarms' is present on page 

2020-04-17 11:13:46 - [MESSAGE][PASSED] - Call Test Case 'Test Cases/Reusable_Test_Sequences/Web_Office/Verification/Settings/Checkatrade_Com/Web_Catagories' successfully

2020-04-17 11:13:46 - [TEST_STEP][PASSED] - "--------------------------": null

2020-04-17 11:13:46 - [TEST_STEP][PASSED] - " Teardown - CLose Browser |": null

2020-04-17 11:13:46 - [TEST_STEP][PASSED] - callTestCase(findTestCase("Reusable_Test_Sequences/CAT_Teardown"), [:], OPTIONAL): Call Test Case 'Test Cases/Reusable_Test_Sequences/CAT_Teardown' successfully

2020-04-17 11:13:46 - [TEST_CASE][PASSED] - Test Cases/Reusable_Test_Sequences/CAT_Teardown: Test Cases/Reusable_Test_Sequences/CAT_Teardown

2020-04-17 11:13:46 - [TEST_STEP][PASSED] - closeBrowser(): Browser is closed

2020-04-17 11:13:48 - [MESSAGE][PASSED] - Browser is closed

2020-04-17 11:13:48 - [TEST_STEP][PASSED] - super.finalize(): null

2020-04-17 11:13:48 - [TEST_STEP][PASSED] - System.gc(): null

2020-04-17 11:13:48 - [MESSAGE][PASSED] - Call Test Case 'Test Cases/Reusable_Test_Sequences/CAT_Teardown' successfully]]></system-out>
         <system-err><![CDATA[]]></system-err>
      </testcase>
      <testcase name="Test Cases/Web_Office/Settings/Checkatrade_Com/Join_Now_Settings" time="42.289" classname="Test Cases/Web_Office/Settings/Checkatrade_Com/Join_Now_Settings" status="PASSED">
         <system-out><![CDATA[2020-04-17 11:13:48 - [TEST_CASE][PASSED] - Test Cases/Web_Office/Settings/Checkatrade_Com/Join_Now_Settings: Test Cases/Web_Office/Settings/Checkatrade_Com/Join_Now_Settings

2020-04-17 11:13:49 - [TEST_STEP][PASSED] - "--------------------------------------": null

2020-04-17 11:13:49 - [TEST_STEP][PASSED] - " Web Office StartUp                  |": null

2020-04-17 11:13:49 - [TEST_STEP][PASSED] - callTestCase(findTestCase("Reusable_Test_Sequences/Web_Office/Directives/WebOffice_StartUp"), [:], STOP_ON_FAILURE): Call Test Case 'Test Cases/Reusable_Test_Sequences/Web_Office/Directives/WebOffice_StartUp' successfully

2020-04-17 11:13:49 - [TEST_CASE][PASSED] - Test Cases/Reusable_Test_Sequences/Web_Office/Directives/WebOffice_StartUp: Test Cases/Reusable_Test_Sequences/Web_Office/Directives/WebOffice_StartUp

2020-04-17 11:13:49 - [TEST_STEP][PASSED] - "-----------------------------------------------------------------------------": null

2020-04-17 11:13:49 - [TEST_STEP][PASSED] - if (URL == "https://www.dev.checkatrade.com/"): null

2020-04-17 11:13:49 - [TEST_STEP][PASSED] - "-----------------------------------------------------------------------------": null

2020-04-17 11:13:49 - [TEST_STEP][PASSED] - if (URL == "https://www.checkatrade.com/"): null

2020-04-17 11:13:49 - [TEST_STEP][PASSED] - "-----------------------------------------------------------------------------": null

2020-04-17 11:13:49 - [TEST_STEP][PASSED] - if (URL == "https://www.preview.checkatrade.com/"): null

2020-04-17 11:13:49 - [TEST_STEP][PASSED] - WebOfficeURL = "https://admin.preview.checkatrade.com/": null

2020-04-17 11:13:49 - [TEST_STEP][PASSED] - if (URL == "https://www.dev2.checkatrade.com/"): null

2020-04-17 11:13:49 - [TEST_STEP][PASSED] - "Set Function Area for "URL_Handler", URL Resolution": null

2020-04-17 11:13:49 - [TEST_STEP][PASSED] - "Do Some Magic with URL(s) See the comments within URL Handler ": null

2020-04-17 11:13:49 - [TEST_STEP][PASSED] - "------------------------------------------------": null

2020-04-17 11:13:49 - [TEST_STEP][PASSED] - "Moved Login Credentials to <Default> profile 22/01/2020": null

2020-04-17 11:13:49 - [TEST_STEP][PASSED] - "------------------------------------------------": null

2020-04-17 11:13:49 - [TEST_STEP][PASSED] - "WebOfficeURL - Set from the ENVIRONMENT PROFILE ": null

2020-04-17 11:13:49 - [TEST_STEP][PASSED] - "OPEN BROWSER": null

2020-04-17 11:13:49 - [TEST_STEP][PASSED] - "eg - https://admin.preview.checkatrade.com/  ": null

2020-04-17 11:13:49 - [TEST_STEP][PASSED] - openBrowser(WebOfficeURL): Browser is opened with url: 'https://admin.preview.checkatrade.com/'

2020-04-17 11:13:49 - [MESSAGE][INFO] - Starting 'Firefox' driver

2020-04-17 11:13:49 - [MESSAGE][INFO] - Action delay is set to 0 milliseconds

2020-04-17 11:13:56 - [MESSAGE][PASSED] - Browser is opened with url: 'https://admin.preview.checkatrade.com/'

2020-04-17 11:13:56 - [TEST_STEP][PASSED] - maximizeWindow(): Current window maximized

2020-04-17 11:13:56 - [MESSAGE][PASSED] - Current window maximized

2020-04-17 11:13:56 - [TEST_STEP][PASSED] - waitForElementClickable(findTestObject("Object Repository/WebOffice/Page_Checkatrade - Administration - Login/Login_Button"), 25): Object 'Object Repository/WebOffice/Page_Checkatrade - Administration - Login/Login_Button' is clickable

2020-04-17 11:13:56 - [MESSAGE][PASSED] - Object 'Object Repository/WebOffice/Page_Checkatrade - Administration - Login/Login_Button' is clickable

2020-04-17 11:13:56 - [TEST_STEP][PASSED] - verifyTextPresent("Checkatrade Web Office", false): Text 'Checkatrade Web Office' is present on page 

2020-04-17 11:13:57 - [MESSAGE][PASSED] - Text 'Checkatrade Web Office' is present on page 

2020-04-17 11:13:57 - [TEST_STEP][PASSED] - verifyTextPresent("Access for staff use only", false): Text 'Access for staff use only' is present on page 

2020-04-17 11:13:57 - [MESSAGE][PASSED] - Text 'Access for staff use only' is present on page 

2020-04-17 11:13:57 - [TEST_STEP][PASSED] - verifyTextPresent("Forgotten password?", false): Text 'Forgotten password?' is present on page 

2020-04-17 11:13:57 - [MESSAGE][PASSED] - Text 'Forgotten password?' is present on page 

2020-04-17 11:13:57 - [TEST_STEP][PASSED] - setText(findTestObject("Object Repository/WebOffice/Page_Checkatrade - Administration - Login/input_Username_LoginControlUserName"), wo_Username): Text 'DavidHo' is set on object 'Object Repository/WebOffice/Page_Checkatrade - Administration - Login/input_Username_LoginControlUserName'

2020-04-17 11:13:57 - [MESSAGE][PASSED] - Text 'DavidHo' is set on object 'Object Repository/WebOffice/Page_Checkatrade - Administration - Login/input_Username_LoginControlUserName'

2020-04-17 11:13:57 - [TEST_STEP][PASSED] - setText(findTestObject("Object Repository/WebOffice/Page_Checkatrade - Administration - Login/input_Password_LoginControlPassword"), wo_Password): Text 'Check123' is set on object 'Object Repository/WebOffice/Page_Checkatrade - Administration - Login/input_Password_LoginControlPassword'

2020-04-17 11:13:57 - [MESSAGE][PASSED] - Text 'Check123' is set on object 'Object Repository/WebOffice/Page_Checkatrade - Administration - Login/input_Password_LoginControlPassword'

2020-04-17 11:13:57 - [TEST_STEP][PASSED] - click(findTestObject("Object Repository/WebOffice/Page_Checkatrade - Administration - Login/Login_Button")): Object: 'Object Repository/WebOffice/Page_Checkatrade - Administration - Login/Login_Button' is clicked on

2020-04-17 11:13:58 - [MESSAGE][PASSED] - Object: 'Object Repository/WebOffice/Page_Checkatrade - Administration - Login/Login_Button' is clicked on

2020-04-17 11:13:58 - [TEST_STEP][PASSED] - waitForPageLoad(60): Wait for page load successfully

2020-04-17 11:13:58 - [MESSAGE][PASSED] - Wait for page load successfully

2020-04-17 11:13:58 - [TEST_STEP][PASSED] - verifyTextPresent("Welcome " + wo_Username, false): Text 'Welcome DavidHo' is present on page 

2020-04-17 11:13:58 - [MESSAGE][PASSED] - Text 'Welcome DavidHo' is present on page 

2020-04-17 11:13:58 - [MESSAGE][PASSED] - Call Test Case 'Test Cases/Reusable_Test_Sequences/Web_Office/Directives/WebOffice_StartUp' successfully

2020-04-17 11:13:58 - [TEST_STEP][PASSED] - "-----------------------------------------------------------------": null

2020-04-17 11:13:58 - [TEST_STEP][PASSED] - " Navigate to <Settings->Checkatrade.Com->Sub Item> Menu Item     |": null

2020-04-17 11:13:58 - [TEST_STEP][PASSED] - callTestCase(findTestCase("Reusable_Test_Sequences/Web_Office/Navigation/Sub_Menu_Navigation/Settings/Checkatrade_Com/Join_Now_Settings"), [:], STOP_ON_FAILURE): Call Test Case 'Test Cases/Reusable_Test_Sequences/Web_Office/Navigation/Sub_Menu_Navigation/Settings/Checkatrade_Com/Join_Now_Settings' successfully

2020-04-17 11:13:58 - [TEST_CASE][PASSED] - Test Cases/Reusable_Test_Sequences/Web_Office/Navigation/Sub_Menu_Navigation/Settings/Checkatrade_Com/Join_Now_Settings: Test Cases/Reusable_Test_Sequences/Web_Office/Navigation/Sub_Menu_Navigation/Settings/Checkatrade_Com/Join_Now_Settings

2020-04-17 11:13:59 - [TEST_STEP][PASSED] - "--------------------------------------": null

2020-04-17 11:13:59 - [TEST_STEP][PASSED] - " Navigate Top level menu Item         |": null

2020-04-17 11:13:59 - [TEST_STEP][PASSED] - waitForPageLoad(60): Wait for page load successfully

2020-04-17 11:13:59 - [MESSAGE][PASSED] - Wait for page load successfully

2020-04-17 11:13:59 - [TEST_STEP][PASSED] - waitForElementClickable(findTestObject("Object Repository/WebOffice_Home_page/a_Settings"), 60): Object 'Object Repository/WebOffice_Home_page/a_Settings' is clickable

2020-04-17 11:13:59 - [MESSAGE][PASSED] - Object 'Object Repository/WebOffice_Home_page/a_Settings' is clickable

2020-04-17 11:13:59 - [TEST_STEP][PASSED] - mouseOver(findTestObject("Object Repository/WebOffice_Home_page/a_Settings")): Object: 'Object Repository/WebOffice_Home_page/a_Settings' is hovered

2020-04-17 11:13:59 - [MESSAGE][PASSED] - Object: 'Object Repository/WebOffice_Home_page/a_Settings' is hovered

2020-04-17 11:13:59 - [TEST_STEP][PASSED] - mouseOver(findTestObject("Object Repository/WebOffice_Home_page/a_wwwcheckatradecom")): Object: 'Object Repository/WebOffice_Home_page/a_wwwcheckatradecom' is hovered

2020-04-17 11:13:59 - [MESSAGE][PASSED] - Object: 'Object Repository/WebOffice_Home_page/a_wwwcheckatradecom' is hovered

2020-04-17 11:13:59 - [TEST_STEP][PASSED] - waitForElementClickable(findTestObject("Object Repository/WebOffice_Home_page/a_Join Now Settings"), 1): Object 'Object Repository/WebOffice_Home_page/a_Join Now Settings' is clickable

2020-04-17 11:13:59 - [MESSAGE][PASSED] - Object 'Object Repository/WebOffice_Home_page/a_Join Now Settings' is clickable

2020-04-17 11:13:59 - [TEST_STEP][PASSED] - click(findTestObject("Object Repository/WebOffice_Home_page/a_Join Now Settings")): Object: 'Object Repository/WebOffice_Home_page/a_Join Now Settings' is clicked on

2020-04-17 11:14:00 - [MESSAGE][PASSED] - Object: 'Object Repository/WebOffice_Home_page/a_Join Now Settings' is clicked on

2020-04-17 11:14:00 - [MESSAGE][PASSED] - Call Test Case 'Test Cases/Reusable_Test_Sequences/Web_Office/Navigation/Sub_Menu_Navigation/Settings/Checkatrade_Com/Join_Now_Settings' successfully

2020-04-17 11:14:00 - [TEST_STEP][PASSED] - "--------------------------------------": null

2020-04-17 11:14:00 - [TEST_STEP][PASSED] - " Verify Returned Page Detail          |": null

2020-04-17 11:14:00 - [TEST_STEP][PASSED] - callTestCase(findTestCase("Reusable_Test_Sequences/Web_Office/Verification/Settings/Checkatrade_Com/Join_Now_Settings"), [:], OPTIONAL): Call Test Case 'Test Cases/Reusable_Test_Sequences/Web_Office/Verification/Settings/Checkatrade_Com/Join_Now_Settings' successfully

2020-04-17 11:14:00 - [TEST_CASE][PASSED] - Test Cases/Reusable_Test_Sequences/Web_Office/Verification/Settings/Checkatrade_Com/Join_Now_Settings: Test Cases/Reusable_Test_Sequences/Web_Office/Verification/Settings/Checkatrade_Com/Join_Now_Settings

2020-04-17 11:14:00 - [TEST_STEP][PASSED] - waitForPageLoad(60): Wait for page load successfully

2020-04-17 11:14:00 - [MESSAGE][PASSED] - Wait for page load successfully

2020-04-17 11:14:00 - [TEST_STEP][PASSED] - delay(1): Delayed 1 second(s)

2020-04-17 11:14:01 - [MESSAGE][PASSED] - Delayed 1 second(s)

2020-04-17 11:14:01 - [TEST_STEP][PASSED] - verifyTextPresent("Join Now Form Settings", false): Text 'Join Now Form Settings' is present on page 

2020-04-17 11:14:02 - [MESSAGE][PASSED] - Text 'Join Now Form Settings' is present on page 

2020-04-17 11:14:02 - [TEST_STEP][PASSED] - verifyTextPresent("Closed Dates", false): Text 'Closed Dates' is present on page 

2020-04-17 11:14:03 - [MESSAGE][PASSED] - Text 'Closed Dates' is present on page 

2020-04-17 11:14:03 - [TEST_STEP][PASSED] - "----------------------------------------------": null

2020-04-17 11:14:03 - [TEST_STEP][PASSED] - verifyTextPresent("Form Content", false): Text 'Form Content' is present on page 

2020-04-17 11:14:03 - [MESSAGE][PASSED] - Text 'Form Content' is present on page 

2020-04-17 11:14:03 - [TEST_STEP][PASSED] - verifyTextPresent("Join Now Campaigns", false): Text 'Join Now Campaigns' is present on page 

2020-04-17 11:14:04 - [MESSAGE][PASSED] - Text 'Join Now Campaigns' is present on page 

2020-04-17 11:14:04 - [TEST_STEP][PASSED] - "----------------------------------------------": null

2020-04-17 11:14:04 - [TEST_STEP][PASSED] - verifyTextPresent("Form Heading", false): Text 'Form Heading' is present on page 

2020-04-17 11:14:04 - [MESSAGE][PASSED] - Text 'Form Heading' is present on page 

2020-04-17 11:14:04 - [TEST_STEP][PASSED] - verifyTextPresent("Form Text", false): Text 'Form Text' is present on page 

2020-04-17 11:14:05 - [MESSAGE][PASSED] - Text 'Form Text' is present on page 

2020-04-17 11:14:05 - [TEST_STEP][PASSED] - verifyTextPresent("Sorry the office is now closed", false): Text 'Sorry the office is now closed' is present on page 

2020-04-17 11:14:06 - [MESSAGE][PASSED] - Text 'Sorry the office is now closed' is present on page 

2020-04-17 11:14:06 - [TEST_STEP][PASSED] - verifyTextPresent("You will receive a call", false): Text 'You will receive a call' is present on page 

2020-04-17 11:14:07 - [MESSAGE][PASSED] - Text 'You will receive a call' is present on page 

2020-04-17 11:14:07 - [TEST_STEP][PASSED] - verifyTextPresent("Show Call Back Time", false): Text 'Show Call Back Time' is present on page 

2020-04-17 11:14:08 - [MESSAGE][PASSED] - Text 'Show Call Back Time' is present on page 

2020-04-17 11:14:08 - [TEST_STEP][PASSED] - verifyTextPresent("Use default text", false): Text 'Use default text' is present on page 

2020-04-17 11:14:10 - [MESSAGE][PASSED] - Text 'Use default text' is present on page 

2020-04-17 11:14:10 - [TEST_STEP][PASSED] - verifyTextPresent("Set manual text", false): Text 'Set manual text' is present on page 

2020-04-17 11:14:11 - [MESSAGE][PASSED] - Text 'Set manual text' is present on page 

2020-04-17 11:14:11 - [TEST_STEP][PASSED] - "----------------------------------------------": null

2020-04-17 11:14:11 - [TEST_STEP][PASSED] - click(findTestObject("Object Repository/WebOffice_Home_page/Page_/a_Join Now Campaigns")): Object: 'Object Repository/WebOffice_Home_page/Page_/a_Join Now Campaigns' is clicked on

2020-04-17 11:14:11 - [MESSAGE][PASSED] - Object: 'Object Repository/WebOffice_Home_page/Page_/a_Join Now Campaigns' is clicked on

2020-04-17 11:14:11 - [TEST_STEP][PASSED] - delay(1): Delayed 1 second(s)

2020-04-17 11:14:12 - [MESSAGE][PASSED] - Delayed 1 second(s)

2020-04-17 11:14:12 - [TEST_STEP][PASSED] - waitForPageLoad(5): Wait for page load successfully

2020-04-17 11:14:12 - [MESSAGE][PASSED] - Wait for page load successfully

2020-04-17 11:14:12 - [TEST_STEP][PASSED] - "----------------------------------------------": null

2020-04-17 11:14:12 - [TEST_STEP][PASSED] - verifyTextPresent("Title", false): Text 'Title' is present on page 

2020-04-17 11:14:13 - [MESSAGE][PASSED] - Text 'Title' is present on page 

2020-04-17 11:14:13 - [TEST_STEP][PASSED] - verifyTextPresent("Description", false): Text 'Description' is present on page 

2020-04-17 11:14:14 - [MESSAGE][PASSED] - Text 'Description' is present on page 

2020-04-17 11:14:14 - [TEST_STEP][PASSED] - verifyTextPresent("Starts", false): Text 'Starts' is present on page 

2020-04-17 11:14:15 - [MESSAGE][PASSED] - Text 'Starts' is present on page 

2020-04-17 11:14:15 - [TEST_STEP][PASSED] - verifyTextPresent("Ends", false): Text 'Ends' is present on page 

2020-04-17 11:14:16 - [MESSAGE][PASSED] - Text 'Ends' is present on page 

2020-04-17 11:14:16 - [TEST_STEP][PASSED] - verifyTextPresent("Enabled", false): Text 'Enabled' is present on page 

2020-04-17 11:14:17 - [MESSAGE][PASSED] - Text 'Enabled' is present on page 

2020-04-17 11:14:17 - [TEST_STEP][PASSED] - "----------------------------------------------": null

2020-04-17 11:14:17 - [TEST_STEP][PASSED] - verifyTextPresent("Two months membership", false): Text 'Two months membership' is present on page 

2020-04-17 11:14:18 - [MESSAGE][PASSED] - Text 'Two months membership' is present on page 

2020-04-17 11:14:18 - [TEST_STEP][PASSED] - verifyTextPresent("Offer ends", false): Text 'Offer ends' is present on page 

2020-04-17 11:14:18 - [MESSAGE][PASSED] - Text 'Offer ends' is present on page 

2020-04-17 11:14:18 - [TEST_STEP][PASSED] - verifyTextPresent("Edit", false): Text 'Edit' is present on page 

2020-04-17 11:14:18 - [MESSAGE][PASSED] - Text 'Edit' is present on page 

2020-04-17 11:14:18 - [TEST_STEP][PASSED] - verifyTextPresent("12 months for the price of", false): Text '12 months for the price of' is present on page 

2020-04-17 11:14:19 - [MESSAGE][PASSED] - Text '12 months for the price of' is present on page 

2020-04-17 11:14:19 - [TEST_STEP][PASSED] - verifyTextPresent("Offer ends", false): Text 'Offer ends' is present on page 

2020-04-17 11:14:20 - [MESSAGE][PASSED] - Text 'Offer ends' is present on page 

2020-04-17 11:14:20 - [TEST_STEP][PASSED] - verifyTextPresent("joining fee", false): Text 'joining fee' is present on page 

2020-04-17 11:14:20 - [MESSAGE][PASSED] - Text 'joining fee' is present on page 

2020-04-17 11:14:20 - [TEST_STEP][PASSED] - click(findTestObject("Object Repository/WebOffice_Home_page/Page_/input_Set manual text_ctl00CP1btnCreateCampaign")): Object: 'Object Repository/WebOffice_Home_page/Page_/input_Set manual text_ctl00CP1btnCreateCampaign' is clicked on

2020-04-17 11:14:21 - [MESSAGE][PASSED] - Object: 'Object Repository/WebOffice_Home_page/Page_/input_Set manual text_ctl00CP1btnCreateCampaign' is clicked on

2020-04-17 11:14:21 - [TEST_STEP][PASSED] - delay(1): Delayed 1 second(s)

2020-04-17 11:14:22 - [MESSAGE][PASSED] - Delayed 1 second(s)

2020-04-17 11:14:22 - [TEST_STEP][PASSED] - waitForPageLoad(5): Wait for page load successfully

2020-04-17 11:14:22 - [MESSAGE][PASSED] - Wait for page load successfully

2020-04-17 11:14:22 - [TEST_STEP][PASSED] - verifyTextPresent("Title", false): Text 'Title' is present on page 

2020-04-17 11:14:23 - [MESSAGE][PASSED] - Text 'Title' is present on page 

2020-04-17 11:14:23 - [TEST_STEP][PASSED] - setText(findTestObject("Object Repository/WebOffice_Home_page/Page_/input_Title_ctl00CP1txtTitle"), "Tester"): Text 'Tester' is set on object 'Object Repository/WebOffice_Home_page/Page_/input_Title_ctl00CP1txtTitle'

2020-04-17 11:14:23 - [MESSAGE][PASSED] - Text 'Tester' is set on object 'Object Repository/WebOffice_Home_page/Page_/input_Title_ctl00CP1txtTitle'

2020-04-17 11:14:23 - [TEST_STEP][PASSED] - verifyTextPresent("Description", false): Text 'Description' is present on page 

2020-04-17 11:14:24 - [MESSAGE][PASSED] - Text 'Description' is present on page 

2020-04-17 11:14:24 - [TEST_STEP][PASSED] - setText(findTestObject("Object Repository/WebOffice_Home_page/Page_/input_Description_ctl00CP1txtDescription"), "Testing"): Text 'Testing' is set on object 'Object Repository/WebOffice_Home_page/Page_/input_Description_ctl00CP1txtDescription'

2020-04-17 11:14:24 - [MESSAGE][PASSED] - Text 'Testing' is set on object 'Object Repository/WebOffice_Home_page/Page_/input_Description_ctl00CP1txtDescription'

2020-04-17 11:14:24 - [TEST_STEP][PASSED] - verifyTextPresent("Terms and Conditions", false): Text 'Terms and Conditions' is present on page 

2020-04-17 11:14:25 - [MESSAGE][PASSED] - Text 'Terms and Conditions' is present on page 

2020-04-17 11:14:25 - [TEST_STEP][PASSED] - setText(findTestObject("Object Repository/WebOffice_Home_page/Page_/textarea_Terms and Conditions_ctl00CP1txtTerms"), "Testing Tester"): Text 'Testing Tester' is set on object 'Object Repository/WebOffice_Home_page/Page_/textarea_Terms and Conditions_ctl00CP1txtTerms'

2020-04-17 11:14:25 - [MESSAGE][PASSED] - Text 'Testing Tester' is set on object 'Object Repository/WebOffice_Home_page/Page_/textarea_Terms and Conditions_ctl00CP1txtTerms'

2020-04-17 11:14:25 - [TEST_STEP][PASSED] - verifyTextPresent("Enabled", false): Text 'Enabled' is present on page 

2020-04-17 11:14:26 - [MESSAGE][PASSED] - Text 'Enabled' is present on page 

2020-04-17 11:14:26 - [TEST_STEP][PASSED] - verifyTextPresent("Start Date", false): Text 'Start Date' is present on page 

2020-04-17 11:14:27 - [MESSAGE][PASSED] - Text 'Start Date' is present on page 

2020-04-17 11:14:27 - [TEST_STEP][PASSED] - verifyTextPresent("End Date", false): Text 'End Date' is present on page 

2020-04-17 11:14:28 - [MESSAGE][PASSED] - Text 'End Date' is present on page 

2020-04-17 11:14:28 - [MESSAGE][PASSED] - Call Test Case 'Test Cases/Reusable_Test_Sequences/Web_Office/Verification/Settings/Checkatrade_Com/Join_Now_Settings' successfully

2020-04-17 11:14:28 - [TEST_STEP][PASSED] - "--------------------------": null

2020-04-17 11:14:28 - [TEST_STEP][PASSED] - " Teardown - CLose Browser |": null

2020-04-17 11:14:28 - [TEST_STEP][PASSED] - callTestCase(findTestCase("Reusable_Test_Sequences/CAT_Teardown"), [:], OPTIONAL): Call Test Case 'Test Cases/Reusable_Test_Sequences/CAT_Teardown' successfully

2020-04-17 11:14:28 - [TEST_CASE][PASSED] - Test Cases/Reusable_Test_Sequences/CAT_Teardown: Test Cases/Reusable_Test_Sequences/CAT_Teardown

2020-04-17 11:14:28 - [TEST_STEP][PASSED] - closeBrowser(): Browser is closed

2020-04-17 11:14:30 - [MESSAGE][PASSED] - Browser is closed

2020-04-17 11:14:30 - [TEST_STEP][PASSED] - super.finalize(): null

2020-04-17 11:14:30 - [TEST_STEP][PASSED] - System.gc(): null

2020-04-17 11:14:31 - [MESSAGE][PASSED] - Call Test Case 'Test Cases/Reusable_Test_Sequences/CAT_Teardown' successfully]]></system-out>
         <system-err><![CDATA[]]></system-err>
      </testcase>
      <testcase name="Test Cases/Web_Office/Settings/Checkatrade_Com/Search_Radius" time="16.499" classname="Test Cases/Web_Office/Settings/Checkatrade_Com/Search_Radius" status="PASSED">
         <system-out><![CDATA[2020-04-17 11:14:31 - [TEST_CASE][PASSED] - Test Cases/Web_Office/Settings/Checkatrade_Com/Search_Radius: Test Cases/Web_Office/Settings/Checkatrade_Com/Search_Radius

2020-04-17 11:14:31 - [TEST_STEP][PASSED] - "--------------------------------------": null

2020-04-17 11:14:31 - [TEST_STEP][PASSED] - " Web Office StartUp                  |": null

2020-04-17 11:14:31 - [TEST_STEP][PASSED] - callTestCase(findTestCase("Reusable_Test_Sequences/Web_Office/Directives/WebOffice_StartUp"), [:], STOP_ON_FAILURE): Call Test Case 'Test Cases/Reusable_Test_Sequences/Web_Office/Directives/WebOffice_StartUp' successfully

2020-04-17 11:14:31 - [TEST_CASE][PASSED] - Test Cases/Reusable_Test_Sequences/Web_Office/Directives/WebOffice_StartUp: Test Cases/Reusable_Test_Sequences/Web_Office/Directives/WebOffice_StartUp

2020-04-17 11:14:31 - [TEST_STEP][PASSED] - "-----------------------------------------------------------------------------": null

2020-04-17 11:14:31 - [TEST_STEP][PASSED] - if (URL == "https://www.dev.checkatrade.com/"): null

2020-04-17 11:14:31 - [TEST_STEP][PASSED] - "-----------------------------------------------------------------------------": null

2020-04-17 11:14:31 - [TEST_STEP][PASSED] - if (URL == "https://www.checkatrade.com/"): null

2020-04-17 11:14:31 - [TEST_STEP][PASSED] - "-----------------------------------------------------------------------------": null

2020-04-17 11:14:31 - [TEST_STEP][PASSED] - if (URL == "https://www.preview.checkatrade.com/"): null

2020-04-17 11:14:31 - [TEST_STEP][PASSED] - WebOfficeURL = "https://admin.preview.checkatrade.com/": null

2020-04-17 11:14:31 - [TEST_STEP][PASSED] - if (URL == "https://www.dev2.checkatrade.com/"): null

2020-04-17 11:14:31 - [TEST_STEP][PASSED] - "Set Function Area for "URL_Handler", URL Resolution": null

2020-04-17 11:14:31 - [TEST_STEP][PASSED] - "Do Some Magic with URL(s) See the comments within URL Handler ": null

2020-04-17 11:14:31 - [TEST_STEP][PASSED] - "------------------------------------------------": null

2020-04-17 11:14:31 - [TEST_STEP][PASSED] - "Moved Login Credentials to <Default> profile 22/01/2020": null

2020-04-17 11:14:31 - [TEST_STEP][PASSED] - "------------------------------------------------": null

2020-04-17 11:14:31 - [TEST_STEP][PASSED] - "WebOfficeURL - Set from the ENVIRONMENT PROFILE ": null

2020-04-17 11:14:31 - [TEST_STEP][PASSED] - "OPEN BROWSER": null

2020-04-17 11:14:31 - [TEST_STEP][PASSED] - "eg - https://admin.preview.checkatrade.com/  ": null

2020-04-17 11:14:31 - [TEST_STEP][PASSED] - openBrowser(WebOfficeURL): Browser is opened with url: 'https://admin.preview.checkatrade.com/'

2020-04-17 11:14:31 - [MESSAGE][INFO] - Starting 'Firefox' driver

2020-04-17 11:14:31 - [MESSAGE][INFO] - Action delay is set to 0 milliseconds

2020-04-17 11:14:37 - [MESSAGE][PASSED] - Browser is opened with url: 'https://admin.preview.checkatrade.com/'

2020-04-17 11:14:37 - [TEST_STEP][PASSED] - maximizeWindow(): Current window maximized

2020-04-17 11:14:37 - [MESSAGE][PASSED] - Current window maximized

2020-04-17 11:14:37 - [TEST_STEP][PASSED] - waitForElementClickable(findTestObject("Object Repository/WebOffice/Page_Checkatrade - Administration - Login/Login_Button"), 25): Object 'Object Repository/WebOffice/Page_Checkatrade - Administration - Login/Login_Button' is clickable

2020-04-17 11:14:37 - [MESSAGE][PASSED] - Object 'Object Repository/WebOffice/Page_Checkatrade - Administration - Login/Login_Button' is clickable

2020-04-17 11:14:37 - [TEST_STEP][PASSED] - verifyTextPresent("Checkatrade Web Office", false): Text 'Checkatrade Web Office' is present on page 

2020-04-17 11:14:37 - [MESSAGE][PASSED] - Text 'Checkatrade Web Office' is present on page 

2020-04-17 11:14:37 - [TEST_STEP][PASSED] - verifyTextPresent("Access for staff use only", false): Text 'Access for staff use only' is present on page 

2020-04-17 11:14:37 - [MESSAGE][PASSED] - Text 'Access for staff use only' is present on page 

2020-04-17 11:14:37 - [TEST_STEP][PASSED] - verifyTextPresent("Forgotten password?", false): Text 'Forgotten password?' is present on page 

2020-04-17 11:14:38 - [MESSAGE][PASSED] - Text 'Forgotten password?' is present on page 

2020-04-17 11:14:38 - [TEST_STEP][PASSED] - setText(findTestObject("Object Repository/WebOffice/Page_Checkatrade - Administration - Login/input_Username_LoginControlUserName"), wo_Username): Text 'DavidHo' is set on object 'Object Repository/WebOffice/Page_Checkatrade - Administration - Login/input_Username_LoginControlUserName'

2020-04-17 11:14:38 - [MESSAGE][PASSED] - Text 'DavidHo' is set on object 'Object Repository/WebOffice/Page_Checkatrade - Administration - Login/input_Username_LoginControlUserName'

2020-04-17 11:14:38 - [TEST_STEP][PASSED] - setText(findTestObject("Object Repository/WebOffice/Page_Checkatrade - Administration - Login/input_Password_LoginControlPassword"), wo_Password): Text 'Check123' is set on object 'Object Repository/WebOffice/Page_Checkatrade - Administration - Login/input_Password_LoginControlPassword'

2020-04-17 11:14:38 - [MESSAGE][PASSED] - Text 'Check123' is set on object 'Object Repository/WebOffice/Page_Checkatrade - Administration - Login/input_Password_LoginControlPassword'

2020-04-17 11:14:38 - [TEST_STEP][PASSED] - click(findTestObject("Object Repository/WebOffice/Page_Checkatrade - Administration - Login/Login_Button")): Object: 'Object Repository/WebOffice/Page_Checkatrade - Administration - Login/Login_Button' is clicked on

2020-04-17 11:14:39 - [MESSAGE][PASSED] - Object: 'Object Repository/WebOffice/Page_Checkatrade - Administration - Login/Login_Button' is clicked on

2020-04-17 11:14:39 - [TEST_STEP][PASSED] - waitForPageLoad(60): Wait for page load successfully

2020-04-17 11:14:39 - [MESSAGE][PASSED] - Wait for page load successfully

2020-04-17 11:14:39 - [TEST_STEP][PASSED] - verifyTextPresent("Welcome " + wo_Username, false): Text 'Welcome DavidHo' is present on page 

2020-04-17 11:14:40 - [MESSAGE][PASSED] - Text 'Welcome DavidHo' is present on page 

2020-04-17 11:14:40 - [MESSAGE][PASSED] - Call Test Case 'Test Cases/Reusable_Test_Sequences/Web_Office/Directives/WebOffice_StartUp' successfully

2020-04-17 11:14:40 - [TEST_STEP][PASSED] - "-----------------------------------------------------------------": null

2020-04-17 11:14:40 - [TEST_STEP][PASSED] - " Navigate to <Settings->Checkatrade.Com->Sub Item> Menu Item     |": null

2020-04-17 11:14:40 - [TEST_STEP][PASSED] - callTestCase(findTestCase("Reusable_Test_Sequences/Web_Office/Navigation/Sub_Menu_Navigation/Settings/Checkatrade_Com/Search_Radius"), [:], STOP_ON_FAILURE): Call Test Case 'Test Cases/Reusable_Test_Sequences/Web_Office/Navigation/Sub_Menu_Navigation/Settings/Checkatrade_Com/Search_Radius' successfully

2020-04-17 11:14:40 - [TEST_CASE][PASSED] - Test Cases/Reusable_Test_Sequences/Web_Office/Navigation/Sub_Menu_Navigation/Settings/Checkatrade_Com/Search_Radius: Test Cases/Reusable_Test_Sequences/Web_Office/Navigation/Sub_Menu_Navigation/Settings/Checkatrade_Com/Search_Radius

2020-04-17 11:14:40 - [TEST_STEP][PASSED] - "--------------------------------------": null

2020-04-17 11:14:40 - [TEST_STEP][PASSED] - " Navigate Top level menu Item         |": null

2020-04-17 11:14:40 - [TEST_STEP][PASSED] - waitForPageLoad(60): Wait for page load successfully

2020-04-17 11:14:40 - [MESSAGE][PASSED] - Wait for page load successfully

2020-04-17 11:14:40 - [TEST_STEP][PASSED] - waitForElementClickable(findTestObject("Object Repository/WebOffice_Home_page/a_Settings"), 60): Object 'Object Repository/WebOffice_Home_page/a_Settings' is clickable

2020-04-17 11:14:40 - [MESSAGE][PASSED] - Object 'Object Repository/WebOffice_Home_page/a_Settings' is clickable

2020-04-17 11:14:40 - [TEST_STEP][PASSED] - mouseOver(findTestObject("Object Repository/WebOffice_Home_page/a_Settings")): Object: 'Object Repository/WebOffice_Home_page/a_Settings' is hovered

2020-04-17 11:14:41 - [MESSAGE][PASSED] - Object: 'Object Repository/WebOffice_Home_page/a_Settings' is hovered

2020-04-17 11:14:41 - [TEST_STEP][PASSED] - mouseOver(findTestObject("Object Repository/WebOffice_Home_page/a_wwwcheckatradecom")): Object: 'Object Repository/WebOffice_Home_page/a_wwwcheckatradecom' is hovered

2020-04-17 11:14:41 - [MESSAGE][PASSED] - Object: 'Object Repository/WebOffice_Home_page/a_wwwcheckatradecom' is hovered

2020-04-17 11:14:41 - [TEST_STEP][PASSED] - waitForElementClickable(findTestObject("Object Repository/WebOffice_Home_page/a_Search Radius"), 1): Object 'Object Repository/WebOffice_Home_page/a_Search Radius' is clickable

2020-04-17 11:14:41 - [MESSAGE][PASSED] - Object 'Object Repository/WebOffice_Home_page/a_Search Radius' is clickable

2020-04-17 11:14:41 - [TEST_STEP][PASSED] - click(findTestObject("Object Repository/WebOffice_Home_page/a_Search Radius")): Object: 'Object Repository/WebOffice_Home_page/a_Search Radius' is clicked on

2020-04-17 11:14:41 - [MESSAGE][PASSED] - Object: 'Object Repository/WebOffice_Home_page/a_Search Radius' is clicked on

2020-04-17 11:14:41 - [MESSAGE][PASSED] - Call Test Case 'Test Cases/Reusable_Test_Sequences/Web_Office/Navigation/Sub_Menu_Navigation/Settings/Checkatrade_Com/Search_Radius' successfully

2020-04-17 11:14:41 - [TEST_STEP][PASSED] - "--------------------------------------": null

2020-04-17 11:14:41 - [TEST_STEP][PASSED] - " Verify Returned Page Detail          |": null

2020-04-17 11:14:41 - [TEST_STEP][PASSED] - callTestCase(findTestCase("Reusable_Test_Sequences/Web_Office/Verification/Settings/Checkatrade_Com/Search_Radius"), [:], OPTIONAL): Call Test Case 'Test Cases/Reusable_Test_Sequences/Web_Office/Verification/Settings/Checkatrade_Com/Search_Radius' successfully

2020-04-17 11:14:42 - [TEST_CASE][PASSED] - Test Cases/Reusable_Test_Sequences/Web_Office/Verification/Settings/Checkatrade_Com/Search_Radius: Test Cases/Reusable_Test_Sequences/Web_Office/Verification/Settings/Checkatrade_Com/Search_Radius

2020-04-17 11:14:42 - [TEST_STEP][PASSED] - "-------------------------------------------------------------------------": null

2020-04-17 11:14:42 - [TEST_STEP][PASSED] - " Needs Extendig to change radius, do a CAT Search, the revert settings   |": null

2020-04-17 11:14:42 - [TEST_STEP][PASSED] - waitForPageLoad(60): Wait for page load successfully

2020-04-17 11:14:42 - [MESSAGE][PASSED] - Wait for page load successfully

2020-04-17 11:14:42 - [TEST_STEP][PASSED] - delay(1): Delayed 1 second(s)

2020-04-17 11:14:43 - [MESSAGE][PASSED] - Delayed 1 second(s)

2020-04-17 11:14:43 - [TEST_STEP][PASSED] - verifyTextPresent("Search Radius", false): Text 'Search Radius' is present on page 

2020-04-17 11:14:44 - [MESSAGE][PASSED] - Text 'Search Radius' is present on page 

2020-04-17 11:14:44 - [TEST_STEP][PASSED] - "----------------------------------------------": null

2020-04-17 11:14:44 - [TEST_STEP][PASSED] - verifyTextPresent("20 Miles", false): Text '20 Miles' is present on page 

2020-04-17 11:14:45 - [MESSAGE][PASSED] - Text '20 Miles' is present on page 

2020-04-17 11:14:45 - [MESSAGE][PASSED] - Call Test Case 'Test Cases/Reusable_Test_Sequences/Web_Office/Verification/Settings/Checkatrade_Com/Search_Radius' successfully

2020-04-17 11:14:45 - [TEST_STEP][PASSED] - "--------------------------": null

2020-04-17 11:14:45 - [TEST_STEP][PASSED] - " Teardown - CLose Browser |": null

2020-04-17 11:14:45 - [TEST_STEP][PASSED] - callTestCase(findTestCase("Reusable_Test_Sequences/CAT_Teardown"), [:], OPTIONAL): Call Test Case 'Test Cases/Reusable_Test_Sequences/CAT_Teardown' successfully

2020-04-17 11:14:45 - [TEST_CASE][PASSED] - Test Cases/Reusable_Test_Sequences/CAT_Teardown: Test Cases/Reusable_Test_Sequences/CAT_Teardown

2020-04-17 11:14:45 - [TEST_STEP][PASSED] - closeBrowser(): Browser is closed

2020-04-17 11:14:47 - [MESSAGE][PASSED] - Browser is closed

2020-04-17 11:14:47 - [TEST_STEP][PASSED] - super.finalize(): null

2020-04-17 11:14:47 - [TEST_STEP][PASSED] - System.gc(): null

2020-04-17 11:14:47 - [MESSAGE][PASSED] - Call Test Case 'Test Cases/Reusable_Test_Sequences/CAT_Teardown' successfully]]></system-out>
         <system-err><![CDATA[]]></system-err>
      </testcase>
      <testcase name="Test Cases/Web_Office/Settings/Checkatrade_Com/CAT_Now_Settings" time="70.743" classname="Test Cases/Web_Office/Settings/Checkatrade_Com/CAT_Now_Settings" status="PASSED">
         <system-out><![CDATA[2020-04-17 11:14:47 - [TEST_CASE][PASSED] - Test Cases/Web_Office/Settings/Checkatrade_Com/CAT_Now_Settings: Test Cases/Web_Office/Settings/Checkatrade_Com/CAT_Now_Settings

2020-04-17 11:14:47 - [TEST_STEP][PASSED] - "--------------------------------------": null

2020-04-17 11:14:47 - [TEST_STEP][PASSED] - " Web Office StartUp                  |": null

2020-04-17 11:14:47 - [TEST_STEP][PASSED] - callTestCase(findTestCase("Reusable_Test_Sequences/Web_Office/Directives/WebOffice_StartUp"), [:], STOP_ON_FAILURE): Call Test Case 'Test Cases/Reusable_Test_Sequences/Web_Office/Directives/WebOffice_StartUp' successfully

2020-04-17 11:14:47 - [TEST_CASE][PASSED] - Test Cases/Reusable_Test_Sequences/Web_Office/Directives/WebOffice_StartUp: Test Cases/Reusable_Test_Sequences/Web_Office/Directives/WebOffice_StartUp

2020-04-17 11:14:47 - [TEST_STEP][PASSED] - "-----------------------------------------------------------------------------": null

2020-04-17 11:14:47 - [TEST_STEP][PASSED] - if (URL == "https://www.dev.checkatrade.com/"): null

2020-04-17 11:14:47 - [TEST_STEP][PASSED] - "-----------------------------------------------------------------------------": null

2020-04-17 11:14:47 - [TEST_STEP][PASSED] - if (URL == "https://www.checkatrade.com/"): null

2020-04-17 11:14:47 - [TEST_STEP][PASSED] - "-----------------------------------------------------------------------------": null

2020-04-17 11:14:47 - [TEST_STEP][PASSED] - if (URL == "https://www.preview.checkatrade.com/"): null

2020-04-17 11:14:47 - [TEST_STEP][PASSED] - WebOfficeURL = "https://admin.preview.checkatrade.com/": null

2020-04-17 11:14:47 - [TEST_STEP][PASSED] - if (URL == "https://www.dev2.checkatrade.com/"): null

2020-04-17 11:14:47 - [TEST_STEP][PASSED] - "Set Function Area for "URL_Handler", URL Resolution": null

2020-04-17 11:14:47 - [TEST_STEP][PASSED] - "Do Some Magic with URL(s) See the comments within URL Handler ": null

2020-04-17 11:14:47 - [TEST_STEP][PASSED] - "------------------------------------------------": null

2020-04-17 11:14:47 - [TEST_STEP][PASSED] - "Moved Login Credentials to <Default> profile 22/01/2020": null

2020-04-17 11:14:47 - [TEST_STEP][PASSED] - "------------------------------------------------": null

2020-04-17 11:14:47 - [TEST_STEP][PASSED] - "WebOfficeURL - Set from the ENVIRONMENT PROFILE ": null

2020-04-17 11:14:47 - [TEST_STEP][PASSED] - "OPEN BROWSER": null

2020-04-17 11:14:47 - [TEST_STEP][PASSED] - "eg - https://admin.preview.checkatrade.com/  ": null

2020-04-17 11:14:47 - [TEST_STEP][PASSED] - openBrowser(WebOfficeURL): Browser is opened with url: 'https://admin.preview.checkatrade.com/'

2020-04-17 11:14:47 - [MESSAGE][INFO] - Starting 'Firefox' driver

2020-04-17 11:14:47 - [MESSAGE][INFO] - Action delay is set to 0 milliseconds

2020-04-17 11:14:54 - [MESSAGE][PASSED] - Browser is opened with url: 'https://admin.preview.checkatrade.com/'

2020-04-17 11:14:54 - [TEST_STEP][PASSED] - maximizeWindow(): Current window maximized

2020-04-17 11:14:54 - [MESSAGE][PASSED] - Current window maximized

2020-04-17 11:14:54 - [TEST_STEP][PASSED] - waitForElementClickable(findTestObject("Object Repository/WebOffice/Page_Checkatrade - Administration - Login/Login_Button"), 25): Object 'Object Repository/WebOffice/Page_Checkatrade - Administration - Login/Login_Button' is clickable

2020-04-17 11:14:54 - [MESSAGE][PASSED] - Object 'Object Repository/WebOffice/Page_Checkatrade - Administration - Login/Login_Button' is clickable

2020-04-17 11:14:54 - [TEST_STEP][PASSED] - verifyTextPresent("Checkatrade Web Office", false): Text 'Checkatrade Web Office' is present on page 

2020-04-17 11:14:54 - [MESSAGE][PASSED] - Text 'Checkatrade Web Office' is present on page 

2020-04-17 11:14:54 - [TEST_STEP][PASSED] - verifyTextPresent("Access for staff use only", false): Text 'Access for staff use only' is present on page 

2020-04-17 11:14:54 - [MESSAGE][PASSED] - Text 'Access for staff use only' is present on page 

2020-04-17 11:14:54 - [TEST_STEP][PASSED] - verifyTextPresent("Forgotten password?", false): Text 'Forgotten password?' is present on page 

2020-04-17 11:14:55 - [MESSAGE][PASSED] - Text 'Forgotten password?' is present on page 

2020-04-17 11:14:55 - [TEST_STEP][PASSED] - setText(findTestObject("Object Repository/WebOffice/Page_Checkatrade - Administration - Login/input_Username_LoginControlUserName"), wo_Username): Text 'DavidHo' is set on object 'Object Repository/WebOffice/Page_Checkatrade - Administration - Login/input_Username_LoginControlUserName'

2020-04-17 11:14:55 - [MESSAGE][PASSED] - Text 'DavidHo' is set on object 'Object Repository/WebOffice/Page_Checkatrade - Administration - Login/input_Username_LoginControlUserName'

2020-04-17 11:14:55 - [TEST_STEP][PASSED] - setText(findTestObject("Object Repository/WebOffice/Page_Checkatrade - Administration - Login/input_Password_LoginControlPassword"), wo_Password): Text 'Check123' is set on object 'Object Repository/WebOffice/Page_Checkatrade - Administration - Login/input_Password_LoginControlPassword'

2020-04-17 11:14:55 - [MESSAGE][PASSED] - Text 'Check123' is set on object 'Object Repository/WebOffice/Page_Checkatrade - Administration - Login/input_Password_LoginControlPassword'

2020-04-17 11:14:55 - [TEST_STEP][PASSED] - click(findTestObject("Object Repository/WebOffice/Page_Checkatrade - Administration - Login/Login_Button")): Object: 'Object Repository/WebOffice/Page_Checkatrade - Administration - Login/Login_Button' is clicked on

2020-04-17 11:14:56 - [MESSAGE][PASSED] - Object: 'Object Repository/WebOffice/Page_Checkatrade - Administration - Login/Login_Button' is clicked on

2020-04-17 11:14:56 - [TEST_STEP][PASSED] - waitForPageLoad(60): Wait for page load successfully

2020-04-17 11:14:56 - [MESSAGE][PASSED] - Wait for page load successfully

2020-04-17 11:14:56 - [TEST_STEP][PASSED] - verifyTextPresent("Welcome " + wo_Username, false): Text 'Welcome DavidHo' is present on page 

2020-04-17 11:14:56 - [MESSAGE][PASSED] - Text 'Welcome DavidHo' is present on page 

2020-04-17 11:14:56 - [MESSAGE][PASSED] - Call Test Case 'Test Cases/Reusable_Test_Sequences/Web_Office/Directives/WebOffice_StartUp' successfully

2020-04-17 11:14:56 - [TEST_STEP][PASSED] - "-----------------------------------------------------------------": null

2020-04-17 11:14:56 - [TEST_STEP][PASSED] - " Navigate to <Settings->Checkatrade.Com->Sub Item> Menu Item     |": null

2020-04-17 11:14:56 - [TEST_STEP][PASSED] - callTestCase(findTestCase("Reusable_Test_Sequences/Web_Office/Navigation/Sub_Menu_Navigation/Settings/Checkatrade_Com/CAT_Now_Settings"), [:], STOP_ON_FAILURE): Call Test Case 'Test Cases/Reusable_Test_Sequences/Web_Office/Navigation/Sub_Menu_Navigation/Settings/Checkatrade_Com/CAT_Now_Settings' successfully

2020-04-17 11:14:56 - [TEST_CASE][PASSED] - Test Cases/Reusable_Test_Sequences/Web_Office/Navigation/Sub_Menu_Navigation/Settings/Checkatrade_Com/CAT_Now_Settings: Test Cases/Reusable_Test_Sequences/Web_Office/Navigation/Sub_Menu_Navigation/Settings/Checkatrade_Com/CAT_Now_Settings

2020-04-17 11:14:57 - [TEST_STEP][PASSED] - "--------------------------------------": null

2020-04-17 11:14:57 - [TEST_STEP][PASSED] - " Navigate Top level menu Item         |": null

2020-04-17 11:14:57 - [TEST_STEP][PASSED] - waitForPageLoad(60): Wait for page load successfully

2020-04-17 11:14:57 - [MESSAGE][PASSED] - Wait for page load successfully

2020-04-17 11:14:57 - [TEST_STEP][PASSED] - waitForElementClickable(findTestObject("Object Repository/WebOffice_Home_page/a_Settings"), 60): Object 'Object Repository/WebOffice_Home_page/a_Settings' is clickable

2020-04-17 11:14:57 - [MESSAGE][PASSED] - Object 'Object Repository/WebOffice_Home_page/a_Settings' is clickable

2020-04-17 11:14:57 - [TEST_STEP][PASSED] - mouseOver(findTestObject("Object Repository/WebOffice_Home_page/a_Settings")): Object: 'Object Repository/WebOffice_Home_page/a_Settings' is hovered

2020-04-17 11:14:57 - [MESSAGE][PASSED] - Object: 'Object Repository/WebOffice_Home_page/a_Settings' is hovered

2020-04-17 11:14:57 - [TEST_STEP][PASSED] - mouseOver(findTestObject("Object Repository/WebOffice_Home_page/a_wwwcheckatradecom")): Object: 'Object Repository/WebOffice_Home_page/a_wwwcheckatradecom' is hovered

2020-04-17 11:14:57 - [MESSAGE][PASSED] - Object: 'Object Repository/WebOffice_Home_page/a_wwwcheckatradecom' is hovered

2020-04-17 11:14:57 - [TEST_STEP][PASSED] - waitForElementClickable(findTestObject("Object Repository/WebOffice_Home_page/a_CAT Now Settings"), 1): Object 'Object Repository/WebOffice_Home_page/a_CAT Now Settings' is clickable

2020-04-17 11:14:58 - [MESSAGE][PASSED] - Object 'Object Repository/WebOffice_Home_page/a_CAT Now Settings' is clickable

2020-04-17 11:14:58 - [TEST_STEP][PASSED] - click(findTestObject("Object Repository/WebOffice_Home_page/a_CAT Now Settings")): Object: 'Object Repository/WebOffice_Home_page/a_CAT Now Settings' is clicked on

2020-04-17 11:15:03 - [MESSAGE][PASSED] - Object: 'Object Repository/WebOffice_Home_page/a_CAT Now Settings' is clicked on

2020-04-17 11:15:03 - [MESSAGE][PASSED] - Call Test Case 'Test Cases/Reusable_Test_Sequences/Web_Office/Navigation/Sub_Menu_Navigation/Settings/Checkatrade_Com/CAT_Now_Settings' successfully

2020-04-17 11:15:03 - [TEST_STEP][PASSED] - "--------------------------------------": null

2020-04-17 11:15:03 - [TEST_STEP][PASSED] - " Verify Returned Page Detail          |": null

2020-04-17 11:15:03 - [TEST_STEP][PASSED] - callTestCase(findTestCase("Reusable_Test_Sequences/Web_Office/Verification/Settings/Checkatrade_Com/CAT_Now_Settings"), [:], OPTIONAL): Call Test Case 'Test Cases/Reusable_Test_Sequences/Web_Office/Verification/Settings/Checkatrade_Com/CAT_Now_Settings' successfully

2020-04-17 11:15:04 - [TEST_CASE][PASSED] - Test Cases/Reusable_Test_Sequences/Web_Office/Verification/Settings/Checkatrade_Com/CAT_Now_Settings: Test Cases/Reusable_Test_Sequences/Web_Office/Verification/Settings/Checkatrade_Com/CAT_Now_Settings

2020-04-17 11:15:04 - [TEST_STEP][PASSED] - waitForPageLoad(60): Wait for page load successfully

2020-04-17 11:15:04 - [MESSAGE][PASSED] - Wait for page load successfully

2020-04-17 11:15:04 - [TEST_STEP][PASSED] - delay(1): Delayed 1 second(s)

2020-04-17 11:15:05 - [MESSAGE][PASSED] - Delayed 1 second(s)

2020-04-17 11:15:05 - [TEST_STEP][PASSED] - verifyTextPresent("Categories", false): Text 'Categories' is present on page 

2020-04-17 11:15:08 - [MESSAGE][PASSED] - Text 'Categories' is present on page 

2020-04-17 11:15:08 - [TEST_STEP][PASSED] - "----------------------------------------------": null

2020-04-17 11:15:08 - [TEST_STEP][PASSED] - "----------------------------------------------": null

2020-04-17 11:15:08 - [TEST_STEP][PASSED] - verifyTextPresent("Emergency Categories", false): Text 'Emergency Categories' is present on page 

2020-04-17 11:15:11 - [MESSAGE][PASSED] - Text 'Emergency Categories' is present on page 

2020-04-17 11:15:11 - [TEST_STEP][PASSED] - "----------------------------------------------": null

2020-04-17 11:15:11 - [TEST_STEP][PASSED] - verifyTextPresent("Name", false): Text 'Name' is present on page 

2020-04-17 11:15:13 - [MESSAGE][PASSED] - Text 'Name' is present on page 

2020-04-17 11:15:13 - [TEST_STEP][PASSED] - verifyTextPresent("Edit", false): Text 'Edit' is present on page 

2020-04-17 11:15:15 - [MESSAGE][PASSED] - Text 'Edit' is present on page 

2020-04-17 11:15:15 - [TEST_STEP][PASSED] - verifyTextPresent("Delete", false): Text 'Delete' is present on page 

2020-04-17 11:15:17 - [MESSAGE][PASSED] - Text 'Delete' is present on page 

2020-04-17 11:15:17 - [TEST_STEP][PASSED] - "----------------------------------------------": null

2020-04-17 11:15:17 - [TEST_STEP][PASSED] - "----------------------------------------------": null

2020-04-17 11:15:17 - [TEST_STEP][PASSED] - verifyTextPresent("Central Heating", false): Text 'Central Heating' is present on page 

2020-04-17 11:15:19 - [MESSAGE][PASSED] - Text 'Central Heating' is present on page 

2020-04-17 11:15:19 - [TEST_STEP][PASSED] - "----------------------------------------------": null

2020-04-17 11:15:19 - [TEST_STEP][PASSED] - verifyTextPresent("Electrician", false): Text 'Electrician' is present on page 

2020-04-17 11:15:21 - [MESSAGE][PASSED] - Text 'Electrician' is present on page 

2020-04-17 11:15:21 - [TEST_STEP][PASSED] - "----------------------------------------------": null

2020-04-17 11:15:21 - [TEST_STEP][PASSED] - "----------------------------------------------": null

2020-04-17 11:15:21 - [TEST_STEP][PASSED] - verifyTextPresent("Plumber", false): Text 'Plumber' is present on page 

2020-04-17 11:15:23 - [MESSAGE][PASSED] - Text 'Plumber' is present on page 

2020-04-17 11:15:23 - [TEST_STEP][PASSED] - "----------------------------------------------": null

2020-04-17 11:15:23 - [TEST_STEP][PASSED] - "----------------------------------------------": null

2020-04-17 11:15:23 - [TEST_STEP][PASSED] - "----------------------------------------------": null

2020-04-17 11:15:23 - [TEST_STEP][PASSED] - "----------------------------------------------": null

2020-04-17 11:15:23 - [TEST_STEP][PASSED] - verifyTextPresent("System Settings", false): Text 'System Settings' is present on page 

2020-04-17 11:15:25 - [MESSAGE][PASSED] - Text 'System Settings' is present on page 

2020-04-17 11:15:25 - [TEST_STEP][PASSED] - "----------------------------------------------": null

2020-04-17 11:15:25 - [TEST_STEP][PASSED] - verifyTextPresent("Status", false): Text 'Status' is present on page 

2020-04-17 11:15:28 - [MESSAGE][PASSED] - Text 'Status' is present on page 

2020-04-17 11:15:28 - [TEST_STEP][PASSED] - verifyTextPresent("Allowed Postcodes", false): Text 'Allowed Postcodes' is present on page 

2020-04-17 11:15:30 - [MESSAGE][PASSED] - Text 'Allowed Postcodes' is present on page 

2020-04-17 11:15:30 - [TEST_STEP][PASSED] - verifyTextPresent("Admin Emails", false): Text 'Admin Emails' is present on page 

2020-04-17 11:15:32 - [MESSAGE][PASSED] - Text 'Admin Emails' is present on page 

2020-04-17 11:15:32 - [TEST_STEP][PASSED] - verifyTextPresent("Test Trader IDs", false): Text 'Test Trader IDs' is present on page 

2020-04-17 11:15:34 - [MESSAGE][PASSED] - Text 'Test Trader IDs' is present on page 

2020-04-17 11:15:34 - [TEST_STEP][PASSED] - verifyTextPresent("Start Time", false): Text 'Start Time' is present on page 

2020-04-17 11:15:36 - [MESSAGE][PASSED] - Text 'Start Time' is present on page 

2020-04-17 11:15:36 - [TEST_STEP][PASSED] - verifyTextPresent("End Time", false): Text 'End Time' is present on page 

2020-04-17 11:15:38 - [MESSAGE][PASSED] - Text 'End Time' is present on page 

2020-04-17 11:15:38 - [TEST_STEP][PASSED] - "----------------------------------------------": null

2020-04-17 11:15:38 - [TEST_STEP][PASSED] - verifyTextPresent("Running", false): Text 'Running' is present on page 

2020-04-17 11:15:39 - [MESSAGE][PASSED] - Text 'Running' is present on page 

2020-04-17 11:15:39 - [TEST_STEP][PASSED] - verifyTextPresent("KT13", false): Text 'KT13' is present on page 

2020-04-17 11:15:42 - [MESSAGE][PASSED] - Text 'KT13' is present on page 

2020-04-17 11:15:42 - [TEST_STEP][PASSED] - verifyTextPresent("PO12", false): Text 'PO12' is present on page 

2020-04-17 11:15:47 - [MESSAGE][PASSED] - Text 'PO12' is present on page 

2020-04-17 11:15:47 - [TEST_STEP][PASSED] - verifyTextPresent("BH25", false): Text 'BH25' is present on page 

2020-04-17 11:15:49 - [MESSAGE][PASSED] - Text 'BH25' is present on page 

2020-04-17 11:15:49 - [TEST_STEP][PASSED] - verifyTextPresent("RG26", false): Text 'RG26' is present on page 

2020-04-17 11:15:51 - [MESSAGE][PASSED] - Text 'RG26' is present on page 

2020-04-17 11:15:51 - [TEST_STEP][PASSED] - verifyTextPresent("richard@vocala.co", false): Text 'richard@vocala.co' is present on page 

2020-04-17 11:15:54 - [MESSAGE][PASSED] - Text 'richard@vocala.co' is present on page 

2020-04-17 11:15:54 - [TEST_STEP][PASSED] - verifyTextPresent("536", false): Text '536' is present on page 

2020-04-17 11:15:56 - [MESSAGE][PASSED] - Text '536' is present on page 

2020-04-17 11:15:56 - [MESSAGE][PASSED] - Call Test Case 'Test Cases/Reusable_Test_Sequences/Web_Office/Verification/Settings/Checkatrade_Com/CAT_Now_Settings' successfully

2020-04-17 11:15:56 - [TEST_STEP][PASSED] - "--------------------------": null

2020-04-17 11:15:56 - [TEST_STEP][PASSED] - " Teardown - CLose Browser |": null

2020-04-17 11:15:56 - [TEST_STEP][PASSED] - callTestCase(findTestCase("Reusable_Test_Sequences/CAT_Teardown"), [:], OPTIONAL): Call Test Case 'Test Cases/Reusable_Test_Sequences/CAT_Teardown' successfully

2020-04-17 11:15:56 - [TEST_CASE][PASSED] - Test Cases/Reusable_Test_Sequences/CAT_Teardown: Test Cases/Reusable_Test_Sequences/CAT_Teardown

2020-04-17 11:15:56 - [TEST_STEP][PASSED] - closeBrowser(): Browser is closed

2020-04-17 11:15:58 - [MESSAGE][PASSED] - Browser is closed

2020-04-17 11:15:58 - [TEST_STEP][PASSED] - super.finalize(): null

2020-04-17 11:15:58 - [TEST_STEP][PASSED] - System.gc(): null

2020-04-17 11:15:58 - [MESSAGE][PASSED] - Call Test Case 'Test Cases/Reusable_Test_Sequences/CAT_Teardown' successfully]]></system-out>
         <system-err><![CDATA[]]></system-err>
      </testcase>
      <testcase name="Test Cases/Web_Office/Settings/Checkatrade_Com/CAT_Now_Reporting" time="167.09" classname="Test Cases/Web_Office/Settings/Checkatrade_Com/CAT_Now_Reporting" status="PASSED">
         <system-out><![CDATA[2020-04-17 11:15:58 - [TEST_CASE][PASSED] - Test Cases/Web_Office/Settings/Checkatrade_Com/CAT_Now_Reporting: Test Cases/Web_Office/Settings/Checkatrade_Com/CAT_Now_Reporting

2020-04-17 11:15:58 - [TEST_STEP][PASSED] - "--------------------------------------": null

2020-04-17 11:15:58 - [TEST_STEP][PASSED] - " Web Office StartUp                  |": null

2020-04-17 11:15:58 - [TEST_STEP][PASSED] - callTestCase(findTestCase("Reusable_Test_Sequences/Web_Office/Directives/WebOffice_StartUp"), [:], STOP_ON_FAILURE): Call Test Case 'Test Cases/Reusable_Test_Sequences/Web_Office/Directives/WebOffice_StartUp' successfully

2020-04-17 11:15:58 - [TEST_CASE][PASSED] - Test Cases/Reusable_Test_Sequences/Web_Office/Directives/WebOffice_StartUp: Test Cases/Reusable_Test_Sequences/Web_Office/Directives/WebOffice_StartUp

2020-04-17 11:15:58 - [TEST_STEP][PASSED] - "-----------------------------------------------------------------------------": null

2020-04-17 11:15:58 - [TEST_STEP][PASSED] - if (URL == "https://www.dev.checkatrade.com/"): null

2020-04-17 11:15:58 - [TEST_STEP][PASSED] - "-----------------------------------------------------------------------------": null

2020-04-17 11:15:58 - [TEST_STEP][PASSED] - if (URL == "https://www.checkatrade.com/"): null

2020-04-17 11:15:58 - [TEST_STEP][PASSED] - "-----------------------------------------------------------------------------": null

2020-04-17 11:15:58 - [TEST_STEP][PASSED] - if (URL == "https://www.preview.checkatrade.com/"): null

2020-04-17 11:15:58 - [TEST_STEP][PASSED] - WebOfficeURL = "https://admin.preview.checkatrade.com/": null

2020-04-17 11:15:58 - [TEST_STEP][PASSED] - if (URL == "https://www.dev2.checkatrade.com/"): null

2020-04-17 11:15:58 - [TEST_STEP][PASSED] - "Set Function Area for "URL_Handler", URL Resolution": null

2020-04-17 11:15:58 - [TEST_STEP][PASSED] - "Do Some Magic with URL(s) See the comments within URL Handler ": null

2020-04-17 11:15:58 - [TEST_STEP][PASSED] - "------------------------------------------------": null

2020-04-17 11:15:58 - [TEST_STEP][PASSED] - "Moved Login Credentials to <Default> profile 22/01/2020": null

2020-04-17 11:15:58 - [TEST_STEP][PASSED] - "------------------------------------------------": null

2020-04-17 11:15:58 - [TEST_STEP][PASSED] - "WebOfficeURL - Set from the ENVIRONMENT PROFILE ": null

2020-04-17 11:15:58 - [TEST_STEP][PASSED] - "OPEN BROWSER": null

2020-04-17 11:15:58 - [TEST_STEP][PASSED] - "eg - https://admin.preview.checkatrade.com/  ": null

2020-04-17 11:15:58 - [TEST_STEP][PASSED] - openBrowser(WebOfficeURL): Browser is opened with url: 'https://admin.preview.checkatrade.com/'

2020-04-17 11:15:58 - [MESSAGE][INFO] - Starting 'Firefox' driver

2020-04-17 11:15:58 - [MESSAGE][INFO] - Action delay is set to 0 milliseconds

2020-04-17 11:16:04 - [MESSAGE][PASSED] - Browser is opened with url: 'https://admin.preview.checkatrade.com/'

2020-04-17 11:16:04 - [TEST_STEP][PASSED] - maximizeWindow(): Current window maximized

2020-04-17 11:16:05 - [MESSAGE][PASSED] - Current window maximized

2020-04-17 11:16:05 - [TEST_STEP][PASSED] - waitForElementClickable(findTestObject("Object Repository/WebOffice/Page_Checkatrade - Administration - Login/Login_Button"), 25): Object 'Object Repository/WebOffice/Page_Checkatrade - Administration - Login/Login_Button' is clickable

2020-04-17 11:16:05 - [MESSAGE][PASSED] - Object 'Object Repository/WebOffice/Page_Checkatrade - Administration - Login/Login_Button' is clickable

2020-04-17 11:16:05 - [TEST_STEP][PASSED] - verifyTextPresent("Checkatrade Web Office", false): Text 'Checkatrade Web Office' is present on page 

2020-04-17 11:16:05 - [MESSAGE][PASSED] - Text 'Checkatrade Web Office' is present on page 

2020-04-17 11:16:05 - [TEST_STEP][PASSED] - verifyTextPresent("Access for staff use only", false): Text 'Access for staff use only' is present on page 

2020-04-17 11:16:05 - [MESSAGE][PASSED] - Text 'Access for staff use only' is present on page 

2020-04-17 11:16:05 - [TEST_STEP][PASSED] - verifyTextPresent("Forgotten password?", false): Text 'Forgotten password?' is present on page 

2020-04-17 11:16:05 - [MESSAGE][PASSED] - Text 'Forgotten password?' is present on page 

2020-04-17 11:16:05 - [TEST_STEP][PASSED] - setText(findTestObject("Object Repository/WebOffice/Page_Checkatrade - Administration - Login/input_Username_LoginControlUserName"), wo_Username): Text 'DavidHo' is set on object 'Object Repository/WebOffice/Page_Checkatrade - Administration - Login/input_Username_LoginControlUserName'

2020-04-17 11:16:05 - [MESSAGE][PASSED] - Text 'DavidHo' is set on object 'Object Repository/WebOffice/Page_Checkatrade - Administration - Login/input_Username_LoginControlUserName'

2020-04-17 11:16:05 - [TEST_STEP][PASSED] - setText(findTestObject("Object Repository/WebOffice/Page_Checkatrade - Administration - Login/input_Password_LoginControlPassword"), wo_Password): Text 'Check123' is set on object 'Object Repository/WebOffice/Page_Checkatrade - Administration - Login/input_Password_LoginControlPassword'

2020-04-17 11:16:05 - [MESSAGE][PASSED] - Text 'Check123' is set on object 'Object Repository/WebOffice/Page_Checkatrade - Administration - Login/input_Password_LoginControlPassword'

2020-04-17 11:16:05 - [TEST_STEP][PASSED] - click(findTestObject("Object Repository/WebOffice/Page_Checkatrade - Administration - Login/Login_Button")): Object: 'Object Repository/WebOffice/Page_Checkatrade - Administration - Login/Login_Button' is clicked on

2020-04-17 11:16:06 - [MESSAGE][PASSED] - Object: 'Object Repository/WebOffice/Page_Checkatrade - Administration - Login/Login_Button' is clicked on

2020-04-17 11:16:06 - [TEST_STEP][PASSED] - waitForPageLoad(60): Wait for page load successfully

2020-04-17 11:16:06 - [MESSAGE][PASSED] - Wait for page load successfully

2020-04-17 11:16:06 - [TEST_STEP][PASSED] - verifyTextPresent("Welcome " + wo_Username, false): Text 'Welcome DavidHo' is present on page 

2020-04-17 11:16:07 - [MESSAGE][PASSED] - Text 'Welcome DavidHo' is present on page 

2020-04-17 11:16:07 - [MESSAGE][PASSED] - Call Test Case 'Test Cases/Reusable_Test_Sequences/Web_Office/Directives/WebOffice_StartUp' successfully

2020-04-17 11:16:07 - [TEST_STEP][PASSED] - "-----------------------------------------------------------------": null

2020-04-17 11:16:07 - [TEST_STEP][PASSED] - " Navigate to <Settings->Checkatrade.Com->Sub Item> Menu Item     |": null

2020-04-17 11:16:07 - [TEST_STEP][PASSED] - callTestCase(findTestCase("Reusable_Test_Sequences/Web_Office/Navigation/Sub_Menu_Navigation/Settings/Checkatrade_Com/CAT_Now_Reporting"), [:], STOP_ON_FAILURE): Call Test Case 'Test Cases/Reusable_Test_Sequences/Web_Office/Navigation/Sub_Menu_Navigation/Settings/Checkatrade_Com/CAT_Now_Reporting' successfully

2020-04-17 11:16:07 - [TEST_CASE][PASSED] - Test Cases/Reusable_Test_Sequences/Web_Office/Navigation/Sub_Menu_Navigation/Settings/Checkatrade_Com/CAT_Now_Reporting: Test Cases/Reusable_Test_Sequences/Web_Office/Navigation/Sub_Menu_Navigation/Settings/Checkatrade_Com/CAT_Now_Reporting

2020-04-17 11:16:08 - [TEST_STEP][PASSED] - "--------------------------------------": null

2020-04-17 11:16:08 - [TEST_STEP][PASSED] - " Navigate Top level menu Item         |": null

2020-04-17 11:16:08 - [TEST_STEP][PASSED] - waitForPageLoad(60): Wait for page load successfully

2020-04-17 11:16:08 - [MESSAGE][PASSED] - Wait for page load successfully

2020-04-17 11:16:08 - [TEST_STEP][PASSED] - waitForElementClickable(findTestObject("Object Repository/WebOffice_Home_page/a_Settings"), 60): Object 'Object Repository/WebOffice_Home_page/a_Settings' is clickable

2020-04-17 11:16:08 - [MESSAGE][PASSED] - Object 'Object Repository/WebOffice_Home_page/a_Settings' is clickable

2020-04-17 11:16:08 - [TEST_STEP][PASSED] - mouseOver(findTestObject("Object Repository/WebOffice_Home_page/a_Settings")): Object: 'Object Repository/WebOffice_Home_page/a_Settings' is hovered

2020-04-17 11:16:08 - [MESSAGE][PASSED] - Object: 'Object Repository/WebOffice_Home_page/a_Settings' is hovered

2020-04-17 11:16:08 - [TEST_STEP][PASSED] - mouseOver(findTestObject("Object Repository/WebOffice_Home_page/a_wwwcheckatradecom")): Object: 'Object Repository/WebOffice_Home_page/a_wwwcheckatradecom' is hovered

2020-04-17 11:16:08 - [MESSAGE][PASSED] - Object: 'Object Repository/WebOffice_Home_page/a_wwwcheckatradecom' is hovered

2020-04-17 11:16:08 - [TEST_STEP][PASSED] - waitForElementClickable(findTestObject("Object Repository/WebOffice_Home_page/a_CAT Now Reporting"), 1): Object 'Object Repository/WebOffice_Home_page/a_CAT Now Reporting' is clickable

2020-04-17 11:16:08 - [MESSAGE][PASSED] - Object 'Object Repository/WebOffice_Home_page/a_CAT Now Reporting' is clickable

2020-04-17 11:16:08 - [TEST_STEP][PASSED] - click(findTestObject("Object Repository/WebOffice_Home_page/a_CAT Now Reporting")): Object: 'Object Repository/WebOffice_Home_page/a_CAT Now Reporting' is clicked on

2020-04-17 11:16:09 - [MESSAGE][PASSED] - Object: 'Object Repository/WebOffice_Home_page/a_CAT Now Reporting' is clicked on

2020-04-17 11:16:09 - [MESSAGE][PASSED] - Call Test Case 'Test Cases/Reusable_Test_Sequences/Web_Office/Navigation/Sub_Menu_Navigation/Settings/Checkatrade_Com/CAT_Now_Reporting' successfully

2020-04-17 11:16:09 - [TEST_STEP][PASSED] - "--------------------------------------": null

2020-04-17 11:16:09 - [TEST_STEP][PASSED] - " Verify Returned Page Detail          |": null

2020-04-17 11:16:09 - [TEST_STEP][PASSED] - callTestCase(findTestCase("Reusable_Test_Sequences/Web_Office/Verification/Settings/Checkatrade_Com/CAT_Now_Reporting"), [:], OPTIONAL): Call Test Case 'Test Cases/Reusable_Test_Sequences/Web_Office/Verification/Settings/Checkatrade_Com/CAT_Now_Reporting' successfully

2020-04-17 11:16:10 - [TEST_CASE][PASSED] - Test Cases/Reusable_Test_Sequences/Web_Office/Verification/Settings/Checkatrade_Com/CAT_Now_Reporting: Test Cases/Reusable_Test_Sequences/Web_Office/Verification/Settings/Checkatrade_Com/CAT_Now_Reporting

2020-04-17 11:16:10 - [TEST_STEP][PASSED] - waitForPageLoad(60): Wait for page load successfully

2020-04-17 11:16:10 - [MESSAGE][PASSED] - Wait for page load successfully

2020-04-17 11:16:10 - [TEST_STEP][PASSED] - delay(1): Delayed 1 second(s)

2020-04-17 11:16:11 - [MESSAGE][PASSED] - Delayed 1 second(s)

2020-04-17 11:16:11 - [TEST_STEP][PASSED] - verifyTextPresent("Checkatrade Now Report - Last 30 Days", false): Text 'Checkatrade Now Report - Last 30 Days' is present on page 

2020-04-17 11:16:17 - [MESSAGE][PASSED] - Text 'Checkatrade Now Report - Last 30 Days' is present on page 

2020-04-17 11:16:17 - [TEST_STEP][PASSED] - "----------------------------------------------": null

2020-04-17 11:16:17 - [TEST_STEP][PASSED] - verifyTextPresent("Jobs Summary", false): Text 'Jobs Summary' is present on page 

2020-04-17 11:16:25 - [MESSAGE][PASSED] - Text 'Jobs Summary' is present on page 

2020-04-17 11:16:25 - [TEST_STEP][PASSED] - "----------------------------------------------": null

2020-04-17 11:16:25 - [TEST_STEP][PASSED] - verifyTextPresent("Central Heating", false): Text 'Central Heating' is present on page 

2020-04-17 11:16:32 - [MESSAGE][PASSED] - Text 'Central Heating' is present on page 

2020-04-17 11:16:32 - [TEST_STEP][PASSED] - verifyTextPresent("Electrician", false): Text 'Electrician' is present on page 

2020-04-17 11:16:41 - [MESSAGE][PASSED] - Text 'Electrician' is present on page 

2020-04-17 11:16:41 - [TEST_STEP][PASSED] - verifyTextPresent("Plumber", false): Text 'Plumber' is present on page 

2020-04-17 11:16:51 - [MESSAGE][PASSED] - Text 'Plumber' is present on page 

2020-04-17 11:16:51 - [TEST_STEP][PASSED] - "----------------------------------------------": null

2020-04-17 11:16:51 - [TEST_STEP][PASSED] - verifyTextPresent("All", false): Text 'All' is present on page 

2020-04-17 11:16:57 - [MESSAGE][PASSED] - Text 'All' is present on page 

2020-04-17 11:16:57 - [TEST_STEP][PASSED] - verifyTextPresent("PO", false): Text 'PO' is present on page 

2020-04-17 11:17:03 - [MESSAGE][PASSED] - Text 'PO' is present on page 

2020-04-17 11:17:03 - [TEST_STEP][PASSED] - verifyTextPresent("GU", false): Text 'GU' is present on page 

2020-04-17 11:17:09 - [MESSAGE][PASSED] - Text 'GU' is present on page 

2020-04-17 11:17:09 - [TEST_STEP][PASSED] - verifyTextPresent("SO", false): Text 'SO' is present on page 

2020-04-17 11:17:14 - [MESSAGE][PASSED] - Text 'SO' is present on page 

2020-04-17 11:17:14 - [TEST_STEP][PASSED] - verifyTextPresent("BH", false): Text 'BH' is present on page 

2020-04-17 11:17:17 - [MESSAGE][PASSED] - Text 'BH' is present on page 

2020-04-17 11:17:17 - [TEST_STEP][PASSED] - "----------------------------------------------": null

2020-04-17 11:17:17 - [TEST_STEP][PASSED] - verifyTextPresent("0", false): Text '0' is present on page 

2020-04-17 11:17:22 - [MESSAGE][PASSED] - Text '0' is present on page 

2020-04-17 11:17:22 - [TEST_STEP][PASSED] - verifyTextPresent("9", false): Text '9' is present on page 

2020-04-17 11:17:27 - [MESSAGE][PASSED] - Text '9' is present on page 

2020-04-17 11:17:27 - [TEST_STEP][PASSED] - "----------------------------------------------": null

2020-04-17 11:17:27 - [TEST_STEP][PASSED] - "----------------------------------------------": null

2020-04-17 11:17:27 - [TEST_STEP][PASSED] - verifyTextPresent("Live Jobs", false): Text 'Live Jobs' is present on page 

2020-04-17 11:17:31 - [MESSAGE][PASSED] - Text 'Live Jobs' is present on page 

2020-04-17 11:17:31 - [TEST_STEP][PASSED] - "----------------------------------------------": null

2020-04-17 11:17:31 - [TEST_STEP][PASSED] - verifyTextPresent("Status", false): Text 'Status' is present on page 

2020-04-17 11:17:35 - [MESSAGE][PASSED] - Text 'Status' is present on page 

2020-04-17 11:17:35 - [TEST_STEP][PASSED] - verifyTextPresent("Created", false): Text 'Created' is present on page 

2020-04-17 11:17:40 - [MESSAGE][PASSED] - Text 'Created' is present on page 

2020-04-17 11:17:40 - [TEST_STEP][PASSED] - verifyTextPresent("Customer Recreated", false): Text 'Customer Recreated' is present on page 

2020-04-17 11:17:46 - [MESSAGE][PASSED] - Text 'Customer Recreated' is present on page 

2020-04-17 11:17:46 - [TEST_STEP][PASSED] - verifyTextPresent("Customer Name", false): Text 'Customer Name' is present on page 

2020-04-17 11:17:49 - [MESSAGE][PASSED] - Text 'Customer Name' is present on page 

2020-04-17 11:17:49 - [TEST_STEP][PASSED] - verifyTextPresent("Customer Number", false): Text 'Customer Number' is present on page 

2020-04-17 11:17:53 - [MESSAGE][PASSED] - Text 'Customer Number' is present on page 

2020-04-17 11:17:53 - [TEST_STEP][PASSED] - verifyTextPresent("Customer Postcode", false): Text 'Customer Postcode' is present on page 

2020-04-17 11:17:58 - [MESSAGE][PASSED] - Text 'Customer Postcode' is present on page 

2020-04-17 11:17:58 - [TEST_STEP][PASSED] - verifyTextPresent("Description ", false): Text 'Description ' is present on page 

2020-04-17 11:18:02 - [MESSAGE][PASSED] - Text 'Description ' is present on page 

2020-04-17 11:18:02 - [TEST_STEP][PASSED] - verifyTextPresent("Trader Name ", false): Text 'Trader Name ' is present on page 

2020-04-17 11:18:07 - [MESSAGE][PASSED] - Text 'Trader Name ' is present on page 

2020-04-17 11:18:07 - [TEST_STEP][PASSED] - verifyTextPresent("Job History ", false): Text 'Job History ' is present on page 

2020-04-17 11:18:13 - [MESSAGE][PASSED] - Text 'Job History ' is present on page 

2020-04-17 11:18:13 - [TEST_STEP][PASSED] - verifyTextPresent("Dismissals", false): Text 'Dismissals' is present on page 

2020-04-17 11:18:17 - [MESSAGE][PASSED] - Text 'Dismissals' is present on page 

2020-04-17 11:18:17 - [TEST_STEP][PASSED] - "----------------------------------------------": null

2020-04-17 11:18:17 - [TEST_STEP][PASSED] - verifyTextPresent("Complete", false): Text 'Complete' is present on page 

2020-04-17 11:18:21 - [MESSAGE][PASSED] - Text 'Complete' is present on page 

2020-04-17 11:18:21 - [TEST_STEP][PASSED] - verifyTextPresent("Accepted", false): Text 'Accepted' is present on page 

2020-04-17 11:18:25 - [MESSAGE][PASSED] - Text 'Accepted' is present on page 

2020-04-17 11:18:25 - [TEST_STEP][PASSED] - verifyTextPresent("Cancelled", false): Text 'Cancelled' is present on page 

2020-04-17 11:18:29 - [MESSAGE][PASSED] - Text 'Cancelled' is present on page 

2020-04-17 11:18:29 - [TEST_STEP][PASSED] - verifyTextPresent("Failed", false): Text 'Failed' is present on page 

2020-04-17 11:18:34 - [MESSAGE][PASSED] - Text 'Failed' is present on page 

2020-04-17 11:18:34 - [TEST_STEP][PASSED] - "----------------------------------------------": null

2020-04-17 11:18:34 - [TEST_STEP][PASSED] - verifyTextPresent("Electrics tripping", false): Text 'Electrics tripping' is present on page 

2020-04-17 11:18:39 - [MESSAGE][PASSED] - Text 'Electrics tripping' is present on page 

2020-04-17 11:18:39 - [TEST_STEP][PASSED] - verifyTextPresent("RG26", false): Text 'RG26' is present on page 

2020-04-17 11:18:44 - [MESSAGE][PASSED] - Text 'RG26' is present on page 

2020-04-17 11:18:44 - [MESSAGE][PASSED] - Call Test Case 'Test Cases/Reusable_Test_Sequences/Web_Office/Verification/Settings/Checkatrade_Com/CAT_Now_Reporting' successfully

2020-04-17 11:18:44 - [TEST_STEP][PASSED] - "--------------------------": null

2020-04-17 11:18:44 - [TEST_STEP][PASSED] - " Teardown - CLose Browser |": null

2020-04-17 11:18:44 - [TEST_STEP][PASSED] - callTestCase(findTestCase("Reusable_Test_Sequences/CAT_Teardown"), [:], OPTIONAL): Call Test Case 'Test Cases/Reusable_Test_Sequences/CAT_Teardown' successfully

2020-04-17 11:18:44 - [TEST_CASE][PASSED] - Test Cases/Reusable_Test_Sequences/CAT_Teardown: Test Cases/Reusable_Test_Sequences/CAT_Teardown

2020-04-17 11:18:44 - [TEST_STEP][PASSED] - closeBrowser(): Browser is closed

2020-04-17 11:18:45 - [MESSAGE][PASSED] - Browser is closed

2020-04-17 11:18:45 - [TEST_STEP][PASSED] - super.finalize(): null

2020-04-17 11:18:45 - [TEST_STEP][PASSED] - System.gc(): null

2020-04-17 11:18:45 - [MESSAGE][PASSED] - Call Test Case 'Test Cases/Reusable_Test_Sequences/CAT_Teardown' successfully]]></system-out>
         <system-err><![CDATA[]]></system-err>
      </testcase>
      <testcase name="Test Cases/Web_Office/Settings/Checkatrade_Com/Trade_App_Settings" time="16.859" classname="Test Cases/Web_Office/Settings/Checkatrade_Com/Trade_App_Settings" status="PASSED">
         <system-out><![CDATA[2020-04-17 11:18:45 - [TEST_CASE][PASSED] - Test Cases/Web_Office/Settings/Checkatrade_Com/Trade_App_Settings: Test Cases/Web_Office/Settings/Checkatrade_Com/Trade_App_Settings

2020-04-17 11:18:45 - [TEST_STEP][PASSED] - "--------------------------------------": null

2020-04-17 11:18:45 - [TEST_STEP][PASSED] - " Web Office StartUp                  |": null

2020-04-17 11:18:45 - [TEST_STEP][PASSED] - callTestCase(findTestCase("Reusable_Test_Sequences/Web_Office/Directives/WebOffice_StartUp"), [:], STOP_ON_FAILURE): Call Test Case 'Test Cases/Reusable_Test_Sequences/Web_Office/Directives/WebOffice_StartUp' successfully

2020-04-17 11:18:46 - [TEST_CASE][PASSED] - Test Cases/Reusable_Test_Sequences/Web_Office/Directives/WebOffice_StartUp: Test Cases/Reusable_Test_Sequences/Web_Office/Directives/WebOffice_StartUp

2020-04-17 11:18:46 - [TEST_STEP][PASSED] - "-----------------------------------------------------------------------------": null

2020-04-17 11:18:46 - [TEST_STEP][PASSED] - if (URL == "https://www.dev.checkatrade.com/"): null

2020-04-17 11:18:46 - [TEST_STEP][PASSED] - "-----------------------------------------------------------------------------": null

2020-04-17 11:18:46 - [TEST_STEP][PASSED] - if (URL == "https://www.checkatrade.com/"): null

2020-04-17 11:18:46 - [TEST_STEP][PASSED] - "-----------------------------------------------------------------------------": null

2020-04-17 11:18:46 - [TEST_STEP][PASSED] - if (URL == "https://www.preview.checkatrade.com/"): null

2020-04-17 11:18:46 - [TEST_STEP][PASSED] - WebOfficeURL = "https://admin.preview.checkatrade.com/": null

2020-04-17 11:18:46 - [TEST_STEP][PASSED] - if (URL == "https://www.dev2.checkatrade.com/"): null

2020-04-17 11:18:46 - [TEST_STEP][PASSED] - "Set Function Area for "URL_Handler", URL Resolution": null

2020-04-17 11:18:46 - [TEST_STEP][PASSED] - "Do Some Magic with URL(s) See the comments within URL Handler ": null

2020-04-17 11:18:46 - [TEST_STEP][PASSED] - "------------------------------------------------": null

2020-04-17 11:18:46 - [TEST_STEP][PASSED] - "Moved Login Credentials to <Default> profile 22/01/2020": null

2020-04-17 11:18:46 - [TEST_STEP][PASSED] - "------------------------------------------------": null

2020-04-17 11:18:46 - [TEST_STEP][PASSED] - "WebOfficeURL - Set from the ENVIRONMENT PROFILE ": null

2020-04-17 11:18:46 - [TEST_STEP][PASSED] - "OPEN BROWSER": null

2020-04-17 11:18:46 - [TEST_STEP][PASSED] - "eg - https://admin.preview.checkatrade.com/  ": null

2020-04-17 11:18:46 - [TEST_STEP][PASSED] - openBrowser(WebOfficeURL): Browser is opened with url: 'https://admin.preview.checkatrade.com/'

2020-04-17 11:18:46 - [MESSAGE][INFO] - Starting 'Firefox' driver

2020-04-17 11:18:46 - [MESSAGE][INFO] - Action delay is set to 0 milliseconds

2020-04-17 11:18:51 - [MESSAGE][PASSED] - Browser is opened with url: 'https://admin.preview.checkatrade.com/'

2020-04-17 11:18:51 - [TEST_STEP][PASSED] - maximizeWindow(): Current window maximized

2020-04-17 11:18:52 - [MESSAGE][PASSED] - Current window maximized

2020-04-17 11:18:52 - [TEST_STEP][PASSED] - waitForElementClickable(findTestObject("Object Repository/WebOffice/Page_Checkatrade - Administration - Login/Login_Button"), 25): Object 'Object Repository/WebOffice/Page_Checkatrade - Administration - Login/Login_Button' is clickable

2020-04-17 11:18:52 - [MESSAGE][PASSED] - Object 'Object Repository/WebOffice/Page_Checkatrade - Administration - Login/Login_Button' is clickable

2020-04-17 11:18:52 - [TEST_STEP][PASSED] - verifyTextPresent("Checkatrade Web Office", false): Text 'Checkatrade Web Office' is present on page 

2020-04-17 11:18:52 - [MESSAGE][PASSED] - Text 'Checkatrade Web Office' is present on page 

2020-04-17 11:18:52 - [TEST_STEP][PASSED] - verifyTextPresent("Access for staff use only", false): Text 'Access for staff use only' is present on page 

2020-04-17 11:18:52 - [MESSAGE][PASSED] - Text 'Access for staff use only' is present on page 

2020-04-17 11:18:52 - [TEST_STEP][PASSED] - verifyTextPresent("Forgotten password?", false): Text 'Forgotten password?' is present on page 

2020-04-17 11:18:52 - [MESSAGE][PASSED] - Text 'Forgotten password?' is present on page 

2020-04-17 11:18:52 - [TEST_STEP][PASSED] - setText(findTestObject("Object Repository/WebOffice/Page_Checkatrade - Administration - Login/input_Username_LoginControlUserName"), wo_Username): Text 'DavidHo' is set on object 'Object Repository/WebOffice/Page_Checkatrade - Administration - Login/input_Username_LoginControlUserName'

2020-04-17 11:18:52 - [MESSAGE][PASSED] - Text 'DavidHo' is set on object 'Object Repository/WebOffice/Page_Checkatrade - Administration - Login/input_Username_LoginControlUserName'

2020-04-17 11:18:53 - [TEST_STEP][PASSED] - setText(findTestObject("Object Repository/WebOffice/Page_Checkatrade - Administration - Login/input_Password_LoginControlPassword"), wo_Password): Text 'Check123' is set on object 'Object Repository/WebOffice/Page_Checkatrade - Administration - Login/input_Password_LoginControlPassword'

2020-04-17 11:18:53 - [MESSAGE][PASSED] - Text 'Check123' is set on object 'Object Repository/WebOffice/Page_Checkatrade - Administration - Login/input_Password_LoginControlPassword'

2020-04-17 11:18:53 - [TEST_STEP][PASSED] - click(findTestObject("Object Repository/WebOffice/Page_Checkatrade - Administration - Login/Login_Button")): Object: 'Object Repository/WebOffice/Page_Checkatrade - Administration - Login/Login_Button' is clicked on

2020-04-17 11:18:54 - [MESSAGE][PASSED] - Object: 'Object Repository/WebOffice/Page_Checkatrade - Administration - Login/Login_Button' is clicked on

2020-04-17 11:18:54 - [TEST_STEP][PASSED] - waitForPageLoad(60): Wait for page load successfully

2020-04-17 11:18:54 - [MESSAGE][PASSED] - Wait for page load successfully

2020-04-17 11:18:54 - [TEST_STEP][PASSED] - verifyTextPresent("Welcome " + wo_Username, false): Text 'Welcome DavidHo' is present on page 

2020-04-17 11:18:54 - [MESSAGE][PASSED] - Text 'Welcome DavidHo' is present on page 

2020-04-17 11:18:54 - [MESSAGE][PASSED] - Call Test Case 'Test Cases/Reusable_Test_Sequences/Web_Office/Directives/WebOffice_StartUp' successfully

2020-04-17 11:18:54 - [TEST_STEP][PASSED] - "-----------------------------------------------------------------": null

2020-04-17 11:18:54 - [TEST_STEP][PASSED] - " Navigate to <Settings->Checkatrade.Com->Sub Item> Menu Item     |": null

2020-04-17 11:18:54 - [TEST_STEP][PASSED] - callTestCase(findTestCase("Reusable_Test_Sequences/Web_Office/Navigation/Sub_Menu_Navigation/Settings/Checkatrade_Com/Trade_App_Settings"), [:], STOP_ON_FAILURE): Call Test Case 'Test Cases/Reusable_Test_Sequences/Web_Office/Navigation/Sub_Menu_Navigation/Settings/Checkatrade_Com/Trade_App_Settings' successfully

2020-04-17 11:18:54 - [TEST_CASE][PASSED] - Test Cases/Reusable_Test_Sequences/Web_Office/Navigation/Sub_Menu_Navigation/Settings/Checkatrade_Com/Trade_App_Settings: Test Cases/Reusable_Test_Sequences/Web_Office/Navigation/Sub_Menu_Navigation/Settings/Checkatrade_Com/Trade_App_Settings

2020-04-17 11:18:55 - [TEST_STEP][PASSED] - " TODO - a_Trade App Settings MISSING From Object Repositary": null

2020-04-17 11:18:55 - [TEST_STEP][PASSED] - "--------------------------------------": null

2020-04-17 11:18:55 - [TEST_STEP][PASSED] - " Navigate Top level menu Item         |": null

2020-04-17 11:18:55 - [TEST_STEP][PASSED] - waitForPageLoad(60): Wait for page load successfully

2020-04-17 11:18:55 - [MESSAGE][PASSED] - Wait for page load successfully

2020-04-17 11:18:55 - [TEST_STEP][PASSED] - waitForElementClickable(findTestObject("Object Repository/WebOffice_Home_page/a_Settings"), 60): Object 'Object Repository/WebOffice_Home_page/a_Settings' is clickable

2020-04-17 11:18:55 - [MESSAGE][PASSED] - Object 'Object Repository/WebOffice_Home_page/a_Settings' is clickable

2020-04-17 11:18:55 - [TEST_STEP][PASSED] - mouseOver(findTestObject("Object Repository/WebOffice_Home_page/a_Settings")): Object: 'Object Repository/WebOffice_Home_page/a_Settings' is hovered

2020-04-17 11:18:55 - [MESSAGE][PASSED] - Object: 'Object Repository/WebOffice_Home_page/a_Settings' is hovered

2020-04-17 11:18:55 - [TEST_STEP][PASSED] - mouseOver(findTestObject("Object Repository/WebOffice_Home_page/a_wwwcheckatradecom")): Object: 'Object Repository/WebOffice_Home_page/a_wwwcheckatradecom' is hovered

2020-04-17 11:18:55 - [MESSAGE][PASSED] - Object: 'Object Repository/WebOffice_Home_page/a_wwwcheckatradecom' is hovered

2020-04-17 11:18:55 - [TEST_STEP][PASSED] - waitForElementClickable(findTestObject("Object Repository/WebOffice_Home_page/Page_/a_Trade App Settings"), 1): Object 'Object Repository/WebOffice_Home_page/Page_/a_Trade App Settings' is clickable

2020-04-17 11:18:56 - [MESSAGE][PASSED] - Object 'Object Repository/WebOffice_Home_page/Page_/a_Trade App Settings' is clickable

2020-04-17 11:18:56 - [TEST_STEP][PASSED] - click(findTestObject("Object Repository/WebOffice_Home_page/Page_/a_Trade App Settings")): Object: 'Object Repository/WebOffice_Home_page/Page_/a_Trade App Settings' is clicked on

2020-04-17 11:18:56 - [MESSAGE][PASSED] - Object: 'Object Repository/WebOffice_Home_page/Page_/a_Trade App Settings' is clicked on

2020-04-17 11:18:56 - [MESSAGE][PASSED] - Call Test Case 'Test Cases/Reusable_Test_Sequences/Web_Office/Navigation/Sub_Menu_Navigation/Settings/Checkatrade_Com/Trade_App_Settings' successfully

2020-04-17 11:18:56 - [TEST_STEP][PASSED] - "--------------------------------------": null

2020-04-17 11:18:56 - [TEST_STEP][PASSED] - " Verify Returned Page Detail          |": null

2020-04-17 11:18:56 - [TEST_STEP][PASSED] - callTestCase(findTestCase("Reusable_Test_Sequences/Web_Office/Verification/Settings/Checkatrade_Com/Trade_App_Settings"), [:], OPTIONAL): Unable to call Test Case 'Test Cases/Reusable_Test_Sequences/Web_Office/Verification/Settings/Checkatrade_Com/Trade_App_Settings' (Root cause: com.kms.katalon.core.exception.StepFailedException: Call Test Case 'Test Cases/Reusable_Test_Sequences/Web_Office/Verification/Settings/Checkatrade_Com/Trade_App_Settings' failed
	at com.kms.katalon.core.keyword.builtin.CallTestCaseKeyword$_callTestCase_closure1.doCall(CallTestCaseKeyword.groovy:63)
	at com.kms.katalon.core.keyword.builtin.CallTestCaseKeyword$_callTestCase_closure1.call(CallTestCaseKeyword.groovy)
	at com.kms.katalon.core.keyword.internal.KeywordMain.runKeyword(KeywordMain.groovy:68)
	at com.kms.katalon.core.keyword.builtin.CallTestCaseKeyword.callTestCase(CallTestCaseKeyword.groovy:81)
	at com.kms.katalon.core.keyword.builtin.CallTestCaseKeyword.execute(CallTestCaseKeyword.groovy:44)
	at com.kms.katalon.core.keyword.internal.KeywordExecutor.executeKeywordForPlatform(KeywordExecutor.groovy:72)
	at com.kms.katalon.core.keyword.BuiltinKeywords.callTestCase(BuiltinKeywords.groovy:334)
	at Trade_App_Settings.run(Trade_App_Settings:63)
	at com.kms.katalon.core.main.ScriptEngine.run(ScriptEngine.java:194)
	at com.kms.katalon.core.main.ScriptEngine.runScriptAsRawText(ScriptEngine.java:119)
	at com.kms.katalon.core.main.TestCaseExecutor.runScript(TestCaseExecutor.java:337)
	at com.kms.katalon.core.main.TestCaseExecutor.doExecute(TestCaseExecutor.java:328)
	at com.kms.katalon.core.main.TestCaseExecutor.processExecutionPhase(TestCaseExecutor.java:307)
	at com.kms.katalon.core.main.TestCaseExecutor.accessMainPhase(TestCaseExecutor.java:299)
	at com.kms.katalon.core.main.TestCaseExecutor.execute(TestCaseExecutor.java:233)
	at com.kms.katalon.core.main.TestSuiteExecutor.accessTestCaseMainPhase(TestSuiteExecutor.java:169)
	at com.kms.katalon.core.main.TestSuiteExecutor.accessTestSuiteMainPhase(TestSuiteExecutor.java:142)
	at com.kms.katalon.core.main.TestSuiteExecutor.execute(TestSuiteExecutor.java:91)
	at com.kms.katalon.core.main.TestCaseMain.startTestSuite(TestCaseMain.java:157)
	at com.kms.katalon.core.main.TestCaseMain$startTestSuite$0.call(Unknown Source)
	at TempTestSuite1587117080934.run(TempTestSuite1587117080934.groovy:36)
Caused by: com.kms.katalon.core.exception.StepFailedException: Text 'Start date range' is not present on page  (Root cause: com.kms.katalon.core.exception.StepFailedException: Text 'Start date range' is not present on page 
	at com.kms.katalon.core.webui.keyword.internal.WebUIKeywordMain.stepFailed(WebUIKeywordMain.groovy:64)
	at com.kms.katalon.core.webui.keyword.builtin.VerifyTextPresentKeyword$_verifyTextPresent_closure1.doCall(VerifyTextPresentKeyword.groovy:79)
	at com.kms.katalon.core.webui.keyword.builtin.VerifyTextPresentKeyword$_verifyTextPresent_closure1.call(VerifyTextPresentKeyword.groovy)
	at com.kms.katalon.core.webui.keyword.internal.WebUIKeywordMain.runKeyword(WebUIKeywordMain.groovy:20)
	at com.kms.katalon.core.webui.keyword.builtin.VerifyTextPresentKeyword.verifyTextPresent(VerifyTextPresentKeyword.groovy:83)
	at com.kms.katalon.core.webui.keyword.builtin.VerifyTextPresentKeyword.execute(VerifyTextPresentKeyword.groovy:68)
	at com.kms.katalon.core.keyword.internal.KeywordExecutor.executeKeywordForPlatform(KeywordExecutor.groovy:72)
	at com.kms.katalon.core.webui.keyword.WebUiBuiltInKeywords.verifyTextPresent(WebUiBuiltInKeywords.groovy:1719)
	at com.kms.katalon.core.webui.keyword.WebUiBuiltInKeywords$verifyTextPresent$2.call(Unknown Source)
	at Trade_App_Settings.run(Trade_App_Settings:64)
	at com.kms.katalon.core.main.ScriptEngine.run(ScriptEngine.java:194)
	at com.kms.katalon.core.main.ScriptEngine.runScriptAsRawText(ScriptEngine.java:119)
	at com.kms.katalon.core.main.TestCaseExecutor.runScript(TestCaseExecutor.java:337)
	at com.kms.katalon.core.main.TestCaseExecutor.doExecute(TestCaseExecutor.java:328)
	at com.kms.katalon.core.main.TestCaseExecutor.processExecutionPhase(TestCaseExecutor.java:307)
	at com.kms.katalon.core.main.TestCaseExecutor.accessMainPhase(TestCaseExecutor.java:299)
	at com.kms.katalon.core.main.TestCaseExecutor.execute(TestCaseExecutor.java:233)
	at com.kms.katalon.core.main.TestCaseMain.runTestCase(TestCaseMain.java:114)
	at com.kms.katalon.core.keyword.builtin.CallTestCaseKeyword$_callTestCase_closure1.doCall(CallTestCaseKeyword.groovy:59)
	at com.kms.katalon.core.keyword.builtin.CallTestCaseKeyword$_callTestCase_closure1.call(CallTestCaseKeyword.groovy)
	at com.kms.katalon.core.keyword.internal.KeywordMain.runKeyword(KeywordMain.groovy:68)
	at com.kms.katalon.core.keyword.builtin.CallTestCaseKeyword.callTestCase(CallTestCaseKeyword.groovy:81)
	at com.kms.katalon.core.keyword.builtin.CallTestCaseKeyword.execute(CallTestCaseKeyword.groovy:44)
	at com.kms.katalon.core.keyword.internal.KeywordExecutor.executeKeywordForPlatform(KeywordExecutor.groovy:72)
	at com.kms.katalon.core.keyword.BuiltinKeywords.callTestCase(BuiltinKeywords.groovy:334)
	at Trade_App_Settings.run(Trade_App_Settings:63)
	at com.kms.katalon.core.main.ScriptEngine.run(ScriptEngine.java:194)
	at com.kms.katalon.core.main.ScriptEngine.runScriptAsRawText(ScriptEngine.java:119)
	at com.kms.katalon.core.main.TestCaseExecutor.runScript(TestCaseExecutor.java:337)
	at com.kms.katalon.core.main.TestCaseExecutor.doExecute(TestCaseExecutor.java:328)
	at com.kms.katalon.core.main.TestCaseExecutor.processExecutionPhase(TestCaseExecutor.java:307)
	at com.kms.katalon.core.main.TestCaseExecutor.accessMainPhase(TestCaseExecutor.java:299)
	at com.kms.katalon.core.main.TestCaseExecutor.execute(TestCaseExecutor.java:233)
	at com.kms.katalon.core.main.TestSuiteExecutor.accessTestCaseMainPhase(TestSuiteExecutor.java:169)
	at com.kms.katalon.core.main.TestSuiteExecutor.accessTestSuiteMainPhase(TestSuiteExecutor.java:142)
	at com.kms.katalon.core.main.TestSuiteExecutor.execute(TestSuiteExecutor.java:91)
	at com.kms.katalon.core.main.TestCaseMain.startTestSuite(TestCaseMain.java:157)
	at com.kms.katalon.core.main.TestCaseMain$startTestSuite$0.call(Unknown Source)
	at TempTestSuite1587117080934.run(TempTestSuite1587117080934.groovy:36)
)
	at com.kms.katalon.core.keyword.internal.KeywordMain.stepFailed(KeywordMain.groovy:39)
	at com.kms.katalon.core.webui.keyword.internal.WebUIKeywordMain.stepFailed(WebUIKeywordMain.groovy:64)
	at com.kms.katalon.core.webui.keyword.builtin.VerifyTextPresentKeyword$_verifyTextPresent_closure1.doCall(VerifyTextPresentKeyword.groovy:79)
	at com.kms.katalon.core.webui.keyword.builtin.VerifyTextPresentKeyword$_verifyTextPresent_closure1.call(VerifyTextPresentKeyword.groovy)
	at com.kms.katalon.core.webui.keyword.internal.WebUIKeywordMain.runKeyword(WebUIKeywordMain.groovy:20)
	at com.kms.katalon.core.webui.keyword.builtin.VerifyTextPresentKeyword.verifyTextPresent(VerifyTextPresentKeyword.groovy:83)
	at com.kms.katalon.core.webui.keyword.builtin.VerifyTextPresentKeyword.execute(VerifyTextPresentKeyword.groovy:68)
	at com.kms.katalon.core.keyword.internal.KeywordExecutor.executeKeywordForPlatform(KeywordExecutor.groovy:72)
	at com.kms.katalon.core.webui.keyword.WebUiBuiltInKeywords.verifyTextPresent(WebUiBuiltInKeywords.groovy:1719)
	at com.kms.katalon.core.webui.keyword.WebUiBuiltInKeywords$verifyTextPresent$2.call(Unknown Source)
	at Trade_App_Settings.run(Trade_App_Settings:64)
	at com.kms.katalon.core.main.ScriptEngine.run(ScriptEngine.java:194)
	at com.kms.katalon.core.main.ScriptEngine.runScriptAsRawText(ScriptEngine.java:119)
	at com.kms.katalon.core.main.TestCaseExecutor.runScript(TestCaseExecutor.java:337)
	at com.kms.katalon.core.main.TestCaseExecutor.doExecute(TestCaseExecutor.java:328)
	at com.kms.katalon.core.main.TestCaseExecutor.processExecutionPhase(TestCaseExecutor.java:307)
	at com.kms.katalon.core.main.TestCaseExecutor.accessMainPhase(TestCaseExecutor.java:299)
	at com.kms.katalon.core.main.TestCaseExecutor.execute(TestCaseExecutor.java:233)
	at com.kms.katalon.core.main.TestCaseMain.runTestCase(TestCaseMain.java:114)
	at com.kms.katalon.core.keyword.builtin.CallTestCaseKeyword$_callTestCase_closure1.doCall(CallTestCaseKeyword.groovy:59)
	... 20 more
Caused by: com.kms.katalon.core.exception.StepFailedException: Text 'Start date range' is not present on page 
	... 39 more
)

2020-04-17 11:18:56 - [TEST_CASE][FAILED] - Test Cases/Reusable_Test_Sequences/Web_Office/Verification/Settings/Checkatrade_Com/Trade_App_Settings: Test Cases/Reusable_Test_Sequences/Web_Office/Verification/Settings/Checkatrade_Com/Trade_App_Settings FAILED.
Reason:
com.kms.katalon.core.exception.StepFailedException: Text 'Start date range' is not present on page  (Root cause: com.kms.katalon.core.exception.StepFailedException: Text 'Start date range' is not present on page 
	at com.kms.katalon.core.webui.keyword.internal.WebUIKeywordMain.stepFailed(WebUIKeywordMain.groovy:64)
	at com.kms.katalon.core.webui.keyword.builtin.VerifyTextPresentKeyword$_verifyTextPresent_closure1.doCall(VerifyTextPresentKeyword.groovy:79)
	at com.kms.katalon.core.webui.keyword.builtin.VerifyTextPresentKeyword$_verifyTextPresent_closure1.call(VerifyTextPresentKeyword.groovy)
	at com.kms.katalon.core.webui.keyword.internal.WebUIKeywordMain.runKeyword(WebUIKeywordMain.groovy:20)
	at com.kms.katalon.core.webui.keyword.builtin.VerifyTextPresentKeyword.verifyTextPresent(VerifyTextPresentKeyword.groovy:83)
	at com.kms.katalon.core.webui.keyword.builtin.VerifyTextPresentKeyword.execute(VerifyTextPresentKeyword.groovy:68)
	at com.kms.katalon.core.keyword.internal.KeywordExecutor.executeKeywordForPlatform(KeywordExecutor.groovy:72)
	at com.kms.katalon.core.webui.keyword.WebUiBuiltInKeywords.verifyTextPresent(WebUiBuiltInKeywords.groovy:1719)
	at com.kms.katalon.core.webui.keyword.WebUiBuiltInKeywords$verifyTextPresent$2.call(Unknown Source)
	at Trade_App_Settings.run(Trade_App_Settings:64)
	at com.kms.katalon.core.main.ScriptEngine.run(ScriptEngine.java:194)
	at com.kms.katalon.core.main.ScriptEngine.runScriptAsRawText(ScriptEngine.java:119)
	at com.kms.katalon.core.main.TestCaseExecutor.runScript(TestCaseExecutor.java:337)
	at com.kms.katalon.core.main.TestCaseExecutor.doExecute(TestCaseExecutor.java:328)
	at com.kms.katalon.core.main.TestCaseExecutor.processExecutionPhase(TestCaseExecutor.java:307)
	at com.kms.katalon.core.main.TestCaseExecutor.accessMainPhase(TestCaseExecutor.java:299)
	at com.kms.katalon.core.main.TestCaseExecutor.execute(TestCaseExecutor.java:233)
	at com.kms.katalon.core.main.TestCaseMain.runTestCase(TestCaseMain.java:114)
	at com.kms.katalon.core.keyword.builtin.CallTestCaseKeyword$_callTestCase_closure1.doCall(CallTestCaseKeyword.groovy:59)
	at com.kms.katalon.core.keyword.builtin.CallTestCaseKeyword$_callTestCase_closure1.call(CallTestCaseKeyword.groovy)
	at com.kms.katalon.core.keyword.internal.KeywordMain.runKeyword(KeywordMain.groovy:68)
	at com.kms.katalon.core.keyword.builtin.CallTestCaseKeyword.callTestCase(CallTestCaseKeyword.groovy:81)
	at com.kms.katalon.core.keyword.builtin.CallTestCaseKeyword.execute(CallTestCaseKeyword.groovy:44)
	at com.kms.katalon.core.keyword.internal.KeywordExecutor.executeKeywordForPlatform(KeywordExecutor.groovy:72)
	at com.kms.katalon.core.keyword.BuiltinKeywords.callTestCase(BuiltinKeywords.groovy:334)
	at Trade_App_Settings.run(Trade_App_Settings:63)
	at com.kms.katalon.core.main.ScriptEngine.run(ScriptEngine.java:194)
	at com.kms.katalon.core.main.ScriptEngine.runScriptAsRawText(ScriptEngine.java:119)
	at com.kms.katalon.core.main.TestCaseExecutor.runScript(TestCaseExecutor.java:337)
	at com.kms.katalon.core.main.TestCaseExecutor.doExecute(TestCaseExecutor.java:328)
	at com.kms.katalon.core.main.TestCaseExecutor.processExecutionPhase(TestCaseExecutor.java:307)
	at com.kms.katalon.core.main.TestCaseExecutor.accessMainPhase(TestCaseExecutor.java:299)
	at com.kms.katalon.core.main.TestCaseExecutor.execute(TestCaseExecutor.java:233)
	at com.kms.katalon.core.main.TestSuiteExecutor.accessTestCaseMainPhase(TestSuiteExecutor.java:169)
	at com.kms.katalon.core.main.TestSuiteExecutor.accessTestSuiteMainPhase(TestSuiteExecutor.java:142)
	at com.kms.katalon.core.main.TestSuiteExecutor.execute(TestSuiteExecutor.java:91)
	at com.kms.katalon.core.main.TestCaseMain.startTestSuite(TestCaseMain.java:157)
	at com.kms.katalon.core.main.TestCaseMain$startTestSuite$0.call(Unknown Source)
	at TempTestSuite1587117080934.run(TempTestSuite1587117080934.groovy:36)
)
	at com.kms.katalon.core.keyword.internal.KeywordMain.stepFailed(KeywordMain.groovy:39)
	at com.kms.katalon.core.webui.keyword.internal.WebUIKeywordMain.stepFailed(WebUIKeywordMain.groovy:64)
	at com.kms.katalon.core.webui.keyword.builtin.VerifyTextPresentKeyword$_verifyTextPresent_closure1.doCall(VerifyTextPresentKeyword.groovy:79)
	at com.kms.katalon.core.webui.keyword.builtin.VerifyTextPresentKeyword$_verifyTextPresent_closure1.call(VerifyTextPresentKeyword.groovy)
	at com.kms.katalon.core.webui.keyword.internal.WebUIKeywordMain.runKeyword(WebUIKeywordMain.groovy:20)
	at com.kms.katalon.core.webui.keyword.builtin.VerifyTextPresentKeyword.verifyTextPresent(VerifyTextPresentKeyword.groovy:83)
	at com.kms.katalon.core.webui.keyword.builtin.VerifyTextPresentKeyword.execute(VerifyTextPresentKeyword.groovy:68)
	at com.kms.katalon.core.keyword.internal.KeywordExecutor.executeKeywordForPlatform(KeywordExecutor.groovy:72)
	at com.kms.katalon.core.webui.keyword.WebUiBuiltInKeywords.verifyTextPresent(WebUiBuiltInKeywords.groovy:1719)
	at com.kms.katalon.core.webui.keyword.WebUiBuiltInKeywords$verifyTextPresent$2.call(Unknown Source)
	at Trade_App_Settings.run(Trade_App_Settings:64)
	at com.kms.katalon.core.main.ScriptEngine.run(ScriptEngine.java:194)
	at com.kms.katalon.core.main.ScriptEngine.runScriptAsRawText(ScriptEngine.java:119)
	at com.kms.katalon.core.main.TestCaseExecutor.runScript(TestCaseExecutor.java:337)
	at com.kms.katalon.core.main.TestCaseExecutor.doExecute(TestCaseExecutor.java:328)
	at com.kms.katalon.core.main.TestCaseExecutor.processExecutionPhase(TestCaseExecutor.java:307)
	at com.kms.katalon.core.main.TestCaseExecutor.accessMainPhase(TestCaseExecutor.java:299)
	at com.kms.katalon.core.main.TestCaseExecutor.execute(TestCaseExecutor.java:233)
	at com.kms.katalon.core.main.TestCaseMain.runTestCase(TestCaseMain.java:114)
	at com.kms.katalon.core.keyword.builtin.CallTestCaseKeyword$_callTestCase_closure1.doCall(CallTestCaseKeyword.groovy:59)
	at com.kms.katalon.core.keyword.builtin.CallTestCaseKeyword$_callTestCase_closure1.call(CallTestCaseKeyword.groovy)
	at com.kms.katalon.core.keyword.internal.KeywordMain.runKeyword(KeywordMain.groovy:68)
	at com.kms.katalon.core.keyword.builtin.CallTestCaseKeyword.callTestCase(CallTestCaseKeyword.groovy:81)
	at com.kms.katalon.core.keyword.builtin.CallTestCaseKeyword.execute(CallTestCaseKeyword.groovy:44)
	at com.kms.katalon.core.keyword.internal.KeywordExecutor.executeKeywordForPlatform(KeywordExecutor.groovy:72)
	at com.kms.katalon.core.keyword.BuiltinKeywords.callTestCase(BuiltinKeywords.groovy:334)
	at Trade_App_Settings.run(Trade_App_Settings:63)
	at com.kms.katalon.core.main.ScriptEngine.run(ScriptEngine.java:194)
	at com.kms.katalon.core.main.ScriptEngine.runScriptAsRawText(ScriptEngine.java:119)
	at com.kms.katalon.core.main.TestCaseExecutor.runScript(TestCaseExecutor.java:337)
	at com.kms.katalon.core.main.TestCaseExecutor.doExecute(TestCaseExecutor.java:328)
	at com.kms.katalon.core.main.TestCaseExecutor.processExecutionPhase(TestCaseExecutor.java:307)
	at com.kms.katalon.core.main.TestCaseExecutor.accessMainPhase(TestCaseExecutor.java:299)
	at com.kms.katalon.core.main.TestCaseExecutor.execute(TestCaseExecutor.java:233)
	at com.kms.katalon.core.main.TestSuiteExecutor.accessTestCaseMainPhase(TestSuiteExecutor.java:169)
	at com.kms.katalon.core.main.TestSuiteExecutor.accessTestSuiteMainPhase(TestSuiteExecutor.java:142)
	at com.kms.katalon.core.main.TestSuiteExecutor.execute(TestSuiteExecutor.java:91)
	at com.kms.katalon.core.main.TestCaseMain.startTestSuite(TestCaseMain.java:157)
	at com.kms.katalon.core.main.TestCaseMain$startTestSuite$0.call(Unknown Source)
	at TempTestSuite1587117080934.run(TempTestSuite1587117080934.groovy:36)
Caused by: com.kms.katalon.core.exception.StepFailedException: Text 'Start date range' is not present on page 
	... 39 more


2020-04-17 11:18:56 - [TEST_STEP][PASSED] - waitForPageLoad(60): Wait for page load successfully

2020-04-17 11:18:56 - [MESSAGE][PASSED] - Wait for page load successfully

2020-04-17 11:18:56 - [TEST_STEP][PASSED] - delay(1): Delayed 1 second(s)

2020-04-17 11:18:57 - [MESSAGE][PASSED] - Delayed 1 second(s)

2020-04-17 11:18:57 - [TEST_STEP][PASSED] - verifyTextPresent("System Settings", false): Text 'System Settings' is present on page 

2020-04-17 11:18:58 - [MESSAGE][PASSED] - Text 'System Settings' is present on page 

2020-04-17 11:18:58 - [TEST_STEP][PASSED] - "----------------------------------------------": null

2020-04-17 11:18:58 - [TEST_STEP][PASSED] - verifyTextPresent("Status", false): Text 'Status' is present on page 

2020-04-17 11:18:58 - [MESSAGE][PASSED] - Text 'Status' is present on page 

2020-04-17 11:18:58 - [TEST_STEP][PASSED] - verifyTextPresent("JSON Settings", false): Text 'JSON Settings' is present on page 

2020-04-17 11:18:59 - [MESSAGE][PASSED] - Text 'JSON Settings' is present on page 

2020-04-17 11:18:59 - [TEST_STEP][PASSED] - verifyTextPresent("Stopped", false): Text 'Stopped' is present on page 

2020-04-17 11:18:59 - [MESSAGE][PASSED] - Text 'Stopped' is present on page 

2020-04-17 11:18:59 - [TEST_STEP][FAILED] - verifyTextPresent("Start date range", false): Text 'Start date range' is not present on page  (Root cause: com.kms.katalon.core.exception.StepFailedException: Text 'Start date range' is not present on page 
	at com.kms.katalon.core.webui.keyword.internal.WebUIKeywordMain.stepFailed(WebUIKeywordMain.groovy:64)
	at com.kms.katalon.core.webui.keyword.builtin.VerifyTextPresentKeyword$_verifyTextPresent_closure1.doCall(VerifyTextPresentKeyword.groovy:79)
	at com.kms.katalon.core.webui.keyword.builtin.VerifyTextPresentKeyword$_verifyTextPresent_closure1.call(VerifyTextPresentKeyword.groovy)
	at com.kms.katalon.core.webui.keyword.internal.WebUIKeywordMain.runKeyword(WebUIKeywordMain.groovy:20)
	at com.kms.katalon.core.webui.keyword.builtin.VerifyTextPresentKeyword.verifyTextPresent(VerifyTextPresentKeyword.groovy:83)
	at com.kms.katalon.core.webui.keyword.builtin.VerifyTextPresentKeyword.execute(VerifyTextPresentKeyword.groovy:68)
	at com.kms.katalon.core.keyword.internal.KeywordExecutor.executeKeywordForPlatform(KeywordExecutor.groovy:72)
	at com.kms.katalon.core.webui.keyword.WebUiBuiltInKeywords.verifyTextPresent(WebUiBuiltInKeywords.groovy:1719)
	at com.kms.katalon.core.webui.keyword.WebUiBuiltInKeywords$verifyTextPresent$2.call(Unknown Source)
	at Trade_App_Settings.run(Trade_App_Settings:64)
	at com.kms.katalon.core.main.ScriptEngine.run(ScriptEngine.java:194)
	at com.kms.katalon.core.main.ScriptEngine.runScriptAsRawText(ScriptEngine.java:119)
	at com.kms.katalon.core.main.TestCaseExecutor.runScript(TestCaseExecutor.java:337)
	at com.kms.katalon.core.main.TestCaseExecutor.doExecute(TestCaseExecutor.java:328)
	at com.kms.katalon.core.main.TestCaseExecutor.processExecutionPhase(TestCaseExecutor.java:307)
	at com.kms.katalon.core.main.TestCaseExecutor.accessMainPhase(TestCaseExecutor.java:299)
	at com.kms.katalon.core.main.TestCaseExecutor.execute(TestCaseExecutor.java:233)
	at com.kms.katalon.core.main.TestCaseMain.runTestCase(TestCaseMain.java:114)
	at com.kms.katalon.core.keyword.builtin.CallTestCaseKeyword$_callTestCase_closure1.doCall(CallTestCaseKeyword.groovy:59)
	at com.kms.katalon.core.keyword.builtin.CallTestCaseKeyword$_callTestCase_closure1.call(CallTestCaseKeyword.groovy)
	at com.kms.katalon.core.keyword.internal.KeywordMain.runKeyword(KeywordMain.groovy:68)
	at com.kms.katalon.core.keyword.builtin.CallTestCaseKeyword.callTestCase(CallTestCaseKeyword.groovy:81)
	at com.kms.katalon.core.keyword.builtin.CallTestCaseKeyword.execute(CallTestCaseKeyword.groovy:44)
	at com.kms.katalon.core.keyword.internal.KeywordExecutor.executeKeywordForPlatform(KeywordExecutor.groovy:72)
	at com.kms.katalon.core.keyword.BuiltinKeywords.callTestCase(BuiltinKeywords.groovy:334)
	at Trade_App_Settings.run(Trade_App_Settings:63)
	at com.kms.katalon.core.main.ScriptEngine.run(ScriptEngine.java:194)
	at com.kms.katalon.core.main.ScriptEngine.runScriptAsRawText(ScriptEngine.java:119)
	at com.kms.katalon.core.main.TestCaseExecutor.runScript(TestCaseExecutor.java:337)
	at com.kms.katalon.core.main.TestCaseExecutor.doExecute(TestCaseExecutor.java:328)
	at com.kms.katalon.core.main.TestCaseExecutor.processExecutionPhase(TestCaseExecutor.java:307)
	at com.kms.katalon.core.main.TestCaseExecutor.accessMainPhase(TestCaseExecutor.java:299)
	at com.kms.katalon.core.main.TestCaseExecutor.execute(TestCaseExecutor.java:233)
	at com.kms.katalon.core.main.TestSuiteExecutor.accessTestCaseMainPhase(TestSuiteExecutor.java:169)
	at com.kms.katalon.core.main.TestSuiteExecutor.accessTestSuiteMainPhase(TestSuiteExecutor.java:142)
	at com.kms.katalon.core.main.TestSuiteExecutor.execute(TestSuiteExecutor.java:91)
	at com.kms.katalon.core.main.TestCaseMain.startTestSuite(TestCaseMain.java:157)
	at com.kms.katalon.core.main.TestCaseMain$startTestSuite$0.call(Unknown Source)
	at TempTestSuite1587117080934.run(TempTestSuite1587117080934.groovy:36)
)

2020-04-17 11:18:59 - [MESSAGE][FAILED] - Text 'Start date range' is not present on page  (Root cause: com.kms.katalon.core.exception.StepFailedException: Text 'Start date range' is not present on page 
	at com.kms.katalon.core.webui.keyword.internal.WebUIKeywordMain.stepFailed(WebUIKeywordMain.groovy:64)
	at com.kms.katalon.core.webui.keyword.builtin.VerifyTextPresentKeyword$_verifyTextPresent_closure1.doCall(VerifyTextPresentKeyword.groovy:79)
	at com.kms.katalon.core.webui.keyword.builtin.VerifyTextPresentKeyword$_verifyTextPresent_closure1.call(VerifyTextPresentKeyword.groovy)
	at com.kms.katalon.core.webui.keyword.internal.WebUIKeywordMain.runKeyword(WebUIKeywordMain.groovy:20)
	at com.kms.katalon.core.webui.keyword.builtin.VerifyTextPresentKeyword.verifyTextPresent(VerifyTextPresentKeyword.groovy:83)
	at com.kms.katalon.core.webui.keyword.builtin.VerifyTextPresentKeyword.execute(VerifyTextPresentKeyword.groovy:68)
	at com.kms.katalon.core.keyword.internal.KeywordExecutor.executeKeywordForPlatform(KeywordExecutor.groovy:72)
	at com.kms.katalon.core.webui.keyword.WebUiBuiltInKeywords.verifyTextPresent(WebUiBuiltInKeywords.groovy:1719)
	at com.kms.katalon.core.webui.keyword.WebUiBuiltInKeywords$verifyTextPresent$2.call(Unknown Source)
	at Trade_App_Settings.run(Trade_App_Settings:64)
	at com.kms.katalon.core.main.ScriptEngine.run(ScriptEngine.java:194)
	at com.kms.katalon.core.main.ScriptEngine.runScriptAsRawText(ScriptEngine.java:119)
	at com.kms.katalon.core.main.TestCaseExecutor.runScript(TestCaseExecutor.java:337)
	at com.kms.katalon.core.main.TestCaseExecutor.doExecute(TestCaseExecutor.java:328)
	at com.kms.katalon.core.main.TestCaseExecutor.processExecutionPhase(TestCaseExecutor.java:307)
	at com.kms.katalon.core.main.TestCaseExecutor.accessMainPhase(TestCaseExecutor.java:299)
	at com.kms.katalon.core.main.TestCaseExecutor.execute(TestCaseExecutor.java:233)
	at com.kms.katalon.core.main.TestCaseMain.runTestCase(TestCaseMain.java:114)
	at com.kms.katalon.core.keyword.builtin.CallTestCaseKeyword$_callTestCase_closure1.doCall(CallTestCaseKeyword.groovy:59)
	at com.kms.katalon.core.keyword.builtin.CallTestCaseKeyword$_callTestCase_closure1.call(CallTestCaseKeyword.groovy)
	at com.kms.katalon.core.keyword.internal.KeywordMain.runKeyword(KeywordMain.groovy:68)
	at com.kms.katalon.core.keyword.builtin.CallTestCaseKeyword.callTestCase(CallTestCaseKeyword.groovy:81)
	at com.kms.katalon.core.keyword.builtin.CallTestCaseKeyword.execute(CallTestCaseKeyword.groovy:44)
	at com.kms.katalon.core.keyword.internal.KeywordExecutor.executeKeywordForPlatform(KeywordExecutor.groovy:72)
	at com.kms.katalon.core.keyword.BuiltinKeywords.callTestCase(BuiltinKeywords.groovy:334)
	at Trade_App_Settings.run(Trade_App_Settings:63)
	at com.kms.katalon.core.main.ScriptEngine.run(ScriptEngine.java:194)
	at com.kms.katalon.core.main.ScriptEngine.runScriptAsRawText(ScriptEngine.java:119)
	at com.kms.katalon.core.main.TestCaseExecutor.runScript(TestCaseExecutor.java:337)
	at com.kms.katalon.core.main.TestCaseExecutor.doExecute(TestCaseExecutor.java:328)
	at com.kms.katalon.core.main.TestCaseExecutor.processExecutionPhase(TestCaseExecutor.java:307)
	at com.kms.katalon.core.main.TestCaseExecutor.accessMainPhase(TestCaseExecutor.java:299)
	at com.kms.katalon.core.main.TestCaseExecutor.execute(TestCaseExecutor.java:233)
	at com.kms.katalon.core.main.TestSuiteExecutor.accessTestCaseMainPhase(TestSuiteExecutor.java:169)
	at com.kms.katalon.core.main.TestSuiteExecutor.accessTestSuiteMainPhase(TestSuiteExecutor.java:142)
	at com.kms.katalon.core.main.TestSuiteExecutor.execute(TestSuiteExecutor.java:91)
	at com.kms.katalon.core.main.TestCaseMain.startTestSuite(TestCaseMain.java:157)
	at com.kms.katalon.core.main.TestCaseMain$startTestSuite$0.call(Unknown Source)
	at TempTestSuite1587117080934.run(TempTestSuite1587117080934.groovy:36)
)

2020-04-17 11:19:00 - [TEST_STEP][PASSED] - verifyTextPresent("Show Community Page", false): Text 'Show Community Page' is present on page 

2020-04-17 11:19:00 - [MESSAGE][PASSED] - Text 'Show Community Page' is present on page 

2020-04-17 11:19:00 - [MESSAGE][WARNING] - Unable to call Test Case 'Test Cases/Reusable_Test_Sequences/Web_Office/Verification/Settings/Checkatrade_Com/Trade_App_Settings' (Root cause: com.kms.katalon.core.exception.StepFailedException: Call Test Case 'Test Cases/Reusable_Test_Sequences/Web_Office/Verification/Settings/Checkatrade_Com/Trade_App_Settings' failed
	at com.kms.katalon.core.keyword.builtin.CallTestCaseKeyword$_callTestCase_closure1.doCall(CallTestCaseKeyword.groovy:63)
	at com.kms.katalon.core.keyword.builtin.CallTestCaseKeyword$_callTestCase_closure1.call(CallTestCaseKeyword.groovy)
	at com.kms.katalon.core.keyword.internal.KeywordMain.runKeyword(KeywordMain.groovy:68)
	at com.kms.katalon.core.keyword.builtin.CallTestCaseKeyword.callTestCase(CallTestCaseKeyword.groovy:81)
	at com.kms.katalon.core.keyword.builtin.CallTestCaseKeyword.execute(CallTestCaseKeyword.groovy:44)
	at com.kms.katalon.core.keyword.internal.KeywordExecutor.executeKeywordForPlatform(KeywordExecutor.groovy:72)
	at com.kms.katalon.core.keyword.BuiltinKeywords.callTestCase(BuiltinKeywords.groovy:334)
	at Trade_App_Settings.run(Trade_App_Settings:63)
	at com.kms.katalon.core.main.ScriptEngine.run(ScriptEngine.java:194)
	at com.kms.katalon.core.main.ScriptEngine.runScriptAsRawText(ScriptEngine.java:119)
	at com.kms.katalon.core.main.TestCaseExecutor.runScript(TestCaseExecutor.java:337)
	at com.kms.katalon.core.main.TestCaseExecutor.doExecute(TestCaseExecutor.java:328)
	at com.kms.katalon.core.main.TestCaseExecutor.processExecutionPhase(TestCaseExecutor.java:307)
	at com.kms.katalon.core.main.TestCaseExecutor.accessMainPhase(TestCaseExecutor.java:299)
	at com.kms.katalon.core.main.TestCaseExecutor.execute(TestCaseExecutor.java:233)
	at com.kms.katalon.core.main.TestSuiteExecutor.accessTestCaseMainPhase(TestSuiteExecutor.java:169)
	at com.kms.katalon.core.main.TestSuiteExecutor.accessTestSuiteMainPhase(TestSuiteExecutor.java:142)
	at com.kms.katalon.core.main.TestSuiteExecutor.execute(TestSuiteExecutor.java:91)
	at com.kms.katalon.core.main.TestCaseMain.startTestSuite(TestCaseMain.java:157)
	at com.kms.katalon.core.main.TestCaseMain$startTestSuite$0.call(Unknown Source)
	at TempTestSuite1587117080934.run(TempTestSuite1587117080934.groovy:36)
Caused by: com.kms.katalon.core.exception.StepFailedException: Text 'Start date range' is not present on page  (Root cause: com.kms.katalon.core.exception.StepFailedException: Text 'Start date range' is not present on page 
	at com.kms.katalon.core.webui.keyword.internal.WebUIKeywordMain.stepFailed(WebUIKeywordMain.groovy:64)
	at com.kms.katalon.core.webui.keyword.builtin.VerifyTextPresentKeyword$_verifyTextPresent_closure1.doCall(VerifyTextPresentKeyword.groovy:79)
	at com.kms.katalon.core.webui.keyword.builtin.VerifyTextPresentKeyword$_verifyTextPresent_closure1.call(VerifyTextPresentKeyword.groovy)
	at com.kms.katalon.core.webui.keyword.internal.WebUIKeywordMain.runKeyword(WebUIKeywordMain.groovy:20)
	at com.kms.katalon.core.webui.keyword.builtin.VerifyTextPresentKeyword.verifyTextPresent(VerifyTextPresentKeyword.groovy:83)
	at com.kms.katalon.core.webui.keyword.builtin.VerifyTextPresentKeyword.execute(VerifyTextPresentKeyword.groovy:68)
	at com.kms.katalon.core.keyword.internal.KeywordExecutor.executeKeywordForPlatform(KeywordExecutor.groovy:72)
	at com.kms.katalon.core.webui.keyword.WebUiBuiltInKeywords.verifyTextPresent(WebUiBuiltInKeywords.groovy:1719)
	at com.kms.katalon.core.webui.keyword.WebUiBuiltInKeywords$verifyTextPresent$2.call(Unknown Source)
	at Trade_App_Settings.run(Trade_App_Settings:64)
	at com.kms.katalon.core.main.ScriptEngine.run(ScriptEngine.java:194)
	at com.kms.katalon.core.main.ScriptEngine.runScriptAsRawText(ScriptEngine.java:119)
	at com.kms.katalon.core.main.TestCaseExecutor.runScript(TestCaseExecutor.java:337)
	at com.kms.katalon.core.main.TestCaseExecutor.doExecute(TestCaseExecutor.java:328)
	at com.kms.katalon.core.main.TestCaseExecutor.processExecutionPhase(TestCaseExecutor.java:307)
	at com.kms.katalon.core.main.TestCaseExecutor.accessMainPhase(TestCaseExecutor.java:299)
	at com.kms.katalon.core.main.TestCaseExecutor.execute(TestCaseExecutor.java:233)
	at com.kms.katalon.core.main.TestCaseMain.runTestCase(TestCaseMain.java:114)
	at com.kms.katalon.core.keyword.builtin.CallTestCaseKeyword$_callTestCase_closure1.doCall(CallTestCaseKeyword.groovy:59)
	at com.kms.katalon.core.keyword.builtin.CallTestCaseKeyword$_callTestCase_closure1.call(CallTestCaseKeyword.groovy)
	at com.kms.katalon.core.keyword.internal.KeywordMain.runKeyword(KeywordMain.groovy:68)
	at com.kms.katalon.core.keyword.builtin.CallTestCaseKeyword.callTestCase(CallTestCaseKeyword.groovy:81)
	at com.kms.katalon.core.keyword.builtin.CallTestCaseKeyword.execute(CallTestCaseKeyword.groovy:44)
	at com.kms.katalon.core.keyword.internal.KeywordExecutor.executeKeywordForPlatform(KeywordExecutor.groovy:72)
	at com.kms.katalon.core.keyword.BuiltinKeywords.callTestCase(BuiltinKeywords.groovy:334)
	at Trade_App_Settings.run(Trade_App_Settings:63)
	at com.kms.katalon.core.main.ScriptEngine.run(ScriptEngine.java:194)
	at com.kms.katalon.core.main.ScriptEngine.runScriptAsRawText(ScriptEngine.java:119)
	at com.kms.katalon.core.main.TestCaseExecutor.runScript(TestCaseExecutor.java:337)
	at com.kms.katalon.core.main.TestCaseExecutor.doExecute(TestCaseExecutor.java:328)
	at com.kms.katalon.core.main.TestCaseExecutor.processExecutionPhase(TestCaseExecutor.java:307)
	at com.kms.katalon.core.main.TestCaseExecutor.accessMainPhase(TestCaseExecutor.java:299)
	at com.kms.katalon.core.main.TestCaseExecutor.execute(TestCaseExecutor.java:233)
	at com.kms.katalon.core.main.TestSuiteExecutor.accessTestCaseMainPhase(TestSuiteExecutor.java:169)
	at com.kms.katalon.core.main.TestSuiteExecutor.accessTestSuiteMainPhase(TestSuiteExecutor.java:142)
	at com.kms.katalon.core.main.TestSuiteExecutor.execute(TestSuiteExecutor.java:91)
	at com.kms.katalon.core.main.TestCaseMain.startTestSuite(TestCaseMain.java:157)
	at com.kms.katalon.core.main.TestCaseMain$startTestSuite$0.call(Unknown Source)
	at TempTestSuite1587117080934.run(TempTestSuite1587117080934.groovy:36)
)
	at com.kms.katalon.core.keyword.internal.KeywordMain.stepFailed(KeywordMain.groovy:39)
	at com.kms.katalon.core.webui.keyword.internal.WebUIKeywordMain.stepFailed(WebUIKeywordMain.groovy:64)
	at com.kms.katalon.core.webui.keyword.builtin.VerifyTextPresentKeyword$_verifyTextPresent_closure1.doCall(VerifyTextPresentKeyword.groovy:79)
	at com.kms.katalon.core.webui.keyword.builtin.VerifyTextPresentKeyword$_verifyTextPresent_closure1.call(VerifyTextPresentKeyword.groovy)
	at com.kms.katalon.core.webui.keyword.internal.WebUIKeywordMain.runKeyword(WebUIKeywordMain.groovy:20)
	at com.kms.katalon.core.webui.keyword.builtin.VerifyTextPresentKeyword.verifyTextPresent(VerifyTextPresentKeyword.groovy:83)
	at com.kms.katalon.core.webui.keyword.builtin.VerifyTextPresentKeyword.execute(VerifyTextPresentKeyword.groovy:68)
	at com.kms.katalon.core.keyword.internal.KeywordExecutor.executeKeywordForPlatform(KeywordExecutor.groovy:72)
	at com.kms.katalon.core.webui.keyword.WebUiBuiltInKeywords.verifyTextPresent(WebUiBuiltInKeywords.groovy:1719)
	at com.kms.katalon.core.webui.keyword.WebUiBuiltInKeywords$verifyTextPresent$2.call(Unknown Source)
	at Trade_App_Settings.run(Trade_App_Settings:64)
	at com.kms.katalon.core.main.ScriptEngine.run(ScriptEngine.java:194)
	at com.kms.katalon.core.main.ScriptEngine.runScriptAsRawText(ScriptEngine.java:119)
	at com.kms.katalon.core.main.TestCaseExecutor.runScript(TestCaseExecutor.java:337)
	at com.kms.katalon.core.main.TestCaseExecutor.doExecute(TestCaseExecutor.java:328)
	at com.kms.katalon.core.main.TestCaseExecutor.processExecutionPhase(TestCaseExecutor.java:307)
	at com.kms.katalon.core.main.TestCaseExecutor.accessMainPhase(TestCaseExecutor.java:299)
	at com.kms.katalon.core.main.TestCaseExecutor.execute(TestCaseExecutor.java:233)
	at com.kms.katalon.core.main.TestCaseMain.runTestCase(TestCaseMain.java:114)
	at com.kms.katalon.core.keyword.builtin.CallTestCaseKeyword$_callTestCase_closure1.doCall(CallTestCaseKeyword.groovy:59)
	... 20 more
Caused by: com.kms.katalon.core.exception.StepFailedException: Text 'Start date range' is not present on page 
	... 39 more
)

2020-04-17 11:19:00 - [TEST_STEP][PASSED] - "--------------------------": null

2020-04-17 11:19:00 - [TEST_STEP][PASSED] - " Teardown - CLose Browser |": null

2020-04-17 11:19:00 - [TEST_STEP][PASSED] - callTestCase(findTestCase("Reusable_Test_Sequences/CAT_Teardown"), [:], OPTIONAL): Call Test Case 'Test Cases/Reusable_Test_Sequences/CAT_Teardown' successfully

2020-04-17 11:19:00 - [TEST_CASE][PASSED] - Test Cases/Reusable_Test_Sequences/CAT_Teardown: Test Cases/Reusable_Test_Sequences/CAT_Teardown

2020-04-17 11:19:00 - [TEST_STEP][PASSED] - closeBrowser(): Browser is closed

2020-04-17 11:19:02 - [MESSAGE][PASSED] - Browser is closed

2020-04-17 11:19:02 - [TEST_STEP][PASSED] - super.finalize(): null

2020-04-17 11:19:02 - [TEST_STEP][PASSED] - System.gc(): null

2020-04-17 11:19:02 - [MESSAGE][PASSED] - Call Test Case 'Test Cases/Reusable_Test_Sequences/CAT_Teardown' successfully]]></system-out>
         <system-err><![CDATA[]]></system-err>
      </testcase>
      <testcase name="Test Cases/Web_Office/Settings/Checkatrade_Com/Company_Heroes" time="25.094" classname="Test Cases/Web_Office/Settings/Checkatrade_Com/Company_Heroes" status="PASSED">
         <system-out><![CDATA[2020-04-17 11:19:02 - [TEST_CASE][PASSED] - Test Cases/Web_Office/Settings/Checkatrade_Com/Company_Heroes: Test Cases/Web_Office/Settings/Checkatrade_Com/Company_Heroes

2020-04-17 11:19:02 - [TEST_STEP][PASSED] - "--------------------------------------": null

2020-04-17 11:19:02 - [TEST_STEP][PASSED] - " Web Office StartUp                  |": null

2020-04-17 11:19:02 - [TEST_STEP][PASSED] - callTestCase(findTestCase("Reusable_Test_Sequences/Web_Office/Directives/WebOffice_StartUp"), [:], STOP_ON_FAILURE): Call Test Case 'Test Cases/Reusable_Test_Sequences/Web_Office/Directives/WebOffice_StartUp' successfully

2020-04-17 11:19:02 - [TEST_CASE][PASSED] - Test Cases/Reusable_Test_Sequences/Web_Office/Directives/WebOffice_StartUp: Test Cases/Reusable_Test_Sequences/Web_Office/Directives/WebOffice_StartUp

2020-04-17 11:19:02 - [TEST_STEP][PASSED] - "-----------------------------------------------------------------------------": null

2020-04-17 11:19:02 - [TEST_STEP][PASSED] - if (URL == "https://www.dev.checkatrade.com/"): null

2020-04-17 11:19:02 - [TEST_STEP][PASSED] - "-----------------------------------------------------------------------------": null

2020-04-17 11:19:02 - [TEST_STEP][PASSED] - if (URL == "https://www.checkatrade.com/"): null

2020-04-17 11:19:02 - [TEST_STEP][PASSED] - "-----------------------------------------------------------------------------": null

2020-04-17 11:19:02 - [TEST_STEP][PASSED] - if (URL == "https://www.preview.checkatrade.com/"): null

2020-04-17 11:19:02 - [TEST_STEP][PASSED] - WebOfficeURL = "https://admin.preview.checkatrade.com/": null

2020-04-17 11:19:02 - [TEST_STEP][PASSED] - if (URL == "https://www.dev2.checkatrade.com/"): null

2020-04-17 11:19:02 - [TEST_STEP][PASSED] - "Set Function Area for "URL_Handler", URL Resolution": null

2020-04-17 11:19:02 - [TEST_STEP][PASSED] - "Do Some Magic with URL(s) See the comments within URL Handler ": null

2020-04-17 11:19:02 - [TEST_STEP][PASSED] - "------------------------------------------------": null

2020-04-17 11:19:02 - [TEST_STEP][PASSED] - "Moved Login Credentials to <Default> profile 22/01/2020": null

2020-04-17 11:19:02 - [TEST_STEP][PASSED] - "------------------------------------------------": null

2020-04-17 11:19:02 - [TEST_STEP][PASSED] - "WebOfficeURL - Set from the ENVIRONMENT PROFILE ": null

2020-04-17 11:19:02 - [TEST_STEP][PASSED] - "OPEN BROWSER": null

2020-04-17 11:19:02 - [TEST_STEP][PASSED] - "eg - https://admin.preview.checkatrade.com/  ": null

2020-04-17 11:19:02 - [TEST_STEP][PASSED] - openBrowser(WebOfficeURL): Browser is opened with url: 'https://admin.preview.checkatrade.com/'

2020-04-17 11:19:02 - [MESSAGE][INFO] - Starting 'Firefox' driver

2020-04-17 11:19:02 - [MESSAGE][INFO] - Action delay is set to 0 milliseconds

2020-04-17 11:19:08 - [MESSAGE][PASSED] - Browser is opened with url: 'https://admin.preview.checkatrade.com/'

2020-04-17 11:19:08 - [TEST_STEP][PASSED] - maximizeWindow(): Current window maximized

2020-04-17 11:19:08 - [MESSAGE][PASSED] - Current window maximized

2020-04-17 11:19:08 - [TEST_STEP][PASSED] - waitForElementClickable(findTestObject("Object Repository/WebOffice/Page_Checkatrade - Administration - Login/Login_Button"), 25): Object 'Object Repository/WebOffice/Page_Checkatrade - Administration - Login/Login_Button' is clickable

2020-04-17 11:19:08 - [MESSAGE][PASSED] - Object 'Object Repository/WebOffice/Page_Checkatrade - Administration - Login/Login_Button' is clickable

2020-04-17 11:19:08 - [TEST_STEP][PASSED] - verifyTextPresent("Checkatrade Web Office", false): Text 'Checkatrade Web Office' is present on page 

2020-04-17 11:19:08 - [MESSAGE][PASSED] - Text 'Checkatrade Web Office' is present on page 

2020-04-17 11:19:08 - [TEST_STEP][PASSED] - verifyTextPresent("Access for staff use only", false): Text 'Access for staff use only' is present on page 

2020-04-17 11:19:08 - [MESSAGE][PASSED] - Text 'Access for staff use only' is present on page 

2020-04-17 11:19:08 - [TEST_STEP][PASSED] - verifyTextPresent("Forgotten password?", false): Text 'Forgotten password?' is present on page 

2020-04-17 11:19:08 - [MESSAGE][PASSED] - Text 'Forgotten password?' is present on page 

2020-04-17 11:19:08 - [TEST_STEP][PASSED] - setText(findTestObject("Object Repository/WebOffice/Page_Checkatrade - Administration - Login/input_Username_LoginControlUserName"), wo_Username): Text 'DavidHo' is set on object 'Object Repository/WebOffice/Page_Checkatrade - Administration - Login/input_Username_LoginControlUserName'

2020-04-17 11:19:08 - [MESSAGE][PASSED] - Text 'DavidHo' is set on object 'Object Repository/WebOffice/Page_Checkatrade - Administration - Login/input_Username_LoginControlUserName'

2020-04-17 11:19:08 - [TEST_STEP][PASSED] - setText(findTestObject("Object Repository/WebOffice/Page_Checkatrade - Administration - Login/input_Password_LoginControlPassword"), wo_Password): Text 'Check123' is set on object 'Object Repository/WebOffice/Page_Checkatrade - Administration - Login/input_Password_LoginControlPassword'

2020-04-17 11:19:09 - [MESSAGE][PASSED] - Text 'Check123' is set on object 'Object Repository/WebOffice/Page_Checkatrade - Administration - Login/input_Password_LoginControlPassword'

2020-04-17 11:19:09 - [TEST_STEP][PASSED] - click(findTestObject("Object Repository/WebOffice/Page_Checkatrade - Administration - Login/Login_Button")): Object: 'Object Repository/WebOffice/Page_Checkatrade - Administration - Login/Login_Button' is clicked on

2020-04-17 11:19:10 - [MESSAGE][PASSED] - Object: 'Object Repository/WebOffice/Page_Checkatrade - Administration - Login/Login_Button' is clicked on

2020-04-17 11:19:10 - [TEST_STEP][PASSED] - waitForPageLoad(60): Wait for page load successfully

2020-04-17 11:19:10 - [MESSAGE][PASSED] - Wait for page load successfully

2020-04-17 11:19:10 - [TEST_STEP][PASSED] - verifyTextPresent("Welcome " + wo_Username, false): Text 'Welcome DavidHo' is present on page 

2020-04-17 11:19:11 - [MESSAGE][PASSED] - Text 'Welcome DavidHo' is present on page 

2020-04-17 11:19:11 - [MESSAGE][PASSED] - Call Test Case 'Test Cases/Reusable_Test_Sequences/Web_Office/Directives/WebOffice_StartUp' successfully

2020-04-17 11:19:11 - [TEST_STEP][PASSED] - "-----------------------------------------------------------------": null

2020-04-17 11:19:11 - [TEST_STEP][PASSED] - " Navigate to <Settings->Checkatrade.Com->Sub Item> Menu Item     |": null

2020-04-17 11:19:11 - [TEST_STEP][PASSED] - callTestCase(findTestCase("Reusable_Test_Sequences/Web_Office/Navigation/Sub_Menu_Navigation/Settings/Checkatrade_Com/Company_Heroes"), [:], STOP_ON_FAILURE): Call Test Case 'Test Cases/Reusable_Test_Sequences/Web_Office/Navigation/Sub_Menu_Navigation/Settings/Checkatrade_Com/Company_Heroes' successfully

2020-04-17 11:19:11 - [TEST_CASE][PASSED] - Test Cases/Reusable_Test_Sequences/Web_Office/Navigation/Sub_Menu_Navigation/Settings/Checkatrade_Com/Company_Heroes: Test Cases/Reusable_Test_Sequences/Web_Office/Navigation/Sub_Menu_Navigation/Settings/Checkatrade_Com/Company_Heroes

2020-04-17 11:19:11 - [TEST_STEP][PASSED] - "--------------------------------------": null

2020-04-17 11:19:11 - [TEST_STEP][PASSED] - " Navigate Top level menu Item         |": null

2020-04-17 11:19:11 - [TEST_STEP][PASSED] - waitForPageLoad(60): Wait for page load successfully

2020-04-17 11:19:11 - [MESSAGE][PASSED] - Wait for page load successfully

2020-04-17 11:19:11 - [TEST_STEP][PASSED] - waitForElementClickable(findTestObject("Object Repository/WebOffice_Home_page/a_Settings"), 60): Object 'Object Repository/WebOffice_Home_page/a_Settings' is clickable

2020-04-17 11:19:11 - [MESSAGE][PASSED] - Object 'Object Repository/WebOffice_Home_page/a_Settings' is clickable

2020-04-17 11:19:11 - [TEST_STEP][PASSED] - mouseOver(findTestObject("Object Repository/WebOffice_Home_page/a_Settings")): Object: 'Object Repository/WebOffice_Home_page/a_Settings' is hovered

2020-04-17 11:19:11 - [MESSAGE][PASSED] - Object: 'Object Repository/WebOffice_Home_page/a_Settings' is hovered

2020-04-17 11:19:11 - [TEST_STEP][PASSED] - mouseOver(findTestObject("Object Repository/WebOffice_Home_page/a_wwwcheckatradecom")): Object: 'Object Repository/WebOffice_Home_page/a_wwwcheckatradecom' is hovered

2020-04-17 11:19:12 - [MESSAGE][PASSED] - Object: 'Object Repository/WebOffice_Home_page/a_wwwcheckatradecom' is hovered

2020-04-17 11:19:12 - [TEST_STEP][PASSED] - waitForElementClickable(findTestObject("Object Repository/WebOffice_Home_page/a_Company Heroes"), 1): Object 'Object Repository/WebOffice_Home_page/a_Company Heroes' is clickable

2020-04-17 11:19:12 - [MESSAGE][PASSED] - Object 'Object Repository/WebOffice_Home_page/a_Company Heroes' is clickable

2020-04-17 11:19:12 - [TEST_STEP][PASSED] - click(findTestObject("Object Repository/WebOffice_Home_page/a_Company Heroes")): Object: 'Object Repository/WebOffice_Home_page/a_Company Heroes' is clicked on

2020-04-17 11:19:13 - [MESSAGE][PASSED] - Object: 'Object Repository/WebOffice_Home_page/a_Company Heroes' is clicked on

2020-04-17 11:19:13 - [MESSAGE][PASSED] - Call Test Case 'Test Cases/Reusable_Test_Sequences/Web_Office/Navigation/Sub_Menu_Navigation/Settings/Checkatrade_Com/Company_Heroes' successfully

2020-04-17 11:19:13 - [TEST_STEP][PASSED] - "--------------------------------------": null

2020-04-17 11:19:13 - [TEST_STEP][PASSED] - " Verify Returned Page Detail          |": null

2020-04-17 11:19:13 - [TEST_STEP][PASSED] - callTestCase(findTestCase("Reusable_Test_Sequences/Web_Office/Verification/Settings/Checkatrade_Com/Company_Heroes"), [:], OPTIONAL): Call Test Case 'Test Cases/Reusable_Test_Sequences/Web_Office/Verification/Settings/Checkatrade_Com/Company_Heroes' successfully

2020-04-17 11:19:13 - [TEST_CASE][PASSED] - Test Cases/Reusable_Test_Sequences/Web_Office/Verification/Settings/Checkatrade_Com/Company_Heroes: Test Cases/Reusable_Test_Sequences/Web_Office/Verification/Settings/Checkatrade_Com/Company_Heroes

2020-04-17 11:19:14 - [TEST_STEP][PASSED] - waitForPageLoad(60): Wait for page load successfully

2020-04-17 11:19:14 - [MESSAGE][PASSED] - Wait for page load successfully

2020-04-17 11:19:14 - [TEST_STEP][PASSED] - delay(1): Delayed 1 second(s)

2020-04-17 11:19:15 - [MESSAGE][PASSED] - Delayed 1 second(s)

2020-04-17 11:19:15 - [TEST_STEP][PASSED] - verifyTextPresent("Company Heroes", false): Text 'Company Heroes' is present on page 

2020-04-17 11:19:16 - [MESSAGE][PASSED] - Text 'Company Heroes' is present on page 

2020-04-17 11:19:16 - [TEST_STEP][PASSED] - "----------------------------------------------": null

2020-04-17 11:19:16 - [TEST_STEP][PASSED] - verifyTextPresent("Add New Company Hero", false): Text 'Add New Company Hero' is present on page 

2020-04-17 11:19:16 - [MESSAGE][PASSED] - Text 'Add New Company Hero' is present on page 

2020-04-17 11:19:16 - [TEST_STEP][PASSED] - verifyTextPresent("Company ID (TTR)", false): Text 'Company ID (TTR)' is present on page 

2020-04-17 11:19:17 - [MESSAGE][PASSED] - Text 'Company ID (TTR)' is present on page 

2020-04-17 11:19:17 - [TEST_STEP][PASSED] - verifyTextPresent("Trader Name", false): Text 'Trader Name' is present on page 

2020-04-17 11:19:17 - [MESSAGE][PASSED] - Text 'Trader Name' is present on page 

2020-04-17 11:19:17 - [TEST_STEP][PASSED] - verifyTextPresent("Hero Image", false): Text 'Hero Image' is present on page 

2020-04-17 11:19:18 - [MESSAGE][PASSED] - Text 'Hero Image' is present on page 

2020-04-17 11:19:18 - [TEST_STEP][PASSED] - verifyTextPresent("Note: Image height must be exactly 373px. PNG format only.", false): Text 'Note: Image height must be exactly 373px. PNG format only.' is present on page 

2020-04-17 11:19:19 - [MESSAGE][PASSED] - Text 'Note: Image height must be exactly 373px. PNG format only.' is present on page 

2020-04-17 11:19:19 - [TEST_STEP][PASSED] - "----------------------------------------------": null

2020-04-17 11:19:19 - [TEST_STEP][PASSED] - "----------------------------------------------": null

2020-04-17 11:19:19 - [TEST_STEP][PASSED] - "----------------------------------------------": null

2020-04-17 11:19:19 - [TEST_STEP][PASSED] - verifyTextPresent("Company Heroes", false): Text 'Company Heroes' is present on page 

2020-04-17 11:19:19 - [MESSAGE][PASSED] - Text 'Company Heroes' is present on page 

2020-04-17 11:19:19 - [TEST_STEP][PASSED] - verifyTextPresent("Edit", false): Text 'Edit' is present on page 

2020-04-17 11:19:20 - [MESSAGE][PASSED] - Text 'Edit' is present on page 

2020-04-17 11:19:20 - [TEST_STEP][PASSED] - verifyTextPresent("TTRId", false): Text 'TTRId' is present on page 

2020-04-17 11:19:21 - [MESSAGE][PASSED] - Text 'TTRId' is present on page 

2020-04-17 11:19:21 - [TEST_STEP][PASSED] - verifyTextPresent("Company", false): Text 'Company' is present on page 

2020-04-17 11:19:22 - [MESSAGE][PASSED] - Text 'Company' is present on page 

2020-04-17 11:19:22 - [TEST_STEP][PASSED] - verifyTextPresent("Trader Name", false): Text 'Trader Name' is present on page 

2020-04-17 11:19:23 - [MESSAGE][PASSED] - Text 'Trader Name' is present on page 

2020-04-17 11:19:23 - [TEST_STEP][PASSED] - verifyTextPresent("Status", false): Text 'Status' is present on page 

2020-04-17 11:19:24 - [MESSAGE][PASSED] - Text 'Status' is present on page 

2020-04-17 11:19:24 - [TEST_STEP][PASSED] - verifyTextPresent("Pick", false): Text 'Pick' is present on page 

2020-04-17 11:19:25 - [MESSAGE][PASSED] - Text 'Pick' is present on page 

2020-04-17 11:19:25 - [MESSAGE][PASSED] - Call Test Case 'Test Cases/Reusable_Test_Sequences/Web_Office/Verification/Settings/Checkatrade_Com/Company_Heroes' successfully

2020-04-17 11:19:25 - [TEST_STEP][PASSED] - "--------------------------": null

2020-04-17 11:19:25 - [TEST_STEP][PASSED] - " Teardown - CLose Browser |": null

2020-04-17 11:19:25 - [TEST_STEP][PASSED] - callTestCase(findTestCase("Reusable_Test_Sequences/CAT_Teardown"), [:], OPTIONAL): Call Test Case 'Test Cases/Reusable_Test_Sequences/CAT_Teardown' successfully

2020-04-17 11:19:25 - [TEST_CASE][PASSED] - Test Cases/Reusable_Test_Sequences/CAT_Teardown: Test Cases/Reusable_Test_Sequences/CAT_Teardown

2020-04-17 11:19:25 - [TEST_STEP][PASSED] - closeBrowser(): Browser is closed

2020-04-17 11:19:27 - [MESSAGE][PASSED] - Browser is closed

2020-04-17 11:19:27 - [TEST_STEP][PASSED] - super.finalize(): null

2020-04-17 11:19:27 - [TEST_STEP][PASSED] - System.gc(): null

2020-04-17 11:19:27 - [MESSAGE][PASSED] - Call Test Case 'Test Cases/Reusable_Test_Sequences/CAT_Teardown' successfully]]></system-out>
         <system-err><![CDATA[]]></system-err>
      </testcase>
      <testcase name="Test Cases/Web_Office/Settings/Checkatrade_Com/Feedback_Searching_Capabilities" time="49.434" classname="Test Cases/Web_Office/Settings/Checkatrade_Com/Feedback_Searching_Capabilities" status="PASSED">
         <system-out><![CDATA[2020-04-17 11:19:27 - [TEST_CASE][PASSED] - Test Cases/Web_Office/Settings/Checkatrade_Com/Feedback_Searching_Capabilities: Test Cases/Web_Office/Settings/Checkatrade_Com/Feedback_Searching_Capabilities

2020-04-17 11:19:27 - [TEST_STEP][PASSED] - "--------------------------------------": null

2020-04-17 11:19:27 - [TEST_STEP][PASSED] - " Web Office StartUp                  |": null

2020-04-17 11:19:27 - [TEST_STEP][PASSED] - callTestCase(findTestCase("Reusable_Test_Sequences/Web_Office/Directives/WebOffice_StartUp"), [:], STOP_ON_FAILURE): Call Test Case 'Test Cases/Reusable_Test_Sequences/Web_Office/Directives/WebOffice_StartUp' successfully

2020-04-17 11:19:27 - [TEST_CASE][PASSED] - Test Cases/Reusable_Test_Sequences/Web_Office/Directives/WebOffice_StartUp: Test Cases/Reusable_Test_Sequences/Web_Office/Directives/WebOffice_StartUp

2020-04-17 11:19:27 - [TEST_STEP][PASSED] - "-----------------------------------------------------------------------------": null

2020-04-17 11:19:27 - [TEST_STEP][PASSED] - if (URL == "https://www.dev.checkatrade.com/"): null

2020-04-17 11:19:27 - [TEST_STEP][PASSED] - "-----------------------------------------------------------------------------": null

2020-04-17 11:19:27 - [TEST_STEP][PASSED] - if (URL == "https://www.checkatrade.com/"): null

2020-04-17 11:19:27 - [TEST_STEP][PASSED] - "-----------------------------------------------------------------------------": null

2020-04-17 11:19:27 - [TEST_STEP][PASSED] - if (URL == "https://www.preview.checkatrade.com/"): null

2020-04-17 11:19:27 - [TEST_STEP][PASSED] - WebOfficeURL = "https://admin.preview.checkatrade.com/": null

2020-04-17 11:19:27 - [TEST_STEP][PASSED] - if (URL == "https://www.dev2.checkatrade.com/"): null

2020-04-17 11:19:27 - [TEST_STEP][PASSED] - "Set Function Area for "URL_Handler", URL Resolution": null

2020-04-17 11:19:27 - [TEST_STEP][PASSED] - "Do Some Magic with URL(s) See the comments within URL Handler ": null

2020-04-17 11:19:27 - [TEST_STEP][PASSED] - "------------------------------------------------": null

2020-04-17 11:19:27 - [TEST_STEP][PASSED] - "Moved Login Credentials to <Default> profile 22/01/2020": null

2020-04-17 11:19:27 - [TEST_STEP][PASSED] - "------------------------------------------------": null

2020-04-17 11:19:27 - [TEST_STEP][PASSED] - "WebOfficeURL - Set from the ENVIRONMENT PROFILE ": null

2020-04-17 11:19:27 - [TEST_STEP][PASSED] - "OPEN BROWSER": null

2020-04-17 11:19:27 - [TEST_STEP][PASSED] - "eg - https://admin.preview.checkatrade.com/  ": null

2020-04-17 11:19:27 - [TEST_STEP][PASSED] - openBrowser(WebOfficeURL): Browser is opened with url: 'https://admin.preview.checkatrade.com/'

2020-04-17 11:19:27 - [MESSAGE][INFO] - Starting 'Firefox' driver

2020-04-17 11:19:27 - [MESSAGE][INFO] - Action delay is set to 0 milliseconds

2020-04-17 11:19:33 - [MESSAGE][PASSED] - Browser is opened with url: 'https://admin.preview.checkatrade.com/'

2020-04-17 11:19:33 - [TEST_STEP][PASSED] - maximizeWindow(): Current window maximized

2020-04-17 11:19:34 - [MESSAGE][PASSED] - Current window maximized

2020-04-17 11:19:34 - [TEST_STEP][PASSED] - waitForElementClickable(findTestObject("Object Repository/WebOffice/Page_Checkatrade - Administration - Login/Login_Button"), 25): Object 'Object Repository/WebOffice/Page_Checkatrade - Administration - Login/Login_Button' is clickable

2020-04-17 11:19:34 - [MESSAGE][PASSED] - Object 'Object Repository/WebOffice/Page_Checkatrade - Administration - Login/Login_Button' is clickable

2020-04-17 11:19:34 - [TEST_STEP][PASSED] - verifyTextPresent("Checkatrade Web Office", false): Text 'Checkatrade Web Office' is present on page 

2020-04-17 11:19:34 - [MESSAGE][PASSED] - Text 'Checkatrade Web Office' is present on page 

2020-04-17 11:19:34 - [TEST_STEP][PASSED] - verifyTextPresent("Access for staff use only", false): Text 'Access for staff use only' is present on page 

2020-04-17 11:19:34 - [MESSAGE][PASSED] - Text 'Access for staff use only' is present on page 

2020-04-17 11:19:34 - [TEST_STEP][PASSED] - verifyTextPresent("Forgotten password?", false): Text 'Forgotten password?' is present on page 

2020-04-17 11:19:34 - [MESSAGE][PASSED] - Text 'Forgotten password?' is present on page 

2020-04-17 11:19:34 - [TEST_STEP][PASSED] - setText(findTestObject("Object Repository/WebOffice/Page_Checkatrade - Administration - Login/input_Username_LoginControlUserName"), wo_Username): Text 'DavidHo' is set on object 'Object Repository/WebOffice/Page_Checkatrade - Administration - Login/input_Username_LoginControlUserName'

2020-04-17 11:19:34 - [MESSAGE][PASSED] - Text 'DavidHo' is set on object 'Object Repository/WebOffice/Page_Checkatrade - Administration - Login/input_Username_LoginControlUserName'

2020-04-17 11:19:34 - [TEST_STEP][PASSED] - setText(findTestObject("Object Repository/WebOffice/Page_Checkatrade - Administration - Login/input_Password_LoginControlPassword"), wo_Password): Text 'Check123' is set on object 'Object Repository/WebOffice/Page_Checkatrade - Administration - Login/input_Password_LoginControlPassword'

2020-04-17 11:19:34 - [MESSAGE][PASSED] - Text 'Check123' is set on object 'Object Repository/WebOffice/Page_Checkatrade - Administration - Login/input_Password_LoginControlPassword'

2020-04-17 11:19:34 - [TEST_STEP][PASSED] - click(findTestObject("Object Repository/WebOffice/Page_Checkatrade - Administration - Login/Login_Button")): Object: 'Object Repository/WebOffice/Page_Checkatrade - Administration - Login/Login_Button' is clicked on

2020-04-17 11:19:35 - [MESSAGE][PASSED] - Object: 'Object Repository/WebOffice/Page_Checkatrade - Administration - Login/Login_Button' is clicked on

2020-04-17 11:19:35 - [TEST_STEP][PASSED] - waitForPageLoad(60): Wait for page load successfully

2020-04-17 11:19:35 - [MESSAGE][PASSED] - Wait for page load successfully

2020-04-17 11:19:35 - [TEST_STEP][PASSED] - verifyTextPresent("Welcome " + wo_Username, false): Text 'Welcome DavidHo' is present on page 

2020-04-17 11:19:36 - [MESSAGE][PASSED] - Text 'Welcome DavidHo' is present on page 

2020-04-17 11:19:36 - [MESSAGE][PASSED] - Call Test Case 'Test Cases/Reusable_Test_Sequences/Web_Office/Directives/WebOffice_StartUp' successfully

2020-04-17 11:19:36 - [TEST_STEP][PASSED] - "-----------------------------------------------------------------": null

2020-04-17 11:19:36 - [TEST_STEP][PASSED] - " Navigate to <Settings->Checkatrade.Com->Sub Item> Menu Item     |": null

2020-04-17 11:19:36 - [TEST_STEP][PASSED] - callTestCase(findTestCase("Reusable_Test_Sequences/Web_Office/Navigation/Sub_Menu_Navigation/Settings/Checkatrade_Com/Feedback_Searching_Capabilities"), [:], STOP_ON_FAILURE): Call Test Case 'Test Cases/Reusable_Test_Sequences/Web_Office/Navigation/Sub_Menu_Navigation/Settings/Checkatrade_Com/Feedback_Searching_Capabilities' successfully

2020-04-17 11:19:36 - [TEST_CASE][PASSED] - Test Cases/Reusable_Test_Sequences/Web_Office/Navigation/Sub_Menu_Navigation/Settings/Checkatrade_Com/Feedback_Searching_Capabilities: Test Cases/Reusable_Test_Sequences/Web_Office/Navigation/Sub_Menu_Navigation/Settings/Checkatrade_Com/Feedback_Searching_Capabilities

2020-04-17 11:19:37 - [TEST_STEP][PASSED] - "--------------------------------------": null

2020-04-17 11:19:37 - [TEST_STEP][PASSED] - " Navigate Top level menu Item         |": null

2020-04-17 11:19:37 - [TEST_STEP][PASSED] - waitForPageLoad(60): Wait for page load successfully

2020-04-17 11:19:37 - [MESSAGE][PASSED] - Wait for page load successfully

2020-04-17 11:19:37 - [TEST_STEP][PASSED] - waitForElementClickable(findTestObject("Object Repository/WebOffice_Home_page/a_Settings"), 60): Object 'Object Repository/WebOffice_Home_page/a_Settings' is clickable

2020-04-17 11:19:37 - [MESSAGE][PASSED] - Object 'Object Repository/WebOffice_Home_page/a_Settings' is clickable

2020-04-17 11:19:37 - [TEST_STEP][PASSED] - mouseOver(findTestObject("Object Repository/WebOffice_Home_page/a_Settings")): Object: 'Object Repository/WebOffice_Home_page/a_Settings' is hovered

2020-04-17 11:19:37 - [MESSAGE][PASSED] - Object: 'Object Repository/WebOffice_Home_page/a_Settings' is hovered

2020-04-17 11:19:37 - [TEST_STEP][PASSED] - mouseOver(findTestObject("Object Repository/WebOffice_Home_page/a_wwwcheckatradecom")): Object: 'Object Repository/WebOffice_Home_page/a_wwwcheckatradecom' is hovered

2020-04-17 11:19:38 - [MESSAGE][PASSED] - Object: 'Object Repository/WebOffice_Home_page/a_wwwcheckatradecom' is hovered

2020-04-17 11:19:38 - [TEST_STEP][PASSED] - waitForElementClickable(findTestObject("Object Repository/WebOffice_Home_page/a_Feedback Caps for Searching"), 1): Object 'Object Repository/WebOffice_Home_page/a_Feedback Caps for Searching' is clickable

2020-04-17 11:19:38 - [MESSAGE][PASSED] - Object 'Object Repository/WebOffice_Home_page/a_Feedback Caps for Searching' is clickable

2020-04-17 11:19:38 - [TEST_STEP][PASSED] - click(findTestObject("Object Repository/WebOffice_Home_page/a_Feedback Caps for Searching")): Object: 'Object Repository/WebOffice_Home_page/a_Feedback Caps for Searching' is clicked on

2020-04-17 11:19:38 - [MESSAGE][PASSED] - Object: 'Object Repository/WebOffice_Home_page/a_Feedback Caps for Searching' is clicked on

2020-04-17 11:19:38 - [MESSAGE][PASSED] - Call Test Case 'Test Cases/Reusable_Test_Sequences/Web_Office/Navigation/Sub_Menu_Navigation/Settings/Checkatrade_Com/Feedback_Searching_Capabilities' successfully

2020-04-17 11:19:38 - [TEST_STEP][PASSED] - "--------------------------------------": null

2020-04-17 11:19:38 - [TEST_STEP][PASSED] - " Verify Returned Page Detail          |": null

2020-04-17 11:19:38 - [TEST_STEP][PASSED] - callTestCase(findTestCase("Reusable_Test_Sequences/Web_Office/Verification/Settings/Checkatrade_Com/Feedback_Searching_Capabilities"), [:], OPTIONAL): Call Test Case 'Test Cases/Reusable_Test_Sequences/Web_Office/Verification/Settings/Checkatrade_Com/Feedback_Searching_Capabilities' successfully

2020-04-17 11:19:39 - [TEST_CASE][PASSED] - Test Cases/Reusable_Test_Sequences/Web_Office/Verification/Settings/Checkatrade_Com/Feedback_Searching_Capabilities: Test Cases/Reusable_Test_Sequences/Web_Office/Verification/Settings/Checkatrade_Com/Feedback_Searching_Capabilities

2020-04-17 11:19:39 - [TEST_STEP][PASSED] - waitForPageLoad(60): Wait for page load successfully

2020-04-17 11:19:39 - [MESSAGE][PASSED] - Wait for page load successfully

2020-04-17 11:19:39 - [TEST_STEP][PASSED] - delay(1): Delayed 1 second(s)

2020-04-17 11:19:40 - [MESSAGE][PASSED] - Delayed 1 second(s)

2020-04-17 11:19:40 - [TEST_STEP][PASSED] - verifyTextPresent("Website Search Feedback Caps per Category", false): Text 'Website Search Feedback Caps per Category' is present on page 

2020-04-17 11:19:43 - [MESSAGE][PASSED] - Text 'Website Search Feedback Caps per Category' is present on page 

2020-04-17 11:19:43 - [TEST_STEP][PASSED] - "----------------------------------------------": null

2020-04-17 11:19:43 - [TEST_STEP][PASSED] - verifyTextPresent("Add new category feedback cap", false): Text 'Add new category feedback cap' is present on page 

2020-04-17 11:19:46 - [MESSAGE][PASSED] - Text 'Add new category feedback cap' is present on page 

2020-04-17 11:19:46 - [TEST_STEP][PASSED] - verifyTextPresent("Feedback cap", false): Text 'Feedback cap' is present on page 

2020-04-17 11:19:49 - [MESSAGE][PASSED] - Text 'Feedback cap' is present on page 

2020-04-17 11:19:49 - [TEST_STEP][PASSED] - verifyTextPresent("All TV Regions", false): Text 'All TV Regions' is present on page 

2020-04-17 11:19:51 - [MESSAGE][PASSED] - Text 'All TV Regions' is present on page 

2020-04-17 11:19:51 - [TEST_STEP][PASSED] - verifyTextPresent("Valid for new members from", false): Text 'Valid for new members from' is present on page 

2020-04-17 11:19:54 - [MESSAGE][PASSED] - Text 'Valid for new members from' is present on page 

2020-04-17 11:19:54 - [TEST_STEP][PASSED] - verifyTextPresent("Cap effective from", false): Text 'Cap effective from' is present on page 

2020-04-17 11:19:58 - [MESSAGE][PASSED] - Text 'Cap effective from' is present on page 

2020-04-17 11:19:58 - [TEST_STEP][PASSED] - "----------------------------------------------": null

2020-04-17 11:19:58 - [TEST_STEP][PASSED] - verifyTextPresent("TV REGION", false): Text 'TV REGION' is present on page 

2020-04-17 11:20:00 - [MESSAGE][PASSED] - Text 'TV REGION' is present on page 

2020-04-17 11:20:00 - [TEST_STEP][PASSED] - verifyTextPresent("MEMBERS JOINING AFTER", false): Text 'MEMBERS JOINING AFTER' is present on page 

2020-04-17 11:20:02 - [MESSAGE][PASSED] - Text 'MEMBERS JOINING AFTER' is present on page 

2020-04-17 11:20:02 - [TEST_STEP][PASSED] - verifyTextPresent("CAP EFFECTIVE FROM", false): Text 'CAP EFFECTIVE FROM' is present on page 

2020-04-17 11:20:04 - [MESSAGE][PASSED] - Text 'CAP EFFECTIVE FROM' is present on page 

2020-04-17 11:20:04 - [TEST_STEP][PASSED] - verifyTextPresent("MODIFIED BY", false): Text 'MODIFIED BY' is present on page 

2020-04-17 11:20:06 - [MESSAGE][PASSED] - Text 'MODIFIED BY' is present on page 

2020-04-17 11:20:06 - [TEST_STEP][PASSED] - verifyTextPresent("MODIFIED ON", false): Text 'MODIFIED ON' is present on page 

2020-04-17 11:20:08 - [MESSAGE][PASSED] - Text 'MODIFIED ON' is present on page 

2020-04-17 11:20:08 - [TEST_STEP][PASSED] - "----------------------------------------------": null

2020-04-17 11:20:08 - [TEST_STEP][PASSED] - verifyTextPresent("ASBESTOS SERVICES", false): Text 'ASBESTOS SERVICES' is present on page 

2020-04-17 11:20:10 - [MESSAGE][PASSED] - Text 'ASBESTOS SERVICES' is present on page 

2020-04-17 11:20:10 - [TEST_STEP][PASSED] - verifyTextPresent("BUILDING", false): Text 'BUILDING' is present on page 

2020-04-17 11:20:12 - [MESSAGE][PASSED] - Text 'BUILDING' is present on page 

2020-04-17 11:20:12 - [TEST_STEP][PASSED] - verifyTextPresent("CENTRAL HEATING - GAS SAFE", false): Text 'CENTRAL HEATING - GAS SAFE' is present on page 

2020-04-17 11:20:14 - [MESSAGE][PASSED] - Text 'CENTRAL HEATING - GAS SAFE' is present on page 

2020-04-17 11:20:14 - [MESSAGE][PASSED] - Call Test Case 'Test Cases/Reusable_Test_Sequences/Web_Office/Verification/Settings/Checkatrade_Com/Feedback_Searching_Capabilities' successfully

2020-04-17 11:20:14 - [TEST_STEP][PASSED] - "--------------------------": null

2020-04-17 11:20:14 - [TEST_STEP][PASSED] - " Teardown - CLose Browser |": null

2020-04-17 11:20:14 - [TEST_STEP][PASSED] - callTestCase(findTestCase("Reusable_Test_Sequences/CAT_Teardown"), [:], OPTIONAL): Call Test Case 'Test Cases/Reusable_Test_Sequences/CAT_Teardown' successfully

2020-04-17 11:20:14 - [TEST_CASE][PASSED] - Test Cases/Reusable_Test_Sequences/CAT_Teardown: Test Cases/Reusable_Test_Sequences/CAT_Teardown

2020-04-17 11:20:14 - [TEST_STEP][PASSED] - closeBrowser(): Browser is closed

2020-04-17 11:20:16 - [MESSAGE][PASSED] - Browser is closed

2020-04-17 11:20:16 - [TEST_STEP][PASSED] - super.finalize(): null

2020-04-17 11:20:16 - [TEST_STEP][PASSED] - System.gc(): null

2020-04-17 11:20:16 - [MESSAGE][PASSED] - Call Test Case 'Test Cases/Reusable_Test_Sequences/CAT_Teardown' successfully]]></system-out>
         <system-err><![CDATA[]]></system-err>
      </testcase>
      <testcase name="Test Cases/Web_Office/Settings/Members_Area/Members_Benefits" time="25.154" classname="Test Cases/Web_Office/Settings/Members_Area/Members_Benefits" status="PASSED">
         <system-out><![CDATA[2020-04-17 11:20:16 - [TEST_CASE][PASSED] - Test Cases/Web_Office/Settings/Members_Area/Members_Benefits: Test Cases/Web_Office/Settings/Members_Area/Members_Benefits

2020-04-17 11:20:17 - [TEST_STEP][PASSED] - "--------------------------------------": null

2020-04-17 11:20:17 - [TEST_STEP][PASSED] - " Web Office StartUp                  |": null

2020-04-17 11:20:17 - [TEST_STEP][PASSED] - callTestCase(findTestCase("Reusable_Test_Sequences/Web_Office/Directives/WebOffice_StartUp"), [:], STOP_ON_FAILURE): Call Test Case 'Test Cases/Reusable_Test_Sequences/Web_Office/Directives/WebOffice_StartUp' successfully

2020-04-17 11:20:17 - [TEST_CASE][PASSED] - Test Cases/Reusable_Test_Sequences/Web_Office/Directives/WebOffice_StartUp: Test Cases/Reusable_Test_Sequences/Web_Office/Directives/WebOffice_StartUp

2020-04-17 11:20:17 - [TEST_STEP][PASSED] - "-----------------------------------------------------------------------------": null

2020-04-17 11:20:17 - [TEST_STEP][PASSED] - if (URL == "https://www.dev.checkatrade.com/"): null

2020-04-17 11:20:17 - [TEST_STEP][PASSED] - "-----------------------------------------------------------------------------": null

2020-04-17 11:20:17 - [TEST_STEP][PASSED] - if (URL == "https://www.checkatrade.com/"): null

2020-04-17 11:20:17 - [TEST_STEP][PASSED] - "-----------------------------------------------------------------------------": null

2020-04-17 11:20:17 - [TEST_STEP][PASSED] - if (URL == "https://www.preview.checkatrade.com/"): null

2020-04-17 11:20:17 - [TEST_STEP][PASSED] - WebOfficeURL = "https://admin.preview.checkatrade.com/": null

2020-04-17 11:20:17 - [TEST_STEP][PASSED] - if (URL == "https://www.dev2.checkatrade.com/"): null

2020-04-17 11:20:17 - [TEST_STEP][PASSED] - "Set Function Area for "URL_Handler", URL Resolution": null

2020-04-17 11:20:17 - [TEST_STEP][PASSED] - "Do Some Magic with URL(s) See the comments within URL Handler ": null

2020-04-17 11:20:17 - [TEST_STEP][PASSED] - "------------------------------------------------": null

2020-04-17 11:20:17 - [TEST_STEP][PASSED] - "Moved Login Credentials to <Default> profile 22/01/2020": null

2020-04-17 11:20:17 - [TEST_STEP][PASSED] - "------------------------------------------------": null

2020-04-17 11:20:17 - [TEST_STEP][PASSED] - "WebOfficeURL - Set from the ENVIRONMENT PROFILE ": null

2020-04-17 11:20:17 - [TEST_STEP][PASSED] - "OPEN BROWSER": null

2020-04-17 11:20:17 - [TEST_STEP][PASSED] - "eg - https://admin.preview.checkatrade.com/  ": null

2020-04-17 11:20:17 - [TEST_STEP][PASSED] - openBrowser(WebOfficeURL): Browser is opened with url: 'https://admin.preview.checkatrade.com/'

2020-04-17 11:20:17 - [MESSAGE][INFO] - Starting 'Firefox' driver

2020-04-17 11:20:17 - [MESSAGE][INFO] - Action delay is set to 0 milliseconds

2020-04-17 11:20:22 - [MESSAGE][PASSED] - Browser is opened with url: 'https://admin.preview.checkatrade.com/'

2020-04-17 11:20:22 - [TEST_STEP][PASSED] - maximizeWindow(): Current window maximized

2020-04-17 11:20:22 - [MESSAGE][PASSED] - Current window maximized

2020-04-17 11:20:22 - [TEST_STEP][PASSED] - waitForElementClickable(findTestObject("Object Repository/WebOffice/Page_Checkatrade - Administration - Login/Login_Button"), 25): Object 'Object Repository/WebOffice/Page_Checkatrade - Administration - Login/Login_Button' is clickable

2020-04-17 11:20:22 - [MESSAGE][PASSED] - Object 'Object Repository/WebOffice/Page_Checkatrade - Administration - Login/Login_Button' is clickable

2020-04-17 11:20:22 - [TEST_STEP][PASSED] - verifyTextPresent("Checkatrade Web Office", false): Text 'Checkatrade Web Office' is present on page 

2020-04-17 11:20:23 - [MESSAGE][PASSED] - Text 'Checkatrade Web Office' is present on page 

2020-04-17 11:20:23 - [TEST_STEP][PASSED] - verifyTextPresent("Access for staff use only", false): Text 'Access for staff use only' is present on page 

2020-04-17 11:20:23 - [MESSAGE][PASSED] - Text 'Access for staff use only' is present on page 

2020-04-17 11:20:23 - [TEST_STEP][PASSED] - verifyTextPresent("Forgotten password?", false): Text 'Forgotten password?' is present on page 

2020-04-17 11:20:23 - [MESSAGE][PASSED] - Text 'Forgotten password?' is present on page 

2020-04-17 11:20:23 - [TEST_STEP][PASSED] - setText(findTestObject("Object Repository/WebOffice/Page_Checkatrade - Administration - Login/input_Username_LoginControlUserName"), wo_Username): Text 'DavidHo' is set on object 'Object Repository/WebOffice/Page_Checkatrade - Administration - Login/input_Username_LoginControlUserName'

2020-04-17 11:20:23 - [MESSAGE][PASSED] - Text 'DavidHo' is set on object 'Object Repository/WebOffice/Page_Checkatrade - Administration - Login/input_Username_LoginControlUserName'

2020-04-17 11:20:23 - [TEST_STEP][PASSED] - setText(findTestObject("Object Repository/WebOffice/Page_Checkatrade - Administration - Login/input_Password_LoginControlPassword"), wo_Password): Text 'Check123' is set on object 'Object Repository/WebOffice/Page_Checkatrade - Administration - Login/input_Password_LoginControlPassword'

2020-04-17 11:20:23 - [MESSAGE][PASSED] - Text 'Check123' is set on object 'Object Repository/WebOffice/Page_Checkatrade - Administration - Login/input_Password_LoginControlPassword'

2020-04-17 11:20:23 - [TEST_STEP][PASSED] - click(findTestObject("Object Repository/WebOffice/Page_Checkatrade - Administration - Login/Login_Button")): Object: 'Object Repository/WebOffice/Page_Checkatrade - Administration - Login/Login_Button' is clicked on

2020-04-17 11:20:25 - [MESSAGE][PASSED] - Object: 'Object Repository/WebOffice/Page_Checkatrade - Administration - Login/Login_Button' is clicked on

2020-04-17 11:20:25 - [TEST_STEP][PASSED] - waitForPageLoad(60): Wait for page load successfully

2020-04-17 11:20:25 - [MESSAGE][PASSED] - Wait for page load successfully

2020-04-17 11:20:25 - [TEST_STEP][PASSED] - verifyTextPresent("Welcome " + wo_Username, false): Text 'Welcome DavidHo' is present on page 

2020-04-17 11:20:25 - [MESSAGE][PASSED] - Text 'Welcome DavidHo' is present on page 

2020-04-17 11:20:25 - [MESSAGE][PASSED] - Call Test Case 'Test Cases/Reusable_Test_Sequences/Web_Office/Directives/WebOffice_StartUp' successfully

2020-04-17 11:20:25 - [TEST_STEP][PASSED] - "-----------------------------------------------------------------": null

2020-04-17 11:20:25 - [TEST_STEP][PASSED] - " Navigate to <Settings->Checkatrade.Com->Sub Item> Menu Item     |": null

2020-04-17 11:20:25 - [TEST_STEP][PASSED] - callTestCase(findTestCase("Reusable_Test_Sequences/Web_Office/Navigation/Sub_Menu_Navigation/Settings/Members_Area/Members_Benefits"), [:], STOP_ON_FAILURE): Call Test Case 'Test Cases/Reusable_Test_Sequences/Web_Office/Navigation/Sub_Menu_Navigation/Settings/Members_Area/Members_Benefits' successfully

2020-04-17 11:20:26 - [TEST_CASE][PASSED] - Test Cases/Reusable_Test_Sequences/Web_Office/Navigation/Sub_Menu_Navigation/Settings/Members_Area/Members_Benefits: Test Cases/Reusable_Test_Sequences/Web_Office/Navigation/Sub_Menu_Navigation/Settings/Members_Area/Members_Benefits

2020-04-17 11:20:26 - [TEST_STEP][PASSED] - "--------------------------------------": null

2020-04-17 11:20:26 - [TEST_STEP][PASSED] - " Navigate Top level menu Item         |": null

2020-04-17 11:20:26 - [TEST_STEP][PASSED] - waitForPageLoad(60): Wait for page load successfully

2020-04-17 11:20:26 - [MESSAGE][PASSED] - Wait for page load successfully

2020-04-17 11:20:26 - [TEST_STEP][PASSED] - waitForElementClickable(findTestObject("Object Repository/WebOffice_Home_page/a_Settings"), 60): Object 'Object Repository/WebOffice_Home_page/a_Settings' is clickable

2020-04-17 11:20:26 - [MESSAGE][PASSED] - Object 'Object Repository/WebOffice_Home_page/a_Settings' is clickable

2020-04-17 11:20:26 - [TEST_STEP][PASSED] - mouseOver(findTestObject("Object Repository/WebOffice_Home_page/a_Settings")): Object: 'Object Repository/WebOffice_Home_page/a_Settings' is hovered

2020-04-17 11:20:26 - [MESSAGE][PASSED] - Object: 'Object Repository/WebOffice_Home_page/a_Settings' is hovered

2020-04-17 11:20:26 - [TEST_STEP][PASSED] - mouseOver(findTestObject("Object Repository/WebOffice_Home_page/a_Members Area")): Object: 'Object Repository/WebOffice_Home_page/a_Members Area' is hovered

2020-04-17 11:20:26 - [MESSAGE][PASSED] - Object: 'Object Repository/WebOffice_Home_page/a_Members Area' is hovered

2020-04-17 11:20:26 - [TEST_STEP][PASSED] - waitForElementClickable(findTestObject("Object Repository/WebOffice_Home_page/a_Members Benefits"), 1): Object 'Object Repository/WebOffice_Home_page/a_Members Benefits' is clickable

2020-04-17 11:20:27 - [MESSAGE][PASSED] - Object 'Object Repository/WebOffice_Home_page/a_Members Benefits' is clickable

2020-04-17 11:20:27 - [TEST_STEP][PASSED] - click(findTestObject("Object Repository/WebOffice_Home_page/a_Members Benefits")): Object: 'Object Repository/WebOffice_Home_page/a_Members Benefits' is clicked on

2020-04-17 11:20:27 - [MESSAGE][PASSED] - Object: 'Object Repository/WebOffice_Home_page/a_Members Benefits' is clicked on

2020-04-17 11:20:27 - [MESSAGE][PASSED] - Call Test Case 'Test Cases/Reusable_Test_Sequences/Web_Office/Navigation/Sub_Menu_Navigation/Settings/Members_Area/Members_Benefits' successfully

2020-04-17 11:20:27 - [TEST_STEP][PASSED] - "--------------------------------------": null

2020-04-17 11:20:27 - [TEST_STEP][PASSED] - " Verify Returned Page Detail          |": null

2020-04-17 11:20:27 - [TEST_STEP][PASSED] - callTestCase(findTestCase("Reusable_Test_Sequences/Web_Office/Verification/Settings/Members_Area/Members_Benefits"), [:], OPTIONAL): Call Test Case 'Test Cases/Reusable_Test_Sequences/Web_Office/Verification/Settings/Members_Area/Members_Benefits' successfully

2020-04-17 11:20:28 - [TEST_CASE][PASSED] - Test Cases/Reusable_Test_Sequences/Web_Office/Verification/Settings/Members_Area/Members_Benefits: Test Cases/Reusable_Test_Sequences/Web_Office/Verification/Settings/Members_Area/Members_Benefits

2020-04-17 11:20:28 - [TEST_STEP][PASSED] - waitForPageLoad(60): Wait for page load successfully

2020-04-17 11:20:28 - [MESSAGE][PASSED] - Wait for page load successfully

2020-04-17 11:20:28 - [TEST_STEP][PASSED] - delay(1): Delayed 1 second(s)

2020-04-17 11:20:29 - [MESSAGE][PASSED] - Delayed 1 second(s)

2020-04-17 11:20:29 - [TEST_STEP][PASSED] - verifyTextPresent("Member Benefits", false): Text 'Member Benefits' is present on page 

2020-04-17 11:20:30 - [MESSAGE][PASSED] - Text 'Member Benefits' is present on page 

2020-04-17 11:20:30 - [TEST_STEP][PASSED] - "----------------------------------------------": null

2020-04-17 11:20:30 - [TEST_STEP][PASSED] - verifyTextPresent("Preview Live", false): Text 'Preview Live' is present on page 

2020-04-17 11:20:31 - [MESSAGE][PASSED] - Text 'Preview Live' is present on page 

2020-04-17 11:20:31 - [TEST_STEP][PASSED] - verifyTextPresent("Add New", false): Text 'Add New' is present on page 

2020-04-17 11:20:31 - [MESSAGE][PASSED] - Text 'Add New' is present on page 

2020-04-17 11:20:31 - [TEST_STEP][PASSED] - verifyTextPresent("Search", false): Text 'Search' is present on page 

2020-04-17 11:20:32 - [MESSAGE][PASSED] - Text 'Search' is present on page 

2020-04-17 11:20:32 - [TEST_STEP][PASSED] - verifyTextPresent("Filter", false): Text 'Filter' is present on page 

2020-04-17 11:20:33 - [MESSAGE][PASSED] - Text 'Filter' is present on page 

2020-04-17 11:20:33 - [TEST_STEP][PASSED] - verifyTextPresent("Published", false): Text 'Published' is present on page 

2020-04-17 11:20:34 - [MESSAGE][PASSED] - Text 'Published' is present on page 

2020-04-17 11:20:34 - [TEST_STEP][PASSED] - verifyTextPresent("Show", false): Text 'Show' is present on page 

2020-04-17 11:20:34 - [MESSAGE][PASSED] - Text 'Show' is present on page 

2020-04-17 11:20:34 - [TEST_STEP][PASSED] - verifyTextPresent("entries", false): Text 'entries' is present on page 

2020-04-17 11:20:35 - [MESSAGE][PASSED] - Text 'entries' is present on page 

2020-04-17 11:20:35 - [TEST_STEP][PASSED] - "----------------------------------------------": null

2020-04-17 11:20:35 - [TEST_STEP][PASSED] - verifyTextPresent("Status", false): Text 'Status' is present on page 

2020-04-17 11:20:36 - [MESSAGE][PASSED] - Text 'Status' is present on page 

2020-04-17 11:20:36 - [TEST_STEP][PASSED] - verifyTextPresent("Title", false): Text 'Title' is present on page 

2020-04-17 11:20:36 - [MESSAGE][PASSED] - Text 'Title' is present on page 

2020-04-17 11:20:36 - [TEST_STEP][PASSED] - verifyTextPresent("Description", false): Text 'Description' is present on page 

2020-04-17 11:20:37 - [MESSAGE][PASSED] - Text 'Description' is present on page 

2020-04-17 11:20:37 - [TEST_STEP][PASSED] - "----------------------------------------------": null

2020-04-17 11:20:37 - [TEST_STEP][PASSED] - "----------------------------------------------": null

2020-04-17 11:20:37 - [TEST_STEP][PASSED] - verifyTextPresent("Save on fuel with Esso", false): Text 'Save on fuel with Esso' is present on page 

2020-04-17 11:20:38 - [MESSAGE][PASSED] - Text 'Save on fuel with Esso' is present on page 

2020-04-17 11:20:38 - [TEST_STEP][PASSED] - verifyTextPresent("Apply for an Esso Card fuel card", false): Text 'Apply for an Esso Card fuel card' is present on page 

2020-04-17 11:20:38 - [MESSAGE][PASSED] - Text 'Apply for an Esso Card fuel card' is present on page 

2020-04-17 11:20:38 - [TEST_STEP][PASSED] - verifyTextPresent("Hero", false): Text 'Hero' is present on page 

2020-04-17 11:20:39 - [MESSAGE][PASSED] - Text 'Hero' is present on page 

2020-04-17 11:20:39 - [TEST_STEP][PASSED] - verifyTextPresent("Edit", false): Text 'Edit' is present on page 

2020-04-17 11:20:39 - [MESSAGE][PASSED] - Text 'Edit' is present on page 

2020-04-17 11:20:39 - [MESSAGE][PASSED] - Call Test Case 'Test Cases/Reusable_Test_Sequences/Web_Office/Verification/Settings/Members_Area/Members_Benefits' successfully

2020-04-17 11:20:39 - [TEST_STEP][PASSED] - "--------------------------": null

2020-04-17 11:20:39 - [TEST_STEP][PASSED] - " Teardown - CLose Browser |": null

2020-04-17 11:20:39 - [TEST_STEP][PASSED] - callTestCase(findTestCase("Reusable_Test_Sequences/CAT_Teardown"), [:], OPTIONAL): Call Test Case 'Test Cases/Reusable_Test_Sequences/CAT_Teardown' successfully

2020-04-17 11:20:40 - [TEST_CASE][PASSED] - Test Cases/Reusable_Test_Sequences/CAT_Teardown: Test Cases/Reusable_Test_Sequences/CAT_Teardown

2020-04-17 11:20:40 - [TEST_STEP][PASSED] - closeBrowser(): Browser is closed

2020-04-17 11:20:41 - [MESSAGE][PASSED] - Browser is closed

2020-04-17 11:20:41 - [TEST_STEP][PASSED] - super.finalize(): null

2020-04-17 11:20:41 - [TEST_STEP][PASSED] - System.gc(): null

2020-04-17 11:20:41 - [MESSAGE][PASSED] - Call Test Case 'Test Cases/Reusable_Test_Sequences/CAT_Teardown' successfully]]></system-out>
         <system-err><![CDATA[]]></system-err>
      </testcase>
      <testcase name="Test Cases/Web_Office/Settings/Members_Area/Downloads" time="28.979" classname="Test Cases/Web_Office/Settings/Members_Area/Downloads" status="PASSED">
         <system-out><![CDATA[2020-04-17 11:20:41 - [TEST_CASE][PASSED] - Test Cases/Web_Office/Settings/Members_Area/Downloads: Test Cases/Web_Office/Settings/Members_Area/Downloads

2020-04-17 11:20:42 - [TEST_STEP][PASSED] - "--------------------------------------": null

2020-04-17 11:20:42 - [TEST_STEP][PASSED] - " Web Office StartUp                  |": null

2020-04-17 11:20:42 - [TEST_STEP][PASSED] - callTestCase(findTestCase("Reusable_Test_Sequences/Web_Office/Directives/WebOffice_StartUp"), [:], STOP_ON_FAILURE): Call Test Case 'Test Cases/Reusable_Test_Sequences/Web_Office/Directives/WebOffice_StartUp' successfully

2020-04-17 11:20:42 - [TEST_CASE][PASSED] - Test Cases/Reusable_Test_Sequences/Web_Office/Directives/WebOffice_StartUp: Test Cases/Reusable_Test_Sequences/Web_Office/Directives/WebOffice_StartUp

2020-04-17 11:20:42 - [TEST_STEP][PASSED] - "-----------------------------------------------------------------------------": null

2020-04-17 11:20:42 - [TEST_STEP][PASSED] - if (URL == "https://www.dev.checkatrade.com/"): null

2020-04-17 11:20:42 - [TEST_STEP][PASSED] - "-----------------------------------------------------------------------------": null

2020-04-17 11:20:42 - [TEST_STEP][PASSED] - if (URL == "https://www.checkatrade.com/"): null

2020-04-17 11:20:42 - [TEST_STEP][PASSED] - "-----------------------------------------------------------------------------": null

2020-04-17 11:20:42 - [TEST_STEP][PASSED] - if (URL == "https://www.preview.checkatrade.com/"): null

2020-04-17 11:20:42 - [TEST_STEP][PASSED] - WebOfficeURL = "https://admin.preview.checkatrade.com/": null

2020-04-17 11:20:42 - [TEST_STEP][PASSED] - if (URL == "https://www.dev2.checkatrade.com/"): null

2020-04-17 11:20:42 - [TEST_STEP][PASSED] - "Set Function Area for "URL_Handler", URL Resolution": null

2020-04-17 11:20:42 - [TEST_STEP][PASSED] - "Do Some Magic with URL(s) See the comments within URL Handler ": null

2020-04-17 11:20:42 - [TEST_STEP][PASSED] - "------------------------------------------------": null

2020-04-17 11:20:42 - [TEST_STEP][PASSED] - "Moved Login Credentials to <Default> profile 22/01/2020": null

2020-04-17 11:20:42 - [TEST_STEP][PASSED] - "------------------------------------------------": null

2020-04-17 11:20:42 - [TEST_STEP][PASSED] - "WebOfficeURL - Set from the ENVIRONMENT PROFILE ": null

2020-04-17 11:20:42 - [TEST_STEP][PASSED] - "OPEN BROWSER": null

2020-04-17 11:20:42 - [TEST_STEP][PASSED] - "eg - https://admin.preview.checkatrade.com/  ": null

2020-04-17 11:20:42 - [TEST_STEP][PASSED] - openBrowser(WebOfficeURL): Browser is opened with url: 'https://admin.preview.checkatrade.com/'

2020-04-17 11:20:42 - [MESSAGE][INFO] - Starting 'Firefox' driver

2020-04-17 11:20:42 - [MESSAGE][INFO] - Action delay is set to 0 milliseconds

2020-04-17 11:20:48 - [MESSAGE][PASSED] - Browser is opened with url: 'https://admin.preview.checkatrade.com/'

2020-04-17 11:20:48 - [TEST_STEP][PASSED] - maximizeWindow(): Current window maximized

2020-04-17 11:20:48 - [MESSAGE][PASSED] - Current window maximized

2020-04-17 11:20:48 - [TEST_STEP][PASSED] - waitForElementClickable(findTestObject("Object Repository/WebOffice/Page_Checkatrade - Administration - Login/Login_Button"), 25): Object 'Object Repository/WebOffice/Page_Checkatrade - Administration - Login/Login_Button' is clickable

2020-04-17 11:20:49 - [MESSAGE][PASSED] - Object 'Object Repository/WebOffice/Page_Checkatrade - Administration - Login/Login_Button' is clickable

2020-04-17 11:20:49 - [TEST_STEP][PASSED] - verifyTextPresent("Checkatrade Web Office", false): Text 'Checkatrade Web Office' is present on page 

2020-04-17 11:20:49 - [MESSAGE][PASSED] - Text 'Checkatrade Web Office' is present on page 

2020-04-17 11:20:49 - [TEST_STEP][PASSED] - verifyTextPresent("Access for staff use only", false): Text 'Access for staff use only' is present on page 

2020-04-17 11:20:49 - [MESSAGE][PASSED] - Text 'Access for staff use only' is present on page 

2020-04-17 11:20:49 - [TEST_STEP][PASSED] - verifyTextPresent("Forgotten password?", false): Text 'Forgotten password?' is present on page 

2020-04-17 11:20:49 - [MESSAGE][PASSED] - Text 'Forgotten password?' is present on page 

2020-04-17 11:20:49 - [TEST_STEP][PASSED] - setText(findTestObject("Object Repository/WebOffice/Page_Checkatrade - Administration - Login/input_Username_LoginControlUserName"), wo_Username): Text 'DavidHo' is set on object 'Object Repository/WebOffice/Page_Checkatrade - Administration - Login/input_Username_LoginControlUserName'

2020-04-17 11:20:49 - [MESSAGE][PASSED] - Text 'DavidHo' is set on object 'Object Repository/WebOffice/Page_Checkatrade - Administration - Login/input_Username_LoginControlUserName'

2020-04-17 11:20:49 - [TEST_STEP][PASSED] - setText(findTestObject("Object Repository/WebOffice/Page_Checkatrade - Administration - Login/input_Password_LoginControlPassword"), wo_Password): Text 'Check123' is set on object 'Object Repository/WebOffice/Page_Checkatrade - Administration - Login/input_Password_LoginControlPassword'

2020-04-17 11:20:49 - [MESSAGE][PASSED] - Text 'Check123' is set on object 'Object Repository/WebOffice/Page_Checkatrade - Administration - Login/input_Password_LoginControlPassword'

2020-04-17 11:20:49 - [TEST_STEP][PASSED] - click(findTestObject("Object Repository/WebOffice/Page_Checkatrade - Administration - Login/Login_Button")): Object: 'Object Repository/WebOffice/Page_Checkatrade - Administration - Login/Login_Button' is clicked on

2020-04-17 11:20:50 - [MESSAGE][PASSED] - Object: 'Object Repository/WebOffice/Page_Checkatrade - Administration - Login/Login_Button' is clicked on

2020-04-17 11:20:50 - [TEST_STEP][PASSED] - waitForPageLoad(60): Wait for page load successfully

2020-04-17 11:20:50 - [MESSAGE][PASSED] - Wait for page load successfully

2020-04-17 11:20:50 - [TEST_STEP][PASSED] - verifyTextPresent("Welcome " + wo_Username, false): Text 'Welcome DavidHo' is present on page 

2020-04-17 11:20:51 - [MESSAGE][PASSED] - Text 'Welcome DavidHo' is present on page 

2020-04-17 11:20:51 - [MESSAGE][PASSED] - Call Test Case 'Test Cases/Reusable_Test_Sequences/Web_Office/Directives/WebOffice_StartUp' successfully

2020-04-17 11:20:51 - [TEST_STEP][PASSED] - "-----------------------------------------------------------------": null

2020-04-17 11:20:51 - [TEST_STEP][PASSED] - " Navigate to <Settings->Checkatrade.Com->Sub Item> Menu Item     |": null

2020-04-17 11:20:51 - [TEST_STEP][PASSED] - callTestCase(findTestCase("Reusable_Test_Sequences/Web_Office/Navigation/Sub_Menu_Navigation/Settings/Members_Area/Downloads"), [:], STOP_ON_FAILURE): Call Test Case 'Test Cases/Reusable_Test_Sequences/Web_Office/Navigation/Sub_Menu_Navigation/Settings/Members_Area/Downloads' successfully

2020-04-17 11:20:51 - [TEST_CASE][PASSED] - Test Cases/Reusable_Test_Sequences/Web_Office/Navigation/Sub_Menu_Navigation/Settings/Members_Area/Downloads: Test Cases/Reusable_Test_Sequences/Web_Office/Navigation/Sub_Menu_Navigation/Settings/Members_Area/Downloads

2020-04-17 11:20:51 - [TEST_STEP][PASSED] - "--------------------------------------": null

2020-04-17 11:20:51 - [TEST_STEP][PASSED] - " Navigate Top level menu Item         |": null

2020-04-17 11:20:51 - [TEST_STEP][PASSED] - waitForPageLoad(60): Wait for page load successfully

2020-04-17 11:20:51 - [MESSAGE][PASSED] - Wait for page load successfully

2020-04-17 11:20:51 - [TEST_STEP][PASSED] - waitForElementClickable(findTestObject("Object Repository/WebOffice_Home_page/a_Settings"), 60): Object 'Object Repository/WebOffice_Home_page/a_Settings' is clickable

2020-04-17 11:20:51 - [MESSAGE][PASSED] - Object 'Object Repository/WebOffice_Home_page/a_Settings' is clickable

2020-04-17 11:20:51 - [TEST_STEP][PASSED] - mouseOver(findTestObject("Object Repository/WebOffice_Home_page/a_Settings")): Object: 'Object Repository/WebOffice_Home_page/a_Settings' is hovered

2020-04-17 11:20:52 - [MESSAGE][PASSED] - Object: 'Object Repository/WebOffice_Home_page/a_Settings' is hovered

2020-04-17 11:20:52 - [TEST_STEP][PASSED] - mouseOver(findTestObject("Object Repository/WebOffice_Home_page/a_Members Area")): Object: 'Object Repository/WebOffice_Home_page/a_Members Area' is hovered

2020-04-17 11:20:52 - [MESSAGE][PASSED] - Object: 'Object Repository/WebOffice_Home_page/a_Members Area' is hovered

2020-04-17 11:20:52 - [TEST_STEP][PASSED] - waitForElementClickable(findTestObject("Object Repository/WebOffice_Home_page/a_Downloads"), 1): Object 'Object Repository/WebOffice_Home_page/a_Downloads' is clickable

2020-04-17 11:20:52 - [MESSAGE][PASSED] - Object 'Object Repository/WebOffice_Home_page/a_Downloads' is clickable

2020-04-17 11:20:52 - [TEST_STEP][PASSED] - click(findTestObject("Object Repository/WebOffice_Home_page/a_Downloads")): Object: 'Object Repository/WebOffice_Home_page/a_Downloads' is clicked on

2020-04-17 11:20:53 - [MESSAGE][PASSED] - Object: 'Object Repository/WebOffice_Home_page/a_Downloads' is clicked on

2020-04-17 11:20:53 - [MESSAGE][PASSED] - Call Test Case 'Test Cases/Reusable_Test_Sequences/Web_Office/Navigation/Sub_Menu_Navigation/Settings/Members_Area/Downloads' successfully

2020-04-17 11:20:53 - [TEST_STEP][PASSED] - "--------------------------------------": null

2020-04-17 11:20:53 - [TEST_STEP][PASSED] - " Verify Returned Page Detail          |": null

2020-04-17 11:20:53 - [TEST_STEP][PASSED] - callTestCase(findTestCase("Reusable_Test_Sequences/Web_Office/Verification/Settings/Members_Area/Downloads"), [:], OPTIONAL): Call Test Case 'Test Cases/Reusable_Test_Sequences/Web_Office/Verification/Settings/Members_Area/Downloads' successfully

2020-04-17 11:20:53 - [TEST_CASE][PASSED] - Test Cases/Reusable_Test_Sequences/Web_Office/Verification/Settings/Members_Area/Downloads: Test Cases/Reusable_Test_Sequences/Web_Office/Verification/Settings/Members_Area/Downloads

2020-04-17 11:20:53 - [TEST_STEP][PASSED] - waitForPageLoad(60): Wait for page load successfully

2020-04-17 11:20:53 - [MESSAGE][PASSED] - Wait for page load successfully

2020-04-17 11:20:53 - [TEST_STEP][PASSED] - delay(1): Delayed 1 second(s)

2020-04-17 11:20:54 - [MESSAGE][PASSED] - Delayed 1 second(s)

2020-04-17 11:20:54 - [TEST_STEP][PASSED] - verifyTextPresent("Member Downloads", false): Text 'Member Downloads' is present on page 

2020-04-17 11:20:55 - [MESSAGE][PASSED] - Text 'Member Downloads' is present on page 

2020-04-17 11:20:55 - [TEST_STEP][PASSED] - "----------------------------------------------": null

2020-04-17 11:20:55 - [TEST_STEP][PASSED] - verifyTextPresent("Title", false): Text 'Title' is present on page 

2020-04-17 11:20:56 - [MESSAGE][PASSED] - Text 'Title' is present on page 

2020-04-17 11:20:56 - [TEST_STEP][PASSED] - verifyTextPresent("Description", false): Text 'Description' is present on page 

2020-04-17 11:20:58 - [MESSAGE][PASSED] - Text 'Description' is present on page 

2020-04-17 11:20:58 - [TEST_STEP][PASSED] - verifyTextPresent("In Use", false): Text 'In Use' is present on page 

2020-04-17 11:20:58 - [MESSAGE][PASSED] - Text 'In Use' is present on page 

2020-04-17 11:20:58 - [TEST_STEP][PASSED] - verifyTextPresent("Template Changed", false): Text 'Template Changed' is present on page 

2020-04-17 11:20:59 - [MESSAGE][PASSED] - Text 'Template Changed' is present on page 

2020-04-17 11:20:59 - [TEST_STEP][PASSED] - "----------------------------------------------": null

2020-04-17 11:20:59 - [TEST_STEP][PASSED] - "----------------------------------------------": null

2020-04-17 11:20:59 - [TEST_STEP][PASSED] - verifyTextPresent("Job sign off", false): Text 'Job sign off' is present on page 

2020-04-17 11:21:00 - [MESSAGE][PASSED] - Text 'Job sign off' is present on page 

2020-04-17 11:21:00 - [TEST_STEP][PASSED] - verifyTextPresent("Customers to sign off work on completion", false): Text 'Customers to sign off work on completion' is present on page 

2020-04-17 11:21:01 - [MESSAGE][PASSED] - Text 'Customers to sign off work on completion' is present on page 

2020-04-17 11:21:01 - [TEST_STEP][PASSED] - verifyTextPresent("Yes", false): Text 'Yes' is present on page 

2020-04-17 11:21:02 - [MESSAGE][PASSED] - Text 'Yes' is present on page 

2020-04-17 11:21:02 - [TEST_STEP][PASSED] - verifyTextPresent("Edit", false): Text 'Edit' is present on page 

2020-04-17 11:21:03 - [MESSAGE][PASSED] - Text 'Edit' is present on page 

2020-04-17 11:21:03 - [TEST_STEP][PASSED] - verifyTextPresent("Upload", false): Text 'Upload' is present on page 

2020-04-17 11:21:05 - [MESSAGE][PASSED] - Text 'Upload' is present on page 

2020-04-17 11:21:05 - [TEST_STEP][PASSED] - "----------------------------------------------": null

2020-04-17 11:21:05 - [TEST_STEP][PASSED] - verifyTextPresent("Add New Document", false): Text 'Add New Document' is present on page 

2020-04-17 11:21:06 - [MESSAGE][PASSED] - Text 'Add New Document' is present on page 

2020-04-17 11:21:06 - [TEST_STEP][PASSED] - verifyTextPresent("Title:", false): Text 'Title:' is present on page 

2020-04-17 11:21:07 - [MESSAGE][PASSED] - Text 'Title:' is present on page 

2020-04-17 11:21:07 - [TEST_STEP][PASSED] - verifyTextPresent("Description:", false): Text 'Description:' is present on page 

2020-04-17 11:21:08 - [MESSAGE][PASSED] - Text 'Description:' is present on page 

2020-04-17 11:21:08 - [TEST_STEP][PASSED] - verifyTextPresent("File to upload:", false): Text 'File to upload:' is present on page 

2020-04-17 11:21:09 - [MESSAGE][PASSED] - Text 'File to upload:' is present on page 

2020-04-17 11:21:09 - [MESSAGE][PASSED] - Call Test Case 'Test Cases/Reusable_Test_Sequences/Web_Office/Verification/Settings/Members_Area/Downloads' successfully

2020-04-17 11:21:09 - [TEST_STEP][PASSED] - "--------------------------": null

2020-04-17 11:21:09 - [TEST_STEP][PASSED] - " Teardown - CLose Browser |": null

2020-04-17 11:21:09 - [TEST_STEP][PASSED] - callTestCase(findTestCase("Reusable_Test_Sequences/CAT_Teardown"), [:], OPTIONAL): Call Test Case 'Test Cases/Reusable_Test_Sequences/CAT_Teardown' successfully

2020-04-17 11:21:09 - [TEST_CASE][PASSED] - Test Cases/Reusable_Test_Sequences/CAT_Teardown: Test Cases/Reusable_Test_Sequences/CAT_Teardown

2020-04-17 11:21:09 - [TEST_STEP][PASSED] - closeBrowser(): Browser is closed

2020-04-17 11:21:10 - [MESSAGE][PASSED] - Browser is closed

2020-04-17 11:21:10 - [TEST_STEP][PASSED] - super.finalize(): null

2020-04-17 11:21:10 - [TEST_STEP][PASSED] - System.gc(): null

2020-04-17 11:21:10 - [MESSAGE][PASSED] - Call Test Case 'Test Cases/Reusable_Test_Sequences/CAT_Teardown' successfully]]></system-out>
         <system-err><![CDATA[]]></system-err>
      </testcase>
      <testcase name="Test Cases/Web_Office/Settings/Members_Area/AskKev" time="18.484" classname="Test Cases/Web_Office/Settings/Members_Area/AskKev" status="PASSED">
         <system-out><![CDATA[2020-04-17 11:21:10 - [TEST_CASE][PASSED] - Test Cases/Web_Office/Settings/Members_Area/AskKev: Test Cases/Web_Office/Settings/Members_Area/AskKev

2020-04-17 11:21:11 - [TEST_STEP][PASSED] - "--------------------------------------": null

2020-04-17 11:21:11 - [TEST_STEP][PASSED] - " Web Office StartUp                  |": null

2020-04-17 11:21:11 - [TEST_STEP][PASSED] - callTestCase(findTestCase("Reusable_Test_Sequences/Web_Office/Directives/WebOffice_StartUp"), [:], STOP_ON_FAILURE): Call Test Case 'Test Cases/Reusable_Test_Sequences/Web_Office/Directives/WebOffice_StartUp' successfully

2020-04-17 11:21:11 - [TEST_CASE][PASSED] - Test Cases/Reusable_Test_Sequences/Web_Office/Directives/WebOffice_StartUp: Test Cases/Reusable_Test_Sequences/Web_Office/Directives/WebOffice_StartUp

2020-04-17 11:21:11 - [TEST_STEP][PASSED] - "-----------------------------------------------------------------------------": null

2020-04-17 11:21:11 - [TEST_STEP][PASSED] - if (URL == "https://www.dev.checkatrade.com/"): null

2020-04-17 11:21:11 - [TEST_STEP][PASSED] - "-----------------------------------------------------------------------------": null

2020-04-17 11:21:11 - [TEST_STEP][PASSED] - if (URL == "https://www.checkatrade.com/"): null

2020-04-17 11:21:11 - [TEST_STEP][PASSED] - "-----------------------------------------------------------------------------": null

2020-04-17 11:21:11 - [TEST_STEP][PASSED] - if (URL == "https://www.preview.checkatrade.com/"): null

2020-04-17 11:21:11 - [TEST_STEP][PASSED] - WebOfficeURL = "https://admin.preview.checkatrade.com/": null

2020-04-17 11:21:11 - [TEST_STEP][PASSED] - if (URL == "https://www.dev2.checkatrade.com/"): null

2020-04-17 11:21:11 - [TEST_STEP][PASSED] - "Set Function Area for "URL_Handler", URL Resolution": null

2020-04-17 11:21:11 - [TEST_STEP][PASSED] - "Do Some Magic with URL(s) See the comments within URL Handler ": null

2020-04-17 11:21:11 - [TEST_STEP][PASSED] - "------------------------------------------------": null

2020-04-17 11:21:11 - [TEST_STEP][PASSED] - "Moved Login Credentials to <Default> profile 22/01/2020": null

2020-04-17 11:21:11 - [TEST_STEP][PASSED] - "------------------------------------------------": null

2020-04-17 11:21:11 - [TEST_STEP][PASSED] - "WebOfficeURL - Set from the ENVIRONMENT PROFILE ": null

2020-04-17 11:21:11 - [TEST_STEP][PASSED] - "OPEN BROWSER": null

2020-04-17 11:21:11 - [TEST_STEP][PASSED] - "eg - https://admin.preview.checkatrade.com/  ": null

2020-04-17 11:21:11 - [TEST_STEP][PASSED] - openBrowser(WebOfficeURL): Browser is opened with url: 'https://admin.preview.checkatrade.com/'

2020-04-17 11:21:11 - [MESSAGE][INFO] - Starting 'Firefox' driver

2020-04-17 11:21:11 - [MESSAGE][INFO] - Action delay is set to 0 milliseconds

2020-04-17 11:21:16 - [MESSAGE][PASSED] - Browser is opened with url: 'https://admin.preview.checkatrade.com/'

2020-04-17 11:21:16 - [TEST_STEP][PASSED] - maximizeWindow(): Current window maximized

2020-04-17 11:21:17 - [MESSAGE][PASSED] - Current window maximized

2020-04-17 11:21:17 - [TEST_STEP][PASSED] - waitForElementClickable(findTestObject("Object Repository/WebOffice/Page_Checkatrade - Administration - Login/Login_Button"), 25): Object 'Object Repository/WebOffice/Page_Checkatrade - Administration - Login/Login_Button' is clickable

2020-04-17 11:21:17 - [MESSAGE][PASSED] - Object 'Object Repository/WebOffice/Page_Checkatrade - Administration - Login/Login_Button' is clickable

2020-04-17 11:21:17 - [TEST_STEP][PASSED] - verifyTextPresent("Checkatrade Web Office", false): Text 'Checkatrade Web Office' is present on page 

2020-04-17 11:21:17 - [MESSAGE][PASSED] - Text 'Checkatrade Web Office' is present on page 

2020-04-17 11:21:17 - [TEST_STEP][PASSED] - verifyTextPresent("Access for staff use only", false): Text 'Access for staff use only' is present on page 

2020-04-17 11:21:17 - [MESSAGE][PASSED] - Text 'Access for staff use only' is present on page 

2020-04-17 11:21:17 - [TEST_STEP][PASSED] - verifyTextPresent("Forgotten password?", false): Text 'Forgotten password?' is present on page 

2020-04-17 11:21:17 - [MESSAGE][PASSED] - Text 'Forgotten password?' is present on page 

2020-04-17 11:21:17 - [TEST_STEP][PASSED] - setText(findTestObject("Object Repository/WebOffice/Page_Checkatrade - Administration - Login/input_Username_LoginControlUserName"), wo_Username): Text 'DavidHo' is set on object 'Object Repository/WebOffice/Page_Checkatrade - Administration - Login/input_Username_LoginControlUserName'

2020-04-17 11:21:17 - [MESSAGE][PASSED] - Text 'DavidHo' is set on object 'Object Repository/WebOffice/Page_Checkatrade - Administration - Login/input_Username_LoginControlUserName'

2020-04-17 11:21:17 - [TEST_STEP][PASSED] - setText(findTestObject("Object Repository/WebOffice/Page_Checkatrade - Administration - Login/input_Password_LoginControlPassword"), wo_Password): Text 'Check123' is set on object 'Object Repository/WebOffice/Page_Checkatrade - Administration - Login/input_Password_LoginControlPassword'

2020-04-17 11:21:17 - [MESSAGE][PASSED] - Text 'Check123' is set on object 'Object Repository/WebOffice/Page_Checkatrade - Administration - Login/input_Password_LoginControlPassword'

2020-04-17 11:21:17 - [TEST_STEP][PASSED] - click(findTestObject("Object Repository/WebOffice/Page_Checkatrade - Administration - Login/Login_Button")): Object: 'Object Repository/WebOffice/Page_Checkatrade - Administration - Login/Login_Button' is clicked on

2020-04-17 11:21:19 - [MESSAGE][PASSED] - Object: 'Object Repository/WebOffice/Page_Checkatrade - Administration - Login/Login_Button' is clicked on

2020-04-17 11:21:19 - [TEST_STEP][PASSED] - waitForPageLoad(60): Wait for page load successfully

2020-04-17 11:21:19 - [MESSAGE][PASSED] - Wait for page load successfully

2020-04-17 11:21:19 - [TEST_STEP][PASSED] - verifyTextPresent("Welcome " + wo_Username, false): Text 'Welcome DavidHo' is present on page 

2020-04-17 11:21:20 - [MESSAGE][PASSED] - Text 'Welcome DavidHo' is present on page 

2020-04-17 11:21:20 - [MESSAGE][PASSED] - Call Test Case 'Test Cases/Reusable_Test_Sequences/Web_Office/Directives/WebOffice_StartUp' successfully

2020-04-17 11:21:20 - [TEST_STEP][PASSED] - "-----------------------------------------------------------------": null

2020-04-17 11:21:20 - [TEST_STEP][PASSED] - " Navigate to <Settings->Checkatrade.Com->Sub Item> Menu Item     |": null

2020-04-17 11:21:20 - [TEST_STEP][PASSED] - callTestCase(findTestCase("Reusable_Test_Sequences/Web_Office/Navigation/Sub_Menu_Navigation/Settings/Members_Area/AskKev"), [:], STOP_ON_FAILURE): Call Test Case 'Test Cases/Reusable_Test_Sequences/Web_Office/Navigation/Sub_Menu_Navigation/Settings/Members_Area/AskKev' successfully

2020-04-17 11:21:20 - [TEST_CASE][PASSED] - Test Cases/Reusable_Test_Sequences/Web_Office/Navigation/Sub_Menu_Navigation/Settings/Members_Area/AskKev: Test Cases/Reusable_Test_Sequences/Web_Office/Navigation/Sub_Menu_Navigation/Settings/Members_Area/AskKev

2020-04-17 11:21:20 - [TEST_STEP][PASSED] - "--------------------------------------": null

2020-04-17 11:21:20 - [TEST_STEP][PASSED] - " Navigate Top level menu Item         |": null

2020-04-17 11:21:20 - [TEST_STEP][PASSED] - waitForPageLoad(60): Wait for page load successfully

2020-04-17 11:21:20 - [MESSAGE][PASSED] - Wait for page load successfully

2020-04-17 11:21:20 - [TEST_STEP][PASSED] - waitForElementClickable(findTestObject("Object Repository/WebOffice_Home_page/a_Settings"), 60): Object 'Object Repository/WebOffice_Home_page/a_Settings' is clickable

2020-04-17 11:21:20 - [MESSAGE][PASSED] - Object 'Object Repository/WebOffice_Home_page/a_Settings' is clickable

2020-04-17 11:21:20 - [TEST_STEP][PASSED] - mouseOver(findTestObject("Object Repository/WebOffice_Home_page/a_Settings")): Object: 'Object Repository/WebOffice_Home_page/a_Settings' is hovered

2020-04-17 11:21:21 - [MESSAGE][PASSED] - Object: 'Object Repository/WebOffice_Home_page/a_Settings' is hovered

2020-04-17 11:21:21 - [TEST_STEP][PASSED] - mouseOver(findTestObject("Object Repository/WebOffice_Home_page/a_Members Area")): Object: 'Object Repository/WebOffice_Home_page/a_Members Area' is hovered

2020-04-17 11:21:21 - [MESSAGE][PASSED] - Object: 'Object Repository/WebOffice_Home_page/a_Members Area' is hovered

2020-04-17 11:21:21 - [TEST_STEP][PASSED] - waitForElementClickable(findTestObject("Object Repository/WebOffice_Home_page/a_AskKev"), 1): Object 'Object Repository/WebOffice_Home_page/a_AskKev' is clickable

2020-04-17 11:21:21 - [MESSAGE][PASSED] - Object 'Object Repository/WebOffice_Home_page/a_AskKev' is clickable

2020-04-17 11:21:21 - [TEST_STEP][PASSED] - click(findTestObject("Object Repository/WebOffice_Home_page/a_AskKev")): Object: 'Object Repository/WebOffice_Home_page/a_AskKev' is clicked on

2020-04-17 11:21:22 - [MESSAGE][PASSED] - Object: 'Object Repository/WebOffice_Home_page/a_AskKev' is clicked on

2020-04-17 11:21:22 - [MESSAGE][PASSED] - Call Test Case 'Test Cases/Reusable_Test_Sequences/Web_Office/Navigation/Sub_Menu_Navigation/Settings/Members_Area/AskKev' successfully

2020-04-17 11:21:22 - [TEST_STEP][PASSED] - "--------------------------------------": null

2020-04-17 11:21:22 - [TEST_STEP][PASSED] - " Verify Returned Page Detail          |": null

2020-04-17 11:21:22 - [TEST_STEP][PASSED] - callTestCase(findTestCase("Reusable_Test_Sequences/Web_Office/Verification/Settings/Members_Area/AskKev"), [:], OPTIONAL): Call Test Case 'Test Cases/Reusable_Test_Sequences/Web_Office/Verification/Settings/Members_Area/AskKev' successfully

2020-04-17 11:21:22 - [TEST_CASE][PASSED] - Test Cases/Reusable_Test_Sequences/Web_Office/Verification/Settings/Members_Area/AskKev: Test Cases/Reusable_Test_Sequences/Web_Office/Verification/Settings/Members_Area/AskKev

2020-04-17 11:21:22 - [TEST_STEP][PASSED] - waitForPageLoad(60): Wait for page load successfully

2020-04-17 11:21:22 - [MESSAGE][PASSED] - Wait for page load successfully

2020-04-17 11:21:22 - [TEST_STEP][PASSED] - delay(1): Delayed 1 second(s)

2020-04-17 11:21:23 - [MESSAGE][PASSED] - Delayed 1 second(s)

2020-04-17 11:21:23 - [TEST_STEP][PASSED] - verifyTextPresent("AskKev Questions", false): Text 'AskKev Questions' is present on page 

2020-04-17 11:21:24 - [MESSAGE][PASSED] - Text 'AskKev Questions' is present on page 

2020-04-17 11:21:24 - [TEST_STEP][PASSED] - "----------------------------------------------": null

2020-04-17 11:21:24 - [TEST_STEP][PASSED] - "----------------------------------------------": null

2020-04-17 11:21:24 - [TEST_STEP][PASSED] - verifyTextPresent("Hi. How I can change my Web address on my profile?", false): Text 'Hi. How I can change my Web address on my profile?' is present on page 

2020-04-17 11:21:25 - [MESSAGE][PASSED] - Text 'Hi. How I can change my Web address on my profile?' is present on page 

2020-04-17 11:21:25 - [TEST_STEP][PASSED] - verifyTextPresent("i want to change my email address & website Address", false): Text 'i want to change my email address & website Address' is present on page 

2020-04-17 11:21:26 - [MESSAGE][PASSED] - Text 'i want to change my email address & website Address' is present on page 

2020-04-17 11:21:26 - [TEST_STEP][PASSED] - verifyTextPresent("Hi Kevin i have sent you two emails regarding us being unable post our photos onto our feedback still no reply. regards", false): Text 'Hi Kevin i have sent you two emails regarding us being unable post our photos onto our feedback still no reply. regards' is present on page 

2020-04-17 11:21:27 - [MESSAGE][PASSED] - Text 'Hi Kevin i have sent you two emails regarding us being unable post our photos onto our feedback still no reply. regards' is present on page 

2020-04-17 11:21:27 - [MESSAGE][PASSED] - Call Test Case 'Test Cases/Reusable_Test_Sequences/Web_Office/Verification/Settings/Members_Area/AskKev' successfully

2020-04-17 11:21:27 - [TEST_STEP][PASSED] - "--------------------------": null

2020-04-17 11:21:27 - [TEST_STEP][PASSED] - " Teardown - CLose Browser |": null

2020-04-17 11:21:27 - [TEST_STEP][PASSED] - callTestCase(findTestCase("Reusable_Test_Sequences/CAT_Teardown"), [:], OPTIONAL): Call Test Case 'Test Cases/Reusable_Test_Sequences/CAT_Teardown' successfully

2020-04-17 11:21:27 - [TEST_CASE][PASSED] - Test Cases/Reusable_Test_Sequences/CAT_Teardown: Test Cases/Reusable_Test_Sequences/CAT_Teardown

2020-04-17 11:21:27 - [TEST_STEP][PASSED] - closeBrowser(): Browser is closed

2020-04-17 11:21:29 - [MESSAGE][PASSED] - Browser is closed

2020-04-17 11:21:29 - [TEST_STEP][PASSED] - super.finalize(): null

2020-04-17 11:21:29 - [TEST_STEP][PASSED] - System.gc(): null

2020-04-17 11:21:29 - [MESSAGE][PASSED] - Call Test Case 'Test Cases/Reusable_Test_Sequences/CAT_Teardown' successfully]]></system-out>
         <system-err><![CDATA[]]></system-err>
      </testcase>
      <testcase name="Test Cases/Web_Office/Settings/Members_Area/Members_Panel_Suggestions" time="37.602" classname="Test Cases/Web_Office/Settings/Members_Area/Members_Panel_Suggestions" status="PASSED">
         <system-out><![CDATA[2020-04-17 11:21:29 - [TEST_CASE][PASSED] - Test Cases/Web_Office/Settings/Members_Area/Members_Panel_Suggestions: Test Cases/Web_Office/Settings/Members_Area/Members_Panel_Suggestions

2020-04-17 11:21:29 - [TEST_STEP][PASSED] - "--------------------------------------": null

2020-04-17 11:21:29 - [TEST_STEP][PASSED] - " Web Office StartUp                  |": null

2020-04-17 11:21:29 - [TEST_STEP][PASSED] - callTestCase(findTestCase("Reusable_Test_Sequences/Web_Office/Directives/WebOffice_StartUp"), [:], STOP_ON_FAILURE): Call Test Case 'Test Cases/Reusable_Test_Sequences/Web_Office/Directives/WebOffice_StartUp' successfully

2020-04-17 11:21:29 - [TEST_CASE][PASSED] - Test Cases/Reusable_Test_Sequences/Web_Office/Directives/WebOffice_StartUp: Test Cases/Reusable_Test_Sequences/Web_Office/Directives/WebOffice_StartUp

2020-04-17 11:21:29 - [TEST_STEP][PASSED] - "-----------------------------------------------------------------------------": null

2020-04-17 11:21:29 - [TEST_STEP][PASSED] - if (URL == "https://www.dev.checkatrade.com/"): null

2020-04-17 11:21:29 - [TEST_STEP][PASSED] - "-----------------------------------------------------------------------------": null

2020-04-17 11:21:29 - [TEST_STEP][PASSED] - if (URL == "https://www.checkatrade.com/"): null

2020-04-17 11:21:29 - [TEST_STEP][PASSED] - "-----------------------------------------------------------------------------": null

2020-04-17 11:21:29 - [TEST_STEP][PASSED] - if (URL == "https://www.preview.checkatrade.com/"): null

2020-04-17 11:21:29 - [TEST_STEP][PASSED] - WebOfficeURL = "https://admin.preview.checkatrade.com/": null

2020-04-17 11:21:29 - [TEST_STEP][PASSED] - if (URL == "https://www.dev2.checkatrade.com/"): null

2020-04-17 11:21:29 - [TEST_STEP][PASSED] - "Set Function Area for "URL_Handler", URL Resolution": null

2020-04-17 11:21:29 - [TEST_STEP][PASSED] - "Do Some Magic with URL(s) See the comments within URL Handler ": null

2020-04-17 11:21:29 - [TEST_STEP][PASSED] - "------------------------------------------------": null

2020-04-17 11:21:29 - [TEST_STEP][PASSED] - "Moved Login Credentials to <Default> profile 22/01/2020": null

2020-04-17 11:21:29 - [TEST_STEP][PASSED] - "------------------------------------------------": null

2020-04-17 11:21:29 - [TEST_STEP][PASSED] - "WebOfficeURL - Set from the ENVIRONMENT PROFILE ": null

2020-04-17 11:21:29 - [TEST_STEP][PASSED] - "OPEN BROWSER": null

2020-04-17 11:21:29 - [TEST_STEP][PASSED] - "eg - https://admin.preview.checkatrade.com/  ": null

2020-04-17 11:21:29 - [TEST_STEP][PASSED] - openBrowser(WebOfficeURL): Browser is opened with url: 'https://admin.preview.checkatrade.com/'

2020-04-17 11:21:29 - [MESSAGE][INFO] - Starting 'Firefox' driver

2020-04-17 11:21:29 - [MESSAGE][INFO] - Action delay is set to 0 milliseconds

2020-04-17 11:21:35 - [MESSAGE][PASSED] - Browser is opened with url: 'https://admin.preview.checkatrade.com/'

2020-04-17 11:21:35 - [TEST_STEP][PASSED] - maximizeWindow(): Current window maximized

2020-04-17 11:21:36 - [MESSAGE][PASSED] - Current window maximized

2020-04-17 11:21:36 - [TEST_STEP][PASSED] - waitForElementClickable(findTestObject("Object Repository/WebOffice/Page_Checkatrade - Administration - Login/Login_Button"), 25): Object 'Object Repository/WebOffice/Page_Checkatrade - Administration - Login/Login_Button' is clickable

2020-04-17 11:21:36 - [MESSAGE][PASSED] - Object 'Object Repository/WebOffice/Page_Checkatrade - Administration - Login/Login_Button' is clickable

2020-04-17 11:21:36 - [TEST_STEP][PASSED] - verifyTextPresent("Checkatrade Web Office", false): Text 'Checkatrade Web Office' is present on page 

2020-04-17 11:21:36 - [MESSAGE][PASSED] - Text 'Checkatrade Web Office' is present on page 

2020-04-17 11:21:36 - [TEST_STEP][PASSED] - verifyTextPresent("Access for staff use only", false): Text 'Access for staff use only' is present on page 

2020-04-17 11:21:36 - [MESSAGE][PASSED] - Text 'Access for staff use only' is present on page 

2020-04-17 11:21:36 - [TEST_STEP][PASSED] - verifyTextPresent("Forgotten password?", false): Text 'Forgotten password?' is present on page 

2020-04-17 11:21:36 - [MESSAGE][PASSED] - Text 'Forgotten password?' is present on page 

2020-04-17 11:21:36 - [TEST_STEP][PASSED] - setText(findTestObject("Object Repository/WebOffice/Page_Checkatrade - Administration - Login/input_Username_LoginControlUserName"), wo_Username): Text 'DavidHo' is set on object 'Object Repository/WebOffice/Page_Checkatrade - Administration - Login/input_Username_LoginControlUserName'

2020-04-17 11:21:36 - [MESSAGE][PASSED] - Text 'DavidHo' is set on object 'Object Repository/WebOffice/Page_Checkatrade - Administration - Login/input_Username_LoginControlUserName'

2020-04-17 11:21:36 - [TEST_STEP][PASSED] - setText(findTestObject("Object Repository/WebOffice/Page_Checkatrade - Administration - Login/input_Password_LoginControlPassword"), wo_Password): Text 'Check123' is set on object 'Object Repository/WebOffice/Page_Checkatrade - Administration - Login/input_Password_LoginControlPassword'

2020-04-17 11:21:36 - [MESSAGE][PASSED] - Text 'Check123' is set on object 'Object Repository/WebOffice/Page_Checkatrade - Administration - Login/input_Password_LoginControlPassword'

2020-04-17 11:21:36 - [TEST_STEP][PASSED] - click(findTestObject("Object Repository/WebOffice/Page_Checkatrade - Administration - Login/Login_Button")): Object: 'Object Repository/WebOffice/Page_Checkatrade - Administration - Login/Login_Button' is clicked on

2020-04-17 11:21:38 - [MESSAGE][PASSED] - Object: 'Object Repository/WebOffice/Page_Checkatrade - Administration - Login/Login_Button' is clicked on

2020-04-17 11:21:38 - [TEST_STEP][PASSED] - waitForPageLoad(60): Wait for page load successfully

2020-04-17 11:21:38 - [MESSAGE][PASSED] - Wait for page load successfully

2020-04-17 11:21:38 - [TEST_STEP][PASSED] - verifyTextPresent("Welcome " + wo_Username, false): Text 'Welcome DavidHo' is present on page 

2020-04-17 11:21:39 - [MESSAGE][PASSED] - Text 'Welcome DavidHo' is present on page 

2020-04-17 11:21:39 - [MESSAGE][PASSED] - Call Test Case 'Test Cases/Reusable_Test_Sequences/Web_Office/Directives/WebOffice_StartUp' successfully

2020-04-17 11:21:39 - [TEST_STEP][PASSED] - "-----------------------------------------------------------------": null

2020-04-17 11:21:39 - [TEST_STEP][PASSED] - " Navigate to <Settings->Checkatrade.Com->Sub Item> Menu Item     |": null

2020-04-17 11:21:39 - [TEST_STEP][PASSED] - callTestCase(findTestCase("Reusable_Test_Sequences/Web_Office/Navigation/Sub_Menu_Navigation/Settings/Members_Area/Members_Panel_Suggestions"), [:], STOP_ON_FAILURE): Call Test Case 'Test Cases/Reusable_Test_Sequences/Web_Office/Navigation/Sub_Menu_Navigation/Settings/Members_Area/Members_Panel_Suggestions' successfully

2020-04-17 11:21:39 - [TEST_CASE][PASSED] - Test Cases/Reusable_Test_Sequences/Web_Office/Navigation/Sub_Menu_Navigation/Settings/Members_Area/Members_Panel_Suggestions: Test Cases/Reusable_Test_Sequences/Web_Office/Navigation/Sub_Menu_Navigation/Settings/Members_Area/Members_Panel_Suggestions

2020-04-17 11:21:39 - [TEST_STEP][PASSED] - "--------------------------------------": null

2020-04-17 11:21:39 - [TEST_STEP][PASSED] - " Navigate Top level menu Item         |": null

2020-04-17 11:21:39 - [TEST_STEP][PASSED] - waitForPageLoad(60): Wait for page load successfully

2020-04-17 11:21:39 - [MESSAGE][PASSED] - Wait for page load successfully

2020-04-17 11:21:39 - [TEST_STEP][PASSED] - waitForElementClickable(findTestObject("Object Repository/WebOffice_Home_page/a_Settings"), 60): Object 'Object Repository/WebOffice_Home_page/a_Settings' is clickable

2020-04-17 11:21:39 - [MESSAGE][PASSED] - Object 'Object Repository/WebOffice_Home_page/a_Settings' is clickable

2020-04-17 11:21:39 - [TEST_STEP][PASSED] - mouseOver(findTestObject("Object Repository/WebOffice_Home_page/a_Settings")): Object: 'Object Repository/WebOffice_Home_page/a_Settings' is hovered

2020-04-17 11:21:39 - [MESSAGE][PASSED] - Object: 'Object Repository/WebOffice_Home_page/a_Settings' is hovered

2020-04-17 11:21:39 - [TEST_STEP][PASSED] - mouseOver(findTestObject("Object Repository/WebOffice_Home_page/a_Members Area")): Object: 'Object Repository/WebOffice_Home_page/a_Members Area' is hovered

2020-04-17 11:21:39 - [MESSAGE][PASSED] - Object: 'Object Repository/WebOffice_Home_page/a_Members Area' is hovered

2020-04-17 11:21:39 - [TEST_STEP][PASSED] - waitForElementClickable(findTestObject("Object Repository/WebOffice_Home_page/a_Members Panel Suggestions"), 1): Object 'Object Repository/WebOffice_Home_page/a_Members Panel Suggestions' is clickable

2020-04-17 11:21:40 - [MESSAGE][PASSED] - Object 'Object Repository/WebOffice_Home_page/a_Members Panel Suggestions' is clickable

2020-04-17 11:21:40 - [TEST_STEP][PASSED] - click(findTestObject("Object Repository/WebOffice_Home_page/a_Members Panel Suggestions")): Object: 'Object Repository/WebOffice_Home_page/a_Members Panel Suggestions' is clicked on

2020-04-17 11:21:42 - [MESSAGE][PASSED] - Object: 'Object Repository/WebOffice_Home_page/a_Members Panel Suggestions' is clicked on

2020-04-17 11:21:42 - [MESSAGE][PASSED] - Call Test Case 'Test Cases/Reusable_Test_Sequences/Web_Office/Navigation/Sub_Menu_Navigation/Settings/Members_Area/Members_Panel_Suggestions' successfully

2020-04-17 11:21:42 - [TEST_STEP][PASSED] - "--------------------------------------": null

2020-04-17 11:21:42 - [TEST_STEP][PASSED] - " Verify Returned Page Detail          |": null

2020-04-17 11:21:42 - [TEST_STEP][PASSED] - callTestCase(findTestCase("Reusable_Test_Sequences/Web_Office/Verification/Settings/Members_Area/Members_Panel_Suggestions"), [:], OPTIONAL): Call Test Case 'Test Cases/Reusable_Test_Sequences/Web_Office/Verification/Settings/Members_Area/Members_Panel_Suggestions' successfully

2020-04-17 11:21:42 - [TEST_CASE][PASSED] - Test Cases/Reusable_Test_Sequences/Web_Office/Verification/Settings/Members_Area/Members_Panel_Suggestions: Test Cases/Reusable_Test_Sequences/Web_Office/Verification/Settings/Members_Area/Members_Panel_Suggestions

2020-04-17 11:21:43 - [TEST_STEP][PASSED] - waitForPageLoad(60): Wait for page load successfully

2020-04-17 11:21:43 - [MESSAGE][PASSED] - Wait for page load successfully

2020-04-17 11:21:43 - [TEST_STEP][PASSED] - delay(1): Delayed 1 second(s)

2020-04-17 11:21:44 - [MESSAGE][PASSED] - Delayed 1 second(s)

2020-04-17 11:21:44 - [TEST_STEP][PASSED] - verifyTextPresent("Member Panel Suggestions", false): Text 'Member Panel Suggestions' is present on page 

2020-04-17 11:21:45 - [MESSAGE][PASSED] - Text 'Member Panel Suggestions' is present on page 

2020-04-17 11:21:45 - [TEST_STEP][PASSED] - "----------------------------------------------": null

2020-04-17 11:21:45 - [TEST_STEP][PASSED] - verifyTextPresent("Filter", false): Text 'Filter' is present on page 

2020-04-17 11:21:47 - [MESSAGE][PASSED] - Text 'Filter' is present on page 

2020-04-17 11:21:47 - [TEST_STEP][PASSED] - verifyTextPresent("Suggestion Status", false): Text 'Suggestion Status' is present on page 

2020-04-17 11:21:48 - [MESSAGE][PASSED] - Text 'Suggestion Status' is present on page 

2020-04-17 11:21:48 - [TEST_STEP][PASSED] - verifyTextPresent("Show", false): Text 'Show' is present on page 

2020-04-17 11:21:49 - [MESSAGE][PASSED] - Text 'Show' is present on page 

2020-04-17 11:21:49 - [TEST_STEP][PASSED] - verifyTextPresent("entries", false): Text 'entries' is present on page 

2020-04-17 11:21:51 - [MESSAGE][PASSED] - Text 'entries' is present on page 

2020-04-17 11:21:51 - [TEST_STEP][PASSED] - verifyTextPresent("Search", false): Text 'Search' is present on page 

2020-04-17 11:21:52 - [MESSAGE][PASSED] - Text 'Search' is present on page 

2020-04-17 11:21:52 - [TEST_STEP][PASSED] - "----------------------------------------------": null

2020-04-17 11:21:52 - [TEST_STEP][PASSED] - verifyTextPresent("Status", false): Text 'Status' is present on page 

2020-04-17 11:21:54 - [MESSAGE][PASSED] - Text 'Status' is present on page 

2020-04-17 11:21:54 - [TEST_STEP][PASSED] - verifyTextPresent("Category", false): Text 'Category' is present on page 

2020-04-17 11:21:55 - [MESSAGE][PASSED] - Text 'Category' is present on page 

2020-04-17 11:21:55 - [TEST_STEP][PASSED] - verifyTextPresent("Suggested by", false): Text 'Suggested by' is present on page 

2020-04-17 11:21:56 - [MESSAGE][PASSED] - Text 'Suggested by' is present on page 

2020-04-17 11:21:56 - [TEST_STEP][PASSED] - verifyTextPresent("Created Date", false): Text 'Created Date' is present on page 

2020-04-17 11:21:58 - [MESSAGE][PASSED] - Text 'Created Date' is present on page 

2020-04-17 11:21:58 - [TEST_STEP][PASSED] - "----------------------------------------------": null

2020-04-17 11:21:58 - [TEST_STEP][PASSED] - "----------------------------------------------": null

2020-04-17 11:21:58 - [TEST_STEP][PASSED] - verifyTextPresent("Archived", false): Text 'Archived' is present on page 

2020-04-17 11:21:59 - [MESSAGE][PASSED] - Text 'Archived' is present on page 

2020-04-17 11:21:59 - [TEST_STEP][PASSED] - verifyTextPresent("Members Area", false): Text 'Members Area' is present on page 

2020-04-17 11:22:00 - [MESSAGE][PASSED] - Text 'Members Area' is present on page 

2020-04-17 11:22:00 - [TEST_STEP][PASSED] - verifyTextPresent("Membership Advisor", false): Text 'Membership Advisor' is present on page 

2020-04-17 11:22:02 - [MESSAGE][PASSED] - Text 'Membership Advisor' is present on page 

2020-04-17 11:22:02 - [TEST_STEP][PASSED] - verifyTextPresent("Plastering Services", false): Text 'Plastering Services' is present on page 

2020-04-17 11:22:03 - [MESSAGE][PASSED] - Text 'Plastering Services' is present on page 

2020-04-17 11:22:03 - [TEST_STEP][PASSED] - verifyTextPresent("Misc.", false): Text 'Misc.' is present on page 

2020-04-17 11:22:04 - [MESSAGE][PASSED] - Text 'Misc.' is present on page 

2020-04-17 11:22:04 - [MESSAGE][PASSED] - Call Test Case 'Test Cases/Reusable_Test_Sequences/Web_Office/Verification/Settings/Members_Area/Members_Panel_Suggestions' successfully

2020-04-17 11:22:05 - [TEST_STEP][PASSED] - "--------------------------": null

2020-04-17 11:22:05 - [TEST_STEP][PASSED] - " Teardown - CLose Browser |": null

2020-04-17 11:22:05 - [TEST_STEP][PASSED] - callTestCase(findTestCase("Reusable_Test_Sequences/CAT_Teardown"), [:], OPTIONAL): Call Test Case 'Test Cases/Reusable_Test_Sequences/CAT_Teardown' successfully

2020-04-17 11:22:05 - [TEST_CASE][PASSED] - Test Cases/Reusable_Test_Sequences/CAT_Teardown: Test Cases/Reusable_Test_Sequences/CAT_Teardown

2020-04-17 11:22:05 - [TEST_STEP][PASSED] - closeBrowser(): Browser is closed

2020-04-17 11:22:06 - [MESSAGE][PASSED] - Browser is closed

2020-04-17 11:22:06 - [TEST_STEP][PASSED] - super.finalize(): null

2020-04-17 11:22:06 - [TEST_STEP][PASSED] - System.gc(): null

2020-04-17 11:22:07 - [MESSAGE][PASSED] - Call Test Case 'Test Cases/Reusable_Test_Sequences/CAT_Teardown' successfully]]></system-out>
         <system-err><![CDATA[]]></system-err>
      </testcase>
      <testcase name="Test Cases/Web_Office/Settings/Members_Area/Members_Panel_Minutes" time="23.842" classname="Test Cases/Web_Office/Settings/Members_Area/Members_Panel_Minutes" status="PASSED">
         <system-out><![CDATA[2020-04-17 11:22:07 - [TEST_CASE][PASSED] - Test Cases/Web_Office/Settings/Members_Area/Members_Panel_Minutes: Test Cases/Web_Office/Settings/Members_Area/Members_Panel_Minutes

2020-04-17 11:22:07 - [TEST_STEP][PASSED] - "--------------------------------------": null

2020-04-17 11:22:07 - [TEST_STEP][PASSED] - " Web Office StartUp                  |": null

2020-04-17 11:22:07 - [TEST_STEP][PASSED] - callTestCase(findTestCase("Reusable_Test_Sequences/Web_Office/Directives/WebOffice_StartUp"), [:], STOP_ON_FAILURE): Call Test Case 'Test Cases/Reusable_Test_Sequences/Web_Office/Directives/WebOffice_StartUp' successfully

2020-04-17 11:22:07 - [TEST_CASE][PASSED] - Test Cases/Reusable_Test_Sequences/Web_Office/Directives/WebOffice_StartUp: Test Cases/Reusable_Test_Sequences/Web_Office/Directives/WebOffice_StartUp

2020-04-17 11:22:07 - [TEST_STEP][PASSED] - "-----------------------------------------------------------------------------": null

2020-04-17 11:22:07 - [TEST_STEP][PASSED] - if (URL == "https://www.dev.checkatrade.com/"): null

2020-04-17 11:22:07 - [TEST_STEP][PASSED] - "-----------------------------------------------------------------------------": null

2020-04-17 11:22:07 - [TEST_STEP][PASSED] - if (URL == "https://www.checkatrade.com/"): null

2020-04-17 11:22:07 - [TEST_STEP][PASSED] - "-----------------------------------------------------------------------------": null

2020-04-17 11:22:07 - [TEST_STEP][PASSED] - if (URL == "https://www.preview.checkatrade.com/"): null

2020-04-17 11:22:07 - [TEST_STEP][PASSED] - WebOfficeURL = "https://admin.preview.checkatrade.com/": null

2020-04-17 11:22:07 - [TEST_STEP][PASSED] - if (URL == "https://www.dev2.checkatrade.com/"): null

2020-04-17 11:22:07 - [TEST_STEP][PASSED] - "Set Function Area for "URL_Handler", URL Resolution": null

2020-04-17 11:22:07 - [TEST_STEP][PASSED] - "Do Some Magic with URL(s) See the comments within URL Handler ": null

2020-04-17 11:22:07 - [TEST_STEP][PASSED] - "------------------------------------------------": null

2020-04-17 11:22:07 - [TEST_STEP][PASSED] - "Moved Login Credentials to <Default> profile 22/01/2020": null

2020-04-17 11:22:07 - [TEST_STEP][PASSED] - "------------------------------------------------": null

2020-04-17 11:22:07 - [TEST_STEP][PASSED] - "WebOfficeURL - Set from the ENVIRONMENT PROFILE ": null

2020-04-17 11:22:07 - [TEST_STEP][PASSED] - "OPEN BROWSER": null

2020-04-17 11:22:07 - [TEST_STEP][PASSED] - "eg - https://admin.preview.checkatrade.com/  ": null

2020-04-17 11:22:07 - [TEST_STEP][PASSED] - openBrowser(WebOfficeURL): Browser is opened with url: 'https://admin.preview.checkatrade.com/'

2020-04-17 11:22:07 - [MESSAGE][INFO] - Starting 'Firefox' driver

2020-04-17 11:22:07 - [MESSAGE][INFO] - Action delay is set to 0 milliseconds

2020-04-17 11:22:13 - [MESSAGE][PASSED] - Browser is opened with url: 'https://admin.preview.checkatrade.com/'

2020-04-17 11:22:13 - [TEST_STEP][PASSED] - maximizeWindow(): Current window maximized

2020-04-17 11:22:14 - [MESSAGE][PASSED] - Current window maximized

2020-04-17 11:22:14 - [TEST_STEP][PASSED] - waitForElementClickable(findTestObject("Object Repository/WebOffice/Page_Checkatrade - Administration - Login/Login_Button"), 25): Object 'Object Repository/WebOffice/Page_Checkatrade - Administration - Login/Login_Button' is clickable

2020-04-17 11:22:14 - [MESSAGE][PASSED] - Object 'Object Repository/WebOffice/Page_Checkatrade - Administration - Login/Login_Button' is clickable

2020-04-17 11:22:14 - [TEST_STEP][PASSED] - verifyTextPresent("Checkatrade Web Office", false): Text 'Checkatrade Web Office' is present on page 

2020-04-17 11:22:14 - [MESSAGE][PASSED] - Text 'Checkatrade Web Office' is present on page 

2020-04-17 11:22:14 - [TEST_STEP][PASSED] - verifyTextPresent("Access for staff use only", false): Text 'Access for staff use only' is present on page 

2020-04-17 11:22:14 - [MESSAGE][PASSED] - Text 'Access for staff use only' is present on page 

2020-04-17 11:22:14 - [TEST_STEP][PASSED] - verifyTextPresent("Forgotten password?", false): Text 'Forgotten password?' is present on page 

2020-04-17 11:22:14 - [MESSAGE][PASSED] - Text 'Forgotten password?' is present on page 

2020-04-17 11:22:14 - [TEST_STEP][PASSED] - setText(findTestObject("Object Repository/WebOffice/Page_Checkatrade - Administration - Login/input_Username_LoginControlUserName"), wo_Username): Text 'DavidHo' is set on object 'Object Repository/WebOffice/Page_Checkatrade - Administration - Login/input_Username_LoginControlUserName'

2020-04-17 11:22:15 - [MESSAGE][PASSED] - Text 'DavidHo' is set on object 'Object Repository/WebOffice/Page_Checkatrade - Administration - Login/input_Username_LoginControlUserName'

2020-04-17 11:22:15 - [TEST_STEP][PASSED] - setText(findTestObject("Object Repository/WebOffice/Page_Checkatrade - Administration - Login/input_Password_LoginControlPassword"), wo_Password): Text 'Check123' is set on object 'Object Repository/WebOffice/Page_Checkatrade - Administration - Login/input_Password_LoginControlPassword'

2020-04-17 11:22:15 - [MESSAGE][PASSED] - Text 'Check123' is set on object 'Object Repository/WebOffice/Page_Checkatrade - Administration - Login/input_Password_LoginControlPassword'

2020-04-17 11:22:15 - [TEST_STEP][PASSED] - click(findTestObject("Object Repository/WebOffice/Page_Checkatrade - Administration - Login/Login_Button")): Object: 'Object Repository/WebOffice/Page_Checkatrade - Administration - Login/Login_Button' is clicked on

2020-04-17 11:22:17 - [MESSAGE][PASSED] - Object: 'Object Repository/WebOffice/Page_Checkatrade - Administration - Login/Login_Button' is clicked on

2020-04-17 11:22:17 - [TEST_STEP][PASSED] - waitForPageLoad(60): Wait for page load successfully

2020-04-17 11:22:17 - [MESSAGE][PASSED] - Wait for page load successfully

2020-04-17 11:22:17 - [TEST_STEP][PASSED] - verifyTextPresent("Welcome " + wo_Username, false): Text 'Welcome DavidHo' is present on page 

2020-04-17 11:22:17 - [MESSAGE][PASSED] - Text 'Welcome DavidHo' is present on page 

2020-04-17 11:22:17 - [MESSAGE][PASSED] - Call Test Case 'Test Cases/Reusable_Test_Sequences/Web_Office/Directives/WebOffice_StartUp' successfully

2020-04-17 11:22:17 - [TEST_STEP][PASSED] - "-----------------------------------------------------------------": null

2020-04-17 11:22:17 - [TEST_STEP][PASSED] - " Navigate to <Settings->Checkatrade.Com->Sub Item> Menu Item     |": null

2020-04-17 11:22:17 - [TEST_STEP][PASSED] - callTestCase(findTestCase("Reusable_Test_Sequences/Web_Office/Navigation/Sub_Menu_Navigation/Settings/Members_Area/Members_Panel_Minutes"), [:], STOP_ON_FAILURE): Call Test Case 'Test Cases/Reusable_Test_Sequences/Web_Office/Navigation/Sub_Menu_Navigation/Settings/Members_Area/Members_Panel_Minutes' successfully

2020-04-17 11:22:17 - [TEST_CASE][PASSED] - Test Cases/Reusable_Test_Sequences/Web_Office/Navigation/Sub_Menu_Navigation/Settings/Members_Area/Members_Panel_Minutes: Test Cases/Reusable_Test_Sequences/Web_Office/Navigation/Sub_Menu_Navigation/Settings/Members_Area/Members_Panel_Minutes

2020-04-17 11:22:18 - [TEST_STEP][PASSED] - "--------------------------------------": null

2020-04-17 11:22:18 - [TEST_STEP][PASSED] - " Navigate Top level menu Item         |": null

2020-04-17 11:22:18 - [TEST_STEP][PASSED] - waitForPageLoad(60): Wait for page load successfully

2020-04-17 11:22:18 - [MESSAGE][PASSED] - Wait for page load successfully

2020-04-17 11:22:18 - [TEST_STEP][PASSED] - waitForElementClickable(findTestObject("Object Repository/WebOffice_Home_page/a_Settings"), 60): Object 'Object Repository/WebOffice_Home_page/a_Settings' is clickable

2020-04-17 11:22:18 - [MESSAGE][PASSED] - Object 'Object Repository/WebOffice_Home_page/a_Settings' is clickable

2020-04-17 11:22:18 - [TEST_STEP][PASSED] - mouseOver(findTestObject("Object Repository/WebOffice_Home_page/a_Settings")): Object: 'Object Repository/WebOffice_Home_page/a_Settings' is hovered

2020-04-17 11:22:18 - [MESSAGE][PASSED] - Object: 'Object Repository/WebOffice_Home_page/a_Settings' is hovered

2020-04-17 11:22:18 - [TEST_STEP][PASSED] - mouseOver(findTestObject("Object Repository/WebOffice_Home_page/a_Members Area")): Object: 'Object Repository/WebOffice_Home_page/a_Members Area' is hovered

2020-04-17 11:22:19 - [MESSAGE][PASSED] - Object: 'Object Repository/WebOffice_Home_page/a_Members Area' is hovered

2020-04-17 11:22:19 - [TEST_STEP][PASSED] - waitForElementClickable(findTestObject("Object Repository/WebOffice_Home_page/a_Members Panel Minutes"), 1): Object 'Object Repository/WebOffice_Home_page/a_Members Panel Minutes' is clickable

2020-04-17 11:22:19 - [MESSAGE][PASSED] - Object 'Object Repository/WebOffice_Home_page/a_Members Panel Minutes' is clickable

2020-04-17 11:22:19 - [TEST_STEP][PASSED] - click(findTestObject("Object Repository/WebOffice_Home_page/a_Members Panel Minutes")): Object: 'Object Repository/WebOffice_Home_page/a_Members Panel Minutes' is clicked on

2020-04-17 11:22:19 - [MESSAGE][PASSED] - Object: 'Object Repository/WebOffice_Home_page/a_Members Panel Minutes' is clicked on

2020-04-17 11:22:19 - [MESSAGE][PASSED] - Call Test Case 'Test Cases/Reusable_Test_Sequences/Web_Office/Navigation/Sub_Menu_Navigation/Settings/Members_Area/Members_Panel_Minutes' successfully

2020-04-17 11:22:19 - [TEST_STEP][PASSED] - "--------------------------------------": null

2020-04-17 11:22:19 - [TEST_STEP][PASSED] - " Verify Returned Page Detail          |": null

2020-04-17 11:22:19 - [TEST_STEP][PASSED] - callTestCase(findTestCase("Reusable_Test_Sequences/Web_Office/Verification/Settings/Members_Area/Members_Panel_Minutes"), [:], OPTIONAL): Call Test Case 'Test Cases/Reusable_Test_Sequences/Web_Office/Verification/Settings/Members_Area/Members_Panel_Minutes' successfully

2020-04-17 11:22:19 - [TEST_CASE][PASSED] - Test Cases/Reusable_Test_Sequences/Web_Office/Verification/Settings/Members_Area/Members_Panel_Minutes: Test Cases/Reusable_Test_Sequences/Web_Office/Verification/Settings/Members_Area/Members_Panel_Minutes

2020-04-17 11:22:20 - [TEST_STEP][PASSED] - waitForPageLoad(60): Wait for page load successfully

2020-04-17 11:22:20 - [MESSAGE][PASSED] - Wait for page load successfully

2020-04-17 11:22:20 - [TEST_STEP][PASSED] - delay(1): Delayed 1 second(s)

2020-04-17 11:22:21 - [MESSAGE][PASSED] - Delayed 1 second(s)

2020-04-17 11:22:21 - [TEST_STEP][PASSED] - verifyTextPresent("Members Panel Minutes", false): Text 'Members Panel Minutes' is present on page 

2020-04-17 11:22:22 - [MESSAGE][PASSED] - Text 'Members Panel Minutes' is present on page 

2020-04-17 11:22:22 - [TEST_STEP][PASSED] - "----------------------------------------------": null

2020-04-17 11:22:22 - [TEST_STEP][PASSED] - verifyTextPresent("Upload Members panel minutes", false): Text 'Upload Members panel minutes' is present on page 

2020-04-17 11:22:22 - [MESSAGE][PASSED] - Text 'Upload Members panel minutes' is present on page 

2020-04-17 11:22:22 - [TEST_STEP][PASSED] - verifyTextPresent("Select file", false): Text 'Select file' is present on page 

2020-04-17 11:22:23 - [MESSAGE][PASSED] - Text 'Select file' is present on page 

2020-04-17 11:22:23 - [TEST_STEP][PASSED] - verifyTextPresent("Select Date", false): Text 'Select Date' is present on page 

2020-04-17 11:22:23 - [MESSAGE][PASSED] - Text 'Select Date' is present on page 

2020-04-17 11:22:23 - [TEST_STEP][PASSED] - verifyTextPresent("Upload", false): Text 'Upload' is present on page 

2020-04-17 11:22:24 - [MESSAGE][PASSED] - Text 'Upload' is present on page 

2020-04-17 11:22:24 - [TEST_STEP][PASSED] - verifyTextPresent("Browse", false): Text 'Browse' is present on page 

2020-04-17 11:22:25 - [MESSAGE][PASSED] - Text 'Browse' is present on page 

2020-04-17 11:22:25 - [TEST_STEP][PASSED] - "----------------------------------------------": null

2020-04-17 11:22:25 - [TEST_STEP][PASSED] - verifyTextPresent("Previously Uploaded Minutes", false): Text 'Previously Uploaded Minutes' is present on page 

2020-04-17 11:22:25 - [MESSAGE][PASSED] - Text 'Previously Uploaded Minutes' is present on page 

2020-04-17 11:22:25 - [TEST_STEP][PASSED] - verifyTextPresent("Panel Meeting Minutes", false): Text 'Panel Meeting Minutes' is present on page 

2020-04-17 11:22:25 - [MESSAGE][PASSED] - Text 'Panel Meeting Minutes' is present on page 

2020-04-17 11:22:25 - [TEST_STEP][PASSED] - "----------------------------------------------": null

2020-04-17 11:22:25 - [TEST_STEP][PASSED] - verifyTextPresent("Set next members panel meeting date", false): Text 'Set next members panel meeting date' is present on page 

2020-04-17 11:22:26 - [MESSAGE][PASSED] - Text 'Set next members panel meeting date' is present on page 

2020-04-17 11:22:26 - [TEST_STEP][PASSED] - verifyTextPresent("Next Meeting Date Currently", false): Text 'Next Meeting Date Currently' is present on page 

2020-04-17 11:22:26 - [MESSAGE][PASSED] - Text 'Next Meeting Date Currently' is present on page 

2020-04-17 11:22:26 - [TEST_STEP][PASSED] - verifyTextPresent("Next meeting on hold", false): Text 'Next meeting on hold' is present on page 

2020-04-17 11:22:27 - [MESSAGE][PASSED] - Text 'Next meeting on hold' is present on page 

2020-04-17 11:22:27 - [TEST_STEP][PASSED] - verifyTextPresent("Please continue to make suggestions", false): Text 'Please continue to make suggestions' is present on page 

2020-04-17 11:22:28 - [MESSAGE][PASSED] - Text 'Please continue to make suggestions' is present on page 

2020-04-17 11:22:28 - [TEST_STEP][PASSED] - verifyTextPresent("Set Date", false): Text 'Set Date' is present on page 

2020-04-17 11:22:28 - [MESSAGE][PASSED] - Text 'Set Date' is present on page 

2020-04-17 11:22:28 - [MESSAGE][PASSED] - Call Test Case 'Test Cases/Reusable_Test_Sequences/Web_Office/Verification/Settings/Members_Area/Members_Panel_Minutes' successfully

2020-04-17 11:22:28 - [TEST_STEP][PASSED] - "--------------------------": null

2020-04-17 11:22:28 - [TEST_STEP][PASSED] - " Teardown - CLose Browser |": null

2020-04-17 11:22:28 - [TEST_STEP][PASSED] - callTestCase(findTestCase("Reusable_Test_Sequences/CAT_Teardown"), [:], OPTIONAL): Call Test Case 'Test Cases/Reusable_Test_Sequences/CAT_Teardown' successfully

2020-04-17 11:22:28 - [TEST_CASE][PASSED] - Test Cases/Reusable_Test_Sequences/CAT_Teardown: Test Cases/Reusable_Test_Sequences/CAT_Teardown

2020-04-17 11:22:28 - [TEST_STEP][PASSED] - closeBrowser(): Browser is closed

2020-04-17 11:22:30 - [MESSAGE][PASSED] - Browser is closed

2020-04-17 11:22:30 - [TEST_STEP][PASSED] - super.finalize(): null

2020-04-17 11:22:30 - [TEST_STEP][PASSED] - System.gc(): null

2020-04-17 11:22:30 - [MESSAGE][PASSED] - Call Test Case 'Test Cases/Reusable_Test_Sequences/CAT_Teardown' successfully]]></system-out>
         <system-err><![CDATA[]]></system-err>
      </testcase>
      <testcase name="Test Cases/Web_Office/Settings/Members_Area/Members_Alerts" time="24.915" classname="Test Cases/Web_Office/Settings/Members_Area/Members_Alerts" status="PASSED">
         <system-out><![CDATA[2020-04-17 11:22:30 - [TEST_CASE][PASSED] - Test Cases/Web_Office/Settings/Members_Area/Members_Alerts: Test Cases/Web_Office/Settings/Members_Area/Members_Alerts

2020-04-17 11:22:31 - [TEST_STEP][PASSED] - "--------------------------------------": null

2020-04-17 11:22:31 - [TEST_STEP][PASSED] - " Web Office StartUp                  |": null

2020-04-17 11:22:31 - [TEST_STEP][PASSED] - callTestCase(findTestCase("Reusable_Test_Sequences/Web_Office/Directives/WebOffice_StartUp"), [:], STOP_ON_FAILURE): Call Test Case 'Test Cases/Reusable_Test_Sequences/Web_Office/Directives/WebOffice_StartUp' successfully

2020-04-17 11:22:31 - [TEST_CASE][PASSED] - Test Cases/Reusable_Test_Sequences/Web_Office/Directives/WebOffice_StartUp: Test Cases/Reusable_Test_Sequences/Web_Office/Directives/WebOffice_StartUp

2020-04-17 11:22:31 - [TEST_STEP][PASSED] - "-----------------------------------------------------------------------------": null

2020-04-17 11:22:31 - [TEST_STEP][PASSED] - if (URL == "https://www.dev.checkatrade.com/"): null

2020-04-17 11:22:31 - [TEST_STEP][PASSED] - "-----------------------------------------------------------------------------": null

2020-04-17 11:22:31 - [TEST_STEP][PASSED] - if (URL == "https://www.checkatrade.com/"): null

2020-04-17 11:22:31 - [TEST_STEP][PASSED] - "-----------------------------------------------------------------------------": null

2020-04-17 11:22:31 - [TEST_STEP][PASSED] - if (URL == "https://www.preview.checkatrade.com/"): null

2020-04-17 11:22:31 - [TEST_STEP][PASSED] - WebOfficeURL = "https://admin.preview.checkatrade.com/": null

2020-04-17 11:22:31 - [TEST_STEP][PASSED] - if (URL == "https://www.dev2.checkatrade.com/"): null

2020-04-17 11:22:31 - [TEST_STEP][PASSED] - "Set Function Area for "URL_Handler", URL Resolution": null

2020-04-17 11:22:31 - [TEST_STEP][PASSED] - "Do Some Magic with URL(s) See the comments within URL Handler ": null

2020-04-17 11:22:31 - [TEST_STEP][PASSED] - "------------------------------------------------": null

2020-04-17 11:22:31 - [TEST_STEP][PASSED] - "Moved Login Credentials to <Default> profile 22/01/2020": null

2020-04-17 11:22:31 - [TEST_STEP][PASSED] - "------------------------------------------------": null

2020-04-17 11:22:31 - [TEST_STEP][PASSED] - "WebOfficeURL - Set from the ENVIRONMENT PROFILE ": null

2020-04-17 11:22:31 - [TEST_STEP][PASSED] - "OPEN BROWSER": null

2020-04-17 11:22:31 - [TEST_STEP][PASSED] - "eg - https://admin.preview.checkatrade.com/  ": null

2020-04-17 11:22:31 - [TEST_STEP][PASSED] - openBrowser(WebOfficeURL): Browser is opened with url: 'https://admin.preview.checkatrade.com/'

2020-04-17 11:22:31 - [MESSAGE][INFO] - Starting 'Firefox' driver

2020-04-17 11:22:31 - [MESSAGE][INFO] - Action delay is set to 0 milliseconds

2020-04-17 11:22:36 - [MESSAGE][PASSED] - Browser is opened with url: 'https://admin.preview.checkatrade.com/'

2020-04-17 11:22:36 - [TEST_STEP][PASSED] - maximizeWindow(): Current window maximized

2020-04-17 11:22:37 - [MESSAGE][PASSED] - Current window maximized

2020-04-17 11:22:37 - [TEST_STEP][PASSED] - waitForElementClickable(findTestObject("Object Repository/WebOffice/Page_Checkatrade - Administration - Login/Login_Button"), 25): Object 'Object Repository/WebOffice/Page_Checkatrade - Administration - Login/Login_Button' is clickable

2020-04-17 11:22:37 - [MESSAGE][PASSED] - Object 'Object Repository/WebOffice/Page_Checkatrade - Administration - Login/Login_Button' is clickable

2020-04-17 11:22:37 - [TEST_STEP][PASSED] - verifyTextPresent("Checkatrade Web Office", false): Text 'Checkatrade Web Office' is present on page 

2020-04-17 11:22:37 - [MESSAGE][PASSED] - Text 'Checkatrade Web Office' is present on page 

2020-04-17 11:22:37 - [TEST_STEP][PASSED] - verifyTextPresent("Access for staff use only", false): Text 'Access for staff use only' is present on page 

2020-04-17 11:22:37 - [MESSAGE][PASSED] - Text 'Access for staff use only' is present on page 

2020-04-17 11:22:37 - [TEST_STEP][PASSED] - verifyTextPresent("Forgotten password?", false): Text 'Forgotten password?' is present on page 

2020-04-17 11:22:37 - [MESSAGE][PASSED] - Text 'Forgotten password?' is present on page 

2020-04-17 11:22:37 - [TEST_STEP][PASSED] - setText(findTestObject("Object Repository/WebOffice/Page_Checkatrade - Administration - Login/input_Username_LoginControlUserName"), wo_Username): Text 'DavidHo' is set on object 'Object Repository/WebOffice/Page_Checkatrade - Administration - Login/input_Username_LoginControlUserName'

2020-04-17 11:22:37 - [MESSAGE][PASSED] - Text 'DavidHo' is set on object 'Object Repository/WebOffice/Page_Checkatrade - Administration - Login/input_Username_LoginControlUserName'

2020-04-17 11:22:37 - [TEST_STEP][PASSED] - setText(findTestObject("Object Repository/WebOffice/Page_Checkatrade - Administration - Login/input_Password_LoginControlPassword"), wo_Password): Text 'Check123' is set on object 'Object Repository/WebOffice/Page_Checkatrade - Administration - Login/input_Password_LoginControlPassword'

2020-04-17 11:22:37 - [MESSAGE][PASSED] - Text 'Check123' is set on object 'Object Repository/WebOffice/Page_Checkatrade - Administration - Login/input_Password_LoginControlPassword'

2020-04-17 11:22:37 - [TEST_STEP][PASSED] - click(findTestObject("Object Repository/WebOffice/Page_Checkatrade - Administration - Login/Login_Button")): Object: 'Object Repository/WebOffice/Page_Checkatrade - Administration - Login/Login_Button' is clicked on

2020-04-17 11:22:38 - [MESSAGE][PASSED] - Object: 'Object Repository/WebOffice/Page_Checkatrade - Administration - Login/Login_Button' is clicked on

2020-04-17 11:22:38 - [TEST_STEP][PASSED] - waitForPageLoad(60): Wait for page load successfully

2020-04-17 11:22:38 - [MESSAGE][PASSED] - Wait for page load successfully

2020-04-17 11:22:38 - [TEST_STEP][PASSED] - verifyTextPresent("Welcome " + wo_Username, false): Text 'Welcome DavidHo' is present on page 

2020-04-17 11:22:39 - [MESSAGE][PASSED] - Text 'Welcome DavidHo' is present on page 

2020-04-17 11:22:39 - [MESSAGE][PASSED] - Call Test Case 'Test Cases/Reusable_Test_Sequences/Web_Office/Directives/WebOffice_StartUp' successfully

2020-04-17 11:22:39 - [TEST_STEP][PASSED] - "-----------------------------------------------------------------": null

2020-04-17 11:22:39 - [TEST_STEP][PASSED] - " Navigate to <Settings->Checkatrade.Com->Sub Item> Menu Item     |": null

2020-04-17 11:22:39 - [TEST_STEP][PASSED] - callTestCase(findTestCase("Reusable_Test_Sequences/Web_Office/Navigation/Sub_Menu_Navigation/Settings/Members_Area/Members_Alerts"), [:], STOP_ON_FAILURE): Call Test Case 'Test Cases/Reusable_Test_Sequences/Web_Office/Navigation/Sub_Menu_Navigation/Settings/Members_Area/Members_Alerts' successfully

2020-04-17 11:22:39 - [TEST_CASE][PASSED] - Test Cases/Reusable_Test_Sequences/Web_Office/Navigation/Sub_Menu_Navigation/Settings/Members_Area/Members_Alerts: Test Cases/Reusable_Test_Sequences/Web_Office/Navigation/Sub_Menu_Navigation/Settings/Members_Area/Members_Alerts

2020-04-17 11:22:39 - [TEST_STEP][PASSED] - "--------------------------------------": null

2020-04-17 11:22:39 - [TEST_STEP][PASSED] - " Navigate Top level menu Item         |": null

2020-04-17 11:22:39 - [TEST_STEP][PASSED] - waitForPageLoad(60): Wait for page load successfully

2020-04-17 11:22:39 - [MESSAGE][PASSED] - Wait for page load successfully

2020-04-17 11:22:39 - [TEST_STEP][PASSED] - waitForElementClickable(findTestObject("Object Repository/WebOffice_Home_page/a_Settings"), 60): Object 'Object Repository/WebOffice_Home_page/a_Settings' is clickable

2020-04-17 11:22:40 - [MESSAGE][PASSED] - Object 'Object Repository/WebOffice_Home_page/a_Settings' is clickable

2020-04-17 11:22:40 - [TEST_STEP][PASSED] - mouseOver(findTestObject("Object Repository/WebOffice_Home_page/a_Settings")): Object: 'Object Repository/WebOffice_Home_page/a_Settings' is hovered

2020-04-17 11:22:40 - [MESSAGE][PASSED] - Object: 'Object Repository/WebOffice_Home_page/a_Settings' is hovered

2020-04-17 11:22:40 - [TEST_STEP][PASSED] - mouseOver(findTestObject("Object Repository/WebOffice_Home_page/a_Members Area")): Object: 'Object Repository/WebOffice_Home_page/a_Members Area' is hovered

2020-04-17 11:22:40 - [MESSAGE][PASSED] - Object: 'Object Repository/WebOffice_Home_page/a_Members Area' is hovered

2020-04-17 11:22:40 - [TEST_STEP][PASSED] - waitForElementClickable(findTestObject("Object Repository/WebOffice_Home_page/a_Members Alerts"), 1): Object 'Object Repository/WebOffice_Home_page/a_Members Alerts' is clickable

2020-04-17 11:22:40 - [MESSAGE][PASSED] - Object 'Object Repository/WebOffice_Home_page/a_Members Alerts' is clickable

2020-04-17 11:22:40 - [TEST_STEP][PASSED] - click(findTestObject("Object Repository/WebOffice_Home_page/a_Members Alerts")): Object: 'Object Repository/WebOffice_Home_page/a_Members Alerts' is clicked on

2020-04-17 11:22:41 - [MESSAGE][PASSED] - Object: 'Object Repository/WebOffice_Home_page/a_Members Alerts' is clicked on

2020-04-17 11:22:41 - [MESSAGE][PASSED] - Call Test Case 'Test Cases/Reusable_Test_Sequences/Web_Office/Navigation/Sub_Menu_Navigation/Settings/Members_Area/Members_Alerts' successfully

2020-04-17 11:22:41 - [TEST_STEP][PASSED] - "--------------------------------------": null

2020-04-17 11:22:41 - [TEST_STEP][PASSED] - " Verify Returned Page Detail          |": null

2020-04-17 11:22:41 - [TEST_STEP][PASSED] - callTestCase(findTestCase("Reusable_Test_Sequences/Web_Office/Verification/Settings/Members_Area/Members_Alerts"), [:], OPTIONAL): Call Test Case 'Test Cases/Reusable_Test_Sequences/Web_Office/Verification/Settings/Members_Area/Members_Alerts' successfully

2020-04-17 11:22:41 - [TEST_CASE][PASSED] - Test Cases/Reusable_Test_Sequences/Web_Office/Verification/Settings/Members_Area/Members_Alerts: Test Cases/Reusable_Test_Sequences/Web_Office/Verification/Settings/Members_Area/Members_Alerts

2020-04-17 11:22:41 - [TEST_STEP][PASSED] - waitForPageLoad(60): Wait for page load successfully

2020-04-17 11:22:41 - [MESSAGE][PASSED] - Wait for page load successfully

2020-04-17 11:22:41 - [TEST_STEP][PASSED] - delay(1): Delayed 1 second(s)

2020-04-17 11:22:42 - [MESSAGE][PASSED] - Delayed 1 second(s)

2020-04-17 11:22:42 - [TEST_STEP][PASSED] - verifyTextPresent("Members Alerts", false): Text 'Members Alerts' is present on page 

2020-04-17 11:22:44 - [MESSAGE][PASSED] - Text 'Members Alerts' is present on page 

2020-04-17 11:22:44 - [TEST_STEP][PASSED] - "----------------------------------------------": null

2020-04-17 11:22:44 - [TEST_STEP][PASSED] - verifyTextPresent("Add New Alert", false): Text 'Add New Alert' is present on page 

2020-04-17 11:22:46 - [MESSAGE][PASSED] - Text 'Add New Alert' is present on page 

2020-04-17 11:22:46 - [TEST_STEP][PASSED] - verifyTextPresent("Subject", false): Text 'Subject' is present on page 

2020-04-17 11:22:48 - [MESSAGE][PASSED] - Text 'Subject' is present on page 

2020-04-17 11:22:48 - [TEST_STEP][PASSED] - verifyTextPresent("Details", false): Text 'Details' is present on page 

2020-04-17 11:22:50 - [MESSAGE][PASSED] - Text 'Details' is present on page 

2020-04-17 11:22:50 - [TEST_STEP][PASSED] - "----------------------------------------------": null

2020-04-17 11:22:50 - [TEST_STEP][PASSED] - verifyTextPresent("Active Alerts", false): Text 'Active Alerts' is present on page 

2020-04-17 11:22:52 - [MESSAGE][PASSED] - Text 'Active Alerts' is present on page 

2020-04-17 11:22:52 - [TEST_STEP][PASSED] - verifyTextPresent("Suspicious emails and calls", false): Text 'Suspicious emails and calls' is present on page 

2020-04-17 11:22:53 - [MESSAGE][PASSED] - Text 'Suspicious emails and calls' is present on page 

2020-04-17 11:22:53 - [MESSAGE][PASSED] - Call Test Case 'Test Cases/Reusable_Test_Sequences/Web_Office/Verification/Settings/Members_Area/Members_Alerts' successfully

2020-04-17 11:22:53 - [TEST_STEP][PASSED] - "--------------------------": null

2020-04-17 11:22:53 - [TEST_STEP][PASSED] - " Teardown - CLose Browser |": null

2020-04-17 11:22:53 - [TEST_STEP][PASSED] - callTestCase(findTestCase("Reusable_Test_Sequences/CAT_Teardown"), [:], OPTIONAL): Call Test Case 'Test Cases/Reusable_Test_Sequences/CAT_Teardown' successfully

2020-04-17 11:22:53 - [TEST_CASE][PASSED] - Test Cases/Reusable_Test_Sequences/CAT_Teardown: Test Cases/Reusable_Test_Sequences/CAT_Teardown

2020-04-17 11:22:53 - [TEST_STEP][PASSED] - closeBrowser(): Browser is closed

2020-04-17 11:22:55 - [MESSAGE][PASSED] - Browser is closed

2020-04-17 11:22:55 - [TEST_STEP][PASSED] - super.finalize(): null

2020-04-17 11:22:55 - [TEST_STEP][PASSED] - System.gc(): null

2020-04-17 11:22:55 - [MESSAGE][PASSED] - Call Test Case 'Test Cases/Reusable_Test_Sequences/CAT_Teardown' successfully]]></system-out>
         <system-err><![CDATA[]]></system-err>
      </testcase>
      <testcase name="Test Cases/Web_Office/Settings/Members_Area/Members_Blog_Posts" time="18.093" classname="Test Cases/Web_Office/Settings/Members_Area/Members_Blog_Posts" status="PASSED">
         <system-out><![CDATA[2020-04-17 11:22:55 - [TEST_CASE][PASSED] - Test Cases/Web_Office/Settings/Members_Area/Members_Blog_Posts: Test Cases/Web_Office/Settings/Members_Area/Members_Blog_Posts

2020-04-17 11:22:56 - [TEST_STEP][PASSED] - "--------------------------------------": null

2020-04-17 11:22:56 - [TEST_STEP][PASSED] - " Web Office StartUp                  |": null

2020-04-17 11:22:56 - [TEST_STEP][PASSED] - callTestCase(findTestCase("Reusable_Test_Sequences/Web_Office/Directives/WebOffice_StartUp"), [:], STOP_ON_FAILURE): Call Test Case 'Test Cases/Reusable_Test_Sequences/Web_Office/Directives/WebOffice_StartUp' successfully

2020-04-17 11:22:56 - [TEST_CASE][PASSED] - Test Cases/Reusable_Test_Sequences/Web_Office/Directives/WebOffice_StartUp: Test Cases/Reusable_Test_Sequences/Web_Office/Directives/WebOffice_StartUp

2020-04-17 11:22:56 - [TEST_STEP][PASSED] - "-----------------------------------------------------------------------------": null

2020-04-17 11:22:56 - [TEST_STEP][PASSED] - if (URL == "https://www.dev.checkatrade.com/"): null

2020-04-17 11:22:56 - [TEST_STEP][PASSED] - "-----------------------------------------------------------------------------": null

2020-04-17 11:22:56 - [TEST_STEP][PASSED] - if (URL == "https://www.checkatrade.com/"): null

2020-04-17 11:22:56 - [TEST_STEP][PASSED] - "-----------------------------------------------------------------------------": null

2020-04-17 11:22:56 - [TEST_STEP][PASSED] - if (URL == "https://www.preview.checkatrade.com/"): null

2020-04-17 11:22:56 - [TEST_STEP][PASSED] - WebOfficeURL = "https://admin.preview.checkatrade.com/": null

2020-04-17 11:22:56 - [TEST_STEP][PASSED] - if (URL == "https://www.dev2.checkatrade.com/"): null

2020-04-17 11:22:56 - [TEST_STEP][PASSED] - "Set Function Area for "URL_Handler", URL Resolution": null

2020-04-17 11:22:56 - [TEST_STEP][PASSED] - "Do Some Magic with URL(s) See the comments within URL Handler ": null

2020-04-17 11:22:56 - [TEST_STEP][PASSED] - "------------------------------------------------": null

2020-04-17 11:22:56 - [TEST_STEP][PASSED] - "Moved Login Credentials to <Default> profile 22/01/2020": null

2020-04-17 11:22:56 - [TEST_STEP][PASSED] - "------------------------------------------------": null

2020-04-17 11:22:56 - [TEST_STEP][PASSED] - "WebOfficeURL - Set from the ENVIRONMENT PROFILE ": null

2020-04-17 11:22:56 - [TEST_STEP][PASSED] - "OPEN BROWSER": null

2020-04-17 11:22:56 - [TEST_STEP][PASSED] - "eg - https://admin.preview.checkatrade.com/  ": null

2020-04-17 11:22:56 - [TEST_STEP][PASSED] - openBrowser(WebOfficeURL): Browser is opened with url: 'https://admin.preview.checkatrade.com/'

2020-04-17 11:22:56 - [MESSAGE][INFO] - Starting 'Firefox' driver

2020-04-17 11:22:56 - [MESSAGE][INFO] - Action delay is set to 0 milliseconds

2020-04-17 11:23:02 - [MESSAGE][PASSED] - Browser is opened with url: 'https://admin.preview.checkatrade.com/'

2020-04-17 11:23:02 - [TEST_STEP][PASSED] - maximizeWindow(): Current window maximized

2020-04-17 11:23:02 - [MESSAGE][PASSED] - Current window maximized

2020-04-17 11:23:02 - [TEST_STEP][PASSED] - waitForElementClickable(findTestObject("Object Repository/WebOffice/Page_Checkatrade - Administration - Login/Login_Button"), 25): Object 'Object Repository/WebOffice/Page_Checkatrade - Administration - Login/Login_Button' is clickable

2020-04-17 11:23:02 - [MESSAGE][PASSED] - Object 'Object Repository/WebOffice/Page_Checkatrade - Administration - Login/Login_Button' is clickable

2020-04-17 11:23:02 - [TEST_STEP][PASSED] - verifyTextPresent("Checkatrade Web Office", false): Text 'Checkatrade Web Office' is present on page 

2020-04-17 11:23:03 - [MESSAGE][PASSED] - Text 'Checkatrade Web Office' is present on page 

2020-04-17 11:23:03 - [TEST_STEP][PASSED] - verifyTextPresent("Access for staff use only", false): Text 'Access for staff use only' is present on page 

2020-04-17 11:23:03 - [MESSAGE][PASSED] - Text 'Access for staff use only' is present on page 

2020-04-17 11:23:03 - [TEST_STEP][PASSED] - verifyTextPresent("Forgotten password?", false): Text 'Forgotten password?' is present on page 

2020-04-17 11:23:03 - [MESSAGE][PASSED] - Text 'Forgotten password?' is present on page 

2020-04-17 11:23:03 - [TEST_STEP][PASSED] - setText(findTestObject("Object Repository/WebOffice/Page_Checkatrade - Administration - Login/input_Username_LoginControlUserName"), wo_Username): Text 'DavidHo' is set on object 'Object Repository/WebOffice/Page_Checkatrade - Administration - Login/input_Username_LoginControlUserName'

2020-04-17 11:23:03 - [MESSAGE][PASSED] - Text 'DavidHo' is set on object 'Object Repository/WebOffice/Page_Checkatrade - Administration - Login/input_Username_LoginControlUserName'

2020-04-17 11:23:03 - [TEST_STEP][PASSED] - setText(findTestObject("Object Repository/WebOffice/Page_Checkatrade - Administration - Login/input_Password_LoginControlPassword"), wo_Password): Text 'Check123' is set on object 'Object Repository/WebOffice/Page_Checkatrade - Administration - Login/input_Password_LoginControlPassword'

2020-04-17 11:23:03 - [MESSAGE][PASSED] - Text 'Check123' is set on object 'Object Repository/WebOffice/Page_Checkatrade - Administration - Login/input_Password_LoginControlPassword'

2020-04-17 11:23:03 - [TEST_STEP][PASSED] - click(findTestObject("Object Repository/WebOffice/Page_Checkatrade - Administration - Login/Login_Button")): Object: 'Object Repository/WebOffice/Page_Checkatrade - Administration - Login/Login_Button' is clicked on

2020-04-17 11:23:04 - [MESSAGE][PASSED] - Object: 'Object Repository/WebOffice/Page_Checkatrade - Administration - Login/Login_Button' is clicked on

2020-04-17 11:23:04 - [TEST_STEP][PASSED] - waitForPageLoad(60): Wait for page load successfully

2020-04-17 11:23:04 - [MESSAGE][PASSED] - Wait for page load successfully

2020-04-17 11:23:04 - [TEST_STEP][PASSED] - verifyTextPresent("Welcome " + wo_Username, false): Text 'Welcome DavidHo' is present on page 

2020-04-17 11:23:04 - [MESSAGE][PASSED] - Text 'Welcome DavidHo' is present on page 

2020-04-17 11:23:04 - [MESSAGE][PASSED] - Call Test Case 'Test Cases/Reusable_Test_Sequences/Web_Office/Directives/WebOffice_StartUp' successfully

2020-04-17 11:23:04 - [TEST_STEP][PASSED] - "-----------------------------------------------------------------": null

2020-04-17 11:23:04 - [TEST_STEP][PASSED] - " Navigate to <Settings->Checkatrade.Com->Sub Item> Menu Item     |": null

2020-04-17 11:23:04 - [TEST_STEP][PASSED] - callTestCase(findTestCase("Reusable_Test_Sequences/Web_Office/Navigation/Sub_Menu_Navigation/Settings/Members_Area/Members_Blog_Posts"), [:], STOP_ON_FAILURE): Call Test Case 'Test Cases/Reusable_Test_Sequences/Web_Office/Navigation/Sub_Menu_Navigation/Settings/Members_Area/Members_Blog_Posts' successfully

2020-04-17 11:23:04 - [TEST_CASE][PASSED] - Test Cases/Reusable_Test_Sequences/Web_Office/Navigation/Sub_Menu_Navigation/Settings/Members_Area/Members_Blog_Posts: Test Cases/Reusable_Test_Sequences/Web_Office/Navigation/Sub_Menu_Navigation/Settings/Members_Area/Members_Blog_Posts

2020-04-17 11:23:05 - [TEST_STEP][PASSED] - "--------------------------------------": null

2020-04-17 11:23:05 - [TEST_STEP][PASSED] - " Navigate Top level menu Item         |": null

2020-04-17 11:23:05 - [TEST_STEP][PASSED] - waitForPageLoad(60): Wait for page load successfully

2020-04-17 11:23:05 - [MESSAGE][PASSED] - Wait for page load successfully

2020-04-17 11:23:05 - [TEST_STEP][PASSED] - waitForElementClickable(findTestObject("Object Repository/WebOffice_Home_page/a_Settings"), 60): Object 'Object Repository/WebOffice_Home_page/a_Settings' is clickable

2020-04-17 11:23:05 - [MESSAGE][PASSED] - Object 'Object Repository/WebOffice_Home_page/a_Settings' is clickable

2020-04-17 11:23:05 - [TEST_STEP][PASSED] - mouseOver(findTestObject("Object Repository/WebOffice_Home_page/a_Settings")): Object: 'Object Repository/WebOffice_Home_page/a_Settings' is hovered

2020-04-17 11:23:05 - [MESSAGE][PASSED] - Object: 'Object Repository/WebOffice_Home_page/a_Settings' is hovered

2020-04-17 11:23:05 - [TEST_STEP][PASSED] - mouseOver(findTestObject("Object Repository/WebOffice_Home_page/a_Members Area")): Object: 'Object Repository/WebOffice_Home_page/a_Members Area' is hovered

2020-04-17 11:23:05 - [MESSAGE][PASSED] - Object: 'Object Repository/WebOffice_Home_page/a_Members Area' is hovered

2020-04-17 11:23:05 - [TEST_STEP][PASSED] - waitForElementClickable(findTestObject("Object Repository/WebOffice_Home_page/a_Members Blog Posts"), 1): Object 'Object Repository/WebOffice_Home_page/a_Members Blog Posts' is clickable

2020-04-17 11:23:06 - [MESSAGE][PASSED] - Object 'Object Repository/WebOffice_Home_page/a_Members Blog Posts' is clickable

2020-04-17 11:23:06 - [TEST_STEP][PASSED] - click(findTestObject("Object Repository/WebOffice_Home_page/a_Members Blog Posts")): Object: 'Object Repository/WebOffice_Home_page/a_Members Blog Posts' is clicked on

2020-04-17 11:23:07 - [MESSAGE][PASSED] - Object: 'Object Repository/WebOffice_Home_page/a_Members Blog Posts' is clicked on

2020-04-17 11:23:07 - [MESSAGE][PASSED] - Call Test Case 'Test Cases/Reusable_Test_Sequences/Web_Office/Navigation/Sub_Menu_Navigation/Settings/Members_Area/Members_Blog_Posts' successfully

2020-04-17 11:23:07 - [TEST_STEP][PASSED] - "--------------------------------------": null

2020-04-17 11:23:07 - [TEST_STEP][PASSED] - " Verify Returned Page Detail          |": null

2020-04-17 11:23:07 - [TEST_STEP][PASSED] - callTestCase(findTestCase("Reusable_Test_Sequences/Web_Office/Verification/Settings/Members_Area/Members_Blog_Posts"), [:], OPTIONAL): Call Test Case 'Test Cases/Reusable_Test_Sequences/Web_Office/Verification/Settings/Members_Area/Members_Blog_Posts' successfully

2020-04-17 11:23:07 - [TEST_CASE][PASSED] - Test Cases/Reusable_Test_Sequences/Web_Office/Verification/Settings/Members_Area/Members_Blog_Posts: Test Cases/Reusable_Test_Sequences/Web_Office/Verification/Settings/Members_Area/Members_Blog_Posts

2020-04-17 11:23:08 - [TEST_STEP][PASSED] - waitForPageLoad(60): Wait for page load successfully

2020-04-17 11:23:08 - [MESSAGE][PASSED] - Wait for page load successfully

2020-04-17 11:23:08 - [TEST_STEP][PASSED] - delay(1): Delayed 1 second(s)

2020-04-17 11:23:09 - [MESSAGE][PASSED] - Delayed 1 second(s)

2020-04-17 11:23:09 - [TEST_STEP][PASSED] - verifyTextPresent("Members Blog Posts", false): Text 'Members Blog Posts' is present on page 

2020-04-17 11:23:09 - [MESSAGE][PASSED] - Text 'Members Blog Posts' is present on page 

2020-04-17 11:23:09 - [TEST_STEP][PASSED] - "----------------------------------------------": null

2020-04-17 11:23:09 - [TEST_STEP][PASSED] - verifyTextPresent("Use this page to add new Blog posts and amend which ones are shown. These are posts are only visible on the Members Area.", false): Text 'Use this page to add new Blog posts and amend which ones are shown. These are posts are only visible on the Members Area.' is present on page 

2020-04-17 11:23:10 - [MESSAGE][PASSED] - Text 'Use this page to add new Blog posts and amend which ones are shown. These are posts are only visible on the Members Area.' is present on page 

2020-04-17 11:23:10 - [TEST_STEP][PASSED] - verifyTextPresent("Subject", false): Text 'Subject' is present on page 

2020-04-17 11:23:10 - [MESSAGE][PASSED] - Text 'Subject' is present on page 

2020-04-17 11:23:10 - [TEST_STEP][PASSED] - verifyTextPresent("Add New Blog Post", false): Text 'Add New Blog Post' is present on page 

2020-04-17 11:23:11 - [MESSAGE][PASSED] - Text 'Add New Blog Post' is present on page 

2020-04-17 11:23:11 - [TEST_STEP][PASSED] - "----------------------------------------------": null

2020-04-17 11:23:11 - [TEST_STEP][PASSED] - verifyTextPresent("Active Blog Posts", false): Text 'Active Blog Posts' is present on page 

2020-04-17 11:23:11 - [MESSAGE][PASSED] - Text 'Active Blog Posts' is present on page 

2020-04-17 11:23:11 - [TEST_STEP][PASSED] - verifyTextPresent("Secure Contacts FAQ's", false): Text 'Secure Contacts FAQ's' is present on page 

2020-04-17 11:23:12 - [MESSAGE][PASSED] - Text 'Secure Contacts FAQ's' is present on page 

2020-04-17 11:23:12 - [MESSAGE][PASSED] - Call Test Case 'Test Cases/Reusable_Test_Sequences/Web_Office/Verification/Settings/Members_Area/Members_Blog_Posts' successfully

2020-04-17 11:23:12 - [TEST_STEP][PASSED] - "--------------------------": null

2020-04-17 11:23:12 - [TEST_STEP][PASSED] - " Teardown - CLose Browser |": null

2020-04-17 11:23:12 - [TEST_STEP][PASSED] - callTestCase(findTestCase("Reusable_Test_Sequences/CAT_Teardown"), [:], OPTIONAL): Call Test Case 'Test Cases/Reusable_Test_Sequences/CAT_Teardown' successfully

2020-04-17 11:23:12 - [TEST_CASE][PASSED] - Test Cases/Reusable_Test_Sequences/CAT_Teardown: Test Cases/Reusable_Test_Sequences/CAT_Teardown

2020-04-17 11:23:12 - [TEST_STEP][PASSED] - closeBrowser(): Browser is closed

2020-04-17 11:23:13 - [MESSAGE][PASSED] - Browser is closed

2020-04-17 11:23:13 - [TEST_STEP][PASSED] - super.finalize(): null

2020-04-17 11:23:13 - [TEST_STEP][PASSED] - System.gc(): null

2020-04-17 11:23:13 - [MESSAGE][PASSED] - Call Test Case 'Test Cases/Reusable_Test_Sequences/CAT_Teardown' successfully]]></system-out>
         <system-err><![CDATA[]]></system-err>
      </testcase>
      <testcase name="Test Cases/Web_Office/Settings/Members_Area/Manage_Accreditation_Types" time="72.175" classname="Test Cases/Web_Office/Settings/Members_Area/Manage_Accreditation_Types" status="PASSED">
         <system-out><![CDATA[2020-04-17 11:23:13 - [TEST_CASE][PASSED] - Test Cases/Web_Office/Settings/Members_Area/Manage_Accreditation_Types: Test Cases/Web_Office/Settings/Members_Area/Manage_Accreditation_Types

2020-04-17 11:23:14 - [TEST_STEP][PASSED] - "--------------------------------------": null

2020-04-17 11:23:14 - [TEST_STEP][PASSED] - " Web Office StartUp                  |": null

2020-04-17 11:23:14 - [TEST_STEP][PASSED] - callTestCase(findTestCase("Reusable_Test_Sequences/Web_Office/Directives/WebOffice_StartUp"), [:], STOP_ON_FAILURE): Call Test Case 'Test Cases/Reusable_Test_Sequences/Web_Office/Directives/WebOffice_StartUp' successfully

2020-04-17 11:23:14 - [TEST_CASE][PASSED] - Test Cases/Reusable_Test_Sequences/Web_Office/Directives/WebOffice_StartUp: Test Cases/Reusable_Test_Sequences/Web_Office/Directives/WebOffice_StartUp

2020-04-17 11:23:14 - [TEST_STEP][PASSED] - "-----------------------------------------------------------------------------": null

2020-04-17 11:23:14 - [TEST_STEP][PASSED] - if (URL == "https://www.dev.checkatrade.com/"): null

2020-04-17 11:23:14 - [TEST_STEP][PASSED] - "-----------------------------------------------------------------------------": null

2020-04-17 11:23:14 - [TEST_STEP][PASSED] - if (URL == "https://www.checkatrade.com/"): null

2020-04-17 11:23:14 - [TEST_STEP][PASSED] - "-----------------------------------------------------------------------------": null

2020-04-17 11:23:14 - [TEST_STEP][PASSED] - if (URL == "https://www.preview.checkatrade.com/"): null

2020-04-17 11:23:14 - [TEST_STEP][PASSED] - WebOfficeURL = "https://admin.preview.checkatrade.com/": null

2020-04-17 11:23:14 - [TEST_STEP][PASSED] - if (URL == "https://www.dev2.checkatrade.com/"): null

2020-04-17 11:23:14 - [TEST_STEP][PASSED] - "Set Function Area for "URL_Handler", URL Resolution": null

2020-04-17 11:23:14 - [TEST_STEP][PASSED] - "Do Some Magic with URL(s) See the comments within URL Handler ": null

2020-04-17 11:23:14 - [TEST_STEP][PASSED] - "------------------------------------------------": null

2020-04-17 11:23:14 - [TEST_STEP][PASSED] - "Moved Login Credentials to <Default> profile 22/01/2020": null

2020-04-17 11:23:14 - [TEST_STEP][PASSED] - "------------------------------------------------": null

2020-04-17 11:23:14 - [TEST_STEP][PASSED] - "WebOfficeURL - Set from the ENVIRONMENT PROFILE ": null

2020-04-17 11:23:14 - [TEST_STEP][PASSED] - "OPEN BROWSER": null

2020-04-17 11:23:14 - [TEST_STEP][PASSED] - "eg - https://admin.preview.checkatrade.com/  ": null

2020-04-17 11:23:14 - [TEST_STEP][PASSED] - openBrowser(WebOfficeURL): Browser is opened with url: 'https://admin.preview.checkatrade.com/'

2020-04-17 11:23:14 - [MESSAGE][INFO] - Starting 'Firefox' driver

2020-04-17 11:23:14 - [MESSAGE][INFO] - Action delay is set to 0 milliseconds

2020-04-17 11:23:20 - [MESSAGE][PASSED] - Browser is opened with url: 'https://admin.preview.checkatrade.com/'

2020-04-17 11:23:20 - [TEST_STEP][PASSED] - maximizeWindow(): Current window maximized

2020-04-17 11:23:20 - [MESSAGE][PASSED] - Current window maximized

2020-04-17 11:23:20 - [TEST_STEP][PASSED] - waitForElementClickable(findTestObject("Object Repository/WebOffice/Page_Checkatrade - Administration - Login/Login_Button"), 25): Object 'Object Repository/WebOffice/Page_Checkatrade - Administration - Login/Login_Button' is clickable

2020-04-17 11:23:20 - [MESSAGE][PASSED] - Object 'Object Repository/WebOffice/Page_Checkatrade - Administration - Login/Login_Button' is clickable

2020-04-17 11:23:20 - [TEST_STEP][PASSED] - verifyTextPresent("Checkatrade Web Office", false): Text 'Checkatrade Web Office' is present on page 

2020-04-17 11:23:20 - [MESSAGE][PASSED] - Text 'Checkatrade Web Office' is present on page 

2020-04-17 11:23:20 - [TEST_STEP][PASSED] - verifyTextPresent("Access for staff use only", false): Text 'Access for staff use only' is present on page 

2020-04-17 11:23:20 - [MESSAGE][PASSED] - Text 'Access for staff use only' is present on page 

2020-04-17 11:23:20 - [TEST_STEP][PASSED] - verifyTextPresent("Forgotten password?", false): Text 'Forgotten password?' is present on page 

2020-04-17 11:23:20 - [MESSAGE][PASSED] - Text 'Forgotten password?' is present on page 

2020-04-17 11:23:20 - [TEST_STEP][PASSED] - setText(findTestObject("Object Repository/WebOffice/Page_Checkatrade - Administration - Login/input_Username_LoginControlUserName"), wo_Username): Text 'DavidHo' is set on object 'Object Repository/WebOffice/Page_Checkatrade - Administration - Login/input_Username_LoginControlUserName'

2020-04-17 11:23:21 - [MESSAGE][PASSED] - Text 'DavidHo' is set on object 'Object Repository/WebOffice/Page_Checkatrade - Administration - Login/input_Username_LoginControlUserName'

2020-04-17 11:23:21 - [TEST_STEP][PASSED] - setText(findTestObject("Object Repository/WebOffice/Page_Checkatrade - Administration - Login/input_Password_LoginControlPassword"), wo_Password): Text 'Check123' is set on object 'Object Repository/WebOffice/Page_Checkatrade - Administration - Login/input_Password_LoginControlPassword'

2020-04-17 11:23:21 - [MESSAGE][PASSED] - Text 'Check123' is set on object 'Object Repository/WebOffice/Page_Checkatrade - Administration - Login/input_Password_LoginControlPassword'

2020-04-17 11:23:21 - [TEST_STEP][PASSED] - click(findTestObject("Object Repository/WebOffice/Page_Checkatrade - Administration - Login/Login_Button")): Object: 'Object Repository/WebOffice/Page_Checkatrade - Administration - Login/Login_Button' is clicked on

2020-04-17 11:23:21 - [MESSAGE][PASSED] - Object: 'Object Repository/WebOffice/Page_Checkatrade - Administration - Login/Login_Button' is clicked on

2020-04-17 11:23:21 - [TEST_STEP][PASSED] - waitForPageLoad(60): Wait for page load successfully

2020-04-17 11:23:21 - [MESSAGE][PASSED] - Wait for page load successfully

2020-04-17 11:23:21 - [TEST_STEP][PASSED] - verifyTextPresent("Welcome " + wo_Username, false): Text 'Welcome DavidHo' is present on page 

2020-04-17 11:23:22 - [MESSAGE][PASSED] - Text 'Welcome DavidHo' is present on page 

2020-04-17 11:23:22 - [MESSAGE][PASSED] - Call Test Case 'Test Cases/Reusable_Test_Sequences/Web_Office/Directives/WebOffice_StartUp' successfully

2020-04-17 11:23:22 - [TEST_STEP][PASSED] - "-----------------------------------------------------------------": null

2020-04-17 11:23:22 - [TEST_STEP][PASSED] - " Navigate to <Settings->Checkatrade.Com->Sub Item> Menu Item     |": null

2020-04-17 11:23:22 - [TEST_STEP][PASSED] - callTestCase(findTestCase("Reusable_Test_Sequences/Web_Office/Navigation/Sub_Menu_Navigation/Settings/Members_Area/Manage_Accreditation_Types"), [:], STOP_ON_FAILURE): Call Test Case 'Test Cases/Reusable_Test_Sequences/Web_Office/Navigation/Sub_Menu_Navigation/Settings/Members_Area/Manage_Accreditation_Types' successfully

2020-04-17 11:23:22 - [TEST_CASE][PASSED] - Test Cases/Reusable_Test_Sequences/Web_Office/Navigation/Sub_Menu_Navigation/Settings/Members_Area/Manage_Accreditation_Types: Test Cases/Reusable_Test_Sequences/Web_Office/Navigation/Sub_Menu_Navigation/Settings/Members_Area/Manage_Accreditation_Types

2020-04-17 11:23:22 - [TEST_STEP][PASSED] - "--------------------------------------": null

2020-04-17 11:23:22 - [TEST_STEP][PASSED] - " Navigate Top level menu Item         |": null

2020-04-17 11:23:22 - [TEST_STEP][PASSED] - waitForPageLoad(60): Wait for page load successfully

2020-04-17 11:23:22 - [MESSAGE][PASSED] - Wait for page load successfully

2020-04-17 11:23:22 - [TEST_STEP][PASSED] - waitForElementClickable(findTestObject("Object Repository/WebOffice_Home_page/a_Settings"), 60): Object 'Object Repository/WebOffice_Home_page/a_Settings' is clickable

2020-04-17 11:23:22 - [MESSAGE][PASSED] - Object 'Object Repository/WebOffice_Home_page/a_Settings' is clickable

2020-04-17 11:23:22 - [TEST_STEP][PASSED] - mouseOver(findTestObject("Object Repository/WebOffice_Home_page/a_Settings")): Object: 'Object Repository/WebOffice_Home_page/a_Settings' is hovered

2020-04-17 11:23:23 - [MESSAGE][PASSED] - Object: 'Object Repository/WebOffice_Home_page/a_Settings' is hovered

2020-04-17 11:23:23 - [TEST_STEP][PASSED] - mouseOver(findTestObject("Object Repository/WebOffice_Home_page/a_Members Area")): Object: 'Object Repository/WebOffice_Home_page/a_Members Area' is hovered

2020-04-17 11:23:23 - [MESSAGE][PASSED] - Object: 'Object Repository/WebOffice_Home_page/a_Members Area' is hovered

2020-04-17 11:23:23 - [TEST_STEP][PASSED] - waitForElementClickable(findTestObject("Object Repository/WebOffice_Home_page/a_Manage Accreditation Types"), 1): Object 'Object Repository/WebOffice_Home_page/a_Manage Accreditation Types' is clickable

2020-04-17 11:23:23 - [MESSAGE][PASSED] - Object 'Object Repository/WebOffice_Home_page/a_Manage Accreditation Types' is clickable

2020-04-17 11:23:23 - [TEST_STEP][PASSED] - click(findTestObject("Object Repository/WebOffice_Home_page/a_Manage Accreditation Types")): Object: 'Object Repository/WebOffice_Home_page/a_Manage Accreditation Types' is clicked on

2020-04-17 11:23:24 - [MESSAGE][PASSED] - Object: 'Object Repository/WebOffice_Home_page/a_Manage Accreditation Types' is clicked on

2020-04-17 11:23:24 - [MESSAGE][PASSED] - Call Test Case 'Test Cases/Reusable_Test_Sequences/Web_Office/Navigation/Sub_Menu_Navigation/Settings/Members_Area/Manage_Accreditation_Types' successfully

2020-04-17 11:23:24 - [TEST_STEP][PASSED] - "--------------------------------------": null

2020-04-17 11:23:24 - [TEST_STEP][PASSED] - " Verify Returned Page Detail          |": null

2020-04-17 11:23:24 - [TEST_STEP][PASSED] - callTestCase(findTestCase("Reusable_Test_Sequences/Web_Office/Verification/Settings/Members_Area/Manage_Accreditation_Types"), [:], OPTIONAL): Call Test Case 'Test Cases/Reusable_Test_Sequences/Web_Office/Verification/Settings/Members_Area/Manage_Accreditation_Types' successfully

2020-04-17 11:23:24 - [TEST_CASE][PASSED] - Test Cases/Reusable_Test_Sequences/Web_Office/Verification/Settings/Members_Area/Manage_Accreditation_Types: Test Cases/Reusable_Test_Sequences/Web_Office/Verification/Settings/Members_Area/Manage_Accreditation_Types

2020-04-17 11:23:25 - [TEST_STEP][PASSED] - waitForPageLoad(60): Wait for page load successfully

2020-04-17 11:23:25 - [MESSAGE][PASSED] - Wait for page load successfully

2020-04-17 11:23:25 - [TEST_STEP][PASSED] - delay(1): Delayed 1 second(s)

2020-04-17 11:23:26 - [MESSAGE][PASSED] - Delayed 1 second(s)

2020-04-17 11:23:26 - [TEST_STEP][PASSED] - verifyTextPresent("Members Accreditations", false): Text 'Members Accreditations' is present on page 

2020-04-17 11:23:28 - [MESSAGE][PASSED] - Text 'Members Accreditations' is present on page 

2020-04-17 11:23:28 - [TEST_STEP][PASSED] - "----------------------------------------------": null

2020-04-17 11:23:28 - [TEST_STEP][PASSED] - verifyTextPresent("Add New Accreditation", false): Text 'Add New Accreditation' is present on page 

2020-04-17 11:23:31 - [MESSAGE][PASSED] - Text 'Add New Accreditation' is present on page 

2020-04-17 11:23:31 - [TEST_STEP][PASSED] - verifyTextPresent("Name", false): Text 'Name' is present on page 

2020-04-17 11:23:35 - [MESSAGE][PASSED] - Text 'Name' is present on page 

2020-04-17 11:23:35 - [TEST_STEP][PASSED] - verifyTextPresent("Description", false): Text 'Description' is present on page 

2020-04-17 11:23:38 - [MESSAGE][PASSED] - Text 'Description' is present on page 

2020-04-17 11:23:38 - [TEST_STEP][PASSED] - verifyTextPresent("Start Date", false): Text 'Start Date' is present on page 

2020-04-17 11:23:41 - [MESSAGE][PASSED] - Text 'Start Date' is present on page 

2020-04-17 11:23:41 - [TEST_STEP][PASSED] - verifyTextPresent("End Date", false): Text 'End Date' is present on page 

2020-04-17 11:23:45 - [MESSAGE][PASSED] - Text 'End Date' is present on page 

2020-04-17 11:23:45 - [TEST_STEP][PASSED] - verifyTextPresent("Status", false): Text 'Status' is present on page 

2020-04-17 11:23:48 - [MESSAGE][PASSED] - Text 'Status' is present on page 

2020-04-17 11:23:48 - [TEST_STEP][PASSED] - verifyTextPresent("Valid", false): Text 'Valid' is present on page 

2020-04-17 11:23:50 - [MESSAGE][PASSED] - Text 'Valid' is present on page 

2020-04-17 11:23:50 - [TEST_STEP][PASSED] - verifyTextPresent("Options", false): Text 'Options' is present on page 

2020-04-17 11:23:52 - [MESSAGE][PASSED] - Text 'Options' is present on page 

2020-04-17 11:23:52 - [TEST_STEP][PASSED] - verifyTextPresent("Expiry Date Required", false): Text 'Expiry Date Required' is present on page 

2020-04-17 11:23:55 - [MESSAGE][PASSED] - Text 'Expiry Date Required' is present on page 

2020-04-17 11:23:55 - [TEST_STEP][PASSED] - verifyTextPresent("Visibility", false): Text 'Visibility' is present on page 

2020-04-17 11:23:57 - [MESSAGE][PASSED] - Text 'Visibility' is present on page 

2020-04-17 11:23:57 - [TEST_STEP][PASSED] - verifyTextPresent("Email", false): Text 'Email' is present on page 

2020-04-17 11:23:59 - [MESSAGE][PASSED] - Text 'Email' is present on page 

2020-04-17 11:23:59 - [TEST_STEP][PASSED] - "----------------------------------------------": null

2020-04-17 11:23:59 - [TEST_STEP][PASSED] - verifyTextPresent("Edit", false): Text 'Edit' is present on page 

2020-04-17 11:24:01 - [MESSAGE][PASSED] - Text 'Edit' is present on page 

2020-04-17 11:24:01 - [TEST_STEP][PASSED] - verifyTextPresent("Status", false): Text 'Status' is present on page 

2020-04-17 11:24:03 - [MESSAGE][PASSED] - Text 'Status' is present on page 

2020-04-17 11:24:03 - [TEST_STEP][PASSED] - verifyTextPresent("Name", false): Text 'Name' is present on page 

2020-04-17 11:24:04 - [MESSAGE][PASSED] - Text 'Name' is present on page 

2020-04-17 11:24:04 - [TEST_STEP][PASSED] - verifyTextPresent("Description", false): Text 'Description' is present on page 

2020-04-17 11:24:07 - [MESSAGE][PASSED] - Text 'Description' is present on page 

2020-04-17 11:24:07 - [TEST_STEP][PASSED] - verifyTextPresent("Expiry Date", false): Text 'Expiry Date' is present on page 

2020-04-17 11:24:09 - [MESSAGE][PASSED] - Text 'Expiry Date' is present on page 

2020-04-17 11:24:09 - [TEST_STEP][PASSED] - verifyTextPresent("Reg", false): Text 'Reg' is present on page 

2020-04-17 11:24:11 - [MESSAGE][PASSED] - Text 'Reg' is present on page 

2020-04-17 11:24:11 - [TEST_STEP][PASSED] - verifyTextPresent("Start Date", false): Text 'Start Date' is present on page 

2020-04-17 11:24:13 - [MESSAGE][PASSED] - Text 'Start Date' is present on page 

2020-04-17 11:24:13 - [TEST_STEP][PASSED] - verifyTextPresent("End Date", false): Text 'End Date' is present on page 

2020-04-17 11:24:15 - [MESSAGE][PASSED] - Text 'End Date' is present on page 

2020-04-17 11:24:15 - [TEST_STEP][PASSED] - verifyTextPresent("Notes", false): Text 'Notes' is present on page 

2020-04-17 11:24:17 - [MESSAGE][PASSED] - Text 'Notes' is present on page 

2020-04-17 11:24:17 - [TEST_STEP][PASSED] - verifyTextPresent("Valid", false): Text 'Valid' is present on page 

2020-04-17 11:24:19 - [MESSAGE][PASSED] - Text 'Valid' is present on page 

2020-04-17 11:24:19 - [TEST_STEP][PASSED] - verifyTextPresent("CORGI", false): Text 'CORGI' is present on page 

2020-04-17 11:24:21 - [MESSAGE][PASSED] - Text 'CORGI' is present on page 

2020-04-17 11:24:21 - [TEST_STEP][PASSED] - verifyTextPresent("British Standards Institution", false): Text 'British Standards Institution' is present on page 

2020-04-17 11:24:23 - [MESSAGE][PASSED] - Text 'British Standards Institution' is present on page 

2020-04-17 11:24:23 - [TEST_STEP][PASSED] - verifyTextPresent("Electrical Contractors Association", false): Text 'Electrical Contractors Association' is present on page 

2020-04-17 11:24:24 - [MESSAGE][PASSED] - Text 'Electrical Contractors Association' is present on page 

2020-04-17 11:24:24 - [MESSAGE][PASSED] - Call Test Case 'Test Cases/Reusable_Test_Sequences/Web_Office/Verification/Settings/Members_Area/Manage_Accreditation_Types' successfully

2020-04-17 11:24:24 - [TEST_STEP][PASSED] - "--------------------------": null

2020-04-17 11:24:24 - [TEST_STEP][PASSED] - " Teardown - CLose Browser |": null

2020-04-17 11:24:24 - [TEST_STEP][PASSED] - callTestCase(findTestCase("Reusable_Test_Sequences/CAT_Teardown"), [:], OPTIONAL): Call Test Case 'Test Cases/Reusable_Test_Sequences/CAT_Teardown' successfully

2020-04-17 11:24:24 - [TEST_CASE][PASSED] - Test Cases/Reusable_Test_Sequences/CAT_Teardown: Test Cases/Reusable_Test_Sequences/CAT_Teardown

2020-04-17 11:24:24 - [TEST_STEP][PASSED] - closeBrowser(): Browser is closed

2020-04-17 11:24:26 - [MESSAGE][PASSED] - Browser is closed

2020-04-17 11:24:26 - [TEST_STEP][PASSED] - super.finalize(): null

2020-04-17 11:24:26 - [TEST_STEP][PASSED] - System.gc(): null

2020-04-17 11:24:26 - [MESSAGE][PASSED] - Call Test Case 'Test Cases/Reusable_Test_Sequences/CAT_Teardown' successfully]]></system-out>
         <system-err><![CDATA[]]></system-err>
      </testcase>
      <testcase name="Test Cases/Web_Office/Settings/Members_Area/Manage_Advert_Banners" time="27.326" classname="Test Cases/Web_Office/Settings/Members_Area/Manage_Advert_Banners" status="PASSED">
         <system-out><![CDATA[2020-04-17 11:24:26 - [TEST_CASE][PASSED] - Test Cases/Web_Office/Settings/Members_Area/Manage_Advert_Banners: Test Cases/Web_Office/Settings/Members_Area/Manage_Advert_Banners

2020-04-17 11:24:26 - [TEST_STEP][PASSED] - "--------------------------------------": null

2020-04-17 11:24:26 - [TEST_STEP][PASSED] - " Web Office StartUp                   |": null

2020-04-17 11:24:26 - [TEST_STEP][PASSED] - callTestCase(findTestCase("Reusable_Test_Sequences/Web_Office/Directives/WebOffice_StartUp"), [:], STOP_ON_FAILURE): Call Test Case 'Test Cases/Reusable_Test_Sequences/Web_Office/Directives/WebOffice_StartUp' successfully

2020-04-17 11:24:26 - [TEST_CASE][PASSED] - Test Cases/Reusable_Test_Sequences/Web_Office/Directives/WebOffice_StartUp: Test Cases/Reusable_Test_Sequences/Web_Office/Directives/WebOffice_StartUp

2020-04-17 11:24:26 - [TEST_STEP][PASSED] - "-----------------------------------------------------------------------------": null

2020-04-17 11:24:26 - [TEST_STEP][PASSED] - if (URL == "https://www.dev.checkatrade.com/"): null

2020-04-17 11:24:26 - [TEST_STEP][PASSED] - "-----------------------------------------------------------------------------": null

2020-04-17 11:24:26 - [TEST_STEP][PASSED] - if (URL == "https://www.checkatrade.com/"): null

2020-04-17 11:24:26 - [TEST_STEP][PASSED] - "-----------------------------------------------------------------------------": null

2020-04-17 11:24:26 - [TEST_STEP][PASSED] - if (URL == "https://www.preview.checkatrade.com/"): null

2020-04-17 11:24:26 - [TEST_STEP][PASSED] - WebOfficeURL = "https://admin.preview.checkatrade.com/": null

2020-04-17 11:24:26 - [TEST_STEP][PASSED] - if (URL == "https://www.dev2.checkatrade.com/"): null

2020-04-17 11:24:26 - [TEST_STEP][PASSED] - "Set Function Area for "URL_Handler", URL Resolution": null

2020-04-17 11:24:26 - [TEST_STEP][PASSED] - "Do Some Magic with URL(s) See the comments within URL Handler ": null

2020-04-17 11:24:26 - [TEST_STEP][PASSED] - "------------------------------------------------": null

2020-04-17 11:24:26 - [TEST_STEP][PASSED] - "Moved Login Credentials to <Default> profile 22/01/2020": null

2020-04-17 11:24:26 - [TEST_STEP][PASSED] - "------------------------------------------------": null

2020-04-17 11:24:26 - [TEST_STEP][PASSED] - "WebOfficeURL - Set from the ENVIRONMENT PROFILE ": null

2020-04-17 11:24:26 - [TEST_STEP][PASSED] - "OPEN BROWSER": null

2020-04-17 11:24:26 - [TEST_STEP][PASSED] - "eg - https://admin.preview.checkatrade.com/  ": null

2020-04-17 11:24:26 - [TEST_STEP][PASSED] - openBrowser(WebOfficeURL): Browser is opened with url: 'https://admin.preview.checkatrade.com/'

2020-04-17 11:24:26 - [MESSAGE][INFO] - Starting 'Firefox' driver

2020-04-17 11:24:26 - [MESSAGE][INFO] - Action delay is set to 0 milliseconds

2020-04-17 11:24:30 - [MESSAGE][PASSED] - Browser is opened with url: 'https://admin.preview.checkatrade.com/'

2020-04-17 11:24:30 - [TEST_STEP][PASSED] - maximizeWindow(): Current window maximized

2020-04-17 11:24:31 - [MESSAGE][PASSED] - Current window maximized

2020-04-17 11:24:31 - [TEST_STEP][PASSED] - waitForElementClickable(findTestObject("Object Repository/WebOffice/Page_Checkatrade - Administration - Login/Login_Button"), 25): Object 'Object Repository/WebOffice/Page_Checkatrade - Administration - Login/Login_Button' is clickable

2020-04-17 11:24:31 - [MESSAGE][PASSED] - Object 'Object Repository/WebOffice/Page_Checkatrade - Administration - Login/Login_Button' is clickable

2020-04-17 11:24:31 - [TEST_STEP][PASSED] - verifyTextPresent("Checkatrade Web Office", false): Text 'Checkatrade Web Office' is present on page 

2020-04-17 11:24:31 - [MESSAGE][PASSED] - Text 'Checkatrade Web Office' is present on page 

2020-04-17 11:24:31 - [TEST_STEP][PASSED] - verifyTextPresent("Access for staff use only", false): Text 'Access for staff use only' is present on page 

2020-04-17 11:24:31 - [MESSAGE][PASSED] - Text 'Access for staff use only' is present on page 

2020-04-17 11:24:31 - [TEST_STEP][PASSED] - verifyTextPresent("Forgotten password?", false): Text 'Forgotten password?' is present on page 

2020-04-17 11:24:31 - [MESSAGE][PASSED] - Text 'Forgotten password?' is present on page 

2020-04-17 11:24:31 - [TEST_STEP][PASSED] - setText(findTestObject("Object Repository/WebOffice/Page_Checkatrade - Administration - Login/input_Username_LoginControlUserName"), wo_Username): Text 'DavidHo' is set on object 'Object Repository/WebOffice/Page_Checkatrade - Administration - Login/input_Username_LoginControlUserName'

2020-04-17 11:24:31 - [MESSAGE][PASSED] - Text 'DavidHo' is set on object 'Object Repository/WebOffice/Page_Checkatrade - Administration - Login/input_Username_LoginControlUserName'

2020-04-17 11:24:31 - [TEST_STEP][PASSED] - setText(findTestObject("Object Repository/WebOffice/Page_Checkatrade - Administration - Login/input_Password_LoginControlPassword"), wo_Password): Text 'Check123' is set on object 'Object Repository/WebOffice/Page_Checkatrade - Administration - Login/input_Password_LoginControlPassword'

2020-04-17 11:24:31 - [MESSAGE][PASSED] - Text 'Check123' is set on object 'Object Repository/WebOffice/Page_Checkatrade - Administration - Login/input_Password_LoginControlPassword'

2020-04-17 11:24:31 - [TEST_STEP][PASSED] - click(findTestObject("Object Repository/WebOffice/Page_Checkatrade - Administration - Login/Login_Button")): Object: 'Object Repository/WebOffice/Page_Checkatrade - Administration - Login/Login_Button' is clicked on

2020-04-17 11:24:32 - [MESSAGE][PASSED] - Object: 'Object Repository/WebOffice/Page_Checkatrade - Administration - Login/Login_Button' is clicked on

2020-04-17 11:24:32 - [TEST_STEP][PASSED] - waitForPageLoad(60): Wait for page load successfully

2020-04-17 11:24:32 - [MESSAGE][PASSED] - Wait for page load successfully

2020-04-17 11:24:32 - [TEST_STEP][PASSED] - verifyTextPresent("Welcome " + wo_Username, false): Text 'Welcome DavidHo' is present on page 

2020-04-17 11:24:32 - [MESSAGE][PASSED] - Text 'Welcome DavidHo' is present on page 

2020-04-17 11:24:32 - [MESSAGE][PASSED] - Call Test Case 'Test Cases/Reusable_Test_Sequences/Web_Office/Directives/WebOffice_StartUp' successfully

2020-04-17 11:24:32 - [TEST_STEP][PASSED] - "-----------------------------------------------------------------": null

2020-04-17 11:24:32 - [TEST_STEP][PASSED] - " Navigate to <Settings->Checkatrade.Com->Sub Item> Menu Item     |": null

2020-04-17 11:24:32 - [TEST_STEP][PASSED] - callTestCase(findTestCase("Reusable_Test_Sequences/Web_Office/Navigation/Sub_Menu_Navigation/Settings/Members_Area/Manage_Advert_Banners"), [:], STOP_ON_FAILURE): Call Test Case 'Test Cases/Reusable_Test_Sequences/Web_Office/Navigation/Sub_Menu_Navigation/Settings/Members_Area/Manage_Advert_Banners' successfully

2020-04-17 11:24:32 - [TEST_CASE][PASSED] - Test Cases/Reusable_Test_Sequences/Web_Office/Navigation/Sub_Menu_Navigation/Settings/Members_Area/Manage_Advert_Banners: Test Cases/Reusable_Test_Sequences/Web_Office/Navigation/Sub_Menu_Navigation/Settings/Members_Area/Manage_Advert_Banners

2020-04-17 11:24:32 - [TEST_STEP][PASSED] - "--------------------------------------": null

2020-04-17 11:24:32 - [TEST_STEP][PASSED] - " Navigate Top level menu Item         |": null

2020-04-17 11:24:32 - [TEST_STEP][PASSED] - waitForPageLoad(60): Wait for page load successfully

2020-04-17 11:24:32 - [MESSAGE][PASSED] - Wait for page load successfully

2020-04-17 11:24:32 - [TEST_STEP][PASSED] - waitForElementClickable(findTestObject("Object Repository/WebOffice_Home_page/a_Settings"), 60): Object 'Object Repository/WebOffice_Home_page/a_Settings' is clickable

2020-04-17 11:24:32 - [MESSAGE][PASSED] - Object 'Object Repository/WebOffice_Home_page/a_Settings' is clickable

2020-04-17 11:24:32 - [TEST_STEP][PASSED] - mouseOver(findTestObject("Object Repository/WebOffice_Home_page/a_Settings")): Object: 'Object Repository/WebOffice_Home_page/a_Settings' is hovered

2020-04-17 11:24:33 - [MESSAGE][PASSED] - Object: 'Object Repository/WebOffice_Home_page/a_Settings' is hovered

2020-04-17 11:24:33 - [TEST_STEP][PASSED] - mouseOver(findTestObject("Object Repository/WebOffice_Home_page/a_Members Area")): Object: 'Object Repository/WebOffice_Home_page/a_Members Area' is hovered

2020-04-17 11:24:33 - [MESSAGE][PASSED] - Object: 'Object Repository/WebOffice_Home_page/a_Members Area' is hovered

2020-04-17 11:24:33 - [TEST_STEP][PASSED] - waitForElementClickable(findTestObject("Object Repository/WebOffice_Home_page/a_Manage Advert Banners"), 1): Object 'Object Repository/WebOffice_Home_page/a_Manage Advert Banners' is clickable

2020-04-17 11:24:33 - [MESSAGE][PASSED] - Object 'Object Repository/WebOffice_Home_page/a_Manage Advert Banners' is clickable

2020-04-17 11:24:33 - [TEST_STEP][PASSED] - click(findTestObject("Object Repository/WebOffice_Home_page/a_Manage Advert Banners")): Object: 'Object Repository/WebOffice_Home_page/a_Manage Advert Banners' is clicked on

2020-04-17 11:24:34 - [MESSAGE][PASSED] - Object: 'Object Repository/WebOffice_Home_page/a_Manage Advert Banners' is clicked on

2020-04-17 11:24:34 - [MESSAGE][PASSED] - Call Test Case 'Test Cases/Reusable_Test_Sequences/Web_Office/Navigation/Sub_Menu_Navigation/Settings/Members_Area/Manage_Advert_Banners' successfully

2020-04-17 11:24:34 - [TEST_STEP][PASSED] - "--------------------------------------": null

2020-04-17 11:24:34 - [TEST_STEP][PASSED] - " Verify Returned Page Detail          |": null

2020-04-17 11:24:34 - [TEST_STEP][PASSED] - callTestCase(findTestCase("Reusable_Test_Sequences/Web_Office/Verification/Settings/Members_Area/Manage_Advert_Banners"), [:], OPTIONAL): Call Test Case 'Test Cases/Reusable_Test_Sequences/Web_Office/Verification/Settings/Members_Area/Manage_Advert_Banners' successfully

2020-04-17 11:24:34 - [TEST_CASE][PASSED] - Test Cases/Reusable_Test_Sequences/Web_Office/Verification/Settings/Members_Area/Manage_Advert_Banners: Test Cases/Reusable_Test_Sequences/Web_Office/Verification/Settings/Members_Area/Manage_Advert_Banners

2020-04-17 11:24:34 - [TEST_STEP][PASSED] - waitForPageLoad(60): Wait for page load successfully

2020-04-17 11:24:34 - [MESSAGE][PASSED] - Wait for page load successfully

2020-04-17 11:24:34 - [TEST_STEP][PASSED] - delay(1): Delayed 1 second(s)

2020-04-17 11:24:35 - [MESSAGE][PASSED] - Delayed 1 second(s)

2020-04-17 11:24:35 - [TEST_STEP][PASSED] - verifyTextPresent("Members Area Adverts", false): Text 'Members Area Adverts' is present on page 

2020-04-17 11:24:36 - [MESSAGE][PASSED] - Text 'Members Area Adverts' is present on page 

2020-04-17 11:24:36 - [TEST_STEP][PASSED] - "----------------------------------------------": null

2020-04-17 11:24:36 - [TEST_STEP][PASSED] - verifyTextPresent("Add New Banner", false): Text 'Add New Banner' is present on page 

2020-04-17 11:24:37 - [MESSAGE][PASSED] - Text 'Add New Banner' is present on page 

2020-04-17 11:24:37 - [TEST_STEP][PASSED] - verifyTextPresent("Banner Name", false): Text 'Banner Name' is present on page 

2020-04-17 11:24:38 - [MESSAGE][PASSED] - Text 'Banner Name' is present on page 

2020-04-17 11:24:38 - [TEST_STEP][PASSED] - verifyTextPresent("Link URL", false): Text 'Link URL' is present on page 

2020-04-17 11:24:38 - [MESSAGE][PASSED] - Text 'Link URL' is present on page 

2020-04-17 11:24:38 - [TEST_STEP][PASSED] - verifyTextPresent("Large", false): Text 'Large' is present on page 

2020-04-17 11:24:39 - [MESSAGE][PASSED] - Text 'Large' is present on page 

2020-04-17 11:24:39 - [TEST_STEP][PASSED] - verifyTextPresent("Small", false): Text 'Small' is present on page 

2020-04-17 11:24:40 - [MESSAGE][PASSED] - Text 'Small' is present on page 

2020-04-17 11:24:40 - [TEST_STEP][PASSED] - verifyTextPresent("Dimentions for the Large image should be 468 x 60px", false): Text 'Dimentions for the Large image should be 468 x 60px' is present on page 

2020-04-17 11:24:41 - [MESSAGE][PASSED] - Text 'Dimentions for the Large image should be 468 x 60px' is present on page 

2020-04-17 11:24:41 - [TEST_STEP][PASSED] - verifyTextPresent("Dimentions for the small image should be 234 x 60px", false): Text 'Dimentions for the small image should be 234 x 60px' is present on page 

2020-04-17 11:24:42 - [MESSAGE][PASSED] - Text 'Dimentions for the small image should be 234 x 60px' is present on page 

2020-04-17 11:24:42 - [TEST_STEP][PASSED] - verifyTextPresent("Current Banners", false): Text 'Current Banners' is present on page 

2020-04-17 11:24:42 - [MESSAGE][PASSED] - Text 'Current Banners' is present on page 

2020-04-17 11:24:42 - [TEST_STEP][PASSED] - "----------------------------------------------": null

2020-04-17 11:24:42 - [TEST_STEP][PASSED] - verifyTextPresent("ID", false): Text 'ID' is present on page 

2020-04-17 11:24:43 - [MESSAGE][PASSED] - Text 'ID' is present on page 

2020-04-17 11:24:43 - [TEST_STEP][PASSED] - verifyTextPresent("Name", false): Text 'Name' is present on page 

2020-04-17 11:24:44 - [MESSAGE][PASSED] - Text 'Name' is present on page 

2020-04-17 11:24:44 - [TEST_STEP][PASSED] - verifyTextPresent("Banner URL", false): Text 'Banner URL' is present on page 

2020-04-17 11:24:45 - [MESSAGE][PASSED] - Text 'Banner URL' is present on page 

2020-04-17 11:24:45 - [TEST_STEP][PASSED] - verifyTextPresent("Preview", false): Text 'Preview' is present on page 

2020-04-17 11:24:46 - [MESSAGE][PASSED] - Text 'Preview' is present on page 

2020-04-17 11:24:46 - [TEST_STEP][PASSED] - verifyTextPresent("Is Active", false): Text 'Is Active' is present on page 

2020-04-17 11:24:47 - [MESSAGE][PASSED] - Text 'Is Active' is present on page 

2020-04-17 11:24:47 - [TEST_STEP][PASSED] - verifyTextPresent("Delete", false): Text 'Delete' is present on page 

2020-04-17 11:24:48 - [MESSAGE][PASSED] - Text 'Delete' is present on page 

2020-04-17 11:24:48 - [TEST_STEP][PASSED] - verifyTextPresent("iforce", false): Text 'iforce' is present on page 

2020-04-17 11:24:48 - [MESSAGE][PASSED] - Text 'iforce' is present on page 

2020-04-17 11:24:48 - [TEST_STEP][PASSED] - verifyTextPresent("https://join.checkatrade.com/refer/", false): Text 'https://join.checkatrade.com/refer/' is present on page 

2020-04-17 11:24:50 - [MESSAGE][PASSED] - Text 'https://join.checkatrade.com/refer/' is present on page 

2020-04-17 11:24:50 - [TEST_STEP][PASSED] - verifyTextPresent("iForce", false): Text 'iForce' is present on page 

2020-04-17 11:24:51 - [MESSAGE][PASSED] - Text 'iForce' is present on page 

2020-04-17 11:24:51 - [TEST_STEP][PASSED] - verifyTextPresent("Offers", false): Text 'Offers' is present on page 

2020-04-17 11:24:51 - [MESSAGE][PASSED] - Text 'Offers' is present on page 

2020-04-17 11:24:51 - [MESSAGE][PASSED] - Call Test Case 'Test Cases/Reusable_Test_Sequences/Web_Office/Verification/Settings/Members_Area/Manage_Advert_Banners' successfully

2020-04-17 11:24:51 - [TEST_STEP][PASSED] - "--------------------------": null

2020-04-17 11:24:51 - [TEST_STEP][PASSED] - " Teardown - CLose Browser |": null

2020-04-17 11:24:51 - [TEST_STEP][PASSED] - callTestCase(findTestCase("Reusable_Test_Sequences/CAT_Teardown"), [:], OPTIONAL): Call Test Case 'Test Cases/Reusable_Test_Sequences/CAT_Teardown' successfully

2020-04-17 11:24:51 - [TEST_CASE][PASSED] - Test Cases/Reusable_Test_Sequences/CAT_Teardown: Test Cases/Reusable_Test_Sequences/CAT_Teardown

2020-04-17 11:24:51 - [TEST_STEP][PASSED] - closeBrowser(): Browser is closed

2020-04-17 11:24:53 - [MESSAGE][PASSED] - Browser is closed

2020-04-17 11:24:53 - [TEST_STEP][PASSED] - super.finalize(): null

2020-04-17 11:24:53 - [TEST_STEP][PASSED] - System.gc(): null

2020-04-17 11:24:53 - [MESSAGE][PASSED] - Call Test Case 'Test Cases/Reusable_Test_Sequences/CAT_Teardown' successfully]]></system-out>
         <system-err><![CDATA[]]></system-err>
      </testcase>
      <testcase name="Test Cases/Web_Office/Settings/Members_Area/Manage_Members_Achievments" time="24.692" classname="Test Cases/Web_Office/Settings/Members_Area/Manage_Members_Achievments" status="PASSED">
         <system-out><![CDATA[2020-04-17 11:24:53 - [TEST_CASE][PASSED] - Test Cases/Web_Office/Settings/Members_Area/Manage_Members_Achievments: Test Cases/Web_Office/Settings/Members_Area/Manage_Members_Achievments

2020-04-17 11:24:53 - [TEST_STEP][PASSED] - "--------------------------------------": null

2020-04-17 11:24:53 - [TEST_STEP][PASSED] - " Web Office StartUp                  |": null

2020-04-17 11:24:53 - [TEST_STEP][PASSED] - callTestCase(findTestCase("Reusable_Test_Sequences/Web_Office/Directives/WebOffice_StartUp"), [:], STOP_ON_FAILURE): Call Test Case 'Test Cases/Reusable_Test_Sequences/Web_Office/Directives/WebOffice_StartUp' successfully

2020-04-17 11:24:53 - [TEST_CASE][PASSED] - Test Cases/Reusable_Test_Sequences/Web_Office/Directives/WebOffice_StartUp: Test Cases/Reusable_Test_Sequences/Web_Office/Directives/WebOffice_StartUp

2020-04-17 11:24:53 - [TEST_STEP][PASSED] - "-----------------------------------------------------------------------------": null

2020-04-17 11:24:53 - [TEST_STEP][PASSED] - if (URL == "https://www.dev.checkatrade.com/"): null

2020-04-17 11:24:53 - [TEST_STEP][PASSED] - "-----------------------------------------------------------------------------": null

2020-04-17 11:24:53 - [TEST_STEP][PASSED] - if (URL == "https://www.checkatrade.com/"): null

2020-04-17 11:24:53 - [TEST_STEP][PASSED] - "-----------------------------------------------------------------------------": null

2020-04-17 11:24:53 - [TEST_STEP][PASSED] - if (URL == "https://www.preview.checkatrade.com/"): null

2020-04-17 11:24:53 - [TEST_STEP][PASSED] - WebOfficeURL = "https://admin.preview.checkatrade.com/": null

2020-04-17 11:24:53 - [TEST_STEP][PASSED] - if (URL == "https://www.dev2.checkatrade.com/"): null

2020-04-17 11:24:53 - [TEST_STEP][PASSED] - "Set Function Area for "URL_Handler", URL Resolution": null

2020-04-17 11:24:53 - [TEST_STEP][PASSED] - "Do Some Magic with URL(s) See the comments within URL Handler ": null

2020-04-17 11:24:53 - [TEST_STEP][PASSED] - "------------------------------------------------": null

2020-04-17 11:24:53 - [TEST_STEP][PASSED] - "Moved Login Credentials to <Default> profile 22/01/2020": null

2020-04-17 11:24:53 - [TEST_STEP][PASSED] - "------------------------------------------------": null

2020-04-17 11:24:53 - [TEST_STEP][PASSED] - "WebOfficeURL - Set from the ENVIRONMENT PROFILE ": null

2020-04-17 11:24:53 - [TEST_STEP][PASSED] - "OPEN BROWSER": null

2020-04-17 11:24:53 - [TEST_STEP][PASSED] - "eg - https://admin.preview.checkatrade.com/  ": null

2020-04-17 11:24:53 - [TEST_STEP][PASSED] - openBrowser(WebOfficeURL): Browser is opened with url: 'https://admin.preview.checkatrade.com/'

2020-04-17 11:24:53 - [MESSAGE][INFO] - Starting 'Firefox' driver

2020-04-17 11:24:53 - [MESSAGE][INFO] - Action delay is set to 0 milliseconds

2020-04-17 11:24:58 - [MESSAGE][PASSED] - Browser is opened with url: 'https://admin.preview.checkatrade.com/'

2020-04-17 11:24:58 - [TEST_STEP][PASSED] - maximizeWindow(): Current window maximized

2020-04-17 11:24:58 - [MESSAGE][PASSED] - Current window maximized

2020-04-17 11:24:58 - [TEST_STEP][PASSED] - waitForElementClickable(findTestObject("Object Repository/WebOffice/Page_Checkatrade - Administration - Login/Login_Button"), 25): Object 'Object Repository/WebOffice/Page_Checkatrade - Administration - Login/Login_Button' is clickable

2020-04-17 11:24:58 - [MESSAGE][PASSED] - Object 'Object Repository/WebOffice/Page_Checkatrade - Administration - Login/Login_Button' is clickable

2020-04-17 11:24:58 - [TEST_STEP][PASSED] - verifyTextPresent("Checkatrade Web Office", false): Text 'Checkatrade Web Office' is present on page 

2020-04-17 11:24:58 - [MESSAGE][PASSED] - Text 'Checkatrade Web Office' is present on page 

2020-04-17 11:24:58 - [TEST_STEP][PASSED] - verifyTextPresent("Access for staff use only", false): Text 'Access for staff use only' is present on page 

2020-04-17 11:24:58 - [MESSAGE][PASSED] - Text 'Access for staff use only' is present on page 

2020-04-17 11:24:58 - [TEST_STEP][PASSED] - verifyTextPresent("Forgotten password?", false): Text 'Forgotten password?' is present on page 

2020-04-17 11:24:59 - [MESSAGE][PASSED] - Text 'Forgotten password?' is present on page 

2020-04-17 11:24:59 - [TEST_STEP][PASSED] - setText(findTestObject("Object Repository/WebOffice/Page_Checkatrade - Administration - Login/input_Username_LoginControlUserName"), wo_Username): Text 'DavidHo' is set on object 'Object Repository/WebOffice/Page_Checkatrade - Administration - Login/input_Username_LoginControlUserName'

2020-04-17 11:24:59 - [MESSAGE][PASSED] - Text 'DavidHo' is set on object 'Object Repository/WebOffice/Page_Checkatrade - Administration - Login/input_Username_LoginControlUserName'

2020-04-17 11:24:59 - [TEST_STEP][PASSED] - setText(findTestObject("Object Repository/WebOffice/Page_Checkatrade - Administration - Login/input_Password_LoginControlPassword"), wo_Password): Text 'Check123' is set on object 'Object Repository/WebOffice/Page_Checkatrade - Administration - Login/input_Password_LoginControlPassword'

2020-04-17 11:24:59 - [MESSAGE][PASSED] - Text 'Check123' is set on object 'Object Repository/WebOffice/Page_Checkatrade - Administration - Login/input_Password_LoginControlPassword'

2020-04-17 11:24:59 - [TEST_STEP][PASSED] - click(findTestObject("Object Repository/WebOffice/Page_Checkatrade - Administration - Login/Login_Button")): Object: 'Object Repository/WebOffice/Page_Checkatrade - Administration - Login/Login_Button' is clicked on

2020-04-17 11:25:00 - [MESSAGE][PASSED] - Object: 'Object Repository/WebOffice/Page_Checkatrade - Administration - Login/Login_Button' is clicked on

2020-04-17 11:25:00 - [TEST_STEP][PASSED] - waitForPageLoad(60): Wait for page load successfully

2020-04-17 11:25:00 - [MESSAGE][PASSED] - Wait for page load successfully

2020-04-17 11:25:00 - [TEST_STEP][PASSED] - verifyTextPresent("Welcome " + wo_Username, false): Text 'Welcome DavidHo' is present on page 

2020-04-17 11:25:00 - [MESSAGE][PASSED] - Text 'Welcome DavidHo' is present on page 

2020-04-17 11:25:00 - [MESSAGE][PASSED] - Call Test Case 'Test Cases/Reusable_Test_Sequences/Web_Office/Directives/WebOffice_StartUp' successfully

2020-04-17 11:25:00 - [TEST_STEP][PASSED] - "-----------------------------------------------------------------": null

2020-04-17 11:25:00 - [TEST_STEP][PASSED] - " Navigate to <Settings->Checkatrade.Com->Sub Item> Menu Item     |": null

2020-04-17 11:25:00 - [TEST_STEP][PASSED] - callTestCase(findTestCase("Reusable_Test_Sequences/Web_Office/Navigation/Sub_Menu_Navigation/Settings/Members_Area/Manage_Members_Achievments"), [:], STOP_ON_FAILURE): Call Test Case 'Test Cases/Reusable_Test_Sequences/Web_Office/Navigation/Sub_Menu_Navigation/Settings/Members_Area/Manage_Members_Achievments' successfully

2020-04-17 11:25:00 - [TEST_CASE][PASSED] - Test Cases/Reusable_Test_Sequences/Web_Office/Navigation/Sub_Menu_Navigation/Settings/Members_Area/Manage_Members_Achievments: Test Cases/Reusable_Test_Sequences/Web_Office/Navigation/Sub_Menu_Navigation/Settings/Members_Area/Manage_Members_Achievments

2020-04-17 11:25:00 - [TEST_STEP][PASSED] - "--------------------------------------": null

2020-04-17 11:25:00 - [TEST_STEP][PASSED] - " Navigate Top level menu Item         |": null

2020-04-17 11:25:00 - [TEST_STEP][PASSED] - waitForPageLoad(60): Wait for page load successfully

2020-04-17 11:25:00 - [MESSAGE][PASSED] - Wait for page load successfully

2020-04-17 11:25:00 - [TEST_STEP][PASSED] - waitForElementClickable(findTestObject("Object Repository/WebOffice_Home_page/a_Settings"), 60): Object 'Object Repository/WebOffice_Home_page/a_Settings' is clickable

2020-04-17 11:25:00 - [MESSAGE][PASSED] - Object 'Object Repository/WebOffice_Home_page/a_Settings' is clickable

2020-04-17 11:25:00 - [TEST_STEP][PASSED] - mouseOver(findTestObject("Object Repository/WebOffice_Home_page/a_Settings")): Object: 'Object Repository/WebOffice_Home_page/a_Settings' is hovered

2020-04-17 11:25:01 - [MESSAGE][PASSED] - Object: 'Object Repository/WebOffice_Home_page/a_Settings' is hovered

2020-04-17 11:25:01 - [TEST_STEP][PASSED] - mouseOver(findTestObject("Object Repository/WebOffice_Home_page/a_Members Area")): Object: 'Object Repository/WebOffice_Home_page/a_Members Area' is hovered

2020-04-17 11:25:01 - [MESSAGE][PASSED] - Object: 'Object Repository/WebOffice_Home_page/a_Members Area' is hovered

2020-04-17 11:25:01 - [TEST_STEP][PASSED] - waitForElementClickable(findTestObject("Object Repository/WebOffice_Home_page/a_Manage Members Achievements"), 1): Object 'Object Repository/WebOffice_Home_page/a_Manage Members Achievements' is clickable

2020-04-17 11:25:01 - [MESSAGE][PASSED] - Object 'Object Repository/WebOffice_Home_page/a_Manage Members Achievements' is clickable

2020-04-17 11:25:01 - [TEST_STEP][PASSED] - click(findTestObject("Object Repository/WebOffice_Home_page/a_Manage Members Achievements")): Object: 'Object Repository/WebOffice_Home_page/a_Manage Members Achievements' is clicked on

2020-04-17 11:25:02 - [MESSAGE][PASSED] - Object: 'Object Repository/WebOffice_Home_page/a_Manage Members Achievements' is clicked on

2020-04-17 11:25:02 - [MESSAGE][PASSED] - Call Test Case 'Test Cases/Reusable_Test_Sequences/Web_Office/Navigation/Sub_Menu_Navigation/Settings/Members_Area/Manage_Members_Achievments' successfully

2020-04-17 11:25:02 - [TEST_STEP][PASSED] - "--------------------------------------": null

2020-04-17 11:25:02 - [TEST_STEP][PASSED] - " Verify Returned Page Detail          |": null

2020-04-17 11:25:02 - [TEST_STEP][PASSED] - callTestCase(findTestCase("Reusable_Test_Sequences/Web_Office/Verification/Settings/Members_Area/Manage_Members_Achievments"), [:], OPTIONAL): Call Test Case 'Test Cases/Reusable_Test_Sequences/Web_Office/Verification/Settings/Members_Area/Manage_Members_Achievments' successfully

2020-04-17 11:25:02 - [TEST_CASE][PASSED] - Test Cases/Reusable_Test_Sequences/Web_Office/Verification/Settings/Members_Area/Manage_Members_Achievments: Test Cases/Reusable_Test_Sequences/Web_Office/Verification/Settings/Members_Area/Manage_Members_Achievments

2020-04-17 11:25:02 - [TEST_STEP][PASSED] - waitForPageLoad(60): Wait for page load successfully

2020-04-17 11:25:02 - [MESSAGE][PASSED] - Wait for page load successfully

2020-04-17 11:25:02 - [TEST_STEP][PASSED] - delay(1): Delayed 1 second(s)

2020-04-17 11:25:03 - [MESSAGE][PASSED] - Delayed 1 second(s)

2020-04-17 11:25:03 - [TEST_STEP][PASSED] - verifyTextPresent("Members Achievements", false): Text 'Members Achievements' is present on page 

2020-04-17 11:25:05 - [MESSAGE][PASSED] - Text 'Members Achievements' is present on page 

2020-04-17 11:25:05 - [TEST_STEP][PASSED] - verifyTextPresent("Title", false): Text 'Title' is present on page 

2020-04-17 11:25:06 - [MESSAGE][PASSED] - Text 'Title' is present on page 

2020-04-17 11:25:06 - [TEST_STEP][PASSED] - verifyTextPresent("Details", false): Text 'Details' is present on page 

2020-04-17 11:25:08 - [MESSAGE][PASSED] - Text 'Details' is present on page 

2020-04-17 11:25:08 - [TEST_STEP][PASSED] - verifyTextPresent("Link URL", false): Text 'Link URL' is present on page 

2020-04-17 11:25:09 - [MESSAGE][PASSED] - Text 'Link URL' is present on page 

2020-04-17 11:25:09 - [TEST_STEP][PASSED] - verifyTextPresent("Logo", false): Text 'Logo' is present on page 

2020-04-17 11:25:11 - [MESSAGE][PASSED] - Text 'Logo' is present on page 

2020-04-17 11:25:11 - [TEST_STEP][PASSED] - "----------------------------------------------": null

2020-04-17 11:25:11 - [TEST_STEP][PASSED] - verifyTextPresent("Neil Wadsworth Electrical Ltd", false): Text 'Neil Wadsworth Electrical Ltd' is present on page 

2020-04-17 11:25:13 - [MESSAGE][PASSED] - Text 'Neil Wadsworth Electrical Ltd' is present on page 

2020-04-17 11:25:13 - [TEST_STEP][PASSED] - verifyTextPresent("A big congratulations to the team at Neil Wadsworth Electrical Ltd in Worcester Park", false): Text 'A big congratulations to the team at Neil Wadsworth Electrical Ltd in Worcester Park' is present on page 

2020-04-17 11:25:14 - [MESSAGE][PASSED] - Text 'A big congratulations to the team at Neil Wadsworth Electrical Ltd in Worcester Park' is present on page 

2020-04-17 11:25:14 - [TEST_STEP][PASSED] - verifyTextPresent("They've been raising money and organising events for Cancer Research UK", false): Text 'They've been raising money and organising events for Cancer Research UK' is present on page 

2020-04-17 11:25:16 - [MESSAGE][PASSED] - Text 'They've been raising money and organising events for Cancer Research UK' is present on page 

2020-04-17 11:25:16 - [MESSAGE][PASSED] - Call Test Case 'Test Cases/Reusable_Test_Sequences/Web_Office/Verification/Settings/Members_Area/Manage_Members_Achievments' successfully

2020-04-17 11:25:16 - [TEST_STEP][PASSED] - "--------------------------": null

2020-04-17 11:25:16 - [TEST_STEP][PASSED] - " Teardown - CLose Browser |": null

2020-04-17 11:25:16 - [TEST_STEP][PASSED] - callTestCase(findTestCase("Reusable_Test_Sequences/CAT_Teardown"), [:], OPTIONAL): Call Test Case 'Test Cases/Reusable_Test_Sequences/CAT_Teardown' successfully

2020-04-17 11:25:16 - [TEST_CASE][PASSED] - Test Cases/Reusable_Test_Sequences/CAT_Teardown: Test Cases/Reusable_Test_Sequences/CAT_Teardown

2020-04-17 11:25:16 - [TEST_STEP][PASSED] - closeBrowser(): Browser is closed

2020-04-17 11:25:18 - [MESSAGE][PASSED] - Browser is closed

2020-04-17 11:25:18 - [TEST_STEP][PASSED] - super.finalize(): null

2020-04-17 11:25:18 - [TEST_STEP][PASSED] - System.gc(): null

2020-04-17 11:25:18 - [MESSAGE][PASSED] - Call Test Case 'Test Cases/Reusable_Test_Sequences/CAT_Teardown' successfully]]></system-out>
         <system-err><![CDATA[]]></system-err>
      </testcase>
      <testcase name="Test Cases/Web_Office/Settings/Members_Area/Checkatrade_News" time="14.755" classname="Test Cases/Web_Office/Settings/Members_Area/Checkatrade_News" status="PASSED">
         <system-out><![CDATA[2020-04-17 11:25:18 - [TEST_CASE][PASSED] - Test Cases/Web_Office/Settings/Members_Area/Checkatrade_News: Test Cases/Web_Office/Settings/Members_Area/Checkatrade_News

2020-04-17 11:25:18 - [TEST_STEP][PASSED] - "--------------------------------------": null

2020-04-17 11:25:18 - [TEST_STEP][PASSED] - " Web Office StartUp                  |": null

2020-04-17 11:25:18 - [TEST_STEP][PASSED] - callTestCase(findTestCase("Reusable_Test_Sequences/Web_Office/Directives/WebOffice_StartUp"), [:], STOP_ON_FAILURE): Call Test Case 'Test Cases/Reusable_Test_Sequences/Web_Office/Directives/WebOffice_StartUp' successfully

2020-04-17 11:25:18 - [TEST_CASE][PASSED] - Test Cases/Reusable_Test_Sequences/Web_Office/Directives/WebOffice_StartUp: Test Cases/Reusable_Test_Sequences/Web_Office/Directives/WebOffice_StartUp

2020-04-17 11:25:18 - [TEST_STEP][PASSED] - "-----------------------------------------------------------------------------": null

2020-04-17 11:25:18 - [TEST_STEP][PASSED] - if (URL == "https://www.dev.checkatrade.com/"): null

2020-04-17 11:25:18 - [TEST_STEP][PASSED] - "-----------------------------------------------------------------------------": null

2020-04-17 11:25:18 - [TEST_STEP][PASSED] - if (URL == "https://www.checkatrade.com/"): null

2020-04-17 11:25:18 - [TEST_STEP][PASSED] - "-----------------------------------------------------------------------------": null

2020-04-17 11:25:18 - [TEST_STEP][PASSED] - if (URL == "https://www.preview.checkatrade.com/"): null

2020-04-17 11:25:18 - [TEST_STEP][PASSED] - WebOfficeURL = "https://admin.preview.checkatrade.com/": null

2020-04-17 11:25:18 - [TEST_STEP][PASSED] - if (URL == "https://www.dev2.checkatrade.com/"): null

2020-04-17 11:25:18 - [TEST_STEP][PASSED] - "Set Function Area for "URL_Handler", URL Resolution": null

2020-04-17 11:25:18 - [TEST_STEP][PASSED] - "Do Some Magic with URL(s) See the comments within URL Handler ": null

2020-04-17 11:25:18 - [TEST_STEP][PASSED] - "------------------------------------------------": null

2020-04-17 11:25:18 - [TEST_STEP][PASSED] - "Moved Login Credentials to <Default> profile 22/01/2020": null

2020-04-17 11:25:18 - [TEST_STEP][PASSED] - "------------------------------------------------": null

2020-04-17 11:25:18 - [TEST_STEP][PASSED] - "WebOfficeURL - Set from the ENVIRONMENT PROFILE ": null

2020-04-17 11:25:18 - [TEST_STEP][PASSED] - "OPEN BROWSER": null

2020-04-17 11:25:18 - [TEST_STEP][PASSED] - "eg - https://admin.preview.checkatrade.com/  ": null

2020-04-17 11:25:18 - [TEST_STEP][PASSED] - openBrowser(WebOfficeURL): Browser is opened with url: 'https://admin.preview.checkatrade.com/'

2020-04-17 11:25:18 - [MESSAGE][INFO] - Starting 'Firefox' driver

2020-04-17 11:25:18 - [MESSAGE][INFO] - Action delay is set to 0 milliseconds

2020-04-17 11:25:23 - [MESSAGE][PASSED] - Browser is opened with url: 'https://admin.preview.checkatrade.com/'

2020-04-17 11:25:23 - [TEST_STEP][PASSED] - maximizeWindow(): Current window maximized

2020-04-17 11:25:23 - [MESSAGE][PASSED] - Current window maximized

2020-04-17 11:25:23 - [TEST_STEP][PASSED] - waitForElementClickable(findTestObject("Object Repository/WebOffice/Page_Checkatrade - Administration - Login/Login_Button"), 25): Object 'Object Repository/WebOffice/Page_Checkatrade - Administration - Login/Login_Button' is clickable

2020-04-17 11:25:23 - [MESSAGE][PASSED] - Object 'Object Repository/WebOffice/Page_Checkatrade - Administration - Login/Login_Button' is clickable

2020-04-17 11:25:23 - [TEST_STEP][PASSED] - verifyTextPresent("Checkatrade Web Office", false): Text 'Checkatrade Web Office' is present on page 

2020-04-17 11:25:23 - [MESSAGE][PASSED] - Text 'Checkatrade Web Office' is present on page 

2020-04-17 11:25:23 - [TEST_STEP][PASSED] - verifyTextPresent("Access for staff use only", false): Text 'Access for staff use only' is present on page 

2020-04-17 11:25:24 - [MESSAGE][PASSED] - Text 'Access for staff use only' is present on page 

2020-04-17 11:25:24 - [TEST_STEP][PASSED] - verifyTextPresent("Forgotten password?", false): Text 'Forgotten password?' is present on page 

2020-04-17 11:25:24 - [MESSAGE][PASSED] - Text 'Forgotten password?' is present on page 

2020-04-17 11:25:24 - [TEST_STEP][PASSED] - setText(findTestObject("Object Repository/WebOffice/Page_Checkatrade - Administration - Login/input_Username_LoginControlUserName"), wo_Username): Text 'DavidHo' is set on object 'Object Repository/WebOffice/Page_Checkatrade - Administration - Login/input_Username_LoginControlUserName'

2020-04-17 11:25:24 - [MESSAGE][PASSED] - Text 'DavidHo' is set on object 'Object Repository/WebOffice/Page_Checkatrade - Administration - Login/input_Username_LoginControlUserName'

2020-04-17 11:25:24 - [TEST_STEP][PASSED] - setText(findTestObject("Object Repository/WebOffice/Page_Checkatrade - Administration - Login/input_Password_LoginControlPassword"), wo_Password): Text 'Check123' is set on object 'Object Repository/WebOffice/Page_Checkatrade - Administration - Login/input_Password_LoginControlPassword'

2020-04-17 11:25:24 - [MESSAGE][PASSED] - Text 'Check123' is set on object 'Object Repository/WebOffice/Page_Checkatrade - Administration - Login/input_Password_LoginControlPassword'

2020-04-17 11:25:24 - [TEST_STEP][PASSED] - click(findTestObject("Object Repository/WebOffice/Page_Checkatrade - Administration - Login/Login_Button")): Object: 'Object Repository/WebOffice/Page_Checkatrade - Administration - Login/Login_Button' is clicked on

2020-04-17 11:25:25 - [MESSAGE][PASSED] - Object: 'Object Repository/WebOffice/Page_Checkatrade - Administration - Login/Login_Button' is clicked on

2020-04-17 11:25:25 - [TEST_STEP][PASSED] - waitForPageLoad(60): Wait for page load successfully

2020-04-17 11:25:25 - [MESSAGE][PASSED] - Wait for page load successfully

2020-04-17 11:25:25 - [TEST_STEP][PASSED] - verifyTextPresent("Welcome " + wo_Username, false): Text 'Welcome DavidHo' is present on page 

2020-04-17 11:25:25 - [MESSAGE][PASSED] - Text 'Welcome DavidHo' is present on page 

2020-04-17 11:25:25 - [MESSAGE][PASSED] - Call Test Case 'Test Cases/Reusable_Test_Sequences/Web_Office/Directives/WebOffice_StartUp' successfully

2020-04-17 11:25:25 - [TEST_STEP][PASSED] - "-----------------------------------------------------------------": null

2020-04-17 11:25:25 - [TEST_STEP][PASSED] - " Navigate to <Settings->Checkatrade.Com->Sub Item> Menu Item     |": null

2020-04-17 11:25:25 - [TEST_STEP][PASSED] - callTestCase(findTestCase("Reusable_Test_Sequences/Web_Office/Navigation/Sub_Menu_Navigation/Settings/Members_Area/Chackatrade_News"), [:], STOP_ON_FAILURE): Call Test Case 'Test Cases/Reusable_Test_Sequences/Web_Office/Navigation/Sub_Menu_Navigation/Settings/Members_Area/Chackatrade_News' successfully

2020-04-17 11:25:25 - [TEST_CASE][PASSED] - Test Cases/Reusable_Test_Sequences/Web_Office/Navigation/Sub_Menu_Navigation/Settings/Members_Area/Chackatrade_News: Test Cases/Reusable_Test_Sequences/Web_Office/Navigation/Sub_Menu_Navigation/Settings/Members_Area/Chackatrade_News

2020-04-17 11:25:26 - [TEST_STEP][PASSED] - "--------------------------------------": null

2020-04-17 11:25:26 - [TEST_STEP][PASSED] - " Navigate Top level menu Item         |": null

2020-04-17 11:25:26 - [TEST_STEP][PASSED] - waitForPageLoad(60): Wait for page load successfully

2020-04-17 11:25:26 - [MESSAGE][PASSED] - Wait for page load successfully

2020-04-17 11:25:26 - [TEST_STEP][PASSED] - waitForElementClickable(findTestObject("Object Repository/WebOffice_Home_page/a_Settings"), 60): Object 'Object Repository/WebOffice_Home_page/a_Settings' is clickable

2020-04-17 11:25:26 - [MESSAGE][PASSED] - Object 'Object Repository/WebOffice_Home_page/a_Settings' is clickable

2020-04-17 11:25:26 - [TEST_STEP][PASSED] - mouseOver(findTestObject("Object Repository/WebOffice_Home_page/a_Settings")): Object: 'Object Repository/WebOffice_Home_page/a_Settings' is hovered

2020-04-17 11:25:26 - [MESSAGE][PASSED] - Object: 'Object Repository/WebOffice_Home_page/a_Settings' is hovered

2020-04-17 11:25:26 - [TEST_STEP][PASSED] - mouseOver(findTestObject("Object Repository/WebOffice_Home_page/a_Members Area")): Object: 'Object Repository/WebOffice_Home_page/a_Members Area' is hovered

2020-04-17 11:25:26 - [MESSAGE][PASSED] - Object: 'Object Repository/WebOffice_Home_page/a_Members Area' is hovered

2020-04-17 11:25:26 - [TEST_STEP][PASSED] - waitForElementClickable(findTestObject("Object Repository/WebOffice_Home_page/a_Checkatrade News"), 1): Object 'Object Repository/WebOffice_Home_page/a_Checkatrade News' is clickable

2020-04-17 11:25:26 - [MESSAGE][PASSED] - Object 'Object Repository/WebOffice_Home_page/a_Checkatrade News' is clickable

2020-04-17 11:25:26 - [TEST_STEP][PASSED] - click(findTestObject("Object Repository/WebOffice_Home_page/a_Checkatrade News")): Object: 'Object Repository/WebOffice_Home_page/a_Checkatrade News' is clicked on

2020-04-17 11:25:27 - [MESSAGE][PASSED] - Object: 'Object Repository/WebOffice_Home_page/a_Checkatrade News' is clicked on

2020-04-17 11:25:27 - [MESSAGE][PASSED] - Call Test Case 'Test Cases/Reusable_Test_Sequences/Web_Office/Navigation/Sub_Menu_Navigation/Settings/Members_Area/Chackatrade_News' successfully

2020-04-17 11:25:27 - [TEST_STEP][PASSED] - "--------------------------------------": null

2020-04-17 11:25:27 - [TEST_STEP][PASSED] - " Verify Returned Page Detail          |": null

2020-04-17 11:25:27 - [TEST_STEP][PASSED] - callTestCase(findTestCase("Reusable_Test_Sequences/Web_Office/Verification/Settings/Members_Area/Checkatrade_News"), [:], OPTIONAL): Call Test Case 'Test Cases/Reusable_Test_Sequences/Web_Office/Verification/Settings/Members_Area/Checkatrade_News' successfully

2020-04-17 11:25:27 - [TEST_CASE][PASSED] - Test Cases/Reusable_Test_Sequences/Web_Office/Verification/Settings/Members_Area/Checkatrade_News: Test Cases/Reusable_Test_Sequences/Web_Office/Verification/Settings/Members_Area/Checkatrade_News

2020-04-17 11:25:27 - [TEST_STEP][PASSED] - waitForPageLoad(60): Wait for page load successfully

2020-04-17 11:25:27 - [MESSAGE][PASSED] - Wait for page load successfully

2020-04-17 11:25:27 - [TEST_STEP][PASSED] - delay(1): Delayed 1 second(s)

2020-04-17 11:25:28 - [MESSAGE][PASSED] - Delayed 1 second(s)

2020-04-17 11:25:28 - [TEST_STEP][PASSED] - verifyTextPresent("Checkatrade News", false): Text 'Checkatrade News' is present on page 

2020-04-17 11:25:29 - [MESSAGE][PASSED] - Text 'Checkatrade News' is present on page 

2020-04-17 11:25:29 - [TEST_STEP][PASSED] - verifyTextPresent("Title", false): Text 'Title' is present on page 

2020-04-17 11:25:29 - [MESSAGE][PASSED] - Text 'Title' is present on page 

2020-04-17 11:25:29 - [TEST_STEP][PASSED] - verifyTextPresent("Category", false): Text 'Category' is present on page 

2020-04-17 11:25:29 - [MESSAGE][PASSED] - Text 'Category' is present on page 

2020-04-17 11:25:29 - [TEST_STEP][PASSED] - verifyTextPresent("Published", false): Text 'Published' is present on page 

2020-04-17 11:25:30 - [MESSAGE][PASSED] - Text 'Published' is present on page 

2020-04-17 11:25:30 - [TEST_STEP][PASSED] - "----------------------------------------------": null

2020-04-17 11:25:30 - [TEST_STEP][PASSED] - verifyTextPresent("New Marketing", false): Text 'New Marketing' is present on page 

2020-04-17 11:25:30 - [MESSAGE][PASSED] - Text 'New Marketing' is present on page 

2020-04-17 11:25:30 - [MESSAGE][PASSED] - Call Test Case 'Test Cases/Reusable_Test_Sequences/Web_Office/Verification/Settings/Members_Area/Checkatrade_News' successfully

2020-04-17 11:25:30 - [TEST_STEP][PASSED] - "--------------------------": null

2020-04-17 11:25:30 - [TEST_STEP][PASSED] - " Teardown - CLose Browser |": null

2020-04-17 11:25:30 - [TEST_STEP][PASSED] - callTestCase(findTestCase("Reusable_Test_Sequences/CAT_Teardown"), [:], OPTIONAL): Call Test Case 'Test Cases/Reusable_Test_Sequences/CAT_Teardown' successfully

2020-04-17 11:25:30 - [TEST_CASE][PASSED] - Test Cases/Reusable_Test_Sequences/CAT_Teardown: Test Cases/Reusable_Test_Sequences/CAT_Teardown

2020-04-17 11:25:30 - [TEST_STEP][PASSED] - closeBrowser(): Browser is closed

2020-04-17 11:25:32 - [MESSAGE][PASSED] - Browser is closed

2020-04-17 11:25:32 - [TEST_STEP][PASSED] - super.finalize(): null

2020-04-17 11:25:32 - [TEST_STEP][PASSED] - System.gc(): null

2020-04-17 11:25:32 - [MESSAGE][PASSED] - Call Test Case 'Test Cases/Reusable_Test_Sequences/CAT_Teardown' successfully]]></system-out>
         <system-err><![CDATA[]]></system-err>
      </testcase>
      <system-out><![CDATA[2020-04-17 11:12:01 - [TEST_SUITE][PASSED] - Web_Office_Settings: Test Cases/Web_Office/Settings/Members_Area/Checkatrade_News]]></system-out>
      <system-err><![CDATA[]]></system-err>
   </testsuite>
</testsuites>
