<?xml version="1.0" encoding="UTF-8"?>
<testsuites name="Trade_Location_Multiple_Search" time="111.706" tests="1" failures="0" errors="0">
   <testsuite name="Trade_Location_Multiple_Search" tests="1" failures="0" errors="0" time="111.706" timestamp="2019-12-13 14:35:28" hostname="DavidHo - VETTEDSP36RF.check.local" id="Test Suites/Trade_Location_Multiple_Search">
      <properties>
         <property name="deviceName" value=""/>
         <property name="devicePlatform" value=""/>
         <property name="logFolder" value="C:\\Users\\davidho\\Katalon Studio\\Start\\Reports\\20191213_142456\\Trade_Location_Multiple_Search\\20191213_142514"/>
         <property name="logFiles" value="C:\\Users\\davidho\\Katalon Studio\\Start\\Reports\\20191213_142456\\Trade_Location_Multiple_Search\\20191213_142514\\execution0.log"/>
         <property name="attachments" value=""/>
         <property name="hostName" value="DavidHo - VETTEDSP36RF.check.local"/>
         <property name="os" value="Windows 10 32bit"/>
         <property name="katalonVersion" value="7.1.2.1"/>
         <property name="browser" value="Chrome 78.0.3904.108"/>
         <property name="hostAddress" value="10.0.11.243"/>
         <property name="sessionId" value="e03a899b633e0943f709593178722807"/>
         <property name="seleniumVersion" value="3.141.59"/>
         <property name="proxyInformation" value="ProxyInformation{proxyOption=NO_PROXY, proxyServerType=HTTP, password=, proxyServerAddress=, proxyServerPort=0, executionList=}"/>
         <property name="platform" value="Windows 10"/>
      </properties>
      <testcase name="Test Cases/Checkatrade_Tradesman_Searches/Trade_Location_Search" time="111.343" classname="Test Cases/Checkatrade_Tradesman_Searches/Trade_Location_Search" status="PASSED">
         <system-out><![CDATA[2019-12-13 14:35:29 - [TEST_CASE][PASSED] - Test Cases/Checkatrade_Tradesman_Searches/Trade_Location_Search: Test Cases/Checkatrade_Tradesman_Searches/Trade_Location_Search

2019-12-13 14:35:29 - [TEST_STEP][PASSED] - for ([row = 1, row <= findTestData("searchTestData").getRowNumbers(), (internal.GlobalVariable.row++)]): Call Test Case 'Test Cases/Reusable_Test_Sequences/CAT_Teardown' successfully

2019-12-13 14:35:30 - [TEST_STEP][PASSED] - callTestCase(findTestCase("Reusable_Test_Sequences/CAT_Setup"), [:], OPTIONAL): Call Test Case 'Test Cases/Reusable_Test_Sequences/CAT_Setup' successfully

2019-12-13 14:35:30 - [TEST_CASE][PASSED] - Test Cases/Reusable_Test_Sequences/CAT_Setup: Test Cases/Reusable_Test_Sequences/CAT_Setup

2019-12-13 14:35:31 - [TEST_STEP][PASSED] - "URL - Set from the ENVIRONMENT PROFILE ": null

2019-12-13 14:35:31 - [TEST_STEP][PASSED] - openBrowser(URL): Browser is opened with url: 'https://www.preview.checkatrade.com/'

2019-12-13 14:35:31 - [MESSAGE][INFO] - Starting 'Chrome' driver

2019-12-13 14:35:31 - [MESSAGE][INFO] - Action delay is set to 0 seconds

2019-12-13 14:35:40 - [MESSAGE][PASSED] - Browser is opened with url: 'https://www.preview.checkatrade.com/'

2019-12-13 14:35:40 - [TEST_STEP][PASSED] - maximizeWindow(): Current window maximized

2019-12-13 14:35:44 - [MESSAGE][PASSED] - Current window maximized

2019-12-13 14:35:44 - [TEST_STEP][PASSED] - waitForPageLoad(60): Wait for page load successfully

2019-12-13 14:35:44 - [MESSAGE][PASSED] - Wait for page load successfully

2019-12-13 14:35:44 - [TEST_STEP][PASSED] - try: Text 'Cookie Policy' is not present on page

2019-12-13 14:35:44 - [TEST_STEP][PASSED] - verifyElementPresent(findTestObject("Object Repository/Cookies/Page_Checkatrade Find a tradesperson you can trust/button_Accept All"), 5): Object 'Object Repository/Cookies/Page_Checkatrade Find a tradesperson you can trust/button_Accept All' is present

2019-12-13 14:35:44 - [MESSAGE][PASSED] - Object 'Object Repository/Cookies/Page_Checkatrade Find a tradesperson you can trust/button_Accept All' is present

2019-12-13 14:35:44 - [TEST_STEP][PASSED] - click(findTestObject("Object Repository/Cookies/Page_Checkatrade Find a tradesperson you can trust/button_Accept All")): Object: 'Object Repository/Cookies/Page_Checkatrade Find a tradesperson you can trust/button_Accept All' is clicked on

2019-12-13 14:35:45 - [MESSAGE][PASSED] - Object: 'Object Repository/Cookies/Page_Checkatrade Find a tradesperson you can trust/button_Accept All' is clicked on

2019-12-13 14:35:45 - [TEST_STEP][PASSED] - "---------------------------------": null

2019-12-13 14:35:45 - [TEST_STEP][PASSED] - "COOKIE POPOUT REMOVED - Confirmed": null

2019-12-13 14:35:45 - [TEST_STEP][PASSED] - delay(1): Delayed 1 second(s)

2019-12-13 14:35:46 - [MESSAGE][PASSED] - Delayed 1 second(s)

2019-12-13 14:35:46 - [TEST_STEP][PASSED] - verifyTextNotPresent("We use cookies to personalise content and ads, to provide social media features and to analyse our traffic", false): Text 'We use cookies to personalise content and ads, to provide social media features and to analyse our traffic' is not present on page

2019-12-13 14:35:46 - [MESSAGE][PASSED] - Text 'We use cookies to personalise content and ads, to provide social media features and to analyse our traffic' is not present on page

2019-12-13 14:35:46 - [TEST_STEP][PASSED] - verifyTextNotPresent(" We also share information about your use of our site with our social media, advertising and analytics partners", false): Text ' We also share information about your use of our site with our social media, advertising and analytics partners' is not present on page

2019-12-13 14:35:46 - [MESSAGE][PASSED] - Text ' We also share information about your use of our site with our social media, advertising and analytics partners' is not present on page

2019-12-13 14:35:46 - [TEST_STEP][PASSED] - verifyTextNotPresent("Cookie Policy", false): Text 'Cookie Policy' is not present on page

2019-12-13 14:35:46 - [MESSAGE][PASSED] - Text 'Cookie Policy' is not present on page

2019-12-13 14:35:46 - [TEST_STEP][PASSED] - waitForElementVisible(findTestObject("Page_Checkatrade Find a tradesperson you can trust/a_Search"), 60): Object 'Object Repository/Page_Checkatrade Find a tradesperson you can trust/a_Search' is visible

2019-12-13 14:35:46 - [MESSAGE][PASSED] - Object 'Object Repository/Page_Checkatrade Find a tradesperson you can trust/a_Search' is visible

2019-12-13 14:35:46 - [TEST_STEP][PASSED] - "COOKIE - ORIGINAL": null

2019-12-13 14:35:46 - [TEST_STEP][PASSED] - if (Mobile_Flag == "true"): null

2019-12-13 14:35:46 - [MESSAGE][PASSED] - Call Test Case 'Test Cases/Reusable_Test_Sequences/CAT_Setup' successfully

2019-12-13 14:35:46 - [TEST_STEP][PASSED] - callTestCase(findTestCase("Reusable_Test_Sequences/CAT_Home"), [:], CONTINUE_ON_FAILURE): Call Test Case 'Test Cases/Reusable_Test_Sequences/CAT_Home' successfully

2019-12-13 14:35:46 - [TEST_CASE][PASSED] - Test Cases/Reusable_Test_Sequences/CAT_Home: Test Cases/Reusable_Test_Sequences/CAT_Home

2019-12-13 14:35:47 - [TEST_STEP][PASSED] - waitForPageLoad(10): Wait for page load successfully

2019-12-13 14:35:47 - [MESSAGE][PASSED] - Wait for page load successfully

2019-12-13 14:35:47 - [TEST_STEP][PASSED] - waitForElementClickable(findTestObject("Object Repository/Checkatrade_Trade_Search_Page/Page_Checkatrade Find a tradesperson you can trust/Page_Checkatrade Find a tradesperson you can trust/a_Search"), 60): Object 'Object Repository/Checkatrade_Trade_Search_Page/Page_Checkatrade Find a tradesperson you can trust/Page_Checkatrade Find a tradesperson you can trust/a_Search' is clickable

2019-12-13 14:35:47 - [MESSAGE][PASSED] - Object 'Object Repository/Checkatrade_Trade_Search_Page/Page_Checkatrade Find a tradesperson you can trust/Page_Checkatrade Find a tradesperson you can trust/a_Search' is clickable

2019-12-13 14:35:47 - [TEST_STEP][PASSED] - "------------------------------------": null

2019-12-13 14:35:47 - [TEST_STEP][PASSED] - verifyTextPresent("Helping you find the right trade or service", false): Text 'Helping you find the right trade or service' is present on page 

2019-12-13 14:35:47 - [MESSAGE][PASSED] - Text 'Helping you find the right trade or service' is present on page 

2019-12-13 14:35:47 - [TEST_STEP][PASSED] - verifyTextPresent("Search through over", false): Text 'Search through over' is present on page 

2019-12-13 14:35:47 - [MESSAGE][PASSED] - Text 'Search through over' is present on page 

2019-12-13 14:35:47 - [TEST_STEP][PASSED] - verifyTextPresent("recommended, vetted and monitored trades and service providers for free.", false): Text 'recommended, vetted and monitored trades and service providers for free.' is present on page 

2019-12-13 14:35:47 - [MESSAGE][PASSED] - Text 'recommended, vetted and monitored trades and service providers for free.' is present on page 

2019-12-13 14:35:47 - [TEST_STEP][PASSED] - verifyTextPresent("or look up a member by name", false): Text 'or look up a member by name' is present on page 

2019-12-13 14:35:47 - [MESSAGE][PASSED] - Text 'or look up a member by name' is present on page 

2019-12-13 14:35:47 - [TEST_STEP][PASSED] - verifyTextPresent("reviews published so far – thank you!", false): Text 'reviews published so far – thank you!' is present on page 

2019-12-13 14:35:47 - [MESSAGE][PASSED] - Text 'reviews published so far – thank you!' is present on page 

2019-12-13 14:35:47 - [TEST_STEP][PASSED] - "------------------------------------": null

2019-12-13 14:35:47 - [TEST_STEP][PASSED] - " NEW FOOTER Details - 10/12/2019": null

2019-12-13 14:35:47 - [TEST_STEP][PASSED] - verifyTextPresent("I need a trade or service", false): Text 'I need a trade or service' is present on page 

2019-12-13 14:35:47 - [MESSAGE][PASSED] - Text 'I need a trade or service' is present on page 

2019-12-13 14:35:47 - [TEST_STEP][PASSED] - verifyTextPresent("Every trader thoroughly checked and vetted", false): Text 'Every trader thoroughly checked and vetted' is present on page 

2019-12-13 14:35:47 - [MESSAGE][PASSED] - Text 'Every trader thoroughly checked and vetted' is present on page 

2019-12-13 14:35:47 - [TEST_STEP][PASSED] - verifyTextPresent("Find out more", false): Text 'Find out more' is present on page 

2019-12-13 14:35:47 - [MESSAGE][PASSED] - Text 'Find out more' is present on page 

2019-12-13 14:35:47 - [TEST_STEP][PASSED] - verifyTextPresent("I am a tradesman", false): Text 'I am a tradesman' is present on page 

2019-12-13 14:35:47 - [MESSAGE][PASSED] - Text 'I am a tradesman' is present on page 

2019-12-13 14:35:47 - [TEST_STEP][PASSED] - verifyTextPresent("Over a million visits to Checkatrade each month", false): Text 'Over a million visits to Checkatrade each month' is present on page 

2019-12-13 14:35:48 - [MESSAGE][PASSED] - Text 'Over a million visits to Checkatrade each month' is present on page 

2019-12-13 14:35:48 - [TEST_STEP][PASSED] - verifyTextPresent("Find out more", false): Text 'Find out more' is present on page 

2019-12-13 14:35:48 - [MESSAGE][PASSED] - Text 'Find out more' is present on page 

2019-12-13 14:35:48 - [TEST_STEP][PASSED] - "------------------------------------": null

2019-12-13 14:35:48 - [TEST_STEP][PASSED] - "FOOTER": null

2019-12-13 14:35:48 - [TEST_STEP][PASSED] - verifyTextPresent("Trades", false): Text 'Trades' is present on page 

2019-12-13 14:35:48 - [MESSAGE][PASSED] - Text 'Trades' is present on page 

2019-12-13 14:35:48 - [TEST_STEP][PASSED] - verifyTextPresent("Homeowner", false): Text 'Homeowner' is present on page 

2019-12-13 14:35:48 - [MESSAGE][PASSED] - Text 'Homeowner' is present on page 

2019-12-13 14:35:48 - [TEST_STEP][PASSED] - verifyTextPresent("Company", false): Text 'Company' is present on page 

2019-12-13 14:35:48 - [MESSAGE][PASSED] - Text 'Company' is present on page 

2019-12-13 14:35:48 - [TEST_STEP][PASSED] - "------------------------------------": null

2019-12-13 14:35:48 - [TEST_STEP][PASSED] - "Social Media": null

2019-12-13 14:35:48 - [TEST_STEP][PASSED] - verifyTextPresent("Follow Us On", false): Text 'Follow Us On' is present on page 

2019-12-13 14:35:48 - [MESSAGE][PASSED] - Text 'Follow Us On' is present on page 

2019-12-13 14:35:48 - [MESSAGE][PASSED] - Call Test Case 'Test Cases/Reusable_Test_Sequences/CAT_Home' successfully

2019-12-13 14:35:48 - [TEST_STEP][PASSED] - "---------------------------------------": null

2019-12-13 14:35:48 - [TEST_STEP][PASSED] - " Set and SEARCH TRADE CLASSIFICATION   |": null

2019-12-13 14:35:48 - [TEST_STEP][PASSED] - callTestCase(findTestCase("Reusable_Test_Sequences/CAT_Enter_Trade_Classification"), [:], CONTINUE_ON_FAILURE): Call Test Case 'Test Cases/Reusable_Test_Sequences/CAT_Enter_Trade_Classification' successfully

2019-12-13 14:35:48 - [TEST_CASE][PASSED] - Test Cases/Reusable_Test_Sequences/CAT_Enter_Trade_Classification: Test Cases/Reusable_Test_Sequences/CAT_Enter_Trade_Classification

2019-12-13 14:35:48 - [TEST_STEP][PASSED] - "---------------------------------": null

2019-12-13 14:35:48 - [TEST_STEP][PASSED] - "Set and SEARCH SELECTED TRADE": null

2019-12-13 14:35:48 - [TEST_STEP][PASSED] - click(findTestObject("Object Repository/Checkatrade_Trade_Search_Page/Page_Checkatrade Find a tradesperson you can trust/input_Search_Button_FF")): Object: 'Object Repository/Checkatrade_Trade_Search_Page/Page_Checkatrade Find a tradesperson you can trust/input_Search_Button_FF' is clicked on

2019-12-13 14:35:48 - [MESSAGE][PASSED] - Object: 'Object Repository/Checkatrade_Trade_Search_Page/Page_Checkatrade Find a tradesperson you can trust/input_Search_Button_FF' is clicked on

2019-12-13 14:35:48 - [TEST_STEP][PASSED] - setText(findTestObject("Object Repository/Checkatrade_Trade_Search_Page/Page_Checkatrade Find a tradesperson you can trust/input_Search_Button_FF"), findTestData("searchTestData").getValue("tradeClassification", row)): Text 'Tree Surgeon' is set on object 'Object Repository/Checkatrade_Trade_Search_Page/Page_Checkatrade Find a tradesperson you can trust/input_Search_Button_FF'

2019-12-13 14:35:49 - [MESSAGE][PASSED] - Text 'Tree Surgeon' is set on object 'Object Repository/Checkatrade_Trade_Search_Page/Page_Checkatrade Find a tradesperson you can trust/input_Search_Button_FF'

2019-12-13 14:35:49 - [MESSAGE][PASSED] - Call Test Case 'Test Cases/Reusable_Test_Sequences/CAT_Enter_Trade_Classification' successfully

2019-12-13 14:35:49 - [TEST_STEP][PASSED] - "---------------------------------------": null

2019-12-13 14:35:49 - [TEST_STEP][PASSED] - " Set and SEARCH TRADE LOCATION         |": null

2019-12-13 14:35:49 - [TEST_STEP][PASSED] - callTestCase(findTestCase("Reusable_Test_Sequences/CAT_Enter_Trade_Location"), [:], CONTINUE_ON_FAILURE): Call Test Case 'Test Cases/Reusable_Test_Sequences/CAT_Enter_Trade_Location' successfully

2019-12-13 14:35:49 - [TEST_CASE][PASSED] - Test Cases/Reusable_Test_Sequences/CAT_Enter_Trade_Location: Test Cases/Reusable_Test_Sequences/CAT_Enter_Trade_Location

2019-12-13 14:35:49 - [TEST_STEP][PASSED] - "---------------------------------": null

2019-12-13 14:35:49 - [TEST_STEP][PASSED] - "Set and SEARCH SELECTED LOCATION |": null

2019-12-13 14:35:49 - [TEST_STEP][PASSED] - click(findTestObject("Object Repository/Checkatrade_Trade_Search_Page/Page_Checkatrade Find a tradesperson you can trust/input_Not here_location")): Object: 'Object Repository/Checkatrade_Trade_Search_Page/Page_Checkatrade Find a tradesperson you can trust/input_Not here_location' is clicked on

2019-12-13 14:35:49 - [MESSAGE][PASSED] - Object: 'Object Repository/Checkatrade_Trade_Search_Page/Page_Checkatrade Find a tradesperson you can trust/input_Not here_location' is clicked on

2019-12-13 14:35:49 - [TEST_STEP][PASSED] - setText(findTestObject("Object Repository/Checkatrade_Trade_Search_Page/Page_Checkatrade Find a tradesperson you can trust/input_Not here_location"), findTestData("searchTestData").getValue("tradeLocation", row)): Text 'Gosport' is set on object 'Object Repository/Checkatrade_Trade_Search_Page/Page_Checkatrade Find a tradesperson you can trust/input_Not here_location'

2019-12-13 14:35:50 - [MESSAGE][PASSED] - Text 'Gosport' is set on object 'Object Repository/Checkatrade_Trade_Search_Page/Page_Checkatrade Find a tradesperson you can trust/input_Not here_location'

2019-12-13 14:35:50 - [MESSAGE][PASSED] - Call Test Case 'Test Cases/Reusable_Test_Sequences/CAT_Enter_Trade_Location' successfully

2019-12-13 14:35:50 - [TEST_STEP][PASSED] - "---------------------------------------": null

2019-12-13 14:35:50 - [TEST_STEP][PASSED] - " Scroll Search Button into View        |": null

2019-12-13 14:35:50 - [TEST_STEP][PASSED] - "---------------------------------------": null

2019-12-13 14:35:50 - [TEST_STEP][PASSED] - "---------------------------------------": null

2019-12-13 14:35:50 - [TEST_STEP][PASSED] - " Hit Search Button                     |": null

2019-12-13 14:35:50 - [TEST_STEP][PASSED] - callTestCase(findTestCase("Reusable_Test_Sequences/CAT_Hit_Search_Button"), [:], CONTINUE_ON_FAILURE): Call Test Case 'Test Cases/Reusable_Test_Sequences/CAT_Hit_Search_Button' successfully

2019-12-13 14:35:50 - [TEST_CASE][PASSED] - Test Cases/Reusable_Test_Sequences/CAT_Hit_Search_Button: Test Cases/Reusable_Test_Sequences/CAT_Hit_Search_Button

2019-12-13 14:35:50 - [TEST_STEP][PASSED] - "---------------------------------": null

2019-12-13 14:35:50 - [TEST_STEP][PASSED] - "HIT SEARCH": null

2019-12-13 14:35:50 - [TEST_STEP][PASSED] - "---------------------------------": null

2019-12-13 14:35:50 - [TEST_STEP][PASSED] - waitForElementClickable(findTestObject("Object Repository/Checkatrade_Trade_Search_Page/Page_Checkatrade Find a tradesperson you can trust/Page_Checkatrade Find a tradesperson you can trust/a_Search"), 25): Object 'Object Repository/Checkatrade_Trade_Search_Page/Page_Checkatrade Find a tradesperson you can trust/Page_Checkatrade Find a tradesperson you can trust/a_Search' is clickable

2019-12-13 14:35:50 - [MESSAGE][PASSED] - Object 'Object Repository/Checkatrade_Trade_Search_Page/Page_Checkatrade Find a tradesperson you can trust/Page_Checkatrade Find a tradesperson you can trust/a_Search' is clickable

2019-12-13 14:35:50 - [TEST_STEP][PASSED] - click(findTestObject("Object Repository/Checkatrade_Trade_Search_Page/Page_Checkatrade Find a tradesperson you can trust/Page_Checkatrade Find a tradesperson you can trust/a_Search")): Object: 'Object Repository/Checkatrade_Trade_Search_Page/Page_Checkatrade Find a tradesperson you can trust/Page_Checkatrade Find a tradesperson you can trust/a_Search' is clicked on

2019-12-13 14:35:52 - [MESSAGE][PASSED] - Object: 'Object Repository/Checkatrade_Trade_Search_Page/Page_Checkatrade Find a tradesperson you can trust/Page_Checkatrade Find a tradesperson you can trust/a_Search' is clicked on

2019-12-13 14:35:52 - [MESSAGE][PASSED] - Call Test Case 'Test Cases/Reusable_Test_Sequences/CAT_Hit_Search_Button' successfully

2019-12-13 14:35:52 - [TEST_STEP][PASSED] - "---------------------------------------": null

2019-12-13 14:35:52 - [TEST_STEP][PASSED] - " Verify Returned Page is as Expected   |": null

2019-12-13 14:35:52 - [TEST_STEP][PASSED] - callTestCase(findTestCase("Reusable_Test_Sequences/CAT_Verification"), [:], CONTINUE_ON_FAILURE): Call Test Case 'Test Cases/Reusable_Test_Sequences/CAT_Verification' successfully

2019-12-13 14:35:52 - [TEST_CASE][PASSED] - Test Cases/Reusable_Test_Sequences/CAT_Verification: Test Cases/Reusable_Test_Sequences/CAT_Verification

2019-12-13 14:35:53 - [TEST_STEP][PASSED] - "Updated 05/12/2019 due to wholesale Home page changes": null

2019-12-13 14:35:53 - [TEST_STEP][PASSED] - "Expected cantantenated text is Returned": null

2019-12-13 14:35:53 - [TEST_STEP][PASSED] - waitForPageLoad(60): Wait for page load successfully

2019-12-13 14:35:53 - [MESSAGE][PASSED] - Wait for page load successfully

2019-12-13 14:35:53 - [TEST_STEP][PASSED] - verifyTextPresent(findTestData("searchTestData").getValue("tradeClassification", row), false): Text 'Tree Surgeon' is present on page 

2019-12-13 14:35:53 - [MESSAGE][PASSED] - Text 'Tree Surgeon' is present on page 

2019-12-13 14:35:53 - [TEST_STEP][PASSED] - verifyTextPresent(findTestData("searchTestData").getValue("tradeLocation", row), false): Text 'Gosport' is present on page 

2019-12-13 14:35:53 - [MESSAGE][PASSED] - Text 'Gosport' is present on page 

2019-12-13 14:35:53 - [MESSAGE][PASSED] - Call Test Case 'Test Cases/Reusable_Test_Sequences/CAT_Verification' successfully

2019-12-13 14:35:53 - [TEST_STEP][PASSED] - "--------------------------": null

2019-12-13 14:35:53 - [TEST_STEP][PASSED] - " Teardown - CLose Browser |": null

2019-12-13 14:35:53 - [TEST_STEP][PASSED] - callTestCase(findTestCase("Reusable_Test_Sequences/CAT_Teardown"), [:], OPTIONAL): Call Test Case 'Test Cases/Reusable_Test_Sequences/CAT_Teardown' successfully

2019-12-13 14:35:53 - [TEST_CASE][PASSED] - Test Cases/Reusable_Test_Sequences/CAT_Teardown: Test Cases/Reusable_Test_Sequences/CAT_Teardown

2019-12-13 14:35:54 - [TEST_STEP][PASSED] - closeBrowser(): Browser is closed

2019-12-13 14:35:54 - [MESSAGE][PASSED] - Browser is closed

2019-12-13 14:35:54 - [MESSAGE][PASSED] - Call Test Case 'Test Cases/Reusable_Test_Sequences/CAT_Teardown' successfully

2019-12-13 14:35:54 - [TEST_STEP][PASSED] - callTestCase(findTestCase("Reusable_Test_Sequences/CAT_Setup"), [:], OPTIONAL): Call Test Case 'Test Cases/Reusable_Test_Sequences/CAT_Setup' successfully

2019-12-13 14:35:55 - [TEST_CASE][PASSED] - Test Cases/Reusable_Test_Sequences/CAT_Setup: Test Cases/Reusable_Test_Sequences/CAT_Setup

2019-12-13 14:35:55 - [TEST_STEP][PASSED] - "URL - Set from the ENVIRONMENT PROFILE ": null

2019-12-13 14:35:55 - [TEST_STEP][PASSED] - openBrowser(URL): Browser is opened with url: 'https://www.preview.checkatrade.com/'

2019-12-13 14:35:55 - [MESSAGE][INFO] - Starting 'Chrome' driver

2019-12-13 14:36:02 - [MESSAGE][PASSED] - Browser is opened with url: 'https://www.preview.checkatrade.com/'

2019-12-13 14:36:02 - [TEST_STEP][PASSED] - maximizeWindow(): Current window maximized

2019-12-13 14:36:06 - [MESSAGE][PASSED] - Current window maximized

2019-12-13 14:36:06 - [TEST_STEP][PASSED] - waitForPageLoad(60): Wait for page load successfully

2019-12-13 14:36:06 - [MESSAGE][PASSED] - Wait for page load successfully

2019-12-13 14:36:06 - [TEST_STEP][PASSED] - try: Text 'Cookie Policy' is not present on page

2019-12-13 14:36:06 - [TEST_STEP][PASSED] - verifyElementPresent(findTestObject("Object Repository/Cookies/Page_Checkatrade Find a tradesperson you can trust/button_Accept All"), 5): Object 'Object Repository/Cookies/Page_Checkatrade Find a tradesperson you can trust/button_Accept All' is present

2019-12-13 14:36:06 - [MESSAGE][PASSED] - Object 'Object Repository/Cookies/Page_Checkatrade Find a tradesperson you can trust/button_Accept All' is present

2019-12-13 14:36:06 - [TEST_STEP][PASSED] - click(findTestObject("Object Repository/Cookies/Page_Checkatrade Find a tradesperson you can trust/button_Accept All")): Object: 'Object Repository/Cookies/Page_Checkatrade Find a tradesperson you can trust/button_Accept All' is clicked on

2019-12-13 14:36:06 - [MESSAGE][PASSED] - Object: 'Object Repository/Cookies/Page_Checkatrade Find a tradesperson you can trust/button_Accept All' is clicked on

2019-12-13 14:36:06 - [TEST_STEP][PASSED] - "---------------------------------": null

2019-12-13 14:36:06 - [TEST_STEP][PASSED] - "COOKIE POPOUT REMOVED - Confirmed": null

2019-12-13 14:36:06 - [TEST_STEP][PASSED] - delay(1): Delayed 1 second(s)

2019-12-13 14:36:07 - [MESSAGE][PASSED] - Delayed 1 second(s)

2019-12-13 14:36:07 - [TEST_STEP][PASSED] - verifyTextNotPresent("We use cookies to personalise content and ads, to provide social media features and to analyse our traffic", false): Text 'We use cookies to personalise content and ads, to provide social media features and to analyse our traffic' is not present on page

2019-12-13 14:36:07 - [MESSAGE][PASSED] - Text 'We use cookies to personalise content and ads, to provide social media features and to analyse our traffic' is not present on page

2019-12-13 14:36:07 - [TEST_STEP][PASSED] - verifyTextNotPresent(" We also share information about your use of our site with our social media, advertising and analytics partners", false): Text ' We also share information about your use of our site with our social media, advertising and analytics partners' is not present on page

2019-12-13 14:36:07 - [MESSAGE][PASSED] - Text ' We also share information about your use of our site with our social media, advertising and analytics partners' is not present on page

2019-12-13 14:36:07 - [TEST_STEP][PASSED] - verifyTextNotPresent("Cookie Policy", false): Text 'Cookie Policy' is not present on page

2019-12-13 14:36:07 - [MESSAGE][PASSED] - Text 'Cookie Policy' is not present on page

2019-12-13 14:36:07 - [TEST_STEP][PASSED] - waitForElementVisible(findTestObject("Page_Checkatrade Find a tradesperson you can trust/a_Search"), 60): Object 'Object Repository/Page_Checkatrade Find a tradesperson you can trust/a_Search' is visible

2019-12-13 14:36:08 - [MESSAGE][PASSED] - Object 'Object Repository/Page_Checkatrade Find a tradesperson you can trust/a_Search' is visible

2019-12-13 14:36:08 - [TEST_STEP][PASSED] - "COOKIE - ORIGINAL": null

2019-12-13 14:36:08 - [TEST_STEP][PASSED] - if (Mobile_Flag == "true"): null

2019-12-13 14:36:08 - [MESSAGE][PASSED] - Call Test Case 'Test Cases/Reusable_Test_Sequences/CAT_Setup' successfully

2019-12-13 14:36:08 - [TEST_STEP][PASSED] - callTestCase(findTestCase("Reusable_Test_Sequences/CAT_Home"), [:], CONTINUE_ON_FAILURE): Call Test Case 'Test Cases/Reusable_Test_Sequences/CAT_Home' successfully

2019-12-13 14:36:08 - [TEST_CASE][PASSED] - Test Cases/Reusable_Test_Sequences/CAT_Home: Test Cases/Reusable_Test_Sequences/CAT_Home

2019-12-13 14:36:08 - [TEST_STEP][PASSED] - waitForPageLoad(10): Wait for page load successfully

2019-12-13 14:36:08 - [MESSAGE][PASSED] - Wait for page load successfully

2019-12-13 14:36:08 - [TEST_STEP][PASSED] - waitForElementClickable(findTestObject("Object Repository/Checkatrade_Trade_Search_Page/Page_Checkatrade Find a tradesperson you can trust/Page_Checkatrade Find a tradesperson you can trust/a_Search"), 60): Object 'Object Repository/Checkatrade_Trade_Search_Page/Page_Checkatrade Find a tradesperson you can trust/Page_Checkatrade Find a tradesperson you can trust/a_Search' is clickable

2019-12-13 14:36:08 - [MESSAGE][PASSED] - Object 'Object Repository/Checkatrade_Trade_Search_Page/Page_Checkatrade Find a tradesperson you can trust/Page_Checkatrade Find a tradesperson you can trust/a_Search' is clickable

2019-12-13 14:36:08 - [TEST_STEP][PASSED] - "------------------------------------": null

2019-12-13 14:36:08 - [TEST_STEP][PASSED] - verifyTextPresent("Helping you find the right trade or service", false): Text 'Helping you find the right trade or service' is present on page 

2019-12-13 14:36:08 - [MESSAGE][PASSED] - Text 'Helping you find the right trade or service' is present on page 

2019-12-13 14:36:08 - [TEST_STEP][PASSED] - verifyTextPresent("Search through over", false): Text 'Search through over' is present on page 

2019-12-13 14:36:08 - [MESSAGE][PASSED] - Text 'Search through over' is present on page 

2019-12-13 14:36:08 - [TEST_STEP][PASSED] - verifyTextPresent("recommended, vetted and monitored trades and service providers for free.", false): Text 'recommended, vetted and monitored trades and service providers for free.' is present on page 

2019-12-13 14:36:08 - [MESSAGE][PASSED] - Text 'recommended, vetted and monitored trades and service providers for free.' is present on page 

2019-12-13 14:36:08 - [TEST_STEP][PASSED] - verifyTextPresent("or look up a member by name", false): Text 'or look up a member by name' is present on page 

2019-12-13 14:36:08 - [MESSAGE][PASSED] - Text 'or look up a member by name' is present on page 

2019-12-13 14:36:08 - [TEST_STEP][PASSED] - verifyTextPresent("reviews published so far – thank you!", false): Text 'reviews published so far – thank you!' is present on page 

2019-12-13 14:36:08 - [MESSAGE][PASSED] - Text 'reviews published so far – thank you!' is present on page 

2019-12-13 14:36:08 - [TEST_STEP][PASSED] - "------------------------------------": null

2019-12-13 14:36:08 - [TEST_STEP][PASSED] - " NEW FOOTER Details - 10/12/2019": null

2019-12-13 14:36:08 - [TEST_STEP][PASSED] - verifyTextPresent("I need a trade or service", false): Text 'I need a trade or service' is present on page 

2019-12-13 14:36:08 - [MESSAGE][PASSED] - Text 'I need a trade or service' is present on page 

2019-12-13 14:36:08 - [TEST_STEP][PASSED] - verifyTextPresent("Every trader thoroughly checked and vetted", false): Text 'Every trader thoroughly checked and vetted' is present on page 

2019-12-13 14:36:08 - [MESSAGE][PASSED] - Text 'Every trader thoroughly checked and vetted' is present on page 

2019-12-13 14:36:08 - [TEST_STEP][PASSED] - verifyTextPresent("Find out more", false): Text 'Find out more' is present on page 

2019-12-13 14:36:08 - [MESSAGE][PASSED] - Text 'Find out more' is present on page 

2019-12-13 14:36:08 - [TEST_STEP][PASSED] - verifyTextPresent("I am a tradesman", false): Text 'I am a tradesman' is present on page 

2019-12-13 14:36:09 - [MESSAGE][PASSED] - Text 'I am a tradesman' is present on page 

2019-12-13 14:36:09 - [TEST_STEP][PASSED] - verifyTextPresent("Over a million visits to Checkatrade each month", false): Text 'Over a million visits to Checkatrade each month' is present on page 

2019-12-13 14:36:09 - [MESSAGE][PASSED] - Text 'Over a million visits to Checkatrade each month' is present on page 

2019-12-13 14:36:09 - [TEST_STEP][PASSED] - verifyTextPresent("Find out more", false): Text 'Find out more' is present on page 

2019-12-13 14:36:09 - [MESSAGE][PASSED] - Text 'Find out more' is present on page 

2019-12-13 14:36:09 - [TEST_STEP][PASSED] - "------------------------------------": null

2019-12-13 14:36:09 - [TEST_STEP][PASSED] - "FOOTER": null

2019-12-13 14:36:09 - [TEST_STEP][PASSED] - verifyTextPresent("Trades", false): Text 'Trades' is present on page 

2019-12-13 14:36:09 - [MESSAGE][PASSED] - Text 'Trades' is present on page 

2019-12-13 14:36:09 - [TEST_STEP][PASSED] - verifyTextPresent("Homeowner", false): Text 'Homeowner' is present on page 

2019-12-13 14:36:09 - [MESSAGE][PASSED] - Text 'Homeowner' is present on page 

2019-12-13 14:36:09 - [TEST_STEP][PASSED] - verifyTextPresent("Company", false): Text 'Company' is present on page 

2019-12-13 14:36:09 - [MESSAGE][PASSED] - Text 'Company' is present on page 

2019-12-13 14:36:09 - [TEST_STEP][PASSED] - "------------------------------------": null

2019-12-13 14:36:09 - [TEST_STEP][PASSED] - "Social Media": null

2019-12-13 14:36:09 - [TEST_STEP][PASSED] - verifyTextPresent("Follow Us On", false): Text 'Follow Us On' is present on page 

2019-12-13 14:36:09 - [MESSAGE][PASSED] - Text 'Follow Us On' is present on page 

2019-12-13 14:36:09 - [MESSAGE][PASSED] - Call Test Case 'Test Cases/Reusable_Test_Sequences/CAT_Home' successfully

2019-12-13 14:36:09 - [TEST_STEP][PASSED] - "---------------------------------------": null

2019-12-13 14:36:09 - [TEST_STEP][PASSED] - " Set and SEARCH TRADE CLASSIFICATION   |": null

2019-12-13 14:36:09 - [TEST_STEP][PASSED] - callTestCase(findTestCase("Reusable_Test_Sequences/CAT_Enter_Trade_Classification"), [:], CONTINUE_ON_FAILURE): Call Test Case 'Test Cases/Reusable_Test_Sequences/CAT_Enter_Trade_Classification' successfully

2019-12-13 14:36:09 - [TEST_CASE][PASSED] - Test Cases/Reusable_Test_Sequences/CAT_Enter_Trade_Classification: Test Cases/Reusable_Test_Sequences/CAT_Enter_Trade_Classification

2019-12-13 14:36:09 - [TEST_STEP][PASSED] - "---------------------------------": null

2019-12-13 14:36:09 - [TEST_STEP][PASSED] - "Set and SEARCH SELECTED TRADE": null

2019-12-13 14:36:09 - [TEST_STEP][PASSED] - click(findTestObject("Object Repository/Checkatrade_Trade_Search_Page/Page_Checkatrade Find a tradesperson you can trust/input_Search_Button_FF")): Object: 'Object Repository/Checkatrade_Trade_Search_Page/Page_Checkatrade Find a tradesperson you can trust/input_Search_Button_FF' is clicked on

2019-12-13 14:36:09 - [MESSAGE][PASSED] - Object: 'Object Repository/Checkatrade_Trade_Search_Page/Page_Checkatrade Find a tradesperson you can trust/input_Search_Button_FF' is clicked on

2019-12-13 14:36:09 - [TEST_STEP][PASSED] - setText(findTestObject("Object Repository/Checkatrade_Trade_Search_Page/Page_Checkatrade Find a tradesperson you can trust/input_Search_Button_FF"), findTestData("searchTestData").getValue("tradeClassification", row)): Text 'Tree Surgeon' is set on object 'Object Repository/Checkatrade_Trade_Search_Page/Page_Checkatrade Find a tradesperson you can trust/input_Search_Button_FF'

2019-12-13 14:36:10 - [MESSAGE][PASSED] - Text 'Tree Surgeon' is set on object 'Object Repository/Checkatrade_Trade_Search_Page/Page_Checkatrade Find a tradesperson you can trust/input_Search_Button_FF'

2019-12-13 14:36:10 - [MESSAGE][PASSED] - Call Test Case 'Test Cases/Reusable_Test_Sequences/CAT_Enter_Trade_Classification' successfully

2019-12-13 14:36:10 - [TEST_STEP][PASSED] - "---------------------------------------": null

2019-12-13 14:36:10 - [TEST_STEP][PASSED] - " Set and SEARCH TRADE LOCATION         |": null

2019-12-13 14:36:10 - [TEST_STEP][PASSED] - callTestCase(findTestCase("Reusable_Test_Sequences/CAT_Enter_Trade_Location"), [:], CONTINUE_ON_FAILURE): Call Test Case 'Test Cases/Reusable_Test_Sequences/CAT_Enter_Trade_Location' successfully

2019-12-13 14:36:10 - [TEST_CASE][PASSED] - Test Cases/Reusable_Test_Sequences/CAT_Enter_Trade_Location: Test Cases/Reusable_Test_Sequences/CAT_Enter_Trade_Location

2019-12-13 14:36:10 - [TEST_STEP][PASSED] - "---------------------------------": null

2019-12-13 14:36:10 - [TEST_STEP][PASSED] - "Set and SEARCH SELECTED LOCATION |": null

2019-12-13 14:36:10 - [TEST_STEP][PASSED] - click(findTestObject("Object Repository/Checkatrade_Trade_Search_Page/Page_Checkatrade Find a tradesperson you can trust/input_Not here_location")): Object: 'Object Repository/Checkatrade_Trade_Search_Page/Page_Checkatrade Find a tradesperson you can trust/input_Not here_location' is clicked on

2019-12-13 14:36:10 - [MESSAGE][PASSED] - Object: 'Object Repository/Checkatrade_Trade_Search_Page/Page_Checkatrade Find a tradesperson you can trust/input_Not here_location' is clicked on

2019-12-13 14:36:10 - [TEST_STEP][PASSED] - setText(findTestObject("Object Repository/Checkatrade_Trade_Search_Page/Page_Checkatrade Find a tradesperson you can trust/input_Not here_location"), findTestData("searchTestData").getValue("tradeLocation", row)): Text 'PO12 2HE' is set on object 'Object Repository/Checkatrade_Trade_Search_Page/Page_Checkatrade Find a tradesperson you can trust/input_Not here_location'

2019-12-13 14:36:10 - [MESSAGE][PASSED] - Text 'PO12 2HE' is set on object 'Object Repository/Checkatrade_Trade_Search_Page/Page_Checkatrade Find a tradesperson you can trust/input_Not here_location'

2019-12-13 14:36:10 - [MESSAGE][PASSED] - Call Test Case 'Test Cases/Reusable_Test_Sequences/CAT_Enter_Trade_Location' successfully

2019-12-13 14:36:10 - [TEST_STEP][PASSED] - "---------------------------------------": null

2019-12-13 14:36:10 - [TEST_STEP][PASSED] - " Scroll Search Button into View        |": null

2019-12-13 14:36:10 - [TEST_STEP][PASSED] - "---------------------------------------": null

2019-12-13 14:36:10 - [TEST_STEP][PASSED] - "---------------------------------------": null

2019-12-13 14:36:10 - [TEST_STEP][PASSED] - " Hit Search Button                     |": null

2019-12-13 14:36:10 - [TEST_STEP][PASSED] - callTestCase(findTestCase("Reusable_Test_Sequences/CAT_Hit_Search_Button"), [:], CONTINUE_ON_FAILURE): Call Test Case 'Test Cases/Reusable_Test_Sequences/CAT_Hit_Search_Button' successfully

2019-12-13 14:36:10 - [TEST_CASE][PASSED] - Test Cases/Reusable_Test_Sequences/CAT_Hit_Search_Button: Test Cases/Reusable_Test_Sequences/CAT_Hit_Search_Button

2019-12-13 14:36:10 - [TEST_STEP][PASSED] - "---------------------------------": null

2019-12-13 14:36:10 - [TEST_STEP][PASSED] - "HIT SEARCH": null

2019-12-13 14:36:10 - [TEST_STEP][PASSED] - "---------------------------------": null

2019-12-13 14:36:10 - [TEST_STEP][PASSED] - waitForElementClickable(findTestObject("Object Repository/Checkatrade_Trade_Search_Page/Page_Checkatrade Find a tradesperson you can trust/Page_Checkatrade Find a tradesperson you can trust/a_Search"), 25): Object 'Object Repository/Checkatrade_Trade_Search_Page/Page_Checkatrade Find a tradesperson you can trust/Page_Checkatrade Find a tradesperson you can trust/a_Search' is clickable

2019-12-13 14:36:10 - [MESSAGE][PASSED] - Object 'Object Repository/Checkatrade_Trade_Search_Page/Page_Checkatrade Find a tradesperson you can trust/Page_Checkatrade Find a tradesperson you can trust/a_Search' is clickable

2019-12-13 14:36:10 - [TEST_STEP][PASSED] - click(findTestObject("Object Repository/Checkatrade_Trade_Search_Page/Page_Checkatrade Find a tradesperson you can trust/Page_Checkatrade Find a tradesperson you can trust/a_Search")): Object: 'Object Repository/Checkatrade_Trade_Search_Page/Page_Checkatrade Find a tradesperson you can trust/Page_Checkatrade Find a tradesperson you can trust/a_Search' is clicked on

2019-12-13 14:36:12 - [MESSAGE][PASSED] - Object: 'Object Repository/Checkatrade_Trade_Search_Page/Page_Checkatrade Find a tradesperson you can trust/Page_Checkatrade Find a tradesperson you can trust/a_Search' is clicked on

2019-12-13 14:36:12 - [MESSAGE][PASSED] - Call Test Case 'Test Cases/Reusable_Test_Sequences/CAT_Hit_Search_Button' successfully

2019-12-13 14:36:12 - [TEST_STEP][PASSED] - "---------------------------------------": null

2019-12-13 14:36:12 - [TEST_STEP][PASSED] - " Verify Returned Page is as Expected   |": null

2019-12-13 14:36:12 - [TEST_STEP][PASSED] - callTestCase(findTestCase("Reusable_Test_Sequences/CAT_Verification"), [:], CONTINUE_ON_FAILURE): Call Test Case 'Test Cases/Reusable_Test_Sequences/CAT_Verification' successfully

2019-12-13 14:36:12 - [TEST_CASE][PASSED] - Test Cases/Reusable_Test_Sequences/CAT_Verification: Test Cases/Reusable_Test_Sequences/CAT_Verification

2019-12-13 14:36:12 - [TEST_STEP][PASSED] - "Updated 05/12/2019 due to wholesale Home page changes": null

2019-12-13 14:36:12 - [TEST_STEP][PASSED] - "Expected cantantenated text is Returned": null

2019-12-13 14:36:12 - [TEST_STEP][PASSED] - waitForPageLoad(60): Wait for page load successfully

2019-12-13 14:36:12 - [MESSAGE][PASSED] - Wait for page load successfully

2019-12-13 14:36:12 - [TEST_STEP][PASSED] - verifyTextPresent(findTestData("searchTestData").getValue("tradeClassification", row), false): Text 'Tree Surgeon' is present on page 

2019-12-13 14:36:12 - [MESSAGE][PASSED] - Text 'Tree Surgeon' is present on page 

2019-12-13 14:36:12 - [TEST_STEP][PASSED] - verifyTextPresent(findTestData("searchTestData").getValue("tradeLocation", row), false): Text 'PO12 2HE' is present on page 

2019-12-13 14:36:13 - [MESSAGE][PASSED] - Text 'PO12 2HE' is present on page 

2019-12-13 14:36:13 - [MESSAGE][PASSED] - Call Test Case 'Test Cases/Reusable_Test_Sequences/CAT_Verification' successfully

2019-12-13 14:36:13 - [TEST_STEP][PASSED] - "--------------------------": null

2019-12-13 14:36:13 - [TEST_STEP][PASSED] - " Teardown - CLose Browser |": null

2019-12-13 14:36:13 - [TEST_STEP][PASSED] - callTestCase(findTestCase("Reusable_Test_Sequences/CAT_Teardown"), [:], OPTIONAL): Call Test Case 'Test Cases/Reusable_Test_Sequences/CAT_Teardown' successfully

2019-12-13 14:36:13 - [TEST_CASE][PASSED] - Test Cases/Reusable_Test_Sequences/CAT_Teardown: Test Cases/Reusable_Test_Sequences/CAT_Teardown

2019-12-13 14:36:13 - [TEST_STEP][PASSED] - closeBrowser(): Browser is closed

2019-12-13 14:36:14 - [MESSAGE][PASSED] - Browser is closed

2019-12-13 14:36:14 - [MESSAGE][PASSED] - Call Test Case 'Test Cases/Reusable_Test_Sequences/CAT_Teardown' successfully

2019-12-13 14:36:14 - [TEST_STEP][PASSED] - callTestCase(findTestCase("Reusable_Test_Sequences/CAT_Setup"), [:], OPTIONAL): Call Test Case 'Test Cases/Reusable_Test_Sequences/CAT_Setup' successfully

2019-12-13 14:36:14 - [TEST_CASE][PASSED] - Test Cases/Reusable_Test_Sequences/CAT_Setup: Test Cases/Reusable_Test_Sequences/CAT_Setup

2019-12-13 14:36:14 - [TEST_STEP][PASSED] - "URL - Set from the ENVIRONMENT PROFILE ": null

2019-12-13 14:36:14 - [TEST_STEP][PASSED] - openBrowser(URL): Browser is opened with url: 'https://www.preview.checkatrade.com/'

2019-12-13 14:36:14 - [MESSAGE][INFO] - Starting 'Chrome' driver

2019-12-13 14:36:21 - [MESSAGE][PASSED] - Browser is opened with url: 'https://www.preview.checkatrade.com/'

2019-12-13 14:36:21 - [TEST_STEP][PASSED] - maximizeWindow(): Current window maximized

2019-12-13 14:36:25 - [MESSAGE][PASSED] - Current window maximized

2019-12-13 14:36:25 - [TEST_STEP][PASSED] - waitForPageLoad(60): Wait for page load successfully

2019-12-13 14:36:25 - [MESSAGE][PASSED] - Wait for page load successfully

2019-12-13 14:36:25 - [TEST_STEP][PASSED] - try: Text 'Cookie Policy' is not present on page

2019-12-13 14:36:25 - [TEST_STEP][PASSED] - verifyElementPresent(findTestObject("Object Repository/Cookies/Page_Checkatrade Find a tradesperson you can trust/button_Accept All"), 5): Object 'Object Repository/Cookies/Page_Checkatrade Find a tradesperson you can trust/button_Accept All' is present

2019-12-13 14:36:25 - [MESSAGE][PASSED] - Object 'Object Repository/Cookies/Page_Checkatrade Find a tradesperson you can trust/button_Accept All' is present

2019-12-13 14:36:25 - [TEST_STEP][PASSED] - click(findTestObject("Object Repository/Cookies/Page_Checkatrade Find a tradesperson you can trust/button_Accept All")): Object: 'Object Repository/Cookies/Page_Checkatrade Find a tradesperson you can trust/button_Accept All' is clicked on

2019-12-13 14:36:26 - [MESSAGE][PASSED] - Object: 'Object Repository/Cookies/Page_Checkatrade Find a tradesperson you can trust/button_Accept All' is clicked on

2019-12-13 14:36:26 - [TEST_STEP][PASSED] - "---------------------------------": null

2019-12-13 14:36:26 - [TEST_STEP][PASSED] - "COOKIE POPOUT REMOVED - Confirmed": null

2019-12-13 14:36:26 - [TEST_STEP][PASSED] - delay(1): Delayed 1 second(s)

2019-12-13 14:36:27 - [MESSAGE][PASSED] - Delayed 1 second(s)

2019-12-13 14:36:27 - [TEST_STEP][PASSED] - verifyTextNotPresent("We use cookies to personalise content and ads, to provide social media features and to analyse our traffic", false): Text 'We use cookies to personalise content and ads, to provide social media features and to analyse our traffic' is not present on page

2019-12-13 14:36:27 - [MESSAGE][PASSED] - Text 'We use cookies to personalise content and ads, to provide social media features and to analyse our traffic' is not present on page

2019-12-13 14:36:27 - [TEST_STEP][PASSED] - verifyTextNotPresent(" We also share information about your use of our site with our social media, advertising and analytics partners", false): Text ' We also share information about your use of our site with our social media, advertising and analytics partners' is not present on page

2019-12-13 14:36:27 - [MESSAGE][PASSED] - Text ' We also share information about your use of our site with our social media, advertising and analytics partners' is not present on page

2019-12-13 14:36:27 - [TEST_STEP][PASSED] - verifyTextNotPresent("Cookie Policy", false): Text 'Cookie Policy' is not present on page

2019-12-13 14:36:27 - [MESSAGE][PASSED] - Text 'Cookie Policy' is not present on page

2019-12-13 14:36:27 - [TEST_STEP][PASSED] - waitForElementVisible(findTestObject("Page_Checkatrade Find a tradesperson you can trust/a_Search"), 60): Object 'Object Repository/Page_Checkatrade Find a tradesperson you can trust/a_Search' is visible

2019-12-13 14:36:27 - [MESSAGE][PASSED] - Object 'Object Repository/Page_Checkatrade Find a tradesperson you can trust/a_Search' is visible

2019-12-13 14:36:27 - [TEST_STEP][PASSED] - "COOKIE - ORIGINAL": null

2019-12-13 14:36:27 - [TEST_STEP][PASSED] - if (Mobile_Flag == "true"): null

2019-12-13 14:36:27 - [MESSAGE][PASSED] - Call Test Case 'Test Cases/Reusable_Test_Sequences/CAT_Setup' successfully

2019-12-13 14:36:27 - [TEST_STEP][PASSED] - callTestCase(findTestCase("Reusable_Test_Sequences/CAT_Home"), [:], CONTINUE_ON_FAILURE): Call Test Case 'Test Cases/Reusable_Test_Sequences/CAT_Home' successfully

2019-12-13 14:36:27 - [TEST_CASE][PASSED] - Test Cases/Reusable_Test_Sequences/CAT_Home: Test Cases/Reusable_Test_Sequences/CAT_Home

2019-12-13 14:36:27 - [TEST_STEP][PASSED] - waitForPageLoad(10): Wait for page load successfully

2019-12-13 14:36:27 - [MESSAGE][PASSED] - Wait for page load successfully

2019-12-13 14:36:27 - [TEST_STEP][PASSED] - waitForElementClickable(findTestObject("Object Repository/Checkatrade_Trade_Search_Page/Page_Checkatrade Find a tradesperson you can trust/Page_Checkatrade Find a tradesperson you can trust/a_Search"), 60): Object 'Object Repository/Checkatrade_Trade_Search_Page/Page_Checkatrade Find a tradesperson you can trust/Page_Checkatrade Find a tradesperson you can trust/a_Search' is clickable

2019-12-13 14:36:27 - [MESSAGE][PASSED] - Object 'Object Repository/Checkatrade_Trade_Search_Page/Page_Checkatrade Find a tradesperson you can trust/Page_Checkatrade Find a tradesperson you can trust/a_Search' is clickable

2019-12-13 14:36:27 - [TEST_STEP][PASSED] - "------------------------------------": null

2019-12-13 14:36:27 - [TEST_STEP][PASSED] - verifyTextPresent("Helping you find the right trade or service", false): Text 'Helping you find the right trade or service' is present on page 

2019-12-13 14:36:27 - [MESSAGE][PASSED] - Text 'Helping you find the right trade or service' is present on page 

2019-12-13 14:36:27 - [TEST_STEP][PASSED] - verifyTextPresent("Search through over", false): Text 'Search through over' is present on page 

2019-12-13 14:36:27 - [MESSAGE][PASSED] - Text 'Search through over' is present on page 

2019-12-13 14:36:27 - [TEST_STEP][PASSED] - verifyTextPresent("recommended, vetted and monitored trades and service providers for free.", false): Text 'recommended, vetted and monitored trades and service providers for free.' is present on page 

2019-12-13 14:36:27 - [MESSAGE][PASSED] - Text 'recommended, vetted and monitored trades and service providers for free.' is present on page 

2019-12-13 14:36:27 - [TEST_STEP][PASSED] - verifyTextPresent("or look up a member by name", false): Text 'or look up a member by name' is present on page 

2019-12-13 14:36:28 - [MESSAGE][PASSED] - Text 'or look up a member by name' is present on page 

2019-12-13 14:36:28 - [TEST_STEP][PASSED] - verifyTextPresent("reviews published so far – thank you!", false): Text 'reviews published so far – thank you!' is present on page 

2019-12-13 14:36:28 - [MESSAGE][PASSED] - Text 'reviews published so far – thank you!' is present on page 

2019-12-13 14:36:28 - [TEST_STEP][PASSED] - "------------------------------------": null

2019-12-13 14:36:28 - [TEST_STEP][PASSED] - " NEW FOOTER Details - 10/12/2019": null

2019-12-13 14:36:28 - [TEST_STEP][PASSED] - verifyTextPresent("I need a trade or service", false): Text 'I need a trade or service' is present on page 

2019-12-13 14:36:28 - [MESSAGE][PASSED] - Text 'I need a trade or service' is present on page 

2019-12-13 14:36:28 - [TEST_STEP][PASSED] - verifyTextPresent("Every trader thoroughly checked and vetted", false): Text 'Every trader thoroughly checked and vetted' is present on page 

2019-12-13 14:36:28 - [MESSAGE][PASSED] - Text 'Every trader thoroughly checked and vetted' is present on page 

2019-12-13 14:36:28 - [TEST_STEP][PASSED] - verifyTextPresent("Find out more", false): Text 'Find out more' is present on page 

2019-12-13 14:36:28 - [MESSAGE][PASSED] - Text 'Find out more' is present on page 

2019-12-13 14:36:28 - [TEST_STEP][PASSED] - verifyTextPresent("I am a tradesman", false): Text 'I am a tradesman' is present on page 

2019-12-13 14:36:28 - [MESSAGE][PASSED] - Text 'I am a tradesman' is present on page 

2019-12-13 14:36:28 - [TEST_STEP][PASSED] - verifyTextPresent("Over a million visits to Checkatrade each month", false): Text 'Over a million visits to Checkatrade each month' is present on page 

2019-12-13 14:36:28 - [MESSAGE][PASSED] - Text 'Over a million visits to Checkatrade each month' is present on page 

2019-12-13 14:36:28 - [TEST_STEP][PASSED] - verifyTextPresent("Find out more", false): Text 'Find out more' is present on page 

2019-12-13 14:36:28 - [MESSAGE][PASSED] - Text 'Find out more' is present on page 

2019-12-13 14:36:28 - [TEST_STEP][PASSED] - "------------------------------------": null

2019-12-13 14:36:28 - [TEST_STEP][PASSED] - "FOOTER": null

2019-12-13 14:36:28 - [TEST_STEP][PASSED] - verifyTextPresent("Trades", false): Text 'Trades' is present on page 

2019-12-13 14:36:28 - [MESSAGE][PASSED] - Text 'Trades' is present on page 

2019-12-13 14:36:28 - [TEST_STEP][PASSED] - verifyTextPresent("Homeowner", false): Text 'Homeowner' is present on page 

2019-12-13 14:36:28 - [MESSAGE][PASSED] - Text 'Homeowner' is present on page 

2019-12-13 14:36:28 - [TEST_STEP][PASSED] - verifyTextPresent("Company", false): Text 'Company' is present on page 

2019-12-13 14:36:28 - [MESSAGE][PASSED] - Text 'Company' is present on page 

2019-12-13 14:36:28 - [TEST_STEP][PASSED] - "------------------------------------": null

2019-12-13 14:36:28 - [TEST_STEP][PASSED] - "Social Media": null

2019-12-13 14:36:28 - [TEST_STEP][PASSED] - verifyTextPresent("Follow Us On", false): Text 'Follow Us On' is present on page 

2019-12-13 14:36:28 - [MESSAGE][PASSED] - Text 'Follow Us On' is present on page 

2019-12-13 14:36:28 - [MESSAGE][PASSED] - Call Test Case 'Test Cases/Reusable_Test_Sequences/CAT_Home' successfully

2019-12-13 14:36:28 - [TEST_STEP][PASSED] - "---------------------------------------": null

2019-12-13 14:36:28 - [TEST_STEP][PASSED] - " Set and SEARCH TRADE CLASSIFICATION   |": null

2019-12-13 14:36:28 - [TEST_STEP][PASSED] - callTestCase(findTestCase("Reusable_Test_Sequences/CAT_Enter_Trade_Classification"), [:], CONTINUE_ON_FAILURE): Call Test Case 'Test Cases/Reusable_Test_Sequences/CAT_Enter_Trade_Classification' successfully

2019-12-13 14:36:28 - [TEST_CASE][PASSED] - Test Cases/Reusable_Test_Sequences/CAT_Enter_Trade_Classification: Test Cases/Reusable_Test_Sequences/CAT_Enter_Trade_Classification

2019-12-13 14:36:28 - [TEST_STEP][PASSED] - "---------------------------------": null

2019-12-13 14:36:28 - [TEST_STEP][PASSED] - "Set and SEARCH SELECTED TRADE": null

2019-12-13 14:36:28 - [TEST_STEP][PASSED] - click(findTestObject("Object Repository/Checkatrade_Trade_Search_Page/Page_Checkatrade Find a tradesperson you can trust/input_Search_Button_FF")): Object: 'Object Repository/Checkatrade_Trade_Search_Page/Page_Checkatrade Find a tradesperson you can trust/input_Search_Button_FF' is clicked on

2019-12-13 14:36:29 - [MESSAGE][PASSED] - Object: 'Object Repository/Checkatrade_Trade_Search_Page/Page_Checkatrade Find a tradesperson you can trust/input_Search_Button_FF' is clicked on

2019-12-13 14:36:29 - [TEST_STEP][PASSED] - setText(findTestObject("Object Repository/Checkatrade_Trade_Search_Page/Page_Checkatrade Find a tradesperson you can trust/input_Search_Button_FF"), findTestData("searchTestData").getValue("tradeClassification", row)): Text 'Electrician' is set on object 'Object Repository/Checkatrade_Trade_Search_Page/Page_Checkatrade Find a tradesperson you can trust/input_Search_Button_FF'

2019-12-13 14:36:29 - [MESSAGE][PASSED] - Text 'Electrician' is set on object 'Object Repository/Checkatrade_Trade_Search_Page/Page_Checkatrade Find a tradesperson you can trust/input_Search_Button_FF'

2019-12-13 14:36:29 - [MESSAGE][PASSED] - Call Test Case 'Test Cases/Reusable_Test_Sequences/CAT_Enter_Trade_Classification' successfully

2019-12-13 14:36:29 - [TEST_STEP][PASSED] - "---------------------------------------": null

2019-12-13 14:36:29 - [TEST_STEP][PASSED] - " Set and SEARCH TRADE LOCATION         |": null

2019-12-13 14:36:29 - [TEST_STEP][PASSED] - callTestCase(findTestCase("Reusable_Test_Sequences/CAT_Enter_Trade_Location"), [:], CONTINUE_ON_FAILURE): Call Test Case 'Test Cases/Reusable_Test_Sequences/CAT_Enter_Trade_Location' successfully

2019-12-13 14:36:29 - [TEST_CASE][PASSED] - Test Cases/Reusable_Test_Sequences/CAT_Enter_Trade_Location: Test Cases/Reusable_Test_Sequences/CAT_Enter_Trade_Location

2019-12-13 14:36:29 - [TEST_STEP][PASSED] - "---------------------------------": null

2019-12-13 14:36:29 - [TEST_STEP][PASSED] - "Set and SEARCH SELECTED LOCATION |": null

2019-12-13 14:36:29 - [TEST_STEP][PASSED] - click(findTestObject("Object Repository/Checkatrade_Trade_Search_Page/Page_Checkatrade Find a tradesperson you can trust/input_Not here_location")): Object: 'Object Repository/Checkatrade_Trade_Search_Page/Page_Checkatrade Find a tradesperson you can trust/input_Not here_location' is clicked on

2019-12-13 14:36:29 - [MESSAGE][PASSED] - Object: 'Object Repository/Checkatrade_Trade_Search_Page/Page_Checkatrade Find a tradesperson you can trust/input_Not here_location' is clicked on

2019-12-13 14:36:29 - [TEST_STEP][PASSED] - setText(findTestObject("Object Repository/Checkatrade_Trade_Search_Page/Page_Checkatrade Find a tradesperson you can trust/input_Not here_location"), findTestData("searchTestData").getValue("tradeLocation", row)): Text 'Orkney' is set on object 'Object Repository/Checkatrade_Trade_Search_Page/Page_Checkatrade Find a tradesperson you can trust/input_Not here_location'

2019-12-13 14:36:29 - [MESSAGE][PASSED] - Text 'Orkney' is set on object 'Object Repository/Checkatrade_Trade_Search_Page/Page_Checkatrade Find a tradesperson you can trust/input_Not here_location'

2019-12-13 14:36:29 - [MESSAGE][PASSED] - Call Test Case 'Test Cases/Reusable_Test_Sequences/CAT_Enter_Trade_Location' successfully

2019-12-13 14:36:29 - [TEST_STEP][PASSED] - "---------------------------------------": null

2019-12-13 14:36:29 - [TEST_STEP][PASSED] - " Scroll Search Button into View        |": null

2019-12-13 14:36:29 - [TEST_STEP][PASSED] - "---------------------------------------": null

2019-12-13 14:36:29 - [TEST_STEP][PASSED] - "---------------------------------------": null

2019-12-13 14:36:29 - [TEST_STEP][PASSED] - " Hit Search Button                     |": null

2019-12-13 14:36:29 - [TEST_STEP][PASSED] - callTestCase(findTestCase("Reusable_Test_Sequences/CAT_Hit_Search_Button"), [:], CONTINUE_ON_FAILURE): Call Test Case 'Test Cases/Reusable_Test_Sequences/CAT_Hit_Search_Button' successfully

2019-12-13 14:36:29 - [TEST_CASE][PASSED] - Test Cases/Reusable_Test_Sequences/CAT_Hit_Search_Button: Test Cases/Reusable_Test_Sequences/CAT_Hit_Search_Button

2019-12-13 14:36:29 - [TEST_STEP][PASSED] - "---------------------------------": null

2019-12-13 14:36:29 - [TEST_STEP][PASSED] - "HIT SEARCH": null

2019-12-13 14:36:29 - [TEST_STEP][PASSED] - "---------------------------------": null

2019-12-13 14:36:29 - [TEST_STEP][PASSED] - waitForElementClickable(findTestObject("Object Repository/Checkatrade_Trade_Search_Page/Page_Checkatrade Find a tradesperson you can trust/Page_Checkatrade Find a tradesperson you can trust/a_Search"), 25): Object 'Object Repository/Checkatrade_Trade_Search_Page/Page_Checkatrade Find a tradesperson you can trust/Page_Checkatrade Find a tradesperson you can trust/a_Search' is clickable

2019-12-13 14:36:30 - [MESSAGE][PASSED] - Object 'Object Repository/Checkatrade_Trade_Search_Page/Page_Checkatrade Find a tradesperson you can trust/Page_Checkatrade Find a tradesperson you can trust/a_Search' is clickable

2019-12-13 14:36:30 - [TEST_STEP][PASSED] - click(findTestObject("Object Repository/Checkatrade_Trade_Search_Page/Page_Checkatrade Find a tradesperson you can trust/Page_Checkatrade Find a tradesperson you can trust/a_Search")): Object: 'Object Repository/Checkatrade_Trade_Search_Page/Page_Checkatrade Find a tradesperson you can trust/Page_Checkatrade Find a tradesperson you can trust/a_Search' is clicked on

2019-12-13 14:36:33 - [MESSAGE][PASSED] - Object: 'Object Repository/Checkatrade_Trade_Search_Page/Page_Checkatrade Find a tradesperson you can trust/Page_Checkatrade Find a tradesperson you can trust/a_Search' is clicked on

2019-12-13 14:36:33 - [MESSAGE][PASSED] - Call Test Case 'Test Cases/Reusable_Test_Sequences/CAT_Hit_Search_Button' successfully

2019-12-13 14:36:33 - [TEST_STEP][PASSED] - "---------------------------------------": null

2019-12-13 14:36:33 - [TEST_STEP][PASSED] - " Verify Returned Page is as Expected   |": null

2019-12-13 14:36:33 - [TEST_STEP][PASSED] - callTestCase(findTestCase("Reusable_Test_Sequences/CAT_Verification"), [:], CONTINUE_ON_FAILURE): Call Test Case 'Test Cases/Reusable_Test_Sequences/CAT_Verification' successfully

2019-12-13 14:36:33 - [TEST_CASE][PASSED] - Test Cases/Reusable_Test_Sequences/CAT_Verification: Test Cases/Reusable_Test_Sequences/CAT_Verification

2019-12-13 14:36:34 - [TEST_STEP][PASSED] - "Updated 05/12/2019 due to wholesale Home page changes": null

2019-12-13 14:36:34 - [TEST_STEP][PASSED] - "Expected cantantenated text is Returned": null

2019-12-13 14:36:34 - [TEST_STEP][PASSED] - waitForPageLoad(60): Wait for page load successfully

2019-12-13 14:36:34 - [MESSAGE][PASSED] - Wait for page load successfully

2019-12-13 14:36:34 - [TEST_STEP][PASSED] - verifyTextPresent(findTestData("searchTestData").getValue("tradeClassification", row), false): Text 'Electrician' is present on page 

2019-12-13 14:36:34 - [MESSAGE][PASSED] - Text 'Electrician' is present on page 

2019-12-13 14:36:34 - [TEST_STEP][PASSED] - verifyTextPresent(findTestData("searchTestData").getValue("tradeLocation", row), false): Text 'Orkney' is present on page 

2019-12-13 14:36:34 - [MESSAGE][PASSED] - Text 'Orkney' is present on page 

2019-12-13 14:36:34 - [MESSAGE][PASSED] - Call Test Case 'Test Cases/Reusable_Test_Sequences/CAT_Verification' successfully

2019-12-13 14:36:34 - [TEST_STEP][PASSED] - "--------------------------": null

2019-12-13 14:36:34 - [TEST_STEP][PASSED] - " Teardown - CLose Browser |": null

2019-12-13 14:36:34 - [TEST_STEP][PASSED] - callTestCase(findTestCase("Reusable_Test_Sequences/CAT_Teardown"), [:], OPTIONAL): Call Test Case 'Test Cases/Reusable_Test_Sequences/CAT_Teardown' successfully

2019-12-13 14:36:35 - [TEST_CASE][PASSED] - Test Cases/Reusable_Test_Sequences/CAT_Teardown: Test Cases/Reusable_Test_Sequences/CAT_Teardown

2019-12-13 14:36:35 - [TEST_STEP][PASSED] - closeBrowser(): Browser is closed

2019-12-13 14:36:35 - [MESSAGE][PASSED] - Browser is closed

2019-12-13 14:36:35 - [MESSAGE][PASSED] - Call Test Case 'Test Cases/Reusable_Test_Sequences/CAT_Teardown' successfully

2019-12-13 14:36:35 - [TEST_STEP][PASSED] - callTestCase(findTestCase("Reusable_Test_Sequences/CAT_Setup"), [:], OPTIONAL): Call Test Case 'Test Cases/Reusable_Test_Sequences/CAT_Setup' successfully

2019-12-13 14:36:36 - [TEST_CASE][PASSED] - Test Cases/Reusable_Test_Sequences/CAT_Setup: Test Cases/Reusable_Test_Sequences/CAT_Setup

2019-12-13 14:36:36 - [TEST_STEP][PASSED] - "URL - Set from the ENVIRONMENT PROFILE ": null

2019-12-13 14:36:36 - [TEST_STEP][PASSED] - openBrowser(URL): Browser is opened with url: 'https://www.preview.checkatrade.com/'

2019-12-13 14:36:36 - [MESSAGE][INFO] - Starting 'Chrome' driver

2019-12-13 14:36:43 - [MESSAGE][PASSED] - Browser is opened with url: 'https://www.preview.checkatrade.com/'

2019-12-13 14:36:43 - [TEST_STEP][PASSED] - maximizeWindow(): Current window maximized

2019-12-13 14:36:47 - [MESSAGE][PASSED] - Current window maximized

2019-12-13 14:36:47 - [TEST_STEP][PASSED] - waitForPageLoad(60): Wait for page load successfully

2019-12-13 14:36:47 - [MESSAGE][PASSED] - Wait for page load successfully

2019-12-13 14:36:47 - [TEST_STEP][PASSED] - try: Text 'Cookie Policy' is not present on page

2019-12-13 14:36:47 - [TEST_STEP][PASSED] - verifyElementPresent(findTestObject("Object Repository/Cookies/Page_Checkatrade Find a tradesperson you can trust/button_Accept All"), 5): Object 'Object Repository/Cookies/Page_Checkatrade Find a tradesperson you can trust/button_Accept All' is present

2019-12-13 14:36:47 - [MESSAGE][PASSED] - Object 'Object Repository/Cookies/Page_Checkatrade Find a tradesperson you can trust/button_Accept All' is present

2019-12-13 14:36:47 - [TEST_STEP][PASSED] - click(findTestObject("Object Repository/Cookies/Page_Checkatrade Find a tradesperson you can trust/button_Accept All")): Object: 'Object Repository/Cookies/Page_Checkatrade Find a tradesperson you can trust/button_Accept All' is clicked on

2019-12-13 14:36:48 - [MESSAGE][PASSED] - Object: 'Object Repository/Cookies/Page_Checkatrade Find a tradesperson you can trust/button_Accept All' is clicked on

2019-12-13 14:36:48 - [TEST_STEP][PASSED] - "---------------------------------": null

2019-12-13 14:36:48 - [TEST_STEP][PASSED] - "COOKIE POPOUT REMOVED - Confirmed": null

2019-12-13 14:36:48 - [TEST_STEP][PASSED] - delay(1): Delayed 1 second(s)

2019-12-13 14:36:49 - [MESSAGE][PASSED] - Delayed 1 second(s)

2019-12-13 14:36:49 - [TEST_STEP][PASSED] - verifyTextNotPresent("We use cookies to personalise content and ads, to provide social media features and to analyse our traffic", false): Text 'We use cookies to personalise content and ads, to provide social media features and to analyse our traffic' is not present on page

2019-12-13 14:36:49 - [MESSAGE][PASSED] - Text 'We use cookies to personalise content and ads, to provide social media features and to analyse our traffic' is not present on page

2019-12-13 14:36:49 - [TEST_STEP][PASSED] - verifyTextNotPresent(" We also share information about your use of our site with our social media, advertising and analytics partners", false): Text ' We also share information about your use of our site with our social media, advertising and analytics partners' is not present on page

2019-12-13 14:36:49 - [MESSAGE][PASSED] - Text ' We also share information about your use of our site with our social media, advertising and analytics partners' is not present on page

2019-12-13 14:36:49 - [TEST_STEP][PASSED] - verifyTextNotPresent("Cookie Policy", false): Text 'Cookie Policy' is not present on page

2019-12-13 14:36:49 - [MESSAGE][PASSED] - Text 'Cookie Policy' is not present on page

2019-12-13 14:36:49 - [TEST_STEP][PASSED] - waitForElementVisible(findTestObject("Page_Checkatrade Find a tradesperson you can trust/a_Search"), 60): Object 'Object Repository/Page_Checkatrade Find a tradesperson you can trust/a_Search' is visible

2019-12-13 14:36:49 - [MESSAGE][PASSED] - Object 'Object Repository/Page_Checkatrade Find a tradesperson you can trust/a_Search' is visible

2019-12-13 14:36:49 - [TEST_STEP][PASSED] - "COOKIE - ORIGINAL": null

2019-12-13 14:36:49 - [TEST_STEP][PASSED] - if (Mobile_Flag == "true"): null

2019-12-13 14:36:49 - [MESSAGE][PASSED] - Call Test Case 'Test Cases/Reusable_Test_Sequences/CAT_Setup' successfully

2019-12-13 14:36:49 - [TEST_STEP][PASSED] - callTestCase(findTestCase("Reusable_Test_Sequences/CAT_Home"), [:], CONTINUE_ON_FAILURE): Call Test Case 'Test Cases/Reusable_Test_Sequences/CAT_Home' successfully

2019-12-13 14:36:49 - [TEST_CASE][PASSED] - Test Cases/Reusable_Test_Sequences/CAT_Home: Test Cases/Reusable_Test_Sequences/CAT_Home

2019-12-13 14:36:49 - [TEST_STEP][PASSED] - waitForPageLoad(10): Wait for page load successfully

2019-12-13 14:36:49 - [MESSAGE][PASSED] - Wait for page load successfully

2019-12-13 14:36:49 - [TEST_STEP][PASSED] - waitForElementClickable(findTestObject("Object Repository/Checkatrade_Trade_Search_Page/Page_Checkatrade Find a tradesperson you can trust/Page_Checkatrade Find a tradesperson you can trust/a_Search"), 60): Object 'Object Repository/Checkatrade_Trade_Search_Page/Page_Checkatrade Find a tradesperson you can trust/Page_Checkatrade Find a tradesperson you can trust/a_Search' is clickable

2019-12-13 14:36:49 - [MESSAGE][PASSED] - Object 'Object Repository/Checkatrade_Trade_Search_Page/Page_Checkatrade Find a tradesperson you can trust/Page_Checkatrade Find a tradesperson you can trust/a_Search' is clickable

2019-12-13 14:36:49 - [TEST_STEP][PASSED] - "------------------------------------": null

2019-12-13 14:36:49 - [TEST_STEP][PASSED] - verifyTextPresent("Helping you find the right trade or service", false): Text 'Helping you find the right trade or service' is present on page 

2019-12-13 14:36:50 - [MESSAGE][PASSED] - Text 'Helping you find the right trade or service' is present on page 

2019-12-13 14:36:50 - [TEST_STEP][PASSED] - verifyTextPresent("Search through over", false): Text 'Search through over' is present on page 

2019-12-13 14:36:50 - [MESSAGE][PASSED] - Text 'Search through over' is present on page 

2019-12-13 14:36:50 - [TEST_STEP][PASSED] - verifyTextPresent("recommended, vetted and monitored trades and service providers for free.", false): Text 'recommended, vetted and monitored trades and service providers for free.' is present on page 

2019-12-13 14:36:50 - [MESSAGE][PASSED] - Text 'recommended, vetted and monitored trades and service providers for free.' is present on page 

2019-12-13 14:36:50 - [TEST_STEP][PASSED] - verifyTextPresent("or look up a member by name", false): Text 'or look up a member by name' is present on page 

2019-12-13 14:36:50 - [MESSAGE][PASSED] - Text 'or look up a member by name' is present on page 

2019-12-13 14:36:50 - [TEST_STEP][PASSED] - verifyTextPresent("reviews published so far – thank you!", false): Text 'reviews published so far – thank you!' is present on page 

2019-12-13 14:36:50 - [MESSAGE][PASSED] - Text 'reviews published so far – thank you!' is present on page 

2019-12-13 14:36:50 - [TEST_STEP][PASSED] - "------------------------------------": null

2019-12-13 14:36:50 - [TEST_STEP][PASSED] - " NEW FOOTER Details - 10/12/2019": null

2019-12-13 14:36:50 - [TEST_STEP][PASSED] - verifyTextPresent("I need a trade or service", false): Text 'I need a trade or service' is present on page 

2019-12-13 14:36:50 - [MESSAGE][PASSED] - Text 'I need a trade or service' is present on page 

2019-12-13 14:36:50 - [TEST_STEP][PASSED] - verifyTextPresent("Every trader thoroughly checked and vetted", false): Text 'Every trader thoroughly checked and vetted' is present on page 

2019-12-13 14:36:51 - [MESSAGE][PASSED] - Text 'Every trader thoroughly checked and vetted' is present on page 

2019-12-13 14:36:51 - [TEST_STEP][PASSED] - verifyTextPresent("Find out more", false): Text 'Find out more' is present on page 

2019-12-13 14:36:51 - [MESSAGE][PASSED] - Text 'Find out more' is present on page 

2019-12-13 14:36:51 - [TEST_STEP][PASSED] - verifyTextPresent("I am a tradesman", false): Text 'I am a tradesman' is present on page 

2019-12-13 14:36:51 - [MESSAGE][PASSED] - Text 'I am a tradesman' is present on page 

2019-12-13 14:36:51 - [TEST_STEP][PASSED] - verifyTextPresent("Over a million visits to Checkatrade each month", false): Text 'Over a million visits to Checkatrade each month' is present on page 

2019-12-13 14:36:51 - [MESSAGE][PASSED] - Text 'Over a million visits to Checkatrade each month' is present on page 

2019-12-13 14:36:51 - [TEST_STEP][PASSED] - verifyTextPresent("Find out more", false): Text 'Find out more' is present on page 

2019-12-13 14:36:51 - [MESSAGE][PASSED] - Text 'Find out more' is present on page 

2019-12-13 14:36:51 - [TEST_STEP][PASSED] - "------------------------------------": null

2019-12-13 14:36:51 - [TEST_STEP][PASSED] - "FOOTER": null

2019-12-13 14:36:51 - [TEST_STEP][PASSED] - verifyTextPresent("Trades", false): Text 'Trades' is present on page 

2019-12-13 14:36:51 - [MESSAGE][PASSED] - Text 'Trades' is present on page 

2019-12-13 14:36:51 - [TEST_STEP][PASSED] - verifyTextPresent("Homeowner", false): Text 'Homeowner' is present on page 

2019-12-13 14:36:51 - [MESSAGE][PASSED] - Text 'Homeowner' is present on page 

2019-12-13 14:36:51 - [TEST_STEP][PASSED] - verifyTextPresent("Company", false): Text 'Company' is present on page 

2019-12-13 14:36:51 - [MESSAGE][PASSED] - Text 'Company' is present on page 

2019-12-13 14:36:51 - [TEST_STEP][PASSED] - "------------------------------------": null

2019-12-13 14:36:51 - [TEST_STEP][PASSED] - "Social Media": null

2019-12-13 14:36:51 - [TEST_STEP][PASSED] - verifyTextPresent("Follow Us On", false): Text 'Follow Us On' is present on page 

2019-12-13 14:36:51 - [MESSAGE][PASSED] - Text 'Follow Us On' is present on page 

2019-12-13 14:36:51 - [MESSAGE][PASSED] - Call Test Case 'Test Cases/Reusable_Test_Sequences/CAT_Home' successfully

2019-12-13 14:36:51 - [TEST_STEP][PASSED] - "---------------------------------------": null

2019-12-13 14:36:51 - [TEST_STEP][PASSED] - " Set and SEARCH TRADE CLASSIFICATION   |": null

2019-12-13 14:36:51 - [TEST_STEP][PASSED] - callTestCase(findTestCase("Reusable_Test_Sequences/CAT_Enter_Trade_Classification"), [:], CONTINUE_ON_FAILURE): Call Test Case 'Test Cases/Reusable_Test_Sequences/CAT_Enter_Trade_Classification' successfully

2019-12-13 14:36:51 - [TEST_CASE][PASSED] - Test Cases/Reusable_Test_Sequences/CAT_Enter_Trade_Classification: Test Cases/Reusable_Test_Sequences/CAT_Enter_Trade_Classification

2019-12-13 14:36:51 - [TEST_STEP][PASSED] - "---------------------------------": null

2019-12-13 14:36:51 - [TEST_STEP][PASSED] - "Set and SEARCH SELECTED TRADE": null

2019-12-13 14:36:51 - [TEST_STEP][PASSED] - click(findTestObject("Object Repository/Checkatrade_Trade_Search_Page/Page_Checkatrade Find a tradesperson you can trust/input_Search_Button_FF")): Object: 'Object Repository/Checkatrade_Trade_Search_Page/Page_Checkatrade Find a tradesperson you can trust/input_Search_Button_FF' is clicked on

2019-12-13 14:36:52 - [MESSAGE][PASSED] - Object: 'Object Repository/Checkatrade_Trade_Search_Page/Page_Checkatrade Find a tradesperson you can trust/input_Search_Button_FF' is clicked on

2019-12-13 14:36:52 - [TEST_STEP][PASSED] - setText(findTestObject("Object Repository/Checkatrade_Trade_Search_Page/Page_Checkatrade Find a tradesperson you can trust/input_Search_Button_FF"), findTestData("searchTestData").getValue("tradeClassification", row)): Text 'Diagnostic Testing' is set on object 'Object Repository/Checkatrade_Trade_Search_Page/Page_Checkatrade Find a tradesperson you can trust/input_Search_Button_FF'

2019-12-13 14:36:52 - [MESSAGE][PASSED] - Text 'Diagnostic Testing' is set on object 'Object Repository/Checkatrade_Trade_Search_Page/Page_Checkatrade Find a tradesperson you can trust/input_Search_Button_FF'

2019-12-13 14:36:52 - [MESSAGE][PASSED] - Call Test Case 'Test Cases/Reusable_Test_Sequences/CAT_Enter_Trade_Classification' successfully

2019-12-13 14:36:52 - [TEST_STEP][PASSED] - "---------------------------------------": null

2019-12-13 14:36:52 - [TEST_STEP][PASSED] - " Set and SEARCH TRADE LOCATION         |": null

2019-12-13 14:36:52 - [TEST_STEP][PASSED] - callTestCase(findTestCase("Reusable_Test_Sequences/CAT_Enter_Trade_Location"), [:], CONTINUE_ON_FAILURE): Call Test Case 'Test Cases/Reusable_Test_Sequences/CAT_Enter_Trade_Location' successfully

2019-12-13 14:36:52 - [TEST_CASE][PASSED] - Test Cases/Reusable_Test_Sequences/CAT_Enter_Trade_Location: Test Cases/Reusable_Test_Sequences/CAT_Enter_Trade_Location

2019-12-13 14:36:52 - [TEST_STEP][PASSED] - "---------------------------------": null

2019-12-13 14:36:52 - [TEST_STEP][PASSED] - "Set and SEARCH SELECTED LOCATION |": null

2019-12-13 14:36:52 - [TEST_STEP][PASSED] - click(findTestObject("Object Repository/Checkatrade_Trade_Search_Page/Page_Checkatrade Find a tradesperson you can trust/input_Not here_location")): Object: 'Object Repository/Checkatrade_Trade_Search_Page/Page_Checkatrade Find a tradesperson you can trust/input_Not here_location' is clicked on

2019-12-13 14:36:52 - [MESSAGE][PASSED] - Object: 'Object Repository/Checkatrade_Trade_Search_Page/Page_Checkatrade Find a tradesperson you can trust/input_Not here_location' is clicked on

2019-12-13 14:36:52 - [TEST_STEP][PASSED] - setText(findTestObject("Object Repository/Checkatrade_Trade_Search_Page/Page_Checkatrade Find a tradesperson you can trust/input_Not here_location"), findTestData("searchTestData").getValue("tradeLocation", row)): Text 'Angmering' is set on object 'Object Repository/Checkatrade_Trade_Search_Page/Page_Checkatrade Find a tradesperson you can trust/input_Not here_location'

2019-12-13 14:36:53 - [MESSAGE][PASSED] - Text 'Angmering' is set on object 'Object Repository/Checkatrade_Trade_Search_Page/Page_Checkatrade Find a tradesperson you can trust/input_Not here_location'

2019-12-13 14:36:53 - [MESSAGE][PASSED] - Call Test Case 'Test Cases/Reusable_Test_Sequences/CAT_Enter_Trade_Location' successfully

2019-12-13 14:36:53 - [TEST_STEP][PASSED] - "---------------------------------------": null

2019-12-13 14:36:53 - [TEST_STEP][PASSED] - " Scroll Search Button into View        |": null

2019-12-13 14:36:53 - [TEST_STEP][PASSED] - "---------------------------------------": null

2019-12-13 14:36:53 - [TEST_STEP][PASSED] - "---------------------------------------": null

2019-12-13 14:36:53 - [TEST_STEP][PASSED] - " Hit Search Button                     |": null

2019-12-13 14:36:53 - [TEST_STEP][PASSED] - callTestCase(findTestCase("Reusable_Test_Sequences/CAT_Hit_Search_Button"), [:], CONTINUE_ON_FAILURE): Call Test Case 'Test Cases/Reusable_Test_Sequences/CAT_Hit_Search_Button' successfully

2019-12-13 14:36:53 - [TEST_CASE][PASSED] - Test Cases/Reusable_Test_Sequences/CAT_Hit_Search_Button: Test Cases/Reusable_Test_Sequences/CAT_Hit_Search_Button

2019-12-13 14:36:53 - [TEST_STEP][PASSED] - "---------------------------------": null

2019-12-13 14:36:53 - [TEST_STEP][PASSED] - "HIT SEARCH": null

2019-12-13 14:36:53 - [TEST_STEP][PASSED] - "---------------------------------": null

2019-12-13 14:36:53 - [TEST_STEP][PASSED] - waitForElementClickable(findTestObject("Object Repository/Checkatrade_Trade_Search_Page/Page_Checkatrade Find a tradesperson you can trust/Page_Checkatrade Find a tradesperson you can trust/a_Search"), 25): Object 'Object Repository/Checkatrade_Trade_Search_Page/Page_Checkatrade Find a tradesperson you can trust/Page_Checkatrade Find a tradesperson you can trust/a_Search' is clickable

2019-12-13 14:36:53 - [MESSAGE][PASSED] - Object 'Object Repository/Checkatrade_Trade_Search_Page/Page_Checkatrade Find a tradesperson you can trust/Page_Checkatrade Find a tradesperson you can trust/a_Search' is clickable

2019-12-13 14:36:53 - [TEST_STEP][PASSED] - click(findTestObject("Object Repository/Checkatrade_Trade_Search_Page/Page_Checkatrade Find a tradesperson you can trust/Page_Checkatrade Find a tradesperson you can trust/a_Search")): Object: 'Object Repository/Checkatrade_Trade_Search_Page/Page_Checkatrade Find a tradesperson you can trust/Page_Checkatrade Find a tradesperson you can trust/a_Search' is clicked on

2019-12-13 14:36:56 - [MESSAGE][PASSED] - Object: 'Object Repository/Checkatrade_Trade_Search_Page/Page_Checkatrade Find a tradesperson you can trust/Page_Checkatrade Find a tradesperson you can trust/a_Search' is clicked on

2019-12-13 14:36:56 - [MESSAGE][PASSED] - Call Test Case 'Test Cases/Reusable_Test_Sequences/CAT_Hit_Search_Button' successfully

2019-12-13 14:36:56 - [TEST_STEP][PASSED] - "---------------------------------------": null

2019-12-13 14:36:56 - [TEST_STEP][PASSED] - " Verify Returned Page is as Expected   |": null

2019-12-13 14:36:56 - [TEST_STEP][PASSED] - callTestCase(findTestCase("Reusable_Test_Sequences/CAT_Verification"), [:], CONTINUE_ON_FAILURE): Call Test Case 'Test Cases/Reusable_Test_Sequences/CAT_Verification' successfully

2019-12-13 14:36:56 - [TEST_CASE][PASSED] - Test Cases/Reusable_Test_Sequences/CAT_Verification: Test Cases/Reusable_Test_Sequences/CAT_Verification

2019-12-13 14:36:56 - [TEST_STEP][PASSED] - "Updated 05/12/2019 due to wholesale Home page changes": null

2019-12-13 14:36:56 - [TEST_STEP][PASSED] - "Expected cantantenated text is Returned": null

2019-12-13 14:36:56 - [TEST_STEP][PASSED] - waitForPageLoad(60): Wait for page load successfully

2019-12-13 14:36:56 - [MESSAGE][PASSED] - Wait for page load successfully

2019-12-13 14:36:56 - [TEST_STEP][PASSED] - verifyTextPresent(findTestData("searchTestData").getValue("tradeClassification", row), false): Text 'Diagnostic Testing' is present on page 

2019-12-13 14:36:57 - [MESSAGE][PASSED] - Text 'Diagnostic Testing' is present on page 

2019-12-13 14:36:57 - [TEST_STEP][PASSED] - verifyTextPresent(findTestData("searchTestData").getValue("tradeLocation", row), false): Text 'Angmering' is present on page 

2019-12-13 14:36:57 - [MESSAGE][PASSED] - Text 'Angmering' is present on page 

2019-12-13 14:36:57 - [MESSAGE][PASSED] - Call Test Case 'Test Cases/Reusable_Test_Sequences/CAT_Verification' successfully

2019-12-13 14:36:57 - [TEST_STEP][PASSED] - "--------------------------": null

2019-12-13 14:36:57 - [TEST_STEP][PASSED] - " Teardown - CLose Browser |": null

2019-12-13 14:36:57 - [TEST_STEP][PASSED] - callTestCase(findTestCase("Reusable_Test_Sequences/CAT_Teardown"), [:], OPTIONAL): Call Test Case 'Test Cases/Reusable_Test_Sequences/CAT_Teardown' successfully

2019-12-13 14:36:57 - [TEST_CASE][PASSED] - Test Cases/Reusable_Test_Sequences/CAT_Teardown: Test Cases/Reusable_Test_Sequences/CAT_Teardown

2019-12-13 14:36:57 - [TEST_STEP][PASSED] - closeBrowser(): Browser is closed

2019-12-13 14:36:58 - [MESSAGE][PASSED] - Browser is closed

2019-12-13 14:36:58 - [MESSAGE][PASSED] - Call Test Case 'Test Cases/Reusable_Test_Sequences/CAT_Teardown' successfully

2019-12-13 14:36:58 - [TEST_STEP][PASSED] - callTestCase(findTestCase("Reusable_Test_Sequences/CAT_Setup"), [:], OPTIONAL): Call Test Case 'Test Cases/Reusable_Test_Sequences/CAT_Setup' successfully

2019-12-13 14:36:58 - [TEST_CASE][PASSED] - Test Cases/Reusable_Test_Sequences/CAT_Setup: Test Cases/Reusable_Test_Sequences/CAT_Setup

2019-12-13 14:36:58 - [TEST_STEP][PASSED] - "URL - Set from the ENVIRONMENT PROFILE ": null

2019-12-13 14:36:58 - [TEST_STEP][PASSED] - openBrowser(URL): Browser is opened with url: 'https://www.preview.checkatrade.com/'

2019-12-13 14:36:58 - [MESSAGE][INFO] - Starting 'Chrome' driver

2019-12-13 14:37:07 - [MESSAGE][PASSED] - Browser is opened with url: 'https://www.preview.checkatrade.com/'

2019-12-13 14:37:07 - [TEST_STEP][PASSED] - maximizeWindow(): Current window maximized

2019-12-13 14:37:11 - [MESSAGE][PASSED] - Current window maximized

2019-12-13 14:37:11 - [TEST_STEP][PASSED] - waitForPageLoad(60): Wait for page load successfully

2019-12-13 14:37:11 - [MESSAGE][PASSED] - Wait for page load successfully

2019-12-13 14:37:11 - [TEST_STEP][PASSED] - try: Text 'Cookie Policy' is not present on page

2019-12-13 14:37:11 - [TEST_STEP][PASSED] - verifyElementPresent(findTestObject("Object Repository/Cookies/Page_Checkatrade Find a tradesperson you can trust/button_Accept All"), 5): Object 'Object Repository/Cookies/Page_Checkatrade Find a tradesperson you can trust/button_Accept All' is present

2019-12-13 14:37:11 - [MESSAGE][PASSED] - Object 'Object Repository/Cookies/Page_Checkatrade Find a tradesperson you can trust/button_Accept All' is present

2019-12-13 14:37:11 - [TEST_STEP][PASSED] - click(findTestObject("Object Repository/Cookies/Page_Checkatrade Find a tradesperson you can trust/button_Accept All")): Object: 'Object Repository/Cookies/Page_Checkatrade Find a tradesperson you can trust/button_Accept All' is clicked on

2019-12-13 14:37:11 - [MESSAGE][PASSED] - Object: 'Object Repository/Cookies/Page_Checkatrade Find a tradesperson you can trust/button_Accept All' is clicked on

2019-12-13 14:37:11 - [TEST_STEP][PASSED] - "---------------------------------": null

2019-12-13 14:37:11 - [TEST_STEP][PASSED] - "COOKIE POPOUT REMOVED - Confirmed": null

2019-12-13 14:37:11 - [TEST_STEP][PASSED] - delay(1): Delayed 1 second(s)

2019-12-13 14:37:12 - [MESSAGE][PASSED] - Delayed 1 second(s)

2019-12-13 14:37:12 - [TEST_STEP][PASSED] - verifyTextNotPresent("We use cookies to personalise content and ads, to provide social media features and to analyse our traffic", false): Text 'We use cookies to personalise content and ads, to provide social media features and to analyse our traffic' is not present on page

2019-12-13 14:37:13 - [MESSAGE][PASSED] - Text 'We use cookies to personalise content and ads, to provide social media features and to analyse our traffic' is not present on page

2019-12-13 14:37:13 - [TEST_STEP][PASSED] - verifyTextNotPresent(" We also share information about your use of our site with our social media, advertising and analytics partners", false): Text ' We also share information about your use of our site with our social media, advertising and analytics partners' is not present on page

2019-12-13 14:37:13 - [MESSAGE][PASSED] - Text ' We also share information about your use of our site with our social media, advertising and analytics partners' is not present on page

2019-12-13 14:37:13 - [TEST_STEP][PASSED] - verifyTextNotPresent("Cookie Policy", false): Text 'Cookie Policy' is not present on page

2019-12-13 14:37:13 - [MESSAGE][PASSED] - Text 'Cookie Policy' is not present on page

2019-12-13 14:37:13 - [TEST_STEP][PASSED] - waitForElementVisible(findTestObject("Page_Checkatrade Find a tradesperson you can trust/a_Search"), 60): Object 'Object Repository/Page_Checkatrade Find a tradesperson you can trust/a_Search' is visible

2019-12-13 14:37:13 - [MESSAGE][PASSED] - Object 'Object Repository/Page_Checkatrade Find a tradesperson you can trust/a_Search' is visible

2019-12-13 14:37:13 - [TEST_STEP][PASSED] - "COOKIE - ORIGINAL": null

2019-12-13 14:37:13 - [TEST_STEP][PASSED] - if (Mobile_Flag == "true"): null

2019-12-13 14:37:13 - [MESSAGE][PASSED] - Call Test Case 'Test Cases/Reusable_Test_Sequences/CAT_Setup' successfully

2019-12-13 14:37:13 - [TEST_STEP][PASSED] - callTestCase(findTestCase("Reusable_Test_Sequences/CAT_Home"), [:], CONTINUE_ON_FAILURE): Call Test Case 'Test Cases/Reusable_Test_Sequences/CAT_Home' successfully

2019-12-13 14:37:13 - [TEST_CASE][PASSED] - Test Cases/Reusable_Test_Sequences/CAT_Home: Test Cases/Reusable_Test_Sequences/CAT_Home

2019-12-13 14:37:13 - [TEST_STEP][PASSED] - waitForPageLoad(10): Wait for page load successfully

2019-12-13 14:37:13 - [MESSAGE][PASSED] - Wait for page load successfully

2019-12-13 14:37:13 - [TEST_STEP][PASSED] - waitForElementClickable(findTestObject("Object Repository/Checkatrade_Trade_Search_Page/Page_Checkatrade Find a tradesperson you can trust/Page_Checkatrade Find a tradesperson you can trust/a_Search"), 60): Object 'Object Repository/Checkatrade_Trade_Search_Page/Page_Checkatrade Find a tradesperson you can trust/Page_Checkatrade Find a tradesperson you can trust/a_Search' is clickable

2019-12-13 14:37:13 - [MESSAGE][PASSED] - Object 'Object Repository/Checkatrade_Trade_Search_Page/Page_Checkatrade Find a tradesperson you can trust/Page_Checkatrade Find a tradesperson you can trust/a_Search' is clickable

2019-12-13 14:37:13 - [TEST_STEP][PASSED] - "------------------------------------": null

2019-12-13 14:37:13 - [TEST_STEP][PASSED] - verifyTextPresent("Helping you find the right trade or service", false): Text 'Helping you find the right trade or service' is present on page 

2019-12-13 14:37:13 - [MESSAGE][PASSED] - Text 'Helping you find the right trade or service' is present on page 

2019-12-13 14:37:13 - [TEST_STEP][PASSED] - verifyTextPresent("Search through over", false): Text 'Search through over' is present on page 

2019-12-13 14:37:13 - [MESSAGE][PASSED] - Text 'Search through over' is present on page 

2019-12-13 14:37:13 - [TEST_STEP][PASSED] - verifyTextPresent("recommended, vetted and monitored trades and service providers for free.", false): Text 'recommended, vetted and monitored trades and service providers for free.' is present on page 

2019-12-13 14:37:13 - [MESSAGE][PASSED] - Text 'recommended, vetted and monitored trades and service providers for free.' is present on page 

2019-12-13 14:37:13 - [TEST_STEP][PASSED] - verifyTextPresent("or look up a member by name", false): Text 'or look up a member by name' is present on page 

2019-12-13 14:37:13 - [MESSAGE][PASSED] - Text 'or look up a member by name' is present on page 

2019-12-13 14:37:13 - [TEST_STEP][PASSED] - verifyTextPresent("reviews published so far – thank you!", false): Text 'reviews published so far – thank you!' is present on page 

2019-12-13 14:37:14 - [MESSAGE][PASSED] - Text 'reviews published so far – thank you!' is present on page 

2019-12-13 14:37:14 - [TEST_STEP][PASSED] - "------------------------------------": null

2019-12-13 14:37:14 - [TEST_STEP][PASSED] - " NEW FOOTER Details - 10/12/2019": null

2019-12-13 14:37:14 - [TEST_STEP][PASSED] - verifyTextPresent("I need a trade or service", false): Text 'I need a trade or service' is present on page 

2019-12-13 14:37:14 - [MESSAGE][PASSED] - Text 'I need a trade or service' is present on page 

2019-12-13 14:37:14 - [TEST_STEP][PASSED] - verifyTextPresent("Every trader thoroughly checked and vetted", false): Text 'Every trader thoroughly checked and vetted' is present on page 

2019-12-13 14:37:14 - [MESSAGE][PASSED] - Text 'Every trader thoroughly checked and vetted' is present on page 

2019-12-13 14:37:14 - [TEST_STEP][PASSED] - verifyTextPresent("Find out more", false): Text 'Find out more' is present on page 

2019-12-13 14:37:14 - [MESSAGE][PASSED] - Text 'Find out more' is present on page 

2019-12-13 14:37:14 - [TEST_STEP][PASSED] - verifyTextPresent("I am a tradesman", false): Text 'I am a tradesman' is present on page 

2019-12-13 14:37:14 - [MESSAGE][PASSED] - Text 'I am a tradesman' is present on page 

2019-12-13 14:37:14 - [TEST_STEP][PASSED] - verifyTextPresent("Over a million visits to Checkatrade each month", false): Text 'Over a million visits to Checkatrade each month' is present on page 

2019-12-13 14:37:14 - [MESSAGE][PASSED] - Text 'Over a million visits to Checkatrade each month' is present on page 

2019-12-13 14:37:14 - [TEST_STEP][PASSED] - verifyTextPresent("Find out more", false): Text 'Find out more' is present on page 

2019-12-13 14:37:14 - [MESSAGE][PASSED] - Text 'Find out more' is present on page 

2019-12-13 14:37:14 - [TEST_STEP][PASSED] - "------------------------------------": null

2019-12-13 14:37:14 - [TEST_STEP][PASSED] - "FOOTER": null

2019-12-13 14:37:14 - [TEST_STEP][PASSED] - verifyTextPresent("Trades", false): Text 'Trades' is present on page 

2019-12-13 14:37:14 - [MESSAGE][PASSED] - Text 'Trades' is present on page 

2019-12-13 14:37:14 - [TEST_STEP][PASSED] - verifyTextPresent("Homeowner", false): Text 'Homeowner' is present on page 

2019-12-13 14:37:14 - [MESSAGE][PASSED] - Text 'Homeowner' is present on page 

2019-12-13 14:37:14 - [TEST_STEP][PASSED] - verifyTextPresent("Company", false): Text 'Company' is present on page 

2019-12-13 14:37:14 - [MESSAGE][PASSED] - Text 'Company' is present on page 

2019-12-13 14:37:14 - [TEST_STEP][PASSED] - "------------------------------------": null

2019-12-13 14:37:14 - [TEST_STEP][PASSED] - "Social Media": null

2019-12-13 14:37:14 - [TEST_STEP][PASSED] - verifyTextPresent("Follow Us On", false): Text 'Follow Us On' is present on page 

2019-12-13 14:37:14 - [MESSAGE][PASSED] - Text 'Follow Us On' is present on page 

2019-12-13 14:37:14 - [MESSAGE][PASSED] - Call Test Case 'Test Cases/Reusable_Test_Sequences/CAT_Home' successfully

2019-12-13 14:37:14 - [TEST_STEP][PASSED] - "---------------------------------------": null

2019-12-13 14:37:14 - [TEST_STEP][PASSED] - " Set and SEARCH TRADE CLASSIFICATION   |": null

2019-12-13 14:37:14 - [TEST_STEP][PASSED] - callTestCase(findTestCase("Reusable_Test_Sequences/CAT_Enter_Trade_Classification"), [:], CONTINUE_ON_FAILURE): Call Test Case 'Test Cases/Reusable_Test_Sequences/CAT_Enter_Trade_Classification' successfully

2019-12-13 14:37:14 - [TEST_CASE][PASSED] - Test Cases/Reusable_Test_Sequences/CAT_Enter_Trade_Classification: Test Cases/Reusable_Test_Sequences/CAT_Enter_Trade_Classification

2019-12-13 14:37:14 - [TEST_STEP][PASSED] - "---------------------------------": null

2019-12-13 14:37:14 - [TEST_STEP][PASSED] - "Set and SEARCH SELECTED TRADE": null

2019-12-13 14:37:14 - [TEST_STEP][PASSED] - click(findTestObject("Object Repository/Checkatrade_Trade_Search_Page/Page_Checkatrade Find a tradesperson you can trust/input_Search_Button_FF")): Object: 'Object Repository/Checkatrade_Trade_Search_Page/Page_Checkatrade Find a tradesperson you can trust/input_Search_Button_FF' is clicked on

2019-12-13 14:37:15 - [MESSAGE][PASSED] - Object: 'Object Repository/Checkatrade_Trade_Search_Page/Page_Checkatrade Find a tradesperson you can trust/input_Search_Button_FF' is clicked on

2019-12-13 14:37:15 - [TEST_STEP][PASSED] - setText(findTestObject("Object Repository/Checkatrade_Trade_Search_Page/Page_Checkatrade Find a tradesperson you can trust/input_Search_Button_FF"), findTestData("searchTestData").getValue("tradeClassification", row)): Text 'Garage/Vehicle Services' is set on object 'Object Repository/Checkatrade_Trade_Search_Page/Page_Checkatrade Find a tradesperson you can trust/input_Search_Button_FF'

2019-12-13 14:37:15 - [MESSAGE][PASSED] - Text 'Garage/Vehicle Services' is set on object 'Object Repository/Checkatrade_Trade_Search_Page/Page_Checkatrade Find a tradesperson you can trust/input_Search_Button_FF'

2019-12-13 14:37:15 - [MESSAGE][PASSED] - Call Test Case 'Test Cases/Reusable_Test_Sequences/CAT_Enter_Trade_Classification' successfully

2019-12-13 14:37:15 - [TEST_STEP][PASSED] - "---------------------------------------": null

2019-12-13 14:37:15 - [TEST_STEP][PASSED] - " Set and SEARCH TRADE LOCATION         |": null

2019-12-13 14:37:15 - [TEST_STEP][PASSED] - callTestCase(findTestCase("Reusable_Test_Sequences/CAT_Enter_Trade_Location"), [:], CONTINUE_ON_FAILURE): Call Test Case 'Test Cases/Reusable_Test_Sequences/CAT_Enter_Trade_Location' successfully

2019-12-13 14:37:15 - [TEST_CASE][PASSED] - Test Cases/Reusable_Test_Sequences/CAT_Enter_Trade_Location: Test Cases/Reusable_Test_Sequences/CAT_Enter_Trade_Location

2019-12-13 14:37:15 - [TEST_STEP][PASSED] - "---------------------------------": null

2019-12-13 14:37:15 - [TEST_STEP][PASSED] - "Set and SEARCH SELECTED LOCATION |": null

2019-12-13 14:37:15 - [TEST_STEP][PASSED] - click(findTestObject("Object Repository/Checkatrade_Trade_Search_Page/Page_Checkatrade Find a tradesperson you can trust/input_Not here_location")): Object: 'Object Repository/Checkatrade_Trade_Search_Page/Page_Checkatrade Find a tradesperson you can trust/input_Not here_location' is clicked on

2019-12-13 14:37:15 - [MESSAGE][PASSED] - Object: 'Object Repository/Checkatrade_Trade_Search_Page/Page_Checkatrade Find a tradesperson you can trust/input_Not here_location' is clicked on

2019-12-13 14:37:15 - [TEST_STEP][PASSED] - setText(findTestObject("Object Repository/Checkatrade_Trade_Search_Page/Page_Checkatrade Find a tradesperson you can trust/input_Not here_location"), findTestData("searchTestData").getValue("tradeLocation", row)): Text 'Rugby' is set on object 'Object Repository/Checkatrade_Trade_Search_Page/Page_Checkatrade Find a tradesperson you can trust/input_Not here_location'

2019-12-13 14:37:15 - [MESSAGE][PASSED] - Text 'Rugby' is set on object 'Object Repository/Checkatrade_Trade_Search_Page/Page_Checkatrade Find a tradesperson you can trust/input_Not here_location'

2019-12-13 14:37:15 - [MESSAGE][PASSED] - Call Test Case 'Test Cases/Reusable_Test_Sequences/CAT_Enter_Trade_Location' successfully

2019-12-13 14:37:15 - [TEST_STEP][PASSED] - "---------------------------------------": null

2019-12-13 14:37:15 - [TEST_STEP][PASSED] - " Scroll Search Button into View        |": null

2019-12-13 14:37:15 - [TEST_STEP][PASSED] - "---------------------------------------": null

2019-12-13 14:37:15 - [TEST_STEP][PASSED] - "---------------------------------------": null

2019-12-13 14:37:15 - [TEST_STEP][PASSED] - " Hit Search Button                     |": null

2019-12-13 14:37:15 - [TEST_STEP][PASSED] - callTestCase(findTestCase("Reusable_Test_Sequences/CAT_Hit_Search_Button"), [:], CONTINUE_ON_FAILURE): Call Test Case 'Test Cases/Reusable_Test_Sequences/CAT_Hit_Search_Button' successfully

2019-12-13 14:37:15 - [TEST_CASE][PASSED] - Test Cases/Reusable_Test_Sequences/CAT_Hit_Search_Button: Test Cases/Reusable_Test_Sequences/CAT_Hit_Search_Button

2019-12-13 14:37:16 - [TEST_STEP][PASSED] - "---------------------------------": null

2019-12-13 14:37:16 - [TEST_STEP][PASSED] - "HIT SEARCH": null

2019-12-13 14:37:16 - [TEST_STEP][PASSED] - "---------------------------------": null

2019-12-13 14:37:16 - [TEST_STEP][PASSED] - waitForElementClickable(findTestObject("Object Repository/Checkatrade_Trade_Search_Page/Page_Checkatrade Find a tradesperson you can trust/Page_Checkatrade Find a tradesperson you can trust/a_Search"), 25): Object 'Object Repository/Checkatrade_Trade_Search_Page/Page_Checkatrade Find a tradesperson you can trust/Page_Checkatrade Find a tradesperson you can trust/a_Search' is clickable

2019-12-13 14:37:16 - [MESSAGE][PASSED] - Object 'Object Repository/Checkatrade_Trade_Search_Page/Page_Checkatrade Find a tradesperson you can trust/Page_Checkatrade Find a tradesperson you can trust/a_Search' is clickable

2019-12-13 14:37:16 - [TEST_STEP][PASSED] - click(findTestObject("Object Repository/Checkatrade_Trade_Search_Page/Page_Checkatrade Find a tradesperson you can trust/Page_Checkatrade Find a tradesperson you can trust/a_Search")): Object: 'Object Repository/Checkatrade_Trade_Search_Page/Page_Checkatrade Find a tradesperson you can trust/Page_Checkatrade Find a tradesperson you can trust/a_Search' is clicked on

2019-12-13 14:37:17 - [MESSAGE][PASSED] - Object: 'Object Repository/Checkatrade_Trade_Search_Page/Page_Checkatrade Find a tradesperson you can trust/Page_Checkatrade Find a tradesperson you can trust/a_Search' is clicked on

2019-12-13 14:37:17 - [MESSAGE][PASSED] - Call Test Case 'Test Cases/Reusable_Test_Sequences/CAT_Hit_Search_Button' successfully

2019-12-13 14:37:17 - [TEST_STEP][PASSED] - "---------------------------------------": null

2019-12-13 14:37:17 - [TEST_STEP][PASSED] - " Verify Returned Page is as Expected   |": null

2019-12-13 14:37:17 - [TEST_STEP][PASSED] - callTestCase(findTestCase("Reusable_Test_Sequences/CAT_Verification"), [:], CONTINUE_ON_FAILURE): Call Test Case 'Test Cases/Reusable_Test_Sequences/CAT_Verification' successfully

2019-12-13 14:37:17 - [TEST_CASE][PASSED] - Test Cases/Reusable_Test_Sequences/CAT_Verification: Test Cases/Reusable_Test_Sequences/CAT_Verification

2019-12-13 14:37:17 - [TEST_STEP][PASSED] - "Updated 05/12/2019 due to wholesale Home page changes": null

2019-12-13 14:37:17 - [TEST_STEP][PASSED] - "Expected cantantenated text is Returned": null

2019-12-13 14:37:17 - [TEST_STEP][PASSED] - waitForPageLoad(60): Wait for page load successfully

2019-12-13 14:37:17 - [MESSAGE][PASSED] - Wait for page load successfully

2019-12-13 14:37:17 - [TEST_STEP][PASSED] - verifyTextPresent(findTestData("searchTestData").getValue("tradeClassification", row), false): Text 'Garage/Vehicle Services' is present on page 

2019-12-13 14:37:18 - [MESSAGE][PASSED] - Text 'Garage/Vehicle Services' is present on page 

2019-12-13 14:37:18 - [TEST_STEP][PASSED] - verifyTextPresent(findTestData("searchTestData").getValue("tradeLocation", row), false): Text 'Rugby' is present on page 

2019-12-13 14:37:19 - [MESSAGE][PASSED] - Text 'Rugby' is present on page 

2019-12-13 14:37:19 - [MESSAGE][PASSED] - Call Test Case 'Test Cases/Reusable_Test_Sequences/CAT_Verification' successfully

2019-12-13 14:37:19 - [TEST_STEP][PASSED] - "--------------------------": null

2019-12-13 14:37:19 - [TEST_STEP][PASSED] - " Teardown - CLose Browser |": null

2019-12-13 14:37:19 - [TEST_STEP][PASSED] - callTestCase(findTestCase("Reusable_Test_Sequences/CAT_Teardown"), [:], OPTIONAL): Call Test Case 'Test Cases/Reusable_Test_Sequences/CAT_Teardown' successfully

2019-12-13 14:37:19 - [TEST_CASE][PASSED] - Test Cases/Reusable_Test_Sequences/CAT_Teardown: Test Cases/Reusable_Test_Sequences/CAT_Teardown

2019-12-13 14:37:19 - [TEST_STEP][PASSED] - closeBrowser(): Browser is closed

2019-12-13 14:37:20 - [MESSAGE][PASSED] - Browser is closed

2019-12-13 14:37:20 - [MESSAGE][PASSED] - Call Test Case 'Test Cases/Reusable_Test_Sequences/CAT_Teardown' successfully]]></system-out>
         <system-err><![CDATA[]]></system-err>
      </testcase>
      <system-out><![CDATA[2019-12-13 14:35:28 - [TEST_SUITE][PASSED] - Trade_Location_Multiple_Search: Test Cases/Checkatrade_Tradesman_Searches/Trade_Location_Search]]></system-out>
      <system-err><![CDATA[]]></system-err>
   </testsuite>
</testsuites>
