<?xml version="1.0" encoding="UTF-8"?>
<testsuites name="Give_Feedback" time="397.479" tests="2" failures="0" errors="0">
   <testsuite name="Give_Feedback" tests="2" failures="0" errors="0" time="397.479" timestamp="2020-04-15 08:35:54" hostname="DavidHo - 192.168.1.238" id="Test Suites/Give_Feedback">
      <properties>
         <property name="deviceName" value=""/>
         <property name="devicePlatform" value=""/>
         <property name="logFolder" value="C:\\Users\\davidho\\git\\src\\Reports\\20200415_083537\\Give_Feedback\\20200415_083537"/>
         <property name="logFiles" value="C:\\Users\\davidho\\git\\src\\Reports\\20200415_083537\\Give_Feedback\\20200415_083537\\execution0.log"/>
         <property name="attachments" value=""/>
         <property name="hostName" value="DavidHo - 192.168.1.238"/>
         <property name="os" value="Windows 10 32bit"/>
         <property name="katalonVersion" value="7.3.0.1"/>
         <property name="browser" value="Chrome 80.0.3987.163"/>
         <property name="hostAddress" value="192.168.1.238"/>
         <property name="sessionId" value="c0623b18a78ef5066c82e5724131e065"/>
         <property name="seleniumVersion" value="3.141.59"/>
         <property name="proxyInformation" value="ProxyInformation{proxyOption=NO_PROXY, proxyServerType=HTTP, password=, proxyServerAddress=, proxyServerPort=0, executionList=}"/>
         <property name="platform" value="Windows 10"/>
      </properties>
      <testcase name="Test Cases/Give_Feedback/Give_Feedback" time="326.959" classname="Test Cases/Give_Feedback/Give_Feedback" status="PASSED">
         <system-out><![CDATA[2020-04-15 08:35:54 - [TEST_CASE][PASSED] - Test Cases/Give_Feedback/Give_Feedback: Test Cases/Give_Feedback/Give_Feedback]]></system-out>
         <system-err><![CDATA[]]></system-err>
      </testcase>
      <testcase name="Test Cases/Give_Feedback/Give_Feedback_Validation" time="70.206" classname="Test Cases/Give_Feedback/Give_Feedback_Validation" status="PASSED">
         <system-out><![CDATA[2020-04-15 08:41:21 - [TEST_CASE][PASSED] - Test Cases/Give_Feedback/Give_Feedback_Validation: Test Cases/Give_Feedback/Give_Feedback_Validation]]></system-out>
         <system-err><![CDATA[]]></system-err>
      </testcase>
      <system-out><![CDATA[2020-04-15 08:35:54 - [TEST_SUITE][PASSED] - Give_Feedback: Test Cases/Give_Feedback/Give_Feedback_Validation]]></system-out>
      <system-err><![CDATA[]]></system-err>
   </testsuite>
</testsuites>
