<?xml version="1.0" encoding="UTF-8"?>
<testsuites name="Members_Callback" time="248.591" tests="1" failures="1" errors="0">
   <testsuite name="Members_Callback" tests="1" failures="1" errors="0" time="248.591" timestamp="2019-11-07 12:01:31" hostname="DavidHo - VETTEDSP36RF.check.local" id="Test Suites/Members_Callback">
      <properties>
         <property name="deviceName" value=""/>
         <property name="devicePlatform" value=""/>
         <property name="logFolder" value="C:\\Users\\davidho\\Katalon Studio\\Start\\Reports\\20191107_120108\\Members_Callback\\20191107_120109"/>
         <property name="logFiles" value="C:\\Users\\davidho\\Katalon Studio\\Start\\Reports\\20191107_120108\\Members_Callback\\20191107_120109\\execution0.log"/>
         <property name="attachments" value="C:\\Users\\davidho\\Katalon Studio\\Start\\Reports\\20191107_120108\\Members_Callback\\20191107_120109\\1573128184139.png, C:\\Users\\davidho\\Katalon Studio\\Start\\Reports\\20191107_120108\\Members_Callback\\20191107_120109\\1573128219075.png, C:\\Users\\davidho\\Katalon Studio\\Start\\Reports\\20191107_120108\\Members_Callback\\20191107_120109\\1573128255410.png, C:\\Users\\davidho\\Katalon Studio\\Start\\Reports\\20191107_120108\\Members_Callback\\20191107_120109\\1573128289859.png, C:\\Users\\davidho\\Katalon Studio\\Start\\Reports\\20191107_120108\\Members_Callback\\20191107_120109\\1573128338590.png"/>
         <property name="hostName" value="DavidHo - VETTEDSP36RF.check.local"/>
         <property name="os" value="Windows 10 32bit"/>
         <property name="katalonVersion" value="7.0.5.1"/>
         <property name="browser" value="Chrome 78.0.3904.87"/>
         <property name="hostAddress" value="10.0.11.243"/>
         <property name="sessionId" value="ab20004d9fd29f1665d829f34214eaff"/>
         <property name="seleniumVersion" value="3.141.59"/>
         <property name="proxyInformation" value="ProxyInformation{proxyOption=NO_PROXY, proxyServerType=HTTP, password=, proxyServerAddress=, proxyServerPort=0}"/>
         <property name="platform" value="Windows 10"/>
      </properties>
      <testcase name="Test Cases/Members_Area/Callback_Requests" time="246.96" classname="Test Cases/Members_Area/Callback_Requests" status="FAILED">
         <failure type="FAILED" message="Test Cases/Members_Area/Callback_Requests FAILED.
Reason:
com.kms.katalon.core.exception.StepFailedException: Unable to call Test Case 'Test Cases/Reusable_Test_Sequences/Members_Area/Validation/Callback_Requests_Sub/Callback_Request_Settings' (Root cause: com.kms.katalon.core.exception.StepFailedException: Call Test Case 'Test Cases/Reusable_Test_Sequences/Members_Area/Validation/Callback_Requests_Sub/Callback_Request_Settings' failed
	at com.kms.katalon.core.keyword.builtin.CallTestCaseKeyword$_callTestCase_closure1.doCall(CallTestCaseKeyword.groovy:63)
	at com.kms.katalon.core.keyword.builtin.CallTestCaseKeyword$_callTestCase_closure1.call(CallTestCaseKeyword.groovy)
	at com.kms.katalon.core.keyword.internal.KeywordMain.runKeyword(KeywordMain.groovy:68)
	at com.kms.katalon.core.keyword.builtin.CallTestCaseKeyword.callTestCase(CallTestCaseKeyword.groovy:81)
	at com.kms.katalon.core.keyword.builtin.CallTestCaseKeyword.execute(CallTestCaseKeyword.groovy:44)
	at com.kms.katalon.core.keyword.internal.KeywordExecutor.executeKeywordForPlatform(KeywordExecutor.groovy:60)
	at com.kms.katalon.core.keyword.BuiltinKeywords.callTestCase(BuiltinKeywords.groovy:334)
	at Callback_Requests.run(Callback_Requests:74)
	at com.kms.katalon.core.main.ScriptEngine.run(ScriptEngine.java:194)
	at com.kms.katalon.core.main.ScriptEngine.runScriptAsRawText(ScriptEngine.java:119)
	at com.kms.katalon.core.main.TestCaseExecutor.runScript(TestCaseExecutor.java:337)
	at com.kms.katalon.core.main.TestCaseExecutor.doExecute(TestCaseExecutor.java:328)
	at com.kms.katalon.core.main.TestCaseExecutor.processExecutionPhase(TestCaseExecutor.java:307)
	at com.kms.katalon.core.main.TestCaseExecutor.accessMainPhase(TestCaseExecutor.java:299)
	at com.kms.katalon.core.main.TestCaseExecutor.execute(TestCaseExecutor.java:233)
	at com.kms.katalon.core.main.TestSuiteExecutor.accessTestCaseMainPhase(TestSuiteExecutor.java:169)
	at com.kms.katalon.core.main.TestSuiteExecutor.accessTestSuiteMainPhase(TestSuiteExecutor.java:142)
	at com.kms.katalon.core.main.TestSuiteExecutor.execute(TestSuiteExecutor.java:91)
	at com.kms.katalon.core.main.TestCaseMain.startTestSuite(TestCaseMain.java:157)
	at com.kms.katalon.core.main.TestCaseMain$startTestSuite$0.call(Unknown Source)
	at TempTestSuite1573128069501.run(TempTestSuite1573128069501.groovy:36)
Caused by: com.kms.katalon.core.exception.StepFailedException: Unable to select option by value '3: Object' of object 'Object Repository/Page_Members Area/Page_Members Area/select_Do not send_1'  using regular expression (Root cause: com.kms.katalon.core.exception.StepFailedException: Unable to select option by value '3: Object' of object 'Object Repository/Page_Members Area/Page_Members Area/select_Do not send_1'  using regular expression
	at com.kms.katalon.core.webui.keyword.internal.WebUIKeywordMain.stepFailed(WebUIKeywordMain.groovy:64)
	at com.kms.katalon.core.webui.keyword.internal.WebUIKeywordMain.runKeyword(WebUIKeywordMain.groovy:26)
	at com.kms.katalon.core.webui.keyword.builtin.SelectOptionByValueKeyword.selectOptionByValue(SelectOptionByValueKeyword.groovy:99)
	at com.kms.katalon.core.webui.keyword.builtin.SelectOptionByValueKeyword.execute(SelectOptionByValueKeyword.groovy:71)
	at com.kms.katalon.core.keyword.internal.KeywordExecutor.executeKeywordForPlatform(KeywordExecutor.groovy:60)
	at com.kms.katalon.core.webui.keyword.WebUiBuiltInKeywords.selectOptionByValue(WebUiBuiltInKeywords.groovy:1138)
	at com.kms.katalon.core.webui.keyword.WebUiBuiltInKeywords$selectOptionByValue$7.call(Unknown Source)
	at Callback_Request_Settings.run(Callback_Request_Settings:109)
	at com.kms.katalon.core.main.ScriptEngine.run(ScriptEngine.java:194)
	at com.kms.katalon.core.main.ScriptEngine.runScriptAsRawText(ScriptEngine.java:119)
	at com.kms.katalon.core.main.TestCaseExecutor.runScript(TestCaseExecutor.java:337)
	at com.kms.katalon.core.main.TestCaseExecutor.doExecute(TestCaseExecutor.java:328)
	at com.kms.katalon.core.main.TestCaseExecutor.processExecutionPhase(TestCaseExecutor.java:307)
	at com.kms.katalon.core.main.TestCaseExecutor.accessMainPhase(TestCaseExecutor.java:299)
	at com.kms.katalon.core.main.TestCaseExecutor.execute(TestCaseExecutor.java:233)
	at com.kms.katalon.core.main.TestCaseMain.runTestCase(TestCaseMain.java:114)
	at com.kms.katalon.core.keyword.builtin.CallTestCaseKeyword$_callTestCase_closure1.doCall(CallTestCaseKeyword.groovy:59)
	at com.kms.katalon.core.keyword.builtin.CallTestCaseKeyword$_callTestCase_closure1.call(CallTestCaseKeyword.groovy)
	at com.kms.katalon.core.keyword.internal.KeywordMain.runKeyword(KeywordMain.groovy:68)
	at com.kms.katalon.core.keyword.builtin.CallTestCaseKeyword.callTestCase(CallTestCaseKeyword.groovy:81)
	at com.kms.katalon.core.keyword.builtin.CallTestCaseKeyword.execute(CallTestCaseKeyword.groovy:44)
	at com.kms.katalon.core.keyword.internal.KeywordExecutor.executeKeywordForPlatform(KeywordExecutor.groovy:60)
	at com.kms.katalon.core.keyword.BuiltinKeywords.callTestCase(BuiltinKeywords.groovy:334)
	at Callback_Requests.run(Callback_Requests:74)
	at com.kms.katalon.core.main.ScriptEngine.run(ScriptEngine.java:194)
	at com.kms.katalon.core.main.ScriptEngine.runScriptAsRawText(ScriptEngine.java:119)
	at com.kms.katalon.core.main.TestCaseExecutor.runScript(TestCaseExecutor.java:337)
	at com.kms.katalon.core.main.TestCaseExecutor.doExecute(TestCaseExecutor.java:328)
	at com.kms.katalon.core.main.TestCaseExecutor.processExecutionPhase(TestCaseExecutor.java:307)
	at com.kms.katalon.core.main.TestCaseExecutor.accessMainPhase(TestCaseExecutor.java:299)
	at com.kms.katalon.core.main.TestCaseExecutor.execute(TestCaseExecutor.java:233)
	at com.kms.katalon.core.main.TestSuiteExecutor.accessTestCaseMainPhase(TestSuiteExecutor.java:169)
	at com.kms.katalon.core.main.TestSuiteExecutor.accessTestSuiteMainPhase(TestSuiteExecutor.java:142)
	at com.kms.katalon.core.main.TestSuiteExecutor.execute(TestSuiteExecutor.java:91)
	at com.kms.katalon.core.main.TestCaseMain.startTestSuite(TestCaseMain.java:157)
	at com.kms.katalon.core.main.TestCaseMain$startTestSuite$0.call(Unknown Source)
	at TempTestSuite1573128069501.run(TempTestSuite1573128069501.groovy:36)
Caused by: com.kms.katalon.core.webui.exception.WebElementNotFoundException: Web element with id: 'Object Repository/Page_Members Area/Page_Members Area/select_Do not send_1' located by 'By.xpath: //*[@id = 'form-field-1' and @name = 'emailDDL' and (text() = 'Do not sendOtherCompany email address: jon.wood@checkatrade.comMr Daniel Davis: daniel.davis@edaxis.co.ukMr Testing Team: support@checkatrade.comMr Testing Team: support@checkatrade.comMr Alexander Nunn: alexander.nunn@checkatrade.comMr Alexander Nunn: alexander.nunn@checkatrade.comMr Alex McCallio: alex.mccallion@hotmail.co.ukMrs Sindhura Voona: christopher.byrom@blah.comMrs Sindhura Voona: christopher.byrom@blah.comMr Rehana Shadab: rehana.shedab@checkatrade.comMr Richard Audemars: richard.audemars@checkatrade.comMr Sian Taylor: sian.taylor@checkatrade.comMr Chantel Lineham: chantel.lineham@checkatrade.comMr Neil Hibbert: neil.hibbert@checkatrade.comMiss Eleanor Jordan: eleanor.jordan@checkatrade.comMr Ivan G-S: ivan.gutowski-smith@checkatrade.comMr Ciar Baharie: ciar.baharie@checkatrade.comMr Ryan B: ryan.butt@checkatrade.comMr Michael Eason: michael.eason@checkatrade.comMr Mike Fairman: mike.fairman@checkatrade.comMrs Becky Cheshire: becky.cheshire@checkatrade.comMr Colin Wisdom: colin.wisdom@checkatrade.comMr Simon Ip: simon.ip@checkatrade.comMr Chris Almond: chris.almond@standingongiants.comMr Mark Bagnall: mark.bagnall@checkatrade.comMr Jon Wood: jon.wood@checkatrade.comMr Linda Hardy: linda.hardy@checkatrade.comMr Dan Staples: dan.staples@checkatrade.comMr Charlotte Carter: charlotte.carter@checkatrade.comMr L P: l.p@checkatrade.comMr Ketih Reed: keith.reed@checkatrade.comMr Tom Amis: tom.amis@checkatrade.com' or . = 'Do not sendOtherCompany email address: jon.wood@checkatrade.comMr Daniel Davis: daniel.davis@edaxis.co.ukMr Testing Team: support@checkatrade.comMr Testing Team: support@checkatrade.comMr Alexander Nunn: alexander.nunn@checkatrade.comMr Alexander Nunn: alexander.nunn@checkatrade.comMr Alex McCallio: alex.mccallion@hotmail.co.ukMrs Sindhura Voona: christopher.byrom@blah.comMrs Sindhura Voona: christopher.byrom@blah.comMr Rehana Shadab: rehana.shedab@checkatrade.comMr Richard Audemars: richard.audemars@checkatrade.comMr Sian Taylor: sian.taylor@checkatrade.comMr Chantel Lineham: chantel.lineham@checkatrade.comMr Neil Hibbert: neil.hibbert@checkatrade.comMiss Eleanor Jordan: eleanor.jordan@checkatrade.comMr Ivan G-S: ivan.gutowski-smith@checkatrade.comMr Ciar Baharie: ciar.baharie@checkatrade.comMr Ryan B: ryan.butt@checkatrade.comMr Michael Eason: michael.eason@checkatrade.comMr Mike Fairman: mike.fairman@checkatrade.comMrs Becky Cheshire: becky.cheshire@checkatrade.comMr Colin Wisdom: colin.wisdom@checkatrade.comMr Simon Ip: simon.ip@checkatrade.comMr Chris Almond: chris.almond@standingongiants.comMr Mark Bagnall: mark.bagnall@checkatrade.comMr Jon Wood: jon.wood@checkatrade.comMr Linda Hardy: linda.hardy@checkatrade.comMr Dan Staples: dan.staples@checkatrade.comMr Charlotte Carter: charlotte.carter@checkatrade.comMr L P: l.p@checkatrade.comMr Ketih Reed: keith.reed@checkatrade.comMr Tom Amis: tom.amis@checkatrade.com')]' not found
	at com.kms.katalon.core.webui.common.WebUiCommonHelper.findWebElement(WebUiCommonHelper.java:1113)
	at com.kms.katalon.core.webui.keyword.internal.WebUIAbstractKeyword.findWebElement(WebUIAbstractKeyword.groovy:27)
	at com.kms.katalon.core.webui.keyword.internal.WebUIAbstractKeyword.findWebElement(WebUIAbstractKeyword.groovy:26)
	at com.kms.katalon.core.webui.keyword.builtin.SelectOptionByValueKeyword$_selectOptionByValue_closure1.doCall(SelectOptionByValueKeyword.groovy:86)
	at com.kms.katalon.core.webui.keyword.builtin.SelectOptionByValueKeyword$_selectOptionByValue_closure1.call(SelectOptionByValueKeyword.groovy)
	at com.kms.katalon.core.webui.keyword.internal.WebUIKeywordMain.runKeyword(WebUIKeywordMain.groovy:20)
	at com.kms.katalon.core.webui.keyword.builtin.SelectOptionByValueKeyword.selectOptionByValue(SelectOptionByValueKeyword.groovy:99)
	at com.kms.katalon.core.webui.keyword.builtin.SelectOptionByValueKeyword.execute(SelectOptionByValueKeyword.groovy:71)
	at com.kms.katalon.core.keyword.internal.KeywordExecutor.executeKeywordForPlatform(KeywordExecutor.groovy:60)
	at com.kms.katalon.core.webui.keyword.WebUiBuiltInKeywords.selectOptionByValue(WebUiBuiltInKeywords.groovy:1138)
	at com.kms.katalon.core.webui.keyword.WebUiBuiltInKeywords$selectOptionByValue$7.call(Unknown Source)
	at Script1570028599978.run(Script1570028599978.groovy:109)
	at com.kms.katalon.core.main.ScriptEngine.run(ScriptEngine.java:194)
	at com.kms.katalon.core.main.ScriptEngine.runScriptAsRawText(ScriptEngine.java:119)
	at com.kms.katalon.core.main.TestCaseExecutor.runScript(TestCaseExecutor.java:337)
	at com.kms.katalon.core.main.TestCaseExecutor.doExecute(TestCaseExecutor.java:328)
	at com.kms.katalon.core.main.TestCaseExecutor.processExecutionPhase(TestCaseExecutor.java:307)
	at com.kms.katalon.core.main.TestCaseExecutor.accessMainPhase(TestCaseExecutor.java:299)
	at com.kms.katalon.core.main.TestCaseExecutor.execute(TestCaseExecutor.java:233)
	at com.kms.katalon.core.main.TestCaseMain.runTestCase(TestCaseMain.java:114)
	at com.kms.katalon.core.keyword.builtin.CallTestCaseKeyword$_callTestCase_closure1.doCall(CallTestCaseKeyword.groovy:59)
	at com.kms.katalon.core.keyword.builtin.CallTestCaseKeyword$_callTestCase_closure1.call(CallTestCaseKeyword.groovy)
	at com.kms.katalon.core.keyword.internal.KeywordMain.runKeyword(KeywordMain.groovy:68)
	at com.kms.katalon.core.keyword.builtin.CallTestCaseKeyword.callTestCase(CallTestCaseKeyword.groovy:81)
	at com.kms.katalon.core.keyword.builtin.CallTestCaseKeyword.execute(CallTestCaseKeyword.groovy:44)
	at com.kms.katalon.core.keyword.internal.KeywordExecutor.executeKeywordForPlatform(KeywordExecutor.groovy:60)
	at com.kms.katalon.core.keyword.BuiltinKeywords.callTestCase(BuiltinKeywords.groovy:334)
	at Script1569933857280.run(Script1569933857280.groovy:74)
	... 13 more
)
	at com.kms.katalon.core.keyword.internal.KeywordMain.stepFailed(KeywordMain.groovy:39)
	at com.kms.katalon.core.webui.keyword.internal.WebUIKeywordMain.stepFailed(WebUIKeywordMain.groovy:64)
	at com.kms.katalon.core.webui.keyword.internal.WebUIKeywordMain.runKeyword(WebUIKeywordMain.groovy:26)
	at com.kms.katalon.core.webui.keyword.builtin.SelectOptionByValueKeyword.selectOptionByValue(SelectOptionByValueKeyword.groovy:99)
	at com.kms.katalon.core.webui.keyword.builtin.SelectOptionByValueKeyword.execute(SelectOptionByValueKeyword.groovy:71)
	at com.kms.katalon.core.keyword.internal.KeywordExecutor.executeKeywordForPlatform(KeywordExecutor.groovy:60)
	at com.kms.katalon.core.webui.keyword.WebUiBuiltInKeywords.selectOptionByValue(WebUiBuiltInKeywords.groovy:1138)
	at com.kms.katalon.core.webui.keyword.WebUiBuiltInKeywords$selectOptionByValue$7.call(Unknown Source)
	at Callback_Request_Settings.run(Callback_Request_Settings:109)
	at com.kms.katalon.core.main.ScriptEngine.run(ScriptEngine.java:194)
	at com.kms.katalon.core.main.ScriptEngine.runScriptAsRawText(ScriptEngine.java:119)
	at com.kms.katalon.core.main.TestCaseExecutor.runScript(TestCaseExecutor.java:337)
	at com.kms.katalon.core.main.TestCaseExecutor.doExecute(TestCaseExecutor.java:328)
	at com.kms.katalon.core.main.TestCaseExecutor.processExecutionPhase(TestCaseExecutor.java:307)
	at com.kms.katalon.core.main.TestCaseExecutor.accessMainPhase(TestCaseExecutor.java:299)
	at com.kms.katalon.core.main.TestCaseExecutor.execute(TestCaseExecutor.java:233)
	at com.kms.katalon.core.main.TestCaseMain.runTestCase(TestCaseMain.java:114)
	at com.kms.katalon.core.keyword.builtin.CallTestCaseKeyword$_callTestCase_closure1.doCall(CallTestCaseKeyword.groovy:59)
	... 20 more
Caused by: com.kms.katalon.core.exception.StepFailedException: Unable to select option by value '3: Object' of object 'Object Repository/Page_Members Area/Page_Members Area/select_Do not send_1'  using regular expression
	... 37 more
Caused by: com.kms.katalon.core.webui.exception.WebElementNotFoundException: Web element with id: 'Object Repository/Page_Members Area/Page_Members Area/select_Do not send_1' located by 'By.xpath: //*[@id = 'form-field-1' and @name = 'emailDDL' and (text() = 'Do not sendOtherCompany email address: jon.wood@checkatrade.comMr Daniel Davis: daniel.davis@edaxis.co.ukMr Testing Team: support@checkatrade.comMr Testing Team: support@checkatrade.comMr Alexander Nunn: alexander.nunn@checkatrade.comMr Alexander Nunn: alexander.nunn@checkatrade.comMr Alex McCallio: alex.mccallion@hotmail.co.ukMrs Sindhura Voona: christopher.byrom@blah.comMrs Sindhura Voona: christopher.byrom@blah.comMr Rehana Shadab: rehana.shedab@checkatrade.comMr Richard Audemars: richard.audemars@checkatrade.comMr Sian Taylor: sian.taylor@checkatrade.comMr Chantel Lineham: chantel.lineham@checkatrade.comMr Neil Hibbert: neil.hibbert@checkatrade.comMiss Eleanor Jordan: eleanor.jordan@checkatrade.comMr Ivan G-S: ivan.gutowski-smith@checkatrade.comMr Ciar Baharie: ciar.baharie@checkatrade.comMr Ryan B: ryan.butt@checkatrade.comMr Michael Eason: michael.eason@checkatrade.comMr Mike Fairman: mike.fairman@checkatrade.comMrs Becky Cheshire: becky.cheshire@checkatrade.comMr Colin Wisdom: colin.wisdom@checkatrade.comMr Simon Ip: simon.ip@checkatrade.comMr Chris Almond: chris.almond@standingongiants.comMr Mark Bagnall: mark.bagnall@checkatrade.comMr Jon Wood: jon.wood@checkatrade.comMr Linda Hardy: linda.hardy@checkatrade.comMr Dan Staples: dan.staples@checkatrade.comMr Charlotte Carter: charlotte.carter@checkatrade.comMr L P: l.p@checkatrade.comMr Ketih Reed: keith.reed@checkatrade.comMr Tom Amis: tom.amis@checkatrade.com' or . = 'Do not sendOtherCompany email address: jon.wood@checkatrade.comMr Daniel Davis: daniel.davis@edaxis.co.ukMr Testing Team: support@checkatrade.comMr Testing Team: support@checkatrade.comMr Alexander Nunn: alexander.nunn@checkatrade.comMr Alexander Nunn: alexander.nunn@checkatrade.comMr Alex McCallio: alex.mccallion@hotmail.co.ukMrs Sindhura Voona: christopher.byrom@blah.comMrs Sindhura Voona: christopher.byrom@blah.comMr Rehana Shadab: rehana.shedab@checkatrade.comMr Richard Audemars: richard.audemars@checkatrade.comMr Sian Taylor: sian.taylor@checkatrade.comMr Chantel Lineham: chantel.lineham@checkatrade.comMr Neil Hibbert: neil.hibbert@checkatrade.comMiss Eleanor Jordan: eleanor.jordan@checkatrade.comMr Ivan G-S: ivan.gutowski-smith@checkatrade.comMr Ciar Baharie: ciar.baharie@checkatrade.comMr Ryan B: ryan.butt@checkatrade.comMr Michael Eason: michael.eason@checkatrade.comMr Mike Fairman: mike.fairman@checkatrade.comMrs Becky Cheshire: becky.cheshire@checkatrade.comMr Colin Wisdom: colin.wisdom@checkatrade.comMr Simon Ip: simon.ip@checkatrade.comMr Chris Almond: chris.almond@standingongiants.comMr Mark Bagnall: mark.bagnall@checkatrade.comMr Jon Wood: jon.wood@checkatrade.comMr Linda Hardy: linda.hardy@checkatrade.comMr Dan Staples: dan.staples@checkatrade.comMr Charlotte Carter: charlotte.carter@checkatrade.comMr L P: l.p@checkatrade.comMr Ketih Reed: keith.reed@checkatrade.comMr Tom Amis: tom.amis@checkatrade.com')]' not found
	at com.kms.katalon.core.webui.common.WebUiCommonHelper.findWebElement(WebUiCommonHelper.java:1113)
	at com.kms.katalon.core.webui.keyword.internal.WebUIAbstractKeyword.findWebElement(WebUIAbstractKeyword.groovy:27)
	at com.kms.katalon.core.webui.keyword.internal.WebUIAbstractKeyword.findWebElement(WebUIAbstractKeyword.groovy:26)
	at com.kms.katalon.core.webui.keyword.builtin.SelectOptionByValueKeyword$_selectOptionByValue_closure1.doCall(SelectOptionByValueKeyword.groovy:86)
	at com.kms.katalon.core.webui.keyword.builtin.SelectOptionByValueKeyword$_selectOptionByValue_closure1.call(SelectOptionByValueKeyword.groovy)
	at com.kms.katalon.core.webui.keyword.internal.WebUIKeywordMain.runKeyword(WebUIKeywordMain.groovy:20)
	... 35 more
)
	at com.kms.katalon.core.keyword.internal.KeywordMain.stepFailed(KeywordMain.groovy:39)
	at com.kms.katalon.core.keyword.internal.KeywordMain.stepFailed(KeywordMain.groovy)
	at com.kms.katalon.core.keyword.internal.KeywordMain.runKeyword(KeywordMain.groovy:70)
	at com.kms.katalon.core.keyword.builtin.CallTestCaseKeyword.callTestCase(CallTestCaseKeyword.groovy:81)
	at com.kms.katalon.core.keyword.builtin.CallTestCaseKeyword.execute(CallTestCaseKeyword.groovy:44)
	at com.kms.katalon.core.keyword.internal.KeywordExecutor.executeKeywordForPlatform(KeywordExecutor.groovy:60)
	at com.kms.katalon.core.keyword.BuiltinKeywords.callTestCase(BuiltinKeywords.groovy:334)
	at Callback_Requests.run(Callback_Requests:74)
	at com.kms.katalon.core.main.ScriptEngine.run(ScriptEngine.java:194)
	at com.kms.katalon.core.main.ScriptEngine.runScriptAsRawText(ScriptEngine.java:119)
	at com.kms.katalon.core.main.TestCaseExecutor.runScript(TestCaseExecutor.java:337)
	at com.kms.katalon.core.main.TestCaseExecutor.doExecute(TestCaseExecutor.java:328)
	at com.kms.katalon.core.main.TestCaseExecutor.processExecutionPhase(TestCaseExecutor.java:307)
	at com.kms.katalon.core.main.TestCaseExecutor.accessMainPhase(TestCaseExecutor.java:299)
	at com.kms.katalon.core.main.TestCaseExecutor.execute(TestCaseExecutor.java:233)
	at com.kms.katalon.core.main.TestSuiteExecutor.accessTestCaseMainPhase(TestSuiteExecutor.java:169)
	at com.kms.katalon.core.main.TestSuiteExecutor.accessTestSuiteMainPhase(TestSuiteExecutor.java:142)
	at com.kms.katalon.core.main.TestSuiteExecutor.execute(TestSuiteExecutor.java:91)
	at com.kms.katalon.core.main.TestCaseMain.startTestSuite(TestCaseMain.java:157)
	at com.kms.katalon.core.main.TestCaseMain$startTestSuite$0.call(Unknown Source)
	at TempTestSuite1573128069501.run(TempTestSuite1573128069501.groovy:36)
Caused by: com.kms.katalon.core.exception.StepFailedException: Call Test Case 'Test Cases/Reusable_Test_Sequences/Members_Area/Validation/Callback_Requests_Sub/Callback_Request_Settings' failed
	at com.kms.katalon.core.keyword.builtin.CallTestCaseKeyword$_callTestCase_closure1.doCall(CallTestCaseKeyword.groovy:63)
	at com.kms.katalon.core.keyword.builtin.CallTestCaseKeyword$_callTestCase_closure1.call(CallTestCaseKeyword.groovy)
	at com.kms.katalon.core.keyword.internal.KeywordMain.runKeyword(KeywordMain.groovy:68)
	... 18 more
Caused by: com.kms.katalon.core.exception.StepFailedException: Unable to select option by value '3: Object' of object 'Object Repository/Page_Members Area/Page_Members Area/select_Do not send_1'  using regular expression (Root cause: com.kms.katalon.core.exception.StepFailedException: Unable to select option by value '3: Object' of object 'Object Repository/Page_Members Area/Page_Members Area/select_Do not send_1'  using regular expression
	at com.kms.katalon.core.webui.keyword.internal.WebUIKeywordMain.stepFailed(WebUIKeywordMain.groovy:64)
	at com.kms.katalon.core.webui.keyword.internal.WebUIKeywordMain.runKeyword(WebUIKeywordMain.groovy:26)
	at com.kms.katalon.core.webui.keyword.builtin.SelectOptionByValueKeyword.selectOptionByValue(SelectOptionByValueKeyword.groovy:99)
	at com.kms.katalon.core.webui.keyword.builtin.SelectOptionByValueKeyword.execute(SelectOptionByValueKeyword.groovy:71)
	at com.kms.katalon.core.keyword.internal.KeywordExecutor.executeKeywordForPlatform(KeywordExecutor.groovy:60)
	at com.kms.katalon.core.webui.keyword.WebUiBuiltInKeywords.selectOptionByValue(WebUiBuiltInKeywords.groovy:1138)
	at com.kms.katalon.core.webui.keyword.WebUiBuiltInKeywords$selectOptionByValue$7.call(Unknown Source)
	at Callback_Request_Settings.run(Callback_Request_Settings:109)
	at com.kms.katalon.core.main.ScriptEngine.run(ScriptEngine.java:194)
	at com.kms.katalon.core.main.ScriptEngine.runScriptAsRawText(ScriptEngine.java:119)
	at com.kms.katalon.core.main.TestCaseExecutor.runScript(TestCaseExecutor.java:337)
	at com.kms.katalon.core.main.TestCaseExecutor.doExecute(TestCaseExecutor.java:328)
	at com.kms.katalon.core.main.TestCaseExecutor.processExecutionPhase(TestCaseExecutor.java:307)
	at com.kms.katalon.core.main.TestCaseExecutor.accessMainPhase(TestCaseExecutor.java:299)
	at com.kms.katalon.core.main.TestCaseExecutor.execute(TestCaseExecutor.java:233)
	at com.kms.katalon.core.main.TestCaseMain.runTestCase(TestCaseMain.java:114)
	at com.kms.katalon.core.keyword.builtin.CallTestCaseKeyword$_callTestCase_closure1.doCall(CallTestCaseKeyword.groovy:59)
	at com.kms.katalon.core.keyword.builtin.CallTestCaseKeyword$_callTestCase_closure1.call(CallTestCaseKeyword.groovy)
	at com.kms.katalon.core.keyword.internal.KeywordMain.runKeyword(KeywordMain.groovy:68)
	at com.kms.katalon.core.keyword.builtin.CallTestCaseKeyword.callTestCase(CallTestCaseKeyword.groovy:81)
	at com.kms.katalon.core.keyword.builtin.CallTestCaseKeyword.execute(CallTestCaseKeyword.groovy:44)
	at com.kms.katalon.core.keyword.internal.KeywordExecutor.executeKeywordForPlatform(KeywordExecutor.groovy:60)
	at com.kms.katalon.core.keyword.BuiltinKeywords.callTestCase(BuiltinKeywords.groovy:334)
	at Callback_Requests.run(Callback_Requests:74)
	at com.kms.katalon.core.main.ScriptEngine.run(ScriptEngine.java:194)
	at com.kms.katalon.core.main.ScriptEngine.runScriptAsRawText(ScriptEngine.java:119)
	at com.kms.katalon.core.main.TestCaseExecutor.runScript(TestCaseExecutor.java:337)
	at com.kms.katalon.core.main.TestCaseExecutor.doExecute(TestCaseExecutor.java:328)
	at com.kms.katalon.core.main.TestCaseExecutor.processExecutionPhase(TestCaseExecutor.java:307)
	at com.kms.katalon.core.main.TestCaseExecutor.accessMainPhase(TestCaseExecutor.java:299)
	at com.kms.katalon.core.main.TestCaseExecutor.execute(TestCaseExecutor.java:233)
	at com.kms.katalon.core.main.TestSuiteExecutor.accessTestCaseMainPhase(TestSuiteExecutor.java:169)
	at com.kms.katalon.core.main.TestSuiteExecutor.accessTestSuiteMainPhase(TestSuiteExecutor.java:142)
	at com.kms.katalon.core.main.TestSuiteExecutor.execute(TestSuiteExecutor.java:91)
	at com.kms.katalon.core.main.TestCaseMain.startTestSuite(TestCaseMain.java:157)
	at com.kms.katalon.core.main.TestCaseMain$startTestSuite$0.call(Unknown Source)
	at TempTestSuite1573128069501.run(TempTestSuite1573128069501.groovy:36)
Caused by: com.kms.katalon.core.webui.exception.WebElementNotFoundException: Web element with id: 'Object Repository/Page_Members Area/Page_Members Area/select_Do not send_1' located by 'By.xpath: //*[@id = 'form-field-1' and @name = 'emailDDL' and (text() = 'Do not sendOtherCompany email address: jon.wood@checkatrade.comMr Daniel Davis: daniel.davis@edaxis.co.ukMr Testing Team: support@checkatrade.comMr Testing Team: support@checkatrade.comMr Alexander Nunn: alexander.nunn@checkatrade.comMr Alexander Nunn: alexander.nunn@checkatrade.comMr Alex McCallio: alex.mccallion@hotmail.co.ukMrs Sindhura Voona: christopher.byrom@blah.comMrs Sindhura Voona: christopher.byrom@blah.comMr Rehana Shadab: rehana.shedab@checkatrade.comMr Richard Audemars: richard.audemars@checkatrade.comMr Sian Taylor: sian.taylor@checkatrade.comMr Chantel Lineham: chantel.lineham@checkatrade.comMr Neil Hibbert: neil.hibbert@checkatrade.comMiss Eleanor Jordan: eleanor.jordan@checkatrade.comMr Ivan G-S: ivan.gutowski-smith@checkatrade.comMr Ciar Baharie: ciar.baharie@checkatrade.comMr Ryan B: ryan.butt@checkatrade.comMr Michael Eason: michael.eason@checkatrade.comMr Mike Fairman: mike.fairman@checkatrade.comMrs Becky Cheshire: becky.cheshire@checkatrade.comMr Colin Wisdom: colin.wisdom@checkatrade.comMr Simon Ip: simon.ip@checkatrade.comMr Chris Almond: chris.almond@standingongiants.comMr Mark Bagnall: mark.bagnall@checkatrade.comMr Jon Wood: jon.wood@checkatrade.comMr Linda Hardy: linda.hardy@checkatrade.comMr Dan Staples: dan.staples@checkatrade.comMr Charlotte Carter: charlotte.carter@checkatrade.comMr L P: l.p@checkatrade.comMr Ketih Reed: keith.reed@checkatrade.comMr Tom Amis: tom.amis@checkatrade.com' or . = 'Do not sendOtherCompany email address: jon.wood@checkatrade.comMr Daniel Davis: daniel.davis@edaxis.co.ukMr Testing Team: support@checkatrade.comMr Testing Team: support@checkatrade.comMr Alexander Nunn: alexander.nunn@checkatrade.comMr Alexander Nunn: alexander.nunn@checkatrade.comMr Alex McCallio: alex.mccallion@hotmail.co.ukMrs Sindhura Voona: christopher.byrom@blah.comMrs Sindhura Voona: christopher.byrom@blah.comMr Rehana Shadab: rehana.shedab@checkatrade.comMr Richard Audemars: richard.audemars@checkatrade.comMr Sian Taylor: sian.taylor@checkatrade.comMr Chantel Lineham: chantel.lineham@checkatrade.comMr Neil Hibbert: neil.hibbert@checkatrade.comMiss Eleanor Jordan: eleanor.jordan@checkatrade.comMr Ivan G-S: ivan.gutowski-smith@checkatrade.comMr Ciar Baharie: ciar.baharie@checkatrade.comMr Ryan B: ryan.butt@checkatrade.comMr Michael Eason: michael.eason@checkatrade.comMr Mike Fairman: mike.fairman@checkatrade.comMrs Becky Cheshire: becky.cheshire@checkatrade.comMr Colin Wisdom: colin.wisdom@checkatrade.comMr Simon Ip: simon.ip@checkatrade.comMr Chris Almond: chris.almond@standingongiants.comMr Mark Bagnall: mark.bagnall@checkatrade.comMr Jon Wood: jon.wood@checkatrade.comMr Linda Hardy: linda.hardy@checkatrade.comMr Dan Staples: dan.staples@checkatrade.comMr Charlotte Carter: charlotte.carter@checkatrade.comMr L P: l.p@checkatrade.comMr Ketih Reed: keith.reed@checkatrade.comMr Tom Amis: tom.amis@checkatrade.com')]' not found
	at com.kms.katalon.core.webui.common.WebUiCommonHelper.findWebElement(WebUiCommonHelper.java:1113)
	at com.kms.katalon.core.webui.keyword.internal.WebUIAbstractKeyword.findWebElement(WebUIAbstractKeyword.groovy:27)
	at com.kms.katalon.core.webui.keyword.internal.WebUIAbstractKeyword.findWebElement(WebUIAbstractKeyword.groovy:26)
	at com.kms.katalon.core.webui.keyword.builtin.SelectOptionByValueKeyword$_selectOptionByValue_closure1.doCall(SelectOptionByValueKeyword.groovy:86)
	at com.kms.katalon.core.webui.keyword.builtin.SelectOptionByValueKeyword$_selectOptionByValue_closure1.call(SelectOptionByValueKeyword.groovy)
	at com.kms.katalon.core.webui.keyword.internal.WebUIKeywordMain.runKeyword(WebUIKeywordMain.groovy:20)
	at com.kms.katalon.core.webui.keyword.builtin.SelectOptionByValueKeyword.selectOptionByValue(SelectOptionByValueKeyword.groovy:99)
	at com.kms.katalon.core.webui.keyword.builtin.SelectOptionByValueKeyword.execute(SelectOptionByValueKeyword.groovy:71)
	at com.kms.katalon.core.keyword.internal.KeywordExecutor.executeKeywordForPlatform(KeywordExecutor.groovy:60)
	at com.kms.katalon.core.webui.keyword.WebUiBuiltInKeywords.selectOptionByValue(WebUiBuiltInKeywords.groovy:1138)
	at com.kms.katalon.core.webui.keyword.WebUiBuiltInKeywords$selectOptionByValue$7.call(Unknown Source)
	at Script1570028599978.run(Script1570028599978.groovy:109)
	at com.kms.katalon.core.main.ScriptEngine.run(ScriptEngine.java:194)
	at com.kms.katalon.core.main.ScriptEngine.runScriptAsRawText(ScriptEngine.java:119)
	at com.kms.katalon.core.main.TestCaseExecutor.runScript(TestCaseExecutor.java:337)
	at com.kms.katalon.core.main.TestCaseExecutor.doExecute(TestCaseExecutor.java:328)
	at com.kms.katalon.core.main.TestCaseExecutor.processExecutionPhase(TestCaseExecutor.java:307)
	at com.kms.katalon.core.main.TestCaseExecutor.accessMainPhase(TestCaseExecutor.java:299)
	at com.kms.katalon.core.main.TestCaseExecutor.execute(TestCaseExecutor.java:233)
	at com.kms.katalon.core.main.TestCaseMain.runTestCase(TestCaseMain.java:114)
	at com.kms.katalon.core.keyword.builtin.CallTestCaseKeyword$_callTestCase_closure1.doCall(CallTestCaseKeyword.groovy:59)
	at com.kms.katalon.core.keyword.builtin.CallTestCaseKeyword$_callTestCase_closure1.call(CallTestCaseKeyword.groovy)
	at com.kms.katalon.core.keyword.internal.KeywordMain.runKeyword(KeywordMain.groovy:68)
	at com.kms.katalon.core.keyword.builtin.CallTestCaseKeyword.callTestCase(CallTestCaseKeyword.groovy:81)
	at com.kms.katalon.core.keyword.builtin.CallTestCaseKeyword.execute(CallTestCaseKeyword.groovy:44)
	at com.kms.katalon.core.keyword.internal.KeywordExecutor.executeKeywordForPlatform(KeywordExecutor.groovy:60)
	at com.kms.katalon.core.keyword.BuiltinKeywords.callTestCase(BuiltinKeywords.groovy:334)
	at Script1569933857280.run(Script1569933857280.groovy:74)
	... 13 more
)
	at com.kms.katalon.core.keyword.internal.KeywordMain.stepFailed(KeywordMain.groovy:39)
	at com.kms.katalon.core.webui.keyword.internal.WebUIKeywordMain.stepFailed(WebUIKeywordMain.groovy:64)
	at com.kms.katalon.core.webui.keyword.internal.WebUIKeywordMain.runKeyword(WebUIKeywordMain.groovy:26)
	at com.kms.katalon.core.webui.keyword.builtin.SelectOptionByValueKeyword.selectOptionByValue(SelectOptionByValueKeyword.groovy:99)
	at com.kms.katalon.core.webui.keyword.builtin.SelectOptionByValueKeyword.execute(SelectOptionByValueKeyword.groovy:71)
	at com.kms.katalon.core.keyword.internal.KeywordExecutor.executeKeywordForPlatform(KeywordExecutor.groovy:60)
	at com.kms.katalon.core.webui.keyword.WebUiBuiltInKeywords.selectOptionByValue(WebUiBuiltInKeywords.groovy:1138)
	at com.kms.katalon.core.webui.keyword.WebUiBuiltInKeywords$selectOptionByValue$7.call(Unknown Source)
	at Callback_Request_Settings.run(Callback_Request_Settings:109)
	at com.kms.katalon.core.main.ScriptEngine.run(ScriptEngine.java:194)
	at com.kms.katalon.core.main.ScriptEngine.runScriptAsRawText(ScriptEngine.java:119)
	at com.kms.katalon.core.main.TestCaseExecutor.runScript(TestCaseExecutor.java:337)
	at com.kms.katalon.core.main.TestCaseExecutor.doExecute(TestCaseExecutor.java:328)
	at com.kms.katalon.core.main.TestCaseExecutor.processExecutionPhase(TestCaseExecutor.java:307)
	at com.kms.katalon.core.main.TestCaseExecutor.accessMainPhase(TestCaseExecutor.java:299)
	at com.kms.katalon.core.main.TestCaseExecutor.execute(TestCaseExecutor.java:233)
	at com.kms.katalon.core.main.TestCaseMain.runTestCase(TestCaseMain.java:114)
	at com.kms.katalon.core.keyword.builtin.CallTestCaseKeyword$_callTestCase_closure1.doCall(CallTestCaseKeyword.groovy:59)
	... 20 more
Caused by: com.kms.katalon.core.exception.StepFailedException: Unable to select option by value '3: Object' of object 'Object Repository/Page_Members Area/Page_Members Area/select_Do not send_1'  using regular expression
	... 37 more
Caused by: com.kms.katalon.core.webui.exception.WebElementNotFoundException: Web element with id: 'Object Repository/Page_Members Area/Page_Members Area/select_Do not send_1' located by 'By.xpath: //*[@id = 'form-field-1' and @name = 'emailDDL' and (text() = 'Do not sendOtherCompany email address: jon.wood@checkatrade.comMr Daniel Davis: daniel.davis@edaxis.co.ukMr Testing Team: support@checkatrade.comMr Testing Team: support@checkatrade.comMr Alexander Nunn: alexander.nunn@checkatrade.comMr Alexander Nunn: alexander.nunn@checkatrade.comMr Alex McCallio: alex.mccallion@hotmail.co.ukMrs Sindhura Voona: christopher.byrom@blah.comMrs Sindhura Voona: christopher.byrom@blah.comMr Rehana Shadab: rehana.shedab@checkatrade.comMr Richard Audemars: richard.audemars@checkatrade.comMr Sian Taylor: sian.taylor@checkatrade.comMr Chantel Lineham: chantel.lineham@checkatrade.comMr Neil Hibbert: neil.hibbert@checkatrade.comMiss Eleanor Jordan: eleanor.jordan@checkatrade.comMr Ivan G-S: ivan.gutowski-smith@checkatrade.comMr Ciar Baharie: ciar.baharie@checkatrade.comMr Ryan B: ryan.butt@checkatrade.comMr Michael Eason: michael.eason@checkatrade.comMr Mike Fairman: mike.fairman@checkatrade.comMrs Becky Cheshire: becky.cheshire@checkatrade.comMr Colin Wisdom: colin.wisdom@checkatrade.comMr Simon Ip: simon.ip@checkatrade.comMr Chris Almond: chris.almond@standingongiants.comMr Mark Bagnall: mark.bagnall@checkatrade.comMr Jon Wood: jon.wood@checkatrade.comMr Linda Hardy: linda.hardy@checkatrade.comMr Dan Staples: dan.staples@checkatrade.comMr Charlotte Carter: charlotte.carter@checkatrade.comMr L P: l.p@checkatrade.comMr Ketih Reed: keith.reed@checkatrade.comMr Tom Amis: tom.amis@checkatrade.com' or . = 'Do not sendOtherCompany email address: jon.wood@checkatrade.comMr Daniel Davis: daniel.davis@edaxis.co.ukMr Testing Team: support@checkatrade.comMr Testing Team: support@checkatrade.comMr Alexander Nunn: alexander.nunn@checkatrade.comMr Alexander Nunn: alexander.nunn@checkatrade.comMr Alex McCallio: alex.mccallion@hotmail.co.ukMrs Sindhura Voona: christopher.byrom@blah.comMrs Sindhura Voona: christopher.byrom@blah.comMr Rehana Shadab: rehana.shedab@checkatrade.comMr Richard Audemars: richard.audemars@checkatrade.comMr Sian Taylor: sian.taylor@checkatrade.comMr Chantel Lineham: chantel.lineham@checkatrade.comMr Neil Hibbert: neil.hibbert@checkatrade.comMiss Eleanor Jordan: eleanor.jordan@checkatrade.comMr Ivan G-S: ivan.gutowski-smith@checkatrade.comMr Ciar Baharie: ciar.baharie@checkatrade.comMr Ryan B: ryan.butt@checkatrade.comMr Michael Eason: michael.eason@checkatrade.comMr Mike Fairman: mike.fairman@checkatrade.comMrs Becky Cheshire: becky.cheshire@checkatrade.comMr Colin Wisdom: colin.wisdom@checkatrade.comMr Simon Ip: simon.ip@checkatrade.comMr Chris Almond: chris.almond@standingongiants.comMr Mark Bagnall: mark.bagnall@checkatrade.comMr Jon Wood: jon.wood@checkatrade.comMr Linda Hardy: linda.hardy@checkatrade.comMr Dan Staples: dan.staples@checkatrade.comMr Charlotte Carter: charlotte.carter@checkatrade.comMr L P: l.p@checkatrade.comMr Ketih Reed: keith.reed@checkatrade.comMr Tom Amis: tom.amis@checkatrade.com')]' not found
	at com.kms.katalon.core.webui.common.WebUiCommonHelper.findWebElement(WebUiCommonHelper.java:1113)
	at com.kms.katalon.core.webui.keyword.internal.WebUIAbstractKeyword.findWebElement(WebUIAbstractKeyword.groovy:27)
	at com.kms.katalon.core.webui.keyword.internal.WebUIAbstractKeyword.findWebElement(WebUIAbstractKeyword.groovy:26)
	at com.kms.katalon.core.webui.keyword.builtin.SelectOptionByValueKeyword$_selectOptionByValue_closure1.doCall(SelectOptionByValueKeyword.groovy:86)
	at com.kms.katalon.core.webui.keyword.builtin.SelectOptionByValueKeyword$_selectOptionByValue_closure1.call(SelectOptionByValueKeyword.groovy)
	at com.kms.katalon.core.webui.keyword.internal.WebUIKeywordMain.runKeyword(WebUIKeywordMain.groovy:20)
	... 35 more
"/>
         <system-out><![CDATA[2019-11-07 12:01:32 - [TEST_CASE][FAILED] - Test Cases/Members_Area/Callback_Requests: Test Cases/Members_Area/Callback_Requests FAILED.
Reason:
com.kms.katalon.core.exception.StepFailedException: Unable to call Test Case 'Test Cases/Reusable_Test_Sequences/Members_Area/Validation/Callback_Requests_Sub/Callback_Request_Settings' (Root cause: com.kms.katalon.core.exception.StepFailedException: Call Test Case 'Test Cases/Reusable_Test_Sequences/Members_Area/Validation/Callback_Requests_Sub/Callback_Request_Settings' failed
	at com.kms.katalon.core.keyword.builtin.CallTestCaseKeyword$_callTestCase_closure1.doCall(CallTestCaseKeyword.groovy:63)
	at com.kms.katalon.core.keyword.builtin.CallTestCaseKeyword$_callTestCase_closure1.call(CallTestCaseKeyword.groovy)
	at com.kms.katalon.core.keyword.internal.KeywordMain.runKeyword(KeywordMain.groovy:68)
	at com.kms.katalon.core.keyword.builtin.CallTestCaseKeyword.callTestCase(CallTestCaseKeyword.groovy:81)
	at com.kms.katalon.core.keyword.builtin.CallTestCaseKeyword.execute(CallTestCaseKeyword.groovy:44)
	at com.kms.katalon.core.keyword.internal.KeywordExecutor.executeKeywordForPlatform(KeywordExecutor.groovy:60)
	at com.kms.katalon.core.keyword.BuiltinKeywords.callTestCase(BuiltinKeywords.groovy:334)
	at Callback_Requests.run(Callback_Requests:74)
	at com.kms.katalon.core.main.ScriptEngine.run(ScriptEngine.java:194)
	at com.kms.katalon.core.main.ScriptEngine.runScriptAsRawText(ScriptEngine.java:119)
	at com.kms.katalon.core.main.TestCaseExecutor.runScript(TestCaseExecutor.java:337)
	at com.kms.katalon.core.main.TestCaseExecutor.doExecute(TestCaseExecutor.java:328)
	at com.kms.katalon.core.main.TestCaseExecutor.processExecutionPhase(TestCaseExecutor.java:307)
	at com.kms.katalon.core.main.TestCaseExecutor.accessMainPhase(TestCaseExecutor.java:299)
	at com.kms.katalon.core.main.TestCaseExecutor.execute(TestCaseExecutor.java:233)
	at com.kms.katalon.core.main.TestSuiteExecutor.accessTestCaseMainPhase(TestSuiteExecutor.java:169)
	at com.kms.katalon.core.main.TestSuiteExecutor.accessTestSuiteMainPhase(TestSuiteExecutor.java:142)
	at com.kms.katalon.core.main.TestSuiteExecutor.execute(TestSuiteExecutor.java:91)
	at com.kms.katalon.core.main.TestCaseMain.startTestSuite(TestCaseMain.java:157)
	at com.kms.katalon.core.main.TestCaseMain$startTestSuite$0.call(Unknown Source)
	at TempTestSuite1573128069501.run(TempTestSuite1573128069501.groovy:36)
Caused by: com.kms.katalon.core.exception.StepFailedException: Unable to select option by value '3: Object' of object 'Object Repository/Page_Members Area/Page_Members Area/select_Do not send_1'  using regular expression (Root cause: com.kms.katalon.core.exception.StepFailedException: Unable to select option by value '3: Object' of object 'Object Repository/Page_Members Area/Page_Members Area/select_Do not send_1'  using regular expression
	at com.kms.katalon.core.webui.keyword.internal.WebUIKeywordMain.stepFailed(WebUIKeywordMain.groovy:64)
	at com.kms.katalon.core.webui.keyword.internal.WebUIKeywordMain.runKeyword(WebUIKeywordMain.groovy:26)
	at com.kms.katalon.core.webui.keyword.builtin.SelectOptionByValueKeyword.selectOptionByValue(SelectOptionByValueKeyword.groovy:99)
	at com.kms.katalon.core.webui.keyword.builtin.SelectOptionByValueKeyword.execute(SelectOptionByValueKeyword.groovy:71)
	at com.kms.katalon.core.keyword.internal.KeywordExecutor.executeKeywordForPlatform(KeywordExecutor.groovy:60)
	at com.kms.katalon.core.webui.keyword.WebUiBuiltInKeywords.selectOptionByValue(WebUiBuiltInKeywords.groovy:1138)
	at com.kms.katalon.core.webui.keyword.WebUiBuiltInKeywords$selectOptionByValue$7.call(Unknown Source)
	at Callback_Request_Settings.run(Callback_Request_Settings:109)
	at com.kms.katalon.core.main.ScriptEngine.run(ScriptEngine.java:194)
	at com.kms.katalon.core.main.ScriptEngine.runScriptAsRawText(ScriptEngine.java:119)
	at com.kms.katalon.core.main.TestCaseExecutor.runScript(TestCaseExecutor.java:337)
	at com.kms.katalon.core.main.TestCaseExecutor.doExecute(TestCaseExecutor.java:328)
	at com.kms.katalon.core.main.TestCaseExecutor.processExecutionPhase(TestCaseExecutor.java:307)
	at com.kms.katalon.core.main.TestCaseExecutor.accessMainPhase(TestCaseExecutor.java:299)
	at com.kms.katalon.core.main.TestCaseExecutor.execute(TestCaseExecutor.java:233)
	at com.kms.katalon.core.main.TestCaseMain.runTestCase(TestCaseMain.java:114)
	at com.kms.katalon.core.keyword.builtin.CallTestCaseKeyword$_callTestCase_closure1.doCall(CallTestCaseKeyword.groovy:59)
	at com.kms.katalon.core.keyword.builtin.CallTestCaseKeyword$_callTestCase_closure1.call(CallTestCaseKeyword.groovy)
	at com.kms.katalon.core.keyword.internal.KeywordMain.runKeyword(KeywordMain.groovy:68)
	at com.kms.katalon.core.keyword.builtin.CallTestCaseKeyword.callTestCase(CallTestCaseKeyword.groovy:81)
	at com.kms.katalon.core.keyword.builtin.CallTestCaseKeyword.execute(CallTestCaseKeyword.groovy:44)
	at com.kms.katalon.core.keyword.internal.KeywordExecutor.executeKeywordForPlatform(KeywordExecutor.groovy:60)
	at com.kms.katalon.core.keyword.BuiltinKeywords.callTestCase(BuiltinKeywords.groovy:334)
	at Callback_Requests.run(Callback_Requests:74)
	at com.kms.katalon.core.main.ScriptEngine.run(ScriptEngine.java:194)
	at com.kms.katalon.core.main.ScriptEngine.runScriptAsRawText(ScriptEngine.java:119)
	at com.kms.katalon.core.main.TestCaseExecutor.runScript(TestCaseExecutor.java:337)
	at com.kms.katalon.core.main.TestCaseExecutor.doExecute(TestCaseExecutor.java:328)
	at com.kms.katalon.core.main.TestCaseExecutor.processExecutionPhase(TestCaseExecutor.java:307)
	at com.kms.katalon.core.main.TestCaseExecutor.accessMainPhase(TestCaseExecutor.java:299)
	at com.kms.katalon.core.main.TestCaseExecutor.execute(TestCaseExecutor.java:233)
	at com.kms.katalon.core.main.TestSuiteExecutor.accessTestCaseMainPhase(TestSuiteExecutor.java:169)
	at com.kms.katalon.core.main.TestSuiteExecutor.accessTestSuiteMainPhase(TestSuiteExecutor.java:142)
	at com.kms.katalon.core.main.TestSuiteExecutor.execute(TestSuiteExecutor.java:91)
	at com.kms.katalon.core.main.TestCaseMain.startTestSuite(TestCaseMain.java:157)
	at com.kms.katalon.core.main.TestCaseMain$startTestSuite$0.call(Unknown Source)
	at TempTestSuite1573128069501.run(TempTestSuite1573128069501.groovy:36)
Caused by: com.kms.katalon.core.webui.exception.WebElementNotFoundException: Web element with id: 'Object Repository/Page_Members Area/Page_Members Area/select_Do not send_1' located by 'By.xpath: //*[@id = 'form-field-1' and @name = 'emailDDL' and (text() = 'Do not sendOtherCompany email address: jon.wood@checkatrade.comMr Daniel Davis: daniel.davis@edaxis.co.ukMr Testing Team: support@checkatrade.comMr Testing Team: support@checkatrade.comMr Alexander Nunn: alexander.nunn@checkatrade.comMr Alexander Nunn: alexander.nunn@checkatrade.comMr Alex McCallio: alex.mccallion@hotmail.co.ukMrs Sindhura Voona: christopher.byrom@blah.comMrs Sindhura Voona: christopher.byrom@blah.comMr Rehana Shadab: rehana.shedab@checkatrade.comMr Richard Audemars: richard.audemars@checkatrade.comMr Sian Taylor: sian.taylor@checkatrade.comMr Chantel Lineham: chantel.lineham@checkatrade.comMr Neil Hibbert: neil.hibbert@checkatrade.comMiss Eleanor Jordan: eleanor.jordan@checkatrade.comMr Ivan G-S: ivan.gutowski-smith@checkatrade.comMr Ciar Baharie: ciar.baharie@checkatrade.comMr Ryan B: ryan.butt@checkatrade.comMr Michael Eason: michael.eason@checkatrade.comMr Mike Fairman: mike.fairman@checkatrade.comMrs Becky Cheshire: becky.cheshire@checkatrade.comMr Colin Wisdom: colin.wisdom@checkatrade.comMr Simon Ip: simon.ip@checkatrade.comMr Chris Almond: chris.almond@standingongiants.comMr Mark Bagnall: mark.bagnall@checkatrade.comMr Jon Wood: jon.wood@checkatrade.comMr Linda Hardy: linda.hardy@checkatrade.comMr Dan Staples: dan.staples@checkatrade.comMr Charlotte Carter: charlotte.carter@checkatrade.comMr L P: l.p@checkatrade.comMr Ketih Reed: keith.reed@checkatrade.comMr Tom Amis: tom.amis@checkatrade.com' or . = 'Do not sendOtherCompany email address: jon.wood@checkatrade.comMr Daniel Davis: daniel.davis@edaxis.co.ukMr Testing Team: support@checkatrade.comMr Testing Team: support@checkatrade.comMr Alexander Nunn: alexander.nunn@checkatrade.comMr Alexander Nunn: alexander.nunn@checkatrade.comMr Alex McCallio: alex.mccallion@hotmail.co.ukMrs Sindhura Voona: christopher.byrom@blah.comMrs Sindhura Voona: christopher.byrom@blah.comMr Rehana Shadab: rehana.shedab@checkatrade.comMr Richard Audemars: richard.audemars@checkatrade.comMr Sian Taylor: sian.taylor@checkatrade.comMr Chantel Lineham: chantel.lineham@checkatrade.comMr Neil Hibbert: neil.hibbert@checkatrade.comMiss Eleanor Jordan: eleanor.jordan@checkatrade.comMr Ivan G-S: ivan.gutowski-smith@checkatrade.comMr Ciar Baharie: ciar.baharie@checkatrade.comMr Ryan B: ryan.butt@checkatrade.comMr Michael Eason: michael.eason@checkatrade.comMr Mike Fairman: mike.fairman@checkatrade.comMrs Becky Cheshire: becky.cheshire@checkatrade.comMr Colin Wisdom: colin.wisdom@checkatrade.comMr Simon Ip: simon.ip@checkatrade.comMr Chris Almond: chris.almond@standingongiants.comMr Mark Bagnall: mark.bagnall@checkatrade.comMr Jon Wood: jon.wood@checkatrade.comMr Linda Hardy: linda.hardy@checkatrade.comMr Dan Staples: dan.staples@checkatrade.comMr Charlotte Carter: charlotte.carter@checkatrade.comMr L P: l.p@checkatrade.comMr Ketih Reed: keith.reed@checkatrade.comMr Tom Amis: tom.amis@checkatrade.com')]' not found
	at com.kms.katalon.core.webui.common.WebUiCommonHelper.findWebElement(WebUiCommonHelper.java:1113)
	at com.kms.katalon.core.webui.keyword.internal.WebUIAbstractKeyword.findWebElement(WebUIAbstractKeyword.groovy:27)
	at com.kms.katalon.core.webui.keyword.internal.WebUIAbstractKeyword.findWebElement(WebUIAbstractKeyword.groovy:26)
	at com.kms.katalon.core.webui.keyword.builtin.SelectOptionByValueKeyword$_selectOptionByValue_closure1.doCall(SelectOptionByValueKeyword.groovy:86)
	at com.kms.katalon.core.webui.keyword.builtin.SelectOptionByValueKeyword$_selectOptionByValue_closure1.call(SelectOptionByValueKeyword.groovy)
	at com.kms.katalon.core.webui.keyword.internal.WebUIKeywordMain.runKeyword(WebUIKeywordMain.groovy:20)
	at com.kms.katalon.core.webui.keyword.builtin.SelectOptionByValueKeyword.selectOptionByValue(SelectOptionByValueKeyword.groovy:99)
	at com.kms.katalon.core.webui.keyword.builtin.SelectOptionByValueKeyword.execute(SelectOptionByValueKeyword.groovy:71)
	at com.kms.katalon.core.keyword.internal.KeywordExecutor.executeKeywordForPlatform(KeywordExecutor.groovy:60)
	at com.kms.katalon.core.webui.keyword.WebUiBuiltInKeywords.selectOptionByValue(WebUiBuiltInKeywords.groovy:1138)
	at com.kms.katalon.core.webui.keyword.WebUiBuiltInKeywords$selectOptionByValue$7.call(Unknown Source)
	at Script1570028599978.run(Script1570028599978.groovy:109)
	at com.kms.katalon.core.main.ScriptEngine.run(ScriptEngine.java:194)
	at com.kms.katalon.core.main.ScriptEngine.runScriptAsRawText(ScriptEngine.java:119)
	at com.kms.katalon.core.main.TestCaseExecutor.runScript(TestCaseExecutor.java:337)
	at com.kms.katalon.core.main.TestCaseExecutor.doExecute(TestCaseExecutor.java:328)
	at com.kms.katalon.core.main.TestCaseExecutor.processExecutionPhase(TestCaseExecutor.java:307)
	at com.kms.katalon.core.main.TestCaseExecutor.accessMainPhase(TestCaseExecutor.java:299)
	at com.kms.katalon.core.main.TestCaseExecutor.execute(TestCaseExecutor.java:233)
	at com.kms.katalon.core.main.TestCaseMain.runTestCase(TestCaseMain.java:114)
	at com.kms.katalon.core.keyword.builtin.CallTestCaseKeyword$_callTestCase_closure1.doCall(CallTestCaseKeyword.groovy:59)
	at com.kms.katalon.core.keyword.builtin.CallTestCaseKeyword$_callTestCase_closure1.call(CallTestCaseKeyword.groovy)
	at com.kms.katalon.core.keyword.internal.KeywordMain.runKeyword(KeywordMain.groovy:68)
	at com.kms.katalon.core.keyword.builtin.CallTestCaseKeyword.callTestCase(CallTestCaseKeyword.groovy:81)
	at com.kms.katalon.core.keyword.builtin.CallTestCaseKeyword.execute(CallTestCaseKeyword.groovy:44)
	at com.kms.katalon.core.keyword.internal.KeywordExecutor.executeKeywordForPlatform(KeywordExecutor.groovy:60)
	at com.kms.katalon.core.keyword.BuiltinKeywords.callTestCase(BuiltinKeywords.groovy:334)
	at Script1569933857280.run(Script1569933857280.groovy:74)
	... 13 more
)
	at com.kms.katalon.core.keyword.internal.KeywordMain.stepFailed(KeywordMain.groovy:39)
	at com.kms.katalon.core.webui.keyword.internal.WebUIKeywordMain.stepFailed(WebUIKeywordMain.groovy:64)
	at com.kms.katalon.core.webui.keyword.internal.WebUIKeywordMain.runKeyword(WebUIKeywordMain.groovy:26)
	at com.kms.katalon.core.webui.keyword.builtin.SelectOptionByValueKeyword.selectOptionByValue(SelectOptionByValueKeyword.groovy:99)
	at com.kms.katalon.core.webui.keyword.builtin.SelectOptionByValueKeyword.execute(SelectOptionByValueKeyword.groovy:71)
	at com.kms.katalon.core.keyword.internal.KeywordExecutor.executeKeywordForPlatform(KeywordExecutor.groovy:60)
	at com.kms.katalon.core.webui.keyword.WebUiBuiltInKeywords.selectOptionByValue(WebUiBuiltInKeywords.groovy:1138)
	at com.kms.katalon.core.webui.keyword.WebUiBuiltInKeywords$selectOptionByValue$7.call(Unknown Source)
	at Callback_Request_Settings.run(Callback_Request_Settings:109)
	at com.kms.katalon.core.main.ScriptEngine.run(ScriptEngine.java:194)
	at com.kms.katalon.core.main.ScriptEngine.runScriptAsRawText(ScriptEngine.java:119)
	at com.kms.katalon.core.main.TestCaseExecutor.runScript(TestCaseExecutor.java:337)
	at com.kms.katalon.core.main.TestCaseExecutor.doExecute(TestCaseExecutor.java:328)
	at com.kms.katalon.core.main.TestCaseExecutor.processExecutionPhase(TestCaseExecutor.java:307)
	at com.kms.katalon.core.main.TestCaseExecutor.accessMainPhase(TestCaseExecutor.java:299)
	at com.kms.katalon.core.main.TestCaseExecutor.execute(TestCaseExecutor.java:233)
	at com.kms.katalon.core.main.TestCaseMain.runTestCase(TestCaseMain.java:114)
	at com.kms.katalon.core.keyword.builtin.CallTestCaseKeyword$_callTestCase_closure1.doCall(CallTestCaseKeyword.groovy:59)
	... 20 more
Caused by: com.kms.katalon.core.exception.StepFailedException: Unable to select option by value '3: Object' of object 'Object Repository/Page_Members Area/Page_Members Area/select_Do not send_1'  using regular expression
	... 37 more
Caused by: com.kms.katalon.core.webui.exception.WebElementNotFoundException: Web element with id: 'Object Repository/Page_Members Area/Page_Members Area/select_Do not send_1' located by 'By.xpath: //*[@id = 'form-field-1' and @name = 'emailDDL' and (text() = 'Do not sendOtherCompany email address: jon.wood@checkatrade.comMr Daniel Davis: daniel.davis@edaxis.co.ukMr Testing Team: support@checkatrade.comMr Testing Team: support@checkatrade.comMr Alexander Nunn: alexander.nunn@checkatrade.comMr Alexander Nunn: alexander.nunn@checkatrade.comMr Alex McCallio: alex.mccallion@hotmail.co.ukMrs Sindhura Voona: christopher.byrom@blah.comMrs Sindhura Voona: christopher.byrom@blah.comMr Rehana Shadab: rehana.shedab@checkatrade.comMr Richard Audemars: richard.audemars@checkatrade.comMr Sian Taylor: sian.taylor@checkatrade.comMr Chantel Lineham: chantel.lineham@checkatrade.comMr Neil Hibbert: neil.hibbert@checkatrade.comMiss Eleanor Jordan: eleanor.jordan@checkatrade.comMr Ivan G-S: ivan.gutowski-smith@checkatrade.comMr Ciar Baharie: ciar.baharie@checkatrade.comMr Ryan B: ryan.butt@checkatrade.comMr Michael Eason: michael.eason@checkatrade.comMr Mike Fairman: mike.fairman@checkatrade.comMrs Becky Cheshire: becky.cheshire@checkatrade.comMr Colin Wisdom: colin.wisdom@checkatrade.comMr Simon Ip: simon.ip@checkatrade.comMr Chris Almond: chris.almond@standingongiants.comMr Mark Bagnall: mark.bagnall@checkatrade.comMr Jon Wood: jon.wood@checkatrade.comMr Linda Hardy: linda.hardy@checkatrade.comMr Dan Staples: dan.staples@checkatrade.comMr Charlotte Carter: charlotte.carter@checkatrade.comMr L P: l.p@checkatrade.comMr Ketih Reed: keith.reed@checkatrade.comMr Tom Amis: tom.amis@checkatrade.com' or . = 'Do not sendOtherCompany email address: jon.wood@checkatrade.comMr Daniel Davis: daniel.davis@edaxis.co.ukMr Testing Team: support@checkatrade.comMr Testing Team: support@checkatrade.comMr Alexander Nunn: alexander.nunn@checkatrade.comMr Alexander Nunn: alexander.nunn@checkatrade.comMr Alex McCallio: alex.mccallion@hotmail.co.ukMrs Sindhura Voona: christopher.byrom@blah.comMrs Sindhura Voona: christopher.byrom@blah.comMr Rehana Shadab: rehana.shedab@checkatrade.comMr Richard Audemars: richard.audemars@checkatrade.comMr Sian Taylor: sian.taylor@checkatrade.comMr Chantel Lineham: chantel.lineham@checkatrade.comMr Neil Hibbert: neil.hibbert@checkatrade.comMiss Eleanor Jordan: eleanor.jordan@checkatrade.comMr Ivan G-S: ivan.gutowski-smith@checkatrade.comMr Ciar Baharie: ciar.baharie@checkatrade.comMr Ryan B: ryan.butt@checkatrade.comMr Michael Eason: michael.eason@checkatrade.comMr Mike Fairman: mike.fairman@checkatrade.comMrs Becky Cheshire: becky.cheshire@checkatrade.comMr Colin Wisdom: colin.wisdom@checkatrade.comMr Simon Ip: simon.ip@checkatrade.comMr Chris Almond: chris.almond@standingongiants.comMr Mark Bagnall: mark.bagnall@checkatrade.comMr Jon Wood: jon.wood@checkatrade.comMr Linda Hardy: linda.hardy@checkatrade.comMr Dan Staples: dan.staples@checkatrade.comMr Charlotte Carter: charlotte.carter@checkatrade.comMr L P: l.p@checkatrade.comMr Ketih Reed: keith.reed@checkatrade.comMr Tom Amis: tom.amis@checkatrade.com')]' not found
	at com.kms.katalon.core.webui.common.WebUiCommonHelper.findWebElement(WebUiCommonHelper.java:1113)
	at com.kms.katalon.core.webui.keyword.internal.WebUIAbstractKeyword.findWebElement(WebUIAbstractKeyword.groovy:27)
	at com.kms.katalon.core.webui.keyword.internal.WebUIAbstractKeyword.findWebElement(WebUIAbstractKeyword.groovy:26)
	at com.kms.katalon.core.webui.keyword.builtin.SelectOptionByValueKeyword$_selectOptionByValue_closure1.doCall(SelectOptionByValueKeyword.groovy:86)
	at com.kms.katalon.core.webui.keyword.builtin.SelectOptionByValueKeyword$_selectOptionByValue_closure1.call(SelectOptionByValueKeyword.groovy)
	at com.kms.katalon.core.webui.keyword.internal.WebUIKeywordMain.runKeyword(WebUIKeywordMain.groovy:20)
	... 35 more
)
	at com.kms.katalon.core.keyword.internal.KeywordMain.stepFailed(KeywordMain.groovy:39)
	at com.kms.katalon.core.keyword.internal.KeywordMain.stepFailed(KeywordMain.groovy)
	at com.kms.katalon.core.keyword.internal.KeywordMain.runKeyword(KeywordMain.groovy:70)
	at com.kms.katalon.core.keyword.builtin.CallTestCaseKeyword.callTestCase(CallTestCaseKeyword.groovy:81)
	at com.kms.katalon.core.keyword.builtin.CallTestCaseKeyword.execute(CallTestCaseKeyword.groovy:44)
	at com.kms.katalon.core.keyword.internal.KeywordExecutor.executeKeywordForPlatform(KeywordExecutor.groovy:60)
	at com.kms.katalon.core.keyword.BuiltinKeywords.callTestCase(BuiltinKeywords.groovy:334)
	at Callback_Requests.run(Callback_Requests:74)
	at com.kms.katalon.core.main.ScriptEngine.run(ScriptEngine.java:194)
	at com.kms.katalon.core.main.ScriptEngine.runScriptAsRawText(ScriptEngine.java:119)
	at com.kms.katalon.core.main.TestCaseExecutor.runScript(TestCaseExecutor.java:337)
	at com.kms.katalon.core.main.TestCaseExecutor.doExecute(TestCaseExecutor.java:328)
	at com.kms.katalon.core.main.TestCaseExecutor.processExecutionPhase(TestCaseExecutor.java:307)
	at com.kms.katalon.core.main.TestCaseExecutor.accessMainPhase(TestCaseExecutor.java:299)
	at com.kms.katalon.core.main.TestCaseExecutor.execute(TestCaseExecutor.java:233)
	at com.kms.katalon.core.main.TestSuiteExecutor.accessTestCaseMainPhase(TestSuiteExecutor.java:169)
	at com.kms.katalon.core.main.TestSuiteExecutor.accessTestSuiteMainPhase(TestSuiteExecutor.java:142)
	at com.kms.katalon.core.main.TestSuiteExecutor.execute(TestSuiteExecutor.java:91)
	at com.kms.katalon.core.main.TestCaseMain.startTestSuite(TestCaseMain.java:157)
	at com.kms.katalon.core.main.TestCaseMain$startTestSuite$0.call(Unknown Source)
	at TempTestSuite1573128069501.run(TempTestSuite1573128069501.groovy:36)
Caused by: com.kms.katalon.core.exception.StepFailedException: Call Test Case 'Test Cases/Reusable_Test_Sequences/Members_Area/Validation/Callback_Requests_Sub/Callback_Request_Settings' failed
	at com.kms.katalon.core.keyword.builtin.CallTestCaseKeyword$_callTestCase_closure1.doCall(CallTestCaseKeyword.groovy:63)
	at com.kms.katalon.core.keyword.builtin.CallTestCaseKeyword$_callTestCase_closure1.call(CallTestCaseKeyword.groovy)
	at com.kms.katalon.core.keyword.internal.KeywordMain.runKeyword(KeywordMain.groovy:68)
	... 18 more
Caused by: com.kms.katalon.core.exception.StepFailedException: Unable to select option by value '3: Object' of object 'Object Repository/Page_Members Area/Page_Members Area/select_Do not send_1'  using regular expression (Root cause: com.kms.katalon.core.exception.StepFailedException: Unable to select option by value '3: Object' of object 'Object Repository/Page_Members Area/Page_Members Area/select_Do not send_1'  using regular expression
	at com.kms.katalon.core.webui.keyword.internal.WebUIKeywordMain.stepFailed(WebUIKeywordMain.groovy:64)
	at com.kms.katalon.core.webui.keyword.internal.WebUIKeywordMain.runKeyword(WebUIKeywordMain.groovy:26)
	at com.kms.katalon.core.webui.keyword.builtin.SelectOptionByValueKeyword.selectOptionByValue(SelectOptionByValueKeyword.groovy:99)
	at com.kms.katalon.core.webui.keyword.builtin.SelectOptionByValueKeyword.execute(SelectOptionByValueKeyword.groovy:71)
	at com.kms.katalon.core.keyword.internal.KeywordExecutor.executeKeywordForPlatform(KeywordExecutor.groovy:60)
	at com.kms.katalon.core.webui.keyword.WebUiBuiltInKeywords.selectOptionByValue(WebUiBuiltInKeywords.groovy:1138)
	at com.kms.katalon.core.webui.keyword.WebUiBuiltInKeywords$selectOptionByValue$7.call(Unknown Source)
	at Callback_Request_Settings.run(Callback_Request_Settings:109)
	at com.kms.katalon.core.main.ScriptEngine.run(ScriptEngine.java:194)
	at com.kms.katalon.core.main.ScriptEngine.runScriptAsRawText(ScriptEngine.java:119)
	at com.kms.katalon.core.main.TestCaseExecutor.runScript(TestCaseExecutor.java:337)
	at com.kms.katalon.core.main.TestCaseExecutor.doExecute(TestCaseExecutor.java:328)
	at com.kms.katalon.core.main.TestCaseExecutor.processExecutionPhase(TestCaseExecutor.java:307)
	at com.kms.katalon.core.main.TestCaseExecutor.accessMainPhase(TestCaseExecutor.java:299)
	at com.kms.katalon.core.main.TestCaseExecutor.execute(TestCaseExecutor.java:233)
	at com.kms.katalon.core.main.TestCaseMain.runTestCase(TestCaseMain.java:114)
	at com.kms.katalon.core.keyword.builtin.CallTestCaseKeyword$_callTestCase_closure1.doCall(CallTestCaseKeyword.groovy:59)
	at com.kms.katalon.core.keyword.builtin.CallTestCaseKeyword$_callTestCase_closure1.call(CallTestCaseKeyword.groovy)
	at com.kms.katalon.core.keyword.internal.KeywordMain.runKeyword(KeywordMain.groovy:68)
	at com.kms.katalon.core.keyword.builtin.CallTestCaseKeyword.callTestCase(CallTestCaseKeyword.groovy:81)
	at com.kms.katalon.core.keyword.builtin.CallTestCaseKeyword.execute(CallTestCaseKeyword.groovy:44)
	at com.kms.katalon.core.keyword.internal.KeywordExecutor.executeKeywordForPlatform(KeywordExecutor.groovy:60)
	at com.kms.katalon.core.keyword.BuiltinKeywords.callTestCase(BuiltinKeywords.groovy:334)
	at Callback_Requests.run(Callback_Requests:74)
	at com.kms.katalon.core.main.ScriptEngine.run(ScriptEngine.java:194)
	at com.kms.katalon.core.main.ScriptEngine.runScriptAsRawText(ScriptEngine.java:119)
	at com.kms.katalon.core.main.TestCaseExecutor.runScript(TestCaseExecutor.java:337)
	at com.kms.katalon.core.main.TestCaseExecutor.doExecute(TestCaseExecutor.java:328)
	at com.kms.katalon.core.main.TestCaseExecutor.processExecutionPhase(TestCaseExecutor.java:307)
	at com.kms.katalon.core.main.TestCaseExecutor.accessMainPhase(TestCaseExecutor.java:299)
	at com.kms.katalon.core.main.TestCaseExecutor.execute(TestCaseExecutor.java:233)
	at com.kms.katalon.core.main.TestSuiteExecutor.accessTestCaseMainPhase(TestSuiteExecutor.java:169)
	at com.kms.katalon.core.main.TestSuiteExecutor.accessTestSuiteMainPhase(TestSuiteExecutor.java:142)
	at com.kms.katalon.core.main.TestSuiteExecutor.execute(TestSuiteExecutor.java:91)
	at com.kms.katalon.core.main.TestCaseMain.startTestSuite(TestCaseMain.java:157)
	at com.kms.katalon.core.main.TestCaseMain$startTestSuite$0.call(Unknown Source)
	at TempTestSuite1573128069501.run(TempTestSuite1573128069501.groovy:36)
Caused by: com.kms.katalon.core.webui.exception.WebElementNotFoundException: Web element with id: 'Object Repository/Page_Members Area/Page_Members Area/select_Do not send_1' located by 'By.xpath: //*[@id = 'form-field-1' and @name = 'emailDDL' and (text() = 'Do not sendOtherCompany email address: jon.wood@checkatrade.comMr Daniel Davis: daniel.davis@edaxis.co.ukMr Testing Team: support@checkatrade.comMr Testing Team: support@checkatrade.comMr Alexander Nunn: alexander.nunn@checkatrade.comMr Alexander Nunn: alexander.nunn@checkatrade.comMr Alex McCallio: alex.mccallion@hotmail.co.ukMrs Sindhura Voona: christopher.byrom@blah.comMrs Sindhura Voona: christopher.byrom@blah.comMr Rehana Shadab: rehana.shedab@checkatrade.comMr Richard Audemars: richard.audemars@checkatrade.comMr Sian Taylor: sian.taylor@checkatrade.comMr Chantel Lineham: chantel.lineham@checkatrade.comMr Neil Hibbert: neil.hibbert@checkatrade.comMiss Eleanor Jordan: eleanor.jordan@checkatrade.comMr Ivan G-S: ivan.gutowski-smith@checkatrade.comMr Ciar Baharie: ciar.baharie@checkatrade.comMr Ryan B: ryan.butt@checkatrade.comMr Michael Eason: michael.eason@checkatrade.comMr Mike Fairman: mike.fairman@checkatrade.comMrs Becky Cheshire: becky.cheshire@checkatrade.comMr Colin Wisdom: colin.wisdom@checkatrade.comMr Simon Ip: simon.ip@checkatrade.comMr Chris Almond: chris.almond@standingongiants.comMr Mark Bagnall: mark.bagnall@checkatrade.comMr Jon Wood: jon.wood@checkatrade.comMr Linda Hardy: linda.hardy@checkatrade.comMr Dan Staples: dan.staples@checkatrade.comMr Charlotte Carter: charlotte.carter@checkatrade.comMr L P: l.p@checkatrade.comMr Ketih Reed: keith.reed@checkatrade.comMr Tom Amis: tom.amis@checkatrade.com' or . = 'Do not sendOtherCompany email address: jon.wood@checkatrade.comMr Daniel Davis: daniel.davis@edaxis.co.ukMr Testing Team: support@checkatrade.comMr Testing Team: support@checkatrade.comMr Alexander Nunn: alexander.nunn@checkatrade.comMr Alexander Nunn: alexander.nunn@checkatrade.comMr Alex McCallio: alex.mccallion@hotmail.co.ukMrs Sindhura Voona: christopher.byrom@blah.comMrs Sindhura Voona: christopher.byrom@blah.comMr Rehana Shadab: rehana.shedab@checkatrade.comMr Richard Audemars: richard.audemars@checkatrade.comMr Sian Taylor: sian.taylor@checkatrade.comMr Chantel Lineham: chantel.lineham@checkatrade.comMr Neil Hibbert: neil.hibbert@checkatrade.comMiss Eleanor Jordan: eleanor.jordan@checkatrade.comMr Ivan G-S: ivan.gutowski-smith@checkatrade.comMr Ciar Baharie: ciar.baharie@checkatrade.comMr Ryan B: ryan.butt@checkatrade.comMr Michael Eason: michael.eason@checkatrade.comMr Mike Fairman: mike.fairman@checkatrade.comMrs Becky Cheshire: becky.cheshire@checkatrade.comMr Colin Wisdom: colin.wisdom@checkatrade.comMr Simon Ip: simon.ip@checkatrade.comMr Chris Almond: chris.almond@standingongiants.comMr Mark Bagnall: mark.bagnall@checkatrade.comMr Jon Wood: jon.wood@checkatrade.comMr Linda Hardy: linda.hardy@checkatrade.comMr Dan Staples: dan.staples@checkatrade.comMr Charlotte Carter: charlotte.carter@checkatrade.comMr L P: l.p@checkatrade.comMr Ketih Reed: keith.reed@checkatrade.comMr Tom Amis: tom.amis@checkatrade.com')]' not found
	at com.kms.katalon.core.webui.common.WebUiCommonHelper.findWebElement(WebUiCommonHelper.java:1113)
	at com.kms.katalon.core.webui.keyword.internal.WebUIAbstractKeyword.findWebElement(WebUIAbstractKeyword.groovy:27)
	at com.kms.katalon.core.webui.keyword.internal.WebUIAbstractKeyword.findWebElement(WebUIAbstractKeyword.groovy:26)
	at com.kms.katalon.core.webui.keyword.builtin.SelectOptionByValueKeyword$_selectOptionByValue_closure1.doCall(SelectOptionByValueKeyword.groovy:86)
	at com.kms.katalon.core.webui.keyword.builtin.SelectOptionByValueKeyword$_selectOptionByValue_closure1.call(SelectOptionByValueKeyword.groovy)
	at com.kms.katalon.core.webui.keyword.internal.WebUIKeywordMain.runKeyword(WebUIKeywordMain.groovy:20)
	at com.kms.katalon.core.webui.keyword.builtin.SelectOptionByValueKeyword.selectOptionByValue(SelectOptionByValueKeyword.groovy:99)
	at com.kms.katalon.core.webui.keyword.builtin.SelectOptionByValueKeyword.execute(SelectOptionByValueKeyword.groovy:71)
	at com.kms.katalon.core.keyword.internal.KeywordExecutor.executeKeywordForPlatform(KeywordExecutor.groovy:60)
	at com.kms.katalon.core.webui.keyword.WebUiBuiltInKeywords.selectOptionByValue(WebUiBuiltInKeywords.groovy:1138)
	at com.kms.katalon.core.webui.keyword.WebUiBuiltInKeywords$selectOptionByValue$7.call(Unknown Source)
	at Script1570028599978.run(Script1570028599978.groovy:109)
	at com.kms.katalon.core.main.ScriptEngine.run(ScriptEngine.java:194)
	at com.kms.katalon.core.main.ScriptEngine.runScriptAsRawText(ScriptEngine.java:119)
	at com.kms.katalon.core.main.TestCaseExecutor.runScript(TestCaseExecutor.java:337)
	at com.kms.katalon.core.main.TestCaseExecutor.doExecute(TestCaseExecutor.java:328)
	at com.kms.katalon.core.main.TestCaseExecutor.processExecutionPhase(TestCaseExecutor.java:307)
	at com.kms.katalon.core.main.TestCaseExecutor.accessMainPhase(TestCaseExecutor.java:299)
	at com.kms.katalon.core.main.TestCaseExecutor.execute(TestCaseExecutor.java:233)
	at com.kms.katalon.core.main.TestCaseMain.runTestCase(TestCaseMain.java:114)
	at com.kms.katalon.core.keyword.builtin.CallTestCaseKeyword$_callTestCase_closure1.doCall(CallTestCaseKeyword.groovy:59)
	at com.kms.katalon.core.keyword.builtin.CallTestCaseKeyword$_callTestCase_closure1.call(CallTestCaseKeyword.groovy)
	at com.kms.katalon.core.keyword.internal.KeywordMain.runKeyword(KeywordMain.groovy:68)
	at com.kms.katalon.core.keyword.builtin.CallTestCaseKeyword.callTestCase(CallTestCaseKeyword.groovy:81)
	at com.kms.katalon.core.keyword.builtin.CallTestCaseKeyword.execute(CallTestCaseKeyword.groovy:44)
	at com.kms.katalon.core.keyword.internal.KeywordExecutor.executeKeywordForPlatform(KeywordExecutor.groovy:60)
	at com.kms.katalon.core.keyword.BuiltinKeywords.callTestCase(BuiltinKeywords.groovy:334)
	at Script1569933857280.run(Script1569933857280.groovy:74)
	... 13 more
)
	at com.kms.katalon.core.keyword.internal.KeywordMain.stepFailed(KeywordMain.groovy:39)
	at com.kms.katalon.core.webui.keyword.internal.WebUIKeywordMain.stepFailed(WebUIKeywordMain.groovy:64)
	at com.kms.katalon.core.webui.keyword.internal.WebUIKeywordMain.runKeyword(WebUIKeywordMain.groovy:26)
	at com.kms.katalon.core.webui.keyword.builtin.SelectOptionByValueKeyword.selectOptionByValue(SelectOptionByValueKeyword.groovy:99)
	at com.kms.katalon.core.webui.keyword.builtin.SelectOptionByValueKeyword.execute(SelectOptionByValueKeyword.groovy:71)
	at com.kms.katalon.core.keyword.internal.KeywordExecutor.executeKeywordForPlatform(KeywordExecutor.groovy:60)
	at com.kms.katalon.core.webui.keyword.WebUiBuiltInKeywords.selectOptionByValue(WebUiBuiltInKeywords.groovy:1138)
	at com.kms.katalon.core.webui.keyword.WebUiBuiltInKeywords$selectOptionByValue$7.call(Unknown Source)
	at Callback_Request_Settings.run(Callback_Request_Settings:109)
	at com.kms.katalon.core.main.ScriptEngine.run(ScriptEngine.java:194)
	at com.kms.katalon.core.main.ScriptEngine.runScriptAsRawText(ScriptEngine.java:119)
	at com.kms.katalon.core.main.TestCaseExecutor.runScript(TestCaseExecutor.java:337)
	at com.kms.katalon.core.main.TestCaseExecutor.doExecute(TestCaseExecutor.java:328)
	at com.kms.katalon.core.main.TestCaseExecutor.processExecutionPhase(TestCaseExecutor.java:307)
	at com.kms.katalon.core.main.TestCaseExecutor.accessMainPhase(TestCaseExecutor.java:299)
	at com.kms.katalon.core.main.TestCaseExecutor.execute(TestCaseExecutor.java:233)
	at com.kms.katalon.core.main.TestCaseMain.runTestCase(TestCaseMain.java:114)
	at com.kms.katalon.core.keyword.builtin.CallTestCaseKeyword$_callTestCase_closure1.doCall(CallTestCaseKeyword.groovy:59)
	... 20 more
Caused by: com.kms.katalon.core.exception.StepFailedException: Unable to select option by value '3: Object' of object 'Object Repository/Page_Members Area/Page_Members Area/select_Do not send_1'  using regular expression
	... 37 more
Caused by: com.kms.katalon.core.webui.exception.WebElementNotFoundException: Web element with id: 'Object Repository/Page_Members Area/Page_Members Area/select_Do not send_1' located by 'By.xpath: //*[@id = 'form-field-1' and @name = 'emailDDL' and (text() = 'Do not sendOtherCompany email address: jon.wood@checkatrade.comMr Daniel Davis: daniel.davis@edaxis.co.ukMr Testing Team: support@checkatrade.comMr Testing Team: support@checkatrade.comMr Alexander Nunn: alexander.nunn@checkatrade.comMr Alexander Nunn: alexander.nunn@checkatrade.comMr Alex McCallio: alex.mccallion@hotmail.co.ukMrs Sindhura Voona: christopher.byrom@blah.comMrs Sindhura Voona: christopher.byrom@blah.comMr Rehana Shadab: rehana.shedab@checkatrade.comMr Richard Audemars: richard.audemars@checkatrade.comMr Sian Taylor: sian.taylor@checkatrade.comMr Chantel Lineham: chantel.lineham@checkatrade.comMr Neil Hibbert: neil.hibbert@checkatrade.comMiss Eleanor Jordan: eleanor.jordan@checkatrade.comMr Ivan G-S: ivan.gutowski-smith@checkatrade.comMr Ciar Baharie: ciar.baharie@checkatrade.comMr Ryan B: ryan.butt@checkatrade.comMr Michael Eason: michael.eason@checkatrade.comMr Mike Fairman: mike.fairman@checkatrade.comMrs Becky Cheshire: becky.cheshire@checkatrade.comMr Colin Wisdom: colin.wisdom@checkatrade.comMr Simon Ip: simon.ip@checkatrade.comMr Chris Almond: chris.almond@standingongiants.comMr Mark Bagnall: mark.bagnall@checkatrade.comMr Jon Wood: jon.wood@checkatrade.comMr Linda Hardy: linda.hardy@checkatrade.comMr Dan Staples: dan.staples@checkatrade.comMr Charlotte Carter: charlotte.carter@checkatrade.comMr L P: l.p@checkatrade.comMr Ketih Reed: keith.reed@checkatrade.comMr Tom Amis: tom.amis@checkatrade.com' or . = 'Do not sendOtherCompany email address: jon.wood@checkatrade.comMr Daniel Davis: daniel.davis@edaxis.co.ukMr Testing Team: support@checkatrade.comMr Testing Team: support@checkatrade.comMr Alexander Nunn: alexander.nunn@checkatrade.comMr Alexander Nunn: alexander.nunn@checkatrade.comMr Alex McCallio: alex.mccallion@hotmail.co.ukMrs Sindhura Voona: christopher.byrom@blah.comMrs Sindhura Voona: christopher.byrom@blah.comMr Rehana Shadab: rehana.shedab@checkatrade.comMr Richard Audemars: richard.audemars@checkatrade.comMr Sian Taylor: sian.taylor@checkatrade.comMr Chantel Lineham: chantel.lineham@checkatrade.comMr Neil Hibbert: neil.hibbert@checkatrade.comMiss Eleanor Jordan: eleanor.jordan@checkatrade.comMr Ivan G-S: ivan.gutowski-smith@checkatrade.comMr Ciar Baharie: ciar.baharie@checkatrade.comMr Ryan B: ryan.butt@checkatrade.comMr Michael Eason: michael.eason@checkatrade.comMr Mike Fairman: mike.fairman@checkatrade.comMrs Becky Cheshire: becky.cheshire@checkatrade.comMr Colin Wisdom: colin.wisdom@checkatrade.comMr Simon Ip: simon.ip@checkatrade.comMr Chris Almond: chris.almond@standingongiants.comMr Mark Bagnall: mark.bagnall@checkatrade.comMr Jon Wood: jon.wood@checkatrade.comMr Linda Hardy: linda.hardy@checkatrade.comMr Dan Staples: dan.staples@checkatrade.comMr Charlotte Carter: charlotte.carter@checkatrade.comMr L P: l.p@checkatrade.comMr Ketih Reed: keith.reed@checkatrade.comMr Tom Amis: tom.amis@checkatrade.com')]' not found
	at com.kms.katalon.core.webui.common.WebUiCommonHelper.findWebElement(WebUiCommonHelper.java:1113)
	at com.kms.katalon.core.webui.keyword.internal.WebUIAbstractKeyword.findWebElement(WebUIAbstractKeyword.groovy:27)
	at com.kms.katalon.core.webui.keyword.internal.WebUIAbstractKeyword.findWebElement(WebUIAbstractKeyword.groovy:26)
	at com.kms.katalon.core.webui.keyword.builtin.SelectOptionByValueKeyword$_selectOptionByValue_closure1.doCall(SelectOptionByValueKeyword.groovy:86)
	at com.kms.katalon.core.webui.keyword.builtin.SelectOptionByValueKeyword$_selectOptionByValue_closure1.call(SelectOptionByValueKeyword.groovy)
	at com.kms.katalon.core.webui.keyword.internal.WebUIKeywordMain.runKeyword(WebUIKeywordMain.groovy:20)
	... 35 more


2019-11-07 12:01:32 - [TEST_STEP][PASSED] - PAGE = "//work-alert": null

2019-11-07 12:01:33 - [TEST_STEP][FAILED] - for ([row = 1, row <= findTestData("Members_Test_Data").getRowNumbers(), (internal.GlobalVariable.row++)]): null

2019-11-07 12:01:33 - [TEST_STEP][PASSED] - callTestCase(findTestCase("Reusable_Test_Sequences/Members_Area/Start_Up"), [:], OPTIONAL): Call Test Case 'Test Cases/Reusable_Test_Sequences/Members_Area/Start_Up' successfully

2019-11-07 12:01:34 - [TEST_CASE][PASSED] - Test Cases/Reusable_Test_Sequences/Members_Area/Start_Up: Test Cases/Reusable_Test_Sequences/Members_Area/Start_Up

2019-11-07 12:01:34 - [TEST_STEP][PASSED] - data = findTestData("Members_Test_Data"): null

2019-11-07 12:01:34 - [TEST_STEP][PASSED] - Header_Text = "": null

2019-11-07 12:01:34 - [TEST_STEP][PASSED] - Forgotten_Password = "": null

2019-11-07 12:01:34 - [TEST_STEP][PASSED] - Forgotten_Username = "": null

2019-11-07 12:01:34 - [TEST_STEP][PASSED] - Trouble_Logging_In = "": null

2019-11-07 12:01:34 - [TEST_STEP][PASSED] - "----------------------------------------------------": null

2019-11-07 12:01:34 - [TEST_STEP][PASSED] - FUNCTION_AREA = "Members_Area": null

2019-11-07 12:01:34 - [TEST_STEP][PASSED] - callTestCase(findTestCase("Reusable_Test_Sequences/URL_Handler"), [:], CONTINUE_ON_FAILURE): Call Test Case 'Test Cases/Reusable_Test_Sequences/URL_Handler' successfully

2019-11-07 12:01:34 - [TEST_CASE][PASSED] - Test Cases/Reusable_Test_Sequences/URL_Handler: Test Cases/Reusable_Test_Sequences/URL_Handler

2019-11-07 12:01:34 - [TEST_STEP][PASSED] - "      CURRENT DEV (MASTER) Environment": null

2019-11-07 12:01:34 - [TEST_STEP][PASSED] - "      Dev Test Environment": null

2019-11-07 12:01:34 - [TEST_STEP][PASSED] - "      Next Dev Environment": null

2019-11-07 12:01:34 - [TEST_STEP][PASSED] - "      Preview Environment": null

2019-11-07 12:01:34 - [TEST_STEP][PASSED] - "      Live": null

2019-11-07 12:01:34 - [TEST_STEP][PASSED] - "######################################################################################################################################################": null

2019-11-07 12:01:34 - [TEST_STEP][PASSED] - "#  OF COURSE, FOR THIS TO WORK THE TEST CREDENTIALS SHOULD BE AVAILABLE ACROSS ALL ENVIRONMENTS - Username = check1234 - & - Password = testing123   #": null

2019-11-07 12:01:34 - [TEST_STEP][PASSED] - switch (URL): null

2019-11-07 12:01:34 - [TEST_STEP][PASSED] - case .*www.preview.checkatrade.*:: null

2019-11-07 12:01:34 - [TEST_STEP][PASSED] - URL = "https://preview-ma.checkatrade.com/login?return=%2Fdashboard": null

2019-11-07 12:01:34 - [TEST_STEP][PASSED] - break: null

2019-11-07 12:01:34 - [TEST_STEP][PASSED] - URL: null

2019-11-07 12:01:34 - [MESSAGE][PASSED] - Call Test Case 'Test Cases/Reusable_Test_Sequences/URL_Handler' successfully

2019-11-07 12:01:34 - [TEST_STEP][PASSED] - "URL - Set from the ENVIRONMENT PROFILE - Specific Page Address Provided By +GlobalVariable.PAGE  ": null

2019-11-07 12:01:34 - [TEST_STEP][PASSED] - openBrowser(URL): Browser is opened with url: 'https://preview-ma.checkatrade.com/login?return=%2Fdashboard'

2019-11-07 12:01:35 - [MESSAGE][INFO] - Starting 'Chrome' driver

2019-11-07 12:01:35 - [MESSAGE][INFO] - Action delay is set to 0 seconds

2019-11-07 12:02:09 - [MESSAGE][PASSED] - Browser is opened with url: 'https://preview-ma.checkatrade.com/login?return=%2Fdashboard'

2019-11-07 12:02:09 - [TEST_STEP][PASSED] - maximizeWindow(): Current window maximized

2019-11-07 12:02:13 - [MESSAGE][PASSED] - Current window maximized

2019-11-07 12:02:13 - [TEST_STEP][PASSED] - waitForPageLoad(60): Wait for page load successfully

2019-11-07 12:02:13 - [MESSAGE][PASSED] - Wait for page load successfully

2019-11-07 12:02:13 - [TEST_STEP][PASSED] - verifyTextPresent(data.getValue("Header_Text", row), false): Text 'EXCLUSIVE ACCESS FOR CHECKATRADE MEMBERS ONLY' is present on page 

2019-11-07 12:02:13 - [MESSAGE][PASSED] - Text 'EXCLUSIVE ACCESS FOR CHECKATRADE MEMBERS ONLY' is present on page 

2019-11-07 12:02:13 - [TEST_STEP][PASSED] - verifyTextPresent(data.getValue("Forgotten_Password", row), false): Text 'Forgotten password?' is present on page 

2019-11-07 12:02:13 - [MESSAGE][PASSED] - Text 'Forgotten password?' is present on page 

2019-11-07 12:02:13 - [TEST_STEP][PASSED] - verifyTextPresent(data.getValue("Forgotten_Username", row), false): Text 'Forgotten username?' is present on page 

2019-11-07 12:02:14 - [MESSAGE][PASSED] - Text 'Forgotten username?' is present on page 

2019-11-07 12:02:14 - [TEST_STEP][PASSED] - verifyTextPresent(data.getValue("Trouble_Logging_In", row), false): Text 'Trouble logging in?' is present on page 

2019-11-07 12:02:14 - [MESSAGE][PASSED] - Text 'Trouble logging in?' is present on page 

2019-11-07 12:02:14 - [MESSAGE][PASSED] - Call Test Case 'Test Cases/Reusable_Test_Sequences/Members_Area/Start_Up' successfully

2019-11-07 12:02:14 - [TEST_STEP][PASSED] - callTestCase(findTestCase("Reusable_Test_Sequences/Members_Area/log_On"), [:], OPTIONAL): Call Test Case 'Test Cases/Reusable_Test_Sequences/Members_Area/log_On' successfully

2019-11-07 12:02:14 - [TEST_CASE][PASSED] - Test Cases/Reusable_Test_Sequences/Members_Area/log_On: Test Cases/Reusable_Test_Sequences/Members_Area/log_On

2019-11-07 12:02:14 - [TEST_STEP][PASSED] - waitForElementPresent(findTestObject("Object Repository/Members/Page_Members Area/button_Log in"), 10): Object 'Object Repository/Members/Page_Members Area/button_Log in' is present

2019-11-07 12:02:15 - [MESSAGE][PASSED] - Object 'Object Repository/Members/Page_Members Area/button_Log in' is present

2019-11-07 12:02:15 - [TEST_STEP][PASSED] - click(findTestObject("Object Repository/Members/Page_Members Area/input_Username_username")): Object: 'Object Repository/Members/Page_Members Area/input_Username_username' is clicked on

2019-11-07 12:02:15 - [MESSAGE][PASSED] - Object: 'Object Repository/Members/Page_Members Area/input_Username_username' is clicked on

2019-11-07 12:02:15 - [TEST_STEP][PASSED] - setText(findTestObject("Object Repository/Members/Page_Members Area/input_Username_username"), Username): Text 'check1234' is set on object 'Object Repository/Members/Page_Members Area/input_Username_username'

2019-11-07 12:02:15 - [MESSAGE][PASSED] - Text 'check1234' is set on object 'Object Repository/Members/Page_Members Area/input_Username_username'

2019-11-07 12:02:15 - [TEST_STEP][PASSED] - click(findTestObject("Object Repository/Members/Page_Members Area/input_Password_password")): Object: 'Object Repository/Members/Page_Members Area/input_Password_password' is clicked on

2019-11-07 12:02:16 - [MESSAGE][PASSED] - Object: 'Object Repository/Members/Page_Members Area/input_Password_password' is clicked on

2019-11-07 12:02:16 - [TEST_STEP][PASSED] - setText(findTestObject("Object Repository/Members/Page_Members Area/input_Password_password"), Password): Text 'testing123' is set on object 'Object Repository/Members/Page_Members Area/input_Password_password'

2019-11-07 12:02:16 - [MESSAGE][PASSED] - Text 'testing123' is set on object 'Object Repository/Members/Page_Members Area/input_Password_password'

2019-11-07 12:02:16 - [TEST_STEP][PASSED] - click(findTestObject("Object Repository/Members/Page_Members Area/button_Log in")): Object: 'Object Repository/Members/Page_Members Area/button_Log in' is clicked on

2019-11-07 12:02:17 - [MESSAGE][PASSED] - Object: 'Object Repository/Members/Page_Members Area/button_Log in' is clicked on

2019-11-07 12:02:17 - [MESSAGE][PASSED] - Call Test Case 'Test Cases/Reusable_Test_Sequences/Members_Area/log_On' successfully

2019-11-07 12:02:17 - [TEST_STEP][PASSED] - callTestCase(findTestCase("Reusable_Test_Sequences/Members_Area/Area_Menu/Your_Customers/Callback_Requests"), [:], CONTINUE_ON_FAILURE): Call Test Case 'Test Cases/Reusable_Test_Sequences/Members_Area/Area_Menu/Your_Customers/Callback_Requests' successfully

2019-11-07 12:02:17 - [TEST_CASE][PASSED] - Test Cases/Reusable_Test_Sequences/Members_Area/Area_Menu/Your_Customers/Callback_Requests: Test Cases/Reusable_Test_Sequences/Members_Area/Area_Menu/Your_Customers/Callback_Requests

2019-11-07 12:02:17 - [TEST_STEP][PASSED] - waitForElementPresent(findTestObject("Object Repository/Page_Members Area/div_Callback Requests"), 60): Object 'Object Repository/Page_Members Area/div_Callback Requests' is present

2019-11-07 12:02:19 - [MESSAGE][PASSED] - Object 'Object Repository/Page_Members Area/div_Callback Requests' is present

2019-11-07 12:02:19 - [TEST_STEP][PASSED] - click(findTestObject("Object Repository/Page_Members Area/div_Callback Requests")): Object: 'Object Repository/Page_Members Area/div_Callback Requests' is clicked on

2019-11-07 12:02:20 - [MESSAGE][PASSED] - Object: 'Object Repository/Page_Members Area/div_Callback Requests' is clicked on

2019-11-07 12:02:20 - [MESSAGE][PASSED] - Call Test Case 'Test Cases/Reusable_Test_Sequences/Members_Area/Area_Menu/Your_Customers/Callback_Requests' successfully

2019-11-07 12:02:20 - [TEST_STEP][FAILED] - callTestCase(findTestCase("Reusable_Test_Sequences/Members_Area/Validation/Callback_Requests_Sub/Callback_Request_Settings"), [:], CONTINUE_ON_FAILURE): Unable to call Test Case 'Test Cases/Reusable_Test_Sequences/Members_Area/Validation/Callback_Requests_Sub/Callback_Request_Settings' (Root cause: com.kms.katalon.core.exception.StepFailedException: Call Test Case 'Test Cases/Reusable_Test_Sequences/Members_Area/Validation/Callback_Requests_Sub/Callback_Request_Settings' failed
	at com.kms.katalon.core.keyword.builtin.CallTestCaseKeyword$_callTestCase_closure1.doCall(CallTestCaseKeyword.groovy:63)
	at com.kms.katalon.core.keyword.builtin.CallTestCaseKeyword$_callTestCase_closure1.call(CallTestCaseKeyword.groovy)
	at com.kms.katalon.core.keyword.internal.KeywordMain.runKeyword(KeywordMain.groovy:68)
	at com.kms.katalon.core.keyword.builtin.CallTestCaseKeyword.callTestCase(CallTestCaseKeyword.groovy:81)
	at com.kms.katalon.core.keyword.builtin.CallTestCaseKeyword.execute(CallTestCaseKeyword.groovy:44)
	at com.kms.katalon.core.keyword.internal.KeywordExecutor.executeKeywordForPlatform(KeywordExecutor.groovy:60)
	at com.kms.katalon.core.keyword.BuiltinKeywords.callTestCase(BuiltinKeywords.groovy:334)
	at Callback_Requests.run(Callback_Requests:74)
	at com.kms.katalon.core.main.ScriptEngine.run(ScriptEngine.java:194)
	at com.kms.katalon.core.main.ScriptEngine.runScriptAsRawText(ScriptEngine.java:119)
	at com.kms.katalon.core.main.TestCaseExecutor.runScript(TestCaseExecutor.java:337)
	at com.kms.katalon.core.main.TestCaseExecutor.doExecute(TestCaseExecutor.java:328)
	at com.kms.katalon.core.main.TestCaseExecutor.processExecutionPhase(TestCaseExecutor.java:307)
	at com.kms.katalon.core.main.TestCaseExecutor.accessMainPhase(TestCaseExecutor.java:299)
	at com.kms.katalon.core.main.TestCaseExecutor.execute(TestCaseExecutor.java:233)
	at com.kms.katalon.core.main.TestSuiteExecutor.accessTestCaseMainPhase(TestSuiteExecutor.java:169)
	at com.kms.katalon.core.main.TestSuiteExecutor.accessTestSuiteMainPhase(TestSuiteExecutor.java:142)
	at com.kms.katalon.core.main.TestSuiteExecutor.execute(TestSuiteExecutor.java:91)
	at com.kms.katalon.core.main.TestCaseMain.startTestSuite(TestCaseMain.java:157)
	at com.kms.katalon.core.main.TestCaseMain$startTestSuite$0.call(Unknown Source)
	at TempTestSuite1573128069501.run(TempTestSuite1573128069501.groovy:36)
Caused by: com.kms.katalon.core.exception.StepFailedException: Unable to select option by value '3: Object' of object 'Object Repository/Page_Members Area/Page_Members Area/select_Do not send_1'  using regular expression (Root cause: com.kms.katalon.core.exception.StepFailedException: Unable to select option by value '3: Object' of object 'Object Repository/Page_Members Area/Page_Members Area/select_Do not send_1'  using regular expression
	at com.kms.katalon.core.webui.keyword.internal.WebUIKeywordMain.stepFailed(WebUIKeywordMain.groovy:64)
	at com.kms.katalon.core.webui.keyword.internal.WebUIKeywordMain.runKeyword(WebUIKeywordMain.groovy:26)
	at com.kms.katalon.core.webui.keyword.builtin.SelectOptionByValueKeyword.selectOptionByValue(SelectOptionByValueKeyword.groovy:99)
	at com.kms.katalon.core.webui.keyword.builtin.SelectOptionByValueKeyword.execute(SelectOptionByValueKeyword.groovy:71)
	at com.kms.katalon.core.keyword.internal.KeywordExecutor.executeKeywordForPlatform(KeywordExecutor.groovy:60)
	at com.kms.katalon.core.webui.keyword.WebUiBuiltInKeywords.selectOptionByValue(WebUiBuiltInKeywords.groovy:1138)
	at com.kms.katalon.core.webui.keyword.WebUiBuiltInKeywords$selectOptionByValue$7.call(Unknown Source)
	at Callback_Request_Settings.run(Callback_Request_Settings:109)
	at com.kms.katalon.core.main.ScriptEngine.run(ScriptEngine.java:194)
	at com.kms.katalon.core.main.ScriptEngine.runScriptAsRawText(ScriptEngine.java:119)
	at com.kms.katalon.core.main.TestCaseExecutor.runScript(TestCaseExecutor.java:337)
	at com.kms.katalon.core.main.TestCaseExecutor.doExecute(TestCaseExecutor.java:328)
	at com.kms.katalon.core.main.TestCaseExecutor.processExecutionPhase(TestCaseExecutor.java:307)
	at com.kms.katalon.core.main.TestCaseExecutor.accessMainPhase(TestCaseExecutor.java:299)
	at com.kms.katalon.core.main.TestCaseExecutor.execute(TestCaseExecutor.java:233)
	at com.kms.katalon.core.main.TestCaseMain.runTestCase(TestCaseMain.java:114)
	at com.kms.katalon.core.keyword.builtin.CallTestCaseKeyword$_callTestCase_closure1.doCall(CallTestCaseKeyword.groovy:59)
	at com.kms.katalon.core.keyword.builtin.CallTestCaseKeyword$_callTestCase_closure1.call(CallTestCaseKeyword.groovy)
	at com.kms.katalon.core.keyword.internal.KeywordMain.runKeyword(KeywordMain.groovy:68)
	at com.kms.katalon.core.keyword.builtin.CallTestCaseKeyword.callTestCase(CallTestCaseKeyword.groovy:81)
	at com.kms.katalon.core.keyword.builtin.CallTestCaseKeyword.execute(CallTestCaseKeyword.groovy:44)
	at com.kms.katalon.core.keyword.internal.KeywordExecutor.executeKeywordForPlatform(KeywordExecutor.groovy:60)
	at com.kms.katalon.core.keyword.BuiltinKeywords.callTestCase(BuiltinKeywords.groovy:334)
	at Callback_Requests.run(Callback_Requests:74)
	at com.kms.katalon.core.main.ScriptEngine.run(ScriptEngine.java:194)
	at com.kms.katalon.core.main.ScriptEngine.runScriptAsRawText(ScriptEngine.java:119)
	at com.kms.katalon.core.main.TestCaseExecutor.runScript(TestCaseExecutor.java:337)
	at com.kms.katalon.core.main.TestCaseExecutor.doExecute(TestCaseExecutor.java:328)
	at com.kms.katalon.core.main.TestCaseExecutor.processExecutionPhase(TestCaseExecutor.java:307)
	at com.kms.katalon.core.main.TestCaseExecutor.accessMainPhase(TestCaseExecutor.java:299)
	at com.kms.katalon.core.main.TestCaseExecutor.execute(TestCaseExecutor.java:233)
	at com.kms.katalon.core.main.TestSuiteExecutor.accessTestCaseMainPhase(TestSuiteExecutor.java:169)
	at com.kms.katalon.core.main.TestSuiteExecutor.accessTestSuiteMainPhase(TestSuiteExecutor.java:142)
	at com.kms.katalon.core.main.TestSuiteExecutor.execute(TestSuiteExecutor.java:91)
	at com.kms.katalon.core.main.TestCaseMain.startTestSuite(TestCaseMain.java:157)
	at com.kms.katalon.core.main.TestCaseMain$startTestSuite$0.call(Unknown Source)
	at TempTestSuite1573128069501.run(TempTestSuite1573128069501.groovy:36)
Caused by: com.kms.katalon.core.webui.exception.WebElementNotFoundException: Web element with id: 'Object Repository/Page_Members Area/Page_Members Area/select_Do not send_1' located by 'By.xpath: //*[@id = 'form-field-1' and @name = 'emailDDL' and (text() = 'Do not sendOtherCompany email address: jon.wood@checkatrade.comMr Daniel Davis: daniel.davis@edaxis.co.ukMr Testing Team: support@checkatrade.comMr Testing Team: support@checkatrade.comMr Alexander Nunn: alexander.nunn@checkatrade.comMr Alexander Nunn: alexander.nunn@checkatrade.comMr Alex McCallio: alex.mccallion@hotmail.co.ukMrs Sindhura Voona: christopher.byrom@blah.comMrs Sindhura Voona: christopher.byrom@blah.comMr Rehana Shadab: rehana.shedab@checkatrade.comMr Richard Audemars: richard.audemars@checkatrade.comMr Sian Taylor: sian.taylor@checkatrade.comMr Chantel Lineham: chantel.lineham@checkatrade.comMr Neil Hibbert: neil.hibbert@checkatrade.comMiss Eleanor Jordan: eleanor.jordan@checkatrade.comMr Ivan G-S: ivan.gutowski-smith@checkatrade.comMr Ciar Baharie: ciar.baharie@checkatrade.comMr Ryan B: ryan.butt@checkatrade.comMr Michael Eason: michael.eason@checkatrade.comMr Mike Fairman: mike.fairman@checkatrade.comMrs Becky Cheshire: becky.cheshire@checkatrade.comMr Colin Wisdom: colin.wisdom@checkatrade.comMr Simon Ip: simon.ip@checkatrade.comMr Chris Almond: chris.almond@standingongiants.comMr Mark Bagnall: mark.bagnall@checkatrade.comMr Jon Wood: jon.wood@checkatrade.comMr Linda Hardy: linda.hardy@checkatrade.comMr Dan Staples: dan.staples@checkatrade.comMr Charlotte Carter: charlotte.carter@checkatrade.comMr L P: l.p@checkatrade.comMr Ketih Reed: keith.reed@checkatrade.comMr Tom Amis: tom.amis@checkatrade.com' or . = 'Do not sendOtherCompany email address: jon.wood@checkatrade.comMr Daniel Davis: daniel.davis@edaxis.co.ukMr Testing Team: support@checkatrade.comMr Testing Team: support@checkatrade.comMr Alexander Nunn: alexander.nunn@checkatrade.comMr Alexander Nunn: alexander.nunn@checkatrade.comMr Alex McCallio: alex.mccallion@hotmail.co.ukMrs Sindhura Voona: christopher.byrom@blah.comMrs Sindhura Voona: christopher.byrom@blah.comMr Rehana Shadab: rehana.shedab@checkatrade.comMr Richard Audemars: richard.audemars@checkatrade.comMr Sian Taylor: sian.taylor@checkatrade.comMr Chantel Lineham: chantel.lineham@checkatrade.comMr Neil Hibbert: neil.hibbert@checkatrade.comMiss Eleanor Jordan: eleanor.jordan@checkatrade.comMr Ivan G-S: ivan.gutowski-smith@checkatrade.comMr Ciar Baharie: ciar.baharie@checkatrade.comMr Ryan B: ryan.butt@checkatrade.comMr Michael Eason: michael.eason@checkatrade.comMr Mike Fairman: mike.fairman@checkatrade.comMrs Becky Cheshire: becky.cheshire@checkatrade.comMr Colin Wisdom: colin.wisdom@checkatrade.comMr Simon Ip: simon.ip@checkatrade.comMr Chris Almond: chris.almond@standingongiants.comMr Mark Bagnall: mark.bagnall@checkatrade.comMr Jon Wood: jon.wood@checkatrade.comMr Linda Hardy: linda.hardy@checkatrade.comMr Dan Staples: dan.staples@checkatrade.comMr Charlotte Carter: charlotte.carter@checkatrade.comMr L P: l.p@checkatrade.comMr Ketih Reed: keith.reed@checkatrade.comMr Tom Amis: tom.amis@checkatrade.com')]' not found
	at com.kms.katalon.core.webui.common.WebUiCommonHelper.findWebElement(WebUiCommonHelper.java:1113)
	at com.kms.katalon.core.webui.keyword.internal.WebUIAbstractKeyword.findWebElement(WebUIAbstractKeyword.groovy:27)
	at com.kms.katalon.core.webui.keyword.internal.WebUIAbstractKeyword.findWebElement(WebUIAbstractKeyword.groovy:26)
	at com.kms.katalon.core.webui.keyword.builtin.SelectOptionByValueKeyword$_selectOptionByValue_closure1.doCall(SelectOptionByValueKeyword.groovy:86)
	at com.kms.katalon.core.webui.keyword.builtin.SelectOptionByValueKeyword$_selectOptionByValue_closure1.call(SelectOptionByValueKeyword.groovy)
	at com.kms.katalon.core.webui.keyword.internal.WebUIKeywordMain.runKeyword(WebUIKeywordMain.groovy:20)
	at com.kms.katalon.core.webui.keyword.builtin.SelectOptionByValueKeyword.selectOptionByValue(SelectOptionByValueKeyword.groovy:99)
	at com.kms.katalon.core.webui.keyword.builtin.SelectOptionByValueKeyword.execute(SelectOptionByValueKeyword.groovy:71)
	at com.kms.katalon.core.keyword.internal.KeywordExecutor.executeKeywordForPlatform(KeywordExecutor.groovy:60)
	at com.kms.katalon.core.webui.keyword.WebUiBuiltInKeywords.selectOptionByValue(WebUiBuiltInKeywords.groovy:1138)
	at com.kms.katalon.core.webui.keyword.WebUiBuiltInKeywords$selectOptionByValue$7.call(Unknown Source)
	at Script1570028599978.run(Script1570028599978.groovy:109)
	at com.kms.katalon.core.main.ScriptEngine.run(ScriptEngine.java:194)
	at com.kms.katalon.core.main.ScriptEngine.runScriptAsRawText(ScriptEngine.java:119)
	at com.kms.katalon.core.main.TestCaseExecutor.runScript(TestCaseExecutor.java:337)
	at com.kms.katalon.core.main.TestCaseExecutor.doExecute(TestCaseExecutor.java:328)
	at com.kms.katalon.core.main.TestCaseExecutor.processExecutionPhase(TestCaseExecutor.java:307)
	at com.kms.katalon.core.main.TestCaseExecutor.accessMainPhase(TestCaseExecutor.java:299)
	at com.kms.katalon.core.main.TestCaseExecutor.execute(TestCaseExecutor.java:233)
	at com.kms.katalon.core.main.TestCaseMain.runTestCase(TestCaseMain.java:114)
	at com.kms.katalon.core.keyword.builtin.CallTestCaseKeyword$_callTestCase_closure1.doCall(CallTestCaseKeyword.groovy:59)
	at com.kms.katalon.core.keyword.builtin.CallTestCaseKeyword$_callTestCase_closure1.call(CallTestCaseKeyword.groovy)
	at com.kms.katalon.core.keyword.internal.KeywordMain.runKeyword(KeywordMain.groovy:68)
	at com.kms.katalon.core.keyword.builtin.CallTestCaseKeyword.callTestCase(CallTestCaseKeyword.groovy:81)
	at com.kms.katalon.core.keyword.builtin.CallTestCaseKeyword.execute(CallTestCaseKeyword.groovy:44)
	at com.kms.katalon.core.keyword.internal.KeywordExecutor.executeKeywordForPlatform(KeywordExecutor.groovy:60)
	at com.kms.katalon.core.keyword.BuiltinKeywords.callTestCase(BuiltinKeywords.groovy:334)
	at Script1569933857280.run(Script1569933857280.groovy:74)
	... 13 more
)
	at com.kms.katalon.core.keyword.internal.KeywordMain.stepFailed(KeywordMain.groovy:39)
	at com.kms.katalon.core.webui.keyword.internal.WebUIKeywordMain.stepFailed(WebUIKeywordMain.groovy:64)
	at com.kms.katalon.core.webui.keyword.internal.WebUIKeywordMain.runKeyword(WebUIKeywordMain.groovy:26)
	at com.kms.katalon.core.webui.keyword.builtin.SelectOptionByValueKeyword.selectOptionByValue(SelectOptionByValueKeyword.groovy:99)
	at com.kms.katalon.core.webui.keyword.builtin.SelectOptionByValueKeyword.execute(SelectOptionByValueKeyword.groovy:71)
	at com.kms.katalon.core.keyword.internal.KeywordExecutor.executeKeywordForPlatform(KeywordExecutor.groovy:60)
	at com.kms.katalon.core.webui.keyword.WebUiBuiltInKeywords.selectOptionByValue(WebUiBuiltInKeywords.groovy:1138)
	at com.kms.katalon.core.webui.keyword.WebUiBuiltInKeywords$selectOptionByValue$7.call(Unknown Source)
	at Callback_Request_Settings.run(Callback_Request_Settings:109)
	at com.kms.katalon.core.main.ScriptEngine.run(ScriptEngine.java:194)
	at com.kms.katalon.core.main.ScriptEngine.runScriptAsRawText(ScriptEngine.java:119)
	at com.kms.katalon.core.main.TestCaseExecutor.runScript(TestCaseExecutor.java:337)
	at com.kms.katalon.core.main.TestCaseExecutor.doExecute(TestCaseExecutor.java:328)
	at com.kms.katalon.core.main.TestCaseExecutor.processExecutionPhase(TestCaseExecutor.java:307)
	at com.kms.katalon.core.main.TestCaseExecutor.accessMainPhase(TestCaseExecutor.java:299)
	at com.kms.katalon.core.main.TestCaseExecutor.execute(TestCaseExecutor.java:233)
	at com.kms.katalon.core.main.TestCaseMain.runTestCase(TestCaseMain.java:114)
	at com.kms.katalon.core.keyword.builtin.CallTestCaseKeyword$_callTestCase_closure1.doCall(CallTestCaseKeyword.groovy:59)
	... 20 more
Caused by: com.kms.katalon.core.exception.StepFailedException: Unable to select option by value '3: Object' of object 'Object Repository/Page_Members Area/Page_Members Area/select_Do not send_1'  using regular expression
	... 37 more
Caused by: com.kms.katalon.core.webui.exception.WebElementNotFoundException: Web element with id: 'Object Repository/Page_Members Area/Page_Members Area/select_Do not send_1' located by 'By.xpath: //*[@id = 'form-field-1' and @name = 'emailDDL' and (text() = 'Do not sendOtherCompany email address: jon.wood@checkatrade.comMr Daniel Davis: daniel.davis@edaxis.co.ukMr Testing Team: support@checkatrade.comMr Testing Team: support@checkatrade.comMr Alexander Nunn: alexander.nunn@checkatrade.comMr Alexander Nunn: alexander.nunn@checkatrade.comMr Alex McCallio: alex.mccallion@hotmail.co.ukMrs Sindhura Voona: christopher.byrom@blah.comMrs Sindhura Voona: christopher.byrom@blah.comMr Rehana Shadab: rehana.shedab@checkatrade.comMr Richard Audemars: richard.audemars@checkatrade.comMr Sian Taylor: sian.taylor@checkatrade.comMr Chantel Lineham: chantel.lineham@checkatrade.comMr Neil Hibbert: neil.hibbert@checkatrade.comMiss Eleanor Jordan: eleanor.jordan@checkatrade.comMr Ivan G-S: ivan.gutowski-smith@checkatrade.comMr Ciar Baharie: ciar.baharie@checkatrade.comMr Ryan B: ryan.butt@checkatrade.comMr Michael Eason: michael.eason@checkatrade.comMr Mike Fairman: mike.fairman@checkatrade.comMrs Becky Cheshire: becky.cheshire@checkatrade.comMr Colin Wisdom: colin.wisdom@checkatrade.comMr Simon Ip: simon.ip@checkatrade.comMr Chris Almond: chris.almond@standingongiants.comMr Mark Bagnall: mark.bagnall@checkatrade.comMr Jon Wood: jon.wood@checkatrade.comMr Linda Hardy: linda.hardy@checkatrade.comMr Dan Staples: dan.staples@checkatrade.comMr Charlotte Carter: charlotte.carter@checkatrade.comMr L P: l.p@checkatrade.comMr Ketih Reed: keith.reed@checkatrade.comMr Tom Amis: tom.amis@checkatrade.com' or . = 'Do not sendOtherCompany email address: jon.wood@checkatrade.comMr Daniel Davis: daniel.davis@edaxis.co.ukMr Testing Team: support@checkatrade.comMr Testing Team: support@checkatrade.comMr Alexander Nunn: alexander.nunn@checkatrade.comMr Alexander Nunn: alexander.nunn@checkatrade.comMr Alex McCallio: alex.mccallion@hotmail.co.ukMrs Sindhura Voona: christopher.byrom@blah.comMrs Sindhura Voona: christopher.byrom@blah.comMr Rehana Shadab: rehana.shedab@checkatrade.comMr Richard Audemars: richard.audemars@checkatrade.comMr Sian Taylor: sian.taylor@checkatrade.comMr Chantel Lineham: chantel.lineham@checkatrade.comMr Neil Hibbert: neil.hibbert@checkatrade.comMiss Eleanor Jordan: eleanor.jordan@checkatrade.comMr Ivan G-S: ivan.gutowski-smith@checkatrade.comMr Ciar Baharie: ciar.baharie@checkatrade.comMr Ryan B: ryan.butt@checkatrade.comMr Michael Eason: michael.eason@checkatrade.comMr Mike Fairman: mike.fairman@checkatrade.comMrs Becky Cheshire: becky.cheshire@checkatrade.comMr Colin Wisdom: colin.wisdom@checkatrade.comMr Simon Ip: simon.ip@checkatrade.comMr Chris Almond: chris.almond@standingongiants.comMr Mark Bagnall: mark.bagnall@checkatrade.comMr Jon Wood: jon.wood@checkatrade.comMr Linda Hardy: linda.hardy@checkatrade.comMr Dan Staples: dan.staples@checkatrade.comMr Charlotte Carter: charlotte.carter@checkatrade.comMr L P: l.p@checkatrade.comMr Ketih Reed: keith.reed@checkatrade.comMr Tom Amis: tom.amis@checkatrade.com')]' not found
	at com.kms.katalon.core.webui.common.WebUiCommonHelper.findWebElement(WebUiCommonHelper.java:1113)
	at com.kms.katalon.core.webui.keyword.internal.WebUIAbstractKeyword.findWebElement(WebUIAbstractKeyword.groovy:27)
	at com.kms.katalon.core.webui.keyword.internal.WebUIAbstractKeyword.findWebElement(WebUIAbstractKeyword.groovy:26)
	at com.kms.katalon.core.webui.keyword.builtin.SelectOptionByValueKeyword$_selectOptionByValue_closure1.doCall(SelectOptionByValueKeyword.groovy:86)
	at com.kms.katalon.core.webui.keyword.builtin.SelectOptionByValueKeyword$_selectOptionByValue_closure1.call(SelectOptionByValueKeyword.groovy)
	at com.kms.katalon.core.webui.keyword.internal.WebUIKeywordMain.runKeyword(WebUIKeywordMain.groovy:20)
	... 35 more
)

2019-11-07 12:02:20 - [TEST_CASE][FAILED] - Test Cases/Reusable_Test_Sequences/Members_Area/Validation/Callback_Requests_Sub/Callback_Request_Settings: Test Cases/Reusable_Test_Sequences/Members_Area/Validation/Callback_Requests_Sub/Callback_Request_Settings FAILED.
Reason:
com.kms.katalon.core.exception.StepFailedException: Unable to select option by value '3: Object' of object 'Object Repository/Page_Members Area/Page_Members Area/select_Do not send_1'  using regular expression (Root cause: com.kms.katalon.core.exception.StepFailedException: Unable to select option by value '3: Object' of object 'Object Repository/Page_Members Area/Page_Members Area/select_Do not send_1'  using regular expression
	at com.kms.katalon.core.webui.keyword.internal.WebUIKeywordMain.stepFailed(WebUIKeywordMain.groovy:64)
	at com.kms.katalon.core.webui.keyword.internal.WebUIKeywordMain.runKeyword(WebUIKeywordMain.groovy:26)
	at com.kms.katalon.core.webui.keyword.builtin.SelectOptionByValueKeyword.selectOptionByValue(SelectOptionByValueKeyword.groovy:99)
	at com.kms.katalon.core.webui.keyword.builtin.SelectOptionByValueKeyword.execute(SelectOptionByValueKeyword.groovy:71)
	at com.kms.katalon.core.keyword.internal.KeywordExecutor.executeKeywordForPlatform(KeywordExecutor.groovy:60)
	at com.kms.katalon.core.webui.keyword.WebUiBuiltInKeywords.selectOptionByValue(WebUiBuiltInKeywords.groovy:1138)
	at com.kms.katalon.core.webui.keyword.WebUiBuiltInKeywords$selectOptionByValue$7.call(Unknown Source)
	at Callback_Request_Settings.run(Callback_Request_Settings:109)
	at com.kms.katalon.core.main.ScriptEngine.run(ScriptEngine.java:194)
	at com.kms.katalon.core.main.ScriptEngine.runScriptAsRawText(ScriptEngine.java:119)
	at com.kms.katalon.core.main.TestCaseExecutor.runScript(TestCaseExecutor.java:337)
	at com.kms.katalon.core.main.TestCaseExecutor.doExecute(TestCaseExecutor.java:328)
	at com.kms.katalon.core.main.TestCaseExecutor.processExecutionPhase(TestCaseExecutor.java:307)
	at com.kms.katalon.core.main.TestCaseExecutor.accessMainPhase(TestCaseExecutor.java:299)
	at com.kms.katalon.core.main.TestCaseExecutor.execute(TestCaseExecutor.java:233)
	at com.kms.katalon.core.main.TestCaseMain.runTestCase(TestCaseMain.java:114)
	at com.kms.katalon.core.keyword.builtin.CallTestCaseKeyword$_callTestCase_closure1.doCall(CallTestCaseKeyword.groovy:59)
	at com.kms.katalon.core.keyword.builtin.CallTestCaseKeyword$_callTestCase_closure1.call(CallTestCaseKeyword.groovy)
	at com.kms.katalon.core.keyword.internal.KeywordMain.runKeyword(KeywordMain.groovy:68)
	at com.kms.katalon.core.keyword.builtin.CallTestCaseKeyword.callTestCase(CallTestCaseKeyword.groovy:81)
	at com.kms.katalon.core.keyword.builtin.CallTestCaseKeyword.execute(CallTestCaseKeyword.groovy:44)
	at com.kms.katalon.core.keyword.internal.KeywordExecutor.executeKeywordForPlatform(KeywordExecutor.groovy:60)
	at com.kms.katalon.core.keyword.BuiltinKeywords.callTestCase(BuiltinKeywords.groovy:334)
	at Callback_Requests.run(Callback_Requests:74)
	at com.kms.katalon.core.main.ScriptEngine.run(ScriptEngine.java:194)
	at com.kms.katalon.core.main.ScriptEngine.runScriptAsRawText(ScriptEngine.java:119)
	at com.kms.katalon.core.main.TestCaseExecutor.runScript(TestCaseExecutor.java:337)
	at com.kms.katalon.core.main.TestCaseExecutor.doExecute(TestCaseExecutor.java:328)
	at com.kms.katalon.core.main.TestCaseExecutor.processExecutionPhase(TestCaseExecutor.java:307)
	at com.kms.katalon.core.main.TestCaseExecutor.accessMainPhase(TestCaseExecutor.java:299)
	at com.kms.katalon.core.main.TestCaseExecutor.execute(TestCaseExecutor.java:233)
	at com.kms.katalon.core.main.TestSuiteExecutor.accessTestCaseMainPhase(TestSuiteExecutor.java:169)
	at com.kms.katalon.core.main.TestSuiteExecutor.accessTestSuiteMainPhase(TestSuiteExecutor.java:142)
	at com.kms.katalon.core.main.TestSuiteExecutor.execute(TestSuiteExecutor.java:91)
	at com.kms.katalon.core.main.TestCaseMain.startTestSuite(TestCaseMain.java:157)
	at com.kms.katalon.core.main.TestCaseMain$startTestSuite$0.call(Unknown Source)
	at TempTestSuite1573128069501.run(TempTestSuite1573128069501.groovy:36)
Caused by: com.kms.katalon.core.webui.exception.WebElementNotFoundException: Web element with id: 'Object Repository/Page_Members Area/Page_Members Area/select_Do not send_1' located by 'By.xpath: //*[@id = 'form-field-1' and @name = 'emailDDL' and (text() = 'Do not sendOtherCompany email address: jon.wood@checkatrade.comMr Daniel Davis: daniel.davis@edaxis.co.ukMr Testing Team: support@checkatrade.comMr Testing Team: support@checkatrade.comMr Alexander Nunn: alexander.nunn@checkatrade.comMr Alexander Nunn: alexander.nunn@checkatrade.comMr Alex McCallio: alex.mccallion@hotmail.co.ukMrs Sindhura Voona: christopher.byrom@blah.comMrs Sindhura Voona: christopher.byrom@blah.comMr Rehana Shadab: rehana.shedab@checkatrade.comMr Richard Audemars: richard.audemars@checkatrade.comMr Sian Taylor: sian.taylor@checkatrade.comMr Chantel Lineham: chantel.lineham@checkatrade.comMr Neil Hibbert: neil.hibbert@checkatrade.comMiss Eleanor Jordan: eleanor.jordan@checkatrade.comMr Ivan G-S: ivan.gutowski-smith@checkatrade.comMr Ciar Baharie: ciar.baharie@checkatrade.comMr Ryan B: ryan.butt@checkatrade.comMr Michael Eason: michael.eason@checkatrade.comMr Mike Fairman: mike.fairman@checkatrade.comMrs Becky Cheshire: becky.cheshire@checkatrade.comMr Colin Wisdom: colin.wisdom@checkatrade.comMr Simon Ip: simon.ip@checkatrade.comMr Chris Almond: chris.almond@standingongiants.comMr Mark Bagnall: mark.bagnall@checkatrade.comMr Jon Wood: jon.wood@checkatrade.comMr Linda Hardy: linda.hardy@checkatrade.comMr Dan Staples: dan.staples@checkatrade.comMr Charlotte Carter: charlotte.carter@checkatrade.comMr L P: l.p@checkatrade.comMr Ketih Reed: keith.reed@checkatrade.comMr Tom Amis: tom.amis@checkatrade.com' or . = 'Do not sendOtherCompany email address: jon.wood@checkatrade.comMr Daniel Davis: daniel.davis@edaxis.co.ukMr Testing Team: support@checkatrade.comMr Testing Team: support@checkatrade.comMr Alexander Nunn: alexander.nunn@checkatrade.comMr Alexander Nunn: alexander.nunn@checkatrade.comMr Alex McCallio: alex.mccallion@hotmail.co.ukMrs Sindhura Voona: christopher.byrom@blah.comMrs Sindhura Voona: christopher.byrom@blah.comMr Rehana Shadab: rehana.shedab@checkatrade.comMr Richard Audemars: richard.audemars@checkatrade.comMr Sian Taylor: sian.taylor@checkatrade.comMr Chantel Lineham: chantel.lineham@checkatrade.comMr Neil Hibbert: neil.hibbert@checkatrade.comMiss Eleanor Jordan: eleanor.jordan@checkatrade.comMr Ivan G-S: ivan.gutowski-smith@checkatrade.comMr Ciar Baharie: ciar.baharie@checkatrade.comMr Ryan B: ryan.butt@checkatrade.comMr Michael Eason: michael.eason@checkatrade.comMr Mike Fairman: mike.fairman@checkatrade.comMrs Becky Cheshire: becky.cheshire@checkatrade.comMr Colin Wisdom: colin.wisdom@checkatrade.comMr Simon Ip: simon.ip@checkatrade.comMr Chris Almond: chris.almond@standingongiants.comMr Mark Bagnall: mark.bagnall@checkatrade.comMr Jon Wood: jon.wood@checkatrade.comMr Linda Hardy: linda.hardy@checkatrade.comMr Dan Staples: dan.staples@checkatrade.comMr Charlotte Carter: charlotte.carter@checkatrade.comMr L P: l.p@checkatrade.comMr Ketih Reed: keith.reed@checkatrade.comMr Tom Amis: tom.amis@checkatrade.com')]' not found
	at com.kms.katalon.core.webui.common.WebUiCommonHelper.findWebElement(WebUiCommonHelper.java:1113)
	at com.kms.katalon.core.webui.keyword.internal.WebUIAbstractKeyword.findWebElement(WebUIAbstractKeyword.groovy:27)
	at com.kms.katalon.core.webui.keyword.internal.WebUIAbstractKeyword.findWebElement(WebUIAbstractKeyword.groovy:26)
	at com.kms.katalon.core.webui.keyword.builtin.SelectOptionByValueKeyword$_selectOptionByValue_closure1.doCall(SelectOptionByValueKeyword.groovy:86)
	at com.kms.katalon.core.webui.keyword.builtin.SelectOptionByValueKeyword$_selectOptionByValue_closure1.call(SelectOptionByValueKeyword.groovy)
	at com.kms.katalon.core.webui.keyword.internal.WebUIKeywordMain.runKeyword(WebUIKeywordMain.groovy:20)
	at com.kms.katalon.core.webui.keyword.builtin.SelectOptionByValueKeyword.selectOptionByValue(SelectOptionByValueKeyword.groovy:99)
	at com.kms.katalon.core.webui.keyword.builtin.SelectOptionByValueKeyword.execute(SelectOptionByValueKeyword.groovy:71)
	at com.kms.katalon.core.keyword.internal.KeywordExecutor.executeKeywordForPlatform(KeywordExecutor.groovy:60)
	at com.kms.katalon.core.webui.keyword.WebUiBuiltInKeywords.selectOptionByValue(WebUiBuiltInKeywords.groovy:1138)
	at com.kms.katalon.core.webui.keyword.WebUiBuiltInKeywords$selectOptionByValue$7.call(Unknown Source)
	at Script1570028599978.run(Script1570028599978.groovy:109)
	at com.kms.katalon.core.main.ScriptEngine.run(ScriptEngine.java:194)
	at com.kms.katalon.core.main.ScriptEngine.runScriptAsRawText(ScriptEngine.java:119)
	at com.kms.katalon.core.main.TestCaseExecutor.runScript(TestCaseExecutor.java:337)
	at com.kms.katalon.core.main.TestCaseExecutor.doExecute(TestCaseExecutor.java:328)
	at com.kms.katalon.core.main.TestCaseExecutor.processExecutionPhase(TestCaseExecutor.java:307)
	at com.kms.katalon.core.main.TestCaseExecutor.accessMainPhase(TestCaseExecutor.java:299)
	at com.kms.katalon.core.main.TestCaseExecutor.execute(TestCaseExecutor.java:233)
	at com.kms.katalon.core.main.TestCaseMain.runTestCase(TestCaseMain.java:114)
	at com.kms.katalon.core.keyword.builtin.CallTestCaseKeyword$_callTestCase_closure1.doCall(CallTestCaseKeyword.groovy:59)
	at com.kms.katalon.core.keyword.builtin.CallTestCaseKeyword$_callTestCase_closure1.call(CallTestCaseKeyword.groovy)
	at com.kms.katalon.core.keyword.internal.KeywordMain.runKeyword(KeywordMain.groovy:68)
	at com.kms.katalon.core.keyword.builtin.CallTestCaseKeyword.callTestCase(CallTestCaseKeyword.groovy:81)
	at com.kms.katalon.core.keyword.builtin.CallTestCaseKeyword.execute(CallTestCaseKeyword.groovy:44)
	at com.kms.katalon.core.keyword.internal.KeywordExecutor.executeKeywordForPlatform(KeywordExecutor.groovy:60)
	at com.kms.katalon.core.keyword.BuiltinKeywords.callTestCase(BuiltinKeywords.groovy:334)
	at Script1569933857280.run(Script1569933857280.groovy:74)
	... 13 more
)
	at com.kms.katalon.core.keyword.internal.KeywordMain.stepFailed(KeywordMain.groovy:39)
	at com.kms.katalon.core.webui.keyword.internal.WebUIKeywordMain.stepFailed(WebUIKeywordMain.groovy:64)
	at com.kms.katalon.core.webui.keyword.internal.WebUIKeywordMain.runKeyword(WebUIKeywordMain.groovy:26)
	at com.kms.katalon.core.webui.keyword.builtin.SelectOptionByValueKeyword.selectOptionByValue(SelectOptionByValueKeyword.groovy:99)
	at com.kms.katalon.core.webui.keyword.builtin.SelectOptionByValueKeyword.execute(SelectOptionByValueKeyword.groovy:71)
	at com.kms.katalon.core.keyword.internal.KeywordExecutor.executeKeywordForPlatform(KeywordExecutor.groovy:60)
	at com.kms.katalon.core.webui.keyword.WebUiBuiltInKeywords.selectOptionByValue(WebUiBuiltInKeywords.groovy:1138)
	at com.kms.katalon.core.webui.keyword.WebUiBuiltInKeywords$selectOptionByValue$7.call(Unknown Source)
	at Callback_Request_Settings.run(Callback_Request_Settings:109)
	at com.kms.katalon.core.main.ScriptEngine.run(ScriptEngine.java:194)
	at com.kms.katalon.core.main.ScriptEngine.runScriptAsRawText(ScriptEngine.java:119)
	at com.kms.katalon.core.main.TestCaseExecutor.runScript(TestCaseExecutor.java:337)
	at com.kms.katalon.core.main.TestCaseExecutor.doExecute(TestCaseExecutor.java:328)
	at com.kms.katalon.core.main.TestCaseExecutor.processExecutionPhase(TestCaseExecutor.java:307)
	at com.kms.katalon.core.main.TestCaseExecutor.accessMainPhase(TestCaseExecutor.java:299)
	at com.kms.katalon.core.main.TestCaseExecutor.execute(TestCaseExecutor.java:233)
	at com.kms.katalon.core.main.TestCaseMain.runTestCase(TestCaseMain.java:114)
	at com.kms.katalon.core.keyword.builtin.CallTestCaseKeyword$_callTestCase_closure1.doCall(CallTestCaseKeyword.groovy:59)
	at com.kms.katalon.core.keyword.builtin.CallTestCaseKeyword$_callTestCase_closure1.call(CallTestCaseKeyword.groovy)
	at com.kms.katalon.core.keyword.internal.KeywordMain.runKeyword(KeywordMain.groovy:68)
	at com.kms.katalon.core.keyword.builtin.CallTestCaseKeyword.callTestCase(CallTestCaseKeyword.groovy:81)
	at com.kms.katalon.core.keyword.builtin.CallTestCaseKeyword.execute(CallTestCaseKeyword.groovy:44)
	at com.kms.katalon.core.keyword.internal.KeywordExecutor.executeKeywordForPlatform(KeywordExecutor.groovy:60)
	at com.kms.katalon.core.keyword.BuiltinKeywords.callTestCase(BuiltinKeywords.groovy:334)
	at Callback_Requests.run(Callback_Requests:74)
	at com.kms.katalon.core.main.ScriptEngine.run(ScriptEngine.java:194)
	at com.kms.katalon.core.main.ScriptEngine.runScriptAsRawText(ScriptEngine.java:119)
	at com.kms.katalon.core.main.TestCaseExecutor.runScript(TestCaseExecutor.java:337)
	at com.kms.katalon.core.main.TestCaseExecutor.doExecute(TestCaseExecutor.java:328)
	at com.kms.katalon.core.main.TestCaseExecutor.processExecutionPhase(TestCaseExecutor.java:307)
	at com.kms.katalon.core.main.TestCaseExecutor.accessMainPhase(TestCaseExecutor.java:299)
	at com.kms.katalon.core.main.TestCaseExecutor.execute(TestCaseExecutor.java:233)
	at com.kms.katalon.core.main.TestSuiteExecutor.accessTestCaseMainPhase(TestSuiteExecutor.java:169)
	at com.kms.katalon.core.main.TestSuiteExecutor.accessTestSuiteMainPhase(TestSuiteExecutor.java:142)
	at com.kms.katalon.core.main.TestSuiteExecutor.execute(TestSuiteExecutor.java:91)
	at com.kms.katalon.core.main.TestCaseMain.startTestSuite(TestCaseMain.java:157)
	at com.kms.katalon.core.main.TestCaseMain$startTestSuite$0.call(Unknown Source)
	at TempTestSuite1573128069501.run(TempTestSuite1573128069501.groovy:36)
Caused by: com.kms.katalon.core.exception.StepFailedException: Unable to select option by value '3: Object' of object 'Object Repository/Page_Members Area/Page_Members Area/select_Do not send_1'  using regular expression
	... 37 more
Caused by: com.kms.katalon.core.webui.exception.WebElementNotFoundException: Web element with id: 'Object Repository/Page_Members Area/Page_Members Area/select_Do not send_1' located by 'By.xpath: //*[@id = 'form-field-1' and @name = 'emailDDL' and (text() = 'Do not sendOtherCompany email address: jon.wood@checkatrade.comMr Daniel Davis: daniel.davis@edaxis.co.ukMr Testing Team: support@checkatrade.comMr Testing Team: support@checkatrade.comMr Alexander Nunn: alexander.nunn@checkatrade.comMr Alexander Nunn: alexander.nunn@checkatrade.comMr Alex McCallio: alex.mccallion@hotmail.co.ukMrs Sindhura Voona: christopher.byrom@blah.comMrs Sindhura Voona: christopher.byrom@blah.comMr Rehana Shadab: rehana.shedab@checkatrade.comMr Richard Audemars: richard.audemars@checkatrade.comMr Sian Taylor: sian.taylor@checkatrade.comMr Chantel Lineham: chantel.lineham@checkatrade.comMr Neil Hibbert: neil.hibbert@checkatrade.comMiss Eleanor Jordan: eleanor.jordan@checkatrade.comMr Ivan G-S: ivan.gutowski-smith@checkatrade.comMr Ciar Baharie: ciar.baharie@checkatrade.comMr Ryan B: ryan.butt@checkatrade.comMr Michael Eason: michael.eason@checkatrade.comMr Mike Fairman: mike.fairman@checkatrade.comMrs Becky Cheshire: becky.cheshire@checkatrade.comMr Colin Wisdom: colin.wisdom@checkatrade.comMr Simon Ip: simon.ip@checkatrade.comMr Chris Almond: chris.almond@standingongiants.comMr Mark Bagnall: mark.bagnall@checkatrade.comMr Jon Wood: jon.wood@checkatrade.comMr Linda Hardy: linda.hardy@checkatrade.comMr Dan Staples: dan.staples@checkatrade.comMr Charlotte Carter: charlotte.carter@checkatrade.comMr L P: l.p@checkatrade.comMr Ketih Reed: keith.reed@checkatrade.comMr Tom Amis: tom.amis@checkatrade.com' or . = 'Do not sendOtherCompany email address: jon.wood@checkatrade.comMr Daniel Davis: daniel.davis@edaxis.co.ukMr Testing Team: support@checkatrade.comMr Testing Team: support@checkatrade.comMr Alexander Nunn: alexander.nunn@checkatrade.comMr Alexander Nunn: alexander.nunn@checkatrade.comMr Alex McCallio: alex.mccallion@hotmail.co.ukMrs Sindhura Voona: christopher.byrom@blah.comMrs Sindhura Voona: christopher.byrom@blah.comMr Rehana Shadab: rehana.shedab@checkatrade.comMr Richard Audemars: richard.audemars@checkatrade.comMr Sian Taylor: sian.taylor@checkatrade.comMr Chantel Lineham: chantel.lineham@checkatrade.comMr Neil Hibbert: neil.hibbert@checkatrade.comMiss Eleanor Jordan: eleanor.jordan@checkatrade.comMr Ivan G-S: ivan.gutowski-smith@checkatrade.comMr Ciar Baharie: ciar.baharie@checkatrade.comMr Ryan B: ryan.butt@checkatrade.comMr Michael Eason: michael.eason@checkatrade.comMr Mike Fairman: mike.fairman@checkatrade.comMrs Becky Cheshire: becky.cheshire@checkatrade.comMr Colin Wisdom: colin.wisdom@checkatrade.comMr Simon Ip: simon.ip@checkatrade.comMr Chris Almond: chris.almond@standingongiants.comMr Mark Bagnall: mark.bagnall@checkatrade.comMr Jon Wood: jon.wood@checkatrade.comMr Linda Hardy: linda.hardy@checkatrade.comMr Dan Staples: dan.staples@checkatrade.comMr Charlotte Carter: charlotte.carter@checkatrade.comMr L P: l.p@checkatrade.comMr Ketih Reed: keith.reed@checkatrade.comMr Tom Amis: tom.amis@checkatrade.com')]' not found
	at com.kms.katalon.core.webui.common.WebUiCommonHelper.findWebElement(WebUiCommonHelper.java:1113)
	at com.kms.katalon.core.webui.keyword.internal.WebUIAbstractKeyword.findWebElement(WebUIAbstractKeyword.groovy:27)
	at com.kms.katalon.core.webui.keyword.internal.WebUIAbstractKeyword.findWebElement(WebUIAbstractKeyword.groovy:26)
	at com.kms.katalon.core.webui.keyword.builtin.SelectOptionByValueKeyword$_selectOptionByValue_closure1.doCall(SelectOptionByValueKeyword.groovy:86)
	at com.kms.katalon.core.webui.keyword.builtin.SelectOptionByValueKeyword$_selectOptionByValue_closure1.call(SelectOptionByValueKeyword.groovy)
	at com.kms.katalon.core.webui.keyword.internal.WebUIKeywordMain.runKeyword(WebUIKeywordMain.groovy:20)
	... 35 more


2019-11-07 12:02:20 - [TEST_STEP][PASSED] - waitForPageLoad(25): Wait for page load successfully

2019-11-07 12:02:20 - [MESSAGE][PASSED] - Wait for page load successfully

2019-11-07 12:02:20 - [TEST_STEP][PASSED] - waitForElementPresent(findTestObject("Object Repository/Page_Members Area/a_Settings"), 50): Object 'Object Repository/Page_Members Area/a_Settings' is present

2019-11-07 12:02:22 - [MESSAGE][PASSED] - Object 'Object Repository/Page_Members Area/a_Settings' is present

2019-11-07 12:02:22 - [TEST_STEP][PASSED] - "---------------------------------": null

2019-11-07 12:02:22 - [TEST_STEP][PASSED] - "DEFAULT TAB - Published Feedback ": null

2019-11-07 12:02:22 - [TEST_STEP][PASSED] - "----------------------------------------------": null

2019-11-07 12:02:22 - [TEST_STEP][PASSED] - verifyTextPresent(findTestData("Members_Test_Data").getValue("MEMBER_ID", 1), false): Text '218630' is present on page 

2019-11-07 12:02:22 - [MESSAGE][PASSED] - Text '218630' is present on page 

2019-11-07 12:02:22 - [TEST_STEP][PASSED] - verifyTextPresent("MEMBER ID", false): Text 'MEMBER ID' is present on page 

2019-11-07 12:02:23 - [MESSAGE][PASSED] - Text 'MEMBER ID' is present on page 

2019-11-07 12:02:23 - [TEST_STEP][PASSED] - verifyTextPresent("Your Callback Requests", false): Text 'Your Callback Requests' is present on page 

2019-11-07 12:02:24 - [MESSAGE][PASSED] - Text 'Your Callback Requests' is present on page 

2019-11-07 12:02:24 - [TEST_STEP][PASSED] - verifyTextPresent("Member Notes", false): Text 'Member Notes' is present on page 

2019-11-07 12:02:24 - [MESSAGE][PASSED] - Text 'Member Notes' is present on page 

2019-11-07 12:02:24 - [TEST_STEP][PASSED] - verifyTextPresent("Add/Edit note", false): Text 'Add/Edit note' is present on page 

2019-11-07 12:02:25 - [MESSAGE][PASSED] - Text 'Add/Edit note' is present on page 

2019-11-07 12:02:25 - [TEST_STEP][PASSED] - verifyTextPresent("Customer requests for a Callback appear here and you can also be alerted by text and email", false): Text 'Customer requests for a Callback appear here and you can also be alerted by text and email' is present on page 

2019-11-07 12:02:26 - [MESSAGE][PASSED] - Text 'Customer requests for a Callback appear here and you can also be alerted by text and email' is present on page 

2019-11-07 12:02:26 - [TEST_STEP][PASSED] - verifyTextPresent("These customers are waiting for your call, so even if it’s to let them know", false): Text 'These customers are waiting for your call, so even if it’s to let them know' is present on page 

2019-11-07 12:02:26 - [MESSAGE][PASSED] - Text 'These customers are waiting for your call, so even if it’s to let them know' is present on page 

2019-11-07 12:02:26 - [TEST_STEP][PASSED] - click(findTestObject("Object Repository/Page_Members Area/Page_Members Area/a_Settings")): Object: 'Object Repository/Page_Members Area/Page_Members Area/a_Settings' is clicked on

2019-11-07 12:02:27 - [MESSAGE][PASSED] - Object: 'Object Repository/Page_Members Area/Page_Members Area/a_Settings' is clicked on

2019-11-07 12:02:27 - [TEST_STEP][PASSED] - waitForElementVisible(findTestObject("Object Repository/Callback/work_Alerts_Text"), 10): Object 'Object Repository/Callback/work_Alerts_Text' is visible

2019-11-07 12:02:27 - [MESSAGE][PASSED] - Object 'Object Repository/Callback/work_Alerts_Text' is visible

2019-11-07 12:02:27 - [TEST_STEP][PASSED] - verifyTextPresent("Your Callback Requests", false): Text 'Your Callback Requests' is present on page 

2019-11-07 12:02:27 - [MESSAGE][PASSED] - Text 'Your Callback Requests' is present on page 

2019-11-07 12:02:27 - [TEST_STEP][PASSED] - verifyTextPresent("Where would you like us to send your work alerts", false): Text 'Where would you like us to send your work alerts' is present on page 

2019-11-07 12:02:28 - [MESSAGE][PASSED] - Text 'Where would you like us to send your work alerts' is present on page 

2019-11-07 12:02:28 - [TEST_STEP][PASSED] - verifyTextPresent("Automatic replies", false): Text 'Automatic replies' is present on page 

2019-11-07 12:02:28 - [MESSAGE][PASSED] - Text 'Automatic replies' is present on page 

2019-11-07 12:02:28 - [TEST_STEP][PASSED] - click(findTestObject("Object Repository/Page_Members Area/Page_Members Area/input_Settings_chkDisableWorkAlerts")): Object: 'Object Repository/Page_Members Area/Page_Members Area/input_Settings_chkDisableWorkAlerts' is clicked on

2019-11-07 12:02:29 - [MESSAGE][PASSED] - Object: 'Object Repository/Page_Members Area/Page_Members Area/input_Settings_chkDisableWorkAlerts' is clicked on

2019-11-07 12:02:29 - [TEST_STEP][PASSED] - click(findTestObject("Object Repository/Page_Members Area/Page_Members Area/input_Settings_chkDisableWorkAlerts")): Object: 'Object Repository/Page_Members Area/Page_Members Area/input_Settings_chkDisableWorkAlerts' is clicked on

2019-11-07 12:02:29 - [MESSAGE][PASSED] - Object: 'Object Repository/Page_Members Area/Page_Members Area/input_Settings_chkDisableWorkAlerts' is clicked on

2019-11-07 12:02:29 - [TEST_STEP][FAILED] - selectOptionByValue(findTestObject("Object Repository/Page_Members Area/Page_Members Area/select_Do not send_1"), "3: Object", true): Unable to select option by value '3: Object' of object 'Object Repository/Page_Members Area/Page_Members Area/select_Do not send_1'  using regular expression (Root cause: com.kms.katalon.core.exception.StepFailedException: Unable to select option by value '3: Object' of object 'Object Repository/Page_Members Area/Page_Members Area/select_Do not send_1'  using regular expression
	at com.kms.katalon.core.webui.keyword.internal.WebUIKeywordMain.stepFailed(WebUIKeywordMain.groovy:64)
	at com.kms.katalon.core.webui.keyword.internal.WebUIKeywordMain.runKeyword(WebUIKeywordMain.groovy:26)
	at com.kms.katalon.core.webui.keyword.builtin.SelectOptionByValueKeyword.selectOptionByValue(SelectOptionByValueKeyword.groovy:99)
	at com.kms.katalon.core.webui.keyword.builtin.SelectOptionByValueKeyword.execute(SelectOptionByValueKeyword.groovy:71)
	at com.kms.katalon.core.keyword.internal.KeywordExecutor.executeKeywordForPlatform(KeywordExecutor.groovy:60)
	at com.kms.katalon.core.webui.keyword.WebUiBuiltInKeywords.selectOptionByValue(WebUiBuiltInKeywords.groovy:1138)
	at com.kms.katalon.core.webui.keyword.WebUiBuiltInKeywords$selectOptionByValue$7.call(Unknown Source)
	at Callback_Request_Settings.run(Callback_Request_Settings:109)
	at com.kms.katalon.core.main.ScriptEngine.run(ScriptEngine.java:194)
	at com.kms.katalon.core.main.ScriptEngine.runScriptAsRawText(ScriptEngine.java:119)
	at com.kms.katalon.core.main.TestCaseExecutor.runScript(TestCaseExecutor.java:337)
	at com.kms.katalon.core.main.TestCaseExecutor.doExecute(TestCaseExecutor.java:328)
	at com.kms.katalon.core.main.TestCaseExecutor.processExecutionPhase(TestCaseExecutor.java:307)
	at com.kms.katalon.core.main.TestCaseExecutor.accessMainPhase(TestCaseExecutor.java:299)
	at com.kms.katalon.core.main.TestCaseExecutor.execute(TestCaseExecutor.java:233)
	at com.kms.katalon.core.main.TestCaseMain.runTestCase(TestCaseMain.java:114)
	at com.kms.katalon.core.keyword.builtin.CallTestCaseKeyword$_callTestCase_closure1.doCall(CallTestCaseKeyword.groovy:59)
	at com.kms.katalon.core.keyword.builtin.CallTestCaseKeyword$_callTestCase_closure1.call(CallTestCaseKeyword.groovy)
	at com.kms.katalon.core.keyword.internal.KeywordMain.runKeyword(KeywordMain.groovy:68)
	at com.kms.katalon.core.keyword.builtin.CallTestCaseKeyword.callTestCase(CallTestCaseKeyword.groovy:81)
	at com.kms.katalon.core.keyword.builtin.CallTestCaseKeyword.execute(CallTestCaseKeyword.groovy:44)
	at com.kms.katalon.core.keyword.internal.KeywordExecutor.executeKeywordForPlatform(KeywordExecutor.groovy:60)
	at com.kms.katalon.core.keyword.BuiltinKeywords.callTestCase(BuiltinKeywords.groovy:334)
	at Callback_Requests.run(Callback_Requests:74)
	at com.kms.katalon.core.main.ScriptEngine.run(ScriptEngine.java:194)
	at com.kms.katalon.core.main.ScriptEngine.runScriptAsRawText(ScriptEngine.java:119)
	at com.kms.katalon.core.main.TestCaseExecutor.runScript(TestCaseExecutor.java:337)
	at com.kms.katalon.core.main.TestCaseExecutor.doExecute(TestCaseExecutor.java:328)
	at com.kms.katalon.core.main.TestCaseExecutor.processExecutionPhase(TestCaseExecutor.java:307)
	at com.kms.katalon.core.main.TestCaseExecutor.accessMainPhase(TestCaseExecutor.java:299)
	at com.kms.katalon.core.main.TestCaseExecutor.execute(TestCaseExecutor.java:233)
	at com.kms.katalon.core.main.TestSuiteExecutor.accessTestCaseMainPhase(TestSuiteExecutor.java:169)
	at com.kms.katalon.core.main.TestSuiteExecutor.accessTestSuiteMainPhase(TestSuiteExecutor.java:142)
	at com.kms.katalon.core.main.TestSuiteExecutor.execute(TestSuiteExecutor.java:91)
	at com.kms.katalon.core.main.TestCaseMain.startTestSuite(TestCaseMain.java:157)
	at com.kms.katalon.core.main.TestCaseMain$startTestSuite$0.call(Unknown Source)
	at TempTestSuite1573128069501.run(TempTestSuite1573128069501.groovy:36)
Caused by: com.kms.katalon.core.webui.exception.WebElementNotFoundException: Web element with id: 'Object Repository/Page_Members Area/Page_Members Area/select_Do not send_1' located by 'By.xpath: //*[@id = 'form-field-1' and @name = 'emailDDL' and (text() = 'Do not sendOtherCompany email address: jon.wood@checkatrade.comMr Daniel Davis: daniel.davis@edaxis.co.ukMr Testing Team: support@checkatrade.comMr Testing Team: support@checkatrade.comMr Alexander Nunn: alexander.nunn@checkatrade.comMr Alexander Nunn: alexander.nunn@checkatrade.comMr Alex McCallio: alex.mccallion@hotmail.co.ukMrs Sindhura Voona: christopher.byrom@blah.comMrs Sindhura Voona: christopher.byrom@blah.comMr Rehana Shadab: rehana.shedab@checkatrade.comMr Richard Audemars: richard.audemars@checkatrade.comMr Sian Taylor: sian.taylor@checkatrade.comMr Chantel Lineham: chantel.lineham@checkatrade.comMr Neil Hibbert: neil.hibbert@checkatrade.comMiss Eleanor Jordan: eleanor.jordan@checkatrade.comMr Ivan G-S: ivan.gutowski-smith@checkatrade.comMr Ciar Baharie: ciar.baharie@checkatrade.comMr Ryan B: ryan.butt@checkatrade.comMr Michael Eason: michael.eason@checkatrade.comMr Mike Fairman: mike.fairman@checkatrade.comMrs Becky Cheshire: becky.cheshire@checkatrade.comMr Colin Wisdom: colin.wisdom@checkatrade.comMr Simon Ip: simon.ip@checkatrade.comMr Chris Almond: chris.almond@standingongiants.comMr Mark Bagnall: mark.bagnall@checkatrade.comMr Jon Wood: jon.wood@checkatrade.comMr Linda Hardy: linda.hardy@checkatrade.comMr Dan Staples: dan.staples@checkatrade.comMr Charlotte Carter: charlotte.carter@checkatrade.comMr L P: l.p@checkatrade.comMr Ketih Reed: keith.reed@checkatrade.comMr Tom Amis: tom.amis@checkatrade.com' or . = 'Do not sendOtherCompany email address: jon.wood@checkatrade.comMr Daniel Davis: daniel.davis@edaxis.co.ukMr Testing Team: support@checkatrade.comMr Testing Team: support@checkatrade.comMr Alexander Nunn: alexander.nunn@checkatrade.comMr Alexander Nunn: alexander.nunn@checkatrade.comMr Alex McCallio: alex.mccallion@hotmail.co.ukMrs Sindhura Voona: christopher.byrom@blah.comMrs Sindhura Voona: christopher.byrom@blah.comMr Rehana Shadab: rehana.shedab@checkatrade.comMr Richard Audemars: richard.audemars@checkatrade.comMr Sian Taylor: sian.taylor@checkatrade.comMr Chantel Lineham: chantel.lineham@checkatrade.comMr Neil Hibbert: neil.hibbert@checkatrade.comMiss Eleanor Jordan: eleanor.jordan@checkatrade.comMr Ivan G-S: ivan.gutowski-smith@checkatrade.comMr Ciar Baharie: ciar.baharie@checkatrade.comMr Ryan B: ryan.butt@checkatrade.comMr Michael Eason: michael.eason@checkatrade.comMr Mike Fairman: mike.fairman@checkatrade.comMrs Becky Cheshire: becky.cheshire@checkatrade.comMr Colin Wisdom: colin.wisdom@checkatrade.comMr Simon Ip: simon.ip@checkatrade.comMr Chris Almond: chris.almond@standingongiants.comMr Mark Bagnall: mark.bagnall@checkatrade.comMr Jon Wood: jon.wood@checkatrade.comMr Linda Hardy: linda.hardy@checkatrade.comMr Dan Staples: dan.staples@checkatrade.comMr Charlotte Carter: charlotte.carter@checkatrade.comMr L P: l.p@checkatrade.comMr Ketih Reed: keith.reed@checkatrade.comMr Tom Amis: tom.amis@checkatrade.com')]' not found
	at com.kms.katalon.core.webui.common.WebUiCommonHelper.findWebElement(WebUiCommonHelper.java:1113)
	at com.kms.katalon.core.webui.keyword.internal.WebUIAbstractKeyword.findWebElement(WebUIAbstractKeyword.groovy:27)
	at com.kms.katalon.core.webui.keyword.internal.WebUIAbstractKeyword.findWebElement(WebUIAbstractKeyword.groovy:26)
	at com.kms.katalon.core.webui.keyword.builtin.SelectOptionByValueKeyword$_selectOptionByValue_closure1.doCall(SelectOptionByValueKeyword.groovy:86)
	at com.kms.katalon.core.webui.keyword.builtin.SelectOptionByValueKeyword$_selectOptionByValue_closure1.call(SelectOptionByValueKeyword.groovy)
	at com.kms.katalon.core.webui.keyword.internal.WebUIKeywordMain.runKeyword(WebUIKeywordMain.groovy:20)
	at com.kms.katalon.core.webui.keyword.builtin.SelectOptionByValueKeyword.selectOptionByValue(SelectOptionByValueKeyword.groovy:99)
	at com.kms.katalon.core.webui.keyword.builtin.SelectOptionByValueKeyword.execute(SelectOptionByValueKeyword.groovy:71)
	at com.kms.katalon.core.keyword.internal.KeywordExecutor.executeKeywordForPlatform(KeywordExecutor.groovy:60)
	at com.kms.katalon.core.webui.keyword.WebUiBuiltInKeywords.selectOptionByValue(WebUiBuiltInKeywords.groovy:1138)
	at com.kms.katalon.core.webui.keyword.WebUiBuiltInKeywords$selectOptionByValue$7.call(Unknown Source)
	at Script1570028599978.run(Script1570028599978.groovy:109)
	at com.kms.katalon.core.main.ScriptEngine.run(ScriptEngine.java:194)
	at com.kms.katalon.core.main.ScriptEngine.runScriptAsRawText(ScriptEngine.java:119)
	at com.kms.katalon.core.main.TestCaseExecutor.runScript(TestCaseExecutor.java:337)
	at com.kms.katalon.core.main.TestCaseExecutor.doExecute(TestCaseExecutor.java:328)
	at com.kms.katalon.core.main.TestCaseExecutor.processExecutionPhase(TestCaseExecutor.java:307)
	at com.kms.katalon.core.main.TestCaseExecutor.accessMainPhase(TestCaseExecutor.java:299)
	at com.kms.katalon.core.main.TestCaseExecutor.execute(TestCaseExecutor.java:233)
	at com.kms.katalon.core.main.TestCaseMain.runTestCase(TestCaseMain.java:114)
	at com.kms.katalon.core.keyword.builtin.CallTestCaseKeyword$_callTestCase_closure1.doCall(CallTestCaseKeyword.groovy:59)
	at com.kms.katalon.core.keyword.builtin.CallTestCaseKeyword$_callTestCase_closure1.call(CallTestCaseKeyword.groovy)
	at com.kms.katalon.core.keyword.internal.KeywordMain.runKeyword(KeywordMain.groovy:68)
	at com.kms.katalon.core.keyword.builtin.CallTestCaseKeyword.callTestCase(CallTestCaseKeyword.groovy:81)
	at com.kms.katalon.core.keyword.builtin.CallTestCaseKeyword.execute(CallTestCaseKeyword.groovy:44)
	at com.kms.katalon.core.keyword.internal.KeywordExecutor.executeKeywordForPlatform(KeywordExecutor.groovy:60)
	at com.kms.katalon.core.keyword.BuiltinKeywords.callTestCase(BuiltinKeywords.groovy:334)
	at Script1569933857280.run(Script1569933857280.groovy:74)
	... 13 more
)

2019-11-07 12:03:04 - [MESSAGE][INFO] - Unable to find the element located by 'By.xpath: //*[@id = 'form-field-1' and @name = 'emailDDL' and (text() = 'Do not sendOtherCompany email address: jon.wood@checkatrade.comMr Daniel Davis: daniel.davis@edaxis.co.ukMr Testing Team: support@checkatrade.comMr Testing Team: support@checkatrade.comMr Alexander Nunn: alexander.nunn@checkatrade.comMr Alexander Nunn: alexander.nunn@checkatrade.comMr Alex McCallio: alex.mccallion@hotmail.co.ukMrs Sindhura Voona: christopher.byrom@blah.comMrs Sindhura Voona: christopher.byrom@blah.comMr Rehana Shadab: rehana.shedab@checkatrade.comMr Richard Audemars: richard.audemars@checkatrade.comMr Sian Taylor: sian.taylor@checkatrade.comMr Chantel Lineham: chantel.lineham@checkatrade.comMr Neil Hibbert: neil.hibbert@checkatrade.comMiss Eleanor Jordan: eleanor.jordan@checkatrade.comMr Ivan G-S: ivan.gutowski-smith@checkatrade.comMr Ciar Baharie: ciar.baharie@checkatrade.comMr Ryan B: ryan.butt@checkatrade.comMr Michael Eason: michael.eason@checkatrade.comMr Mike Fairman: mike.fairman@checkatrade.comMrs Becky Cheshire: becky.cheshire@checkatrade.comMr Colin Wisdom: colin.wisdom@checkatrade.comMr Simon Ip: simon.ip@checkatrade.comMr Chris Almond: chris.almond@standingongiants.comMr Mark Bagnall: mark.bagnall@checkatrade.comMr Jon Wood: jon.wood@checkatrade.comMr Linda Hardy: linda.hardy@checkatrade.comMr Dan Staples: dan.staples@checkatrade.comMr Charlotte Carter: charlotte.carter@checkatrade.comMr L P: l.p@checkatrade.comMr Ketih Reed: keith.reed@checkatrade.comMr Tom Amis: tom.amis@checkatrade.com' or . = 'Do not sendOtherCompany email address: jon.wood@checkatrade.comMr Daniel Davis: daniel.davis@edaxis.co.ukMr Testing Team: support@checkatrade.comMr Testing Team: support@checkatrade.comMr Alexander Nunn: alexander.nunn@checkatrade.comMr Alexander Nunn: alexander.nunn@checkatrade.comMr Alex McCallio: alex.mccallion@hotmail.co.ukMrs Sindhura Voona: christopher.byrom@blah.comMrs Sindhura Voona: christopher.byrom@blah.comMr Rehana Shadab: rehana.shedab@checkatrade.comMr Richard Audemars: richard.audemars@checkatrade.comMr Sian Taylor: sian.taylor@checkatrade.comMr Chantel Lineham: chantel.lineham@checkatrade.comMr Neil Hibbert: neil.hibbert@checkatrade.comMiss Eleanor Jordan: eleanor.jordan@checkatrade.comMr Ivan G-S: ivan.gutowski-smith@checkatrade.comMr Ciar Baharie: ciar.baharie@checkatrade.comMr Ryan B: ryan.butt@checkatrade.comMr Michael Eason: michael.eason@checkatrade.comMr Mike Fairman: mike.fairman@checkatrade.comMrs Becky Cheshire: becky.cheshire@checkatrade.comMr Colin Wisdom: colin.wisdom@checkatrade.comMr Simon Ip: simon.ip@checkatrade.comMr Chris Almond: chris.almond@standingongiants.comMr Mark Bagnall: mark.bagnall@checkatrade.comMr Jon Wood: jon.wood@checkatrade.comMr Linda Hardy: linda.hardy@checkatrade.comMr Dan Staples: dan.staples@checkatrade.comMr Charlotte Carter: charlotte.carter@checkatrade.comMr L P: l.p@checkatrade.comMr Ketih Reed: keith.reed@checkatrade.comMr Tom Amis: tom.amis@checkatrade.com')]'. Please recheck the objects properties to make sure the desired element is located. 

2019-11-07 12:03:04 - [MESSAGE][FAILED] - Unable to select option by value '3: Object' of object 'Object Repository/Page_Members Area/Page_Members Area/select_Do not send_1'  using regular expression (Root cause: com.kms.katalon.core.exception.StepFailedException: Unable to select option by value '3: Object' of object 'Object Repository/Page_Members Area/Page_Members Area/select_Do not send_1'  using regular expression
	at com.kms.katalon.core.webui.keyword.internal.WebUIKeywordMain.stepFailed(WebUIKeywordMain.groovy:64)
	at com.kms.katalon.core.webui.keyword.internal.WebUIKeywordMain.runKeyword(WebUIKeywordMain.groovy:26)
	at com.kms.katalon.core.webui.keyword.builtin.SelectOptionByValueKeyword.selectOptionByValue(SelectOptionByValueKeyword.groovy:99)
	at com.kms.katalon.core.webui.keyword.builtin.SelectOptionByValueKeyword.execute(SelectOptionByValueKeyword.groovy:71)
	at com.kms.katalon.core.keyword.internal.KeywordExecutor.executeKeywordForPlatform(KeywordExecutor.groovy:60)
	at com.kms.katalon.core.webui.keyword.WebUiBuiltInKeywords.selectOptionByValue(WebUiBuiltInKeywords.groovy:1138)
	at com.kms.katalon.core.webui.keyword.WebUiBuiltInKeywords$selectOptionByValue$7.call(Unknown Source)
	at Callback_Request_Settings.run(Callback_Request_Settings:109)
	at com.kms.katalon.core.main.ScriptEngine.run(ScriptEngine.java:194)
	at com.kms.katalon.core.main.ScriptEngine.runScriptAsRawText(ScriptEngine.java:119)
	at com.kms.katalon.core.main.TestCaseExecutor.runScript(TestCaseExecutor.java:337)
	at com.kms.katalon.core.main.TestCaseExecutor.doExecute(TestCaseExecutor.java:328)
	at com.kms.katalon.core.main.TestCaseExecutor.processExecutionPhase(TestCaseExecutor.java:307)
	at com.kms.katalon.core.main.TestCaseExecutor.accessMainPhase(TestCaseExecutor.java:299)
	at com.kms.katalon.core.main.TestCaseExecutor.execute(TestCaseExecutor.java:233)
	at com.kms.katalon.core.main.TestCaseMain.runTestCase(TestCaseMain.java:114)
	at com.kms.katalon.core.keyword.builtin.CallTestCaseKeyword$_callTestCase_closure1.doCall(CallTestCaseKeyword.groovy:59)
	at com.kms.katalon.core.keyword.builtin.CallTestCaseKeyword$_callTestCase_closure1.call(CallTestCaseKeyword.groovy)
	at com.kms.katalon.core.keyword.internal.KeywordMain.runKeyword(KeywordMain.groovy:68)
	at com.kms.katalon.core.keyword.builtin.CallTestCaseKeyword.callTestCase(CallTestCaseKeyword.groovy:81)
	at com.kms.katalon.core.keyword.builtin.CallTestCaseKeyword.execute(CallTestCaseKeyword.groovy:44)
	at com.kms.katalon.core.keyword.internal.KeywordExecutor.executeKeywordForPlatform(KeywordExecutor.groovy:60)
	at com.kms.katalon.core.keyword.BuiltinKeywords.callTestCase(BuiltinKeywords.groovy:334)
	at Callback_Requests.run(Callback_Requests:74)
	at com.kms.katalon.core.main.ScriptEngine.run(ScriptEngine.java:194)
	at com.kms.katalon.core.main.ScriptEngine.runScriptAsRawText(ScriptEngine.java:119)
	at com.kms.katalon.core.main.TestCaseExecutor.runScript(TestCaseExecutor.java:337)
	at com.kms.katalon.core.main.TestCaseExecutor.doExecute(TestCaseExecutor.java:328)
	at com.kms.katalon.core.main.TestCaseExecutor.processExecutionPhase(TestCaseExecutor.java:307)
	at com.kms.katalon.core.main.TestCaseExecutor.accessMainPhase(TestCaseExecutor.java:299)
	at com.kms.katalon.core.main.TestCaseExecutor.execute(TestCaseExecutor.java:233)
	at com.kms.katalon.core.main.TestSuiteExecutor.accessTestCaseMainPhase(TestSuiteExecutor.java:169)
	at com.kms.katalon.core.main.TestSuiteExecutor.accessTestSuiteMainPhase(TestSuiteExecutor.java:142)
	at com.kms.katalon.core.main.TestSuiteExecutor.execute(TestSuiteExecutor.java:91)
	at com.kms.katalon.core.main.TestCaseMain.startTestSuite(TestCaseMain.java:157)
	at com.kms.katalon.core.main.TestCaseMain$startTestSuite$0.call(Unknown Source)
	at TempTestSuite1573128069501.run(TempTestSuite1573128069501.groovy:36)
Caused by: com.kms.katalon.core.webui.exception.WebElementNotFoundException: Web element with id: 'Object Repository/Page_Members Area/Page_Members Area/select_Do not send_1' located by 'By.xpath: //*[@id = 'form-field-1' and @name = 'emailDDL' and (text() = 'Do not sendOtherCompany email address: jon.wood@checkatrade.comMr Daniel Davis: daniel.davis@edaxis.co.ukMr Testing Team: support@checkatrade.comMr Testing Team: support@checkatrade.comMr Alexander Nunn: alexander.nunn@checkatrade.comMr Alexander Nunn: alexander.nunn@checkatrade.comMr Alex McCallio: alex.mccallion@hotmail.co.ukMrs Sindhura Voona: christopher.byrom@blah.comMrs Sindhura Voona: christopher.byrom@blah.comMr Rehana Shadab: rehana.shedab@checkatrade.comMr Richard Audemars: richard.audemars@checkatrade.comMr Sian Taylor: sian.taylor@checkatrade.comMr Chantel Lineham: chantel.lineham@checkatrade.comMr Neil Hibbert: neil.hibbert@checkatrade.comMiss Eleanor Jordan: eleanor.jordan@checkatrade.comMr Ivan G-S: ivan.gutowski-smith@checkatrade.comMr Ciar Baharie: ciar.baharie@checkatrade.comMr Ryan B: ryan.butt@checkatrade.comMr Michael Eason: michael.eason@checkatrade.comMr Mike Fairman: mike.fairman@checkatrade.comMrs Becky Cheshire: becky.cheshire@checkatrade.comMr Colin Wisdom: colin.wisdom@checkatrade.comMr Simon Ip: simon.ip@checkatrade.comMr Chris Almond: chris.almond@standingongiants.comMr Mark Bagnall: mark.bagnall@checkatrade.comMr Jon Wood: jon.wood@checkatrade.comMr Linda Hardy: linda.hardy@checkatrade.comMr Dan Staples: dan.staples@checkatrade.comMr Charlotte Carter: charlotte.carter@checkatrade.comMr L P: l.p@checkatrade.comMr Ketih Reed: keith.reed@checkatrade.comMr Tom Amis: tom.amis@checkatrade.com' or . = 'Do not sendOtherCompany email address: jon.wood@checkatrade.comMr Daniel Davis: daniel.davis@edaxis.co.ukMr Testing Team: support@checkatrade.comMr Testing Team: support@checkatrade.comMr Alexander Nunn: alexander.nunn@checkatrade.comMr Alexander Nunn: alexander.nunn@checkatrade.comMr Alex McCallio: alex.mccallion@hotmail.co.ukMrs Sindhura Voona: christopher.byrom@blah.comMrs Sindhura Voona: christopher.byrom@blah.comMr Rehana Shadab: rehana.shedab@checkatrade.comMr Richard Audemars: richard.audemars@checkatrade.comMr Sian Taylor: sian.taylor@checkatrade.comMr Chantel Lineham: chantel.lineham@checkatrade.comMr Neil Hibbert: neil.hibbert@checkatrade.comMiss Eleanor Jordan: eleanor.jordan@checkatrade.comMr Ivan G-S: ivan.gutowski-smith@checkatrade.comMr Ciar Baharie: ciar.baharie@checkatrade.comMr Ryan B: ryan.butt@checkatrade.comMr Michael Eason: michael.eason@checkatrade.comMr Mike Fairman: mike.fairman@checkatrade.comMrs Becky Cheshire: becky.cheshire@checkatrade.comMr Colin Wisdom: colin.wisdom@checkatrade.comMr Simon Ip: simon.ip@checkatrade.comMr Chris Almond: chris.almond@standingongiants.comMr Mark Bagnall: mark.bagnall@checkatrade.comMr Jon Wood: jon.wood@checkatrade.comMr Linda Hardy: linda.hardy@checkatrade.comMr Dan Staples: dan.staples@checkatrade.comMr Charlotte Carter: charlotte.carter@checkatrade.comMr L P: l.p@checkatrade.comMr Ketih Reed: keith.reed@checkatrade.comMr Tom Amis: tom.amis@checkatrade.com')]' not found
	at com.kms.katalon.core.webui.common.WebUiCommonHelper.findWebElement(WebUiCommonHelper.java:1113)
	at com.kms.katalon.core.webui.keyword.internal.WebUIAbstractKeyword.findWebElement(WebUIAbstractKeyword.groovy:27)
	at com.kms.katalon.core.webui.keyword.internal.WebUIAbstractKeyword.findWebElement(WebUIAbstractKeyword.groovy:26)
	at com.kms.katalon.core.webui.keyword.builtin.SelectOptionByValueKeyword$_selectOptionByValue_closure1.doCall(SelectOptionByValueKeyword.groovy:86)
	at com.kms.katalon.core.webui.keyword.builtin.SelectOptionByValueKeyword$_selectOptionByValue_closure1.call(SelectOptionByValueKeyword.groovy)
	at com.kms.katalon.core.webui.keyword.internal.WebUIKeywordMain.runKeyword(WebUIKeywordMain.groovy:20)
	at com.kms.katalon.core.webui.keyword.builtin.SelectOptionByValueKeyword.selectOptionByValue(SelectOptionByValueKeyword.groovy:99)
	at com.kms.katalon.core.webui.keyword.builtin.SelectOptionByValueKeyword.execute(SelectOptionByValueKeyword.groovy:71)
	at com.kms.katalon.core.keyword.internal.KeywordExecutor.executeKeywordForPlatform(KeywordExecutor.groovy:60)
	at com.kms.katalon.core.webui.keyword.WebUiBuiltInKeywords.selectOptionByValue(WebUiBuiltInKeywords.groovy:1138)
	at com.kms.katalon.core.webui.keyword.WebUiBuiltInKeywords$selectOptionByValue$7.call(Unknown Source)
	at Script1570028599978.run(Script1570028599978.groovy:109)
	at com.kms.katalon.core.main.ScriptEngine.run(ScriptEngine.java:194)
	at com.kms.katalon.core.main.ScriptEngine.runScriptAsRawText(ScriptEngine.java:119)
	at com.kms.katalon.core.main.TestCaseExecutor.runScript(TestCaseExecutor.java:337)
	at com.kms.katalon.core.main.TestCaseExecutor.doExecute(TestCaseExecutor.java:328)
	at com.kms.katalon.core.main.TestCaseExecutor.processExecutionPhase(TestCaseExecutor.java:307)
	at com.kms.katalon.core.main.TestCaseExecutor.accessMainPhase(TestCaseExecutor.java:299)
	at com.kms.katalon.core.main.TestCaseExecutor.execute(TestCaseExecutor.java:233)
	at com.kms.katalon.core.main.TestCaseMain.runTestCase(TestCaseMain.java:114)
	at com.kms.katalon.core.keyword.builtin.CallTestCaseKeyword$_callTestCase_closure1.doCall(CallTestCaseKeyword.groovy:59)
	at com.kms.katalon.core.keyword.builtin.CallTestCaseKeyword$_callTestCase_closure1.call(CallTestCaseKeyword.groovy)
	at com.kms.katalon.core.keyword.internal.KeywordMain.runKeyword(KeywordMain.groovy:68)
	at com.kms.katalon.core.keyword.builtin.CallTestCaseKeyword.callTestCase(CallTestCaseKeyword.groovy:81)
	at com.kms.katalon.core.keyword.builtin.CallTestCaseKeyword.execute(CallTestCaseKeyword.groovy:44)
	at com.kms.katalon.core.keyword.internal.KeywordExecutor.executeKeywordForPlatform(KeywordExecutor.groovy:60)
	at com.kms.katalon.core.keyword.BuiltinKeywords.callTestCase(BuiltinKeywords.groovy:334)
	at Script1569933857280.run(Script1569933857280.groovy:74)
	... 13 more
)
[[ATTACHMENT|C:\\Users\\davidho\\Katalon Studio\\Start\\Reports\\20191107_120108\\Members_Callback\\20191107_120109\\1573128184139.png]]

2019-11-07 12:03:04 - [TEST_STEP][FAILED] - selectOptionByValue(findTestObject("Object Repository/Page_Members Area/Page_Members Area/select_Do not send_1"), "14: Object", true): Unable to select option by value '14: Object' of object 'Object Repository/Page_Members Area/Page_Members Area/select_Do not send_1'  using regular expression (Root cause: com.kms.katalon.core.exception.StepFailedException: Unable to select option by value '14: Object' of object 'Object Repository/Page_Members Area/Page_Members Area/select_Do not send_1'  using regular expression
	at com.kms.katalon.core.webui.keyword.internal.WebUIKeywordMain.stepFailed(WebUIKeywordMain.groovy:64)
	at com.kms.katalon.core.webui.keyword.internal.WebUIKeywordMain.runKeyword(WebUIKeywordMain.groovy:26)
	at com.kms.katalon.core.webui.keyword.builtin.SelectOptionByValueKeyword.selectOptionByValue(SelectOptionByValueKeyword.groovy:99)
	at com.kms.katalon.core.webui.keyword.builtin.SelectOptionByValueKeyword.execute(SelectOptionByValueKeyword.groovy:71)
	at com.kms.katalon.core.keyword.internal.KeywordExecutor.executeKeywordForPlatform(KeywordExecutor.groovy:60)
	at com.kms.katalon.core.webui.keyword.WebUiBuiltInKeywords.selectOptionByValue(WebUiBuiltInKeywords.groovy:1138)
	at com.kms.katalon.core.webui.keyword.WebUiBuiltInKeywords$selectOptionByValue$7.call(Unknown Source)
	at Callback_Request_Settings.run(Callback_Request_Settings:113)
	at com.kms.katalon.core.main.ScriptEngine.run(ScriptEngine.java:194)
	at com.kms.katalon.core.main.ScriptEngine.runScriptAsRawText(ScriptEngine.java:119)
	at com.kms.katalon.core.main.TestCaseExecutor.runScript(TestCaseExecutor.java:337)
	at com.kms.katalon.core.main.TestCaseExecutor.doExecute(TestCaseExecutor.java:328)
	at com.kms.katalon.core.main.TestCaseExecutor.processExecutionPhase(TestCaseExecutor.java:307)
	at com.kms.katalon.core.main.TestCaseExecutor.accessMainPhase(TestCaseExecutor.java:299)
	at com.kms.katalon.core.main.TestCaseExecutor.execute(TestCaseExecutor.java:233)
	at com.kms.katalon.core.main.TestCaseMain.runTestCase(TestCaseMain.java:114)
	at com.kms.katalon.core.keyword.builtin.CallTestCaseKeyword$_callTestCase_closure1.doCall(CallTestCaseKeyword.groovy:59)
	at com.kms.katalon.core.keyword.builtin.CallTestCaseKeyword$_callTestCase_closure1.call(CallTestCaseKeyword.groovy)
	at com.kms.katalon.core.keyword.internal.KeywordMain.runKeyword(KeywordMain.groovy:68)
	at com.kms.katalon.core.keyword.builtin.CallTestCaseKeyword.callTestCase(CallTestCaseKeyword.groovy:81)
	at com.kms.katalon.core.keyword.builtin.CallTestCaseKeyword.execute(CallTestCaseKeyword.groovy:44)
	at com.kms.katalon.core.keyword.internal.KeywordExecutor.executeKeywordForPlatform(KeywordExecutor.groovy:60)
	at com.kms.katalon.core.keyword.BuiltinKeywords.callTestCase(BuiltinKeywords.groovy:334)
	at Callback_Requests.run(Callback_Requests:74)
	at com.kms.katalon.core.main.ScriptEngine.run(ScriptEngine.java:194)
	at com.kms.katalon.core.main.ScriptEngine.runScriptAsRawText(ScriptEngine.java:119)
	at com.kms.katalon.core.main.TestCaseExecutor.runScript(TestCaseExecutor.java:337)
	at com.kms.katalon.core.main.TestCaseExecutor.doExecute(TestCaseExecutor.java:328)
	at com.kms.katalon.core.main.TestCaseExecutor.processExecutionPhase(TestCaseExecutor.java:307)
	at com.kms.katalon.core.main.TestCaseExecutor.accessMainPhase(TestCaseExecutor.java:299)
	at com.kms.katalon.core.main.TestCaseExecutor.execute(TestCaseExecutor.java:233)
	at com.kms.katalon.core.main.TestSuiteExecutor.accessTestCaseMainPhase(TestSuiteExecutor.java:169)
	at com.kms.katalon.core.main.TestSuiteExecutor.accessTestSuiteMainPhase(TestSuiteExecutor.java:142)
	at com.kms.katalon.core.main.TestSuiteExecutor.execute(TestSuiteExecutor.java:91)
	at com.kms.katalon.core.main.TestCaseMain.startTestSuite(TestCaseMain.java:157)
	at com.kms.katalon.core.main.TestCaseMain$startTestSuite$0.call(Unknown Source)
	at TempTestSuite1573128069501.run(TempTestSuite1573128069501.groovy:36)
Caused by: com.kms.katalon.core.webui.exception.WebElementNotFoundException: Web element with id: 'Object Repository/Page_Members Area/Page_Members Area/select_Do not send_1' located by 'By.xpath: //*[@id = 'form-field-1' and @name = 'emailDDL' and (text() = 'Do not sendOtherCompany email address: jon.wood@checkatrade.comMr Daniel Davis: daniel.davis@edaxis.co.ukMr Testing Team: support@checkatrade.comMr Testing Team: support@checkatrade.comMr Alexander Nunn: alexander.nunn@checkatrade.comMr Alexander Nunn: alexander.nunn@checkatrade.comMr Alex McCallio: alex.mccallion@hotmail.co.ukMrs Sindhura Voona: christopher.byrom@blah.comMrs Sindhura Voona: christopher.byrom@blah.comMr Rehana Shadab: rehana.shedab@checkatrade.comMr Richard Audemars: richard.audemars@checkatrade.comMr Sian Taylor: sian.taylor@checkatrade.comMr Chantel Lineham: chantel.lineham@checkatrade.comMr Neil Hibbert: neil.hibbert@checkatrade.comMiss Eleanor Jordan: eleanor.jordan@checkatrade.comMr Ivan G-S: ivan.gutowski-smith@checkatrade.comMr Ciar Baharie: ciar.baharie@checkatrade.comMr Ryan B: ryan.butt@checkatrade.comMr Michael Eason: michael.eason@checkatrade.comMr Mike Fairman: mike.fairman@checkatrade.comMrs Becky Cheshire: becky.cheshire@checkatrade.comMr Colin Wisdom: colin.wisdom@checkatrade.comMr Simon Ip: simon.ip@checkatrade.comMr Chris Almond: chris.almond@standingongiants.comMr Mark Bagnall: mark.bagnall@checkatrade.comMr Jon Wood: jon.wood@checkatrade.comMr Linda Hardy: linda.hardy@checkatrade.comMr Dan Staples: dan.staples@checkatrade.comMr Charlotte Carter: charlotte.carter@checkatrade.comMr L P: l.p@checkatrade.comMr Ketih Reed: keith.reed@checkatrade.comMr Tom Amis: tom.amis@checkatrade.com' or . = 'Do not sendOtherCompany email address: jon.wood@checkatrade.comMr Daniel Davis: daniel.davis@edaxis.co.ukMr Testing Team: support@checkatrade.comMr Testing Team: support@checkatrade.comMr Alexander Nunn: alexander.nunn@checkatrade.comMr Alexander Nunn: alexander.nunn@checkatrade.comMr Alex McCallio: alex.mccallion@hotmail.co.ukMrs Sindhura Voona: christopher.byrom@blah.comMrs Sindhura Voona: christopher.byrom@blah.comMr Rehana Shadab: rehana.shedab@checkatrade.comMr Richard Audemars: richard.audemars@checkatrade.comMr Sian Taylor: sian.taylor@checkatrade.comMr Chantel Lineham: chantel.lineham@checkatrade.comMr Neil Hibbert: neil.hibbert@checkatrade.comMiss Eleanor Jordan: eleanor.jordan@checkatrade.comMr Ivan G-S: ivan.gutowski-smith@checkatrade.comMr Ciar Baharie: ciar.baharie@checkatrade.comMr Ryan B: ryan.butt@checkatrade.comMr Michael Eason: michael.eason@checkatrade.comMr Mike Fairman: mike.fairman@checkatrade.comMrs Becky Cheshire: becky.cheshire@checkatrade.comMr Colin Wisdom: colin.wisdom@checkatrade.comMr Simon Ip: simon.ip@checkatrade.comMr Chris Almond: chris.almond@standingongiants.comMr Mark Bagnall: mark.bagnall@checkatrade.comMr Jon Wood: jon.wood@checkatrade.comMr Linda Hardy: linda.hardy@checkatrade.comMr Dan Staples: dan.staples@checkatrade.comMr Charlotte Carter: charlotte.carter@checkatrade.comMr L P: l.p@checkatrade.comMr Ketih Reed: keith.reed@checkatrade.comMr Tom Amis: tom.amis@checkatrade.com')]' not found
	at com.kms.katalon.core.webui.common.WebUiCommonHelper.findWebElement(WebUiCommonHelper.java:1113)
	at com.kms.katalon.core.webui.keyword.internal.WebUIAbstractKeyword.findWebElement(WebUIAbstractKeyword.groovy:27)
	at com.kms.katalon.core.webui.keyword.internal.WebUIAbstractKeyword.findWebElement(WebUIAbstractKeyword.groovy:26)
	at com.kms.katalon.core.webui.keyword.builtin.SelectOptionByValueKeyword$_selectOptionByValue_closure1.doCall(SelectOptionByValueKeyword.groovy:86)
	at com.kms.katalon.core.webui.keyword.builtin.SelectOptionByValueKeyword$_selectOptionByValue_closure1.call(SelectOptionByValueKeyword.groovy)
	at com.kms.katalon.core.webui.keyword.internal.WebUIKeywordMain.runKeyword(WebUIKeywordMain.groovy:20)
	at com.kms.katalon.core.webui.keyword.builtin.SelectOptionByValueKeyword.selectOptionByValue(SelectOptionByValueKeyword.groovy:99)
	at com.kms.katalon.core.webui.keyword.builtin.SelectOptionByValueKeyword.execute(SelectOptionByValueKeyword.groovy:71)
	at com.kms.katalon.core.keyword.internal.KeywordExecutor.executeKeywordForPlatform(KeywordExecutor.groovy:60)
	at com.kms.katalon.core.webui.keyword.WebUiBuiltInKeywords.selectOptionByValue(WebUiBuiltInKeywords.groovy:1138)
	at com.kms.katalon.core.webui.keyword.WebUiBuiltInKeywords$selectOptionByValue$7.call(Unknown Source)
	at Script1570028599978.run(Script1570028599978.groovy:113)
	at com.kms.katalon.core.main.ScriptEngine.run(ScriptEngine.java:194)
	at com.kms.katalon.core.main.ScriptEngine.runScriptAsRawText(ScriptEngine.java:119)
	at com.kms.katalon.core.main.TestCaseExecutor.runScript(TestCaseExecutor.java:337)
	at com.kms.katalon.core.main.TestCaseExecutor.doExecute(TestCaseExecutor.java:328)
	at com.kms.katalon.core.main.TestCaseExecutor.processExecutionPhase(TestCaseExecutor.java:307)
	at com.kms.katalon.core.main.TestCaseExecutor.accessMainPhase(TestCaseExecutor.java:299)
	at com.kms.katalon.core.main.TestCaseExecutor.execute(TestCaseExecutor.java:233)
	at com.kms.katalon.core.main.TestCaseMain.runTestCase(TestCaseMain.java:114)
	at com.kms.katalon.core.keyword.builtin.CallTestCaseKeyword$_callTestCase_closure1.doCall(CallTestCaseKeyword.groovy:59)
	at com.kms.katalon.core.keyword.builtin.CallTestCaseKeyword$_callTestCase_closure1.call(CallTestCaseKeyword.groovy)
	at com.kms.katalon.core.keyword.internal.KeywordMain.runKeyword(KeywordMain.groovy:68)
	at com.kms.katalon.core.keyword.builtin.CallTestCaseKeyword.callTestCase(CallTestCaseKeyword.groovy:81)
	at com.kms.katalon.core.keyword.builtin.CallTestCaseKeyword.execute(CallTestCaseKeyword.groovy:44)
	at com.kms.katalon.core.keyword.internal.KeywordExecutor.executeKeywordForPlatform(KeywordExecutor.groovy:60)
	at com.kms.katalon.core.keyword.BuiltinKeywords.callTestCase(BuiltinKeywords.groovy:334)
	at Script1569933857280.run(Script1569933857280.groovy:74)
	... 13 more
)

2019-11-07 12:03:39 - [MESSAGE][INFO] - Unable to find the element located by 'By.xpath: //*[@id = 'form-field-1' and @name = 'emailDDL' and (text() = 'Do not sendOtherCompany email address: jon.wood@checkatrade.comMr Daniel Davis: daniel.davis@edaxis.co.ukMr Testing Team: support@checkatrade.comMr Testing Team: support@checkatrade.comMr Alexander Nunn: alexander.nunn@checkatrade.comMr Alexander Nunn: alexander.nunn@checkatrade.comMr Alex McCallio: alex.mccallion@hotmail.co.ukMrs Sindhura Voona: christopher.byrom@blah.comMrs Sindhura Voona: christopher.byrom@blah.comMr Rehana Shadab: rehana.shedab@checkatrade.comMr Richard Audemars: richard.audemars@checkatrade.comMr Sian Taylor: sian.taylor@checkatrade.comMr Chantel Lineham: chantel.lineham@checkatrade.comMr Neil Hibbert: neil.hibbert@checkatrade.comMiss Eleanor Jordan: eleanor.jordan@checkatrade.comMr Ivan G-S: ivan.gutowski-smith@checkatrade.comMr Ciar Baharie: ciar.baharie@checkatrade.comMr Ryan B: ryan.butt@checkatrade.comMr Michael Eason: michael.eason@checkatrade.comMr Mike Fairman: mike.fairman@checkatrade.comMrs Becky Cheshire: becky.cheshire@checkatrade.comMr Colin Wisdom: colin.wisdom@checkatrade.comMr Simon Ip: simon.ip@checkatrade.comMr Chris Almond: chris.almond@standingongiants.comMr Mark Bagnall: mark.bagnall@checkatrade.comMr Jon Wood: jon.wood@checkatrade.comMr Linda Hardy: linda.hardy@checkatrade.comMr Dan Staples: dan.staples@checkatrade.comMr Charlotte Carter: charlotte.carter@checkatrade.comMr L P: l.p@checkatrade.comMr Ketih Reed: keith.reed@checkatrade.comMr Tom Amis: tom.amis@checkatrade.com' or . = 'Do not sendOtherCompany email address: jon.wood@checkatrade.comMr Daniel Davis: daniel.davis@edaxis.co.ukMr Testing Team: support@checkatrade.comMr Testing Team: support@checkatrade.comMr Alexander Nunn: alexander.nunn@checkatrade.comMr Alexander Nunn: alexander.nunn@checkatrade.comMr Alex McCallio: alex.mccallion@hotmail.co.ukMrs Sindhura Voona: christopher.byrom@blah.comMrs Sindhura Voona: christopher.byrom@blah.comMr Rehana Shadab: rehana.shedab@checkatrade.comMr Richard Audemars: richard.audemars@checkatrade.comMr Sian Taylor: sian.taylor@checkatrade.comMr Chantel Lineham: chantel.lineham@checkatrade.comMr Neil Hibbert: neil.hibbert@checkatrade.comMiss Eleanor Jordan: eleanor.jordan@checkatrade.comMr Ivan G-S: ivan.gutowski-smith@checkatrade.comMr Ciar Baharie: ciar.baharie@checkatrade.comMr Ryan B: ryan.butt@checkatrade.comMr Michael Eason: michael.eason@checkatrade.comMr Mike Fairman: mike.fairman@checkatrade.comMrs Becky Cheshire: becky.cheshire@checkatrade.comMr Colin Wisdom: colin.wisdom@checkatrade.comMr Simon Ip: simon.ip@checkatrade.comMr Chris Almond: chris.almond@standingongiants.comMr Mark Bagnall: mark.bagnall@checkatrade.comMr Jon Wood: jon.wood@checkatrade.comMr Linda Hardy: linda.hardy@checkatrade.comMr Dan Staples: dan.staples@checkatrade.comMr Charlotte Carter: charlotte.carter@checkatrade.comMr L P: l.p@checkatrade.comMr Ketih Reed: keith.reed@checkatrade.comMr Tom Amis: tom.amis@checkatrade.com')]'. Please recheck the objects properties to make sure the desired element is located. 

2019-11-07 12:03:39 - [MESSAGE][FAILED] - Unable to select option by value '14: Object' of object 'Object Repository/Page_Members Area/Page_Members Area/select_Do not send_1'  using regular expression (Root cause: com.kms.katalon.core.exception.StepFailedException: Unable to select option by value '14: Object' of object 'Object Repository/Page_Members Area/Page_Members Area/select_Do not send_1'  using regular expression
	at com.kms.katalon.core.webui.keyword.internal.WebUIKeywordMain.stepFailed(WebUIKeywordMain.groovy:64)
	at com.kms.katalon.core.webui.keyword.internal.WebUIKeywordMain.runKeyword(WebUIKeywordMain.groovy:26)
	at com.kms.katalon.core.webui.keyword.builtin.SelectOptionByValueKeyword.selectOptionByValue(SelectOptionByValueKeyword.groovy:99)
	at com.kms.katalon.core.webui.keyword.builtin.SelectOptionByValueKeyword.execute(SelectOptionByValueKeyword.groovy:71)
	at com.kms.katalon.core.keyword.internal.KeywordExecutor.executeKeywordForPlatform(KeywordExecutor.groovy:60)
	at com.kms.katalon.core.webui.keyword.WebUiBuiltInKeywords.selectOptionByValue(WebUiBuiltInKeywords.groovy:1138)
	at com.kms.katalon.core.webui.keyword.WebUiBuiltInKeywords$selectOptionByValue$7.call(Unknown Source)
	at Callback_Request_Settings.run(Callback_Request_Settings:113)
	at com.kms.katalon.core.main.ScriptEngine.run(ScriptEngine.java:194)
	at com.kms.katalon.core.main.ScriptEngine.runScriptAsRawText(ScriptEngine.java:119)
	at com.kms.katalon.core.main.TestCaseExecutor.runScript(TestCaseExecutor.java:337)
	at com.kms.katalon.core.main.TestCaseExecutor.doExecute(TestCaseExecutor.java:328)
	at com.kms.katalon.core.main.TestCaseExecutor.processExecutionPhase(TestCaseExecutor.java:307)
	at com.kms.katalon.core.main.TestCaseExecutor.accessMainPhase(TestCaseExecutor.java:299)
	at com.kms.katalon.core.main.TestCaseExecutor.execute(TestCaseExecutor.java:233)
	at com.kms.katalon.core.main.TestCaseMain.runTestCase(TestCaseMain.java:114)
	at com.kms.katalon.core.keyword.builtin.CallTestCaseKeyword$_callTestCase_closure1.doCall(CallTestCaseKeyword.groovy:59)
	at com.kms.katalon.core.keyword.builtin.CallTestCaseKeyword$_callTestCase_closure1.call(CallTestCaseKeyword.groovy)
	at com.kms.katalon.core.keyword.internal.KeywordMain.runKeyword(KeywordMain.groovy:68)
	at com.kms.katalon.core.keyword.builtin.CallTestCaseKeyword.callTestCase(CallTestCaseKeyword.groovy:81)
	at com.kms.katalon.core.keyword.builtin.CallTestCaseKeyword.execute(CallTestCaseKeyword.groovy:44)
	at com.kms.katalon.core.keyword.internal.KeywordExecutor.executeKeywordForPlatform(KeywordExecutor.groovy:60)
	at com.kms.katalon.core.keyword.BuiltinKeywords.callTestCase(BuiltinKeywords.groovy:334)
	at Callback_Requests.run(Callback_Requests:74)
	at com.kms.katalon.core.main.ScriptEngine.run(ScriptEngine.java:194)
	at com.kms.katalon.core.main.ScriptEngine.runScriptAsRawText(ScriptEngine.java:119)
	at com.kms.katalon.core.main.TestCaseExecutor.runScript(TestCaseExecutor.java:337)
	at com.kms.katalon.core.main.TestCaseExecutor.doExecute(TestCaseExecutor.java:328)
	at com.kms.katalon.core.main.TestCaseExecutor.processExecutionPhase(TestCaseExecutor.java:307)
	at com.kms.katalon.core.main.TestCaseExecutor.accessMainPhase(TestCaseExecutor.java:299)
	at com.kms.katalon.core.main.TestCaseExecutor.execute(TestCaseExecutor.java:233)
	at com.kms.katalon.core.main.TestSuiteExecutor.accessTestCaseMainPhase(TestSuiteExecutor.java:169)
	at com.kms.katalon.core.main.TestSuiteExecutor.accessTestSuiteMainPhase(TestSuiteExecutor.java:142)
	at com.kms.katalon.core.main.TestSuiteExecutor.execute(TestSuiteExecutor.java:91)
	at com.kms.katalon.core.main.TestCaseMain.startTestSuite(TestCaseMain.java:157)
	at com.kms.katalon.core.main.TestCaseMain$startTestSuite$0.call(Unknown Source)
	at TempTestSuite1573128069501.run(TempTestSuite1573128069501.groovy:36)
Caused by: com.kms.katalon.core.webui.exception.WebElementNotFoundException: Web element with id: 'Object Repository/Page_Members Area/Page_Members Area/select_Do not send_1' located by 'By.xpath: //*[@id = 'form-field-1' and @name = 'emailDDL' and (text() = 'Do not sendOtherCompany email address: jon.wood@checkatrade.comMr Daniel Davis: daniel.davis@edaxis.co.ukMr Testing Team: support@checkatrade.comMr Testing Team: support@checkatrade.comMr Alexander Nunn: alexander.nunn@checkatrade.comMr Alexander Nunn: alexander.nunn@checkatrade.comMr Alex McCallio: alex.mccallion@hotmail.co.ukMrs Sindhura Voona: christopher.byrom@blah.comMrs Sindhura Voona: christopher.byrom@blah.comMr Rehana Shadab: rehana.shedab@checkatrade.comMr Richard Audemars: richard.audemars@checkatrade.comMr Sian Taylor: sian.taylor@checkatrade.comMr Chantel Lineham: chantel.lineham@checkatrade.comMr Neil Hibbert: neil.hibbert@checkatrade.comMiss Eleanor Jordan: eleanor.jordan@checkatrade.comMr Ivan G-S: ivan.gutowski-smith@checkatrade.comMr Ciar Baharie: ciar.baharie@checkatrade.comMr Ryan B: ryan.butt@checkatrade.comMr Michael Eason: michael.eason@checkatrade.comMr Mike Fairman: mike.fairman@checkatrade.comMrs Becky Cheshire: becky.cheshire@checkatrade.comMr Colin Wisdom: colin.wisdom@checkatrade.comMr Simon Ip: simon.ip@checkatrade.comMr Chris Almond: chris.almond@standingongiants.comMr Mark Bagnall: mark.bagnall@checkatrade.comMr Jon Wood: jon.wood@checkatrade.comMr Linda Hardy: linda.hardy@checkatrade.comMr Dan Staples: dan.staples@checkatrade.comMr Charlotte Carter: charlotte.carter@checkatrade.comMr L P: l.p@checkatrade.comMr Ketih Reed: keith.reed@checkatrade.comMr Tom Amis: tom.amis@checkatrade.com' or . = 'Do not sendOtherCompany email address: jon.wood@checkatrade.comMr Daniel Davis: daniel.davis@edaxis.co.ukMr Testing Team: support@checkatrade.comMr Testing Team: support@checkatrade.comMr Alexander Nunn: alexander.nunn@checkatrade.comMr Alexander Nunn: alexander.nunn@checkatrade.comMr Alex McCallio: alex.mccallion@hotmail.co.ukMrs Sindhura Voona: christopher.byrom@blah.comMrs Sindhura Voona: christopher.byrom@blah.comMr Rehana Shadab: rehana.shedab@checkatrade.comMr Richard Audemars: richard.audemars@checkatrade.comMr Sian Taylor: sian.taylor@checkatrade.comMr Chantel Lineham: chantel.lineham@checkatrade.comMr Neil Hibbert: neil.hibbert@checkatrade.comMiss Eleanor Jordan: eleanor.jordan@checkatrade.comMr Ivan G-S: ivan.gutowski-smith@checkatrade.comMr Ciar Baharie: ciar.baharie@checkatrade.comMr Ryan B: ryan.butt@checkatrade.comMr Michael Eason: michael.eason@checkatrade.comMr Mike Fairman: mike.fairman@checkatrade.comMrs Becky Cheshire: becky.cheshire@checkatrade.comMr Colin Wisdom: colin.wisdom@checkatrade.comMr Simon Ip: simon.ip@checkatrade.comMr Chris Almond: chris.almond@standingongiants.comMr Mark Bagnall: mark.bagnall@checkatrade.comMr Jon Wood: jon.wood@checkatrade.comMr Linda Hardy: linda.hardy@checkatrade.comMr Dan Staples: dan.staples@checkatrade.comMr Charlotte Carter: charlotte.carter@checkatrade.comMr L P: l.p@checkatrade.comMr Ketih Reed: keith.reed@checkatrade.comMr Tom Amis: tom.amis@checkatrade.com')]' not found
	at com.kms.katalon.core.webui.common.WebUiCommonHelper.findWebElement(WebUiCommonHelper.java:1113)
	at com.kms.katalon.core.webui.keyword.internal.WebUIAbstractKeyword.findWebElement(WebUIAbstractKeyword.groovy:27)
	at com.kms.katalon.core.webui.keyword.internal.WebUIAbstractKeyword.findWebElement(WebUIAbstractKeyword.groovy:26)
	at com.kms.katalon.core.webui.keyword.builtin.SelectOptionByValueKeyword$_selectOptionByValue_closure1.doCall(SelectOptionByValueKeyword.groovy:86)
	at com.kms.katalon.core.webui.keyword.builtin.SelectOptionByValueKeyword$_selectOptionByValue_closure1.call(SelectOptionByValueKeyword.groovy)
	at com.kms.katalon.core.webui.keyword.internal.WebUIKeywordMain.runKeyword(WebUIKeywordMain.groovy:20)
	at com.kms.katalon.core.webui.keyword.builtin.SelectOptionByValueKeyword.selectOptionByValue(SelectOptionByValueKeyword.groovy:99)
	at com.kms.katalon.core.webui.keyword.builtin.SelectOptionByValueKeyword.execute(SelectOptionByValueKeyword.groovy:71)
	at com.kms.katalon.core.keyword.internal.KeywordExecutor.executeKeywordForPlatform(KeywordExecutor.groovy:60)
	at com.kms.katalon.core.webui.keyword.WebUiBuiltInKeywords.selectOptionByValue(WebUiBuiltInKeywords.groovy:1138)
	at com.kms.katalon.core.webui.keyword.WebUiBuiltInKeywords$selectOptionByValue$7.call(Unknown Source)
	at Script1570028599978.run(Script1570028599978.groovy:113)
	at com.kms.katalon.core.main.ScriptEngine.run(ScriptEngine.java:194)
	at com.kms.katalon.core.main.ScriptEngine.runScriptAsRawText(ScriptEngine.java:119)
	at com.kms.katalon.core.main.TestCaseExecutor.runScript(TestCaseExecutor.java:337)
	at com.kms.katalon.core.main.TestCaseExecutor.doExecute(TestCaseExecutor.java:328)
	at com.kms.katalon.core.main.TestCaseExecutor.processExecutionPhase(TestCaseExecutor.java:307)
	at com.kms.katalon.core.main.TestCaseExecutor.accessMainPhase(TestCaseExecutor.java:299)
	at com.kms.katalon.core.main.TestCaseExecutor.execute(TestCaseExecutor.java:233)
	at com.kms.katalon.core.main.TestCaseMain.runTestCase(TestCaseMain.java:114)
	at com.kms.katalon.core.keyword.builtin.CallTestCaseKeyword$_callTestCase_closure1.doCall(CallTestCaseKeyword.groovy:59)
	at com.kms.katalon.core.keyword.builtin.CallTestCaseKeyword$_callTestCase_closure1.call(CallTestCaseKeyword.groovy)
	at com.kms.katalon.core.keyword.internal.KeywordMain.runKeyword(KeywordMain.groovy:68)
	at com.kms.katalon.core.keyword.builtin.CallTestCaseKeyword.callTestCase(CallTestCaseKeyword.groovy:81)
	at com.kms.katalon.core.keyword.builtin.CallTestCaseKeyword.execute(CallTestCaseKeyword.groovy:44)
	at com.kms.katalon.core.keyword.internal.KeywordExecutor.executeKeywordForPlatform(KeywordExecutor.groovy:60)
	at com.kms.katalon.core.keyword.BuiltinKeywords.callTestCase(BuiltinKeywords.groovy:334)
	at Script1569933857280.run(Script1569933857280.groovy:74)
	... 13 more
)
[[ATTACHMENT|C:\\Users\\davidho\\Katalon Studio\\Start\\Reports\\20191107_120108\\Members_Callback\\20191107_120109\\1573128219075.png]]

2019-11-07 12:03:39 - [TEST_STEP][FAILED] - selectOptionByValue(findTestObject("Object Repository/Page_Members Area/Page_Members Area/select_Do not send_2"), "3: Object", true): Unable to select option by value '3: Object' of object 'Object Repository/Page_Members Area/Page_Members Area/select_Do not send_2'  using regular expression (Root cause: com.kms.katalon.core.exception.StepFailedException: Unable to select option by value '3: Object' of object 'Object Repository/Page_Members Area/Page_Members Area/select_Do not send_2'  using regular expression
	at com.kms.katalon.core.webui.keyword.internal.WebUIKeywordMain.stepFailed(WebUIKeywordMain.groovy:64)
	at com.kms.katalon.core.webui.keyword.internal.WebUIKeywordMain.runKeyword(WebUIKeywordMain.groovy:26)
	at com.kms.katalon.core.webui.keyword.builtin.SelectOptionByValueKeyword.selectOptionByValue(SelectOptionByValueKeyword.groovy:99)
	at com.kms.katalon.core.webui.keyword.builtin.SelectOptionByValueKeyword.execute(SelectOptionByValueKeyword.groovy:71)
	at com.kms.katalon.core.keyword.internal.KeywordExecutor.executeKeywordForPlatform(KeywordExecutor.groovy:60)
	at com.kms.katalon.core.webui.keyword.WebUiBuiltInKeywords.selectOptionByValue(WebUiBuiltInKeywords.groovy:1138)
	at com.kms.katalon.core.webui.keyword.WebUiBuiltInKeywords$selectOptionByValue$7.call(Unknown Source)
	at Callback_Request_Settings.run(Callback_Request_Settings:117)
	at com.kms.katalon.core.main.ScriptEngine.run(ScriptEngine.java:194)
	at com.kms.katalon.core.main.ScriptEngine.runScriptAsRawText(ScriptEngine.java:119)
	at com.kms.katalon.core.main.TestCaseExecutor.runScript(TestCaseExecutor.java:337)
	at com.kms.katalon.core.main.TestCaseExecutor.doExecute(TestCaseExecutor.java:328)
	at com.kms.katalon.core.main.TestCaseExecutor.processExecutionPhase(TestCaseExecutor.java:307)
	at com.kms.katalon.core.main.TestCaseExecutor.accessMainPhase(TestCaseExecutor.java:299)
	at com.kms.katalon.core.main.TestCaseExecutor.execute(TestCaseExecutor.java:233)
	at com.kms.katalon.core.main.TestCaseMain.runTestCase(TestCaseMain.java:114)
	at com.kms.katalon.core.keyword.builtin.CallTestCaseKeyword$_callTestCase_closure1.doCall(CallTestCaseKeyword.groovy:59)
	at com.kms.katalon.core.keyword.builtin.CallTestCaseKeyword$_callTestCase_closure1.call(CallTestCaseKeyword.groovy)
	at com.kms.katalon.core.keyword.internal.KeywordMain.runKeyword(KeywordMain.groovy:68)
	at com.kms.katalon.core.keyword.builtin.CallTestCaseKeyword.callTestCase(CallTestCaseKeyword.groovy:81)
	at com.kms.katalon.core.keyword.builtin.CallTestCaseKeyword.execute(CallTestCaseKeyword.groovy:44)
	at com.kms.katalon.core.keyword.internal.KeywordExecutor.executeKeywordForPlatform(KeywordExecutor.groovy:60)
	at com.kms.katalon.core.keyword.BuiltinKeywords.callTestCase(BuiltinKeywords.groovy:334)
	at Callback_Requests.run(Callback_Requests:74)
	at com.kms.katalon.core.main.ScriptEngine.run(ScriptEngine.java:194)
	at com.kms.katalon.core.main.ScriptEngine.runScriptAsRawText(ScriptEngine.java:119)
	at com.kms.katalon.core.main.TestCaseExecutor.runScript(TestCaseExecutor.java:337)
	at com.kms.katalon.core.main.TestCaseExecutor.doExecute(TestCaseExecutor.java:328)
	at com.kms.katalon.core.main.TestCaseExecutor.processExecutionPhase(TestCaseExecutor.java:307)
	at com.kms.katalon.core.main.TestCaseExecutor.accessMainPhase(TestCaseExecutor.java:299)
	at com.kms.katalon.core.main.TestCaseExecutor.execute(TestCaseExecutor.java:233)
	at com.kms.katalon.core.main.TestSuiteExecutor.accessTestCaseMainPhase(TestSuiteExecutor.java:169)
	at com.kms.katalon.core.main.TestSuiteExecutor.accessTestSuiteMainPhase(TestSuiteExecutor.java:142)
	at com.kms.katalon.core.main.TestSuiteExecutor.execute(TestSuiteExecutor.java:91)
	at com.kms.katalon.core.main.TestCaseMain.startTestSuite(TestCaseMain.java:157)
	at com.kms.katalon.core.main.TestCaseMain$startTestSuite$0.call(Unknown Source)
	at TempTestSuite1573128069501.run(TempTestSuite1573128069501.groovy:36)
Caused by: com.kms.katalon.core.webui.exception.WebElementNotFoundException: Web element with id: 'Object Repository/Page_Members Area/Page_Members Area/select_Do not send_2' located by 'By.xpath: //*[@id = 'form-field-2' and @name = 'SMSDDL' and (text() = 'Do not sendOtherMr Daniel Davis: 07732 866661Mr Testing Team: 07702 863495Mr Testing Team: 07702 863495Mr Alexander Nunn: 07834 828620Mr Alexander Nunn: 07834 828620Mr Alex McCallio: 07825 303539Mr Rehana Shadab: 07776 763590Mr Sian Taylor: 07763 739636Mr Jon Wood: 07888 888888Mr Tom Amis: 07771 772218' or . = 'Do not sendOtherMr Daniel Davis: 07732 866661Mr Testing Team: 07702 863495Mr Testing Team: 07702 863495Mr Alexander Nunn: 07834 828620Mr Alexander Nunn: 07834 828620Mr Alex McCallio: 07825 303539Mr Rehana Shadab: 07776 763590Mr Sian Taylor: 07763 739636Mr Jon Wood: 07888 888888Mr Tom Amis: 07771 772218')]' not found
	at com.kms.katalon.core.webui.common.WebUiCommonHelper.findWebElement(WebUiCommonHelper.java:1113)
	at com.kms.katalon.core.webui.keyword.internal.WebUIAbstractKeyword.findWebElement(WebUIAbstractKeyword.groovy:27)
	at com.kms.katalon.core.webui.keyword.internal.WebUIAbstractKeyword.findWebElement(WebUIAbstractKeyword.groovy:26)
	at com.kms.katalon.core.webui.keyword.builtin.SelectOptionByValueKeyword$_selectOptionByValue_closure1.doCall(SelectOptionByValueKeyword.groovy:86)
	at com.kms.katalon.core.webui.keyword.builtin.SelectOptionByValueKeyword$_selectOptionByValue_closure1.call(SelectOptionByValueKeyword.groovy)
	at com.kms.katalon.core.webui.keyword.internal.WebUIKeywordMain.runKeyword(WebUIKeywordMain.groovy:20)
	at com.kms.katalon.core.webui.keyword.builtin.SelectOptionByValueKeyword.selectOptionByValue(SelectOptionByValueKeyword.groovy:99)
	at com.kms.katalon.core.webui.keyword.builtin.SelectOptionByValueKeyword.execute(SelectOptionByValueKeyword.groovy:71)
	at com.kms.katalon.core.keyword.internal.KeywordExecutor.executeKeywordForPlatform(KeywordExecutor.groovy:60)
	at com.kms.katalon.core.webui.keyword.WebUiBuiltInKeywords.selectOptionByValue(WebUiBuiltInKeywords.groovy:1138)
	at com.kms.katalon.core.webui.keyword.WebUiBuiltInKeywords$selectOptionByValue$7.call(Unknown Source)
	at Script1570028599978.run(Script1570028599978.groovy:117)
	at com.kms.katalon.core.main.ScriptEngine.run(ScriptEngine.java:194)
	at com.kms.katalon.core.main.ScriptEngine.runScriptAsRawText(ScriptEngine.java:119)
	at com.kms.katalon.core.main.TestCaseExecutor.runScript(TestCaseExecutor.java:337)
	at com.kms.katalon.core.main.TestCaseExecutor.doExecute(TestCaseExecutor.java:328)
	at com.kms.katalon.core.main.TestCaseExecutor.processExecutionPhase(TestCaseExecutor.java:307)
	at com.kms.katalon.core.main.TestCaseExecutor.accessMainPhase(TestCaseExecutor.java:299)
	at com.kms.katalon.core.main.TestCaseExecutor.execute(TestCaseExecutor.java:233)
	at com.kms.katalon.core.main.TestCaseMain.runTestCase(TestCaseMain.java:114)
	at com.kms.katalon.core.keyword.builtin.CallTestCaseKeyword$_callTestCase_closure1.doCall(CallTestCaseKeyword.groovy:59)
	at com.kms.katalon.core.keyword.builtin.CallTestCaseKeyword$_callTestCase_closure1.call(CallTestCaseKeyword.groovy)
	at com.kms.katalon.core.keyword.internal.KeywordMain.runKeyword(KeywordMain.groovy:68)
	at com.kms.katalon.core.keyword.builtin.CallTestCaseKeyword.callTestCase(CallTestCaseKeyword.groovy:81)
	at com.kms.katalon.core.keyword.builtin.CallTestCaseKeyword.execute(CallTestCaseKeyword.groovy:44)
	at com.kms.katalon.core.keyword.internal.KeywordExecutor.executeKeywordForPlatform(KeywordExecutor.groovy:60)
	at com.kms.katalon.core.keyword.BuiltinKeywords.callTestCase(BuiltinKeywords.groovy:334)
	at Script1569933857280.run(Script1569933857280.groovy:74)
	... 13 more
)

2019-11-07 12:04:15 - [MESSAGE][INFO] - Unable to find the element located by 'By.xpath: //*[@id = 'form-field-2' and @name = 'SMSDDL' and (text() = 'Do not sendOtherMr Daniel Davis: 07732 866661Mr Testing Team: 07702 863495Mr Testing Team: 07702 863495Mr Alexander Nunn: 07834 828620Mr Alexander Nunn: 07834 828620Mr Alex McCallio: 07825 303539Mr Rehana Shadab: 07776 763590Mr Sian Taylor: 07763 739636Mr Jon Wood: 07888 888888Mr Tom Amis: 07771 772218' or . = 'Do not sendOtherMr Daniel Davis: 07732 866661Mr Testing Team: 07702 863495Mr Testing Team: 07702 863495Mr Alexander Nunn: 07834 828620Mr Alexander Nunn: 07834 828620Mr Alex McCallio: 07825 303539Mr Rehana Shadab: 07776 763590Mr Sian Taylor: 07763 739636Mr Jon Wood: 07888 888888Mr Tom Amis: 07771 772218')]'. Please recheck the objects properties to make sure the desired element is located. 

2019-11-07 12:04:15 - [MESSAGE][FAILED] - Unable to select option by value '3: Object' of object 'Object Repository/Page_Members Area/Page_Members Area/select_Do not send_2'  using regular expression (Root cause: com.kms.katalon.core.exception.StepFailedException: Unable to select option by value '3: Object' of object 'Object Repository/Page_Members Area/Page_Members Area/select_Do not send_2'  using regular expression
	at com.kms.katalon.core.webui.keyword.internal.WebUIKeywordMain.stepFailed(WebUIKeywordMain.groovy:64)
	at com.kms.katalon.core.webui.keyword.internal.WebUIKeywordMain.runKeyword(WebUIKeywordMain.groovy:26)
	at com.kms.katalon.core.webui.keyword.builtin.SelectOptionByValueKeyword.selectOptionByValue(SelectOptionByValueKeyword.groovy:99)
	at com.kms.katalon.core.webui.keyword.builtin.SelectOptionByValueKeyword.execute(SelectOptionByValueKeyword.groovy:71)
	at com.kms.katalon.core.keyword.internal.KeywordExecutor.executeKeywordForPlatform(KeywordExecutor.groovy:60)
	at com.kms.katalon.core.webui.keyword.WebUiBuiltInKeywords.selectOptionByValue(WebUiBuiltInKeywords.groovy:1138)
	at com.kms.katalon.core.webui.keyword.WebUiBuiltInKeywords$selectOptionByValue$7.call(Unknown Source)
	at Callback_Request_Settings.run(Callback_Request_Settings:117)
	at com.kms.katalon.core.main.ScriptEngine.run(ScriptEngine.java:194)
	at com.kms.katalon.core.main.ScriptEngine.runScriptAsRawText(ScriptEngine.java:119)
	at com.kms.katalon.core.main.TestCaseExecutor.runScript(TestCaseExecutor.java:337)
	at com.kms.katalon.core.main.TestCaseExecutor.doExecute(TestCaseExecutor.java:328)
	at com.kms.katalon.core.main.TestCaseExecutor.processExecutionPhase(TestCaseExecutor.java:307)
	at com.kms.katalon.core.main.TestCaseExecutor.accessMainPhase(TestCaseExecutor.java:299)
	at com.kms.katalon.core.main.TestCaseExecutor.execute(TestCaseExecutor.java:233)
	at com.kms.katalon.core.main.TestCaseMain.runTestCase(TestCaseMain.java:114)
	at com.kms.katalon.core.keyword.builtin.CallTestCaseKeyword$_callTestCase_closure1.doCall(CallTestCaseKeyword.groovy:59)
	at com.kms.katalon.core.keyword.builtin.CallTestCaseKeyword$_callTestCase_closure1.call(CallTestCaseKeyword.groovy)
	at com.kms.katalon.core.keyword.internal.KeywordMain.runKeyword(KeywordMain.groovy:68)
	at com.kms.katalon.core.keyword.builtin.CallTestCaseKeyword.callTestCase(CallTestCaseKeyword.groovy:81)
	at com.kms.katalon.core.keyword.builtin.CallTestCaseKeyword.execute(CallTestCaseKeyword.groovy:44)
	at com.kms.katalon.core.keyword.internal.KeywordExecutor.executeKeywordForPlatform(KeywordExecutor.groovy:60)
	at com.kms.katalon.core.keyword.BuiltinKeywords.callTestCase(BuiltinKeywords.groovy:334)
	at Callback_Requests.run(Callback_Requests:74)
	at com.kms.katalon.core.main.ScriptEngine.run(ScriptEngine.java:194)
	at com.kms.katalon.core.main.ScriptEngine.runScriptAsRawText(ScriptEngine.java:119)
	at com.kms.katalon.core.main.TestCaseExecutor.runScript(TestCaseExecutor.java:337)
	at com.kms.katalon.core.main.TestCaseExecutor.doExecute(TestCaseExecutor.java:328)
	at com.kms.katalon.core.main.TestCaseExecutor.processExecutionPhase(TestCaseExecutor.java:307)
	at com.kms.katalon.core.main.TestCaseExecutor.accessMainPhase(TestCaseExecutor.java:299)
	at com.kms.katalon.core.main.TestCaseExecutor.execute(TestCaseExecutor.java:233)
	at com.kms.katalon.core.main.TestSuiteExecutor.accessTestCaseMainPhase(TestSuiteExecutor.java:169)
	at com.kms.katalon.core.main.TestSuiteExecutor.accessTestSuiteMainPhase(TestSuiteExecutor.java:142)
	at com.kms.katalon.core.main.TestSuiteExecutor.execute(TestSuiteExecutor.java:91)
	at com.kms.katalon.core.main.TestCaseMain.startTestSuite(TestCaseMain.java:157)
	at com.kms.katalon.core.main.TestCaseMain$startTestSuite$0.call(Unknown Source)
	at TempTestSuite1573128069501.run(TempTestSuite1573128069501.groovy:36)
Caused by: com.kms.katalon.core.webui.exception.WebElementNotFoundException: Web element with id: 'Object Repository/Page_Members Area/Page_Members Area/select_Do not send_2' located by 'By.xpath: //*[@id = 'form-field-2' and @name = 'SMSDDL' and (text() = 'Do not sendOtherMr Daniel Davis: 07732 866661Mr Testing Team: 07702 863495Mr Testing Team: 07702 863495Mr Alexander Nunn: 07834 828620Mr Alexander Nunn: 07834 828620Mr Alex McCallio: 07825 303539Mr Rehana Shadab: 07776 763590Mr Sian Taylor: 07763 739636Mr Jon Wood: 07888 888888Mr Tom Amis: 07771 772218' or . = 'Do not sendOtherMr Daniel Davis: 07732 866661Mr Testing Team: 07702 863495Mr Testing Team: 07702 863495Mr Alexander Nunn: 07834 828620Mr Alexander Nunn: 07834 828620Mr Alex McCallio: 07825 303539Mr Rehana Shadab: 07776 763590Mr Sian Taylor: 07763 739636Mr Jon Wood: 07888 888888Mr Tom Amis: 07771 772218')]' not found
	at com.kms.katalon.core.webui.common.WebUiCommonHelper.findWebElement(WebUiCommonHelper.java:1113)
	at com.kms.katalon.core.webui.keyword.internal.WebUIAbstractKeyword.findWebElement(WebUIAbstractKeyword.groovy:27)
	at com.kms.katalon.core.webui.keyword.internal.WebUIAbstractKeyword.findWebElement(WebUIAbstractKeyword.groovy:26)
	at com.kms.katalon.core.webui.keyword.builtin.SelectOptionByValueKeyword$_selectOptionByValue_closure1.doCall(SelectOptionByValueKeyword.groovy:86)
	at com.kms.katalon.core.webui.keyword.builtin.SelectOptionByValueKeyword$_selectOptionByValue_closure1.call(SelectOptionByValueKeyword.groovy)
	at com.kms.katalon.core.webui.keyword.internal.WebUIKeywordMain.runKeyword(WebUIKeywordMain.groovy:20)
	at com.kms.katalon.core.webui.keyword.builtin.SelectOptionByValueKeyword.selectOptionByValue(SelectOptionByValueKeyword.groovy:99)
	at com.kms.katalon.core.webui.keyword.builtin.SelectOptionByValueKeyword.execute(SelectOptionByValueKeyword.groovy:71)
	at com.kms.katalon.core.keyword.internal.KeywordExecutor.executeKeywordForPlatform(KeywordExecutor.groovy:60)
	at com.kms.katalon.core.webui.keyword.WebUiBuiltInKeywords.selectOptionByValue(WebUiBuiltInKeywords.groovy:1138)
	at com.kms.katalon.core.webui.keyword.WebUiBuiltInKeywords$selectOptionByValue$7.call(Unknown Source)
	at Script1570028599978.run(Script1570028599978.groovy:117)
	at com.kms.katalon.core.main.ScriptEngine.run(ScriptEngine.java:194)
	at com.kms.katalon.core.main.ScriptEngine.runScriptAsRawText(ScriptEngine.java:119)
	at com.kms.katalon.core.main.TestCaseExecutor.runScript(TestCaseExecutor.java:337)
	at com.kms.katalon.core.main.TestCaseExecutor.doExecute(TestCaseExecutor.java:328)
	at com.kms.katalon.core.main.TestCaseExecutor.processExecutionPhase(TestCaseExecutor.java:307)
	at com.kms.katalon.core.main.TestCaseExecutor.accessMainPhase(TestCaseExecutor.java:299)
	at com.kms.katalon.core.main.TestCaseExecutor.execute(TestCaseExecutor.java:233)
	at com.kms.katalon.core.main.TestCaseMain.runTestCase(TestCaseMain.java:114)
	at com.kms.katalon.core.keyword.builtin.CallTestCaseKeyword$_callTestCase_closure1.doCall(CallTestCaseKeyword.groovy:59)
	at com.kms.katalon.core.keyword.builtin.CallTestCaseKeyword$_callTestCase_closure1.call(CallTestCaseKeyword.groovy)
	at com.kms.katalon.core.keyword.internal.KeywordMain.runKeyword(KeywordMain.groovy:68)
	at com.kms.katalon.core.keyword.builtin.CallTestCaseKeyword.callTestCase(CallTestCaseKeyword.groovy:81)
	at com.kms.katalon.core.keyword.builtin.CallTestCaseKeyword.execute(CallTestCaseKeyword.groovy:44)
	at com.kms.katalon.core.keyword.internal.KeywordExecutor.executeKeywordForPlatform(KeywordExecutor.groovy:60)
	at com.kms.katalon.core.keyword.BuiltinKeywords.callTestCase(BuiltinKeywords.groovy:334)
	at Script1569933857280.run(Script1569933857280.groovy:74)
	... 13 more
)
[[ATTACHMENT|C:\\Users\\davidho\\Katalon Studio\\Start\\Reports\\20191107_120108\\Members_Callback\\20191107_120109\\1573128255410.png]]

2019-11-07 12:04:15 - [TEST_STEP][FAILED] - selectOptionByValue(findTestObject("Object Repository/Page_Members Area/Page_Members Area/select_Do not send_2"), "1: Object", true): Unable to select option by value '1: Object' of object 'Object Repository/Page_Members Area/Page_Members Area/select_Do not send_2'  using regular expression (Root cause: com.kms.katalon.core.exception.StepFailedException: Unable to select option by value '1: Object' of object 'Object Repository/Page_Members Area/Page_Members Area/select_Do not send_2'  using regular expression
	at com.kms.katalon.core.webui.keyword.internal.WebUIKeywordMain.stepFailed(WebUIKeywordMain.groovy:64)
	at com.kms.katalon.core.webui.keyword.internal.WebUIKeywordMain.runKeyword(WebUIKeywordMain.groovy:26)
	at com.kms.katalon.core.webui.keyword.builtin.SelectOptionByValueKeyword.selectOptionByValue(SelectOptionByValueKeyword.groovy:99)
	at com.kms.katalon.core.webui.keyword.builtin.SelectOptionByValueKeyword.execute(SelectOptionByValueKeyword.groovy:71)
	at com.kms.katalon.core.keyword.internal.KeywordExecutor.executeKeywordForPlatform(KeywordExecutor.groovy:60)
	at com.kms.katalon.core.webui.keyword.WebUiBuiltInKeywords.selectOptionByValue(WebUiBuiltInKeywords.groovy:1138)
	at com.kms.katalon.core.webui.keyword.WebUiBuiltInKeywords$selectOptionByValue$7.call(Unknown Source)
	at Callback_Request_Settings.run(Callback_Request_Settings:121)
	at com.kms.katalon.core.main.ScriptEngine.run(ScriptEngine.java:194)
	at com.kms.katalon.core.main.ScriptEngine.runScriptAsRawText(ScriptEngine.java:119)
	at com.kms.katalon.core.main.TestCaseExecutor.runScript(TestCaseExecutor.java:337)
	at com.kms.katalon.core.main.TestCaseExecutor.doExecute(TestCaseExecutor.java:328)
	at com.kms.katalon.core.main.TestCaseExecutor.processExecutionPhase(TestCaseExecutor.java:307)
	at com.kms.katalon.core.main.TestCaseExecutor.accessMainPhase(TestCaseExecutor.java:299)
	at com.kms.katalon.core.main.TestCaseExecutor.execute(TestCaseExecutor.java:233)
	at com.kms.katalon.core.main.TestCaseMain.runTestCase(TestCaseMain.java:114)
	at com.kms.katalon.core.keyword.builtin.CallTestCaseKeyword$_callTestCase_closure1.doCall(CallTestCaseKeyword.groovy:59)
	at com.kms.katalon.core.keyword.builtin.CallTestCaseKeyword$_callTestCase_closure1.call(CallTestCaseKeyword.groovy)
	at com.kms.katalon.core.keyword.internal.KeywordMain.runKeyword(KeywordMain.groovy:68)
	at com.kms.katalon.core.keyword.builtin.CallTestCaseKeyword.callTestCase(CallTestCaseKeyword.groovy:81)
	at com.kms.katalon.core.keyword.builtin.CallTestCaseKeyword.execute(CallTestCaseKeyword.groovy:44)
	at com.kms.katalon.core.keyword.internal.KeywordExecutor.executeKeywordForPlatform(KeywordExecutor.groovy:60)
	at com.kms.katalon.core.keyword.BuiltinKeywords.callTestCase(BuiltinKeywords.groovy:334)
	at Callback_Requests.run(Callback_Requests:74)
	at com.kms.katalon.core.main.ScriptEngine.run(ScriptEngine.java:194)
	at com.kms.katalon.core.main.ScriptEngine.runScriptAsRawText(ScriptEngine.java:119)
	at com.kms.katalon.core.main.TestCaseExecutor.runScript(TestCaseExecutor.java:337)
	at com.kms.katalon.core.main.TestCaseExecutor.doExecute(TestCaseExecutor.java:328)
	at com.kms.katalon.core.main.TestCaseExecutor.processExecutionPhase(TestCaseExecutor.java:307)
	at com.kms.katalon.core.main.TestCaseExecutor.accessMainPhase(TestCaseExecutor.java:299)
	at com.kms.katalon.core.main.TestCaseExecutor.execute(TestCaseExecutor.java:233)
	at com.kms.katalon.core.main.TestSuiteExecutor.accessTestCaseMainPhase(TestSuiteExecutor.java:169)
	at com.kms.katalon.core.main.TestSuiteExecutor.accessTestSuiteMainPhase(TestSuiteExecutor.java:142)
	at com.kms.katalon.core.main.TestSuiteExecutor.execute(TestSuiteExecutor.java:91)
	at com.kms.katalon.core.main.TestCaseMain.startTestSuite(TestCaseMain.java:157)
	at com.kms.katalon.core.main.TestCaseMain$startTestSuite$0.call(Unknown Source)
	at TempTestSuite1573128069501.run(TempTestSuite1573128069501.groovy:36)
Caused by: com.kms.katalon.core.webui.exception.WebElementNotFoundException: Web element with id: 'Object Repository/Page_Members Area/Page_Members Area/select_Do not send_2' located by 'By.xpath: //*[@id = 'form-field-2' and @name = 'SMSDDL' and (text() = 'Do not sendOtherMr Daniel Davis: 07732 866661Mr Testing Team: 07702 863495Mr Testing Team: 07702 863495Mr Alexander Nunn: 07834 828620Mr Alexander Nunn: 07834 828620Mr Alex McCallio: 07825 303539Mr Rehana Shadab: 07776 763590Mr Sian Taylor: 07763 739636Mr Jon Wood: 07888 888888Mr Tom Amis: 07771 772218' or . = 'Do not sendOtherMr Daniel Davis: 07732 866661Mr Testing Team: 07702 863495Mr Testing Team: 07702 863495Mr Alexander Nunn: 07834 828620Mr Alexander Nunn: 07834 828620Mr Alex McCallio: 07825 303539Mr Rehana Shadab: 07776 763590Mr Sian Taylor: 07763 739636Mr Jon Wood: 07888 888888Mr Tom Amis: 07771 772218')]' not found
	at com.kms.katalon.core.webui.common.WebUiCommonHelper.findWebElement(WebUiCommonHelper.java:1113)
	at com.kms.katalon.core.webui.keyword.internal.WebUIAbstractKeyword.findWebElement(WebUIAbstractKeyword.groovy:27)
	at com.kms.katalon.core.webui.keyword.internal.WebUIAbstractKeyword.findWebElement(WebUIAbstractKeyword.groovy:26)
	at com.kms.katalon.core.webui.keyword.builtin.SelectOptionByValueKeyword$_selectOptionByValue_closure1.doCall(SelectOptionByValueKeyword.groovy:86)
	at com.kms.katalon.core.webui.keyword.builtin.SelectOptionByValueKeyword$_selectOptionByValue_closure1.call(SelectOptionByValueKeyword.groovy)
	at com.kms.katalon.core.webui.keyword.internal.WebUIKeywordMain.runKeyword(WebUIKeywordMain.groovy:20)
	at com.kms.katalon.core.webui.keyword.builtin.SelectOptionByValueKeyword.selectOptionByValue(SelectOptionByValueKeyword.groovy:99)
	at com.kms.katalon.core.webui.keyword.builtin.SelectOptionByValueKeyword.execute(SelectOptionByValueKeyword.groovy:71)
	at com.kms.katalon.core.keyword.internal.KeywordExecutor.executeKeywordForPlatform(KeywordExecutor.groovy:60)
	at com.kms.katalon.core.webui.keyword.WebUiBuiltInKeywords.selectOptionByValue(WebUiBuiltInKeywords.groovy:1138)
	at com.kms.katalon.core.webui.keyword.WebUiBuiltInKeywords$selectOptionByValue$7.call(Unknown Source)
	at Script1570028599978.run(Script1570028599978.groovy:121)
	at com.kms.katalon.core.main.ScriptEngine.run(ScriptEngine.java:194)
	at com.kms.katalon.core.main.ScriptEngine.runScriptAsRawText(ScriptEngine.java:119)
	at com.kms.katalon.core.main.TestCaseExecutor.runScript(TestCaseExecutor.java:337)
	at com.kms.katalon.core.main.TestCaseExecutor.doExecute(TestCaseExecutor.java:328)
	at com.kms.katalon.core.main.TestCaseExecutor.processExecutionPhase(TestCaseExecutor.java:307)
	at com.kms.katalon.core.main.TestCaseExecutor.accessMainPhase(TestCaseExecutor.java:299)
	at com.kms.katalon.core.main.TestCaseExecutor.execute(TestCaseExecutor.java:233)
	at com.kms.katalon.core.main.TestCaseMain.runTestCase(TestCaseMain.java:114)
	at com.kms.katalon.core.keyword.builtin.CallTestCaseKeyword$_callTestCase_closure1.doCall(CallTestCaseKeyword.groovy:59)
	at com.kms.katalon.core.keyword.builtin.CallTestCaseKeyword$_callTestCase_closure1.call(CallTestCaseKeyword.groovy)
	at com.kms.katalon.core.keyword.internal.KeywordMain.runKeyword(KeywordMain.groovy:68)
	at com.kms.katalon.core.keyword.builtin.CallTestCaseKeyword.callTestCase(CallTestCaseKeyword.groovy:81)
	at com.kms.katalon.core.keyword.builtin.CallTestCaseKeyword.execute(CallTestCaseKeyword.groovy:44)
	at com.kms.katalon.core.keyword.internal.KeywordExecutor.executeKeywordForPlatform(KeywordExecutor.groovy:60)
	at com.kms.katalon.core.keyword.BuiltinKeywords.callTestCase(BuiltinKeywords.groovy:334)
	at Script1569933857280.run(Script1569933857280.groovy:74)
	... 13 more
)

2019-11-07 12:04:49 - [MESSAGE][INFO] - Unable to find the element located by 'By.xpath: //*[@id = 'form-field-2' and @name = 'SMSDDL' and (text() = 'Do not sendOtherMr Daniel Davis: 07732 866661Mr Testing Team: 07702 863495Mr Testing Team: 07702 863495Mr Alexander Nunn: 07834 828620Mr Alexander Nunn: 07834 828620Mr Alex McCallio: 07825 303539Mr Rehana Shadab: 07776 763590Mr Sian Taylor: 07763 739636Mr Jon Wood: 07888 888888Mr Tom Amis: 07771 772218' or . = 'Do not sendOtherMr Daniel Davis: 07732 866661Mr Testing Team: 07702 863495Mr Testing Team: 07702 863495Mr Alexander Nunn: 07834 828620Mr Alexander Nunn: 07834 828620Mr Alex McCallio: 07825 303539Mr Rehana Shadab: 07776 763590Mr Sian Taylor: 07763 739636Mr Jon Wood: 07888 888888Mr Tom Amis: 07771 772218')]'. Please recheck the objects properties to make sure the desired element is located. 

2019-11-07 12:04:50 - [MESSAGE][FAILED] - Unable to select option by value '1: Object' of object 'Object Repository/Page_Members Area/Page_Members Area/select_Do not send_2'  using regular expression (Root cause: com.kms.katalon.core.exception.StepFailedException: Unable to select option by value '1: Object' of object 'Object Repository/Page_Members Area/Page_Members Area/select_Do not send_2'  using regular expression
	at com.kms.katalon.core.webui.keyword.internal.WebUIKeywordMain.stepFailed(WebUIKeywordMain.groovy:64)
	at com.kms.katalon.core.webui.keyword.internal.WebUIKeywordMain.runKeyword(WebUIKeywordMain.groovy:26)
	at com.kms.katalon.core.webui.keyword.builtin.SelectOptionByValueKeyword.selectOptionByValue(SelectOptionByValueKeyword.groovy:99)
	at com.kms.katalon.core.webui.keyword.builtin.SelectOptionByValueKeyword.execute(SelectOptionByValueKeyword.groovy:71)
	at com.kms.katalon.core.keyword.internal.KeywordExecutor.executeKeywordForPlatform(KeywordExecutor.groovy:60)
	at com.kms.katalon.core.webui.keyword.WebUiBuiltInKeywords.selectOptionByValue(WebUiBuiltInKeywords.groovy:1138)
	at com.kms.katalon.core.webui.keyword.WebUiBuiltInKeywords$selectOptionByValue$7.call(Unknown Source)
	at Callback_Request_Settings.run(Callback_Request_Settings:121)
	at com.kms.katalon.core.main.ScriptEngine.run(ScriptEngine.java:194)
	at com.kms.katalon.core.main.ScriptEngine.runScriptAsRawText(ScriptEngine.java:119)
	at com.kms.katalon.core.main.TestCaseExecutor.runScript(TestCaseExecutor.java:337)
	at com.kms.katalon.core.main.TestCaseExecutor.doExecute(TestCaseExecutor.java:328)
	at com.kms.katalon.core.main.TestCaseExecutor.processExecutionPhase(TestCaseExecutor.java:307)
	at com.kms.katalon.core.main.TestCaseExecutor.accessMainPhase(TestCaseExecutor.java:299)
	at com.kms.katalon.core.main.TestCaseExecutor.execute(TestCaseExecutor.java:233)
	at com.kms.katalon.core.main.TestCaseMain.runTestCase(TestCaseMain.java:114)
	at com.kms.katalon.core.keyword.builtin.CallTestCaseKeyword$_callTestCase_closure1.doCall(CallTestCaseKeyword.groovy:59)
	at com.kms.katalon.core.keyword.builtin.CallTestCaseKeyword$_callTestCase_closure1.call(CallTestCaseKeyword.groovy)
	at com.kms.katalon.core.keyword.internal.KeywordMain.runKeyword(KeywordMain.groovy:68)
	at com.kms.katalon.core.keyword.builtin.CallTestCaseKeyword.callTestCase(CallTestCaseKeyword.groovy:81)
	at com.kms.katalon.core.keyword.builtin.CallTestCaseKeyword.execute(CallTestCaseKeyword.groovy:44)
	at com.kms.katalon.core.keyword.internal.KeywordExecutor.executeKeywordForPlatform(KeywordExecutor.groovy:60)
	at com.kms.katalon.core.keyword.BuiltinKeywords.callTestCase(BuiltinKeywords.groovy:334)
	at Callback_Requests.run(Callback_Requests:74)
	at com.kms.katalon.core.main.ScriptEngine.run(ScriptEngine.java:194)
	at com.kms.katalon.core.main.ScriptEngine.runScriptAsRawText(ScriptEngine.java:119)
	at com.kms.katalon.core.main.TestCaseExecutor.runScript(TestCaseExecutor.java:337)
	at com.kms.katalon.core.main.TestCaseExecutor.doExecute(TestCaseExecutor.java:328)
	at com.kms.katalon.core.main.TestCaseExecutor.processExecutionPhase(TestCaseExecutor.java:307)
	at com.kms.katalon.core.main.TestCaseExecutor.accessMainPhase(TestCaseExecutor.java:299)
	at com.kms.katalon.core.main.TestCaseExecutor.execute(TestCaseExecutor.java:233)
	at com.kms.katalon.core.main.TestSuiteExecutor.accessTestCaseMainPhase(TestSuiteExecutor.java:169)
	at com.kms.katalon.core.main.TestSuiteExecutor.accessTestSuiteMainPhase(TestSuiteExecutor.java:142)
	at com.kms.katalon.core.main.TestSuiteExecutor.execute(TestSuiteExecutor.java:91)
	at com.kms.katalon.core.main.TestCaseMain.startTestSuite(TestCaseMain.java:157)
	at com.kms.katalon.core.main.TestCaseMain$startTestSuite$0.call(Unknown Source)
	at TempTestSuite1573128069501.run(TempTestSuite1573128069501.groovy:36)
Caused by: com.kms.katalon.core.webui.exception.WebElementNotFoundException: Web element with id: 'Object Repository/Page_Members Area/Page_Members Area/select_Do not send_2' located by 'By.xpath: //*[@id = 'form-field-2' and @name = 'SMSDDL' and (text() = 'Do not sendOtherMr Daniel Davis: 07732 866661Mr Testing Team: 07702 863495Mr Testing Team: 07702 863495Mr Alexander Nunn: 07834 828620Mr Alexander Nunn: 07834 828620Mr Alex McCallio: 07825 303539Mr Rehana Shadab: 07776 763590Mr Sian Taylor: 07763 739636Mr Jon Wood: 07888 888888Mr Tom Amis: 07771 772218' or . = 'Do not sendOtherMr Daniel Davis: 07732 866661Mr Testing Team: 07702 863495Mr Testing Team: 07702 863495Mr Alexander Nunn: 07834 828620Mr Alexander Nunn: 07834 828620Mr Alex McCallio: 07825 303539Mr Rehana Shadab: 07776 763590Mr Sian Taylor: 07763 739636Mr Jon Wood: 07888 888888Mr Tom Amis: 07771 772218')]' not found
	at com.kms.katalon.core.webui.common.WebUiCommonHelper.findWebElement(WebUiCommonHelper.java:1113)
	at com.kms.katalon.core.webui.keyword.internal.WebUIAbstractKeyword.findWebElement(WebUIAbstractKeyword.groovy:27)
	at com.kms.katalon.core.webui.keyword.internal.WebUIAbstractKeyword.findWebElement(WebUIAbstractKeyword.groovy:26)
	at com.kms.katalon.core.webui.keyword.builtin.SelectOptionByValueKeyword$_selectOptionByValue_closure1.doCall(SelectOptionByValueKeyword.groovy:86)
	at com.kms.katalon.core.webui.keyword.builtin.SelectOptionByValueKeyword$_selectOptionByValue_closure1.call(SelectOptionByValueKeyword.groovy)
	at com.kms.katalon.core.webui.keyword.internal.WebUIKeywordMain.runKeyword(WebUIKeywordMain.groovy:20)
	at com.kms.katalon.core.webui.keyword.builtin.SelectOptionByValueKeyword.selectOptionByValue(SelectOptionByValueKeyword.groovy:99)
	at com.kms.katalon.core.webui.keyword.builtin.SelectOptionByValueKeyword.execute(SelectOptionByValueKeyword.groovy:71)
	at com.kms.katalon.core.keyword.internal.KeywordExecutor.executeKeywordForPlatform(KeywordExecutor.groovy:60)
	at com.kms.katalon.core.webui.keyword.WebUiBuiltInKeywords.selectOptionByValue(WebUiBuiltInKeywords.groovy:1138)
	at com.kms.katalon.core.webui.keyword.WebUiBuiltInKeywords$selectOptionByValue$7.call(Unknown Source)
	at Script1570028599978.run(Script1570028599978.groovy:121)
	at com.kms.katalon.core.main.ScriptEngine.run(ScriptEngine.java:194)
	at com.kms.katalon.core.main.ScriptEngine.runScriptAsRawText(ScriptEngine.java:119)
	at com.kms.katalon.core.main.TestCaseExecutor.runScript(TestCaseExecutor.java:337)
	at com.kms.katalon.core.main.TestCaseExecutor.doExecute(TestCaseExecutor.java:328)
	at com.kms.katalon.core.main.TestCaseExecutor.processExecutionPhase(TestCaseExecutor.java:307)
	at com.kms.katalon.core.main.TestCaseExecutor.accessMainPhase(TestCaseExecutor.java:299)
	at com.kms.katalon.core.main.TestCaseExecutor.execute(TestCaseExecutor.java:233)
	at com.kms.katalon.core.main.TestCaseMain.runTestCase(TestCaseMain.java:114)
	at com.kms.katalon.core.keyword.builtin.CallTestCaseKeyword$_callTestCase_closure1.doCall(CallTestCaseKeyword.groovy:59)
	at com.kms.katalon.core.keyword.builtin.CallTestCaseKeyword$_callTestCase_closure1.call(CallTestCaseKeyword.groovy)
	at com.kms.katalon.core.keyword.internal.KeywordMain.runKeyword(KeywordMain.groovy:68)
	at com.kms.katalon.core.keyword.builtin.CallTestCaseKeyword.callTestCase(CallTestCaseKeyword.groovy:81)
	at com.kms.katalon.core.keyword.builtin.CallTestCaseKeyword.execute(CallTestCaseKeyword.groovy:44)
	at com.kms.katalon.core.keyword.internal.KeywordExecutor.executeKeywordForPlatform(KeywordExecutor.groovy:60)
	at com.kms.katalon.core.keyword.BuiltinKeywords.callTestCase(BuiltinKeywords.groovy:334)
	at Script1569933857280.run(Script1569933857280.groovy:74)
	... 13 more
)
[[ATTACHMENT|C:\\Users\\davidho\\Katalon Studio\\Start\\Reports\\20191107_120108\\Members_Callback\\20191107_120109\\1573128289859.png]]

2019-11-07 12:04:50 - [TEST_STEP][PASSED] - scrollToElement(findTestObject("Object Repository/Page_Members Area/Page_Members Area/button_Submit_1"), 25): Scroll to object 'Object Repository/Page_Members Area/Page_Members Area/button_Submit_1' successfully

2019-11-07 12:04:50 - [MESSAGE][PASSED] - Scroll to object 'Object Repository/Page_Members Area/Page_Members Area/button_Submit_1' successfully

2019-11-07 12:04:50 - [TEST_STEP][PASSED] - click(findTestObject("Object Repository/Page_Members Area/Page_Members Area/input_Send your customers initial info")): Object: 'Object Repository/Page_Members Area/Page_Members Area/input_Send your customers initial info' is clicked on

2019-11-07 12:04:51 - [MESSAGE][PASSED] - Object: 'Object Repository/Page_Members Area/Page_Members Area/input_Send your customers initial info' is clicked on

2019-11-07 12:04:51 - [TEST_STEP][PASSED] - click(findTestObject("Object Repository/Page_Members Area/Page_Members Area/input_Send your customers initial info")): Object: 'Object Repository/Page_Members Area/Page_Members Area/input_Send your customers initial info' is clicked on

2019-11-07 12:04:52 - [MESSAGE][PASSED] - Object: 'Object Repository/Page_Members Area/Page_Members Area/input_Send your customers initial info' is clicked on

2019-11-07 12:04:52 - [TEST_STEP][PASSED] - verifyElementClickable(findTestObject("Object Repository/Page_Members Area/Page_Members Area/button_Submit_1")): Object 'Object Repository/Page_Members Area/Page_Members Area/button_Submit_1' is clickable

2019-11-07 12:04:53 - [MESSAGE][PASSED] - Object 'Object Repository/Page_Members Area/Page_Members Area/button_Submit_1' is clickable

2019-11-07 12:04:53 - [TEST_STEP][PASSED] - click(findTestObject("Object Repository/Page_Members Area/Page_Members Area/button_Submit_1")): Object: 'Object Repository/Page_Members Area/Page_Members Area/button_Submit_1' is clicked on

2019-11-07 12:04:53 - [MESSAGE][PASSED] - Object: 'Object Repository/Page_Members Area/Page_Members Area/button_Submit_1' is clicked on

2019-11-07 12:04:53 - [TEST_STEP][PASSED] - "----------------------------------------------": null

2019-11-07 12:04:53 - [TEST_STEP][PASSED] - "----------------------------------------------": null

2019-11-07 12:04:53 - [TEST_STEP][PASSED] - "----------------------------------------------": null

2019-11-07 12:04:53 - [TEST_STEP][PASSED] - "----------------------------------------------": null

2019-11-07 12:04:53 - [TEST_STEP][PASSED] - "----------------------------------------------": null

2019-11-07 12:04:53 - [TEST_STEP][PASSED] - "----------------------------------------------": null

2019-11-07 12:04:53 - [TEST_STEP][PASSED] - delay(2): Delayed 2 second(s)

2019-11-07 12:04:55 - [MESSAGE][PASSED] - Delayed 2 second(s)

2019-11-07 12:04:55 - [TEST_STEP][PASSED] - waitForElementClickable(findTestObject("Object Repository/Page_Members Area/button_Close"), 2): Object 'Object Repository/Page_Members Area/button_Close' is clickable

2019-11-07 12:04:55 - [MESSAGE][PASSED] - Object 'Object Repository/Page_Members Area/button_Close' is clickable

2019-11-07 12:04:55 - [TEST_STEP][PASSED] - click(findTestObject("Object Repository/Page_Members Area/button_Close")): Object: 'Object Repository/Page_Members Area/button_Close' is clicked on

2019-11-07 12:04:56 - [MESSAGE][PASSED] - Object: 'Object Repository/Page_Members Area/button_Close' is clicked on

2019-11-07 12:04:56 - [TEST_STEP][PASSED] - scrollToElement(findTestObject("Object Repository/Callback/work_Alerts_Text"), 2): Scroll to object 'Object Repository/Callback/work_Alerts_Text' successfully

2019-11-07 12:04:57 - [MESSAGE][PASSED] - Scroll to object 'Object Repository/Callback/work_Alerts_Text' successfully

2019-11-07 12:04:57 - [TEST_STEP][PASSED] - click(findTestObject("Object Repository/Callback/work_Alerts_Text")): Object: 'Object Repository/Callback/work_Alerts_Text' is clicked on

2019-11-07 12:04:57 - [MESSAGE][PASSED] - Object: 'Object Repository/Callback/work_Alerts_Text' is clicked on

2019-11-07 12:04:57 - [TEST_STEP][PASSED] - "----------------------------------------------": null

2019-11-07 12:04:57 - [TEST_STEP][PASSED] - "----------------------------------------------": null

2019-11-07 12:04:57 - [TEST_STEP][PASSED] - "----------------------------------------------": null

2019-11-07 12:04:57 - [TEST_STEP][PASSED] - scrollToElement(findTestObject("Object Repository/Page_Members Area/a_Settings"), 2): Scroll to object 'Object Repository/Page_Members Area/a_Settings' successfully

2019-11-07 12:04:57 - [MESSAGE][PASSED] - Scroll to object 'Object Repository/Page_Members Area/a_Settings' successfully

2019-11-07 12:04:57 - [MESSAGE][FAILED] - Unable to call Test Case 'Test Cases/Reusable_Test_Sequences/Members_Area/Validation/Callback_Requests_Sub/Callback_Request_Settings' (Root cause: com.kms.katalon.core.exception.StepFailedException: Call Test Case 'Test Cases/Reusable_Test_Sequences/Members_Area/Validation/Callback_Requests_Sub/Callback_Request_Settings' failed
	at com.kms.katalon.core.keyword.builtin.CallTestCaseKeyword$_callTestCase_closure1.doCall(CallTestCaseKeyword.groovy:63)
	at com.kms.katalon.core.keyword.builtin.CallTestCaseKeyword$_callTestCase_closure1.call(CallTestCaseKeyword.groovy)
	at com.kms.katalon.core.keyword.internal.KeywordMain.runKeyword(KeywordMain.groovy:68)
	at com.kms.katalon.core.keyword.builtin.CallTestCaseKeyword.callTestCase(CallTestCaseKeyword.groovy:81)
	at com.kms.katalon.core.keyword.builtin.CallTestCaseKeyword.execute(CallTestCaseKeyword.groovy:44)
	at com.kms.katalon.core.keyword.internal.KeywordExecutor.executeKeywordForPlatform(KeywordExecutor.groovy:60)
	at com.kms.katalon.core.keyword.BuiltinKeywords.callTestCase(BuiltinKeywords.groovy:334)
	at Callback_Requests.run(Callback_Requests:74)
	at com.kms.katalon.core.main.ScriptEngine.run(ScriptEngine.java:194)
	at com.kms.katalon.core.main.ScriptEngine.runScriptAsRawText(ScriptEngine.java:119)
	at com.kms.katalon.core.main.TestCaseExecutor.runScript(TestCaseExecutor.java:337)
	at com.kms.katalon.core.main.TestCaseExecutor.doExecute(TestCaseExecutor.java:328)
	at com.kms.katalon.core.main.TestCaseExecutor.processExecutionPhase(TestCaseExecutor.java:307)
	at com.kms.katalon.core.main.TestCaseExecutor.accessMainPhase(TestCaseExecutor.java:299)
	at com.kms.katalon.core.main.TestCaseExecutor.execute(TestCaseExecutor.java:233)
	at com.kms.katalon.core.main.TestSuiteExecutor.accessTestCaseMainPhase(TestSuiteExecutor.java:169)
	at com.kms.katalon.core.main.TestSuiteExecutor.accessTestSuiteMainPhase(TestSuiteExecutor.java:142)
	at com.kms.katalon.core.main.TestSuiteExecutor.execute(TestSuiteExecutor.java:91)
	at com.kms.katalon.core.main.TestCaseMain.startTestSuite(TestCaseMain.java:157)
	at com.kms.katalon.core.main.TestCaseMain$startTestSuite$0.call(Unknown Source)
	at TempTestSuite1573128069501.run(TempTestSuite1573128069501.groovy:36)
Caused by: com.kms.katalon.core.exception.StepFailedException: Unable to select option by value '3: Object' of object 'Object Repository/Page_Members Area/Page_Members Area/select_Do not send_1'  using regular expression (Root cause: com.kms.katalon.core.exception.StepFailedException: Unable to select option by value '3: Object' of object 'Object Repository/Page_Members Area/Page_Members Area/select_Do not send_1'  using regular expression
	at com.kms.katalon.core.webui.keyword.internal.WebUIKeywordMain.stepFailed(WebUIKeywordMain.groovy:64)
	at com.kms.katalon.core.webui.keyword.internal.WebUIKeywordMain.runKeyword(WebUIKeywordMain.groovy:26)
	at com.kms.katalon.core.webui.keyword.builtin.SelectOptionByValueKeyword.selectOptionByValue(SelectOptionByValueKeyword.groovy:99)
	at com.kms.katalon.core.webui.keyword.builtin.SelectOptionByValueKeyword.execute(SelectOptionByValueKeyword.groovy:71)
	at com.kms.katalon.core.keyword.internal.KeywordExecutor.executeKeywordForPlatform(KeywordExecutor.groovy:60)
	at com.kms.katalon.core.webui.keyword.WebUiBuiltInKeywords.selectOptionByValue(WebUiBuiltInKeywords.groovy:1138)
	at com.kms.katalon.core.webui.keyword.WebUiBuiltInKeywords$selectOptionByValue$7.call(Unknown Source)
	at Callback_Request_Settings.run(Callback_Request_Settings:109)
	at com.kms.katalon.core.main.ScriptEngine.run(ScriptEngine.java:194)
	at com.kms.katalon.core.main.ScriptEngine.runScriptAsRawText(ScriptEngine.java:119)
	at com.kms.katalon.core.main.TestCaseExecutor.runScript(TestCaseExecutor.java:337)
	at com.kms.katalon.core.main.TestCaseExecutor.doExecute(TestCaseExecutor.java:328)
	at com.kms.katalon.core.main.TestCaseExecutor.processExecutionPhase(TestCaseExecutor.java:307)
	at com.kms.katalon.core.main.TestCaseExecutor.accessMainPhase(TestCaseExecutor.java:299)
	at com.kms.katalon.core.main.TestCaseExecutor.execute(TestCaseExecutor.java:233)
	at com.kms.katalon.core.main.TestCaseMain.runTestCase(TestCaseMain.java:114)
	at com.kms.katalon.core.keyword.builtin.CallTestCaseKeyword$_callTestCase_closure1.doCall(CallTestCaseKeyword.groovy:59)
	at com.kms.katalon.core.keyword.builtin.CallTestCaseKeyword$_callTestCase_closure1.call(CallTestCaseKeyword.groovy)
	at com.kms.katalon.core.keyword.internal.KeywordMain.runKeyword(KeywordMain.groovy:68)
	at com.kms.katalon.core.keyword.builtin.CallTestCaseKeyword.callTestCase(CallTestCaseKeyword.groovy:81)
	at com.kms.katalon.core.keyword.builtin.CallTestCaseKeyword.execute(CallTestCaseKeyword.groovy:44)
	at com.kms.katalon.core.keyword.internal.KeywordExecutor.executeKeywordForPlatform(KeywordExecutor.groovy:60)
	at com.kms.katalon.core.keyword.BuiltinKeywords.callTestCase(BuiltinKeywords.groovy:334)
	at Callback_Requests.run(Callback_Requests:74)
	at com.kms.katalon.core.main.ScriptEngine.run(ScriptEngine.java:194)
	at com.kms.katalon.core.main.ScriptEngine.runScriptAsRawText(ScriptEngine.java:119)
	at com.kms.katalon.core.main.TestCaseExecutor.runScript(TestCaseExecutor.java:337)
	at com.kms.katalon.core.main.TestCaseExecutor.doExecute(TestCaseExecutor.java:328)
	at com.kms.katalon.core.main.TestCaseExecutor.processExecutionPhase(TestCaseExecutor.java:307)
	at com.kms.katalon.core.main.TestCaseExecutor.accessMainPhase(TestCaseExecutor.java:299)
	at com.kms.katalon.core.main.TestCaseExecutor.execute(TestCaseExecutor.java:233)
	at com.kms.katalon.core.main.TestSuiteExecutor.accessTestCaseMainPhase(TestSuiteExecutor.java:169)
	at com.kms.katalon.core.main.TestSuiteExecutor.accessTestSuiteMainPhase(TestSuiteExecutor.java:142)
	at com.kms.katalon.core.main.TestSuiteExecutor.execute(TestSuiteExecutor.java:91)
	at com.kms.katalon.core.main.TestCaseMain.startTestSuite(TestCaseMain.java:157)
	at com.kms.katalon.core.main.TestCaseMain$startTestSuite$0.call(Unknown Source)
	at TempTestSuite1573128069501.run(TempTestSuite1573128069501.groovy:36)
Caused by: com.kms.katalon.core.webui.exception.WebElementNotFoundException: Web element with id: 'Object Repository/Page_Members Area/Page_Members Area/select_Do not send_1' located by 'By.xpath: //*[@id = 'form-field-1' and @name = 'emailDDL' and (text() = 'Do not sendOtherCompany email address: jon.wood@checkatrade.comMr Daniel Davis: daniel.davis@edaxis.co.ukMr Testing Team: support@checkatrade.comMr Testing Team: support@checkatrade.comMr Alexander Nunn: alexander.nunn@checkatrade.comMr Alexander Nunn: alexander.nunn@checkatrade.comMr Alex McCallio: alex.mccallion@hotmail.co.ukMrs Sindhura Voona: christopher.byrom@blah.comMrs Sindhura Voona: christopher.byrom@blah.comMr Rehana Shadab: rehana.shedab@checkatrade.comMr Richard Audemars: richard.audemars@checkatrade.comMr Sian Taylor: sian.taylor@checkatrade.comMr Chantel Lineham: chantel.lineham@checkatrade.comMr Neil Hibbert: neil.hibbert@checkatrade.comMiss Eleanor Jordan: eleanor.jordan@checkatrade.comMr Ivan G-S: ivan.gutowski-smith@checkatrade.comMr Ciar Baharie: ciar.baharie@checkatrade.comMr Ryan B: ryan.butt@checkatrade.comMr Michael Eason: michael.eason@checkatrade.comMr Mike Fairman: mike.fairman@checkatrade.comMrs Becky Cheshire: becky.cheshire@checkatrade.comMr Colin Wisdom: colin.wisdom@checkatrade.comMr Simon Ip: simon.ip@checkatrade.comMr Chris Almond: chris.almond@standingongiants.comMr Mark Bagnall: mark.bagnall@checkatrade.comMr Jon Wood: jon.wood@checkatrade.comMr Linda Hardy: linda.hardy@checkatrade.comMr Dan Staples: dan.staples@checkatrade.comMr Charlotte Carter: charlotte.carter@checkatrade.comMr L P: l.p@checkatrade.comMr Ketih Reed: keith.reed@checkatrade.comMr Tom Amis: tom.amis@checkatrade.com' or . = 'Do not sendOtherCompany email address: jon.wood@checkatrade.comMr Daniel Davis: daniel.davis@edaxis.co.ukMr Testing Team: support@checkatrade.comMr Testing Team: support@checkatrade.comMr Alexander Nunn: alexander.nunn@checkatrade.comMr Alexander Nunn: alexander.nunn@checkatrade.comMr Alex McCallio: alex.mccallion@hotmail.co.ukMrs Sindhura Voona: christopher.byrom@blah.comMrs Sindhura Voona: christopher.byrom@blah.comMr Rehana Shadab: rehana.shedab@checkatrade.comMr Richard Audemars: richard.audemars@checkatrade.comMr Sian Taylor: sian.taylor@checkatrade.comMr Chantel Lineham: chantel.lineham@checkatrade.comMr Neil Hibbert: neil.hibbert@checkatrade.comMiss Eleanor Jordan: eleanor.jordan@checkatrade.comMr Ivan G-S: ivan.gutowski-smith@checkatrade.comMr Ciar Baharie: ciar.baharie@checkatrade.comMr Ryan B: ryan.butt@checkatrade.comMr Michael Eason: michael.eason@checkatrade.comMr Mike Fairman: mike.fairman@checkatrade.comMrs Becky Cheshire: becky.cheshire@checkatrade.comMr Colin Wisdom: colin.wisdom@checkatrade.comMr Simon Ip: simon.ip@checkatrade.comMr Chris Almond: chris.almond@standingongiants.comMr Mark Bagnall: mark.bagnall@checkatrade.comMr Jon Wood: jon.wood@checkatrade.comMr Linda Hardy: linda.hardy@checkatrade.comMr Dan Staples: dan.staples@checkatrade.comMr Charlotte Carter: charlotte.carter@checkatrade.comMr L P: l.p@checkatrade.comMr Ketih Reed: keith.reed@checkatrade.comMr Tom Amis: tom.amis@checkatrade.com')]' not found
	at com.kms.katalon.core.webui.common.WebUiCommonHelper.findWebElement(WebUiCommonHelper.java:1113)
	at com.kms.katalon.core.webui.keyword.internal.WebUIAbstractKeyword.findWebElement(WebUIAbstractKeyword.groovy:27)
	at com.kms.katalon.core.webui.keyword.internal.WebUIAbstractKeyword.findWebElement(WebUIAbstractKeyword.groovy:26)
	at com.kms.katalon.core.webui.keyword.builtin.SelectOptionByValueKeyword$_selectOptionByValue_closure1.doCall(SelectOptionByValueKeyword.groovy:86)
	at com.kms.katalon.core.webui.keyword.builtin.SelectOptionByValueKeyword$_selectOptionByValue_closure1.call(SelectOptionByValueKeyword.groovy)
	at com.kms.katalon.core.webui.keyword.internal.WebUIKeywordMain.runKeyword(WebUIKeywordMain.groovy:20)
	at com.kms.katalon.core.webui.keyword.builtin.SelectOptionByValueKeyword.selectOptionByValue(SelectOptionByValueKeyword.groovy:99)
	at com.kms.katalon.core.webui.keyword.builtin.SelectOptionByValueKeyword.execute(SelectOptionByValueKeyword.groovy:71)
	at com.kms.katalon.core.keyword.internal.KeywordExecutor.executeKeywordForPlatform(KeywordExecutor.groovy:60)
	at com.kms.katalon.core.webui.keyword.WebUiBuiltInKeywords.selectOptionByValue(WebUiBuiltInKeywords.groovy:1138)
	at com.kms.katalon.core.webui.keyword.WebUiBuiltInKeywords$selectOptionByValue$7.call(Unknown Source)
	at Script1570028599978.run(Script1570028599978.groovy:109)
	at com.kms.katalon.core.main.ScriptEngine.run(ScriptEngine.java:194)
	at com.kms.katalon.core.main.ScriptEngine.runScriptAsRawText(ScriptEngine.java:119)
	at com.kms.katalon.core.main.TestCaseExecutor.runScript(TestCaseExecutor.java:337)
	at com.kms.katalon.core.main.TestCaseExecutor.doExecute(TestCaseExecutor.java:328)
	at com.kms.katalon.core.main.TestCaseExecutor.processExecutionPhase(TestCaseExecutor.java:307)
	at com.kms.katalon.core.main.TestCaseExecutor.accessMainPhase(TestCaseExecutor.java:299)
	at com.kms.katalon.core.main.TestCaseExecutor.execute(TestCaseExecutor.java:233)
	at com.kms.katalon.core.main.TestCaseMain.runTestCase(TestCaseMain.java:114)
	at com.kms.katalon.core.keyword.builtin.CallTestCaseKeyword$_callTestCase_closure1.doCall(CallTestCaseKeyword.groovy:59)
	at com.kms.katalon.core.keyword.builtin.CallTestCaseKeyword$_callTestCase_closure1.call(CallTestCaseKeyword.groovy)
	at com.kms.katalon.core.keyword.internal.KeywordMain.runKeyword(KeywordMain.groovy:68)
	at com.kms.katalon.core.keyword.builtin.CallTestCaseKeyword.callTestCase(CallTestCaseKeyword.groovy:81)
	at com.kms.katalon.core.keyword.builtin.CallTestCaseKeyword.execute(CallTestCaseKeyword.groovy:44)
	at com.kms.katalon.core.keyword.internal.KeywordExecutor.executeKeywordForPlatform(KeywordExecutor.groovy:60)
	at com.kms.katalon.core.keyword.BuiltinKeywords.callTestCase(BuiltinKeywords.groovy:334)
	at Script1569933857280.run(Script1569933857280.groovy:74)
	... 13 more
)
	at com.kms.katalon.core.keyword.internal.KeywordMain.stepFailed(KeywordMain.groovy:39)
	at com.kms.katalon.core.webui.keyword.internal.WebUIKeywordMain.stepFailed(WebUIKeywordMain.groovy:64)
	at com.kms.katalon.core.webui.keyword.internal.WebUIKeywordMain.runKeyword(WebUIKeywordMain.groovy:26)
	at com.kms.katalon.core.webui.keyword.builtin.SelectOptionByValueKeyword.selectOptionByValue(SelectOptionByValueKeyword.groovy:99)
	at com.kms.katalon.core.webui.keyword.builtin.SelectOptionByValueKeyword.execute(SelectOptionByValueKeyword.groovy:71)
	at com.kms.katalon.core.keyword.internal.KeywordExecutor.executeKeywordForPlatform(KeywordExecutor.groovy:60)
	at com.kms.katalon.core.webui.keyword.WebUiBuiltInKeywords.selectOptionByValue(WebUiBuiltInKeywords.groovy:1138)
	at com.kms.katalon.core.webui.keyword.WebUiBuiltInKeywords$selectOptionByValue$7.call(Unknown Source)
	at Callback_Request_Settings.run(Callback_Request_Settings:109)
	at com.kms.katalon.core.main.ScriptEngine.run(ScriptEngine.java:194)
	at com.kms.katalon.core.main.ScriptEngine.runScriptAsRawText(ScriptEngine.java:119)
	at com.kms.katalon.core.main.TestCaseExecutor.runScript(TestCaseExecutor.java:337)
	at com.kms.katalon.core.main.TestCaseExecutor.doExecute(TestCaseExecutor.java:328)
	at com.kms.katalon.core.main.TestCaseExecutor.processExecutionPhase(TestCaseExecutor.java:307)
	at com.kms.katalon.core.main.TestCaseExecutor.accessMainPhase(TestCaseExecutor.java:299)
	at com.kms.katalon.core.main.TestCaseExecutor.execute(TestCaseExecutor.java:233)
	at com.kms.katalon.core.main.TestCaseMain.runTestCase(TestCaseMain.java:114)
	at com.kms.katalon.core.keyword.builtin.CallTestCaseKeyword$_callTestCase_closure1.doCall(CallTestCaseKeyword.groovy:59)
	... 20 more
Caused by: com.kms.katalon.core.exception.StepFailedException: Unable to select option by value '3: Object' of object 'Object Repository/Page_Members Area/Page_Members Area/select_Do not send_1'  using regular expression
	... 37 more
Caused by: com.kms.katalon.core.webui.exception.WebElementNotFoundException: Web element with id: 'Object Repository/Page_Members Area/Page_Members Area/select_Do not send_1' located by 'By.xpath: //*[@id = 'form-field-1' and @name = 'emailDDL' and (text() = 'Do not sendOtherCompany email address: jon.wood@checkatrade.comMr Daniel Davis: daniel.davis@edaxis.co.ukMr Testing Team: support@checkatrade.comMr Testing Team: support@checkatrade.comMr Alexander Nunn: alexander.nunn@checkatrade.comMr Alexander Nunn: alexander.nunn@checkatrade.comMr Alex McCallio: alex.mccallion@hotmail.co.ukMrs Sindhura Voona: christopher.byrom@blah.comMrs Sindhura Voona: christopher.byrom@blah.comMr Rehana Shadab: rehana.shedab@checkatrade.comMr Richard Audemars: richard.audemars@checkatrade.comMr Sian Taylor: sian.taylor@checkatrade.comMr Chantel Lineham: chantel.lineham@checkatrade.comMr Neil Hibbert: neil.hibbert@checkatrade.comMiss Eleanor Jordan: eleanor.jordan@checkatrade.comMr Ivan G-S: ivan.gutowski-smith@checkatrade.comMr Ciar Baharie: ciar.baharie@checkatrade.comMr Ryan B: ryan.butt@checkatrade.comMr Michael Eason: michael.eason@checkatrade.comMr Mike Fairman: mike.fairman@checkatrade.comMrs Becky Cheshire: becky.cheshire@checkatrade.comMr Colin Wisdom: colin.wisdom@checkatrade.comMr Simon Ip: simon.ip@checkatrade.comMr Chris Almond: chris.almond@standingongiants.comMr Mark Bagnall: mark.bagnall@checkatrade.comMr Jon Wood: jon.wood@checkatrade.comMr Linda Hardy: linda.hardy@checkatrade.comMr Dan Staples: dan.staples@checkatrade.comMr Charlotte Carter: charlotte.carter@checkatrade.comMr L P: l.p@checkatrade.comMr Ketih Reed: keith.reed@checkatrade.comMr Tom Amis: tom.amis@checkatrade.com' or . = 'Do not sendOtherCompany email address: jon.wood@checkatrade.comMr Daniel Davis: daniel.davis@edaxis.co.ukMr Testing Team: support@checkatrade.comMr Testing Team: support@checkatrade.comMr Alexander Nunn: alexander.nunn@checkatrade.comMr Alexander Nunn: alexander.nunn@checkatrade.comMr Alex McCallio: alex.mccallion@hotmail.co.ukMrs Sindhura Voona: christopher.byrom@blah.comMrs Sindhura Voona: christopher.byrom@blah.comMr Rehana Shadab: rehana.shedab@checkatrade.comMr Richard Audemars: richard.audemars@checkatrade.comMr Sian Taylor: sian.taylor@checkatrade.comMr Chantel Lineham: chantel.lineham@checkatrade.comMr Neil Hibbert: neil.hibbert@checkatrade.comMiss Eleanor Jordan: eleanor.jordan@checkatrade.comMr Ivan G-S: ivan.gutowski-smith@checkatrade.comMr Ciar Baharie: ciar.baharie@checkatrade.comMr Ryan B: ryan.butt@checkatrade.comMr Michael Eason: michael.eason@checkatrade.comMr Mike Fairman: mike.fairman@checkatrade.comMrs Becky Cheshire: becky.cheshire@checkatrade.comMr Colin Wisdom: colin.wisdom@checkatrade.comMr Simon Ip: simon.ip@checkatrade.comMr Chris Almond: chris.almond@standingongiants.comMr Mark Bagnall: mark.bagnall@checkatrade.comMr Jon Wood: jon.wood@checkatrade.comMr Linda Hardy: linda.hardy@checkatrade.comMr Dan Staples: dan.staples@checkatrade.comMr Charlotte Carter: charlotte.carter@checkatrade.comMr L P: l.p@checkatrade.comMr Ketih Reed: keith.reed@checkatrade.comMr Tom Amis: tom.amis@checkatrade.com')]' not found
	at com.kms.katalon.core.webui.common.WebUiCommonHelper.findWebElement(WebUiCommonHelper.java:1113)
	at com.kms.katalon.core.webui.keyword.internal.WebUIAbstractKeyword.findWebElement(WebUIAbstractKeyword.groovy:27)
	at com.kms.katalon.core.webui.keyword.internal.WebUIAbstractKeyword.findWebElement(WebUIAbstractKeyword.groovy:26)
	at com.kms.katalon.core.webui.keyword.builtin.SelectOptionByValueKeyword$_selectOptionByValue_closure1.doCall(SelectOptionByValueKeyword.groovy:86)
	at com.kms.katalon.core.webui.keyword.builtin.SelectOptionByValueKeyword$_selectOptionByValue_closure1.call(SelectOptionByValueKeyword.groovy)
	at com.kms.katalon.core.webui.keyword.internal.WebUIKeywordMain.runKeyword(WebUIKeywordMain.groovy:20)
	... 35 more
)

2019-11-07 12:04:57 - [TEST_STEP][PASSED] - callTestCase(findTestCase("Reusable_Test_Sequences/Members_Area/Validation/Callback_Requests_Sub/Callback_Requests_Notes"), [:], CONTINUE_ON_FAILURE): Call Test Case 'Test Cases/Reusable_Test_Sequences/Members_Area/Validation/Callback_Requests_Sub/Callback_Requests_Notes' successfully

2019-11-07 12:04:57 - [TEST_CASE][PASSED] - Test Cases/Reusable_Test_Sequences/Members_Area/Validation/Callback_Requests_Sub/Callback_Requests_Notes: Test Cases/Reusable_Test_Sequences/Members_Area/Validation/Callback_Requests_Sub/Callback_Requests_Notes

2019-11-07 12:04:58 - [TEST_STEP][PASSED] - waitForPageLoad(25): Wait for page load successfully

2019-11-07 12:04:58 - [MESSAGE][PASSED] - Wait for page load successfully

2019-11-07 12:04:58 - [TEST_STEP][PASSED] - waitForElementPresent(findTestObject("Object Repository/Page_Members Area/a_Settings"), 50): Object 'Object Repository/Page_Members Area/a_Settings' is present

2019-11-07 12:04:58 - [MESSAGE][PASSED] - Object 'Object Repository/Page_Members Area/a_Settings' is present

2019-11-07 12:04:58 - [TEST_STEP][PASSED] - "----------------------------------------------": null

2019-11-07 12:04:58 - [TEST_STEP][PASSED] - "----------------------------------------------": null

2019-11-07 12:04:58 - [TEST_STEP][PASSED] - "---------------------------------": null

2019-11-07 12:04:58 - [TEST_STEP][PASSED] - waitForElementClickable(findTestObject("Object Repository/Page_Members Area/Page_Members Area/a_AddEdit note"), 25): Object 'Object Repository/Page_Members Area/Page_Members Area/a_AddEdit note' is clickable

2019-11-07 12:04:58 - [MESSAGE][PASSED] - Object 'Object Repository/Page_Members Area/Page_Members Area/a_AddEdit note' is clickable

2019-11-07 12:04:58 - [TEST_STEP][PASSED] - "----------------------------------------------": null

2019-11-07 12:04:58 - [TEST_STEP][PASSED] - click(findTestObject("Object Repository/Page_Members Area/Page_Members Area/a_AddEdit note")): Object: 'Object Repository/Page_Members Area/Page_Members Area/a_AddEdit note' is clicked on

2019-11-07 12:04:58 - [MESSAGE][PASSED] - Object: 'Object Repository/Page_Members Area/Page_Members Area/a_AddEdit note' is clicked on

2019-11-07 12:04:58 - [TEST_STEP][PASSED] - verifyTextPresent("this is still a cool note", false): Text 'this is still a cool note' is present on page 

2019-11-07 12:05:01 - [MESSAGE][PASSED] - Text 'this is still a cool note' is present on page 

2019-11-07 12:05:01 - [TEST_STEP][PASSED] - verifyTextPresent("Close", false): Text 'Close' is present on page 

2019-11-07 12:05:04 - [MESSAGE][PASSED] - Text 'Close' is present on page 

2019-11-07 12:05:04 - [TEST_STEP][PASSED] - verifyTextPresent("Submit", false): Text 'Submit' is present on page 

2019-11-07 12:05:07 - [MESSAGE][PASSED] - Text 'Submit' is present on page 

2019-11-07 12:05:07 - [MESSAGE][PASSED] - Call Test Case 'Test Cases/Reusable_Test_Sequences/Members_Area/Validation/Callback_Requests_Sub/Callback_Requests_Notes' successfully

2019-11-07 12:05:07 - [TEST_STEP][PASSED] - callTestCase(findTestCase("Reusable_Test_Sequences/Members_Area/Banner_Menu/log_Off"), [:], OPTIONAL): Unable to call Test Case 'Test Cases/Reusable_Test_Sequences/Members_Area/Banner_Menu/log_Off' (Root cause: com.kms.katalon.core.exception.StepFailedException: Call Test Case 'Test Cases/Reusable_Test_Sequences/Members_Area/Banner_Menu/log_Off' failed
	at com.kms.katalon.core.keyword.builtin.CallTestCaseKeyword$_callTestCase_closure1.doCall(CallTestCaseKeyword.groovy:63)
	at com.kms.katalon.core.keyword.builtin.CallTestCaseKeyword$_callTestCase_closure1.call(CallTestCaseKeyword.groovy)
	at com.kms.katalon.core.keyword.internal.KeywordMain.runKeyword(KeywordMain.groovy:68)
	at com.kms.katalon.core.keyword.builtin.CallTestCaseKeyword.callTestCase(CallTestCaseKeyword.groovy:81)
	at com.kms.katalon.core.keyword.builtin.CallTestCaseKeyword.execute(CallTestCaseKeyword.groovy:44)
	at com.kms.katalon.core.keyword.internal.KeywordExecutor.executeKeywordForPlatform(KeywordExecutor.groovy:60)
	at com.kms.katalon.core.keyword.BuiltinKeywords.callTestCase(BuiltinKeywords.groovy:334)
	at Callback_Requests.run(Callback_Requests:84)
	at com.kms.katalon.core.main.ScriptEngine.run(ScriptEngine.java:194)
	at com.kms.katalon.core.main.ScriptEngine.runScriptAsRawText(ScriptEngine.java:119)
	at com.kms.katalon.core.main.TestCaseExecutor.runScript(TestCaseExecutor.java:337)
	at com.kms.katalon.core.main.TestCaseExecutor.doExecute(TestCaseExecutor.java:328)
	at com.kms.katalon.core.main.TestCaseExecutor.processExecutionPhase(TestCaseExecutor.java:307)
	at com.kms.katalon.core.main.TestCaseExecutor.accessMainPhase(TestCaseExecutor.java:299)
	at com.kms.katalon.core.main.TestCaseExecutor.execute(TestCaseExecutor.java:233)
	at com.kms.katalon.core.main.TestSuiteExecutor.accessTestCaseMainPhase(TestSuiteExecutor.java:169)
	at com.kms.katalon.core.main.TestSuiteExecutor.accessTestSuiteMainPhase(TestSuiteExecutor.java:142)
	at com.kms.katalon.core.main.TestSuiteExecutor.execute(TestSuiteExecutor.java:91)
	at com.kms.katalon.core.main.TestCaseMain.startTestSuite(TestCaseMain.java:157)
	at com.kms.katalon.core.main.TestCaseMain$startTestSuite$0.call(Unknown Source)
	at TempTestSuite1573128069501.run(TempTestSuite1573128069501.groovy:36)
Caused by: com.kms.katalon.core.exception.StepFailedException: Unable to click on object 'Object Repository/Page_Members Area/a_Log off' (Root cause: com.kms.katalon.core.exception.StepFailedException: Unable to click on object 'Object Repository/Page_Members Area/a_Log off'
	at com.kms.katalon.core.webui.keyword.internal.WebUIKeywordMain.stepFailed(WebUIKeywordMain.groovy:64)
	at com.kms.katalon.core.webui.keyword.internal.WebUIKeywordMain.runKeyword(WebUIKeywordMain.groovy:26)
	at com.kms.katalon.core.webui.keyword.builtin.ClickKeyword.click(ClickKeyword.groovy:79)
	at com.kms.katalon.core.webui.keyword.builtin.ClickKeyword.execute(ClickKeyword.groovy:42)
	at com.kms.katalon.core.keyword.internal.KeywordExecutor.executeKeywordForPlatform(KeywordExecutor.groovy:60)
	at com.kms.katalon.core.webui.keyword.WebUiBuiltInKeywords.click(WebUiBuiltInKeywords.groovy:616)
	at com.kms.katalon.core.webui.keyword.WebUiBuiltInKeywords$click$4.call(Unknown Source)
	at log_Off.run(log_Off:54)
	at com.kms.katalon.core.main.ScriptEngine.run(ScriptEngine.java:194)
	at com.kms.katalon.core.main.ScriptEngine.runScriptAsRawText(ScriptEngine.java:119)
	at com.kms.katalon.core.main.TestCaseExecutor.runScript(TestCaseExecutor.java:337)
	at com.kms.katalon.core.main.TestCaseExecutor.doExecute(TestCaseExecutor.java:328)
	at com.kms.katalon.core.main.TestCaseExecutor.processExecutionPhase(TestCaseExecutor.java:307)
	at com.kms.katalon.core.main.TestCaseExecutor.accessMainPhase(TestCaseExecutor.java:299)
	at com.kms.katalon.core.main.TestCaseExecutor.execute(TestCaseExecutor.java:233)
	at com.kms.katalon.core.main.TestCaseMain.runTestCase(TestCaseMain.java:114)
	at com.kms.katalon.core.keyword.builtin.CallTestCaseKeyword$_callTestCase_closure1.doCall(CallTestCaseKeyword.groovy:59)
	at com.kms.katalon.core.keyword.builtin.CallTestCaseKeyword$_callTestCase_closure1.call(CallTestCaseKeyword.groovy)
	at com.kms.katalon.core.keyword.internal.KeywordMain.runKeyword(KeywordMain.groovy:68)
	at com.kms.katalon.core.keyword.builtin.CallTestCaseKeyword.callTestCase(CallTestCaseKeyword.groovy:81)
	at com.kms.katalon.core.keyword.builtin.CallTestCaseKeyword.execute(CallTestCaseKeyword.groovy:44)
	at com.kms.katalon.core.keyword.internal.KeywordExecutor.executeKeywordForPlatform(KeywordExecutor.groovy:60)
	at com.kms.katalon.core.keyword.BuiltinKeywords.callTestCase(BuiltinKeywords.groovy:334)
	at Callback_Requests.run(Callback_Requests:84)
	at com.kms.katalon.core.main.ScriptEngine.run(ScriptEngine.java:194)
	at com.kms.katalon.core.main.ScriptEngine.runScriptAsRawText(ScriptEngine.java:119)
	at com.kms.katalon.core.main.TestCaseExecutor.runScript(TestCaseExecutor.java:337)
	at com.kms.katalon.core.main.TestCaseExecutor.doExecute(TestCaseExecutor.java:328)
	at com.kms.katalon.core.main.TestCaseExecutor.processExecutionPhase(TestCaseExecutor.java:307)
	at com.kms.katalon.core.main.TestCaseExecutor.accessMainPhase(TestCaseExecutor.java:299)
	at com.kms.katalon.core.main.TestCaseExecutor.execute(TestCaseExecutor.java:233)
	at com.kms.katalon.core.main.TestSuiteExecutor.accessTestCaseMainPhase(TestSuiteExecutor.java:169)
	at com.kms.katalon.core.main.TestSuiteExecutor.accessTestSuiteMainPhase(TestSuiteExecutor.java:142)
	at com.kms.katalon.core.main.TestSuiteExecutor.execute(TestSuiteExecutor.java:91)
	at com.kms.katalon.core.main.TestCaseMain.startTestSuite(TestCaseMain.java:157)
	at com.kms.katalon.core.main.TestCaseMain$startTestSuite$0.call(Unknown Source)
	at TempTestSuite1573128069501.run(TempTestSuite1573128069501.groovy:36)
Caused by: org.openqa.selenium.TimeoutException: Expected condition failed: waiting for element to be clickable: [[CChromeDriver: chrome on XP (ab20004d9fd29f1665d829f34214eaff)] -> xpath: //a[@href = '/login' and (text() = 'Log off' or . = 'Log off')]] (tried for 30 second(s) with 500 milliseconds interval)
Build info: version: '3.141.59', revision: 'e82be7d358', time: '2018-11-14T08:25:53'
System info: host: 'VETTEDSP36RF', ip: '10.0.11.243', os.name: 'Windows 10', os.arch: 'x86', os.version: '10.0', java.version: '1.8.0_181'
Driver info: com.kms.katalon.core.webui.driver.SmartWaitWebDriver
Capabilities {acceptInsecureCerts: false, browserName: chrome, browserVersion: 78.0.3904.87, chrome: {chromedriverVersion: 77.0.3865.40 (f484704e052e0..., userDataDir: C:\Users\davidho\AppData\Lo...}, goog:chromeOptions: {debuggerAddress: localhost:52488}, javascriptEnabled: true, networkConnectionEnabled: false, pageLoadStrategy: normal, platform: XP, platformName: XP, proxy: Proxy(), setWindowRect: true, strictFileInteractability: false, timeouts: {implicit: 0, pageLoad: 300000, script: 30000}, unhandledPromptBehavior: dismiss and notify}
Session ID: ab20004d9fd29f1665d829f34214eaff
	at org.openqa.selenium.support.ui.WebDriverWait.timeoutException(WebDriverWait.java:95)
	at org.openqa.selenium.support.ui.FluentWait.until(FluentWait.java:272)
	at com.kms.katalon.core.webui.keyword.builtin.ClickKeyword$_click_closure1.doCall(ClickKeyword.groovy:56)
	at com.kms.katalon.core.webui.keyword.builtin.ClickKeyword$_click_closure1.call(ClickKeyword.groovy)
	at com.kms.katalon.core.webui.keyword.internal.WebUIKeywordMain.runKeyword(WebUIKeywordMain.groovy:20)
	at com.kms.katalon.core.webui.keyword.builtin.ClickKeyword.click(ClickKeyword.groovy:79)
	at com.kms.katalon.core.webui.keyword.builtin.ClickKeyword.execute(ClickKeyword.groovy:42)
	at com.kms.katalon.core.keyword.internal.KeywordExecutor.executeKeywordForPlatform(KeywordExecutor.groovy:60)
	at com.kms.katalon.core.webui.keyword.WebUiBuiltInKeywords.click(WebUiBuiltInKeywords.groovy:616)
	at com.kms.katalon.core.webui.keyword.WebUiBuiltInKeywords$click$4.call(Unknown Source)
	at Script1568122980246.run(Script1568122980246.groovy:54)
	at com.kms.katalon.core.main.ScriptEngine.run(ScriptEngine.java:194)
	at com.kms.katalon.core.main.ScriptEngine.runScriptAsRawText(ScriptEngine.java:119)
	at com.kms.katalon.core.main.TestCaseExecutor.runScript(TestCaseExecutor.java:337)
	at com.kms.katalon.core.main.TestCaseExecutor.doExecute(TestCaseExecutor.java:328)
	at com.kms.katalon.core.main.TestCaseExecutor.processExecutionPhase(TestCaseExecutor.java:307)
	at com.kms.katalon.core.main.TestCaseExecutor.accessMainPhase(TestCaseExecutor.java:299)
	at com.kms.katalon.core.main.TestCaseExecutor.execute(TestCaseExecutor.java:233)
	at com.kms.katalon.core.main.TestCaseMain.runTestCase(TestCaseMain.java:114)
	at com.kms.katalon.core.keyword.builtin.CallTestCaseKeyword$_callTestCase_closure1.doCall(CallTestCaseKeyword.groovy:59)
	at com.kms.katalon.core.keyword.builtin.CallTestCaseKeyword$_callTestCase_closure1.call(CallTestCaseKeyword.groovy)
	at com.kms.katalon.core.keyword.internal.KeywordMain.runKeyword(KeywordMain.groovy:68)
	at com.kms.katalon.core.keyword.builtin.CallTestCaseKeyword.callTestCase(CallTestCaseKeyword.groovy:81)
	at com.kms.katalon.core.keyword.builtin.CallTestCaseKeyword.execute(CallTestCaseKeyword.groovy:44)
	at com.kms.katalon.core.keyword.internal.KeywordExecutor.executeKeywordForPlatform(KeywordExecutor.groovy:60)
	at com.kms.katalon.core.keyword.BuiltinKeywords.callTestCase(BuiltinKeywords.groovy:334)
	at Script1569933857280.run(Script1569933857280.groovy:84)
	... 13 more
)
	at com.kms.katalon.core.keyword.internal.KeywordMain.stepFailed(KeywordMain.groovy:39)
	at com.kms.katalon.core.webui.keyword.internal.WebUIKeywordMain.stepFailed(WebUIKeywordMain.groovy:64)
	at com.kms.katalon.core.webui.keyword.internal.WebUIKeywordMain.runKeyword(WebUIKeywordMain.groovy:26)
	at com.kms.katalon.core.webui.keyword.builtin.ClickKeyword.click(ClickKeyword.groovy:79)
	at com.kms.katalon.core.webui.keyword.builtin.ClickKeyword.execute(ClickKeyword.groovy:42)
	at com.kms.katalon.core.keyword.internal.KeywordExecutor.executeKeywordForPlatform(KeywordExecutor.groovy:60)
	at com.kms.katalon.core.webui.keyword.WebUiBuiltInKeywords.click(WebUiBuiltInKeywords.groovy:616)
	at com.kms.katalon.core.webui.keyword.WebUiBuiltInKeywords$click$4.call(Unknown Source)
	at log_Off.run(log_Off:54)
	at com.kms.katalon.core.main.ScriptEngine.run(ScriptEngine.java:194)
	at com.kms.katalon.core.main.ScriptEngine.runScriptAsRawText(ScriptEngine.java:119)
	at com.kms.katalon.core.main.TestCaseExecutor.runScript(TestCaseExecutor.java:337)
	at com.kms.katalon.core.main.TestCaseExecutor.doExecute(TestCaseExecutor.java:328)
	at com.kms.katalon.core.main.TestCaseExecutor.processExecutionPhase(TestCaseExecutor.java:307)
	at com.kms.katalon.core.main.TestCaseExecutor.accessMainPhase(TestCaseExecutor.java:299)
	at com.kms.katalon.core.main.TestCaseExecutor.execute(TestCaseExecutor.java:233)
	at com.kms.katalon.core.main.TestCaseMain.runTestCase(TestCaseMain.java:114)
	at com.kms.katalon.core.keyword.builtin.CallTestCaseKeyword$_callTestCase_closure1.doCall(CallTestCaseKeyword.groovy:59)
	... 20 more
Caused by: com.kms.katalon.core.exception.StepFailedException: Unable to click on object 'Object Repository/Page_Members Area/a_Log off'
	... 37 more
Caused by: org.openqa.selenium.TimeoutException: Expected condition failed: waiting for element to be clickable: [[CChromeDriver: chrome on XP (ab20004d9fd29f1665d829f34214eaff)] -> xpath: //a[@href = '/login' and (text() = 'Log off' or . = 'Log off')]] (tried for 30 second(s) with 500 milliseconds interval)
Build info: version: '3.141.59', revision: 'e82be7d358', time: '2018-11-14T08:25:53'
System info: host: 'VETTEDSP36RF', ip: '10.0.11.243', os.name: 'Windows 10', os.arch: 'x86', os.version: '10.0', java.version: '1.8.0_181'
Driver info: com.kms.katalon.core.webui.driver.SmartWaitWebDriver
Capabilities {acceptInsecureCerts: false, browserName: chrome, browserVersion: 78.0.3904.87, chrome: {chromedriverVersion: 77.0.3865.40 (f484704e052e0..., userDataDir: C:\Users\davidho\AppData\Lo...}, goog:chromeOptions: {debuggerAddress: localhost:52488}, javascriptEnabled: true, networkConnectionEnabled: false, pageLoadStrategy: normal, platform: XP, platformName: XP, proxy: Proxy(), setWindowRect: true, strictFileInteractability: false, timeouts: {implicit: 0, pageLoad: 300000, script: 30000}, unhandledPromptBehavior: dismiss and notify}
Session ID: ab20004d9fd29f1665d829f34214eaff
	at org.openqa.selenium.support.ui.WebDriverWait.timeoutException(WebDriverWait.java:95)
	at org.openqa.selenium.support.ui.FluentWait.until(FluentWait.java:272)
	at com.kms.katalon.core.webui.keyword.builtin.ClickKeyword$_click_closure1.doCall(ClickKeyword.groovy:56)
	at com.kms.katalon.core.webui.keyword.builtin.ClickKeyword$_click_closure1.call(ClickKeyword.groovy)
	at com.kms.katalon.core.webui.keyword.internal.WebUIKeywordMain.runKeyword(WebUIKeywordMain.groovy:20)
	... 35 more
)

2019-11-07 12:05:07 - [TEST_CASE][FAILED] - Test Cases/Reusable_Test_Sequences/Members_Area/Banner_Menu/log_Off: Test Cases/Reusable_Test_Sequences/Members_Area/Banner_Menu/log_Off FAILED.
Reason:
com.kms.katalon.core.exception.StepFailedException: Unable to click on object 'Object Repository/Page_Members Area/a_Log off' (Root cause: com.kms.katalon.core.exception.StepFailedException: Unable to click on object 'Object Repository/Page_Members Area/a_Log off'
	at com.kms.katalon.core.webui.keyword.internal.WebUIKeywordMain.stepFailed(WebUIKeywordMain.groovy:64)
	at com.kms.katalon.core.webui.keyword.internal.WebUIKeywordMain.runKeyword(WebUIKeywordMain.groovy:26)
	at com.kms.katalon.core.webui.keyword.builtin.ClickKeyword.click(ClickKeyword.groovy:79)
	at com.kms.katalon.core.webui.keyword.builtin.ClickKeyword.execute(ClickKeyword.groovy:42)
	at com.kms.katalon.core.keyword.internal.KeywordExecutor.executeKeywordForPlatform(KeywordExecutor.groovy:60)
	at com.kms.katalon.core.webui.keyword.WebUiBuiltInKeywords.click(WebUiBuiltInKeywords.groovy:616)
	at com.kms.katalon.core.webui.keyword.WebUiBuiltInKeywords$click$4.call(Unknown Source)
	at log_Off.run(log_Off:54)
	at com.kms.katalon.core.main.ScriptEngine.run(ScriptEngine.java:194)
	at com.kms.katalon.core.main.ScriptEngine.runScriptAsRawText(ScriptEngine.java:119)
	at com.kms.katalon.core.main.TestCaseExecutor.runScript(TestCaseExecutor.java:337)
	at com.kms.katalon.core.main.TestCaseExecutor.doExecute(TestCaseExecutor.java:328)
	at com.kms.katalon.core.main.TestCaseExecutor.processExecutionPhase(TestCaseExecutor.java:307)
	at com.kms.katalon.core.main.TestCaseExecutor.accessMainPhase(TestCaseExecutor.java:299)
	at com.kms.katalon.core.main.TestCaseExecutor.execute(TestCaseExecutor.java:233)
	at com.kms.katalon.core.main.TestCaseMain.runTestCase(TestCaseMain.java:114)
	at com.kms.katalon.core.keyword.builtin.CallTestCaseKeyword$_callTestCase_closure1.doCall(CallTestCaseKeyword.groovy:59)
	at com.kms.katalon.core.keyword.builtin.CallTestCaseKeyword$_callTestCase_closure1.call(CallTestCaseKeyword.groovy)
	at com.kms.katalon.core.keyword.internal.KeywordMain.runKeyword(KeywordMain.groovy:68)
	at com.kms.katalon.core.keyword.builtin.CallTestCaseKeyword.callTestCase(CallTestCaseKeyword.groovy:81)
	at com.kms.katalon.core.keyword.builtin.CallTestCaseKeyword.execute(CallTestCaseKeyword.groovy:44)
	at com.kms.katalon.core.keyword.internal.KeywordExecutor.executeKeywordForPlatform(KeywordExecutor.groovy:60)
	at com.kms.katalon.core.keyword.BuiltinKeywords.callTestCase(BuiltinKeywords.groovy:334)
	at Callback_Requests.run(Callback_Requests:84)
	at com.kms.katalon.core.main.ScriptEngine.run(ScriptEngine.java:194)
	at com.kms.katalon.core.main.ScriptEngine.runScriptAsRawText(ScriptEngine.java:119)
	at com.kms.katalon.core.main.TestCaseExecutor.runScript(TestCaseExecutor.java:337)
	at com.kms.katalon.core.main.TestCaseExecutor.doExecute(TestCaseExecutor.java:328)
	at com.kms.katalon.core.main.TestCaseExecutor.processExecutionPhase(TestCaseExecutor.java:307)
	at com.kms.katalon.core.main.TestCaseExecutor.accessMainPhase(TestCaseExecutor.java:299)
	at com.kms.katalon.core.main.TestCaseExecutor.execute(TestCaseExecutor.java:233)
	at com.kms.katalon.core.main.TestSuiteExecutor.accessTestCaseMainPhase(TestSuiteExecutor.java:169)
	at com.kms.katalon.core.main.TestSuiteExecutor.accessTestSuiteMainPhase(TestSuiteExecutor.java:142)
	at com.kms.katalon.core.main.TestSuiteExecutor.execute(TestSuiteExecutor.java:91)
	at com.kms.katalon.core.main.TestCaseMain.startTestSuite(TestCaseMain.java:157)
	at com.kms.katalon.core.main.TestCaseMain$startTestSuite$0.call(Unknown Source)
	at TempTestSuite1573128069501.run(TempTestSuite1573128069501.groovy:36)
Caused by: org.openqa.selenium.TimeoutException: Expected condition failed: waiting for element to be clickable: [[CChromeDriver: chrome on XP (ab20004d9fd29f1665d829f34214eaff)] -> xpath: //a[@href = '/login' and (text() = 'Log off' or . = 'Log off')]] (tried for 30 second(s) with 500 milliseconds interval)
Build info: version: '3.141.59', revision: 'e82be7d358', time: '2018-11-14T08:25:53'
System info: host: 'VETTEDSP36RF', ip: '10.0.11.243', os.name: 'Windows 10', os.arch: 'x86', os.version: '10.0', java.version: '1.8.0_181'
Driver info: com.kms.katalon.core.webui.driver.SmartWaitWebDriver
Capabilities {acceptInsecureCerts: false, browserName: chrome, browserVersion: 78.0.3904.87, chrome: {chromedriverVersion: 77.0.3865.40 (f484704e052e0..., userDataDir: C:\Users\davidho\AppData\Lo...}, goog:chromeOptions: {debuggerAddress: localhost:52488}, javascriptEnabled: true, networkConnectionEnabled: false, pageLoadStrategy: normal, platform: XP, platformName: XP, proxy: Proxy(), setWindowRect: true, strictFileInteractability: false, timeouts: {implicit: 0, pageLoad: 300000, script: 30000}, unhandledPromptBehavior: dismiss and notify}
Session ID: ab20004d9fd29f1665d829f34214eaff
	at org.openqa.selenium.support.ui.WebDriverWait.timeoutException(WebDriverWait.java:95)
	at org.openqa.selenium.support.ui.FluentWait.until(FluentWait.java:272)
	at com.kms.katalon.core.webui.keyword.builtin.ClickKeyword$_click_closure1.doCall(ClickKeyword.groovy:56)
	at com.kms.katalon.core.webui.keyword.builtin.ClickKeyword$_click_closure1.call(ClickKeyword.groovy)
	at com.kms.katalon.core.webui.keyword.internal.WebUIKeywordMain.runKeyword(WebUIKeywordMain.groovy:20)
	at com.kms.katalon.core.webui.keyword.builtin.ClickKeyword.click(ClickKeyword.groovy:79)
	at com.kms.katalon.core.webui.keyword.builtin.ClickKeyword.execute(ClickKeyword.groovy:42)
	at com.kms.katalon.core.keyword.internal.KeywordExecutor.executeKeywordForPlatform(KeywordExecutor.groovy:60)
	at com.kms.katalon.core.webui.keyword.WebUiBuiltInKeywords.click(WebUiBuiltInKeywords.groovy:616)
	at com.kms.katalon.core.webui.keyword.WebUiBuiltInKeywords$click$4.call(Unknown Source)
	at Script1568122980246.run(Script1568122980246.groovy:54)
	at com.kms.katalon.core.main.ScriptEngine.run(ScriptEngine.java:194)
	at com.kms.katalon.core.main.ScriptEngine.runScriptAsRawText(ScriptEngine.java:119)
	at com.kms.katalon.core.main.TestCaseExecutor.runScript(TestCaseExecutor.java:337)
	at com.kms.katalon.core.main.TestCaseExecutor.doExecute(TestCaseExecutor.java:328)
	at com.kms.katalon.core.main.TestCaseExecutor.processExecutionPhase(TestCaseExecutor.java:307)
	at com.kms.katalon.core.main.TestCaseExecutor.accessMainPhase(TestCaseExecutor.java:299)
	at com.kms.katalon.core.main.TestCaseExecutor.execute(TestCaseExecutor.java:233)
	at com.kms.katalon.core.main.TestCaseMain.runTestCase(TestCaseMain.java:114)
	at com.kms.katalon.core.keyword.builtin.CallTestCaseKeyword$_callTestCase_closure1.doCall(CallTestCaseKeyword.groovy:59)
	at com.kms.katalon.core.keyword.builtin.CallTestCaseKeyword$_callTestCase_closure1.call(CallTestCaseKeyword.groovy)
	at com.kms.katalon.core.keyword.internal.KeywordMain.runKeyword(KeywordMain.groovy:68)
	at com.kms.katalon.core.keyword.builtin.CallTestCaseKeyword.callTestCase(CallTestCaseKeyword.groovy:81)
	at com.kms.katalon.core.keyword.builtin.CallTestCaseKeyword.execute(CallTestCaseKeyword.groovy:44)
	at com.kms.katalon.core.keyword.internal.KeywordExecutor.executeKeywordForPlatform(KeywordExecutor.groovy:60)
	at com.kms.katalon.core.keyword.BuiltinKeywords.callTestCase(BuiltinKeywords.groovy:334)
	at Script1569933857280.run(Script1569933857280.groovy:84)
	... 13 more
)
	at com.kms.katalon.core.keyword.internal.KeywordMain.stepFailed(KeywordMain.groovy:39)
	at com.kms.katalon.core.webui.keyword.internal.WebUIKeywordMain.stepFailed(WebUIKeywordMain.groovy:64)
	at com.kms.katalon.core.webui.keyword.internal.WebUIKeywordMain.runKeyword(WebUIKeywordMain.groovy:26)
	at com.kms.katalon.core.webui.keyword.builtin.ClickKeyword.click(ClickKeyword.groovy:79)
	at com.kms.katalon.core.webui.keyword.builtin.ClickKeyword.execute(ClickKeyword.groovy:42)
	at com.kms.katalon.core.keyword.internal.KeywordExecutor.executeKeywordForPlatform(KeywordExecutor.groovy:60)
	at com.kms.katalon.core.webui.keyword.WebUiBuiltInKeywords.click(WebUiBuiltInKeywords.groovy:616)
	at com.kms.katalon.core.webui.keyword.WebUiBuiltInKeywords$click$4.call(Unknown Source)
	at log_Off.run(log_Off:54)
	at com.kms.katalon.core.main.ScriptEngine.run(ScriptEngine.java:194)
	at com.kms.katalon.core.main.ScriptEngine.runScriptAsRawText(ScriptEngine.java:119)
	at com.kms.katalon.core.main.TestCaseExecutor.runScript(TestCaseExecutor.java:337)
	at com.kms.katalon.core.main.TestCaseExecutor.doExecute(TestCaseExecutor.java:328)
	at com.kms.katalon.core.main.TestCaseExecutor.processExecutionPhase(TestCaseExecutor.java:307)
	at com.kms.katalon.core.main.TestCaseExecutor.accessMainPhase(TestCaseExecutor.java:299)
	at com.kms.katalon.core.main.TestCaseExecutor.execute(TestCaseExecutor.java:233)
	at com.kms.katalon.core.main.TestCaseMain.runTestCase(TestCaseMain.java:114)
	at com.kms.katalon.core.keyword.builtin.CallTestCaseKeyword$_callTestCase_closure1.doCall(CallTestCaseKeyword.groovy:59)
	at com.kms.katalon.core.keyword.builtin.CallTestCaseKeyword$_callTestCase_closure1.call(CallTestCaseKeyword.groovy)
	at com.kms.katalon.core.keyword.internal.KeywordMain.runKeyword(KeywordMain.groovy:68)
	at com.kms.katalon.core.keyword.builtin.CallTestCaseKeyword.callTestCase(CallTestCaseKeyword.groovy:81)
	at com.kms.katalon.core.keyword.builtin.CallTestCaseKeyword.execute(CallTestCaseKeyword.groovy:44)
	at com.kms.katalon.core.keyword.internal.KeywordExecutor.executeKeywordForPlatform(KeywordExecutor.groovy:60)
	at com.kms.katalon.core.keyword.BuiltinKeywords.callTestCase(BuiltinKeywords.groovy:334)
	at Callback_Requests.run(Callback_Requests:84)
	at com.kms.katalon.core.main.ScriptEngine.run(ScriptEngine.java:194)
	at com.kms.katalon.core.main.ScriptEngine.runScriptAsRawText(ScriptEngine.java:119)
	at com.kms.katalon.core.main.TestCaseExecutor.runScript(TestCaseExecutor.java:337)
	at com.kms.katalon.core.main.TestCaseExecutor.doExecute(TestCaseExecutor.java:328)
	at com.kms.katalon.core.main.TestCaseExecutor.processExecutionPhase(TestCaseExecutor.java:307)
	at com.kms.katalon.core.main.TestCaseExecutor.accessMainPhase(TestCaseExecutor.java:299)
	at com.kms.katalon.core.main.TestCaseExecutor.execute(TestCaseExecutor.java:233)
	at com.kms.katalon.core.main.TestSuiteExecutor.accessTestCaseMainPhase(TestSuiteExecutor.java:169)
	at com.kms.katalon.core.main.TestSuiteExecutor.accessTestSuiteMainPhase(TestSuiteExecutor.java:142)
	at com.kms.katalon.core.main.TestSuiteExecutor.execute(TestSuiteExecutor.java:91)
	at com.kms.katalon.core.main.TestCaseMain.startTestSuite(TestCaseMain.java:157)
	at com.kms.katalon.core.main.TestCaseMain$startTestSuite$0.call(Unknown Source)
	at TempTestSuite1573128069501.run(TempTestSuite1573128069501.groovy:36)
Caused by: com.kms.katalon.core.exception.StepFailedException: Unable to click on object 'Object Repository/Page_Members Area/a_Log off'
	... 37 more
Caused by: org.openqa.selenium.TimeoutException: Expected condition failed: waiting for element to be clickable: [[CChromeDriver: chrome on XP (ab20004d9fd29f1665d829f34214eaff)] -> xpath: //a[@href = '/login' and (text() = 'Log off' or . = 'Log off')]] (tried for 30 second(s) with 500 milliseconds interval)
Build info: version: '3.141.59', revision: 'e82be7d358', time: '2018-11-14T08:25:53'
System info: host: 'VETTEDSP36RF', ip: '10.0.11.243', os.name: 'Windows 10', os.arch: 'x86', os.version: '10.0', java.version: '1.8.0_181'
Driver info: com.kms.katalon.core.webui.driver.SmartWaitWebDriver
Capabilities {acceptInsecureCerts: false, browserName: chrome, browserVersion: 78.0.3904.87, chrome: {chromedriverVersion: 77.0.3865.40 (f484704e052e0..., userDataDir: C:\Users\davidho\AppData\Lo...}, goog:chromeOptions: {debuggerAddress: localhost:52488}, javascriptEnabled: true, networkConnectionEnabled: false, pageLoadStrategy: normal, platform: XP, platformName: XP, proxy: Proxy(), setWindowRect: true, strictFileInteractability: false, timeouts: {implicit: 0, pageLoad: 300000, script: 30000}, unhandledPromptBehavior: dismiss and notify}
Session ID: ab20004d9fd29f1665d829f34214eaff
	at org.openqa.selenium.support.ui.WebDriverWait.timeoutException(WebDriverWait.java:95)
	at org.openqa.selenium.support.ui.FluentWait.until(FluentWait.java:272)
	at com.kms.katalon.core.webui.keyword.builtin.ClickKeyword$_click_closure1.doCall(ClickKeyword.groovy:56)
	at com.kms.katalon.core.webui.keyword.builtin.ClickKeyword$_click_closure1.call(ClickKeyword.groovy)
	at com.kms.katalon.core.webui.keyword.internal.WebUIKeywordMain.runKeyword(WebUIKeywordMain.groovy:20)
	... 35 more


2019-11-07 12:05:08 - [TEST_STEP][PASSED] - waitForElementClickable(findTestObject("Object Repository/Page_Members Area/a_Log off"), 60): Object 'Object Repository/Page_Members Area/a_Log off' is clickable

2019-11-07 12:05:08 - [MESSAGE][PASSED] - Object 'Object Repository/Page_Members Area/a_Log off' is clickable

2019-11-07 12:05:08 - [TEST_STEP][FAILED] - click(findTestObject("Object Repository/Page_Members Area/a_Log off")): Unable to click on object 'Object Repository/Page_Members Area/a_Log off' (Root cause: com.kms.katalon.core.exception.StepFailedException: Unable to click on object 'Object Repository/Page_Members Area/a_Log off'
	at com.kms.katalon.core.webui.keyword.internal.WebUIKeywordMain.stepFailed(WebUIKeywordMain.groovy:64)
	at com.kms.katalon.core.webui.keyword.internal.WebUIKeywordMain.runKeyword(WebUIKeywordMain.groovy:26)
	at com.kms.katalon.core.webui.keyword.builtin.ClickKeyword.click(ClickKeyword.groovy:79)
	at com.kms.katalon.core.webui.keyword.builtin.ClickKeyword.execute(ClickKeyword.groovy:42)
	at com.kms.katalon.core.keyword.internal.KeywordExecutor.executeKeywordForPlatform(KeywordExecutor.groovy:60)
	at com.kms.katalon.core.webui.keyword.WebUiBuiltInKeywords.click(WebUiBuiltInKeywords.groovy:616)
	at com.kms.katalon.core.webui.keyword.WebUiBuiltInKeywords$click$4.call(Unknown Source)
	at log_Off.run(log_Off:54)
	at com.kms.katalon.core.main.ScriptEngine.run(ScriptEngine.java:194)
	at com.kms.katalon.core.main.ScriptEngine.runScriptAsRawText(ScriptEngine.java:119)
	at com.kms.katalon.core.main.TestCaseExecutor.runScript(TestCaseExecutor.java:337)
	at com.kms.katalon.core.main.TestCaseExecutor.doExecute(TestCaseExecutor.java:328)
	at com.kms.katalon.core.main.TestCaseExecutor.processExecutionPhase(TestCaseExecutor.java:307)
	at com.kms.katalon.core.main.TestCaseExecutor.accessMainPhase(TestCaseExecutor.java:299)
	at com.kms.katalon.core.main.TestCaseExecutor.execute(TestCaseExecutor.java:233)
	at com.kms.katalon.core.main.TestCaseMain.runTestCase(TestCaseMain.java:114)
	at com.kms.katalon.core.keyword.builtin.CallTestCaseKeyword$_callTestCase_closure1.doCall(CallTestCaseKeyword.groovy:59)
	at com.kms.katalon.core.keyword.builtin.CallTestCaseKeyword$_callTestCase_closure1.call(CallTestCaseKeyword.groovy)
	at com.kms.katalon.core.keyword.internal.KeywordMain.runKeyword(KeywordMain.groovy:68)
	at com.kms.katalon.core.keyword.builtin.CallTestCaseKeyword.callTestCase(CallTestCaseKeyword.groovy:81)
	at com.kms.katalon.core.keyword.builtin.CallTestCaseKeyword.execute(CallTestCaseKeyword.groovy:44)
	at com.kms.katalon.core.keyword.internal.KeywordExecutor.executeKeywordForPlatform(KeywordExecutor.groovy:60)
	at com.kms.katalon.core.keyword.BuiltinKeywords.callTestCase(BuiltinKeywords.groovy:334)
	at Callback_Requests.run(Callback_Requests:84)
	at com.kms.katalon.core.main.ScriptEngine.run(ScriptEngine.java:194)
	at com.kms.katalon.core.main.ScriptEngine.runScriptAsRawText(ScriptEngine.java:119)
	at com.kms.katalon.core.main.TestCaseExecutor.runScript(TestCaseExecutor.java:337)
	at com.kms.katalon.core.main.TestCaseExecutor.doExecute(TestCaseExecutor.java:328)
	at com.kms.katalon.core.main.TestCaseExecutor.processExecutionPhase(TestCaseExecutor.java:307)
	at com.kms.katalon.core.main.TestCaseExecutor.accessMainPhase(TestCaseExecutor.java:299)
	at com.kms.katalon.core.main.TestCaseExecutor.execute(TestCaseExecutor.java:233)
	at com.kms.katalon.core.main.TestSuiteExecutor.accessTestCaseMainPhase(TestSuiteExecutor.java:169)
	at com.kms.katalon.core.main.TestSuiteExecutor.accessTestSuiteMainPhase(TestSuiteExecutor.java:142)
	at com.kms.katalon.core.main.TestSuiteExecutor.execute(TestSuiteExecutor.java:91)
	at com.kms.katalon.core.main.TestCaseMain.startTestSuite(TestCaseMain.java:157)
	at com.kms.katalon.core.main.TestCaseMain$startTestSuite$0.call(Unknown Source)
	at TempTestSuite1573128069501.run(TempTestSuite1573128069501.groovy:36)
Caused by: org.openqa.selenium.TimeoutException: Expected condition failed: waiting for element to be clickable: [[CChromeDriver: chrome on XP (ab20004d9fd29f1665d829f34214eaff)] -> xpath: //a[@href = '/login' and (text() = 'Log off' or . = 'Log off')]] (tried for 30 second(s) with 500 milliseconds interval)
Build info: version: '3.141.59', revision: 'e82be7d358', time: '2018-11-14T08:25:53'
System info: host: 'VETTEDSP36RF', ip: '10.0.11.243', os.name: 'Windows 10', os.arch: 'x86', os.version: '10.0', java.version: '1.8.0_181'
Driver info: com.kms.katalon.core.webui.driver.SmartWaitWebDriver
Capabilities {acceptInsecureCerts: false, browserName: chrome, browserVersion: 78.0.3904.87, chrome: {chromedriverVersion: 77.0.3865.40 (f484704e052e0..., userDataDir: C:\Users\davidho\AppData\Lo...}, goog:chromeOptions: {debuggerAddress: localhost:52488}, javascriptEnabled: true, networkConnectionEnabled: false, pageLoadStrategy: normal, platform: XP, platformName: XP, proxy: Proxy(), setWindowRect: true, strictFileInteractability: false, timeouts: {implicit: 0, pageLoad: 300000, script: 30000}, unhandledPromptBehavior: dismiss and notify}
Session ID: ab20004d9fd29f1665d829f34214eaff
	at org.openqa.selenium.support.ui.WebDriverWait.timeoutException(WebDriverWait.java:95)
	at org.openqa.selenium.support.ui.FluentWait.until(FluentWait.java:272)
	at com.kms.katalon.core.webui.keyword.builtin.ClickKeyword$_click_closure1.doCall(ClickKeyword.groovy:56)
	at com.kms.katalon.core.webui.keyword.builtin.ClickKeyword$_click_closure1.call(ClickKeyword.groovy)
	at com.kms.katalon.core.webui.keyword.internal.WebUIKeywordMain.runKeyword(WebUIKeywordMain.groovy:20)
	at com.kms.katalon.core.webui.keyword.builtin.ClickKeyword.click(ClickKeyword.groovy:79)
	at com.kms.katalon.core.webui.keyword.builtin.ClickKeyword.execute(ClickKeyword.groovy:42)
	at com.kms.katalon.core.keyword.internal.KeywordExecutor.executeKeywordForPlatform(KeywordExecutor.groovy:60)
	at com.kms.katalon.core.webui.keyword.WebUiBuiltInKeywords.click(WebUiBuiltInKeywords.groovy:616)
	at com.kms.katalon.core.webui.keyword.WebUiBuiltInKeywords$click$4.call(Unknown Source)
	at Script1568122980246.run(Script1568122980246.groovy:54)
	at com.kms.katalon.core.main.ScriptEngine.run(ScriptEngine.java:194)
	at com.kms.katalon.core.main.ScriptEngine.runScriptAsRawText(ScriptEngine.java:119)
	at com.kms.katalon.core.main.TestCaseExecutor.runScript(TestCaseExecutor.java:337)
	at com.kms.katalon.core.main.TestCaseExecutor.doExecute(TestCaseExecutor.java:328)
	at com.kms.katalon.core.main.TestCaseExecutor.processExecutionPhase(TestCaseExecutor.java:307)
	at com.kms.katalon.core.main.TestCaseExecutor.accessMainPhase(TestCaseExecutor.java:299)
	at com.kms.katalon.core.main.TestCaseExecutor.execute(TestCaseExecutor.java:233)
	at com.kms.katalon.core.main.TestCaseMain.runTestCase(TestCaseMain.java:114)
	at com.kms.katalon.core.keyword.builtin.CallTestCaseKeyword$_callTestCase_closure1.doCall(CallTestCaseKeyword.groovy:59)
	at com.kms.katalon.core.keyword.builtin.CallTestCaseKeyword$_callTestCase_closure1.call(CallTestCaseKeyword.groovy)
	at com.kms.katalon.core.keyword.internal.KeywordMain.runKeyword(KeywordMain.groovy:68)
	at com.kms.katalon.core.keyword.builtin.CallTestCaseKeyword.callTestCase(CallTestCaseKeyword.groovy:81)
	at com.kms.katalon.core.keyword.builtin.CallTestCaseKeyword.execute(CallTestCaseKeyword.groovy:44)
	at com.kms.katalon.core.keyword.internal.KeywordExecutor.executeKeywordForPlatform(KeywordExecutor.groovy:60)
	at com.kms.katalon.core.keyword.BuiltinKeywords.callTestCase(BuiltinKeywords.groovy:334)
	at Script1569933857280.run(Script1569933857280.groovy:84)
	... 13 more
)

2019-11-07 12:05:39 - [MESSAGE][FAILED] - Unable to click on object 'Object Repository/Page_Members Area/a_Log off' (Root cause: com.kms.katalon.core.exception.StepFailedException: Unable to click on object 'Object Repository/Page_Members Area/a_Log off'
	at com.kms.katalon.core.webui.keyword.internal.WebUIKeywordMain.stepFailed(WebUIKeywordMain.groovy:64)
	at com.kms.katalon.core.webui.keyword.internal.WebUIKeywordMain.runKeyword(WebUIKeywordMain.groovy:26)
	at com.kms.katalon.core.webui.keyword.builtin.ClickKeyword.click(ClickKeyword.groovy:79)
	at com.kms.katalon.core.webui.keyword.builtin.ClickKeyword.execute(ClickKeyword.groovy:42)
	at com.kms.katalon.core.keyword.internal.KeywordExecutor.executeKeywordForPlatform(KeywordExecutor.groovy:60)
	at com.kms.katalon.core.webui.keyword.WebUiBuiltInKeywords.click(WebUiBuiltInKeywords.groovy:616)
	at com.kms.katalon.core.webui.keyword.WebUiBuiltInKeywords$click$4.call(Unknown Source)
	at log_Off.run(log_Off:54)
	at com.kms.katalon.core.main.ScriptEngine.run(ScriptEngine.java:194)
	at com.kms.katalon.core.main.ScriptEngine.runScriptAsRawText(ScriptEngine.java:119)
	at com.kms.katalon.core.main.TestCaseExecutor.runScript(TestCaseExecutor.java:337)
	at com.kms.katalon.core.main.TestCaseExecutor.doExecute(TestCaseExecutor.java:328)
	at com.kms.katalon.core.main.TestCaseExecutor.processExecutionPhase(TestCaseExecutor.java:307)
	at com.kms.katalon.core.main.TestCaseExecutor.accessMainPhase(TestCaseExecutor.java:299)
	at com.kms.katalon.core.main.TestCaseExecutor.execute(TestCaseExecutor.java:233)
	at com.kms.katalon.core.main.TestCaseMain.runTestCase(TestCaseMain.java:114)
	at com.kms.katalon.core.keyword.builtin.CallTestCaseKeyword$_callTestCase_closure1.doCall(CallTestCaseKeyword.groovy:59)
	at com.kms.katalon.core.keyword.builtin.CallTestCaseKeyword$_callTestCase_closure1.call(CallTestCaseKeyword.groovy)
	at com.kms.katalon.core.keyword.internal.KeywordMain.runKeyword(KeywordMain.groovy:68)
	at com.kms.katalon.core.keyword.builtin.CallTestCaseKeyword.callTestCase(CallTestCaseKeyword.groovy:81)
	at com.kms.katalon.core.keyword.builtin.CallTestCaseKeyword.execute(CallTestCaseKeyword.groovy:44)
	at com.kms.katalon.core.keyword.internal.KeywordExecutor.executeKeywordForPlatform(KeywordExecutor.groovy:60)
	at com.kms.katalon.core.keyword.BuiltinKeywords.callTestCase(BuiltinKeywords.groovy:334)
	at Callback_Requests.run(Callback_Requests:84)
	at com.kms.katalon.core.main.ScriptEngine.run(ScriptEngine.java:194)
	at com.kms.katalon.core.main.ScriptEngine.runScriptAsRawText(ScriptEngine.java:119)
	at com.kms.katalon.core.main.TestCaseExecutor.runScript(TestCaseExecutor.java:337)
	at com.kms.katalon.core.main.TestCaseExecutor.doExecute(TestCaseExecutor.java:328)
	at com.kms.katalon.core.main.TestCaseExecutor.processExecutionPhase(TestCaseExecutor.java:307)
	at com.kms.katalon.core.main.TestCaseExecutor.accessMainPhase(TestCaseExecutor.java:299)
	at com.kms.katalon.core.main.TestCaseExecutor.execute(TestCaseExecutor.java:233)
	at com.kms.katalon.core.main.TestSuiteExecutor.accessTestCaseMainPhase(TestSuiteExecutor.java:169)
	at com.kms.katalon.core.main.TestSuiteExecutor.accessTestSuiteMainPhase(TestSuiteExecutor.java:142)
	at com.kms.katalon.core.main.TestSuiteExecutor.execute(TestSuiteExecutor.java:91)
	at com.kms.katalon.core.main.TestCaseMain.startTestSuite(TestCaseMain.java:157)
	at com.kms.katalon.core.main.TestCaseMain$startTestSuite$0.call(Unknown Source)
	at TempTestSuite1573128069501.run(TempTestSuite1573128069501.groovy:36)
Caused by: org.openqa.selenium.TimeoutException: Expected condition failed: waiting for element to be clickable: [[CChromeDriver: chrome on XP (ab20004d9fd29f1665d829f34214eaff)] -> xpath: //a[@href = '/login' and (text() = 'Log off' or . = 'Log off')]] (tried for 30 second(s) with 500 milliseconds interval)
Build info: version: '3.141.59', revision: 'e82be7d358', time: '2018-11-14T08:25:53'
System info: host: 'VETTEDSP36RF', ip: '10.0.11.243', os.name: 'Windows 10', os.arch: 'x86', os.version: '10.0', java.version: '1.8.0_181'
Driver info: com.kms.katalon.core.webui.driver.SmartWaitWebDriver
Capabilities {acceptInsecureCerts: false, browserName: chrome, browserVersion: 78.0.3904.87, chrome: {chromedriverVersion: 77.0.3865.40 (f484704e052e0..., userDataDir: C:\Users\davidho\AppData\Lo...}, goog:chromeOptions: {debuggerAddress: localhost:52488}, javascriptEnabled: true, networkConnectionEnabled: false, pageLoadStrategy: normal, platform: XP, platformName: XP, proxy: Proxy(), setWindowRect: true, strictFileInteractability: false, timeouts: {implicit: 0, pageLoad: 300000, script: 30000}, unhandledPromptBehavior: dismiss and notify}
Session ID: ab20004d9fd29f1665d829f34214eaff
	at org.openqa.selenium.support.ui.WebDriverWait.timeoutException(WebDriverWait.java:95)
	at org.openqa.selenium.support.ui.FluentWait.until(FluentWait.java:272)
	at com.kms.katalon.core.webui.keyword.builtin.ClickKeyword$_click_closure1.doCall(ClickKeyword.groovy:56)
	at com.kms.katalon.core.webui.keyword.builtin.ClickKeyword$_click_closure1.call(ClickKeyword.groovy)
	at com.kms.katalon.core.webui.keyword.internal.WebUIKeywordMain.runKeyword(WebUIKeywordMain.groovy:20)
	at com.kms.katalon.core.webui.keyword.builtin.ClickKeyword.click(ClickKeyword.groovy:79)
	at com.kms.katalon.core.webui.keyword.builtin.ClickKeyword.execute(ClickKeyword.groovy:42)
	at com.kms.katalon.core.keyword.internal.KeywordExecutor.executeKeywordForPlatform(KeywordExecutor.groovy:60)
	at com.kms.katalon.core.webui.keyword.WebUiBuiltInKeywords.click(WebUiBuiltInKeywords.groovy:616)
	at com.kms.katalon.core.webui.keyword.WebUiBuiltInKeywords$click$4.call(Unknown Source)
	at Script1568122980246.run(Script1568122980246.groovy:54)
	at com.kms.katalon.core.main.ScriptEngine.run(ScriptEngine.java:194)
	at com.kms.katalon.core.main.ScriptEngine.runScriptAsRawText(ScriptEngine.java:119)
	at com.kms.katalon.core.main.TestCaseExecutor.runScript(TestCaseExecutor.java:337)
	at com.kms.katalon.core.main.TestCaseExecutor.doExecute(TestCaseExecutor.java:328)
	at com.kms.katalon.core.main.TestCaseExecutor.processExecutionPhase(TestCaseExecutor.java:307)
	at com.kms.katalon.core.main.TestCaseExecutor.accessMainPhase(TestCaseExecutor.java:299)
	at com.kms.katalon.core.main.TestCaseExecutor.execute(TestCaseExecutor.java:233)
	at com.kms.katalon.core.main.TestCaseMain.runTestCase(TestCaseMain.java:114)
	at com.kms.katalon.core.keyword.builtin.CallTestCaseKeyword$_callTestCase_closure1.doCall(CallTestCaseKeyword.groovy:59)
	at com.kms.katalon.core.keyword.builtin.CallTestCaseKeyword$_callTestCase_closure1.call(CallTestCaseKeyword.groovy)
	at com.kms.katalon.core.keyword.internal.KeywordMain.runKeyword(KeywordMain.groovy:68)
	at com.kms.katalon.core.keyword.builtin.CallTestCaseKeyword.callTestCase(CallTestCaseKeyword.groovy:81)
	at com.kms.katalon.core.keyword.builtin.CallTestCaseKeyword.execute(CallTestCaseKeyword.groovy:44)
	at com.kms.katalon.core.keyword.internal.KeywordExecutor.executeKeywordForPlatform(KeywordExecutor.groovy:60)
	at com.kms.katalon.core.keyword.BuiltinKeywords.callTestCase(BuiltinKeywords.groovy:334)
	at Script1569933857280.run(Script1569933857280.groovy:84)
	... 13 more
)
[[ATTACHMENT|C:\\Users\\davidho\\Katalon Studio\\Start\\Reports\\20191107_120108\\Members_Callback\\20191107_120109\\1573128338590.png]]

2019-11-07 12:05:39 - [MESSAGE][WARNING] - Unable to call Test Case 'Test Cases/Reusable_Test_Sequences/Members_Area/Banner_Menu/log_Off' (Root cause: com.kms.katalon.core.exception.StepFailedException: Call Test Case 'Test Cases/Reusable_Test_Sequences/Members_Area/Banner_Menu/log_Off' failed
	at com.kms.katalon.core.keyword.builtin.CallTestCaseKeyword$_callTestCase_closure1.doCall(CallTestCaseKeyword.groovy:63)
	at com.kms.katalon.core.keyword.builtin.CallTestCaseKeyword$_callTestCase_closure1.call(CallTestCaseKeyword.groovy)
	at com.kms.katalon.core.keyword.internal.KeywordMain.runKeyword(KeywordMain.groovy:68)
	at com.kms.katalon.core.keyword.builtin.CallTestCaseKeyword.callTestCase(CallTestCaseKeyword.groovy:81)
	at com.kms.katalon.core.keyword.builtin.CallTestCaseKeyword.execute(CallTestCaseKeyword.groovy:44)
	at com.kms.katalon.core.keyword.internal.KeywordExecutor.executeKeywordForPlatform(KeywordExecutor.groovy:60)
	at com.kms.katalon.core.keyword.BuiltinKeywords.callTestCase(BuiltinKeywords.groovy:334)
	at Callback_Requests.run(Callback_Requests:84)
	at com.kms.katalon.core.main.ScriptEngine.run(ScriptEngine.java:194)
	at com.kms.katalon.core.main.ScriptEngine.runScriptAsRawText(ScriptEngine.java:119)
	at com.kms.katalon.core.main.TestCaseExecutor.runScript(TestCaseExecutor.java:337)
	at com.kms.katalon.core.main.TestCaseExecutor.doExecute(TestCaseExecutor.java:328)
	at com.kms.katalon.core.main.TestCaseExecutor.processExecutionPhase(TestCaseExecutor.java:307)
	at com.kms.katalon.core.main.TestCaseExecutor.accessMainPhase(TestCaseExecutor.java:299)
	at com.kms.katalon.core.main.TestCaseExecutor.execute(TestCaseExecutor.java:233)
	at com.kms.katalon.core.main.TestSuiteExecutor.accessTestCaseMainPhase(TestSuiteExecutor.java:169)
	at com.kms.katalon.core.main.TestSuiteExecutor.accessTestSuiteMainPhase(TestSuiteExecutor.java:142)
	at com.kms.katalon.core.main.TestSuiteExecutor.execute(TestSuiteExecutor.java:91)
	at com.kms.katalon.core.main.TestCaseMain.startTestSuite(TestCaseMain.java:157)
	at com.kms.katalon.core.main.TestCaseMain$startTestSuite$0.call(Unknown Source)
	at TempTestSuite1573128069501.run(TempTestSuite1573128069501.groovy:36)
Caused by: com.kms.katalon.core.exception.StepFailedException: Unable to click on object 'Object Repository/Page_Members Area/a_Log off' (Root cause: com.kms.katalon.core.exception.StepFailedException: Unable to click on object 'Object Repository/Page_Members Area/a_Log off'
	at com.kms.katalon.core.webui.keyword.internal.WebUIKeywordMain.stepFailed(WebUIKeywordMain.groovy:64)
	at com.kms.katalon.core.webui.keyword.internal.WebUIKeywordMain.runKeyword(WebUIKeywordMain.groovy:26)
	at com.kms.katalon.core.webui.keyword.builtin.ClickKeyword.click(ClickKeyword.groovy:79)
	at com.kms.katalon.core.webui.keyword.builtin.ClickKeyword.execute(ClickKeyword.groovy:42)
	at com.kms.katalon.core.keyword.internal.KeywordExecutor.executeKeywordForPlatform(KeywordExecutor.groovy:60)
	at com.kms.katalon.core.webui.keyword.WebUiBuiltInKeywords.click(WebUiBuiltInKeywords.groovy:616)
	at com.kms.katalon.core.webui.keyword.WebUiBuiltInKeywords$click$4.call(Unknown Source)
	at log_Off.run(log_Off:54)
	at com.kms.katalon.core.main.ScriptEngine.run(ScriptEngine.java:194)
	at com.kms.katalon.core.main.ScriptEngine.runScriptAsRawText(ScriptEngine.java:119)
	at com.kms.katalon.core.main.TestCaseExecutor.runScript(TestCaseExecutor.java:337)
	at com.kms.katalon.core.main.TestCaseExecutor.doExecute(TestCaseExecutor.java:328)
	at com.kms.katalon.core.main.TestCaseExecutor.processExecutionPhase(TestCaseExecutor.java:307)
	at com.kms.katalon.core.main.TestCaseExecutor.accessMainPhase(TestCaseExecutor.java:299)
	at com.kms.katalon.core.main.TestCaseExecutor.execute(TestCaseExecutor.java:233)
	at com.kms.katalon.core.main.TestCaseMain.runTestCase(TestCaseMain.java:114)
	at com.kms.katalon.core.keyword.builtin.CallTestCaseKeyword$_callTestCase_closure1.doCall(CallTestCaseKeyword.groovy:59)
	at com.kms.katalon.core.keyword.builtin.CallTestCaseKeyword$_callTestCase_closure1.call(CallTestCaseKeyword.groovy)
	at com.kms.katalon.core.keyword.internal.KeywordMain.runKeyword(KeywordMain.groovy:68)
	at com.kms.katalon.core.keyword.builtin.CallTestCaseKeyword.callTestCase(CallTestCaseKeyword.groovy:81)
	at com.kms.katalon.core.keyword.builtin.CallTestCaseKeyword.execute(CallTestCaseKeyword.groovy:44)
	at com.kms.katalon.core.keyword.internal.KeywordExecutor.executeKeywordForPlatform(KeywordExecutor.groovy:60)
	at com.kms.katalon.core.keyword.BuiltinKeywords.callTestCase(BuiltinKeywords.groovy:334)
	at Callback_Requests.run(Callback_Requests:84)
	at com.kms.katalon.core.main.ScriptEngine.run(ScriptEngine.java:194)
	at com.kms.katalon.core.main.ScriptEngine.runScriptAsRawText(ScriptEngine.java:119)
	at com.kms.katalon.core.main.TestCaseExecutor.runScript(TestCaseExecutor.java:337)
	at com.kms.katalon.core.main.TestCaseExecutor.doExecute(TestCaseExecutor.java:328)
	at com.kms.katalon.core.main.TestCaseExecutor.processExecutionPhase(TestCaseExecutor.java:307)
	at com.kms.katalon.core.main.TestCaseExecutor.accessMainPhase(TestCaseExecutor.java:299)
	at com.kms.katalon.core.main.TestCaseExecutor.execute(TestCaseExecutor.java:233)
	at com.kms.katalon.core.main.TestSuiteExecutor.accessTestCaseMainPhase(TestSuiteExecutor.java:169)
	at com.kms.katalon.core.main.TestSuiteExecutor.accessTestSuiteMainPhase(TestSuiteExecutor.java:142)
	at com.kms.katalon.core.main.TestSuiteExecutor.execute(TestSuiteExecutor.java:91)
	at com.kms.katalon.core.main.TestCaseMain.startTestSuite(TestCaseMain.java:157)
	at com.kms.katalon.core.main.TestCaseMain$startTestSuite$0.call(Unknown Source)
	at TempTestSuite1573128069501.run(TempTestSuite1573128069501.groovy:36)
Caused by: org.openqa.selenium.TimeoutException: Expected condition failed: waiting for element to be clickable: [[CChromeDriver: chrome on XP (ab20004d9fd29f1665d829f34214eaff)] -> xpath: //a[@href = '/login' and (text() = 'Log off' or . = 'Log off')]] (tried for 30 second(s) with 500 milliseconds interval)
Build info: version: '3.141.59', revision: 'e82be7d358', time: '2018-11-14T08:25:53'
System info: host: 'VETTEDSP36RF', ip: '10.0.11.243', os.name: 'Windows 10', os.arch: 'x86', os.version: '10.0', java.version: '1.8.0_181'
Driver info: com.kms.katalon.core.webui.driver.SmartWaitWebDriver
Capabilities {acceptInsecureCerts: false, browserName: chrome, browserVersion: 78.0.3904.87, chrome: {chromedriverVersion: 77.0.3865.40 (f484704e052e0..., userDataDir: C:\Users\davidho\AppData\Lo...}, goog:chromeOptions: {debuggerAddress: localhost:52488}, javascriptEnabled: true, networkConnectionEnabled: false, pageLoadStrategy: normal, platform: XP, platformName: XP, proxy: Proxy(), setWindowRect: true, strictFileInteractability: false, timeouts: {implicit: 0, pageLoad: 300000, script: 30000}, unhandledPromptBehavior: dismiss and notify}
Session ID: ab20004d9fd29f1665d829f34214eaff
	at org.openqa.selenium.support.ui.WebDriverWait.timeoutException(WebDriverWait.java:95)
	at org.openqa.selenium.support.ui.FluentWait.until(FluentWait.java:272)
	at com.kms.katalon.core.webui.keyword.builtin.ClickKeyword$_click_closure1.doCall(ClickKeyword.groovy:56)
	at com.kms.katalon.core.webui.keyword.builtin.ClickKeyword$_click_closure1.call(ClickKeyword.groovy)
	at com.kms.katalon.core.webui.keyword.internal.WebUIKeywordMain.runKeyword(WebUIKeywordMain.groovy:20)
	at com.kms.katalon.core.webui.keyword.builtin.ClickKeyword.click(ClickKeyword.groovy:79)
	at com.kms.katalon.core.webui.keyword.builtin.ClickKeyword.execute(ClickKeyword.groovy:42)
	at com.kms.katalon.core.keyword.internal.KeywordExecutor.executeKeywordForPlatform(KeywordExecutor.groovy:60)
	at com.kms.katalon.core.webui.keyword.WebUiBuiltInKeywords.click(WebUiBuiltInKeywords.groovy:616)
	at com.kms.katalon.core.webui.keyword.WebUiBuiltInKeywords$click$4.call(Unknown Source)
	at Script1568122980246.run(Script1568122980246.groovy:54)
	at com.kms.katalon.core.main.ScriptEngine.run(ScriptEngine.java:194)
	at com.kms.katalon.core.main.ScriptEngine.runScriptAsRawText(ScriptEngine.java:119)
	at com.kms.katalon.core.main.TestCaseExecutor.runScript(TestCaseExecutor.java:337)
	at com.kms.katalon.core.main.TestCaseExecutor.doExecute(TestCaseExecutor.java:328)
	at com.kms.katalon.core.main.TestCaseExecutor.processExecutionPhase(TestCaseExecutor.java:307)
	at com.kms.katalon.core.main.TestCaseExecutor.accessMainPhase(TestCaseExecutor.java:299)
	at com.kms.katalon.core.main.TestCaseExecutor.execute(TestCaseExecutor.java:233)
	at com.kms.katalon.core.main.TestCaseMain.runTestCase(TestCaseMain.java:114)
	at com.kms.katalon.core.keyword.builtin.CallTestCaseKeyword$_callTestCase_closure1.doCall(CallTestCaseKeyword.groovy:59)
	at com.kms.katalon.core.keyword.builtin.CallTestCaseKeyword$_callTestCase_closure1.call(CallTestCaseKeyword.groovy)
	at com.kms.katalon.core.keyword.internal.KeywordMain.runKeyword(KeywordMain.groovy:68)
	at com.kms.katalon.core.keyword.builtin.CallTestCaseKeyword.callTestCase(CallTestCaseKeyword.groovy:81)
	at com.kms.katalon.core.keyword.builtin.CallTestCaseKeyword.execute(CallTestCaseKeyword.groovy:44)
	at com.kms.katalon.core.keyword.internal.KeywordExecutor.executeKeywordForPlatform(KeywordExecutor.groovy:60)
	at com.kms.katalon.core.keyword.BuiltinKeywords.callTestCase(BuiltinKeywords.groovy:334)
	at Script1569933857280.run(Script1569933857280.groovy:84)
	... 13 more
)
	at com.kms.katalon.core.keyword.internal.KeywordMain.stepFailed(KeywordMain.groovy:39)
	at com.kms.katalon.core.webui.keyword.internal.WebUIKeywordMain.stepFailed(WebUIKeywordMain.groovy:64)
	at com.kms.katalon.core.webui.keyword.internal.WebUIKeywordMain.runKeyword(WebUIKeywordMain.groovy:26)
	at com.kms.katalon.core.webui.keyword.builtin.ClickKeyword.click(ClickKeyword.groovy:79)
	at com.kms.katalon.core.webui.keyword.builtin.ClickKeyword.execute(ClickKeyword.groovy:42)
	at com.kms.katalon.core.keyword.internal.KeywordExecutor.executeKeywordForPlatform(KeywordExecutor.groovy:60)
	at com.kms.katalon.core.webui.keyword.WebUiBuiltInKeywords.click(WebUiBuiltInKeywords.groovy:616)
	at com.kms.katalon.core.webui.keyword.WebUiBuiltInKeywords$click$4.call(Unknown Source)
	at log_Off.run(log_Off:54)
	at com.kms.katalon.core.main.ScriptEngine.run(ScriptEngine.java:194)
	at com.kms.katalon.core.main.ScriptEngine.runScriptAsRawText(ScriptEngine.java:119)
	at com.kms.katalon.core.main.TestCaseExecutor.runScript(TestCaseExecutor.java:337)
	at com.kms.katalon.core.main.TestCaseExecutor.doExecute(TestCaseExecutor.java:328)
	at com.kms.katalon.core.main.TestCaseExecutor.processExecutionPhase(TestCaseExecutor.java:307)
	at com.kms.katalon.core.main.TestCaseExecutor.accessMainPhase(TestCaseExecutor.java:299)
	at com.kms.katalon.core.main.TestCaseExecutor.execute(TestCaseExecutor.java:233)
	at com.kms.katalon.core.main.TestCaseMain.runTestCase(TestCaseMain.java:114)
	at com.kms.katalon.core.keyword.builtin.CallTestCaseKeyword$_callTestCase_closure1.doCall(CallTestCaseKeyword.groovy:59)
	... 20 more
Caused by: com.kms.katalon.core.exception.StepFailedException: Unable to click on object 'Object Repository/Page_Members Area/a_Log off'
	... 37 more
Caused by: org.openqa.selenium.TimeoutException: Expected condition failed: waiting for element to be clickable: [[CChromeDriver: chrome on XP (ab20004d9fd29f1665d829f34214eaff)] -> xpath: //a[@href = '/login' and (text() = 'Log off' or . = 'Log off')]] (tried for 30 second(s) with 500 milliseconds interval)
Build info: version: '3.141.59', revision: 'e82be7d358', time: '2018-11-14T08:25:53'
System info: host: 'VETTEDSP36RF', ip: '10.0.11.243', os.name: 'Windows 10', os.arch: 'x86', os.version: '10.0', java.version: '1.8.0_181'
Driver info: com.kms.katalon.core.webui.driver.SmartWaitWebDriver
Capabilities {acceptInsecureCerts: false, browserName: chrome, browserVersion: 78.0.3904.87, chrome: {chromedriverVersion: 77.0.3865.40 (f484704e052e0..., userDataDir: C:\Users\davidho\AppData\Lo...}, goog:chromeOptions: {debuggerAddress: localhost:52488}, javascriptEnabled: true, networkConnectionEnabled: false, pageLoadStrategy: normal, platform: XP, platformName: XP, proxy: Proxy(), setWindowRect: true, strictFileInteractability: false, timeouts: {implicit: 0, pageLoad: 300000, script: 30000}, unhandledPromptBehavior: dismiss and notify}
Session ID: ab20004d9fd29f1665d829f34214eaff
	at org.openqa.selenium.support.ui.WebDriverWait.timeoutException(WebDriverWait.java:95)
	at org.openqa.selenium.support.ui.FluentWait.until(FluentWait.java:272)
	at com.kms.katalon.core.webui.keyword.builtin.ClickKeyword$_click_closure1.doCall(ClickKeyword.groovy:56)
	at com.kms.katalon.core.webui.keyword.builtin.ClickKeyword$_click_closure1.call(ClickKeyword.groovy)
	at com.kms.katalon.core.webui.keyword.internal.WebUIKeywordMain.runKeyword(WebUIKeywordMain.groovy:20)
	... 35 more
)]]></system-out>
         <system-err><![CDATA[2019-11-07 12:01:32 - [TEST_CASE][FAILED] - Test Cases/Members_Area/Callback_Requests: Test Cases/Members_Area/Callback_Requests FAILED.
Reason:
com.kms.katalon.core.exception.StepFailedException: Unable to call Test Case 'Test Cases/Reusable_Test_Sequences/Members_Area/Validation/Callback_Requests_Sub/Callback_Request_Settings' (Root cause: com.kms.katalon.core.exception.StepFailedException: Call Test Case 'Test Cases/Reusable_Test_Sequences/Members_Area/Validation/Callback_Requests_Sub/Callback_Request_Settings' failed
	at com.kms.katalon.core.keyword.builtin.CallTestCaseKeyword$_callTestCase_closure1.doCall(CallTestCaseKeyword.groovy:63)
	at com.kms.katalon.core.keyword.builtin.CallTestCaseKeyword$_callTestCase_closure1.call(CallTestCaseKeyword.groovy)
	at com.kms.katalon.core.keyword.internal.KeywordMain.runKeyword(KeywordMain.groovy:68)
	at com.kms.katalon.core.keyword.builtin.CallTestCaseKeyword.callTestCase(CallTestCaseKeyword.groovy:81)
	at com.kms.katalon.core.keyword.builtin.CallTestCaseKeyword.execute(CallTestCaseKeyword.groovy:44)
	at com.kms.katalon.core.keyword.internal.KeywordExecutor.executeKeywordForPlatform(KeywordExecutor.groovy:60)
	at com.kms.katalon.core.keyword.BuiltinKeywords.callTestCase(BuiltinKeywords.groovy:334)
	at Callback_Requests.run(Callback_Requests:74)
	at com.kms.katalon.core.main.ScriptEngine.run(ScriptEngine.java:194)
	at com.kms.katalon.core.main.ScriptEngine.runScriptAsRawText(ScriptEngine.java:119)
	at com.kms.katalon.core.main.TestCaseExecutor.runScript(TestCaseExecutor.java:337)
	at com.kms.katalon.core.main.TestCaseExecutor.doExecute(TestCaseExecutor.java:328)
	at com.kms.katalon.core.main.TestCaseExecutor.processExecutionPhase(TestCaseExecutor.java:307)
	at com.kms.katalon.core.main.TestCaseExecutor.accessMainPhase(TestCaseExecutor.java:299)
	at com.kms.katalon.core.main.TestCaseExecutor.execute(TestCaseExecutor.java:233)
	at com.kms.katalon.core.main.TestSuiteExecutor.accessTestCaseMainPhase(TestSuiteExecutor.java:169)
	at com.kms.katalon.core.main.TestSuiteExecutor.accessTestSuiteMainPhase(TestSuiteExecutor.java:142)
	at com.kms.katalon.core.main.TestSuiteExecutor.execute(TestSuiteExecutor.java:91)
	at com.kms.katalon.core.main.TestCaseMain.startTestSuite(TestCaseMain.java:157)
	at com.kms.katalon.core.main.TestCaseMain$startTestSuite$0.call(Unknown Source)
	at TempTestSuite1573128069501.run(TempTestSuite1573128069501.groovy:36)
Caused by: com.kms.katalon.core.exception.StepFailedException: Unable to select option by value '3: Object' of object 'Object Repository/Page_Members Area/Page_Members Area/select_Do not send_1'  using regular expression (Root cause: com.kms.katalon.core.exception.StepFailedException: Unable to select option by value '3: Object' of object 'Object Repository/Page_Members Area/Page_Members Area/select_Do not send_1'  using regular expression
	at com.kms.katalon.core.webui.keyword.internal.WebUIKeywordMain.stepFailed(WebUIKeywordMain.groovy:64)
	at com.kms.katalon.core.webui.keyword.internal.WebUIKeywordMain.runKeyword(WebUIKeywordMain.groovy:26)
	at com.kms.katalon.core.webui.keyword.builtin.SelectOptionByValueKeyword.selectOptionByValue(SelectOptionByValueKeyword.groovy:99)
	at com.kms.katalon.core.webui.keyword.builtin.SelectOptionByValueKeyword.execute(SelectOptionByValueKeyword.groovy:71)
	at com.kms.katalon.core.keyword.internal.KeywordExecutor.executeKeywordForPlatform(KeywordExecutor.groovy:60)
	at com.kms.katalon.core.webui.keyword.WebUiBuiltInKeywords.selectOptionByValue(WebUiBuiltInKeywords.groovy:1138)
	at com.kms.katalon.core.webui.keyword.WebUiBuiltInKeywords$selectOptionByValue$7.call(Unknown Source)
	at Callback_Request_Settings.run(Callback_Request_Settings:109)
	at com.kms.katalon.core.main.ScriptEngine.run(ScriptEngine.java:194)
	at com.kms.katalon.core.main.ScriptEngine.runScriptAsRawText(ScriptEngine.java:119)
	at com.kms.katalon.core.main.TestCaseExecutor.runScript(TestCaseExecutor.java:337)
	at com.kms.katalon.core.main.TestCaseExecutor.doExecute(TestCaseExecutor.java:328)
	at com.kms.katalon.core.main.TestCaseExecutor.processExecutionPhase(TestCaseExecutor.java:307)
	at com.kms.katalon.core.main.TestCaseExecutor.accessMainPhase(TestCaseExecutor.java:299)
	at com.kms.katalon.core.main.TestCaseExecutor.execute(TestCaseExecutor.java:233)
	at com.kms.katalon.core.main.TestCaseMain.runTestCase(TestCaseMain.java:114)
	at com.kms.katalon.core.keyword.builtin.CallTestCaseKeyword$_callTestCase_closure1.doCall(CallTestCaseKeyword.groovy:59)
	at com.kms.katalon.core.keyword.builtin.CallTestCaseKeyword$_callTestCase_closure1.call(CallTestCaseKeyword.groovy)
	at com.kms.katalon.core.keyword.internal.KeywordMain.runKeyword(KeywordMain.groovy:68)
	at com.kms.katalon.core.keyword.builtin.CallTestCaseKeyword.callTestCase(CallTestCaseKeyword.groovy:81)
	at com.kms.katalon.core.keyword.builtin.CallTestCaseKeyword.execute(CallTestCaseKeyword.groovy:44)
	at com.kms.katalon.core.keyword.internal.KeywordExecutor.executeKeywordForPlatform(KeywordExecutor.groovy:60)
	at com.kms.katalon.core.keyword.BuiltinKeywords.callTestCase(BuiltinKeywords.groovy:334)
	at Callback_Requests.run(Callback_Requests:74)
	at com.kms.katalon.core.main.ScriptEngine.run(ScriptEngine.java:194)
	at com.kms.katalon.core.main.ScriptEngine.runScriptAsRawText(ScriptEngine.java:119)
	at com.kms.katalon.core.main.TestCaseExecutor.runScript(TestCaseExecutor.java:337)
	at com.kms.katalon.core.main.TestCaseExecutor.doExecute(TestCaseExecutor.java:328)
	at com.kms.katalon.core.main.TestCaseExecutor.processExecutionPhase(TestCaseExecutor.java:307)
	at com.kms.katalon.core.main.TestCaseExecutor.accessMainPhase(TestCaseExecutor.java:299)
	at com.kms.katalon.core.main.TestCaseExecutor.execute(TestCaseExecutor.java:233)
	at com.kms.katalon.core.main.TestSuiteExecutor.accessTestCaseMainPhase(TestSuiteExecutor.java:169)
	at com.kms.katalon.core.main.TestSuiteExecutor.accessTestSuiteMainPhase(TestSuiteExecutor.java:142)
	at com.kms.katalon.core.main.TestSuiteExecutor.execute(TestSuiteExecutor.java:91)
	at com.kms.katalon.core.main.TestCaseMain.startTestSuite(TestCaseMain.java:157)
	at com.kms.katalon.core.main.TestCaseMain$startTestSuite$0.call(Unknown Source)
	at TempTestSuite1573128069501.run(TempTestSuite1573128069501.groovy:36)
Caused by: com.kms.katalon.core.webui.exception.WebElementNotFoundException: Web element with id: 'Object Repository/Page_Members Area/Page_Members Area/select_Do not send_1' located by 'By.xpath: //*[@id = 'form-field-1' and @name = 'emailDDL' and (text() = 'Do not sendOtherCompany email address: jon.wood@checkatrade.comMr Daniel Davis: daniel.davis@edaxis.co.ukMr Testing Team: support@checkatrade.comMr Testing Team: support@checkatrade.comMr Alexander Nunn: alexander.nunn@checkatrade.comMr Alexander Nunn: alexander.nunn@checkatrade.comMr Alex McCallio: alex.mccallion@hotmail.co.ukMrs Sindhura Voona: christopher.byrom@blah.comMrs Sindhura Voona: christopher.byrom@blah.comMr Rehana Shadab: rehana.shedab@checkatrade.comMr Richard Audemars: richard.audemars@checkatrade.comMr Sian Taylor: sian.taylor@checkatrade.comMr Chantel Lineham: chantel.lineham@checkatrade.comMr Neil Hibbert: neil.hibbert@checkatrade.comMiss Eleanor Jordan: eleanor.jordan@checkatrade.comMr Ivan G-S: ivan.gutowski-smith@checkatrade.comMr Ciar Baharie: ciar.baharie@checkatrade.comMr Ryan B: ryan.butt@checkatrade.comMr Michael Eason: michael.eason@checkatrade.comMr Mike Fairman: mike.fairman@checkatrade.comMrs Becky Cheshire: becky.cheshire@checkatrade.comMr Colin Wisdom: colin.wisdom@checkatrade.comMr Simon Ip: simon.ip@checkatrade.comMr Chris Almond: chris.almond@standingongiants.comMr Mark Bagnall: mark.bagnall@checkatrade.comMr Jon Wood: jon.wood@checkatrade.comMr Linda Hardy: linda.hardy@checkatrade.comMr Dan Staples: dan.staples@checkatrade.comMr Charlotte Carter: charlotte.carter@checkatrade.comMr L P: l.p@checkatrade.comMr Ketih Reed: keith.reed@checkatrade.comMr Tom Amis: tom.amis@checkatrade.com' or . = 'Do not sendOtherCompany email address: jon.wood@checkatrade.comMr Daniel Davis: daniel.davis@edaxis.co.ukMr Testing Team: support@checkatrade.comMr Testing Team: support@checkatrade.comMr Alexander Nunn: alexander.nunn@checkatrade.comMr Alexander Nunn: alexander.nunn@checkatrade.comMr Alex McCallio: alex.mccallion@hotmail.co.ukMrs Sindhura Voona: christopher.byrom@blah.comMrs Sindhura Voona: christopher.byrom@blah.comMr Rehana Shadab: rehana.shedab@checkatrade.comMr Richard Audemars: richard.audemars@checkatrade.comMr Sian Taylor: sian.taylor@checkatrade.comMr Chantel Lineham: chantel.lineham@checkatrade.comMr Neil Hibbert: neil.hibbert@checkatrade.comMiss Eleanor Jordan: eleanor.jordan@checkatrade.comMr Ivan G-S: ivan.gutowski-smith@checkatrade.comMr Ciar Baharie: ciar.baharie@checkatrade.comMr Ryan B: ryan.butt@checkatrade.comMr Michael Eason: michael.eason@checkatrade.comMr Mike Fairman: mike.fairman@checkatrade.comMrs Becky Cheshire: becky.cheshire@checkatrade.comMr Colin Wisdom: colin.wisdom@checkatrade.comMr Simon Ip: simon.ip@checkatrade.comMr Chris Almond: chris.almond@standingongiants.comMr Mark Bagnall: mark.bagnall@checkatrade.comMr Jon Wood: jon.wood@checkatrade.comMr Linda Hardy: linda.hardy@checkatrade.comMr Dan Staples: dan.staples@checkatrade.comMr Charlotte Carter: charlotte.carter@checkatrade.comMr L P: l.p@checkatrade.comMr Ketih Reed: keith.reed@checkatrade.comMr Tom Amis: tom.amis@checkatrade.com')]' not found
	at com.kms.katalon.core.webui.common.WebUiCommonHelper.findWebElement(WebUiCommonHelper.java:1113)
	at com.kms.katalon.core.webui.keyword.internal.WebUIAbstractKeyword.findWebElement(WebUIAbstractKeyword.groovy:27)
	at com.kms.katalon.core.webui.keyword.internal.WebUIAbstractKeyword.findWebElement(WebUIAbstractKeyword.groovy:26)
	at com.kms.katalon.core.webui.keyword.builtin.SelectOptionByValueKeyword$_selectOptionByValue_closure1.doCall(SelectOptionByValueKeyword.groovy:86)
	at com.kms.katalon.core.webui.keyword.builtin.SelectOptionByValueKeyword$_selectOptionByValue_closure1.call(SelectOptionByValueKeyword.groovy)
	at com.kms.katalon.core.webui.keyword.internal.WebUIKeywordMain.runKeyword(WebUIKeywordMain.groovy:20)
	at com.kms.katalon.core.webui.keyword.builtin.SelectOptionByValueKeyword.selectOptionByValue(SelectOptionByValueKeyword.groovy:99)
	at com.kms.katalon.core.webui.keyword.builtin.SelectOptionByValueKeyword.execute(SelectOptionByValueKeyword.groovy:71)
	at com.kms.katalon.core.keyword.internal.KeywordExecutor.executeKeywordForPlatform(KeywordExecutor.groovy:60)
	at com.kms.katalon.core.webui.keyword.WebUiBuiltInKeywords.selectOptionByValue(WebUiBuiltInKeywords.groovy:1138)
	at com.kms.katalon.core.webui.keyword.WebUiBuiltInKeywords$selectOptionByValue$7.call(Unknown Source)
	at Script1570028599978.run(Script1570028599978.groovy:109)
	at com.kms.katalon.core.main.ScriptEngine.run(ScriptEngine.java:194)
	at com.kms.katalon.core.main.ScriptEngine.runScriptAsRawText(ScriptEngine.java:119)
	at com.kms.katalon.core.main.TestCaseExecutor.runScript(TestCaseExecutor.java:337)
	at com.kms.katalon.core.main.TestCaseExecutor.doExecute(TestCaseExecutor.java:328)
	at com.kms.katalon.core.main.TestCaseExecutor.processExecutionPhase(TestCaseExecutor.java:307)
	at com.kms.katalon.core.main.TestCaseExecutor.accessMainPhase(TestCaseExecutor.java:299)
	at com.kms.katalon.core.main.TestCaseExecutor.execute(TestCaseExecutor.java:233)
	at com.kms.katalon.core.main.TestCaseMain.runTestCase(TestCaseMain.java:114)
	at com.kms.katalon.core.keyword.builtin.CallTestCaseKeyword$_callTestCase_closure1.doCall(CallTestCaseKeyword.groovy:59)
	at com.kms.katalon.core.keyword.builtin.CallTestCaseKeyword$_callTestCase_closure1.call(CallTestCaseKeyword.groovy)
	at com.kms.katalon.core.keyword.internal.KeywordMain.runKeyword(KeywordMain.groovy:68)
	at com.kms.katalon.core.keyword.builtin.CallTestCaseKeyword.callTestCase(CallTestCaseKeyword.groovy:81)
	at com.kms.katalon.core.keyword.builtin.CallTestCaseKeyword.execute(CallTestCaseKeyword.groovy:44)
	at com.kms.katalon.core.keyword.internal.KeywordExecutor.executeKeywordForPlatform(KeywordExecutor.groovy:60)
	at com.kms.katalon.core.keyword.BuiltinKeywords.callTestCase(BuiltinKeywords.groovy:334)
	at Script1569933857280.run(Script1569933857280.groovy:74)
	... 13 more
)
	at com.kms.katalon.core.keyword.internal.KeywordMain.stepFailed(KeywordMain.groovy:39)
	at com.kms.katalon.core.webui.keyword.internal.WebUIKeywordMain.stepFailed(WebUIKeywordMain.groovy:64)
	at com.kms.katalon.core.webui.keyword.internal.WebUIKeywordMain.runKeyword(WebUIKeywordMain.groovy:26)
	at com.kms.katalon.core.webui.keyword.builtin.SelectOptionByValueKeyword.selectOptionByValue(SelectOptionByValueKeyword.groovy:99)
	at com.kms.katalon.core.webui.keyword.builtin.SelectOptionByValueKeyword.execute(SelectOptionByValueKeyword.groovy:71)
	at com.kms.katalon.core.keyword.internal.KeywordExecutor.executeKeywordForPlatform(KeywordExecutor.groovy:60)
	at com.kms.katalon.core.webui.keyword.WebUiBuiltInKeywords.selectOptionByValue(WebUiBuiltInKeywords.groovy:1138)
	at com.kms.katalon.core.webui.keyword.WebUiBuiltInKeywords$selectOptionByValue$7.call(Unknown Source)
	at Callback_Request_Settings.run(Callback_Request_Settings:109)
	at com.kms.katalon.core.main.ScriptEngine.run(ScriptEngine.java:194)
	at com.kms.katalon.core.main.ScriptEngine.runScriptAsRawText(ScriptEngine.java:119)
	at com.kms.katalon.core.main.TestCaseExecutor.runScript(TestCaseExecutor.java:337)
	at com.kms.katalon.core.main.TestCaseExecutor.doExecute(TestCaseExecutor.java:328)
	at com.kms.katalon.core.main.TestCaseExecutor.processExecutionPhase(TestCaseExecutor.java:307)
	at com.kms.katalon.core.main.TestCaseExecutor.accessMainPhase(TestCaseExecutor.java:299)
	at com.kms.katalon.core.main.TestCaseExecutor.execute(TestCaseExecutor.java:233)
	at com.kms.katalon.core.main.TestCaseMain.runTestCase(TestCaseMain.java:114)
	at com.kms.katalon.core.keyword.builtin.CallTestCaseKeyword$_callTestCase_closure1.doCall(CallTestCaseKeyword.groovy:59)
	... 20 more
Caused by: com.kms.katalon.core.exception.StepFailedException: Unable to select option by value '3: Object' of object 'Object Repository/Page_Members Area/Page_Members Area/select_Do not send_1'  using regular expression
	... 37 more
Caused by: com.kms.katalon.core.webui.exception.WebElementNotFoundException: Web element with id: 'Object Repository/Page_Members Area/Page_Members Area/select_Do not send_1' located by 'By.xpath: //*[@id = 'form-field-1' and @name = 'emailDDL' and (text() = 'Do not sendOtherCompany email address: jon.wood@checkatrade.comMr Daniel Davis: daniel.davis@edaxis.co.ukMr Testing Team: support@checkatrade.comMr Testing Team: support@checkatrade.comMr Alexander Nunn: alexander.nunn@checkatrade.comMr Alexander Nunn: alexander.nunn@checkatrade.comMr Alex McCallio: alex.mccallion@hotmail.co.ukMrs Sindhura Voona: christopher.byrom@blah.comMrs Sindhura Voona: christopher.byrom@blah.comMr Rehana Shadab: rehana.shedab@checkatrade.comMr Richard Audemars: richard.audemars@checkatrade.comMr Sian Taylor: sian.taylor@checkatrade.comMr Chantel Lineham: chantel.lineham@checkatrade.comMr Neil Hibbert: neil.hibbert@checkatrade.comMiss Eleanor Jordan: eleanor.jordan@checkatrade.comMr Ivan G-S: ivan.gutowski-smith@checkatrade.comMr Ciar Baharie: ciar.baharie@checkatrade.comMr Ryan B: ryan.butt@checkatrade.comMr Michael Eason: michael.eason@checkatrade.comMr Mike Fairman: mike.fairman@checkatrade.comMrs Becky Cheshire: becky.cheshire@checkatrade.comMr Colin Wisdom: colin.wisdom@checkatrade.comMr Simon Ip: simon.ip@checkatrade.comMr Chris Almond: chris.almond@standingongiants.comMr Mark Bagnall: mark.bagnall@checkatrade.comMr Jon Wood: jon.wood@checkatrade.comMr Linda Hardy: linda.hardy@checkatrade.comMr Dan Staples: dan.staples@checkatrade.comMr Charlotte Carter: charlotte.carter@checkatrade.comMr L P: l.p@checkatrade.comMr Ketih Reed: keith.reed@checkatrade.comMr Tom Amis: tom.amis@checkatrade.com' or . = 'Do not sendOtherCompany email address: jon.wood@checkatrade.comMr Daniel Davis: daniel.davis@edaxis.co.ukMr Testing Team: support@checkatrade.comMr Testing Team: support@checkatrade.comMr Alexander Nunn: alexander.nunn@checkatrade.comMr Alexander Nunn: alexander.nunn@checkatrade.comMr Alex McCallio: alex.mccallion@hotmail.co.ukMrs Sindhura Voona: christopher.byrom@blah.comMrs Sindhura Voona: christopher.byrom@blah.comMr Rehana Shadab: rehana.shedab@checkatrade.comMr Richard Audemars: richard.audemars@checkatrade.comMr Sian Taylor: sian.taylor@checkatrade.comMr Chantel Lineham: chantel.lineham@checkatrade.comMr Neil Hibbert: neil.hibbert@checkatrade.comMiss Eleanor Jordan: eleanor.jordan@checkatrade.comMr Ivan G-S: ivan.gutowski-smith@checkatrade.comMr Ciar Baharie: ciar.baharie@checkatrade.comMr Ryan B: ryan.butt@checkatrade.comMr Michael Eason: michael.eason@checkatrade.comMr Mike Fairman: mike.fairman@checkatrade.comMrs Becky Cheshire: becky.cheshire@checkatrade.comMr Colin Wisdom: colin.wisdom@checkatrade.comMr Simon Ip: simon.ip@checkatrade.comMr Chris Almond: chris.almond@standingongiants.comMr Mark Bagnall: mark.bagnall@checkatrade.comMr Jon Wood: jon.wood@checkatrade.comMr Linda Hardy: linda.hardy@checkatrade.comMr Dan Staples: dan.staples@checkatrade.comMr Charlotte Carter: charlotte.carter@checkatrade.comMr L P: l.p@checkatrade.comMr Ketih Reed: keith.reed@checkatrade.comMr Tom Amis: tom.amis@checkatrade.com')]' not found
	at com.kms.katalon.core.webui.common.WebUiCommonHelper.findWebElement(WebUiCommonHelper.java:1113)
	at com.kms.katalon.core.webui.keyword.internal.WebUIAbstractKeyword.findWebElement(WebUIAbstractKeyword.groovy:27)
	at com.kms.katalon.core.webui.keyword.internal.WebUIAbstractKeyword.findWebElement(WebUIAbstractKeyword.groovy:26)
	at com.kms.katalon.core.webui.keyword.builtin.SelectOptionByValueKeyword$_selectOptionByValue_closure1.doCall(SelectOptionByValueKeyword.groovy:86)
	at com.kms.katalon.core.webui.keyword.builtin.SelectOptionByValueKeyword$_selectOptionByValue_closure1.call(SelectOptionByValueKeyword.groovy)
	at com.kms.katalon.core.webui.keyword.internal.WebUIKeywordMain.runKeyword(WebUIKeywordMain.groovy:20)
	... 35 more
)
	at com.kms.katalon.core.keyword.internal.KeywordMain.stepFailed(KeywordMain.groovy:39)
	at com.kms.katalon.core.keyword.internal.KeywordMain.stepFailed(KeywordMain.groovy)
	at com.kms.katalon.core.keyword.internal.KeywordMain.runKeyword(KeywordMain.groovy:70)
	at com.kms.katalon.core.keyword.builtin.CallTestCaseKeyword.callTestCase(CallTestCaseKeyword.groovy:81)
	at com.kms.katalon.core.keyword.builtin.CallTestCaseKeyword.execute(CallTestCaseKeyword.groovy:44)
	at com.kms.katalon.core.keyword.internal.KeywordExecutor.executeKeywordForPlatform(KeywordExecutor.groovy:60)
	at com.kms.katalon.core.keyword.BuiltinKeywords.callTestCase(BuiltinKeywords.groovy:334)
	at Callback_Requests.run(Callback_Requests:74)
	at com.kms.katalon.core.main.ScriptEngine.run(ScriptEngine.java:194)
	at com.kms.katalon.core.main.ScriptEngine.runScriptAsRawText(ScriptEngine.java:119)
	at com.kms.katalon.core.main.TestCaseExecutor.runScript(TestCaseExecutor.java:337)
	at com.kms.katalon.core.main.TestCaseExecutor.doExecute(TestCaseExecutor.java:328)
	at com.kms.katalon.core.main.TestCaseExecutor.processExecutionPhase(TestCaseExecutor.java:307)
	at com.kms.katalon.core.main.TestCaseExecutor.accessMainPhase(TestCaseExecutor.java:299)
	at com.kms.katalon.core.main.TestCaseExecutor.execute(TestCaseExecutor.java:233)
	at com.kms.katalon.core.main.TestSuiteExecutor.accessTestCaseMainPhase(TestSuiteExecutor.java:169)
	at com.kms.katalon.core.main.TestSuiteExecutor.accessTestSuiteMainPhase(TestSuiteExecutor.java:142)
	at com.kms.katalon.core.main.TestSuiteExecutor.execute(TestSuiteExecutor.java:91)
	at com.kms.katalon.core.main.TestCaseMain.startTestSuite(TestCaseMain.java:157)
	at com.kms.katalon.core.main.TestCaseMain$startTestSuite$0.call(Unknown Source)
	at TempTestSuite1573128069501.run(TempTestSuite1573128069501.groovy:36)
Caused by: com.kms.katalon.core.exception.StepFailedException: Call Test Case 'Test Cases/Reusable_Test_Sequences/Members_Area/Validation/Callback_Requests_Sub/Callback_Request_Settings' failed
	at com.kms.katalon.core.keyword.builtin.CallTestCaseKeyword$_callTestCase_closure1.doCall(CallTestCaseKeyword.groovy:63)
	at com.kms.katalon.core.keyword.builtin.CallTestCaseKeyword$_callTestCase_closure1.call(CallTestCaseKeyword.groovy)
	at com.kms.katalon.core.keyword.internal.KeywordMain.runKeyword(KeywordMain.groovy:68)
	... 18 more
Caused by: com.kms.katalon.core.exception.StepFailedException: Unable to select option by value '3: Object' of object 'Object Repository/Page_Members Area/Page_Members Area/select_Do not send_1'  using regular expression (Root cause: com.kms.katalon.core.exception.StepFailedException: Unable to select option by value '3: Object' of object 'Object Repository/Page_Members Area/Page_Members Area/select_Do not send_1'  using regular expression
	at com.kms.katalon.core.webui.keyword.internal.WebUIKeywordMain.stepFailed(WebUIKeywordMain.groovy:64)
	at com.kms.katalon.core.webui.keyword.internal.WebUIKeywordMain.runKeyword(WebUIKeywordMain.groovy:26)
	at com.kms.katalon.core.webui.keyword.builtin.SelectOptionByValueKeyword.selectOptionByValue(SelectOptionByValueKeyword.groovy:99)
	at com.kms.katalon.core.webui.keyword.builtin.SelectOptionByValueKeyword.execute(SelectOptionByValueKeyword.groovy:71)
	at com.kms.katalon.core.keyword.internal.KeywordExecutor.executeKeywordForPlatform(KeywordExecutor.groovy:60)
	at com.kms.katalon.core.webui.keyword.WebUiBuiltInKeywords.selectOptionByValue(WebUiBuiltInKeywords.groovy:1138)
	at com.kms.katalon.core.webui.keyword.WebUiBuiltInKeywords$selectOptionByValue$7.call(Unknown Source)
	at Callback_Request_Settings.run(Callback_Request_Settings:109)
	at com.kms.katalon.core.main.ScriptEngine.run(ScriptEngine.java:194)
	at com.kms.katalon.core.main.ScriptEngine.runScriptAsRawText(ScriptEngine.java:119)
	at com.kms.katalon.core.main.TestCaseExecutor.runScript(TestCaseExecutor.java:337)
	at com.kms.katalon.core.main.TestCaseExecutor.doExecute(TestCaseExecutor.java:328)
	at com.kms.katalon.core.main.TestCaseExecutor.processExecutionPhase(TestCaseExecutor.java:307)
	at com.kms.katalon.core.main.TestCaseExecutor.accessMainPhase(TestCaseExecutor.java:299)
	at com.kms.katalon.core.main.TestCaseExecutor.execute(TestCaseExecutor.java:233)
	at com.kms.katalon.core.main.TestCaseMain.runTestCase(TestCaseMain.java:114)
	at com.kms.katalon.core.keyword.builtin.CallTestCaseKeyword$_callTestCase_closure1.doCall(CallTestCaseKeyword.groovy:59)
	at com.kms.katalon.core.keyword.builtin.CallTestCaseKeyword$_callTestCase_closure1.call(CallTestCaseKeyword.groovy)
	at com.kms.katalon.core.keyword.internal.KeywordMain.runKeyword(KeywordMain.groovy:68)
	at com.kms.katalon.core.keyword.builtin.CallTestCaseKeyword.callTestCase(CallTestCaseKeyword.groovy:81)
	at com.kms.katalon.core.keyword.builtin.CallTestCaseKeyword.execute(CallTestCaseKeyword.groovy:44)
	at com.kms.katalon.core.keyword.internal.KeywordExecutor.executeKeywordForPlatform(KeywordExecutor.groovy:60)
	at com.kms.katalon.core.keyword.BuiltinKeywords.callTestCase(BuiltinKeywords.groovy:334)
	at Callback_Requests.run(Callback_Requests:74)
	at com.kms.katalon.core.main.ScriptEngine.run(ScriptEngine.java:194)
	at com.kms.katalon.core.main.ScriptEngine.runScriptAsRawText(ScriptEngine.java:119)
	at com.kms.katalon.core.main.TestCaseExecutor.runScript(TestCaseExecutor.java:337)
	at com.kms.katalon.core.main.TestCaseExecutor.doExecute(TestCaseExecutor.java:328)
	at com.kms.katalon.core.main.TestCaseExecutor.processExecutionPhase(TestCaseExecutor.java:307)
	at com.kms.katalon.core.main.TestCaseExecutor.accessMainPhase(TestCaseExecutor.java:299)
	at com.kms.katalon.core.main.TestCaseExecutor.execute(TestCaseExecutor.java:233)
	at com.kms.katalon.core.main.TestSuiteExecutor.accessTestCaseMainPhase(TestSuiteExecutor.java:169)
	at com.kms.katalon.core.main.TestSuiteExecutor.accessTestSuiteMainPhase(TestSuiteExecutor.java:142)
	at com.kms.katalon.core.main.TestSuiteExecutor.execute(TestSuiteExecutor.java:91)
	at com.kms.katalon.core.main.TestCaseMain.startTestSuite(TestCaseMain.java:157)
	at com.kms.katalon.core.main.TestCaseMain$startTestSuite$0.call(Unknown Source)
	at TempTestSuite1573128069501.run(TempTestSuite1573128069501.groovy:36)
Caused by: com.kms.katalon.core.webui.exception.WebElementNotFoundException: Web element with id: 'Object Repository/Page_Members Area/Page_Members Area/select_Do not send_1' located by 'By.xpath: //*[@id = 'form-field-1' and @name = 'emailDDL' and (text() = 'Do not sendOtherCompany email address: jon.wood@checkatrade.comMr Daniel Davis: daniel.davis@edaxis.co.ukMr Testing Team: support@checkatrade.comMr Testing Team: support@checkatrade.comMr Alexander Nunn: alexander.nunn@checkatrade.comMr Alexander Nunn: alexander.nunn@checkatrade.comMr Alex McCallio: alex.mccallion@hotmail.co.ukMrs Sindhura Voona: christopher.byrom@blah.comMrs Sindhura Voona: christopher.byrom@blah.comMr Rehana Shadab: rehana.shedab@checkatrade.comMr Richard Audemars: richard.audemars@checkatrade.comMr Sian Taylor: sian.taylor@checkatrade.comMr Chantel Lineham: chantel.lineham@checkatrade.comMr Neil Hibbert: neil.hibbert@checkatrade.comMiss Eleanor Jordan: eleanor.jordan@checkatrade.comMr Ivan G-S: ivan.gutowski-smith@checkatrade.comMr Ciar Baharie: ciar.baharie@checkatrade.comMr Ryan B: ryan.butt@checkatrade.comMr Michael Eason: michael.eason@checkatrade.comMr Mike Fairman: mike.fairman@checkatrade.comMrs Becky Cheshire: becky.cheshire@checkatrade.comMr Colin Wisdom: colin.wisdom@checkatrade.comMr Simon Ip: simon.ip@checkatrade.comMr Chris Almond: chris.almond@standingongiants.comMr Mark Bagnall: mark.bagnall@checkatrade.comMr Jon Wood: jon.wood@checkatrade.comMr Linda Hardy: linda.hardy@checkatrade.comMr Dan Staples: dan.staples@checkatrade.comMr Charlotte Carter: charlotte.carter@checkatrade.comMr L P: l.p@checkatrade.comMr Ketih Reed: keith.reed@checkatrade.comMr Tom Amis: tom.amis@checkatrade.com' or . = 'Do not sendOtherCompany email address: jon.wood@checkatrade.comMr Daniel Davis: daniel.davis@edaxis.co.ukMr Testing Team: support@checkatrade.comMr Testing Team: support@checkatrade.comMr Alexander Nunn: alexander.nunn@checkatrade.comMr Alexander Nunn: alexander.nunn@checkatrade.comMr Alex McCallio: alex.mccallion@hotmail.co.ukMrs Sindhura Voona: christopher.byrom@blah.comMrs Sindhura Voona: christopher.byrom@blah.comMr Rehana Shadab: rehana.shedab@checkatrade.comMr Richard Audemars: richard.audemars@checkatrade.comMr Sian Taylor: sian.taylor@checkatrade.comMr Chantel Lineham: chantel.lineham@checkatrade.comMr Neil Hibbert: neil.hibbert@checkatrade.comMiss Eleanor Jordan: eleanor.jordan@checkatrade.comMr Ivan G-S: ivan.gutowski-smith@checkatrade.comMr Ciar Baharie: ciar.baharie@checkatrade.comMr Ryan B: ryan.butt@checkatrade.comMr Michael Eason: michael.eason@checkatrade.comMr Mike Fairman: mike.fairman@checkatrade.comMrs Becky Cheshire: becky.cheshire@checkatrade.comMr Colin Wisdom: colin.wisdom@checkatrade.comMr Simon Ip: simon.ip@checkatrade.comMr Chris Almond: chris.almond@standingongiants.comMr Mark Bagnall: mark.bagnall@checkatrade.comMr Jon Wood: jon.wood@checkatrade.comMr Linda Hardy: linda.hardy@checkatrade.comMr Dan Staples: dan.staples@checkatrade.comMr Charlotte Carter: charlotte.carter@checkatrade.comMr L P: l.p@checkatrade.comMr Ketih Reed: keith.reed@checkatrade.comMr Tom Amis: tom.amis@checkatrade.com')]' not found
	at com.kms.katalon.core.webui.common.WebUiCommonHelper.findWebElement(WebUiCommonHelper.java:1113)
	at com.kms.katalon.core.webui.keyword.internal.WebUIAbstractKeyword.findWebElement(WebUIAbstractKeyword.groovy:27)
	at com.kms.katalon.core.webui.keyword.internal.WebUIAbstractKeyword.findWebElement(WebUIAbstractKeyword.groovy:26)
	at com.kms.katalon.core.webui.keyword.builtin.SelectOptionByValueKeyword$_selectOptionByValue_closure1.doCall(SelectOptionByValueKeyword.groovy:86)
	at com.kms.katalon.core.webui.keyword.builtin.SelectOptionByValueKeyword$_selectOptionByValue_closure1.call(SelectOptionByValueKeyword.groovy)
	at com.kms.katalon.core.webui.keyword.internal.WebUIKeywordMain.runKeyword(WebUIKeywordMain.groovy:20)
	at com.kms.katalon.core.webui.keyword.builtin.SelectOptionByValueKeyword.selectOptionByValue(SelectOptionByValueKeyword.groovy:99)
	at com.kms.katalon.core.webui.keyword.builtin.SelectOptionByValueKeyword.execute(SelectOptionByValueKeyword.groovy:71)
	at com.kms.katalon.core.keyword.internal.KeywordExecutor.executeKeywordForPlatform(KeywordExecutor.groovy:60)
	at com.kms.katalon.core.webui.keyword.WebUiBuiltInKeywords.selectOptionByValue(WebUiBuiltInKeywords.groovy:1138)
	at com.kms.katalon.core.webui.keyword.WebUiBuiltInKeywords$selectOptionByValue$7.call(Unknown Source)
	at Script1570028599978.run(Script1570028599978.groovy:109)
	at com.kms.katalon.core.main.ScriptEngine.run(ScriptEngine.java:194)
	at com.kms.katalon.core.main.ScriptEngine.runScriptAsRawText(ScriptEngine.java:119)
	at com.kms.katalon.core.main.TestCaseExecutor.runScript(TestCaseExecutor.java:337)
	at com.kms.katalon.core.main.TestCaseExecutor.doExecute(TestCaseExecutor.java:328)
	at com.kms.katalon.core.main.TestCaseExecutor.processExecutionPhase(TestCaseExecutor.java:307)
	at com.kms.katalon.core.main.TestCaseExecutor.accessMainPhase(TestCaseExecutor.java:299)
	at com.kms.katalon.core.main.TestCaseExecutor.execute(TestCaseExecutor.java:233)
	at com.kms.katalon.core.main.TestCaseMain.runTestCase(TestCaseMain.java:114)
	at com.kms.katalon.core.keyword.builtin.CallTestCaseKeyword$_callTestCase_closure1.doCall(CallTestCaseKeyword.groovy:59)
	at com.kms.katalon.core.keyword.builtin.CallTestCaseKeyword$_callTestCase_closure1.call(CallTestCaseKeyword.groovy)
	at com.kms.katalon.core.keyword.internal.KeywordMain.runKeyword(KeywordMain.groovy:68)
	at com.kms.katalon.core.keyword.builtin.CallTestCaseKeyword.callTestCase(CallTestCaseKeyword.groovy:81)
	at com.kms.katalon.core.keyword.builtin.CallTestCaseKeyword.execute(CallTestCaseKeyword.groovy:44)
	at com.kms.katalon.core.keyword.internal.KeywordExecutor.executeKeywordForPlatform(KeywordExecutor.groovy:60)
	at com.kms.katalon.core.keyword.BuiltinKeywords.callTestCase(BuiltinKeywords.groovy:334)
	at Script1569933857280.run(Script1569933857280.groovy:74)
	... 13 more
)
	at com.kms.katalon.core.keyword.internal.KeywordMain.stepFailed(KeywordMain.groovy:39)
	at com.kms.katalon.core.webui.keyword.internal.WebUIKeywordMain.stepFailed(WebUIKeywordMain.groovy:64)
	at com.kms.katalon.core.webui.keyword.internal.WebUIKeywordMain.runKeyword(WebUIKeywordMain.groovy:26)
	at com.kms.katalon.core.webui.keyword.builtin.SelectOptionByValueKeyword.selectOptionByValue(SelectOptionByValueKeyword.groovy:99)
	at com.kms.katalon.core.webui.keyword.builtin.SelectOptionByValueKeyword.execute(SelectOptionByValueKeyword.groovy:71)
	at com.kms.katalon.core.keyword.internal.KeywordExecutor.executeKeywordForPlatform(KeywordExecutor.groovy:60)
	at com.kms.katalon.core.webui.keyword.WebUiBuiltInKeywords.selectOptionByValue(WebUiBuiltInKeywords.groovy:1138)
	at com.kms.katalon.core.webui.keyword.WebUiBuiltInKeywords$selectOptionByValue$7.call(Unknown Source)
	at Callback_Request_Settings.run(Callback_Request_Settings:109)
	at com.kms.katalon.core.main.ScriptEngine.run(ScriptEngine.java:194)
	at com.kms.katalon.core.main.ScriptEngine.runScriptAsRawText(ScriptEngine.java:119)
	at com.kms.katalon.core.main.TestCaseExecutor.runScript(TestCaseExecutor.java:337)
	at com.kms.katalon.core.main.TestCaseExecutor.doExecute(TestCaseExecutor.java:328)
	at com.kms.katalon.core.main.TestCaseExecutor.processExecutionPhase(TestCaseExecutor.java:307)
	at com.kms.katalon.core.main.TestCaseExecutor.accessMainPhase(TestCaseExecutor.java:299)
	at com.kms.katalon.core.main.TestCaseExecutor.execute(TestCaseExecutor.java:233)
	at com.kms.katalon.core.main.TestCaseMain.runTestCase(TestCaseMain.java:114)
	at com.kms.katalon.core.keyword.builtin.CallTestCaseKeyword$_callTestCase_closure1.doCall(CallTestCaseKeyword.groovy:59)
	... 20 more
Caused by: com.kms.katalon.core.exception.StepFailedException: Unable to select option by value '3: Object' of object 'Object Repository/Page_Members Area/Page_Members Area/select_Do not send_1'  using regular expression
	... 37 more
Caused by: com.kms.katalon.core.webui.exception.WebElementNotFoundException: Web element with id: 'Object Repository/Page_Members Area/Page_Members Area/select_Do not send_1' located by 'By.xpath: //*[@id = 'form-field-1' and @name = 'emailDDL' and (text() = 'Do not sendOtherCompany email address: jon.wood@checkatrade.comMr Daniel Davis: daniel.davis@edaxis.co.ukMr Testing Team: support@checkatrade.comMr Testing Team: support@checkatrade.comMr Alexander Nunn: alexander.nunn@checkatrade.comMr Alexander Nunn: alexander.nunn@checkatrade.comMr Alex McCallio: alex.mccallion@hotmail.co.ukMrs Sindhura Voona: christopher.byrom@blah.comMrs Sindhura Voona: christopher.byrom@blah.comMr Rehana Shadab: rehana.shedab@checkatrade.comMr Richard Audemars: richard.audemars@checkatrade.comMr Sian Taylor: sian.taylor@checkatrade.comMr Chantel Lineham: chantel.lineham@checkatrade.comMr Neil Hibbert: neil.hibbert@checkatrade.comMiss Eleanor Jordan: eleanor.jordan@checkatrade.comMr Ivan G-S: ivan.gutowski-smith@checkatrade.comMr Ciar Baharie: ciar.baharie@checkatrade.comMr Ryan B: ryan.butt@checkatrade.comMr Michael Eason: michael.eason@checkatrade.comMr Mike Fairman: mike.fairman@checkatrade.comMrs Becky Cheshire: becky.cheshire@checkatrade.comMr Colin Wisdom: colin.wisdom@checkatrade.comMr Simon Ip: simon.ip@checkatrade.comMr Chris Almond: chris.almond@standingongiants.comMr Mark Bagnall: mark.bagnall@checkatrade.comMr Jon Wood: jon.wood@checkatrade.comMr Linda Hardy: linda.hardy@checkatrade.comMr Dan Staples: dan.staples@checkatrade.comMr Charlotte Carter: charlotte.carter@checkatrade.comMr L P: l.p@checkatrade.comMr Ketih Reed: keith.reed@checkatrade.comMr Tom Amis: tom.amis@checkatrade.com' or . = 'Do not sendOtherCompany email address: jon.wood@checkatrade.comMr Daniel Davis: daniel.davis@edaxis.co.ukMr Testing Team: support@checkatrade.comMr Testing Team: support@checkatrade.comMr Alexander Nunn: alexander.nunn@checkatrade.comMr Alexander Nunn: alexander.nunn@checkatrade.comMr Alex McCallio: alex.mccallion@hotmail.co.ukMrs Sindhura Voona: christopher.byrom@blah.comMrs Sindhura Voona: christopher.byrom@blah.comMr Rehana Shadab: rehana.shedab@checkatrade.comMr Richard Audemars: richard.audemars@checkatrade.comMr Sian Taylor: sian.taylor@checkatrade.comMr Chantel Lineham: chantel.lineham@checkatrade.comMr Neil Hibbert: neil.hibbert@checkatrade.comMiss Eleanor Jordan: eleanor.jordan@checkatrade.comMr Ivan G-S: ivan.gutowski-smith@checkatrade.comMr Ciar Baharie: ciar.baharie@checkatrade.comMr Ryan B: ryan.butt@checkatrade.comMr Michael Eason: michael.eason@checkatrade.comMr Mike Fairman: mike.fairman@checkatrade.comMrs Becky Cheshire: becky.cheshire@checkatrade.comMr Colin Wisdom: colin.wisdom@checkatrade.comMr Simon Ip: simon.ip@checkatrade.comMr Chris Almond: chris.almond@standingongiants.comMr Mark Bagnall: mark.bagnall@checkatrade.comMr Jon Wood: jon.wood@checkatrade.comMr Linda Hardy: linda.hardy@checkatrade.comMr Dan Staples: dan.staples@checkatrade.comMr Charlotte Carter: charlotte.carter@checkatrade.comMr L P: l.p@checkatrade.comMr Ketih Reed: keith.reed@checkatrade.comMr Tom Amis: tom.amis@checkatrade.com')]' not found
	at com.kms.katalon.core.webui.common.WebUiCommonHelper.findWebElement(WebUiCommonHelper.java:1113)
	at com.kms.katalon.core.webui.keyword.internal.WebUIAbstractKeyword.findWebElement(WebUIAbstractKeyword.groovy:27)
	at com.kms.katalon.core.webui.keyword.internal.WebUIAbstractKeyword.findWebElement(WebUIAbstractKeyword.groovy:26)
	at com.kms.katalon.core.webui.keyword.builtin.SelectOptionByValueKeyword$_selectOptionByValue_closure1.doCall(SelectOptionByValueKeyword.groovy:86)
	at com.kms.katalon.core.webui.keyword.builtin.SelectOptionByValueKeyword$_selectOptionByValue_closure1.call(SelectOptionByValueKeyword.groovy)
	at com.kms.katalon.core.webui.keyword.internal.WebUIKeywordMain.runKeyword(WebUIKeywordMain.groovy:20)
	... 35 more]]></system-err>
      </testcase>
      <system-out><![CDATA[2019-11-07 12:01:31 - [TEST_SUITE][FAILED] - Members_Callback: Test Cases/Members_Area/Callback_Requests FAILED.
Reason:
com.kms.katalon.core.exception.StepFailedException: Unable to call Test Case 'Test Cases/Reusable_Test_Sequences/Members_Area/Validation/Callback_Requests_Sub/Callback_Request_Settings' (Root cause: com.kms.katalon.core.exception.StepFailedException: Call Test Case 'Test Cases/Reusable_Test_Sequences/Members_Area/Validation/Callback_Requests_Sub/Callback_Request_Settings' failed
	at com.kms.katalon.core.keyword.builtin.CallTestCaseKeyword$_callTestCase_closure1.doCall(CallTestCaseKeyword.groovy:63)
	at com.kms.katalon.core.keyword.builtin.CallTestCaseKeyword$_callTestCase_closure1.call(CallTestCaseKeyword.groovy)
	at com.kms.katalon.core.keyword.internal.KeywordMain.runKeyword(KeywordMain.groovy:68)
	at com.kms.katalon.core.keyword.builtin.CallTestCaseKeyword.callTestCase(CallTestCaseKeyword.groovy:81)
	at com.kms.katalon.core.keyword.builtin.CallTestCaseKeyword.execute(CallTestCaseKeyword.groovy:44)
	at com.kms.katalon.core.keyword.internal.KeywordExecutor.executeKeywordForPlatform(KeywordExecutor.groovy:60)
	at com.kms.katalon.core.keyword.BuiltinKeywords.callTestCase(BuiltinKeywords.groovy:334)
	at Callback_Requests.run(Callback_Requests:74)
	at com.kms.katalon.core.main.ScriptEngine.run(ScriptEngine.java:194)
	at com.kms.katalon.core.main.ScriptEngine.runScriptAsRawText(ScriptEngine.java:119)
	at com.kms.katalon.core.main.TestCaseExecutor.runScript(TestCaseExecutor.java:337)
	at com.kms.katalon.core.main.TestCaseExecutor.doExecute(TestCaseExecutor.java:328)
	at com.kms.katalon.core.main.TestCaseExecutor.processExecutionPhase(TestCaseExecutor.java:307)
	at com.kms.katalon.core.main.TestCaseExecutor.accessMainPhase(TestCaseExecutor.java:299)
	at com.kms.katalon.core.main.TestCaseExecutor.execute(TestCaseExecutor.java:233)
	at com.kms.katalon.core.main.TestSuiteExecutor.accessTestCaseMainPhase(TestSuiteExecutor.java:169)
	at com.kms.katalon.core.main.TestSuiteExecutor.accessTestSuiteMainPhase(TestSuiteExecutor.java:142)
	at com.kms.katalon.core.main.TestSuiteExecutor.execute(TestSuiteExecutor.java:91)
	at com.kms.katalon.core.main.TestCaseMain.startTestSuite(TestCaseMain.java:157)
	at com.kms.katalon.core.main.TestCaseMain$startTestSuite$0.call(Unknown Source)
	at TempTestSuite1573128069501.run(TempTestSuite1573128069501.groovy:36)
Caused by: com.kms.katalon.core.exception.StepFailedException: Unable to select option by value '3: Object' of object 'Object Repository/Page_Members Area/Page_Members Area/select_Do not send_1'  using regular expression (Root cause: com.kms.katalon.core.exception.StepFailedException: Unable to select option by value '3: Object' of object 'Object Repository/Page_Members Area/Page_Members Area/select_Do not send_1'  using regular expression
	at com.kms.katalon.core.webui.keyword.internal.WebUIKeywordMain.stepFailed(WebUIKeywordMain.groovy:64)
	at com.kms.katalon.core.webui.keyword.internal.WebUIKeywordMain.runKeyword(WebUIKeywordMain.groovy:26)
	at com.kms.katalon.core.webui.keyword.builtin.SelectOptionByValueKeyword.selectOptionByValue(SelectOptionByValueKeyword.groovy:99)
	at com.kms.katalon.core.webui.keyword.builtin.SelectOptionByValueKeyword.execute(SelectOptionByValueKeyword.groovy:71)
	at com.kms.katalon.core.keyword.internal.KeywordExecutor.executeKeywordForPlatform(KeywordExecutor.groovy:60)
	at com.kms.katalon.core.webui.keyword.WebUiBuiltInKeywords.selectOptionByValue(WebUiBuiltInKeywords.groovy:1138)
	at com.kms.katalon.core.webui.keyword.WebUiBuiltInKeywords$selectOptionByValue$7.call(Unknown Source)
	at Callback_Request_Settings.run(Callback_Request_Settings:109)
	at com.kms.katalon.core.main.ScriptEngine.run(ScriptEngine.java:194)
	at com.kms.katalon.core.main.ScriptEngine.runScriptAsRawText(ScriptEngine.java:119)
	at com.kms.katalon.core.main.TestCaseExecutor.runScript(TestCaseExecutor.java:337)
	at com.kms.katalon.core.main.TestCaseExecutor.doExecute(TestCaseExecutor.java:328)
	at com.kms.katalon.core.main.TestCaseExecutor.processExecutionPhase(TestCaseExecutor.java:307)
	at com.kms.katalon.core.main.TestCaseExecutor.accessMainPhase(TestCaseExecutor.java:299)
	at com.kms.katalon.core.main.TestCaseExecutor.execute(TestCaseExecutor.java:233)
	at com.kms.katalon.core.main.TestCaseMain.runTestCase(TestCaseMain.java:114)
	at com.kms.katalon.core.keyword.builtin.CallTestCaseKeyword$_callTestCase_closure1.doCall(CallTestCaseKeyword.groovy:59)
	at com.kms.katalon.core.keyword.builtin.CallTestCaseKeyword$_callTestCase_closure1.call(CallTestCaseKeyword.groovy)
	at com.kms.katalon.core.keyword.internal.KeywordMain.runKeyword(KeywordMain.groovy:68)
	at com.kms.katalon.core.keyword.builtin.CallTestCaseKeyword.callTestCase(CallTestCaseKeyword.groovy:81)
	at com.kms.katalon.core.keyword.builtin.CallTestCaseKeyword.execute(CallTestCaseKeyword.groovy:44)
	at com.kms.katalon.core.keyword.internal.KeywordExecutor.executeKeywordForPlatform(KeywordExecutor.groovy:60)
	at com.kms.katalon.core.keyword.BuiltinKeywords.callTestCase(BuiltinKeywords.groovy:334)
	at Callback_Requests.run(Callback_Requests:74)
	at com.kms.katalon.core.main.ScriptEngine.run(ScriptEngine.java:194)
	at com.kms.katalon.core.main.ScriptEngine.runScriptAsRawText(ScriptEngine.java:119)
	at com.kms.katalon.core.main.TestCaseExecutor.runScript(TestCaseExecutor.java:337)
	at com.kms.katalon.core.main.TestCaseExecutor.doExecute(TestCaseExecutor.java:328)
	at com.kms.katalon.core.main.TestCaseExecutor.processExecutionPhase(TestCaseExecutor.java:307)
	at com.kms.katalon.core.main.TestCaseExecutor.accessMainPhase(TestCaseExecutor.java:299)
	at com.kms.katalon.core.main.TestCaseExecutor.execute(TestCaseExecutor.java:233)
	at com.kms.katalon.core.main.TestSuiteExecutor.accessTestCaseMainPhase(TestSuiteExecutor.java:169)
	at com.kms.katalon.core.main.TestSuiteExecutor.accessTestSuiteMainPhase(TestSuiteExecutor.java:142)
	at com.kms.katalon.core.main.TestSuiteExecutor.execute(TestSuiteExecutor.java:91)
	at com.kms.katalon.core.main.TestCaseMain.startTestSuite(TestCaseMain.java:157)
	at com.kms.katalon.core.main.TestCaseMain$startTestSuite$0.call(Unknown Source)
	at TempTestSuite1573128069501.run(TempTestSuite1573128069501.groovy:36)
Caused by: com.kms.katalon.core.webui.exception.WebElementNotFoundException: Web element with id: 'Object Repository/Page_Members Area/Page_Members Area/select_Do not send_1' located by 'By.xpath: //*[@id = 'form-field-1' and @name = 'emailDDL' and (text() = 'Do not sendOtherCompany email address: jon.wood@checkatrade.comMr Daniel Davis: daniel.davis@edaxis.co.ukMr Testing Team: support@checkatrade.comMr Testing Team: support@checkatrade.comMr Alexander Nunn: alexander.nunn@checkatrade.comMr Alexander Nunn: alexander.nunn@checkatrade.comMr Alex McCallio: alex.mccallion@hotmail.co.ukMrs Sindhura Voona: christopher.byrom@blah.comMrs Sindhura Voona: christopher.byrom@blah.comMr Rehana Shadab: rehana.shedab@checkatrade.comMr Richard Audemars: richard.audemars@checkatrade.comMr Sian Taylor: sian.taylor@checkatrade.comMr Chantel Lineham: chantel.lineham@checkatrade.comMr Neil Hibbert: neil.hibbert@checkatrade.comMiss Eleanor Jordan: eleanor.jordan@checkatrade.comMr Ivan G-S: ivan.gutowski-smith@checkatrade.comMr Ciar Baharie: ciar.baharie@checkatrade.comMr Ryan B: ryan.butt@checkatrade.comMr Michael Eason: michael.eason@checkatrade.comMr Mike Fairman: mike.fairman@checkatrade.comMrs Becky Cheshire: becky.cheshire@checkatrade.comMr Colin Wisdom: colin.wisdom@checkatrade.comMr Simon Ip: simon.ip@checkatrade.comMr Chris Almond: chris.almond@standingongiants.comMr Mark Bagnall: mark.bagnall@checkatrade.comMr Jon Wood: jon.wood@checkatrade.comMr Linda Hardy: linda.hardy@checkatrade.comMr Dan Staples: dan.staples@checkatrade.comMr Charlotte Carter: charlotte.carter@checkatrade.comMr L P: l.p@checkatrade.comMr Ketih Reed: keith.reed@checkatrade.comMr Tom Amis: tom.amis@checkatrade.com' or . = 'Do not sendOtherCompany email address: jon.wood@checkatrade.comMr Daniel Davis: daniel.davis@edaxis.co.ukMr Testing Team: support@checkatrade.comMr Testing Team: support@checkatrade.comMr Alexander Nunn: alexander.nunn@checkatrade.comMr Alexander Nunn: alexander.nunn@checkatrade.comMr Alex McCallio: alex.mccallion@hotmail.co.ukMrs Sindhura Voona: christopher.byrom@blah.comMrs Sindhura Voona: christopher.byrom@blah.comMr Rehana Shadab: rehana.shedab@checkatrade.comMr Richard Audemars: richard.audemars@checkatrade.comMr Sian Taylor: sian.taylor@checkatrade.comMr Chantel Lineham: chantel.lineham@checkatrade.comMr Neil Hibbert: neil.hibbert@checkatrade.comMiss Eleanor Jordan: eleanor.jordan@checkatrade.comMr Ivan G-S: ivan.gutowski-smith@checkatrade.comMr Ciar Baharie: ciar.baharie@checkatrade.comMr Ryan B: ryan.butt@checkatrade.comMr Michael Eason: michael.eason@checkatrade.comMr Mike Fairman: mike.fairman@checkatrade.comMrs Becky Cheshire: becky.cheshire@checkatrade.comMr Colin Wisdom: colin.wisdom@checkatrade.comMr Simon Ip: simon.ip@checkatrade.comMr Chris Almond: chris.almond@standingongiants.comMr Mark Bagnall: mark.bagnall@checkatrade.comMr Jon Wood: jon.wood@checkatrade.comMr Linda Hardy: linda.hardy@checkatrade.comMr Dan Staples: dan.staples@checkatrade.comMr Charlotte Carter: charlotte.carter@checkatrade.comMr L P: l.p@checkatrade.comMr Ketih Reed: keith.reed@checkatrade.comMr Tom Amis: tom.amis@checkatrade.com')]' not found
	at com.kms.katalon.core.webui.common.WebUiCommonHelper.findWebElement(WebUiCommonHelper.java:1113)
	at com.kms.katalon.core.webui.keyword.internal.WebUIAbstractKeyword.findWebElement(WebUIAbstractKeyword.groovy:27)
	at com.kms.katalon.core.webui.keyword.internal.WebUIAbstractKeyword.findWebElement(WebUIAbstractKeyword.groovy:26)
	at com.kms.katalon.core.webui.keyword.builtin.SelectOptionByValueKeyword$_selectOptionByValue_closure1.doCall(SelectOptionByValueKeyword.groovy:86)
	at com.kms.katalon.core.webui.keyword.builtin.SelectOptionByValueKeyword$_selectOptionByValue_closure1.call(SelectOptionByValueKeyword.groovy)
	at com.kms.katalon.core.webui.keyword.internal.WebUIKeywordMain.runKeyword(WebUIKeywordMain.groovy:20)
	at com.kms.katalon.core.webui.keyword.builtin.SelectOptionByValueKeyword.selectOptionByValue(SelectOptionByValueKeyword.groovy:99)
	at com.kms.katalon.core.webui.keyword.builtin.SelectOptionByValueKeyword.execute(SelectOptionByValueKeyword.groovy:71)
	at com.kms.katalon.core.keyword.internal.KeywordExecutor.executeKeywordForPlatform(KeywordExecutor.groovy:60)
	at com.kms.katalon.core.webui.keyword.WebUiBuiltInKeywords.selectOptionByValue(WebUiBuiltInKeywords.groovy:1138)
	at com.kms.katalon.core.webui.keyword.WebUiBuiltInKeywords$selectOptionByValue$7.call(Unknown Source)
	at Script1570028599978.run(Script1570028599978.groovy:109)
	at com.kms.katalon.core.main.ScriptEngine.run(ScriptEngine.java:194)
	at com.kms.katalon.core.main.ScriptEngine.runScriptAsRawText(ScriptEngine.java:119)
	at com.kms.katalon.core.main.TestCaseExecutor.runScript(TestCaseExecutor.java:337)
	at com.kms.katalon.core.main.TestCaseExecutor.doExecute(TestCaseExecutor.java:328)
	at com.kms.katalon.core.main.TestCaseExecutor.processExecutionPhase(TestCaseExecutor.java:307)
	at com.kms.katalon.core.main.TestCaseExecutor.accessMainPhase(TestCaseExecutor.java:299)
	at com.kms.katalon.core.main.TestCaseExecutor.execute(TestCaseExecutor.java:233)
	at com.kms.katalon.core.main.TestCaseMain.runTestCase(TestCaseMain.java:114)
	at com.kms.katalon.core.keyword.builtin.CallTestCaseKeyword$_callTestCase_closure1.doCall(CallTestCaseKeyword.groovy:59)
	at com.kms.katalon.core.keyword.builtin.CallTestCaseKeyword$_callTestCase_closure1.call(CallTestCaseKeyword.groovy)
	at com.kms.katalon.core.keyword.internal.KeywordMain.runKeyword(KeywordMain.groovy:68)
	at com.kms.katalon.core.keyword.builtin.CallTestCaseKeyword.callTestCase(CallTestCaseKeyword.groovy:81)
	at com.kms.katalon.core.keyword.builtin.CallTestCaseKeyword.execute(CallTestCaseKeyword.groovy:44)
	at com.kms.katalon.core.keyword.internal.KeywordExecutor.executeKeywordForPlatform(KeywordExecutor.groovy:60)
	at com.kms.katalon.core.keyword.BuiltinKeywords.callTestCase(BuiltinKeywords.groovy:334)
	at Script1569933857280.run(Script1569933857280.groovy:74)
	... 13 more
)
	at com.kms.katalon.core.keyword.internal.KeywordMain.stepFailed(KeywordMain.groovy:39)
	at com.kms.katalon.core.webui.keyword.internal.WebUIKeywordMain.stepFailed(WebUIKeywordMain.groovy:64)
	at com.kms.katalon.core.webui.keyword.internal.WebUIKeywordMain.runKeyword(WebUIKeywordMain.groovy:26)
	at com.kms.katalon.core.webui.keyword.builtin.SelectOptionByValueKeyword.selectOptionByValue(SelectOptionByValueKeyword.groovy:99)
	at com.kms.katalon.core.webui.keyword.builtin.SelectOptionByValueKeyword.execute(SelectOptionByValueKeyword.groovy:71)
	at com.kms.katalon.core.keyword.internal.KeywordExecutor.executeKeywordForPlatform(KeywordExecutor.groovy:60)
	at com.kms.katalon.core.webui.keyword.WebUiBuiltInKeywords.selectOptionByValue(WebUiBuiltInKeywords.groovy:1138)
	at com.kms.katalon.core.webui.keyword.WebUiBuiltInKeywords$selectOptionByValue$7.call(Unknown Source)
	at Callback_Request_Settings.run(Callback_Request_Settings:109)
	at com.kms.katalon.core.main.ScriptEngine.run(ScriptEngine.java:194)
	at com.kms.katalon.core.main.ScriptEngine.runScriptAsRawText(ScriptEngine.java:119)
	at com.kms.katalon.core.main.TestCaseExecutor.runScript(TestCaseExecutor.java:337)
	at com.kms.katalon.core.main.TestCaseExecutor.doExecute(TestCaseExecutor.java:328)
	at com.kms.katalon.core.main.TestCaseExecutor.processExecutionPhase(TestCaseExecutor.java:307)
	at com.kms.katalon.core.main.TestCaseExecutor.accessMainPhase(TestCaseExecutor.java:299)
	at com.kms.katalon.core.main.TestCaseExecutor.execute(TestCaseExecutor.java:233)
	at com.kms.katalon.core.main.TestCaseMain.runTestCase(TestCaseMain.java:114)
	at com.kms.katalon.core.keyword.builtin.CallTestCaseKeyword$_callTestCase_closure1.doCall(CallTestCaseKeyword.groovy:59)
	... 20 more
Caused by: com.kms.katalon.core.exception.StepFailedException: Unable to select option by value '3: Object' of object 'Object Repository/Page_Members Area/Page_Members Area/select_Do not send_1'  using regular expression
	... 37 more
Caused by: com.kms.katalon.core.webui.exception.WebElementNotFoundException: Web element with id: 'Object Repository/Page_Members Area/Page_Members Area/select_Do not send_1' located by 'By.xpath: //*[@id = 'form-field-1' and @name = 'emailDDL' and (text() = 'Do not sendOtherCompany email address: jon.wood@checkatrade.comMr Daniel Davis: daniel.davis@edaxis.co.ukMr Testing Team: support@checkatrade.comMr Testing Team: support@checkatrade.comMr Alexander Nunn: alexander.nunn@checkatrade.comMr Alexander Nunn: alexander.nunn@checkatrade.comMr Alex McCallio: alex.mccallion@hotmail.co.ukMrs Sindhura Voona: christopher.byrom@blah.comMrs Sindhura Voona: christopher.byrom@blah.comMr Rehana Shadab: rehana.shedab@checkatrade.comMr Richard Audemars: richard.audemars@checkatrade.comMr Sian Taylor: sian.taylor@checkatrade.comMr Chantel Lineham: chantel.lineham@checkatrade.comMr Neil Hibbert: neil.hibbert@checkatrade.comMiss Eleanor Jordan: eleanor.jordan@checkatrade.comMr Ivan G-S: ivan.gutowski-smith@checkatrade.comMr Ciar Baharie: ciar.baharie@checkatrade.comMr Ryan B: ryan.butt@checkatrade.comMr Michael Eason: michael.eason@checkatrade.comMr Mike Fairman: mike.fairman@checkatrade.comMrs Becky Cheshire: becky.cheshire@checkatrade.comMr Colin Wisdom: colin.wisdom@checkatrade.comMr Simon Ip: simon.ip@checkatrade.comMr Chris Almond: chris.almond@standingongiants.comMr Mark Bagnall: mark.bagnall@checkatrade.comMr Jon Wood: jon.wood@checkatrade.comMr Linda Hardy: linda.hardy@checkatrade.comMr Dan Staples: dan.staples@checkatrade.comMr Charlotte Carter: charlotte.carter@checkatrade.comMr L P: l.p@checkatrade.comMr Ketih Reed: keith.reed@checkatrade.comMr Tom Amis: tom.amis@checkatrade.com' or . = 'Do not sendOtherCompany email address: jon.wood@checkatrade.comMr Daniel Davis: daniel.davis@edaxis.co.ukMr Testing Team: support@checkatrade.comMr Testing Team: support@checkatrade.comMr Alexander Nunn: alexander.nunn@checkatrade.comMr Alexander Nunn: alexander.nunn@checkatrade.comMr Alex McCallio: alex.mccallion@hotmail.co.ukMrs Sindhura Voona: christopher.byrom@blah.comMrs Sindhura Voona: christopher.byrom@blah.comMr Rehana Shadab: rehana.shedab@checkatrade.comMr Richard Audemars: richard.audemars@checkatrade.comMr Sian Taylor: sian.taylor@checkatrade.comMr Chantel Lineham: chantel.lineham@checkatrade.comMr Neil Hibbert: neil.hibbert@checkatrade.comMiss Eleanor Jordan: eleanor.jordan@checkatrade.comMr Ivan G-S: ivan.gutowski-smith@checkatrade.comMr Ciar Baharie: ciar.baharie@checkatrade.comMr Ryan B: ryan.butt@checkatrade.comMr Michael Eason: michael.eason@checkatrade.comMr Mike Fairman: mike.fairman@checkatrade.comMrs Becky Cheshire: becky.cheshire@checkatrade.comMr Colin Wisdom: colin.wisdom@checkatrade.comMr Simon Ip: simon.ip@checkatrade.comMr Chris Almond: chris.almond@standingongiants.comMr Mark Bagnall: mark.bagnall@checkatrade.comMr Jon Wood: jon.wood@checkatrade.comMr Linda Hardy: linda.hardy@checkatrade.comMr Dan Staples: dan.staples@checkatrade.comMr Charlotte Carter: charlotte.carter@checkatrade.comMr L P: l.p@checkatrade.comMr Ketih Reed: keith.reed@checkatrade.comMr Tom Amis: tom.amis@checkatrade.com')]' not found
	at com.kms.katalon.core.webui.common.WebUiCommonHelper.findWebElement(WebUiCommonHelper.java:1113)
	at com.kms.katalon.core.webui.keyword.internal.WebUIAbstractKeyword.findWebElement(WebUIAbstractKeyword.groovy:27)
	at com.kms.katalon.core.webui.keyword.internal.WebUIAbstractKeyword.findWebElement(WebUIAbstractKeyword.groovy:26)
	at com.kms.katalon.core.webui.keyword.builtin.SelectOptionByValueKeyword$_selectOptionByValue_closure1.doCall(SelectOptionByValueKeyword.groovy:86)
	at com.kms.katalon.core.webui.keyword.builtin.SelectOptionByValueKeyword$_selectOptionByValue_closure1.call(SelectOptionByValueKeyword.groovy)
	at com.kms.katalon.core.webui.keyword.internal.WebUIKeywordMain.runKeyword(WebUIKeywordMain.groovy:20)
	... 35 more
)
	at com.kms.katalon.core.keyword.internal.KeywordMain.stepFailed(KeywordMain.groovy:39)
	at com.kms.katalon.core.keyword.internal.KeywordMain.stepFailed(KeywordMain.groovy)
	at com.kms.katalon.core.keyword.internal.KeywordMain.runKeyword(KeywordMain.groovy:70)
	at com.kms.katalon.core.keyword.builtin.CallTestCaseKeyword.callTestCase(CallTestCaseKeyword.groovy:81)
	at com.kms.katalon.core.keyword.builtin.CallTestCaseKeyword.execute(CallTestCaseKeyword.groovy:44)
	at com.kms.katalon.core.keyword.internal.KeywordExecutor.executeKeywordForPlatform(KeywordExecutor.groovy:60)
	at com.kms.katalon.core.keyword.BuiltinKeywords.callTestCase(BuiltinKeywords.groovy:334)
	at Callback_Requests.run(Callback_Requests:74)
	at com.kms.katalon.core.main.ScriptEngine.run(ScriptEngine.java:194)
	at com.kms.katalon.core.main.ScriptEngine.runScriptAsRawText(ScriptEngine.java:119)
	at com.kms.katalon.core.main.TestCaseExecutor.runScript(TestCaseExecutor.java:337)
	at com.kms.katalon.core.main.TestCaseExecutor.doExecute(TestCaseExecutor.java:328)
	at com.kms.katalon.core.main.TestCaseExecutor.processExecutionPhase(TestCaseExecutor.java:307)
	at com.kms.katalon.core.main.TestCaseExecutor.accessMainPhase(TestCaseExecutor.java:299)
	at com.kms.katalon.core.main.TestCaseExecutor.execute(TestCaseExecutor.java:233)
	at com.kms.katalon.core.main.TestSuiteExecutor.accessTestCaseMainPhase(TestSuiteExecutor.java:169)
	at com.kms.katalon.core.main.TestSuiteExecutor.accessTestSuiteMainPhase(TestSuiteExecutor.java:142)
	at com.kms.katalon.core.main.TestSuiteExecutor.execute(TestSuiteExecutor.java:91)
	at com.kms.katalon.core.main.TestCaseMain.startTestSuite(TestCaseMain.java:157)
	at com.kms.katalon.core.main.TestCaseMain$startTestSuite$0.call(Unknown Source)
	at TempTestSuite1573128069501.run(TempTestSuite1573128069501.groovy:36)
Caused by: com.kms.katalon.core.exception.StepFailedException: Call Test Case 'Test Cases/Reusable_Test_Sequences/Members_Area/Validation/Callback_Requests_Sub/Callback_Request_Settings' failed
	at com.kms.katalon.core.keyword.builtin.CallTestCaseKeyword$_callTestCase_closure1.doCall(CallTestCaseKeyword.groovy:63)
	at com.kms.katalon.core.keyword.builtin.CallTestCaseKeyword$_callTestCase_closure1.call(CallTestCaseKeyword.groovy)
	at com.kms.katalon.core.keyword.internal.KeywordMain.runKeyword(KeywordMain.groovy:68)
	... 18 more
Caused by: com.kms.katalon.core.exception.StepFailedException: Unable to select option by value '3: Object' of object 'Object Repository/Page_Members Area/Page_Members Area/select_Do not send_1'  using regular expression (Root cause: com.kms.katalon.core.exception.StepFailedException: Unable to select option by value '3: Object' of object 'Object Repository/Page_Members Area/Page_Members Area/select_Do not send_1'  using regular expression
	at com.kms.katalon.core.webui.keyword.internal.WebUIKeywordMain.stepFailed(WebUIKeywordMain.groovy:64)
	at com.kms.katalon.core.webui.keyword.internal.WebUIKeywordMain.runKeyword(WebUIKeywordMain.groovy:26)
	at com.kms.katalon.core.webui.keyword.builtin.SelectOptionByValueKeyword.selectOptionByValue(SelectOptionByValueKeyword.groovy:99)
	at com.kms.katalon.core.webui.keyword.builtin.SelectOptionByValueKeyword.execute(SelectOptionByValueKeyword.groovy:71)
	at com.kms.katalon.core.keyword.internal.KeywordExecutor.executeKeywordForPlatform(KeywordExecutor.groovy:60)
	at com.kms.katalon.core.webui.keyword.WebUiBuiltInKeywords.selectOptionByValue(WebUiBuiltInKeywords.groovy:1138)
	at com.kms.katalon.core.webui.keyword.WebUiBuiltInKeywords$selectOptionByValue$7.call(Unknown Source)
	at Callback_Request_Settings.run(Callback_Request_Settings:109)
	at com.kms.katalon.core.main.ScriptEngine.run(ScriptEngine.java:194)
	at com.kms.katalon.core.main.ScriptEngine.runScriptAsRawText(ScriptEngine.java:119)
	at com.kms.katalon.core.main.TestCaseExecutor.runScript(TestCaseExecutor.java:337)
	at com.kms.katalon.core.main.TestCaseExecutor.doExecute(TestCaseExecutor.java:328)
	at com.kms.katalon.core.main.TestCaseExecutor.processExecutionPhase(TestCaseExecutor.java:307)
	at com.kms.katalon.core.main.TestCaseExecutor.accessMainPhase(TestCaseExecutor.java:299)
	at com.kms.katalon.core.main.TestCaseExecutor.execute(TestCaseExecutor.java:233)
	at com.kms.katalon.core.main.TestCaseMain.runTestCase(TestCaseMain.java:114)
	at com.kms.katalon.core.keyword.builtin.CallTestCaseKeyword$_callTestCase_closure1.doCall(CallTestCaseKeyword.groovy:59)
	at com.kms.katalon.core.keyword.builtin.CallTestCaseKeyword$_callTestCase_closure1.call(CallTestCaseKeyword.groovy)
	at com.kms.katalon.core.keyword.internal.KeywordMain.runKeyword(KeywordMain.groovy:68)
	at com.kms.katalon.core.keyword.builtin.CallTestCaseKeyword.callTestCase(CallTestCaseKeyword.groovy:81)
	at com.kms.katalon.core.keyword.builtin.CallTestCaseKeyword.execute(CallTestCaseKeyword.groovy:44)
	at com.kms.katalon.core.keyword.internal.KeywordExecutor.executeKeywordForPlatform(KeywordExecutor.groovy:60)
	at com.kms.katalon.core.keyword.BuiltinKeywords.callTestCase(BuiltinKeywords.groovy:334)
	at Callback_Requests.run(Callback_Requests:74)
	at com.kms.katalon.core.main.ScriptEngine.run(ScriptEngine.java:194)
	at com.kms.katalon.core.main.ScriptEngine.runScriptAsRawText(ScriptEngine.java:119)
	at com.kms.katalon.core.main.TestCaseExecutor.runScript(TestCaseExecutor.java:337)
	at com.kms.katalon.core.main.TestCaseExecutor.doExecute(TestCaseExecutor.java:328)
	at com.kms.katalon.core.main.TestCaseExecutor.processExecutionPhase(TestCaseExecutor.java:307)
	at com.kms.katalon.core.main.TestCaseExecutor.accessMainPhase(TestCaseExecutor.java:299)
	at com.kms.katalon.core.main.TestCaseExecutor.execute(TestCaseExecutor.java:233)
	at com.kms.katalon.core.main.TestSuiteExecutor.accessTestCaseMainPhase(TestSuiteExecutor.java:169)
	at com.kms.katalon.core.main.TestSuiteExecutor.accessTestSuiteMainPhase(TestSuiteExecutor.java:142)
	at com.kms.katalon.core.main.TestSuiteExecutor.execute(TestSuiteExecutor.java:91)
	at com.kms.katalon.core.main.TestCaseMain.startTestSuite(TestCaseMain.java:157)
	at com.kms.katalon.core.main.TestCaseMain$startTestSuite$0.call(Unknown Source)
	at TempTestSuite1573128069501.run(TempTestSuite1573128069501.groovy:36)
Caused by: com.kms.katalon.core.webui.exception.WebElementNotFoundException: Web element with id: 'Object Repository/Page_Members Area/Page_Members Area/select_Do not send_1' located by 'By.xpath: //*[@id = 'form-field-1' and @name = 'emailDDL' and (text() = 'Do not sendOtherCompany email address: jon.wood@checkatrade.comMr Daniel Davis: daniel.davis@edaxis.co.ukMr Testing Team: support@checkatrade.comMr Testing Team: support@checkatrade.comMr Alexander Nunn: alexander.nunn@checkatrade.comMr Alexander Nunn: alexander.nunn@checkatrade.comMr Alex McCallio: alex.mccallion@hotmail.co.ukMrs Sindhura Voona: christopher.byrom@blah.comMrs Sindhura Voona: christopher.byrom@blah.comMr Rehana Shadab: rehana.shedab@checkatrade.comMr Richard Audemars: richard.audemars@checkatrade.comMr Sian Taylor: sian.taylor@checkatrade.comMr Chantel Lineham: chantel.lineham@checkatrade.comMr Neil Hibbert: neil.hibbert@checkatrade.comMiss Eleanor Jordan: eleanor.jordan@checkatrade.comMr Ivan G-S: ivan.gutowski-smith@checkatrade.comMr Ciar Baharie: ciar.baharie@checkatrade.comMr Ryan B: ryan.butt@checkatrade.comMr Michael Eason: michael.eason@checkatrade.comMr Mike Fairman: mike.fairman@checkatrade.comMrs Becky Cheshire: becky.cheshire@checkatrade.comMr Colin Wisdom: colin.wisdom@checkatrade.comMr Simon Ip: simon.ip@checkatrade.comMr Chris Almond: chris.almond@standingongiants.comMr Mark Bagnall: mark.bagnall@checkatrade.comMr Jon Wood: jon.wood@checkatrade.comMr Linda Hardy: linda.hardy@checkatrade.comMr Dan Staples: dan.staples@checkatrade.comMr Charlotte Carter: charlotte.carter@checkatrade.comMr L P: l.p@checkatrade.comMr Ketih Reed: keith.reed@checkatrade.comMr Tom Amis: tom.amis@checkatrade.com' or . = 'Do not sendOtherCompany email address: jon.wood@checkatrade.comMr Daniel Davis: daniel.davis@edaxis.co.ukMr Testing Team: support@checkatrade.comMr Testing Team: support@checkatrade.comMr Alexander Nunn: alexander.nunn@checkatrade.comMr Alexander Nunn: alexander.nunn@checkatrade.comMr Alex McCallio: alex.mccallion@hotmail.co.ukMrs Sindhura Voona: christopher.byrom@blah.comMrs Sindhura Voona: christopher.byrom@blah.comMr Rehana Shadab: rehana.shedab@checkatrade.comMr Richard Audemars: richard.audemars@checkatrade.comMr Sian Taylor: sian.taylor@checkatrade.comMr Chantel Lineham: chantel.lineham@checkatrade.comMr Neil Hibbert: neil.hibbert@checkatrade.comMiss Eleanor Jordan: eleanor.jordan@checkatrade.comMr Ivan G-S: ivan.gutowski-smith@checkatrade.comMr Ciar Baharie: ciar.baharie@checkatrade.comMr Ryan B: ryan.butt@checkatrade.comMr Michael Eason: michael.eason@checkatrade.comMr Mike Fairman: mike.fairman@checkatrade.comMrs Becky Cheshire: becky.cheshire@checkatrade.comMr Colin Wisdom: colin.wisdom@checkatrade.comMr Simon Ip: simon.ip@checkatrade.comMr Chris Almond: chris.almond@standingongiants.comMr Mark Bagnall: mark.bagnall@checkatrade.comMr Jon Wood: jon.wood@checkatrade.comMr Linda Hardy: linda.hardy@checkatrade.comMr Dan Staples: dan.staples@checkatrade.comMr Charlotte Carter: charlotte.carter@checkatrade.comMr L P: l.p@checkatrade.comMr Ketih Reed: keith.reed@checkatrade.comMr Tom Amis: tom.amis@checkatrade.com')]' not found
	at com.kms.katalon.core.webui.common.WebUiCommonHelper.findWebElement(WebUiCommonHelper.java:1113)
	at com.kms.katalon.core.webui.keyword.internal.WebUIAbstractKeyword.findWebElement(WebUIAbstractKeyword.groovy:27)
	at com.kms.katalon.core.webui.keyword.internal.WebUIAbstractKeyword.findWebElement(WebUIAbstractKeyword.groovy:26)
	at com.kms.katalon.core.webui.keyword.builtin.SelectOptionByValueKeyword$_selectOptionByValue_closure1.doCall(SelectOptionByValueKeyword.groovy:86)
	at com.kms.katalon.core.webui.keyword.builtin.SelectOptionByValueKeyword$_selectOptionByValue_closure1.call(SelectOptionByValueKeyword.groovy)
	at com.kms.katalon.core.webui.keyword.internal.WebUIKeywordMain.runKeyword(WebUIKeywordMain.groovy:20)
	at com.kms.katalon.core.webui.keyword.builtin.SelectOptionByValueKeyword.selectOptionByValue(SelectOptionByValueKeyword.groovy:99)
	at com.kms.katalon.core.webui.keyword.builtin.SelectOptionByValueKeyword.execute(SelectOptionByValueKeyword.groovy:71)
	at com.kms.katalon.core.keyword.internal.KeywordExecutor.executeKeywordForPlatform(KeywordExecutor.groovy:60)
	at com.kms.katalon.core.webui.keyword.WebUiBuiltInKeywords.selectOptionByValue(WebUiBuiltInKeywords.groovy:1138)
	at com.kms.katalon.core.webui.keyword.WebUiBuiltInKeywords$selectOptionByValue$7.call(Unknown Source)
	at Script1570028599978.run(Script1570028599978.groovy:109)
	at com.kms.katalon.core.main.ScriptEngine.run(ScriptEngine.java:194)
	at com.kms.katalon.core.main.ScriptEngine.runScriptAsRawText(ScriptEngine.java:119)
	at com.kms.katalon.core.main.TestCaseExecutor.runScript(TestCaseExecutor.java:337)
	at com.kms.katalon.core.main.TestCaseExecutor.doExecute(TestCaseExecutor.java:328)
	at com.kms.katalon.core.main.TestCaseExecutor.processExecutionPhase(TestCaseExecutor.java:307)
	at com.kms.katalon.core.main.TestCaseExecutor.accessMainPhase(TestCaseExecutor.java:299)
	at com.kms.katalon.core.main.TestCaseExecutor.execute(TestCaseExecutor.java:233)
	at com.kms.katalon.core.main.TestCaseMain.runTestCase(TestCaseMain.java:114)
	at com.kms.katalon.core.keyword.builtin.CallTestCaseKeyword$_callTestCase_closure1.doCall(CallTestCaseKeyword.groovy:59)
	at com.kms.katalon.core.keyword.builtin.CallTestCaseKeyword$_callTestCase_closure1.call(CallTestCaseKeyword.groovy)
	at com.kms.katalon.core.keyword.internal.KeywordMain.runKeyword(KeywordMain.groovy:68)
	at com.kms.katalon.core.keyword.builtin.CallTestCaseKeyword.callTestCase(CallTestCaseKeyword.groovy:81)
	at com.kms.katalon.core.keyword.builtin.CallTestCaseKeyword.execute(CallTestCaseKeyword.groovy:44)
	at com.kms.katalon.core.keyword.internal.KeywordExecutor.executeKeywordForPlatform(KeywordExecutor.groovy:60)
	at com.kms.katalon.core.keyword.BuiltinKeywords.callTestCase(BuiltinKeywords.groovy:334)
	at Script1569933857280.run(Script1569933857280.groovy:74)
	... 13 more
)
	at com.kms.katalon.core.keyword.internal.KeywordMain.stepFailed(KeywordMain.groovy:39)
	at com.kms.katalon.core.webui.keyword.internal.WebUIKeywordMain.stepFailed(WebUIKeywordMain.groovy:64)
	at com.kms.katalon.core.webui.keyword.internal.WebUIKeywordMain.runKeyword(WebUIKeywordMain.groovy:26)
	at com.kms.katalon.core.webui.keyword.builtin.SelectOptionByValueKeyword.selectOptionByValue(SelectOptionByValueKeyword.groovy:99)
	at com.kms.katalon.core.webui.keyword.builtin.SelectOptionByValueKeyword.execute(SelectOptionByValueKeyword.groovy:71)
	at com.kms.katalon.core.keyword.internal.KeywordExecutor.executeKeywordForPlatform(KeywordExecutor.groovy:60)
	at com.kms.katalon.core.webui.keyword.WebUiBuiltInKeywords.selectOptionByValue(WebUiBuiltInKeywords.groovy:1138)
	at com.kms.katalon.core.webui.keyword.WebUiBuiltInKeywords$selectOptionByValue$7.call(Unknown Source)
	at Callback_Request_Settings.run(Callback_Request_Settings:109)
	at com.kms.katalon.core.main.ScriptEngine.run(ScriptEngine.java:194)
	at com.kms.katalon.core.main.ScriptEngine.runScriptAsRawText(ScriptEngine.java:119)
	at com.kms.katalon.core.main.TestCaseExecutor.runScript(TestCaseExecutor.java:337)
	at com.kms.katalon.core.main.TestCaseExecutor.doExecute(TestCaseExecutor.java:328)
	at com.kms.katalon.core.main.TestCaseExecutor.processExecutionPhase(TestCaseExecutor.java:307)
	at com.kms.katalon.core.main.TestCaseExecutor.accessMainPhase(TestCaseExecutor.java:299)
	at com.kms.katalon.core.main.TestCaseExecutor.execute(TestCaseExecutor.java:233)
	at com.kms.katalon.core.main.TestCaseMain.runTestCase(TestCaseMain.java:114)
	at com.kms.katalon.core.keyword.builtin.CallTestCaseKeyword$_callTestCase_closure1.doCall(CallTestCaseKeyword.groovy:59)
	... 20 more
Caused by: com.kms.katalon.core.exception.StepFailedException: Unable to select option by value '3: Object' of object 'Object Repository/Page_Members Area/Page_Members Area/select_Do not send_1'  using regular expression
	... 37 more
Caused by: com.kms.katalon.core.webui.exception.WebElementNotFoundException: Web element with id: 'Object Repository/Page_Members Area/Page_Members Area/select_Do not send_1' located by 'By.xpath: //*[@id = 'form-field-1' and @name = 'emailDDL' and (text() = 'Do not sendOtherCompany email address: jon.wood@checkatrade.comMr Daniel Davis: daniel.davis@edaxis.co.ukMr Testing Team: support@checkatrade.comMr Testing Team: support@checkatrade.comMr Alexander Nunn: alexander.nunn@checkatrade.comMr Alexander Nunn: alexander.nunn@checkatrade.comMr Alex McCallio: alex.mccallion@hotmail.co.ukMrs Sindhura Voona: christopher.byrom@blah.comMrs Sindhura Voona: christopher.byrom@blah.comMr Rehana Shadab: rehana.shedab@checkatrade.comMr Richard Audemars: richard.audemars@checkatrade.comMr Sian Taylor: sian.taylor@checkatrade.comMr Chantel Lineham: chantel.lineham@checkatrade.comMr Neil Hibbert: neil.hibbert@checkatrade.comMiss Eleanor Jordan: eleanor.jordan@checkatrade.comMr Ivan G-S: ivan.gutowski-smith@checkatrade.comMr Ciar Baharie: ciar.baharie@checkatrade.comMr Ryan B: ryan.butt@checkatrade.comMr Michael Eason: michael.eason@checkatrade.comMr Mike Fairman: mike.fairman@checkatrade.comMrs Becky Cheshire: becky.cheshire@checkatrade.comMr Colin Wisdom: colin.wisdom@checkatrade.comMr Simon Ip: simon.ip@checkatrade.comMr Chris Almond: chris.almond@standingongiants.comMr Mark Bagnall: mark.bagnall@checkatrade.comMr Jon Wood: jon.wood@checkatrade.comMr Linda Hardy: linda.hardy@checkatrade.comMr Dan Staples: dan.staples@checkatrade.comMr Charlotte Carter: charlotte.carter@checkatrade.comMr L P: l.p@checkatrade.comMr Ketih Reed: keith.reed@checkatrade.comMr Tom Amis: tom.amis@checkatrade.com' or . = 'Do not sendOtherCompany email address: jon.wood@checkatrade.comMr Daniel Davis: daniel.davis@edaxis.co.ukMr Testing Team: support@checkatrade.comMr Testing Team: support@checkatrade.comMr Alexander Nunn: alexander.nunn@checkatrade.comMr Alexander Nunn: alexander.nunn@checkatrade.comMr Alex McCallio: alex.mccallion@hotmail.co.ukMrs Sindhura Voona: christopher.byrom@blah.comMrs Sindhura Voona: christopher.byrom@blah.comMr Rehana Shadab: rehana.shedab@checkatrade.comMr Richard Audemars: richard.audemars@checkatrade.comMr Sian Taylor: sian.taylor@checkatrade.comMr Chantel Lineham: chantel.lineham@checkatrade.comMr Neil Hibbert: neil.hibbert@checkatrade.comMiss Eleanor Jordan: eleanor.jordan@checkatrade.comMr Ivan G-S: ivan.gutowski-smith@checkatrade.comMr Ciar Baharie: ciar.baharie@checkatrade.comMr Ryan B: ryan.butt@checkatrade.comMr Michael Eason: michael.eason@checkatrade.comMr Mike Fairman: mike.fairman@checkatrade.comMrs Becky Cheshire: becky.cheshire@checkatrade.comMr Colin Wisdom: colin.wisdom@checkatrade.comMr Simon Ip: simon.ip@checkatrade.comMr Chris Almond: chris.almond@standingongiants.comMr Mark Bagnall: mark.bagnall@checkatrade.comMr Jon Wood: jon.wood@checkatrade.comMr Linda Hardy: linda.hardy@checkatrade.comMr Dan Staples: dan.staples@checkatrade.comMr Charlotte Carter: charlotte.carter@checkatrade.comMr L P: l.p@checkatrade.comMr Ketih Reed: keith.reed@checkatrade.comMr Tom Amis: tom.amis@checkatrade.com')]' not found
	at com.kms.katalon.core.webui.common.WebUiCommonHelper.findWebElement(WebUiCommonHelper.java:1113)
	at com.kms.katalon.core.webui.keyword.internal.WebUIAbstractKeyword.findWebElement(WebUIAbstractKeyword.groovy:27)
	at com.kms.katalon.core.webui.keyword.internal.WebUIAbstractKeyword.findWebElement(WebUIAbstractKeyword.groovy:26)
	at com.kms.katalon.core.webui.keyword.builtin.SelectOptionByValueKeyword$_selectOptionByValue_closure1.doCall(SelectOptionByValueKeyword.groovy:86)
	at com.kms.katalon.core.webui.keyword.builtin.SelectOptionByValueKeyword$_selectOptionByValue_closure1.call(SelectOptionByValueKeyword.groovy)
	at com.kms.katalon.core.webui.keyword.internal.WebUIKeywordMain.runKeyword(WebUIKeywordMain.groovy:20)
	... 35 more]]></system-out>
      <system-err><![CDATA[2019-11-07 12:01:31 - [TEST_SUITE][FAILED] - Members_Callback: Test Cases/Members_Area/Callback_Requests FAILED.
Reason:
com.kms.katalon.core.exception.StepFailedException: Unable to call Test Case 'Test Cases/Reusable_Test_Sequences/Members_Area/Validation/Callback_Requests_Sub/Callback_Request_Settings' (Root cause: com.kms.katalon.core.exception.StepFailedException: Call Test Case 'Test Cases/Reusable_Test_Sequences/Members_Area/Validation/Callback_Requests_Sub/Callback_Request_Settings' failed
	at com.kms.katalon.core.keyword.builtin.CallTestCaseKeyword$_callTestCase_closure1.doCall(CallTestCaseKeyword.groovy:63)
	at com.kms.katalon.core.keyword.builtin.CallTestCaseKeyword$_callTestCase_closure1.call(CallTestCaseKeyword.groovy)
	at com.kms.katalon.core.keyword.internal.KeywordMain.runKeyword(KeywordMain.groovy:68)
	at com.kms.katalon.core.keyword.builtin.CallTestCaseKeyword.callTestCase(CallTestCaseKeyword.groovy:81)
	at com.kms.katalon.core.keyword.builtin.CallTestCaseKeyword.execute(CallTestCaseKeyword.groovy:44)
	at com.kms.katalon.core.keyword.internal.KeywordExecutor.executeKeywordForPlatform(KeywordExecutor.groovy:60)
	at com.kms.katalon.core.keyword.BuiltinKeywords.callTestCase(BuiltinKeywords.groovy:334)
	at Callback_Requests.run(Callback_Requests:74)
	at com.kms.katalon.core.main.ScriptEngine.run(ScriptEngine.java:194)
	at com.kms.katalon.core.main.ScriptEngine.runScriptAsRawText(ScriptEngine.java:119)
	at com.kms.katalon.core.main.TestCaseExecutor.runScript(TestCaseExecutor.java:337)
	at com.kms.katalon.core.main.TestCaseExecutor.doExecute(TestCaseExecutor.java:328)
	at com.kms.katalon.core.main.TestCaseExecutor.processExecutionPhase(TestCaseExecutor.java:307)
	at com.kms.katalon.core.main.TestCaseExecutor.accessMainPhase(TestCaseExecutor.java:299)
	at com.kms.katalon.core.main.TestCaseExecutor.execute(TestCaseExecutor.java:233)
	at com.kms.katalon.core.main.TestSuiteExecutor.accessTestCaseMainPhase(TestSuiteExecutor.java:169)
	at com.kms.katalon.core.main.TestSuiteExecutor.accessTestSuiteMainPhase(TestSuiteExecutor.java:142)
	at com.kms.katalon.core.main.TestSuiteExecutor.execute(TestSuiteExecutor.java:91)
	at com.kms.katalon.core.main.TestCaseMain.startTestSuite(TestCaseMain.java:157)
	at com.kms.katalon.core.main.TestCaseMain$startTestSuite$0.call(Unknown Source)
	at TempTestSuite1573128069501.run(TempTestSuite1573128069501.groovy:36)
Caused by: com.kms.katalon.core.exception.StepFailedException: Unable to select option by value '3: Object' of object 'Object Repository/Page_Members Area/Page_Members Area/select_Do not send_1'  using regular expression (Root cause: com.kms.katalon.core.exception.StepFailedException: Unable to select option by value '3: Object' of object 'Object Repository/Page_Members Area/Page_Members Area/select_Do not send_1'  using regular expression
	at com.kms.katalon.core.webui.keyword.internal.WebUIKeywordMain.stepFailed(WebUIKeywordMain.groovy:64)
	at com.kms.katalon.core.webui.keyword.internal.WebUIKeywordMain.runKeyword(WebUIKeywordMain.groovy:26)
	at com.kms.katalon.core.webui.keyword.builtin.SelectOptionByValueKeyword.selectOptionByValue(SelectOptionByValueKeyword.groovy:99)
	at com.kms.katalon.core.webui.keyword.builtin.SelectOptionByValueKeyword.execute(SelectOptionByValueKeyword.groovy:71)
	at com.kms.katalon.core.keyword.internal.KeywordExecutor.executeKeywordForPlatform(KeywordExecutor.groovy:60)
	at com.kms.katalon.core.webui.keyword.WebUiBuiltInKeywords.selectOptionByValue(WebUiBuiltInKeywords.groovy:1138)
	at com.kms.katalon.core.webui.keyword.WebUiBuiltInKeywords$selectOptionByValue$7.call(Unknown Source)
	at Callback_Request_Settings.run(Callback_Request_Settings:109)
	at com.kms.katalon.core.main.ScriptEngine.run(ScriptEngine.java:194)
	at com.kms.katalon.core.main.ScriptEngine.runScriptAsRawText(ScriptEngine.java:119)
	at com.kms.katalon.core.main.TestCaseExecutor.runScript(TestCaseExecutor.java:337)
	at com.kms.katalon.core.main.TestCaseExecutor.doExecute(TestCaseExecutor.java:328)
	at com.kms.katalon.core.main.TestCaseExecutor.processExecutionPhase(TestCaseExecutor.java:307)
	at com.kms.katalon.core.main.TestCaseExecutor.accessMainPhase(TestCaseExecutor.java:299)
	at com.kms.katalon.core.main.TestCaseExecutor.execute(TestCaseExecutor.java:233)
	at com.kms.katalon.core.main.TestCaseMain.runTestCase(TestCaseMain.java:114)
	at com.kms.katalon.core.keyword.builtin.CallTestCaseKeyword$_callTestCase_closure1.doCall(CallTestCaseKeyword.groovy:59)
	at com.kms.katalon.core.keyword.builtin.CallTestCaseKeyword$_callTestCase_closure1.call(CallTestCaseKeyword.groovy)
	at com.kms.katalon.core.keyword.internal.KeywordMain.runKeyword(KeywordMain.groovy:68)
	at com.kms.katalon.core.keyword.builtin.CallTestCaseKeyword.callTestCase(CallTestCaseKeyword.groovy:81)
	at com.kms.katalon.core.keyword.builtin.CallTestCaseKeyword.execute(CallTestCaseKeyword.groovy:44)
	at com.kms.katalon.core.keyword.internal.KeywordExecutor.executeKeywordForPlatform(KeywordExecutor.groovy:60)
	at com.kms.katalon.core.keyword.BuiltinKeywords.callTestCase(BuiltinKeywords.groovy:334)
	at Callback_Requests.run(Callback_Requests:74)
	at com.kms.katalon.core.main.ScriptEngine.run(ScriptEngine.java:194)
	at com.kms.katalon.core.main.ScriptEngine.runScriptAsRawText(ScriptEngine.java:119)
	at com.kms.katalon.core.main.TestCaseExecutor.runScript(TestCaseExecutor.java:337)
	at com.kms.katalon.core.main.TestCaseExecutor.doExecute(TestCaseExecutor.java:328)
	at com.kms.katalon.core.main.TestCaseExecutor.processExecutionPhase(TestCaseExecutor.java:307)
	at com.kms.katalon.core.main.TestCaseExecutor.accessMainPhase(TestCaseExecutor.java:299)
	at com.kms.katalon.core.main.TestCaseExecutor.execute(TestCaseExecutor.java:233)
	at com.kms.katalon.core.main.TestSuiteExecutor.accessTestCaseMainPhase(TestSuiteExecutor.java:169)
	at com.kms.katalon.core.main.TestSuiteExecutor.accessTestSuiteMainPhase(TestSuiteExecutor.java:142)
	at com.kms.katalon.core.main.TestSuiteExecutor.execute(TestSuiteExecutor.java:91)
	at com.kms.katalon.core.main.TestCaseMain.startTestSuite(TestCaseMain.java:157)
	at com.kms.katalon.core.main.TestCaseMain$startTestSuite$0.call(Unknown Source)
	at TempTestSuite1573128069501.run(TempTestSuite1573128069501.groovy:36)
Caused by: com.kms.katalon.core.webui.exception.WebElementNotFoundException: Web element with id: 'Object Repository/Page_Members Area/Page_Members Area/select_Do not send_1' located by 'By.xpath: //*[@id = 'form-field-1' and @name = 'emailDDL' and (text() = 'Do not sendOtherCompany email address: jon.wood@checkatrade.comMr Daniel Davis: daniel.davis@edaxis.co.ukMr Testing Team: support@checkatrade.comMr Testing Team: support@checkatrade.comMr Alexander Nunn: alexander.nunn@checkatrade.comMr Alexander Nunn: alexander.nunn@checkatrade.comMr Alex McCallio: alex.mccallion@hotmail.co.ukMrs Sindhura Voona: christopher.byrom@blah.comMrs Sindhura Voona: christopher.byrom@blah.comMr Rehana Shadab: rehana.shedab@checkatrade.comMr Richard Audemars: richard.audemars@checkatrade.comMr Sian Taylor: sian.taylor@checkatrade.comMr Chantel Lineham: chantel.lineham@checkatrade.comMr Neil Hibbert: neil.hibbert@checkatrade.comMiss Eleanor Jordan: eleanor.jordan@checkatrade.comMr Ivan G-S: ivan.gutowski-smith@checkatrade.comMr Ciar Baharie: ciar.baharie@checkatrade.comMr Ryan B: ryan.butt@checkatrade.comMr Michael Eason: michael.eason@checkatrade.comMr Mike Fairman: mike.fairman@checkatrade.comMrs Becky Cheshire: becky.cheshire@checkatrade.comMr Colin Wisdom: colin.wisdom@checkatrade.comMr Simon Ip: simon.ip@checkatrade.comMr Chris Almond: chris.almond@standingongiants.comMr Mark Bagnall: mark.bagnall@checkatrade.comMr Jon Wood: jon.wood@checkatrade.comMr Linda Hardy: linda.hardy@checkatrade.comMr Dan Staples: dan.staples@checkatrade.comMr Charlotte Carter: charlotte.carter@checkatrade.comMr L P: l.p@checkatrade.comMr Ketih Reed: keith.reed@checkatrade.comMr Tom Amis: tom.amis@checkatrade.com' or . = 'Do not sendOtherCompany email address: jon.wood@checkatrade.comMr Daniel Davis: daniel.davis@edaxis.co.ukMr Testing Team: support@checkatrade.comMr Testing Team: support@checkatrade.comMr Alexander Nunn: alexander.nunn@checkatrade.comMr Alexander Nunn: alexander.nunn@checkatrade.comMr Alex McCallio: alex.mccallion@hotmail.co.ukMrs Sindhura Voona: christopher.byrom@blah.comMrs Sindhura Voona: christopher.byrom@blah.comMr Rehana Shadab: rehana.shedab@checkatrade.comMr Richard Audemars: richard.audemars@checkatrade.comMr Sian Taylor: sian.taylor@checkatrade.comMr Chantel Lineham: chantel.lineham@checkatrade.comMr Neil Hibbert: neil.hibbert@checkatrade.comMiss Eleanor Jordan: eleanor.jordan@checkatrade.comMr Ivan G-S: ivan.gutowski-smith@checkatrade.comMr Ciar Baharie: ciar.baharie@checkatrade.comMr Ryan B: ryan.butt@checkatrade.comMr Michael Eason: michael.eason@checkatrade.comMr Mike Fairman: mike.fairman@checkatrade.comMrs Becky Cheshire: becky.cheshire@checkatrade.comMr Colin Wisdom: colin.wisdom@checkatrade.comMr Simon Ip: simon.ip@checkatrade.comMr Chris Almond: chris.almond@standingongiants.comMr Mark Bagnall: mark.bagnall@checkatrade.comMr Jon Wood: jon.wood@checkatrade.comMr Linda Hardy: linda.hardy@checkatrade.comMr Dan Staples: dan.staples@checkatrade.comMr Charlotte Carter: charlotte.carter@checkatrade.comMr L P: l.p@checkatrade.comMr Ketih Reed: keith.reed@checkatrade.comMr Tom Amis: tom.amis@checkatrade.com')]' not found
	at com.kms.katalon.core.webui.common.WebUiCommonHelper.findWebElement(WebUiCommonHelper.java:1113)
	at com.kms.katalon.core.webui.keyword.internal.WebUIAbstractKeyword.findWebElement(WebUIAbstractKeyword.groovy:27)
	at com.kms.katalon.core.webui.keyword.internal.WebUIAbstractKeyword.findWebElement(WebUIAbstractKeyword.groovy:26)
	at com.kms.katalon.core.webui.keyword.builtin.SelectOptionByValueKeyword$_selectOptionByValue_closure1.doCall(SelectOptionByValueKeyword.groovy:86)
	at com.kms.katalon.core.webui.keyword.builtin.SelectOptionByValueKeyword$_selectOptionByValue_closure1.call(SelectOptionByValueKeyword.groovy)
	at com.kms.katalon.core.webui.keyword.internal.WebUIKeywordMain.runKeyword(WebUIKeywordMain.groovy:20)
	at com.kms.katalon.core.webui.keyword.builtin.SelectOptionByValueKeyword.selectOptionByValue(SelectOptionByValueKeyword.groovy:99)
	at com.kms.katalon.core.webui.keyword.builtin.SelectOptionByValueKeyword.execute(SelectOptionByValueKeyword.groovy:71)
	at com.kms.katalon.core.keyword.internal.KeywordExecutor.executeKeywordForPlatform(KeywordExecutor.groovy:60)
	at com.kms.katalon.core.webui.keyword.WebUiBuiltInKeywords.selectOptionByValue(WebUiBuiltInKeywords.groovy:1138)
	at com.kms.katalon.core.webui.keyword.WebUiBuiltInKeywords$selectOptionByValue$7.call(Unknown Source)
	at Script1570028599978.run(Script1570028599978.groovy:109)
	at com.kms.katalon.core.main.ScriptEngine.run(ScriptEngine.java:194)
	at com.kms.katalon.core.main.ScriptEngine.runScriptAsRawText(ScriptEngine.java:119)
	at com.kms.katalon.core.main.TestCaseExecutor.runScript(TestCaseExecutor.java:337)
	at com.kms.katalon.core.main.TestCaseExecutor.doExecute(TestCaseExecutor.java:328)
	at com.kms.katalon.core.main.TestCaseExecutor.processExecutionPhase(TestCaseExecutor.java:307)
	at com.kms.katalon.core.main.TestCaseExecutor.accessMainPhase(TestCaseExecutor.java:299)
	at com.kms.katalon.core.main.TestCaseExecutor.execute(TestCaseExecutor.java:233)
	at com.kms.katalon.core.main.TestCaseMain.runTestCase(TestCaseMain.java:114)
	at com.kms.katalon.core.keyword.builtin.CallTestCaseKeyword$_callTestCase_closure1.doCall(CallTestCaseKeyword.groovy:59)
	at com.kms.katalon.core.keyword.builtin.CallTestCaseKeyword$_callTestCase_closure1.call(CallTestCaseKeyword.groovy)
	at com.kms.katalon.core.keyword.internal.KeywordMain.runKeyword(KeywordMain.groovy:68)
	at com.kms.katalon.core.keyword.builtin.CallTestCaseKeyword.callTestCase(CallTestCaseKeyword.groovy:81)
	at com.kms.katalon.core.keyword.builtin.CallTestCaseKeyword.execute(CallTestCaseKeyword.groovy:44)
	at com.kms.katalon.core.keyword.internal.KeywordExecutor.executeKeywordForPlatform(KeywordExecutor.groovy:60)
	at com.kms.katalon.core.keyword.BuiltinKeywords.callTestCase(BuiltinKeywords.groovy:334)
	at Script1569933857280.run(Script1569933857280.groovy:74)
	... 13 more
)
	at com.kms.katalon.core.keyword.internal.KeywordMain.stepFailed(KeywordMain.groovy:39)
	at com.kms.katalon.core.webui.keyword.internal.WebUIKeywordMain.stepFailed(WebUIKeywordMain.groovy:64)
	at com.kms.katalon.core.webui.keyword.internal.WebUIKeywordMain.runKeyword(WebUIKeywordMain.groovy:26)
	at com.kms.katalon.core.webui.keyword.builtin.SelectOptionByValueKeyword.selectOptionByValue(SelectOptionByValueKeyword.groovy:99)
	at com.kms.katalon.core.webui.keyword.builtin.SelectOptionByValueKeyword.execute(SelectOptionByValueKeyword.groovy:71)
	at com.kms.katalon.core.keyword.internal.KeywordExecutor.executeKeywordForPlatform(KeywordExecutor.groovy:60)
	at com.kms.katalon.core.webui.keyword.WebUiBuiltInKeywords.selectOptionByValue(WebUiBuiltInKeywords.groovy:1138)
	at com.kms.katalon.core.webui.keyword.WebUiBuiltInKeywords$selectOptionByValue$7.call(Unknown Source)
	at Callback_Request_Settings.run(Callback_Request_Settings:109)
	at com.kms.katalon.core.main.ScriptEngine.run(ScriptEngine.java:194)
	at com.kms.katalon.core.main.ScriptEngine.runScriptAsRawText(ScriptEngine.java:119)
	at com.kms.katalon.core.main.TestCaseExecutor.runScript(TestCaseExecutor.java:337)
	at com.kms.katalon.core.main.TestCaseExecutor.doExecute(TestCaseExecutor.java:328)
	at com.kms.katalon.core.main.TestCaseExecutor.processExecutionPhase(TestCaseExecutor.java:307)
	at com.kms.katalon.core.main.TestCaseExecutor.accessMainPhase(TestCaseExecutor.java:299)
	at com.kms.katalon.core.main.TestCaseExecutor.execute(TestCaseExecutor.java:233)
	at com.kms.katalon.core.main.TestCaseMain.runTestCase(TestCaseMain.java:114)
	at com.kms.katalon.core.keyword.builtin.CallTestCaseKeyword$_callTestCase_closure1.doCall(CallTestCaseKeyword.groovy:59)
	... 20 more
Caused by: com.kms.katalon.core.exception.StepFailedException: Unable to select option by value '3: Object' of object 'Object Repository/Page_Members Area/Page_Members Area/select_Do not send_1'  using regular expression
	... 37 more
Caused by: com.kms.katalon.core.webui.exception.WebElementNotFoundException: Web element with id: 'Object Repository/Page_Members Area/Page_Members Area/select_Do not send_1' located by 'By.xpath: //*[@id = 'form-field-1' and @name = 'emailDDL' and (text() = 'Do not sendOtherCompany email address: jon.wood@checkatrade.comMr Daniel Davis: daniel.davis@edaxis.co.ukMr Testing Team: support@checkatrade.comMr Testing Team: support@checkatrade.comMr Alexander Nunn: alexander.nunn@checkatrade.comMr Alexander Nunn: alexander.nunn@checkatrade.comMr Alex McCallio: alex.mccallion@hotmail.co.ukMrs Sindhura Voona: christopher.byrom@blah.comMrs Sindhura Voona: christopher.byrom@blah.comMr Rehana Shadab: rehana.shedab@checkatrade.comMr Richard Audemars: richard.audemars@checkatrade.comMr Sian Taylor: sian.taylor@checkatrade.comMr Chantel Lineham: chantel.lineham@checkatrade.comMr Neil Hibbert: neil.hibbert@checkatrade.comMiss Eleanor Jordan: eleanor.jordan@checkatrade.comMr Ivan G-S: ivan.gutowski-smith@checkatrade.comMr Ciar Baharie: ciar.baharie@checkatrade.comMr Ryan B: ryan.butt@checkatrade.comMr Michael Eason: michael.eason@checkatrade.comMr Mike Fairman: mike.fairman@checkatrade.comMrs Becky Cheshire: becky.cheshire@checkatrade.comMr Colin Wisdom: colin.wisdom@checkatrade.comMr Simon Ip: simon.ip@checkatrade.comMr Chris Almond: chris.almond@standingongiants.comMr Mark Bagnall: mark.bagnall@checkatrade.comMr Jon Wood: jon.wood@checkatrade.comMr Linda Hardy: linda.hardy@checkatrade.comMr Dan Staples: dan.staples@checkatrade.comMr Charlotte Carter: charlotte.carter@checkatrade.comMr L P: l.p@checkatrade.comMr Ketih Reed: keith.reed@checkatrade.comMr Tom Amis: tom.amis@checkatrade.com' or . = 'Do not sendOtherCompany email address: jon.wood@checkatrade.comMr Daniel Davis: daniel.davis@edaxis.co.ukMr Testing Team: support@checkatrade.comMr Testing Team: support@checkatrade.comMr Alexander Nunn: alexander.nunn@checkatrade.comMr Alexander Nunn: alexander.nunn@checkatrade.comMr Alex McCallio: alex.mccallion@hotmail.co.ukMrs Sindhura Voona: christopher.byrom@blah.comMrs Sindhura Voona: christopher.byrom@blah.comMr Rehana Shadab: rehana.shedab@checkatrade.comMr Richard Audemars: richard.audemars@checkatrade.comMr Sian Taylor: sian.taylor@checkatrade.comMr Chantel Lineham: chantel.lineham@checkatrade.comMr Neil Hibbert: neil.hibbert@checkatrade.comMiss Eleanor Jordan: eleanor.jordan@checkatrade.comMr Ivan G-S: ivan.gutowski-smith@checkatrade.comMr Ciar Baharie: ciar.baharie@checkatrade.comMr Ryan B: ryan.butt@checkatrade.comMr Michael Eason: michael.eason@checkatrade.comMr Mike Fairman: mike.fairman@checkatrade.comMrs Becky Cheshire: becky.cheshire@checkatrade.comMr Colin Wisdom: colin.wisdom@checkatrade.comMr Simon Ip: simon.ip@checkatrade.comMr Chris Almond: chris.almond@standingongiants.comMr Mark Bagnall: mark.bagnall@checkatrade.comMr Jon Wood: jon.wood@checkatrade.comMr Linda Hardy: linda.hardy@checkatrade.comMr Dan Staples: dan.staples@checkatrade.comMr Charlotte Carter: charlotte.carter@checkatrade.comMr L P: l.p@checkatrade.comMr Ketih Reed: keith.reed@checkatrade.comMr Tom Amis: tom.amis@checkatrade.com')]' not found
	at com.kms.katalon.core.webui.common.WebUiCommonHelper.findWebElement(WebUiCommonHelper.java:1113)
	at com.kms.katalon.core.webui.keyword.internal.WebUIAbstractKeyword.findWebElement(WebUIAbstractKeyword.groovy:27)
	at com.kms.katalon.core.webui.keyword.internal.WebUIAbstractKeyword.findWebElement(WebUIAbstractKeyword.groovy:26)
	at com.kms.katalon.core.webui.keyword.builtin.SelectOptionByValueKeyword$_selectOptionByValue_closure1.doCall(SelectOptionByValueKeyword.groovy:86)
	at com.kms.katalon.core.webui.keyword.builtin.SelectOptionByValueKeyword$_selectOptionByValue_closure1.call(SelectOptionByValueKeyword.groovy)
	at com.kms.katalon.core.webui.keyword.internal.WebUIKeywordMain.runKeyword(WebUIKeywordMain.groovy:20)
	... 35 more
)
	at com.kms.katalon.core.keyword.internal.KeywordMain.stepFailed(KeywordMain.groovy:39)
	at com.kms.katalon.core.keyword.internal.KeywordMain.stepFailed(KeywordMain.groovy)
	at com.kms.katalon.core.keyword.internal.KeywordMain.runKeyword(KeywordMain.groovy:70)
	at com.kms.katalon.core.keyword.builtin.CallTestCaseKeyword.callTestCase(CallTestCaseKeyword.groovy:81)
	at com.kms.katalon.core.keyword.builtin.CallTestCaseKeyword.execute(CallTestCaseKeyword.groovy:44)
	at com.kms.katalon.core.keyword.internal.KeywordExecutor.executeKeywordForPlatform(KeywordExecutor.groovy:60)
	at com.kms.katalon.core.keyword.BuiltinKeywords.callTestCase(BuiltinKeywords.groovy:334)
	at Callback_Requests.run(Callback_Requests:74)
	at com.kms.katalon.core.main.ScriptEngine.run(ScriptEngine.java:194)
	at com.kms.katalon.core.main.ScriptEngine.runScriptAsRawText(ScriptEngine.java:119)
	at com.kms.katalon.core.main.TestCaseExecutor.runScript(TestCaseExecutor.java:337)
	at com.kms.katalon.core.main.TestCaseExecutor.doExecute(TestCaseExecutor.java:328)
	at com.kms.katalon.core.main.TestCaseExecutor.processExecutionPhase(TestCaseExecutor.java:307)
	at com.kms.katalon.core.main.TestCaseExecutor.accessMainPhase(TestCaseExecutor.java:299)
	at com.kms.katalon.core.main.TestCaseExecutor.execute(TestCaseExecutor.java:233)
	at com.kms.katalon.core.main.TestSuiteExecutor.accessTestCaseMainPhase(TestSuiteExecutor.java:169)
	at com.kms.katalon.core.main.TestSuiteExecutor.accessTestSuiteMainPhase(TestSuiteExecutor.java:142)
	at com.kms.katalon.core.main.TestSuiteExecutor.execute(TestSuiteExecutor.java:91)
	at com.kms.katalon.core.main.TestCaseMain.startTestSuite(TestCaseMain.java:157)
	at com.kms.katalon.core.main.TestCaseMain$startTestSuite$0.call(Unknown Source)
	at TempTestSuite1573128069501.run(TempTestSuite1573128069501.groovy:36)
Caused by: com.kms.katalon.core.exception.StepFailedException: Call Test Case 'Test Cases/Reusable_Test_Sequences/Members_Area/Validation/Callback_Requests_Sub/Callback_Request_Settings' failed
	at com.kms.katalon.core.keyword.builtin.CallTestCaseKeyword$_callTestCase_closure1.doCall(CallTestCaseKeyword.groovy:63)
	at com.kms.katalon.core.keyword.builtin.CallTestCaseKeyword$_callTestCase_closure1.call(CallTestCaseKeyword.groovy)
	at com.kms.katalon.core.keyword.internal.KeywordMain.runKeyword(KeywordMain.groovy:68)
	... 18 more
Caused by: com.kms.katalon.core.exception.StepFailedException: Unable to select option by value '3: Object' of object 'Object Repository/Page_Members Area/Page_Members Area/select_Do not send_1'  using regular expression (Root cause: com.kms.katalon.core.exception.StepFailedException: Unable to select option by value '3: Object' of object 'Object Repository/Page_Members Area/Page_Members Area/select_Do not send_1'  using regular expression
	at com.kms.katalon.core.webui.keyword.internal.WebUIKeywordMain.stepFailed(WebUIKeywordMain.groovy:64)
	at com.kms.katalon.core.webui.keyword.internal.WebUIKeywordMain.runKeyword(WebUIKeywordMain.groovy:26)
	at com.kms.katalon.core.webui.keyword.builtin.SelectOptionByValueKeyword.selectOptionByValue(SelectOptionByValueKeyword.groovy:99)
	at com.kms.katalon.core.webui.keyword.builtin.SelectOptionByValueKeyword.execute(SelectOptionByValueKeyword.groovy:71)
	at com.kms.katalon.core.keyword.internal.KeywordExecutor.executeKeywordForPlatform(KeywordExecutor.groovy:60)
	at com.kms.katalon.core.webui.keyword.WebUiBuiltInKeywords.selectOptionByValue(WebUiBuiltInKeywords.groovy:1138)
	at com.kms.katalon.core.webui.keyword.WebUiBuiltInKeywords$selectOptionByValue$7.call(Unknown Source)
	at Callback_Request_Settings.run(Callback_Request_Settings:109)
	at com.kms.katalon.core.main.ScriptEngine.run(ScriptEngine.java:194)
	at com.kms.katalon.core.main.ScriptEngine.runScriptAsRawText(ScriptEngine.java:119)
	at com.kms.katalon.core.main.TestCaseExecutor.runScript(TestCaseExecutor.java:337)
	at com.kms.katalon.core.main.TestCaseExecutor.doExecute(TestCaseExecutor.java:328)
	at com.kms.katalon.core.main.TestCaseExecutor.processExecutionPhase(TestCaseExecutor.java:307)
	at com.kms.katalon.core.main.TestCaseExecutor.accessMainPhase(TestCaseExecutor.java:299)
	at com.kms.katalon.core.main.TestCaseExecutor.execute(TestCaseExecutor.java:233)
	at com.kms.katalon.core.main.TestCaseMain.runTestCase(TestCaseMain.java:114)
	at com.kms.katalon.core.keyword.builtin.CallTestCaseKeyword$_callTestCase_closure1.doCall(CallTestCaseKeyword.groovy:59)
	at com.kms.katalon.core.keyword.builtin.CallTestCaseKeyword$_callTestCase_closure1.call(CallTestCaseKeyword.groovy)
	at com.kms.katalon.core.keyword.internal.KeywordMain.runKeyword(KeywordMain.groovy:68)
	at com.kms.katalon.core.keyword.builtin.CallTestCaseKeyword.callTestCase(CallTestCaseKeyword.groovy:81)
	at com.kms.katalon.core.keyword.builtin.CallTestCaseKeyword.execute(CallTestCaseKeyword.groovy:44)
	at com.kms.katalon.core.keyword.internal.KeywordExecutor.executeKeywordForPlatform(KeywordExecutor.groovy:60)
	at com.kms.katalon.core.keyword.BuiltinKeywords.callTestCase(BuiltinKeywords.groovy:334)
	at Callback_Requests.run(Callback_Requests:74)
	at com.kms.katalon.core.main.ScriptEngine.run(ScriptEngine.java:194)
	at com.kms.katalon.core.main.ScriptEngine.runScriptAsRawText(ScriptEngine.java:119)
	at com.kms.katalon.core.main.TestCaseExecutor.runScript(TestCaseExecutor.java:337)
	at com.kms.katalon.core.main.TestCaseExecutor.doExecute(TestCaseExecutor.java:328)
	at com.kms.katalon.core.main.TestCaseExecutor.processExecutionPhase(TestCaseExecutor.java:307)
	at com.kms.katalon.core.main.TestCaseExecutor.accessMainPhase(TestCaseExecutor.java:299)
	at com.kms.katalon.core.main.TestCaseExecutor.execute(TestCaseExecutor.java:233)
	at com.kms.katalon.core.main.TestSuiteExecutor.accessTestCaseMainPhase(TestSuiteExecutor.java:169)
	at com.kms.katalon.core.main.TestSuiteExecutor.accessTestSuiteMainPhase(TestSuiteExecutor.java:142)
	at com.kms.katalon.core.main.TestSuiteExecutor.execute(TestSuiteExecutor.java:91)
	at com.kms.katalon.core.main.TestCaseMain.startTestSuite(TestCaseMain.java:157)
	at com.kms.katalon.core.main.TestCaseMain$startTestSuite$0.call(Unknown Source)
	at TempTestSuite1573128069501.run(TempTestSuite1573128069501.groovy:36)
Caused by: com.kms.katalon.core.webui.exception.WebElementNotFoundException: Web element with id: 'Object Repository/Page_Members Area/Page_Members Area/select_Do not send_1' located by 'By.xpath: //*[@id = 'form-field-1' and @name = 'emailDDL' and (text() = 'Do not sendOtherCompany email address: jon.wood@checkatrade.comMr Daniel Davis: daniel.davis@edaxis.co.ukMr Testing Team: support@checkatrade.comMr Testing Team: support@checkatrade.comMr Alexander Nunn: alexander.nunn@checkatrade.comMr Alexander Nunn: alexander.nunn@checkatrade.comMr Alex McCallio: alex.mccallion@hotmail.co.ukMrs Sindhura Voona: christopher.byrom@blah.comMrs Sindhura Voona: christopher.byrom@blah.comMr Rehana Shadab: rehana.shedab@checkatrade.comMr Richard Audemars: richard.audemars@checkatrade.comMr Sian Taylor: sian.taylor@checkatrade.comMr Chantel Lineham: chantel.lineham@checkatrade.comMr Neil Hibbert: neil.hibbert@checkatrade.comMiss Eleanor Jordan: eleanor.jordan@checkatrade.comMr Ivan G-S: ivan.gutowski-smith@checkatrade.comMr Ciar Baharie: ciar.baharie@checkatrade.comMr Ryan B: ryan.butt@checkatrade.comMr Michael Eason: michael.eason@checkatrade.comMr Mike Fairman: mike.fairman@checkatrade.comMrs Becky Cheshire: becky.cheshire@checkatrade.comMr Colin Wisdom: colin.wisdom@checkatrade.comMr Simon Ip: simon.ip@checkatrade.comMr Chris Almond: chris.almond@standingongiants.comMr Mark Bagnall: mark.bagnall@checkatrade.comMr Jon Wood: jon.wood@checkatrade.comMr Linda Hardy: linda.hardy@checkatrade.comMr Dan Staples: dan.staples@checkatrade.comMr Charlotte Carter: charlotte.carter@checkatrade.comMr L P: l.p@checkatrade.comMr Ketih Reed: keith.reed@checkatrade.comMr Tom Amis: tom.amis@checkatrade.com' or . = 'Do not sendOtherCompany email address: jon.wood@checkatrade.comMr Daniel Davis: daniel.davis@edaxis.co.ukMr Testing Team: support@checkatrade.comMr Testing Team: support@checkatrade.comMr Alexander Nunn: alexander.nunn@checkatrade.comMr Alexander Nunn: alexander.nunn@checkatrade.comMr Alex McCallio: alex.mccallion@hotmail.co.ukMrs Sindhura Voona: christopher.byrom@blah.comMrs Sindhura Voona: christopher.byrom@blah.comMr Rehana Shadab: rehana.shedab@checkatrade.comMr Richard Audemars: richard.audemars@checkatrade.comMr Sian Taylor: sian.taylor@checkatrade.comMr Chantel Lineham: chantel.lineham@checkatrade.comMr Neil Hibbert: neil.hibbert@checkatrade.comMiss Eleanor Jordan: eleanor.jordan@checkatrade.comMr Ivan G-S: ivan.gutowski-smith@checkatrade.comMr Ciar Baharie: ciar.baharie@checkatrade.comMr Ryan B: ryan.butt@checkatrade.comMr Michael Eason: michael.eason@checkatrade.comMr Mike Fairman: mike.fairman@checkatrade.comMrs Becky Cheshire: becky.cheshire@checkatrade.comMr Colin Wisdom: colin.wisdom@checkatrade.comMr Simon Ip: simon.ip@checkatrade.comMr Chris Almond: chris.almond@standingongiants.comMr Mark Bagnall: mark.bagnall@checkatrade.comMr Jon Wood: jon.wood@checkatrade.comMr Linda Hardy: linda.hardy@checkatrade.comMr Dan Staples: dan.staples@checkatrade.comMr Charlotte Carter: charlotte.carter@checkatrade.comMr L P: l.p@checkatrade.comMr Ketih Reed: keith.reed@checkatrade.comMr Tom Amis: tom.amis@checkatrade.com')]' not found
	at com.kms.katalon.core.webui.common.WebUiCommonHelper.findWebElement(WebUiCommonHelper.java:1113)
	at com.kms.katalon.core.webui.keyword.internal.WebUIAbstractKeyword.findWebElement(WebUIAbstractKeyword.groovy:27)
	at com.kms.katalon.core.webui.keyword.internal.WebUIAbstractKeyword.findWebElement(WebUIAbstractKeyword.groovy:26)
	at com.kms.katalon.core.webui.keyword.builtin.SelectOptionByValueKeyword$_selectOptionByValue_closure1.doCall(SelectOptionByValueKeyword.groovy:86)
	at com.kms.katalon.core.webui.keyword.builtin.SelectOptionByValueKeyword$_selectOptionByValue_closure1.call(SelectOptionByValueKeyword.groovy)
	at com.kms.katalon.core.webui.keyword.internal.WebUIKeywordMain.runKeyword(WebUIKeywordMain.groovy:20)
	at com.kms.katalon.core.webui.keyword.builtin.SelectOptionByValueKeyword.selectOptionByValue(SelectOptionByValueKeyword.groovy:99)
	at com.kms.katalon.core.webui.keyword.builtin.SelectOptionByValueKeyword.execute(SelectOptionByValueKeyword.groovy:71)
	at com.kms.katalon.core.keyword.internal.KeywordExecutor.executeKeywordForPlatform(KeywordExecutor.groovy:60)
	at com.kms.katalon.core.webui.keyword.WebUiBuiltInKeywords.selectOptionByValue(WebUiBuiltInKeywords.groovy:1138)
	at com.kms.katalon.core.webui.keyword.WebUiBuiltInKeywords$selectOptionByValue$7.call(Unknown Source)
	at Script1570028599978.run(Script1570028599978.groovy:109)
	at com.kms.katalon.core.main.ScriptEngine.run(ScriptEngine.java:194)
	at com.kms.katalon.core.main.ScriptEngine.runScriptAsRawText(ScriptEngine.java:119)
	at com.kms.katalon.core.main.TestCaseExecutor.runScript(TestCaseExecutor.java:337)
	at com.kms.katalon.core.main.TestCaseExecutor.doExecute(TestCaseExecutor.java:328)
	at com.kms.katalon.core.main.TestCaseExecutor.processExecutionPhase(TestCaseExecutor.java:307)
	at com.kms.katalon.core.main.TestCaseExecutor.accessMainPhase(TestCaseExecutor.java:299)
	at com.kms.katalon.core.main.TestCaseExecutor.execute(TestCaseExecutor.java:233)
	at com.kms.katalon.core.main.TestCaseMain.runTestCase(TestCaseMain.java:114)
	at com.kms.katalon.core.keyword.builtin.CallTestCaseKeyword$_callTestCase_closure1.doCall(CallTestCaseKeyword.groovy:59)
	at com.kms.katalon.core.keyword.builtin.CallTestCaseKeyword$_callTestCase_closure1.call(CallTestCaseKeyword.groovy)
	at com.kms.katalon.core.keyword.internal.KeywordMain.runKeyword(KeywordMain.groovy:68)
	at com.kms.katalon.core.keyword.builtin.CallTestCaseKeyword.callTestCase(CallTestCaseKeyword.groovy:81)
	at com.kms.katalon.core.keyword.builtin.CallTestCaseKeyword.execute(CallTestCaseKeyword.groovy:44)
	at com.kms.katalon.core.keyword.internal.KeywordExecutor.executeKeywordForPlatform(KeywordExecutor.groovy:60)
	at com.kms.katalon.core.keyword.BuiltinKeywords.callTestCase(BuiltinKeywords.groovy:334)
	at Script1569933857280.run(Script1569933857280.groovy:74)
	... 13 more
)
	at com.kms.katalon.core.keyword.internal.KeywordMain.stepFailed(KeywordMain.groovy:39)
	at com.kms.katalon.core.webui.keyword.internal.WebUIKeywordMain.stepFailed(WebUIKeywordMain.groovy:64)
	at com.kms.katalon.core.webui.keyword.internal.WebUIKeywordMain.runKeyword(WebUIKeywordMain.groovy:26)
	at com.kms.katalon.core.webui.keyword.builtin.SelectOptionByValueKeyword.selectOptionByValue(SelectOptionByValueKeyword.groovy:99)
	at com.kms.katalon.core.webui.keyword.builtin.SelectOptionByValueKeyword.execute(SelectOptionByValueKeyword.groovy:71)
	at com.kms.katalon.core.keyword.internal.KeywordExecutor.executeKeywordForPlatform(KeywordExecutor.groovy:60)
	at com.kms.katalon.core.webui.keyword.WebUiBuiltInKeywords.selectOptionByValue(WebUiBuiltInKeywords.groovy:1138)
	at com.kms.katalon.core.webui.keyword.WebUiBuiltInKeywords$selectOptionByValue$7.call(Unknown Source)
	at Callback_Request_Settings.run(Callback_Request_Settings:109)
	at com.kms.katalon.core.main.ScriptEngine.run(ScriptEngine.java:194)
	at com.kms.katalon.core.main.ScriptEngine.runScriptAsRawText(ScriptEngine.java:119)
	at com.kms.katalon.core.main.TestCaseExecutor.runScript(TestCaseExecutor.java:337)
	at com.kms.katalon.core.main.TestCaseExecutor.doExecute(TestCaseExecutor.java:328)
	at com.kms.katalon.core.main.TestCaseExecutor.processExecutionPhase(TestCaseExecutor.java:307)
	at com.kms.katalon.core.main.TestCaseExecutor.accessMainPhase(TestCaseExecutor.java:299)
	at com.kms.katalon.core.main.TestCaseExecutor.execute(TestCaseExecutor.java:233)
	at com.kms.katalon.core.main.TestCaseMain.runTestCase(TestCaseMain.java:114)
	at com.kms.katalon.core.keyword.builtin.CallTestCaseKeyword$_callTestCase_closure1.doCall(CallTestCaseKeyword.groovy:59)
	... 20 more
Caused by: com.kms.katalon.core.exception.StepFailedException: Unable to select option by value '3: Object' of object 'Object Repository/Page_Members Area/Page_Members Area/select_Do not send_1'  using regular expression
	... 37 more
Caused by: com.kms.katalon.core.webui.exception.WebElementNotFoundException: Web element with id: 'Object Repository/Page_Members Area/Page_Members Area/select_Do not send_1' located by 'By.xpath: //*[@id = 'form-field-1' and @name = 'emailDDL' and (text() = 'Do not sendOtherCompany email address: jon.wood@checkatrade.comMr Daniel Davis: daniel.davis@edaxis.co.ukMr Testing Team: support@checkatrade.comMr Testing Team: support@checkatrade.comMr Alexander Nunn: alexander.nunn@checkatrade.comMr Alexander Nunn: alexander.nunn@checkatrade.comMr Alex McCallio: alex.mccallion@hotmail.co.ukMrs Sindhura Voona: christopher.byrom@blah.comMrs Sindhura Voona: christopher.byrom@blah.comMr Rehana Shadab: rehana.shedab@checkatrade.comMr Richard Audemars: richard.audemars@checkatrade.comMr Sian Taylor: sian.taylor@checkatrade.comMr Chantel Lineham: chantel.lineham@checkatrade.comMr Neil Hibbert: neil.hibbert@checkatrade.comMiss Eleanor Jordan: eleanor.jordan@checkatrade.comMr Ivan G-S: ivan.gutowski-smith@checkatrade.comMr Ciar Baharie: ciar.baharie@checkatrade.comMr Ryan B: ryan.butt@checkatrade.comMr Michael Eason: michael.eason@checkatrade.comMr Mike Fairman: mike.fairman@checkatrade.comMrs Becky Cheshire: becky.cheshire@checkatrade.comMr Colin Wisdom: colin.wisdom@checkatrade.comMr Simon Ip: simon.ip@checkatrade.comMr Chris Almond: chris.almond@standingongiants.comMr Mark Bagnall: mark.bagnall@checkatrade.comMr Jon Wood: jon.wood@checkatrade.comMr Linda Hardy: linda.hardy@checkatrade.comMr Dan Staples: dan.staples@checkatrade.comMr Charlotte Carter: charlotte.carter@checkatrade.comMr L P: l.p@checkatrade.comMr Ketih Reed: keith.reed@checkatrade.comMr Tom Amis: tom.amis@checkatrade.com' or . = 'Do not sendOtherCompany email address: jon.wood@checkatrade.comMr Daniel Davis: daniel.davis@edaxis.co.ukMr Testing Team: support@checkatrade.comMr Testing Team: support@checkatrade.comMr Alexander Nunn: alexander.nunn@checkatrade.comMr Alexander Nunn: alexander.nunn@checkatrade.comMr Alex McCallio: alex.mccallion@hotmail.co.ukMrs Sindhura Voona: christopher.byrom@blah.comMrs Sindhura Voona: christopher.byrom@blah.comMr Rehana Shadab: rehana.shedab@checkatrade.comMr Richard Audemars: richard.audemars@checkatrade.comMr Sian Taylor: sian.taylor@checkatrade.comMr Chantel Lineham: chantel.lineham@checkatrade.comMr Neil Hibbert: neil.hibbert@checkatrade.comMiss Eleanor Jordan: eleanor.jordan@checkatrade.comMr Ivan G-S: ivan.gutowski-smith@checkatrade.comMr Ciar Baharie: ciar.baharie@checkatrade.comMr Ryan B: ryan.butt@checkatrade.comMr Michael Eason: michael.eason@checkatrade.comMr Mike Fairman: mike.fairman@checkatrade.comMrs Becky Cheshire: becky.cheshire@checkatrade.comMr Colin Wisdom: colin.wisdom@checkatrade.comMr Simon Ip: simon.ip@checkatrade.comMr Chris Almond: chris.almond@standingongiants.comMr Mark Bagnall: mark.bagnall@checkatrade.comMr Jon Wood: jon.wood@checkatrade.comMr Linda Hardy: linda.hardy@checkatrade.comMr Dan Staples: dan.staples@checkatrade.comMr Charlotte Carter: charlotte.carter@checkatrade.comMr L P: l.p@checkatrade.comMr Ketih Reed: keith.reed@checkatrade.comMr Tom Amis: tom.amis@checkatrade.com')]' not found
	at com.kms.katalon.core.webui.common.WebUiCommonHelper.findWebElement(WebUiCommonHelper.java:1113)
	at com.kms.katalon.core.webui.keyword.internal.WebUIAbstractKeyword.findWebElement(WebUIAbstractKeyword.groovy:27)
	at com.kms.katalon.core.webui.keyword.internal.WebUIAbstractKeyword.findWebElement(WebUIAbstractKeyword.groovy:26)
	at com.kms.katalon.core.webui.keyword.builtin.SelectOptionByValueKeyword$_selectOptionByValue_closure1.doCall(SelectOptionByValueKeyword.groovy:86)
	at com.kms.katalon.core.webui.keyword.builtin.SelectOptionByValueKeyword$_selectOptionByValue_closure1.call(SelectOptionByValueKeyword.groovy)
	at com.kms.katalon.core.webui.keyword.internal.WebUIKeywordMain.runKeyword(WebUIKeywordMain.groovy:20)
	... 35 more]]></system-err>
   </testsuite>
</testsuites>
