<?xml version="1.0" encoding="UTF-8"?>
<testsuites name="Members_Useful_Documents" time="47.257" tests="1" failures="0" errors="0">
   <testsuite name="Members_Useful_Documents" tests="1" failures="0" errors="0" time="47.257" timestamp="2019-12-11 14:16:11" hostname="DavidHo - VETTEDSP36RF.check.local" id="Test Suites/Members_Useful_Documents">
      <properties>
         <property name="deviceName" value=""/>
         <property name="devicePlatform" value=""/>
         <property name="logFolder" value="C:\\Users\\davidho\\Katalon Studio\\Start\\Reports\\20191211_140709\\Members_Useful_Documents\\20191211_140724"/>
         <property name="logFiles" value="C:\\Users\\davidho\\Katalon Studio\\Start\\Reports\\20191211_140709\\Members_Useful_Documents\\20191211_140724\\execution0.log"/>
         <property name="attachments" value=""/>
         <property name="hostName" value="DavidHo - VETTEDSP36RF.check.local"/>
         <property name="os" value="Windows 10 32bit"/>
         <property name="katalonVersion" value="7.1.2.1"/>
         <property name="browser" value="Firefox 70.0"/>
         <property name="hostAddress" value="10.0.11.243"/>
         <property name="sessionId" value="f536fa9c-01e2-4c6b-bf8a-f50eddab2ee3"/>
         <property name="seleniumVersion" value="3.141.59"/>
         <property name="proxyInformation" value="ProxyInformation{proxyOption=NO_PROXY, proxyServerType=HTTP, password=, proxyServerAddress=, proxyServerPort=0, executionList=}"/>
         <property name="platform" value="Windows 10"/>
      </properties>
      <testcase name="Test Cases/Members_Area/Useful_Documents" time="45.114" classname="Test Cases/Members_Area/Useful_Documents" status="PASSED">
         <system-out><![CDATA[2019-12-11 14:16:11 - [TEST_CASE][PASSED] - Test Cases/Members_Area/Useful_Documents: Test Cases/Members_Area/Useful_Documents

2019-12-11 14:16:11 - [TEST_STEP][PASSED] - PAGE = "useful-documents": null

2019-12-11 14:16:12 - [TEST_STEP][PASSED] - for ([row = 1, row <= findTestData("Members_Test_Data").getRowNumbers(), (internal.GlobalVariable.row++)]): Call Test Case 'Test Cases/Reusable_Test_Sequences/Members_Area/Banner_Menu/log_Off' successfully

2019-12-11 14:16:13 - [TEST_STEP][PASSED] - callTestCase(findTestCase("Reusable_Test_Sequences/Members_Area/Start_Up"), [:], OPTIONAL): Call Test Case 'Test Cases/Reusable_Test_Sequences/Members_Area/Start_Up' successfully

2019-12-11 14:16:13 - [TEST_CASE][PASSED] - Test Cases/Reusable_Test_Sequences/Members_Area/Start_Up: Test Cases/Reusable_Test_Sequences/Members_Area/Start_Up

2019-12-11 14:16:13 - [TEST_STEP][PASSED] - "----------------------------------------------------": null

2019-12-11 14:16:13 - [TEST_STEP][PASSED] - FUNCTION_AREA = "Members_Area": null

2019-12-11 14:16:13 - [TEST_STEP][PASSED] - "Do Some Magic with URL(s) See the comments within URL Handler ": null

2019-12-11 14:16:13 - [TEST_STEP][PASSED] - "URL - Set from the ENVIRONMENT PROFILE - Specific Page Address Provided By +GlobalVariable.MembersURL  ": null

2019-12-11 14:16:13 - [TEST_STEP][PASSED] - openBrowser(MembersURL): Browser is opened with url: 'https://preview-ma.checkatrade.com/'

2019-12-11 14:16:14 - [MESSAGE][INFO] - Starting 'Firefox' driver

2019-12-11 14:16:14 - [MESSAGE][INFO] - Action delay is set to 0 seconds

2019-12-11 14:16:39 - [MESSAGE][PASSED] - Browser is opened with url: 'https://preview-ma.checkatrade.com/'

2019-12-11 14:16:39 - [TEST_STEP][PASSED] - waitForPageLoad(60): Wait for page load successfully

2019-12-11 14:16:39 - [MESSAGE][PASSED] - Wait for page load successfully

2019-12-11 14:16:39 - [TEST_STEP][PASSED] - maximizeWindow(): Current window maximized

2019-12-11 14:16:39 - [MESSAGE][PASSED] - Current window maximized

2019-12-11 14:16:39 - [TEST_STEP][PASSED] - verifyTextPresent("EXCLUSIVE ACCESS FOR CHECKATRADE MEMBERS ONLY", false): Text 'EXCLUSIVE ACCESS FOR CHECKATRADE MEMBERS ONLY' is present on page 

2019-12-11 14:16:40 - [MESSAGE][PASSED] - Text 'EXCLUSIVE ACCESS FOR CHECKATRADE MEMBERS ONLY' is present on page 

2019-12-11 14:16:40 - [TEST_STEP][PASSED] - verifyTextPresent("Forgotten password?", false): Text 'Forgotten password?' is present on page 

2019-12-11 14:16:40 - [MESSAGE][PASSED] - Text 'Forgotten password?' is present on page 

2019-12-11 14:16:40 - [TEST_STEP][PASSED] - verifyTextPresent("Forgotten username?", false): Text 'Forgotten username?' is present on page 

2019-12-11 14:16:40 - [MESSAGE][PASSED] - Text 'Forgotten username?' is present on page 

2019-12-11 14:16:40 - [TEST_STEP][PASSED] - verifyTextPresent("Trouble logging in? No username and password? Contact Checkatrade Member Services by", false): Text 'Trouble logging in? No username and password? Contact Checkatrade Member Services by' is present on page 

2019-12-11 14:16:40 - [MESSAGE][PASSED] - Text 'Trouble logging in? No username and password? Contact Checkatrade Member Services by' is present on page 

2019-12-11 14:16:40 - [TEST_STEP][PASSED] - verifyTextPresent("memberservices@checkatrade.com", false): Text 'memberservices@checkatrade.com' is present on page 

2019-12-11 14:16:40 - [MESSAGE][PASSED] - Text 'memberservices@checkatrade.com' is present on page 

2019-12-11 14:16:40 - [MESSAGE][PASSED] - Call Test Case 'Test Cases/Reusable_Test_Sequences/Members_Area/Start_Up' successfully

2019-12-11 14:16:40 - [TEST_STEP][PASSED] - callTestCase(findTestCase("Reusable_Test_Sequences/Members_Area/log_On"), [:], OPTIONAL): Call Test Case 'Test Cases/Reusable_Test_Sequences/Members_Area/log_On' successfully

2019-12-11 14:16:40 - [TEST_CASE][PASSED] - Test Cases/Reusable_Test_Sequences/Members_Area/log_On: Test Cases/Reusable_Test_Sequences/Members_Area/log_On

2019-12-11 14:16:40 - [TEST_STEP][PASSED] - waitForElementPresent(findTestObject("Object Repository/Members/Page_Members Area/button_Log in"), 10): Object 'Object Repository/Members/Page_Members Area/button_Log in' is present

2019-12-11 14:16:40 - [MESSAGE][PASSED] - Object 'Object Repository/Members/Page_Members Area/button_Log in' is present

2019-12-11 14:16:40 - [TEST_STEP][PASSED] - click(findTestObject("Object Repository/Members/Page_Members Area/input_Username_username")): Object: 'Object Repository/Members/Page_Members Area/input_Username_username' is clicked on

2019-12-11 14:16:41 - [MESSAGE][PASSED] - Object: 'Object Repository/Members/Page_Members Area/input_Username_username' is clicked on

2019-12-11 14:16:41 - [TEST_STEP][PASSED] - setText(findTestObject("Object Repository/Members/Page_Members Area/input_Username_username"), Username): Text 'check1234' is set on object 'Object Repository/Members/Page_Members Area/input_Username_username'

2019-12-11 14:16:41 - [MESSAGE][PASSED] - Text 'check1234' is set on object 'Object Repository/Members/Page_Members Area/input_Username_username'

2019-12-11 14:16:41 - [TEST_STEP][PASSED] - click(findTestObject("Object Repository/Members/Page_Members Area/input_Password_password")): Object: 'Object Repository/Members/Page_Members Area/input_Password_password' is clicked on

2019-12-11 14:16:41 - [MESSAGE][PASSED] - Object: 'Object Repository/Members/Page_Members Area/input_Password_password' is clicked on

2019-12-11 14:16:41 - [TEST_STEP][PASSED] - setText(findTestObject("Object Repository/Members/Page_Members Area/input_Password_password"), Password): Text 'testing123' is set on object 'Object Repository/Members/Page_Members Area/input_Password_password'

2019-12-11 14:16:41 - [MESSAGE][PASSED] - Text 'testing123' is set on object 'Object Repository/Members/Page_Members Area/input_Password_password'

2019-12-11 14:16:41 - [TEST_STEP][PASSED] - click(findTestObject("Object Repository/Members/Page_Members Area/button_Log in")): Object: 'Object Repository/Members/Page_Members Area/button_Log in' is clicked on

2019-12-11 14:16:42 - [MESSAGE][PASSED] - Object: 'Object Repository/Members/Page_Members Area/button_Log in' is clicked on

2019-12-11 14:16:42 - [TEST_STEP][PASSED] - waitForElementNotPresent(findTestObject("Object Repository/Members/Page_Members Area/button_Log in"), 25): Web element with id: 'Object Repository/Members/Page_Members Area/button_Log in' located by 'By.xpath: //button[@type = 'submit' and (text() = ' Log in ' or . = ' Log in ')]' is not present after '25' second(s)

2019-12-11 14:16:44 - [MESSAGE][PASSED] - Web element with id: 'Object Repository/Members/Page_Members Area/button_Log in' located by 'By.xpath: //button[@type = 'submit' and (text() = ' Log in ' or . = ' Log in ')]' is not present after '25' second(s)

2019-12-11 14:16:44 - [TEST_STEP][PASSED] - waitForPageLoad(60): Wait for page load successfully

2019-12-11 14:16:44 - [MESSAGE][PASSED] - Wait for page load successfully

2019-12-11 14:16:44 - [TEST_STEP][PASSED] - if ("Object Repository/Page_Members Area/Header_Attention_Text"): Call Test Case 'Test Cases/Reusable_Test_Sequences/Utils/Popout_Handler' successfully

2019-12-11 14:16:44 - [TEST_STEP][PASSED] - waitForElementPresent(findTestObject("Object Repository/Page_Members Area/Header_Attention_Text"), 60): Object 'Object Repository/Page_Members Area/Header_Attention_Text' is present

2019-12-11 14:16:45 - [MESSAGE][PASSED] - Object 'Object Repository/Page_Members Area/Header_Attention_Text' is present

2019-12-11 14:16:45 - [TEST_STEP][PASSED] - callTestCase(findTestCase("Reusable_Test_Sequences/Utils/Popout_Handler"), [:], CONTINUE_ON_FAILURE): Call Test Case 'Test Cases/Reusable_Test_Sequences/Utils/Popout_Handler' successfully

2019-12-11 14:16:45 - [TEST_CASE][PASSED] - Test Cases/Reusable_Test_Sequences/Utils/Popout_Handler: Test Cases/Reusable_Test_Sequences/Utils/Popout_Handler

2019-12-11 14:16:46 - [TEST_STEP][PASSED] - delay(2): Delayed 2 second(s)

2019-12-11 14:16:48 - [MESSAGE][PASSED] - Delayed 2 second(s)

2019-12-11 14:16:48 - [TEST_STEP][PASSED] - waitForPageLoad(60): Wait for page load successfully

2019-12-11 14:16:48 - [MESSAGE][PASSED] - Wait for page load successfully

2019-12-11 14:16:48 - [TEST_STEP][PASSED] - try:  View Our New Website POPOUT Displayed

2019-12-11 14:16:48 - [TEST_STEP][PASSED] - if ("Object Repository/Popout/go_Away"):  View Our New Website POPOUT Displayed

2019-12-11 14:16:48 - [TEST_STEP][PASSED] - click(findTestObject("Object Repository/Popout/go_Away")): Object: 'Object Repository/Popout/go_Away' is clicked on

2019-12-11 14:16:48 - [MESSAGE][PASSED] - Object: 'Object Repository/Popout/go_Away' is clicked on

2019-12-11 14:16:48 - [TEST_STEP][PASSED] - markPassed(" View Our New Website POPOUT Displayed"):  View Our New Website POPOUT Displayed

2019-12-11 14:16:48 - [MESSAGE][PASSED] -  View Our New Website POPOUT Displayed

2019-12-11 14:16:48 - [MESSAGE][PASSED] - Call Test Case 'Test Cases/Reusable_Test_Sequences/Utils/Popout_Handler' successfully

2019-12-11 14:16:48 - [MESSAGE][PASSED] - Call Test Case 'Test Cases/Reusable_Test_Sequences/Members_Area/log_On' successfully

2019-12-11 14:16:48 - [TEST_STEP][PASSED] - callTestCase(findTestCase("Reusable_Test_Sequences/Members_Area/Area_Menu/Your_Account/Useful_Documents"), [:], CONTINUE_ON_FAILURE): Call Test Case 'Test Cases/Reusable_Test_Sequences/Members_Area/Area_Menu/Your_Account/Useful_Documents' successfully

2019-12-11 14:16:48 - [TEST_CASE][PASSED] - Test Cases/Reusable_Test_Sequences/Members_Area/Area_Menu/Your_Account/Useful_Documents: Test Cases/Reusable_Test_Sequences/Members_Area/Area_Menu/Your_Account/Useful_Documents

2019-12-11 14:16:49 - [TEST_STEP][PASSED] - waitForElementPresent(findTestObject("Object Repository/Page_Members Area/div_Useful Documents"), 5): Object 'Object Repository/Page_Members Area/div_Useful Documents' is present

2019-12-11 14:16:49 - [MESSAGE][PASSED] - Object 'Object Repository/Page_Members Area/div_Useful Documents' is present

2019-12-11 14:16:49 - [TEST_STEP][PASSED] - click(findTestObject("Object Repository/Page_Members Area/div_Useful Documents")): Object: 'Object Repository/Page_Members Area/div_Useful Documents' is clicked on

2019-12-11 14:16:49 - [MESSAGE][PASSED] - Object: 'Object Repository/Page_Members Area/div_Useful Documents' is clicked on

2019-12-11 14:16:49 - [MESSAGE][PASSED] - Call Test Case 'Test Cases/Reusable_Test_Sequences/Members_Area/Area_Menu/Your_Account/Useful_Documents' successfully

2019-12-11 14:16:49 - [TEST_STEP][PASSED] - callTestCase(findTestCase("Reusable_Test_Sequences/Members_Area/Validation/Useful_Documents"), [:], CONTINUE_ON_FAILURE): Call Test Case 'Test Cases/Reusable_Test_Sequences/Members_Area/Validation/Useful_Documents' successfully

2019-12-11 14:16:49 - [TEST_CASE][PASSED] - Test Cases/Reusable_Test_Sequences/Members_Area/Validation/Useful_Documents: Test Cases/Reusable_Test_Sequences/Members_Area/Validation/Useful_Documents

2019-12-11 14:16:49 - [TEST_STEP][PASSED] - waitForElementPresent(findTestObject("Object Repository/Membership/Sync_Footer"), 25): Object 'Object Repository/Membership/Sync_Footer' is present

2019-12-11 14:16:49 - [MESSAGE][PASSED] - Object 'Object Repository/Membership/Sync_Footer' is present

2019-12-11 14:16:49 - [TEST_STEP][PASSED] - callTestCase(findTestCase("Reusable_Test_Sequences/Utils/Check_URL"), [:], CONTINUE_ON_FAILURE): Call Test Case 'Test Cases/Reusable_Test_Sequences/Utils/Check_URL' successfully

2019-12-11 14:16:49 - [TEST_CASE][PASSED] - Test Cases/Reusable_Test_Sequences/Utils/Check_URL: Test Cases/Reusable_Test_Sequences/Utils/Check_URL

2019-12-11 14:16:50 - [TEST_STEP][PASSED] - waitForPageLoad(10): Wait for page load successfully

2019-12-11 14:16:50 - [MESSAGE][PASSED] - Wait for page load successfully

2019-12-11 14:16:50 - [TEST_STEP][PASSED] - CurrentUrl = getUrl(): Current window's url is: 'https://preview-ma.checkatrade.com/useful-documents'

2019-12-11 14:16:50 - [MESSAGE][PASSED] - Current window's url is: 'https://preview-ma.checkatrade.com/useful-documents'

2019-12-11 14:16:50 - [TEST_STEP][PASSED] - step_Passed = "We have been redirected, correctly to the EXPECTED <MEMBERS> URL Page"+GlobalVariable.CurrentUrl": null

2019-12-11 14:16:50 - [TEST_STEP][PASSED] - step_Failed = "We have been redirected, incorrectly to this page "+GlobalVariable.CurrentUrl+" We should be on "+GlobalVariable.MembersURL+GlobalVariable.PAGE": null

2019-12-11 14:16:50 - [TEST_STEP][PASSED] - if (CurrentUrl == MembersURL + PAGE): We have been redirected, correctly to the EXPECTED <MEMBERS> URL Page"+GlobalVariable.CurrentUrl

2019-12-11 14:16:50 - [TEST_STEP][PASSED] - out.println(step_Passed): null

2019-12-11 14:16:50 - [TEST_STEP][PASSED] - markPassed(step_Passed): We have been redirected, correctly to the EXPECTED <MEMBERS> URL Page"+GlobalVariable.CurrentUrl

2019-12-11 14:16:50 - [MESSAGE][PASSED] - We have been redirected, correctly to the EXPECTED <MEMBERS> URL Page"+GlobalVariable.CurrentUrl

2019-12-11 14:16:50 - [MESSAGE][PASSED] - Call Test Case 'Test Cases/Reusable_Test_Sequences/Utils/Check_URL' successfully

2019-12-11 14:16:50 - [TEST_STEP][PASSED] - "---------------------------------": null

2019-12-11 14:16:50 - [TEST_STEP][PASSED] - "DEFAULT TAB - Useful Documents   ": null

2019-12-11 14:16:50 - [TEST_STEP][PASSED] - verifyTextPresent(findTestData("Members_Test_Data").getValue("MEMBER_ID", 1), false): Text '218630' is present on page 

2019-12-11 14:16:51 - [MESSAGE][PASSED] - Text '218630' is present on page 

2019-12-11 14:16:51 - [TEST_STEP][PASSED] - verifyTextPresent("MEMBER ID", false): Text 'MEMBER ID' is present on page 

2019-12-11 14:16:51 - [MESSAGE][PASSED] - Text 'MEMBER ID' is present on page 

2019-12-11 14:16:51 - [TEST_STEP][PASSED] - waitForPageLoad(25): Wait for page load successfully

2019-12-11 14:16:51 - [MESSAGE][PASSED] - Wait for page load successfully

2019-12-11 14:16:51 - [TEST_STEP][PASSED] - verifyTextPresent("Your Checkatrade Useful Documents", false): Text 'Your Checkatrade Useful Documents' is present on page 

2019-12-11 14:16:51 - [MESSAGE][PASSED] - Text 'Your Checkatrade Useful Documents' is present on page 

2019-12-11 14:16:51 - [TEST_STEP][PASSED] - verifyTextPresent("Job sign off", false): Text 'Job sign off' is present on page 

2019-12-11 14:16:51 - [MESSAGE][PASSED] - Text 'Job sign off' is present on page 

2019-12-11 14:16:51 - [TEST_STEP][PASSED] - verifyTextPresent("Indemnity Form - Non-Regulated Trades", false): Text 'Indemnity Form - Non-Regulated Trades' is present on page 

2019-12-11 14:16:51 - [MESSAGE][PASSED] - Text 'Indemnity Form - Non-Regulated Trades' is present on page 

2019-12-11 14:16:51 - [TEST_STEP][PASSED] - verifyTextPresent("Indemnity Form - Regulated Trades", false): Text 'Indemnity Form - Regulated Trades' is present on page 

2019-12-11 14:16:52 - [MESSAGE][PASSED] - Text 'Indemnity Form - Regulated Trades' is present on page 

2019-12-11 14:16:52 - [TEST_STEP][PASSED] - verifyTextPresent("Publishing & Marketing Scams", false): Text 'Publishing & Marketing Scams' is present on page 

2019-12-11 14:16:52 - [MESSAGE][PASSED] - Text 'Publishing & Marketing Scams' is present on page 

2019-12-11 14:16:52 - [TEST_STEP][PASSED] - verifyTextPresent("Below is a list of downloadable forms that may be useful for you", false): Text 'Below is a list of downloadable forms that may be useful for you' is present on page 

2019-12-11 14:16:52 - [MESSAGE][PASSED] - Text 'Below is a list of downloadable forms that may be useful for you' is present on page 

2019-12-11 14:16:52 - [TEST_STEP][PASSED] - verifyTextPresent("please click on the relevant form to preview", false): Text 'please click on the relevant form to preview' is present on page 

2019-12-11 14:16:52 - [MESSAGE][PASSED] - Text 'please click on the relevant form to preview' is present on page 

2019-12-11 14:16:52 - [TEST_STEP][PASSED] - delay(2): Delayed 2 second(s)

2019-12-11 14:16:54 - [MESSAGE][PASSED] - Delayed 2 second(s)

2019-12-11 14:16:54 - [MESSAGE][PASSED] - Call Test Case 'Test Cases/Reusable_Test_Sequences/Members_Area/Validation/Useful_Documents' successfully

2019-12-11 14:16:54 - [TEST_STEP][PASSED] - callTestCase(findTestCase("Reusable_Test_Sequences/Members_Area/Banner_Menu/log_Off"), [:], OPTIONAL): Call Test Case 'Test Cases/Reusable_Test_Sequences/Members_Area/Banner_Menu/log_Off' successfully

2019-12-11 14:16:54 - [TEST_CASE][PASSED] - Test Cases/Reusable_Test_Sequences/Members_Area/Banner_Menu/log_Off: Test Cases/Reusable_Test_Sequences/Members_Area/Banner_Menu/log_Off

2019-12-11 14:16:55 - [TEST_STEP][PASSED] - delay(1): Delayed 1 second(s)

2019-12-11 14:16:56 - [MESSAGE][PASSED] - Delayed 1 second(s)

2019-12-11 14:16:56 - [TEST_STEP][PASSED] - waitForElementClickable(findTestObject("Object Repository/Page_Members Area/a_Log off"), 60): Object 'Object Repository/Page_Members Area/a_Log off' is clickable

2019-12-11 14:16:56 - [MESSAGE][PASSED] - Object 'Object Repository/Page_Members Area/a_Log off' is clickable

2019-12-11 14:16:56 - [TEST_STEP][PASSED] - scrollToElement(findTestObject("Object Repository/Page_Members Area/a_Log off"), 2): Scroll to object 'Object Repository/Page_Members Area/a_Log off' successfully

2019-12-11 14:16:56 - [MESSAGE][PASSED] - Scroll to object 'Object Repository/Page_Members Area/a_Log off' successfully

2019-12-11 14:16:56 - [TEST_STEP][PASSED] - click(findTestObject("Object Repository/Page_Members Area/a_Log off")): Object: 'Object Repository/Page_Members Area/a_Log off' is clicked on

2019-12-11 14:16:56 - [MESSAGE][PASSED] - Object: 'Object Repository/Page_Members Area/a_Log off' is clicked on

2019-12-11 14:16:56 - [MESSAGE][PASSED] - Call Test Case 'Test Cases/Reusable_Test_Sequences/Members_Area/Banner_Menu/log_Off' successfully]]></system-out>
         <system-err><![CDATA[]]></system-err>
      </testcase>
      <system-out><![CDATA[2019-12-11 14:16:11 - [TEST_SUITE][PASSED] - Members_Useful_Documents: Test Cases/Members_Area/Useful_Documents]]></system-out>
      <system-err><![CDATA[]]></system-err>
   </testsuite>
</testsuites>
