<?xml version="1.0" encoding="UTF-8"?>
<testsuites name="Mobile_Devices" time="185.554" tests="1" failures="0" errors="0">
   <testsuite name="Mobile_Devices" tests="1" failures="0" errors="0" time="185.554" timestamp="2019-12-03 15:44:25" hostname="DavidHo - VETTEDSP36RF.check.local" id="Test Suites/Mobile_Devices">
      <properties>
         <property name="deviceName" value=""/>
         <property name="devicePlatform" value=""/>
         <property name="logFolder" value="C:\\Users\\davidho\\Katalon Studio\\Start\\Reports\\20191203_153630\\Mobile_Devices\\20191203_153644"/>
         <property name="logFiles" value="C:\\Users\\davidho\\Katalon Studio\\Start\\Reports\\20191203_153630\\Mobile_Devices\\20191203_153644\\execution0.log"/>
         <property name="attachments" value=""/>
         <property name="hostName" value="DavidHo - VETTEDSP36RF.check.local"/>
         <property name="os" value="Windows 10 32bit"/>
         <property name="katalonVersion" value="7.1.0.1"/>
         <property name="browser" value="Chrome 78.0.3904.108"/>
         <property name="hostAddress" value="10.0.11.243"/>
         <property name="sessionId" value="30a4aa1fe5774746689069cb6104cef2"/>
         <property name="seleniumVersion" value="3.141.59"/>
         <property name="proxyInformation" value="ProxyInformation{proxyOption=NO_PROXY, proxyServerType=HTTP, password=, proxyServerAddress=, proxyServerPort=0}"/>
         <property name="platform" value="Windows 10"/>
      </properties>
      <testcase name="Test Cases/Mobile_Devices/Default_Device_Dev" time="184.818" classname="Test Cases/Mobile_Devices/Default_Device_Dev" status="PASSED">
         <system-out><![CDATA[2019-12-03 15:44:25 - [TEST_CASE][PASSED] - Test Cases/Mobile_Devices/Default_Device_Dev: Test Cases/Mobile_Devices/Default_Device_Dev

2019-12-03 15:44:26 - [TEST_STEP][PASSED] - for ([row = 1, row <= findTestData("Mobile_Test_Data").getRowNumbers(), (internal.GlobalVariable.row++)]): Call Test Case 'Test Cases/Reusable_Test_Sequences/CAT_Teardown' successfully

2019-12-03 15:44:28 - [TEST_STEP][PASSED] - callTestCase(findTestCase("Reusable_Test_Sequences/CAT_Setup"), [:], OPTIONAL): Call Test Case 'Test Cases/Reusable_Test_Sequences/CAT_Setup' successfully

2019-12-03 15:44:29 - [TEST_CASE][PASSED] - Test Cases/Reusable_Test_Sequences/CAT_Setup: Test Cases/Reusable_Test_Sequences/CAT_Setup

2019-12-03 15:44:29 - [TEST_STEP][PASSED] - "URL - Set from the ENVIRONMENT PROFILE ": null

2019-12-03 15:44:29 - [TEST_STEP][PASSED] - openBrowser(URL): Browser is opened with url: 'https://www.preview.checkatrade.com/'

2019-12-03 15:44:30 - [MESSAGE][INFO] - Starting 'Chrome' driver

2019-12-03 15:44:30 - [MESSAGE][INFO] - Action delay is set to 0 seconds

2019-12-03 15:44:48 - [MESSAGE][PASSED] - Browser is opened with url: 'https://www.preview.checkatrade.com/'

2019-12-03 15:44:48 - [TEST_STEP][PASSED] - maximizeWindow(): Current window maximized

2019-12-03 15:44:52 - [MESSAGE][PASSED] - Current window maximized

2019-12-03 15:44:52 - [TEST_STEP][PASSED] - waitForPageLoad(60): Wait for page load successfully

2019-12-03 15:44:52 - [MESSAGE][PASSED] - Wait for page load successfully

2019-12-03 15:44:52 - [TEST_STEP][PASSED] - waitForElementVisible(findTestObject("Page_Checkatrade Find a tradesperson you can trust/a_Search"), 25): Object 'Object Repository/Page_Checkatrade Find a tradesperson you can trust/a_Search' is visible

2019-12-03 15:44:52 - [MESSAGE][PASSED] - Object 'Object Repository/Page_Checkatrade Find a tradesperson you can trust/a_Search' is visible

2019-12-03 15:44:52 - [TEST_STEP][PASSED] - try: null

2019-12-03 15:44:52 - [TEST_STEP][PASSED] - if (verifyElementPresent(findTestObject("Page_Checkatrade Find a tradesperson you can trust/div_close"), 1, OPTIONAL)): null

2019-12-03 15:44:52 - [MESSAGE][PASSED] - Object 'Object Repository/Page_Checkatrade Find a tradesperson you can trust/div_close' is present

2019-12-03 15:44:52 - [TEST_STEP][PASSED] - click(findTestObject("Page_Checkatrade Find a tradesperson you can trust/div_close")): Object: 'Object Repository/Page_Checkatrade Find a tradesperson you can trust/div_close' is clicked on

2019-12-03 15:44:53 - [MESSAGE][PASSED] - Object: 'Object Repository/Page_Checkatrade Find a tradesperson you can trust/div_close' is clicked on

2019-12-03 15:44:53 - [TEST_STEP][PASSED] - "---------------------------------": null

2019-12-03 15:44:53 - [TEST_STEP][PASSED] - "COOKIE POPOUT REMOVED - Confirmed": null

2019-12-03 15:44:53 - [TEST_STEP][PASSED] - delay(1): Delayed 1 second(s)

2019-12-03 15:44:54 - [MESSAGE][PASSED] - Delayed 1 second(s)

2019-12-03 15:44:54 - [TEST_STEP][PASSED] - verifyTextNotPresent("Checkatrade.com uses cookies to make sure you get the best browsing experience", false): Text 'Checkatrade.com uses cookies to make sure you get the best browsing experience' is not present on page

2019-12-03 15:44:54 - [MESSAGE][PASSED] - Text 'Checkatrade.com uses cookies to make sure you get the best browsing experience' is not present on page

2019-12-03 15:44:54 - [TEST_STEP][PASSED] - try: null

2019-12-03 15:44:54 - [TEST_STEP][PASSED] - if (verifyElementPresent(findTestObject("Page_Checkatrade Find a tradesperson you can trust/div_close_1"), 1, OPTIONAL)): null

2019-12-03 15:44:54 - [MESSAGE][PASSED] - Object 'Object Repository/Page_Checkatrade Find a tradesperson you can trust/div_close_1' is present

2019-12-03 15:44:54 - [TEST_STEP][PASSED] - click(findTestObject("Page_Checkatrade Find a tradesperson you can trust/div_close_1")): Object: 'Object Repository/Page_Checkatrade Find a tradesperson you can trust/div_close_1' is clicked on

2019-12-03 15:44:54 - [MESSAGE][PASSED] - Object: 'Object Repository/Page_Checkatrade Find a tradesperson you can trust/div_close_1' is clicked on

2019-12-03 15:44:54 - [TEST_STEP][PASSED] - "---------------------------------": null

2019-12-03 15:44:54 - [TEST_STEP][PASSED] - "PRIVACY POPOUT REMOVED - Confirmed": null

2019-12-03 15:44:54 - [TEST_STEP][PASSED] - delay(1): Delayed 1 second(s)

2019-12-03 15:44:55 - [MESSAGE][PASSED] - Delayed 1 second(s)

2019-12-03 15:44:55 - [TEST_STEP][PASSED] - verifyTextNotPresent("We have updated our Privacy Policy, please review this", false): Text 'We have updated our Privacy Policy, please review this' is not present on page

2019-12-03 15:44:55 - [MESSAGE][PASSED] - Text 'We have updated our Privacy Policy, please review this' is not present on page

2019-12-03 15:44:55 - [MESSAGE][PASSED] - Call Test Case 'Test Cases/Reusable_Test_Sequences/CAT_Setup' successfully

2019-12-03 15:44:55 - [TEST_STEP][PASSED] - " ALTERNATIVE SCREEN RESOLUTION SELECTION METHOD": null

2019-12-03 15:44:55 - [TEST_STEP][PASSED] - " ACTUAL SCREEN RESOLUTION SELECTION METHOD USED": null

2019-12-03 15:44:55 - [TEST_STEP][PASSED] - XCOORD = Integer.parseInt(findTestData("searchTestData").getValue("X_COORD", row)): null

2019-12-03 15:44:55 - [TEST_STEP][PASSED] - YCOORD = Integer.parseInt(findTestData("searchTestData").getValue("Y_COORD", row)): null

2019-12-03 15:44:55 - [TEST_STEP][PASSED] - setViewPortSize(XCOORD, YCOORD): Viewport is set to new size with width = 800 and height = 1000

2019-12-03 15:44:56 - [MESSAGE][PASSED] - Viewport is set to new size with width = 800 and height = 1000

2019-12-03 15:44:56 - [TEST_STEP][PASSED] - waitForPageLoad(60): Wait for page load successfully

2019-12-03 15:44:56 - [MESSAGE][PASSED] - Wait for page load successfully

2019-12-03 15:44:56 - [TEST_STEP][PASSED] - out.println("Set View Port Size is currently SET to X AXIS " + XCOORD + " Y AXIS " + YCOORD): null

2019-12-03 15:44:56 - [TEST_STEP][PASSED] - setText(findTestObject("Page_Checkatrade Find a tradesperson you can trust/input_Search through"), findTestData("searchTestData").getValue("tradeClassification", row)): Text 'Tree Surgeon' is set on object 'Object Repository/Page_Checkatrade Find a tradesperson you can trust/input_Search through'

2019-12-03 15:44:56 - [MESSAGE][PASSED] - Text 'Tree Surgeon' is set on object 'Object Repository/Page_Checkatrade Find a tradesperson you can trust/input_Search through'

2019-12-03 15:44:56 - [TEST_STEP][PASSED] - waitForPageLoad(60): Wait for page load successfully

2019-12-03 15:44:56 - [MESSAGE][PASSED] - Wait for page load successfully

2019-12-03 15:44:56 - [TEST_STEP][PASSED] - "Set and SEARCH SELECTED LOCATION": null

2019-12-03 15:44:56 - [TEST_STEP][PASSED] - setText(findTestObject("Object Repository/Checkatrade_Trade_Search_Page/Page_Checkatrade Find a tradesperson you can trust/input_location"), findTestData("searchTestData").getValue("tradeLocation", row)): Text 'Gosport' is set on object 'Object Repository/Checkatrade_Trade_Search_Page/Page_Checkatrade Find a tradesperson you can trust/input_location'

2019-12-03 15:44:57 - [MESSAGE][PASSED] - Text 'Gosport' is set on object 'Object Repository/Checkatrade_Trade_Search_Page/Page_Checkatrade Find a tradesperson you can trust/input_location'

2019-12-03 15:44:57 - [TEST_STEP][PASSED] - waitForPageLoad(60): Wait for page load successfully

2019-12-03 15:44:57 - [MESSAGE][PASSED] - Wait for page load successfully

2019-12-03 15:44:57 - [TEST_STEP][PASSED] - scrollToElement(findTestObject("Object Repository/Checkatrade_Trade_Search_Page/Page_Checkatrade Find a tradesperson you can trust/a_Search"), 5): Scroll to object 'Object Repository/Checkatrade_Trade_Search_Page/Page_Checkatrade Find a tradesperson you can trust/a_Search' successfully

2019-12-03 15:44:57 - [MESSAGE][PASSED] - Scroll to object 'Object Repository/Checkatrade_Trade_Search_Page/Page_Checkatrade Find a tradesperson you can trust/a_Search' successfully

2019-12-03 15:44:57 - [TEST_STEP][PASSED] - waitForPageLoad(60): Wait for page load successfully

2019-12-03 15:44:57 - [MESSAGE][PASSED] - Wait for page load successfully

2019-12-03 15:44:57 - [TEST_STEP][PASSED] - "-------------": null

2019-12-03 15:44:57 - [TEST_STEP][PASSED] - doubleClick(findTestObject("Object Repository/Checkatrade_Trade_Search_Page/Page_Checkatrade Find a tradesperson you can trust/a_Search")): Object: 'Object Repository/Checkatrade_Trade_Search_Page/Page_Checkatrade Find a tradesperson you can trust/a_Search' is double clicked on

2019-12-03 15:45:00 - [MESSAGE][PASSED] - Object: 'Object Repository/Checkatrade_Trade_Search_Page/Page_Checkatrade Find a tradesperson you can trust/a_Search' is double clicked on

2019-12-03 15:45:00 - [TEST_STEP][PASSED] - waitForPageLoad(60): Wait for page load successfully

2019-12-03 15:45:00 - [MESSAGE][PASSED] - Wait for page load successfully

2019-12-03 15:45:00 - [TEST_STEP][PASSED] - scrollToElement(findTestObject("Object Repository/Page_Returned_Concantanated_Text/h1_Concantanated_Returned_Result"), 5): Scroll to object 'Object Repository/Page_Returned_Concantanated_Text/h1_Concantanated_Returned_Result' successfully

2019-12-03 15:45:00 - [MESSAGE][PASSED] - Scroll to object 'Object Repository/Page_Returned_Concantanated_Text/h1_Concantanated_Returned_Result' successfully

2019-12-03 15:45:00 - [TEST_STEP][PASSED] - waitForElementVisible(findTestObject("Object Repository/Page_Returned_Concantanated_Text/h1_Concantanated_Returned_Result"), 5): Object 'Object Repository/Page_Returned_Concantanated_Text/h1_Concantanated_Returned_Result' is visible

2019-12-03 15:45:00 - [MESSAGE][PASSED] - Object 'Object Repository/Page_Returned_Concantanated_Text/h1_Concantanated_Returned_Result' is visible

2019-12-03 15:45:00 - [TEST_STEP][PASSED] - delay(1): Delayed 1 second(s)

2019-12-03 15:45:01 - [MESSAGE][PASSED] - Delayed 1 second(s)

2019-12-03 15:45:01 - [TEST_STEP][PASSED] - verifyTextPresent(findTestData("searchTestData").getValue("tradeLocationVerification", row), false, CONTINUE_ON_FAILURE): Text 'Crown Thinning in Gosport' is present on page 

2019-12-03 15:45:02 - [MESSAGE][PASSED] - Text 'Crown Thinning in Gosport' is present on page 

2019-12-03 15:45:02 - [TEST_STEP][PASSED] - "Expected cantantenated text is Returned": null

2019-12-03 15:45:02 - [TEST_STEP][PASSED] - "--------------------------": null

2019-12-03 15:45:02 - [TEST_STEP][PASSED] - " Teardown - CLose Browser |": null

2019-12-03 15:45:02 - [TEST_STEP][PASSED] - callTestCase(findTestCase("Reusable_Test_Sequences/CAT_Teardown"), [:], OPTIONAL): Call Test Case 'Test Cases/Reusable_Test_Sequences/CAT_Teardown' successfully

2019-12-03 15:45:02 - [TEST_CASE][PASSED] - Test Cases/Reusable_Test_Sequences/CAT_Teardown: Test Cases/Reusable_Test_Sequences/CAT_Teardown

2019-12-03 15:45:02 - [TEST_STEP][PASSED] - closeBrowser(): Browser is closed

2019-12-03 15:45:05 - [MESSAGE][PASSED] - Browser is closed

2019-12-03 15:45:05 - [MESSAGE][PASSED] - Call Test Case 'Test Cases/Reusable_Test_Sequences/CAT_Teardown' successfully

2019-12-03 15:45:05 - [TEST_STEP][PASSED] - callTestCase(findTestCase("Reusable_Test_Sequences/CAT_Setup"), [:], OPTIONAL): Call Test Case 'Test Cases/Reusable_Test_Sequences/CAT_Setup' successfully

2019-12-03 15:45:05 - [TEST_CASE][PASSED] - Test Cases/Reusable_Test_Sequences/CAT_Setup: Test Cases/Reusable_Test_Sequences/CAT_Setup

2019-12-03 15:45:05 - [TEST_STEP][PASSED] - "URL - Set from the ENVIRONMENT PROFILE ": null

2019-12-03 15:45:05 - [TEST_STEP][PASSED] - openBrowser(URL): Browser is opened with url: 'https://www.preview.checkatrade.com/'

2019-12-03 15:45:05 - [MESSAGE][INFO] - Starting 'Chrome' driver

2019-12-03 15:45:22 - [MESSAGE][PASSED] - Browser is opened with url: 'https://www.preview.checkatrade.com/'

2019-12-03 15:45:22 - [TEST_STEP][PASSED] - maximizeWindow(): Current window maximized

2019-12-03 15:45:26 - [MESSAGE][PASSED] - Current window maximized

2019-12-03 15:45:26 - [TEST_STEP][PASSED] - waitForPageLoad(60): Wait for page load successfully

2019-12-03 15:45:26 - [MESSAGE][PASSED] - Wait for page load successfully

2019-12-03 15:45:26 - [TEST_STEP][PASSED] - waitForElementVisible(findTestObject("Page_Checkatrade Find a tradesperson you can trust/a_Search"), 25): Object 'Object Repository/Page_Checkatrade Find a tradesperson you can trust/a_Search' is visible

2019-12-03 15:45:26 - [MESSAGE][PASSED] - Object 'Object Repository/Page_Checkatrade Find a tradesperson you can trust/a_Search' is visible

2019-12-03 15:45:26 - [TEST_STEP][PASSED] - try: null

2019-12-03 15:45:26 - [TEST_STEP][PASSED] - if (verifyElementPresent(findTestObject("Page_Checkatrade Find a tradesperson you can trust/div_close"), 1, OPTIONAL)): null

2019-12-03 15:45:26 - [MESSAGE][PASSED] - Object 'Object Repository/Page_Checkatrade Find a tradesperson you can trust/div_close' is present

2019-12-03 15:45:26 - [TEST_STEP][PASSED] - click(findTestObject("Page_Checkatrade Find a tradesperson you can trust/div_close")): Object: 'Object Repository/Page_Checkatrade Find a tradesperson you can trust/div_close' is clicked on

2019-12-03 15:45:27 - [MESSAGE][PASSED] - Object: 'Object Repository/Page_Checkatrade Find a tradesperson you can trust/div_close' is clicked on

2019-12-03 15:45:27 - [TEST_STEP][PASSED] - "---------------------------------": null

2019-12-03 15:45:27 - [TEST_STEP][PASSED] - "COOKIE POPOUT REMOVED - Confirmed": null

2019-12-03 15:45:27 - [TEST_STEP][PASSED] - delay(1): Delayed 1 second(s)

2019-12-03 15:45:28 - [MESSAGE][PASSED] - Delayed 1 second(s)

2019-12-03 15:45:28 - [TEST_STEP][PASSED] - verifyTextNotPresent("Checkatrade.com uses cookies to make sure you get the best browsing experience", false): Text 'Checkatrade.com uses cookies to make sure you get the best browsing experience' is not present on page

2019-12-03 15:45:28 - [MESSAGE][PASSED] - Text 'Checkatrade.com uses cookies to make sure you get the best browsing experience' is not present on page

2019-12-03 15:45:28 - [TEST_STEP][PASSED] - try: null

2019-12-03 15:45:28 - [TEST_STEP][PASSED] - if (verifyElementPresent(findTestObject("Page_Checkatrade Find a tradesperson you can trust/div_close_1"), 1, OPTIONAL)): null

2019-12-03 15:45:28 - [MESSAGE][PASSED] - Object 'Object Repository/Page_Checkatrade Find a tradesperson you can trust/div_close_1' is present

2019-12-03 15:45:28 - [TEST_STEP][PASSED] - click(findTestObject("Page_Checkatrade Find a tradesperson you can trust/div_close_1")): Object: 'Object Repository/Page_Checkatrade Find a tradesperson you can trust/div_close_1' is clicked on

2019-12-03 15:45:28 - [MESSAGE][PASSED] - Object: 'Object Repository/Page_Checkatrade Find a tradesperson you can trust/div_close_1' is clicked on

2019-12-03 15:45:28 - [TEST_STEP][PASSED] - "---------------------------------": null

2019-12-03 15:45:28 - [TEST_STEP][PASSED] - "PRIVACY POPOUT REMOVED - Confirmed": null

2019-12-03 15:45:28 - [TEST_STEP][PASSED] - delay(1): Delayed 1 second(s)

2019-12-03 15:45:29 - [MESSAGE][PASSED] - Delayed 1 second(s)

2019-12-03 15:45:29 - [TEST_STEP][PASSED] - verifyTextNotPresent("We have updated our Privacy Policy, please review this", false): Text 'We have updated our Privacy Policy, please review this' is not present on page

2019-12-03 15:45:29 - [MESSAGE][PASSED] - Text 'We have updated our Privacy Policy, please review this' is not present on page

2019-12-03 15:45:29 - [MESSAGE][PASSED] - Call Test Case 'Test Cases/Reusable_Test_Sequences/CAT_Setup' successfully

2019-12-03 15:45:29 - [TEST_STEP][PASSED] - " ALTERNATIVE SCREEN RESOLUTION SELECTION METHOD": null

2019-12-03 15:45:29 - [TEST_STEP][PASSED] - " ACTUAL SCREEN RESOLUTION SELECTION METHOD USED": null

2019-12-03 15:45:30 - [TEST_STEP][PASSED] - XCOORD = Integer.parseInt(findTestData("searchTestData").getValue("X_COORD", row)): null

2019-12-03 15:45:30 - [TEST_STEP][PASSED] - YCOORD = Integer.parseInt(findTestData("searchTestData").getValue("Y_COORD", row)): null

2019-12-03 15:45:30 - [TEST_STEP][PASSED] - setViewPortSize(XCOORD, YCOORD): Viewport is set to new size with width = 400 and height = 600

2019-12-03 15:45:30 - [MESSAGE][PASSED] - Viewport is set to new size with width = 400 and height = 600

2019-12-03 15:45:30 - [TEST_STEP][PASSED] - waitForPageLoad(60): Wait for page load successfully

2019-12-03 15:45:30 - [MESSAGE][PASSED] - Wait for page load successfully

2019-12-03 15:45:30 - [TEST_STEP][PASSED] - out.println("Set View Port Size is currently SET to X AXIS " + XCOORD + " Y AXIS " + YCOORD): null

2019-12-03 15:45:30 - [TEST_STEP][PASSED] - setText(findTestObject("Page_Checkatrade Find a tradesperson you can trust/input_Search through"), findTestData("searchTestData").getValue("tradeClassification", row)): Text 'Tree Surgeon' is set on object 'Object Repository/Page_Checkatrade Find a tradesperson you can trust/input_Search through'

2019-12-03 15:45:31 - [MESSAGE][PASSED] - Text 'Tree Surgeon' is set on object 'Object Repository/Page_Checkatrade Find a tradesperson you can trust/input_Search through'

2019-12-03 15:45:31 - [TEST_STEP][PASSED] - waitForPageLoad(60): Wait for page load successfully

2019-12-03 15:45:31 - [MESSAGE][PASSED] - Wait for page load successfully

2019-12-03 15:45:31 - [TEST_STEP][PASSED] - "Set and SEARCH SELECTED LOCATION": null

2019-12-03 15:45:31 - [TEST_STEP][PASSED] - setText(findTestObject("Object Repository/Checkatrade_Trade_Search_Page/Page_Checkatrade Find a tradesperson you can trust/input_location"), findTestData("searchTestData").getValue("tradeLocation", row)): Text 'PO12 2HE' is set on object 'Object Repository/Checkatrade_Trade_Search_Page/Page_Checkatrade Find a tradesperson you can trust/input_location'

2019-12-03 15:45:31 - [MESSAGE][PASSED] - Text 'PO12 2HE' is set on object 'Object Repository/Checkatrade_Trade_Search_Page/Page_Checkatrade Find a tradesperson you can trust/input_location'

2019-12-03 15:45:31 - [TEST_STEP][PASSED] - waitForPageLoad(60): Wait for page load successfully

2019-12-03 15:45:31 - [MESSAGE][PASSED] - Wait for page load successfully

2019-12-03 15:45:31 - [TEST_STEP][PASSED] - scrollToElement(findTestObject("Object Repository/Checkatrade_Trade_Search_Page/Page_Checkatrade Find a tradesperson you can trust/a_Search"), 5): Scroll to object 'Object Repository/Checkatrade_Trade_Search_Page/Page_Checkatrade Find a tradesperson you can trust/a_Search' successfully

2019-12-03 15:45:31 - [MESSAGE][PASSED] - Scroll to object 'Object Repository/Checkatrade_Trade_Search_Page/Page_Checkatrade Find a tradesperson you can trust/a_Search' successfully

2019-12-03 15:45:31 - [TEST_STEP][PASSED] - waitForPageLoad(60): Wait for page load successfully

2019-12-03 15:45:31 - [MESSAGE][PASSED] - Wait for page load successfully

2019-12-03 15:45:31 - [TEST_STEP][PASSED] - "-------------": null

2019-12-03 15:45:31 - [TEST_STEP][PASSED] - doubleClick(findTestObject("Object Repository/Checkatrade_Trade_Search_Page/Page_Checkatrade Find a tradesperson you can trust/a_Search")): Object: 'Object Repository/Checkatrade_Trade_Search_Page/Page_Checkatrade Find a tradesperson you can trust/a_Search' is double clicked on

2019-12-03 15:45:37 - [MESSAGE][PASSED] - Object: 'Object Repository/Checkatrade_Trade_Search_Page/Page_Checkatrade Find a tradesperson you can trust/a_Search' is double clicked on

2019-12-03 15:45:37 - [TEST_STEP][PASSED] - waitForPageLoad(60): Wait for page load successfully

2019-12-03 15:45:37 - [MESSAGE][PASSED] - Wait for page load successfully

2019-12-03 15:45:37 - [TEST_STEP][PASSED] - scrollToElement(findTestObject("Object Repository/Page_Returned_Concantanated_Text/h1_Concantanated_Returned_Result"), 5): Scroll to object 'Object Repository/Page_Returned_Concantanated_Text/h1_Concantanated_Returned_Result' successfully

2019-12-03 15:45:37 - [MESSAGE][PASSED] - Scroll to object 'Object Repository/Page_Returned_Concantanated_Text/h1_Concantanated_Returned_Result' successfully

2019-12-03 15:45:37 - [TEST_STEP][PASSED] - waitForElementVisible(findTestObject("Object Repository/Page_Returned_Concantanated_Text/h1_Concantanated_Returned_Result"), 5): Object 'Object Repository/Page_Returned_Concantanated_Text/h1_Concantanated_Returned_Result' is visible

2019-12-03 15:45:37 - [MESSAGE][PASSED] - Object 'Object Repository/Page_Returned_Concantanated_Text/h1_Concantanated_Returned_Result' is visible

2019-12-03 15:45:37 - [TEST_STEP][PASSED] - delay(1): Delayed 1 second(s)

2019-12-03 15:45:38 - [MESSAGE][PASSED] - Delayed 1 second(s)

2019-12-03 15:45:38 - [TEST_STEP][PASSED] - verifyTextPresent(findTestData("searchTestData").getValue("tradeLocationVerification", row), false, CONTINUE_ON_FAILURE): Text 'Crown Thinning in PO12 2HE' is present on page 

2019-12-03 15:45:41 - [MESSAGE][PASSED] - Text 'Crown Thinning in PO12 2HE' is present on page 

2019-12-03 15:45:41 - [TEST_STEP][PASSED] - "Expected cantantenated text is Returned": null

2019-12-03 15:45:41 - [TEST_STEP][PASSED] - "--------------------------": null

2019-12-03 15:45:41 - [TEST_STEP][PASSED] - " Teardown - CLose Browser |": null

2019-12-03 15:45:41 - [TEST_STEP][PASSED] - callTestCase(findTestCase("Reusable_Test_Sequences/CAT_Teardown"), [:], OPTIONAL): Call Test Case 'Test Cases/Reusable_Test_Sequences/CAT_Teardown' successfully

2019-12-03 15:45:41 - [TEST_CASE][PASSED] - Test Cases/Reusable_Test_Sequences/CAT_Teardown: Test Cases/Reusable_Test_Sequences/CAT_Teardown

2019-12-03 15:45:41 - [TEST_STEP][PASSED] - closeBrowser(): Browser is closed

2019-12-03 15:45:44 - [MESSAGE][PASSED] - Browser is closed

2019-12-03 15:45:44 - [MESSAGE][PASSED] - Call Test Case 'Test Cases/Reusable_Test_Sequences/CAT_Teardown' successfully

2019-12-03 15:45:44 - [TEST_STEP][PASSED] - callTestCase(findTestCase("Reusable_Test_Sequences/CAT_Setup"), [:], OPTIONAL): Call Test Case 'Test Cases/Reusable_Test_Sequences/CAT_Setup' successfully

2019-12-03 15:45:44 - [TEST_CASE][PASSED] - Test Cases/Reusable_Test_Sequences/CAT_Setup: Test Cases/Reusable_Test_Sequences/CAT_Setup

2019-12-03 15:45:44 - [TEST_STEP][PASSED] - "URL - Set from the ENVIRONMENT PROFILE ": null

2019-12-03 15:45:44 - [TEST_STEP][PASSED] - openBrowser(URL): Browser is opened with url: 'https://www.preview.checkatrade.com/'

2019-12-03 15:45:44 - [MESSAGE][INFO] - Starting 'Chrome' driver

2019-12-03 15:46:01 - [MESSAGE][PASSED] - Browser is opened with url: 'https://www.preview.checkatrade.com/'

2019-12-03 15:46:01 - [TEST_STEP][PASSED] - maximizeWindow(): Current window maximized

2019-12-03 15:46:06 - [MESSAGE][PASSED] - Current window maximized

2019-12-03 15:46:06 - [TEST_STEP][PASSED] - waitForPageLoad(60): Wait for page load successfully

2019-12-03 15:46:06 - [MESSAGE][PASSED] - Wait for page load successfully

2019-12-03 15:46:06 - [TEST_STEP][PASSED] - waitForElementVisible(findTestObject("Page_Checkatrade Find a tradesperson you can trust/a_Search"), 25): Object 'Object Repository/Page_Checkatrade Find a tradesperson you can trust/a_Search' is visible

2019-12-03 15:46:06 - [MESSAGE][PASSED] - Object 'Object Repository/Page_Checkatrade Find a tradesperson you can trust/a_Search' is visible

2019-12-03 15:46:06 - [TEST_STEP][PASSED] - try: null

2019-12-03 15:46:06 - [TEST_STEP][PASSED] - if (verifyElementPresent(findTestObject("Page_Checkatrade Find a tradesperson you can trust/div_close"), 1, OPTIONAL)): null

2019-12-03 15:46:06 - [MESSAGE][PASSED] - Object 'Object Repository/Page_Checkatrade Find a tradesperson you can trust/div_close' is present

2019-12-03 15:46:06 - [TEST_STEP][PASSED] - click(findTestObject("Page_Checkatrade Find a tradesperson you can trust/div_close")): Object: 'Object Repository/Page_Checkatrade Find a tradesperson you can trust/div_close' is clicked on

2019-12-03 15:46:07 - [MESSAGE][PASSED] - Object: 'Object Repository/Page_Checkatrade Find a tradesperson you can trust/div_close' is clicked on

2019-12-03 15:46:07 - [TEST_STEP][PASSED] - "---------------------------------": null

2019-12-03 15:46:07 - [TEST_STEP][PASSED] - "COOKIE POPOUT REMOVED - Confirmed": null

2019-12-03 15:46:07 - [TEST_STEP][PASSED] - delay(1): Delayed 1 second(s)

2019-12-03 15:46:08 - [MESSAGE][PASSED] - Delayed 1 second(s)

2019-12-03 15:46:08 - [TEST_STEP][PASSED] - verifyTextNotPresent("Checkatrade.com uses cookies to make sure you get the best browsing experience", false): Text 'Checkatrade.com uses cookies to make sure you get the best browsing experience' is not present on page

2019-12-03 15:46:08 - [MESSAGE][PASSED] - Text 'Checkatrade.com uses cookies to make sure you get the best browsing experience' is not present on page

2019-12-03 15:46:08 - [TEST_STEP][PASSED] - try: null

2019-12-03 15:46:08 - [TEST_STEP][PASSED] - if (verifyElementPresent(findTestObject("Page_Checkatrade Find a tradesperson you can trust/div_close_1"), 1, OPTIONAL)): null

2019-12-03 15:46:08 - [MESSAGE][PASSED] - Object 'Object Repository/Page_Checkatrade Find a tradesperson you can trust/div_close_1' is present

2019-12-03 15:46:08 - [TEST_STEP][PASSED] - click(findTestObject("Page_Checkatrade Find a tradesperson you can trust/div_close_1")): Object: 'Object Repository/Page_Checkatrade Find a tradesperson you can trust/div_close_1' is clicked on

2019-12-03 15:46:09 - [MESSAGE][PASSED] - Object: 'Object Repository/Page_Checkatrade Find a tradesperson you can trust/div_close_1' is clicked on

2019-12-03 15:46:09 - [TEST_STEP][PASSED] - "---------------------------------": null

2019-12-03 15:46:09 - [TEST_STEP][PASSED] - "PRIVACY POPOUT REMOVED - Confirmed": null

2019-12-03 15:46:09 - [TEST_STEP][PASSED] - delay(1): Delayed 1 second(s)

2019-12-03 15:46:10 - [MESSAGE][PASSED] - Delayed 1 second(s)

2019-12-03 15:46:10 - [TEST_STEP][PASSED] - verifyTextNotPresent("We have updated our Privacy Policy, please review this", false): Text 'We have updated our Privacy Policy, please review this' is not present on page

2019-12-03 15:46:10 - [MESSAGE][PASSED] - Text 'We have updated our Privacy Policy, please review this' is not present on page

2019-12-03 15:46:10 - [MESSAGE][PASSED] - Call Test Case 'Test Cases/Reusable_Test_Sequences/CAT_Setup' successfully

2019-12-03 15:46:10 - [TEST_STEP][PASSED] - " ALTERNATIVE SCREEN RESOLUTION SELECTION METHOD": null

2019-12-03 15:46:10 - [TEST_STEP][PASSED] - " ACTUAL SCREEN RESOLUTION SELECTION METHOD USED": null

2019-12-03 15:46:10 - [TEST_STEP][PASSED] - XCOORD = Integer.parseInt(findTestData("searchTestData").getValue("X_COORD", row)): null

2019-12-03 15:46:10 - [TEST_STEP][PASSED] - YCOORD = Integer.parseInt(findTestData("searchTestData").getValue("Y_COORD", row)): null

2019-12-03 15:46:10 - [TEST_STEP][PASSED] - setViewPortSize(XCOORD, YCOORD): Viewport is set to new size with width = 500 and height = 700

2019-12-03 15:46:11 - [MESSAGE][PASSED] - Viewport is set to new size with width = 500 and height = 700

2019-12-03 15:46:11 - [TEST_STEP][PASSED] - waitForPageLoad(60): Wait for page load successfully

2019-12-03 15:46:11 - [MESSAGE][PASSED] - Wait for page load successfully

2019-12-03 15:46:11 - [TEST_STEP][PASSED] - out.println("Set View Port Size is currently SET to X AXIS " + XCOORD + " Y AXIS " + YCOORD): null

2019-12-03 15:46:11 - [TEST_STEP][PASSED] - setText(findTestObject("Page_Checkatrade Find a tradesperson you can trust/input_Search through"), findTestData("searchTestData").getValue("tradeClassification", row)): Text 'Electrician' is set on object 'Object Repository/Page_Checkatrade Find a tradesperson you can trust/input_Search through'

2019-12-03 15:46:12 - [MESSAGE][PASSED] - Text 'Electrician' is set on object 'Object Repository/Page_Checkatrade Find a tradesperson you can trust/input_Search through'

2019-12-03 15:46:12 - [TEST_STEP][PASSED] - waitForPageLoad(60): Wait for page load successfully

2019-12-03 15:46:12 - [MESSAGE][PASSED] - Wait for page load successfully

2019-12-03 15:46:12 - [TEST_STEP][PASSED] - "Set and SEARCH SELECTED LOCATION": null

2019-12-03 15:46:12 - [TEST_STEP][PASSED] - setText(findTestObject("Object Repository/Checkatrade_Trade_Search_Page/Page_Checkatrade Find a tradesperson you can trust/input_location"), findTestData("searchTestData").getValue("tradeLocation", row)): Text 'Orkney' is set on object 'Object Repository/Checkatrade_Trade_Search_Page/Page_Checkatrade Find a tradesperson you can trust/input_location'

2019-12-03 15:46:15 - [MESSAGE][PASSED] - Text 'Orkney' is set on object 'Object Repository/Checkatrade_Trade_Search_Page/Page_Checkatrade Find a tradesperson you can trust/input_location'

2019-12-03 15:46:15 - [TEST_STEP][PASSED] - waitForPageLoad(60): Wait for page load successfully

2019-12-03 15:46:15 - [MESSAGE][PASSED] - Wait for page load successfully

2019-12-03 15:46:15 - [TEST_STEP][PASSED] - scrollToElement(findTestObject("Object Repository/Checkatrade_Trade_Search_Page/Page_Checkatrade Find a tradesperson you can trust/a_Search"), 5): Scroll to object 'Object Repository/Checkatrade_Trade_Search_Page/Page_Checkatrade Find a tradesperson you can trust/a_Search' successfully

2019-12-03 15:46:15 - [MESSAGE][PASSED] - Scroll to object 'Object Repository/Checkatrade_Trade_Search_Page/Page_Checkatrade Find a tradesperson you can trust/a_Search' successfully

2019-12-03 15:46:15 - [TEST_STEP][PASSED] - waitForPageLoad(60): Wait for page load successfully

2019-12-03 15:46:15 - [MESSAGE][PASSED] - Wait for page load successfully

2019-12-03 15:46:15 - [TEST_STEP][PASSED] - "-------------": null

2019-12-03 15:46:15 - [TEST_STEP][PASSED] - doubleClick(findTestObject("Object Repository/Checkatrade_Trade_Search_Page/Page_Checkatrade Find a tradesperson you can trust/a_Search")): Object: 'Object Repository/Checkatrade_Trade_Search_Page/Page_Checkatrade Find a tradesperson you can trust/a_Search' is double clicked on

2019-12-03 15:46:17 - [MESSAGE][PASSED] - Object: 'Object Repository/Checkatrade_Trade_Search_Page/Page_Checkatrade Find a tradesperson you can trust/a_Search' is double clicked on

2019-12-03 15:46:17 - [TEST_STEP][PASSED] - waitForPageLoad(60): Wait for page load successfully

2019-12-03 15:46:17 - [MESSAGE][PASSED] - Wait for page load successfully

2019-12-03 15:46:17 - [TEST_STEP][PASSED] - scrollToElement(findTestObject("Object Repository/Page_Returned_Concantanated_Text/h1_Concantanated_Returned_Result"), 5): Scroll to object 'Object Repository/Page_Returned_Concantanated_Text/h1_Concantanated_Returned_Result' successfully

2019-12-03 15:46:18 - [MESSAGE][PASSED] - Scroll to object 'Object Repository/Page_Returned_Concantanated_Text/h1_Concantanated_Returned_Result' successfully

2019-12-03 15:46:18 - [TEST_STEP][PASSED] - waitForElementVisible(findTestObject("Object Repository/Page_Returned_Concantanated_Text/h1_Concantanated_Returned_Result"), 5): Object 'Object Repository/Page_Returned_Concantanated_Text/h1_Concantanated_Returned_Result' is visible

2019-12-03 15:46:18 - [MESSAGE][PASSED] - Object 'Object Repository/Page_Returned_Concantanated_Text/h1_Concantanated_Returned_Result' is visible

2019-12-03 15:46:18 - [TEST_STEP][PASSED] - delay(1): Delayed 1 second(s)

2019-12-03 15:46:19 - [MESSAGE][PASSED] - Delayed 1 second(s)

2019-12-03 15:46:19 - [TEST_STEP][PASSED] - verifyTextPresent(findTestData("searchTestData").getValue("tradeLocationVerification", row), false, CONTINUE_ON_FAILURE): Text 'Electric Boiler Repairs in Orkney' is present on page 

2019-12-03 15:46:20 - [MESSAGE][PASSED] - Text 'Electric Boiler Repairs in Orkney' is present on page 

2019-12-03 15:46:20 - [TEST_STEP][PASSED] - "Expected cantantenated text is Returned": null

2019-12-03 15:46:20 - [TEST_STEP][PASSED] - "--------------------------": null

2019-12-03 15:46:20 - [TEST_STEP][PASSED] - " Teardown - CLose Browser |": null

2019-12-03 15:46:20 - [TEST_STEP][PASSED] - callTestCase(findTestCase("Reusable_Test_Sequences/CAT_Teardown"), [:], OPTIONAL): Call Test Case 'Test Cases/Reusable_Test_Sequences/CAT_Teardown' successfully

2019-12-03 15:46:20 - [TEST_CASE][PASSED] - Test Cases/Reusable_Test_Sequences/CAT_Teardown: Test Cases/Reusable_Test_Sequences/CAT_Teardown

2019-12-03 15:46:20 - [TEST_STEP][PASSED] - closeBrowser(): Browser is closed

2019-12-03 15:46:23 - [MESSAGE][PASSED] - Browser is closed

2019-12-03 15:46:23 - [MESSAGE][PASSED] - Call Test Case 'Test Cases/Reusable_Test_Sequences/CAT_Teardown' successfully

2019-12-03 15:46:23 - [TEST_STEP][PASSED] - callTestCase(findTestCase("Reusable_Test_Sequences/CAT_Setup"), [:], OPTIONAL): Call Test Case 'Test Cases/Reusable_Test_Sequences/CAT_Setup' successfully

2019-12-03 15:46:23 - [TEST_CASE][PASSED] - Test Cases/Reusable_Test_Sequences/CAT_Setup: Test Cases/Reusable_Test_Sequences/CAT_Setup

2019-12-03 15:46:23 - [TEST_STEP][PASSED] - "URL - Set from the ENVIRONMENT PROFILE ": null

2019-12-03 15:46:23 - [TEST_STEP][PASSED] - openBrowser(URL): Browser is opened with url: 'https://www.preview.checkatrade.com/'

2019-12-03 15:46:23 - [MESSAGE][INFO] - Starting 'Chrome' driver

2019-12-03 15:46:34 - [MESSAGE][PASSED] - Browser is opened with url: 'https://www.preview.checkatrade.com/'

2019-12-03 15:46:34 - [TEST_STEP][PASSED] - maximizeWindow(): Current window maximized

2019-12-03 15:46:38 - [MESSAGE][PASSED] - Current window maximized

2019-12-03 15:46:38 - [TEST_STEP][PASSED] - waitForPageLoad(60): Wait for page load successfully

2019-12-03 15:46:38 - [MESSAGE][PASSED] - Wait for page load successfully

2019-12-03 15:46:38 - [TEST_STEP][PASSED] - waitForElementVisible(findTestObject("Page_Checkatrade Find a tradesperson you can trust/a_Search"), 25): Object 'Object Repository/Page_Checkatrade Find a tradesperson you can trust/a_Search' is visible

2019-12-03 15:46:38 - [MESSAGE][PASSED] - Object 'Object Repository/Page_Checkatrade Find a tradesperson you can trust/a_Search' is visible

2019-12-03 15:46:38 - [TEST_STEP][PASSED] - try: null

2019-12-03 15:46:38 - [TEST_STEP][PASSED] - if (verifyElementPresent(findTestObject("Page_Checkatrade Find a tradesperson you can trust/div_close"), 1, OPTIONAL)): null

2019-12-03 15:46:39 - [MESSAGE][PASSED] - Object 'Object Repository/Page_Checkatrade Find a tradesperson you can trust/div_close' is present

2019-12-03 15:46:39 - [TEST_STEP][PASSED] - click(findTestObject("Page_Checkatrade Find a tradesperson you can trust/div_close")): Object: 'Object Repository/Page_Checkatrade Find a tradesperson you can trust/div_close' is clicked on

2019-12-03 15:46:39 - [MESSAGE][PASSED] - Object: 'Object Repository/Page_Checkatrade Find a tradesperson you can trust/div_close' is clicked on

2019-12-03 15:46:39 - [TEST_STEP][PASSED] - "---------------------------------": null

2019-12-03 15:46:39 - [TEST_STEP][PASSED] - "COOKIE POPOUT REMOVED - Confirmed": null

2019-12-03 15:46:39 - [TEST_STEP][PASSED] - delay(1): Delayed 1 second(s)

2019-12-03 15:46:40 - [MESSAGE][PASSED] - Delayed 1 second(s)

2019-12-03 15:46:40 - [TEST_STEP][PASSED] - verifyTextNotPresent("Checkatrade.com uses cookies to make sure you get the best browsing experience", false): Text 'Checkatrade.com uses cookies to make sure you get the best browsing experience' is not present on page

2019-12-03 15:46:40 - [MESSAGE][PASSED] - Text 'Checkatrade.com uses cookies to make sure you get the best browsing experience' is not present on page

2019-12-03 15:46:40 - [TEST_STEP][PASSED] - try: null

2019-12-03 15:46:40 - [TEST_STEP][PASSED] - if (verifyElementPresent(findTestObject("Page_Checkatrade Find a tradesperson you can trust/div_close_1"), 1, OPTIONAL)): null

2019-12-03 15:46:40 - [MESSAGE][PASSED] - Object 'Object Repository/Page_Checkatrade Find a tradesperson you can trust/div_close_1' is present

2019-12-03 15:46:41 - [TEST_STEP][PASSED] - click(findTestObject("Page_Checkatrade Find a tradesperson you can trust/div_close_1")): Object: 'Object Repository/Page_Checkatrade Find a tradesperson you can trust/div_close_1' is clicked on

2019-12-03 15:46:41 - [MESSAGE][PASSED] - Object: 'Object Repository/Page_Checkatrade Find a tradesperson you can trust/div_close_1' is clicked on

2019-12-03 15:46:41 - [TEST_STEP][PASSED] - "---------------------------------": null

2019-12-03 15:46:41 - [TEST_STEP][PASSED] - "PRIVACY POPOUT REMOVED - Confirmed": null

2019-12-03 15:46:41 - [TEST_STEP][PASSED] - delay(1): Delayed 1 second(s)

2019-12-03 15:46:42 - [MESSAGE][PASSED] - Delayed 1 second(s)

2019-12-03 15:46:42 - [TEST_STEP][PASSED] - verifyTextNotPresent("We have updated our Privacy Policy, please review this", false): Text 'We have updated our Privacy Policy, please review this' is not present on page

2019-12-03 15:46:42 - [MESSAGE][PASSED] - Text 'We have updated our Privacy Policy, please review this' is not present on page

2019-12-03 15:46:42 - [MESSAGE][PASSED] - Call Test Case 'Test Cases/Reusable_Test_Sequences/CAT_Setup' successfully

2019-12-03 15:46:42 - [TEST_STEP][PASSED] - " ALTERNATIVE SCREEN RESOLUTION SELECTION METHOD": null

2019-12-03 15:46:42 - [TEST_STEP][PASSED] - " ACTUAL SCREEN RESOLUTION SELECTION METHOD USED": null

2019-12-03 15:46:42 - [TEST_STEP][PASSED] - XCOORD = Integer.parseInt(findTestData("searchTestData").getValue("X_COORD", row)): null

2019-12-03 15:46:42 - [TEST_STEP][PASSED] - YCOORD = Integer.parseInt(findTestData("searchTestData").getValue("Y_COORD", row)): null

2019-12-03 15:46:42 - [TEST_STEP][PASSED] - setViewPortSize(XCOORD, YCOORD): Viewport is set to new size with width = 700 and height = 900

2019-12-03 15:46:42 - [MESSAGE][PASSED] - Viewport is set to new size with width = 700 and height = 900

2019-12-03 15:46:42 - [TEST_STEP][PASSED] - waitForPageLoad(60): Wait for page load successfully

2019-12-03 15:46:42 - [MESSAGE][PASSED] - Wait for page load successfully

2019-12-03 15:46:42 - [TEST_STEP][PASSED] - out.println("Set View Port Size is currently SET to X AXIS " + XCOORD + " Y AXIS " + YCOORD): null

2019-12-03 15:46:42 - [TEST_STEP][PASSED] - setText(findTestObject("Page_Checkatrade Find a tradesperson you can trust/input_Search through"), findTestData("searchTestData").getValue("tradeClassification", row)): Text 'Diagnostic Testing' is set on object 'Object Repository/Page_Checkatrade Find a tradesperson you can trust/input_Search through'

2019-12-03 15:46:47 - [MESSAGE][PASSED] - Text 'Diagnostic Testing' is set on object 'Object Repository/Page_Checkatrade Find a tradesperson you can trust/input_Search through'

2019-12-03 15:46:47 - [TEST_STEP][PASSED] - waitForPageLoad(60): Wait for page load successfully

2019-12-03 15:46:47 - [MESSAGE][PASSED] - Wait for page load successfully

2019-12-03 15:46:47 - [TEST_STEP][PASSED] - "Set and SEARCH SELECTED LOCATION": null

2019-12-03 15:46:47 - [TEST_STEP][PASSED] - setText(findTestObject("Object Repository/Checkatrade_Trade_Search_Page/Page_Checkatrade Find a tradesperson you can trust/input_location"), findTestData("searchTestData").getValue("tradeLocation", row)): Text 'Angmering' is set on object 'Object Repository/Checkatrade_Trade_Search_Page/Page_Checkatrade Find a tradesperson you can trust/input_location'

2019-12-03 15:46:48 - [MESSAGE][PASSED] - Text 'Angmering' is set on object 'Object Repository/Checkatrade_Trade_Search_Page/Page_Checkatrade Find a tradesperson you can trust/input_location'

2019-12-03 15:46:48 - [TEST_STEP][PASSED] - waitForPageLoad(60): Wait for page load successfully

2019-12-03 15:46:48 - [MESSAGE][PASSED] - Wait for page load successfully

2019-12-03 15:46:48 - [TEST_STEP][PASSED] - scrollToElement(findTestObject("Object Repository/Checkatrade_Trade_Search_Page/Page_Checkatrade Find a tradesperson you can trust/a_Search"), 5): Scroll to object 'Object Repository/Checkatrade_Trade_Search_Page/Page_Checkatrade Find a tradesperson you can trust/a_Search' successfully

2019-12-03 15:46:48 - [MESSAGE][PASSED] - Scroll to object 'Object Repository/Checkatrade_Trade_Search_Page/Page_Checkatrade Find a tradesperson you can trust/a_Search' successfully

2019-12-03 15:46:48 - [TEST_STEP][PASSED] - waitForPageLoad(60): Wait for page load successfully

2019-12-03 15:46:48 - [MESSAGE][PASSED] - Wait for page load successfully

2019-12-03 15:46:48 - [TEST_STEP][PASSED] - "-------------": null

2019-12-03 15:46:48 - [TEST_STEP][PASSED] - doubleClick(findTestObject("Object Repository/Checkatrade_Trade_Search_Page/Page_Checkatrade Find a tradesperson you can trust/a_Search")): Object: 'Object Repository/Checkatrade_Trade_Search_Page/Page_Checkatrade Find a tradesperson you can trust/a_Search' is double clicked on

2019-12-03 15:46:56 - [MESSAGE][PASSED] - Object: 'Object Repository/Checkatrade_Trade_Search_Page/Page_Checkatrade Find a tradesperson you can trust/a_Search' is double clicked on

2019-12-03 15:46:56 - [TEST_STEP][PASSED] - waitForPageLoad(60): Wait for page load successfully

2019-12-03 15:46:56 - [MESSAGE][PASSED] - Wait for page load successfully

2019-12-03 15:46:56 - [TEST_STEP][PASSED] - scrollToElement(findTestObject("Object Repository/Page_Returned_Concantanated_Text/h1_Concantanated_Returned_Result"), 5): Scroll to object 'Object Repository/Page_Returned_Concantanated_Text/h1_Concantanated_Returned_Result' successfully

2019-12-03 15:46:56 - [MESSAGE][PASSED] - Scroll to object 'Object Repository/Page_Returned_Concantanated_Text/h1_Concantanated_Returned_Result' successfully

2019-12-03 15:46:56 - [TEST_STEP][PASSED] - waitForElementVisible(findTestObject("Object Repository/Page_Returned_Concantanated_Text/h1_Concantanated_Returned_Result"), 5): Object 'Object Repository/Page_Returned_Concantanated_Text/h1_Concantanated_Returned_Result' is visible

2019-12-03 15:46:56 - [MESSAGE][PASSED] - Object 'Object Repository/Page_Returned_Concantanated_Text/h1_Concantanated_Returned_Result' is visible

2019-12-03 15:46:56 - [TEST_STEP][PASSED] - delay(1): Delayed 1 second(s)

2019-12-03 15:46:57 - [MESSAGE][PASSED] - Delayed 1 second(s)

2019-12-03 15:46:57 - [TEST_STEP][PASSED] - verifyTextPresent(findTestData("searchTestData").getValue("tradeLocationVerification", row), false, CONTINUE_ON_FAILURE): Text 'Diagnostic Testing in Angmering' is present on page 

2019-12-03 15:46:58 - [MESSAGE][PASSED] - Text 'Diagnostic Testing in Angmering' is present on page 

2019-12-03 15:46:58 - [TEST_STEP][PASSED] - "Expected cantantenated text is Returned": null

2019-12-03 15:46:58 - [TEST_STEP][PASSED] - "--------------------------": null

2019-12-03 15:46:58 - [TEST_STEP][PASSED] - " Teardown - CLose Browser |": null

2019-12-03 15:46:58 - [TEST_STEP][PASSED] - callTestCase(findTestCase("Reusable_Test_Sequences/CAT_Teardown"), [:], OPTIONAL): Call Test Case 'Test Cases/Reusable_Test_Sequences/CAT_Teardown' successfully

2019-12-03 15:46:58 - [TEST_CASE][PASSED] - Test Cases/Reusable_Test_Sequences/CAT_Teardown: Test Cases/Reusable_Test_Sequences/CAT_Teardown

2019-12-03 15:46:58 - [TEST_STEP][PASSED] - closeBrowser(): Browser is closed

2019-12-03 15:47:00 - [MESSAGE][PASSED] - Browser is closed

2019-12-03 15:47:00 - [MESSAGE][PASSED] - Call Test Case 'Test Cases/Reusable_Test_Sequences/CAT_Teardown' successfully

2019-12-03 15:47:00 - [TEST_STEP][PASSED] - callTestCase(findTestCase("Reusable_Test_Sequences/CAT_Setup"), [:], OPTIONAL): Call Test Case 'Test Cases/Reusable_Test_Sequences/CAT_Setup' successfully

2019-12-03 15:47:00 - [TEST_CASE][PASSED] - Test Cases/Reusable_Test_Sequences/CAT_Setup: Test Cases/Reusable_Test_Sequences/CAT_Setup

2019-12-03 15:47:00 - [TEST_STEP][PASSED] - "URL - Set from the ENVIRONMENT PROFILE ": null

2019-12-03 15:47:00 - [TEST_STEP][PASSED] - openBrowser(URL): Browser is opened with url: 'https://www.preview.checkatrade.com/'

2019-12-03 15:47:00 - [MESSAGE][INFO] - Starting 'Chrome' driver

2019-12-03 15:47:11 - [MESSAGE][PASSED] - Browser is opened with url: 'https://www.preview.checkatrade.com/'

2019-12-03 15:47:11 - [TEST_STEP][PASSED] - maximizeWindow(): Current window maximized

2019-12-03 15:47:16 - [MESSAGE][PASSED] - Current window maximized

2019-12-03 15:47:16 - [TEST_STEP][PASSED] - waitForPageLoad(60): Wait for page load successfully

2019-12-03 15:47:16 - [MESSAGE][PASSED] - Wait for page load successfully

2019-12-03 15:47:16 - [TEST_STEP][PASSED] - waitForElementVisible(findTestObject("Page_Checkatrade Find a tradesperson you can trust/a_Search"), 25): Object 'Object Repository/Page_Checkatrade Find a tradesperson you can trust/a_Search' is visible

2019-12-03 15:47:16 - [MESSAGE][PASSED] - Object 'Object Repository/Page_Checkatrade Find a tradesperson you can trust/a_Search' is visible

2019-12-03 15:47:16 - [TEST_STEP][PASSED] - try: null

2019-12-03 15:47:16 - [TEST_STEP][PASSED] - if (verifyElementPresent(findTestObject("Page_Checkatrade Find a tradesperson you can trust/div_close"), 1, OPTIONAL)): null

2019-12-03 15:47:16 - [MESSAGE][PASSED] - Object 'Object Repository/Page_Checkatrade Find a tradesperson you can trust/div_close' is present

2019-12-03 15:47:16 - [TEST_STEP][PASSED] - click(findTestObject("Page_Checkatrade Find a tradesperson you can trust/div_close")): Object: 'Object Repository/Page_Checkatrade Find a tradesperson you can trust/div_close' is clicked on

2019-12-03 15:47:17 - [MESSAGE][PASSED] - Object: 'Object Repository/Page_Checkatrade Find a tradesperson you can trust/div_close' is clicked on

2019-12-03 15:47:17 - [TEST_STEP][PASSED] - "---------------------------------": null

2019-12-03 15:47:17 - [TEST_STEP][PASSED] - "COOKIE POPOUT REMOVED - Confirmed": null

2019-12-03 15:47:17 - [TEST_STEP][PASSED] - delay(1): Delayed 1 second(s)

2019-12-03 15:47:18 - [MESSAGE][PASSED] - Delayed 1 second(s)

2019-12-03 15:47:18 - [TEST_STEP][PASSED] - verifyTextNotPresent("Checkatrade.com uses cookies to make sure you get the best browsing experience", false): Text 'Checkatrade.com uses cookies to make sure you get the best browsing experience' is not present on page

2019-12-03 15:47:18 - [MESSAGE][PASSED] - Text 'Checkatrade.com uses cookies to make sure you get the best browsing experience' is not present on page

2019-12-03 15:47:18 - [TEST_STEP][PASSED] - try: null

2019-12-03 15:47:18 - [TEST_STEP][PASSED] - if (verifyElementPresent(findTestObject("Page_Checkatrade Find a tradesperson you can trust/div_close_1"), 1, OPTIONAL)): null

2019-12-03 15:47:19 - [MESSAGE][PASSED] - Object 'Object Repository/Page_Checkatrade Find a tradesperson you can trust/div_close_1' is present

2019-12-03 15:47:19 - [TEST_STEP][PASSED] - click(findTestObject("Page_Checkatrade Find a tradesperson you can trust/div_close_1")): Object: 'Object Repository/Page_Checkatrade Find a tradesperson you can trust/div_close_1' is clicked on

2019-12-03 15:47:19 - [MESSAGE][PASSED] - Object: 'Object Repository/Page_Checkatrade Find a tradesperson you can trust/div_close_1' is clicked on

2019-12-03 15:47:19 - [TEST_STEP][PASSED] - "---------------------------------": null

2019-12-03 15:47:19 - [TEST_STEP][PASSED] - "PRIVACY POPOUT REMOVED - Confirmed": null

2019-12-03 15:47:19 - [TEST_STEP][PASSED] - delay(1): Delayed 1 second(s)

2019-12-03 15:47:20 - [MESSAGE][PASSED] - Delayed 1 second(s)

2019-12-03 15:47:20 - [TEST_STEP][PASSED] - verifyTextNotPresent("We have updated our Privacy Policy, please review this", false): Text 'We have updated our Privacy Policy, please review this' is not present on page

2019-12-03 15:47:20 - [MESSAGE][PASSED] - Text 'We have updated our Privacy Policy, please review this' is not present on page

2019-12-03 15:47:20 - [MESSAGE][PASSED] - Call Test Case 'Test Cases/Reusable_Test_Sequences/CAT_Setup' successfully

2019-12-03 15:47:20 - [TEST_STEP][PASSED] - " ALTERNATIVE SCREEN RESOLUTION SELECTION METHOD": null

2019-12-03 15:47:20 - [TEST_STEP][PASSED] - " ACTUAL SCREEN RESOLUTION SELECTION METHOD USED": null

2019-12-03 15:47:20 - [TEST_STEP][PASSED] - XCOORD = Integer.parseInt(findTestData("searchTestData").getValue("X_COORD", row)): null

2019-12-03 15:47:20 - [TEST_STEP][PASSED] - YCOORD = Integer.parseInt(findTestData("searchTestData").getValue("Y_COORD", row)): null

2019-12-03 15:47:20 - [TEST_STEP][PASSED] - setViewPortSize(XCOORD, YCOORD): Viewport is set to new size with width = 600 and height = 800

2019-12-03 15:47:21 - [MESSAGE][PASSED] - Viewport is set to new size with width = 600 and height = 800

2019-12-03 15:47:21 - [TEST_STEP][PASSED] - waitForPageLoad(60): Wait for page load successfully

2019-12-03 15:47:21 - [MESSAGE][PASSED] - Wait for page load successfully

2019-12-03 15:47:21 - [TEST_STEP][PASSED] - out.println("Set View Port Size is currently SET to X AXIS " + XCOORD + " Y AXIS " + YCOORD): null

2019-12-03 15:47:21 - [TEST_STEP][PASSED] - setText(findTestObject("Page_Checkatrade Find a tradesperson you can trust/input_Search through"), findTestData("searchTestData").getValue("tradeClassification", row)): Text 'Garage/Vehicle Services' is set on object 'Object Repository/Page_Checkatrade Find a tradesperson you can trust/input_Search through'

2019-12-03 15:47:23 - [MESSAGE][PASSED] - Text 'Garage/Vehicle Services' is set on object 'Object Repository/Page_Checkatrade Find a tradesperson you can trust/input_Search through'

2019-12-03 15:47:23 - [TEST_STEP][PASSED] - waitForPageLoad(60): Wait for page load successfully

2019-12-03 15:47:23 - [MESSAGE][PASSED] - Wait for page load successfully

2019-12-03 15:47:23 - [TEST_STEP][PASSED] - "Set and SEARCH SELECTED LOCATION": null

2019-12-03 15:47:23 - [TEST_STEP][PASSED] - setText(findTestObject("Object Repository/Checkatrade_Trade_Search_Page/Page_Checkatrade Find a tradesperson you can trust/input_location"), findTestData("searchTestData").getValue("tradeLocation", row)): Text 'Rugby' is set on object 'Object Repository/Checkatrade_Trade_Search_Page/Page_Checkatrade Find a tradesperson you can trust/input_location'

2019-12-03 15:47:23 - [MESSAGE][PASSED] - Text 'Rugby' is set on object 'Object Repository/Checkatrade_Trade_Search_Page/Page_Checkatrade Find a tradesperson you can trust/input_location'

2019-12-03 15:47:23 - [TEST_STEP][PASSED] - waitForPageLoad(60): Wait for page load successfully

2019-12-03 15:47:23 - [MESSAGE][PASSED] - Wait for page load successfully

2019-12-03 15:47:23 - [TEST_STEP][PASSED] - scrollToElement(findTestObject("Object Repository/Checkatrade_Trade_Search_Page/Page_Checkatrade Find a tradesperson you can trust/a_Search"), 5): Scroll to object 'Object Repository/Checkatrade_Trade_Search_Page/Page_Checkatrade Find a tradesperson you can trust/a_Search' successfully

2019-12-03 15:47:23 - [MESSAGE][PASSED] - Scroll to object 'Object Repository/Checkatrade_Trade_Search_Page/Page_Checkatrade Find a tradesperson you can trust/a_Search' successfully

2019-12-03 15:47:23 - [TEST_STEP][PASSED] - waitForPageLoad(60): Wait for page load successfully

2019-12-03 15:47:23 - [MESSAGE][PASSED] - Wait for page load successfully

2019-12-03 15:47:23 - [TEST_STEP][PASSED] - "-------------": null

2019-12-03 15:47:23 - [TEST_STEP][PASSED] - doubleClick(findTestObject("Object Repository/Checkatrade_Trade_Search_Page/Page_Checkatrade Find a tradesperson you can trust/a_Search")): Object: 'Object Repository/Checkatrade_Trade_Search_Page/Page_Checkatrade Find a tradesperson you can trust/a_Search' is double clicked on

2019-12-03 15:47:25 - [MESSAGE][PASSED] - Object: 'Object Repository/Checkatrade_Trade_Search_Page/Page_Checkatrade Find a tradesperson you can trust/a_Search' is double clicked on

2019-12-03 15:47:25 - [TEST_STEP][PASSED] - waitForPageLoad(60): Wait for page load successfully

2019-12-03 15:47:25 - [MESSAGE][PASSED] - Wait for page load successfully

2019-12-03 15:47:25 - [TEST_STEP][PASSED] - scrollToElement(findTestObject("Object Repository/Page_Returned_Concantanated_Text/h1_Concantanated_Returned_Result"), 5): Scroll to object 'Object Repository/Page_Returned_Concantanated_Text/h1_Concantanated_Returned_Result' successfully

2019-12-03 15:47:25 - [MESSAGE][PASSED] - Scroll to object 'Object Repository/Page_Returned_Concantanated_Text/h1_Concantanated_Returned_Result' successfully

2019-12-03 15:47:25 - [TEST_STEP][PASSED] - waitForElementVisible(findTestObject("Object Repository/Page_Returned_Concantanated_Text/h1_Concantanated_Returned_Result"), 5): Object 'Object Repository/Page_Returned_Concantanated_Text/h1_Concantanated_Returned_Result' is visible

2019-12-03 15:47:25 - [MESSAGE][PASSED] - Object 'Object Repository/Page_Returned_Concantanated_Text/h1_Concantanated_Returned_Result' is visible

2019-12-03 15:47:25 - [TEST_STEP][PASSED] - delay(1): Delayed 1 second(s)

2019-12-03 15:47:26 - [MESSAGE][PASSED] - Delayed 1 second(s)

2019-12-03 15:47:26 - [TEST_STEP][PASSED] - verifyTextPresent(findTestData("searchTestData").getValue("tradeLocationVerification", row), false, CONTINUE_ON_FAILURE): Text 'Air Conditioning Servicing/Repair in Rugby' is present on page 

2019-12-03 15:47:27 - [MESSAGE][PASSED] - Text 'Air Conditioning Servicing/Repair in Rugby' is present on page 

2019-12-03 15:47:27 - [TEST_STEP][PASSED] - "Expected cantantenated text is Returned": null

2019-12-03 15:47:27 - [TEST_STEP][PASSED] - "--------------------------": null

2019-12-03 15:47:27 - [TEST_STEP][PASSED] - " Teardown - CLose Browser |": null

2019-12-03 15:47:27 - [TEST_STEP][PASSED] - callTestCase(findTestCase("Reusable_Test_Sequences/CAT_Teardown"), [:], OPTIONAL): Call Test Case 'Test Cases/Reusable_Test_Sequences/CAT_Teardown' successfully

2019-12-03 15:47:27 - [TEST_CASE][PASSED] - Test Cases/Reusable_Test_Sequences/CAT_Teardown: Test Cases/Reusable_Test_Sequences/CAT_Teardown

2019-12-03 15:47:27 - [TEST_STEP][PASSED] - closeBrowser(): Browser is closed

2019-12-03 15:47:30 - [MESSAGE][PASSED] - Browser is closed

2019-12-03 15:47:30 - [MESSAGE][PASSED] - Call Test Case 'Test Cases/Reusable_Test_Sequences/CAT_Teardown' successfully]]></system-out>
         <system-err><![CDATA[]]></system-err>
      </testcase>
      <system-out><![CDATA[2019-12-03 15:44:25 - [TEST_SUITE][PASSED] - Mobile_Devices: Test Cases/Mobile_Devices/Default_Device_Dev]]></system-out>
      <system-err><![CDATA[]]></system-err>
   </testsuite>
</testsuites>
