<?xml version="1.0" encoding="UTF-8"?>
<testsuites name="Members_Whistle_Blower" time="84.643" tests="1" failures="0" errors="0">
   <testsuite name="Members_Whistle_Blower" tests="1" failures="0" errors="0" time="84.643" timestamp="2019-12-09 08:08:56" hostname="DavidHo - VETTEDSP36RF.check.local" id="Test Suites/Members_Whistle_Blower">
      <properties>
         <property name="deviceName" value=""/>
         <property name="devicePlatform" value=""/>
         <property name="logFolder" value="C:\\Users\\davidho\\Katalon Studio\\Start\\Reports\\20191209_080458\\Members_Whistle_Blower\\20191209_080513"/>
         <property name="logFiles" value="C:\\Users\\davidho\\Katalon Studio\\Start\\Reports\\20191209_080458\\Members_Whistle_Blower\\20191209_080513\\execution0.log"/>
         <property name="attachments" value=""/>
         <property name="hostName" value="DavidHo - VETTEDSP36RF.check.local"/>
         <property name="os" value="Windows 10 32bit"/>
         <property name="katalonVersion" value="7.1.0.1"/>
         <property name="browser" value="Chrome 78.0.3904.108"/>
         <property name="hostAddress" value="10.0.11.243"/>
         <property name="sessionId" value="267df01a423e739dfaaf9c3d4788b3b2"/>
         <property name="seleniumVersion" value="3.141.59"/>
         <property name="proxyInformation" value="ProxyInformation{proxyOption=NO_PROXY, proxyServerType=HTTP, password=, proxyServerAddress=, proxyServerPort=0}"/>
         <property name="platform" value="Windows 10"/>
      </properties>
      <testcase name="Test Cases/Members_Area/Members_Whistle_Blower" time="82.177" classname="Test Cases/Members_Area/Members_Whistle_Blower" status="PASSED">
         <system-out><![CDATA[2019-12-09 08:08:57 - [TEST_CASE][PASSED] - Test Cases/Members_Area/Members_Whistle_Blower: Test Cases/Members_Area/Members_Whistle_Blower

2019-12-09 08:08:58 - [TEST_STEP][PASSED] - PAGE = "whistle-blower": null

2019-12-09 08:08:59 - [TEST_STEP][PASSED] - for ([row = 1, row <= findTestData("Members_Test_Data").getRowNumbers(), (internal.GlobalVariable.row++)]): Call Test Case 'Test Cases/Reusable_Test_Sequences/Members_Area/Banner_Menu/log_Off' successfully

2019-12-09 08:09:00 - [TEST_STEP][PASSED] - callTestCase(findTestCase("Reusable_Test_Sequences/Members_Area/Start_Up"), [:], OPTIONAL): Call Test Case 'Test Cases/Reusable_Test_Sequences/Members_Area/Start_Up' successfully

2019-12-09 08:09:00 - [TEST_CASE][PASSED] - Test Cases/Reusable_Test_Sequences/Members_Area/Start_Up: Test Cases/Reusable_Test_Sequences/Members_Area/Start_Up

2019-12-09 08:09:01 - [TEST_STEP][PASSED] - "----------------------------------------------------": null

2019-12-09 08:09:01 - [TEST_STEP][PASSED] - FUNCTION_AREA = "Members_Area": null

2019-12-09 08:09:01 - [TEST_STEP][PASSED] - "Do Some Magic with URL(s) See the comments within URL Handler ": null

2019-12-09 08:09:01 - [TEST_STEP][PASSED] - "URL - Set from the ENVIRONMENT PROFILE - Specific Page Address Provided By +GlobalVariable.MembersURL  ": null

2019-12-09 08:09:01 - [TEST_STEP][PASSED] - openBrowser(MembersURL): Browser is opened with url: 'https://preview-ma.checkatrade.com/'

2019-12-09 08:09:01 - [MESSAGE][INFO] - Starting 'Chrome' driver

2019-12-09 08:09:01 - [MESSAGE][INFO] - Action delay is set to 0 seconds

2019-12-09 08:09:39 - [MESSAGE][PASSED] - Browser is opened with url: 'https://preview-ma.checkatrade.com/'

2019-12-09 08:09:39 - [TEST_STEP][PASSED] - waitForPageLoad(60): Wait for page load successfully

2019-12-09 08:09:39 - [MESSAGE][PASSED] - Wait for page load successfully

2019-12-09 08:09:39 - [TEST_STEP][PASSED] - maximizeWindow(): Current window maximized

2019-12-09 08:09:44 - [MESSAGE][PASSED] - Current window maximized

2019-12-09 08:09:44 - [TEST_STEP][PASSED] - verifyTextPresent("EXCLUSIVE ACCESS FOR CHECKATRADE MEMBERS ONLY", false): Text 'EXCLUSIVE ACCESS FOR CHECKATRADE MEMBERS ONLY' is present on page 

2019-12-09 08:09:44 - [MESSAGE][PASSED] - Text 'EXCLUSIVE ACCESS FOR CHECKATRADE MEMBERS ONLY' is present on page 

2019-12-09 08:09:44 - [TEST_STEP][PASSED] - verifyTextPresent("Forgotten password?", false): Text 'Forgotten password?' is present on page 

2019-12-09 08:09:44 - [MESSAGE][PASSED] - Text 'Forgotten password?' is present on page 

2019-12-09 08:09:44 - [TEST_STEP][PASSED] - verifyTextPresent("Forgotten username?", false): Text 'Forgotten username?' is present on page 

2019-12-09 08:09:44 - [MESSAGE][PASSED] - Text 'Forgotten username?' is present on page 

2019-12-09 08:09:44 - [TEST_STEP][PASSED] - verifyTextPresent("Trouble logging in? No username and password? Contact Checkatrade Member Services by", false): Text 'Trouble logging in? No username and password? Contact Checkatrade Member Services by' is present on page 

2019-12-09 08:09:44 - [MESSAGE][PASSED] - Text 'Trouble logging in? No username and password? Contact Checkatrade Member Services by' is present on page 

2019-12-09 08:09:44 - [TEST_STEP][PASSED] - verifyTextPresent("memberservices@checkatrade.com", false): Text 'memberservices@checkatrade.com' is present on page 

2019-12-09 08:09:44 - [MESSAGE][PASSED] - Text 'memberservices@checkatrade.com' is present on page 

2019-12-09 08:09:44 - [MESSAGE][PASSED] - Call Test Case 'Test Cases/Reusable_Test_Sequences/Members_Area/Start_Up' successfully

2019-12-09 08:09:44 - [TEST_STEP][PASSED] - callTestCase(findTestCase("Reusable_Test_Sequences/Members_Area/log_On"), [:], OPTIONAL): Call Test Case 'Test Cases/Reusable_Test_Sequences/Members_Area/log_On' successfully

2019-12-09 08:09:44 - [TEST_CASE][PASSED] - Test Cases/Reusable_Test_Sequences/Members_Area/log_On: Test Cases/Reusable_Test_Sequences/Members_Area/log_On

2019-12-09 08:09:45 - [TEST_STEP][PASSED] - waitForElementPresent(findTestObject("Object Repository/Members/Page_Members Area/button_Log in"), 10): Object 'Object Repository/Members/Page_Members Area/button_Log in' is present

2019-12-09 08:09:45 - [MESSAGE][PASSED] - Object 'Object Repository/Members/Page_Members Area/button_Log in' is present

2019-12-09 08:09:45 - [TEST_STEP][PASSED] - click(findTestObject("Object Repository/Members/Page_Members Area/input_Username_username")): Object: 'Object Repository/Members/Page_Members Area/input_Username_username' is clicked on

2019-12-09 08:09:46 - [MESSAGE][PASSED] - Object: 'Object Repository/Members/Page_Members Area/input_Username_username' is clicked on

2019-12-09 08:09:46 - [TEST_STEP][PASSED] - setText(findTestObject("Object Repository/Members/Page_Members Area/input_Username_username"), Username): Text 'check1234' is set on object 'Object Repository/Members/Page_Members Area/input_Username_username'

2019-12-09 08:09:46 - [MESSAGE][PASSED] - Text 'check1234' is set on object 'Object Repository/Members/Page_Members Area/input_Username_username'

2019-12-09 08:09:46 - [TEST_STEP][PASSED] - click(findTestObject("Object Repository/Members/Page_Members Area/input_Password_password")): Object: 'Object Repository/Members/Page_Members Area/input_Password_password' is clicked on

2019-12-09 08:09:47 - [MESSAGE][PASSED] - Object: 'Object Repository/Members/Page_Members Area/input_Password_password' is clicked on

2019-12-09 08:09:47 - [TEST_STEP][PASSED] - setText(findTestObject("Object Repository/Members/Page_Members Area/input_Password_password"), Password): Text 'testing123' is set on object 'Object Repository/Members/Page_Members Area/input_Password_password'

2019-12-09 08:09:47 - [MESSAGE][PASSED] - Text 'testing123' is set on object 'Object Repository/Members/Page_Members Area/input_Password_password'

2019-12-09 08:09:47 - [TEST_STEP][PASSED] - click(findTestObject("Object Repository/Members/Page_Members Area/button_Log in")): Object: 'Object Repository/Members/Page_Members Area/button_Log in' is clicked on

2019-12-09 08:09:47 - [MESSAGE][PASSED] - Object: 'Object Repository/Members/Page_Members Area/button_Log in' is clicked on

2019-12-09 08:09:47 - [TEST_STEP][PASSED] - waitForElementNotPresent(findTestObject("Object Repository/Members/Page_Members Area/button_Log in"), 25): Web element with id: 'Object Repository/Members/Page_Members Area/button_Log in' located by 'By.xpath: //button[@type = 'submit' and (text() = ' Log in ' or . = ' Log in ')]' is not present after '25' second(s)

2019-12-09 08:09:56 - [MESSAGE][PASSED] - Web element with id: 'Object Repository/Members/Page_Members Area/button_Log in' located by 'By.xpath: //button[@type = 'submit' and (text() = ' Log in ' or . = ' Log in ')]' is not present after '25' second(s)

2019-12-09 08:09:56 - [TEST_STEP][PASSED] - waitForPageLoad(60): Wait for page load successfully

2019-12-09 08:09:56 - [MESSAGE][PASSED] - Wait for page load successfully

2019-12-09 08:09:56 - [TEST_STEP][PASSED] - if ("Object Repository/Page_Members Area/Header_Attention_Text"): Call Test Case 'Test Cases/Reusable_Test_Sequences/Utils/Popout_Handler' successfully

2019-12-09 08:09:56 - [TEST_STEP][PASSED] - waitForElementPresent(findTestObject("Object Repository/Page_Members Area/Header_Attention_Text"), 60): Object 'Object Repository/Page_Members Area/Header_Attention_Text' is present

2019-12-09 08:10:04 - [MESSAGE][PASSED] - Object 'Object Repository/Page_Members Area/Header_Attention_Text' is present

2019-12-09 08:10:04 - [TEST_STEP][PASSED] - callTestCase(findTestCase("Reusable_Test_Sequences/Utils/Popout_Handler"), [:], CONTINUE_ON_FAILURE): Call Test Case 'Test Cases/Reusable_Test_Sequences/Utils/Popout_Handler' successfully

2019-12-09 08:10:04 - [TEST_CASE][PASSED] - Test Cases/Reusable_Test_Sequences/Utils/Popout_Handler: Test Cases/Reusable_Test_Sequences/Utils/Popout_Handler

2019-12-09 08:10:04 - [TEST_STEP][PASSED] - delay(2): Delayed 2 second(s)

2019-12-09 08:10:06 - [MESSAGE][PASSED] - Delayed 2 second(s)

2019-12-09 08:10:06 - [TEST_STEP][PASSED] - waitForPageLoad(60): Wait for page load successfully

2019-12-09 08:10:06 - [MESSAGE][PASSED] - Wait for page load successfully

2019-12-09 08:10:06 - [TEST_STEP][PASSED] - try:  View Our New Website POPOUT Displayed

2019-12-09 08:10:06 - [TEST_STEP][PASSED] - if ("Object Repository/Popout/go_Away"):  View Our New Website POPOUT Displayed

2019-12-09 08:10:06 - [TEST_STEP][PASSED] - click(findTestObject("Object Repository/Popout/go_Away")): Object: 'Object Repository/Popout/go_Away' is clicked on

2019-12-09 08:10:07 - [MESSAGE][PASSED] - Object: 'Object Repository/Popout/go_Away' is clicked on

2019-12-09 08:10:07 - [TEST_STEP][PASSED] - markPassed(" View Our New Website POPOUT Displayed"):  View Our New Website POPOUT Displayed

2019-12-09 08:10:07 - [MESSAGE][PASSED] -  View Our New Website POPOUT Displayed

2019-12-09 08:10:07 - [MESSAGE][PASSED] - Call Test Case 'Test Cases/Reusable_Test_Sequences/Utils/Popout_Handler' successfully

2019-12-09 08:10:07 - [MESSAGE][PASSED] - Call Test Case 'Test Cases/Reusable_Test_Sequences/Members_Area/log_On' successfully

2019-12-09 08:10:07 - [TEST_STEP][PASSED] - callTestCase(findTestCase("Reusable_Test_Sequences/Members_Area/Area_Menu/Non_Dashboard_Navigation/Members_Whistle_Blower"), [:], CONTINUE_ON_FAILURE): Call Test Case 'Test Cases/Reusable_Test_Sequences/Members_Area/Area_Menu/Non_Dashboard_Navigation/Members_Whistle_Blower' successfully

2019-12-09 08:10:07 - [TEST_CASE][PASSED] - Test Cases/Reusable_Test_Sequences/Members_Area/Area_Menu/Non_Dashboard_Navigation/Members_Whistle_Blower: Test Cases/Reusable_Test_Sequences/Members_Area/Area_Menu/Non_Dashboard_Navigation/Members_Whistle_Blower

2019-12-09 08:10:07 - [TEST_STEP][PASSED] - waitForElementPresent(findTestObject("Object Repository/Page_Members Area/Header_Menus/Page_Members Area/a_Your Account"), 60): Object 'Object Repository/Page_Members Area/Header_Menus/Page_Members Area/a_Your Account' is present

2019-12-09 08:10:07 - [MESSAGE][PASSED] - Object 'Object Repository/Page_Members Area/Header_Menus/Page_Members Area/a_Your Account' is present

2019-12-09 08:10:07 - [TEST_STEP][PASSED] - mouseOver(findTestObject("Object Repository/Page_Members Area/Header_Menus/Page_Members Area/a_Your Account")): Object: 'Object Repository/Page_Members Area/Header_Menus/Page_Members Area/a_Your Account' is hovered

2019-12-09 08:10:08 - [MESSAGE][PASSED] - Object: 'Object Repository/Page_Members Area/Header_Menus/Page_Members Area/a_Your Account' is hovered

2019-12-09 08:10:08 - [TEST_STEP][PASSED] - click(findTestObject("Object Repository/Page_Members Area/Header_Menus/Page_Members Area/a_Whistle Blower")): Object: 'Object Repository/Page_Members Area/Header_Menus/Page_Members Area/a_Whistle Blower' is clicked on

2019-12-09 08:10:08 - [MESSAGE][PASSED] - Object: 'Object Repository/Page_Members Area/Header_Menus/Page_Members Area/a_Whistle Blower' is clicked on

2019-12-09 08:10:08 - [MESSAGE][PASSED] - Call Test Case 'Test Cases/Reusable_Test_Sequences/Members_Area/Area_Menu/Non_Dashboard_Navigation/Members_Whistle_Blower' successfully

2019-12-09 08:10:08 - [TEST_STEP][PASSED] - callTestCase(findTestCase("Reusable_Test_Sequences/Members_Area/Validation/Members_Whistle_Blower"), [:], CONTINUE_ON_FAILURE): Call Test Case 'Test Cases/Reusable_Test_Sequences/Members_Area/Validation/Members_Whistle_Blower' successfully

2019-12-09 08:10:08 - [TEST_CASE][PASSED] - Test Cases/Reusable_Test_Sequences/Members_Area/Validation/Members_Whistle_Blower: Test Cases/Reusable_Test_Sequences/Members_Area/Validation/Members_Whistle_Blower

2019-12-09 08:10:09 - [TEST_STEP][PASSED] - waitForPageLoad(60): Wait for page load successfully

2019-12-09 08:10:09 - [MESSAGE][PASSED] - Wait for page load successfully

2019-12-09 08:10:09 - [TEST_STEP][PASSED] - callTestCase(findTestCase("Reusable_Test_Sequences/Utils/Check_URL"), [:], CONTINUE_ON_FAILURE): Call Test Case 'Test Cases/Reusable_Test_Sequences/Utils/Check_URL' successfully

2019-12-09 08:10:09 - [TEST_CASE][PASSED] - Test Cases/Reusable_Test_Sequences/Utils/Check_URL: Test Cases/Reusable_Test_Sequences/Utils/Check_URL

2019-12-09 08:10:10 - [TEST_STEP][PASSED] - waitForPageLoad(10): Wait for page load successfully

2019-12-09 08:10:10 - [MESSAGE][PASSED] - Wait for page load successfully

2019-12-09 08:10:10 - [TEST_STEP][PASSED] - CurrentUrl = getUrl(): Current window's url is: 'https://preview-ma.checkatrade.com/whistle-blower'

2019-12-09 08:10:10 - [MESSAGE][PASSED] - Current window's url is: 'https://preview-ma.checkatrade.com/whistle-blower'

2019-12-09 08:10:10 - [TEST_STEP][PASSED] - step_Passed = "We have been redirected, correctly to the EXPECTED <MEMBERS> URL Page"+GlobalVariable.CurrentUrl": null

2019-12-09 08:10:10 - [TEST_STEP][PASSED] - step_Failed = "We have been redirected, incorrectly to this page "+GlobalVariable.CurrentUrl+" We should be on "+GlobalVariable.MembersURL+GlobalVariable.PAGE": null

2019-12-09 08:10:10 - [TEST_STEP][PASSED] - if (CurrentUrl == MembersURL + PAGE): We have been redirected, correctly to the EXPECTED <MEMBERS> URL Page"+GlobalVariable.CurrentUrl

2019-12-09 08:10:10 - [TEST_STEP][PASSED] - out.println(step_Passed): null

2019-12-09 08:10:10 - [TEST_STEP][PASSED] - markPassed(step_Passed): We have been redirected, correctly to the EXPECTED <MEMBERS> URL Page"+GlobalVariable.CurrentUrl

2019-12-09 08:10:10 - [MESSAGE][PASSED] - We have been redirected, correctly to the EXPECTED <MEMBERS> URL Page"+GlobalVariable.CurrentUrl

2019-12-09 08:10:10 - [MESSAGE][PASSED] - Call Test Case 'Test Cases/Reusable_Test_Sequences/Utils/Check_URL' successfully

2019-12-09 08:10:10 - [TEST_STEP][PASSED] - "----------------------------------------------": null

2019-12-09 08:10:10 - [TEST_STEP][PASSED] - "DEFAULT TAB - None - 1 Page Returned          |": null

2019-12-09 08:10:10 - [TEST_STEP][PASSED] - verifyTextPresent(findTestData("Members_Test_Data").getValue("MEMBER_ID", 1), false): Text '218630' is present on page 

2019-12-09 08:10:11 - [MESSAGE][PASSED] - Text '218630' is present on page 

2019-12-09 08:10:11 - [TEST_STEP][PASSED] - verifyTextPresent("MEMBER ID", false): Text 'MEMBER ID' is present on page 

2019-12-09 08:10:11 - [MESSAGE][PASSED] - Text 'MEMBER ID' is present on page 

2019-12-09 08:10:11 - [TEST_STEP][PASSED] - verifyTextPresent("Whistleblower", false): Text 'Whistleblower' is present on page 

2019-12-09 08:10:11 - [MESSAGE][PASSED] - Text 'Whistleblower' is present on page 

2019-12-09 08:10:11 - [TEST_STEP][PASSED] - verifyTextPresent("Together we can help keep Checkatrade who it was designed for - the best!", false): Text 'Together we can help keep Checkatrade who it was designed for - the best!' is present on page 

2019-12-09 08:10:11 - [MESSAGE][PASSED] - Text 'Together we can help keep Checkatrade who it was designed for - the best!' is present on page 

2019-12-09 08:10:11 - [TEST_STEP][PASSED] - verifyTextPresent("Although Checkatrade undertake a stringent vetting process, we recognise that trades know trades and your input in maintaining the standards of our", false): Text 'Although Checkatrade undertake a stringent vetting process, we recognise that trades know trades and your input in maintaining the standards of our' is present on page 

2019-12-09 08:10:12 - [MESSAGE][PASSED] - Text 'Although Checkatrade undertake a stringent vetting process, we recognise that trades know trades and your input in maintaining the standards of our' is present on page 

2019-12-09 08:10:12 - [TEST_STEP][PASSED] - verifyTextPresent("members is vital. If you are aware of a current member who, in your opinion, does not meet the Checkatrade standards, please inform us here", false): Text 'members is vital. If you are aware of a current member who, in your opinion, does not meet the Checkatrade standards, please inform us here' is present on page 

2019-12-09 08:10:12 - [MESSAGE][PASSED] - Text 'members is vital. If you are aware of a current member who, in your opinion, does not meet the Checkatrade standards, please inform us here' is present on page 

2019-12-09 08:10:12 - [TEST_STEP][PASSED] - verifyTextPresent("Start typing to select a member", false): Text 'Start typing to select a member' is present on page 

2019-12-09 08:10:12 - [MESSAGE][PASSED] - Text 'Start typing to select a member' is present on page 

2019-12-09 08:10:12 - [TEST_STEP][PASSED] - verifyTextPresent("Enter your comments", false): Text 'Enter your comments' is present on page 

2019-12-09 08:10:12 - [MESSAGE][PASSED] - Text 'Enter your comments' is present on page 

2019-12-09 08:10:12 - [TEST_STEP][PASSED] - scrollToPosition(250, 250): Browser is scrolled to position x = 250, y = 250

2019-12-09 08:10:12 - [MESSAGE][PASSED] - Browser is scrolled to position x = 250, y = 250

2019-12-09 08:10:12 - [TEST_STEP][PASSED] - delay(1): Delayed 1 second(s)

2019-12-09 08:10:13 - [MESSAGE][PASSED] - Delayed 1 second(s)

2019-12-09 08:10:13 - [TEST_STEP][PASSED] - verifyTextPresent("I wish to remain anonymous to the trade I am informing you of, but am happy for Checkatrade to know who I am", false): Text 'I wish to remain anonymous to the trade I am informing you of, but am happy for Checkatrade to know who I am' is present on page 

2019-12-09 08:10:14 - [MESSAGE][PASSED] - Text 'I wish to remain anonymous to the trade I am informing you of, but am happy for Checkatrade to know who I am' is present on page 

2019-12-09 08:10:14 - [TEST_STEP][PASSED] - verifyTextPresent("I'm happy for the trade I am informing you of and Checkatrade to know who I am", false): Text 'I'm happy for the trade I am informing you of and Checkatrade to know who I am' is present on page 

2019-12-09 08:10:14 - [MESSAGE][PASSED] - Text 'I'm happy for the trade I am informing you of and Checkatrade to know who I am' is present on page 

2019-12-09 08:10:14 - [TEST_STEP][PASSED] - verifyTextPresent("I wish to remain completely anonymous", false): Text 'I wish to remain completely anonymous' is present on page 

2019-12-09 08:10:14 - [MESSAGE][PASSED] - Text 'I wish to remain completely anonymous' is present on page 

2019-12-09 08:10:14 - [TEST_STEP][PASSED] - verifyTextPresent("Please note if you remain anonymous we will not be able to contact you for further information", false): Text 'Please note if you remain anonymous we will not be able to contact you for further information' is present on page 

2019-12-09 08:10:15 - [MESSAGE][PASSED] - Text 'Please note if you remain anonymous we will not be able to contact you for further information' is present on page 

2019-12-09 08:10:15 - [TEST_STEP][PASSED] - verifyTextPresent("Sending this information does not mean the trade/service will be automatically suspended from Checkatrade membership. However, it will activate an investigational process", false): Text 'Sending this information does not mean the trade/service will be automatically suspended from Checkatrade membership. However, it will activate an investigational process' is present on page 

2019-12-09 08:10:15 - [MESSAGE][PASSED] - Text 'Sending this information does not mean the trade/service will be automatically suspended from Checkatrade membership. However, it will activate an investigational process' is present on page 

2019-12-09 08:10:15 - [TEST_STEP][PASSED] - verifyTextPresent("Thank you for helping us keep the standards of Checkatrade membership", false): Text 'Thank you for helping us keep the standards of Checkatrade membership' is present on page 

2019-12-09 08:10:16 - [MESSAGE][PASSED] - Text 'Thank you for helping us keep the standards of Checkatrade membership' is present on page 

2019-12-09 08:10:16 - [MESSAGE][PASSED] - Call Test Case 'Test Cases/Reusable_Test_Sequences/Members_Area/Validation/Members_Whistle_Blower' successfully

2019-12-09 08:10:16 - [TEST_STEP][PASSED] - callTestCase(findTestCase("Reusable_Test_Sequences/Members_Area/Banner_Menu/log_Off"), [:], OPTIONAL): Call Test Case 'Test Cases/Reusable_Test_Sequences/Members_Area/Banner_Menu/log_Off' successfully

2019-12-09 08:10:16 - [TEST_CASE][PASSED] - Test Cases/Reusable_Test_Sequences/Members_Area/Banner_Menu/log_Off: Test Cases/Reusable_Test_Sequences/Members_Area/Banner_Menu/log_Off

2019-12-09 08:10:16 - [TEST_STEP][PASSED] - delay(1): Delayed 1 second(s)

2019-12-09 08:10:17 - [MESSAGE][PASSED] - Delayed 1 second(s)

2019-12-09 08:10:17 - [TEST_STEP][PASSED] - waitForElementClickable(findTestObject("Object Repository/Page_Members Area/a_Log off"), 60): Object 'Object Repository/Page_Members Area/a_Log off' is clickable

2019-12-09 08:10:18 - [MESSAGE][PASSED] - Object 'Object Repository/Page_Members Area/a_Log off' is clickable

2019-12-09 08:10:18 - [TEST_STEP][PASSED] - scrollToElement(findTestObject("Object Repository/Page_Members Area/a_Log off"), 2): Scroll to object 'Object Repository/Page_Members Area/a_Log off' successfully

2019-12-09 08:10:18 - [MESSAGE][PASSED] - Scroll to object 'Object Repository/Page_Members Area/a_Log off' successfully

2019-12-09 08:10:18 - [TEST_STEP][PASSED] - click(findTestObject("Object Repository/Page_Members Area/a_Log off")): Object: 'Object Repository/Page_Members Area/a_Log off' is clicked on

2019-12-09 08:10:19 - [MESSAGE][PASSED] - Object: 'Object Repository/Page_Members Area/a_Log off' is clicked on

2019-12-09 08:10:19 - [MESSAGE][PASSED] - Call Test Case 'Test Cases/Reusable_Test_Sequences/Members_Area/Banner_Menu/log_Off' successfully]]></system-out>
         <system-err><![CDATA[]]></system-err>
      </testcase>
      <system-out><![CDATA[2019-12-09 08:08:56 - [TEST_SUITE][PASSED] - Members_Whistle_Blower: Test Cases/Members_Area/Members_Whistle_Blower]]></system-out>
      <system-err><![CDATA[]]></system-err>
   </testsuite>
</testsuites>
