<?xml version="1.0" encoding="UTF-8"?>
<testsuites name="Test Suite Collection 200819" time="176.394" tests="0" failures="0" errors="0"/>
