<?xml version="1.0" encoding="UTF-8"?>
<testsuites name="Trade_Name_Multiple_Search" time="557.526" tests="2" failures="0" errors="0">
   <testsuite name="Trade_Name_Multiple_Search" tests="2" failures="0" errors="0" time="557.526" timestamp="2020-04-16 13:21:44" hostname="DavidHo - 192.168.1.238" id="Test Suites/Trade_Name_Multiple_Search">
      <properties>
         <property name="deviceName" value=""/>
         <property name="devicePlatform" value=""/>
         <property name="logFolder" value="C:\\Users\\davidho\\git\\src\\Reports\\20200416_130953\\Trade_Name_Multiple_Search\\20200416_130959"/>
         <property name="logFiles" value="C:\\Users\\davidho\\git\\src\\Reports\\20200416_130953\\Trade_Name_Multiple_Search\\20200416_130959\\execution0.log"/>
         <property name="attachments" value=""/>
         <property name="hostName" value="DavidHo - 192.168.1.238"/>
         <property name="os" value="Windows 10 32bit"/>
         <property name="katalonVersion" value="7.3.1.1"/>
         <property name="browser" value="Firefox 74.0"/>
         <property name="hostAddress" value="192.168.1.238"/>
         <property name="sessionId" value="8e720c6a-560e-4669-8f77-3f00c4185e89"/>
         <property name="seleniumVersion" value="3.141.59"/>
         <property name="proxyInformation" value="ProxyInformation{proxyOption=NO_PROXY, proxyServerType=HTTP, password=, proxyServerAddress=, proxyServerPort=0, executionList=}"/>
         <property name="platform" value="Windows 10"/>
      </properties>
      <testcase name="Test Cases/Checkatrade_Tradesman_Searches/Trade_Name_Search_Multiple" time="251.114" classname="Test Cases/Checkatrade_Tradesman_Searches/Trade_Name_Search_Multiple" status="PASSED">
         <system-out><![CDATA[2020-04-16 13:21:45 - [TEST_CASE][PASSED] - Test Cases/Checkatrade_Tradesman_Searches/Trade_Name_Search_Multiple: Test Cases/Checkatrade_Tradesman_Searches/Trade_Name_Search_Multiple

2020-04-16 13:21:45 - [TEST_STEP][PASSED] - for ([row = 1, row <= findTestData("Search_CAT_ID_Data (1)").getRowNumbers(), (internal.GlobalVariable.row++)]): Call Test Case 'Test Cases/Reusable_Test_Sequences/CAT_Teardown' successfully

2020-04-16 13:21:47 - [TEST_STEP][PASSED] - callTestCase(findTestCase("Reusable_Test_Sequences/CAT_Setup"), [:], STOP_ON_FAILURE): Call Test Case 'Test Cases/Reusable_Test_Sequences/CAT_Setup' successfully

2020-04-16 13:21:47 - [TEST_CASE][PASSED] - Test Cases/Reusable_Test_Sequences/CAT_Setup: Test Cases/Reusable_Test_Sequences/CAT_Setup

2020-04-16 13:21:48 - [TEST_STEP][PASSED] - "------------------------------": null

2020-04-16 13:21:48 - [TEST_STEP][PASSED] - " Set Mobile Device Testing    |": null

2020-04-16 13:21:48 - [TEST_STEP][PASSED] - if (Mobile_Flag == "true"): null

2020-04-16 13:21:48 - [TEST_STEP][PASSED] - "------------------------------": null

2020-04-16 13:21:48 - [TEST_STEP][PASSED] - " Set Mobile Device Testing    |": null

2020-04-16 13:21:48 - [TEST_STEP][PASSED] - "------------------------------": null

2020-04-16 13:21:48 - [TEST_STEP][PASSED] - "URL - Set from the ENVIRONMENT PROFILE ": null

2020-04-16 13:21:48 - [TEST_STEP][PASSED] - openBrowser(URL): Browser is opened with url: 'https://www.preview.checkatrade.com/'

2020-04-16 13:21:48 - [MESSAGE][INFO] - Starting 'Firefox' driver

2020-04-16 13:21:48 - [MESSAGE][INFO] - Action delay is set to 0 milliseconds

2020-04-16 13:22:05 - [MESSAGE][PASSED] - Browser is opened with url: 'https://www.preview.checkatrade.com/'

2020-04-16 13:22:05 - [TEST_STEP][PASSED] - maximizeWindow(): Current window maximized

2020-04-16 13:22:05 - [MESSAGE][PASSED] - Current window maximized

2020-04-16 13:22:05 - [TEST_STEP][PASSED] - waitForPageLoad(60): Wait for page load successfully

2020-04-16 13:22:05 - [MESSAGE][PASSED] - Wait for page load successfully

2020-04-16 13:22:05 - [TEST_STEP][PASSED] - "Previous Functionalilty Left Commented For Ease Of reversion": null

2020-04-16 13:22:05 - [TEST_STEP][PASSED] - " Katalon Try/Catches currently have issues? SEE HEADER": null

2020-04-16 13:22:05 - [TEST_STEP][PASSED] - try: Text 'Cookie Policy' is not present on page

2020-04-16 13:22:05 - [TEST_STEP][PASSED] - verifyElementPresent(findTestObject("Object Repository/Cookies/Page_Checkatrade Find a tradesperson you can trust/button_Accept All"), 5, OPTIONAL): Object 'Object Repository/Cookies/Page_Checkatrade Find a tradesperson you can trust/button_Accept All' is present

2020-04-16 13:22:06 - [MESSAGE][PASSED] - Object 'Object Repository/Cookies/Page_Checkatrade Find a tradesperson you can trust/button_Accept All' is present

2020-04-16 13:22:06 - [TEST_STEP][PASSED] - click(findTestObject("Object Repository/Cookies/Page_Checkatrade Find a tradesperson you can trust/button_Accept All"), OPTIONAL): Object: 'Object Repository/Cookies/Page_Checkatrade Find a tradesperson you can trust/button_Accept All' is clicked on

2020-04-16 13:22:06 - [MESSAGE][PASSED] - Object: 'Object Repository/Cookies/Page_Checkatrade Find a tradesperson you can trust/button_Accept All' is clicked on

2020-04-16 13:22:06 - [TEST_STEP][PASSED] - "---------------------------------": null

2020-04-16 13:22:06 - [TEST_STEP][PASSED] - "COOKIE POPOUT REMOVED - Confirmed": null

2020-04-16 13:22:06 - [TEST_STEP][PASSED] - delay(1): Delayed 1 second(s)

2020-04-16 13:22:07 - [MESSAGE][PASSED] - Delayed 1 second(s)

2020-04-16 13:22:07 - [TEST_STEP][PASSED] - verifyTextNotPresent("We use cookies to personalise content and ads, to provide social media features and to analyse our traffic", false): Text 'We use cookies to personalise content and ads, to provide social media features and to analyse our traffic' is not present on page

2020-04-16 13:22:09 - [MESSAGE][PASSED] - Text 'We use cookies to personalise content and ads, to provide social media features and to analyse our traffic' is not present on page

2020-04-16 13:22:09 - [TEST_STEP][PASSED] - verifyTextNotPresent(" We also share information about your use of our site with our social media, advertising and analytics partners", false): Text ' We also share information about your use of our site with our social media, advertising and analytics partners' is not present on page

2020-04-16 13:22:10 - [MESSAGE][PASSED] - Text ' We also share information about your use of our site with our social media, advertising and analytics partners' is not present on page

2020-04-16 13:22:10 - [TEST_STEP][PASSED] - verifyTextNotPresent("Cookie Policy", false): Text 'Cookie Policy' is not present on page

2020-04-16 13:22:11 - [MESSAGE][PASSED] - Text 'Cookie Policy' is not present on page

2020-04-16 13:22:11 - [TEST_STEP][PASSED] - waitForPageLoad(60): Wait for page load successfully

2020-04-16 13:22:11 - [MESSAGE][PASSED] - Wait for page load successfully

2020-04-16 13:22:11 - [TEST_STEP][PASSED] - "COOKIE - ORIGINAL": null

2020-04-16 13:22:11 - [TEST_STEP][PASSED] - if (waitForElementVisible(findTestObject("Object Repository/Feedback/Page_Checkatrade Give your feedback/input_Member_to_Review"), 5)): Web element with id: 'Object Repository/Feedback/Page_Checkatrade Give your feedback/input_Member_to_Review' located by 'By.xpath: //input[@id='feedback-form__company_autocomplete_input']' not found

2020-04-16 13:22:16 - [MESSAGE][INFO] - Unable to find the element located by 'By.xpath: //input[@id='feedback-form__company_autocomplete_input']'. Please recheck the objects properties to make sure the desired element is located. 

2020-04-16 13:22:16 - [MESSAGE][WARNING] - Web element with id: 'Object Repository/Feedback/Page_Checkatrade Give your feedback/input_Member_to_Review' located by 'By.xpath: //input[@id='feedback-form__company_autocomplete_input']' not found

2020-04-16 13:22:16 - [TEST_STEP][PASSED] - else: The <<<OLD>>> Website was detected by the STARTUP Process

2020-04-16 13:22:16 - [TEST_STEP][PASSED] - if (!(verifyElementVisible(findTestObject("Object Repository/Checkatrade_Trade_Search_Page/Page_Checkatrade Find a tradesperson you can trust/input_Search_Button_FF")))): Object 'Object Repository/Checkatrade_Trade_Search_Page/Page_Checkatrade Find a tradesperson you can trust/input_Search_Button_FF' is visible

2020-04-16 13:22:16 - [MESSAGE][PASSED] - Object 'Object Repository/Checkatrade_Trade_Search_Page/Page_Checkatrade Find a tradesperson you can trust/input_Search_Button_FF' is visible

2020-04-16 13:22:16 - [TEST_STEP][PASSED] - else: The <<<OLD>>> Website was detected by the STARTUP Process

2020-04-16 13:22:16 - [TEST_STEP][PASSED] - Website_Version = "old": null

2020-04-16 13:22:16 - [TEST_STEP][PASSED] - logInfo("The <<<OLD>>> Website was detected by the STARTUP Process"): The <<<OLD>>> Website was detected by the STARTUP Process

2020-04-16 13:22:16 - [MESSAGE][INFO] - The <<<OLD>>> Website was detected by the STARTUP Process

2020-04-16 13:22:16 - [MESSAGE][PASSED] - Call Test Case 'Test Cases/Reusable_Test_Sequences/CAT_Setup' successfully

2020-04-16 13:22:16 - [TEST_STEP][PASSED] - callTestCase(findTestCase("Reusable_Test_Sequences/CAT_Home"), [:], CONTINUE_ON_FAILURE): Call Test Case 'Test Cases/Reusable_Test_Sequences/CAT_Home' successfully

2020-04-16 13:22:16 - [TEST_CASE][PASSED] - Test Cases/Reusable_Test_Sequences/CAT_Home: Test Cases/Reusable_Test_Sequences/CAT_Home

2020-04-16 13:22:17 - [TEST_STEP][PASSED] - waitForPageLoad(60): Wait for page load successfully

2020-04-16 13:22:17 - [MESSAGE][PASSED] - Wait for page load successfully

2020-04-16 13:22:17 - [TEST_STEP][PASSED] - delay(2): Delayed 2 second(s)

2020-04-16 13:22:19 - [MESSAGE][PASSED] - Delayed 2 second(s)

2020-04-16 13:22:20 - [TEST_STEP][PASSED] - "------------------------------------": null

2020-04-16 13:22:20 - [TEST_STEP][PASSED] - if (Website_Version == "new"): null

2020-04-16 13:22:20 - [TEST_STEP][PASSED] - else: Text 'Over a million visits to Checkatrade each month' is present on page 

2020-04-16 13:22:20 - [TEST_STEP][PASSED] - verifyTextPresent("Helping you find the right trade or service", false): Text 'Helping you find the right trade or service' is present on page 

2020-04-16 13:22:21 - [MESSAGE][PASSED] - Text 'Helping you find the right trade or service' is present on page 

2020-04-16 13:22:21 - [TEST_STEP][PASSED] - verifyTextPresent("Search through over", false): Text 'Search through over' is present on page 

2020-04-16 13:22:21 - [MESSAGE][PASSED] - Text 'Search through over' is present on page 

2020-04-16 13:22:21 - [TEST_STEP][PASSED] - verifyTextPresent("recommended, vetted and monitored trades and service providers for free.", false): Text 'recommended, vetted and monitored trades and service providers for free.' is present on page 

2020-04-16 13:22:22 - [MESSAGE][PASSED] - Text 'recommended, vetted and monitored trades and service providers for free.' is present on page 

2020-04-16 13:22:22 - [TEST_STEP][PASSED] - verifyTextPresent("reviews published so far – thank you!", false): Text 'reviews published so far – thank you!' is present on page 

2020-04-16 13:22:23 - [MESSAGE][PASSED] - Text 'reviews published so far – thank you!' is present on page 

2020-04-16 13:22:23 - [TEST_STEP][PASSED] - verifyTextPresent("I need a trade or service", false): Text 'I need a trade or service' is present on page 

2020-04-16 13:22:24 - [MESSAGE][PASSED] - Text 'I need a trade or service' is present on page 

2020-04-16 13:22:24 - [TEST_STEP][PASSED] - verifyTextPresent("Every trader thoroughly checked and vetted", false): Text 'Every trader thoroughly checked and vetted' is present on page 

2020-04-16 13:22:24 - [MESSAGE][PASSED] - Text 'Every trader thoroughly checked and vetted' is present on page 

2020-04-16 13:22:24 - [TEST_STEP][PASSED] - "------------------------------------": null

2020-04-16 13:22:24 - [TEST_STEP][PASSED] - verifyTextPresent("reviews published so far – thank you!", false): Text 'reviews published so far – thank you!' is present on page 

2020-04-16 13:22:25 - [MESSAGE][PASSED] - Text 'reviews published so far – thank you!' is present on page 

2020-04-16 13:22:25 - [TEST_STEP][PASSED] - verifyTextPresent("Find out more", false): Text 'Find out more' is present on page 

2020-04-16 13:22:25 - [MESSAGE][PASSED] - Text 'Find out more' is present on page 

2020-04-16 13:22:25 - [TEST_STEP][PASSED] - verifyTextPresent("I am a tradesman", false): Text 'I am a tradesman' is present on page 

2020-04-16 13:22:26 - [MESSAGE][PASSED] - Text 'I am a tradesman' is present on page 

2020-04-16 13:22:26 - [TEST_STEP][PASSED] - verifyTextPresent("Find out more", false): Text 'Find out more' is present on page 

2020-04-16 13:22:27 - [MESSAGE][PASSED] - Text 'Find out more' is present on page 

2020-04-16 13:22:27 - [TEST_STEP][PASSED] - verifyTextPresent("Over a million visits to Checkatrade each month", false): Text 'Over a million visits to Checkatrade each month' is present on page 

2020-04-16 13:22:27 - [MESSAGE][PASSED] - Text 'Over a million visits to Checkatrade each month' is present on page 

2020-04-16 13:22:27 - [MESSAGE][PASSED] - Call Test Case 'Test Cases/Reusable_Test_Sequences/CAT_Home' successfully

2020-04-16 13:22:27 - [TEST_STEP][PASSED] - "---------------------------------------------------------------------": null

2020-04-16 13:22:27 - [TEST_STEP][PASSED] - " Select Search on Trader Name (or ID) From Home page/Search Screen   |": null

2020-04-16 13:22:27 - [TEST_STEP][PASSED] - callTestCase(findTestCase("Reusable_Test_Sequences/CAT_Click_Search_Trade_Name"), [:], STOP_ON_FAILURE): Call Test Case 'Test Cases/Reusable_Test_Sequences/CAT_Click_Search_Trade_Name' successfully

2020-04-16 13:22:27 - [TEST_CASE][PASSED] - Test Cases/Reusable_Test_Sequences/CAT_Click_Search_Trade_Name: Test Cases/Reusable_Test_Sequences/CAT_Click_Search_Trade_Name

2020-04-16 13:22:27 - [TEST_STEP][PASSED] - waitForPageLoad(60): Wait for page load successfully

2020-04-16 13:22:27 - [MESSAGE][PASSED] - Wait for page load successfully

2020-04-16 13:22:27 - [TEST_STEP][PASSED] - if (Website_Version != "new"): Object: 'Object Repository/Page_Checkatrade Find a tradesperson you can trust/a_or look up a member by name' is clicked on

2020-04-16 13:22:27 - [TEST_STEP][PASSED] - waitForElementClickable(findTestObject("Object Repository/Page_Checkatrade Find a tradesperson you can trust/a_or look up a member by name"), 5): Object 'Object Repository/Page_Checkatrade Find a tradesperson you can trust/a_or look up a member by name' is clickable

2020-04-16 13:22:28 - [MESSAGE][PASSED] - Object 'Object Repository/Page_Checkatrade Find a tradesperson you can trust/a_or look up a member by name' is clickable

2020-04-16 13:22:28 - [TEST_STEP][PASSED] - click(findTestObject("Object Repository/Page_Checkatrade Find a tradesperson you can trust/a_or look up a member by name")): Object: 'Object Repository/Page_Checkatrade Find a tradesperson you can trust/a_or look up a member by name' is clicked on

2020-04-16 13:22:28 - [MESSAGE][PASSED] - Object: 'Object Repository/Page_Checkatrade Find a tradesperson you can trust/a_or look up a member by name' is clicked on

2020-04-16 13:22:28 - [TEST_STEP][PASSED] - if (Website_Version != "old"): null

2020-04-16 13:22:28 - [TEST_STEP][PASSED] - waitForPageLoad(60): Wait for page load successfully

2020-04-16 13:22:28 - [MESSAGE][PASSED] - Wait for page load successfully

2020-04-16 13:22:28 - [MESSAGE][PASSED] - Call Test Case 'Test Cases/Reusable_Test_Sequences/CAT_Click_Search_Trade_Name' successfully

2020-04-16 13:22:28 - [TEST_STEP][PASSED] - "---------------------------------------": null

2020-04-16 13:22:28 - [TEST_STEP][PASSED] - " Enter Trader Name (or ID) to Search   |": null

2020-04-16 13:22:28 - [TEST_STEP][PASSED] - callTestCase(findTestCase("Reusable_Test_Sequences/CAT_Enter_Trade_Name"), [:], STOP_ON_FAILURE): Call Test Case 'Test Cases/Reusable_Test_Sequences/CAT_Enter_Trade_Name' successfully

2020-04-16 13:22:28 - [TEST_CASE][PASSED] - Test Cases/Reusable_Test_Sequences/CAT_Enter_Trade_Name: Test Cases/Reusable_Test_Sequences/CAT_Enter_Trade_Name

2020-04-16 13:22:29 - [TEST_STEP][PASSED] - if (Website_Version != "new"): Text '218020' is set on object 'Object Repository/Page_Checkatrade Find a tradesperson you can trust/Trader_Name_To_Search'

2020-04-16 13:22:29 - [TEST_STEP][PASSED] - setText(findTestObject("Page_Checkatrade Find a tradesperson you can trust/Trader_Name_To_Search"), findTestData("Search_CAT_ID_Data (1)").getValue("tradeName", row)): Text '218020' is set on object 'Object Repository/Page_Checkatrade Find a tradesperson you can trust/Trader_Name_To_Search'

2020-04-16 13:22:29 - [MESSAGE][PASSED] - Text '218020' is set on object 'Object Repository/Page_Checkatrade Find a tradesperson you can trust/Trader_Name_To_Search'

2020-04-16 13:22:29 - [TEST_STEP][PASSED] - if (verifyTextNotPresent("Sorry, no results found", false)): null

2020-04-16 13:22:30 - [MESSAGE][PASSED] - Text 'Sorry, no results found' is not present on page

2020-04-16 13:22:30 - [TEST_STEP][PASSED] - markPassed("The Expected Lookup Result(s) ARE being returned by the Lookup Service, AS EXPECTED"): The Expected Lookup Result(s) ARE being returned by the Lookup Service, AS EXPECTED

2020-04-16 13:22:30 - [MESSAGE][PASSED] - The Expected Lookup Result(s) ARE being returned by the Lookup Service, AS EXPECTED

2020-04-16 13:22:30 - [MESSAGE][PASSED] - Call Test Case 'Test Cases/Reusable_Test_Sequences/CAT_Enter_Trade_Name' successfully

2020-04-16 13:22:30 - [TEST_STEP][PASSED] - "---------------------------------------": null

2020-04-16 13:22:30 - [TEST_STEP][PASSED] - " Search Trader Name (or ID)            |": null

2020-04-16 13:22:30 - [TEST_STEP][PASSED] - callTestCase(findTestCase("Reusable_Test_Sequences/CAT_Search_Trade_Name"), [:], STOP_ON_FAILURE): Call Test Case 'Test Cases/Reusable_Test_Sequences/CAT_Search_Trade_Name' successfully

2020-04-16 13:22:30 - [TEST_CASE][PASSED] - Test Cases/Reusable_Test_Sequences/CAT_Search_Trade_Name: Test Cases/Reusable_Test_Sequences/CAT_Search_Trade_Name

2020-04-16 13:22:31 - [TEST_STEP][PASSED] - "Hit Search Trade Person by Name (or CAT ID) after parameters are entered": null

2020-04-16 13:22:31 - [TEST_STEP][PASSED] - waitForPageLoad(60): Wait for page load successfully

2020-04-16 13:22:31 - [MESSAGE][PASSED] - Wait for page load successfully

2020-04-16 13:22:31 - [TEST_STEP][PASSED] - delay(2): Delayed 2 second(s)

2020-04-16 13:22:33 - [MESSAGE][PASSED] - Delayed 2 second(s)

2020-04-16 13:22:33 - [TEST_STEP][PASSED] - if (Website_Version == "new"): null

2020-04-16 13:22:33 - [TEST_STEP][PASSED] - else: Object: 'Object Repository/Page_Checkatrade Find a tradesperson you can trust/span_Trade_Name' is clicked on

2020-04-16 13:22:33 - [TEST_STEP][PASSED] - waitForElementClickable(findTestObject("Page_Checkatrade Find a tradesperson you can trust/span_Trade_Name"), 60): Object 'Object Repository/Page_Checkatrade Find a tradesperson you can trust/span_Trade_Name' is clickable

2020-04-16 13:22:33 - [MESSAGE][PASSED] - Object 'Object Repository/Page_Checkatrade Find a tradesperson you can trust/span_Trade_Name' is clickable

2020-04-16 13:22:33 - [TEST_STEP][PASSED] - click(findTestObject("Page_Checkatrade Find a tradesperson you can trust/span_Trade_Name")): Object: 'Object Repository/Page_Checkatrade Find a tradesperson you can trust/span_Trade_Name' is clicked on

2020-04-16 13:22:39 - [MESSAGE][PASSED] - Object: 'Object Repository/Page_Checkatrade Find a tradesperson you can trust/span_Trade_Name' is clicked on

2020-04-16 13:22:39 - [TEST_STEP][PASSED] - delay(2): Delayed 2 second(s)

2020-04-16 13:22:41 - [MESSAGE][PASSED] - Delayed 2 second(s)

2020-04-16 13:22:41 - [TEST_STEP][PASSED] - waitForPageLoad(60): Wait for page load successfully

2020-04-16 13:22:41 - [MESSAGE][PASSED] - Wait for page load successfully

2020-04-16 13:22:41 - [MESSAGE][PASSED] - Call Test Case 'Test Cases/Reusable_Test_Sequences/CAT_Search_Trade_Name' successfully

2020-04-16 13:22:41 - [TEST_STEP][PASSED] - "------------------------------------------": null

2020-04-16 13:22:41 - [TEST_STEP][PASSED] - " Scroll to Page Footer to Reveal Results  |": null

2020-04-16 13:22:41 - [TEST_STEP][PASSED] - callTestCase(findTestCase("Reusable_Test_Sequences/CAT_Scroll_to_Footer"), [:], CONTINUE_ON_FAILURE): Call Test Case 'Test Cases/Reusable_Test_Sequences/CAT_Scroll_to_Footer' successfully

2020-04-16 13:22:41 - [TEST_CASE][PASSED] - Test Cases/Reusable_Test_Sequences/CAT_Scroll_to_Footer: Test Cases/Reusable_Test_Sequences/CAT_Scroll_to_Footer

2020-04-16 13:22:41 - [TEST_STEP][PASSED] - "-----------------------------------------------------": null

2020-04-16 13:22:41 - [TEST_STEP][PASSED] - " Major changes factored into function 05/12/2019     |": null

2020-04-16 13:22:41 - [TEST_STEP][PASSED] - "-----------------------------------------------------": null

2020-04-16 13:22:41 - [TEST_STEP][PASSED] - "Animation Removed ": null

2020-04-16 13:22:41 - [TEST_STEP][PASSED] - "Scroll - To Footer on the bottom of the page (sometime off the screen) ": null

2020-04-16 13:22:42 - [TEST_STEP][PASSED] - waitForPageLoad(60): Wait for page load successfully

2020-04-16 13:22:42 - [MESSAGE][PASSED] - Wait for page load successfully

2020-04-16 13:22:42 - [TEST_STEP][PASSED] - scrollToPosition(999, 999): Browser is scrolled to position x = 999, y = 999

2020-04-16 13:22:42 - [MESSAGE][PASSED] - Browser is scrolled to position x = 999, y = 999

2020-04-16 13:22:42 - [TEST_STEP][PASSED] - delay(1): Delayed 1 second(s)

2020-04-16 13:22:43 - [MESSAGE][PASSED] - Delayed 1 second(s)

2020-04-16 13:22:43 - [MESSAGE][PASSED] - Call Test Case 'Test Cases/Reusable_Test_Sequences/CAT_Scroll_to_Footer' successfully

2020-04-16 13:22:43 - [TEST_STEP][PASSED] - "------------------------------------------": null

2020-04-16 13:22:43 - [TEST_STEP][PASSED] - " Verify Correct Location is Returned     |": null

2020-04-16 13:22:43 - [TEST_STEP][PASSED] - callTestCase(findTestCase("Reusable_Test_Sequences/CAT_Verification_Location"), [:], CONTINUE_ON_FAILURE): Call Test Case 'Test Cases/Reusable_Test_Sequences/CAT_Verification_Location' successfully

2020-04-16 13:22:43 - [TEST_CASE][PASSED] - Test Cases/Reusable_Test_Sequences/CAT_Verification_Location: Test Cases/Reusable_Test_Sequences/CAT_Verification_Location

2020-04-16 13:22:43 - [TEST_STEP][PASSED] - waitForPageLoad(60): Wait for page load successfully

2020-04-16 13:22:43 - [MESSAGE][PASSED] - Wait for page load successfully

2020-04-16 13:22:43 - [TEST_STEP][PASSED] - verifyTextPresent(findTestData("Search_CAT_ID_Data (1)").getValue("tradeNameLocationVerification", row), false): Text 'Gosport, Hampshire' is present on page 

2020-04-16 13:22:45 - [MESSAGE][PASSED] - Text 'Gosport, Hampshire' is present on page 

2020-04-16 13:22:45 - [MESSAGE][PASSED] - Call Test Case 'Test Cases/Reusable_Test_Sequences/CAT_Verification_Location' successfully

2020-04-16 13:22:45 - [TEST_STEP][PASSED] - "------------------------------------------": null

2020-04-16 13:22:45 - [TEST_STEP][PASSED] - " Verify Primary Contact is Returned     |": null

2020-04-16 13:22:45 - [TEST_STEP][PASSED] - callTestCase(findTestCase("Reusable_Test_Sequences/CAT_Verification_Primary_Contact"), [:], CONTINUE_ON_FAILURE): Call Test Case 'Test Cases/Reusable_Test_Sequences/CAT_Verification_Primary_Contact' successfully

2020-04-16 13:22:45 - [TEST_CASE][PASSED] - Test Cases/Reusable_Test_Sequences/CAT_Verification_Primary_Contact: Test Cases/Reusable_Test_Sequences/CAT_Verification_Primary_Contact

2020-04-16 13:22:45 - [TEST_STEP][PASSED] - verifyTextPresent(findTestData("Search_CAT_ID_Data (1)").getValue("primeContact", row), false): Text 'Jim Foster' is present on page 

2020-04-16 13:22:47 - [MESSAGE][PASSED] - Text 'Jim Foster' is present on page 

2020-04-16 13:22:47 - [MESSAGE][PASSED] - Call Test Case 'Test Cases/Reusable_Test_Sequences/CAT_Verification_Primary_Contact' successfully

2020-04-16 13:22:47 - [TEST_STEP][PASSED] - "--------------------------": null

2020-04-16 13:22:47 - [TEST_STEP][PASSED] - " Teardown - CLose Browser |": null

2020-04-16 13:22:47 - [TEST_STEP][PASSED] - callTestCase(findTestCase("Reusable_Test_Sequences/CAT_Teardown"), [:], OPTIONAL): Call Test Case 'Test Cases/Reusable_Test_Sequences/CAT_Teardown' successfully

2020-04-16 13:22:47 - [TEST_CASE][PASSED] - Test Cases/Reusable_Test_Sequences/CAT_Teardown: Test Cases/Reusable_Test_Sequences/CAT_Teardown

2020-04-16 13:22:48 - [TEST_STEP][PASSED] - closeBrowser(): Browser is closed

2020-04-16 13:22:54 - [MESSAGE][PASSED] - Browser is closed

2020-04-16 13:22:54 - [TEST_STEP][PASSED] - super.finalize(): null

2020-04-16 13:22:54 - [TEST_STEP][PASSED] - System.gc(): null

2020-04-16 13:22:54 - [MESSAGE][PASSED] - Call Test Case 'Test Cases/Reusable_Test_Sequences/CAT_Teardown' successfully

2020-04-16 13:22:54 - [TEST_STEP][PASSED] - callTestCase(findTestCase("Reusable_Test_Sequences/CAT_Setup"), [:], STOP_ON_FAILURE): Call Test Case 'Test Cases/Reusable_Test_Sequences/CAT_Setup' successfully

2020-04-16 13:22:54 - [TEST_CASE][PASSED] - Test Cases/Reusable_Test_Sequences/CAT_Setup: Test Cases/Reusable_Test_Sequences/CAT_Setup

2020-04-16 13:22:54 - [TEST_STEP][PASSED] - "------------------------------": null

2020-04-16 13:22:54 - [TEST_STEP][PASSED] - " Set Mobile Device Testing    |": null

2020-04-16 13:22:54 - [TEST_STEP][PASSED] - if (Mobile_Flag == "true"): null

2020-04-16 13:22:54 - [TEST_STEP][PASSED] - "------------------------------": null

2020-04-16 13:22:54 - [TEST_STEP][PASSED] - " Set Mobile Device Testing    |": null

2020-04-16 13:22:54 - [TEST_STEP][PASSED] - "------------------------------": null

2020-04-16 13:22:54 - [TEST_STEP][PASSED] - "URL - Set from the ENVIRONMENT PROFILE ": null

2020-04-16 13:22:54 - [TEST_STEP][PASSED] - openBrowser(URL): Browser is opened with url: 'https://www.preview.checkatrade.com/'

2020-04-16 13:22:54 - [MESSAGE][INFO] - Starting 'Firefox' driver

2020-04-16 13:22:54 - [MESSAGE][INFO] - Action delay is set to 0 milliseconds

2020-04-16 13:23:08 - [MESSAGE][PASSED] - Browser is opened with url: 'https://www.preview.checkatrade.com/'

2020-04-16 13:23:08 - [TEST_STEP][PASSED] - maximizeWindow(): Current window maximized

2020-04-16 13:23:09 - [MESSAGE][PASSED] - Current window maximized

2020-04-16 13:23:09 - [TEST_STEP][PASSED] - waitForPageLoad(60): Wait for page load successfully

2020-04-16 13:23:09 - [MESSAGE][PASSED] - Wait for page load successfully

2020-04-16 13:23:09 - [TEST_STEP][PASSED] - "Previous Functionalilty Left Commented For Ease Of reversion": null

2020-04-16 13:23:09 - [TEST_STEP][PASSED] - " Katalon Try/Catches currently have issues? SEE HEADER": null

2020-04-16 13:23:09 - [TEST_STEP][PASSED] - try: Text 'Cookie Policy' is not present on page

2020-04-16 13:23:09 - [TEST_STEP][PASSED] - verifyElementPresent(findTestObject("Object Repository/Cookies/Page_Checkatrade Find a tradesperson you can trust/button_Accept All"), 5, OPTIONAL): Object 'Object Repository/Cookies/Page_Checkatrade Find a tradesperson you can trust/button_Accept All' is present

2020-04-16 13:23:09 - [MESSAGE][PASSED] - Object 'Object Repository/Cookies/Page_Checkatrade Find a tradesperson you can trust/button_Accept All' is present

2020-04-16 13:23:09 - [TEST_STEP][PASSED] - click(findTestObject("Object Repository/Cookies/Page_Checkatrade Find a tradesperson you can trust/button_Accept All"), OPTIONAL): Object: 'Object Repository/Cookies/Page_Checkatrade Find a tradesperson you can trust/button_Accept All' is clicked on

2020-04-16 13:23:10 - [MESSAGE][PASSED] - Object: 'Object Repository/Cookies/Page_Checkatrade Find a tradesperson you can trust/button_Accept All' is clicked on

2020-04-16 13:23:10 - [TEST_STEP][PASSED] - "---------------------------------": null

2020-04-16 13:23:10 - [TEST_STEP][PASSED] - "COOKIE POPOUT REMOVED - Confirmed": null

2020-04-16 13:23:10 - [TEST_STEP][PASSED] - delay(1): Delayed 1 second(s)

2020-04-16 13:23:11 - [MESSAGE][PASSED] - Delayed 1 second(s)

2020-04-16 13:23:11 - [TEST_STEP][PASSED] - verifyTextNotPresent("We use cookies to personalise content and ads, to provide social media features and to analyse our traffic", false): Text 'We use cookies to personalise content and ads, to provide social media features and to analyse our traffic' is not present on page

2020-04-16 13:23:11 - [MESSAGE][PASSED] - Text 'We use cookies to personalise content and ads, to provide social media features and to analyse our traffic' is not present on page

2020-04-16 13:23:11 - [TEST_STEP][PASSED] - verifyTextNotPresent(" We also share information about your use of our site with our social media, advertising and analytics partners", false): Text ' We also share information about your use of our site with our social media, advertising and analytics partners' is not present on page

2020-04-16 13:23:12 - [MESSAGE][PASSED] - Text ' We also share information about your use of our site with our social media, advertising and analytics partners' is not present on page

2020-04-16 13:23:12 - [TEST_STEP][PASSED] - verifyTextNotPresent("Cookie Policy", false): Text 'Cookie Policy' is not present on page

2020-04-16 13:23:12 - [MESSAGE][PASSED] - Text 'Cookie Policy' is not present on page

2020-04-16 13:23:12 - [TEST_STEP][PASSED] - waitForPageLoad(60): Wait for page load successfully

2020-04-16 13:23:12 - [MESSAGE][PASSED] - Wait for page load successfully

2020-04-16 13:23:12 - [TEST_STEP][PASSED] - "COOKIE - ORIGINAL": null

2020-04-16 13:23:12 - [TEST_STEP][PASSED] - if (waitForElementVisible(findTestObject("Object Repository/Feedback/Page_Checkatrade Give your feedback/input_Member_to_Review"), 5)): Web element with id: 'Object Repository/Feedback/Page_Checkatrade Give your feedback/input_Member_to_Review' located by 'By.xpath: //input[@id='feedback-form__company_autocomplete_input']' not found

2020-04-16 13:23:18 - [MESSAGE][INFO] - Unable to find the element located by 'By.xpath: //input[@id='feedback-form__company_autocomplete_input']'. Please recheck the objects properties to make sure the desired element is located. 

2020-04-16 13:23:18 - [MESSAGE][WARNING] - Web element with id: 'Object Repository/Feedback/Page_Checkatrade Give your feedback/input_Member_to_Review' located by 'By.xpath: //input[@id='feedback-form__company_autocomplete_input']' not found

2020-04-16 13:23:18 - [TEST_STEP][PASSED] - else: The <<<OLD>>> Website was detected by the STARTUP Process

2020-04-16 13:23:18 - [TEST_STEP][PASSED] - if (!(verifyElementVisible(findTestObject("Object Repository/Checkatrade_Trade_Search_Page/Page_Checkatrade Find a tradesperson you can trust/input_Search_Button_FF")))): Object 'Object Repository/Checkatrade_Trade_Search_Page/Page_Checkatrade Find a tradesperson you can trust/input_Search_Button_FF' is visible

2020-04-16 13:23:18 - [MESSAGE][PASSED] - Object 'Object Repository/Checkatrade_Trade_Search_Page/Page_Checkatrade Find a tradesperson you can trust/input_Search_Button_FF' is visible

2020-04-16 13:23:18 - [TEST_STEP][PASSED] - else: The <<<OLD>>> Website was detected by the STARTUP Process

2020-04-16 13:23:18 - [TEST_STEP][PASSED] - Website_Version = "old": null

2020-04-16 13:23:18 - [TEST_STEP][PASSED] - logInfo("The <<<OLD>>> Website was detected by the STARTUP Process"): The <<<OLD>>> Website was detected by the STARTUP Process

2020-04-16 13:23:18 - [MESSAGE][INFO] - The <<<OLD>>> Website was detected by the STARTUP Process

2020-04-16 13:23:18 - [MESSAGE][PASSED] - Call Test Case 'Test Cases/Reusable_Test_Sequences/CAT_Setup' successfully

2020-04-16 13:23:18 - [TEST_STEP][PASSED] - callTestCase(findTestCase("Reusable_Test_Sequences/CAT_Home"), [:], CONTINUE_ON_FAILURE): Call Test Case 'Test Cases/Reusable_Test_Sequences/CAT_Home' successfully

2020-04-16 13:23:18 - [TEST_CASE][PASSED] - Test Cases/Reusable_Test_Sequences/CAT_Home: Test Cases/Reusable_Test_Sequences/CAT_Home

2020-04-16 13:23:18 - [TEST_STEP][PASSED] - waitForPageLoad(60): Wait for page load successfully

2020-04-16 13:23:18 - [MESSAGE][PASSED] - Wait for page load successfully

2020-04-16 13:23:18 - [TEST_STEP][PASSED] - delay(2): Delayed 2 second(s)

2020-04-16 13:23:20 - [MESSAGE][PASSED] - Delayed 2 second(s)

2020-04-16 13:23:20 - [TEST_STEP][PASSED] - "------------------------------------": null

2020-04-16 13:23:20 - [TEST_STEP][PASSED] - if (Website_Version == "new"): null

2020-04-16 13:23:20 - [TEST_STEP][PASSED] - else: Text 'Over a million visits to Checkatrade each month' is present on page 

2020-04-16 13:23:20 - [TEST_STEP][PASSED] - verifyTextPresent("Helping you find the right trade or service", false): Text 'Helping you find the right trade or service' is present on page 

2020-04-16 13:23:22 - [MESSAGE][PASSED] - Text 'Helping you find the right trade or service' is present on page 

2020-04-16 13:23:22 - [TEST_STEP][PASSED] - verifyTextPresent("Search through over", false): Text 'Search through over' is present on page 

2020-04-16 13:23:23 - [MESSAGE][PASSED] - Text 'Search through over' is present on page 

2020-04-16 13:23:23 - [TEST_STEP][PASSED] - verifyTextPresent("recommended, vetted and monitored trades and service providers for free.", false): Text 'recommended, vetted and monitored trades and service providers for free.' is present on page 

2020-04-16 13:23:23 - [MESSAGE][PASSED] - Text 'recommended, vetted and monitored trades and service providers for free.' is present on page 

2020-04-16 13:23:23 - [TEST_STEP][PASSED] - verifyTextPresent("reviews published so far – thank you!", false): Text 'reviews published so far – thank you!' is present on page 

2020-04-16 13:23:24 - [MESSAGE][PASSED] - Text 'reviews published so far – thank you!' is present on page 

2020-04-16 13:23:24 - [TEST_STEP][PASSED] - verifyTextPresent("I need a trade or service", false): Text 'I need a trade or service' is present on page 

2020-04-16 13:23:25 - [MESSAGE][PASSED] - Text 'I need a trade or service' is present on page 

2020-04-16 13:23:25 - [TEST_STEP][PASSED] - verifyTextPresent("Every trader thoroughly checked and vetted", false): Text 'Every trader thoroughly checked and vetted' is present on page 

2020-04-16 13:23:26 - [MESSAGE][PASSED] - Text 'Every trader thoroughly checked and vetted' is present on page 

2020-04-16 13:23:26 - [TEST_STEP][PASSED] - "------------------------------------": null

2020-04-16 13:23:26 - [TEST_STEP][PASSED] - verifyTextPresent("reviews published so far – thank you!", false): Text 'reviews published so far – thank you!' is present on page 

2020-04-16 13:23:27 - [MESSAGE][PASSED] - Text 'reviews published so far – thank you!' is present on page 

2020-04-16 13:23:27 - [TEST_STEP][PASSED] - verifyTextPresent("Find out more", false): Text 'Find out more' is present on page 

2020-04-16 13:23:27 - [MESSAGE][PASSED] - Text 'Find out more' is present on page 

2020-04-16 13:23:27 - [TEST_STEP][PASSED] - verifyTextPresent("I am a tradesman", false): Text 'I am a tradesman' is present on page 

2020-04-16 13:23:28 - [MESSAGE][PASSED] - Text 'I am a tradesman' is present on page 

2020-04-16 13:23:28 - [TEST_STEP][PASSED] - verifyTextPresent("Find out more", false): Text 'Find out more' is present on page 

2020-04-16 13:23:28 - [MESSAGE][PASSED] - Text 'Find out more' is present on page 

2020-04-16 13:23:28 - [TEST_STEP][PASSED] - verifyTextPresent("Over a million visits to Checkatrade each month", false): Text 'Over a million visits to Checkatrade each month' is present on page 

2020-04-16 13:23:29 - [MESSAGE][PASSED] - Text 'Over a million visits to Checkatrade each month' is present on page 

2020-04-16 13:23:29 - [MESSAGE][PASSED] - Call Test Case 'Test Cases/Reusable_Test_Sequences/CAT_Home' successfully

2020-04-16 13:23:29 - [TEST_STEP][PASSED] - "---------------------------------------------------------------------": null

2020-04-16 13:23:29 - [TEST_STEP][PASSED] - " Select Search on Trader Name (or ID) From Home page/Search Screen   |": null

2020-04-16 13:23:29 - [TEST_STEP][PASSED] - callTestCase(findTestCase("Reusable_Test_Sequences/CAT_Click_Search_Trade_Name"), [:], STOP_ON_FAILURE): Call Test Case 'Test Cases/Reusable_Test_Sequences/CAT_Click_Search_Trade_Name' successfully

2020-04-16 13:23:29 - [TEST_CASE][PASSED] - Test Cases/Reusable_Test_Sequences/CAT_Click_Search_Trade_Name: Test Cases/Reusable_Test_Sequences/CAT_Click_Search_Trade_Name

2020-04-16 13:23:29 - [TEST_STEP][PASSED] - waitForPageLoad(60): Wait for page load successfully

2020-04-16 13:23:29 - [MESSAGE][PASSED] - Wait for page load successfully

2020-04-16 13:23:29 - [TEST_STEP][PASSED] - if (Website_Version != "new"): Object: 'Object Repository/Page_Checkatrade Find a tradesperson you can trust/a_or look up a member by name' is clicked on

2020-04-16 13:23:29 - [TEST_STEP][PASSED] - waitForElementClickable(findTestObject("Object Repository/Page_Checkatrade Find a tradesperson you can trust/a_or look up a member by name"), 5): Object 'Object Repository/Page_Checkatrade Find a tradesperson you can trust/a_or look up a member by name' is clickable

2020-04-16 13:23:29 - [MESSAGE][PASSED] - Object 'Object Repository/Page_Checkatrade Find a tradesperson you can trust/a_or look up a member by name' is clickable

2020-04-16 13:23:29 - [TEST_STEP][PASSED] - click(findTestObject("Object Repository/Page_Checkatrade Find a tradesperson you can trust/a_or look up a member by name")): Object: 'Object Repository/Page_Checkatrade Find a tradesperson you can trust/a_or look up a member by name' is clicked on

2020-04-16 13:23:30 - [MESSAGE][PASSED] - Object: 'Object Repository/Page_Checkatrade Find a tradesperson you can trust/a_or look up a member by name' is clicked on

2020-04-16 13:23:30 - [TEST_STEP][PASSED] - if (Website_Version != "old"): null

2020-04-16 13:23:30 - [TEST_STEP][PASSED] - waitForPageLoad(60): Wait for page load successfully

2020-04-16 13:23:30 - [MESSAGE][PASSED] - Wait for page load successfully

2020-04-16 13:23:30 - [MESSAGE][PASSED] - Call Test Case 'Test Cases/Reusable_Test_Sequences/CAT_Click_Search_Trade_Name' successfully

2020-04-16 13:23:30 - [TEST_STEP][PASSED] - "---------------------------------------": null

2020-04-16 13:23:30 - [TEST_STEP][PASSED] - " Enter Trader Name (or ID) to Search   |": null

2020-04-16 13:23:30 - [TEST_STEP][PASSED] - callTestCase(findTestCase("Reusable_Test_Sequences/CAT_Enter_Trade_Name"), [:], STOP_ON_FAILURE): Call Test Case 'Test Cases/Reusable_Test_Sequences/CAT_Enter_Trade_Name' successfully

2020-04-16 13:23:30 - [TEST_CASE][PASSED] - Test Cases/Reusable_Test_Sequences/CAT_Enter_Trade_Name: Test Cases/Reusable_Test_Sequences/CAT_Enter_Trade_Name

2020-04-16 13:23:30 - [TEST_STEP][PASSED] - if (Website_Version != "new"): Text '402921' is set on object 'Object Repository/Page_Checkatrade Find a tradesperson you can trust/Trader_Name_To_Search'

2020-04-16 13:23:30 - [TEST_STEP][PASSED] - setText(findTestObject("Page_Checkatrade Find a tradesperson you can trust/Trader_Name_To_Search"), findTestData("Search_CAT_ID_Data (1)").getValue("tradeName", row)): Text '402921' is set on object 'Object Repository/Page_Checkatrade Find a tradesperson you can trust/Trader_Name_To_Search'

2020-04-16 13:23:30 - [MESSAGE][PASSED] - Text '402921' is set on object 'Object Repository/Page_Checkatrade Find a tradesperson you can trust/Trader_Name_To_Search'

2020-04-16 13:23:30 - [TEST_STEP][PASSED] - if (verifyTextNotPresent("Sorry, no results found", false)): null

2020-04-16 13:23:31 - [MESSAGE][PASSED] - Text 'Sorry, no results found' is not present on page

2020-04-16 13:23:31 - [TEST_STEP][PASSED] - markPassed("The Expected Lookup Result(s) ARE being returned by the Lookup Service, AS EXPECTED"): The Expected Lookup Result(s) ARE being returned by the Lookup Service, AS EXPECTED

2020-04-16 13:23:31 - [MESSAGE][PASSED] - The Expected Lookup Result(s) ARE being returned by the Lookup Service, AS EXPECTED

2020-04-16 13:23:31 - [MESSAGE][PASSED] - Call Test Case 'Test Cases/Reusable_Test_Sequences/CAT_Enter_Trade_Name' successfully

2020-04-16 13:23:31 - [TEST_STEP][PASSED] - "---------------------------------------": null

2020-04-16 13:23:31 - [TEST_STEP][PASSED] - " Search Trader Name (or ID)            |": null

2020-04-16 13:23:31 - [TEST_STEP][PASSED] - callTestCase(findTestCase("Reusable_Test_Sequences/CAT_Search_Trade_Name"), [:], STOP_ON_FAILURE): Call Test Case 'Test Cases/Reusable_Test_Sequences/CAT_Search_Trade_Name' successfully

2020-04-16 13:23:31 - [TEST_CASE][PASSED] - Test Cases/Reusable_Test_Sequences/CAT_Search_Trade_Name: Test Cases/Reusable_Test_Sequences/CAT_Search_Trade_Name

2020-04-16 13:23:31 - [TEST_STEP][PASSED] - "Hit Search Trade Person by Name (or CAT ID) after parameters are entered": null

2020-04-16 13:23:31 - [TEST_STEP][PASSED] - waitForPageLoad(60): Wait for page load successfully

2020-04-16 13:23:31 - [MESSAGE][PASSED] - Wait for page load successfully

2020-04-16 13:23:31 - [TEST_STEP][PASSED] - delay(2): Delayed 2 second(s)

2020-04-16 13:23:33 - [MESSAGE][PASSED] - Delayed 2 second(s)

2020-04-16 13:23:33 - [TEST_STEP][PASSED] - if (Website_Version == "new"): null

2020-04-16 13:23:33 - [TEST_STEP][PASSED] - else: Object: 'Object Repository/Page_Checkatrade Find a tradesperson you can trust/span_Trade_Name' is clicked on

2020-04-16 13:23:33 - [TEST_STEP][PASSED] - waitForElementClickable(findTestObject("Page_Checkatrade Find a tradesperson you can trust/span_Trade_Name"), 60): Object 'Object Repository/Page_Checkatrade Find a tradesperson you can trust/span_Trade_Name' is clickable

2020-04-16 13:23:33 - [MESSAGE][PASSED] - Object 'Object Repository/Page_Checkatrade Find a tradesperson you can trust/span_Trade_Name' is clickable

2020-04-16 13:23:33 - [TEST_STEP][PASSED] - click(findTestObject("Page_Checkatrade Find a tradesperson you can trust/span_Trade_Name")): Object: 'Object Repository/Page_Checkatrade Find a tradesperson you can trust/span_Trade_Name' is clicked on

2020-04-16 13:23:36 - [MESSAGE][PASSED] - Object: 'Object Repository/Page_Checkatrade Find a tradesperson you can trust/span_Trade_Name' is clicked on

2020-04-16 13:23:36 - [TEST_STEP][PASSED] - delay(2): Delayed 2 second(s)

2020-04-16 13:23:38 - [MESSAGE][PASSED] - Delayed 2 second(s)

2020-04-16 13:23:38 - [TEST_STEP][PASSED] - waitForPageLoad(60): Wait for page load successfully

2020-04-16 13:23:38 - [MESSAGE][PASSED] - Wait for page load successfully

2020-04-16 13:23:38 - [MESSAGE][PASSED] - Call Test Case 'Test Cases/Reusable_Test_Sequences/CAT_Search_Trade_Name' successfully

2020-04-16 13:23:38 - [TEST_STEP][PASSED] - "------------------------------------------": null

2020-04-16 13:23:38 - [TEST_STEP][PASSED] - " Scroll to Page Footer to Reveal Results  |": null

2020-04-16 13:23:38 - [TEST_STEP][PASSED] - callTestCase(findTestCase("Reusable_Test_Sequences/CAT_Scroll_to_Footer"), [:], CONTINUE_ON_FAILURE): Call Test Case 'Test Cases/Reusable_Test_Sequences/CAT_Scroll_to_Footer' successfully

2020-04-16 13:23:38 - [TEST_CASE][PASSED] - Test Cases/Reusable_Test_Sequences/CAT_Scroll_to_Footer: Test Cases/Reusable_Test_Sequences/CAT_Scroll_to_Footer

2020-04-16 13:23:38 - [TEST_STEP][PASSED] - "-----------------------------------------------------": null

2020-04-16 13:23:38 - [TEST_STEP][PASSED] - " Major changes factored into function 05/12/2019     |": null

2020-04-16 13:23:38 - [TEST_STEP][PASSED] - "-----------------------------------------------------": null

2020-04-16 13:23:38 - [TEST_STEP][PASSED] - "Animation Removed ": null

2020-04-16 13:23:38 - [TEST_STEP][PASSED] - "Scroll - To Footer on the bottom of the page (sometime off the screen) ": null

2020-04-16 13:23:38 - [TEST_STEP][PASSED] - waitForPageLoad(60): Wait for page load successfully

2020-04-16 13:23:38 - [MESSAGE][PASSED] - Wait for page load successfully

2020-04-16 13:23:38 - [TEST_STEP][PASSED] - scrollToPosition(999, 999): Browser is scrolled to position x = 999, y = 999

2020-04-16 13:23:38 - [MESSAGE][PASSED] - Browser is scrolled to position x = 999, y = 999

2020-04-16 13:23:38 - [TEST_STEP][PASSED] - delay(1): Delayed 1 second(s)

2020-04-16 13:23:39 - [MESSAGE][PASSED] - Delayed 1 second(s)

2020-04-16 13:23:39 - [MESSAGE][PASSED] - Call Test Case 'Test Cases/Reusable_Test_Sequences/CAT_Scroll_to_Footer' successfully

2020-04-16 13:23:39 - [TEST_STEP][PASSED] - "------------------------------------------": null

2020-04-16 13:23:39 - [TEST_STEP][PASSED] - " Verify Correct Location is Returned     |": null

2020-04-16 13:23:39 - [TEST_STEP][PASSED] - callTestCase(findTestCase("Reusable_Test_Sequences/CAT_Verification_Location"), [:], CONTINUE_ON_FAILURE): Call Test Case 'Test Cases/Reusable_Test_Sequences/CAT_Verification_Location' successfully

2020-04-16 13:23:39 - [TEST_CASE][PASSED] - Test Cases/Reusable_Test_Sequences/CAT_Verification_Location: Test Cases/Reusable_Test_Sequences/CAT_Verification_Location

2020-04-16 13:23:39 - [TEST_STEP][PASSED] - waitForPageLoad(60): Wait for page load successfully

2020-04-16 13:23:39 - [MESSAGE][PASSED] - Wait for page load successfully

2020-04-16 13:23:39 - [TEST_STEP][PASSED] - verifyTextPresent(findTestData("Search_CAT_ID_Data (1)").getValue("tradeNameLocationVerification", row), false): Text 'Retford, Nottinghamshire' is present on page 

2020-04-16 13:23:40 - [MESSAGE][PASSED] - Text 'Retford, Nottinghamshire' is present on page 

2020-04-16 13:23:40 - [MESSAGE][PASSED] - Call Test Case 'Test Cases/Reusable_Test_Sequences/CAT_Verification_Location' successfully

2020-04-16 13:23:40 - [TEST_STEP][PASSED] - "------------------------------------------": null

2020-04-16 13:23:40 - [TEST_STEP][PASSED] - " Verify Primary Contact is Returned     |": null

2020-04-16 13:23:40 - [TEST_STEP][PASSED] - callTestCase(findTestCase("Reusable_Test_Sequences/CAT_Verification_Primary_Contact"), [:], CONTINUE_ON_FAILURE): Call Test Case 'Test Cases/Reusable_Test_Sequences/CAT_Verification_Primary_Contact' successfully

2020-04-16 13:23:40 - [TEST_CASE][PASSED] - Test Cases/Reusable_Test_Sequences/CAT_Verification_Primary_Contact: Test Cases/Reusable_Test_Sequences/CAT_Verification_Primary_Contact

2020-04-16 13:23:40 - [TEST_STEP][PASSED] - verifyTextPresent(findTestData("Search_CAT_ID_Data (1)").getValue("primeContact", row), false): Text 'James Burton' is present on page 

2020-04-16 13:23:40 - [MESSAGE][PASSED] - Text 'James Burton' is present on page 

2020-04-16 13:23:40 - [MESSAGE][PASSED] - Call Test Case 'Test Cases/Reusable_Test_Sequences/CAT_Verification_Primary_Contact' successfully

2020-04-16 13:23:40 - [TEST_STEP][PASSED] - "--------------------------": null

2020-04-16 13:23:40 - [TEST_STEP][PASSED] - " Teardown - CLose Browser |": null

2020-04-16 13:23:40 - [TEST_STEP][PASSED] - callTestCase(findTestCase("Reusable_Test_Sequences/CAT_Teardown"), [:], OPTIONAL): Call Test Case 'Test Cases/Reusable_Test_Sequences/CAT_Teardown' successfully

2020-04-16 13:23:41 - [TEST_CASE][PASSED] - Test Cases/Reusable_Test_Sequences/CAT_Teardown: Test Cases/Reusable_Test_Sequences/CAT_Teardown

2020-04-16 13:23:41 - [TEST_STEP][PASSED] - closeBrowser(): Browser is closed

2020-04-16 13:23:43 - [MESSAGE][PASSED] - Browser is closed

2020-04-16 13:23:43 - [TEST_STEP][PASSED] - super.finalize(): null

2020-04-16 13:23:43 - [TEST_STEP][PASSED] - System.gc(): null

2020-04-16 13:23:43 - [MESSAGE][PASSED] - Call Test Case 'Test Cases/Reusable_Test_Sequences/CAT_Teardown' successfully

2020-04-16 13:23:43 - [TEST_STEP][PASSED] - callTestCase(findTestCase("Reusable_Test_Sequences/CAT_Setup"), [:], STOP_ON_FAILURE): Call Test Case 'Test Cases/Reusable_Test_Sequences/CAT_Setup' successfully

2020-04-16 13:23:43 - [TEST_CASE][PASSED] - Test Cases/Reusable_Test_Sequences/CAT_Setup: Test Cases/Reusable_Test_Sequences/CAT_Setup

2020-04-16 13:23:43 - [TEST_STEP][PASSED] - "------------------------------": null

2020-04-16 13:23:43 - [TEST_STEP][PASSED] - " Set Mobile Device Testing    |": null

2020-04-16 13:23:43 - [TEST_STEP][PASSED] - if (Mobile_Flag == "true"): null

2020-04-16 13:23:43 - [TEST_STEP][PASSED] - "------------------------------": null

2020-04-16 13:23:43 - [TEST_STEP][PASSED] - " Set Mobile Device Testing    |": null

2020-04-16 13:23:43 - [TEST_STEP][PASSED] - "------------------------------": null

2020-04-16 13:23:43 - [TEST_STEP][PASSED] - "URL - Set from the ENVIRONMENT PROFILE ": null

2020-04-16 13:23:43 - [TEST_STEP][PASSED] - openBrowser(URL): Browser is opened with url: 'https://www.preview.checkatrade.com/'

2020-04-16 13:23:43 - [MESSAGE][INFO] - Starting 'Firefox' driver

2020-04-16 13:23:43 - [MESSAGE][INFO] - Action delay is set to 0 milliseconds

2020-04-16 13:23:54 - [MESSAGE][PASSED] - Browser is opened with url: 'https://www.preview.checkatrade.com/'

2020-04-16 13:23:54 - [TEST_STEP][PASSED] - maximizeWindow(): Current window maximized

2020-04-16 13:23:54 - [MESSAGE][PASSED] - Current window maximized

2020-04-16 13:23:54 - [TEST_STEP][PASSED] - waitForPageLoad(60): Wait for page load successfully

2020-04-16 13:23:54 - [MESSAGE][PASSED] - Wait for page load successfully

2020-04-16 13:23:54 - [TEST_STEP][PASSED] - "Previous Functionalilty Left Commented For Ease Of reversion": null

2020-04-16 13:23:54 - [TEST_STEP][PASSED] - " Katalon Try/Catches currently have issues? SEE HEADER": null

2020-04-16 13:23:54 - [TEST_STEP][PASSED] - try: Text 'Cookie Policy' is not present on page

2020-04-16 13:23:54 - [TEST_STEP][PASSED] - verifyElementPresent(findTestObject("Object Repository/Cookies/Page_Checkatrade Find a tradesperson you can trust/button_Accept All"), 5, OPTIONAL): Object 'Object Repository/Cookies/Page_Checkatrade Find a tradesperson you can trust/button_Accept All' is present

2020-04-16 13:23:54 - [MESSAGE][PASSED] - Object 'Object Repository/Cookies/Page_Checkatrade Find a tradesperson you can trust/button_Accept All' is present

2020-04-16 13:23:54 - [TEST_STEP][PASSED] - click(findTestObject("Object Repository/Cookies/Page_Checkatrade Find a tradesperson you can trust/button_Accept All"), OPTIONAL): Object: 'Object Repository/Cookies/Page_Checkatrade Find a tradesperson you can trust/button_Accept All' is clicked on

2020-04-16 13:23:55 - [MESSAGE][PASSED] - Object: 'Object Repository/Cookies/Page_Checkatrade Find a tradesperson you can trust/button_Accept All' is clicked on

2020-04-16 13:23:55 - [TEST_STEP][PASSED] - "---------------------------------": null

2020-04-16 13:23:55 - [TEST_STEP][PASSED] - "COOKIE POPOUT REMOVED - Confirmed": null

2020-04-16 13:23:55 - [TEST_STEP][PASSED] - delay(1): Delayed 1 second(s)

2020-04-16 13:23:56 - [MESSAGE][PASSED] - Delayed 1 second(s)

2020-04-16 13:23:56 - [TEST_STEP][PASSED] - verifyTextNotPresent("We use cookies to personalise content and ads, to provide social media features and to analyse our traffic", false): Text 'We use cookies to personalise content and ads, to provide social media features and to analyse our traffic' is not present on page

2020-04-16 13:23:57 - [MESSAGE][PASSED] - Text 'We use cookies to personalise content and ads, to provide social media features and to analyse our traffic' is not present on page

2020-04-16 13:23:57 - [TEST_STEP][PASSED] - verifyTextNotPresent(" We also share information about your use of our site with our social media, advertising and analytics partners", false): Text ' We also share information about your use of our site with our social media, advertising and analytics partners' is not present on page

2020-04-16 13:23:58 - [MESSAGE][PASSED] - Text ' We also share information about your use of our site with our social media, advertising and analytics partners' is not present on page

2020-04-16 13:23:58 - [TEST_STEP][PASSED] - verifyTextNotPresent("Cookie Policy", false): Text 'Cookie Policy' is not present on page

2020-04-16 13:23:59 - [MESSAGE][PASSED] - Text 'Cookie Policy' is not present on page

2020-04-16 13:23:59 - [TEST_STEP][PASSED] - waitForPageLoad(60): Wait for page load successfully

2020-04-16 13:23:59 - [MESSAGE][PASSED] - Wait for page load successfully

2020-04-16 13:23:59 - [TEST_STEP][PASSED] - "COOKIE - ORIGINAL": null

2020-04-16 13:23:59 - [TEST_STEP][PASSED] - if (waitForElementVisible(findTestObject("Object Repository/Feedback/Page_Checkatrade Give your feedback/input_Member_to_Review"), 5)): Web element with id: 'Object Repository/Feedback/Page_Checkatrade Give your feedback/input_Member_to_Review' located by 'By.xpath: //input[@id='feedback-form__company_autocomplete_input']' not found

2020-04-16 13:24:04 - [MESSAGE][INFO] - Unable to find the element located by 'By.xpath: //input[@id='feedback-form__company_autocomplete_input']'. Please recheck the objects properties to make sure the desired element is located. 

2020-04-16 13:24:04 - [MESSAGE][WARNING] - Web element with id: 'Object Repository/Feedback/Page_Checkatrade Give your feedback/input_Member_to_Review' located by 'By.xpath: //input[@id='feedback-form__company_autocomplete_input']' not found

2020-04-16 13:24:04 - [TEST_STEP][PASSED] - else: The <<<OLD>>> Website was detected by the STARTUP Process

2020-04-16 13:24:04 - [TEST_STEP][PASSED] - if (!(verifyElementVisible(findTestObject("Object Repository/Checkatrade_Trade_Search_Page/Page_Checkatrade Find a tradesperson you can trust/input_Search_Button_FF")))): Object 'Object Repository/Checkatrade_Trade_Search_Page/Page_Checkatrade Find a tradesperson you can trust/input_Search_Button_FF' is visible

2020-04-16 13:24:04 - [MESSAGE][PASSED] - Object 'Object Repository/Checkatrade_Trade_Search_Page/Page_Checkatrade Find a tradesperson you can trust/input_Search_Button_FF' is visible

2020-04-16 13:24:04 - [TEST_STEP][PASSED] - else: The <<<OLD>>> Website was detected by the STARTUP Process

2020-04-16 13:24:04 - [TEST_STEP][PASSED] - Website_Version = "old": null

2020-04-16 13:24:04 - [TEST_STEP][PASSED] - logInfo("The <<<OLD>>> Website was detected by the STARTUP Process"): The <<<OLD>>> Website was detected by the STARTUP Process

2020-04-16 13:24:04 - [MESSAGE][INFO] - The <<<OLD>>> Website was detected by the STARTUP Process

2020-04-16 13:24:04 - [MESSAGE][PASSED] - Call Test Case 'Test Cases/Reusable_Test_Sequences/CAT_Setup' successfully

2020-04-16 13:24:04 - [TEST_STEP][PASSED] - callTestCase(findTestCase("Reusable_Test_Sequences/CAT_Home"), [:], CONTINUE_ON_FAILURE): Call Test Case 'Test Cases/Reusable_Test_Sequences/CAT_Home' successfully

2020-04-16 13:24:04 - [TEST_CASE][PASSED] - Test Cases/Reusable_Test_Sequences/CAT_Home: Test Cases/Reusable_Test_Sequences/CAT_Home

2020-04-16 13:24:04 - [TEST_STEP][PASSED] - waitForPageLoad(60): Wait for page load successfully

2020-04-16 13:24:04 - [MESSAGE][PASSED] - Wait for page load successfully

2020-04-16 13:24:04 - [TEST_STEP][PASSED] - delay(2): Delayed 2 second(s)

2020-04-16 13:24:06 - [MESSAGE][PASSED] - Delayed 2 second(s)

2020-04-16 13:24:06 - [TEST_STEP][PASSED] - "------------------------------------": null

2020-04-16 13:24:06 - [TEST_STEP][PASSED] - if (Website_Version == "new"): null

2020-04-16 13:24:06 - [TEST_STEP][PASSED] - else: Text 'Over a million visits to Checkatrade each month' is present on page 

2020-04-16 13:24:06 - [TEST_STEP][PASSED] - verifyTextPresent("Helping you find the right trade or service", false): Text 'Helping you find the right trade or service' is present on page 

2020-04-16 13:24:07 - [MESSAGE][PASSED] - Text 'Helping you find the right trade or service' is present on page 

2020-04-16 13:24:07 - [TEST_STEP][PASSED] - verifyTextPresent("Search through over", false): Text 'Search through over' is present on page 

2020-04-16 13:24:07 - [MESSAGE][PASSED] - Text 'Search through over' is present on page 

2020-04-16 13:24:07 - [TEST_STEP][PASSED] - verifyTextPresent("recommended, vetted and monitored trades and service providers for free.", false): Text 'recommended, vetted and monitored trades and service providers for free.' is present on page 

2020-04-16 13:24:08 - [MESSAGE][PASSED] - Text 'recommended, vetted and monitored trades and service providers for free.' is present on page 

2020-04-16 13:24:08 - [TEST_STEP][PASSED] - verifyTextPresent("reviews published so far – thank you!", false): Text 'reviews published so far – thank you!' is present on page 

2020-04-16 13:24:09 - [MESSAGE][PASSED] - Text 'reviews published so far – thank you!' is present on page 

2020-04-16 13:24:09 - [TEST_STEP][PASSED] - verifyTextPresent("I need a trade or service", false): Text 'I need a trade or service' is present on page 

2020-04-16 13:24:10 - [MESSAGE][PASSED] - Text 'I need a trade or service' is present on page 

2020-04-16 13:24:10 - [TEST_STEP][PASSED] - verifyTextPresent("Every trader thoroughly checked and vetted", false): Text 'Every trader thoroughly checked and vetted' is present on page 

2020-04-16 13:24:10 - [MESSAGE][PASSED] - Text 'Every trader thoroughly checked and vetted' is present on page 

2020-04-16 13:24:10 - [TEST_STEP][PASSED] - "------------------------------------": null

2020-04-16 13:24:10 - [TEST_STEP][PASSED] - verifyTextPresent("reviews published so far – thank you!", false): Text 'reviews published so far – thank you!' is present on page 

2020-04-16 13:24:10 - [MESSAGE][PASSED] - Text 'reviews published so far – thank you!' is present on page 

2020-04-16 13:24:10 - [TEST_STEP][PASSED] - verifyTextPresent("Find out more", false): Text 'Find out more' is present on page 

2020-04-16 13:24:10 - [MESSAGE][PASSED] - Text 'Find out more' is present on page 

2020-04-16 13:24:10 - [TEST_STEP][PASSED] - verifyTextPresent("I am a tradesman", false): Text 'I am a tradesman' is present on page 

2020-04-16 13:24:11 - [MESSAGE][PASSED] - Text 'I am a tradesman' is present on page 

2020-04-16 13:24:11 - [TEST_STEP][PASSED] - verifyTextPresent("Find out more", false): Text 'Find out more' is present on page 

2020-04-16 13:24:11 - [MESSAGE][PASSED] - Text 'Find out more' is present on page 

2020-04-16 13:24:11 - [TEST_STEP][PASSED] - verifyTextPresent("Over a million visits to Checkatrade each month", false): Text 'Over a million visits to Checkatrade each month' is present on page 

2020-04-16 13:24:11 - [MESSAGE][PASSED] - Text 'Over a million visits to Checkatrade each month' is present on page 

2020-04-16 13:24:11 - [MESSAGE][PASSED] - Call Test Case 'Test Cases/Reusable_Test_Sequences/CAT_Home' successfully

2020-04-16 13:24:11 - [TEST_STEP][PASSED] - "---------------------------------------------------------------------": null

2020-04-16 13:24:11 - [TEST_STEP][PASSED] - " Select Search on Trader Name (or ID) From Home page/Search Screen   |": null

2020-04-16 13:24:11 - [TEST_STEP][PASSED] - callTestCase(findTestCase("Reusable_Test_Sequences/CAT_Click_Search_Trade_Name"), [:], STOP_ON_FAILURE): Call Test Case 'Test Cases/Reusable_Test_Sequences/CAT_Click_Search_Trade_Name' successfully

2020-04-16 13:24:11 - [TEST_CASE][PASSED] - Test Cases/Reusable_Test_Sequences/CAT_Click_Search_Trade_Name: Test Cases/Reusable_Test_Sequences/CAT_Click_Search_Trade_Name

2020-04-16 13:24:11 - [TEST_STEP][PASSED] - waitForPageLoad(60): Wait for page load successfully

2020-04-16 13:24:11 - [MESSAGE][PASSED] - Wait for page load successfully

2020-04-16 13:24:11 - [TEST_STEP][PASSED] - if (Website_Version != "new"): Object: 'Object Repository/Page_Checkatrade Find a tradesperson you can trust/a_or look up a member by name' is clicked on

2020-04-16 13:24:11 - [TEST_STEP][PASSED] - waitForElementClickable(findTestObject("Object Repository/Page_Checkatrade Find a tradesperson you can trust/a_or look up a member by name"), 5): Object 'Object Repository/Page_Checkatrade Find a tradesperson you can trust/a_or look up a member by name' is clickable

2020-04-16 13:24:11 - [MESSAGE][PASSED] - Object 'Object Repository/Page_Checkatrade Find a tradesperson you can trust/a_or look up a member by name' is clickable

2020-04-16 13:24:11 - [TEST_STEP][PASSED] - click(findTestObject("Object Repository/Page_Checkatrade Find a tradesperson you can trust/a_or look up a member by name")): Object: 'Object Repository/Page_Checkatrade Find a tradesperson you can trust/a_or look up a member by name' is clicked on

2020-04-16 13:24:12 - [MESSAGE][PASSED] - Object: 'Object Repository/Page_Checkatrade Find a tradesperson you can trust/a_or look up a member by name' is clicked on

2020-04-16 13:24:12 - [TEST_STEP][PASSED] - if (Website_Version != "old"): null

2020-04-16 13:24:12 - [TEST_STEP][PASSED] - waitForPageLoad(60): Wait for page load successfully

2020-04-16 13:24:12 - [MESSAGE][PASSED] - Wait for page load successfully

2020-04-16 13:24:12 - [MESSAGE][PASSED] - Call Test Case 'Test Cases/Reusable_Test_Sequences/CAT_Click_Search_Trade_Name' successfully

2020-04-16 13:24:12 - [TEST_STEP][PASSED] - "---------------------------------------": null

2020-04-16 13:24:12 - [TEST_STEP][PASSED] - " Enter Trader Name (or ID) to Search   |": null

2020-04-16 13:24:12 - [TEST_STEP][PASSED] - callTestCase(findTestCase("Reusable_Test_Sequences/CAT_Enter_Trade_Name"), [:], STOP_ON_FAILURE): Call Test Case 'Test Cases/Reusable_Test_Sequences/CAT_Enter_Trade_Name' successfully

2020-04-16 13:24:12 - [TEST_CASE][PASSED] - Test Cases/Reusable_Test_Sequences/CAT_Enter_Trade_Name: Test Cases/Reusable_Test_Sequences/CAT_Enter_Trade_Name

2020-04-16 13:24:12 - [TEST_STEP][PASSED] - if (Website_Version != "new"): Text '308682' is set on object 'Object Repository/Page_Checkatrade Find a tradesperson you can trust/Trader_Name_To_Search'

2020-04-16 13:24:12 - [TEST_STEP][PASSED] - setText(findTestObject("Page_Checkatrade Find a tradesperson you can trust/Trader_Name_To_Search"), findTestData("Search_CAT_ID_Data (1)").getValue("tradeName", row)): Text '308682' is set on object 'Object Repository/Page_Checkatrade Find a tradesperson you can trust/Trader_Name_To_Search'

2020-04-16 13:24:12 - [MESSAGE][PASSED] - Text '308682' is set on object 'Object Repository/Page_Checkatrade Find a tradesperson you can trust/Trader_Name_To_Search'

2020-04-16 13:24:12 - [TEST_STEP][PASSED] - if (verifyTextNotPresent("Sorry, no results found", false)): null

2020-04-16 13:24:13 - [MESSAGE][PASSED] - Text 'Sorry, no results found' is not present on page

2020-04-16 13:24:13 - [TEST_STEP][PASSED] - markPassed("The Expected Lookup Result(s) ARE being returned by the Lookup Service, AS EXPECTED"): The Expected Lookup Result(s) ARE being returned by the Lookup Service, AS EXPECTED

2020-04-16 13:24:13 - [MESSAGE][PASSED] - The Expected Lookup Result(s) ARE being returned by the Lookup Service, AS EXPECTED

2020-04-16 13:24:13 - [MESSAGE][PASSED] - Call Test Case 'Test Cases/Reusable_Test_Sequences/CAT_Enter_Trade_Name' successfully

2020-04-16 13:24:13 - [TEST_STEP][PASSED] - "---------------------------------------": null

2020-04-16 13:24:13 - [TEST_STEP][PASSED] - " Search Trader Name (or ID)            |": null

2020-04-16 13:24:13 - [TEST_STEP][PASSED] - callTestCase(findTestCase("Reusable_Test_Sequences/CAT_Search_Trade_Name"), [:], STOP_ON_FAILURE): Call Test Case 'Test Cases/Reusable_Test_Sequences/CAT_Search_Trade_Name' successfully

2020-04-16 13:24:13 - [TEST_CASE][PASSED] - Test Cases/Reusable_Test_Sequences/CAT_Search_Trade_Name: Test Cases/Reusable_Test_Sequences/CAT_Search_Trade_Name

2020-04-16 13:24:13 - [TEST_STEP][PASSED] - "Hit Search Trade Person by Name (or CAT ID) after parameters are entered": null

2020-04-16 13:24:13 - [TEST_STEP][PASSED] - waitForPageLoad(60): Wait for page load successfully

2020-04-16 13:24:13 - [MESSAGE][PASSED] - Wait for page load successfully

2020-04-16 13:24:13 - [TEST_STEP][PASSED] - delay(2): Delayed 2 second(s)

2020-04-16 13:24:15 - [MESSAGE][PASSED] - Delayed 2 second(s)

2020-04-16 13:24:15 - [TEST_STEP][PASSED] - if (Website_Version == "new"): null

2020-04-16 13:24:15 - [TEST_STEP][PASSED] - else: Object: 'Object Repository/Page_Checkatrade Find a tradesperson you can trust/span_Trade_Name' is clicked on

2020-04-16 13:24:15 - [TEST_STEP][PASSED] - waitForElementClickable(findTestObject("Page_Checkatrade Find a tradesperson you can trust/span_Trade_Name"), 60): Object 'Object Repository/Page_Checkatrade Find a tradesperson you can trust/span_Trade_Name' is clickable

2020-04-16 13:24:15 - [MESSAGE][PASSED] - Object 'Object Repository/Page_Checkatrade Find a tradesperson you can trust/span_Trade_Name' is clickable

2020-04-16 13:24:15 - [TEST_STEP][PASSED] - click(findTestObject("Page_Checkatrade Find a tradesperson you can trust/span_Trade_Name")): Object: 'Object Repository/Page_Checkatrade Find a tradesperson you can trust/span_Trade_Name' is clicked on

2020-04-16 13:24:20 - [MESSAGE][PASSED] - Object: 'Object Repository/Page_Checkatrade Find a tradesperson you can trust/span_Trade_Name' is clicked on

2020-04-16 13:24:20 - [TEST_STEP][PASSED] - delay(2): Delayed 2 second(s)

2020-04-16 13:24:22 - [MESSAGE][PASSED] - Delayed 2 second(s)

2020-04-16 13:24:22 - [TEST_STEP][PASSED] - waitForPageLoad(60): Wait for page load successfully

2020-04-16 13:24:22 - [MESSAGE][PASSED] - Wait for page load successfully

2020-04-16 13:24:22 - [MESSAGE][PASSED] - Call Test Case 'Test Cases/Reusable_Test_Sequences/CAT_Search_Trade_Name' successfully

2020-04-16 13:24:22 - [TEST_STEP][PASSED] - "------------------------------------------": null

2020-04-16 13:24:22 - [TEST_STEP][PASSED] - " Scroll to Page Footer to Reveal Results  |": null

2020-04-16 13:24:22 - [TEST_STEP][PASSED] - callTestCase(findTestCase("Reusable_Test_Sequences/CAT_Scroll_to_Footer"), [:], CONTINUE_ON_FAILURE): Call Test Case 'Test Cases/Reusable_Test_Sequences/CAT_Scroll_to_Footer' successfully

2020-04-16 13:24:22 - [TEST_CASE][PASSED] - Test Cases/Reusable_Test_Sequences/CAT_Scroll_to_Footer: Test Cases/Reusable_Test_Sequences/CAT_Scroll_to_Footer

2020-04-16 13:24:22 - [TEST_STEP][PASSED] - "-----------------------------------------------------": null

2020-04-16 13:24:22 - [TEST_STEP][PASSED] - " Major changes factored into function 05/12/2019     |": null

2020-04-16 13:24:22 - [TEST_STEP][PASSED] - "-----------------------------------------------------": null

2020-04-16 13:24:22 - [TEST_STEP][PASSED] - "Animation Removed ": null

2020-04-16 13:24:22 - [TEST_STEP][PASSED] - "Scroll - To Footer on the bottom of the page (sometime off the screen) ": null

2020-04-16 13:24:22 - [TEST_STEP][PASSED] - waitForPageLoad(60): Wait for page load successfully

2020-04-16 13:24:22 - [MESSAGE][PASSED] - Wait for page load successfully

2020-04-16 13:24:22 - [TEST_STEP][PASSED] - scrollToPosition(999, 999): Browser is scrolled to position x = 999, y = 999

2020-04-16 13:24:22 - [MESSAGE][PASSED] - Browser is scrolled to position x = 999, y = 999

2020-04-16 13:24:22 - [TEST_STEP][PASSED] - delay(1): Delayed 1 second(s)

2020-04-16 13:24:23 - [MESSAGE][PASSED] - Delayed 1 second(s)

2020-04-16 13:24:23 - [MESSAGE][PASSED] - Call Test Case 'Test Cases/Reusable_Test_Sequences/CAT_Scroll_to_Footer' successfully

2020-04-16 13:24:23 - [TEST_STEP][PASSED] - "------------------------------------------": null

2020-04-16 13:24:23 - [TEST_STEP][PASSED] - " Verify Correct Location is Returned     |": null

2020-04-16 13:24:23 - [TEST_STEP][PASSED] - callTestCase(findTestCase("Reusable_Test_Sequences/CAT_Verification_Location"), [:], CONTINUE_ON_FAILURE): Call Test Case 'Test Cases/Reusable_Test_Sequences/CAT_Verification_Location' successfully

2020-04-16 13:24:24 - [TEST_CASE][PASSED] - Test Cases/Reusable_Test_Sequences/CAT_Verification_Location: Test Cases/Reusable_Test_Sequences/CAT_Verification_Location

2020-04-16 13:24:24 - [TEST_STEP][PASSED] - waitForPageLoad(60): Wait for page load successfully

2020-04-16 13:24:24 - [MESSAGE][PASSED] - Wait for page load successfully

2020-04-16 13:24:24 - [TEST_STEP][PASSED] - verifyTextPresent(findTestData("Search_CAT_ID_Data (1)").getValue("tradeNameLocationVerification", row), false): Text 'Banbury, Oxfordshire' is present on page 

2020-04-16 13:24:24 - [MESSAGE][PASSED] - Text 'Banbury, Oxfordshire' is present on page 

2020-04-16 13:24:24 - [MESSAGE][PASSED] - Call Test Case 'Test Cases/Reusable_Test_Sequences/CAT_Verification_Location' successfully

2020-04-16 13:24:24 - [TEST_STEP][PASSED] - "------------------------------------------": null

2020-04-16 13:24:24 - [TEST_STEP][PASSED] - " Verify Primary Contact is Returned     |": null

2020-04-16 13:24:24 - [TEST_STEP][PASSED] - callTestCase(findTestCase("Reusable_Test_Sequences/CAT_Verification_Primary_Contact"), [:], CONTINUE_ON_FAILURE): Call Test Case 'Test Cases/Reusable_Test_Sequences/CAT_Verification_Primary_Contact' successfully

2020-04-16 13:24:24 - [TEST_CASE][PASSED] - Test Cases/Reusable_Test_Sequences/CAT_Verification_Primary_Contact: Test Cases/Reusable_Test_Sequences/CAT_Verification_Primary_Contact

2020-04-16 13:24:25 - [TEST_STEP][PASSED] - verifyTextPresent(findTestData("Search_CAT_ID_Data (1)").getValue("primeContact", row), false): Text 'Andrew Whitaker' is present on page 

2020-04-16 13:24:25 - [MESSAGE][PASSED] - Text 'Andrew Whitaker' is present on page 

2020-04-16 13:24:25 - [MESSAGE][PASSED] - Call Test Case 'Test Cases/Reusable_Test_Sequences/CAT_Verification_Primary_Contact' successfully

2020-04-16 13:24:25 - [TEST_STEP][PASSED] - "--------------------------": null

2020-04-16 13:24:25 - [TEST_STEP][PASSED] - " Teardown - CLose Browser |": null

2020-04-16 13:24:25 - [TEST_STEP][PASSED] - callTestCase(findTestCase("Reusable_Test_Sequences/CAT_Teardown"), [:], OPTIONAL): Call Test Case 'Test Cases/Reusable_Test_Sequences/CAT_Teardown' successfully

2020-04-16 13:24:25 - [TEST_CASE][PASSED] - Test Cases/Reusable_Test_Sequences/CAT_Teardown: Test Cases/Reusable_Test_Sequences/CAT_Teardown

2020-04-16 13:24:25 - [TEST_STEP][PASSED] - closeBrowser(): Browser is closed

2020-04-16 13:24:28 - [MESSAGE][PASSED] - Browser is closed

2020-04-16 13:24:28 - [TEST_STEP][PASSED] - super.finalize(): null

2020-04-16 13:24:28 - [TEST_STEP][PASSED] - System.gc(): null

2020-04-16 13:24:28 - [MESSAGE][PASSED] - Call Test Case 'Test Cases/Reusable_Test_Sequences/CAT_Teardown' successfully

2020-04-16 13:24:28 - [TEST_STEP][PASSED] - callTestCase(findTestCase("Reusable_Test_Sequences/CAT_Setup"), [:], STOP_ON_FAILURE): Call Test Case 'Test Cases/Reusable_Test_Sequences/CAT_Setup' successfully

2020-04-16 13:24:28 - [TEST_CASE][PASSED] - Test Cases/Reusable_Test_Sequences/CAT_Setup: Test Cases/Reusable_Test_Sequences/CAT_Setup

2020-04-16 13:24:28 - [TEST_STEP][PASSED] - "------------------------------": null

2020-04-16 13:24:28 - [TEST_STEP][PASSED] - " Set Mobile Device Testing    |": null

2020-04-16 13:24:28 - [TEST_STEP][PASSED] - if (Mobile_Flag == "true"): null

2020-04-16 13:24:28 - [TEST_STEP][PASSED] - "------------------------------": null

2020-04-16 13:24:28 - [TEST_STEP][PASSED] - " Set Mobile Device Testing    |": null

2020-04-16 13:24:28 - [TEST_STEP][PASSED] - "------------------------------": null

2020-04-16 13:24:28 - [TEST_STEP][PASSED] - "URL - Set from the ENVIRONMENT PROFILE ": null

2020-04-16 13:24:28 - [TEST_STEP][PASSED] - openBrowser(URL): Browser is opened with url: 'https://www.preview.checkatrade.com/'

2020-04-16 13:24:28 - [MESSAGE][INFO] - Starting 'Firefox' driver

2020-04-16 13:24:28 - [MESSAGE][INFO] - Action delay is set to 0 milliseconds

2020-04-16 13:24:38 - [MESSAGE][PASSED] - Browser is opened with url: 'https://www.preview.checkatrade.com/'

2020-04-16 13:24:38 - [TEST_STEP][PASSED] - maximizeWindow(): Current window maximized

2020-04-16 13:24:38 - [MESSAGE][PASSED] - Current window maximized

2020-04-16 13:24:38 - [TEST_STEP][PASSED] - waitForPageLoad(60): Wait for page load successfully

2020-04-16 13:24:38 - [MESSAGE][PASSED] - Wait for page load successfully

2020-04-16 13:24:38 - [TEST_STEP][PASSED] - "Previous Functionalilty Left Commented For Ease Of reversion": null

2020-04-16 13:24:38 - [TEST_STEP][PASSED] - " Katalon Try/Catches currently have issues? SEE HEADER": null

2020-04-16 13:24:38 - [TEST_STEP][PASSED] - try: Text 'Cookie Policy' is not present on page

2020-04-16 13:24:38 - [TEST_STEP][PASSED] - verifyElementPresent(findTestObject("Object Repository/Cookies/Page_Checkatrade Find a tradesperson you can trust/button_Accept All"), 5, OPTIONAL): Object 'Object Repository/Cookies/Page_Checkatrade Find a tradesperson you can trust/button_Accept All' is present

2020-04-16 13:24:38 - [MESSAGE][PASSED] - Object 'Object Repository/Cookies/Page_Checkatrade Find a tradesperson you can trust/button_Accept All' is present

2020-04-16 13:24:38 - [TEST_STEP][PASSED] - click(findTestObject("Object Repository/Cookies/Page_Checkatrade Find a tradesperson you can trust/button_Accept All"), OPTIONAL): Object: 'Object Repository/Cookies/Page_Checkatrade Find a tradesperson you can trust/button_Accept All' is clicked on

2020-04-16 13:24:39 - [MESSAGE][PASSED] - Object: 'Object Repository/Cookies/Page_Checkatrade Find a tradesperson you can trust/button_Accept All' is clicked on

2020-04-16 13:24:39 - [TEST_STEP][PASSED] - "---------------------------------": null

2020-04-16 13:24:39 - [TEST_STEP][PASSED] - "COOKIE POPOUT REMOVED - Confirmed": null

2020-04-16 13:24:39 - [TEST_STEP][PASSED] - delay(1): Delayed 1 second(s)

2020-04-16 13:24:40 - [MESSAGE][PASSED] - Delayed 1 second(s)

2020-04-16 13:24:40 - [TEST_STEP][PASSED] - verifyTextNotPresent("We use cookies to personalise content and ads, to provide social media features and to analyse our traffic", false): Text 'We use cookies to personalise content and ads, to provide social media features and to analyse our traffic' is not present on page

2020-04-16 13:24:41 - [MESSAGE][PASSED] - Text 'We use cookies to personalise content and ads, to provide social media features and to analyse our traffic' is not present on page

2020-04-16 13:24:41 - [TEST_STEP][PASSED] - verifyTextNotPresent(" We also share information about your use of our site with our social media, advertising and analytics partners", false): Text ' We also share information about your use of our site with our social media, advertising and analytics partners' is not present on page

2020-04-16 13:24:41 - [MESSAGE][PASSED] - Text ' We also share information about your use of our site with our social media, advertising and analytics partners' is not present on page

2020-04-16 13:24:41 - [TEST_STEP][PASSED] - verifyTextNotPresent("Cookie Policy", false): Text 'Cookie Policy' is not present on page

2020-04-16 13:24:41 - [MESSAGE][PASSED] - Text 'Cookie Policy' is not present on page

2020-04-16 13:24:41 - [TEST_STEP][PASSED] - waitForPageLoad(60): Wait for page load successfully

2020-04-16 13:24:41 - [MESSAGE][PASSED] - Wait for page load successfully

2020-04-16 13:24:41 - [TEST_STEP][PASSED] - "COOKIE - ORIGINAL": null

2020-04-16 13:24:41 - [TEST_STEP][PASSED] - if (waitForElementVisible(findTestObject("Object Repository/Feedback/Page_Checkatrade Give your feedback/input_Member_to_Review"), 5)): Web element with id: 'Object Repository/Feedback/Page_Checkatrade Give your feedback/input_Member_to_Review' located by 'By.xpath: //input[@id='feedback-form__company_autocomplete_input']' not found

2020-04-16 13:24:46 - [MESSAGE][INFO] - Unable to find the element located by 'By.xpath: //input[@id='feedback-form__company_autocomplete_input']'. Please recheck the objects properties to make sure the desired element is located. 

2020-04-16 13:24:46 - [MESSAGE][WARNING] - Web element with id: 'Object Repository/Feedback/Page_Checkatrade Give your feedback/input_Member_to_Review' located by 'By.xpath: //input[@id='feedback-form__company_autocomplete_input']' not found

2020-04-16 13:24:47 - [TEST_STEP][PASSED] - else: The <<<OLD>>> Website was detected by the STARTUP Process

2020-04-16 13:24:47 - [TEST_STEP][PASSED] - if (!(verifyElementVisible(findTestObject("Object Repository/Checkatrade_Trade_Search_Page/Page_Checkatrade Find a tradesperson you can trust/input_Search_Button_FF")))): Object 'Object Repository/Checkatrade_Trade_Search_Page/Page_Checkatrade Find a tradesperson you can trust/input_Search_Button_FF' is visible

2020-04-16 13:24:47 - [MESSAGE][PASSED] - Object 'Object Repository/Checkatrade_Trade_Search_Page/Page_Checkatrade Find a tradesperson you can trust/input_Search_Button_FF' is visible

2020-04-16 13:24:47 - [TEST_STEP][PASSED] - else: The <<<OLD>>> Website was detected by the STARTUP Process

2020-04-16 13:24:47 - [TEST_STEP][PASSED] - Website_Version = "old": null

2020-04-16 13:24:47 - [TEST_STEP][PASSED] - logInfo("The <<<OLD>>> Website was detected by the STARTUP Process"): The <<<OLD>>> Website was detected by the STARTUP Process

2020-04-16 13:24:47 - [MESSAGE][INFO] - The <<<OLD>>> Website was detected by the STARTUP Process

2020-04-16 13:24:47 - [MESSAGE][PASSED] - Call Test Case 'Test Cases/Reusable_Test_Sequences/CAT_Setup' successfully

2020-04-16 13:24:47 - [TEST_STEP][PASSED] - callTestCase(findTestCase("Reusable_Test_Sequences/CAT_Home"), [:], CONTINUE_ON_FAILURE): Call Test Case 'Test Cases/Reusable_Test_Sequences/CAT_Home' successfully

2020-04-16 13:24:47 - [TEST_CASE][PASSED] - Test Cases/Reusable_Test_Sequences/CAT_Home: Test Cases/Reusable_Test_Sequences/CAT_Home

2020-04-16 13:24:47 - [TEST_STEP][PASSED] - waitForPageLoad(60): Wait for page load successfully

2020-04-16 13:24:47 - [MESSAGE][PASSED] - Wait for page load successfully

2020-04-16 13:24:47 - [TEST_STEP][PASSED] - delay(2): Delayed 2 second(s)

2020-04-16 13:24:49 - [MESSAGE][PASSED] - Delayed 2 second(s)

2020-04-16 13:24:49 - [TEST_STEP][PASSED] - "------------------------------------": null

2020-04-16 13:24:49 - [TEST_STEP][PASSED] - if (Website_Version == "new"): null

2020-04-16 13:24:49 - [TEST_STEP][PASSED] - else: Text 'Over a million visits to Checkatrade each month' is present on page 

2020-04-16 13:24:49 - [TEST_STEP][PASSED] - verifyTextPresent("Helping you find the right trade or service", false): Text 'Helping you find the right trade or service' is present on page 

2020-04-16 13:24:50 - [MESSAGE][PASSED] - Text 'Helping you find the right trade or service' is present on page 

2020-04-16 13:24:50 - [TEST_STEP][PASSED] - verifyTextPresent("Search through over", false): Text 'Search through over' is present on page 

2020-04-16 13:24:50 - [MESSAGE][PASSED] - Text 'Search through over' is present on page 

2020-04-16 13:24:50 - [TEST_STEP][PASSED] - verifyTextPresent("recommended, vetted and monitored trades and service providers for free.", false): Text 'recommended, vetted and monitored trades and service providers for free.' is present on page 

2020-04-16 13:24:51 - [MESSAGE][PASSED] - Text 'recommended, vetted and monitored trades and service providers for free.' is present on page 

2020-04-16 13:24:51 - [TEST_STEP][PASSED] - verifyTextPresent("reviews published so far – thank you!", false): Text 'reviews published so far – thank you!' is present on page 

2020-04-16 13:24:52 - [MESSAGE][PASSED] - Text 'reviews published so far – thank you!' is present on page 

2020-04-16 13:24:52 - [TEST_STEP][PASSED] - verifyTextPresent("I need a trade or service", false): Text 'I need a trade or service' is present on page 

2020-04-16 13:24:52 - [MESSAGE][PASSED] - Text 'I need a trade or service' is present on page 

2020-04-16 13:24:52 - [TEST_STEP][PASSED] - verifyTextPresent("Every trader thoroughly checked and vetted", false): Text 'Every trader thoroughly checked and vetted' is present on page 

2020-04-16 13:24:52 - [MESSAGE][PASSED] - Text 'Every trader thoroughly checked and vetted' is present on page 

2020-04-16 13:24:52 - [TEST_STEP][PASSED] - "------------------------------------": null

2020-04-16 13:24:52 - [TEST_STEP][PASSED] - verifyTextPresent("reviews published so far – thank you!", false): Text 'reviews published so far – thank you!' is present on page 

2020-04-16 13:24:53 - [MESSAGE][PASSED] - Text 'reviews published so far – thank you!' is present on page 

2020-04-16 13:24:53 - [TEST_STEP][PASSED] - verifyTextPresent("Find out more", false): Text 'Find out more' is present on page 

2020-04-16 13:24:54 - [MESSAGE][PASSED] - Text 'Find out more' is present on page 

2020-04-16 13:24:54 - [TEST_STEP][PASSED] - verifyTextPresent("I am a tradesman", false): Text 'I am a tradesman' is present on page 

2020-04-16 13:24:54 - [MESSAGE][PASSED] - Text 'I am a tradesman' is present on page 

2020-04-16 13:24:54 - [TEST_STEP][PASSED] - verifyTextPresent("Find out more", false): Text 'Find out more' is present on page 

2020-04-16 13:24:54 - [MESSAGE][PASSED] - Text 'Find out more' is present on page 

2020-04-16 13:24:54 - [TEST_STEP][PASSED] - verifyTextPresent("Over a million visits to Checkatrade each month", false): Text 'Over a million visits to Checkatrade each month' is present on page 

2020-04-16 13:24:55 - [MESSAGE][PASSED] - Text 'Over a million visits to Checkatrade each month' is present on page 

2020-04-16 13:24:55 - [MESSAGE][PASSED] - Call Test Case 'Test Cases/Reusable_Test_Sequences/CAT_Home' successfully

2020-04-16 13:24:55 - [TEST_STEP][PASSED] - "---------------------------------------------------------------------": null

2020-04-16 13:24:55 - [TEST_STEP][PASSED] - " Select Search on Trader Name (or ID) From Home page/Search Screen   |": null

2020-04-16 13:24:55 - [TEST_STEP][PASSED] - callTestCase(findTestCase("Reusable_Test_Sequences/CAT_Click_Search_Trade_Name"), [:], STOP_ON_FAILURE): Call Test Case 'Test Cases/Reusable_Test_Sequences/CAT_Click_Search_Trade_Name' successfully

2020-04-16 13:24:55 - [TEST_CASE][PASSED] - Test Cases/Reusable_Test_Sequences/CAT_Click_Search_Trade_Name: Test Cases/Reusable_Test_Sequences/CAT_Click_Search_Trade_Name

2020-04-16 13:24:55 - [TEST_STEP][PASSED] - waitForPageLoad(60): Wait for page load successfully

2020-04-16 13:24:55 - [MESSAGE][PASSED] - Wait for page load successfully

2020-04-16 13:24:55 - [TEST_STEP][PASSED] - if (Website_Version != "new"): Object: 'Object Repository/Page_Checkatrade Find a tradesperson you can trust/a_or look up a member by name' is clicked on

2020-04-16 13:24:55 - [TEST_STEP][PASSED] - waitForElementClickable(findTestObject("Object Repository/Page_Checkatrade Find a tradesperson you can trust/a_or look up a member by name"), 5): Object 'Object Repository/Page_Checkatrade Find a tradesperson you can trust/a_or look up a member by name' is clickable

2020-04-16 13:24:55 - [MESSAGE][PASSED] - Object 'Object Repository/Page_Checkatrade Find a tradesperson you can trust/a_or look up a member by name' is clickable

2020-04-16 13:24:55 - [TEST_STEP][PASSED] - click(findTestObject("Object Repository/Page_Checkatrade Find a tradesperson you can trust/a_or look up a member by name")): Object: 'Object Repository/Page_Checkatrade Find a tradesperson you can trust/a_or look up a member by name' is clicked on

2020-04-16 13:24:56 - [MESSAGE][PASSED] - Object: 'Object Repository/Page_Checkatrade Find a tradesperson you can trust/a_or look up a member by name' is clicked on

2020-04-16 13:24:56 - [TEST_STEP][PASSED] - if (Website_Version != "old"): null

2020-04-16 13:24:56 - [TEST_STEP][PASSED] - waitForPageLoad(60): Wait for page load successfully

2020-04-16 13:24:56 - [MESSAGE][PASSED] - Wait for page load successfully

2020-04-16 13:24:56 - [MESSAGE][PASSED] - Call Test Case 'Test Cases/Reusable_Test_Sequences/CAT_Click_Search_Trade_Name' successfully

2020-04-16 13:24:56 - [TEST_STEP][PASSED] - "---------------------------------------": null

2020-04-16 13:24:56 - [TEST_STEP][PASSED] - " Enter Trader Name (or ID) to Search   |": null

2020-04-16 13:24:56 - [TEST_STEP][PASSED] - callTestCase(findTestCase("Reusable_Test_Sequences/CAT_Enter_Trade_Name"), [:], STOP_ON_FAILURE): Call Test Case 'Test Cases/Reusable_Test_Sequences/CAT_Enter_Trade_Name' successfully

2020-04-16 13:24:56 - [TEST_CASE][PASSED] - Test Cases/Reusable_Test_Sequences/CAT_Enter_Trade_Name: Test Cases/Reusable_Test_Sequences/CAT_Enter_Trade_Name

2020-04-16 13:24:56 - [TEST_STEP][PASSED] - if (Website_Version != "new"): Text '230761' is set on object 'Object Repository/Page_Checkatrade Find a tradesperson you can trust/Trader_Name_To_Search'

2020-04-16 13:24:56 - [TEST_STEP][PASSED] - setText(findTestObject("Page_Checkatrade Find a tradesperson you can trust/Trader_Name_To_Search"), findTestData("Search_CAT_ID_Data (1)").getValue("tradeName", row)): Text '230761' is set on object 'Object Repository/Page_Checkatrade Find a tradesperson you can trust/Trader_Name_To_Search'

2020-04-16 13:24:57 - [MESSAGE][PASSED] - Text '230761' is set on object 'Object Repository/Page_Checkatrade Find a tradesperson you can trust/Trader_Name_To_Search'

2020-04-16 13:24:57 - [TEST_STEP][PASSED] - if (verifyTextNotPresent("Sorry, no results found", false)): null

2020-04-16 13:24:57 - [MESSAGE][PASSED] - Text 'Sorry, no results found' is not present on page

2020-04-16 13:24:57 - [TEST_STEP][PASSED] - markPassed("The Expected Lookup Result(s) ARE being returned by the Lookup Service, AS EXPECTED"): The Expected Lookup Result(s) ARE being returned by the Lookup Service, AS EXPECTED

2020-04-16 13:24:57 - [MESSAGE][PASSED] - The Expected Lookup Result(s) ARE being returned by the Lookup Service, AS EXPECTED

2020-04-16 13:24:57 - [MESSAGE][PASSED] - Call Test Case 'Test Cases/Reusable_Test_Sequences/CAT_Enter_Trade_Name' successfully

2020-04-16 13:24:57 - [TEST_STEP][PASSED] - "---------------------------------------": null

2020-04-16 13:24:57 - [TEST_STEP][PASSED] - " Search Trader Name (or ID)            |": null

2020-04-16 13:24:57 - [TEST_STEP][PASSED] - callTestCase(findTestCase("Reusable_Test_Sequences/CAT_Search_Trade_Name"), [:], STOP_ON_FAILURE): Call Test Case 'Test Cases/Reusable_Test_Sequences/CAT_Search_Trade_Name' successfully

2020-04-16 13:24:57 - [TEST_CASE][PASSED] - Test Cases/Reusable_Test_Sequences/CAT_Search_Trade_Name: Test Cases/Reusable_Test_Sequences/CAT_Search_Trade_Name

2020-04-16 13:24:57 - [TEST_STEP][PASSED] - "Hit Search Trade Person by Name (or CAT ID) after parameters are entered": null

2020-04-16 13:24:57 - [TEST_STEP][PASSED] - waitForPageLoad(60): Wait for page load successfully

2020-04-16 13:24:57 - [MESSAGE][PASSED] - Wait for page load successfully

2020-04-16 13:24:57 - [TEST_STEP][PASSED] - delay(2): Delayed 2 second(s)

2020-04-16 13:24:59 - [MESSAGE][PASSED] - Delayed 2 second(s)

2020-04-16 13:24:59 - [TEST_STEP][PASSED] - if (Website_Version == "new"): null

2020-04-16 13:24:59 - [TEST_STEP][PASSED] - else: Object: 'Object Repository/Page_Checkatrade Find a tradesperson you can trust/span_Trade_Name' is clicked on

2020-04-16 13:24:59 - [TEST_STEP][PASSED] - waitForElementClickable(findTestObject("Page_Checkatrade Find a tradesperson you can trust/span_Trade_Name"), 60): Object 'Object Repository/Page_Checkatrade Find a tradesperson you can trust/span_Trade_Name' is clickable

2020-04-16 13:24:59 - [MESSAGE][PASSED] - Object 'Object Repository/Page_Checkatrade Find a tradesperson you can trust/span_Trade_Name' is clickable

2020-04-16 13:24:59 - [TEST_STEP][PASSED] - click(findTestObject("Page_Checkatrade Find a tradesperson you can trust/span_Trade_Name")): Object: 'Object Repository/Page_Checkatrade Find a tradesperson you can trust/span_Trade_Name' is clicked on

2020-04-16 13:25:04 - [MESSAGE][PASSED] - Object: 'Object Repository/Page_Checkatrade Find a tradesperson you can trust/span_Trade_Name' is clicked on

2020-04-16 13:25:04 - [TEST_STEP][PASSED] - delay(2): Delayed 2 second(s)

2020-04-16 13:25:06 - [MESSAGE][PASSED] - Delayed 2 second(s)

2020-04-16 13:25:06 - [TEST_STEP][PASSED] - waitForPageLoad(60): Wait for page load successfully

2020-04-16 13:25:06 - [MESSAGE][PASSED] - Wait for page load successfully

2020-04-16 13:25:06 - [MESSAGE][PASSED] - Call Test Case 'Test Cases/Reusable_Test_Sequences/CAT_Search_Trade_Name' successfully

2020-04-16 13:25:06 - [TEST_STEP][PASSED] - "------------------------------------------": null

2020-04-16 13:25:06 - [TEST_STEP][PASSED] - " Scroll to Page Footer to Reveal Results  |": null

2020-04-16 13:25:06 - [TEST_STEP][PASSED] - callTestCase(findTestCase("Reusable_Test_Sequences/CAT_Scroll_to_Footer"), [:], CONTINUE_ON_FAILURE): Call Test Case 'Test Cases/Reusable_Test_Sequences/CAT_Scroll_to_Footer' successfully

2020-04-16 13:25:06 - [TEST_CASE][PASSED] - Test Cases/Reusable_Test_Sequences/CAT_Scroll_to_Footer: Test Cases/Reusable_Test_Sequences/CAT_Scroll_to_Footer

2020-04-16 13:25:06 - [TEST_STEP][PASSED] - "-----------------------------------------------------": null

2020-04-16 13:25:06 - [TEST_STEP][PASSED] - " Major changes factored into function 05/12/2019     |": null

2020-04-16 13:25:06 - [TEST_STEP][PASSED] - "-----------------------------------------------------": null

2020-04-16 13:25:06 - [TEST_STEP][PASSED] - "Animation Removed ": null

2020-04-16 13:25:06 - [TEST_STEP][PASSED] - "Scroll - To Footer on the bottom of the page (sometime off the screen) ": null

2020-04-16 13:25:06 - [TEST_STEP][PASSED] - waitForPageLoad(60): Wait for page load successfully

2020-04-16 13:25:06 - [MESSAGE][PASSED] - Wait for page load successfully

2020-04-16 13:25:06 - [TEST_STEP][PASSED] - scrollToPosition(999, 999): Browser is scrolled to position x = 999, y = 999

2020-04-16 13:25:06 - [MESSAGE][PASSED] - Browser is scrolled to position x = 999, y = 999

2020-04-16 13:25:06 - [TEST_STEP][PASSED] - delay(1): Delayed 1 second(s)

2020-04-16 13:25:07 - [MESSAGE][PASSED] - Delayed 1 second(s)

2020-04-16 13:25:07 - [MESSAGE][PASSED] - Call Test Case 'Test Cases/Reusable_Test_Sequences/CAT_Scroll_to_Footer' successfully

2020-04-16 13:25:07 - [TEST_STEP][PASSED] - "------------------------------------------": null

2020-04-16 13:25:07 - [TEST_STEP][PASSED] - " Verify Correct Location is Returned     |": null

2020-04-16 13:25:07 - [TEST_STEP][PASSED] - callTestCase(findTestCase("Reusable_Test_Sequences/CAT_Verification_Location"), [:], CONTINUE_ON_FAILURE): Call Test Case 'Test Cases/Reusable_Test_Sequences/CAT_Verification_Location' successfully

2020-04-16 13:25:07 - [TEST_CASE][PASSED] - Test Cases/Reusable_Test_Sequences/CAT_Verification_Location: Test Cases/Reusable_Test_Sequences/CAT_Verification_Location

2020-04-16 13:25:07 - [TEST_STEP][PASSED] - waitForPageLoad(60): Wait for page load successfully

2020-04-16 13:25:07 - [MESSAGE][PASSED] - Wait for page load successfully

2020-04-16 13:25:07 - [TEST_STEP][PASSED] - verifyTextPresent(findTestData("Search_CAT_ID_Data (1)").getValue("tradeNameLocationVerification", row), false): Text 'Rustington, West Sussex' is present on page 

2020-04-16 13:25:08 - [MESSAGE][PASSED] - Text 'Rustington, West Sussex' is present on page 

2020-04-16 13:25:08 - [MESSAGE][PASSED] - Call Test Case 'Test Cases/Reusable_Test_Sequences/CAT_Verification_Location' successfully

2020-04-16 13:25:08 - [TEST_STEP][PASSED] - "------------------------------------------": null

2020-04-16 13:25:08 - [TEST_STEP][PASSED] - " Verify Primary Contact is Returned     |": null

2020-04-16 13:25:08 - [TEST_STEP][PASSED] - callTestCase(findTestCase("Reusable_Test_Sequences/CAT_Verification_Primary_Contact"), [:], CONTINUE_ON_FAILURE): Call Test Case 'Test Cases/Reusable_Test_Sequences/CAT_Verification_Primary_Contact' successfully

2020-04-16 13:25:09 - [TEST_CASE][PASSED] - Test Cases/Reusable_Test_Sequences/CAT_Verification_Primary_Contact: Test Cases/Reusable_Test_Sequences/CAT_Verification_Primary_Contact

2020-04-16 13:25:09 - [TEST_STEP][PASSED] - verifyTextPresent(findTestData("Search_CAT_ID_Data (1)").getValue("primeContact", row), false): Text 'David Clarke' is present on page 

2020-04-16 13:25:10 - [MESSAGE][PASSED] - Text 'David Clarke' is present on page 

2020-04-16 13:25:10 - [MESSAGE][PASSED] - Call Test Case 'Test Cases/Reusable_Test_Sequences/CAT_Verification_Primary_Contact' successfully

2020-04-16 13:25:10 - [TEST_STEP][PASSED] - "--------------------------": null

2020-04-16 13:25:10 - [TEST_STEP][PASSED] - " Teardown - CLose Browser |": null

2020-04-16 13:25:10 - [TEST_STEP][PASSED] - callTestCase(findTestCase("Reusable_Test_Sequences/CAT_Teardown"), [:], OPTIONAL): Call Test Case 'Test Cases/Reusable_Test_Sequences/CAT_Teardown' successfully

2020-04-16 13:25:10 - [TEST_CASE][PASSED] - Test Cases/Reusable_Test_Sequences/CAT_Teardown: Test Cases/Reusable_Test_Sequences/CAT_Teardown

2020-04-16 13:25:10 - [TEST_STEP][PASSED] - closeBrowser(): Browser is closed

2020-04-16 13:25:13 - [MESSAGE][PASSED] - Browser is closed

2020-04-16 13:25:13 - [TEST_STEP][PASSED] - super.finalize(): null

2020-04-16 13:25:13 - [TEST_STEP][PASSED] - System.gc(): null

2020-04-16 13:25:13 - [MESSAGE][PASSED] - Call Test Case 'Test Cases/Reusable_Test_Sequences/CAT_Teardown' successfully

2020-04-16 13:25:13 - [TEST_STEP][PASSED] - callTestCase(findTestCase("Reusable_Test_Sequences/CAT_Setup"), [:], STOP_ON_FAILURE): Call Test Case 'Test Cases/Reusable_Test_Sequences/CAT_Setup' successfully

2020-04-16 13:25:13 - [TEST_CASE][PASSED] - Test Cases/Reusable_Test_Sequences/CAT_Setup: Test Cases/Reusable_Test_Sequences/CAT_Setup

2020-04-16 13:25:13 - [TEST_STEP][PASSED] - "------------------------------": null

2020-04-16 13:25:13 - [TEST_STEP][PASSED] - " Set Mobile Device Testing    |": null

2020-04-16 13:25:13 - [TEST_STEP][PASSED] - if (Mobile_Flag == "true"): null

2020-04-16 13:25:13 - [TEST_STEP][PASSED] - "------------------------------": null

2020-04-16 13:25:13 - [TEST_STEP][PASSED] - " Set Mobile Device Testing    |": null

2020-04-16 13:25:13 - [TEST_STEP][PASSED] - "------------------------------": null

2020-04-16 13:25:13 - [TEST_STEP][PASSED] - "URL - Set from the ENVIRONMENT PROFILE ": null

2020-04-16 13:25:13 - [TEST_STEP][PASSED] - openBrowser(URL): Browser is opened with url: 'https://www.preview.checkatrade.com/'

2020-04-16 13:25:13 - [MESSAGE][INFO] - Starting 'Firefox' driver

2020-04-16 13:25:13 - [MESSAGE][INFO] - Action delay is set to 0 milliseconds

2020-04-16 13:25:23 - [MESSAGE][PASSED] - Browser is opened with url: 'https://www.preview.checkatrade.com/'

2020-04-16 13:25:23 - [TEST_STEP][PASSED] - maximizeWindow(): Current window maximized

2020-04-16 13:25:24 - [MESSAGE][PASSED] - Current window maximized

2020-04-16 13:25:24 - [TEST_STEP][PASSED] - waitForPageLoad(60): Wait for page load successfully

2020-04-16 13:25:24 - [MESSAGE][PASSED] - Wait for page load successfully

2020-04-16 13:25:24 - [TEST_STEP][PASSED] - "Previous Functionalilty Left Commented For Ease Of reversion": null

2020-04-16 13:25:24 - [TEST_STEP][PASSED] - " Katalon Try/Catches currently have issues? SEE HEADER": null

2020-04-16 13:25:24 - [TEST_STEP][PASSED] - try: Text 'Cookie Policy' is not present on page

2020-04-16 13:25:24 - [TEST_STEP][PASSED] - verifyElementPresent(findTestObject("Object Repository/Cookies/Page_Checkatrade Find a tradesperson you can trust/button_Accept All"), 5, OPTIONAL): Object 'Object Repository/Cookies/Page_Checkatrade Find a tradesperson you can trust/button_Accept All' is present

2020-04-16 13:25:24 - [MESSAGE][PASSED] - Object 'Object Repository/Cookies/Page_Checkatrade Find a tradesperson you can trust/button_Accept All' is present

2020-04-16 13:25:24 - [TEST_STEP][PASSED] - click(findTestObject("Object Repository/Cookies/Page_Checkatrade Find a tradesperson you can trust/button_Accept All"), OPTIONAL): Object: 'Object Repository/Cookies/Page_Checkatrade Find a tradesperson you can trust/button_Accept All' is clicked on

2020-04-16 13:25:24 - [MESSAGE][PASSED] - Object: 'Object Repository/Cookies/Page_Checkatrade Find a tradesperson you can trust/button_Accept All' is clicked on

2020-04-16 13:25:24 - [TEST_STEP][PASSED] - "---------------------------------": null

2020-04-16 13:25:24 - [TEST_STEP][PASSED] - "COOKIE POPOUT REMOVED - Confirmed": null

2020-04-16 13:25:24 - [TEST_STEP][PASSED] - delay(1): Delayed 1 second(s)

2020-04-16 13:25:25 - [MESSAGE][PASSED] - Delayed 1 second(s)

2020-04-16 13:25:25 - [TEST_STEP][PASSED] - verifyTextNotPresent("We use cookies to personalise content and ads, to provide social media features and to analyse our traffic", false): Text 'We use cookies to personalise content and ads, to provide social media features and to analyse our traffic' is not present on page

2020-04-16 13:25:26 - [MESSAGE][PASSED] - Text 'We use cookies to personalise content and ads, to provide social media features and to analyse our traffic' is not present on page

2020-04-16 13:25:26 - [TEST_STEP][PASSED] - verifyTextNotPresent(" We also share information about your use of our site with our social media, advertising and analytics partners", false): Text ' We also share information about your use of our site with our social media, advertising and analytics partners' is not present on page

2020-04-16 13:25:26 - [MESSAGE][PASSED] - Text ' We also share information about your use of our site with our social media, advertising and analytics partners' is not present on page

2020-04-16 13:25:26 - [TEST_STEP][PASSED] - verifyTextNotPresent("Cookie Policy", false): Text 'Cookie Policy' is not present on page

2020-04-16 13:25:27 - [MESSAGE][PASSED] - Text 'Cookie Policy' is not present on page

2020-04-16 13:25:27 - [TEST_STEP][PASSED] - waitForPageLoad(60): Wait for page load successfully

2020-04-16 13:25:27 - [MESSAGE][PASSED] - Wait for page load successfully

2020-04-16 13:25:27 - [TEST_STEP][PASSED] - "COOKIE - ORIGINAL": null

2020-04-16 13:25:27 - [TEST_STEP][PASSED] - if (waitForElementVisible(findTestObject("Object Repository/Feedback/Page_Checkatrade Give your feedback/input_Member_to_Review"), 5)): Web element with id: 'Object Repository/Feedback/Page_Checkatrade Give your feedback/input_Member_to_Review' located by 'By.xpath: //input[@id='feedback-form__company_autocomplete_input']' not found

2020-04-16 13:25:32 - [MESSAGE][INFO] - Unable to find the element located by 'By.xpath: //input[@id='feedback-form__company_autocomplete_input']'. Please recheck the objects properties to make sure the desired element is located. 

2020-04-16 13:25:32 - [MESSAGE][WARNING] - Web element with id: 'Object Repository/Feedback/Page_Checkatrade Give your feedback/input_Member_to_Review' located by 'By.xpath: //input[@id='feedback-form__company_autocomplete_input']' not found

2020-04-16 13:25:32 - [TEST_STEP][PASSED] - else: The <<<OLD>>> Website was detected by the STARTUP Process

2020-04-16 13:25:32 - [TEST_STEP][PASSED] - if (!(verifyElementVisible(findTestObject("Object Repository/Checkatrade_Trade_Search_Page/Page_Checkatrade Find a tradesperson you can trust/input_Search_Button_FF")))): Object 'Object Repository/Checkatrade_Trade_Search_Page/Page_Checkatrade Find a tradesperson you can trust/input_Search_Button_FF' is visible

2020-04-16 13:25:32 - [MESSAGE][PASSED] - Object 'Object Repository/Checkatrade_Trade_Search_Page/Page_Checkatrade Find a tradesperson you can trust/input_Search_Button_FF' is visible

2020-04-16 13:25:32 - [TEST_STEP][PASSED] - else: The <<<OLD>>> Website was detected by the STARTUP Process

2020-04-16 13:25:32 - [TEST_STEP][PASSED] - Website_Version = "old": null

2020-04-16 13:25:32 - [TEST_STEP][PASSED] - logInfo("The <<<OLD>>> Website was detected by the STARTUP Process"): The <<<OLD>>> Website was detected by the STARTUP Process

2020-04-16 13:25:32 - [MESSAGE][INFO] - The <<<OLD>>> Website was detected by the STARTUP Process

2020-04-16 13:25:32 - [MESSAGE][PASSED] - Call Test Case 'Test Cases/Reusable_Test_Sequences/CAT_Setup' successfully

2020-04-16 13:25:32 - [TEST_STEP][PASSED] - callTestCase(findTestCase("Reusable_Test_Sequences/CAT_Home"), [:], CONTINUE_ON_FAILURE): Call Test Case 'Test Cases/Reusable_Test_Sequences/CAT_Home' successfully

2020-04-16 13:25:32 - [TEST_CASE][PASSED] - Test Cases/Reusable_Test_Sequences/CAT_Home: Test Cases/Reusable_Test_Sequences/CAT_Home

2020-04-16 13:25:32 - [TEST_STEP][PASSED] - waitForPageLoad(60): Wait for page load successfully

2020-04-16 13:25:32 - [MESSAGE][PASSED] - Wait for page load successfully

2020-04-16 13:25:32 - [TEST_STEP][PASSED] - delay(2): Delayed 2 second(s)

2020-04-16 13:25:34 - [MESSAGE][PASSED] - Delayed 2 second(s)

2020-04-16 13:25:34 - [TEST_STEP][PASSED] - "------------------------------------": null

2020-04-16 13:25:34 - [TEST_STEP][PASSED] - if (Website_Version == "new"): null

2020-04-16 13:25:34 - [TEST_STEP][PASSED] - else: Text 'Over a million visits to Checkatrade each month' is present on page 

2020-04-16 13:25:34 - [TEST_STEP][PASSED] - verifyTextPresent("Helping you find the right trade or service", false): Text 'Helping you find the right trade or service' is present on page 

2020-04-16 13:25:35 - [MESSAGE][PASSED] - Text 'Helping you find the right trade or service' is present on page 

2020-04-16 13:25:35 - [TEST_STEP][PASSED] - verifyTextPresent("Search through over", false): Text 'Search through over' is present on page 

2020-04-16 13:25:36 - [MESSAGE][PASSED] - Text 'Search through over' is present on page 

2020-04-16 13:25:36 - [TEST_STEP][PASSED] - verifyTextPresent("recommended, vetted and monitored trades and service providers for free.", false): Text 'recommended, vetted and monitored trades and service providers for free.' is present on page 

2020-04-16 13:25:36 - [MESSAGE][PASSED] - Text 'recommended, vetted and monitored trades and service providers for free.' is present on page 

2020-04-16 13:25:36 - [TEST_STEP][PASSED] - verifyTextPresent("reviews published so far – thank you!", false): Text 'reviews published so far – thank you!' is present on page 

2020-04-16 13:25:37 - [MESSAGE][PASSED] - Text 'reviews published so far – thank you!' is present on page 

2020-04-16 13:25:37 - [TEST_STEP][PASSED] - verifyTextPresent("I need a trade or service", false): Text 'I need a trade or service' is present on page 

2020-04-16 13:25:37 - [MESSAGE][PASSED] - Text 'I need a trade or service' is present on page 

2020-04-16 13:25:37 - [TEST_STEP][PASSED] - verifyTextPresent("Every trader thoroughly checked and vetted", false): Text 'Every trader thoroughly checked and vetted' is present on page 

2020-04-16 13:25:38 - [MESSAGE][PASSED] - Text 'Every trader thoroughly checked and vetted' is present on page 

2020-04-16 13:25:38 - [TEST_STEP][PASSED] - "------------------------------------": null

2020-04-16 13:25:38 - [TEST_STEP][PASSED] - verifyTextPresent("reviews published so far – thank you!", false): Text 'reviews published so far – thank you!' is present on page 

2020-04-16 13:25:38 - [MESSAGE][PASSED] - Text 'reviews published so far – thank you!' is present on page 

2020-04-16 13:25:38 - [TEST_STEP][PASSED] - verifyTextPresent("Find out more", false): Text 'Find out more' is present on page 

2020-04-16 13:25:39 - [MESSAGE][PASSED] - Text 'Find out more' is present on page 

2020-04-16 13:25:39 - [TEST_STEP][PASSED] - verifyTextPresent("I am a tradesman", false): Text 'I am a tradesman' is present on page 

2020-04-16 13:25:40 - [MESSAGE][PASSED] - Text 'I am a tradesman' is present on page 

2020-04-16 13:25:40 - [TEST_STEP][PASSED] - verifyTextPresent("Find out more", false): Text 'Find out more' is present on page 

2020-04-16 13:25:40 - [MESSAGE][PASSED] - Text 'Find out more' is present on page 

2020-04-16 13:25:40 - [TEST_STEP][PASSED] - verifyTextPresent("Over a million visits to Checkatrade each month", false): Text 'Over a million visits to Checkatrade each month' is present on page 

2020-04-16 13:25:41 - [MESSAGE][PASSED] - Text 'Over a million visits to Checkatrade each month' is present on page 

2020-04-16 13:25:41 - [MESSAGE][PASSED] - Call Test Case 'Test Cases/Reusable_Test_Sequences/CAT_Home' successfully

2020-04-16 13:25:41 - [TEST_STEP][PASSED] - "---------------------------------------------------------------------": null

2020-04-16 13:25:41 - [TEST_STEP][PASSED] - " Select Search on Trader Name (or ID) From Home page/Search Screen   |": null

2020-04-16 13:25:41 - [TEST_STEP][PASSED] - callTestCase(findTestCase("Reusable_Test_Sequences/CAT_Click_Search_Trade_Name"), [:], STOP_ON_FAILURE): Call Test Case 'Test Cases/Reusable_Test_Sequences/CAT_Click_Search_Trade_Name' successfully

2020-04-16 13:25:41 - [TEST_CASE][PASSED] - Test Cases/Reusable_Test_Sequences/CAT_Click_Search_Trade_Name: Test Cases/Reusable_Test_Sequences/CAT_Click_Search_Trade_Name

2020-04-16 13:25:41 - [TEST_STEP][PASSED] - waitForPageLoad(60): Wait for page load successfully

2020-04-16 13:25:41 - [MESSAGE][PASSED] - Wait for page load successfully

2020-04-16 13:25:41 - [TEST_STEP][PASSED] - if (Website_Version != "new"): Object: 'Object Repository/Page_Checkatrade Find a tradesperson you can trust/a_or look up a member by name' is clicked on

2020-04-16 13:25:41 - [TEST_STEP][PASSED] - waitForElementClickable(findTestObject("Object Repository/Page_Checkatrade Find a tradesperson you can trust/a_or look up a member by name"), 5): Object 'Object Repository/Page_Checkatrade Find a tradesperson you can trust/a_or look up a member by name' is clickable

2020-04-16 13:25:41 - [MESSAGE][PASSED] - Object 'Object Repository/Page_Checkatrade Find a tradesperson you can trust/a_or look up a member by name' is clickable

2020-04-16 13:25:41 - [TEST_STEP][PASSED] - click(findTestObject("Object Repository/Page_Checkatrade Find a tradesperson you can trust/a_or look up a member by name")): Object: 'Object Repository/Page_Checkatrade Find a tradesperson you can trust/a_or look up a member by name' is clicked on

2020-04-16 13:25:41 - [MESSAGE][PASSED] - Object: 'Object Repository/Page_Checkatrade Find a tradesperson you can trust/a_or look up a member by name' is clicked on

2020-04-16 13:25:41 - [TEST_STEP][PASSED] - if (Website_Version != "old"): null

2020-04-16 13:25:41 - [TEST_STEP][PASSED] - waitForPageLoad(60): Wait for page load successfully

2020-04-16 13:25:41 - [MESSAGE][PASSED] - Wait for page load successfully

2020-04-16 13:25:41 - [MESSAGE][PASSED] - Call Test Case 'Test Cases/Reusable_Test_Sequences/CAT_Click_Search_Trade_Name' successfully

2020-04-16 13:25:41 - [TEST_STEP][PASSED] - "---------------------------------------": null

2020-04-16 13:25:41 - [TEST_STEP][PASSED] - " Enter Trader Name (or ID) to Search   |": null

2020-04-16 13:25:41 - [TEST_STEP][PASSED] - callTestCase(findTestCase("Reusable_Test_Sequences/CAT_Enter_Trade_Name"), [:], STOP_ON_FAILURE): Call Test Case 'Test Cases/Reusable_Test_Sequences/CAT_Enter_Trade_Name' successfully

2020-04-16 13:25:41 - [TEST_CASE][PASSED] - Test Cases/Reusable_Test_Sequences/CAT_Enter_Trade_Name: Test Cases/Reusable_Test_Sequences/CAT_Enter_Trade_Name

2020-04-16 13:25:41 - [TEST_STEP][PASSED] - if (Website_Version != "new"): Text '381198' is set on object 'Object Repository/Page_Checkatrade Find a tradesperson you can trust/Trader_Name_To_Search'

2020-04-16 13:25:41 - [TEST_STEP][PASSED] - setText(findTestObject("Page_Checkatrade Find a tradesperson you can trust/Trader_Name_To_Search"), findTestData("Search_CAT_ID_Data (1)").getValue("tradeName", row)): Text '381198' is set on object 'Object Repository/Page_Checkatrade Find a tradesperson you can trust/Trader_Name_To_Search'

2020-04-16 13:25:42 - [MESSAGE][PASSED] - Text '381198' is set on object 'Object Repository/Page_Checkatrade Find a tradesperson you can trust/Trader_Name_To_Search'

2020-04-16 13:25:42 - [TEST_STEP][PASSED] - if (verifyTextNotPresent("Sorry, no results found", false)): null

2020-04-16 13:25:42 - [MESSAGE][PASSED] - Text 'Sorry, no results found' is not present on page

2020-04-16 13:25:42 - [TEST_STEP][PASSED] - markPassed("The Expected Lookup Result(s) ARE being returned by the Lookup Service, AS EXPECTED"): The Expected Lookup Result(s) ARE being returned by the Lookup Service, AS EXPECTED

2020-04-16 13:25:42 - [MESSAGE][PASSED] - The Expected Lookup Result(s) ARE being returned by the Lookup Service, AS EXPECTED

2020-04-16 13:25:42 - [MESSAGE][PASSED] - Call Test Case 'Test Cases/Reusable_Test_Sequences/CAT_Enter_Trade_Name' successfully

2020-04-16 13:25:42 - [TEST_STEP][PASSED] - "---------------------------------------": null

2020-04-16 13:25:42 - [TEST_STEP][PASSED] - " Search Trader Name (or ID)            |": null

2020-04-16 13:25:42 - [TEST_STEP][PASSED] - callTestCase(findTestCase("Reusable_Test_Sequences/CAT_Search_Trade_Name"), [:], STOP_ON_FAILURE): Call Test Case 'Test Cases/Reusable_Test_Sequences/CAT_Search_Trade_Name' successfully

2020-04-16 13:25:42 - [TEST_CASE][PASSED] - Test Cases/Reusable_Test_Sequences/CAT_Search_Trade_Name: Test Cases/Reusable_Test_Sequences/CAT_Search_Trade_Name

2020-04-16 13:25:42 - [TEST_STEP][PASSED] - "Hit Search Trade Person by Name (or CAT ID) after parameters are entered": null

2020-04-16 13:25:42 - [TEST_STEP][PASSED] - waitForPageLoad(60): Wait for page load successfully

2020-04-16 13:25:42 - [MESSAGE][PASSED] - Wait for page load successfully

2020-04-16 13:25:42 - [TEST_STEP][PASSED] - delay(2): Delayed 2 second(s)

2020-04-16 13:25:44 - [MESSAGE][PASSED] - Delayed 2 second(s)

2020-04-16 13:25:44 - [TEST_STEP][PASSED] - if (Website_Version == "new"): null

2020-04-16 13:25:44 - [TEST_STEP][PASSED] - else: Object: 'Object Repository/Page_Checkatrade Find a tradesperson you can trust/span_Trade_Name' is clicked on

2020-04-16 13:25:44 - [TEST_STEP][PASSED] - waitForElementClickable(findTestObject("Page_Checkatrade Find a tradesperson you can trust/span_Trade_Name"), 60): Object 'Object Repository/Page_Checkatrade Find a tradesperson you can trust/span_Trade_Name' is clickable

2020-04-16 13:25:44 - [MESSAGE][PASSED] - Object 'Object Repository/Page_Checkatrade Find a tradesperson you can trust/span_Trade_Name' is clickable

2020-04-16 13:25:44 - [TEST_STEP][PASSED] - click(findTestObject("Page_Checkatrade Find a tradesperson you can trust/span_Trade_Name")): Object: 'Object Repository/Page_Checkatrade Find a tradesperson you can trust/span_Trade_Name' is clicked on

2020-04-16 13:25:48 - [MESSAGE][PASSED] - Object: 'Object Repository/Page_Checkatrade Find a tradesperson you can trust/span_Trade_Name' is clicked on

2020-04-16 13:25:48 - [TEST_STEP][PASSED] - delay(2): Delayed 2 second(s)

2020-04-16 13:25:50 - [MESSAGE][PASSED] - Delayed 2 second(s)

2020-04-16 13:25:50 - [TEST_STEP][PASSED] - waitForPageLoad(60): Wait for page load successfully

2020-04-16 13:25:50 - [MESSAGE][PASSED] - Wait for page load successfully

2020-04-16 13:25:50 - [MESSAGE][PASSED] - Call Test Case 'Test Cases/Reusable_Test_Sequences/CAT_Search_Trade_Name' successfully

2020-04-16 13:25:50 - [TEST_STEP][PASSED] - "------------------------------------------": null

2020-04-16 13:25:50 - [TEST_STEP][PASSED] - " Scroll to Page Footer to Reveal Results  |": null

2020-04-16 13:25:50 - [TEST_STEP][PASSED] - callTestCase(findTestCase("Reusable_Test_Sequences/CAT_Scroll_to_Footer"), [:], CONTINUE_ON_FAILURE): Call Test Case 'Test Cases/Reusable_Test_Sequences/CAT_Scroll_to_Footer' successfully

2020-04-16 13:25:50 - [TEST_CASE][PASSED] - Test Cases/Reusable_Test_Sequences/CAT_Scroll_to_Footer: Test Cases/Reusable_Test_Sequences/CAT_Scroll_to_Footer

2020-04-16 13:25:50 - [TEST_STEP][PASSED] - "-----------------------------------------------------": null

2020-04-16 13:25:50 - [TEST_STEP][PASSED] - " Major changes factored into function 05/12/2019     |": null

2020-04-16 13:25:50 - [TEST_STEP][PASSED] - "-----------------------------------------------------": null

2020-04-16 13:25:50 - [TEST_STEP][PASSED] - "Animation Removed ": null

2020-04-16 13:25:50 - [TEST_STEP][PASSED] - "Scroll - To Footer on the bottom of the page (sometime off the screen) ": null

2020-04-16 13:25:50 - [TEST_STEP][PASSED] - waitForPageLoad(60): Wait for page load successfully

2020-04-16 13:25:50 - [MESSAGE][PASSED] - Wait for page load successfully

2020-04-16 13:25:50 - [TEST_STEP][PASSED] - scrollToPosition(999, 999): Browser is scrolled to position x = 999, y = 999

2020-04-16 13:25:50 - [MESSAGE][PASSED] - Browser is scrolled to position x = 999, y = 999

2020-04-16 13:25:50 - [TEST_STEP][PASSED] - delay(1): Delayed 1 second(s)

2020-04-16 13:25:51 - [MESSAGE][PASSED] - Delayed 1 second(s)

2020-04-16 13:25:51 - [MESSAGE][PASSED] - Call Test Case 'Test Cases/Reusable_Test_Sequences/CAT_Scroll_to_Footer' successfully

2020-04-16 13:25:51 - [TEST_STEP][PASSED] - "------------------------------------------": null

2020-04-16 13:25:51 - [TEST_STEP][PASSED] - " Verify Correct Location is Returned     |": null

2020-04-16 13:25:51 - [TEST_STEP][PASSED] - callTestCase(findTestCase("Reusable_Test_Sequences/CAT_Verification_Location"), [:], CONTINUE_ON_FAILURE): Call Test Case 'Test Cases/Reusable_Test_Sequences/CAT_Verification_Location' successfully

2020-04-16 13:25:51 - [TEST_CASE][PASSED] - Test Cases/Reusable_Test_Sequences/CAT_Verification_Location: Test Cases/Reusable_Test_Sequences/CAT_Verification_Location

2020-04-16 13:25:51 - [TEST_STEP][PASSED] - waitForPageLoad(60): Wait for page load successfully

2020-04-16 13:25:51 - [MESSAGE][PASSED] - Wait for page load successfully

2020-04-16 13:25:51 - [TEST_STEP][PASSED] - verifyTextPresent(findTestData("Search_CAT_ID_Data (1)").getValue("tradeNameLocationVerification", row), false): Text 'Bognor Regis' is present on page 

2020-04-16 13:25:52 - [MESSAGE][PASSED] - Text 'Bognor Regis' is present on page 

2020-04-16 13:25:52 - [MESSAGE][PASSED] - Call Test Case 'Test Cases/Reusable_Test_Sequences/CAT_Verification_Location' successfully

2020-04-16 13:25:52 - [TEST_STEP][PASSED] - "------------------------------------------": null

2020-04-16 13:25:52 - [TEST_STEP][PASSED] - " Verify Primary Contact is Returned     |": null

2020-04-16 13:25:52 - [TEST_STEP][PASSED] - callTestCase(findTestCase("Reusable_Test_Sequences/CAT_Verification_Primary_Contact"), [:], CONTINUE_ON_FAILURE): Call Test Case 'Test Cases/Reusable_Test_Sequences/CAT_Verification_Primary_Contact' successfully

2020-04-16 13:25:52 - [TEST_CASE][PASSED] - Test Cases/Reusable_Test_Sequences/CAT_Verification_Primary_Contact: Test Cases/Reusable_Test_Sequences/CAT_Verification_Primary_Contact

2020-04-16 13:25:52 - [TEST_STEP][PASSED] - verifyTextPresent(findTestData("Search_CAT_ID_Data (1)").getValue("primeContact", row), false): Text 'Mr Scott Heyburn' is present on page 

2020-04-16 13:25:53 - [MESSAGE][PASSED] - Text 'Mr Scott Heyburn' is present on page 

2020-04-16 13:25:53 - [MESSAGE][PASSED] - Call Test Case 'Test Cases/Reusable_Test_Sequences/CAT_Verification_Primary_Contact' successfully

2020-04-16 13:25:53 - [TEST_STEP][PASSED] - "--------------------------": null

2020-04-16 13:25:53 - [TEST_STEP][PASSED] - " Teardown - CLose Browser |": null

2020-04-16 13:25:53 - [TEST_STEP][PASSED] - callTestCase(findTestCase("Reusable_Test_Sequences/CAT_Teardown"), [:], OPTIONAL): Call Test Case 'Test Cases/Reusable_Test_Sequences/CAT_Teardown' successfully

2020-04-16 13:25:53 - [TEST_CASE][PASSED] - Test Cases/Reusable_Test_Sequences/CAT_Teardown: Test Cases/Reusable_Test_Sequences/CAT_Teardown

2020-04-16 13:25:53 - [TEST_STEP][PASSED] - closeBrowser(): Browser is closed

2020-04-16 13:25:56 - [MESSAGE][PASSED] - Browser is closed

2020-04-16 13:25:56 - [TEST_STEP][PASSED] - super.finalize(): null

2020-04-16 13:25:56 - [TEST_STEP][PASSED] - System.gc(): null

2020-04-16 13:25:56 - [MESSAGE][PASSED] - Call Test Case 'Test Cases/Reusable_Test_Sequences/CAT_Teardown' successfully]]></system-out>
         <system-err><![CDATA[]]></system-err>
      </testcase>
      <testcase name="Test Cases/Checkatrade_Tradesman_Searches/Trader_Name_Not_Listed" time="305.741" classname="Test Cases/Checkatrade_Tradesman_Searches/Trader_Name_Not_Listed" status="PASSED">
         <system-out><![CDATA[2020-04-16 13:25:56 - [TEST_CASE][PASSED] - Test Cases/Checkatrade_Tradesman_Searches/Trader_Name_Not_Listed: Test Cases/Checkatrade_Tradesman_Searches/Trader_Name_Not_Listed

2020-04-16 13:25:56 - [TEST_STEP][PASSED] - for ([row = 1, row <= findTestData("Search_CAT_ID_Data_NEG").getRowNumbers(), (internal.GlobalVariable.row++)]): Call Test Case 'Test Cases/Reusable_Test_Sequences/CAT_Teardown' successfully

2020-04-16 13:25:56 - [TEST_STEP][PASSED] - callTestCase(findTestCase("Reusable_Test_Sequences/CAT_Setup"), [:], STOP_ON_FAILURE): Call Test Case 'Test Cases/Reusable_Test_Sequences/CAT_Setup' successfully

2020-04-16 13:25:56 - [TEST_CASE][PASSED] - Test Cases/Reusable_Test_Sequences/CAT_Setup: Test Cases/Reusable_Test_Sequences/CAT_Setup

2020-04-16 13:25:56 - [TEST_STEP][PASSED] - "------------------------------": null

2020-04-16 13:25:56 - [TEST_STEP][PASSED] - " Set Mobile Device Testing    |": null

2020-04-16 13:25:56 - [TEST_STEP][PASSED] - if (Mobile_Flag == "true"): null

2020-04-16 13:25:56 - [TEST_STEP][PASSED] - "------------------------------": null

2020-04-16 13:25:56 - [TEST_STEP][PASSED] - " Set Mobile Device Testing    |": null

2020-04-16 13:25:56 - [TEST_STEP][PASSED] - "------------------------------": null

2020-04-16 13:25:56 - [TEST_STEP][PASSED] - "URL - Set from the ENVIRONMENT PROFILE ": null

2020-04-16 13:25:56 - [TEST_STEP][PASSED] - openBrowser(URL): Browser is opened with url: 'https://www.preview.checkatrade.com/'

2020-04-16 13:25:56 - [MESSAGE][INFO] - Starting 'Firefox' driver

2020-04-16 13:25:56 - [MESSAGE][INFO] - Action delay is set to 0 milliseconds

2020-04-16 13:26:06 - [MESSAGE][PASSED] - Browser is opened with url: 'https://www.preview.checkatrade.com/'

2020-04-16 13:26:06 - [TEST_STEP][PASSED] - maximizeWindow(): Current window maximized

2020-04-16 13:26:06 - [MESSAGE][PASSED] - Current window maximized

2020-04-16 13:26:06 - [TEST_STEP][PASSED] - waitForPageLoad(60): Wait for page load successfully

2020-04-16 13:26:06 - [MESSAGE][PASSED] - Wait for page load successfully

2020-04-16 13:26:06 - [TEST_STEP][PASSED] - "Previous Functionalilty Left Commented For Ease Of reversion": null

2020-04-16 13:26:06 - [TEST_STEP][PASSED] - " Katalon Try/Catches currently have issues? SEE HEADER": null

2020-04-16 13:26:06 - [TEST_STEP][PASSED] - try: Text 'Cookie Policy' is not present on page

2020-04-16 13:26:06 - [TEST_STEP][PASSED] - verifyElementPresent(findTestObject("Object Repository/Cookies/Page_Checkatrade Find a tradesperson you can trust/button_Accept All"), 5, OPTIONAL): Object 'Object Repository/Cookies/Page_Checkatrade Find a tradesperson you can trust/button_Accept All' is present

2020-04-16 13:26:07 - [MESSAGE][PASSED] - Object 'Object Repository/Cookies/Page_Checkatrade Find a tradesperson you can trust/button_Accept All' is present

2020-04-16 13:26:07 - [TEST_STEP][PASSED] - click(findTestObject("Object Repository/Cookies/Page_Checkatrade Find a tradesperson you can trust/button_Accept All"), OPTIONAL): Object: 'Object Repository/Cookies/Page_Checkatrade Find a tradesperson you can trust/button_Accept All' is clicked on

2020-04-16 13:26:07 - [MESSAGE][PASSED] - Object: 'Object Repository/Cookies/Page_Checkatrade Find a tradesperson you can trust/button_Accept All' is clicked on

2020-04-16 13:26:07 - [TEST_STEP][PASSED] - "---------------------------------": null

2020-04-16 13:26:07 - [TEST_STEP][PASSED] - "COOKIE POPOUT REMOVED - Confirmed": null

2020-04-16 13:26:07 - [TEST_STEP][PASSED] - delay(1): Delayed 1 second(s)

2020-04-16 13:26:08 - [MESSAGE][PASSED] - Delayed 1 second(s)

2020-04-16 13:26:08 - [TEST_STEP][PASSED] - verifyTextNotPresent("We use cookies to personalise content and ads, to provide social media features and to analyse our traffic", false): Text 'We use cookies to personalise content and ads, to provide social media features and to analyse our traffic' is not present on page

2020-04-16 13:26:09 - [MESSAGE][PASSED] - Text 'We use cookies to personalise content and ads, to provide social media features and to analyse our traffic' is not present on page

2020-04-16 13:26:09 - [TEST_STEP][PASSED] - verifyTextNotPresent(" We also share information about your use of our site with our social media, advertising and analytics partners", false): Text ' We also share information about your use of our site with our social media, advertising and analytics partners' is not present on page

2020-04-16 13:26:10 - [MESSAGE][PASSED] - Text ' We also share information about your use of our site with our social media, advertising and analytics partners' is not present on page

2020-04-16 13:26:10 - [TEST_STEP][PASSED] - verifyTextNotPresent("Cookie Policy", false): Text 'Cookie Policy' is not present on page

2020-04-16 13:26:11 - [MESSAGE][PASSED] - Text 'Cookie Policy' is not present on page

2020-04-16 13:26:11 - [TEST_STEP][PASSED] - waitForPageLoad(60): Wait for page load successfully

2020-04-16 13:26:11 - [MESSAGE][PASSED] - Wait for page load successfully

2020-04-16 13:26:11 - [TEST_STEP][PASSED] - "COOKIE - ORIGINAL": null

2020-04-16 13:26:11 - [TEST_STEP][PASSED] - if (waitForElementVisible(findTestObject("Object Repository/Feedback/Page_Checkatrade Give your feedback/input_Member_to_Review"), 5)): Web element with id: 'Object Repository/Feedback/Page_Checkatrade Give your feedback/input_Member_to_Review' located by 'By.xpath: //input[@id='feedback-form__company_autocomplete_input']' not found

2020-04-16 13:26:16 - [MESSAGE][INFO] - Unable to find the element located by 'By.xpath: //input[@id='feedback-form__company_autocomplete_input']'. Please recheck the objects properties to make sure the desired element is located. 

2020-04-16 13:26:16 - [MESSAGE][WARNING] - Web element with id: 'Object Repository/Feedback/Page_Checkatrade Give your feedback/input_Member_to_Review' located by 'By.xpath: //input[@id='feedback-form__company_autocomplete_input']' not found

2020-04-16 13:26:16 - [TEST_STEP][PASSED] - else: The <<<OLD>>> Website was detected by the STARTUP Process

2020-04-16 13:26:16 - [TEST_STEP][PASSED] - if (!(verifyElementVisible(findTestObject("Object Repository/Checkatrade_Trade_Search_Page/Page_Checkatrade Find a tradesperson you can trust/input_Search_Button_FF")))): Object 'Object Repository/Checkatrade_Trade_Search_Page/Page_Checkatrade Find a tradesperson you can trust/input_Search_Button_FF' is visible

2020-04-16 13:26:16 - [MESSAGE][PASSED] - Object 'Object Repository/Checkatrade_Trade_Search_Page/Page_Checkatrade Find a tradesperson you can trust/input_Search_Button_FF' is visible

2020-04-16 13:26:16 - [TEST_STEP][PASSED] - else: The <<<OLD>>> Website was detected by the STARTUP Process

2020-04-16 13:26:16 - [TEST_STEP][PASSED] - Website_Version = "old": null

2020-04-16 13:26:16 - [TEST_STEP][PASSED] - logInfo("The <<<OLD>>> Website was detected by the STARTUP Process"): The <<<OLD>>> Website was detected by the STARTUP Process

2020-04-16 13:26:16 - [MESSAGE][INFO] - The <<<OLD>>> Website was detected by the STARTUP Process

2020-04-16 13:26:16 - [MESSAGE][PASSED] - Call Test Case 'Test Cases/Reusable_Test_Sequences/CAT_Setup' successfully

2020-04-16 13:26:16 - [TEST_STEP][PASSED] - " Home Page validation Checks after COOKIE Dispelled": null

2020-04-16 13:26:16 - [TEST_STEP][PASSED] - "---------------------------------------------------------------------": null

2020-04-16 13:26:16 - [TEST_STEP][PASSED] - " Select Search on Trader Name (or ID) From Home page/Search Screen   |": null

2020-04-16 13:26:16 - [TEST_STEP][PASSED] - callTestCase(findTestCase("Reusable_Test_Sequences/CAT_Click_Search_Trade_Name"), [:], STOP_ON_FAILURE): Call Test Case 'Test Cases/Reusable_Test_Sequences/CAT_Click_Search_Trade_Name' successfully

2020-04-16 13:26:16 - [TEST_CASE][PASSED] - Test Cases/Reusable_Test_Sequences/CAT_Click_Search_Trade_Name: Test Cases/Reusable_Test_Sequences/CAT_Click_Search_Trade_Name

2020-04-16 13:26:16 - [TEST_STEP][PASSED] - waitForPageLoad(60): Wait for page load successfully

2020-04-16 13:26:16 - [MESSAGE][PASSED] - Wait for page load successfully

2020-04-16 13:26:16 - [TEST_STEP][PASSED] - if (Website_Version != "new"): Object: 'Object Repository/Page_Checkatrade Find a tradesperson you can trust/a_or look up a member by name' is clicked on

2020-04-16 13:26:16 - [TEST_STEP][PASSED] - waitForElementClickable(findTestObject("Object Repository/Page_Checkatrade Find a tradesperson you can trust/a_or look up a member by name"), 5): Object 'Object Repository/Page_Checkatrade Find a tradesperson you can trust/a_or look up a member by name' is clickable

2020-04-16 13:26:16 - [MESSAGE][PASSED] - Object 'Object Repository/Page_Checkatrade Find a tradesperson you can trust/a_or look up a member by name' is clickable

2020-04-16 13:26:16 - [TEST_STEP][PASSED] - click(findTestObject("Object Repository/Page_Checkatrade Find a tradesperson you can trust/a_or look up a member by name")): Object: 'Object Repository/Page_Checkatrade Find a tradesperson you can trust/a_or look up a member by name' is clicked on

2020-04-16 13:26:17 - [MESSAGE][PASSED] - Object: 'Object Repository/Page_Checkatrade Find a tradesperson you can trust/a_or look up a member by name' is clicked on

2020-04-16 13:26:17 - [TEST_STEP][PASSED] - if (Website_Version != "old"): null

2020-04-16 13:26:17 - [TEST_STEP][PASSED] - waitForPageLoad(60): Wait for page load successfully

2020-04-16 13:26:17 - [MESSAGE][PASSED] - Wait for page load successfully

2020-04-16 13:26:17 - [MESSAGE][PASSED] - Call Test Case 'Test Cases/Reusable_Test_Sequences/CAT_Click_Search_Trade_Name' successfully

2020-04-16 13:26:17 - [TEST_STEP][PASSED] - "---------------------------------------": null

2020-04-16 13:26:17 - [TEST_STEP][PASSED] - " Enter Trader Name (or ID) to Search   |": null

2020-04-16 13:26:17 - [TEST_STEP][PASSED] - callTestCase(findTestCase("Reusable_Test_Sequences/CAT_Enter_Trade_Name_NEG"), [:], STOP_ON_FAILURE): Call Test Case 'Test Cases/Reusable_Test_Sequences/CAT_Enter_Trade_Name_NEG' successfully

2020-04-16 13:26:17 - [TEST_CASE][PASSED] - Test Cases/Reusable_Test_Sequences/CAT_Enter_Trade_Name_NEG: Test Cases/Reusable_Test_Sequences/CAT_Enter_Trade_Name_NEG

2020-04-16 13:26:18 - [TEST_STEP][PASSED] - if (Website_Version != "new"): Text 'Glazing Solubtions' is set on object 'Object Repository/Page_Checkatrade Find a tradesperson you can trust/Trader_Name_To_Search'

2020-04-16 13:26:18 - [TEST_STEP][PASSED] - waitForElementClickable(findTestObject("Object Repository/Page_Checkatrade Find a tradesperson you can trust/Trader_Name_To_Search"), 5): Object 'Object Repository/Page_Checkatrade Find a tradesperson you can trust/Trader_Name_To_Search' is clickable

2020-04-16 13:26:18 - [MESSAGE][PASSED] - Object 'Object Repository/Page_Checkatrade Find a tradesperson you can trust/Trader_Name_To_Search' is clickable

2020-04-16 13:26:18 - [TEST_STEP][PASSED] - setText(findTestObject("Object Repository/Page_Checkatrade Find a tradesperson you can trust/Trader_Name_To_Search"), findTestData("Search_CAT_ID_Data_NEG").getValue("tradeName", row)): Text 'Glazing Solubtions' is set on object 'Object Repository/Page_Checkatrade Find a tradesperson you can trust/Trader_Name_To_Search'

2020-04-16 13:26:18 - [MESSAGE][PASSED] - Text 'Glazing Solubtions' is set on object 'Object Repository/Page_Checkatrade Find a tradesperson you can trust/Trader_Name_To_Search'

2020-04-16 13:26:18 - [MESSAGE][PASSED] - Call Test Case 'Test Cases/Reusable_Test_Sequences/CAT_Enter_Trade_Name_NEG' successfully

2020-04-16 13:26:18 - [TEST_STEP][PASSED] - "---------------------------------------": null

2020-04-16 13:26:18 - [TEST_STEP][PASSED] - " Search Trader Name (or ID)            |": null

2020-04-16 13:26:18 - [TEST_STEP][PASSED] - "---------------------------------------": null

2020-04-16 13:26:18 - [TEST_STEP][PASSED] - "---------------------------------------": null

2020-04-16 13:26:18 - [TEST_STEP][PASSED] - " Expected ERROR Reported               |": null

2020-04-16 13:26:18 - [TEST_STEP][PASSED] - callTestCase(findTestCase("Reusable_Test_Sequences/CAT_Search_Tradename_Not_Returned"), [:], CONTINUE_ON_FAILURE): Call Test Case 'Test Cases/Reusable_Test_Sequences/CAT_Search_Tradename_Not_Returned' successfully

2020-04-16 13:26:18 - [TEST_CASE][PASSED] - Test Cases/Reusable_Test_Sequences/CAT_Search_Tradename_Not_Returned: Test Cases/Reusable_Test_Sequences/CAT_Search_Tradename_Not_Returned

2020-04-16 13:26:18 - [TEST_STEP][PASSED] - "For later Extension": null

2020-04-16 13:26:18 - [TEST_STEP][PASSED] - "--------------------------------": null

2020-04-16 13:26:18 - [TEST_STEP][PASSED] - " Verify Sorry and Not Here Link |": null

2020-04-16 13:26:18 - [TEST_STEP][PASSED] - delay(1): Delayed 1 second(s)

2020-04-16 13:26:19 - [MESSAGE][PASSED] - Delayed 1 second(s)

2020-04-16 13:26:19 - [TEST_STEP][PASSED] - waitForPageLoad(60): Wait for page load successfully

2020-04-16 13:26:19 - [MESSAGE][PASSED] - Wait for page load successfully

2020-04-16 13:26:19 - [TEST_STEP][PASSED] - verifyElementPresent(findTestObject("Page_Checkatrade Find a tradesperson you can trust/a_or look up a member by name"), 10): Object 'Object Repository/Page_Checkatrade Find a tradesperson you can trust/a_or look up a member by name' is present

2020-04-16 13:26:20 - [MESSAGE][PASSED] - Object 'Object Repository/Page_Checkatrade Find a tradesperson you can trust/a_or look up a member by name' is present

2020-04-16 13:26:20 - [TEST_STEP][PASSED] - verifyTextPresent("Sorry, no results found", false): Text 'Sorry, no results found' is present on page 

2020-04-16 13:26:20 - [MESSAGE][PASSED] - Text 'Sorry, no results found' is present on page 

2020-04-16 13:26:20 - [TEST_STEP][PASSED] - verifyTextPresent("Not here", false): Text 'Not here' is present on page 

2020-04-16 13:26:21 - [MESSAGE][PASSED] - Text 'Not here' is present on page 

2020-04-16 13:26:21 - [TEST_STEP][PASSED] - "--------------------------------": null

2020-04-16 13:26:21 - [TEST_STEP][PASSED] - " Navigate Not Here Link         |": null

2020-04-16 13:26:21 - [TEST_STEP][PASSED] - waitForElementClickable(findTestObject("Object Repository/Page_Checkatrade Find a tradesperson you can trust/a_Not here"), 10): Object 'Object Repository/Page_Checkatrade Find a tradesperson you can trust/a_Not here' is clickable

2020-04-16 13:26:21 - [MESSAGE][PASSED] - Object 'Object Repository/Page_Checkatrade Find a tradesperson you can trust/a_Not here' is clickable

2020-04-16 13:26:21 - [TEST_STEP][PASSED] - click(findTestObject("Object Repository/Page_Checkatrade Find a tradesperson you can trust/a_Not here")): Object: 'Object Repository/Page_Checkatrade Find a tradesperson you can trust/a_Not here' is clicked on

2020-04-16 13:26:24 - [MESSAGE][PASSED] - Object: 'Object Repository/Page_Checkatrade Find a tradesperson you can trust/a_Not here' is clicked on

2020-04-16 13:26:24 - [TEST_STEP][PASSED] - "--------------------------------": null

2020-04-16 13:26:24 - [TEST_STEP][PASSED] - " Verify Returned Page           |": null

2020-04-16 13:26:24 - [TEST_STEP][PASSED] - "--------------------------------": null

2020-04-16 13:26:24 - [TEST_STEP][PASSED] - delay(3): Delayed 3 second(s)

2020-04-16 13:26:27 - [MESSAGE][PASSED] - Delayed 3 second(s)

2020-04-16 13:26:27 - [TEST_STEP][PASSED] - waitForPageLoad(60): Wait for page load successfully

2020-04-16 13:26:27 - [MESSAGE][PASSED] - Wait for page load successfully

2020-04-16 13:26:27 - [TEST_STEP][PASSED] - waitForElementClickable(findTestObject("Object Repository/Page_Checkatrade Find a tradesperson you can trust/link_Give_Your_Feedback"), 25): Object 'Object Repository/Page_Checkatrade Find a tradesperson you can trust/link_Give_Your_Feedback' is clickable

2020-04-16 13:26:27 - [MESSAGE][PASSED] - Object 'Object Repository/Page_Checkatrade Find a tradesperson you can trust/link_Give_Your_Feedback' is clickable

2020-04-16 13:26:27 - [TEST_STEP][PASSED] - verifyTextPresent("Company not listed?", false): Text 'Company not listed?' is present on page 

2020-04-16 13:26:27 - [MESSAGE][PASSED] - Text 'Company not listed?' is present on page 

2020-04-16 13:26:27 - [TEST_STEP][PASSED] - verifyTextPresent("If you are considering employing a particular company but cannot find them in our list of members", false): Text 'If you are considering employing a particular company but cannot find them in our list of members' is present on page 

2020-04-16 13:26:28 - [MESSAGE][PASSED] - Text 'If you are considering employing a particular company but cannot find them in our list of members' is present on page 

2020-04-16 13:26:28 - [TEST_STEP][PASSED] - verifyTextPresent("it may be because they are not a member of Checkatrade", false): Text 'it may be because they are not a member of Checkatrade' is present on page 

2020-04-16 13:26:28 - [MESSAGE][PASSED] - Text 'it may be because they are not a member of Checkatrade' is present on page 

2020-04-16 13:26:28 - [TEST_STEP][PASSED] - verifyTextPresent("If you would like to recommend a company to us, please give your feedback", false): Text 'If you would like to recommend a company to us, please give your feedback' is present on page 

2020-04-16 13:26:28 - [MESSAGE][PASSED] - Text 'If you would like to recommend a company to us, please give your feedback' is present on page 

2020-04-16 13:26:28 - [TEST_STEP][PASSED] - verifyTextPresent("If you would like help searching for a company, please call 0333 0146 190", false): Text 'If you would like help searching for a company, please call 0333 0146 190' is present on page 

2020-04-16 13:26:29 - [MESSAGE][PASSED] - Text 'If you would like help searching for a company, please call 0333 0146 190' is present on page 

2020-04-16 13:26:29 - [TEST_STEP][PASSED] - "----------------------------------------": null

2020-04-16 13:26:29 - [TEST_STEP][PASSED] - "----------------------------------------": null

2020-04-16 13:26:29 - [TEST_STEP][PASSED] - "Give Feedback Link NOT CHECKED Here     |": null

2020-04-16 13:26:29 - [TEST_STEP][PASSED] - System.gc(): null

2020-04-16 13:26:29 - [MESSAGE][PASSED] - Call Test Case 'Test Cases/Reusable_Test_Sequences/CAT_Search_Tradename_Not_Returned' successfully

2020-04-16 13:26:29 - [TEST_STEP][PASSED] - "--------------------------": null

2020-04-16 13:26:29 - [TEST_STEP][PASSED] - " Teardown - CLose Browser |": null

2020-04-16 13:26:29 - [TEST_STEP][PASSED] - callTestCase(findTestCase("Reusable_Test_Sequences/CAT_Teardown"), [:], OPTIONAL): Call Test Case 'Test Cases/Reusable_Test_Sequences/CAT_Teardown' successfully

2020-04-16 13:26:29 - [TEST_CASE][PASSED] - Test Cases/Reusable_Test_Sequences/CAT_Teardown: Test Cases/Reusable_Test_Sequences/CAT_Teardown

2020-04-16 13:26:29 - [TEST_STEP][PASSED] - closeBrowser(): Browser is closed

2020-04-16 13:26:31 - [MESSAGE][PASSED] - Browser is closed

2020-04-16 13:26:31 - [TEST_STEP][PASSED] - super.finalize(): null

2020-04-16 13:26:31 - [TEST_STEP][PASSED] - System.gc(): null

2020-04-16 13:26:31 - [MESSAGE][PASSED] - Call Test Case 'Test Cases/Reusable_Test_Sequences/CAT_Teardown' successfully

2020-04-16 13:26:31 - [TEST_STEP][PASSED] - callTestCase(findTestCase("Reusable_Test_Sequences/CAT_Setup"), [:], STOP_ON_FAILURE): Call Test Case 'Test Cases/Reusable_Test_Sequences/CAT_Setup' successfully

2020-04-16 13:26:31 - [TEST_CASE][PASSED] - Test Cases/Reusable_Test_Sequences/CAT_Setup: Test Cases/Reusable_Test_Sequences/CAT_Setup

2020-04-16 13:26:31 - [TEST_STEP][PASSED] - "------------------------------": null

2020-04-16 13:26:31 - [TEST_STEP][PASSED] - " Set Mobile Device Testing    |": null

2020-04-16 13:26:31 - [TEST_STEP][PASSED] - if (Mobile_Flag == "true"): null

2020-04-16 13:26:31 - [TEST_STEP][PASSED] - "------------------------------": null

2020-04-16 13:26:31 - [TEST_STEP][PASSED] - " Set Mobile Device Testing    |": null

2020-04-16 13:26:31 - [TEST_STEP][PASSED] - "------------------------------": null

2020-04-16 13:26:31 - [TEST_STEP][PASSED] - "URL - Set from the ENVIRONMENT PROFILE ": null

2020-04-16 13:26:31 - [TEST_STEP][PASSED] - openBrowser(URL): Browser is opened with url: 'https://www.preview.checkatrade.com/'

2020-04-16 13:26:31 - [MESSAGE][INFO] - Starting 'Firefox' driver

2020-04-16 13:26:31 - [MESSAGE][INFO] - Action delay is set to 0 milliseconds

2020-04-16 13:26:43 - [MESSAGE][PASSED] - Browser is opened with url: 'https://www.preview.checkatrade.com/'

2020-04-16 13:26:43 - [TEST_STEP][PASSED] - maximizeWindow(): Current window maximized

2020-04-16 13:26:43 - [MESSAGE][PASSED] - Current window maximized

2020-04-16 13:26:43 - [TEST_STEP][PASSED] - waitForPageLoad(60): Wait for page load successfully

2020-04-16 13:26:43 - [MESSAGE][PASSED] - Wait for page load successfully

2020-04-16 13:26:43 - [TEST_STEP][PASSED] - "Previous Functionalilty Left Commented For Ease Of reversion": null

2020-04-16 13:26:43 - [TEST_STEP][PASSED] - " Katalon Try/Catches currently have issues? SEE HEADER": null

2020-04-16 13:26:43 - [TEST_STEP][PASSED] - try: Text 'Cookie Policy' is not present on page

2020-04-16 13:26:43 - [TEST_STEP][PASSED] - verifyElementPresent(findTestObject("Object Repository/Cookies/Page_Checkatrade Find a tradesperson you can trust/button_Accept All"), 5, OPTIONAL): Object 'Object Repository/Cookies/Page_Checkatrade Find a tradesperson you can trust/button_Accept All' is present

2020-04-16 13:26:44 - [MESSAGE][PASSED] - Object 'Object Repository/Cookies/Page_Checkatrade Find a tradesperson you can trust/button_Accept All' is present

2020-04-16 13:26:44 - [TEST_STEP][PASSED] - click(findTestObject("Object Repository/Cookies/Page_Checkatrade Find a tradesperson you can trust/button_Accept All"), OPTIONAL): Object: 'Object Repository/Cookies/Page_Checkatrade Find a tradesperson you can trust/button_Accept All' is clicked on

2020-04-16 13:26:45 - [MESSAGE][PASSED] - Object: 'Object Repository/Cookies/Page_Checkatrade Find a tradesperson you can trust/button_Accept All' is clicked on

2020-04-16 13:26:45 - [TEST_STEP][PASSED] - "---------------------------------": null

2020-04-16 13:26:45 - [TEST_STEP][PASSED] - "COOKIE POPOUT REMOVED - Confirmed": null

2020-04-16 13:26:45 - [TEST_STEP][PASSED] - delay(1): Delayed 1 second(s)

2020-04-16 13:26:46 - [MESSAGE][PASSED] - Delayed 1 second(s)

2020-04-16 13:26:46 - [TEST_STEP][PASSED] - verifyTextNotPresent("We use cookies to personalise content and ads, to provide social media features and to analyse our traffic", false): Text 'We use cookies to personalise content and ads, to provide social media features and to analyse our traffic' is not present on page

2020-04-16 13:26:47 - [MESSAGE][PASSED] - Text 'We use cookies to personalise content and ads, to provide social media features and to analyse our traffic' is not present on page

2020-04-16 13:26:47 - [TEST_STEP][PASSED] - verifyTextNotPresent(" We also share information about your use of our site with our social media, advertising and analytics partners", false): Text ' We also share information about your use of our site with our social media, advertising and analytics partners' is not present on page

2020-04-16 13:26:48 - [MESSAGE][PASSED] - Text ' We also share information about your use of our site with our social media, advertising and analytics partners' is not present on page

2020-04-16 13:26:48 - [TEST_STEP][PASSED] - verifyTextNotPresent("Cookie Policy", false): Text 'Cookie Policy' is not present on page

2020-04-16 13:26:49 - [MESSAGE][PASSED] - Text 'Cookie Policy' is not present on page

2020-04-16 13:26:49 - [TEST_STEP][PASSED] - waitForPageLoad(60): Wait for page load successfully

2020-04-16 13:26:49 - [MESSAGE][PASSED] - Wait for page load successfully

2020-04-16 13:26:49 - [TEST_STEP][PASSED] - "COOKIE - ORIGINAL": null

2020-04-16 13:26:49 - [TEST_STEP][PASSED] - if (waitForElementVisible(findTestObject("Object Repository/Feedback/Page_Checkatrade Give your feedback/input_Member_to_Review"), 5)): Web element with id: 'Object Repository/Feedback/Page_Checkatrade Give your feedback/input_Member_to_Review' located by 'By.xpath: //input[@id='feedback-form__company_autocomplete_input']' not found

2020-04-16 13:26:54 - [MESSAGE][INFO] - Unable to find the element located by 'By.xpath: //input[@id='feedback-form__company_autocomplete_input']'. Please recheck the objects properties to make sure the desired element is located. 

2020-04-16 13:26:54 - [MESSAGE][WARNING] - Web element with id: 'Object Repository/Feedback/Page_Checkatrade Give your feedback/input_Member_to_Review' located by 'By.xpath: //input[@id='feedback-form__company_autocomplete_input']' not found

2020-04-16 13:26:54 - [TEST_STEP][PASSED] - else: The <<<OLD>>> Website was detected by the STARTUP Process

2020-04-16 13:26:54 - [TEST_STEP][PASSED] - if (!(verifyElementVisible(findTestObject("Object Repository/Checkatrade_Trade_Search_Page/Page_Checkatrade Find a tradesperson you can trust/input_Search_Button_FF")))): Object 'Object Repository/Checkatrade_Trade_Search_Page/Page_Checkatrade Find a tradesperson you can trust/input_Search_Button_FF' is visible

2020-04-16 13:26:54 - [MESSAGE][PASSED] - Object 'Object Repository/Checkatrade_Trade_Search_Page/Page_Checkatrade Find a tradesperson you can trust/input_Search_Button_FF' is visible

2020-04-16 13:26:54 - [TEST_STEP][PASSED] - else: The <<<OLD>>> Website was detected by the STARTUP Process

2020-04-16 13:26:54 - [TEST_STEP][PASSED] - Website_Version = "old": null

2020-04-16 13:26:54 - [TEST_STEP][PASSED] - logInfo("The <<<OLD>>> Website was detected by the STARTUP Process"): The <<<OLD>>> Website was detected by the STARTUP Process

2020-04-16 13:26:54 - [MESSAGE][INFO] - The <<<OLD>>> Website was detected by the STARTUP Process

2020-04-16 13:26:54 - [MESSAGE][PASSED] - Call Test Case 'Test Cases/Reusable_Test_Sequences/CAT_Setup' successfully

2020-04-16 13:26:54 - [TEST_STEP][PASSED] - " Home Page validation Checks after COOKIE Dispelled": null

2020-04-16 13:26:54 - [TEST_STEP][PASSED] - "---------------------------------------------------------------------": null

2020-04-16 13:26:54 - [TEST_STEP][PASSED] - " Select Search on Trader Name (or ID) From Home page/Search Screen   |": null

2020-04-16 13:26:54 - [TEST_STEP][PASSED] - callTestCase(findTestCase("Reusable_Test_Sequences/CAT_Click_Search_Trade_Name"), [:], STOP_ON_FAILURE): Call Test Case 'Test Cases/Reusable_Test_Sequences/CAT_Click_Search_Trade_Name' successfully

2020-04-16 13:26:54 - [TEST_CASE][PASSED] - Test Cases/Reusable_Test_Sequences/CAT_Click_Search_Trade_Name: Test Cases/Reusable_Test_Sequences/CAT_Click_Search_Trade_Name

2020-04-16 13:26:54 - [TEST_STEP][PASSED] - waitForPageLoad(60): Wait for page load successfully

2020-04-16 13:26:54 - [MESSAGE][PASSED] - Wait for page load successfully

2020-04-16 13:26:54 - [TEST_STEP][PASSED] - if (Website_Version != "new"): Object: 'Object Repository/Page_Checkatrade Find a tradesperson you can trust/a_or look up a member by name' is clicked on

2020-04-16 13:26:54 - [TEST_STEP][PASSED] - waitForElementClickable(findTestObject("Object Repository/Page_Checkatrade Find a tradesperson you can trust/a_or look up a member by name"), 5): Object 'Object Repository/Page_Checkatrade Find a tradesperson you can trust/a_or look up a member by name' is clickable

2020-04-16 13:26:54 - [MESSAGE][PASSED] - Object 'Object Repository/Page_Checkatrade Find a tradesperson you can trust/a_or look up a member by name' is clickable

2020-04-16 13:26:54 - [TEST_STEP][PASSED] - click(findTestObject("Object Repository/Page_Checkatrade Find a tradesperson you can trust/a_or look up a member by name")): Object: 'Object Repository/Page_Checkatrade Find a tradesperson you can trust/a_or look up a member by name' is clicked on

2020-04-16 13:26:55 - [MESSAGE][PASSED] - Object: 'Object Repository/Page_Checkatrade Find a tradesperson you can trust/a_or look up a member by name' is clicked on

2020-04-16 13:26:55 - [TEST_STEP][PASSED] - if (Website_Version != "old"): null

2020-04-16 13:26:55 - [TEST_STEP][PASSED] - waitForPageLoad(60): Wait for page load successfully

2020-04-16 13:26:55 - [MESSAGE][PASSED] - Wait for page load successfully

2020-04-16 13:26:55 - [MESSAGE][PASSED] - Call Test Case 'Test Cases/Reusable_Test_Sequences/CAT_Click_Search_Trade_Name' successfully

2020-04-16 13:26:55 - [TEST_STEP][PASSED] - "---------------------------------------": null

2020-04-16 13:26:55 - [TEST_STEP][PASSED] - " Enter Trader Name (or ID) to Search   |": null

2020-04-16 13:26:55 - [TEST_STEP][PASSED] - callTestCase(findTestCase("Reusable_Test_Sequences/CAT_Enter_Trade_Name_NEG"), [:], STOP_ON_FAILURE): Call Test Case 'Test Cases/Reusable_Test_Sequences/CAT_Enter_Trade_Name_NEG' successfully

2020-04-16 13:26:55 - [TEST_CASE][PASSED] - Test Cases/Reusable_Test_Sequences/CAT_Enter_Trade_Name_NEG: Test Cases/Reusable_Test_Sequences/CAT_Enter_Trade_Name_NEG

2020-04-16 13:26:55 - [TEST_STEP][PASSED] - if (Website_Version != "new"): Text '3811989' is set on object 'Object Repository/Page_Checkatrade Find a tradesperson you can trust/Trader_Name_To_Search'

2020-04-16 13:26:55 - [TEST_STEP][PASSED] - waitForElementClickable(findTestObject("Object Repository/Page_Checkatrade Find a tradesperson you can trust/Trader_Name_To_Search"), 5): Object 'Object Repository/Page_Checkatrade Find a tradesperson you can trust/Trader_Name_To_Search' is clickable

2020-04-16 13:26:55 - [MESSAGE][PASSED] - Object 'Object Repository/Page_Checkatrade Find a tradesperson you can trust/Trader_Name_To_Search' is clickable

2020-04-16 13:26:55 - [TEST_STEP][PASSED] - setText(findTestObject("Object Repository/Page_Checkatrade Find a tradesperson you can trust/Trader_Name_To_Search"), findTestData("Search_CAT_ID_Data_NEG").getValue("tradeName", row)): Text '3811989' is set on object 'Object Repository/Page_Checkatrade Find a tradesperson you can trust/Trader_Name_To_Search'

2020-04-16 13:26:55 - [MESSAGE][PASSED] - Text '3811989' is set on object 'Object Repository/Page_Checkatrade Find a tradesperson you can trust/Trader_Name_To_Search'

2020-04-16 13:26:55 - [MESSAGE][PASSED] - Call Test Case 'Test Cases/Reusable_Test_Sequences/CAT_Enter_Trade_Name_NEG' successfully

2020-04-16 13:26:55 - [TEST_STEP][PASSED] - "---------------------------------------": null

2020-04-16 13:26:55 - [TEST_STEP][PASSED] - " Search Trader Name (or ID)            |": null

2020-04-16 13:26:55 - [TEST_STEP][PASSED] - "---------------------------------------": null

2020-04-16 13:26:55 - [TEST_STEP][PASSED] - "---------------------------------------": null

2020-04-16 13:26:55 - [TEST_STEP][PASSED] - " Expected ERROR Reported               |": null

2020-04-16 13:26:55 - [TEST_STEP][PASSED] - callTestCase(findTestCase("Reusable_Test_Sequences/CAT_Search_Tradename_Not_Returned"), [:], CONTINUE_ON_FAILURE): Call Test Case 'Test Cases/Reusable_Test_Sequences/CAT_Search_Tradename_Not_Returned' successfully

2020-04-16 13:26:55 - [TEST_CASE][PASSED] - Test Cases/Reusable_Test_Sequences/CAT_Search_Tradename_Not_Returned: Test Cases/Reusable_Test_Sequences/CAT_Search_Tradename_Not_Returned

2020-04-16 13:26:55 - [TEST_STEP][PASSED] - "For later Extension": null

2020-04-16 13:26:55 - [TEST_STEP][PASSED] - "--------------------------------": null

2020-04-16 13:26:55 - [TEST_STEP][PASSED] - " Verify Sorry and Not Here Link |": null

2020-04-16 13:26:55 - [TEST_STEP][PASSED] - delay(1): Delayed 1 second(s)

2020-04-16 13:26:56 - [MESSAGE][PASSED] - Delayed 1 second(s)

2020-04-16 13:26:56 - [TEST_STEP][PASSED] - waitForPageLoad(60): Wait for page load successfully

2020-04-16 13:26:56 - [MESSAGE][PASSED] - Wait for page load successfully

2020-04-16 13:26:56 - [TEST_STEP][PASSED] - verifyElementPresent(findTestObject("Page_Checkatrade Find a tradesperson you can trust/a_or look up a member by name"), 10): Object 'Object Repository/Page_Checkatrade Find a tradesperson you can trust/a_or look up a member by name' is present

2020-04-16 13:26:56 - [MESSAGE][PASSED] - Object 'Object Repository/Page_Checkatrade Find a tradesperson you can trust/a_or look up a member by name' is present

2020-04-16 13:26:56 - [TEST_STEP][PASSED] - verifyTextPresent("Sorry, no results found", false): Text 'Sorry, no results found' is present on page 

2020-04-16 13:26:57 - [MESSAGE][PASSED] - Text 'Sorry, no results found' is present on page 

2020-04-16 13:26:57 - [TEST_STEP][PASSED] - verifyTextPresent("Not here", false): Text 'Not here' is present on page 

2020-04-16 13:26:57 - [MESSAGE][PASSED] - Text 'Not here' is present on page 

2020-04-16 13:26:57 - [TEST_STEP][PASSED] - "--------------------------------": null

2020-04-16 13:26:57 - [TEST_STEP][PASSED] - " Navigate Not Here Link         |": null

2020-04-16 13:26:57 - [TEST_STEP][PASSED] - waitForElementClickable(findTestObject("Object Repository/Page_Checkatrade Find a tradesperson you can trust/a_Not here"), 10): Object 'Object Repository/Page_Checkatrade Find a tradesperson you can trust/a_Not here' is clickable

2020-04-16 13:26:57 - [MESSAGE][PASSED] - Object 'Object Repository/Page_Checkatrade Find a tradesperson you can trust/a_Not here' is clickable

2020-04-16 13:26:57 - [TEST_STEP][PASSED] - click(findTestObject("Object Repository/Page_Checkatrade Find a tradesperson you can trust/a_Not here")): Object: 'Object Repository/Page_Checkatrade Find a tradesperson you can trust/a_Not here' is clicked on

2020-04-16 13:27:00 - [MESSAGE][PASSED] - Object: 'Object Repository/Page_Checkatrade Find a tradesperson you can trust/a_Not here' is clicked on

2020-04-16 13:27:00 - [TEST_STEP][PASSED] - "--------------------------------": null

2020-04-16 13:27:00 - [TEST_STEP][PASSED] - " Verify Returned Page           |": null

2020-04-16 13:27:00 - [TEST_STEP][PASSED] - "--------------------------------": null

2020-04-16 13:27:00 - [TEST_STEP][PASSED] - delay(3): Delayed 3 second(s)

2020-04-16 13:27:03 - [MESSAGE][PASSED] - Delayed 3 second(s)

2020-04-16 13:27:03 - [TEST_STEP][PASSED] - waitForPageLoad(60): Wait for page load successfully

2020-04-16 13:27:03 - [MESSAGE][PASSED] - Wait for page load successfully

2020-04-16 13:27:03 - [TEST_STEP][PASSED] - waitForElementClickable(findTestObject("Object Repository/Page_Checkatrade Find a tradesperson you can trust/link_Give_Your_Feedback"), 25): Object 'Object Repository/Page_Checkatrade Find a tradesperson you can trust/link_Give_Your_Feedback' is clickable

2020-04-16 13:27:03 - [MESSAGE][PASSED] - Object 'Object Repository/Page_Checkatrade Find a tradesperson you can trust/link_Give_Your_Feedback' is clickable

2020-04-16 13:27:03 - [TEST_STEP][PASSED] - verifyTextPresent("Company not listed?", false): Text 'Company not listed?' is present on page 

2020-04-16 13:27:04 - [MESSAGE][PASSED] - Text 'Company not listed?' is present on page 

2020-04-16 13:27:04 - [TEST_STEP][PASSED] - verifyTextPresent("If you are considering employing a particular company but cannot find them in our list of members", false): Text 'If you are considering employing a particular company but cannot find them in our list of members' is present on page 

2020-04-16 13:27:05 - [MESSAGE][PASSED] - Text 'If you are considering employing a particular company but cannot find them in our list of members' is present on page 

2020-04-16 13:27:05 - [TEST_STEP][PASSED] - verifyTextPresent("it may be because they are not a member of Checkatrade", false): Text 'it may be because they are not a member of Checkatrade' is present on page 

2020-04-16 13:27:05 - [MESSAGE][PASSED] - Text 'it may be because they are not a member of Checkatrade' is present on page 

2020-04-16 13:27:05 - [TEST_STEP][PASSED] - verifyTextPresent("If you would like to recommend a company to us, please give your feedback", false): Text 'If you would like to recommend a company to us, please give your feedback' is present on page 

2020-04-16 13:27:05 - [MESSAGE][PASSED] - Text 'If you would like to recommend a company to us, please give your feedback' is present on page 

2020-04-16 13:27:05 - [TEST_STEP][PASSED] - verifyTextPresent("If you would like help searching for a company, please call 0333 0146 190", false): Text 'If you would like help searching for a company, please call 0333 0146 190' is present on page 

2020-04-16 13:27:06 - [MESSAGE][PASSED] - Text 'If you would like help searching for a company, please call 0333 0146 190' is present on page 

2020-04-16 13:27:06 - [TEST_STEP][PASSED] - "----------------------------------------": null

2020-04-16 13:27:06 - [TEST_STEP][PASSED] - "----------------------------------------": null

2020-04-16 13:27:06 - [TEST_STEP][PASSED] - "Give Feedback Link NOT CHECKED Here     |": null

2020-04-16 13:27:06 - [TEST_STEP][PASSED] - System.gc(): null

2020-04-16 13:27:06 - [MESSAGE][PASSED] - Call Test Case 'Test Cases/Reusable_Test_Sequences/CAT_Search_Tradename_Not_Returned' successfully

2020-04-16 13:27:06 - [TEST_STEP][PASSED] - "--------------------------": null

2020-04-16 13:27:06 - [TEST_STEP][PASSED] - " Teardown - CLose Browser |": null

2020-04-16 13:27:06 - [TEST_STEP][PASSED] - callTestCase(findTestCase("Reusable_Test_Sequences/CAT_Teardown"), [:], OPTIONAL): Call Test Case 'Test Cases/Reusable_Test_Sequences/CAT_Teardown' successfully

2020-04-16 13:27:06 - [TEST_CASE][PASSED] - Test Cases/Reusable_Test_Sequences/CAT_Teardown: Test Cases/Reusable_Test_Sequences/CAT_Teardown

2020-04-16 13:27:06 - [TEST_STEP][PASSED] - closeBrowser(): Browser is closed

2020-04-16 13:27:08 - [MESSAGE][PASSED] - Browser is closed

2020-04-16 13:27:08 - [TEST_STEP][PASSED] - super.finalize(): null

2020-04-16 13:27:08 - [TEST_STEP][PASSED] - System.gc(): null

2020-04-16 13:27:09 - [MESSAGE][PASSED] - Call Test Case 'Test Cases/Reusable_Test_Sequences/CAT_Teardown' successfully

2020-04-16 13:27:09 - [TEST_STEP][PASSED] - callTestCase(findTestCase("Reusable_Test_Sequences/CAT_Setup"), [:], STOP_ON_FAILURE): Call Test Case 'Test Cases/Reusable_Test_Sequences/CAT_Setup' successfully

2020-04-16 13:27:09 - [TEST_CASE][PASSED] - Test Cases/Reusable_Test_Sequences/CAT_Setup: Test Cases/Reusable_Test_Sequences/CAT_Setup

2020-04-16 13:27:09 - [TEST_STEP][PASSED] - "------------------------------": null

2020-04-16 13:27:09 - [TEST_STEP][PASSED] - " Set Mobile Device Testing    |": null

2020-04-16 13:27:09 - [TEST_STEP][PASSED] - if (Mobile_Flag == "true"): null

2020-04-16 13:27:09 - [TEST_STEP][PASSED] - "------------------------------": null

2020-04-16 13:27:09 - [TEST_STEP][PASSED] - " Set Mobile Device Testing    |": null

2020-04-16 13:27:09 - [TEST_STEP][PASSED] - "------------------------------": null

2020-04-16 13:27:09 - [TEST_STEP][PASSED] - "URL - Set from the ENVIRONMENT PROFILE ": null

2020-04-16 13:27:09 - [TEST_STEP][PASSED] - openBrowser(URL): Browser is opened with url: 'https://www.preview.checkatrade.com/'

2020-04-16 13:27:09 - [MESSAGE][INFO] - Starting 'Firefox' driver

2020-04-16 13:27:09 - [MESSAGE][INFO] - Action delay is set to 0 milliseconds

2020-04-16 13:27:20 - [MESSAGE][PASSED] - Browser is opened with url: 'https://www.preview.checkatrade.com/'

2020-04-16 13:27:20 - [TEST_STEP][PASSED] - maximizeWindow(): Current window maximized

2020-04-16 13:27:21 - [MESSAGE][PASSED] - Current window maximized

2020-04-16 13:27:21 - [TEST_STEP][PASSED] - waitForPageLoad(60): Wait for page load successfully

2020-04-16 13:27:21 - [MESSAGE][PASSED] - Wait for page load successfully

2020-04-16 13:27:21 - [TEST_STEP][PASSED] - "Previous Functionalilty Left Commented For Ease Of reversion": null

2020-04-16 13:27:21 - [TEST_STEP][PASSED] - " Katalon Try/Catches currently have issues? SEE HEADER": null

2020-04-16 13:27:21 - [TEST_STEP][PASSED] - try: Text 'Cookie Policy' is not present on page

2020-04-16 13:27:21 - [TEST_STEP][PASSED] - verifyElementPresent(findTestObject("Object Repository/Cookies/Page_Checkatrade Find a tradesperson you can trust/button_Accept All"), 5, OPTIONAL): Object 'Object Repository/Cookies/Page_Checkatrade Find a tradesperson you can trust/button_Accept All' is present

2020-04-16 13:27:21 - [MESSAGE][PASSED] - Object 'Object Repository/Cookies/Page_Checkatrade Find a tradesperson you can trust/button_Accept All' is present

2020-04-16 13:27:21 - [TEST_STEP][PASSED] - click(findTestObject("Object Repository/Cookies/Page_Checkatrade Find a tradesperson you can trust/button_Accept All"), OPTIONAL): Object: 'Object Repository/Cookies/Page_Checkatrade Find a tradesperson you can trust/button_Accept All' is clicked on

2020-04-16 13:27:21 - [MESSAGE][PASSED] - Object: 'Object Repository/Cookies/Page_Checkatrade Find a tradesperson you can trust/button_Accept All' is clicked on

2020-04-16 13:27:21 - [TEST_STEP][PASSED] - "---------------------------------": null

2020-04-16 13:27:21 - [TEST_STEP][PASSED] - "COOKIE POPOUT REMOVED - Confirmed": null

2020-04-16 13:27:21 - [TEST_STEP][PASSED] - delay(1): Delayed 1 second(s)

2020-04-16 13:27:22 - [MESSAGE][PASSED] - Delayed 1 second(s)

2020-04-16 13:27:22 - [TEST_STEP][PASSED] - verifyTextNotPresent("We use cookies to personalise content and ads, to provide social media features and to analyse our traffic", false): Text 'We use cookies to personalise content and ads, to provide social media features and to analyse our traffic' is not present on page

2020-04-16 13:27:23 - [MESSAGE][PASSED] - Text 'We use cookies to personalise content and ads, to provide social media features and to analyse our traffic' is not present on page

2020-04-16 13:27:23 - [TEST_STEP][PASSED] - verifyTextNotPresent(" We also share information about your use of our site with our social media, advertising and analytics partners", false): Text ' We also share information about your use of our site with our social media, advertising and analytics partners' is not present on page

2020-04-16 13:27:23 - [MESSAGE][PASSED] - Text ' We also share information about your use of our site with our social media, advertising and analytics partners' is not present on page

2020-04-16 13:27:23 - [TEST_STEP][PASSED] - verifyTextNotPresent("Cookie Policy", false): Text 'Cookie Policy' is not present on page

2020-04-16 13:27:24 - [MESSAGE][PASSED] - Text 'Cookie Policy' is not present on page

2020-04-16 13:27:24 - [TEST_STEP][PASSED] - waitForPageLoad(60): Wait for page load successfully

2020-04-16 13:27:24 - [MESSAGE][PASSED] - Wait for page load successfully

2020-04-16 13:27:24 - [TEST_STEP][PASSED] - "COOKIE - ORIGINAL": null

2020-04-16 13:27:24 - [TEST_STEP][PASSED] - if (waitForElementVisible(findTestObject("Object Repository/Feedback/Page_Checkatrade Give your feedback/input_Member_to_Review"), 5)): Web element with id: 'Object Repository/Feedback/Page_Checkatrade Give your feedback/input_Member_to_Review' located by 'By.xpath: //input[@id='feedback-form__company_autocomplete_input']' not found

2020-04-16 13:27:29 - [MESSAGE][INFO] - Unable to find the element located by 'By.xpath: //input[@id='feedback-form__company_autocomplete_input']'. Please recheck the objects properties to make sure the desired element is located. 

2020-04-16 13:27:29 - [MESSAGE][WARNING] - Web element with id: 'Object Repository/Feedback/Page_Checkatrade Give your feedback/input_Member_to_Review' located by 'By.xpath: //input[@id='feedback-form__company_autocomplete_input']' not found

2020-04-16 13:27:29 - [TEST_STEP][PASSED] - else: The <<<OLD>>> Website was detected by the STARTUP Process

2020-04-16 13:27:29 - [TEST_STEP][PASSED] - if (!(verifyElementVisible(findTestObject("Object Repository/Checkatrade_Trade_Search_Page/Page_Checkatrade Find a tradesperson you can trust/input_Search_Button_FF")))): Object 'Object Repository/Checkatrade_Trade_Search_Page/Page_Checkatrade Find a tradesperson you can trust/input_Search_Button_FF' is visible

2020-04-16 13:27:29 - [MESSAGE][PASSED] - Object 'Object Repository/Checkatrade_Trade_Search_Page/Page_Checkatrade Find a tradesperson you can trust/input_Search_Button_FF' is visible

2020-04-16 13:27:29 - [TEST_STEP][PASSED] - else: The <<<OLD>>> Website was detected by the STARTUP Process

2020-04-16 13:27:29 - [TEST_STEP][PASSED] - Website_Version = "old": null

2020-04-16 13:27:29 - [TEST_STEP][PASSED] - logInfo("The <<<OLD>>> Website was detected by the STARTUP Process"): The <<<OLD>>> Website was detected by the STARTUP Process

2020-04-16 13:27:29 - [MESSAGE][INFO] - The <<<OLD>>> Website was detected by the STARTUP Process

2020-04-16 13:27:29 - [MESSAGE][PASSED] - Call Test Case 'Test Cases/Reusable_Test_Sequences/CAT_Setup' successfully

2020-04-16 13:27:29 - [TEST_STEP][PASSED] - " Home Page validation Checks after COOKIE Dispelled": null

2020-04-16 13:27:29 - [TEST_STEP][PASSED] - "---------------------------------------------------------------------": null

2020-04-16 13:27:29 - [TEST_STEP][PASSED] - " Select Search on Trader Name (or ID) From Home page/Search Screen   |": null

2020-04-16 13:27:29 - [TEST_STEP][PASSED] - callTestCase(findTestCase("Reusable_Test_Sequences/CAT_Click_Search_Trade_Name"), [:], STOP_ON_FAILURE): Call Test Case 'Test Cases/Reusable_Test_Sequences/CAT_Click_Search_Trade_Name' successfully

2020-04-16 13:27:29 - [TEST_CASE][PASSED] - Test Cases/Reusable_Test_Sequences/CAT_Click_Search_Trade_Name: Test Cases/Reusable_Test_Sequences/CAT_Click_Search_Trade_Name

2020-04-16 13:27:29 - [TEST_STEP][PASSED] - waitForPageLoad(60): Wait for page load successfully

2020-04-16 13:27:29 - [MESSAGE][PASSED] - Wait for page load successfully

2020-04-16 13:27:29 - [TEST_STEP][PASSED] - if (Website_Version != "new"): Object: 'Object Repository/Page_Checkatrade Find a tradesperson you can trust/a_or look up a member by name' is clicked on

2020-04-16 13:27:29 - [TEST_STEP][PASSED] - waitForElementClickable(findTestObject("Object Repository/Page_Checkatrade Find a tradesperson you can trust/a_or look up a member by name"), 5): Object 'Object Repository/Page_Checkatrade Find a tradesperson you can trust/a_or look up a member by name' is clickable

2020-04-16 13:27:29 - [MESSAGE][PASSED] - Object 'Object Repository/Page_Checkatrade Find a tradesperson you can trust/a_or look up a member by name' is clickable

2020-04-16 13:27:29 - [TEST_STEP][PASSED] - click(findTestObject("Object Repository/Page_Checkatrade Find a tradesperson you can trust/a_or look up a member by name")): Object: 'Object Repository/Page_Checkatrade Find a tradesperson you can trust/a_or look up a member by name' is clicked on

2020-04-16 13:27:30 - [MESSAGE][PASSED] - Object: 'Object Repository/Page_Checkatrade Find a tradesperson you can trust/a_or look up a member by name' is clicked on

2020-04-16 13:27:30 - [TEST_STEP][PASSED] - if (Website_Version != "old"): null

2020-04-16 13:27:30 - [TEST_STEP][PASSED] - waitForPageLoad(60): Wait for page load successfully

2020-04-16 13:27:30 - [MESSAGE][PASSED] - Wait for page load successfully

2020-04-16 13:27:30 - [MESSAGE][PASSED] - Call Test Case 'Test Cases/Reusable_Test_Sequences/CAT_Click_Search_Trade_Name' successfully

2020-04-16 13:27:30 - [TEST_STEP][PASSED] - "---------------------------------------": null

2020-04-16 13:27:30 - [TEST_STEP][PASSED] - " Enter Trader Name (or ID) to Search   |": null

2020-04-16 13:27:30 - [TEST_STEP][PASSED] - callTestCase(findTestCase("Reusable_Test_Sequences/CAT_Enter_Trade_Name_NEG"), [:], STOP_ON_FAILURE): Call Test Case 'Test Cases/Reusable_Test_Sequences/CAT_Enter_Trade_Name_NEG' successfully

2020-04-16 13:27:30 - [TEST_CASE][PASSED] - Test Cases/Reusable_Test_Sequences/CAT_Enter_Trade_Name_NEG: Test Cases/Reusable_Test_Sequences/CAT_Enter_Trade_Name_NEG

2020-04-16 13:27:30 - [TEST_STEP][PASSED] - if (Website_Version != "new"): Text 'z1' is set on object 'Object Repository/Page_Checkatrade Find a tradesperson you can trust/Trader_Name_To_Search'

2020-04-16 13:27:30 - [TEST_STEP][PASSED] - waitForElementClickable(findTestObject("Object Repository/Page_Checkatrade Find a tradesperson you can trust/Trader_Name_To_Search"), 5): Object 'Object Repository/Page_Checkatrade Find a tradesperson you can trust/Trader_Name_To_Search' is clickable

2020-04-16 13:27:30 - [MESSAGE][PASSED] - Object 'Object Repository/Page_Checkatrade Find a tradesperson you can trust/Trader_Name_To_Search' is clickable

2020-04-16 13:27:30 - [TEST_STEP][PASSED] - setText(findTestObject("Object Repository/Page_Checkatrade Find a tradesperson you can trust/Trader_Name_To_Search"), findTestData("Search_CAT_ID_Data_NEG").getValue("tradeName", row)): Text 'z1' is set on object 'Object Repository/Page_Checkatrade Find a tradesperson you can trust/Trader_Name_To_Search'

2020-04-16 13:27:30 - [MESSAGE][PASSED] - Text 'z1' is set on object 'Object Repository/Page_Checkatrade Find a tradesperson you can trust/Trader_Name_To_Search'

2020-04-16 13:27:30 - [MESSAGE][PASSED] - Call Test Case 'Test Cases/Reusable_Test_Sequences/CAT_Enter_Trade_Name_NEG' successfully

2020-04-16 13:27:30 - [TEST_STEP][PASSED] - "---------------------------------------": null

2020-04-16 13:27:30 - [TEST_STEP][PASSED] - " Search Trader Name (or ID)            |": null

2020-04-16 13:27:30 - [TEST_STEP][PASSED] - "---------------------------------------": null

2020-04-16 13:27:30 - [TEST_STEP][PASSED] - "---------------------------------------": null

2020-04-16 13:27:30 - [TEST_STEP][PASSED] - " Expected ERROR Reported               |": null

2020-04-16 13:27:30 - [TEST_STEP][PASSED] - callTestCase(findTestCase("Reusable_Test_Sequences/CAT_Search_Tradename_Not_Returned"), [:], CONTINUE_ON_FAILURE): Call Test Case 'Test Cases/Reusable_Test_Sequences/CAT_Search_Tradename_Not_Returned' successfully

2020-04-16 13:27:30 - [TEST_CASE][PASSED] - Test Cases/Reusable_Test_Sequences/CAT_Search_Tradename_Not_Returned: Test Cases/Reusable_Test_Sequences/CAT_Search_Tradename_Not_Returned

2020-04-16 13:27:30 - [TEST_STEP][PASSED] - "For later Extension": null

2020-04-16 13:27:30 - [TEST_STEP][PASSED] - "--------------------------------": null

2020-04-16 13:27:30 - [TEST_STEP][PASSED] - " Verify Sorry and Not Here Link |": null

2020-04-16 13:27:30 - [TEST_STEP][PASSED] - delay(1): Delayed 1 second(s)

2020-04-16 13:27:31 - [MESSAGE][PASSED] - Delayed 1 second(s)

2020-04-16 13:27:31 - [TEST_STEP][PASSED] - waitForPageLoad(60): Wait for page load successfully

2020-04-16 13:27:31 - [MESSAGE][PASSED] - Wait for page load successfully

2020-04-16 13:27:31 - [TEST_STEP][PASSED] - verifyElementPresent(findTestObject("Page_Checkatrade Find a tradesperson you can trust/a_or look up a member by name"), 10): Object 'Object Repository/Page_Checkatrade Find a tradesperson you can trust/a_or look up a member by name' is present

2020-04-16 13:27:32 - [MESSAGE][PASSED] - Object 'Object Repository/Page_Checkatrade Find a tradesperson you can trust/a_or look up a member by name' is present

2020-04-16 13:27:32 - [TEST_STEP][PASSED] - verifyTextPresent("Sorry, no results found", false): Text 'Sorry, no results found' is present on page 

2020-04-16 13:27:33 - [MESSAGE][PASSED] - Text 'Sorry, no results found' is present on page 

2020-04-16 13:27:33 - [TEST_STEP][PASSED] - verifyTextPresent("Not here", false): Text 'Not here' is present on page 

2020-04-16 13:27:34 - [MESSAGE][PASSED] - Text 'Not here' is present on page 

2020-04-16 13:27:34 - [TEST_STEP][PASSED] - "--------------------------------": null

2020-04-16 13:27:34 - [TEST_STEP][PASSED] - " Navigate Not Here Link         |": null

2020-04-16 13:27:34 - [TEST_STEP][PASSED] - waitForElementClickable(findTestObject("Object Repository/Page_Checkatrade Find a tradesperson you can trust/a_Not here"), 10): Object 'Object Repository/Page_Checkatrade Find a tradesperson you can trust/a_Not here' is clickable

2020-04-16 13:27:35 - [MESSAGE][PASSED] - Object 'Object Repository/Page_Checkatrade Find a tradesperson you can trust/a_Not here' is clickable

2020-04-16 13:27:35 - [TEST_STEP][PASSED] - click(findTestObject("Object Repository/Page_Checkatrade Find a tradesperson you can trust/a_Not here")): Object: 'Object Repository/Page_Checkatrade Find a tradesperson you can trust/a_Not here' is clicked on

2020-04-16 13:27:38 - [MESSAGE][PASSED] - Object: 'Object Repository/Page_Checkatrade Find a tradesperson you can trust/a_Not here' is clicked on

2020-04-16 13:27:38 - [TEST_STEP][PASSED] - "--------------------------------": null

2020-04-16 13:27:38 - [TEST_STEP][PASSED] - " Verify Returned Page           |": null

2020-04-16 13:27:38 - [TEST_STEP][PASSED] - "--------------------------------": null

2020-04-16 13:27:38 - [TEST_STEP][PASSED] - delay(3): Delayed 3 second(s)

2020-04-16 13:27:41 - [MESSAGE][PASSED] - Delayed 3 second(s)

2020-04-16 13:27:41 - [TEST_STEP][PASSED] - waitForPageLoad(60): Wait for page load successfully

2020-04-16 13:27:41 - [MESSAGE][PASSED] - Wait for page load successfully

2020-04-16 13:27:41 - [TEST_STEP][PASSED] - waitForElementClickable(findTestObject("Object Repository/Page_Checkatrade Find a tradesperson you can trust/link_Give_Your_Feedback"), 25): Object 'Object Repository/Page_Checkatrade Find a tradesperson you can trust/link_Give_Your_Feedback' is clickable

2020-04-16 13:27:41 - [MESSAGE][PASSED] - Object 'Object Repository/Page_Checkatrade Find a tradesperson you can trust/link_Give_Your_Feedback' is clickable

2020-04-16 13:27:41 - [TEST_STEP][PASSED] - verifyTextPresent("Company not listed?", false): Text 'Company not listed?' is present on page 

2020-04-16 13:27:41 - [MESSAGE][PASSED] - Text 'Company not listed?' is present on page 

2020-04-16 13:27:41 - [TEST_STEP][PASSED] - verifyTextPresent("If you are considering employing a particular company but cannot find them in our list of members", false): Text 'If you are considering employing a particular company but cannot find them in our list of members' is present on page 

2020-04-16 13:27:42 - [MESSAGE][PASSED] - Text 'If you are considering employing a particular company but cannot find them in our list of members' is present on page 

2020-04-16 13:27:42 - [TEST_STEP][PASSED] - verifyTextPresent("it may be because they are not a member of Checkatrade", false): Text 'it may be because they are not a member of Checkatrade' is present on page 

2020-04-16 13:27:42 - [MESSAGE][PASSED] - Text 'it may be because they are not a member of Checkatrade' is present on page 

2020-04-16 13:27:42 - [TEST_STEP][PASSED] - verifyTextPresent("If you would like to recommend a company to us, please give your feedback", false): Text 'If you would like to recommend a company to us, please give your feedback' is present on page 

2020-04-16 13:27:43 - [MESSAGE][PASSED] - Text 'If you would like to recommend a company to us, please give your feedback' is present on page 

2020-04-16 13:27:43 - [TEST_STEP][PASSED] - verifyTextPresent("If you would like help searching for a company, please call 0333 0146 190", false): Text 'If you would like help searching for a company, please call 0333 0146 190' is present on page 

2020-04-16 13:27:43 - [MESSAGE][PASSED] - Text 'If you would like help searching for a company, please call 0333 0146 190' is present on page 

2020-04-16 13:27:43 - [TEST_STEP][PASSED] - "----------------------------------------": null

2020-04-16 13:27:43 - [TEST_STEP][PASSED] - "----------------------------------------": null

2020-04-16 13:27:43 - [TEST_STEP][PASSED] - "Give Feedback Link NOT CHECKED Here     |": null

2020-04-16 13:27:43 - [TEST_STEP][PASSED] - System.gc(): null

2020-04-16 13:27:43 - [MESSAGE][PASSED] - Call Test Case 'Test Cases/Reusable_Test_Sequences/CAT_Search_Tradename_Not_Returned' successfully

2020-04-16 13:27:43 - [TEST_STEP][PASSED] - "--------------------------": null

2020-04-16 13:27:43 - [TEST_STEP][PASSED] - " Teardown - CLose Browser |": null

2020-04-16 13:27:43 - [TEST_STEP][PASSED] - callTestCase(findTestCase("Reusable_Test_Sequences/CAT_Teardown"), [:], OPTIONAL): Call Test Case 'Test Cases/Reusable_Test_Sequences/CAT_Teardown' successfully

2020-04-16 13:27:43 - [TEST_CASE][PASSED] - Test Cases/Reusable_Test_Sequences/CAT_Teardown: Test Cases/Reusable_Test_Sequences/CAT_Teardown

2020-04-16 13:27:43 - [TEST_STEP][PASSED] - closeBrowser(): Browser is closed

2020-04-16 13:27:46 - [MESSAGE][PASSED] - Browser is closed

2020-04-16 13:27:46 - [TEST_STEP][PASSED] - super.finalize(): null

2020-04-16 13:27:46 - [TEST_STEP][PASSED] - System.gc(): null

2020-04-16 13:27:46 - [MESSAGE][PASSED] - Call Test Case 'Test Cases/Reusable_Test_Sequences/CAT_Teardown' successfully

2020-04-16 13:27:46 - [TEST_STEP][PASSED] - callTestCase(findTestCase("Reusable_Test_Sequences/CAT_Setup"), [:], STOP_ON_FAILURE): Call Test Case 'Test Cases/Reusable_Test_Sequences/CAT_Setup' successfully

2020-04-16 13:27:46 - [TEST_CASE][PASSED] - Test Cases/Reusable_Test_Sequences/CAT_Setup: Test Cases/Reusable_Test_Sequences/CAT_Setup

2020-04-16 13:27:46 - [TEST_STEP][PASSED] - "------------------------------": null

2020-04-16 13:27:46 - [TEST_STEP][PASSED] - " Set Mobile Device Testing    |": null

2020-04-16 13:27:46 - [TEST_STEP][PASSED] - if (Mobile_Flag == "true"): null

2020-04-16 13:27:46 - [TEST_STEP][PASSED] - "------------------------------": null

2020-04-16 13:27:46 - [TEST_STEP][PASSED] - " Set Mobile Device Testing    |": null

2020-04-16 13:27:46 - [TEST_STEP][PASSED] - "------------------------------": null

2020-04-16 13:27:46 - [TEST_STEP][PASSED] - "URL - Set from the ENVIRONMENT PROFILE ": null

2020-04-16 13:27:46 - [TEST_STEP][PASSED] - openBrowser(URL): Browser is opened with url: 'https://www.preview.checkatrade.com/'

2020-04-16 13:27:46 - [MESSAGE][INFO] - Starting 'Firefox' driver

2020-04-16 13:27:46 - [MESSAGE][INFO] - Action delay is set to 0 milliseconds

2020-04-16 13:27:59 - [MESSAGE][PASSED] - Browser is opened with url: 'https://www.preview.checkatrade.com/'

2020-04-16 13:27:59 - [TEST_STEP][PASSED] - maximizeWindow(): Current window maximized

2020-04-16 13:28:00 - [MESSAGE][PASSED] - Current window maximized

2020-04-16 13:28:00 - [TEST_STEP][PASSED] - waitForPageLoad(60): Wait for page load successfully

2020-04-16 13:28:00 - [MESSAGE][PASSED] - Wait for page load successfully

2020-04-16 13:28:00 - [TEST_STEP][PASSED] - "Previous Functionalilty Left Commented For Ease Of reversion": null

2020-04-16 13:28:00 - [TEST_STEP][PASSED] - " Katalon Try/Catches currently have issues? SEE HEADER": null

2020-04-16 13:28:00 - [TEST_STEP][PASSED] - try: Text 'Cookie Policy' is not present on page

2020-04-16 13:28:00 - [TEST_STEP][PASSED] - verifyElementPresent(findTestObject("Object Repository/Cookies/Page_Checkatrade Find a tradesperson you can trust/button_Accept All"), 5, OPTIONAL): Object 'Object Repository/Cookies/Page_Checkatrade Find a tradesperson you can trust/button_Accept All' is present

2020-04-16 13:28:00 - [MESSAGE][PASSED] - Object 'Object Repository/Cookies/Page_Checkatrade Find a tradesperson you can trust/button_Accept All' is present

2020-04-16 13:28:00 - [TEST_STEP][PASSED] - click(findTestObject("Object Repository/Cookies/Page_Checkatrade Find a tradesperson you can trust/button_Accept All"), OPTIONAL): Object: 'Object Repository/Cookies/Page_Checkatrade Find a tradesperson you can trust/button_Accept All' is clicked on

2020-04-16 13:28:00 - [MESSAGE][PASSED] - Object: 'Object Repository/Cookies/Page_Checkatrade Find a tradesperson you can trust/button_Accept All' is clicked on

2020-04-16 13:28:00 - [TEST_STEP][PASSED] - "---------------------------------": null

2020-04-16 13:28:00 - [TEST_STEP][PASSED] - "COOKIE POPOUT REMOVED - Confirmed": null

2020-04-16 13:28:00 - [TEST_STEP][PASSED] - delay(1): Delayed 1 second(s)

2020-04-16 13:28:01 - [MESSAGE][PASSED] - Delayed 1 second(s)

2020-04-16 13:28:01 - [TEST_STEP][PASSED] - verifyTextNotPresent("We use cookies to personalise content and ads, to provide social media features and to analyse our traffic", false): Text 'We use cookies to personalise content and ads, to provide social media features and to analyse our traffic' is not present on page

2020-04-16 13:28:02 - [MESSAGE][PASSED] - Text 'We use cookies to personalise content and ads, to provide social media features and to analyse our traffic' is not present on page

2020-04-16 13:28:02 - [TEST_STEP][PASSED] - verifyTextNotPresent(" We also share information about your use of our site with our social media, advertising and analytics partners", false): Text ' We also share information about your use of our site with our social media, advertising and analytics partners' is not present on page

2020-04-16 13:28:03 - [MESSAGE][PASSED] - Text ' We also share information about your use of our site with our social media, advertising and analytics partners' is not present on page

2020-04-16 13:28:03 - [TEST_STEP][PASSED] - verifyTextNotPresent("Cookie Policy", false): Text 'Cookie Policy' is not present on page

2020-04-16 13:28:04 - [MESSAGE][PASSED] - Text 'Cookie Policy' is not present on page

2020-04-16 13:28:04 - [TEST_STEP][PASSED] - waitForPageLoad(60): Wait for page load successfully

2020-04-16 13:28:04 - [MESSAGE][PASSED] - Wait for page load successfully

2020-04-16 13:28:04 - [TEST_STEP][PASSED] - "COOKIE - ORIGINAL": null

2020-04-16 13:28:04 - [TEST_STEP][PASSED] - if (waitForElementVisible(findTestObject("Object Repository/Feedback/Page_Checkatrade Give your feedback/input_Member_to_Review"), 5)): Web element with id: 'Object Repository/Feedback/Page_Checkatrade Give your feedback/input_Member_to_Review' located by 'By.xpath: //input[@id='feedback-form__company_autocomplete_input']' not found

2020-04-16 13:28:09 - [MESSAGE][INFO] - Unable to find the element located by 'By.xpath: //input[@id='feedback-form__company_autocomplete_input']'. Please recheck the objects properties to make sure the desired element is located. 

2020-04-16 13:28:09 - [MESSAGE][WARNING] - Web element with id: 'Object Repository/Feedback/Page_Checkatrade Give your feedback/input_Member_to_Review' located by 'By.xpath: //input[@id='feedback-form__company_autocomplete_input']' not found

2020-04-16 13:28:09 - [TEST_STEP][PASSED] - else: The <<<OLD>>> Website was detected by the STARTUP Process

2020-04-16 13:28:09 - [TEST_STEP][PASSED] - if (!(verifyElementVisible(findTestObject("Object Repository/Checkatrade_Trade_Search_Page/Page_Checkatrade Find a tradesperson you can trust/input_Search_Button_FF")))): Object 'Object Repository/Checkatrade_Trade_Search_Page/Page_Checkatrade Find a tradesperson you can trust/input_Search_Button_FF' is visible

2020-04-16 13:28:09 - [MESSAGE][PASSED] - Object 'Object Repository/Checkatrade_Trade_Search_Page/Page_Checkatrade Find a tradesperson you can trust/input_Search_Button_FF' is visible

2020-04-16 13:28:09 - [TEST_STEP][PASSED] - else: The <<<OLD>>> Website was detected by the STARTUP Process

2020-04-16 13:28:09 - [TEST_STEP][PASSED] - Website_Version = "old": null

2020-04-16 13:28:09 - [TEST_STEP][PASSED] - logInfo("The <<<OLD>>> Website was detected by the STARTUP Process"): The <<<OLD>>> Website was detected by the STARTUP Process

2020-04-16 13:28:09 - [MESSAGE][INFO] - The <<<OLD>>> Website was detected by the STARTUP Process

2020-04-16 13:28:09 - [MESSAGE][PASSED] - Call Test Case 'Test Cases/Reusable_Test_Sequences/CAT_Setup' successfully

2020-04-16 13:28:09 - [TEST_STEP][PASSED] - " Home Page validation Checks after COOKIE Dispelled": null

2020-04-16 13:28:09 - [TEST_STEP][PASSED] - "---------------------------------------------------------------------": null

2020-04-16 13:28:09 - [TEST_STEP][PASSED] - " Select Search on Trader Name (or ID) From Home page/Search Screen   |": null

2020-04-16 13:28:09 - [TEST_STEP][PASSED] - callTestCase(findTestCase("Reusable_Test_Sequences/CAT_Click_Search_Trade_Name"), [:], STOP_ON_FAILURE): Call Test Case 'Test Cases/Reusable_Test_Sequences/CAT_Click_Search_Trade_Name' successfully

2020-04-16 13:28:09 - [TEST_CASE][PASSED] - Test Cases/Reusable_Test_Sequences/CAT_Click_Search_Trade_Name: Test Cases/Reusable_Test_Sequences/CAT_Click_Search_Trade_Name

2020-04-16 13:28:09 - [TEST_STEP][PASSED] - waitForPageLoad(60): Wait for page load successfully

2020-04-16 13:28:09 - [MESSAGE][PASSED] - Wait for page load successfully

2020-04-16 13:28:09 - [TEST_STEP][PASSED] - if (Website_Version != "new"): Object: 'Object Repository/Page_Checkatrade Find a tradesperson you can trust/a_or look up a member by name' is clicked on

2020-04-16 13:28:09 - [TEST_STEP][PASSED] - waitForElementClickable(findTestObject("Object Repository/Page_Checkatrade Find a tradesperson you can trust/a_or look up a member by name"), 5): Object 'Object Repository/Page_Checkatrade Find a tradesperson you can trust/a_or look up a member by name' is clickable

2020-04-16 13:28:09 - [MESSAGE][PASSED] - Object 'Object Repository/Page_Checkatrade Find a tradesperson you can trust/a_or look up a member by name' is clickable

2020-04-16 13:28:09 - [TEST_STEP][PASSED] - click(findTestObject("Object Repository/Page_Checkatrade Find a tradesperson you can trust/a_or look up a member by name")): Object: 'Object Repository/Page_Checkatrade Find a tradesperson you can trust/a_or look up a member by name' is clicked on

2020-04-16 13:28:10 - [MESSAGE][PASSED] - Object: 'Object Repository/Page_Checkatrade Find a tradesperson you can trust/a_or look up a member by name' is clicked on

2020-04-16 13:28:10 - [TEST_STEP][PASSED] - if (Website_Version != "old"): null

2020-04-16 13:28:10 - [TEST_STEP][PASSED] - waitForPageLoad(60): Wait for page load successfully

2020-04-16 13:28:10 - [MESSAGE][PASSED] - Wait for page load successfully

2020-04-16 13:28:10 - [MESSAGE][PASSED] - Call Test Case 'Test Cases/Reusable_Test_Sequences/CAT_Click_Search_Trade_Name' successfully

2020-04-16 13:28:10 - [TEST_STEP][PASSED] - "---------------------------------------": null

2020-04-16 13:28:10 - [TEST_STEP][PASSED] - " Enter Trader Name (or ID) to Search   |": null

2020-04-16 13:28:10 - [TEST_STEP][PASSED] - callTestCase(findTestCase("Reusable_Test_Sequences/CAT_Enter_Trade_Name_NEG"), [:], STOP_ON_FAILURE): Call Test Case 'Test Cases/Reusable_Test_Sequences/CAT_Enter_Trade_Name_NEG' successfully

2020-04-16 13:28:10 - [TEST_CASE][PASSED] - Test Cases/Reusable_Test_Sequences/CAT_Enter_Trade_Name_NEG: Test Cases/Reusable_Test_Sequences/CAT_Enter_Trade_Name_NEG

2020-04-16 13:28:10 - [TEST_STEP][PASSED] - if (Website_Version != "new"): Text '000000' is set on object 'Object Repository/Page_Checkatrade Find a tradesperson you can trust/Trader_Name_To_Search'

2020-04-16 13:28:10 - [TEST_STEP][PASSED] - waitForElementClickable(findTestObject("Object Repository/Page_Checkatrade Find a tradesperson you can trust/Trader_Name_To_Search"), 5): Object 'Object Repository/Page_Checkatrade Find a tradesperson you can trust/Trader_Name_To_Search' is clickable

2020-04-16 13:28:10 - [MESSAGE][PASSED] - Object 'Object Repository/Page_Checkatrade Find a tradesperson you can trust/Trader_Name_To_Search' is clickable

2020-04-16 13:28:10 - [TEST_STEP][PASSED] - setText(findTestObject("Object Repository/Page_Checkatrade Find a tradesperson you can trust/Trader_Name_To_Search"), findTestData("Search_CAT_ID_Data_NEG").getValue("tradeName", row)): Text '000000' is set on object 'Object Repository/Page_Checkatrade Find a tradesperson you can trust/Trader_Name_To_Search'

2020-04-16 13:28:10 - [MESSAGE][PASSED] - Text '000000' is set on object 'Object Repository/Page_Checkatrade Find a tradesperson you can trust/Trader_Name_To_Search'

2020-04-16 13:28:10 - [MESSAGE][PASSED] - Call Test Case 'Test Cases/Reusable_Test_Sequences/CAT_Enter_Trade_Name_NEG' successfully

2020-04-16 13:28:10 - [TEST_STEP][PASSED] - "---------------------------------------": null

2020-04-16 13:28:10 - [TEST_STEP][PASSED] - " Search Trader Name (or ID)            |": null

2020-04-16 13:28:10 - [TEST_STEP][PASSED] - "---------------------------------------": null

2020-04-16 13:28:10 - [TEST_STEP][PASSED] - "---------------------------------------": null

2020-04-16 13:28:10 - [TEST_STEP][PASSED] - " Expected ERROR Reported               |": null

2020-04-16 13:28:10 - [TEST_STEP][PASSED] - callTestCase(findTestCase("Reusable_Test_Sequences/CAT_Search_Tradename_Not_Returned"), [:], CONTINUE_ON_FAILURE): Call Test Case 'Test Cases/Reusable_Test_Sequences/CAT_Search_Tradename_Not_Returned' successfully

2020-04-16 13:28:10 - [TEST_CASE][PASSED] - Test Cases/Reusable_Test_Sequences/CAT_Search_Tradename_Not_Returned: Test Cases/Reusable_Test_Sequences/CAT_Search_Tradename_Not_Returned

2020-04-16 13:28:10 - [TEST_STEP][PASSED] - "For later Extension": null

2020-04-16 13:28:10 - [TEST_STEP][PASSED] - "--------------------------------": null

2020-04-16 13:28:10 - [TEST_STEP][PASSED] - " Verify Sorry and Not Here Link |": null

2020-04-16 13:28:10 - [TEST_STEP][PASSED] - delay(1): Delayed 1 second(s)

2020-04-16 13:28:11 - [MESSAGE][PASSED] - Delayed 1 second(s)

2020-04-16 13:28:11 - [TEST_STEP][PASSED] - waitForPageLoad(60): Wait for page load successfully

2020-04-16 13:28:11 - [MESSAGE][PASSED] - Wait for page load successfully

2020-04-16 13:28:11 - [TEST_STEP][PASSED] - verifyElementPresent(findTestObject("Page_Checkatrade Find a tradesperson you can trust/a_or look up a member by name"), 10): Object 'Object Repository/Page_Checkatrade Find a tradesperson you can trust/a_or look up a member by name' is present

2020-04-16 13:28:11 - [MESSAGE][PASSED] - Object 'Object Repository/Page_Checkatrade Find a tradesperson you can trust/a_or look up a member by name' is present

2020-04-16 13:28:11 - [TEST_STEP][PASSED] - verifyTextPresent("Sorry, no results found", false): Text 'Sorry, no results found' is present on page 

2020-04-16 13:28:12 - [MESSAGE][PASSED] - Text 'Sorry, no results found' is present on page 

2020-04-16 13:28:12 - [TEST_STEP][PASSED] - verifyTextPresent("Not here", false): Text 'Not here' is present on page 

2020-04-16 13:28:12 - [MESSAGE][PASSED] - Text 'Not here' is present on page 

2020-04-16 13:28:12 - [TEST_STEP][PASSED] - "--------------------------------": null

2020-04-16 13:28:12 - [TEST_STEP][PASSED] - " Navigate Not Here Link         |": null

2020-04-16 13:28:12 - [TEST_STEP][PASSED] - waitForElementClickable(findTestObject("Object Repository/Page_Checkatrade Find a tradesperson you can trust/a_Not here"), 10): Object 'Object Repository/Page_Checkatrade Find a tradesperson you can trust/a_Not here' is clickable

2020-04-16 13:28:12 - [MESSAGE][PASSED] - Object 'Object Repository/Page_Checkatrade Find a tradesperson you can trust/a_Not here' is clickable

2020-04-16 13:28:12 - [TEST_STEP][PASSED] - click(findTestObject("Object Repository/Page_Checkatrade Find a tradesperson you can trust/a_Not here")): Object: 'Object Repository/Page_Checkatrade Find a tradesperson you can trust/a_Not here' is clicked on

2020-04-16 13:28:14 - [MESSAGE][PASSED] - Object: 'Object Repository/Page_Checkatrade Find a tradesperson you can trust/a_Not here' is clicked on

2020-04-16 13:28:14 - [TEST_STEP][PASSED] - "--------------------------------": null

2020-04-16 13:28:14 - [TEST_STEP][PASSED] - " Verify Returned Page           |": null

2020-04-16 13:28:14 - [TEST_STEP][PASSED] - "--------------------------------": null

2020-04-16 13:28:14 - [TEST_STEP][PASSED] - delay(3): Delayed 3 second(s)

2020-04-16 13:28:17 - [MESSAGE][PASSED] - Delayed 3 second(s)

2020-04-16 13:28:17 - [TEST_STEP][PASSED] - waitForPageLoad(60): Wait for page load successfully

2020-04-16 13:28:17 - [MESSAGE][PASSED] - Wait for page load successfully

2020-04-16 13:28:17 - [TEST_STEP][PASSED] - waitForElementClickable(findTestObject("Object Repository/Page_Checkatrade Find a tradesperson you can trust/link_Give_Your_Feedback"), 25): Object 'Object Repository/Page_Checkatrade Find a tradesperson you can trust/link_Give_Your_Feedback' is clickable

2020-04-16 13:28:17 - [MESSAGE][PASSED] - Object 'Object Repository/Page_Checkatrade Find a tradesperson you can trust/link_Give_Your_Feedback' is clickable

2020-04-16 13:28:17 - [TEST_STEP][PASSED] - verifyTextPresent("Company not listed?", false): Text 'Company not listed?' is present on page 

2020-04-16 13:28:18 - [MESSAGE][PASSED] - Text 'Company not listed?' is present on page 

2020-04-16 13:28:18 - [TEST_STEP][PASSED] - verifyTextPresent("If you are considering employing a particular company but cannot find them in our list of members", false): Text 'If you are considering employing a particular company but cannot find them in our list of members' is present on page 

2020-04-16 13:28:19 - [MESSAGE][PASSED] - Text 'If you are considering employing a particular company but cannot find them in our list of members' is present on page 

2020-04-16 13:28:19 - [TEST_STEP][PASSED] - verifyTextPresent("it may be because they are not a member of Checkatrade", false): Text 'it may be because they are not a member of Checkatrade' is present on page 

2020-04-16 13:28:19 - [MESSAGE][PASSED] - Text 'it may be because they are not a member of Checkatrade' is present on page 

2020-04-16 13:28:19 - [TEST_STEP][PASSED] - verifyTextPresent("If you would like to recommend a company to us, please give your feedback", false): Text 'If you would like to recommend a company to us, please give your feedback' is present on page 

2020-04-16 13:28:20 - [MESSAGE][PASSED] - Text 'If you would like to recommend a company to us, please give your feedback' is present on page 

2020-04-16 13:28:20 - [TEST_STEP][PASSED] - verifyTextPresent("If you would like help searching for a company, please call 0333 0146 190", false): Text 'If you would like help searching for a company, please call 0333 0146 190' is present on page 

2020-04-16 13:28:20 - [MESSAGE][PASSED] - Text 'If you would like help searching for a company, please call 0333 0146 190' is present on page 

2020-04-16 13:28:20 - [TEST_STEP][PASSED] - "----------------------------------------": null

2020-04-16 13:28:20 - [TEST_STEP][PASSED] - "----------------------------------------": null

2020-04-16 13:28:20 - [TEST_STEP][PASSED] - "Give Feedback Link NOT CHECKED Here     |": null

2020-04-16 13:28:20 - [TEST_STEP][PASSED] - System.gc(): null

2020-04-16 13:28:20 - [MESSAGE][PASSED] - Call Test Case 'Test Cases/Reusable_Test_Sequences/CAT_Search_Tradename_Not_Returned' successfully

2020-04-16 13:28:20 - [TEST_STEP][PASSED] - "--------------------------": null

2020-04-16 13:28:20 - [TEST_STEP][PASSED] - " Teardown - CLose Browser |": null

2020-04-16 13:28:20 - [TEST_STEP][PASSED] - callTestCase(findTestCase("Reusable_Test_Sequences/CAT_Teardown"), [:], OPTIONAL): Call Test Case 'Test Cases/Reusable_Test_Sequences/CAT_Teardown' successfully

2020-04-16 13:28:21 - [TEST_CASE][PASSED] - Test Cases/Reusable_Test_Sequences/CAT_Teardown: Test Cases/Reusable_Test_Sequences/CAT_Teardown

2020-04-16 13:28:21 - [TEST_STEP][PASSED] - closeBrowser(): Browser is closed

2020-04-16 13:28:23 - [MESSAGE][PASSED] - Browser is closed

2020-04-16 13:28:23 - [TEST_STEP][PASSED] - super.finalize(): null

2020-04-16 13:28:23 - [TEST_STEP][PASSED] - System.gc(): null

2020-04-16 13:28:24 - [MESSAGE][PASSED] - Call Test Case 'Test Cases/Reusable_Test_Sequences/CAT_Teardown' successfully

2020-04-16 13:28:24 - [TEST_STEP][PASSED] - callTestCase(findTestCase("Reusable_Test_Sequences/CAT_Setup"), [:], STOP_ON_FAILURE): Call Test Case 'Test Cases/Reusable_Test_Sequences/CAT_Setup' successfully

2020-04-16 13:28:24 - [TEST_CASE][PASSED] - Test Cases/Reusable_Test_Sequences/CAT_Setup: Test Cases/Reusable_Test_Sequences/CAT_Setup

2020-04-16 13:28:24 - [TEST_STEP][PASSED] - "------------------------------": null

2020-04-16 13:28:24 - [TEST_STEP][PASSED] - " Set Mobile Device Testing    |": null

2020-04-16 13:28:24 - [TEST_STEP][PASSED] - if (Mobile_Flag == "true"): null

2020-04-16 13:28:24 - [TEST_STEP][PASSED] - "------------------------------": null

2020-04-16 13:28:24 - [TEST_STEP][PASSED] - " Set Mobile Device Testing    |": null

2020-04-16 13:28:24 - [TEST_STEP][PASSED] - "------------------------------": null

2020-04-16 13:28:24 - [TEST_STEP][PASSED] - "URL - Set from the ENVIRONMENT PROFILE ": null

2020-04-16 13:28:24 - [TEST_STEP][PASSED] - openBrowser(URL): Browser is opened with url: 'https://www.preview.checkatrade.com/'

2020-04-16 13:28:24 - [MESSAGE][INFO] - Starting 'Firefox' driver

2020-04-16 13:28:24 - [MESSAGE][INFO] - Action delay is set to 0 milliseconds

2020-04-16 13:28:35 - [MESSAGE][PASSED] - Browser is opened with url: 'https://www.preview.checkatrade.com/'

2020-04-16 13:28:35 - [TEST_STEP][PASSED] - maximizeWindow(): Current window maximized

2020-04-16 13:28:35 - [MESSAGE][PASSED] - Current window maximized

2020-04-16 13:28:35 - [TEST_STEP][PASSED] - waitForPageLoad(60): Wait for page load successfully

2020-04-16 13:28:35 - [MESSAGE][PASSED] - Wait for page load successfully

2020-04-16 13:28:35 - [TEST_STEP][PASSED] - "Previous Functionalilty Left Commented For Ease Of reversion": null

2020-04-16 13:28:35 - [TEST_STEP][PASSED] - " Katalon Try/Catches currently have issues? SEE HEADER": null

2020-04-16 13:28:35 - [TEST_STEP][PASSED] - try: Text 'Cookie Policy' is not present on page

2020-04-16 13:28:35 - [TEST_STEP][PASSED] - verifyElementPresent(findTestObject("Object Repository/Cookies/Page_Checkatrade Find a tradesperson you can trust/button_Accept All"), 5, OPTIONAL): Object 'Object Repository/Cookies/Page_Checkatrade Find a tradesperson you can trust/button_Accept All' is present

2020-04-16 13:28:35 - [MESSAGE][PASSED] - Object 'Object Repository/Cookies/Page_Checkatrade Find a tradesperson you can trust/button_Accept All' is present

2020-04-16 13:28:35 - [TEST_STEP][PASSED] - click(findTestObject("Object Repository/Cookies/Page_Checkatrade Find a tradesperson you can trust/button_Accept All"), OPTIONAL): Object: 'Object Repository/Cookies/Page_Checkatrade Find a tradesperson you can trust/button_Accept All' is clicked on

2020-04-16 13:28:36 - [MESSAGE][PASSED] - Object: 'Object Repository/Cookies/Page_Checkatrade Find a tradesperson you can trust/button_Accept All' is clicked on

2020-04-16 13:28:36 - [TEST_STEP][PASSED] - "---------------------------------": null

2020-04-16 13:28:36 - [TEST_STEP][PASSED] - "COOKIE POPOUT REMOVED - Confirmed": null

2020-04-16 13:28:36 - [TEST_STEP][PASSED] - delay(1): Delayed 1 second(s)

2020-04-16 13:28:37 - [MESSAGE][PASSED] - Delayed 1 second(s)

2020-04-16 13:28:37 - [TEST_STEP][PASSED] - verifyTextNotPresent("We use cookies to personalise content and ads, to provide social media features and to analyse our traffic", false): Text 'We use cookies to personalise content and ads, to provide social media features and to analyse our traffic' is not present on page

2020-04-16 13:28:38 - [MESSAGE][PASSED] - Text 'We use cookies to personalise content and ads, to provide social media features and to analyse our traffic' is not present on page

2020-04-16 13:28:38 - [TEST_STEP][PASSED] - verifyTextNotPresent(" We also share information about your use of our site with our social media, advertising and analytics partners", false): Text ' We also share information about your use of our site with our social media, advertising and analytics partners' is not present on page

2020-04-16 13:28:39 - [MESSAGE][PASSED] - Text ' We also share information about your use of our site with our social media, advertising and analytics partners' is not present on page

2020-04-16 13:28:39 - [TEST_STEP][PASSED] - verifyTextNotPresent("Cookie Policy", false): Text 'Cookie Policy' is not present on page

2020-04-16 13:28:39 - [MESSAGE][PASSED] - Text 'Cookie Policy' is not present on page

2020-04-16 13:28:39 - [TEST_STEP][PASSED] - waitForPageLoad(60): Wait for page load successfully

2020-04-16 13:28:39 - [MESSAGE][PASSED] - Wait for page load successfully

2020-04-16 13:28:39 - [TEST_STEP][PASSED] - "COOKIE - ORIGINAL": null

2020-04-16 13:28:39 - [TEST_STEP][PASSED] - if (waitForElementVisible(findTestObject("Object Repository/Feedback/Page_Checkatrade Give your feedback/input_Member_to_Review"), 5)): Web element with id: 'Object Repository/Feedback/Page_Checkatrade Give your feedback/input_Member_to_Review' located by 'By.xpath: //input[@id='feedback-form__company_autocomplete_input']' not found

2020-04-16 13:28:45 - [MESSAGE][INFO] - Unable to find the element located by 'By.xpath: //input[@id='feedback-form__company_autocomplete_input']'. Please recheck the objects properties to make sure the desired element is located. 

2020-04-16 13:28:45 - [MESSAGE][WARNING] - Web element with id: 'Object Repository/Feedback/Page_Checkatrade Give your feedback/input_Member_to_Review' located by 'By.xpath: //input[@id='feedback-form__company_autocomplete_input']' not found

2020-04-16 13:28:45 - [TEST_STEP][PASSED] - else: The <<<OLD>>> Website was detected by the STARTUP Process

2020-04-16 13:28:45 - [TEST_STEP][PASSED] - if (!(verifyElementVisible(findTestObject("Object Repository/Checkatrade_Trade_Search_Page/Page_Checkatrade Find a tradesperson you can trust/input_Search_Button_FF")))): Object 'Object Repository/Checkatrade_Trade_Search_Page/Page_Checkatrade Find a tradesperson you can trust/input_Search_Button_FF' is visible

2020-04-16 13:28:45 - [MESSAGE][PASSED] - Object 'Object Repository/Checkatrade_Trade_Search_Page/Page_Checkatrade Find a tradesperson you can trust/input_Search_Button_FF' is visible

2020-04-16 13:28:45 - [TEST_STEP][PASSED] - else: The <<<OLD>>> Website was detected by the STARTUP Process

2020-04-16 13:28:45 - [TEST_STEP][PASSED] - Website_Version = "old": null

2020-04-16 13:28:45 - [TEST_STEP][PASSED] - logInfo("The <<<OLD>>> Website was detected by the STARTUP Process"): The <<<OLD>>> Website was detected by the STARTUP Process

2020-04-16 13:28:45 - [MESSAGE][INFO] - The <<<OLD>>> Website was detected by the STARTUP Process

2020-04-16 13:28:45 - [MESSAGE][PASSED] - Call Test Case 'Test Cases/Reusable_Test_Sequences/CAT_Setup' successfully

2020-04-16 13:28:45 - [TEST_STEP][PASSED] - " Home Page validation Checks after COOKIE Dispelled": null

2020-04-16 13:28:45 - [TEST_STEP][PASSED] - "---------------------------------------------------------------------": null

2020-04-16 13:28:45 - [TEST_STEP][PASSED] - " Select Search on Trader Name (or ID) From Home page/Search Screen   |": null

2020-04-16 13:28:45 - [TEST_STEP][PASSED] - callTestCase(findTestCase("Reusable_Test_Sequences/CAT_Click_Search_Trade_Name"), [:], STOP_ON_FAILURE): Call Test Case 'Test Cases/Reusable_Test_Sequences/CAT_Click_Search_Trade_Name' successfully

2020-04-16 13:28:45 - [TEST_CASE][PASSED] - Test Cases/Reusable_Test_Sequences/CAT_Click_Search_Trade_Name: Test Cases/Reusable_Test_Sequences/CAT_Click_Search_Trade_Name

2020-04-16 13:28:45 - [TEST_STEP][PASSED] - waitForPageLoad(60): Wait for page load successfully

2020-04-16 13:28:45 - [MESSAGE][PASSED] - Wait for page load successfully

2020-04-16 13:28:45 - [TEST_STEP][PASSED] - if (Website_Version != "new"): Object: 'Object Repository/Page_Checkatrade Find a tradesperson you can trust/a_or look up a member by name' is clicked on

2020-04-16 13:28:45 - [TEST_STEP][PASSED] - waitForElementClickable(findTestObject("Object Repository/Page_Checkatrade Find a tradesperson you can trust/a_or look up a member by name"), 5): Object 'Object Repository/Page_Checkatrade Find a tradesperson you can trust/a_or look up a member by name' is clickable

2020-04-16 13:28:45 - [MESSAGE][PASSED] - Object 'Object Repository/Page_Checkatrade Find a tradesperson you can trust/a_or look up a member by name' is clickable

2020-04-16 13:28:45 - [TEST_STEP][PASSED] - click(findTestObject("Object Repository/Page_Checkatrade Find a tradesperson you can trust/a_or look up a member by name")): Object: 'Object Repository/Page_Checkatrade Find a tradesperson you can trust/a_or look up a member by name' is clicked on

2020-04-16 13:28:45 - [MESSAGE][PASSED] - Object: 'Object Repository/Page_Checkatrade Find a tradesperson you can trust/a_or look up a member by name' is clicked on

2020-04-16 13:28:45 - [TEST_STEP][PASSED] - if (Website_Version != "old"): null

2020-04-16 13:28:45 - [TEST_STEP][PASSED] - waitForPageLoad(60): Wait for page load successfully

2020-04-16 13:28:45 - [MESSAGE][PASSED] - Wait for page load successfully

2020-04-16 13:28:45 - [MESSAGE][PASSED] - Call Test Case 'Test Cases/Reusable_Test_Sequences/CAT_Click_Search_Trade_Name' successfully

2020-04-16 13:28:45 - [TEST_STEP][PASSED] - "---------------------------------------": null

2020-04-16 13:28:45 - [TEST_STEP][PASSED] - " Enter Trader Name (or ID) to Search   |": null

2020-04-16 13:28:45 - [TEST_STEP][PASSED] - callTestCase(findTestCase("Reusable_Test_Sequences/CAT_Enter_Trade_Name_NEG"), [:], STOP_ON_FAILURE): Call Test Case 'Test Cases/Reusable_Test_Sequences/CAT_Enter_Trade_Name_NEG' successfully

2020-04-16 13:28:46 - [TEST_CASE][PASSED] - Test Cases/Reusable_Test_Sequences/CAT_Enter_Trade_Name_NEG: Test Cases/Reusable_Test_Sequences/CAT_Enter_Trade_Name_NEG

2020-04-16 13:28:46 - [TEST_STEP][PASSED] - if (Website_Version != "new"): Text 'oooooo' is set on object 'Object Repository/Page_Checkatrade Find a tradesperson you can trust/Trader_Name_To_Search'

2020-04-16 13:28:46 - [TEST_STEP][PASSED] - waitForElementClickable(findTestObject("Object Repository/Page_Checkatrade Find a tradesperson you can trust/Trader_Name_To_Search"), 5): Object 'Object Repository/Page_Checkatrade Find a tradesperson you can trust/Trader_Name_To_Search' is clickable

2020-04-16 13:28:46 - [MESSAGE][PASSED] - Object 'Object Repository/Page_Checkatrade Find a tradesperson you can trust/Trader_Name_To_Search' is clickable

2020-04-16 13:28:46 - [TEST_STEP][PASSED] - setText(findTestObject("Object Repository/Page_Checkatrade Find a tradesperson you can trust/Trader_Name_To_Search"), findTestData("Search_CAT_ID_Data_NEG").getValue("tradeName", row)): Text 'oooooo' is set on object 'Object Repository/Page_Checkatrade Find a tradesperson you can trust/Trader_Name_To_Search'

2020-04-16 13:28:46 - [MESSAGE][PASSED] - Text 'oooooo' is set on object 'Object Repository/Page_Checkatrade Find a tradesperson you can trust/Trader_Name_To_Search'

2020-04-16 13:28:46 - [MESSAGE][PASSED] - Call Test Case 'Test Cases/Reusable_Test_Sequences/CAT_Enter_Trade_Name_NEG' successfully

2020-04-16 13:28:46 - [TEST_STEP][PASSED] - "---------------------------------------": null

2020-04-16 13:28:46 - [TEST_STEP][PASSED] - " Search Trader Name (or ID)            |": null

2020-04-16 13:28:46 - [TEST_STEP][PASSED] - "---------------------------------------": null

2020-04-16 13:28:46 - [TEST_STEP][PASSED] - "---------------------------------------": null

2020-04-16 13:28:46 - [TEST_STEP][PASSED] - " Expected ERROR Reported               |": null

2020-04-16 13:28:46 - [TEST_STEP][PASSED] - callTestCase(findTestCase("Reusable_Test_Sequences/CAT_Search_Tradename_Not_Returned"), [:], CONTINUE_ON_FAILURE): Call Test Case 'Test Cases/Reusable_Test_Sequences/CAT_Search_Tradename_Not_Returned' successfully

2020-04-16 13:28:46 - [TEST_CASE][PASSED] - Test Cases/Reusable_Test_Sequences/CAT_Search_Tradename_Not_Returned: Test Cases/Reusable_Test_Sequences/CAT_Search_Tradename_Not_Returned

2020-04-16 13:28:46 - [TEST_STEP][PASSED] - "For later Extension": null

2020-04-16 13:28:46 - [TEST_STEP][PASSED] - "--------------------------------": null

2020-04-16 13:28:46 - [TEST_STEP][PASSED] - " Verify Sorry and Not Here Link |": null

2020-04-16 13:28:46 - [TEST_STEP][PASSED] - delay(1): Delayed 1 second(s)

2020-04-16 13:28:47 - [MESSAGE][PASSED] - Delayed 1 second(s)

2020-04-16 13:28:47 - [TEST_STEP][PASSED] - waitForPageLoad(60): Wait for page load successfully

2020-04-16 13:28:47 - [MESSAGE][PASSED] - Wait for page load successfully

2020-04-16 13:28:47 - [TEST_STEP][PASSED] - verifyElementPresent(findTestObject("Page_Checkatrade Find a tradesperson you can trust/a_or look up a member by name"), 10): Object 'Object Repository/Page_Checkatrade Find a tradesperson you can trust/a_or look up a member by name' is present

2020-04-16 13:28:47 - [MESSAGE][PASSED] - Object 'Object Repository/Page_Checkatrade Find a tradesperson you can trust/a_or look up a member by name' is present

2020-04-16 13:28:47 - [TEST_STEP][PASSED] - verifyTextPresent("Sorry, no results found", false): Text 'Sorry, no results found' is present on page 

2020-04-16 13:28:48 - [MESSAGE][PASSED] - Text 'Sorry, no results found' is present on page 

2020-04-16 13:28:48 - [TEST_STEP][PASSED] - verifyTextPresent("Not here", false): Text 'Not here' is present on page 

2020-04-16 13:28:48 - [MESSAGE][PASSED] - Text 'Not here' is present on page 

2020-04-16 13:28:48 - [TEST_STEP][PASSED] - "--------------------------------": null

2020-04-16 13:28:48 - [TEST_STEP][PASSED] - " Navigate Not Here Link         |": null

2020-04-16 13:28:48 - [TEST_STEP][PASSED] - waitForElementClickable(findTestObject("Object Repository/Page_Checkatrade Find a tradesperson you can trust/a_Not here"), 10): Object 'Object Repository/Page_Checkatrade Find a tradesperson you can trust/a_Not here' is clickable

2020-04-16 13:28:48 - [MESSAGE][PASSED] - Object 'Object Repository/Page_Checkatrade Find a tradesperson you can trust/a_Not here' is clickable

2020-04-16 13:28:48 - [TEST_STEP][PASSED] - click(findTestObject("Object Repository/Page_Checkatrade Find a tradesperson you can trust/a_Not here")): Object: 'Object Repository/Page_Checkatrade Find a tradesperson you can trust/a_Not here' is clicked on

2020-04-16 13:28:51 - [MESSAGE][PASSED] - Object: 'Object Repository/Page_Checkatrade Find a tradesperson you can trust/a_Not here' is clicked on

2020-04-16 13:28:51 - [TEST_STEP][PASSED] - "--------------------------------": null

2020-04-16 13:28:51 - [TEST_STEP][PASSED] - " Verify Returned Page           |": null

2020-04-16 13:28:51 - [TEST_STEP][PASSED] - "--------------------------------": null

2020-04-16 13:28:51 - [TEST_STEP][PASSED] - delay(3): Delayed 3 second(s)

2020-04-16 13:28:54 - [MESSAGE][PASSED] - Delayed 3 second(s)

2020-04-16 13:28:54 - [TEST_STEP][PASSED] - waitForPageLoad(60): Wait for page load successfully

2020-04-16 13:28:54 - [MESSAGE][PASSED] - Wait for page load successfully

2020-04-16 13:28:54 - [TEST_STEP][PASSED] - waitForElementClickable(findTestObject("Object Repository/Page_Checkatrade Find a tradesperson you can trust/link_Give_Your_Feedback"), 25): Object 'Object Repository/Page_Checkatrade Find a tradesperson you can trust/link_Give_Your_Feedback' is clickable

2020-04-16 13:28:54 - [MESSAGE][PASSED] - Object 'Object Repository/Page_Checkatrade Find a tradesperson you can trust/link_Give_Your_Feedback' is clickable

2020-04-16 13:28:54 - [TEST_STEP][PASSED] - verifyTextPresent("Company not listed?", false): Text 'Company not listed?' is present on page 

2020-04-16 13:28:54 - [MESSAGE][PASSED] - Text 'Company not listed?' is present on page 

2020-04-16 13:28:54 - [TEST_STEP][PASSED] - verifyTextPresent("If you are considering employing a particular company but cannot find them in our list of members", false): Text 'If you are considering employing a particular company but cannot find them in our list of members' is present on page 

2020-04-16 13:28:55 - [MESSAGE][PASSED] - Text 'If you are considering employing a particular company but cannot find them in our list of members' is present on page 

2020-04-16 13:28:55 - [TEST_STEP][PASSED] - verifyTextPresent("it may be because they are not a member of Checkatrade", false): Text 'it may be because they are not a member of Checkatrade' is present on page 

2020-04-16 13:28:55 - [MESSAGE][PASSED] - Text 'it may be because they are not a member of Checkatrade' is present on page 

2020-04-16 13:28:55 - [TEST_STEP][PASSED] - verifyTextPresent("If you would like to recommend a company to us, please give your feedback", false): Text 'If you would like to recommend a company to us, please give your feedback' is present on page 

2020-04-16 13:28:55 - [MESSAGE][PASSED] - Text 'If you would like to recommend a company to us, please give your feedback' is present on page 

2020-04-16 13:28:55 - [TEST_STEP][PASSED] - verifyTextPresent("If you would like help searching for a company, please call 0333 0146 190", false): Text 'If you would like help searching for a company, please call 0333 0146 190' is present on page 

2020-04-16 13:28:56 - [MESSAGE][PASSED] - Text 'If you would like help searching for a company, please call 0333 0146 190' is present on page 

2020-04-16 13:28:56 - [TEST_STEP][PASSED] - "----------------------------------------": null

2020-04-16 13:28:56 - [TEST_STEP][PASSED] - "----------------------------------------": null

2020-04-16 13:28:56 - [TEST_STEP][PASSED] - "Give Feedback Link NOT CHECKED Here     |": null

2020-04-16 13:28:56 - [TEST_STEP][PASSED] - System.gc(): null

2020-04-16 13:28:56 - [MESSAGE][PASSED] - Call Test Case 'Test Cases/Reusable_Test_Sequences/CAT_Search_Tradename_Not_Returned' successfully

2020-04-16 13:28:56 - [TEST_STEP][PASSED] - "--------------------------": null

2020-04-16 13:28:56 - [TEST_STEP][PASSED] - " Teardown - CLose Browser |": null

2020-04-16 13:28:56 - [TEST_STEP][PASSED] - callTestCase(findTestCase("Reusable_Test_Sequences/CAT_Teardown"), [:], OPTIONAL): Call Test Case 'Test Cases/Reusable_Test_Sequences/CAT_Teardown' successfully

2020-04-16 13:28:56 - [TEST_CASE][PASSED] - Test Cases/Reusable_Test_Sequences/CAT_Teardown: Test Cases/Reusable_Test_Sequences/CAT_Teardown

2020-04-16 13:28:56 - [TEST_STEP][PASSED] - closeBrowser(): Browser is closed

2020-04-16 13:29:01 - [MESSAGE][PASSED] - Browser is closed

2020-04-16 13:29:01 - [TEST_STEP][PASSED] - super.finalize(): null

2020-04-16 13:29:01 - [TEST_STEP][PASSED] - System.gc(): null

2020-04-16 13:29:01 - [MESSAGE][PASSED] - Call Test Case 'Test Cases/Reusable_Test_Sequences/CAT_Teardown' successfully

2020-04-16 13:29:01 - [TEST_STEP][PASSED] - callTestCase(findTestCase("Reusable_Test_Sequences/CAT_Setup"), [:], STOP_ON_FAILURE): Call Test Case 'Test Cases/Reusable_Test_Sequences/CAT_Setup' successfully

2020-04-16 13:29:01 - [TEST_CASE][PASSED] - Test Cases/Reusable_Test_Sequences/CAT_Setup: Test Cases/Reusable_Test_Sequences/CAT_Setup

2020-04-16 13:29:01 - [TEST_STEP][PASSED] - "------------------------------": null

2020-04-16 13:29:01 - [TEST_STEP][PASSED] - " Set Mobile Device Testing    |": null

2020-04-16 13:29:01 - [TEST_STEP][PASSED] - if (Mobile_Flag == "true"): null

2020-04-16 13:29:01 - [TEST_STEP][PASSED] - "------------------------------": null

2020-04-16 13:29:01 - [TEST_STEP][PASSED] - " Set Mobile Device Testing    |": null

2020-04-16 13:29:01 - [TEST_STEP][PASSED] - "------------------------------": null

2020-04-16 13:29:01 - [TEST_STEP][PASSED] - "URL - Set from the ENVIRONMENT PROFILE ": null

2020-04-16 13:29:01 - [TEST_STEP][PASSED] - openBrowser(URL): Browser is opened with url: 'https://www.preview.checkatrade.com/'

2020-04-16 13:29:01 - [MESSAGE][INFO] - Starting 'Firefox' driver

2020-04-16 13:29:01 - [MESSAGE][INFO] - Action delay is set to 0 milliseconds

2020-04-16 13:29:20 - [MESSAGE][PASSED] - Browser is opened with url: 'https://www.preview.checkatrade.com/'

2020-04-16 13:29:20 - [TEST_STEP][PASSED] - maximizeWindow(): Current window maximized

2020-04-16 13:29:21 - [MESSAGE][PASSED] - Current window maximized

2020-04-16 13:29:21 - [TEST_STEP][PASSED] - waitForPageLoad(60): Wait for page load successfully

2020-04-16 13:29:21 - [MESSAGE][PASSED] - Wait for page load successfully

2020-04-16 13:29:21 - [TEST_STEP][PASSED] - "Previous Functionalilty Left Commented For Ease Of reversion": null

2020-04-16 13:29:21 - [TEST_STEP][PASSED] - " Katalon Try/Catches currently have issues? SEE HEADER": null

2020-04-16 13:29:21 - [TEST_STEP][PASSED] - try: Text 'Cookie Policy' is not present on page

2020-04-16 13:29:21 - [TEST_STEP][PASSED] - verifyElementPresent(findTestObject("Object Repository/Cookies/Page_Checkatrade Find a tradesperson you can trust/button_Accept All"), 5, OPTIONAL): Object 'Object Repository/Cookies/Page_Checkatrade Find a tradesperson you can trust/button_Accept All' is present

2020-04-16 13:29:21 - [MESSAGE][PASSED] - Object 'Object Repository/Cookies/Page_Checkatrade Find a tradesperson you can trust/button_Accept All' is present

2020-04-16 13:29:21 - [TEST_STEP][PASSED] - click(findTestObject("Object Repository/Cookies/Page_Checkatrade Find a tradesperson you can trust/button_Accept All"), OPTIONAL): Object: 'Object Repository/Cookies/Page_Checkatrade Find a tradesperson you can trust/button_Accept All' is clicked on

2020-04-16 13:29:22 - [MESSAGE][PASSED] - Object: 'Object Repository/Cookies/Page_Checkatrade Find a tradesperson you can trust/button_Accept All' is clicked on

2020-04-16 13:29:22 - [TEST_STEP][PASSED] - "---------------------------------": null

2020-04-16 13:29:22 - [TEST_STEP][PASSED] - "COOKIE POPOUT REMOVED - Confirmed": null

2020-04-16 13:29:22 - [TEST_STEP][PASSED] - delay(1): Delayed 1 second(s)

2020-04-16 13:29:23 - [MESSAGE][PASSED] - Delayed 1 second(s)

2020-04-16 13:29:23 - [TEST_STEP][PASSED] - verifyTextNotPresent("We use cookies to personalise content and ads, to provide social media features and to analyse our traffic", false): Text 'We use cookies to personalise content and ads, to provide social media features and to analyse our traffic' is not present on page

2020-04-16 13:29:23 - [MESSAGE][PASSED] - Text 'We use cookies to personalise content and ads, to provide social media features and to analyse our traffic' is not present on page

2020-04-16 13:29:23 - [TEST_STEP][PASSED] - verifyTextNotPresent(" We also share information about your use of our site with our social media, advertising and analytics partners", false): Text ' We also share information about your use of our site with our social media, advertising and analytics partners' is not present on page

2020-04-16 13:29:24 - [MESSAGE][PASSED] - Text ' We also share information about your use of our site with our social media, advertising and analytics partners' is not present on page

2020-04-16 13:29:24 - [TEST_STEP][PASSED] - verifyTextNotPresent("Cookie Policy", false): Text 'Cookie Policy' is not present on page

2020-04-16 13:29:25 - [MESSAGE][PASSED] - Text 'Cookie Policy' is not present on page

2020-04-16 13:29:25 - [TEST_STEP][PASSED] - waitForPageLoad(60): Wait for page load successfully

2020-04-16 13:29:25 - [MESSAGE][PASSED] - Wait for page load successfully

2020-04-16 13:29:25 - [TEST_STEP][PASSED] - "COOKIE - ORIGINAL": null

2020-04-16 13:29:25 - [TEST_STEP][PASSED] - if (waitForElementVisible(findTestObject("Object Repository/Feedback/Page_Checkatrade Give your feedback/input_Member_to_Review"), 5)): Web element with id: 'Object Repository/Feedback/Page_Checkatrade Give your feedback/input_Member_to_Review' located by 'By.xpath: //input[@id='feedback-form__company_autocomplete_input']' not found

2020-04-16 13:29:30 - [MESSAGE][INFO] - Unable to find the element located by 'By.xpath: //input[@id='feedback-form__company_autocomplete_input']'. Please recheck the objects properties to make sure the desired element is located. 

2020-04-16 13:29:30 - [MESSAGE][WARNING] - Web element with id: 'Object Repository/Feedback/Page_Checkatrade Give your feedback/input_Member_to_Review' located by 'By.xpath: //input[@id='feedback-form__company_autocomplete_input']' not found

2020-04-16 13:29:30 - [TEST_STEP][PASSED] - else: The <<<OLD>>> Website was detected by the STARTUP Process

2020-04-16 13:29:30 - [TEST_STEP][PASSED] - if (!(verifyElementVisible(findTestObject("Object Repository/Checkatrade_Trade_Search_Page/Page_Checkatrade Find a tradesperson you can trust/input_Search_Button_FF")))): Object 'Object Repository/Checkatrade_Trade_Search_Page/Page_Checkatrade Find a tradesperson you can trust/input_Search_Button_FF' is visible

2020-04-16 13:29:30 - [MESSAGE][PASSED] - Object 'Object Repository/Checkatrade_Trade_Search_Page/Page_Checkatrade Find a tradesperson you can trust/input_Search_Button_FF' is visible

2020-04-16 13:29:30 - [TEST_STEP][PASSED] - else: The <<<OLD>>> Website was detected by the STARTUP Process

2020-04-16 13:29:30 - [TEST_STEP][PASSED] - Website_Version = "old": null

2020-04-16 13:29:30 - [TEST_STEP][PASSED] - logInfo("The <<<OLD>>> Website was detected by the STARTUP Process"): The <<<OLD>>> Website was detected by the STARTUP Process

2020-04-16 13:29:30 - [MESSAGE][INFO] - The <<<OLD>>> Website was detected by the STARTUP Process

2020-04-16 13:29:30 - [MESSAGE][PASSED] - Call Test Case 'Test Cases/Reusable_Test_Sequences/CAT_Setup' successfully

2020-04-16 13:29:30 - [TEST_STEP][PASSED] - " Home Page validation Checks after COOKIE Dispelled": null

2020-04-16 13:29:30 - [TEST_STEP][PASSED] - "---------------------------------------------------------------------": null

2020-04-16 13:29:30 - [TEST_STEP][PASSED] - " Select Search on Trader Name (or ID) From Home page/Search Screen   |": null

2020-04-16 13:29:30 - [TEST_STEP][PASSED] - callTestCase(findTestCase("Reusable_Test_Sequences/CAT_Click_Search_Trade_Name"), [:], STOP_ON_FAILURE): Call Test Case 'Test Cases/Reusable_Test_Sequences/CAT_Click_Search_Trade_Name' successfully

2020-04-16 13:29:30 - [TEST_CASE][PASSED] - Test Cases/Reusable_Test_Sequences/CAT_Click_Search_Trade_Name: Test Cases/Reusable_Test_Sequences/CAT_Click_Search_Trade_Name

2020-04-16 13:29:30 - [TEST_STEP][PASSED] - waitForPageLoad(60): Wait for page load successfully

2020-04-16 13:29:30 - [MESSAGE][PASSED] - Wait for page load successfully

2020-04-16 13:29:30 - [TEST_STEP][PASSED] - if (Website_Version != "new"): Object: 'Object Repository/Page_Checkatrade Find a tradesperson you can trust/a_or look up a member by name' is clicked on

2020-04-16 13:29:30 - [TEST_STEP][PASSED] - waitForElementClickable(findTestObject("Object Repository/Page_Checkatrade Find a tradesperson you can trust/a_or look up a member by name"), 5): Object 'Object Repository/Page_Checkatrade Find a tradesperson you can trust/a_or look up a member by name' is clickable

2020-04-16 13:29:30 - [MESSAGE][PASSED] - Object 'Object Repository/Page_Checkatrade Find a tradesperson you can trust/a_or look up a member by name' is clickable

2020-04-16 13:29:30 - [TEST_STEP][PASSED] - click(findTestObject("Object Repository/Page_Checkatrade Find a tradesperson you can trust/a_or look up a member by name")): Object: 'Object Repository/Page_Checkatrade Find a tradesperson you can trust/a_or look up a member by name' is clicked on

2020-04-16 13:29:31 - [MESSAGE][PASSED] - Object: 'Object Repository/Page_Checkatrade Find a tradesperson you can trust/a_or look up a member by name' is clicked on

2020-04-16 13:29:31 - [TEST_STEP][PASSED] - if (Website_Version != "old"): null

2020-04-16 13:29:31 - [TEST_STEP][PASSED] - waitForPageLoad(60): Wait for page load successfully

2020-04-16 13:29:31 - [MESSAGE][PASSED] - Wait for page load successfully

2020-04-16 13:29:31 - [MESSAGE][PASSED] - Call Test Case 'Test Cases/Reusable_Test_Sequences/CAT_Click_Search_Trade_Name' successfully

2020-04-16 13:29:31 - [TEST_STEP][PASSED] - "---------------------------------------": null

2020-04-16 13:29:31 - [TEST_STEP][PASSED] - " Enter Trader Name (or ID) to Search   |": null

2020-04-16 13:29:31 - [TEST_STEP][PASSED] - callTestCase(findTestCase("Reusable_Test_Sequences/CAT_Enter_Trade_Name_NEG"), [:], STOP_ON_FAILURE): Call Test Case 'Test Cases/Reusable_Test_Sequences/CAT_Enter_Trade_Name_NEG' successfully

2020-04-16 13:29:31 - [TEST_CASE][PASSED] - Test Cases/Reusable_Test_Sequences/CAT_Enter_Trade_Name_NEG: Test Cases/Reusable_Test_Sequences/CAT_Enter_Trade_Name_NEG

2020-04-16 13:29:31 - [TEST_STEP][PASSED] - if (Website_Version != "new"): Text 'OOOOOO' is set on object 'Object Repository/Page_Checkatrade Find a tradesperson you can trust/Trader_Name_To_Search'

2020-04-16 13:29:31 - [TEST_STEP][PASSED] - waitForElementClickable(findTestObject("Object Repository/Page_Checkatrade Find a tradesperson you can trust/Trader_Name_To_Search"), 5): Object 'Object Repository/Page_Checkatrade Find a tradesperson you can trust/Trader_Name_To_Search' is clickable

2020-04-16 13:29:31 - [MESSAGE][PASSED] - Object 'Object Repository/Page_Checkatrade Find a tradesperson you can trust/Trader_Name_To_Search' is clickable

2020-04-16 13:29:31 - [TEST_STEP][PASSED] - setText(findTestObject("Object Repository/Page_Checkatrade Find a tradesperson you can trust/Trader_Name_To_Search"), findTestData("Search_CAT_ID_Data_NEG").getValue("tradeName", row)): Text 'OOOOOO' is set on object 'Object Repository/Page_Checkatrade Find a tradesperson you can trust/Trader_Name_To_Search'

2020-04-16 13:29:31 - [MESSAGE][PASSED] - Text 'OOOOOO' is set on object 'Object Repository/Page_Checkatrade Find a tradesperson you can trust/Trader_Name_To_Search'

2020-04-16 13:29:31 - [MESSAGE][PASSED] - Call Test Case 'Test Cases/Reusable_Test_Sequences/CAT_Enter_Trade_Name_NEG' successfully

2020-04-16 13:29:31 - [TEST_STEP][PASSED] - "---------------------------------------": null

2020-04-16 13:29:31 - [TEST_STEP][PASSED] - " Search Trader Name (or ID)            |": null

2020-04-16 13:29:31 - [TEST_STEP][PASSED] - "---------------------------------------": null

2020-04-16 13:29:31 - [TEST_STEP][PASSED] - "---------------------------------------": null

2020-04-16 13:29:31 - [TEST_STEP][PASSED] - " Expected ERROR Reported               |": null

2020-04-16 13:29:31 - [TEST_STEP][PASSED] - callTestCase(findTestCase("Reusable_Test_Sequences/CAT_Search_Tradename_Not_Returned"), [:], CONTINUE_ON_FAILURE): Call Test Case 'Test Cases/Reusable_Test_Sequences/CAT_Search_Tradename_Not_Returned' successfully

2020-04-16 13:29:31 - [TEST_CASE][PASSED] - Test Cases/Reusable_Test_Sequences/CAT_Search_Tradename_Not_Returned: Test Cases/Reusable_Test_Sequences/CAT_Search_Tradename_Not_Returned

2020-04-16 13:29:31 - [TEST_STEP][PASSED] - "For later Extension": null

2020-04-16 13:29:31 - [TEST_STEP][PASSED] - "--------------------------------": null

2020-04-16 13:29:31 - [TEST_STEP][PASSED] - " Verify Sorry and Not Here Link |": null

2020-04-16 13:29:31 - [TEST_STEP][PASSED] - delay(1): Delayed 1 second(s)

2020-04-16 13:29:32 - [MESSAGE][PASSED] - Delayed 1 second(s)

2020-04-16 13:29:32 - [TEST_STEP][PASSED] - waitForPageLoad(60): Wait for page load successfully

2020-04-16 13:29:32 - [MESSAGE][PASSED] - Wait for page load successfully

2020-04-16 13:29:32 - [TEST_STEP][PASSED] - verifyElementPresent(findTestObject("Page_Checkatrade Find a tradesperson you can trust/a_or look up a member by name"), 10): Object 'Object Repository/Page_Checkatrade Find a tradesperson you can trust/a_or look up a member by name' is present

2020-04-16 13:29:32 - [MESSAGE][PASSED] - Object 'Object Repository/Page_Checkatrade Find a tradesperson you can trust/a_or look up a member by name' is present

2020-04-16 13:29:32 - [TEST_STEP][PASSED] - verifyTextPresent("Sorry, no results found", false): Text 'Sorry, no results found' is present on page 

2020-04-16 13:29:33 - [MESSAGE][PASSED] - Text 'Sorry, no results found' is present on page 

2020-04-16 13:29:33 - [TEST_STEP][PASSED] - verifyTextPresent("Not here", false): Text 'Not here' is present on page 

2020-04-16 13:29:34 - [MESSAGE][PASSED] - Text 'Not here' is present on page 

2020-04-16 13:29:34 - [TEST_STEP][PASSED] - "--------------------------------": null

2020-04-16 13:29:34 - [TEST_STEP][PASSED] - " Navigate Not Here Link         |": null

2020-04-16 13:29:34 - [TEST_STEP][PASSED] - waitForElementClickable(findTestObject("Object Repository/Page_Checkatrade Find a tradesperson you can trust/a_Not here"), 10): Object 'Object Repository/Page_Checkatrade Find a tradesperson you can trust/a_Not here' is clickable

2020-04-16 13:29:34 - [MESSAGE][PASSED] - Object 'Object Repository/Page_Checkatrade Find a tradesperson you can trust/a_Not here' is clickable

2020-04-16 13:29:34 - [TEST_STEP][PASSED] - click(findTestObject("Object Repository/Page_Checkatrade Find a tradesperson you can trust/a_Not here")): Object: 'Object Repository/Page_Checkatrade Find a tradesperson you can trust/a_Not here' is clicked on

2020-04-16 13:29:37 - [MESSAGE][PASSED] - Object: 'Object Repository/Page_Checkatrade Find a tradesperson you can trust/a_Not here' is clicked on

2020-04-16 13:29:37 - [TEST_STEP][PASSED] - "--------------------------------": null

2020-04-16 13:29:37 - [TEST_STEP][PASSED] - " Verify Returned Page           |": null

2020-04-16 13:29:37 - [TEST_STEP][PASSED] - "--------------------------------": null

2020-04-16 13:29:37 - [TEST_STEP][PASSED] - delay(3): Delayed 3 second(s)

2020-04-16 13:29:40 - [MESSAGE][PASSED] - Delayed 3 second(s)

2020-04-16 13:29:40 - [TEST_STEP][PASSED] - waitForPageLoad(60): Wait for page load successfully

2020-04-16 13:29:40 - [MESSAGE][PASSED] - Wait for page load successfully

2020-04-16 13:29:40 - [TEST_STEP][PASSED] - waitForElementClickable(findTestObject("Object Repository/Page_Checkatrade Find a tradesperson you can trust/link_Give_Your_Feedback"), 25): Object 'Object Repository/Page_Checkatrade Find a tradesperson you can trust/link_Give_Your_Feedback' is clickable

2020-04-16 13:29:40 - [MESSAGE][PASSED] - Object 'Object Repository/Page_Checkatrade Find a tradesperson you can trust/link_Give_Your_Feedback' is clickable

2020-04-16 13:29:40 - [TEST_STEP][PASSED] - verifyTextPresent("Company not listed?", false): Text 'Company not listed?' is present on page 

2020-04-16 13:29:40 - [MESSAGE][PASSED] - Text 'Company not listed?' is present on page 

2020-04-16 13:29:40 - [TEST_STEP][PASSED] - verifyTextPresent("If you are considering employing a particular company but cannot find them in our list of members", false): Text 'If you are considering employing a particular company but cannot find them in our list of members' is present on page 

2020-04-16 13:29:41 - [MESSAGE][PASSED] - Text 'If you are considering employing a particular company but cannot find them in our list of members' is present on page 

2020-04-16 13:29:41 - [TEST_STEP][PASSED] - verifyTextPresent("it may be because they are not a member of Checkatrade", false): Text 'it may be because they are not a member of Checkatrade' is present on page 

2020-04-16 13:29:41 - [MESSAGE][PASSED] - Text 'it may be because they are not a member of Checkatrade' is present on page 

2020-04-16 13:29:41 - [TEST_STEP][PASSED] - verifyTextPresent("If you would like to recommend a company to us, please give your feedback", false): Text 'If you would like to recommend a company to us, please give your feedback' is present on page 

2020-04-16 13:29:41 - [MESSAGE][PASSED] - Text 'If you would like to recommend a company to us, please give your feedback' is present on page 

2020-04-16 13:29:41 - [TEST_STEP][PASSED] - verifyTextPresent("If you would like help searching for a company, please call 0333 0146 190", false): Text 'If you would like help searching for a company, please call 0333 0146 190' is present on page 

2020-04-16 13:29:42 - [MESSAGE][PASSED] - Text 'If you would like help searching for a company, please call 0333 0146 190' is present on page 

2020-04-16 13:29:42 - [TEST_STEP][PASSED] - "----------------------------------------": null

2020-04-16 13:29:42 - [TEST_STEP][PASSED] - "----------------------------------------": null

2020-04-16 13:29:42 - [TEST_STEP][PASSED] - "Give Feedback Link NOT CHECKED Here     |": null

2020-04-16 13:29:42 - [TEST_STEP][PASSED] - System.gc(): null

2020-04-16 13:29:42 - [MESSAGE][PASSED] - Call Test Case 'Test Cases/Reusable_Test_Sequences/CAT_Search_Tradename_Not_Returned' successfully

2020-04-16 13:29:42 - [TEST_STEP][PASSED] - "--------------------------": null

2020-04-16 13:29:42 - [TEST_STEP][PASSED] - " Teardown - CLose Browser |": null

2020-04-16 13:29:42 - [TEST_STEP][PASSED] - callTestCase(findTestCase("Reusable_Test_Sequences/CAT_Teardown"), [:], OPTIONAL): Call Test Case 'Test Cases/Reusable_Test_Sequences/CAT_Teardown' successfully

2020-04-16 13:29:42 - [TEST_CASE][PASSED] - Test Cases/Reusable_Test_Sequences/CAT_Teardown: Test Cases/Reusable_Test_Sequences/CAT_Teardown

2020-04-16 13:29:42 - [TEST_STEP][PASSED] - closeBrowser(): Browser is closed

2020-04-16 13:29:44 - [MESSAGE][PASSED] - Browser is closed

2020-04-16 13:29:44 - [TEST_STEP][PASSED] - super.finalize(): null

2020-04-16 13:29:44 - [TEST_STEP][PASSED] - System.gc(): null

2020-04-16 13:29:44 - [MESSAGE][PASSED] - Call Test Case 'Test Cases/Reusable_Test_Sequences/CAT_Teardown' successfully

2020-04-16 13:29:44 - [TEST_STEP][PASSED] - callTestCase(findTestCase("Reusable_Test_Sequences/CAT_Setup"), [:], STOP_ON_FAILURE): Call Test Case 'Test Cases/Reusable_Test_Sequences/CAT_Setup' successfully

2020-04-16 13:29:44 - [TEST_CASE][PASSED] - Test Cases/Reusable_Test_Sequences/CAT_Setup: Test Cases/Reusable_Test_Sequences/CAT_Setup

2020-04-16 13:29:44 - [TEST_STEP][PASSED] - "------------------------------": null

2020-04-16 13:29:44 - [TEST_STEP][PASSED] - " Set Mobile Device Testing    |": null

2020-04-16 13:29:44 - [TEST_STEP][PASSED] - if (Mobile_Flag == "true"): null

2020-04-16 13:29:44 - [TEST_STEP][PASSED] - "------------------------------": null

2020-04-16 13:29:44 - [TEST_STEP][PASSED] - " Set Mobile Device Testing    |": null

2020-04-16 13:29:44 - [TEST_STEP][PASSED] - "------------------------------": null

2020-04-16 13:29:44 - [TEST_STEP][PASSED] - "URL - Set from the ENVIRONMENT PROFILE ": null

2020-04-16 13:29:44 - [TEST_STEP][PASSED] - openBrowser(URL): Browser is opened with url: 'https://www.preview.checkatrade.com/'

2020-04-16 13:29:44 - [MESSAGE][INFO] - Starting 'Firefox' driver

2020-04-16 13:29:44 - [MESSAGE][INFO] - Action delay is set to 0 milliseconds

2020-04-16 13:29:57 - [MESSAGE][PASSED] - Browser is opened with url: 'https://www.preview.checkatrade.com/'

2020-04-16 13:29:57 - [TEST_STEP][PASSED] - maximizeWindow(): Current window maximized

2020-04-16 13:29:58 - [MESSAGE][PASSED] - Current window maximized

2020-04-16 13:29:58 - [TEST_STEP][PASSED] - waitForPageLoad(60): Wait for page load successfully

2020-04-16 13:29:58 - [MESSAGE][PASSED] - Wait for page load successfully

2020-04-16 13:29:58 - [TEST_STEP][PASSED] - "Previous Functionalilty Left Commented For Ease Of reversion": null

2020-04-16 13:29:58 - [TEST_STEP][PASSED] - " Katalon Try/Catches currently have issues? SEE HEADER": null

2020-04-16 13:29:58 - [TEST_STEP][PASSED] - try: Text 'Cookie Policy' is not present on page

2020-04-16 13:29:58 - [TEST_STEP][PASSED] - verifyElementPresent(findTestObject("Object Repository/Cookies/Page_Checkatrade Find a tradesperson you can trust/button_Accept All"), 5, OPTIONAL): Object 'Object Repository/Cookies/Page_Checkatrade Find a tradesperson you can trust/button_Accept All' is present

2020-04-16 13:29:58 - [MESSAGE][PASSED] - Object 'Object Repository/Cookies/Page_Checkatrade Find a tradesperson you can trust/button_Accept All' is present

2020-04-16 13:29:58 - [TEST_STEP][PASSED] - click(findTestObject("Object Repository/Cookies/Page_Checkatrade Find a tradesperson you can trust/button_Accept All"), OPTIONAL): Object: 'Object Repository/Cookies/Page_Checkatrade Find a tradesperson you can trust/button_Accept All' is clicked on

2020-04-16 13:29:58 - [MESSAGE][PASSED] - Object: 'Object Repository/Cookies/Page_Checkatrade Find a tradesperson you can trust/button_Accept All' is clicked on

2020-04-16 13:29:58 - [TEST_STEP][PASSED] - "---------------------------------": null

2020-04-16 13:29:58 - [TEST_STEP][PASSED] - "COOKIE POPOUT REMOVED - Confirmed": null

2020-04-16 13:29:58 - [TEST_STEP][PASSED] - delay(1): Delayed 1 second(s)

2020-04-16 13:29:59 - [MESSAGE][PASSED] - Delayed 1 second(s)

2020-04-16 13:29:59 - [TEST_STEP][PASSED] - verifyTextNotPresent("We use cookies to personalise content and ads, to provide social media features and to analyse our traffic", false): Text 'We use cookies to personalise content and ads, to provide social media features and to analyse our traffic' is not present on page

2020-04-16 13:30:00 - [MESSAGE][PASSED] - Text 'We use cookies to personalise content and ads, to provide social media features and to analyse our traffic' is not present on page

2020-04-16 13:30:00 - [TEST_STEP][PASSED] - verifyTextNotPresent(" We also share information about your use of our site with our social media, advertising and analytics partners", false): Text ' We also share information about your use of our site with our social media, advertising and analytics partners' is not present on page

2020-04-16 13:30:01 - [MESSAGE][PASSED] - Text ' We also share information about your use of our site with our social media, advertising and analytics partners' is not present on page

2020-04-16 13:30:01 - [TEST_STEP][PASSED] - verifyTextNotPresent("Cookie Policy", false): Text 'Cookie Policy' is not present on page

2020-04-16 13:30:01 - [MESSAGE][PASSED] - Text 'Cookie Policy' is not present on page

2020-04-16 13:30:01 - [TEST_STEP][PASSED] - waitForPageLoad(60): Wait for page load successfully

2020-04-16 13:30:01 - [MESSAGE][PASSED] - Wait for page load successfully

2020-04-16 13:30:01 - [TEST_STEP][PASSED] - "COOKIE - ORIGINAL": null

2020-04-16 13:30:01 - [TEST_STEP][PASSED] - if (waitForElementVisible(findTestObject("Object Repository/Feedback/Page_Checkatrade Give your feedback/input_Member_to_Review"), 5)): Web element with id: 'Object Repository/Feedback/Page_Checkatrade Give your feedback/input_Member_to_Review' located by 'By.xpath: //input[@id='feedback-form__company_autocomplete_input']' not found

2020-04-16 13:30:06 - [MESSAGE][INFO] - Unable to find the element located by 'By.xpath: //input[@id='feedback-form__company_autocomplete_input']'. Please recheck the objects properties to make sure the desired element is located. 

2020-04-16 13:30:06 - [MESSAGE][WARNING] - Web element with id: 'Object Repository/Feedback/Page_Checkatrade Give your feedback/input_Member_to_Review' located by 'By.xpath: //input[@id='feedback-form__company_autocomplete_input']' not found

2020-04-16 13:30:06 - [TEST_STEP][PASSED] - else: The <<<OLD>>> Website was detected by the STARTUP Process

2020-04-16 13:30:06 - [TEST_STEP][PASSED] - if (!(verifyElementVisible(findTestObject("Object Repository/Checkatrade_Trade_Search_Page/Page_Checkatrade Find a tradesperson you can trust/input_Search_Button_FF")))): Object 'Object Repository/Checkatrade_Trade_Search_Page/Page_Checkatrade Find a tradesperson you can trust/input_Search_Button_FF' is visible

2020-04-16 13:30:07 - [MESSAGE][PASSED] - Object 'Object Repository/Checkatrade_Trade_Search_Page/Page_Checkatrade Find a tradesperson you can trust/input_Search_Button_FF' is visible

2020-04-16 13:30:07 - [TEST_STEP][PASSED] - else: The <<<OLD>>> Website was detected by the STARTUP Process

2020-04-16 13:30:07 - [TEST_STEP][PASSED] - Website_Version = "old": null

2020-04-16 13:30:07 - [TEST_STEP][PASSED] - logInfo("The <<<OLD>>> Website was detected by the STARTUP Process"): The <<<OLD>>> Website was detected by the STARTUP Process

2020-04-16 13:30:07 - [MESSAGE][INFO] - The <<<OLD>>> Website was detected by the STARTUP Process

2020-04-16 13:30:07 - [MESSAGE][PASSED] - Call Test Case 'Test Cases/Reusable_Test_Sequences/CAT_Setup' successfully

2020-04-16 13:30:07 - [TEST_STEP][PASSED] - " Home Page validation Checks after COOKIE Dispelled": null

2020-04-16 13:30:07 - [TEST_STEP][PASSED] - "---------------------------------------------------------------------": null

2020-04-16 13:30:07 - [TEST_STEP][PASSED] - " Select Search on Trader Name (or ID) From Home page/Search Screen   |": null

2020-04-16 13:30:07 - [TEST_STEP][PASSED] - callTestCase(findTestCase("Reusable_Test_Sequences/CAT_Click_Search_Trade_Name"), [:], STOP_ON_FAILURE): Call Test Case 'Test Cases/Reusable_Test_Sequences/CAT_Click_Search_Trade_Name' successfully

2020-04-16 13:30:07 - [TEST_CASE][PASSED] - Test Cases/Reusable_Test_Sequences/CAT_Click_Search_Trade_Name: Test Cases/Reusable_Test_Sequences/CAT_Click_Search_Trade_Name

2020-04-16 13:30:07 - [TEST_STEP][PASSED] - waitForPageLoad(60): Wait for page load successfully

2020-04-16 13:30:07 - [MESSAGE][PASSED] - Wait for page load successfully

2020-04-16 13:30:07 - [TEST_STEP][PASSED] - if (Website_Version != "new"): Object: 'Object Repository/Page_Checkatrade Find a tradesperson you can trust/a_or look up a member by name' is clicked on

2020-04-16 13:30:07 - [TEST_STEP][PASSED] - waitForElementClickable(findTestObject("Object Repository/Page_Checkatrade Find a tradesperson you can trust/a_or look up a member by name"), 5): Object 'Object Repository/Page_Checkatrade Find a tradesperson you can trust/a_or look up a member by name' is clickable

2020-04-16 13:30:07 - [MESSAGE][PASSED] - Object 'Object Repository/Page_Checkatrade Find a tradesperson you can trust/a_or look up a member by name' is clickable

2020-04-16 13:30:07 - [TEST_STEP][PASSED] - click(findTestObject("Object Repository/Page_Checkatrade Find a tradesperson you can trust/a_or look up a member by name")): Object: 'Object Repository/Page_Checkatrade Find a tradesperson you can trust/a_or look up a member by name' is clicked on

2020-04-16 13:30:07 - [MESSAGE][PASSED] - Object: 'Object Repository/Page_Checkatrade Find a tradesperson you can trust/a_or look up a member by name' is clicked on

2020-04-16 13:30:07 - [TEST_STEP][PASSED] - if (Website_Version != "old"): null

2020-04-16 13:30:07 - [TEST_STEP][PASSED] - waitForPageLoad(60): Wait for page load successfully

2020-04-16 13:30:07 - [MESSAGE][PASSED] - Wait for page load successfully

2020-04-16 13:30:07 - [MESSAGE][PASSED] - Call Test Case 'Test Cases/Reusable_Test_Sequences/CAT_Click_Search_Trade_Name' successfully

2020-04-16 13:30:07 - [TEST_STEP][PASSED] - "---------------------------------------": null

2020-04-16 13:30:07 - [TEST_STEP][PASSED] - " Enter Trader Name (or ID) to Search   |": null

2020-04-16 13:30:07 - [TEST_STEP][PASSED] - callTestCase(findTestCase("Reusable_Test_Sequences/CAT_Enter_Trade_Name_NEG"), [:], STOP_ON_FAILURE): Call Test Case 'Test Cases/Reusable_Test_Sequences/CAT_Enter_Trade_Name_NEG' successfully

2020-04-16 13:30:07 - [TEST_CASE][PASSED] - Test Cases/Reusable_Test_Sequences/CAT_Enter_Trade_Name_NEG: Test Cases/Reusable_Test_Sequences/CAT_Enter_Trade_Name_NEG

2020-04-16 13:30:07 - [TEST_STEP][PASSED] - if (Website_Version != "new"): Text '1111111111111111111111111111111111111111111111111111111111111111111111111111111111111111111111' is set on object 'Object Repository/Page_Checkatrade Find a tradesperson you can trust/Trader_Name_To_Search'

2020-04-16 13:30:07 - [TEST_STEP][PASSED] - waitForElementClickable(findTestObject("Object Repository/Page_Checkatrade Find a tradesperson you can trust/Trader_Name_To_Search"), 5): Object 'Object Repository/Page_Checkatrade Find a tradesperson you can trust/Trader_Name_To_Search' is clickable

2020-04-16 13:30:07 - [MESSAGE][PASSED] - Object 'Object Repository/Page_Checkatrade Find a tradesperson you can trust/Trader_Name_To_Search' is clickable

2020-04-16 13:30:07 - [TEST_STEP][PASSED] - setText(findTestObject("Object Repository/Page_Checkatrade Find a tradesperson you can trust/Trader_Name_To_Search"), findTestData("Search_CAT_ID_Data_NEG").getValue("tradeName", row)): Text '1111111111111111111111111111111111111111111111111111111111111111111111111111111111111111111111' is set on object 'Object Repository/Page_Checkatrade Find a tradesperson you can trust/Trader_Name_To_Search'

2020-04-16 13:30:08 - [MESSAGE][PASSED] - Text '1111111111111111111111111111111111111111111111111111111111111111111111111111111111111111111111' is set on object 'Object Repository/Page_Checkatrade Find a tradesperson you can trust/Trader_Name_To_Search'

2020-04-16 13:30:08 - [MESSAGE][PASSED] - Call Test Case 'Test Cases/Reusable_Test_Sequences/CAT_Enter_Trade_Name_NEG' successfully

2020-04-16 13:30:08 - [TEST_STEP][PASSED] - "---------------------------------------": null

2020-04-16 13:30:08 - [TEST_STEP][PASSED] - " Search Trader Name (or ID)            |": null

2020-04-16 13:30:08 - [TEST_STEP][PASSED] - "---------------------------------------": null

2020-04-16 13:30:08 - [TEST_STEP][PASSED] - "---------------------------------------": null

2020-04-16 13:30:08 - [TEST_STEP][PASSED] - " Expected ERROR Reported               |": null

2020-04-16 13:30:08 - [TEST_STEP][PASSED] - callTestCase(findTestCase("Reusable_Test_Sequences/CAT_Search_Tradename_Not_Returned"), [:], CONTINUE_ON_FAILURE): Call Test Case 'Test Cases/Reusable_Test_Sequences/CAT_Search_Tradename_Not_Returned' successfully

2020-04-16 13:30:08 - [TEST_CASE][PASSED] - Test Cases/Reusable_Test_Sequences/CAT_Search_Tradename_Not_Returned: Test Cases/Reusable_Test_Sequences/CAT_Search_Tradename_Not_Returned

2020-04-16 13:30:08 - [TEST_STEP][PASSED] - "For later Extension": null

2020-04-16 13:30:08 - [TEST_STEP][PASSED] - "--------------------------------": null

2020-04-16 13:30:08 - [TEST_STEP][PASSED] - " Verify Sorry and Not Here Link |": null

2020-04-16 13:30:08 - [TEST_STEP][PASSED] - delay(1): Delayed 1 second(s)

2020-04-16 13:30:09 - [MESSAGE][PASSED] - Delayed 1 second(s)

2020-04-16 13:30:09 - [TEST_STEP][PASSED] - waitForPageLoad(60): Wait for page load successfully

2020-04-16 13:30:09 - [MESSAGE][PASSED] - Wait for page load successfully

2020-04-16 13:30:09 - [TEST_STEP][PASSED] - verifyElementPresent(findTestObject("Page_Checkatrade Find a tradesperson you can trust/a_or look up a member by name"), 10): Object 'Object Repository/Page_Checkatrade Find a tradesperson you can trust/a_or look up a member by name' is present

2020-04-16 13:30:09 - [MESSAGE][PASSED] - Object 'Object Repository/Page_Checkatrade Find a tradesperson you can trust/a_or look up a member by name' is present

2020-04-16 13:30:09 - [TEST_STEP][PASSED] - verifyTextPresent("Sorry, no results found", false): Text 'Sorry, no results found' is present on page 

2020-04-16 13:30:10 - [MESSAGE][PASSED] - Text 'Sorry, no results found' is present on page 

2020-04-16 13:30:10 - [TEST_STEP][PASSED] - verifyTextPresent("Not here", false): Text 'Not here' is present on page 

2020-04-16 13:30:10 - [MESSAGE][PASSED] - Text 'Not here' is present on page 

2020-04-16 13:30:10 - [TEST_STEP][PASSED] - "--------------------------------": null

2020-04-16 13:30:10 - [TEST_STEP][PASSED] - " Navigate Not Here Link         |": null

2020-04-16 13:30:10 - [TEST_STEP][PASSED] - waitForElementClickable(findTestObject("Object Repository/Page_Checkatrade Find a tradesperson you can trust/a_Not here"), 10): Object 'Object Repository/Page_Checkatrade Find a tradesperson you can trust/a_Not here' is clickable

2020-04-16 13:30:10 - [MESSAGE][PASSED] - Object 'Object Repository/Page_Checkatrade Find a tradesperson you can trust/a_Not here' is clickable

2020-04-16 13:30:10 - [TEST_STEP][PASSED] - click(findTestObject("Object Repository/Page_Checkatrade Find a tradesperson you can trust/a_Not here")): Object: 'Object Repository/Page_Checkatrade Find a tradesperson you can trust/a_Not here' is clicked on

2020-04-16 13:30:13 - [MESSAGE][PASSED] - Object: 'Object Repository/Page_Checkatrade Find a tradesperson you can trust/a_Not here' is clicked on

2020-04-16 13:30:13 - [TEST_STEP][PASSED] - "--------------------------------": null

2020-04-16 13:30:13 - [TEST_STEP][PASSED] - " Verify Returned Page           |": null

2020-04-16 13:30:13 - [TEST_STEP][PASSED] - "--------------------------------": null

2020-04-16 13:30:13 - [TEST_STEP][PASSED] - delay(3): Delayed 3 second(s)

2020-04-16 13:30:16 - [MESSAGE][PASSED] - Delayed 3 second(s)

2020-04-16 13:30:16 - [TEST_STEP][PASSED] - waitForPageLoad(60): Wait for page load successfully

2020-04-16 13:30:16 - [MESSAGE][PASSED] - Wait for page load successfully

2020-04-16 13:30:16 - [TEST_STEP][PASSED] - waitForElementClickable(findTestObject("Object Repository/Page_Checkatrade Find a tradesperson you can trust/link_Give_Your_Feedback"), 25): Object 'Object Repository/Page_Checkatrade Find a tradesperson you can trust/link_Give_Your_Feedback' is clickable

2020-04-16 13:30:16 - [MESSAGE][PASSED] - Object 'Object Repository/Page_Checkatrade Find a tradesperson you can trust/link_Give_Your_Feedback' is clickable

2020-04-16 13:30:16 - [TEST_STEP][PASSED] - verifyTextPresent("Company not listed?", false): Text 'Company not listed?' is present on page 

2020-04-16 13:30:17 - [MESSAGE][PASSED] - Text 'Company not listed?' is present on page 

2020-04-16 13:30:17 - [TEST_STEP][PASSED] - verifyTextPresent("If you are considering employing a particular company but cannot find them in our list of members", false): Text 'If you are considering employing a particular company but cannot find them in our list of members' is present on page 

2020-04-16 13:30:17 - [MESSAGE][PASSED] - Text 'If you are considering employing a particular company but cannot find them in our list of members' is present on page 

2020-04-16 13:30:17 - [TEST_STEP][PASSED] - verifyTextPresent("it may be because they are not a member of Checkatrade", false): Text 'it may be because they are not a member of Checkatrade' is present on page 

2020-04-16 13:30:18 - [MESSAGE][PASSED] - Text 'it may be because they are not a member of Checkatrade' is present on page 

2020-04-16 13:30:18 - [TEST_STEP][PASSED] - verifyTextPresent("If you would like to recommend a company to us, please give your feedback", false): Text 'If you would like to recommend a company to us, please give your feedback' is present on page 

2020-04-16 13:30:18 - [MESSAGE][PASSED] - Text 'If you would like to recommend a company to us, please give your feedback' is present on page 

2020-04-16 13:30:18 - [TEST_STEP][PASSED] - verifyTextPresent("If you would like help searching for a company, please call 0333 0146 190", false): Text 'If you would like help searching for a company, please call 0333 0146 190' is present on page 

2020-04-16 13:30:18 - [MESSAGE][PASSED] - Text 'If you would like help searching for a company, please call 0333 0146 190' is present on page 

2020-04-16 13:30:18 - [TEST_STEP][PASSED] - "----------------------------------------": null

2020-04-16 13:30:18 - [TEST_STEP][PASSED] - "----------------------------------------": null

2020-04-16 13:30:18 - [TEST_STEP][PASSED] - "Give Feedback Link NOT CHECKED Here     |": null

2020-04-16 13:30:18 - [TEST_STEP][PASSED] - System.gc(): null

2020-04-16 13:30:18 - [MESSAGE][PASSED] - Call Test Case 'Test Cases/Reusable_Test_Sequences/CAT_Search_Tradename_Not_Returned' successfully

2020-04-16 13:30:18 - [TEST_STEP][PASSED] - "--------------------------": null

2020-04-16 13:30:18 - [TEST_STEP][PASSED] - " Teardown - CLose Browser |": null

2020-04-16 13:30:18 - [TEST_STEP][PASSED] - callTestCase(findTestCase("Reusable_Test_Sequences/CAT_Teardown"), [:], OPTIONAL): Call Test Case 'Test Cases/Reusable_Test_Sequences/CAT_Teardown' successfully

2020-04-16 13:30:18 - [TEST_CASE][PASSED] - Test Cases/Reusable_Test_Sequences/CAT_Teardown: Test Cases/Reusable_Test_Sequences/CAT_Teardown

2020-04-16 13:30:18 - [TEST_STEP][PASSED] - closeBrowser(): Browser is closed

2020-04-16 13:30:23 - [MESSAGE][PASSED] - Browser is closed

2020-04-16 13:30:23 - [TEST_STEP][PASSED] - super.finalize(): null

2020-04-16 13:30:23 - [TEST_STEP][PASSED] - System.gc(): null

2020-04-16 13:30:23 - [MESSAGE][PASSED] - Call Test Case 'Test Cases/Reusable_Test_Sequences/CAT_Teardown' successfully

2020-04-16 13:30:24 - [TEST_STEP][PASSED] - callTestCase(findTestCase("Reusable_Test_Sequences/CAT_Setup"), [:], STOP_ON_FAILURE): Call Test Case 'Test Cases/Reusable_Test_Sequences/CAT_Setup' successfully

2020-04-16 13:30:24 - [TEST_CASE][PASSED] - Test Cases/Reusable_Test_Sequences/CAT_Setup: Test Cases/Reusable_Test_Sequences/CAT_Setup

2020-04-16 13:30:24 - [TEST_STEP][PASSED] - "------------------------------": null

2020-04-16 13:30:24 - [TEST_STEP][PASSED] - " Set Mobile Device Testing    |": null

2020-04-16 13:30:24 - [TEST_STEP][PASSED] - if (Mobile_Flag == "true"): null

2020-04-16 13:30:24 - [TEST_STEP][PASSED] - "------------------------------": null

2020-04-16 13:30:24 - [TEST_STEP][PASSED] - " Set Mobile Device Testing    |": null

2020-04-16 13:30:24 - [TEST_STEP][PASSED] - "------------------------------": null

2020-04-16 13:30:24 - [TEST_STEP][PASSED] - "URL - Set from the ENVIRONMENT PROFILE ": null

2020-04-16 13:30:24 - [TEST_STEP][PASSED] - openBrowser(URL): Browser is opened with url: 'https://www.preview.checkatrade.com/'

2020-04-16 13:30:24 - [MESSAGE][INFO] - Starting 'Firefox' driver

2020-04-16 13:30:24 - [MESSAGE][INFO] - Action delay is set to 0 milliseconds

2020-04-16 13:30:38 - [MESSAGE][PASSED] - Browser is opened with url: 'https://www.preview.checkatrade.com/'

2020-04-16 13:30:38 - [TEST_STEP][PASSED] - maximizeWindow(): Current window maximized

2020-04-16 13:30:38 - [MESSAGE][PASSED] - Current window maximized

2020-04-16 13:30:38 - [TEST_STEP][PASSED] - waitForPageLoad(60): Wait for page load successfully

2020-04-16 13:30:39 - [MESSAGE][PASSED] - Wait for page load successfully

2020-04-16 13:30:39 - [TEST_STEP][PASSED] - "Previous Functionalilty Left Commented For Ease Of reversion": null

2020-04-16 13:30:39 - [TEST_STEP][PASSED] - " Katalon Try/Catches currently have issues? SEE HEADER": null

2020-04-16 13:30:39 - [TEST_STEP][PASSED] - try: Text 'Cookie Policy' is not present on page

2020-04-16 13:30:39 - [TEST_STEP][PASSED] - verifyElementPresent(findTestObject("Object Repository/Cookies/Page_Checkatrade Find a tradesperson you can trust/button_Accept All"), 5, OPTIONAL): Object 'Object Repository/Cookies/Page_Checkatrade Find a tradesperson you can trust/button_Accept All' is present

2020-04-16 13:30:39 - [MESSAGE][PASSED] - Object 'Object Repository/Cookies/Page_Checkatrade Find a tradesperson you can trust/button_Accept All' is present

2020-04-16 13:30:39 - [TEST_STEP][PASSED] - click(findTestObject("Object Repository/Cookies/Page_Checkatrade Find a tradesperson you can trust/button_Accept All"), OPTIONAL): Object: 'Object Repository/Cookies/Page_Checkatrade Find a tradesperson you can trust/button_Accept All' is clicked on

2020-04-16 13:30:39 - [MESSAGE][PASSED] - Object: 'Object Repository/Cookies/Page_Checkatrade Find a tradesperson you can trust/button_Accept All' is clicked on

2020-04-16 13:30:39 - [TEST_STEP][PASSED] - "---------------------------------": null

2020-04-16 13:30:39 - [TEST_STEP][PASSED] - "COOKIE POPOUT REMOVED - Confirmed": null

2020-04-16 13:30:39 - [TEST_STEP][PASSED] - delay(1): Delayed 1 second(s)

2020-04-16 13:30:40 - [MESSAGE][PASSED] - Delayed 1 second(s)

2020-04-16 13:30:40 - [TEST_STEP][PASSED] - verifyTextNotPresent("We use cookies to personalise content and ads, to provide social media features and to analyse our traffic", false): Text 'We use cookies to personalise content and ads, to provide social media features and to analyse our traffic' is not present on page

2020-04-16 13:30:41 - [MESSAGE][PASSED] - Text 'We use cookies to personalise content and ads, to provide social media features and to analyse our traffic' is not present on page

2020-04-16 13:30:41 - [TEST_STEP][PASSED] - verifyTextNotPresent(" We also share information about your use of our site with our social media, advertising and analytics partners", false): Text ' We also share information about your use of our site with our social media, advertising and analytics partners' is not present on page

2020-04-16 13:30:42 - [MESSAGE][PASSED] - Text ' We also share information about your use of our site with our social media, advertising and analytics partners' is not present on page

2020-04-16 13:30:42 - [TEST_STEP][PASSED] - verifyTextNotPresent("Cookie Policy", false): Text 'Cookie Policy' is not present on page

2020-04-16 13:30:42 - [MESSAGE][PASSED] - Text 'Cookie Policy' is not present on page

2020-04-16 13:30:42 - [TEST_STEP][PASSED] - waitForPageLoad(60): Wait for page load successfully

2020-04-16 13:30:42 - [MESSAGE][PASSED] - Wait for page load successfully

2020-04-16 13:30:42 - [TEST_STEP][PASSED] - "COOKIE - ORIGINAL": null

2020-04-16 13:30:42 - [TEST_STEP][PASSED] - if (waitForElementVisible(findTestObject("Object Repository/Feedback/Page_Checkatrade Give your feedback/input_Member_to_Review"), 5)): Web element with id: 'Object Repository/Feedback/Page_Checkatrade Give your feedback/input_Member_to_Review' located by 'By.xpath: //input[@id='feedback-form__company_autocomplete_input']' not found

2020-04-16 13:30:48 - [MESSAGE][INFO] - Unable to find the element located by 'By.xpath: //input[@id='feedback-form__company_autocomplete_input']'. Please recheck the objects properties to make sure the desired element is located. 

2020-04-16 13:30:48 - [MESSAGE][WARNING] - Web element with id: 'Object Repository/Feedback/Page_Checkatrade Give your feedback/input_Member_to_Review' located by 'By.xpath: //input[@id='feedback-form__company_autocomplete_input']' not found

2020-04-16 13:30:48 - [TEST_STEP][PASSED] - else: The <<<OLD>>> Website was detected by the STARTUP Process

2020-04-16 13:30:48 - [TEST_STEP][PASSED] - if (!(verifyElementVisible(findTestObject("Object Repository/Checkatrade_Trade_Search_Page/Page_Checkatrade Find a tradesperson you can trust/input_Search_Button_FF")))): Object 'Object Repository/Checkatrade_Trade_Search_Page/Page_Checkatrade Find a tradesperson you can trust/input_Search_Button_FF' is visible

2020-04-16 13:30:48 - [MESSAGE][PASSED] - Object 'Object Repository/Checkatrade_Trade_Search_Page/Page_Checkatrade Find a tradesperson you can trust/input_Search_Button_FF' is visible

2020-04-16 13:30:48 - [TEST_STEP][PASSED] - else: The <<<OLD>>> Website was detected by the STARTUP Process

2020-04-16 13:30:48 - [TEST_STEP][PASSED] - Website_Version = "old": null

2020-04-16 13:30:48 - [TEST_STEP][PASSED] - logInfo("The <<<OLD>>> Website was detected by the STARTUP Process"): The <<<OLD>>> Website was detected by the STARTUP Process

2020-04-16 13:30:48 - [MESSAGE][INFO] - The <<<OLD>>> Website was detected by the STARTUP Process

2020-04-16 13:30:48 - [MESSAGE][PASSED] - Call Test Case 'Test Cases/Reusable_Test_Sequences/CAT_Setup' successfully

2020-04-16 13:30:48 - [TEST_STEP][PASSED] - " Home Page validation Checks after COOKIE Dispelled": null

2020-04-16 13:30:48 - [TEST_STEP][PASSED] - "---------------------------------------------------------------------": null

2020-04-16 13:30:48 - [TEST_STEP][PASSED] - " Select Search on Trader Name (or ID) From Home page/Search Screen   |": null

2020-04-16 13:30:48 - [TEST_STEP][PASSED] - callTestCase(findTestCase("Reusable_Test_Sequences/CAT_Click_Search_Trade_Name"), [:], STOP_ON_FAILURE): Call Test Case 'Test Cases/Reusable_Test_Sequences/CAT_Click_Search_Trade_Name' successfully

2020-04-16 13:30:48 - [TEST_CASE][PASSED] - Test Cases/Reusable_Test_Sequences/CAT_Click_Search_Trade_Name: Test Cases/Reusable_Test_Sequences/CAT_Click_Search_Trade_Name

2020-04-16 13:30:48 - [TEST_STEP][PASSED] - waitForPageLoad(60): Wait for page load successfully

2020-04-16 13:30:48 - [MESSAGE][PASSED] - Wait for page load successfully

2020-04-16 13:30:48 - [TEST_STEP][PASSED] - if (Website_Version != "new"): Object: 'Object Repository/Page_Checkatrade Find a tradesperson you can trust/a_or look up a member by name' is clicked on

2020-04-16 13:30:48 - [TEST_STEP][PASSED] - waitForElementClickable(findTestObject("Object Repository/Page_Checkatrade Find a tradesperson you can trust/a_or look up a member by name"), 5): Object 'Object Repository/Page_Checkatrade Find a tradesperson you can trust/a_or look up a member by name' is clickable

2020-04-16 13:30:48 - [MESSAGE][PASSED] - Object 'Object Repository/Page_Checkatrade Find a tradesperson you can trust/a_or look up a member by name' is clickable

2020-04-16 13:30:48 - [TEST_STEP][PASSED] - click(findTestObject("Object Repository/Page_Checkatrade Find a tradesperson you can trust/a_or look up a member by name")): Object: 'Object Repository/Page_Checkatrade Find a tradesperson you can trust/a_or look up a member by name' is clicked on

2020-04-16 13:30:48 - [MESSAGE][PASSED] - Object: 'Object Repository/Page_Checkatrade Find a tradesperson you can trust/a_or look up a member by name' is clicked on

2020-04-16 13:30:48 - [TEST_STEP][PASSED] - if (Website_Version != "old"): null

2020-04-16 13:30:48 - [TEST_STEP][PASSED] - waitForPageLoad(60): Wait for page load successfully

2020-04-16 13:30:48 - [MESSAGE][PASSED] - Wait for page load successfully

2020-04-16 13:30:48 - [MESSAGE][PASSED] - Call Test Case 'Test Cases/Reusable_Test_Sequences/CAT_Click_Search_Trade_Name' successfully

2020-04-16 13:30:48 - [TEST_STEP][PASSED] - "---------------------------------------": null

2020-04-16 13:30:48 - [TEST_STEP][PASSED] - " Enter Trader Name (or ID) to Search   |": null

2020-04-16 13:30:48 - [TEST_STEP][PASSED] - callTestCase(findTestCase("Reusable_Test_Sequences/CAT_Enter_Trade_Name_NEG"), [:], STOP_ON_FAILURE): Call Test Case 'Test Cases/Reusable_Test_Sequences/CAT_Enter_Trade_Name_NEG' successfully

2020-04-16 13:30:48 - [TEST_CASE][PASSED] - Test Cases/Reusable_Test_Sequences/CAT_Enter_Trade_Name_NEG: Test Cases/Reusable_Test_Sequences/CAT_Enter_Trade_Name_NEG

2020-04-16 13:30:49 - [TEST_STEP][PASSED] - if (Website_Version != "new"): Text '£!_+@~#?|*' is set on object 'Object Repository/Page_Checkatrade Find a tradesperson you can trust/Trader_Name_To_Search'

2020-04-16 13:30:49 - [TEST_STEP][PASSED] - waitForElementClickable(findTestObject("Object Repository/Page_Checkatrade Find a tradesperson you can trust/Trader_Name_To_Search"), 5): Object 'Object Repository/Page_Checkatrade Find a tradesperson you can trust/Trader_Name_To_Search' is clickable

2020-04-16 13:30:49 - [MESSAGE][PASSED] - Object 'Object Repository/Page_Checkatrade Find a tradesperson you can trust/Trader_Name_To_Search' is clickable

2020-04-16 13:30:49 - [TEST_STEP][PASSED] - setText(findTestObject("Object Repository/Page_Checkatrade Find a tradesperson you can trust/Trader_Name_To_Search"), findTestData("Search_CAT_ID_Data_NEG").getValue("tradeName", row)): Text '£!_+@~#?|*' is set on object 'Object Repository/Page_Checkatrade Find a tradesperson you can trust/Trader_Name_To_Search'

2020-04-16 13:30:49 - [MESSAGE][PASSED] - Text '£!_+@~#?|*' is set on object 'Object Repository/Page_Checkatrade Find a tradesperson you can trust/Trader_Name_To_Search'

2020-04-16 13:30:49 - [MESSAGE][PASSED] - Call Test Case 'Test Cases/Reusable_Test_Sequences/CAT_Enter_Trade_Name_NEG' successfully

2020-04-16 13:30:49 - [TEST_STEP][PASSED] - "---------------------------------------": null

2020-04-16 13:30:49 - [TEST_STEP][PASSED] - " Search Trader Name (or ID)            |": null

2020-04-16 13:30:49 - [TEST_STEP][PASSED] - "---------------------------------------": null

2020-04-16 13:30:49 - [TEST_STEP][PASSED] - "---------------------------------------": null

2020-04-16 13:30:49 - [TEST_STEP][PASSED] - " Expected ERROR Reported               |": null

2020-04-16 13:30:49 - [TEST_STEP][PASSED] - callTestCase(findTestCase("Reusable_Test_Sequences/CAT_Search_Tradename_Not_Returned"), [:], CONTINUE_ON_FAILURE): Call Test Case 'Test Cases/Reusable_Test_Sequences/CAT_Search_Tradename_Not_Returned' successfully

2020-04-16 13:30:49 - [TEST_CASE][PASSED] - Test Cases/Reusable_Test_Sequences/CAT_Search_Tradename_Not_Returned: Test Cases/Reusable_Test_Sequences/CAT_Search_Tradename_Not_Returned

2020-04-16 13:30:49 - [TEST_STEP][PASSED] - "For later Extension": null

2020-04-16 13:30:49 - [TEST_STEP][PASSED] - "--------------------------------": null

2020-04-16 13:30:49 - [TEST_STEP][PASSED] - " Verify Sorry and Not Here Link |": null

2020-04-16 13:30:49 - [TEST_STEP][PASSED] - delay(1): Delayed 1 second(s)

2020-04-16 13:30:50 - [MESSAGE][PASSED] - Delayed 1 second(s)

2020-04-16 13:30:50 - [TEST_STEP][PASSED] - waitForPageLoad(60): Wait for page load successfully

2020-04-16 13:30:50 - [MESSAGE][PASSED] - Wait for page load successfully

2020-04-16 13:30:50 - [TEST_STEP][PASSED] - verifyElementPresent(findTestObject("Page_Checkatrade Find a tradesperson you can trust/a_or look up a member by name"), 10): Object 'Object Repository/Page_Checkatrade Find a tradesperson you can trust/a_or look up a member by name' is present

2020-04-16 13:30:50 - [MESSAGE][PASSED] - Object 'Object Repository/Page_Checkatrade Find a tradesperson you can trust/a_or look up a member by name' is present

2020-04-16 13:30:50 - [TEST_STEP][PASSED] - verifyTextPresent("Sorry, no results found", false): Text 'Sorry, no results found' is present on page 

2020-04-16 13:30:50 - [MESSAGE][PASSED] - Text 'Sorry, no results found' is present on page 

2020-04-16 13:30:50 - [TEST_STEP][PASSED] - verifyTextPresent("Not here", false): Text 'Not here' is present on page 

2020-04-16 13:30:51 - [MESSAGE][PASSED] - Text 'Not here' is present on page 

2020-04-16 13:30:51 - [TEST_STEP][PASSED] - "--------------------------------": null

2020-04-16 13:30:51 - [TEST_STEP][PASSED] - " Navigate Not Here Link         |": null

2020-04-16 13:30:51 - [TEST_STEP][PASSED] - waitForElementClickable(findTestObject("Object Repository/Page_Checkatrade Find a tradesperson you can trust/a_Not here"), 10): Object 'Object Repository/Page_Checkatrade Find a tradesperson you can trust/a_Not here' is clickable

2020-04-16 13:30:51 - [MESSAGE][PASSED] - Object 'Object Repository/Page_Checkatrade Find a tradesperson you can trust/a_Not here' is clickable

2020-04-16 13:30:51 - [TEST_STEP][PASSED] - click(findTestObject("Object Repository/Page_Checkatrade Find a tradesperson you can trust/a_Not here")): Object: 'Object Repository/Page_Checkatrade Find a tradesperson you can trust/a_Not here' is clicked on

2020-04-16 13:30:53 - [MESSAGE][PASSED] - Object: 'Object Repository/Page_Checkatrade Find a tradesperson you can trust/a_Not here' is clicked on

2020-04-16 13:30:53 - [TEST_STEP][PASSED] - "--------------------------------": null

2020-04-16 13:30:53 - [TEST_STEP][PASSED] - " Verify Returned Page           |": null

2020-04-16 13:30:53 - [TEST_STEP][PASSED] - "--------------------------------": null

2020-04-16 13:30:53 - [TEST_STEP][PASSED] - delay(3): Delayed 3 second(s)

2020-04-16 13:30:56 - [MESSAGE][PASSED] - Delayed 3 second(s)

2020-04-16 13:30:56 - [TEST_STEP][PASSED] - waitForPageLoad(60): Wait for page load successfully

2020-04-16 13:30:56 - [MESSAGE][PASSED] - Wait for page load successfully

2020-04-16 13:30:56 - [TEST_STEP][PASSED] - waitForElementClickable(findTestObject("Object Repository/Page_Checkatrade Find a tradesperson you can trust/link_Give_Your_Feedback"), 25): Object 'Object Repository/Page_Checkatrade Find a tradesperson you can trust/link_Give_Your_Feedback' is clickable

2020-04-16 13:30:56 - [MESSAGE][PASSED] - Object 'Object Repository/Page_Checkatrade Find a tradesperson you can trust/link_Give_Your_Feedback' is clickable

2020-04-16 13:30:56 - [TEST_STEP][PASSED] - verifyTextPresent("Company not listed?", false): Text 'Company not listed?' is present on page 

2020-04-16 13:30:57 - [MESSAGE][PASSED] - Text 'Company not listed?' is present on page 

2020-04-16 13:30:57 - [TEST_STEP][PASSED] - verifyTextPresent("If you are considering employing a particular company but cannot find them in our list of members", false): Text 'If you are considering employing a particular company but cannot find them in our list of members' is present on page 

2020-04-16 13:30:57 - [MESSAGE][PASSED] - Text 'If you are considering employing a particular company but cannot find them in our list of members' is present on page 

2020-04-16 13:30:57 - [TEST_STEP][PASSED] - verifyTextPresent("it may be because they are not a member of Checkatrade", false): Text 'it may be because they are not a member of Checkatrade' is present on page 

2020-04-16 13:30:57 - [MESSAGE][PASSED] - Text 'it may be because they are not a member of Checkatrade' is present on page 

2020-04-16 13:30:57 - [TEST_STEP][PASSED] - verifyTextPresent("If you would like to recommend a company to us, please give your feedback", false): Text 'If you would like to recommend a company to us, please give your feedback' is present on page 

2020-04-16 13:30:57 - [MESSAGE][PASSED] - Text 'If you would like to recommend a company to us, please give your feedback' is present on page 

2020-04-16 13:30:57 - [TEST_STEP][PASSED] - verifyTextPresent("If you would like help searching for a company, please call 0333 0146 190", false): Text 'If you would like help searching for a company, please call 0333 0146 190' is present on page 

2020-04-16 13:30:58 - [MESSAGE][PASSED] - Text 'If you would like help searching for a company, please call 0333 0146 190' is present on page 

2020-04-16 13:30:58 - [TEST_STEP][PASSED] - "----------------------------------------": null

2020-04-16 13:30:58 - [TEST_STEP][PASSED] - "----------------------------------------": null

2020-04-16 13:30:58 - [TEST_STEP][PASSED] - "Give Feedback Link NOT CHECKED Here     |": null

2020-04-16 13:30:58 - [TEST_STEP][PASSED] - System.gc(): null

2020-04-16 13:30:58 - [MESSAGE][PASSED] - Call Test Case 'Test Cases/Reusable_Test_Sequences/CAT_Search_Tradename_Not_Returned' successfully

2020-04-16 13:30:58 - [TEST_STEP][PASSED] - "--------------------------": null

2020-04-16 13:30:58 - [TEST_STEP][PASSED] - " Teardown - CLose Browser |": null

2020-04-16 13:30:58 - [TEST_STEP][PASSED] - callTestCase(findTestCase("Reusable_Test_Sequences/CAT_Teardown"), [:], OPTIONAL): Call Test Case 'Test Cases/Reusable_Test_Sequences/CAT_Teardown' successfully

2020-04-16 13:30:58 - [TEST_CASE][PASSED] - Test Cases/Reusable_Test_Sequences/CAT_Teardown: Test Cases/Reusable_Test_Sequences/CAT_Teardown

2020-04-16 13:30:58 - [TEST_STEP][PASSED] - closeBrowser(): Browser is closed

2020-04-16 13:31:01 - [MESSAGE][PASSED] - Browser is closed

2020-04-16 13:31:01 - [TEST_STEP][PASSED] - super.finalize(): null

2020-04-16 13:31:01 - [TEST_STEP][PASSED] - System.gc(): null

2020-04-16 13:31:01 - [MESSAGE][PASSED] - Call Test Case 'Test Cases/Reusable_Test_Sequences/CAT_Teardown' successfully]]></system-out>
         <system-err><![CDATA[]]></system-err>
      </testcase>
      <system-out><![CDATA[2020-04-16 13:21:44 - [TEST_SUITE][PASSED] - Trade_Name_Multiple_Search: Test Cases/Checkatrade_Tradesman_Searches/Trader_Name_Not_Listed]]></system-out>
      <system-err><![CDATA[]]></system-err>
   </testsuite>
</testsuites>
