<?xml version="1.0" encoding="UTF-8"?>
<testsuites name="CAT_Footer" time="215.273" tests="7" failures="0" errors="0">
   <testsuite name="CAT_Footer" tests="7" failures="0" errors="0" time="215.273" timestamp="2020-02-06 15:06:28" hostname="DavidHo - VETTEDSP36RF.check.local" id="Test Suites/CAT_Footer">
      <properties>
         <property name="deviceName" value=""/>
         <property name="devicePlatform" value=""/>
         <property name="logFolder" value="C:\\Users\\davidho\\git\\src\\Reports\\20200206_150623\\CAT_Footer\\20200206_150623"/>
         <property name="logFiles" value="C:\\Users\\davidho\\git\\src\\Reports\\20200206_150623\\CAT_Footer\\20200206_150623\\execution0.log"/>
         <property name="attachments" value=""/>
         <property name="hostName" value="DavidHo - VETTEDSP36RF.check.local"/>
         <property name="os" value="Windows 10 32bit"/>
         <property name="katalonVersion" value="7.2.1.1"/>
         <property name="browser" value="Chrome 79.0.3945.130"/>
         <property name="hostAddress" value="10.0.9.154"/>
         <property name="sessionId" value="c7c6e93b5733f41f30f36d9251fe9c84"/>
         <property name="seleniumVersion" value="3.141.59"/>
         <property name="proxyInformation" value="ProxyInformation{proxyOption=NO_PROXY, proxyServerType=HTTP, password=, proxyServerAddress=, proxyServerPort=0, executionList=}"/>
         <property name="platform" value="Windows 10"/>
      </properties>
      <testcase name="Test Cases/CAT_Footer/Trades/Find_Out_More" time="31.488" classname="Test Cases/CAT_Footer/Trades/Find_Out_More" status="PASSED">
         <system-out><![CDATA[2020-02-06 15:06:28 - [TEST_CASE][PASSED] - Test Cases/CAT_Footer/Trades/Find_Out_More: Test Cases/CAT_Footer/Trades/Find_Out_More

2020-02-06 15:06:28 - [TEST_STEP][PASSED] - callTestCase(findTestCase("Reusable_Test_Sequences/CAT_Setup"), [:], OPTIONAL): Call Test Case 'Test Cases/Reusable_Test_Sequences/CAT_Setup' successfully

2020-02-06 15:06:28 - [TEST_CASE][PASSED] - Test Cases/Reusable_Test_Sequences/CAT_Setup: Test Cases/Reusable_Test_Sequences/CAT_Setup

2020-02-06 15:06:29 - [TEST_STEP][PASSED] - "------------------------------": null

2020-02-06 15:06:29 - [TEST_STEP][PASSED] - " Set Mobile Device Testing    |": null

2020-02-06 15:06:29 - [TEST_STEP][PASSED] - if (Mobile_Flag == "true"): null

2020-02-06 15:06:29 - [TEST_STEP][PASSED] - "------------------------------": null

2020-02-06 15:06:29 - [TEST_STEP][PASSED] - " Set Mobile Device Testing    |": null

2020-02-06 15:06:29 - [TEST_STEP][PASSED] - "------------------------------": null

2020-02-06 15:06:29 - [TEST_STEP][PASSED] - "URL - Set from the ENVIRONMENT PROFILE ": null

2020-02-06 15:06:29 - [TEST_STEP][PASSED] - openBrowser(URL): Browser is opened with url: 'http://www.dev.checkatrade.com/'

2020-02-06 15:06:29 - [MESSAGE][INFO] - Starting 'Chrome' driver

2020-02-06 15:06:29 - [MESSAGE][INFO] - Action delay is set to 0 seconds

2020-02-06 15:06:38 - [MESSAGE][PASSED] - Browser is opened with url: 'http://www.dev.checkatrade.com/'

2020-02-06 15:06:38 - [TEST_STEP][PASSED] - maximizeWindow(): Current window maximized

2020-02-06 15:06:42 - [MESSAGE][PASSED] - Current window maximized

2020-02-06 15:06:42 - [TEST_STEP][PASSED] - waitForPageLoad(60): Wait for page load successfully

2020-02-06 15:06:42 - [MESSAGE][PASSED] - Wait for page load successfully

2020-02-06 15:06:42 - [TEST_STEP][PASSED] - "Previous Functionalilty Left Commented For Ease Of reversion": null

2020-02-06 15:06:42 - [TEST_STEP][PASSED] - try: Text 'Cookie Policy' is not present on page

2020-02-06 15:06:42 - [TEST_STEP][PASSED] - verifyElementPresent(findTestObject("Object Repository/Cookies/Page_Checkatrade Find a tradesperson you can trust/button_Accept All"), 5): Object 'Object Repository/Cookies/Page_Checkatrade Find a tradesperson you can trust/button_Accept All' is present

2020-02-06 15:06:42 - [MESSAGE][PASSED] - Object 'Object Repository/Cookies/Page_Checkatrade Find a tradesperson you can trust/button_Accept All' is present

2020-02-06 15:06:42 - [TEST_STEP][PASSED] - click(findTestObject("Object Repository/Cookies/Page_Checkatrade Find a tradesperson you can trust/button_Accept All")): Object: 'Object Repository/Cookies/Page_Checkatrade Find a tradesperson you can trust/button_Accept All' is clicked on

2020-02-06 15:06:42 - [MESSAGE][PASSED] - Object: 'Object Repository/Cookies/Page_Checkatrade Find a tradesperson you can trust/button_Accept All' is clicked on

2020-02-06 15:06:42 - [TEST_STEP][PASSED] - "---------------------------------": null

2020-02-06 15:06:42 - [TEST_STEP][PASSED] - "COOKIE POPOUT REMOVED - Confirmed": null

2020-02-06 15:06:42 - [TEST_STEP][PASSED] - delay(1): Delayed 1 second(s)

2020-02-06 15:06:43 - [MESSAGE][PASSED] - Delayed 1 second(s)

2020-02-06 15:06:43 - [TEST_STEP][PASSED] - verifyTextNotPresent("We use cookies to personalise content and ads, to provide social media features and to analyse our traffic", false): Text 'We use cookies to personalise content and ads, to provide social media features and to analyse our traffic' is not present on page

2020-02-06 15:06:44 - [MESSAGE][PASSED] - Text 'We use cookies to personalise content and ads, to provide social media features and to analyse our traffic' is not present on page

2020-02-06 15:06:44 - [TEST_STEP][PASSED] - verifyTextNotPresent(" We also share information about your use of our site with our social media, advertising and analytics partners", false): Text ' We also share information about your use of our site with our social media, advertising and analytics partners' is not present on page

2020-02-06 15:06:44 - [MESSAGE][PASSED] - Text ' We also share information about your use of our site with our social media, advertising and analytics partners' is not present on page

2020-02-06 15:06:44 - [TEST_STEP][PASSED] - verifyTextNotPresent("Cookie Policy", false): Text 'Cookie Policy' is not present on page

2020-02-06 15:06:44 - [MESSAGE][PASSED] - Text 'Cookie Policy' is not present on page

2020-02-06 15:06:44 - [TEST_STEP][PASSED] - waitForPageLoad(60): Wait for page load successfully

2020-02-06 15:06:44 - [MESSAGE][PASSED] - Wait for page load successfully

2020-02-06 15:06:44 - [TEST_STEP][PASSED] - "COOKIE - ORIGINAL": null

2020-02-06 15:06:44 - [TEST_STEP][PASSED] - if (waitForElementVisible(findTestObject("Object Repository/Feedback/Page_Checkatrade Give your feedback/input_Member_to_Review"), 5)): Web element with id: 'Object Repository/Feedback/Page_Checkatrade Give your feedback/input_Member_to_Review' located by 'By.xpath: //input[@id='feedback-form__company_autocomplete_input']' not found

2020-02-06 15:06:49 - [MESSAGE][INFO] - Unable to find the element located by 'By.xpath: //input[@id='feedback-form__company_autocomplete_input']'. Please recheck the objects properties to make sure the desired element is located. 

2020-02-06 15:06:49 - [MESSAGE][WARNING] - Web element with id: 'Object Repository/Feedback/Page_Checkatrade Give your feedback/input_Member_to_Review' located by 'By.xpath: //input[@id='feedback-form__company_autocomplete_input']' not found

2020-02-06 15:06:49 - [TEST_STEP][PASSED] - else: The <<<OLD>>> Website was detected by the STARTUP Process

2020-02-06 15:06:49 - [TEST_STEP][PASSED] - if (!(verifyElementVisible(findTestObject("Object Repository/Checkatrade_Trade_Search_Page/Page_Checkatrade Find a tradesperson you can trust/input_Search_Button_FF")))): Object 'Object Repository/Checkatrade_Trade_Search_Page/Page_Checkatrade Find a tradesperson you can trust/input_Search_Button_FF' is visible

2020-02-06 15:06:49 - [MESSAGE][PASSED] - Object 'Object Repository/Checkatrade_Trade_Search_Page/Page_Checkatrade Find a tradesperson you can trust/input_Search_Button_FF' is visible

2020-02-06 15:06:49 - [TEST_STEP][PASSED] - else: The <<<OLD>>> Website was detected by the STARTUP Process

2020-02-06 15:06:49 - [TEST_STEP][PASSED] - Website_Version = "old": null

2020-02-06 15:06:50 - [TEST_STEP][PASSED] - logInfo("The <<<OLD>>> Website was detected by the STARTUP Process"): The <<<OLD>>> Website was detected by the STARTUP Process

2020-02-06 15:06:50 - [MESSAGE][INFO] - The <<<OLD>>> Website was detected by the STARTUP Process

2020-02-06 15:06:50 - [MESSAGE][PASSED] - Call Test Case 'Test Cases/Reusable_Test_Sequences/CAT_Setup' successfully

2020-02-06 15:06:50 - [TEST_STEP][PASSED] - callTestCase(findTestCase("Reusable_Test_Sequences/CAT_Home"), [:], CONTINUE_ON_FAILURE): Call Test Case 'Test Cases/Reusable_Test_Sequences/CAT_Home' successfully

2020-02-06 15:06:50 - [TEST_CASE][PASSED] - Test Cases/Reusable_Test_Sequences/CAT_Home: Test Cases/Reusable_Test_Sequences/CAT_Home

2020-02-06 15:06:50 - [TEST_STEP][PASSED] - waitForPageLoad(60): Wait for page load successfully

2020-02-06 15:06:50 - [MESSAGE][PASSED] - Wait for page load successfully

2020-02-06 15:06:50 - [TEST_STEP][PASSED] - delay(2): Delayed 2 second(s)

2020-02-06 15:06:52 - [MESSAGE][PASSED] - Delayed 2 second(s)

2020-02-06 15:06:52 - [TEST_STEP][PASSED] - "------------------------------------": null

2020-02-06 15:06:52 - [TEST_STEP][PASSED] - if (Website_Version == "new"): null

2020-02-06 15:06:52 - [TEST_STEP][PASSED] - else: Text 'Over a million visits to Checkatrade each month' is present on page 

2020-02-06 15:06:52 - [TEST_STEP][PASSED] - verifyTextPresent("Helping you find the right trade or service", false): Text 'Helping you find the right trade or service' is present on page 

2020-02-06 15:06:52 - [MESSAGE][PASSED] - Text 'Helping you find the right trade or service' is present on page 

2020-02-06 15:06:52 - [TEST_STEP][PASSED] - verifyTextPresent("Search through over", false): Text 'Search through over' is present on page 

2020-02-06 15:06:52 - [MESSAGE][PASSED] - Text 'Search through over' is present on page 

2020-02-06 15:06:52 - [TEST_STEP][PASSED] - verifyTextPresent("recommended, vetted and monitored trades and service providers for free.", false): Text 'recommended, vetted and monitored trades and service providers for free.' is present on page 

2020-02-06 15:06:52 - [MESSAGE][PASSED] - Text 'recommended, vetted and monitored trades and service providers for free.' is present on page 

2020-02-06 15:06:52 - [TEST_STEP][PASSED] - verifyTextPresent("reviews published so far – thank you!", false): Text 'reviews published so far – thank you!' is present on page 

2020-02-06 15:06:52 - [MESSAGE][PASSED] - Text 'reviews published so far – thank you!' is present on page 

2020-02-06 15:06:52 - [TEST_STEP][PASSED] - verifyTextPresent("I need a trade or service", false): Text 'I need a trade or service' is present on page 

2020-02-06 15:06:52 - [MESSAGE][PASSED] - Text 'I need a trade or service' is present on page 

2020-02-06 15:06:52 - [TEST_STEP][PASSED] - verifyTextPresent("Every trader thoroughly checked and vetted", false): Text 'Every trader thoroughly checked and vetted' is present on page 

2020-02-06 15:06:53 - [MESSAGE][PASSED] - Text 'Every trader thoroughly checked and vetted' is present on page 

2020-02-06 15:06:53 - [TEST_STEP][PASSED] - "------------------------------------": null

2020-02-06 15:06:53 - [TEST_STEP][PASSED] - verifyTextPresent("reviews published so far – thank you!", false): Text 'reviews published so far – thank you!' is present on page 

2020-02-06 15:06:53 - [MESSAGE][PASSED] - Text 'reviews published so far – thank you!' is present on page 

2020-02-06 15:06:53 - [TEST_STEP][PASSED] - verifyTextPresent("Find out more", false): Text 'Find out more' is present on page 

2020-02-06 15:06:53 - [MESSAGE][PASSED] - Text 'Find out more' is present on page 

2020-02-06 15:06:53 - [TEST_STEP][PASSED] - verifyTextPresent("I am a tradesman", false): Text 'I am a tradesman' is present on page 

2020-02-06 15:06:53 - [MESSAGE][PASSED] - Text 'I am a tradesman' is present on page 

2020-02-06 15:06:53 - [TEST_STEP][PASSED] - verifyTextPresent("Find out more", false): Text 'Find out more' is present on page 

2020-02-06 15:06:53 - [MESSAGE][PASSED] - Text 'Find out more' is present on page 

2020-02-06 15:06:53 - [TEST_STEP][PASSED] - verifyTextPresent("Over a million visits to Checkatrade each month", false): Text 'Over a million visits to Checkatrade each month' is present on page 

2020-02-06 15:06:53 - [MESSAGE][PASSED] - Text 'Over a million visits to Checkatrade each month' is present on page 

2020-02-06 15:06:53 - [MESSAGE][PASSED] - Call Test Case 'Test Cases/Reusable_Test_Sequences/CAT_Home' successfully

2020-02-06 15:06:53 - [TEST_STEP][PASSED] - "---------------------------------------": null

2020-02-06 15:06:53 - [TEST_STEP][PASSED] - " Navigate to Trades->Find out More     |": null

2020-02-06 15:06:53 - [TEST_STEP][PASSED] - scrollToElement(findTestObject("Object Repository/CAT_Footer/Page_Checkatrade Find a tradesperson you can trust/div_Find Out More"), 3): Scroll to object 'Object Repository/CAT_Footer/Page_Checkatrade Find a tradesperson you can trust/div_Find Out More' successfully

2020-02-06 15:06:53 - [MESSAGE][PASSED] - Scroll to object 'Object Repository/CAT_Footer/Page_Checkatrade Find a tradesperson you can trust/div_Find Out More' successfully

2020-02-06 15:06:53 - [TEST_STEP][PASSED] - click(findTestObject("Object Repository/CAT_Footer/Page_Checkatrade Find a tradesperson you can trust/div_Find Out More")): Object: 'Object Repository/CAT_Footer/Page_Checkatrade Find a tradesperson you can trust/div_Find Out More' is clicked on

2020-02-06 15:06:55 - [MESSAGE][PASSED] - Object: 'Object Repository/CAT_Footer/Page_Checkatrade Find a tradesperson you can trust/div_Find Out More' is clicked on

2020-02-06 15:06:55 - [TEST_STEP][PASSED] - "---------------------------------------": null

2020-02-06 15:06:55 - [TEST_STEP][PASSED] - " Verify Returned Page is as Expected   |": null

2020-02-06 15:06:55 - [TEST_STEP][PASSED] - callTestCase(findTestCase("Reusable_Test_Sequences/CAT_Footer/Trades/Find_Out_More_Verification"), [:], CONTINUE_ON_FAILURE): Call Test Case 'Test Cases/Reusable_Test_Sequences/CAT_Footer/Trades/Find_Out_More_Verification' successfully

2020-02-06 15:06:55 - [TEST_CASE][PASSED] - Test Cases/Reusable_Test_Sequences/CAT_Footer/Trades/Find_Out_More_Verification: Test Cases/Reusable_Test_Sequences/CAT_Footer/Trades/Find_Out_More_Verification

2020-02-06 15:06:55 - [TEST_STEP][PASSED] - delay(1): Delayed 1 second(s)

2020-02-06 15:06:56 - [MESSAGE][PASSED] - Delayed 1 second(s)

2020-02-06 15:06:56 - [TEST_STEP][PASSED] - waitForPageLoad(60): Wait for page load successfully

2020-02-06 15:06:56 - [MESSAGE][PASSED] - Wait for page load successfully

2020-02-06 15:06:56 - [TEST_STEP][PASSED] - "Only When Needed": null

2020-02-06 15:06:56 - [TEST_STEP][PASSED] - "----------------------------------------------": null

2020-02-06 15:06:56 - [TEST_STEP][PASSED] - "DEFAULT TAB - None - 1 Page Returned          |": null

2020-02-06 15:06:56 - [TEST_STEP][PASSED] - "----------------------------------------------": null

2020-02-06 15:06:56 - [TEST_STEP][PASSED] - "----------------------------------------------": null

2020-02-06 15:06:56 - [TEST_STEP][PASSED] - "----------------------------------------------": null

2020-02-06 15:06:56 - [TEST_STEP][PASSED] - verifyTextPresent("Membership Overview", false): Text 'Membership Overview' is present on page 

2020-02-06 15:06:56 - [MESSAGE][PASSED] - Text 'Membership Overview' is present on page 

2020-02-06 15:06:56 - [TEST_STEP][PASSED] - "----------------------------------------------": null

2020-02-06 15:06:56 - [TEST_STEP][PASSED] - verifyTextPresent("Trades Application", false): Text 'Trades Application' is present on page 

2020-02-06 15:06:56 - [MESSAGE][PASSED] - Text 'Trades Application' is present on page 

2020-02-06 15:06:56 - [TEST_STEP][PASSED] - verifyTextPresent("FAQ's", false): Text 'FAQ's' is present on page 

2020-02-06 15:06:56 - [MESSAGE][PASSED] - Text 'FAQ's' is present on page 

2020-02-06 15:06:56 - [TEST_STEP][PASSED] - verifyTextPresent("Enquire Now", false): Text 'Enquire Now' is present on page 

2020-02-06 15:06:56 - [MESSAGE][PASSED] - Text 'Enquire Now' is present on page 

2020-02-06 15:06:56 - [TEST_STEP][PASSED] - "----------------------------------------------": null

2020-02-06 15:06:56 - [TEST_STEP][PASSED] - verifyTextPresent("GREAT TRADES OF BRITAIN", false): Text 'GREAT TRADES OF BRITAIN' is present on page 

2020-02-06 15:06:57 - [MESSAGE][PASSED] - Text 'GREAT TRADES OF BRITAIN' is present on page 

2020-02-06 15:06:57 - [TEST_STEP][PASSED] - verifyTextPresent("Join Britain’s Busiest Network", false): Text 'Join Britain’s Busiest Network' is present on page 

2020-02-06 15:06:57 - [MESSAGE][PASSED] - Text 'Join Britain’s Busiest Network' is present on page 

2020-02-06 15:06:57 - [TEST_STEP][PASSED] - verifyTextPresent("Over 1 Million customers come to checkatrade.com every month to find trades with great reputations", false): Text 'Over 1 Million customers come to checkatrade.com every month to find trades with great reputations' is present on page 

2020-02-06 15:06:57 - [MESSAGE][PASSED] - Text 'Over 1 Million customers come to checkatrade.com every month to find trades with great reputations' is present on page 

2020-02-06 15:06:57 - [TEST_STEP][PASSED] - verifyTextPresent("Call us on", false): Text 'Call us on' is present on page 

2020-02-06 15:06:57 - [MESSAGE][PASSED] - Text 'Call us on' is present on page 

2020-02-06 15:06:57 - [TEST_STEP][PASSED] - "----------------------------------------------": null

2020-02-06 15:06:57 - [TEST_STEP][PASSED] - verifyTextPresent("Get Started", false): Text 'Get Started' is present on page 

2020-02-06 15:06:57 - [MESSAGE][PASSED] - Text 'Get Started' is present on page 

2020-02-06 15:06:57 - [TEST_STEP][PASSED] - verifyTextPresent("Why Join Checkatrade?", false): Text 'Why Join Checkatrade?' is present on page 

2020-02-06 15:06:57 - [MESSAGE][PASSED] - Text 'Why Join Checkatrade?' is present on page 

2020-02-06 15:06:57 - [TEST_STEP][PASSED] - verifyTextPresent("Every month we get over 1 million customers visiting checkatrade.com looking for a reliable tradesperson like you", false): Text 'Every month we get over 1 million customers visiting checkatrade.com looking for a reliable tradesperson like you' is present on page 

2020-02-06 15:06:57 - [MESSAGE][PASSED] - Text 'Every month we get over 1 million customers visiting checkatrade.com looking for a reliable tradesperson like you' is present on page 

2020-02-06 15:06:57 - [TEST_STEP][PASSED] - scrollToPosition(1000, 1000): Browser is scrolled to position x = 1000, y = 1000

2020-02-06 15:06:57 - [MESSAGE][PASSED] - Browser is scrolled to position x = 1000, y = 1000

2020-02-06 15:06:57 - [TEST_STEP][PASSED] - delay(1): Delayed 1 second(s)

2020-02-06 15:06:58 - [MESSAGE][PASSED] - Delayed 1 second(s)

2020-02-06 15:06:58 - [TEST_STEP][PASSED] - "Footer": null

2020-02-06 15:06:58 - [TEST_STEP][PASSED] - verifyTextPresent("Call us on", false): Text 'Call us on' is present on page 

2020-02-06 15:06:58 - [MESSAGE][PASSED] - Text 'Call us on' is present on page 

2020-02-06 15:06:58 - [TEST_STEP][PASSED] - "----------------------------------------------": null

2020-02-06 15:06:58 - [TEST_STEP][PASSED] - verifyTextPresent("Get Started", false): Text 'Get Started' is present on page 

2020-02-06 15:06:58 - [MESSAGE][PASSED] - Text 'Get Started' is present on page 

2020-02-06 15:06:58 - [TEST_STEP][PASSED] - "----------------------------------------------": null

2020-02-06 15:06:58 - [TEST_STEP][PASSED] - verifyTextPresent("We use cookies to help make this website better", false): Text 'We use cookies to help make this website better' is present on page 

2020-02-06 15:06:58 - [MESSAGE][PASSED] - Text 'We use cookies to help make this website better' is present on page 

2020-02-06 15:06:58 - [MESSAGE][PASSED] - Call Test Case 'Test Cases/Reusable_Test_Sequences/CAT_Footer/Trades/Find_Out_More_Verification' successfully

2020-02-06 15:06:58 - [TEST_STEP][PASSED] - "--------------------------": null

2020-02-06 15:06:58 - [TEST_STEP][PASSED] - " Teardown - CLose Browser |": null

2020-02-06 15:06:58 - [TEST_STEP][PASSED] - callTestCase(findTestCase("Reusable_Test_Sequences/CAT_Teardown"), [:], OPTIONAL): Call Test Case 'Test Cases/Reusable_Test_Sequences/CAT_Teardown' successfully

2020-02-06 15:06:58 - [TEST_CASE][PASSED] - Test Cases/Reusable_Test_Sequences/CAT_Teardown: Test Cases/Reusable_Test_Sequences/CAT_Teardown

2020-02-06 15:06:59 - [TEST_STEP][PASSED] - closeBrowser(): Browser is closed

2020-02-06 15:07:00 - [MESSAGE][PASSED] - Browser is closed

2020-02-06 15:07:00 - [MESSAGE][PASSED] - Call Test Case 'Test Cases/Reusable_Test_Sequences/CAT_Teardown' successfully]]></system-out>
         <system-err><![CDATA[]]></system-err>
      </testcase>
      <testcase name="Test Cases/CAT_Footer/Trades/Login_To_Members_Area" time="27.728" classname="Test Cases/CAT_Footer/Trades/Login_To_Members_Area" status="PASSED">
         <system-out><![CDATA[2020-02-06 15:07:00 - [TEST_CASE][PASSED] - Test Cases/CAT_Footer/Trades/Login_To_Members_Area: Test Cases/CAT_Footer/Trades/Login_To_Members_Area

2020-02-06 15:07:00 - [TEST_STEP][PASSED] - callTestCase(findTestCase("Reusable_Test_Sequences/CAT_Setup"), [:], OPTIONAL): Call Test Case 'Test Cases/Reusable_Test_Sequences/CAT_Setup' successfully

2020-02-06 15:07:00 - [TEST_CASE][PASSED] - Test Cases/Reusable_Test_Sequences/CAT_Setup: Test Cases/Reusable_Test_Sequences/CAT_Setup

2020-02-06 15:07:00 - [TEST_STEP][PASSED] - "------------------------------": null

2020-02-06 15:07:00 - [TEST_STEP][PASSED] - " Set Mobile Device Testing    |": null

2020-02-06 15:07:00 - [TEST_STEP][PASSED] - if (Mobile_Flag == "true"): null

2020-02-06 15:07:00 - [TEST_STEP][PASSED] - "------------------------------": null

2020-02-06 15:07:00 - [TEST_STEP][PASSED] - " Set Mobile Device Testing    |": null

2020-02-06 15:07:00 - [TEST_STEP][PASSED] - "------------------------------": null

2020-02-06 15:07:00 - [TEST_STEP][PASSED] - "URL - Set from the ENVIRONMENT PROFILE ": null

2020-02-06 15:07:00 - [TEST_STEP][PASSED] - openBrowser(URL): Browser is opened with url: 'http://www.dev.checkatrade.com/'

2020-02-06 15:07:00 - [MESSAGE][INFO] - Starting 'Chrome' driver

2020-02-06 15:07:07 - [MESSAGE][PASSED] - Browser is opened with url: 'http://www.dev.checkatrade.com/'

2020-02-06 15:07:07 - [TEST_STEP][PASSED] - maximizeWindow(): Current window maximized

2020-02-06 15:07:11 - [MESSAGE][PASSED] - Current window maximized

2020-02-06 15:07:11 - [TEST_STEP][PASSED] - waitForPageLoad(60): Wait for page load successfully

2020-02-06 15:07:11 - [MESSAGE][PASSED] - Wait for page load successfully

2020-02-06 15:07:11 - [TEST_STEP][PASSED] - "Previous Functionalilty Left Commented For Ease Of reversion": null

2020-02-06 15:07:11 - [TEST_STEP][PASSED] - try: Text 'Cookie Policy' is not present on page

2020-02-06 15:07:11 - [TEST_STEP][PASSED] - verifyElementPresent(findTestObject("Object Repository/Cookies/Page_Checkatrade Find a tradesperson you can trust/button_Accept All"), 5): Object 'Object Repository/Cookies/Page_Checkatrade Find a tradesperson you can trust/button_Accept All' is present

2020-02-06 15:07:12 - [MESSAGE][PASSED] - Object 'Object Repository/Cookies/Page_Checkatrade Find a tradesperson you can trust/button_Accept All' is present

2020-02-06 15:07:12 - [TEST_STEP][PASSED] - click(findTestObject("Object Repository/Cookies/Page_Checkatrade Find a tradesperson you can trust/button_Accept All")): Object: 'Object Repository/Cookies/Page_Checkatrade Find a tradesperson you can trust/button_Accept All' is clicked on

2020-02-06 15:07:12 - [MESSAGE][PASSED] - Object: 'Object Repository/Cookies/Page_Checkatrade Find a tradesperson you can trust/button_Accept All' is clicked on

2020-02-06 15:07:12 - [TEST_STEP][PASSED] - "---------------------------------": null

2020-02-06 15:07:12 - [TEST_STEP][PASSED] - "COOKIE POPOUT REMOVED - Confirmed": null

2020-02-06 15:07:12 - [TEST_STEP][PASSED] - delay(1): Delayed 1 second(s)

2020-02-06 15:07:13 - [MESSAGE][PASSED] - Delayed 1 second(s)

2020-02-06 15:07:13 - [TEST_STEP][PASSED] - verifyTextNotPresent("We use cookies to personalise content and ads, to provide social media features and to analyse our traffic", false): Text 'We use cookies to personalise content and ads, to provide social media features and to analyse our traffic' is not present on page

2020-02-06 15:07:13 - [MESSAGE][PASSED] - Text 'We use cookies to personalise content and ads, to provide social media features and to analyse our traffic' is not present on page

2020-02-06 15:07:13 - [TEST_STEP][PASSED] - verifyTextNotPresent(" We also share information about your use of our site with our social media, advertising and analytics partners", false): Text ' We also share information about your use of our site with our social media, advertising and analytics partners' is not present on page

2020-02-06 15:07:13 - [MESSAGE][PASSED] - Text ' We also share information about your use of our site with our social media, advertising and analytics partners' is not present on page

2020-02-06 15:07:13 - [TEST_STEP][PASSED] - verifyTextNotPresent("Cookie Policy", false): Text 'Cookie Policy' is not present on page

2020-02-06 15:07:13 - [MESSAGE][PASSED] - Text 'Cookie Policy' is not present on page

2020-02-06 15:07:13 - [TEST_STEP][PASSED] - waitForPageLoad(60): Wait for page load successfully

2020-02-06 15:07:13 - [MESSAGE][PASSED] - Wait for page load successfully

2020-02-06 15:07:13 - [TEST_STEP][PASSED] - "COOKIE - ORIGINAL": null

2020-02-06 15:07:13 - [TEST_STEP][PASSED] - if (waitForElementVisible(findTestObject("Object Repository/Feedback/Page_Checkatrade Give your feedback/input_Member_to_Review"), 5)): Web element with id: 'Object Repository/Feedback/Page_Checkatrade Give your feedback/input_Member_to_Review' located by 'By.xpath: //input[@id='feedback-form__company_autocomplete_input']' not found

2020-02-06 15:07:19 - [MESSAGE][INFO] - Unable to find the element located by 'By.xpath: //input[@id='feedback-form__company_autocomplete_input']'. Please recheck the objects properties to make sure the desired element is located. 

2020-02-06 15:07:19 - [MESSAGE][WARNING] - Web element with id: 'Object Repository/Feedback/Page_Checkatrade Give your feedback/input_Member_to_Review' located by 'By.xpath: //input[@id='feedback-form__company_autocomplete_input']' not found

2020-02-06 15:07:19 - [TEST_STEP][PASSED] - else: The <<<OLD>>> Website was detected by the STARTUP Process

2020-02-06 15:07:19 - [TEST_STEP][PASSED] - if (!(verifyElementVisible(findTestObject("Object Repository/Checkatrade_Trade_Search_Page/Page_Checkatrade Find a tradesperson you can trust/input_Search_Button_FF")))): Object 'Object Repository/Checkatrade_Trade_Search_Page/Page_Checkatrade Find a tradesperson you can trust/input_Search_Button_FF' is visible

2020-02-06 15:07:19 - [MESSAGE][PASSED] - Object 'Object Repository/Checkatrade_Trade_Search_Page/Page_Checkatrade Find a tradesperson you can trust/input_Search_Button_FF' is visible

2020-02-06 15:07:19 - [TEST_STEP][PASSED] - else: The <<<OLD>>> Website was detected by the STARTUP Process

2020-02-06 15:07:19 - [TEST_STEP][PASSED] - Website_Version = "old": null

2020-02-06 15:07:19 - [TEST_STEP][PASSED] - logInfo("The <<<OLD>>> Website was detected by the STARTUP Process"): The <<<OLD>>> Website was detected by the STARTUP Process

2020-02-06 15:07:19 - [MESSAGE][INFO] - The <<<OLD>>> Website was detected by the STARTUP Process

2020-02-06 15:07:19 - [MESSAGE][PASSED] - Call Test Case 'Test Cases/Reusable_Test_Sequences/CAT_Setup' successfully

2020-02-06 15:07:19 - [TEST_STEP][PASSED] - callTestCase(findTestCase("Reusable_Test_Sequences/CAT_Home"), [:], CONTINUE_ON_FAILURE): Call Test Case 'Test Cases/Reusable_Test_Sequences/CAT_Home' successfully

2020-02-06 15:07:19 - [TEST_CASE][PASSED] - Test Cases/Reusable_Test_Sequences/CAT_Home: Test Cases/Reusable_Test_Sequences/CAT_Home

2020-02-06 15:07:19 - [TEST_STEP][PASSED] - waitForPageLoad(60): Wait for page load successfully

2020-02-06 15:07:19 - [MESSAGE][PASSED] - Wait for page load successfully

2020-02-06 15:07:19 - [TEST_STEP][PASSED] - delay(2): Delayed 2 second(s)

2020-02-06 15:07:21 - [MESSAGE][PASSED] - Delayed 2 second(s)

2020-02-06 15:07:21 - [TEST_STEP][PASSED] - "------------------------------------": null

2020-02-06 15:07:21 - [TEST_STEP][PASSED] - if (Website_Version == "new"): null

2020-02-06 15:07:21 - [TEST_STEP][PASSED] - else: Text 'Over a million visits to Checkatrade each month' is present on page 

2020-02-06 15:07:21 - [TEST_STEP][PASSED] - verifyTextPresent("Helping you find the right trade or service", false): Text 'Helping you find the right trade or service' is present on page 

2020-02-06 15:07:21 - [MESSAGE][PASSED] - Text 'Helping you find the right trade or service' is present on page 

2020-02-06 15:07:21 - [TEST_STEP][PASSED] - verifyTextPresent("Search through over", false): Text 'Search through over' is present on page 

2020-02-06 15:07:21 - [MESSAGE][PASSED] - Text 'Search through over' is present on page 

2020-02-06 15:07:21 - [TEST_STEP][PASSED] - verifyTextPresent("recommended, vetted and monitored trades and service providers for free.", false): Text 'recommended, vetted and monitored trades and service providers for free.' is present on page 

2020-02-06 15:07:21 - [MESSAGE][PASSED] - Text 'recommended, vetted and monitored trades and service providers for free.' is present on page 

2020-02-06 15:07:21 - [TEST_STEP][PASSED] - verifyTextPresent("reviews published so far – thank you!", false): Text 'reviews published so far – thank you!' is present on page 

2020-02-06 15:07:21 - [MESSAGE][PASSED] - Text 'reviews published so far – thank you!' is present on page 

2020-02-06 15:07:21 - [TEST_STEP][PASSED] - verifyTextPresent("I need a trade or service", false): Text 'I need a trade or service' is present on page 

2020-02-06 15:07:21 - [MESSAGE][PASSED] - Text 'I need a trade or service' is present on page 

2020-02-06 15:07:21 - [TEST_STEP][PASSED] - verifyTextPresent("Every trader thoroughly checked and vetted", false): Text 'Every trader thoroughly checked and vetted' is present on page 

2020-02-06 15:07:21 - [MESSAGE][PASSED] - Text 'Every trader thoroughly checked and vetted' is present on page 

2020-02-06 15:07:21 - [TEST_STEP][PASSED] - "------------------------------------": null

2020-02-06 15:07:21 - [TEST_STEP][PASSED] - verifyTextPresent("reviews published so far – thank you!", false): Text 'reviews published so far – thank you!' is present on page 

2020-02-06 15:07:22 - [MESSAGE][PASSED] - Text 'reviews published so far – thank you!' is present on page 

2020-02-06 15:07:22 - [TEST_STEP][PASSED] - verifyTextPresent("Find out more", false): Text 'Find out more' is present on page 

2020-02-06 15:07:22 - [MESSAGE][PASSED] - Text 'Find out more' is present on page 

2020-02-06 15:07:22 - [TEST_STEP][PASSED] - verifyTextPresent("I am a tradesman", false): Text 'I am a tradesman' is present on page 

2020-02-06 15:07:22 - [MESSAGE][PASSED] - Text 'I am a tradesman' is present on page 

2020-02-06 15:07:22 - [TEST_STEP][PASSED] - verifyTextPresent("Find out more", false): Text 'Find out more' is present on page 

2020-02-06 15:07:22 - [MESSAGE][PASSED] - Text 'Find out more' is present on page 

2020-02-06 15:07:22 - [TEST_STEP][PASSED] - verifyTextPresent("Over a million visits to Checkatrade each month", false): Text 'Over a million visits to Checkatrade each month' is present on page 

2020-02-06 15:07:22 - [MESSAGE][PASSED] - Text 'Over a million visits to Checkatrade each month' is present on page 

2020-02-06 15:07:22 - [MESSAGE][PASSED] - Call Test Case 'Test Cases/Reusable_Test_Sequences/CAT_Home' successfully

2020-02-06 15:07:22 - [TEST_STEP][PASSED] - "---------------------------------------": null

2020-02-06 15:07:22 - [TEST_STEP][PASSED] - " Navigate to Trades->Find out More     |": null

2020-02-06 15:07:22 - [TEST_STEP][PASSED] - scrollToElement(findTestObject("Object Repository/CAT_Footer/Page_Checkatrade Find a tradesperson you can trust/div_Login To Members Area"), 3): Scroll to object 'Object Repository/CAT_Footer/Page_Checkatrade Find a tradesperson you can trust/div_Login To Members Area' successfully

2020-02-06 15:07:22 - [MESSAGE][PASSED] - Scroll to object 'Object Repository/CAT_Footer/Page_Checkatrade Find a tradesperson you can trust/div_Login To Members Area' successfully

2020-02-06 15:07:22 - [TEST_STEP][PASSED] - click(findTestObject("Object Repository/CAT_Footer/Page_Checkatrade Find a tradesperson you can trust/div_Login To Members Area")): Object: 'Object Repository/CAT_Footer/Page_Checkatrade Find a tradesperson you can trust/div_Login To Members Area' is clicked on

2020-02-06 15:07:26 - [MESSAGE][PASSED] - Object: 'Object Repository/CAT_Footer/Page_Checkatrade Find a tradesperson you can trust/div_Login To Members Area' is clicked on

2020-02-06 15:07:26 - [TEST_STEP][PASSED] - "---------------------------------------": null

2020-02-06 15:07:26 - [TEST_STEP][PASSED] - " Verify Returned Page is as Expected   |": null

2020-02-06 15:07:26 - [TEST_STEP][PASSED] - callTestCase(findTestCase("Reusable_Test_Sequences/CAT_Footer/Trades/Login_To_Members_Area_Verification"), [:], CONTINUE_ON_FAILURE): Call Test Case 'Test Cases/Reusable_Test_Sequences/CAT_Footer/Trades/Login_To_Members_Area_Verification' successfully

2020-02-06 15:07:26 - [TEST_CASE][PASSED] - Test Cases/Reusable_Test_Sequences/CAT_Footer/Trades/Login_To_Members_Area_Verification: Test Cases/Reusable_Test_Sequences/CAT_Footer/Trades/Login_To_Members_Area_Verification

2020-02-06 15:07:26 - [TEST_STEP][PASSED] - verifyTextPresent("EXCLUSIVE ACCESS FOR CHECKATRADE MEMBERS ONLY", false): Text 'EXCLUSIVE ACCESS FOR CHECKATRADE MEMBERS ONLY' is present on page 

2020-02-06 15:07:26 - [MESSAGE][PASSED] - Text 'EXCLUSIVE ACCESS FOR CHECKATRADE MEMBERS ONLY' is present on page 

2020-02-06 15:07:26 - [TEST_STEP][PASSED] - verifyTextPresent("Forgotten password?", false): Text 'Forgotten password?' is present on page 

2020-02-06 15:07:26 - [MESSAGE][PASSED] - Text 'Forgotten password?' is present on page 

2020-02-06 15:07:26 - [TEST_STEP][PASSED] - verifyTextPresent("Forgotten username?", false): Text 'Forgotten username?' is present on page 

2020-02-06 15:07:26 - [MESSAGE][PASSED] - Text 'Forgotten username?' is present on page 

2020-02-06 15:07:26 - [TEST_STEP][PASSED] - verifyTextPresent("Trouble logging in? No username and password? Contact Checkatrade Member Services by", false): Text 'Trouble logging in? No username and password? Contact Checkatrade Member Services by' is present on page 

2020-02-06 15:07:26 - [MESSAGE][PASSED] - Text 'Trouble logging in? No username and password? Contact Checkatrade Member Services by' is present on page 

2020-02-06 15:07:26 - [TEST_STEP][PASSED] - verifyTextPresent("membershipadvice@checkatrade.com", false): Text 'membershipadvice@checkatrade.com' is present on page 

2020-02-06 15:07:27 - [MESSAGE][PASSED] - Text 'membershipadvice@checkatrade.com' is present on page 

2020-02-06 15:07:27 - [MESSAGE][PASSED] - Call Test Case 'Test Cases/Reusable_Test_Sequences/CAT_Footer/Trades/Login_To_Members_Area_Verification' successfully

2020-02-06 15:07:27 - [TEST_STEP][PASSED] - "--------------------------": null

2020-02-06 15:07:27 - [TEST_STEP][PASSED] - " Teardown - CLose Browser |": null

2020-02-06 15:07:27 - [TEST_STEP][PASSED] - callTestCase(findTestCase("Reusable_Test_Sequences/CAT_Teardown"), [:], OPTIONAL): Call Test Case 'Test Cases/Reusable_Test_Sequences/CAT_Teardown' successfully

2020-02-06 15:07:27 - [TEST_CASE][PASSED] - Test Cases/Reusable_Test_Sequences/CAT_Teardown: Test Cases/Reusable_Test_Sequences/CAT_Teardown

2020-02-06 15:07:27 - [TEST_STEP][PASSED] - closeBrowser(): Browser is closed

2020-02-06 15:07:27 - [MESSAGE][PASSED] - Browser is closed

2020-02-06 15:07:27 - [MESSAGE][PASSED] - Call Test Case 'Test Cases/Reusable_Test_Sequences/CAT_Teardown' successfully]]></system-out>
         <system-err><![CDATA[]]></system-err>
      </testcase>
      <testcase name="Test Cases/CAT_Footer/Trades/Trade_Advice_Center" time="29.814" classname="Test Cases/CAT_Footer/Trades/Trade_Advice_Center" status="PASSED">
         <system-out><![CDATA[2020-02-06 15:07:27 - [TEST_CASE][PASSED] - Test Cases/CAT_Footer/Trades/Trade_Advice_Center: Test Cases/CAT_Footer/Trades/Trade_Advice_Center

2020-02-06 15:07:28 - [TEST_STEP][PASSED] - callTestCase(findTestCase("Reusable_Test_Sequences/CAT_Setup"), [:], OPTIONAL): Call Test Case 'Test Cases/Reusable_Test_Sequences/CAT_Setup' successfully

2020-02-06 15:07:28 - [TEST_CASE][PASSED] - Test Cases/Reusable_Test_Sequences/CAT_Setup: Test Cases/Reusable_Test_Sequences/CAT_Setup

2020-02-06 15:07:28 - [TEST_STEP][PASSED] - "------------------------------": null

2020-02-06 15:07:28 - [TEST_STEP][PASSED] - " Set Mobile Device Testing    |": null

2020-02-06 15:07:28 - [TEST_STEP][PASSED] - if (Mobile_Flag == "true"): null

2020-02-06 15:07:28 - [TEST_STEP][PASSED] - "------------------------------": null

2020-02-06 15:07:28 - [TEST_STEP][PASSED] - " Set Mobile Device Testing    |": null

2020-02-06 15:07:28 - [TEST_STEP][PASSED] - "------------------------------": null

2020-02-06 15:07:28 - [TEST_STEP][PASSED] - "URL - Set from the ENVIRONMENT PROFILE ": null

2020-02-06 15:07:28 - [TEST_STEP][PASSED] - openBrowser(URL): Browser is opened with url: 'http://www.dev.checkatrade.com/'

2020-02-06 15:07:28 - [MESSAGE][INFO] - Starting 'Chrome' driver

2020-02-06 15:07:35 - [MESSAGE][PASSED] - Browser is opened with url: 'http://www.dev.checkatrade.com/'

2020-02-06 15:07:35 - [TEST_STEP][PASSED] - maximizeWindow(): Current window maximized

2020-02-06 15:07:40 - [MESSAGE][PASSED] - Current window maximized

2020-02-06 15:07:40 - [TEST_STEP][PASSED] - waitForPageLoad(60): Wait for page load successfully

2020-02-06 15:07:40 - [MESSAGE][PASSED] - Wait for page load successfully

2020-02-06 15:07:40 - [TEST_STEP][PASSED] - "Previous Functionalilty Left Commented For Ease Of reversion": null

2020-02-06 15:07:40 - [TEST_STEP][PASSED] - try: Text 'Cookie Policy' is not present on page

2020-02-06 15:07:40 - [TEST_STEP][PASSED] - verifyElementPresent(findTestObject("Object Repository/Cookies/Page_Checkatrade Find a tradesperson you can trust/button_Accept All"), 5): Object 'Object Repository/Cookies/Page_Checkatrade Find a tradesperson you can trust/button_Accept All' is present

2020-02-06 15:07:40 - [MESSAGE][PASSED] - Object 'Object Repository/Cookies/Page_Checkatrade Find a tradesperson you can trust/button_Accept All' is present

2020-02-06 15:07:40 - [TEST_STEP][PASSED] - click(findTestObject("Object Repository/Cookies/Page_Checkatrade Find a tradesperson you can trust/button_Accept All")): Object: 'Object Repository/Cookies/Page_Checkatrade Find a tradesperson you can trust/button_Accept All' is clicked on

2020-02-06 15:07:40 - [MESSAGE][PASSED] - Object: 'Object Repository/Cookies/Page_Checkatrade Find a tradesperson you can trust/button_Accept All' is clicked on

2020-02-06 15:07:40 - [TEST_STEP][PASSED] - "---------------------------------": null

2020-02-06 15:07:40 - [TEST_STEP][PASSED] - "COOKIE POPOUT REMOVED - Confirmed": null

2020-02-06 15:07:40 - [TEST_STEP][PASSED] - delay(1): Delayed 1 second(s)

2020-02-06 15:07:41 - [MESSAGE][PASSED] - Delayed 1 second(s)

2020-02-06 15:07:41 - [TEST_STEP][PASSED] - verifyTextNotPresent("We use cookies to personalise content and ads, to provide social media features and to analyse our traffic", false): Text 'We use cookies to personalise content and ads, to provide social media features and to analyse our traffic' is not present on page

2020-02-06 15:07:41 - [MESSAGE][PASSED] - Text 'We use cookies to personalise content and ads, to provide social media features and to analyse our traffic' is not present on page

2020-02-06 15:07:41 - [TEST_STEP][PASSED] - verifyTextNotPresent(" We also share information about your use of our site with our social media, advertising and analytics partners", false): Text ' We also share information about your use of our site with our social media, advertising and analytics partners' is not present on page

2020-02-06 15:07:41 - [MESSAGE][PASSED] - Text ' We also share information about your use of our site with our social media, advertising and analytics partners' is not present on page

2020-02-06 15:07:41 - [TEST_STEP][PASSED] - verifyTextNotPresent("Cookie Policy", false): Text 'Cookie Policy' is not present on page

2020-02-06 15:07:41 - [MESSAGE][PASSED] - Text 'Cookie Policy' is not present on page

2020-02-06 15:07:41 - [TEST_STEP][PASSED] - waitForPageLoad(60): Wait for page load successfully

2020-02-06 15:07:41 - [MESSAGE][PASSED] - Wait for page load successfully

2020-02-06 15:07:41 - [TEST_STEP][PASSED] - "COOKIE - ORIGINAL": null

2020-02-06 15:07:41 - [TEST_STEP][PASSED] - if (waitForElementVisible(findTestObject("Object Repository/Feedback/Page_Checkatrade Give your feedback/input_Member_to_Review"), 5)): Web element with id: 'Object Repository/Feedback/Page_Checkatrade Give your feedback/input_Member_to_Review' located by 'By.xpath: //input[@id='feedback-form__company_autocomplete_input']' not found

2020-02-06 15:07:47 - [MESSAGE][INFO] - Unable to find the element located by 'By.xpath: //input[@id='feedback-form__company_autocomplete_input']'. Please recheck the objects properties to make sure the desired element is located. 

2020-02-06 15:07:47 - [MESSAGE][WARNING] - Web element with id: 'Object Repository/Feedback/Page_Checkatrade Give your feedback/input_Member_to_Review' located by 'By.xpath: //input[@id='feedback-form__company_autocomplete_input']' not found

2020-02-06 15:07:47 - [TEST_STEP][PASSED] - else: The <<<OLD>>> Website was detected by the STARTUP Process

2020-02-06 15:07:47 - [TEST_STEP][PASSED] - if (!(verifyElementVisible(findTestObject("Object Repository/Checkatrade_Trade_Search_Page/Page_Checkatrade Find a tradesperson you can trust/input_Search_Button_FF")))): Object 'Object Repository/Checkatrade_Trade_Search_Page/Page_Checkatrade Find a tradesperson you can trust/input_Search_Button_FF' is visible

2020-02-06 15:07:47 - [MESSAGE][PASSED] - Object 'Object Repository/Checkatrade_Trade_Search_Page/Page_Checkatrade Find a tradesperson you can trust/input_Search_Button_FF' is visible

2020-02-06 15:07:47 - [TEST_STEP][PASSED] - else: The <<<OLD>>> Website was detected by the STARTUP Process

2020-02-06 15:07:47 - [TEST_STEP][PASSED] - Website_Version = "old": null

2020-02-06 15:07:47 - [TEST_STEP][PASSED] - logInfo("The <<<OLD>>> Website was detected by the STARTUP Process"): The <<<OLD>>> Website was detected by the STARTUP Process

2020-02-06 15:07:47 - [MESSAGE][INFO] - The <<<OLD>>> Website was detected by the STARTUP Process

2020-02-06 15:07:47 - [MESSAGE][PASSED] - Call Test Case 'Test Cases/Reusable_Test_Sequences/CAT_Setup' successfully

2020-02-06 15:07:47 - [TEST_STEP][PASSED] - callTestCase(findTestCase("Reusable_Test_Sequences/CAT_Home"), [:], CONTINUE_ON_FAILURE): Call Test Case 'Test Cases/Reusable_Test_Sequences/CAT_Home' successfully

2020-02-06 15:07:47 - [TEST_CASE][PASSED] - Test Cases/Reusable_Test_Sequences/CAT_Home: Test Cases/Reusable_Test_Sequences/CAT_Home

2020-02-06 15:07:47 - [TEST_STEP][PASSED] - waitForPageLoad(60): Wait for page load successfully

2020-02-06 15:07:47 - [MESSAGE][PASSED] - Wait for page load successfully

2020-02-06 15:07:47 - [TEST_STEP][PASSED] - delay(2): Delayed 2 second(s)

2020-02-06 15:07:49 - [MESSAGE][PASSED] - Delayed 2 second(s)

2020-02-06 15:07:49 - [TEST_STEP][PASSED] - "------------------------------------": null

2020-02-06 15:07:49 - [TEST_STEP][PASSED] - if (Website_Version == "new"): null

2020-02-06 15:07:49 - [TEST_STEP][PASSED] - else: Text 'Over a million visits to Checkatrade each month' is present on page 

2020-02-06 15:07:49 - [TEST_STEP][PASSED] - verifyTextPresent("Helping you find the right trade or service", false): Text 'Helping you find the right trade or service' is present on page 

2020-02-06 15:07:49 - [MESSAGE][PASSED] - Text 'Helping you find the right trade or service' is present on page 

2020-02-06 15:07:49 - [TEST_STEP][PASSED] - verifyTextPresent("Search through over", false): Text 'Search through over' is present on page 

2020-02-06 15:07:49 - [MESSAGE][PASSED] - Text 'Search through over' is present on page 

2020-02-06 15:07:49 - [TEST_STEP][PASSED] - verifyTextPresent("recommended, vetted and monitored trades and service providers for free.", false): Text 'recommended, vetted and monitored trades and service providers for free.' is present on page 

2020-02-06 15:07:49 - [MESSAGE][PASSED] - Text 'recommended, vetted and monitored trades and service providers for free.' is present on page 

2020-02-06 15:07:49 - [TEST_STEP][PASSED] - verifyTextPresent("reviews published so far – thank you!", false): Text 'reviews published so far – thank you!' is present on page 

2020-02-06 15:07:49 - [MESSAGE][PASSED] - Text 'reviews published so far – thank you!' is present on page 

2020-02-06 15:07:49 - [TEST_STEP][PASSED] - verifyTextPresent("I need a trade or service", false): Text 'I need a trade or service' is present on page 

2020-02-06 15:07:49 - [MESSAGE][PASSED] - Text 'I need a trade or service' is present on page 

2020-02-06 15:07:49 - [TEST_STEP][PASSED] - verifyTextPresent("Every trader thoroughly checked and vetted", false): Text 'Every trader thoroughly checked and vetted' is present on page 

2020-02-06 15:07:50 - [MESSAGE][PASSED] - Text 'Every trader thoroughly checked and vetted' is present on page 

2020-02-06 15:07:50 - [TEST_STEP][PASSED] - "------------------------------------": null

2020-02-06 15:07:50 - [TEST_STEP][PASSED] - verifyTextPresent("reviews published so far – thank you!", false): Text 'reviews published so far – thank you!' is present on page 

2020-02-06 15:07:50 - [MESSAGE][PASSED] - Text 'reviews published so far – thank you!' is present on page 

2020-02-06 15:07:50 - [TEST_STEP][PASSED] - verifyTextPresent("Find out more", false): Text 'Find out more' is present on page 

2020-02-06 15:07:50 - [MESSAGE][PASSED] - Text 'Find out more' is present on page 

2020-02-06 15:07:50 - [TEST_STEP][PASSED] - verifyTextPresent("I am a tradesman", false): Text 'I am a tradesman' is present on page 

2020-02-06 15:07:50 - [MESSAGE][PASSED] - Text 'I am a tradesman' is present on page 

2020-02-06 15:07:50 - [TEST_STEP][PASSED] - verifyTextPresent("Find out more", false): Text 'Find out more' is present on page 

2020-02-06 15:07:50 - [MESSAGE][PASSED] - Text 'Find out more' is present on page 

2020-02-06 15:07:50 - [TEST_STEP][PASSED] - verifyTextPresent("Over a million visits to Checkatrade each month", false): Text 'Over a million visits to Checkatrade each month' is present on page 

2020-02-06 15:07:50 - [MESSAGE][PASSED] - Text 'Over a million visits to Checkatrade each month' is present on page 

2020-02-06 15:07:50 - [MESSAGE][PASSED] - Call Test Case 'Test Cases/Reusable_Test_Sequences/CAT_Home' successfully

2020-02-06 15:07:50 - [TEST_STEP][PASSED] - "---------------------------------------": null

2020-02-06 15:07:50 - [TEST_STEP][PASSED] - " Navigate to Trades->Find out More     |": null

2020-02-06 15:07:50 - [TEST_STEP][PASSED] - scrollToElement(findTestObject("Object Repository/CAT_Footer/Page_Checkatrade Find a tradesperson you can trust/div_Trade Advice Center"), 3): Scroll to object 'Object Repository/CAT_Footer/Page_Checkatrade Find a tradesperson you can trust/div_Trade Advice Center' successfully

2020-02-06 15:07:50 - [MESSAGE][PASSED] - Scroll to object 'Object Repository/CAT_Footer/Page_Checkatrade Find a tradesperson you can trust/div_Trade Advice Center' successfully

2020-02-06 15:07:50 - [TEST_STEP][PASSED] - click(findTestObject("Object Repository/CAT_Footer/Page_Checkatrade Find a tradesperson you can trust/div_Trade Advice Center")): Object: 'Object Repository/CAT_Footer/Page_Checkatrade Find a tradesperson you can trust/div_Trade Advice Center' is clicked on

2020-02-06 15:07:52 - [MESSAGE][PASSED] - Object: 'Object Repository/CAT_Footer/Page_Checkatrade Find a tradesperson you can trust/div_Trade Advice Center' is clicked on

2020-02-06 15:07:52 - [TEST_STEP][PASSED] - "---------------------------------------": null

2020-02-06 15:07:52 - [TEST_STEP][PASSED] - " Verify Returned Page is as Expected   |": null

2020-02-06 15:07:52 - [TEST_STEP][PASSED] - callTestCase(findTestCase("Reusable_Test_Sequences/CAT_Footer/Trades/Trade_Advice_Center_Verification"), [:], CONTINUE_ON_FAILURE): Call Test Case 'Test Cases/Reusable_Test_Sequences/CAT_Footer/Trades/Trade_Advice_Center_Verification' successfully

2020-02-06 15:07:52 - [TEST_CASE][PASSED] - Test Cases/Reusable_Test_Sequences/CAT_Footer/Trades/Trade_Advice_Center_Verification: Test Cases/Reusable_Test_Sequences/CAT_Footer/Trades/Trade_Advice_Center_Verification

2020-02-06 15:07:53 - [TEST_STEP][PASSED] - delay(1): Delayed 1 second(s)

2020-02-06 15:07:54 - [MESSAGE][PASSED] - Delayed 1 second(s)

2020-02-06 15:07:54 - [TEST_STEP][PASSED] - waitForPageLoad(60): Wait for page load successfully

2020-02-06 15:07:54 - [MESSAGE][PASSED] - Wait for page load successfully

2020-02-06 15:07:54 - [TEST_STEP][PASSED] - waitForElementClickable(findTestObject("Object Repository/CAT_Footer/Advice_Center/Search_Button"), 60): Object 'Object Repository/CAT_Footer/Advice_Center/Search_Button' is clickable

2020-02-06 15:07:54 - [MESSAGE][PASSED] - Object 'Object Repository/CAT_Footer/Advice_Center/Search_Button' is clickable

2020-02-06 15:07:54 - [TEST_STEP][PASSED] - "----------------------------------------------": null

2020-02-06 15:07:54 - [TEST_STEP][PASSED] - "DEFAULT TAB - None - 1 Page Returned          |": null

2020-02-06 15:07:54 - [TEST_STEP][PASSED] - "----------------------------------------------": null

2020-02-06 15:07:54 - [TEST_STEP][PASSED] - "----------------------------------------------": null

2020-02-06 15:07:54 - [TEST_STEP][PASSED] - "----------------------------------------------": null

2020-02-06 15:07:54 - [TEST_STEP][PASSED] - verifyTextPresent("Welcome to the", false): Text 'Welcome to the' is present on page 

2020-02-06 15:07:54 - [MESSAGE][PASSED] - Text 'Welcome to the' is present on page 

2020-02-06 15:07:54 - [TEST_STEP][PASSED] - verifyTextPresent("Trade Advice Centre", false): Text 'Trade Advice Centre' is present on page 

2020-02-06 15:07:54 - [MESSAGE][PASSED] - Text 'Trade Advice Centre' is present on page 

2020-02-06 15:07:54 - [TEST_STEP][PASSED] - "----------------------------------------------": null

2020-02-06 15:07:54 - [TEST_STEP][PASSED] - verifyTextPresent("Homeowner", false): Text 'Homeowner' is present on page 

2020-02-06 15:07:54 - [MESSAGE][PASSED] - Text 'Homeowner' is present on page 

2020-02-06 15:07:54 - [TEST_STEP][PASSED] - verifyTextPresent("Trade", false): Text 'Trade' is present on page 

2020-02-06 15:07:54 - [MESSAGE][PASSED] - Text 'Trade' is present on page 

2020-02-06 15:07:54 - [TEST_STEP][PASSED] - verifyTextPresent("All", false): Text 'All' is present on page 

2020-02-06 15:07:55 - [MESSAGE][PASSED] - Text 'All' is present on page 

2020-02-06 15:07:55 - [TEST_STEP][PASSED] - "----------------------------------------------": null

2020-02-06 15:07:55 - [TEST_STEP][PASSED] - verifyTextPresent("Tradesperson advice to help grow your business", false): Text 'Tradesperson advice to help grow your business' is present on page 

2020-02-06 15:07:55 - [MESSAGE][PASSED] - Text 'Tradesperson advice to help grow your business' is present on page 

2020-02-06 15:07:55 - [TEST_STEP][PASSED] - verifyTextPresent("Tips for building your online trader reputation", false): Text 'Tips for building your online trader reputation' is present on page 

2020-02-06 15:07:55 - [MESSAGE][PASSED] - Text 'Tips for building your online trader reputation' is present on page 

2020-02-06 15:07:55 - [TEST_STEP][PASSED] - scrollToPosition(1000, 1000): Browser is scrolled to position x = 1000, y = 1000

2020-02-06 15:07:55 - [MESSAGE][PASSED] - Browser is scrolled to position x = 1000, y = 1000

2020-02-06 15:07:55 - [TEST_STEP][PASSED] - waitForPageLoad(10): Wait for page load successfully

2020-02-06 15:07:55 - [MESSAGE][PASSED] - Wait for page load successfully

2020-02-06 15:07:55 - [TEST_STEP][PASSED] - "Page Mid": null

2020-02-06 15:07:55 - [TEST_STEP][PASSED] - verifyTextPresent("Continue reading", false): Text 'Continue reading' is present on page 

2020-02-06 15:07:55 - [MESSAGE][PASSED] - Text 'Continue reading' is present on page 

2020-02-06 15:07:55 - [TEST_STEP][PASSED] - verifyTextPresent("Featured Topics", false): Text 'Featured Topics' is present on page 

2020-02-06 15:07:55 - [MESSAGE][PASSED] - Text 'Featured Topics' is present on page 

2020-02-06 15:07:55 - [TEST_STEP][PASSED] - verifyTextPresent("News", false): Text 'News' is present on page 

2020-02-06 15:07:55 - [MESSAGE][PASSED] - Text 'News' is present on page 

2020-02-06 15:07:55 - [TEST_STEP][PASSED] - verifyTextPresent("Events", false): Text 'Events' is present on page 

2020-02-06 15:07:56 - [MESSAGE][PASSED] - Text 'Events' is present on page 

2020-02-06 15:07:56 - [TEST_STEP][PASSED] - "----------------------------------------------": null

2020-02-06 15:07:56 - [TEST_STEP][PASSED] - "Sync": null

2020-02-06 15:07:56 - [TEST_STEP][PASSED] - "----------------------------------------------": null

2020-02-06 15:07:56 - [TEST_STEP][PASSED] - scrollToPosition(5000, 5000): Browser is scrolled to position x = 5000, y = 5000

2020-02-06 15:07:56 - [MESSAGE][PASSED] - Browser is scrolled to position x = 5000, y = 5000

2020-02-06 15:07:56 - [TEST_STEP][PASSED] - waitForPageLoad(10): Wait for page load successfully

2020-02-06 15:07:56 - [MESSAGE][PASSED] - Wait for page load successfully

2020-02-06 15:07:56 - [TEST_STEP][PASSED] - "Footer": null

2020-02-06 15:07:56 - [TEST_STEP][PASSED] - verifyTextPresent("View Article", false): Text 'View Article' is present on page 

2020-02-06 15:07:56 - [MESSAGE][PASSED] - Text 'View Article' is present on page 

2020-02-06 15:07:56 - [TEST_STEP][PASSED] - verifyTextPresent("Load more", false): Text 'Load more' is present on page 

2020-02-06 15:07:56 - [MESSAGE][PASSED] - Text 'Load more' is present on page 

2020-02-06 15:07:56 - [TEST_STEP][PASSED] - "----------------------------------------------": null

2020-02-06 15:07:56 - [TEST_STEP][PASSED] - verifyTextPresent("We use cookies to help make this website better", false): Text 'We use cookies to help make this website better' is present on page 

2020-02-06 15:07:56 - [MESSAGE][PASSED] - Text 'We use cookies to help make this website better' is present on page 

2020-02-06 15:07:56 - [MESSAGE][PASSED] - Call Test Case 'Test Cases/Reusable_Test_Sequences/CAT_Footer/Trades/Trade_Advice_Center_Verification' successfully

2020-02-06 15:07:56 - [TEST_STEP][PASSED] - "--------------------------": null

2020-02-06 15:07:56 - [TEST_STEP][PASSED] - " Teardown - CLose Browser |": null

2020-02-06 15:07:56 - [TEST_STEP][PASSED] - callTestCase(findTestCase("Reusable_Test_Sequences/CAT_Teardown"), [:], OPTIONAL): Call Test Case 'Test Cases/Reusable_Test_Sequences/CAT_Teardown' successfully

2020-02-06 15:07:56 - [TEST_CASE][PASSED] - Test Cases/Reusable_Test_Sequences/CAT_Teardown: Test Cases/Reusable_Test_Sequences/CAT_Teardown

2020-02-06 15:07:56 - [TEST_STEP][PASSED] - closeBrowser(): Browser is closed

2020-02-06 15:07:57 - [MESSAGE][PASSED] - Browser is closed

2020-02-06 15:07:57 - [MESSAGE][PASSED] - Call Test Case 'Test Cases/Reusable_Test_Sequences/CAT_Teardown' successfully]]></system-out>
         <system-err><![CDATA[]]></system-err>
      </testcase>
      <testcase name="Test Cases/CAT_Footer/Company/Brand_Use" time="30.991" classname="Test Cases/CAT_Footer/Company/Brand_Use" status="PASSED">
         <system-out><![CDATA[2020-02-06 15:07:57 - [TEST_CASE][PASSED] - Test Cases/CAT_Footer/Company/Brand_Use: Test Cases/CAT_Footer/Company/Brand_Use

2020-02-06 15:07:58 - [TEST_STEP][PASSED] - callTestCase(findTestCase("Reusable_Test_Sequences/CAT_Setup"), [:], OPTIONAL): Call Test Case 'Test Cases/Reusable_Test_Sequences/CAT_Setup' successfully

2020-02-06 15:07:58 - [TEST_CASE][PASSED] - Test Cases/Reusable_Test_Sequences/CAT_Setup: Test Cases/Reusable_Test_Sequences/CAT_Setup

2020-02-06 15:07:58 - [TEST_STEP][PASSED] - "------------------------------": null

2020-02-06 15:07:58 - [TEST_STEP][PASSED] - " Set Mobile Device Testing    |": null

2020-02-06 15:07:58 - [TEST_STEP][PASSED] - if (Mobile_Flag == "true"): null

2020-02-06 15:07:58 - [TEST_STEP][PASSED] - "------------------------------": null

2020-02-06 15:07:58 - [TEST_STEP][PASSED] - " Set Mobile Device Testing    |": null

2020-02-06 15:07:58 - [TEST_STEP][PASSED] - "------------------------------": null

2020-02-06 15:07:58 - [TEST_STEP][PASSED] - "URL - Set from the ENVIRONMENT PROFILE ": null

2020-02-06 15:07:58 - [TEST_STEP][PASSED] - openBrowser(URL): Browser is opened with url: 'http://www.dev.checkatrade.com/'

2020-02-06 15:07:58 - [MESSAGE][INFO] - Starting 'Chrome' driver

2020-02-06 15:08:05 - [MESSAGE][PASSED] - Browser is opened with url: 'http://www.dev.checkatrade.com/'

2020-02-06 15:08:05 - [TEST_STEP][PASSED] - maximizeWindow(): Current window maximized

2020-02-06 15:08:09 - [MESSAGE][PASSED] - Current window maximized

2020-02-06 15:08:09 - [TEST_STEP][PASSED] - waitForPageLoad(60): Wait for page load successfully

2020-02-06 15:08:09 - [MESSAGE][PASSED] - Wait for page load successfully

2020-02-06 15:08:09 - [TEST_STEP][PASSED] - "Previous Functionalilty Left Commented For Ease Of reversion": null

2020-02-06 15:08:09 - [TEST_STEP][PASSED] - try: Text 'Cookie Policy' is not present on page

2020-02-06 15:08:09 - [TEST_STEP][PASSED] - verifyElementPresent(findTestObject("Object Repository/Cookies/Page_Checkatrade Find a tradesperson you can trust/button_Accept All"), 5): Object 'Object Repository/Cookies/Page_Checkatrade Find a tradesperson you can trust/button_Accept All' is present

2020-02-06 15:08:09 - [MESSAGE][PASSED] - Object 'Object Repository/Cookies/Page_Checkatrade Find a tradesperson you can trust/button_Accept All' is present

2020-02-06 15:08:09 - [TEST_STEP][PASSED] - click(findTestObject("Object Repository/Cookies/Page_Checkatrade Find a tradesperson you can trust/button_Accept All")): Object: 'Object Repository/Cookies/Page_Checkatrade Find a tradesperson you can trust/button_Accept All' is clicked on

2020-02-06 15:08:10 - [MESSAGE][PASSED] - Object: 'Object Repository/Cookies/Page_Checkatrade Find a tradesperson you can trust/button_Accept All' is clicked on

2020-02-06 15:08:10 - [TEST_STEP][PASSED] - "---------------------------------": null

2020-02-06 15:08:10 - [TEST_STEP][PASSED] - "COOKIE POPOUT REMOVED - Confirmed": null

2020-02-06 15:08:10 - [TEST_STEP][PASSED] - delay(1): Delayed 1 second(s)

2020-02-06 15:08:11 - [MESSAGE][PASSED] - Delayed 1 second(s)

2020-02-06 15:08:11 - [TEST_STEP][PASSED] - verifyTextNotPresent("We use cookies to personalise content and ads, to provide social media features and to analyse our traffic", false): Text 'We use cookies to personalise content and ads, to provide social media features and to analyse our traffic' is not present on page

2020-02-06 15:08:11 - [MESSAGE][PASSED] - Text 'We use cookies to personalise content and ads, to provide social media features and to analyse our traffic' is not present on page

2020-02-06 15:08:11 - [TEST_STEP][PASSED] - verifyTextNotPresent(" We also share information about your use of our site with our social media, advertising and analytics partners", false): Text ' We also share information about your use of our site with our social media, advertising and analytics partners' is not present on page

2020-02-06 15:08:11 - [MESSAGE][PASSED] - Text ' We also share information about your use of our site with our social media, advertising and analytics partners' is not present on page

2020-02-06 15:08:11 - [TEST_STEP][PASSED] - verifyTextNotPresent("Cookie Policy", false): Text 'Cookie Policy' is not present on page

2020-02-06 15:08:11 - [MESSAGE][PASSED] - Text 'Cookie Policy' is not present on page

2020-02-06 15:08:11 - [TEST_STEP][PASSED] - waitForPageLoad(60): Wait for page load successfully

2020-02-06 15:08:11 - [MESSAGE][PASSED] - Wait for page load successfully

2020-02-06 15:08:11 - [TEST_STEP][PASSED] - "COOKIE - ORIGINAL": null

2020-02-06 15:08:11 - [TEST_STEP][PASSED] - if (waitForElementVisible(findTestObject("Object Repository/Feedback/Page_Checkatrade Give your feedback/input_Member_to_Review"), 5)): Web element with id: 'Object Repository/Feedback/Page_Checkatrade Give your feedback/input_Member_to_Review' located by 'By.xpath: //input[@id='feedback-form__company_autocomplete_input']' not found

2020-02-06 15:08:16 - [MESSAGE][INFO] - Unable to find the element located by 'By.xpath: //input[@id='feedback-form__company_autocomplete_input']'. Please recheck the objects properties to make sure the desired element is located. 

2020-02-06 15:08:16 - [MESSAGE][WARNING] - Web element with id: 'Object Repository/Feedback/Page_Checkatrade Give your feedback/input_Member_to_Review' located by 'By.xpath: //input[@id='feedback-form__company_autocomplete_input']' not found

2020-02-06 15:08:16 - [TEST_STEP][PASSED] - else: The <<<OLD>>> Website was detected by the STARTUP Process

2020-02-06 15:08:16 - [TEST_STEP][PASSED] - if (!(verifyElementVisible(findTestObject("Object Repository/Checkatrade_Trade_Search_Page/Page_Checkatrade Find a tradesperson you can trust/input_Search_Button_FF")))): Object 'Object Repository/Checkatrade_Trade_Search_Page/Page_Checkatrade Find a tradesperson you can trust/input_Search_Button_FF' is visible

2020-02-06 15:08:17 - [MESSAGE][PASSED] - Object 'Object Repository/Checkatrade_Trade_Search_Page/Page_Checkatrade Find a tradesperson you can trust/input_Search_Button_FF' is visible

2020-02-06 15:08:17 - [TEST_STEP][PASSED] - else: The <<<OLD>>> Website was detected by the STARTUP Process

2020-02-06 15:08:17 - [TEST_STEP][PASSED] - Website_Version = "old": null

2020-02-06 15:08:17 - [TEST_STEP][PASSED] - logInfo("The <<<OLD>>> Website was detected by the STARTUP Process"): The <<<OLD>>> Website was detected by the STARTUP Process

2020-02-06 15:08:17 - [MESSAGE][INFO] - The <<<OLD>>> Website was detected by the STARTUP Process

2020-02-06 15:08:17 - [MESSAGE][PASSED] - Call Test Case 'Test Cases/Reusable_Test_Sequences/CAT_Setup' successfully

2020-02-06 15:08:17 - [TEST_STEP][PASSED] - callTestCase(findTestCase("Reusable_Test_Sequences/CAT_Home"), [:], CONTINUE_ON_FAILURE): Call Test Case 'Test Cases/Reusable_Test_Sequences/CAT_Home' successfully

2020-02-06 15:08:17 - [TEST_CASE][PASSED] - Test Cases/Reusable_Test_Sequences/CAT_Home: Test Cases/Reusable_Test_Sequences/CAT_Home

2020-02-06 15:08:17 - [TEST_STEP][PASSED] - waitForPageLoad(60): Wait for page load successfully

2020-02-06 15:08:17 - [MESSAGE][PASSED] - Wait for page load successfully

2020-02-06 15:08:17 - [TEST_STEP][PASSED] - delay(2): Delayed 2 second(s)

2020-02-06 15:08:19 - [MESSAGE][PASSED] - Delayed 2 second(s)

2020-02-06 15:08:19 - [TEST_STEP][PASSED] - "------------------------------------": null

2020-02-06 15:08:19 - [TEST_STEP][PASSED] - if (Website_Version == "new"): null

2020-02-06 15:08:19 - [TEST_STEP][PASSED] - else: Text 'Over a million visits to Checkatrade each month' is present on page 

2020-02-06 15:08:19 - [TEST_STEP][PASSED] - verifyTextPresent("Helping you find the right trade or service", false): Text 'Helping you find the right trade or service' is present on page 

2020-02-06 15:08:19 - [MESSAGE][PASSED] - Text 'Helping you find the right trade or service' is present on page 

2020-02-06 15:08:19 - [TEST_STEP][PASSED] - verifyTextPresent("Search through over", false): Text 'Search through over' is present on page 

2020-02-06 15:08:19 - [MESSAGE][PASSED] - Text 'Search through over' is present on page 

2020-02-06 15:08:19 - [TEST_STEP][PASSED] - verifyTextPresent("recommended, vetted and monitored trades and service providers for free.", false): Text 'recommended, vetted and monitored trades and service providers for free.' is present on page 

2020-02-06 15:08:19 - [MESSAGE][PASSED] - Text 'recommended, vetted and monitored trades and service providers for free.' is present on page 

2020-02-06 15:08:19 - [TEST_STEP][PASSED] - verifyTextPresent("reviews published so far – thank you!", false): Text 'reviews published so far – thank you!' is present on page 

2020-02-06 15:08:19 - [MESSAGE][PASSED] - Text 'reviews published so far – thank you!' is present on page 

2020-02-06 15:08:19 - [TEST_STEP][PASSED] - verifyTextPresent("I need a trade or service", false): Text 'I need a trade or service' is present on page 

2020-02-06 15:08:19 - [MESSAGE][PASSED] - Text 'I need a trade or service' is present on page 

2020-02-06 15:08:19 - [TEST_STEP][PASSED] - verifyTextPresent("Every trader thoroughly checked and vetted", false): Text 'Every trader thoroughly checked and vetted' is present on page 

2020-02-06 15:08:19 - [MESSAGE][PASSED] - Text 'Every trader thoroughly checked and vetted' is present on page 

2020-02-06 15:08:19 - [TEST_STEP][PASSED] - "------------------------------------": null

2020-02-06 15:08:19 - [TEST_STEP][PASSED] - verifyTextPresent("reviews published so far – thank you!", false): Text 'reviews published so far – thank you!' is present on page 

2020-02-06 15:08:19 - [MESSAGE][PASSED] - Text 'reviews published so far – thank you!' is present on page 

2020-02-06 15:08:19 - [TEST_STEP][PASSED] - verifyTextPresent("Find out more", false): Text 'Find out more' is present on page 

2020-02-06 15:08:19 - [MESSAGE][PASSED] - Text 'Find out more' is present on page 

2020-02-06 15:08:19 - [TEST_STEP][PASSED] - verifyTextPresent("I am a tradesman", false): Text 'I am a tradesman' is present on page 

2020-02-06 15:08:19 - [MESSAGE][PASSED] - Text 'I am a tradesman' is present on page 

2020-02-06 15:08:19 - [TEST_STEP][PASSED] - verifyTextPresent("Find out more", false): Text 'Find out more' is present on page 

2020-02-06 15:08:20 - [MESSAGE][PASSED] - Text 'Find out more' is present on page 

2020-02-06 15:08:20 - [TEST_STEP][PASSED] - verifyTextPresent("Over a million visits to Checkatrade each month", false): Text 'Over a million visits to Checkatrade each month' is present on page 

2020-02-06 15:08:20 - [MESSAGE][PASSED] - Text 'Over a million visits to Checkatrade each month' is present on page 

2020-02-06 15:08:20 - [MESSAGE][PASSED] - Call Test Case 'Test Cases/Reusable_Test_Sequences/CAT_Home' successfully

2020-02-06 15:08:20 - [TEST_STEP][PASSED] - "---------------------------------------": null

2020-02-06 15:08:20 - [TEST_STEP][PASSED] - " Navigate to Company->Brand Use        |": null

2020-02-06 15:08:20 - [TEST_STEP][PASSED] - scrollToElement(findTestObject("Object Repository/CAT_Footer/Page_Checkatrade Find a tradesperson you can trust/div_Brand Use"), 3): Scroll to object 'Object Repository/CAT_Footer/Page_Checkatrade Find a tradesperson you can trust/div_Brand Use' successfully

2020-02-06 15:08:20 - [MESSAGE][PASSED] - Scroll to object 'Object Repository/CAT_Footer/Page_Checkatrade Find a tradesperson you can trust/div_Brand Use' successfully

2020-02-06 15:08:20 - [TEST_STEP][PASSED] - click(findTestObject("Object Repository/CAT_Footer/Page_Checkatrade Find a tradesperson you can trust/div_Brand Use")): Object: 'Object Repository/CAT_Footer/Page_Checkatrade Find a tradesperson you can trust/div_Brand Use' is clicked on

2020-02-06 15:08:21 - [MESSAGE][PASSED] - Object: 'Object Repository/CAT_Footer/Page_Checkatrade Find a tradesperson you can trust/div_Brand Use' is clicked on

2020-02-06 15:08:21 - [TEST_STEP][PASSED] - "---------------------------------------": null

2020-02-06 15:08:21 - [TEST_STEP][PASSED] - " Verify Returned Page is as Expected   |": null

2020-02-06 15:08:21 - [TEST_STEP][PASSED] - callTestCase(findTestCase("Reusable_Test_Sequences/CAT_Footer/Company/Brand_Use_Verification"), [:], CONTINUE_ON_FAILURE): Call Test Case 'Test Cases/Reusable_Test_Sequences/CAT_Footer/Company/Brand_Use_Verification' successfully

2020-02-06 15:08:21 - [TEST_CASE][PASSED] - Test Cases/Reusable_Test_Sequences/CAT_Footer/Company/Brand_Use_Verification: Test Cases/Reusable_Test_Sequences/CAT_Footer/Company/Brand_Use_Verification

2020-02-06 15:08:22 - [TEST_STEP][PASSED] - delay(1): Delayed 1 second(s)

2020-02-06 15:08:23 - [MESSAGE][PASSED] - Delayed 1 second(s)

2020-02-06 15:08:23 - [TEST_STEP][PASSED] - waitForPageLoad(60): Wait for page load successfully

2020-02-06 15:08:23 - [MESSAGE][PASSED] - Wait for page load successfully

2020-02-06 15:08:23 - [TEST_STEP][PASSED] - "Only When Needed": null

2020-02-06 15:08:23 - [TEST_STEP][PASSED] - "----------------------------------------------": null

2020-02-06 15:08:23 - [TEST_STEP][PASSED] - "DEFAULT TAB - None - 1 Page Returned          |": null

2020-02-06 15:08:23 - [TEST_STEP][PASSED] - "----------------------------------------------": null

2020-02-06 15:08:23 - [TEST_STEP][PASSED] - "----------------------------------------------": null

2020-02-06 15:08:23 - [TEST_STEP][PASSED] - "----------------------------------------------": null

2020-02-06 15:08:23 - [TEST_STEP][PASSED] - verifyTextPresent("Checkatrade.com Brand Guidelines", false): Text 'Checkatrade.com Brand Guidelines' is present on page 

2020-02-06 15:08:23 - [MESSAGE][PASSED] - Text 'Checkatrade.com Brand Guidelines' is present on page 

2020-02-06 15:08:23 - [TEST_STEP][PASSED] - verifyTextPresent("All materials need to remain in their ratio, please do not stretch", false): Text 'All materials need to remain in their ratio, please do not stretch' is present on page 

2020-02-06 15:08:23 - [MESSAGE][PASSED] - Text 'All materials need to remain in their ratio, please do not stretch' is present on page 

2020-02-06 15:08:23 - [TEST_STEP][PASSED] - verifyTextPresent("Full logo", false): Text 'Full logo' is present on page 

2020-02-06 15:08:23 - [MESSAGE][PASSED] - Text 'Full logo' is present on page 

2020-02-06 15:08:23 - [TEST_STEP][PASSED] - verifyTextPresent("Please use our full logo whenever you have enough space and everything is perfectly legible", false): Text 'Please use our full logo whenever you have enough space and everything is perfectly legible' is present on page 

2020-02-06 15:08:23 - [MESSAGE][PASSED] - Text 'Please use our full logo whenever you have enough space and everything is perfectly legible' is present on page 

2020-02-06 15:08:23 - [TEST_STEP][PASSED] - "----------------------------------------------": null

2020-02-06 15:08:23 - [TEST_STEP][PASSED] - verifyTextPresent("Logo variations", false): Text 'Logo variations' is present on page 

2020-02-06 15:08:23 - [MESSAGE][PASSED] - Text 'Logo variations' is present on page 

2020-02-06 15:08:23 - [TEST_STEP][PASSED] - verifyTextPresent("When it’s hard to read the strapline and "dot com" part, use the logo on the left", false): Text 'When it’s hard to read the strapline and "dot com" part, use the logo on the left' is present on page 

2020-02-06 15:08:23 - [MESSAGE][PASSED] - Text 'When it’s hard to read the strapline and "dot com" part, use the logo on the left' is present on page 

2020-02-06 15:08:23 - [TEST_STEP][PASSED] - verifyTextPresent("Use the stacked logo (right) where it fits the space better, e.g. a square space", false): Text 'Use the stacked logo (right) where it fits the space better, e.g. a square space' is present on page 

2020-02-06 15:08:23 - [MESSAGE][PASSED] - Text 'Use the stacked logo (right) where it fits the space better, e.g. a square space' is present on page 

2020-02-06 15:08:23 - [TEST_STEP][PASSED] - "----------------------------------------------": null

2020-02-06 15:08:23 - [TEST_STEP][PASSED] - verifyTextPresent("Colours", false): Text 'Colours' is present on page 

2020-02-06 15:08:24 - [MESSAGE][PASSED] - Text 'Colours' is present on page 

2020-02-06 15:08:24 - [TEST_STEP][PASSED] - verifyTextPresent("Print red", false): Text 'Print red' is present on page 

2020-02-06 15:08:24 - [MESSAGE][PASSED] - Text 'Print red' is present on page 

2020-02-06 15:08:24 - [TEST_STEP][PASSED] - verifyTextPresent("Print blue", false): Text 'Print blue' is present on page 

2020-02-06 15:08:24 - [MESSAGE][PASSED] - Text 'Print blue' is present on page 

2020-02-06 15:08:24 - [TEST_STEP][PASSED] - verifyTextPresent("Print black", false): Text 'Print black' is present on page 

2020-02-06 15:08:24 - [MESSAGE][PASSED] - Text 'Print black' is present on page 

2020-02-06 15:08:24 - [TEST_STEP][PASSED] - verifyTextPresent("Web red", false): Text 'Web red' is present on page 

2020-02-06 15:08:24 - [MESSAGE][PASSED] - Text 'Web red' is present on page 

2020-02-06 15:08:24 - [TEST_STEP][PASSED] - verifyTextPresent("Web blue", false): Text 'Web blue' is present on page 

2020-02-06 15:08:24 - [MESSAGE][PASSED] - Text 'Web blue' is present on page 

2020-02-06 15:08:24 - [TEST_STEP][PASSED] - verifyTextPresent("Web black", false): Text 'Web black' is present on page 

2020-02-06 15:08:24 - [MESSAGE][PASSED] - Text 'Web black' is present on page 

2020-02-06 15:08:24 - [TEST_STEP][PASSED] - scrollToPosition(500, 500): Browser is scrolled to position x = 500, y = 500

2020-02-06 15:08:24 - [MESSAGE][PASSED] - Browser is scrolled to position x = 500, y = 500

2020-02-06 15:08:24 - [TEST_STEP][PASSED] - delay(1): Delayed 1 second(s)

2020-02-06 15:08:25 - [MESSAGE][PASSED] - Delayed 1 second(s)

2020-02-06 15:08:25 - [TEST_STEP][PASSED] - "Centre page": null

2020-02-06 15:08:25 - [TEST_STEP][PASSED] - verifyTextPresent("Exclusion zones", false): Text 'Exclusion zones' is present on page 

2020-02-06 15:08:25 - [MESSAGE][PASSED] - Text 'Exclusion zones' is present on page 

2020-02-06 15:08:25 - [TEST_STEP][PASSED] - verifyTextPresent("Please use the exclusion zones provided in the files. This is the same width of the lower case "e" in the logo", false): Text 'Please use the exclusion zones provided in the files. This is the same width of the lower case "e" in the logo' is present on page 

2020-02-06 15:08:25 - [MESSAGE][PASSED] - Text 'Please use the exclusion zones provided in the files. This is the same width of the lower case "e" in the logo' is present on page 

2020-02-06 15:08:25 - [TEST_STEP][PASSED] - verifyTextPresent("Logo use on black/grey backgrounds", false): Text 'Logo use on black/grey backgrounds' is present on page 

2020-02-06 15:08:25 - [MESSAGE][PASSED] - Text 'Logo use on black/grey backgrounds' is present on page 

2020-02-06 15:08:25 - [TEST_STEP][PASSED] - verifyTextPresent("On black", false): Text 'On black' is present on page 

2020-02-06 15:08:25 - [MESSAGE][PASSED] - Text 'On black' is present on page 

2020-02-06 15:08:25 - [TEST_STEP][PASSED] - verifyTextPresent("Use all white as colours will be difficult to read", false): Text 'Use all white as colours will be difficult to read' is present on page 

2020-02-06 15:08:26 - [MESSAGE][PASSED] - Text 'Use all white as colours will be difficult to read' is present on page 

2020-02-06 15:08:26 - [TEST_STEP][PASSED] - verifyTextPresent("On dark grey", false): Text 'On dark grey' is present on page 

2020-02-06 15:08:26 - [MESSAGE][PASSED] - Text 'On dark grey' is present on page 

2020-02-06 15:08:26 - [TEST_STEP][PASSED] - verifyTextPresent("Also, use all white as colours will be difficult to read", false): Text 'Also, use all white as colours will be difficult to read' is present on page 

2020-02-06 15:08:26 - [MESSAGE][PASSED] - Text 'Also, use all white as colours will be difficult to read' is present on page 

2020-02-06 15:08:26 - [TEST_STEP][PASSED] - verifyTextPresent("On light grey", false): Text 'On light grey' is present on page 

2020-02-06 15:08:26 - [MESSAGE][PASSED] - Text 'On light grey' is present on page 

2020-02-06 15:08:26 - [TEST_STEP][PASSED] - verifyTextPresent("Use regular full colour logo until grey crosses over to dark grey (usually around 40% black)", false): Text 'Use regular full colour logo until grey crosses over to dark grey (usually around 40% black)' is present on page 

2020-02-06 15:08:26 - [MESSAGE][PASSED] - Text 'Use regular full colour logo until grey crosses over to dark grey (usually around 40% black)' is present on page 

2020-02-06 15:08:26 - [TEST_STEP][PASSED] - verifyTextPresent("On dark grey", false): Text 'On dark grey' is present on page 

2020-02-06 15:08:26 - [MESSAGE][PASSED] - Text 'On dark grey' is present on page 

2020-02-06 15:08:26 - [TEST_STEP][PASSED] - scrollToPosition(500, 500): Browser is scrolled to position x = 500, y = 500

2020-02-06 15:08:26 - [MESSAGE][PASSED] - Browser is scrolled to position x = 500, y = 500

2020-02-06 15:08:26 - [TEST_STEP][PASSED] - delay(1): Delayed 1 second(s)

2020-02-06 15:08:27 - [MESSAGE][PASSED] - Delayed 1 second(s)

2020-02-06 15:08:27 - [TEST_STEP][PASSED] - "Footer": null

2020-02-06 15:08:27 - [TEST_STEP][PASSED] - verifyTextPresent("Audio jingle", false): Text 'Audio jingle' is present on page 

2020-02-06 15:08:27 - [MESSAGE][PASSED] - Text 'Audio jingle' is present on page 

2020-02-06 15:08:27 - [TEST_STEP][PASSED] - verifyTextPresent("The jingle is a key element of our brand, this should appear in all audio marketing. If needed, please contact marketing@checkatrade.com", false): Text 'The jingle is a key element of our brand, this should appear in all audio marketing. If needed, please contact marketing@checkatrade.com' is present on page 

2020-02-06 15:08:27 - [MESSAGE][PASSED] - Text 'The jingle is a key element of our brand, this should appear in all audio marketing. If needed, please contact marketing@checkatrade.com' is present on page 

2020-02-06 15:08:27 - [TEST_STEP][PASSED] - "STOCK": null

2020-02-06 15:08:27 - [TEST_STEP][PASSED] - verifyTextPresent("We use cookies to help make this website better", false): Text 'We use cookies to help make this website better' is present on page 

2020-02-06 15:08:27 - [MESSAGE][PASSED] - Text 'We use cookies to help make this website better' is present on page 

2020-02-06 15:08:27 - [MESSAGE][PASSED] - Call Test Case 'Test Cases/Reusable_Test_Sequences/CAT_Footer/Company/Brand_Use_Verification' successfully

2020-02-06 15:08:27 - [TEST_STEP][PASSED] - "--------------------------": null

2020-02-06 15:08:27 - [TEST_STEP][PASSED] - " Teardown - CLose Browser |": null

2020-02-06 15:08:27 - [TEST_STEP][PASSED] - callTestCase(findTestCase("Reusable_Test_Sequences/CAT_Teardown"), [:], OPTIONAL): Call Test Case 'Test Cases/Reusable_Test_Sequences/CAT_Teardown' successfully

2020-02-06 15:08:27 - [TEST_CASE][PASSED] - Test Cases/Reusable_Test_Sequences/CAT_Teardown: Test Cases/Reusable_Test_Sequences/CAT_Teardown

2020-02-06 15:08:27 - [TEST_STEP][PASSED] - closeBrowser(): Browser is closed

2020-02-06 15:08:28 - [MESSAGE][PASSED] - Browser is closed

2020-02-06 15:08:28 - [MESSAGE][PASSED] - Call Test Case 'Test Cases/Reusable_Test_Sequences/CAT_Teardown' successfully]]></system-out>
         <system-err><![CDATA[]]></system-err>
      </testcase>
      <testcase name="Test Cases/CAT_Footer/Company/Careers" time="31.162" classname="Test Cases/CAT_Footer/Company/Careers" status="PASSED">
         <system-out><![CDATA[2020-02-06 15:08:28 - [TEST_CASE][PASSED] - Test Cases/CAT_Footer/Company/Careers: Test Cases/CAT_Footer/Company/Careers

2020-02-06 15:08:29 - [TEST_STEP][PASSED] - callTestCase(findTestCase("Reusable_Test_Sequences/CAT_Setup"), [:], OPTIONAL): Call Test Case 'Test Cases/Reusable_Test_Sequences/CAT_Setup' successfully

2020-02-06 15:08:29 - [TEST_CASE][PASSED] - Test Cases/Reusable_Test_Sequences/CAT_Setup: Test Cases/Reusable_Test_Sequences/CAT_Setup

2020-02-06 15:08:29 - [TEST_STEP][PASSED] - "------------------------------": null

2020-02-06 15:08:29 - [TEST_STEP][PASSED] - " Set Mobile Device Testing    |": null

2020-02-06 15:08:29 - [TEST_STEP][PASSED] - if (Mobile_Flag == "true"): null

2020-02-06 15:08:29 - [TEST_STEP][PASSED] - "------------------------------": null

2020-02-06 15:08:29 - [TEST_STEP][PASSED] - " Set Mobile Device Testing    |": null

2020-02-06 15:08:29 - [TEST_STEP][PASSED] - "------------------------------": null

2020-02-06 15:08:29 - [TEST_STEP][PASSED] - "URL - Set from the ENVIRONMENT PROFILE ": null

2020-02-06 15:08:29 - [TEST_STEP][PASSED] - openBrowser(URL): Browser is opened with url: 'http://www.dev.checkatrade.com/'

2020-02-06 15:08:29 - [MESSAGE][INFO] - Starting 'Chrome' driver

2020-02-06 15:08:36 - [MESSAGE][PASSED] - Browser is opened with url: 'http://www.dev.checkatrade.com/'

2020-02-06 15:08:36 - [TEST_STEP][PASSED] - maximizeWindow(): Current window maximized

2020-02-06 15:08:40 - [MESSAGE][PASSED] - Current window maximized

2020-02-06 15:08:40 - [TEST_STEP][PASSED] - waitForPageLoad(60): Wait for page load successfully

2020-02-06 15:08:40 - [MESSAGE][PASSED] - Wait for page load successfully

2020-02-06 15:08:40 - [TEST_STEP][PASSED] - "Previous Functionalilty Left Commented For Ease Of reversion": null

2020-02-06 15:08:40 - [TEST_STEP][PASSED] - try: Text 'Cookie Policy' is not present on page

2020-02-06 15:08:40 - [TEST_STEP][PASSED] - verifyElementPresent(findTestObject("Object Repository/Cookies/Page_Checkatrade Find a tradesperson you can trust/button_Accept All"), 5): Object 'Object Repository/Cookies/Page_Checkatrade Find a tradesperson you can trust/button_Accept All' is present

2020-02-06 15:08:40 - [MESSAGE][PASSED] - Object 'Object Repository/Cookies/Page_Checkatrade Find a tradesperson you can trust/button_Accept All' is present

2020-02-06 15:08:40 - [TEST_STEP][PASSED] - click(findTestObject("Object Repository/Cookies/Page_Checkatrade Find a tradesperson you can trust/button_Accept All")): Object: 'Object Repository/Cookies/Page_Checkatrade Find a tradesperson you can trust/button_Accept All' is clicked on

2020-02-06 15:08:41 - [MESSAGE][PASSED] - Object: 'Object Repository/Cookies/Page_Checkatrade Find a tradesperson you can trust/button_Accept All' is clicked on

2020-02-06 15:08:41 - [TEST_STEP][PASSED] - "---------------------------------": null

2020-02-06 15:08:41 - [TEST_STEP][PASSED] - "COOKIE POPOUT REMOVED - Confirmed": null

2020-02-06 15:08:41 - [TEST_STEP][PASSED] - delay(1): Delayed 1 second(s)

2020-02-06 15:08:42 - [MESSAGE][PASSED] - Delayed 1 second(s)

2020-02-06 15:08:42 - [TEST_STEP][PASSED] - verifyTextNotPresent("We use cookies to personalise content and ads, to provide social media features and to analyse our traffic", false): Text 'We use cookies to personalise content and ads, to provide social media features and to analyse our traffic' is not present on page

2020-02-06 15:08:42 - [MESSAGE][PASSED] - Text 'We use cookies to personalise content and ads, to provide social media features and to analyse our traffic' is not present on page

2020-02-06 15:08:42 - [TEST_STEP][PASSED] - verifyTextNotPresent(" We also share information about your use of our site with our social media, advertising and analytics partners", false): Text ' We also share information about your use of our site with our social media, advertising and analytics partners' is not present on page

2020-02-06 15:08:42 - [MESSAGE][PASSED] - Text ' We also share information about your use of our site with our social media, advertising and analytics partners' is not present on page

2020-02-06 15:08:42 - [TEST_STEP][PASSED] - verifyTextNotPresent("Cookie Policy", false): Text 'Cookie Policy' is not present on page

2020-02-06 15:08:42 - [MESSAGE][PASSED] - Text 'Cookie Policy' is not present on page

2020-02-06 15:08:42 - [TEST_STEP][PASSED] - waitForPageLoad(60): Wait for page load successfully

2020-02-06 15:08:42 - [MESSAGE][PASSED] - Wait for page load successfully

2020-02-06 15:08:42 - [TEST_STEP][PASSED] - "COOKIE - ORIGINAL": null

2020-02-06 15:08:42 - [TEST_STEP][PASSED] - if (waitForElementVisible(findTestObject("Object Repository/Feedback/Page_Checkatrade Give your feedback/input_Member_to_Review"), 5)): Web element with id: 'Object Repository/Feedback/Page_Checkatrade Give your feedback/input_Member_to_Review' located by 'By.xpath: //input[@id='feedback-form__company_autocomplete_input']' not found

2020-02-06 15:08:47 - [MESSAGE][INFO] - Unable to find the element located by 'By.xpath: //input[@id='feedback-form__company_autocomplete_input']'. Please recheck the objects properties to make sure the desired element is located. 

2020-02-06 15:08:47 - [MESSAGE][WARNING] - Web element with id: 'Object Repository/Feedback/Page_Checkatrade Give your feedback/input_Member_to_Review' located by 'By.xpath: //input[@id='feedback-form__company_autocomplete_input']' not found

2020-02-06 15:08:47 - [TEST_STEP][PASSED] - else: The <<<OLD>>> Website was detected by the STARTUP Process

2020-02-06 15:08:47 - [TEST_STEP][PASSED] - if (!(verifyElementVisible(findTestObject("Object Repository/Checkatrade_Trade_Search_Page/Page_Checkatrade Find a tradesperson you can trust/input_Search_Button_FF")))): Object 'Object Repository/Checkatrade_Trade_Search_Page/Page_Checkatrade Find a tradesperson you can trust/input_Search_Button_FF' is visible

2020-02-06 15:08:47 - [MESSAGE][PASSED] - Object 'Object Repository/Checkatrade_Trade_Search_Page/Page_Checkatrade Find a tradesperson you can trust/input_Search_Button_FF' is visible

2020-02-06 15:08:47 - [TEST_STEP][PASSED] - else: The <<<OLD>>> Website was detected by the STARTUP Process

2020-02-06 15:08:47 - [TEST_STEP][PASSED] - Website_Version = "old": null

2020-02-06 15:08:47 - [TEST_STEP][PASSED] - logInfo("The <<<OLD>>> Website was detected by the STARTUP Process"): The <<<OLD>>> Website was detected by the STARTUP Process

2020-02-06 15:08:47 - [MESSAGE][INFO] - The <<<OLD>>> Website was detected by the STARTUP Process

2020-02-06 15:08:47 - [MESSAGE][PASSED] - Call Test Case 'Test Cases/Reusable_Test_Sequences/CAT_Setup' successfully

2020-02-06 15:08:47 - [TEST_STEP][PASSED] - callTestCase(findTestCase("Reusable_Test_Sequences/CAT_Home"), [:], CONTINUE_ON_FAILURE): Call Test Case 'Test Cases/Reusable_Test_Sequences/CAT_Home' successfully

2020-02-06 15:08:48 - [TEST_CASE][PASSED] - Test Cases/Reusable_Test_Sequences/CAT_Home: Test Cases/Reusable_Test_Sequences/CAT_Home

2020-02-06 15:08:48 - [TEST_STEP][PASSED] - waitForPageLoad(60): Wait for page load successfully

2020-02-06 15:08:48 - [MESSAGE][PASSED] - Wait for page load successfully

2020-02-06 15:08:48 - [TEST_STEP][PASSED] - delay(2): Delayed 2 second(s)

2020-02-06 15:08:50 - [MESSAGE][PASSED] - Delayed 2 second(s)

2020-02-06 15:08:50 - [TEST_STEP][PASSED] - "------------------------------------": null

2020-02-06 15:08:50 - [TEST_STEP][PASSED] - if (Website_Version == "new"): null

2020-02-06 15:08:50 - [TEST_STEP][PASSED] - else: Text 'Over a million visits to Checkatrade each month' is present on page 

2020-02-06 15:08:50 - [TEST_STEP][PASSED] - verifyTextPresent("Helping you find the right trade or service", false): Text 'Helping you find the right trade or service' is present on page 

2020-02-06 15:08:50 - [MESSAGE][PASSED] - Text 'Helping you find the right trade or service' is present on page 

2020-02-06 15:08:50 - [TEST_STEP][PASSED] - verifyTextPresent("Search through over", false): Text 'Search through over' is present on page 

2020-02-06 15:08:50 - [MESSAGE][PASSED] - Text 'Search through over' is present on page 

2020-02-06 15:08:50 - [TEST_STEP][PASSED] - verifyTextPresent("recommended, vetted and monitored trades and service providers for free.", false): Text 'recommended, vetted and monitored trades and service providers for free.' is present on page 

2020-02-06 15:08:50 - [MESSAGE][PASSED] - Text 'recommended, vetted and monitored trades and service providers for free.' is present on page 

2020-02-06 15:08:50 - [TEST_STEP][PASSED] - verifyTextPresent("reviews published so far – thank you!", false): Text 'reviews published so far – thank you!' is present on page 

2020-02-06 15:08:50 - [MESSAGE][PASSED] - Text 'reviews published so far – thank you!' is present on page 

2020-02-06 15:08:50 - [TEST_STEP][PASSED] - verifyTextPresent("I need a trade or service", false): Text 'I need a trade or service' is present on page 

2020-02-06 15:08:50 - [MESSAGE][PASSED] - Text 'I need a trade or service' is present on page 

2020-02-06 15:08:50 - [TEST_STEP][PASSED] - verifyTextPresent("Every trader thoroughly checked and vetted", false): Text 'Every trader thoroughly checked and vetted' is present on page 

2020-02-06 15:08:50 - [MESSAGE][PASSED] - Text 'Every trader thoroughly checked and vetted' is present on page 

2020-02-06 15:08:50 - [TEST_STEP][PASSED] - "------------------------------------": null

2020-02-06 15:08:50 - [TEST_STEP][PASSED] - verifyTextPresent("reviews published so far – thank you!", false): Text 'reviews published so far – thank you!' is present on page 

2020-02-06 15:08:50 - [MESSAGE][PASSED] - Text 'reviews published so far – thank you!' is present on page 

2020-02-06 15:08:50 - [TEST_STEP][PASSED] - verifyTextPresent("Find out more", false): Text 'Find out more' is present on page 

2020-02-06 15:08:50 - [MESSAGE][PASSED] - Text 'Find out more' is present on page 

2020-02-06 15:08:50 - [TEST_STEP][PASSED] - verifyTextPresent("I am a tradesman", false): Text 'I am a tradesman' is present on page 

2020-02-06 15:08:50 - [MESSAGE][PASSED] - Text 'I am a tradesman' is present on page 

2020-02-06 15:08:50 - [TEST_STEP][PASSED] - verifyTextPresent("Find out more", false): Text 'Find out more' is present on page 

2020-02-06 15:08:50 - [MESSAGE][PASSED] - Text 'Find out more' is present on page 

2020-02-06 15:08:50 - [TEST_STEP][PASSED] - verifyTextPresent("Over a million visits to Checkatrade each month", false): Text 'Over a million visits to Checkatrade each month' is present on page 

2020-02-06 15:08:51 - [MESSAGE][PASSED] - Text 'Over a million visits to Checkatrade each month' is present on page 

2020-02-06 15:08:51 - [MESSAGE][PASSED] - Call Test Case 'Test Cases/Reusable_Test_Sequences/CAT_Home' successfully

2020-02-06 15:08:51 - [TEST_STEP][PASSED] - "---------------------------------------": null

2020-02-06 15:08:51 - [TEST_STEP][PASSED] - " Navigate to Trades->Find out More     |": null

2020-02-06 15:08:51 - [TEST_STEP][PASSED] - scrollToElement(findTestObject("Object Repository/CAT_Footer/Page_Checkatrade Find a tradesperson you can trust/div_Careers"), 3): Scroll to object 'Object Repository/CAT_Footer/Page_Checkatrade Find a tradesperson you can trust/div_Careers' successfully

2020-02-06 15:08:51 - [MESSAGE][PASSED] - Scroll to object 'Object Repository/CAT_Footer/Page_Checkatrade Find a tradesperson you can trust/div_Careers' successfully

2020-02-06 15:08:51 - [TEST_STEP][PASSED] - click(findTestObject("Object Repository/CAT_Footer/Page_Checkatrade Find a tradesperson you can trust/div_Careers")): Object: 'Object Repository/CAT_Footer/Page_Checkatrade Find a tradesperson you can trust/div_Careers' is clicked on

2020-02-06 15:08:52 - [MESSAGE][PASSED] - Object: 'Object Repository/CAT_Footer/Page_Checkatrade Find a tradesperson you can trust/div_Careers' is clicked on

2020-02-06 15:08:52 - [TEST_STEP][PASSED] - "---------------------------------------": null

2020-02-06 15:08:52 - [TEST_STEP][PASSED] - " Verify Returned Page is as Expected   |": null

2020-02-06 15:08:52 - [TEST_STEP][PASSED] - callTestCase(findTestCase("Reusable_Test_Sequences/CAT_Footer/Company/Careers_Verification"), [:], CONTINUE_ON_FAILURE): Call Test Case 'Test Cases/Reusable_Test_Sequences/CAT_Footer/Company/Careers_Verification' successfully

2020-02-06 15:08:52 - [TEST_CASE][PASSED] - Test Cases/Reusable_Test_Sequences/CAT_Footer/Company/Careers_Verification: Test Cases/Reusable_Test_Sequences/CAT_Footer/Company/Careers_Verification

2020-02-06 15:08:53 - [TEST_STEP][PASSED] - delay(1): Delayed 1 second(s)

2020-02-06 15:08:54 - [MESSAGE][PASSED] - Delayed 1 second(s)

2020-02-06 15:08:54 - [TEST_STEP][PASSED] - waitForPageLoad(60): Wait for page load successfully

2020-02-06 15:08:54 - [MESSAGE][PASSED] - Wait for page load successfully

2020-02-06 15:08:54 - [TEST_STEP][PASSED] - "Only When Needed": null

2020-02-06 15:08:54 - [TEST_STEP][PASSED] - "CONSIDERATION - Ribbon Menu - For Further Tests": null

2020-02-06 15:08:54 - [TEST_STEP][PASSED] - "----------------------------------------------": null

2020-02-06 15:08:54 - [TEST_STEP][PASSED] - "DEFAULT TAB - None - 1 Page Returned          |": null

2020-02-06 15:08:54 - [TEST_STEP][PASSED] - "----------------------------------------------": null

2020-02-06 15:08:54 - [TEST_STEP][PASSED] - "----------------------------------------------": null

2020-02-06 15:08:54 - [TEST_STEP][PASSED] - "----------------------------------------------": null

2020-02-06 15:08:54 - [TEST_STEP][PASSED] - "Header": null

2020-02-06 15:08:54 - [TEST_STEP][PASSED] - "Ribbon Menu Top Sevel Options": null

2020-02-06 15:08:54 - [TEST_STEP][PASSED] - verifyTextPresent("Our Vacancies", false): Text 'Our Vacancies' is present on page 

2020-02-06 15:08:54 - [MESSAGE][PASSED] - Text 'Our Vacancies' is present on page 

2020-02-06 15:08:54 - [TEST_STEP][PASSED] - verifyTextPresent("About Us", false): Text 'About Us' is present on page 

2020-02-06 15:08:54 - [MESSAGE][PASSED] - Text 'About Us' is present on page 

2020-02-06 15:08:54 - [TEST_STEP][PASSED] - verifyTextPresent("Our Teams", false): Text 'Our Teams' is present on page 

2020-02-06 15:08:54 - [MESSAGE][PASSED] - Text 'Our Teams' is present on page 

2020-02-06 15:08:54 - [TEST_STEP][PASSED] - verifyTextPresent("Our Benefits", false): Text 'Our Benefits' is present on page 

2020-02-06 15:08:55 - [MESSAGE][PASSED] - Text 'Our Benefits' is present on page 

2020-02-06 15:08:55 - [TEST_STEP][PASSED] - verifyTextPresent("Charity Leave", false): Text 'Charity Leave' is present on page 

2020-02-06 15:08:55 - [MESSAGE][PASSED] - Text 'Charity Leave' is present on page 

2020-02-06 15:08:55 - [TEST_STEP][PASSED] - verifyTextPresent("Our Offices", false): Text 'Our Offices' is present on page 

2020-02-06 15:08:55 - [MESSAGE][PASSED] - Text 'Our Offices' is present on page 

2020-02-06 15:08:55 - [TEST_STEP][PASSED] - verifyTextPresent("Contact Us", false): Text 'Contact Us' is present on page 

2020-02-06 15:08:55 - [MESSAGE][PASSED] - Text 'Contact Us' is present on page 

2020-02-06 15:08:55 - [TEST_STEP][PASSED] - verifyTextPresent("Keywords", false): Text 'Keywords' is present on page 

2020-02-06 15:08:55 - [MESSAGE][PASSED] - Text 'Keywords' is present on page 

2020-02-06 15:08:55 - [TEST_STEP][PASSED] - "----------------------------------------------": null

2020-02-06 15:08:55 - [TEST_STEP][PASSED] - verifyTextPresent("Location", false): Text 'Location' is present on page 

2020-02-06 15:08:56 - [MESSAGE][PASSED] - Text 'Location' is present on page 

2020-02-06 15:08:56 - [TEST_STEP][PASSED] - "----------------------------------------------": null

2020-02-06 15:08:56 - [TEST_STEP][PASSED] - verifyTextPresent("Search Jobs", false): Text 'Search Jobs' is present on page 

2020-02-06 15:08:56 - [MESSAGE][PASSED] - Text 'Search Jobs' is present on page 

2020-02-06 15:08:56 - [TEST_STEP][PASSED] - verifyTextPresent("Vacancies", false): Text 'Vacancies' is present on page 

2020-02-06 15:08:56 - [MESSAGE][PASSED] - Text 'Vacancies' is present on page 

2020-02-06 15:08:56 - [TEST_STEP][PASSED] - verifyTextPresent("Refine", false): Text 'Refine' is present on page 

2020-02-06 15:08:56 - [MESSAGE][PASSED] - Text 'Refine' is present on page 

2020-02-06 15:08:56 - [TEST_STEP][PASSED] - verifyTextPresent("Sort By", false): Text 'Sort By' is present on page 

2020-02-06 15:08:56 - [MESSAGE][PASSED] - Text 'Sort By' is present on page 

2020-02-06 15:08:56 - [TEST_STEP][PASSED] - "----------------------------------------------": null

2020-02-06 15:08:56 - [TEST_STEP][PASSED] - "----------------------------------------------": null

2020-02-06 15:08:56 - [TEST_STEP][PASSED] - "Page Body": null

2020-02-06 15:08:56 - [TEST_STEP][PASSED] - "----------------------------------------------": null

2020-02-06 15:08:56 - [TEST_STEP][PASSED] - "Changing Content :-)": null

2020-02-06 15:08:56 - [TEST_STEP][PASSED] - scrollToPosition(5000, 5000): Browser is scrolled to position x = 5000, y = 5000

2020-02-06 15:08:56 - [MESSAGE][PASSED] - Browser is scrolled to position x = 5000, y = 5000

2020-02-06 15:08:56 - [TEST_STEP][PASSED] - delay(1): Delayed 1 second(s)

2020-02-06 15:08:57 - [MESSAGE][PASSED] - Delayed 1 second(s)

2020-02-06 15:08:57 - [TEST_STEP][PASSED] - "Footer": null

2020-02-06 15:08:57 - [TEST_STEP][PASSED] - verifyTextPresent("More Info", false): Text 'More Info' is present on page 

2020-02-06 15:08:58 - [MESSAGE][PASSED] - Text 'More Info' is present on page 

2020-02-06 15:08:58 - [TEST_STEP][PASSED] - verifyTextPresent("Apply", false): Text 'Apply' is present on page 

2020-02-06 15:08:58 - [MESSAGE][PASSED] - Text 'Apply' is present on page 

2020-02-06 15:08:58 - [TEST_STEP][PASSED] - verifyTextPresent("Sign up for job alerts and be the first to know about new opportunities", false): Text 'Sign up for job alerts and be the first to know about new opportunities' is present on page 

2020-02-06 15:08:58 - [MESSAGE][PASSED] - Text 'Sign up for job alerts and be the first to know about new opportunities' is present on page 

2020-02-06 15:08:58 - [TEST_STEP][PASSED] - verifyTextPresent("If you can’t see a job that’s an exact match for your skills and experience, please sign up for our jobs alerts here", false): Text 'If you can’t see a job that’s an exact match for your skills and experience, please sign up for our jobs alerts here' is present on page 

2020-02-06 15:08:58 - [MESSAGE][PASSED] - Text 'If you can’t see a job that’s an exact match for your skills and experience, please sign up for our jobs alerts here' is present on page 

2020-02-06 15:08:58 - [TEST_STEP][PASSED] - verifyTextPresent("Register", false): Text 'Register' is present on page 

2020-02-06 15:08:58 - [MESSAGE][PASSED] - Text 'Register' is present on page 

2020-02-06 15:08:58 - [MESSAGE][PASSED] - Call Test Case 'Test Cases/Reusable_Test_Sequences/CAT_Footer/Company/Careers_Verification' successfully

2020-02-06 15:08:58 - [TEST_STEP][PASSED] - "--------------------------": null

2020-02-06 15:08:58 - [TEST_STEP][PASSED] - " Teardown - CLose Browser |": null

2020-02-06 15:08:58 - [TEST_STEP][PASSED] - callTestCase(findTestCase("Reusable_Test_Sequences/CAT_Teardown"), [:], OPTIONAL): Call Test Case 'Test Cases/Reusable_Test_Sequences/CAT_Teardown' successfully

2020-02-06 15:08:58 - [TEST_CASE][PASSED] - Test Cases/Reusable_Test_Sequences/CAT_Teardown: Test Cases/Reusable_Test_Sequences/CAT_Teardown

2020-02-06 15:08:58 - [TEST_STEP][PASSED] - closeBrowser(): Browser is closed

2020-02-06 15:08:59 - [MESSAGE][PASSED] - Browser is closed

2020-02-06 15:08:59 - [MESSAGE][PASSED] - Call Test Case 'Test Cases/Reusable_Test_Sequences/CAT_Teardown' successfully]]></system-out>
         <system-err><![CDATA[]]></system-err>
      </testcase>
      <testcase name="Test Cases/CAT_Footer/Company/Contact_Us" time="32.299" classname="Test Cases/CAT_Footer/Company/Contact_Us" status="PASSED">
         <system-out><![CDATA[2020-02-06 15:08:59 - [TEST_CASE][PASSED] - Test Cases/CAT_Footer/Company/Contact_Us: Test Cases/CAT_Footer/Company/Contact_Us

2020-02-06 15:09:00 - [TEST_STEP][PASSED] - callTestCase(findTestCase("Reusable_Test_Sequences/CAT_Setup"), [:], OPTIONAL): Call Test Case 'Test Cases/Reusable_Test_Sequences/CAT_Setup' successfully

2020-02-06 15:09:00 - [TEST_CASE][PASSED] - Test Cases/Reusable_Test_Sequences/CAT_Setup: Test Cases/Reusable_Test_Sequences/CAT_Setup

2020-02-06 15:09:00 - [TEST_STEP][PASSED] - "------------------------------": null

2020-02-06 15:09:00 - [TEST_STEP][PASSED] - " Set Mobile Device Testing    |": null

2020-02-06 15:09:00 - [TEST_STEP][PASSED] - if (Mobile_Flag == "true"): null

2020-02-06 15:09:00 - [TEST_STEP][PASSED] - "------------------------------": null

2020-02-06 15:09:00 - [TEST_STEP][PASSED] - " Set Mobile Device Testing    |": null

2020-02-06 15:09:00 - [TEST_STEP][PASSED] - "------------------------------": null

2020-02-06 15:09:00 - [TEST_STEP][PASSED] - "URL - Set from the ENVIRONMENT PROFILE ": null

2020-02-06 15:09:00 - [TEST_STEP][PASSED] - openBrowser(URL): Browser is opened with url: 'http://www.dev.checkatrade.com/'

2020-02-06 15:09:00 - [MESSAGE][INFO] - Starting 'Chrome' driver

2020-02-06 15:09:07 - [MESSAGE][PASSED] - Browser is opened with url: 'http://www.dev.checkatrade.com/'

2020-02-06 15:09:07 - [TEST_STEP][PASSED] - maximizeWindow(): Current window maximized

2020-02-06 15:09:12 - [MESSAGE][PASSED] - Current window maximized

2020-02-06 15:09:12 - [TEST_STEP][PASSED] - waitForPageLoad(60): Wait for page load successfully

2020-02-06 15:09:12 - [MESSAGE][PASSED] - Wait for page load successfully

2020-02-06 15:09:12 - [TEST_STEP][PASSED] - "Previous Functionalilty Left Commented For Ease Of reversion": null

2020-02-06 15:09:12 - [TEST_STEP][PASSED] - try: Text 'Cookie Policy' is not present on page

2020-02-06 15:09:12 - [TEST_STEP][PASSED] - verifyElementPresent(findTestObject("Object Repository/Cookies/Page_Checkatrade Find a tradesperson you can trust/button_Accept All"), 5): Object 'Object Repository/Cookies/Page_Checkatrade Find a tradesperson you can trust/button_Accept All' is present

2020-02-06 15:09:12 - [MESSAGE][PASSED] - Object 'Object Repository/Cookies/Page_Checkatrade Find a tradesperson you can trust/button_Accept All' is present

2020-02-06 15:09:12 - [TEST_STEP][PASSED] - click(findTestObject("Object Repository/Cookies/Page_Checkatrade Find a tradesperson you can trust/button_Accept All")): Object: 'Object Repository/Cookies/Page_Checkatrade Find a tradesperson you can trust/button_Accept All' is clicked on

2020-02-06 15:09:12 - [MESSAGE][PASSED] - Object: 'Object Repository/Cookies/Page_Checkatrade Find a tradesperson you can trust/button_Accept All' is clicked on

2020-02-06 15:09:12 - [TEST_STEP][PASSED] - "---------------------------------": null

2020-02-06 15:09:12 - [TEST_STEP][PASSED] - "COOKIE POPOUT REMOVED - Confirmed": null

2020-02-06 15:09:12 - [TEST_STEP][PASSED] - delay(1): Delayed 1 second(s)

2020-02-06 15:09:13 - [MESSAGE][PASSED] - Delayed 1 second(s)

2020-02-06 15:09:13 - [TEST_STEP][PASSED] - verifyTextNotPresent("We use cookies to personalise content and ads, to provide social media features and to analyse our traffic", false): Text 'We use cookies to personalise content and ads, to provide social media features and to analyse our traffic' is not present on page

2020-02-06 15:09:13 - [MESSAGE][PASSED] - Text 'We use cookies to personalise content and ads, to provide social media features and to analyse our traffic' is not present on page

2020-02-06 15:09:13 - [TEST_STEP][PASSED] - verifyTextNotPresent(" We also share information about your use of our site with our social media, advertising and analytics partners", false): Text ' We also share information about your use of our site with our social media, advertising and analytics partners' is not present on page

2020-02-06 15:09:13 - [MESSAGE][PASSED] - Text ' We also share information about your use of our site with our social media, advertising and analytics partners' is not present on page

2020-02-06 15:09:13 - [TEST_STEP][PASSED] - verifyTextNotPresent("Cookie Policy", false): Text 'Cookie Policy' is not present on page

2020-02-06 15:09:13 - [MESSAGE][PASSED] - Text 'Cookie Policy' is not present on page

2020-02-06 15:09:13 - [TEST_STEP][PASSED] - waitForPageLoad(60): Wait for page load successfully

2020-02-06 15:09:13 - [MESSAGE][PASSED] - Wait for page load successfully

2020-02-06 15:09:13 - [TEST_STEP][PASSED] - "COOKIE - ORIGINAL": null

2020-02-06 15:09:13 - [TEST_STEP][PASSED] - if (waitForElementVisible(findTestObject("Object Repository/Feedback/Page_Checkatrade Give your feedback/input_Member_to_Review"), 5)): Web element with id: 'Object Repository/Feedback/Page_Checkatrade Give your feedback/input_Member_to_Review' located by 'By.xpath: //input[@id='feedback-form__company_autocomplete_input']' not found

2020-02-06 15:09:19 - [MESSAGE][INFO] - Unable to find the element located by 'By.xpath: //input[@id='feedback-form__company_autocomplete_input']'. Please recheck the objects properties to make sure the desired element is located. 

2020-02-06 15:09:19 - [MESSAGE][WARNING] - Web element with id: 'Object Repository/Feedback/Page_Checkatrade Give your feedback/input_Member_to_Review' located by 'By.xpath: //input[@id='feedback-form__company_autocomplete_input']' not found

2020-02-06 15:09:19 - [TEST_STEP][PASSED] - else: The <<<OLD>>> Website was detected by the STARTUP Process

2020-02-06 15:09:19 - [TEST_STEP][PASSED] - if (!(verifyElementVisible(findTestObject("Object Repository/Checkatrade_Trade_Search_Page/Page_Checkatrade Find a tradesperson you can trust/input_Search_Button_FF")))): Object 'Object Repository/Checkatrade_Trade_Search_Page/Page_Checkatrade Find a tradesperson you can trust/input_Search_Button_FF' is visible

2020-02-06 15:09:19 - [MESSAGE][PASSED] - Object 'Object Repository/Checkatrade_Trade_Search_Page/Page_Checkatrade Find a tradesperson you can trust/input_Search_Button_FF' is visible

2020-02-06 15:09:19 - [TEST_STEP][PASSED] - else: The <<<OLD>>> Website was detected by the STARTUP Process

2020-02-06 15:09:19 - [TEST_STEP][PASSED] - Website_Version = "old": null

2020-02-06 15:09:19 - [TEST_STEP][PASSED] - logInfo("The <<<OLD>>> Website was detected by the STARTUP Process"): The <<<OLD>>> Website was detected by the STARTUP Process

2020-02-06 15:09:19 - [MESSAGE][INFO] - The <<<OLD>>> Website was detected by the STARTUP Process

2020-02-06 15:09:19 - [MESSAGE][PASSED] - Call Test Case 'Test Cases/Reusable_Test_Sequences/CAT_Setup' successfully

2020-02-06 15:09:19 - [TEST_STEP][PASSED] - callTestCase(findTestCase("Reusable_Test_Sequences/CAT_Home"), [:], CONTINUE_ON_FAILURE): Call Test Case 'Test Cases/Reusable_Test_Sequences/CAT_Home' successfully

2020-02-06 15:09:19 - [TEST_CASE][PASSED] - Test Cases/Reusable_Test_Sequences/CAT_Home: Test Cases/Reusable_Test_Sequences/CAT_Home

2020-02-06 15:09:19 - [TEST_STEP][PASSED] - waitForPageLoad(60): Wait for page load successfully

2020-02-06 15:09:19 - [MESSAGE][PASSED] - Wait for page load successfully

2020-02-06 15:09:19 - [TEST_STEP][PASSED] - delay(2): Delayed 2 second(s)

2020-02-06 15:09:21 - [MESSAGE][PASSED] - Delayed 2 second(s)

2020-02-06 15:09:21 - [TEST_STEP][PASSED] - "------------------------------------": null

2020-02-06 15:09:21 - [TEST_STEP][PASSED] - if (Website_Version == "new"): null

2020-02-06 15:09:21 - [TEST_STEP][PASSED] - else: Text 'Over a million visits to Checkatrade each month' is present on page 

2020-02-06 15:09:21 - [TEST_STEP][PASSED] - verifyTextPresent("Helping you find the right trade or service", false): Text 'Helping you find the right trade or service' is present on page 

2020-02-06 15:09:21 - [MESSAGE][PASSED] - Text 'Helping you find the right trade or service' is present on page 

2020-02-06 15:09:21 - [TEST_STEP][PASSED] - verifyTextPresent("Search through over", false): Text 'Search through over' is present on page 

2020-02-06 15:09:21 - [MESSAGE][PASSED] - Text 'Search through over' is present on page 

2020-02-06 15:09:21 - [TEST_STEP][PASSED] - verifyTextPresent("recommended, vetted and monitored trades and service providers for free.", false): Text 'recommended, vetted and monitored trades and service providers for free.' is present on page 

2020-02-06 15:09:21 - [MESSAGE][PASSED] - Text 'recommended, vetted and monitored trades and service providers for free.' is present on page 

2020-02-06 15:09:21 - [TEST_STEP][PASSED] - verifyTextPresent("reviews published so far – thank you!", false): Text 'reviews published so far – thank you!' is present on page 

2020-02-06 15:09:22 - [MESSAGE][PASSED] - Text 'reviews published so far – thank you!' is present on page 

2020-02-06 15:09:22 - [TEST_STEP][PASSED] - verifyTextPresent("I need a trade or service", false): Text 'I need a trade or service' is present on page 

2020-02-06 15:09:22 - [MESSAGE][PASSED] - Text 'I need a trade or service' is present on page 

2020-02-06 15:09:22 - [TEST_STEP][PASSED] - verifyTextPresent("Every trader thoroughly checked and vetted", false): Text 'Every trader thoroughly checked and vetted' is present on page 

2020-02-06 15:09:22 - [MESSAGE][PASSED] - Text 'Every trader thoroughly checked and vetted' is present on page 

2020-02-06 15:09:22 - [TEST_STEP][PASSED] - "------------------------------------": null

2020-02-06 15:09:22 - [TEST_STEP][PASSED] - verifyTextPresent("reviews published so far – thank you!", false): Text 'reviews published so far – thank you!' is present on page 

2020-02-06 15:09:22 - [MESSAGE][PASSED] - Text 'reviews published so far – thank you!' is present on page 

2020-02-06 15:09:22 - [TEST_STEP][PASSED] - verifyTextPresent("Find out more", false): Text 'Find out more' is present on page 

2020-02-06 15:09:22 - [MESSAGE][PASSED] - Text 'Find out more' is present on page 

2020-02-06 15:09:22 - [TEST_STEP][PASSED] - verifyTextPresent("I am a tradesman", false): Text 'I am a tradesman' is present on page 

2020-02-06 15:09:22 - [MESSAGE][PASSED] - Text 'I am a tradesman' is present on page 

2020-02-06 15:09:22 - [TEST_STEP][PASSED] - verifyTextPresent("Find out more", false): Text 'Find out more' is present on page 

2020-02-06 15:09:22 - [MESSAGE][PASSED] - Text 'Find out more' is present on page 

2020-02-06 15:09:22 - [TEST_STEP][PASSED] - verifyTextPresent("Over a million visits to Checkatrade each month", false): Text 'Over a million visits to Checkatrade each month' is present on page 

2020-02-06 15:09:22 - [MESSAGE][PASSED] - Text 'Over a million visits to Checkatrade each month' is present on page 

2020-02-06 15:09:22 - [MESSAGE][PASSED] - Call Test Case 'Test Cases/Reusable_Test_Sequences/CAT_Home' successfully

2020-02-06 15:09:22 - [TEST_STEP][PASSED] - "---------------------------------------": null

2020-02-06 15:09:22 - [TEST_STEP][PASSED] - " Navigate to Trades->Find out More     |": null

2020-02-06 15:09:22 - [TEST_STEP][PASSED] - scrollToElement(findTestObject("Object Repository/CAT_Footer/Page_Checkatrade Find a tradesperson you can trust/div_Contact Us"), 3): Scroll to object 'Object Repository/CAT_Footer/Page_Checkatrade Find a tradesperson you can trust/div_Contact Us' successfully

2020-02-06 15:09:22 - [MESSAGE][PASSED] - Scroll to object 'Object Repository/CAT_Footer/Page_Checkatrade Find a tradesperson you can trust/div_Contact Us' successfully

2020-02-06 15:09:22 - [TEST_STEP][PASSED] - click(findTestObject("Object Repository/CAT_Footer/Page_Checkatrade Find a tradesperson you can trust/div_Contact Us")): Object: 'Object Repository/CAT_Footer/Page_Checkatrade Find a tradesperson you can trust/div_Contact Us' is clicked on

2020-02-06 15:09:23 - [MESSAGE][PASSED] - Object: 'Object Repository/CAT_Footer/Page_Checkatrade Find a tradesperson you can trust/div_Contact Us' is clicked on

2020-02-06 15:09:23 - [TEST_STEP][PASSED] - "---------------------------------------": null

2020-02-06 15:09:23 - [TEST_STEP][PASSED] - " Verify Returned Page is as Expected   |": null

2020-02-06 15:09:23 - [TEST_STEP][PASSED] - callTestCase(findTestCase("Reusable_Test_Sequences/CAT_Footer/Company/COntact_Us_Verification"), [:], CONTINUE_ON_FAILURE): Call Test Case 'Test Cases/Reusable_Test_Sequences/CAT_Footer/Company/COntact_Us_Verification' successfully

2020-02-06 15:09:23 - [TEST_CASE][PASSED] - Test Cases/Reusable_Test_Sequences/CAT_Footer/Company/COntact_Us_Verification: Test Cases/Reusable_Test_Sequences/CAT_Footer/Company/COntact_Us_Verification

2020-02-06 15:09:23 - [TEST_STEP][PASSED] - delay(1): Delayed 1 second(s)

2020-02-06 15:09:24 - [MESSAGE][PASSED] - Delayed 1 second(s)

2020-02-06 15:09:24 - [TEST_STEP][PASSED] - waitForPageLoad(60): Wait for page load successfully

2020-02-06 15:09:24 - [MESSAGE][PASSED] - Wait for page load successfully

2020-02-06 15:09:24 - [TEST_STEP][PASSED] - "Only When Needed": null

2020-02-06 15:09:24 - [TEST_STEP][PASSED] - "----------------------------------------------": null

2020-02-06 15:09:24 - [TEST_STEP][PASSED] - "DEFAULT TAB - None - 1 Page Returned          |": null

2020-02-06 15:09:24 - [TEST_STEP][PASSED] - "----------------------------------------------": null

2020-02-06 15:09:24 - [TEST_STEP][PASSED] - "----------------------------------------------": null

2020-02-06 15:09:24 - [TEST_STEP][PASSED] - "----------------------------------------------": null

2020-02-06 15:09:24 - [TEST_STEP][PASSED] - verifyTextPresent("Contact us", false): Text 'Contact us' is present on page 

2020-02-06 15:09:25 - [MESSAGE][PASSED] - Text 'Contact us' is present on page 

2020-02-06 15:09:25 - [TEST_STEP][PASSED] - "----------------------------------------------": null

2020-02-06 15:09:25 - [TEST_STEP][PASSED] - verifyTextPresent("Please note that our offices are open from 9am to 5pm, Monday to Friday and calls to Checkatrade", false): Text 'Please note that our offices are open from 9am to 5pm, Monday to Friday and calls to Checkatrade' is present on page 

2020-02-06 15:09:25 - [MESSAGE][PASSED] - Text 'Please note that our offices are open from 9am to 5pm, Monday to Friday and calls to Checkatrade' is present on page 

2020-02-06 15:09:25 - [TEST_STEP][PASSED] - verifyTextPresent("may be monitored or recorded for verification and training purposes", false): Text 'may be monitored or recorded for verification and training purposes' is present on page 

2020-02-06 15:09:25 - [MESSAGE][PASSED] - Text 'may be monitored or recorded for verification and training purposes' is present on page 

2020-02-06 15:09:25 - [TEST_STEP][PASSED] - "----------------------------------------------": null

2020-02-06 15:09:25 - [TEST_STEP][PASSED] - "Page Body": null

2020-02-06 15:09:25 - [TEST_STEP][PASSED] - verifyTextPresent("Trades, Join Today", false): Text 'Trades, Join Today' is present on page 

2020-02-06 15:09:25 - [MESSAGE][PASSED] - Text 'Trades, Join Today' is present on page 

2020-02-06 15:09:25 - [TEST_STEP][PASSED] - verifyTextPresent("Grow your business, become a Checkatrade member", false): Text 'Grow your business, become a Checkatrade member' is present on page 

2020-02-06 15:09:25 - [MESSAGE][PASSED] - Text 'Grow your business, become a Checkatrade member' is present on page 

2020-02-06 15:09:25 - [TEST_STEP][PASSED] - verifyTextPresent("Our team are on hand to advise you on how Checkatrade can help your business and talk you through our vetting requirements", false): Text 'Our team are on hand to advise you on how Checkatrade can help your business and talk you through our vetting requirements' is present on page 

2020-02-06 15:09:25 - [MESSAGE][PASSED] - Text 'Our team are on hand to advise you on how Checkatrade can help your business and talk you through our vetting requirements' is present on page 

2020-02-06 15:09:25 - [TEST_STEP][PASSED] - verifyTextPresent("Apply Online or call", false): Text 'Apply Online or call' is present on page 

2020-02-06 15:09:25 - [MESSAGE][PASSED] - Text 'Apply Online or call' is present on page 

2020-02-06 15:09:25 - [TEST_STEP][PASSED] - contactno = "03301 626 328": null

2020-02-06 15:09:25 - [TEST_STEP][PASSED] - verifyMatch("03301 626 328", contactno, false): Actual text '03301 626 328' and expected text '03301 626 328' are matched 

2020-02-06 15:09:25 - [MESSAGE][PASSED] - Actual text '03301 626 328' and expected text '03301 626 328' are matched 

2020-02-06 15:09:25 - [TEST_STEP][PASSED] - "----------------------------------------------": null

2020-02-06 15:09:25 - [TEST_STEP][PASSED] - verifyTextPresent("Customer Service", false): Text 'Customer Service' is present on page 

2020-02-06 15:09:25 - [MESSAGE][PASSED] - Text 'Customer Service' is present on page 

2020-02-06 15:09:25 - [TEST_STEP][PASSED] - verifyTextPresent("Want to know more about Checkatrade and the checks we carry out", false): Text 'Want to know more about Checkatrade and the checks we carry out' is present on page 

2020-02-06 15:09:25 - [MESSAGE][PASSED] - Text 'Want to know more about Checkatrade and the checks we carry out' is present on page 

2020-02-06 15:09:25 - [TEST_STEP][PASSED] - verifyTextPresent("We display the results of our vetting checks on the profile page for each Checkatrade", false): Text 'We display the results of our vetting checks on the profile page for each Checkatrade' is present on page 

2020-02-06 15:09:25 - [MESSAGE][PASSED] - Text 'We display the results of our vetting checks on the profile page for each Checkatrade' is present on page 

2020-02-06 15:09:25 - [TEST_STEP][PASSED] - verifyTextPresent("member, as well as feedback about the work they have carried out. If you have any further", false): Text 'member, as well as feedback about the work they have carried out. If you have any further' is present on page 

2020-02-06 15:09:25 - [MESSAGE][PASSED] - Text 'member, as well as feedback about the work they have carried out. If you have any further' is present on page 

2020-02-06 15:09:25 - [TEST_STEP][PASSED] - verifyTextPresent("questions or are unable to access the internet, our Reception Team will be happy to help", false): Text 'questions or are unable to access the internet, our Reception Team will be happy to help' is present on page 

2020-02-06 15:09:26 - [MESSAGE][PASSED] - Text 'questions or are unable to access the internet, our Reception Team will be happy to help' is present on page 

2020-02-06 15:09:26 - [TEST_STEP][PASSED] - verifyTextPresent("Call 0333 0146 190*", false): Text 'Call 0333 0146 190*' is present on page 

2020-02-06 15:09:26 - [MESSAGE][PASSED] - Text 'Call 0333 0146 190*' is present on page 

2020-02-06 15:09:26 - [TEST_STEP][PASSED] - "----------------------------------------------": null

2020-02-06 15:09:26 - [TEST_STEP][PASSED] - verifyTextPresent("Existing Members", false): Text 'Existing Members' is present on page 

2020-02-06 15:09:26 - [MESSAGE][PASSED] - Text 'Existing Members' is present on page 

2020-02-06 15:09:26 - [TEST_STEP][PASSED] - verifyTextPresent("Are you an existing Checkatrade member with a query", false): Text 'Are you an existing Checkatrade member with a query' is present on page 

2020-02-06 15:09:26 - [MESSAGE][PASSED] - Text 'Are you an existing Checkatrade member with a query' is present on page 

2020-02-06 15:09:26 - [TEST_STEP][PASSED] - verifyTextPresent("Your dedicated Membership Advisor would be happy to help you. You can find their direct dial", false): Text 'Your dedicated Membership Advisor would be happy to help you. You can find their direct dial' is present on page 

2020-02-06 15:09:26 - [MESSAGE][PASSED] - Text 'Your dedicated Membership Advisor would be happy to help you. You can find their direct dial' is present on page 

2020-02-06 15:09:26 - [TEST_STEP][PASSED] - verifyTextPresent("phone number in your Members Area. Alternatively", false): Text 'phone number in your Members Area. Alternatively' is present on page 

2020-02-06 15:09:26 - [MESSAGE][PASSED] - Text 'phone number in your Members Area. Alternatively' is present on page 

2020-02-06 15:09:26 - [TEST_STEP][PASSED] - verifyTextPresent("call our Reception Team on 01243 601234 who will direct your call to the appropriate person", false): Text 'call our Reception Team on 01243 601234 who will direct your call to the appropriate person' is present on page 

2020-02-06 15:09:26 - [MESSAGE][PASSED] - Text 'call our Reception Team on 01243 601234 who will direct your call to the appropriate person' is present on page 

2020-02-06 15:09:26 - [TEST_STEP][PASSED] - "----------------------------------------------": null

2020-02-06 15:09:26 - [TEST_STEP][PASSED] - verifyTextPresent("Member Finance Services", false): Text 'Member Finance Services' is present on page 

2020-02-06 15:09:26 - [MESSAGE][PASSED] - Text 'Member Finance Services' is present on page 

2020-02-06 15:09:26 - [TEST_STEP][PASSED] - verifyTextPresent("Are you an existing Checkatrade member with a query regarding your payments", false): Text 'Are you an existing Checkatrade member with a query regarding your payments' is present on page 

2020-02-06 15:09:26 - [MESSAGE][PASSED] - Text 'Are you an existing Checkatrade member with a query regarding your payments' is present on page 

2020-02-06 15:09:26 - [TEST_STEP][PASSED] - verifyTextPresent("If you are an existing member with a query regarding your payments for membership", false): Text 'If you are an existing member with a query regarding your payments for membership' is present on page 

2020-02-06 15:09:26 - [MESSAGE][PASSED] - Text 'If you are an existing member with a query regarding your payments for membership' is present on page 

2020-02-06 15:09:26 - [TEST_STEP][PASSED] - verifyTextPresent("please contact our Finance Team on 01243 608808", false): Text 'please contact our Finance Team on 01243 608808' is present on page 

2020-02-06 15:09:26 - [MESSAGE][PASSED] - Text 'please contact our Finance Team on 01243 608808' is present on page 

2020-02-06 15:09:26 - [TEST_STEP][PASSED] - scrollToPosition(500, 500): Browser is scrolled to position x = 500, y = 500

2020-02-06 15:09:26 - [MESSAGE][PASSED] - Browser is scrolled to position x = 500, y = 500

2020-02-06 15:09:26 - [TEST_STEP][PASSED] - delay(1): Delayed 1 second(s)

2020-02-06 15:09:27 - [MESSAGE][PASSED] - Delayed 1 second(s)

2020-02-06 15:09:27 - [TEST_STEP][PASSED] - verifyTextPresent("Interested in a career at Checkatrade", false): Text 'Interested in a career at Checkatrade' is present on page 

2020-02-06 15:09:28 - [MESSAGE][PASSED] - Text 'Interested in a career at Checkatrade' is present on page 

2020-02-06 15:09:28 - [TEST_STEP][PASSED] - verifyTextPresent("Click here to view our current vacancies", false): Text 'Click here to view our current vacancies' is present on page 

2020-02-06 15:09:28 - [MESSAGE][PASSED] - Text 'Click here to view our current vacancies' is present on page 

2020-02-06 15:09:28 - [TEST_STEP][PASSED] - "----------------------------------------------": null

2020-02-06 15:09:28 - [TEST_STEP][PASSED] - verifyTextPresent("Where to find us", false): Text 'Where to find us' is present on page 

2020-02-06 15:09:28 - [MESSAGE][PASSED] - Text 'Where to find us' is present on page 

2020-02-06 15:09:28 - [TEST_STEP][PASSED] - verifyTextPresent("Checkatrade Portsmouth", false): Text 'Checkatrade Portsmouth' is present on page 

2020-02-06 15:09:28 - [MESSAGE][PASSED] - Text 'Checkatrade Portsmouth' is present on page 

2020-02-06 15:09:28 - [TEST_STEP][PASSED] - verifyTextPresent("Building 2000", false): Text 'Building 2000' is present on page 

2020-02-06 15:09:28 - [MESSAGE][PASSED] - Text 'Building 2000' is present on page 

2020-02-06 15:09:28 - [TEST_STEP][PASSED] - verifyTextPresent("Lakeside North Harbour", false): Text 'Lakeside North Harbour' is present on page 

2020-02-06 15:09:28 - [MESSAGE][PASSED] - Text 'Lakeside North Harbour' is present on page 

2020-02-06 15:09:28 - [TEST_STEP][PASSED] - verifyTextPresent("Western Road", false): Text 'Western Road' is present on page 

2020-02-06 15:09:28 - [MESSAGE][PASSED] - Text 'Western Road' is present on page 

2020-02-06 15:09:28 - [TEST_STEP][PASSED] - verifyTextPresent("Portsmouth", false): Text 'Portsmouth' is present on page 

2020-02-06 15:09:28 - [MESSAGE][PASSED] - Text 'Portsmouth' is present on page 

2020-02-06 15:09:28 - [TEST_STEP][PASSED] - verifyTextPresent("PO6 3EN", false): Text 'PO6 3EN' is present on page 

2020-02-06 15:09:28 - [MESSAGE][PASSED] - Text 'PO6 3EN' is present on page 

2020-02-06 15:09:28 - [TEST_STEP][PASSED] - verifyTextPresent("Tel:01243 601234", false): Text 'Tel:01243 601234' is present on page 

2020-02-06 15:09:28 - [MESSAGE][PASSED] - Text 'Tel:01243 601234' is present on page 

2020-02-06 15:09:28 - [TEST_STEP][PASSED] - verifyTextPresent("contact@checkatrade.com", false): Text 'contact@checkatrade.com' is present on page 

2020-02-06 15:09:29 - [MESSAGE][PASSED] - Text 'contact@checkatrade.com' is present on page 

2020-02-06 15:09:29 - [TEST_STEP][PASSED] - scrollToPosition(1000, 1000): Browser is scrolled to position x = 1000, y = 1000

2020-02-06 15:09:29 - [MESSAGE][PASSED] - Browser is scrolled to position x = 1000, y = 1000

2020-02-06 15:09:29 - [TEST_STEP][PASSED] - delay(1): Delayed 1 second(s)

2020-02-06 15:09:30 - [MESSAGE][PASSED] - Delayed 1 second(s)

2020-02-06 15:09:30 - [TEST_STEP][PASSED] - "----------------------------------------------": null

2020-02-06 15:09:30 - [TEST_STEP][PASSED] - "----------------------------------------------": null

2020-02-06 15:09:30 - [TEST_STEP][PASSED] - "----------------------------------------------": null

2020-02-06 15:09:30 - [TEST_STEP][PASSED] - scrollToPosition(1000, 1000): Browser is scrolled to position x = 1000, y = 1000

2020-02-06 15:09:30 - [MESSAGE][PASSED] - Browser is scrolled to position x = 1000, y = 1000

2020-02-06 15:09:30 - [TEST_STEP][PASSED] - delay(1): Delayed 1 second(s)

2020-02-06 15:09:31 - [MESSAGE][PASSED] - Delayed 1 second(s)

2020-02-06 15:09:31 - [TEST_STEP][PASSED] - "Footer": null

2020-02-06 15:09:31 - [TEST_STEP][PASSED] - "----------------------------------------------": null

2020-02-06 15:09:31 - [TEST_STEP][PASSED] - "----------------------------------------------": null

2020-02-06 15:09:31 - [TEST_STEP][PASSED] - "----------------------------------------------": null

2020-02-06 15:09:31 - [TEST_STEP][PASSED] - "----------------------------------------------": null

2020-02-06 15:09:31 - [TEST_STEP][PASSED] - verifyTextPresent("We use cookies to help make this website better", false): Text 'We use cookies to help make this website better' is present on page 

2020-02-06 15:09:31 - [MESSAGE][PASSED] - Text 'We use cookies to help make this website better' is present on page 

2020-02-06 15:09:31 - [MESSAGE][PASSED] - Call Test Case 'Test Cases/Reusable_Test_Sequences/CAT_Footer/Company/COntact_Us_Verification' successfully

2020-02-06 15:09:31 - [TEST_STEP][PASSED] - "--------------------------": null

2020-02-06 15:09:31 - [TEST_STEP][PASSED] - " Teardown - CLose Browser |": null

2020-02-06 15:09:31 - [TEST_STEP][PASSED] - callTestCase(findTestCase("Reusable_Test_Sequences/CAT_Teardown"), [:], OPTIONAL): Call Test Case 'Test Cases/Reusable_Test_Sequences/CAT_Teardown' successfully

2020-02-06 15:09:31 - [TEST_CASE][PASSED] - Test Cases/Reusable_Test_Sequences/CAT_Teardown: Test Cases/Reusable_Test_Sequences/CAT_Teardown

2020-02-06 15:09:31 - [TEST_STEP][PASSED] - closeBrowser(): Browser is closed

2020-02-06 15:09:32 - [MESSAGE][PASSED] - Browser is closed

2020-02-06 15:09:32 - [MESSAGE][PASSED] - Call Test Case 'Test Cases/Reusable_Test_Sequences/CAT_Teardown' successfully]]></system-out>
         <system-err><![CDATA[]]></system-err>
      </testcase>
      <testcase name="Test Cases/CAT_Footer/Company/Partners" time="31.351" classname="Test Cases/CAT_Footer/Company/Partners" status="PASSED">
         <system-out><![CDATA[2020-02-06 15:09:32 - [TEST_CASE][PASSED] - Test Cases/CAT_Footer/Company/Partners: Test Cases/CAT_Footer/Company/Partners

2020-02-06 15:09:32 - [TEST_STEP][PASSED] - callTestCase(findTestCase("Reusable_Test_Sequences/CAT_Setup"), [:], OPTIONAL): Call Test Case 'Test Cases/Reusable_Test_Sequences/CAT_Setup' successfully

2020-02-06 15:09:32 - [TEST_CASE][PASSED] - Test Cases/Reusable_Test_Sequences/CAT_Setup: Test Cases/Reusable_Test_Sequences/CAT_Setup

2020-02-06 15:09:32 - [TEST_STEP][PASSED] - "------------------------------": null

2020-02-06 15:09:32 - [TEST_STEP][PASSED] - " Set Mobile Device Testing    |": null

2020-02-06 15:09:32 - [TEST_STEP][PASSED] - if (Mobile_Flag == "true"): null

2020-02-06 15:09:32 - [TEST_STEP][PASSED] - "------------------------------": null

2020-02-06 15:09:32 - [TEST_STEP][PASSED] - " Set Mobile Device Testing    |": null

2020-02-06 15:09:32 - [TEST_STEP][PASSED] - "------------------------------": null

2020-02-06 15:09:32 - [TEST_STEP][PASSED] - "URL - Set from the ENVIRONMENT PROFILE ": null

2020-02-06 15:09:32 - [TEST_STEP][PASSED] - openBrowser(URL): Browser is opened with url: 'http://www.dev.checkatrade.com/'

2020-02-06 15:09:32 - [MESSAGE][INFO] - Starting 'Chrome' driver

2020-02-06 15:09:40 - [MESSAGE][PASSED] - Browser is opened with url: 'http://www.dev.checkatrade.com/'

2020-02-06 15:09:40 - [TEST_STEP][PASSED] - maximizeWindow(): Current window maximized

2020-02-06 15:09:44 - [MESSAGE][PASSED] - Current window maximized

2020-02-06 15:09:44 - [TEST_STEP][PASSED] - waitForPageLoad(60): Wait for page load successfully

2020-02-06 15:09:44 - [MESSAGE][PASSED] - Wait for page load successfully

2020-02-06 15:09:44 - [TEST_STEP][PASSED] - "Previous Functionalilty Left Commented For Ease Of reversion": null

2020-02-06 15:09:44 - [TEST_STEP][PASSED] - try: Text 'Cookie Policy' is not present on page

2020-02-06 15:09:44 - [TEST_STEP][PASSED] - verifyElementPresent(findTestObject("Object Repository/Cookies/Page_Checkatrade Find a tradesperson you can trust/button_Accept All"), 5): Object 'Object Repository/Cookies/Page_Checkatrade Find a tradesperson you can trust/button_Accept All' is present

2020-02-06 15:09:44 - [MESSAGE][PASSED] - Object 'Object Repository/Cookies/Page_Checkatrade Find a tradesperson you can trust/button_Accept All' is present

2020-02-06 15:09:44 - [TEST_STEP][PASSED] - click(findTestObject("Object Repository/Cookies/Page_Checkatrade Find a tradesperson you can trust/button_Accept All")): Object: 'Object Repository/Cookies/Page_Checkatrade Find a tradesperson you can trust/button_Accept All' is clicked on

2020-02-06 15:09:44 - [MESSAGE][PASSED] - Object: 'Object Repository/Cookies/Page_Checkatrade Find a tradesperson you can trust/button_Accept All' is clicked on

2020-02-06 15:09:44 - [TEST_STEP][PASSED] - "---------------------------------": null

2020-02-06 15:09:44 - [TEST_STEP][PASSED] - "COOKIE POPOUT REMOVED - Confirmed": null

2020-02-06 15:09:44 - [TEST_STEP][PASSED] - delay(1): Delayed 1 second(s)

2020-02-06 15:09:45 - [MESSAGE][PASSED] - Delayed 1 second(s)

2020-02-06 15:09:45 - [TEST_STEP][PASSED] - verifyTextNotPresent("We use cookies to personalise content and ads, to provide social media features and to analyse our traffic", false): Text 'We use cookies to personalise content and ads, to provide social media features and to analyse our traffic' is not present on page

2020-02-06 15:09:45 - [MESSAGE][PASSED] - Text 'We use cookies to personalise content and ads, to provide social media features and to analyse our traffic' is not present on page

2020-02-06 15:09:45 - [TEST_STEP][PASSED] - verifyTextNotPresent(" We also share information about your use of our site with our social media, advertising and analytics partners", false): Text ' We also share information about your use of our site with our social media, advertising and analytics partners' is not present on page

2020-02-06 15:09:45 - [MESSAGE][PASSED] - Text ' We also share information about your use of our site with our social media, advertising and analytics partners' is not present on page

2020-02-06 15:09:45 - [TEST_STEP][PASSED] - verifyTextNotPresent("Cookie Policy", false): Text 'Cookie Policy' is not present on page

2020-02-06 15:09:45 - [MESSAGE][PASSED] - Text 'Cookie Policy' is not present on page

2020-02-06 15:09:45 - [TEST_STEP][PASSED] - waitForPageLoad(60): Wait for page load successfully

2020-02-06 15:09:45 - [MESSAGE][PASSED] - Wait for page load successfully

2020-02-06 15:09:45 - [TEST_STEP][PASSED] - "COOKIE - ORIGINAL": null

2020-02-06 15:09:45 - [TEST_STEP][PASSED] - if (waitForElementVisible(findTestObject("Object Repository/Feedback/Page_Checkatrade Give your feedback/input_Member_to_Review"), 5)): Web element with id: 'Object Repository/Feedback/Page_Checkatrade Give your feedback/input_Member_to_Review' located by 'By.xpath: //input[@id='feedback-form__company_autocomplete_input']' not found

2020-02-06 15:09:51 - [MESSAGE][INFO] - Unable to find the element located by 'By.xpath: //input[@id='feedback-form__company_autocomplete_input']'. Please recheck the objects properties to make sure the desired element is located. 

2020-02-06 15:09:51 - [MESSAGE][WARNING] - Web element with id: 'Object Repository/Feedback/Page_Checkatrade Give your feedback/input_Member_to_Review' located by 'By.xpath: //input[@id='feedback-form__company_autocomplete_input']' not found

2020-02-06 15:09:51 - [TEST_STEP][PASSED] - else: The <<<OLD>>> Website was detected by the STARTUP Process

2020-02-06 15:09:51 - [TEST_STEP][PASSED] - if (!(verifyElementVisible(findTestObject("Object Repository/Checkatrade_Trade_Search_Page/Page_Checkatrade Find a tradesperson you can trust/input_Search_Button_FF")))): Object 'Object Repository/Checkatrade_Trade_Search_Page/Page_Checkatrade Find a tradesperson you can trust/input_Search_Button_FF' is visible

2020-02-06 15:09:51 - [MESSAGE][PASSED] - Object 'Object Repository/Checkatrade_Trade_Search_Page/Page_Checkatrade Find a tradesperson you can trust/input_Search_Button_FF' is visible

2020-02-06 15:09:51 - [TEST_STEP][PASSED] - else: The <<<OLD>>> Website was detected by the STARTUP Process

2020-02-06 15:09:51 - [TEST_STEP][PASSED] - Website_Version = "old": null

2020-02-06 15:09:51 - [TEST_STEP][PASSED] - logInfo("The <<<OLD>>> Website was detected by the STARTUP Process"): The <<<OLD>>> Website was detected by the STARTUP Process

2020-02-06 15:09:51 - [MESSAGE][INFO] - The <<<OLD>>> Website was detected by the STARTUP Process

2020-02-06 15:09:51 - [MESSAGE][PASSED] - Call Test Case 'Test Cases/Reusable_Test_Sequences/CAT_Setup' successfully

2020-02-06 15:09:51 - [TEST_STEP][PASSED] - callTestCase(findTestCase("Reusable_Test_Sequences/CAT_Home"), [:], CONTINUE_ON_FAILURE): Call Test Case 'Test Cases/Reusable_Test_Sequences/CAT_Home' successfully

2020-02-06 15:09:51 - [TEST_CASE][PASSED] - Test Cases/Reusable_Test_Sequences/CAT_Home: Test Cases/Reusable_Test_Sequences/CAT_Home

2020-02-06 15:09:51 - [TEST_STEP][PASSED] - waitForPageLoad(60): Wait for page load successfully

2020-02-06 15:09:51 - [MESSAGE][PASSED] - Wait for page load successfully

2020-02-06 15:09:51 - [TEST_STEP][PASSED] - delay(2): Delayed 2 second(s)

2020-02-06 15:09:53 - [MESSAGE][PASSED] - Delayed 2 second(s)

2020-02-06 15:09:53 - [TEST_STEP][PASSED] - "------------------------------------": null

2020-02-06 15:09:53 - [TEST_STEP][PASSED] - if (Website_Version == "new"): null

2020-02-06 15:09:53 - [TEST_STEP][PASSED] - else: Text 'Over a million visits to Checkatrade each month' is present on page 

2020-02-06 15:09:53 - [TEST_STEP][PASSED] - verifyTextPresent("Helping you find the right trade or service", false): Text 'Helping you find the right trade or service' is present on page 

2020-02-06 15:09:53 - [MESSAGE][PASSED] - Text 'Helping you find the right trade or service' is present on page 

2020-02-06 15:09:53 - [TEST_STEP][PASSED] - verifyTextPresent("Search through over", false): Text 'Search through over' is present on page 

2020-02-06 15:09:53 - [MESSAGE][PASSED] - Text 'Search through over' is present on page 

2020-02-06 15:09:53 - [TEST_STEP][PASSED] - verifyTextPresent("recommended, vetted and monitored trades and service providers for free.", false): Text 'recommended, vetted and monitored trades and service providers for free.' is present on page 

2020-02-06 15:09:54 - [MESSAGE][PASSED] - Text 'recommended, vetted and monitored trades and service providers for free.' is present on page 

2020-02-06 15:09:54 - [TEST_STEP][PASSED] - verifyTextPresent("reviews published so far – thank you!", false): Text 'reviews published so far – thank you!' is present on page 

2020-02-06 15:09:54 - [MESSAGE][PASSED] - Text 'reviews published so far – thank you!' is present on page 

2020-02-06 15:09:54 - [TEST_STEP][PASSED] - verifyTextPresent("I need a trade or service", false): Text 'I need a trade or service' is present on page 

2020-02-06 15:09:54 - [MESSAGE][PASSED] - Text 'I need a trade or service' is present on page 

2020-02-06 15:09:54 - [TEST_STEP][PASSED] - verifyTextPresent("Every trader thoroughly checked and vetted", false): Text 'Every trader thoroughly checked and vetted' is present on page 

2020-02-06 15:09:54 - [MESSAGE][PASSED] - Text 'Every trader thoroughly checked and vetted' is present on page 

2020-02-06 15:09:54 - [TEST_STEP][PASSED] - "------------------------------------": null

2020-02-06 15:09:54 - [TEST_STEP][PASSED] - verifyTextPresent("reviews published so far – thank you!", false): Text 'reviews published so far – thank you!' is present on page 

2020-02-06 15:09:54 - [MESSAGE][PASSED] - Text 'reviews published so far – thank you!' is present on page 

2020-02-06 15:09:54 - [TEST_STEP][PASSED] - verifyTextPresent("Find out more", false): Text 'Find out more' is present on page 

2020-02-06 15:09:54 - [MESSAGE][PASSED] - Text 'Find out more' is present on page 

2020-02-06 15:09:54 - [TEST_STEP][PASSED] - verifyTextPresent("I am a tradesman", false): Text 'I am a tradesman' is present on page 

2020-02-06 15:09:54 - [MESSAGE][PASSED] - Text 'I am a tradesman' is present on page 

2020-02-06 15:09:54 - [TEST_STEP][PASSED] - verifyTextPresent("Find out more", false): Text 'Find out more' is present on page 

2020-02-06 15:09:54 - [MESSAGE][PASSED] - Text 'Find out more' is present on page 

2020-02-06 15:09:54 - [TEST_STEP][PASSED] - verifyTextPresent("Over a million visits to Checkatrade each month", false): Text 'Over a million visits to Checkatrade each month' is present on page 

2020-02-06 15:09:54 - [MESSAGE][PASSED] - Text 'Over a million visits to Checkatrade each month' is present on page 

2020-02-06 15:09:54 - [MESSAGE][PASSED] - Call Test Case 'Test Cases/Reusable_Test_Sequences/CAT_Home' successfully

2020-02-06 15:09:54 - [TEST_STEP][PASSED] - "---------------------------------------": null

2020-02-06 15:09:54 - [TEST_STEP][PASSED] - " Navigate to Trades->Find out More     |": null

2020-02-06 15:09:54 - [TEST_STEP][PASSED] - scrollToElement(findTestObject("Object Repository/CAT_Footer/Page_Checkatrade Find a tradesperson you can trust/div_Partners"), 3): Scroll to object 'Object Repository/CAT_Footer/Page_Checkatrade Find a tradesperson you can trust/div_Partners' successfully

2020-02-06 15:09:54 - [MESSAGE][PASSED] - Scroll to object 'Object Repository/CAT_Footer/Page_Checkatrade Find a tradesperson you can trust/div_Partners' successfully

2020-02-06 15:09:54 - [TEST_STEP][PASSED] - click(findTestObject("Object Repository/CAT_Footer/Page_Checkatrade Find a tradesperson you can trust/div_Partners")): Object: 'Object Repository/CAT_Footer/Page_Checkatrade Find a tradesperson you can trust/div_Partners' is clicked on

2020-02-06 15:09:56 - [MESSAGE][PASSED] - Object: 'Object Repository/CAT_Footer/Page_Checkatrade Find a tradesperson you can trust/div_Partners' is clicked on

2020-02-06 15:09:56 - [TEST_STEP][PASSED] - "---------------------------------------": null

2020-02-06 15:09:56 - [TEST_STEP][PASSED] - " Verify Returned Page is as Expected   |": null

2020-02-06 15:09:56 - [TEST_STEP][PASSED] - callTestCase(findTestCase("Reusable_Test_Sequences/CAT_Footer/Company/Partners_Verification"), [:], CONTINUE_ON_FAILURE): Call Test Case 'Test Cases/Reusable_Test_Sequences/CAT_Footer/Company/Partners_Verification' successfully

2020-02-06 15:09:56 - [TEST_CASE][PASSED] - Test Cases/Reusable_Test_Sequences/CAT_Footer/Company/Partners_Verification: Test Cases/Reusable_Test_Sequences/CAT_Footer/Company/Partners_Verification

2020-02-06 15:09:56 - [TEST_STEP][PASSED] - delay(1): Delayed 1 second(s)

2020-02-06 15:09:57 - [MESSAGE][PASSED] - Delayed 1 second(s)

2020-02-06 15:09:57 - [TEST_STEP][PASSED] - waitForPageLoad(60): Wait for page load successfully

2020-02-06 15:09:57 - [MESSAGE][PASSED] - Wait for page load successfully

2020-02-06 15:09:57 - [TEST_STEP][PASSED] - "Only When Needed": null

2020-02-06 15:09:57 - [TEST_STEP][PASSED] - "----------------------------------------------": null

2020-02-06 15:09:57 - [TEST_STEP][PASSED] - "DEFAULT TAB - None - 1 Page Returned          |": null

2020-02-06 15:09:57 - [TEST_STEP][PASSED] - "----------------------------------------------": null

2020-02-06 15:09:57 - [TEST_STEP][PASSED] - "----------------------------------------------": null

2020-02-06 15:09:57 - [TEST_STEP][PASSED] - "----------------------------------------------": null

2020-02-06 15:09:57 - [TEST_STEP][PASSED] - verifyTextPresent("Branded partnerships", false): Text 'Branded partnerships' is present on page 

2020-02-06 15:09:58 - [MESSAGE][PASSED] - Text 'Branded partnerships' is present on page 

2020-02-06 15:09:58 - [TEST_STEP][PASSED] - "----------------------------------------------": null

2020-02-06 15:09:58 - [TEST_STEP][PASSED] - verifyTextPresent("The NSBRC is the UK’s only permanent visitor centre for self & custom", false): Text 'The NSBRC is the UK’s only permanent visitor centre for self & custom' is present on page 

2020-02-06 15:09:58 - [MESSAGE][PASSED] - Text 'The NSBRC is the UK’s only permanent visitor centre for self & custom' is present on page 

2020-02-06 15:09:58 - [TEST_STEP][PASSED] - verifyTextPresent("Abzorb can provide any handset on any of the 3 major networks.  Make use of full business", false): Text 'Abzorb can provide any handset on any of the 3 major networks.  Make use of full business' is present on page 

2020-02-06 15:09:58 - [MESSAGE][PASSED] - Text 'Abzorb can provide any handset on any of the 3 major networks.  Make use of full business' is present on page 

2020-02-06 15:09:58 - [TEST_STEP][PASSED] - verifyTextPresent("At Cat, we take industry-wide standards of safety and durability", false): Text 'At Cat, we take industry-wide standards of safety and durability' is present on page 

2020-02-06 15:09:58 - [MESSAGE][PASSED] - Text 'At Cat, we take industry-wide standards of safety and durability' is present on page 

2020-02-06 15:09:58 - [TEST_STEP][PASSED] - verifyTextPresent("Wave 105 is the market leading commercial radio station", false): Text 'Wave 105 is the market leading commercial radio station' is present on page 

2020-02-06 15:09:58 - [MESSAGE][PASSED] - Text 'Wave 105 is the market leading commercial radio station' is present on page 

2020-02-06 15:09:58 - [TEST_STEP][PASSED] - scrollToPosition(500, 500): Browser is scrolled to position x = 500, y = 500

2020-02-06 15:09:58 - [MESSAGE][PASSED] - Browser is scrolled to position x = 500, y = 500

2020-02-06 15:09:58 - [TEST_STEP][PASSED] - delay(1): Delayed 1 second(s)

2020-02-06 15:09:59 - [MESSAGE][PASSED] - Delayed 1 second(s)

2020-02-06 15:09:59 - [TEST_STEP][PASSED] - verifyTextPresent("Buckinghamshire & Surrey Trading Standards and Checkatrade", false): Text 'Buckinghamshire & Surrey Trading Standards and Checkatrade' is present on page 

2020-02-06 15:09:59 - [MESSAGE][PASSED] - Text 'Buckinghamshire & Surrey Trading Standards and Checkatrade' is present on page 

2020-02-06 15:09:59 - [TEST_STEP][PASSED] - verifyTextPresent("Simply Business is trusted by over 400,000 customers ", false): Text 'Simply Business is trusted by over 400,000 customers ' is present on page 

2020-02-06 15:09:59 - [MESSAGE][PASSED] - Text 'Simply Business is trusted by over 400,000 customers ' is present on page 

2020-02-06 15:09:59 - [TEST_STEP][PASSED] - verifyTextPresent("Kent County Council Trading Standards and Checkatrade are working", false): Text 'Kent County Council Trading Standards and Checkatrade are working' is present on page 

2020-02-06 15:09:59 - [MESSAGE][PASSED] - Text 'Kent County Council Trading Standards and Checkatrade are working' is present on page 

2020-02-06 15:09:59 - [TEST_STEP][PASSED] - verifyTextPresent("Nottinghamshire County Council Trading Standards are working", false): Text 'Nottinghamshire County Council Trading Standards are working' is present on page 

2020-02-06 15:09:59 - [MESSAGE][PASSED] - Text 'Nottinghamshire County Council Trading Standards are working' is present on page 

2020-02-06 15:09:59 - [TEST_STEP][PASSED] - verifyTextPresent("Gate Safe is a national charity which campaigns for the improved safety", false): Text 'Gate Safe is a national charity which campaigns for the improved safety' is present on page 

2020-02-06 15:09:59 - [MESSAGE][PASSED] - Text 'Gate Safe is a national charity which campaigns for the improved safety' is present on page 

2020-02-06 15:09:59 - [TEST_STEP][PASSED] - verifyTextPresent("At ITS, we understand that in order for you to complete a job", false): Text 'At ITS, we understand that in order for you to complete a job' is present on page 

2020-02-06 15:10:00 - [MESSAGE][PASSED] - Text 'At ITS, we understand that in order for you to complete a job' is present on page 

2020-02-06 15:10:00 - [TEST_STEP][PASSED] - scrollToPosition(1000, 1000): Browser is scrolled to position x = 1000, y = 1000

2020-02-06 15:10:00 - [MESSAGE][PASSED] - Browser is scrolled to position x = 1000, y = 1000

2020-02-06 15:10:00 - [TEST_STEP][PASSED] - delay(1): Delayed 1 second(s)

2020-02-06 15:10:01 - [MESSAGE][PASSED] - Delayed 1 second(s)

2020-02-06 15:10:01 - [TEST_STEP][PASSED] - verifyTextPresent("Avoid cheques with our low cost credit and debit card acceptance service", false): Text 'Avoid cheques with our low cost credit and debit card acceptance service' is present on page 

2020-02-06 15:10:01 - [MESSAGE][PASSED] - Text 'Avoid cheques with our low cost credit and debit card acceptance service' is present on page 

2020-02-06 15:10:01 - [TEST_STEP][PASSED] - verifyTextPresent("WEX Europe Services, the owner of the Esso Card™ fuel card portfolio", false): Text 'WEX Europe Services, the owner of the Esso Card™ fuel card portfolio' is present on page 

2020-02-06 15:10:01 - [MESSAGE][PASSED] - Text 'WEX Europe Services, the owner of the Esso Card™ fuel card portfolio' is present on page 

2020-02-06 15:10:01 - [TEST_STEP][PASSED] - scrollToPosition(1000, 1000): Browser is scrolled to position x = 1000, y = 1000

2020-02-06 15:10:01 - [MESSAGE][PASSED] - Browser is scrolled to position x = 1000, y = 1000

2020-02-06 15:10:01 - [TEST_STEP][PASSED] - delay(1): Delayed 1 second(s)

2020-02-06 15:10:02 - [MESSAGE][PASSED] - Delayed 1 second(s)

2020-02-06 15:10:02 - [TEST_STEP][PASSED] - "Footer": null

2020-02-06 15:10:02 - [TEST_STEP][PASSED] - verifyTextPresent("We use cookies to help make this website better", false): Text 'We use cookies to help make this website better' is present on page 

2020-02-06 15:10:02 - [MESSAGE][PASSED] - Text 'We use cookies to help make this website better' is present on page 

2020-02-06 15:10:02 - [MESSAGE][PASSED] - Call Test Case 'Test Cases/Reusable_Test_Sequences/CAT_Footer/Company/Partners_Verification' successfully

2020-02-06 15:10:02 - [TEST_STEP][PASSED] - "--------------------------": null

2020-02-06 15:10:02 - [TEST_STEP][PASSED] - " Teardown - CLose Browser |": null

2020-02-06 15:10:02 - [TEST_STEP][PASSED] - callTestCase(findTestCase("Reusable_Test_Sequences/CAT_Teardown"), [:], OPTIONAL): Call Test Case 'Test Cases/Reusable_Test_Sequences/CAT_Teardown' successfully

2020-02-06 15:10:02 - [TEST_CASE][PASSED] - Test Cases/Reusable_Test_Sequences/CAT_Teardown: Test Cases/Reusable_Test_Sequences/CAT_Teardown

2020-02-06 15:10:02 - [TEST_STEP][PASSED] - closeBrowser(): Browser is closed

2020-02-06 15:10:03 - [MESSAGE][PASSED] - Browser is closed

2020-02-06 15:10:03 - [MESSAGE][PASSED] - Call Test Case 'Test Cases/Reusable_Test_Sequences/CAT_Teardown' successfully]]></system-out>
         <system-err><![CDATA[]]></system-err>
      </testcase>
      <system-out><![CDATA[2020-02-06 15:06:28 - [TEST_SUITE][PASSED] - CAT_Footer: Test Cases/CAT_Footer/Company/Partners]]></system-out>
      <system-err><![CDATA[]]></system-err>
   </testsuite>
</testsuites>
