<?xml version="1.0" encoding="UTF-8"?>
<testsuites name="Trade_Name_Multiple_Search" time="559.256" tests="2" failures="0" errors="0">
   <testsuite name="Trade_Name_Multiple_Search" tests="2" failures="0" errors="0" time="559.256" timestamp="2020-04-20 15:18:21" hostname="DavidHo - 192.168.1.238" id="Test Suites/Trade_Name_Multiple_Search">
      <properties>
         <property name="deviceName" value=""/>
         <property name="devicePlatform" value=""/>
         <property name="logFolder" value="C:\\Users\\davidho\\git\\src\\Reports\\20200420_150151\\Trade_Name_Multiple_Search\\20200420_150158"/>
         <property name="logFiles" value="C:\\Users\\davidho\\git\\src\\Reports\\20200420_150151\\Trade_Name_Multiple_Search\\20200420_150158\\execution0.log"/>
         <property name="attachments" value=""/>
         <property name="hostName" value="DavidHo - 192.168.1.238"/>
         <property name="os" value="Windows 10 32bit"/>
         <property name="katalonVersion" value="7.3.1.1"/>
         <property name="browser" value="Firefox 74.0"/>
         <property name="hostAddress" value="192.168.1.238"/>
         <property name="sessionId" value="b2fb9fca-6a31-4682-bb40-d9d6226e3b9f"/>
         <property name="seleniumVersion" value="3.141.59"/>
         <property name="proxyInformation" value="ProxyInformation{proxyOption=NO_PROXY, proxyServerType=HTTP, password=, proxyServerAddress=, proxyServerPort=0, executionList=}"/>
         <property name="platform" value="Windows 10"/>
      </properties>
      <testcase name="Test Cases/Checkatrade_Tradesman_Searches/Trade_Name_Search_Multiple" time="255.214" classname="Test Cases/Checkatrade_Tradesman_Searches/Trade_Name_Search_Multiple" status="PASSED">
         <system-out><![CDATA[2020-04-20 15:18:22 - [TEST_CASE][PASSED] - Test Cases/Checkatrade_Tradesman_Searches/Trade_Name_Search_Multiple: Test Cases/Checkatrade_Tradesman_Searches/Trade_Name_Search_Multiple

2020-04-20 15:18:22 - [TEST_STEP][PASSED] - for ([row = 1, row <= findTestData("Search_CAT_ID_Data (1)").getRowNumbers(), (internal.GlobalVariable.row++)]): Call Test Case 'Test Cases/Reusable_Test_Sequences/CAT_Teardown' successfully

2020-04-20 15:18:26 - [TEST_STEP][PASSED] - callTestCase(findTestCase("Reusable_Test_Sequences/CAT_Setup"), [:], STOP_ON_FAILURE): Call Test Case 'Test Cases/Reusable_Test_Sequences/CAT_Setup' successfully

2020-04-20 15:18:26 - [TEST_CASE][PASSED] - Test Cases/Reusable_Test_Sequences/CAT_Setup: Test Cases/Reusable_Test_Sequences/CAT_Setup

2020-04-20 15:18:26 - [TEST_STEP][PASSED] - "------------------------------": null

2020-04-20 15:18:26 - [TEST_STEP][PASSED] - " Set Mobile Device Testing    |": null

2020-04-20 15:18:26 - [TEST_STEP][PASSED] - if (Mobile_Flag == "true"): null

2020-04-20 15:18:26 - [TEST_STEP][PASSED] - "------------------------------": null

2020-04-20 15:18:26 - [TEST_STEP][PASSED] - " Set Mobile Device Testing    |": null

2020-04-20 15:18:26 - [TEST_STEP][PASSED] - "------------------------------": null

2020-04-20 15:18:26 - [TEST_STEP][PASSED] - "URL - Set from the ENVIRONMENT PROFILE ": null

2020-04-20 15:18:26 - [TEST_STEP][PASSED] - openBrowser(URL): Browser is opened with url: 'https://www.preview.checkatrade.com/'

2020-04-20 15:18:27 - [MESSAGE][INFO] - Starting 'Firefox' driver

2020-04-20 15:18:27 - [MESSAGE][INFO] - Action delay is set to 0 milliseconds

2020-04-20 15:18:40 - [MESSAGE][PASSED] - Browser is opened with url: 'https://www.preview.checkatrade.com/'

2020-04-20 15:18:40 - [TEST_STEP][PASSED] - maximizeWindow(): Current window maximized

2020-04-20 15:18:40 - [MESSAGE][PASSED] - Current window maximized

2020-04-20 15:18:40 - [TEST_STEP][PASSED] - waitForPageLoad(60): Wait for page load successfully

2020-04-20 15:18:40 - [MESSAGE][PASSED] - Wait for page load successfully

2020-04-20 15:18:40 - [TEST_STEP][PASSED] - "Previous Functionalilty Left Commented For Ease Of reversion": null

2020-04-20 15:18:40 - [TEST_STEP][PASSED] - " Katalon Try/Catches currently have issues? SEE HEADER": null

2020-04-20 15:18:40 - [TEST_STEP][PASSED] - try: Text 'Cookie Policy' is not present on page

2020-04-20 15:18:40 - [TEST_STEP][PASSED] - verifyElementPresent(findTestObject("Object Repository/Cookies/Page_Checkatrade Find a tradesperson you can trust/button_Accept All"), 5, OPTIONAL): Object 'Object Repository/Cookies/Page_Checkatrade Find a tradesperson you can trust/button_Accept All' is present

2020-04-20 15:18:40 - [MESSAGE][PASSED] - Object 'Object Repository/Cookies/Page_Checkatrade Find a tradesperson you can trust/button_Accept All' is present

2020-04-20 15:18:40 - [TEST_STEP][PASSED] - click(findTestObject("Object Repository/Cookies/Page_Checkatrade Find a tradesperson you can trust/button_Accept All"), OPTIONAL): Object: 'Object Repository/Cookies/Page_Checkatrade Find a tradesperson you can trust/button_Accept All' is clicked on

2020-04-20 15:18:41 - [MESSAGE][PASSED] - Object: 'Object Repository/Cookies/Page_Checkatrade Find a tradesperson you can trust/button_Accept All' is clicked on

2020-04-20 15:18:41 - [TEST_STEP][PASSED] - "---------------------------------": null

2020-04-20 15:18:41 - [TEST_STEP][PASSED] - "COOKIE POPOUT REMOVED - Confirmed": null

2020-04-20 15:18:41 - [TEST_STEP][PASSED] - delay(1): Delayed 1 second(s)

2020-04-20 15:18:42 - [MESSAGE][PASSED] - Delayed 1 second(s)

2020-04-20 15:18:42 - [TEST_STEP][PASSED] - verifyTextNotPresent("We use cookies to personalise content and ads, to provide social media features and to analyse our traffic", false): Text 'We use cookies to personalise content and ads, to provide social media features and to analyse our traffic' is not present on page

2020-04-20 15:18:42 - [MESSAGE][PASSED] - Text 'We use cookies to personalise content and ads, to provide social media features and to analyse our traffic' is not present on page

2020-04-20 15:18:42 - [TEST_STEP][PASSED] - verifyTextNotPresent(" We also share information about your use of our site with our social media, advertising and analytics partners", false): Text ' We also share information about your use of our site with our social media, advertising and analytics partners' is not present on page

2020-04-20 15:18:43 - [MESSAGE][PASSED] - Text ' We also share information about your use of our site with our social media, advertising and analytics partners' is not present on page

2020-04-20 15:18:43 - [TEST_STEP][PASSED] - verifyTextNotPresent("Cookie Policy", false): Text 'Cookie Policy' is not present on page

2020-04-20 15:18:44 - [MESSAGE][PASSED] - Text 'Cookie Policy' is not present on page

2020-04-20 15:18:44 - [TEST_STEP][PASSED] - waitForPageLoad(60): Wait for page load successfully

2020-04-20 15:18:44 - [MESSAGE][PASSED] - Wait for page load successfully

2020-04-20 15:18:44 - [TEST_STEP][PASSED] - "COOKIE - ORIGINAL": null

2020-04-20 15:18:44 - [TEST_STEP][PASSED] - if (waitForElementVisible(findTestObject("Object Repository/Feedback/Page_Checkatrade Give your feedback/input_Member_to_Review"), 5)): Web element with id: 'Object Repository/Feedback/Page_Checkatrade Give your feedback/input_Member_to_Review' located by 'By.xpath: //input[@id='feedback-form__company_autocomplete_input']' not found

2020-04-20 15:18:49 - [MESSAGE][INFO] - Unable to find the element located by 'By.xpath: //input[@id='feedback-form__company_autocomplete_input']'. Please recheck the objects properties to make sure the desired element is located. 

2020-04-20 15:18:49 - [MESSAGE][WARNING] - Web element with id: 'Object Repository/Feedback/Page_Checkatrade Give your feedback/input_Member_to_Review' located by 'By.xpath: //input[@id='feedback-form__company_autocomplete_input']' not found

2020-04-20 15:18:49 - [TEST_STEP][PASSED] - else: The <<<OLD>>> Website was detected by the STARTUP Process

2020-04-20 15:18:49 - [TEST_STEP][PASSED] - if (!(verifyElementVisible(findTestObject("Object Repository/Checkatrade_Trade_Search_Page/Page_Checkatrade Find a tradesperson you can trust/input_Search_Button_FF")))): Object 'Object Repository/Checkatrade_Trade_Search_Page/Page_Checkatrade Find a tradesperson you can trust/input_Search_Button_FF' is visible

2020-04-20 15:18:49 - [MESSAGE][PASSED] - Object 'Object Repository/Checkatrade_Trade_Search_Page/Page_Checkatrade Find a tradesperson you can trust/input_Search_Button_FF' is visible

2020-04-20 15:18:49 - [TEST_STEP][PASSED] - else: The <<<OLD>>> Website was detected by the STARTUP Process

2020-04-20 15:18:49 - [TEST_STEP][PASSED] - Website_Version = "old": null

2020-04-20 15:18:49 - [TEST_STEP][PASSED] - logInfo("The <<<OLD>>> Website was detected by the STARTUP Process"): The <<<OLD>>> Website was detected by the STARTUP Process

2020-04-20 15:18:49 - [MESSAGE][INFO] - The <<<OLD>>> Website was detected by the STARTUP Process

2020-04-20 15:18:49 - [MESSAGE][PASSED] - Call Test Case 'Test Cases/Reusable_Test_Sequences/CAT_Setup' successfully

2020-04-20 15:18:49 - [TEST_STEP][PASSED] - callTestCase(findTestCase("Reusable_Test_Sequences/CAT_Home"), [:], CONTINUE_ON_FAILURE): Call Test Case 'Test Cases/Reusable_Test_Sequences/CAT_Home' successfully

2020-04-20 15:18:49 - [TEST_CASE][PASSED] - Test Cases/Reusable_Test_Sequences/CAT_Home: Test Cases/Reusable_Test_Sequences/CAT_Home

2020-04-20 15:18:50 - [TEST_STEP][PASSED] - waitForPageLoad(60): Wait for page load successfully

2020-04-20 15:18:50 - [MESSAGE][PASSED] - Wait for page load successfully

2020-04-20 15:18:50 - [TEST_STEP][PASSED] - delay(2): Delayed 2 second(s)

2020-04-20 15:18:52 - [MESSAGE][PASSED] - Delayed 2 second(s)

2020-04-20 15:18:53 - [TEST_STEP][PASSED] - "------------------------------------": null

2020-04-20 15:18:53 - [TEST_STEP][PASSED] - if (Website_Version == "new"): null

2020-04-20 15:18:53 - [TEST_STEP][PASSED] - else: Text 'Over a million visits to Checkatrade each month' is present on page 

2020-04-20 15:18:53 - [TEST_STEP][PASSED] - verifyTextPresent("Helping you find the right trade or service", false): Text 'Helping you find the right trade or service' is present on page 

2020-04-20 15:18:54 - [MESSAGE][PASSED] - Text 'Helping you find the right trade or service' is present on page 

2020-04-20 15:18:54 - [TEST_STEP][PASSED] - verifyTextPresent("Search through over", false): Text 'Search through over' is present on page 

2020-04-20 15:18:55 - [MESSAGE][PASSED] - Text 'Search through over' is present on page 

2020-04-20 15:18:55 - [TEST_STEP][PASSED] - verifyTextPresent("recommended, vetted and monitored trades and service providers for free.", false): Text 'recommended, vetted and monitored trades and service providers for free.' is present on page 

2020-04-20 15:18:57 - [MESSAGE][PASSED] - Text 'recommended, vetted and monitored trades and service providers for free.' is present on page 

2020-04-20 15:18:57 - [TEST_STEP][PASSED] - verifyTextPresent("reviews published so far – thank you!", false): Text 'reviews published so far – thank you!' is present on page 

2020-04-20 15:18:58 - [MESSAGE][PASSED] - Text 'reviews published so far – thank you!' is present on page 

2020-04-20 15:18:58 - [TEST_STEP][PASSED] - verifyTextPresent("I need a trade or service", false): Text 'I need a trade or service' is present on page 

2020-04-20 15:18:59 - [MESSAGE][PASSED] - Text 'I need a trade or service' is present on page 

2020-04-20 15:18:59 - [TEST_STEP][PASSED] - verifyTextPresent("Every trader thoroughly checked and vetted", false): Text 'Every trader thoroughly checked and vetted' is present on page 

2020-04-20 15:19:00 - [MESSAGE][PASSED] - Text 'Every trader thoroughly checked and vetted' is present on page 

2020-04-20 15:19:00 - [TEST_STEP][PASSED] - "------------------------------------": null

2020-04-20 15:19:00 - [TEST_STEP][PASSED] - verifyTextPresent("reviews published so far – thank you!", false): Text 'reviews published so far – thank you!' is present on page 

2020-04-20 15:19:00 - [MESSAGE][PASSED] - Text 'reviews published so far – thank you!' is present on page 

2020-04-20 15:19:00 - [TEST_STEP][PASSED] - verifyTextPresent("Find out more", false): Text 'Find out more' is present on page 

2020-04-20 15:19:01 - [MESSAGE][PASSED] - Text 'Find out more' is present on page 

2020-04-20 15:19:01 - [TEST_STEP][PASSED] - verifyTextPresent("I am a tradesman", false): Text 'I am a tradesman' is present on page 

2020-04-20 15:19:02 - [MESSAGE][PASSED] - Text 'I am a tradesman' is present on page 

2020-04-20 15:19:02 - [TEST_STEP][PASSED] - verifyTextPresent("Find out more", false): Text 'Find out more' is present on page 

2020-04-20 15:19:02 - [MESSAGE][PASSED] - Text 'Find out more' is present on page 

2020-04-20 15:19:02 - [TEST_STEP][PASSED] - verifyTextPresent("Over a million visits to Checkatrade each month", false): Text 'Over a million visits to Checkatrade each month' is present on page 

2020-04-20 15:19:03 - [MESSAGE][PASSED] - Text 'Over a million visits to Checkatrade each month' is present on page 

2020-04-20 15:19:03 - [MESSAGE][PASSED] - Call Test Case 'Test Cases/Reusable_Test_Sequences/CAT_Home' successfully

2020-04-20 15:19:03 - [TEST_STEP][PASSED] - "---------------------------------------------------------------------": null

2020-04-20 15:19:03 - [TEST_STEP][PASSED] - " Select Search on Trader Name (or ID) From Home page/Search Screen   |": null

2020-04-20 15:19:03 - [TEST_STEP][PASSED] - callTestCase(findTestCase("Reusable_Test_Sequences/CAT_Click_Search_Trade_Name"), [:], STOP_ON_FAILURE): Call Test Case 'Test Cases/Reusable_Test_Sequences/CAT_Click_Search_Trade_Name' successfully

2020-04-20 15:19:03 - [TEST_CASE][PASSED] - Test Cases/Reusable_Test_Sequences/CAT_Click_Search_Trade_Name: Test Cases/Reusable_Test_Sequences/CAT_Click_Search_Trade_Name

2020-04-20 15:19:03 - [TEST_STEP][PASSED] - waitForPageLoad(60): Wait for page load successfully

2020-04-20 15:19:03 - [MESSAGE][PASSED] - Wait for page load successfully

2020-04-20 15:19:03 - [TEST_STEP][PASSED] - if (Website_Version != "new"): Object: 'Object Repository/Page_Checkatrade Find a tradesperson you can trust/a_or look up a member by name' is clicked on

2020-04-20 15:19:03 - [TEST_STEP][PASSED] - waitForElementClickable(findTestObject("Object Repository/Page_Checkatrade Find a tradesperson you can trust/a_or look up a member by name"), 5): Object 'Object Repository/Page_Checkatrade Find a tradesperson you can trust/a_or look up a member by name' is clickable

2020-04-20 15:19:03 - [MESSAGE][PASSED] - Object 'Object Repository/Page_Checkatrade Find a tradesperson you can trust/a_or look up a member by name' is clickable

2020-04-20 15:19:03 - [TEST_STEP][PASSED] - click(findTestObject("Object Repository/Page_Checkatrade Find a tradesperson you can trust/a_or look up a member by name")): Object: 'Object Repository/Page_Checkatrade Find a tradesperson you can trust/a_or look up a member by name' is clicked on

2020-04-20 15:19:04 - [MESSAGE][PASSED] - Object: 'Object Repository/Page_Checkatrade Find a tradesperson you can trust/a_or look up a member by name' is clicked on

2020-04-20 15:19:04 - [TEST_STEP][PASSED] - if (Website_Version != "old"): null

2020-04-20 15:19:04 - [TEST_STEP][PASSED] - waitForPageLoad(60): Wait for page load successfully

2020-04-20 15:19:04 - [MESSAGE][PASSED] - Wait for page load successfully

2020-04-20 15:19:04 - [MESSAGE][PASSED] - Call Test Case 'Test Cases/Reusable_Test_Sequences/CAT_Click_Search_Trade_Name' successfully

2020-04-20 15:19:04 - [TEST_STEP][PASSED] - "---------------------------------------": null

2020-04-20 15:19:04 - [TEST_STEP][PASSED] - " Enter Trader Name (or ID) to Search   |": null

2020-04-20 15:19:04 - [TEST_STEP][PASSED] - callTestCase(findTestCase("Reusable_Test_Sequences/CAT_Enter_Trade_Name"), [:], STOP_ON_FAILURE): Call Test Case 'Test Cases/Reusable_Test_Sequences/CAT_Enter_Trade_Name' successfully

2020-04-20 15:19:04 - [TEST_CASE][PASSED] - Test Cases/Reusable_Test_Sequences/CAT_Enter_Trade_Name: Test Cases/Reusable_Test_Sequences/CAT_Enter_Trade_Name

2020-04-20 15:19:04 - [TEST_STEP][PASSED] - if (Website_Version != "new"): Text '218020' is set on object 'Object Repository/Page_Checkatrade Find a tradesperson you can trust/Trader_Name_To_Search'

2020-04-20 15:19:04 - [TEST_STEP][PASSED] - setText(findTestObject("Page_Checkatrade Find a tradesperson you can trust/Trader_Name_To_Search"), findTestData("Search_CAT_ID_Data (1)").getValue("tradeName", row)): Text '218020' is set on object 'Object Repository/Page_Checkatrade Find a tradesperson you can trust/Trader_Name_To_Search'

2020-04-20 15:19:04 - [MESSAGE][PASSED] - Text '218020' is set on object 'Object Repository/Page_Checkatrade Find a tradesperson you can trust/Trader_Name_To_Search'

2020-04-20 15:19:04 - [TEST_STEP][PASSED] - if (verifyTextNotPresent("Sorry, no results found", false)): null

2020-04-20 15:19:05 - [MESSAGE][PASSED] - Text 'Sorry, no results found' is not present on page

2020-04-20 15:19:05 - [TEST_STEP][PASSED] - markPassed("The Expected Lookup Result(s) ARE being returned by the Lookup Service, AS EXPECTED"): The Expected Lookup Result(s) ARE being returned by the Lookup Service, AS EXPECTED

2020-04-20 15:19:05 - [MESSAGE][PASSED] - The Expected Lookup Result(s) ARE being returned by the Lookup Service, AS EXPECTED

2020-04-20 15:19:05 - [MESSAGE][PASSED] - Call Test Case 'Test Cases/Reusable_Test_Sequences/CAT_Enter_Trade_Name' successfully

2020-04-20 15:19:05 - [TEST_STEP][PASSED] - "---------------------------------------": null

2020-04-20 15:19:05 - [TEST_STEP][PASSED] - " Search Trader Name (or ID)            |": null

2020-04-20 15:19:05 - [TEST_STEP][PASSED] - callTestCase(findTestCase("Reusable_Test_Sequences/CAT_Search_Trade_Name"), [:], STOP_ON_FAILURE): Call Test Case 'Test Cases/Reusable_Test_Sequences/CAT_Search_Trade_Name' successfully

2020-04-20 15:19:05 - [TEST_CASE][PASSED] - Test Cases/Reusable_Test_Sequences/CAT_Search_Trade_Name: Test Cases/Reusable_Test_Sequences/CAT_Search_Trade_Name

2020-04-20 15:19:05 - [TEST_STEP][PASSED] - "Hit Search Trade Person by Name (or CAT ID) after parameters are entered": null

2020-04-20 15:19:05 - [TEST_STEP][PASSED] - waitForPageLoad(60): Wait for page load successfully

2020-04-20 15:19:05 - [MESSAGE][PASSED] - Wait for page load successfully

2020-04-20 15:19:05 - [TEST_STEP][PASSED] - delay(2): Delayed 2 second(s)

2020-04-20 15:19:07 - [MESSAGE][PASSED] - Delayed 2 second(s)

2020-04-20 15:19:07 - [TEST_STEP][PASSED] - if (Website_Version == "new"): null

2020-04-20 15:19:07 - [TEST_STEP][PASSED] - else: Object: 'Object Repository/Page_Checkatrade Find a tradesperson you can trust/span_Trade_Name' is clicked on

2020-04-20 15:19:07 - [TEST_STEP][PASSED] - waitForElementClickable(findTestObject("Page_Checkatrade Find a tradesperson you can trust/span_Trade_Name"), 60): Object 'Object Repository/Page_Checkatrade Find a tradesperson you can trust/span_Trade_Name' is clickable

2020-04-20 15:19:07 - [MESSAGE][PASSED] - Object 'Object Repository/Page_Checkatrade Find a tradesperson you can trust/span_Trade_Name' is clickable

2020-04-20 15:19:07 - [TEST_STEP][PASSED] - click(findTestObject("Page_Checkatrade Find a tradesperson you can trust/span_Trade_Name")): Object: 'Object Repository/Page_Checkatrade Find a tradesperson you can trust/span_Trade_Name' is clicked on

2020-04-20 15:19:11 - [MESSAGE][PASSED] - Object: 'Object Repository/Page_Checkatrade Find a tradesperson you can trust/span_Trade_Name' is clicked on

2020-04-20 15:19:11 - [TEST_STEP][PASSED] - delay(2): Delayed 2 second(s)

2020-04-20 15:19:13 - [MESSAGE][PASSED] - Delayed 2 second(s)

2020-04-20 15:19:13 - [TEST_STEP][PASSED] - waitForPageLoad(60): Wait for page load successfully

2020-04-20 15:19:13 - [MESSAGE][PASSED] - Wait for page load successfully

2020-04-20 15:19:13 - [MESSAGE][PASSED] - Call Test Case 'Test Cases/Reusable_Test_Sequences/CAT_Search_Trade_Name' successfully

2020-04-20 15:19:13 - [TEST_STEP][PASSED] - "------------------------------------------": null

2020-04-20 15:19:13 - [TEST_STEP][PASSED] - " Scroll to Page Footer to Reveal Results  |": null

2020-04-20 15:19:13 - [TEST_STEP][PASSED] - callTestCase(findTestCase("Reusable_Test_Sequences/CAT_Scroll_to_Footer"), [:], CONTINUE_ON_FAILURE): Call Test Case 'Test Cases/Reusable_Test_Sequences/CAT_Scroll_to_Footer' successfully

2020-04-20 15:19:13 - [TEST_CASE][PASSED] - Test Cases/Reusable_Test_Sequences/CAT_Scroll_to_Footer: Test Cases/Reusable_Test_Sequences/CAT_Scroll_to_Footer

2020-04-20 15:19:13 - [TEST_STEP][PASSED] - "-----------------------------------------------------": null

2020-04-20 15:19:13 - [TEST_STEP][PASSED] - " Major changes factored into function 05/12/2019     |": null

2020-04-20 15:19:13 - [TEST_STEP][PASSED] - "-----------------------------------------------------": null

2020-04-20 15:19:13 - [TEST_STEP][PASSED] - "Animation Removed ": null

2020-04-20 15:19:13 - [TEST_STEP][PASSED] - "Scroll - To Footer on the bottom of the page (sometime off the screen) ": null

2020-04-20 15:19:13 - [TEST_STEP][PASSED] - waitForPageLoad(60): Wait for page load successfully

2020-04-20 15:19:13 - [MESSAGE][PASSED] - Wait for page load successfully

2020-04-20 15:19:13 - [TEST_STEP][PASSED] - scrollToPosition(999, 999): Browser is scrolled to position x = 999, y = 999

2020-04-20 15:19:13 - [MESSAGE][PASSED] - Browser is scrolled to position x = 999, y = 999

2020-04-20 15:19:13 - [TEST_STEP][PASSED] - delay(1): Delayed 1 second(s)

2020-04-20 15:19:14 - [MESSAGE][PASSED] - Delayed 1 second(s)

2020-04-20 15:19:14 - [MESSAGE][PASSED] - Call Test Case 'Test Cases/Reusable_Test_Sequences/CAT_Scroll_to_Footer' successfully

2020-04-20 15:19:14 - [TEST_STEP][PASSED] - "------------------------------------------": null

2020-04-20 15:19:14 - [TEST_STEP][PASSED] - " Verify Correct Location is Returned     |": null

2020-04-20 15:19:14 - [TEST_STEP][PASSED] - callTestCase(findTestCase("Reusable_Test_Sequences/CAT_Verification_Location"), [:], CONTINUE_ON_FAILURE): Call Test Case 'Test Cases/Reusable_Test_Sequences/CAT_Verification_Location' successfully

2020-04-20 15:19:14 - [TEST_CASE][PASSED] - Test Cases/Reusable_Test_Sequences/CAT_Verification_Location: Test Cases/Reusable_Test_Sequences/CAT_Verification_Location

2020-04-20 15:19:15 - [TEST_STEP][PASSED] - waitForPageLoad(60): Wait for page load successfully

2020-04-20 15:19:15 - [MESSAGE][PASSED] - Wait for page load successfully

2020-04-20 15:19:15 - [TEST_STEP][PASSED] - verifyTextPresent(findTestData("Search_CAT_ID_Data (1)").getValue("tradeNameLocationVerification", row), false): Text 'Gosport, Hampshire' is present on page 

2020-04-20 15:19:16 - [MESSAGE][PASSED] - Text 'Gosport, Hampshire' is present on page 

2020-04-20 15:19:16 - [MESSAGE][PASSED] - Call Test Case 'Test Cases/Reusable_Test_Sequences/CAT_Verification_Location' successfully

2020-04-20 15:19:16 - [TEST_STEP][PASSED] - "------------------------------------------": null

2020-04-20 15:19:16 - [TEST_STEP][PASSED] - " Verify Primary Contact is Returned     |": null

2020-04-20 15:19:16 - [TEST_STEP][PASSED] - callTestCase(findTestCase("Reusable_Test_Sequences/CAT_Verification_Primary_Contact"), [:], CONTINUE_ON_FAILURE): Call Test Case 'Test Cases/Reusable_Test_Sequences/CAT_Verification_Primary_Contact' successfully

2020-04-20 15:19:16 - [TEST_CASE][PASSED] - Test Cases/Reusable_Test_Sequences/CAT_Verification_Primary_Contact: Test Cases/Reusable_Test_Sequences/CAT_Verification_Primary_Contact

2020-04-20 15:19:16 - [TEST_STEP][PASSED] - verifyTextPresent(findTestData("Search_CAT_ID_Data (1)").getValue("primeContact", row), false): Text 'Jim Foster' is present on page 

2020-04-20 15:19:17 - [MESSAGE][PASSED] - Text 'Jim Foster' is present on page 

2020-04-20 15:19:17 - [MESSAGE][PASSED] - Call Test Case 'Test Cases/Reusable_Test_Sequences/CAT_Verification_Primary_Contact' successfully

2020-04-20 15:19:17 - [TEST_STEP][PASSED] - "--------------------------": null

2020-04-20 15:19:17 - [TEST_STEP][PASSED] - " Teardown - CLose Browser |": null

2020-04-20 15:19:17 - [TEST_STEP][PASSED] - callTestCase(findTestCase("Reusable_Test_Sequences/CAT_Teardown"), [:], OPTIONAL): Call Test Case 'Test Cases/Reusable_Test_Sequences/CAT_Teardown' successfully

2020-04-20 15:19:17 - [TEST_CASE][PASSED] - Test Cases/Reusable_Test_Sequences/CAT_Teardown: Test Cases/Reusable_Test_Sequences/CAT_Teardown

2020-04-20 15:19:17 - [TEST_STEP][PASSED] - closeBrowser(): Browser is closed

2020-04-20 15:19:20 - [MESSAGE][PASSED] - Browser is closed

2020-04-20 15:19:20 - [TEST_STEP][PASSED] - super.finalize(): null

2020-04-20 15:19:20 - [TEST_STEP][PASSED] - System.gc(): null

2020-04-20 15:19:21 - [MESSAGE][PASSED] - Call Test Case 'Test Cases/Reusable_Test_Sequences/CAT_Teardown' successfully

2020-04-20 15:19:21 - [TEST_STEP][PASSED] - callTestCase(findTestCase("Reusable_Test_Sequences/CAT_Setup"), [:], STOP_ON_FAILURE): Call Test Case 'Test Cases/Reusable_Test_Sequences/CAT_Setup' successfully

2020-04-20 15:19:21 - [TEST_CASE][PASSED] - Test Cases/Reusable_Test_Sequences/CAT_Setup: Test Cases/Reusable_Test_Sequences/CAT_Setup

2020-04-20 15:19:21 - [TEST_STEP][PASSED] - "------------------------------": null

2020-04-20 15:19:21 - [TEST_STEP][PASSED] - " Set Mobile Device Testing    |": null

2020-04-20 15:19:21 - [TEST_STEP][PASSED] - if (Mobile_Flag == "true"): null

2020-04-20 15:19:21 - [TEST_STEP][PASSED] - "------------------------------": null

2020-04-20 15:19:21 - [TEST_STEP][PASSED] - " Set Mobile Device Testing    |": null

2020-04-20 15:19:21 - [TEST_STEP][PASSED] - "------------------------------": null

2020-04-20 15:19:21 - [TEST_STEP][PASSED] - "URL - Set from the ENVIRONMENT PROFILE ": null

2020-04-20 15:19:21 - [TEST_STEP][PASSED] - openBrowser(URL): Browser is opened with url: 'https://www.preview.checkatrade.com/'

2020-04-20 15:19:21 - [MESSAGE][INFO] - Starting 'Firefox' driver

2020-04-20 15:19:21 - [MESSAGE][INFO] - Action delay is set to 0 milliseconds

2020-04-20 15:19:30 - [MESSAGE][PASSED] - Browser is opened with url: 'https://www.preview.checkatrade.com/'

2020-04-20 15:19:30 - [TEST_STEP][PASSED] - maximizeWindow(): Current window maximized

2020-04-20 15:19:31 - [MESSAGE][PASSED] - Current window maximized

2020-04-20 15:19:31 - [TEST_STEP][PASSED] - waitForPageLoad(60): Wait for page load successfully

2020-04-20 15:19:31 - [MESSAGE][PASSED] - Wait for page load successfully

2020-04-20 15:19:31 - [TEST_STEP][PASSED] - "Previous Functionalilty Left Commented For Ease Of reversion": null

2020-04-20 15:19:31 - [TEST_STEP][PASSED] - " Katalon Try/Catches currently have issues? SEE HEADER": null

2020-04-20 15:19:31 - [TEST_STEP][PASSED] - try: Text 'Cookie Policy' is not present on page

2020-04-20 15:19:31 - [TEST_STEP][PASSED] - verifyElementPresent(findTestObject("Object Repository/Cookies/Page_Checkatrade Find a tradesperson you can trust/button_Accept All"), 5, OPTIONAL): Object 'Object Repository/Cookies/Page_Checkatrade Find a tradesperson you can trust/button_Accept All' is present

2020-04-20 15:19:31 - [MESSAGE][PASSED] - Object 'Object Repository/Cookies/Page_Checkatrade Find a tradesperson you can trust/button_Accept All' is present

2020-04-20 15:19:31 - [TEST_STEP][PASSED] - click(findTestObject("Object Repository/Cookies/Page_Checkatrade Find a tradesperson you can trust/button_Accept All"), OPTIONAL): Object: 'Object Repository/Cookies/Page_Checkatrade Find a tradesperson you can trust/button_Accept All' is clicked on

2020-04-20 15:19:32 - [MESSAGE][PASSED] - Object: 'Object Repository/Cookies/Page_Checkatrade Find a tradesperson you can trust/button_Accept All' is clicked on

2020-04-20 15:19:32 - [TEST_STEP][PASSED] - "---------------------------------": null

2020-04-20 15:19:32 - [TEST_STEP][PASSED] - "COOKIE POPOUT REMOVED - Confirmed": null

2020-04-20 15:19:32 - [TEST_STEP][PASSED] - delay(1): Delayed 1 second(s)

2020-04-20 15:19:33 - [MESSAGE][PASSED] - Delayed 1 second(s)

2020-04-20 15:19:33 - [TEST_STEP][PASSED] - verifyTextNotPresent("We use cookies to personalise content and ads, to provide social media features and to analyse our traffic", false): Text 'We use cookies to personalise content and ads, to provide social media features and to analyse our traffic' is not present on page

2020-04-20 15:19:33 - [MESSAGE][PASSED] - Text 'We use cookies to personalise content and ads, to provide social media features and to analyse our traffic' is not present on page

2020-04-20 15:19:33 - [TEST_STEP][PASSED] - verifyTextNotPresent(" We also share information about your use of our site with our social media, advertising and analytics partners", false): Text ' We also share information about your use of our site with our social media, advertising and analytics partners' is not present on page

2020-04-20 15:19:34 - [MESSAGE][PASSED] - Text ' We also share information about your use of our site with our social media, advertising and analytics partners' is not present on page

2020-04-20 15:19:34 - [TEST_STEP][PASSED] - verifyTextNotPresent("Cookie Policy", false): Text 'Cookie Policy' is not present on page

2020-04-20 15:19:35 - [MESSAGE][PASSED] - Text 'Cookie Policy' is not present on page

2020-04-20 15:19:35 - [TEST_STEP][PASSED] - waitForPageLoad(60): Wait for page load successfully

2020-04-20 15:19:35 - [MESSAGE][PASSED] - Wait for page load successfully

2020-04-20 15:19:35 - [TEST_STEP][PASSED] - "COOKIE - ORIGINAL": null

2020-04-20 15:19:35 - [TEST_STEP][PASSED] - if (waitForElementVisible(findTestObject("Object Repository/Feedback/Page_Checkatrade Give your feedback/input_Member_to_Review"), 5)): Web element with id: 'Object Repository/Feedback/Page_Checkatrade Give your feedback/input_Member_to_Review' located by 'By.xpath: //input[@id='feedback-form__company_autocomplete_input']' not found

2020-04-20 15:19:40 - [MESSAGE][INFO] - Unable to find the element located by 'By.xpath: //input[@id='feedback-form__company_autocomplete_input']'. Please recheck the objects properties to make sure the desired element is located. 

2020-04-20 15:19:40 - [MESSAGE][WARNING] - Web element with id: 'Object Repository/Feedback/Page_Checkatrade Give your feedback/input_Member_to_Review' located by 'By.xpath: //input[@id='feedback-form__company_autocomplete_input']' not found

2020-04-20 15:19:40 - [TEST_STEP][PASSED] - else: The <<<OLD>>> Website was detected by the STARTUP Process

2020-04-20 15:19:40 - [TEST_STEP][PASSED] - if (!(verifyElementVisible(findTestObject("Object Repository/Checkatrade_Trade_Search_Page/Page_Checkatrade Find a tradesperson you can trust/input_Search_Button_FF")))): Object 'Object Repository/Checkatrade_Trade_Search_Page/Page_Checkatrade Find a tradesperson you can trust/input_Search_Button_FF' is visible

2020-04-20 15:19:40 - [MESSAGE][PASSED] - Object 'Object Repository/Checkatrade_Trade_Search_Page/Page_Checkatrade Find a tradesperson you can trust/input_Search_Button_FF' is visible

2020-04-20 15:19:40 - [TEST_STEP][PASSED] - else: The <<<OLD>>> Website was detected by the STARTUP Process

2020-04-20 15:19:40 - [TEST_STEP][PASSED] - Website_Version = "old": null

2020-04-20 15:19:40 - [TEST_STEP][PASSED] - logInfo("The <<<OLD>>> Website was detected by the STARTUP Process"): The <<<OLD>>> Website was detected by the STARTUP Process

2020-04-20 15:19:40 - [MESSAGE][INFO] - The <<<OLD>>> Website was detected by the STARTUP Process

2020-04-20 15:19:40 - [MESSAGE][PASSED] - Call Test Case 'Test Cases/Reusable_Test_Sequences/CAT_Setup' successfully

2020-04-20 15:19:40 - [TEST_STEP][PASSED] - callTestCase(findTestCase("Reusable_Test_Sequences/CAT_Home"), [:], CONTINUE_ON_FAILURE): Call Test Case 'Test Cases/Reusable_Test_Sequences/CAT_Home' successfully

2020-04-20 15:19:40 - [TEST_CASE][PASSED] - Test Cases/Reusable_Test_Sequences/CAT_Home: Test Cases/Reusable_Test_Sequences/CAT_Home

2020-04-20 15:19:40 - [TEST_STEP][PASSED] - waitForPageLoad(60): Wait for page load successfully

2020-04-20 15:19:40 - [MESSAGE][PASSED] - Wait for page load successfully

2020-04-20 15:19:40 - [TEST_STEP][PASSED] - delay(2): Delayed 2 second(s)

2020-04-20 15:19:42 - [MESSAGE][PASSED] - Delayed 2 second(s)

2020-04-20 15:19:42 - [TEST_STEP][PASSED] - "------------------------------------": null

2020-04-20 15:19:42 - [TEST_STEP][PASSED] - if (Website_Version == "new"): null

2020-04-20 15:19:42 - [TEST_STEP][PASSED] - else: Text 'Over a million visits to Checkatrade each month' is present on page 

2020-04-20 15:19:42 - [TEST_STEP][PASSED] - verifyTextPresent("Helping you find the right trade or service", false): Text 'Helping you find the right trade or service' is present on page 

2020-04-20 15:19:43 - [MESSAGE][PASSED] - Text 'Helping you find the right trade or service' is present on page 

2020-04-20 15:19:43 - [TEST_STEP][PASSED] - verifyTextPresent("Search through over", false): Text 'Search through over' is present on page 

2020-04-20 15:19:44 - [MESSAGE][PASSED] - Text 'Search through over' is present on page 

2020-04-20 15:19:44 - [TEST_STEP][PASSED] - verifyTextPresent("recommended, vetted and monitored trades and service providers for free.", false): Text 'recommended, vetted and monitored trades and service providers for free.' is present on page 

2020-04-20 15:19:45 - [MESSAGE][PASSED] - Text 'recommended, vetted and monitored trades and service providers for free.' is present on page 

2020-04-20 15:19:45 - [TEST_STEP][PASSED] - verifyTextPresent("reviews published so far – thank you!", false): Text 'reviews published so far – thank you!' is present on page 

2020-04-20 15:19:46 - [MESSAGE][PASSED] - Text 'reviews published so far – thank you!' is present on page 

2020-04-20 15:19:46 - [TEST_STEP][PASSED] - verifyTextPresent("I need a trade or service", false): Text 'I need a trade or service' is present on page 

2020-04-20 15:19:48 - [MESSAGE][PASSED] - Text 'I need a trade or service' is present on page 

2020-04-20 15:19:48 - [TEST_STEP][PASSED] - verifyTextPresent("Every trader thoroughly checked and vetted", false): Text 'Every trader thoroughly checked and vetted' is present on page 

2020-04-20 15:19:49 - [MESSAGE][PASSED] - Text 'Every trader thoroughly checked and vetted' is present on page 

2020-04-20 15:19:49 - [TEST_STEP][PASSED] - "------------------------------------": null

2020-04-20 15:19:49 - [TEST_STEP][PASSED] - verifyTextPresent("reviews published so far – thank you!", false): Text 'reviews published so far – thank you!' is present on page 

2020-04-20 15:19:50 - [MESSAGE][PASSED] - Text 'reviews published so far – thank you!' is present on page 

2020-04-20 15:19:50 - [TEST_STEP][PASSED] - verifyTextPresent("Find out more", false): Text 'Find out more' is present on page 

2020-04-20 15:19:51 - [MESSAGE][PASSED] - Text 'Find out more' is present on page 

2020-04-20 15:19:51 - [TEST_STEP][PASSED] - verifyTextPresent("I am a tradesman", false): Text 'I am a tradesman' is present on page 

2020-04-20 15:19:52 - [MESSAGE][PASSED] - Text 'I am a tradesman' is present on page 

2020-04-20 15:19:52 - [TEST_STEP][PASSED] - verifyTextPresent("Find out more", false): Text 'Find out more' is present on page 

2020-04-20 15:19:53 - [MESSAGE][PASSED] - Text 'Find out more' is present on page 

2020-04-20 15:19:53 - [TEST_STEP][PASSED] - verifyTextPresent("Over a million visits to Checkatrade each month", false): Text 'Over a million visits to Checkatrade each month' is present on page 

2020-04-20 15:19:54 - [MESSAGE][PASSED] - Text 'Over a million visits to Checkatrade each month' is present on page 

2020-04-20 15:19:54 - [MESSAGE][PASSED] - Call Test Case 'Test Cases/Reusable_Test_Sequences/CAT_Home' successfully

2020-04-20 15:19:54 - [TEST_STEP][PASSED] - "---------------------------------------------------------------------": null

2020-04-20 15:19:54 - [TEST_STEP][PASSED] - " Select Search on Trader Name (or ID) From Home page/Search Screen   |": null

2020-04-20 15:19:54 - [TEST_STEP][PASSED] - callTestCase(findTestCase("Reusable_Test_Sequences/CAT_Click_Search_Trade_Name"), [:], STOP_ON_FAILURE): Call Test Case 'Test Cases/Reusable_Test_Sequences/CAT_Click_Search_Trade_Name' successfully

2020-04-20 15:19:54 - [TEST_CASE][PASSED] - Test Cases/Reusable_Test_Sequences/CAT_Click_Search_Trade_Name: Test Cases/Reusable_Test_Sequences/CAT_Click_Search_Trade_Name

2020-04-20 15:19:54 - [TEST_STEP][PASSED] - waitForPageLoad(60): Wait for page load successfully

2020-04-20 15:19:54 - [MESSAGE][PASSED] - Wait for page load successfully

2020-04-20 15:19:54 - [TEST_STEP][PASSED] - if (Website_Version != "new"): Object: 'Object Repository/Page_Checkatrade Find a tradesperson you can trust/a_or look up a member by name' is clicked on

2020-04-20 15:19:54 - [TEST_STEP][PASSED] - waitForElementClickable(findTestObject("Object Repository/Page_Checkatrade Find a tradesperson you can trust/a_or look up a member by name"), 5): Object 'Object Repository/Page_Checkatrade Find a tradesperson you can trust/a_or look up a member by name' is clickable

2020-04-20 15:19:54 - [MESSAGE][PASSED] - Object 'Object Repository/Page_Checkatrade Find a tradesperson you can trust/a_or look up a member by name' is clickable

2020-04-20 15:19:54 - [TEST_STEP][PASSED] - click(findTestObject("Object Repository/Page_Checkatrade Find a tradesperson you can trust/a_or look up a member by name")): Object: 'Object Repository/Page_Checkatrade Find a tradesperson you can trust/a_or look up a member by name' is clicked on

2020-04-20 15:19:54 - [MESSAGE][PASSED] - Object: 'Object Repository/Page_Checkatrade Find a tradesperson you can trust/a_or look up a member by name' is clicked on

2020-04-20 15:19:54 - [TEST_STEP][PASSED] - if (Website_Version != "old"): null

2020-04-20 15:19:54 - [TEST_STEP][PASSED] - waitForPageLoad(60): Wait for page load successfully

2020-04-20 15:19:54 - [MESSAGE][PASSED] - Wait for page load successfully

2020-04-20 15:19:54 - [MESSAGE][PASSED] - Call Test Case 'Test Cases/Reusable_Test_Sequences/CAT_Click_Search_Trade_Name' successfully

2020-04-20 15:19:54 - [TEST_STEP][PASSED] - "---------------------------------------": null

2020-04-20 15:19:54 - [TEST_STEP][PASSED] - " Enter Trader Name (or ID) to Search   |": null

2020-04-20 15:19:54 - [TEST_STEP][PASSED] - callTestCase(findTestCase("Reusable_Test_Sequences/CAT_Enter_Trade_Name"), [:], STOP_ON_FAILURE): Call Test Case 'Test Cases/Reusable_Test_Sequences/CAT_Enter_Trade_Name' successfully

2020-04-20 15:19:54 - [TEST_CASE][PASSED] - Test Cases/Reusable_Test_Sequences/CAT_Enter_Trade_Name: Test Cases/Reusable_Test_Sequences/CAT_Enter_Trade_Name

2020-04-20 15:19:54 - [TEST_STEP][PASSED] - if (Website_Version != "new"): Text '402921' is set on object 'Object Repository/Page_Checkatrade Find a tradesperson you can trust/Trader_Name_To_Search'

2020-04-20 15:19:54 - [TEST_STEP][PASSED] - setText(findTestObject("Page_Checkatrade Find a tradesperson you can trust/Trader_Name_To_Search"), findTestData("Search_CAT_ID_Data (1)").getValue("tradeName", row)): Text '402921' is set on object 'Object Repository/Page_Checkatrade Find a tradesperson you can trust/Trader_Name_To_Search'

2020-04-20 15:19:55 - [MESSAGE][PASSED] - Text '402921' is set on object 'Object Repository/Page_Checkatrade Find a tradesperson you can trust/Trader_Name_To_Search'

2020-04-20 15:19:55 - [TEST_STEP][PASSED] - if (verifyTextNotPresent("Sorry, no results found", false)): null

2020-04-20 15:19:56 - [MESSAGE][PASSED] - Text 'Sorry, no results found' is not present on page

2020-04-20 15:19:56 - [TEST_STEP][PASSED] - markPassed("The Expected Lookup Result(s) ARE being returned by the Lookup Service, AS EXPECTED"): The Expected Lookup Result(s) ARE being returned by the Lookup Service, AS EXPECTED

2020-04-20 15:19:56 - [MESSAGE][PASSED] - The Expected Lookup Result(s) ARE being returned by the Lookup Service, AS EXPECTED

2020-04-20 15:19:56 - [MESSAGE][PASSED] - Call Test Case 'Test Cases/Reusable_Test_Sequences/CAT_Enter_Trade_Name' successfully

2020-04-20 15:19:56 - [TEST_STEP][PASSED] - "---------------------------------------": null

2020-04-20 15:19:56 - [TEST_STEP][PASSED] - " Search Trader Name (or ID)            |": null

2020-04-20 15:19:56 - [TEST_STEP][PASSED] - callTestCase(findTestCase("Reusable_Test_Sequences/CAT_Search_Trade_Name"), [:], STOP_ON_FAILURE): Call Test Case 'Test Cases/Reusable_Test_Sequences/CAT_Search_Trade_Name' successfully

2020-04-20 15:19:56 - [TEST_CASE][PASSED] - Test Cases/Reusable_Test_Sequences/CAT_Search_Trade_Name: Test Cases/Reusable_Test_Sequences/CAT_Search_Trade_Name

2020-04-20 15:19:56 - [TEST_STEP][PASSED] - "Hit Search Trade Person by Name (or CAT ID) after parameters are entered": null

2020-04-20 15:19:56 - [TEST_STEP][PASSED] - waitForPageLoad(60): Wait for page load successfully

2020-04-20 15:19:56 - [MESSAGE][PASSED] - Wait for page load successfully

2020-04-20 15:19:56 - [TEST_STEP][PASSED] - delay(2): Delayed 2 second(s)

2020-04-20 15:19:58 - [MESSAGE][PASSED] - Delayed 2 second(s)

2020-04-20 15:19:58 - [TEST_STEP][PASSED] - if (Website_Version == "new"): null

2020-04-20 15:19:58 - [TEST_STEP][PASSED] - else: Object: 'Object Repository/Page_Checkatrade Find a tradesperson you can trust/span_Trade_Name' is clicked on

2020-04-20 15:19:58 - [TEST_STEP][PASSED] - waitForElementClickable(findTestObject("Page_Checkatrade Find a tradesperson you can trust/span_Trade_Name"), 60): Object 'Object Repository/Page_Checkatrade Find a tradesperson you can trust/span_Trade_Name' is clickable

2020-04-20 15:19:58 - [MESSAGE][PASSED] - Object 'Object Repository/Page_Checkatrade Find a tradesperson you can trust/span_Trade_Name' is clickable

2020-04-20 15:19:58 - [TEST_STEP][PASSED] - click(findTestObject("Page_Checkatrade Find a tradesperson you can trust/span_Trade_Name")): Object: 'Object Repository/Page_Checkatrade Find a tradesperson you can trust/span_Trade_Name' is clicked on

2020-04-20 15:20:00 - [MESSAGE][PASSED] - Object: 'Object Repository/Page_Checkatrade Find a tradesperson you can trust/span_Trade_Name' is clicked on

2020-04-20 15:20:00 - [TEST_STEP][PASSED] - delay(2): Delayed 2 second(s)

2020-04-20 15:20:02 - [MESSAGE][PASSED] - Delayed 2 second(s)

2020-04-20 15:20:02 - [TEST_STEP][PASSED] - waitForPageLoad(60): Wait for page load successfully

2020-04-20 15:20:02 - [MESSAGE][PASSED] - Wait for page load successfully

2020-04-20 15:20:02 - [MESSAGE][PASSED] - Call Test Case 'Test Cases/Reusable_Test_Sequences/CAT_Search_Trade_Name' successfully

2020-04-20 15:20:02 - [TEST_STEP][PASSED] - "------------------------------------------": null

2020-04-20 15:20:02 - [TEST_STEP][PASSED] - " Scroll to Page Footer to Reveal Results  |": null

2020-04-20 15:20:02 - [TEST_STEP][PASSED] - callTestCase(findTestCase("Reusable_Test_Sequences/CAT_Scroll_to_Footer"), [:], CONTINUE_ON_FAILURE): Call Test Case 'Test Cases/Reusable_Test_Sequences/CAT_Scroll_to_Footer' successfully

2020-04-20 15:20:02 - [TEST_CASE][PASSED] - Test Cases/Reusable_Test_Sequences/CAT_Scroll_to_Footer: Test Cases/Reusable_Test_Sequences/CAT_Scroll_to_Footer

2020-04-20 15:20:02 - [TEST_STEP][PASSED] - "-----------------------------------------------------": null

2020-04-20 15:20:02 - [TEST_STEP][PASSED] - " Major changes factored into function 05/12/2019     |": null

2020-04-20 15:20:02 - [TEST_STEP][PASSED] - "-----------------------------------------------------": null

2020-04-20 15:20:02 - [TEST_STEP][PASSED] - "Animation Removed ": null

2020-04-20 15:20:02 - [TEST_STEP][PASSED] - "Scroll - To Footer on the bottom of the page (sometime off the screen) ": null

2020-04-20 15:20:02 - [TEST_STEP][PASSED] - waitForPageLoad(60): Wait for page load successfully

2020-04-20 15:20:02 - [MESSAGE][PASSED] - Wait for page load successfully

2020-04-20 15:20:02 - [TEST_STEP][PASSED] - scrollToPosition(999, 999): Browser is scrolled to position x = 999, y = 999

2020-04-20 15:20:02 - [MESSAGE][PASSED] - Browser is scrolled to position x = 999, y = 999

2020-04-20 15:20:02 - [TEST_STEP][PASSED] - delay(1): Delayed 1 second(s)

2020-04-20 15:20:03 - [MESSAGE][PASSED] - Delayed 1 second(s)

2020-04-20 15:20:03 - [MESSAGE][PASSED] - Call Test Case 'Test Cases/Reusable_Test_Sequences/CAT_Scroll_to_Footer' successfully

2020-04-20 15:20:03 - [TEST_STEP][PASSED] - "------------------------------------------": null

2020-04-20 15:20:03 - [TEST_STEP][PASSED] - " Verify Correct Location is Returned     |": null

2020-04-20 15:20:03 - [TEST_STEP][PASSED] - callTestCase(findTestCase("Reusable_Test_Sequences/CAT_Verification_Location"), [:], CONTINUE_ON_FAILURE): Call Test Case 'Test Cases/Reusable_Test_Sequences/CAT_Verification_Location' successfully

2020-04-20 15:20:03 - [TEST_CASE][PASSED] - Test Cases/Reusable_Test_Sequences/CAT_Verification_Location: Test Cases/Reusable_Test_Sequences/CAT_Verification_Location

2020-04-20 15:20:03 - [TEST_STEP][PASSED] - waitForPageLoad(60): Wait for page load successfully

2020-04-20 15:20:03 - [MESSAGE][PASSED] - Wait for page load successfully

2020-04-20 15:20:03 - [TEST_STEP][PASSED] - verifyTextPresent(findTestData("Search_CAT_ID_Data (1)").getValue("tradeNameLocationVerification", row), false): Text 'Retford, Nottinghamshire' is present on page 

2020-04-20 15:20:04 - [MESSAGE][PASSED] - Text 'Retford, Nottinghamshire' is present on page 

2020-04-20 15:20:04 - [MESSAGE][PASSED] - Call Test Case 'Test Cases/Reusable_Test_Sequences/CAT_Verification_Location' successfully

2020-04-20 15:20:04 - [TEST_STEP][PASSED] - "------------------------------------------": null

2020-04-20 15:20:04 - [TEST_STEP][PASSED] - " Verify Primary Contact is Returned     |": null

2020-04-20 15:20:04 - [TEST_STEP][PASSED] - callTestCase(findTestCase("Reusable_Test_Sequences/CAT_Verification_Primary_Contact"), [:], CONTINUE_ON_FAILURE): Call Test Case 'Test Cases/Reusable_Test_Sequences/CAT_Verification_Primary_Contact' successfully

2020-04-20 15:20:04 - [TEST_CASE][PASSED] - Test Cases/Reusable_Test_Sequences/CAT_Verification_Primary_Contact: Test Cases/Reusable_Test_Sequences/CAT_Verification_Primary_Contact

2020-04-20 15:20:04 - [TEST_STEP][PASSED] - verifyTextPresent(findTestData("Search_CAT_ID_Data (1)").getValue("primeContact", row), false): Text 'James Burton' is present on page 

2020-04-20 15:20:05 - [MESSAGE][PASSED] - Text 'James Burton' is present on page 

2020-04-20 15:20:05 - [MESSAGE][PASSED] - Call Test Case 'Test Cases/Reusable_Test_Sequences/CAT_Verification_Primary_Contact' successfully

2020-04-20 15:20:05 - [TEST_STEP][PASSED] - "--------------------------": null

2020-04-20 15:20:05 - [TEST_STEP][PASSED] - " Teardown - CLose Browser |": null

2020-04-20 15:20:05 - [TEST_STEP][PASSED] - callTestCase(findTestCase("Reusable_Test_Sequences/CAT_Teardown"), [:], OPTIONAL): Call Test Case 'Test Cases/Reusable_Test_Sequences/CAT_Teardown' successfully

2020-04-20 15:20:05 - [TEST_CASE][PASSED] - Test Cases/Reusable_Test_Sequences/CAT_Teardown: Test Cases/Reusable_Test_Sequences/CAT_Teardown

2020-04-20 15:20:05 - [TEST_STEP][PASSED] - closeBrowser(): Browser is closed

2020-04-20 15:20:07 - [MESSAGE][PASSED] - Browser is closed

2020-04-20 15:20:07 - [TEST_STEP][PASSED] - super.finalize(): null

2020-04-20 15:20:07 - [TEST_STEP][PASSED] - System.gc(): null

2020-04-20 15:20:07 - [MESSAGE][PASSED] - Call Test Case 'Test Cases/Reusable_Test_Sequences/CAT_Teardown' successfully

2020-04-20 15:20:07 - [TEST_STEP][PASSED] - callTestCase(findTestCase("Reusable_Test_Sequences/CAT_Setup"), [:], STOP_ON_FAILURE): Call Test Case 'Test Cases/Reusable_Test_Sequences/CAT_Setup' successfully

2020-04-20 15:20:08 - [TEST_CASE][PASSED] - Test Cases/Reusable_Test_Sequences/CAT_Setup: Test Cases/Reusable_Test_Sequences/CAT_Setup

2020-04-20 15:20:08 - [TEST_STEP][PASSED] - "------------------------------": null

2020-04-20 15:20:08 - [TEST_STEP][PASSED] - " Set Mobile Device Testing    |": null

2020-04-20 15:20:08 - [TEST_STEP][PASSED] - if (Mobile_Flag == "true"): null

2020-04-20 15:20:08 - [TEST_STEP][PASSED] - "------------------------------": null

2020-04-20 15:20:08 - [TEST_STEP][PASSED] - " Set Mobile Device Testing    |": null

2020-04-20 15:20:08 - [TEST_STEP][PASSED] - "------------------------------": null

2020-04-20 15:20:08 - [TEST_STEP][PASSED] - "URL - Set from the ENVIRONMENT PROFILE ": null

2020-04-20 15:20:08 - [TEST_STEP][PASSED] - openBrowser(URL): Browser is opened with url: 'https://www.preview.checkatrade.com/'

2020-04-20 15:20:08 - [MESSAGE][INFO] - Starting 'Firefox' driver

2020-04-20 15:20:08 - [MESSAGE][INFO] - Action delay is set to 0 milliseconds

2020-04-20 15:20:18 - [MESSAGE][PASSED] - Browser is opened with url: 'https://www.preview.checkatrade.com/'

2020-04-20 15:20:18 - [TEST_STEP][PASSED] - maximizeWindow(): Current window maximized

2020-04-20 15:20:19 - [MESSAGE][PASSED] - Current window maximized

2020-04-20 15:20:19 - [TEST_STEP][PASSED] - waitForPageLoad(60): Wait for page load successfully

2020-04-20 15:20:19 - [MESSAGE][PASSED] - Wait for page load successfully

2020-04-20 15:20:19 - [TEST_STEP][PASSED] - "Previous Functionalilty Left Commented For Ease Of reversion": null

2020-04-20 15:20:19 - [TEST_STEP][PASSED] - " Katalon Try/Catches currently have issues? SEE HEADER": null

2020-04-20 15:20:19 - [TEST_STEP][PASSED] - try: Text 'Cookie Policy' is not present on page

2020-04-20 15:20:19 - [TEST_STEP][PASSED] - verifyElementPresent(findTestObject("Object Repository/Cookies/Page_Checkatrade Find a tradesperson you can trust/button_Accept All"), 5, OPTIONAL): Object 'Object Repository/Cookies/Page_Checkatrade Find a tradesperson you can trust/button_Accept All' is present

2020-04-20 15:20:19 - [MESSAGE][PASSED] - Object 'Object Repository/Cookies/Page_Checkatrade Find a tradesperson you can trust/button_Accept All' is present

2020-04-20 15:20:19 - [TEST_STEP][PASSED] - click(findTestObject("Object Repository/Cookies/Page_Checkatrade Find a tradesperson you can trust/button_Accept All"), OPTIONAL): Object: 'Object Repository/Cookies/Page_Checkatrade Find a tradesperson you can trust/button_Accept All' is clicked on

2020-04-20 15:20:20 - [MESSAGE][PASSED] - Object: 'Object Repository/Cookies/Page_Checkatrade Find a tradesperson you can trust/button_Accept All' is clicked on

2020-04-20 15:20:20 - [TEST_STEP][PASSED] - "---------------------------------": null

2020-04-20 15:20:20 - [TEST_STEP][PASSED] - "COOKIE POPOUT REMOVED - Confirmed": null

2020-04-20 15:20:20 - [TEST_STEP][PASSED] - delay(1): Delayed 1 second(s)

2020-04-20 15:20:21 - [MESSAGE][PASSED] - Delayed 1 second(s)

2020-04-20 15:20:21 - [TEST_STEP][PASSED] - verifyTextNotPresent("We use cookies to personalise content and ads, to provide social media features and to analyse our traffic", false): Text 'We use cookies to personalise content and ads, to provide social media features and to analyse our traffic' is not present on page

2020-04-20 15:20:22 - [MESSAGE][PASSED] - Text 'We use cookies to personalise content and ads, to provide social media features and to analyse our traffic' is not present on page

2020-04-20 15:20:22 - [TEST_STEP][PASSED] - verifyTextNotPresent(" We also share information about your use of our site with our social media, advertising and analytics partners", false): Text ' We also share information about your use of our site with our social media, advertising and analytics partners' is not present on page

2020-04-20 15:20:23 - [MESSAGE][PASSED] - Text ' We also share information about your use of our site with our social media, advertising and analytics partners' is not present on page

2020-04-20 15:20:23 - [TEST_STEP][PASSED] - verifyTextNotPresent("Cookie Policy", false): Text 'Cookie Policy' is not present on page

2020-04-20 15:20:23 - [MESSAGE][PASSED] - Text 'Cookie Policy' is not present on page

2020-04-20 15:20:23 - [TEST_STEP][PASSED] - waitForPageLoad(60): Wait for page load successfully

2020-04-20 15:20:23 - [MESSAGE][PASSED] - Wait for page load successfully

2020-04-20 15:20:23 - [TEST_STEP][PASSED] - "COOKIE - ORIGINAL": null

2020-04-20 15:20:23 - [TEST_STEP][PASSED] - if (waitForElementVisible(findTestObject("Object Repository/Feedback/Page_Checkatrade Give your feedback/input_Member_to_Review"), 5)): Web element with id: 'Object Repository/Feedback/Page_Checkatrade Give your feedback/input_Member_to_Review' located by 'By.xpath: //input[@id='feedback-form__company_autocomplete_input']' not found

2020-04-20 15:20:28 - [MESSAGE][INFO] - Unable to find the element located by 'By.xpath: //input[@id='feedback-form__company_autocomplete_input']'. Please recheck the objects properties to make sure the desired element is located. 

2020-04-20 15:20:28 - [MESSAGE][WARNING] - Web element with id: 'Object Repository/Feedback/Page_Checkatrade Give your feedback/input_Member_to_Review' located by 'By.xpath: //input[@id='feedback-form__company_autocomplete_input']' not found

2020-04-20 15:20:28 - [TEST_STEP][PASSED] - else: The <<<OLD>>> Website was detected by the STARTUP Process

2020-04-20 15:20:28 - [TEST_STEP][PASSED] - if (!(verifyElementVisible(findTestObject("Object Repository/Checkatrade_Trade_Search_Page/Page_Checkatrade Find a tradesperson you can trust/input_Search_Button_FF")))): Object 'Object Repository/Checkatrade_Trade_Search_Page/Page_Checkatrade Find a tradesperson you can trust/input_Search_Button_FF' is visible

2020-04-20 15:20:29 - [MESSAGE][PASSED] - Object 'Object Repository/Checkatrade_Trade_Search_Page/Page_Checkatrade Find a tradesperson you can trust/input_Search_Button_FF' is visible

2020-04-20 15:20:29 - [TEST_STEP][PASSED] - else: The <<<OLD>>> Website was detected by the STARTUP Process

2020-04-20 15:20:29 - [TEST_STEP][PASSED] - Website_Version = "old": null

2020-04-20 15:20:29 - [TEST_STEP][PASSED] - logInfo("The <<<OLD>>> Website was detected by the STARTUP Process"): The <<<OLD>>> Website was detected by the STARTUP Process

2020-04-20 15:20:29 - [MESSAGE][INFO] - The <<<OLD>>> Website was detected by the STARTUP Process

2020-04-20 15:20:29 - [MESSAGE][PASSED] - Call Test Case 'Test Cases/Reusable_Test_Sequences/CAT_Setup' successfully

2020-04-20 15:20:29 - [TEST_STEP][PASSED] - callTestCase(findTestCase("Reusable_Test_Sequences/CAT_Home"), [:], CONTINUE_ON_FAILURE): Call Test Case 'Test Cases/Reusable_Test_Sequences/CAT_Home' successfully

2020-04-20 15:20:29 - [TEST_CASE][PASSED] - Test Cases/Reusable_Test_Sequences/CAT_Home: Test Cases/Reusable_Test_Sequences/CAT_Home

2020-04-20 15:20:29 - [TEST_STEP][PASSED] - waitForPageLoad(60): Wait for page load successfully

2020-04-20 15:20:29 - [MESSAGE][PASSED] - Wait for page load successfully

2020-04-20 15:20:29 - [TEST_STEP][PASSED] - delay(2): Delayed 2 second(s)

2020-04-20 15:20:31 - [MESSAGE][PASSED] - Delayed 2 second(s)

2020-04-20 15:20:31 - [TEST_STEP][PASSED] - "------------------------------------": null

2020-04-20 15:20:31 - [TEST_STEP][PASSED] - if (Website_Version == "new"): null

2020-04-20 15:20:31 - [TEST_STEP][PASSED] - else: Text 'Over a million visits to Checkatrade each month' is present on page 

2020-04-20 15:20:31 - [TEST_STEP][PASSED] - verifyTextPresent("Helping you find the right trade or service", false): Text 'Helping you find the right trade or service' is present on page 

2020-04-20 15:20:31 - [MESSAGE][PASSED] - Text 'Helping you find the right trade or service' is present on page 

2020-04-20 15:20:31 - [TEST_STEP][PASSED] - verifyTextPresent("Search through over", false): Text 'Search through over' is present on page 

2020-04-20 15:20:32 - [MESSAGE][PASSED] - Text 'Search through over' is present on page 

2020-04-20 15:20:32 - [TEST_STEP][PASSED] - verifyTextPresent("recommended, vetted and monitored trades and service providers for free.", false): Text 'recommended, vetted and monitored trades and service providers for free.' is present on page 

2020-04-20 15:20:32 - [MESSAGE][PASSED] - Text 'recommended, vetted and monitored trades and service providers for free.' is present on page 

2020-04-20 15:20:32 - [TEST_STEP][PASSED] - verifyTextPresent("reviews published so far – thank you!", false): Text 'reviews published so far – thank you!' is present on page 

2020-04-20 15:20:33 - [MESSAGE][PASSED] - Text 'reviews published so far – thank you!' is present on page 

2020-04-20 15:20:33 - [TEST_STEP][PASSED] - verifyTextPresent("I need a trade or service", false): Text 'I need a trade or service' is present on page 

2020-04-20 15:20:33 - [MESSAGE][PASSED] - Text 'I need a trade or service' is present on page 

2020-04-20 15:20:33 - [TEST_STEP][PASSED] - verifyTextPresent("Every trader thoroughly checked and vetted", false): Text 'Every trader thoroughly checked and vetted' is present on page 

2020-04-20 15:20:34 - [MESSAGE][PASSED] - Text 'Every trader thoroughly checked and vetted' is present on page 

2020-04-20 15:20:34 - [TEST_STEP][PASSED] - "------------------------------------": null

2020-04-20 15:20:34 - [TEST_STEP][PASSED] - verifyTextPresent("reviews published so far – thank you!", false): Text 'reviews published so far – thank you!' is present on page 

2020-04-20 15:20:35 - [MESSAGE][PASSED] - Text 'reviews published so far – thank you!' is present on page 

2020-04-20 15:20:35 - [TEST_STEP][PASSED] - verifyTextPresent("Find out more", false): Text 'Find out more' is present on page 

2020-04-20 15:20:36 - [MESSAGE][PASSED] - Text 'Find out more' is present on page 

2020-04-20 15:20:36 - [TEST_STEP][PASSED] - verifyTextPresent("I am a tradesman", false): Text 'I am a tradesman' is present on page 

2020-04-20 15:20:36 - [MESSAGE][PASSED] - Text 'I am a tradesman' is present on page 

2020-04-20 15:20:36 - [TEST_STEP][PASSED] - verifyTextPresent("Find out more", false): Text 'Find out more' is present on page 

2020-04-20 15:20:37 - [MESSAGE][PASSED] - Text 'Find out more' is present on page 

2020-04-20 15:20:37 - [TEST_STEP][PASSED] - verifyTextPresent("Over a million visits to Checkatrade each month", false): Text 'Over a million visits to Checkatrade each month' is present on page 

2020-04-20 15:20:38 - [MESSAGE][PASSED] - Text 'Over a million visits to Checkatrade each month' is present on page 

2020-04-20 15:20:38 - [MESSAGE][PASSED] - Call Test Case 'Test Cases/Reusable_Test_Sequences/CAT_Home' successfully

2020-04-20 15:20:38 - [TEST_STEP][PASSED] - "---------------------------------------------------------------------": null

2020-04-20 15:20:38 - [TEST_STEP][PASSED] - " Select Search on Trader Name (or ID) From Home page/Search Screen   |": null

2020-04-20 15:20:38 - [TEST_STEP][PASSED] - callTestCase(findTestCase("Reusable_Test_Sequences/CAT_Click_Search_Trade_Name"), [:], STOP_ON_FAILURE): Call Test Case 'Test Cases/Reusable_Test_Sequences/CAT_Click_Search_Trade_Name' successfully

2020-04-20 15:20:38 - [TEST_CASE][PASSED] - Test Cases/Reusable_Test_Sequences/CAT_Click_Search_Trade_Name: Test Cases/Reusable_Test_Sequences/CAT_Click_Search_Trade_Name

2020-04-20 15:20:38 - [TEST_STEP][PASSED] - waitForPageLoad(60): Wait for page load successfully

2020-04-20 15:20:38 - [MESSAGE][PASSED] - Wait for page load successfully

2020-04-20 15:20:38 - [TEST_STEP][PASSED] - if (Website_Version != "new"): Object: 'Object Repository/Page_Checkatrade Find a tradesperson you can trust/a_or look up a member by name' is clicked on

2020-04-20 15:20:38 - [TEST_STEP][PASSED] - waitForElementClickable(findTestObject("Object Repository/Page_Checkatrade Find a tradesperson you can trust/a_or look up a member by name"), 5): Object 'Object Repository/Page_Checkatrade Find a tradesperson you can trust/a_or look up a member by name' is clickable

2020-04-20 15:20:38 - [MESSAGE][PASSED] - Object 'Object Repository/Page_Checkatrade Find a tradesperson you can trust/a_or look up a member by name' is clickable

2020-04-20 15:20:38 - [TEST_STEP][PASSED] - click(findTestObject("Object Repository/Page_Checkatrade Find a tradesperson you can trust/a_or look up a member by name")): Object: 'Object Repository/Page_Checkatrade Find a tradesperson you can trust/a_or look up a member by name' is clicked on

2020-04-20 15:20:39 - [MESSAGE][PASSED] - Object: 'Object Repository/Page_Checkatrade Find a tradesperson you can trust/a_or look up a member by name' is clicked on

2020-04-20 15:20:39 - [TEST_STEP][PASSED] - if (Website_Version != "old"): null

2020-04-20 15:20:39 - [TEST_STEP][PASSED] - waitForPageLoad(60): Wait for page load successfully

2020-04-20 15:20:39 - [MESSAGE][PASSED] - Wait for page load successfully

2020-04-20 15:20:39 - [MESSAGE][PASSED] - Call Test Case 'Test Cases/Reusable_Test_Sequences/CAT_Click_Search_Trade_Name' successfully

2020-04-20 15:20:39 - [TEST_STEP][PASSED] - "---------------------------------------": null

2020-04-20 15:20:39 - [TEST_STEP][PASSED] - " Enter Trader Name (or ID) to Search   |": null

2020-04-20 15:20:39 - [TEST_STEP][PASSED] - callTestCase(findTestCase("Reusable_Test_Sequences/CAT_Enter_Trade_Name"), [:], STOP_ON_FAILURE): Call Test Case 'Test Cases/Reusable_Test_Sequences/CAT_Enter_Trade_Name' successfully

2020-04-20 15:20:39 - [TEST_CASE][PASSED] - Test Cases/Reusable_Test_Sequences/CAT_Enter_Trade_Name: Test Cases/Reusable_Test_Sequences/CAT_Enter_Trade_Name

2020-04-20 15:20:39 - [TEST_STEP][PASSED] - if (Website_Version != "new"): Text '308682' is set on object 'Object Repository/Page_Checkatrade Find a tradesperson you can trust/Trader_Name_To_Search'

2020-04-20 15:20:39 - [TEST_STEP][PASSED] - setText(findTestObject("Page_Checkatrade Find a tradesperson you can trust/Trader_Name_To_Search"), findTestData("Search_CAT_ID_Data (1)").getValue("tradeName", row)): Text '308682' is set on object 'Object Repository/Page_Checkatrade Find a tradesperson you can trust/Trader_Name_To_Search'

2020-04-20 15:20:39 - [MESSAGE][PASSED] - Text '308682' is set on object 'Object Repository/Page_Checkatrade Find a tradesperson you can trust/Trader_Name_To_Search'

2020-04-20 15:20:39 - [TEST_STEP][PASSED] - if (verifyTextNotPresent("Sorry, no results found", false)): null

2020-04-20 15:20:41 - [MESSAGE][PASSED] - Text 'Sorry, no results found' is not present on page

2020-04-20 15:20:41 - [TEST_STEP][PASSED] - markPassed("The Expected Lookup Result(s) ARE being returned by the Lookup Service, AS EXPECTED"): The Expected Lookup Result(s) ARE being returned by the Lookup Service, AS EXPECTED

2020-04-20 15:20:41 - [MESSAGE][PASSED] - The Expected Lookup Result(s) ARE being returned by the Lookup Service, AS EXPECTED

2020-04-20 15:20:41 - [MESSAGE][PASSED] - Call Test Case 'Test Cases/Reusable_Test_Sequences/CAT_Enter_Trade_Name' successfully

2020-04-20 15:20:41 - [TEST_STEP][PASSED] - "---------------------------------------": null

2020-04-20 15:20:41 - [TEST_STEP][PASSED] - " Search Trader Name (or ID)            |": null

2020-04-20 15:20:41 - [TEST_STEP][PASSED] - callTestCase(findTestCase("Reusable_Test_Sequences/CAT_Search_Trade_Name"), [:], STOP_ON_FAILURE): Call Test Case 'Test Cases/Reusable_Test_Sequences/CAT_Search_Trade_Name' successfully

2020-04-20 15:20:41 - [TEST_CASE][PASSED] - Test Cases/Reusable_Test_Sequences/CAT_Search_Trade_Name: Test Cases/Reusable_Test_Sequences/CAT_Search_Trade_Name

2020-04-20 15:20:41 - [TEST_STEP][PASSED] - "Hit Search Trade Person by Name (or CAT ID) after parameters are entered": null

2020-04-20 15:20:41 - [TEST_STEP][PASSED] - waitForPageLoad(60): Wait for page load successfully

2020-04-20 15:20:41 - [MESSAGE][PASSED] - Wait for page load successfully

2020-04-20 15:20:41 - [TEST_STEP][PASSED] - delay(2): Delayed 2 second(s)

2020-04-20 15:20:43 - [MESSAGE][PASSED] - Delayed 2 second(s)

2020-04-20 15:20:43 - [TEST_STEP][PASSED] - if (Website_Version == "new"): null

2020-04-20 15:20:43 - [TEST_STEP][PASSED] - else: Object: 'Object Repository/Page_Checkatrade Find a tradesperson you can trust/span_Trade_Name' is clicked on

2020-04-20 15:20:43 - [TEST_STEP][PASSED] - waitForElementClickable(findTestObject("Page_Checkatrade Find a tradesperson you can trust/span_Trade_Name"), 60): Object 'Object Repository/Page_Checkatrade Find a tradesperson you can trust/span_Trade_Name' is clickable

2020-04-20 15:20:43 - [MESSAGE][PASSED] - Object 'Object Repository/Page_Checkatrade Find a tradesperson you can trust/span_Trade_Name' is clickable

2020-04-20 15:20:43 - [TEST_STEP][PASSED] - click(findTestObject("Page_Checkatrade Find a tradesperson you can trust/span_Trade_Name")): Object: 'Object Repository/Page_Checkatrade Find a tradesperson you can trust/span_Trade_Name' is clicked on

2020-04-20 15:20:48 - [MESSAGE][PASSED] - Object: 'Object Repository/Page_Checkatrade Find a tradesperson you can trust/span_Trade_Name' is clicked on

2020-04-20 15:20:48 - [TEST_STEP][PASSED] - delay(2): Delayed 2 second(s)

2020-04-20 15:20:50 - [MESSAGE][PASSED] - Delayed 2 second(s)

2020-04-20 15:20:50 - [TEST_STEP][PASSED] - waitForPageLoad(60): Wait for page load successfully

2020-04-20 15:20:50 - [MESSAGE][PASSED] - Wait for page load successfully

2020-04-20 15:20:50 - [MESSAGE][PASSED] - Call Test Case 'Test Cases/Reusable_Test_Sequences/CAT_Search_Trade_Name' successfully

2020-04-20 15:20:50 - [TEST_STEP][PASSED] - "------------------------------------------": null

2020-04-20 15:20:50 - [TEST_STEP][PASSED] - " Scroll to Page Footer to Reveal Results  |": null

2020-04-20 15:20:50 - [TEST_STEP][PASSED] - callTestCase(findTestCase("Reusable_Test_Sequences/CAT_Scroll_to_Footer"), [:], CONTINUE_ON_FAILURE): Call Test Case 'Test Cases/Reusable_Test_Sequences/CAT_Scroll_to_Footer' successfully

2020-04-20 15:20:50 - [TEST_CASE][PASSED] - Test Cases/Reusable_Test_Sequences/CAT_Scroll_to_Footer: Test Cases/Reusable_Test_Sequences/CAT_Scroll_to_Footer

2020-04-20 15:20:50 - [TEST_STEP][PASSED] - "-----------------------------------------------------": null

2020-04-20 15:20:50 - [TEST_STEP][PASSED] - " Major changes factored into function 05/12/2019     |": null

2020-04-20 15:20:50 - [TEST_STEP][PASSED] - "-----------------------------------------------------": null

2020-04-20 15:20:50 - [TEST_STEP][PASSED] - "Animation Removed ": null

2020-04-20 15:20:50 - [TEST_STEP][PASSED] - "Scroll - To Footer on the bottom of the page (sometime off the screen) ": null

2020-04-20 15:20:50 - [TEST_STEP][PASSED] - waitForPageLoad(60): Wait for page load successfully

2020-04-20 15:20:50 - [MESSAGE][PASSED] - Wait for page load successfully

2020-04-20 15:20:50 - [TEST_STEP][PASSED] - scrollToPosition(999, 999): Browser is scrolled to position x = 999, y = 999

2020-04-20 15:20:50 - [MESSAGE][PASSED] - Browser is scrolled to position x = 999, y = 999

2020-04-20 15:20:50 - [TEST_STEP][PASSED] - delay(1): Delayed 1 second(s)

2020-04-20 15:20:51 - [MESSAGE][PASSED] - Delayed 1 second(s)

2020-04-20 15:20:51 - [MESSAGE][PASSED] - Call Test Case 'Test Cases/Reusable_Test_Sequences/CAT_Scroll_to_Footer' successfully

2020-04-20 15:20:51 - [TEST_STEP][PASSED] - "------------------------------------------": null

2020-04-20 15:20:51 - [TEST_STEP][PASSED] - " Verify Correct Location is Returned     |": null

2020-04-20 15:20:51 - [TEST_STEP][PASSED] - callTestCase(findTestCase("Reusable_Test_Sequences/CAT_Verification_Location"), [:], CONTINUE_ON_FAILURE): Call Test Case 'Test Cases/Reusable_Test_Sequences/CAT_Verification_Location' successfully

2020-04-20 15:20:51 - [TEST_CASE][PASSED] - Test Cases/Reusable_Test_Sequences/CAT_Verification_Location: Test Cases/Reusable_Test_Sequences/CAT_Verification_Location

2020-04-20 15:20:51 - [TEST_STEP][PASSED] - waitForPageLoad(60): Wait for page load successfully

2020-04-20 15:20:51 - [MESSAGE][PASSED] - Wait for page load successfully

2020-04-20 15:20:51 - [TEST_STEP][PASSED] - verifyTextPresent(findTestData("Search_CAT_ID_Data (1)").getValue("tradeNameLocationVerification", row), false): Text 'Banbury, Oxfordshire' is present on page 

2020-04-20 15:20:52 - [MESSAGE][PASSED] - Text 'Banbury, Oxfordshire' is present on page 

2020-04-20 15:20:53 - [MESSAGE][PASSED] - Call Test Case 'Test Cases/Reusable_Test_Sequences/CAT_Verification_Location' successfully

2020-04-20 15:20:53 - [TEST_STEP][PASSED] - "------------------------------------------": null

2020-04-20 15:20:53 - [TEST_STEP][PASSED] - " Verify Primary Contact is Returned     |": null

2020-04-20 15:20:53 - [TEST_STEP][PASSED] - callTestCase(findTestCase("Reusable_Test_Sequences/CAT_Verification_Primary_Contact"), [:], CONTINUE_ON_FAILURE): Call Test Case 'Test Cases/Reusable_Test_Sequences/CAT_Verification_Primary_Contact' successfully

2020-04-20 15:20:53 - [TEST_CASE][PASSED] - Test Cases/Reusable_Test_Sequences/CAT_Verification_Primary_Contact: Test Cases/Reusable_Test_Sequences/CAT_Verification_Primary_Contact

2020-04-20 15:20:53 - [TEST_STEP][PASSED] - verifyTextPresent(findTestData("Search_CAT_ID_Data (1)").getValue("primeContact", row), false): Text 'Andrew Whitaker' is present on page 

2020-04-20 15:20:54 - [MESSAGE][PASSED] - Text 'Andrew Whitaker' is present on page 

2020-04-20 15:20:54 - [MESSAGE][PASSED] - Call Test Case 'Test Cases/Reusable_Test_Sequences/CAT_Verification_Primary_Contact' successfully

2020-04-20 15:20:54 - [TEST_STEP][PASSED] - "--------------------------": null

2020-04-20 15:20:54 - [TEST_STEP][PASSED] - " Teardown - CLose Browser |": null

2020-04-20 15:20:54 - [TEST_STEP][PASSED] - callTestCase(findTestCase("Reusable_Test_Sequences/CAT_Teardown"), [:], OPTIONAL): Call Test Case 'Test Cases/Reusable_Test_Sequences/CAT_Teardown' successfully

2020-04-20 15:20:54 - [TEST_CASE][PASSED] - Test Cases/Reusable_Test_Sequences/CAT_Teardown: Test Cases/Reusable_Test_Sequences/CAT_Teardown

2020-04-20 15:20:54 - [TEST_STEP][PASSED] - closeBrowser(): Browser is closed

2020-04-20 15:20:56 - [MESSAGE][PASSED] - Browser is closed

2020-04-20 15:20:56 - [TEST_STEP][PASSED] - super.finalize(): null

2020-04-20 15:20:56 - [TEST_STEP][PASSED] - System.gc(): null

2020-04-20 15:20:56 - [MESSAGE][PASSED] - Call Test Case 'Test Cases/Reusable_Test_Sequences/CAT_Teardown' successfully

2020-04-20 15:20:56 - [TEST_STEP][PASSED] - callTestCase(findTestCase("Reusable_Test_Sequences/CAT_Setup"), [:], STOP_ON_FAILURE): Call Test Case 'Test Cases/Reusable_Test_Sequences/CAT_Setup' successfully

2020-04-20 15:20:56 - [TEST_CASE][PASSED] - Test Cases/Reusable_Test_Sequences/CAT_Setup: Test Cases/Reusable_Test_Sequences/CAT_Setup

2020-04-20 15:20:56 - [TEST_STEP][PASSED] - "------------------------------": null

2020-04-20 15:20:56 - [TEST_STEP][PASSED] - " Set Mobile Device Testing    |": null

2020-04-20 15:20:56 - [TEST_STEP][PASSED] - if (Mobile_Flag == "true"): null

2020-04-20 15:20:56 - [TEST_STEP][PASSED] - "------------------------------": null

2020-04-20 15:20:56 - [TEST_STEP][PASSED] - " Set Mobile Device Testing    |": null

2020-04-20 15:20:56 - [TEST_STEP][PASSED] - "------------------------------": null

2020-04-20 15:20:56 - [TEST_STEP][PASSED] - "URL - Set from the ENVIRONMENT PROFILE ": null

2020-04-20 15:20:56 - [TEST_STEP][PASSED] - openBrowser(URL): Browser is opened with url: 'https://www.preview.checkatrade.com/'

2020-04-20 15:20:56 - [MESSAGE][INFO] - Starting 'Firefox' driver

2020-04-20 15:20:56 - [MESSAGE][INFO] - Action delay is set to 0 milliseconds

2020-04-20 15:21:05 - [MESSAGE][PASSED] - Browser is opened with url: 'https://www.preview.checkatrade.com/'

2020-04-20 15:21:05 - [TEST_STEP][PASSED] - maximizeWindow(): Current window maximized

2020-04-20 15:21:06 - [MESSAGE][PASSED] - Current window maximized

2020-04-20 15:21:06 - [TEST_STEP][PASSED] - waitForPageLoad(60): Wait for page load successfully

2020-04-20 15:21:06 - [MESSAGE][PASSED] - Wait for page load successfully

2020-04-20 15:21:06 - [TEST_STEP][PASSED] - "Previous Functionalilty Left Commented For Ease Of reversion": null

2020-04-20 15:21:06 - [TEST_STEP][PASSED] - " Katalon Try/Catches currently have issues? SEE HEADER": null

2020-04-20 15:21:06 - [TEST_STEP][PASSED] - try: Text 'Cookie Policy' is not present on page

2020-04-20 15:21:06 - [TEST_STEP][PASSED] - verifyElementPresent(findTestObject("Object Repository/Cookies/Page_Checkatrade Find a tradesperson you can trust/button_Accept All"), 5, OPTIONAL): Object 'Object Repository/Cookies/Page_Checkatrade Find a tradesperson you can trust/button_Accept All' is present

2020-04-20 15:21:06 - [MESSAGE][PASSED] - Object 'Object Repository/Cookies/Page_Checkatrade Find a tradesperson you can trust/button_Accept All' is present

2020-04-20 15:21:06 - [TEST_STEP][PASSED] - click(findTestObject("Object Repository/Cookies/Page_Checkatrade Find a tradesperson you can trust/button_Accept All"), OPTIONAL): Object: 'Object Repository/Cookies/Page_Checkatrade Find a tradesperson you can trust/button_Accept All' is clicked on

2020-04-20 15:21:07 - [MESSAGE][PASSED] - Object: 'Object Repository/Cookies/Page_Checkatrade Find a tradesperson you can trust/button_Accept All' is clicked on

2020-04-20 15:21:07 - [TEST_STEP][PASSED] - "---------------------------------": null

2020-04-20 15:21:07 - [TEST_STEP][PASSED] - "COOKIE POPOUT REMOVED - Confirmed": null

2020-04-20 15:21:07 - [TEST_STEP][PASSED] - delay(1): Delayed 1 second(s)

2020-04-20 15:21:08 - [MESSAGE][PASSED] - Delayed 1 second(s)

2020-04-20 15:21:08 - [TEST_STEP][PASSED] - verifyTextNotPresent("We use cookies to personalise content and ads, to provide social media features and to analyse our traffic", false): Text 'We use cookies to personalise content and ads, to provide social media features and to analyse our traffic' is not present on page

2020-04-20 15:21:09 - [MESSAGE][PASSED] - Text 'We use cookies to personalise content and ads, to provide social media features and to analyse our traffic' is not present on page

2020-04-20 15:21:09 - [TEST_STEP][PASSED] - verifyTextNotPresent(" We also share information about your use of our site with our social media, advertising and analytics partners", false): Text ' We also share information about your use of our site with our social media, advertising and analytics partners' is not present on page

2020-04-20 15:21:09 - [MESSAGE][PASSED] - Text ' We also share information about your use of our site with our social media, advertising and analytics partners' is not present on page

2020-04-20 15:21:09 - [TEST_STEP][PASSED] - verifyTextNotPresent("Cookie Policy", false): Text 'Cookie Policy' is not present on page

2020-04-20 15:21:10 - [MESSAGE][PASSED] - Text 'Cookie Policy' is not present on page

2020-04-20 15:21:10 - [TEST_STEP][PASSED] - waitForPageLoad(60): Wait for page load successfully

2020-04-20 15:21:10 - [MESSAGE][PASSED] - Wait for page load successfully

2020-04-20 15:21:10 - [TEST_STEP][PASSED] - "COOKIE - ORIGINAL": null

2020-04-20 15:21:10 - [TEST_STEP][PASSED] - if (waitForElementVisible(findTestObject("Object Repository/Feedback/Page_Checkatrade Give your feedback/input_Member_to_Review"), 5)): Web element with id: 'Object Repository/Feedback/Page_Checkatrade Give your feedback/input_Member_to_Review' located by 'By.xpath: //input[@id='feedback-form__company_autocomplete_input']' not found

2020-04-20 15:21:15 - [MESSAGE][INFO] - Unable to find the element located by 'By.xpath: //input[@id='feedback-form__company_autocomplete_input']'. Please recheck the objects properties to make sure the desired element is located. 

2020-04-20 15:21:15 - [MESSAGE][WARNING] - Web element with id: 'Object Repository/Feedback/Page_Checkatrade Give your feedback/input_Member_to_Review' located by 'By.xpath: //input[@id='feedback-form__company_autocomplete_input']' not found

2020-04-20 15:21:15 - [TEST_STEP][PASSED] - else: The <<<OLD>>> Website was detected by the STARTUP Process

2020-04-20 15:21:15 - [TEST_STEP][PASSED] - if (!(verifyElementVisible(findTestObject("Object Repository/Checkatrade_Trade_Search_Page/Page_Checkatrade Find a tradesperson you can trust/input_Search_Button_FF")))): Object 'Object Repository/Checkatrade_Trade_Search_Page/Page_Checkatrade Find a tradesperson you can trust/input_Search_Button_FF' is visible

2020-04-20 15:21:15 - [MESSAGE][PASSED] - Object 'Object Repository/Checkatrade_Trade_Search_Page/Page_Checkatrade Find a tradesperson you can trust/input_Search_Button_FF' is visible

2020-04-20 15:21:15 - [TEST_STEP][PASSED] - else: The <<<OLD>>> Website was detected by the STARTUP Process

2020-04-20 15:21:15 - [TEST_STEP][PASSED] - Website_Version = "old": null

2020-04-20 15:21:15 - [TEST_STEP][PASSED] - logInfo("The <<<OLD>>> Website was detected by the STARTUP Process"): The <<<OLD>>> Website was detected by the STARTUP Process

2020-04-20 15:21:15 - [MESSAGE][INFO] - The <<<OLD>>> Website was detected by the STARTUP Process

2020-04-20 15:21:15 - [MESSAGE][PASSED] - Call Test Case 'Test Cases/Reusable_Test_Sequences/CAT_Setup' successfully

2020-04-20 15:21:15 - [TEST_STEP][PASSED] - callTestCase(findTestCase("Reusable_Test_Sequences/CAT_Home"), [:], CONTINUE_ON_FAILURE): Call Test Case 'Test Cases/Reusable_Test_Sequences/CAT_Home' successfully

2020-04-20 15:21:15 - [TEST_CASE][PASSED] - Test Cases/Reusable_Test_Sequences/CAT_Home: Test Cases/Reusable_Test_Sequences/CAT_Home

2020-04-20 15:21:15 - [TEST_STEP][PASSED] - waitForPageLoad(60): Wait for page load successfully

2020-04-20 15:21:15 - [MESSAGE][PASSED] - Wait for page load successfully

2020-04-20 15:21:15 - [TEST_STEP][PASSED] - delay(2): Delayed 2 second(s)

2020-04-20 15:21:17 - [MESSAGE][PASSED] - Delayed 2 second(s)

2020-04-20 15:21:17 - [TEST_STEP][PASSED] - "------------------------------------": null

2020-04-20 15:21:17 - [TEST_STEP][PASSED] - if (Website_Version == "new"): null

2020-04-20 15:21:17 - [TEST_STEP][PASSED] - else: Text 'Over a million visits to Checkatrade each month' is present on page 

2020-04-20 15:21:17 - [TEST_STEP][PASSED] - verifyTextPresent("Helping you find the right trade or service", false): Text 'Helping you find the right trade or service' is present on page 

2020-04-20 15:21:18 - [MESSAGE][PASSED] - Text 'Helping you find the right trade or service' is present on page 

2020-04-20 15:21:18 - [TEST_STEP][PASSED] - verifyTextPresent("Search through over", false): Text 'Search through over' is present on page 

2020-04-20 15:21:19 - [MESSAGE][PASSED] - Text 'Search through over' is present on page 

2020-04-20 15:21:19 - [TEST_STEP][PASSED] - verifyTextPresent("recommended, vetted and monitored trades and service providers for free.", false): Text 'recommended, vetted and monitored trades and service providers for free.' is present on page 

2020-04-20 15:21:20 - [MESSAGE][PASSED] - Text 'recommended, vetted and monitored trades and service providers for free.' is present on page 

2020-04-20 15:21:20 - [TEST_STEP][PASSED] - verifyTextPresent("reviews published so far – thank you!", false): Text 'reviews published so far – thank you!' is present on page 

2020-04-20 15:21:21 - [MESSAGE][PASSED] - Text 'reviews published so far – thank you!' is present on page 

2020-04-20 15:21:21 - [TEST_STEP][PASSED] - verifyTextPresent("I need a trade or service", false): Text 'I need a trade or service' is present on page 

2020-04-20 15:21:23 - [MESSAGE][PASSED] - Text 'I need a trade or service' is present on page 

2020-04-20 15:21:23 - [TEST_STEP][PASSED] - verifyTextPresent("Every trader thoroughly checked and vetted", false): Text 'Every trader thoroughly checked and vetted' is present on page 

2020-04-20 15:21:24 - [MESSAGE][PASSED] - Text 'Every trader thoroughly checked and vetted' is present on page 

2020-04-20 15:21:24 - [TEST_STEP][PASSED] - "------------------------------------": null

2020-04-20 15:21:24 - [TEST_STEP][PASSED] - verifyTextPresent("reviews published so far – thank you!", false): Text 'reviews published so far – thank you!' is present on page 

2020-04-20 15:21:25 - [MESSAGE][PASSED] - Text 'reviews published so far – thank you!' is present on page 

2020-04-20 15:21:25 - [TEST_STEP][PASSED] - verifyTextPresent("Find out more", false): Text 'Find out more' is present on page 

2020-04-20 15:21:26 - [MESSAGE][PASSED] - Text 'Find out more' is present on page 

2020-04-20 15:21:26 - [TEST_STEP][PASSED] - verifyTextPresent("I am a tradesman", false): Text 'I am a tradesman' is present on page 

2020-04-20 15:21:27 - [MESSAGE][PASSED] - Text 'I am a tradesman' is present on page 

2020-04-20 15:21:27 - [TEST_STEP][PASSED] - verifyTextPresent("Find out more", false): Text 'Find out more' is present on page 

2020-04-20 15:21:28 - [MESSAGE][PASSED] - Text 'Find out more' is present on page 

2020-04-20 15:21:28 - [TEST_STEP][PASSED] - verifyTextPresent("Over a million visits to Checkatrade each month", false): Text 'Over a million visits to Checkatrade each month' is present on page 

2020-04-20 15:21:29 - [MESSAGE][PASSED] - Text 'Over a million visits to Checkatrade each month' is present on page 

2020-04-20 15:21:29 - [MESSAGE][PASSED] - Call Test Case 'Test Cases/Reusable_Test_Sequences/CAT_Home' successfully

2020-04-20 15:21:29 - [TEST_STEP][PASSED] - "---------------------------------------------------------------------": null

2020-04-20 15:21:29 - [TEST_STEP][PASSED] - " Select Search on Trader Name (or ID) From Home page/Search Screen   |": null

2020-04-20 15:21:29 - [TEST_STEP][PASSED] - callTestCase(findTestCase("Reusable_Test_Sequences/CAT_Click_Search_Trade_Name"), [:], STOP_ON_FAILURE): Call Test Case 'Test Cases/Reusable_Test_Sequences/CAT_Click_Search_Trade_Name' successfully

2020-04-20 15:21:29 - [TEST_CASE][PASSED] - Test Cases/Reusable_Test_Sequences/CAT_Click_Search_Trade_Name: Test Cases/Reusable_Test_Sequences/CAT_Click_Search_Trade_Name

2020-04-20 15:21:29 - [TEST_STEP][PASSED] - waitForPageLoad(60): Wait for page load successfully

2020-04-20 15:21:29 - [MESSAGE][PASSED] - Wait for page load successfully

2020-04-20 15:21:29 - [TEST_STEP][PASSED] - if (Website_Version != "new"): Object: 'Object Repository/Page_Checkatrade Find a tradesperson you can trust/a_or look up a member by name' is clicked on

2020-04-20 15:21:29 - [TEST_STEP][PASSED] - waitForElementClickable(findTestObject("Object Repository/Page_Checkatrade Find a tradesperson you can trust/a_or look up a member by name"), 5): Object 'Object Repository/Page_Checkatrade Find a tradesperson you can trust/a_or look up a member by name' is clickable

2020-04-20 15:21:29 - [MESSAGE][PASSED] - Object 'Object Repository/Page_Checkatrade Find a tradesperson you can trust/a_or look up a member by name' is clickable

2020-04-20 15:21:29 - [TEST_STEP][PASSED] - click(findTestObject("Object Repository/Page_Checkatrade Find a tradesperson you can trust/a_or look up a member by name")): Object: 'Object Repository/Page_Checkatrade Find a tradesperson you can trust/a_or look up a member by name' is clicked on

2020-04-20 15:21:30 - [MESSAGE][PASSED] - Object: 'Object Repository/Page_Checkatrade Find a tradesperson you can trust/a_or look up a member by name' is clicked on

2020-04-20 15:21:30 - [TEST_STEP][PASSED] - if (Website_Version != "old"): null

2020-04-20 15:21:30 - [TEST_STEP][PASSED] - waitForPageLoad(60): Wait for page load successfully

2020-04-20 15:21:30 - [MESSAGE][PASSED] - Wait for page load successfully

2020-04-20 15:21:30 - [MESSAGE][PASSED] - Call Test Case 'Test Cases/Reusable_Test_Sequences/CAT_Click_Search_Trade_Name' successfully

2020-04-20 15:21:30 - [TEST_STEP][PASSED] - "---------------------------------------": null

2020-04-20 15:21:30 - [TEST_STEP][PASSED] - " Enter Trader Name (or ID) to Search   |": null

2020-04-20 15:21:30 - [TEST_STEP][PASSED] - callTestCase(findTestCase("Reusable_Test_Sequences/CAT_Enter_Trade_Name"), [:], STOP_ON_FAILURE): Call Test Case 'Test Cases/Reusable_Test_Sequences/CAT_Enter_Trade_Name' successfully

2020-04-20 15:21:30 - [TEST_CASE][PASSED] - Test Cases/Reusable_Test_Sequences/CAT_Enter_Trade_Name: Test Cases/Reusable_Test_Sequences/CAT_Enter_Trade_Name

2020-04-20 15:21:30 - [TEST_STEP][PASSED] - if (Website_Version != "new"): Text '230761' is set on object 'Object Repository/Page_Checkatrade Find a tradesperson you can trust/Trader_Name_To_Search'

2020-04-20 15:21:30 - [TEST_STEP][PASSED] - setText(findTestObject("Page_Checkatrade Find a tradesperson you can trust/Trader_Name_To_Search"), findTestData("Search_CAT_ID_Data (1)").getValue("tradeName", row)): Text '230761' is set on object 'Object Repository/Page_Checkatrade Find a tradesperson you can trust/Trader_Name_To_Search'

2020-04-20 15:21:30 - [MESSAGE][PASSED] - Text '230761' is set on object 'Object Repository/Page_Checkatrade Find a tradesperson you can trust/Trader_Name_To_Search'

2020-04-20 15:21:30 - [TEST_STEP][PASSED] - if (verifyTextNotPresent("Sorry, no results found", false)): null

2020-04-20 15:21:31 - [MESSAGE][PASSED] - Text 'Sorry, no results found' is not present on page

2020-04-20 15:21:31 - [TEST_STEP][PASSED] - markPassed("The Expected Lookup Result(s) ARE being returned by the Lookup Service, AS EXPECTED"): The Expected Lookup Result(s) ARE being returned by the Lookup Service, AS EXPECTED

2020-04-20 15:21:31 - [MESSAGE][PASSED] - The Expected Lookup Result(s) ARE being returned by the Lookup Service, AS EXPECTED

2020-04-20 15:21:31 - [MESSAGE][PASSED] - Call Test Case 'Test Cases/Reusable_Test_Sequences/CAT_Enter_Trade_Name' successfully

2020-04-20 15:21:31 - [TEST_STEP][PASSED] - "---------------------------------------": null

2020-04-20 15:21:31 - [TEST_STEP][PASSED] - " Search Trader Name (or ID)            |": null

2020-04-20 15:21:31 - [TEST_STEP][PASSED] - callTestCase(findTestCase("Reusable_Test_Sequences/CAT_Search_Trade_Name"), [:], STOP_ON_FAILURE): Call Test Case 'Test Cases/Reusable_Test_Sequences/CAT_Search_Trade_Name' successfully

2020-04-20 15:21:31 - [TEST_CASE][PASSED] - Test Cases/Reusable_Test_Sequences/CAT_Search_Trade_Name: Test Cases/Reusable_Test_Sequences/CAT_Search_Trade_Name

2020-04-20 15:21:31 - [TEST_STEP][PASSED] - "Hit Search Trade Person by Name (or CAT ID) after parameters are entered": null

2020-04-20 15:21:31 - [TEST_STEP][PASSED] - waitForPageLoad(60): Wait for page load successfully

2020-04-20 15:21:31 - [MESSAGE][PASSED] - Wait for page load successfully

2020-04-20 15:21:31 - [TEST_STEP][PASSED] - delay(2): Delayed 2 second(s)

2020-04-20 15:21:33 - [MESSAGE][PASSED] - Delayed 2 second(s)

2020-04-20 15:21:33 - [TEST_STEP][PASSED] - if (Website_Version == "new"): null

2020-04-20 15:21:33 - [TEST_STEP][PASSED] - else: Object: 'Object Repository/Page_Checkatrade Find a tradesperson you can trust/span_Trade_Name' is clicked on

2020-04-20 15:21:33 - [TEST_STEP][PASSED] - waitForElementClickable(findTestObject("Page_Checkatrade Find a tradesperson you can trust/span_Trade_Name"), 60): Object 'Object Repository/Page_Checkatrade Find a tradesperson you can trust/span_Trade_Name' is clickable

2020-04-20 15:21:33 - [MESSAGE][PASSED] - Object 'Object Repository/Page_Checkatrade Find a tradesperson you can trust/span_Trade_Name' is clickable

2020-04-20 15:21:33 - [TEST_STEP][PASSED] - click(findTestObject("Page_Checkatrade Find a tradesperson you can trust/span_Trade_Name")): Object: 'Object Repository/Page_Checkatrade Find a tradesperson you can trust/span_Trade_Name' is clicked on

2020-04-20 15:21:36 - [MESSAGE][PASSED] - Object: 'Object Repository/Page_Checkatrade Find a tradesperson you can trust/span_Trade_Name' is clicked on

2020-04-20 15:21:36 - [TEST_STEP][PASSED] - delay(2): Delayed 2 second(s)

2020-04-20 15:21:38 - [MESSAGE][PASSED] - Delayed 2 second(s)

2020-04-20 15:21:38 - [TEST_STEP][PASSED] - waitForPageLoad(60): Wait for page load successfully

2020-04-20 15:21:38 - [MESSAGE][PASSED] - Wait for page load successfully

2020-04-20 15:21:38 - [MESSAGE][PASSED] - Call Test Case 'Test Cases/Reusable_Test_Sequences/CAT_Search_Trade_Name' successfully

2020-04-20 15:21:38 - [TEST_STEP][PASSED] - "------------------------------------------": null

2020-04-20 15:21:38 - [TEST_STEP][PASSED] - " Scroll to Page Footer to Reveal Results  |": null

2020-04-20 15:21:38 - [TEST_STEP][PASSED] - callTestCase(findTestCase("Reusable_Test_Sequences/CAT_Scroll_to_Footer"), [:], CONTINUE_ON_FAILURE): Call Test Case 'Test Cases/Reusable_Test_Sequences/CAT_Scroll_to_Footer' successfully

2020-04-20 15:21:38 - [TEST_CASE][PASSED] - Test Cases/Reusable_Test_Sequences/CAT_Scroll_to_Footer: Test Cases/Reusable_Test_Sequences/CAT_Scroll_to_Footer

2020-04-20 15:21:38 - [TEST_STEP][PASSED] - "-----------------------------------------------------": null

2020-04-20 15:21:38 - [TEST_STEP][PASSED] - " Major changes factored into function 05/12/2019     |": null

2020-04-20 15:21:38 - [TEST_STEP][PASSED] - "-----------------------------------------------------": null

2020-04-20 15:21:38 - [TEST_STEP][PASSED] - "Animation Removed ": null

2020-04-20 15:21:38 - [TEST_STEP][PASSED] - "Scroll - To Footer on the bottom of the page (sometime off the screen) ": null

2020-04-20 15:21:38 - [TEST_STEP][PASSED] - waitForPageLoad(60): Wait for page load successfully

2020-04-20 15:21:38 - [MESSAGE][PASSED] - Wait for page load successfully

2020-04-20 15:21:38 - [TEST_STEP][PASSED] - scrollToPosition(999, 999): Browser is scrolled to position x = 999, y = 999

2020-04-20 15:21:38 - [MESSAGE][PASSED] - Browser is scrolled to position x = 999, y = 999

2020-04-20 15:21:38 - [TEST_STEP][PASSED] - delay(1): Delayed 1 second(s)

2020-04-20 15:21:39 - [MESSAGE][PASSED] - Delayed 1 second(s)

2020-04-20 15:21:39 - [MESSAGE][PASSED] - Call Test Case 'Test Cases/Reusable_Test_Sequences/CAT_Scroll_to_Footer' successfully

2020-04-20 15:21:39 - [TEST_STEP][PASSED] - "------------------------------------------": null

2020-04-20 15:21:39 - [TEST_STEP][PASSED] - " Verify Correct Location is Returned     |": null

2020-04-20 15:21:39 - [TEST_STEP][PASSED] - callTestCase(findTestCase("Reusable_Test_Sequences/CAT_Verification_Location"), [:], CONTINUE_ON_FAILURE): Call Test Case 'Test Cases/Reusable_Test_Sequences/CAT_Verification_Location' successfully

2020-04-20 15:21:39 - [TEST_CASE][PASSED] - Test Cases/Reusable_Test_Sequences/CAT_Verification_Location: Test Cases/Reusable_Test_Sequences/CAT_Verification_Location

2020-04-20 15:21:39 - [TEST_STEP][PASSED] - waitForPageLoad(60): Wait for page load successfully

2020-04-20 15:21:39 - [MESSAGE][PASSED] - Wait for page load successfully

2020-04-20 15:21:39 - [TEST_STEP][PASSED] - verifyTextPresent(findTestData("Search_CAT_ID_Data (1)").getValue("tradeNameLocationVerification", row), false): Text 'Rustington, West Sussex' is present on page 

2020-04-20 15:21:40 - [MESSAGE][PASSED] - Text 'Rustington, West Sussex' is present on page 

2020-04-20 15:21:40 - [MESSAGE][PASSED] - Call Test Case 'Test Cases/Reusable_Test_Sequences/CAT_Verification_Location' successfully

2020-04-20 15:21:40 - [TEST_STEP][PASSED] - "------------------------------------------": null

2020-04-20 15:21:40 - [TEST_STEP][PASSED] - " Verify Primary Contact is Returned     |": null

2020-04-20 15:21:40 - [TEST_STEP][PASSED] - callTestCase(findTestCase("Reusable_Test_Sequences/CAT_Verification_Primary_Contact"), [:], CONTINUE_ON_FAILURE): Call Test Case 'Test Cases/Reusable_Test_Sequences/CAT_Verification_Primary_Contact' successfully

2020-04-20 15:21:40 - [TEST_CASE][PASSED] - Test Cases/Reusable_Test_Sequences/CAT_Verification_Primary_Contact: Test Cases/Reusable_Test_Sequences/CAT_Verification_Primary_Contact

2020-04-20 15:21:40 - [TEST_STEP][PASSED] - verifyTextPresent(findTestData("Search_CAT_ID_Data (1)").getValue("primeContact", row), false): Text 'David Clarke' is present on page 

2020-04-20 15:21:40 - [MESSAGE][PASSED] - Text 'David Clarke' is present on page 

2020-04-20 15:21:40 - [MESSAGE][PASSED] - Call Test Case 'Test Cases/Reusable_Test_Sequences/CAT_Verification_Primary_Contact' successfully

2020-04-20 15:21:40 - [TEST_STEP][PASSED] - "--------------------------": null

2020-04-20 15:21:40 - [TEST_STEP][PASSED] - " Teardown - CLose Browser |": null

2020-04-20 15:21:40 - [TEST_STEP][PASSED] - callTestCase(findTestCase("Reusable_Test_Sequences/CAT_Teardown"), [:], OPTIONAL): Call Test Case 'Test Cases/Reusable_Test_Sequences/CAT_Teardown' successfully

2020-04-20 15:21:40 - [TEST_CASE][PASSED] - Test Cases/Reusable_Test_Sequences/CAT_Teardown: Test Cases/Reusable_Test_Sequences/CAT_Teardown

2020-04-20 15:21:40 - [TEST_STEP][PASSED] - closeBrowser(): Browser is closed

2020-04-20 15:21:43 - [MESSAGE][PASSED] - Browser is closed

2020-04-20 15:21:43 - [TEST_STEP][PASSED] - super.finalize(): null

2020-04-20 15:21:43 - [TEST_STEP][PASSED] - System.gc(): null

2020-04-20 15:21:43 - [MESSAGE][PASSED] - Call Test Case 'Test Cases/Reusable_Test_Sequences/CAT_Teardown' successfully

2020-04-20 15:21:43 - [TEST_STEP][PASSED] - callTestCase(findTestCase("Reusable_Test_Sequences/CAT_Setup"), [:], STOP_ON_FAILURE): Call Test Case 'Test Cases/Reusable_Test_Sequences/CAT_Setup' successfully

2020-04-20 15:21:43 - [TEST_CASE][PASSED] - Test Cases/Reusable_Test_Sequences/CAT_Setup: Test Cases/Reusable_Test_Sequences/CAT_Setup

2020-04-20 15:21:43 - [TEST_STEP][PASSED] - "------------------------------": null

2020-04-20 15:21:43 - [TEST_STEP][PASSED] - " Set Mobile Device Testing    |": null

2020-04-20 15:21:43 - [TEST_STEP][PASSED] - if (Mobile_Flag == "true"): null

2020-04-20 15:21:43 - [TEST_STEP][PASSED] - "------------------------------": null

2020-04-20 15:21:43 - [TEST_STEP][PASSED] - " Set Mobile Device Testing    |": null

2020-04-20 15:21:43 - [TEST_STEP][PASSED] - "------------------------------": null

2020-04-20 15:21:43 - [TEST_STEP][PASSED] - "URL - Set from the ENVIRONMENT PROFILE ": null

2020-04-20 15:21:43 - [TEST_STEP][PASSED] - openBrowser(URL): Browser is opened with url: 'https://www.preview.checkatrade.com/'

2020-04-20 15:21:43 - [MESSAGE][INFO] - Starting 'Firefox' driver

2020-04-20 15:21:43 - [MESSAGE][INFO] - Action delay is set to 0 milliseconds

2020-04-20 15:21:55 - [MESSAGE][PASSED] - Browser is opened with url: 'https://www.preview.checkatrade.com/'

2020-04-20 15:21:55 - [TEST_STEP][PASSED] - maximizeWindow(): Current window maximized

2020-04-20 15:21:55 - [MESSAGE][PASSED] - Current window maximized

2020-04-20 15:21:55 - [TEST_STEP][PASSED] - waitForPageLoad(60): Wait for page load successfully

2020-04-20 15:21:55 - [MESSAGE][PASSED] - Wait for page load successfully

2020-04-20 15:21:55 - [TEST_STEP][PASSED] - "Previous Functionalilty Left Commented For Ease Of reversion": null

2020-04-20 15:21:55 - [TEST_STEP][PASSED] - " Katalon Try/Catches currently have issues? SEE HEADER": null

2020-04-20 15:21:55 - [TEST_STEP][PASSED] - try: Text 'Cookie Policy' is not present on page

2020-04-20 15:21:55 - [TEST_STEP][PASSED] - verifyElementPresent(findTestObject("Object Repository/Cookies/Page_Checkatrade Find a tradesperson you can trust/button_Accept All"), 5, OPTIONAL): Object 'Object Repository/Cookies/Page_Checkatrade Find a tradesperson you can trust/button_Accept All' is present

2020-04-20 15:21:55 - [MESSAGE][PASSED] - Object 'Object Repository/Cookies/Page_Checkatrade Find a tradesperson you can trust/button_Accept All' is present

2020-04-20 15:21:55 - [TEST_STEP][PASSED] - click(findTestObject("Object Repository/Cookies/Page_Checkatrade Find a tradesperson you can trust/button_Accept All"), OPTIONAL): Object: 'Object Repository/Cookies/Page_Checkatrade Find a tradesperson you can trust/button_Accept All' is clicked on

2020-04-20 15:21:56 - [MESSAGE][PASSED] - Object: 'Object Repository/Cookies/Page_Checkatrade Find a tradesperson you can trust/button_Accept All' is clicked on

2020-04-20 15:21:56 - [TEST_STEP][PASSED] - "---------------------------------": null

2020-04-20 15:21:56 - [TEST_STEP][PASSED] - "COOKIE POPOUT REMOVED - Confirmed": null

2020-04-20 15:21:56 - [TEST_STEP][PASSED] - delay(1): Delayed 1 second(s)

2020-04-20 15:21:57 - [MESSAGE][PASSED] - Delayed 1 second(s)

2020-04-20 15:21:57 - [TEST_STEP][PASSED] - verifyTextNotPresent("We use cookies to personalise content and ads, to provide social media features and to analyse our traffic", false): Text 'We use cookies to personalise content and ads, to provide social media features and to analyse our traffic' is not present on page

2020-04-20 15:21:58 - [MESSAGE][PASSED] - Text 'We use cookies to personalise content and ads, to provide social media features and to analyse our traffic' is not present on page

2020-04-20 15:21:58 - [TEST_STEP][PASSED] - verifyTextNotPresent(" We also share information about your use of our site with our social media, advertising and analytics partners", false): Text ' We also share information about your use of our site with our social media, advertising and analytics partners' is not present on page

2020-04-20 15:21:59 - [MESSAGE][PASSED] - Text ' We also share information about your use of our site with our social media, advertising and analytics partners' is not present on page

2020-04-20 15:21:59 - [TEST_STEP][PASSED] - verifyTextNotPresent("Cookie Policy", false): Text 'Cookie Policy' is not present on page

2020-04-20 15:21:59 - [MESSAGE][PASSED] - Text 'Cookie Policy' is not present on page

2020-04-20 15:21:59 - [TEST_STEP][PASSED] - waitForPageLoad(60): Wait for page load successfully

2020-04-20 15:21:59 - [MESSAGE][PASSED] - Wait for page load successfully

2020-04-20 15:21:59 - [TEST_STEP][PASSED] - "COOKIE - ORIGINAL": null

2020-04-20 15:21:59 - [TEST_STEP][PASSED] - if (waitForElementVisible(findTestObject("Object Repository/Feedback/Page_Checkatrade Give your feedback/input_Member_to_Review"), 5)): Web element with id: 'Object Repository/Feedback/Page_Checkatrade Give your feedback/input_Member_to_Review' located by 'By.xpath: //input[@id='feedback-form__company_autocomplete_input']' not found

2020-04-20 15:22:05 - [MESSAGE][INFO] - Unable to find the element located by 'By.xpath: //input[@id='feedback-form__company_autocomplete_input']'. Please recheck the objects properties to make sure the desired element is located. 

2020-04-20 15:22:05 - [MESSAGE][WARNING] - Web element with id: 'Object Repository/Feedback/Page_Checkatrade Give your feedback/input_Member_to_Review' located by 'By.xpath: //input[@id='feedback-form__company_autocomplete_input']' not found

2020-04-20 15:22:05 - [TEST_STEP][PASSED] - else: The <<<OLD>>> Website was detected by the STARTUP Process

2020-04-20 15:22:05 - [TEST_STEP][PASSED] - if (!(verifyElementVisible(findTestObject("Object Repository/Checkatrade_Trade_Search_Page/Page_Checkatrade Find a tradesperson you can trust/input_Search_Button_FF")))): Object 'Object Repository/Checkatrade_Trade_Search_Page/Page_Checkatrade Find a tradesperson you can trust/input_Search_Button_FF' is visible

2020-04-20 15:22:05 - [MESSAGE][PASSED] - Object 'Object Repository/Checkatrade_Trade_Search_Page/Page_Checkatrade Find a tradesperson you can trust/input_Search_Button_FF' is visible

2020-04-20 15:22:05 - [TEST_STEP][PASSED] - else: The <<<OLD>>> Website was detected by the STARTUP Process

2020-04-20 15:22:05 - [TEST_STEP][PASSED] - Website_Version = "old": null

2020-04-20 15:22:05 - [TEST_STEP][PASSED] - logInfo("The <<<OLD>>> Website was detected by the STARTUP Process"): The <<<OLD>>> Website was detected by the STARTUP Process

2020-04-20 15:22:05 - [MESSAGE][INFO] - The <<<OLD>>> Website was detected by the STARTUP Process

2020-04-20 15:22:05 - [MESSAGE][PASSED] - Call Test Case 'Test Cases/Reusable_Test_Sequences/CAT_Setup' successfully

2020-04-20 15:22:05 - [TEST_STEP][PASSED] - callTestCase(findTestCase("Reusable_Test_Sequences/CAT_Home"), [:], CONTINUE_ON_FAILURE): Call Test Case 'Test Cases/Reusable_Test_Sequences/CAT_Home' successfully

2020-04-20 15:22:05 - [TEST_CASE][PASSED] - Test Cases/Reusable_Test_Sequences/CAT_Home: Test Cases/Reusable_Test_Sequences/CAT_Home

2020-04-20 15:22:05 - [TEST_STEP][PASSED] - waitForPageLoad(60): Wait for page load successfully

2020-04-20 15:22:05 - [MESSAGE][PASSED] - Wait for page load successfully

2020-04-20 15:22:05 - [TEST_STEP][PASSED] - delay(2): Delayed 2 second(s)

2020-04-20 15:22:07 - [MESSAGE][PASSED] - Delayed 2 second(s)

2020-04-20 15:22:07 - [TEST_STEP][PASSED] - "------------------------------------": null

2020-04-20 15:22:07 - [TEST_STEP][PASSED] - if (Website_Version == "new"): null

2020-04-20 15:22:07 - [TEST_STEP][PASSED] - else: Text 'Over a million visits to Checkatrade each month' is present on page 

2020-04-20 15:22:07 - [TEST_STEP][PASSED] - verifyTextPresent("Helping you find the right trade or service", false): Text 'Helping you find the right trade or service' is present on page 

2020-04-20 15:22:08 - [MESSAGE][PASSED] - Text 'Helping you find the right trade or service' is present on page 

2020-04-20 15:22:08 - [TEST_STEP][PASSED] - verifyTextPresent("Search through over", false): Text 'Search through over' is present on page 

2020-04-20 15:22:08 - [MESSAGE][PASSED] - Text 'Search through over' is present on page 

2020-04-20 15:22:08 - [TEST_STEP][PASSED] - verifyTextPresent("recommended, vetted and monitored trades and service providers for free.", false): Text 'recommended, vetted and monitored trades and service providers for free.' is present on page 

2020-04-20 15:22:09 - [MESSAGE][PASSED] - Text 'recommended, vetted and monitored trades and service providers for free.' is present on page 

2020-04-20 15:22:09 - [TEST_STEP][PASSED] - verifyTextPresent("reviews published so far – thank you!", false): Text 'reviews published so far – thank you!' is present on page 

2020-04-20 15:22:10 - [MESSAGE][PASSED] - Text 'reviews published so far – thank you!' is present on page 

2020-04-20 15:22:10 - [TEST_STEP][PASSED] - verifyTextPresent("I need a trade or service", false): Text 'I need a trade or service' is present on page 

2020-04-20 15:22:11 - [MESSAGE][PASSED] - Text 'I need a trade or service' is present on page 

2020-04-20 15:22:11 - [TEST_STEP][PASSED] - verifyTextPresent("Every trader thoroughly checked and vetted", false): Text 'Every trader thoroughly checked and vetted' is present on page 

2020-04-20 15:22:12 - [MESSAGE][PASSED] - Text 'Every trader thoroughly checked and vetted' is present on page 

2020-04-20 15:22:12 - [TEST_STEP][PASSED] - "------------------------------------": null

2020-04-20 15:22:12 - [TEST_STEP][PASSED] - verifyTextPresent("reviews published so far – thank you!", false): Text 'reviews published so far – thank you!' is present on page 

2020-04-20 15:22:12 - [MESSAGE][PASSED] - Text 'reviews published so far – thank you!' is present on page 

2020-04-20 15:22:12 - [TEST_STEP][PASSED] - verifyTextPresent("Find out more", false): Text 'Find out more' is present on page 

2020-04-20 15:22:13 - [MESSAGE][PASSED] - Text 'Find out more' is present on page 

2020-04-20 15:22:13 - [TEST_STEP][PASSED] - verifyTextPresent("I am a tradesman", false): Text 'I am a tradesman' is present on page 

2020-04-20 15:22:13 - [MESSAGE][PASSED] - Text 'I am a tradesman' is present on page 

2020-04-20 15:22:13 - [TEST_STEP][PASSED] - verifyTextPresent("Find out more", false): Text 'Find out more' is present on page 

2020-04-20 15:22:14 - [MESSAGE][PASSED] - Text 'Find out more' is present on page 

2020-04-20 15:22:14 - [TEST_STEP][PASSED] - verifyTextPresent("Over a million visits to Checkatrade each month", false): Text 'Over a million visits to Checkatrade each month' is present on page 

2020-04-20 15:22:15 - [MESSAGE][PASSED] - Text 'Over a million visits to Checkatrade each month' is present on page 

2020-04-20 15:22:15 - [MESSAGE][PASSED] - Call Test Case 'Test Cases/Reusable_Test_Sequences/CAT_Home' successfully

2020-04-20 15:22:15 - [TEST_STEP][PASSED] - "---------------------------------------------------------------------": null

2020-04-20 15:22:15 - [TEST_STEP][PASSED] - " Select Search on Trader Name (or ID) From Home page/Search Screen   |": null

2020-04-20 15:22:15 - [TEST_STEP][PASSED] - callTestCase(findTestCase("Reusable_Test_Sequences/CAT_Click_Search_Trade_Name"), [:], STOP_ON_FAILURE): Call Test Case 'Test Cases/Reusable_Test_Sequences/CAT_Click_Search_Trade_Name' successfully

2020-04-20 15:22:15 - [TEST_CASE][PASSED] - Test Cases/Reusable_Test_Sequences/CAT_Click_Search_Trade_Name: Test Cases/Reusable_Test_Sequences/CAT_Click_Search_Trade_Name

2020-04-20 15:22:15 - [TEST_STEP][PASSED] - waitForPageLoad(60): Wait for page load successfully

2020-04-20 15:22:15 - [MESSAGE][PASSED] - Wait for page load successfully

2020-04-20 15:22:15 - [TEST_STEP][PASSED] - if (Website_Version != "new"): Object: 'Object Repository/Page_Checkatrade Find a tradesperson you can trust/a_or look up a member by name' is clicked on

2020-04-20 15:22:15 - [TEST_STEP][PASSED] - waitForElementClickable(findTestObject("Object Repository/Page_Checkatrade Find a tradesperson you can trust/a_or look up a member by name"), 5): Object 'Object Repository/Page_Checkatrade Find a tradesperson you can trust/a_or look up a member by name' is clickable

2020-04-20 15:22:15 - [MESSAGE][PASSED] - Object 'Object Repository/Page_Checkatrade Find a tradesperson you can trust/a_or look up a member by name' is clickable

2020-04-20 15:22:15 - [TEST_STEP][PASSED] - click(findTestObject("Object Repository/Page_Checkatrade Find a tradesperson you can trust/a_or look up a member by name")): Object: 'Object Repository/Page_Checkatrade Find a tradesperson you can trust/a_or look up a member by name' is clicked on

2020-04-20 15:22:16 - [MESSAGE][PASSED] - Object: 'Object Repository/Page_Checkatrade Find a tradesperson you can trust/a_or look up a member by name' is clicked on

2020-04-20 15:22:16 - [TEST_STEP][PASSED] - if (Website_Version != "old"): null

2020-04-20 15:22:16 - [TEST_STEP][PASSED] - waitForPageLoad(60): Wait for page load successfully

2020-04-20 15:22:16 - [MESSAGE][PASSED] - Wait for page load successfully

2020-04-20 15:22:16 - [MESSAGE][PASSED] - Call Test Case 'Test Cases/Reusable_Test_Sequences/CAT_Click_Search_Trade_Name' successfully

2020-04-20 15:22:16 - [TEST_STEP][PASSED] - "---------------------------------------": null

2020-04-20 15:22:16 - [TEST_STEP][PASSED] - " Enter Trader Name (or ID) to Search   |": null

2020-04-20 15:22:16 - [TEST_STEP][PASSED] - callTestCase(findTestCase("Reusable_Test_Sequences/CAT_Enter_Trade_Name"), [:], STOP_ON_FAILURE): Call Test Case 'Test Cases/Reusable_Test_Sequences/CAT_Enter_Trade_Name' successfully

2020-04-20 15:22:16 - [TEST_CASE][PASSED] - Test Cases/Reusable_Test_Sequences/CAT_Enter_Trade_Name: Test Cases/Reusable_Test_Sequences/CAT_Enter_Trade_Name

2020-04-20 15:22:16 - [TEST_STEP][PASSED] - if (Website_Version != "new"): Text '381198' is set on object 'Object Repository/Page_Checkatrade Find a tradesperson you can trust/Trader_Name_To_Search'

2020-04-20 15:22:16 - [TEST_STEP][PASSED] - setText(findTestObject("Page_Checkatrade Find a tradesperson you can trust/Trader_Name_To_Search"), findTestData("Search_CAT_ID_Data (1)").getValue("tradeName", row)): Text '381198' is set on object 'Object Repository/Page_Checkatrade Find a tradesperson you can trust/Trader_Name_To_Search'

2020-04-20 15:22:16 - [MESSAGE][PASSED] - Text '381198' is set on object 'Object Repository/Page_Checkatrade Find a tradesperson you can trust/Trader_Name_To_Search'

2020-04-20 15:22:16 - [TEST_STEP][PASSED] - if (verifyTextNotPresent("Sorry, no results found", false)): null

2020-04-20 15:22:17 - [MESSAGE][PASSED] - Text 'Sorry, no results found' is not present on page

2020-04-20 15:22:17 - [TEST_STEP][PASSED] - markPassed("The Expected Lookup Result(s) ARE being returned by the Lookup Service, AS EXPECTED"): The Expected Lookup Result(s) ARE being returned by the Lookup Service, AS EXPECTED

2020-04-20 15:22:17 - [MESSAGE][PASSED] - The Expected Lookup Result(s) ARE being returned by the Lookup Service, AS EXPECTED

2020-04-20 15:22:17 - [MESSAGE][PASSED] - Call Test Case 'Test Cases/Reusable_Test_Sequences/CAT_Enter_Trade_Name' successfully

2020-04-20 15:22:17 - [TEST_STEP][PASSED] - "---------------------------------------": null

2020-04-20 15:22:17 - [TEST_STEP][PASSED] - " Search Trader Name (or ID)            |": null

2020-04-20 15:22:17 - [TEST_STEP][PASSED] - callTestCase(findTestCase("Reusable_Test_Sequences/CAT_Search_Trade_Name"), [:], STOP_ON_FAILURE): Call Test Case 'Test Cases/Reusable_Test_Sequences/CAT_Search_Trade_Name' successfully

2020-04-20 15:22:17 - [TEST_CASE][PASSED] - Test Cases/Reusable_Test_Sequences/CAT_Search_Trade_Name: Test Cases/Reusable_Test_Sequences/CAT_Search_Trade_Name

2020-04-20 15:22:17 - [TEST_STEP][PASSED] - "Hit Search Trade Person by Name (or CAT ID) after parameters are entered": null

2020-04-20 15:22:17 - [TEST_STEP][PASSED] - waitForPageLoad(60): Wait for page load successfully

2020-04-20 15:22:17 - [MESSAGE][PASSED] - Wait for page load successfully

2020-04-20 15:22:17 - [TEST_STEP][PASSED] - delay(2): Delayed 2 second(s)

2020-04-20 15:22:19 - [MESSAGE][PASSED] - Delayed 2 second(s)

2020-04-20 15:22:19 - [TEST_STEP][PASSED] - if (Website_Version == "new"): null

2020-04-20 15:22:19 - [TEST_STEP][PASSED] - else: Object: 'Object Repository/Page_Checkatrade Find a tradesperson you can trust/span_Trade_Name' is clicked on

2020-04-20 15:22:19 - [TEST_STEP][PASSED] - waitForElementClickable(findTestObject("Page_Checkatrade Find a tradesperson you can trust/span_Trade_Name"), 60): Object 'Object Repository/Page_Checkatrade Find a tradesperson you can trust/span_Trade_Name' is clickable

2020-04-20 15:22:19 - [MESSAGE][PASSED] - Object 'Object Repository/Page_Checkatrade Find a tradesperson you can trust/span_Trade_Name' is clickable

2020-04-20 15:22:19 - [TEST_STEP][PASSED] - click(findTestObject("Page_Checkatrade Find a tradesperson you can trust/span_Trade_Name")): Object: 'Object Repository/Page_Checkatrade Find a tradesperson you can trust/span_Trade_Name' is clicked on

2020-04-20 15:22:24 - [MESSAGE][PASSED] - Object: 'Object Repository/Page_Checkatrade Find a tradesperson you can trust/span_Trade_Name' is clicked on

2020-04-20 15:22:24 - [TEST_STEP][PASSED] - delay(2): Delayed 2 second(s)

2020-04-20 15:22:26 - [MESSAGE][PASSED] - Delayed 2 second(s)

2020-04-20 15:22:26 - [TEST_STEP][PASSED] - waitForPageLoad(60): Wait for page load successfully

2020-04-20 15:22:26 - [MESSAGE][PASSED] - Wait for page load successfully

2020-04-20 15:22:26 - [MESSAGE][PASSED] - Call Test Case 'Test Cases/Reusable_Test_Sequences/CAT_Search_Trade_Name' successfully

2020-04-20 15:22:26 - [TEST_STEP][PASSED] - "------------------------------------------": null

2020-04-20 15:22:26 - [TEST_STEP][PASSED] - " Scroll to Page Footer to Reveal Results  |": null

2020-04-20 15:22:26 - [TEST_STEP][PASSED] - callTestCase(findTestCase("Reusable_Test_Sequences/CAT_Scroll_to_Footer"), [:], CONTINUE_ON_FAILURE): Call Test Case 'Test Cases/Reusable_Test_Sequences/CAT_Scroll_to_Footer' successfully

2020-04-20 15:22:26 - [TEST_CASE][PASSED] - Test Cases/Reusable_Test_Sequences/CAT_Scroll_to_Footer: Test Cases/Reusable_Test_Sequences/CAT_Scroll_to_Footer

2020-04-20 15:22:26 - [TEST_STEP][PASSED] - "-----------------------------------------------------": null

2020-04-20 15:22:26 - [TEST_STEP][PASSED] - " Major changes factored into function 05/12/2019     |": null

2020-04-20 15:22:26 - [TEST_STEP][PASSED] - "-----------------------------------------------------": null

2020-04-20 15:22:26 - [TEST_STEP][PASSED] - "Animation Removed ": null

2020-04-20 15:22:26 - [TEST_STEP][PASSED] - "Scroll - To Footer on the bottom of the page (sometime off the screen) ": null

2020-04-20 15:22:26 - [TEST_STEP][PASSED] - waitForPageLoad(60): Wait for page load successfully

2020-04-20 15:22:26 - [MESSAGE][PASSED] - Wait for page load successfully

2020-04-20 15:22:26 - [TEST_STEP][PASSED] - scrollToPosition(999, 999): Browser is scrolled to position x = 999, y = 999

2020-04-20 15:22:26 - [MESSAGE][PASSED] - Browser is scrolled to position x = 999, y = 999

2020-04-20 15:22:26 - [TEST_STEP][PASSED] - delay(1): Delayed 1 second(s)

2020-04-20 15:22:27 - [MESSAGE][PASSED] - Delayed 1 second(s)

2020-04-20 15:22:27 - [MESSAGE][PASSED] - Call Test Case 'Test Cases/Reusable_Test_Sequences/CAT_Scroll_to_Footer' successfully

2020-04-20 15:22:27 - [TEST_STEP][PASSED] - "------------------------------------------": null

2020-04-20 15:22:27 - [TEST_STEP][PASSED] - " Verify Correct Location is Returned     |": null

2020-04-20 15:22:27 - [TEST_STEP][PASSED] - callTestCase(findTestCase("Reusable_Test_Sequences/CAT_Verification_Location"), [:], CONTINUE_ON_FAILURE): Call Test Case 'Test Cases/Reusable_Test_Sequences/CAT_Verification_Location' successfully

2020-04-20 15:22:27 - [TEST_CASE][PASSED] - Test Cases/Reusable_Test_Sequences/CAT_Verification_Location: Test Cases/Reusable_Test_Sequences/CAT_Verification_Location

2020-04-20 15:22:27 - [TEST_STEP][PASSED] - waitForPageLoad(60): Wait for page load successfully

2020-04-20 15:22:27 - [MESSAGE][PASSED] - Wait for page load successfully

2020-04-20 15:22:27 - [TEST_STEP][PASSED] - verifyTextPresent(findTestData("Search_CAT_ID_Data (1)").getValue("tradeNameLocationVerification", row), false): Text 'Bognor Regis' is present on page 

2020-04-20 15:22:30 - [MESSAGE][PASSED] - Text 'Bognor Regis' is present on page 

2020-04-20 15:22:30 - [MESSAGE][PASSED] - Call Test Case 'Test Cases/Reusable_Test_Sequences/CAT_Verification_Location' successfully

2020-04-20 15:22:30 - [TEST_STEP][PASSED] - "------------------------------------------": null

2020-04-20 15:22:30 - [TEST_STEP][PASSED] - " Verify Primary Contact is Returned     |": null

2020-04-20 15:22:30 - [TEST_STEP][PASSED] - callTestCase(findTestCase("Reusable_Test_Sequences/CAT_Verification_Primary_Contact"), [:], CONTINUE_ON_FAILURE): Call Test Case 'Test Cases/Reusable_Test_Sequences/CAT_Verification_Primary_Contact' successfully

2020-04-20 15:22:30 - [TEST_CASE][PASSED] - Test Cases/Reusable_Test_Sequences/CAT_Verification_Primary_Contact: Test Cases/Reusable_Test_Sequences/CAT_Verification_Primary_Contact

2020-04-20 15:22:30 - [TEST_STEP][PASSED] - verifyTextPresent(findTestData("Search_CAT_ID_Data (1)").getValue("primeContact", row), false): Text 'Mr Scott Heyburn' is present on page 

2020-04-20 15:22:32 - [MESSAGE][PASSED] - Text 'Mr Scott Heyburn' is present on page 

2020-04-20 15:22:32 - [MESSAGE][PASSED] - Call Test Case 'Test Cases/Reusable_Test_Sequences/CAT_Verification_Primary_Contact' successfully

2020-04-20 15:22:32 - [TEST_STEP][PASSED] - "--------------------------": null

2020-04-20 15:22:32 - [TEST_STEP][PASSED] - " Teardown - CLose Browser |": null

2020-04-20 15:22:32 - [TEST_STEP][PASSED] - callTestCase(findTestCase("Reusable_Test_Sequences/CAT_Teardown"), [:], OPTIONAL): Call Test Case 'Test Cases/Reusable_Test_Sequences/CAT_Teardown' successfully

2020-04-20 15:22:32 - [TEST_CASE][PASSED] - Test Cases/Reusable_Test_Sequences/CAT_Teardown: Test Cases/Reusable_Test_Sequences/CAT_Teardown

2020-04-20 15:22:32 - [TEST_STEP][PASSED] - closeBrowser(): Browser is closed

2020-04-20 15:22:37 - [MESSAGE][PASSED] - Browser is closed

2020-04-20 15:22:37 - [TEST_STEP][PASSED] - super.finalize(): null

2020-04-20 15:22:37 - [TEST_STEP][PASSED] - System.gc(): null

2020-04-20 15:22:37 - [MESSAGE][PASSED] - Call Test Case 'Test Cases/Reusable_Test_Sequences/CAT_Teardown' successfully]]></system-out>
         <system-err><![CDATA[]]></system-err>
      </testcase>
      <testcase name="Test Cases/Checkatrade_Tradesman_Searches/Trader_Name_Not_Listed" time="303.415" classname="Test Cases/Checkatrade_Tradesman_Searches/Trader_Name_Not_Listed" status="PASSED">
         <system-out><![CDATA[2020-04-20 15:22:37 - [TEST_CASE][PASSED] - Test Cases/Checkatrade_Tradesman_Searches/Trader_Name_Not_Listed: Test Cases/Checkatrade_Tradesman_Searches/Trader_Name_Not_Listed

2020-04-20 15:22:37 - [TEST_STEP][PASSED] - for ([row = 1, row <= findTestData("Search_CAT_ID_Data_NEG").getRowNumbers(), (internal.GlobalVariable.row++)]): Call Test Case 'Test Cases/Reusable_Test_Sequences/CAT_Teardown' successfully

2020-04-20 15:22:37 - [TEST_STEP][PASSED] - callTestCase(findTestCase("Reusable_Test_Sequences/CAT_Setup"), [:], STOP_ON_FAILURE): Call Test Case 'Test Cases/Reusable_Test_Sequences/CAT_Setup' successfully

2020-04-20 15:22:38 - [TEST_CASE][PASSED] - Test Cases/Reusable_Test_Sequences/CAT_Setup: Test Cases/Reusable_Test_Sequences/CAT_Setup

2020-04-20 15:22:38 - [TEST_STEP][PASSED] - "------------------------------": null

2020-04-20 15:22:38 - [TEST_STEP][PASSED] - " Set Mobile Device Testing    |": null

2020-04-20 15:22:38 - [TEST_STEP][PASSED] - if (Mobile_Flag == "true"): null

2020-04-20 15:22:38 - [TEST_STEP][PASSED] - "------------------------------": null

2020-04-20 15:22:38 - [TEST_STEP][PASSED] - " Set Mobile Device Testing    |": null

2020-04-20 15:22:38 - [TEST_STEP][PASSED] - "------------------------------": null

2020-04-20 15:22:38 - [TEST_STEP][PASSED] - "URL - Set from the ENVIRONMENT PROFILE ": null

2020-04-20 15:22:38 - [TEST_STEP][PASSED] - openBrowser(URL): Browser is opened with url: 'https://www.preview.checkatrade.com/'

2020-04-20 15:22:38 - [MESSAGE][INFO] - Starting 'Firefox' driver

2020-04-20 15:22:38 - [MESSAGE][INFO] - Action delay is set to 0 milliseconds

2020-04-20 15:22:49 - [MESSAGE][PASSED] - Browser is opened with url: 'https://www.preview.checkatrade.com/'

2020-04-20 15:22:49 - [TEST_STEP][PASSED] - maximizeWindow(): Current window maximized

2020-04-20 15:22:49 - [MESSAGE][PASSED] - Current window maximized

2020-04-20 15:22:49 - [TEST_STEP][PASSED] - waitForPageLoad(60): Wait for page load successfully

2020-04-20 15:22:49 - [MESSAGE][PASSED] - Wait for page load successfully

2020-04-20 15:22:49 - [TEST_STEP][PASSED] - "Previous Functionalilty Left Commented For Ease Of reversion": null

2020-04-20 15:22:49 - [TEST_STEP][PASSED] - " Katalon Try/Catches currently have issues? SEE HEADER": null

2020-04-20 15:22:49 - [TEST_STEP][PASSED] - try: Text 'Cookie Policy' is not present on page

2020-04-20 15:22:49 - [TEST_STEP][PASSED] - verifyElementPresent(findTestObject("Object Repository/Cookies/Page_Checkatrade Find a tradesperson you can trust/button_Accept All"), 5, OPTIONAL): Object 'Object Repository/Cookies/Page_Checkatrade Find a tradesperson you can trust/button_Accept All' is present

2020-04-20 15:22:50 - [MESSAGE][PASSED] - Object 'Object Repository/Cookies/Page_Checkatrade Find a tradesperson you can trust/button_Accept All' is present

2020-04-20 15:22:50 - [TEST_STEP][PASSED] - click(findTestObject("Object Repository/Cookies/Page_Checkatrade Find a tradesperson you can trust/button_Accept All"), OPTIONAL): Object: 'Object Repository/Cookies/Page_Checkatrade Find a tradesperson you can trust/button_Accept All' is clicked on

2020-04-20 15:22:50 - [MESSAGE][PASSED] - Object: 'Object Repository/Cookies/Page_Checkatrade Find a tradesperson you can trust/button_Accept All' is clicked on

2020-04-20 15:22:50 - [TEST_STEP][PASSED] - "---------------------------------": null

2020-04-20 15:22:50 - [TEST_STEP][PASSED] - "COOKIE POPOUT REMOVED - Confirmed": null

2020-04-20 15:22:50 - [TEST_STEP][PASSED] - delay(1): Delayed 1 second(s)

2020-04-20 15:22:51 - [MESSAGE][PASSED] - Delayed 1 second(s)

2020-04-20 15:22:51 - [TEST_STEP][PASSED] - verifyTextNotPresent("We use cookies to personalise content and ads, to provide social media features and to analyse our traffic", false): Text 'We use cookies to personalise content and ads, to provide social media features and to analyse our traffic' is not present on page

2020-04-20 15:22:52 - [MESSAGE][PASSED] - Text 'We use cookies to personalise content and ads, to provide social media features and to analyse our traffic' is not present on page

2020-04-20 15:22:52 - [TEST_STEP][PASSED] - verifyTextNotPresent(" We also share information about your use of our site with our social media, advertising and analytics partners", false): Text ' We also share information about your use of our site with our social media, advertising and analytics partners' is not present on page

2020-04-20 15:22:53 - [MESSAGE][PASSED] - Text ' We also share information about your use of our site with our social media, advertising and analytics partners' is not present on page

2020-04-20 15:22:53 - [TEST_STEP][PASSED] - verifyTextNotPresent("Cookie Policy", false): Text 'Cookie Policy' is not present on page

2020-04-20 15:22:54 - [MESSAGE][PASSED] - Text 'Cookie Policy' is not present on page

2020-04-20 15:22:54 - [TEST_STEP][PASSED] - waitForPageLoad(60): Wait for page load successfully

2020-04-20 15:22:54 - [MESSAGE][PASSED] - Wait for page load successfully

2020-04-20 15:22:54 - [TEST_STEP][PASSED] - "COOKIE - ORIGINAL": null

2020-04-20 15:22:54 - [TEST_STEP][PASSED] - if (waitForElementVisible(findTestObject("Object Repository/Feedback/Page_Checkatrade Give your feedback/input_Member_to_Review"), 5)): Web element with id: 'Object Repository/Feedback/Page_Checkatrade Give your feedback/input_Member_to_Review' located by 'By.xpath: //input[@id='feedback-form__company_autocomplete_input']' not found

2020-04-20 15:22:59 - [MESSAGE][INFO] - Unable to find the element located by 'By.xpath: //input[@id='feedback-form__company_autocomplete_input']'. Please recheck the objects properties to make sure the desired element is located. 

2020-04-20 15:22:59 - [MESSAGE][WARNING] - Web element with id: 'Object Repository/Feedback/Page_Checkatrade Give your feedback/input_Member_to_Review' located by 'By.xpath: //input[@id='feedback-form__company_autocomplete_input']' not found

2020-04-20 15:22:59 - [TEST_STEP][PASSED] - else: The <<<OLD>>> Website was detected by the STARTUP Process

2020-04-20 15:22:59 - [TEST_STEP][PASSED] - if (!(verifyElementVisible(findTestObject("Object Repository/Checkatrade_Trade_Search_Page/Page_Checkatrade Find a tradesperson you can trust/input_Search_Button_FF")))): Object 'Object Repository/Checkatrade_Trade_Search_Page/Page_Checkatrade Find a tradesperson you can trust/input_Search_Button_FF' is visible

2020-04-20 15:22:59 - [MESSAGE][PASSED] - Object 'Object Repository/Checkatrade_Trade_Search_Page/Page_Checkatrade Find a tradesperson you can trust/input_Search_Button_FF' is visible

2020-04-20 15:22:59 - [TEST_STEP][PASSED] - else: The <<<OLD>>> Website was detected by the STARTUP Process

2020-04-20 15:22:59 - [TEST_STEP][PASSED] - Website_Version = "old": null

2020-04-20 15:22:59 - [TEST_STEP][PASSED] - logInfo("The <<<OLD>>> Website was detected by the STARTUP Process"): The <<<OLD>>> Website was detected by the STARTUP Process

2020-04-20 15:22:59 - [MESSAGE][INFO] - The <<<OLD>>> Website was detected by the STARTUP Process

2020-04-20 15:22:59 - [MESSAGE][PASSED] - Call Test Case 'Test Cases/Reusable_Test_Sequences/CAT_Setup' successfully

2020-04-20 15:22:59 - [TEST_STEP][PASSED] - " Home Page validation Checks after COOKIE Dispelled": null

2020-04-20 15:22:59 - [TEST_STEP][PASSED] - "---------------------------------------------------------------------": null

2020-04-20 15:22:59 - [TEST_STEP][PASSED] - " Select Search on Trader Name (or ID) From Home page/Search Screen   |": null

2020-04-20 15:22:59 - [TEST_STEP][PASSED] - callTestCase(findTestCase("Reusable_Test_Sequences/CAT_Click_Search_Trade_Name"), [:], STOP_ON_FAILURE): Call Test Case 'Test Cases/Reusable_Test_Sequences/CAT_Click_Search_Trade_Name' successfully

2020-04-20 15:22:59 - [TEST_CASE][PASSED] - Test Cases/Reusable_Test_Sequences/CAT_Click_Search_Trade_Name: Test Cases/Reusable_Test_Sequences/CAT_Click_Search_Trade_Name

2020-04-20 15:22:59 - [TEST_STEP][PASSED] - waitForPageLoad(60): Wait for page load successfully

2020-04-20 15:22:59 - [MESSAGE][PASSED] - Wait for page load successfully

2020-04-20 15:22:59 - [TEST_STEP][PASSED] - if (Website_Version != "new"): Object: 'Object Repository/Page_Checkatrade Find a tradesperson you can trust/a_or look up a member by name' is clicked on

2020-04-20 15:22:59 - [TEST_STEP][PASSED] - waitForElementClickable(findTestObject("Object Repository/Page_Checkatrade Find a tradesperson you can trust/a_or look up a member by name"), 5): Object 'Object Repository/Page_Checkatrade Find a tradesperson you can trust/a_or look up a member by name' is clickable

2020-04-20 15:23:00 - [MESSAGE][PASSED] - Object 'Object Repository/Page_Checkatrade Find a tradesperson you can trust/a_or look up a member by name' is clickable

2020-04-20 15:23:00 - [TEST_STEP][PASSED] - click(findTestObject("Object Repository/Page_Checkatrade Find a tradesperson you can trust/a_or look up a member by name")): Object: 'Object Repository/Page_Checkatrade Find a tradesperson you can trust/a_or look up a member by name' is clicked on

2020-04-20 15:23:01 - [MESSAGE][PASSED] - Object: 'Object Repository/Page_Checkatrade Find a tradesperson you can trust/a_or look up a member by name' is clicked on

2020-04-20 15:23:01 - [TEST_STEP][PASSED] - if (Website_Version != "old"): null

2020-04-20 15:23:01 - [TEST_STEP][PASSED] - waitForPageLoad(60): Wait for page load successfully

2020-04-20 15:23:01 - [MESSAGE][PASSED] - Wait for page load successfully

2020-04-20 15:23:01 - [MESSAGE][PASSED] - Call Test Case 'Test Cases/Reusable_Test_Sequences/CAT_Click_Search_Trade_Name' successfully

2020-04-20 15:23:01 - [TEST_STEP][PASSED] - "---------------------------------------": null

2020-04-20 15:23:01 - [TEST_STEP][PASSED] - " Enter Trader Name (or ID) to Search   |": null

2020-04-20 15:23:01 - [TEST_STEP][PASSED] - callTestCase(findTestCase("Reusable_Test_Sequences/CAT_Enter_Trade_Name_NEG"), [:], STOP_ON_FAILURE): Call Test Case 'Test Cases/Reusable_Test_Sequences/CAT_Enter_Trade_Name_NEG' successfully

2020-04-20 15:23:01 - [TEST_CASE][PASSED] - Test Cases/Reusable_Test_Sequences/CAT_Enter_Trade_Name_NEG: Test Cases/Reusable_Test_Sequences/CAT_Enter_Trade_Name_NEG

2020-04-20 15:23:02 - [TEST_STEP][PASSED] - if (Website_Version != "new"): Text 'Glazing Solubtions' is set on object 'Object Repository/Page_Checkatrade Find a tradesperson you can trust/Trader_Name_To_Search'

2020-04-20 15:23:02 - [TEST_STEP][PASSED] - waitForElementClickable(findTestObject("Object Repository/Page_Checkatrade Find a tradesperson you can trust/Trader_Name_To_Search"), 5): Object 'Object Repository/Page_Checkatrade Find a tradesperson you can trust/Trader_Name_To_Search' is clickable

2020-04-20 15:23:02 - [MESSAGE][PASSED] - Object 'Object Repository/Page_Checkatrade Find a tradesperson you can trust/Trader_Name_To_Search' is clickable

2020-04-20 15:23:02 - [TEST_STEP][PASSED] - setText(findTestObject("Object Repository/Page_Checkatrade Find a tradesperson you can trust/Trader_Name_To_Search"), findTestData("Search_CAT_ID_Data_NEG").getValue("tradeName", row)): Text 'Glazing Solubtions' is set on object 'Object Repository/Page_Checkatrade Find a tradesperson you can trust/Trader_Name_To_Search'

2020-04-20 15:23:02 - [MESSAGE][PASSED] - Text 'Glazing Solubtions' is set on object 'Object Repository/Page_Checkatrade Find a tradesperson you can trust/Trader_Name_To_Search'

2020-04-20 15:23:02 - [MESSAGE][PASSED] - Call Test Case 'Test Cases/Reusable_Test_Sequences/CAT_Enter_Trade_Name_NEG' successfully

2020-04-20 15:23:02 - [TEST_STEP][PASSED] - "---------------------------------------": null

2020-04-20 15:23:02 - [TEST_STEP][PASSED] - " Search Trader Name (or ID)            |": null

2020-04-20 15:23:02 - [TEST_STEP][PASSED] - "---------------------------------------": null

2020-04-20 15:23:02 - [TEST_STEP][PASSED] - "---------------------------------------": null

2020-04-20 15:23:02 - [TEST_STEP][PASSED] - " Expected ERROR Reported               |": null

2020-04-20 15:23:02 - [TEST_STEP][PASSED] - callTestCase(findTestCase("Reusable_Test_Sequences/CAT_Search_Tradename_Not_Returned"), [:], CONTINUE_ON_FAILURE): Call Test Case 'Test Cases/Reusable_Test_Sequences/CAT_Search_Tradename_Not_Returned' successfully

2020-04-20 15:23:02 - [TEST_CASE][PASSED] - Test Cases/Reusable_Test_Sequences/CAT_Search_Tradename_Not_Returned: Test Cases/Reusable_Test_Sequences/CAT_Search_Tradename_Not_Returned

2020-04-20 15:23:03 - [TEST_STEP][PASSED] - "For later Extension": null

2020-04-20 15:23:03 - [TEST_STEP][PASSED] - "--------------------------------": null

2020-04-20 15:23:03 - [TEST_STEP][PASSED] - " Verify Sorry and Not Here Link |": null

2020-04-20 15:23:03 - [TEST_STEP][PASSED] - delay(1): Delayed 1 second(s)

2020-04-20 15:23:04 - [MESSAGE][PASSED] - Delayed 1 second(s)

2020-04-20 15:23:04 - [TEST_STEP][PASSED] - waitForPageLoad(60): Wait for page load successfully

2020-04-20 15:23:04 - [MESSAGE][PASSED] - Wait for page load successfully

2020-04-20 15:23:04 - [TEST_STEP][PASSED] - verifyElementPresent(findTestObject("Page_Checkatrade Find a tradesperson you can trust/a_or look up a member by name"), 10): Object 'Object Repository/Page_Checkatrade Find a tradesperson you can trust/a_or look up a member by name' is present

2020-04-20 15:23:05 - [MESSAGE][PASSED] - Object 'Object Repository/Page_Checkatrade Find a tradesperson you can trust/a_or look up a member by name' is present

2020-04-20 15:23:05 - [TEST_STEP][PASSED] - verifyTextPresent("Sorry, no results found", false): Text 'Sorry, no results found' is present on page 

2020-04-20 15:23:06 - [MESSAGE][PASSED] - Text 'Sorry, no results found' is present on page 

2020-04-20 15:23:06 - [TEST_STEP][PASSED] - verifyTextPresent("Not here", false): Text 'Not here' is present on page 

2020-04-20 15:23:07 - [MESSAGE][PASSED] - Text 'Not here' is present on page 

2020-04-20 15:23:07 - [TEST_STEP][PASSED] - "--------------------------------": null

2020-04-20 15:23:07 - [TEST_STEP][PASSED] - " Navigate Not Here Link         |": null

2020-04-20 15:23:07 - [TEST_STEP][PASSED] - waitForElementClickable(findTestObject("Object Repository/Page_Checkatrade Find a tradesperson you can trust/a_Not here"), 10): Object 'Object Repository/Page_Checkatrade Find a tradesperson you can trust/a_Not here' is clickable

2020-04-20 15:23:07 - [MESSAGE][PASSED] - Object 'Object Repository/Page_Checkatrade Find a tradesperson you can trust/a_Not here' is clickable

2020-04-20 15:23:07 - [TEST_STEP][PASSED] - click(findTestObject("Object Repository/Page_Checkatrade Find a tradesperson you can trust/a_Not here")): Object: 'Object Repository/Page_Checkatrade Find a tradesperson you can trust/a_Not here' is clicked on

2020-04-20 15:23:10 - [MESSAGE][PASSED] - Object: 'Object Repository/Page_Checkatrade Find a tradesperson you can trust/a_Not here' is clicked on

2020-04-20 15:23:10 - [TEST_STEP][PASSED] - "--------------------------------": null

2020-04-20 15:23:10 - [TEST_STEP][PASSED] - " Verify Returned Page           |": null

2020-04-20 15:23:10 - [TEST_STEP][PASSED] - "--------------------------------": null

2020-04-20 15:23:10 - [TEST_STEP][PASSED] - delay(3): Delayed 3 second(s)

2020-04-20 15:23:13 - [MESSAGE][PASSED] - Delayed 3 second(s)

2020-04-20 15:23:13 - [TEST_STEP][PASSED] - waitForPageLoad(60): Wait for page load successfully

2020-04-20 15:23:13 - [MESSAGE][PASSED] - Wait for page load successfully

2020-04-20 15:23:13 - [TEST_STEP][PASSED] - waitForElementClickable(findTestObject("Object Repository/Page_Checkatrade Find a tradesperson you can trust/link_Give_Your_Feedback"), 25): Object 'Object Repository/Page_Checkatrade Find a tradesperson you can trust/link_Give_Your_Feedback' is clickable

2020-04-20 15:23:13 - [MESSAGE][PASSED] - Object 'Object Repository/Page_Checkatrade Find a tradesperson you can trust/link_Give_Your_Feedback' is clickable

2020-04-20 15:23:13 - [TEST_STEP][PASSED] - verifyTextPresent("Company not listed?", false): Text 'Company not listed?' is present on page 

2020-04-20 15:23:14 - [MESSAGE][PASSED] - Text 'Company not listed?' is present on page 

2020-04-20 15:23:14 - [TEST_STEP][PASSED] - verifyTextPresent("If you are considering employing a particular company but cannot find them in our list of members", false): Text 'If you are considering employing a particular company but cannot find them in our list of members' is present on page 

2020-04-20 15:23:14 - [MESSAGE][PASSED] - Text 'If you are considering employing a particular company but cannot find them in our list of members' is present on page 

2020-04-20 15:23:14 - [TEST_STEP][PASSED] - verifyTextPresent("it may be because they are not a member of Checkatrade", false): Text 'it may be because they are not a member of Checkatrade' is present on page 

2020-04-20 15:23:15 - [MESSAGE][PASSED] - Text 'it may be because they are not a member of Checkatrade' is present on page 

2020-04-20 15:23:15 - [TEST_STEP][PASSED] - verifyTextPresent("If you would like to recommend a company to us, please give your feedback", false): Text 'If you would like to recommend a company to us, please give your feedback' is present on page 

2020-04-20 15:23:15 - [MESSAGE][PASSED] - Text 'If you would like to recommend a company to us, please give your feedback' is present on page 

2020-04-20 15:23:15 - [TEST_STEP][PASSED] - verifyTextPresent("If you would like help searching for a company, please call 0333 0146 190", false): Text 'If you would like help searching for a company, please call 0333 0146 190' is present on page 

2020-04-20 15:23:16 - [MESSAGE][PASSED] - Text 'If you would like help searching for a company, please call 0333 0146 190' is present on page 

2020-04-20 15:23:16 - [TEST_STEP][PASSED] - "----------------------------------------": null

2020-04-20 15:23:16 - [TEST_STEP][PASSED] - "----------------------------------------": null

2020-04-20 15:23:16 - [TEST_STEP][PASSED] - "Give Feedback Link NOT CHECKED Here     |": null

2020-04-20 15:23:16 - [TEST_STEP][PASSED] - System.gc(): null

2020-04-20 15:23:16 - [MESSAGE][PASSED] - Call Test Case 'Test Cases/Reusable_Test_Sequences/CAT_Search_Tradename_Not_Returned' successfully

2020-04-20 15:23:16 - [TEST_STEP][PASSED] - "--------------------------": null

2020-04-20 15:23:16 - [TEST_STEP][PASSED] - " Teardown - CLose Browser |": null

2020-04-20 15:23:16 - [TEST_STEP][PASSED] - callTestCase(findTestCase("Reusable_Test_Sequences/CAT_Teardown"), [:], OPTIONAL): Call Test Case 'Test Cases/Reusable_Test_Sequences/CAT_Teardown' successfully

2020-04-20 15:23:16 - [TEST_CASE][PASSED] - Test Cases/Reusable_Test_Sequences/CAT_Teardown: Test Cases/Reusable_Test_Sequences/CAT_Teardown

2020-04-20 15:23:16 - [TEST_STEP][PASSED] - closeBrowser(): Browser is closed

2020-04-20 15:23:20 - [MESSAGE][PASSED] - Browser is closed

2020-04-20 15:23:20 - [TEST_STEP][PASSED] - super.finalize(): null

2020-04-20 15:23:20 - [TEST_STEP][PASSED] - System.gc(): null

2020-04-20 15:23:20 - [MESSAGE][PASSED] - Call Test Case 'Test Cases/Reusable_Test_Sequences/CAT_Teardown' successfully

2020-04-20 15:23:20 - [TEST_STEP][PASSED] - callTestCase(findTestCase("Reusable_Test_Sequences/CAT_Setup"), [:], STOP_ON_FAILURE): Call Test Case 'Test Cases/Reusable_Test_Sequences/CAT_Setup' successfully

2020-04-20 15:23:20 - [TEST_CASE][PASSED] - Test Cases/Reusable_Test_Sequences/CAT_Setup: Test Cases/Reusable_Test_Sequences/CAT_Setup

2020-04-20 15:23:20 - [TEST_STEP][PASSED] - "------------------------------": null

2020-04-20 15:23:20 - [TEST_STEP][PASSED] - " Set Mobile Device Testing    |": null

2020-04-20 15:23:20 - [TEST_STEP][PASSED] - if (Mobile_Flag == "true"): null

2020-04-20 15:23:20 - [TEST_STEP][PASSED] - "------------------------------": null

2020-04-20 15:23:20 - [TEST_STEP][PASSED] - " Set Mobile Device Testing    |": null

2020-04-20 15:23:20 - [TEST_STEP][PASSED] - "------------------------------": null

2020-04-20 15:23:20 - [TEST_STEP][PASSED] - "URL - Set from the ENVIRONMENT PROFILE ": null

2020-04-20 15:23:20 - [TEST_STEP][PASSED] - openBrowser(URL): Browser is opened with url: 'https://www.preview.checkatrade.com/'

2020-04-20 15:23:20 - [MESSAGE][INFO] - Starting 'Firefox' driver

2020-04-20 15:23:20 - [MESSAGE][INFO] - Action delay is set to 0 milliseconds

2020-04-20 15:23:32 - [MESSAGE][PASSED] - Browser is opened with url: 'https://www.preview.checkatrade.com/'

2020-04-20 15:23:32 - [TEST_STEP][PASSED] - maximizeWindow(): Current window maximized

2020-04-20 15:23:33 - [MESSAGE][PASSED] - Current window maximized

2020-04-20 15:23:33 - [TEST_STEP][PASSED] - waitForPageLoad(60): Wait for page load successfully

2020-04-20 15:23:33 - [MESSAGE][PASSED] - Wait for page load successfully

2020-04-20 15:23:33 - [TEST_STEP][PASSED] - "Previous Functionalilty Left Commented For Ease Of reversion": null

2020-04-20 15:23:33 - [TEST_STEP][PASSED] - " Katalon Try/Catches currently have issues? SEE HEADER": null

2020-04-20 15:23:33 - [TEST_STEP][PASSED] - try: Text 'Cookie Policy' is not present on page

2020-04-20 15:23:33 - [TEST_STEP][PASSED] - verifyElementPresent(findTestObject("Object Repository/Cookies/Page_Checkatrade Find a tradesperson you can trust/button_Accept All"), 5, OPTIONAL): Object 'Object Repository/Cookies/Page_Checkatrade Find a tradesperson you can trust/button_Accept All' is present

2020-04-20 15:23:33 - [MESSAGE][PASSED] - Object 'Object Repository/Cookies/Page_Checkatrade Find a tradesperson you can trust/button_Accept All' is present

2020-04-20 15:23:33 - [TEST_STEP][PASSED] - click(findTestObject("Object Repository/Cookies/Page_Checkatrade Find a tradesperson you can trust/button_Accept All"), OPTIONAL): Object: 'Object Repository/Cookies/Page_Checkatrade Find a tradesperson you can trust/button_Accept All' is clicked on

2020-04-20 15:23:34 - [MESSAGE][PASSED] - Object: 'Object Repository/Cookies/Page_Checkatrade Find a tradesperson you can trust/button_Accept All' is clicked on

2020-04-20 15:23:34 - [TEST_STEP][PASSED] - "---------------------------------": null

2020-04-20 15:23:34 - [TEST_STEP][PASSED] - "COOKIE POPOUT REMOVED - Confirmed": null

2020-04-20 15:23:34 - [TEST_STEP][PASSED] - delay(1): Delayed 1 second(s)

2020-04-20 15:23:35 - [MESSAGE][PASSED] - Delayed 1 second(s)

2020-04-20 15:23:35 - [TEST_STEP][PASSED] - verifyTextNotPresent("We use cookies to personalise content and ads, to provide social media features and to analyse our traffic", false): Text 'We use cookies to personalise content and ads, to provide social media features and to analyse our traffic' is not present on page

2020-04-20 15:23:36 - [MESSAGE][PASSED] - Text 'We use cookies to personalise content and ads, to provide social media features and to analyse our traffic' is not present on page

2020-04-20 15:23:36 - [TEST_STEP][PASSED] - verifyTextNotPresent(" We also share information about your use of our site with our social media, advertising and analytics partners", false): Text ' We also share information about your use of our site with our social media, advertising and analytics partners' is not present on page

2020-04-20 15:23:37 - [MESSAGE][PASSED] - Text ' We also share information about your use of our site with our social media, advertising and analytics partners' is not present on page

2020-04-20 15:23:37 - [TEST_STEP][PASSED] - verifyTextNotPresent("Cookie Policy", false): Text 'Cookie Policy' is not present on page

2020-04-20 15:23:38 - [MESSAGE][PASSED] - Text 'Cookie Policy' is not present on page

2020-04-20 15:23:38 - [TEST_STEP][PASSED] - waitForPageLoad(60): Wait for page load successfully

2020-04-20 15:23:38 - [MESSAGE][PASSED] - Wait for page load successfully

2020-04-20 15:23:38 - [TEST_STEP][PASSED] - "COOKIE - ORIGINAL": null

2020-04-20 15:23:38 - [TEST_STEP][PASSED] - if (waitForElementVisible(findTestObject("Object Repository/Feedback/Page_Checkatrade Give your feedback/input_Member_to_Review"), 5)): Web element with id: 'Object Repository/Feedback/Page_Checkatrade Give your feedback/input_Member_to_Review' located by 'By.xpath: //input[@id='feedback-form__company_autocomplete_input']' not found

2020-04-20 15:23:44 - [MESSAGE][INFO] - Unable to find the element located by 'By.xpath: //input[@id='feedback-form__company_autocomplete_input']'. Please recheck the objects properties to make sure the desired element is located. 

2020-04-20 15:23:44 - [MESSAGE][WARNING] - Web element with id: 'Object Repository/Feedback/Page_Checkatrade Give your feedback/input_Member_to_Review' located by 'By.xpath: //input[@id='feedback-form__company_autocomplete_input']' not found

2020-04-20 15:23:44 - [TEST_STEP][PASSED] - else: The <<<OLD>>> Website was detected by the STARTUP Process

2020-04-20 15:23:44 - [TEST_STEP][PASSED] - if (!(verifyElementVisible(findTestObject("Object Repository/Checkatrade_Trade_Search_Page/Page_Checkatrade Find a tradesperson you can trust/input_Search_Button_FF")))): Object 'Object Repository/Checkatrade_Trade_Search_Page/Page_Checkatrade Find a tradesperson you can trust/input_Search_Button_FF' is visible

2020-04-20 15:23:44 - [MESSAGE][PASSED] - Object 'Object Repository/Checkatrade_Trade_Search_Page/Page_Checkatrade Find a tradesperson you can trust/input_Search_Button_FF' is visible

2020-04-20 15:23:44 - [TEST_STEP][PASSED] - else: The <<<OLD>>> Website was detected by the STARTUP Process

2020-04-20 15:23:44 - [TEST_STEP][PASSED] - Website_Version = "old": null

2020-04-20 15:23:44 - [TEST_STEP][PASSED] - logInfo("The <<<OLD>>> Website was detected by the STARTUP Process"): The <<<OLD>>> Website was detected by the STARTUP Process

2020-04-20 15:23:44 - [MESSAGE][INFO] - The <<<OLD>>> Website was detected by the STARTUP Process

2020-04-20 15:23:44 - [MESSAGE][PASSED] - Call Test Case 'Test Cases/Reusable_Test_Sequences/CAT_Setup' successfully

2020-04-20 15:23:44 - [TEST_STEP][PASSED] - " Home Page validation Checks after COOKIE Dispelled": null

2020-04-20 15:23:44 - [TEST_STEP][PASSED] - "---------------------------------------------------------------------": null

2020-04-20 15:23:44 - [TEST_STEP][PASSED] - " Select Search on Trader Name (or ID) From Home page/Search Screen   |": null

2020-04-20 15:23:44 - [TEST_STEP][PASSED] - callTestCase(findTestCase("Reusable_Test_Sequences/CAT_Click_Search_Trade_Name"), [:], STOP_ON_FAILURE): Call Test Case 'Test Cases/Reusable_Test_Sequences/CAT_Click_Search_Trade_Name' successfully

2020-04-20 15:23:44 - [TEST_CASE][PASSED] - Test Cases/Reusable_Test_Sequences/CAT_Click_Search_Trade_Name: Test Cases/Reusable_Test_Sequences/CAT_Click_Search_Trade_Name

2020-04-20 15:23:44 - [TEST_STEP][PASSED] - waitForPageLoad(60): Wait for page load successfully

2020-04-20 15:23:44 - [MESSAGE][PASSED] - Wait for page load successfully

2020-04-20 15:23:44 - [TEST_STEP][PASSED] - if (Website_Version != "new"): Object: 'Object Repository/Page_Checkatrade Find a tradesperson you can trust/a_or look up a member by name' is clicked on

2020-04-20 15:23:44 - [TEST_STEP][PASSED] - waitForElementClickable(findTestObject("Object Repository/Page_Checkatrade Find a tradesperson you can trust/a_or look up a member by name"), 5): Object 'Object Repository/Page_Checkatrade Find a tradesperson you can trust/a_or look up a member by name' is clickable

2020-04-20 15:23:44 - [MESSAGE][PASSED] - Object 'Object Repository/Page_Checkatrade Find a tradesperson you can trust/a_or look up a member by name' is clickable

2020-04-20 15:23:44 - [TEST_STEP][PASSED] - click(findTestObject("Object Repository/Page_Checkatrade Find a tradesperson you can trust/a_or look up a member by name")): Object: 'Object Repository/Page_Checkatrade Find a tradesperson you can trust/a_or look up a member by name' is clicked on

2020-04-20 15:23:44 - [MESSAGE][PASSED] - Object: 'Object Repository/Page_Checkatrade Find a tradesperson you can trust/a_or look up a member by name' is clicked on

2020-04-20 15:23:44 - [TEST_STEP][PASSED] - if (Website_Version != "old"): null

2020-04-20 15:23:44 - [TEST_STEP][PASSED] - waitForPageLoad(60): Wait for page load successfully

2020-04-20 15:23:44 - [MESSAGE][PASSED] - Wait for page load successfully

2020-04-20 15:23:44 - [MESSAGE][PASSED] - Call Test Case 'Test Cases/Reusable_Test_Sequences/CAT_Click_Search_Trade_Name' successfully

2020-04-20 15:23:44 - [TEST_STEP][PASSED] - "---------------------------------------": null

2020-04-20 15:23:44 - [TEST_STEP][PASSED] - " Enter Trader Name (or ID) to Search   |": null

2020-04-20 15:23:44 - [TEST_STEP][PASSED] - callTestCase(findTestCase("Reusable_Test_Sequences/CAT_Enter_Trade_Name_NEG"), [:], STOP_ON_FAILURE): Call Test Case 'Test Cases/Reusable_Test_Sequences/CAT_Enter_Trade_Name_NEG' successfully

2020-04-20 15:23:44 - [TEST_CASE][PASSED] - Test Cases/Reusable_Test_Sequences/CAT_Enter_Trade_Name_NEG: Test Cases/Reusable_Test_Sequences/CAT_Enter_Trade_Name_NEG

2020-04-20 15:23:45 - [TEST_STEP][PASSED] - if (Website_Version != "new"): Text '3811989' is set on object 'Object Repository/Page_Checkatrade Find a tradesperson you can trust/Trader_Name_To_Search'

2020-04-20 15:23:45 - [TEST_STEP][PASSED] - waitForElementClickable(findTestObject("Object Repository/Page_Checkatrade Find a tradesperson you can trust/Trader_Name_To_Search"), 5): Object 'Object Repository/Page_Checkatrade Find a tradesperson you can trust/Trader_Name_To_Search' is clickable

2020-04-20 15:23:45 - [MESSAGE][PASSED] - Object 'Object Repository/Page_Checkatrade Find a tradesperson you can trust/Trader_Name_To_Search' is clickable

2020-04-20 15:23:45 - [TEST_STEP][PASSED] - setText(findTestObject("Object Repository/Page_Checkatrade Find a tradesperson you can trust/Trader_Name_To_Search"), findTestData("Search_CAT_ID_Data_NEG").getValue("tradeName", row)): Text '3811989' is set on object 'Object Repository/Page_Checkatrade Find a tradesperson you can trust/Trader_Name_To_Search'

2020-04-20 15:23:45 - [MESSAGE][PASSED] - Text '3811989' is set on object 'Object Repository/Page_Checkatrade Find a tradesperson you can trust/Trader_Name_To_Search'

2020-04-20 15:23:45 - [MESSAGE][PASSED] - Call Test Case 'Test Cases/Reusable_Test_Sequences/CAT_Enter_Trade_Name_NEG' successfully

2020-04-20 15:23:45 - [TEST_STEP][PASSED] - "---------------------------------------": null

2020-04-20 15:23:45 - [TEST_STEP][PASSED] - " Search Trader Name (or ID)            |": null

2020-04-20 15:23:45 - [TEST_STEP][PASSED] - "---------------------------------------": null

2020-04-20 15:23:45 - [TEST_STEP][PASSED] - "---------------------------------------": null

2020-04-20 15:23:45 - [TEST_STEP][PASSED] - " Expected ERROR Reported               |": null

2020-04-20 15:23:45 - [TEST_STEP][PASSED] - callTestCase(findTestCase("Reusable_Test_Sequences/CAT_Search_Tradename_Not_Returned"), [:], CONTINUE_ON_FAILURE): Call Test Case 'Test Cases/Reusable_Test_Sequences/CAT_Search_Tradename_Not_Returned' successfully

2020-04-20 15:23:45 - [TEST_CASE][PASSED] - Test Cases/Reusable_Test_Sequences/CAT_Search_Tradename_Not_Returned: Test Cases/Reusable_Test_Sequences/CAT_Search_Tradename_Not_Returned

2020-04-20 15:23:45 - [TEST_STEP][PASSED] - "For later Extension": null

2020-04-20 15:23:45 - [TEST_STEP][PASSED] - "--------------------------------": null

2020-04-20 15:23:45 - [TEST_STEP][PASSED] - " Verify Sorry and Not Here Link |": null

2020-04-20 15:23:45 - [TEST_STEP][PASSED] - delay(1): Delayed 1 second(s)

2020-04-20 15:23:46 - [MESSAGE][PASSED] - Delayed 1 second(s)

2020-04-20 15:23:46 - [TEST_STEP][PASSED] - waitForPageLoad(60): Wait for page load successfully

2020-04-20 15:23:46 - [MESSAGE][PASSED] - Wait for page load successfully

2020-04-20 15:23:46 - [TEST_STEP][PASSED] - verifyElementPresent(findTestObject("Page_Checkatrade Find a tradesperson you can trust/a_or look up a member by name"), 10): Object 'Object Repository/Page_Checkatrade Find a tradesperson you can trust/a_or look up a member by name' is present

2020-04-20 15:23:46 - [MESSAGE][PASSED] - Object 'Object Repository/Page_Checkatrade Find a tradesperson you can trust/a_or look up a member by name' is present

2020-04-20 15:23:46 - [TEST_STEP][PASSED] - verifyTextPresent("Sorry, no results found", false): Text 'Sorry, no results found' is present on page 

2020-04-20 15:23:47 - [MESSAGE][PASSED] - Text 'Sorry, no results found' is present on page 

2020-04-20 15:23:47 - [TEST_STEP][PASSED] - verifyTextPresent("Not here", false): Text 'Not here' is present on page 

2020-04-20 15:23:48 - [MESSAGE][PASSED] - Text 'Not here' is present on page 

2020-04-20 15:23:48 - [TEST_STEP][PASSED] - "--------------------------------": null

2020-04-20 15:23:48 - [TEST_STEP][PASSED] - " Navigate Not Here Link         |": null

2020-04-20 15:23:48 - [TEST_STEP][PASSED] - waitForElementClickable(findTestObject("Object Repository/Page_Checkatrade Find a tradesperson you can trust/a_Not here"), 10): Object 'Object Repository/Page_Checkatrade Find a tradesperson you can trust/a_Not here' is clickable

2020-04-20 15:23:48 - [MESSAGE][PASSED] - Object 'Object Repository/Page_Checkatrade Find a tradesperson you can trust/a_Not here' is clickable

2020-04-20 15:23:48 - [TEST_STEP][PASSED] - click(findTestObject("Object Repository/Page_Checkatrade Find a tradesperson you can trust/a_Not here")): Object: 'Object Repository/Page_Checkatrade Find a tradesperson you can trust/a_Not here' is clicked on

2020-04-20 15:23:51 - [MESSAGE][PASSED] - Object: 'Object Repository/Page_Checkatrade Find a tradesperson you can trust/a_Not here' is clicked on

2020-04-20 15:23:51 - [TEST_STEP][PASSED] - "--------------------------------": null

2020-04-20 15:23:51 - [TEST_STEP][PASSED] - " Verify Returned Page           |": null

2020-04-20 15:23:51 - [TEST_STEP][PASSED] - "--------------------------------": null

2020-04-20 15:23:51 - [TEST_STEP][PASSED] - delay(3): Delayed 3 second(s)

2020-04-20 15:23:54 - [MESSAGE][PASSED] - Delayed 3 second(s)

2020-04-20 15:23:54 - [TEST_STEP][PASSED] - waitForPageLoad(60): Wait for page load successfully

2020-04-20 15:23:54 - [MESSAGE][PASSED] - Wait for page load successfully

2020-04-20 15:23:54 - [TEST_STEP][PASSED] - waitForElementClickable(findTestObject("Object Repository/Page_Checkatrade Find a tradesperson you can trust/link_Give_Your_Feedback"), 25): Object 'Object Repository/Page_Checkatrade Find a tradesperson you can trust/link_Give_Your_Feedback' is clickable

2020-04-20 15:23:55 - [MESSAGE][PASSED] - Object 'Object Repository/Page_Checkatrade Find a tradesperson you can trust/link_Give_Your_Feedback' is clickable

2020-04-20 15:23:55 - [TEST_STEP][PASSED] - verifyTextPresent("Company not listed?", false): Text 'Company not listed?' is present on page 

2020-04-20 15:23:55 - [MESSAGE][PASSED] - Text 'Company not listed?' is present on page 

2020-04-20 15:23:55 - [TEST_STEP][PASSED] - verifyTextPresent("If you are considering employing a particular company but cannot find them in our list of members", false): Text 'If you are considering employing a particular company but cannot find them in our list of members' is present on page 

2020-04-20 15:23:55 - [MESSAGE][PASSED] - Text 'If you are considering employing a particular company but cannot find them in our list of members' is present on page 

2020-04-20 15:23:55 - [TEST_STEP][PASSED] - verifyTextPresent("it may be because they are not a member of Checkatrade", false): Text 'it may be because they are not a member of Checkatrade' is present on page 

2020-04-20 15:23:55 - [MESSAGE][PASSED] - Text 'it may be because they are not a member of Checkatrade' is present on page 

2020-04-20 15:23:55 - [TEST_STEP][PASSED] - verifyTextPresent("If you would like to recommend a company to us, please give your feedback", false): Text 'If you would like to recommend a company to us, please give your feedback' is present on page 

2020-04-20 15:23:56 - [MESSAGE][PASSED] - Text 'If you would like to recommend a company to us, please give your feedback' is present on page 

2020-04-20 15:23:56 - [TEST_STEP][PASSED] - verifyTextPresent("If you would like help searching for a company, please call 0333 0146 190", false): Text 'If you would like help searching for a company, please call 0333 0146 190' is present on page 

2020-04-20 15:23:56 - [MESSAGE][PASSED] - Text 'If you would like help searching for a company, please call 0333 0146 190' is present on page 

2020-04-20 15:23:56 - [TEST_STEP][PASSED] - "----------------------------------------": null

2020-04-20 15:23:56 - [TEST_STEP][PASSED] - "----------------------------------------": null

2020-04-20 15:23:56 - [TEST_STEP][PASSED] - "Give Feedback Link NOT CHECKED Here     |": null

2020-04-20 15:23:56 - [TEST_STEP][PASSED] - System.gc(): null

2020-04-20 15:23:56 - [MESSAGE][PASSED] - Call Test Case 'Test Cases/Reusable_Test_Sequences/CAT_Search_Tradename_Not_Returned' successfully

2020-04-20 15:23:56 - [TEST_STEP][PASSED] - "--------------------------": null

2020-04-20 15:23:56 - [TEST_STEP][PASSED] - " Teardown - CLose Browser |": null

2020-04-20 15:23:56 - [TEST_STEP][PASSED] - callTestCase(findTestCase("Reusable_Test_Sequences/CAT_Teardown"), [:], OPTIONAL): Call Test Case 'Test Cases/Reusable_Test_Sequences/CAT_Teardown' successfully

2020-04-20 15:23:56 - [TEST_CASE][PASSED] - Test Cases/Reusable_Test_Sequences/CAT_Teardown: Test Cases/Reusable_Test_Sequences/CAT_Teardown

2020-04-20 15:23:56 - [TEST_STEP][PASSED] - closeBrowser(): Browser is closed

2020-04-20 15:24:00 - [MESSAGE][PASSED] - Browser is closed

2020-04-20 15:24:00 - [TEST_STEP][PASSED] - super.finalize(): null

2020-04-20 15:24:00 - [TEST_STEP][PASSED] - System.gc(): null

2020-04-20 15:24:00 - [MESSAGE][PASSED] - Call Test Case 'Test Cases/Reusable_Test_Sequences/CAT_Teardown' successfully

2020-04-20 15:24:00 - [TEST_STEP][PASSED] - callTestCase(findTestCase("Reusable_Test_Sequences/CAT_Setup"), [:], STOP_ON_FAILURE): Call Test Case 'Test Cases/Reusable_Test_Sequences/CAT_Setup' successfully

2020-04-20 15:24:00 - [TEST_CASE][PASSED] - Test Cases/Reusable_Test_Sequences/CAT_Setup: Test Cases/Reusable_Test_Sequences/CAT_Setup

2020-04-20 15:24:00 - [TEST_STEP][PASSED] - "------------------------------": null

2020-04-20 15:24:00 - [TEST_STEP][PASSED] - " Set Mobile Device Testing    |": null

2020-04-20 15:24:00 - [TEST_STEP][PASSED] - if (Mobile_Flag == "true"): null

2020-04-20 15:24:00 - [TEST_STEP][PASSED] - "------------------------------": null

2020-04-20 15:24:00 - [TEST_STEP][PASSED] - " Set Mobile Device Testing    |": null

2020-04-20 15:24:00 - [TEST_STEP][PASSED] - "------------------------------": null

2020-04-20 15:24:00 - [TEST_STEP][PASSED] - "URL - Set from the ENVIRONMENT PROFILE ": null

2020-04-20 15:24:00 - [TEST_STEP][PASSED] - openBrowser(URL): Browser is opened with url: 'https://www.preview.checkatrade.com/'

2020-04-20 15:24:00 - [MESSAGE][INFO] - Starting 'Firefox' driver

2020-04-20 15:24:00 - [MESSAGE][INFO] - Action delay is set to 0 milliseconds

2020-04-20 15:24:15 - [MESSAGE][PASSED] - Browser is opened with url: 'https://www.preview.checkatrade.com/'

2020-04-20 15:24:15 - [TEST_STEP][PASSED] - maximizeWindow(): Current window maximized

2020-04-20 15:24:15 - [MESSAGE][PASSED] - Current window maximized

2020-04-20 15:24:15 - [TEST_STEP][PASSED] - waitForPageLoad(60): Wait for page load successfully

2020-04-20 15:24:15 - [MESSAGE][PASSED] - Wait for page load successfully

2020-04-20 15:24:15 - [TEST_STEP][PASSED] - "Previous Functionalilty Left Commented For Ease Of reversion": null

2020-04-20 15:24:15 - [TEST_STEP][PASSED] - " Katalon Try/Catches currently have issues? SEE HEADER": null

2020-04-20 15:24:15 - [TEST_STEP][PASSED] - try: Text 'Cookie Policy' is not present on page

2020-04-20 15:24:15 - [TEST_STEP][PASSED] - verifyElementPresent(findTestObject("Object Repository/Cookies/Page_Checkatrade Find a tradesperson you can trust/button_Accept All"), 5, OPTIONAL): Object 'Object Repository/Cookies/Page_Checkatrade Find a tradesperson you can trust/button_Accept All' is present

2020-04-20 15:24:15 - [MESSAGE][PASSED] - Object 'Object Repository/Cookies/Page_Checkatrade Find a tradesperson you can trust/button_Accept All' is present

2020-04-20 15:24:15 - [TEST_STEP][PASSED] - click(findTestObject("Object Repository/Cookies/Page_Checkatrade Find a tradesperson you can trust/button_Accept All"), OPTIONAL): Object: 'Object Repository/Cookies/Page_Checkatrade Find a tradesperson you can trust/button_Accept All' is clicked on

2020-04-20 15:24:16 - [MESSAGE][PASSED] - Object: 'Object Repository/Cookies/Page_Checkatrade Find a tradesperson you can trust/button_Accept All' is clicked on

2020-04-20 15:24:16 - [TEST_STEP][PASSED] - "---------------------------------": null

2020-04-20 15:24:16 - [TEST_STEP][PASSED] - "COOKIE POPOUT REMOVED - Confirmed": null

2020-04-20 15:24:16 - [TEST_STEP][PASSED] - delay(1): Delayed 1 second(s)

2020-04-20 15:24:17 - [MESSAGE][PASSED] - Delayed 1 second(s)

2020-04-20 15:24:17 - [TEST_STEP][PASSED] - verifyTextNotPresent("We use cookies to personalise content and ads, to provide social media features and to analyse our traffic", false): Text 'We use cookies to personalise content and ads, to provide social media features and to analyse our traffic' is not present on page

2020-04-20 15:24:18 - [MESSAGE][PASSED] - Text 'We use cookies to personalise content and ads, to provide social media features and to analyse our traffic' is not present on page

2020-04-20 15:24:18 - [TEST_STEP][PASSED] - verifyTextNotPresent(" We also share information about your use of our site with our social media, advertising and analytics partners", false): Text ' We also share information about your use of our site with our social media, advertising and analytics partners' is not present on page

2020-04-20 15:24:18 - [MESSAGE][PASSED] - Text ' We also share information about your use of our site with our social media, advertising and analytics partners' is not present on page

2020-04-20 15:24:18 - [TEST_STEP][PASSED] - verifyTextNotPresent("Cookie Policy", false): Text 'Cookie Policy' is not present on page

2020-04-20 15:24:19 - [MESSAGE][PASSED] - Text 'Cookie Policy' is not present on page

2020-04-20 15:24:19 - [TEST_STEP][PASSED] - waitForPageLoad(60): Wait for page load successfully

2020-04-20 15:24:19 - [MESSAGE][PASSED] - Wait for page load successfully

2020-04-20 15:24:19 - [TEST_STEP][PASSED] - "COOKIE - ORIGINAL": null

2020-04-20 15:24:19 - [TEST_STEP][PASSED] - if (waitForElementVisible(findTestObject("Object Repository/Feedback/Page_Checkatrade Give your feedback/input_Member_to_Review"), 5)): Web element with id: 'Object Repository/Feedback/Page_Checkatrade Give your feedback/input_Member_to_Review' located by 'By.xpath: //input[@id='feedback-form__company_autocomplete_input']' not found

2020-04-20 15:24:24 - [MESSAGE][INFO] - Unable to find the element located by 'By.xpath: //input[@id='feedback-form__company_autocomplete_input']'. Please recheck the objects properties to make sure the desired element is located. 

2020-04-20 15:24:24 - [MESSAGE][WARNING] - Web element with id: 'Object Repository/Feedback/Page_Checkatrade Give your feedback/input_Member_to_Review' located by 'By.xpath: //input[@id='feedback-form__company_autocomplete_input']' not found

2020-04-20 15:24:24 - [TEST_STEP][PASSED] - else: The <<<OLD>>> Website was detected by the STARTUP Process

2020-04-20 15:24:24 - [TEST_STEP][PASSED] - if (!(verifyElementVisible(findTestObject("Object Repository/Checkatrade_Trade_Search_Page/Page_Checkatrade Find a tradesperson you can trust/input_Search_Button_FF")))): Object 'Object Repository/Checkatrade_Trade_Search_Page/Page_Checkatrade Find a tradesperson you can trust/input_Search_Button_FF' is visible

2020-04-20 15:24:24 - [MESSAGE][PASSED] - Object 'Object Repository/Checkatrade_Trade_Search_Page/Page_Checkatrade Find a tradesperson you can trust/input_Search_Button_FF' is visible

2020-04-20 15:24:24 - [TEST_STEP][PASSED] - else: The <<<OLD>>> Website was detected by the STARTUP Process

2020-04-20 15:24:24 - [TEST_STEP][PASSED] - Website_Version = "old": null

2020-04-20 15:24:24 - [TEST_STEP][PASSED] - logInfo("The <<<OLD>>> Website was detected by the STARTUP Process"): The <<<OLD>>> Website was detected by the STARTUP Process

2020-04-20 15:24:24 - [MESSAGE][INFO] - The <<<OLD>>> Website was detected by the STARTUP Process

2020-04-20 15:24:24 - [MESSAGE][PASSED] - Call Test Case 'Test Cases/Reusable_Test_Sequences/CAT_Setup' successfully

2020-04-20 15:24:24 - [TEST_STEP][PASSED] - " Home Page validation Checks after COOKIE Dispelled": null

2020-04-20 15:24:24 - [TEST_STEP][PASSED] - "---------------------------------------------------------------------": null

2020-04-20 15:24:24 - [TEST_STEP][PASSED] - " Select Search on Trader Name (or ID) From Home page/Search Screen   |": null

2020-04-20 15:24:24 - [TEST_STEP][PASSED] - callTestCase(findTestCase("Reusable_Test_Sequences/CAT_Click_Search_Trade_Name"), [:], STOP_ON_FAILURE): Call Test Case 'Test Cases/Reusable_Test_Sequences/CAT_Click_Search_Trade_Name' successfully

2020-04-20 15:24:24 - [TEST_CASE][PASSED] - Test Cases/Reusable_Test_Sequences/CAT_Click_Search_Trade_Name: Test Cases/Reusable_Test_Sequences/CAT_Click_Search_Trade_Name

2020-04-20 15:24:24 - [TEST_STEP][PASSED] - waitForPageLoad(60): Wait for page load successfully

2020-04-20 15:24:24 - [MESSAGE][PASSED] - Wait for page load successfully

2020-04-20 15:24:24 - [TEST_STEP][PASSED] - if (Website_Version != "new"): Object: 'Object Repository/Page_Checkatrade Find a tradesperson you can trust/a_or look up a member by name' is clicked on

2020-04-20 15:24:24 - [TEST_STEP][PASSED] - waitForElementClickable(findTestObject("Object Repository/Page_Checkatrade Find a tradesperson you can trust/a_or look up a member by name"), 5): Object 'Object Repository/Page_Checkatrade Find a tradesperson you can trust/a_or look up a member by name' is clickable

2020-04-20 15:24:24 - [MESSAGE][PASSED] - Object 'Object Repository/Page_Checkatrade Find a tradesperson you can trust/a_or look up a member by name' is clickable

2020-04-20 15:24:24 - [TEST_STEP][PASSED] - click(findTestObject("Object Repository/Page_Checkatrade Find a tradesperson you can trust/a_or look up a member by name")): Object: 'Object Repository/Page_Checkatrade Find a tradesperson you can trust/a_or look up a member by name' is clicked on

2020-04-20 15:24:25 - [MESSAGE][PASSED] - Object: 'Object Repository/Page_Checkatrade Find a tradesperson you can trust/a_or look up a member by name' is clicked on

2020-04-20 15:24:25 - [TEST_STEP][PASSED] - if (Website_Version != "old"): null

2020-04-20 15:24:25 - [TEST_STEP][PASSED] - waitForPageLoad(60): Wait for page load successfully

2020-04-20 15:24:25 - [MESSAGE][PASSED] - Wait for page load successfully

2020-04-20 15:24:25 - [MESSAGE][PASSED] - Call Test Case 'Test Cases/Reusable_Test_Sequences/CAT_Click_Search_Trade_Name' successfully

2020-04-20 15:24:25 - [TEST_STEP][PASSED] - "---------------------------------------": null

2020-04-20 15:24:25 - [TEST_STEP][PASSED] - " Enter Trader Name (or ID) to Search   |": null

2020-04-20 15:24:25 - [TEST_STEP][PASSED] - callTestCase(findTestCase("Reusable_Test_Sequences/CAT_Enter_Trade_Name_NEG"), [:], STOP_ON_FAILURE): Call Test Case 'Test Cases/Reusable_Test_Sequences/CAT_Enter_Trade_Name_NEG' successfully

2020-04-20 15:24:25 - [TEST_CASE][PASSED] - Test Cases/Reusable_Test_Sequences/CAT_Enter_Trade_Name_NEG: Test Cases/Reusable_Test_Sequences/CAT_Enter_Trade_Name_NEG

2020-04-20 15:24:25 - [TEST_STEP][PASSED] - if (Website_Version != "new"): Text 'z1' is set on object 'Object Repository/Page_Checkatrade Find a tradesperson you can trust/Trader_Name_To_Search'

2020-04-20 15:24:25 - [TEST_STEP][PASSED] - waitForElementClickable(findTestObject("Object Repository/Page_Checkatrade Find a tradesperson you can trust/Trader_Name_To_Search"), 5): Object 'Object Repository/Page_Checkatrade Find a tradesperson you can trust/Trader_Name_To_Search' is clickable

2020-04-20 15:24:25 - [MESSAGE][PASSED] - Object 'Object Repository/Page_Checkatrade Find a tradesperson you can trust/Trader_Name_To_Search' is clickable

2020-04-20 15:24:25 - [TEST_STEP][PASSED] - setText(findTestObject("Object Repository/Page_Checkatrade Find a tradesperson you can trust/Trader_Name_To_Search"), findTestData("Search_CAT_ID_Data_NEG").getValue("tradeName", row)): Text 'z1' is set on object 'Object Repository/Page_Checkatrade Find a tradesperson you can trust/Trader_Name_To_Search'

2020-04-20 15:24:26 - [MESSAGE][PASSED] - Text 'z1' is set on object 'Object Repository/Page_Checkatrade Find a tradesperson you can trust/Trader_Name_To_Search'

2020-04-20 15:24:26 - [MESSAGE][PASSED] - Call Test Case 'Test Cases/Reusable_Test_Sequences/CAT_Enter_Trade_Name_NEG' successfully

2020-04-20 15:24:26 - [TEST_STEP][PASSED] - "---------------------------------------": null

2020-04-20 15:24:26 - [TEST_STEP][PASSED] - " Search Trader Name (or ID)            |": null

2020-04-20 15:24:26 - [TEST_STEP][PASSED] - "---------------------------------------": null

2020-04-20 15:24:26 - [TEST_STEP][PASSED] - "---------------------------------------": null

2020-04-20 15:24:26 - [TEST_STEP][PASSED] - " Expected ERROR Reported               |": null

2020-04-20 15:24:26 - [TEST_STEP][PASSED] - callTestCase(findTestCase("Reusable_Test_Sequences/CAT_Search_Tradename_Not_Returned"), [:], CONTINUE_ON_FAILURE): Call Test Case 'Test Cases/Reusable_Test_Sequences/CAT_Search_Tradename_Not_Returned' successfully

2020-04-20 15:24:26 - [TEST_CASE][PASSED] - Test Cases/Reusable_Test_Sequences/CAT_Search_Tradename_Not_Returned: Test Cases/Reusable_Test_Sequences/CAT_Search_Tradename_Not_Returned

2020-04-20 15:24:26 - [TEST_STEP][PASSED] - "For later Extension": null

2020-04-20 15:24:26 - [TEST_STEP][PASSED] - "--------------------------------": null

2020-04-20 15:24:26 - [TEST_STEP][PASSED] - " Verify Sorry and Not Here Link |": null

2020-04-20 15:24:26 - [TEST_STEP][PASSED] - delay(1): Delayed 1 second(s)

2020-04-20 15:24:27 - [MESSAGE][PASSED] - Delayed 1 second(s)

2020-04-20 15:24:27 - [TEST_STEP][PASSED] - waitForPageLoad(60): Wait for page load successfully

2020-04-20 15:24:27 - [MESSAGE][PASSED] - Wait for page load successfully

2020-04-20 15:24:27 - [TEST_STEP][PASSED] - verifyElementPresent(findTestObject("Page_Checkatrade Find a tradesperson you can trust/a_or look up a member by name"), 10): Object 'Object Repository/Page_Checkatrade Find a tradesperson you can trust/a_or look up a member by name' is present

2020-04-20 15:24:27 - [MESSAGE][PASSED] - Object 'Object Repository/Page_Checkatrade Find a tradesperson you can trust/a_or look up a member by name' is present

2020-04-20 15:24:27 - [TEST_STEP][PASSED] - verifyTextPresent("Sorry, no results found", false): Text 'Sorry, no results found' is present on page 

2020-04-20 15:24:28 - [MESSAGE][PASSED] - Text 'Sorry, no results found' is present on page 

2020-04-20 15:24:28 - [TEST_STEP][PASSED] - verifyTextPresent("Not here", false): Text 'Not here' is present on page 

2020-04-20 15:24:29 - [MESSAGE][PASSED] - Text 'Not here' is present on page 

2020-04-20 15:24:29 - [TEST_STEP][PASSED] - "--------------------------------": null

2020-04-20 15:24:29 - [TEST_STEP][PASSED] - " Navigate Not Here Link         |": null

2020-04-20 15:24:29 - [TEST_STEP][PASSED] - waitForElementClickable(findTestObject("Object Repository/Page_Checkatrade Find a tradesperson you can trust/a_Not here"), 10): Object 'Object Repository/Page_Checkatrade Find a tradesperson you can trust/a_Not here' is clickable

2020-04-20 15:24:30 - [MESSAGE][PASSED] - Object 'Object Repository/Page_Checkatrade Find a tradesperson you can trust/a_Not here' is clickable

2020-04-20 15:24:30 - [TEST_STEP][PASSED] - click(findTestObject("Object Repository/Page_Checkatrade Find a tradesperson you can trust/a_Not here")): Object: 'Object Repository/Page_Checkatrade Find a tradesperson you can trust/a_Not here' is clicked on

2020-04-20 15:24:32 - [MESSAGE][PASSED] - Object: 'Object Repository/Page_Checkatrade Find a tradesperson you can trust/a_Not here' is clicked on

2020-04-20 15:24:32 - [TEST_STEP][PASSED] - "--------------------------------": null

2020-04-20 15:24:32 - [TEST_STEP][PASSED] - " Verify Returned Page           |": null

2020-04-20 15:24:32 - [TEST_STEP][PASSED] - "--------------------------------": null

2020-04-20 15:24:32 - [TEST_STEP][PASSED] - delay(3): Delayed 3 second(s)

2020-04-20 15:24:35 - [MESSAGE][PASSED] - Delayed 3 second(s)

2020-04-20 15:24:35 - [TEST_STEP][PASSED] - waitForPageLoad(60): Wait for page load successfully

2020-04-20 15:24:35 - [MESSAGE][PASSED] - Wait for page load successfully

2020-04-20 15:24:35 - [TEST_STEP][PASSED] - waitForElementClickable(findTestObject("Object Repository/Page_Checkatrade Find a tradesperson you can trust/link_Give_Your_Feedback"), 25): Object 'Object Repository/Page_Checkatrade Find a tradesperson you can trust/link_Give_Your_Feedback' is clickable

2020-04-20 15:24:35 - [MESSAGE][PASSED] - Object 'Object Repository/Page_Checkatrade Find a tradesperson you can trust/link_Give_Your_Feedback' is clickable

2020-04-20 15:24:35 - [TEST_STEP][PASSED] - verifyTextPresent("Company not listed?", false): Text 'Company not listed?' is present on page 

2020-04-20 15:24:35 - [MESSAGE][PASSED] - Text 'Company not listed?' is present on page 

2020-04-20 15:24:35 - [TEST_STEP][PASSED] - verifyTextPresent("If you are considering employing a particular company but cannot find them in our list of members", false): Text 'If you are considering employing a particular company but cannot find them in our list of members' is present on page 

2020-04-20 15:24:36 - [MESSAGE][PASSED] - Text 'If you are considering employing a particular company but cannot find them in our list of members' is present on page 

2020-04-20 15:24:36 - [TEST_STEP][PASSED] - verifyTextPresent("it may be because they are not a member of Checkatrade", false): Text 'it may be because they are not a member of Checkatrade' is present on page 

2020-04-20 15:24:37 - [MESSAGE][PASSED] - Text 'it may be because they are not a member of Checkatrade' is present on page 

2020-04-20 15:24:37 - [TEST_STEP][PASSED] - verifyTextPresent("If you would like to recommend a company to us, please give your feedback", false): Text 'If you would like to recommend a company to us, please give your feedback' is present on page 

2020-04-20 15:24:37 - [MESSAGE][PASSED] - Text 'If you would like to recommend a company to us, please give your feedback' is present on page 

2020-04-20 15:24:37 - [TEST_STEP][PASSED] - verifyTextPresent("If you would like help searching for a company, please call 0333 0146 190", false): Text 'If you would like help searching for a company, please call 0333 0146 190' is present on page 

2020-04-20 15:24:37 - [MESSAGE][PASSED] - Text 'If you would like help searching for a company, please call 0333 0146 190' is present on page 

2020-04-20 15:24:37 - [TEST_STEP][PASSED] - "----------------------------------------": null

2020-04-20 15:24:37 - [TEST_STEP][PASSED] - "----------------------------------------": null

2020-04-20 15:24:37 - [TEST_STEP][PASSED] - "Give Feedback Link NOT CHECKED Here     |": null

2020-04-20 15:24:37 - [TEST_STEP][PASSED] - System.gc(): null

2020-04-20 15:24:37 - [MESSAGE][PASSED] - Call Test Case 'Test Cases/Reusable_Test_Sequences/CAT_Search_Tradename_Not_Returned' successfully

2020-04-20 15:24:37 - [TEST_STEP][PASSED] - "--------------------------": null

2020-04-20 15:24:37 - [TEST_STEP][PASSED] - " Teardown - CLose Browser |": null

2020-04-20 15:24:37 - [TEST_STEP][PASSED] - callTestCase(findTestCase("Reusable_Test_Sequences/CAT_Teardown"), [:], OPTIONAL): Call Test Case 'Test Cases/Reusable_Test_Sequences/CAT_Teardown' successfully

2020-04-20 15:24:37 - [TEST_CASE][PASSED] - Test Cases/Reusable_Test_Sequences/CAT_Teardown: Test Cases/Reusable_Test_Sequences/CAT_Teardown

2020-04-20 15:24:37 - [TEST_STEP][PASSED] - closeBrowser(): Browser is closed

2020-04-20 15:24:39 - [MESSAGE][PASSED] - Browser is closed

2020-04-20 15:24:39 - [TEST_STEP][PASSED] - super.finalize(): null

2020-04-20 15:24:39 - [TEST_STEP][PASSED] - System.gc(): null

2020-04-20 15:24:39 - [MESSAGE][PASSED] - Call Test Case 'Test Cases/Reusable_Test_Sequences/CAT_Teardown' successfully

2020-04-20 15:24:40 - [TEST_STEP][PASSED] - callTestCase(findTestCase("Reusable_Test_Sequences/CAT_Setup"), [:], STOP_ON_FAILURE): Call Test Case 'Test Cases/Reusable_Test_Sequences/CAT_Setup' successfully

2020-04-20 15:24:40 - [TEST_CASE][PASSED] - Test Cases/Reusable_Test_Sequences/CAT_Setup: Test Cases/Reusable_Test_Sequences/CAT_Setup

2020-04-20 15:24:40 - [TEST_STEP][PASSED] - "------------------------------": null

2020-04-20 15:24:40 - [TEST_STEP][PASSED] - " Set Mobile Device Testing    |": null

2020-04-20 15:24:40 - [TEST_STEP][PASSED] - if (Mobile_Flag == "true"): null

2020-04-20 15:24:40 - [TEST_STEP][PASSED] - "------------------------------": null

2020-04-20 15:24:40 - [TEST_STEP][PASSED] - " Set Mobile Device Testing    |": null

2020-04-20 15:24:40 - [TEST_STEP][PASSED] - "------------------------------": null

2020-04-20 15:24:40 - [TEST_STEP][PASSED] - "URL - Set from the ENVIRONMENT PROFILE ": null

2020-04-20 15:24:40 - [TEST_STEP][PASSED] - openBrowser(URL): Browser is opened with url: 'https://www.preview.checkatrade.com/'

2020-04-20 15:24:40 - [MESSAGE][INFO] - Starting 'Firefox' driver

2020-04-20 15:24:40 - [MESSAGE][INFO] - Action delay is set to 0 milliseconds

2020-04-20 15:24:52 - [MESSAGE][PASSED] - Browser is opened with url: 'https://www.preview.checkatrade.com/'

2020-04-20 15:24:52 - [TEST_STEP][PASSED] - maximizeWindow(): Current window maximized

2020-04-20 15:24:53 - [MESSAGE][PASSED] - Current window maximized

2020-04-20 15:24:53 - [TEST_STEP][PASSED] - waitForPageLoad(60): Wait for page load successfully

2020-04-20 15:24:53 - [MESSAGE][PASSED] - Wait for page load successfully

2020-04-20 15:24:53 - [TEST_STEP][PASSED] - "Previous Functionalilty Left Commented For Ease Of reversion": null

2020-04-20 15:24:53 - [TEST_STEP][PASSED] - " Katalon Try/Catches currently have issues? SEE HEADER": null

2020-04-20 15:24:53 - [TEST_STEP][PASSED] - try: Text 'Cookie Policy' is not present on page

2020-04-20 15:24:53 - [TEST_STEP][PASSED] - verifyElementPresent(findTestObject("Object Repository/Cookies/Page_Checkatrade Find a tradesperson you can trust/button_Accept All"), 5, OPTIONAL): Object 'Object Repository/Cookies/Page_Checkatrade Find a tradesperson you can trust/button_Accept All' is present

2020-04-20 15:24:53 - [MESSAGE][PASSED] - Object 'Object Repository/Cookies/Page_Checkatrade Find a tradesperson you can trust/button_Accept All' is present

2020-04-20 15:24:53 - [TEST_STEP][PASSED] - click(findTestObject("Object Repository/Cookies/Page_Checkatrade Find a tradesperson you can trust/button_Accept All"), OPTIONAL): Object: 'Object Repository/Cookies/Page_Checkatrade Find a tradesperson you can trust/button_Accept All' is clicked on

2020-04-20 15:24:54 - [MESSAGE][PASSED] - Object: 'Object Repository/Cookies/Page_Checkatrade Find a tradesperson you can trust/button_Accept All' is clicked on

2020-04-20 15:24:54 - [TEST_STEP][PASSED] - "---------------------------------": null

2020-04-20 15:24:54 - [TEST_STEP][PASSED] - "COOKIE POPOUT REMOVED - Confirmed": null

2020-04-20 15:24:54 - [TEST_STEP][PASSED] - delay(1): Delayed 1 second(s)

2020-04-20 15:24:55 - [MESSAGE][PASSED] - Delayed 1 second(s)

2020-04-20 15:24:55 - [TEST_STEP][PASSED] - verifyTextNotPresent("We use cookies to personalise content and ads, to provide social media features and to analyse our traffic", false): Text 'We use cookies to personalise content and ads, to provide social media features and to analyse our traffic' is not present on page

2020-04-20 15:24:55 - [MESSAGE][PASSED] - Text 'We use cookies to personalise content and ads, to provide social media features and to analyse our traffic' is not present on page

2020-04-20 15:24:55 - [TEST_STEP][PASSED] - verifyTextNotPresent(" We also share information about your use of our site with our social media, advertising and analytics partners", false): Text ' We also share information about your use of our site with our social media, advertising and analytics partners' is not present on page

2020-04-20 15:24:56 - [MESSAGE][PASSED] - Text ' We also share information about your use of our site with our social media, advertising and analytics partners' is not present on page

2020-04-20 15:24:56 - [TEST_STEP][PASSED] - verifyTextNotPresent("Cookie Policy", false): Text 'Cookie Policy' is not present on page

2020-04-20 15:24:57 - [MESSAGE][PASSED] - Text 'Cookie Policy' is not present on page

2020-04-20 15:24:57 - [TEST_STEP][PASSED] - waitForPageLoad(60): Wait for page load successfully

2020-04-20 15:24:57 - [MESSAGE][PASSED] - Wait for page load successfully

2020-04-20 15:24:57 - [TEST_STEP][PASSED] - "COOKIE - ORIGINAL": null

2020-04-20 15:24:57 - [TEST_STEP][PASSED] - if (waitForElementVisible(findTestObject("Object Repository/Feedback/Page_Checkatrade Give your feedback/input_Member_to_Review"), 5)): Web element with id: 'Object Repository/Feedback/Page_Checkatrade Give your feedback/input_Member_to_Review' located by 'By.xpath: //input[@id='feedback-form__company_autocomplete_input']' not found

2020-04-20 15:25:02 - [MESSAGE][INFO] - Unable to find the element located by 'By.xpath: //input[@id='feedback-form__company_autocomplete_input']'. Please recheck the objects properties to make sure the desired element is located. 

2020-04-20 15:25:02 - [MESSAGE][WARNING] - Web element with id: 'Object Repository/Feedback/Page_Checkatrade Give your feedback/input_Member_to_Review' located by 'By.xpath: //input[@id='feedback-form__company_autocomplete_input']' not found

2020-04-20 15:25:02 - [TEST_STEP][PASSED] - else: The <<<OLD>>> Website was detected by the STARTUP Process

2020-04-20 15:25:02 - [TEST_STEP][PASSED] - if (!(verifyElementVisible(findTestObject("Object Repository/Checkatrade_Trade_Search_Page/Page_Checkatrade Find a tradesperson you can trust/input_Search_Button_FF")))): Object 'Object Repository/Checkatrade_Trade_Search_Page/Page_Checkatrade Find a tradesperson you can trust/input_Search_Button_FF' is visible

2020-04-20 15:25:02 - [MESSAGE][PASSED] - Object 'Object Repository/Checkatrade_Trade_Search_Page/Page_Checkatrade Find a tradesperson you can trust/input_Search_Button_FF' is visible

2020-04-20 15:25:02 - [TEST_STEP][PASSED] - else: The <<<OLD>>> Website was detected by the STARTUP Process

2020-04-20 15:25:02 - [TEST_STEP][PASSED] - Website_Version = "old": null

2020-04-20 15:25:02 - [TEST_STEP][PASSED] - logInfo("The <<<OLD>>> Website was detected by the STARTUP Process"): The <<<OLD>>> Website was detected by the STARTUP Process

2020-04-20 15:25:02 - [MESSAGE][INFO] - The <<<OLD>>> Website was detected by the STARTUP Process

2020-04-20 15:25:02 - [MESSAGE][PASSED] - Call Test Case 'Test Cases/Reusable_Test_Sequences/CAT_Setup' successfully

2020-04-20 15:25:02 - [TEST_STEP][PASSED] - " Home Page validation Checks after COOKIE Dispelled": null

2020-04-20 15:25:02 - [TEST_STEP][PASSED] - "---------------------------------------------------------------------": null

2020-04-20 15:25:02 - [TEST_STEP][PASSED] - " Select Search on Trader Name (or ID) From Home page/Search Screen   |": null

2020-04-20 15:25:02 - [TEST_STEP][PASSED] - callTestCase(findTestCase("Reusable_Test_Sequences/CAT_Click_Search_Trade_Name"), [:], STOP_ON_FAILURE): Call Test Case 'Test Cases/Reusable_Test_Sequences/CAT_Click_Search_Trade_Name' successfully

2020-04-20 15:25:02 - [TEST_CASE][PASSED] - Test Cases/Reusable_Test_Sequences/CAT_Click_Search_Trade_Name: Test Cases/Reusable_Test_Sequences/CAT_Click_Search_Trade_Name

2020-04-20 15:25:02 - [TEST_STEP][PASSED] - waitForPageLoad(60): Wait for page load successfully

2020-04-20 15:25:02 - [MESSAGE][PASSED] - Wait for page load successfully

2020-04-20 15:25:02 - [TEST_STEP][PASSED] - if (Website_Version != "new"): Object: 'Object Repository/Page_Checkatrade Find a tradesperson you can trust/a_or look up a member by name' is clicked on

2020-04-20 15:25:02 - [TEST_STEP][PASSED] - waitForElementClickable(findTestObject("Object Repository/Page_Checkatrade Find a tradesperson you can trust/a_or look up a member by name"), 5): Object 'Object Repository/Page_Checkatrade Find a tradesperson you can trust/a_or look up a member by name' is clickable

2020-04-20 15:25:02 - [MESSAGE][PASSED] - Object 'Object Repository/Page_Checkatrade Find a tradesperson you can trust/a_or look up a member by name' is clickable

2020-04-20 15:25:02 - [TEST_STEP][PASSED] - click(findTestObject("Object Repository/Page_Checkatrade Find a tradesperson you can trust/a_or look up a member by name")): Object: 'Object Repository/Page_Checkatrade Find a tradesperson you can trust/a_or look up a member by name' is clicked on

2020-04-20 15:25:03 - [MESSAGE][PASSED] - Object: 'Object Repository/Page_Checkatrade Find a tradesperson you can trust/a_or look up a member by name' is clicked on

2020-04-20 15:25:03 - [TEST_STEP][PASSED] - if (Website_Version != "old"): null

2020-04-20 15:25:03 - [TEST_STEP][PASSED] - waitForPageLoad(60): Wait for page load successfully

2020-04-20 15:25:03 - [MESSAGE][PASSED] - Wait for page load successfully

2020-04-20 15:25:03 - [MESSAGE][PASSED] - Call Test Case 'Test Cases/Reusable_Test_Sequences/CAT_Click_Search_Trade_Name' successfully

2020-04-20 15:25:03 - [TEST_STEP][PASSED] - "---------------------------------------": null

2020-04-20 15:25:03 - [TEST_STEP][PASSED] - " Enter Trader Name (or ID) to Search   |": null

2020-04-20 15:25:03 - [TEST_STEP][PASSED] - callTestCase(findTestCase("Reusable_Test_Sequences/CAT_Enter_Trade_Name_NEG"), [:], STOP_ON_FAILURE): Call Test Case 'Test Cases/Reusable_Test_Sequences/CAT_Enter_Trade_Name_NEG' successfully

2020-04-20 15:25:03 - [TEST_CASE][PASSED] - Test Cases/Reusable_Test_Sequences/CAT_Enter_Trade_Name_NEG: Test Cases/Reusable_Test_Sequences/CAT_Enter_Trade_Name_NEG

2020-04-20 15:25:03 - [TEST_STEP][PASSED] - if (Website_Version != "new"): Text '000000' is set on object 'Object Repository/Page_Checkatrade Find a tradesperson you can trust/Trader_Name_To_Search'

2020-04-20 15:25:03 - [TEST_STEP][PASSED] - waitForElementClickable(findTestObject("Object Repository/Page_Checkatrade Find a tradesperson you can trust/Trader_Name_To_Search"), 5): Object 'Object Repository/Page_Checkatrade Find a tradesperson you can trust/Trader_Name_To_Search' is clickable

2020-04-20 15:25:03 - [MESSAGE][PASSED] - Object 'Object Repository/Page_Checkatrade Find a tradesperson you can trust/Trader_Name_To_Search' is clickable

2020-04-20 15:25:03 - [TEST_STEP][PASSED] - setText(findTestObject("Object Repository/Page_Checkatrade Find a tradesperson you can trust/Trader_Name_To_Search"), findTestData("Search_CAT_ID_Data_NEG").getValue("tradeName", row)): Text '000000' is set on object 'Object Repository/Page_Checkatrade Find a tradesperson you can trust/Trader_Name_To_Search'

2020-04-20 15:25:03 - [MESSAGE][PASSED] - Text '000000' is set on object 'Object Repository/Page_Checkatrade Find a tradesperson you can trust/Trader_Name_To_Search'

2020-04-20 15:25:03 - [MESSAGE][PASSED] - Call Test Case 'Test Cases/Reusable_Test_Sequences/CAT_Enter_Trade_Name_NEG' successfully

2020-04-20 15:25:03 - [TEST_STEP][PASSED] - "---------------------------------------": null

2020-04-20 15:25:03 - [TEST_STEP][PASSED] - " Search Trader Name (or ID)            |": null

2020-04-20 15:25:03 - [TEST_STEP][PASSED] - "---------------------------------------": null

2020-04-20 15:25:03 - [TEST_STEP][PASSED] - "---------------------------------------": null

2020-04-20 15:25:03 - [TEST_STEP][PASSED] - " Expected ERROR Reported               |": null

2020-04-20 15:25:03 - [TEST_STEP][PASSED] - callTestCase(findTestCase("Reusable_Test_Sequences/CAT_Search_Tradename_Not_Returned"), [:], CONTINUE_ON_FAILURE): Call Test Case 'Test Cases/Reusable_Test_Sequences/CAT_Search_Tradename_Not_Returned' successfully

2020-04-20 15:25:03 - [TEST_CASE][PASSED] - Test Cases/Reusable_Test_Sequences/CAT_Search_Tradename_Not_Returned: Test Cases/Reusable_Test_Sequences/CAT_Search_Tradename_Not_Returned

2020-04-20 15:25:03 - [TEST_STEP][PASSED] - "For later Extension": null

2020-04-20 15:25:03 - [TEST_STEP][PASSED] - "--------------------------------": null

2020-04-20 15:25:03 - [TEST_STEP][PASSED] - " Verify Sorry and Not Here Link |": null

2020-04-20 15:25:03 - [TEST_STEP][PASSED] - delay(1): Delayed 1 second(s)

2020-04-20 15:25:04 - [MESSAGE][PASSED] - Delayed 1 second(s)

2020-04-20 15:25:04 - [TEST_STEP][PASSED] - waitForPageLoad(60): Wait for page load successfully

2020-04-20 15:25:04 - [MESSAGE][PASSED] - Wait for page load successfully

2020-04-20 15:25:04 - [TEST_STEP][PASSED] - verifyElementPresent(findTestObject("Page_Checkatrade Find a tradesperson you can trust/a_or look up a member by name"), 10): Object 'Object Repository/Page_Checkatrade Find a tradesperson you can trust/a_or look up a member by name' is present

2020-04-20 15:25:04 - [MESSAGE][PASSED] - Object 'Object Repository/Page_Checkatrade Find a tradesperson you can trust/a_or look up a member by name' is present

2020-04-20 15:25:04 - [TEST_STEP][PASSED] - verifyTextPresent("Sorry, no results found", false): Text 'Sorry, no results found' is present on page 

2020-04-20 15:25:05 - [MESSAGE][PASSED] - Text 'Sorry, no results found' is present on page 

2020-04-20 15:25:05 - [TEST_STEP][PASSED] - verifyTextPresent("Not here", false): Text 'Not here' is present on page 

2020-04-20 15:25:06 - [MESSAGE][PASSED] - Text 'Not here' is present on page 

2020-04-20 15:25:06 - [TEST_STEP][PASSED] - "--------------------------------": null

2020-04-20 15:25:06 - [TEST_STEP][PASSED] - " Navigate Not Here Link         |": null

2020-04-20 15:25:06 - [TEST_STEP][PASSED] - waitForElementClickable(findTestObject("Object Repository/Page_Checkatrade Find a tradesperson you can trust/a_Not here"), 10): Object 'Object Repository/Page_Checkatrade Find a tradesperson you can trust/a_Not here' is clickable

2020-04-20 15:25:06 - [MESSAGE][PASSED] - Object 'Object Repository/Page_Checkatrade Find a tradesperson you can trust/a_Not here' is clickable

2020-04-20 15:25:06 - [TEST_STEP][PASSED] - click(findTestObject("Object Repository/Page_Checkatrade Find a tradesperson you can trust/a_Not here")): Object: 'Object Repository/Page_Checkatrade Find a tradesperson you can trust/a_Not here' is clicked on

2020-04-20 15:25:08 - [MESSAGE][PASSED] - Object: 'Object Repository/Page_Checkatrade Find a tradesperson you can trust/a_Not here' is clicked on

2020-04-20 15:25:08 - [TEST_STEP][PASSED] - "--------------------------------": null

2020-04-20 15:25:08 - [TEST_STEP][PASSED] - " Verify Returned Page           |": null

2020-04-20 15:25:08 - [TEST_STEP][PASSED] - "--------------------------------": null

2020-04-20 15:25:08 - [TEST_STEP][PASSED] - delay(3): Delayed 3 second(s)

2020-04-20 15:25:11 - [MESSAGE][PASSED] - Delayed 3 second(s)

2020-04-20 15:25:11 - [TEST_STEP][PASSED] - waitForPageLoad(60): Wait for page load successfully

2020-04-20 15:25:11 - [MESSAGE][PASSED] - Wait for page load successfully

2020-04-20 15:25:11 - [TEST_STEP][PASSED] - waitForElementClickable(findTestObject("Object Repository/Page_Checkatrade Find a tradesperson you can trust/link_Give_Your_Feedback"), 25): Object 'Object Repository/Page_Checkatrade Find a tradesperson you can trust/link_Give_Your_Feedback' is clickable

2020-04-20 15:25:12 - [MESSAGE][PASSED] - Object 'Object Repository/Page_Checkatrade Find a tradesperson you can trust/link_Give_Your_Feedback' is clickable

2020-04-20 15:25:12 - [TEST_STEP][PASSED] - verifyTextPresent("Company not listed?", false): Text 'Company not listed?' is present on page 

2020-04-20 15:25:12 - [MESSAGE][PASSED] - Text 'Company not listed?' is present on page 

2020-04-20 15:25:12 - [TEST_STEP][PASSED] - verifyTextPresent("If you are considering employing a particular company but cannot find them in our list of members", false): Text 'If you are considering employing a particular company but cannot find them in our list of members' is present on page 

2020-04-20 15:25:12 - [MESSAGE][PASSED] - Text 'If you are considering employing a particular company but cannot find them in our list of members' is present on page 

2020-04-20 15:25:12 - [TEST_STEP][PASSED] - verifyTextPresent("it may be because they are not a member of Checkatrade", false): Text 'it may be because they are not a member of Checkatrade' is present on page 

2020-04-20 15:25:13 - [MESSAGE][PASSED] - Text 'it may be because they are not a member of Checkatrade' is present on page 

2020-04-20 15:25:13 - [TEST_STEP][PASSED] - verifyTextPresent("If you would like to recommend a company to us, please give your feedback", false): Text 'If you would like to recommend a company to us, please give your feedback' is present on page 

2020-04-20 15:25:13 - [MESSAGE][PASSED] - Text 'If you would like to recommend a company to us, please give your feedback' is present on page 

2020-04-20 15:25:13 - [TEST_STEP][PASSED] - verifyTextPresent("If you would like help searching for a company, please call 0333 0146 190", false): Text 'If you would like help searching for a company, please call 0333 0146 190' is present on page 

2020-04-20 15:25:13 - [MESSAGE][PASSED] - Text 'If you would like help searching for a company, please call 0333 0146 190' is present on page 

2020-04-20 15:25:13 - [TEST_STEP][PASSED] - "----------------------------------------": null

2020-04-20 15:25:13 - [TEST_STEP][PASSED] - "----------------------------------------": null

2020-04-20 15:25:13 - [TEST_STEP][PASSED] - "Give Feedback Link NOT CHECKED Here     |": null

2020-04-20 15:25:13 - [TEST_STEP][PASSED] - System.gc(): null

2020-04-20 15:25:14 - [MESSAGE][PASSED] - Call Test Case 'Test Cases/Reusable_Test_Sequences/CAT_Search_Tradename_Not_Returned' successfully

2020-04-20 15:25:14 - [TEST_STEP][PASSED] - "--------------------------": null

2020-04-20 15:25:14 - [TEST_STEP][PASSED] - " Teardown - CLose Browser |": null

2020-04-20 15:25:14 - [TEST_STEP][PASSED] - callTestCase(findTestCase("Reusable_Test_Sequences/CAT_Teardown"), [:], OPTIONAL): Call Test Case 'Test Cases/Reusable_Test_Sequences/CAT_Teardown' successfully

2020-04-20 15:25:14 - [TEST_CASE][PASSED] - Test Cases/Reusable_Test_Sequences/CAT_Teardown: Test Cases/Reusable_Test_Sequences/CAT_Teardown

2020-04-20 15:25:14 - [TEST_STEP][PASSED] - closeBrowser(): Browser is closed

2020-04-20 15:25:16 - [MESSAGE][PASSED] - Browser is closed

2020-04-20 15:25:16 - [TEST_STEP][PASSED] - super.finalize(): null

2020-04-20 15:25:16 - [TEST_STEP][PASSED] - System.gc(): null

2020-04-20 15:25:17 - [MESSAGE][PASSED] - Call Test Case 'Test Cases/Reusable_Test_Sequences/CAT_Teardown' successfully

2020-04-20 15:25:17 - [TEST_STEP][PASSED] - callTestCase(findTestCase("Reusable_Test_Sequences/CAT_Setup"), [:], STOP_ON_FAILURE): Call Test Case 'Test Cases/Reusable_Test_Sequences/CAT_Setup' successfully

2020-04-20 15:25:17 - [TEST_CASE][PASSED] - Test Cases/Reusable_Test_Sequences/CAT_Setup: Test Cases/Reusable_Test_Sequences/CAT_Setup

2020-04-20 15:25:17 - [TEST_STEP][PASSED] - "------------------------------": null

2020-04-20 15:25:17 - [TEST_STEP][PASSED] - " Set Mobile Device Testing    |": null

2020-04-20 15:25:17 - [TEST_STEP][PASSED] - if (Mobile_Flag == "true"): null

2020-04-20 15:25:17 - [TEST_STEP][PASSED] - "------------------------------": null

2020-04-20 15:25:17 - [TEST_STEP][PASSED] - " Set Mobile Device Testing    |": null

2020-04-20 15:25:17 - [TEST_STEP][PASSED] - "------------------------------": null

2020-04-20 15:25:17 - [TEST_STEP][PASSED] - "URL - Set from the ENVIRONMENT PROFILE ": null

2020-04-20 15:25:17 - [TEST_STEP][PASSED] - openBrowser(URL): Browser is opened with url: 'https://www.preview.checkatrade.com/'

2020-04-20 15:25:17 - [MESSAGE][INFO] - Starting 'Firefox' driver

2020-04-20 15:25:17 - [MESSAGE][INFO] - Action delay is set to 0 milliseconds

2020-04-20 15:25:29 - [MESSAGE][PASSED] - Browser is opened with url: 'https://www.preview.checkatrade.com/'

2020-04-20 15:25:29 - [TEST_STEP][PASSED] - maximizeWindow(): Current window maximized

2020-04-20 15:25:29 - [MESSAGE][PASSED] - Current window maximized

2020-04-20 15:25:29 - [TEST_STEP][PASSED] - waitForPageLoad(60): Wait for page load successfully

2020-04-20 15:25:29 - [MESSAGE][PASSED] - Wait for page load successfully

2020-04-20 15:25:29 - [TEST_STEP][PASSED] - "Previous Functionalilty Left Commented For Ease Of reversion": null

2020-04-20 15:25:29 - [TEST_STEP][PASSED] - " Katalon Try/Catches currently have issues? SEE HEADER": null

2020-04-20 15:25:29 - [TEST_STEP][PASSED] - try: Text 'Cookie Policy' is not present on page

2020-04-20 15:25:29 - [TEST_STEP][PASSED] - verifyElementPresent(findTestObject("Object Repository/Cookies/Page_Checkatrade Find a tradesperson you can trust/button_Accept All"), 5, OPTIONAL): Object 'Object Repository/Cookies/Page_Checkatrade Find a tradesperson you can trust/button_Accept All' is present

2020-04-20 15:25:29 - [MESSAGE][PASSED] - Object 'Object Repository/Cookies/Page_Checkatrade Find a tradesperson you can trust/button_Accept All' is present

2020-04-20 15:25:29 - [TEST_STEP][PASSED] - click(findTestObject("Object Repository/Cookies/Page_Checkatrade Find a tradesperson you can trust/button_Accept All"), OPTIONAL): Object: 'Object Repository/Cookies/Page_Checkatrade Find a tradesperson you can trust/button_Accept All' is clicked on

2020-04-20 15:25:30 - [MESSAGE][PASSED] - Object: 'Object Repository/Cookies/Page_Checkatrade Find a tradesperson you can trust/button_Accept All' is clicked on

2020-04-20 15:25:30 - [TEST_STEP][PASSED] - "---------------------------------": null

2020-04-20 15:25:30 - [TEST_STEP][PASSED] - "COOKIE POPOUT REMOVED - Confirmed": null

2020-04-20 15:25:30 - [TEST_STEP][PASSED] - delay(1): Delayed 1 second(s)

2020-04-20 15:25:31 - [MESSAGE][PASSED] - Delayed 1 second(s)

2020-04-20 15:25:31 - [TEST_STEP][PASSED] - verifyTextNotPresent("We use cookies to personalise content and ads, to provide social media features and to analyse our traffic", false): Text 'We use cookies to personalise content and ads, to provide social media features and to analyse our traffic' is not present on page

2020-04-20 15:25:32 - [MESSAGE][PASSED] - Text 'We use cookies to personalise content and ads, to provide social media features and to analyse our traffic' is not present on page

2020-04-20 15:25:32 - [TEST_STEP][PASSED] - verifyTextNotPresent(" We also share information about your use of our site with our social media, advertising and analytics partners", false): Text ' We also share information about your use of our site with our social media, advertising and analytics partners' is not present on page

2020-04-20 15:25:32 - [MESSAGE][PASSED] - Text ' We also share information about your use of our site with our social media, advertising and analytics partners' is not present on page

2020-04-20 15:25:32 - [TEST_STEP][PASSED] - verifyTextNotPresent("Cookie Policy", false): Text 'Cookie Policy' is not present on page

2020-04-20 15:25:33 - [MESSAGE][PASSED] - Text 'Cookie Policy' is not present on page

2020-04-20 15:25:33 - [TEST_STEP][PASSED] - waitForPageLoad(60): Wait for page load successfully

2020-04-20 15:25:33 - [MESSAGE][PASSED] - Wait for page load successfully

2020-04-20 15:25:33 - [TEST_STEP][PASSED] - "COOKIE - ORIGINAL": null

2020-04-20 15:25:33 - [TEST_STEP][PASSED] - if (waitForElementVisible(findTestObject("Object Repository/Feedback/Page_Checkatrade Give your feedback/input_Member_to_Review"), 5)): Web element with id: 'Object Repository/Feedback/Page_Checkatrade Give your feedback/input_Member_to_Review' located by 'By.xpath: //input[@id='feedback-form__company_autocomplete_input']' not found

2020-04-20 15:25:38 - [MESSAGE][INFO] - Unable to find the element located by 'By.xpath: //input[@id='feedback-form__company_autocomplete_input']'. Please recheck the objects properties to make sure the desired element is located. 

2020-04-20 15:25:38 - [MESSAGE][WARNING] - Web element with id: 'Object Repository/Feedback/Page_Checkatrade Give your feedback/input_Member_to_Review' located by 'By.xpath: //input[@id='feedback-form__company_autocomplete_input']' not found

2020-04-20 15:25:38 - [TEST_STEP][PASSED] - else: The <<<OLD>>> Website was detected by the STARTUP Process

2020-04-20 15:25:38 - [TEST_STEP][PASSED] - if (!(verifyElementVisible(findTestObject("Object Repository/Checkatrade_Trade_Search_Page/Page_Checkatrade Find a tradesperson you can trust/input_Search_Button_FF")))): Object 'Object Repository/Checkatrade_Trade_Search_Page/Page_Checkatrade Find a tradesperson you can trust/input_Search_Button_FF' is visible

2020-04-20 15:25:39 - [MESSAGE][PASSED] - Object 'Object Repository/Checkatrade_Trade_Search_Page/Page_Checkatrade Find a tradesperson you can trust/input_Search_Button_FF' is visible

2020-04-20 15:25:39 - [TEST_STEP][PASSED] - else: The <<<OLD>>> Website was detected by the STARTUP Process

2020-04-20 15:25:39 - [TEST_STEP][PASSED] - Website_Version = "old": null

2020-04-20 15:25:39 - [TEST_STEP][PASSED] - logInfo("The <<<OLD>>> Website was detected by the STARTUP Process"): The <<<OLD>>> Website was detected by the STARTUP Process

2020-04-20 15:25:39 - [MESSAGE][INFO] - The <<<OLD>>> Website was detected by the STARTUP Process

2020-04-20 15:25:39 - [MESSAGE][PASSED] - Call Test Case 'Test Cases/Reusable_Test_Sequences/CAT_Setup' successfully

2020-04-20 15:25:39 - [TEST_STEP][PASSED] - " Home Page validation Checks after COOKIE Dispelled": null

2020-04-20 15:25:39 - [TEST_STEP][PASSED] - "---------------------------------------------------------------------": null

2020-04-20 15:25:39 - [TEST_STEP][PASSED] - " Select Search on Trader Name (or ID) From Home page/Search Screen   |": null

2020-04-20 15:25:39 - [TEST_STEP][PASSED] - callTestCase(findTestCase("Reusable_Test_Sequences/CAT_Click_Search_Trade_Name"), [:], STOP_ON_FAILURE): Call Test Case 'Test Cases/Reusable_Test_Sequences/CAT_Click_Search_Trade_Name' successfully

2020-04-20 15:25:39 - [TEST_CASE][PASSED] - Test Cases/Reusable_Test_Sequences/CAT_Click_Search_Trade_Name: Test Cases/Reusable_Test_Sequences/CAT_Click_Search_Trade_Name

2020-04-20 15:25:39 - [TEST_STEP][PASSED] - waitForPageLoad(60): Wait for page load successfully

2020-04-20 15:25:39 - [MESSAGE][PASSED] - Wait for page load successfully

2020-04-20 15:25:39 - [TEST_STEP][PASSED] - if (Website_Version != "new"): Object: 'Object Repository/Page_Checkatrade Find a tradesperson you can trust/a_or look up a member by name' is clicked on

2020-04-20 15:25:39 - [TEST_STEP][PASSED] - waitForElementClickable(findTestObject("Object Repository/Page_Checkatrade Find a tradesperson you can trust/a_or look up a member by name"), 5): Object 'Object Repository/Page_Checkatrade Find a tradesperson you can trust/a_or look up a member by name' is clickable

2020-04-20 15:25:39 - [MESSAGE][PASSED] - Object 'Object Repository/Page_Checkatrade Find a tradesperson you can trust/a_or look up a member by name' is clickable

2020-04-20 15:25:39 - [TEST_STEP][PASSED] - click(findTestObject("Object Repository/Page_Checkatrade Find a tradesperson you can trust/a_or look up a member by name")): Object: 'Object Repository/Page_Checkatrade Find a tradesperson you can trust/a_or look up a member by name' is clicked on

2020-04-20 15:25:39 - [MESSAGE][PASSED] - Object: 'Object Repository/Page_Checkatrade Find a tradesperson you can trust/a_or look up a member by name' is clicked on

2020-04-20 15:25:39 - [TEST_STEP][PASSED] - if (Website_Version != "old"): null

2020-04-20 15:25:39 - [TEST_STEP][PASSED] - waitForPageLoad(60): Wait for page load successfully

2020-04-20 15:25:39 - [MESSAGE][PASSED] - Wait for page load successfully

2020-04-20 15:25:39 - [MESSAGE][PASSED] - Call Test Case 'Test Cases/Reusable_Test_Sequences/CAT_Click_Search_Trade_Name' successfully

2020-04-20 15:25:39 - [TEST_STEP][PASSED] - "---------------------------------------": null

2020-04-20 15:25:39 - [TEST_STEP][PASSED] - " Enter Trader Name (or ID) to Search   |": null

2020-04-20 15:25:39 - [TEST_STEP][PASSED] - callTestCase(findTestCase("Reusable_Test_Sequences/CAT_Enter_Trade_Name_NEG"), [:], STOP_ON_FAILURE): Call Test Case 'Test Cases/Reusable_Test_Sequences/CAT_Enter_Trade_Name_NEG' successfully

2020-04-20 15:25:39 - [TEST_CASE][PASSED] - Test Cases/Reusable_Test_Sequences/CAT_Enter_Trade_Name_NEG: Test Cases/Reusable_Test_Sequences/CAT_Enter_Trade_Name_NEG

2020-04-20 15:25:39 - [TEST_STEP][PASSED] - if (Website_Version != "new"): Text 'oooooo' is set on object 'Object Repository/Page_Checkatrade Find a tradesperson you can trust/Trader_Name_To_Search'

2020-04-20 15:25:39 - [TEST_STEP][PASSED] - waitForElementClickable(findTestObject("Object Repository/Page_Checkatrade Find a tradesperson you can trust/Trader_Name_To_Search"), 5): Object 'Object Repository/Page_Checkatrade Find a tradesperson you can trust/Trader_Name_To_Search' is clickable

2020-04-20 15:25:39 - [MESSAGE][PASSED] - Object 'Object Repository/Page_Checkatrade Find a tradesperson you can trust/Trader_Name_To_Search' is clickable

2020-04-20 15:25:39 - [TEST_STEP][PASSED] - setText(findTestObject("Object Repository/Page_Checkatrade Find a tradesperson you can trust/Trader_Name_To_Search"), findTestData("Search_CAT_ID_Data_NEG").getValue("tradeName", row)): Text 'oooooo' is set on object 'Object Repository/Page_Checkatrade Find a tradesperson you can trust/Trader_Name_To_Search'

2020-04-20 15:25:40 - [MESSAGE][PASSED] - Text 'oooooo' is set on object 'Object Repository/Page_Checkatrade Find a tradesperson you can trust/Trader_Name_To_Search'

2020-04-20 15:25:40 - [MESSAGE][PASSED] - Call Test Case 'Test Cases/Reusable_Test_Sequences/CAT_Enter_Trade_Name_NEG' successfully

2020-04-20 15:25:40 - [TEST_STEP][PASSED] - "---------------------------------------": null

2020-04-20 15:25:40 - [TEST_STEP][PASSED] - " Search Trader Name (or ID)            |": null

2020-04-20 15:25:40 - [TEST_STEP][PASSED] - "---------------------------------------": null

2020-04-20 15:25:40 - [TEST_STEP][PASSED] - "---------------------------------------": null

2020-04-20 15:25:40 - [TEST_STEP][PASSED] - " Expected ERROR Reported               |": null

2020-04-20 15:25:40 - [TEST_STEP][PASSED] - callTestCase(findTestCase("Reusable_Test_Sequences/CAT_Search_Tradename_Not_Returned"), [:], CONTINUE_ON_FAILURE): Call Test Case 'Test Cases/Reusable_Test_Sequences/CAT_Search_Tradename_Not_Returned' successfully

2020-04-20 15:25:40 - [TEST_CASE][PASSED] - Test Cases/Reusable_Test_Sequences/CAT_Search_Tradename_Not_Returned: Test Cases/Reusable_Test_Sequences/CAT_Search_Tradename_Not_Returned

2020-04-20 15:25:40 - [TEST_STEP][PASSED] - "For later Extension": null

2020-04-20 15:25:40 - [TEST_STEP][PASSED] - "--------------------------------": null

2020-04-20 15:25:40 - [TEST_STEP][PASSED] - " Verify Sorry and Not Here Link |": null

2020-04-20 15:25:40 - [TEST_STEP][PASSED] - delay(1): Delayed 1 second(s)

2020-04-20 15:25:41 - [MESSAGE][PASSED] - Delayed 1 second(s)

2020-04-20 15:25:41 - [TEST_STEP][PASSED] - waitForPageLoad(60): Wait for page load successfully

2020-04-20 15:25:41 - [MESSAGE][PASSED] - Wait for page load successfully

2020-04-20 15:25:41 - [TEST_STEP][PASSED] - verifyElementPresent(findTestObject("Page_Checkatrade Find a tradesperson you can trust/a_or look up a member by name"), 10): Object 'Object Repository/Page_Checkatrade Find a tradesperson you can trust/a_or look up a member by name' is present

2020-04-20 15:25:41 - [MESSAGE][PASSED] - Object 'Object Repository/Page_Checkatrade Find a tradesperson you can trust/a_or look up a member by name' is present

2020-04-20 15:25:41 - [TEST_STEP][PASSED] - verifyTextPresent("Sorry, no results found", false): Text 'Sorry, no results found' is present on page 

2020-04-20 15:25:41 - [MESSAGE][PASSED] - Text 'Sorry, no results found' is present on page 

2020-04-20 15:25:41 - [TEST_STEP][PASSED] - verifyTextPresent("Not here", false): Text 'Not here' is present on page 

2020-04-20 15:25:42 - [MESSAGE][PASSED] - Text 'Not here' is present on page 

2020-04-20 15:25:42 - [TEST_STEP][PASSED] - "--------------------------------": null

2020-04-20 15:25:42 - [TEST_STEP][PASSED] - " Navigate Not Here Link         |": null

2020-04-20 15:25:42 - [TEST_STEP][PASSED] - waitForElementClickable(findTestObject("Object Repository/Page_Checkatrade Find a tradesperson you can trust/a_Not here"), 10): Object 'Object Repository/Page_Checkatrade Find a tradesperson you can trust/a_Not here' is clickable

2020-04-20 15:25:42 - [MESSAGE][PASSED] - Object 'Object Repository/Page_Checkatrade Find a tradesperson you can trust/a_Not here' is clickable

2020-04-20 15:25:42 - [TEST_STEP][PASSED] - click(findTestObject("Object Repository/Page_Checkatrade Find a tradesperson you can trust/a_Not here")): Object: 'Object Repository/Page_Checkatrade Find a tradesperson you can trust/a_Not here' is clicked on

2020-04-20 15:25:44 - [MESSAGE][PASSED] - Object: 'Object Repository/Page_Checkatrade Find a tradesperson you can trust/a_Not here' is clicked on

2020-04-20 15:25:44 - [TEST_STEP][PASSED] - "--------------------------------": null

2020-04-20 15:25:44 - [TEST_STEP][PASSED] - " Verify Returned Page           |": null

2020-04-20 15:25:44 - [TEST_STEP][PASSED] - "--------------------------------": null

2020-04-20 15:25:44 - [TEST_STEP][PASSED] - delay(3): Delayed 3 second(s)

2020-04-20 15:25:47 - [MESSAGE][PASSED] - Delayed 3 second(s)

2020-04-20 15:25:47 - [TEST_STEP][PASSED] - waitForPageLoad(60): Wait for page load successfully

2020-04-20 15:25:47 - [MESSAGE][PASSED] - Wait for page load successfully

2020-04-20 15:25:47 - [TEST_STEP][PASSED] - waitForElementClickable(findTestObject("Object Repository/Page_Checkatrade Find a tradesperson you can trust/link_Give_Your_Feedback"), 25): Object 'Object Repository/Page_Checkatrade Find a tradesperson you can trust/link_Give_Your_Feedback' is clickable

2020-04-20 15:25:47 - [MESSAGE][PASSED] - Object 'Object Repository/Page_Checkatrade Find a tradesperson you can trust/link_Give_Your_Feedback' is clickable

2020-04-20 15:25:47 - [TEST_STEP][PASSED] - verifyTextPresent("Company not listed?", false): Text 'Company not listed?' is present on page 

2020-04-20 15:25:48 - [MESSAGE][PASSED] - Text 'Company not listed?' is present on page 

2020-04-20 15:25:48 - [TEST_STEP][PASSED] - verifyTextPresent("If you are considering employing a particular company but cannot find them in our list of members", false): Text 'If you are considering employing a particular company but cannot find them in our list of members' is present on page 

2020-04-20 15:25:48 - [MESSAGE][PASSED] - Text 'If you are considering employing a particular company but cannot find them in our list of members' is present on page 

2020-04-20 15:25:48 - [TEST_STEP][PASSED] - verifyTextPresent("it may be because they are not a member of Checkatrade", false): Text 'it may be because they are not a member of Checkatrade' is present on page 

2020-04-20 15:25:49 - [MESSAGE][PASSED] - Text 'it may be because they are not a member of Checkatrade' is present on page 

2020-04-20 15:25:49 - [TEST_STEP][PASSED] - verifyTextPresent("If you would like to recommend a company to us, please give your feedback", false): Text 'If you would like to recommend a company to us, please give your feedback' is present on page 

2020-04-20 15:25:49 - [MESSAGE][PASSED] - Text 'If you would like to recommend a company to us, please give your feedback' is present on page 

2020-04-20 15:25:49 - [TEST_STEP][PASSED] - verifyTextPresent("If you would like help searching for a company, please call 0333 0146 190", false): Text 'If you would like help searching for a company, please call 0333 0146 190' is present on page 

2020-04-20 15:25:50 - [MESSAGE][PASSED] - Text 'If you would like help searching for a company, please call 0333 0146 190' is present on page 

2020-04-20 15:25:50 - [TEST_STEP][PASSED] - "----------------------------------------": null

2020-04-20 15:25:50 - [TEST_STEP][PASSED] - "----------------------------------------": null

2020-04-20 15:25:50 - [TEST_STEP][PASSED] - "Give Feedback Link NOT CHECKED Here     |": null

2020-04-20 15:25:50 - [TEST_STEP][PASSED] - System.gc(): null

2020-04-20 15:25:50 - [MESSAGE][PASSED] - Call Test Case 'Test Cases/Reusable_Test_Sequences/CAT_Search_Tradename_Not_Returned' successfully

2020-04-20 15:25:50 - [TEST_STEP][PASSED] - "--------------------------": null

2020-04-20 15:25:50 - [TEST_STEP][PASSED] - " Teardown - CLose Browser |": null

2020-04-20 15:25:50 - [TEST_STEP][PASSED] - callTestCase(findTestCase("Reusable_Test_Sequences/CAT_Teardown"), [:], OPTIONAL): Call Test Case 'Test Cases/Reusable_Test_Sequences/CAT_Teardown' successfully

2020-04-20 15:25:50 - [TEST_CASE][PASSED] - Test Cases/Reusable_Test_Sequences/CAT_Teardown: Test Cases/Reusable_Test_Sequences/CAT_Teardown

2020-04-20 15:25:50 - [TEST_STEP][PASSED] - closeBrowser(): Browser is closed

2020-04-20 15:25:52 - [MESSAGE][PASSED] - Browser is closed

2020-04-20 15:25:52 - [TEST_STEP][PASSED] - super.finalize(): null

2020-04-20 15:25:52 - [TEST_STEP][PASSED] - System.gc(): null

2020-04-20 15:25:53 - [MESSAGE][PASSED] - Call Test Case 'Test Cases/Reusable_Test_Sequences/CAT_Teardown' successfully

2020-04-20 15:25:53 - [TEST_STEP][PASSED] - callTestCase(findTestCase("Reusable_Test_Sequences/CAT_Setup"), [:], STOP_ON_FAILURE): Call Test Case 'Test Cases/Reusable_Test_Sequences/CAT_Setup' successfully

2020-04-20 15:25:53 - [TEST_CASE][PASSED] - Test Cases/Reusable_Test_Sequences/CAT_Setup: Test Cases/Reusable_Test_Sequences/CAT_Setup

2020-04-20 15:25:53 - [TEST_STEP][PASSED] - "------------------------------": null

2020-04-20 15:25:53 - [TEST_STEP][PASSED] - " Set Mobile Device Testing    |": null

2020-04-20 15:25:53 - [TEST_STEP][PASSED] - if (Mobile_Flag == "true"): null

2020-04-20 15:25:53 - [TEST_STEP][PASSED] - "------------------------------": null

2020-04-20 15:25:53 - [TEST_STEP][PASSED] - " Set Mobile Device Testing    |": null

2020-04-20 15:25:53 - [TEST_STEP][PASSED] - "------------------------------": null

2020-04-20 15:25:53 - [TEST_STEP][PASSED] - "URL - Set from the ENVIRONMENT PROFILE ": null

2020-04-20 15:25:53 - [TEST_STEP][PASSED] - openBrowser(URL): Browser is opened with url: 'https://www.preview.checkatrade.com/'

2020-04-20 15:25:53 - [MESSAGE][INFO] - Starting 'Firefox' driver

2020-04-20 15:25:53 - [MESSAGE][INFO] - Action delay is set to 0 milliseconds

2020-04-20 15:26:04 - [MESSAGE][PASSED] - Browser is opened with url: 'https://www.preview.checkatrade.com/'

2020-04-20 15:26:04 - [TEST_STEP][PASSED] - maximizeWindow(): Current window maximized

2020-04-20 15:26:04 - [MESSAGE][PASSED] - Current window maximized

2020-04-20 15:26:04 - [TEST_STEP][PASSED] - waitForPageLoad(60): Wait for page load successfully

2020-04-20 15:26:04 - [MESSAGE][PASSED] - Wait for page load successfully

2020-04-20 15:26:04 - [TEST_STEP][PASSED] - "Previous Functionalilty Left Commented For Ease Of reversion": null

2020-04-20 15:26:04 - [TEST_STEP][PASSED] - " Katalon Try/Catches currently have issues? SEE HEADER": null

2020-04-20 15:26:04 - [TEST_STEP][PASSED] - try: Text 'Cookie Policy' is not present on page

2020-04-20 15:26:04 - [TEST_STEP][PASSED] - verifyElementPresent(findTestObject("Object Repository/Cookies/Page_Checkatrade Find a tradesperson you can trust/button_Accept All"), 5, OPTIONAL): Object 'Object Repository/Cookies/Page_Checkatrade Find a tradesperson you can trust/button_Accept All' is present

2020-04-20 15:26:05 - [MESSAGE][PASSED] - Object 'Object Repository/Cookies/Page_Checkatrade Find a tradesperson you can trust/button_Accept All' is present

2020-04-20 15:26:05 - [TEST_STEP][PASSED] - click(findTestObject("Object Repository/Cookies/Page_Checkatrade Find a tradesperson you can trust/button_Accept All"), OPTIONAL): Object: 'Object Repository/Cookies/Page_Checkatrade Find a tradesperson you can trust/button_Accept All' is clicked on

2020-04-20 15:26:05 - [MESSAGE][PASSED] - Object: 'Object Repository/Cookies/Page_Checkatrade Find a tradesperson you can trust/button_Accept All' is clicked on

2020-04-20 15:26:05 - [TEST_STEP][PASSED] - "---------------------------------": null

2020-04-20 15:26:05 - [TEST_STEP][PASSED] - "COOKIE POPOUT REMOVED - Confirmed": null

2020-04-20 15:26:05 - [TEST_STEP][PASSED] - delay(1): Delayed 1 second(s)

2020-04-20 15:26:06 - [MESSAGE][PASSED] - Delayed 1 second(s)

2020-04-20 15:26:06 - [TEST_STEP][PASSED] - verifyTextNotPresent("We use cookies to personalise content and ads, to provide social media features and to analyse our traffic", false): Text 'We use cookies to personalise content and ads, to provide social media features and to analyse our traffic' is not present on page

2020-04-20 15:26:07 - [MESSAGE][PASSED] - Text 'We use cookies to personalise content and ads, to provide social media features and to analyse our traffic' is not present on page

2020-04-20 15:26:07 - [TEST_STEP][PASSED] - verifyTextNotPresent(" We also share information about your use of our site with our social media, advertising and analytics partners", false): Text ' We also share information about your use of our site with our social media, advertising and analytics partners' is not present on page

2020-04-20 15:26:08 - [MESSAGE][PASSED] - Text ' We also share information about your use of our site with our social media, advertising and analytics partners' is not present on page

2020-04-20 15:26:08 - [TEST_STEP][PASSED] - verifyTextNotPresent("Cookie Policy", false): Text 'Cookie Policy' is not present on page

2020-04-20 15:26:09 - [MESSAGE][PASSED] - Text 'Cookie Policy' is not present on page

2020-04-20 15:26:09 - [TEST_STEP][PASSED] - waitForPageLoad(60): Wait for page load successfully

2020-04-20 15:26:09 - [MESSAGE][PASSED] - Wait for page load successfully

2020-04-20 15:26:09 - [TEST_STEP][PASSED] - "COOKIE - ORIGINAL": null

2020-04-20 15:26:09 - [TEST_STEP][PASSED] - if (waitForElementVisible(findTestObject("Object Repository/Feedback/Page_Checkatrade Give your feedback/input_Member_to_Review"), 5)): Web element with id: 'Object Repository/Feedback/Page_Checkatrade Give your feedback/input_Member_to_Review' located by 'By.xpath: //input[@id='feedback-form__company_autocomplete_input']' not found

2020-04-20 15:26:14 - [MESSAGE][INFO] - Unable to find the element located by 'By.xpath: //input[@id='feedback-form__company_autocomplete_input']'. Please recheck the objects properties to make sure the desired element is located. 

2020-04-20 15:26:14 - [MESSAGE][WARNING] - Web element with id: 'Object Repository/Feedback/Page_Checkatrade Give your feedback/input_Member_to_Review' located by 'By.xpath: //input[@id='feedback-form__company_autocomplete_input']' not found

2020-04-20 15:26:14 - [TEST_STEP][PASSED] - else: The <<<OLD>>> Website was detected by the STARTUP Process

2020-04-20 15:26:14 - [TEST_STEP][PASSED] - if (!(verifyElementVisible(findTestObject("Object Repository/Checkatrade_Trade_Search_Page/Page_Checkatrade Find a tradesperson you can trust/input_Search_Button_FF")))): Object 'Object Repository/Checkatrade_Trade_Search_Page/Page_Checkatrade Find a tradesperson you can trust/input_Search_Button_FF' is visible

2020-04-20 15:26:14 - [MESSAGE][PASSED] - Object 'Object Repository/Checkatrade_Trade_Search_Page/Page_Checkatrade Find a tradesperson you can trust/input_Search_Button_FF' is visible

2020-04-20 15:26:14 - [TEST_STEP][PASSED] - else: The <<<OLD>>> Website was detected by the STARTUP Process

2020-04-20 15:26:14 - [TEST_STEP][PASSED] - Website_Version = "old": null

2020-04-20 15:26:14 - [TEST_STEP][PASSED] - logInfo("The <<<OLD>>> Website was detected by the STARTUP Process"): The <<<OLD>>> Website was detected by the STARTUP Process

2020-04-20 15:26:14 - [MESSAGE][INFO] - The <<<OLD>>> Website was detected by the STARTUP Process

2020-04-20 15:26:14 - [MESSAGE][PASSED] - Call Test Case 'Test Cases/Reusable_Test_Sequences/CAT_Setup' successfully

2020-04-20 15:26:14 - [TEST_STEP][PASSED] - " Home Page validation Checks after COOKIE Dispelled": null

2020-04-20 15:26:14 - [TEST_STEP][PASSED] - "---------------------------------------------------------------------": null

2020-04-20 15:26:14 - [TEST_STEP][PASSED] - " Select Search on Trader Name (or ID) From Home page/Search Screen   |": null

2020-04-20 15:26:14 - [TEST_STEP][PASSED] - callTestCase(findTestCase("Reusable_Test_Sequences/CAT_Click_Search_Trade_Name"), [:], STOP_ON_FAILURE): Call Test Case 'Test Cases/Reusable_Test_Sequences/CAT_Click_Search_Trade_Name' successfully

2020-04-20 15:26:14 - [TEST_CASE][PASSED] - Test Cases/Reusable_Test_Sequences/CAT_Click_Search_Trade_Name: Test Cases/Reusable_Test_Sequences/CAT_Click_Search_Trade_Name

2020-04-20 15:26:14 - [TEST_STEP][PASSED] - waitForPageLoad(60): Wait for page load successfully

2020-04-20 15:26:14 - [MESSAGE][PASSED] - Wait for page load successfully

2020-04-20 15:26:14 - [TEST_STEP][PASSED] - if (Website_Version != "new"): Object: 'Object Repository/Page_Checkatrade Find a tradesperson you can trust/a_or look up a member by name' is clicked on

2020-04-20 15:26:14 - [TEST_STEP][PASSED] - waitForElementClickable(findTestObject("Object Repository/Page_Checkatrade Find a tradesperson you can trust/a_or look up a member by name"), 5): Object 'Object Repository/Page_Checkatrade Find a tradesperson you can trust/a_or look up a member by name' is clickable

2020-04-20 15:26:14 - [MESSAGE][PASSED] - Object 'Object Repository/Page_Checkatrade Find a tradesperson you can trust/a_or look up a member by name' is clickable

2020-04-20 15:26:14 - [TEST_STEP][PASSED] - click(findTestObject("Object Repository/Page_Checkatrade Find a tradesperson you can trust/a_or look up a member by name")): Object: 'Object Repository/Page_Checkatrade Find a tradesperson you can trust/a_or look up a member by name' is clicked on

2020-04-20 15:26:15 - [MESSAGE][PASSED] - Object: 'Object Repository/Page_Checkatrade Find a tradesperson you can trust/a_or look up a member by name' is clicked on

2020-04-20 15:26:15 - [TEST_STEP][PASSED] - if (Website_Version != "old"): null

2020-04-20 15:26:15 - [TEST_STEP][PASSED] - waitForPageLoad(60): Wait for page load successfully

2020-04-20 15:26:15 - [MESSAGE][PASSED] - Wait for page load successfully

2020-04-20 15:26:15 - [MESSAGE][PASSED] - Call Test Case 'Test Cases/Reusable_Test_Sequences/CAT_Click_Search_Trade_Name' successfully

2020-04-20 15:26:15 - [TEST_STEP][PASSED] - "---------------------------------------": null

2020-04-20 15:26:15 - [TEST_STEP][PASSED] - " Enter Trader Name (or ID) to Search   |": null

2020-04-20 15:26:15 - [TEST_STEP][PASSED] - callTestCase(findTestCase("Reusable_Test_Sequences/CAT_Enter_Trade_Name_NEG"), [:], STOP_ON_FAILURE): Call Test Case 'Test Cases/Reusable_Test_Sequences/CAT_Enter_Trade_Name_NEG' successfully

2020-04-20 15:26:15 - [TEST_CASE][PASSED] - Test Cases/Reusable_Test_Sequences/CAT_Enter_Trade_Name_NEG: Test Cases/Reusable_Test_Sequences/CAT_Enter_Trade_Name_NEG

2020-04-20 15:26:15 - [TEST_STEP][PASSED] - if (Website_Version != "new"): Text 'OOOOOO' is set on object 'Object Repository/Page_Checkatrade Find a tradesperson you can trust/Trader_Name_To_Search'

2020-04-20 15:26:15 - [TEST_STEP][PASSED] - waitForElementClickable(findTestObject("Object Repository/Page_Checkatrade Find a tradesperson you can trust/Trader_Name_To_Search"), 5): Object 'Object Repository/Page_Checkatrade Find a tradesperson you can trust/Trader_Name_To_Search' is clickable

2020-04-20 15:26:15 - [MESSAGE][PASSED] - Object 'Object Repository/Page_Checkatrade Find a tradesperson you can trust/Trader_Name_To_Search' is clickable

2020-04-20 15:26:15 - [TEST_STEP][PASSED] - setText(findTestObject("Object Repository/Page_Checkatrade Find a tradesperson you can trust/Trader_Name_To_Search"), findTestData("Search_CAT_ID_Data_NEG").getValue("tradeName", row)): Text 'OOOOOO' is set on object 'Object Repository/Page_Checkatrade Find a tradesperson you can trust/Trader_Name_To_Search'

2020-04-20 15:26:15 - [MESSAGE][PASSED] - Text 'OOOOOO' is set on object 'Object Repository/Page_Checkatrade Find a tradesperson you can trust/Trader_Name_To_Search'

2020-04-20 15:26:15 - [MESSAGE][PASSED] - Call Test Case 'Test Cases/Reusable_Test_Sequences/CAT_Enter_Trade_Name_NEG' successfully

2020-04-20 15:26:15 - [TEST_STEP][PASSED] - "---------------------------------------": null

2020-04-20 15:26:15 - [TEST_STEP][PASSED] - " Search Trader Name (or ID)            |": null

2020-04-20 15:26:15 - [TEST_STEP][PASSED] - "---------------------------------------": null

2020-04-20 15:26:15 - [TEST_STEP][PASSED] - "---------------------------------------": null

2020-04-20 15:26:15 - [TEST_STEP][PASSED] - " Expected ERROR Reported               |": null

2020-04-20 15:26:15 - [TEST_STEP][PASSED] - callTestCase(findTestCase("Reusable_Test_Sequences/CAT_Search_Tradename_Not_Returned"), [:], CONTINUE_ON_FAILURE): Call Test Case 'Test Cases/Reusable_Test_Sequences/CAT_Search_Tradename_Not_Returned' successfully

2020-04-20 15:26:15 - [TEST_CASE][PASSED] - Test Cases/Reusable_Test_Sequences/CAT_Search_Tradename_Not_Returned: Test Cases/Reusable_Test_Sequences/CAT_Search_Tradename_Not_Returned

2020-04-20 15:26:15 - [TEST_STEP][PASSED] - "For later Extension": null

2020-04-20 15:26:15 - [TEST_STEP][PASSED] - "--------------------------------": null

2020-04-20 15:26:15 - [TEST_STEP][PASSED] - " Verify Sorry and Not Here Link |": null

2020-04-20 15:26:15 - [TEST_STEP][PASSED] - delay(1): Delayed 1 second(s)

2020-04-20 15:26:16 - [MESSAGE][PASSED] - Delayed 1 second(s)

2020-04-20 15:26:16 - [TEST_STEP][PASSED] - waitForPageLoad(60): Wait for page load successfully

2020-04-20 15:26:16 - [MESSAGE][PASSED] - Wait for page load successfully

2020-04-20 15:26:16 - [TEST_STEP][PASSED] - verifyElementPresent(findTestObject("Page_Checkatrade Find a tradesperson you can trust/a_or look up a member by name"), 10): Object 'Object Repository/Page_Checkatrade Find a tradesperson you can trust/a_or look up a member by name' is present

2020-04-20 15:26:16 - [MESSAGE][PASSED] - Object 'Object Repository/Page_Checkatrade Find a tradesperson you can trust/a_or look up a member by name' is present

2020-04-20 15:26:16 - [TEST_STEP][PASSED] - verifyTextPresent("Sorry, no results found", false): Text 'Sorry, no results found' is present on page 

2020-04-20 15:26:16 - [MESSAGE][PASSED] - Text 'Sorry, no results found' is present on page 

2020-04-20 15:26:16 - [TEST_STEP][PASSED] - verifyTextPresent("Not here", false): Text 'Not here' is present on page 

2020-04-20 15:26:17 - [MESSAGE][PASSED] - Text 'Not here' is present on page 

2020-04-20 15:26:17 - [TEST_STEP][PASSED] - "--------------------------------": null

2020-04-20 15:26:17 - [TEST_STEP][PASSED] - " Navigate Not Here Link         |": null

2020-04-20 15:26:17 - [TEST_STEP][PASSED] - waitForElementClickable(findTestObject("Object Repository/Page_Checkatrade Find a tradesperson you can trust/a_Not here"), 10): Object 'Object Repository/Page_Checkatrade Find a tradesperson you can trust/a_Not here' is clickable

2020-04-20 15:26:17 - [MESSAGE][PASSED] - Object 'Object Repository/Page_Checkatrade Find a tradesperson you can trust/a_Not here' is clickable

2020-04-20 15:26:17 - [TEST_STEP][PASSED] - click(findTestObject("Object Repository/Page_Checkatrade Find a tradesperson you can trust/a_Not here")): Object: 'Object Repository/Page_Checkatrade Find a tradesperson you can trust/a_Not here' is clicked on

2020-04-20 15:26:19 - [MESSAGE][PASSED] - Object: 'Object Repository/Page_Checkatrade Find a tradesperson you can trust/a_Not here' is clicked on

2020-04-20 15:26:19 - [TEST_STEP][PASSED] - "--------------------------------": null

2020-04-20 15:26:19 - [TEST_STEP][PASSED] - " Verify Returned Page           |": null

2020-04-20 15:26:19 - [TEST_STEP][PASSED] - "--------------------------------": null

2020-04-20 15:26:19 - [TEST_STEP][PASSED] - delay(3): Delayed 3 second(s)

2020-04-20 15:26:22 - [MESSAGE][PASSED] - Delayed 3 second(s)

2020-04-20 15:26:22 - [TEST_STEP][PASSED] - waitForPageLoad(60): Wait for page load successfully

2020-04-20 15:26:22 - [MESSAGE][PASSED] - Wait for page load successfully

2020-04-20 15:26:22 - [TEST_STEP][PASSED] - waitForElementClickable(findTestObject("Object Repository/Page_Checkatrade Find a tradesperson you can trust/link_Give_Your_Feedback"), 25): Object 'Object Repository/Page_Checkatrade Find a tradesperson you can trust/link_Give_Your_Feedback' is clickable

2020-04-20 15:26:22 - [MESSAGE][PASSED] - Object 'Object Repository/Page_Checkatrade Find a tradesperson you can trust/link_Give_Your_Feedback' is clickable

2020-04-20 15:26:22 - [TEST_STEP][PASSED] - verifyTextPresent("Company not listed?", false): Text 'Company not listed?' is present on page 

2020-04-20 15:26:22 - [MESSAGE][PASSED] - Text 'Company not listed?' is present on page 

2020-04-20 15:26:22 - [TEST_STEP][PASSED] - verifyTextPresent("If you are considering employing a particular company but cannot find them in our list of members", false): Text 'If you are considering employing a particular company but cannot find them in our list of members' is present on page 

2020-04-20 15:26:22 - [MESSAGE][PASSED] - Text 'If you are considering employing a particular company but cannot find them in our list of members' is present on page 

2020-04-20 15:26:22 - [TEST_STEP][PASSED] - verifyTextPresent("it may be because they are not a member of Checkatrade", false): Text 'it may be because they are not a member of Checkatrade' is present on page 

2020-04-20 15:26:23 - [MESSAGE][PASSED] - Text 'it may be because they are not a member of Checkatrade' is present on page 

2020-04-20 15:26:23 - [TEST_STEP][PASSED] - verifyTextPresent("If you would like to recommend a company to us, please give your feedback", false): Text 'If you would like to recommend a company to us, please give your feedback' is present on page 

2020-04-20 15:26:23 - [MESSAGE][PASSED] - Text 'If you would like to recommend a company to us, please give your feedback' is present on page 

2020-04-20 15:26:23 - [TEST_STEP][PASSED] - verifyTextPresent("If you would like help searching for a company, please call 0333 0146 190", false): Text 'If you would like help searching for a company, please call 0333 0146 190' is present on page 

2020-04-20 15:26:23 - [MESSAGE][PASSED] - Text 'If you would like help searching for a company, please call 0333 0146 190' is present on page 

2020-04-20 15:26:23 - [TEST_STEP][PASSED] - "----------------------------------------": null

2020-04-20 15:26:23 - [TEST_STEP][PASSED] - "----------------------------------------": null

2020-04-20 15:26:23 - [TEST_STEP][PASSED] - "Give Feedback Link NOT CHECKED Here     |": null

2020-04-20 15:26:23 - [TEST_STEP][PASSED] - System.gc(): null

2020-04-20 15:26:23 - [MESSAGE][PASSED] - Call Test Case 'Test Cases/Reusable_Test_Sequences/CAT_Search_Tradename_Not_Returned' successfully

2020-04-20 15:26:23 - [TEST_STEP][PASSED] - "--------------------------": null

2020-04-20 15:26:23 - [TEST_STEP][PASSED] - " Teardown - CLose Browser |": null

2020-04-20 15:26:23 - [TEST_STEP][PASSED] - callTestCase(findTestCase("Reusable_Test_Sequences/CAT_Teardown"), [:], OPTIONAL): Call Test Case 'Test Cases/Reusable_Test_Sequences/CAT_Teardown' successfully

2020-04-20 15:26:23 - [TEST_CASE][PASSED] - Test Cases/Reusable_Test_Sequences/CAT_Teardown: Test Cases/Reusable_Test_Sequences/CAT_Teardown

2020-04-20 15:26:23 - [TEST_STEP][PASSED] - closeBrowser(): Browser is closed

2020-04-20 15:26:26 - [MESSAGE][PASSED] - Browser is closed

2020-04-20 15:26:26 - [TEST_STEP][PASSED] - super.finalize(): null

2020-04-20 15:26:26 - [TEST_STEP][PASSED] - System.gc(): null

2020-04-20 15:26:26 - [MESSAGE][PASSED] - Call Test Case 'Test Cases/Reusable_Test_Sequences/CAT_Teardown' successfully

2020-04-20 15:26:26 - [TEST_STEP][PASSED] - callTestCase(findTestCase("Reusable_Test_Sequences/CAT_Setup"), [:], STOP_ON_FAILURE): Call Test Case 'Test Cases/Reusable_Test_Sequences/CAT_Setup' successfully

2020-04-20 15:26:26 - [TEST_CASE][PASSED] - Test Cases/Reusable_Test_Sequences/CAT_Setup: Test Cases/Reusable_Test_Sequences/CAT_Setup

2020-04-20 15:26:26 - [TEST_STEP][PASSED] - "------------------------------": null

2020-04-20 15:26:26 - [TEST_STEP][PASSED] - " Set Mobile Device Testing    |": null

2020-04-20 15:26:26 - [TEST_STEP][PASSED] - if (Mobile_Flag == "true"): null

2020-04-20 15:26:26 - [TEST_STEP][PASSED] - "------------------------------": null

2020-04-20 15:26:26 - [TEST_STEP][PASSED] - " Set Mobile Device Testing    |": null

2020-04-20 15:26:26 - [TEST_STEP][PASSED] - "------------------------------": null

2020-04-20 15:26:26 - [TEST_STEP][PASSED] - "URL - Set from the ENVIRONMENT PROFILE ": null

2020-04-20 15:26:26 - [TEST_STEP][PASSED] - openBrowser(URL): Browser is opened with url: 'https://www.preview.checkatrade.com/'

2020-04-20 15:26:26 - [MESSAGE][INFO] - Starting 'Firefox' driver

2020-04-20 15:26:26 - [MESSAGE][INFO] - Action delay is set to 0 milliseconds

2020-04-20 15:26:37 - [MESSAGE][PASSED] - Browser is opened with url: 'https://www.preview.checkatrade.com/'

2020-04-20 15:26:37 - [TEST_STEP][PASSED] - maximizeWindow(): Current window maximized

2020-04-20 15:26:37 - [MESSAGE][PASSED] - Current window maximized

2020-04-20 15:26:37 - [TEST_STEP][PASSED] - waitForPageLoad(60): Wait for page load successfully

2020-04-20 15:26:37 - [MESSAGE][PASSED] - Wait for page load successfully

2020-04-20 15:26:37 - [TEST_STEP][PASSED] - "Previous Functionalilty Left Commented For Ease Of reversion": null

2020-04-20 15:26:37 - [TEST_STEP][PASSED] - " Katalon Try/Catches currently have issues? SEE HEADER": null

2020-04-20 15:26:37 - [TEST_STEP][PASSED] - try: Text 'Cookie Policy' is not present on page

2020-04-20 15:26:37 - [TEST_STEP][PASSED] - verifyElementPresent(findTestObject("Object Repository/Cookies/Page_Checkatrade Find a tradesperson you can trust/button_Accept All"), 5, OPTIONAL): Object 'Object Repository/Cookies/Page_Checkatrade Find a tradesperson you can trust/button_Accept All' is present

2020-04-20 15:26:37 - [MESSAGE][PASSED] - Object 'Object Repository/Cookies/Page_Checkatrade Find a tradesperson you can trust/button_Accept All' is present

2020-04-20 15:26:37 - [TEST_STEP][PASSED] - click(findTestObject("Object Repository/Cookies/Page_Checkatrade Find a tradesperson you can trust/button_Accept All"), OPTIONAL): Object: 'Object Repository/Cookies/Page_Checkatrade Find a tradesperson you can trust/button_Accept All' is clicked on

2020-04-20 15:26:38 - [MESSAGE][PASSED] - Object: 'Object Repository/Cookies/Page_Checkatrade Find a tradesperson you can trust/button_Accept All' is clicked on

2020-04-20 15:26:38 - [TEST_STEP][PASSED] - "---------------------------------": null

2020-04-20 15:26:38 - [TEST_STEP][PASSED] - "COOKIE POPOUT REMOVED - Confirmed": null

2020-04-20 15:26:38 - [TEST_STEP][PASSED] - delay(1): Delayed 1 second(s)

2020-04-20 15:26:39 - [MESSAGE][PASSED] - Delayed 1 second(s)

2020-04-20 15:26:39 - [TEST_STEP][PASSED] - verifyTextNotPresent("We use cookies to personalise content and ads, to provide social media features and to analyse our traffic", false): Text 'We use cookies to personalise content and ads, to provide social media features and to analyse our traffic' is not present on page

2020-04-20 15:26:40 - [MESSAGE][PASSED] - Text 'We use cookies to personalise content and ads, to provide social media features and to analyse our traffic' is not present on page

2020-04-20 15:26:40 - [TEST_STEP][PASSED] - verifyTextNotPresent(" We also share information about your use of our site with our social media, advertising and analytics partners", false): Text ' We also share information about your use of our site with our social media, advertising and analytics partners' is not present on page

2020-04-20 15:26:40 - [MESSAGE][PASSED] - Text ' We also share information about your use of our site with our social media, advertising and analytics partners' is not present on page

2020-04-20 15:26:40 - [TEST_STEP][PASSED] - verifyTextNotPresent("Cookie Policy", false): Text 'Cookie Policy' is not present on page

2020-04-20 15:26:41 - [MESSAGE][PASSED] - Text 'Cookie Policy' is not present on page

2020-04-20 15:26:41 - [TEST_STEP][PASSED] - waitForPageLoad(60): Wait for page load successfully

2020-04-20 15:26:41 - [MESSAGE][PASSED] - Wait for page load successfully

2020-04-20 15:26:41 - [TEST_STEP][PASSED] - "COOKIE - ORIGINAL": null

2020-04-20 15:26:41 - [TEST_STEP][PASSED] - if (waitForElementVisible(findTestObject("Object Repository/Feedback/Page_Checkatrade Give your feedback/input_Member_to_Review"), 5)): Web element with id: 'Object Repository/Feedback/Page_Checkatrade Give your feedback/input_Member_to_Review' located by 'By.xpath: //input[@id='feedback-form__company_autocomplete_input']' not found

2020-04-20 15:26:46 - [MESSAGE][INFO] - Unable to find the element located by 'By.xpath: //input[@id='feedback-form__company_autocomplete_input']'. Please recheck the objects properties to make sure the desired element is located. 

2020-04-20 15:26:46 - [MESSAGE][WARNING] - Web element with id: 'Object Repository/Feedback/Page_Checkatrade Give your feedback/input_Member_to_Review' located by 'By.xpath: //input[@id='feedback-form__company_autocomplete_input']' not found

2020-04-20 15:26:46 - [TEST_STEP][PASSED] - else: The <<<OLD>>> Website was detected by the STARTUP Process

2020-04-20 15:26:46 - [TEST_STEP][PASSED] - if (!(verifyElementVisible(findTestObject("Object Repository/Checkatrade_Trade_Search_Page/Page_Checkatrade Find a tradesperson you can trust/input_Search_Button_FF")))): Object 'Object Repository/Checkatrade_Trade_Search_Page/Page_Checkatrade Find a tradesperson you can trust/input_Search_Button_FF' is visible

2020-04-20 15:26:46 - [MESSAGE][PASSED] - Object 'Object Repository/Checkatrade_Trade_Search_Page/Page_Checkatrade Find a tradesperson you can trust/input_Search_Button_FF' is visible

2020-04-20 15:26:46 - [TEST_STEP][PASSED] - else: The <<<OLD>>> Website was detected by the STARTUP Process

2020-04-20 15:26:46 - [TEST_STEP][PASSED] - Website_Version = "old": null

2020-04-20 15:26:46 - [TEST_STEP][PASSED] - logInfo("The <<<OLD>>> Website was detected by the STARTUP Process"): The <<<OLD>>> Website was detected by the STARTUP Process

2020-04-20 15:26:46 - [MESSAGE][INFO] - The <<<OLD>>> Website was detected by the STARTUP Process

2020-04-20 15:26:46 - [MESSAGE][PASSED] - Call Test Case 'Test Cases/Reusable_Test_Sequences/CAT_Setup' successfully

2020-04-20 15:26:46 - [TEST_STEP][PASSED] - " Home Page validation Checks after COOKIE Dispelled": null

2020-04-20 15:26:46 - [TEST_STEP][PASSED] - "---------------------------------------------------------------------": null

2020-04-20 15:26:46 - [TEST_STEP][PASSED] - " Select Search on Trader Name (or ID) From Home page/Search Screen   |": null

2020-04-20 15:26:46 - [TEST_STEP][PASSED] - callTestCase(findTestCase("Reusable_Test_Sequences/CAT_Click_Search_Trade_Name"), [:], STOP_ON_FAILURE): Call Test Case 'Test Cases/Reusable_Test_Sequences/CAT_Click_Search_Trade_Name' successfully

2020-04-20 15:26:46 - [TEST_CASE][PASSED] - Test Cases/Reusable_Test_Sequences/CAT_Click_Search_Trade_Name: Test Cases/Reusable_Test_Sequences/CAT_Click_Search_Trade_Name

2020-04-20 15:26:46 - [TEST_STEP][PASSED] - waitForPageLoad(60): Wait for page load successfully

2020-04-20 15:26:46 - [MESSAGE][PASSED] - Wait for page load successfully

2020-04-20 15:26:46 - [TEST_STEP][PASSED] - if (Website_Version != "new"): Object: 'Object Repository/Page_Checkatrade Find a tradesperson you can trust/a_or look up a member by name' is clicked on

2020-04-20 15:26:46 - [TEST_STEP][PASSED] - waitForElementClickable(findTestObject("Object Repository/Page_Checkatrade Find a tradesperson you can trust/a_or look up a member by name"), 5): Object 'Object Repository/Page_Checkatrade Find a tradesperson you can trust/a_or look up a member by name' is clickable

2020-04-20 15:26:46 - [MESSAGE][PASSED] - Object 'Object Repository/Page_Checkatrade Find a tradesperson you can trust/a_or look up a member by name' is clickable

2020-04-20 15:26:46 - [TEST_STEP][PASSED] - click(findTestObject("Object Repository/Page_Checkatrade Find a tradesperson you can trust/a_or look up a member by name")): Object: 'Object Repository/Page_Checkatrade Find a tradesperson you can trust/a_or look up a member by name' is clicked on

2020-04-20 15:26:47 - [MESSAGE][PASSED] - Object: 'Object Repository/Page_Checkatrade Find a tradesperson you can trust/a_or look up a member by name' is clicked on

2020-04-20 15:26:47 - [TEST_STEP][PASSED] - if (Website_Version != "old"): null

2020-04-20 15:26:47 - [TEST_STEP][PASSED] - waitForPageLoad(60): Wait for page load successfully

2020-04-20 15:26:47 - [MESSAGE][PASSED] - Wait for page load successfully

2020-04-20 15:26:47 - [MESSAGE][PASSED] - Call Test Case 'Test Cases/Reusable_Test_Sequences/CAT_Click_Search_Trade_Name' successfully

2020-04-20 15:26:47 - [TEST_STEP][PASSED] - "---------------------------------------": null

2020-04-20 15:26:47 - [TEST_STEP][PASSED] - " Enter Trader Name (or ID) to Search   |": null

2020-04-20 15:26:47 - [TEST_STEP][PASSED] - callTestCase(findTestCase("Reusable_Test_Sequences/CAT_Enter_Trade_Name_NEG"), [:], STOP_ON_FAILURE): Call Test Case 'Test Cases/Reusable_Test_Sequences/CAT_Enter_Trade_Name_NEG' successfully

2020-04-20 15:26:47 - [TEST_CASE][PASSED] - Test Cases/Reusable_Test_Sequences/CAT_Enter_Trade_Name_NEG: Test Cases/Reusable_Test_Sequences/CAT_Enter_Trade_Name_NEG

2020-04-20 15:26:47 - [TEST_STEP][PASSED] - if (Website_Version != "new"): Text '1111111111111111111111111111111111111111111111111111111111111111111111111111111111111111111111' is set on object 'Object Repository/Page_Checkatrade Find a tradesperson you can trust/Trader_Name_To_Search'

2020-04-20 15:26:47 - [TEST_STEP][PASSED] - waitForElementClickable(findTestObject("Object Repository/Page_Checkatrade Find a tradesperson you can trust/Trader_Name_To_Search"), 5): Object 'Object Repository/Page_Checkatrade Find a tradesperson you can trust/Trader_Name_To_Search' is clickable

2020-04-20 15:26:47 - [MESSAGE][PASSED] - Object 'Object Repository/Page_Checkatrade Find a tradesperson you can trust/Trader_Name_To_Search' is clickable

2020-04-20 15:26:47 - [TEST_STEP][PASSED] - setText(findTestObject("Object Repository/Page_Checkatrade Find a tradesperson you can trust/Trader_Name_To_Search"), findTestData("Search_CAT_ID_Data_NEG").getValue("tradeName", row)): Text '1111111111111111111111111111111111111111111111111111111111111111111111111111111111111111111111' is set on object 'Object Repository/Page_Checkatrade Find a tradesperson you can trust/Trader_Name_To_Search'

2020-04-20 15:26:47 - [MESSAGE][PASSED] - Text '1111111111111111111111111111111111111111111111111111111111111111111111111111111111111111111111' is set on object 'Object Repository/Page_Checkatrade Find a tradesperson you can trust/Trader_Name_To_Search'

2020-04-20 15:26:47 - [MESSAGE][PASSED] - Call Test Case 'Test Cases/Reusable_Test_Sequences/CAT_Enter_Trade_Name_NEG' successfully

2020-04-20 15:26:47 - [TEST_STEP][PASSED] - "---------------------------------------": null

2020-04-20 15:26:47 - [TEST_STEP][PASSED] - " Search Trader Name (or ID)            |": null

2020-04-20 15:26:47 - [TEST_STEP][PASSED] - "---------------------------------------": null

2020-04-20 15:26:47 - [TEST_STEP][PASSED] - "---------------------------------------": null

2020-04-20 15:26:47 - [TEST_STEP][PASSED] - " Expected ERROR Reported               |": null

2020-04-20 15:26:47 - [TEST_STEP][PASSED] - callTestCase(findTestCase("Reusable_Test_Sequences/CAT_Search_Tradename_Not_Returned"), [:], CONTINUE_ON_FAILURE): Call Test Case 'Test Cases/Reusable_Test_Sequences/CAT_Search_Tradename_Not_Returned' successfully

2020-04-20 15:26:47 - [TEST_CASE][PASSED] - Test Cases/Reusable_Test_Sequences/CAT_Search_Tradename_Not_Returned: Test Cases/Reusable_Test_Sequences/CAT_Search_Tradename_Not_Returned

2020-04-20 15:26:47 - [TEST_STEP][PASSED] - "For later Extension": null

2020-04-20 15:26:47 - [TEST_STEP][PASSED] - "--------------------------------": null

2020-04-20 15:26:47 - [TEST_STEP][PASSED] - " Verify Sorry and Not Here Link |": null

2020-04-20 15:26:47 - [TEST_STEP][PASSED] - delay(1): Delayed 1 second(s)

2020-04-20 15:26:48 - [MESSAGE][PASSED] - Delayed 1 second(s)

2020-04-20 15:26:48 - [TEST_STEP][PASSED] - waitForPageLoad(60): Wait for page load successfully

2020-04-20 15:26:48 - [MESSAGE][PASSED] - Wait for page load successfully

2020-04-20 15:26:48 - [TEST_STEP][PASSED] - verifyElementPresent(findTestObject("Page_Checkatrade Find a tradesperson you can trust/a_or look up a member by name"), 10): Object 'Object Repository/Page_Checkatrade Find a tradesperson you can trust/a_or look up a member by name' is present

2020-04-20 15:26:48 - [MESSAGE][PASSED] - Object 'Object Repository/Page_Checkatrade Find a tradesperson you can trust/a_or look up a member by name' is present

2020-04-20 15:26:48 - [TEST_STEP][PASSED] - verifyTextPresent("Sorry, no results found", false): Text 'Sorry, no results found' is present on page 

2020-04-20 15:26:49 - [MESSAGE][PASSED] - Text 'Sorry, no results found' is present on page 

2020-04-20 15:26:49 - [TEST_STEP][PASSED] - verifyTextPresent("Not here", false): Text 'Not here' is present on page 

2020-04-20 15:26:50 - [MESSAGE][PASSED] - Text 'Not here' is present on page 

2020-04-20 15:26:50 - [TEST_STEP][PASSED] - "--------------------------------": null

2020-04-20 15:26:50 - [TEST_STEP][PASSED] - " Navigate Not Here Link         |": null

2020-04-20 15:26:50 - [TEST_STEP][PASSED] - waitForElementClickable(findTestObject("Object Repository/Page_Checkatrade Find a tradesperson you can trust/a_Not here"), 10): Object 'Object Repository/Page_Checkatrade Find a tradesperson you can trust/a_Not here' is clickable

2020-04-20 15:26:50 - [MESSAGE][PASSED] - Object 'Object Repository/Page_Checkatrade Find a tradesperson you can trust/a_Not here' is clickable

2020-04-20 15:26:50 - [TEST_STEP][PASSED] - click(findTestObject("Object Repository/Page_Checkatrade Find a tradesperson you can trust/a_Not here")): Object: 'Object Repository/Page_Checkatrade Find a tradesperson you can trust/a_Not here' is clicked on

2020-04-20 15:26:53 - [MESSAGE][PASSED] - Object: 'Object Repository/Page_Checkatrade Find a tradesperson you can trust/a_Not here' is clicked on

2020-04-20 15:26:53 - [TEST_STEP][PASSED] - "--------------------------------": null

2020-04-20 15:26:53 - [TEST_STEP][PASSED] - " Verify Returned Page           |": null

2020-04-20 15:26:53 - [TEST_STEP][PASSED] - "--------------------------------": null

2020-04-20 15:26:53 - [TEST_STEP][PASSED] - delay(3): Delayed 3 second(s)

2020-04-20 15:26:56 - [MESSAGE][PASSED] - Delayed 3 second(s)

2020-04-20 15:26:56 - [TEST_STEP][PASSED] - waitForPageLoad(60): Wait for page load successfully

2020-04-20 15:26:56 - [MESSAGE][PASSED] - Wait for page load successfully

2020-04-20 15:26:56 - [TEST_STEP][PASSED] - waitForElementClickable(findTestObject("Object Repository/Page_Checkatrade Find a tradesperson you can trust/link_Give_Your_Feedback"), 25): Object 'Object Repository/Page_Checkatrade Find a tradesperson you can trust/link_Give_Your_Feedback' is clickable

2020-04-20 15:26:56 - [MESSAGE][PASSED] - Object 'Object Repository/Page_Checkatrade Find a tradesperson you can trust/link_Give_Your_Feedback' is clickable

2020-04-20 15:26:56 - [TEST_STEP][PASSED] - verifyTextPresent("Company not listed?", false): Text 'Company not listed?' is present on page 

2020-04-20 15:26:56 - [MESSAGE][PASSED] - Text 'Company not listed?' is present on page 

2020-04-20 15:26:56 - [TEST_STEP][PASSED] - verifyTextPresent("If you are considering employing a particular company but cannot find them in our list of members", false): Text 'If you are considering employing a particular company but cannot find them in our list of members' is present on page 

2020-04-20 15:26:57 - [MESSAGE][PASSED] - Text 'If you are considering employing a particular company but cannot find them in our list of members' is present on page 

2020-04-20 15:26:57 - [TEST_STEP][PASSED] - verifyTextPresent("it may be because they are not a member of Checkatrade", false): Text 'it may be because they are not a member of Checkatrade' is present on page 

2020-04-20 15:26:57 - [MESSAGE][PASSED] - Text 'it may be because they are not a member of Checkatrade' is present on page 

2020-04-20 15:26:57 - [TEST_STEP][PASSED] - verifyTextPresent("If you would like to recommend a company to us, please give your feedback", false): Text 'If you would like to recommend a company to us, please give your feedback' is present on page 

2020-04-20 15:26:57 - [MESSAGE][PASSED] - Text 'If you would like to recommend a company to us, please give your feedback' is present on page 

2020-04-20 15:26:57 - [TEST_STEP][PASSED] - verifyTextPresent("If you would like help searching for a company, please call 0333 0146 190", false): Text 'If you would like help searching for a company, please call 0333 0146 190' is present on page 

2020-04-20 15:26:58 - [MESSAGE][PASSED] - Text 'If you would like help searching for a company, please call 0333 0146 190' is present on page 

2020-04-20 15:26:58 - [TEST_STEP][PASSED] - "----------------------------------------": null

2020-04-20 15:26:58 - [TEST_STEP][PASSED] - "----------------------------------------": null

2020-04-20 15:26:58 - [TEST_STEP][PASSED] - "Give Feedback Link NOT CHECKED Here     |": null

2020-04-20 15:26:58 - [TEST_STEP][PASSED] - System.gc(): null

2020-04-20 15:26:58 - [MESSAGE][PASSED] - Call Test Case 'Test Cases/Reusable_Test_Sequences/CAT_Search_Tradename_Not_Returned' successfully

2020-04-20 15:26:58 - [TEST_STEP][PASSED] - "--------------------------": null

2020-04-20 15:26:58 - [TEST_STEP][PASSED] - " Teardown - CLose Browser |": null

2020-04-20 15:26:58 - [TEST_STEP][PASSED] - callTestCase(findTestCase("Reusable_Test_Sequences/CAT_Teardown"), [:], OPTIONAL): Call Test Case 'Test Cases/Reusable_Test_Sequences/CAT_Teardown' successfully

2020-04-20 15:26:58 - [TEST_CASE][PASSED] - Test Cases/Reusable_Test_Sequences/CAT_Teardown: Test Cases/Reusable_Test_Sequences/CAT_Teardown

2020-04-20 15:26:58 - [TEST_STEP][PASSED] - closeBrowser(): Browser is closed

2020-04-20 15:27:01 - [MESSAGE][PASSED] - Browser is closed

2020-04-20 15:27:01 - [TEST_STEP][PASSED] - super.finalize(): null

2020-04-20 15:27:01 - [TEST_STEP][PASSED] - System.gc(): null

2020-04-20 15:27:01 - [MESSAGE][PASSED] - Call Test Case 'Test Cases/Reusable_Test_Sequences/CAT_Teardown' successfully

2020-04-20 15:27:01 - [TEST_STEP][PASSED] - callTestCase(findTestCase("Reusable_Test_Sequences/CAT_Setup"), [:], STOP_ON_FAILURE): Call Test Case 'Test Cases/Reusable_Test_Sequences/CAT_Setup' successfully

2020-04-20 15:27:01 - [TEST_CASE][PASSED] - Test Cases/Reusable_Test_Sequences/CAT_Setup: Test Cases/Reusable_Test_Sequences/CAT_Setup

2020-04-20 15:27:01 - [TEST_STEP][PASSED] - "------------------------------": null

2020-04-20 15:27:01 - [TEST_STEP][PASSED] - " Set Mobile Device Testing    |": null

2020-04-20 15:27:01 - [TEST_STEP][PASSED] - if (Mobile_Flag == "true"): null

2020-04-20 15:27:01 - [TEST_STEP][PASSED] - "------------------------------": null

2020-04-20 15:27:01 - [TEST_STEP][PASSED] - " Set Mobile Device Testing    |": null

2020-04-20 15:27:01 - [TEST_STEP][PASSED] - "------------------------------": null

2020-04-20 15:27:01 - [TEST_STEP][PASSED] - "URL - Set from the ENVIRONMENT PROFILE ": null

2020-04-20 15:27:01 - [TEST_STEP][PASSED] - openBrowser(URL): Browser is opened with url: 'https://www.preview.checkatrade.com/'

2020-04-20 15:27:01 - [MESSAGE][INFO] - Starting 'Firefox' driver

2020-04-20 15:27:01 - [MESSAGE][INFO] - Action delay is set to 0 milliseconds

2020-04-20 15:27:13 - [MESSAGE][PASSED] - Browser is opened with url: 'https://www.preview.checkatrade.com/'

2020-04-20 15:27:13 - [TEST_STEP][PASSED] - maximizeWindow(): Current window maximized

2020-04-20 15:27:14 - [MESSAGE][PASSED] - Current window maximized

2020-04-20 15:27:14 - [TEST_STEP][PASSED] - waitForPageLoad(60): Wait for page load successfully

2020-04-20 15:27:14 - [MESSAGE][PASSED] - Wait for page load successfully

2020-04-20 15:27:14 - [TEST_STEP][PASSED] - "Previous Functionalilty Left Commented For Ease Of reversion": null

2020-04-20 15:27:14 - [TEST_STEP][PASSED] - " Katalon Try/Catches currently have issues? SEE HEADER": null

2020-04-20 15:27:14 - [TEST_STEP][PASSED] - try: Text 'Cookie Policy' is not present on page

2020-04-20 15:27:14 - [TEST_STEP][PASSED] - verifyElementPresent(findTestObject("Object Repository/Cookies/Page_Checkatrade Find a tradesperson you can trust/button_Accept All"), 5, OPTIONAL): Object 'Object Repository/Cookies/Page_Checkatrade Find a tradesperson you can trust/button_Accept All' is present

2020-04-20 15:27:14 - [MESSAGE][PASSED] - Object 'Object Repository/Cookies/Page_Checkatrade Find a tradesperson you can trust/button_Accept All' is present

2020-04-20 15:27:14 - [TEST_STEP][PASSED] - click(findTestObject("Object Repository/Cookies/Page_Checkatrade Find a tradesperson you can trust/button_Accept All"), OPTIONAL): Object: 'Object Repository/Cookies/Page_Checkatrade Find a tradesperson you can trust/button_Accept All' is clicked on

2020-04-20 15:27:14 - [MESSAGE][PASSED] - Object: 'Object Repository/Cookies/Page_Checkatrade Find a tradesperson you can trust/button_Accept All' is clicked on

2020-04-20 15:27:14 - [TEST_STEP][PASSED] - "---------------------------------": null

2020-04-20 15:27:14 - [TEST_STEP][PASSED] - "COOKIE POPOUT REMOVED - Confirmed": null

2020-04-20 15:27:14 - [TEST_STEP][PASSED] - delay(1): Delayed 1 second(s)

2020-04-20 15:27:15 - [MESSAGE][PASSED] - Delayed 1 second(s)

2020-04-20 15:27:15 - [TEST_STEP][PASSED] - verifyTextNotPresent("We use cookies to personalise content and ads, to provide social media features and to analyse our traffic", false): Text 'We use cookies to personalise content and ads, to provide social media features and to analyse our traffic' is not present on page

2020-04-20 15:27:16 - [MESSAGE][PASSED] - Text 'We use cookies to personalise content and ads, to provide social media features and to analyse our traffic' is not present on page

2020-04-20 15:27:16 - [TEST_STEP][PASSED] - verifyTextNotPresent(" We also share information about your use of our site with our social media, advertising and analytics partners", false): Text ' We also share information about your use of our site with our social media, advertising and analytics partners' is not present on page

2020-04-20 15:27:17 - [MESSAGE][PASSED] - Text ' We also share information about your use of our site with our social media, advertising and analytics partners' is not present on page

2020-04-20 15:27:17 - [TEST_STEP][PASSED] - verifyTextNotPresent("Cookie Policy", false): Text 'Cookie Policy' is not present on page

2020-04-20 15:27:18 - [MESSAGE][PASSED] - Text 'Cookie Policy' is not present on page

2020-04-20 15:27:18 - [TEST_STEP][PASSED] - waitForPageLoad(60): Wait for page load successfully

2020-04-20 15:27:19 - [MESSAGE][PASSED] - Wait for page load successfully

2020-04-20 15:27:19 - [TEST_STEP][PASSED] - "COOKIE - ORIGINAL": null

2020-04-20 15:27:19 - [TEST_STEP][PASSED] - if (waitForElementVisible(findTestObject("Object Repository/Feedback/Page_Checkatrade Give your feedback/input_Member_to_Review"), 5)): Web element with id: 'Object Repository/Feedback/Page_Checkatrade Give your feedback/input_Member_to_Review' located by 'By.xpath: //input[@id='feedback-form__company_autocomplete_input']' not found

2020-04-20 15:27:24 - [MESSAGE][INFO] - Unable to find the element located by 'By.xpath: //input[@id='feedback-form__company_autocomplete_input']'. Please recheck the objects properties to make sure the desired element is located. 

2020-04-20 15:27:24 - [MESSAGE][WARNING] - Web element with id: 'Object Repository/Feedback/Page_Checkatrade Give your feedback/input_Member_to_Review' located by 'By.xpath: //input[@id='feedback-form__company_autocomplete_input']' not found

2020-04-20 15:27:24 - [TEST_STEP][PASSED] - else: The <<<OLD>>> Website was detected by the STARTUP Process

2020-04-20 15:27:24 - [TEST_STEP][PASSED] - if (!(verifyElementVisible(findTestObject("Object Repository/Checkatrade_Trade_Search_Page/Page_Checkatrade Find a tradesperson you can trust/input_Search_Button_FF")))): Object 'Object Repository/Checkatrade_Trade_Search_Page/Page_Checkatrade Find a tradesperson you can trust/input_Search_Button_FF' is visible

2020-04-20 15:27:24 - [MESSAGE][PASSED] - Object 'Object Repository/Checkatrade_Trade_Search_Page/Page_Checkatrade Find a tradesperson you can trust/input_Search_Button_FF' is visible

2020-04-20 15:27:24 - [TEST_STEP][PASSED] - else: The <<<OLD>>> Website was detected by the STARTUP Process

2020-04-20 15:27:24 - [TEST_STEP][PASSED] - Website_Version = "old": null

2020-04-20 15:27:24 - [TEST_STEP][PASSED] - logInfo("The <<<OLD>>> Website was detected by the STARTUP Process"): The <<<OLD>>> Website was detected by the STARTUP Process

2020-04-20 15:27:24 - [MESSAGE][INFO] - The <<<OLD>>> Website was detected by the STARTUP Process

2020-04-20 15:27:24 - [MESSAGE][PASSED] - Call Test Case 'Test Cases/Reusable_Test_Sequences/CAT_Setup' successfully

2020-04-20 15:27:24 - [TEST_STEP][PASSED] - " Home Page validation Checks after COOKIE Dispelled": null

2020-04-20 15:27:24 - [TEST_STEP][PASSED] - "---------------------------------------------------------------------": null

2020-04-20 15:27:24 - [TEST_STEP][PASSED] - " Select Search on Trader Name (or ID) From Home page/Search Screen   |": null

2020-04-20 15:27:24 - [TEST_STEP][PASSED] - callTestCase(findTestCase("Reusable_Test_Sequences/CAT_Click_Search_Trade_Name"), [:], STOP_ON_FAILURE): Call Test Case 'Test Cases/Reusable_Test_Sequences/CAT_Click_Search_Trade_Name' successfully

2020-04-20 15:27:24 - [TEST_CASE][PASSED] - Test Cases/Reusable_Test_Sequences/CAT_Click_Search_Trade_Name: Test Cases/Reusable_Test_Sequences/CAT_Click_Search_Trade_Name

2020-04-20 15:27:24 - [TEST_STEP][PASSED] - waitForPageLoad(60): Wait for page load successfully

2020-04-20 15:27:24 - [MESSAGE][PASSED] - Wait for page load successfully

2020-04-20 15:27:24 - [TEST_STEP][PASSED] - if (Website_Version != "new"): Object: 'Object Repository/Page_Checkatrade Find a tradesperson you can trust/a_or look up a member by name' is clicked on

2020-04-20 15:27:24 - [TEST_STEP][PASSED] - waitForElementClickable(findTestObject("Object Repository/Page_Checkatrade Find a tradesperson you can trust/a_or look up a member by name"), 5): Object 'Object Repository/Page_Checkatrade Find a tradesperson you can trust/a_or look up a member by name' is clickable

2020-04-20 15:27:25 - [MESSAGE][PASSED] - Object 'Object Repository/Page_Checkatrade Find a tradesperson you can trust/a_or look up a member by name' is clickable

2020-04-20 15:27:25 - [TEST_STEP][PASSED] - click(findTestObject("Object Repository/Page_Checkatrade Find a tradesperson you can trust/a_or look up a member by name")): Object: 'Object Repository/Page_Checkatrade Find a tradesperson you can trust/a_or look up a member by name' is clicked on

2020-04-20 15:27:25 - [MESSAGE][PASSED] - Object: 'Object Repository/Page_Checkatrade Find a tradesperson you can trust/a_or look up a member by name' is clicked on

2020-04-20 15:27:25 - [TEST_STEP][PASSED] - if (Website_Version != "old"): null

2020-04-20 15:27:25 - [TEST_STEP][PASSED] - waitForPageLoad(60): Wait for page load successfully

2020-04-20 15:27:25 - [MESSAGE][PASSED] - Wait for page load successfully

2020-04-20 15:27:25 - [MESSAGE][PASSED] - Call Test Case 'Test Cases/Reusable_Test_Sequences/CAT_Click_Search_Trade_Name' successfully

2020-04-20 15:27:25 - [TEST_STEP][PASSED] - "---------------------------------------": null

2020-04-20 15:27:25 - [TEST_STEP][PASSED] - " Enter Trader Name (or ID) to Search   |": null

2020-04-20 15:27:25 - [TEST_STEP][PASSED] - callTestCase(findTestCase("Reusable_Test_Sequences/CAT_Enter_Trade_Name_NEG"), [:], STOP_ON_FAILURE): Call Test Case 'Test Cases/Reusable_Test_Sequences/CAT_Enter_Trade_Name_NEG' successfully

2020-04-20 15:27:25 - [TEST_CASE][PASSED] - Test Cases/Reusable_Test_Sequences/CAT_Enter_Trade_Name_NEG: Test Cases/Reusable_Test_Sequences/CAT_Enter_Trade_Name_NEG

2020-04-20 15:27:25 - [TEST_STEP][PASSED] - if (Website_Version != "new"): Text '£!_+@~#?|*' is set on object 'Object Repository/Page_Checkatrade Find a tradesperson you can trust/Trader_Name_To_Search'

2020-04-20 15:27:25 - [TEST_STEP][PASSED] - waitForElementClickable(findTestObject("Object Repository/Page_Checkatrade Find a tradesperson you can trust/Trader_Name_To_Search"), 5): Object 'Object Repository/Page_Checkatrade Find a tradesperson you can trust/Trader_Name_To_Search' is clickable

2020-04-20 15:27:25 - [MESSAGE][PASSED] - Object 'Object Repository/Page_Checkatrade Find a tradesperson you can trust/Trader_Name_To_Search' is clickable

2020-04-20 15:27:25 - [TEST_STEP][PASSED] - setText(findTestObject("Object Repository/Page_Checkatrade Find a tradesperson you can trust/Trader_Name_To_Search"), findTestData("Search_CAT_ID_Data_NEG").getValue("tradeName", row)): Text '£!_+@~#?|*' is set on object 'Object Repository/Page_Checkatrade Find a tradesperson you can trust/Trader_Name_To_Search'

2020-04-20 15:27:26 - [MESSAGE][PASSED] - Text '£!_+@~#?|*' is set on object 'Object Repository/Page_Checkatrade Find a tradesperson you can trust/Trader_Name_To_Search'

2020-04-20 15:27:26 - [MESSAGE][PASSED] - Call Test Case 'Test Cases/Reusable_Test_Sequences/CAT_Enter_Trade_Name_NEG' successfully

2020-04-20 15:27:26 - [TEST_STEP][PASSED] - "---------------------------------------": null

2020-04-20 15:27:26 - [TEST_STEP][PASSED] - " Search Trader Name (or ID)            |": null

2020-04-20 15:27:26 - [TEST_STEP][PASSED] - "---------------------------------------": null

2020-04-20 15:27:26 - [TEST_STEP][PASSED] - "---------------------------------------": null

2020-04-20 15:27:26 - [TEST_STEP][PASSED] - " Expected ERROR Reported               |": null

2020-04-20 15:27:26 - [TEST_STEP][PASSED] - callTestCase(findTestCase("Reusable_Test_Sequences/CAT_Search_Tradename_Not_Returned"), [:], CONTINUE_ON_FAILURE): Call Test Case 'Test Cases/Reusable_Test_Sequences/CAT_Search_Tradename_Not_Returned' successfully

2020-04-20 15:27:26 - [TEST_CASE][PASSED] - Test Cases/Reusable_Test_Sequences/CAT_Search_Tradename_Not_Returned: Test Cases/Reusable_Test_Sequences/CAT_Search_Tradename_Not_Returned

2020-04-20 15:27:26 - [TEST_STEP][PASSED] - "For later Extension": null

2020-04-20 15:27:26 - [TEST_STEP][PASSED] - "--------------------------------": null

2020-04-20 15:27:26 - [TEST_STEP][PASSED] - " Verify Sorry and Not Here Link |": null

2020-04-20 15:27:26 - [TEST_STEP][PASSED] - delay(1): Delayed 1 second(s)

2020-04-20 15:27:27 - [MESSAGE][PASSED] - Delayed 1 second(s)

2020-04-20 15:27:27 - [TEST_STEP][PASSED] - waitForPageLoad(60): Wait for page load successfully

2020-04-20 15:27:27 - [MESSAGE][PASSED] - Wait for page load successfully

2020-04-20 15:27:27 - [TEST_STEP][PASSED] - verifyElementPresent(findTestObject("Page_Checkatrade Find a tradesperson you can trust/a_or look up a member by name"), 10): Object 'Object Repository/Page_Checkatrade Find a tradesperson you can trust/a_or look up a member by name' is present

2020-04-20 15:27:27 - [MESSAGE][PASSED] - Object 'Object Repository/Page_Checkatrade Find a tradesperson you can trust/a_or look up a member by name' is present

2020-04-20 15:27:27 - [TEST_STEP][PASSED] - verifyTextPresent("Sorry, no results found", false): Text 'Sorry, no results found' is present on page 

2020-04-20 15:27:28 - [MESSAGE][PASSED] - Text 'Sorry, no results found' is present on page 

2020-04-20 15:27:28 - [TEST_STEP][PASSED] - verifyTextPresent("Not here", false): Text 'Not here' is present on page 

2020-04-20 15:27:29 - [MESSAGE][PASSED] - Text 'Not here' is present on page 

2020-04-20 15:27:29 - [TEST_STEP][PASSED] - "--------------------------------": null

2020-04-20 15:27:29 - [TEST_STEP][PASSED] - " Navigate Not Here Link         |": null

2020-04-20 15:27:29 - [TEST_STEP][PASSED] - waitForElementClickable(findTestObject("Object Repository/Page_Checkatrade Find a tradesperson you can trust/a_Not here"), 10): Object 'Object Repository/Page_Checkatrade Find a tradesperson you can trust/a_Not here' is clickable

2020-04-20 15:27:29 - [MESSAGE][PASSED] - Object 'Object Repository/Page_Checkatrade Find a tradesperson you can trust/a_Not here' is clickable

2020-04-20 15:27:29 - [TEST_STEP][PASSED] - click(findTestObject("Object Repository/Page_Checkatrade Find a tradesperson you can trust/a_Not here")): Object: 'Object Repository/Page_Checkatrade Find a tradesperson you can trust/a_Not here' is clicked on

2020-04-20 15:27:31 - [MESSAGE][PASSED] - Object: 'Object Repository/Page_Checkatrade Find a tradesperson you can trust/a_Not here' is clicked on

2020-04-20 15:27:31 - [TEST_STEP][PASSED] - "--------------------------------": null

2020-04-20 15:27:31 - [TEST_STEP][PASSED] - " Verify Returned Page           |": null

2020-04-20 15:27:31 - [TEST_STEP][PASSED] - "--------------------------------": null

2020-04-20 15:27:31 - [TEST_STEP][PASSED] - delay(3): Delayed 3 second(s)

2020-04-20 15:27:34 - [MESSAGE][PASSED] - Delayed 3 second(s)

2020-04-20 15:27:34 - [TEST_STEP][PASSED] - waitForPageLoad(60): Wait for page load successfully

2020-04-20 15:27:34 - [MESSAGE][PASSED] - Wait for page load successfully

2020-04-20 15:27:34 - [TEST_STEP][PASSED] - waitForElementClickable(findTestObject("Object Repository/Page_Checkatrade Find a tradesperson you can trust/link_Give_Your_Feedback"), 25): Object 'Object Repository/Page_Checkatrade Find a tradesperson you can trust/link_Give_Your_Feedback' is clickable

2020-04-20 15:27:35 - [MESSAGE][PASSED] - Object 'Object Repository/Page_Checkatrade Find a tradesperson you can trust/link_Give_Your_Feedback' is clickable

2020-04-20 15:27:35 - [TEST_STEP][PASSED] - verifyTextPresent("Company not listed?", false): Text 'Company not listed?' is present on page 

2020-04-20 15:27:35 - [MESSAGE][PASSED] - Text 'Company not listed?' is present on page 

2020-04-20 15:27:35 - [TEST_STEP][PASSED] - verifyTextPresent("If you are considering employing a particular company but cannot find them in our list of members", false): Text 'If you are considering employing a particular company but cannot find them in our list of members' is present on page 

2020-04-20 15:27:36 - [MESSAGE][PASSED] - Text 'If you are considering employing a particular company but cannot find them in our list of members' is present on page 

2020-04-20 15:27:36 - [TEST_STEP][PASSED] - verifyTextPresent("it may be because they are not a member of Checkatrade", false): Text 'it may be because they are not a member of Checkatrade' is present on page 

2020-04-20 15:27:36 - [MESSAGE][PASSED] - Text 'it may be because they are not a member of Checkatrade' is present on page 

2020-04-20 15:27:36 - [TEST_STEP][PASSED] - verifyTextPresent("If you would like to recommend a company to us, please give your feedback", false): Text 'If you would like to recommend a company to us, please give your feedback' is present on page 

2020-04-20 15:27:37 - [MESSAGE][PASSED] - Text 'If you would like to recommend a company to us, please give your feedback' is present on page 

2020-04-20 15:27:37 - [TEST_STEP][PASSED] - verifyTextPresent("If you would like help searching for a company, please call 0333 0146 190", false): Text 'If you would like help searching for a company, please call 0333 0146 190' is present on page 

2020-04-20 15:27:37 - [MESSAGE][PASSED] - Text 'If you would like help searching for a company, please call 0333 0146 190' is present on page 

2020-04-20 15:27:37 - [TEST_STEP][PASSED] - "----------------------------------------": null

2020-04-20 15:27:37 - [TEST_STEP][PASSED] - "----------------------------------------": null

2020-04-20 15:27:37 - [TEST_STEP][PASSED] - "Give Feedback Link NOT CHECKED Here     |": null

2020-04-20 15:27:37 - [TEST_STEP][PASSED] - System.gc(): null

2020-04-20 15:27:37 - [MESSAGE][PASSED] - Call Test Case 'Test Cases/Reusable_Test_Sequences/CAT_Search_Tradename_Not_Returned' successfully

2020-04-20 15:27:37 - [TEST_STEP][PASSED] - "--------------------------": null

2020-04-20 15:27:37 - [TEST_STEP][PASSED] - " Teardown - CLose Browser |": null

2020-04-20 15:27:37 - [TEST_STEP][PASSED] - callTestCase(findTestCase("Reusable_Test_Sequences/CAT_Teardown"), [:], OPTIONAL): Call Test Case 'Test Cases/Reusable_Test_Sequences/CAT_Teardown' successfully

2020-04-20 15:27:37 - [TEST_CASE][PASSED] - Test Cases/Reusable_Test_Sequences/CAT_Teardown: Test Cases/Reusable_Test_Sequences/CAT_Teardown

2020-04-20 15:27:37 - [TEST_STEP][PASSED] - closeBrowser(): Browser is closed

2020-04-20 15:27:40 - [MESSAGE][PASSED] - Browser is closed

2020-04-20 15:27:40 - [TEST_STEP][PASSED] - super.finalize(): null

2020-04-20 15:27:40 - [TEST_STEP][PASSED] - System.gc(): null

2020-04-20 15:27:40 - [MESSAGE][PASSED] - Call Test Case 'Test Cases/Reusable_Test_Sequences/CAT_Teardown' successfully]]></system-out>
         <system-err><![CDATA[]]></system-err>
      </testcase>
      <system-out><![CDATA[2020-04-20 15:18:21 - [TEST_SUITE][PASSED] - Trade_Name_Multiple_Search: Test Cases/Checkatrade_Tradesman_Searches/Trader_Name_Not_Listed]]></system-out>
      <system-err><![CDATA[]]></system-err>
   </testsuite>
</testsuites>
