<?xml version="1.0" encoding="UTF-8"?>
<testsuites name="Web_Office_Reports" time="1253.584" tests="37" failures="1" errors="0">
   <testsuite name="Web_Office_Reports" tests="37" failures="1" errors="0" time="1253.584" timestamp="2020-04-27 14:04:43" hostname="DavidHo - 192.168.1.237" id="Test Suites/Web_Office_Reports">
      <properties>
         <property name="deviceName" value=""/>
         <property name="devicePlatform" value=""/>
         <property name="logFolder" value="C:\\Users\\davidho\\git\\src\\Reports\\20200427_135146\\Web_Office_Reports\\20200427_135153"/>
         <property name="logFiles" value="C:\\Users\\davidho\\git\\src\\Reports\\20200427_135146\\Web_Office_Reports\\20200427_135153\\execution0.log"/>
         <property name="attachments" value="C:\\Users\\davidho\\git\\src\\Reports\\20200427_135146\\Web_Office_Reports\\20200427_135153\\1587993679716.png"/>
         <property name="hostName" value="DavidHo - 192.168.1.237"/>
         <property name="os" value="Windows 10 32bit"/>
         <property name="katalonVersion" value="7.4.0.1"/>
         <property name="browser" value="Chrome 81.0.4044.122"/>
         <property name="hostAddress" value="192.168.1.237"/>
         <property name="sessionId" value="85b6640d1c6c8350b7a1a87b909800a7"/>
         <property name="seleniumVersion" value="3.141.59"/>
         <property name="proxyInformation" value="ProxyInformation{proxyOption=NO_PROXY, proxyServerType=HTTP, password=, proxyServerAddress=, proxyServerPort=0, executionList=}"/>
         <property name="platform" value="Windows 10"/>
      </properties>
      <testcase name="Test Cases/Web_Office/Reports/Web_Activity" time="48.302" classname="Test Cases/Web_Office/Reports/Web_Activity" status="PASSED">
         <system-out><![CDATA[2020-04-27 14:04:44 - [TEST_CASE][PASSED] - Test Cases/Web_Office/Reports/Web_Activity: Test Cases/Web_Office/Reports/Web_Activity

2020-04-27 14:04:44 - [TEST_STEP][PASSED] - "--------------------------------------": null

2020-04-27 14:04:44 - [TEST_STEP][PASSED] - " Web Office StartUp                  |": null

2020-04-27 14:04:44 - [TEST_STEP][PASSED] - callTestCase(findTestCase("Reusable_Test_Sequences/Web_Office/Directives/WebOffice_StartUp"), [:], STOP_ON_FAILURE): Call Test Case 'Test Cases/Reusable_Test_Sequences/Web_Office/Directives/WebOffice_StartUp' successfully

2020-04-27 14:04:44 - [TEST_CASE][PASSED] - Test Cases/Reusable_Test_Sequences/Web_Office/Directives/WebOffice_StartUp: Test Cases/Reusable_Test_Sequences/Web_Office/Directives/WebOffice_StartUp

2020-04-27 14:04:45 - [TEST_STEP][PASSED] - "-----------------------------------------------------------------------------": null

2020-04-27 14:04:45 - [TEST_STEP][PASSED] - if (URL == "https://www.dev.checkatrade.com/"): null

2020-04-27 14:04:45 - [TEST_STEP][PASSED] - "-----------------------------------------------------------------------------": null

2020-04-27 14:04:45 - [TEST_STEP][PASSED] - if (URL == "https://www.checkatrade.com/"): null

2020-04-27 14:04:45 - [TEST_STEP][PASSED] - "-----------------------------------------------------------------------------": null

2020-04-27 14:04:45 - [TEST_STEP][PASSED] - if (URL == "https://www.preview.checkatrade.com/"): null

2020-04-27 14:04:45 - [TEST_STEP][PASSED] - WebOfficeURL = "https://admin.preview.checkatrade.com/": null

2020-04-27 14:04:45 - [TEST_STEP][PASSED] - if (URL == "https://www.dev2.checkatrade.com/"): null

2020-04-27 14:04:45 - [TEST_STEP][PASSED] - "Set Function Area for "URL_Handler", URL Resolution": null

2020-04-27 14:04:45 - [TEST_STEP][PASSED] - "Do Some Magic with URL(s) See the comments within URL Handler ": null

2020-04-27 14:04:45 - [TEST_STEP][PASSED] - "------------------------------------------------": null

2020-04-27 14:04:45 - [TEST_STEP][PASSED] - "Moved Login Credentials to <Default> profile 22/01/2020": null

2020-04-27 14:04:45 - [TEST_STEP][PASSED] - "------------------------------------------------": null

2020-04-27 14:04:45 - [TEST_STEP][PASSED] - "WebOfficeURL - Set from the ENVIRONMENT PROFILE ": null

2020-04-27 14:04:45 - [TEST_STEP][PASSED] - "OPEN BROWSER": null

2020-04-27 14:04:45 - [TEST_STEP][PASSED] - "eg - https://admin.preview.checkatrade.com/  ": null

2020-04-27 14:04:45 - [TEST_STEP][PASSED] - openBrowser(WebOfficeURL): Browser is opened with url: 'https://admin.preview.checkatrade.com/'

2020-04-27 14:04:45 - [MESSAGE][INFO] - Starting 'Chrome' driver

2020-04-27 14:04:45 - [MESSAGE][INFO] - Action delay is set to 0 milliseconds

2020-04-27 14:04:51 - [MESSAGE][PASSED] - Browser is opened with url: 'https://admin.preview.checkatrade.com/'

2020-04-27 14:04:51 - [TEST_STEP][PASSED] - maximizeWindow(): Current window maximized

2020-04-27 14:04:54 - [MESSAGE][PASSED] - Current window maximized

2020-04-27 14:04:54 - [TEST_STEP][PASSED] - waitForElementClickable(findTestObject("Object Repository/WebOffice/Page_Checkatrade - Administration - Login/Login_Button"), 25): Object 'Object Repository/WebOffice/Page_Checkatrade - Administration - Login/Login_Button' is clickable

2020-04-27 14:04:54 - [MESSAGE][PASSED] - Object 'Object Repository/WebOffice/Page_Checkatrade - Administration - Login/Login_Button' is clickable

2020-04-27 14:04:54 - [TEST_STEP][PASSED] - verifyTextPresent("Checkatrade Web Office", false): Text 'Checkatrade Web Office' is present on page 

2020-04-27 14:04:54 - [MESSAGE][PASSED] - Text 'Checkatrade Web Office' is present on page 

2020-04-27 14:04:54 - [TEST_STEP][PASSED] - verifyTextPresent("Access for staff use only", false): Text 'Access for staff use only' is present on page 

2020-04-27 14:04:54 - [MESSAGE][PASSED] - Text 'Access for staff use only' is present on page 

2020-04-27 14:04:54 - [TEST_STEP][PASSED] - verifyTextPresent("Forgotten password?", false): Text 'Forgotten password?' is present on page 

2020-04-27 14:04:54 - [MESSAGE][PASSED] - Text 'Forgotten password?' is present on page 

2020-04-27 14:04:54 - [TEST_STEP][PASSED] - setText(findTestObject("Object Repository/WebOffice/Page_Checkatrade - Administration - Login/input_Username_LoginControlUserName"), wo_Username): Text 'DavidHo' is set on object 'Object Repository/WebOffice/Page_Checkatrade - Administration - Login/input_Username_LoginControlUserName'

2020-04-27 14:04:55 - [MESSAGE][PASSED] - Text 'DavidHo' is set on object 'Object Repository/WebOffice/Page_Checkatrade - Administration - Login/input_Username_LoginControlUserName'

2020-04-27 14:04:55 - [TEST_STEP][PASSED] - setText(findTestObject("Object Repository/WebOffice/Page_Checkatrade - Administration - Login/input_Password_LoginControlPassword"), wo_Password): Text 'Check123' is set on object 'Object Repository/WebOffice/Page_Checkatrade - Administration - Login/input_Password_LoginControlPassword'

2020-04-27 14:04:55 - [MESSAGE][PASSED] - Text 'Check123' is set on object 'Object Repository/WebOffice/Page_Checkatrade - Administration - Login/input_Password_LoginControlPassword'

2020-04-27 14:04:55 - [TEST_STEP][PASSED] - click(findTestObject("Object Repository/WebOffice/Page_Checkatrade - Administration - Login/Login_Button")): Object: 'Object Repository/WebOffice/Page_Checkatrade - Administration - Login/Login_Button' is clicked on

2020-04-27 14:04:57 - [MESSAGE][PASSED] - Object: 'Object Repository/WebOffice/Page_Checkatrade - Administration - Login/Login_Button' is clicked on

2020-04-27 14:04:57 - [TEST_STEP][PASSED] - waitForPageLoad(60): Wait for page load successfully

2020-04-27 14:04:57 - [MESSAGE][PASSED] - Wait for page load successfully

2020-04-27 14:04:57 - [TEST_STEP][PASSED] - verifyTextPresent("Welcome " + wo_Username, false): Text 'Welcome DavidHo' is present on page 

2020-04-27 14:04:58 - [MESSAGE][PASSED] - Text 'Welcome DavidHo' is present on page 

2020-04-27 14:04:58 - [MESSAGE][PASSED] - Call Test Case 'Test Cases/Reusable_Test_Sequences/Web_Office/Directives/WebOffice_StartUp' successfully

2020-04-27 14:04:58 - [TEST_STEP][PASSED] - "-----------------------------------------------------------------": null

2020-04-27 14:04:58 - [TEST_STEP][PASSED] - " Navigate to <Settings->Checkatrade.Com->Sub Item> Menu Item     |": null

2020-04-27 14:04:58 - [TEST_STEP][PASSED] - callTestCase(findTestCase("Reusable_Test_Sequences/Web_Office/Navigation/Sub_Menu_Navigation/Reports/Web_Activity"), [:], STOP_ON_FAILURE): Call Test Case 'Test Cases/Reusable_Test_Sequences/Web_Office/Navigation/Sub_Menu_Navigation/Reports/Web_Activity' successfully

2020-04-27 14:04:58 - [TEST_CASE][PASSED] - Test Cases/Reusable_Test_Sequences/Web_Office/Navigation/Sub_Menu_Navigation/Reports/Web_Activity: Test Cases/Reusable_Test_Sequences/Web_Office/Navigation/Sub_Menu_Navigation/Reports/Web_Activity

2020-04-27 14:04:58 - [TEST_STEP][PASSED] - "--------------------------------------": null

2020-04-27 14:04:58 - [TEST_STEP][PASSED] - " Navigate Top level menu Item         |": null

2020-04-27 14:04:58 - [TEST_STEP][PASSED] - waitForPageLoad(60): Wait for page load successfully

2020-04-27 14:04:58 - [MESSAGE][PASSED] - Wait for page load successfully

2020-04-27 14:04:58 - [TEST_STEP][PASSED] - waitForElementClickable(findTestObject("Object Repository/WebOffice_Home_page/a_Reports"), 60): Object 'Object Repository/WebOffice_Home_page/a_Reports' is clickable

2020-04-27 14:04:58 - [MESSAGE][PASSED] - Object 'Object Repository/WebOffice_Home_page/a_Reports' is clickable

2020-04-27 14:04:58 - [TEST_STEP][PASSED] - mouseOver(findTestObject("Object Repository/WebOffice_Home_page/a_Reports")): Object: 'Object Repository/WebOffice_Home_page/a_Reports' is hovered

2020-04-27 14:04:58 - [MESSAGE][PASSED] - Object: 'Object Repository/WebOffice_Home_page/a_Reports' is hovered

2020-04-27 14:04:58 - [TEST_STEP][PASSED] - waitForPageLoad(5): Wait for page load successfully

2020-04-27 14:04:58 - [MESSAGE][PASSED] - Wait for page load successfully

2020-04-27 14:04:58 - [TEST_STEP][PASSED] - waitForElementClickable(findTestObject("Object Repository/WebOffice_Home_page/a_Web Activity"), 5): Object 'Object Repository/WebOffice_Home_page/a_Web Activity' is clickable

2020-04-27 14:04:59 - [MESSAGE][PASSED] - Object 'Object Repository/WebOffice_Home_page/a_Web Activity' is clickable

2020-04-27 14:04:59 - [TEST_STEP][PASSED] - click(findTestObject("Object Repository/WebOffice_Home_page/a_Web Activity")): Object: 'Object Repository/WebOffice_Home_page/a_Web Activity' is clicked on

2020-04-27 14:05:26 - [MESSAGE][PASSED] - Object: 'Object Repository/WebOffice_Home_page/a_Web Activity' is clicked on

2020-04-27 14:05:26 - [MESSAGE][PASSED] - Call Test Case 'Test Cases/Reusable_Test_Sequences/Web_Office/Navigation/Sub_Menu_Navigation/Reports/Web_Activity' successfully

2020-04-27 14:05:26 - [TEST_STEP][PASSED] - "--------------------------------------": null

2020-04-27 14:05:26 - [TEST_STEP][PASSED] - " Verify Returned Page Detail          |": null

2020-04-27 14:05:26 - [TEST_STEP][PASSED] - callTestCase(findTestCase("Reusable_Test_Sequences/Web_Office/Verification/Reports/Web_Activity"), [:], OPTIONAL): Call Test Case 'Test Cases/Reusable_Test_Sequences/Web_Office/Verification/Reports/Web_Activity' successfully

2020-04-27 14:05:26 - [TEST_CASE][PASSED] - Test Cases/Reusable_Test_Sequences/Web_Office/Verification/Reports/Web_Activity: Test Cases/Reusable_Test_Sequences/Web_Office/Verification/Reports/Web_Activity

2020-04-27 14:05:26 - [TEST_STEP][PASSED] - waitForPageLoad(120): Wait for page load successfully

2020-04-27 14:05:26 - [MESSAGE][PASSED] - Wait for page load successfully

2020-04-27 14:05:26 - [TEST_STEP][PASSED] - delay(1): Delayed 1 second(s)

2020-04-27 14:05:27 - [MESSAGE][PASSED] - Delayed 1 second(s)

2020-04-27 14:05:27 - [TEST_STEP][PASSED] - verifyTextPresent("Web Activity", false): Text 'Web Activity' is present on page 

2020-04-27 14:05:28 - [MESSAGE][PASSED] - Text 'Web Activity' is present on page 

2020-04-27 14:05:28 - [TEST_STEP][PASSED] - "----------------------------------------------": null

2020-04-27 14:05:28 - [TEST_STEP][PASSED] - verifyTextPresent("Recent Searches", false): Text 'Recent Searches' is present on page 

2020-04-27 14:05:28 - [MESSAGE][PASSED] - Text 'Recent Searches' is present on page 

2020-04-27 14:05:28 - [TEST_STEP][PASSED] - verifyTextPresent("Most Viewed Companies (in past 7 days)", false): Text 'Most Viewed Companies (in past 7 days)' is present on page 

2020-04-27 14:05:28 - [MESSAGE][PASSED] - Text 'Most Viewed Companies (in past 7 days)' is present on page 

2020-04-27 14:05:28 - [TEST_STEP][PASSED] - "----------------------------------------------": null

2020-04-27 14:05:28 - [TEST_STEP][PASSED] - "----------------------------------------------": null

2020-04-27 14:05:28 - [TEST_STEP][PASSED] - verifyTextPresent("Search on", false): Text 'Search on' is present on page 

2020-04-27 14:05:29 - [MESSAGE][PASSED] - Text 'Search on' is present on page 

2020-04-27 14:05:29 - [TEST_STEP][PASSED] - verifyTextPresent("Search for", false): Text 'Search for' is present on page 

2020-04-27 14:05:29 - [MESSAGE][PASSED] - Text 'Search for' is present on page 

2020-04-27 14:05:29 - [TEST_STEP][PASSED] - verifyTextPresent("In", false): Text 'In' is present on page 

2020-04-27 14:05:29 - [MESSAGE][PASSED] - Text 'In' is present on page 

2020-04-27 14:05:29 - [TEST_STEP][PASSED] - verifyTextPresent("No. Results", false): Text 'No. Results' is present on page 

2020-04-27 14:05:29 - [MESSAGE][PASSED] - Text 'No. Results' is present on page 

2020-04-27 14:05:29 - [TEST_STEP][PASSED] - verifyTextPresent("Company", false): Text 'Company' is present on page 

2020-04-27 14:05:30 - [MESSAGE][PASSED] - Text 'Company' is present on page 

2020-04-27 14:05:30 - [TEST_STEP][PASSED] - verifyTextPresent("From Search", false): Text 'From Search' is present on page 

2020-04-27 14:05:30 - [MESSAGE][PASSED] - Text 'From Search' is present on page 

2020-04-27 14:05:30 - [TEST_STEP][PASSED] - verifyTextPresent("Checkatrade", false): Text 'Checkatrade' is present on page 

2020-04-27 14:05:30 - [MESSAGE][PASSED] - Text 'Checkatrade' is present on page 

2020-04-27 14:05:30 - [TEST_STEP][PASSED] - verifyTextPresent("External Link", false): Text 'External Link' is present on page 

2020-04-27 14:05:30 - [MESSAGE][PASSED] - Text 'External Link' is present on page 

2020-04-27 14:05:30 - [TEST_STEP][PASSED] - verifyTextPresent("Other", false): Text 'Other' is present on page 

2020-04-27 14:05:31 - [MESSAGE][PASSED] - Text 'Other' is present on page 

2020-04-27 14:05:31 - [TEST_STEP][PASSED] - verifyTextPresent("Total", false): Text 'Total' is present on page 

2020-04-27 14:05:31 - [MESSAGE][PASSED] - Text 'Total' is present on page 

2020-04-27 14:05:31 - [TEST_STEP][PASSED] - "----------------------------------------------": null

2020-04-27 14:05:31 - [TEST_STEP][PASSED] - verifyTextPresent("Foster Tree Care", false): Text 'Foster Tree Care' is present on page 

2020-04-27 14:05:31 - [MESSAGE][PASSED] - Text 'Foster Tree Care' is present on page 

2020-04-27 14:05:31 - [TEST_STEP][PASSED] - verifyTextPresent("Burton Electrical Services", false): Text 'Burton Electrical Services' is present on page 

2020-04-27 14:05:31 - [MESSAGE][PASSED] - Text 'Burton Electrical Services' is present on page 

2020-04-27 14:05:31 - [MESSAGE][PASSED] - Call Test Case 'Test Cases/Reusable_Test_Sequences/Web_Office/Verification/Reports/Web_Activity' successfully

2020-04-27 14:05:31 - [TEST_STEP][PASSED] - "--------------------------": null

2020-04-27 14:05:31 - [TEST_STEP][PASSED] - " Teardown - CLose Browser |": null

2020-04-27 14:05:31 - [TEST_STEP][PASSED] - callTestCase(findTestCase("Reusable_Test_Sequences/CAT_Teardown"), [:], OPTIONAL): Call Test Case 'Test Cases/Reusable_Test_Sequences/CAT_Teardown' successfully

2020-04-27 14:05:31 - [TEST_CASE][PASSED] - Test Cases/Reusable_Test_Sequences/CAT_Teardown: Test Cases/Reusable_Test_Sequences/CAT_Teardown

2020-04-27 14:05:31 - [TEST_STEP][PASSED] - closeBrowser(): Browser is closed

2020-04-27 14:05:32 - [MESSAGE][PASSED] - Browser is closed

2020-04-27 14:05:32 - [TEST_STEP][PASSED] - super.finalize(): null

2020-04-27 14:05:32 - [TEST_STEP][PASSED] - System.gc(): null

2020-04-27 14:05:32 - [MESSAGE][PASSED] - Call Test Case 'Test Cases/Reusable_Test_Sequences/CAT_Teardown' successfully]]></system-out>
         <system-err><![CDATA[]]></system-err>
      </testcase>
      <testcase name="Test Cases/Web_Office/Reports/Company_Views" time="15.138" classname="Test Cases/Web_Office/Reports/Company_Views" status="PASSED">
         <system-out><![CDATA[2020-04-27 14:05:32 - [TEST_CASE][PASSED] - Test Cases/Web_Office/Reports/Company_Views: Test Cases/Web_Office/Reports/Company_Views

2020-04-27 14:05:32 - [TEST_STEP][PASSED] - "--------------------------------------": null

2020-04-27 14:05:32 - [TEST_STEP][PASSED] - " Web Office StartUp                  |": null

2020-04-27 14:05:32 - [TEST_STEP][PASSED] - callTestCase(findTestCase("Reusable_Test_Sequences/Web_Office/Directives/WebOffice_StartUp"), [:], STOP_ON_FAILURE): Call Test Case 'Test Cases/Reusable_Test_Sequences/Web_Office/Directives/WebOffice_StartUp' successfully

2020-04-27 14:05:32 - [TEST_CASE][PASSED] - Test Cases/Reusable_Test_Sequences/Web_Office/Directives/WebOffice_StartUp: Test Cases/Reusable_Test_Sequences/Web_Office/Directives/WebOffice_StartUp

2020-04-27 14:05:32 - [TEST_STEP][PASSED] - "-----------------------------------------------------------------------------": null

2020-04-27 14:05:32 - [TEST_STEP][PASSED] - if (URL == "https://www.dev.checkatrade.com/"): null

2020-04-27 14:05:32 - [TEST_STEP][PASSED] - "-----------------------------------------------------------------------------": null

2020-04-27 14:05:32 - [TEST_STEP][PASSED] - if (URL == "https://www.checkatrade.com/"): null

2020-04-27 14:05:32 - [TEST_STEP][PASSED] - "-----------------------------------------------------------------------------": null

2020-04-27 14:05:32 - [TEST_STEP][PASSED] - if (URL == "https://www.preview.checkatrade.com/"): null

2020-04-27 14:05:32 - [TEST_STEP][PASSED] - WebOfficeURL = "https://admin.preview.checkatrade.com/": null

2020-04-27 14:05:32 - [TEST_STEP][PASSED] - if (URL == "https://www.dev2.checkatrade.com/"): null

2020-04-27 14:05:32 - [TEST_STEP][PASSED] - "Set Function Area for "URL_Handler", URL Resolution": null

2020-04-27 14:05:32 - [TEST_STEP][PASSED] - "Do Some Magic with URL(s) See the comments within URL Handler ": null

2020-04-27 14:05:32 - [TEST_STEP][PASSED] - "------------------------------------------------": null

2020-04-27 14:05:32 - [TEST_STEP][PASSED] - "Moved Login Credentials to <Default> profile 22/01/2020": null

2020-04-27 14:05:32 - [TEST_STEP][PASSED] - "------------------------------------------------": null

2020-04-27 14:05:32 - [TEST_STEP][PASSED] - "WebOfficeURL - Set from the ENVIRONMENT PROFILE ": null

2020-04-27 14:05:32 - [TEST_STEP][PASSED] - "OPEN BROWSER": null

2020-04-27 14:05:32 - [TEST_STEP][PASSED] - "eg - https://admin.preview.checkatrade.com/  ": null

2020-04-27 14:05:32 - [TEST_STEP][PASSED] - openBrowser(WebOfficeURL): Browser is opened with url: 'https://admin.preview.checkatrade.com/'

2020-04-27 14:05:32 - [MESSAGE][INFO] - Starting 'Chrome' driver

2020-04-27 14:05:32 - [MESSAGE][INFO] - Action delay is set to 0 milliseconds

2020-04-27 14:05:37 - [MESSAGE][PASSED] - Browser is opened with url: 'https://admin.preview.checkatrade.com/'

2020-04-27 14:05:37 - [TEST_STEP][PASSED] - maximizeWindow(): Current window maximized

2020-04-27 14:05:39 - [MESSAGE][PASSED] - Current window maximized

2020-04-27 14:05:39 - [TEST_STEP][PASSED] - waitForElementClickable(findTestObject("Object Repository/WebOffice/Page_Checkatrade - Administration - Login/Login_Button"), 25): Object 'Object Repository/WebOffice/Page_Checkatrade - Administration - Login/Login_Button' is clickable

2020-04-27 14:05:40 - [MESSAGE][PASSED] - Object 'Object Repository/WebOffice/Page_Checkatrade - Administration - Login/Login_Button' is clickable

2020-04-27 14:05:40 - [TEST_STEP][PASSED] - verifyTextPresent("Checkatrade Web Office", false): Text 'Checkatrade Web Office' is present on page 

2020-04-27 14:05:40 - [MESSAGE][PASSED] - Text 'Checkatrade Web Office' is present on page 

2020-04-27 14:05:40 - [TEST_STEP][PASSED] - verifyTextPresent("Access for staff use only", false): Text 'Access for staff use only' is present on page 

2020-04-27 14:05:40 - [MESSAGE][PASSED] - Text 'Access for staff use only' is present on page 

2020-04-27 14:05:40 - [TEST_STEP][PASSED] - verifyTextPresent("Forgotten password?", false): Text 'Forgotten password?' is present on page 

2020-04-27 14:05:40 - [MESSAGE][PASSED] - Text 'Forgotten password?' is present on page 

2020-04-27 14:05:40 - [TEST_STEP][PASSED] - setText(findTestObject("Object Repository/WebOffice/Page_Checkatrade - Administration - Login/input_Username_LoginControlUserName"), wo_Username): Text 'DavidHo' is set on object 'Object Repository/WebOffice/Page_Checkatrade - Administration - Login/input_Username_LoginControlUserName'

2020-04-27 14:05:40 - [MESSAGE][PASSED] - Text 'DavidHo' is set on object 'Object Repository/WebOffice/Page_Checkatrade - Administration - Login/input_Username_LoginControlUserName'

2020-04-27 14:05:40 - [TEST_STEP][PASSED] - setText(findTestObject("Object Repository/WebOffice/Page_Checkatrade - Administration - Login/input_Password_LoginControlPassword"), wo_Password): Text 'Check123' is set on object 'Object Repository/WebOffice/Page_Checkatrade - Administration - Login/input_Password_LoginControlPassword'

2020-04-27 14:05:40 - [MESSAGE][PASSED] - Text 'Check123' is set on object 'Object Repository/WebOffice/Page_Checkatrade - Administration - Login/input_Password_LoginControlPassword'

2020-04-27 14:05:40 - [TEST_STEP][PASSED] - click(findTestObject("Object Repository/WebOffice/Page_Checkatrade - Administration - Login/Login_Button")): Object: 'Object Repository/WebOffice/Page_Checkatrade - Administration - Login/Login_Button' is clicked on

2020-04-27 14:05:41 - [MESSAGE][PASSED] - Object: 'Object Repository/WebOffice/Page_Checkatrade - Administration - Login/Login_Button' is clicked on

2020-04-27 14:05:41 - [TEST_STEP][PASSED] - waitForPageLoad(60): Wait for page load successfully

2020-04-27 14:05:41 - [MESSAGE][PASSED] - Wait for page load successfully

2020-04-27 14:05:41 - [TEST_STEP][PASSED] - verifyTextPresent("Welcome " + wo_Username, false): Text 'Welcome DavidHo' is present on page 

2020-04-27 14:05:41 - [MESSAGE][PASSED] - Text 'Welcome DavidHo' is present on page 

2020-04-27 14:05:41 - [MESSAGE][PASSED] - Call Test Case 'Test Cases/Reusable_Test_Sequences/Web_Office/Directives/WebOffice_StartUp' successfully

2020-04-27 14:05:41 - [TEST_STEP][PASSED] - "-----------------------------------------------------------------": null

2020-04-27 14:05:41 - [TEST_STEP][PASSED] - " Navigate to <Settings->Checkatrade.Com->Sub Item> Menu Item     |": null

2020-04-27 14:05:41 - [TEST_STEP][PASSED] - callTestCase(findTestCase("Reusable_Test_Sequences/Web_Office/Navigation/Sub_Menu_Navigation/Reports/Company_Views"), [:], STOP_ON_FAILURE): Call Test Case 'Test Cases/Reusable_Test_Sequences/Web_Office/Navigation/Sub_Menu_Navigation/Reports/Company_Views' successfully

2020-04-27 14:05:41 - [TEST_CASE][PASSED] - Test Cases/Reusable_Test_Sequences/Web_Office/Navigation/Sub_Menu_Navigation/Reports/Company_Views: Test Cases/Reusable_Test_Sequences/Web_Office/Navigation/Sub_Menu_Navigation/Reports/Company_Views

2020-04-27 14:05:42 - [TEST_STEP][PASSED] - "--------------------------------------": null

2020-04-27 14:05:42 - [TEST_STEP][PASSED] - " Navigate Top level menu Item         |": null

2020-04-27 14:05:42 - [TEST_STEP][PASSED] - waitForPageLoad(60): Wait for page load successfully

2020-04-27 14:05:42 - [MESSAGE][PASSED] - Wait for page load successfully

2020-04-27 14:05:42 - [TEST_STEP][PASSED] - waitForElementClickable(findTestObject("Object Repository/WebOffice_Home_page/a_Reports"), 60): Object 'Object Repository/WebOffice_Home_page/a_Reports' is clickable

2020-04-27 14:05:42 - [MESSAGE][PASSED] - Object 'Object Repository/WebOffice_Home_page/a_Reports' is clickable

2020-04-27 14:05:42 - [TEST_STEP][PASSED] - mouseOver(findTestObject("Object Repository/WebOffice_Home_page/a_Reports")): Object: 'Object Repository/WebOffice_Home_page/a_Reports' is hovered

2020-04-27 14:05:42 - [MESSAGE][PASSED] - Object: 'Object Repository/WebOffice_Home_page/a_Reports' is hovered

2020-04-27 14:05:42 - [TEST_STEP][PASSED] - mouseOver(findTestObject("Object Repository/WebOffice_Home_page/Page_/a_Consumers")): Object: 'Object Repository/WebOffice_Home_page/Page_/a_Consumers' is hovered

2020-04-27 14:05:42 - [MESSAGE][PASSED] - Object: 'Object Repository/WebOffice_Home_page/Page_/a_Consumers' is hovered

2020-04-27 14:05:42 - [TEST_STEP][PASSED] - waitForPageLoad(5): Wait for page load successfully

2020-04-27 14:05:42 - [MESSAGE][PASSED] - Wait for page load successfully

2020-04-27 14:05:42 - [TEST_STEP][PASSED] - waitForElementClickable(findTestObject("Object Repository/WebOffice_Home_page/a_Company Views"), 5): Object 'Object Repository/WebOffice_Home_page/a_Company Views' is clickable

2020-04-27 14:05:42 - [MESSAGE][PASSED] - Object 'Object Repository/WebOffice_Home_page/a_Company Views' is clickable

2020-04-27 14:05:42 - [TEST_STEP][PASSED] - click(findTestObject("Object Repository/WebOffice_Home_page/a_Company Views")): Object: 'Object Repository/WebOffice_Home_page/a_Company Views' is clicked on

2020-04-27 14:05:43 - [MESSAGE][PASSED] - Object: 'Object Repository/WebOffice_Home_page/a_Company Views' is clicked on

2020-04-27 14:05:43 - [MESSAGE][PASSED] - Call Test Case 'Test Cases/Reusable_Test_Sequences/Web_Office/Navigation/Sub_Menu_Navigation/Reports/Company_Views' successfully

2020-04-27 14:05:43 - [TEST_STEP][PASSED] - "--------------------------------------": null

2020-04-27 14:05:43 - [TEST_STEP][PASSED] - " Verify Returned Page Detail          |": null

2020-04-27 14:05:43 - [TEST_STEP][PASSED] - callTestCase(findTestCase("Reusable_Test_Sequences/Web_Office/Verification/Reports/Company_Views"), [:], OPTIONAL): Call Test Case 'Test Cases/Reusable_Test_Sequences/Web_Office/Verification/Reports/Company_Views' successfully

2020-04-27 14:05:43 - [TEST_CASE][PASSED] - Test Cases/Reusable_Test_Sequences/Web_Office/Verification/Reports/Company_Views: Test Cases/Reusable_Test_Sequences/Web_Office/Verification/Reports/Company_Views

2020-04-27 14:05:43 - [TEST_STEP][PASSED] - waitForPageLoad(120): Wait for page load successfully

2020-04-27 14:05:43 - [MESSAGE][PASSED] - Wait for page load successfully

2020-04-27 14:05:43 - [TEST_STEP][PASSED] - delay(1): Delayed 1 second(s)

2020-04-27 14:05:44 - [MESSAGE][PASSED] - Delayed 1 second(s)

2020-04-27 14:05:44 - [TEST_STEP][PASSED] - verifyTextPresent("Company Viewing History", false): Text 'Company Viewing History' is present on page 

2020-04-27 14:05:44 - [MESSAGE][PASSED] - Text 'Company Viewing History' is present on page 

2020-04-27 14:05:44 - [TEST_STEP][PASSED] - "----------------------------------------------": null

2020-04-27 14:05:44 - [TEST_STEP][PASSED] - verifyTextPresent("From", false): Text 'From' is present on page 

2020-04-27 14:05:45 - [MESSAGE][PASSED] - Text 'From' is present on page 

2020-04-27 14:05:45 - [TEST_STEP][PASSED] - verifyTextPresent("Select Company", false): Text 'Select Company' is present on page 

2020-04-27 14:05:45 - [MESSAGE][PASSED] - Text 'Select Company' is present on page 

2020-04-27 14:05:45 - [TEST_STEP][PASSED] - "----------------------------------------------": null

2020-04-27 14:05:45 - [TEST_STEP][PASSED] - "----------------------------------------------": null

2020-04-27 14:05:45 - [TEST_STEP][PASSED] - verifyTextPresent("Company", false): Text 'Company' is present on page 

2020-04-27 14:05:45 - [MESSAGE][PASSED] - Text 'Company' is present on page 

2020-04-27 14:05:45 - [TEST_STEP][PASSED] - verifyTextPresent("From Search", false): Text 'From Search' is present on page 

2020-04-27 14:05:45 - [MESSAGE][PASSED] - Text 'From Search' is present on page 

2020-04-27 14:05:45 - [TEST_STEP][PASSED] - verifyTextPresent("Checkatrade", false): Text 'Checkatrade' is present on page 

2020-04-27 14:05:45 - [MESSAGE][PASSED] - Text 'Checkatrade' is present on page 

2020-04-27 14:05:45 - [TEST_STEP][PASSED] - verifyTextPresent("External Link", false): Text 'External Link' is present on page 

2020-04-27 14:05:46 - [MESSAGE][PASSED] - Text 'External Link' is present on page 

2020-04-27 14:05:46 - [TEST_STEP][PASSED] - verifyTextPresent("Other", false): Text 'Other' is present on page 

2020-04-27 14:05:46 - [MESSAGE][PASSED] - Text 'Other' is present on page 

2020-04-27 14:05:46 - [TEST_STEP][PASSED] - verifyTextPresent("Total", false): Text 'Total' is present on page 

2020-04-27 14:05:46 - [MESSAGE][PASSED] - Text 'Total' is present on page 

2020-04-27 14:05:46 - [TEST_STEP][PASSED] - "----------------------------------------------": null

2020-04-27 14:05:46 - [TEST_STEP][PASSED] - verifyTextPresent("Foster Tree Care", false): Text 'Foster Tree Care' is present on page 

2020-04-27 14:05:46 - [MESSAGE][PASSED] - Text 'Foster Tree Care' is present on page 

2020-04-27 14:05:46 - [MESSAGE][PASSED] - Call Test Case 'Test Cases/Reusable_Test_Sequences/Web_Office/Verification/Reports/Company_Views' successfully

2020-04-27 14:05:46 - [TEST_STEP][PASSED] - "--------------------------": null

2020-04-27 14:05:46 - [TEST_STEP][PASSED] - " Teardown - CLose Browser |": null

2020-04-27 14:05:46 - [TEST_STEP][PASSED] - callTestCase(findTestCase("Reusable_Test_Sequences/CAT_Teardown"), [:], OPTIONAL): Call Test Case 'Test Cases/Reusable_Test_Sequences/CAT_Teardown' successfully

2020-04-27 14:05:46 - [TEST_CASE][PASSED] - Test Cases/Reusable_Test_Sequences/CAT_Teardown: Test Cases/Reusable_Test_Sequences/CAT_Teardown

2020-04-27 14:05:46 - [TEST_STEP][PASSED] - closeBrowser(): Browser is closed

2020-04-27 14:05:47 - [MESSAGE][PASSED] - Browser is closed

2020-04-27 14:05:47 - [TEST_STEP][PASSED] - super.finalize(): null

2020-04-27 14:05:47 - [TEST_STEP][PASSED] - System.gc(): null

2020-04-27 14:05:47 - [MESSAGE][PASSED] - Call Test Case 'Test Cases/Reusable_Test_Sequences/CAT_Teardown' successfully]]></system-out>
         <system-err><![CDATA[]]></system-err>
      </testcase>
      <testcase name="Test Cases/Web_Office/Reports/Company_Website_Status_Changes_Consumers" time="21.004" classname="Test Cases/Web_Office/Reports/Company_Website_Status_Changes_Consumers" status="PASSED">
         <system-out><![CDATA[2020-04-27 14:05:47 - [TEST_CASE][PASSED] - Test Cases/Web_Office/Reports/Company_Website_Status_Changes_Consumers: Test Cases/Web_Office/Reports/Company_Website_Status_Changes_Consumers

2020-04-27 14:05:48 - [TEST_STEP][PASSED] - "--------------------------------------": null

2020-04-27 14:05:48 - [TEST_STEP][PASSED] - " Web Office StartUp                  |": null

2020-04-27 14:05:48 - [TEST_STEP][PASSED] - callTestCase(findTestCase("Reusable_Test_Sequences/Web_Office/Directives/WebOffice_StartUp"), [:], STOP_ON_FAILURE): Call Test Case 'Test Cases/Reusable_Test_Sequences/Web_Office/Directives/WebOffice_StartUp' successfully

2020-04-27 14:05:48 - [TEST_CASE][PASSED] - Test Cases/Reusable_Test_Sequences/Web_Office/Directives/WebOffice_StartUp: Test Cases/Reusable_Test_Sequences/Web_Office/Directives/WebOffice_StartUp

2020-04-27 14:05:48 - [TEST_STEP][PASSED] - "-----------------------------------------------------------------------------": null

2020-04-27 14:05:48 - [TEST_STEP][PASSED] - if (URL == "https://www.dev.checkatrade.com/"): null

2020-04-27 14:05:48 - [TEST_STEP][PASSED] - "-----------------------------------------------------------------------------": null

2020-04-27 14:05:48 - [TEST_STEP][PASSED] - if (URL == "https://www.checkatrade.com/"): null

2020-04-27 14:05:48 - [TEST_STEP][PASSED] - "-----------------------------------------------------------------------------": null

2020-04-27 14:05:48 - [TEST_STEP][PASSED] - if (URL == "https://www.preview.checkatrade.com/"): null

2020-04-27 14:05:48 - [TEST_STEP][PASSED] - WebOfficeURL = "https://admin.preview.checkatrade.com/": null

2020-04-27 14:05:48 - [TEST_STEP][PASSED] - if (URL == "https://www.dev2.checkatrade.com/"): null

2020-04-27 14:05:48 - [TEST_STEP][PASSED] - "Set Function Area for "URL_Handler", URL Resolution": null

2020-04-27 14:05:48 - [TEST_STEP][PASSED] - "Do Some Magic with URL(s) See the comments within URL Handler ": null

2020-04-27 14:05:48 - [TEST_STEP][PASSED] - "------------------------------------------------": null

2020-04-27 14:05:48 - [TEST_STEP][PASSED] - "Moved Login Credentials to <Default> profile 22/01/2020": null

2020-04-27 14:05:48 - [TEST_STEP][PASSED] - "------------------------------------------------": null

2020-04-27 14:05:48 - [TEST_STEP][PASSED] - "WebOfficeURL - Set from the ENVIRONMENT PROFILE ": null

2020-04-27 14:05:48 - [TEST_STEP][PASSED] - "OPEN BROWSER": null

2020-04-27 14:05:48 - [TEST_STEP][PASSED] - "eg - https://admin.preview.checkatrade.com/  ": null

2020-04-27 14:05:48 - [TEST_STEP][PASSED] - openBrowser(WebOfficeURL): Browser is opened with url: 'https://admin.preview.checkatrade.com/'

2020-04-27 14:05:48 - [MESSAGE][INFO] - Starting 'Chrome' driver

2020-04-27 14:05:48 - [MESSAGE][INFO] - Action delay is set to 0 milliseconds

2020-04-27 14:05:54 - [MESSAGE][PASSED] - Browser is opened with url: 'https://admin.preview.checkatrade.com/'

2020-04-27 14:05:54 - [TEST_STEP][PASSED] - maximizeWindow(): Current window maximized

2020-04-27 14:05:56 - [MESSAGE][PASSED] - Current window maximized

2020-04-27 14:05:56 - [TEST_STEP][PASSED] - waitForElementClickable(findTestObject("Object Repository/WebOffice/Page_Checkatrade - Administration - Login/Login_Button"), 25): Object 'Object Repository/WebOffice/Page_Checkatrade - Administration - Login/Login_Button' is clickable

2020-04-27 14:05:56 - [MESSAGE][PASSED] - Object 'Object Repository/WebOffice/Page_Checkatrade - Administration - Login/Login_Button' is clickable

2020-04-27 14:05:56 - [TEST_STEP][PASSED] - verifyTextPresent("Checkatrade Web Office", false): Text 'Checkatrade Web Office' is present on page 

2020-04-27 14:05:56 - [MESSAGE][PASSED] - Text 'Checkatrade Web Office' is present on page 

2020-04-27 14:05:56 - [TEST_STEP][PASSED] - verifyTextPresent("Access for staff use only", false): Text 'Access for staff use only' is present on page 

2020-04-27 14:05:56 - [MESSAGE][PASSED] - Text 'Access for staff use only' is present on page 

2020-04-27 14:05:56 - [TEST_STEP][PASSED] - verifyTextPresent("Forgotten password?", false): Text 'Forgotten password?' is present on page 

2020-04-27 14:05:56 - [MESSAGE][PASSED] - Text 'Forgotten password?' is present on page 

2020-04-27 14:05:56 - [TEST_STEP][PASSED] - setText(findTestObject("Object Repository/WebOffice/Page_Checkatrade - Administration - Login/input_Username_LoginControlUserName"), wo_Username): Text 'DavidHo' is set on object 'Object Repository/WebOffice/Page_Checkatrade - Administration - Login/input_Username_LoginControlUserName'

2020-04-27 14:05:57 - [MESSAGE][PASSED] - Text 'DavidHo' is set on object 'Object Repository/WebOffice/Page_Checkatrade - Administration - Login/input_Username_LoginControlUserName'

2020-04-27 14:05:57 - [TEST_STEP][PASSED] - setText(findTestObject("Object Repository/WebOffice/Page_Checkatrade - Administration - Login/input_Password_LoginControlPassword"), wo_Password): Text 'Check123' is set on object 'Object Repository/WebOffice/Page_Checkatrade - Administration - Login/input_Password_LoginControlPassword'

2020-04-27 14:05:57 - [MESSAGE][PASSED] - Text 'Check123' is set on object 'Object Repository/WebOffice/Page_Checkatrade - Administration - Login/input_Password_LoginControlPassword'

2020-04-27 14:05:57 - [TEST_STEP][PASSED] - click(findTestObject("Object Repository/WebOffice/Page_Checkatrade - Administration - Login/Login_Button")): Object: 'Object Repository/WebOffice/Page_Checkatrade - Administration - Login/Login_Button' is clicked on

2020-04-27 14:05:57 - [MESSAGE][PASSED] - Object: 'Object Repository/WebOffice/Page_Checkatrade - Administration - Login/Login_Button' is clicked on

2020-04-27 14:05:57 - [TEST_STEP][PASSED] - waitForPageLoad(60): Wait for page load successfully

2020-04-27 14:05:57 - [MESSAGE][PASSED] - Wait for page load successfully

2020-04-27 14:05:57 - [TEST_STEP][PASSED] - verifyTextPresent("Welcome " + wo_Username, false): Text 'Welcome DavidHo' is present on page 

2020-04-27 14:05:58 - [MESSAGE][PASSED] - Text 'Welcome DavidHo' is present on page 

2020-04-27 14:05:58 - [MESSAGE][PASSED] - Call Test Case 'Test Cases/Reusable_Test_Sequences/Web_Office/Directives/WebOffice_StartUp' successfully

2020-04-27 14:05:58 - [TEST_STEP][PASSED] - "-----------------------------------------------------------------": null

2020-04-27 14:05:58 - [TEST_STEP][PASSED] - " Navigate to <Settings->Checkatrade.Com->Sub Item> Menu Item     |": null

2020-04-27 14:05:58 - [TEST_STEP][PASSED] - callTestCase(findTestCase("Reusable_Test_Sequences/Web_Office/Navigation/Sub_Menu_Navigation/Reports/Company_Website_Status_Changes_Consumers"), [:], STOP_ON_FAILURE): Call Test Case 'Test Cases/Reusable_Test_Sequences/Web_Office/Navigation/Sub_Menu_Navigation/Reports/Company_Website_Status_Changes_Consumers' successfully

2020-04-27 14:05:58 - [TEST_CASE][PASSED] - Test Cases/Reusable_Test_Sequences/Web_Office/Navigation/Sub_Menu_Navigation/Reports/Company_Website_Status_Changes_Consumers: Test Cases/Reusable_Test_Sequences/Web_Office/Navigation/Sub_Menu_Navigation/Reports/Company_Website_Status_Changes_Consumers

2020-04-27 14:05:58 - [TEST_STEP][PASSED] - "--------------------------------------": null

2020-04-27 14:05:58 - [TEST_STEP][PASSED] - " Navigate Top level menu Item         |": null

2020-04-27 14:05:58 - [TEST_STEP][PASSED] - waitForPageLoad(60): Wait for page load successfully

2020-04-27 14:05:58 - [MESSAGE][PASSED] - Wait for page load successfully

2020-04-27 14:05:58 - [TEST_STEP][PASSED] - waitForElementClickable(findTestObject("Object Repository/WebOffice_Home_page/a_Reports"), 60): Object 'Object Repository/WebOffice_Home_page/a_Reports' is clickable

2020-04-27 14:05:58 - [MESSAGE][PASSED] - Object 'Object Repository/WebOffice_Home_page/a_Reports' is clickable

2020-04-27 14:05:58 - [TEST_STEP][PASSED] - mouseOver(findTestObject("Object Repository/WebOffice_Home_page/a_Reports")): Object: 'Object Repository/WebOffice_Home_page/a_Reports' is hovered

2020-04-27 14:05:58 - [MESSAGE][PASSED] - Object: 'Object Repository/WebOffice_Home_page/a_Reports' is hovered

2020-04-27 14:05:58 - [TEST_STEP][PASSED] - click(findTestObject("Object Repository/WebOffice_Home_page/Page_/a_Consumers")): Object: 'Object Repository/WebOffice_Home_page/Page_/a_Consumers' is clicked on

2020-04-27 14:05:59 - [MESSAGE][PASSED] - Object: 'Object Repository/WebOffice_Home_page/Page_/a_Consumers' is clicked on

2020-04-27 14:05:59 - [TEST_STEP][PASSED] - waitForPageLoad(5): Wait for page load successfully

2020-04-27 14:05:59 - [MESSAGE][PASSED] - Wait for page load successfully

2020-04-27 14:05:59 - [TEST_STEP][PASSED] - waitForElementClickable(findTestObject("Object Repository/WebOffice_Home_page/a_Company Website Status Changes"), 5): Object 'Object Repository/WebOffice_Home_page/a_Company Website Status Changes' is clickable

2020-04-27 14:05:59 - [MESSAGE][PASSED] - Object 'Object Repository/WebOffice_Home_page/a_Company Website Status Changes' is clickable

2020-04-27 14:05:59 - [TEST_STEP][PASSED] - click(findTestObject("Object Repository/WebOffice_Home_page/a_Company Website Status Changes")): Object: 'Object Repository/WebOffice_Home_page/a_Company Website Status Changes' is clicked on

2020-04-27 14:06:03 - [MESSAGE][PASSED] - Object: 'Object Repository/WebOffice_Home_page/a_Company Website Status Changes' is clicked on

2020-04-27 14:06:03 - [MESSAGE][PASSED] - Call Test Case 'Test Cases/Reusable_Test_Sequences/Web_Office/Navigation/Sub_Menu_Navigation/Reports/Company_Website_Status_Changes_Consumers' successfully

2020-04-27 14:06:03 - [TEST_STEP][PASSED] - "--------------------------------------": null

2020-04-27 14:06:03 - [TEST_STEP][PASSED] - " Verify Returned Page Detail          |": null

2020-04-27 14:06:03 - [TEST_STEP][PASSED] - callTestCase(findTestCase("Reusable_Test_Sequences/Web_Office/Verification/Reports/Company_Website_Status_Changes"), [:], OPTIONAL): Call Test Case 'Test Cases/Reusable_Test_Sequences/Web_Office/Verification/Reports/Company_Website_Status_Changes' successfully

2020-04-27 14:06:04 - [TEST_CASE][PASSED] - Test Cases/Reusable_Test_Sequences/Web_Office/Verification/Reports/Company_Website_Status_Changes: Test Cases/Reusable_Test_Sequences/Web_Office/Verification/Reports/Company_Website_Status_Changes

2020-04-27 14:06:04 - [TEST_STEP][PASSED] - waitForPageLoad(120): Wait for page load successfully

2020-04-27 14:06:04 - [MESSAGE][PASSED] - Wait for page load successfully

2020-04-27 14:06:04 - [TEST_STEP][PASSED] - delay(1): Delayed 1 second(s)

2020-04-27 14:06:05 - [MESSAGE][PASSED] - Delayed 1 second(s)

2020-04-27 14:06:05 - [TEST_STEP][PASSED] - verifyTextPresent("Company Website Status Change Report", false): Text 'Company Website Status Change Report' is present on page 

2020-04-27 14:06:05 - [MESSAGE][PASSED] - Text 'Company Website Status Change Report' is present on page 

2020-04-27 14:06:05 - [TEST_STEP][PASSED] - "----------------------------------------------": null

2020-04-27 14:06:05 - [TEST_STEP][PASSED] - verifyTextPresent("All Available Dates:", false): Text 'All Available Dates:' is present on page 

2020-04-27 14:06:06 - [MESSAGE][PASSED] - Text 'All Available Dates:' is present on page 

2020-04-27 14:06:06 - [TEST_STEP][PASSED] - verifyTextPresent("Total no. companies", false): Text 'Total no. companies' is present on page 

2020-04-27 14:06:06 - [MESSAGE][PASSED] - Text 'Total no. companies' is present on page 

2020-04-27 14:06:06 - [TEST_STEP][PASSED] - "----------------------------------------------": null

2020-04-27 14:06:06 - [TEST_STEP][PASSED] - "----------------------------------------------": null

2020-04-27 14:06:06 - [TEST_STEP][PASSED] - verifyTextPresent("Company", false): Text 'Company' is present on page 

2020-04-27 14:06:06 - [MESSAGE][PASSED] - Text 'Company' is present on page 

2020-04-27 14:06:06 - [TEST_STEP][PASSED] - verifyTextPresent("Status", false): Text 'Status' is present on page 

2020-04-27 14:06:06 - [MESSAGE][PASSED] - Text 'Status' is present on page 

2020-04-27 14:06:06 - [TEST_STEP][PASSED] - verifyTextPresent("Description", false): Text 'Description' is present on page 

2020-04-27 14:06:06 - [MESSAGE][PASSED] - Text 'Description' is present on page 

2020-04-27 14:06:06 - [TEST_STEP][PASSED] - verifyTextPresent("Date Changed", false): Text 'Date Changed' is present on page 

2020-04-27 14:06:07 - [MESSAGE][PASSED] - Text 'Date Changed' is present on page 

2020-04-27 14:06:07 - [TEST_STEP][PASSED] - "----------------------------------------------": null

2020-04-27 14:06:07 - [TEST_STEP][PASSED] - "----------------------------------------------": null

2020-04-27 14:06:07 - [TEST_STEP][PASSED] - "----------------------------------------------": null

2020-04-27 14:06:07 - [TEST_STEP][PASSED] - verifyTextPresent("Added to Website", false): Text 'Added to Website' is present on page 

2020-04-27 14:06:07 - [MESSAGE][PASSED] - Text 'Added to Website' is present on page 

2020-04-27 14:06:07 - [TEST_STEP][PASSED] - verifyTextPresent("Removed from website", false): Text 'Removed from website' is present on page 

2020-04-27 14:06:07 - [MESSAGE][PASSED] - Text 'Removed from website' is present on page 

2020-04-27 14:06:07 - [MESSAGE][PASSED] - Call Test Case 'Test Cases/Reusable_Test_Sequences/Web_Office/Verification/Reports/Company_Website_Status_Changes' successfully

2020-04-27 14:06:07 - [TEST_STEP][PASSED] - "--------------------------": null

2020-04-27 14:06:07 - [TEST_STEP][PASSED] - " Teardown - CLose Browser |": null

2020-04-27 14:06:07 - [TEST_STEP][PASSED] - callTestCase(findTestCase("Reusable_Test_Sequences/CAT_Teardown"), [:], OPTIONAL): Call Test Case 'Test Cases/Reusable_Test_Sequences/CAT_Teardown' successfully

2020-04-27 14:06:07 - [TEST_CASE][PASSED] - Test Cases/Reusable_Test_Sequences/CAT_Teardown: Test Cases/Reusable_Test_Sequences/CAT_Teardown

2020-04-27 14:06:07 - [TEST_STEP][PASSED] - closeBrowser(): Browser is closed

2020-04-27 14:06:08 - [MESSAGE][PASSED] - Browser is closed

2020-04-27 14:06:08 - [TEST_STEP][PASSED] - super.finalize(): null

2020-04-27 14:06:08 - [TEST_STEP][PASSED] - System.gc(): null

2020-04-27 14:06:08 - [MESSAGE][PASSED] - Call Test Case 'Test Cases/Reusable_Test_Sequences/CAT_Teardown' successfully]]></system-out>
         <system-err><![CDATA[]]></system-err>
      </testcase>
      <testcase name="Test Cases/Web_Office/Reports/Directory_Preferences" time="419.013" classname="Test Cases/Web_Office/Reports/Directory_Preferences" status="PASSED">
         <system-out><![CDATA[2020-04-27 14:06:08 - [TEST_CASE][PASSED] - Test Cases/Web_Office/Reports/Directory_Preferences: Test Cases/Web_Office/Reports/Directory_Preferences

2020-04-27 14:06:09 - [TEST_STEP][PASSED] - "--------------------------------------": null

2020-04-27 14:06:09 - [TEST_STEP][PASSED] - " Web Office StartUp                  |": null

2020-04-27 14:06:09 - [TEST_STEP][PASSED] - callTestCase(findTestCase("Reusable_Test_Sequences/Web_Office/Directives/WebOffice_StartUp"), [:], STOP_ON_FAILURE): Call Test Case 'Test Cases/Reusable_Test_Sequences/Web_Office/Directives/WebOffice_StartUp' successfully

2020-04-27 14:06:09 - [TEST_CASE][PASSED] - Test Cases/Reusable_Test_Sequences/Web_Office/Directives/WebOffice_StartUp: Test Cases/Reusable_Test_Sequences/Web_Office/Directives/WebOffice_StartUp

2020-04-27 14:06:09 - [TEST_STEP][PASSED] - "-----------------------------------------------------------------------------": null

2020-04-27 14:06:09 - [TEST_STEP][PASSED] - if (URL == "https://www.dev.checkatrade.com/"): null

2020-04-27 14:06:09 - [TEST_STEP][PASSED] - "-----------------------------------------------------------------------------": null

2020-04-27 14:06:09 - [TEST_STEP][PASSED] - if (URL == "https://www.checkatrade.com/"): null

2020-04-27 14:06:09 - [TEST_STEP][PASSED] - "-----------------------------------------------------------------------------": null

2020-04-27 14:06:09 - [TEST_STEP][PASSED] - if (URL == "https://www.preview.checkatrade.com/"): null

2020-04-27 14:06:09 - [TEST_STEP][PASSED] - WebOfficeURL = "https://admin.preview.checkatrade.com/": null

2020-04-27 14:06:09 - [TEST_STEP][PASSED] - if (URL == "https://www.dev2.checkatrade.com/"): null

2020-04-27 14:06:09 - [TEST_STEP][PASSED] - "Set Function Area for "URL_Handler", URL Resolution": null

2020-04-27 14:06:09 - [TEST_STEP][PASSED] - "Do Some Magic with URL(s) See the comments within URL Handler ": null

2020-04-27 14:06:09 - [TEST_STEP][PASSED] - "------------------------------------------------": null

2020-04-27 14:06:09 - [TEST_STEP][PASSED] - "Moved Login Credentials to <Default> profile 22/01/2020": null

2020-04-27 14:06:09 - [TEST_STEP][PASSED] - "------------------------------------------------": null

2020-04-27 14:06:09 - [TEST_STEP][PASSED] - "WebOfficeURL - Set from the ENVIRONMENT PROFILE ": null

2020-04-27 14:06:09 - [TEST_STEP][PASSED] - "OPEN BROWSER": null

2020-04-27 14:06:09 - [TEST_STEP][PASSED] - "eg - https://admin.preview.checkatrade.com/  ": null

2020-04-27 14:06:09 - [TEST_STEP][PASSED] - openBrowser(WebOfficeURL): Browser is opened with url: 'https://admin.preview.checkatrade.com/'

2020-04-27 14:06:09 - [MESSAGE][INFO] - Starting 'Chrome' driver

2020-04-27 14:06:09 - [MESSAGE][INFO] - Action delay is set to 0 milliseconds

2020-04-27 14:06:14 - [MESSAGE][PASSED] - Browser is opened with url: 'https://admin.preview.checkatrade.com/'

2020-04-27 14:06:14 - [TEST_STEP][PASSED] - maximizeWindow(): Current window maximized

2020-04-27 14:06:16 - [MESSAGE][PASSED] - Current window maximized

2020-04-27 14:06:16 - [TEST_STEP][PASSED] - waitForElementClickable(findTestObject("Object Repository/WebOffice/Page_Checkatrade - Administration - Login/Login_Button"), 25): Object 'Object Repository/WebOffice/Page_Checkatrade - Administration - Login/Login_Button' is clickable

2020-04-27 14:06:16 - [MESSAGE][PASSED] - Object 'Object Repository/WebOffice/Page_Checkatrade - Administration - Login/Login_Button' is clickable

2020-04-27 14:06:16 - [TEST_STEP][PASSED] - verifyTextPresent("Checkatrade Web Office", false): Text 'Checkatrade Web Office' is present on page 

2020-04-27 14:06:16 - [MESSAGE][PASSED] - Text 'Checkatrade Web Office' is present on page 

2020-04-27 14:06:16 - [TEST_STEP][PASSED] - verifyTextPresent("Access for staff use only", false): Text 'Access for staff use only' is present on page 

2020-04-27 14:06:16 - [MESSAGE][PASSED] - Text 'Access for staff use only' is present on page 

2020-04-27 14:06:16 - [TEST_STEP][PASSED] - verifyTextPresent("Forgotten password?", false): Text 'Forgotten password?' is present on page 

2020-04-27 14:06:16 - [MESSAGE][PASSED] - Text 'Forgotten password?' is present on page 

2020-04-27 14:06:16 - [TEST_STEP][PASSED] - setText(findTestObject("Object Repository/WebOffice/Page_Checkatrade - Administration - Login/input_Username_LoginControlUserName"), wo_Username): Text 'DavidHo' is set on object 'Object Repository/WebOffice/Page_Checkatrade - Administration - Login/input_Username_LoginControlUserName'

2020-04-27 14:06:17 - [MESSAGE][PASSED] - Text 'DavidHo' is set on object 'Object Repository/WebOffice/Page_Checkatrade - Administration - Login/input_Username_LoginControlUserName'

2020-04-27 14:06:17 - [TEST_STEP][PASSED] - setText(findTestObject("Object Repository/WebOffice/Page_Checkatrade - Administration - Login/input_Password_LoginControlPassword"), wo_Password): Text 'Check123' is set on object 'Object Repository/WebOffice/Page_Checkatrade - Administration - Login/input_Password_LoginControlPassword'

2020-04-27 14:06:17 - [MESSAGE][PASSED] - Text 'Check123' is set on object 'Object Repository/WebOffice/Page_Checkatrade - Administration - Login/input_Password_LoginControlPassword'

2020-04-27 14:06:17 - [TEST_STEP][PASSED] - click(findTestObject("Object Repository/WebOffice/Page_Checkatrade - Administration - Login/Login_Button")): Object: 'Object Repository/WebOffice/Page_Checkatrade - Administration - Login/Login_Button' is clicked on

2020-04-27 14:06:18 - [MESSAGE][PASSED] - Object: 'Object Repository/WebOffice/Page_Checkatrade - Administration - Login/Login_Button' is clicked on

2020-04-27 14:06:18 - [TEST_STEP][PASSED] - waitForPageLoad(60): Wait for page load successfully

2020-04-27 14:06:18 - [MESSAGE][PASSED] - Wait for page load successfully

2020-04-27 14:06:18 - [TEST_STEP][PASSED] - verifyTextPresent("Welcome " + wo_Username, false): Text 'Welcome DavidHo' is present on page 

2020-04-27 14:06:18 - [MESSAGE][PASSED] - Text 'Welcome DavidHo' is present on page 

2020-04-27 14:06:18 - [MESSAGE][PASSED] - Call Test Case 'Test Cases/Reusable_Test_Sequences/Web_Office/Directives/WebOffice_StartUp' successfully

2020-04-27 14:06:18 - [TEST_STEP][PASSED] - "-----------------------------------------------------------------": null

2020-04-27 14:06:18 - [TEST_STEP][PASSED] - " Navigate to <Settings->Checkatrade.Com->Sub Item> Menu Item     |": null

2020-04-27 14:06:18 - [TEST_STEP][PASSED] - callTestCase(findTestCase("Reusable_Test_Sequences/Web_Office/Navigation/Sub_Menu_Navigation/Reports/Directory_Preferences"), [:], STOP_ON_FAILURE): Call Test Case 'Test Cases/Reusable_Test_Sequences/Web_Office/Navigation/Sub_Menu_Navigation/Reports/Directory_Preferences' successfully

2020-04-27 14:06:18 - [TEST_CASE][PASSED] - Test Cases/Reusable_Test_Sequences/Web_Office/Navigation/Sub_Menu_Navigation/Reports/Directory_Preferences: Test Cases/Reusable_Test_Sequences/Web_Office/Navigation/Sub_Menu_Navigation/Reports/Directory_Preferences

2020-04-27 14:06:19 - [TEST_STEP][PASSED] - "--------------------------------------": null

2020-04-27 14:06:19 - [TEST_STEP][PASSED] - " Navigate Top level menu Item         |": null

2020-04-27 14:06:19 - [TEST_STEP][PASSED] - waitForPageLoad(60): Wait for page load successfully

2020-04-27 14:06:19 - [MESSAGE][PASSED] - Wait for page load successfully

2020-04-27 14:06:19 - [TEST_STEP][PASSED] - waitForElementClickable(findTestObject("Object Repository/WebOffice_Home_page/a_Reports"), 60): Object 'Object Repository/WebOffice_Home_page/a_Reports' is clickable

2020-04-27 14:06:19 - [MESSAGE][PASSED] - Object 'Object Repository/WebOffice_Home_page/a_Reports' is clickable

2020-04-27 14:06:19 - [TEST_STEP][PASSED] - mouseOver(findTestObject("Object Repository/WebOffice_Home_page/a_Reports")): Object: 'Object Repository/WebOffice_Home_page/a_Reports' is hovered

2020-04-27 14:06:19 - [MESSAGE][PASSED] - Object: 'Object Repository/WebOffice_Home_page/a_Reports' is hovered

2020-04-27 14:06:19 - [TEST_STEP][PASSED] - mouseOver(findTestObject("Object Repository/WebOffice_Home_page/Page_/a_Consumers")): Object: 'Object Repository/WebOffice_Home_page/Page_/a_Consumers' is hovered

2020-04-27 14:06:20 - [MESSAGE][PASSED] - Object: 'Object Repository/WebOffice_Home_page/Page_/a_Consumers' is hovered

2020-04-27 14:06:20 - [TEST_STEP][PASSED] - waitForPageLoad(5): Wait for page load successfully

2020-04-27 14:06:20 - [MESSAGE][PASSED] - Wait for page load successfully

2020-04-27 14:06:20 - [TEST_STEP][PASSED] - waitForElementClickable(findTestObject("Object Repository/WebOffice_Home_page/a_Directory Preferences"), 5): Object 'Object Repository/WebOffice_Home_page/a_Directory Preferences' is clickable

2020-04-27 14:06:20 - [MESSAGE][PASSED] - Object 'Object Repository/WebOffice_Home_page/a_Directory Preferences' is clickable

2020-04-27 14:06:20 - [TEST_STEP][PASSED] - click(findTestObject("Object Repository/WebOffice_Home_page/a_Directory Preferences")): Object: 'Object Repository/WebOffice_Home_page/a_Directory Preferences' is clicked on

2020-04-27 14:07:28 - [MESSAGE][PASSED] - Object: 'Object Repository/WebOffice_Home_page/a_Directory Preferences' is clicked on

2020-04-27 14:07:28 - [MESSAGE][PASSED] - Call Test Case 'Test Cases/Reusable_Test_Sequences/Web_Office/Navigation/Sub_Menu_Navigation/Reports/Directory_Preferences' successfully

2020-04-27 14:07:28 - [TEST_STEP][PASSED] - "--------------------------------------": null

2020-04-27 14:07:28 - [TEST_STEP][PASSED] - " Verify Returned Page Detail          |": null

2020-04-27 14:07:28 - [TEST_STEP][PASSED] - callTestCase(findTestCase("Reusable_Test_Sequences/Web_Office/Verification/Reports/Directory_Preferences"), [:], OPTIONAL): Call Test Case 'Test Cases/Reusable_Test_Sequences/Web_Office/Verification/Reports/Directory_Preferences' successfully

2020-04-27 14:07:28 - [TEST_CASE][PASSED] - Test Cases/Reusable_Test_Sequences/Web_Office/Verification/Reports/Directory_Preferences: Test Cases/Reusable_Test_Sequences/Web_Office/Verification/Reports/Directory_Preferences

2020-04-27 14:07:28 - [TEST_STEP][PASSED] - waitForPageLoad(120): Wait for page load successfully

2020-04-27 14:07:28 - [MESSAGE][PASSED] - Wait for page load successfully

2020-04-27 14:07:28 - [TEST_STEP][PASSED] - delay(1): Delayed 1 second(s)

2020-04-27 14:07:29 - [MESSAGE][PASSED] - Delayed 1 second(s)

2020-04-27 14:07:29 - [TEST_STEP][PASSED] - verifyTextPresent("Directory Performance Report", false): Text 'Directory Performance Report' is present on page 

2020-04-27 14:07:50 - [MESSAGE][PASSED] - Text 'Directory Performance Report' is present on page 

2020-04-27 14:07:50 - [TEST_STEP][PASSED] - "----------------------------------------------": null

2020-04-27 14:07:50 - [TEST_STEP][PASSED] - verifyTextPresent("Hide Old", false): Text 'Hide Old' is present on page 

2020-04-27 14:08:12 - [MESSAGE][PASSED] - Text 'Hide Old' is present on page 

2020-04-27 14:08:12 - [TEST_STEP][PASSED] - verifyTextPresent("Hide Current", false): Text 'Hide Current' is present on page 

2020-04-27 14:08:35 - [MESSAGE][PASSED] - Text 'Hide Current' is present on page 

2020-04-27 14:08:35 - [TEST_STEP][PASSED] - verifyTextPresent("Hide Future", false): Text 'Hide Future' is present on page 

2020-04-27 14:08:58 - [MESSAGE][PASSED] - Text 'Hide Future' is present on page 

2020-04-27 14:08:58 - [TEST_STEP][PASSED] - verifyTextPresent("Hide Prospective", false): Text 'Hide Prospective' is present on page 

2020-04-27 14:09:16 - [MESSAGE][PASSED] - Text 'Hide Prospective' is present on page 

2020-04-27 14:09:16 - [TEST_STEP][PASSED] - "----------------------------------------------": null

2020-04-27 14:09:16 - [TEST_STEP][PASSED] - "----------------------------------------------": null

2020-04-27 14:09:16 - [TEST_STEP][PASSED] - verifyTextPresent("DIRECTORY NAME", false): Text 'DIRECTORY NAME' is present on page 

2020-04-27 14:09:36 - [MESSAGE][PASSED] - Text 'DIRECTORY NAME' is present on page 

2020-04-27 14:09:36 - [TEST_STEP][PASSED] - verifyTextPresent("EDITION", false): Text 'EDITION' is present on page 

2020-04-27 14:09:54 - [MESSAGE][PASSED] - Text 'EDITION' is present on page 

2020-04-27 14:09:54 - [TEST_STEP][PASSED] - verifyTextPresent("BOXES SOLD", false): Text 'BOXES SOLD' is present on page 

2020-04-27 14:10:09 - [MESSAGE][PASSED] - Text 'BOXES SOLD' is present on page 

2020-04-27 14:10:09 - [TEST_STEP][PASSED] - verifyTextPresent("BOXES FOC", false): Text 'BOXES FOC' is present on page 

2020-04-27 14:10:29 - [MESSAGE][PASSED] - Text 'BOXES FOC' is present on page 

2020-04-27 14:10:29 - [TEST_STEP][PASSED] - verifyTextPresent("BOXES TOTAL", false): Text 'BOXES TOTAL' is present on page 

2020-04-27 14:10:43 - [MESSAGE][PASSED] - Text 'BOXES TOTAL' is present on page 

2020-04-27 14:10:43 - [TEST_STEP][PASSED] - verifyTextPresent("FIRST RESERVE", false): Text 'FIRST RESERVE' is present on page 

2020-04-27 14:11:01 - [MESSAGE][PASSED] - Text 'FIRST RESERVE' is present on page 

2020-04-27 14:11:01 - [TEST_STEP][PASSED] - verifyTextPresent("DEFINITELY", false): Text 'DEFINITELY' is present on page 

2020-04-27 14:11:14 - [MESSAGE][PASSED] - Text 'DEFINITELY' is present on page 

2020-04-27 14:11:14 - [TEST_STEP][PASSED] - verifyTextPresent("WOULD CONSIDER", false): Text 'WOULD CONSIDER' is present on page 

2020-04-27 14:11:26 - [MESSAGE][PASSED] - Text 'WOULD CONSIDER' is present on page 

2020-04-27 14:11:26 - [TEST_STEP][PASSED] - verifyTextPresent("DESIRED TOTAL", false): Text 'DESIRED TOTAL' is present on page 

2020-04-27 14:11:42 - [MESSAGE][PASSED] - Text 'DESIRED TOTAL' is present on page 

2020-04-27 14:11:42 - [TEST_STEP][PASSED] - "----------------------------------------------": null

2020-04-27 14:11:42 - [TEST_STEP][PASSED] - verifyTextPresent("Abingdon + Didcot 7 (Old)", false): Text 'Abingdon + Didcot 7 (Old)' is present on page 

2020-04-27 14:11:56 - [MESSAGE][PASSED] - Text 'Abingdon + Didcot 7 (Old)' is present on page 

2020-04-27 14:11:56 - [TEST_STEP][PASSED] - verifyTextPresent("Amersham + Chesham 12 (Current)", false): Text 'Amersham + Chesham 12 (Current)' is present on page 

2020-04-27 14:12:08 - [MESSAGE][PASSED] - Text 'Amersham + Chesham 12 (Current)' is present on page 

2020-04-27 14:12:08 - [TEST_STEP][PASSED] - verifyTextPresent("11", false): Text '11' is present on page 

2020-04-27 14:12:23 - [MESSAGE][PASSED] - Text '11' is present on page 

2020-04-27 14:12:23 - [TEST_STEP][PASSED] - verifyTextPresent("133", false): Text '133' is present on page 

2020-04-27 14:12:45 - [MESSAGE][PASSED] - Text '133' is present on page 

2020-04-27 14:12:45 - [TEST_STEP][PASSED] - verifyTextPresent("58", false): Text '58' is present on page 

2020-04-27 14:13:06 - [MESSAGE][PASSED] - Text '58' is present on page 

2020-04-27 14:13:06 - [MESSAGE][PASSED] - Call Test Case 'Test Cases/Reusable_Test_Sequences/Web_Office/Verification/Reports/Directory_Preferences' successfully

2020-04-27 14:13:06 - [TEST_STEP][PASSED] - "--------------------------": null

2020-04-27 14:13:06 - [TEST_STEP][PASSED] - " Teardown - CLose Browser |": null

2020-04-27 14:13:06 - [TEST_STEP][PASSED] - callTestCase(findTestCase("Reusable_Test_Sequences/CAT_Teardown"), [:], OPTIONAL): Call Test Case 'Test Cases/Reusable_Test_Sequences/CAT_Teardown' successfully

2020-04-27 14:13:06 - [TEST_CASE][PASSED] - Test Cases/Reusable_Test_Sequences/CAT_Teardown: Test Cases/Reusable_Test_Sequences/CAT_Teardown

2020-04-27 14:13:06 - [TEST_STEP][PASSED] - closeBrowser(): Browser is closed

2020-04-27 14:13:07 - [MESSAGE][PASSED] - Browser is closed

2020-04-27 14:13:07 - [TEST_STEP][PASSED] - super.finalize(): null

2020-04-27 14:13:07 - [TEST_STEP][PASSED] - System.gc(): null

2020-04-27 14:13:07 - [MESSAGE][PASSED] - Call Test Case 'Test Cases/Reusable_Test_Sequences/CAT_Teardown' successfully]]></system-out>
         <system-err><![CDATA[]]></system-err>
      </testcase>
      <testcase name="Test Cases/Web_Office/Reports/Most_Popular" time="18.32" classname="Test Cases/Web_Office/Reports/Most_Popular" status="PASSED">
         <system-out><![CDATA[2020-04-27 14:13:07 - [TEST_CASE][PASSED] - Test Cases/Web_Office/Reports/Most_Popular: Test Cases/Web_Office/Reports/Most_Popular

2020-04-27 14:13:08 - [TEST_STEP][PASSED] - "--------------------------------------": null

2020-04-27 14:13:08 - [TEST_STEP][PASSED] - " Web Office StartUp                  |": null

2020-04-27 14:13:08 - [TEST_STEP][PASSED] - callTestCase(findTestCase("Reusable_Test_Sequences/Web_Office/Directives/WebOffice_StartUp"), [:], STOP_ON_FAILURE): Call Test Case 'Test Cases/Reusable_Test_Sequences/Web_Office/Directives/WebOffice_StartUp' successfully

2020-04-27 14:13:08 - [TEST_CASE][PASSED] - Test Cases/Reusable_Test_Sequences/Web_Office/Directives/WebOffice_StartUp: Test Cases/Reusable_Test_Sequences/Web_Office/Directives/WebOffice_StartUp

2020-04-27 14:13:08 - [TEST_STEP][PASSED] - "-----------------------------------------------------------------------------": null

2020-04-27 14:13:08 - [TEST_STEP][PASSED] - if (URL == "https://www.dev.checkatrade.com/"): null

2020-04-27 14:13:08 - [TEST_STEP][PASSED] - "-----------------------------------------------------------------------------": null

2020-04-27 14:13:08 - [TEST_STEP][PASSED] - if (URL == "https://www.checkatrade.com/"): null

2020-04-27 14:13:08 - [TEST_STEP][PASSED] - "-----------------------------------------------------------------------------": null

2020-04-27 14:13:08 - [TEST_STEP][PASSED] - if (URL == "https://www.preview.checkatrade.com/"): null

2020-04-27 14:13:08 - [TEST_STEP][PASSED] - WebOfficeURL = "https://admin.preview.checkatrade.com/": null

2020-04-27 14:13:08 - [TEST_STEP][PASSED] - if (URL == "https://www.dev2.checkatrade.com/"): null

2020-04-27 14:13:08 - [TEST_STEP][PASSED] - "Set Function Area for "URL_Handler", URL Resolution": null

2020-04-27 14:13:08 - [TEST_STEP][PASSED] - "Do Some Magic with URL(s) See the comments within URL Handler ": null

2020-04-27 14:13:08 - [TEST_STEP][PASSED] - "------------------------------------------------": null

2020-04-27 14:13:08 - [TEST_STEP][PASSED] - "Moved Login Credentials to <Default> profile 22/01/2020": null

2020-04-27 14:13:08 - [TEST_STEP][PASSED] - "------------------------------------------------": null

2020-04-27 14:13:08 - [TEST_STEP][PASSED] - "WebOfficeURL - Set from the ENVIRONMENT PROFILE ": null

2020-04-27 14:13:08 - [TEST_STEP][PASSED] - "OPEN BROWSER": null

2020-04-27 14:13:08 - [TEST_STEP][PASSED] - "eg - https://admin.preview.checkatrade.com/  ": null

2020-04-27 14:13:08 - [TEST_STEP][PASSED] - openBrowser(WebOfficeURL): Browser is opened with url: 'https://admin.preview.checkatrade.com/'

2020-04-27 14:13:08 - [MESSAGE][INFO] - Starting 'Chrome' driver

2020-04-27 14:13:08 - [MESSAGE][INFO] - Action delay is set to 0 milliseconds

2020-04-27 14:13:12 - [MESSAGE][PASSED] - Browser is opened with url: 'https://admin.preview.checkatrade.com/'

2020-04-27 14:13:12 - [TEST_STEP][PASSED] - maximizeWindow(): Current window maximized

2020-04-27 14:13:15 - [MESSAGE][PASSED] - Current window maximized

2020-04-27 14:13:15 - [TEST_STEP][PASSED] - waitForElementClickable(findTestObject("Object Repository/WebOffice/Page_Checkatrade - Administration - Login/Login_Button"), 25): Object 'Object Repository/WebOffice/Page_Checkatrade - Administration - Login/Login_Button' is clickable

2020-04-27 14:13:15 - [MESSAGE][PASSED] - Object 'Object Repository/WebOffice/Page_Checkatrade - Administration - Login/Login_Button' is clickable

2020-04-27 14:13:15 - [TEST_STEP][PASSED] - verifyTextPresent("Checkatrade Web Office", false): Text 'Checkatrade Web Office' is present on page 

2020-04-27 14:13:15 - [MESSAGE][PASSED] - Text 'Checkatrade Web Office' is present on page 

2020-04-27 14:13:15 - [TEST_STEP][PASSED] - verifyTextPresent("Access for staff use only", false): Text 'Access for staff use only' is present on page 

2020-04-27 14:13:15 - [MESSAGE][PASSED] - Text 'Access for staff use only' is present on page 

2020-04-27 14:13:15 - [TEST_STEP][PASSED] - verifyTextPresent("Forgotten password?", false): Text 'Forgotten password?' is present on page 

2020-04-27 14:13:15 - [MESSAGE][PASSED] - Text 'Forgotten password?' is present on page 

2020-04-27 14:13:15 - [TEST_STEP][PASSED] - setText(findTestObject("Object Repository/WebOffice/Page_Checkatrade - Administration - Login/input_Username_LoginControlUserName"), wo_Username): Text 'DavidHo' is set on object 'Object Repository/WebOffice/Page_Checkatrade - Administration - Login/input_Username_LoginControlUserName'

2020-04-27 14:13:15 - [MESSAGE][PASSED] - Text 'DavidHo' is set on object 'Object Repository/WebOffice/Page_Checkatrade - Administration - Login/input_Username_LoginControlUserName'

2020-04-27 14:13:15 - [TEST_STEP][PASSED] - setText(findTestObject("Object Repository/WebOffice/Page_Checkatrade - Administration - Login/input_Password_LoginControlPassword"), wo_Password): Text 'Check123' is set on object 'Object Repository/WebOffice/Page_Checkatrade - Administration - Login/input_Password_LoginControlPassword'

2020-04-27 14:13:15 - [MESSAGE][PASSED] - Text 'Check123' is set on object 'Object Repository/WebOffice/Page_Checkatrade - Administration - Login/input_Password_LoginControlPassword'

2020-04-27 14:13:15 - [TEST_STEP][PASSED] - click(findTestObject("Object Repository/WebOffice/Page_Checkatrade - Administration - Login/Login_Button")): Object: 'Object Repository/WebOffice/Page_Checkatrade - Administration - Login/Login_Button' is clicked on

2020-04-27 14:13:16 - [MESSAGE][PASSED] - Object: 'Object Repository/WebOffice/Page_Checkatrade - Administration - Login/Login_Button' is clicked on

2020-04-27 14:13:16 - [TEST_STEP][PASSED] - waitForPageLoad(60): Wait for page load successfully

2020-04-27 14:13:16 - [MESSAGE][PASSED] - Wait for page load successfully

2020-04-27 14:13:16 - [TEST_STEP][PASSED] - verifyTextPresent("Welcome " + wo_Username, false): Text 'Welcome DavidHo' is present on page 

2020-04-27 14:13:18 - [MESSAGE][PASSED] - Text 'Welcome DavidHo' is present on page 

2020-04-27 14:13:18 - [MESSAGE][PASSED] - Call Test Case 'Test Cases/Reusable_Test_Sequences/Web_Office/Directives/WebOffice_StartUp' successfully

2020-04-27 14:13:18 - [TEST_STEP][PASSED] - "-----------------------------------------------------------------": null

2020-04-27 14:13:18 - [TEST_STEP][PASSED] - " Navigate to <Settings->Checkatrade.Com->Sub Item> Menu Item     |": null

2020-04-27 14:13:18 - [TEST_STEP][PASSED] - callTestCase(findTestCase("Reusable_Test_Sequences/Web_Office/Navigation/Sub_Menu_Navigation/Reports/Most_Popular"), [:], STOP_ON_FAILURE): Call Test Case 'Test Cases/Reusable_Test_Sequences/Web_Office/Navigation/Sub_Menu_Navigation/Reports/Most_Popular' successfully

2020-04-27 14:13:18 - [TEST_CASE][PASSED] - Test Cases/Reusable_Test_Sequences/Web_Office/Navigation/Sub_Menu_Navigation/Reports/Most_Popular: Test Cases/Reusable_Test_Sequences/Web_Office/Navigation/Sub_Menu_Navigation/Reports/Most_Popular

2020-04-27 14:13:18 - [TEST_STEP][PASSED] - "--------------------------------------": null

2020-04-27 14:13:18 - [TEST_STEP][PASSED] - " Navigate Top level menu Item         |": null

2020-04-27 14:13:18 - [TEST_STEP][PASSED] - waitForPageLoad(60): Wait for page load successfully

2020-04-27 14:13:18 - [MESSAGE][PASSED] - Wait for page load successfully

2020-04-27 14:13:18 - [TEST_STEP][PASSED] - waitForElementClickable(findTestObject("Object Repository/WebOffice_Home_page/a_Reports"), 60): Object 'Object Repository/WebOffice_Home_page/a_Reports' is clickable

2020-04-27 14:13:18 - [MESSAGE][PASSED] - Object 'Object Repository/WebOffice_Home_page/a_Reports' is clickable

2020-04-27 14:13:18 - [TEST_STEP][PASSED] - mouseOver(findTestObject("Object Repository/WebOffice_Home_page/a_Reports")): Object: 'Object Repository/WebOffice_Home_page/a_Reports' is hovered

2020-04-27 14:13:19 - [MESSAGE][PASSED] - Object: 'Object Repository/WebOffice_Home_page/a_Reports' is hovered

2020-04-27 14:13:19 - [TEST_STEP][PASSED] - mouseOver(findTestObject("Object Repository/WebOffice_Home_page/Page_/a_Consumers")): Object: 'Object Repository/WebOffice_Home_page/Page_/a_Consumers' is hovered

2020-04-27 14:13:19 - [MESSAGE][PASSED] - Object: 'Object Repository/WebOffice_Home_page/Page_/a_Consumers' is hovered

2020-04-27 14:13:19 - [TEST_STEP][PASSED] - mouseOver(findTestObject("Object Repository/WebOffice_Home_page/Page_/a_Consumer Searches")): Object: 'Object Repository/WebOffice_Home_page/Page_/a_Consumer Searches' is hovered

2020-04-27 14:13:20 - [MESSAGE][PASSED] - Object: 'Object Repository/WebOffice_Home_page/Page_/a_Consumer Searches' is hovered

2020-04-27 14:13:20 - [TEST_STEP][PASSED] - waitForPageLoad(5): Wait for page load successfully

2020-04-27 14:13:20 - [MESSAGE][PASSED] - Wait for page load successfully

2020-04-27 14:13:20 - [TEST_STEP][PASSED] - waitForElementClickable(findTestObject("Object Repository/WebOffice_Home_page/a_Most Popular"), 5): Object 'Object Repository/WebOffice_Home_page/a_Most Popular' is clickable

2020-04-27 14:13:20 - [MESSAGE][PASSED] - Object 'Object Repository/WebOffice_Home_page/a_Most Popular' is clickable

2020-04-27 14:13:20 - [TEST_STEP][PASSED] - click(findTestObject("Object Repository/WebOffice_Home_page/a_Most Popular")): Object: 'Object Repository/WebOffice_Home_page/a_Most Popular' is clicked on

2020-04-27 14:13:22 - [MESSAGE][PASSED] - Object: 'Object Repository/WebOffice_Home_page/a_Most Popular' is clicked on

2020-04-27 14:13:22 - [MESSAGE][PASSED] - Call Test Case 'Test Cases/Reusable_Test_Sequences/Web_Office/Navigation/Sub_Menu_Navigation/Reports/Most_Popular' successfully

2020-04-27 14:13:22 - [TEST_STEP][PASSED] - "--------------------------------------": null

2020-04-27 14:13:22 - [TEST_STEP][PASSED] - " Verify Returned Page Detail          |": null

2020-04-27 14:13:22 - [TEST_STEP][PASSED] - callTestCase(findTestCase("Reusable_Test_Sequences/Web_Office/Verification/Reports/Most_Popular"), [:], OPTIONAL): Call Test Case 'Test Cases/Reusable_Test_Sequences/Web_Office/Verification/Reports/Most_Popular' successfully

2020-04-27 14:13:22 - [TEST_CASE][PASSED] - Test Cases/Reusable_Test_Sequences/Web_Office/Verification/Reports/Most_Popular: Test Cases/Reusable_Test_Sequences/Web_Office/Verification/Reports/Most_Popular

2020-04-27 14:13:22 - [TEST_STEP][PASSED] - waitForPageLoad(120): Wait for page load successfully

2020-04-27 14:13:22 - [MESSAGE][PASSED] - Wait for page load successfully

2020-04-27 14:13:22 - [TEST_STEP][PASSED] - delay(1): Delayed 1 second(s)

2020-04-27 14:13:23 - [MESSAGE][PASSED] - Delayed 1 second(s)

2020-04-27 14:13:23 - [TEST_STEP][PASSED] - verifyTextPresent("Consumer Searches", false): Text 'Consumer Searches' is present on page 

2020-04-27 14:13:23 - [MESSAGE][PASSED] - Text 'Consumer Searches' is present on page 

2020-04-27 14:13:24 - [TEST_STEP][PASSED] - "----------------------------------------------": null

2020-04-27 14:13:24 - [TEST_STEP][PASSED] - verifyTextPresent("Most Popular Searches", false): Text 'Most Popular Searches' is present on page 

2020-04-27 14:13:24 - [MESSAGE][PASSED] - Text 'Most Popular Searches' is present on page 

2020-04-27 14:13:24 - [TEST_STEP][PASSED] - "----------------------------------------------": null

2020-04-27 14:13:24 - [TEST_STEP][PASSED] - verifyTextPresent("From", false): Text 'From' is present on page 

2020-04-27 14:13:24 - [MESSAGE][PASSED] - Text 'From' is present on page 

2020-04-27 14:13:24 - [TEST_STEP][PASSED] - verifyTextPresent("To", false): Text 'To' is present on page 

2020-04-27 14:13:24 - [MESSAGE][PASSED] - Text 'To' is present on page 

2020-04-27 14:13:24 - [MESSAGE][PASSED] - Call Test Case 'Test Cases/Reusable_Test_Sequences/Web_Office/Verification/Reports/Most_Popular' successfully

2020-04-27 14:13:24 - [TEST_STEP][PASSED] - "--------------------------": null

2020-04-27 14:13:24 - [TEST_STEP][PASSED] - " Teardown - CLose Browser |": null

2020-04-27 14:13:24 - [TEST_STEP][PASSED] - callTestCase(findTestCase("Reusable_Test_Sequences/CAT_Teardown"), [:], OPTIONAL): Call Test Case 'Test Cases/Reusable_Test_Sequences/CAT_Teardown' successfully

2020-04-27 14:13:24 - [TEST_CASE][PASSED] - Test Cases/Reusable_Test_Sequences/CAT_Teardown: Test Cases/Reusable_Test_Sequences/CAT_Teardown

2020-04-27 14:13:24 - [TEST_STEP][PASSED] - closeBrowser(): Browser is closed

2020-04-27 14:13:25 - [MESSAGE][PASSED] - Browser is closed

2020-04-27 14:13:25 - [TEST_STEP][PASSED] - super.finalize(): null

2020-04-27 14:13:25 - [TEST_STEP][PASSED] - System.gc(): null

2020-04-27 14:13:26 - [MESSAGE][PASSED] - Call Test Case 'Test Cases/Reusable_Test_Sequences/CAT_Teardown' successfully]]></system-out>
         <system-err><![CDATA[]]></system-err>
      </testcase>
      <testcase name="Test Cases/Web_Office/Reports/By_Category_and_Location" time="28.139" classname="Test Cases/Web_Office/Reports/By_Category_and_Location" status="PASSED">
         <system-out><![CDATA[2020-04-27 14:13:26 - [TEST_CASE][PASSED] - Test Cases/Web_Office/Reports/By_Category_and_Location: Test Cases/Web_Office/Reports/By_Category_and_Location

2020-04-27 14:13:26 - [TEST_STEP][PASSED] - "--------------------------------------": null

2020-04-27 14:13:26 - [TEST_STEP][PASSED] - " Web Office StartUp                  |": null

2020-04-27 14:13:26 - [TEST_STEP][PASSED] - callTestCase(findTestCase("Reusable_Test_Sequences/Web_Office/Directives/WebOffice_StartUp"), [:], STOP_ON_FAILURE): Call Test Case 'Test Cases/Reusable_Test_Sequences/Web_Office/Directives/WebOffice_StartUp' successfully

2020-04-27 14:13:26 - [TEST_CASE][PASSED] - Test Cases/Reusable_Test_Sequences/Web_Office/Directives/WebOffice_StartUp: Test Cases/Reusable_Test_Sequences/Web_Office/Directives/WebOffice_StartUp

2020-04-27 14:13:26 - [TEST_STEP][PASSED] - "-----------------------------------------------------------------------------": null

2020-04-27 14:13:26 - [TEST_STEP][PASSED] - if (URL == "https://www.dev.checkatrade.com/"): null

2020-04-27 14:13:26 - [TEST_STEP][PASSED] - "-----------------------------------------------------------------------------": null

2020-04-27 14:13:26 - [TEST_STEP][PASSED] - if (URL == "https://www.checkatrade.com/"): null

2020-04-27 14:13:26 - [TEST_STEP][PASSED] - "-----------------------------------------------------------------------------": null

2020-04-27 14:13:26 - [TEST_STEP][PASSED] - if (URL == "https://www.preview.checkatrade.com/"): null

2020-04-27 14:13:26 - [TEST_STEP][PASSED] - WebOfficeURL = "https://admin.preview.checkatrade.com/": null

2020-04-27 14:13:26 - [TEST_STEP][PASSED] - if (URL == "https://www.dev2.checkatrade.com/"): null

2020-04-27 14:13:26 - [TEST_STEP][PASSED] - "Set Function Area for "URL_Handler", URL Resolution": null

2020-04-27 14:13:26 - [TEST_STEP][PASSED] - "Do Some Magic with URL(s) See the comments within URL Handler ": null

2020-04-27 14:13:26 - [TEST_STEP][PASSED] - "------------------------------------------------": null

2020-04-27 14:13:26 - [TEST_STEP][PASSED] - "Moved Login Credentials to <Default> profile 22/01/2020": null

2020-04-27 14:13:26 - [TEST_STEP][PASSED] - "------------------------------------------------": null

2020-04-27 14:13:26 - [TEST_STEP][PASSED] - "WebOfficeURL - Set from the ENVIRONMENT PROFILE ": null

2020-04-27 14:13:26 - [TEST_STEP][PASSED] - "OPEN BROWSER": null

2020-04-27 14:13:26 - [TEST_STEP][PASSED] - "eg - https://admin.preview.checkatrade.com/  ": null

2020-04-27 14:13:26 - [TEST_STEP][PASSED] - openBrowser(WebOfficeURL): Browser is opened with url: 'https://admin.preview.checkatrade.com/'

2020-04-27 14:13:26 - [MESSAGE][INFO] - Starting 'Chrome' driver

2020-04-27 14:13:26 - [MESSAGE][INFO] - Action delay is set to 0 milliseconds

2020-04-27 14:13:31 - [MESSAGE][PASSED] - Browser is opened with url: 'https://admin.preview.checkatrade.com/'

2020-04-27 14:13:31 - [TEST_STEP][PASSED] - maximizeWindow(): Current window maximized

2020-04-27 14:13:34 - [MESSAGE][PASSED] - Current window maximized

2020-04-27 14:13:34 - [TEST_STEP][PASSED] - waitForElementClickable(findTestObject("Object Repository/WebOffice/Page_Checkatrade - Administration - Login/Login_Button"), 25): Object 'Object Repository/WebOffice/Page_Checkatrade - Administration - Login/Login_Button' is clickable

2020-04-27 14:13:34 - [MESSAGE][PASSED] - Object 'Object Repository/WebOffice/Page_Checkatrade - Administration - Login/Login_Button' is clickable

2020-04-27 14:13:34 - [TEST_STEP][PASSED] - verifyTextPresent("Checkatrade Web Office", false): Text 'Checkatrade Web Office' is present on page 

2020-04-27 14:13:34 - [MESSAGE][PASSED] - Text 'Checkatrade Web Office' is present on page 

2020-04-27 14:13:34 - [TEST_STEP][PASSED] - verifyTextPresent("Access for staff use only", false): Text 'Access for staff use only' is present on page 

2020-04-27 14:13:34 - [MESSAGE][PASSED] - Text 'Access for staff use only' is present on page 

2020-04-27 14:13:34 - [TEST_STEP][PASSED] - verifyTextPresent("Forgotten password?", false): Text 'Forgotten password?' is present on page 

2020-04-27 14:13:34 - [MESSAGE][PASSED] - Text 'Forgotten password?' is present on page 

2020-04-27 14:13:34 - [TEST_STEP][PASSED] - setText(findTestObject("Object Repository/WebOffice/Page_Checkatrade - Administration - Login/input_Username_LoginControlUserName"), wo_Username): Text 'DavidHo' is set on object 'Object Repository/WebOffice/Page_Checkatrade - Administration - Login/input_Username_LoginControlUserName'

2020-04-27 14:13:34 - [MESSAGE][PASSED] - Text 'DavidHo' is set on object 'Object Repository/WebOffice/Page_Checkatrade - Administration - Login/input_Username_LoginControlUserName'

2020-04-27 14:13:34 - [TEST_STEP][PASSED] - setText(findTestObject("Object Repository/WebOffice/Page_Checkatrade - Administration - Login/input_Password_LoginControlPassword"), wo_Password): Text 'Check123' is set on object 'Object Repository/WebOffice/Page_Checkatrade - Administration - Login/input_Password_LoginControlPassword'

2020-04-27 14:13:34 - [MESSAGE][PASSED] - Text 'Check123' is set on object 'Object Repository/WebOffice/Page_Checkatrade - Administration - Login/input_Password_LoginControlPassword'

2020-04-27 14:13:34 - [TEST_STEP][PASSED] - click(findTestObject("Object Repository/WebOffice/Page_Checkatrade - Administration - Login/Login_Button")): Object: 'Object Repository/WebOffice/Page_Checkatrade - Administration - Login/Login_Button' is clicked on

2020-04-27 14:13:35 - [MESSAGE][PASSED] - Object: 'Object Repository/WebOffice/Page_Checkatrade - Administration - Login/Login_Button' is clicked on

2020-04-27 14:13:35 - [TEST_STEP][PASSED] - waitForPageLoad(60): Wait for page load successfully

2020-04-27 14:13:35 - [MESSAGE][PASSED] - Wait for page load successfully

2020-04-27 14:13:35 - [TEST_STEP][PASSED] - verifyTextPresent("Welcome " + wo_Username, false): Text 'Welcome DavidHo' is present on page 

2020-04-27 14:13:35 - [MESSAGE][PASSED] - Text 'Welcome DavidHo' is present on page 

2020-04-27 14:13:35 - [MESSAGE][PASSED] - Call Test Case 'Test Cases/Reusable_Test_Sequences/Web_Office/Directives/WebOffice_StartUp' successfully

2020-04-27 14:13:35 - [TEST_STEP][PASSED] - "-----------------------------------------------------------------": null

2020-04-27 14:13:35 - [TEST_STEP][PASSED] - " Navigate to <Settings->Checkatrade.Com->Sub Item> Menu Item     |": null

2020-04-27 14:13:35 - [TEST_STEP][PASSED] - callTestCase(findTestCase("Reusable_Test_Sequences/Web_Office/Navigation/Sub_Menu_Navigation/Reports/By_Category_and_Location"), [:], STOP_ON_FAILURE): Call Test Case 'Test Cases/Reusable_Test_Sequences/Web_Office/Navigation/Sub_Menu_Navigation/Reports/By_Category_and_Location' successfully

2020-04-27 14:13:35 - [TEST_CASE][PASSED] - Test Cases/Reusable_Test_Sequences/Web_Office/Navigation/Sub_Menu_Navigation/Reports/By_Category_and_Location: Test Cases/Reusable_Test_Sequences/Web_Office/Navigation/Sub_Menu_Navigation/Reports/By_Category_and_Location

2020-04-27 14:13:36 - [TEST_STEP][PASSED] - "--------------------------------------": null

2020-04-27 14:13:36 - [TEST_STEP][PASSED] - " Navigate Top level menu Item         |": null

2020-04-27 14:13:36 - [TEST_STEP][PASSED] - waitForPageLoad(60): Wait for page load successfully

2020-04-27 14:13:36 - [MESSAGE][PASSED] - Wait for page load successfully

2020-04-27 14:13:36 - [TEST_STEP][PASSED] - waitForElementClickable(findTestObject("Object Repository/WebOffice_Home_page/a_Reports"), 60): Object 'Object Repository/WebOffice_Home_page/a_Reports' is clickable

2020-04-27 14:13:36 - [MESSAGE][PASSED] - Object 'Object Repository/WebOffice_Home_page/a_Reports' is clickable

2020-04-27 14:13:36 - [TEST_STEP][PASSED] - mouseOver(findTestObject("Object Repository/WebOffice_Home_page/a_Reports")): Object: 'Object Repository/WebOffice_Home_page/a_Reports' is hovered

2020-04-27 14:13:36 - [MESSAGE][PASSED] - Object: 'Object Repository/WebOffice_Home_page/a_Reports' is hovered

2020-04-27 14:13:36 - [TEST_STEP][PASSED] - mouseOver(findTestObject("Object Repository/WebOffice_Home_page/Page_/a_Consumers")): Object: 'Object Repository/WebOffice_Home_page/Page_/a_Consumers' is hovered

2020-04-27 14:13:36 - [MESSAGE][PASSED] - Object: 'Object Repository/WebOffice_Home_page/Page_/a_Consumers' is hovered

2020-04-27 14:13:36 - [TEST_STEP][PASSED] - mouseOver(findTestObject("Object Repository/WebOffice_Home_page/Page_/a_Consumer Searches")): Object: 'Object Repository/WebOffice_Home_page/Page_/a_Consumer Searches' is hovered

2020-04-27 14:13:37 - [MESSAGE][PASSED] - Object: 'Object Repository/WebOffice_Home_page/Page_/a_Consumer Searches' is hovered

2020-04-27 14:13:37 - [TEST_STEP][PASSED] - waitForPageLoad(5): Wait for page load successfully

2020-04-27 14:13:37 - [MESSAGE][PASSED] - Wait for page load successfully

2020-04-27 14:13:37 - [TEST_STEP][PASSED] - waitForElementClickable(findTestObject("Object Repository/WebOffice_Home_page/a_By Category and Location"), 5): Object 'Object Repository/WebOffice_Home_page/a_By Category and Location' is clickable

2020-04-27 14:13:37 - [MESSAGE][PASSED] - Object 'Object Repository/WebOffice_Home_page/a_By Category and Location' is clickable

2020-04-27 14:13:37 - [TEST_STEP][PASSED] - click(findTestObject("Object Repository/WebOffice_Home_page/a_By Category and Location")): Object: 'Object Repository/WebOffice_Home_page/a_By Category and Location' is clicked on

2020-04-27 14:13:39 - [MESSAGE][PASSED] - Object: 'Object Repository/WebOffice_Home_page/a_By Category and Location' is clicked on

2020-04-27 14:13:39 - [MESSAGE][PASSED] - Call Test Case 'Test Cases/Reusable_Test_Sequences/Web_Office/Navigation/Sub_Menu_Navigation/Reports/By_Category_and_Location' successfully

2020-04-27 14:13:39 - [TEST_STEP][PASSED] - "--------------------------------------": null

2020-04-27 14:13:39 - [TEST_STEP][PASSED] - " Verify Returned Page Detail          |": null

2020-04-27 14:13:39 - [TEST_STEP][PASSED] - callTestCase(findTestCase("Reusable_Test_Sequences/Web_Office/Verification/Reports/By_Category_and_Location"), [:], OPTIONAL): Call Test Case 'Test Cases/Reusable_Test_Sequences/Web_Office/Verification/Reports/By_Category_and_Location' successfully

2020-04-27 14:13:39 - [TEST_CASE][PASSED] - Test Cases/Reusable_Test_Sequences/Web_Office/Verification/Reports/By_Category_and_Location: Test Cases/Reusable_Test_Sequences/Web_Office/Verification/Reports/By_Category_and_Location

2020-04-27 14:13:39 - [TEST_STEP][PASSED] - waitForPageLoad(120): Wait for page load successfully

2020-04-27 14:13:39 - [MESSAGE][PASSED] - Wait for page load successfully

2020-04-27 14:13:39 - [TEST_STEP][PASSED] - delay(1): Delayed 1 second(s)

2020-04-27 14:13:40 - [MESSAGE][PASSED] - Delayed 1 second(s)

2020-04-27 14:13:40 - [TEST_STEP][PASSED] - verifyTextPresent("Searches by Location and Category", false): Text 'Searches by Location and Category' is present on page 

2020-04-27 14:13:42 - [MESSAGE][PASSED] - Text 'Searches by Location and Category' is present on page 

2020-04-27 14:13:42 - [TEST_STEP][PASSED] - "----------------------------------------------": null

2020-04-27 14:13:42 - [TEST_STEP][PASSED] - verifyTextPresent("County", false): Text 'County' is present on page 

2020-04-27 14:13:43 - [MESSAGE][PASSED] - Text 'County' is present on page 

2020-04-27 14:13:43 - [TEST_STEP][PASSED] - verifyTextPresent("Town", false): Text 'Town' is present on page 

2020-04-27 14:13:44 - [MESSAGE][PASSED] - Text 'Town' is present on page 

2020-04-27 14:13:44 - [TEST_STEP][PASSED] - verifyTextPresent("By Postcode", false): Text 'By Postcode' is present on page 

2020-04-27 14:13:45 - [MESSAGE][PASSED] - Text 'By Postcode' is present on page 

2020-04-27 14:13:45 - [TEST_STEP][PASSED] - verifyTextPresent("Select Categories", false): Text 'Select Categories' is present on page 

2020-04-27 14:13:46 - [MESSAGE][PASSED] - Text 'Select Categories' is present on page 

2020-04-27 14:13:46 - [TEST_STEP][PASSED] - "----------------------------------------------": null

2020-04-27 14:13:46 - [TEST_STEP][PASSED] - "----------------------------------------------": null

2020-04-27 14:13:46 - [TEST_STEP][PASSED] - verifyTextPresent("Angus", false): Text 'Angus' is present on page 

2020-04-27 14:13:47 - [MESSAGE][PASSED] - Text 'Angus' is present on page 

2020-04-27 14:13:47 - [TEST_STEP][PASSED] - verifyTextPresent("Berkshire", false): Text 'Berkshire' is present on page 

2020-04-27 14:13:48 - [MESSAGE][PASSED] - Text 'Berkshire' is present on page 

2020-04-27 14:13:48 - [TEST_STEP][PASSED] - verifyTextPresent("Avon", false): Text 'Avon' is present on page 

2020-04-27 14:13:49 - [MESSAGE][PASSED] - Text 'Avon' is present on page 

2020-04-27 14:13:49 - [TEST_STEP][PASSED] - verifyTextPresent("Air Conditioning", false): Text 'Air Conditioning' is present on page 

2020-04-27 14:13:49 - [MESSAGE][PASSED] - Text 'Air Conditioning' is present on page 

2020-04-27 14:13:49 - [TEST_STEP][PASSED] - verifyTextPresent("Alarms/Security", false): Text 'Alarms/Security' is present on page 

2020-04-27 14:13:50 - [MESSAGE][PASSED] - Text 'Alarms/Security' is present on page 

2020-04-27 14:13:50 - [TEST_STEP][PASSED] - verifyTextPresent("CCTV", false): Text 'CCTV' is present on page 

2020-04-27 14:13:51 - [MESSAGE][PASSED] - Text 'CCTV' is present on page 

2020-04-27 14:13:51 - [TEST_STEP][PASSED] - verifyTextPresent("Fire", false): Text 'Fire' is present on page 

2020-04-27 14:13:52 - [MESSAGE][PASSED] - Text 'Fire' is present on page 

2020-04-27 14:13:52 - [TEST_STEP][PASSED] - verifyTextPresent("Alarms", false): Text 'Alarms' is present on page 

2020-04-27 14:13:52 - [MESSAGE][PASSED] - Text 'Alarms' is present on page 

2020-04-27 14:13:52 - [TEST_STEP][PASSED] - verifyTextPresent("Extinguishers", false): Text 'Extinguishers' is present on page 

2020-04-27 14:13:53 - [MESSAGE][PASSED] - Text 'Extinguishers' is present on page 

2020-04-27 14:13:53 - [MESSAGE][PASSED] - Call Test Case 'Test Cases/Reusable_Test_Sequences/Web_Office/Verification/Reports/By_Category_and_Location' successfully

2020-04-27 14:13:53 - [TEST_STEP][PASSED] - "--------------------------": null

2020-04-27 14:13:53 - [TEST_STEP][PASSED] - " Teardown - CLose Browser |": null

2020-04-27 14:13:53 - [TEST_STEP][PASSED] - callTestCase(findTestCase("Reusable_Test_Sequences/CAT_Teardown"), [:], OPTIONAL): Call Test Case 'Test Cases/Reusable_Test_Sequences/CAT_Teardown' successfully

2020-04-27 14:13:53 - [TEST_CASE][PASSED] - Test Cases/Reusable_Test_Sequences/CAT_Teardown: Test Cases/Reusable_Test_Sequences/CAT_Teardown

2020-04-27 14:13:53 - [TEST_STEP][PASSED] - closeBrowser(): Browser is closed

2020-04-27 14:13:54 - [MESSAGE][PASSED] - Browser is closed

2020-04-27 14:13:54 - [TEST_STEP][PASSED] - super.finalize(): null

2020-04-27 14:13:54 - [TEST_STEP][PASSED] - System.gc(): null

2020-04-27 14:13:54 - [MESSAGE][PASSED] - Call Test Case 'Test Cases/Reusable_Test_Sequences/CAT_Teardown' successfully]]></system-out>
         <system-err><![CDATA[]]></system-err>
      </testcase>
      <testcase name="Test Cases/Web_Office/Reports/By_Category" time="19.65" classname="Test Cases/Web_Office/Reports/By_Category" status="PASSED">
         <system-out><![CDATA[2020-04-27 14:13:54 - [TEST_CASE][PASSED] - Test Cases/Web_Office/Reports/By_Category: Test Cases/Web_Office/Reports/By_Category

2020-04-27 14:13:54 - [TEST_STEP][PASSED] - "--------------------------------------": null

2020-04-27 14:13:54 - [TEST_STEP][PASSED] - " Web Office StartUp                  |": null

2020-04-27 14:13:54 - [TEST_STEP][PASSED] - callTestCase(findTestCase("Reusable_Test_Sequences/Web_Office/Directives/WebOffice_StartUp"), [:], STOP_ON_FAILURE): Call Test Case 'Test Cases/Reusable_Test_Sequences/Web_Office/Directives/WebOffice_StartUp' successfully

2020-04-27 14:13:54 - [TEST_CASE][PASSED] - Test Cases/Reusable_Test_Sequences/Web_Office/Directives/WebOffice_StartUp: Test Cases/Reusable_Test_Sequences/Web_Office/Directives/WebOffice_StartUp

2020-04-27 14:13:54 - [TEST_STEP][PASSED] - "-----------------------------------------------------------------------------": null

2020-04-27 14:13:54 - [TEST_STEP][PASSED] - if (URL == "https://www.dev.checkatrade.com/"): null

2020-04-27 14:13:54 - [TEST_STEP][PASSED] - "-----------------------------------------------------------------------------": null

2020-04-27 14:13:54 - [TEST_STEP][PASSED] - if (URL == "https://www.checkatrade.com/"): null

2020-04-27 14:13:54 - [TEST_STEP][PASSED] - "-----------------------------------------------------------------------------": null

2020-04-27 14:13:54 - [TEST_STEP][PASSED] - if (URL == "https://www.preview.checkatrade.com/"): null

2020-04-27 14:13:54 - [TEST_STEP][PASSED] - WebOfficeURL = "https://admin.preview.checkatrade.com/": null

2020-04-27 14:13:54 - [TEST_STEP][PASSED] - if (URL == "https://www.dev2.checkatrade.com/"): null

2020-04-27 14:13:54 - [TEST_STEP][PASSED] - "Set Function Area for "URL_Handler", URL Resolution": null

2020-04-27 14:13:54 - [TEST_STEP][PASSED] - "Do Some Magic with URL(s) See the comments within URL Handler ": null

2020-04-27 14:13:54 - [TEST_STEP][PASSED] - "------------------------------------------------": null

2020-04-27 14:13:54 - [TEST_STEP][PASSED] - "Moved Login Credentials to <Default> profile 22/01/2020": null

2020-04-27 14:13:54 - [TEST_STEP][PASSED] - "------------------------------------------------": null

2020-04-27 14:13:54 - [TEST_STEP][PASSED] - "WebOfficeURL - Set from the ENVIRONMENT PROFILE ": null

2020-04-27 14:13:54 - [TEST_STEP][PASSED] - "OPEN BROWSER": null

2020-04-27 14:13:54 - [TEST_STEP][PASSED] - "eg - https://admin.preview.checkatrade.com/  ": null

2020-04-27 14:13:54 - [TEST_STEP][PASSED] - openBrowser(WebOfficeURL): Browser is opened with url: 'https://admin.preview.checkatrade.com/'

2020-04-27 14:13:54 - [MESSAGE][INFO] - Starting 'Chrome' driver

2020-04-27 14:13:54 - [MESSAGE][INFO] - Action delay is set to 0 milliseconds

2020-04-27 14:14:00 - [MESSAGE][PASSED] - Browser is opened with url: 'https://admin.preview.checkatrade.com/'

2020-04-27 14:14:00 - [TEST_STEP][PASSED] - maximizeWindow(): Current window maximized

2020-04-27 14:14:02 - [MESSAGE][PASSED] - Current window maximized

2020-04-27 14:14:02 - [TEST_STEP][PASSED] - waitForElementClickable(findTestObject("Object Repository/WebOffice/Page_Checkatrade - Administration - Login/Login_Button"), 25): Object 'Object Repository/WebOffice/Page_Checkatrade - Administration - Login/Login_Button' is clickable

2020-04-27 14:14:02 - [MESSAGE][PASSED] - Object 'Object Repository/WebOffice/Page_Checkatrade - Administration - Login/Login_Button' is clickable

2020-04-27 14:14:02 - [TEST_STEP][PASSED] - verifyTextPresent("Checkatrade Web Office", false): Text 'Checkatrade Web Office' is present on page 

2020-04-27 14:14:02 - [MESSAGE][PASSED] - Text 'Checkatrade Web Office' is present on page 

2020-04-27 14:14:02 - [TEST_STEP][PASSED] - verifyTextPresent("Access for staff use only", false): Text 'Access for staff use only' is present on page 

2020-04-27 14:14:02 - [MESSAGE][PASSED] - Text 'Access for staff use only' is present on page 

2020-04-27 14:14:02 - [TEST_STEP][PASSED] - verifyTextPresent("Forgotten password?", false): Text 'Forgotten password?' is present on page 

2020-04-27 14:14:02 - [MESSAGE][PASSED] - Text 'Forgotten password?' is present on page 

2020-04-27 14:14:02 - [TEST_STEP][PASSED] - setText(findTestObject("Object Repository/WebOffice/Page_Checkatrade - Administration - Login/input_Username_LoginControlUserName"), wo_Username): Text 'DavidHo' is set on object 'Object Repository/WebOffice/Page_Checkatrade - Administration - Login/input_Username_LoginControlUserName'

2020-04-27 14:14:02 - [MESSAGE][PASSED] - Text 'DavidHo' is set on object 'Object Repository/WebOffice/Page_Checkatrade - Administration - Login/input_Username_LoginControlUserName'

2020-04-27 14:14:02 - [TEST_STEP][PASSED] - setText(findTestObject("Object Repository/WebOffice/Page_Checkatrade - Administration - Login/input_Password_LoginControlPassword"), wo_Password): Text 'Check123' is set on object 'Object Repository/WebOffice/Page_Checkatrade - Administration - Login/input_Password_LoginControlPassword'

2020-04-27 14:14:03 - [MESSAGE][PASSED] - Text 'Check123' is set on object 'Object Repository/WebOffice/Page_Checkatrade - Administration - Login/input_Password_LoginControlPassword'

2020-04-27 14:14:03 - [TEST_STEP][PASSED] - click(findTestObject("Object Repository/WebOffice/Page_Checkatrade - Administration - Login/Login_Button")): Object: 'Object Repository/WebOffice/Page_Checkatrade - Administration - Login/Login_Button' is clicked on

2020-04-27 14:14:04 - [MESSAGE][PASSED] - Object: 'Object Repository/WebOffice/Page_Checkatrade - Administration - Login/Login_Button' is clicked on

2020-04-27 14:14:04 - [TEST_STEP][PASSED] - waitForPageLoad(60): Wait for page load successfully

2020-04-27 14:14:04 - [MESSAGE][PASSED] - Wait for page load successfully

2020-04-27 14:14:04 - [TEST_STEP][PASSED] - verifyTextPresent("Welcome " + wo_Username, false): Text 'Welcome DavidHo' is present on page 

2020-04-27 14:14:04 - [MESSAGE][PASSED] - Text 'Welcome DavidHo' is present on page 

2020-04-27 14:14:04 - [MESSAGE][PASSED] - Call Test Case 'Test Cases/Reusable_Test_Sequences/Web_Office/Directives/WebOffice_StartUp' successfully

2020-04-27 14:14:04 - [TEST_STEP][PASSED] - "-----------------------------------------------------------------": null

2020-04-27 14:14:04 - [TEST_STEP][PASSED] - " Navigate to <Settings->Checkatrade.Com->Sub Item> Menu Item     |": null

2020-04-27 14:14:04 - [TEST_STEP][PASSED] - callTestCase(findTestCase("Reusable_Test_Sequences/Web_Office/Navigation/Sub_Menu_Navigation/Reports/By_Category"), [:], STOP_ON_FAILURE): Call Test Case 'Test Cases/Reusable_Test_Sequences/Web_Office/Navigation/Sub_Menu_Navigation/Reports/By_Category' successfully

2020-04-27 14:14:04 - [TEST_CASE][PASSED] - Test Cases/Reusable_Test_Sequences/Web_Office/Navigation/Sub_Menu_Navigation/Reports/By_Category: Test Cases/Reusable_Test_Sequences/Web_Office/Navigation/Sub_Menu_Navigation/Reports/By_Category

2020-04-27 14:14:04 - [TEST_STEP][PASSED] - "--------------------------------------": null

2020-04-27 14:14:04 - [TEST_STEP][PASSED] - " Navigate Top level menu Item         |": null

2020-04-27 14:14:04 - [TEST_STEP][PASSED] - waitForPageLoad(60): Wait for page load successfully

2020-04-27 14:14:04 - [MESSAGE][PASSED] - Wait for page load successfully

2020-04-27 14:14:04 - [TEST_STEP][PASSED] - waitForElementClickable(findTestObject("Object Repository/WebOffice_Home_page/a_Reports"), 60): Object 'Object Repository/WebOffice_Home_page/a_Reports' is clickable

2020-04-27 14:14:04 - [MESSAGE][PASSED] - Object 'Object Repository/WebOffice_Home_page/a_Reports' is clickable

2020-04-27 14:14:04 - [TEST_STEP][PASSED] - mouseOver(findTestObject("Object Repository/WebOffice_Home_page/a_Reports")): Object: 'Object Repository/WebOffice_Home_page/a_Reports' is hovered

2020-04-27 14:14:05 - [MESSAGE][PASSED] - Object: 'Object Repository/WebOffice_Home_page/a_Reports' is hovered

2020-04-27 14:14:05 - [TEST_STEP][PASSED] - mouseOver(findTestObject("Object Repository/WebOffice_Home_page/Page_/a_Consumers")): Object: 'Object Repository/WebOffice_Home_page/Page_/a_Consumers' is hovered

2020-04-27 14:14:05 - [MESSAGE][PASSED] - Object: 'Object Repository/WebOffice_Home_page/Page_/a_Consumers' is hovered

2020-04-27 14:14:05 - [TEST_STEP][PASSED] - mouseOver(findTestObject("Object Repository/WebOffice_Home_page/Page_/a_Consumer Searches")): Object: 'Object Repository/WebOffice_Home_page/Page_/a_Consumer Searches' is hovered

2020-04-27 14:14:05 - [MESSAGE][PASSED] - Object: 'Object Repository/WebOffice_Home_page/Page_/a_Consumer Searches' is hovered

2020-04-27 14:14:05 - [TEST_STEP][PASSED] - waitForPageLoad(5): Wait for page load successfully

2020-04-27 14:14:05 - [MESSAGE][PASSED] - Wait for page load successfully

2020-04-27 14:14:05 - [TEST_STEP][PASSED] - waitForElementClickable(findTestObject("Object Repository/WebOffice_Home_page/a_By Category"), 5): Object 'Object Repository/WebOffice_Home_page/a_By Category' is clickable

2020-04-27 14:14:05 - [MESSAGE][PASSED] - Object 'Object Repository/WebOffice_Home_page/a_By Category' is clickable

2020-04-27 14:14:05 - [TEST_STEP][PASSED] - click(findTestObject("Object Repository/WebOffice_Home_page/a_By Category")): Object: 'Object Repository/WebOffice_Home_page/a_By Category' is clicked on

2020-04-27 14:14:06 - [MESSAGE][PASSED] - Object: 'Object Repository/WebOffice_Home_page/a_By Category' is clicked on

2020-04-27 14:14:06 - [MESSAGE][PASSED] - Call Test Case 'Test Cases/Reusable_Test_Sequences/Web_Office/Navigation/Sub_Menu_Navigation/Reports/By_Category' successfully

2020-04-27 14:14:06 - [TEST_STEP][PASSED] - "--------------------------------------": null

2020-04-27 14:14:06 - [TEST_STEP][PASSED] - " Verify Returned Page Detail          |": null

2020-04-27 14:14:06 - [TEST_STEP][PASSED] - callTestCase(findTestCase("Reusable_Test_Sequences/Web_Office/Verification/Reports/By_Category"), [:], OPTIONAL): Call Test Case 'Test Cases/Reusable_Test_Sequences/Web_Office/Verification/Reports/By_Category' successfully

2020-04-27 14:14:06 - [TEST_CASE][PASSED] - Test Cases/Reusable_Test_Sequences/Web_Office/Verification/Reports/By_Category: Test Cases/Reusable_Test_Sequences/Web_Office/Verification/Reports/By_Category

2020-04-27 14:14:06 - [TEST_STEP][PASSED] - waitForPageLoad(120): Wait for page load successfully

2020-04-27 14:14:06 - [MESSAGE][PASSED] - Wait for page load successfully

2020-04-27 14:14:06 - [TEST_STEP][PASSED] - delay(1): Delayed 1 second(s)

2020-04-27 14:14:07 - [MESSAGE][PASSED] - Delayed 1 second(s)

2020-04-27 14:14:07 - [TEST_STEP][PASSED] - verifyTextPresent("Consumer Searches", false): Text 'Consumer Searches' is present on page 

2020-04-27 14:14:08 - [MESSAGE][PASSED] - Text 'Consumer Searches' is present on page 

2020-04-27 14:14:08 - [TEST_STEP][PASSED] - "----------------------------------------------": null

2020-04-27 14:14:08 - [TEST_STEP][PASSED] - verifyTextPresent("From", false): Text 'From' is present on page 

2020-04-27 14:14:08 - [MESSAGE][PASSED] - Text 'From' is present on page 

2020-04-27 14:14:08 - [TEST_STEP][PASSED] - verifyTextPresent("Popular Categories", false): Text 'Popular Categories' is present on page 

2020-04-27 14:14:08 - [MESSAGE][PASSED] - Text 'Popular Categories' is present on page 

2020-04-27 14:14:08 - [TEST_STEP][PASSED] - verifyTextPresent("Search for", false): Text 'Search for' is present on page 

2020-04-27 14:14:09 - [MESSAGE][PASSED] - Text 'Search for' is present on page 

2020-04-27 14:14:09 - [TEST_STEP][PASSED] - verifyTextPresent("No. Results", false): Text 'No. Results' is present on page 

2020-04-27 14:14:09 - [MESSAGE][PASSED] - Text 'No. Results' is present on page 

2020-04-27 14:14:09 - [TEST_STEP][PASSED] - verifyTextPresent("No. Searches", false): Text 'No. Searches' is present on page 

2020-04-27 14:14:09 - [MESSAGE][PASSED] - Text 'No. Searches' is present on page 

2020-04-27 14:14:09 - [TEST_STEP][PASSED] - "----------------------------------------------": null

2020-04-27 14:14:09 - [TEST_STEP][PASSED] - verifyTextPresent("Plumber", false): Text 'Plumber' is present on page 

2020-04-27 14:14:09 - [MESSAGE][PASSED] - Text 'Plumber' is present on page 

2020-04-27 14:14:09 - [TEST_STEP][PASSED] - verifyTextPresent("Builder", false): Text 'Builder' is present on page 

2020-04-27 14:14:10 - [MESSAGE][PASSED] - Text 'Builder' is present on page 

2020-04-27 14:14:10 - [TEST_STEP][PASSED] - verifyTextPresent("Electrician", false): Text 'Electrician' is present on page 

2020-04-27 14:14:10 - [MESSAGE][PASSED] - Text 'Electrician' is present on page 

2020-04-27 14:14:10 - [TEST_STEP][PASSED] - verifyTextPresent("Roofer", false): Text 'Roofer' is present on page 

2020-04-27 14:14:10 - [MESSAGE][PASSED] - Text 'Roofer' is present on page 

2020-04-27 14:14:10 - [TEST_STEP][PASSED] - verifyTextPresent("Painter/Decorator", false): Text 'Painter/Decorator' is present on page 

2020-04-27 14:14:11 - [MESSAGE][PASSED] - Text 'Painter/Decorator' is present on page 

2020-04-27 14:14:11 - [TEST_STEP][PASSED] - verifyTextPresent("Carpenter", false): Text 'Carpenter' is present on page 

2020-04-27 14:14:11 - [MESSAGE][PASSED] - Text 'Carpenter' is present on page 

2020-04-27 14:14:11 - [TEST_STEP][PASSED] - verifyTextPresent("Plasterer", false): Text 'Plasterer' is present on page 

2020-04-27 14:14:11 - [MESSAGE][PASSED] - Text 'Plasterer' is present on page 

2020-04-27 14:14:11 - [TEST_STEP][PASSED] - verifyTextPresent("Roofing Repairs", false): Text 'Roofing Repairs' is present on page 

2020-04-27 14:14:12 - [MESSAGE][PASSED] - Text 'Roofing Repairs' is present on page 

2020-04-27 14:14:12 - [TEST_STEP][PASSED] - verifyTextPresent("Landscaper", false): Text 'Landscaper' is present on page 

2020-04-27 14:14:12 - [MESSAGE][PASSED] - Text 'Landscaper' is present on page 

2020-04-27 14:14:12 - [MESSAGE][PASSED] - Call Test Case 'Test Cases/Reusable_Test_Sequences/Web_Office/Verification/Reports/By_Category' successfully

2020-04-27 14:14:12 - [TEST_STEP][PASSED] - "--------------------------": null

2020-04-27 14:14:12 - [TEST_STEP][PASSED] - " Teardown - CLose Browser |": null

2020-04-27 14:14:12 - [TEST_STEP][PASSED] - callTestCase(findTestCase("Reusable_Test_Sequences/CAT_Teardown"), [:], OPTIONAL): Call Test Case 'Test Cases/Reusable_Test_Sequences/CAT_Teardown' successfully

2020-04-27 14:14:12 - [TEST_CASE][PASSED] - Test Cases/Reusable_Test_Sequences/CAT_Teardown: Test Cases/Reusable_Test_Sequences/CAT_Teardown

2020-04-27 14:14:12 - [TEST_STEP][PASSED] - closeBrowser(): Browser is closed

2020-04-27 14:14:13 - [MESSAGE][PASSED] - Browser is closed

2020-04-27 14:14:13 - [TEST_STEP][PASSED] - super.finalize(): null

2020-04-27 14:14:13 - [TEST_STEP][PASSED] - System.gc(): null

2020-04-27 14:14:13 - [MESSAGE][PASSED] - Call Test Case 'Test Cases/Reusable_Test_Sequences/CAT_Teardown' successfully]]></system-out>
         <system-err><![CDATA[]]></system-err>
      </testcase>
      <testcase name="Test Cases/Web_Office/Reports/By_Location" time="18.161" classname="Test Cases/Web_Office/Reports/By_Location" status="PASSED">
         <system-out><![CDATA[2020-04-27 14:14:13 - [TEST_CASE][PASSED] - Test Cases/Web_Office/Reports/By_Location: Test Cases/Web_Office/Reports/By_Location

2020-04-27 14:14:14 - [TEST_STEP][PASSED] - "--------------------------------------": null

2020-04-27 14:14:14 - [TEST_STEP][PASSED] - " Web Office StartUp                  |": null

2020-04-27 14:14:14 - [TEST_STEP][PASSED] - callTestCase(findTestCase("Reusable_Test_Sequences/Web_Office/Directives/WebOffice_StartUp"), [:], STOP_ON_FAILURE): Call Test Case 'Test Cases/Reusable_Test_Sequences/Web_Office/Directives/WebOffice_StartUp' successfully

2020-04-27 14:14:14 - [TEST_CASE][PASSED] - Test Cases/Reusable_Test_Sequences/Web_Office/Directives/WebOffice_StartUp: Test Cases/Reusable_Test_Sequences/Web_Office/Directives/WebOffice_StartUp

2020-04-27 14:14:14 - [TEST_STEP][PASSED] - "-----------------------------------------------------------------------------": null

2020-04-27 14:14:14 - [TEST_STEP][PASSED] - if (URL == "https://www.dev.checkatrade.com/"): null

2020-04-27 14:14:14 - [TEST_STEP][PASSED] - "-----------------------------------------------------------------------------": null

2020-04-27 14:14:14 - [TEST_STEP][PASSED] - if (URL == "https://www.checkatrade.com/"): null

2020-04-27 14:14:14 - [TEST_STEP][PASSED] - "-----------------------------------------------------------------------------": null

2020-04-27 14:14:14 - [TEST_STEP][PASSED] - if (URL == "https://www.preview.checkatrade.com/"): null

2020-04-27 14:14:14 - [TEST_STEP][PASSED] - WebOfficeURL = "https://admin.preview.checkatrade.com/": null

2020-04-27 14:14:14 - [TEST_STEP][PASSED] - if (URL == "https://www.dev2.checkatrade.com/"): null

2020-04-27 14:14:14 - [TEST_STEP][PASSED] - "Set Function Area for "URL_Handler", URL Resolution": null

2020-04-27 14:14:14 - [TEST_STEP][PASSED] - "Do Some Magic with URL(s) See the comments within URL Handler ": null

2020-04-27 14:14:14 - [TEST_STEP][PASSED] - "------------------------------------------------": null

2020-04-27 14:14:14 - [TEST_STEP][PASSED] - "Moved Login Credentials to <Default> profile 22/01/2020": null

2020-04-27 14:14:14 - [TEST_STEP][PASSED] - "------------------------------------------------": null

2020-04-27 14:14:14 - [TEST_STEP][PASSED] - "WebOfficeURL - Set from the ENVIRONMENT PROFILE ": null

2020-04-27 14:14:14 - [TEST_STEP][PASSED] - "OPEN BROWSER": null

2020-04-27 14:14:14 - [TEST_STEP][PASSED] - "eg - https://admin.preview.checkatrade.com/  ": null

2020-04-27 14:14:14 - [TEST_STEP][PASSED] - openBrowser(WebOfficeURL): Browser is opened with url: 'https://admin.preview.checkatrade.com/'

2020-04-27 14:14:14 - [MESSAGE][INFO] - Starting 'Chrome' driver

2020-04-27 14:14:14 - [MESSAGE][INFO] - Action delay is set to 0 milliseconds

2020-04-27 14:14:19 - [MESSAGE][PASSED] - Browser is opened with url: 'https://admin.preview.checkatrade.com/'

2020-04-27 14:14:19 - [TEST_STEP][PASSED] - maximizeWindow(): Current window maximized

2020-04-27 14:14:21 - [MESSAGE][PASSED] - Current window maximized

2020-04-27 14:14:21 - [TEST_STEP][PASSED] - waitForElementClickable(findTestObject("Object Repository/WebOffice/Page_Checkatrade - Administration - Login/Login_Button"), 25): Object 'Object Repository/WebOffice/Page_Checkatrade - Administration - Login/Login_Button' is clickable

2020-04-27 14:14:21 - [MESSAGE][PASSED] - Object 'Object Repository/WebOffice/Page_Checkatrade - Administration - Login/Login_Button' is clickable

2020-04-27 14:14:21 - [TEST_STEP][PASSED] - verifyTextPresent("Checkatrade Web Office", false): Text 'Checkatrade Web Office' is present on page 

2020-04-27 14:14:21 - [MESSAGE][PASSED] - Text 'Checkatrade Web Office' is present on page 

2020-04-27 14:14:21 - [TEST_STEP][PASSED] - verifyTextPresent("Access for staff use only", false): Text 'Access for staff use only' is present on page 

2020-04-27 14:14:21 - [MESSAGE][PASSED] - Text 'Access for staff use only' is present on page 

2020-04-27 14:14:21 - [TEST_STEP][PASSED] - verifyTextPresent("Forgotten password?", false): Text 'Forgotten password?' is present on page 

2020-04-27 14:14:21 - [MESSAGE][PASSED] - Text 'Forgotten password?' is present on page 

2020-04-27 14:14:21 - [TEST_STEP][PASSED] - setText(findTestObject("Object Repository/WebOffice/Page_Checkatrade - Administration - Login/input_Username_LoginControlUserName"), wo_Username): Text 'DavidHo' is set on object 'Object Repository/WebOffice/Page_Checkatrade - Administration - Login/input_Username_LoginControlUserName'

2020-04-27 14:14:22 - [MESSAGE][PASSED] - Text 'DavidHo' is set on object 'Object Repository/WebOffice/Page_Checkatrade - Administration - Login/input_Username_LoginControlUserName'

2020-04-27 14:14:22 - [TEST_STEP][PASSED] - setText(findTestObject("Object Repository/WebOffice/Page_Checkatrade - Administration - Login/input_Password_LoginControlPassword"), wo_Password): Text 'Check123' is set on object 'Object Repository/WebOffice/Page_Checkatrade - Administration - Login/input_Password_LoginControlPassword'

2020-04-27 14:14:22 - [MESSAGE][PASSED] - Text 'Check123' is set on object 'Object Repository/WebOffice/Page_Checkatrade - Administration - Login/input_Password_LoginControlPassword'

2020-04-27 14:14:22 - [TEST_STEP][PASSED] - click(findTestObject("Object Repository/WebOffice/Page_Checkatrade - Administration - Login/Login_Button")): Object: 'Object Repository/WebOffice/Page_Checkatrade - Administration - Login/Login_Button' is clicked on

2020-04-27 14:14:24 - [MESSAGE][PASSED] - Object: 'Object Repository/WebOffice/Page_Checkatrade - Administration - Login/Login_Button' is clicked on

2020-04-27 14:14:24 - [TEST_STEP][PASSED] - waitForPageLoad(60): Wait for page load successfully

2020-04-27 14:14:24 - [MESSAGE][PASSED] - Wait for page load successfully

2020-04-27 14:14:24 - [TEST_STEP][PASSED] - verifyTextPresent("Welcome " + wo_Username, false): Text 'Welcome DavidHo' is present on page 

2020-04-27 14:14:24 - [MESSAGE][PASSED] - Text 'Welcome DavidHo' is present on page 

2020-04-27 14:14:24 - [MESSAGE][PASSED] - Call Test Case 'Test Cases/Reusable_Test_Sequences/Web_Office/Directives/WebOffice_StartUp' successfully

2020-04-27 14:14:24 - [TEST_STEP][PASSED] - "-----------------------------------------------------------------": null

2020-04-27 14:14:24 - [TEST_STEP][PASSED] - " Navigate to <Reports->Checkatrade.Com->Sub Item> Menu Item     |": null

2020-04-27 14:14:24 - [TEST_STEP][PASSED] - callTestCase(findTestCase("Reusable_Test_Sequences/Web_Office/Navigation/Sub_Menu_Navigation/Reports/By_Location"), [:], STOP_ON_FAILURE): Call Test Case 'Test Cases/Reusable_Test_Sequences/Web_Office/Navigation/Sub_Menu_Navigation/Reports/By_Location' successfully

2020-04-27 14:14:24 - [TEST_CASE][PASSED] - Test Cases/Reusable_Test_Sequences/Web_Office/Navigation/Sub_Menu_Navigation/Reports/By_Location: Test Cases/Reusable_Test_Sequences/Web_Office/Navigation/Sub_Menu_Navigation/Reports/By_Location

2020-04-27 14:14:24 - [TEST_STEP][PASSED] - "--------------------------------------": null

2020-04-27 14:14:24 - [TEST_STEP][PASSED] - " Navigate Top level menu Item         |": null

2020-04-27 14:14:24 - [TEST_STEP][PASSED] - waitForPageLoad(60): Wait for page load successfully

2020-04-27 14:14:24 - [MESSAGE][PASSED] - Wait for page load successfully

2020-04-27 14:14:24 - [TEST_STEP][PASSED] - waitForElementClickable(findTestObject("Object Repository/WebOffice_Home_page/a_Reports"), 60): Object 'Object Repository/WebOffice_Home_page/a_Reports' is clickable

2020-04-27 14:14:25 - [MESSAGE][PASSED] - Object 'Object Repository/WebOffice_Home_page/a_Reports' is clickable

2020-04-27 14:14:25 - [TEST_STEP][PASSED] - mouseOver(findTestObject("Object Repository/WebOffice_Home_page/a_Reports")): Object: 'Object Repository/WebOffice_Home_page/a_Reports' is hovered

2020-04-27 14:14:25 - [MESSAGE][PASSED] - Object: 'Object Repository/WebOffice_Home_page/a_Reports' is hovered

2020-04-27 14:14:25 - [TEST_STEP][PASSED] - mouseOver(findTestObject("Object Repository/WebOffice_Home_page/Page_/a_Consumers")): Object: 'Object Repository/WebOffice_Home_page/Page_/a_Consumers' is hovered

2020-04-27 14:14:25 - [MESSAGE][PASSED] - Object: 'Object Repository/WebOffice_Home_page/Page_/a_Consumers' is hovered

2020-04-27 14:14:25 - [TEST_STEP][PASSED] - mouseOver(findTestObject("Object Repository/WebOffice_Home_page/Page_/a_Consumer Searches")): Object: 'Object Repository/WebOffice_Home_page/Page_/a_Consumer Searches' is hovered

2020-04-27 14:14:25 - [MESSAGE][PASSED] - Object: 'Object Repository/WebOffice_Home_page/Page_/a_Consumer Searches' is hovered

2020-04-27 14:14:25 - [TEST_STEP][PASSED] - waitForPageLoad(5): Wait for page load successfully

2020-04-27 14:14:25 - [MESSAGE][PASSED] - Wait for page load successfully

2020-04-27 14:14:25 - [TEST_STEP][PASSED] - waitForElementClickable(findTestObject("Object Repository/WebOffice_Home_page/a_By Location"), 5): Object 'Object Repository/WebOffice_Home_page/a_By Location' is clickable

2020-04-27 14:14:26 - [MESSAGE][PASSED] - Object 'Object Repository/WebOffice_Home_page/a_By Location' is clickable

2020-04-27 14:14:26 - [TEST_STEP][PASSED] - click(findTestObject("Object Repository/WebOffice_Home_page/a_By Location")): Object: 'Object Repository/WebOffice_Home_page/a_By Location' is clicked on

2020-04-27 14:14:26 - [MESSAGE][PASSED] - Object: 'Object Repository/WebOffice_Home_page/a_By Location' is clicked on

2020-04-27 14:14:26 - [MESSAGE][PASSED] - Call Test Case 'Test Cases/Reusable_Test_Sequences/Web_Office/Navigation/Sub_Menu_Navigation/Reports/By_Location' successfully

2020-04-27 14:14:26 - [TEST_STEP][PASSED] - "--------------------------------------": null

2020-04-27 14:14:26 - [TEST_STEP][PASSED] - " Verify Returned Page Detail          |": null

2020-04-27 14:14:26 - [TEST_STEP][PASSED] - callTestCase(findTestCase("Reusable_Test_Sequences/Web_Office/Verification/Reports/By_Location"), [:], OPTIONAL): Call Test Case 'Test Cases/Reusable_Test_Sequences/Web_Office/Verification/Reports/By_Location' successfully

2020-04-27 14:14:26 - [TEST_CASE][PASSED] - Test Cases/Reusable_Test_Sequences/Web_Office/Verification/Reports/By_Location: Test Cases/Reusable_Test_Sequences/Web_Office/Verification/Reports/By_Location

2020-04-27 14:14:27 - [TEST_STEP][PASSED] - waitForPageLoad(120): Wait for page load successfully

2020-04-27 14:14:27 - [MESSAGE][PASSED] - Wait for page load successfully

2020-04-27 14:14:27 - [TEST_STEP][PASSED] - delay(1): Delayed 1 second(s)

2020-04-27 14:14:28 - [MESSAGE][PASSED] - Delayed 1 second(s)

2020-04-27 14:14:28 - [TEST_STEP][PASSED] - verifyTextPresent("Searches by Location", false): Text 'Searches by Location' is present on page 

2020-04-27 14:14:28 - [MESSAGE][PASSED] - Text 'Searches by Location' is present on page 

2020-04-27 14:14:28 - [TEST_STEP][PASSED] - "----------------------------------------------": null

2020-04-27 14:14:28 - [TEST_STEP][PASSED] - verifyTextPresent("Select counties", false): Text 'Select counties' is present on page 

2020-04-27 14:14:28 - [MESSAGE][PASSED] - Text 'Select counties' is present on page 

2020-04-27 14:14:28 - [TEST_STEP][PASSED] - verifyTextPresent("Town", false): Text 'Town' is present on page 

2020-04-27 14:14:28 - [MESSAGE][PASSED] - Text 'Town' is present on page 

2020-04-27 14:14:28 - [TEST_STEP][PASSED] - verifyTextPresent("By Postcode", false): Text 'By Postcode' is present on page 

2020-04-27 14:14:29 - [MESSAGE][PASSED] - Text 'By Postcode' is present on page 

2020-04-27 14:14:29 - [TEST_STEP][PASSED] - "----------------------------------------------": null

2020-04-27 14:14:29 - [TEST_STEP][PASSED] - verifyTextPresent("Angus", false): Text 'Angus' is present on page 

2020-04-27 14:14:29 - [MESSAGE][PASSED] - Text 'Angus' is present on page 

2020-04-27 14:14:29 - [TEST_STEP][PASSED] - verifyTextPresent("Berkshire", false): Text 'Berkshire' is present on page 

2020-04-27 14:14:29 - [MESSAGE][PASSED] - Text 'Berkshire' is present on page 

2020-04-27 14:14:29 - [TEST_STEP][PASSED] - verifyTextPresent("Avon", false): Text 'Avon' is present on page 

2020-04-27 14:14:30 - [MESSAGE][PASSED] - Text 'Avon' is present on page 

2020-04-27 14:14:30 - [TEST_STEP][PASSED] - "----------------------------------------------": null

2020-04-27 14:14:30 - [TEST_STEP][PASSED] - verifyTextPresent("Tip: Use Shift or Control when clicking on the lists to select multiple options", false): Text 'Tip: Use Shift or Control when clicking on the lists to select multiple options' is present on page 

2020-04-27 14:14:30 - [MESSAGE][PASSED] - Text 'Tip: Use Shift or Control when clicking on the lists to select multiple options' is present on page 

2020-04-27 14:14:30 - [TEST_STEP][PASSED] - verifyTextPresent("Select Date Range", false): Text 'Select Date Range' is present on page 

2020-04-27 14:14:30 - [MESSAGE][PASSED] - Text 'Select Date Range' is present on page 

2020-04-27 14:14:30 - [TEST_STEP][PASSED] - verifyTextPresent("From", false): Text 'From' is present on page 

2020-04-27 14:14:30 - [MESSAGE][PASSED] - Text 'From' is present on page 

2020-04-27 14:14:30 - [TEST_STEP][PASSED] - verifyTextPresent("To", false): Text 'To' is present on page 

2020-04-27 14:14:30 - [MESSAGE][PASSED] - Text 'To' is present on page 

2020-04-27 14:14:30 - [MESSAGE][PASSED] - Call Test Case 'Test Cases/Reusable_Test_Sequences/Web_Office/Verification/Reports/By_Location' successfully

2020-04-27 14:14:30 - [TEST_STEP][PASSED] - "--------------------------": null

2020-04-27 14:14:30 - [TEST_STEP][PASSED] - " Teardown - CLose Browser |": null

2020-04-27 14:14:30 - [TEST_STEP][PASSED] - callTestCase(findTestCase("Reusable_Test_Sequences/CAT_Teardown"), [:], OPTIONAL): Call Test Case 'Test Cases/Reusable_Test_Sequences/CAT_Teardown' successfully

2020-04-27 14:14:30 - [TEST_CASE][PASSED] - Test Cases/Reusable_Test_Sequences/CAT_Teardown: Test Cases/Reusable_Test_Sequences/CAT_Teardown

2020-04-27 14:14:30 - [TEST_STEP][PASSED] - closeBrowser(): Browser is closed

2020-04-27 14:14:31 - [MESSAGE][PASSED] - Browser is closed

2020-04-27 14:14:31 - [TEST_STEP][PASSED] - super.finalize(): null

2020-04-27 14:14:31 - [TEST_STEP][PASSED] - System.gc(): null

2020-04-27 14:14:31 - [MESSAGE][PASSED] - Call Test Case 'Test Cases/Reusable_Test_Sequences/CAT_Teardown' successfully]]></system-out>
         <system-err><![CDATA[]]></system-err>
      </testcase>
      <testcase name="Test Cases/Web_Office/Reports/Returning_No_Results" time="16.809" classname="Test Cases/Web_Office/Reports/Returning_No_Results" status="PASSED">
         <system-out><![CDATA[2020-04-27 14:14:31 - [TEST_CASE][PASSED] - Test Cases/Web_Office/Reports/Returning_No_Results: Test Cases/Web_Office/Reports/Returning_No_Results

2020-04-27 14:14:32 - [TEST_STEP][PASSED] - "--------------------------------------": null

2020-04-27 14:14:32 - [TEST_STEP][PASSED] - " Web Office StartUp                  |": null

2020-04-27 14:14:32 - [TEST_STEP][PASSED] - callTestCase(findTestCase("Reusable_Test_Sequences/Web_Office/Directives/WebOffice_StartUp"), [:], STOP_ON_FAILURE): Call Test Case 'Test Cases/Reusable_Test_Sequences/Web_Office/Directives/WebOffice_StartUp' successfully

2020-04-27 14:14:32 - [TEST_CASE][PASSED] - Test Cases/Reusable_Test_Sequences/Web_Office/Directives/WebOffice_StartUp: Test Cases/Reusable_Test_Sequences/Web_Office/Directives/WebOffice_StartUp

2020-04-27 14:14:32 - [TEST_STEP][PASSED] - "-----------------------------------------------------------------------------": null

2020-04-27 14:14:32 - [TEST_STEP][PASSED] - if (URL == "https://www.dev.checkatrade.com/"): null

2020-04-27 14:14:32 - [TEST_STEP][PASSED] - "-----------------------------------------------------------------------------": null

2020-04-27 14:14:32 - [TEST_STEP][PASSED] - if (URL == "https://www.checkatrade.com/"): null

2020-04-27 14:14:32 - [TEST_STEP][PASSED] - "-----------------------------------------------------------------------------": null

2020-04-27 14:14:32 - [TEST_STEP][PASSED] - if (URL == "https://www.preview.checkatrade.com/"): null

2020-04-27 14:14:32 - [TEST_STEP][PASSED] - WebOfficeURL = "https://admin.preview.checkatrade.com/": null

2020-04-27 14:14:32 - [TEST_STEP][PASSED] - if (URL == "https://www.dev2.checkatrade.com/"): null

2020-04-27 14:14:32 - [TEST_STEP][PASSED] - "Set Function Area for "URL_Handler", URL Resolution": null

2020-04-27 14:14:32 - [TEST_STEP][PASSED] - "Do Some Magic with URL(s) See the comments within URL Handler ": null

2020-04-27 14:14:32 - [TEST_STEP][PASSED] - "------------------------------------------------": null

2020-04-27 14:14:32 - [TEST_STEP][PASSED] - "Moved Login Credentials to <Default> profile 22/01/2020": null

2020-04-27 14:14:32 - [TEST_STEP][PASSED] - "------------------------------------------------": null

2020-04-27 14:14:32 - [TEST_STEP][PASSED] - "WebOfficeURL - Set from the ENVIRONMENT PROFILE ": null

2020-04-27 14:14:32 - [TEST_STEP][PASSED] - "OPEN BROWSER": null

2020-04-27 14:14:32 - [TEST_STEP][PASSED] - "eg - https://admin.preview.checkatrade.com/  ": null

2020-04-27 14:14:32 - [TEST_STEP][PASSED] - openBrowser(WebOfficeURL): Browser is opened with url: 'https://admin.preview.checkatrade.com/'

2020-04-27 14:14:32 - [MESSAGE][INFO] - Starting 'Chrome' driver

2020-04-27 14:14:32 - [MESSAGE][INFO] - Action delay is set to 0 milliseconds

2020-04-27 14:14:37 - [MESSAGE][PASSED] - Browser is opened with url: 'https://admin.preview.checkatrade.com/'

2020-04-27 14:14:37 - [TEST_STEP][PASSED] - maximizeWindow(): Current window maximized

2020-04-27 14:14:39 - [MESSAGE][PASSED] - Current window maximized

2020-04-27 14:14:39 - [TEST_STEP][PASSED] - waitForElementClickable(findTestObject("Object Repository/WebOffice/Page_Checkatrade - Administration - Login/Login_Button"), 25): Object 'Object Repository/WebOffice/Page_Checkatrade - Administration - Login/Login_Button' is clickable

2020-04-27 14:14:39 - [MESSAGE][PASSED] - Object 'Object Repository/WebOffice/Page_Checkatrade - Administration - Login/Login_Button' is clickable

2020-04-27 14:14:39 - [TEST_STEP][PASSED] - verifyTextPresent("Checkatrade Web Office", false): Text 'Checkatrade Web Office' is present on page 

2020-04-27 14:14:39 - [MESSAGE][PASSED] - Text 'Checkatrade Web Office' is present on page 

2020-04-27 14:14:39 - [TEST_STEP][PASSED] - verifyTextPresent("Access for staff use only", false): Text 'Access for staff use only' is present on page 

2020-04-27 14:14:39 - [MESSAGE][PASSED] - Text 'Access for staff use only' is present on page 

2020-04-27 14:14:39 - [TEST_STEP][PASSED] - verifyTextPresent("Forgotten password?", false): Text 'Forgotten password?' is present on page 

2020-04-27 14:14:40 - [MESSAGE][PASSED] - Text 'Forgotten password?' is present on page 

2020-04-27 14:14:40 - [TEST_STEP][PASSED] - setText(findTestObject("Object Repository/WebOffice/Page_Checkatrade - Administration - Login/input_Username_LoginControlUserName"), wo_Username): Text 'DavidHo' is set on object 'Object Repository/WebOffice/Page_Checkatrade - Administration - Login/input_Username_LoginControlUserName'

2020-04-27 14:14:40 - [MESSAGE][PASSED] - Text 'DavidHo' is set on object 'Object Repository/WebOffice/Page_Checkatrade - Administration - Login/input_Username_LoginControlUserName'

2020-04-27 14:14:40 - [TEST_STEP][PASSED] - setText(findTestObject("Object Repository/WebOffice/Page_Checkatrade - Administration - Login/input_Password_LoginControlPassword"), wo_Password): Text 'Check123' is set on object 'Object Repository/WebOffice/Page_Checkatrade - Administration - Login/input_Password_LoginControlPassword'

2020-04-27 14:14:40 - [MESSAGE][PASSED] - Text 'Check123' is set on object 'Object Repository/WebOffice/Page_Checkatrade - Administration - Login/input_Password_LoginControlPassword'

2020-04-27 14:14:40 - [TEST_STEP][PASSED] - click(findTestObject("Object Repository/WebOffice/Page_Checkatrade - Administration - Login/Login_Button")): Object: 'Object Repository/WebOffice/Page_Checkatrade - Administration - Login/Login_Button' is clicked on

2020-04-27 14:14:41 - [MESSAGE][PASSED] - Object: 'Object Repository/WebOffice/Page_Checkatrade - Administration - Login/Login_Button' is clicked on

2020-04-27 14:14:41 - [TEST_STEP][PASSED] - waitForPageLoad(60): Wait for page load successfully

2020-04-27 14:14:41 - [MESSAGE][PASSED] - Wait for page load successfully

2020-04-27 14:14:41 - [TEST_STEP][PASSED] - verifyTextPresent("Welcome " + wo_Username, false): Text 'Welcome DavidHo' is present on page 

2020-04-27 14:14:41 - [MESSAGE][PASSED] - Text 'Welcome DavidHo' is present on page 

2020-04-27 14:14:41 - [MESSAGE][PASSED] - Call Test Case 'Test Cases/Reusable_Test_Sequences/Web_Office/Directives/WebOffice_StartUp' successfully

2020-04-27 14:14:41 - [TEST_STEP][PASSED] - "-----------------------------------------------------------------": null

2020-04-27 14:14:41 - [TEST_STEP][PASSED] - " Navigate to <Reports->Checkatrade.Com->Sub Item> Menu Item     |": null

2020-04-27 14:14:41 - [TEST_STEP][PASSED] - callTestCase(findTestCase("Reusable_Test_Sequences/Web_Office/Navigation/Sub_Menu_Navigation/Reports/Returning_No_Results"), [:], STOP_ON_FAILURE): Call Test Case 'Test Cases/Reusable_Test_Sequences/Web_Office/Navigation/Sub_Menu_Navigation/Reports/Returning_No_Results' successfully

2020-04-27 14:14:41 - [TEST_CASE][PASSED] - Test Cases/Reusable_Test_Sequences/Web_Office/Navigation/Sub_Menu_Navigation/Reports/Returning_No_Results: Test Cases/Reusable_Test_Sequences/Web_Office/Navigation/Sub_Menu_Navigation/Reports/Returning_No_Results

2020-04-27 14:14:41 - [TEST_STEP][PASSED] - "--------------------------------------": null

2020-04-27 14:14:41 - [TEST_STEP][PASSED] - " Navigate Top level menu Item         |": null

2020-04-27 14:14:41 - [TEST_STEP][PASSED] - waitForPageLoad(60): Wait for page load successfully

2020-04-27 14:14:41 - [MESSAGE][PASSED] - Wait for page load successfully

2020-04-27 14:14:41 - [TEST_STEP][PASSED] - waitForElementClickable(findTestObject("Object Repository/WebOffice_Home_page/a_Reports"), 60): Object 'Object Repository/WebOffice_Home_page/a_Reports' is clickable

2020-04-27 14:14:41 - [MESSAGE][PASSED] - Object 'Object Repository/WebOffice_Home_page/a_Reports' is clickable

2020-04-27 14:14:41 - [TEST_STEP][PASSED] - mouseOver(findTestObject("Object Repository/WebOffice_Home_page/a_Reports")): Object: 'Object Repository/WebOffice_Home_page/a_Reports' is hovered

2020-04-27 14:14:42 - [MESSAGE][PASSED] - Object: 'Object Repository/WebOffice_Home_page/a_Reports' is hovered

2020-04-27 14:14:42 - [TEST_STEP][PASSED] - mouseOver(findTestObject("Object Repository/WebOffice_Home_page/Page_/a_Consumers")): Object: 'Object Repository/WebOffice_Home_page/Page_/a_Consumers' is hovered

2020-04-27 14:14:42 - [MESSAGE][PASSED] - Object: 'Object Repository/WebOffice_Home_page/Page_/a_Consumers' is hovered

2020-04-27 14:14:42 - [TEST_STEP][PASSED] - mouseOver(findTestObject("Object Repository/WebOffice_Home_page/Page_/a_Consumer Searches")): Object: 'Object Repository/WebOffice_Home_page/Page_/a_Consumer Searches' is hovered

2020-04-27 14:14:42 - [MESSAGE][PASSED] - Object: 'Object Repository/WebOffice_Home_page/Page_/a_Consumer Searches' is hovered

2020-04-27 14:14:42 - [TEST_STEP][PASSED] - waitForPageLoad(5): Wait for page load successfully

2020-04-27 14:14:42 - [MESSAGE][PASSED] - Wait for page load successfully

2020-04-27 14:14:42 - [TEST_STEP][PASSED] - waitForElementClickable(findTestObject("Object Repository/WebOffice_Home_page/a_Returning No Results"), 5): Object 'Object Repository/WebOffice_Home_page/a_Returning No Results' is clickable

2020-04-27 14:14:42 - [MESSAGE][PASSED] - Object 'Object Repository/WebOffice_Home_page/a_Returning No Results' is clickable

2020-04-27 14:14:42 - [TEST_STEP][PASSED] - click(findTestObject("Object Repository/WebOffice_Home_page/a_Returning No Results")): Object: 'Object Repository/WebOffice_Home_page/a_Returning No Results' is clicked on

2020-04-27 14:14:43 - [MESSAGE][PASSED] - Object: 'Object Repository/WebOffice_Home_page/a_Returning No Results' is clicked on

2020-04-27 14:14:43 - [MESSAGE][PASSED] - Call Test Case 'Test Cases/Reusable_Test_Sequences/Web_Office/Navigation/Sub_Menu_Navigation/Reports/Returning_No_Results' successfully

2020-04-27 14:14:43 - [TEST_STEP][PASSED] - "--------------------------------------": null

2020-04-27 14:14:43 - [TEST_STEP][PASSED] - " Verify Returned Page Detail          |": null

2020-04-27 14:14:43 - [TEST_STEP][PASSED] - callTestCase(findTestCase("Reusable_Test_Sequences/Web_Office/Verification/Reports/Returning_No_Results"), [:], OPTIONAL): Call Test Case 'Test Cases/Reusable_Test_Sequences/Web_Office/Verification/Reports/Returning_No_Results' successfully

2020-04-27 14:14:43 - [TEST_CASE][PASSED] - Test Cases/Reusable_Test_Sequences/Web_Office/Verification/Reports/Returning_No_Results: Test Cases/Reusable_Test_Sequences/Web_Office/Verification/Reports/Returning_No_Results

2020-04-27 14:14:44 - [TEST_STEP][PASSED] - waitForPageLoad(120): Wait for page load successfully

2020-04-27 14:14:44 - [MESSAGE][PASSED] - Wait for page load successfully

2020-04-27 14:14:44 - [TEST_STEP][PASSED] - delay(1): Delayed 1 second(s)

2020-04-27 14:14:45 - [MESSAGE][PASSED] - Delayed 1 second(s)

2020-04-27 14:14:45 - [TEST_STEP][PASSED] - verifyTextPresent("Consumer Searches", false): Text 'Consumer Searches' is present on page 

2020-04-27 14:14:45 - [MESSAGE][PASSED] - Text 'Consumer Searches' is present on page 

2020-04-27 14:14:45 - [TEST_STEP][PASSED] - "----------------------------------------------": null

2020-04-27 14:14:45 - [TEST_STEP][PASSED] - verifyTextPresent("Returning No Results", false): Text 'Returning No Results' is present on page 

2020-04-27 14:14:45 - [MESSAGE][PASSED] - Text 'Returning No Results' is present on page 

2020-04-27 14:14:45 - [TEST_STEP][PASSED] - verifyTextPresent("From", false): Text 'From' is present on page 

2020-04-27 14:14:45 - [MESSAGE][PASSED] - Text 'From' is present on page 

2020-04-27 14:14:45 - [TEST_STEP][PASSED] - verifyTextPresent("To", false): Text 'To' is present on page 

2020-04-27 14:14:46 - [MESSAGE][PASSED] - Text 'To' is present on page 

2020-04-27 14:14:46 - [MESSAGE][PASSED] - Call Test Case 'Test Cases/Reusable_Test_Sequences/Web_Office/Verification/Reports/Returning_No_Results' successfully

2020-04-27 14:14:46 - [TEST_STEP][PASSED] - "--------------------------": null

2020-04-27 14:14:46 - [TEST_STEP][PASSED] - " Teardown - CLose Browser |": null

2020-04-27 14:14:46 - [TEST_STEP][PASSED] - callTestCase(findTestCase("Reusable_Test_Sequences/CAT_Teardown"), [:], OPTIONAL): Call Test Case 'Test Cases/Reusable_Test_Sequences/CAT_Teardown' successfully

2020-04-27 14:14:46 - [TEST_CASE][PASSED] - Test Cases/Reusable_Test_Sequences/CAT_Teardown: Test Cases/Reusable_Test_Sequences/CAT_Teardown

2020-04-27 14:14:46 - [TEST_STEP][PASSED] - closeBrowser(): Browser is closed

2020-04-27 14:14:48 - [MESSAGE][PASSED] - Browser is closed

2020-04-27 14:14:48 - [TEST_STEP][PASSED] - super.finalize(): null

2020-04-27 14:14:48 - [TEST_STEP][PASSED] - System.gc(): null

2020-04-27 14:14:48 - [MESSAGE][PASSED] - Call Test Case 'Test Cases/Reusable_Test_Sequences/CAT_Teardown' successfully]]></system-out>
         <system-err><![CDATA[]]></system-err>
      </testcase>
      <testcase name="Test Cases/Web_Office/Reports/Search_Tracking" time="27.068" classname="Test Cases/Web_Office/Reports/Search_Tracking" status="PASSED">
         <system-out><![CDATA[2020-04-27 14:14:48 - [TEST_CASE][PASSED] - Test Cases/Web_Office/Reports/Search_Tracking: Test Cases/Web_Office/Reports/Search_Tracking

2020-04-27 14:14:49 - [TEST_STEP][PASSED] - "--------------------------------------": null

2020-04-27 14:14:49 - [TEST_STEP][PASSED] - " Web Office StartUp                  |": null

2020-04-27 14:14:49 - [TEST_STEP][PASSED] - callTestCase(findTestCase("Reusable_Test_Sequences/Web_Office/Directives/WebOffice_StartUp"), [:], STOP_ON_FAILURE): Call Test Case 'Test Cases/Reusable_Test_Sequences/Web_Office/Directives/WebOffice_StartUp' successfully

2020-04-27 14:14:49 - [TEST_CASE][PASSED] - Test Cases/Reusable_Test_Sequences/Web_Office/Directives/WebOffice_StartUp: Test Cases/Reusable_Test_Sequences/Web_Office/Directives/WebOffice_StartUp

2020-04-27 14:14:49 - [TEST_STEP][PASSED] - "-----------------------------------------------------------------------------": null

2020-04-27 14:14:49 - [TEST_STEP][PASSED] - if (URL == "https://www.dev.checkatrade.com/"): null

2020-04-27 14:14:49 - [TEST_STEP][PASSED] - "-----------------------------------------------------------------------------": null

2020-04-27 14:14:49 - [TEST_STEP][PASSED] - if (URL == "https://www.checkatrade.com/"): null

2020-04-27 14:14:49 - [TEST_STEP][PASSED] - "-----------------------------------------------------------------------------": null

2020-04-27 14:14:49 - [TEST_STEP][PASSED] - if (URL == "https://www.preview.checkatrade.com/"): null

2020-04-27 14:14:49 - [TEST_STEP][PASSED] - WebOfficeURL = "https://admin.preview.checkatrade.com/": null

2020-04-27 14:14:49 - [TEST_STEP][PASSED] - if (URL == "https://www.dev2.checkatrade.com/"): null

2020-04-27 14:14:49 - [TEST_STEP][PASSED] - "Set Function Area for "URL_Handler", URL Resolution": null

2020-04-27 14:14:49 - [TEST_STEP][PASSED] - "Do Some Magic with URL(s) See the comments within URL Handler ": null

2020-04-27 14:14:49 - [TEST_STEP][PASSED] - "------------------------------------------------": null

2020-04-27 14:14:49 - [TEST_STEP][PASSED] - "Moved Login Credentials to <Default> profile 22/01/2020": null

2020-04-27 14:14:49 - [TEST_STEP][PASSED] - "------------------------------------------------": null

2020-04-27 14:14:49 - [TEST_STEP][PASSED] - "WebOfficeURL - Set from the ENVIRONMENT PROFILE ": null

2020-04-27 14:14:49 - [TEST_STEP][PASSED] - "OPEN BROWSER": null

2020-04-27 14:14:49 - [TEST_STEP][PASSED] - "eg - https://admin.preview.checkatrade.com/  ": null

2020-04-27 14:14:49 - [TEST_STEP][PASSED] - openBrowser(WebOfficeURL): Browser is opened with url: 'https://admin.preview.checkatrade.com/'

2020-04-27 14:14:49 - [MESSAGE][INFO] - Starting 'Chrome' driver

2020-04-27 14:14:49 - [MESSAGE][INFO] - Action delay is set to 0 milliseconds

2020-04-27 14:14:53 - [MESSAGE][PASSED] - Browser is opened with url: 'https://admin.preview.checkatrade.com/'

2020-04-27 14:14:53 - [TEST_STEP][PASSED] - maximizeWindow(): Current window maximized

2020-04-27 14:14:56 - [MESSAGE][PASSED] - Current window maximized

2020-04-27 14:14:56 - [TEST_STEP][PASSED] - waitForElementClickable(findTestObject("Object Repository/WebOffice/Page_Checkatrade - Administration - Login/Login_Button"), 25): Object 'Object Repository/WebOffice/Page_Checkatrade - Administration - Login/Login_Button' is clickable

2020-04-27 14:14:56 - [MESSAGE][PASSED] - Object 'Object Repository/WebOffice/Page_Checkatrade - Administration - Login/Login_Button' is clickable

2020-04-27 14:14:56 - [TEST_STEP][PASSED] - verifyTextPresent("Checkatrade Web Office", false): Text 'Checkatrade Web Office' is present on page 

2020-04-27 14:14:56 - [MESSAGE][PASSED] - Text 'Checkatrade Web Office' is present on page 

2020-04-27 14:14:56 - [TEST_STEP][PASSED] - verifyTextPresent("Access for staff use only", false): Text 'Access for staff use only' is present on page 

2020-04-27 14:14:56 - [MESSAGE][PASSED] - Text 'Access for staff use only' is present on page 

2020-04-27 14:14:56 - [TEST_STEP][PASSED] - verifyTextPresent("Forgotten password?", false): Text 'Forgotten password?' is present on page 

2020-04-27 14:14:56 - [MESSAGE][PASSED] - Text 'Forgotten password?' is present on page 

2020-04-27 14:14:56 - [TEST_STEP][PASSED] - setText(findTestObject("Object Repository/WebOffice/Page_Checkatrade - Administration - Login/input_Username_LoginControlUserName"), wo_Username): Text 'DavidHo' is set on object 'Object Repository/WebOffice/Page_Checkatrade - Administration - Login/input_Username_LoginControlUserName'

2020-04-27 14:14:57 - [MESSAGE][PASSED] - Text 'DavidHo' is set on object 'Object Repository/WebOffice/Page_Checkatrade - Administration - Login/input_Username_LoginControlUserName'

2020-04-27 14:14:57 - [TEST_STEP][PASSED] - setText(findTestObject("Object Repository/WebOffice/Page_Checkatrade - Administration - Login/input_Password_LoginControlPassword"), wo_Password): Text 'Check123' is set on object 'Object Repository/WebOffice/Page_Checkatrade - Administration - Login/input_Password_LoginControlPassword'

2020-04-27 14:14:57 - [MESSAGE][PASSED] - Text 'Check123' is set on object 'Object Repository/WebOffice/Page_Checkatrade - Administration - Login/input_Password_LoginControlPassword'

2020-04-27 14:14:57 - [TEST_STEP][PASSED] - click(findTestObject("Object Repository/WebOffice/Page_Checkatrade - Administration - Login/Login_Button")): Object: 'Object Repository/WebOffice/Page_Checkatrade - Administration - Login/Login_Button' is clicked on

2020-04-27 14:14:58 - [MESSAGE][PASSED] - Object: 'Object Repository/WebOffice/Page_Checkatrade - Administration - Login/Login_Button' is clicked on

2020-04-27 14:14:58 - [TEST_STEP][PASSED] - waitForPageLoad(60): Wait for page load successfully

2020-04-27 14:14:58 - [MESSAGE][PASSED] - Wait for page load successfully

2020-04-27 14:14:58 - [TEST_STEP][PASSED] - verifyTextPresent("Welcome " + wo_Username, false): Text 'Welcome DavidHo' is present on page 

2020-04-27 14:14:58 - [MESSAGE][PASSED] - Text 'Welcome DavidHo' is present on page 

2020-04-27 14:14:58 - [MESSAGE][PASSED] - Call Test Case 'Test Cases/Reusable_Test_Sequences/Web_Office/Directives/WebOffice_StartUp' successfully

2020-04-27 14:14:58 - [TEST_STEP][PASSED] - "-----------------------------------------------------------------": null

2020-04-27 14:14:58 - [TEST_STEP][PASSED] - " Navigate to <Reports->Checkatrade.Com->Sub Item> Menu Item     |": null

2020-04-27 14:14:58 - [TEST_STEP][PASSED] - callTestCase(findTestCase("Reusable_Test_Sequences/Web_Office/Navigation/Sub_Menu_Navigation/Reports/Search_Tracking"), [:], STOP_ON_FAILURE): Call Test Case 'Test Cases/Reusable_Test_Sequences/Web_Office/Navigation/Sub_Menu_Navigation/Reports/Search_Tracking' successfully

2020-04-27 14:14:58 - [TEST_CASE][PASSED] - Test Cases/Reusable_Test_Sequences/Web_Office/Navigation/Sub_Menu_Navigation/Reports/Search_Tracking: Test Cases/Reusable_Test_Sequences/Web_Office/Navigation/Sub_Menu_Navigation/Reports/Search_Tracking

2020-04-27 14:14:59 - [TEST_STEP][PASSED] - "--------------------------------------": null

2020-04-27 14:14:59 - [TEST_STEP][PASSED] - " Navigate Top level menu Item         |": null

2020-04-27 14:14:59 - [TEST_STEP][PASSED] - waitForPageLoad(60): Wait for page load successfully

2020-04-27 14:14:59 - [MESSAGE][PASSED] - Wait for page load successfully

2020-04-27 14:14:59 - [TEST_STEP][PASSED] - waitForElementClickable(findTestObject("Object Repository/WebOffice_Home_page/a_Reports"), 60): Object 'Object Repository/WebOffice_Home_page/a_Reports' is clickable

2020-04-27 14:14:59 - [MESSAGE][PASSED] - Object 'Object Repository/WebOffice_Home_page/a_Reports' is clickable

2020-04-27 14:14:59 - [TEST_STEP][PASSED] - mouseOver(findTestObject("Object Repository/WebOffice_Home_page/a_Reports")): Object: 'Object Repository/WebOffice_Home_page/a_Reports' is hovered

2020-04-27 14:14:59 - [MESSAGE][PASSED] - Object: 'Object Repository/WebOffice_Home_page/a_Reports' is hovered

2020-04-27 14:14:59 - [TEST_STEP][PASSED] - mouseOver(findTestObject("Object Repository/WebOffice_Home_page/Page_/a_Consumers")): Object: 'Object Repository/WebOffice_Home_page/Page_/a_Consumers' is hovered

2020-04-27 14:14:59 - [MESSAGE][PASSED] - Object: 'Object Repository/WebOffice_Home_page/Page_/a_Consumers' is hovered

2020-04-27 14:14:59 - [TEST_STEP][PASSED] - mouseOver(findTestObject("Object Repository/WebOffice_Home_page/Page_/a_Consumer Searches")): Object: 'Object Repository/WebOffice_Home_page/Page_/a_Consumer Searches' is hovered

2020-04-27 14:14:59 - [MESSAGE][PASSED] - Object: 'Object Repository/WebOffice_Home_page/Page_/a_Consumer Searches' is hovered

2020-04-27 14:14:59 - [TEST_STEP][PASSED] - waitForPageLoad(5): Wait for page load successfully

2020-04-27 14:15:00 - [MESSAGE][PASSED] - Wait for page load successfully

2020-04-27 14:15:00 - [TEST_STEP][PASSED] - waitForElementClickable(findTestObject("Object Repository/WebOffice_Home_page/a_Search Tracking"), 5): Object 'Object Repository/WebOffice_Home_page/a_Search Tracking' is clickable

2020-04-27 14:15:00 - [MESSAGE][PASSED] - Object 'Object Repository/WebOffice_Home_page/a_Search Tracking' is clickable

2020-04-27 14:15:00 - [TEST_STEP][PASSED] - click(findTestObject("Object Repository/WebOffice_Home_page/a_Search Tracking")): Object: 'Object Repository/WebOffice_Home_page/a_Search Tracking' is clicked on

2020-04-27 14:15:07 - [MESSAGE][PASSED] - Object: 'Object Repository/WebOffice_Home_page/a_Search Tracking' is clicked on

2020-04-27 14:15:07 - [MESSAGE][PASSED] - Call Test Case 'Test Cases/Reusable_Test_Sequences/Web_Office/Navigation/Sub_Menu_Navigation/Reports/Search_Tracking' successfully

2020-04-27 14:15:07 - [TEST_STEP][PASSED] - "--------------------------------------": null

2020-04-27 14:15:07 - [TEST_STEP][PASSED] - " Verify Returned Page Detail          |": null

2020-04-27 14:15:07 - [TEST_STEP][PASSED] - callTestCase(findTestCase("Reusable_Test_Sequences/Web_Office/Verification/Reports/Search_Tracking"), [:], OPTIONAL): Call Test Case 'Test Cases/Reusable_Test_Sequences/Web_Office/Verification/Reports/Search_Tracking' successfully

2020-04-27 14:15:07 - [TEST_CASE][PASSED] - Test Cases/Reusable_Test_Sequences/Web_Office/Verification/Reports/Search_Tracking: Test Cases/Reusable_Test_Sequences/Web_Office/Verification/Reports/Search_Tracking

2020-04-27 14:15:08 - [TEST_STEP][PASSED] - waitForPageLoad(120): Wait for page load successfully

2020-04-27 14:15:08 - [MESSAGE][PASSED] - Wait for page load successfully

2020-04-27 14:15:08 - [TEST_STEP][PASSED] - delay(1): Delayed 1 second(s)

2020-04-27 14:15:09 - [MESSAGE][PASSED] - Delayed 1 second(s)

2020-04-27 14:15:09 - [TEST_STEP][PASSED] - verifyTextPresent("Search Tracking", false): Text 'Search Tracking' is present on page 

2020-04-27 14:15:09 - [MESSAGE][PASSED] - Text 'Search Tracking' is present on page 

2020-04-27 14:15:09 - [TEST_STEP][PASSED] - "----------------------------------------------": null

2020-04-27 14:15:09 - [TEST_STEP][PASSED] - verifyTextPresent("ID", false): Text 'ID' is present on page 

2020-04-27 14:15:10 - [MESSAGE][PASSED] - Text 'ID' is present on page 

2020-04-27 14:15:10 - [TEST_STEP][PASSED] - verifyTextPresent("TRADE", false): Text 'TRADE' is present on page 

2020-04-27 14:15:11 - [MESSAGE][PASSED] - Text 'TRADE' is present on page 

2020-04-27 14:15:11 - [TEST_STEP][PASSED] - verifyTextPresent("LOCATION", false): Text 'LOCATION' is present on page 

2020-04-27 14:15:11 - [MESSAGE][PASSED] - Text 'LOCATION' is present on page 

2020-04-27 14:15:11 - [TEST_STEP][PASSED] - verifyTextPresent("DATETIME", false): Text 'DATETIME' is present on page 

2020-04-27 14:15:12 - [MESSAGE][PASSED] - Text 'DATETIME' is present on page 

2020-04-27 14:15:12 - [TEST_STEP][PASSED] - "----------------------------------------------": null

2020-04-27 14:15:12 - [TEST_STEP][PASSED] - verifyTextPresent("14262747", false): Text '14262747' is present on page 

2020-04-27 14:15:12 - [MESSAGE][PASSED] - Text '14262747' is present on page 

2020-04-27 14:15:12 - [TEST_STEP][PASSED] - verifyTextPresent("UPVC Repairs", false): Text 'UPVC Repairs' is present on page 

2020-04-27 14:15:13 - [MESSAGE][PASSED] - Text 'UPVC Repairs' is present on page 

2020-04-27 14:15:13 - [TEST_STEP][PASSED] - verifyTextPresent("MILFORD HAVEN", false): Text 'MILFORD HAVEN' is present on page 

2020-04-27 14:15:13 - [MESSAGE][PASSED] - Text 'MILFORD HAVEN' is present on page 

2020-04-27 14:15:13 - [TEST_STEP][PASSED] - verifyTextPresent("28-09-2017 7:19:10", false): Text '28-09-2017 7:19:10' is present on page 

2020-04-27 14:15:14 - [MESSAGE][PASSED] - Text '28-09-2017 7:19:10' is present on page 

2020-04-27 14:15:14 - [MESSAGE][PASSED] - Call Test Case 'Test Cases/Reusable_Test_Sequences/Web_Office/Verification/Reports/Search_Tracking' successfully

2020-04-27 14:15:14 - [TEST_STEP][PASSED] - "--------------------------": null

2020-04-27 14:15:14 - [TEST_STEP][PASSED] - " Teardown - CLose Browser |": null

2020-04-27 14:15:14 - [TEST_STEP][PASSED] - callTestCase(findTestCase("Reusable_Test_Sequences/CAT_Teardown"), [:], OPTIONAL): Call Test Case 'Test Cases/Reusable_Test_Sequences/CAT_Teardown' successfully

2020-04-27 14:15:14 - [TEST_CASE][PASSED] - Test Cases/Reusable_Test_Sequences/CAT_Teardown: Test Cases/Reusable_Test_Sequences/CAT_Teardown

2020-04-27 14:15:14 - [TEST_STEP][PASSED] - closeBrowser(): Browser is closed

2020-04-27 14:15:15 - [MESSAGE][PASSED] - Browser is closed

2020-04-27 14:15:15 - [TEST_STEP][PASSED] - super.finalize(): null

2020-04-27 14:15:15 - [TEST_STEP][PASSED] - System.gc(): null

2020-04-27 14:15:15 - [MESSAGE][PASSED] - Call Test Case 'Test Cases/Reusable_Test_Sequences/CAT_Teardown' successfully]]></system-out>
         <system-err><![CDATA[]]></system-err>
      </testcase>
      <testcase name="Test Cases/Web_Office/Reports/Overnight_Import_History" time="21.464" classname="Test Cases/Web_Office/Reports/Overnight_Import_History" status="PASSED">
         <system-out><![CDATA[2020-04-27 14:15:15 - [TEST_CASE][PASSED] - Test Cases/Web_Office/Reports/Overnight_Import_History: Test Cases/Web_Office/Reports/Overnight_Import_History

2020-04-27 14:15:16 - [TEST_STEP][PASSED] - "--------------------------------------": null

2020-04-27 14:15:16 - [TEST_STEP][PASSED] - " Web Office StartUp                  |": null

2020-04-27 14:15:16 - [TEST_STEP][PASSED] - callTestCase(findTestCase("Reusable_Test_Sequences/Web_Office/Directives/WebOffice_StartUp"), [:], STOP_ON_FAILURE): Call Test Case 'Test Cases/Reusable_Test_Sequences/Web_Office/Directives/WebOffice_StartUp' successfully

2020-04-27 14:15:16 - [TEST_CASE][PASSED] - Test Cases/Reusable_Test_Sequences/Web_Office/Directives/WebOffice_StartUp: Test Cases/Reusable_Test_Sequences/Web_Office/Directives/WebOffice_StartUp

2020-04-27 14:15:16 - [TEST_STEP][PASSED] - "-----------------------------------------------------------------------------": null

2020-04-27 14:15:16 - [TEST_STEP][PASSED] - if (URL == "https://www.dev.checkatrade.com/"): null

2020-04-27 14:15:16 - [TEST_STEP][PASSED] - "-----------------------------------------------------------------------------": null

2020-04-27 14:15:16 - [TEST_STEP][PASSED] - if (URL == "https://www.checkatrade.com/"): null

2020-04-27 14:15:16 - [TEST_STEP][PASSED] - "-----------------------------------------------------------------------------": null

2020-04-27 14:15:16 - [TEST_STEP][PASSED] - if (URL == "https://www.preview.checkatrade.com/"): null

2020-04-27 14:15:16 - [TEST_STEP][PASSED] - WebOfficeURL = "https://admin.preview.checkatrade.com/": null

2020-04-27 14:15:16 - [TEST_STEP][PASSED] - if (URL == "https://www.dev2.checkatrade.com/"): null

2020-04-27 14:15:16 - [TEST_STEP][PASSED] - "Set Function Area for "URL_Handler", URL Resolution": null

2020-04-27 14:15:16 - [TEST_STEP][PASSED] - "Do Some Magic with URL(s) See the comments within URL Handler ": null

2020-04-27 14:15:16 - [TEST_STEP][PASSED] - "------------------------------------------------": null

2020-04-27 14:15:16 - [TEST_STEP][PASSED] - "Moved Login Credentials to <Default> profile 22/01/2020": null

2020-04-27 14:15:16 - [TEST_STEP][PASSED] - "------------------------------------------------": null

2020-04-27 14:15:16 - [TEST_STEP][PASSED] - "WebOfficeURL - Set from the ENVIRONMENT PROFILE ": null

2020-04-27 14:15:16 - [TEST_STEP][PASSED] - "OPEN BROWSER": null

2020-04-27 14:15:16 - [TEST_STEP][PASSED] - "eg - https://admin.preview.checkatrade.com/  ": null

2020-04-27 14:15:16 - [TEST_STEP][PASSED] - openBrowser(WebOfficeURL): Browser is opened with url: 'https://admin.preview.checkatrade.com/'

2020-04-27 14:15:16 - [MESSAGE][INFO] - Starting 'Chrome' driver

2020-04-27 14:15:16 - [MESSAGE][INFO] - Action delay is set to 0 milliseconds

2020-04-27 14:15:22 - [MESSAGE][PASSED] - Browser is opened with url: 'https://admin.preview.checkatrade.com/'

2020-04-27 14:15:22 - [TEST_STEP][PASSED] - maximizeWindow(): Current window maximized

2020-04-27 14:15:24 - [MESSAGE][PASSED] - Current window maximized

2020-04-27 14:15:24 - [TEST_STEP][PASSED] - waitForElementClickable(findTestObject("Object Repository/WebOffice/Page_Checkatrade - Administration - Login/Login_Button"), 25): Object 'Object Repository/WebOffice/Page_Checkatrade - Administration - Login/Login_Button' is clickable

2020-04-27 14:15:24 - [MESSAGE][PASSED] - Object 'Object Repository/WebOffice/Page_Checkatrade - Administration - Login/Login_Button' is clickable

2020-04-27 14:15:24 - [TEST_STEP][PASSED] - verifyTextPresent("Checkatrade Web Office", false): Text 'Checkatrade Web Office' is present on page 

2020-04-27 14:15:25 - [MESSAGE][PASSED] - Text 'Checkatrade Web Office' is present on page 

2020-04-27 14:15:25 - [TEST_STEP][PASSED] - verifyTextPresent("Access for staff use only", false): Text 'Access for staff use only' is present on page 

2020-04-27 14:15:25 - [MESSAGE][PASSED] - Text 'Access for staff use only' is present on page 

2020-04-27 14:15:25 - [TEST_STEP][PASSED] - verifyTextPresent("Forgotten password?", false): Text 'Forgotten password?' is present on page 

2020-04-27 14:15:25 - [MESSAGE][PASSED] - Text 'Forgotten password?' is present on page 

2020-04-27 14:15:25 - [TEST_STEP][PASSED] - setText(findTestObject("Object Repository/WebOffice/Page_Checkatrade - Administration - Login/input_Username_LoginControlUserName"), wo_Username): Text 'DavidHo' is set on object 'Object Repository/WebOffice/Page_Checkatrade - Administration - Login/input_Username_LoginControlUserName'

2020-04-27 14:15:26 - [MESSAGE][PASSED] - Text 'DavidHo' is set on object 'Object Repository/WebOffice/Page_Checkatrade - Administration - Login/input_Username_LoginControlUserName'

2020-04-27 14:15:26 - [TEST_STEP][PASSED] - setText(findTestObject("Object Repository/WebOffice/Page_Checkatrade - Administration - Login/input_Password_LoginControlPassword"), wo_Password): Text 'Check123' is set on object 'Object Repository/WebOffice/Page_Checkatrade - Administration - Login/input_Password_LoginControlPassword'

2020-04-27 14:15:26 - [MESSAGE][PASSED] - Text 'Check123' is set on object 'Object Repository/WebOffice/Page_Checkatrade - Administration - Login/input_Password_LoginControlPassword'

2020-04-27 14:15:26 - [TEST_STEP][PASSED] - click(findTestObject("Object Repository/WebOffice/Page_Checkatrade - Administration - Login/Login_Button")): Object: 'Object Repository/WebOffice/Page_Checkatrade - Administration - Login/Login_Button' is clicked on

2020-04-27 14:15:27 - [MESSAGE][PASSED] - Object: 'Object Repository/WebOffice/Page_Checkatrade - Administration - Login/Login_Button' is clicked on

2020-04-27 14:15:27 - [TEST_STEP][PASSED] - waitForPageLoad(60): Wait for page load successfully

2020-04-27 14:15:27 - [MESSAGE][PASSED] - Wait for page load successfully

2020-04-27 14:15:27 - [TEST_STEP][PASSED] - verifyTextPresent("Welcome " + wo_Username, false): Text 'Welcome DavidHo' is present on page 

2020-04-27 14:15:28 - [MESSAGE][PASSED] - Text 'Welcome DavidHo' is present on page 

2020-04-27 14:15:28 - [MESSAGE][PASSED] - Call Test Case 'Test Cases/Reusable_Test_Sequences/Web_Office/Directives/WebOffice_StartUp' successfully

2020-04-27 14:15:28 - [TEST_STEP][PASSED] - "-----------------------------------------------------------------": null

2020-04-27 14:15:28 - [TEST_STEP][PASSED] - " Navigate to <Settings->Checkatrade.Com->Sub Item> Menu Item     |": null

2020-04-27 14:15:28 - [TEST_STEP][PASSED] - callTestCase(findTestCase("Reusable_Test_Sequences/Web_Office/Navigation/Sub_Menu_Navigation/Reports/Overnight_Import_History"), [:], STOP_ON_FAILURE): Call Test Case 'Test Cases/Reusable_Test_Sequences/Web_Office/Navigation/Sub_Menu_Navigation/Reports/Overnight_Import_History' successfully

2020-04-27 14:15:28 - [TEST_CASE][PASSED] - Test Cases/Reusable_Test_Sequences/Web_Office/Navigation/Sub_Menu_Navigation/Reports/Overnight_Import_History: Test Cases/Reusable_Test_Sequences/Web_Office/Navigation/Sub_Menu_Navigation/Reports/Overnight_Import_History

2020-04-27 14:15:28 - [TEST_STEP][PASSED] - "--------------------------------------": null

2020-04-27 14:15:28 - [TEST_STEP][PASSED] - " Navigate Top level menu Item         |": null

2020-04-27 14:15:28 - [TEST_STEP][PASSED] - waitForPageLoad(60): Wait for page load successfully

2020-04-27 14:15:28 - [MESSAGE][PASSED] - Wait for page load successfully

2020-04-27 14:15:28 - [TEST_STEP][PASSED] - waitForElementClickable(findTestObject("Object Repository/WebOffice_Home_page/a_Reports"), 60): Object 'Object Repository/WebOffice_Home_page/a_Reports' is clickable

2020-04-27 14:15:29 - [MESSAGE][PASSED] - Object 'Object Repository/WebOffice_Home_page/a_Reports' is clickable

2020-04-27 14:15:29 - [TEST_STEP][PASSED] - mouseOver(findTestObject("Object Repository/WebOffice_Home_page/a_Reports")): Object: 'Object Repository/WebOffice_Home_page/a_Reports' is hovered

2020-04-27 14:15:29 - [MESSAGE][PASSED] - Object: 'Object Repository/WebOffice_Home_page/a_Reports' is hovered

2020-04-27 14:15:29 - [TEST_STEP][PASSED] - waitForPageLoad(5): Wait for page load successfully

2020-04-27 14:15:29 - [MESSAGE][PASSED] - Wait for page load successfully

2020-04-27 14:15:29 - [TEST_STEP][PASSED] - waitForElementClickable(findTestObject("Object Repository/WebOffice_Home_page/Page_/a_Overnight Import History"), 5): Object 'Object Repository/WebOffice_Home_page/Page_/a_Overnight Import History' is clickable

2020-04-27 14:15:29 - [MESSAGE][PASSED] - Object 'Object Repository/WebOffice_Home_page/Page_/a_Overnight Import History' is clickable

2020-04-27 14:15:29 - [TEST_STEP][PASSED] - click(findTestObject("Object Repository/WebOffice_Home_page/Page_/a_Overnight Import History")): Object: 'Object Repository/WebOffice_Home_page/Page_/a_Overnight Import History' is clicked on

2020-04-27 14:15:30 - [MESSAGE][PASSED] - Object: 'Object Repository/WebOffice_Home_page/Page_/a_Overnight Import History' is clicked on

2020-04-27 14:15:30 - [MESSAGE][PASSED] - Call Test Case 'Test Cases/Reusable_Test_Sequences/Web_Office/Navigation/Sub_Menu_Navigation/Reports/Overnight_Import_History' successfully

2020-04-27 14:15:30 - [TEST_STEP][PASSED] - "--------------------------------------": null

2020-04-27 14:15:30 - [TEST_STEP][PASSED] - " Verify Returned Page Detail          |": null

2020-04-27 14:15:30 - [TEST_STEP][PASSED] - callTestCase(findTestCase("Reusable_Test_Sequences/Web_Office/Verification/Reports/Overnight_Import_History"), [:], OPTIONAL): Call Test Case 'Test Cases/Reusable_Test_Sequences/Web_Office/Verification/Reports/Overnight_Import_History' successfully

2020-04-27 14:15:30 - [TEST_CASE][PASSED] - Test Cases/Reusable_Test_Sequences/Web_Office/Verification/Reports/Overnight_Import_History: Test Cases/Reusable_Test_Sequences/Web_Office/Verification/Reports/Overnight_Import_History

2020-04-27 14:15:30 - [TEST_STEP][PASSED] - waitForPageLoad(120): Wait for page load successfully

2020-04-27 14:15:30 - [MESSAGE][PASSED] - Wait for page load successfully

2020-04-27 14:15:30 - [TEST_STEP][PASSED] - delay(1): Delayed 1 second(s)

2020-04-27 14:15:31 - [MESSAGE][PASSED] - Delayed 1 second(s)

2020-04-27 14:15:31 - [TEST_STEP][PASSED] - verifyTextPresent("Trade Register - Overnight Import Statistics", false): Text 'Trade Register - Overnight Import Statistics' is present on page 

2020-04-27 14:15:32 - [MESSAGE][PASSED] - Text 'Trade Register - Overnight Import Statistics' is present on page 

2020-04-27 14:15:32 - [TEST_STEP][PASSED] - "----------------------------------------------": null

2020-04-27 14:15:32 - [TEST_STEP][PASSED] - verifyTextPresent("Import Date", false): Text 'Import Date' is present on page 

2020-04-27 14:15:32 - [MESSAGE][PASSED] - Text 'Import Date' is present on page 

2020-04-27 14:15:32 - [TEST_STEP][PASSED] - verifyTextPresent("New Company", false): Text 'New Company' is present on page 

2020-04-27 14:15:32 - [MESSAGE][PASSED] - Text 'New Company' is present on page 

2020-04-27 14:15:32 - [TEST_STEP][PASSED] - verifyTextPresent("Modified Company", false): Text 'Modified Company' is present on page 

2020-04-27 14:15:32 - [MESSAGE][PASSED] - Text 'Modified Company' is present on page 

2020-04-27 14:15:32 - [TEST_STEP][PASSED] - verifyTextPresent("New Feedback", false): Text 'New Feedback' is present on page 

2020-04-27 14:15:33 - [MESSAGE][PASSED] - Text 'New Feedback' is present on page 

2020-04-27 14:15:33 - [TEST_STEP][PASSED] - verifyTextPresent("New Vetting Reference", false): Text 'New Vetting Reference' is present on page 

2020-04-27 14:15:33 - [MESSAGE][PASSED] - Text 'New Vetting Reference' is present on page 

2020-04-27 14:15:33 - [TEST_STEP][PASSED] - "----------------------------------------------": null

2020-04-27 14:15:33 - [TEST_STEP][PASSED] - verifyTextPresent("Thu", false): Text 'Thu' is present on page 

2020-04-27 14:15:34 - [MESSAGE][PASSED] - Text 'Thu' is present on page 

2020-04-27 14:15:34 - [TEST_STEP][PASSED] - verifyTextPresent("Wed", false): Text 'Wed' is present on page 

2020-04-27 14:15:34 - [MESSAGE][PASSED] - Text 'Wed' is present on page 

2020-04-27 14:15:34 - [TEST_STEP][PASSED] - verifyTextPresent("Mar", false): Text 'Mar' is present on page 

2020-04-27 14:15:35 - [MESSAGE][PASSED] - Text 'Mar' is present on page 

2020-04-27 14:15:35 - [TEST_STEP][PASSED] - verifyTextPresent("20", false): Text '20' is present on page 

2020-04-27 14:15:35 - [MESSAGE][PASSED] - Text '20' is present on page 

2020-04-27 14:15:35 - [TEST_STEP][PASSED] - verifyTextPresent("1", false): Text '1' is present on page 

2020-04-27 14:15:35 - [MESSAGE][PASSED] - Text '1' is present on page 

2020-04-27 14:15:35 - [MESSAGE][PASSED] - Call Test Case 'Test Cases/Reusable_Test_Sequences/Web_Office/Verification/Reports/Overnight_Import_History' successfully

2020-04-27 14:15:35 - [TEST_STEP][PASSED] - "--------------------------": null

2020-04-27 14:15:35 - [TEST_STEP][PASSED] - " Teardown - CLose Browser |": null

2020-04-27 14:15:35 - [TEST_STEP][PASSED] - callTestCase(findTestCase("Reusable_Test_Sequences/CAT_Teardown"), [:], OPTIONAL): Call Test Case 'Test Cases/Reusable_Test_Sequences/CAT_Teardown' successfully

2020-04-27 14:15:35 - [TEST_CASE][PASSED] - Test Cases/Reusable_Test_Sequences/CAT_Teardown: Test Cases/Reusable_Test_Sequences/CAT_Teardown

2020-04-27 14:15:35 - [TEST_STEP][PASSED] - closeBrowser(): Browser is closed

2020-04-27 14:15:37 - [MESSAGE][PASSED] - Browser is closed

2020-04-27 14:15:37 - [TEST_STEP][PASSED] - super.finalize(): null

2020-04-27 14:15:37 - [TEST_STEP][PASSED] - System.gc(): null

2020-04-27 14:15:37 - [MESSAGE][PASSED] - Call Test Case 'Test Cases/Reusable_Test_Sequences/CAT_Teardown' successfully]]></system-out>
         <system-err><![CDATA[]]></system-err>
      </testcase>
      <testcase name="Test Cases/Web_Office/Reports/Population_Report" time="26.201" classname="Test Cases/Web_Office/Reports/Population_Report" status="PASSED">
         <system-out><![CDATA[2020-04-27 14:15:37 - [TEST_CASE][PASSED] - Test Cases/Web_Office/Reports/Population_Report: Test Cases/Web_Office/Reports/Population_Report

2020-04-27 14:15:37 - [TEST_STEP][PASSED] - "--------------------------------------": null

2020-04-27 14:15:37 - [TEST_STEP][PASSED] - " Web Office StartUp                  |": null

2020-04-27 14:15:37 - [TEST_STEP][PASSED] - callTestCase(findTestCase("Reusable_Test_Sequences/Web_Office/Directives/WebOffice_StartUp"), [:], STOP_ON_FAILURE): Call Test Case 'Test Cases/Reusable_Test_Sequences/Web_Office/Directives/WebOffice_StartUp' successfully

2020-04-27 14:15:37 - [TEST_CASE][PASSED] - Test Cases/Reusable_Test_Sequences/Web_Office/Directives/WebOffice_StartUp: Test Cases/Reusable_Test_Sequences/Web_Office/Directives/WebOffice_StartUp

2020-04-27 14:15:37 - [TEST_STEP][PASSED] - "-----------------------------------------------------------------------------": null

2020-04-27 14:15:37 - [TEST_STEP][PASSED] - if (URL == "https://www.dev.checkatrade.com/"): null

2020-04-27 14:15:37 - [TEST_STEP][PASSED] - "-----------------------------------------------------------------------------": null

2020-04-27 14:15:37 - [TEST_STEP][PASSED] - if (URL == "https://www.checkatrade.com/"): null

2020-04-27 14:15:37 - [TEST_STEP][PASSED] - "-----------------------------------------------------------------------------": null

2020-04-27 14:15:37 - [TEST_STEP][PASSED] - if (URL == "https://www.preview.checkatrade.com/"): null

2020-04-27 14:15:37 - [TEST_STEP][PASSED] - WebOfficeURL = "https://admin.preview.checkatrade.com/": null

2020-04-27 14:15:37 - [TEST_STEP][PASSED] - if (URL == "https://www.dev2.checkatrade.com/"): null

2020-04-27 14:15:37 - [TEST_STEP][PASSED] - "Set Function Area for "URL_Handler", URL Resolution": null

2020-04-27 14:15:37 - [TEST_STEP][PASSED] - "Do Some Magic with URL(s) See the comments within URL Handler ": null

2020-04-27 14:15:37 - [TEST_STEP][PASSED] - "------------------------------------------------": null

2020-04-27 14:15:37 - [TEST_STEP][PASSED] - "Moved Login Credentials to <Default> profile 22/01/2020": null

2020-04-27 14:15:37 - [TEST_STEP][PASSED] - "------------------------------------------------": null

2020-04-27 14:15:37 - [TEST_STEP][PASSED] - "WebOfficeURL - Set from the ENVIRONMENT PROFILE ": null

2020-04-27 14:15:37 - [TEST_STEP][PASSED] - "OPEN BROWSER": null

2020-04-27 14:15:37 - [TEST_STEP][PASSED] - "eg - https://admin.preview.checkatrade.com/  ": null

2020-04-27 14:15:37 - [TEST_STEP][PASSED] - openBrowser(WebOfficeURL): Browser is opened with url: 'https://admin.preview.checkatrade.com/'

2020-04-27 14:15:37 - [MESSAGE][INFO] - Starting 'Chrome' driver

2020-04-27 14:15:37 - [MESSAGE][INFO] - Action delay is set to 0 milliseconds

2020-04-27 14:15:43 - [MESSAGE][PASSED] - Browser is opened with url: 'https://admin.preview.checkatrade.com/'

2020-04-27 14:15:43 - [TEST_STEP][PASSED] - maximizeWindow(): Current window maximized

2020-04-27 14:15:45 - [MESSAGE][PASSED] - Current window maximized

2020-04-27 14:15:45 - [TEST_STEP][PASSED] - waitForElementClickable(findTestObject("Object Repository/WebOffice/Page_Checkatrade - Administration - Login/Login_Button"), 25): Object 'Object Repository/WebOffice/Page_Checkatrade - Administration - Login/Login_Button' is clickable

2020-04-27 14:15:45 - [MESSAGE][PASSED] - Object 'Object Repository/WebOffice/Page_Checkatrade - Administration - Login/Login_Button' is clickable

2020-04-27 14:15:45 - [TEST_STEP][PASSED] - verifyTextPresent("Checkatrade Web Office", false): Text 'Checkatrade Web Office' is present on page 

2020-04-27 14:15:45 - [MESSAGE][PASSED] - Text 'Checkatrade Web Office' is present on page 

2020-04-27 14:15:45 - [TEST_STEP][PASSED] - verifyTextPresent("Access for staff use only", false): Text 'Access for staff use only' is present on page 

2020-04-27 14:15:45 - [MESSAGE][PASSED] - Text 'Access for staff use only' is present on page 

2020-04-27 14:15:45 - [TEST_STEP][PASSED] - verifyTextPresent("Forgotten password?", false): Text 'Forgotten password?' is present on page 

2020-04-27 14:15:45 - [MESSAGE][PASSED] - Text 'Forgotten password?' is present on page 

2020-04-27 14:15:45 - [TEST_STEP][PASSED] - setText(findTestObject("Object Repository/WebOffice/Page_Checkatrade - Administration - Login/input_Username_LoginControlUserName"), wo_Username): Text 'DavidHo' is set on object 'Object Repository/WebOffice/Page_Checkatrade - Administration - Login/input_Username_LoginControlUserName'

2020-04-27 14:15:45 - [MESSAGE][PASSED] - Text 'DavidHo' is set on object 'Object Repository/WebOffice/Page_Checkatrade - Administration - Login/input_Username_LoginControlUserName'

2020-04-27 14:15:45 - [TEST_STEP][PASSED] - setText(findTestObject("Object Repository/WebOffice/Page_Checkatrade - Administration - Login/input_Password_LoginControlPassword"), wo_Password): Text 'Check123' is set on object 'Object Repository/WebOffice/Page_Checkatrade - Administration - Login/input_Password_LoginControlPassword'

2020-04-27 14:15:46 - [MESSAGE][PASSED] - Text 'Check123' is set on object 'Object Repository/WebOffice/Page_Checkatrade - Administration - Login/input_Password_LoginControlPassword'

2020-04-27 14:15:46 - [TEST_STEP][PASSED] - click(findTestObject("Object Repository/WebOffice/Page_Checkatrade - Administration - Login/Login_Button")): Object: 'Object Repository/WebOffice/Page_Checkatrade - Administration - Login/Login_Button' is clicked on

2020-04-27 14:15:47 - [MESSAGE][PASSED] - Object: 'Object Repository/WebOffice/Page_Checkatrade - Administration - Login/Login_Button' is clicked on

2020-04-27 14:15:47 - [TEST_STEP][PASSED] - waitForPageLoad(60): Wait for page load successfully

2020-04-27 14:15:47 - [MESSAGE][PASSED] - Wait for page load successfully

2020-04-27 14:15:47 - [TEST_STEP][PASSED] - verifyTextPresent("Welcome " + wo_Username, false): Text 'Welcome DavidHo' is present on page 

2020-04-27 14:15:47 - [MESSAGE][PASSED] - Text 'Welcome DavidHo' is present on page 

2020-04-27 14:15:47 - [MESSAGE][PASSED] - Call Test Case 'Test Cases/Reusable_Test_Sequences/Web_Office/Directives/WebOffice_StartUp' successfully

2020-04-27 14:15:47 - [TEST_STEP][PASSED] - "-----------------------------------------------------------------": null

2020-04-27 14:15:47 - [TEST_STEP][PASSED] - " Navigate to <Settings->Checkatrade.Com->Sub Item> Menu Item     |": null

2020-04-27 14:15:47 - [TEST_STEP][PASSED] - callTestCase(findTestCase("Reusable_Test_Sequences/Web_Office/Navigation/Sub_Menu_Navigation/Reports/Population_Report"), [:], STOP_ON_FAILURE): Call Test Case 'Test Cases/Reusable_Test_Sequences/Web_Office/Navigation/Sub_Menu_Navigation/Reports/Population_Report' successfully

2020-04-27 14:15:47 - [TEST_CASE][PASSED] - Test Cases/Reusable_Test_Sequences/Web_Office/Navigation/Sub_Menu_Navigation/Reports/Population_Report: Test Cases/Reusable_Test_Sequences/Web_Office/Navigation/Sub_Menu_Navigation/Reports/Population_Report

2020-04-27 14:15:48 - [TEST_STEP][PASSED] - "--------------------------------------": null

2020-04-27 14:15:48 - [TEST_STEP][PASSED] - " Navigate Top level menu Item         |": null

2020-04-27 14:15:48 - [TEST_STEP][PASSED] - waitForPageLoad(60): Wait for page load successfully

2020-04-27 14:15:48 - [MESSAGE][PASSED] - Wait for page load successfully

2020-04-27 14:15:48 - [TEST_STEP][PASSED] - waitForElementClickable(findTestObject("Object Repository/WebOffice_Home_page/a_Reports"), 60): Object 'Object Repository/WebOffice_Home_page/a_Reports' is clickable

2020-04-27 14:15:48 - [MESSAGE][PASSED] - Object 'Object Repository/WebOffice_Home_page/a_Reports' is clickable

2020-04-27 14:15:48 - [TEST_STEP][PASSED] - mouseOver(findTestObject("Object Repository/WebOffice_Home_page/a_Reports")): Object: 'Object Repository/WebOffice_Home_page/a_Reports' is hovered

2020-04-27 14:15:48 - [MESSAGE][PASSED] - Object: 'Object Repository/WebOffice_Home_page/a_Reports' is hovered

2020-04-27 14:15:48 - [TEST_STEP][PASSED] - waitForPageLoad(5): Wait for page load successfully

2020-04-27 14:15:48 - [MESSAGE][PASSED] - Wait for page load successfully

2020-04-27 14:15:48 - [TEST_STEP][PASSED] - waitForElementClickable(findTestObject("Object Repository/WebOffice_Home_page/Page_/a_Population Report"), 5): Object 'Object Repository/WebOffice_Home_page/Page_/a_Population Report' is clickable

2020-04-27 14:15:48 - [MESSAGE][PASSED] - Object 'Object Repository/WebOffice_Home_page/Page_/a_Population Report' is clickable

2020-04-27 14:15:48 - [TEST_STEP][PASSED] - click(findTestObject("Object Repository/WebOffice_Home_page/Page_/a_Population Report")): Object: 'Object Repository/WebOffice_Home_page/Page_/a_Population Report' is clicked on

2020-04-27 14:15:49 - [MESSAGE][PASSED] - Object: 'Object Repository/WebOffice_Home_page/Page_/a_Population Report' is clicked on

2020-04-27 14:15:49 - [MESSAGE][PASSED] - Call Test Case 'Test Cases/Reusable_Test_Sequences/Web_Office/Navigation/Sub_Menu_Navigation/Reports/Population_Report' successfully

2020-04-27 14:15:49 - [TEST_STEP][PASSED] - "--------------------------------------": null

2020-04-27 14:15:49 - [TEST_STEP][PASSED] - " Verify Returned Page Detail          |": null

2020-04-27 14:15:49 - [TEST_STEP][PASSED] - callTestCase(findTestCase("Reusable_Test_Sequences/Web_Office/Verification/Reports/Population_Report"), [:], OPTIONAL): Call Test Case 'Test Cases/Reusable_Test_Sequences/Web_Office/Verification/Reports/Population_Report' successfully

2020-04-27 14:15:49 - [TEST_CASE][PASSED] - Test Cases/Reusable_Test_Sequences/Web_Office/Verification/Reports/Population_Report: Test Cases/Reusable_Test_Sequences/Web_Office/Verification/Reports/Population_Report

2020-04-27 14:15:50 - [TEST_STEP][PASSED] - waitForPageLoad(120): Wait for page load successfully

2020-04-27 14:15:50 - [MESSAGE][PASSED] - Wait for page load successfully

2020-04-27 14:15:50 - [TEST_STEP][PASSED] - delay(1): Delayed 1 second(s)

2020-04-27 14:15:51 - [MESSAGE][PASSED] - Delayed 1 second(s)

2020-04-27 14:15:51 - [TEST_STEP][PASSED] - verifyTextPresent("Searches by Location and Category", false): Text 'Searches by Location and Category' is present on page 

2020-04-27 14:15:52 - [MESSAGE][PASSED] - Text 'Searches by Location and Category' is present on page 

2020-04-27 14:15:52 - [TEST_STEP][PASSED] - "----------------------------------------------": null

2020-04-27 14:15:52 - [TEST_STEP][PASSED] - verifyTextPresent("Postcodes", false): Text 'Postcodes' is present on page 

2020-04-27 14:15:53 - [MESSAGE][PASSED] - Text 'Postcodes' is present on page 

2020-04-27 14:15:53 - [TEST_STEP][PASSED] - verifyTextPresent("Select Categories", false): Text 'Select Categories' is present on page 

2020-04-27 14:15:54 - [MESSAGE][PASSED] - Text 'Select Categories' is present on page 

2020-04-27 14:15:54 - [TEST_STEP][PASSED] - verifyTextPresent("Search Radiuse", false): Text 'Search Radiuse' is present on page 

2020-04-27 14:15:55 - [MESSAGE][PASSED] - Text 'Search Radiuse' is present on page 

2020-04-27 14:15:55 - [TEST_STEP][PASSED] - verifyTextPresent("Included postcodes based on search radius", false): Text 'Included postcodes based on search radius' is present on page 

2020-04-27 14:15:56 - [MESSAGE][PASSED] - Text 'Included postcodes based on search radius' is present on page 

2020-04-27 14:15:56 - [TEST_STEP][PASSED] - verifyTextPresent("Select Date Range", false): Text 'Select Date Range' is present on page 

2020-04-27 14:15:57 - [MESSAGE][PASSED] - Text 'Select Date Range' is present on page 

2020-04-27 14:15:57 - [TEST_STEP][PASSED] - verifyTextPresent("Populate Grid", false): Text 'Populate Grid' is present on page 

2020-04-27 14:15:57 - [MESSAGE][PASSED] - Text 'Populate Grid' is present on page 

2020-04-27 14:15:57 - [TEST_STEP][PASSED] - verifyTextPresent("Note: Be patient, to show the final", false): Text 'Note: Be patient, to show the final' is present on page 

2020-04-27 14:15:58 - [MESSAGE][PASSED] - Text 'Note: Be patient, to show the final' is present on page 

2020-04-27 14:15:58 - [TEST_STEP][PASSED] - verifyTextPresent("result may take some time,", false): Text 'result may take some time,' is present on page 

2020-04-27 14:15:59 - [MESSAGE][PASSED] - Text 'result may take some time,' is present on page 

2020-04-27 14:15:59 - [TEST_STEP][PASSED] - verifyTextPresent("depending on the number of postcodes,", false): Text 'depending on the number of postcodes,' is present on page 

2020-04-27 14:15:59 - [MESSAGE][PASSED] - Text 'depending on the number of postcodes,' is present on page 

2020-04-27 14:15:59 - [TEST_STEP][PASSED] - verifyTextPresent("radius and categories selected!", false): Text 'radius and categories selected!' is present on page 

2020-04-27 14:16:00 - [MESSAGE][PASSED] - Text 'radius and categories selected!' is present on page 

2020-04-27 14:16:00 - [MESSAGE][PASSED] - Call Test Case 'Test Cases/Reusable_Test_Sequences/Web_Office/Verification/Reports/Population_Report' successfully

2020-04-27 14:16:00 - [TEST_STEP][PASSED] - "--------------------------": null

2020-04-27 14:16:00 - [TEST_STEP][PASSED] - " Teardown - CLose Browser |": null

2020-04-27 14:16:00 - [TEST_STEP][PASSED] - callTestCase(findTestCase("Reusable_Test_Sequences/CAT_Teardown"), [:], OPTIONAL): Call Test Case 'Test Cases/Reusable_Test_Sequences/CAT_Teardown' successfully

2020-04-27 14:16:00 - [TEST_CASE][PASSED] - Test Cases/Reusable_Test_Sequences/CAT_Teardown: Test Cases/Reusable_Test_Sequences/CAT_Teardown

2020-04-27 14:16:00 - [TEST_STEP][PASSED] - closeBrowser(): Browser is closed

2020-04-27 14:16:03 - [MESSAGE][PASSED] - Browser is closed

2020-04-27 14:16:03 - [TEST_STEP][PASSED] - super.finalize(): null

2020-04-27 14:16:03 - [TEST_STEP][PASSED] - System.gc(): null

2020-04-27 14:16:03 - [MESSAGE][PASSED] - Call Test Case 'Test Cases/Reusable_Test_Sequences/CAT_Teardown' successfully]]></system-out>
         <system-err><![CDATA[]]></system-err>
      </testcase>
      <testcase name="Test Cases/Web_Office/Reports/Exclusion_Report" time="17.589" classname="Test Cases/Web_Office/Reports/Exclusion_Report" status="PASSED">
         <system-out><![CDATA[2020-04-27 14:16:03 - [TEST_CASE][PASSED] - Test Cases/Web_Office/Reports/Exclusion_Report: Test Cases/Web_Office/Reports/Exclusion_Report

2020-04-27 14:16:03 - [TEST_STEP][PASSED] - "--------------------------------------": null

2020-04-27 14:16:03 - [TEST_STEP][PASSED] - " Web Office StartUp                  |": null

2020-04-27 14:16:03 - [TEST_STEP][PASSED] - callTestCase(findTestCase("Reusable_Test_Sequences/Web_Office/Directives/WebOffice_StartUp"), [:], STOP_ON_FAILURE): Call Test Case 'Test Cases/Reusable_Test_Sequences/Web_Office/Directives/WebOffice_StartUp' successfully

2020-04-27 14:16:03 - [TEST_CASE][PASSED] - Test Cases/Reusable_Test_Sequences/Web_Office/Directives/WebOffice_StartUp: Test Cases/Reusable_Test_Sequences/Web_Office/Directives/WebOffice_StartUp

2020-04-27 14:16:03 - [TEST_STEP][PASSED] - "-----------------------------------------------------------------------------": null

2020-04-27 14:16:03 - [TEST_STEP][PASSED] - if (URL == "https://www.dev.checkatrade.com/"): null

2020-04-27 14:16:03 - [TEST_STEP][PASSED] - "-----------------------------------------------------------------------------": null

2020-04-27 14:16:03 - [TEST_STEP][PASSED] - if (URL == "https://www.checkatrade.com/"): null

2020-04-27 14:16:03 - [TEST_STEP][PASSED] - "-----------------------------------------------------------------------------": null

2020-04-27 14:16:03 - [TEST_STEP][PASSED] - if (URL == "https://www.preview.checkatrade.com/"): null

2020-04-27 14:16:03 - [TEST_STEP][PASSED] - WebOfficeURL = "https://admin.preview.checkatrade.com/": null

2020-04-27 14:16:03 - [TEST_STEP][PASSED] - if (URL == "https://www.dev2.checkatrade.com/"): null

2020-04-27 14:16:03 - [TEST_STEP][PASSED] - "Set Function Area for "URL_Handler", URL Resolution": null

2020-04-27 14:16:03 - [TEST_STEP][PASSED] - "Do Some Magic with URL(s) See the comments within URL Handler ": null

2020-04-27 14:16:03 - [TEST_STEP][PASSED] - "------------------------------------------------": null

2020-04-27 14:16:03 - [TEST_STEP][PASSED] - "Moved Login Credentials to <Default> profile 22/01/2020": null

2020-04-27 14:16:03 - [TEST_STEP][PASSED] - "------------------------------------------------": null

2020-04-27 14:16:03 - [TEST_STEP][PASSED] - "WebOfficeURL - Set from the ENVIRONMENT PROFILE ": null

2020-04-27 14:16:03 - [TEST_STEP][PASSED] - "OPEN BROWSER": null

2020-04-27 14:16:03 - [TEST_STEP][PASSED] - "eg - https://admin.preview.checkatrade.com/  ": null

2020-04-27 14:16:03 - [TEST_STEP][PASSED] - openBrowser(WebOfficeURL): Browser is opened with url: 'https://admin.preview.checkatrade.com/'

2020-04-27 14:16:03 - [MESSAGE][INFO] - Starting 'Chrome' driver

2020-04-27 14:16:03 - [MESSAGE][INFO] - Action delay is set to 0 milliseconds

2020-04-27 14:16:08 - [MESSAGE][PASSED] - Browser is opened with url: 'https://admin.preview.checkatrade.com/'

2020-04-27 14:16:08 - [TEST_STEP][PASSED] - maximizeWindow(): Current window maximized

2020-04-27 14:16:11 - [MESSAGE][PASSED] - Current window maximized

2020-04-27 14:16:11 - [TEST_STEP][PASSED] - waitForElementClickable(findTestObject("Object Repository/WebOffice/Page_Checkatrade - Administration - Login/Login_Button"), 25): Object 'Object Repository/WebOffice/Page_Checkatrade - Administration - Login/Login_Button' is clickable

2020-04-27 14:16:11 - [MESSAGE][PASSED] - Object 'Object Repository/WebOffice/Page_Checkatrade - Administration - Login/Login_Button' is clickable

2020-04-27 14:16:11 - [TEST_STEP][PASSED] - verifyTextPresent("Checkatrade Web Office", false): Text 'Checkatrade Web Office' is present on page 

2020-04-27 14:16:11 - [MESSAGE][PASSED] - Text 'Checkatrade Web Office' is present on page 

2020-04-27 14:16:11 - [TEST_STEP][PASSED] - verifyTextPresent("Access for staff use only", false): Text 'Access for staff use only' is present on page 

2020-04-27 14:16:11 - [MESSAGE][PASSED] - Text 'Access for staff use only' is present on page 

2020-04-27 14:16:11 - [TEST_STEP][PASSED] - verifyTextPresent("Forgotten password?", false): Text 'Forgotten password?' is present on page 

2020-04-27 14:16:11 - [MESSAGE][PASSED] - Text 'Forgotten password?' is present on page 

2020-04-27 14:16:11 - [TEST_STEP][PASSED] - setText(findTestObject("Object Repository/WebOffice/Page_Checkatrade - Administration - Login/input_Username_LoginControlUserName"), wo_Username): Text 'DavidHo' is set on object 'Object Repository/WebOffice/Page_Checkatrade - Administration - Login/input_Username_LoginControlUserName'

2020-04-27 14:16:11 - [MESSAGE][PASSED] - Text 'DavidHo' is set on object 'Object Repository/WebOffice/Page_Checkatrade - Administration - Login/input_Username_LoginControlUserName'

2020-04-27 14:16:11 - [TEST_STEP][PASSED] - setText(findTestObject("Object Repository/WebOffice/Page_Checkatrade - Administration - Login/input_Password_LoginControlPassword"), wo_Password): Text 'Check123' is set on object 'Object Repository/WebOffice/Page_Checkatrade - Administration - Login/input_Password_LoginControlPassword'

2020-04-27 14:16:11 - [MESSAGE][PASSED] - Text 'Check123' is set on object 'Object Repository/WebOffice/Page_Checkatrade - Administration - Login/input_Password_LoginControlPassword'

2020-04-27 14:16:11 - [TEST_STEP][PASSED] - click(findTestObject("Object Repository/WebOffice/Page_Checkatrade - Administration - Login/Login_Button")): Object: 'Object Repository/WebOffice/Page_Checkatrade - Administration - Login/Login_Button' is clicked on

2020-04-27 14:16:14 - [MESSAGE][PASSED] - Object: 'Object Repository/WebOffice/Page_Checkatrade - Administration - Login/Login_Button' is clicked on

2020-04-27 14:16:14 - [TEST_STEP][PASSED] - waitForPageLoad(60): Wait for page load successfully

2020-04-27 14:16:14 - [MESSAGE][PASSED] - Wait for page load successfully

2020-04-27 14:16:14 - [TEST_STEP][PASSED] - verifyTextPresent("Welcome " + wo_Username, false): Text 'Welcome DavidHo' is present on page 

2020-04-27 14:16:15 - [MESSAGE][PASSED] - Text 'Welcome DavidHo' is present on page 

2020-04-27 14:16:15 - [MESSAGE][PASSED] - Call Test Case 'Test Cases/Reusable_Test_Sequences/Web_Office/Directives/WebOffice_StartUp' successfully

2020-04-27 14:16:15 - [TEST_STEP][PASSED] - "-----------------------------------------------------------------": null

2020-04-27 14:16:15 - [TEST_STEP][PASSED] - " Navigate to <Settings->Checkatrade.Com->Sub Item> Menu Item     |": null

2020-04-27 14:16:15 - [TEST_STEP][PASSED] - callTestCase(findTestCase("Reusable_Test_Sequences/Web_Office/Navigation/Sub_Menu_Navigation/Reports/Exclusion_Report"), [:], STOP_ON_FAILURE): Call Test Case 'Test Cases/Reusable_Test_Sequences/Web_Office/Navigation/Sub_Menu_Navigation/Reports/Exclusion_Report' successfully

2020-04-27 14:16:15 - [TEST_CASE][PASSED] - Test Cases/Reusable_Test_Sequences/Web_Office/Navigation/Sub_Menu_Navigation/Reports/Exclusion_Report: Test Cases/Reusable_Test_Sequences/Web_Office/Navigation/Sub_Menu_Navigation/Reports/Exclusion_Report

2020-04-27 14:16:15 - [TEST_STEP][PASSED] - "--------------------------------------": null

2020-04-27 14:16:15 - [TEST_STEP][PASSED] - " Navigate Top level menu Item         |": null

2020-04-27 14:16:15 - [TEST_STEP][PASSED] - waitForPageLoad(60): Wait for page load successfully

2020-04-27 14:16:15 - [MESSAGE][PASSED] - Wait for page load successfully

2020-04-27 14:16:15 - [TEST_STEP][PASSED] - waitForElementClickable(findTestObject("Object Repository/WebOffice_Home_page/a_Reports"), 60): Object 'Object Repository/WebOffice_Home_page/a_Reports' is clickable

2020-04-27 14:16:15 - [MESSAGE][PASSED] - Object 'Object Repository/WebOffice_Home_page/a_Reports' is clickable

2020-04-27 14:16:15 - [TEST_STEP][PASSED] - mouseOver(findTestObject("Object Repository/WebOffice_Home_page/a_Reports")): Object: 'Object Repository/WebOffice_Home_page/a_Reports' is hovered

2020-04-27 14:16:15 - [MESSAGE][PASSED] - Object: 'Object Repository/WebOffice_Home_page/a_Reports' is hovered

2020-04-27 14:16:15 - [TEST_STEP][PASSED] - waitForPageLoad(5): Wait for page load successfully

2020-04-27 14:16:15 - [MESSAGE][PASSED] - Wait for page load successfully

2020-04-27 14:16:15 - [TEST_STEP][PASSED] - waitForElementClickable(findTestObject("Object Repository/WebOffice_Home_page/Page_/a_Exclusion Report"), 5): Object 'Object Repository/WebOffice_Home_page/Page_/a_Exclusion Report' is clickable

2020-04-27 14:16:16 - [MESSAGE][PASSED] - Object 'Object Repository/WebOffice_Home_page/Page_/a_Exclusion Report' is clickable

2020-04-27 14:16:16 - [TEST_STEP][PASSED] - click(findTestObject("Object Repository/WebOffice_Home_page/Page_/a_Exclusion Report")): Object: 'Object Repository/WebOffice_Home_page/Page_/a_Exclusion Report' is clicked on

2020-04-27 14:16:16 - [MESSAGE][PASSED] - Object: 'Object Repository/WebOffice_Home_page/Page_/a_Exclusion Report' is clicked on

2020-04-27 14:16:16 - [MESSAGE][PASSED] - Call Test Case 'Test Cases/Reusable_Test_Sequences/Web_Office/Navigation/Sub_Menu_Navigation/Reports/Exclusion_Report' successfully

2020-04-27 14:16:16 - [TEST_STEP][PASSED] - "--------------------------------------": null

2020-04-27 14:16:16 - [TEST_STEP][PASSED] - " Verify Returned Page Detail          |": null

2020-04-27 14:16:16 - [TEST_STEP][PASSED] - callTestCase(findTestCase("Reusable_Test_Sequences/Web_Office/Verification/Reports/Exclusion_Report"), [:], OPTIONAL): Call Test Case 'Test Cases/Reusable_Test_Sequences/Web_Office/Verification/Reports/Exclusion_Report' successfully

2020-04-27 14:16:16 - [TEST_CASE][PASSED] - Test Cases/Reusable_Test_Sequences/Web_Office/Verification/Reports/Exclusion_Report: Test Cases/Reusable_Test_Sequences/Web_Office/Verification/Reports/Exclusion_Report

2020-04-27 14:16:17 - [TEST_STEP][PASSED] - waitForPageLoad(120): Wait for page load successfully

2020-04-27 14:16:17 - [MESSAGE][PASSED] - Wait for page load successfully

2020-04-27 14:16:17 - [TEST_STEP][PASSED] - delay(1): Delayed 1 second(s)

2020-04-27 14:16:18 - [MESSAGE][PASSED] - Delayed 1 second(s)

2020-04-27 14:16:18 - [TEST_STEP][PASSED] - verifyTextPresent("Exclusion Report", false): Text 'Exclusion Report' is present on page 

2020-04-27 14:16:18 - [MESSAGE][PASSED] - Text 'Exclusion Report' is present on page 

2020-04-27 14:16:18 - [TEST_STEP][PASSED] - "----------------------------------------------": null

2020-04-27 14:16:18 - [TEST_STEP][PASSED] - verifyTextPresent("Filters", false): Text 'Filters' is present on page 

2020-04-27 14:16:18 - [MESSAGE][PASSED] - Text 'Filters' is present on page 

2020-04-27 14:16:18 - [TEST_STEP][PASSED] - verifyTextPresent("Start Date", false): Text 'Start Date' is present on page 

2020-04-27 14:16:18 - [MESSAGE][PASSED] - Text 'Start Date' is present on page 

2020-04-27 14:16:18 - [TEST_STEP][PASSED] - verifyTextPresent("End Date", false): Text 'End Date' is present on page 

2020-04-27 14:16:19 - [MESSAGE][PASSED] - Text 'End Date' is present on page 

2020-04-27 14:16:19 - [TEST_STEP][PASSED] - verifyTextPresent("Membership level", false): Text 'Membership level' is present on page 

2020-04-27 14:16:19 - [MESSAGE][PASSED] - Text 'Membership level' is present on page 

2020-04-27 14:16:19 - [MESSAGE][PASSED] - Call Test Case 'Test Cases/Reusable_Test_Sequences/Web_Office/Verification/Reports/Exclusion_Report' successfully

2020-04-27 14:16:19 - [TEST_STEP][PASSED] - "--------------------------": null

2020-04-27 14:16:19 - [TEST_STEP][PASSED] - " Teardown - CLose Browser |": null

2020-04-27 14:16:19 - [TEST_STEP][PASSED] - callTestCase(findTestCase("Reusable_Test_Sequences/CAT_Teardown"), [:], OPTIONAL): Call Test Case 'Test Cases/Reusable_Test_Sequences/CAT_Teardown' successfully

2020-04-27 14:16:19 - [TEST_CASE][PASSED] - Test Cases/Reusable_Test_Sequences/CAT_Teardown: Test Cases/Reusable_Test_Sequences/CAT_Teardown

2020-04-27 14:16:19 - [TEST_STEP][PASSED] - closeBrowser(): Browser is closed

2020-04-27 14:16:21 - [MESSAGE][PASSED] - Browser is closed

2020-04-27 14:16:21 - [TEST_STEP][PASSED] - super.finalize(): null

2020-04-27 14:16:21 - [TEST_STEP][PASSED] - System.gc(): null

2020-04-27 14:16:21 - [MESSAGE][PASSED] - Call Test Case 'Test Cases/Reusable_Test_Sequences/CAT_Teardown' successfully]]></system-out>
         <system-err><![CDATA[]]></system-err>
      </testcase>
      <testcase name="Test Cases/Web_Office/Reports/Retentions" time="16.131" classname="Test Cases/Web_Office/Reports/Retentions" status="PASSED">
         <system-out><![CDATA[2020-04-27 14:16:21 - [TEST_CASE][PASSED] - Test Cases/Web_Office/Reports/Retentions: Test Cases/Web_Office/Reports/Retentions

2020-04-27 14:16:21 - [TEST_STEP][PASSED] - "--------------------------------------": null

2020-04-27 14:16:21 - [TEST_STEP][PASSED] - " Web Office StartUp                  |": null

2020-04-27 14:16:21 - [TEST_STEP][PASSED] - callTestCase(findTestCase("Reusable_Test_Sequences/Web_Office/Directives/WebOffice_StartUp"), [:], STOP_ON_FAILURE): Call Test Case 'Test Cases/Reusable_Test_Sequences/Web_Office/Directives/WebOffice_StartUp' successfully

2020-04-27 14:16:21 - [TEST_CASE][PASSED] - Test Cases/Reusable_Test_Sequences/Web_Office/Directives/WebOffice_StartUp: Test Cases/Reusable_Test_Sequences/Web_Office/Directives/WebOffice_StartUp

2020-04-27 14:16:21 - [TEST_STEP][PASSED] - "-----------------------------------------------------------------------------": null

2020-04-27 14:16:21 - [TEST_STEP][PASSED] - if (URL == "https://www.dev.checkatrade.com/"): null

2020-04-27 14:16:21 - [TEST_STEP][PASSED] - "-----------------------------------------------------------------------------": null

2020-04-27 14:16:21 - [TEST_STEP][PASSED] - if (URL == "https://www.checkatrade.com/"): null

2020-04-27 14:16:21 - [TEST_STEP][PASSED] - "-----------------------------------------------------------------------------": null

2020-04-27 14:16:21 - [TEST_STEP][PASSED] - if (URL == "https://www.preview.checkatrade.com/"): null

2020-04-27 14:16:21 - [TEST_STEP][PASSED] - WebOfficeURL = "https://admin.preview.checkatrade.com/": null

2020-04-27 14:16:21 - [TEST_STEP][PASSED] - if (URL == "https://www.dev2.checkatrade.com/"): null

2020-04-27 14:16:21 - [TEST_STEP][PASSED] - "Set Function Area for "URL_Handler", URL Resolution": null

2020-04-27 14:16:21 - [TEST_STEP][PASSED] - "Do Some Magic with URL(s) See the comments within URL Handler ": null

2020-04-27 14:16:21 - [TEST_STEP][PASSED] - "------------------------------------------------": null

2020-04-27 14:16:21 - [TEST_STEP][PASSED] - "Moved Login Credentials to <Default> profile 22/01/2020": null

2020-04-27 14:16:21 - [TEST_STEP][PASSED] - "------------------------------------------------": null

2020-04-27 14:16:21 - [TEST_STEP][PASSED] - "WebOfficeURL - Set from the ENVIRONMENT PROFILE ": null

2020-04-27 14:16:21 - [TEST_STEP][PASSED] - "OPEN BROWSER": null

2020-04-27 14:16:21 - [TEST_STEP][PASSED] - "eg - https://admin.preview.checkatrade.com/  ": null

2020-04-27 14:16:21 - [TEST_STEP][PASSED] - openBrowser(WebOfficeURL): Browser is opened with url: 'https://admin.preview.checkatrade.com/'

2020-04-27 14:16:21 - [MESSAGE][INFO] - Starting 'Chrome' driver

2020-04-27 14:16:21 - [MESSAGE][INFO] - Action delay is set to 0 milliseconds

2020-04-27 14:16:26 - [MESSAGE][PASSED] - Browser is opened with url: 'https://admin.preview.checkatrade.com/'

2020-04-27 14:16:26 - [TEST_STEP][PASSED] - maximizeWindow(): Current window maximized

2020-04-27 14:16:29 - [MESSAGE][PASSED] - Current window maximized

2020-04-27 14:16:29 - [TEST_STEP][PASSED] - waitForElementClickable(findTestObject("Object Repository/WebOffice/Page_Checkatrade - Administration - Login/Login_Button"), 25): Object 'Object Repository/WebOffice/Page_Checkatrade - Administration - Login/Login_Button' is clickable

2020-04-27 14:16:29 - [MESSAGE][PASSED] - Object 'Object Repository/WebOffice/Page_Checkatrade - Administration - Login/Login_Button' is clickable

2020-04-27 14:16:29 - [TEST_STEP][PASSED] - verifyTextPresent("Checkatrade Web Office", false): Text 'Checkatrade Web Office' is present on page 

2020-04-27 14:16:29 - [MESSAGE][PASSED] - Text 'Checkatrade Web Office' is present on page 

2020-04-27 14:16:29 - [TEST_STEP][PASSED] - verifyTextPresent("Access for staff use only", false): Text 'Access for staff use only' is present on page 

2020-04-27 14:16:29 - [MESSAGE][PASSED] - Text 'Access for staff use only' is present on page 

2020-04-27 14:16:29 - [TEST_STEP][PASSED] - verifyTextPresent("Forgotten password?", false): Text 'Forgotten password?' is present on page 

2020-04-27 14:16:29 - [MESSAGE][PASSED] - Text 'Forgotten password?' is present on page 

2020-04-27 14:16:29 - [TEST_STEP][PASSED] - setText(findTestObject("Object Repository/WebOffice/Page_Checkatrade - Administration - Login/input_Username_LoginControlUserName"), wo_Username): Text 'DavidHo' is set on object 'Object Repository/WebOffice/Page_Checkatrade - Administration - Login/input_Username_LoginControlUserName'

2020-04-27 14:16:29 - [MESSAGE][PASSED] - Text 'DavidHo' is set on object 'Object Repository/WebOffice/Page_Checkatrade - Administration - Login/input_Username_LoginControlUserName'

2020-04-27 14:16:29 - [TEST_STEP][PASSED] - setText(findTestObject("Object Repository/WebOffice/Page_Checkatrade - Administration - Login/input_Password_LoginControlPassword"), wo_Password): Text 'Check123' is set on object 'Object Repository/WebOffice/Page_Checkatrade - Administration - Login/input_Password_LoginControlPassword'

2020-04-27 14:16:30 - [MESSAGE][PASSED] - Text 'Check123' is set on object 'Object Repository/WebOffice/Page_Checkatrade - Administration - Login/input_Password_LoginControlPassword'

2020-04-27 14:16:30 - [TEST_STEP][PASSED] - click(findTestObject("Object Repository/WebOffice/Page_Checkatrade - Administration - Login/Login_Button")): Object: 'Object Repository/WebOffice/Page_Checkatrade - Administration - Login/Login_Button' is clicked on

2020-04-27 14:16:31 - [MESSAGE][PASSED] - Object: 'Object Repository/WebOffice/Page_Checkatrade - Administration - Login/Login_Button' is clicked on

2020-04-27 14:16:31 - [TEST_STEP][PASSED] - waitForPageLoad(60): Wait for page load successfully

2020-04-27 14:16:31 - [MESSAGE][PASSED] - Wait for page load successfully

2020-04-27 14:16:31 - [TEST_STEP][PASSED] - verifyTextPresent("Welcome " + wo_Username, false): Text 'Welcome DavidHo' is present on page 

2020-04-27 14:16:32 - [MESSAGE][PASSED] - Text 'Welcome DavidHo' is present on page 

2020-04-27 14:16:32 - [MESSAGE][PASSED] - Call Test Case 'Test Cases/Reusable_Test_Sequences/Web_Office/Directives/WebOffice_StartUp' successfully

2020-04-27 14:16:32 - [TEST_STEP][PASSED] - "-----------------------------------------------------------------": null

2020-04-27 14:16:32 - [TEST_STEP][PASSED] - " Navigate to <Settings->Checkatrade.Com->Sub Item> Menu Item     |": null

2020-04-27 14:16:32 - [TEST_STEP][PASSED] - callTestCase(findTestCase("Reusable_Test_Sequences/Web_Office/Navigation/Sub_Menu_Navigation/Reports/Retentions"), [:], STOP_ON_FAILURE): Call Test Case 'Test Cases/Reusable_Test_Sequences/Web_Office/Navigation/Sub_Menu_Navigation/Reports/Retentions' successfully

2020-04-27 14:16:32 - [TEST_CASE][PASSED] - Test Cases/Reusable_Test_Sequences/Web_Office/Navigation/Sub_Menu_Navigation/Reports/Retentions: Test Cases/Reusable_Test_Sequences/Web_Office/Navigation/Sub_Menu_Navigation/Reports/Retentions

2020-04-27 14:16:32 - [TEST_STEP][PASSED] - "--------------------------------------": null

2020-04-27 14:16:32 - [TEST_STEP][PASSED] - " Navigate Top level menu Item         |": null

2020-04-27 14:16:32 - [TEST_STEP][PASSED] - waitForPageLoad(60): Wait for page load successfully

2020-04-27 14:16:32 - [MESSAGE][PASSED] - Wait for page load successfully

2020-04-27 14:16:32 - [TEST_STEP][PASSED] - waitForElementClickable(findTestObject("Object Repository/WebOffice_Home_page/a_Reports"), 60): Object 'Object Repository/WebOffice_Home_page/a_Reports' is clickable

2020-04-27 14:16:32 - [MESSAGE][PASSED] - Object 'Object Repository/WebOffice_Home_page/a_Reports' is clickable

2020-04-27 14:16:32 - [TEST_STEP][PASSED] - mouseOver(findTestObject("Object Repository/WebOffice_Home_page/a_Reports")): Object: 'Object Repository/WebOffice_Home_page/a_Reports' is hovered

2020-04-27 14:16:33 - [MESSAGE][PASSED] - Object: 'Object Repository/WebOffice_Home_page/a_Reports' is hovered

2020-04-27 14:16:33 - [TEST_STEP][PASSED] - waitForPageLoad(5): Wait for page load successfully

2020-04-27 14:16:33 - [MESSAGE][PASSED] - Wait for page load successfully

2020-04-27 14:16:33 - [TEST_STEP][PASSED] - waitForElementClickable(findTestObject("Object Repository/WebOffice_Home_page/Page_/a_Retentions"), 5): Object 'Object Repository/WebOffice_Home_page/Page_/a_Retentions' is clickable

2020-04-27 14:16:33 - [MESSAGE][PASSED] - Object 'Object Repository/WebOffice_Home_page/Page_/a_Retentions' is clickable

2020-04-27 14:16:33 - [TEST_STEP][PASSED] - click(findTestObject("Object Repository/WebOffice_Home_page/Page_/a_Retentions")): Object: 'Object Repository/WebOffice_Home_page/Page_/a_Retentions' is clicked on

2020-04-27 14:16:33 - [MESSAGE][PASSED] - Object: 'Object Repository/WebOffice_Home_page/Page_/a_Retentions' is clicked on

2020-04-27 14:16:33 - [MESSAGE][PASSED] - Call Test Case 'Test Cases/Reusable_Test_Sequences/Web_Office/Navigation/Sub_Menu_Navigation/Reports/Retentions' successfully

2020-04-27 14:16:33 - [TEST_STEP][PASSED] - "--------------------------------------": null

2020-04-27 14:16:33 - [TEST_STEP][PASSED] - " Verify Returned Page Detail          |": null

2020-04-27 14:16:33 - [TEST_STEP][PASSED] - callTestCase(findTestCase("Reusable_Test_Sequences/Web_Office/Verification/Reports/Retentions"), [:], OPTIONAL): Call Test Case 'Test Cases/Reusable_Test_Sequences/Web_Office/Verification/Reports/Retentions' successfully

2020-04-27 14:16:33 - [TEST_CASE][PASSED] - Test Cases/Reusable_Test_Sequences/Web_Office/Verification/Reports/Retentions: Test Cases/Reusable_Test_Sequences/Web_Office/Verification/Reports/Retentions

2020-04-27 14:16:34 - [TEST_STEP][PASSED] - waitForPageLoad(120): Wait for page load successfully

2020-04-27 14:16:34 - [MESSAGE][PASSED] - Wait for page load successfully

2020-04-27 14:16:34 - [TEST_STEP][PASSED] - delay(1): Delayed 1 second(s)

2020-04-27 14:16:35 - [MESSAGE][PASSED] - Delayed 1 second(s)

2020-04-27 14:16:35 - [TEST_STEP][PASSED] - verifyTextPresent("Retention Expiry Report 40 days", false): Text 'Retention Expiry Report 40 days' is present on page 

2020-04-27 14:16:35 - [MESSAGE][PASSED] - Text 'Retention Expiry Report 40 days' is present on page 

2020-04-27 14:16:35 - [TEST_STEP][PASSED] - "----------------------------------------------": null

2020-04-27 14:16:35 - [TEST_STEP][PASSED] - "----------------------------------------------": null

2020-04-27 14:16:35 - [TEST_STEP][PASSED] - verifyTextPresent("Date From", false): Text 'Date From' is present on page 

2020-04-27 14:16:35 - [MESSAGE][PASSED] - Text 'Date From' is present on page 

2020-04-27 14:16:35 - [TEST_STEP][PASSED] - verifyTextPresent("Date To", false): Text 'Date To' is present on page 

2020-04-27 14:16:36 - [MESSAGE][PASSED] - Text 'Date To' is present on page 

2020-04-27 14:16:36 - [MESSAGE][PASSED] - Call Test Case 'Test Cases/Reusable_Test_Sequences/Web_Office/Verification/Reports/Retentions' successfully

2020-04-27 14:16:36 - [TEST_STEP][PASSED] - "--------------------------": null

2020-04-27 14:16:36 - [TEST_STEP][PASSED] - " Teardown - CLose Browser |": null

2020-04-27 14:16:36 - [TEST_STEP][PASSED] - callTestCase(findTestCase("Reusable_Test_Sequences/CAT_Teardown"), [:], OPTIONAL): Call Test Case 'Test Cases/Reusable_Test_Sequences/CAT_Teardown' successfully

2020-04-27 14:16:36 - [TEST_CASE][PASSED] - Test Cases/Reusable_Test_Sequences/CAT_Teardown: Test Cases/Reusable_Test_Sequences/CAT_Teardown

2020-04-27 14:16:36 - [TEST_STEP][PASSED] - closeBrowser(): Browser is closed

2020-04-27 14:16:37 - [MESSAGE][PASSED] - Browser is closed

2020-04-27 14:16:37 - [TEST_STEP][PASSED] - super.finalize(): null

2020-04-27 14:16:37 - [TEST_STEP][PASSED] - System.gc(): null

2020-04-27 14:16:37 - [MESSAGE][PASSED] - Call Test Case 'Test Cases/Reusable_Test_Sequences/CAT_Teardown' successfully]]></system-out>
         <system-err><![CDATA[]]></system-err>
      </testcase>
      <testcase name="Test Cases/Web_Office/Reports/Company_Website_Status_Changes_Members" time="23.191" classname="Test Cases/Web_Office/Reports/Company_Website_Status_Changes_Members" status="PASSED">
         <system-out><![CDATA[2020-04-27 14:16:37 - [TEST_CASE][PASSED] - Test Cases/Web_Office/Reports/Company_Website_Status_Changes_Members: Test Cases/Web_Office/Reports/Company_Website_Status_Changes_Members

2020-04-27 14:16:37 - [TEST_STEP][PASSED] - "--------------------------------------": null

2020-04-27 14:16:37 - [TEST_STEP][PASSED] - " Web Office StartUp                  |": null

2020-04-27 14:16:37 - [TEST_STEP][PASSED] - callTestCase(findTestCase("Reusable_Test_Sequences/Web_Office/Directives/WebOffice_StartUp"), [:], STOP_ON_FAILURE): Call Test Case 'Test Cases/Reusable_Test_Sequences/Web_Office/Directives/WebOffice_StartUp' successfully

2020-04-27 14:16:37 - [TEST_CASE][PASSED] - Test Cases/Reusable_Test_Sequences/Web_Office/Directives/WebOffice_StartUp: Test Cases/Reusable_Test_Sequences/Web_Office/Directives/WebOffice_StartUp

2020-04-27 14:16:37 - [TEST_STEP][PASSED] - "-----------------------------------------------------------------------------": null

2020-04-27 14:16:37 - [TEST_STEP][PASSED] - if (URL == "https://www.dev.checkatrade.com/"): null

2020-04-27 14:16:37 - [TEST_STEP][PASSED] - "-----------------------------------------------------------------------------": null

2020-04-27 14:16:37 - [TEST_STEP][PASSED] - if (URL == "https://www.checkatrade.com/"): null

2020-04-27 14:16:37 - [TEST_STEP][PASSED] - "-----------------------------------------------------------------------------": null

2020-04-27 14:16:37 - [TEST_STEP][PASSED] - if (URL == "https://www.preview.checkatrade.com/"): null

2020-04-27 14:16:37 - [TEST_STEP][PASSED] - WebOfficeURL = "https://admin.preview.checkatrade.com/": null

2020-04-27 14:16:37 - [TEST_STEP][PASSED] - if (URL == "https://www.dev2.checkatrade.com/"): null

2020-04-27 14:16:37 - [TEST_STEP][PASSED] - "Set Function Area for "URL_Handler", URL Resolution": null

2020-04-27 14:16:37 - [TEST_STEP][PASSED] - "Do Some Magic with URL(s) See the comments within URL Handler ": null

2020-04-27 14:16:37 - [TEST_STEP][PASSED] - "------------------------------------------------": null

2020-04-27 14:16:37 - [TEST_STEP][PASSED] - "Moved Login Credentials to <Default> profile 22/01/2020": null

2020-04-27 14:16:37 - [TEST_STEP][PASSED] - "------------------------------------------------": null

2020-04-27 14:16:37 - [TEST_STEP][PASSED] - "WebOfficeURL - Set from the ENVIRONMENT PROFILE ": null

2020-04-27 14:16:37 - [TEST_STEP][PASSED] - "OPEN BROWSER": null

2020-04-27 14:16:37 - [TEST_STEP][PASSED] - "eg - https://admin.preview.checkatrade.com/  ": null

2020-04-27 14:16:37 - [TEST_STEP][PASSED] - openBrowser(WebOfficeURL): Browser is opened with url: 'https://admin.preview.checkatrade.com/'

2020-04-27 14:16:37 - [MESSAGE][INFO] - Starting 'Chrome' driver

2020-04-27 14:16:37 - [MESSAGE][INFO] - Action delay is set to 0 milliseconds

2020-04-27 14:16:42 - [MESSAGE][PASSED] - Browser is opened with url: 'https://admin.preview.checkatrade.com/'

2020-04-27 14:16:42 - [TEST_STEP][PASSED] - maximizeWindow(): Current window maximized

2020-04-27 14:16:45 - [MESSAGE][PASSED] - Current window maximized

2020-04-27 14:16:45 - [TEST_STEP][PASSED] - waitForElementClickable(findTestObject("Object Repository/WebOffice/Page_Checkatrade - Administration - Login/Login_Button"), 25): Object 'Object Repository/WebOffice/Page_Checkatrade - Administration - Login/Login_Button' is clickable

2020-04-27 14:16:45 - [MESSAGE][PASSED] - Object 'Object Repository/WebOffice/Page_Checkatrade - Administration - Login/Login_Button' is clickable

2020-04-27 14:16:45 - [TEST_STEP][PASSED] - verifyTextPresent("Checkatrade Web Office", false): Text 'Checkatrade Web Office' is present on page 

2020-04-27 14:16:45 - [MESSAGE][PASSED] - Text 'Checkatrade Web Office' is present on page 

2020-04-27 14:16:45 - [TEST_STEP][PASSED] - verifyTextPresent("Access for staff use only", false): Text 'Access for staff use only' is present on page 

2020-04-27 14:16:45 - [MESSAGE][PASSED] - Text 'Access for staff use only' is present on page 

2020-04-27 14:16:45 - [TEST_STEP][PASSED] - verifyTextPresent("Forgotten password?", false): Text 'Forgotten password?' is present on page 

2020-04-27 14:16:45 - [MESSAGE][PASSED] - Text 'Forgotten password?' is present on page 

2020-04-27 14:16:45 - [TEST_STEP][PASSED] - setText(findTestObject("Object Repository/WebOffice/Page_Checkatrade - Administration - Login/input_Username_LoginControlUserName"), wo_Username): Text 'DavidHo' is set on object 'Object Repository/WebOffice/Page_Checkatrade - Administration - Login/input_Username_LoginControlUserName'

2020-04-27 14:16:45 - [MESSAGE][PASSED] - Text 'DavidHo' is set on object 'Object Repository/WebOffice/Page_Checkatrade - Administration - Login/input_Username_LoginControlUserName'

2020-04-27 14:16:45 - [TEST_STEP][PASSED] - setText(findTestObject("Object Repository/WebOffice/Page_Checkatrade - Administration - Login/input_Password_LoginControlPassword"), wo_Password): Text 'Check123' is set on object 'Object Repository/WebOffice/Page_Checkatrade - Administration - Login/input_Password_LoginControlPassword'

2020-04-27 14:16:45 - [MESSAGE][PASSED] - Text 'Check123' is set on object 'Object Repository/WebOffice/Page_Checkatrade - Administration - Login/input_Password_LoginControlPassword'

2020-04-27 14:16:45 - [TEST_STEP][PASSED] - click(findTestObject("Object Repository/WebOffice/Page_Checkatrade - Administration - Login/Login_Button")): Object: 'Object Repository/WebOffice/Page_Checkatrade - Administration - Login/Login_Button' is clicked on

2020-04-27 14:16:46 - [MESSAGE][PASSED] - Object: 'Object Repository/WebOffice/Page_Checkatrade - Administration - Login/Login_Button' is clicked on

2020-04-27 14:16:46 - [TEST_STEP][PASSED] - waitForPageLoad(60): Wait for page load successfully

2020-04-27 14:16:46 - [MESSAGE][PASSED] - Wait for page load successfully

2020-04-27 14:16:46 - [TEST_STEP][PASSED] - verifyTextPresent("Welcome " + wo_Username, false): Text 'Welcome DavidHo' is present on page 

2020-04-27 14:16:46 - [MESSAGE][PASSED] - Text 'Welcome DavidHo' is present on page 

2020-04-27 14:16:46 - [MESSAGE][PASSED] - Call Test Case 'Test Cases/Reusable_Test_Sequences/Web_Office/Directives/WebOffice_StartUp' successfully

2020-04-27 14:16:46 - [TEST_STEP][PASSED] - "-----------------------------------------------------------------": null

2020-04-27 14:16:46 - [TEST_STEP][PASSED] - " Navigate to <Settings->Checkatrade.Com->Sub Item> Menu Item     |": null

2020-04-27 14:16:46 - [TEST_STEP][PASSED] - callTestCase(findTestCase("Reusable_Test_Sequences/Web_Office/Navigation/Sub_Menu_Navigation/Reports/Company_Website_Status_Changes_Members"), [:], STOP_ON_FAILURE): Call Test Case 'Test Cases/Reusable_Test_Sequences/Web_Office/Navigation/Sub_Menu_Navigation/Reports/Company_Website_Status_Changes_Members' successfully

2020-04-27 14:16:46 - [TEST_CASE][PASSED] - Test Cases/Reusable_Test_Sequences/Web_Office/Navigation/Sub_Menu_Navigation/Reports/Company_Website_Status_Changes_Members: Test Cases/Reusable_Test_Sequences/Web_Office/Navigation/Sub_Menu_Navigation/Reports/Company_Website_Status_Changes_Members

2020-04-27 14:16:47 - [TEST_STEP][PASSED] - "--------------------------------------": null

2020-04-27 14:16:47 - [TEST_STEP][PASSED] - " Navigate Top level menu Item         |": null

2020-04-27 14:16:47 - [TEST_STEP][PASSED] - waitForPageLoad(60): Wait for page load successfully

2020-04-27 14:16:47 - [MESSAGE][PASSED] - Wait for page load successfully

2020-04-27 14:16:47 - [TEST_STEP][PASSED] - waitForElementClickable(findTestObject("Object Repository/WebOffice_Home_page/a_Reports"), 60): Object 'Object Repository/WebOffice_Home_page/a_Reports' is clickable

2020-04-27 14:16:47 - [MESSAGE][PASSED] - Object 'Object Repository/WebOffice_Home_page/a_Reports' is clickable

2020-04-27 14:16:47 - [TEST_STEP][PASSED] - mouseOver(findTestObject("Object Repository/WebOffice_Home_page/a_Reports")): Object: 'Object Repository/WebOffice_Home_page/a_Reports' is hovered

2020-04-27 14:16:47 - [MESSAGE][PASSED] - Object: 'Object Repository/WebOffice_Home_page/a_Reports' is hovered

2020-04-27 14:16:47 - [TEST_STEP][PASSED] - click(findTestObject("Object Repository/WebOffice_Home_page/Page_/a_Members")): Object: 'Object Repository/WebOffice_Home_page/Page_/a_Members' is clicked on

2020-04-27 14:16:47 - [MESSAGE][PASSED] - Object: 'Object Repository/WebOffice_Home_page/Page_/a_Members' is clicked on

2020-04-27 14:16:47 - [TEST_STEP][PASSED] - waitForPageLoad(5): Wait for page load successfully

2020-04-27 14:16:47 - [MESSAGE][PASSED] - Wait for page load successfully

2020-04-27 14:16:47 - [TEST_STEP][PASSED] - waitForElementClickable(findTestObject("Object Repository/WebOffice_Home_page/Page_/a_Company Website Status Changes"), 5): Object 'Object Repository/WebOffice_Home_page/Page_/a_Company Website Status Changes' is clickable

2020-04-27 14:16:47 - [MESSAGE][PASSED] - Object 'Object Repository/WebOffice_Home_page/Page_/a_Company Website Status Changes' is clickable

2020-04-27 14:16:47 - [TEST_STEP][PASSED] - click(findTestObject("Object Repository/WebOffice_Home_page/Page_/a_Company Website Status Changes")): Object: 'Object Repository/WebOffice_Home_page/Page_/a_Company Website Status Changes' is clicked on

2020-04-27 14:16:52 - [MESSAGE][PASSED] - Object: 'Object Repository/WebOffice_Home_page/Page_/a_Company Website Status Changes' is clicked on

2020-04-27 14:16:52 - [MESSAGE][PASSED] - Call Test Case 'Test Cases/Reusable_Test_Sequences/Web_Office/Navigation/Sub_Menu_Navigation/Reports/Company_Website_Status_Changes_Members' successfully

2020-04-27 14:16:52 - [TEST_STEP][PASSED] - "--------------------------------------": null

2020-04-27 14:16:52 - [TEST_STEP][PASSED] - " Verify Returned Page Detail          |": null

2020-04-27 14:16:52 - [TEST_STEP][PASSED] - callTestCase(findTestCase("Reusable_Test_Sequences/Web_Office/Verification/Reports/Company_Website_Status_Changes"), [:], OPTIONAL): Call Test Case 'Test Cases/Reusable_Test_Sequences/Web_Office/Verification/Reports/Company_Website_Status_Changes' successfully

2020-04-27 14:16:52 - [TEST_CASE][PASSED] - Test Cases/Reusable_Test_Sequences/Web_Office/Verification/Reports/Company_Website_Status_Changes: Test Cases/Reusable_Test_Sequences/Web_Office/Verification/Reports/Company_Website_Status_Changes

2020-04-27 14:16:52 - [TEST_STEP][PASSED] - waitForPageLoad(120): Wait for page load successfully

2020-04-27 14:16:52 - [MESSAGE][PASSED] - Wait for page load successfully

2020-04-27 14:16:52 - [TEST_STEP][PASSED] - delay(1): Delayed 1 second(s)

2020-04-27 14:16:53 - [MESSAGE][PASSED] - Delayed 1 second(s)

2020-04-27 14:16:53 - [TEST_STEP][PASSED] - verifyTextPresent("Company Website Status Change Report", false): Text 'Company Website Status Change Report' is present on page 

2020-04-27 14:16:53 - [MESSAGE][PASSED] - Text 'Company Website Status Change Report' is present on page 

2020-04-27 14:16:53 - [TEST_STEP][PASSED] - "----------------------------------------------": null

2020-04-27 14:16:53 - [TEST_STEP][PASSED] - verifyTextPresent("All Available Dates:", false): Text 'All Available Dates:' is present on page 

2020-04-27 14:16:54 - [MESSAGE][PASSED] - Text 'All Available Dates:' is present on page 

2020-04-27 14:16:54 - [TEST_STEP][PASSED] - verifyTextPresent("Total no. companies", false): Text 'Total no. companies' is present on page 

2020-04-27 14:16:54 - [MESSAGE][PASSED] - Text 'Total no. companies' is present on page 

2020-04-27 14:16:54 - [TEST_STEP][PASSED] - "----------------------------------------------": null

2020-04-27 14:16:54 - [TEST_STEP][PASSED] - "----------------------------------------------": null

2020-04-27 14:16:54 - [TEST_STEP][PASSED] - verifyTextPresent("Company", false): Text 'Company' is present on page 

2020-04-27 14:16:55 - [MESSAGE][PASSED] - Text 'Company' is present on page 

2020-04-27 14:16:55 - [TEST_STEP][PASSED] - verifyTextPresent("Status", false): Text 'Status' is present on page 

2020-04-27 14:16:55 - [MESSAGE][PASSED] - Text 'Status' is present on page 

2020-04-27 14:16:55 - [TEST_STEP][PASSED] - verifyTextPresent("Description", false): Text 'Description' is present on page 

2020-04-27 14:16:56 - [MESSAGE][PASSED] - Text 'Description' is present on page 

2020-04-27 14:16:56 - [TEST_STEP][PASSED] - verifyTextPresent("Date Changed", false): Text 'Date Changed' is present on page 

2020-04-27 14:16:56 - [MESSAGE][PASSED] - Text 'Date Changed' is present on page 

2020-04-27 14:16:56 - [TEST_STEP][PASSED] - "----------------------------------------------": null

2020-04-27 14:16:56 - [TEST_STEP][PASSED] - "----------------------------------------------": null

2020-04-27 14:16:56 - [TEST_STEP][PASSED] - "----------------------------------------------": null

2020-04-27 14:16:56 - [TEST_STEP][PASSED] - verifyTextPresent("Added to Website", false): Text 'Added to Website' is present on page 

2020-04-27 14:16:56 - [MESSAGE][PASSED] - Text 'Added to Website' is present on page 

2020-04-27 14:16:56 - [TEST_STEP][PASSED] - verifyTextPresent("Removed from website", false): Text 'Removed from website' is present on page 

2020-04-27 14:16:57 - [MESSAGE][PASSED] - Text 'Removed from website' is present on page 

2020-04-27 14:16:57 - [MESSAGE][PASSED] - Call Test Case 'Test Cases/Reusable_Test_Sequences/Web_Office/Verification/Reports/Company_Website_Status_Changes' successfully

2020-04-27 14:16:57 - [TEST_STEP][PASSED] - "--------------------------": null

2020-04-27 14:16:57 - [TEST_STEP][PASSED] - " Teardown - CLose Browser |": null

2020-04-27 14:16:57 - [TEST_STEP][PASSED] - callTestCase(findTestCase("Reusable_Test_Sequences/CAT_Teardown"), [:], OPTIONAL): Call Test Case 'Test Cases/Reusable_Test_Sequences/CAT_Teardown' successfully

2020-04-27 14:16:57 - [TEST_CASE][PASSED] - Test Cases/Reusable_Test_Sequences/CAT_Teardown: Test Cases/Reusable_Test_Sequences/CAT_Teardown

2020-04-27 14:16:57 - [TEST_STEP][PASSED] - closeBrowser(): Browser is closed

2020-04-27 14:17:00 - [MESSAGE][PASSED] - Browser is closed

2020-04-27 14:17:00 - [TEST_STEP][PASSED] - super.finalize(): null

2020-04-27 14:17:00 - [TEST_STEP][PASSED] - System.gc(): null

2020-04-27 14:17:00 - [MESSAGE][PASSED] - Call Test Case 'Test Cases/Reusable_Test_Sequences/CAT_Teardown' successfully]]></system-out>
         <system-err><![CDATA[]]></system-err>
      </testcase>
      <testcase name="Test Cases/Web_Office/Reports/Partner_Franchise" time="21.556" classname="Test Cases/Web_Office/Reports/Partner_Franchise" status="PASSED">
         <system-out><![CDATA[2020-04-27 14:17:00 - [TEST_CASE][PASSED] - Test Cases/Web_Office/Reports/Partner_Franchise: Test Cases/Web_Office/Reports/Partner_Franchise

2020-04-27 14:17:00 - [TEST_STEP][PASSED] - "--------------------------------------": null

2020-04-27 14:17:00 - [TEST_STEP][PASSED] - " Web Office StartUp                  |": null

2020-04-27 14:17:00 - [TEST_STEP][PASSED] - callTestCase(findTestCase("Reusable_Test_Sequences/Web_Office/Directives/WebOffice_StartUp"), [:], STOP_ON_FAILURE): Call Test Case 'Test Cases/Reusable_Test_Sequences/Web_Office/Directives/WebOffice_StartUp' successfully

2020-04-27 14:17:00 - [TEST_CASE][PASSED] - Test Cases/Reusable_Test_Sequences/Web_Office/Directives/WebOffice_StartUp: Test Cases/Reusable_Test_Sequences/Web_Office/Directives/WebOffice_StartUp

2020-04-27 14:17:00 - [TEST_STEP][PASSED] - "-----------------------------------------------------------------------------": null

2020-04-27 14:17:00 - [TEST_STEP][PASSED] - if (URL == "https://www.dev.checkatrade.com/"): null

2020-04-27 14:17:00 - [TEST_STEP][PASSED] - "-----------------------------------------------------------------------------": null

2020-04-27 14:17:00 - [TEST_STEP][PASSED] - if (URL == "https://www.checkatrade.com/"): null

2020-04-27 14:17:00 - [TEST_STEP][PASSED] - "-----------------------------------------------------------------------------": null

2020-04-27 14:17:00 - [TEST_STEP][PASSED] - if (URL == "https://www.preview.checkatrade.com/"): null

2020-04-27 14:17:00 - [TEST_STEP][PASSED] - WebOfficeURL = "https://admin.preview.checkatrade.com/": null

2020-04-27 14:17:00 - [TEST_STEP][PASSED] - if (URL == "https://www.dev2.checkatrade.com/"): null

2020-04-27 14:17:00 - [TEST_STEP][PASSED] - "Set Function Area for "URL_Handler", URL Resolution": null

2020-04-27 14:17:00 - [TEST_STEP][PASSED] - "Do Some Magic with URL(s) See the comments within URL Handler ": null

2020-04-27 14:17:00 - [TEST_STEP][PASSED] - "------------------------------------------------": null

2020-04-27 14:17:00 - [TEST_STEP][PASSED] - "Moved Login Credentials to <Default> profile 22/01/2020": null

2020-04-27 14:17:00 - [TEST_STEP][PASSED] - "------------------------------------------------": null

2020-04-27 14:17:00 - [TEST_STEP][PASSED] - "WebOfficeURL - Set from the ENVIRONMENT PROFILE ": null

2020-04-27 14:17:00 - [TEST_STEP][PASSED] - "OPEN BROWSER": null

2020-04-27 14:17:00 - [TEST_STEP][PASSED] - "eg - https://admin.preview.checkatrade.com/  ": null

2020-04-27 14:17:00 - [TEST_STEP][PASSED] - openBrowser(WebOfficeURL): Browser is opened with url: 'https://admin.preview.checkatrade.com/'

2020-04-27 14:17:00 - [MESSAGE][INFO] - Starting 'Chrome' driver

2020-04-27 14:17:00 - [MESSAGE][INFO] - Action delay is set to 0 milliseconds

2020-04-27 14:17:06 - [MESSAGE][PASSED] - Browser is opened with url: 'https://admin.preview.checkatrade.com/'

2020-04-27 14:17:06 - [TEST_STEP][PASSED] - maximizeWindow(): Current window maximized

2020-04-27 14:17:09 - [MESSAGE][PASSED] - Current window maximized

2020-04-27 14:17:09 - [TEST_STEP][PASSED] - waitForElementClickable(findTestObject("Object Repository/WebOffice/Page_Checkatrade - Administration - Login/Login_Button"), 25): Object 'Object Repository/WebOffice/Page_Checkatrade - Administration - Login/Login_Button' is clickable

2020-04-27 14:17:09 - [MESSAGE][PASSED] - Object 'Object Repository/WebOffice/Page_Checkatrade - Administration - Login/Login_Button' is clickable

2020-04-27 14:17:09 - [TEST_STEP][PASSED] - verifyTextPresent("Checkatrade Web Office", false): Text 'Checkatrade Web Office' is present on page 

2020-04-27 14:17:09 - [MESSAGE][PASSED] - Text 'Checkatrade Web Office' is present on page 

2020-04-27 14:17:09 - [TEST_STEP][PASSED] - verifyTextPresent("Access for staff use only", false): Text 'Access for staff use only' is present on page 

2020-04-27 14:17:09 - [MESSAGE][PASSED] - Text 'Access for staff use only' is present on page 

2020-04-27 14:17:09 - [TEST_STEP][PASSED] - verifyTextPresent("Forgotten password?", false): Text 'Forgotten password?' is present on page 

2020-04-27 14:17:09 - [MESSAGE][PASSED] - Text 'Forgotten password?' is present on page 

2020-04-27 14:17:09 - [TEST_STEP][PASSED] - setText(findTestObject("Object Repository/WebOffice/Page_Checkatrade - Administration - Login/input_Username_LoginControlUserName"), wo_Username): Text 'DavidHo' is set on object 'Object Repository/WebOffice/Page_Checkatrade - Administration - Login/input_Username_LoginControlUserName'

2020-04-27 14:17:10 - [MESSAGE][PASSED] - Text 'DavidHo' is set on object 'Object Repository/WebOffice/Page_Checkatrade - Administration - Login/input_Username_LoginControlUserName'

2020-04-27 14:17:10 - [TEST_STEP][PASSED] - setText(findTestObject("Object Repository/WebOffice/Page_Checkatrade - Administration - Login/input_Password_LoginControlPassword"), wo_Password): Text 'Check123' is set on object 'Object Repository/WebOffice/Page_Checkatrade - Administration - Login/input_Password_LoginControlPassword'

2020-04-27 14:17:10 - [MESSAGE][PASSED] - Text 'Check123' is set on object 'Object Repository/WebOffice/Page_Checkatrade - Administration - Login/input_Password_LoginControlPassword'

2020-04-27 14:17:10 - [TEST_STEP][PASSED] - click(findTestObject("Object Repository/WebOffice/Page_Checkatrade - Administration - Login/Login_Button")): Object: 'Object Repository/WebOffice/Page_Checkatrade - Administration - Login/Login_Button' is clicked on

2020-04-27 14:17:13 - [MESSAGE][PASSED] - Object: 'Object Repository/WebOffice/Page_Checkatrade - Administration - Login/Login_Button' is clicked on

2020-04-27 14:17:13 - [TEST_STEP][PASSED] - waitForPageLoad(60): Wait for page load successfully

2020-04-27 14:17:13 - [MESSAGE][PASSED] - Wait for page load successfully

2020-04-27 14:17:13 - [TEST_STEP][PASSED] - verifyTextPresent("Welcome " + wo_Username, false): Text 'Welcome DavidHo' is present on page 

2020-04-27 14:17:13 - [MESSAGE][PASSED] - Text 'Welcome DavidHo' is present on page 

2020-04-27 14:17:13 - [MESSAGE][PASSED] - Call Test Case 'Test Cases/Reusable_Test_Sequences/Web_Office/Directives/WebOffice_StartUp' successfully

2020-04-27 14:17:13 - [TEST_STEP][PASSED] - "-----------------------------------------------------------------": null

2020-04-27 14:17:13 - [TEST_STEP][PASSED] - " Navigate to <Settings->Checkatrade.Com->Sub Item> Menu Item     |": null

2020-04-27 14:17:13 - [TEST_STEP][PASSED] - callTestCase(findTestCase("Reusable_Test_Sequences/Web_Office/Navigation/Sub_Menu_Navigation/Reports/Partner_Franchise"), [:], STOP_ON_FAILURE): Call Test Case 'Test Cases/Reusable_Test_Sequences/Web_Office/Navigation/Sub_Menu_Navigation/Reports/Partner_Franchise' successfully

2020-04-27 14:17:13 - [TEST_CASE][PASSED] - Test Cases/Reusable_Test_Sequences/Web_Office/Navigation/Sub_Menu_Navigation/Reports/Partner_Franchise: Test Cases/Reusable_Test_Sequences/Web_Office/Navigation/Sub_Menu_Navigation/Reports/Partner_Franchise

2020-04-27 14:17:14 - [TEST_STEP][PASSED] - "--------------------------------------": null

2020-04-27 14:17:14 - [TEST_STEP][PASSED] - " Navigate Top level menu Item         |": null

2020-04-27 14:17:14 - [TEST_STEP][PASSED] - waitForPageLoad(60): Wait for page load successfully

2020-04-27 14:17:14 - [MESSAGE][PASSED] - Wait for page load successfully

2020-04-27 14:17:14 - [TEST_STEP][PASSED] - waitForElementClickable(findTestObject("Object Repository/WebOffice_Home_page/a_Reports"), 60): Object 'Object Repository/WebOffice_Home_page/a_Reports' is clickable

2020-04-27 14:17:14 - [MESSAGE][PASSED] - Object 'Object Repository/WebOffice_Home_page/a_Reports' is clickable

2020-04-27 14:17:14 - [TEST_STEP][PASSED] - mouseOver(findTestObject("Object Repository/WebOffice_Home_page/a_Reports")): Object: 'Object Repository/WebOffice_Home_page/a_Reports' is hovered

2020-04-27 14:17:14 - [MESSAGE][PASSED] - Object: 'Object Repository/WebOffice_Home_page/a_Reports' is hovered

2020-04-27 14:17:14 - [TEST_STEP][PASSED] - click(findTestObject("Object Repository/WebOffice_Home_page/Page_/a_Members")): Object: 'Object Repository/WebOffice_Home_page/Page_/a_Members' is clicked on

2020-04-27 14:17:14 - [MESSAGE][PASSED] - Object: 'Object Repository/WebOffice_Home_page/Page_/a_Members' is clicked on

2020-04-27 14:17:14 - [TEST_STEP][PASSED] - waitForPageLoad(5): Wait for page load successfully

2020-04-27 14:17:14 - [MESSAGE][PASSED] - Wait for page load successfully

2020-04-27 14:17:14 - [TEST_STEP][PASSED] - waitForElementClickable(findTestObject("Object Repository/WebOffice_Home_page/Page_/a_Partner  Franchise"), 5): Object 'Object Repository/WebOffice_Home_page/Page_/a_Partner  Franchise' is clickable

2020-04-27 14:17:15 - [MESSAGE][PASSED] - Object 'Object Repository/WebOffice_Home_page/Page_/a_Partner  Franchise' is clickable

2020-04-27 14:17:15 - [TEST_STEP][PASSED] - click(findTestObject("Object Repository/WebOffice_Home_page/Page_/a_Partner  Franchise")): Object: 'Object Repository/WebOffice_Home_page/Page_/a_Partner  Franchise' is clicked on

2020-04-27 14:17:16 - [MESSAGE][PASSED] - Object: 'Object Repository/WebOffice_Home_page/Page_/a_Partner  Franchise' is clicked on

2020-04-27 14:17:16 - [MESSAGE][PASSED] - Call Test Case 'Test Cases/Reusable_Test_Sequences/Web_Office/Navigation/Sub_Menu_Navigation/Reports/Partner_Franchise' successfully

2020-04-27 14:17:16 - [TEST_STEP][PASSED] - "--------------------------------------": null

2020-04-27 14:17:16 - [TEST_STEP][PASSED] - " Verify Returned Page Detail          |": null

2020-04-27 14:17:16 - [TEST_STEP][PASSED] - callTestCase(findTestCase("Reusable_Test_Sequences/Web_Office/Verification/Reports/Partner_Franchise"), [:], OPTIONAL): Call Test Case 'Test Cases/Reusable_Test_Sequences/Web_Office/Verification/Reports/Partner_Franchise' successfully

2020-04-27 14:17:16 - [TEST_CASE][PASSED] - Test Cases/Reusable_Test_Sequences/Web_Office/Verification/Reports/Partner_Franchise: Test Cases/Reusable_Test_Sequences/Web_Office/Verification/Reports/Partner_Franchise

2020-04-27 14:17:17 - [TEST_STEP][PASSED] - waitForPageLoad(120): Wait for page load successfully

2020-04-27 14:17:17 - [MESSAGE][PASSED] - Wait for page load successfully

2020-04-27 14:17:17 - [TEST_STEP][PASSED] - delay(1): Delayed 1 second(s)

2020-04-27 14:17:18 - [MESSAGE][PASSED] - Delayed 1 second(s)

2020-04-27 14:17:18 - [TEST_STEP][PASSED] - verifyTextPresent("Partner/Franchise Reports", false): Text 'Partner/Franchise Reports' is present on page 

2020-04-27 14:17:18 - [MESSAGE][PASSED] - Text 'Partner/Franchise Reports' is present on page 

2020-04-27 14:17:18 - [TEST_STEP][PASSED] - "----------------------------------------------": null

2020-04-27 14:17:18 - [TEST_STEP][PASSED] - verifyTextPresent("Report Period", false): Text 'Report Period' is present on page 

2020-04-27 14:17:18 - [MESSAGE][PASSED] - Text 'Report Period' is present on page 

2020-04-27 14:17:18 - [TEST_STEP][PASSED] - verifyTextPresent("Comparison Period", false): Text 'Comparison Period' is present on page 

2020-04-27 14:17:18 - [MESSAGE][PASSED] - Text 'Comparison Period' is present on page 

2020-04-27 14:17:18 - [TEST_STEP][PASSED] - verifyTextPresent("Partner/Franchise", false): Text 'Partner/Franchise' is present on page 

2020-04-27 14:17:19 - [MESSAGE][PASSED] - Text 'Partner/Franchise' is present on page 

2020-04-27 14:17:19 - [TEST_STEP][PASSED] - "----------------------------------------------": null

2020-04-27 14:17:19 - [TEST_STEP][PASSED] - verifyTextPresent("Report Type", false): Text 'Report Type' is present on page 

2020-04-27 14:17:19 - [MESSAGE][PASSED] - Text 'Report Type' is present on page 

2020-04-27 14:17:19 - [TEST_STEP][PASSED] - verifyTextPresent("Summary", false): Text 'Summary' is present on page 

2020-04-27 14:17:19 - [MESSAGE][PASSED] - Text 'Summary' is present on page 

2020-04-27 14:17:19 - [TEST_STEP][PASSED] - verifyTextPresent("Detail", false): Text 'Detail' is present on page 

2020-04-27 14:17:19 - [MESSAGE][PASSED] - Text 'Detail' is present on page 

2020-04-27 14:17:19 - [MESSAGE][PASSED] - Call Test Case 'Test Cases/Reusable_Test_Sequences/Web_Office/Verification/Reports/Partner_Franchise' successfully

2020-04-27 14:17:19 - [TEST_STEP][PASSED] - "--------------------------": null

2020-04-27 14:17:19 - [TEST_STEP][PASSED] - " Teardown - CLose Browser |": null

2020-04-27 14:17:19 - [TEST_STEP][PASSED] - callTestCase(findTestCase("Reusable_Test_Sequences/CAT_Teardown"), [:], OPTIONAL): Call Test Case 'Test Cases/Reusable_Test_Sequences/CAT_Teardown' successfully

2020-04-27 14:17:19 - [TEST_CASE][PASSED] - Test Cases/Reusable_Test_Sequences/CAT_Teardown: Test Cases/Reusable_Test_Sequences/CAT_Teardown

2020-04-27 14:17:19 - [TEST_STEP][PASSED] - closeBrowser(): Browser is closed

2020-04-27 14:17:21 - [MESSAGE][PASSED] - Browser is closed

2020-04-27 14:17:21 - [TEST_STEP][PASSED] - super.finalize(): null

2020-04-27 14:17:21 - [TEST_STEP][PASSED] - System.gc(): null

2020-04-27 14:17:22 - [MESSAGE][PASSED] - Call Test Case 'Test Cases/Reusable_Test_Sequences/CAT_Teardown' successfully]]></system-out>
         <system-err><![CDATA[]]></system-err>
      </testcase>
      <testcase name="Test Cases/Web_Office/Reports/Competitor_Analysis" time="16.374" classname="Test Cases/Web_Office/Reports/Competitor_Analysis" status="PASSED">
         <system-out><![CDATA[2020-04-27 14:17:22 - [TEST_CASE][PASSED] - Test Cases/Web_Office/Reports/Competitor_Analysis: Test Cases/Web_Office/Reports/Competitor_Analysis

2020-04-27 14:17:22 - [TEST_STEP][PASSED] - "--------------------------------------": null

2020-04-27 14:17:22 - [TEST_STEP][PASSED] - " Web Office StartUp                  |": null

2020-04-27 14:17:22 - [TEST_STEP][PASSED] - callTestCase(findTestCase("Reusable_Test_Sequences/Web_Office/Directives/WebOffice_StartUp"), [:], STOP_ON_FAILURE): Call Test Case 'Test Cases/Reusable_Test_Sequences/Web_Office/Directives/WebOffice_StartUp' successfully

2020-04-27 14:17:22 - [TEST_CASE][PASSED] - Test Cases/Reusable_Test_Sequences/Web_Office/Directives/WebOffice_StartUp: Test Cases/Reusable_Test_Sequences/Web_Office/Directives/WebOffice_StartUp

2020-04-27 14:17:22 - [TEST_STEP][PASSED] - "-----------------------------------------------------------------------------": null

2020-04-27 14:17:22 - [TEST_STEP][PASSED] - if (URL == "https://www.dev.checkatrade.com/"): null

2020-04-27 14:17:22 - [TEST_STEP][PASSED] - "-----------------------------------------------------------------------------": null

2020-04-27 14:17:22 - [TEST_STEP][PASSED] - if (URL == "https://www.checkatrade.com/"): null

2020-04-27 14:17:22 - [TEST_STEP][PASSED] - "-----------------------------------------------------------------------------": null

2020-04-27 14:17:22 - [TEST_STEP][PASSED] - if (URL == "https://www.preview.checkatrade.com/"): null

2020-04-27 14:17:22 - [TEST_STEP][PASSED] - WebOfficeURL = "https://admin.preview.checkatrade.com/": null

2020-04-27 14:17:22 - [TEST_STEP][PASSED] - if (URL == "https://www.dev2.checkatrade.com/"): null

2020-04-27 14:17:22 - [TEST_STEP][PASSED] - "Set Function Area for "URL_Handler", URL Resolution": null

2020-04-27 14:17:22 - [TEST_STEP][PASSED] - "Do Some Magic with URL(s) See the comments within URL Handler ": null

2020-04-27 14:17:22 - [TEST_STEP][PASSED] - "------------------------------------------------": null

2020-04-27 14:17:22 - [TEST_STEP][PASSED] - "Moved Login Credentials to <Default> profile 22/01/2020": null

2020-04-27 14:17:22 - [TEST_STEP][PASSED] - "------------------------------------------------": null

2020-04-27 14:17:22 - [TEST_STEP][PASSED] - "WebOfficeURL - Set from the ENVIRONMENT PROFILE ": null

2020-04-27 14:17:22 - [TEST_STEP][PASSED] - "OPEN BROWSER": null

2020-04-27 14:17:22 - [TEST_STEP][PASSED] - "eg - https://admin.preview.checkatrade.com/  ": null

2020-04-27 14:17:22 - [TEST_STEP][PASSED] - openBrowser(WebOfficeURL): Browser is opened with url: 'https://admin.preview.checkatrade.com/'

2020-04-27 14:17:22 - [MESSAGE][INFO] - Starting 'Chrome' driver

2020-04-27 14:17:22 - [MESSAGE][INFO] - Action delay is set to 0 milliseconds

2020-04-27 14:17:27 - [MESSAGE][PASSED] - Browser is opened with url: 'https://admin.preview.checkatrade.com/'

2020-04-27 14:17:27 - [TEST_STEP][PASSED] - maximizeWindow(): Current window maximized

2020-04-27 14:17:29 - [MESSAGE][PASSED] - Current window maximized

2020-04-27 14:17:29 - [TEST_STEP][PASSED] - waitForElementClickable(findTestObject("Object Repository/WebOffice/Page_Checkatrade - Administration - Login/Login_Button"), 25): Object 'Object Repository/WebOffice/Page_Checkatrade - Administration - Login/Login_Button' is clickable

2020-04-27 14:17:29 - [MESSAGE][PASSED] - Object 'Object Repository/WebOffice/Page_Checkatrade - Administration - Login/Login_Button' is clickable

2020-04-27 14:17:29 - [TEST_STEP][PASSED] - verifyTextPresent("Checkatrade Web Office", false): Text 'Checkatrade Web Office' is present on page 

2020-04-27 14:17:29 - [MESSAGE][PASSED] - Text 'Checkatrade Web Office' is present on page 

2020-04-27 14:17:29 - [TEST_STEP][PASSED] - verifyTextPresent("Access for staff use only", false): Text 'Access for staff use only' is present on page 

2020-04-27 14:17:29 - [MESSAGE][PASSED] - Text 'Access for staff use only' is present on page 

2020-04-27 14:17:29 - [TEST_STEP][PASSED] - verifyTextPresent("Forgotten password?", false): Text 'Forgotten password?' is present on page 

2020-04-27 14:17:29 - [MESSAGE][PASSED] - Text 'Forgotten password?' is present on page 

2020-04-27 14:17:29 - [TEST_STEP][PASSED] - setText(findTestObject("Object Repository/WebOffice/Page_Checkatrade - Administration - Login/input_Username_LoginControlUserName"), wo_Username): Text 'DavidHo' is set on object 'Object Repository/WebOffice/Page_Checkatrade - Administration - Login/input_Username_LoginControlUserName'

2020-04-27 14:17:30 - [MESSAGE][PASSED] - Text 'DavidHo' is set on object 'Object Repository/WebOffice/Page_Checkatrade - Administration - Login/input_Username_LoginControlUserName'

2020-04-27 14:17:30 - [TEST_STEP][PASSED] - setText(findTestObject("Object Repository/WebOffice/Page_Checkatrade - Administration - Login/input_Password_LoginControlPassword"), wo_Password): Text 'Check123' is set on object 'Object Repository/WebOffice/Page_Checkatrade - Administration - Login/input_Password_LoginControlPassword'

2020-04-27 14:17:30 - [MESSAGE][PASSED] - Text 'Check123' is set on object 'Object Repository/WebOffice/Page_Checkatrade - Administration - Login/input_Password_LoginControlPassword'

2020-04-27 14:17:30 - [TEST_STEP][PASSED] - click(findTestObject("Object Repository/WebOffice/Page_Checkatrade - Administration - Login/Login_Button")): Object: 'Object Repository/WebOffice/Page_Checkatrade - Administration - Login/Login_Button' is clicked on

2020-04-27 14:17:31 - [MESSAGE][PASSED] - Object: 'Object Repository/WebOffice/Page_Checkatrade - Administration - Login/Login_Button' is clicked on

2020-04-27 14:17:31 - [TEST_STEP][PASSED] - waitForPageLoad(60): Wait for page load successfully

2020-04-27 14:17:31 - [MESSAGE][PASSED] - Wait for page load successfully

2020-04-27 14:17:31 - [TEST_STEP][PASSED] - verifyTextPresent("Welcome " + wo_Username, false): Text 'Welcome DavidHo' is present on page 

2020-04-27 14:17:31 - [MESSAGE][PASSED] - Text 'Welcome DavidHo' is present on page 

2020-04-27 14:17:31 - [MESSAGE][PASSED] - Call Test Case 'Test Cases/Reusable_Test_Sequences/Web_Office/Directives/WebOffice_StartUp' successfully

2020-04-27 14:17:31 - [TEST_STEP][PASSED] - "-----------------------------------------------------------------": null

2020-04-27 14:17:31 - [TEST_STEP][PASSED] - " Navigate to <Settings->Checkatrade.Com->Sub Item> Menu Item     |": null

2020-04-27 14:17:31 - [TEST_STEP][PASSED] - callTestCase(findTestCase("Reusable_Test_Sequences/Web_Office/Navigation/Sub_Menu_Navigation/Reports/Competitor_Analysis"), [:], STOP_ON_FAILURE): Call Test Case 'Test Cases/Reusable_Test_Sequences/Web_Office/Navigation/Sub_Menu_Navigation/Reports/Competitor_Analysis' successfully

2020-04-27 14:17:31 - [TEST_CASE][PASSED] - Test Cases/Reusable_Test_Sequences/Web_Office/Navigation/Sub_Menu_Navigation/Reports/Competitor_Analysis: Test Cases/Reusable_Test_Sequences/Web_Office/Navigation/Sub_Menu_Navigation/Reports/Competitor_Analysis

2020-04-27 14:17:31 - [TEST_STEP][PASSED] - "--------------------------------------": null

2020-04-27 14:17:31 - [TEST_STEP][PASSED] - " Navigate Top level menu Item         |": null

2020-04-27 14:17:31 - [TEST_STEP][PASSED] - waitForPageLoad(60): Wait for page load successfully

2020-04-27 14:17:31 - [MESSAGE][PASSED] - Wait for page load successfully

2020-04-27 14:17:31 - [TEST_STEP][PASSED] - waitForElementClickable(findTestObject("Object Repository/WebOffice_Home_page/a_Reports"), 60): Object 'Object Repository/WebOffice_Home_page/a_Reports' is clickable

2020-04-27 14:17:31 - [MESSAGE][PASSED] - Object 'Object Repository/WebOffice_Home_page/a_Reports' is clickable

2020-04-27 14:17:31 - [TEST_STEP][PASSED] - mouseOver(findTestObject("Object Repository/WebOffice_Home_page/a_Reports")): Object: 'Object Repository/WebOffice_Home_page/a_Reports' is hovered

2020-04-27 14:17:32 - [MESSAGE][PASSED] - Object: 'Object Repository/WebOffice_Home_page/a_Reports' is hovered

2020-04-27 14:17:32 - [TEST_STEP][PASSED] - click(findTestObject("Object Repository/WebOffice_Home_page/Page_/a_Members")): Object: 'Object Repository/WebOffice_Home_page/Page_/a_Members' is clicked on

2020-04-27 14:17:32 - [MESSAGE][PASSED] - Object: 'Object Repository/WebOffice_Home_page/Page_/a_Members' is clicked on

2020-04-27 14:17:32 - [TEST_STEP][PASSED] - waitForPageLoad(5): Wait for page load successfully

2020-04-27 14:17:32 - [MESSAGE][PASSED] - Wait for page load successfully

2020-04-27 14:17:32 - [TEST_STEP][PASSED] - waitForElementClickable(findTestObject("Object Repository/WebOffice_Home_page/Page_/a_Competitor Analysis"), 5): Object 'Object Repository/WebOffice_Home_page/Page_/a_Competitor Analysis' is clickable

2020-04-27 14:17:32 - [MESSAGE][PASSED] - Object 'Object Repository/WebOffice_Home_page/Page_/a_Competitor Analysis' is clickable

2020-04-27 14:17:32 - [TEST_STEP][PASSED] - click(findTestObject("Object Repository/WebOffice_Home_page/Page_/a_Competitor Analysis")): Object: 'Object Repository/WebOffice_Home_page/Page_/a_Competitor Analysis' is clicked on

2020-04-27 14:17:33 - [MESSAGE][PASSED] - Object: 'Object Repository/WebOffice_Home_page/Page_/a_Competitor Analysis' is clicked on

2020-04-27 14:17:33 - [MESSAGE][PASSED] - Call Test Case 'Test Cases/Reusable_Test_Sequences/Web_Office/Navigation/Sub_Menu_Navigation/Reports/Competitor_Analysis' successfully

2020-04-27 14:17:33 - [TEST_STEP][PASSED] - "--------------------------------------": null

2020-04-27 14:17:33 - [TEST_STEP][PASSED] - " Verify Returned Page Detail          |": null

2020-04-27 14:17:33 - [TEST_STEP][PASSED] - callTestCase(findTestCase("Reusable_Test_Sequences/Web_Office/Verification/Reports/Competitor_Analysis"), [:], OPTIONAL): Call Test Case 'Test Cases/Reusable_Test_Sequences/Web_Office/Verification/Reports/Competitor_Analysis' successfully

2020-04-27 14:17:33 - [TEST_CASE][PASSED] - Test Cases/Reusable_Test_Sequences/Web_Office/Verification/Reports/Competitor_Analysis: Test Cases/Reusable_Test_Sequences/Web_Office/Verification/Reports/Competitor_Analysis

2020-04-27 14:17:34 - [TEST_STEP][PASSED] - waitForPageLoad(120): Wait for page load successfully

2020-04-27 14:17:34 - [MESSAGE][PASSED] - Wait for page load successfully

2020-04-27 14:17:34 - [TEST_STEP][PASSED] - delay(1): Delayed 1 second(s)

2020-04-27 14:17:35 - [MESSAGE][PASSED] - Delayed 1 second(s)

2020-04-27 14:17:35 - [TEST_STEP][PASSED] - verifyTextPresent("Competitor Analysis", false): Text 'Competitor Analysis' is present on page 

2020-04-27 14:17:35 - [MESSAGE][PASSED] - Text 'Competitor Analysis' is present on page 

2020-04-27 14:17:35 - [TEST_STEP][PASSED] - "----------------------------------------------": null

2020-04-27 14:17:35 - [TEST_STEP][PASSED] - verifyTextPresent("Select a date and competitor to draw side by side maps comparing CAT members to selected competitor", false): Text 'Select a date and competitor to draw side by side maps comparing CAT members to selected competitor' is present on page 

2020-04-27 14:17:35 - [MESSAGE][PASSED] - Text 'Select a date and competitor to draw side by side maps comparing CAT members to selected competitor' is present on page 

2020-04-27 14:17:35 - [TEST_STEP][PASSED] - verifyTextPresent("The map will be coloured by TV region and region breakdown will be below the maps", false): Text 'The map will be coloured by TV region and region breakdown will be below the maps' is present on page 

2020-04-27 14:17:35 - [MESSAGE][PASSED] - Text 'The map will be coloured by TV region and region breakdown will be below the maps' is present on page 

2020-04-27 14:17:35 - [TEST_STEP][PASSED] - "----------------------------------------------": null

2020-04-27 14:17:35 - [TEST_STEP][PASSED] - verifyTextPresent("Competitors", false): Text 'Competitors' is present on page 

2020-04-27 14:17:36 - [MESSAGE][PASSED] - Text 'Competitors' is present on page 

2020-04-27 14:17:36 - [TEST_STEP][PASSED] - verifyTextPresent("Start Date", false): Text 'Start Date' is present on page 

2020-04-27 14:17:36 - [MESSAGE][PASSED] - Text 'Start Date' is present on page 

2020-04-27 14:17:36 - [TEST_STEP][PASSED] - verifyTextPresent("End Date", false): Text 'End Date' is present on page 

2020-04-27 14:17:36 - [MESSAGE][PASSED] - Text 'End Date' is present on page 

2020-04-27 14:17:36 - [MESSAGE][PASSED] - Call Test Case 'Test Cases/Reusable_Test_Sequences/Web_Office/Verification/Reports/Competitor_Analysis' successfully

2020-04-27 14:17:36 - [TEST_STEP][PASSED] - "--------------------------": null

2020-04-27 14:17:36 - [TEST_STEP][PASSED] - " Teardown - CLose Browser |": null

2020-04-27 14:17:36 - [TEST_STEP][PASSED] - callTestCase(findTestCase("Reusable_Test_Sequences/CAT_Teardown"), [:], OPTIONAL): Call Test Case 'Test Cases/Reusable_Test_Sequences/CAT_Teardown' successfully

2020-04-27 14:17:36 - [TEST_CASE][PASSED] - Test Cases/Reusable_Test_Sequences/CAT_Teardown: Test Cases/Reusable_Test_Sequences/CAT_Teardown

2020-04-27 14:17:36 - [TEST_STEP][PASSED] - closeBrowser(): Browser is closed

2020-04-27 14:17:38 - [MESSAGE][PASSED] - Browser is closed

2020-04-27 14:17:38 - [TEST_STEP][PASSED] - super.finalize(): null

2020-04-27 14:17:38 - [TEST_STEP][PASSED] - System.gc(): null

2020-04-27 14:17:38 - [MESSAGE][PASSED] - Call Test Case 'Test Cases/Reusable_Test_Sequences/CAT_Teardown' successfully]]></system-out>
         <system-err><![CDATA[]]></system-err>
      </testcase>
      <testcase name="Test Cases/Web_Office/Reports/Members_Feedback_Summary" time="19.05" classname="Test Cases/Web_Office/Reports/Members_Feedback_Summary" status="PASSED">
         <system-out><![CDATA[2020-04-27 14:17:38 - [TEST_CASE][PASSED] - Test Cases/Web_Office/Reports/Members_Feedback_Summary: Test Cases/Web_Office/Reports/Members_Feedback_Summary

2020-04-27 14:17:38 - [TEST_STEP][PASSED] - "--------------------------------------": null

2020-04-27 14:17:38 - [TEST_STEP][PASSED] - " Web Office StartUp                  |": null

2020-04-27 14:17:38 - [TEST_STEP][PASSED] - callTestCase(findTestCase("Reusable_Test_Sequences/Web_Office/Directives/WebOffice_StartUp"), [:], STOP_ON_FAILURE): Call Test Case 'Test Cases/Reusable_Test_Sequences/Web_Office/Directives/WebOffice_StartUp' successfully

2020-04-27 14:17:38 - [TEST_CASE][PASSED] - Test Cases/Reusable_Test_Sequences/Web_Office/Directives/WebOffice_StartUp: Test Cases/Reusable_Test_Sequences/Web_Office/Directives/WebOffice_StartUp

2020-04-27 14:17:38 - [TEST_STEP][PASSED] - "-----------------------------------------------------------------------------": null

2020-04-27 14:17:38 - [TEST_STEP][PASSED] - if (URL == "https://www.dev.checkatrade.com/"): null

2020-04-27 14:17:38 - [TEST_STEP][PASSED] - "-----------------------------------------------------------------------------": null

2020-04-27 14:17:38 - [TEST_STEP][PASSED] - if (URL == "https://www.checkatrade.com/"): null

2020-04-27 14:17:38 - [TEST_STEP][PASSED] - "-----------------------------------------------------------------------------": null

2020-04-27 14:17:38 - [TEST_STEP][PASSED] - if (URL == "https://www.preview.checkatrade.com/"): null

2020-04-27 14:17:38 - [TEST_STEP][PASSED] - WebOfficeURL = "https://admin.preview.checkatrade.com/": null

2020-04-27 14:17:38 - [TEST_STEP][PASSED] - if (URL == "https://www.dev2.checkatrade.com/"): null

2020-04-27 14:17:38 - [TEST_STEP][PASSED] - "Set Function Area for "URL_Handler", URL Resolution": null

2020-04-27 14:17:38 - [TEST_STEP][PASSED] - "Do Some Magic with URL(s) See the comments within URL Handler ": null

2020-04-27 14:17:38 - [TEST_STEP][PASSED] - "------------------------------------------------": null

2020-04-27 14:17:38 - [TEST_STEP][PASSED] - "Moved Login Credentials to <Default> profile 22/01/2020": null

2020-04-27 14:17:38 - [TEST_STEP][PASSED] - "------------------------------------------------": null

2020-04-27 14:17:38 - [TEST_STEP][PASSED] - "WebOfficeURL - Set from the ENVIRONMENT PROFILE ": null

2020-04-27 14:17:38 - [TEST_STEP][PASSED] - "OPEN BROWSER": null

2020-04-27 14:17:38 - [TEST_STEP][PASSED] - "eg - https://admin.preview.checkatrade.com/  ": null

2020-04-27 14:17:38 - [TEST_STEP][PASSED] - openBrowser(WebOfficeURL): Browser is opened with url: 'https://admin.preview.checkatrade.com/'

2020-04-27 14:17:38 - [MESSAGE][INFO] - Starting 'Chrome' driver

2020-04-27 14:17:38 - [MESSAGE][INFO] - Action delay is set to 0 milliseconds

2020-04-27 14:17:43 - [MESSAGE][PASSED] - Browser is opened with url: 'https://admin.preview.checkatrade.com/'

2020-04-27 14:17:43 - [TEST_STEP][PASSED] - maximizeWindow(): Current window maximized

2020-04-27 14:17:45 - [MESSAGE][PASSED] - Current window maximized

2020-04-27 14:17:45 - [TEST_STEP][PASSED] - waitForElementClickable(findTestObject("Object Repository/WebOffice/Page_Checkatrade - Administration - Login/Login_Button"), 25): Object 'Object Repository/WebOffice/Page_Checkatrade - Administration - Login/Login_Button' is clickable

2020-04-27 14:17:45 - [MESSAGE][PASSED] - Object 'Object Repository/WebOffice/Page_Checkatrade - Administration - Login/Login_Button' is clickable

2020-04-27 14:17:45 - [TEST_STEP][PASSED] - verifyTextPresent("Checkatrade Web Office", false): Text 'Checkatrade Web Office' is present on page 

2020-04-27 14:17:46 - [MESSAGE][PASSED] - Text 'Checkatrade Web Office' is present on page 

2020-04-27 14:17:46 - [TEST_STEP][PASSED] - verifyTextPresent("Access for staff use only", false): Text 'Access for staff use only' is present on page 

2020-04-27 14:17:46 - [MESSAGE][PASSED] - Text 'Access for staff use only' is present on page 

2020-04-27 14:17:46 - [TEST_STEP][PASSED] - verifyTextPresent("Forgotten password?", false): Text 'Forgotten password?' is present on page 

2020-04-27 14:17:46 - [MESSAGE][PASSED] - Text 'Forgotten password?' is present on page 

2020-04-27 14:17:46 - [TEST_STEP][PASSED] - setText(findTestObject("Object Repository/WebOffice/Page_Checkatrade - Administration - Login/input_Username_LoginControlUserName"), wo_Username): Text 'DavidHo' is set on object 'Object Repository/WebOffice/Page_Checkatrade - Administration - Login/input_Username_LoginControlUserName'

2020-04-27 14:17:46 - [MESSAGE][PASSED] - Text 'DavidHo' is set on object 'Object Repository/WebOffice/Page_Checkatrade - Administration - Login/input_Username_LoginControlUserName'

2020-04-27 14:17:46 - [TEST_STEP][PASSED] - setText(findTestObject("Object Repository/WebOffice/Page_Checkatrade - Administration - Login/input_Password_LoginControlPassword"), wo_Password): Text 'Check123' is set on object 'Object Repository/WebOffice/Page_Checkatrade - Administration - Login/input_Password_LoginControlPassword'

2020-04-27 14:17:46 - [MESSAGE][PASSED] - Text 'Check123' is set on object 'Object Repository/WebOffice/Page_Checkatrade - Administration - Login/input_Password_LoginControlPassword'

2020-04-27 14:17:46 - [TEST_STEP][PASSED] - click(findTestObject("Object Repository/WebOffice/Page_Checkatrade - Administration - Login/Login_Button")): Object: 'Object Repository/WebOffice/Page_Checkatrade - Administration - Login/Login_Button' is clicked on

2020-04-27 14:17:48 - [MESSAGE][PASSED] - Object: 'Object Repository/WebOffice/Page_Checkatrade - Administration - Login/Login_Button' is clicked on

2020-04-27 14:17:48 - [TEST_STEP][PASSED] - waitForPageLoad(60): Wait for page load successfully

2020-04-27 14:17:48 - [MESSAGE][PASSED] - Wait for page load successfully

2020-04-27 14:17:48 - [TEST_STEP][PASSED] - verifyTextPresent("Welcome " + wo_Username, false): Text 'Welcome DavidHo' is present on page 

2020-04-27 14:17:50 - [MESSAGE][PASSED] - Text 'Welcome DavidHo' is present on page 

2020-04-27 14:17:50 - [MESSAGE][PASSED] - Call Test Case 'Test Cases/Reusable_Test_Sequences/Web_Office/Directives/WebOffice_StartUp' successfully

2020-04-27 14:17:50 - [TEST_STEP][PASSED] - "-----------------------------------------------------------------": null

2020-04-27 14:17:50 - [TEST_STEP][PASSED] - " Navigate to <Settings->Checkatrade.Com->Sub Item> Menu Item     |": null

2020-04-27 14:17:50 - [TEST_STEP][PASSED] - callTestCase(findTestCase("Reusable_Test_Sequences/Web_Office/Navigation/Sub_Menu_Navigation/Reports/Members_Feedback_Summary"), [:], STOP_ON_FAILURE): Call Test Case 'Test Cases/Reusable_Test_Sequences/Web_Office/Navigation/Sub_Menu_Navigation/Reports/Members_Feedback_Summary' successfully

2020-04-27 14:17:50 - [TEST_CASE][PASSED] - Test Cases/Reusable_Test_Sequences/Web_Office/Navigation/Sub_Menu_Navigation/Reports/Members_Feedback_Summary: Test Cases/Reusable_Test_Sequences/Web_Office/Navigation/Sub_Menu_Navigation/Reports/Members_Feedback_Summary

2020-04-27 14:17:50 - [TEST_STEP][PASSED] - "--------------------------------------": null

2020-04-27 14:17:50 - [TEST_STEP][PASSED] - " Navigate Top level menu Item         |": null

2020-04-27 14:17:50 - [TEST_STEP][PASSED] - waitForPageLoad(60): Wait for page load successfully

2020-04-27 14:17:50 - [MESSAGE][PASSED] - Wait for page load successfully

2020-04-27 14:17:50 - [TEST_STEP][PASSED] - waitForElementClickable(findTestObject("Object Repository/WebOffice_Home_page/a_Reports"), 60): Object 'Object Repository/WebOffice_Home_page/a_Reports' is clickable

2020-04-27 14:17:50 - [MESSAGE][PASSED] - Object 'Object Repository/WebOffice_Home_page/a_Reports' is clickable

2020-04-27 14:17:50 - [TEST_STEP][PASSED] - mouseOver(findTestObject("Object Repository/WebOffice_Home_page/a_Reports")): Object: 'Object Repository/WebOffice_Home_page/a_Reports' is hovered

2020-04-27 14:17:51 - [MESSAGE][PASSED] - Object: 'Object Repository/WebOffice_Home_page/a_Reports' is hovered

2020-04-27 14:17:51 - [TEST_STEP][PASSED] - click(findTestObject("Object Repository/WebOffice_Home_page/Page_/a_Members")): Object: 'Object Repository/WebOffice_Home_page/Page_/a_Members' is clicked on

2020-04-27 14:17:51 - [MESSAGE][PASSED] - Object: 'Object Repository/WebOffice_Home_page/Page_/a_Members' is clicked on

2020-04-27 14:17:51 - [TEST_STEP][PASSED] - click(findTestObject("Object Repository/WebOffice_Home_page/Page_/a_Members Feedback")): Object: 'Object Repository/WebOffice_Home_page/Page_/a_Members Feedback' is clicked on

2020-04-27 14:17:51 - [MESSAGE][PASSED] - Object: 'Object Repository/WebOffice_Home_page/Page_/a_Members Feedback' is clicked on

2020-04-27 14:17:51 - [TEST_STEP][PASSED] - waitForPageLoad(5): Wait for page load successfully

2020-04-27 14:17:51 - [MESSAGE][PASSED] - Wait for page load successfully

2020-04-27 14:17:51 - [TEST_STEP][PASSED] - waitForElementClickable(findTestObject("Object Repository/WebOffice_Home_page/Page_/a_Summary Report"), 5): Object 'Object Repository/WebOffice_Home_page/Page_/a_Summary Report' is clickable

2020-04-27 14:17:51 - [MESSAGE][PASSED] - Object 'Object Repository/WebOffice_Home_page/Page_/a_Summary Report' is clickable

2020-04-27 14:17:51 - [TEST_STEP][PASSED] - click(findTestObject("Object Repository/WebOffice_Home_page/Page_/a_Summary Report")): Object: 'Object Repository/WebOffice_Home_page/Page_/a_Summary Report' is clicked on

2020-04-27 14:17:52 - [MESSAGE][PASSED] - Object: 'Object Repository/WebOffice_Home_page/Page_/a_Summary Report' is clicked on

2020-04-27 14:17:52 - [MESSAGE][PASSED] - Call Test Case 'Test Cases/Reusable_Test_Sequences/Web_Office/Navigation/Sub_Menu_Navigation/Reports/Members_Feedback_Summary' successfully

2020-04-27 14:17:52 - [TEST_STEP][PASSED] - "--------------------------------------": null

2020-04-27 14:17:52 - [TEST_STEP][PASSED] - " Verify Returned Page Detail          |": null

2020-04-27 14:17:52 - [TEST_STEP][PASSED] - callTestCase(findTestCase("Reusable_Test_Sequences/Web_Office/Verification/Reports/Members_Feedback_Summary"), [:], OPTIONAL): Call Test Case 'Test Cases/Reusable_Test_Sequences/Web_Office/Verification/Reports/Members_Feedback_Summary' successfully

2020-04-27 14:17:52 - [TEST_CASE][PASSED] - Test Cases/Reusable_Test_Sequences/Web_Office/Verification/Reports/Members_Feedback_Summary: Test Cases/Reusable_Test_Sequences/Web_Office/Verification/Reports/Members_Feedback_Summary

2020-04-27 14:17:53 - [TEST_STEP][PASSED] - waitForPageLoad(120): Wait for page load successfully

2020-04-27 14:17:53 - [MESSAGE][PASSED] - Wait for page load successfully

2020-04-27 14:17:53 - [TEST_STEP][PASSED] - delay(1): Delayed 1 second(s)

2020-04-27 14:17:54 - [MESSAGE][PASSED] - Delayed 1 second(s)

2020-04-27 14:17:54 - [TEST_STEP][PASSED] - verifyTextPresent("Members Feedback : Summary Report", false): Text 'Members Feedback : Summary Report' is present on page 

2020-04-27 14:17:54 - [MESSAGE][PASSED] - Text 'Members Feedback : Summary Report' is present on page 

2020-04-27 14:17:54 - [TEST_STEP][PASSED] - "----------------------------------------------": null

2020-04-27 14:17:54 - [TEST_STEP][PASSED] - verifyTextPresent("Breakdown by Feedback Status", false): Text 'Breakdown by Feedback Status' is present on page 

2020-04-27 14:17:54 - [MESSAGE][PASSED] - Text 'Breakdown by Feedback Status' is present on page 

2020-04-27 14:17:54 - [TEST_STEP][PASSED] - "----------------------------------------------": null

2020-04-27 14:17:54 - [TEST_STEP][PASSED] - verifyTextPresent("Chart", false): Text 'Chart' is present on page 

2020-04-27 14:17:55 - [MESSAGE][PASSED] - Text 'Chart' is present on page 

2020-04-27 14:17:55 - [TEST_STEP][PASSED] - verifyTextPresent("Feedback Status", false): Text 'Feedback Status' is present on page 

2020-04-27 14:17:55 - [MESSAGE][PASSED] - Text 'Feedback Status' is present on page 

2020-04-27 14:17:55 - [TEST_STEP][PASSED] - verifyTextPresent("Feedbacks", false): Text 'Feedbacks' is present on page 

2020-04-27 14:17:55 - [MESSAGE][PASSED] - Text 'Feedbacks' is present on page 

2020-04-27 14:17:55 - [TEST_STEP][PASSED] - verifyTextPresent("Percentage", false): Text 'Percentage' is present on page 

2020-04-27 14:17:55 - [MESSAGE][PASSED] - Text 'Percentage' is present on page 

2020-04-27 14:17:55 - [TEST_STEP][PASSED] - verifyTextPresent("Published", false): Text 'Published' is present on page 

2020-04-27 14:17:55 - [MESSAGE][PASSED] - Text 'Published' is present on page 

2020-04-27 14:17:55 - [TEST_STEP][PASSED] - verifyTextPresent("Not published", false): Text 'Not published' is present on page 

2020-04-27 14:17:56 - [MESSAGE][PASSED] - Text 'Not published' is present on page 

2020-04-27 14:17:56 - [TEST_STEP][PASSED] - verifyTextPresent("Public submission pending email verification", false): Text 'Public submission pending email verification' is present on page 

2020-04-27 14:17:56 - [MESSAGE][PASSED] - Text 'Public submission pending email verification' is present on page 

2020-04-27 14:17:56 - [TEST_STEP][PASSED] - verifyTextPresent("Public submission pending SMS verification", false): Text 'Public submission pending SMS verification' is present on page 

2020-04-27 14:17:56 - [MESSAGE][PASSED] - Text 'Public submission pending SMS verification' is present on page 

2020-04-27 14:17:56 - [TEST_STEP][PASSED] - verifyTextPresent("Public submission failed review", false): Text 'Public submission failed review' is present on page 

2020-04-27 14:17:56 - [MESSAGE][PASSED] - Text 'Public submission failed review' is present on page 

2020-04-27 14:17:56 - [TEST_STEP][PASSED] - verifyTextPresent("Complaint not published", false): Text 'Complaint not published' is present on page 

2020-04-27 14:17:56 - [MESSAGE][PASSED] - Text 'Complaint not published' is present on page 

2020-04-27 14:17:56 - [MESSAGE][PASSED] - Call Test Case 'Test Cases/Reusable_Test_Sequences/Web_Office/Verification/Reports/Members_Feedback_Summary' successfully

2020-04-27 14:17:56 - [TEST_STEP][PASSED] - "--------------------------": null

2020-04-27 14:17:56 - [TEST_STEP][PASSED] - " Teardown - CLose Browser |": null

2020-04-27 14:17:56 - [TEST_STEP][PASSED] - callTestCase(findTestCase("Reusable_Test_Sequences/CAT_Teardown"), [:], OPTIONAL): Call Test Case 'Test Cases/Reusable_Test_Sequences/CAT_Teardown' successfully

2020-04-27 14:17:56 - [TEST_CASE][PASSED] - Test Cases/Reusable_Test_Sequences/CAT_Teardown: Test Cases/Reusable_Test_Sequences/CAT_Teardown

2020-04-27 14:17:56 - [TEST_STEP][PASSED] - closeBrowser(): Browser is closed

2020-04-27 14:17:57 - [MESSAGE][PASSED] - Browser is closed

2020-04-27 14:17:57 - [TEST_STEP][PASSED] - super.finalize(): null

2020-04-27 14:17:57 - [TEST_STEP][PASSED] - System.gc(): null

2020-04-27 14:17:57 - [MESSAGE][PASSED] - Call Test Case 'Test Cases/Reusable_Test_Sequences/CAT_Teardown' successfully]]></system-out>
         <system-err><![CDATA[]]></system-err>
      </testcase>
      <testcase name="Test Cases/Web_Office/Reports/Members_Feedback_Status" time="19.742" classname="Test Cases/Web_Office/Reports/Members_Feedback_Status" status="PASSED">
         <system-out><![CDATA[2020-04-27 14:17:57 - [TEST_CASE][PASSED] - Test Cases/Web_Office/Reports/Members_Feedback_Status: Test Cases/Web_Office/Reports/Members_Feedback_Status

2020-04-27 14:17:57 - [TEST_STEP][PASSED] - "--------------------------------------": null

2020-04-27 14:17:57 - [TEST_STEP][PASSED] - " Web Office StartUp                  |": null

2020-04-27 14:17:57 - [TEST_STEP][PASSED] - callTestCase(findTestCase("Reusable_Test_Sequences/Web_Office/Directives/WebOffice_StartUp"), [:], STOP_ON_FAILURE): Call Test Case 'Test Cases/Reusable_Test_Sequences/Web_Office/Directives/WebOffice_StartUp' successfully

2020-04-27 14:17:57 - [TEST_CASE][PASSED] - Test Cases/Reusable_Test_Sequences/Web_Office/Directives/WebOffice_StartUp: Test Cases/Reusable_Test_Sequences/Web_Office/Directives/WebOffice_StartUp

2020-04-27 14:17:57 - [TEST_STEP][PASSED] - "-----------------------------------------------------------------------------": null

2020-04-27 14:17:57 - [TEST_STEP][PASSED] - if (URL == "https://www.dev.checkatrade.com/"): null

2020-04-27 14:17:57 - [TEST_STEP][PASSED] - "-----------------------------------------------------------------------------": null

2020-04-27 14:17:57 - [TEST_STEP][PASSED] - if (URL == "https://www.checkatrade.com/"): null

2020-04-27 14:17:57 - [TEST_STEP][PASSED] - "-----------------------------------------------------------------------------": null

2020-04-27 14:17:57 - [TEST_STEP][PASSED] - if (URL == "https://www.preview.checkatrade.com/"): null

2020-04-27 14:17:57 - [TEST_STEP][PASSED] - WebOfficeURL = "https://admin.preview.checkatrade.com/": null

2020-04-27 14:17:57 - [TEST_STEP][PASSED] - if (URL == "https://www.dev2.checkatrade.com/"): null

2020-04-27 14:17:57 - [TEST_STEP][PASSED] - "Set Function Area for "URL_Handler", URL Resolution": null

2020-04-27 14:17:57 - [TEST_STEP][PASSED] - "Do Some Magic with URL(s) See the comments within URL Handler ": null

2020-04-27 14:17:57 - [TEST_STEP][PASSED] - "------------------------------------------------": null

2020-04-27 14:17:57 - [TEST_STEP][PASSED] - "Moved Login Credentials to <Default> profile 22/01/2020": null

2020-04-27 14:17:57 - [TEST_STEP][PASSED] - "------------------------------------------------": null

2020-04-27 14:17:57 - [TEST_STEP][PASSED] - "WebOfficeURL - Set from the ENVIRONMENT PROFILE ": null

2020-04-27 14:17:57 - [TEST_STEP][PASSED] - "OPEN BROWSER": null

2020-04-27 14:17:57 - [TEST_STEP][PASSED] - "eg - https://admin.preview.checkatrade.com/  ": null

2020-04-27 14:17:57 - [TEST_STEP][PASSED] - openBrowser(WebOfficeURL): Browser is opened with url: 'https://admin.preview.checkatrade.com/'

2020-04-27 14:17:57 - [MESSAGE][INFO] - Starting 'Chrome' driver

2020-04-27 14:17:57 - [MESSAGE][INFO] - Action delay is set to 0 milliseconds

2020-04-27 14:18:02 - [MESSAGE][PASSED] - Browser is opened with url: 'https://admin.preview.checkatrade.com/'

2020-04-27 14:18:02 - [TEST_STEP][PASSED] - maximizeWindow(): Current window maximized

2020-04-27 14:18:04 - [MESSAGE][PASSED] - Current window maximized

2020-04-27 14:18:04 - [TEST_STEP][PASSED] - waitForElementClickable(findTestObject("Object Repository/WebOffice/Page_Checkatrade - Administration - Login/Login_Button"), 25): Object 'Object Repository/WebOffice/Page_Checkatrade - Administration - Login/Login_Button' is clickable

2020-04-27 14:18:04 - [MESSAGE][PASSED] - Object 'Object Repository/WebOffice/Page_Checkatrade - Administration - Login/Login_Button' is clickable

2020-04-27 14:18:04 - [TEST_STEP][PASSED] - verifyTextPresent("Checkatrade Web Office", false): Text 'Checkatrade Web Office' is present on page 

2020-04-27 14:18:04 - [MESSAGE][PASSED] - Text 'Checkatrade Web Office' is present on page 

2020-04-27 14:18:04 - [TEST_STEP][PASSED] - verifyTextPresent("Access for staff use only", false): Text 'Access for staff use only' is present on page 

2020-04-27 14:18:04 - [MESSAGE][PASSED] - Text 'Access for staff use only' is present on page 

2020-04-27 14:18:04 - [TEST_STEP][PASSED] - verifyTextPresent("Forgotten password?", false): Text 'Forgotten password?' is present on page 

2020-04-27 14:18:04 - [MESSAGE][PASSED] - Text 'Forgotten password?' is present on page 

2020-04-27 14:18:04 - [TEST_STEP][PASSED] - setText(findTestObject("Object Repository/WebOffice/Page_Checkatrade - Administration - Login/input_Username_LoginControlUserName"), wo_Username): Text 'DavidHo' is set on object 'Object Repository/WebOffice/Page_Checkatrade - Administration - Login/input_Username_LoginControlUserName'

2020-04-27 14:18:04 - [MESSAGE][PASSED] - Text 'DavidHo' is set on object 'Object Repository/WebOffice/Page_Checkatrade - Administration - Login/input_Username_LoginControlUserName'

2020-04-27 14:18:04 - [TEST_STEP][PASSED] - setText(findTestObject("Object Repository/WebOffice/Page_Checkatrade - Administration - Login/input_Password_LoginControlPassword"), wo_Password): Text 'Check123' is set on object 'Object Repository/WebOffice/Page_Checkatrade - Administration - Login/input_Password_LoginControlPassword'

2020-04-27 14:18:04 - [MESSAGE][PASSED] - Text 'Check123' is set on object 'Object Repository/WebOffice/Page_Checkatrade - Administration - Login/input_Password_LoginControlPassword'

2020-04-27 14:18:04 - [TEST_STEP][PASSED] - click(findTestObject("Object Repository/WebOffice/Page_Checkatrade - Administration - Login/Login_Button")): Object: 'Object Repository/WebOffice/Page_Checkatrade - Administration - Login/Login_Button' is clicked on

2020-04-27 14:18:05 - [MESSAGE][PASSED] - Object: 'Object Repository/WebOffice/Page_Checkatrade - Administration - Login/Login_Button' is clicked on

2020-04-27 14:18:05 - [TEST_STEP][PASSED] - waitForPageLoad(60): Wait for page load successfully

2020-04-27 14:18:05 - [MESSAGE][PASSED] - Wait for page load successfully

2020-04-27 14:18:05 - [TEST_STEP][PASSED] - verifyTextPresent("Welcome " + wo_Username, false): Text 'Welcome DavidHo' is present on page 

2020-04-27 14:18:06 - [MESSAGE][PASSED] - Text 'Welcome DavidHo' is present on page 

2020-04-27 14:18:06 - [MESSAGE][PASSED] - Call Test Case 'Test Cases/Reusable_Test_Sequences/Web_Office/Directives/WebOffice_StartUp' successfully

2020-04-27 14:18:06 - [TEST_STEP][PASSED] - "-----------------------------------------------------------------": null

2020-04-27 14:18:06 - [TEST_STEP][PASSED] - " Navigate to <Settings->Checkatrade.Com->Sub Item> Menu Item     |": null

2020-04-27 14:18:06 - [TEST_STEP][PASSED] - callTestCase(findTestCase("Reusable_Test_Sequences/Web_Office/Navigation/Sub_Menu_Navigation/Reports/Members_Feedback_Status"), [:], STOP_ON_FAILURE): Call Test Case 'Test Cases/Reusable_Test_Sequences/Web_Office/Navigation/Sub_Menu_Navigation/Reports/Members_Feedback_Status' successfully

2020-04-27 14:18:06 - [TEST_CASE][PASSED] - Test Cases/Reusable_Test_Sequences/Web_Office/Navigation/Sub_Menu_Navigation/Reports/Members_Feedback_Status: Test Cases/Reusable_Test_Sequences/Web_Office/Navigation/Sub_Menu_Navigation/Reports/Members_Feedback_Status

2020-04-27 14:18:06 - [TEST_STEP][PASSED] - "--------------------------------------": null

2020-04-27 14:18:06 - [TEST_STEP][PASSED] - " Navigate Top level menu Item         |": null

2020-04-27 14:18:06 - [TEST_STEP][PASSED] - waitForPageLoad(60): Wait for page load successfully

2020-04-27 14:18:06 - [MESSAGE][PASSED] - Wait for page load successfully

2020-04-27 14:18:06 - [TEST_STEP][PASSED] - waitForElementClickable(findTestObject("Object Repository/WebOffice_Home_page/a_Reports"), 60): Object 'Object Repository/WebOffice_Home_page/a_Reports' is clickable

2020-04-27 14:18:06 - [MESSAGE][PASSED] - Object 'Object Repository/WebOffice_Home_page/a_Reports' is clickable

2020-04-27 14:18:06 - [TEST_STEP][PASSED] - mouseOver(findTestObject("Object Repository/WebOffice_Home_page/a_Reports")): Object: 'Object Repository/WebOffice_Home_page/a_Reports' is hovered

2020-04-27 14:18:07 - [MESSAGE][PASSED] - Object: 'Object Repository/WebOffice_Home_page/a_Reports' is hovered

2020-04-27 14:18:07 - [TEST_STEP][PASSED] - click(findTestObject("Object Repository/WebOffice_Home_page/Page_/a_Members")): Object: 'Object Repository/WebOffice_Home_page/Page_/a_Members' is clicked on

2020-04-27 14:18:07 - [MESSAGE][PASSED] - Object: 'Object Repository/WebOffice_Home_page/Page_/a_Members' is clicked on

2020-04-27 14:18:07 - [TEST_STEP][PASSED] - click(findTestObject("Object Repository/WebOffice_Home_page/Page_/a_Members Feedback")): Object: 'Object Repository/WebOffice_Home_page/Page_/a_Members Feedback' is clicked on

2020-04-27 14:18:07 - [MESSAGE][PASSED] - Object: 'Object Repository/WebOffice_Home_page/Page_/a_Members Feedback' is clicked on

2020-04-27 14:18:07 - [TEST_STEP][PASSED] - waitForPageLoad(5): Wait for page load successfully

2020-04-27 14:18:07 - [MESSAGE][PASSED] - Wait for page load successfully

2020-04-27 14:18:07 - [TEST_STEP][PASSED] - waitForElementClickable(findTestObject("Object Repository/WebOffice_Home_page/Page_/a_Status Report"), 5): Object 'Object Repository/WebOffice_Home_page/Page_/a_Status Report' is clickable

2020-04-27 14:18:07 - [MESSAGE][PASSED] - Object 'Object Repository/WebOffice_Home_page/Page_/a_Status Report' is clickable

2020-04-27 14:18:07 - [TEST_STEP][PASSED] - click(findTestObject("Object Repository/WebOffice_Home_page/Page_/a_Status Report")): Object: 'Object Repository/WebOffice_Home_page/Page_/a_Status Report' is clicked on

2020-04-27 14:18:08 - [MESSAGE][PASSED] - Object: 'Object Repository/WebOffice_Home_page/Page_/a_Status Report' is clicked on

2020-04-27 14:18:08 - [MESSAGE][PASSED] - Call Test Case 'Test Cases/Reusable_Test_Sequences/Web_Office/Navigation/Sub_Menu_Navigation/Reports/Members_Feedback_Status' successfully

2020-04-27 14:18:08 - [TEST_STEP][PASSED] - "--------------------------------------": null

2020-04-27 14:18:08 - [TEST_STEP][PASSED] - " Verify Returned Page Detail          |": null

2020-04-27 14:18:08 - [TEST_STEP][PASSED] - callTestCase(findTestCase("Reusable_Test_Sequences/Web_Office/Verification/Reports/Members_Feedback_Status"), [:], OPTIONAL): Call Test Case 'Test Cases/Reusable_Test_Sequences/Web_Office/Verification/Reports/Members_Feedback_Status' successfully

2020-04-27 14:18:08 - [TEST_CASE][PASSED] - Test Cases/Reusable_Test_Sequences/Web_Office/Verification/Reports/Members_Feedback_Status: Test Cases/Reusable_Test_Sequences/Web_Office/Verification/Reports/Members_Feedback_Status

2020-04-27 14:18:09 - [TEST_STEP][PASSED] - waitForPageLoad(120): Wait for page load successfully

2020-04-27 14:18:09 - [MESSAGE][PASSED] - Wait for page load successfully

2020-04-27 14:18:09 - [TEST_STEP][PASSED] - delay(1): Delayed 1 second(s)

2020-04-27 14:18:10 - [MESSAGE][PASSED] - Delayed 1 second(s)

2020-04-27 14:18:10 - [TEST_STEP][PASSED] - verifyTextPresent("Members Feedback : Status Report", false): Text 'Members Feedback : Status Report' is present on page 

2020-04-27 14:18:10 - [MESSAGE][PASSED] - Text 'Members Feedback : Status Report' is present on page 

2020-04-27 14:18:10 - [TEST_STEP][PASSED] - "----------------------------------------------": null

2020-04-27 14:18:10 - [TEST_STEP][PASSED] - verifyTextPresent("Feedback status", false): Text 'Feedback status' is present on page 

2020-04-27 14:18:11 - [MESSAGE][PASSED] - Text 'Feedback status' is present on page 

2020-04-27 14:18:11 - [TEST_STEP][PASSED] - verifyTextPresent("Companies", false): Text 'Companies' is present on page 

2020-04-27 14:18:11 - [MESSAGE][PASSED] - Text 'Companies' is present on page 

2020-04-27 14:18:11 - [TEST_STEP][PASSED] - "----------------------------------------------": null

2020-04-27 14:18:11 - [TEST_STEP][PASSED] - verifyTextPresent("Company name", false): Text 'Company name' is present on page 

2020-04-27 14:18:11 - [MESSAGE][PASSED] - Text 'Company name' is present on page 

2020-04-27 14:18:11 - [TEST_STEP][PASSED] - verifyTextPresent("Company status", false): Text 'Company status' is present on page 

2020-04-27 14:18:12 - [MESSAGE][PASSED] - Text 'Company status' is present on page 

2020-04-27 14:18:12 - [TEST_STEP][PASSED] - verifyTextPresent("Total feedbacks", false): Text 'Total feedbacks' is present on page 

2020-04-27 14:18:12 - [MESSAGE][PASSED] - Text 'Total feedbacks' is present on page 

2020-04-27 14:18:12 - [TEST_STEP][PASSED] - verifyTextPresent("Selected feedbacks", false): Text 'Selected feedbacks' is present on page 

2020-04-27 14:18:12 - [MESSAGE][PASSED] - Text 'Selected feedbacks' is present on page 

2020-04-27 14:18:12 - [TEST_STEP][PASSED] - verifyTextPresent("Percentage", false): Text 'Percentage' is present on page 

2020-04-27 14:18:12 - [MESSAGE][PASSED] - Text 'Percentage' is present on page 

2020-04-27 14:18:12 - [TEST_STEP][PASSED] - verifyTextPresent("5 Star Cleaning", false): Text '5 Star Cleaning' is present on page 

2020-04-27 14:18:13 - [MESSAGE][PASSED] - Text '5 Star Cleaning' is present on page 

2020-04-27 14:18:13 - [TEST_STEP][PASSED] - verifyTextPresent("100%", false): Text '100%' is present on page 

2020-04-27 14:18:13 - [MESSAGE][PASSED] - Text '100%' is present on page 

2020-04-27 14:18:13 - [TEST_STEP][PASSED] - verifyTextPresent("5d Compliance", false): Text '5d Compliance' is present on page 

2020-04-27 14:18:13 - [MESSAGE][PASSED] - Text '5d Compliance' is present on page 

2020-04-27 14:18:13 - [TEST_STEP][PASSED] - verifyTextPresent("ABD Homes Ltd", false): Text 'ABD Homes Ltd' is present on page 

2020-04-27 14:18:14 - [MESSAGE][PASSED] - Text 'ABD Homes Ltd' is present on page 

2020-04-27 14:18:14 - [TEST_STEP][PASSED] - verifyTextPresent("B Nicol Joinery", false): Text 'B Nicol Joinery' is present on page 

2020-04-27 14:18:14 - [MESSAGE][PASSED] - Text 'B Nicol Joinery' is present on page 

2020-04-27 14:18:14 - [MESSAGE][PASSED] - Call Test Case 'Test Cases/Reusable_Test_Sequences/Web_Office/Verification/Reports/Members_Feedback_Status' successfully

2020-04-27 14:18:14 - [TEST_STEP][PASSED] - "--------------------------": null

2020-04-27 14:18:14 - [TEST_STEP][PASSED] - " Teardown - CLose Browser |": null

2020-04-27 14:18:14 - [TEST_STEP][PASSED] - callTestCase(findTestCase("Reusable_Test_Sequences/CAT_Teardown"), [:], OPTIONAL): Call Test Case 'Test Cases/Reusable_Test_Sequences/CAT_Teardown' successfully

2020-04-27 14:18:14 - [TEST_CASE][PASSED] - Test Cases/Reusable_Test_Sequences/CAT_Teardown: Test Cases/Reusable_Test_Sequences/CAT_Teardown

2020-04-27 14:18:14 - [TEST_STEP][PASSED] - closeBrowser(): Browser is closed

2020-04-27 14:18:17 - [MESSAGE][PASSED] - Browser is closed

2020-04-27 14:18:17 - [TEST_STEP][PASSED] - super.finalize(): null

2020-04-27 14:18:17 - [TEST_STEP][PASSED] - System.gc(): null

2020-04-27 14:18:17 - [MESSAGE][PASSED] - Call Test Case 'Test Cases/Reusable_Test_Sequences/CAT_Teardown' successfully]]></system-out>
         <system-err><![CDATA[]]></system-err>
      </testcase>
      <testcase name="Test Cases/Web_Office/Reports/Members_Feedback_Company" time="15.15" classname="Test Cases/Web_Office/Reports/Members_Feedback_Company" status="PASSED">
         <system-out><![CDATA[2020-04-27 14:18:17 - [TEST_CASE][PASSED] - Test Cases/Web_Office/Reports/Members_Feedback_Company: Test Cases/Web_Office/Reports/Members_Feedback_Company

2020-04-27 14:18:17 - [TEST_STEP][PASSED] - "--------------------------------------": null

2020-04-27 14:18:17 - [TEST_STEP][PASSED] - " Web Office StartUp                  |": null

2020-04-27 14:18:17 - [TEST_STEP][PASSED] - callTestCase(findTestCase("Reusable_Test_Sequences/Web_Office/Directives/WebOffice_StartUp"), [:], STOP_ON_FAILURE): Call Test Case 'Test Cases/Reusable_Test_Sequences/Web_Office/Directives/WebOffice_StartUp' successfully

2020-04-27 14:18:17 - [TEST_CASE][PASSED] - Test Cases/Reusable_Test_Sequences/Web_Office/Directives/WebOffice_StartUp: Test Cases/Reusable_Test_Sequences/Web_Office/Directives/WebOffice_StartUp

2020-04-27 14:18:17 - [TEST_STEP][PASSED] - "-----------------------------------------------------------------------------": null

2020-04-27 14:18:17 - [TEST_STEP][PASSED] - if (URL == "https://www.dev.checkatrade.com/"): null

2020-04-27 14:18:17 - [TEST_STEP][PASSED] - "-----------------------------------------------------------------------------": null

2020-04-27 14:18:17 - [TEST_STEP][PASSED] - if (URL == "https://www.checkatrade.com/"): null

2020-04-27 14:18:17 - [TEST_STEP][PASSED] - "-----------------------------------------------------------------------------": null

2020-04-27 14:18:17 - [TEST_STEP][PASSED] - if (URL == "https://www.preview.checkatrade.com/"): null

2020-04-27 14:18:17 - [TEST_STEP][PASSED] - WebOfficeURL = "https://admin.preview.checkatrade.com/": null

2020-04-27 14:18:17 - [TEST_STEP][PASSED] - if (URL == "https://www.dev2.checkatrade.com/"): null

2020-04-27 14:18:17 - [TEST_STEP][PASSED] - "Set Function Area for "URL_Handler", URL Resolution": null

2020-04-27 14:18:17 - [TEST_STEP][PASSED] - "Do Some Magic with URL(s) See the comments within URL Handler ": null

2020-04-27 14:18:17 - [TEST_STEP][PASSED] - "------------------------------------------------": null

2020-04-27 14:18:17 - [TEST_STEP][PASSED] - "Moved Login Credentials to <Default> profile 22/01/2020": null

2020-04-27 14:18:17 - [TEST_STEP][PASSED] - "------------------------------------------------": null

2020-04-27 14:18:17 - [TEST_STEP][PASSED] - "WebOfficeURL - Set from the ENVIRONMENT PROFILE ": null

2020-04-27 14:18:17 - [TEST_STEP][PASSED] - "OPEN BROWSER": null

2020-04-27 14:18:17 - [TEST_STEP][PASSED] - "eg - https://admin.preview.checkatrade.com/  ": null

2020-04-27 14:18:17 - [TEST_STEP][PASSED] - openBrowser(WebOfficeURL): Browser is opened with url: 'https://admin.preview.checkatrade.com/'

2020-04-27 14:18:17 - [MESSAGE][INFO] - Starting 'Chrome' driver

2020-04-27 14:18:17 - [MESSAGE][INFO] - Action delay is set to 0 milliseconds

2020-04-27 14:18:22 - [MESSAGE][PASSED] - Browser is opened with url: 'https://admin.preview.checkatrade.com/'

2020-04-27 14:18:22 - [TEST_STEP][PASSED] - maximizeWindow(): Current window maximized

2020-04-27 14:18:24 - [MESSAGE][PASSED] - Current window maximized

2020-04-27 14:18:24 - [TEST_STEP][PASSED] - waitForElementClickable(findTestObject("Object Repository/WebOffice/Page_Checkatrade - Administration - Login/Login_Button"), 25): Object 'Object Repository/WebOffice/Page_Checkatrade - Administration - Login/Login_Button' is clickable

2020-04-27 14:18:24 - [MESSAGE][PASSED] - Object 'Object Repository/WebOffice/Page_Checkatrade - Administration - Login/Login_Button' is clickable

2020-04-27 14:18:24 - [TEST_STEP][PASSED] - verifyTextPresent("Checkatrade Web Office", false): Text 'Checkatrade Web Office' is present on page 

2020-04-27 14:18:24 - [MESSAGE][PASSED] - Text 'Checkatrade Web Office' is present on page 

2020-04-27 14:18:24 - [TEST_STEP][PASSED] - verifyTextPresent("Access for staff use only", false): Text 'Access for staff use only' is present on page 

2020-04-27 14:18:24 - [MESSAGE][PASSED] - Text 'Access for staff use only' is present on page 

2020-04-27 14:18:24 - [TEST_STEP][PASSED] - verifyTextPresent("Forgotten password?", false): Text 'Forgotten password?' is present on page 

2020-04-27 14:18:24 - [MESSAGE][PASSED] - Text 'Forgotten password?' is present on page 

2020-04-27 14:18:24 - [TEST_STEP][PASSED] - setText(findTestObject("Object Repository/WebOffice/Page_Checkatrade - Administration - Login/input_Username_LoginControlUserName"), wo_Username): Text 'DavidHo' is set on object 'Object Repository/WebOffice/Page_Checkatrade - Administration - Login/input_Username_LoginControlUserName'

2020-04-27 14:18:25 - [MESSAGE][PASSED] - Text 'DavidHo' is set on object 'Object Repository/WebOffice/Page_Checkatrade - Administration - Login/input_Username_LoginControlUserName'

2020-04-27 14:18:25 - [TEST_STEP][PASSED] - setText(findTestObject("Object Repository/WebOffice/Page_Checkatrade - Administration - Login/input_Password_LoginControlPassword"), wo_Password): Text 'Check123' is set on object 'Object Repository/WebOffice/Page_Checkatrade - Administration - Login/input_Password_LoginControlPassword'

2020-04-27 14:18:25 - [MESSAGE][PASSED] - Text 'Check123' is set on object 'Object Repository/WebOffice/Page_Checkatrade - Administration - Login/input_Password_LoginControlPassword'

2020-04-27 14:18:25 - [TEST_STEP][PASSED] - click(findTestObject("Object Repository/WebOffice/Page_Checkatrade - Administration - Login/Login_Button")): Object: 'Object Repository/WebOffice/Page_Checkatrade - Administration - Login/Login_Button' is clicked on

2020-04-27 14:18:26 - [MESSAGE][PASSED] - Object: 'Object Repository/WebOffice/Page_Checkatrade - Administration - Login/Login_Button' is clicked on

2020-04-27 14:18:26 - [TEST_STEP][PASSED] - waitForPageLoad(60): Wait for page load successfully

2020-04-27 14:18:26 - [MESSAGE][PASSED] - Wait for page load successfully

2020-04-27 14:18:26 - [TEST_STEP][PASSED] - verifyTextPresent("Welcome " + wo_Username, false): Text 'Welcome DavidHo' is present on page 

2020-04-27 14:18:26 - [MESSAGE][PASSED] - Text 'Welcome DavidHo' is present on page 

2020-04-27 14:18:26 - [MESSAGE][PASSED] - Call Test Case 'Test Cases/Reusable_Test_Sequences/Web_Office/Directives/WebOffice_StartUp' successfully

2020-04-27 14:18:26 - [TEST_STEP][PASSED] - "-----------------------------------------------------------------": null

2020-04-27 14:18:26 - [TEST_STEP][PASSED] - " Navigate to <Settings->Checkatrade.Com->Sub Item> Menu Item     |": null

2020-04-27 14:18:26 - [TEST_STEP][PASSED] - callTestCase(findTestCase("Reusable_Test_Sequences/Web_Office/Navigation/Sub_Menu_Navigation/Reports/Members_Feedback_Company"), [:], STOP_ON_FAILURE): Call Test Case 'Test Cases/Reusable_Test_Sequences/Web_Office/Navigation/Sub_Menu_Navigation/Reports/Members_Feedback_Company' successfully

2020-04-27 14:18:26 - [TEST_CASE][PASSED] - Test Cases/Reusable_Test_Sequences/Web_Office/Navigation/Sub_Menu_Navigation/Reports/Members_Feedback_Company: Test Cases/Reusable_Test_Sequences/Web_Office/Navigation/Sub_Menu_Navigation/Reports/Members_Feedback_Company

2020-04-27 14:18:27 - [TEST_STEP][PASSED] - "--------------------------------------": null

2020-04-27 14:18:27 - [TEST_STEP][PASSED] - " Navigate Top level menu Item         |": null

2020-04-27 14:18:27 - [TEST_STEP][PASSED] - waitForPageLoad(60): Wait for page load successfully

2020-04-27 14:18:27 - [MESSAGE][PASSED] - Wait for page load successfully

2020-04-27 14:18:27 - [TEST_STEP][PASSED] - waitForElementClickable(findTestObject("Object Repository/WebOffice_Home_page/a_Reports"), 60): Object 'Object Repository/WebOffice_Home_page/a_Reports' is clickable

2020-04-27 14:18:27 - [MESSAGE][PASSED] - Object 'Object Repository/WebOffice_Home_page/a_Reports' is clickable

2020-04-27 14:18:27 - [TEST_STEP][PASSED] - mouseOver(findTestObject("Object Repository/WebOffice_Home_page/a_Reports")): Object: 'Object Repository/WebOffice_Home_page/a_Reports' is hovered

2020-04-27 14:18:27 - [MESSAGE][PASSED] - Object: 'Object Repository/WebOffice_Home_page/a_Reports' is hovered

2020-04-27 14:18:27 - [TEST_STEP][PASSED] - click(findTestObject("Object Repository/WebOffice_Home_page/Page_/a_Members")): Object: 'Object Repository/WebOffice_Home_page/Page_/a_Members' is clicked on

2020-04-27 14:18:28 - [MESSAGE][PASSED] - Object: 'Object Repository/WebOffice_Home_page/Page_/a_Members' is clicked on

2020-04-27 14:18:28 - [TEST_STEP][PASSED] - click(findTestObject("Object Repository/WebOffice_Home_page/Page_/a_Members Feedback")): Object: 'Object Repository/WebOffice_Home_page/Page_/a_Members Feedback' is clicked on

2020-04-27 14:18:28 - [MESSAGE][PASSED] - Object: 'Object Repository/WebOffice_Home_page/Page_/a_Members Feedback' is clicked on

2020-04-27 14:18:28 - [TEST_STEP][PASSED] - waitForPageLoad(5): Wait for page load successfully

2020-04-27 14:18:28 - [MESSAGE][PASSED] - Wait for page load successfully

2020-04-27 14:18:28 - [TEST_STEP][PASSED] - waitForElementClickable(findTestObject("Object Repository/WebOffice_Home_page/Page_/a_Company Detail Report"), 5): Object 'Object Repository/WebOffice_Home_page/Page_/a_Company Detail Report' is clickable

2020-04-27 14:18:28 - [MESSAGE][PASSED] - Object 'Object Repository/WebOffice_Home_page/Page_/a_Company Detail Report' is clickable

2020-04-27 14:18:28 - [TEST_STEP][PASSED] - click(findTestObject("Object Repository/WebOffice_Home_page/Page_/a_Company Detail Report")): Object: 'Object Repository/WebOffice_Home_page/Page_/a_Company Detail Report' is clicked on

2020-04-27 14:18:28 - [MESSAGE][PASSED] - Object: 'Object Repository/WebOffice_Home_page/Page_/a_Company Detail Report' is clicked on

2020-04-27 14:18:28 - [MESSAGE][PASSED] - Call Test Case 'Test Cases/Reusable_Test_Sequences/Web_Office/Navigation/Sub_Menu_Navigation/Reports/Members_Feedback_Company' successfully

2020-04-27 14:18:28 - [TEST_STEP][PASSED] - "--------------------------------------": null

2020-04-27 14:18:28 - [TEST_STEP][PASSED] - " Verify Returned Page Detail          |": null

2020-04-27 14:18:28 - [TEST_STEP][PASSED] - callTestCase(findTestCase("Reusable_Test_Sequences/Web_Office/Verification/Reports/Members_Feedback_Company"), [:], OPTIONAL): Call Test Case 'Test Cases/Reusable_Test_Sequences/Web_Office/Verification/Reports/Members_Feedback_Company' successfully

2020-04-27 14:18:28 - [TEST_CASE][PASSED] - Test Cases/Reusable_Test_Sequences/Web_Office/Verification/Reports/Members_Feedback_Company: Test Cases/Reusable_Test_Sequences/Web_Office/Verification/Reports/Members_Feedback_Company

2020-04-27 14:18:29 - [TEST_STEP][PASSED] - waitForPageLoad(120): Wait for page load successfully

2020-04-27 14:18:29 - [MESSAGE][PASSED] - Wait for page load successfully

2020-04-27 14:18:29 - [TEST_STEP][PASSED] - delay(1): Delayed 1 second(s)

2020-04-27 14:18:30 - [MESSAGE][PASSED] - Delayed 1 second(s)

2020-04-27 14:18:30 - [TEST_STEP][PASSED] - verifyTextPresent("Members Feedback : Company Detail Report", false): Text 'Members Feedback : Company Detail Report' is present on page 

2020-04-27 14:18:30 - [MESSAGE][PASSED] - Text 'Members Feedback : Company Detail Report' is present on page 

2020-04-27 14:18:30 - [TEST_STEP][PASSED] - "----------------------------------------------": null

2020-04-27 14:18:30 - [TEST_STEP][PASSED] - verifyTextPresent("Summary Report", false): Text 'Summary Report' is present on page 

2020-04-27 14:18:30 - [MESSAGE][PASSED] - Text 'Summary Report' is present on page 

2020-04-27 14:18:30 - [TEST_STEP][PASSED] - verifyTextPresent("Status Report", false): Text 'Status Report' is present on page 

2020-04-27 14:18:30 - [MESSAGE][PASSED] - Text 'Status Report' is present on page 

2020-04-27 14:18:30 - [TEST_STEP][PASSED] - verifyTextPresent("Company Detail Report", false): Text 'Company Detail Report' is present on page 

2020-04-27 14:18:30 - [MESSAGE][PASSED] - Text 'Company Detail Report' is present on page 

2020-04-27 14:18:30 - [TEST_STEP][PASSED] - verifyTextPresent("Feedback status", false): Text 'Feedback status' is present on page 

2020-04-27 14:18:31 - [MESSAGE][PASSED] - Text 'Feedback status' is present on page 

2020-04-27 14:18:31 - [TEST_STEP][PASSED] - verifyTextPresent("Company name", false): Text 'Company name' is present on page 

2020-04-27 14:18:31 - [MESSAGE][PASSED] - Text 'Company name' is present on page 

2020-04-27 14:18:31 - [TEST_STEP][PASSED] - verifyTextPresent("Feedbacks", false): Text 'Feedbacks' is present on page 

2020-04-27 14:18:31 - [MESSAGE][PASSED] - Text 'Feedbacks' is present on page 

2020-04-27 14:18:31 - [MESSAGE][PASSED] - Call Test Case 'Test Cases/Reusable_Test_Sequences/Web_Office/Verification/Reports/Members_Feedback_Company' successfully

2020-04-27 14:18:31 - [TEST_STEP][PASSED] - "--------------------------": null

2020-04-27 14:18:31 - [TEST_STEP][PASSED] - " Teardown - CLose Browser |": null

2020-04-27 14:18:31 - [TEST_STEP][PASSED] - callTestCase(findTestCase("Reusable_Test_Sequences/CAT_Teardown"), [:], OPTIONAL): Call Test Case 'Test Cases/Reusable_Test_Sequences/CAT_Teardown' successfully

2020-04-27 14:18:31 - [TEST_CASE][PASSED] - Test Cases/Reusable_Test_Sequences/CAT_Teardown: Test Cases/Reusable_Test_Sequences/CAT_Teardown

2020-04-27 14:18:31 - [TEST_STEP][PASSED] - closeBrowser(): Browser is closed

2020-04-27 14:18:32 - [MESSAGE][PASSED] - Browser is closed

2020-04-27 14:18:32 - [TEST_STEP][PASSED] - super.finalize(): null

2020-04-27 14:18:32 - [TEST_STEP][PASSED] - System.gc(): null

2020-04-27 14:18:32 - [MESSAGE][PASSED] - Call Test Case 'Test Cases/Reusable_Test_Sequences/CAT_Teardown' successfully]]></system-out>
         <system-err><![CDATA[]]></system-err>
      </testcase>
      <testcase name="Test Cases/Web_Office/Reports/Members_Activity_Overview" time="16.666" classname="Test Cases/Web_Office/Reports/Members_Activity_Overview" status="PASSED">
         <system-out><![CDATA[2020-04-27 14:18:32 - [TEST_CASE][PASSED] - Test Cases/Web_Office/Reports/Members_Activity_Overview: Test Cases/Web_Office/Reports/Members_Activity_Overview

2020-04-27 14:18:32 - [TEST_STEP][PASSED] - "--------------------------------------": null

2020-04-27 14:18:32 - [TEST_STEP][PASSED] - " Web Office StartUp                  |": null

2020-04-27 14:18:32 - [TEST_STEP][PASSED] - callTestCase(findTestCase("Reusable_Test_Sequences/Web_Office/Directives/WebOffice_StartUp"), [:], STOP_ON_FAILURE): Call Test Case 'Test Cases/Reusable_Test_Sequences/Web_Office/Directives/WebOffice_StartUp' successfully

2020-04-27 14:18:32 - [TEST_CASE][PASSED] - Test Cases/Reusable_Test_Sequences/Web_Office/Directives/WebOffice_StartUp: Test Cases/Reusable_Test_Sequences/Web_Office/Directives/WebOffice_StartUp

2020-04-27 14:18:32 - [TEST_STEP][PASSED] - "-----------------------------------------------------------------------------": null

2020-04-27 14:18:32 - [TEST_STEP][PASSED] - if (URL == "https://www.dev.checkatrade.com/"): null

2020-04-27 14:18:32 - [TEST_STEP][PASSED] - "-----------------------------------------------------------------------------": null

2020-04-27 14:18:32 - [TEST_STEP][PASSED] - if (URL == "https://www.checkatrade.com/"): null

2020-04-27 14:18:32 - [TEST_STEP][PASSED] - "-----------------------------------------------------------------------------": null

2020-04-27 14:18:32 - [TEST_STEP][PASSED] - if (URL == "https://www.preview.checkatrade.com/"): null

2020-04-27 14:18:32 - [TEST_STEP][PASSED] - WebOfficeURL = "https://admin.preview.checkatrade.com/": null

2020-04-27 14:18:32 - [TEST_STEP][PASSED] - if (URL == "https://www.dev2.checkatrade.com/"): null

2020-04-27 14:18:32 - [TEST_STEP][PASSED] - "Set Function Area for "URL_Handler", URL Resolution": null

2020-04-27 14:18:32 - [TEST_STEP][PASSED] - "Do Some Magic with URL(s) See the comments within URL Handler ": null

2020-04-27 14:18:32 - [TEST_STEP][PASSED] - "------------------------------------------------": null

2020-04-27 14:18:32 - [TEST_STEP][PASSED] - "Moved Login Credentials to <Default> profile 22/01/2020": null

2020-04-27 14:18:32 - [TEST_STEP][PASSED] - "------------------------------------------------": null

2020-04-27 14:18:32 - [TEST_STEP][PASSED] - "WebOfficeURL - Set from the ENVIRONMENT PROFILE ": null

2020-04-27 14:18:32 - [TEST_STEP][PASSED] - "OPEN BROWSER": null

2020-04-27 14:18:32 - [TEST_STEP][PASSED] - "eg - https://admin.preview.checkatrade.com/  ": null

2020-04-27 14:18:32 - [TEST_STEP][PASSED] - openBrowser(WebOfficeURL): Browser is opened with url: 'https://admin.preview.checkatrade.com/'

2020-04-27 14:18:32 - [MESSAGE][INFO] - Starting 'Chrome' driver

2020-04-27 14:18:32 - [MESSAGE][INFO] - Action delay is set to 0 milliseconds

2020-04-27 14:18:37 - [MESSAGE][PASSED] - Browser is opened with url: 'https://admin.preview.checkatrade.com/'

2020-04-27 14:18:37 - [TEST_STEP][PASSED] - maximizeWindow(): Current window maximized

2020-04-27 14:18:40 - [MESSAGE][PASSED] - Current window maximized

2020-04-27 14:18:40 - [TEST_STEP][PASSED] - waitForElementClickable(findTestObject("Object Repository/WebOffice/Page_Checkatrade - Administration - Login/Login_Button"), 25): Object 'Object Repository/WebOffice/Page_Checkatrade - Administration - Login/Login_Button' is clickable

2020-04-27 14:18:40 - [MESSAGE][PASSED] - Object 'Object Repository/WebOffice/Page_Checkatrade - Administration - Login/Login_Button' is clickable

2020-04-27 14:18:40 - [TEST_STEP][PASSED] - verifyTextPresent("Checkatrade Web Office", false): Text 'Checkatrade Web Office' is present on page 

2020-04-27 14:18:40 - [MESSAGE][PASSED] - Text 'Checkatrade Web Office' is present on page 

2020-04-27 14:18:40 - [TEST_STEP][PASSED] - verifyTextPresent("Access for staff use only", false): Text 'Access for staff use only' is present on page 

2020-04-27 14:18:40 - [MESSAGE][PASSED] - Text 'Access for staff use only' is present on page 

2020-04-27 14:18:40 - [TEST_STEP][PASSED] - verifyTextPresent("Forgotten password?", false): Text 'Forgotten password?' is present on page 

2020-04-27 14:18:40 - [MESSAGE][PASSED] - Text 'Forgotten password?' is present on page 

2020-04-27 14:18:40 - [TEST_STEP][PASSED] - setText(findTestObject("Object Repository/WebOffice/Page_Checkatrade - Administration - Login/input_Username_LoginControlUserName"), wo_Username): Text 'DavidHo' is set on object 'Object Repository/WebOffice/Page_Checkatrade - Administration - Login/input_Username_LoginControlUserName'

2020-04-27 14:18:40 - [MESSAGE][PASSED] - Text 'DavidHo' is set on object 'Object Repository/WebOffice/Page_Checkatrade - Administration - Login/input_Username_LoginControlUserName'

2020-04-27 14:18:40 - [TEST_STEP][PASSED] - setText(findTestObject("Object Repository/WebOffice/Page_Checkatrade - Administration - Login/input_Password_LoginControlPassword"), wo_Password): Text 'Check123' is set on object 'Object Repository/WebOffice/Page_Checkatrade - Administration - Login/input_Password_LoginControlPassword'

2020-04-27 14:18:40 - [MESSAGE][PASSED] - Text 'Check123' is set on object 'Object Repository/WebOffice/Page_Checkatrade - Administration - Login/input_Password_LoginControlPassword'

2020-04-27 14:18:40 - [TEST_STEP][PASSED] - click(findTestObject("Object Repository/WebOffice/Page_Checkatrade - Administration - Login/Login_Button")): Object: 'Object Repository/WebOffice/Page_Checkatrade - Administration - Login/Login_Button' is clicked on

2020-04-27 14:18:41 - [MESSAGE][PASSED] - Object: 'Object Repository/WebOffice/Page_Checkatrade - Administration - Login/Login_Button' is clicked on

2020-04-27 14:18:41 - [TEST_STEP][PASSED] - waitForPageLoad(60): Wait for page load successfully

2020-04-27 14:18:41 - [MESSAGE][PASSED] - Wait for page load successfully

2020-04-27 14:18:41 - [TEST_STEP][PASSED] - verifyTextPresent("Welcome " + wo_Username, false): Text 'Welcome DavidHo' is present on page 

2020-04-27 14:18:41 - [MESSAGE][PASSED] - Text 'Welcome DavidHo' is present on page 

2020-04-27 14:18:41 - [MESSAGE][PASSED] - Call Test Case 'Test Cases/Reusable_Test_Sequences/Web_Office/Directives/WebOffice_StartUp' successfully

2020-04-27 14:18:41 - [TEST_STEP][PASSED] - "-----------------------------------------------------------------": null

2020-04-27 14:18:41 - [TEST_STEP][PASSED] - " Navigate to <Settings->Checkatrade.Com->Sub Item> Menu Item     |": null

2020-04-27 14:18:41 - [TEST_STEP][PASSED] - callTestCase(findTestCase("Reusable_Test_Sequences/Web_Office/Navigation/Sub_Menu_Navigation/Reports/Members_Activity_Overview"), [:], STOP_ON_FAILURE): Call Test Case 'Test Cases/Reusable_Test_Sequences/Web_Office/Navigation/Sub_Menu_Navigation/Reports/Members_Activity_Overview' successfully

2020-04-27 14:18:42 - [TEST_CASE][PASSED] - Test Cases/Reusable_Test_Sequences/Web_Office/Navigation/Sub_Menu_Navigation/Reports/Members_Activity_Overview: Test Cases/Reusable_Test_Sequences/Web_Office/Navigation/Sub_Menu_Navigation/Reports/Members_Activity_Overview

2020-04-27 14:18:42 - [TEST_STEP][PASSED] - "--------------------------------------": null

2020-04-27 14:18:42 - [TEST_STEP][PASSED] - " Navigate Top level menu Item         |": null

2020-04-27 14:18:42 - [TEST_STEP][PASSED] - waitForPageLoad(60): Wait for page load successfully

2020-04-27 14:18:42 - [MESSAGE][PASSED] - Wait for page load successfully

2020-04-27 14:18:42 - [TEST_STEP][PASSED] - waitForElementClickable(findTestObject("Object Repository/WebOffice_Home_page/a_Reports"), 60): Object 'Object Repository/WebOffice_Home_page/a_Reports' is clickable

2020-04-27 14:18:42 - [MESSAGE][PASSED] - Object 'Object Repository/WebOffice_Home_page/a_Reports' is clickable

2020-04-27 14:18:42 - [TEST_STEP][PASSED] - mouseOver(findTestObject("Object Repository/WebOffice_Home_page/a_Reports")): Object: 'Object Repository/WebOffice_Home_page/a_Reports' is hovered

2020-04-27 14:18:43 - [MESSAGE][PASSED] - Object: 'Object Repository/WebOffice_Home_page/a_Reports' is hovered

2020-04-27 14:18:43 - [TEST_STEP][PASSED] - click(findTestObject("Object Repository/WebOffice_Home_page/Page_/a_Members")): Object: 'Object Repository/WebOffice_Home_page/Page_/a_Members' is clicked on

2020-04-27 14:18:43 - [MESSAGE][PASSED] - Object: 'Object Repository/WebOffice_Home_page/Page_/a_Members' is clicked on

2020-04-27 14:18:43 - [TEST_STEP][PASSED] - click(findTestObject("Object Repository/WebOffice_Home_page/Page_/a_Members Area Activity")): Object: 'Object Repository/WebOffice_Home_page/Page_/a_Members Area Activity' is clicked on

2020-04-27 14:18:43 - [MESSAGE][PASSED] - Object: 'Object Repository/WebOffice_Home_page/Page_/a_Members Area Activity' is clicked on

2020-04-27 14:18:43 - [TEST_STEP][PASSED] - waitForPageLoad(5): Wait for page load successfully

2020-04-27 14:18:43 - [MESSAGE][PASSED] - Wait for page load successfully

2020-04-27 14:18:43 - [TEST_STEP][PASSED] - waitForElementClickable(findTestObject("Object Repository/WebOffice_Home_page/Page_/a_Participants Report"), 5): Object 'Object Repository/WebOffice_Home_page/Page_/a_Participants Report' is clickable

2020-04-27 14:18:43 - [MESSAGE][PASSED] - Object 'Object Repository/WebOffice_Home_page/Page_/a_Participants Report' is clickable

2020-04-27 14:18:43 - [TEST_STEP][PASSED] - click(findTestObject("Object Repository/WebOffice_Home_page/Page_/a_Participants Report")): Object: 'Object Repository/WebOffice_Home_page/Page_/a_Participants Report' is clicked on

2020-04-27 14:18:44 - [MESSAGE][PASSED] - Object: 'Object Repository/WebOffice_Home_page/Page_/a_Participants Report' is clicked on

2020-04-27 14:18:44 - [MESSAGE][PASSED] - Call Test Case 'Test Cases/Reusable_Test_Sequences/Web_Office/Navigation/Sub_Menu_Navigation/Reports/Members_Activity_Overview' successfully

2020-04-27 14:18:44 - [TEST_STEP][PASSED] - "--------------------------------------": null

2020-04-27 14:18:44 - [TEST_STEP][PASSED] - " Verify Returned Page Detail          |": null

2020-04-27 14:18:44 - [TEST_STEP][PASSED] - callTestCase(findTestCase("Reusable_Test_Sequences/Web_Office/Verification/Reports/Members_Activity_Overview"), [:], OPTIONAL): Unable to call Test Case 'Test Cases/Reusable_Test_Sequences/Web_Office/Verification/Reports/Members_Activity_Overview' (Root cause: com.kms.katalon.core.exception.StepFailedException: Call Test Case 'Test Cases/Reusable_Test_Sequences/Web_Office/Verification/Reports/Members_Activity_Overview' failed
	at com.kms.katalon.core.keyword.builtin.CallTestCaseKeyword$_callTestCase_closure1.doCall(CallTestCaseKeyword.groovy:63)
	at com.kms.katalon.core.keyword.builtin.CallTestCaseKeyword$_callTestCase_closure1.call(CallTestCaseKeyword.groovy)
	at com.kms.katalon.core.keyword.internal.KeywordMain.runKeyword(KeywordMain.groovy:68)
	at com.kms.katalon.core.keyword.builtin.CallTestCaseKeyword.callTestCase(CallTestCaseKeyword.groovy:81)
	at com.kms.katalon.core.keyword.builtin.CallTestCaseKeyword.execute(CallTestCaseKeyword.groovy:44)
	at com.kms.katalon.core.keyword.internal.KeywordExecutor.executeKeywordForPlatform(KeywordExecutor.groovy:72)
	at com.kms.katalon.core.keyword.BuiltinKeywords.callTestCase(BuiltinKeywords.groovy:334)
	at Members_Activity_Overview.run(Members_Activity_Overview:64)
	at com.kms.katalon.core.main.ScriptEngine.run(ScriptEngine.java:194)
	at com.kms.katalon.core.main.ScriptEngine.runScriptAsRawText(ScriptEngine.java:119)
	at com.kms.katalon.core.main.TestCaseExecutor.runScript(TestCaseExecutor.java:337)
	at com.kms.katalon.core.main.TestCaseExecutor.doExecute(TestCaseExecutor.java:328)
	at com.kms.katalon.core.main.TestCaseExecutor.processExecutionPhase(TestCaseExecutor.java:307)
	at com.kms.katalon.core.main.TestCaseExecutor.accessMainPhase(TestCaseExecutor.java:299)
	at com.kms.katalon.core.main.TestCaseExecutor.execute(TestCaseExecutor.java:233)
	at com.kms.katalon.core.main.TestSuiteExecutor.accessTestCaseMainPhase(TestSuiteExecutor.java:169)
	at com.kms.katalon.core.main.TestSuiteExecutor.accessTestSuiteMainPhase(TestSuiteExecutor.java:142)
	at com.kms.katalon.core.main.TestSuiteExecutor.execute(TestSuiteExecutor.java:91)
	at com.kms.katalon.core.main.TestCaseMain.startTestSuite(TestCaseMain.java:157)
	at com.kms.katalon.core.main.TestCaseMain$startTestSuite$0.call(Unknown Source)
	at TempTestSuite1587991913277.run(TempTestSuite1587991913277.groovy:37)
Caused by: com.kms.katalon.core.exception.StepFailedException: Text 'Good Morning!' is not present on page  (Root cause: com.kms.katalon.core.exception.StepFailedException: Text 'Good Morning!' is not present on page 
	at com.kms.katalon.core.webui.keyword.internal.WebUIKeywordMain.stepFailed(WebUIKeywordMain.groovy:64)
	at com.kms.katalon.core.webui.keyword.builtin.VerifyTextPresentKeyword$_verifyTextPresent_closure1.doCall(VerifyTextPresentKeyword.groovy:79)
	at com.kms.katalon.core.webui.keyword.builtin.VerifyTextPresentKeyword$_verifyTextPresent_closure1.call(VerifyTextPresentKeyword.groovy)
	at com.kms.katalon.core.webui.keyword.internal.WebUIKeywordMain.runKeyword(WebUIKeywordMain.groovy:20)
	at com.kms.katalon.core.webui.keyword.builtin.VerifyTextPresentKeyword.verifyTextPresent(VerifyTextPresentKeyword.groovy:83)
	at com.kms.katalon.core.webui.keyword.builtin.VerifyTextPresentKeyword.execute(VerifyTextPresentKeyword.groovy:68)
	at com.kms.katalon.core.keyword.internal.KeywordExecutor.executeKeywordForPlatform(KeywordExecutor.groovy:72)
	at com.kms.katalon.core.webui.keyword.WebUiBuiltInKeywords.verifyTextPresent(WebUiBuiltInKeywords.groovy:1719)
	at com.kms.katalon.core.webui.keyword.WebUiBuiltInKeywords$verifyTextPresent$2.call(Unknown Source)
	at Members_Activity_Overview.run(Members_Activity_Overview:48)
	at com.kms.katalon.core.main.ScriptEngine.run(ScriptEngine.java:194)
	at com.kms.katalon.core.main.ScriptEngine.runScriptAsRawText(ScriptEngine.java:119)
	at com.kms.katalon.core.main.TestCaseExecutor.runScript(TestCaseExecutor.java:337)
	at com.kms.katalon.core.main.TestCaseExecutor.doExecute(TestCaseExecutor.java:328)
	at com.kms.katalon.core.main.TestCaseExecutor.processExecutionPhase(TestCaseExecutor.java:307)
	at com.kms.katalon.core.main.TestCaseExecutor.accessMainPhase(TestCaseExecutor.java:299)
	at com.kms.katalon.core.main.TestCaseExecutor.execute(TestCaseExecutor.java:233)
	at com.kms.katalon.core.main.TestCaseMain.runTestCase(TestCaseMain.java:114)
	at com.kms.katalon.core.keyword.builtin.CallTestCaseKeyword$_callTestCase_closure1.doCall(CallTestCaseKeyword.groovy:59)
	at com.kms.katalon.core.keyword.builtin.CallTestCaseKeyword$_callTestCase_closure1.call(CallTestCaseKeyword.groovy)
	at com.kms.katalon.core.keyword.internal.KeywordMain.runKeyword(KeywordMain.groovy:68)
	at com.kms.katalon.core.keyword.builtin.CallTestCaseKeyword.callTestCase(CallTestCaseKeyword.groovy:81)
	at com.kms.katalon.core.keyword.builtin.CallTestCaseKeyword.execute(CallTestCaseKeyword.groovy:44)
	at com.kms.katalon.core.keyword.internal.KeywordExecutor.executeKeywordForPlatform(KeywordExecutor.groovy:72)
	at com.kms.katalon.core.keyword.BuiltinKeywords.callTestCase(BuiltinKeywords.groovy:334)
	at Members_Activity_Overview.run(Members_Activity_Overview:64)
	at com.kms.katalon.core.main.ScriptEngine.run(ScriptEngine.java:194)
	at com.kms.katalon.core.main.ScriptEngine.runScriptAsRawText(ScriptEngine.java:119)
	at com.kms.katalon.core.main.TestCaseExecutor.runScript(TestCaseExecutor.java:337)
	at com.kms.katalon.core.main.TestCaseExecutor.doExecute(TestCaseExecutor.java:328)
	at com.kms.katalon.core.main.TestCaseExecutor.processExecutionPhase(TestCaseExecutor.java:307)
	at com.kms.katalon.core.main.TestCaseExecutor.accessMainPhase(TestCaseExecutor.java:299)
	at com.kms.katalon.core.main.TestCaseExecutor.execute(TestCaseExecutor.java:233)
	at com.kms.katalon.core.main.TestSuiteExecutor.accessTestCaseMainPhase(TestSuiteExecutor.java:169)
	at com.kms.katalon.core.main.TestSuiteExecutor.accessTestSuiteMainPhase(TestSuiteExecutor.java:142)
	at com.kms.katalon.core.main.TestSuiteExecutor.execute(TestSuiteExecutor.java:91)
	at com.kms.katalon.core.main.TestCaseMain.startTestSuite(TestCaseMain.java:157)
	at com.kms.katalon.core.main.TestCaseMain$startTestSuite$0.call(Unknown Source)
	at TempTestSuite1587991913277.run(TempTestSuite1587991913277.groovy:37)
)
	at com.kms.katalon.core.keyword.internal.KeywordMain.stepFailed(KeywordMain.groovy:39)
	at com.kms.katalon.core.webui.keyword.internal.WebUIKeywordMain.stepFailed(WebUIKeywordMain.groovy:64)
	at com.kms.katalon.core.webui.keyword.builtin.VerifyTextPresentKeyword$_verifyTextPresent_closure1.doCall(VerifyTextPresentKeyword.groovy:79)
	at com.kms.katalon.core.webui.keyword.builtin.VerifyTextPresentKeyword$_verifyTextPresent_closure1.call(VerifyTextPresentKeyword.groovy)
	at com.kms.katalon.core.webui.keyword.internal.WebUIKeywordMain.runKeyword(WebUIKeywordMain.groovy:20)
	at com.kms.katalon.core.webui.keyword.builtin.VerifyTextPresentKeyword.verifyTextPresent(VerifyTextPresentKeyword.groovy:83)
	at com.kms.katalon.core.webui.keyword.builtin.VerifyTextPresentKeyword.execute(VerifyTextPresentKeyword.groovy:68)
	at com.kms.katalon.core.keyword.internal.KeywordExecutor.executeKeywordForPlatform(KeywordExecutor.groovy:72)
	at com.kms.katalon.core.webui.keyword.WebUiBuiltInKeywords.verifyTextPresent(WebUiBuiltInKeywords.groovy:1719)
	at com.kms.katalon.core.webui.keyword.WebUiBuiltInKeywords$verifyTextPresent$2.call(Unknown Source)
	at Members_Activity_Overview.run(Members_Activity_Overview:48)
	at com.kms.katalon.core.main.ScriptEngine.run(ScriptEngine.java:194)
	at com.kms.katalon.core.main.ScriptEngine.runScriptAsRawText(ScriptEngine.java:119)
	at com.kms.katalon.core.main.TestCaseExecutor.runScript(TestCaseExecutor.java:337)
	at com.kms.katalon.core.main.TestCaseExecutor.doExecute(TestCaseExecutor.java:328)
	at com.kms.katalon.core.main.TestCaseExecutor.processExecutionPhase(TestCaseExecutor.java:307)
	at com.kms.katalon.core.main.TestCaseExecutor.accessMainPhase(TestCaseExecutor.java:299)
	at com.kms.katalon.core.main.TestCaseExecutor.execute(TestCaseExecutor.java:233)
	at com.kms.katalon.core.main.TestCaseMain.runTestCase(TestCaseMain.java:114)
	at com.kms.katalon.core.keyword.builtin.CallTestCaseKeyword$_callTestCase_closure1.doCall(CallTestCaseKeyword.groovy:59)
	... 20 more
Caused by: com.kms.katalon.core.exception.StepFailedException: Text 'Good Morning!' is not present on page 
	... 39 more
)

2020-04-27 14:18:44 - [TEST_CASE][FAILED] - Test Cases/Reusable_Test_Sequences/Web_Office/Verification/Reports/Members_Activity_Overview: Test Cases/Reusable_Test_Sequences/Web_Office/Verification/Reports/Members_Activity_Overview FAILED.
Reason:
com.kms.katalon.core.exception.StepFailedException: Text 'Good Morning!' is not present on page  (Root cause: com.kms.katalon.core.exception.StepFailedException: Text 'Good Morning!' is not present on page 
	at com.kms.katalon.core.webui.keyword.internal.WebUIKeywordMain.stepFailed(WebUIKeywordMain.groovy:64)
	at com.kms.katalon.core.webui.keyword.builtin.VerifyTextPresentKeyword$_verifyTextPresent_closure1.doCall(VerifyTextPresentKeyword.groovy:79)
	at com.kms.katalon.core.webui.keyword.builtin.VerifyTextPresentKeyword$_verifyTextPresent_closure1.call(VerifyTextPresentKeyword.groovy)
	at com.kms.katalon.core.webui.keyword.internal.WebUIKeywordMain.runKeyword(WebUIKeywordMain.groovy:20)
	at com.kms.katalon.core.webui.keyword.builtin.VerifyTextPresentKeyword.verifyTextPresent(VerifyTextPresentKeyword.groovy:83)
	at com.kms.katalon.core.webui.keyword.builtin.VerifyTextPresentKeyword.execute(VerifyTextPresentKeyword.groovy:68)
	at com.kms.katalon.core.keyword.internal.KeywordExecutor.executeKeywordForPlatform(KeywordExecutor.groovy:72)
	at com.kms.katalon.core.webui.keyword.WebUiBuiltInKeywords.verifyTextPresent(WebUiBuiltInKeywords.groovy:1719)
	at com.kms.katalon.core.webui.keyword.WebUiBuiltInKeywords$verifyTextPresent$2.call(Unknown Source)
	at Members_Activity_Overview.run(Members_Activity_Overview:48)
	at com.kms.katalon.core.main.ScriptEngine.run(ScriptEngine.java:194)
	at com.kms.katalon.core.main.ScriptEngine.runScriptAsRawText(ScriptEngine.java:119)
	at com.kms.katalon.core.main.TestCaseExecutor.runScript(TestCaseExecutor.java:337)
	at com.kms.katalon.core.main.TestCaseExecutor.doExecute(TestCaseExecutor.java:328)
	at com.kms.katalon.core.main.TestCaseExecutor.processExecutionPhase(TestCaseExecutor.java:307)
	at com.kms.katalon.core.main.TestCaseExecutor.accessMainPhase(TestCaseExecutor.java:299)
	at com.kms.katalon.core.main.TestCaseExecutor.execute(TestCaseExecutor.java:233)
	at com.kms.katalon.core.main.TestCaseMain.runTestCase(TestCaseMain.java:114)
	at com.kms.katalon.core.keyword.builtin.CallTestCaseKeyword$_callTestCase_closure1.doCall(CallTestCaseKeyword.groovy:59)
	at com.kms.katalon.core.keyword.builtin.CallTestCaseKeyword$_callTestCase_closure1.call(CallTestCaseKeyword.groovy)
	at com.kms.katalon.core.keyword.internal.KeywordMain.runKeyword(KeywordMain.groovy:68)
	at com.kms.katalon.core.keyword.builtin.CallTestCaseKeyword.callTestCase(CallTestCaseKeyword.groovy:81)
	at com.kms.katalon.core.keyword.builtin.CallTestCaseKeyword.execute(CallTestCaseKeyword.groovy:44)
	at com.kms.katalon.core.keyword.internal.KeywordExecutor.executeKeywordForPlatform(KeywordExecutor.groovy:72)
	at com.kms.katalon.core.keyword.BuiltinKeywords.callTestCase(BuiltinKeywords.groovy:334)
	at Members_Activity_Overview.run(Members_Activity_Overview:64)
	at com.kms.katalon.core.main.ScriptEngine.run(ScriptEngine.java:194)
	at com.kms.katalon.core.main.ScriptEngine.runScriptAsRawText(ScriptEngine.java:119)
	at com.kms.katalon.core.main.TestCaseExecutor.runScript(TestCaseExecutor.java:337)
	at com.kms.katalon.core.main.TestCaseExecutor.doExecute(TestCaseExecutor.java:328)
	at com.kms.katalon.core.main.TestCaseExecutor.processExecutionPhase(TestCaseExecutor.java:307)
	at com.kms.katalon.core.main.TestCaseExecutor.accessMainPhase(TestCaseExecutor.java:299)
	at com.kms.katalon.core.main.TestCaseExecutor.execute(TestCaseExecutor.java:233)
	at com.kms.katalon.core.main.TestSuiteExecutor.accessTestCaseMainPhase(TestSuiteExecutor.java:169)
	at com.kms.katalon.core.main.TestSuiteExecutor.accessTestSuiteMainPhase(TestSuiteExecutor.java:142)
	at com.kms.katalon.core.main.TestSuiteExecutor.execute(TestSuiteExecutor.java:91)
	at com.kms.katalon.core.main.TestCaseMain.startTestSuite(TestCaseMain.java:157)
	at com.kms.katalon.core.main.TestCaseMain$startTestSuite$0.call(Unknown Source)
	at TempTestSuite1587991913277.run(TempTestSuite1587991913277.groovy:37)
)
	at com.kms.katalon.core.keyword.internal.KeywordMain.stepFailed(KeywordMain.groovy:39)
	at com.kms.katalon.core.webui.keyword.internal.WebUIKeywordMain.stepFailed(WebUIKeywordMain.groovy:64)
	at com.kms.katalon.core.webui.keyword.builtin.VerifyTextPresentKeyword$_verifyTextPresent_closure1.doCall(VerifyTextPresentKeyword.groovy:79)
	at com.kms.katalon.core.webui.keyword.builtin.VerifyTextPresentKeyword$_verifyTextPresent_closure1.call(VerifyTextPresentKeyword.groovy)
	at com.kms.katalon.core.webui.keyword.internal.WebUIKeywordMain.runKeyword(WebUIKeywordMain.groovy:20)
	at com.kms.katalon.core.webui.keyword.builtin.VerifyTextPresentKeyword.verifyTextPresent(VerifyTextPresentKeyword.groovy:83)
	at com.kms.katalon.core.webui.keyword.builtin.VerifyTextPresentKeyword.execute(VerifyTextPresentKeyword.groovy:68)
	at com.kms.katalon.core.keyword.internal.KeywordExecutor.executeKeywordForPlatform(KeywordExecutor.groovy:72)
	at com.kms.katalon.core.webui.keyword.WebUiBuiltInKeywords.verifyTextPresent(WebUiBuiltInKeywords.groovy:1719)
	at com.kms.katalon.core.webui.keyword.WebUiBuiltInKeywords$verifyTextPresent$2.call(Unknown Source)
	at Members_Activity_Overview.run(Members_Activity_Overview:48)
	at com.kms.katalon.core.main.ScriptEngine.run(ScriptEngine.java:194)
	at com.kms.katalon.core.main.ScriptEngine.runScriptAsRawText(ScriptEngine.java:119)
	at com.kms.katalon.core.main.TestCaseExecutor.runScript(TestCaseExecutor.java:337)
	at com.kms.katalon.core.main.TestCaseExecutor.doExecute(TestCaseExecutor.java:328)
	at com.kms.katalon.core.main.TestCaseExecutor.processExecutionPhase(TestCaseExecutor.java:307)
	at com.kms.katalon.core.main.TestCaseExecutor.accessMainPhase(TestCaseExecutor.java:299)
	at com.kms.katalon.core.main.TestCaseExecutor.execute(TestCaseExecutor.java:233)
	at com.kms.katalon.core.main.TestCaseMain.runTestCase(TestCaseMain.java:114)
	at com.kms.katalon.core.keyword.builtin.CallTestCaseKeyword$_callTestCase_closure1.doCall(CallTestCaseKeyword.groovy:59)
	at com.kms.katalon.core.keyword.builtin.CallTestCaseKeyword$_callTestCase_closure1.call(CallTestCaseKeyword.groovy)
	at com.kms.katalon.core.keyword.internal.KeywordMain.runKeyword(KeywordMain.groovy:68)
	at com.kms.katalon.core.keyword.builtin.CallTestCaseKeyword.callTestCase(CallTestCaseKeyword.groovy:81)
	at com.kms.katalon.core.keyword.builtin.CallTestCaseKeyword.execute(CallTestCaseKeyword.groovy:44)
	at com.kms.katalon.core.keyword.internal.KeywordExecutor.executeKeywordForPlatform(KeywordExecutor.groovy:72)
	at com.kms.katalon.core.keyword.BuiltinKeywords.callTestCase(BuiltinKeywords.groovy:334)
	at Members_Activity_Overview.run(Members_Activity_Overview:64)
	at com.kms.katalon.core.main.ScriptEngine.run(ScriptEngine.java:194)
	at com.kms.katalon.core.main.ScriptEngine.runScriptAsRawText(ScriptEngine.java:119)
	at com.kms.katalon.core.main.TestCaseExecutor.runScript(TestCaseExecutor.java:337)
	at com.kms.katalon.core.main.TestCaseExecutor.doExecute(TestCaseExecutor.java:328)
	at com.kms.katalon.core.main.TestCaseExecutor.processExecutionPhase(TestCaseExecutor.java:307)
	at com.kms.katalon.core.main.TestCaseExecutor.accessMainPhase(TestCaseExecutor.java:299)
	at com.kms.katalon.core.main.TestCaseExecutor.execute(TestCaseExecutor.java:233)
	at com.kms.katalon.core.main.TestSuiteExecutor.accessTestCaseMainPhase(TestSuiteExecutor.java:169)
	at com.kms.katalon.core.main.TestSuiteExecutor.accessTestSuiteMainPhase(TestSuiteExecutor.java:142)
	at com.kms.katalon.core.main.TestSuiteExecutor.execute(TestSuiteExecutor.java:91)
	at com.kms.katalon.core.main.TestCaseMain.startTestSuite(TestCaseMain.java:157)
	at com.kms.katalon.core.main.TestCaseMain$startTestSuite$0.call(Unknown Source)
	at TempTestSuite1587991913277.run(TempTestSuite1587991913277.groovy:37)
Caused by: com.kms.katalon.core.exception.StepFailedException: Text 'Good Morning!' is not present on page 
	... 39 more


2020-04-27 14:18:44 - [TEST_STEP][PASSED] - waitForPageLoad(120): Wait for page load successfully

2020-04-27 14:18:44 - [MESSAGE][PASSED] - Wait for page load successfully

2020-04-27 14:18:44 - [TEST_STEP][PASSED] - delay(1): Delayed 1 second(s)

2020-04-27 14:18:45 - [MESSAGE][PASSED] - Delayed 1 second(s)

2020-04-27 14:18:45 - [TEST_STEP][FAILED] - verifyTextPresent("Good Morning!", false): Text 'Good Morning!' is not present on page  (Root cause: com.kms.katalon.core.exception.StepFailedException: Text 'Good Morning!' is not present on page 
	at com.kms.katalon.core.webui.keyword.internal.WebUIKeywordMain.stepFailed(WebUIKeywordMain.groovy:64)
	at com.kms.katalon.core.webui.keyword.builtin.VerifyTextPresentKeyword$_verifyTextPresent_closure1.doCall(VerifyTextPresentKeyword.groovy:79)
	at com.kms.katalon.core.webui.keyword.builtin.VerifyTextPresentKeyword$_verifyTextPresent_closure1.call(VerifyTextPresentKeyword.groovy)
	at com.kms.katalon.core.webui.keyword.internal.WebUIKeywordMain.runKeyword(WebUIKeywordMain.groovy:20)
	at com.kms.katalon.core.webui.keyword.builtin.VerifyTextPresentKeyword.verifyTextPresent(VerifyTextPresentKeyword.groovy:83)
	at com.kms.katalon.core.webui.keyword.builtin.VerifyTextPresentKeyword.execute(VerifyTextPresentKeyword.groovy:68)
	at com.kms.katalon.core.keyword.internal.KeywordExecutor.executeKeywordForPlatform(KeywordExecutor.groovy:72)
	at com.kms.katalon.core.webui.keyword.WebUiBuiltInKeywords.verifyTextPresent(WebUiBuiltInKeywords.groovy:1719)
	at com.kms.katalon.core.webui.keyword.WebUiBuiltInKeywords$verifyTextPresent$2.call(Unknown Source)
	at Members_Activity_Overview.run(Members_Activity_Overview:48)
	at com.kms.katalon.core.main.ScriptEngine.run(ScriptEngine.java:194)
	at com.kms.katalon.core.main.ScriptEngine.runScriptAsRawText(ScriptEngine.java:119)
	at com.kms.katalon.core.main.TestCaseExecutor.runScript(TestCaseExecutor.java:337)
	at com.kms.katalon.core.main.TestCaseExecutor.doExecute(TestCaseExecutor.java:328)
	at com.kms.katalon.core.main.TestCaseExecutor.processExecutionPhase(TestCaseExecutor.java:307)
	at com.kms.katalon.core.main.TestCaseExecutor.accessMainPhase(TestCaseExecutor.java:299)
	at com.kms.katalon.core.main.TestCaseExecutor.execute(TestCaseExecutor.java:233)
	at com.kms.katalon.core.main.TestCaseMain.runTestCase(TestCaseMain.java:114)
	at com.kms.katalon.core.keyword.builtin.CallTestCaseKeyword$_callTestCase_closure1.doCall(CallTestCaseKeyword.groovy:59)
	at com.kms.katalon.core.keyword.builtin.CallTestCaseKeyword$_callTestCase_closure1.call(CallTestCaseKeyword.groovy)
	at com.kms.katalon.core.keyword.internal.KeywordMain.runKeyword(KeywordMain.groovy:68)
	at com.kms.katalon.core.keyword.builtin.CallTestCaseKeyword.callTestCase(CallTestCaseKeyword.groovy:81)
	at com.kms.katalon.core.keyword.builtin.CallTestCaseKeyword.execute(CallTestCaseKeyword.groovy:44)
	at com.kms.katalon.core.keyword.internal.KeywordExecutor.executeKeywordForPlatform(KeywordExecutor.groovy:72)
	at com.kms.katalon.core.keyword.BuiltinKeywords.callTestCase(BuiltinKeywords.groovy:334)
	at Members_Activity_Overview.run(Members_Activity_Overview:64)
	at com.kms.katalon.core.main.ScriptEngine.run(ScriptEngine.java:194)
	at com.kms.katalon.core.main.ScriptEngine.runScriptAsRawText(ScriptEngine.java:119)
	at com.kms.katalon.core.main.TestCaseExecutor.runScript(TestCaseExecutor.java:337)
	at com.kms.katalon.core.main.TestCaseExecutor.doExecute(TestCaseExecutor.java:328)
	at com.kms.katalon.core.main.TestCaseExecutor.processExecutionPhase(TestCaseExecutor.java:307)
	at com.kms.katalon.core.main.TestCaseExecutor.accessMainPhase(TestCaseExecutor.java:299)
	at com.kms.katalon.core.main.TestCaseExecutor.execute(TestCaseExecutor.java:233)
	at com.kms.katalon.core.main.TestSuiteExecutor.accessTestCaseMainPhase(TestSuiteExecutor.java:169)
	at com.kms.katalon.core.main.TestSuiteExecutor.accessTestSuiteMainPhase(TestSuiteExecutor.java:142)
	at com.kms.katalon.core.main.TestSuiteExecutor.execute(TestSuiteExecutor.java:91)
	at com.kms.katalon.core.main.TestCaseMain.startTestSuite(TestCaseMain.java:157)
	at com.kms.katalon.core.main.TestCaseMain$startTestSuite$0.call(Unknown Source)
	at TempTestSuite1587991913277.run(TempTestSuite1587991913277.groovy:37)
)

2020-04-27 14:18:46 - [MESSAGE][FAILED] - Text 'Good Morning!' is not present on page  (Root cause: com.kms.katalon.core.exception.StepFailedException: Text 'Good Morning!' is not present on page 
	at com.kms.katalon.core.webui.keyword.internal.WebUIKeywordMain.stepFailed(WebUIKeywordMain.groovy:64)
	at com.kms.katalon.core.webui.keyword.builtin.VerifyTextPresentKeyword$_verifyTextPresent_closure1.doCall(VerifyTextPresentKeyword.groovy:79)
	at com.kms.katalon.core.webui.keyword.builtin.VerifyTextPresentKeyword$_verifyTextPresent_closure1.call(VerifyTextPresentKeyword.groovy)
	at com.kms.katalon.core.webui.keyword.internal.WebUIKeywordMain.runKeyword(WebUIKeywordMain.groovy:20)
	at com.kms.katalon.core.webui.keyword.builtin.VerifyTextPresentKeyword.verifyTextPresent(VerifyTextPresentKeyword.groovy:83)
	at com.kms.katalon.core.webui.keyword.builtin.VerifyTextPresentKeyword.execute(VerifyTextPresentKeyword.groovy:68)
	at com.kms.katalon.core.keyword.internal.KeywordExecutor.executeKeywordForPlatform(KeywordExecutor.groovy:72)
	at com.kms.katalon.core.webui.keyword.WebUiBuiltInKeywords.verifyTextPresent(WebUiBuiltInKeywords.groovy:1719)
	at com.kms.katalon.core.webui.keyword.WebUiBuiltInKeywords$verifyTextPresent$2.call(Unknown Source)
	at Members_Activity_Overview.run(Members_Activity_Overview:48)
	at com.kms.katalon.core.main.ScriptEngine.run(ScriptEngine.java:194)
	at com.kms.katalon.core.main.ScriptEngine.runScriptAsRawText(ScriptEngine.java:119)
	at com.kms.katalon.core.main.TestCaseExecutor.runScript(TestCaseExecutor.java:337)
	at com.kms.katalon.core.main.TestCaseExecutor.doExecute(TestCaseExecutor.java:328)
	at com.kms.katalon.core.main.TestCaseExecutor.processExecutionPhase(TestCaseExecutor.java:307)
	at com.kms.katalon.core.main.TestCaseExecutor.accessMainPhase(TestCaseExecutor.java:299)
	at com.kms.katalon.core.main.TestCaseExecutor.execute(TestCaseExecutor.java:233)
	at com.kms.katalon.core.main.TestCaseMain.runTestCase(TestCaseMain.java:114)
	at com.kms.katalon.core.keyword.builtin.CallTestCaseKeyword$_callTestCase_closure1.doCall(CallTestCaseKeyword.groovy:59)
	at com.kms.katalon.core.keyword.builtin.CallTestCaseKeyword$_callTestCase_closure1.call(CallTestCaseKeyword.groovy)
	at com.kms.katalon.core.keyword.internal.KeywordMain.runKeyword(KeywordMain.groovy:68)
	at com.kms.katalon.core.keyword.builtin.CallTestCaseKeyword.callTestCase(CallTestCaseKeyword.groovy:81)
	at com.kms.katalon.core.keyword.builtin.CallTestCaseKeyword.execute(CallTestCaseKeyword.groovy:44)
	at com.kms.katalon.core.keyword.internal.KeywordExecutor.executeKeywordForPlatform(KeywordExecutor.groovy:72)
	at com.kms.katalon.core.keyword.BuiltinKeywords.callTestCase(BuiltinKeywords.groovy:334)
	at Members_Activity_Overview.run(Members_Activity_Overview:64)
	at com.kms.katalon.core.main.ScriptEngine.run(ScriptEngine.java:194)
	at com.kms.katalon.core.main.ScriptEngine.runScriptAsRawText(ScriptEngine.java:119)
	at com.kms.katalon.core.main.TestCaseExecutor.runScript(TestCaseExecutor.java:337)
	at com.kms.katalon.core.main.TestCaseExecutor.doExecute(TestCaseExecutor.java:328)
	at com.kms.katalon.core.main.TestCaseExecutor.processExecutionPhase(TestCaseExecutor.java:307)
	at com.kms.katalon.core.main.TestCaseExecutor.accessMainPhase(TestCaseExecutor.java:299)
	at com.kms.katalon.core.main.TestCaseExecutor.execute(TestCaseExecutor.java:233)
	at com.kms.katalon.core.main.TestSuiteExecutor.accessTestCaseMainPhase(TestSuiteExecutor.java:169)
	at com.kms.katalon.core.main.TestSuiteExecutor.accessTestSuiteMainPhase(TestSuiteExecutor.java:142)
	at com.kms.katalon.core.main.TestSuiteExecutor.execute(TestSuiteExecutor.java:91)
	at com.kms.katalon.core.main.TestCaseMain.startTestSuite(TestCaseMain.java:157)
	at com.kms.katalon.core.main.TestCaseMain$startTestSuite$0.call(Unknown Source)
	at TempTestSuite1587991913277.run(TempTestSuite1587991913277.groovy:37)
)

2020-04-27 14:18:46 - [TEST_STEP][PASSED] - "----------------------------------------------": null

2020-04-27 14:18:46 - [TEST_STEP][PASSED] - verifyTextPresent("Things to review:", false): Text 'Things to review:' is present on page 

2020-04-27 14:18:46 - [MESSAGE][PASSED] - Text 'Things to review:' is present on page 

2020-04-27 14:18:46 - [TEST_STEP][PASSED] - verifyTextPresent("Feedback to review", false): Text 'Feedback to review' is present on page 

2020-04-27 14:18:46 - [MESSAGE][PASSED] - Text 'Feedback to review' is present on page 

2020-04-27 14:18:46 - [TEST_STEP][PASSED] - "----------------------------------------------": null

2020-04-27 14:18:46 - [TEST_STEP][PASSED] - verifyTextPresent("Recent members photos:", false): Text 'Recent members photos:' is present on page 

2020-04-27 14:18:46 - [MESSAGE][PASSED] - Text 'Recent members photos:' is present on page 

2020-04-27 14:18:46 - [TEST_STEP][PASSED] - verifyTextPresent("Members area forum activity:", false): Text 'Members area forum activity:' is present on page 

2020-04-27 14:18:46 - [MESSAGE][PASSED] - Text 'Members area forum activity:' is present on page 

2020-04-27 14:18:46 - [TEST_STEP][PASSED] - verifyTextPresent("Members joining", false): Text 'Members joining' is present on page 

2020-04-27 14:18:46 - [MESSAGE][PASSED] - Text 'Members joining' is present on page 

2020-04-27 14:18:46 - [TEST_STEP][PASSED] - verifyTextPresent("and leaving", false): Text 'and leaving' is present on page 

2020-04-27 14:18:47 - [MESSAGE][PASSED] - Text 'and leaving' is present on page 

2020-04-27 14:18:47 - [MESSAGE][WARNING] - Unable to call Test Case 'Test Cases/Reusable_Test_Sequences/Web_Office/Verification/Reports/Members_Activity_Overview' (Root cause: com.kms.katalon.core.exception.StepFailedException: Call Test Case 'Test Cases/Reusable_Test_Sequences/Web_Office/Verification/Reports/Members_Activity_Overview' failed
	at com.kms.katalon.core.keyword.builtin.CallTestCaseKeyword$_callTestCase_closure1.doCall(CallTestCaseKeyword.groovy:63)
	at com.kms.katalon.core.keyword.builtin.CallTestCaseKeyword$_callTestCase_closure1.call(CallTestCaseKeyword.groovy)
	at com.kms.katalon.core.keyword.internal.KeywordMain.runKeyword(KeywordMain.groovy:68)
	at com.kms.katalon.core.keyword.builtin.CallTestCaseKeyword.callTestCase(CallTestCaseKeyword.groovy:81)
	at com.kms.katalon.core.keyword.builtin.CallTestCaseKeyword.execute(CallTestCaseKeyword.groovy:44)
	at com.kms.katalon.core.keyword.internal.KeywordExecutor.executeKeywordForPlatform(KeywordExecutor.groovy:72)
	at com.kms.katalon.core.keyword.BuiltinKeywords.callTestCase(BuiltinKeywords.groovy:334)
	at Members_Activity_Overview.run(Members_Activity_Overview:64)
	at com.kms.katalon.core.main.ScriptEngine.run(ScriptEngine.java:194)
	at com.kms.katalon.core.main.ScriptEngine.runScriptAsRawText(ScriptEngine.java:119)
	at com.kms.katalon.core.main.TestCaseExecutor.runScript(TestCaseExecutor.java:337)
	at com.kms.katalon.core.main.TestCaseExecutor.doExecute(TestCaseExecutor.java:328)
	at com.kms.katalon.core.main.TestCaseExecutor.processExecutionPhase(TestCaseExecutor.java:307)
	at com.kms.katalon.core.main.TestCaseExecutor.accessMainPhase(TestCaseExecutor.java:299)
	at com.kms.katalon.core.main.TestCaseExecutor.execute(TestCaseExecutor.java:233)
	at com.kms.katalon.core.main.TestSuiteExecutor.accessTestCaseMainPhase(TestSuiteExecutor.java:169)
	at com.kms.katalon.core.main.TestSuiteExecutor.accessTestSuiteMainPhase(TestSuiteExecutor.java:142)
	at com.kms.katalon.core.main.TestSuiteExecutor.execute(TestSuiteExecutor.java:91)
	at com.kms.katalon.core.main.TestCaseMain.startTestSuite(TestCaseMain.java:157)
	at com.kms.katalon.core.main.TestCaseMain$startTestSuite$0.call(Unknown Source)
	at TempTestSuite1587991913277.run(TempTestSuite1587991913277.groovy:37)
Caused by: com.kms.katalon.core.exception.StepFailedException: Text 'Good Morning!' is not present on page  (Root cause: com.kms.katalon.core.exception.StepFailedException: Text 'Good Morning!' is not present on page 
	at com.kms.katalon.core.webui.keyword.internal.WebUIKeywordMain.stepFailed(WebUIKeywordMain.groovy:64)
	at com.kms.katalon.core.webui.keyword.builtin.VerifyTextPresentKeyword$_verifyTextPresent_closure1.doCall(VerifyTextPresentKeyword.groovy:79)
	at com.kms.katalon.core.webui.keyword.builtin.VerifyTextPresentKeyword$_verifyTextPresent_closure1.call(VerifyTextPresentKeyword.groovy)
	at com.kms.katalon.core.webui.keyword.internal.WebUIKeywordMain.runKeyword(WebUIKeywordMain.groovy:20)
	at com.kms.katalon.core.webui.keyword.builtin.VerifyTextPresentKeyword.verifyTextPresent(VerifyTextPresentKeyword.groovy:83)
	at com.kms.katalon.core.webui.keyword.builtin.VerifyTextPresentKeyword.execute(VerifyTextPresentKeyword.groovy:68)
	at com.kms.katalon.core.keyword.internal.KeywordExecutor.executeKeywordForPlatform(KeywordExecutor.groovy:72)
	at com.kms.katalon.core.webui.keyword.WebUiBuiltInKeywords.verifyTextPresent(WebUiBuiltInKeywords.groovy:1719)
	at com.kms.katalon.core.webui.keyword.WebUiBuiltInKeywords$verifyTextPresent$2.call(Unknown Source)
	at Members_Activity_Overview.run(Members_Activity_Overview:48)
	at com.kms.katalon.core.main.ScriptEngine.run(ScriptEngine.java:194)
	at com.kms.katalon.core.main.ScriptEngine.runScriptAsRawText(ScriptEngine.java:119)
	at com.kms.katalon.core.main.TestCaseExecutor.runScript(TestCaseExecutor.java:337)
	at com.kms.katalon.core.main.TestCaseExecutor.doExecute(TestCaseExecutor.java:328)
	at com.kms.katalon.core.main.TestCaseExecutor.processExecutionPhase(TestCaseExecutor.java:307)
	at com.kms.katalon.core.main.TestCaseExecutor.accessMainPhase(TestCaseExecutor.java:299)
	at com.kms.katalon.core.main.TestCaseExecutor.execute(TestCaseExecutor.java:233)
	at com.kms.katalon.core.main.TestCaseMain.runTestCase(TestCaseMain.java:114)
	at com.kms.katalon.core.keyword.builtin.CallTestCaseKeyword$_callTestCase_closure1.doCall(CallTestCaseKeyword.groovy:59)
	at com.kms.katalon.core.keyword.builtin.CallTestCaseKeyword$_callTestCase_closure1.call(CallTestCaseKeyword.groovy)
	at com.kms.katalon.core.keyword.internal.KeywordMain.runKeyword(KeywordMain.groovy:68)
	at com.kms.katalon.core.keyword.builtin.CallTestCaseKeyword.callTestCase(CallTestCaseKeyword.groovy:81)
	at com.kms.katalon.core.keyword.builtin.CallTestCaseKeyword.execute(CallTestCaseKeyword.groovy:44)
	at com.kms.katalon.core.keyword.internal.KeywordExecutor.executeKeywordForPlatform(KeywordExecutor.groovy:72)
	at com.kms.katalon.core.keyword.BuiltinKeywords.callTestCase(BuiltinKeywords.groovy:334)
	at Members_Activity_Overview.run(Members_Activity_Overview:64)
	at com.kms.katalon.core.main.ScriptEngine.run(ScriptEngine.java:194)
	at com.kms.katalon.core.main.ScriptEngine.runScriptAsRawText(ScriptEngine.java:119)
	at com.kms.katalon.core.main.TestCaseExecutor.runScript(TestCaseExecutor.java:337)
	at com.kms.katalon.core.main.TestCaseExecutor.doExecute(TestCaseExecutor.java:328)
	at com.kms.katalon.core.main.TestCaseExecutor.processExecutionPhase(TestCaseExecutor.java:307)
	at com.kms.katalon.core.main.TestCaseExecutor.accessMainPhase(TestCaseExecutor.java:299)
	at com.kms.katalon.core.main.TestCaseExecutor.execute(TestCaseExecutor.java:233)
	at com.kms.katalon.core.main.TestSuiteExecutor.accessTestCaseMainPhase(TestSuiteExecutor.java:169)
	at com.kms.katalon.core.main.TestSuiteExecutor.accessTestSuiteMainPhase(TestSuiteExecutor.java:142)
	at com.kms.katalon.core.main.TestSuiteExecutor.execute(TestSuiteExecutor.java:91)
	at com.kms.katalon.core.main.TestCaseMain.startTestSuite(TestCaseMain.java:157)
	at com.kms.katalon.core.main.TestCaseMain$startTestSuite$0.call(Unknown Source)
	at TempTestSuite1587991913277.run(TempTestSuite1587991913277.groovy:37)
)
	at com.kms.katalon.core.keyword.internal.KeywordMain.stepFailed(KeywordMain.groovy:39)
	at com.kms.katalon.core.webui.keyword.internal.WebUIKeywordMain.stepFailed(WebUIKeywordMain.groovy:64)
	at com.kms.katalon.core.webui.keyword.builtin.VerifyTextPresentKeyword$_verifyTextPresent_closure1.doCall(VerifyTextPresentKeyword.groovy:79)
	at com.kms.katalon.core.webui.keyword.builtin.VerifyTextPresentKeyword$_verifyTextPresent_closure1.call(VerifyTextPresentKeyword.groovy)
	at com.kms.katalon.core.webui.keyword.internal.WebUIKeywordMain.runKeyword(WebUIKeywordMain.groovy:20)
	at com.kms.katalon.core.webui.keyword.builtin.VerifyTextPresentKeyword.verifyTextPresent(VerifyTextPresentKeyword.groovy:83)
	at com.kms.katalon.core.webui.keyword.builtin.VerifyTextPresentKeyword.execute(VerifyTextPresentKeyword.groovy:68)
	at com.kms.katalon.core.keyword.internal.KeywordExecutor.executeKeywordForPlatform(KeywordExecutor.groovy:72)
	at com.kms.katalon.core.webui.keyword.WebUiBuiltInKeywords.verifyTextPresent(WebUiBuiltInKeywords.groovy:1719)
	at com.kms.katalon.core.webui.keyword.WebUiBuiltInKeywords$verifyTextPresent$2.call(Unknown Source)
	at Members_Activity_Overview.run(Members_Activity_Overview:48)
	at com.kms.katalon.core.main.ScriptEngine.run(ScriptEngine.java:194)
	at com.kms.katalon.core.main.ScriptEngine.runScriptAsRawText(ScriptEngine.java:119)
	at com.kms.katalon.core.main.TestCaseExecutor.runScript(TestCaseExecutor.java:337)
	at com.kms.katalon.core.main.TestCaseExecutor.doExecute(TestCaseExecutor.java:328)
	at com.kms.katalon.core.main.TestCaseExecutor.processExecutionPhase(TestCaseExecutor.java:307)
	at com.kms.katalon.core.main.TestCaseExecutor.accessMainPhase(TestCaseExecutor.java:299)
	at com.kms.katalon.core.main.TestCaseExecutor.execute(TestCaseExecutor.java:233)
	at com.kms.katalon.core.main.TestCaseMain.runTestCase(TestCaseMain.java:114)
	at com.kms.katalon.core.keyword.builtin.CallTestCaseKeyword$_callTestCase_closure1.doCall(CallTestCaseKeyword.groovy:59)
	... 20 more
Caused by: com.kms.katalon.core.exception.StepFailedException: Text 'Good Morning!' is not present on page 
	... 39 more
)

2020-04-27 14:18:47 - [TEST_STEP][PASSED] - "--------------------------": null

2020-04-27 14:18:47 - [TEST_STEP][PASSED] - " Teardown - CLose Browser |": null

2020-04-27 14:18:47 - [TEST_STEP][PASSED] - callTestCase(findTestCase("Reusable_Test_Sequences/CAT_Teardown"), [:], OPTIONAL): Call Test Case 'Test Cases/Reusable_Test_Sequences/CAT_Teardown' successfully

2020-04-27 14:18:47 - [TEST_CASE][PASSED] - Test Cases/Reusable_Test_Sequences/CAT_Teardown: Test Cases/Reusable_Test_Sequences/CAT_Teardown

2020-04-27 14:18:47 - [TEST_STEP][PASSED] - closeBrowser(): Browser is closed

2020-04-27 14:18:48 - [MESSAGE][PASSED] - Browser is closed

2020-04-27 14:18:48 - [TEST_STEP][PASSED] - super.finalize(): null

2020-04-27 14:18:48 - [TEST_STEP][PASSED] - System.gc(): null

2020-04-27 14:18:49 - [MESSAGE][PASSED] - Call Test Case 'Test Cases/Reusable_Test_Sequences/CAT_Teardown' successfully]]></system-out>
         <system-err><![CDATA[]]></system-err>
      </testcase>
      <testcase name="Test Cases/Web_Office/Reports/Members_Activity_Participants" time="15.642" classname="Test Cases/Web_Office/Reports/Members_Activity_Participants" status="PASSED">
         <system-out><![CDATA[2020-04-27 14:18:49 - [TEST_CASE][PASSED] - Test Cases/Web_Office/Reports/Members_Activity_Participants: Test Cases/Web_Office/Reports/Members_Activity_Participants

2020-04-27 14:18:49 - [TEST_STEP][PASSED] - "--------------------------------------": null

2020-04-27 14:18:49 - [TEST_STEP][PASSED] - " Web Office StartUp                  |": null

2020-04-27 14:18:49 - [TEST_STEP][PASSED] - callTestCase(findTestCase("Reusable_Test_Sequences/Web_Office/Directives/WebOffice_StartUp"), [:], STOP_ON_FAILURE): Call Test Case 'Test Cases/Reusable_Test_Sequences/Web_Office/Directives/WebOffice_StartUp' successfully

2020-04-27 14:18:49 - [TEST_CASE][PASSED] - Test Cases/Reusable_Test_Sequences/Web_Office/Directives/WebOffice_StartUp: Test Cases/Reusable_Test_Sequences/Web_Office/Directives/WebOffice_StartUp

2020-04-27 14:18:49 - [TEST_STEP][PASSED] - "-----------------------------------------------------------------------------": null

2020-04-27 14:18:49 - [TEST_STEP][PASSED] - if (URL == "https://www.dev.checkatrade.com/"): null

2020-04-27 14:18:49 - [TEST_STEP][PASSED] - "-----------------------------------------------------------------------------": null

2020-04-27 14:18:49 - [TEST_STEP][PASSED] - if (URL == "https://www.checkatrade.com/"): null

2020-04-27 14:18:49 - [TEST_STEP][PASSED] - "-----------------------------------------------------------------------------": null

2020-04-27 14:18:49 - [TEST_STEP][PASSED] - if (URL == "https://www.preview.checkatrade.com/"): null

2020-04-27 14:18:49 - [TEST_STEP][PASSED] - WebOfficeURL = "https://admin.preview.checkatrade.com/": null

2020-04-27 14:18:49 - [TEST_STEP][PASSED] - if (URL == "https://www.dev2.checkatrade.com/"): null

2020-04-27 14:18:49 - [TEST_STEP][PASSED] - "Set Function Area for "URL_Handler", URL Resolution": null

2020-04-27 14:18:49 - [TEST_STEP][PASSED] - "Do Some Magic with URL(s) See the comments within URL Handler ": null

2020-04-27 14:18:49 - [TEST_STEP][PASSED] - "------------------------------------------------": null

2020-04-27 14:18:49 - [TEST_STEP][PASSED] - "Moved Login Credentials to <Default> profile 22/01/2020": null

2020-04-27 14:18:49 - [TEST_STEP][PASSED] - "------------------------------------------------": null

2020-04-27 14:18:49 - [TEST_STEP][PASSED] - "WebOfficeURL - Set from the ENVIRONMENT PROFILE ": null

2020-04-27 14:18:49 - [TEST_STEP][PASSED] - "OPEN BROWSER": null

2020-04-27 14:18:49 - [TEST_STEP][PASSED] - "eg - https://admin.preview.checkatrade.com/  ": null

2020-04-27 14:18:49 - [TEST_STEP][PASSED] - openBrowser(WebOfficeURL): Browser is opened with url: 'https://admin.preview.checkatrade.com/'

2020-04-27 14:18:49 - [MESSAGE][INFO] - Starting 'Chrome' driver

2020-04-27 14:18:49 - [MESSAGE][INFO] - Action delay is set to 0 milliseconds

2020-04-27 14:18:54 - [MESSAGE][PASSED] - Browser is opened with url: 'https://admin.preview.checkatrade.com/'

2020-04-27 14:18:54 - [TEST_STEP][PASSED] - maximizeWindow(): Current window maximized

2020-04-27 14:18:56 - [MESSAGE][PASSED] - Current window maximized

2020-04-27 14:18:56 - [TEST_STEP][PASSED] - waitForElementClickable(findTestObject("Object Repository/WebOffice/Page_Checkatrade - Administration - Login/Login_Button"), 25): Object 'Object Repository/WebOffice/Page_Checkatrade - Administration - Login/Login_Button' is clickable

2020-04-27 14:18:56 - [MESSAGE][PASSED] - Object 'Object Repository/WebOffice/Page_Checkatrade - Administration - Login/Login_Button' is clickable

2020-04-27 14:18:56 - [TEST_STEP][PASSED] - verifyTextPresent("Checkatrade Web Office", false): Text 'Checkatrade Web Office' is present on page 

2020-04-27 14:18:56 - [MESSAGE][PASSED] - Text 'Checkatrade Web Office' is present on page 

2020-04-27 14:18:56 - [TEST_STEP][PASSED] - verifyTextPresent("Access for staff use only", false): Text 'Access for staff use only' is present on page 

2020-04-27 14:18:56 - [MESSAGE][PASSED] - Text 'Access for staff use only' is present on page 

2020-04-27 14:18:56 - [TEST_STEP][PASSED] - verifyTextPresent("Forgotten password?", false): Text 'Forgotten password?' is present on page 

2020-04-27 14:18:56 - [MESSAGE][PASSED] - Text 'Forgotten password?' is present on page 

2020-04-27 14:18:56 - [TEST_STEP][PASSED] - setText(findTestObject("Object Repository/WebOffice/Page_Checkatrade - Administration - Login/input_Username_LoginControlUserName"), wo_Username): Text 'DavidHo' is set on object 'Object Repository/WebOffice/Page_Checkatrade - Administration - Login/input_Username_LoginControlUserName'

2020-04-27 14:18:56 - [MESSAGE][PASSED] - Text 'DavidHo' is set on object 'Object Repository/WebOffice/Page_Checkatrade - Administration - Login/input_Username_LoginControlUserName'

2020-04-27 14:18:56 - [TEST_STEP][PASSED] - setText(findTestObject("Object Repository/WebOffice/Page_Checkatrade - Administration - Login/input_Password_LoginControlPassword"), wo_Password): Text 'Check123' is set on object 'Object Repository/WebOffice/Page_Checkatrade - Administration - Login/input_Password_LoginControlPassword'

2020-04-27 14:18:56 - [MESSAGE][PASSED] - Text 'Check123' is set on object 'Object Repository/WebOffice/Page_Checkatrade - Administration - Login/input_Password_LoginControlPassword'

2020-04-27 14:18:56 - [TEST_STEP][PASSED] - click(findTestObject("Object Repository/WebOffice/Page_Checkatrade - Administration - Login/Login_Button")): Object: 'Object Repository/WebOffice/Page_Checkatrade - Administration - Login/Login_Button' is clicked on

2020-04-27 14:18:57 - [MESSAGE][PASSED] - Object: 'Object Repository/WebOffice/Page_Checkatrade - Administration - Login/Login_Button' is clicked on

2020-04-27 14:18:57 - [TEST_STEP][PASSED] - waitForPageLoad(60): Wait for page load successfully

2020-04-27 14:18:57 - [MESSAGE][PASSED] - Wait for page load successfully

2020-04-27 14:18:57 - [TEST_STEP][PASSED] - verifyTextPresent("Welcome " + wo_Username, false): Text 'Welcome DavidHo' is present on page 

2020-04-27 14:18:58 - [MESSAGE][PASSED] - Text 'Welcome DavidHo' is present on page 

2020-04-27 14:18:58 - [MESSAGE][PASSED] - Call Test Case 'Test Cases/Reusable_Test_Sequences/Web_Office/Directives/WebOffice_StartUp' successfully

2020-04-27 14:18:58 - [TEST_STEP][PASSED] - "-----------------------------------------------------------------": null

2020-04-27 14:18:58 - [TEST_STEP][PASSED] - " Navigate to <Settings->Checkatrade.Com->Sub Item> Menu Item     |": null

2020-04-27 14:18:58 - [TEST_STEP][PASSED] - callTestCase(findTestCase("Reusable_Test_Sequences/Web_Office/Navigation/Sub_Menu_Navigation/Reports/Members_Activity_Participants"), [:], STOP_ON_FAILURE): Call Test Case 'Test Cases/Reusable_Test_Sequences/Web_Office/Navigation/Sub_Menu_Navigation/Reports/Members_Activity_Participants' successfully

2020-04-27 14:18:58 - [TEST_CASE][PASSED] - Test Cases/Reusable_Test_Sequences/Web_Office/Navigation/Sub_Menu_Navigation/Reports/Members_Activity_Participants: Test Cases/Reusable_Test_Sequences/Web_Office/Navigation/Sub_Menu_Navigation/Reports/Members_Activity_Participants

2020-04-27 14:18:58 - [TEST_STEP][PASSED] - "--------------------------------------": null

2020-04-27 14:18:58 - [TEST_STEP][PASSED] - " Navigate Top level menu Item         |": null

2020-04-27 14:18:58 - [TEST_STEP][PASSED] - waitForPageLoad(60): Wait for page load successfully

2020-04-27 14:18:58 - [MESSAGE][PASSED] - Wait for page load successfully

2020-04-27 14:18:58 - [TEST_STEP][PASSED] - waitForElementClickable(findTestObject("Object Repository/WebOffice_Home_page/a_Reports"), 60): Object 'Object Repository/WebOffice_Home_page/a_Reports' is clickable

2020-04-27 14:18:58 - [MESSAGE][PASSED] - Object 'Object Repository/WebOffice_Home_page/a_Reports' is clickable

2020-04-27 14:18:58 - [TEST_STEP][PASSED] - mouseOver(findTestObject("Object Repository/WebOffice_Home_page/a_Reports")): Object: 'Object Repository/WebOffice_Home_page/a_Reports' is hovered

2020-04-27 14:18:59 - [MESSAGE][PASSED] - Object: 'Object Repository/WebOffice_Home_page/a_Reports' is hovered

2020-04-27 14:18:59 - [TEST_STEP][PASSED] - click(findTestObject("Object Repository/WebOffice_Home_page/Page_/a_Members")): Object: 'Object Repository/WebOffice_Home_page/Page_/a_Members' is clicked on

2020-04-27 14:18:59 - [MESSAGE][PASSED] - Object: 'Object Repository/WebOffice_Home_page/Page_/a_Members' is clicked on

2020-04-27 14:18:59 - [TEST_STEP][PASSED] - click(findTestObject("Object Repository/WebOffice_Home_page/Page_/a_Members Area Activity")): Object: 'Object Repository/WebOffice_Home_page/Page_/a_Members Area Activity' is clicked on

2020-04-27 14:18:59 - [MESSAGE][PASSED] - Object: 'Object Repository/WebOffice_Home_page/Page_/a_Members Area Activity' is clicked on

2020-04-27 14:18:59 - [TEST_STEP][PASSED] - waitForPageLoad(5): Wait for page load successfully

2020-04-27 14:18:59 - [MESSAGE][PASSED] - Wait for page load successfully

2020-04-27 14:18:59 - [TEST_STEP][PASSED] - waitForElementClickable(findTestObject("Object Repository/WebOffice_Home_page/Page_/a_Participants Report"), 5): Object 'Object Repository/WebOffice_Home_page/Page_/a_Participants Report' is clickable

2020-04-27 14:18:59 - [MESSAGE][PASSED] - Object 'Object Repository/WebOffice_Home_page/Page_/a_Participants Report' is clickable

2020-04-27 14:18:59 - [TEST_STEP][PASSED] - click(findTestObject("Object Repository/WebOffice_Home_page/Page_/a_Participants Report")): Object: 'Object Repository/WebOffice_Home_page/Page_/a_Participants Report' is clicked on

2020-04-27 14:19:00 - [MESSAGE][PASSED] - Object: 'Object Repository/WebOffice_Home_page/Page_/a_Participants Report' is clicked on

2020-04-27 14:19:00 - [MESSAGE][PASSED] - Call Test Case 'Test Cases/Reusable_Test_Sequences/Web_Office/Navigation/Sub_Menu_Navigation/Reports/Members_Activity_Participants' successfully

2020-04-27 14:19:00 - [TEST_STEP][PASSED] - "--------------------------------------": null

2020-04-27 14:19:00 - [TEST_STEP][PASSED] - " Verify Returned Page Detail          |": null

2020-04-27 14:19:00 - [TEST_STEP][PASSED] - callTestCase(findTestCase("Reusable_Test_Sequences/Web_Office/Verification/Reports/Members_Activity_Participants"), [:], OPTIONAL): Unable to call Test Case 'Test Cases/Reusable_Test_Sequences/Web_Office/Verification/Reports/Members_Activity_Participants' (Root cause: com.kms.katalon.core.exception.StepFailedException: Call Test Case 'Test Cases/Reusable_Test_Sequences/Web_Office/Verification/Reports/Members_Activity_Participants' failed
	at com.kms.katalon.core.keyword.builtin.CallTestCaseKeyword$_callTestCase_closure1.doCall(CallTestCaseKeyword.groovy:63)
	at com.kms.katalon.core.keyword.builtin.CallTestCaseKeyword$_callTestCase_closure1.call(CallTestCaseKeyword.groovy)
	at com.kms.katalon.core.keyword.internal.KeywordMain.runKeyword(KeywordMain.groovy:68)
	at com.kms.katalon.core.keyword.builtin.CallTestCaseKeyword.callTestCase(CallTestCaseKeyword.groovy:81)
	at com.kms.katalon.core.keyword.builtin.CallTestCaseKeyword.execute(CallTestCaseKeyword.groovy:44)
	at com.kms.katalon.core.keyword.internal.KeywordExecutor.executeKeywordForPlatform(KeywordExecutor.groovy:72)
	at com.kms.katalon.core.keyword.BuiltinKeywords.callTestCase(BuiltinKeywords.groovy:334)
	at Members_Activity_Participants.run(Members_Activity_Participants:64)
	at com.kms.katalon.core.main.ScriptEngine.run(ScriptEngine.java:194)
	at com.kms.katalon.core.main.ScriptEngine.runScriptAsRawText(ScriptEngine.java:119)
	at com.kms.katalon.core.main.TestCaseExecutor.runScript(TestCaseExecutor.java:337)
	at com.kms.katalon.core.main.TestCaseExecutor.doExecute(TestCaseExecutor.java:328)
	at com.kms.katalon.core.main.TestCaseExecutor.processExecutionPhase(TestCaseExecutor.java:307)
	at com.kms.katalon.core.main.TestCaseExecutor.accessMainPhase(TestCaseExecutor.java:299)
	at com.kms.katalon.core.main.TestCaseExecutor.execute(TestCaseExecutor.java:233)
	at com.kms.katalon.core.main.TestSuiteExecutor.accessTestCaseMainPhase(TestSuiteExecutor.java:169)
	at com.kms.katalon.core.main.TestSuiteExecutor.accessTestSuiteMainPhase(TestSuiteExecutor.java:142)
	at com.kms.katalon.core.main.TestSuiteExecutor.execute(TestSuiteExecutor.java:91)
	at com.kms.katalon.core.main.TestCaseMain.startTestSuite(TestCaseMain.java:157)
	at com.kms.katalon.core.main.TestCaseMain$startTestSuite$0.call(Unknown Source)
	at TempTestSuite1587991913277.run(TempTestSuite1587991913277.groovy:37)
Caused by: com.kms.katalon.core.exception.StepFailedException: Text 'Good Morning!' is not present on page  (Root cause: com.kms.katalon.core.exception.StepFailedException: Text 'Good Morning!' is not present on page 
	at com.kms.katalon.core.webui.keyword.internal.WebUIKeywordMain.stepFailed(WebUIKeywordMain.groovy:64)
	at com.kms.katalon.core.webui.keyword.builtin.VerifyTextPresentKeyword$_verifyTextPresent_closure1.doCall(VerifyTextPresentKeyword.groovy:79)
	at com.kms.katalon.core.webui.keyword.builtin.VerifyTextPresentKeyword$_verifyTextPresent_closure1.call(VerifyTextPresentKeyword.groovy)
	at com.kms.katalon.core.webui.keyword.internal.WebUIKeywordMain.runKeyword(WebUIKeywordMain.groovy:20)
	at com.kms.katalon.core.webui.keyword.builtin.VerifyTextPresentKeyword.verifyTextPresent(VerifyTextPresentKeyword.groovy:83)
	at com.kms.katalon.core.webui.keyword.builtin.VerifyTextPresentKeyword.execute(VerifyTextPresentKeyword.groovy:68)
	at com.kms.katalon.core.keyword.internal.KeywordExecutor.executeKeywordForPlatform(KeywordExecutor.groovy:72)
	at com.kms.katalon.core.webui.keyword.WebUiBuiltInKeywords.verifyTextPresent(WebUiBuiltInKeywords.groovy:1719)
	at com.kms.katalon.core.webui.keyword.WebUiBuiltInKeywords$verifyTextPresent$2.call(Unknown Source)
	at Members_Activity_Participants.run(Members_Activity_Participants:49)
	at com.kms.katalon.core.main.ScriptEngine.run(ScriptEngine.java:194)
	at com.kms.katalon.core.main.ScriptEngine.runScriptAsRawText(ScriptEngine.java:119)
	at com.kms.katalon.core.main.TestCaseExecutor.runScript(TestCaseExecutor.java:337)
	at com.kms.katalon.core.main.TestCaseExecutor.doExecute(TestCaseExecutor.java:328)
	at com.kms.katalon.core.main.TestCaseExecutor.processExecutionPhase(TestCaseExecutor.java:307)
	at com.kms.katalon.core.main.TestCaseExecutor.accessMainPhase(TestCaseExecutor.java:299)
	at com.kms.katalon.core.main.TestCaseExecutor.execute(TestCaseExecutor.java:233)
	at com.kms.katalon.core.main.TestCaseMain.runTestCase(TestCaseMain.java:114)
	at com.kms.katalon.core.keyword.builtin.CallTestCaseKeyword$_callTestCase_closure1.doCall(CallTestCaseKeyword.groovy:59)
	at com.kms.katalon.core.keyword.builtin.CallTestCaseKeyword$_callTestCase_closure1.call(CallTestCaseKeyword.groovy)
	at com.kms.katalon.core.keyword.internal.KeywordMain.runKeyword(KeywordMain.groovy:68)
	at com.kms.katalon.core.keyword.builtin.CallTestCaseKeyword.callTestCase(CallTestCaseKeyword.groovy:81)
	at com.kms.katalon.core.keyword.builtin.CallTestCaseKeyword.execute(CallTestCaseKeyword.groovy:44)
	at com.kms.katalon.core.keyword.internal.KeywordExecutor.executeKeywordForPlatform(KeywordExecutor.groovy:72)
	at com.kms.katalon.core.keyword.BuiltinKeywords.callTestCase(BuiltinKeywords.groovy:334)
	at Members_Activity_Participants.run(Members_Activity_Participants:64)
	at com.kms.katalon.core.main.ScriptEngine.run(ScriptEngine.java:194)
	at com.kms.katalon.core.main.ScriptEngine.runScriptAsRawText(ScriptEngine.java:119)
	at com.kms.katalon.core.main.TestCaseExecutor.runScript(TestCaseExecutor.java:337)
	at com.kms.katalon.core.main.TestCaseExecutor.doExecute(TestCaseExecutor.java:328)
	at com.kms.katalon.core.main.TestCaseExecutor.processExecutionPhase(TestCaseExecutor.java:307)
	at com.kms.katalon.core.main.TestCaseExecutor.accessMainPhase(TestCaseExecutor.java:299)
	at com.kms.katalon.core.main.TestCaseExecutor.execute(TestCaseExecutor.java:233)
	at com.kms.katalon.core.main.TestSuiteExecutor.accessTestCaseMainPhase(TestSuiteExecutor.java:169)
	at com.kms.katalon.core.main.TestSuiteExecutor.accessTestSuiteMainPhase(TestSuiteExecutor.java:142)
	at com.kms.katalon.core.main.TestSuiteExecutor.execute(TestSuiteExecutor.java:91)
	at com.kms.katalon.core.main.TestCaseMain.startTestSuite(TestCaseMain.java:157)
	at com.kms.katalon.core.main.TestCaseMain$startTestSuite$0.call(Unknown Source)
	at TempTestSuite1587991913277.run(TempTestSuite1587991913277.groovy:37)
)
	at com.kms.katalon.core.keyword.internal.KeywordMain.stepFailed(KeywordMain.groovy:39)
	at com.kms.katalon.core.webui.keyword.internal.WebUIKeywordMain.stepFailed(WebUIKeywordMain.groovy:64)
	at com.kms.katalon.core.webui.keyword.builtin.VerifyTextPresentKeyword$_verifyTextPresent_closure1.doCall(VerifyTextPresentKeyword.groovy:79)
	at com.kms.katalon.core.webui.keyword.builtin.VerifyTextPresentKeyword$_verifyTextPresent_closure1.call(VerifyTextPresentKeyword.groovy)
	at com.kms.katalon.core.webui.keyword.internal.WebUIKeywordMain.runKeyword(WebUIKeywordMain.groovy:20)
	at com.kms.katalon.core.webui.keyword.builtin.VerifyTextPresentKeyword.verifyTextPresent(VerifyTextPresentKeyword.groovy:83)
	at com.kms.katalon.core.webui.keyword.builtin.VerifyTextPresentKeyword.execute(VerifyTextPresentKeyword.groovy:68)
	at com.kms.katalon.core.keyword.internal.KeywordExecutor.executeKeywordForPlatform(KeywordExecutor.groovy:72)
	at com.kms.katalon.core.webui.keyword.WebUiBuiltInKeywords.verifyTextPresent(WebUiBuiltInKeywords.groovy:1719)
	at com.kms.katalon.core.webui.keyword.WebUiBuiltInKeywords$verifyTextPresent$2.call(Unknown Source)
	at Members_Activity_Participants.run(Members_Activity_Participants:49)
	at com.kms.katalon.core.main.ScriptEngine.run(ScriptEngine.java:194)
	at com.kms.katalon.core.main.ScriptEngine.runScriptAsRawText(ScriptEngine.java:119)
	at com.kms.katalon.core.main.TestCaseExecutor.runScript(TestCaseExecutor.java:337)
	at com.kms.katalon.core.main.TestCaseExecutor.doExecute(TestCaseExecutor.java:328)
	at com.kms.katalon.core.main.TestCaseExecutor.processExecutionPhase(TestCaseExecutor.java:307)
	at com.kms.katalon.core.main.TestCaseExecutor.accessMainPhase(TestCaseExecutor.java:299)
	at com.kms.katalon.core.main.TestCaseExecutor.execute(TestCaseExecutor.java:233)
	at com.kms.katalon.core.main.TestCaseMain.runTestCase(TestCaseMain.java:114)
	at com.kms.katalon.core.keyword.builtin.CallTestCaseKeyword$_callTestCase_closure1.doCall(CallTestCaseKeyword.groovy:59)
	... 20 more
Caused by: com.kms.katalon.core.exception.StepFailedException: Text 'Good Morning!' is not present on page 
	... 39 more
)

2020-04-27 14:19:00 - [TEST_CASE][FAILED] - Test Cases/Reusable_Test_Sequences/Web_Office/Verification/Reports/Members_Activity_Participants: Test Cases/Reusable_Test_Sequences/Web_Office/Verification/Reports/Members_Activity_Participants FAILED.
Reason:
com.kms.katalon.core.exception.StepFailedException: Text 'Good Morning!' is not present on page  (Root cause: com.kms.katalon.core.exception.StepFailedException: Text 'Good Morning!' is not present on page 
	at com.kms.katalon.core.webui.keyword.internal.WebUIKeywordMain.stepFailed(WebUIKeywordMain.groovy:64)
	at com.kms.katalon.core.webui.keyword.builtin.VerifyTextPresentKeyword$_verifyTextPresent_closure1.doCall(VerifyTextPresentKeyword.groovy:79)
	at com.kms.katalon.core.webui.keyword.builtin.VerifyTextPresentKeyword$_verifyTextPresent_closure1.call(VerifyTextPresentKeyword.groovy)
	at com.kms.katalon.core.webui.keyword.internal.WebUIKeywordMain.runKeyword(WebUIKeywordMain.groovy:20)
	at com.kms.katalon.core.webui.keyword.builtin.VerifyTextPresentKeyword.verifyTextPresent(VerifyTextPresentKeyword.groovy:83)
	at com.kms.katalon.core.webui.keyword.builtin.VerifyTextPresentKeyword.execute(VerifyTextPresentKeyword.groovy:68)
	at com.kms.katalon.core.keyword.internal.KeywordExecutor.executeKeywordForPlatform(KeywordExecutor.groovy:72)
	at com.kms.katalon.core.webui.keyword.WebUiBuiltInKeywords.verifyTextPresent(WebUiBuiltInKeywords.groovy:1719)
	at com.kms.katalon.core.webui.keyword.WebUiBuiltInKeywords$verifyTextPresent$2.call(Unknown Source)
	at Members_Activity_Participants.run(Members_Activity_Participants:49)
	at com.kms.katalon.core.main.ScriptEngine.run(ScriptEngine.java:194)
	at com.kms.katalon.core.main.ScriptEngine.runScriptAsRawText(ScriptEngine.java:119)
	at com.kms.katalon.core.main.TestCaseExecutor.runScript(TestCaseExecutor.java:337)
	at com.kms.katalon.core.main.TestCaseExecutor.doExecute(TestCaseExecutor.java:328)
	at com.kms.katalon.core.main.TestCaseExecutor.processExecutionPhase(TestCaseExecutor.java:307)
	at com.kms.katalon.core.main.TestCaseExecutor.accessMainPhase(TestCaseExecutor.java:299)
	at com.kms.katalon.core.main.TestCaseExecutor.execute(TestCaseExecutor.java:233)
	at com.kms.katalon.core.main.TestCaseMain.runTestCase(TestCaseMain.java:114)
	at com.kms.katalon.core.keyword.builtin.CallTestCaseKeyword$_callTestCase_closure1.doCall(CallTestCaseKeyword.groovy:59)
	at com.kms.katalon.core.keyword.builtin.CallTestCaseKeyword$_callTestCase_closure1.call(CallTestCaseKeyword.groovy)
	at com.kms.katalon.core.keyword.internal.KeywordMain.runKeyword(KeywordMain.groovy:68)
	at com.kms.katalon.core.keyword.builtin.CallTestCaseKeyword.callTestCase(CallTestCaseKeyword.groovy:81)
	at com.kms.katalon.core.keyword.builtin.CallTestCaseKeyword.execute(CallTestCaseKeyword.groovy:44)
	at com.kms.katalon.core.keyword.internal.KeywordExecutor.executeKeywordForPlatform(KeywordExecutor.groovy:72)
	at com.kms.katalon.core.keyword.BuiltinKeywords.callTestCase(BuiltinKeywords.groovy:334)
	at Members_Activity_Participants.run(Members_Activity_Participants:64)
	at com.kms.katalon.core.main.ScriptEngine.run(ScriptEngine.java:194)
	at com.kms.katalon.core.main.ScriptEngine.runScriptAsRawText(ScriptEngine.java:119)
	at com.kms.katalon.core.main.TestCaseExecutor.runScript(TestCaseExecutor.java:337)
	at com.kms.katalon.core.main.TestCaseExecutor.doExecute(TestCaseExecutor.java:328)
	at com.kms.katalon.core.main.TestCaseExecutor.processExecutionPhase(TestCaseExecutor.java:307)
	at com.kms.katalon.core.main.TestCaseExecutor.accessMainPhase(TestCaseExecutor.java:299)
	at com.kms.katalon.core.main.TestCaseExecutor.execute(TestCaseExecutor.java:233)
	at com.kms.katalon.core.main.TestSuiteExecutor.accessTestCaseMainPhase(TestSuiteExecutor.java:169)
	at com.kms.katalon.core.main.TestSuiteExecutor.accessTestSuiteMainPhase(TestSuiteExecutor.java:142)
	at com.kms.katalon.core.main.TestSuiteExecutor.execute(TestSuiteExecutor.java:91)
	at com.kms.katalon.core.main.TestCaseMain.startTestSuite(TestCaseMain.java:157)
	at com.kms.katalon.core.main.TestCaseMain$startTestSuite$0.call(Unknown Source)
	at TempTestSuite1587991913277.run(TempTestSuite1587991913277.groovy:37)
)
	at com.kms.katalon.core.keyword.internal.KeywordMain.stepFailed(KeywordMain.groovy:39)
	at com.kms.katalon.core.webui.keyword.internal.WebUIKeywordMain.stepFailed(WebUIKeywordMain.groovy:64)
	at com.kms.katalon.core.webui.keyword.builtin.VerifyTextPresentKeyword$_verifyTextPresent_closure1.doCall(VerifyTextPresentKeyword.groovy:79)
	at com.kms.katalon.core.webui.keyword.builtin.VerifyTextPresentKeyword$_verifyTextPresent_closure1.call(VerifyTextPresentKeyword.groovy)
	at com.kms.katalon.core.webui.keyword.internal.WebUIKeywordMain.runKeyword(WebUIKeywordMain.groovy:20)
	at com.kms.katalon.core.webui.keyword.builtin.VerifyTextPresentKeyword.verifyTextPresent(VerifyTextPresentKeyword.groovy:83)
	at com.kms.katalon.core.webui.keyword.builtin.VerifyTextPresentKeyword.execute(VerifyTextPresentKeyword.groovy:68)
	at com.kms.katalon.core.keyword.internal.KeywordExecutor.executeKeywordForPlatform(KeywordExecutor.groovy:72)
	at com.kms.katalon.core.webui.keyword.WebUiBuiltInKeywords.verifyTextPresent(WebUiBuiltInKeywords.groovy:1719)
	at com.kms.katalon.core.webui.keyword.WebUiBuiltInKeywords$verifyTextPresent$2.call(Unknown Source)
	at Members_Activity_Participants.run(Members_Activity_Participants:49)
	at com.kms.katalon.core.main.ScriptEngine.run(ScriptEngine.java:194)
	at com.kms.katalon.core.main.ScriptEngine.runScriptAsRawText(ScriptEngine.java:119)
	at com.kms.katalon.core.main.TestCaseExecutor.runScript(TestCaseExecutor.java:337)
	at com.kms.katalon.core.main.TestCaseExecutor.doExecute(TestCaseExecutor.java:328)
	at com.kms.katalon.core.main.TestCaseExecutor.processExecutionPhase(TestCaseExecutor.java:307)
	at com.kms.katalon.core.main.TestCaseExecutor.accessMainPhase(TestCaseExecutor.java:299)
	at com.kms.katalon.core.main.TestCaseExecutor.execute(TestCaseExecutor.java:233)
	at com.kms.katalon.core.main.TestCaseMain.runTestCase(TestCaseMain.java:114)
	at com.kms.katalon.core.keyword.builtin.CallTestCaseKeyword$_callTestCase_closure1.doCall(CallTestCaseKeyword.groovy:59)
	at com.kms.katalon.core.keyword.builtin.CallTestCaseKeyword$_callTestCase_closure1.call(CallTestCaseKeyword.groovy)
	at com.kms.katalon.core.keyword.internal.KeywordMain.runKeyword(KeywordMain.groovy:68)
	at com.kms.katalon.core.keyword.builtin.CallTestCaseKeyword.callTestCase(CallTestCaseKeyword.groovy:81)
	at com.kms.katalon.core.keyword.builtin.CallTestCaseKeyword.execute(CallTestCaseKeyword.groovy:44)
	at com.kms.katalon.core.keyword.internal.KeywordExecutor.executeKeywordForPlatform(KeywordExecutor.groovy:72)
	at com.kms.katalon.core.keyword.BuiltinKeywords.callTestCase(BuiltinKeywords.groovy:334)
	at Members_Activity_Participants.run(Members_Activity_Participants:64)
	at com.kms.katalon.core.main.ScriptEngine.run(ScriptEngine.java:194)
	at com.kms.katalon.core.main.ScriptEngine.runScriptAsRawText(ScriptEngine.java:119)
	at com.kms.katalon.core.main.TestCaseExecutor.runScript(TestCaseExecutor.java:337)
	at com.kms.katalon.core.main.TestCaseExecutor.doExecute(TestCaseExecutor.java:328)
	at com.kms.katalon.core.main.TestCaseExecutor.processExecutionPhase(TestCaseExecutor.java:307)
	at com.kms.katalon.core.main.TestCaseExecutor.accessMainPhase(TestCaseExecutor.java:299)
	at com.kms.katalon.core.main.TestCaseExecutor.execute(TestCaseExecutor.java:233)
	at com.kms.katalon.core.main.TestSuiteExecutor.accessTestCaseMainPhase(TestSuiteExecutor.java:169)
	at com.kms.katalon.core.main.TestSuiteExecutor.accessTestSuiteMainPhase(TestSuiteExecutor.java:142)
	at com.kms.katalon.core.main.TestSuiteExecutor.execute(TestSuiteExecutor.java:91)
	at com.kms.katalon.core.main.TestCaseMain.startTestSuite(TestCaseMain.java:157)
	at com.kms.katalon.core.main.TestCaseMain$startTestSuite$0.call(Unknown Source)
	at TempTestSuite1587991913277.run(TempTestSuite1587991913277.groovy:37)
Caused by: com.kms.katalon.core.exception.StepFailedException: Text 'Good Morning!' is not present on page 
	... 39 more


2020-04-27 14:19:00 - [TEST_STEP][PASSED] - waitForPageLoad(120): Wait for page load successfully

2020-04-27 14:19:00 - [MESSAGE][PASSED] - Wait for page load successfully

2020-04-27 14:19:00 - [TEST_STEP][PASSED] - delay(1): Delayed 1 second(s)

2020-04-27 14:19:01 - [MESSAGE][PASSED] - Delayed 1 second(s)

2020-04-27 14:19:01 - [TEST_STEP][FAILED] - verifyTextPresent("Good Morning!", false): Text 'Good Morning!' is not present on page  (Root cause: com.kms.katalon.core.exception.StepFailedException: Text 'Good Morning!' is not present on page 
	at com.kms.katalon.core.webui.keyword.internal.WebUIKeywordMain.stepFailed(WebUIKeywordMain.groovy:64)
	at com.kms.katalon.core.webui.keyword.builtin.VerifyTextPresentKeyword$_verifyTextPresent_closure1.doCall(VerifyTextPresentKeyword.groovy:79)
	at com.kms.katalon.core.webui.keyword.builtin.VerifyTextPresentKeyword$_verifyTextPresent_closure1.call(VerifyTextPresentKeyword.groovy)
	at com.kms.katalon.core.webui.keyword.internal.WebUIKeywordMain.runKeyword(WebUIKeywordMain.groovy:20)
	at com.kms.katalon.core.webui.keyword.builtin.VerifyTextPresentKeyword.verifyTextPresent(VerifyTextPresentKeyword.groovy:83)
	at com.kms.katalon.core.webui.keyword.builtin.VerifyTextPresentKeyword.execute(VerifyTextPresentKeyword.groovy:68)
	at com.kms.katalon.core.keyword.internal.KeywordExecutor.executeKeywordForPlatform(KeywordExecutor.groovy:72)
	at com.kms.katalon.core.webui.keyword.WebUiBuiltInKeywords.verifyTextPresent(WebUiBuiltInKeywords.groovy:1719)
	at com.kms.katalon.core.webui.keyword.WebUiBuiltInKeywords$verifyTextPresent$2.call(Unknown Source)
	at Members_Activity_Participants.run(Members_Activity_Participants:49)
	at com.kms.katalon.core.main.ScriptEngine.run(ScriptEngine.java:194)
	at com.kms.katalon.core.main.ScriptEngine.runScriptAsRawText(ScriptEngine.java:119)
	at com.kms.katalon.core.main.TestCaseExecutor.runScript(TestCaseExecutor.java:337)
	at com.kms.katalon.core.main.TestCaseExecutor.doExecute(TestCaseExecutor.java:328)
	at com.kms.katalon.core.main.TestCaseExecutor.processExecutionPhase(TestCaseExecutor.java:307)
	at com.kms.katalon.core.main.TestCaseExecutor.accessMainPhase(TestCaseExecutor.java:299)
	at com.kms.katalon.core.main.TestCaseExecutor.execute(TestCaseExecutor.java:233)
	at com.kms.katalon.core.main.TestCaseMain.runTestCase(TestCaseMain.java:114)
	at com.kms.katalon.core.keyword.builtin.CallTestCaseKeyword$_callTestCase_closure1.doCall(CallTestCaseKeyword.groovy:59)
	at com.kms.katalon.core.keyword.builtin.CallTestCaseKeyword$_callTestCase_closure1.call(CallTestCaseKeyword.groovy)
	at com.kms.katalon.core.keyword.internal.KeywordMain.runKeyword(KeywordMain.groovy:68)
	at com.kms.katalon.core.keyword.builtin.CallTestCaseKeyword.callTestCase(CallTestCaseKeyword.groovy:81)
	at com.kms.katalon.core.keyword.builtin.CallTestCaseKeyword.execute(CallTestCaseKeyword.groovy:44)
	at com.kms.katalon.core.keyword.internal.KeywordExecutor.executeKeywordForPlatform(KeywordExecutor.groovy:72)
	at com.kms.katalon.core.keyword.BuiltinKeywords.callTestCase(BuiltinKeywords.groovy:334)
	at Members_Activity_Participants.run(Members_Activity_Participants:64)
	at com.kms.katalon.core.main.ScriptEngine.run(ScriptEngine.java:194)
	at com.kms.katalon.core.main.ScriptEngine.runScriptAsRawText(ScriptEngine.java:119)
	at com.kms.katalon.core.main.TestCaseExecutor.runScript(TestCaseExecutor.java:337)
	at com.kms.katalon.core.main.TestCaseExecutor.doExecute(TestCaseExecutor.java:328)
	at com.kms.katalon.core.main.TestCaseExecutor.processExecutionPhase(TestCaseExecutor.java:307)
	at com.kms.katalon.core.main.TestCaseExecutor.accessMainPhase(TestCaseExecutor.java:299)
	at com.kms.katalon.core.main.TestCaseExecutor.execute(TestCaseExecutor.java:233)
	at com.kms.katalon.core.main.TestSuiteExecutor.accessTestCaseMainPhase(TestSuiteExecutor.java:169)
	at com.kms.katalon.core.main.TestSuiteExecutor.accessTestSuiteMainPhase(TestSuiteExecutor.java:142)
	at com.kms.katalon.core.main.TestSuiteExecutor.execute(TestSuiteExecutor.java:91)
	at com.kms.katalon.core.main.TestCaseMain.startTestSuite(TestCaseMain.java:157)
	at com.kms.katalon.core.main.TestCaseMain$startTestSuite$0.call(Unknown Source)
	at TempTestSuite1587991913277.run(TempTestSuite1587991913277.groovy:37)
)

2020-04-27 14:19:02 - [MESSAGE][FAILED] - Text 'Good Morning!' is not present on page  (Root cause: com.kms.katalon.core.exception.StepFailedException: Text 'Good Morning!' is not present on page 
	at com.kms.katalon.core.webui.keyword.internal.WebUIKeywordMain.stepFailed(WebUIKeywordMain.groovy:64)
	at com.kms.katalon.core.webui.keyword.builtin.VerifyTextPresentKeyword$_verifyTextPresent_closure1.doCall(VerifyTextPresentKeyword.groovy:79)
	at com.kms.katalon.core.webui.keyword.builtin.VerifyTextPresentKeyword$_verifyTextPresent_closure1.call(VerifyTextPresentKeyword.groovy)
	at com.kms.katalon.core.webui.keyword.internal.WebUIKeywordMain.runKeyword(WebUIKeywordMain.groovy:20)
	at com.kms.katalon.core.webui.keyword.builtin.VerifyTextPresentKeyword.verifyTextPresent(VerifyTextPresentKeyword.groovy:83)
	at com.kms.katalon.core.webui.keyword.builtin.VerifyTextPresentKeyword.execute(VerifyTextPresentKeyword.groovy:68)
	at com.kms.katalon.core.keyword.internal.KeywordExecutor.executeKeywordForPlatform(KeywordExecutor.groovy:72)
	at com.kms.katalon.core.webui.keyword.WebUiBuiltInKeywords.verifyTextPresent(WebUiBuiltInKeywords.groovy:1719)
	at com.kms.katalon.core.webui.keyword.WebUiBuiltInKeywords$verifyTextPresent$2.call(Unknown Source)
	at Members_Activity_Participants.run(Members_Activity_Participants:49)
	at com.kms.katalon.core.main.ScriptEngine.run(ScriptEngine.java:194)
	at com.kms.katalon.core.main.ScriptEngine.runScriptAsRawText(ScriptEngine.java:119)
	at com.kms.katalon.core.main.TestCaseExecutor.runScript(TestCaseExecutor.java:337)
	at com.kms.katalon.core.main.TestCaseExecutor.doExecute(TestCaseExecutor.java:328)
	at com.kms.katalon.core.main.TestCaseExecutor.processExecutionPhase(TestCaseExecutor.java:307)
	at com.kms.katalon.core.main.TestCaseExecutor.accessMainPhase(TestCaseExecutor.java:299)
	at com.kms.katalon.core.main.TestCaseExecutor.execute(TestCaseExecutor.java:233)
	at com.kms.katalon.core.main.TestCaseMain.runTestCase(TestCaseMain.java:114)
	at com.kms.katalon.core.keyword.builtin.CallTestCaseKeyword$_callTestCase_closure1.doCall(CallTestCaseKeyword.groovy:59)
	at com.kms.katalon.core.keyword.builtin.CallTestCaseKeyword$_callTestCase_closure1.call(CallTestCaseKeyword.groovy)
	at com.kms.katalon.core.keyword.internal.KeywordMain.runKeyword(KeywordMain.groovy:68)
	at com.kms.katalon.core.keyword.builtin.CallTestCaseKeyword.callTestCase(CallTestCaseKeyword.groovy:81)
	at com.kms.katalon.core.keyword.builtin.CallTestCaseKeyword.execute(CallTestCaseKeyword.groovy:44)
	at com.kms.katalon.core.keyword.internal.KeywordExecutor.executeKeywordForPlatform(KeywordExecutor.groovy:72)
	at com.kms.katalon.core.keyword.BuiltinKeywords.callTestCase(BuiltinKeywords.groovy:334)
	at Members_Activity_Participants.run(Members_Activity_Participants:64)
	at com.kms.katalon.core.main.ScriptEngine.run(ScriptEngine.java:194)
	at com.kms.katalon.core.main.ScriptEngine.runScriptAsRawText(ScriptEngine.java:119)
	at com.kms.katalon.core.main.TestCaseExecutor.runScript(TestCaseExecutor.java:337)
	at com.kms.katalon.core.main.TestCaseExecutor.doExecute(TestCaseExecutor.java:328)
	at com.kms.katalon.core.main.TestCaseExecutor.processExecutionPhase(TestCaseExecutor.java:307)
	at com.kms.katalon.core.main.TestCaseExecutor.accessMainPhase(TestCaseExecutor.java:299)
	at com.kms.katalon.core.main.TestCaseExecutor.execute(TestCaseExecutor.java:233)
	at com.kms.katalon.core.main.TestSuiteExecutor.accessTestCaseMainPhase(TestSuiteExecutor.java:169)
	at com.kms.katalon.core.main.TestSuiteExecutor.accessTestSuiteMainPhase(TestSuiteExecutor.java:142)
	at com.kms.katalon.core.main.TestSuiteExecutor.execute(TestSuiteExecutor.java:91)
	at com.kms.katalon.core.main.TestCaseMain.startTestSuite(TestCaseMain.java:157)
	at com.kms.katalon.core.main.TestCaseMain$startTestSuite$0.call(Unknown Source)
	at TempTestSuite1587991913277.run(TempTestSuite1587991913277.groovy:37)
)

2020-04-27 14:19:02 - [TEST_STEP][PASSED] - "----------------------------------------------": null

2020-04-27 14:19:02 - [TEST_STEP][PASSED] - verifyTextPresent("Things to review:", false): Text 'Things to review:' is present on page 

2020-04-27 14:19:02 - [MESSAGE][PASSED] - Text 'Things to review:' is present on page 

2020-04-27 14:19:02 - [TEST_STEP][PASSED] - verifyTextPresent("Feedback to review", false): Text 'Feedback to review' is present on page 

2020-04-27 14:19:02 - [MESSAGE][PASSED] - Text 'Feedback to review' is present on page 

2020-04-27 14:19:02 - [TEST_STEP][PASSED] - "----------------------------------------------": null

2020-04-27 14:19:02 - [TEST_STEP][PASSED] - verifyTextPresent("Recent members photos:", false): Text 'Recent members photos:' is present on page 

2020-04-27 14:19:02 - [MESSAGE][PASSED] - Text 'Recent members photos:' is present on page 

2020-04-27 14:19:02 - [TEST_STEP][PASSED] - verifyTextPresent("Members area forum activity:", false): Text 'Members area forum activity:' is present on page 

2020-04-27 14:19:02 - [MESSAGE][PASSED] - Text 'Members area forum activity:' is present on page 

2020-04-27 14:19:03 - [TEST_STEP][PASSED] - verifyTextPresent("Members joining", false): Text 'Members joining' is present on page 

2020-04-27 14:19:03 - [MESSAGE][PASSED] - Text 'Members joining' is present on page 

2020-04-27 14:19:03 - [TEST_STEP][PASSED] - verifyTextPresent("and leaving", false): Text 'and leaving' is present on page 

2020-04-27 14:19:03 - [MESSAGE][PASSED] - Text 'and leaving' is present on page 

2020-04-27 14:19:03 - [MESSAGE][WARNING] - Unable to call Test Case 'Test Cases/Reusable_Test_Sequences/Web_Office/Verification/Reports/Members_Activity_Participants' (Root cause: com.kms.katalon.core.exception.StepFailedException: Call Test Case 'Test Cases/Reusable_Test_Sequences/Web_Office/Verification/Reports/Members_Activity_Participants' failed
	at com.kms.katalon.core.keyword.builtin.CallTestCaseKeyword$_callTestCase_closure1.doCall(CallTestCaseKeyword.groovy:63)
	at com.kms.katalon.core.keyword.builtin.CallTestCaseKeyword$_callTestCase_closure1.call(CallTestCaseKeyword.groovy)
	at com.kms.katalon.core.keyword.internal.KeywordMain.runKeyword(KeywordMain.groovy:68)
	at com.kms.katalon.core.keyword.builtin.CallTestCaseKeyword.callTestCase(CallTestCaseKeyword.groovy:81)
	at com.kms.katalon.core.keyword.builtin.CallTestCaseKeyword.execute(CallTestCaseKeyword.groovy:44)
	at com.kms.katalon.core.keyword.internal.KeywordExecutor.executeKeywordForPlatform(KeywordExecutor.groovy:72)
	at com.kms.katalon.core.keyword.BuiltinKeywords.callTestCase(BuiltinKeywords.groovy:334)
	at Members_Activity_Participants.run(Members_Activity_Participants:64)
	at com.kms.katalon.core.main.ScriptEngine.run(ScriptEngine.java:194)
	at com.kms.katalon.core.main.ScriptEngine.runScriptAsRawText(ScriptEngine.java:119)
	at com.kms.katalon.core.main.TestCaseExecutor.runScript(TestCaseExecutor.java:337)
	at com.kms.katalon.core.main.TestCaseExecutor.doExecute(TestCaseExecutor.java:328)
	at com.kms.katalon.core.main.TestCaseExecutor.processExecutionPhase(TestCaseExecutor.java:307)
	at com.kms.katalon.core.main.TestCaseExecutor.accessMainPhase(TestCaseExecutor.java:299)
	at com.kms.katalon.core.main.TestCaseExecutor.execute(TestCaseExecutor.java:233)
	at com.kms.katalon.core.main.TestSuiteExecutor.accessTestCaseMainPhase(TestSuiteExecutor.java:169)
	at com.kms.katalon.core.main.TestSuiteExecutor.accessTestSuiteMainPhase(TestSuiteExecutor.java:142)
	at com.kms.katalon.core.main.TestSuiteExecutor.execute(TestSuiteExecutor.java:91)
	at com.kms.katalon.core.main.TestCaseMain.startTestSuite(TestCaseMain.java:157)
	at com.kms.katalon.core.main.TestCaseMain$startTestSuite$0.call(Unknown Source)
	at TempTestSuite1587991913277.run(TempTestSuite1587991913277.groovy:37)
Caused by: com.kms.katalon.core.exception.StepFailedException: Text 'Good Morning!' is not present on page  (Root cause: com.kms.katalon.core.exception.StepFailedException: Text 'Good Morning!' is not present on page 
	at com.kms.katalon.core.webui.keyword.internal.WebUIKeywordMain.stepFailed(WebUIKeywordMain.groovy:64)
	at com.kms.katalon.core.webui.keyword.builtin.VerifyTextPresentKeyword$_verifyTextPresent_closure1.doCall(VerifyTextPresentKeyword.groovy:79)
	at com.kms.katalon.core.webui.keyword.builtin.VerifyTextPresentKeyword$_verifyTextPresent_closure1.call(VerifyTextPresentKeyword.groovy)
	at com.kms.katalon.core.webui.keyword.internal.WebUIKeywordMain.runKeyword(WebUIKeywordMain.groovy:20)
	at com.kms.katalon.core.webui.keyword.builtin.VerifyTextPresentKeyword.verifyTextPresent(VerifyTextPresentKeyword.groovy:83)
	at com.kms.katalon.core.webui.keyword.builtin.VerifyTextPresentKeyword.execute(VerifyTextPresentKeyword.groovy:68)
	at com.kms.katalon.core.keyword.internal.KeywordExecutor.executeKeywordForPlatform(KeywordExecutor.groovy:72)
	at com.kms.katalon.core.webui.keyword.WebUiBuiltInKeywords.verifyTextPresent(WebUiBuiltInKeywords.groovy:1719)
	at com.kms.katalon.core.webui.keyword.WebUiBuiltInKeywords$verifyTextPresent$2.call(Unknown Source)
	at Members_Activity_Participants.run(Members_Activity_Participants:49)
	at com.kms.katalon.core.main.ScriptEngine.run(ScriptEngine.java:194)
	at com.kms.katalon.core.main.ScriptEngine.runScriptAsRawText(ScriptEngine.java:119)
	at com.kms.katalon.core.main.TestCaseExecutor.runScript(TestCaseExecutor.java:337)
	at com.kms.katalon.core.main.TestCaseExecutor.doExecute(TestCaseExecutor.java:328)
	at com.kms.katalon.core.main.TestCaseExecutor.processExecutionPhase(TestCaseExecutor.java:307)
	at com.kms.katalon.core.main.TestCaseExecutor.accessMainPhase(TestCaseExecutor.java:299)
	at com.kms.katalon.core.main.TestCaseExecutor.execute(TestCaseExecutor.java:233)
	at com.kms.katalon.core.main.TestCaseMain.runTestCase(TestCaseMain.java:114)
	at com.kms.katalon.core.keyword.builtin.CallTestCaseKeyword$_callTestCase_closure1.doCall(CallTestCaseKeyword.groovy:59)
	at com.kms.katalon.core.keyword.builtin.CallTestCaseKeyword$_callTestCase_closure1.call(CallTestCaseKeyword.groovy)
	at com.kms.katalon.core.keyword.internal.KeywordMain.runKeyword(KeywordMain.groovy:68)
	at com.kms.katalon.core.keyword.builtin.CallTestCaseKeyword.callTestCase(CallTestCaseKeyword.groovy:81)
	at com.kms.katalon.core.keyword.builtin.CallTestCaseKeyword.execute(CallTestCaseKeyword.groovy:44)
	at com.kms.katalon.core.keyword.internal.KeywordExecutor.executeKeywordForPlatform(KeywordExecutor.groovy:72)
	at com.kms.katalon.core.keyword.BuiltinKeywords.callTestCase(BuiltinKeywords.groovy:334)
	at Members_Activity_Participants.run(Members_Activity_Participants:64)
	at com.kms.katalon.core.main.ScriptEngine.run(ScriptEngine.java:194)
	at com.kms.katalon.core.main.ScriptEngine.runScriptAsRawText(ScriptEngine.java:119)
	at com.kms.katalon.core.main.TestCaseExecutor.runScript(TestCaseExecutor.java:337)
	at com.kms.katalon.core.main.TestCaseExecutor.doExecute(TestCaseExecutor.java:328)
	at com.kms.katalon.core.main.TestCaseExecutor.processExecutionPhase(TestCaseExecutor.java:307)
	at com.kms.katalon.core.main.TestCaseExecutor.accessMainPhase(TestCaseExecutor.java:299)
	at com.kms.katalon.core.main.TestCaseExecutor.execute(TestCaseExecutor.java:233)
	at com.kms.katalon.core.main.TestSuiteExecutor.accessTestCaseMainPhase(TestSuiteExecutor.java:169)
	at com.kms.katalon.core.main.TestSuiteExecutor.accessTestSuiteMainPhase(TestSuiteExecutor.java:142)
	at com.kms.katalon.core.main.TestSuiteExecutor.execute(TestSuiteExecutor.java:91)
	at com.kms.katalon.core.main.TestCaseMain.startTestSuite(TestCaseMain.java:157)
	at com.kms.katalon.core.main.TestCaseMain$startTestSuite$0.call(Unknown Source)
	at TempTestSuite1587991913277.run(TempTestSuite1587991913277.groovy:37)
)
	at com.kms.katalon.core.keyword.internal.KeywordMain.stepFailed(KeywordMain.groovy:39)
	at com.kms.katalon.core.webui.keyword.internal.WebUIKeywordMain.stepFailed(WebUIKeywordMain.groovy:64)
	at com.kms.katalon.core.webui.keyword.builtin.VerifyTextPresentKeyword$_verifyTextPresent_closure1.doCall(VerifyTextPresentKeyword.groovy:79)
	at com.kms.katalon.core.webui.keyword.builtin.VerifyTextPresentKeyword$_verifyTextPresent_closure1.call(VerifyTextPresentKeyword.groovy)
	at com.kms.katalon.core.webui.keyword.internal.WebUIKeywordMain.runKeyword(WebUIKeywordMain.groovy:20)
	at com.kms.katalon.core.webui.keyword.builtin.VerifyTextPresentKeyword.verifyTextPresent(VerifyTextPresentKeyword.groovy:83)
	at com.kms.katalon.core.webui.keyword.builtin.VerifyTextPresentKeyword.execute(VerifyTextPresentKeyword.groovy:68)
	at com.kms.katalon.core.keyword.internal.KeywordExecutor.executeKeywordForPlatform(KeywordExecutor.groovy:72)
	at com.kms.katalon.core.webui.keyword.WebUiBuiltInKeywords.verifyTextPresent(WebUiBuiltInKeywords.groovy:1719)
	at com.kms.katalon.core.webui.keyword.WebUiBuiltInKeywords$verifyTextPresent$2.call(Unknown Source)
	at Members_Activity_Participants.run(Members_Activity_Participants:49)
	at com.kms.katalon.core.main.ScriptEngine.run(ScriptEngine.java:194)
	at com.kms.katalon.core.main.ScriptEngine.runScriptAsRawText(ScriptEngine.java:119)
	at com.kms.katalon.core.main.TestCaseExecutor.runScript(TestCaseExecutor.java:337)
	at com.kms.katalon.core.main.TestCaseExecutor.doExecute(TestCaseExecutor.java:328)
	at com.kms.katalon.core.main.TestCaseExecutor.processExecutionPhase(TestCaseExecutor.java:307)
	at com.kms.katalon.core.main.TestCaseExecutor.accessMainPhase(TestCaseExecutor.java:299)
	at com.kms.katalon.core.main.TestCaseExecutor.execute(TestCaseExecutor.java:233)
	at com.kms.katalon.core.main.TestCaseMain.runTestCase(TestCaseMain.java:114)
	at com.kms.katalon.core.keyword.builtin.CallTestCaseKeyword$_callTestCase_closure1.doCall(CallTestCaseKeyword.groovy:59)
	... 20 more
Caused by: com.kms.katalon.core.exception.StepFailedException: Text 'Good Morning!' is not present on page 
	... 39 more
)

2020-04-27 14:19:03 - [TEST_STEP][PASSED] - "--------------------------": null

2020-04-27 14:19:03 - [TEST_STEP][PASSED] - " Teardown - CLose Browser |": null

2020-04-27 14:19:03 - [TEST_STEP][PASSED] - callTestCase(findTestCase("Reusable_Test_Sequences/CAT_Teardown"), [:], OPTIONAL): Call Test Case 'Test Cases/Reusable_Test_Sequences/CAT_Teardown' successfully

2020-04-27 14:19:03 - [TEST_CASE][PASSED] - Test Cases/Reusable_Test_Sequences/CAT_Teardown: Test Cases/Reusable_Test_Sequences/CAT_Teardown

2020-04-27 14:19:03 - [TEST_STEP][PASSED] - closeBrowser(): Browser is closed

2020-04-27 14:19:04 - [MESSAGE][PASSED] - Browser is closed

2020-04-27 14:19:04 - [TEST_STEP][PASSED] - super.finalize(): null

2020-04-27 14:19:04 - [TEST_STEP][PASSED] - System.gc(): null

2020-04-27 14:19:04 - [MESSAGE][PASSED] - Call Test Case 'Test Cases/Reusable_Test_Sequences/CAT_Teardown' successfully]]></system-out>
         <system-err><![CDATA[]]></system-err>
      </testcase>
      <testcase name="Test Cases/Web_Office/Reports/Members_Activity_Laggards" time="17.506" classname="Test Cases/Web_Office/Reports/Members_Activity_Laggards" status="PASSED">
         <system-out><![CDATA[2020-04-27 14:19:04 - [TEST_CASE][PASSED] - Test Cases/Web_Office/Reports/Members_Activity_Laggards: Test Cases/Web_Office/Reports/Members_Activity_Laggards

2020-04-27 14:19:05 - [TEST_STEP][PASSED] - "--------------------------------------": null

2020-04-27 14:19:05 - [TEST_STEP][PASSED] - " Web Office StartUp                  |": null

2020-04-27 14:19:05 - [TEST_STEP][PASSED] - callTestCase(findTestCase("Reusable_Test_Sequences/Web_Office/Directives/WebOffice_StartUp"), [:], STOP_ON_FAILURE): Call Test Case 'Test Cases/Reusable_Test_Sequences/Web_Office/Directives/WebOffice_StartUp' successfully

2020-04-27 14:19:05 - [TEST_CASE][PASSED] - Test Cases/Reusable_Test_Sequences/Web_Office/Directives/WebOffice_StartUp: Test Cases/Reusable_Test_Sequences/Web_Office/Directives/WebOffice_StartUp

2020-04-27 14:19:05 - [TEST_STEP][PASSED] - "-----------------------------------------------------------------------------": null

2020-04-27 14:19:05 - [TEST_STEP][PASSED] - if (URL == "https://www.dev.checkatrade.com/"): null

2020-04-27 14:19:05 - [TEST_STEP][PASSED] - "-----------------------------------------------------------------------------": null

2020-04-27 14:19:05 - [TEST_STEP][PASSED] - if (URL == "https://www.checkatrade.com/"): null

2020-04-27 14:19:05 - [TEST_STEP][PASSED] - "-----------------------------------------------------------------------------": null

2020-04-27 14:19:05 - [TEST_STEP][PASSED] - if (URL == "https://www.preview.checkatrade.com/"): null

2020-04-27 14:19:05 - [TEST_STEP][PASSED] - WebOfficeURL = "https://admin.preview.checkatrade.com/": null

2020-04-27 14:19:05 - [TEST_STEP][PASSED] - if (URL == "https://www.dev2.checkatrade.com/"): null

2020-04-27 14:19:05 - [TEST_STEP][PASSED] - "Set Function Area for "URL_Handler", URL Resolution": null

2020-04-27 14:19:05 - [TEST_STEP][PASSED] - "Do Some Magic with URL(s) See the comments within URL Handler ": null

2020-04-27 14:19:05 - [TEST_STEP][PASSED] - "------------------------------------------------": null

2020-04-27 14:19:05 - [TEST_STEP][PASSED] - "Moved Login Credentials to <Default> profile 22/01/2020": null

2020-04-27 14:19:05 - [TEST_STEP][PASSED] - "------------------------------------------------": null

2020-04-27 14:19:05 - [TEST_STEP][PASSED] - "WebOfficeURL - Set from the ENVIRONMENT PROFILE ": null

2020-04-27 14:19:05 - [TEST_STEP][PASSED] - "OPEN BROWSER": null

2020-04-27 14:19:05 - [TEST_STEP][PASSED] - "eg - https://admin.preview.checkatrade.com/  ": null

2020-04-27 14:19:05 - [TEST_STEP][PASSED] - openBrowser(WebOfficeURL): Browser is opened with url: 'https://admin.preview.checkatrade.com/'

2020-04-27 14:19:05 - [MESSAGE][INFO] - Starting 'Chrome' driver

2020-04-27 14:19:05 - [MESSAGE][INFO] - Action delay is set to 0 milliseconds

2020-04-27 14:19:09 - [MESSAGE][PASSED] - Browser is opened with url: 'https://admin.preview.checkatrade.com/'

2020-04-27 14:19:09 - [TEST_STEP][PASSED] - maximizeWindow(): Current window maximized

2020-04-27 14:19:12 - [MESSAGE][PASSED] - Current window maximized

2020-04-27 14:19:12 - [TEST_STEP][PASSED] - waitForElementClickable(findTestObject("Object Repository/WebOffice/Page_Checkatrade - Administration - Login/Login_Button"), 25): Object 'Object Repository/WebOffice/Page_Checkatrade - Administration - Login/Login_Button' is clickable

2020-04-27 14:19:12 - [MESSAGE][PASSED] - Object 'Object Repository/WebOffice/Page_Checkatrade - Administration - Login/Login_Button' is clickable

2020-04-27 14:19:12 - [TEST_STEP][PASSED] - verifyTextPresent("Checkatrade Web Office", false): Text 'Checkatrade Web Office' is present on page 

2020-04-27 14:19:12 - [MESSAGE][PASSED] - Text 'Checkatrade Web Office' is present on page 

2020-04-27 14:19:12 - [TEST_STEP][PASSED] - verifyTextPresent("Access for staff use only", false): Text 'Access for staff use only' is present on page 

2020-04-27 14:19:12 - [MESSAGE][PASSED] - Text 'Access for staff use only' is present on page 

2020-04-27 14:19:12 - [TEST_STEP][PASSED] - verifyTextPresent("Forgotten password?", false): Text 'Forgotten password?' is present on page 

2020-04-27 14:19:12 - [MESSAGE][PASSED] - Text 'Forgotten password?' is present on page 

2020-04-27 14:19:12 - [TEST_STEP][PASSED] - setText(findTestObject("Object Repository/WebOffice/Page_Checkatrade - Administration - Login/input_Username_LoginControlUserName"), wo_Username): Text 'DavidHo' is set on object 'Object Repository/WebOffice/Page_Checkatrade - Administration - Login/input_Username_LoginControlUserName'

2020-04-27 14:19:12 - [MESSAGE][PASSED] - Text 'DavidHo' is set on object 'Object Repository/WebOffice/Page_Checkatrade - Administration - Login/input_Username_LoginControlUserName'

2020-04-27 14:19:12 - [TEST_STEP][PASSED] - setText(findTestObject("Object Repository/WebOffice/Page_Checkatrade - Administration - Login/input_Password_LoginControlPassword"), wo_Password): Text 'Check123' is set on object 'Object Repository/WebOffice/Page_Checkatrade - Administration - Login/input_Password_LoginControlPassword'

2020-04-27 14:19:12 - [MESSAGE][PASSED] - Text 'Check123' is set on object 'Object Repository/WebOffice/Page_Checkatrade - Administration - Login/input_Password_LoginControlPassword'

2020-04-27 14:19:12 - [TEST_STEP][PASSED] - click(findTestObject("Object Repository/WebOffice/Page_Checkatrade - Administration - Login/Login_Button")): Object: 'Object Repository/WebOffice/Page_Checkatrade - Administration - Login/Login_Button' is clicked on

2020-04-27 14:19:15 - [MESSAGE][PASSED] - Object: 'Object Repository/WebOffice/Page_Checkatrade - Administration - Login/Login_Button' is clicked on

2020-04-27 14:19:15 - [TEST_STEP][PASSED] - waitForPageLoad(60): Wait for page load successfully

2020-04-27 14:19:15 - [MESSAGE][PASSED] - Wait for page load successfully

2020-04-27 14:19:15 - [TEST_STEP][PASSED] - verifyTextPresent("Welcome " + wo_Username, false): Text 'Welcome DavidHo' is present on page 

2020-04-27 14:19:15 - [MESSAGE][PASSED] - Text 'Welcome DavidHo' is present on page 

2020-04-27 14:19:15 - [MESSAGE][PASSED] - Call Test Case 'Test Cases/Reusable_Test_Sequences/Web_Office/Directives/WebOffice_StartUp' successfully

2020-04-27 14:19:15 - [TEST_STEP][PASSED] - "-----------------------------------------------------------------": null

2020-04-27 14:19:15 - [TEST_STEP][PASSED] - " Navigate to <Settings->Checkatrade.Com->Sub Item> Menu Item     |": null

2020-04-27 14:19:15 - [TEST_STEP][PASSED] - callTestCase(findTestCase("Reusable_Test_Sequences/Web_Office/Navigation/Sub_Menu_Navigation/Reports/Members_Activity_Laggards"), [:], STOP_ON_FAILURE): Call Test Case 'Test Cases/Reusable_Test_Sequences/Web_Office/Navigation/Sub_Menu_Navigation/Reports/Members_Activity_Laggards' successfully

2020-04-27 14:19:16 - [TEST_CASE][PASSED] - Test Cases/Reusable_Test_Sequences/Web_Office/Navigation/Sub_Menu_Navigation/Reports/Members_Activity_Laggards: Test Cases/Reusable_Test_Sequences/Web_Office/Navigation/Sub_Menu_Navigation/Reports/Members_Activity_Laggards

2020-04-27 14:19:16 - [TEST_STEP][PASSED] - "--------------------------------------": null

2020-04-27 14:19:16 - [TEST_STEP][PASSED] - " Navigate Top level menu Item         |": null

2020-04-27 14:19:16 - [TEST_STEP][PASSED] - waitForPageLoad(60): Wait for page load successfully

2020-04-27 14:19:16 - [MESSAGE][PASSED] - Wait for page load successfully

2020-04-27 14:19:16 - [TEST_STEP][PASSED] - waitForElementClickable(findTestObject("Object Repository/WebOffice_Home_page/a_Reports"), 60): Object 'Object Repository/WebOffice_Home_page/a_Reports' is clickable

2020-04-27 14:19:16 - [MESSAGE][PASSED] - Object 'Object Repository/WebOffice_Home_page/a_Reports' is clickable

2020-04-27 14:19:16 - [TEST_STEP][PASSED] - mouseOver(findTestObject("Object Repository/WebOffice_Home_page/a_Reports")): Object: 'Object Repository/WebOffice_Home_page/a_Reports' is hovered

2020-04-27 14:19:17 - [MESSAGE][PASSED] - Object: 'Object Repository/WebOffice_Home_page/a_Reports' is hovered

2020-04-27 14:19:17 - [TEST_STEP][PASSED] - click(findTestObject("Object Repository/WebOffice_Home_page/Page_/a_Members")): Object: 'Object Repository/WebOffice_Home_page/Page_/a_Members' is clicked on

2020-04-27 14:19:17 - [MESSAGE][PASSED] - Object: 'Object Repository/WebOffice_Home_page/Page_/a_Members' is clicked on

2020-04-27 14:19:17 - [TEST_STEP][PASSED] - click(findTestObject("Object Repository/WebOffice_Home_page/Page_/a_Members Area Activity")): Object: 'Object Repository/WebOffice_Home_page/Page_/a_Members Area Activity' is clicked on

2020-04-27 14:19:17 - [MESSAGE][PASSED] - Object: 'Object Repository/WebOffice_Home_page/Page_/a_Members Area Activity' is clicked on

2020-04-27 14:19:17 - [TEST_STEP][PASSED] - waitForPageLoad(5): Wait for page load successfully

2020-04-27 14:19:17 - [MESSAGE][PASSED] - Wait for page load successfully

2020-04-27 14:19:17 - [TEST_STEP][PASSED] - waitForElementClickable(findTestObject("Object Repository/WebOffice_Home_page/Page_/a_Laggards Report"), 5): Object 'Object Repository/WebOffice_Home_page/Page_/a_Laggards Report' is clickable

2020-04-27 14:19:17 - [MESSAGE][PASSED] - Object 'Object Repository/WebOffice_Home_page/Page_/a_Laggards Report' is clickable

2020-04-27 14:19:17 - [TEST_STEP][PASSED] - click(findTestObject("Object Repository/WebOffice_Home_page/Page_/a_Laggards Report")): Object: 'Object Repository/WebOffice_Home_page/Page_/a_Laggards Report' is clicked on

2020-04-27 14:19:18 - [MESSAGE][PASSED] - Object: 'Object Repository/WebOffice_Home_page/Page_/a_Laggards Report' is clicked on

2020-04-27 14:19:18 - [MESSAGE][PASSED] - Call Test Case 'Test Cases/Reusable_Test_Sequences/Web_Office/Navigation/Sub_Menu_Navigation/Reports/Members_Activity_Laggards' successfully

2020-04-27 14:19:18 - [TEST_STEP][PASSED] - "--------------------------------------": null

2020-04-27 14:19:18 - [TEST_STEP][PASSED] - " Verify Returned Page Detail          |": null

2020-04-27 14:19:18 - [TEST_STEP][PASSED] - callTestCase(findTestCase("Reusable_Test_Sequences/Web_Office/Verification/Reports/Members_Activity_Laggards"), [:], OPTIONAL): Unable to call Test Case 'Test Cases/Reusable_Test_Sequences/Web_Office/Verification/Reports/Members_Activity_Laggards' (Root cause: com.kms.katalon.core.exception.StepFailedException: Call Test Case 'Test Cases/Reusable_Test_Sequences/Web_Office/Verification/Reports/Members_Activity_Laggards' failed
	at com.kms.katalon.core.keyword.builtin.CallTestCaseKeyword$_callTestCase_closure1.doCall(CallTestCaseKeyword.groovy:63)
	at com.kms.katalon.core.keyword.builtin.CallTestCaseKeyword$_callTestCase_closure1.call(CallTestCaseKeyword.groovy)
	at com.kms.katalon.core.keyword.internal.KeywordMain.runKeyword(KeywordMain.groovy:68)
	at com.kms.katalon.core.keyword.builtin.CallTestCaseKeyword.callTestCase(CallTestCaseKeyword.groovy:81)
	at com.kms.katalon.core.keyword.builtin.CallTestCaseKeyword.execute(CallTestCaseKeyword.groovy:44)
	at com.kms.katalon.core.keyword.internal.KeywordExecutor.executeKeywordForPlatform(KeywordExecutor.groovy:72)
	at com.kms.katalon.core.keyword.BuiltinKeywords.callTestCase(BuiltinKeywords.groovy:334)
	at Members_Activity_Laggards.run(Members_Activity_Laggards:64)
	at com.kms.katalon.core.main.ScriptEngine.run(ScriptEngine.java:194)
	at com.kms.katalon.core.main.ScriptEngine.runScriptAsRawText(ScriptEngine.java:119)
	at com.kms.katalon.core.main.TestCaseExecutor.runScript(TestCaseExecutor.java:337)
	at com.kms.katalon.core.main.TestCaseExecutor.doExecute(TestCaseExecutor.java:328)
	at com.kms.katalon.core.main.TestCaseExecutor.processExecutionPhase(TestCaseExecutor.java:307)
	at com.kms.katalon.core.main.TestCaseExecutor.accessMainPhase(TestCaseExecutor.java:299)
	at com.kms.katalon.core.main.TestCaseExecutor.execute(TestCaseExecutor.java:233)
	at com.kms.katalon.core.main.TestSuiteExecutor.accessTestCaseMainPhase(TestSuiteExecutor.java:169)
	at com.kms.katalon.core.main.TestSuiteExecutor.accessTestSuiteMainPhase(TestSuiteExecutor.java:142)
	at com.kms.katalon.core.main.TestSuiteExecutor.execute(TestSuiteExecutor.java:91)
	at com.kms.katalon.core.main.TestCaseMain.startTestSuite(TestCaseMain.java:157)
	at com.kms.katalon.core.main.TestCaseMain$startTestSuite$0.call(Unknown Source)
	at TempTestSuite1587991913277.run(TempTestSuite1587991913277.groovy:37)
Caused by: com.kms.katalon.core.exception.StepFailedException: Text 'Good Morning!' is not present on page  (Root cause: com.kms.katalon.core.exception.StepFailedException: Text 'Good Morning!' is not present on page 
	at com.kms.katalon.core.webui.keyword.internal.WebUIKeywordMain.stepFailed(WebUIKeywordMain.groovy:64)
	at com.kms.katalon.core.webui.keyword.builtin.VerifyTextPresentKeyword$_verifyTextPresent_closure1.doCall(VerifyTextPresentKeyword.groovy:79)
	at com.kms.katalon.core.webui.keyword.builtin.VerifyTextPresentKeyword$_verifyTextPresent_closure1.call(VerifyTextPresentKeyword.groovy)
	at com.kms.katalon.core.webui.keyword.internal.WebUIKeywordMain.runKeyword(WebUIKeywordMain.groovy:20)
	at com.kms.katalon.core.webui.keyword.builtin.VerifyTextPresentKeyword.verifyTextPresent(VerifyTextPresentKeyword.groovy:83)
	at com.kms.katalon.core.webui.keyword.builtin.VerifyTextPresentKeyword.execute(VerifyTextPresentKeyword.groovy:68)
	at com.kms.katalon.core.keyword.internal.KeywordExecutor.executeKeywordForPlatform(KeywordExecutor.groovy:72)
	at com.kms.katalon.core.webui.keyword.WebUiBuiltInKeywords.verifyTextPresent(WebUiBuiltInKeywords.groovy:1719)
	at com.kms.katalon.core.webui.keyword.WebUiBuiltInKeywords$verifyTextPresent$2.call(Unknown Source)
	at Members_Activity_Laggards.run(Members_Activity_Laggards:49)
	at com.kms.katalon.core.main.ScriptEngine.run(ScriptEngine.java:194)
	at com.kms.katalon.core.main.ScriptEngine.runScriptAsRawText(ScriptEngine.java:119)
	at com.kms.katalon.core.main.TestCaseExecutor.runScript(TestCaseExecutor.java:337)
	at com.kms.katalon.core.main.TestCaseExecutor.doExecute(TestCaseExecutor.java:328)
	at com.kms.katalon.core.main.TestCaseExecutor.processExecutionPhase(TestCaseExecutor.java:307)
	at com.kms.katalon.core.main.TestCaseExecutor.accessMainPhase(TestCaseExecutor.java:299)
	at com.kms.katalon.core.main.TestCaseExecutor.execute(TestCaseExecutor.java:233)
	at com.kms.katalon.core.main.TestCaseMain.runTestCase(TestCaseMain.java:114)
	at com.kms.katalon.core.keyword.builtin.CallTestCaseKeyword$_callTestCase_closure1.doCall(CallTestCaseKeyword.groovy:59)
	at com.kms.katalon.core.keyword.builtin.CallTestCaseKeyword$_callTestCase_closure1.call(CallTestCaseKeyword.groovy)
	at com.kms.katalon.core.keyword.internal.KeywordMain.runKeyword(KeywordMain.groovy:68)
	at com.kms.katalon.core.keyword.builtin.CallTestCaseKeyword.callTestCase(CallTestCaseKeyword.groovy:81)
	at com.kms.katalon.core.keyword.builtin.CallTestCaseKeyword.execute(CallTestCaseKeyword.groovy:44)
	at com.kms.katalon.core.keyword.internal.KeywordExecutor.executeKeywordForPlatform(KeywordExecutor.groovy:72)
	at com.kms.katalon.core.keyword.BuiltinKeywords.callTestCase(BuiltinKeywords.groovy:334)
	at Members_Activity_Laggards.run(Members_Activity_Laggards:64)
	at com.kms.katalon.core.main.ScriptEngine.run(ScriptEngine.java:194)
	at com.kms.katalon.core.main.ScriptEngine.runScriptAsRawText(ScriptEngine.java:119)
	at com.kms.katalon.core.main.TestCaseExecutor.runScript(TestCaseExecutor.java:337)
	at com.kms.katalon.core.main.TestCaseExecutor.doExecute(TestCaseExecutor.java:328)
	at com.kms.katalon.core.main.TestCaseExecutor.processExecutionPhase(TestCaseExecutor.java:307)
	at com.kms.katalon.core.main.TestCaseExecutor.accessMainPhase(TestCaseExecutor.java:299)
	at com.kms.katalon.core.main.TestCaseExecutor.execute(TestCaseExecutor.java:233)
	at com.kms.katalon.core.main.TestSuiteExecutor.accessTestCaseMainPhase(TestSuiteExecutor.java:169)
	at com.kms.katalon.core.main.TestSuiteExecutor.accessTestSuiteMainPhase(TestSuiteExecutor.java:142)
	at com.kms.katalon.core.main.TestSuiteExecutor.execute(TestSuiteExecutor.java:91)
	at com.kms.katalon.core.main.TestCaseMain.startTestSuite(TestCaseMain.java:157)
	at com.kms.katalon.core.main.TestCaseMain$startTestSuite$0.call(Unknown Source)
	at TempTestSuite1587991913277.run(TempTestSuite1587991913277.groovy:37)
)
	at com.kms.katalon.core.keyword.internal.KeywordMain.stepFailed(KeywordMain.groovy:39)
	at com.kms.katalon.core.webui.keyword.internal.WebUIKeywordMain.stepFailed(WebUIKeywordMain.groovy:64)
	at com.kms.katalon.core.webui.keyword.builtin.VerifyTextPresentKeyword$_verifyTextPresent_closure1.doCall(VerifyTextPresentKeyword.groovy:79)
	at com.kms.katalon.core.webui.keyword.builtin.VerifyTextPresentKeyword$_verifyTextPresent_closure1.call(VerifyTextPresentKeyword.groovy)
	at com.kms.katalon.core.webui.keyword.internal.WebUIKeywordMain.runKeyword(WebUIKeywordMain.groovy:20)
	at com.kms.katalon.core.webui.keyword.builtin.VerifyTextPresentKeyword.verifyTextPresent(VerifyTextPresentKeyword.groovy:83)
	at com.kms.katalon.core.webui.keyword.builtin.VerifyTextPresentKeyword.execute(VerifyTextPresentKeyword.groovy:68)
	at com.kms.katalon.core.keyword.internal.KeywordExecutor.executeKeywordForPlatform(KeywordExecutor.groovy:72)
	at com.kms.katalon.core.webui.keyword.WebUiBuiltInKeywords.verifyTextPresent(WebUiBuiltInKeywords.groovy:1719)
	at com.kms.katalon.core.webui.keyword.WebUiBuiltInKeywords$verifyTextPresent$2.call(Unknown Source)
	at Members_Activity_Laggards.run(Members_Activity_Laggards:49)
	at com.kms.katalon.core.main.ScriptEngine.run(ScriptEngine.java:194)
	at com.kms.katalon.core.main.ScriptEngine.runScriptAsRawText(ScriptEngine.java:119)
	at com.kms.katalon.core.main.TestCaseExecutor.runScript(TestCaseExecutor.java:337)
	at com.kms.katalon.core.main.TestCaseExecutor.doExecute(TestCaseExecutor.java:328)
	at com.kms.katalon.core.main.TestCaseExecutor.processExecutionPhase(TestCaseExecutor.java:307)
	at com.kms.katalon.core.main.TestCaseExecutor.accessMainPhase(TestCaseExecutor.java:299)
	at com.kms.katalon.core.main.TestCaseExecutor.execute(TestCaseExecutor.java:233)
	at com.kms.katalon.core.main.TestCaseMain.runTestCase(TestCaseMain.java:114)
	at com.kms.katalon.core.keyword.builtin.CallTestCaseKeyword$_callTestCase_closure1.doCall(CallTestCaseKeyword.groovy:59)
	... 20 more
Caused by: com.kms.katalon.core.exception.StepFailedException: Text 'Good Morning!' is not present on page 
	... 39 more
)

2020-04-27 14:19:18 - [TEST_CASE][FAILED] - Test Cases/Reusable_Test_Sequences/Web_Office/Verification/Reports/Members_Activity_Laggards: Test Cases/Reusable_Test_Sequences/Web_Office/Verification/Reports/Members_Activity_Laggards FAILED.
Reason:
com.kms.katalon.core.exception.StepFailedException: Text 'Good Morning!' is not present on page  (Root cause: com.kms.katalon.core.exception.StepFailedException: Text 'Good Morning!' is not present on page 
	at com.kms.katalon.core.webui.keyword.internal.WebUIKeywordMain.stepFailed(WebUIKeywordMain.groovy:64)
	at com.kms.katalon.core.webui.keyword.builtin.VerifyTextPresentKeyword$_verifyTextPresent_closure1.doCall(VerifyTextPresentKeyword.groovy:79)
	at com.kms.katalon.core.webui.keyword.builtin.VerifyTextPresentKeyword$_verifyTextPresent_closure1.call(VerifyTextPresentKeyword.groovy)
	at com.kms.katalon.core.webui.keyword.internal.WebUIKeywordMain.runKeyword(WebUIKeywordMain.groovy:20)
	at com.kms.katalon.core.webui.keyword.builtin.VerifyTextPresentKeyword.verifyTextPresent(VerifyTextPresentKeyword.groovy:83)
	at com.kms.katalon.core.webui.keyword.builtin.VerifyTextPresentKeyword.execute(VerifyTextPresentKeyword.groovy:68)
	at com.kms.katalon.core.keyword.internal.KeywordExecutor.executeKeywordForPlatform(KeywordExecutor.groovy:72)
	at com.kms.katalon.core.webui.keyword.WebUiBuiltInKeywords.verifyTextPresent(WebUiBuiltInKeywords.groovy:1719)
	at com.kms.katalon.core.webui.keyword.WebUiBuiltInKeywords$verifyTextPresent$2.call(Unknown Source)
	at Members_Activity_Laggards.run(Members_Activity_Laggards:49)
	at com.kms.katalon.core.main.ScriptEngine.run(ScriptEngine.java:194)
	at com.kms.katalon.core.main.ScriptEngine.runScriptAsRawText(ScriptEngine.java:119)
	at com.kms.katalon.core.main.TestCaseExecutor.runScript(TestCaseExecutor.java:337)
	at com.kms.katalon.core.main.TestCaseExecutor.doExecute(TestCaseExecutor.java:328)
	at com.kms.katalon.core.main.TestCaseExecutor.processExecutionPhase(TestCaseExecutor.java:307)
	at com.kms.katalon.core.main.TestCaseExecutor.accessMainPhase(TestCaseExecutor.java:299)
	at com.kms.katalon.core.main.TestCaseExecutor.execute(TestCaseExecutor.java:233)
	at com.kms.katalon.core.main.TestCaseMain.runTestCase(TestCaseMain.java:114)
	at com.kms.katalon.core.keyword.builtin.CallTestCaseKeyword$_callTestCase_closure1.doCall(CallTestCaseKeyword.groovy:59)
	at com.kms.katalon.core.keyword.builtin.CallTestCaseKeyword$_callTestCase_closure1.call(CallTestCaseKeyword.groovy)
	at com.kms.katalon.core.keyword.internal.KeywordMain.runKeyword(KeywordMain.groovy:68)
	at com.kms.katalon.core.keyword.builtin.CallTestCaseKeyword.callTestCase(CallTestCaseKeyword.groovy:81)
	at com.kms.katalon.core.keyword.builtin.CallTestCaseKeyword.execute(CallTestCaseKeyword.groovy:44)
	at com.kms.katalon.core.keyword.internal.KeywordExecutor.executeKeywordForPlatform(KeywordExecutor.groovy:72)
	at com.kms.katalon.core.keyword.BuiltinKeywords.callTestCase(BuiltinKeywords.groovy:334)
	at Members_Activity_Laggards.run(Members_Activity_Laggards:64)
	at com.kms.katalon.core.main.ScriptEngine.run(ScriptEngine.java:194)
	at com.kms.katalon.core.main.ScriptEngine.runScriptAsRawText(ScriptEngine.java:119)
	at com.kms.katalon.core.main.TestCaseExecutor.runScript(TestCaseExecutor.java:337)
	at com.kms.katalon.core.main.TestCaseExecutor.doExecute(TestCaseExecutor.java:328)
	at com.kms.katalon.core.main.TestCaseExecutor.processExecutionPhase(TestCaseExecutor.java:307)
	at com.kms.katalon.core.main.TestCaseExecutor.accessMainPhase(TestCaseExecutor.java:299)
	at com.kms.katalon.core.main.TestCaseExecutor.execute(TestCaseExecutor.java:233)
	at com.kms.katalon.core.main.TestSuiteExecutor.accessTestCaseMainPhase(TestSuiteExecutor.java:169)
	at com.kms.katalon.core.main.TestSuiteExecutor.accessTestSuiteMainPhase(TestSuiteExecutor.java:142)
	at com.kms.katalon.core.main.TestSuiteExecutor.execute(TestSuiteExecutor.java:91)
	at com.kms.katalon.core.main.TestCaseMain.startTestSuite(TestCaseMain.java:157)
	at com.kms.katalon.core.main.TestCaseMain$startTestSuite$0.call(Unknown Source)
	at TempTestSuite1587991913277.run(TempTestSuite1587991913277.groovy:37)
)
	at com.kms.katalon.core.keyword.internal.KeywordMain.stepFailed(KeywordMain.groovy:39)
	at com.kms.katalon.core.webui.keyword.internal.WebUIKeywordMain.stepFailed(WebUIKeywordMain.groovy:64)
	at com.kms.katalon.core.webui.keyword.builtin.VerifyTextPresentKeyword$_verifyTextPresent_closure1.doCall(VerifyTextPresentKeyword.groovy:79)
	at com.kms.katalon.core.webui.keyword.builtin.VerifyTextPresentKeyword$_verifyTextPresent_closure1.call(VerifyTextPresentKeyword.groovy)
	at com.kms.katalon.core.webui.keyword.internal.WebUIKeywordMain.runKeyword(WebUIKeywordMain.groovy:20)
	at com.kms.katalon.core.webui.keyword.builtin.VerifyTextPresentKeyword.verifyTextPresent(VerifyTextPresentKeyword.groovy:83)
	at com.kms.katalon.core.webui.keyword.builtin.VerifyTextPresentKeyword.execute(VerifyTextPresentKeyword.groovy:68)
	at com.kms.katalon.core.keyword.internal.KeywordExecutor.executeKeywordForPlatform(KeywordExecutor.groovy:72)
	at com.kms.katalon.core.webui.keyword.WebUiBuiltInKeywords.verifyTextPresent(WebUiBuiltInKeywords.groovy:1719)
	at com.kms.katalon.core.webui.keyword.WebUiBuiltInKeywords$verifyTextPresent$2.call(Unknown Source)
	at Members_Activity_Laggards.run(Members_Activity_Laggards:49)
	at com.kms.katalon.core.main.ScriptEngine.run(ScriptEngine.java:194)
	at com.kms.katalon.core.main.ScriptEngine.runScriptAsRawText(ScriptEngine.java:119)
	at com.kms.katalon.core.main.TestCaseExecutor.runScript(TestCaseExecutor.java:337)
	at com.kms.katalon.core.main.TestCaseExecutor.doExecute(TestCaseExecutor.java:328)
	at com.kms.katalon.core.main.TestCaseExecutor.processExecutionPhase(TestCaseExecutor.java:307)
	at com.kms.katalon.core.main.TestCaseExecutor.accessMainPhase(TestCaseExecutor.java:299)
	at com.kms.katalon.core.main.TestCaseExecutor.execute(TestCaseExecutor.java:233)
	at com.kms.katalon.core.main.TestCaseMain.runTestCase(TestCaseMain.java:114)
	at com.kms.katalon.core.keyword.builtin.CallTestCaseKeyword$_callTestCase_closure1.doCall(CallTestCaseKeyword.groovy:59)
	at com.kms.katalon.core.keyword.builtin.CallTestCaseKeyword$_callTestCase_closure1.call(CallTestCaseKeyword.groovy)
	at com.kms.katalon.core.keyword.internal.KeywordMain.runKeyword(KeywordMain.groovy:68)
	at com.kms.katalon.core.keyword.builtin.CallTestCaseKeyword.callTestCase(CallTestCaseKeyword.groovy:81)
	at com.kms.katalon.core.keyword.builtin.CallTestCaseKeyword.execute(CallTestCaseKeyword.groovy:44)
	at com.kms.katalon.core.keyword.internal.KeywordExecutor.executeKeywordForPlatform(KeywordExecutor.groovy:72)
	at com.kms.katalon.core.keyword.BuiltinKeywords.callTestCase(BuiltinKeywords.groovy:334)
	at Members_Activity_Laggards.run(Members_Activity_Laggards:64)
	at com.kms.katalon.core.main.ScriptEngine.run(ScriptEngine.java:194)
	at com.kms.katalon.core.main.ScriptEngine.runScriptAsRawText(ScriptEngine.java:119)
	at com.kms.katalon.core.main.TestCaseExecutor.runScript(TestCaseExecutor.java:337)
	at com.kms.katalon.core.main.TestCaseExecutor.doExecute(TestCaseExecutor.java:328)
	at com.kms.katalon.core.main.TestCaseExecutor.processExecutionPhase(TestCaseExecutor.java:307)
	at com.kms.katalon.core.main.TestCaseExecutor.accessMainPhase(TestCaseExecutor.java:299)
	at com.kms.katalon.core.main.TestCaseExecutor.execute(TestCaseExecutor.java:233)
	at com.kms.katalon.core.main.TestSuiteExecutor.accessTestCaseMainPhase(TestSuiteExecutor.java:169)
	at com.kms.katalon.core.main.TestSuiteExecutor.accessTestSuiteMainPhase(TestSuiteExecutor.java:142)
	at com.kms.katalon.core.main.TestSuiteExecutor.execute(TestSuiteExecutor.java:91)
	at com.kms.katalon.core.main.TestCaseMain.startTestSuite(TestCaseMain.java:157)
	at com.kms.katalon.core.main.TestCaseMain$startTestSuite$0.call(Unknown Source)
	at TempTestSuite1587991913277.run(TempTestSuite1587991913277.groovy:37)
Caused by: com.kms.katalon.core.exception.StepFailedException: Text 'Good Morning!' is not present on page 
	... 39 more


2020-04-27 14:19:18 - [TEST_STEP][PASSED] - waitForPageLoad(120): Wait for page load successfully

2020-04-27 14:19:18 - [MESSAGE][PASSED] - Wait for page load successfully

2020-04-27 14:19:18 - [TEST_STEP][PASSED] - delay(1): Delayed 1 second(s)

2020-04-27 14:19:19 - [MESSAGE][PASSED] - Delayed 1 second(s)

2020-04-27 14:19:19 - [TEST_STEP][FAILED] - verifyTextPresent("Good Morning!", false): Text 'Good Morning!' is not present on page  (Root cause: com.kms.katalon.core.exception.StepFailedException: Text 'Good Morning!' is not present on page 
	at com.kms.katalon.core.webui.keyword.internal.WebUIKeywordMain.stepFailed(WebUIKeywordMain.groovy:64)
	at com.kms.katalon.core.webui.keyword.builtin.VerifyTextPresentKeyword$_verifyTextPresent_closure1.doCall(VerifyTextPresentKeyword.groovy:79)
	at com.kms.katalon.core.webui.keyword.builtin.VerifyTextPresentKeyword$_verifyTextPresent_closure1.call(VerifyTextPresentKeyword.groovy)
	at com.kms.katalon.core.webui.keyword.internal.WebUIKeywordMain.runKeyword(WebUIKeywordMain.groovy:20)
	at com.kms.katalon.core.webui.keyword.builtin.VerifyTextPresentKeyword.verifyTextPresent(VerifyTextPresentKeyword.groovy:83)
	at com.kms.katalon.core.webui.keyword.builtin.VerifyTextPresentKeyword.execute(VerifyTextPresentKeyword.groovy:68)
	at com.kms.katalon.core.keyword.internal.KeywordExecutor.executeKeywordForPlatform(KeywordExecutor.groovy:72)
	at com.kms.katalon.core.webui.keyword.WebUiBuiltInKeywords.verifyTextPresent(WebUiBuiltInKeywords.groovy:1719)
	at com.kms.katalon.core.webui.keyword.WebUiBuiltInKeywords$verifyTextPresent$2.call(Unknown Source)
	at Members_Activity_Laggards.run(Members_Activity_Laggards:49)
	at com.kms.katalon.core.main.ScriptEngine.run(ScriptEngine.java:194)
	at com.kms.katalon.core.main.ScriptEngine.runScriptAsRawText(ScriptEngine.java:119)
	at com.kms.katalon.core.main.TestCaseExecutor.runScript(TestCaseExecutor.java:337)
	at com.kms.katalon.core.main.TestCaseExecutor.doExecute(TestCaseExecutor.java:328)
	at com.kms.katalon.core.main.TestCaseExecutor.processExecutionPhase(TestCaseExecutor.java:307)
	at com.kms.katalon.core.main.TestCaseExecutor.accessMainPhase(TestCaseExecutor.java:299)
	at com.kms.katalon.core.main.TestCaseExecutor.execute(TestCaseExecutor.java:233)
	at com.kms.katalon.core.main.TestCaseMain.runTestCase(TestCaseMain.java:114)
	at com.kms.katalon.core.keyword.builtin.CallTestCaseKeyword$_callTestCase_closure1.doCall(CallTestCaseKeyword.groovy:59)
	at com.kms.katalon.core.keyword.builtin.CallTestCaseKeyword$_callTestCase_closure1.call(CallTestCaseKeyword.groovy)
	at com.kms.katalon.core.keyword.internal.KeywordMain.runKeyword(KeywordMain.groovy:68)
	at com.kms.katalon.core.keyword.builtin.CallTestCaseKeyword.callTestCase(CallTestCaseKeyword.groovy:81)
	at com.kms.katalon.core.keyword.builtin.CallTestCaseKeyword.execute(CallTestCaseKeyword.groovy:44)
	at com.kms.katalon.core.keyword.internal.KeywordExecutor.executeKeywordForPlatform(KeywordExecutor.groovy:72)
	at com.kms.katalon.core.keyword.BuiltinKeywords.callTestCase(BuiltinKeywords.groovy:334)
	at Members_Activity_Laggards.run(Members_Activity_Laggards:64)
	at com.kms.katalon.core.main.ScriptEngine.run(ScriptEngine.java:194)
	at com.kms.katalon.core.main.ScriptEngine.runScriptAsRawText(ScriptEngine.java:119)
	at com.kms.katalon.core.main.TestCaseExecutor.runScript(TestCaseExecutor.java:337)
	at com.kms.katalon.core.main.TestCaseExecutor.doExecute(TestCaseExecutor.java:328)
	at com.kms.katalon.core.main.TestCaseExecutor.processExecutionPhase(TestCaseExecutor.java:307)
	at com.kms.katalon.core.main.TestCaseExecutor.accessMainPhase(TestCaseExecutor.java:299)
	at com.kms.katalon.core.main.TestCaseExecutor.execute(TestCaseExecutor.java:233)
	at com.kms.katalon.core.main.TestSuiteExecutor.accessTestCaseMainPhase(TestSuiteExecutor.java:169)
	at com.kms.katalon.core.main.TestSuiteExecutor.accessTestSuiteMainPhase(TestSuiteExecutor.java:142)
	at com.kms.katalon.core.main.TestSuiteExecutor.execute(TestSuiteExecutor.java:91)
	at com.kms.katalon.core.main.TestCaseMain.startTestSuite(TestCaseMain.java:157)
	at com.kms.katalon.core.main.TestCaseMain$startTestSuite$0.call(Unknown Source)
	at TempTestSuite1587991913277.run(TempTestSuite1587991913277.groovy:37)
)

2020-04-27 14:19:19 - [MESSAGE][FAILED] - Text 'Good Morning!' is not present on page  (Root cause: com.kms.katalon.core.exception.StepFailedException: Text 'Good Morning!' is not present on page 
	at com.kms.katalon.core.webui.keyword.internal.WebUIKeywordMain.stepFailed(WebUIKeywordMain.groovy:64)
	at com.kms.katalon.core.webui.keyword.builtin.VerifyTextPresentKeyword$_verifyTextPresent_closure1.doCall(VerifyTextPresentKeyword.groovy:79)
	at com.kms.katalon.core.webui.keyword.builtin.VerifyTextPresentKeyword$_verifyTextPresent_closure1.call(VerifyTextPresentKeyword.groovy)
	at com.kms.katalon.core.webui.keyword.internal.WebUIKeywordMain.runKeyword(WebUIKeywordMain.groovy:20)
	at com.kms.katalon.core.webui.keyword.builtin.VerifyTextPresentKeyword.verifyTextPresent(VerifyTextPresentKeyword.groovy:83)
	at com.kms.katalon.core.webui.keyword.builtin.VerifyTextPresentKeyword.execute(VerifyTextPresentKeyword.groovy:68)
	at com.kms.katalon.core.keyword.internal.KeywordExecutor.executeKeywordForPlatform(KeywordExecutor.groovy:72)
	at com.kms.katalon.core.webui.keyword.WebUiBuiltInKeywords.verifyTextPresent(WebUiBuiltInKeywords.groovy:1719)
	at com.kms.katalon.core.webui.keyword.WebUiBuiltInKeywords$verifyTextPresent$2.call(Unknown Source)
	at Members_Activity_Laggards.run(Members_Activity_Laggards:49)
	at com.kms.katalon.core.main.ScriptEngine.run(ScriptEngine.java:194)
	at com.kms.katalon.core.main.ScriptEngine.runScriptAsRawText(ScriptEngine.java:119)
	at com.kms.katalon.core.main.TestCaseExecutor.runScript(TestCaseExecutor.java:337)
	at com.kms.katalon.core.main.TestCaseExecutor.doExecute(TestCaseExecutor.java:328)
	at com.kms.katalon.core.main.TestCaseExecutor.processExecutionPhase(TestCaseExecutor.java:307)
	at com.kms.katalon.core.main.TestCaseExecutor.accessMainPhase(TestCaseExecutor.java:299)
	at com.kms.katalon.core.main.TestCaseExecutor.execute(TestCaseExecutor.java:233)
	at com.kms.katalon.core.main.TestCaseMain.runTestCase(TestCaseMain.java:114)
	at com.kms.katalon.core.keyword.builtin.CallTestCaseKeyword$_callTestCase_closure1.doCall(CallTestCaseKeyword.groovy:59)
	at com.kms.katalon.core.keyword.builtin.CallTestCaseKeyword$_callTestCase_closure1.call(CallTestCaseKeyword.groovy)
	at com.kms.katalon.core.keyword.internal.KeywordMain.runKeyword(KeywordMain.groovy:68)
	at com.kms.katalon.core.keyword.builtin.CallTestCaseKeyword.callTestCase(CallTestCaseKeyword.groovy:81)
	at com.kms.katalon.core.keyword.builtin.CallTestCaseKeyword.execute(CallTestCaseKeyword.groovy:44)
	at com.kms.katalon.core.keyword.internal.KeywordExecutor.executeKeywordForPlatform(KeywordExecutor.groovy:72)
	at com.kms.katalon.core.keyword.BuiltinKeywords.callTestCase(BuiltinKeywords.groovy:334)
	at Members_Activity_Laggards.run(Members_Activity_Laggards:64)
	at com.kms.katalon.core.main.ScriptEngine.run(ScriptEngine.java:194)
	at com.kms.katalon.core.main.ScriptEngine.runScriptAsRawText(ScriptEngine.java:119)
	at com.kms.katalon.core.main.TestCaseExecutor.runScript(TestCaseExecutor.java:337)
	at com.kms.katalon.core.main.TestCaseExecutor.doExecute(TestCaseExecutor.java:328)
	at com.kms.katalon.core.main.TestCaseExecutor.processExecutionPhase(TestCaseExecutor.java:307)
	at com.kms.katalon.core.main.TestCaseExecutor.accessMainPhase(TestCaseExecutor.java:299)
	at com.kms.katalon.core.main.TestCaseExecutor.execute(TestCaseExecutor.java:233)
	at com.kms.katalon.core.main.TestSuiteExecutor.accessTestCaseMainPhase(TestSuiteExecutor.java:169)
	at com.kms.katalon.core.main.TestSuiteExecutor.accessTestSuiteMainPhase(TestSuiteExecutor.java:142)
	at com.kms.katalon.core.main.TestSuiteExecutor.execute(TestSuiteExecutor.java:91)
	at com.kms.katalon.core.main.TestCaseMain.startTestSuite(TestCaseMain.java:157)
	at com.kms.katalon.core.main.TestCaseMain$startTestSuite$0.call(Unknown Source)
	at TempTestSuite1587991913277.run(TempTestSuite1587991913277.groovy:37)
)

2020-04-27 14:19:19 - [TEST_STEP][PASSED] - "----------------------------------------------": null

2020-04-27 14:19:19 - [TEST_STEP][PASSED] - verifyTextPresent("Things to review:", false): Text 'Things to review:' is present on page 

2020-04-27 14:19:20 - [MESSAGE][PASSED] - Text 'Things to review:' is present on page 

2020-04-27 14:19:20 - [TEST_STEP][PASSED] - verifyTextPresent("Feedback to review", false): Text 'Feedback to review' is present on page 

2020-04-27 14:19:20 - [MESSAGE][PASSED] - Text 'Feedback to review' is present on page 

2020-04-27 14:19:20 - [TEST_STEP][PASSED] - "----------------------------------------------": null

2020-04-27 14:19:20 - [TEST_STEP][PASSED] - verifyTextPresent("Recent members photos:", false): Text 'Recent members photos:' is present on page 

2020-04-27 14:19:20 - [MESSAGE][PASSED] - Text 'Recent members photos:' is present on page 

2020-04-27 14:19:20 - [TEST_STEP][PASSED] - verifyTextPresent("Members area forum activity:", false): Text 'Members area forum activity:' is present on page 

2020-04-27 14:19:20 - [MESSAGE][PASSED] - Text 'Members area forum activity:' is present on page 

2020-04-27 14:19:20 - [TEST_STEP][PASSED] - verifyTextPresent("Members joining", false): Text 'Members joining' is present on page 

2020-04-27 14:19:20 - [MESSAGE][PASSED] - Text 'Members joining' is present on page 

2020-04-27 14:19:20 - [TEST_STEP][PASSED] - verifyTextPresent("and leaving", false): Text 'and leaving' is present on page 

2020-04-27 14:19:20 - [MESSAGE][PASSED] - Text 'and leaving' is present on page 

2020-04-27 14:19:20 - [MESSAGE][WARNING] - Unable to call Test Case 'Test Cases/Reusable_Test_Sequences/Web_Office/Verification/Reports/Members_Activity_Laggards' (Root cause: com.kms.katalon.core.exception.StepFailedException: Call Test Case 'Test Cases/Reusable_Test_Sequences/Web_Office/Verification/Reports/Members_Activity_Laggards' failed
	at com.kms.katalon.core.keyword.builtin.CallTestCaseKeyword$_callTestCase_closure1.doCall(CallTestCaseKeyword.groovy:63)
	at com.kms.katalon.core.keyword.builtin.CallTestCaseKeyword$_callTestCase_closure1.call(CallTestCaseKeyword.groovy)
	at com.kms.katalon.core.keyword.internal.KeywordMain.runKeyword(KeywordMain.groovy:68)
	at com.kms.katalon.core.keyword.builtin.CallTestCaseKeyword.callTestCase(CallTestCaseKeyword.groovy:81)
	at com.kms.katalon.core.keyword.builtin.CallTestCaseKeyword.execute(CallTestCaseKeyword.groovy:44)
	at com.kms.katalon.core.keyword.internal.KeywordExecutor.executeKeywordForPlatform(KeywordExecutor.groovy:72)
	at com.kms.katalon.core.keyword.BuiltinKeywords.callTestCase(BuiltinKeywords.groovy:334)
	at Members_Activity_Laggards.run(Members_Activity_Laggards:64)
	at com.kms.katalon.core.main.ScriptEngine.run(ScriptEngine.java:194)
	at com.kms.katalon.core.main.ScriptEngine.runScriptAsRawText(ScriptEngine.java:119)
	at com.kms.katalon.core.main.TestCaseExecutor.runScript(TestCaseExecutor.java:337)
	at com.kms.katalon.core.main.TestCaseExecutor.doExecute(TestCaseExecutor.java:328)
	at com.kms.katalon.core.main.TestCaseExecutor.processExecutionPhase(TestCaseExecutor.java:307)
	at com.kms.katalon.core.main.TestCaseExecutor.accessMainPhase(TestCaseExecutor.java:299)
	at com.kms.katalon.core.main.TestCaseExecutor.execute(TestCaseExecutor.java:233)
	at com.kms.katalon.core.main.TestSuiteExecutor.accessTestCaseMainPhase(TestSuiteExecutor.java:169)
	at com.kms.katalon.core.main.TestSuiteExecutor.accessTestSuiteMainPhase(TestSuiteExecutor.java:142)
	at com.kms.katalon.core.main.TestSuiteExecutor.execute(TestSuiteExecutor.java:91)
	at com.kms.katalon.core.main.TestCaseMain.startTestSuite(TestCaseMain.java:157)
	at com.kms.katalon.core.main.TestCaseMain$startTestSuite$0.call(Unknown Source)
	at TempTestSuite1587991913277.run(TempTestSuite1587991913277.groovy:37)
Caused by: com.kms.katalon.core.exception.StepFailedException: Text 'Good Morning!' is not present on page  (Root cause: com.kms.katalon.core.exception.StepFailedException: Text 'Good Morning!' is not present on page 
	at com.kms.katalon.core.webui.keyword.internal.WebUIKeywordMain.stepFailed(WebUIKeywordMain.groovy:64)
	at com.kms.katalon.core.webui.keyword.builtin.VerifyTextPresentKeyword$_verifyTextPresent_closure1.doCall(VerifyTextPresentKeyword.groovy:79)
	at com.kms.katalon.core.webui.keyword.builtin.VerifyTextPresentKeyword$_verifyTextPresent_closure1.call(VerifyTextPresentKeyword.groovy)
	at com.kms.katalon.core.webui.keyword.internal.WebUIKeywordMain.runKeyword(WebUIKeywordMain.groovy:20)
	at com.kms.katalon.core.webui.keyword.builtin.VerifyTextPresentKeyword.verifyTextPresent(VerifyTextPresentKeyword.groovy:83)
	at com.kms.katalon.core.webui.keyword.builtin.VerifyTextPresentKeyword.execute(VerifyTextPresentKeyword.groovy:68)
	at com.kms.katalon.core.keyword.internal.KeywordExecutor.executeKeywordForPlatform(KeywordExecutor.groovy:72)
	at com.kms.katalon.core.webui.keyword.WebUiBuiltInKeywords.verifyTextPresent(WebUiBuiltInKeywords.groovy:1719)
	at com.kms.katalon.core.webui.keyword.WebUiBuiltInKeywords$verifyTextPresent$2.call(Unknown Source)
	at Members_Activity_Laggards.run(Members_Activity_Laggards:49)
	at com.kms.katalon.core.main.ScriptEngine.run(ScriptEngine.java:194)
	at com.kms.katalon.core.main.ScriptEngine.runScriptAsRawText(ScriptEngine.java:119)
	at com.kms.katalon.core.main.TestCaseExecutor.runScript(TestCaseExecutor.java:337)
	at com.kms.katalon.core.main.TestCaseExecutor.doExecute(TestCaseExecutor.java:328)
	at com.kms.katalon.core.main.TestCaseExecutor.processExecutionPhase(TestCaseExecutor.java:307)
	at com.kms.katalon.core.main.TestCaseExecutor.accessMainPhase(TestCaseExecutor.java:299)
	at com.kms.katalon.core.main.TestCaseExecutor.execute(TestCaseExecutor.java:233)
	at com.kms.katalon.core.main.TestCaseMain.runTestCase(TestCaseMain.java:114)
	at com.kms.katalon.core.keyword.builtin.CallTestCaseKeyword$_callTestCase_closure1.doCall(CallTestCaseKeyword.groovy:59)
	at com.kms.katalon.core.keyword.builtin.CallTestCaseKeyword$_callTestCase_closure1.call(CallTestCaseKeyword.groovy)
	at com.kms.katalon.core.keyword.internal.KeywordMain.runKeyword(KeywordMain.groovy:68)
	at com.kms.katalon.core.keyword.builtin.CallTestCaseKeyword.callTestCase(CallTestCaseKeyword.groovy:81)
	at com.kms.katalon.core.keyword.builtin.CallTestCaseKeyword.execute(CallTestCaseKeyword.groovy:44)
	at com.kms.katalon.core.keyword.internal.KeywordExecutor.executeKeywordForPlatform(KeywordExecutor.groovy:72)
	at com.kms.katalon.core.keyword.BuiltinKeywords.callTestCase(BuiltinKeywords.groovy:334)
	at Members_Activity_Laggards.run(Members_Activity_Laggards:64)
	at com.kms.katalon.core.main.ScriptEngine.run(ScriptEngine.java:194)
	at com.kms.katalon.core.main.ScriptEngine.runScriptAsRawText(ScriptEngine.java:119)
	at com.kms.katalon.core.main.TestCaseExecutor.runScript(TestCaseExecutor.java:337)
	at com.kms.katalon.core.main.TestCaseExecutor.doExecute(TestCaseExecutor.java:328)
	at com.kms.katalon.core.main.TestCaseExecutor.processExecutionPhase(TestCaseExecutor.java:307)
	at com.kms.katalon.core.main.TestCaseExecutor.accessMainPhase(TestCaseExecutor.java:299)
	at com.kms.katalon.core.main.TestCaseExecutor.execute(TestCaseExecutor.java:233)
	at com.kms.katalon.core.main.TestSuiteExecutor.accessTestCaseMainPhase(TestSuiteExecutor.java:169)
	at com.kms.katalon.core.main.TestSuiteExecutor.accessTestSuiteMainPhase(TestSuiteExecutor.java:142)
	at com.kms.katalon.core.main.TestSuiteExecutor.execute(TestSuiteExecutor.java:91)
	at com.kms.katalon.core.main.TestCaseMain.startTestSuite(TestCaseMain.java:157)
	at com.kms.katalon.core.main.TestCaseMain$startTestSuite$0.call(Unknown Source)
	at TempTestSuite1587991913277.run(TempTestSuite1587991913277.groovy:37)
)
	at com.kms.katalon.core.keyword.internal.KeywordMain.stepFailed(KeywordMain.groovy:39)
	at com.kms.katalon.core.webui.keyword.internal.WebUIKeywordMain.stepFailed(WebUIKeywordMain.groovy:64)
	at com.kms.katalon.core.webui.keyword.builtin.VerifyTextPresentKeyword$_verifyTextPresent_closure1.doCall(VerifyTextPresentKeyword.groovy:79)
	at com.kms.katalon.core.webui.keyword.builtin.VerifyTextPresentKeyword$_verifyTextPresent_closure1.call(VerifyTextPresentKeyword.groovy)
	at com.kms.katalon.core.webui.keyword.internal.WebUIKeywordMain.runKeyword(WebUIKeywordMain.groovy:20)
	at com.kms.katalon.core.webui.keyword.builtin.VerifyTextPresentKeyword.verifyTextPresent(VerifyTextPresentKeyword.groovy:83)
	at com.kms.katalon.core.webui.keyword.builtin.VerifyTextPresentKeyword.execute(VerifyTextPresentKeyword.groovy:68)
	at com.kms.katalon.core.keyword.internal.KeywordExecutor.executeKeywordForPlatform(KeywordExecutor.groovy:72)
	at com.kms.katalon.core.webui.keyword.WebUiBuiltInKeywords.verifyTextPresent(WebUiBuiltInKeywords.groovy:1719)
	at com.kms.katalon.core.webui.keyword.WebUiBuiltInKeywords$verifyTextPresent$2.call(Unknown Source)
	at Members_Activity_Laggards.run(Members_Activity_Laggards:49)
	at com.kms.katalon.core.main.ScriptEngine.run(ScriptEngine.java:194)
	at com.kms.katalon.core.main.ScriptEngine.runScriptAsRawText(ScriptEngine.java:119)
	at com.kms.katalon.core.main.TestCaseExecutor.runScript(TestCaseExecutor.java:337)
	at com.kms.katalon.core.main.TestCaseExecutor.doExecute(TestCaseExecutor.java:328)
	at com.kms.katalon.core.main.TestCaseExecutor.processExecutionPhase(TestCaseExecutor.java:307)
	at com.kms.katalon.core.main.TestCaseExecutor.accessMainPhase(TestCaseExecutor.java:299)
	at com.kms.katalon.core.main.TestCaseExecutor.execute(TestCaseExecutor.java:233)
	at com.kms.katalon.core.main.TestCaseMain.runTestCase(TestCaseMain.java:114)
	at com.kms.katalon.core.keyword.builtin.CallTestCaseKeyword$_callTestCase_closure1.doCall(CallTestCaseKeyword.groovy:59)
	... 20 more
Caused by: com.kms.katalon.core.exception.StepFailedException: Text 'Good Morning!' is not present on page 
	... 39 more
)

2020-04-27 14:19:20 - [TEST_STEP][PASSED] - "--------------------------": null

2020-04-27 14:19:20 - [TEST_STEP][PASSED] - " Teardown - CLose Browser |": null

2020-04-27 14:19:20 - [TEST_STEP][PASSED] - callTestCase(findTestCase("Reusable_Test_Sequences/CAT_Teardown"), [:], OPTIONAL): Call Test Case 'Test Cases/Reusable_Test_Sequences/CAT_Teardown' successfully

2020-04-27 14:19:20 - [TEST_CASE][PASSED] - Test Cases/Reusable_Test_Sequences/CAT_Teardown: Test Cases/Reusable_Test_Sequences/CAT_Teardown

2020-04-27 14:19:20 - [TEST_STEP][PASSED] - closeBrowser(): Browser is closed

2020-04-27 14:19:22 - [MESSAGE][PASSED] - Browser is closed

2020-04-27 14:19:22 - [TEST_STEP][PASSED] - super.finalize(): null

2020-04-27 14:19:22 - [TEST_STEP][PASSED] - System.gc(): null

2020-04-27 14:19:22 - [MESSAGE][PASSED] - Call Test Case 'Test Cases/Reusable_Test_Sequences/CAT_Teardown' successfully]]></system-out>
         <system-err><![CDATA[]]></system-err>
      </testcase>
      <testcase name="Test Cases/Web_Office/Reports/Members_Activity_Photo_Stats" time="46.542" classname="Test Cases/Web_Office/Reports/Members_Activity_Photo_Stats" status="PASSED">
         <system-out><![CDATA[2020-04-27 14:19:22 - [TEST_CASE][PASSED] - Test Cases/Web_Office/Reports/Members_Activity_Photo_Stats: Test Cases/Web_Office/Reports/Members_Activity_Photo_Stats

2020-04-27 14:19:22 - [TEST_STEP][PASSED] - "--------------------------------------": null

2020-04-27 14:19:22 - [TEST_STEP][PASSED] - " Web Office StartUp                  |": null

2020-04-27 14:19:22 - [TEST_STEP][PASSED] - callTestCase(findTestCase("Reusable_Test_Sequences/Web_Office/Directives/WebOffice_StartUp"), [:], STOP_ON_FAILURE): Call Test Case 'Test Cases/Reusable_Test_Sequences/Web_Office/Directives/WebOffice_StartUp' successfully

2020-04-27 14:19:22 - [TEST_CASE][PASSED] - Test Cases/Reusable_Test_Sequences/Web_Office/Directives/WebOffice_StartUp: Test Cases/Reusable_Test_Sequences/Web_Office/Directives/WebOffice_StartUp

2020-04-27 14:19:22 - [TEST_STEP][PASSED] - "-----------------------------------------------------------------------------": null

2020-04-27 14:19:22 - [TEST_STEP][PASSED] - if (URL == "https://www.dev.checkatrade.com/"): null

2020-04-27 14:19:22 - [TEST_STEP][PASSED] - "-----------------------------------------------------------------------------": null

2020-04-27 14:19:22 - [TEST_STEP][PASSED] - if (URL == "https://www.checkatrade.com/"): null

2020-04-27 14:19:22 - [TEST_STEP][PASSED] - "-----------------------------------------------------------------------------": null

2020-04-27 14:19:22 - [TEST_STEP][PASSED] - if (URL == "https://www.preview.checkatrade.com/"): null

2020-04-27 14:19:22 - [TEST_STEP][PASSED] - WebOfficeURL = "https://admin.preview.checkatrade.com/": null

2020-04-27 14:19:22 - [TEST_STEP][PASSED] - if (URL == "https://www.dev2.checkatrade.com/"): null

2020-04-27 14:19:22 - [TEST_STEP][PASSED] - "Set Function Area for "URL_Handler", URL Resolution": null

2020-04-27 14:19:22 - [TEST_STEP][PASSED] - "Do Some Magic with URL(s) See the comments within URL Handler ": null

2020-04-27 14:19:22 - [TEST_STEP][PASSED] - "------------------------------------------------": null

2020-04-27 14:19:22 - [TEST_STEP][PASSED] - "Moved Login Credentials to <Default> profile 22/01/2020": null

2020-04-27 14:19:22 - [TEST_STEP][PASSED] - "------------------------------------------------": null

2020-04-27 14:19:22 - [TEST_STEP][PASSED] - "WebOfficeURL - Set from the ENVIRONMENT PROFILE ": null

2020-04-27 14:19:22 - [TEST_STEP][PASSED] - "OPEN BROWSER": null

2020-04-27 14:19:22 - [TEST_STEP][PASSED] - "eg - https://admin.preview.checkatrade.com/  ": null

2020-04-27 14:19:22 - [TEST_STEP][PASSED] - openBrowser(WebOfficeURL): Browser is opened with url: 'https://admin.preview.checkatrade.com/'

2020-04-27 14:19:22 - [MESSAGE][INFO] - Starting 'Chrome' driver

2020-04-27 14:19:22 - [MESSAGE][INFO] - Action delay is set to 0 milliseconds

2020-04-27 14:19:27 - [MESSAGE][PASSED] - Browser is opened with url: 'https://admin.preview.checkatrade.com/'

2020-04-27 14:19:27 - [TEST_STEP][PASSED] - maximizeWindow(): Current window maximized

2020-04-27 14:19:29 - [MESSAGE][PASSED] - Current window maximized

2020-04-27 14:19:29 - [TEST_STEP][PASSED] - waitForElementClickable(findTestObject("Object Repository/WebOffice/Page_Checkatrade - Administration - Login/Login_Button"), 25): Object 'Object Repository/WebOffice/Page_Checkatrade - Administration - Login/Login_Button' is clickable

2020-04-27 14:19:30 - [MESSAGE][PASSED] - Object 'Object Repository/WebOffice/Page_Checkatrade - Administration - Login/Login_Button' is clickable

2020-04-27 14:19:30 - [TEST_STEP][PASSED] - verifyTextPresent("Checkatrade Web Office", false): Text 'Checkatrade Web Office' is present on page 

2020-04-27 14:19:30 - [MESSAGE][PASSED] - Text 'Checkatrade Web Office' is present on page 

2020-04-27 14:19:30 - [TEST_STEP][PASSED] - verifyTextPresent("Access for staff use only", false): Text 'Access for staff use only' is present on page 

2020-04-27 14:19:30 - [MESSAGE][PASSED] - Text 'Access for staff use only' is present on page 

2020-04-27 14:19:30 - [TEST_STEP][PASSED] - verifyTextPresent("Forgotten password?", false): Text 'Forgotten password?' is present on page 

2020-04-27 14:19:30 - [MESSAGE][PASSED] - Text 'Forgotten password?' is present on page 

2020-04-27 14:19:30 - [TEST_STEP][PASSED] - setText(findTestObject("Object Repository/WebOffice/Page_Checkatrade - Administration - Login/input_Username_LoginControlUserName"), wo_Username): Text 'DavidHo' is set on object 'Object Repository/WebOffice/Page_Checkatrade - Administration - Login/input_Username_LoginControlUserName'

2020-04-27 14:19:30 - [MESSAGE][PASSED] - Text 'DavidHo' is set on object 'Object Repository/WebOffice/Page_Checkatrade - Administration - Login/input_Username_LoginControlUserName'

2020-04-27 14:19:30 - [TEST_STEP][PASSED] - setText(findTestObject("Object Repository/WebOffice/Page_Checkatrade - Administration - Login/input_Password_LoginControlPassword"), wo_Password): Text 'Check123' is set on object 'Object Repository/WebOffice/Page_Checkatrade - Administration - Login/input_Password_LoginControlPassword'

2020-04-27 14:19:30 - [MESSAGE][PASSED] - Text 'Check123' is set on object 'Object Repository/WebOffice/Page_Checkatrade - Administration - Login/input_Password_LoginControlPassword'

2020-04-27 14:19:30 - [TEST_STEP][PASSED] - click(findTestObject("Object Repository/WebOffice/Page_Checkatrade - Administration - Login/Login_Button")): Object: 'Object Repository/WebOffice/Page_Checkatrade - Administration - Login/Login_Button' is clicked on

2020-04-27 14:19:31 - [MESSAGE][PASSED] - Object: 'Object Repository/WebOffice/Page_Checkatrade - Administration - Login/Login_Button' is clicked on

2020-04-27 14:19:31 - [TEST_STEP][PASSED] - waitForPageLoad(60): Wait for page load successfully

2020-04-27 14:19:31 - [MESSAGE][PASSED] - Wait for page load successfully

2020-04-27 14:19:31 - [TEST_STEP][PASSED] - verifyTextPresent("Welcome " + wo_Username, false): Text 'Welcome DavidHo' is present on page 

2020-04-27 14:19:32 - [MESSAGE][PASSED] - Text 'Welcome DavidHo' is present on page 

2020-04-27 14:19:32 - [MESSAGE][PASSED] - Call Test Case 'Test Cases/Reusable_Test_Sequences/Web_Office/Directives/WebOffice_StartUp' successfully

2020-04-27 14:19:32 - [TEST_STEP][PASSED] - "-----------------------------------------------------------------": null

2020-04-27 14:19:32 - [TEST_STEP][PASSED] - " Navigate to <Settings->Checkatrade.Com->Sub Item> Menu Item     |": null

2020-04-27 14:19:32 - [TEST_STEP][PASSED] - callTestCase(findTestCase("Reusable_Test_Sequences/Web_Office/Navigation/Sub_Menu_Navigation/Reports/Members_Activity_Photo_Stats"), [:], STOP_ON_FAILURE): Call Test Case 'Test Cases/Reusable_Test_Sequences/Web_Office/Navigation/Sub_Menu_Navigation/Reports/Members_Activity_Photo_Stats' successfully

2020-04-27 14:19:32 - [TEST_CASE][PASSED] - Test Cases/Reusable_Test_Sequences/Web_Office/Navigation/Sub_Menu_Navigation/Reports/Members_Activity_Photo_Stats: Test Cases/Reusable_Test_Sequences/Web_Office/Navigation/Sub_Menu_Navigation/Reports/Members_Activity_Photo_Stats

2020-04-27 14:19:32 - [TEST_STEP][PASSED] - "--------------------------------------": null

2020-04-27 14:19:32 - [TEST_STEP][PASSED] - " Navigate Top level menu Item         |": null

2020-04-27 14:19:32 - [TEST_STEP][PASSED] - waitForPageLoad(60): Wait for page load successfully

2020-04-27 14:19:32 - [MESSAGE][PASSED] - Wait for page load successfully

2020-04-27 14:19:32 - [TEST_STEP][PASSED] - waitForElementClickable(findTestObject("Object Repository/WebOffice_Home_page/a_Reports"), 60): Object 'Object Repository/WebOffice_Home_page/a_Reports' is clickable

2020-04-27 14:19:32 - [MESSAGE][PASSED] - Object 'Object Repository/WebOffice_Home_page/a_Reports' is clickable

2020-04-27 14:19:32 - [TEST_STEP][PASSED] - mouseOver(findTestObject("Object Repository/WebOffice_Home_page/a_Reports")): Object: 'Object Repository/WebOffice_Home_page/a_Reports' is hovered

2020-04-27 14:19:33 - [MESSAGE][PASSED] - Object: 'Object Repository/WebOffice_Home_page/a_Reports' is hovered

2020-04-27 14:19:33 - [TEST_STEP][PASSED] - click(findTestObject("Object Repository/WebOffice_Home_page/Page_/a_Members")): Object: 'Object Repository/WebOffice_Home_page/Page_/a_Members' is clicked on

2020-04-27 14:19:33 - [MESSAGE][PASSED] - Object: 'Object Repository/WebOffice_Home_page/Page_/a_Members' is clicked on

2020-04-27 14:19:33 - [TEST_STEP][PASSED] - click(findTestObject("Object Repository/WebOffice_Home_page/Page_/a_Members Area Activity")): Object: 'Object Repository/WebOffice_Home_page/Page_/a_Members Area Activity' is clicked on

2020-04-27 14:19:33 - [MESSAGE][PASSED] - Object: 'Object Repository/WebOffice_Home_page/Page_/a_Members Area Activity' is clicked on

2020-04-27 14:19:33 - [TEST_STEP][PASSED] - waitForPageLoad(5): Wait for page load successfully

2020-04-27 14:19:33 - [MESSAGE][PASSED] - Wait for page load successfully

2020-04-27 14:19:33 - [TEST_STEP][PASSED] - waitForElementClickable(findTestObject("Object Repository/WebOffice_Home_page/Page_/a_Photo Statistics Report"), 5): Object 'Object Repository/WebOffice_Home_page/Page_/a_Photo Statistics Report' is clickable

2020-04-27 14:19:33 - [MESSAGE][PASSED] - Object 'Object Repository/WebOffice_Home_page/Page_/a_Photo Statistics Report' is clickable

2020-04-27 14:19:33 - [TEST_STEP][PASSED] - click(findTestObject("Object Repository/WebOffice_Home_page/Page_/a_Photo Statistics Report")): Object: 'Object Repository/WebOffice_Home_page/Page_/a_Photo Statistics Report' is clicked on

2020-04-27 14:20:04 - [MESSAGE][PASSED] - Object: 'Object Repository/WebOffice_Home_page/Page_/a_Photo Statistics Report' is clicked on

2020-04-27 14:20:04 - [MESSAGE][PASSED] - Call Test Case 'Test Cases/Reusable_Test_Sequences/Web_Office/Navigation/Sub_Menu_Navigation/Reports/Members_Activity_Photo_Stats' successfully

2020-04-27 14:20:04 - [TEST_STEP][PASSED] - "--------------------------------------": null

2020-04-27 14:20:04 - [TEST_STEP][PASSED] - " Verify Returned Page Detail          |": null

2020-04-27 14:20:04 - [TEST_STEP][PASSED] - callTestCase(findTestCase("Reusable_Test_Sequences/Web_Office/Verification/Reports/Members_Activity_Photo_Stats"), [:], OPTIONAL): Unable to call Test Case 'Test Cases/Reusable_Test_Sequences/Web_Office/Verification/Reports/Members_Activity_Photo_Stats' (Root cause: com.kms.katalon.core.exception.StepFailedException: Call Test Case 'Test Cases/Reusable_Test_Sequences/Web_Office/Verification/Reports/Members_Activity_Photo_Stats' failed
	at com.kms.katalon.core.keyword.builtin.CallTestCaseKeyword$_callTestCase_closure1.doCall(CallTestCaseKeyword.groovy:63)
	at com.kms.katalon.core.keyword.builtin.CallTestCaseKeyword$_callTestCase_closure1.call(CallTestCaseKeyword.groovy)
	at com.kms.katalon.core.keyword.internal.KeywordMain.runKeyword(KeywordMain.groovy:68)
	at com.kms.katalon.core.keyword.builtin.CallTestCaseKeyword.callTestCase(CallTestCaseKeyword.groovy:81)
	at com.kms.katalon.core.keyword.builtin.CallTestCaseKeyword.execute(CallTestCaseKeyword.groovy:44)
	at com.kms.katalon.core.keyword.internal.KeywordExecutor.executeKeywordForPlatform(KeywordExecutor.groovy:72)
	at com.kms.katalon.core.keyword.BuiltinKeywords.callTestCase(BuiltinKeywords.groovy:334)
	at Members_Activity_Photo_Stats.run(Members_Activity_Photo_Stats:64)
	at com.kms.katalon.core.main.ScriptEngine.run(ScriptEngine.java:194)
	at com.kms.katalon.core.main.ScriptEngine.runScriptAsRawText(ScriptEngine.java:119)
	at com.kms.katalon.core.main.TestCaseExecutor.runScript(TestCaseExecutor.java:337)
	at com.kms.katalon.core.main.TestCaseExecutor.doExecute(TestCaseExecutor.java:328)
	at com.kms.katalon.core.main.TestCaseExecutor.processExecutionPhase(TestCaseExecutor.java:307)
	at com.kms.katalon.core.main.TestCaseExecutor.accessMainPhase(TestCaseExecutor.java:299)
	at com.kms.katalon.core.main.TestCaseExecutor.execute(TestCaseExecutor.java:233)
	at com.kms.katalon.core.main.TestSuiteExecutor.accessTestCaseMainPhase(TestSuiteExecutor.java:169)
	at com.kms.katalon.core.main.TestSuiteExecutor.accessTestSuiteMainPhase(TestSuiteExecutor.java:142)
	at com.kms.katalon.core.main.TestSuiteExecutor.execute(TestSuiteExecutor.java:91)
	at com.kms.katalon.core.main.TestCaseMain.startTestSuite(TestCaseMain.java:157)
	at com.kms.katalon.core.main.TestCaseMain$startTestSuite$0.call(Unknown Source)
	at TempTestSuite1587991913277.run(TempTestSuite1587991913277.groovy:37)
Caused by: com.kms.katalon.core.exception.StepFailedException: Text 'Members Area Photo Statistics Report' is not present on page  (Root cause: com.kms.katalon.core.exception.StepFailedException: Text 'Members Area Photo Statistics Report' is not present on page 
	at com.kms.katalon.core.webui.keyword.internal.WebUIKeywordMain.stepFailed(WebUIKeywordMain.groovy:64)
	at com.kms.katalon.core.webui.keyword.builtin.VerifyTextPresentKeyword$_verifyTextPresent_closure1.doCall(VerifyTextPresentKeyword.groovy:79)
	at com.kms.katalon.core.webui.keyword.builtin.VerifyTextPresentKeyword$_verifyTextPresent_closure1.call(VerifyTextPresentKeyword.groovy)
	at com.kms.katalon.core.webui.keyword.internal.WebUIKeywordMain.runKeyword(WebUIKeywordMain.groovy:20)
	at com.kms.katalon.core.webui.keyword.builtin.VerifyTextPresentKeyword.verifyTextPresent(VerifyTextPresentKeyword.groovy:83)
	at com.kms.katalon.core.webui.keyword.builtin.VerifyTextPresentKeyword.execute(VerifyTextPresentKeyword.groovy:68)
	at com.kms.katalon.core.keyword.internal.KeywordExecutor.executeKeywordForPlatform(KeywordExecutor.groovy:72)
	at com.kms.katalon.core.webui.keyword.WebUiBuiltInKeywords.verifyTextPresent(WebUiBuiltInKeywords.groovy:1719)
	at com.kms.katalon.core.webui.keyword.WebUiBuiltInKeywords$verifyTextPresent$2.call(Unknown Source)
	at Members_Activity_Photo_Stats.run(Members_Activity_Photo_Stats:48)
	at com.kms.katalon.core.main.ScriptEngine.run(ScriptEngine.java:194)
	at com.kms.katalon.core.main.ScriptEngine.runScriptAsRawText(ScriptEngine.java:119)
	at com.kms.katalon.core.main.TestCaseExecutor.runScript(TestCaseExecutor.java:337)
	at com.kms.katalon.core.main.TestCaseExecutor.doExecute(TestCaseExecutor.java:328)
	at com.kms.katalon.core.main.TestCaseExecutor.processExecutionPhase(TestCaseExecutor.java:307)
	at com.kms.katalon.core.main.TestCaseExecutor.accessMainPhase(TestCaseExecutor.java:299)
	at com.kms.katalon.core.main.TestCaseExecutor.execute(TestCaseExecutor.java:233)
	at com.kms.katalon.core.main.TestCaseMain.runTestCase(TestCaseMain.java:114)
	at com.kms.katalon.core.keyword.builtin.CallTestCaseKeyword$_callTestCase_closure1.doCall(CallTestCaseKeyword.groovy:59)
	at com.kms.katalon.core.keyword.builtin.CallTestCaseKeyword$_callTestCase_closure1.call(CallTestCaseKeyword.groovy)
	at com.kms.katalon.core.keyword.internal.KeywordMain.runKeyword(KeywordMain.groovy:68)
	at com.kms.katalon.core.keyword.builtin.CallTestCaseKeyword.callTestCase(CallTestCaseKeyword.groovy:81)
	at com.kms.katalon.core.keyword.builtin.CallTestCaseKeyword.execute(CallTestCaseKeyword.groovy:44)
	at com.kms.katalon.core.keyword.internal.KeywordExecutor.executeKeywordForPlatform(KeywordExecutor.groovy:72)
	at com.kms.katalon.core.keyword.BuiltinKeywords.callTestCase(BuiltinKeywords.groovy:334)
	at Members_Activity_Photo_Stats.run(Members_Activity_Photo_Stats:64)
	at com.kms.katalon.core.main.ScriptEngine.run(ScriptEngine.java:194)
	at com.kms.katalon.core.main.ScriptEngine.runScriptAsRawText(ScriptEngine.java:119)
	at com.kms.katalon.core.main.TestCaseExecutor.runScript(TestCaseExecutor.java:337)
	at com.kms.katalon.core.main.TestCaseExecutor.doExecute(TestCaseExecutor.java:328)
	at com.kms.katalon.core.main.TestCaseExecutor.processExecutionPhase(TestCaseExecutor.java:307)
	at com.kms.katalon.core.main.TestCaseExecutor.accessMainPhase(TestCaseExecutor.java:299)
	at com.kms.katalon.core.main.TestCaseExecutor.execute(TestCaseExecutor.java:233)
	at com.kms.katalon.core.main.TestSuiteExecutor.accessTestCaseMainPhase(TestSuiteExecutor.java:169)
	at com.kms.katalon.core.main.TestSuiteExecutor.accessTestSuiteMainPhase(TestSuiteExecutor.java:142)
	at com.kms.katalon.core.main.TestSuiteExecutor.execute(TestSuiteExecutor.java:91)
	at com.kms.katalon.core.main.TestCaseMain.startTestSuite(TestCaseMain.java:157)
	at com.kms.katalon.core.main.TestCaseMain$startTestSuite$0.call(Unknown Source)
	at TempTestSuite1587991913277.run(TempTestSuite1587991913277.groovy:37)
)
	at com.kms.katalon.core.keyword.internal.KeywordMain.stepFailed(KeywordMain.groovy:39)
	at com.kms.katalon.core.webui.keyword.internal.WebUIKeywordMain.stepFailed(WebUIKeywordMain.groovy:64)
	at com.kms.katalon.core.webui.keyword.builtin.VerifyTextPresentKeyword$_verifyTextPresent_closure1.doCall(VerifyTextPresentKeyword.groovy:79)
	at com.kms.katalon.core.webui.keyword.builtin.VerifyTextPresentKeyword$_verifyTextPresent_closure1.call(VerifyTextPresentKeyword.groovy)
	at com.kms.katalon.core.webui.keyword.internal.WebUIKeywordMain.runKeyword(WebUIKeywordMain.groovy:20)
	at com.kms.katalon.core.webui.keyword.builtin.VerifyTextPresentKeyword.verifyTextPresent(VerifyTextPresentKeyword.groovy:83)
	at com.kms.katalon.core.webui.keyword.builtin.VerifyTextPresentKeyword.execute(VerifyTextPresentKeyword.groovy:68)
	at com.kms.katalon.core.keyword.internal.KeywordExecutor.executeKeywordForPlatform(KeywordExecutor.groovy:72)
	at com.kms.katalon.core.webui.keyword.WebUiBuiltInKeywords.verifyTextPresent(WebUiBuiltInKeywords.groovy:1719)
	at com.kms.katalon.core.webui.keyword.WebUiBuiltInKeywords$verifyTextPresent$2.call(Unknown Source)
	at Members_Activity_Photo_Stats.run(Members_Activity_Photo_Stats:48)
	at com.kms.katalon.core.main.ScriptEngine.run(ScriptEngine.java:194)
	at com.kms.katalon.core.main.ScriptEngine.runScriptAsRawText(ScriptEngine.java:119)
	at com.kms.katalon.core.main.TestCaseExecutor.runScript(TestCaseExecutor.java:337)
	at com.kms.katalon.core.main.TestCaseExecutor.doExecute(TestCaseExecutor.java:328)
	at com.kms.katalon.core.main.TestCaseExecutor.processExecutionPhase(TestCaseExecutor.java:307)
	at com.kms.katalon.core.main.TestCaseExecutor.accessMainPhase(TestCaseExecutor.java:299)
	at com.kms.katalon.core.main.TestCaseExecutor.execute(TestCaseExecutor.java:233)
	at com.kms.katalon.core.main.TestCaseMain.runTestCase(TestCaseMain.java:114)
	at com.kms.katalon.core.keyword.builtin.CallTestCaseKeyword$_callTestCase_closure1.doCall(CallTestCaseKeyword.groovy:59)
	... 20 more
Caused by: com.kms.katalon.core.exception.StepFailedException: Text 'Members Area Photo Statistics Report' is not present on page 
	... 39 more
)

2020-04-27 14:20:04 - [TEST_CASE][FAILED] - Test Cases/Reusable_Test_Sequences/Web_Office/Verification/Reports/Members_Activity_Photo_Stats: Test Cases/Reusable_Test_Sequences/Web_Office/Verification/Reports/Members_Activity_Photo_Stats FAILED.
Reason:
com.kms.katalon.core.exception.StepFailedException: Text 'Members Area Photo Statistics Report' is not present on page  (Root cause: com.kms.katalon.core.exception.StepFailedException: Text 'Members Area Photo Statistics Report' is not present on page 
	at com.kms.katalon.core.webui.keyword.internal.WebUIKeywordMain.stepFailed(WebUIKeywordMain.groovy:64)
	at com.kms.katalon.core.webui.keyword.builtin.VerifyTextPresentKeyword$_verifyTextPresent_closure1.doCall(VerifyTextPresentKeyword.groovy:79)
	at com.kms.katalon.core.webui.keyword.builtin.VerifyTextPresentKeyword$_verifyTextPresent_closure1.call(VerifyTextPresentKeyword.groovy)
	at com.kms.katalon.core.webui.keyword.internal.WebUIKeywordMain.runKeyword(WebUIKeywordMain.groovy:20)
	at com.kms.katalon.core.webui.keyword.builtin.VerifyTextPresentKeyword.verifyTextPresent(VerifyTextPresentKeyword.groovy:83)
	at com.kms.katalon.core.webui.keyword.builtin.VerifyTextPresentKeyword.execute(VerifyTextPresentKeyword.groovy:68)
	at com.kms.katalon.core.keyword.internal.KeywordExecutor.executeKeywordForPlatform(KeywordExecutor.groovy:72)
	at com.kms.katalon.core.webui.keyword.WebUiBuiltInKeywords.verifyTextPresent(WebUiBuiltInKeywords.groovy:1719)
	at com.kms.katalon.core.webui.keyword.WebUiBuiltInKeywords$verifyTextPresent$2.call(Unknown Source)
	at Members_Activity_Photo_Stats.run(Members_Activity_Photo_Stats:48)
	at com.kms.katalon.core.main.ScriptEngine.run(ScriptEngine.java:194)
	at com.kms.katalon.core.main.ScriptEngine.runScriptAsRawText(ScriptEngine.java:119)
	at com.kms.katalon.core.main.TestCaseExecutor.runScript(TestCaseExecutor.java:337)
	at com.kms.katalon.core.main.TestCaseExecutor.doExecute(TestCaseExecutor.java:328)
	at com.kms.katalon.core.main.TestCaseExecutor.processExecutionPhase(TestCaseExecutor.java:307)
	at com.kms.katalon.core.main.TestCaseExecutor.accessMainPhase(TestCaseExecutor.java:299)
	at com.kms.katalon.core.main.TestCaseExecutor.execute(TestCaseExecutor.java:233)
	at com.kms.katalon.core.main.TestCaseMain.runTestCase(TestCaseMain.java:114)
	at com.kms.katalon.core.keyword.builtin.CallTestCaseKeyword$_callTestCase_closure1.doCall(CallTestCaseKeyword.groovy:59)
	at com.kms.katalon.core.keyword.builtin.CallTestCaseKeyword$_callTestCase_closure1.call(CallTestCaseKeyword.groovy)
	at com.kms.katalon.core.keyword.internal.KeywordMain.runKeyword(KeywordMain.groovy:68)
	at com.kms.katalon.core.keyword.builtin.CallTestCaseKeyword.callTestCase(CallTestCaseKeyword.groovy:81)
	at com.kms.katalon.core.keyword.builtin.CallTestCaseKeyword.execute(CallTestCaseKeyword.groovy:44)
	at com.kms.katalon.core.keyword.internal.KeywordExecutor.executeKeywordForPlatform(KeywordExecutor.groovy:72)
	at com.kms.katalon.core.keyword.BuiltinKeywords.callTestCase(BuiltinKeywords.groovy:334)
	at Members_Activity_Photo_Stats.run(Members_Activity_Photo_Stats:64)
	at com.kms.katalon.core.main.ScriptEngine.run(ScriptEngine.java:194)
	at com.kms.katalon.core.main.ScriptEngine.runScriptAsRawText(ScriptEngine.java:119)
	at com.kms.katalon.core.main.TestCaseExecutor.runScript(TestCaseExecutor.java:337)
	at com.kms.katalon.core.main.TestCaseExecutor.doExecute(TestCaseExecutor.java:328)
	at com.kms.katalon.core.main.TestCaseExecutor.processExecutionPhase(TestCaseExecutor.java:307)
	at com.kms.katalon.core.main.TestCaseExecutor.accessMainPhase(TestCaseExecutor.java:299)
	at com.kms.katalon.core.main.TestCaseExecutor.execute(TestCaseExecutor.java:233)
	at com.kms.katalon.core.main.TestSuiteExecutor.accessTestCaseMainPhase(TestSuiteExecutor.java:169)
	at com.kms.katalon.core.main.TestSuiteExecutor.accessTestSuiteMainPhase(TestSuiteExecutor.java:142)
	at com.kms.katalon.core.main.TestSuiteExecutor.execute(TestSuiteExecutor.java:91)
	at com.kms.katalon.core.main.TestCaseMain.startTestSuite(TestCaseMain.java:157)
	at com.kms.katalon.core.main.TestCaseMain$startTestSuite$0.call(Unknown Source)
	at TempTestSuite1587991913277.run(TempTestSuite1587991913277.groovy:37)
)
	at com.kms.katalon.core.keyword.internal.KeywordMain.stepFailed(KeywordMain.groovy:39)
	at com.kms.katalon.core.webui.keyword.internal.WebUIKeywordMain.stepFailed(WebUIKeywordMain.groovy:64)
	at com.kms.katalon.core.webui.keyword.builtin.VerifyTextPresentKeyword$_verifyTextPresent_closure1.doCall(VerifyTextPresentKeyword.groovy:79)
	at com.kms.katalon.core.webui.keyword.builtin.VerifyTextPresentKeyword$_verifyTextPresent_closure1.call(VerifyTextPresentKeyword.groovy)
	at com.kms.katalon.core.webui.keyword.internal.WebUIKeywordMain.runKeyword(WebUIKeywordMain.groovy:20)
	at com.kms.katalon.core.webui.keyword.builtin.VerifyTextPresentKeyword.verifyTextPresent(VerifyTextPresentKeyword.groovy:83)
	at com.kms.katalon.core.webui.keyword.builtin.VerifyTextPresentKeyword.execute(VerifyTextPresentKeyword.groovy:68)
	at com.kms.katalon.core.keyword.internal.KeywordExecutor.executeKeywordForPlatform(KeywordExecutor.groovy:72)
	at com.kms.katalon.core.webui.keyword.WebUiBuiltInKeywords.verifyTextPresent(WebUiBuiltInKeywords.groovy:1719)
	at com.kms.katalon.core.webui.keyword.WebUiBuiltInKeywords$verifyTextPresent$2.call(Unknown Source)
	at Members_Activity_Photo_Stats.run(Members_Activity_Photo_Stats:48)
	at com.kms.katalon.core.main.ScriptEngine.run(ScriptEngine.java:194)
	at com.kms.katalon.core.main.ScriptEngine.runScriptAsRawText(ScriptEngine.java:119)
	at com.kms.katalon.core.main.TestCaseExecutor.runScript(TestCaseExecutor.java:337)
	at com.kms.katalon.core.main.TestCaseExecutor.doExecute(TestCaseExecutor.java:328)
	at com.kms.katalon.core.main.TestCaseExecutor.processExecutionPhase(TestCaseExecutor.java:307)
	at com.kms.katalon.core.main.TestCaseExecutor.accessMainPhase(TestCaseExecutor.java:299)
	at com.kms.katalon.core.main.TestCaseExecutor.execute(TestCaseExecutor.java:233)
	at com.kms.katalon.core.main.TestCaseMain.runTestCase(TestCaseMain.java:114)
	at com.kms.katalon.core.keyword.builtin.CallTestCaseKeyword$_callTestCase_closure1.doCall(CallTestCaseKeyword.groovy:59)
	at com.kms.katalon.core.keyword.builtin.CallTestCaseKeyword$_callTestCase_closure1.call(CallTestCaseKeyword.groovy)
	at com.kms.katalon.core.keyword.internal.KeywordMain.runKeyword(KeywordMain.groovy:68)
	at com.kms.katalon.core.keyword.builtin.CallTestCaseKeyword.callTestCase(CallTestCaseKeyword.groovy:81)
	at com.kms.katalon.core.keyword.builtin.CallTestCaseKeyword.execute(CallTestCaseKeyword.groovy:44)
	at com.kms.katalon.core.keyword.internal.KeywordExecutor.executeKeywordForPlatform(KeywordExecutor.groovy:72)
	at com.kms.katalon.core.keyword.BuiltinKeywords.callTestCase(BuiltinKeywords.groovy:334)
	at Members_Activity_Photo_Stats.run(Members_Activity_Photo_Stats:64)
	at com.kms.katalon.core.main.ScriptEngine.run(ScriptEngine.java:194)
	at com.kms.katalon.core.main.ScriptEngine.runScriptAsRawText(ScriptEngine.java:119)
	at com.kms.katalon.core.main.TestCaseExecutor.runScript(TestCaseExecutor.java:337)
	at com.kms.katalon.core.main.TestCaseExecutor.doExecute(TestCaseExecutor.java:328)
	at com.kms.katalon.core.main.TestCaseExecutor.processExecutionPhase(TestCaseExecutor.java:307)
	at com.kms.katalon.core.main.TestCaseExecutor.accessMainPhase(TestCaseExecutor.java:299)
	at com.kms.katalon.core.main.TestCaseExecutor.execute(TestCaseExecutor.java:233)
	at com.kms.katalon.core.main.TestSuiteExecutor.accessTestCaseMainPhase(TestSuiteExecutor.java:169)
	at com.kms.katalon.core.main.TestSuiteExecutor.accessTestSuiteMainPhase(TestSuiteExecutor.java:142)
	at com.kms.katalon.core.main.TestSuiteExecutor.execute(TestSuiteExecutor.java:91)
	at com.kms.katalon.core.main.TestCaseMain.startTestSuite(TestCaseMain.java:157)
	at com.kms.katalon.core.main.TestCaseMain$startTestSuite$0.call(Unknown Source)
	at TempTestSuite1587991913277.run(TempTestSuite1587991913277.groovy:37)
Caused by: com.kms.katalon.core.exception.StepFailedException: Text 'Members Area Photo Statistics Report' is not present on page 
	... 39 more


2020-04-27 14:20:04 - [TEST_STEP][PASSED] - waitForPageLoad(120): Wait for page load successfully

2020-04-27 14:20:04 - [MESSAGE][PASSED] - Wait for page load successfully

2020-04-27 14:20:04 - [TEST_STEP][PASSED] - delay(1): Delayed 1 second(s)

2020-04-27 14:20:05 - [MESSAGE][PASSED] - Delayed 1 second(s)

2020-04-27 14:20:05 - [TEST_STEP][FAILED] - verifyTextPresent("Members Area Photo Statistics Report", false): Text 'Members Area Photo Statistics Report' is not present on page  (Root cause: com.kms.katalon.core.exception.StepFailedException: Text 'Members Area Photo Statistics Report' is not present on page 
	at com.kms.katalon.core.webui.keyword.internal.WebUIKeywordMain.stepFailed(WebUIKeywordMain.groovy:64)
	at com.kms.katalon.core.webui.keyword.builtin.VerifyTextPresentKeyword$_verifyTextPresent_closure1.doCall(VerifyTextPresentKeyword.groovy:79)
	at com.kms.katalon.core.webui.keyword.builtin.VerifyTextPresentKeyword$_verifyTextPresent_closure1.call(VerifyTextPresentKeyword.groovy)
	at com.kms.katalon.core.webui.keyword.internal.WebUIKeywordMain.runKeyword(WebUIKeywordMain.groovy:20)
	at com.kms.katalon.core.webui.keyword.builtin.VerifyTextPresentKeyword.verifyTextPresent(VerifyTextPresentKeyword.groovy:83)
	at com.kms.katalon.core.webui.keyword.builtin.VerifyTextPresentKeyword.execute(VerifyTextPresentKeyword.groovy:68)
	at com.kms.katalon.core.keyword.internal.KeywordExecutor.executeKeywordForPlatform(KeywordExecutor.groovy:72)
	at com.kms.katalon.core.webui.keyword.WebUiBuiltInKeywords.verifyTextPresent(WebUiBuiltInKeywords.groovy:1719)
	at com.kms.katalon.core.webui.keyword.WebUiBuiltInKeywords$verifyTextPresent$2.call(Unknown Source)
	at Members_Activity_Photo_Stats.run(Members_Activity_Photo_Stats:48)
	at com.kms.katalon.core.main.ScriptEngine.run(ScriptEngine.java:194)
	at com.kms.katalon.core.main.ScriptEngine.runScriptAsRawText(ScriptEngine.java:119)
	at com.kms.katalon.core.main.TestCaseExecutor.runScript(TestCaseExecutor.java:337)
	at com.kms.katalon.core.main.TestCaseExecutor.doExecute(TestCaseExecutor.java:328)
	at com.kms.katalon.core.main.TestCaseExecutor.processExecutionPhase(TestCaseExecutor.java:307)
	at com.kms.katalon.core.main.TestCaseExecutor.accessMainPhase(TestCaseExecutor.java:299)
	at com.kms.katalon.core.main.TestCaseExecutor.execute(TestCaseExecutor.java:233)
	at com.kms.katalon.core.main.TestCaseMain.runTestCase(TestCaseMain.java:114)
	at com.kms.katalon.core.keyword.builtin.CallTestCaseKeyword$_callTestCase_closure1.doCall(CallTestCaseKeyword.groovy:59)
	at com.kms.katalon.core.keyword.builtin.CallTestCaseKeyword$_callTestCase_closure1.call(CallTestCaseKeyword.groovy)
	at com.kms.katalon.core.keyword.internal.KeywordMain.runKeyword(KeywordMain.groovy:68)
	at com.kms.katalon.core.keyword.builtin.CallTestCaseKeyword.callTestCase(CallTestCaseKeyword.groovy:81)
	at com.kms.katalon.core.keyword.builtin.CallTestCaseKeyword.execute(CallTestCaseKeyword.groovy:44)
	at com.kms.katalon.core.keyword.internal.KeywordExecutor.executeKeywordForPlatform(KeywordExecutor.groovy:72)
	at com.kms.katalon.core.keyword.BuiltinKeywords.callTestCase(BuiltinKeywords.groovy:334)
	at Members_Activity_Photo_Stats.run(Members_Activity_Photo_Stats:64)
	at com.kms.katalon.core.main.ScriptEngine.run(ScriptEngine.java:194)
	at com.kms.katalon.core.main.ScriptEngine.runScriptAsRawText(ScriptEngine.java:119)
	at com.kms.katalon.core.main.TestCaseExecutor.runScript(TestCaseExecutor.java:337)
	at com.kms.katalon.core.main.TestCaseExecutor.doExecute(TestCaseExecutor.java:328)
	at com.kms.katalon.core.main.TestCaseExecutor.processExecutionPhase(TestCaseExecutor.java:307)
	at com.kms.katalon.core.main.TestCaseExecutor.accessMainPhase(TestCaseExecutor.java:299)
	at com.kms.katalon.core.main.TestCaseExecutor.execute(TestCaseExecutor.java:233)
	at com.kms.katalon.core.main.TestSuiteExecutor.accessTestCaseMainPhase(TestSuiteExecutor.java:169)
	at com.kms.katalon.core.main.TestSuiteExecutor.accessTestSuiteMainPhase(TestSuiteExecutor.java:142)
	at com.kms.katalon.core.main.TestSuiteExecutor.execute(TestSuiteExecutor.java:91)
	at com.kms.katalon.core.main.TestCaseMain.startTestSuite(TestCaseMain.java:157)
	at com.kms.katalon.core.main.TestCaseMain$startTestSuite$0.call(Unknown Source)
	at TempTestSuite1587991913277.run(TempTestSuite1587991913277.groovy:37)
)

2020-04-27 14:20:05 - [MESSAGE][FAILED] - Text 'Members Area Photo Statistics Report' is not present on page  (Root cause: com.kms.katalon.core.exception.StepFailedException: Text 'Members Area Photo Statistics Report' is not present on page 
	at com.kms.katalon.core.webui.keyword.internal.WebUIKeywordMain.stepFailed(WebUIKeywordMain.groovy:64)
	at com.kms.katalon.core.webui.keyword.builtin.VerifyTextPresentKeyword$_verifyTextPresent_closure1.doCall(VerifyTextPresentKeyword.groovy:79)
	at com.kms.katalon.core.webui.keyword.builtin.VerifyTextPresentKeyword$_verifyTextPresent_closure1.call(VerifyTextPresentKeyword.groovy)
	at com.kms.katalon.core.webui.keyword.internal.WebUIKeywordMain.runKeyword(WebUIKeywordMain.groovy:20)
	at com.kms.katalon.core.webui.keyword.builtin.VerifyTextPresentKeyword.verifyTextPresent(VerifyTextPresentKeyword.groovy:83)
	at com.kms.katalon.core.webui.keyword.builtin.VerifyTextPresentKeyword.execute(VerifyTextPresentKeyword.groovy:68)
	at com.kms.katalon.core.keyword.internal.KeywordExecutor.executeKeywordForPlatform(KeywordExecutor.groovy:72)
	at com.kms.katalon.core.webui.keyword.WebUiBuiltInKeywords.verifyTextPresent(WebUiBuiltInKeywords.groovy:1719)
	at com.kms.katalon.core.webui.keyword.WebUiBuiltInKeywords$verifyTextPresent$2.call(Unknown Source)
	at Members_Activity_Photo_Stats.run(Members_Activity_Photo_Stats:48)
	at com.kms.katalon.core.main.ScriptEngine.run(ScriptEngine.java:194)
	at com.kms.katalon.core.main.ScriptEngine.runScriptAsRawText(ScriptEngine.java:119)
	at com.kms.katalon.core.main.TestCaseExecutor.runScript(TestCaseExecutor.java:337)
	at com.kms.katalon.core.main.TestCaseExecutor.doExecute(TestCaseExecutor.java:328)
	at com.kms.katalon.core.main.TestCaseExecutor.processExecutionPhase(TestCaseExecutor.java:307)
	at com.kms.katalon.core.main.TestCaseExecutor.accessMainPhase(TestCaseExecutor.java:299)
	at com.kms.katalon.core.main.TestCaseExecutor.execute(TestCaseExecutor.java:233)
	at com.kms.katalon.core.main.TestCaseMain.runTestCase(TestCaseMain.java:114)
	at com.kms.katalon.core.keyword.builtin.CallTestCaseKeyword$_callTestCase_closure1.doCall(CallTestCaseKeyword.groovy:59)
	at com.kms.katalon.core.keyword.builtin.CallTestCaseKeyword$_callTestCase_closure1.call(CallTestCaseKeyword.groovy)
	at com.kms.katalon.core.keyword.internal.KeywordMain.runKeyword(KeywordMain.groovy:68)
	at com.kms.katalon.core.keyword.builtin.CallTestCaseKeyword.callTestCase(CallTestCaseKeyword.groovy:81)
	at com.kms.katalon.core.keyword.builtin.CallTestCaseKeyword.execute(CallTestCaseKeyword.groovy:44)
	at com.kms.katalon.core.keyword.internal.KeywordExecutor.executeKeywordForPlatform(KeywordExecutor.groovy:72)
	at com.kms.katalon.core.keyword.BuiltinKeywords.callTestCase(BuiltinKeywords.groovy:334)
	at Members_Activity_Photo_Stats.run(Members_Activity_Photo_Stats:64)
	at com.kms.katalon.core.main.ScriptEngine.run(ScriptEngine.java:194)
	at com.kms.katalon.core.main.ScriptEngine.runScriptAsRawText(ScriptEngine.java:119)
	at com.kms.katalon.core.main.TestCaseExecutor.runScript(TestCaseExecutor.java:337)
	at com.kms.katalon.core.main.TestCaseExecutor.doExecute(TestCaseExecutor.java:328)
	at com.kms.katalon.core.main.TestCaseExecutor.processExecutionPhase(TestCaseExecutor.java:307)
	at com.kms.katalon.core.main.TestCaseExecutor.accessMainPhase(TestCaseExecutor.java:299)
	at com.kms.katalon.core.main.TestCaseExecutor.execute(TestCaseExecutor.java:233)
	at com.kms.katalon.core.main.TestSuiteExecutor.accessTestCaseMainPhase(TestSuiteExecutor.java:169)
	at com.kms.katalon.core.main.TestSuiteExecutor.accessTestSuiteMainPhase(TestSuiteExecutor.java:142)
	at com.kms.katalon.core.main.TestSuiteExecutor.execute(TestSuiteExecutor.java:91)
	at com.kms.katalon.core.main.TestCaseMain.startTestSuite(TestCaseMain.java:157)
	at com.kms.katalon.core.main.TestCaseMain$startTestSuite$0.call(Unknown Source)
	at TempTestSuite1587991913277.run(TempTestSuite1587991913277.groovy:37)
)

2020-04-27 14:20:05 - [TEST_STEP][PASSED] - "----------------------------------------------": null

2020-04-27 14:20:05 - [TEST_STEP][FAILED] - verifyTextPresent("Total no. companies", false): Text 'Total no. companies' is not present on page  (Root cause: com.kms.katalon.core.exception.StepFailedException: Text 'Total no. companies' is not present on page 
	at com.kms.katalon.core.webui.keyword.internal.WebUIKeywordMain.stepFailed(WebUIKeywordMain.groovy:64)
	at com.kms.katalon.core.webui.keyword.builtin.VerifyTextPresentKeyword$_verifyTextPresent_closure1.doCall(VerifyTextPresentKeyword.groovy:79)
	at com.kms.katalon.core.webui.keyword.builtin.VerifyTextPresentKeyword$_verifyTextPresent_closure1.call(VerifyTextPresentKeyword.groovy)
	at com.kms.katalon.core.webui.keyword.internal.WebUIKeywordMain.runKeyword(WebUIKeywordMain.groovy:20)
	at com.kms.katalon.core.webui.keyword.builtin.VerifyTextPresentKeyword.verifyTextPresent(VerifyTextPresentKeyword.groovy:83)
	at com.kms.katalon.core.webui.keyword.builtin.VerifyTextPresentKeyword.execute(VerifyTextPresentKeyword.groovy:68)
	at com.kms.katalon.core.keyword.internal.KeywordExecutor.executeKeywordForPlatform(KeywordExecutor.groovy:72)
	at com.kms.katalon.core.webui.keyword.WebUiBuiltInKeywords.verifyTextPresent(WebUiBuiltInKeywords.groovy:1719)
	at com.kms.katalon.core.webui.keyword.WebUiBuiltInKeywords$verifyTextPresent$2.call(Unknown Source)
	at Members_Activity_Photo_Stats.run(Members_Activity_Photo_Stats:54)
	at com.kms.katalon.core.main.ScriptEngine.run(ScriptEngine.java:194)
	at com.kms.katalon.core.main.ScriptEngine.runScriptAsRawText(ScriptEngine.java:119)
	at com.kms.katalon.core.main.TestCaseExecutor.runScript(TestCaseExecutor.java:337)
	at com.kms.katalon.core.main.TestCaseExecutor.doExecute(TestCaseExecutor.java:328)
	at com.kms.katalon.core.main.TestCaseExecutor.processExecutionPhase(TestCaseExecutor.java:307)
	at com.kms.katalon.core.main.TestCaseExecutor.accessMainPhase(TestCaseExecutor.java:299)
	at com.kms.katalon.core.main.TestCaseExecutor.execute(TestCaseExecutor.java:233)
	at com.kms.katalon.core.main.TestCaseMain.runTestCase(TestCaseMain.java:114)
	at com.kms.katalon.core.keyword.builtin.CallTestCaseKeyword$_callTestCase_closure1.doCall(CallTestCaseKeyword.groovy:59)
	at com.kms.katalon.core.keyword.builtin.CallTestCaseKeyword$_callTestCase_closure1.call(CallTestCaseKeyword.groovy)
	at com.kms.katalon.core.keyword.internal.KeywordMain.runKeyword(KeywordMain.groovy:68)
	at com.kms.katalon.core.keyword.builtin.CallTestCaseKeyword.callTestCase(CallTestCaseKeyword.groovy:81)
	at com.kms.katalon.core.keyword.builtin.CallTestCaseKeyword.execute(CallTestCaseKeyword.groovy:44)
	at com.kms.katalon.core.keyword.internal.KeywordExecutor.executeKeywordForPlatform(KeywordExecutor.groovy:72)
	at com.kms.katalon.core.keyword.BuiltinKeywords.callTestCase(BuiltinKeywords.groovy:334)
	at Members_Activity_Photo_Stats.run(Members_Activity_Photo_Stats:64)
	at com.kms.katalon.core.main.ScriptEngine.run(ScriptEngine.java:194)
	at com.kms.katalon.core.main.ScriptEngine.runScriptAsRawText(ScriptEngine.java:119)
	at com.kms.katalon.core.main.TestCaseExecutor.runScript(TestCaseExecutor.java:337)
	at com.kms.katalon.core.main.TestCaseExecutor.doExecute(TestCaseExecutor.java:328)
	at com.kms.katalon.core.main.TestCaseExecutor.processExecutionPhase(TestCaseExecutor.java:307)
	at com.kms.katalon.core.main.TestCaseExecutor.accessMainPhase(TestCaseExecutor.java:299)
	at com.kms.katalon.core.main.TestCaseExecutor.execute(TestCaseExecutor.java:233)
	at com.kms.katalon.core.main.TestSuiteExecutor.accessTestCaseMainPhase(TestSuiteExecutor.java:169)
	at com.kms.katalon.core.main.TestSuiteExecutor.accessTestSuiteMainPhase(TestSuiteExecutor.java:142)
	at com.kms.katalon.core.main.TestSuiteExecutor.execute(TestSuiteExecutor.java:91)
	at com.kms.katalon.core.main.TestCaseMain.startTestSuite(TestCaseMain.java:157)
	at com.kms.katalon.core.main.TestCaseMain$startTestSuite$0.call(Unknown Source)
	at TempTestSuite1587991913277.run(TempTestSuite1587991913277.groovy:37)
)

2020-04-27 14:20:06 - [MESSAGE][FAILED] - Text 'Total no. companies' is not present on page  (Root cause: com.kms.katalon.core.exception.StepFailedException: Text 'Total no. companies' is not present on page 
	at com.kms.katalon.core.webui.keyword.internal.WebUIKeywordMain.stepFailed(WebUIKeywordMain.groovy:64)
	at com.kms.katalon.core.webui.keyword.builtin.VerifyTextPresentKeyword$_verifyTextPresent_closure1.doCall(VerifyTextPresentKeyword.groovy:79)
	at com.kms.katalon.core.webui.keyword.builtin.VerifyTextPresentKeyword$_verifyTextPresent_closure1.call(VerifyTextPresentKeyword.groovy)
	at com.kms.katalon.core.webui.keyword.internal.WebUIKeywordMain.runKeyword(WebUIKeywordMain.groovy:20)
	at com.kms.katalon.core.webui.keyword.builtin.VerifyTextPresentKeyword.verifyTextPresent(VerifyTextPresentKeyword.groovy:83)
	at com.kms.katalon.core.webui.keyword.builtin.VerifyTextPresentKeyword.execute(VerifyTextPresentKeyword.groovy:68)
	at com.kms.katalon.core.keyword.internal.KeywordExecutor.executeKeywordForPlatform(KeywordExecutor.groovy:72)
	at com.kms.katalon.core.webui.keyword.WebUiBuiltInKeywords.verifyTextPresent(WebUiBuiltInKeywords.groovy:1719)
	at com.kms.katalon.core.webui.keyword.WebUiBuiltInKeywords$verifyTextPresent$2.call(Unknown Source)
	at Members_Activity_Photo_Stats.run(Members_Activity_Photo_Stats:54)
	at com.kms.katalon.core.main.ScriptEngine.run(ScriptEngine.java:194)
	at com.kms.katalon.core.main.ScriptEngine.runScriptAsRawText(ScriptEngine.java:119)
	at com.kms.katalon.core.main.TestCaseExecutor.runScript(TestCaseExecutor.java:337)
	at com.kms.katalon.core.main.TestCaseExecutor.doExecute(TestCaseExecutor.java:328)
	at com.kms.katalon.core.main.TestCaseExecutor.processExecutionPhase(TestCaseExecutor.java:307)
	at com.kms.katalon.core.main.TestCaseExecutor.accessMainPhase(TestCaseExecutor.java:299)
	at com.kms.katalon.core.main.TestCaseExecutor.execute(TestCaseExecutor.java:233)
	at com.kms.katalon.core.main.TestCaseMain.runTestCase(TestCaseMain.java:114)
	at com.kms.katalon.core.keyword.builtin.CallTestCaseKeyword$_callTestCase_closure1.doCall(CallTestCaseKeyword.groovy:59)
	at com.kms.katalon.core.keyword.builtin.CallTestCaseKeyword$_callTestCase_closure1.call(CallTestCaseKeyword.groovy)
	at com.kms.katalon.core.keyword.internal.KeywordMain.runKeyword(KeywordMain.groovy:68)
	at com.kms.katalon.core.keyword.builtin.CallTestCaseKeyword.callTestCase(CallTestCaseKeyword.groovy:81)
	at com.kms.katalon.core.keyword.builtin.CallTestCaseKeyword.execute(CallTestCaseKeyword.groovy:44)
	at com.kms.katalon.core.keyword.internal.KeywordExecutor.executeKeywordForPlatform(KeywordExecutor.groovy:72)
	at com.kms.katalon.core.keyword.BuiltinKeywords.callTestCase(BuiltinKeywords.groovy:334)
	at Members_Activity_Photo_Stats.run(Members_Activity_Photo_Stats:64)
	at com.kms.katalon.core.main.ScriptEngine.run(ScriptEngine.java:194)
	at com.kms.katalon.core.main.ScriptEngine.runScriptAsRawText(ScriptEngine.java:119)
	at com.kms.katalon.core.main.TestCaseExecutor.runScript(TestCaseExecutor.java:337)
	at com.kms.katalon.core.main.TestCaseExecutor.doExecute(TestCaseExecutor.java:328)
	at com.kms.katalon.core.main.TestCaseExecutor.processExecutionPhase(TestCaseExecutor.java:307)
	at com.kms.katalon.core.main.TestCaseExecutor.accessMainPhase(TestCaseExecutor.java:299)
	at com.kms.katalon.core.main.TestCaseExecutor.execute(TestCaseExecutor.java:233)
	at com.kms.katalon.core.main.TestSuiteExecutor.accessTestCaseMainPhase(TestSuiteExecutor.java:169)
	at com.kms.katalon.core.main.TestSuiteExecutor.accessTestSuiteMainPhase(TestSuiteExecutor.java:142)
	at com.kms.katalon.core.main.TestSuiteExecutor.execute(TestSuiteExecutor.java:91)
	at com.kms.katalon.core.main.TestCaseMain.startTestSuite(TestCaseMain.java:157)
	at com.kms.katalon.core.main.TestCaseMain$startTestSuite$0.call(Unknown Source)
	at TempTestSuite1587991913277.run(TempTestSuite1587991913277.groovy:37)
)

2020-04-27 14:20:06 - [TEST_STEP][FAILED] - verifyTextPresent("Total no. uploaded photos", false): Text 'Total no. uploaded photos' is not present on page  (Root cause: com.kms.katalon.core.exception.StepFailedException: Text 'Total no. uploaded photos' is not present on page 
	at com.kms.katalon.core.webui.keyword.internal.WebUIKeywordMain.stepFailed(WebUIKeywordMain.groovy:64)
	at com.kms.katalon.core.webui.keyword.builtin.VerifyTextPresentKeyword$_verifyTextPresent_closure1.doCall(VerifyTextPresentKeyword.groovy:79)
	at com.kms.katalon.core.webui.keyword.builtin.VerifyTextPresentKeyword$_verifyTextPresent_closure1.call(VerifyTextPresentKeyword.groovy)
	at com.kms.katalon.core.webui.keyword.internal.WebUIKeywordMain.runKeyword(WebUIKeywordMain.groovy:20)
	at com.kms.katalon.core.webui.keyword.builtin.VerifyTextPresentKeyword.verifyTextPresent(VerifyTextPresentKeyword.groovy:83)
	at com.kms.katalon.core.webui.keyword.builtin.VerifyTextPresentKeyword.execute(VerifyTextPresentKeyword.groovy:68)
	at com.kms.katalon.core.keyword.internal.KeywordExecutor.executeKeywordForPlatform(KeywordExecutor.groovy:72)
	at com.kms.katalon.core.webui.keyword.WebUiBuiltInKeywords.verifyTextPresent(WebUiBuiltInKeywords.groovy:1719)
	at com.kms.katalon.core.webui.keyword.WebUiBuiltInKeywords$verifyTextPresent$2.call(Unknown Source)
	at Members_Activity_Photo_Stats.run(Members_Activity_Photo_Stats:56)
	at com.kms.katalon.core.main.ScriptEngine.run(ScriptEngine.java:194)
	at com.kms.katalon.core.main.ScriptEngine.runScriptAsRawText(ScriptEngine.java:119)
	at com.kms.katalon.core.main.TestCaseExecutor.runScript(TestCaseExecutor.java:337)
	at com.kms.katalon.core.main.TestCaseExecutor.doExecute(TestCaseExecutor.java:328)
	at com.kms.katalon.core.main.TestCaseExecutor.processExecutionPhase(TestCaseExecutor.java:307)
	at com.kms.katalon.core.main.TestCaseExecutor.accessMainPhase(TestCaseExecutor.java:299)
	at com.kms.katalon.core.main.TestCaseExecutor.execute(TestCaseExecutor.java:233)
	at com.kms.katalon.core.main.TestCaseMain.runTestCase(TestCaseMain.java:114)
	at com.kms.katalon.core.keyword.builtin.CallTestCaseKeyword$_callTestCase_closure1.doCall(CallTestCaseKeyword.groovy:59)
	at com.kms.katalon.core.keyword.builtin.CallTestCaseKeyword$_callTestCase_closure1.call(CallTestCaseKeyword.groovy)
	at com.kms.katalon.core.keyword.internal.KeywordMain.runKeyword(KeywordMain.groovy:68)
	at com.kms.katalon.core.keyword.builtin.CallTestCaseKeyword.callTestCase(CallTestCaseKeyword.groovy:81)
	at com.kms.katalon.core.keyword.builtin.CallTestCaseKeyword.execute(CallTestCaseKeyword.groovy:44)
	at com.kms.katalon.core.keyword.internal.KeywordExecutor.executeKeywordForPlatform(KeywordExecutor.groovy:72)
	at com.kms.katalon.core.keyword.BuiltinKeywords.callTestCase(BuiltinKeywords.groovy:334)
	at Members_Activity_Photo_Stats.run(Members_Activity_Photo_Stats:64)
	at com.kms.katalon.core.main.ScriptEngine.run(ScriptEngine.java:194)
	at com.kms.katalon.core.main.ScriptEngine.runScriptAsRawText(ScriptEngine.java:119)
	at com.kms.katalon.core.main.TestCaseExecutor.runScript(TestCaseExecutor.java:337)
	at com.kms.katalon.core.main.TestCaseExecutor.doExecute(TestCaseExecutor.java:328)
	at com.kms.katalon.core.main.TestCaseExecutor.processExecutionPhase(TestCaseExecutor.java:307)
	at com.kms.katalon.core.main.TestCaseExecutor.accessMainPhase(TestCaseExecutor.java:299)
	at com.kms.katalon.core.main.TestCaseExecutor.execute(TestCaseExecutor.java:233)
	at com.kms.katalon.core.main.TestSuiteExecutor.accessTestCaseMainPhase(TestSuiteExecutor.java:169)
	at com.kms.katalon.core.main.TestSuiteExecutor.accessTestSuiteMainPhase(TestSuiteExecutor.java:142)
	at com.kms.katalon.core.main.TestSuiteExecutor.execute(TestSuiteExecutor.java:91)
	at com.kms.katalon.core.main.TestCaseMain.startTestSuite(TestCaseMain.java:157)
	at com.kms.katalon.core.main.TestCaseMain$startTestSuite$0.call(Unknown Source)
	at TempTestSuite1587991913277.run(TempTestSuite1587991913277.groovy:37)
)

2020-04-27 14:20:06 - [MESSAGE][FAILED] - Text 'Total no. uploaded photos' is not present on page  (Root cause: com.kms.katalon.core.exception.StepFailedException: Text 'Total no. uploaded photos' is not present on page 
	at com.kms.katalon.core.webui.keyword.internal.WebUIKeywordMain.stepFailed(WebUIKeywordMain.groovy:64)
	at com.kms.katalon.core.webui.keyword.builtin.VerifyTextPresentKeyword$_verifyTextPresent_closure1.doCall(VerifyTextPresentKeyword.groovy:79)
	at com.kms.katalon.core.webui.keyword.builtin.VerifyTextPresentKeyword$_verifyTextPresent_closure1.call(VerifyTextPresentKeyword.groovy)
	at com.kms.katalon.core.webui.keyword.internal.WebUIKeywordMain.runKeyword(WebUIKeywordMain.groovy:20)
	at com.kms.katalon.core.webui.keyword.builtin.VerifyTextPresentKeyword.verifyTextPresent(VerifyTextPresentKeyword.groovy:83)
	at com.kms.katalon.core.webui.keyword.builtin.VerifyTextPresentKeyword.execute(VerifyTextPresentKeyword.groovy:68)
	at com.kms.katalon.core.keyword.internal.KeywordExecutor.executeKeywordForPlatform(KeywordExecutor.groovy:72)
	at com.kms.katalon.core.webui.keyword.WebUiBuiltInKeywords.verifyTextPresent(WebUiBuiltInKeywords.groovy:1719)
	at com.kms.katalon.core.webui.keyword.WebUiBuiltInKeywords$verifyTextPresent$2.call(Unknown Source)
	at Members_Activity_Photo_Stats.run(Members_Activity_Photo_Stats:56)
	at com.kms.katalon.core.main.ScriptEngine.run(ScriptEngine.java:194)
	at com.kms.katalon.core.main.ScriptEngine.runScriptAsRawText(ScriptEngine.java:119)
	at com.kms.katalon.core.main.TestCaseExecutor.runScript(TestCaseExecutor.java:337)
	at com.kms.katalon.core.main.TestCaseExecutor.doExecute(TestCaseExecutor.java:328)
	at com.kms.katalon.core.main.TestCaseExecutor.processExecutionPhase(TestCaseExecutor.java:307)
	at com.kms.katalon.core.main.TestCaseExecutor.accessMainPhase(TestCaseExecutor.java:299)
	at com.kms.katalon.core.main.TestCaseExecutor.execute(TestCaseExecutor.java:233)
	at com.kms.katalon.core.main.TestCaseMain.runTestCase(TestCaseMain.java:114)
	at com.kms.katalon.core.keyword.builtin.CallTestCaseKeyword$_callTestCase_closure1.doCall(CallTestCaseKeyword.groovy:59)
	at com.kms.katalon.core.keyword.builtin.CallTestCaseKeyword$_callTestCase_closure1.call(CallTestCaseKeyword.groovy)
	at com.kms.katalon.core.keyword.internal.KeywordMain.runKeyword(KeywordMain.groovy:68)
	at com.kms.katalon.core.keyword.builtin.CallTestCaseKeyword.callTestCase(CallTestCaseKeyword.groovy:81)
	at com.kms.katalon.core.keyword.builtin.CallTestCaseKeyword.execute(CallTestCaseKeyword.groovy:44)
	at com.kms.katalon.core.keyword.internal.KeywordExecutor.executeKeywordForPlatform(KeywordExecutor.groovy:72)
	at com.kms.katalon.core.keyword.BuiltinKeywords.callTestCase(BuiltinKeywords.groovy:334)
	at Members_Activity_Photo_Stats.run(Members_Activity_Photo_Stats:64)
	at com.kms.katalon.core.main.ScriptEngine.run(ScriptEngine.java:194)
	at com.kms.katalon.core.main.ScriptEngine.runScriptAsRawText(ScriptEngine.java:119)
	at com.kms.katalon.core.main.TestCaseExecutor.runScript(TestCaseExecutor.java:337)
	at com.kms.katalon.core.main.TestCaseExecutor.doExecute(TestCaseExecutor.java:328)
	at com.kms.katalon.core.main.TestCaseExecutor.processExecutionPhase(TestCaseExecutor.java:307)
	at com.kms.katalon.core.main.TestCaseExecutor.accessMainPhase(TestCaseExecutor.java:299)
	at com.kms.katalon.core.main.TestCaseExecutor.execute(TestCaseExecutor.java:233)
	at com.kms.katalon.core.main.TestSuiteExecutor.accessTestCaseMainPhase(TestSuiteExecutor.java:169)
	at com.kms.katalon.core.main.TestSuiteExecutor.accessTestSuiteMainPhase(TestSuiteExecutor.java:142)
	at com.kms.katalon.core.main.TestSuiteExecutor.execute(TestSuiteExecutor.java:91)
	at com.kms.katalon.core.main.TestCaseMain.startTestSuite(TestCaseMain.java:157)
	at com.kms.katalon.core.main.TestCaseMain$startTestSuite$0.call(Unknown Source)
	at TempTestSuite1587991913277.run(TempTestSuite1587991913277.groovy:37)
)

2020-04-27 14:20:06 - [TEST_STEP][PASSED] - "----------------------------------------------": null

2020-04-27 14:20:06 - [TEST_STEP][FAILED] - verifyTextPresent("Company", false): Text 'Company' is not present on page  (Root cause: com.kms.katalon.core.exception.StepFailedException: Text 'Company' is not present on page 
	at com.kms.katalon.core.webui.keyword.internal.WebUIKeywordMain.stepFailed(WebUIKeywordMain.groovy:64)
	at com.kms.katalon.core.webui.keyword.builtin.VerifyTextPresentKeyword$_verifyTextPresent_closure1.doCall(VerifyTextPresentKeyword.groovy:79)
	at com.kms.katalon.core.webui.keyword.builtin.VerifyTextPresentKeyword$_verifyTextPresent_closure1.call(VerifyTextPresentKeyword.groovy)
	at com.kms.katalon.core.webui.keyword.internal.WebUIKeywordMain.runKeyword(WebUIKeywordMain.groovy:20)
	at com.kms.katalon.core.webui.keyword.builtin.VerifyTextPresentKeyword.verifyTextPresent(VerifyTextPresentKeyword.groovy:83)
	at com.kms.katalon.core.webui.keyword.builtin.VerifyTextPresentKeyword.execute(VerifyTextPresentKeyword.groovy:68)
	at com.kms.katalon.core.keyword.internal.KeywordExecutor.executeKeywordForPlatform(KeywordExecutor.groovy:72)
	at com.kms.katalon.core.webui.keyword.WebUiBuiltInKeywords.verifyTextPresent(WebUiBuiltInKeywords.groovy:1719)
	at com.kms.katalon.core.webui.keyword.WebUiBuiltInKeywords$verifyTextPresent$2.call(Unknown Source)
	at Members_Activity_Photo_Stats.run(Members_Activity_Photo_Stats:61)
	at com.kms.katalon.core.main.ScriptEngine.run(ScriptEngine.java:194)
	at com.kms.katalon.core.main.ScriptEngine.runScriptAsRawText(ScriptEngine.java:119)
	at com.kms.katalon.core.main.TestCaseExecutor.runScript(TestCaseExecutor.java:337)
	at com.kms.katalon.core.main.TestCaseExecutor.doExecute(TestCaseExecutor.java:328)
	at com.kms.katalon.core.main.TestCaseExecutor.processExecutionPhase(TestCaseExecutor.java:307)
	at com.kms.katalon.core.main.TestCaseExecutor.accessMainPhase(TestCaseExecutor.java:299)
	at com.kms.katalon.core.main.TestCaseExecutor.execute(TestCaseExecutor.java:233)
	at com.kms.katalon.core.main.TestCaseMain.runTestCase(TestCaseMain.java:114)
	at com.kms.katalon.core.keyword.builtin.CallTestCaseKeyword$_callTestCase_closure1.doCall(CallTestCaseKeyword.groovy:59)
	at com.kms.katalon.core.keyword.builtin.CallTestCaseKeyword$_callTestCase_closure1.call(CallTestCaseKeyword.groovy)
	at com.kms.katalon.core.keyword.internal.KeywordMain.runKeyword(KeywordMain.groovy:68)
	at com.kms.katalon.core.keyword.builtin.CallTestCaseKeyword.callTestCase(CallTestCaseKeyword.groovy:81)
	at com.kms.katalon.core.keyword.builtin.CallTestCaseKeyword.execute(CallTestCaseKeyword.groovy:44)
	at com.kms.katalon.core.keyword.internal.KeywordExecutor.executeKeywordForPlatform(KeywordExecutor.groovy:72)
	at com.kms.katalon.core.keyword.BuiltinKeywords.callTestCase(BuiltinKeywords.groovy:334)
	at Members_Activity_Photo_Stats.run(Members_Activity_Photo_Stats:64)
	at com.kms.katalon.core.main.ScriptEngine.run(ScriptEngine.java:194)
	at com.kms.katalon.core.main.ScriptEngine.runScriptAsRawText(ScriptEngine.java:119)
	at com.kms.katalon.core.main.TestCaseExecutor.runScript(TestCaseExecutor.java:337)
	at com.kms.katalon.core.main.TestCaseExecutor.doExecute(TestCaseExecutor.java:328)
	at com.kms.katalon.core.main.TestCaseExecutor.processExecutionPhase(TestCaseExecutor.java:307)
	at com.kms.katalon.core.main.TestCaseExecutor.accessMainPhase(TestCaseExecutor.java:299)
	at com.kms.katalon.core.main.TestCaseExecutor.execute(TestCaseExecutor.java:233)
	at com.kms.katalon.core.main.TestSuiteExecutor.accessTestCaseMainPhase(TestSuiteExecutor.java:169)
	at com.kms.katalon.core.main.TestSuiteExecutor.accessTestSuiteMainPhase(TestSuiteExecutor.java:142)
	at com.kms.katalon.core.main.TestSuiteExecutor.execute(TestSuiteExecutor.java:91)
	at com.kms.katalon.core.main.TestCaseMain.startTestSuite(TestCaseMain.java:157)
	at com.kms.katalon.core.main.TestCaseMain$startTestSuite$0.call(Unknown Source)
	at TempTestSuite1587991913277.run(TempTestSuite1587991913277.groovy:37)
)

2020-04-27 14:20:06 - [MESSAGE][FAILED] - Text 'Company' is not present on page  (Root cause: com.kms.katalon.core.exception.StepFailedException: Text 'Company' is not present on page 
	at com.kms.katalon.core.webui.keyword.internal.WebUIKeywordMain.stepFailed(WebUIKeywordMain.groovy:64)
	at com.kms.katalon.core.webui.keyword.builtin.VerifyTextPresentKeyword$_verifyTextPresent_closure1.doCall(VerifyTextPresentKeyword.groovy:79)
	at com.kms.katalon.core.webui.keyword.builtin.VerifyTextPresentKeyword$_verifyTextPresent_closure1.call(VerifyTextPresentKeyword.groovy)
	at com.kms.katalon.core.webui.keyword.internal.WebUIKeywordMain.runKeyword(WebUIKeywordMain.groovy:20)
	at com.kms.katalon.core.webui.keyword.builtin.VerifyTextPresentKeyword.verifyTextPresent(VerifyTextPresentKeyword.groovy:83)
	at com.kms.katalon.core.webui.keyword.builtin.VerifyTextPresentKeyword.execute(VerifyTextPresentKeyword.groovy:68)
	at com.kms.katalon.core.keyword.internal.KeywordExecutor.executeKeywordForPlatform(KeywordExecutor.groovy:72)
	at com.kms.katalon.core.webui.keyword.WebUiBuiltInKeywords.verifyTextPresent(WebUiBuiltInKeywords.groovy:1719)
	at com.kms.katalon.core.webui.keyword.WebUiBuiltInKeywords$verifyTextPresent$2.call(Unknown Source)
	at Members_Activity_Photo_Stats.run(Members_Activity_Photo_Stats:61)
	at com.kms.katalon.core.main.ScriptEngine.run(ScriptEngine.java:194)
	at com.kms.katalon.core.main.ScriptEngine.runScriptAsRawText(ScriptEngine.java:119)
	at com.kms.katalon.core.main.TestCaseExecutor.runScript(TestCaseExecutor.java:337)
	at com.kms.katalon.core.main.TestCaseExecutor.doExecute(TestCaseExecutor.java:328)
	at com.kms.katalon.core.main.TestCaseExecutor.processExecutionPhase(TestCaseExecutor.java:307)
	at com.kms.katalon.core.main.TestCaseExecutor.accessMainPhase(TestCaseExecutor.java:299)
	at com.kms.katalon.core.main.TestCaseExecutor.execute(TestCaseExecutor.java:233)
	at com.kms.katalon.core.main.TestCaseMain.runTestCase(TestCaseMain.java:114)
	at com.kms.katalon.core.keyword.builtin.CallTestCaseKeyword$_callTestCase_closure1.doCall(CallTestCaseKeyword.groovy:59)
	at com.kms.katalon.core.keyword.builtin.CallTestCaseKeyword$_callTestCase_closure1.call(CallTestCaseKeyword.groovy)
	at com.kms.katalon.core.keyword.internal.KeywordMain.runKeyword(KeywordMain.groovy:68)
	at com.kms.katalon.core.keyword.builtin.CallTestCaseKeyword.callTestCase(CallTestCaseKeyword.groovy:81)
	at com.kms.katalon.core.keyword.builtin.CallTestCaseKeyword.execute(CallTestCaseKeyword.groovy:44)
	at com.kms.katalon.core.keyword.internal.KeywordExecutor.executeKeywordForPlatform(KeywordExecutor.groovy:72)
	at com.kms.katalon.core.keyword.BuiltinKeywords.callTestCase(BuiltinKeywords.groovy:334)
	at Members_Activity_Photo_Stats.run(Members_Activity_Photo_Stats:64)
	at com.kms.katalon.core.main.ScriptEngine.run(ScriptEngine.java:194)
	at com.kms.katalon.core.main.ScriptEngine.runScriptAsRawText(ScriptEngine.java:119)
	at com.kms.katalon.core.main.TestCaseExecutor.runScript(TestCaseExecutor.java:337)
	at com.kms.katalon.core.main.TestCaseExecutor.doExecute(TestCaseExecutor.java:328)
	at com.kms.katalon.core.main.TestCaseExecutor.processExecutionPhase(TestCaseExecutor.java:307)
	at com.kms.katalon.core.main.TestCaseExecutor.accessMainPhase(TestCaseExecutor.java:299)
	at com.kms.katalon.core.main.TestCaseExecutor.execute(TestCaseExecutor.java:233)
	at com.kms.katalon.core.main.TestSuiteExecutor.accessTestCaseMainPhase(TestSuiteExecutor.java:169)
	at com.kms.katalon.core.main.TestSuiteExecutor.accessTestSuiteMainPhase(TestSuiteExecutor.java:142)
	at com.kms.katalon.core.main.TestSuiteExecutor.execute(TestSuiteExecutor.java:91)
	at com.kms.katalon.core.main.TestCaseMain.startTestSuite(TestCaseMain.java:157)
	at com.kms.katalon.core.main.TestCaseMain$startTestSuite$0.call(Unknown Source)
	at TempTestSuite1587991913277.run(TempTestSuite1587991913277.groovy:37)
)

2020-04-27 14:20:06 - [TEST_STEP][FAILED] - verifyTextPresent("Gallery", false): Text 'Gallery' is not present on page  (Root cause: com.kms.katalon.core.exception.StepFailedException: Text 'Gallery' is not present on page 
	at com.kms.katalon.core.webui.keyword.internal.WebUIKeywordMain.stepFailed(WebUIKeywordMain.groovy:64)
	at com.kms.katalon.core.webui.keyword.builtin.VerifyTextPresentKeyword$_verifyTextPresent_closure1.doCall(VerifyTextPresentKeyword.groovy:79)
	at com.kms.katalon.core.webui.keyword.builtin.VerifyTextPresentKeyword$_verifyTextPresent_closure1.call(VerifyTextPresentKeyword.groovy)
	at com.kms.katalon.core.webui.keyword.internal.WebUIKeywordMain.runKeyword(WebUIKeywordMain.groovy:20)
	at com.kms.katalon.core.webui.keyword.builtin.VerifyTextPresentKeyword.verifyTextPresent(VerifyTextPresentKeyword.groovy:83)
	at com.kms.katalon.core.webui.keyword.builtin.VerifyTextPresentKeyword.execute(VerifyTextPresentKeyword.groovy:68)
	at com.kms.katalon.core.keyword.internal.KeywordExecutor.executeKeywordForPlatform(KeywordExecutor.groovy:72)
	at com.kms.katalon.core.webui.keyword.WebUiBuiltInKeywords.verifyTextPresent(WebUiBuiltInKeywords.groovy:1719)
	at com.kms.katalon.core.webui.keyword.WebUiBuiltInKeywords$verifyTextPresent$2.call(Unknown Source)
	at Members_Activity_Photo_Stats.run(Members_Activity_Photo_Stats:63)
	at com.kms.katalon.core.main.ScriptEngine.run(ScriptEngine.java:194)
	at com.kms.katalon.core.main.ScriptEngine.runScriptAsRawText(ScriptEngine.java:119)
	at com.kms.katalon.core.main.TestCaseExecutor.runScript(TestCaseExecutor.java:337)
	at com.kms.katalon.core.main.TestCaseExecutor.doExecute(TestCaseExecutor.java:328)
	at com.kms.katalon.core.main.TestCaseExecutor.processExecutionPhase(TestCaseExecutor.java:307)
	at com.kms.katalon.core.main.TestCaseExecutor.accessMainPhase(TestCaseExecutor.java:299)
	at com.kms.katalon.core.main.TestCaseExecutor.execute(TestCaseExecutor.java:233)
	at com.kms.katalon.core.main.TestCaseMain.runTestCase(TestCaseMain.java:114)
	at com.kms.katalon.core.keyword.builtin.CallTestCaseKeyword$_callTestCase_closure1.doCall(CallTestCaseKeyword.groovy:59)
	at com.kms.katalon.core.keyword.builtin.CallTestCaseKeyword$_callTestCase_closure1.call(CallTestCaseKeyword.groovy)
	at com.kms.katalon.core.keyword.internal.KeywordMain.runKeyword(KeywordMain.groovy:68)
	at com.kms.katalon.core.keyword.builtin.CallTestCaseKeyword.callTestCase(CallTestCaseKeyword.groovy:81)
	at com.kms.katalon.core.keyword.builtin.CallTestCaseKeyword.execute(CallTestCaseKeyword.groovy:44)
	at com.kms.katalon.core.keyword.internal.KeywordExecutor.executeKeywordForPlatform(KeywordExecutor.groovy:72)
	at com.kms.katalon.core.keyword.BuiltinKeywords.callTestCase(BuiltinKeywords.groovy:334)
	at Members_Activity_Photo_Stats.run(Members_Activity_Photo_Stats:64)
	at com.kms.katalon.core.main.ScriptEngine.run(ScriptEngine.java:194)
	at com.kms.katalon.core.main.ScriptEngine.runScriptAsRawText(ScriptEngine.java:119)
	at com.kms.katalon.core.main.TestCaseExecutor.runScript(TestCaseExecutor.java:337)
	at com.kms.katalon.core.main.TestCaseExecutor.doExecute(TestCaseExecutor.java:328)
	at com.kms.katalon.core.main.TestCaseExecutor.processExecutionPhase(TestCaseExecutor.java:307)
	at com.kms.katalon.core.main.TestCaseExecutor.accessMainPhase(TestCaseExecutor.java:299)
	at com.kms.katalon.core.main.TestCaseExecutor.execute(TestCaseExecutor.java:233)
	at com.kms.katalon.core.main.TestSuiteExecutor.accessTestCaseMainPhase(TestSuiteExecutor.java:169)
	at com.kms.katalon.core.main.TestSuiteExecutor.accessTestSuiteMainPhase(TestSuiteExecutor.java:142)
	at com.kms.katalon.core.main.TestSuiteExecutor.execute(TestSuiteExecutor.java:91)
	at com.kms.katalon.core.main.TestCaseMain.startTestSuite(TestCaseMain.java:157)
	at com.kms.katalon.core.main.TestCaseMain$startTestSuite$0.call(Unknown Source)
	at TempTestSuite1587991913277.run(TempTestSuite1587991913277.groovy:37)
)

2020-04-27 14:20:06 - [MESSAGE][FAILED] - Text 'Gallery' is not present on page  (Root cause: com.kms.katalon.core.exception.StepFailedException: Text 'Gallery' is not present on page 
	at com.kms.katalon.core.webui.keyword.internal.WebUIKeywordMain.stepFailed(WebUIKeywordMain.groovy:64)
	at com.kms.katalon.core.webui.keyword.builtin.VerifyTextPresentKeyword$_verifyTextPresent_closure1.doCall(VerifyTextPresentKeyword.groovy:79)
	at com.kms.katalon.core.webui.keyword.builtin.VerifyTextPresentKeyword$_verifyTextPresent_closure1.call(VerifyTextPresentKeyword.groovy)
	at com.kms.katalon.core.webui.keyword.internal.WebUIKeywordMain.runKeyword(WebUIKeywordMain.groovy:20)
	at com.kms.katalon.core.webui.keyword.builtin.VerifyTextPresentKeyword.verifyTextPresent(VerifyTextPresentKeyword.groovy:83)
	at com.kms.katalon.core.webui.keyword.builtin.VerifyTextPresentKeyword.execute(VerifyTextPresentKeyword.groovy:68)
	at com.kms.katalon.core.keyword.internal.KeywordExecutor.executeKeywordForPlatform(KeywordExecutor.groovy:72)
	at com.kms.katalon.core.webui.keyword.WebUiBuiltInKeywords.verifyTextPresent(WebUiBuiltInKeywords.groovy:1719)
	at com.kms.katalon.core.webui.keyword.WebUiBuiltInKeywords$verifyTextPresent$2.call(Unknown Source)
	at Members_Activity_Photo_Stats.run(Members_Activity_Photo_Stats:63)
	at com.kms.katalon.core.main.ScriptEngine.run(ScriptEngine.java:194)
	at com.kms.katalon.core.main.ScriptEngine.runScriptAsRawText(ScriptEngine.java:119)
	at com.kms.katalon.core.main.TestCaseExecutor.runScript(TestCaseExecutor.java:337)
	at com.kms.katalon.core.main.TestCaseExecutor.doExecute(TestCaseExecutor.java:328)
	at com.kms.katalon.core.main.TestCaseExecutor.processExecutionPhase(TestCaseExecutor.java:307)
	at com.kms.katalon.core.main.TestCaseExecutor.accessMainPhase(TestCaseExecutor.java:299)
	at com.kms.katalon.core.main.TestCaseExecutor.execute(TestCaseExecutor.java:233)
	at com.kms.katalon.core.main.TestCaseMain.runTestCase(TestCaseMain.java:114)
	at com.kms.katalon.core.keyword.builtin.CallTestCaseKeyword$_callTestCase_closure1.doCall(CallTestCaseKeyword.groovy:59)
	at com.kms.katalon.core.keyword.builtin.CallTestCaseKeyword$_callTestCase_closure1.call(CallTestCaseKeyword.groovy)
	at com.kms.katalon.core.keyword.internal.KeywordMain.runKeyword(KeywordMain.groovy:68)
	at com.kms.katalon.core.keyword.builtin.CallTestCaseKeyword.callTestCase(CallTestCaseKeyword.groovy:81)
	at com.kms.katalon.core.keyword.builtin.CallTestCaseKeyword.execute(CallTestCaseKeyword.groovy:44)
	at com.kms.katalon.core.keyword.internal.KeywordExecutor.executeKeywordForPlatform(KeywordExecutor.groovy:72)
	at com.kms.katalon.core.keyword.BuiltinKeywords.callTestCase(BuiltinKeywords.groovy:334)
	at Members_Activity_Photo_Stats.run(Members_Activity_Photo_Stats:64)
	at com.kms.katalon.core.main.ScriptEngine.run(ScriptEngine.java:194)
	at com.kms.katalon.core.main.ScriptEngine.runScriptAsRawText(ScriptEngine.java:119)
	at com.kms.katalon.core.main.TestCaseExecutor.runScript(TestCaseExecutor.java:337)
	at com.kms.katalon.core.main.TestCaseExecutor.doExecute(TestCaseExecutor.java:328)
	at com.kms.katalon.core.main.TestCaseExecutor.processExecutionPhase(TestCaseExecutor.java:307)
	at com.kms.katalon.core.main.TestCaseExecutor.accessMainPhase(TestCaseExecutor.java:299)
	at com.kms.katalon.core.main.TestCaseExecutor.execute(TestCaseExecutor.java:233)
	at com.kms.katalon.core.main.TestSuiteExecutor.accessTestCaseMainPhase(TestSuiteExecutor.java:169)
	at com.kms.katalon.core.main.TestSuiteExecutor.accessTestSuiteMainPhase(TestSuiteExecutor.java:142)
	at com.kms.katalon.core.main.TestSuiteExecutor.execute(TestSuiteExecutor.java:91)
	at com.kms.katalon.core.main.TestCaseMain.startTestSuite(TestCaseMain.java:157)
	at com.kms.katalon.core.main.TestCaseMain$startTestSuite$0.call(Unknown Source)
	at TempTestSuite1587991913277.run(TempTestSuite1587991913277.groovy:37)
)

2020-04-27 14:20:06 - [TEST_STEP][PASSED] - verifyTextPresent("Feedback", false): Text 'Feedback' is present on page 

2020-04-27 14:20:06 - [MESSAGE][PASSED] - Text 'Feedback' is present on page 

2020-04-27 14:20:06 - [TEST_STEP][FAILED] - verifyTextPresent("Team", false): Text 'Team' is not present on page  (Root cause: com.kms.katalon.core.exception.StepFailedException: Text 'Team' is not present on page 
	at com.kms.katalon.core.webui.keyword.internal.WebUIKeywordMain.stepFailed(WebUIKeywordMain.groovy:64)
	at com.kms.katalon.core.webui.keyword.builtin.VerifyTextPresentKeyword$_verifyTextPresent_closure1.doCall(VerifyTextPresentKeyword.groovy:79)
	at com.kms.katalon.core.webui.keyword.builtin.VerifyTextPresentKeyword$_verifyTextPresent_closure1.call(VerifyTextPresentKeyword.groovy)
	at com.kms.katalon.core.webui.keyword.internal.WebUIKeywordMain.runKeyword(WebUIKeywordMain.groovy:20)
	at com.kms.katalon.core.webui.keyword.builtin.VerifyTextPresentKeyword.verifyTextPresent(VerifyTextPresentKeyword.groovy:83)
	at com.kms.katalon.core.webui.keyword.builtin.VerifyTextPresentKeyword.execute(VerifyTextPresentKeyword.groovy:68)
	at com.kms.katalon.core.keyword.internal.KeywordExecutor.executeKeywordForPlatform(KeywordExecutor.groovy:72)
	at com.kms.katalon.core.webui.keyword.WebUiBuiltInKeywords.verifyTextPresent(WebUiBuiltInKeywords.groovy:1719)
	at com.kms.katalon.core.webui.keyword.WebUiBuiltInKeywords$verifyTextPresent$2.call(Unknown Source)
	at Members_Activity_Photo_Stats.run(Members_Activity_Photo_Stats:67)
	at com.kms.katalon.core.main.ScriptEngine.run(ScriptEngine.java:194)
	at com.kms.katalon.core.main.ScriptEngine.runScriptAsRawText(ScriptEngine.java:119)
	at com.kms.katalon.core.main.TestCaseExecutor.runScript(TestCaseExecutor.java:337)
	at com.kms.katalon.core.main.TestCaseExecutor.doExecute(TestCaseExecutor.java:328)
	at com.kms.katalon.core.main.TestCaseExecutor.processExecutionPhase(TestCaseExecutor.java:307)
	at com.kms.katalon.core.main.TestCaseExecutor.accessMainPhase(TestCaseExecutor.java:299)
	at com.kms.katalon.core.main.TestCaseExecutor.execute(TestCaseExecutor.java:233)
	at com.kms.katalon.core.main.TestCaseMain.runTestCase(TestCaseMain.java:114)
	at com.kms.katalon.core.keyword.builtin.CallTestCaseKeyword$_callTestCase_closure1.doCall(CallTestCaseKeyword.groovy:59)
	at com.kms.katalon.core.keyword.builtin.CallTestCaseKeyword$_callTestCase_closure1.call(CallTestCaseKeyword.groovy)
	at com.kms.katalon.core.keyword.internal.KeywordMain.runKeyword(KeywordMain.groovy:68)
	at com.kms.katalon.core.keyword.builtin.CallTestCaseKeyword.callTestCase(CallTestCaseKeyword.groovy:81)
	at com.kms.katalon.core.keyword.builtin.CallTestCaseKeyword.execute(CallTestCaseKeyword.groovy:44)
	at com.kms.katalon.core.keyword.internal.KeywordExecutor.executeKeywordForPlatform(KeywordExecutor.groovy:72)
	at com.kms.katalon.core.keyword.BuiltinKeywords.callTestCase(BuiltinKeywords.groovy:334)
	at Members_Activity_Photo_Stats.run(Members_Activity_Photo_Stats:64)
	at com.kms.katalon.core.main.ScriptEngine.run(ScriptEngine.java:194)
	at com.kms.katalon.core.main.ScriptEngine.runScriptAsRawText(ScriptEngine.java:119)
	at com.kms.katalon.core.main.TestCaseExecutor.runScript(TestCaseExecutor.java:337)
	at com.kms.katalon.core.main.TestCaseExecutor.doExecute(TestCaseExecutor.java:328)
	at com.kms.katalon.core.main.TestCaseExecutor.processExecutionPhase(TestCaseExecutor.java:307)
	at com.kms.katalon.core.main.TestCaseExecutor.accessMainPhase(TestCaseExecutor.java:299)
	at com.kms.katalon.core.main.TestCaseExecutor.execute(TestCaseExecutor.java:233)
	at com.kms.katalon.core.main.TestSuiteExecutor.accessTestCaseMainPhase(TestSuiteExecutor.java:169)
	at com.kms.katalon.core.main.TestSuiteExecutor.accessTestSuiteMainPhase(TestSuiteExecutor.java:142)
	at com.kms.katalon.core.main.TestSuiteExecutor.execute(TestSuiteExecutor.java:91)
	at com.kms.katalon.core.main.TestCaseMain.startTestSuite(TestCaseMain.java:157)
	at com.kms.katalon.core.main.TestCaseMain$startTestSuite$0.call(Unknown Source)
	at TempTestSuite1587991913277.run(TempTestSuite1587991913277.groovy:37)
)

2020-04-27 14:20:06 - [MESSAGE][FAILED] - Text 'Team' is not present on page  (Root cause: com.kms.katalon.core.exception.StepFailedException: Text 'Team' is not present on page 
	at com.kms.katalon.core.webui.keyword.internal.WebUIKeywordMain.stepFailed(WebUIKeywordMain.groovy:64)
	at com.kms.katalon.core.webui.keyword.builtin.VerifyTextPresentKeyword$_verifyTextPresent_closure1.doCall(VerifyTextPresentKeyword.groovy:79)
	at com.kms.katalon.core.webui.keyword.builtin.VerifyTextPresentKeyword$_verifyTextPresent_closure1.call(VerifyTextPresentKeyword.groovy)
	at com.kms.katalon.core.webui.keyword.internal.WebUIKeywordMain.runKeyword(WebUIKeywordMain.groovy:20)
	at com.kms.katalon.core.webui.keyword.builtin.VerifyTextPresentKeyword.verifyTextPresent(VerifyTextPresentKeyword.groovy:83)
	at com.kms.katalon.core.webui.keyword.builtin.VerifyTextPresentKeyword.execute(VerifyTextPresentKeyword.groovy:68)
	at com.kms.katalon.core.keyword.internal.KeywordExecutor.executeKeywordForPlatform(KeywordExecutor.groovy:72)
	at com.kms.katalon.core.webui.keyword.WebUiBuiltInKeywords.verifyTextPresent(WebUiBuiltInKeywords.groovy:1719)
	at com.kms.katalon.core.webui.keyword.WebUiBuiltInKeywords$verifyTextPresent$2.call(Unknown Source)
	at Members_Activity_Photo_Stats.run(Members_Activity_Photo_Stats:67)
	at com.kms.katalon.core.main.ScriptEngine.run(ScriptEngine.java:194)
	at com.kms.katalon.core.main.ScriptEngine.runScriptAsRawText(ScriptEngine.java:119)
	at com.kms.katalon.core.main.TestCaseExecutor.runScript(TestCaseExecutor.java:337)
	at com.kms.katalon.core.main.TestCaseExecutor.doExecute(TestCaseExecutor.java:328)
	at com.kms.katalon.core.main.TestCaseExecutor.processExecutionPhase(TestCaseExecutor.java:307)
	at com.kms.katalon.core.main.TestCaseExecutor.accessMainPhase(TestCaseExecutor.java:299)
	at com.kms.katalon.core.main.TestCaseExecutor.execute(TestCaseExecutor.java:233)
	at com.kms.katalon.core.main.TestCaseMain.runTestCase(TestCaseMain.java:114)
	at com.kms.katalon.core.keyword.builtin.CallTestCaseKeyword$_callTestCase_closure1.doCall(CallTestCaseKeyword.groovy:59)
	at com.kms.katalon.core.keyword.builtin.CallTestCaseKeyword$_callTestCase_closure1.call(CallTestCaseKeyword.groovy)
	at com.kms.katalon.core.keyword.internal.KeywordMain.runKeyword(KeywordMain.groovy:68)
	at com.kms.katalon.core.keyword.builtin.CallTestCaseKeyword.callTestCase(CallTestCaseKeyword.groovy:81)
	at com.kms.katalon.core.keyword.builtin.CallTestCaseKeyword.execute(CallTestCaseKeyword.groovy:44)
	at com.kms.katalon.core.keyword.internal.KeywordExecutor.executeKeywordForPlatform(KeywordExecutor.groovy:72)
	at com.kms.katalon.core.keyword.BuiltinKeywords.callTestCase(BuiltinKeywords.groovy:334)
	at Members_Activity_Photo_Stats.run(Members_Activity_Photo_Stats:64)
	at com.kms.katalon.core.main.ScriptEngine.run(ScriptEngine.java:194)
	at com.kms.katalon.core.main.ScriptEngine.runScriptAsRawText(ScriptEngine.java:119)
	at com.kms.katalon.core.main.TestCaseExecutor.runScript(TestCaseExecutor.java:337)
	at com.kms.katalon.core.main.TestCaseExecutor.doExecute(TestCaseExecutor.java:328)
	at com.kms.katalon.core.main.TestCaseExecutor.processExecutionPhase(TestCaseExecutor.java:307)
	at com.kms.katalon.core.main.TestCaseExecutor.accessMainPhase(TestCaseExecutor.java:299)
	at com.kms.katalon.core.main.TestCaseExecutor.execute(TestCaseExecutor.java:233)
	at com.kms.katalon.core.main.TestSuiteExecutor.accessTestCaseMainPhase(TestSuiteExecutor.java:169)
	at com.kms.katalon.core.main.TestSuiteExecutor.accessTestSuiteMainPhase(TestSuiteExecutor.java:142)
	at com.kms.katalon.core.main.TestSuiteExecutor.execute(TestSuiteExecutor.java:91)
	at com.kms.katalon.core.main.TestCaseMain.startTestSuite(TestCaseMain.java:157)
	at com.kms.katalon.core.main.TestCaseMain$startTestSuite$0.call(Unknown Source)
	at TempTestSuite1587991913277.run(TempTestSuite1587991913277.groovy:37)
)

2020-04-27 14:20:06 - [TEST_STEP][FAILED] - verifyTextPresent("Logo", false): Text 'Logo' is not present on page  (Root cause: com.kms.katalon.core.exception.StepFailedException: Text 'Logo' is not present on page 
	at com.kms.katalon.core.webui.keyword.internal.WebUIKeywordMain.stepFailed(WebUIKeywordMain.groovy:64)
	at com.kms.katalon.core.webui.keyword.builtin.VerifyTextPresentKeyword$_verifyTextPresent_closure1.doCall(VerifyTextPresentKeyword.groovy:79)
	at com.kms.katalon.core.webui.keyword.builtin.VerifyTextPresentKeyword$_verifyTextPresent_closure1.call(VerifyTextPresentKeyword.groovy)
	at com.kms.katalon.core.webui.keyword.internal.WebUIKeywordMain.runKeyword(WebUIKeywordMain.groovy:20)
	at com.kms.katalon.core.webui.keyword.builtin.VerifyTextPresentKeyword.verifyTextPresent(VerifyTextPresentKeyword.groovy:83)
	at com.kms.katalon.core.webui.keyword.builtin.VerifyTextPresentKeyword.execute(VerifyTextPresentKeyword.groovy:68)
	at com.kms.katalon.core.keyword.internal.KeywordExecutor.executeKeywordForPlatform(KeywordExecutor.groovy:72)
	at com.kms.katalon.core.webui.keyword.WebUiBuiltInKeywords.verifyTextPresent(WebUiBuiltInKeywords.groovy:1719)
	at com.kms.katalon.core.webui.keyword.WebUiBuiltInKeywords$verifyTextPresent$2.call(Unknown Source)
	at Members_Activity_Photo_Stats.run(Members_Activity_Photo_Stats:69)
	at com.kms.katalon.core.main.ScriptEngine.run(ScriptEngine.java:194)
	at com.kms.katalon.core.main.ScriptEngine.runScriptAsRawText(ScriptEngine.java:119)
	at com.kms.katalon.core.main.TestCaseExecutor.runScript(TestCaseExecutor.java:337)
	at com.kms.katalon.core.main.TestCaseExecutor.doExecute(TestCaseExecutor.java:328)
	at com.kms.katalon.core.main.TestCaseExecutor.processExecutionPhase(TestCaseExecutor.java:307)
	at com.kms.katalon.core.main.TestCaseExecutor.accessMainPhase(TestCaseExecutor.java:299)
	at com.kms.katalon.core.main.TestCaseExecutor.execute(TestCaseExecutor.java:233)
	at com.kms.katalon.core.main.TestCaseMain.runTestCase(TestCaseMain.java:114)
	at com.kms.katalon.core.keyword.builtin.CallTestCaseKeyword$_callTestCase_closure1.doCall(CallTestCaseKeyword.groovy:59)
	at com.kms.katalon.core.keyword.builtin.CallTestCaseKeyword$_callTestCase_closure1.call(CallTestCaseKeyword.groovy)
	at com.kms.katalon.core.keyword.internal.KeywordMain.runKeyword(KeywordMain.groovy:68)
	at com.kms.katalon.core.keyword.builtin.CallTestCaseKeyword.callTestCase(CallTestCaseKeyword.groovy:81)
	at com.kms.katalon.core.keyword.builtin.CallTestCaseKeyword.execute(CallTestCaseKeyword.groovy:44)
	at com.kms.katalon.core.keyword.internal.KeywordExecutor.executeKeywordForPlatform(KeywordExecutor.groovy:72)
	at com.kms.katalon.core.keyword.BuiltinKeywords.callTestCase(BuiltinKeywords.groovy:334)
	at Members_Activity_Photo_Stats.run(Members_Activity_Photo_Stats:64)
	at com.kms.katalon.core.main.ScriptEngine.run(ScriptEngine.java:194)
	at com.kms.katalon.core.main.ScriptEngine.runScriptAsRawText(ScriptEngine.java:119)
	at com.kms.katalon.core.main.TestCaseExecutor.runScript(TestCaseExecutor.java:337)
	at com.kms.katalon.core.main.TestCaseExecutor.doExecute(TestCaseExecutor.java:328)
	at com.kms.katalon.core.main.TestCaseExecutor.processExecutionPhase(TestCaseExecutor.java:307)
	at com.kms.katalon.core.main.TestCaseExecutor.accessMainPhase(TestCaseExecutor.java:299)
	at com.kms.katalon.core.main.TestCaseExecutor.execute(TestCaseExecutor.java:233)
	at com.kms.katalon.core.main.TestSuiteExecutor.accessTestCaseMainPhase(TestSuiteExecutor.java:169)
	at com.kms.katalon.core.main.TestSuiteExecutor.accessTestSuiteMainPhase(TestSuiteExecutor.java:142)
	at com.kms.katalon.core.main.TestSuiteExecutor.execute(TestSuiteExecutor.java:91)
	at com.kms.katalon.core.main.TestCaseMain.startTestSuite(TestCaseMain.java:157)
	at com.kms.katalon.core.main.TestCaseMain$startTestSuite$0.call(Unknown Source)
	at TempTestSuite1587991913277.run(TempTestSuite1587991913277.groovy:37)
)

2020-04-27 14:20:07 - [MESSAGE][FAILED] - Text 'Logo' is not present on page  (Root cause: com.kms.katalon.core.exception.StepFailedException: Text 'Logo' is not present on page 
	at com.kms.katalon.core.webui.keyword.internal.WebUIKeywordMain.stepFailed(WebUIKeywordMain.groovy:64)
	at com.kms.katalon.core.webui.keyword.builtin.VerifyTextPresentKeyword$_verifyTextPresent_closure1.doCall(VerifyTextPresentKeyword.groovy:79)
	at com.kms.katalon.core.webui.keyword.builtin.VerifyTextPresentKeyword$_verifyTextPresent_closure1.call(VerifyTextPresentKeyword.groovy)
	at com.kms.katalon.core.webui.keyword.internal.WebUIKeywordMain.runKeyword(WebUIKeywordMain.groovy:20)
	at com.kms.katalon.core.webui.keyword.builtin.VerifyTextPresentKeyword.verifyTextPresent(VerifyTextPresentKeyword.groovy:83)
	at com.kms.katalon.core.webui.keyword.builtin.VerifyTextPresentKeyword.execute(VerifyTextPresentKeyword.groovy:68)
	at com.kms.katalon.core.keyword.internal.KeywordExecutor.executeKeywordForPlatform(KeywordExecutor.groovy:72)
	at com.kms.katalon.core.webui.keyword.WebUiBuiltInKeywords.verifyTextPresent(WebUiBuiltInKeywords.groovy:1719)
	at com.kms.katalon.core.webui.keyword.WebUiBuiltInKeywords$verifyTextPresent$2.call(Unknown Source)
	at Members_Activity_Photo_Stats.run(Members_Activity_Photo_Stats:69)
	at com.kms.katalon.core.main.ScriptEngine.run(ScriptEngine.java:194)
	at com.kms.katalon.core.main.ScriptEngine.runScriptAsRawText(ScriptEngine.java:119)
	at com.kms.katalon.core.main.TestCaseExecutor.runScript(TestCaseExecutor.java:337)
	at com.kms.katalon.core.main.TestCaseExecutor.doExecute(TestCaseExecutor.java:328)
	at com.kms.katalon.core.main.TestCaseExecutor.processExecutionPhase(TestCaseExecutor.java:307)
	at com.kms.katalon.core.main.TestCaseExecutor.accessMainPhase(TestCaseExecutor.java:299)
	at com.kms.katalon.core.main.TestCaseExecutor.execute(TestCaseExecutor.java:233)
	at com.kms.katalon.core.main.TestCaseMain.runTestCase(TestCaseMain.java:114)
	at com.kms.katalon.core.keyword.builtin.CallTestCaseKeyword$_callTestCase_closure1.doCall(CallTestCaseKeyword.groovy:59)
	at com.kms.katalon.core.keyword.builtin.CallTestCaseKeyword$_callTestCase_closure1.call(CallTestCaseKeyword.groovy)
	at com.kms.katalon.core.keyword.internal.KeywordMain.runKeyword(KeywordMain.groovy:68)
	at com.kms.katalon.core.keyword.builtin.CallTestCaseKeyword.callTestCase(CallTestCaseKeyword.groovy:81)
	at com.kms.katalon.core.keyword.builtin.CallTestCaseKeyword.execute(CallTestCaseKeyword.groovy:44)
	at com.kms.katalon.core.keyword.internal.KeywordExecutor.executeKeywordForPlatform(KeywordExecutor.groovy:72)
	at com.kms.katalon.core.keyword.BuiltinKeywords.callTestCase(BuiltinKeywords.groovy:334)
	at Members_Activity_Photo_Stats.run(Members_Activity_Photo_Stats:64)
	at com.kms.katalon.core.main.ScriptEngine.run(ScriptEngine.java:194)
	at com.kms.katalon.core.main.ScriptEngine.runScriptAsRawText(ScriptEngine.java:119)
	at com.kms.katalon.core.main.TestCaseExecutor.runScript(TestCaseExecutor.java:337)
	at com.kms.katalon.core.main.TestCaseExecutor.doExecute(TestCaseExecutor.java:328)
	at com.kms.katalon.core.main.TestCaseExecutor.processExecutionPhase(TestCaseExecutor.java:307)
	at com.kms.katalon.core.main.TestCaseExecutor.accessMainPhase(TestCaseExecutor.java:299)
	at com.kms.katalon.core.main.TestCaseExecutor.execute(TestCaseExecutor.java:233)
	at com.kms.katalon.core.main.TestSuiteExecutor.accessTestCaseMainPhase(TestSuiteExecutor.java:169)
	at com.kms.katalon.core.main.TestSuiteExecutor.accessTestSuiteMainPhase(TestSuiteExecutor.java:142)
	at com.kms.katalon.core.main.TestSuiteExecutor.execute(TestSuiteExecutor.java:91)
	at com.kms.katalon.core.main.TestCaseMain.startTestSuite(TestCaseMain.java:157)
	at com.kms.katalon.core.main.TestCaseMain$startTestSuite$0.call(Unknown Source)
	at TempTestSuite1587991913277.run(TempTestSuite1587991913277.groovy:37)
)

2020-04-27 14:20:07 - [TEST_STEP][FAILED] - verifyTextPresent("Total", false): Text 'Total' is not present on page  (Root cause: com.kms.katalon.core.exception.StepFailedException: Text 'Total' is not present on page 
	at com.kms.katalon.core.webui.keyword.internal.WebUIKeywordMain.stepFailed(WebUIKeywordMain.groovy:64)
	at com.kms.katalon.core.webui.keyword.builtin.VerifyTextPresentKeyword$_verifyTextPresent_closure1.doCall(VerifyTextPresentKeyword.groovy:79)
	at com.kms.katalon.core.webui.keyword.builtin.VerifyTextPresentKeyword$_verifyTextPresent_closure1.call(VerifyTextPresentKeyword.groovy)
	at com.kms.katalon.core.webui.keyword.internal.WebUIKeywordMain.runKeyword(WebUIKeywordMain.groovy:20)
	at com.kms.katalon.core.webui.keyword.builtin.VerifyTextPresentKeyword.verifyTextPresent(VerifyTextPresentKeyword.groovy:83)
	at com.kms.katalon.core.webui.keyword.builtin.VerifyTextPresentKeyword.execute(VerifyTextPresentKeyword.groovy:68)
	at com.kms.katalon.core.keyword.internal.KeywordExecutor.executeKeywordForPlatform(KeywordExecutor.groovy:72)
	at com.kms.katalon.core.webui.keyword.WebUiBuiltInKeywords.verifyTextPresent(WebUiBuiltInKeywords.groovy:1719)
	at com.kms.katalon.core.webui.keyword.WebUiBuiltInKeywords$verifyTextPresent$2.call(Unknown Source)
	at Members_Activity_Photo_Stats.run(Members_Activity_Photo_Stats:71)
	at com.kms.katalon.core.main.ScriptEngine.run(ScriptEngine.java:194)
	at com.kms.katalon.core.main.ScriptEngine.runScriptAsRawText(ScriptEngine.java:119)
	at com.kms.katalon.core.main.TestCaseExecutor.runScript(TestCaseExecutor.java:337)
	at com.kms.katalon.core.main.TestCaseExecutor.doExecute(TestCaseExecutor.java:328)
	at com.kms.katalon.core.main.TestCaseExecutor.processExecutionPhase(TestCaseExecutor.java:307)
	at com.kms.katalon.core.main.TestCaseExecutor.accessMainPhase(TestCaseExecutor.java:299)
	at com.kms.katalon.core.main.TestCaseExecutor.execute(TestCaseExecutor.java:233)
	at com.kms.katalon.core.main.TestCaseMain.runTestCase(TestCaseMain.java:114)
	at com.kms.katalon.core.keyword.builtin.CallTestCaseKeyword$_callTestCase_closure1.doCall(CallTestCaseKeyword.groovy:59)
	at com.kms.katalon.core.keyword.builtin.CallTestCaseKeyword$_callTestCase_closure1.call(CallTestCaseKeyword.groovy)
	at com.kms.katalon.core.keyword.internal.KeywordMain.runKeyword(KeywordMain.groovy:68)
	at com.kms.katalon.core.keyword.builtin.CallTestCaseKeyword.callTestCase(CallTestCaseKeyword.groovy:81)
	at com.kms.katalon.core.keyword.builtin.CallTestCaseKeyword.execute(CallTestCaseKeyword.groovy:44)
	at com.kms.katalon.core.keyword.internal.KeywordExecutor.executeKeywordForPlatform(KeywordExecutor.groovy:72)
	at com.kms.katalon.core.keyword.BuiltinKeywords.callTestCase(BuiltinKeywords.groovy:334)
	at Members_Activity_Photo_Stats.run(Members_Activity_Photo_Stats:64)
	at com.kms.katalon.core.main.ScriptEngine.run(ScriptEngine.java:194)
	at com.kms.katalon.core.main.ScriptEngine.runScriptAsRawText(ScriptEngine.java:119)
	at com.kms.katalon.core.main.TestCaseExecutor.runScript(TestCaseExecutor.java:337)
	at com.kms.katalon.core.main.TestCaseExecutor.doExecute(TestCaseExecutor.java:328)
	at com.kms.katalon.core.main.TestCaseExecutor.processExecutionPhase(TestCaseExecutor.java:307)
	at com.kms.katalon.core.main.TestCaseExecutor.accessMainPhase(TestCaseExecutor.java:299)
	at com.kms.katalon.core.main.TestCaseExecutor.execute(TestCaseExecutor.java:233)
	at com.kms.katalon.core.main.TestSuiteExecutor.accessTestCaseMainPhase(TestSuiteExecutor.java:169)
	at com.kms.katalon.core.main.TestSuiteExecutor.accessTestSuiteMainPhase(TestSuiteExecutor.java:142)
	at com.kms.katalon.core.main.TestSuiteExecutor.execute(TestSuiteExecutor.java:91)
	at com.kms.katalon.core.main.TestCaseMain.startTestSuite(TestCaseMain.java:157)
	at com.kms.katalon.core.main.TestCaseMain$startTestSuite$0.call(Unknown Source)
	at TempTestSuite1587991913277.run(TempTestSuite1587991913277.groovy:37)
)

2020-04-27 14:20:07 - [MESSAGE][FAILED] - Text 'Total' is not present on page  (Root cause: com.kms.katalon.core.exception.StepFailedException: Text 'Total' is not present on page 
	at com.kms.katalon.core.webui.keyword.internal.WebUIKeywordMain.stepFailed(WebUIKeywordMain.groovy:64)
	at com.kms.katalon.core.webui.keyword.builtin.VerifyTextPresentKeyword$_verifyTextPresent_closure1.doCall(VerifyTextPresentKeyword.groovy:79)
	at com.kms.katalon.core.webui.keyword.builtin.VerifyTextPresentKeyword$_verifyTextPresent_closure1.call(VerifyTextPresentKeyword.groovy)
	at com.kms.katalon.core.webui.keyword.internal.WebUIKeywordMain.runKeyword(WebUIKeywordMain.groovy:20)
	at com.kms.katalon.core.webui.keyword.builtin.VerifyTextPresentKeyword.verifyTextPresent(VerifyTextPresentKeyword.groovy:83)
	at com.kms.katalon.core.webui.keyword.builtin.VerifyTextPresentKeyword.execute(VerifyTextPresentKeyword.groovy:68)
	at com.kms.katalon.core.keyword.internal.KeywordExecutor.executeKeywordForPlatform(KeywordExecutor.groovy:72)
	at com.kms.katalon.core.webui.keyword.WebUiBuiltInKeywords.verifyTextPresent(WebUiBuiltInKeywords.groovy:1719)
	at com.kms.katalon.core.webui.keyword.WebUiBuiltInKeywords$verifyTextPresent$2.call(Unknown Source)
	at Members_Activity_Photo_Stats.run(Members_Activity_Photo_Stats:71)
	at com.kms.katalon.core.main.ScriptEngine.run(ScriptEngine.java:194)
	at com.kms.katalon.core.main.ScriptEngine.runScriptAsRawText(ScriptEngine.java:119)
	at com.kms.katalon.core.main.TestCaseExecutor.runScript(TestCaseExecutor.java:337)
	at com.kms.katalon.core.main.TestCaseExecutor.doExecute(TestCaseExecutor.java:328)
	at com.kms.katalon.core.main.TestCaseExecutor.processExecutionPhase(TestCaseExecutor.java:307)
	at com.kms.katalon.core.main.TestCaseExecutor.accessMainPhase(TestCaseExecutor.java:299)
	at com.kms.katalon.core.main.TestCaseExecutor.execute(TestCaseExecutor.java:233)
	at com.kms.katalon.core.main.TestCaseMain.runTestCase(TestCaseMain.java:114)
	at com.kms.katalon.core.keyword.builtin.CallTestCaseKeyword$_callTestCase_closure1.doCall(CallTestCaseKeyword.groovy:59)
	at com.kms.katalon.core.keyword.builtin.CallTestCaseKeyword$_callTestCase_closure1.call(CallTestCaseKeyword.groovy)
	at com.kms.katalon.core.keyword.internal.KeywordMain.runKeyword(KeywordMain.groovy:68)
	at com.kms.katalon.core.keyword.builtin.CallTestCaseKeyword.callTestCase(CallTestCaseKeyword.groovy:81)
	at com.kms.katalon.core.keyword.builtin.CallTestCaseKeyword.execute(CallTestCaseKeyword.groovy:44)
	at com.kms.katalon.core.keyword.internal.KeywordExecutor.executeKeywordForPlatform(KeywordExecutor.groovy:72)
	at com.kms.katalon.core.keyword.BuiltinKeywords.callTestCase(BuiltinKeywords.groovy:334)
	at Members_Activity_Photo_Stats.run(Members_Activity_Photo_Stats:64)
	at com.kms.katalon.core.main.ScriptEngine.run(ScriptEngine.java:194)
	at com.kms.katalon.core.main.ScriptEngine.runScriptAsRawText(ScriptEngine.java:119)
	at com.kms.katalon.core.main.TestCaseExecutor.runScript(TestCaseExecutor.java:337)
	at com.kms.katalon.core.main.TestCaseExecutor.doExecute(TestCaseExecutor.java:328)
	at com.kms.katalon.core.main.TestCaseExecutor.processExecutionPhase(TestCaseExecutor.java:307)
	at com.kms.katalon.core.main.TestCaseExecutor.accessMainPhase(TestCaseExecutor.java:299)
	at com.kms.katalon.core.main.TestCaseExecutor.execute(TestCaseExecutor.java:233)
	at com.kms.katalon.core.main.TestSuiteExecutor.accessTestCaseMainPhase(TestSuiteExecutor.java:169)
	at com.kms.katalon.core.main.TestSuiteExecutor.accessTestSuiteMainPhase(TestSuiteExecutor.java:142)
	at com.kms.katalon.core.main.TestSuiteExecutor.execute(TestSuiteExecutor.java:91)
	at com.kms.katalon.core.main.TestCaseMain.startTestSuite(TestCaseMain.java:157)
	at com.kms.katalon.core.main.TestCaseMain$startTestSuite$0.call(Unknown Source)
	at TempTestSuite1587991913277.run(TempTestSuite1587991913277.groovy:37)
)

2020-04-27 14:20:07 - [TEST_STEP][PASSED] - "----------------------------------------------": null

2020-04-27 14:20:07 - [TEST_STEP][FAILED] - verifyTextPresent("Gilbert Driveways", false): Text 'Gilbert Driveways' is not present on page  (Root cause: com.kms.katalon.core.exception.StepFailedException: Text 'Gilbert Driveways' is not present on page 
	at com.kms.katalon.core.webui.keyword.internal.WebUIKeywordMain.stepFailed(WebUIKeywordMain.groovy:64)
	at com.kms.katalon.core.webui.keyword.builtin.VerifyTextPresentKeyword$_verifyTextPresent_closure1.doCall(VerifyTextPresentKeyword.groovy:79)
	at com.kms.katalon.core.webui.keyword.builtin.VerifyTextPresentKeyword$_verifyTextPresent_closure1.call(VerifyTextPresentKeyword.groovy)
	at com.kms.katalon.core.webui.keyword.internal.WebUIKeywordMain.runKeyword(WebUIKeywordMain.groovy:20)
	at com.kms.katalon.core.webui.keyword.builtin.VerifyTextPresentKeyword.verifyTextPresent(VerifyTextPresentKeyword.groovy:83)
	at com.kms.katalon.core.webui.keyword.builtin.VerifyTextPresentKeyword.execute(VerifyTextPresentKeyword.groovy:68)
	at com.kms.katalon.core.keyword.internal.KeywordExecutor.executeKeywordForPlatform(KeywordExecutor.groovy:72)
	at com.kms.katalon.core.webui.keyword.WebUiBuiltInKeywords.verifyTextPresent(WebUiBuiltInKeywords.groovy:1719)
	at com.kms.katalon.core.webui.keyword.WebUiBuiltInKeywords$verifyTextPresent$2.call(Unknown Source)
	at Members_Activity_Photo_Stats.run(Members_Activity_Photo_Stats:77)
	at com.kms.katalon.core.main.ScriptEngine.run(ScriptEngine.java:194)
	at com.kms.katalon.core.main.ScriptEngine.runScriptAsRawText(ScriptEngine.java:119)
	at com.kms.katalon.core.main.TestCaseExecutor.runScript(TestCaseExecutor.java:337)
	at com.kms.katalon.core.main.TestCaseExecutor.doExecute(TestCaseExecutor.java:328)
	at com.kms.katalon.core.main.TestCaseExecutor.processExecutionPhase(TestCaseExecutor.java:307)
	at com.kms.katalon.core.main.TestCaseExecutor.accessMainPhase(TestCaseExecutor.java:299)
	at com.kms.katalon.core.main.TestCaseExecutor.execute(TestCaseExecutor.java:233)
	at com.kms.katalon.core.main.TestCaseMain.runTestCase(TestCaseMain.java:114)
	at com.kms.katalon.core.keyword.builtin.CallTestCaseKeyword$_callTestCase_closure1.doCall(CallTestCaseKeyword.groovy:59)
	at com.kms.katalon.core.keyword.builtin.CallTestCaseKeyword$_callTestCase_closure1.call(CallTestCaseKeyword.groovy)
	at com.kms.katalon.core.keyword.internal.KeywordMain.runKeyword(KeywordMain.groovy:68)
	at com.kms.katalon.core.keyword.builtin.CallTestCaseKeyword.callTestCase(CallTestCaseKeyword.groovy:81)
	at com.kms.katalon.core.keyword.builtin.CallTestCaseKeyword.execute(CallTestCaseKeyword.groovy:44)
	at com.kms.katalon.core.keyword.internal.KeywordExecutor.executeKeywordForPlatform(KeywordExecutor.groovy:72)
	at com.kms.katalon.core.keyword.BuiltinKeywords.callTestCase(BuiltinKeywords.groovy:334)
	at Members_Activity_Photo_Stats.run(Members_Activity_Photo_Stats:64)
	at com.kms.katalon.core.main.ScriptEngine.run(ScriptEngine.java:194)
	at com.kms.katalon.core.main.ScriptEngine.runScriptAsRawText(ScriptEngine.java:119)
	at com.kms.katalon.core.main.TestCaseExecutor.runScript(TestCaseExecutor.java:337)
	at com.kms.katalon.core.main.TestCaseExecutor.doExecute(TestCaseExecutor.java:328)
	at com.kms.katalon.core.main.TestCaseExecutor.processExecutionPhase(TestCaseExecutor.java:307)
	at com.kms.katalon.core.main.TestCaseExecutor.accessMainPhase(TestCaseExecutor.java:299)
	at com.kms.katalon.core.main.TestCaseExecutor.execute(TestCaseExecutor.java:233)
	at com.kms.katalon.core.main.TestSuiteExecutor.accessTestCaseMainPhase(TestSuiteExecutor.java:169)
	at com.kms.katalon.core.main.TestSuiteExecutor.accessTestSuiteMainPhase(TestSuiteExecutor.java:142)
	at com.kms.katalon.core.main.TestSuiteExecutor.execute(TestSuiteExecutor.java:91)
	at com.kms.katalon.core.main.TestCaseMain.startTestSuite(TestCaseMain.java:157)
	at com.kms.katalon.core.main.TestCaseMain$startTestSuite$0.call(Unknown Source)
	at TempTestSuite1587991913277.run(TempTestSuite1587991913277.groovy:37)
)

2020-04-27 14:20:07 - [MESSAGE][FAILED] - Text 'Gilbert Driveways' is not present on page  (Root cause: com.kms.katalon.core.exception.StepFailedException: Text 'Gilbert Driveways' is not present on page 
	at com.kms.katalon.core.webui.keyword.internal.WebUIKeywordMain.stepFailed(WebUIKeywordMain.groovy:64)
	at com.kms.katalon.core.webui.keyword.builtin.VerifyTextPresentKeyword$_verifyTextPresent_closure1.doCall(VerifyTextPresentKeyword.groovy:79)
	at com.kms.katalon.core.webui.keyword.builtin.VerifyTextPresentKeyword$_verifyTextPresent_closure1.call(VerifyTextPresentKeyword.groovy)
	at com.kms.katalon.core.webui.keyword.internal.WebUIKeywordMain.runKeyword(WebUIKeywordMain.groovy:20)
	at com.kms.katalon.core.webui.keyword.builtin.VerifyTextPresentKeyword.verifyTextPresent(VerifyTextPresentKeyword.groovy:83)
	at com.kms.katalon.core.webui.keyword.builtin.VerifyTextPresentKeyword.execute(VerifyTextPresentKeyword.groovy:68)
	at com.kms.katalon.core.keyword.internal.KeywordExecutor.executeKeywordForPlatform(KeywordExecutor.groovy:72)
	at com.kms.katalon.core.webui.keyword.WebUiBuiltInKeywords.verifyTextPresent(WebUiBuiltInKeywords.groovy:1719)
	at com.kms.katalon.core.webui.keyword.WebUiBuiltInKeywords$verifyTextPresent$2.call(Unknown Source)
	at Members_Activity_Photo_Stats.run(Members_Activity_Photo_Stats:77)
	at com.kms.katalon.core.main.ScriptEngine.run(ScriptEngine.java:194)
	at com.kms.katalon.core.main.ScriptEngine.runScriptAsRawText(ScriptEngine.java:119)
	at com.kms.katalon.core.main.TestCaseExecutor.runScript(TestCaseExecutor.java:337)
	at com.kms.katalon.core.main.TestCaseExecutor.doExecute(TestCaseExecutor.java:328)
	at com.kms.katalon.core.main.TestCaseExecutor.processExecutionPhase(TestCaseExecutor.java:307)
	at com.kms.katalon.core.main.TestCaseExecutor.accessMainPhase(TestCaseExecutor.java:299)
	at com.kms.katalon.core.main.TestCaseExecutor.execute(TestCaseExecutor.java:233)
	at com.kms.katalon.core.main.TestCaseMain.runTestCase(TestCaseMain.java:114)
	at com.kms.katalon.core.keyword.builtin.CallTestCaseKeyword$_callTestCase_closure1.doCall(CallTestCaseKeyword.groovy:59)
	at com.kms.katalon.core.keyword.builtin.CallTestCaseKeyword$_callTestCase_closure1.call(CallTestCaseKeyword.groovy)
	at com.kms.katalon.core.keyword.internal.KeywordMain.runKeyword(KeywordMain.groovy:68)
	at com.kms.katalon.core.keyword.builtin.CallTestCaseKeyword.callTestCase(CallTestCaseKeyword.groovy:81)
	at com.kms.katalon.core.keyword.builtin.CallTestCaseKeyword.execute(CallTestCaseKeyword.groovy:44)
	at com.kms.katalon.core.keyword.internal.KeywordExecutor.executeKeywordForPlatform(KeywordExecutor.groovy:72)
	at com.kms.katalon.core.keyword.BuiltinKeywords.callTestCase(BuiltinKeywords.groovy:334)
	at Members_Activity_Photo_Stats.run(Members_Activity_Photo_Stats:64)
	at com.kms.katalon.core.main.ScriptEngine.run(ScriptEngine.java:194)
	at com.kms.katalon.core.main.ScriptEngine.runScriptAsRawText(ScriptEngine.java:119)
	at com.kms.katalon.core.main.TestCaseExecutor.runScript(TestCaseExecutor.java:337)
	at com.kms.katalon.core.main.TestCaseExecutor.doExecute(TestCaseExecutor.java:328)
	at com.kms.katalon.core.main.TestCaseExecutor.processExecutionPhase(TestCaseExecutor.java:307)
	at com.kms.katalon.core.main.TestCaseExecutor.accessMainPhase(TestCaseExecutor.java:299)
	at com.kms.katalon.core.main.TestCaseExecutor.execute(TestCaseExecutor.java:233)
	at com.kms.katalon.core.main.TestSuiteExecutor.accessTestCaseMainPhase(TestSuiteExecutor.java:169)
	at com.kms.katalon.core.main.TestSuiteExecutor.accessTestSuiteMainPhase(TestSuiteExecutor.java:142)
	at com.kms.katalon.core.main.TestSuiteExecutor.execute(TestSuiteExecutor.java:91)
	at com.kms.katalon.core.main.TestCaseMain.startTestSuite(TestCaseMain.java:157)
	at com.kms.katalon.core.main.TestCaseMain$startTestSuite$0.call(Unknown Source)
	at TempTestSuite1587991913277.run(TempTestSuite1587991913277.groovy:37)
)

2020-04-27 14:20:07 - [TEST_STEP][FAILED] - verifyTextPresent("Logo", false): Text 'Logo' is not present on page  (Root cause: com.kms.katalon.core.exception.StepFailedException: Text 'Logo' is not present on page 
	at com.kms.katalon.core.webui.keyword.internal.WebUIKeywordMain.stepFailed(WebUIKeywordMain.groovy:64)
	at com.kms.katalon.core.webui.keyword.builtin.VerifyTextPresentKeyword$_verifyTextPresent_closure1.doCall(VerifyTextPresentKeyword.groovy:79)
	at com.kms.katalon.core.webui.keyword.builtin.VerifyTextPresentKeyword$_verifyTextPresent_closure1.call(VerifyTextPresentKeyword.groovy)
	at com.kms.katalon.core.webui.keyword.internal.WebUIKeywordMain.runKeyword(WebUIKeywordMain.groovy:20)
	at com.kms.katalon.core.webui.keyword.builtin.VerifyTextPresentKeyword.verifyTextPresent(VerifyTextPresentKeyword.groovy:83)
	at com.kms.katalon.core.webui.keyword.builtin.VerifyTextPresentKeyword.execute(VerifyTextPresentKeyword.groovy:68)
	at com.kms.katalon.core.keyword.internal.KeywordExecutor.executeKeywordForPlatform(KeywordExecutor.groovy:72)
	at com.kms.katalon.core.webui.keyword.WebUiBuiltInKeywords.verifyTextPresent(WebUiBuiltInKeywords.groovy:1719)
	at com.kms.katalon.core.webui.keyword.WebUiBuiltInKeywords$verifyTextPresent$2.call(Unknown Source)
	at Members_Activity_Photo_Stats.run(Members_Activity_Photo_Stats:79)
	at com.kms.katalon.core.main.ScriptEngine.run(ScriptEngine.java:194)
	at com.kms.katalon.core.main.ScriptEngine.runScriptAsRawText(ScriptEngine.java:119)
	at com.kms.katalon.core.main.TestCaseExecutor.runScript(TestCaseExecutor.java:337)
	at com.kms.katalon.core.main.TestCaseExecutor.doExecute(TestCaseExecutor.java:328)
	at com.kms.katalon.core.main.TestCaseExecutor.processExecutionPhase(TestCaseExecutor.java:307)
	at com.kms.katalon.core.main.TestCaseExecutor.accessMainPhase(TestCaseExecutor.java:299)
	at com.kms.katalon.core.main.TestCaseExecutor.execute(TestCaseExecutor.java:233)
	at com.kms.katalon.core.main.TestCaseMain.runTestCase(TestCaseMain.java:114)
	at com.kms.katalon.core.keyword.builtin.CallTestCaseKeyword$_callTestCase_closure1.doCall(CallTestCaseKeyword.groovy:59)
	at com.kms.katalon.core.keyword.builtin.CallTestCaseKeyword$_callTestCase_closure1.call(CallTestCaseKeyword.groovy)
	at com.kms.katalon.core.keyword.internal.KeywordMain.runKeyword(KeywordMain.groovy:68)
	at com.kms.katalon.core.keyword.builtin.CallTestCaseKeyword.callTestCase(CallTestCaseKeyword.groovy:81)
	at com.kms.katalon.core.keyword.builtin.CallTestCaseKeyword.execute(CallTestCaseKeyword.groovy:44)
	at com.kms.katalon.core.keyword.internal.KeywordExecutor.executeKeywordForPlatform(KeywordExecutor.groovy:72)
	at com.kms.katalon.core.keyword.BuiltinKeywords.callTestCase(BuiltinKeywords.groovy:334)
	at Members_Activity_Photo_Stats.run(Members_Activity_Photo_Stats:64)
	at com.kms.katalon.core.main.ScriptEngine.run(ScriptEngine.java:194)
	at com.kms.katalon.core.main.ScriptEngine.runScriptAsRawText(ScriptEngine.java:119)
	at com.kms.katalon.core.main.TestCaseExecutor.runScript(TestCaseExecutor.java:337)
	at com.kms.katalon.core.main.TestCaseExecutor.doExecute(TestCaseExecutor.java:328)
	at com.kms.katalon.core.main.TestCaseExecutor.processExecutionPhase(TestCaseExecutor.java:307)
	at com.kms.katalon.core.main.TestCaseExecutor.accessMainPhase(TestCaseExecutor.java:299)
	at com.kms.katalon.core.main.TestCaseExecutor.execute(TestCaseExecutor.java:233)
	at com.kms.katalon.core.main.TestSuiteExecutor.accessTestCaseMainPhase(TestSuiteExecutor.java:169)
	at com.kms.katalon.core.main.TestSuiteExecutor.accessTestSuiteMainPhase(TestSuiteExecutor.java:142)
	at com.kms.katalon.core.main.TestSuiteExecutor.execute(TestSuiteExecutor.java:91)
	at com.kms.katalon.core.main.TestCaseMain.startTestSuite(TestCaseMain.java:157)
	at com.kms.katalon.core.main.TestCaseMain$startTestSuite$0.call(Unknown Source)
	at TempTestSuite1587991913277.run(TempTestSuite1587991913277.groovy:37)
)

2020-04-27 14:20:07 - [MESSAGE][FAILED] - Text 'Logo' is not present on page  (Root cause: com.kms.katalon.core.exception.StepFailedException: Text 'Logo' is not present on page 
	at com.kms.katalon.core.webui.keyword.internal.WebUIKeywordMain.stepFailed(WebUIKeywordMain.groovy:64)
	at com.kms.katalon.core.webui.keyword.builtin.VerifyTextPresentKeyword$_verifyTextPresent_closure1.doCall(VerifyTextPresentKeyword.groovy:79)
	at com.kms.katalon.core.webui.keyword.builtin.VerifyTextPresentKeyword$_verifyTextPresent_closure1.call(VerifyTextPresentKeyword.groovy)
	at com.kms.katalon.core.webui.keyword.internal.WebUIKeywordMain.runKeyword(WebUIKeywordMain.groovy:20)
	at com.kms.katalon.core.webui.keyword.builtin.VerifyTextPresentKeyword.verifyTextPresent(VerifyTextPresentKeyword.groovy:83)
	at com.kms.katalon.core.webui.keyword.builtin.VerifyTextPresentKeyword.execute(VerifyTextPresentKeyword.groovy:68)
	at com.kms.katalon.core.keyword.internal.KeywordExecutor.executeKeywordForPlatform(KeywordExecutor.groovy:72)
	at com.kms.katalon.core.webui.keyword.WebUiBuiltInKeywords.verifyTextPresent(WebUiBuiltInKeywords.groovy:1719)
	at com.kms.katalon.core.webui.keyword.WebUiBuiltInKeywords$verifyTextPresent$2.call(Unknown Source)
	at Members_Activity_Photo_Stats.run(Members_Activity_Photo_Stats:79)
	at com.kms.katalon.core.main.ScriptEngine.run(ScriptEngine.java:194)
	at com.kms.katalon.core.main.ScriptEngine.runScriptAsRawText(ScriptEngine.java:119)
	at com.kms.katalon.core.main.TestCaseExecutor.runScript(TestCaseExecutor.java:337)
	at com.kms.katalon.core.main.TestCaseExecutor.doExecute(TestCaseExecutor.java:328)
	at com.kms.katalon.core.main.TestCaseExecutor.processExecutionPhase(TestCaseExecutor.java:307)
	at com.kms.katalon.core.main.TestCaseExecutor.accessMainPhase(TestCaseExecutor.java:299)
	at com.kms.katalon.core.main.TestCaseExecutor.execute(TestCaseExecutor.java:233)
	at com.kms.katalon.core.main.TestCaseMain.runTestCase(TestCaseMain.java:114)
	at com.kms.katalon.core.keyword.builtin.CallTestCaseKeyword$_callTestCase_closure1.doCall(CallTestCaseKeyword.groovy:59)
	at com.kms.katalon.core.keyword.builtin.CallTestCaseKeyword$_callTestCase_closure1.call(CallTestCaseKeyword.groovy)
	at com.kms.katalon.core.keyword.internal.KeywordMain.runKeyword(KeywordMain.groovy:68)
	at com.kms.katalon.core.keyword.builtin.CallTestCaseKeyword.callTestCase(CallTestCaseKeyword.groovy:81)
	at com.kms.katalon.core.keyword.builtin.CallTestCaseKeyword.execute(CallTestCaseKeyword.groovy:44)
	at com.kms.katalon.core.keyword.internal.KeywordExecutor.executeKeywordForPlatform(KeywordExecutor.groovy:72)
	at com.kms.katalon.core.keyword.BuiltinKeywords.callTestCase(BuiltinKeywords.groovy:334)
	at Members_Activity_Photo_Stats.run(Members_Activity_Photo_Stats:64)
	at com.kms.katalon.core.main.ScriptEngine.run(ScriptEngine.java:194)
	at com.kms.katalon.core.main.ScriptEngine.runScriptAsRawText(ScriptEngine.java:119)
	at com.kms.katalon.core.main.TestCaseExecutor.runScript(TestCaseExecutor.java:337)
	at com.kms.katalon.core.main.TestCaseExecutor.doExecute(TestCaseExecutor.java:328)
	at com.kms.katalon.core.main.TestCaseExecutor.processExecutionPhase(TestCaseExecutor.java:307)
	at com.kms.katalon.core.main.TestCaseExecutor.accessMainPhase(TestCaseExecutor.java:299)
	at com.kms.katalon.core.main.TestCaseExecutor.execute(TestCaseExecutor.java:233)
	at com.kms.katalon.core.main.TestSuiteExecutor.accessTestCaseMainPhase(TestSuiteExecutor.java:169)
	at com.kms.katalon.core.main.TestSuiteExecutor.accessTestSuiteMainPhase(TestSuiteExecutor.java:142)
	at com.kms.katalon.core.main.TestSuiteExecutor.execute(TestSuiteExecutor.java:91)
	at com.kms.katalon.core.main.TestCaseMain.startTestSuite(TestCaseMain.java:157)
	at com.kms.katalon.core.main.TestCaseMain$startTestSuite$0.call(Unknown Source)
	at TempTestSuite1587991913277.run(TempTestSuite1587991913277.groovy:37)
)

2020-04-27 14:20:07 - [TEST_STEP][FAILED] - verifyTextPresent("A C E Building Services (WM) Ltd", false): Text 'A C E Building Services (WM) Ltd' is not present on page  (Root cause: com.kms.katalon.core.exception.StepFailedException: Text 'A C E Building Services (WM) Ltd' is not present on page 
	at com.kms.katalon.core.webui.keyword.internal.WebUIKeywordMain.stepFailed(WebUIKeywordMain.groovy:64)
	at com.kms.katalon.core.webui.keyword.builtin.VerifyTextPresentKeyword$_verifyTextPresent_closure1.doCall(VerifyTextPresentKeyword.groovy:79)
	at com.kms.katalon.core.webui.keyword.builtin.VerifyTextPresentKeyword$_verifyTextPresent_closure1.call(VerifyTextPresentKeyword.groovy)
	at com.kms.katalon.core.webui.keyword.internal.WebUIKeywordMain.runKeyword(WebUIKeywordMain.groovy:20)
	at com.kms.katalon.core.webui.keyword.builtin.VerifyTextPresentKeyword.verifyTextPresent(VerifyTextPresentKeyword.groovy:83)
	at com.kms.katalon.core.webui.keyword.builtin.VerifyTextPresentKeyword.execute(VerifyTextPresentKeyword.groovy:68)
	at com.kms.katalon.core.keyword.internal.KeywordExecutor.executeKeywordForPlatform(KeywordExecutor.groovy:72)
	at com.kms.katalon.core.webui.keyword.WebUiBuiltInKeywords.verifyTextPresent(WebUiBuiltInKeywords.groovy:1719)
	at com.kms.katalon.core.webui.keyword.WebUiBuiltInKeywords$verifyTextPresent$2.call(Unknown Source)
	at Members_Activity_Photo_Stats.run(Members_Activity_Photo_Stats:81)
	at com.kms.katalon.core.main.ScriptEngine.run(ScriptEngine.java:194)
	at com.kms.katalon.core.main.ScriptEngine.runScriptAsRawText(ScriptEngine.java:119)
	at com.kms.katalon.core.main.TestCaseExecutor.runScript(TestCaseExecutor.java:337)
	at com.kms.katalon.core.main.TestCaseExecutor.doExecute(TestCaseExecutor.java:328)
	at com.kms.katalon.core.main.TestCaseExecutor.processExecutionPhase(TestCaseExecutor.java:307)
	at com.kms.katalon.core.main.TestCaseExecutor.accessMainPhase(TestCaseExecutor.java:299)
	at com.kms.katalon.core.main.TestCaseExecutor.execute(TestCaseExecutor.java:233)
	at com.kms.katalon.core.main.TestCaseMain.runTestCase(TestCaseMain.java:114)
	at com.kms.katalon.core.keyword.builtin.CallTestCaseKeyword$_callTestCase_closure1.doCall(CallTestCaseKeyword.groovy:59)
	at com.kms.katalon.core.keyword.builtin.CallTestCaseKeyword$_callTestCase_closure1.call(CallTestCaseKeyword.groovy)
	at com.kms.katalon.core.keyword.internal.KeywordMain.runKeyword(KeywordMain.groovy:68)
	at com.kms.katalon.core.keyword.builtin.CallTestCaseKeyword.callTestCase(CallTestCaseKeyword.groovy:81)
	at com.kms.katalon.core.keyword.builtin.CallTestCaseKeyword.execute(CallTestCaseKeyword.groovy:44)
	at com.kms.katalon.core.keyword.internal.KeywordExecutor.executeKeywordForPlatform(KeywordExecutor.groovy:72)
	at com.kms.katalon.core.keyword.BuiltinKeywords.callTestCase(BuiltinKeywords.groovy:334)
	at Members_Activity_Photo_Stats.run(Members_Activity_Photo_Stats:64)
	at com.kms.katalon.core.main.ScriptEngine.run(ScriptEngine.java:194)
	at com.kms.katalon.core.main.ScriptEngine.runScriptAsRawText(ScriptEngine.java:119)
	at com.kms.katalon.core.main.TestCaseExecutor.runScript(TestCaseExecutor.java:337)
	at com.kms.katalon.core.main.TestCaseExecutor.doExecute(TestCaseExecutor.java:328)
	at com.kms.katalon.core.main.TestCaseExecutor.processExecutionPhase(TestCaseExecutor.java:307)
	at com.kms.katalon.core.main.TestCaseExecutor.accessMainPhase(TestCaseExecutor.java:299)
	at com.kms.katalon.core.main.TestCaseExecutor.execute(TestCaseExecutor.java:233)
	at com.kms.katalon.core.main.TestSuiteExecutor.accessTestCaseMainPhase(TestSuiteExecutor.java:169)
	at com.kms.katalon.core.main.TestSuiteExecutor.accessTestSuiteMainPhase(TestSuiteExecutor.java:142)
	at com.kms.katalon.core.main.TestSuiteExecutor.execute(TestSuiteExecutor.java:91)
	at com.kms.katalon.core.main.TestCaseMain.startTestSuite(TestCaseMain.java:157)
	at com.kms.katalon.core.main.TestCaseMain$startTestSuite$0.call(Unknown Source)
	at TempTestSuite1587991913277.run(TempTestSuite1587991913277.groovy:37)
)

2020-04-27 14:20:07 - [MESSAGE][FAILED] - Text 'A C E Building Services (WM) Ltd' is not present on page  (Root cause: com.kms.katalon.core.exception.StepFailedException: Text 'A C E Building Services (WM) Ltd' is not present on page 
	at com.kms.katalon.core.webui.keyword.internal.WebUIKeywordMain.stepFailed(WebUIKeywordMain.groovy:64)
	at com.kms.katalon.core.webui.keyword.builtin.VerifyTextPresentKeyword$_verifyTextPresent_closure1.doCall(VerifyTextPresentKeyword.groovy:79)
	at com.kms.katalon.core.webui.keyword.builtin.VerifyTextPresentKeyword$_verifyTextPresent_closure1.call(VerifyTextPresentKeyword.groovy)
	at com.kms.katalon.core.webui.keyword.internal.WebUIKeywordMain.runKeyword(WebUIKeywordMain.groovy:20)
	at com.kms.katalon.core.webui.keyword.builtin.VerifyTextPresentKeyword.verifyTextPresent(VerifyTextPresentKeyword.groovy:83)
	at com.kms.katalon.core.webui.keyword.builtin.VerifyTextPresentKeyword.execute(VerifyTextPresentKeyword.groovy:68)
	at com.kms.katalon.core.keyword.internal.KeywordExecutor.executeKeywordForPlatform(KeywordExecutor.groovy:72)
	at com.kms.katalon.core.webui.keyword.WebUiBuiltInKeywords.verifyTextPresent(WebUiBuiltInKeywords.groovy:1719)
	at com.kms.katalon.core.webui.keyword.WebUiBuiltInKeywords$verifyTextPresent$2.call(Unknown Source)
	at Members_Activity_Photo_Stats.run(Members_Activity_Photo_Stats:81)
	at com.kms.katalon.core.main.ScriptEngine.run(ScriptEngine.java:194)
	at com.kms.katalon.core.main.ScriptEngine.runScriptAsRawText(ScriptEngine.java:119)
	at com.kms.katalon.core.main.TestCaseExecutor.runScript(TestCaseExecutor.java:337)
	at com.kms.katalon.core.main.TestCaseExecutor.doExecute(TestCaseExecutor.java:328)
	at com.kms.katalon.core.main.TestCaseExecutor.processExecutionPhase(TestCaseExecutor.java:307)
	at com.kms.katalon.core.main.TestCaseExecutor.accessMainPhase(TestCaseExecutor.java:299)
	at com.kms.katalon.core.main.TestCaseExecutor.execute(TestCaseExecutor.java:233)
	at com.kms.katalon.core.main.TestCaseMain.runTestCase(TestCaseMain.java:114)
	at com.kms.katalon.core.keyword.builtin.CallTestCaseKeyword$_callTestCase_closure1.doCall(CallTestCaseKeyword.groovy:59)
	at com.kms.katalon.core.keyword.builtin.CallTestCaseKeyword$_callTestCase_closure1.call(CallTestCaseKeyword.groovy)
	at com.kms.katalon.core.keyword.internal.KeywordMain.runKeyword(KeywordMain.groovy:68)
	at com.kms.katalon.core.keyword.builtin.CallTestCaseKeyword.callTestCase(CallTestCaseKeyword.groovy:81)
	at com.kms.katalon.core.keyword.builtin.CallTestCaseKeyword.execute(CallTestCaseKeyword.groovy:44)
	at com.kms.katalon.core.keyword.internal.KeywordExecutor.executeKeywordForPlatform(KeywordExecutor.groovy:72)
	at com.kms.katalon.core.keyword.BuiltinKeywords.callTestCase(BuiltinKeywords.groovy:334)
	at Members_Activity_Photo_Stats.run(Members_Activity_Photo_Stats:64)
	at com.kms.katalon.core.main.ScriptEngine.run(ScriptEngine.java:194)
	at com.kms.katalon.core.main.ScriptEngine.runScriptAsRawText(ScriptEngine.java:119)
	at com.kms.katalon.core.main.TestCaseExecutor.runScript(TestCaseExecutor.java:337)
	at com.kms.katalon.core.main.TestCaseExecutor.doExecute(TestCaseExecutor.java:328)
	at com.kms.katalon.core.main.TestCaseExecutor.processExecutionPhase(TestCaseExecutor.java:307)
	at com.kms.katalon.core.main.TestCaseExecutor.accessMainPhase(TestCaseExecutor.java:299)
	at com.kms.katalon.core.main.TestCaseExecutor.execute(TestCaseExecutor.java:233)
	at com.kms.katalon.core.main.TestSuiteExecutor.accessTestCaseMainPhase(TestSuiteExecutor.java:169)
	at com.kms.katalon.core.main.TestSuiteExecutor.accessTestSuiteMainPhase(TestSuiteExecutor.java:142)
	at com.kms.katalon.core.main.TestSuiteExecutor.execute(TestSuiteExecutor.java:91)
	at com.kms.katalon.core.main.TestCaseMain.startTestSuite(TestCaseMain.java:157)
	at com.kms.katalon.core.main.TestCaseMain$startTestSuite$0.call(Unknown Source)
	at TempTestSuite1587991913277.run(TempTestSuite1587991913277.groovy:37)
)

2020-04-27 14:20:07 - [MESSAGE][WARNING] - Unable to call Test Case 'Test Cases/Reusable_Test_Sequences/Web_Office/Verification/Reports/Members_Activity_Photo_Stats' (Root cause: com.kms.katalon.core.exception.StepFailedException: Call Test Case 'Test Cases/Reusable_Test_Sequences/Web_Office/Verification/Reports/Members_Activity_Photo_Stats' failed
	at com.kms.katalon.core.keyword.builtin.CallTestCaseKeyword$_callTestCase_closure1.doCall(CallTestCaseKeyword.groovy:63)
	at com.kms.katalon.core.keyword.builtin.CallTestCaseKeyword$_callTestCase_closure1.call(CallTestCaseKeyword.groovy)
	at com.kms.katalon.core.keyword.internal.KeywordMain.runKeyword(KeywordMain.groovy:68)
	at com.kms.katalon.core.keyword.builtin.CallTestCaseKeyword.callTestCase(CallTestCaseKeyword.groovy:81)
	at com.kms.katalon.core.keyword.builtin.CallTestCaseKeyword.execute(CallTestCaseKeyword.groovy:44)
	at com.kms.katalon.core.keyword.internal.KeywordExecutor.executeKeywordForPlatform(KeywordExecutor.groovy:72)
	at com.kms.katalon.core.keyword.BuiltinKeywords.callTestCase(BuiltinKeywords.groovy:334)
	at Members_Activity_Photo_Stats.run(Members_Activity_Photo_Stats:64)
	at com.kms.katalon.core.main.ScriptEngine.run(ScriptEngine.java:194)
	at com.kms.katalon.core.main.ScriptEngine.runScriptAsRawText(ScriptEngine.java:119)
	at com.kms.katalon.core.main.TestCaseExecutor.runScript(TestCaseExecutor.java:337)
	at com.kms.katalon.core.main.TestCaseExecutor.doExecute(TestCaseExecutor.java:328)
	at com.kms.katalon.core.main.TestCaseExecutor.processExecutionPhase(TestCaseExecutor.java:307)
	at com.kms.katalon.core.main.TestCaseExecutor.accessMainPhase(TestCaseExecutor.java:299)
	at com.kms.katalon.core.main.TestCaseExecutor.execute(TestCaseExecutor.java:233)
	at com.kms.katalon.core.main.TestSuiteExecutor.accessTestCaseMainPhase(TestSuiteExecutor.java:169)
	at com.kms.katalon.core.main.TestSuiteExecutor.accessTestSuiteMainPhase(TestSuiteExecutor.java:142)
	at com.kms.katalon.core.main.TestSuiteExecutor.execute(TestSuiteExecutor.java:91)
	at com.kms.katalon.core.main.TestCaseMain.startTestSuite(TestCaseMain.java:157)
	at com.kms.katalon.core.main.TestCaseMain$startTestSuite$0.call(Unknown Source)
	at TempTestSuite1587991913277.run(TempTestSuite1587991913277.groovy:37)
Caused by: com.kms.katalon.core.exception.StepFailedException: Text 'Members Area Photo Statistics Report' is not present on page  (Root cause: com.kms.katalon.core.exception.StepFailedException: Text 'Members Area Photo Statistics Report' is not present on page 
	at com.kms.katalon.core.webui.keyword.internal.WebUIKeywordMain.stepFailed(WebUIKeywordMain.groovy:64)
	at com.kms.katalon.core.webui.keyword.builtin.VerifyTextPresentKeyword$_verifyTextPresent_closure1.doCall(VerifyTextPresentKeyword.groovy:79)
	at com.kms.katalon.core.webui.keyword.builtin.VerifyTextPresentKeyword$_verifyTextPresent_closure1.call(VerifyTextPresentKeyword.groovy)
	at com.kms.katalon.core.webui.keyword.internal.WebUIKeywordMain.runKeyword(WebUIKeywordMain.groovy:20)
	at com.kms.katalon.core.webui.keyword.builtin.VerifyTextPresentKeyword.verifyTextPresent(VerifyTextPresentKeyword.groovy:83)
	at com.kms.katalon.core.webui.keyword.builtin.VerifyTextPresentKeyword.execute(VerifyTextPresentKeyword.groovy:68)
	at com.kms.katalon.core.keyword.internal.KeywordExecutor.executeKeywordForPlatform(KeywordExecutor.groovy:72)
	at com.kms.katalon.core.webui.keyword.WebUiBuiltInKeywords.verifyTextPresent(WebUiBuiltInKeywords.groovy:1719)
	at com.kms.katalon.core.webui.keyword.WebUiBuiltInKeywords$verifyTextPresent$2.call(Unknown Source)
	at Members_Activity_Photo_Stats.run(Members_Activity_Photo_Stats:48)
	at com.kms.katalon.core.main.ScriptEngine.run(ScriptEngine.java:194)
	at com.kms.katalon.core.main.ScriptEngine.runScriptAsRawText(ScriptEngine.java:119)
	at com.kms.katalon.core.main.TestCaseExecutor.runScript(TestCaseExecutor.java:337)
	at com.kms.katalon.core.main.TestCaseExecutor.doExecute(TestCaseExecutor.java:328)
	at com.kms.katalon.core.main.TestCaseExecutor.processExecutionPhase(TestCaseExecutor.java:307)
	at com.kms.katalon.core.main.TestCaseExecutor.accessMainPhase(TestCaseExecutor.java:299)
	at com.kms.katalon.core.main.TestCaseExecutor.execute(TestCaseExecutor.java:233)
	at com.kms.katalon.core.main.TestCaseMain.runTestCase(TestCaseMain.java:114)
	at com.kms.katalon.core.keyword.builtin.CallTestCaseKeyword$_callTestCase_closure1.doCall(CallTestCaseKeyword.groovy:59)
	at com.kms.katalon.core.keyword.builtin.CallTestCaseKeyword$_callTestCase_closure1.call(CallTestCaseKeyword.groovy)
	at com.kms.katalon.core.keyword.internal.KeywordMain.runKeyword(KeywordMain.groovy:68)
	at com.kms.katalon.core.keyword.builtin.CallTestCaseKeyword.callTestCase(CallTestCaseKeyword.groovy:81)
	at com.kms.katalon.core.keyword.builtin.CallTestCaseKeyword.execute(CallTestCaseKeyword.groovy:44)
	at com.kms.katalon.core.keyword.internal.KeywordExecutor.executeKeywordForPlatform(KeywordExecutor.groovy:72)
	at com.kms.katalon.core.keyword.BuiltinKeywords.callTestCase(BuiltinKeywords.groovy:334)
	at Members_Activity_Photo_Stats.run(Members_Activity_Photo_Stats:64)
	at com.kms.katalon.core.main.ScriptEngine.run(ScriptEngine.java:194)
	at com.kms.katalon.core.main.ScriptEngine.runScriptAsRawText(ScriptEngine.java:119)
	at com.kms.katalon.core.main.TestCaseExecutor.runScript(TestCaseExecutor.java:337)
	at com.kms.katalon.core.main.TestCaseExecutor.doExecute(TestCaseExecutor.java:328)
	at com.kms.katalon.core.main.TestCaseExecutor.processExecutionPhase(TestCaseExecutor.java:307)
	at com.kms.katalon.core.main.TestCaseExecutor.accessMainPhase(TestCaseExecutor.java:299)
	at com.kms.katalon.core.main.TestCaseExecutor.execute(TestCaseExecutor.java:233)
	at com.kms.katalon.core.main.TestSuiteExecutor.accessTestCaseMainPhase(TestSuiteExecutor.java:169)
	at com.kms.katalon.core.main.TestSuiteExecutor.accessTestSuiteMainPhase(TestSuiteExecutor.java:142)
	at com.kms.katalon.core.main.TestSuiteExecutor.execute(TestSuiteExecutor.java:91)
	at com.kms.katalon.core.main.TestCaseMain.startTestSuite(TestCaseMain.java:157)
	at com.kms.katalon.core.main.TestCaseMain$startTestSuite$0.call(Unknown Source)
	at TempTestSuite1587991913277.run(TempTestSuite1587991913277.groovy:37)
)
	at com.kms.katalon.core.keyword.internal.KeywordMain.stepFailed(KeywordMain.groovy:39)
	at com.kms.katalon.core.webui.keyword.internal.WebUIKeywordMain.stepFailed(WebUIKeywordMain.groovy:64)
	at com.kms.katalon.core.webui.keyword.builtin.VerifyTextPresentKeyword$_verifyTextPresent_closure1.doCall(VerifyTextPresentKeyword.groovy:79)
	at com.kms.katalon.core.webui.keyword.builtin.VerifyTextPresentKeyword$_verifyTextPresent_closure1.call(VerifyTextPresentKeyword.groovy)
	at com.kms.katalon.core.webui.keyword.internal.WebUIKeywordMain.runKeyword(WebUIKeywordMain.groovy:20)
	at com.kms.katalon.core.webui.keyword.builtin.VerifyTextPresentKeyword.verifyTextPresent(VerifyTextPresentKeyword.groovy:83)
	at com.kms.katalon.core.webui.keyword.builtin.VerifyTextPresentKeyword.execute(VerifyTextPresentKeyword.groovy:68)
	at com.kms.katalon.core.keyword.internal.KeywordExecutor.executeKeywordForPlatform(KeywordExecutor.groovy:72)
	at com.kms.katalon.core.webui.keyword.WebUiBuiltInKeywords.verifyTextPresent(WebUiBuiltInKeywords.groovy:1719)
	at com.kms.katalon.core.webui.keyword.WebUiBuiltInKeywords$verifyTextPresent$2.call(Unknown Source)
	at Members_Activity_Photo_Stats.run(Members_Activity_Photo_Stats:48)
	at com.kms.katalon.core.main.ScriptEngine.run(ScriptEngine.java:194)
	at com.kms.katalon.core.main.ScriptEngine.runScriptAsRawText(ScriptEngine.java:119)
	at com.kms.katalon.core.main.TestCaseExecutor.runScript(TestCaseExecutor.java:337)
	at com.kms.katalon.core.main.TestCaseExecutor.doExecute(TestCaseExecutor.java:328)
	at com.kms.katalon.core.main.TestCaseExecutor.processExecutionPhase(TestCaseExecutor.java:307)
	at com.kms.katalon.core.main.TestCaseExecutor.accessMainPhase(TestCaseExecutor.java:299)
	at com.kms.katalon.core.main.TestCaseExecutor.execute(TestCaseExecutor.java:233)
	at com.kms.katalon.core.main.TestCaseMain.runTestCase(TestCaseMain.java:114)
	at com.kms.katalon.core.keyword.builtin.CallTestCaseKeyword$_callTestCase_closure1.doCall(CallTestCaseKeyword.groovy:59)
	... 20 more
Caused by: com.kms.katalon.core.exception.StepFailedException: Text 'Members Area Photo Statistics Report' is not present on page 
	... 39 more
)

2020-04-27 14:20:07 - [TEST_STEP][PASSED] - "--------------------------": null

2020-04-27 14:20:07 - [TEST_STEP][PASSED] - " Teardown - CLose Browser |": null

2020-04-27 14:20:07 - [TEST_STEP][PASSED] - callTestCase(findTestCase("Reusable_Test_Sequences/CAT_Teardown"), [:], OPTIONAL): Call Test Case 'Test Cases/Reusable_Test_Sequences/CAT_Teardown' successfully

2020-04-27 14:20:07 - [TEST_CASE][PASSED] - Test Cases/Reusable_Test_Sequences/CAT_Teardown: Test Cases/Reusable_Test_Sequences/CAT_Teardown

2020-04-27 14:20:07 - [TEST_STEP][PASSED] - closeBrowser(): Browser is closed

2020-04-27 14:20:08 - [MESSAGE][PASSED] - Browser is closed

2020-04-27 14:20:08 - [TEST_STEP][PASSED] - super.finalize(): null

2020-04-27 14:20:08 - [TEST_STEP][PASSED] - System.gc(): null

2020-04-27 14:20:08 - [MESSAGE][PASSED] - Call Test Case 'Test Cases/Reusable_Test_Sequences/CAT_Teardown' successfully]]></system-out>
         <system-err><![CDATA[]]></system-err>
      </testcase>
      <testcase name="Test Cases/Web_Office/Reports/Members_Marketing_Requests_By_Company" time="19.063" classname="Test Cases/Web_Office/Reports/Members_Marketing_Requests_By_Company" status="PASSED">
         <system-out><![CDATA[2020-04-27 14:20:08 - [TEST_CASE][PASSED] - Test Cases/Web_Office/Reports/Members_Marketing_Requests_By_Company: Test Cases/Web_Office/Reports/Members_Marketing_Requests_By_Company

2020-04-27 14:20:09 - [TEST_STEP][PASSED] - "--------------------------------------": null

2020-04-27 14:20:09 - [TEST_STEP][PASSED] - " Web Office StartUp                  |": null

2020-04-27 14:20:09 - [TEST_STEP][PASSED] - callTestCase(findTestCase("Reusable_Test_Sequences/Web_Office/Directives/WebOffice_StartUp"), [:], STOP_ON_FAILURE): Call Test Case 'Test Cases/Reusable_Test_Sequences/Web_Office/Directives/WebOffice_StartUp' successfully

2020-04-27 14:20:09 - [TEST_CASE][PASSED] - Test Cases/Reusable_Test_Sequences/Web_Office/Directives/WebOffice_StartUp: Test Cases/Reusable_Test_Sequences/Web_Office/Directives/WebOffice_StartUp

2020-04-27 14:20:09 - [TEST_STEP][PASSED] - "-----------------------------------------------------------------------------": null

2020-04-27 14:20:09 - [TEST_STEP][PASSED] - if (URL == "https://www.dev.checkatrade.com/"): null

2020-04-27 14:20:09 - [TEST_STEP][PASSED] - "-----------------------------------------------------------------------------": null

2020-04-27 14:20:09 - [TEST_STEP][PASSED] - if (URL == "https://www.checkatrade.com/"): null

2020-04-27 14:20:09 - [TEST_STEP][PASSED] - "-----------------------------------------------------------------------------": null

2020-04-27 14:20:09 - [TEST_STEP][PASSED] - if (URL == "https://www.preview.checkatrade.com/"): null

2020-04-27 14:20:09 - [TEST_STEP][PASSED] - WebOfficeURL = "https://admin.preview.checkatrade.com/": null

2020-04-27 14:20:09 - [TEST_STEP][PASSED] - if (URL == "https://www.dev2.checkatrade.com/"): null

2020-04-27 14:20:09 - [TEST_STEP][PASSED] - "Set Function Area for "URL_Handler", URL Resolution": null

2020-04-27 14:20:09 - [TEST_STEP][PASSED] - "Do Some Magic with URL(s) See the comments within URL Handler ": null

2020-04-27 14:20:09 - [TEST_STEP][PASSED] - "------------------------------------------------": null

2020-04-27 14:20:09 - [TEST_STEP][PASSED] - "Moved Login Credentials to <Default> profile 22/01/2020": null

2020-04-27 14:20:09 - [TEST_STEP][PASSED] - "------------------------------------------------": null

2020-04-27 14:20:09 - [TEST_STEP][PASSED] - "WebOfficeURL - Set from the ENVIRONMENT PROFILE ": null

2020-04-27 14:20:09 - [TEST_STEP][PASSED] - "OPEN BROWSER": null

2020-04-27 14:20:09 - [TEST_STEP][PASSED] - "eg - https://admin.preview.checkatrade.com/  ": null

2020-04-27 14:20:09 - [TEST_STEP][PASSED] - openBrowser(WebOfficeURL): Browser is opened with url: 'https://admin.preview.checkatrade.com/'

2020-04-27 14:20:09 - [MESSAGE][INFO] - Starting 'Chrome' driver

2020-04-27 14:20:09 - [MESSAGE][INFO] - Action delay is set to 0 milliseconds

2020-04-27 14:20:14 - [MESSAGE][PASSED] - Browser is opened with url: 'https://admin.preview.checkatrade.com/'

2020-04-27 14:20:14 - [TEST_STEP][PASSED] - maximizeWindow(): Current window maximized

2020-04-27 14:20:16 - [MESSAGE][PASSED] - Current window maximized

2020-04-27 14:20:16 - [TEST_STEP][PASSED] - waitForElementClickable(findTestObject("Object Repository/WebOffice/Page_Checkatrade - Administration - Login/Login_Button"), 25): Object 'Object Repository/WebOffice/Page_Checkatrade - Administration - Login/Login_Button' is clickable

2020-04-27 14:20:17 - [MESSAGE][PASSED] - Object 'Object Repository/WebOffice/Page_Checkatrade - Administration - Login/Login_Button' is clickable

2020-04-27 14:20:17 - [TEST_STEP][PASSED] - verifyTextPresent("Checkatrade Web Office", false): Text 'Checkatrade Web Office' is present on page 

2020-04-27 14:20:17 - [MESSAGE][PASSED] - Text 'Checkatrade Web Office' is present on page 

2020-04-27 14:20:17 - [TEST_STEP][PASSED] - verifyTextPresent("Access for staff use only", false): Text 'Access for staff use only' is present on page 

2020-04-27 14:20:17 - [MESSAGE][PASSED] - Text 'Access for staff use only' is present on page 

2020-04-27 14:20:17 - [TEST_STEP][PASSED] - verifyTextPresent("Forgotten password?", false): Text 'Forgotten password?' is present on page 

2020-04-27 14:20:17 - [MESSAGE][PASSED] - Text 'Forgotten password?' is present on page 

2020-04-27 14:20:17 - [TEST_STEP][PASSED] - setText(findTestObject("Object Repository/WebOffice/Page_Checkatrade - Administration - Login/input_Username_LoginControlUserName"), wo_Username): Text 'DavidHo' is set on object 'Object Repository/WebOffice/Page_Checkatrade - Administration - Login/input_Username_LoginControlUserName'

2020-04-27 14:20:17 - [MESSAGE][PASSED] - Text 'DavidHo' is set on object 'Object Repository/WebOffice/Page_Checkatrade - Administration - Login/input_Username_LoginControlUserName'

2020-04-27 14:20:17 - [TEST_STEP][PASSED] - setText(findTestObject("Object Repository/WebOffice/Page_Checkatrade - Administration - Login/input_Password_LoginControlPassword"), wo_Password): Text 'Check123' is set on object 'Object Repository/WebOffice/Page_Checkatrade - Administration - Login/input_Password_LoginControlPassword'

2020-04-27 14:20:17 - [MESSAGE][PASSED] - Text 'Check123' is set on object 'Object Repository/WebOffice/Page_Checkatrade - Administration - Login/input_Password_LoginControlPassword'

2020-04-27 14:20:17 - [TEST_STEP][PASSED] - click(findTestObject("Object Repository/WebOffice/Page_Checkatrade - Administration - Login/Login_Button")): Object: 'Object Repository/WebOffice/Page_Checkatrade - Administration - Login/Login_Button' is clicked on

2020-04-27 14:20:19 - [MESSAGE][PASSED] - Object: 'Object Repository/WebOffice/Page_Checkatrade - Administration - Login/Login_Button' is clicked on

2020-04-27 14:20:19 - [TEST_STEP][PASSED] - waitForPageLoad(60): Wait for page load successfully

2020-04-27 14:20:19 - [MESSAGE][PASSED] - Wait for page load successfully

2020-04-27 14:20:19 - [TEST_STEP][PASSED] - verifyTextPresent("Welcome " + wo_Username, false): Text 'Welcome DavidHo' is present on page 

2020-04-27 14:20:19 - [MESSAGE][PASSED] - Text 'Welcome DavidHo' is present on page 

2020-04-27 14:20:19 - [MESSAGE][PASSED] - Call Test Case 'Test Cases/Reusable_Test_Sequences/Web_Office/Directives/WebOffice_StartUp' successfully

2020-04-27 14:20:19 - [TEST_STEP][PASSED] - "-----------------------------------------------------------------": null

2020-04-27 14:20:19 - [TEST_STEP][PASSED] - " Navigate to <Settings->Checkatrade.Com->Sub Item> Menu Item     |": null

2020-04-27 14:20:19 - [TEST_STEP][PASSED] - callTestCase(findTestCase("Reusable_Test_Sequences/Web_Office/Navigation/Sub_Menu_Navigation/Reports/Members_Marketing_Requests_By_Company"), [:], STOP_ON_FAILURE): Call Test Case 'Test Cases/Reusable_Test_Sequences/Web_Office/Navigation/Sub_Menu_Navigation/Reports/Members_Marketing_Requests_By_Company' successfully

2020-04-27 14:20:19 - [TEST_CASE][PASSED] - Test Cases/Reusable_Test_Sequences/Web_Office/Navigation/Sub_Menu_Navigation/Reports/Members_Marketing_Requests_By_Company: Test Cases/Reusable_Test_Sequences/Web_Office/Navigation/Sub_Menu_Navigation/Reports/Members_Marketing_Requests_By_Company

2020-04-27 14:20:20 - [TEST_STEP][PASSED] - "--------------------------------------": null

2020-04-27 14:20:20 - [TEST_STEP][PASSED] - " Navigate Top level menu Item         |": null

2020-04-27 14:20:20 - [TEST_STEP][PASSED] - waitForPageLoad(60): Wait for page load successfully

2020-04-27 14:20:20 - [MESSAGE][PASSED] - Wait for page load successfully

2020-04-27 14:20:20 - [TEST_STEP][PASSED] - waitForElementClickable(findTestObject("Object Repository/WebOffice_Home_page/a_Reports"), 60): Object 'Object Repository/WebOffice_Home_page/a_Reports' is clickable

2020-04-27 14:20:20 - [MESSAGE][PASSED] - Object 'Object Repository/WebOffice_Home_page/a_Reports' is clickable

2020-04-27 14:20:20 - [TEST_STEP][PASSED] - mouseOver(findTestObject("Object Repository/WebOffice_Home_page/a_Reports")): Object: 'Object Repository/WebOffice_Home_page/a_Reports' is hovered

2020-04-27 14:20:20 - [MESSAGE][PASSED] - Object: 'Object Repository/WebOffice_Home_page/a_Reports' is hovered

2020-04-27 14:20:20 - [TEST_STEP][PASSED] - click(findTestObject("Object Repository/WebOffice_Home_page/Page_/a_Members")): Object: 'Object Repository/WebOffice_Home_page/Page_/a_Members' is clicked on

2020-04-27 14:20:20 - [MESSAGE][PASSED] - Object: 'Object Repository/WebOffice_Home_page/Page_/a_Members' is clicked on

2020-04-27 14:20:20 - [TEST_STEP][PASSED] - click(findTestObject("Object Repository/WebOffice_Home_page/Page_/a_Marketing Materials Requests")): Object: 'Object Repository/WebOffice_Home_page/Page_/a_Marketing Materials Requests' is clicked on

2020-04-27 14:20:21 - [MESSAGE][PASSED] - Object: 'Object Repository/WebOffice_Home_page/Page_/a_Marketing Materials Requests' is clicked on

2020-04-27 14:20:21 - [TEST_STEP][PASSED] - waitForPageLoad(5): Wait for page load successfully

2020-04-27 14:20:21 - [MESSAGE][PASSED] - Wait for page load successfully

2020-04-27 14:20:21 - [TEST_STEP][PASSED] - waitForElementClickable(findTestObject("Object Repository/WebOffice_Home_page/Page_/a_By Company"), 5): Object 'Object Repository/WebOffice_Home_page/Page_/a_By Company' is clickable

2020-04-27 14:20:21 - [MESSAGE][PASSED] - Object 'Object Repository/WebOffice_Home_page/Page_/a_By Company' is clickable

2020-04-27 14:20:21 - [TEST_STEP][PASSED] - click(findTestObject("Object Repository/WebOffice_Home_page/Page_/a_By Company")): Object: 'Object Repository/WebOffice_Home_page/Page_/a_By Company' is clicked on

2020-04-27 14:20:23 - [MESSAGE][PASSED] - Object: 'Object Repository/WebOffice_Home_page/Page_/a_By Company' is clicked on

2020-04-27 14:20:23 - [MESSAGE][PASSED] - Call Test Case 'Test Cases/Reusable_Test_Sequences/Web_Office/Navigation/Sub_Menu_Navigation/Reports/Members_Marketing_Requests_By_Company' successfully

2020-04-27 14:20:23 - [TEST_STEP][PASSED] - "--------------------------------------": null

2020-04-27 14:20:23 - [TEST_STEP][PASSED] - " Verify Returned Page Detail          |": null

2020-04-27 14:20:23 - [TEST_STEP][PASSED] - callTestCase(findTestCase("Reusable_Test_Sequences/Web_Office/Verification/Reports/Members_Marketing_Requests_By_Company"), [:], OPTIONAL): Call Test Case 'Test Cases/Reusable_Test_Sequences/Web_Office/Verification/Reports/Members_Marketing_Requests_By_Company' successfully

2020-04-27 14:20:23 - [TEST_CASE][PASSED] - Test Cases/Reusable_Test_Sequences/Web_Office/Verification/Reports/Members_Marketing_Requests_By_Company: Test Cases/Reusable_Test_Sequences/Web_Office/Verification/Reports/Members_Marketing_Requests_By_Company

2020-04-27 14:20:23 - [TEST_STEP][PASSED] - waitForPageLoad(120): Wait for page load successfully

2020-04-27 14:20:23 - [MESSAGE][PASSED] - Wait for page load successfully

2020-04-27 14:20:23 - [TEST_STEP][PASSED] - delay(1): Delayed 1 second(s)

2020-04-27 14:20:24 - [MESSAGE][PASSED] - Delayed 1 second(s)

2020-04-27 14:20:24 - [TEST_STEP][PASSED] - verifyTextPresent("Marketing Materials Request Report", false): Text 'Marketing Materials Request Report' is present on page 

2020-04-27 14:20:24 - [MESSAGE][PASSED] - Text 'Marketing Materials Request Report' is present on page 

2020-04-27 14:20:24 - [TEST_STEP][PASSED] - "----------------------------------------------": null

2020-04-27 14:20:24 - [TEST_STEP][PASSED] - verifyTextPresent("Member Marketing Material Request Report", false): Text 'Member Marketing Material Request Report' is present on page 

2020-04-27 14:20:25 - [MESSAGE][PASSED] - Text 'Member Marketing Material Request Report' is present on page 

2020-04-27 14:20:25 - [TEST_STEP][PASSED] - "----------------------------------------------": null

2020-04-27 14:20:25 - [TEST_STEP][PASSED] - verifyTextPresent("All Available Dates", false): Text 'All Available Dates' is present on page 

2020-04-27 14:20:25 - [MESSAGE][PASSED] - Text 'All Available Dates' is present on page 

2020-04-27 14:20:25 - [TEST_STEP][PASSED] - verifyTextPresent("From", false): Text 'From' is present on page 

2020-04-27 14:20:25 - [MESSAGE][PASSED] - Text 'From' is present on page 

2020-04-27 14:20:25 - [TEST_STEP][PASSED] - verifyTextPresent("To", false): Text 'To' is present on page 

2020-04-27 14:20:25 - [MESSAGE][PASSED] - Text 'To' is present on page 

2020-04-27 14:20:25 - [TEST_STEP][PASSED] - verifyTextPresent("Select Company", false): Text 'Select Company' is present on page 

2020-04-27 14:20:25 - [MESSAGE][PASSED] - Text 'Select Company' is present on page 

2020-04-27 14:20:25 - [TEST_STEP][PASSED] - verifyTextPresent("Total no. companies", false): Text 'Total no. companies' is present on page 

2020-04-27 14:20:26 - [MESSAGE][PASSED] - Text 'Total no. companies' is present on page 

2020-04-27 14:20:26 - [TEST_STEP][PASSED] - verifyTextPresent("Total no. requests:", false): Text 'Total no. requests:' is present on page 

2020-04-27 14:20:26 - [MESSAGE][PASSED] - Text 'Total no. requests:' is present on page 

2020-04-27 14:20:26 - [TEST_STEP][PASSED] - "----------------------------------------------": null

2020-04-27 14:20:26 - [TEST_STEP][PASSED] - verifyTextPresent("Company", false): Text 'Company' is present on page 

2020-04-27 14:20:26 - [MESSAGE][PASSED] - Text 'Company' is present on page 

2020-04-27 14:20:26 - [TEST_STEP][PASSED] - verifyTextPresent("Last Request Date", false): Text 'Last Request Date' is present on page 

2020-04-27 14:20:26 - [MESSAGE][PASSED] - Text 'Last Request Date' is present on page 

2020-04-27 14:20:26 - [TEST_STEP][PASSED] - verifyTextPresent("Frequency", false): Text 'Frequency' is present on page 

2020-04-27 14:20:26 - [MESSAGE][PASSED] - Text 'Frequency' is present on page 

2020-04-27 14:20:26 - [TEST_STEP][PASSED] - "----------------------------------------------": null

2020-04-27 14:20:26 - [TEST_STEP][PASSED] - verifyTextPresent("J A Property Maintenance", false): Text 'J A Property Maintenance' is present on page 

2020-04-27 14:20:26 - [MESSAGE][PASSED] - Text 'J A Property Maintenance' is present on page 

2020-04-27 14:20:26 - [TEST_STEP][PASSED] - verifyTextPresent("AA Machin Electrical Services Ltd", false): Text 'AA Machin Electrical Services Ltd' is present on page 

2020-04-27 14:20:26 - [MESSAGE][PASSED] - Text 'AA Machin Electrical Services Ltd' is present on page 

2020-04-27 14:20:26 - [MESSAGE][PASSED] - Call Test Case 'Test Cases/Reusable_Test_Sequences/Web_Office/Verification/Reports/Members_Marketing_Requests_By_Company' successfully

2020-04-27 14:20:26 - [TEST_STEP][PASSED] - "--------------------------": null

2020-04-27 14:20:26 - [TEST_STEP][PASSED] - " Teardown - CLose Browser |": null

2020-04-27 14:20:26 - [TEST_STEP][PASSED] - callTestCase(findTestCase("Reusable_Test_Sequences/CAT_Teardown"), [:], OPTIONAL): Call Test Case 'Test Cases/Reusable_Test_Sequences/CAT_Teardown' successfully

2020-04-27 14:20:27 - [TEST_CASE][PASSED] - Test Cases/Reusable_Test_Sequences/CAT_Teardown: Test Cases/Reusable_Test_Sequences/CAT_Teardown

2020-04-27 14:20:27 - [TEST_STEP][PASSED] - closeBrowser(): Browser is closed

2020-04-27 14:20:27 - [MESSAGE][PASSED] - Browser is closed

2020-04-27 14:20:27 - [TEST_STEP][PASSED] - super.finalize(): null

2020-04-27 14:20:27 - [TEST_STEP][PASSED] - System.gc(): null

2020-04-27 14:20:27 - [MESSAGE][PASSED] - Call Test Case 'Test Cases/Reusable_Test_Sequences/CAT_Teardown' successfully]]></system-out>
         <system-err><![CDATA[]]></system-err>
      </testcase>
      <testcase name="Test Cases/Web_Office/Reports/Members_Marketing_Requests_By_Type" time="21.77" classname="Test Cases/Web_Office/Reports/Members_Marketing_Requests_By_Type" status="PASSED">
         <system-out><![CDATA[2020-04-27 14:20:27 - [TEST_CASE][PASSED] - Test Cases/Web_Office/Reports/Members_Marketing_Requests_By_Type: Test Cases/Web_Office/Reports/Members_Marketing_Requests_By_Type

2020-04-27 14:20:28 - [TEST_STEP][PASSED] - "--------------------------------------": null

2020-04-27 14:20:28 - [TEST_STEP][PASSED] - " Web Office StartUp                  |": null

2020-04-27 14:20:28 - [TEST_STEP][PASSED] - callTestCase(findTestCase("Reusable_Test_Sequences/Web_Office/Directives/WebOffice_StartUp"), [:], STOP_ON_FAILURE): Call Test Case 'Test Cases/Reusable_Test_Sequences/Web_Office/Directives/WebOffice_StartUp' successfully

2020-04-27 14:20:28 - [TEST_CASE][PASSED] - Test Cases/Reusable_Test_Sequences/Web_Office/Directives/WebOffice_StartUp: Test Cases/Reusable_Test_Sequences/Web_Office/Directives/WebOffice_StartUp

2020-04-27 14:20:28 - [TEST_STEP][PASSED] - "-----------------------------------------------------------------------------": null

2020-04-27 14:20:28 - [TEST_STEP][PASSED] - if (URL == "https://www.dev.checkatrade.com/"): null

2020-04-27 14:20:28 - [TEST_STEP][PASSED] - "-----------------------------------------------------------------------------": null

2020-04-27 14:20:28 - [TEST_STEP][PASSED] - if (URL == "https://www.checkatrade.com/"): null

2020-04-27 14:20:28 - [TEST_STEP][PASSED] - "-----------------------------------------------------------------------------": null

2020-04-27 14:20:28 - [TEST_STEP][PASSED] - if (URL == "https://www.preview.checkatrade.com/"): null

2020-04-27 14:20:28 - [TEST_STEP][PASSED] - WebOfficeURL = "https://admin.preview.checkatrade.com/": null

2020-04-27 14:20:28 - [TEST_STEP][PASSED] - if (URL == "https://www.dev2.checkatrade.com/"): null

2020-04-27 14:20:28 - [TEST_STEP][PASSED] - "Set Function Area for "URL_Handler", URL Resolution": null

2020-04-27 14:20:28 - [TEST_STEP][PASSED] - "Do Some Magic with URL(s) See the comments within URL Handler ": null

2020-04-27 14:20:28 - [TEST_STEP][PASSED] - "------------------------------------------------": null

2020-04-27 14:20:28 - [TEST_STEP][PASSED] - "Moved Login Credentials to <Default> profile 22/01/2020": null

2020-04-27 14:20:28 - [TEST_STEP][PASSED] - "------------------------------------------------": null

2020-04-27 14:20:28 - [TEST_STEP][PASSED] - "WebOfficeURL - Set from the ENVIRONMENT PROFILE ": null

2020-04-27 14:20:28 - [TEST_STEP][PASSED] - "OPEN BROWSER": null

2020-04-27 14:20:28 - [TEST_STEP][PASSED] - "eg - https://admin.preview.checkatrade.com/  ": null

2020-04-27 14:20:28 - [TEST_STEP][PASSED] - openBrowser(WebOfficeURL): Browser is opened with url: 'https://admin.preview.checkatrade.com/'

2020-04-27 14:20:28 - [MESSAGE][INFO] - Starting 'Chrome' driver

2020-04-27 14:20:28 - [MESSAGE][INFO] - Action delay is set to 0 milliseconds

2020-04-27 14:20:32 - [MESSAGE][PASSED] - Browser is opened with url: 'https://admin.preview.checkatrade.com/'

2020-04-27 14:20:32 - [TEST_STEP][PASSED] - maximizeWindow(): Current window maximized

2020-04-27 14:20:34 - [MESSAGE][PASSED] - Current window maximized

2020-04-27 14:20:34 - [TEST_STEP][PASSED] - waitForElementClickable(findTestObject("Object Repository/WebOffice/Page_Checkatrade - Administration - Login/Login_Button"), 25): Object 'Object Repository/WebOffice/Page_Checkatrade - Administration - Login/Login_Button' is clickable

2020-04-27 14:20:34 - [MESSAGE][PASSED] - Object 'Object Repository/WebOffice/Page_Checkatrade - Administration - Login/Login_Button' is clickable

2020-04-27 14:20:34 - [TEST_STEP][PASSED] - verifyTextPresent("Checkatrade Web Office", false): Text 'Checkatrade Web Office' is present on page 

2020-04-27 14:20:34 - [MESSAGE][PASSED] - Text 'Checkatrade Web Office' is present on page 

2020-04-27 14:20:34 - [TEST_STEP][PASSED] - verifyTextPresent("Access for staff use only", false): Text 'Access for staff use only' is present on page 

2020-04-27 14:20:34 - [MESSAGE][PASSED] - Text 'Access for staff use only' is present on page 

2020-04-27 14:20:34 - [TEST_STEP][PASSED] - verifyTextPresent("Forgotten password?", false): Text 'Forgotten password?' is present on page 

2020-04-27 14:20:34 - [MESSAGE][PASSED] - Text 'Forgotten password?' is present on page 

2020-04-27 14:20:34 - [TEST_STEP][PASSED] - setText(findTestObject("Object Repository/WebOffice/Page_Checkatrade - Administration - Login/input_Username_LoginControlUserName"), wo_Username): Text 'DavidHo' is set on object 'Object Repository/WebOffice/Page_Checkatrade - Administration - Login/input_Username_LoginControlUserName'

2020-04-27 14:20:35 - [MESSAGE][PASSED] - Text 'DavidHo' is set on object 'Object Repository/WebOffice/Page_Checkatrade - Administration - Login/input_Username_LoginControlUserName'

2020-04-27 14:20:35 - [TEST_STEP][PASSED] - setText(findTestObject("Object Repository/WebOffice/Page_Checkatrade - Administration - Login/input_Password_LoginControlPassword"), wo_Password): Text 'Check123' is set on object 'Object Repository/WebOffice/Page_Checkatrade - Administration - Login/input_Password_LoginControlPassword'

2020-04-27 14:20:35 - [MESSAGE][PASSED] - Text 'Check123' is set on object 'Object Repository/WebOffice/Page_Checkatrade - Administration - Login/input_Password_LoginControlPassword'

2020-04-27 14:20:35 - [TEST_STEP][PASSED] - click(findTestObject("Object Repository/WebOffice/Page_Checkatrade - Administration - Login/Login_Button")): Object: 'Object Repository/WebOffice/Page_Checkatrade - Administration - Login/Login_Button' is clicked on

2020-04-27 14:20:36 - [MESSAGE][PASSED] - Object: 'Object Repository/WebOffice/Page_Checkatrade - Administration - Login/Login_Button' is clicked on

2020-04-27 14:20:36 - [TEST_STEP][PASSED] - waitForPageLoad(60): Wait for page load successfully

2020-04-27 14:20:36 - [MESSAGE][PASSED] - Wait for page load successfully

2020-04-27 14:20:36 - [TEST_STEP][PASSED] - verifyTextPresent("Welcome " + wo_Username, false): Text 'Welcome DavidHo' is present on page 

2020-04-27 14:20:36 - [MESSAGE][PASSED] - Text 'Welcome DavidHo' is present on page 

2020-04-27 14:20:36 - [MESSAGE][PASSED] - Call Test Case 'Test Cases/Reusable_Test_Sequences/Web_Office/Directives/WebOffice_StartUp' successfully

2020-04-27 14:20:36 - [TEST_STEP][PASSED] - "-----------------------------------------------------------------": null

2020-04-27 14:20:36 - [TEST_STEP][PASSED] - " Navigate to <Settings->Checkatrade.Com->Sub Item> Menu Item     |": null

2020-04-27 14:20:36 - [TEST_STEP][PASSED] - callTestCase(findTestCase("Reusable_Test_Sequences/Web_Office/Navigation/Sub_Menu_Navigation/Reports/Members_Marketing_Requests_By_Type"), [:], STOP_ON_FAILURE): Call Test Case 'Test Cases/Reusable_Test_Sequences/Web_Office/Navigation/Sub_Menu_Navigation/Reports/Members_Marketing_Requests_By_Type' successfully

2020-04-27 14:20:36 - [TEST_CASE][PASSED] - Test Cases/Reusable_Test_Sequences/Web_Office/Navigation/Sub_Menu_Navigation/Reports/Members_Marketing_Requests_By_Type: Test Cases/Reusable_Test_Sequences/Web_Office/Navigation/Sub_Menu_Navigation/Reports/Members_Marketing_Requests_By_Type

2020-04-27 14:20:36 - [TEST_STEP][PASSED] - "--------------------------------------": null

2020-04-27 14:20:36 - [TEST_STEP][PASSED] - " Navigate Top level menu Item         |": null

2020-04-27 14:20:36 - [TEST_STEP][PASSED] - waitForPageLoad(60): Wait for page load successfully

2020-04-27 14:20:36 - [MESSAGE][PASSED] - Wait for page load successfully

2020-04-27 14:20:36 - [TEST_STEP][PASSED] - waitForElementClickable(findTestObject("Object Repository/WebOffice_Home_page/a_Reports"), 60): Object 'Object Repository/WebOffice_Home_page/a_Reports' is clickable

2020-04-27 14:20:37 - [MESSAGE][PASSED] - Object 'Object Repository/WebOffice_Home_page/a_Reports' is clickable

2020-04-27 14:20:37 - [TEST_STEP][PASSED] - mouseOver(findTestObject("Object Repository/WebOffice_Home_page/a_Reports")): Object: 'Object Repository/WebOffice_Home_page/a_Reports' is hovered

2020-04-27 14:20:37 - [MESSAGE][PASSED] - Object: 'Object Repository/WebOffice_Home_page/a_Reports' is hovered

2020-04-27 14:20:37 - [TEST_STEP][PASSED] - click(findTestObject("Object Repository/WebOffice_Home_page/Page_/a_Members")): Object: 'Object Repository/WebOffice_Home_page/Page_/a_Members' is clicked on

2020-04-27 14:20:37 - [MESSAGE][PASSED] - Object: 'Object Repository/WebOffice_Home_page/Page_/a_Members' is clicked on

2020-04-27 14:20:37 - [TEST_STEP][PASSED] - click(findTestObject("Object Repository/WebOffice_Home_page/Page_/a_Marketing Materials Requests")): Object: 'Object Repository/WebOffice_Home_page/Page_/a_Marketing Materials Requests' is clicked on

2020-04-27 14:20:37 - [MESSAGE][PASSED] - Object: 'Object Repository/WebOffice_Home_page/Page_/a_Marketing Materials Requests' is clicked on

2020-04-27 14:20:37 - [TEST_STEP][PASSED] - waitForPageLoad(5): Wait for page load successfully

2020-04-27 14:20:37 - [MESSAGE][PASSED] - Wait for page load successfully

2020-04-27 14:20:37 - [TEST_STEP][PASSED] - waitForElementClickable(findTestObject("Object Repository/WebOffice_Home_page/Page_/a_By Type"), 5): Object 'Object Repository/WebOffice_Home_page/Page_/a_By Type' is clickable

2020-04-27 14:20:37 - [MESSAGE][PASSED] - Object 'Object Repository/WebOffice_Home_page/Page_/a_By Type' is clickable

2020-04-27 14:20:37 - [TEST_STEP][PASSED] - click(findTestObject("Object Repository/WebOffice_Home_page/Page_/a_By Type")): Object: 'Object Repository/WebOffice_Home_page/Page_/a_By Type' is clicked on

2020-04-27 14:20:45 - [MESSAGE][PASSED] - Object: 'Object Repository/WebOffice_Home_page/Page_/a_By Type' is clicked on

2020-04-27 14:20:45 - [MESSAGE][PASSED] - Call Test Case 'Test Cases/Reusable_Test_Sequences/Web_Office/Navigation/Sub_Menu_Navigation/Reports/Members_Marketing_Requests_By_Type' successfully

2020-04-27 14:20:45 - [TEST_STEP][PASSED] - "--------------------------------------": null

2020-04-27 14:20:45 - [TEST_STEP][PASSED] - " Verify Returned Page Detail          |": null

2020-04-27 14:20:45 - [TEST_STEP][PASSED] - callTestCase(findTestCase("Reusable_Test_Sequences/Web_Office/Verification/Reports/Members_Marketing_Requests_By_Type"), [:], OPTIONAL): Call Test Case 'Test Cases/Reusable_Test_Sequences/Web_Office/Verification/Reports/Members_Marketing_Requests_By_Type' successfully

2020-04-27 14:20:45 - [TEST_CASE][PASSED] - Test Cases/Reusable_Test_Sequences/Web_Office/Verification/Reports/Members_Marketing_Requests_By_Type: Test Cases/Reusable_Test_Sequences/Web_Office/Verification/Reports/Members_Marketing_Requests_By_Type

2020-04-27 14:20:46 - [TEST_STEP][PASSED] - waitForPageLoad(120): Wait for page load successfully

2020-04-27 14:20:46 - [MESSAGE][PASSED] - Wait for page load successfully

2020-04-27 14:20:46 - [TEST_STEP][PASSED] - delay(1): Delayed 1 second(s)

2020-04-27 14:20:47 - [MESSAGE][PASSED] - Delayed 1 second(s)

2020-04-27 14:20:47 - [TEST_STEP][PASSED] - verifyTextPresent("Marketing Materials Requests By Type", false): Text 'Marketing Materials Requests By Type' is present on page 

2020-04-27 14:20:47 - [MESSAGE][PASSED] - Text 'Marketing Materials Requests By Type' is present on page 

2020-04-27 14:20:47 - [TEST_STEP][PASSED] - "----------------------------------------------": null

2020-04-27 14:20:47 - [TEST_STEP][PASSED] - "----------------------------------------------": null

2020-04-27 14:20:47 - [TEST_STEP][PASSED] - "----------------------------------------------": null

2020-04-27 14:20:47 - [TEST_STEP][PASSED] - verifyTextPresent("All Available Dates", false): Text 'All Available Dates' is present on page 

2020-04-27 14:20:47 - [MESSAGE][PASSED] - Text 'All Available Dates' is present on page 

2020-04-27 14:20:47 - [TEST_STEP][PASSED] - verifyTextPresent("From", false): Text 'From' is present on page 

2020-04-27 14:20:48 - [MESSAGE][PASSED] - Text 'From' is present on page 

2020-04-27 14:20:48 - [TEST_STEP][PASSED] - verifyTextPresent("To", false): Text 'To' is present on page 

2020-04-27 14:20:48 - [MESSAGE][PASSED] - Text 'To' is present on page 

2020-04-27 14:20:48 - [TEST_STEP][PASSED] - verifyTextPresent("Total no. requests:", false): Text 'Total no. requests:' is present on page 

2020-04-27 14:20:48 - [MESSAGE][PASSED] - Text 'Total no. requests:' is present on page 

2020-04-27 14:20:48 - [TEST_STEP][PASSED] - "----------------------------------------------": null

2020-04-27 14:20:48 - [TEST_STEP][PASSED] - verifyTextPresent("Marketing Material Title", false): Text 'Marketing Material Title' is present on page 

2020-04-27 14:20:48 - [MESSAGE][PASSED] - Text 'Marketing Material Title' is present on page 

2020-04-27 14:20:48 - [TEST_STEP][PASSED] - verifyTextPresent("Total Requested", false): Text 'Total Requested' is present on page 

2020-04-27 14:20:48 - [MESSAGE][PASSED] - Text 'Total Requested' is present on page 

2020-04-27 14:20:48 - [TEST_STEP][PASSED] - "----------------------------------------------": null

2020-04-27 14:20:48 - [TEST_STEP][PASSED] - verifyTextPresent("CAT Welcome Letter - Pre RVM", false): Text 'CAT Welcome Letter - Pre RVM' is present on page 

2020-04-27 14:20:48 - [MESSAGE][PASSED] - Text 'CAT Welcome Letter - Pre RVM' is present on page 

2020-04-27 14:20:48 - [TEST_STEP][PASSED] - verifyTextPresent("RVM Certificate", false): Text 'RVM Certificate' is present on page 

2020-04-27 14:20:48 - [MESSAGE][PASSED] - Text 'RVM Certificate' is present on page 

2020-04-27 14:20:48 - [MESSAGE][PASSED] - Call Test Case 'Test Cases/Reusable_Test_Sequences/Web_Office/Verification/Reports/Members_Marketing_Requests_By_Type' successfully

2020-04-27 14:20:48 - [TEST_STEP][PASSED] - "--------------------------": null

2020-04-27 14:20:48 - [TEST_STEP][PASSED] - " Teardown - CLose Browser |": null

2020-04-27 14:20:48 - [TEST_STEP][PASSED] - callTestCase(findTestCase("Reusable_Test_Sequences/CAT_Teardown"), [:], OPTIONAL): Call Test Case 'Test Cases/Reusable_Test_Sequences/CAT_Teardown' successfully

2020-04-27 14:20:48 - [TEST_CASE][PASSED] - Test Cases/Reusable_Test_Sequences/CAT_Teardown: Test Cases/Reusable_Test_Sequences/CAT_Teardown

2020-04-27 14:20:48 - [TEST_STEP][PASSED] - closeBrowser(): Browser is closed

2020-04-27 14:20:49 - [MESSAGE][PASSED] - Browser is closed

2020-04-27 14:20:49 - [TEST_STEP][PASSED] - super.finalize(): null

2020-04-27 14:20:49 - [TEST_STEP][PASSED] - System.gc(): null

2020-04-27 14:20:49 - [MESSAGE][PASSED] - Call Test Case 'Test Cases/Reusable_Test_Sequences/CAT_Teardown' successfully]]></system-out>
         <system-err><![CDATA[]]></system-err>
      </testcase>
      <testcase name="Test Cases/Web_Office/Reports/Engagement_Score_Report" time="18.152" classname="Test Cases/Web_Office/Reports/Engagement_Score_Report" status="PASSED">
         <system-out><![CDATA[2020-04-27 14:20:49 - [TEST_CASE][PASSED] - Test Cases/Web_Office/Reports/Engagement_Score_Report: Test Cases/Web_Office/Reports/Engagement_Score_Report

2020-04-27 14:20:49 - [TEST_STEP][PASSED] - "--------------------------------------": null

2020-04-27 14:20:49 - [TEST_STEP][PASSED] - " Web Office StartUp                  |": null

2020-04-27 14:20:49 - [TEST_STEP][PASSED] - callTestCase(findTestCase("Reusable_Test_Sequences/Web_Office/Directives/WebOffice_StartUp"), [:], STOP_ON_FAILURE): Call Test Case 'Test Cases/Reusable_Test_Sequences/Web_Office/Directives/WebOffice_StartUp' successfully

2020-04-27 14:20:50 - [TEST_CASE][PASSED] - Test Cases/Reusable_Test_Sequences/Web_Office/Directives/WebOffice_StartUp: Test Cases/Reusable_Test_Sequences/Web_Office/Directives/WebOffice_StartUp

2020-04-27 14:20:50 - [TEST_STEP][PASSED] - "-----------------------------------------------------------------------------": null

2020-04-27 14:20:50 - [TEST_STEP][PASSED] - if (URL == "https://www.dev.checkatrade.com/"): null

2020-04-27 14:20:50 - [TEST_STEP][PASSED] - "-----------------------------------------------------------------------------": null

2020-04-27 14:20:50 - [TEST_STEP][PASSED] - if (URL == "https://www.checkatrade.com/"): null

2020-04-27 14:20:50 - [TEST_STEP][PASSED] - "-----------------------------------------------------------------------------": null

2020-04-27 14:20:50 - [TEST_STEP][PASSED] - if (URL == "https://www.preview.checkatrade.com/"): null

2020-04-27 14:20:50 - [TEST_STEP][PASSED] - WebOfficeURL = "https://admin.preview.checkatrade.com/": null

2020-04-27 14:20:50 - [TEST_STEP][PASSED] - if (URL == "https://www.dev2.checkatrade.com/"): null

2020-04-27 14:20:50 - [TEST_STEP][PASSED] - "Set Function Area for "URL_Handler", URL Resolution": null

2020-04-27 14:20:50 - [TEST_STEP][PASSED] - "Do Some Magic with URL(s) See the comments within URL Handler ": null

2020-04-27 14:20:50 - [TEST_STEP][PASSED] - "------------------------------------------------": null

2020-04-27 14:20:50 - [TEST_STEP][PASSED] - "Moved Login Credentials to <Default> profile 22/01/2020": null

2020-04-27 14:20:50 - [TEST_STEP][PASSED] - "------------------------------------------------": null

2020-04-27 14:20:50 - [TEST_STEP][PASSED] - "WebOfficeURL - Set from the ENVIRONMENT PROFILE ": null

2020-04-27 14:20:50 - [TEST_STEP][PASSED] - "OPEN BROWSER": null

2020-04-27 14:20:50 - [TEST_STEP][PASSED] - "eg - https://admin.preview.checkatrade.com/  ": null

2020-04-27 14:20:50 - [TEST_STEP][PASSED] - openBrowser(WebOfficeURL): Browser is opened with url: 'https://admin.preview.checkatrade.com/'

2020-04-27 14:20:50 - [MESSAGE][INFO] - Starting 'Chrome' driver

2020-04-27 14:20:50 - [MESSAGE][INFO] - Action delay is set to 0 milliseconds

2020-04-27 14:20:56 - [MESSAGE][PASSED] - Browser is opened with url: 'https://admin.preview.checkatrade.com/'

2020-04-27 14:20:56 - [TEST_STEP][PASSED] - maximizeWindow(): Current window maximized

2020-04-27 14:20:59 - [MESSAGE][PASSED] - Current window maximized

2020-04-27 14:20:59 - [TEST_STEP][PASSED] - waitForElementClickable(findTestObject("Object Repository/WebOffice/Page_Checkatrade - Administration - Login/Login_Button"), 25): Object 'Object Repository/WebOffice/Page_Checkatrade - Administration - Login/Login_Button' is clickable

2020-04-27 14:20:59 - [MESSAGE][PASSED] - Object 'Object Repository/WebOffice/Page_Checkatrade - Administration - Login/Login_Button' is clickable

2020-04-27 14:20:59 - [TEST_STEP][PASSED] - verifyTextPresent("Checkatrade Web Office", false): Text 'Checkatrade Web Office' is present on page 

2020-04-27 14:20:59 - [MESSAGE][PASSED] - Text 'Checkatrade Web Office' is present on page 

2020-04-27 14:20:59 - [TEST_STEP][PASSED] - verifyTextPresent("Access for staff use only", false): Text 'Access for staff use only' is present on page 

2020-04-27 14:20:59 - [MESSAGE][PASSED] - Text 'Access for staff use only' is present on page 

2020-04-27 14:20:59 - [TEST_STEP][PASSED] - verifyTextPresent("Forgotten password?", false): Text 'Forgotten password?' is present on page 

2020-04-27 14:20:59 - [MESSAGE][PASSED] - Text 'Forgotten password?' is present on page 

2020-04-27 14:20:59 - [TEST_STEP][PASSED] - setText(findTestObject("Object Repository/WebOffice/Page_Checkatrade - Administration - Login/input_Username_LoginControlUserName"), wo_Username): Text 'DavidHo' is set on object 'Object Repository/WebOffice/Page_Checkatrade - Administration - Login/input_Username_LoginControlUserName'

2020-04-27 14:20:59 - [MESSAGE][PASSED] - Text 'DavidHo' is set on object 'Object Repository/WebOffice/Page_Checkatrade - Administration - Login/input_Username_LoginControlUserName'

2020-04-27 14:20:59 - [TEST_STEP][PASSED] - setText(findTestObject("Object Repository/WebOffice/Page_Checkatrade - Administration - Login/input_Password_LoginControlPassword"), wo_Password): Text 'Check123' is set on object 'Object Repository/WebOffice/Page_Checkatrade - Administration - Login/input_Password_LoginControlPassword'

2020-04-27 14:21:00 - [MESSAGE][PASSED] - Text 'Check123' is set on object 'Object Repository/WebOffice/Page_Checkatrade - Administration - Login/input_Password_LoginControlPassword'

2020-04-27 14:21:00 - [TEST_STEP][PASSED] - click(findTestObject("Object Repository/WebOffice/Page_Checkatrade - Administration - Login/Login_Button")): Object: 'Object Repository/WebOffice/Page_Checkatrade - Administration - Login/Login_Button' is clicked on

2020-04-27 14:21:01 - [MESSAGE][PASSED] - Object: 'Object Repository/WebOffice/Page_Checkatrade - Administration - Login/Login_Button' is clicked on

2020-04-27 14:21:01 - [TEST_STEP][PASSED] - waitForPageLoad(60): Wait for page load successfully

2020-04-27 14:21:01 - [MESSAGE][PASSED] - Wait for page load successfully

2020-04-27 14:21:01 - [TEST_STEP][PASSED] - verifyTextPresent("Welcome " + wo_Username, false): Text 'Welcome DavidHo' is present on page 

2020-04-27 14:21:02 - [MESSAGE][PASSED] - Text 'Welcome DavidHo' is present on page 

2020-04-27 14:21:02 - [MESSAGE][PASSED] - Call Test Case 'Test Cases/Reusable_Test_Sequences/Web_Office/Directives/WebOffice_StartUp' successfully

2020-04-27 14:21:02 - [TEST_STEP][PASSED] - "-----------------------------------------------------------------": null

2020-04-27 14:21:02 - [TEST_STEP][PASSED] - " Navigate to <Settings->Checkatrade.Com->Sub Item> Menu Item     |": null

2020-04-27 14:21:02 - [TEST_STEP][PASSED] - callTestCase(findTestCase("Reusable_Test_Sequences/Web_Office/Navigation/Sub_Menu_Navigation/Reports/Engagement_Score_Report"), [:], STOP_ON_FAILURE): Call Test Case 'Test Cases/Reusable_Test_Sequences/Web_Office/Navigation/Sub_Menu_Navigation/Reports/Engagement_Score_Report' successfully

2020-04-27 14:21:02 - [TEST_CASE][PASSED] - Test Cases/Reusable_Test_Sequences/Web_Office/Navigation/Sub_Menu_Navigation/Reports/Engagement_Score_Report: Test Cases/Reusable_Test_Sequences/Web_Office/Navigation/Sub_Menu_Navigation/Reports/Engagement_Score_Report

2020-04-27 14:21:02 - [TEST_STEP][PASSED] - "--------------------------------------": null

2020-04-27 14:21:02 - [TEST_STEP][PASSED] - " Navigate Top level menu Item         |": null

2020-04-27 14:21:02 - [TEST_STEP][PASSED] - waitForPageLoad(60): Wait for page load successfully

2020-04-27 14:21:02 - [MESSAGE][PASSED] - Wait for page load successfully

2020-04-27 14:21:02 - [TEST_STEP][PASSED] - waitForElementClickable(findTestObject("Object Repository/WebOffice_Home_page/a_Reports"), 60): Object 'Object Repository/WebOffice_Home_page/a_Reports' is clickable

2020-04-27 14:21:02 - [MESSAGE][PASSED] - Object 'Object Repository/WebOffice_Home_page/a_Reports' is clickable

2020-04-27 14:21:02 - [TEST_STEP][PASSED] - mouseOver(findTestObject("Object Repository/WebOffice_Home_page/a_Reports")): Object: 'Object Repository/WebOffice_Home_page/a_Reports' is hovered

2020-04-27 14:21:03 - [MESSAGE][PASSED] - Object: 'Object Repository/WebOffice_Home_page/a_Reports' is hovered

2020-04-27 14:21:03 - [TEST_STEP][PASSED] - click(findTestObject("Object Repository/WebOffice_Home_page/Page_/a_Members")): Object: 'Object Repository/WebOffice_Home_page/Page_/a_Members' is clicked on

2020-04-27 14:21:03 - [MESSAGE][PASSED] - Object: 'Object Repository/WebOffice_Home_page/Page_/a_Members' is clicked on

2020-04-27 14:21:03 - [TEST_STEP][PASSED] - waitForPageLoad(5): Wait for page load successfully

2020-04-27 14:21:03 - [MESSAGE][PASSED] - Wait for page load successfully

2020-04-27 14:21:03 - [TEST_STEP][PASSED] - waitForElementClickable(findTestObject("Object Repository/WebOffice_Home_page/Page_/a_Engagement Score Report"), 5): Object 'Object Repository/WebOffice_Home_page/Page_/a_Engagement Score Report' is clickable

2020-04-27 14:21:03 - [MESSAGE][PASSED] - Object 'Object Repository/WebOffice_Home_page/Page_/a_Engagement Score Report' is clickable

2020-04-27 14:21:03 - [TEST_STEP][PASSED] - click(findTestObject("Object Repository/WebOffice_Home_page/Page_/a_Engagement Score Report")): Object: 'Object Repository/WebOffice_Home_page/Page_/a_Engagement Score Report' is clicked on

2020-04-27 14:21:05 - [MESSAGE][PASSED] - Object: 'Object Repository/WebOffice_Home_page/Page_/a_Engagement Score Report' is clicked on

2020-04-27 14:21:05 - [MESSAGE][PASSED] - Call Test Case 'Test Cases/Reusable_Test_Sequences/Web_Office/Navigation/Sub_Menu_Navigation/Reports/Engagement_Score_Report' successfully

2020-04-27 14:21:05 - [TEST_STEP][PASSED] - "--------------------------------------": null

2020-04-27 14:21:05 - [TEST_STEP][PASSED] - " Verify Returned Page Detail          |": null

2020-04-27 14:21:05 - [TEST_STEP][PASSED] - callTestCase(findTestCase("Reusable_Test_Sequences/Web_Office/Verification/Reports/Engagement_Score_Report"), [:], OPTIONAL): Call Test Case 'Test Cases/Reusable_Test_Sequences/Web_Office/Verification/Reports/Engagement_Score_Report' successfully

2020-04-27 14:21:05 - [TEST_CASE][PASSED] - Test Cases/Reusable_Test_Sequences/Web_Office/Verification/Reports/Engagement_Score_Report: Test Cases/Reusable_Test_Sequences/Web_Office/Verification/Reports/Engagement_Score_Report

2020-04-27 14:21:05 - [TEST_STEP][PASSED] - waitForPageLoad(120): Wait for page load successfully

2020-04-27 14:21:05 - [MESSAGE][PASSED] - Wait for page load successfully

2020-04-27 14:21:05 - [TEST_STEP][PASSED] - delay(1): Delayed 1 second(s)

2020-04-27 14:21:06 - [MESSAGE][PASSED] - Delayed 1 second(s)

2020-04-27 14:21:06 - [TEST_STEP][PASSED] - verifyTextPresent("Trade Category Engagement Score Reports", false): Text 'Trade Category Engagement Score Reports' is present on page 

2020-04-27 14:21:06 - [MESSAGE][PASSED] - Text 'Trade Category Engagement Score Reports' is present on page 

2020-04-27 14:21:06 - [TEST_STEP][PASSED] - "----------------------------------------------": null

2020-04-27 14:21:06 - [TEST_STEP][PASSED] - verifyTextPresent("Report type", false): Text 'Report type' is present on page 

2020-04-27 14:21:06 - [MESSAGE][PASSED] - Text 'Report type' is present on page 

2020-04-27 14:21:06 - [TEST_STEP][PASSED] - verifyTextPresent("Category", false): Text 'Category' is present on page 

2020-04-27 14:21:06 - [MESSAGE][PASSED] - Text 'Category' is present on page 

2020-04-27 14:21:06 - [TEST_STEP][PASSED] - verifyTextPresent("Total", false): Text 'Total' is present on page 

2020-04-27 14:21:06 - [MESSAGE][PASSED] - Text 'Total' is present on page 

2020-04-27 14:21:06 - [MESSAGE][PASSED] - Call Test Case 'Test Cases/Reusable_Test_Sequences/Web_Office/Verification/Reports/Engagement_Score_Report' successfully

2020-04-27 14:21:06 - [TEST_STEP][PASSED] - "--------------------------": null

2020-04-27 14:21:06 - [TEST_STEP][PASSED] - " Teardown - CLose Browser |": null

2020-04-27 14:21:06 - [TEST_STEP][PASSED] - callTestCase(findTestCase("Reusable_Test_Sequences/CAT_Teardown"), [:], OPTIONAL): Call Test Case 'Test Cases/Reusable_Test_Sequences/CAT_Teardown' successfully

2020-04-27 14:21:06 - [TEST_CASE][PASSED] - Test Cases/Reusable_Test_Sequences/CAT_Teardown: Test Cases/Reusable_Test_Sequences/CAT_Teardown

2020-04-27 14:21:06 - [TEST_STEP][PASSED] - closeBrowser(): Browser is closed

2020-04-27 14:21:07 - [MESSAGE][PASSED] - Browser is closed

2020-04-27 14:21:07 - [TEST_STEP][PASSED] - super.finalize(): null

2020-04-27 14:21:07 - [TEST_STEP][PASSED] - System.gc(): null

2020-04-27 14:21:07 - [MESSAGE][PASSED] - Call Test Case 'Test Cases/Reusable_Test_Sequences/CAT_Teardown' successfully]]></system-out>
         <system-err><![CDATA[]]></system-err>
      </testcase>
      <testcase name="Test Cases/Web_Office/Reports/Renewal_Leavers_Engagement_Score" time="13.178" classname="Test Cases/Web_Office/Reports/Renewal_Leavers_Engagement_Score" status="FAILED">
         <failure type="FAILED" message="Test Cases/Web_Office/Reports/Renewal_Leavers_Engagement_Score FAILED.
Reason:
com.kms.katalon.core.exception.StepFailedException: Call Test Case 'Test Cases/Reusable_Test_Sequences/Web_Office/Navigation/Sub_Menu_Navigation/Reports/Renewal_Leavers_Engagement_Score' failed
	at com.kms.katalon.core.keyword.builtin.CallTestCaseKeyword$_callTestCase_closure1.doCall(CallTestCaseKeyword.groovy:63)
	at com.kms.katalon.core.keyword.builtin.CallTestCaseKeyword$_callTestCase_closure1.call(CallTestCaseKeyword.groovy)
	at com.kms.katalon.core.keyword.internal.KeywordMain.runKeyword(KeywordMain.groovy:68)
	at com.kms.katalon.core.keyword.builtin.CallTestCaseKeyword.callTestCase(CallTestCaseKeyword.groovy:81)
	at com.kms.katalon.core.keyword.builtin.CallTestCaseKeyword.execute(CallTestCaseKeyword.groovy:44)
	at com.kms.katalon.core.keyword.internal.KeywordExecutor.executeKeywordForPlatform(KeywordExecutor.groovy:72)
	at com.kms.katalon.core.keyword.BuiltinKeywords.callTestCase(BuiltinKeywords.groovy:334)
	at Renewal_Leavers_Engagement_Score.run(Renewal_Leavers_Engagement_Score:59)
	at com.kms.katalon.core.main.ScriptEngine.run(ScriptEngine.java:194)
	at com.kms.katalon.core.main.ScriptEngine.runScriptAsRawText(ScriptEngine.java:119)
	at com.kms.katalon.core.main.TestCaseExecutor.runScript(TestCaseExecutor.java:337)
	at com.kms.katalon.core.main.TestCaseExecutor.doExecute(TestCaseExecutor.java:328)
	at com.kms.katalon.core.main.TestCaseExecutor.processExecutionPhase(TestCaseExecutor.java:307)
	at com.kms.katalon.core.main.TestCaseExecutor.accessMainPhase(TestCaseExecutor.java:299)
	at com.kms.katalon.core.main.TestCaseExecutor.execute(TestCaseExecutor.java:233)
	at com.kms.katalon.core.main.TestSuiteExecutor.accessTestCaseMainPhase(TestSuiteExecutor.java:169)
	at com.kms.katalon.core.main.TestSuiteExecutor.accessTestSuiteMainPhase(TestSuiteExecutor.java:142)
	at com.kms.katalon.core.main.TestSuiteExecutor.execute(TestSuiteExecutor.java:91)
	at com.kms.katalon.core.main.TestCaseMain.startTestSuite(TestCaseMain.java:157)
	at com.kms.katalon.core.main.TestCaseMain$startTestSuite$0.call(Unknown Source)
	at TempTestSuite1587991913277.run(TempTestSuite1587991913277.groovy:37)
Caused by: com.kms.katalon.core.exception.StepFailedException: Unable to click on object 'Object Repository/WebOffice_Home_page/Page_/a_RenewalsLeavers - Engagement Score' (Root cause: com.kms.katalon.core.exception.StepFailedException: Unable to click on object 'Object Repository/WebOffice_Home_page/Page_/a_RenewalsLeavers - Engagement Score'
	at com.kms.katalon.core.webui.keyword.internal.WebUIKeywordMain.stepFailed(WebUIKeywordMain.groovy:64)
	at com.kms.katalon.core.webui.keyword.internal.WebUIKeywordMain.runKeyword(WebUIKeywordMain.groovy:26)
	at com.kms.katalon.core.webui.keyword.builtin.ClickKeyword.click(ClickKeyword.groovy:76)
	at com.kms.katalon.core.webui.keyword.builtin.ClickKeyword.execute(ClickKeyword.groovy:43)
	at com.kms.katalon.core.keyword.internal.KeywordExecutor.executeKeywordForPlatform(KeywordExecutor.groovy:72)
	at com.kms.katalon.core.webui.keyword.WebUiBuiltInKeywords.click(WebUiBuiltInKeywords.groovy:616)
	at com.kms.katalon.core.webui.keyword.WebUiBuiltInKeywords$click$4.call(Unknown Source)
	at Renewal_Leavers_Engagement_Score.run(Renewal_Leavers_Engagement_Score:69)
	at com.kms.katalon.core.main.ScriptEngine.run(ScriptEngine.java:194)
	at com.kms.katalon.core.main.ScriptEngine.runScriptAsRawText(ScriptEngine.java:119)
	at com.kms.katalon.core.main.TestCaseExecutor.runScript(TestCaseExecutor.java:337)
	at com.kms.katalon.core.main.TestCaseExecutor.doExecute(TestCaseExecutor.java:328)
	at com.kms.katalon.core.main.TestCaseExecutor.processExecutionPhase(TestCaseExecutor.java:307)
	at com.kms.katalon.core.main.TestCaseExecutor.accessMainPhase(TestCaseExecutor.java:299)
	at com.kms.katalon.core.main.TestCaseExecutor.execute(TestCaseExecutor.java:233)
	at com.kms.katalon.core.main.TestCaseMain.runTestCase(TestCaseMain.java:114)
	at com.kms.katalon.core.keyword.builtin.CallTestCaseKeyword$_callTestCase_closure1.doCall(CallTestCaseKeyword.groovy:59)
	at com.kms.katalon.core.keyword.builtin.CallTestCaseKeyword$_callTestCase_closure1.call(CallTestCaseKeyword.groovy)
	at com.kms.katalon.core.keyword.internal.KeywordMain.runKeyword(KeywordMain.groovy:68)
	at com.kms.katalon.core.keyword.builtin.CallTestCaseKeyword.callTestCase(CallTestCaseKeyword.groovy:81)
	at com.kms.katalon.core.keyword.builtin.CallTestCaseKeyword.execute(CallTestCaseKeyword.groovy:44)
	at com.kms.katalon.core.keyword.internal.KeywordExecutor.executeKeywordForPlatform(KeywordExecutor.groovy:72)
	at com.kms.katalon.core.keyword.BuiltinKeywords.callTestCase(BuiltinKeywords.groovy:334)
	at Renewal_Leavers_Engagement_Score.run(Renewal_Leavers_Engagement_Score:59)
	at com.kms.katalon.core.main.ScriptEngine.run(ScriptEngine.java:194)
	at com.kms.katalon.core.main.ScriptEngine.runScriptAsRawText(ScriptEngine.java:119)
	at com.kms.katalon.core.main.TestCaseExecutor.runScript(TestCaseExecutor.java:337)
	at com.kms.katalon.core.main.TestCaseExecutor.doExecute(TestCaseExecutor.java:328)
	at com.kms.katalon.core.main.TestCaseExecutor.processExecutionPhase(TestCaseExecutor.java:307)
	at com.kms.katalon.core.main.TestCaseExecutor.accessMainPhase(TestCaseExecutor.java:299)
	at com.kms.katalon.core.main.TestCaseExecutor.execute(TestCaseExecutor.java:233)
	at com.kms.katalon.core.main.TestSuiteExecutor.accessTestCaseMainPhase(TestSuiteExecutor.java:169)
	at com.kms.katalon.core.main.TestSuiteExecutor.accessTestSuiteMainPhase(TestSuiteExecutor.java:142)
	at com.kms.katalon.core.main.TestSuiteExecutor.execute(TestSuiteExecutor.java:91)
	at com.kms.katalon.core.main.TestCaseMain.startTestSuite(TestCaseMain.java:157)
	at com.kms.katalon.core.main.TestCaseMain$startTestSuite$0.call(Unknown Source)
	at TempTestSuite1587991913277.run(TempTestSuite1587991913277.groovy:37)
Caused by: org.openqa.selenium.ElementClickInterceptedException: element click intercepted: Element &lt;a href=&quot;/Reports/RenewalLeaversEngagementReport.aspx&quot;>...&lt;/a> is not clickable at point (120, 16). Other element would receive the click: &lt;img src=&quot;/Images/menu/WO_logo.jpg&quot; width=&quot;283&quot; height=&quot;32&quot; alt=&quot;Checkatrade Web Office&quot; hspace=&quot;10&quot;>
  (Session info: chrome=81.0.4044.122)
Build info: version: '3.141.59', revision: 'e82be7d358', time: '2018-11-14T08:25:53'
System info: host: 'VETTEDSP36RF', ip: '192.168.1.237', os.name: 'Windows 10', os.arch: 'x86', os.version: '10.0', java.version: '1.8.0_181'
Driver info: com.kms.katalon.selenium.driver.CChromeDriver
Capabilities {acceptInsecureCerts: false, browserName: chrome, browserVersion: 81.0.4044.122, chrome: {chromedriverVersion: 81.0.4044.69 (6813546031a4b..., userDataDir: C:\Users\davidho\AppData\Lo...}, goog:chromeOptions: {debuggerAddress: localhost:59353}, javascriptEnabled: true, networkConnectionEnabled: false, pageLoadStrategy: normal, platform: WINDOWS, platformName: WINDOWS, proxy: Proxy(), setWindowRect: true, strictFileInteractability: false, timeouts: {implicit: 0, pageLoad: 300000, script: 30000}, unhandledPromptBehavior: dismiss and notify, webauthn:virtualAuthenticators: true}
Session ID: f1a46da94cb4ec60d86549090fbd66fe
	at org.openqa.selenium.remote.http.W3CHttpResponseCodec.createException(W3CHttpResponseCodec.java:187)
	at org.openqa.selenium.remote.http.W3CHttpResponseCodec.decode(W3CHttpResponseCodec.java:122)
	at org.openqa.selenium.remote.http.W3CHttpResponseCodec.decode(W3CHttpResponseCodec.java:49)
	at org.openqa.selenium.remote.HttpCommandExecutor.execute(HttpCommandExecutor.java:158)
	at org.openqa.selenium.remote.service.DriverCommandExecutor.execute(DriverCommandExecutor.java:83)
	at org.openqa.selenium.remote.RemoteWebDriver.execute(RemoteWebDriver.java:552)
	at com.kms.katalon.selenium.driver.CChromeDriver.execute(CChromeDriver.java:19)
	at org.openqa.selenium.remote.RemoteWebElement.execute(RemoteWebElement.java:285)
	at org.openqa.selenium.remote.RemoteWebElement.click(RemoteWebElement.java:84)
	at org.openqa.selenium.support.events.EventFiringWebDriver$EventFiringWebElement.lambda$new$0(EventFiringWebDriver.java:404)
	at com.sun.proxy.$Proxy9.click(Unknown Source)
	at org.openqa.selenium.support.events.EventFiringWebDriver$EventFiringWebElement.click(EventFiringWebDriver.java:417)
	at com.kms.katalon.core.webui.keyword.builtin.ClickKeyword$_click_closure1.doCall(ClickKeyword.groovy:69)
	at com.kms.katalon.core.webui.keyword.builtin.ClickKeyword$_click_closure1.call(ClickKeyword.groovy)
	at com.kms.katalon.core.webui.keyword.internal.WebUIKeywordMain.runKeyword(WebUIKeywordMain.groovy:20)
	at com.kms.katalon.core.webui.keyword.builtin.ClickKeyword.click(ClickKeyword.groovy:76)
	at com.kms.katalon.core.webui.keyword.builtin.ClickKeyword.execute(ClickKeyword.groovy:43)
	at com.kms.katalon.core.keyword.internal.KeywordExecutor.executeKeywordForPlatform(KeywordExecutor.groovy:72)
	at com.kms.katalon.core.webui.keyword.WebUiBuiltInKeywords.click(WebUiBuiltInKeywords.groovy:616)
	at com.kms.katalon.core.webui.keyword.WebUiBuiltInKeywords$click$4.call(Unknown Source)
	at Script1587722706161.run(Script1587722706161.groovy:69)
	at com.kms.katalon.core.main.ScriptEngine.run(ScriptEngine.java:194)
	at com.kms.katalon.core.main.ScriptEngine.runScriptAsRawText(ScriptEngine.java:119)
	at com.kms.katalon.core.main.TestCaseExecutor.runScript(TestCaseExecutor.java:337)
	at com.kms.katalon.core.main.TestCaseExecutor.doExecute(TestCaseExecutor.java:328)
	at com.kms.katalon.core.main.TestCaseExecutor.processExecutionPhase(TestCaseExecutor.java:307)
	at com.kms.katalon.core.main.TestCaseExecutor.accessMainPhase(TestCaseExecutor.java:299)
	at com.kms.katalon.core.main.TestCaseExecutor.execute(TestCaseExecutor.java:233)
	at com.kms.katalon.core.main.TestCaseMain.runTestCase(TestCaseMain.java:114)
	at com.kms.katalon.core.keyword.builtin.CallTestCaseKeyword$_callTestCase_closure1.doCall(CallTestCaseKeyword.groovy:59)
	at com.kms.katalon.core.keyword.builtin.CallTestCaseKeyword$_callTestCase_closure1.call(CallTestCaseKeyword.groovy)
	at com.kms.katalon.core.keyword.internal.KeywordMain.runKeyword(KeywordMain.groovy:68)
	at com.kms.katalon.core.keyword.builtin.CallTestCaseKeyword.callTestCase(CallTestCaseKeyword.groovy:81)
	at com.kms.katalon.core.keyword.builtin.CallTestCaseKeyword.execute(CallTestCaseKeyword.groovy:44)
	at com.kms.katalon.core.keyword.internal.KeywordExecutor.executeKeywordForPlatform(KeywordExecutor.groovy:72)
	at com.kms.katalon.core.keyword.BuiltinKeywords.callTestCase(BuiltinKeywords.groovy:334)
	at Script1587722686694.run(Script1587722686694.groovy:59)
	... 13 more
)
	at com.kms.katalon.core.keyword.internal.KeywordMain.stepFailed(KeywordMain.groovy:39)
	at com.kms.katalon.core.webui.keyword.internal.WebUIKeywordMain.stepFailed(WebUIKeywordMain.groovy:64)
	at com.kms.katalon.core.webui.keyword.internal.WebUIKeywordMain.runKeyword(WebUIKeywordMain.groovy:26)
	at com.kms.katalon.core.webui.keyword.builtin.ClickKeyword.click(ClickKeyword.groovy:76)
	at com.kms.katalon.core.webui.keyword.builtin.ClickKeyword.execute(ClickKeyword.groovy:43)
	at com.kms.katalon.core.keyword.internal.KeywordExecutor.executeKeywordForPlatform(KeywordExecutor.groovy:72)
	at com.kms.katalon.core.webui.keyword.WebUiBuiltInKeywords.click(WebUiBuiltInKeywords.groovy:616)
	at com.kms.katalon.core.webui.keyword.WebUiBuiltInKeywords$click$4.call(Unknown Source)
	at Renewal_Leavers_Engagement_Score.run(Renewal_Leavers_Engagement_Score:69)
	at com.kms.katalon.core.main.ScriptEngine.run(ScriptEngine.java:194)
	at com.kms.katalon.core.main.ScriptEngine.runScriptAsRawText(ScriptEngine.java:119)
	at com.kms.katalon.core.main.TestCaseExecutor.runScript(TestCaseExecutor.java:337)
	at com.kms.katalon.core.main.TestCaseExecutor.doExecute(TestCaseExecutor.java:328)
	at com.kms.katalon.core.main.TestCaseExecutor.processExecutionPhase(TestCaseExecutor.java:307)
	at com.kms.katalon.core.main.TestCaseExecutor.accessMainPhase(TestCaseExecutor.java:299)
	at com.kms.katalon.core.main.TestCaseExecutor.execute(TestCaseExecutor.java:233)
	at com.kms.katalon.core.main.TestCaseMain.runTestCase(TestCaseMain.java:114)
	at com.kms.katalon.core.keyword.builtin.CallTestCaseKeyword$_callTestCase_closure1.doCall(CallTestCaseKeyword.groovy:59)
	... 20 more
Caused by: com.kms.katalon.core.exception.StepFailedException: Unable to click on object 'Object Repository/WebOffice_Home_page/Page_/a_RenewalsLeavers - Engagement Score'
	... 37 more
Caused by: org.openqa.selenium.ElementClickInterceptedException: element click intercepted: Element &lt;a href=&quot;/Reports/RenewalLeaversEngagementReport.aspx&quot;>...&lt;/a> is not clickable at point (120, 16). Other element would receive the click: &lt;img src=&quot;/Images/menu/WO_logo.jpg&quot; width=&quot;283&quot; height=&quot;32&quot; alt=&quot;Checkatrade Web Office&quot; hspace=&quot;10&quot;>
  (Session info: chrome=81.0.4044.122)
Build info: version: '3.141.59', revision: 'e82be7d358', time: '2018-11-14T08:25:53'
System info: host: 'VETTEDSP36RF', ip: '192.168.1.237', os.name: 'Windows 10', os.arch: 'x86', os.version: '10.0', java.version: '1.8.0_181'
Driver info: com.kms.katalon.selenium.driver.CChromeDriver
Capabilities {acceptInsecureCerts: false, browserName: chrome, browserVersion: 81.0.4044.122, chrome: {chromedriverVersion: 81.0.4044.69 (6813546031a4b..., userDataDir: C:\Users\davidho\AppData\Lo...}, goog:chromeOptions: {debuggerAddress: localhost:59353}, javascriptEnabled: true, networkConnectionEnabled: false, pageLoadStrategy: normal, platform: WINDOWS, platformName: WINDOWS, proxy: Proxy(), setWindowRect: true, strictFileInteractability: false, timeouts: {implicit: 0, pageLoad: 300000, script: 30000}, unhandledPromptBehavior: dismiss and notify, webauthn:virtualAuthenticators: true}
Session ID: f1a46da94cb4ec60d86549090fbd66fe
	at org.openqa.selenium.remote.http.W3CHttpResponseCodec.createException(W3CHttpResponseCodec.java:187)
	at org.openqa.selenium.remote.http.W3CHttpResponseCodec.decode(W3CHttpResponseCodec.java:122)
	at org.openqa.selenium.remote.http.W3CHttpResponseCodec.decode(W3CHttpResponseCodec.java:49)
	at org.openqa.selenium.remote.HttpCommandExecutor.execute(HttpCommandExecutor.java:158)
	at org.openqa.selenium.remote.service.DriverCommandExecutor.execute(DriverCommandExecutor.java:83)
	at org.openqa.selenium.remote.RemoteWebDriver.execute(RemoteWebDriver.java:552)
	at com.kms.katalon.selenium.driver.CChromeDriver.execute(CChromeDriver.java:19)
	at org.openqa.selenium.remote.RemoteWebElement.execute(RemoteWebElement.java:285)
	at org.openqa.selenium.remote.RemoteWebElement.click(RemoteWebElement.java:84)
	at org.openqa.selenium.support.events.EventFiringWebDriver$EventFiringWebElement.lambda$new$0(EventFiringWebDriver.java:404)
	at com.sun.proxy.$Proxy9.click(Unknown Source)
	at org.openqa.selenium.support.events.EventFiringWebDriver$EventFiringWebElement.click(EventFiringWebDriver.java:417)
	at com.kms.katalon.core.webui.keyword.builtin.ClickKeyword$_click_closure1.doCall(ClickKeyword.groovy:69)
	at com.kms.katalon.core.webui.keyword.builtin.ClickKeyword$_click_closure1.call(ClickKeyword.groovy)
	at com.kms.katalon.core.webui.keyword.internal.WebUIKeywordMain.runKeyword(WebUIKeywordMain.groovy:20)
	... 35 more
"/>
         <system-out><![CDATA[2020-04-27 14:21:07 - [TEST_CASE][FAILED] - Test Cases/Web_Office/Reports/Renewal_Leavers_Engagement_Score: Test Cases/Web_Office/Reports/Renewal_Leavers_Engagement_Score FAILED.
Reason:
com.kms.katalon.core.exception.StepFailedException: Call Test Case 'Test Cases/Reusable_Test_Sequences/Web_Office/Navigation/Sub_Menu_Navigation/Reports/Renewal_Leavers_Engagement_Score' failed
	at com.kms.katalon.core.keyword.builtin.CallTestCaseKeyword$_callTestCase_closure1.doCall(CallTestCaseKeyword.groovy:63)
	at com.kms.katalon.core.keyword.builtin.CallTestCaseKeyword$_callTestCase_closure1.call(CallTestCaseKeyword.groovy)
	at com.kms.katalon.core.keyword.internal.KeywordMain.runKeyword(KeywordMain.groovy:68)
	at com.kms.katalon.core.keyword.builtin.CallTestCaseKeyword.callTestCase(CallTestCaseKeyword.groovy:81)
	at com.kms.katalon.core.keyword.builtin.CallTestCaseKeyword.execute(CallTestCaseKeyword.groovy:44)
	at com.kms.katalon.core.keyword.internal.KeywordExecutor.executeKeywordForPlatform(KeywordExecutor.groovy:72)
	at com.kms.katalon.core.keyword.BuiltinKeywords.callTestCase(BuiltinKeywords.groovy:334)
	at Renewal_Leavers_Engagement_Score.run(Renewal_Leavers_Engagement_Score:59)
	at com.kms.katalon.core.main.ScriptEngine.run(ScriptEngine.java:194)
	at com.kms.katalon.core.main.ScriptEngine.runScriptAsRawText(ScriptEngine.java:119)
	at com.kms.katalon.core.main.TestCaseExecutor.runScript(TestCaseExecutor.java:337)
	at com.kms.katalon.core.main.TestCaseExecutor.doExecute(TestCaseExecutor.java:328)
	at com.kms.katalon.core.main.TestCaseExecutor.processExecutionPhase(TestCaseExecutor.java:307)
	at com.kms.katalon.core.main.TestCaseExecutor.accessMainPhase(TestCaseExecutor.java:299)
	at com.kms.katalon.core.main.TestCaseExecutor.execute(TestCaseExecutor.java:233)
	at com.kms.katalon.core.main.TestSuiteExecutor.accessTestCaseMainPhase(TestSuiteExecutor.java:169)
	at com.kms.katalon.core.main.TestSuiteExecutor.accessTestSuiteMainPhase(TestSuiteExecutor.java:142)
	at com.kms.katalon.core.main.TestSuiteExecutor.execute(TestSuiteExecutor.java:91)
	at com.kms.katalon.core.main.TestCaseMain.startTestSuite(TestCaseMain.java:157)
	at com.kms.katalon.core.main.TestCaseMain$startTestSuite$0.call(Unknown Source)
	at TempTestSuite1587991913277.run(TempTestSuite1587991913277.groovy:37)
Caused by: com.kms.katalon.core.exception.StepFailedException: Unable to click on object 'Object Repository/WebOffice_Home_page/Page_/a_RenewalsLeavers - Engagement Score' (Root cause: com.kms.katalon.core.exception.StepFailedException: Unable to click on object 'Object Repository/WebOffice_Home_page/Page_/a_RenewalsLeavers - Engagement Score'
	at com.kms.katalon.core.webui.keyword.internal.WebUIKeywordMain.stepFailed(WebUIKeywordMain.groovy:64)
	at com.kms.katalon.core.webui.keyword.internal.WebUIKeywordMain.runKeyword(WebUIKeywordMain.groovy:26)
	at com.kms.katalon.core.webui.keyword.builtin.ClickKeyword.click(ClickKeyword.groovy:76)
	at com.kms.katalon.core.webui.keyword.builtin.ClickKeyword.execute(ClickKeyword.groovy:43)
	at com.kms.katalon.core.keyword.internal.KeywordExecutor.executeKeywordForPlatform(KeywordExecutor.groovy:72)
	at com.kms.katalon.core.webui.keyword.WebUiBuiltInKeywords.click(WebUiBuiltInKeywords.groovy:616)
	at com.kms.katalon.core.webui.keyword.WebUiBuiltInKeywords$click$4.call(Unknown Source)
	at Renewal_Leavers_Engagement_Score.run(Renewal_Leavers_Engagement_Score:69)
	at com.kms.katalon.core.main.ScriptEngine.run(ScriptEngine.java:194)
	at com.kms.katalon.core.main.ScriptEngine.runScriptAsRawText(ScriptEngine.java:119)
	at com.kms.katalon.core.main.TestCaseExecutor.runScript(TestCaseExecutor.java:337)
	at com.kms.katalon.core.main.TestCaseExecutor.doExecute(TestCaseExecutor.java:328)
	at com.kms.katalon.core.main.TestCaseExecutor.processExecutionPhase(TestCaseExecutor.java:307)
	at com.kms.katalon.core.main.TestCaseExecutor.accessMainPhase(TestCaseExecutor.java:299)
	at com.kms.katalon.core.main.TestCaseExecutor.execute(TestCaseExecutor.java:233)
	at com.kms.katalon.core.main.TestCaseMain.runTestCase(TestCaseMain.java:114)
	at com.kms.katalon.core.keyword.builtin.CallTestCaseKeyword$_callTestCase_closure1.doCall(CallTestCaseKeyword.groovy:59)
	at com.kms.katalon.core.keyword.builtin.CallTestCaseKeyword$_callTestCase_closure1.call(CallTestCaseKeyword.groovy)
	at com.kms.katalon.core.keyword.internal.KeywordMain.runKeyword(KeywordMain.groovy:68)
	at com.kms.katalon.core.keyword.builtin.CallTestCaseKeyword.callTestCase(CallTestCaseKeyword.groovy:81)
	at com.kms.katalon.core.keyword.builtin.CallTestCaseKeyword.execute(CallTestCaseKeyword.groovy:44)
	at com.kms.katalon.core.keyword.internal.KeywordExecutor.executeKeywordForPlatform(KeywordExecutor.groovy:72)
	at com.kms.katalon.core.keyword.BuiltinKeywords.callTestCase(BuiltinKeywords.groovy:334)
	at Renewal_Leavers_Engagement_Score.run(Renewal_Leavers_Engagement_Score:59)
	at com.kms.katalon.core.main.ScriptEngine.run(ScriptEngine.java:194)
	at com.kms.katalon.core.main.ScriptEngine.runScriptAsRawText(ScriptEngine.java:119)
	at com.kms.katalon.core.main.TestCaseExecutor.runScript(TestCaseExecutor.java:337)
	at com.kms.katalon.core.main.TestCaseExecutor.doExecute(TestCaseExecutor.java:328)
	at com.kms.katalon.core.main.TestCaseExecutor.processExecutionPhase(TestCaseExecutor.java:307)
	at com.kms.katalon.core.main.TestCaseExecutor.accessMainPhase(TestCaseExecutor.java:299)
	at com.kms.katalon.core.main.TestCaseExecutor.execute(TestCaseExecutor.java:233)
	at com.kms.katalon.core.main.TestSuiteExecutor.accessTestCaseMainPhase(TestSuiteExecutor.java:169)
	at com.kms.katalon.core.main.TestSuiteExecutor.accessTestSuiteMainPhase(TestSuiteExecutor.java:142)
	at com.kms.katalon.core.main.TestSuiteExecutor.execute(TestSuiteExecutor.java:91)
	at com.kms.katalon.core.main.TestCaseMain.startTestSuite(TestCaseMain.java:157)
	at com.kms.katalon.core.main.TestCaseMain$startTestSuite$0.call(Unknown Source)
	at TempTestSuite1587991913277.run(TempTestSuite1587991913277.groovy:37)
Caused by: org.openqa.selenium.ElementClickInterceptedException: element click intercepted: Element <a href="/Reports/RenewalLeaversEngagementReport.aspx">...</a> is not clickable at point (120, 16). Other element would receive the click: <img src="/Images/menu/WO_logo.jpg" width="283" height="32" alt="Checkatrade Web Office" hspace="10">
  (Session info: chrome=81.0.4044.122)
Build info: version: '3.141.59', revision: 'e82be7d358', time: '2018-11-14T08:25:53'
System info: host: 'VETTEDSP36RF', ip: '192.168.1.237', os.name: 'Windows 10', os.arch: 'x86', os.version: '10.0', java.version: '1.8.0_181'
Driver info: com.kms.katalon.selenium.driver.CChromeDriver
Capabilities {acceptInsecureCerts: false, browserName: chrome, browserVersion: 81.0.4044.122, chrome: {chromedriverVersion: 81.0.4044.69 (6813546031a4b..., userDataDir: C:\Users\davidho\AppData\Lo...}, goog:chromeOptions: {debuggerAddress: localhost:59353}, javascriptEnabled: true, networkConnectionEnabled: false, pageLoadStrategy: normal, platform: WINDOWS, platformName: WINDOWS, proxy: Proxy(), setWindowRect: true, strictFileInteractability: false, timeouts: {implicit: 0, pageLoad: 300000, script: 30000}, unhandledPromptBehavior: dismiss and notify, webauthn:virtualAuthenticators: true}
Session ID: f1a46da94cb4ec60d86549090fbd66fe
	at org.openqa.selenium.remote.http.W3CHttpResponseCodec.createException(W3CHttpResponseCodec.java:187)
	at org.openqa.selenium.remote.http.W3CHttpResponseCodec.decode(W3CHttpResponseCodec.java:122)
	at org.openqa.selenium.remote.http.W3CHttpResponseCodec.decode(W3CHttpResponseCodec.java:49)
	at org.openqa.selenium.remote.HttpCommandExecutor.execute(HttpCommandExecutor.java:158)
	at org.openqa.selenium.remote.service.DriverCommandExecutor.execute(DriverCommandExecutor.java:83)
	at org.openqa.selenium.remote.RemoteWebDriver.execute(RemoteWebDriver.java:552)
	at com.kms.katalon.selenium.driver.CChromeDriver.execute(CChromeDriver.java:19)
	at org.openqa.selenium.remote.RemoteWebElement.execute(RemoteWebElement.java:285)
	at org.openqa.selenium.remote.RemoteWebElement.click(RemoteWebElement.java:84)
	at org.openqa.selenium.support.events.EventFiringWebDriver$EventFiringWebElement.lambda$new$0(EventFiringWebDriver.java:404)
	at com.sun.proxy.$Proxy9.click(Unknown Source)
	at org.openqa.selenium.support.events.EventFiringWebDriver$EventFiringWebElement.click(EventFiringWebDriver.java:417)
	at com.kms.katalon.core.webui.keyword.builtin.ClickKeyword$_click_closure1.doCall(ClickKeyword.groovy:69)
	at com.kms.katalon.core.webui.keyword.builtin.ClickKeyword$_click_closure1.call(ClickKeyword.groovy)
	at com.kms.katalon.core.webui.keyword.internal.WebUIKeywordMain.runKeyword(WebUIKeywordMain.groovy:20)
	at com.kms.katalon.core.webui.keyword.builtin.ClickKeyword.click(ClickKeyword.groovy:76)
	at com.kms.katalon.core.webui.keyword.builtin.ClickKeyword.execute(ClickKeyword.groovy:43)
	at com.kms.katalon.core.keyword.internal.KeywordExecutor.executeKeywordForPlatform(KeywordExecutor.groovy:72)
	at com.kms.katalon.core.webui.keyword.WebUiBuiltInKeywords.click(WebUiBuiltInKeywords.groovy:616)
	at com.kms.katalon.core.webui.keyword.WebUiBuiltInKeywords$click$4.call(Unknown Source)
	at Script1587722706161.run(Script1587722706161.groovy:69)
	at com.kms.katalon.core.main.ScriptEngine.run(ScriptEngine.java:194)
	at com.kms.katalon.core.main.ScriptEngine.runScriptAsRawText(ScriptEngine.java:119)
	at com.kms.katalon.core.main.TestCaseExecutor.runScript(TestCaseExecutor.java:337)
	at com.kms.katalon.core.main.TestCaseExecutor.doExecute(TestCaseExecutor.java:328)
	at com.kms.katalon.core.main.TestCaseExecutor.processExecutionPhase(TestCaseExecutor.java:307)
	at com.kms.katalon.core.main.TestCaseExecutor.accessMainPhase(TestCaseExecutor.java:299)
	at com.kms.katalon.core.main.TestCaseExecutor.execute(TestCaseExecutor.java:233)
	at com.kms.katalon.core.main.TestCaseMain.runTestCase(TestCaseMain.java:114)
	at com.kms.katalon.core.keyword.builtin.CallTestCaseKeyword$_callTestCase_closure1.doCall(CallTestCaseKeyword.groovy:59)
	at com.kms.katalon.core.keyword.builtin.CallTestCaseKeyword$_callTestCase_closure1.call(CallTestCaseKeyword.groovy)
	at com.kms.katalon.core.keyword.internal.KeywordMain.runKeyword(KeywordMain.groovy:68)
	at com.kms.katalon.core.keyword.builtin.CallTestCaseKeyword.callTestCase(CallTestCaseKeyword.groovy:81)
	at com.kms.katalon.core.keyword.builtin.CallTestCaseKeyword.execute(CallTestCaseKeyword.groovy:44)
	at com.kms.katalon.core.keyword.internal.KeywordExecutor.executeKeywordForPlatform(KeywordExecutor.groovy:72)
	at com.kms.katalon.core.keyword.BuiltinKeywords.callTestCase(BuiltinKeywords.groovy:334)
	at Script1587722686694.run(Script1587722686694.groovy:59)
	... 13 more
)
	at com.kms.katalon.core.keyword.internal.KeywordMain.stepFailed(KeywordMain.groovy:39)
	at com.kms.katalon.core.webui.keyword.internal.WebUIKeywordMain.stepFailed(WebUIKeywordMain.groovy:64)
	at com.kms.katalon.core.webui.keyword.internal.WebUIKeywordMain.runKeyword(WebUIKeywordMain.groovy:26)
	at com.kms.katalon.core.webui.keyword.builtin.ClickKeyword.click(ClickKeyword.groovy:76)
	at com.kms.katalon.core.webui.keyword.builtin.ClickKeyword.execute(ClickKeyword.groovy:43)
	at com.kms.katalon.core.keyword.internal.KeywordExecutor.executeKeywordForPlatform(KeywordExecutor.groovy:72)
	at com.kms.katalon.core.webui.keyword.WebUiBuiltInKeywords.click(WebUiBuiltInKeywords.groovy:616)
	at com.kms.katalon.core.webui.keyword.WebUiBuiltInKeywords$click$4.call(Unknown Source)
	at Renewal_Leavers_Engagement_Score.run(Renewal_Leavers_Engagement_Score:69)
	at com.kms.katalon.core.main.ScriptEngine.run(ScriptEngine.java:194)
	at com.kms.katalon.core.main.ScriptEngine.runScriptAsRawText(ScriptEngine.java:119)
	at com.kms.katalon.core.main.TestCaseExecutor.runScript(TestCaseExecutor.java:337)
	at com.kms.katalon.core.main.TestCaseExecutor.doExecute(TestCaseExecutor.java:328)
	at com.kms.katalon.core.main.TestCaseExecutor.processExecutionPhase(TestCaseExecutor.java:307)
	at com.kms.katalon.core.main.TestCaseExecutor.accessMainPhase(TestCaseExecutor.java:299)
	at com.kms.katalon.core.main.TestCaseExecutor.execute(TestCaseExecutor.java:233)
	at com.kms.katalon.core.main.TestCaseMain.runTestCase(TestCaseMain.java:114)
	at com.kms.katalon.core.keyword.builtin.CallTestCaseKeyword$_callTestCase_closure1.doCall(CallTestCaseKeyword.groovy:59)
	... 20 more
Caused by: com.kms.katalon.core.exception.StepFailedException: Unable to click on object 'Object Repository/WebOffice_Home_page/Page_/a_RenewalsLeavers - Engagement Score'
	... 37 more
Caused by: org.openqa.selenium.ElementClickInterceptedException: element click intercepted: Element <a href="/Reports/RenewalLeaversEngagementReport.aspx">...</a> is not clickable at point (120, 16). Other element would receive the click: <img src="/Images/menu/WO_logo.jpg" width="283" height="32" alt="Checkatrade Web Office" hspace="10">
  (Session info: chrome=81.0.4044.122)
Build info: version: '3.141.59', revision: 'e82be7d358', time: '2018-11-14T08:25:53'
System info: host: 'VETTEDSP36RF', ip: '192.168.1.237', os.name: 'Windows 10', os.arch: 'x86', os.version: '10.0', java.version: '1.8.0_181'
Driver info: com.kms.katalon.selenium.driver.CChromeDriver
Capabilities {acceptInsecureCerts: false, browserName: chrome, browserVersion: 81.0.4044.122, chrome: {chromedriverVersion: 81.0.4044.69 (6813546031a4b..., userDataDir: C:\Users\davidho\AppData\Lo...}, goog:chromeOptions: {debuggerAddress: localhost:59353}, javascriptEnabled: true, networkConnectionEnabled: false, pageLoadStrategy: normal, platform: WINDOWS, platformName: WINDOWS, proxy: Proxy(), setWindowRect: true, strictFileInteractability: false, timeouts: {implicit: 0, pageLoad: 300000, script: 30000}, unhandledPromptBehavior: dismiss and notify, webauthn:virtualAuthenticators: true}
Session ID: f1a46da94cb4ec60d86549090fbd66fe
	at org.openqa.selenium.remote.http.W3CHttpResponseCodec.createException(W3CHttpResponseCodec.java:187)
	at org.openqa.selenium.remote.http.W3CHttpResponseCodec.decode(W3CHttpResponseCodec.java:122)
	at org.openqa.selenium.remote.http.W3CHttpResponseCodec.decode(W3CHttpResponseCodec.java:49)
	at org.openqa.selenium.remote.HttpCommandExecutor.execute(HttpCommandExecutor.java:158)
	at org.openqa.selenium.remote.service.DriverCommandExecutor.execute(DriverCommandExecutor.java:83)
	at org.openqa.selenium.remote.RemoteWebDriver.execute(RemoteWebDriver.java:552)
	at com.kms.katalon.selenium.driver.CChromeDriver.execute(CChromeDriver.java:19)
	at org.openqa.selenium.remote.RemoteWebElement.execute(RemoteWebElement.java:285)
	at org.openqa.selenium.remote.RemoteWebElement.click(RemoteWebElement.java:84)
	at org.openqa.selenium.support.events.EventFiringWebDriver$EventFiringWebElement.lambda$new$0(EventFiringWebDriver.java:404)
	at com.sun.proxy.$Proxy9.click(Unknown Source)
	at org.openqa.selenium.support.events.EventFiringWebDriver$EventFiringWebElement.click(EventFiringWebDriver.java:417)
	at com.kms.katalon.core.webui.keyword.builtin.ClickKeyword$_click_closure1.doCall(ClickKeyword.groovy:69)
	at com.kms.katalon.core.webui.keyword.builtin.ClickKeyword$_click_closure1.call(ClickKeyword.groovy)
	at com.kms.katalon.core.webui.keyword.internal.WebUIKeywordMain.runKeyword(WebUIKeywordMain.groovy:20)
	... 35 more


2020-04-27 14:21:08 - [TEST_STEP][PASSED] - "--------------------------------------": null

2020-04-27 14:21:08 - [TEST_STEP][PASSED] - " Web Office StartUp                  |": null

2020-04-27 14:21:08 - [TEST_STEP][PASSED] - callTestCase(findTestCase("Reusable_Test_Sequences/Web_Office/Directives/WebOffice_StartUp"), [:], STOP_ON_FAILURE): Call Test Case 'Test Cases/Reusable_Test_Sequences/Web_Office/Directives/WebOffice_StartUp' successfully

2020-04-27 14:21:08 - [TEST_CASE][PASSED] - Test Cases/Reusable_Test_Sequences/Web_Office/Directives/WebOffice_StartUp: Test Cases/Reusable_Test_Sequences/Web_Office/Directives/WebOffice_StartUp

2020-04-27 14:21:08 - [TEST_STEP][PASSED] - "-----------------------------------------------------------------------------": null

2020-04-27 14:21:08 - [TEST_STEP][PASSED] - if (URL == "https://www.dev.checkatrade.com/"): null

2020-04-27 14:21:08 - [TEST_STEP][PASSED] - "-----------------------------------------------------------------------------": null

2020-04-27 14:21:08 - [TEST_STEP][PASSED] - if (URL == "https://www.checkatrade.com/"): null

2020-04-27 14:21:08 - [TEST_STEP][PASSED] - "-----------------------------------------------------------------------------": null

2020-04-27 14:21:08 - [TEST_STEP][PASSED] - if (URL == "https://www.preview.checkatrade.com/"): null

2020-04-27 14:21:08 - [TEST_STEP][PASSED] - WebOfficeURL = "https://admin.preview.checkatrade.com/": null

2020-04-27 14:21:08 - [TEST_STEP][PASSED] - if (URL == "https://www.dev2.checkatrade.com/"): null

2020-04-27 14:21:08 - [TEST_STEP][PASSED] - "Set Function Area for "URL_Handler", URL Resolution": null

2020-04-27 14:21:08 - [TEST_STEP][PASSED] - "Do Some Magic with URL(s) See the comments within URL Handler ": null

2020-04-27 14:21:08 - [TEST_STEP][PASSED] - "------------------------------------------------": null

2020-04-27 14:21:08 - [TEST_STEP][PASSED] - "Moved Login Credentials to <Default> profile 22/01/2020": null

2020-04-27 14:21:08 - [TEST_STEP][PASSED] - "------------------------------------------------": null

2020-04-27 14:21:08 - [TEST_STEP][PASSED] - "WebOfficeURL - Set from the ENVIRONMENT PROFILE ": null

2020-04-27 14:21:08 - [TEST_STEP][PASSED] - "OPEN BROWSER": null

2020-04-27 14:21:08 - [TEST_STEP][PASSED] - "eg - https://admin.preview.checkatrade.com/  ": null

2020-04-27 14:21:08 - [TEST_STEP][PASSED] - openBrowser(WebOfficeURL): Browser is opened with url: 'https://admin.preview.checkatrade.com/'

2020-04-27 14:21:08 - [MESSAGE][INFO] - Starting 'Chrome' driver

2020-04-27 14:21:08 - [MESSAGE][INFO] - Action delay is set to 0 milliseconds

2020-04-27 14:21:12 - [MESSAGE][PASSED] - Browser is opened with url: 'https://admin.preview.checkatrade.com/'

2020-04-27 14:21:12 - [TEST_STEP][PASSED] - maximizeWindow(): Current window maximized

2020-04-27 14:21:14 - [MESSAGE][PASSED] - Current window maximized

2020-04-27 14:21:14 - [TEST_STEP][PASSED] - waitForElementClickable(findTestObject("Object Repository/WebOffice/Page_Checkatrade - Administration - Login/Login_Button"), 25): Object 'Object Repository/WebOffice/Page_Checkatrade - Administration - Login/Login_Button' is clickable

2020-04-27 14:21:14 - [MESSAGE][PASSED] - Object 'Object Repository/WebOffice/Page_Checkatrade - Administration - Login/Login_Button' is clickable

2020-04-27 14:21:14 - [TEST_STEP][PASSED] - verifyTextPresent("Checkatrade Web Office", false): Text 'Checkatrade Web Office' is present on page 

2020-04-27 14:21:14 - [MESSAGE][PASSED] - Text 'Checkatrade Web Office' is present on page 

2020-04-27 14:21:14 - [TEST_STEP][PASSED] - verifyTextPresent("Access for staff use only", false): Text 'Access for staff use only' is present on page 

2020-04-27 14:21:14 - [MESSAGE][PASSED] - Text 'Access for staff use only' is present on page 

2020-04-27 14:21:14 - [TEST_STEP][PASSED] - verifyTextPresent("Forgotten password?", false): Text 'Forgotten password?' is present on page 

2020-04-27 14:21:14 - [MESSAGE][PASSED] - Text 'Forgotten password?' is present on page 

2020-04-27 14:21:14 - [TEST_STEP][PASSED] - setText(findTestObject("Object Repository/WebOffice/Page_Checkatrade - Administration - Login/input_Username_LoginControlUserName"), wo_Username): Text 'DavidHo' is set on object 'Object Repository/WebOffice/Page_Checkatrade - Administration - Login/input_Username_LoginControlUserName'

2020-04-27 14:21:15 - [MESSAGE][PASSED] - Text 'DavidHo' is set on object 'Object Repository/WebOffice/Page_Checkatrade - Administration - Login/input_Username_LoginControlUserName'

2020-04-27 14:21:15 - [TEST_STEP][PASSED] - setText(findTestObject("Object Repository/WebOffice/Page_Checkatrade - Administration - Login/input_Password_LoginControlPassword"), wo_Password): Text 'Check123' is set on object 'Object Repository/WebOffice/Page_Checkatrade - Administration - Login/input_Password_LoginControlPassword'

2020-04-27 14:21:15 - [MESSAGE][PASSED] - Text 'Check123' is set on object 'Object Repository/WebOffice/Page_Checkatrade - Administration - Login/input_Password_LoginControlPassword'

2020-04-27 14:21:15 - [TEST_STEP][PASSED] - click(findTestObject("Object Repository/WebOffice/Page_Checkatrade - Administration - Login/Login_Button")): Object: 'Object Repository/WebOffice/Page_Checkatrade - Administration - Login/Login_Button' is clicked on

2020-04-27 14:21:16 - [MESSAGE][PASSED] - Object: 'Object Repository/WebOffice/Page_Checkatrade - Administration - Login/Login_Button' is clicked on

2020-04-27 14:21:16 - [TEST_STEP][PASSED] - waitForPageLoad(60): Wait for page load successfully

2020-04-27 14:21:16 - [MESSAGE][PASSED] - Wait for page load successfully

2020-04-27 14:21:16 - [TEST_STEP][PASSED] - verifyTextPresent("Welcome " + wo_Username, false): Text 'Welcome DavidHo' is present on page 

2020-04-27 14:21:16 - [MESSAGE][PASSED] - Text 'Welcome DavidHo' is present on page 

2020-04-27 14:21:16 - [MESSAGE][PASSED] - Call Test Case 'Test Cases/Reusable_Test_Sequences/Web_Office/Directives/WebOffice_StartUp' successfully

2020-04-27 14:21:16 - [TEST_STEP][PASSED] - "-----------------------------------------------------------------": null

2020-04-27 14:21:16 - [TEST_STEP][PASSED] - " Navigate to <Settings->Checkatrade.Com->Sub Item> Menu Item     |": null

2020-04-27 14:21:16 - [TEST_STEP][FAILED] - callTestCase(findTestCase("Reusable_Test_Sequences/Web_Office/Navigation/Sub_Menu_Navigation/Reports/Renewal_Leavers_Engagement_Score"), [:], STOP_ON_FAILURE): Unable to call Test Case 'Test Cases/Reusable_Test_Sequences/Web_Office/Navigation/Sub_Menu_Navigation/Reports/Renewal_Leavers_Engagement_Score' (Root cause: com.kms.katalon.core.exception.StepFailedException: Call Test Case 'Test Cases/Reusable_Test_Sequences/Web_Office/Navigation/Sub_Menu_Navigation/Reports/Renewal_Leavers_Engagement_Score' failed
	at com.kms.katalon.core.keyword.builtin.CallTestCaseKeyword$_callTestCase_closure1.doCall(CallTestCaseKeyword.groovy:63)
	at com.kms.katalon.core.keyword.builtin.CallTestCaseKeyword$_callTestCase_closure1.call(CallTestCaseKeyword.groovy)
	at com.kms.katalon.core.keyword.internal.KeywordMain.runKeyword(KeywordMain.groovy:68)
	at com.kms.katalon.core.keyword.builtin.CallTestCaseKeyword.callTestCase(CallTestCaseKeyword.groovy:81)
	at com.kms.katalon.core.keyword.builtin.CallTestCaseKeyword.execute(CallTestCaseKeyword.groovy:44)
	at com.kms.katalon.core.keyword.internal.KeywordExecutor.executeKeywordForPlatform(KeywordExecutor.groovy:72)
	at com.kms.katalon.core.keyword.BuiltinKeywords.callTestCase(BuiltinKeywords.groovy:334)
	at Renewal_Leavers_Engagement_Score.run(Renewal_Leavers_Engagement_Score:59)
	at com.kms.katalon.core.main.ScriptEngine.run(ScriptEngine.java:194)
	at com.kms.katalon.core.main.ScriptEngine.runScriptAsRawText(ScriptEngine.java:119)
	at com.kms.katalon.core.main.TestCaseExecutor.runScript(TestCaseExecutor.java:337)
	at com.kms.katalon.core.main.TestCaseExecutor.doExecute(TestCaseExecutor.java:328)
	at com.kms.katalon.core.main.TestCaseExecutor.processExecutionPhase(TestCaseExecutor.java:307)
	at com.kms.katalon.core.main.TestCaseExecutor.accessMainPhase(TestCaseExecutor.java:299)
	at com.kms.katalon.core.main.TestCaseExecutor.execute(TestCaseExecutor.java:233)
	at com.kms.katalon.core.main.TestSuiteExecutor.accessTestCaseMainPhase(TestSuiteExecutor.java:169)
	at com.kms.katalon.core.main.TestSuiteExecutor.accessTestSuiteMainPhase(TestSuiteExecutor.java:142)
	at com.kms.katalon.core.main.TestSuiteExecutor.execute(TestSuiteExecutor.java:91)
	at com.kms.katalon.core.main.TestCaseMain.startTestSuite(TestCaseMain.java:157)
	at com.kms.katalon.core.main.TestCaseMain$startTestSuite$0.call(Unknown Source)
	at TempTestSuite1587991913277.run(TempTestSuite1587991913277.groovy:37)
Caused by: com.kms.katalon.core.exception.StepFailedException: Unable to click on object 'Object Repository/WebOffice_Home_page/Page_/a_RenewalsLeavers - Engagement Score' (Root cause: com.kms.katalon.core.exception.StepFailedException: Unable to click on object 'Object Repository/WebOffice_Home_page/Page_/a_RenewalsLeavers - Engagement Score'
	at com.kms.katalon.core.webui.keyword.internal.WebUIKeywordMain.stepFailed(WebUIKeywordMain.groovy:64)
	at com.kms.katalon.core.webui.keyword.internal.WebUIKeywordMain.runKeyword(WebUIKeywordMain.groovy:26)
	at com.kms.katalon.core.webui.keyword.builtin.ClickKeyword.click(ClickKeyword.groovy:76)
	at com.kms.katalon.core.webui.keyword.builtin.ClickKeyword.execute(ClickKeyword.groovy:43)
	at com.kms.katalon.core.keyword.internal.KeywordExecutor.executeKeywordForPlatform(KeywordExecutor.groovy:72)
	at com.kms.katalon.core.webui.keyword.WebUiBuiltInKeywords.click(WebUiBuiltInKeywords.groovy:616)
	at com.kms.katalon.core.webui.keyword.WebUiBuiltInKeywords$click$4.call(Unknown Source)
	at Renewal_Leavers_Engagement_Score.run(Renewal_Leavers_Engagement_Score:69)
	at com.kms.katalon.core.main.ScriptEngine.run(ScriptEngine.java:194)
	at com.kms.katalon.core.main.ScriptEngine.runScriptAsRawText(ScriptEngine.java:119)
	at com.kms.katalon.core.main.TestCaseExecutor.runScript(TestCaseExecutor.java:337)
	at com.kms.katalon.core.main.TestCaseExecutor.doExecute(TestCaseExecutor.java:328)
	at com.kms.katalon.core.main.TestCaseExecutor.processExecutionPhase(TestCaseExecutor.java:307)
	at com.kms.katalon.core.main.TestCaseExecutor.accessMainPhase(TestCaseExecutor.java:299)
	at com.kms.katalon.core.main.TestCaseExecutor.execute(TestCaseExecutor.java:233)
	at com.kms.katalon.core.main.TestCaseMain.runTestCase(TestCaseMain.java:114)
	at com.kms.katalon.core.keyword.builtin.CallTestCaseKeyword$_callTestCase_closure1.doCall(CallTestCaseKeyword.groovy:59)
	at com.kms.katalon.core.keyword.builtin.CallTestCaseKeyword$_callTestCase_closure1.call(CallTestCaseKeyword.groovy)
	at com.kms.katalon.core.keyword.internal.KeywordMain.runKeyword(KeywordMain.groovy:68)
	at com.kms.katalon.core.keyword.builtin.CallTestCaseKeyword.callTestCase(CallTestCaseKeyword.groovy:81)
	at com.kms.katalon.core.keyword.builtin.CallTestCaseKeyword.execute(CallTestCaseKeyword.groovy:44)
	at com.kms.katalon.core.keyword.internal.KeywordExecutor.executeKeywordForPlatform(KeywordExecutor.groovy:72)
	at com.kms.katalon.core.keyword.BuiltinKeywords.callTestCase(BuiltinKeywords.groovy:334)
	at Renewal_Leavers_Engagement_Score.run(Renewal_Leavers_Engagement_Score:59)
	at com.kms.katalon.core.main.ScriptEngine.run(ScriptEngine.java:194)
	at com.kms.katalon.core.main.ScriptEngine.runScriptAsRawText(ScriptEngine.java:119)
	at com.kms.katalon.core.main.TestCaseExecutor.runScript(TestCaseExecutor.java:337)
	at com.kms.katalon.core.main.TestCaseExecutor.doExecute(TestCaseExecutor.java:328)
	at com.kms.katalon.core.main.TestCaseExecutor.processExecutionPhase(TestCaseExecutor.java:307)
	at com.kms.katalon.core.main.TestCaseExecutor.accessMainPhase(TestCaseExecutor.java:299)
	at com.kms.katalon.core.main.TestCaseExecutor.execute(TestCaseExecutor.java:233)
	at com.kms.katalon.core.main.TestSuiteExecutor.accessTestCaseMainPhase(TestSuiteExecutor.java:169)
	at com.kms.katalon.core.main.TestSuiteExecutor.accessTestSuiteMainPhase(TestSuiteExecutor.java:142)
	at com.kms.katalon.core.main.TestSuiteExecutor.execute(TestSuiteExecutor.java:91)
	at com.kms.katalon.core.main.TestCaseMain.startTestSuite(TestCaseMain.java:157)
	at com.kms.katalon.core.main.TestCaseMain$startTestSuite$0.call(Unknown Source)
	at TempTestSuite1587991913277.run(TempTestSuite1587991913277.groovy:37)
Caused by: org.openqa.selenium.ElementClickInterceptedException: element click intercepted: Element <a href="/Reports/RenewalLeaversEngagementReport.aspx">...</a> is not clickable at point (120, 16). Other element would receive the click: <img src="/Images/menu/WO_logo.jpg" width="283" height="32" alt="Checkatrade Web Office" hspace="10">
  (Session info: chrome=81.0.4044.122)
Build info: version: '3.141.59', revision: 'e82be7d358', time: '2018-11-14T08:25:53'
System info: host: 'VETTEDSP36RF', ip: '192.168.1.237', os.name: 'Windows 10', os.arch: 'x86', os.version: '10.0', java.version: '1.8.0_181'
Driver info: com.kms.katalon.selenium.driver.CChromeDriver
Capabilities {acceptInsecureCerts: false, browserName: chrome, browserVersion: 81.0.4044.122, chrome: {chromedriverVersion: 81.0.4044.69 (6813546031a4b..., userDataDir: C:\Users\davidho\AppData\Lo...}, goog:chromeOptions: {debuggerAddress: localhost:59353}, javascriptEnabled: true, networkConnectionEnabled: false, pageLoadStrategy: normal, platform: WINDOWS, platformName: WINDOWS, proxy: Proxy(), setWindowRect: true, strictFileInteractability: false, timeouts: {implicit: 0, pageLoad: 300000, script: 30000}, unhandledPromptBehavior: dismiss and notify, webauthn:virtualAuthenticators: true}
Session ID: f1a46da94cb4ec60d86549090fbd66fe
	at org.openqa.selenium.remote.http.W3CHttpResponseCodec.createException(W3CHttpResponseCodec.java:187)
	at org.openqa.selenium.remote.http.W3CHttpResponseCodec.decode(W3CHttpResponseCodec.java:122)
	at org.openqa.selenium.remote.http.W3CHttpResponseCodec.decode(W3CHttpResponseCodec.java:49)
	at org.openqa.selenium.remote.HttpCommandExecutor.execute(HttpCommandExecutor.java:158)
	at org.openqa.selenium.remote.service.DriverCommandExecutor.execute(DriverCommandExecutor.java:83)
	at org.openqa.selenium.remote.RemoteWebDriver.execute(RemoteWebDriver.java:552)
	at com.kms.katalon.selenium.driver.CChromeDriver.execute(CChromeDriver.java:19)
	at org.openqa.selenium.remote.RemoteWebElement.execute(RemoteWebElement.java:285)
	at org.openqa.selenium.remote.RemoteWebElement.click(RemoteWebElement.java:84)
	at org.openqa.selenium.support.events.EventFiringWebDriver$EventFiringWebElement.lambda$new$0(EventFiringWebDriver.java:404)
	at com.sun.proxy.$Proxy9.click(Unknown Source)
	at org.openqa.selenium.support.events.EventFiringWebDriver$EventFiringWebElement.click(EventFiringWebDriver.java:417)
	at com.kms.katalon.core.webui.keyword.builtin.ClickKeyword$_click_closure1.doCall(ClickKeyword.groovy:69)
	at com.kms.katalon.core.webui.keyword.builtin.ClickKeyword$_click_closure1.call(ClickKeyword.groovy)
	at com.kms.katalon.core.webui.keyword.internal.WebUIKeywordMain.runKeyword(WebUIKeywordMain.groovy:20)
	at com.kms.katalon.core.webui.keyword.builtin.ClickKeyword.click(ClickKeyword.groovy:76)
	at com.kms.katalon.core.webui.keyword.builtin.ClickKeyword.execute(ClickKeyword.groovy:43)
	at com.kms.katalon.core.keyword.internal.KeywordExecutor.executeKeywordForPlatform(KeywordExecutor.groovy:72)
	at com.kms.katalon.core.webui.keyword.WebUiBuiltInKeywords.click(WebUiBuiltInKeywords.groovy:616)
	at com.kms.katalon.core.webui.keyword.WebUiBuiltInKeywords$click$4.call(Unknown Source)
	at Script1587722706161.run(Script1587722706161.groovy:69)
	at com.kms.katalon.core.main.ScriptEngine.run(ScriptEngine.java:194)
	at com.kms.katalon.core.main.ScriptEngine.runScriptAsRawText(ScriptEngine.java:119)
	at com.kms.katalon.core.main.TestCaseExecutor.runScript(TestCaseExecutor.java:337)
	at com.kms.katalon.core.main.TestCaseExecutor.doExecute(TestCaseExecutor.java:328)
	at com.kms.katalon.core.main.TestCaseExecutor.processExecutionPhase(TestCaseExecutor.java:307)
	at com.kms.katalon.core.main.TestCaseExecutor.accessMainPhase(TestCaseExecutor.java:299)
	at com.kms.katalon.core.main.TestCaseExecutor.execute(TestCaseExecutor.java:233)
	at com.kms.katalon.core.main.TestCaseMain.runTestCase(TestCaseMain.java:114)
	at com.kms.katalon.core.keyword.builtin.CallTestCaseKeyword$_callTestCase_closure1.doCall(CallTestCaseKeyword.groovy:59)
	at com.kms.katalon.core.keyword.builtin.CallTestCaseKeyword$_callTestCase_closure1.call(CallTestCaseKeyword.groovy)
	at com.kms.katalon.core.keyword.internal.KeywordMain.runKeyword(KeywordMain.groovy:68)
	at com.kms.katalon.core.keyword.builtin.CallTestCaseKeyword.callTestCase(CallTestCaseKeyword.groovy:81)
	at com.kms.katalon.core.keyword.builtin.CallTestCaseKeyword.execute(CallTestCaseKeyword.groovy:44)
	at com.kms.katalon.core.keyword.internal.KeywordExecutor.executeKeywordForPlatform(KeywordExecutor.groovy:72)
	at com.kms.katalon.core.keyword.BuiltinKeywords.callTestCase(BuiltinKeywords.groovy:334)
	at Script1587722686694.run(Script1587722686694.groovy:59)
	... 13 more
)
	at com.kms.katalon.core.keyword.internal.KeywordMain.stepFailed(KeywordMain.groovy:39)
	at com.kms.katalon.core.webui.keyword.internal.WebUIKeywordMain.stepFailed(WebUIKeywordMain.groovy:64)
	at com.kms.katalon.core.webui.keyword.internal.WebUIKeywordMain.runKeyword(WebUIKeywordMain.groovy:26)
	at com.kms.katalon.core.webui.keyword.builtin.ClickKeyword.click(ClickKeyword.groovy:76)
	at com.kms.katalon.core.webui.keyword.builtin.ClickKeyword.execute(ClickKeyword.groovy:43)
	at com.kms.katalon.core.keyword.internal.KeywordExecutor.executeKeywordForPlatform(KeywordExecutor.groovy:72)
	at com.kms.katalon.core.webui.keyword.WebUiBuiltInKeywords.click(WebUiBuiltInKeywords.groovy:616)
	at com.kms.katalon.core.webui.keyword.WebUiBuiltInKeywords$click$4.call(Unknown Source)
	at Renewal_Leavers_Engagement_Score.run(Renewal_Leavers_Engagement_Score:69)
	at com.kms.katalon.core.main.ScriptEngine.run(ScriptEngine.java:194)
	at com.kms.katalon.core.main.ScriptEngine.runScriptAsRawText(ScriptEngine.java:119)
	at com.kms.katalon.core.main.TestCaseExecutor.runScript(TestCaseExecutor.java:337)
	at com.kms.katalon.core.main.TestCaseExecutor.doExecute(TestCaseExecutor.java:328)
	at com.kms.katalon.core.main.TestCaseExecutor.processExecutionPhase(TestCaseExecutor.java:307)
	at com.kms.katalon.core.main.TestCaseExecutor.accessMainPhase(TestCaseExecutor.java:299)
	at com.kms.katalon.core.main.TestCaseExecutor.execute(TestCaseExecutor.java:233)
	at com.kms.katalon.core.main.TestCaseMain.runTestCase(TestCaseMain.java:114)
	at com.kms.katalon.core.keyword.builtin.CallTestCaseKeyword$_callTestCase_closure1.doCall(CallTestCaseKeyword.groovy:59)
	... 20 more
Caused by: com.kms.katalon.core.exception.StepFailedException: Unable to click on object 'Object Repository/WebOffice_Home_page/Page_/a_RenewalsLeavers - Engagement Score'
	... 37 more
Caused by: org.openqa.selenium.ElementClickInterceptedException: element click intercepted: Element <a href="/Reports/RenewalLeaversEngagementReport.aspx">...</a> is not clickable at point (120, 16). Other element would receive the click: <img src="/Images/menu/WO_logo.jpg" width="283" height="32" alt="Checkatrade Web Office" hspace="10">
  (Session info: chrome=81.0.4044.122)
Build info: version: '3.141.59', revision: 'e82be7d358', time: '2018-11-14T08:25:53'
System info: host: 'VETTEDSP36RF', ip: '192.168.1.237', os.name: 'Windows 10', os.arch: 'x86', os.version: '10.0', java.version: '1.8.0_181'
Driver info: com.kms.katalon.selenium.driver.CChromeDriver
Capabilities {acceptInsecureCerts: false, browserName: chrome, browserVersion: 81.0.4044.122, chrome: {chromedriverVersion: 81.0.4044.69 (6813546031a4b..., userDataDir: C:\Users\davidho\AppData\Lo...}, goog:chromeOptions: {debuggerAddress: localhost:59353}, javascriptEnabled: true, networkConnectionEnabled: false, pageLoadStrategy: normal, platform: WINDOWS, platformName: WINDOWS, proxy: Proxy(), setWindowRect: true, strictFileInteractability: false, timeouts: {implicit: 0, pageLoad: 300000, script: 30000}, unhandledPromptBehavior: dismiss and notify, webauthn:virtualAuthenticators: true}
Session ID: f1a46da94cb4ec60d86549090fbd66fe
	at org.openqa.selenium.remote.http.W3CHttpResponseCodec.createException(W3CHttpResponseCodec.java:187)
	at org.openqa.selenium.remote.http.W3CHttpResponseCodec.decode(W3CHttpResponseCodec.java:122)
	at org.openqa.selenium.remote.http.W3CHttpResponseCodec.decode(W3CHttpResponseCodec.java:49)
	at org.openqa.selenium.remote.HttpCommandExecutor.execute(HttpCommandExecutor.java:158)
	at org.openqa.selenium.remote.service.DriverCommandExecutor.execute(DriverCommandExecutor.java:83)
	at org.openqa.selenium.remote.RemoteWebDriver.execute(RemoteWebDriver.java:552)
	at com.kms.katalon.selenium.driver.CChromeDriver.execute(CChromeDriver.java:19)
	at org.openqa.selenium.remote.RemoteWebElement.execute(RemoteWebElement.java:285)
	at org.openqa.selenium.remote.RemoteWebElement.click(RemoteWebElement.java:84)
	at org.openqa.selenium.support.events.EventFiringWebDriver$EventFiringWebElement.lambda$new$0(EventFiringWebDriver.java:404)
	at com.sun.proxy.$Proxy9.click(Unknown Source)
	at org.openqa.selenium.support.events.EventFiringWebDriver$EventFiringWebElement.click(EventFiringWebDriver.java:417)
	at com.kms.katalon.core.webui.keyword.builtin.ClickKeyword$_click_closure1.doCall(ClickKeyword.groovy:69)
	at com.kms.katalon.core.webui.keyword.builtin.ClickKeyword$_click_closure1.call(ClickKeyword.groovy)
	at com.kms.katalon.core.webui.keyword.internal.WebUIKeywordMain.runKeyword(WebUIKeywordMain.groovy:20)
	... 35 more
)

2020-04-27 14:21:17 - [TEST_CASE][FAILED] - Test Cases/Reusable_Test_Sequences/Web_Office/Navigation/Sub_Menu_Navigation/Reports/Renewal_Leavers_Engagement_Score: Test Cases/Reusable_Test_Sequences/Web_Office/Navigation/Sub_Menu_Navigation/Reports/Renewal_Leavers_Engagement_Score FAILED.
Reason:
com.kms.katalon.core.exception.StepFailedException: Unable to click on object 'Object Repository/WebOffice_Home_page/Page_/a_RenewalsLeavers - Engagement Score' (Root cause: com.kms.katalon.core.exception.StepFailedException: Unable to click on object 'Object Repository/WebOffice_Home_page/Page_/a_RenewalsLeavers - Engagement Score'
	at com.kms.katalon.core.webui.keyword.internal.WebUIKeywordMain.stepFailed(WebUIKeywordMain.groovy:64)
	at com.kms.katalon.core.webui.keyword.internal.WebUIKeywordMain.runKeyword(WebUIKeywordMain.groovy:26)
	at com.kms.katalon.core.webui.keyword.builtin.ClickKeyword.click(ClickKeyword.groovy:76)
	at com.kms.katalon.core.webui.keyword.builtin.ClickKeyword.execute(ClickKeyword.groovy:43)
	at com.kms.katalon.core.keyword.internal.KeywordExecutor.executeKeywordForPlatform(KeywordExecutor.groovy:72)
	at com.kms.katalon.core.webui.keyword.WebUiBuiltInKeywords.click(WebUiBuiltInKeywords.groovy:616)
	at com.kms.katalon.core.webui.keyword.WebUiBuiltInKeywords$click$4.call(Unknown Source)
	at Renewal_Leavers_Engagement_Score.run(Renewal_Leavers_Engagement_Score:69)
	at com.kms.katalon.core.main.ScriptEngine.run(ScriptEngine.java:194)
	at com.kms.katalon.core.main.ScriptEngine.runScriptAsRawText(ScriptEngine.java:119)
	at com.kms.katalon.core.main.TestCaseExecutor.runScript(TestCaseExecutor.java:337)
	at com.kms.katalon.core.main.TestCaseExecutor.doExecute(TestCaseExecutor.java:328)
	at com.kms.katalon.core.main.TestCaseExecutor.processExecutionPhase(TestCaseExecutor.java:307)
	at com.kms.katalon.core.main.TestCaseExecutor.accessMainPhase(TestCaseExecutor.java:299)
	at com.kms.katalon.core.main.TestCaseExecutor.execute(TestCaseExecutor.java:233)
	at com.kms.katalon.core.main.TestCaseMain.runTestCase(TestCaseMain.java:114)
	at com.kms.katalon.core.keyword.builtin.CallTestCaseKeyword$_callTestCase_closure1.doCall(CallTestCaseKeyword.groovy:59)
	at com.kms.katalon.core.keyword.builtin.CallTestCaseKeyword$_callTestCase_closure1.call(CallTestCaseKeyword.groovy)
	at com.kms.katalon.core.keyword.internal.KeywordMain.runKeyword(KeywordMain.groovy:68)
	at com.kms.katalon.core.keyword.builtin.CallTestCaseKeyword.callTestCase(CallTestCaseKeyword.groovy:81)
	at com.kms.katalon.core.keyword.builtin.CallTestCaseKeyword.execute(CallTestCaseKeyword.groovy:44)
	at com.kms.katalon.core.keyword.internal.KeywordExecutor.executeKeywordForPlatform(KeywordExecutor.groovy:72)
	at com.kms.katalon.core.keyword.BuiltinKeywords.callTestCase(BuiltinKeywords.groovy:334)
	at Renewal_Leavers_Engagement_Score.run(Renewal_Leavers_Engagement_Score:59)
	at com.kms.katalon.core.main.ScriptEngine.run(ScriptEngine.java:194)
	at com.kms.katalon.core.main.ScriptEngine.runScriptAsRawText(ScriptEngine.java:119)
	at com.kms.katalon.core.main.TestCaseExecutor.runScript(TestCaseExecutor.java:337)
	at com.kms.katalon.core.main.TestCaseExecutor.doExecute(TestCaseExecutor.java:328)
	at com.kms.katalon.core.main.TestCaseExecutor.processExecutionPhase(TestCaseExecutor.java:307)
	at com.kms.katalon.core.main.TestCaseExecutor.accessMainPhase(TestCaseExecutor.java:299)
	at com.kms.katalon.core.main.TestCaseExecutor.execute(TestCaseExecutor.java:233)
	at com.kms.katalon.core.main.TestSuiteExecutor.accessTestCaseMainPhase(TestSuiteExecutor.java:169)
	at com.kms.katalon.core.main.TestSuiteExecutor.accessTestSuiteMainPhase(TestSuiteExecutor.java:142)
	at com.kms.katalon.core.main.TestSuiteExecutor.execute(TestSuiteExecutor.java:91)
	at com.kms.katalon.core.main.TestCaseMain.startTestSuite(TestCaseMain.java:157)
	at com.kms.katalon.core.main.TestCaseMain$startTestSuite$0.call(Unknown Source)
	at TempTestSuite1587991913277.run(TempTestSuite1587991913277.groovy:37)
Caused by: org.openqa.selenium.ElementClickInterceptedException: element click intercepted: Element <a href="/Reports/RenewalLeaversEngagementReport.aspx">...</a> is not clickable at point (120, 16). Other element would receive the click: <img src="/Images/menu/WO_logo.jpg" width="283" height="32" alt="Checkatrade Web Office" hspace="10">
  (Session info: chrome=81.0.4044.122)
Build info: version: '3.141.59', revision: 'e82be7d358', time: '2018-11-14T08:25:53'
System info: host: 'VETTEDSP36RF', ip: '192.168.1.237', os.name: 'Windows 10', os.arch: 'x86', os.version: '10.0', java.version: '1.8.0_181'
Driver info: com.kms.katalon.selenium.driver.CChromeDriver
Capabilities {acceptInsecureCerts: false, browserName: chrome, browserVersion: 81.0.4044.122, chrome: {chromedriverVersion: 81.0.4044.69 (6813546031a4b..., userDataDir: C:\Users\davidho\AppData\Lo...}, goog:chromeOptions: {debuggerAddress: localhost:59353}, javascriptEnabled: true, networkConnectionEnabled: false, pageLoadStrategy: normal, platform: WINDOWS, platformName: WINDOWS, proxy: Proxy(), setWindowRect: true, strictFileInteractability: false, timeouts: {implicit: 0, pageLoad: 300000, script: 30000}, unhandledPromptBehavior: dismiss and notify, webauthn:virtualAuthenticators: true}
Session ID: f1a46da94cb4ec60d86549090fbd66fe
	at org.openqa.selenium.remote.http.W3CHttpResponseCodec.createException(W3CHttpResponseCodec.java:187)
	at org.openqa.selenium.remote.http.W3CHttpResponseCodec.decode(W3CHttpResponseCodec.java:122)
	at org.openqa.selenium.remote.http.W3CHttpResponseCodec.decode(W3CHttpResponseCodec.java:49)
	at org.openqa.selenium.remote.HttpCommandExecutor.execute(HttpCommandExecutor.java:158)
	at org.openqa.selenium.remote.service.DriverCommandExecutor.execute(DriverCommandExecutor.java:83)
	at org.openqa.selenium.remote.RemoteWebDriver.execute(RemoteWebDriver.java:552)
	at com.kms.katalon.selenium.driver.CChromeDriver.execute(CChromeDriver.java:19)
	at org.openqa.selenium.remote.RemoteWebElement.execute(RemoteWebElement.java:285)
	at org.openqa.selenium.remote.RemoteWebElement.click(RemoteWebElement.java:84)
	at org.openqa.selenium.support.events.EventFiringWebDriver$EventFiringWebElement.lambda$new$0(EventFiringWebDriver.java:404)
	at com.sun.proxy.$Proxy9.click(Unknown Source)
	at org.openqa.selenium.support.events.EventFiringWebDriver$EventFiringWebElement.click(EventFiringWebDriver.java:417)
	at com.kms.katalon.core.webui.keyword.builtin.ClickKeyword$_click_closure1.doCall(ClickKeyword.groovy:69)
	at com.kms.katalon.core.webui.keyword.builtin.ClickKeyword$_click_closure1.call(ClickKeyword.groovy)
	at com.kms.katalon.core.webui.keyword.internal.WebUIKeywordMain.runKeyword(WebUIKeywordMain.groovy:20)
	at com.kms.katalon.core.webui.keyword.builtin.ClickKeyword.click(ClickKeyword.groovy:76)
	at com.kms.katalon.core.webui.keyword.builtin.ClickKeyword.execute(ClickKeyword.groovy:43)
	at com.kms.katalon.core.keyword.internal.KeywordExecutor.executeKeywordForPlatform(KeywordExecutor.groovy:72)
	at com.kms.katalon.core.webui.keyword.WebUiBuiltInKeywords.click(WebUiBuiltInKeywords.groovy:616)
	at com.kms.katalon.core.webui.keyword.WebUiBuiltInKeywords$click$4.call(Unknown Source)
	at Script1587722706161.run(Script1587722706161.groovy:69)
	at com.kms.katalon.core.main.ScriptEngine.run(ScriptEngine.java:194)
	at com.kms.katalon.core.main.ScriptEngine.runScriptAsRawText(ScriptEngine.java:119)
	at com.kms.katalon.core.main.TestCaseExecutor.runScript(TestCaseExecutor.java:337)
	at com.kms.katalon.core.main.TestCaseExecutor.doExecute(TestCaseExecutor.java:328)
	at com.kms.katalon.core.main.TestCaseExecutor.processExecutionPhase(TestCaseExecutor.java:307)
	at com.kms.katalon.core.main.TestCaseExecutor.accessMainPhase(TestCaseExecutor.java:299)
	at com.kms.katalon.core.main.TestCaseExecutor.execute(TestCaseExecutor.java:233)
	at com.kms.katalon.core.main.TestCaseMain.runTestCase(TestCaseMain.java:114)
	at com.kms.katalon.core.keyword.builtin.CallTestCaseKeyword$_callTestCase_closure1.doCall(CallTestCaseKeyword.groovy:59)
	at com.kms.katalon.core.keyword.builtin.CallTestCaseKeyword$_callTestCase_closure1.call(CallTestCaseKeyword.groovy)
	at com.kms.katalon.core.keyword.internal.KeywordMain.runKeyword(KeywordMain.groovy:68)
	at com.kms.katalon.core.keyword.builtin.CallTestCaseKeyword.callTestCase(CallTestCaseKeyword.groovy:81)
	at com.kms.katalon.core.keyword.builtin.CallTestCaseKeyword.execute(CallTestCaseKeyword.groovy:44)
	at com.kms.katalon.core.keyword.internal.KeywordExecutor.executeKeywordForPlatform(KeywordExecutor.groovy:72)
	at com.kms.katalon.core.keyword.BuiltinKeywords.callTestCase(BuiltinKeywords.groovy:334)
	at Script1587722686694.run(Script1587722686694.groovy:59)
	... 13 more
)
	at com.kms.katalon.core.keyword.internal.KeywordMain.stepFailed(KeywordMain.groovy:39)
	at com.kms.katalon.core.webui.keyword.internal.WebUIKeywordMain.stepFailed(WebUIKeywordMain.groovy:64)
	at com.kms.katalon.core.webui.keyword.internal.WebUIKeywordMain.runKeyword(WebUIKeywordMain.groovy:26)
	at com.kms.katalon.core.webui.keyword.builtin.ClickKeyword.click(ClickKeyword.groovy:76)
	at com.kms.katalon.core.webui.keyword.builtin.ClickKeyword.execute(ClickKeyword.groovy:43)
	at com.kms.katalon.core.keyword.internal.KeywordExecutor.executeKeywordForPlatform(KeywordExecutor.groovy:72)
	at com.kms.katalon.core.webui.keyword.WebUiBuiltInKeywords.click(WebUiBuiltInKeywords.groovy:616)
	at com.kms.katalon.core.webui.keyword.WebUiBuiltInKeywords$click$4.call(Unknown Source)
	at Renewal_Leavers_Engagement_Score.run(Renewal_Leavers_Engagement_Score:69)
	at com.kms.katalon.core.main.ScriptEngine.run(ScriptEngine.java:194)
	at com.kms.katalon.core.main.ScriptEngine.runScriptAsRawText(ScriptEngine.java:119)
	at com.kms.katalon.core.main.TestCaseExecutor.runScript(TestCaseExecutor.java:337)
	at com.kms.katalon.core.main.TestCaseExecutor.doExecute(TestCaseExecutor.java:328)
	at com.kms.katalon.core.main.TestCaseExecutor.processExecutionPhase(TestCaseExecutor.java:307)
	at com.kms.katalon.core.main.TestCaseExecutor.accessMainPhase(TestCaseExecutor.java:299)
	at com.kms.katalon.core.main.TestCaseExecutor.execute(TestCaseExecutor.java:233)
	at com.kms.katalon.core.main.TestCaseMain.runTestCase(TestCaseMain.java:114)
	at com.kms.katalon.core.keyword.builtin.CallTestCaseKeyword$_callTestCase_closure1.doCall(CallTestCaseKeyword.groovy:59)
	at com.kms.katalon.core.keyword.builtin.CallTestCaseKeyword$_callTestCase_closure1.call(CallTestCaseKeyword.groovy)
	at com.kms.katalon.core.keyword.internal.KeywordMain.runKeyword(KeywordMain.groovy:68)
	at com.kms.katalon.core.keyword.builtin.CallTestCaseKeyword.callTestCase(CallTestCaseKeyword.groovy:81)
	at com.kms.katalon.core.keyword.builtin.CallTestCaseKeyword.execute(CallTestCaseKeyword.groovy:44)
	at com.kms.katalon.core.keyword.internal.KeywordExecutor.executeKeywordForPlatform(KeywordExecutor.groovy:72)
	at com.kms.katalon.core.keyword.BuiltinKeywords.callTestCase(BuiltinKeywords.groovy:334)
	at Renewal_Leavers_Engagement_Score.run(Renewal_Leavers_Engagement_Score:59)
	at com.kms.katalon.core.main.ScriptEngine.run(ScriptEngine.java:194)
	at com.kms.katalon.core.main.ScriptEngine.runScriptAsRawText(ScriptEngine.java:119)
	at com.kms.katalon.core.main.TestCaseExecutor.runScript(TestCaseExecutor.java:337)
	at com.kms.katalon.core.main.TestCaseExecutor.doExecute(TestCaseExecutor.java:328)
	at com.kms.katalon.core.main.TestCaseExecutor.processExecutionPhase(TestCaseExecutor.java:307)
	at com.kms.katalon.core.main.TestCaseExecutor.accessMainPhase(TestCaseExecutor.java:299)
	at com.kms.katalon.core.main.TestCaseExecutor.execute(TestCaseExecutor.java:233)
	at com.kms.katalon.core.main.TestSuiteExecutor.accessTestCaseMainPhase(TestSuiteExecutor.java:169)
	at com.kms.katalon.core.main.TestSuiteExecutor.accessTestSuiteMainPhase(TestSuiteExecutor.java:142)
	at com.kms.katalon.core.main.TestSuiteExecutor.execute(TestSuiteExecutor.java:91)
	at com.kms.katalon.core.main.TestCaseMain.startTestSuite(TestCaseMain.java:157)
	at com.kms.katalon.core.main.TestCaseMain$startTestSuite$0.call(Unknown Source)
	at TempTestSuite1587991913277.run(TempTestSuite1587991913277.groovy:37)
Caused by: com.kms.katalon.core.exception.StepFailedException: Unable to click on object 'Object Repository/WebOffice_Home_page/Page_/a_RenewalsLeavers - Engagement Score'
	... 37 more
Caused by: org.openqa.selenium.ElementClickInterceptedException: element click intercepted: Element <a href="/Reports/RenewalLeaversEngagementReport.aspx">...</a> is not clickable at point (120, 16). Other element would receive the click: <img src="/Images/menu/WO_logo.jpg" width="283" height="32" alt="Checkatrade Web Office" hspace="10">
  (Session info: chrome=81.0.4044.122)
Build info: version: '3.141.59', revision: 'e82be7d358', time: '2018-11-14T08:25:53'
System info: host: 'VETTEDSP36RF', ip: '192.168.1.237', os.name: 'Windows 10', os.arch: 'x86', os.version: '10.0', java.version: '1.8.0_181'
Driver info: com.kms.katalon.selenium.driver.CChromeDriver
Capabilities {acceptInsecureCerts: false, browserName: chrome, browserVersion: 81.0.4044.122, chrome: {chromedriverVersion: 81.0.4044.69 (6813546031a4b..., userDataDir: C:\Users\davidho\AppData\Lo...}, goog:chromeOptions: {debuggerAddress: localhost:59353}, javascriptEnabled: true, networkConnectionEnabled: false, pageLoadStrategy: normal, platform: WINDOWS, platformName: WINDOWS, proxy: Proxy(), setWindowRect: true, strictFileInteractability: false, timeouts: {implicit: 0, pageLoad: 300000, script: 30000}, unhandledPromptBehavior: dismiss and notify, webauthn:virtualAuthenticators: true}
Session ID: f1a46da94cb4ec60d86549090fbd66fe
	at org.openqa.selenium.remote.http.W3CHttpResponseCodec.createException(W3CHttpResponseCodec.java:187)
	at org.openqa.selenium.remote.http.W3CHttpResponseCodec.decode(W3CHttpResponseCodec.java:122)
	at org.openqa.selenium.remote.http.W3CHttpResponseCodec.decode(W3CHttpResponseCodec.java:49)
	at org.openqa.selenium.remote.HttpCommandExecutor.execute(HttpCommandExecutor.java:158)
	at org.openqa.selenium.remote.service.DriverCommandExecutor.execute(DriverCommandExecutor.java:83)
	at org.openqa.selenium.remote.RemoteWebDriver.execute(RemoteWebDriver.java:552)
	at com.kms.katalon.selenium.driver.CChromeDriver.execute(CChromeDriver.java:19)
	at org.openqa.selenium.remote.RemoteWebElement.execute(RemoteWebElement.java:285)
	at org.openqa.selenium.remote.RemoteWebElement.click(RemoteWebElement.java:84)
	at org.openqa.selenium.support.events.EventFiringWebDriver$EventFiringWebElement.lambda$new$0(EventFiringWebDriver.java:404)
	at com.sun.proxy.$Proxy9.click(Unknown Source)
	at org.openqa.selenium.support.events.EventFiringWebDriver$EventFiringWebElement.click(EventFiringWebDriver.java:417)
	at com.kms.katalon.core.webui.keyword.builtin.ClickKeyword$_click_closure1.doCall(ClickKeyword.groovy:69)
	at com.kms.katalon.core.webui.keyword.builtin.ClickKeyword$_click_closure1.call(ClickKeyword.groovy)
	at com.kms.katalon.core.webui.keyword.internal.WebUIKeywordMain.runKeyword(WebUIKeywordMain.groovy:20)
	... 35 more


2020-04-27 14:21:17 - [TEST_STEP][PASSED] - "--------------------------------------": null

2020-04-27 14:21:17 - [TEST_STEP][PASSED] - " Navigate Top level menu Item         |": null

2020-04-27 14:21:17 - [TEST_STEP][PASSED] - waitForPageLoad(60): Wait for page load successfully

2020-04-27 14:21:17 - [MESSAGE][PASSED] - Wait for page load successfully

2020-04-27 14:21:17 - [TEST_STEP][PASSED] - waitForElementClickable(findTestObject("Object Repository/WebOffice_Home_page/a_Reports"), 60): Object 'Object Repository/WebOffice_Home_page/a_Reports' is clickable

2020-04-27 14:21:17 - [MESSAGE][PASSED] - Object 'Object Repository/WebOffice_Home_page/a_Reports' is clickable

2020-04-27 14:21:17 - [TEST_STEP][PASSED] - mouseOver(findTestObject("Object Repository/WebOffice_Home_page/a_Reports")): Object: 'Object Repository/WebOffice_Home_page/a_Reports' is hovered

2020-04-27 14:21:17 - [MESSAGE][PASSED] - Object: 'Object Repository/WebOffice_Home_page/a_Reports' is hovered

2020-04-27 14:21:17 - [TEST_STEP][PASSED] - click(findTestObject("Object Repository/WebOffice_Home_page/Page_/a_Members")): Object: 'Object Repository/WebOffice_Home_page/Page_/a_Members' is clicked on

2020-04-27 14:21:18 - [MESSAGE][PASSED] - Object: 'Object Repository/WebOffice_Home_page/Page_/a_Members' is clicked on

2020-04-27 14:21:18 - [TEST_STEP][PASSED] - waitForPageLoad(5): Wait for page load successfully

2020-04-27 14:21:18 - [MESSAGE][PASSED] - Wait for page load successfully

2020-04-27 14:21:18 - [TEST_STEP][PASSED] - waitForElementClickable(findTestObject("Object Repository/WebOffice_Home_page/Page_/a_RenewalsLeavers - Engagement Score"), 5): Object 'Object Repository/WebOffice_Home_page/Page_/a_RenewalsLeavers - Engagement Score' is clickable

2020-04-27 14:21:18 - [MESSAGE][PASSED] - Object 'Object Repository/WebOffice_Home_page/Page_/a_RenewalsLeavers - Engagement Score' is clickable

2020-04-27 14:21:18 - [TEST_STEP][FAILED] - click(findTestObject("Object Repository/WebOffice_Home_page/Page_/a_RenewalsLeavers - Engagement Score")): Unable to click on object 'Object Repository/WebOffice_Home_page/Page_/a_RenewalsLeavers - Engagement Score' (Root cause: com.kms.katalon.core.exception.StepFailedException: Unable to click on object 'Object Repository/WebOffice_Home_page/Page_/a_RenewalsLeavers - Engagement Score'
	at com.kms.katalon.core.webui.keyword.internal.WebUIKeywordMain.stepFailed(WebUIKeywordMain.groovy:64)
	at com.kms.katalon.core.webui.keyword.internal.WebUIKeywordMain.runKeyword(WebUIKeywordMain.groovy:26)
	at com.kms.katalon.core.webui.keyword.builtin.ClickKeyword.click(ClickKeyword.groovy:76)
	at com.kms.katalon.core.webui.keyword.builtin.ClickKeyword.execute(ClickKeyword.groovy:43)
	at com.kms.katalon.core.keyword.internal.KeywordExecutor.executeKeywordForPlatform(KeywordExecutor.groovy:72)
	at com.kms.katalon.core.webui.keyword.WebUiBuiltInKeywords.click(WebUiBuiltInKeywords.groovy:616)
	at com.kms.katalon.core.webui.keyword.WebUiBuiltInKeywords$click$4.call(Unknown Source)
	at Renewal_Leavers_Engagement_Score.run(Renewal_Leavers_Engagement_Score:69)
	at com.kms.katalon.core.main.ScriptEngine.run(ScriptEngine.java:194)
	at com.kms.katalon.core.main.ScriptEngine.runScriptAsRawText(ScriptEngine.java:119)
	at com.kms.katalon.core.main.TestCaseExecutor.runScript(TestCaseExecutor.java:337)
	at com.kms.katalon.core.main.TestCaseExecutor.doExecute(TestCaseExecutor.java:328)
	at com.kms.katalon.core.main.TestCaseExecutor.processExecutionPhase(TestCaseExecutor.java:307)
	at com.kms.katalon.core.main.TestCaseExecutor.accessMainPhase(TestCaseExecutor.java:299)
	at com.kms.katalon.core.main.TestCaseExecutor.execute(TestCaseExecutor.java:233)
	at com.kms.katalon.core.main.TestCaseMain.runTestCase(TestCaseMain.java:114)
	at com.kms.katalon.core.keyword.builtin.CallTestCaseKeyword$_callTestCase_closure1.doCall(CallTestCaseKeyword.groovy:59)
	at com.kms.katalon.core.keyword.builtin.CallTestCaseKeyword$_callTestCase_closure1.call(CallTestCaseKeyword.groovy)
	at com.kms.katalon.core.keyword.internal.KeywordMain.runKeyword(KeywordMain.groovy:68)
	at com.kms.katalon.core.keyword.builtin.CallTestCaseKeyword.callTestCase(CallTestCaseKeyword.groovy:81)
	at com.kms.katalon.core.keyword.builtin.CallTestCaseKeyword.execute(CallTestCaseKeyword.groovy:44)
	at com.kms.katalon.core.keyword.internal.KeywordExecutor.executeKeywordForPlatform(KeywordExecutor.groovy:72)
	at com.kms.katalon.core.keyword.BuiltinKeywords.callTestCase(BuiltinKeywords.groovy:334)
	at Renewal_Leavers_Engagement_Score.run(Renewal_Leavers_Engagement_Score:59)
	at com.kms.katalon.core.main.ScriptEngine.run(ScriptEngine.java:194)
	at com.kms.katalon.core.main.ScriptEngine.runScriptAsRawText(ScriptEngine.java:119)
	at com.kms.katalon.core.main.TestCaseExecutor.runScript(TestCaseExecutor.java:337)
	at com.kms.katalon.core.main.TestCaseExecutor.doExecute(TestCaseExecutor.java:328)
	at com.kms.katalon.core.main.TestCaseExecutor.processExecutionPhase(TestCaseExecutor.java:307)
	at com.kms.katalon.core.main.TestCaseExecutor.accessMainPhase(TestCaseExecutor.java:299)
	at com.kms.katalon.core.main.TestCaseExecutor.execute(TestCaseExecutor.java:233)
	at com.kms.katalon.core.main.TestSuiteExecutor.accessTestCaseMainPhase(TestSuiteExecutor.java:169)
	at com.kms.katalon.core.main.TestSuiteExecutor.accessTestSuiteMainPhase(TestSuiteExecutor.java:142)
	at com.kms.katalon.core.main.TestSuiteExecutor.execute(TestSuiteExecutor.java:91)
	at com.kms.katalon.core.main.TestCaseMain.startTestSuite(TestCaseMain.java:157)
	at com.kms.katalon.core.main.TestCaseMain$startTestSuite$0.call(Unknown Source)
	at TempTestSuite1587991913277.run(TempTestSuite1587991913277.groovy:37)
Caused by: org.openqa.selenium.ElementClickInterceptedException: element click intercepted: Element <a href="/Reports/RenewalLeaversEngagementReport.aspx">...</a> is not clickable at point (120, 16). Other element would receive the click: <img src="/Images/menu/WO_logo.jpg" width="283" height="32" alt="Checkatrade Web Office" hspace="10">
  (Session info: chrome=81.0.4044.122)
Build info: version: '3.141.59', revision: 'e82be7d358', time: '2018-11-14T08:25:53'
System info: host: 'VETTEDSP36RF', ip: '192.168.1.237', os.name: 'Windows 10', os.arch: 'x86', os.version: '10.0', java.version: '1.8.0_181'
Driver info: com.kms.katalon.selenium.driver.CChromeDriver
Capabilities {acceptInsecureCerts: false, browserName: chrome, browserVersion: 81.0.4044.122, chrome: {chromedriverVersion: 81.0.4044.69 (6813546031a4b..., userDataDir: C:\Users\davidho\AppData\Lo...}, goog:chromeOptions: {debuggerAddress: localhost:59353}, javascriptEnabled: true, networkConnectionEnabled: false, pageLoadStrategy: normal, platform: WINDOWS, platformName: WINDOWS, proxy: Proxy(), setWindowRect: true, strictFileInteractability: false, timeouts: {implicit: 0, pageLoad: 300000, script: 30000}, unhandledPromptBehavior: dismiss and notify, webauthn:virtualAuthenticators: true}
Session ID: f1a46da94cb4ec60d86549090fbd66fe
	at org.openqa.selenium.remote.http.W3CHttpResponseCodec.createException(W3CHttpResponseCodec.java:187)
	at org.openqa.selenium.remote.http.W3CHttpResponseCodec.decode(W3CHttpResponseCodec.java:122)
	at org.openqa.selenium.remote.http.W3CHttpResponseCodec.decode(W3CHttpResponseCodec.java:49)
	at org.openqa.selenium.remote.HttpCommandExecutor.execute(HttpCommandExecutor.java:158)
	at org.openqa.selenium.remote.service.DriverCommandExecutor.execute(DriverCommandExecutor.java:83)
	at org.openqa.selenium.remote.RemoteWebDriver.execute(RemoteWebDriver.java:552)
	at com.kms.katalon.selenium.driver.CChromeDriver.execute(CChromeDriver.java:19)
	at org.openqa.selenium.remote.RemoteWebElement.execute(RemoteWebElement.java:285)
	at org.openqa.selenium.remote.RemoteWebElement.click(RemoteWebElement.java:84)
	at org.openqa.selenium.support.events.EventFiringWebDriver$EventFiringWebElement.lambda$new$0(EventFiringWebDriver.java:404)
	at com.sun.proxy.$Proxy9.click(Unknown Source)
	at org.openqa.selenium.support.events.EventFiringWebDriver$EventFiringWebElement.click(EventFiringWebDriver.java:417)
	at com.kms.katalon.core.webui.keyword.builtin.ClickKeyword$_click_closure1.doCall(ClickKeyword.groovy:69)
	at com.kms.katalon.core.webui.keyword.builtin.ClickKeyword$_click_closure1.call(ClickKeyword.groovy)
	at com.kms.katalon.core.webui.keyword.internal.WebUIKeywordMain.runKeyword(WebUIKeywordMain.groovy:20)
	at com.kms.katalon.core.webui.keyword.builtin.ClickKeyword.click(ClickKeyword.groovy:76)
	at com.kms.katalon.core.webui.keyword.builtin.ClickKeyword.execute(ClickKeyword.groovy:43)
	at com.kms.katalon.core.keyword.internal.KeywordExecutor.executeKeywordForPlatform(KeywordExecutor.groovy:72)
	at com.kms.katalon.core.webui.keyword.WebUiBuiltInKeywords.click(WebUiBuiltInKeywords.groovy:616)
	at com.kms.katalon.core.webui.keyword.WebUiBuiltInKeywords$click$4.call(Unknown Source)
	at Script1587722706161.run(Script1587722706161.groovy:69)
	at com.kms.katalon.core.main.ScriptEngine.run(ScriptEngine.java:194)
	at com.kms.katalon.core.main.ScriptEngine.runScriptAsRawText(ScriptEngine.java:119)
	at com.kms.katalon.core.main.TestCaseExecutor.runScript(TestCaseExecutor.java:337)
	at com.kms.katalon.core.main.TestCaseExecutor.doExecute(TestCaseExecutor.java:328)
	at com.kms.katalon.core.main.TestCaseExecutor.processExecutionPhase(TestCaseExecutor.java:307)
	at com.kms.katalon.core.main.TestCaseExecutor.accessMainPhase(TestCaseExecutor.java:299)
	at com.kms.katalon.core.main.TestCaseExecutor.execute(TestCaseExecutor.java:233)
	at com.kms.katalon.core.main.TestCaseMain.runTestCase(TestCaseMain.java:114)
	at com.kms.katalon.core.keyword.builtin.CallTestCaseKeyword$_callTestCase_closure1.doCall(CallTestCaseKeyword.groovy:59)
	at com.kms.katalon.core.keyword.builtin.CallTestCaseKeyword$_callTestCase_closure1.call(CallTestCaseKeyword.groovy)
	at com.kms.katalon.core.keyword.internal.KeywordMain.runKeyword(KeywordMain.groovy:68)
	at com.kms.katalon.core.keyword.builtin.CallTestCaseKeyword.callTestCase(CallTestCaseKeyword.groovy:81)
	at com.kms.katalon.core.keyword.builtin.CallTestCaseKeyword.execute(CallTestCaseKeyword.groovy:44)
	at com.kms.katalon.core.keyword.internal.KeywordExecutor.executeKeywordForPlatform(KeywordExecutor.groovy:72)
	at com.kms.katalon.core.keyword.BuiltinKeywords.callTestCase(BuiltinKeywords.groovy:334)
	at Script1587722686694.run(Script1587722686694.groovy:59)
	... 13 more
)

2020-04-27 14:21:20 - [MESSAGE][FAILED] - Unable to click on object 'Object Repository/WebOffice_Home_page/Page_/a_RenewalsLeavers - Engagement Score' (Root cause: com.kms.katalon.core.exception.StepFailedException: Unable to click on object 'Object Repository/WebOffice_Home_page/Page_/a_RenewalsLeavers - Engagement Score'
	at com.kms.katalon.core.webui.keyword.internal.WebUIKeywordMain.stepFailed(WebUIKeywordMain.groovy:64)
	at com.kms.katalon.core.webui.keyword.internal.WebUIKeywordMain.runKeyword(WebUIKeywordMain.groovy:26)
	at com.kms.katalon.core.webui.keyword.builtin.ClickKeyword.click(ClickKeyword.groovy:76)
	at com.kms.katalon.core.webui.keyword.builtin.ClickKeyword.execute(ClickKeyword.groovy:43)
	at com.kms.katalon.core.keyword.internal.KeywordExecutor.executeKeywordForPlatform(KeywordExecutor.groovy:72)
	at com.kms.katalon.core.webui.keyword.WebUiBuiltInKeywords.click(WebUiBuiltInKeywords.groovy:616)
	at com.kms.katalon.core.webui.keyword.WebUiBuiltInKeywords$click$4.call(Unknown Source)
	at Renewal_Leavers_Engagement_Score.run(Renewal_Leavers_Engagement_Score:69)
	at com.kms.katalon.core.main.ScriptEngine.run(ScriptEngine.java:194)
	at com.kms.katalon.core.main.ScriptEngine.runScriptAsRawText(ScriptEngine.java:119)
	at com.kms.katalon.core.main.TestCaseExecutor.runScript(TestCaseExecutor.java:337)
	at com.kms.katalon.core.main.TestCaseExecutor.doExecute(TestCaseExecutor.java:328)
	at com.kms.katalon.core.main.TestCaseExecutor.processExecutionPhase(TestCaseExecutor.java:307)
	at com.kms.katalon.core.main.TestCaseExecutor.accessMainPhase(TestCaseExecutor.java:299)
	at com.kms.katalon.core.main.TestCaseExecutor.execute(TestCaseExecutor.java:233)
	at com.kms.katalon.core.main.TestCaseMain.runTestCase(TestCaseMain.java:114)
	at com.kms.katalon.core.keyword.builtin.CallTestCaseKeyword$_callTestCase_closure1.doCall(CallTestCaseKeyword.groovy:59)
	at com.kms.katalon.core.keyword.builtin.CallTestCaseKeyword$_callTestCase_closure1.call(CallTestCaseKeyword.groovy)
	at com.kms.katalon.core.keyword.internal.KeywordMain.runKeyword(KeywordMain.groovy:68)
	at com.kms.katalon.core.keyword.builtin.CallTestCaseKeyword.callTestCase(CallTestCaseKeyword.groovy:81)
	at com.kms.katalon.core.keyword.builtin.CallTestCaseKeyword.execute(CallTestCaseKeyword.groovy:44)
	at com.kms.katalon.core.keyword.internal.KeywordExecutor.executeKeywordForPlatform(KeywordExecutor.groovy:72)
	at com.kms.katalon.core.keyword.BuiltinKeywords.callTestCase(BuiltinKeywords.groovy:334)
	at Renewal_Leavers_Engagement_Score.run(Renewal_Leavers_Engagement_Score:59)
	at com.kms.katalon.core.main.ScriptEngine.run(ScriptEngine.java:194)
	at com.kms.katalon.core.main.ScriptEngine.runScriptAsRawText(ScriptEngine.java:119)
	at com.kms.katalon.core.main.TestCaseExecutor.runScript(TestCaseExecutor.java:337)
	at com.kms.katalon.core.main.TestCaseExecutor.doExecute(TestCaseExecutor.java:328)
	at com.kms.katalon.core.main.TestCaseExecutor.processExecutionPhase(TestCaseExecutor.java:307)
	at com.kms.katalon.core.main.TestCaseExecutor.accessMainPhase(TestCaseExecutor.java:299)
	at com.kms.katalon.core.main.TestCaseExecutor.execute(TestCaseExecutor.java:233)
	at com.kms.katalon.core.main.TestSuiteExecutor.accessTestCaseMainPhase(TestSuiteExecutor.java:169)
	at com.kms.katalon.core.main.TestSuiteExecutor.accessTestSuiteMainPhase(TestSuiteExecutor.java:142)
	at com.kms.katalon.core.main.TestSuiteExecutor.execute(TestSuiteExecutor.java:91)
	at com.kms.katalon.core.main.TestCaseMain.startTestSuite(TestCaseMain.java:157)
	at com.kms.katalon.core.main.TestCaseMain$startTestSuite$0.call(Unknown Source)
	at TempTestSuite1587991913277.run(TempTestSuite1587991913277.groovy:37)
Caused by: org.openqa.selenium.ElementClickInterceptedException: element click intercepted: Element <a href="/Reports/RenewalLeaversEngagementReport.aspx">...</a> is not clickable at point (120, 16). Other element would receive the click: <img src="/Images/menu/WO_logo.jpg" width="283" height="32" alt="Checkatrade Web Office" hspace="10">
  (Session info: chrome=81.0.4044.122)
Build info: version: '3.141.59', revision: 'e82be7d358', time: '2018-11-14T08:25:53'
System info: host: 'VETTEDSP36RF', ip: '192.168.1.237', os.name: 'Windows 10', os.arch: 'x86', os.version: '10.0', java.version: '1.8.0_181'
Driver info: com.kms.katalon.selenium.driver.CChromeDriver
Capabilities {acceptInsecureCerts: false, browserName: chrome, browserVersion: 81.0.4044.122, chrome: {chromedriverVersion: 81.0.4044.69 (6813546031a4b..., userDataDir: C:\Users\davidho\AppData\Lo...}, goog:chromeOptions: {debuggerAddress: localhost:59353}, javascriptEnabled: true, networkConnectionEnabled: false, pageLoadStrategy: normal, platform: WINDOWS, platformName: WINDOWS, proxy: Proxy(), setWindowRect: true, strictFileInteractability: false, timeouts: {implicit: 0, pageLoad: 300000, script: 30000}, unhandledPromptBehavior: dismiss and notify, webauthn:virtualAuthenticators: true}
Session ID: f1a46da94cb4ec60d86549090fbd66fe
	at org.openqa.selenium.remote.http.W3CHttpResponseCodec.createException(W3CHttpResponseCodec.java:187)
	at org.openqa.selenium.remote.http.W3CHttpResponseCodec.decode(W3CHttpResponseCodec.java:122)
	at org.openqa.selenium.remote.http.W3CHttpResponseCodec.decode(W3CHttpResponseCodec.java:49)
	at org.openqa.selenium.remote.HttpCommandExecutor.execute(HttpCommandExecutor.java:158)
	at org.openqa.selenium.remote.service.DriverCommandExecutor.execute(DriverCommandExecutor.java:83)
	at org.openqa.selenium.remote.RemoteWebDriver.execute(RemoteWebDriver.java:552)
	at com.kms.katalon.selenium.driver.CChromeDriver.execute(CChromeDriver.java:19)
	at org.openqa.selenium.remote.RemoteWebElement.execute(RemoteWebElement.java:285)
	at org.openqa.selenium.remote.RemoteWebElement.click(RemoteWebElement.java:84)
	at org.openqa.selenium.support.events.EventFiringWebDriver$EventFiringWebElement.lambda$new$0(EventFiringWebDriver.java:404)
	at com.sun.proxy.$Proxy9.click(Unknown Source)
	at org.openqa.selenium.support.events.EventFiringWebDriver$EventFiringWebElement.click(EventFiringWebDriver.java:417)
	at com.kms.katalon.core.webui.keyword.builtin.ClickKeyword$_click_closure1.doCall(ClickKeyword.groovy:69)
	at com.kms.katalon.core.webui.keyword.builtin.ClickKeyword$_click_closure1.call(ClickKeyword.groovy)
	at com.kms.katalon.core.webui.keyword.internal.WebUIKeywordMain.runKeyword(WebUIKeywordMain.groovy:20)
	at com.kms.katalon.core.webui.keyword.builtin.ClickKeyword.click(ClickKeyword.groovy:76)
	at com.kms.katalon.core.webui.keyword.builtin.ClickKeyword.execute(ClickKeyword.groovy:43)
	at com.kms.katalon.core.keyword.internal.KeywordExecutor.executeKeywordForPlatform(KeywordExecutor.groovy:72)
	at com.kms.katalon.core.webui.keyword.WebUiBuiltInKeywords.click(WebUiBuiltInKeywords.groovy:616)
	at com.kms.katalon.core.webui.keyword.WebUiBuiltInKeywords$click$4.call(Unknown Source)
	at Script1587722706161.run(Script1587722706161.groovy:69)
	at com.kms.katalon.core.main.ScriptEngine.run(ScriptEngine.java:194)
	at com.kms.katalon.core.main.ScriptEngine.runScriptAsRawText(ScriptEngine.java:119)
	at com.kms.katalon.core.main.TestCaseExecutor.runScript(TestCaseExecutor.java:337)
	at com.kms.katalon.core.main.TestCaseExecutor.doExecute(TestCaseExecutor.java:328)
	at com.kms.katalon.core.main.TestCaseExecutor.processExecutionPhase(TestCaseExecutor.java:307)
	at com.kms.katalon.core.main.TestCaseExecutor.accessMainPhase(TestCaseExecutor.java:299)
	at com.kms.katalon.core.main.TestCaseExecutor.execute(TestCaseExecutor.java:233)
	at com.kms.katalon.core.main.TestCaseMain.runTestCase(TestCaseMain.java:114)
	at com.kms.katalon.core.keyword.builtin.CallTestCaseKeyword$_callTestCase_closure1.doCall(CallTestCaseKeyword.groovy:59)
	at com.kms.katalon.core.keyword.builtin.CallTestCaseKeyword$_callTestCase_closure1.call(CallTestCaseKeyword.groovy)
	at com.kms.katalon.core.keyword.internal.KeywordMain.runKeyword(KeywordMain.groovy:68)
	at com.kms.katalon.core.keyword.builtin.CallTestCaseKeyword.callTestCase(CallTestCaseKeyword.groovy:81)
	at com.kms.katalon.core.keyword.builtin.CallTestCaseKeyword.execute(CallTestCaseKeyword.groovy:44)
	at com.kms.katalon.core.keyword.internal.KeywordExecutor.executeKeywordForPlatform(KeywordExecutor.groovy:72)
	at com.kms.katalon.core.keyword.BuiltinKeywords.callTestCase(BuiltinKeywords.groovy:334)
	at Script1587722686694.run(Script1587722686694.groovy:59)
	... 13 more
)
[[ATTACHMENT|C:\\Users\\davidho\\git\\src\\Reports\\20200427_135146\\Web_Office_Reports\\20200427_135153\\1587993679716.png]]

2020-04-27 14:21:20 - [MESSAGE][FAILED] - Unable to call Test Case 'Test Cases/Reusable_Test_Sequences/Web_Office/Navigation/Sub_Menu_Navigation/Reports/Renewal_Leavers_Engagement_Score' (Root cause: com.kms.katalon.core.exception.StepFailedException: Call Test Case 'Test Cases/Reusable_Test_Sequences/Web_Office/Navigation/Sub_Menu_Navigation/Reports/Renewal_Leavers_Engagement_Score' failed
	at com.kms.katalon.core.keyword.builtin.CallTestCaseKeyword$_callTestCase_closure1.doCall(CallTestCaseKeyword.groovy:63)
	at com.kms.katalon.core.keyword.builtin.CallTestCaseKeyword$_callTestCase_closure1.call(CallTestCaseKeyword.groovy)
	at com.kms.katalon.core.keyword.internal.KeywordMain.runKeyword(KeywordMain.groovy:68)
	at com.kms.katalon.core.keyword.builtin.CallTestCaseKeyword.callTestCase(CallTestCaseKeyword.groovy:81)
	at com.kms.katalon.core.keyword.builtin.CallTestCaseKeyword.execute(CallTestCaseKeyword.groovy:44)
	at com.kms.katalon.core.keyword.internal.KeywordExecutor.executeKeywordForPlatform(KeywordExecutor.groovy:72)
	at com.kms.katalon.core.keyword.BuiltinKeywords.callTestCase(BuiltinKeywords.groovy:334)
	at Renewal_Leavers_Engagement_Score.run(Renewal_Leavers_Engagement_Score:59)
	at com.kms.katalon.core.main.ScriptEngine.run(ScriptEngine.java:194)
	at com.kms.katalon.core.main.ScriptEngine.runScriptAsRawText(ScriptEngine.java:119)
	at com.kms.katalon.core.main.TestCaseExecutor.runScript(TestCaseExecutor.java:337)
	at com.kms.katalon.core.main.TestCaseExecutor.doExecute(TestCaseExecutor.java:328)
	at com.kms.katalon.core.main.TestCaseExecutor.processExecutionPhase(TestCaseExecutor.java:307)
	at com.kms.katalon.core.main.TestCaseExecutor.accessMainPhase(TestCaseExecutor.java:299)
	at com.kms.katalon.core.main.TestCaseExecutor.execute(TestCaseExecutor.java:233)
	at com.kms.katalon.core.main.TestSuiteExecutor.accessTestCaseMainPhase(TestSuiteExecutor.java:169)
	at com.kms.katalon.core.main.TestSuiteExecutor.accessTestSuiteMainPhase(TestSuiteExecutor.java:142)
	at com.kms.katalon.core.main.TestSuiteExecutor.execute(TestSuiteExecutor.java:91)
	at com.kms.katalon.core.main.TestCaseMain.startTestSuite(TestCaseMain.java:157)
	at com.kms.katalon.core.main.TestCaseMain$startTestSuite$0.call(Unknown Source)
	at TempTestSuite1587991913277.run(TempTestSuite1587991913277.groovy:37)
Caused by: com.kms.katalon.core.exception.StepFailedException: Unable to click on object 'Object Repository/WebOffice_Home_page/Page_/a_RenewalsLeavers - Engagement Score' (Root cause: com.kms.katalon.core.exception.StepFailedException: Unable to click on object 'Object Repository/WebOffice_Home_page/Page_/a_RenewalsLeavers - Engagement Score'
	at com.kms.katalon.core.webui.keyword.internal.WebUIKeywordMain.stepFailed(WebUIKeywordMain.groovy:64)
	at com.kms.katalon.core.webui.keyword.internal.WebUIKeywordMain.runKeyword(WebUIKeywordMain.groovy:26)
	at com.kms.katalon.core.webui.keyword.builtin.ClickKeyword.click(ClickKeyword.groovy:76)
	at com.kms.katalon.core.webui.keyword.builtin.ClickKeyword.execute(ClickKeyword.groovy:43)
	at com.kms.katalon.core.keyword.internal.KeywordExecutor.executeKeywordForPlatform(KeywordExecutor.groovy:72)
	at com.kms.katalon.core.webui.keyword.WebUiBuiltInKeywords.click(WebUiBuiltInKeywords.groovy:616)
	at com.kms.katalon.core.webui.keyword.WebUiBuiltInKeywords$click$4.call(Unknown Source)
	at Renewal_Leavers_Engagement_Score.run(Renewal_Leavers_Engagement_Score:69)
	at com.kms.katalon.core.main.ScriptEngine.run(ScriptEngine.java:194)
	at com.kms.katalon.core.main.ScriptEngine.runScriptAsRawText(ScriptEngine.java:119)
	at com.kms.katalon.core.main.TestCaseExecutor.runScript(TestCaseExecutor.java:337)
	at com.kms.katalon.core.main.TestCaseExecutor.doExecute(TestCaseExecutor.java:328)
	at com.kms.katalon.core.main.TestCaseExecutor.processExecutionPhase(TestCaseExecutor.java:307)
	at com.kms.katalon.core.main.TestCaseExecutor.accessMainPhase(TestCaseExecutor.java:299)
	at com.kms.katalon.core.main.TestCaseExecutor.execute(TestCaseExecutor.java:233)
	at com.kms.katalon.core.main.TestCaseMain.runTestCase(TestCaseMain.java:114)
	at com.kms.katalon.core.keyword.builtin.CallTestCaseKeyword$_callTestCase_closure1.doCall(CallTestCaseKeyword.groovy:59)
	at com.kms.katalon.core.keyword.builtin.CallTestCaseKeyword$_callTestCase_closure1.call(CallTestCaseKeyword.groovy)
	at com.kms.katalon.core.keyword.internal.KeywordMain.runKeyword(KeywordMain.groovy:68)
	at com.kms.katalon.core.keyword.builtin.CallTestCaseKeyword.callTestCase(CallTestCaseKeyword.groovy:81)
	at com.kms.katalon.core.keyword.builtin.CallTestCaseKeyword.execute(CallTestCaseKeyword.groovy:44)
	at com.kms.katalon.core.keyword.internal.KeywordExecutor.executeKeywordForPlatform(KeywordExecutor.groovy:72)
	at com.kms.katalon.core.keyword.BuiltinKeywords.callTestCase(BuiltinKeywords.groovy:334)
	at Renewal_Leavers_Engagement_Score.run(Renewal_Leavers_Engagement_Score:59)
	at com.kms.katalon.core.main.ScriptEngine.run(ScriptEngine.java:194)
	at com.kms.katalon.core.main.ScriptEngine.runScriptAsRawText(ScriptEngine.java:119)
	at com.kms.katalon.core.main.TestCaseExecutor.runScript(TestCaseExecutor.java:337)
	at com.kms.katalon.core.main.TestCaseExecutor.doExecute(TestCaseExecutor.java:328)
	at com.kms.katalon.core.main.TestCaseExecutor.processExecutionPhase(TestCaseExecutor.java:307)
	at com.kms.katalon.core.main.TestCaseExecutor.accessMainPhase(TestCaseExecutor.java:299)
	at com.kms.katalon.core.main.TestCaseExecutor.execute(TestCaseExecutor.java:233)
	at com.kms.katalon.core.main.TestSuiteExecutor.accessTestCaseMainPhase(TestSuiteExecutor.java:169)
	at com.kms.katalon.core.main.TestSuiteExecutor.accessTestSuiteMainPhase(TestSuiteExecutor.java:142)
	at com.kms.katalon.core.main.TestSuiteExecutor.execute(TestSuiteExecutor.java:91)
	at com.kms.katalon.core.main.TestCaseMain.startTestSuite(TestCaseMain.java:157)
	at com.kms.katalon.core.main.TestCaseMain$startTestSuite$0.call(Unknown Source)
	at TempTestSuite1587991913277.run(TempTestSuite1587991913277.groovy:37)
Caused by: org.openqa.selenium.ElementClickInterceptedException: element click intercepted: Element <a href="/Reports/RenewalLeaversEngagementReport.aspx">...</a> is not clickable at point (120, 16). Other element would receive the click: <img src="/Images/menu/WO_logo.jpg" width="283" height="32" alt="Checkatrade Web Office" hspace="10">
  (Session info: chrome=81.0.4044.122)
Build info: version: '3.141.59', revision: 'e82be7d358', time: '2018-11-14T08:25:53'
System info: host: 'VETTEDSP36RF', ip: '192.168.1.237', os.name: 'Windows 10', os.arch: 'x86', os.version: '10.0', java.version: '1.8.0_181'
Driver info: com.kms.katalon.selenium.driver.CChromeDriver
Capabilities {acceptInsecureCerts: false, browserName: chrome, browserVersion: 81.0.4044.122, chrome: {chromedriverVersion: 81.0.4044.69 (6813546031a4b..., userDataDir: C:\Users\davidho\AppData\Lo...}, goog:chromeOptions: {debuggerAddress: localhost:59353}, javascriptEnabled: true, networkConnectionEnabled: false, pageLoadStrategy: normal, platform: WINDOWS, platformName: WINDOWS, proxy: Proxy(), setWindowRect: true, strictFileInteractability: false, timeouts: {implicit: 0, pageLoad: 300000, script: 30000}, unhandledPromptBehavior: dismiss and notify, webauthn:virtualAuthenticators: true}
Session ID: f1a46da94cb4ec60d86549090fbd66fe
	at org.openqa.selenium.remote.http.W3CHttpResponseCodec.createException(W3CHttpResponseCodec.java:187)
	at org.openqa.selenium.remote.http.W3CHttpResponseCodec.decode(W3CHttpResponseCodec.java:122)
	at org.openqa.selenium.remote.http.W3CHttpResponseCodec.decode(W3CHttpResponseCodec.java:49)
	at org.openqa.selenium.remote.HttpCommandExecutor.execute(HttpCommandExecutor.java:158)
	at org.openqa.selenium.remote.service.DriverCommandExecutor.execute(DriverCommandExecutor.java:83)
	at org.openqa.selenium.remote.RemoteWebDriver.execute(RemoteWebDriver.java:552)
	at com.kms.katalon.selenium.driver.CChromeDriver.execute(CChromeDriver.java:19)
	at org.openqa.selenium.remote.RemoteWebElement.execute(RemoteWebElement.java:285)
	at org.openqa.selenium.remote.RemoteWebElement.click(RemoteWebElement.java:84)
	at org.openqa.selenium.support.events.EventFiringWebDriver$EventFiringWebElement.lambda$new$0(EventFiringWebDriver.java:404)
	at com.sun.proxy.$Proxy9.click(Unknown Source)
	at org.openqa.selenium.support.events.EventFiringWebDriver$EventFiringWebElement.click(EventFiringWebDriver.java:417)
	at com.kms.katalon.core.webui.keyword.builtin.ClickKeyword$_click_closure1.doCall(ClickKeyword.groovy:69)
	at com.kms.katalon.core.webui.keyword.builtin.ClickKeyword$_click_closure1.call(ClickKeyword.groovy)
	at com.kms.katalon.core.webui.keyword.internal.WebUIKeywordMain.runKeyword(WebUIKeywordMain.groovy:20)
	at com.kms.katalon.core.webui.keyword.builtin.ClickKeyword.click(ClickKeyword.groovy:76)
	at com.kms.katalon.core.webui.keyword.builtin.ClickKeyword.execute(ClickKeyword.groovy:43)
	at com.kms.katalon.core.keyword.internal.KeywordExecutor.executeKeywordForPlatform(KeywordExecutor.groovy:72)
	at com.kms.katalon.core.webui.keyword.WebUiBuiltInKeywords.click(WebUiBuiltInKeywords.groovy:616)
	at com.kms.katalon.core.webui.keyword.WebUiBuiltInKeywords$click$4.call(Unknown Source)
	at Script1587722706161.run(Script1587722706161.groovy:69)
	at com.kms.katalon.core.main.ScriptEngine.run(ScriptEngine.java:194)
	at com.kms.katalon.core.main.ScriptEngine.runScriptAsRawText(ScriptEngine.java:119)
	at com.kms.katalon.core.main.TestCaseExecutor.runScript(TestCaseExecutor.java:337)
	at com.kms.katalon.core.main.TestCaseExecutor.doExecute(TestCaseExecutor.java:328)
	at com.kms.katalon.core.main.TestCaseExecutor.processExecutionPhase(TestCaseExecutor.java:307)
	at com.kms.katalon.core.main.TestCaseExecutor.accessMainPhase(TestCaseExecutor.java:299)
	at com.kms.katalon.core.main.TestCaseExecutor.execute(TestCaseExecutor.java:233)
	at com.kms.katalon.core.main.TestCaseMain.runTestCase(TestCaseMain.java:114)
	at com.kms.katalon.core.keyword.builtin.CallTestCaseKeyword$_callTestCase_closure1.doCall(CallTestCaseKeyword.groovy:59)
	at com.kms.katalon.core.keyword.builtin.CallTestCaseKeyword$_callTestCase_closure1.call(CallTestCaseKeyword.groovy)
	at com.kms.katalon.core.keyword.internal.KeywordMain.runKeyword(KeywordMain.groovy:68)
	at com.kms.katalon.core.keyword.builtin.CallTestCaseKeyword.callTestCase(CallTestCaseKeyword.groovy:81)
	at com.kms.katalon.core.keyword.builtin.CallTestCaseKeyword.execute(CallTestCaseKeyword.groovy:44)
	at com.kms.katalon.core.keyword.internal.KeywordExecutor.executeKeywordForPlatform(KeywordExecutor.groovy:72)
	at com.kms.katalon.core.keyword.BuiltinKeywords.callTestCase(BuiltinKeywords.groovy:334)
	at Script1587722686694.run(Script1587722686694.groovy:59)
	... 13 more
)
	at com.kms.katalon.core.keyword.internal.KeywordMain.stepFailed(KeywordMain.groovy:39)
	at com.kms.katalon.core.webui.keyword.internal.WebUIKeywordMain.stepFailed(WebUIKeywordMain.groovy:64)
	at com.kms.katalon.core.webui.keyword.internal.WebUIKeywordMain.runKeyword(WebUIKeywordMain.groovy:26)
	at com.kms.katalon.core.webui.keyword.builtin.ClickKeyword.click(ClickKeyword.groovy:76)
	at com.kms.katalon.core.webui.keyword.builtin.ClickKeyword.execute(ClickKeyword.groovy:43)
	at com.kms.katalon.core.keyword.internal.KeywordExecutor.executeKeywordForPlatform(KeywordExecutor.groovy:72)
	at com.kms.katalon.core.webui.keyword.WebUiBuiltInKeywords.click(WebUiBuiltInKeywords.groovy:616)
	at com.kms.katalon.core.webui.keyword.WebUiBuiltInKeywords$click$4.call(Unknown Source)
	at Renewal_Leavers_Engagement_Score.run(Renewal_Leavers_Engagement_Score:69)
	at com.kms.katalon.core.main.ScriptEngine.run(ScriptEngine.java:194)
	at com.kms.katalon.core.main.ScriptEngine.runScriptAsRawText(ScriptEngine.java:119)
	at com.kms.katalon.core.main.TestCaseExecutor.runScript(TestCaseExecutor.java:337)
	at com.kms.katalon.core.main.TestCaseExecutor.doExecute(TestCaseExecutor.java:328)
	at com.kms.katalon.core.main.TestCaseExecutor.processExecutionPhase(TestCaseExecutor.java:307)
	at com.kms.katalon.core.main.TestCaseExecutor.accessMainPhase(TestCaseExecutor.java:299)
	at com.kms.katalon.core.main.TestCaseExecutor.execute(TestCaseExecutor.java:233)
	at com.kms.katalon.core.main.TestCaseMain.runTestCase(TestCaseMain.java:114)
	at com.kms.katalon.core.keyword.builtin.CallTestCaseKeyword$_callTestCase_closure1.doCall(CallTestCaseKeyword.groovy:59)
	... 20 more
Caused by: com.kms.katalon.core.exception.StepFailedException: Unable to click on object 'Object Repository/WebOffice_Home_page/Page_/a_RenewalsLeavers - Engagement Score'
	... 37 more
Caused by: org.openqa.selenium.ElementClickInterceptedException: element click intercepted: Element <a href="/Reports/RenewalLeaversEngagementReport.aspx">...</a> is not clickable at point (120, 16). Other element would receive the click: <img src="/Images/menu/WO_logo.jpg" width="283" height="32" alt="Checkatrade Web Office" hspace="10">
  (Session info: chrome=81.0.4044.122)
Build info: version: '3.141.59', revision: 'e82be7d358', time: '2018-11-14T08:25:53'
System info: host: 'VETTEDSP36RF', ip: '192.168.1.237', os.name: 'Windows 10', os.arch: 'x86', os.version: '10.0', java.version: '1.8.0_181'
Driver info: com.kms.katalon.selenium.driver.CChromeDriver
Capabilities {acceptInsecureCerts: false, browserName: chrome, browserVersion: 81.0.4044.122, chrome: {chromedriverVersion: 81.0.4044.69 (6813546031a4b..., userDataDir: C:\Users\davidho\AppData\Lo...}, goog:chromeOptions: {debuggerAddress: localhost:59353}, javascriptEnabled: true, networkConnectionEnabled: false, pageLoadStrategy: normal, platform: WINDOWS, platformName: WINDOWS, proxy: Proxy(), setWindowRect: true, strictFileInteractability: false, timeouts: {implicit: 0, pageLoad: 300000, script: 30000}, unhandledPromptBehavior: dismiss and notify, webauthn:virtualAuthenticators: true}
Session ID: f1a46da94cb4ec60d86549090fbd66fe
	at org.openqa.selenium.remote.http.W3CHttpResponseCodec.createException(W3CHttpResponseCodec.java:187)
	at org.openqa.selenium.remote.http.W3CHttpResponseCodec.decode(W3CHttpResponseCodec.java:122)
	at org.openqa.selenium.remote.http.W3CHttpResponseCodec.decode(W3CHttpResponseCodec.java:49)
	at org.openqa.selenium.remote.HttpCommandExecutor.execute(HttpCommandExecutor.java:158)
	at org.openqa.selenium.remote.service.DriverCommandExecutor.execute(DriverCommandExecutor.java:83)
	at org.openqa.selenium.remote.RemoteWebDriver.execute(RemoteWebDriver.java:552)
	at com.kms.katalon.selenium.driver.CChromeDriver.execute(CChromeDriver.java:19)
	at org.openqa.selenium.remote.RemoteWebElement.execute(RemoteWebElement.java:285)
	at org.openqa.selenium.remote.RemoteWebElement.click(RemoteWebElement.java:84)
	at org.openqa.selenium.support.events.EventFiringWebDriver$EventFiringWebElement.lambda$new$0(EventFiringWebDriver.java:404)
	at com.sun.proxy.$Proxy9.click(Unknown Source)
	at org.openqa.selenium.support.events.EventFiringWebDriver$EventFiringWebElement.click(EventFiringWebDriver.java:417)
	at com.kms.katalon.core.webui.keyword.builtin.ClickKeyword$_click_closure1.doCall(ClickKeyword.groovy:69)
	at com.kms.katalon.core.webui.keyword.builtin.ClickKeyword$_click_closure1.call(ClickKeyword.groovy)
	at com.kms.katalon.core.webui.keyword.internal.WebUIKeywordMain.runKeyword(WebUIKeywordMain.groovy:20)
	... 35 more
)]]></system-out>
         <system-err><![CDATA[2020-04-27 14:21:07 - [TEST_CASE][FAILED] - Test Cases/Web_Office/Reports/Renewal_Leavers_Engagement_Score: Test Cases/Web_Office/Reports/Renewal_Leavers_Engagement_Score FAILED.
Reason:
com.kms.katalon.core.exception.StepFailedException: Call Test Case 'Test Cases/Reusable_Test_Sequences/Web_Office/Navigation/Sub_Menu_Navigation/Reports/Renewal_Leavers_Engagement_Score' failed
	at com.kms.katalon.core.keyword.builtin.CallTestCaseKeyword$_callTestCase_closure1.doCall(CallTestCaseKeyword.groovy:63)
	at com.kms.katalon.core.keyword.builtin.CallTestCaseKeyword$_callTestCase_closure1.call(CallTestCaseKeyword.groovy)
	at com.kms.katalon.core.keyword.internal.KeywordMain.runKeyword(KeywordMain.groovy:68)
	at com.kms.katalon.core.keyword.builtin.CallTestCaseKeyword.callTestCase(CallTestCaseKeyword.groovy:81)
	at com.kms.katalon.core.keyword.builtin.CallTestCaseKeyword.execute(CallTestCaseKeyword.groovy:44)
	at com.kms.katalon.core.keyword.internal.KeywordExecutor.executeKeywordForPlatform(KeywordExecutor.groovy:72)
	at com.kms.katalon.core.keyword.BuiltinKeywords.callTestCase(BuiltinKeywords.groovy:334)
	at Renewal_Leavers_Engagement_Score.run(Renewal_Leavers_Engagement_Score:59)
	at com.kms.katalon.core.main.ScriptEngine.run(ScriptEngine.java:194)
	at com.kms.katalon.core.main.ScriptEngine.runScriptAsRawText(ScriptEngine.java:119)
	at com.kms.katalon.core.main.TestCaseExecutor.runScript(TestCaseExecutor.java:337)
	at com.kms.katalon.core.main.TestCaseExecutor.doExecute(TestCaseExecutor.java:328)
	at com.kms.katalon.core.main.TestCaseExecutor.processExecutionPhase(TestCaseExecutor.java:307)
	at com.kms.katalon.core.main.TestCaseExecutor.accessMainPhase(TestCaseExecutor.java:299)
	at com.kms.katalon.core.main.TestCaseExecutor.execute(TestCaseExecutor.java:233)
	at com.kms.katalon.core.main.TestSuiteExecutor.accessTestCaseMainPhase(TestSuiteExecutor.java:169)
	at com.kms.katalon.core.main.TestSuiteExecutor.accessTestSuiteMainPhase(TestSuiteExecutor.java:142)
	at com.kms.katalon.core.main.TestSuiteExecutor.execute(TestSuiteExecutor.java:91)
	at com.kms.katalon.core.main.TestCaseMain.startTestSuite(TestCaseMain.java:157)
	at com.kms.katalon.core.main.TestCaseMain$startTestSuite$0.call(Unknown Source)
	at TempTestSuite1587991913277.run(TempTestSuite1587991913277.groovy:37)
Caused by: com.kms.katalon.core.exception.StepFailedException: Unable to click on object 'Object Repository/WebOffice_Home_page/Page_/a_RenewalsLeavers - Engagement Score' (Root cause: com.kms.katalon.core.exception.StepFailedException: Unable to click on object 'Object Repository/WebOffice_Home_page/Page_/a_RenewalsLeavers - Engagement Score'
	at com.kms.katalon.core.webui.keyword.internal.WebUIKeywordMain.stepFailed(WebUIKeywordMain.groovy:64)
	at com.kms.katalon.core.webui.keyword.internal.WebUIKeywordMain.runKeyword(WebUIKeywordMain.groovy:26)
	at com.kms.katalon.core.webui.keyword.builtin.ClickKeyword.click(ClickKeyword.groovy:76)
	at com.kms.katalon.core.webui.keyword.builtin.ClickKeyword.execute(ClickKeyword.groovy:43)
	at com.kms.katalon.core.keyword.internal.KeywordExecutor.executeKeywordForPlatform(KeywordExecutor.groovy:72)
	at com.kms.katalon.core.webui.keyword.WebUiBuiltInKeywords.click(WebUiBuiltInKeywords.groovy:616)
	at com.kms.katalon.core.webui.keyword.WebUiBuiltInKeywords$click$4.call(Unknown Source)
	at Renewal_Leavers_Engagement_Score.run(Renewal_Leavers_Engagement_Score:69)
	at com.kms.katalon.core.main.ScriptEngine.run(ScriptEngine.java:194)
	at com.kms.katalon.core.main.ScriptEngine.runScriptAsRawText(ScriptEngine.java:119)
	at com.kms.katalon.core.main.TestCaseExecutor.runScript(TestCaseExecutor.java:337)
	at com.kms.katalon.core.main.TestCaseExecutor.doExecute(TestCaseExecutor.java:328)
	at com.kms.katalon.core.main.TestCaseExecutor.processExecutionPhase(TestCaseExecutor.java:307)
	at com.kms.katalon.core.main.TestCaseExecutor.accessMainPhase(TestCaseExecutor.java:299)
	at com.kms.katalon.core.main.TestCaseExecutor.execute(TestCaseExecutor.java:233)
	at com.kms.katalon.core.main.TestCaseMain.runTestCase(TestCaseMain.java:114)
	at com.kms.katalon.core.keyword.builtin.CallTestCaseKeyword$_callTestCase_closure1.doCall(CallTestCaseKeyword.groovy:59)
	at com.kms.katalon.core.keyword.builtin.CallTestCaseKeyword$_callTestCase_closure1.call(CallTestCaseKeyword.groovy)
	at com.kms.katalon.core.keyword.internal.KeywordMain.runKeyword(KeywordMain.groovy:68)
	at com.kms.katalon.core.keyword.builtin.CallTestCaseKeyword.callTestCase(CallTestCaseKeyword.groovy:81)
	at com.kms.katalon.core.keyword.builtin.CallTestCaseKeyword.execute(CallTestCaseKeyword.groovy:44)
	at com.kms.katalon.core.keyword.internal.KeywordExecutor.executeKeywordForPlatform(KeywordExecutor.groovy:72)
	at com.kms.katalon.core.keyword.BuiltinKeywords.callTestCase(BuiltinKeywords.groovy:334)
	at Renewal_Leavers_Engagement_Score.run(Renewal_Leavers_Engagement_Score:59)
	at com.kms.katalon.core.main.ScriptEngine.run(ScriptEngine.java:194)
	at com.kms.katalon.core.main.ScriptEngine.runScriptAsRawText(ScriptEngine.java:119)
	at com.kms.katalon.core.main.TestCaseExecutor.runScript(TestCaseExecutor.java:337)
	at com.kms.katalon.core.main.TestCaseExecutor.doExecute(TestCaseExecutor.java:328)
	at com.kms.katalon.core.main.TestCaseExecutor.processExecutionPhase(TestCaseExecutor.java:307)
	at com.kms.katalon.core.main.TestCaseExecutor.accessMainPhase(TestCaseExecutor.java:299)
	at com.kms.katalon.core.main.TestCaseExecutor.execute(TestCaseExecutor.java:233)
	at com.kms.katalon.core.main.TestSuiteExecutor.accessTestCaseMainPhase(TestSuiteExecutor.java:169)
	at com.kms.katalon.core.main.TestSuiteExecutor.accessTestSuiteMainPhase(TestSuiteExecutor.java:142)
	at com.kms.katalon.core.main.TestSuiteExecutor.execute(TestSuiteExecutor.java:91)
	at com.kms.katalon.core.main.TestCaseMain.startTestSuite(TestCaseMain.java:157)
	at com.kms.katalon.core.main.TestCaseMain$startTestSuite$0.call(Unknown Source)
	at TempTestSuite1587991913277.run(TempTestSuite1587991913277.groovy:37)
Caused by: org.openqa.selenium.ElementClickInterceptedException: element click intercepted: Element <a href="/Reports/RenewalLeaversEngagementReport.aspx">...</a> is not clickable at point (120, 16). Other element would receive the click: <img src="/Images/menu/WO_logo.jpg" width="283" height="32" alt="Checkatrade Web Office" hspace="10">
  (Session info: chrome=81.0.4044.122)
Build info: version: '3.141.59', revision: 'e82be7d358', time: '2018-11-14T08:25:53'
System info: host: 'VETTEDSP36RF', ip: '192.168.1.237', os.name: 'Windows 10', os.arch: 'x86', os.version: '10.0', java.version: '1.8.0_181'
Driver info: com.kms.katalon.selenium.driver.CChromeDriver
Capabilities {acceptInsecureCerts: false, browserName: chrome, browserVersion: 81.0.4044.122, chrome: {chromedriverVersion: 81.0.4044.69 (6813546031a4b..., userDataDir: C:\Users\davidho\AppData\Lo...}, goog:chromeOptions: {debuggerAddress: localhost:59353}, javascriptEnabled: true, networkConnectionEnabled: false, pageLoadStrategy: normal, platform: WINDOWS, platformName: WINDOWS, proxy: Proxy(), setWindowRect: true, strictFileInteractability: false, timeouts: {implicit: 0, pageLoad: 300000, script: 30000}, unhandledPromptBehavior: dismiss and notify, webauthn:virtualAuthenticators: true}
Session ID: f1a46da94cb4ec60d86549090fbd66fe
	at org.openqa.selenium.remote.http.W3CHttpResponseCodec.createException(W3CHttpResponseCodec.java:187)
	at org.openqa.selenium.remote.http.W3CHttpResponseCodec.decode(W3CHttpResponseCodec.java:122)
	at org.openqa.selenium.remote.http.W3CHttpResponseCodec.decode(W3CHttpResponseCodec.java:49)
	at org.openqa.selenium.remote.HttpCommandExecutor.execute(HttpCommandExecutor.java:158)
	at org.openqa.selenium.remote.service.DriverCommandExecutor.execute(DriverCommandExecutor.java:83)
	at org.openqa.selenium.remote.RemoteWebDriver.execute(RemoteWebDriver.java:552)
	at com.kms.katalon.selenium.driver.CChromeDriver.execute(CChromeDriver.java:19)
	at org.openqa.selenium.remote.RemoteWebElement.execute(RemoteWebElement.java:285)
	at org.openqa.selenium.remote.RemoteWebElement.click(RemoteWebElement.java:84)
	at org.openqa.selenium.support.events.EventFiringWebDriver$EventFiringWebElement.lambda$new$0(EventFiringWebDriver.java:404)
	at com.sun.proxy.$Proxy9.click(Unknown Source)
	at org.openqa.selenium.support.events.EventFiringWebDriver$EventFiringWebElement.click(EventFiringWebDriver.java:417)
	at com.kms.katalon.core.webui.keyword.builtin.ClickKeyword$_click_closure1.doCall(ClickKeyword.groovy:69)
	at com.kms.katalon.core.webui.keyword.builtin.ClickKeyword$_click_closure1.call(ClickKeyword.groovy)
	at com.kms.katalon.core.webui.keyword.internal.WebUIKeywordMain.runKeyword(WebUIKeywordMain.groovy:20)
	at com.kms.katalon.core.webui.keyword.builtin.ClickKeyword.click(ClickKeyword.groovy:76)
	at com.kms.katalon.core.webui.keyword.builtin.ClickKeyword.execute(ClickKeyword.groovy:43)
	at com.kms.katalon.core.keyword.internal.KeywordExecutor.executeKeywordForPlatform(KeywordExecutor.groovy:72)
	at com.kms.katalon.core.webui.keyword.WebUiBuiltInKeywords.click(WebUiBuiltInKeywords.groovy:616)
	at com.kms.katalon.core.webui.keyword.WebUiBuiltInKeywords$click$4.call(Unknown Source)
	at Script1587722706161.run(Script1587722706161.groovy:69)
	at com.kms.katalon.core.main.ScriptEngine.run(ScriptEngine.java:194)
	at com.kms.katalon.core.main.ScriptEngine.runScriptAsRawText(ScriptEngine.java:119)
	at com.kms.katalon.core.main.TestCaseExecutor.runScript(TestCaseExecutor.java:337)
	at com.kms.katalon.core.main.TestCaseExecutor.doExecute(TestCaseExecutor.java:328)
	at com.kms.katalon.core.main.TestCaseExecutor.processExecutionPhase(TestCaseExecutor.java:307)
	at com.kms.katalon.core.main.TestCaseExecutor.accessMainPhase(TestCaseExecutor.java:299)
	at com.kms.katalon.core.main.TestCaseExecutor.execute(TestCaseExecutor.java:233)
	at com.kms.katalon.core.main.TestCaseMain.runTestCase(TestCaseMain.java:114)
	at com.kms.katalon.core.keyword.builtin.CallTestCaseKeyword$_callTestCase_closure1.doCall(CallTestCaseKeyword.groovy:59)
	at com.kms.katalon.core.keyword.builtin.CallTestCaseKeyword$_callTestCase_closure1.call(CallTestCaseKeyword.groovy)
	at com.kms.katalon.core.keyword.internal.KeywordMain.runKeyword(KeywordMain.groovy:68)
	at com.kms.katalon.core.keyword.builtin.CallTestCaseKeyword.callTestCase(CallTestCaseKeyword.groovy:81)
	at com.kms.katalon.core.keyword.builtin.CallTestCaseKeyword.execute(CallTestCaseKeyword.groovy:44)
	at com.kms.katalon.core.keyword.internal.KeywordExecutor.executeKeywordForPlatform(KeywordExecutor.groovy:72)
	at com.kms.katalon.core.keyword.BuiltinKeywords.callTestCase(BuiltinKeywords.groovy:334)
	at Script1587722686694.run(Script1587722686694.groovy:59)
	... 13 more
)
	at com.kms.katalon.core.keyword.internal.KeywordMain.stepFailed(KeywordMain.groovy:39)
	at com.kms.katalon.core.webui.keyword.internal.WebUIKeywordMain.stepFailed(WebUIKeywordMain.groovy:64)
	at com.kms.katalon.core.webui.keyword.internal.WebUIKeywordMain.runKeyword(WebUIKeywordMain.groovy:26)
	at com.kms.katalon.core.webui.keyword.builtin.ClickKeyword.click(ClickKeyword.groovy:76)
	at com.kms.katalon.core.webui.keyword.builtin.ClickKeyword.execute(ClickKeyword.groovy:43)
	at com.kms.katalon.core.keyword.internal.KeywordExecutor.executeKeywordForPlatform(KeywordExecutor.groovy:72)
	at com.kms.katalon.core.webui.keyword.WebUiBuiltInKeywords.click(WebUiBuiltInKeywords.groovy:616)
	at com.kms.katalon.core.webui.keyword.WebUiBuiltInKeywords$click$4.call(Unknown Source)
	at Renewal_Leavers_Engagement_Score.run(Renewal_Leavers_Engagement_Score:69)
	at com.kms.katalon.core.main.ScriptEngine.run(ScriptEngine.java:194)
	at com.kms.katalon.core.main.ScriptEngine.runScriptAsRawText(ScriptEngine.java:119)
	at com.kms.katalon.core.main.TestCaseExecutor.runScript(TestCaseExecutor.java:337)
	at com.kms.katalon.core.main.TestCaseExecutor.doExecute(TestCaseExecutor.java:328)
	at com.kms.katalon.core.main.TestCaseExecutor.processExecutionPhase(TestCaseExecutor.java:307)
	at com.kms.katalon.core.main.TestCaseExecutor.accessMainPhase(TestCaseExecutor.java:299)
	at com.kms.katalon.core.main.TestCaseExecutor.execute(TestCaseExecutor.java:233)
	at com.kms.katalon.core.main.TestCaseMain.runTestCase(TestCaseMain.java:114)
	at com.kms.katalon.core.keyword.builtin.CallTestCaseKeyword$_callTestCase_closure1.doCall(CallTestCaseKeyword.groovy:59)
	... 20 more
Caused by: com.kms.katalon.core.exception.StepFailedException: Unable to click on object 'Object Repository/WebOffice_Home_page/Page_/a_RenewalsLeavers - Engagement Score'
	... 37 more
Caused by: org.openqa.selenium.ElementClickInterceptedException: element click intercepted: Element <a href="/Reports/RenewalLeaversEngagementReport.aspx">...</a> is not clickable at point (120, 16). Other element would receive the click: <img src="/Images/menu/WO_logo.jpg" width="283" height="32" alt="Checkatrade Web Office" hspace="10">
  (Session info: chrome=81.0.4044.122)
Build info: version: '3.141.59', revision: 'e82be7d358', time: '2018-11-14T08:25:53'
System info: host: 'VETTEDSP36RF', ip: '192.168.1.237', os.name: 'Windows 10', os.arch: 'x86', os.version: '10.0', java.version: '1.8.0_181'
Driver info: com.kms.katalon.selenium.driver.CChromeDriver
Capabilities {acceptInsecureCerts: false, browserName: chrome, browserVersion: 81.0.4044.122, chrome: {chromedriverVersion: 81.0.4044.69 (6813546031a4b..., userDataDir: C:\Users\davidho\AppData\Lo...}, goog:chromeOptions: {debuggerAddress: localhost:59353}, javascriptEnabled: true, networkConnectionEnabled: false, pageLoadStrategy: normal, platform: WINDOWS, platformName: WINDOWS, proxy: Proxy(), setWindowRect: true, strictFileInteractability: false, timeouts: {implicit: 0, pageLoad: 300000, script: 30000}, unhandledPromptBehavior: dismiss and notify, webauthn:virtualAuthenticators: true}
Session ID: f1a46da94cb4ec60d86549090fbd66fe
	at org.openqa.selenium.remote.http.W3CHttpResponseCodec.createException(W3CHttpResponseCodec.java:187)
	at org.openqa.selenium.remote.http.W3CHttpResponseCodec.decode(W3CHttpResponseCodec.java:122)
	at org.openqa.selenium.remote.http.W3CHttpResponseCodec.decode(W3CHttpResponseCodec.java:49)
	at org.openqa.selenium.remote.HttpCommandExecutor.execute(HttpCommandExecutor.java:158)
	at org.openqa.selenium.remote.service.DriverCommandExecutor.execute(DriverCommandExecutor.java:83)
	at org.openqa.selenium.remote.RemoteWebDriver.execute(RemoteWebDriver.java:552)
	at com.kms.katalon.selenium.driver.CChromeDriver.execute(CChromeDriver.java:19)
	at org.openqa.selenium.remote.RemoteWebElement.execute(RemoteWebElement.java:285)
	at org.openqa.selenium.remote.RemoteWebElement.click(RemoteWebElement.java:84)
	at org.openqa.selenium.support.events.EventFiringWebDriver$EventFiringWebElement.lambda$new$0(EventFiringWebDriver.java:404)
	at com.sun.proxy.$Proxy9.click(Unknown Source)
	at org.openqa.selenium.support.events.EventFiringWebDriver$EventFiringWebElement.click(EventFiringWebDriver.java:417)
	at com.kms.katalon.core.webui.keyword.builtin.ClickKeyword$_click_closure1.doCall(ClickKeyword.groovy:69)
	at com.kms.katalon.core.webui.keyword.builtin.ClickKeyword$_click_closure1.call(ClickKeyword.groovy)
	at com.kms.katalon.core.webui.keyword.internal.WebUIKeywordMain.runKeyword(WebUIKeywordMain.groovy:20)
	... 35 more]]></system-err>
      </testcase>
      <testcase name="Test Cases/Web_Office/Reports/Directory_Reconciliation_Report" time="18.874" classname="Test Cases/Web_Office/Reports/Directory_Reconciliation_Report" status="PASSED">
         <system-out><![CDATA[2020-04-27 14:21:20 - [TEST_CASE][PASSED] - Test Cases/Web_Office/Reports/Directory_Reconciliation_Report: Test Cases/Web_Office/Reports/Directory_Reconciliation_Report

2020-04-27 14:21:21 - [TEST_STEP][PASSED] - "--------------------------------------": null

2020-04-27 14:21:21 - [TEST_STEP][PASSED] - " Web Office StartUp                  |": null

2020-04-27 14:21:21 - [TEST_STEP][PASSED] - callTestCase(findTestCase("Reusable_Test_Sequences/Web_Office/Directives/WebOffice_StartUp"), [:], STOP_ON_FAILURE): Call Test Case 'Test Cases/Reusable_Test_Sequences/Web_Office/Directives/WebOffice_StartUp' successfully

2020-04-27 14:21:21 - [TEST_CASE][PASSED] - Test Cases/Reusable_Test_Sequences/Web_Office/Directives/WebOffice_StartUp: Test Cases/Reusable_Test_Sequences/Web_Office/Directives/WebOffice_StartUp

2020-04-27 14:21:21 - [TEST_STEP][PASSED] - "-----------------------------------------------------------------------------": null

2020-04-27 14:21:21 - [TEST_STEP][PASSED] - if (URL == "https://www.dev.checkatrade.com/"): null

2020-04-27 14:21:21 - [TEST_STEP][PASSED] - "-----------------------------------------------------------------------------": null

2020-04-27 14:21:21 - [TEST_STEP][PASSED] - if (URL == "https://www.checkatrade.com/"): null

2020-04-27 14:21:21 - [TEST_STEP][PASSED] - "-----------------------------------------------------------------------------": null

2020-04-27 14:21:21 - [TEST_STEP][PASSED] - if (URL == "https://www.preview.checkatrade.com/"): null

2020-04-27 14:21:21 - [TEST_STEP][PASSED] - WebOfficeURL = "https://admin.preview.checkatrade.com/": null

2020-04-27 14:21:21 - [TEST_STEP][PASSED] - if (URL == "https://www.dev2.checkatrade.com/"): null

2020-04-27 14:21:21 - [TEST_STEP][PASSED] - "Set Function Area for "URL_Handler", URL Resolution": null

2020-04-27 14:21:21 - [TEST_STEP][PASSED] - "Do Some Magic with URL(s) See the comments within URL Handler ": null

2020-04-27 14:21:21 - [TEST_STEP][PASSED] - "------------------------------------------------": null

2020-04-27 14:21:21 - [TEST_STEP][PASSED] - "Moved Login Credentials to <Default> profile 22/01/2020": null

2020-04-27 14:21:21 - [TEST_STEP][PASSED] - "------------------------------------------------": null

2020-04-27 14:21:21 - [TEST_STEP][PASSED] - "WebOfficeURL - Set from the ENVIRONMENT PROFILE ": null

2020-04-27 14:21:21 - [TEST_STEP][PASSED] - "OPEN BROWSER": null

2020-04-27 14:21:21 - [TEST_STEP][PASSED] - "eg - https://admin.preview.checkatrade.com/  ": null

2020-04-27 14:21:21 - [TEST_STEP][PASSED] - openBrowser(WebOfficeURL): Browser is opened with url: 'https://admin.preview.checkatrade.com/'

2020-04-27 14:21:21 - [MESSAGE][WARNING] - A browser is already opened. Closing browser and opening a new one

2020-04-27 14:21:24 - [MESSAGE][INFO] - Starting 'Chrome' driver

2020-04-27 14:21:24 - [MESSAGE][INFO] - Action delay is set to 0 milliseconds

2020-04-27 14:21:29 - [MESSAGE][PASSED] - Browser is opened with url: 'https://admin.preview.checkatrade.com/'

2020-04-27 14:21:29 - [TEST_STEP][PASSED] - maximizeWindow(): Current window maximized

2020-04-27 14:21:31 - [MESSAGE][PASSED] - Current window maximized

2020-04-27 14:21:31 - [TEST_STEP][PASSED] - waitForElementClickable(findTestObject("Object Repository/WebOffice/Page_Checkatrade - Administration - Login/Login_Button"), 25): Object 'Object Repository/WebOffice/Page_Checkatrade - Administration - Login/Login_Button' is clickable

2020-04-27 14:21:31 - [MESSAGE][PASSED] - Object 'Object Repository/WebOffice/Page_Checkatrade - Administration - Login/Login_Button' is clickable

2020-04-27 14:21:31 - [TEST_STEP][PASSED] - verifyTextPresent("Checkatrade Web Office", false): Text 'Checkatrade Web Office' is present on page 

2020-04-27 14:21:31 - [MESSAGE][PASSED] - Text 'Checkatrade Web Office' is present on page 

2020-04-27 14:21:31 - [TEST_STEP][PASSED] - verifyTextPresent("Access for staff use only", false): Text 'Access for staff use only' is present on page 

2020-04-27 14:21:31 - [MESSAGE][PASSED] - Text 'Access for staff use only' is present on page 

2020-04-27 14:21:31 - [TEST_STEP][PASSED] - verifyTextPresent("Forgotten password?", false): Text 'Forgotten password?' is present on page 

2020-04-27 14:21:31 - [MESSAGE][PASSED] - Text 'Forgotten password?' is present on page 

2020-04-27 14:21:31 - [TEST_STEP][PASSED] - setText(findTestObject("Object Repository/WebOffice/Page_Checkatrade - Administration - Login/input_Username_LoginControlUserName"), wo_Username): Text 'DavidHo' is set on object 'Object Repository/WebOffice/Page_Checkatrade - Administration - Login/input_Username_LoginControlUserName'

2020-04-27 14:21:32 - [MESSAGE][PASSED] - Text 'DavidHo' is set on object 'Object Repository/WebOffice/Page_Checkatrade - Administration - Login/input_Username_LoginControlUserName'

2020-04-27 14:21:32 - [TEST_STEP][PASSED] - setText(findTestObject("Object Repository/WebOffice/Page_Checkatrade - Administration - Login/input_Password_LoginControlPassword"), wo_Password): Text 'Check123' is set on object 'Object Repository/WebOffice/Page_Checkatrade - Administration - Login/input_Password_LoginControlPassword'

2020-04-27 14:21:32 - [MESSAGE][PASSED] - Text 'Check123' is set on object 'Object Repository/WebOffice/Page_Checkatrade - Administration - Login/input_Password_LoginControlPassword'

2020-04-27 14:21:32 - [TEST_STEP][PASSED] - click(findTestObject("Object Repository/WebOffice/Page_Checkatrade - Administration - Login/Login_Button")): Object: 'Object Repository/WebOffice/Page_Checkatrade - Administration - Login/Login_Button' is clicked on

2020-04-27 14:21:33 - [MESSAGE][PASSED] - Object: 'Object Repository/WebOffice/Page_Checkatrade - Administration - Login/Login_Button' is clicked on

2020-04-27 14:21:33 - [TEST_STEP][PASSED] - waitForPageLoad(60): Wait for page load successfully

2020-04-27 14:21:33 - [MESSAGE][PASSED] - Wait for page load successfully

2020-04-27 14:21:33 - [TEST_STEP][PASSED] - verifyTextPresent("Welcome " + wo_Username, false): Text 'Welcome DavidHo' is present on page 

2020-04-27 14:21:33 - [MESSAGE][PASSED] - Text 'Welcome DavidHo' is present on page 

2020-04-27 14:21:33 - [MESSAGE][PASSED] - Call Test Case 'Test Cases/Reusable_Test_Sequences/Web_Office/Directives/WebOffice_StartUp' successfully

2020-04-27 14:21:33 - [TEST_STEP][PASSED] - "-----------------------------------------------------------------": null

2020-04-27 14:21:33 - [TEST_STEP][PASSED] - " Navigate to <Settings->Checkatrade.Com->Sub Item> Menu Item     |": null

2020-04-27 14:21:33 - [TEST_STEP][PASSED] - callTestCase(findTestCase("Reusable_Test_Sequences/Web_Office/Navigation/Sub_Menu_Navigation/Reports/Directory_Reconciliation_Report"), [:], STOP_ON_FAILURE): Call Test Case 'Test Cases/Reusable_Test_Sequences/Web_Office/Navigation/Sub_Menu_Navigation/Reports/Directory_Reconciliation_Report' successfully

2020-04-27 14:21:33 - [TEST_CASE][PASSED] - Test Cases/Reusable_Test_Sequences/Web_Office/Navigation/Sub_Menu_Navigation/Reports/Directory_Reconciliation_Report: Test Cases/Reusable_Test_Sequences/Web_Office/Navigation/Sub_Menu_Navigation/Reports/Directory_Reconciliation_Report

2020-04-27 14:21:33 - [TEST_STEP][PASSED] - "--------------------------------------": null

2020-04-27 14:21:33 - [TEST_STEP][PASSED] - " Navigate Top level menu Item         |": null

2020-04-27 14:21:33 - [TEST_STEP][PASSED] - waitForPageLoad(60): Wait for page load successfully

2020-04-27 14:21:33 - [MESSAGE][PASSED] - Wait for page load successfully

2020-04-27 14:21:33 - [TEST_STEP][PASSED] - waitForElementClickable(findTestObject("Object Repository/WebOffice_Home_page/a_Reports"), 60): Object 'Object Repository/WebOffice_Home_page/a_Reports' is clickable

2020-04-27 14:21:33 - [MESSAGE][PASSED] - Object 'Object Repository/WebOffice_Home_page/a_Reports' is clickable

2020-04-27 14:21:33 - [TEST_STEP][PASSED] - mouseOver(findTestObject("Object Repository/WebOffice_Home_page/a_Reports")): Object: 'Object Repository/WebOffice_Home_page/a_Reports' is hovered

2020-04-27 14:21:34 - [MESSAGE][PASSED] - Object: 'Object Repository/WebOffice_Home_page/a_Reports' is hovered

2020-04-27 14:21:34 - [TEST_STEP][PASSED] - click(findTestObject("Object Repository/WebOffice_Home_page/Page_/a_Members")): Object: 'Object Repository/WebOffice_Home_page/Page_/a_Members' is clicked on

2020-04-27 14:21:34 - [MESSAGE][PASSED] - Object: 'Object Repository/WebOffice_Home_page/Page_/a_Members' is clicked on

2020-04-27 14:21:34 - [TEST_STEP][PASSED] - waitForPageLoad(5): Wait for page load successfully

2020-04-27 14:21:34 - [MESSAGE][PASSED] - Wait for page load successfully

2020-04-27 14:21:34 - [TEST_STEP][PASSED] - waitForElementClickable(findTestObject("Object Repository/WebOffice_Home_page/Page_/a_Directory Reconciliation Report"), 5): Object 'Object Repository/WebOffice_Home_page/Page_/a_Directory Reconciliation Report' is clickable

2020-04-27 14:21:34 - [MESSAGE][PASSED] - Object 'Object Repository/WebOffice_Home_page/Page_/a_Directory Reconciliation Report' is clickable

2020-04-27 14:21:34 - [TEST_STEP][PASSED] - click(findTestObject("Object Repository/WebOffice_Home_page/Page_/a_Directory Reconciliation Report")): Object: 'Object Repository/WebOffice_Home_page/Page_/a_Directory Reconciliation Report' is clicked on

2020-04-27 14:21:35 - [MESSAGE][PASSED] - Object: 'Object Repository/WebOffice_Home_page/Page_/a_Directory Reconciliation Report' is clicked on

2020-04-27 14:21:35 - [MESSAGE][PASSED] - Call Test Case 'Test Cases/Reusable_Test_Sequences/Web_Office/Navigation/Sub_Menu_Navigation/Reports/Directory_Reconciliation_Report' successfully

2020-04-27 14:21:35 - [TEST_STEP][PASSED] - "--------------------------------------": null

2020-04-27 14:21:35 - [TEST_STEP][PASSED] - " Verify Returned Page Detail          |": null

2020-04-27 14:21:35 - [TEST_STEP][PASSED] - callTestCase(findTestCase("Reusable_Test_Sequences/Web_Office/Verification/Reports/Directory_Reconciliation_Report"), [:], OPTIONAL): Call Test Case 'Test Cases/Reusable_Test_Sequences/Web_Office/Verification/Reports/Directory_Reconciliation_Report' successfully

2020-04-27 14:21:35 - [TEST_CASE][PASSED] - Test Cases/Reusable_Test_Sequences/Web_Office/Verification/Reports/Directory_Reconciliation_Report: Test Cases/Reusable_Test_Sequences/Web_Office/Verification/Reports/Directory_Reconciliation_Report

2020-04-27 14:21:36 - [TEST_STEP][PASSED] - waitForPageLoad(120): Wait for page load successfully

2020-04-27 14:21:36 - [MESSAGE][PASSED] - Wait for page load successfully

2020-04-27 14:21:36 - [TEST_STEP][PASSED] - delay(1): Delayed 1 second(s)

2020-04-27 14:21:37 - [MESSAGE][PASSED] - Delayed 1 second(s)

2020-04-27 14:21:37 - [TEST_STEP][PASSED] - "----------------------------------------------": null

2020-04-27 14:21:37 - [TEST_STEP][PASSED] - "----------------------------------------------": null

2020-04-27 14:21:37 - [TEST_STEP][PASSED] - "Directory sales reconciliation": null

2020-04-27 14:21:37 - [TEST_STEP][PASSED] - verifyTextPresent("Directories", false): Text 'Directories' is present on page 

2020-04-27 14:21:37 - [MESSAGE][PASSED] - Text 'Directories' is present on page 

2020-04-27 14:21:37 - [TEST_STEP][PASSED] - verifyTextPresent("Current", false): Text 'Current' is present on page 

2020-04-27 14:21:37 - [MESSAGE][PASSED] - Text 'Current' is present on page 

2020-04-27 14:21:37 - [TEST_STEP][PASSED] - verifyTextPresent("Future Editions", false): Text 'Future Editions' is present on page 

2020-04-27 14:21:37 - [MESSAGE][PASSED] - Text 'Future Editions' is present on page 

2020-04-27 14:21:37 - [TEST_STEP][PASSED] - verifyTextPresent("Previous Editions", false): Text 'Previous Editions' is present on page 

2020-04-27 14:21:38 - [MESSAGE][PASSED] - Text 'Previous Editions' is present on page 

2020-04-27 14:21:38 - [TEST_STEP][PASSED] - verifyTextPresent("Edition Zero", false): Text 'Edition Zero' is present on page 

2020-04-27 14:21:38 - [MESSAGE][PASSED] - Text 'Edition Zero' is present on page 

2020-04-27 14:21:38 - [TEST_STEP][PASSED] - verifyTextPresent("Search", false): Text 'Search' is present on page 

2020-04-27 14:21:38 - [MESSAGE][PASSED] - Text 'Search' is present on page 

2020-04-27 14:21:38 - [TEST_STEP][PASSED] - verifyTextPresent("Include future and previous editions", false): Text 'Include future and previous editions' is present on page 

2020-04-27 14:21:38 - [MESSAGE][PASSED] - Text 'Include future and previous editions' is present on page 

2020-04-27 14:21:38 - [TEST_STEP][PASSED] - verifyTextPresent("SpaceFinder", false): Text 'SpaceFinder' is present on page 

2020-04-27 14:21:38 - [MESSAGE][PASSED] - Text 'SpaceFinder' is present on page 

2020-04-27 14:21:38 - [MESSAGE][PASSED] - Call Test Case 'Test Cases/Reusable_Test_Sequences/Web_Office/Verification/Reports/Directory_Reconciliation_Report' successfully

2020-04-27 14:21:38 - [TEST_STEP][PASSED] - "--------------------------": null

2020-04-27 14:21:38 - [TEST_STEP][PASSED] - " Teardown - CLose Browser |": null

2020-04-27 14:21:38 - [TEST_STEP][PASSED] - callTestCase(findTestCase("Reusable_Test_Sequences/CAT_Teardown"), [:], OPTIONAL): Call Test Case 'Test Cases/Reusable_Test_Sequences/CAT_Teardown' successfully

2020-04-27 14:21:38 - [TEST_CASE][PASSED] - Test Cases/Reusable_Test_Sequences/CAT_Teardown: Test Cases/Reusable_Test_Sequences/CAT_Teardown

2020-04-27 14:21:38 - [TEST_STEP][PASSED] - closeBrowser(): Browser is closed

2020-04-27 14:21:39 - [MESSAGE][PASSED] - Browser is closed

2020-04-27 14:21:39 - [TEST_STEP][PASSED] - super.finalize(): null

2020-04-27 14:21:39 - [TEST_STEP][PASSED] - System.gc(): null

2020-04-27 14:21:39 - [MESSAGE][PASSED] - Call Test Case 'Test Cases/Reusable_Test_Sequences/CAT_Teardown' successfully]]></system-out>
         <system-err><![CDATA[]]></system-err>
      </testcase>
      <testcase name="Test Cases/Web_Office/Reports/Members_Complaints" time="38.171" classname="Test Cases/Web_Office/Reports/Members_Complaints" status="PASSED">
         <system-out><![CDATA[2020-04-27 14:21:39 - [TEST_CASE][PASSED] - Test Cases/Web_Office/Reports/Members_Complaints: Test Cases/Web_Office/Reports/Members_Complaints

2020-04-27 14:21:40 - [TEST_STEP][PASSED] - "--------------------------------------": null

2020-04-27 14:21:40 - [TEST_STEP][PASSED] - " Web Office StartUp                  |": null

2020-04-27 14:21:40 - [TEST_STEP][PASSED] - callTestCase(findTestCase("Reusable_Test_Sequences/Web_Office/Directives/WebOffice_StartUp"), [:], STOP_ON_FAILURE): Call Test Case 'Test Cases/Reusable_Test_Sequences/Web_Office/Directives/WebOffice_StartUp' successfully

2020-04-27 14:21:40 - [TEST_CASE][PASSED] - Test Cases/Reusable_Test_Sequences/Web_Office/Directives/WebOffice_StartUp: Test Cases/Reusable_Test_Sequences/Web_Office/Directives/WebOffice_StartUp

2020-04-27 14:21:40 - [TEST_STEP][PASSED] - "-----------------------------------------------------------------------------": null

2020-04-27 14:21:40 - [TEST_STEP][PASSED] - if (URL == "https://www.dev.checkatrade.com/"): null

2020-04-27 14:21:40 - [TEST_STEP][PASSED] - "-----------------------------------------------------------------------------": null

2020-04-27 14:21:40 - [TEST_STEP][PASSED] - if (URL == "https://www.checkatrade.com/"): null

2020-04-27 14:21:40 - [TEST_STEP][PASSED] - "-----------------------------------------------------------------------------": null

2020-04-27 14:21:40 - [TEST_STEP][PASSED] - if (URL == "https://www.preview.checkatrade.com/"): null

2020-04-27 14:21:40 - [TEST_STEP][PASSED] - WebOfficeURL = "https://admin.preview.checkatrade.com/": null

2020-04-27 14:21:40 - [TEST_STEP][PASSED] - if (URL == "https://www.dev2.checkatrade.com/"): null

2020-04-27 14:21:40 - [TEST_STEP][PASSED] - "Set Function Area for "URL_Handler", URL Resolution": null

2020-04-27 14:21:40 - [TEST_STEP][PASSED] - "Do Some Magic with URL(s) See the comments within URL Handler ": null

2020-04-27 14:21:40 - [TEST_STEP][PASSED] - "------------------------------------------------": null

2020-04-27 14:21:40 - [TEST_STEP][PASSED] - "Moved Login Credentials to <Default> profile 22/01/2020": null

2020-04-27 14:21:40 - [TEST_STEP][PASSED] - "------------------------------------------------": null

2020-04-27 14:21:40 - [TEST_STEP][PASSED] - "WebOfficeURL - Set from the ENVIRONMENT PROFILE ": null

2020-04-27 14:21:40 - [TEST_STEP][PASSED] - "OPEN BROWSER": null

2020-04-27 14:21:40 - [TEST_STEP][PASSED] - "eg - https://admin.preview.checkatrade.com/  ": null

2020-04-27 14:21:40 - [TEST_STEP][PASSED] - openBrowser(WebOfficeURL): Browser is opened with url: 'https://admin.preview.checkatrade.com/'

2020-04-27 14:21:40 - [MESSAGE][INFO] - Starting 'Chrome' driver

2020-04-27 14:21:40 - [MESSAGE][INFO] - Action delay is set to 0 milliseconds

2020-04-27 14:21:45 - [MESSAGE][PASSED] - Browser is opened with url: 'https://admin.preview.checkatrade.com/'

2020-04-27 14:21:45 - [TEST_STEP][PASSED] - maximizeWindow(): Current window maximized

2020-04-27 14:21:47 - [MESSAGE][PASSED] - Current window maximized

2020-04-27 14:21:47 - [TEST_STEP][PASSED] - waitForElementClickable(findTestObject("Object Repository/WebOffice/Page_Checkatrade - Administration - Login/Login_Button"), 25): Object 'Object Repository/WebOffice/Page_Checkatrade - Administration - Login/Login_Button' is clickable

2020-04-27 14:21:47 - [MESSAGE][PASSED] - Object 'Object Repository/WebOffice/Page_Checkatrade - Administration - Login/Login_Button' is clickable

2020-04-27 14:21:47 - [TEST_STEP][PASSED] - verifyTextPresent("Checkatrade Web Office", false): Text 'Checkatrade Web Office' is present on page 

2020-04-27 14:21:48 - [MESSAGE][PASSED] - Text 'Checkatrade Web Office' is present on page 

2020-04-27 14:21:48 - [TEST_STEP][PASSED] - verifyTextPresent("Access for staff use only", false): Text 'Access for staff use only' is present on page 

2020-04-27 14:21:48 - [MESSAGE][PASSED] - Text 'Access for staff use only' is present on page 

2020-04-27 14:21:48 - [TEST_STEP][PASSED] - verifyTextPresent("Forgotten password?", false): Text 'Forgotten password?' is present on page 

2020-04-27 14:21:48 - [MESSAGE][PASSED] - Text 'Forgotten password?' is present on page 

2020-04-27 14:21:48 - [TEST_STEP][PASSED] - setText(findTestObject("Object Repository/WebOffice/Page_Checkatrade - Administration - Login/input_Username_LoginControlUserName"), wo_Username): Text 'DavidHo' is set on object 'Object Repository/WebOffice/Page_Checkatrade - Administration - Login/input_Username_LoginControlUserName'

2020-04-27 14:21:48 - [MESSAGE][PASSED] - Text 'DavidHo' is set on object 'Object Repository/WebOffice/Page_Checkatrade - Administration - Login/input_Username_LoginControlUserName'

2020-04-27 14:21:48 - [TEST_STEP][PASSED] - setText(findTestObject("Object Repository/WebOffice/Page_Checkatrade - Administration - Login/input_Password_LoginControlPassword"), wo_Password): Text 'Check123' is set on object 'Object Repository/WebOffice/Page_Checkatrade - Administration - Login/input_Password_LoginControlPassword'

2020-04-27 14:21:48 - [MESSAGE][PASSED] - Text 'Check123' is set on object 'Object Repository/WebOffice/Page_Checkatrade - Administration - Login/input_Password_LoginControlPassword'

2020-04-27 14:21:48 - [TEST_STEP][PASSED] - click(findTestObject("Object Repository/WebOffice/Page_Checkatrade - Administration - Login/Login_Button")): Object: 'Object Repository/WebOffice/Page_Checkatrade - Administration - Login/Login_Button' is clicked on

2020-04-27 14:21:49 - [MESSAGE][PASSED] - Object: 'Object Repository/WebOffice/Page_Checkatrade - Administration - Login/Login_Button' is clicked on

2020-04-27 14:21:49 - [TEST_STEP][PASSED] - waitForPageLoad(60): Wait for page load successfully

2020-04-27 14:21:49 - [MESSAGE][PASSED] - Wait for page load successfully

2020-04-27 14:21:49 - [TEST_STEP][PASSED] - verifyTextPresent("Welcome " + wo_Username, false): Text 'Welcome DavidHo' is present on page 

2020-04-27 14:21:50 - [MESSAGE][PASSED] - Text 'Welcome DavidHo' is present on page 

2020-04-27 14:21:50 - [MESSAGE][PASSED] - Call Test Case 'Test Cases/Reusable_Test_Sequences/Web_Office/Directives/WebOffice_StartUp' successfully

2020-04-27 14:21:50 - [TEST_STEP][PASSED] - "-----------------------------------------------------------------": null

2020-04-27 14:21:50 - [TEST_STEP][PASSED] - " Navigate to <Settings->Checkatrade.Com->Sub Item> Menu Item     |": null

2020-04-27 14:21:50 - [TEST_STEP][PASSED] - callTestCase(findTestCase("Reusable_Test_Sequences/Web_Office/Navigation/Sub_Menu_Navigation/Reports/Members_Complaints"), [:], STOP_ON_FAILURE): Call Test Case 'Test Cases/Reusable_Test_Sequences/Web_Office/Navigation/Sub_Menu_Navigation/Reports/Members_Complaints' successfully

2020-04-27 14:21:50 - [TEST_CASE][PASSED] - Test Cases/Reusable_Test_Sequences/Web_Office/Navigation/Sub_Menu_Navigation/Reports/Members_Complaints: Test Cases/Reusable_Test_Sequences/Web_Office/Navigation/Sub_Menu_Navigation/Reports/Members_Complaints

2020-04-27 14:21:50 - [TEST_STEP][PASSED] - "--------------------------------------": null

2020-04-27 14:21:50 - [TEST_STEP][PASSED] - " Navigate Top level menu Item         |": null

2020-04-27 14:21:50 - [TEST_STEP][PASSED] - waitForPageLoad(60): Wait for page load successfully

2020-04-27 14:21:50 - [MESSAGE][PASSED] - Wait for page load successfully

2020-04-27 14:21:50 - [TEST_STEP][PASSED] - waitForElementClickable(findTestObject("Object Repository/WebOffice_Home_page/a_Reports"), 60): Object 'Object Repository/WebOffice_Home_page/a_Reports' is clickable

2020-04-27 14:21:51 - [MESSAGE][PASSED] - Object 'Object Repository/WebOffice_Home_page/a_Reports' is clickable

2020-04-27 14:21:51 - [TEST_STEP][PASSED] - mouseOver(findTestObject("Object Repository/WebOffice_Home_page/a_Reports")): Object: 'Object Repository/WebOffice_Home_page/a_Reports' is hovered

2020-04-27 14:21:51 - [MESSAGE][PASSED] - Object: 'Object Repository/WebOffice_Home_page/a_Reports' is hovered

2020-04-27 14:21:51 - [TEST_STEP][PASSED] - click(findTestObject("Object Repository/WebOffice_Home_page/Page_/a_Members")): Object: 'Object Repository/WebOffice_Home_page/Page_/a_Members' is clicked on

2020-04-27 14:21:51 - [MESSAGE][PASSED] - Object: 'Object Repository/WebOffice_Home_page/Page_/a_Members' is clicked on

2020-04-27 14:21:51 - [TEST_STEP][PASSED] - click(findTestObject("Object Repository/WebOffice_Home_page/Page_/a_Complaints")): Object: 'Object Repository/WebOffice_Home_page/Page_/a_Complaints' is clicked on

2020-04-27 14:21:51 - [MESSAGE][PASSED] - Object: 'Object Repository/WebOffice_Home_page/Page_/a_Complaints' is clicked on

2020-04-27 14:21:51 - [TEST_STEP][PASSED] - waitForPageLoad(5): Wait for page load successfully

2020-04-27 14:21:51 - [MESSAGE][PASSED] - Wait for page load successfully

2020-04-27 14:21:51 - [TEST_STEP][PASSED] - waitForElementClickable(findTestObject("Object Repository/WebOffice_Home_page/Page_/a_Member Complaints"), 5): Object 'Object Repository/WebOffice_Home_page/Page_/a_Member Complaints' is clickable

2020-04-27 14:21:51 - [MESSAGE][PASSED] - Object 'Object Repository/WebOffice_Home_page/Page_/a_Member Complaints' is clickable

2020-04-27 14:21:51 - [TEST_STEP][PASSED] - click(findTestObject("Object Repository/WebOffice_Home_page/Page_/a_Member Complaints")): Object: 'Object Repository/WebOffice_Home_page/Page_/a_Member Complaints' is clicked on

2020-04-27 14:21:58 - [MESSAGE][PASSED] - Object: 'Object Repository/WebOffice_Home_page/Page_/a_Member Complaints' is clicked on

2020-04-27 14:21:58 - [MESSAGE][PASSED] - Call Test Case 'Test Cases/Reusable_Test_Sequences/Web_Office/Navigation/Sub_Menu_Navigation/Reports/Members_Complaints' successfully

2020-04-27 14:21:58 - [TEST_STEP][PASSED] - "--------------------------------------": null

2020-04-27 14:21:58 - [TEST_STEP][PASSED] - " Verify Returned Page Detail          |": null

2020-04-27 14:21:58 - [TEST_STEP][PASSED] - callTestCase(findTestCase("Reusable_Test_Sequences/Web_Office/Verification/Reports/Members_Complaints"), [:], OPTIONAL): Call Test Case 'Test Cases/Reusable_Test_Sequences/Web_Office/Verification/Reports/Members_Complaints' successfully

2020-04-27 14:21:59 - [TEST_CASE][PASSED] - Test Cases/Reusable_Test_Sequences/Web_Office/Verification/Reports/Members_Complaints: Test Cases/Reusable_Test_Sequences/Web_Office/Verification/Reports/Members_Complaints

2020-04-27 14:21:59 - [TEST_STEP][PASSED] - waitForPageLoad(120): Wait for page load successfully

2020-04-27 14:21:59 - [MESSAGE][PASSED] - Wait for page load successfully

2020-04-27 14:21:59 - [TEST_STEP][PASSED] - delay(1): Delayed 1 second(s)

2020-04-27 14:22:00 - [MESSAGE][PASSED] - Delayed 1 second(s)

2020-04-27 14:22:00 - [TEST_STEP][PASSED] - verifyTextPresent("Member Complaints", false): Text 'Member Complaints' is present on page 

2020-04-27 14:22:01 - [MESSAGE][PASSED] - Text 'Member Complaints' is present on page 

2020-04-27 14:22:01 - [TEST_STEP][PASSED] - "----------------------------------------------": null

2020-04-27 14:22:01 - [TEST_STEP][PASSED] - verifyTextPresent("All Available Dates", false): Text 'All Available Dates' is present on page 

2020-04-27 14:22:02 - [MESSAGE][PASSED] - Text 'All Available Dates' is present on page 

2020-04-27 14:22:02 - [TEST_STEP][PASSED] - verifyTextPresent("Trading Standards Area Filter", false): Text 'Trading Standards Area Filter' is present on page 

2020-04-27 14:22:04 - [MESSAGE][PASSED] - Text 'Trading Standards Area Filter' is present on page 

2020-04-27 14:22:04 - [TEST_STEP][PASSED] - verifyTextPresent("Complaint Nature", false): Text 'Complaint Nature' is present on page 

2020-04-27 14:22:05 - [MESSAGE][PASSED] - Text 'Complaint Nature' is present on page 

2020-04-27 14:22:05 - [TEST_STEP][PASSED] - verifyTextPresent("Directory Heading", false): Text 'Directory Heading' is present on page 

2020-04-27 14:22:06 - [MESSAGE][PASSED] - Text 'Directory Heading' is present on page 

2020-04-27 14:22:06 - [TEST_STEP][PASSED] - verifyTextPresent("Company", false): Text 'Company' is present on page 

2020-04-27 14:22:07 - [MESSAGE][PASSED] - Text 'Company' is present on page 

2020-04-27 14:22:07 - [TEST_STEP][PASSED] - verifyTextPresent("Total FBCs", false): Text 'Total FBCs' is present on page 

2020-04-27 14:22:08 - [MESSAGE][PASSED] - Text 'Total FBCs' is present on page 

2020-04-27 14:22:09 - [TEST_STEP][PASSED] - verifyTextPresent("Complaints", false): Text 'Complaints' is present on page 

2020-04-27 14:22:10 - [MESSAGE][PASSED] - Text 'Complaints' is present on page 

2020-04-27 14:22:10 - [TEST_STEP][PASSED] - verifyTextPresent("Failed Spot Check", false): Text 'Failed Spot Check' is present on page 

2020-04-27 14:22:11 - [MESSAGE][PASSED] - Text 'Failed Spot Check' is present on page 

2020-04-27 14:22:11 - [TEST_STEP][PASSED] - verifyTextPresent("Negative Vs Positive", false): Text 'Negative Vs Positive' is present on page 

2020-04-27 14:22:12 - [MESSAGE][PASSED] - Text 'Negative Vs Positive' is present on page 

2020-04-27 14:22:12 - [TEST_STEP][PASSED] - verifyTextPresent("On Probation", false): Text 'On Probation' is present on page 

2020-04-27 14:22:12 - [MESSAGE][PASSED] - Text 'On Probation' is present on page 

2020-04-27 14:22:12 - [TEST_STEP][PASSED] - verifyTextPresent("On Warning", false): Text 'On Warning' is present on page 

2020-04-27 14:22:13 - [MESSAGE][PASSED] - Text 'On Warning' is present on page 

2020-04-27 14:22:13 - [TEST_STEP][PASSED] - verifyTextPresent("FBC Probation", false): Text 'FBC Probation' is present on page 

2020-04-27 14:22:14 - [MESSAGE][PASSED] - Text 'FBC Probation' is present on page 

2020-04-27 14:22:14 - [TEST_STEP][PASSED] - verifyTextPresent("FBC Warning", false): Text 'FBC Warning' is present on page 

2020-04-27 14:22:14 - [MESSAGE][PASSED] - Text 'FBC Warning' is present on page 

2020-04-27 14:22:14 - [TEST_STEP][PASSED] - verifyTextPresent("Overall Score", false): Text 'Overall Score' is present on page 

2020-04-27 14:22:15 - [MESSAGE][PASSED] - Text 'Overall Score' is present on page 

2020-04-27 14:22:15 - [TEST_STEP][PASSED] - "----------------------------------------------": null

2020-04-27 14:22:15 - [TEST_STEP][PASSED] - verifyTextPresent("Ace Lockfast Locksmiths (Sussex)", false): Text 'Ace Lockfast Locksmiths (Sussex)' is present on page 

2020-04-27 14:22:16 - [MESSAGE][PASSED] - Text 'Ace Lockfast Locksmiths (Sussex)' is present on page 

2020-04-27 14:22:16 - [TEST_STEP][PASSED] - verifyTextPresent("Clean-a-Carpet Ltd", false): Text 'Clean-a-Carpet Ltd' is present on page 

2020-04-27 14:22:16 - [MESSAGE][PASSED] - Text 'Clean-a-Carpet Ltd' is present on page 

2020-04-27 14:22:16 - [MESSAGE][PASSED] - Call Test Case 'Test Cases/Reusable_Test_Sequences/Web_Office/Verification/Reports/Members_Complaints' successfully

2020-04-27 14:22:16 - [TEST_STEP][PASSED] - "--------------------------": null

2020-04-27 14:22:16 - [TEST_STEP][PASSED] - " Teardown - CLose Browser |": null

2020-04-27 14:22:16 - [TEST_STEP][PASSED] - callTestCase(findTestCase("Reusable_Test_Sequences/CAT_Teardown"), [:], OPTIONAL): Call Test Case 'Test Cases/Reusable_Test_Sequences/CAT_Teardown' successfully

2020-04-27 14:22:16 - [TEST_CASE][PASSED] - Test Cases/Reusable_Test_Sequences/CAT_Teardown: Test Cases/Reusable_Test_Sequences/CAT_Teardown

2020-04-27 14:22:16 - [TEST_STEP][PASSED] - closeBrowser(): Browser is closed

2020-04-27 14:22:17 - [MESSAGE][PASSED] - Browser is closed

2020-04-27 14:22:17 - [TEST_STEP][PASSED] - super.finalize(): null

2020-04-27 14:22:17 - [TEST_STEP][PASSED] - System.gc(): null

2020-04-27 14:22:17 - [MESSAGE][PASSED] - Call Test Case 'Test Cases/Reusable_Test_Sequences/CAT_Teardown' successfully]]></system-out>
         <system-err><![CDATA[]]></system-err>
      </testcase>
      <testcase name="Test Cases/Web_Office/Reports/Members_Complaints_History" time="26.324" classname="Test Cases/Web_Office/Reports/Members_Complaints_History" status="PASSED">
         <system-out><![CDATA[2020-04-27 14:22:17 - [TEST_CASE][PASSED] - Test Cases/Web_Office/Reports/Members_Complaints_History: Test Cases/Web_Office/Reports/Members_Complaints_History

2020-04-27 14:22:18 - [TEST_STEP][PASSED] - "--------------------------------------": null

2020-04-27 14:22:18 - [TEST_STEP][PASSED] - " Web Office StartUp                  |": null

2020-04-27 14:22:18 - [TEST_STEP][PASSED] - callTestCase(findTestCase("Reusable_Test_Sequences/Web_Office/Directives/WebOffice_StartUp"), [:], STOP_ON_FAILURE): Call Test Case 'Test Cases/Reusable_Test_Sequences/Web_Office/Directives/WebOffice_StartUp' successfully

2020-04-27 14:22:18 - [TEST_CASE][PASSED] - Test Cases/Reusable_Test_Sequences/Web_Office/Directives/WebOffice_StartUp: Test Cases/Reusable_Test_Sequences/Web_Office/Directives/WebOffice_StartUp

2020-04-27 14:22:18 - [TEST_STEP][PASSED] - "-----------------------------------------------------------------------------": null

2020-04-27 14:22:18 - [TEST_STEP][PASSED] - if (URL == "https://www.dev.checkatrade.com/"): null

2020-04-27 14:22:18 - [TEST_STEP][PASSED] - "-----------------------------------------------------------------------------": null

2020-04-27 14:22:18 - [TEST_STEP][PASSED] - if (URL == "https://www.checkatrade.com/"): null

2020-04-27 14:22:18 - [TEST_STEP][PASSED] - "-----------------------------------------------------------------------------": null

2020-04-27 14:22:18 - [TEST_STEP][PASSED] - if (URL == "https://www.preview.checkatrade.com/"): null

2020-04-27 14:22:18 - [TEST_STEP][PASSED] - WebOfficeURL = "https://admin.preview.checkatrade.com/": null

2020-04-27 14:22:18 - [TEST_STEP][PASSED] - if (URL == "https://www.dev2.checkatrade.com/"): null

2020-04-27 14:22:18 - [TEST_STEP][PASSED] - "Set Function Area for "URL_Handler", URL Resolution": null

2020-04-27 14:22:18 - [TEST_STEP][PASSED] - "Do Some Magic with URL(s) See the comments within URL Handler ": null

2020-04-27 14:22:18 - [TEST_STEP][PASSED] - "------------------------------------------------": null

2020-04-27 14:22:18 - [TEST_STEP][PASSED] - "Moved Login Credentials to <Default> profile 22/01/2020": null

2020-04-27 14:22:18 - [TEST_STEP][PASSED] - "------------------------------------------------": null

2020-04-27 14:22:18 - [TEST_STEP][PASSED] - "WebOfficeURL - Set from the ENVIRONMENT PROFILE ": null

2020-04-27 14:22:18 - [TEST_STEP][PASSED] - "OPEN BROWSER": null

2020-04-27 14:22:18 - [TEST_STEP][PASSED] - "eg - https://admin.preview.checkatrade.com/  ": null

2020-04-27 14:22:18 - [TEST_STEP][PASSED] - openBrowser(WebOfficeURL): Browser is opened with url: 'https://admin.preview.checkatrade.com/'

2020-04-27 14:22:18 - [MESSAGE][INFO] - Starting 'Chrome' driver

2020-04-27 14:22:18 - [MESSAGE][INFO] - Action delay is set to 0 milliseconds

2020-04-27 14:22:22 - [MESSAGE][PASSED] - Browser is opened with url: 'https://admin.preview.checkatrade.com/'

2020-04-27 14:22:22 - [TEST_STEP][PASSED] - maximizeWindow(): Current window maximized

2020-04-27 14:22:24 - [MESSAGE][PASSED] - Current window maximized

2020-04-27 14:22:24 - [TEST_STEP][PASSED] - waitForElementClickable(findTestObject("Object Repository/WebOffice/Page_Checkatrade - Administration - Login/Login_Button"), 25): Object 'Object Repository/WebOffice/Page_Checkatrade - Administration - Login/Login_Button' is clickable

2020-04-27 14:22:24 - [MESSAGE][PASSED] - Object 'Object Repository/WebOffice/Page_Checkatrade - Administration - Login/Login_Button' is clickable

2020-04-27 14:22:24 - [TEST_STEP][PASSED] - verifyTextPresent("Checkatrade Web Office", false): Text 'Checkatrade Web Office' is present on page 

2020-04-27 14:22:24 - [MESSAGE][PASSED] - Text 'Checkatrade Web Office' is present on page 

2020-04-27 14:22:24 - [TEST_STEP][PASSED] - verifyTextPresent("Access for staff use only", false): Text 'Access for staff use only' is present on page 

2020-04-27 14:22:24 - [MESSAGE][PASSED] - Text 'Access for staff use only' is present on page 

2020-04-27 14:22:24 - [TEST_STEP][PASSED] - verifyTextPresent("Forgotten password?", false): Text 'Forgotten password?' is present on page 

2020-04-27 14:22:24 - [MESSAGE][PASSED] - Text 'Forgotten password?' is present on page 

2020-04-27 14:22:24 - [TEST_STEP][PASSED] - setText(findTestObject("Object Repository/WebOffice/Page_Checkatrade - Administration - Login/input_Username_LoginControlUserName"), wo_Username): Text 'DavidHo' is set on object 'Object Repository/WebOffice/Page_Checkatrade - Administration - Login/input_Username_LoginControlUserName'

2020-04-27 14:22:24 - [MESSAGE][PASSED] - Text 'DavidHo' is set on object 'Object Repository/WebOffice/Page_Checkatrade - Administration - Login/input_Username_LoginControlUserName'

2020-04-27 14:22:24 - [TEST_STEP][PASSED] - setText(findTestObject("Object Repository/WebOffice/Page_Checkatrade - Administration - Login/input_Password_LoginControlPassword"), wo_Password): Text 'Check123' is set on object 'Object Repository/WebOffice/Page_Checkatrade - Administration - Login/input_Password_LoginControlPassword'

2020-04-27 14:22:25 - [MESSAGE][PASSED] - Text 'Check123' is set on object 'Object Repository/WebOffice/Page_Checkatrade - Administration - Login/input_Password_LoginControlPassword'

2020-04-27 14:22:25 - [TEST_STEP][PASSED] - click(findTestObject("Object Repository/WebOffice/Page_Checkatrade - Administration - Login/Login_Button")): Object: 'Object Repository/WebOffice/Page_Checkatrade - Administration - Login/Login_Button' is clicked on

2020-04-27 14:22:26 - [MESSAGE][PASSED] - Object: 'Object Repository/WebOffice/Page_Checkatrade - Administration - Login/Login_Button' is clicked on

2020-04-27 14:22:26 - [TEST_STEP][PASSED] - waitForPageLoad(60): Wait for page load successfully

2020-04-27 14:22:26 - [MESSAGE][PASSED] - Wait for page load successfully

2020-04-27 14:22:26 - [TEST_STEP][PASSED] - verifyTextPresent("Welcome " + wo_Username, false): Text 'Welcome DavidHo' is present on page 

2020-04-27 14:22:26 - [MESSAGE][PASSED] - Text 'Welcome DavidHo' is present on page 

2020-04-27 14:22:26 - [MESSAGE][PASSED] - Call Test Case 'Test Cases/Reusable_Test_Sequences/Web_Office/Directives/WebOffice_StartUp' successfully

2020-04-27 14:22:26 - [TEST_STEP][PASSED] - "-----------------------------------------------------------------": null

2020-04-27 14:22:26 - [TEST_STEP][PASSED] - " Navigate to <Settings->Checkatrade.Com->Sub Item> Menu Item     |": null

2020-04-27 14:22:26 - [TEST_STEP][PASSED] - callTestCase(findTestCase("Reusable_Test_Sequences/Web_Office/Navigation/Sub_Menu_Navigation/Reports/Members_Complaints_History"), [:], STOP_ON_FAILURE): Call Test Case 'Test Cases/Reusable_Test_Sequences/Web_Office/Navigation/Sub_Menu_Navigation/Reports/Members_Complaints_History' successfully

2020-04-27 14:22:26 - [TEST_CASE][PASSED] - Test Cases/Reusable_Test_Sequences/Web_Office/Navigation/Sub_Menu_Navigation/Reports/Members_Complaints_History: Test Cases/Reusable_Test_Sequences/Web_Office/Navigation/Sub_Menu_Navigation/Reports/Members_Complaints_History

2020-04-27 14:22:27 - [TEST_STEP][PASSED] - "--------------------------------------": null

2020-04-27 14:22:27 - [TEST_STEP][PASSED] - " Navigate Top level menu Item         |": null

2020-04-27 14:22:27 - [TEST_STEP][PASSED] - waitForPageLoad(60): Wait for page load successfully

2020-04-27 14:22:27 - [MESSAGE][PASSED] - Wait for page load successfully

2020-04-27 14:22:27 - [TEST_STEP][PASSED] - waitForElementClickable(findTestObject("Object Repository/WebOffice_Home_page/a_Reports"), 60): Object 'Object Repository/WebOffice_Home_page/a_Reports' is clickable

2020-04-27 14:22:27 - [MESSAGE][PASSED] - Object 'Object Repository/WebOffice_Home_page/a_Reports' is clickable

2020-04-27 14:22:27 - [TEST_STEP][PASSED] - mouseOver(findTestObject("Object Repository/WebOffice_Home_page/a_Reports")): Object: 'Object Repository/WebOffice_Home_page/a_Reports' is hovered

2020-04-27 14:22:27 - [MESSAGE][PASSED] - Object: 'Object Repository/WebOffice_Home_page/a_Reports' is hovered

2020-04-27 14:22:27 - [TEST_STEP][PASSED] - click(findTestObject("Object Repository/WebOffice_Home_page/Page_/a_Members")): Object: 'Object Repository/WebOffice_Home_page/Page_/a_Members' is clicked on

2020-04-27 14:22:27 - [MESSAGE][PASSED] - Object: 'Object Repository/WebOffice_Home_page/Page_/a_Members' is clicked on

2020-04-27 14:22:27 - [TEST_STEP][PASSED] - click(findTestObject("Object Repository/WebOffice_Home_page/Page_/a_Complaints")): Object: 'Object Repository/WebOffice_Home_page/Page_/a_Complaints' is clicked on

2020-04-27 14:22:27 - [MESSAGE][PASSED] - Object: 'Object Repository/WebOffice_Home_page/Page_/a_Complaints' is clicked on

2020-04-27 14:22:27 - [TEST_STEP][PASSED] - waitForPageLoad(5): Wait for page load successfully

2020-04-27 14:22:27 - [MESSAGE][PASSED] - Wait for page load successfully

2020-04-27 14:22:27 - [TEST_STEP][PASSED] - waitForElementClickable(findTestObject("Object Repository/WebOffice_Home_page/Page_/a_Complaints History"), 5): Object 'Object Repository/WebOffice_Home_page/Page_/a_Complaints History' is clickable

2020-04-27 14:22:27 - [MESSAGE][PASSED] - Object 'Object Repository/WebOffice_Home_page/Page_/a_Complaints History' is clickable

2020-04-27 14:22:27 - [TEST_STEP][PASSED] - click(findTestObject("Object Repository/WebOffice_Home_page/Page_/a_Complaints History")): Object: 'Object Repository/WebOffice_Home_page/Page_/a_Complaints History' is clicked on

2020-04-27 14:22:28 - [MESSAGE][PASSED] - Object: 'Object Repository/WebOffice_Home_page/Page_/a_Complaints History' is clicked on

2020-04-27 14:22:28 - [MESSAGE][PASSED] - Call Test Case 'Test Cases/Reusable_Test_Sequences/Web_Office/Navigation/Sub_Menu_Navigation/Reports/Members_Complaints_History' successfully

2020-04-27 14:22:28 - [TEST_STEP][PASSED] - "--------------------------------------": null

2020-04-27 14:22:28 - [TEST_STEP][PASSED] - " Verify Returned Page Detail          |": null

2020-04-27 14:22:28 - [TEST_STEP][PASSED] - callTestCase(findTestCase("Reusable_Test_Sequences/Web_Office/Verification/Reports/Members_Complaints_History"), [:], OPTIONAL): Call Test Case 'Test Cases/Reusable_Test_Sequences/Web_Office/Verification/Reports/Members_Complaints_History' successfully

2020-04-27 14:22:28 - [TEST_CASE][PASSED] - Test Cases/Reusable_Test_Sequences/Web_Office/Verification/Reports/Members_Complaints_History: Test Cases/Reusable_Test_Sequences/Web_Office/Verification/Reports/Members_Complaints_History

2020-04-27 14:22:28 - [TEST_STEP][PASSED] - waitForPageLoad(120): Wait for page load successfully

2020-04-27 14:22:28 - [MESSAGE][PASSED] - Wait for page load successfully

2020-04-27 14:22:28 - [TEST_STEP][PASSED] - delay(1): Delayed 1 second(s)

2020-04-27 14:22:29 - [MESSAGE][PASSED] - Delayed 1 second(s)

2020-04-27 14:22:29 - [TEST_STEP][PASSED] - verifyTextPresent("Complaints History", false): Text 'Complaints History' is present on page 

2020-04-27 14:22:30 - [MESSAGE][PASSED] - Text 'Complaints History' is present on page 

2020-04-27 14:22:30 - [TEST_STEP][PASSED] - "----------------------------------------------": null

2020-04-27 14:22:30 - [TEST_STEP][PASSED] - verifyTextPresent("Filter on complaint creation date", false): Text 'Filter on complaint creation date' is present on page 

2020-04-27 14:22:31 - [MESSAGE][PASSED] - Text 'Filter on complaint creation date' is present on page 

2020-04-27 14:22:31 - [TEST_STEP][PASSED] - verifyTextPresent("Company", false): Text 'Company' is present on page 

2020-04-27 14:22:31 - [MESSAGE][PASSED] - Text 'Company' is present on page 

2020-04-27 14:22:31 - [TEST_STEP][PASSED] - "----------------------------------------------": null

2020-04-27 14:22:31 - [TEST_STEP][PASSED] - verifyTextPresent("Status", false): Text 'Status' is present on page 

2020-04-27 14:22:32 - [MESSAGE][PASSED] - Text 'Status' is present on page 

2020-04-27 14:22:32 - [TEST_STEP][PASSED] - verifyTextPresent("Source", false): Text 'Source' is present on page 

2020-04-27 14:22:33 - [MESSAGE][PASSED] - Text 'Source' is present on page 

2020-04-27 14:22:33 - [TEST_STEP][PASSED] - verifyTextPresent("Complaint Nature", false): Text 'Complaint Nature' is present on page 

2020-04-27 14:22:33 - [MESSAGE][PASSED] - Text 'Complaint Nature' is present on page 

2020-04-27 14:22:33 - [TEST_STEP][PASSED] - verifyTextPresent("Days to Reply", false): Text 'Days to Reply' is present on page 

2020-04-27 14:22:34 - [MESSAGE][PASSED] - Text 'Days to Reply' is present on page 

2020-04-27 14:22:34 - [TEST_STEP][PASSED] - verifyTextPresent("Days to Publish", false): Text 'Days to Publish' is present on page 

2020-04-27 14:22:35 - [MESSAGE][PASSED] - Text 'Days to Publish' is present on page 

2020-04-27 14:22:35 - [TEST_STEP][PASSED] - verifyTextPresent("Complaint Type", false): Text 'Complaint Type' is present on page 

2020-04-27 14:22:36 - [MESSAGE][PASSED] - Text 'Complaint Type' is present on page 

2020-04-27 14:22:36 - [TEST_STEP][PASSED] - verifyTextPresent("Customer", false): Text 'Customer' is present on page 

2020-04-27 14:22:36 - [MESSAGE][PASSED] - Text 'Customer' is present on page 

2020-04-27 14:22:36 - [TEST_STEP][PASSED] - verifyTextPresent("Received", false): Text 'Received' is present on page 

2020-04-27 14:22:37 - [MESSAGE][PASSED] - Text 'Received' is present on page 

2020-04-27 14:22:37 - [TEST_STEP][PASSED] - verifyTextPresent("Trade Reply-by Date", false): Text 'Trade Reply-by Date' is present on page 

2020-04-27 14:22:38 - [MESSAGE][PASSED] - Text 'Trade Reply-by Date' is present on page 

2020-04-27 14:22:38 - [TEST_STEP][PASSED] - verifyTextPresent("Published Date", false): Text 'Published Date' is present on page 

2020-04-27 14:22:39 - [MESSAGE][PASSED] - Text 'Published Date' is present on page 

2020-04-27 14:22:39 - [TEST_STEP][PASSED] - verifyTextPresent("Outcome", false): Text 'Outcome' is present on page 

2020-04-27 14:22:40 - [MESSAGE][PASSED] - Text 'Outcome' is present on page 

2020-04-27 14:22:40 - [TEST_STEP][PASSED] - verifyTextPresent("rading Standards Office", false): Text 'rading Standards Office' is present on page 

2020-04-27 14:22:40 - [MESSAGE][PASSED] - Text 'rading Standards Office' is present on page 

2020-04-27 14:22:40 - [TEST_STEP][PASSED] - "----------------------------------------------": null

2020-04-27 14:22:40 - [TEST_STEP][PASSED] - verifyTextPresent("Test Account", false): Text 'Test Account' is present on page 

2020-04-27 14:22:41 - [MESSAGE][PASSED] - Text 'Test Account' is present on page 

2020-04-27 14:22:41 - [TEST_STEP][PASSED] - verifyTextPresent("No Work Carried Out", false): Text 'No Work Carried Out' is present on page 

2020-04-27 14:22:42 - [MESSAGE][PASSED] - Text 'No Work Carried Out' is present on page 

2020-04-27 14:22:42 - [TEST_STEP][PASSED] - verifyTextPresent("Andy Austen Kitchens", false): Text 'Andy Austen Kitchens' is present on page 

2020-04-27 14:22:42 - [MESSAGE][PASSED] - Text 'Andy Austen Kitchens' is present on page 

2020-04-27 14:22:42 - [TEST_STEP][PASSED] - verifyTextPresent("Mr Ron Smith", false): Text 'Mr Ron Smith' is present on page 

2020-04-27 14:22:43 - [MESSAGE][PASSED] - Text 'Mr Ron Smith' is present on page 

2020-04-27 14:22:43 - [MESSAGE][PASSED] - Call Test Case 'Test Cases/Reusable_Test_Sequences/Web_Office/Verification/Reports/Members_Complaints_History' successfully

2020-04-27 14:22:43 - [TEST_STEP][PASSED] - "--------------------------": null

2020-04-27 14:22:43 - [TEST_STEP][PASSED] - " Teardown - CLose Browser |": null

2020-04-27 14:22:43 - [TEST_STEP][PASSED] - callTestCase(findTestCase("Reusable_Test_Sequences/CAT_Teardown"), [:], OPTIONAL): Call Test Case 'Test Cases/Reusable_Test_Sequences/CAT_Teardown' successfully

2020-04-27 14:22:43 - [TEST_CASE][PASSED] - Test Cases/Reusable_Test_Sequences/CAT_Teardown: Test Cases/Reusable_Test_Sequences/CAT_Teardown

2020-04-27 14:22:43 - [TEST_STEP][PASSED] - closeBrowser(): Browser is closed

2020-04-27 14:22:44 - [MESSAGE][PASSED] - Browser is closed

2020-04-27 14:22:44 - [TEST_STEP][PASSED] - super.finalize(): null

2020-04-27 14:22:44 - [TEST_STEP][PASSED] - System.gc(): null

2020-04-27 14:22:44 - [MESSAGE][PASSED] - Call Test Case 'Test Cases/Reusable_Test_Sequences/CAT_Teardown' successfully]]></system-out>
         <system-err><![CDATA[]]></system-err>
      </testcase>
      <testcase name="Test Cases/Web_Office/Reports/Total_Leads_Enquiries" time="12.363" classname="Test Cases/Web_Office/Reports/Total_Leads_Enquiries" status="PASSED">
         <system-out><![CDATA[2020-04-27 14:22:44 - [TEST_CASE][PASSED] - Test Cases/Web_Office/Reports/Total_Leads_Enquiries: Test Cases/Web_Office/Reports/Total_Leads_Enquiries

2020-04-27 14:22:44 - [TEST_STEP][PASSED] - "--------------------------------------": null

2020-04-27 14:22:44 - [TEST_STEP][PASSED] - " Web Office StartUp                   |": null

2020-04-27 14:22:44 - [TEST_STEP][PASSED] - callTestCase(findTestCase("Reusable_Test_Sequences/Web_Office/Directives/WebOffice_StartUp"), [:], STOP_ON_FAILURE): Call Test Case 'Test Cases/Reusable_Test_Sequences/Web_Office/Directives/WebOffice_StartUp' successfully

2020-04-27 14:22:44 - [TEST_CASE][PASSED] - Test Cases/Reusable_Test_Sequences/Web_Office/Directives/WebOffice_StartUp: Test Cases/Reusable_Test_Sequences/Web_Office/Directives/WebOffice_StartUp

2020-04-27 14:22:44 - [TEST_STEP][PASSED] - "-----------------------------------------------------------------------------": null

2020-04-27 14:22:44 - [TEST_STEP][PASSED] - if (URL == "https://www.dev.checkatrade.com/"): null

2020-04-27 14:22:44 - [TEST_STEP][PASSED] - "-----------------------------------------------------------------------------": null

2020-04-27 14:22:44 - [TEST_STEP][PASSED] - if (URL == "https://www.checkatrade.com/"): null

2020-04-27 14:22:44 - [TEST_STEP][PASSED] - "-----------------------------------------------------------------------------": null

2020-04-27 14:22:44 - [TEST_STEP][PASSED] - if (URL == "https://www.preview.checkatrade.com/"): null

2020-04-27 14:22:44 - [TEST_STEP][PASSED] - WebOfficeURL = "https://admin.preview.checkatrade.com/": null

2020-04-27 14:22:44 - [TEST_STEP][PASSED] - if (URL == "https://www.dev2.checkatrade.com/"): null

2020-04-27 14:22:44 - [TEST_STEP][PASSED] - "Set Function Area for "URL_Handler", URL Resolution": null

2020-04-27 14:22:44 - [TEST_STEP][PASSED] - "Do Some Magic with URL(s) See the comments within URL Handler ": null

2020-04-27 14:22:44 - [TEST_STEP][PASSED] - "------------------------------------------------": null

2020-04-27 14:22:44 - [TEST_STEP][PASSED] - "Moved Login Credentials to <Default> profile 22/01/2020": null

2020-04-27 14:22:44 - [TEST_STEP][PASSED] - "------------------------------------------------": null

2020-04-27 14:22:44 - [TEST_STEP][PASSED] - "WebOfficeURL - Set from the ENVIRONMENT PROFILE ": null

2020-04-27 14:22:44 - [TEST_STEP][PASSED] - "OPEN BROWSER": null

2020-04-27 14:22:44 - [TEST_STEP][PASSED] - "eg - https://admin.preview.checkatrade.com/  ": null

2020-04-27 14:22:44 - [TEST_STEP][PASSED] - openBrowser(WebOfficeURL): Browser is opened with url: 'https://admin.preview.checkatrade.com/'

2020-04-27 14:22:44 - [MESSAGE][INFO] - Starting 'Chrome' driver

2020-04-27 14:22:44 - [MESSAGE][INFO] - Action delay is set to 0 milliseconds

2020-04-27 14:22:48 - [MESSAGE][PASSED] - Browser is opened with url: 'https://admin.preview.checkatrade.com/'

2020-04-27 14:22:48 - [TEST_STEP][PASSED] - maximizeWindow(): Current window maximized

2020-04-27 14:22:50 - [MESSAGE][PASSED] - Current window maximized

2020-04-27 14:22:50 - [TEST_STEP][PASSED] - waitForElementClickable(findTestObject("Object Repository/WebOffice/Page_Checkatrade - Administration - Login/Login_Button"), 25): Object 'Object Repository/WebOffice/Page_Checkatrade - Administration - Login/Login_Button' is clickable

2020-04-27 14:22:51 - [MESSAGE][PASSED] - Object 'Object Repository/WebOffice/Page_Checkatrade - Administration - Login/Login_Button' is clickable

2020-04-27 14:22:51 - [TEST_STEP][PASSED] - verifyTextPresent("Checkatrade Web Office", false): Text 'Checkatrade Web Office' is present on page 

2020-04-27 14:22:51 - [MESSAGE][PASSED] - Text 'Checkatrade Web Office' is present on page 

2020-04-27 14:22:51 - [TEST_STEP][PASSED] - verifyTextPresent("Access for staff use only", false): Text 'Access for staff use only' is present on page 

2020-04-27 14:22:51 - [MESSAGE][PASSED] - Text 'Access for staff use only' is present on page 

2020-04-27 14:22:51 - [TEST_STEP][PASSED] - verifyTextPresent("Forgotten password?", false): Text 'Forgotten password?' is present on page 

2020-04-27 14:22:51 - [MESSAGE][PASSED] - Text 'Forgotten password?' is present on page 

2020-04-27 14:22:51 - [TEST_STEP][PASSED] - setText(findTestObject("Object Repository/WebOffice/Page_Checkatrade - Administration - Login/input_Username_LoginControlUserName"), wo_Username): Text 'DavidHo' is set on object 'Object Repository/WebOffice/Page_Checkatrade - Administration - Login/input_Username_LoginControlUserName'

2020-04-27 14:22:51 - [MESSAGE][PASSED] - Text 'DavidHo' is set on object 'Object Repository/WebOffice/Page_Checkatrade - Administration - Login/input_Username_LoginControlUserName'

2020-04-27 14:22:51 - [TEST_STEP][PASSED] - setText(findTestObject("Object Repository/WebOffice/Page_Checkatrade - Administration - Login/input_Password_LoginControlPassword"), wo_Password): Text 'Check123' is set on object 'Object Repository/WebOffice/Page_Checkatrade - Administration - Login/input_Password_LoginControlPassword'

2020-04-27 14:22:51 - [MESSAGE][PASSED] - Text 'Check123' is set on object 'Object Repository/WebOffice/Page_Checkatrade - Administration - Login/input_Password_LoginControlPassword'

2020-04-27 14:22:51 - [TEST_STEP][PASSED] - click(findTestObject("Object Repository/WebOffice/Page_Checkatrade - Administration - Login/Login_Button")): Object: 'Object Repository/WebOffice/Page_Checkatrade - Administration - Login/Login_Button' is clicked on

2020-04-27 14:22:52 - [MESSAGE][PASSED] - Object: 'Object Repository/WebOffice/Page_Checkatrade - Administration - Login/Login_Button' is clicked on

2020-04-27 14:22:52 - [TEST_STEP][PASSED] - waitForPageLoad(60): Wait for page load successfully

2020-04-27 14:22:52 - [MESSAGE][PASSED] - Wait for page load successfully

2020-04-27 14:22:52 - [TEST_STEP][PASSED] - verifyTextPresent("Welcome " + wo_Username, false): Text 'Welcome DavidHo' is present on page 

2020-04-27 14:22:52 - [MESSAGE][PASSED] - Text 'Welcome DavidHo' is present on page 

2020-04-27 14:22:52 - [MESSAGE][PASSED] - Call Test Case 'Test Cases/Reusable_Test_Sequences/Web_Office/Directives/WebOffice_StartUp' successfully

2020-04-27 14:22:52 - [TEST_STEP][PASSED] - "-----------------------------------------------------------------": null

2020-04-27 14:22:52 - [TEST_STEP][PASSED] - " Navigate to <Settings->Checkatrade.Com->Sub Item> Menu Item     |": null

2020-04-27 14:22:52 - [TEST_STEP][PASSED] - callTestCase(findTestCase("Reusable_Test_Sequences/Web_Office/Navigation/Sub_Menu_Navigation/Reports/Total_Leads_Enquiries"), [:], STOP_ON_FAILURE): Call Test Case 'Test Cases/Reusable_Test_Sequences/Web_Office/Navigation/Sub_Menu_Navigation/Reports/Total_Leads_Enquiries' successfully

2020-04-27 14:22:52 - [TEST_CASE][PASSED] - Test Cases/Reusable_Test_Sequences/Web_Office/Navigation/Sub_Menu_Navigation/Reports/Total_Leads_Enquiries: Test Cases/Reusable_Test_Sequences/Web_Office/Navigation/Sub_Menu_Navigation/Reports/Total_Leads_Enquiries

2020-04-27 14:22:52 - [TEST_STEP][PASSED] - "--------------------------------------": null

2020-04-27 14:22:52 - [TEST_STEP][PASSED] - " Navigate Top level menu Item         |": null

2020-04-27 14:22:52 - [TEST_STEP][PASSED] - waitForPageLoad(60): Wait for page load successfully

2020-04-27 14:22:52 - [MESSAGE][PASSED] - Wait for page load successfully

2020-04-27 14:22:52 - [TEST_STEP][PASSED] - waitForElementClickable(findTestObject("Object Repository/WebOffice_Home_page/a_Reports"), 60): Object 'Object Repository/WebOffice_Home_page/a_Reports' is clickable

2020-04-27 14:22:53 - [MESSAGE][PASSED] - Object 'Object Repository/WebOffice_Home_page/a_Reports' is clickable

2020-04-27 14:22:53 - [TEST_STEP][PASSED] - mouseOver(findTestObject("Object Repository/WebOffice_Home_page/a_Reports")): Object: 'Object Repository/WebOffice_Home_page/a_Reports' is hovered

2020-04-27 14:22:53 - [MESSAGE][PASSED] - Object: 'Object Repository/WebOffice_Home_page/a_Reports' is hovered

2020-04-27 14:22:53 - [TEST_STEP][PASSED] - click(findTestObject("Object Repository/WebOffice_Home_page/Page_/a_Members")): Object: 'Object Repository/WebOffice_Home_page/Page_/a_Members' is clicked on

2020-04-27 14:22:53 - [MESSAGE][PASSED] - Object: 'Object Repository/WebOffice_Home_page/Page_/a_Members' is clicked on

2020-04-27 14:22:53 - [TEST_STEP][PASSED] - waitForPageLoad(5): Wait for page load successfully

2020-04-27 14:22:53 - [MESSAGE][PASSED] - Wait for page load successfully

2020-04-27 14:22:53 - [TEST_STEP][PASSED] - waitForElementClickable(findTestObject("Object Repository/WebOffice_Home_page/Page_/a_Total Leads and Enquiries"), 5): Object 'Object Repository/WebOffice_Home_page/Page_/a_Total Leads and Enquiries' is clickable

2020-04-27 14:22:53 - [MESSAGE][PASSED] - Object 'Object Repository/WebOffice_Home_page/Page_/a_Total Leads and Enquiries' is clickable

2020-04-27 14:22:53 - [TEST_STEP][PASSED] - click(findTestObject("Object Repository/WebOffice_Home_page/Page_/a_Total Leads and Enquiries")): Object: 'Object Repository/WebOffice_Home_page/Page_/a_Total Leads and Enquiries' is clicked on

2020-04-27 14:22:53 - [MESSAGE][PASSED] - Object: 'Object Repository/WebOffice_Home_page/Page_/a_Total Leads and Enquiries' is clicked on

2020-04-27 14:22:53 - [MESSAGE][PASSED] - Call Test Case 'Test Cases/Reusable_Test_Sequences/Web_Office/Navigation/Sub_Menu_Navigation/Reports/Total_Leads_Enquiries' successfully

2020-04-27 14:22:53 - [TEST_STEP][PASSED] - "--------------------------------------": null

2020-04-27 14:22:53 - [TEST_STEP][PASSED] - " Verify Returned Page Detail          |": null

2020-04-27 14:22:53 - [TEST_STEP][PASSED] - callTestCase(findTestCase("Reusable_Test_Sequences/Web_Office/Verification/Reports/Total_Leads_Enquiries"), [:], OPTIONAL): Call Test Case 'Test Cases/Reusable_Test_Sequences/Web_Office/Verification/Reports/Total_Leads_Enquiries' successfully

2020-04-27 14:22:53 - [TEST_CASE][PASSED] - Test Cases/Reusable_Test_Sequences/Web_Office/Verification/Reports/Total_Leads_Enquiries: Test Cases/Reusable_Test_Sequences/Web_Office/Verification/Reports/Total_Leads_Enquiries

2020-04-27 14:22:54 - [TEST_STEP][PASSED] - waitForPageLoad(120): Wait for page load successfully

2020-04-27 14:22:54 - [MESSAGE][PASSED] - Wait for page load successfully

2020-04-27 14:22:54 - [TEST_STEP][PASSED] - delay(1): Delayed 1 second(s)

2020-04-27 14:22:55 - [MESSAGE][PASSED] - Delayed 1 second(s)

2020-04-27 14:22:55 - [TEST_STEP][PASSED] - verifyTextPresent("Total Number of Enquiries and Leads", false): Text 'Total Number of Enquiries and Leads' is present on page 

2020-04-27 14:22:55 - [MESSAGE][PASSED] - Text 'Total Number of Enquiries and Leads' is present on page 

2020-04-27 14:22:55 - [TEST_STEP][PASSED] - "----------------------------------------------": null

2020-04-27 14:22:55 - [TEST_STEP][PASSED] - verifyTextPresent("From", false): Text 'From' is present on page 

2020-04-27 14:22:55 - [MESSAGE][PASSED] - Text 'From' is present on page 

2020-04-27 14:22:55 - [TEST_STEP][PASSED] - verifyTextPresent("To", false): Text 'To' is present on page 

2020-04-27 14:22:55 - [MESSAGE][PASSED] - Text 'To' is present on page 

2020-04-27 14:22:55 - [MESSAGE][PASSED] - Call Test Case 'Test Cases/Reusable_Test_Sequences/Web_Office/Verification/Reports/Total_Leads_Enquiries' successfully

2020-04-27 14:22:55 - [TEST_STEP][PASSED] - "--------------------------": null

2020-04-27 14:22:55 - [TEST_STEP][PASSED] - " Teardown - CLose Browser |": null

2020-04-27 14:22:55 - [TEST_STEP][PASSED] - callTestCase(findTestCase("Reusable_Test_Sequences/CAT_Teardown"), [:], OPTIONAL): Call Test Case 'Test Cases/Reusable_Test_Sequences/CAT_Teardown' successfully

2020-04-27 14:22:55 - [TEST_CASE][PASSED] - Test Cases/Reusable_Test_Sequences/CAT_Teardown: Test Cases/Reusable_Test_Sequences/CAT_Teardown

2020-04-27 14:22:55 - [TEST_STEP][PASSED] - closeBrowser(): Browser is closed

2020-04-27 14:22:56 - [MESSAGE][PASSED] - Browser is closed

2020-04-27 14:22:56 - [TEST_STEP][PASSED] - super.finalize(): null

2020-04-27 14:22:56 - [TEST_STEP][PASSED] - System.gc(): null

2020-04-27 14:22:56 - [MESSAGE][PASSED] - Call Test Case 'Test Cases/Reusable_Test_Sequences/CAT_Teardown' successfully]]></system-out>
         <system-err><![CDATA[]]></system-err>
      </testcase>
      <testcase name="Test Cases/Web_Office/Reports/Leads_For_All_Companies" time="13.135" classname="Test Cases/Web_Office/Reports/Leads_For_All_Companies" status="PASSED">
         <system-out><![CDATA[2020-04-27 14:22:56 - [TEST_CASE][PASSED] - Test Cases/Web_Office/Reports/Leads_For_All_Companies: Test Cases/Web_Office/Reports/Leads_For_All_Companies

2020-04-27 14:22:56 - [TEST_STEP][PASSED] - "--------------------------------------": null

2020-04-27 14:22:56 - [TEST_STEP][PASSED] - " Web Office StartUp                   |": null

2020-04-27 14:22:56 - [TEST_STEP][PASSED] - callTestCase(findTestCase("Reusable_Test_Sequences/Web_Office/Directives/WebOffice_StartUp"), [:], STOP_ON_FAILURE): Call Test Case 'Test Cases/Reusable_Test_Sequences/Web_Office/Directives/WebOffice_StartUp' successfully

2020-04-27 14:22:57 - [TEST_CASE][PASSED] - Test Cases/Reusable_Test_Sequences/Web_Office/Directives/WebOffice_StartUp: Test Cases/Reusable_Test_Sequences/Web_Office/Directives/WebOffice_StartUp

2020-04-27 14:22:57 - [TEST_STEP][PASSED] - "-----------------------------------------------------------------------------": null

2020-04-27 14:22:57 - [TEST_STEP][PASSED] - if (URL == "https://www.dev.checkatrade.com/"): null

2020-04-27 14:22:57 - [TEST_STEP][PASSED] - "-----------------------------------------------------------------------------": null

2020-04-27 14:22:57 - [TEST_STEP][PASSED] - if (URL == "https://www.checkatrade.com/"): null

2020-04-27 14:22:57 - [TEST_STEP][PASSED] - "-----------------------------------------------------------------------------": null

2020-04-27 14:22:57 - [TEST_STEP][PASSED] - if (URL == "https://www.preview.checkatrade.com/"): null

2020-04-27 14:22:57 - [TEST_STEP][PASSED] - WebOfficeURL = "https://admin.preview.checkatrade.com/": null

2020-04-27 14:22:57 - [TEST_STEP][PASSED] - if (URL == "https://www.dev2.checkatrade.com/"): null

2020-04-27 14:22:57 - [TEST_STEP][PASSED] - "Set Function Area for "URL_Handler", URL Resolution": null

2020-04-27 14:22:57 - [TEST_STEP][PASSED] - "Do Some Magic with URL(s) See the comments within URL Handler ": null

2020-04-27 14:22:57 - [TEST_STEP][PASSED] - "------------------------------------------------": null

2020-04-27 14:22:57 - [TEST_STEP][PASSED] - "Moved Login Credentials to <Default> profile 22/01/2020": null

2020-04-27 14:22:57 - [TEST_STEP][PASSED] - "------------------------------------------------": null

2020-04-27 14:22:57 - [TEST_STEP][PASSED] - "WebOfficeURL - Set from the ENVIRONMENT PROFILE ": null

2020-04-27 14:22:57 - [TEST_STEP][PASSED] - "OPEN BROWSER": null

2020-04-27 14:22:57 - [TEST_STEP][PASSED] - "eg - https://admin.preview.checkatrade.com/  ": null

2020-04-27 14:22:57 - [TEST_STEP][PASSED] - openBrowser(WebOfficeURL): Browser is opened with url: 'https://admin.preview.checkatrade.com/'

2020-04-27 14:22:57 - [MESSAGE][INFO] - Starting 'Chrome' driver

2020-04-27 14:22:57 - [MESSAGE][INFO] - Action delay is set to 0 milliseconds

2020-04-27 14:23:01 - [MESSAGE][PASSED] - Browser is opened with url: 'https://admin.preview.checkatrade.com/'

2020-04-27 14:23:01 - [TEST_STEP][PASSED] - maximizeWindow(): Current window maximized

2020-04-27 14:23:03 - [MESSAGE][PASSED] - Current window maximized

2020-04-27 14:23:03 - [TEST_STEP][PASSED] - waitForElementClickable(findTestObject("Object Repository/WebOffice/Page_Checkatrade - Administration - Login/Login_Button"), 25): Object 'Object Repository/WebOffice/Page_Checkatrade - Administration - Login/Login_Button' is clickable

2020-04-27 14:23:03 - [MESSAGE][PASSED] - Object 'Object Repository/WebOffice/Page_Checkatrade - Administration - Login/Login_Button' is clickable

2020-04-27 14:23:03 - [TEST_STEP][PASSED] - verifyTextPresent("Checkatrade Web Office", false): Text 'Checkatrade Web Office' is present on page 

2020-04-27 14:23:03 - [MESSAGE][PASSED] - Text 'Checkatrade Web Office' is present on page 

2020-04-27 14:23:03 - [TEST_STEP][PASSED] - verifyTextPresent("Access for staff use only", false): Text 'Access for staff use only' is present on page 

2020-04-27 14:23:03 - [MESSAGE][PASSED] - Text 'Access for staff use only' is present on page 

2020-04-27 14:23:03 - [TEST_STEP][PASSED] - verifyTextPresent("Forgotten password?", false): Text 'Forgotten password?' is present on page 

2020-04-27 14:23:03 - [MESSAGE][PASSED] - Text 'Forgotten password?' is present on page 

2020-04-27 14:23:03 - [TEST_STEP][PASSED] - setText(findTestObject("Object Repository/WebOffice/Page_Checkatrade - Administration - Login/input_Username_LoginControlUserName"), wo_Username): Text 'DavidHo' is set on object 'Object Repository/WebOffice/Page_Checkatrade - Administration - Login/input_Username_LoginControlUserName'

2020-04-27 14:23:03 - [MESSAGE][PASSED] - Text 'DavidHo' is set on object 'Object Repository/WebOffice/Page_Checkatrade - Administration - Login/input_Username_LoginControlUserName'

2020-04-27 14:23:03 - [TEST_STEP][PASSED] - setText(findTestObject("Object Repository/WebOffice/Page_Checkatrade - Administration - Login/input_Password_LoginControlPassword"), wo_Password): Text 'Check123' is set on object 'Object Repository/WebOffice/Page_Checkatrade - Administration - Login/input_Password_LoginControlPassword'

2020-04-27 14:23:03 - [MESSAGE][PASSED] - Text 'Check123' is set on object 'Object Repository/WebOffice/Page_Checkatrade - Administration - Login/input_Password_LoginControlPassword'

2020-04-27 14:23:03 - [TEST_STEP][PASSED] - click(findTestObject("Object Repository/WebOffice/Page_Checkatrade - Administration - Login/Login_Button")): Object: 'Object Repository/WebOffice/Page_Checkatrade - Administration - Login/Login_Button' is clicked on

2020-04-27 14:23:04 - [MESSAGE][PASSED] - Object: 'Object Repository/WebOffice/Page_Checkatrade - Administration - Login/Login_Button' is clicked on

2020-04-27 14:23:04 - [TEST_STEP][PASSED] - waitForPageLoad(60): Wait for page load successfully

2020-04-27 14:23:04 - [MESSAGE][PASSED] - Wait for page load successfully

2020-04-27 14:23:04 - [TEST_STEP][PASSED] - verifyTextPresent("Welcome " + wo_Username, false): Text 'Welcome DavidHo' is present on page 

2020-04-27 14:23:05 - [MESSAGE][PASSED] - Text 'Welcome DavidHo' is present on page 

2020-04-27 14:23:05 - [MESSAGE][PASSED] - Call Test Case 'Test Cases/Reusable_Test_Sequences/Web_Office/Directives/WebOffice_StartUp' successfully

2020-04-27 14:23:05 - [TEST_STEP][PASSED] - "-----------------------------------------------------------------": null

2020-04-27 14:23:05 - [TEST_STEP][PASSED] - " Navigate to <Settings->Checkatrade.Com->Sub Item> Menu Item     |": null

2020-04-27 14:23:05 - [TEST_STEP][PASSED] - callTestCase(findTestCase("Reusable_Test_Sequences/Web_Office/Navigation/Sub_Menu_Navigation/Reports/Leads_For_All_Companies"), [:], STOP_ON_FAILURE): Call Test Case 'Test Cases/Reusable_Test_Sequences/Web_Office/Navigation/Sub_Menu_Navigation/Reports/Leads_For_All_Companies' successfully

2020-04-27 14:23:05 - [TEST_CASE][PASSED] - Test Cases/Reusable_Test_Sequences/Web_Office/Navigation/Sub_Menu_Navigation/Reports/Leads_For_All_Companies: Test Cases/Reusable_Test_Sequences/Web_Office/Navigation/Sub_Menu_Navigation/Reports/Leads_For_All_Companies

2020-04-27 14:23:05 - [TEST_STEP][PASSED] - "--------------------------------------": null

2020-04-27 14:23:05 - [TEST_STEP][PASSED] - " Navigate Top level menu Item         |": null

2020-04-27 14:23:05 - [TEST_STEP][PASSED] - waitForPageLoad(60): Wait for page load successfully

2020-04-27 14:23:05 - [MESSAGE][PASSED] - Wait for page load successfully

2020-04-27 14:23:05 - [TEST_STEP][PASSED] - waitForElementClickable(findTestObject("Object Repository/WebOffice_Home_page/a_Reports"), 60): Object 'Object Repository/WebOffice_Home_page/a_Reports' is clickable

2020-04-27 14:23:05 - [MESSAGE][PASSED] - Object 'Object Repository/WebOffice_Home_page/a_Reports' is clickable

2020-04-27 14:23:05 - [TEST_STEP][PASSED] - mouseOver(findTestObject("Object Repository/WebOffice_Home_page/a_Reports")): Object: 'Object Repository/WebOffice_Home_page/a_Reports' is hovered

2020-04-27 14:23:05 - [MESSAGE][PASSED] - Object: 'Object Repository/WebOffice_Home_page/a_Reports' is hovered

2020-04-27 14:23:05 - [TEST_STEP][PASSED] - click(findTestObject("Object Repository/WebOffice_Home_page/Page_/a_Members")): Object: 'Object Repository/WebOffice_Home_page/Page_/a_Members' is clicked on

2020-04-27 14:23:05 - [MESSAGE][PASSED] - Object: 'Object Repository/WebOffice_Home_page/Page_/a_Members' is clicked on

2020-04-27 14:23:05 - [TEST_STEP][PASSED] - waitForPageLoad(5): Wait for page load successfully

2020-04-27 14:23:05 - [MESSAGE][PASSED] - Wait for page load successfully

2020-04-27 14:23:05 - [TEST_STEP][PASSED] - waitForElementClickable(findTestObject("Object Repository/WebOffice_Home_page/Page_/a_Leads for all Companies"), 5): Object 'Object Repository/WebOffice_Home_page/Page_/a_Leads for all Companies' is clickable

2020-04-27 14:23:05 - [MESSAGE][PASSED] - Object 'Object Repository/WebOffice_Home_page/Page_/a_Leads for all Companies' is clickable

2020-04-27 14:23:05 - [TEST_STEP][PASSED] - click(findTestObject("Object Repository/WebOffice_Home_page/Page_/a_Leads for all Companies")): Object: 'Object Repository/WebOffice_Home_page/Page_/a_Leads for all Companies' is clicked on

2020-04-27 14:23:06 - [MESSAGE][PASSED] - Object: 'Object Repository/WebOffice_Home_page/Page_/a_Leads for all Companies' is clicked on

2020-04-27 14:23:06 - [MESSAGE][PASSED] - Call Test Case 'Test Cases/Reusable_Test_Sequences/Web_Office/Navigation/Sub_Menu_Navigation/Reports/Leads_For_All_Companies' successfully

2020-04-27 14:23:06 - [TEST_STEP][PASSED] - "--------------------------------------": null

2020-04-27 14:23:06 - [TEST_STEP][PASSED] - " Verify Returned Page Detail          |": null

2020-04-27 14:23:06 - [TEST_STEP][PASSED] - callTestCase(findTestCase("Reusable_Test_Sequences/Web_Office/Verification/Reports/Leads_For_All_Companies"), [:], OPTIONAL): Call Test Case 'Test Cases/Reusable_Test_Sequences/Web_Office/Verification/Reports/Leads_For_All_Companies' successfully

2020-04-27 14:23:06 - [TEST_CASE][PASSED] - Test Cases/Reusable_Test_Sequences/Web_Office/Verification/Reports/Leads_For_All_Companies: Test Cases/Reusable_Test_Sequences/Web_Office/Verification/Reports/Leads_For_All_Companies

2020-04-27 14:23:06 - [TEST_STEP][PASSED] - waitForPageLoad(120): Wait for page load successfully

2020-04-27 14:23:06 - [MESSAGE][PASSED] - Wait for page load successfully

2020-04-27 14:23:06 - [TEST_STEP][PASSED] - delay(1): Delayed 1 second(s)

2020-04-27 14:23:07 - [MESSAGE][PASSED] - Delayed 1 second(s)

2020-04-27 14:23:07 - [TEST_STEP][PASSED] - verifyTextPresent("Leads for All Companies", false): Text 'Leads for All Companies' is present on page 

2020-04-27 14:23:08 - [MESSAGE][PASSED] - Text 'Leads for All Companies' is present on page 

2020-04-27 14:23:08 - [TEST_STEP][PASSED] - "----------------------------------------------": null

2020-04-27 14:23:08 - [TEST_STEP][PASSED] - verifyTextPresent("Company Name", false): Text 'Company Name' is present on page 

2020-04-27 14:23:08 - [MESSAGE][PASSED] - Text 'Company Name' is present on page 

2020-04-27 14:23:08 - [TEST_STEP][PASSED] - verifyTextPresent("Total Leads", false): Text 'Total Leads' is present on page 

2020-04-27 14:23:08 - [MESSAGE][PASSED] - Text 'Total Leads' is present on page 

2020-04-27 14:23:08 - [TEST_STEP][PASSED] - "----------------------------------------------": null

2020-04-27 14:23:08 - [TEST_STEP][PASSED] - verifyTextPresent("Ruxley Gardens", false): Text 'Ruxley Gardens' is present on page 

2020-04-27 14:23:08 - [MESSAGE][PASSED] - Text 'Ruxley Gardens' is present on page 

2020-04-27 14:23:08 - [TEST_STEP][PASSED] - verifyTextPresent("Tile4Us WM", false): Text 'Tile4Us WM' is present on page 

2020-04-27 14:23:08 - [MESSAGE][PASSED] - Text 'Tile4Us WM' is present on page 

2020-04-27 14:23:08 - [MESSAGE][PASSED] - Call Test Case 'Test Cases/Reusable_Test_Sequences/Web_Office/Verification/Reports/Leads_For_All_Companies' successfully

2020-04-27 14:23:08 - [TEST_STEP][PASSED] - "--------------------------": null

2020-04-27 14:23:08 - [TEST_STEP][PASSED] - " Teardown - CLose Browser |": null

2020-04-27 14:23:08 - [TEST_STEP][PASSED] - callTestCase(findTestCase("Reusable_Test_Sequences/CAT_Teardown"), [:], OPTIONAL): Call Test Case 'Test Cases/Reusable_Test_Sequences/CAT_Teardown' successfully

2020-04-27 14:23:08 - [TEST_CASE][PASSED] - Test Cases/Reusable_Test_Sequences/CAT_Teardown: Test Cases/Reusable_Test_Sequences/CAT_Teardown

2020-04-27 14:23:08 - [TEST_STEP][PASSED] - closeBrowser(): Browser is closed

2020-04-27 14:23:09 - [MESSAGE][PASSED] - Browser is closed

2020-04-27 14:23:09 - [TEST_STEP][PASSED] - super.finalize(): null

2020-04-27 14:23:09 - [TEST_STEP][PASSED] - System.gc(): null

2020-04-27 14:23:09 - [MESSAGE][PASSED] - Call Test Case 'Test Cases/Reusable_Test_Sequences/CAT_Teardown' successfully]]></system-out>
         <system-err><![CDATA[]]></system-err>
      </testcase>
      <testcase name="Test Cases/Web_Office/Reports/Member_Web_Categories" time="15.387" classname="Test Cases/Web_Office/Reports/Member_Web_Categories" status="PASSED">
         <system-out><![CDATA[2020-04-27 14:23:09 - [TEST_CASE][PASSED] - Test Cases/Web_Office/Reports/Member_Web_Categories: Test Cases/Web_Office/Reports/Member_Web_Categories

2020-04-27 14:23:10 - [TEST_STEP][PASSED] - "--------------------------------------": null

2020-04-27 14:23:10 - [TEST_STEP][PASSED] - " Web Office StartUp                   |": null

2020-04-27 14:23:10 - [TEST_STEP][PASSED] - callTestCase(findTestCase("Reusable_Test_Sequences/Web_Office/Directives/WebOffice_StartUp"), [:], STOP_ON_FAILURE): Call Test Case 'Test Cases/Reusable_Test_Sequences/Web_Office/Directives/WebOffice_StartUp' successfully

2020-04-27 14:23:10 - [TEST_CASE][PASSED] - Test Cases/Reusable_Test_Sequences/Web_Office/Directives/WebOffice_StartUp: Test Cases/Reusable_Test_Sequences/Web_Office/Directives/WebOffice_StartUp

2020-04-27 14:23:10 - [TEST_STEP][PASSED] - "-----------------------------------------------------------------------------": null

2020-04-27 14:23:10 - [TEST_STEP][PASSED] - if (URL == "https://www.dev.checkatrade.com/"): null

2020-04-27 14:23:10 - [TEST_STEP][PASSED] - "-----------------------------------------------------------------------------": null

2020-04-27 14:23:10 - [TEST_STEP][PASSED] - if (URL == "https://www.checkatrade.com/"): null

2020-04-27 14:23:10 - [TEST_STEP][PASSED] - "-----------------------------------------------------------------------------": null

2020-04-27 14:23:10 - [TEST_STEP][PASSED] - if (URL == "https://www.preview.checkatrade.com/"): null

2020-04-27 14:23:10 - [TEST_STEP][PASSED] - WebOfficeURL = "https://admin.preview.checkatrade.com/": null

2020-04-27 14:23:10 - [TEST_STEP][PASSED] - if (URL == "https://www.dev2.checkatrade.com/"): null

2020-04-27 14:23:10 - [TEST_STEP][PASSED] - "Set Function Area for "URL_Handler", URL Resolution": null

2020-04-27 14:23:10 - [TEST_STEP][PASSED] - "Do Some Magic with URL(s) See the comments within URL Handler ": null

2020-04-27 14:23:10 - [TEST_STEP][PASSED] - "------------------------------------------------": null

2020-04-27 14:23:10 - [TEST_STEP][PASSED] - "Moved Login Credentials to <Default> profile 22/01/2020": null

2020-04-27 14:23:10 - [TEST_STEP][PASSED] - "------------------------------------------------": null

2020-04-27 14:23:10 - [TEST_STEP][PASSED] - "WebOfficeURL - Set from the ENVIRONMENT PROFILE ": null

2020-04-27 14:23:10 - [TEST_STEP][PASSED] - "OPEN BROWSER": null

2020-04-27 14:23:10 - [TEST_STEP][PASSED] - "eg - https://admin.preview.checkatrade.com/  ": null

2020-04-27 14:23:10 - [TEST_STEP][PASSED] - openBrowser(WebOfficeURL): Browser is opened with url: 'https://admin.preview.checkatrade.com/'

2020-04-27 14:23:10 - [MESSAGE][INFO] - Starting 'Chrome' driver

2020-04-27 14:23:10 - [MESSAGE][INFO] - Action delay is set to 0 milliseconds

2020-04-27 14:23:14 - [MESSAGE][PASSED] - Browser is opened with url: 'https://admin.preview.checkatrade.com/'

2020-04-27 14:23:14 - [TEST_STEP][PASSED] - maximizeWindow(): Current window maximized

2020-04-27 14:23:16 - [MESSAGE][PASSED] - Current window maximized

2020-04-27 14:23:16 - [TEST_STEP][PASSED] - waitForElementClickable(findTestObject("Object Repository/WebOffice/Page_Checkatrade - Administration - Login/Login_Button"), 25): Object 'Object Repository/WebOffice/Page_Checkatrade - Administration - Login/Login_Button' is clickable

2020-04-27 14:23:16 - [MESSAGE][PASSED] - Object 'Object Repository/WebOffice/Page_Checkatrade - Administration - Login/Login_Button' is clickable

2020-04-27 14:23:16 - [TEST_STEP][PASSED] - verifyTextPresent("Checkatrade Web Office", false): Text 'Checkatrade Web Office' is present on page 

2020-04-27 14:23:16 - [MESSAGE][PASSED] - Text 'Checkatrade Web Office' is present on page 

2020-04-27 14:23:16 - [TEST_STEP][PASSED] - verifyTextPresent("Access for staff use only", false): Text 'Access for staff use only' is present on page 

2020-04-27 14:23:16 - [MESSAGE][PASSED] - Text 'Access for staff use only' is present on page 

2020-04-27 14:23:16 - [TEST_STEP][PASSED] - verifyTextPresent("Forgotten password?", false): Text 'Forgotten password?' is present on page 

2020-04-27 14:23:16 - [MESSAGE][PASSED] - Text 'Forgotten password?' is present on page 

2020-04-27 14:23:16 - [TEST_STEP][PASSED] - setText(findTestObject("Object Repository/WebOffice/Page_Checkatrade - Administration - Login/input_Username_LoginControlUserName"), wo_Username): Text 'DavidHo' is set on object 'Object Repository/WebOffice/Page_Checkatrade - Administration - Login/input_Username_LoginControlUserName'

2020-04-27 14:23:16 - [MESSAGE][PASSED] - Text 'DavidHo' is set on object 'Object Repository/WebOffice/Page_Checkatrade - Administration - Login/input_Username_LoginControlUserName'

2020-04-27 14:23:16 - [TEST_STEP][PASSED] - setText(findTestObject("Object Repository/WebOffice/Page_Checkatrade - Administration - Login/input_Password_LoginControlPassword"), wo_Password): Text 'Check123' is set on object 'Object Repository/WebOffice/Page_Checkatrade - Administration - Login/input_Password_LoginControlPassword'

2020-04-27 14:23:17 - [MESSAGE][PASSED] - Text 'Check123' is set on object 'Object Repository/WebOffice/Page_Checkatrade - Administration - Login/input_Password_LoginControlPassword'

2020-04-27 14:23:17 - [TEST_STEP][PASSED] - click(findTestObject("Object Repository/WebOffice/Page_Checkatrade - Administration - Login/Login_Button")): Object: 'Object Repository/WebOffice/Page_Checkatrade - Administration - Login/Login_Button' is clicked on

2020-04-27 14:23:18 - [MESSAGE][PASSED] - Object: 'Object Repository/WebOffice/Page_Checkatrade - Administration - Login/Login_Button' is clicked on

2020-04-27 14:23:18 - [TEST_STEP][PASSED] - waitForPageLoad(60): Wait for page load successfully

2020-04-27 14:23:18 - [MESSAGE][PASSED] - Wait for page load successfully

2020-04-27 14:23:18 - [TEST_STEP][PASSED] - verifyTextPresent("Welcome " + wo_Username, false): Text 'Welcome DavidHo' is present on page 

2020-04-27 14:23:18 - [MESSAGE][PASSED] - Text 'Welcome DavidHo' is present on page 

2020-04-27 14:23:18 - [MESSAGE][PASSED] - Call Test Case 'Test Cases/Reusable_Test_Sequences/Web_Office/Directives/WebOffice_StartUp' successfully

2020-04-27 14:23:18 - [TEST_STEP][PASSED] - "-----------------------------------------------------------------": null

2020-04-27 14:23:18 - [TEST_STEP][PASSED] - " Navigate to <Settings->Checkatrade.Com->Sub Item> Menu Item     |": null

2020-04-27 14:23:18 - [TEST_STEP][PASSED] - callTestCase(findTestCase("Reusable_Test_Sequences/Web_Office/Navigation/Sub_Menu_Navigation/Reports/Member_Web_Categories"), [:], STOP_ON_FAILURE): Call Test Case 'Test Cases/Reusable_Test_Sequences/Web_Office/Navigation/Sub_Menu_Navigation/Reports/Member_Web_Categories' successfully

2020-04-27 14:23:18 - [TEST_CASE][PASSED] - Test Cases/Reusable_Test_Sequences/Web_Office/Navigation/Sub_Menu_Navigation/Reports/Member_Web_Categories: Test Cases/Reusable_Test_Sequences/Web_Office/Navigation/Sub_Menu_Navigation/Reports/Member_Web_Categories

2020-04-27 14:23:18 - [TEST_STEP][PASSED] - "--------------------------------------": null

2020-04-27 14:23:18 - [TEST_STEP][PASSED] - " Navigate Top level menu Item         |": null

2020-04-27 14:23:18 - [TEST_STEP][PASSED] - waitForPageLoad(60): Wait for page load successfully

2020-04-27 14:23:18 - [MESSAGE][PASSED] - Wait for page load successfully

2020-04-27 14:23:18 - [TEST_STEP][PASSED] - waitForElementClickable(findTestObject("Object Repository/WebOffice_Home_page/a_Reports"), 60): Object 'Object Repository/WebOffice_Home_page/a_Reports' is clickable

2020-04-27 14:23:19 - [MESSAGE][PASSED] - Object 'Object Repository/WebOffice_Home_page/a_Reports' is clickable

2020-04-27 14:23:19 - [TEST_STEP][PASSED] - mouseOver(findTestObject("Object Repository/WebOffice_Home_page/a_Reports")): Object: 'Object Repository/WebOffice_Home_page/a_Reports' is hovered

2020-04-27 14:23:19 - [MESSAGE][PASSED] - Object: 'Object Repository/WebOffice_Home_page/a_Reports' is hovered

2020-04-27 14:23:19 - [TEST_STEP][PASSED] - click(findTestObject("Object Repository/WebOffice_Home_page/Page_/a_Members")): Object: 'Object Repository/WebOffice_Home_page/Page_/a_Members' is clicked on

2020-04-27 14:23:19 - [MESSAGE][PASSED] - Object: 'Object Repository/WebOffice_Home_page/Page_/a_Members' is clicked on

2020-04-27 14:23:19 - [TEST_STEP][PASSED] - waitForPageLoad(5): Wait for page load successfully

2020-04-27 14:23:19 - [MESSAGE][PASSED] - Wait for page load successfully

2020-04-27 14:23:19 - [TEST_STEP][PASSED] - waitForElementClickable(findTestObject("Object Repository/WebOffice_Home_page/Page_/a_Member Web Categories"), 5): Object 'Object Repository/WebOffice_Home_page/Page_/a_Member Web Categories' is clickable

2020-04-27 14:23:19 - [MESSAGE][PASSED] - Object 'Object Repository/WebOffice_Home_page/Page_/a_Member Web Categories' is clickable

2020-04-27 14:23:19 - [TEST_STEP][PASSED] - click(findTestObject("Object Repository/WebOffice_Home_page/Page_/a_Member Web Categories")): Object: 'Object Repository/WebOffice_Home_page/Page_/a_Member Web Categories' is clicked on

2020-04-27 14:23:21 - [MESSAGE][PASSED] - Object: 'Object Repository/WebOffice_Home_page/Page_/a_Member Web Categories' is clicked on

2020-04-27 14:23:21 - [MESSAGE][PASSED] - Call Test Case 'Test Cases/Reusable_Test_Sequences/Web_Office/Navigation/Sub_Menu_Navigation/Reports/Member_Web_Categories' successfully

2020-04-27 14:23:21 - [TEST_STEP][PASSED] - "--------------------------------------": null

2020-04-27 14:23:21 - [TEST_STEP][PASSED] - " Verify Returned Page Detail          |": null

2020-04-27 14:23:21 - [TEST_STEP][PASSED] - callTestCase(findTestCase("Reusable_Test_Sequences/Web_Office/Verification/Reports/Member_Web_Categories"), [:], OPTIONAL): Call Test Case 'Test Cases/Reusable_Test_Sequences/Web_Office/Verification/Reports/Member_Web_Categories' successfully

2020-04-27 14:23:21 - [TEST_CASE][PASSED] - Test Cases/Reusable_Test_Sequences/Web_Office/Verification/Reports/Member_Web_Categories: Test Cases/Reusable_Test_Sequences/Web_Office/Verification/Reports/Member_Web_Categories

2020-04-27 14:23:21 - [TEST_STEP][PASSED] - waitForPageLoad(120): Wait for page load successfully

2020-04-27 14:23:21 - [MESSAGE][PASSED] - Wait for page load successfully

2020-04-27 14:23:21 - [TEST_STEP][PASSED] - delay(1): Delayed 1 second(s)

2020-04-27 14:23:22 - [MESSAGE][PASSED] - Delayed 1 second(s)

2020-04-27 14:23:22 - [TEST_STEP][PASSED] - verifyTextPresent("Members Web Category Report", false): Text 'Members Web Category Report' is present on page 

2020-04-27 14:23:22 - [MESSAGE][PASSED] - Text 'Members Web Category Report' is present on page 

2020-04-27 14:23:22 - [TEST_STEP][PASSED] - "----------------------------------------------": null

2020-04-27 14:23:22 - [TEST_STEP][PASSED] - verifyTextPresent("Results per page", false): Text 'Results per page' is present on page 

2020-04-27 14:23:23 - [MESSAGE][PASSED] - Text 'Results per page' is present on page 

2020-04-27 14:23:23 - [TEST_STEP][PASSED] - "----------------------------------------------": null

2020-04-27 14:23:23 - [TEST_STEP][PASSED] - verifyTextPresent("Category", false): Text 'Category' is present on page 

2020-04-27 14:23:23 - [MESSAGE][PASSED] - Text 'Category' is present on page 

2020-04-27 14:23:23 - [TEST_STEP][PASSED] - verifyTextPresent("Sub-category", false): Text 'Sub-category' is present on page 

2020-04-27 14:23:23 - [MESSAGE][PASSED] - Text 'Sub-category' is present on page 

2020-04-27 14:23:23 - [TEST_STEP][PASSED] - verifyTextPresent("Count (Yes)", false): Text 'Count (Yes)' is present on page 

2020-04-27 14:23:23 - [MESSAGE][PASSED] - Text 'Count (Yes)' is present on page 

2020-04-27 14:23:23 - [TEST_STEP][PASSED] - verifyTextPresent("Count (No)", false): Text 'Count (No)' is present on page 

2020-04-27 14:23:23 - [MESSAGE][PASSED] - Text 'Count (No)' is present on page 

2020-04-27 14:23:23 - [TEST_STEP][PASSED] - "----------------------------------------------": null

2020-04-27 14:23:23 - [TEST_STEP][PASSED] - verifyTextPresent("Alarms/Security", false): Text 'Alarms/Security' is present on page 

2020-04-27 14:23:24 - [MESSAGE][PASSED] - Text 'Alarms/Security' is present on page 

2020-04-27 14:23:24 - [TEST_STEP][PASSED] - verifyTextPresent("Alarm Response", false): Text 'Alarm Response' is present on page 

2020-04-27 14:23:24 - [MESSAGE][PASSED] - Text 'Alarm Response' is present on page 

2020-04-27 14:23:24 - [MESSAGE][PASSED] - Call Test Case 'Test Cases/Reusable_Test_Sequences/Web_Office/Verification/Reports/Member_Web_Categories' successfully

2020-04-27 14:23:24 - [TEST_STEP][PASSED] - "--------------------------": null

2020-04-27 14:23:24 - [TEST_STEP][PASSED] - " Teardown - CLose Browser |": null

2020-04-27 14:23:24 - [TEST_STEP][PASSED] - callTestCase(findTestCase("Reusable_Test_Sequences/CAT_Teardown"), [:], OPTIONAL): Call Test Case 'Test Cases/Reusable_Test_Sequences/CAT_Teardown' successfully

2020-04-27 14:23:24 - [TEST_CASE][PASSED] - Test Cases/Reusable_Test_Sequences/CAT_Teardown: Test Cases/Reusable_Test_Sequences/CAT_Teardown

2020-04-27 14:23:24 - [TEST_STEP][PASSED] - closeBrowser(): Browser is closed

2020-04-27 14:23:25 - [MESSAGE][PASSED] - Browser is closed

2020-04-27 14:23:25 - [TEST_STEP][PASSED] - super.finalize(): null

2020-04-27 14:23:25 - [TEST_STEP][PASSED] - System.gc(): null

2020-04-27 14:23:25 - [MESSAGE][PASSED] - Call Test Case 'Test Cases/Reusable_Test_Sequences/CAT_Teardown' successfully]]></system-out>
         <system-err><![CDATA[]]></system-err>
      </testcase>
      <testcase name="Test Cases/Web_Office/Reports/DIaler_Leads" time="92.724" classname="Test Cases/Web_Office/Reports/DIaler_Leads" status="PASSED">
         <system-out><![CDATA[2020-04-27 14:23:25 - [TEST_CASE][PASSED] - Test Cases/Web_Office/Reports/DIaler_Leads: Test Cases/Web_Office/Reports/DIaler_Leads

2020-04-27 14:23:25 - [TEST_STEP][PASSED] - "--------------------------------------": null

2020-04-27 14:23:25 - [TEST_STEP][PASSED] - " Web Office StartUp                   |": null

2020-04-27 14:23:25 - [TEST_STEP][PASSED] - callTestCase(findTestCase("Reusable_Test_Sequences/Web_Office/Directives/WebOffice_StartUp"), [:], STOP_ON_FAILURE): Call Test Case 'Test Cases/Reusable_Test_Sequences/Web_Office/Directives/WebOffice_StartUp' successfully

2020-04-27 14:23:25 - [TEST_CASE][PASSED] - Test Cases/Reusable_Test_Sequences/Web_Office/Directives/WebOffice_StartUp: Test Cases/Reusable_Test_Sequences/Web_Office/Directives/WebOffice_StartUp

2020-04-27 14:23:25 - [TEST_STEP][PASSED] - "-----------------------------------------------------------------------------": null

2020-04-27 14:23:25 - [TEST_STEP][PASSED] - if (URL == "https://www.dev.checkatrade.com/"): null

2020-04-27 14:23:25 - [TEST_STEP][PASSED] - "-----------------------------------------------------------------------------": null

2020-04-27 14:23:25 - [TEST_STEP][PASSED] - if (URL == "https://www.checkatrade.com/"): null

2020-04-27 14:23:25 - [TEST_STEP][PASSED] - "-----------------------------------------------------------------------------": null

2020-04-27 14:23:25 - [TEST_STEP][PASSED] - if (URL == "https://www.preview.checkatrade.com/"): null

2020-04-27 14:23:25 - [TEST_STEP][PASSED] - WebOfficeURL = "https://admin.preview.checkatrade.com/": null

2020-04-27 14:23:25 - [TEST_STEP][PASSED] - if (URL == "https://www.dev2.checkatrade.com/"): null

2020-04-27 14:23:25 - [TEST_STEP][PASSED] - "Set Function Area for "URL_Handler", URL Resolution": null

2020-04-27 14:23:25 - [TEST_STEP][PASSED] - "Do Some Magic with URL(s) See the comments within URL Handler ": null

2020-04-27 14:23:25 - [TEST_STEP][PASSED] - "------------------------------------------------": null

2020-04-27 14:23:25 - [TEST_STEP][PASSED] - "Moved Login Credentials to <Default> profile 22/01/2020": null

2020-04-27 14:23:25 - [TEST_STEP][PASSED] - "------------------------------------------------": null

2020-04-27 14:23:25 - [TEST_STEP][PASSED] - "WebOfficeURL - Set from the ENVIRONMENT PROFILE ": null

2020-04-27 14:23:25 - [TEST_STEP][PASSED] - "OPEN BROWSER": null

2020-04-27 14:23:25 - [TEST_STEP][PASSED] - "eg - https://admin.preview.checkatrade.com/  ": null

2020-04-27 14:23:25 - [TEST_STEP][PASSED] - openBrowser(WebOfficeURL): Browser is opened with url: 'https://admin.preview.checkatrade.com/'

2020-04-27 14:23:25 - [MESSAGE][INFO] - Starting 'Chrome' driver

2020-04-27 14:23:25 - [MESSAGE][INFO] - Action delay is set to 0 milliseconds

2020-04-27 14:23:30 - [MESSAGE][PASSED] - Browser is opened with url: 'https://admin.preview.checkatrade.com/'

2020-04-27 14:23:30 - [TEST_STEP][PASSED] - maximizeWindow(): Current window maximized

2020-04-27 14:23:32 - [MESSAGE][PASSED] - Current window maximized

2020-04-27 14:23:32 - [TEST_STEP][PASSED] - waitForElementClickable(findTestObject("Object Repository/WebOffice/Page_Checkatrade - Administration - Login/Login_Button"), 25): Object 'Object Repository/WebOffice/Page_Checkatrade - Administration - Login/Login_Button' is clickable

2020-04-27 14:23:32 - [MESSAGE][PASSED] - Object 'Object Repository/WebOffice/Page_Checkatrade - Administration - Login/Login_Button' is clickable

2020-04-27 14:23:32 - [TEST_STEP][PASSED] - verifyTextPresent("Checkatrade Web Office", false): Text 'Checkatrade Web Office' is present on page 

2020-04-27 14:23:32 - [MESSAGE][PASSED] - Text 'Checkatrade Web Office' is present on page 

2020-04-27 14:23:32 - [TEST_STEP][PASSED] - verifyTextPresent("Access for staff use only", false): Text 'Access for staff use only' is present on page 

2020-04-27 14:23:32 - [MESSAGE][PASSED] - Text 'Access for staff use only' is present on page 

2020-04-27 14:23:32 - [TEST_STEP][PASSED] - verifyTextPresent("Forgotten password?", false): Text 'Forgotten password?' is present on page 

2020-04-27 14:23:32 - [MESSAGE][PASSED] - Text 'Forgotten password?' is present on page 

2020-04-27 14:23:32 - [TEST_STEP][PASSED] - setText(findTestObject("Object Repository/WebOffice/Page_Checkatrade - Administration - Login/input_Username_LoginControlUserName"), wo_Username): Text 'DavidHo' is set on object 'Object Repository/WebOffice/Page_Checkatrade - Administration - Login/input_Username_LoginControlUserName'

2020-04-27 14:23:32 - [MESSAGE][PASSED] - Text 'DavidHo' is set on object 'Object Repository/WebOffice/Page_Checkatrade - Administration - Login/input_Username_LoginControlUserName'

2020-04-27 14:23:32 - [TEST_STEP][PASSED] - setText(findTestObject("Object Repository/WebOffice/Page_Checkatrade - Administration - Login/input_Password_LoginControlPassword"), wo_Password): Text 'Check123' is set on object 'Object Repository/WebOffice/Page_Checkatrade - Administration - Login/input_Password_LoginControlPassword'

2020-04-27 14:23:33 - [MESSAGE][PASSED] - Text 'Check123' is set on object 'Object Repository/WebOffice/Page_Checkatrade - Administration - Login/input_Password_LoginControlPassword'

2020-04-27 14:23:33 - [TEST_STEP][PASSED] - click(findTestObject("Object Repository/WebOffice/Page_Checkatrade - Administration - Login/Login_Button")): Object: 'Object Repository/WebOffice/Page_Checkatrade - Administration - Login/Login_Button' is clicked on

2020-04-27 14:23:34 - [MESSAGE][PASSED] - Object: 'Object Repository/WebOffice/Page_Checkatrade - Administration - Login/Login_Button' is clicked on

2020-04-27 14:23:34 - [TEST_STEP][PASSED] - waitForPageLoad(60): Wait for page load successfully

2020-04-27 14:23:34 - [MESSAGE][PASSED] - Wait for page load successfully

2020-04-27 14:23:34 - [TEST_STEP][PASSED] - verifyTextPresent("Welcome " + wo_Username, false): Text 'Welcome DavidHo' is present on page 

2020-04-27 14:23:35 - [MESSAGE][PASSED] - Text 'Welcome DavidHo' is present on page 

2020-04-27 14:23:35 - [MESSAGE][PASSED] - Call Test Case 'Test Cases/Reusable_Test_Sequences/Web_Office/Directives/WebOffice_StartUp' successfully

2020-04-27 14:23:35 - [TEST_STEP][PASSED] - "-----------------------------------------------------------------": null

2020-04-27 14:23:35 - [TEST_STEP][PASSED] - " Navigate to <Settings->Checkatrade.Com->Sub Item> Menu Item     |": null

2020-04-27 14:23:35 - [TEST_STEP][PASSED] - callTestCase(findTestCase("Reusable_Test_Sequences/Web_Office/Navigation/Sub_Menu_Navigation/Reports/Dialer_Leads"), [:], STOP_ON_FAILURE): Call Test Case 'Test Cases/Reusable_Test_Sequences/Web_Office/Navigation/Sub_Menu_Navigation/Reports/Dialer_Leads' successfully

2020-04-27 14:23:35 - [TEST_CASE][PASSED] - Test Cases/Reusable_Test_Sequences/Web_Office/Navigation/Sub_Menu_Navigation/Reports/Dialer_Leads: Test Cases/Reusable_Test_Sequences/Web_Office/Navigation/Sub_Menu_Navigation/Reports/Dialer_Leads

2020-04-27 14:23:35 - [TEST_STEP][PASSED] - "--------------------------------------": null

2020-04-27 14:23:35 - [TEST_STEP][PASSED] - " Navigate Top level menu Item         |": null

2020-04-27 14:23:35 - [TEST_STEP][PASSED] - waitForPageLoad(60): Wait for page load successfully

2020-04-27 14:23:35 - [MESSAGE][PASSED] - Wait for page load successfully

2020-04-27 14:23:35 - [TEST_STEP][PASSED] - waitForElementClickable(findTestObject("Object Repository/WebOffice_Home_page/a_Reports"), 60): Object 'Object Repository/WebOffice_Home_page/a_Reports' is clickable

2020-04-27 14:23:35 - [MESSAGE][PASSED] - Object 'Object Repository/WebOffice_Home_page/a_Reports' is clickable

2020-04-27 14:23:35 - [TEST_STEP][PASSED] - mouseOver(findTestObject("Object Repository/WebOffice_Home_page/a_Reports")): Object: 'Object Repository/WebOffice_Home_page/a_Reports' is hovered

2020-04-27 14:23:36 - [MESSAGE][PASSED] - Object: 'Object Repository/WebOffice_Home_page/a_Reports' is hovered

2020-04-27 14:23:36 - [TEST_STEP][PASSED] - click(findTestObject("Object Repository/WebOffice_Home_page/Page_/a_Members")): Object: 'Object Repository/WebOffice_Home_page/Page_/a_Members' is clicked on

2020-04-27 14:23:36 - [MESSAGE][PASSED] - Object: 'Object Repository/WebOffice_Home_page/Page_/a_Members' is clicked on

2020-04-27 14:23:36 - [TEST_STEP][PASSED] - waitForPageLoad(5): Wait for page load successfully

2020-04-27 14:23:36 - [MESSAGE][PASSED] - Wait for page load successfully

2020-04-27 14:23:36 - [TEST_STEP][PASSED] - waitForElementClickable(findTestObject("Object Repository/WebOffice_Home_page/Page_/a_Dialler Leads"), 5): Object 'Object Repository/WebOffice_Home_page/Page_/a_Dialler Leads' is clickable

2020-04-27 14:23:36 - [MESSAGE][PASSED] - Object 'Object Repository/WebOffice_Home_page/Page_/a_Dialler Leads' is clickable

2020-04-27 14:23:36 - [TEST_STEP][PASSED] - click(findTestObject("Object Repository/WebOffice_Home_page/Page_/a_Dialler Leads")): Object: 'Object Repository/WebOffice_Home_page/Page_/a_Dialler Leads' is clicked on

2020-04-27 14:24:52 - [MESSAGE][PASSED] - Object: 'Object Repository/WebOffice_Home_page/Page_/a_Dialler Leads' is clicked on

2020-04-27 14:24:52 - [MESSAGE][PASSED] - Call Test Case 'Test Cases/Reusable_Test_Sequences/Web_Office/Navigation/Sub_Menu_Navigation/Reports/Dialer_Leads' successfully

2020-04-27 14:24:52 - [TEST_STEP][PASSED] - "--------------------------------------": null

2020-04-27 14:24:52 - [TEST_STEP][PASSED] - " Verify Returned Page Detail          |": null

2020-04-27 14:24:52 - [TEST_STEP][PASSED] - callTestCase(findTestCase("Reusable_Test_Sequences/Web_Office/Verification/Reports/Dialer_Leads"), [:], OPTIONAL): Call Test Case 'Test Cases/Reusable_Test_Sequences/Web_Office/Verification/Reports/Dialer_Leads' successfully

2020-04-27 14:24:52 - [TEST_CASE][PASSED] - Test Cases/Reusable_Test_Sequences/Web_Office/Verification/Reports/Dialer_Leads: Test Cases/Reusable_Test_Sequences/Web_Office/Verification/Reports/Dialer_Leads

2020-04-27 14:24:52 - [TEST_STEP][PASSED] - waitForPageLoad(120): Wait for page load successfully

2020-04-27 14:24:52 - [MESSAGE][PASSED] - Wait for page load successfully

2020-04-27 14:24:52 - [TEST_STEP][PASSED] - delay(1): Delayed 1 second(s)

2020-04-27 14:24:53 - [MESSAGE][PASSED] - Delayed 1 second(s)

2020-04-27 14:24:53 - [TEST_STEP][PASSED] - verifyTextPresent("Ultra Dialler Leads Report", false): Text 'Ultra Dialler Leads Report' is present on page 

2020-04-27 14:24:54 - [MESSAGE][PASSED] - Text 'Ultra Dialler Leads Report' is present on page 

2020-04-27 14:24:54 - [TEST_STEP][PASSED] - "----------------------------------------------": null

2020-04-27 14:24:54 - [TEST_STEP][PASSED] - verifyTextPresent("Start Date", false): Text 'Start Date' is present on page 

2020-04-27 14:24:54 - [MESSAGE][PASSED] - Text 'Start Date' is present on page 

2020-04-27 14:24:54 - [TEST_STEP][PASSED] - verifyTextPresent("End Date", false): Text 'End Date' is present on page 

2020-04-27 14:24:54 - [MESSAGE][PASSED] - Text 'End Date' is present on page 

2020-04-27 14:24:54 - [TEST_STEP][PASSED] - verifyTextPresent("Postcode", false): Text 'Postcode' is present on page 

2020-04-27 14:24:54 - [MESSAGE][PASSED] - Text 'Postcode' is present on page 

2020-04-27 14:24:54 - [TEST_STEP][PASSED] - verifyTextPresent("Start With", false): Text 'Start With' is present on page 

2020-04-27 14:24:54 - [MESSAGE][PASSED] - Text 'Start With' is present on page 

2020-04-27 14:24:54 - [TEST_STEP][PASSED] - verifyTextPresent("Last Sale Case Event After Date", false): Text 'Last Sale Case Event After Date' is present on page 

2020-04-27 14:24:54 - [MESSAGE][PASSED] - Text 'Last Sale Case Event After Date' is present on page 

2020-04-27 14:24:54 - [TEST_STEP][PASSED] - verifyTextPresent("Last Sale Case Event Before Date", false): Text 'Last Sale Case Event Before Date' is present on page 

2020-04-27 14:24:54 - [MESSAGE][PASSED] - Text 'Last Sale Case Event Before Date' is present on page 

2020-04-27 14:24:54 - [TEST_STEP][PASSED] - "----------------------------------------------": null

2020-04-27 14:24:54 - [TEST_STEP][PASSED] - verifyTextPresent("Reset filters", false): Text 'Reset filters' is present on page 

2020-04-27 14:24:55 - [MESSAGE][PASSED] - Text 'Reset filters' is present on page 

2020-04-27 14:24:55 - [TEST_STEP][PASSED] - verifyTextPresent("Reset sorting", false): Text 'Reset sorting' is present on page 

2020-04-27 14:24:55 - [MESSAGE][PASSED] - Text 'Reset sorting' is present on page 

2020-04-27 14:24:55 - [TEST_STEP][PASSED] - verifyTextPresent("Export CSV", false): Text 'Export CSV' is present on page 

2020-04-27 14:24:55 - [MESSAGE][PASSED] - Text 'Export CSV' is present on page 

2020-04-27 14:24:55 - [TEST_STEP][PASSED] - "----------------------------------------------": null

2020-04-27 14:24:55 - [TEST_STEP][PASSED] - verifyTextPresent("CompanyId", false): Text 'CompanyId' is present on page 

2020-04-27 14:24:55 - [MESSAGE][PASSED] - Text 'CompanyId' is present on page 

2020-04-27 14:24:55 - [TEST_STEP][PASSED] - verifyTextPresent("CompanyName", false): Text 'CompanyName' is present on page 

2020-04-27 14:24:55 - [MESSAGE][PASSED] - Text 'CompanyName' is present on page 

2020-04-27 14:24:55 - [TEST_STEP][PASSED] - verifyTextPresent("ContactName", false): Text 'ContactName' is present on page 

2020-04-27 14:24:55 - [MESSAGE][PASSED] - Text 'ContactName' is present on page 

2020-04-27 14:24:55 - [TEST_STEP][PASSED] - verifyTextPresent("PhoneNumber1", false): Text 'PhoneNumber1' is present on page 

2020-04-27 14:24:56 - [MESSAGE][PASSED] - Text 'PhoneNumber1' is present on page 

2020-04-27 14:24:56 - [TEST_STEP][PASSED] - verifyTextPresent("PhoneNumber2", false): Text 'PhoneNumber2' is present on page 

2020-04-27 14:24:56 - [MESSAGE][PASSED] - Text 'PhoneNumber2' is present on page 

2020-04-27 14:24:56 - [TEST_STEP][PASSED] - verifyTextPresent("PhoneNumber3", false): Text 'PhoneNumber3' is present on page 

2020-04-27 14:24:56 - [MESSAGE][PASSED] - Text 'PhoneNumber3' is present on page 

2020-04-27 14:24:56 - [TEST_STEP][PASSED] - verifyTextPresent("LeadTypeId", false): Text 'LeadTypeId' is present on page 

2020-04-27 14:24:56 - [MESSAGE][PASSED] - Text 'LeadTypeId' is present on page 

2020-04-27 14:24:56 - [TEST_STEP][PASSED] - verifyTextPresent("Name", false): Text 'Name' is present on page 

2020-04-27 14:24:56 - [MESSAGE][PASSED] - Text 'Name' is present on page 

2020-04-27 14:24:56 - [TEST_STEP][PASSED] - verifyTextPresent("TVRegion", false): Text 'TVRegion' is present on page 

2020-04-27 14:24:56 - [MESSAGE][PASSED] - Text 'TVRegion' is present on page 

2020-04-27 14:24:56 - [TEST_STEP][PASSED] - verifyTextPresent("District", false): Text 'District' is present on page 

2020-04-27 14:24:56 - [MESSAGE][PASSED] - Text 'District' is present on page 

2020-04-27 14:24:56 - [TEST_STEP][PASSED] - verifyTextPresent("DirectoryHeadings", false): Text 'DirectoryHeadings' is present on page 

2020-04-27 14:24:57 - [MESSAGE][PASSED] - Text 'DirectoryHeadings' is present on page 

2020-04-27 14:24:57 - [MESSAGE][PASSED] - Call Test Case 'Test Cases/Reusable_Test_Sequences/Web_Office/Verification/Reports/Dialer_Leads' successfully

2020-04-27 14:24:57 - [TEST_STEP][PASSED] - "--------------------------": null

2020-04-27 14:24:57 - [TEST_STEP][PASSED] - " Teardown - CLose Browser |": null

2020-04-27 14:24:57 - [TEST_STEP][PASSED] - callTestCase(findTestCase("Reusable_Test_Sequences/CAT_Teardown"), [:], OPTIONAL): Call Test Case 'Test Cases/Reusable_Test_Sequences/CAT_Teardown' successfully

2020-04-27 14:24:57 - [TEST_CASE][PASSED] - Test Cases/Reusable_Test_Sequences/CAT_Teardown: Test Cases/Reusable_Test_Sequences/CAT_Teardown

2020-04-27 14:24:57 - [TEST_STEP][PASSED] - closeBrowser(): Browser is closed

2020-04-27 14:24:57 - [MESSAGE][PASSED] - Browser is closed

2020-04-27 14:24:57 - [TEST_STEP][PASSED] - super.finalize(): null

2020-04-27 14:24:57 - [TEST_STEP][PASSED] - System.gc(): null

2020-04-27 14:24:57 - [MESSAGE][PASSED] - Call Test Case 'Test Cases/Reusable_Test_Sequences/CAT_Teardown' successfully]]></system-out>
         <system-err><![CDATA[]]></system-err>
      </testcase>
      <testcase name="Test Cases/Web_Office/Reports/Application_Progress_On_Hold" time="18.698" classname="Test Cases/Web_Office/Reports/Application_Progress_On_Hold" status="PASSED">
         <system-out><![CDATA[2020-04-27 14:24:57 - [TEST_CASE][PASSED] - Test Cases/Web_Office/Reports/Application_Progress_On_Hold: Test Cases/Web_Office/Reports/Application_Progress_On_Hold

2020-04-27 14:24:58 - [TEST_STEP][PASSED] - "--------------------------------------": null

2020-04-27 14:24:58 - [TEST_STEP][PASSED] - " Web Office StartUp                   |": null

2020-04-27 14:24:58 - [TEST_STEP][PASSED] - callTestCase(findTestCase("Reusable_Test_Sequences/Web_Office/Directives/WebOffice_StartUp"), [:], STOP_ON_FAILURE): Call Test Case 'Test Cases/Reusable_Test_Sequences/Web_Office/Directives/WebOffice_StartUp' successfully

2020-04-27 14:24:58 - [TEST_CASE][PASSED] - Test Cases/Reusable_Test_Sequences/Web_Office/Directives/WebOffice_StartUp: Test Cases/Reusable_Test_Sequences/Web_Office/Directives/WebOffice_StartUp

2020-04-27 14:24:58 - [TEST_STEP][PASSED] - "-----------------------------------------------------------------------------": null

2020-04-27 14:24:58 - [TEST_STEP][PASSED] - if (URL == "https://www.dev.checkatrade.com/"): null

2020-04-27 14:24:58 - [TEST_STEP][PASSED] - "-----------------------------------------------------------------------------": null

2020-04-27 14:24:58 - [TEST_STEP][PASSED] - if (URL == "https://www.checkatrade.com/"): null

2020-04-27 14:24:58 - [TEST_STEP][PASSED] - "-----------------------------------------------------------------------------": null

2020-04-27 14:24:58 - [TEST_STEP][PASSED] - if (URL == "https://www.preview.checkatrade.com/"): null

2020-04-27 14:24:58 - [TEST_STEP][PASSED] - WebOfficeURL = "https://admin.preview.checkatrade.com/": null

2020-04-27 14:24:58 - [TEST_STEP][PASSED] - if (URL == "https://www.dev2.checkatrade.com/"): null

2020-04-27 14:24:58 - [TEST_STEP][PASSED] - "Set Function Area for "URL_Handler", URL Resolution": null

2020-04-27 14:24:58 - [TEST_STEP][PASSED] - "Do Some Magic with URL(s) See the comments within URL Handler ": null

2020-04-27 14:24:58 - [TEST_STEP][PASSED] - "------------------------------------------------": null

2020-04-27 14:24:58 - [TEST_STEP][PASSED] - "Moved Login Credentials to <Default> profile 22/01/2020": null

2020-04-27 14:24:58 - [TEST_STEP][PASSED] - "------------------------------------------------": null

2020-04-27 14:24:58 - [TEST_STEP][PASSED] - "WebOfficeURL - Set from the ENVIRONMENT PROFILE ": null

2020-04-27 14:24:58 - [TEST_STEP][PASSED] - "OPEN BROWSER": null

2020-04-27 14:24:58 - [TEST_STEP][PASSED] - "eg - https://admin.preview.checkatrade.com/  ": null

2020-04-27 14:24:58 - [TEST_STEP][PASSED] - openBrowser(WebOfficeURL): Browser is opened with url: 'https://admin.preview.checkatrade.com/'

2020-04-27 14:24:58 - [MESSAGE][INFO] - Starting 'Chrome' driver

2020-04-27 14:24:58 - [MESSAGE][INFO] - Action delay is set to 0 milliseconds

2020-04-27 14:25:02 - [MESSAGE][PASSED] - Browser is opened with url: 'https://admin.preview.checkatrade.com/'

2020-04-27 14:25:02 - [TEST_STEP][PASSED] - maximizeWindow(): Current window maximized

2020-04-27 14:25:04 - [MESSAGE][PASSED] - Current window maximized

2020-04-27 14:25:04 - [TEST_STEP][PASSED] - waitForElementClickable(findTestObject("Object Repository/WebOffice/Page_Checkatrade - Administration - Login/Login_Button"), 25): Object 'Object Repository/WebOffice/Page_Checkatrade - Administration - Login/Login_Button' is clickable

2020-04-27 14:25:05 - [MESSAGE][PASSED] - Object 'Object Repository/WebOffice/Page_Checkatrade - Administration - Login/Login_Button' is clickable

2020-04-27 14:25:05 - [TEST_STEP][PASSED] - verifyTextPresent("Checkatrade Web Office", false): Text 'Checkatrade Web Office' is present on page 

2020-04-27 14:25:05 - [MESSAGE][PASSED] - Text 'Checkatrade Web Office' is present on page 

2020-04-27 14:25:05 - [TEST_STEP][PASSED] - verifyTextPresent("Access for staff use only", false): Text 'Access for staff use only' is present on page 

2020-04-27 14:25:05 - [MESSAGE][PASSED] - Text 'Access for staff use only' is present on page 

2020-04-27 14:25:05 - [TEST_STEP][PASSED] - verifyTextPresent("Forgotten password?", false): Text 'Forgotten password?' is present on page 

2020-04-27 14:25:05 - [MESSAGE][PASSED] - Text 'Forgotten password?' is present on page 

2020-04-27 14:25:05 - [TEST_STEP][PASSED] - setText(findTestObject("Object Repository/WebOffice/Page_Checkatrade - Administration - Login/input_Username_LoginControlUserName"), wo_Username): Text 'DavidHo' is set on object 'Object Repository/WebOffice/Page_Checkatrade - Administration - Login/input_Username_LoginControlUserName'

2020-04-27 14:25:05 - [MESSAGE][PASSED] - Text 'DavidHo' is set on object 'Object Repository/WebOffice/Page_Checkatrade - Administration - Login/input_Username_LoginControlUserName'

2020-04-27 14:25:05 - [TEST_STEP][PASSED] - setText(findTestObject("Object Repository/WebOffice/Page_Checkatrade - Administration - Login/input_Password_LoginControlPassword"), wo_Password): Text 'Check123' is set on object 'Object Repository/WebOffice/Page_Checkatrade - Administration - Login/input_Password_LoginControlPassword'

2020-04-27 14:25:05 - [MESSAGE][PASSED] - Text 'Check123' is set on object 'Object Repository/WebOffice/Page_Checkatrade - Administration - Login/input_Password_LoginControlPassword'

2020-04-27 14:25:05 - [TEST_STEP][PASSED] - click(findTestObject("Object Repository/WebOffice/Page_Checkatrade - Administration - Login/Login_Button")): Object: 'Object Repository/WebOffice/Page_Checkatrade - Administration - Login/Login_Button' is clicked on

2020-04-27 14:25:08 - [MESSAGE][PASSED] - Object: 'Object Repository/WebOffice/Page_Checkatrade - Administration - Login/Login_Button' is clicked on

2020-04-27 14:25:08 - [TEST_STEP][PASSED] - waitForPageLoad(60): Wait for page load successfully

2020-04-27 14:25:08 - [MESSAGE][PASSED] - Wait for page load successfully

2020-04-27 14:25:08 - [TEST_STEP][PASSED] - verifyTextPresent("Welcome " + wo_Username, false): Text 'Welcome DavidHo' is present on page 

2020-04-27 14:25:08 - [MESSAGE][PASSED] - Text 'Welcome DavidHo' is present on page 

2020-04-27 14:25:08 - [MESSAGE][PASSED] - Call Test Case 'Test Cases/Reusable_Test_Sequences/Web_Office/Directives/WebOffice_StartUp' successfully

2020-04-27 14:25:08 - [TEST_STEP][PASSED] - "-----------------------------------------------------------------": null

2020-04-27 14:25:08 - [TEST_STEP][PASSED] - " Navigate to <Settings->Checkatrade.Com->Sub Item> Menu Item     |": null

2020-04-27 14:25:08 - [TEST_STEP][PASSED] - callTestCase(findTestCase("Reusable_Test_Sequences/Web_Office/Navigation/Sub_Menu_Navigation/Reports/Application_Progress_On_Hold"), [:], STOP_ON_FAILURE): Call Test Case 'Test Cases/Reusable_Test_Sequences/Web_Office/Navigation/Sub_Menu_Navigation/Reports/Application_Progress_On_Hold' successfully

2020-04-27 14:25:09 - [TEST_CASE][PASSED] - Test Cases/Reusable_Test_Sequences/Web_Office/Navigation/Sub_Menu_Navigation/Reports/Application_Progress_On_Hold: Test Cases/Reusable_Test_Sequences/Web_Office/Navigation/Sub_Menu_Navigation/Reports/Application_Progress_On_Hold

2020-04-27 14:25:09 - [TEST_STEP][PASSED] - "--------------------------------------": null

2020-04-27 14:25:09 - [TEST_STEP][PASSED] - " Navigate Top level menu Item         |": null

2020-04-27 14:25:09 - [TEST_STEP][PASSED] - waitForPageLoad(60): Wait for page load successfully

2020-04-27 14:25:09 - [MESSAGE][PASSED] - Wait for page load successfully

2020-04-27 14:25:09 - [TEST_STEP][PASSED] - waitForElementClickable(findTestObject("Object Repository/WebOffice_Home_page/a_Reports"), 60): Object 'Object Repository/WebOffice_Home_page/a_Reports' is clickable

2020-04-27 14:25:09 - [MESSAGE][PASSED] - Object 'Object Repository/WebOffice_Home_page/a_Reports' is clickable

2020-04-27 14:25:09 - [TEST_STEP][PASSED] - mouseOver(findTestObject("Object Repository/WebOffice_Home_page/a_Reports")): Object: 'Object Repository/WebOffice_Home_page/a_Reports' is hovered

2020-04-27 14:25:09 - [MESSAGE][PASSED] - Object: 'Object Repository/WebOffice_Home_page/a_Reports' is hovered

2020-04-27 14:25:09 - [TEST_STEP][PASSED] - click(findTestObject("Object Repository/WebOffice_Home_page/Page_/a_Members")): Object: 'Object Repository/WebOffice_Home_page/Page_/a_Members' is clicked on

2020-04-27 14:25:10 - [MESSAGE][PASSED] - Object: 'Object Repository/WebOffice_Home_page/Page_/a_Members' is clicked on

2020-04-27 14:25:10 - [TEST_STEP][PASSED] - waitForPageLoad(5): Wait for page load successfully

2020-04-27 14:25:10 - [MESSAGE][PASSED] - Wait for page load successfully

2020-04-27 14:25:10 - [TEST_STEP][PASSED] - waitForElementClickable(findTestObject("Object Repository/WebOffice_Home_page/Page_/a_AppProgr OnHold"), 5): Object 'Object Repository/WebOffice_Home_page/Page_/a_AppProgr OnHold' is clickable

2020-04-27 14:25:10 - [MESSAGE][PASSED] - Object 'Object Repository/WebOffice_Home_page/Page_/a_AppProgr OnHold' is clickable

2020-04-27 14:25:10 - [TEST_STEP][PASSED] - click(findTestObject("Object Repository/WebOffice_Home_page/Page_/a_AppProgr OnHold")): Object: 'Object Repository/WebOffice_Home_page/Page_/a_AppProgr OnHold' is clicked on

2020-04-27 14:25:11 - [MESSAGE][PASSED] - Object: 'Object Repository/WebOffice_Home_page/Page_/a_AppProgr OnHold' is clicked on

2020-04-27 14:25:11 - [MESSAGE][PASSED] - Call Test Case 'Test Cases/Reusable_Test_Sequences/Web_Office/Navigation/Sub_Menu_Navigation/Reports/Application_Progress_On_Hold' successfully

2020-04-27 14:25:11 - [TEST_STEP][PASSED] - "--------------------------------------": null

2020-04-27 14:25:11 - [TEST_STEP][PASSED] - " Verify Returned Page Detail          |": null

2020-04-27 14:25:11 - [TEST_STEP][PASSED] - callTestCase(findTestCase("Reusable_Test_Sequences/Web_Office/Verification/Reports/Application_Progress_On_Hold"), [:], OPTIONAL): Call Test Case 'Test Cases/Reusable_Test_Sequences/Web_Office/Verification/Reports/Application_Progress_On_Hold' successfully

2020-04-27 14:25:11 - [TEST_CASE][PASSED] - Test Cases/Reusable_Test_Sequences/Web_Office/Verification/Reports/Application_Progress_On_Hold: Test Cases/Reusable_Test_Sequences/Web_Office/Verification/Reports/Application_Progress_On_Hold

2020-04-27 14:25:11 - [TEST_STEP][PASSED] - waitForPageLoad(120): Wait for page load successfully

2020-04-27 14:25:11 - [MESSAGE][PASSED] - Wait for page load successfully

2020-04-27 14:25:11 - [TEST_STEP][PASSED] - delay(1): Delayed 1 second(s)

2020-04-27 14:25:12 - [MESSAGE][PASSED] - Delayed 1 second(s)

2020-04-27 14:25:12 - [TEST_STEP][PASSED] - verifyTextPresent("Application Progress On Hold Report", false): Text 'Application Progress On Hold Report' is present on page 

2020-04-27 14:25:12 - [MESSAGE][PASSED] - Text 'Application Progress On Hold Report' is present on page 

2020-04-27 14:25:12 - [TEST_STEP][PASSED] - "----------------------------------------------": null

2020-04-27 14:25:12 - [TEST_STEP][PASSED] - verifyTextPresent("Start Date", false): Text 'Start Date' is present on page 

2020-04-27 14:25:13 - [MESSAGE][PASSED] - Text 'Start Date' is present on page 

2020-04-27 14:25:13 - [TEST_STEP][PASSED] - verifyTextPresent("End Date", false): Text 'End Date' is present on page 

2020-04-27 14:25:13 - [MESSAGE][PASSED] - Text 'End Date' is present on page 

2020-04-27 14:25:13 - [TEST_STEP][PASSED] - "----------------------------------------------": null

2020-04-27 14:25:13 - [TEST_STEP][PASSED] - verifyTextPresent("On Hold Cases", false): Text 'On Hold Cases' is present on page 

2020-04-27 14:25:13 - [MESSAGE][PASSED] - Text 'On Hold Cases' is present on page 

2020-04-27 14:25:13 - [TEST_STEP][PASSED] - verifyTextPresent("Reset filters", false): Text 'Reset filters' is present on page 

2020-04-27 14:25:13 - [MESSAGE][PASSED] - Text 'Reset filters' is present on page 

2020-04-27 14:25:13 - [TEST_STEP][PASSED] - verifyTextPresent("Reset sorting", false): Text 'Reset sorting' is present on page 

2020-04-27 14:25:13 - [MESSAGE][PASSED] - Text 'Reset sorting' is present on page 

2020-04-27 14:25:13 - [TEST_STEP][PASSED] - verifyTextPresent("Export CSV", false): Text 'Export CSV' is present on page 

2020-04-27 14:25:13 - [MESSAGE][PASSED] - Text 'Export CSV' is present on page 

2020-04-27 14:25:13 - [TEST_STEP][PASSED] - "----------------------------------------------": null

2020-04-27 14:25:13 - [TEST_STEP][PASSED] - verifyTextPresent("CompanyId", false): Text 'CompanyId' is present on page 

2020-04-27 14:25:14 - [MESSAGE][PASSED] - Text 'CompanyId' is present on page 

2020-04-27 14:25:14 - [TEST_STEP][PASSED] - verifyTextPresent("Company Name", false): Text 'Company Name' is present on page 

2020-04-27 14:25:14 - [MESSAGE][PASSED] - Text 'Company Name' is present on page 

2020-04-27 14:25:14 - [TEST_STEP][PASSED] - verifyTextPresent("City", false): Text 'City' is present on page 

2020-04-27 14:25:14 - [MESSAGE][PASSED] - Text 'City' is present on page 

2020-04-27 14:25:14 - [TEST_STEP][PASSED] - verifyTextPresent("Postcode", false): Text 'Postcode' is present on page 

2020-04-27 14:25:14 - [MESSAGE][PASSED] - Text 'Postcode' is present on page 

2020-04-27 14:25:14 - [TEST_STEP][PASSED] - verifyTextPresent("OnHold", false): Text 'OnHold' is present on page 

2020-04-27 14:25:14 - [MESSAGE][PASSED] - Text 'OnHold' is present on page 

2020-04-27 14:25:14 - [TEST_STEP][PASSED] - verifyTextPresent("OnHold TimeStamp", false): Text 'OnHold TimeStamp' is present on page 

2020-04-27 14:25:15 - [MESSAGE][PASSED] - Text 'OnHold TimeStamp' is present on page 

2020-04-27 14:25:15 - [TEST_STEP][PASSED] - verifyTextPresent("Untick TimeStamp", false): Text 'Untick TimeStamp' is present on page 

2020-04-27 14:25:15 - [MESSAGE][PASSED] - Text 'Untick TimeStamp' is present on page 

2020-04-27 14:25:15 - [TEST_STEP][PASSED] - verifyTextPresent("On Hold Reason", false): Text 'On Hold Reason' is present on page 

2020-04-27 14:25:15 - [MESSAGE][PASSED] - Text 'On Hold Reason' is present on page 

2020-04-27 14:25:15 - [TEST_STEP][PASSED] - verifyTextPresent("Advisor", false): Text 'Advisor' is present on page 

2020-04-27 14:25:15 - [MESSAGE][PASSED] - Text 'Advisor' is present on page 

2020-04-27 14:25:15 - [TEST_STEP][PASSED] - verifyTextPresent("Team", false): Text 'Team' is present on page 

2020-04-27 14:25:15 - [MESSAGE][PASSED] - Text 'Team' is present on page 

2020-04-27 14:25:15 - [MESSAGE][PASSED] - Call Test Case 'Test Cases/Reusable_Test_Sequences/Web_Office/Verification/Reports/Application_Progress_On_Hold' successfully

2020-04-27 14:25:15 - [TEST_STEP][PASSED] - "--------------------------": null

2020-04-27 14:25:15 - [TEST_STEP][PASSED] - " Teardown - CLose Browser |": null

2020-04-27 14:25:15 - [TEST_STEP][PASSED] - callTestCase(findTestCase("Reusable_Test_Sequences/CAT_Teardown"), [:], OPTIONAL): Call Test Case 'Test Cases/Reusable_Test_Sequences/CAT_Teardown' successfully

2020-04-27 14:25:15 - [TEST_CASE][PASSED] - Test Cases/Reusable_Test_Sequences/CAT_Teardown: Test Cases/Reusable_Test_Sequences/CAT_Teardown

2020-04-27 14:25:15 - [TEST_STEP][PASSED] - closeBrowser(): Browser is closed

2020-04-27 14:25:16 - [MESSAGE][PASSED] - Browser is closed

2020-04-27 14:25:16 - [TEST_STEP][PASSED] - super.finalize(): null

2020-04-27 14:25:16 - [TEST_STEP][PASSED] - System.gc(): null

2020-04-27 14:25:16 - [MESSAGE][PASSED] - Call Test Case 'Test Cases/Reusable_Test_Sequences/CAT_Teardown' successfully]]></system-out>
         <system-err><![CDATA[]]></system-err>
      </testcase>
      <testcase name="Test Cases/Web_Office/Reports/Feedback_Cap_Report" time="20.803" classname="Test Cases/Web_Office/Reports/Feedback_Cap_Report" status="PASSED">
         <system-out><![CDATA[2020-04-27 14:25:16 - [TEST_CASE][PASSED] - Test Cases/Web_Office/Reports/Feedback_Cap_Report: Test Cases/Web_Office/Reports/Feedback_Cap_Report

2020-04-27 14:25:16 - [TEST_STEP][PASSED] - "--------------------------------------": null

2020-04-27 14:25:16 - [TEST_STEP][PASSED] - " Web Office StartUp                   |": null

2020-04-27 14:25:16 - [TEST_STEP][PASSED] - callTestCase(findTestCase("Reusable_Test_Sequences/Web_Office/Directives/WebOffice_StartUp"), [:], STOP_ON_FAILURE): Call Test Case 'Test Cases/Reusable_Test_Sequences/Web_Office/Directives/WebOffice_StartUp' successfully

2020-04-27 14:25:16 - [TEST_CASE][PASSED] - Test Cases/Reusable_Test_Sequences/Web_Office/Directives/WebOffice_StartUp: Test Cases/Reusable_Test_Sequences/Web_Office/Directives/WebOffice_StartUp

2020-04-27 14:25:16 - [TEST_STEP][PASSED] - "-----------------------------------------------------------------------------": null

2020-04-27 14:25:16 - [TEST_STEP][PASSED] - if (URL == "https://www.dev.checkatrade.com/"): null

2020-04-27 14:25:16 - [TEST_STEP][PASSED] - "-----------------------------------------------------------------------------": null

2020-04-27 14:25:16 - [TEST_STEP][PASSED] - if (URL == "https://www.checkatrade.com/"): null

2020-04-27 14:25:16 - [TEST_STEP][PASSED] - "-----------------------------------------------------------------------------": null

2020-04-27 14:25:16 - [TEST_STEP][PASSED] - if (URL == "https://www.preview.checkatrade.com/"): null

2020-04-27 14:25:16 - [TEST_STEP][PASSED] - WebOfficeURL = "https://admin.preview.checkatrade.com/": null

2020-04-27 14:25:16 - [TEST_STEP][PASSED] - if (URL == "https://www.dev2.checkatrade.com/"): null

2020-04-27 14:25:16 - [TEST_STEP][PASSED] - "Set Function Area for "URL_Handler", URL Resolution": null

2020-04-27 14:25:16 - [TEST_STEP][PASSED] - "Do Some Magic with URL(s) See the comments within URL Handler ": null

2020-04-27 14:25:16 - [TEST_STEP][PASSED] - "------------------------------------------------": null

2020-04-27 14:25:16 - [TEST_STEP][PASSED] - "Moved Login Credentials to <Default> profile 22/01/2020": null

2020-04-27 14:25:16 - [TEST_STEP][PASSED] - "------------------------------------------------": null

2020-04-27 14:25:16 - [TEST_STEP][PASSED] - "WebOfficeURL - Set from the ENVIRONMENT PROFILE ": null

2020-04-27 14:25:16 - [TEST_STEP][PASSED] - "OPEN BROWSER": null

2020-04-27 14:25:16 - [TEST_STEP][PASSED] - "eg - https://admin.preview.checkatrade.com/  ": null

2020-04-27 14:25:17 - [TEST_STEP][PASSED] - openBrowser(WebOfficeURL): Browser is opened with url: 'https://admin.preview.checkatrade.com/'

2020-04-27 14:25:17 - [MESSAGE][INFO] - Starting 'Chrome' driver

2020-04-27 14:25:17 - [MESSAGE][INFO] - Action delay is set to 0 milliseconds

2020-04-27 14:25:21 - [MESSAGE][PASSED] - Browser is opened with url: 'https://admin.preview.checkatrade.com/'

2020-04-27 14:25:21 - [TEST_STEP][PASSED] - maximizeWindow(): Current window maximized

2020-04-27 14:25:23 - [MESSAGE][PASSED] - Current window maximized

2020-04-27 14:25:23 - [TEST_STEP][PASSED] - waitForElementClickable(findTestObject("Object Repository/WebOffice/Page_Checkatrade - Administration - Login/Login_Button"), 25): Object 'Object Repository/WebOffice/Page_Checkatrade - Administration - Login/Login_Button' is clickable

2020-04-27 14:25:23 - [MESSAGE][PASSED] - Object 'Object Repository/WebOffice/Page_Checkatrade - Administration - Login/Login_Button' is clickable

2020-04-27 14:25:23 - [TEST_STEP][PASSED] - verifyTextPresent("Checkatrade Web Office", false): Text 'Checkatrade Web Office' is present on page 

2020-04-27 14:25:23 - [MESSAGE][PASSED] - Text 'Checkatrade Web Office' is present on page 

2020-04-27 14:25:23 - [TEST_STEP][PASSED] - verifyTextPresent("Access for staff use only", false): Text 'Access for staff use only' is present on page 

2020-04-27 14:25:23 - [MESSAGE][PASSED] - Text 'Access for staff use only' is present on page 

2020-04-27 14:25:23 - [TEST_STEP][PASSED] - verifyTextPresent("Forgotten password?", false): Text 'Forgotten password?' is present on page 

2020-04-27 14:25:23 - [MESSAGE][PASSED] - Text 'Forgotten password?' is present on page 

2020-04-27 14:25:23 - [TEST_STEP][PASSED] - setText(findTestObject("Object Repository/WebOffice/Page_Checkatrade - Administration - Login/input_Username_LoginControlUserName"), wo_Username): Text 'DavidHo' is set on object 'Object Repository/WebOffice/Page_Checkatrade - Administration - Login/input_Username_LoginControlUserName'

2020-04-27 14:25:23 - [MESSAGE][PASSED] - Text 'DavidHo' is set on object 'Object Repository/WebOffice/Page_Checkatrade - Administration - Login/input_Username_LoginControlUserName'

2020-04-27 14:25:23 - [TEST_STEP][PASSED] - setText(findTestObject("Object Repository/WebOffice/Page_Checkatrade - Administration - Login/input_Password_LoginControlPassword"), wo_Password): Text 'Check123' is set on object 'Object Repository/WebOffice/Page_Checkatrade - Administration - Login/input_Password_LoginControlPassword'

2020-04-27 14:25:24 - [MESSAGE][PASSED] - Text 'Check123' is set on object 'Object Repository/WebOffice/Page_Checkatrade - Administration - Login/input_Password_LoginControlPassword'

2020-04-27 14:25:24 - [TEST_STEP][PASSED] - click(findTestObject("Object Repository/WebOffice/Page_Checkatrade - Administration - Login/Login_Button")): Object: 'Object Repository/WebOffice/Page_Checkatrade - Administration - Login/Login_Button' is clicked on

2020-04-27 14:25:24 - [MESSAGE][PASSED] - Object: 'Object Repository/WebOffice/Page_Checkatrade - Administration - Login/Login_Button' is clicked on

2020-04-27 14:25:24 - [TEST_STEP][PASSED] - waitForPageLoad(60): Wait for page load successfully

2020-04-27 14:25:24 - [MESSAGE][PASSED] - Wait for page load successfully

2020-04-27 14:25:24 - [TEST_STEP][PASSED] - verifyTextPresent("Welcome " + wo_Username, false): Text 'Welcome DavidHo' is present on page 

2020-04-27 14:25:25 - [MESSAGE][PASSED] - Text 'Welcome DavidHo' is present on page 

2020-04-27 14:25:25 - [MESSAGE][PASSED] - Call Test Case 'Test Cases/Reusable_Test_Sequences/Web_Office/Directives/WebOffice_StartUp' successfully

2020-04-27 14:25:25 - [TEST_STEP][PASSED] - "-----------------------------------------------------------------": null

2020-04-27 14:25:25 - [TEST_STEP][PASSED] - " Navigate to <Settings->Checkatrade.Com->Sub Item> Menu Item     |": null

2020-04-27 14:25:25 - [TEST_STEP][PASSED] - callTestCase(findTestCase("Reusable_Test_Sequences/Web_Office/Navigation/Sub_Menu_Navigation/Reports/Feedback_Cap_Report"), [:], STOP_ON_FAILURE): Call Test Case 'Test Cases/Reusable_Test_Sequences/Web_Office/Navigation/Sub_Menu_Navigation/Reports/Feedback_Cap_Report' successfully

2020-04-27 14:25:25 - [TEST_CASE][PASSED] - Test Cases/Reusable_Test_Sequences/Web_Office/Navigation/Sub_Menu_Navigation/Reports/Feedback_Cap_Report: Test Cases/Reusable_Test_Sequences/Web_Office/Navigation/Sub_Menu_Navigation/Reports/Feedback_Cap_Report

2020-04-27 14:25:25 - [TEST_STEP][PASSED] - "--------------------------------------": null

2020-04-27 14:25:25 - [TEST_STEP][PASSED] - " Navigate Top level menu Item         |": null

2020-04-27 14:25:25 - [TEST_STEP][PASSED] - waitForPageLoad(60): Wait for page load successfully

2020-04-27 14:25:25 - [MESSAGE][PASSED] - Wait for page load successfully

2020-04-27 14:25:25 - [TEST_STEP][PASSED] - waitForElementClickable(findTestObject("Object Repository/WebOffice_Home_page/a_Reports"), 60): Object 'Object Repository/WebOffice_Home_page/a_Reports' is clickable

2020-04-27 14:25:25 - [MESSAGE][PASSED] - Object 'Object Repository/WebOffice_Home_page/a_Reports' is clickable

2020-04-27 14:25:25 - [TEST_STEP][PASSED] - mouseOver(findTestObject("Object Repository/WebOffice_Home_page/a_Reports")): Object: 'Object Repository/WebOffice_Home_page/a_Reports' is hovered

2020-04-27 14:25:25 - [MESSAGE][PASSED] - Object: 'Object Repository/WebOffice_Home_page/a_Reports' is hovered

2020-04-27 14:25:25 - [TEST_STEP][PASSED] - click(findTestObject("Object Repository/WebOffice_Home_page/Page_/a_Members")): Object: 'Object Repository/WebOffice_Home_page/Page_/a_Members' is clicked on

2020-04-27 14:25:25 - [MESSAGE][PASSED] - Object: 'Object Repository/WebOffice_Home_page/Page_/a_Members' is clicked on

2020-04-27 14:25:25 - [TEST_STEP][PASSED] - waitForPageLoad(5): Wait for page load successfully

2020-04-27 14:25:25 - [MESSAGE][PASSED] - Wait for page load successfully

2020-04-27 14:25:25 - [TEST_STEP][PASSED] - waitForElementClickable(findTestObject("Object Repository/WebOffice_Home_page/Page_/a_Feedback Cap Report"), 5): Object 'Object Repository/WebOffice_Home_page/Page_/a_Feedback Cap Report' is clickable

2020-04-27 14:25:26 - [MESSAGE][PASSED] - Object 'Object Repository/WebOffice_Home_page/Page_/a_Feedback Cap Report' is clickable

2020-04-27 14:25:26 - [TEST_STEP][PASSED] - click(findTestObject("Object Repository/WebOffice_Home_page/Page_/a_Feedback Cap Report")): Object: 'Object Repository/WebOffice_Home_page/Page_/a_Feedback Cap Report' is clicked on

2020-04-27 14:25:29 - [MESSAGE][PASSED] - Object: 'Object Repository/WebOffice_Home_page/Page_/a_Feedback Cap Report' is clicked on

2020-04-27 14:25:29 - [MESSAGE][PASSED] - Call Test Case 'Test Cases/Reusable_Test_Sequences/Web_Office/Navigation/Sub_Menu_Navigation/Reports/Feedback_Cap_Report' successfully

2020-04-27 14:25:29 - [TEST_STEP][PASSED] - "--------------------------------------": null

2020-04-27 14:25:29 - [TEST_STEP][PASSED] - " Verify Returned Page Detail          |": null

2020-04-27 14:25:29 - [TEST_STEP][PASSED] - callTestCase(findTestCase("Reusable_Test_Sequences/Web_Office/Verification/Reports/Feedback_Cap_Report"), [:], OPTIONAL): Call Test Case 'Test Cases/Reusable_Test_Sequences/Web_Office/Verification/Reports/Feedback_Cap_Report' successfully

2020-04-27 14:25:29 - [TEST_CASE][PASSED] - Test Cases/Reusable_Test_Sequences/Web_Office/Verification/Reports/Feedback_Cap_Report: Test Cases/Reusable_Test_Sequences/Web_Office/Verification/Reports/Feedback_Cap_Report

2020-04-27 14:25:30 - [TEST_STEP][PASSED] - waitForPageLoad(120): Wait for page load successfully

2020-04-27 14:25:30 - [MESSAGE][PASSED] - Wait for page load successfully

2020-04-27 14:25:30 - [TEST_STEP][PASSED] - delay(1): Delayed 1 second(s)

2020-04-27 14:25:31 - [MESSAGE][PASSED] - Delayed 1 second(s)

2020-04-27 14:25:31 - [TEST_STEP][PASSED] - verifyTextPresent("Feedback Caps - Members That Exceed Their Cap", false): Text 'Feedback Caps - Members That Exceed Their Cap' is present on page 

2020-04-27 14:25:32 - [MESSAGE][PASSED] - Text 'Feedback Caps - Members That Exceed Their Cap' is present on page 

2020-04-27 14:25:32 - [TEST_STEP][PASSED] - "----------------------------------------------": null

2020-04-27 14:25:32 - [TEST_STEP][PASSED] - verifyTextPresent("Company", false): Text 'Company' is present on page 

2020-04-27 14:25:32 - [MESSAGE][PASSED] - Text 'Company' is present on page 

2020-04-27 14:25:32 - [TEST_STEP][PASSED] - verifyTextPresent("Guide Heading", false): Text 'Guide Heading' is present on page 

2020-04-27 14:25:33 - [MESSAGE][PASSED] - Text 'Guide Heading' is present on page 

2020-04-27 14:25:33 - [TEST_STEP][PASSED] - verifyTextPresent("Date Joined", false): Text 'Date Joined' is present on page 

2020-04-27 14:25:33 - [MESSAGE][PASSED] - Text 'Date Joined' is present on page 

2020-04-27 14:25:33 - [TEST_STEP][PASSED] - verifyTextPresent("CapType", false): Text 'CapType' is present on page 

2020-04-27 14:25:33 - [MESSAGE][PASSED] - Text 'CapType' is present on page 

2020-04-27 14:25:33 - [TEST_STEP][PASSED] - verifyTextPresent("Cap Value", false): Text 'Cap Value' is present on page 

2020-04-27 14:25:34 - [MESSAGE][PASSED] - Text 'Cap Value' is present on page 

2020-04-27 14:25:34 - [TEST_STEP][PASSED] - verifyTextPresent("No. Feedbacks", false): Text 'No. Feedbacks' is present on page 

2020-04-27 14:25:34 - [MESSAGE][PASSED] - Text 'No. Feedbacks' is present on page 

2020-04-27 14:25:34 - [TEST_STEP][PASSED] - "----------------------------------------------": null

2020-04-27 14:25:34 - [TEST_STEP][PASSED] - verifyTextPresent("Carpet Bright UK", false): Text 'Carpet Bright UK' is present on page 

2020-04-27 14:25:34 - [MESSAGE][PASSED] - Text 'Carpet Bright UK' is present on page 

2020-04-27 14:25:34 - [TEST_STEP][PASSED] - verifyTextPresent("CARPET & UPHOLSTERY CLEANING", false): Text 'CARPET & UPHOLSTERY CLEANING' is present on page 

2020-04-27 14:25:34 - [MESSAGE][PASSED] - Text 'CARPET & UPHOLSTERY CLEANING' is present on page 

2020-04-27 14:25:34 - [TEST_STEP][PASSED] - verifyTextPresent("Directory Heading", false): Text 'Directory Heading' is present on page 

2020-04-27 14:25:34 - [MESSAGE][PASSED] - Text 'Directory Heading' is present on page 

2020-04-27 14:25:34 - [TEST_STEP][PASSED] - verifyTextPresent("Company Override", false): Text 'Company Override' is present on page 

2020-04-27 14:25:35 - [MESSAGE][PASSED] - Text 'Company Override' is present on page 

2020-04-27 14:25:35 - [TEST_STEP][PASSED] - verifyTextPresent("Aston Cord Ltd", false): Text 'Aston Cord Ltd' is present on page 

2020-04-27 14:25:35 - [MESSAGE][PASSED] - Text 'Aston Cord Ltd' is present on page 

2020-04-27 14:25:35 - [TEST_STEP][PASSED] - verifyTextPresent("CENTRAL HEATING - GAS SAFE", false): Text 'CENTRAL HEATING - GAS SAFE' is present on page 

2020-04-27 14:25:35 - [MESSAGE][PASSED] - Text 'CENTRAL HEATING - GAS SAFE' is present on page 

2020-04-27 14:25:35 - [TEST_STEP][PASSED] - verifyTextPresent("Lockfit NI", false): Text 'Lockfit NI' is present on page 

2020-04-27 14:25:35 - [MESSAGE][PASSED] - Text 'Lockfit NI' is present on page 

2020-04-27 14:25:35 - [TEST_STEP][PASSED] - verifyTextPresent("LOCKSMITH", false): Text 'LOCKSMITH' is present on page 

2020-04-27 14:25:36 - [MESSAGE][PASSED] - Text 'LOCKSMITH' is present on page 

2020-04-27 14:25:36 - [TEST_STEP][PASSED] - verifyTextPresent("ELECTRICAL", false): Text 'ELECTRICAL' is present on page 

2020-04-27 14:25:36 - [MESSAGE][PASSED] - Text 'ELECTRICAL' is present on page 

2020-04-27 14:25:36 - [MESSAGE][PASSED] - Call Test Case 'Test Cases/Reusable_Test_Sequences/Web_Office/Verification/Reports/Feedback_Cap_Report' successfully

2020-04-27 14:25:36 - [TEST_STEP][PASSED] - "--------------------------": null

2020-04-27 14:25:36 - [TEST_STEP][PASSED] - " Teardown - CLose Browser |": null

2020-04-27 14:25:36 - [TEST_STEP][PASSED] - callTestCase(findTestCase("Reusable_Test_Sequences/CAT_Teardown"), [:], OPTIONAL): Call Test Case 'Test Cases/Reusable_Test_Sequences/CAT_Teardown' successfully

2020-04-27 14:25:36 - [TEST_CASE][PASSED] - Test Cases/Reusable_Test_Sequences/CAT_Teardown: Test Cases/Reusable_Test_Sequences/CAT_Teardown

2020-04-27 14:25:36 - [TEST_STEP][PASSED] - closeBrowser(): Browser is closed

2020-04-27 14:25:37 - [MESSAGE][PASSED] - Browser is closed

2020-04-27 14:25:37 - [TEST_STEP][PASSED] - super.finalize(): null

2020-04-27 14:25:37 - [TEST_STEP][PASSED] - System.gc(): null

2020-04-27 14:25:37 - [MESSAGE][PASSED] - Call Test Case 'Test Cases/Reusable_Test_Sequences/CAT_Teardown' successfully]]></system-out>
         <system-err><![CDATA[]]></system-err>
      </testcase>
      <system-out><![CDATA[2020-04-27 14:04:43 - [TEST_SUITE][FAILED] - Web_Office_Reports: Test Cases/Web_Office/Reports/Renewal_Leavers_Engagement_Score FAILED.
Reason:
com.kms.katalon.core.exception.StepFailedException: Call Test Case 'Test Cases/Reusable_Test_Sequences/Web_Office/Navigation/Sub_Menu_Navigation/Reports/Renewal_Leavers_Engagement_Score' failed
	at com.kms.katalon.core.keyword.builtin.CallTestCaseKeyword$_callTestCase_closure1.doCall(CallTestCaseKeyword.groovy:63)
	at com.kms.katalon.core.keyword.builtin.CallTestCaseKeyword$_callTestCase_closure1.call(CallTestCaseKeyword.groovy)
	at com.kms.katalon.core.keyword.internal.KeywordMain.runKeyword(KeywordMain.groovy:68)
	at com.kms.katalon.core.keyword.builtin.CallTestCaseKeyword.callTestCase(CallTestCaseKeyword.groovy:81)
	at com.kms.katalon.core.keyword.builtin.CallTestCaseKeyword.execute(CallTestCaseKeyword.groovy:44)
	at com.kms.katalon.core.keyword.internal.KeywordExecutor.executeKeywordForPlatform(KeywordExecutor.groovy:72)
	at com.kms.katalon.core.keyword.BuiltinKeywords.callTestCase(BuiltinKeywords.groovy:334)
	at Renewal_Leavers_Engagement_Score.run(Renewal_Leavers_Engagement_Score:59)
	at com.kms.katalon.core.main.ScriptEngine.run(ScriptEngine.java:194)
	at com.kms.katalon.core.main.ScriptEngine.runScriptAsRawText(ScriptEngine.java:119)
	at com.kms.katalon.core.main.TestCaseExecutor.runScript(TestCaseExecutor.java:337)
	at com.kms.katalon.core.main.TestCaseExecutor.doExecute(TestCaseExecutor.java:328)
	at com.kms.katalon.core.main.TestCaseExecutor.processExecutionPhase(TestCaseExecutor.java:307)
	at com.kms.katalon.core.main.TestCaseExecutor.accessMainPhase(TestCaseExecutor.java:299)
	at com.kms.katalon.core.main.TestCaseExecutor.execute(TestCaseExecutor.java:233)
	at com.kms.katalon.core.main.TestSuiteExecutor.accessTestCaseMainPhase(TestSuiteExecutor.java:169)
	at com.kms.katalon.core.main.TestSuiteExecutor.accessTestSuiteMainPhase(TestSuiteExecutor.java:142)
	at com.kms.katalon.core.main.TestSuiteExecutor.execute(TestSuiteExecutor.java:91)
	at com.kms.katalon.core.main.TestCaseMain.startTestSuite(TestCaseMain.java:157)
	at com.kms.katalon.core.main.TestCaseMain$startTestSuite$0.call(Unknown Source)
	at TempTestSuite1587991913277.run(TempTestSuite1587991913277.groovy:37)
Caused by: com.kms.katalon.core.exception.StepFailedException: Unable to click on object 'Object Repository/WebOffice_Home_page/Page_/a_RenewalsLeavers - Engagement Score' (Root cause: com.kms.katalon.core.exception.StepFailedException: Unable to click on object 'Object Repository/WebOffice_Home_page/Page_/a_RenewalsLeavers - Engagement Score'
	at com.kms.katalon.core.webui.keyword.internal.WebUIKeywordMain.stepFailed(WebUIKeywordMain.groovy:64)
	at com.kms.katalon.core.webui.keyword.internal.WebUIKeywordMain.runKeyword(WebUIKeywordMain.groovy:26)
	at com.kms.katalon.core.webui.keyword.builtin.ClickKeyword.click(ClickKeyword.groovy:76)
	at com.kms.katalon.core.webui.keyword.builtin.ClickKeyword.execute(ClickKeyword.groovy:43)
	at com.kms.katalon.core.keyword.internal.KeywordExecutor.executeKeywordForPlatform(KeywordExecutor.groovy:72)
	at com.kms.katalon.core.webui.keyword.WebUiBuiltInKeywords.click(WebUiBuiltInKeywords.groovy:616)
	at com.kms.katalon.core.webui.keyword.WebUiBuiltInKeywords$click$4.call(Unknown Source)
	at Renewal_Leavers_Engagement_Score.run(Renewal_Leavers_Engagement_Score:69)
	at com.kms.katalon.core.main.ScriptEngine.run(ScriptEngine.java:194)
	at com.kms.katalon.core.main.ScriptEngine.runScriptAsRawText(ScriptEngine.java:119)
	at com.kms.katalon.core.main.TestCaseExecutor.runScript(TestCaseExecutor.java:337)
	at com.kms.katalon.core.main.TestCaseExecutor.doExecute(TestCaseExecutor.java:328)
	at com.kms.katalon.core.main.TestCaseExecutor.processExecutionPhase(TestCaseExecutor.java:307)
	at com.kms.katalon.core.main.TestCaseExecutor.accessMainPhase(TestCaseExecutor.java:299)
	at com.kms.katalon.core.main.TestCaseExecutor.execute(TestCaseExecutor.java:233)
	at com.kms.katalon.core.main.TestCaseMain.runTestCase(TestCaseMain.java:114)
	at com.kms.katalon.core.keyword.builtin.CallTestCaseKeyword$_callTestCase_closure1.doCall(CallTestCaseKeyword.groovy:59)
	at com.kms.katalon.core.keyword.builtin.CallTestCaseKeyword$_callTestCase_closure1.call(CallTestCaseKeyword.groovy)
	at com.kms.katalon.core.keyword.internal.KeywordMain.runKeyword(KeywordMain.groovy:68)
	at com.kms.katalon.core.keyword.builtin.CallTestCaseKeyword.callTestCase(CallTestCaseKeyword.groovy:81)
	at com.kms.katalon.core.keyword.builtin.CallTestCaseKeyword.execute(CallTestCaseKeyword.groovy:44)
	at com.kms.katalon.core.keyword.internal.KeywordExecutor.executeKeywordForPlatform(KeywordExecutor.groovy:72)
	at com.kms.katalon.core.keyword.BuiltinKeywords.callTestCase(BuiltinKeywords.groovy:334)
	at Renewal_Leavers_Engagement_Score.run(Renewal_Leavers_Engagement_Score:59)
	at com.kms.katalon.core.main.ScriptEngine.run(ScriptEngine.java:194)
	at com.kms.katalon.core.main.ScriptEngine.runScriptAsRawText(ScriptEngine.java:119)
	at com.kms.katalon.core.main.TestCaseExecutor.runScript(TestCaseExecutor.java:337)
	at com.kms.katalon.core.main.TestCaseExecutor.doExecute(TestCaseExecutor.java:328)
	at com.kms.katalon.core.main.TestCaseExecutor.processExecutionPhase(TestCaseExecutor.java:307)
	at com.kms.katalon.core.main.TestCaseExecutor.accessMainPhase(TestCaseExecutor.java:299)
	at com.kms.katalon.core.main.TestCaseExecutor.execute(TestCaseExecutor.java:233)
	at com.kms.katalon.core.main.TestSuiteExecutor.accessTestCaseMainPhase(TestSuiteExecutor.java:169)
	at com.kms.katalon.core.main.TestSuiteExecutor.accessTestSuiteMainPhase(TestSuiteExecutor.java:142)
	at com.kms.katalon.core.main.TestSuiteExecutor.execute(TestSuiteExecutor.java:91)
	at com.kms.katalon.core.main.TestCaseMain.startTestSuite(TestCaseMain.java:157)
	at com.kms.katalon.core.main.TestCaseMain$startTestSuite$0.call(Unknown Source)
	at TempTestSuite1587991913277.run(TempTestSuite1587991913277.groovy:37)
Caused by: org.openqa.selenium.ElementClickInterceptedException: element click intercepted: Element <a href="/Reports/RenewalLeaversEngagementReport.aspx">...</a> is not clickable at point (120, 16). Other element would receive the click: <img src="/Images/menu/WO_logo.jpg" width="283" height="32" alt="Checkatrade Web Office" hspace="10">
  (Session info: chrome=81.0.4044.122)
Build info: version: '3.141.59', revision: 'e82be7d358', time: '2018-11-14T08:25:53'
System info: host: 'VETTEDSP36RF', ip: '192.168.1.237', os.name: 'Windows 10', os.arch: 'x86', os.version: '10.0', java.version: '1.8.0_181'
Driver info: com.kms.katalon.selenium.driver.CChromeDriver
Capabilities {acceptInsecureCerts: false, browserName: chrome, browserVersion: 81.0.4044.122, chrome: {chromedriverVersion: 81.0.4044.69 (6813546031a4b..., userDataDir: C:\Users\davidho\AppData\Lo...}, goog:chromeOptions: {debuggerAddress: localhost:59353}, javascriptEnabled: true, networkConnectionEnabled: false, pageLoadStrategy: normal, platform: WINDOWS, platformName: WINDOWS, proxy: Proxy(), setWindowRect: true, strictFileInteractability: false, timeouts: {implicit: 0, pageLoad: 300000, script: 30000}, unhandledPromptBehavior: dismiss and notify, webauthn:virtualAuthenticators: true}
Session ID: f1a46da94cb4ec60d86549090fbd66fe
	at org.openqa.selenium.remote.http.W3CHttpResponseCodec.createException(W3CHttpResponseCodec.java:187)
	at org.openqa.selenium.remote.http.W3CHttpResponseCodec.decode(W3CHttpResponseCodec.java:122)
	at org.openqa.selenium.remote.http.W3CHttpResponseCodec.decode(W3CHttpResponseCodec.java:49)
	at org.openqa.selenium.remote.HttpCommandExecutor.execute(HttpCommandExecutor.java:158)
	at org.openqa.selenium.remote.service.DriverCommandExecutor.execute(DriverCommandExecutor.java:83)
	at org.openqa.selenium.remote.RemoteWebDriver.execute(RemoteWebDriver.java:552)
	at com.kms.katalon.selenium.driver.CChromeDriver.execute(CChromeDriver.java:19)
	at org.openqa.selenium.remote.RemoteWebElement.execute(RemoteWebElement.java:285)
	at org.openqa.selenium.remote.RemoteWebElement.click(RemoteWebElement.java:84)
	at org.openqa.selenium.support.events.EventFiringWebDriver$EventFiringWebElement.lambda$new$0(EventFiringWebDriver.java:404)
	at com.sun.proxy.$Proxy9.click(Unknown Source)
	at org.openqa.selenium.support.events.EventFiringWebDriver$EventFiringWebElement.click(EventFiringWebDriver.java:417)
	at com.kms.katalon.core.webui.keyword.builtin.ClickKeyword$_click_closure1.doCall(ClickKeyword.groovy:69)
	at com.kms.katalon.core.webui.keyword.builtin.ClickKeyword$_click_closure1.call(ClickKeyword.groovy)
	at com.kms.katalon.core.webui.keyword.internal.WebUIKeywordMain.runKeyword(WebUIKeywordMain.groovy:20)
	at com.kms.katalon.core.webui.keyword.builtin.ClickKeyword.click(ClickKeyword.groovy:76)
	at com.kms.katalon.core.webui.keyword.builtin.ClickKeyword.execute(ClickKeyword.groovy:43)
	at com.kms.katalon.core.keyword.internal.KeywordExecutor.executeKeywordForPlatform(KeywordExecutor.groovy:72)
	at com.kms.katalon.core.webui.keyword.WebUiBuiltInKeywords.click(WebUiBuiltInKeywords.groovy:616)
	at com.kms.katalon.core.webui.keyword.WebUiBuiltInKeywords$click$4.call(Unknown Source)
	at Script1587722706161.run(Script1587722706161.groovy:69)
	at com.kms.katalon.core.main.ScriptEngine.run(ScriptEngine.java:194)
	at com.kms.katalon.core.main.ScriptEngine.runScriptAsRawText(ScriptEngine.java:119)
	at com.kms.katalon.core.main.TestCaseExecutor.runScript(TestCaseExecutor.java:337)
	at com.kms.katalon.core.main.TestCaseExecutor.doExecute(TestCaseExecutor.java:328)
	at com.kms.katalon.core.main.TestCaseExecutor.processExecutionPhase(TestCaseExecutor.java:307)
	at com.kms.katalon.core.main.TestCaseExecutor.accessMainPhase(TestCaseExecutor.java:299)
	at com.kms.katalon.core.main.TestCaseExecutor.execute(TestCaseExecutor.java:233)
	at com.kms.katalon.core.main.TestCaseMain.runTestCase(TestCaseMain.java:114)
	at com.kms.katalon.core.keyword.builtin.CallTestCaseKeyword$_callTestCase_closure1.doCall(CallTestCaseKeyword.groovy:59)
	at com.kms.katalon.core.keyword.builtin.CallTestCaseKeyword$_callTestCase_closure1.call(CallTestCaseKeyword.groovy)
	at com.kms.katalon.core.keyword.internal.KeywordMain.runKeyword(KeywordMain.groovy:68)
	at com.kms.katalon.core.keyword.builtin.CallTestCaseKeyword.callTestCase(CallTestCaseKeyword.groovy:81)
	at com.kms.katalon.core.keyword.builtin.CallTestCaseKeyword.execute(CallTestCaseKeyword.groovy:44)
	at com.kms.katalon.core.keyword.internal.KeywordExecutor.executeKeywordForPlatform(KeywordExecutor.groovy:72)
	at com.kms.katalon.core.keyword.BuiltinKeywords.callTestCase(BuiltinKeywords.groovy:334)
	at Script1587722686694.run(Script1587722686694.groovy:59)
	... 13 more
)
	at com.kms.katalon.core.keyword.internal.KeywordMain.stepFailed(KeywordMain.groovy:39)
	at com.kms.katalon.core.webui.keyword.internal.WebUIKeywordMain.stepFailed(WebUIKeywordMain.groovy:64)
	at com.kms.katalon.core.webui.keyword.internal.WebUIKeywordMain.runKeyword(WebUIKeywordMain.groovy:26)
	at com.kms.katalon.core.webui.keyword.builtin.ClickKeyword.click(ClickKeyword.groovy:76)
	at com.kms.katalon.core.webui.keyword.builtin.ClickKeyword.execute(ClickKeyword.groovy:43)
	at com.kms.katalon.core.keyword.internal.KeywordExecutor.executeKeywordForPlatform(KeywordExecutor.groovy:72)
	at com.kms.katalon.core.webui.keyword.WebUiBuiltInKeywords.click(WebUiBuiltInKeywords.groovy:616)
	at com.kms.katalon.core.webui.keyword.WebUiBuiltInKeywords$click$4.call(Unknown Source)
	at Renewal_Leavers_Engagement_Score.run(Renewal_Leavers_Engagement_Score:69)
	at com.kms.katalon.core.main.ScriptEngine.run(ScriptEngine.java:194)
	at com.kms.katalon.core.main.ScriptEngine.runScriptAsRawText(ScriptEngine.java:119)
	at com.kms.katalon.core.main.TestCaseExecutor.runScript(TestCaseExecutor.java:337)
	at com.kms.katalon.core.main.TestCaseExecutor.doExecute(TestCaseExecutor.java:328)
	at com.kms.katalon.core.main.TestCaseExecutor.processExecutionPhase(TestCaseExecutor.java:307)
	at com.kms.katalon.core.main.TestCaseExecutor.accessMainPhase(TestCaseExecutor.java:299)
	at com.kms.katalon.core.main.TestCaseExecutor.execute(TestCaseExecutor.java:233)
	at com.kms.katalon.core.main.TestCaseMain.runTestCase(TestCaseMain.java:114)
	at com.kms.katalon.core.keyword.builtin.CallTestCaseKeyword$_callTestCase_closure1.doCall(CallTestCaseKeyword.groovy:59)
	... 20 more
Caused by: com.kms.katalon.core.exception.StepFailedException: Unable to click on object 'Object Repository/WebOffice_Home_page/Page_/a_RenewalsLeavers - Engagement Score'
	... 37 more
Caused by: org.openqa.selenium.ElementClickInterceptedException: element click intercepted: Element <a href="/Reports/RenewalLeaversEngagementReport.aspx">...</a> is not clickable at point (120, 16). Other element would receive the click: <img src="/Images/menu/WO_logo.jpg" width="283" height="32" alt="Checkatrade Web Office" hspace="10">
  (Session info: chrome=81.0.4044.122)
Build info: version: '3.141.59', revision: 'e82be7d358', time: '2018-11-14T08:25:53'
System info: host: 'VETTEDSP36RF', ip: '192.168.1.237', os.name: 'Windows 10', os.arch: 'x86', os.version: '10.0', java.version: '1.8.0_181'
Driver info: com.kms.katalon.selenium.driver.CChromeDriver
Capabilities {acceptInsecureCerts: false, browserName: chrome, browserVersion: 81.0.4044.122, chrome: {chromedriverVersion: 81.0.4044.69 (6813546031a4b..., userDataDir: C:\Users\davidho\AppData\Lo...}, goog:chromeOptions: {debuggerAddress: localhost:59353}, javascriptEnabled: true, networkConnectionEnabled: false, pageLoadStrategy: normal, platform: WINDOWS, platformName: WINDOWS, proxy: Proxy(), setWindowRect: true, strictFileInteractability: false, timeouts: {implicit: 0, pageLoad: 300000, script: 30000}, unhandledPromptBehavior: dismiss and notify, webauthn:virtualAuthenticators: true}
Session ID: f1a46da94cb4ec60d86549090fbd66fe
	at org.openqa.selenium.remote.http.W3CHttpResponseCodec.createException(W3CHttpResponseCodec.java:187)
	at org.openqa.selenium.remote.http.W3CHttpResponseCodec.decode(W3CHttpResponseCodec.java:122)
	at org.openqa.selenium.remote.http.W3CHttpResponseCodec.decode(W3CHttpResponseCodec.java:49)
	at org.openqa.selenium.remote.HttpCommandExecutor.execute(HttpCommandExecutor.java:158)
	at org.openqa.selenium.remote.service.DriverCommandExecutor.execute(DriverCommandExecutor.java:83)
	at org.openqa.selenium.remote.RemoteWebDriver.execute(RemoteWebDriver.java:552)
	at com.kms.katalon.selenium.driver.CChromeDriver.execute(CChromeDriver.java:19)
	at org.openqa.selenium.remote.RemoteWebElement.execute(RemoteWebElement.java:285)
	at org.openqa.selenium.remote.RemoteWebElement.click(RemoteWebElement.java:84)
	at org.openqa.selenium.support.events.EventFiringWebDriver$EventFiringWebElement.lambda$new$0(EventFiringWebDriver.java:404)
	at com.sun.proxy.$Proxy9.click(Unknown Source)
	at org.openqa.selenium.support.events.EventFiringWebDriver$EventFiringWebElement.click(EventFiringWebDriver.java:417)
	at com.kms.katalon.core.webui.keyword.builtin.ClickKeyword$_click_closure1.doCall(ClickKeyword.groovy:69)
	at com.kms.katalon.core.webui.keyword.builtin.ClickKeyword$_click_closure1.call(ClickKeyword.groovy)
	at com.kms.katalon.core.webui.keyword.internal.WebUIKeywordMain.runKeyword(WebUIKeywordMain.groovy:20)
	... 35 more]]></system-out>
      <system-err><![CDATA[2020-04-27 14:04:43 - [TEST_SUITE][FAILED] - Web_Office_Reports: Test Cases/Web_Office/Reports/Renewal_Leavers_Engagement_Score FAILED.
Reason:
com.kms.katalon.core.exception.StepFailedException: Call Test Case 'Test Cases/Reusable_Test_Sequences/Web_Office/Navigation/Sub_Menu_Navigation/Reports/Renewal_Leavers_Engagement_Score' failed
	at com.kms.katalon.core.keyword.builtin.CallTestCaseKeyword$_callTestCase_closure1.doCall(CallTestCaseKeyword.groovy:63)
	at com.kms.katalon.core.keyword.builtin.CallTestCaseKeyword$_callTestCase_closure1.call(CallTestCaseKeyword.groovy)
	at com.kms.katalon.core.keyword.internal.KeywordMain.runKeyword(KeywordMain.groovy:68)
	at com.kms.katalon.core.keyword.builtin.CallTestCaseKeyword.callTestCase(CallTestCaseKeyword.groovy:81)
	at com.kms.katalon.core.keyword.builtin.CallTestCaseKeyword.execute(CallTestCaseKeyword.groovy:44)
	at com.kms.katalon.core.keyword.internal.KeywordExecutor.executeKeywordForPlatform(KeywordExecutor.groovy:72)
	at com.kms.katalon.core.keyword.BuiltinKeywords.callTestCase(BuiltinKeywords.groovy:334)
	at Renewal_Leavers_Engagement_Score.run(Renewal_Leavers_Engagement_Score:59)
	at com.kms.katalon.core.main.ScriptEngine.run(ScriptEngine.java:194)
	at com.kms.katalon.core.main.ScriptEngine.runScriptAsRawText(ScriptEngine.java:119)
	at com.kms.katalon.core.main.TestCaseExecutor.runScript(TestCaseExecutor.java:337)
	at com.kms.katalon.core.main.TestCaseExecutor.doExecute(TestCaseExecutor.java:328)
	at com.kms.katalon.core.main.TestCaseExecutor.processExecutionPhase(TestCaseExecutor.java:307)
	at com.kms.katalon.core.main.TestCaseExecutor.accessMainPhase(TestCaseExecutor.java:299)
	at com.kms.katalon.core.main.TestCaseExecutor.execute(TestCaseExecutor.java:233)
	at com.kms.katalon.core.main.TestSuiteExecutor.accessTestCaseMainPhase(TestSuiteExecutor.java:169)
	at com.kms.katalon.core.main.TestSuiteExecutor.accessTestSuiteMainPhase(TestSuiteExecutor.java:142)
	at com.kms.katalon.core.main.TestSuiteExecutor.execute(TestSuiteExecutor.java:91)
	at com.kms.katalon.core.main.TestCaseMain.startTestSuite(TestCaseMain.java:157)
	at com.kms.katalon.core.main.TestCaseMain$startTestSuite$0.call(Unknown Source)
	at TempTestSuite1587991913277.run(TempTestSuite1587991913277.groovy:37)
Caused by: com.kms.katalon.core.exception.StepFailedException: Unable to click on object 'Object Repository/WebOffice_Home_page/Page_/a_RenewalsLeavers - Engagement Score' (Root cause: com.kms.katalon.core.exception.StepFailedException: Unable to click on object 'Object Repository/WebOffice_Home_page/Page_/a_RenewalsLeavers - Engagement Score'
	at com.kms.katalon.core.webui.keyword.internal.WebUIKeywordMain.stepFailed(WebUIKeywordMain.groovy:64)
	at com.kms.katalon.core.webui.keyword.internal.WebUIKeywordMain.runKeyword(WebUIKeywordMain.groovy:26)
	at com.kms.katalon.core.webui.keyword.builtin.ClickKeyword.click(ClickKeyword.groovy:76)
	at com.kms.katalon.core.webui.keyword.builtin.ClickKeyword.execute(ClickKeyword.groovy:43)
	at com.kms.katalon.core.keyword.internal.KeywordExecutor.executeKeywordForPlatform(KeywordExecutor.groovy:72)
	at com.kms.katalon.core.webui.keyword.WebUiBuiltInKeywords.click(WebUiBuiltInKeywords.groovy:616)
	at com.kms.katalon.core.webui.keyword.WebUiBuiltInKeywords$click$4.call(Unknown Source)
	at Renewal_Leavers_Engagement_Score.run(Renewal_Leavers_Engagement_Score:69)
	at com.kms.katalon.core.main.ScriptEngine.run(ScriptEngine.java:194)
	at com.kms.katalon.core.main.ScriptEngine.runScriptAsRawText(ScriptEngine.java:119)
	at com.kms.katalon.core.main.TestCaseExecutor.runScript(TestCaseExecutor.java:337)
	at com.kms.katalon.core.main.TestCaseExecutor.doExecute(TestCaseExecutor.java:328)
	at com.kms.katalon.core.main.TestCaseExecutor.processExecutionPhase(TestCaseExecutor.java:307)
	at com.kms.katalon.core.main.TestCaseExecutor.accessMainPhase(TestCaseExecutor.java:299)
	at com.kms.katalon.core.main.TestCaseExecutor.execute(TestCaseExecutor.java:233)
	at com.kms.katalon.core.main.TestCaseMain.runTestCase(TestCaseMain.java:114)
	at com.kms.katalon.core.keyword.builtin.CallTestCaseKeyword$_callTestCase_closure1.doCall(CallTestCaseKeyword.groovy:59)
	at com.kms.katalon.core.keyword.builtin.CallTestCaseKeyword$_callTestCase_closure1.call(CallTestCaseKeyword.groovy)
	at com.kms.katalon.core.keyword.internal.KeywordMain.runKeyword(KeywordMain.groovy:68)
	at com.kms.katalon.core.keyword.builtin.CallTestCaseKeyword.callTestCase(CallTestCaseKeyword.groovy:81)
	at com.kms.katalon.core.keyword.builtin.CallTestCaseKeyword.execute(CallTestCaseKeyword.groovy:44)
	at com.kms.katalon.core.keyword.internal.KeywordExecutor.executeKeywordForPlatform(KeywordExecutor.groovy:72)
	at com.kms.katalon.core.keyword.BuiltinKeywords.callTestCase(BuiltinKeywords.groovy:334)
	at Renewal_Leavers_Engagement_Score.run(Renewal_Leavers_Engagement_Score:59)
	at com.kms.katalon.core.main.ScriptEngine.run(ScriptEngine.java:194)
	at com.kms.katalon.core.main.ScriptEngine.runScriptAsRawText(ScriptEngine.java:119)
	at com.kms.katalon.core.main.TestCaseExecutor.runScript(TestCaseExecutor.java:337)
	at com.kms.katalon.core.main.TestCaseExecutor.doExecute(TestCaseExecutor.java:328)
	at com.kms.katalon.core.main.TestCaseExecutor.processExecutionPhase(TestCaseExecutor.java:307)
	at com.kms.katalon.core.main.TestCaseExecutor.accessMainPhase(TestCaseExecutor.java:299)
	at com.kms.katalon.core.main.TestCaseExecutor.execute(TestCaseExecutor.java:233)
	at com.kms.katalon.core.main.TestSuiteExecutor.accessTestCaseMainPhase(TestSuiteExecutor.java:169)
	at com.kms.katalon.core.main.TestSuiteExecutor.accessTestSuiteMainPhase(TestSuiteExecutor.java:142)
	at com.kms.katalon.core.main.TestSuiteExecutor.execute(TestSuiteExecutor.java:91)
	at com.kms.katalon.core.main.TestCaseMain.startTestSuite(TestCaseMain.java:157)
	at com.kms.katalon.core.main.TestCaseMain$startTestSuite$0.call(Unknown Source)
	at TempTestSuite1587991913277.run(TempTestSuite1587991913277.groovy:37)
Caused by: org.openqa.selenium.ElementClickInterceptedException: element click intercepted: Element <a href="/Reports/RenewalLeaversEngagementReport.aspx">...</a> is not clickable at point (120, 16). Other element would receive the click: <img src="/Images/menu/WO_logo.jpg" width="283" height="32" alt="Checkatrade Web Office" hspace="10">
  (Session info: chrome=81.0.4044.122)
Build info: version: '3.141.59', revision: 'e82be7d358', time: '2018-11-14T08:25:53'
System info: host: 'VETTEDSP36RF', ip: '192.168.1.237', os.name: 'Windows 10', os.arch: 'x86', os.version: '10.0', java.version: '1.8.0_181'
Driver info: com.kms.katalon.selenium.driver.CChromeDriver
Capabilities {acceptInsecureCerts: false, browserName: chrome, browserVersion: 81.0.4044.122, chrome: {chromedriverVersion: 81.0.4044.69 (6813546031a4b..., userDataDir: C:\Users\davidho\AppData\Lo...}, goog:chromeOptions: {debuggerAddress: localhost:59353}, javascriptEnabled: true, networkConnectionEnabled: false, pageLoadStrategy: normal, platform: WINDOWS, platformName: WINDOWS, proxy: Proxy(), setWindowRect: true, strictFileInteractability: false, timeouts: {implicit: 0, pageLoad: 300000, script: 30000}, unhandledPromptBehavior: dismiss and notify, webauthn:virtualAuthenticators: true}
Session ID: f1a46da94cb4ec60d86549090fbd66fe
	at org.openqa.selenium.remote.http.W3CHttpResponseCodec.createException(W3CHttpResponseCodec.java:187)
	at org.openqa.selenium.remote.http.W3CHttpResponseCodec.decode(W3CHttpResponseCodec.java:122)
	at org.openqa.selenium.remote.http.W3CHttpResponseCodec.decode(W3CHttpResponseCodec.java:49)
	at org.openqa.selenium.remote.HttpCommandExecutor.execute(HttpCommandExecutor.java:158)
	at org.openqa.selenium.remote.service.DriverCommandExecutor.execute(DriverCommandExecutor.java:83)
	at org.openqa.selenium.remote.RemoteWebDriver.execute(RemoteWebDriver.java:552)
	at com.kms.katalon.selenium.driver.CChromeDriver.execute(CChromeDriver.java:19)
	at org.openqa.selenium.remote.RemoteWebElement.execute(RemoteWebElement.java:285)
	at org.openqa.selenium.remote.RemoteWebElement.click(RemoteWebElement.java:84)
	at org.openqa.selenium.support.events.EventFiringWebDriver$EventFiringWebElement.lambda$new$0(EventFiringWebDriver.java:404)
	at com.sun.proxy.$Proxy9.click(Unknown Source)
	at org.openqa.selenium.support.events.EventFiringWebDriver$EventFiringWebElement.click(EventFiringWebDriver.java:417)
	at com.kms.katalon.core.webui.keyword.builtin.ClickKeyword$_click_closure1.doCall(ClickKeyword.groovy:69)
	at com.kms.katalon.core.webui.keyword.builtin.ClickKeyword$_click_closure1.call(ClickKeyword.groovy)
	at com.kms.katalon.core.webui.keyword.internal.WebUIKeywordMain.runKeyword(WebUIKeywordMain.groovy:20)
	at com.kms.katalon.core.webui.keyword.builtin.ClickKeyword.click(ClickKeyword.groovy:76)
	at com.kms.katalon.core.webui.keyword.builtin.ClickKeyword.execute(ClickKeyword.groovy:43)
	at com.kms.katalon.core.keyword.internal.KeywordExecutor.executeKeywordForPlatform(KeywordExecutor.groovy:72)
	at com.kms.katalon.core.webui.keyword.WebUiBuiltInKeywords.click(WebUiBuiltInKeywords.groovy:616)
	at com.kms.katalon.core.webui.keyword.WebUiBuiltInKeywords$click$4.call(Unknown Source)
	at Script1587722706161.run(Script1587722706161.groovy:69)
	at com.kms.katalon.core.main.ScriptEngine.run(ScriptEngine.java:194)
	at com.kms.katalon.core.main.ScriptEngine.runScriptAsRawText(ScriptEngine.java:119)
	at com.kms.katalon.core.main.TestCaseExecutor.runScript(TestCaseExecutor.java:337)
	at com.kms.katalon.core.main.TestCaseExecutor.doExecute(TestCaseExecutor.java:328)
	at com.kms.katalon.core.main.TestCaseExecutor.processExecutionPhase(TestCaseExecutor.java:307)
	at com.kms.katalon.core.main.TestCaseExecutor.accessMainPhase(TestCaseExecutor.java:299)
	at com.kms.katalon.core.main.TestCaseExecutor.execute(TestCaseExecutor.java:233)
	at com.kms.katalon.core.main.TestCaseMain.runTestCase(TestCaseMain.java:114)
	at com.kms.katalon.core.keyword.builtin.CallTestCaseKeyword$_callTestCase_closure1.doCall(CallTestCaseKeyword.groovy:59)
	at com.kms.katalon.core.keyword.builtin.CallTestCaseKeyword$_callTestCase_closure1.call(CallTestCaseKeyword.groovy)
	at com.kms.katalon.core.keyword.internal.KeywordMain.runKeyword(KeywordMain.groovy:68)
	at com.kms.katalon.core.keyword.builtin.CallTestCaseKeyword.callTestCase(CallTestCaseKeyword.groovy:81)
	at com.kms.katalon.core.keyword.builtin.CallTestCaseKeyword.execute(CallTestCaseKeyword.groovy:44)
	at com.kms.katalon.core.keyword.internal.KeywordExecutor.executeKeywordForPlatform(KeywordExecutor.groovy:72)
	at com.kms.katalon.core.keyword.BuiltinKeywords.callTestCase(BuiltinKeywords.groovy:334)
	at Script1587722686694.run(Script1587722686694.groovy:59)
	... 13 more
)
	at com.kms.katalon.core.keyword.internal.KeywordMain.stepFailed(KeywordMain.groovy:39)
	at com.kms.katalon.core.webui.keyword.internal.WebUIKeywordMain.stepFailed(WebUIKeywordMain.groovy:64)
	at com.kms.katalon.core.webui.keyword.internal.WebUIKeywordMain.runKeyword(WebUIKeywordMain.groovy:26)
	at com.kms.katalon.core.webui.keyword.builtin.ClickKeyword.click(ClickKeyword.groovy:76)
	at com.kms.katalon.core.webui.keyword.builtin.ClickKeyword.execute(ClickKeyword.groovy:43)
	at com.kms.katalon.core.keyword.internal.KeywordExecutor.executeKeywordForPlatform(KeywordExecutor.groovy:72)
	at com.kms.katalon.core.webui.keyword.WebUiBuiltInKeywords.click(WebUiBuiltInKeywords.groovy:616)
	at com.kms.katalon.core.webui.keyword.WebUiBuiltInKeywords$click$4.call(Unknown Source)
	at Renewal_Leavers_Engagement_Score.run(Renewal_Leavers_Engagement_Score:69)
	at com.kms.katalon.core.main.ScriptEngine.run(ScriptEngine.java:194)
	at com.kms.katalon.core.main.ScriptEngine.runScriptAsRawText(ScriptEngine.java:119)
	at com.kms.katalon.core.main.TestCaseExecutor.runScript(TestCaseExecutor.java:337)
	at com.kms.katalon.core.main.TestCaseExecutor.doExecute(TestCaseExecutor.java:328)
	at com.kms.katalon.core.main.TestCaseExecutor.processExecutionPhase(TestCaseExecutor.java:307)
	at com.kms.katalon.core.main.TestCaseExecutor.accessMainPhase(TestCaseExecutor.java:299)
	at com.kms.katalon.core.main.TestCaseExecutor.execute(TestCaseExecutor.java:233)
	at com.kms.katalon.core.main.TestCaseMain.runTestCase(TestCaseMain.java:114)
	at com.kms.katalon.core.keyword.builtin.CallTestCaseKeyword$_callTestCase_closure1.doCall(CallTestCaseKeyword.groovy:59)
	... 20 more
Caused by: com.kms.katalon.core.exception.StepFailedException: Unable to click on object 'Object Repository/WebOffice_Home_page/Page_/a_RenewalsLeavers - Engagement Score'
	... 37 more
Caused by: org.openqa.selenium.ElementClickInterceptedException: element click intercepted: Element <a href="/Reports/RenewalLeaversEngagementReport.aspx">...</a> is not clickable at point (120, 16). Other element would receive the click: <img src="/Images/menu/WO_logo.jpg" width="283" height="32" alt="Checkatrade Web Office" hspace="10">
  (Session info: chrome=81.0.4044.122)
Build info: version: '3.141.59', revision: 'e82be7d358', time: '2018-11-14T08:25:53'
System info: host: 'VETTEDSP36RF', ip: '192.168.1.237', os.name: 'Windows 10', os.arch: 'x86', os.version: '10.0', java.version: '1.8.0_181'
Driver info: com.kms.katalon.selenium.driver.CChromeDriver
Capabilities {acceptInsecureCerts: false, browserName: chrome, browserVersion: 81.0.4044.122, chrome: {chromedriverVersion: 81.0.4044.69 (6813546031a4b..., userDataDir: C:\Users\davidho\AppData\Lo...}, goog:chromeOptions: {debuggerAddress: localhost:59353}, javascriptEnabled: true, networkConnectionEnabled: false, pageLoadStrategy: normal, platform: WINDOWS, platformName: WINDOWS, proxy: Proxy(), setWindowRect: true, strictFileInteractability: false, timeouts: {implicit: 0, pageLoad: 300000, script: 30000}, unhandledPromptBehavior: dismiss and notify, webauthn:virtualAuthenticators: true}
Session ID: f1a46da94cb4ec60d86549090fbd66fe
	at org.openqa.selenium.remote.http.W3CHttpResponseCodec.createException(W3CHttpResponseCodec.java:187)
	at org.openqa.selenium.remote.http.W3CHttpResponseCodec.decode(W3CHttpResponseCodec.java:122)
	at org.openqa.selenium.remote.http.W3CHttpResponseCodec.decode(W3CHttpResponseCodec.java:49)
	at org.openqa.selenium.remote.HttpCommandExecutor.execute(HttpCommandExecutor.java:158)
	at org.openqa.selenium.remote.service.DriverCommandExecutor.execute(DriverCommandExecutor.java:83)
	at org.openqa.selenium.remote.RemoteWebDriver.execute(RemoteWebDriver.java:552)
	at com.kms.katalon.selenium.driver.CChromeDriver.execute(CChromeDriver.java:19)
	at org.openqa.selenium.remote.RemoteWebElement.execute(RemoteWebElement.java:285)
	at org.openqa.selenium.remote.RemoteWebElement.click(RemoteWebElement.java:84)
	at org.openqa.selenium.support.events.EventFiringWebDriver$EventFiringWebElement.lambda$new$0(EventFiringWebDriver.java:404)
	at com.sun.proxy.$Proxy9.click(Unknown Source)
	at org.openqa.selenium.support.events.EventFiringWebDriver$EventFiringWebElement.click(EventFiringWebDriver.java:417)
	at com.kms.katalon.core.webui.keyword.builtin.ClickKeyword$_click_closure1.doCall(ClickKeyword.groovy:69)
	at com.kms.katalon.core.webui.keyword.builtin.ClickKeyword$_click_closure1.call(ClickKeyword.groovy)
	at com.kms.katalon.core.webui.keyword.internal.WebUIKeywordMain.runKeyword(WebUIKeywordMain.groovy:20)
	... 35 more]]></system-err>
   </testsuite>
</testsuites>
