<?xml version="1.0" encoding="UTF-8"?>
<testsuites name="Trade_Name_Multiple_Search" time="120.983" tests="1" failures="0" errors="0">
   <testsuite name="Trade_Name_Multiple_Search" tests="1" failures="0" errors="0" time="120.983" timestamp="2019-11-27 08:10:39" hostname="DavidHo - VETTEDSP36RF.check.local" id="Test Suites/Trade_Name_Multiple_Search">
      <properties>
         <property name="deviceName" value=""/>
         <property name="devicePlatform" value=""/>
         <property name="logFolder" value="C:\\Users\\davidho\\Katalon Studio\\Start\\Reports\\20191127_075742\\Trade_Name_Multiple_Search\\20191127_075829"/>
         <property name="logFiles" value="C:\\Users\\davidho\\Katalon Studio\\Start\\Reports\\20191127_075742\\Trade_Name_Multiple_Search\\20191127_075829\\execution0.log"/>
         <property name="attachments" value=""/>
         <property name="hostName" value="DavidHo - VETTEDSP36RF.check.local"/>
         <property name="os" value="Windows 10 32bit"/>
         <property name="katalonVersion" value="7.1.0.1"/>
         <property name="browser" value="Firefox 70.0"/>
         <property name="hostAddress" value="10.0.11.243"/>
         <property name="sessionId" value="0362f1f7-c89c-4b61-bd89-874614fb3676"/>
         <property name="seleniumVersion" value="3.141.59"/>
         <property name="proxyInformation" value="ProxyInformation{proxyOption=NO_PROXY, proxyServerType=HTTP, password=, proxyServerAddress=, proxyServerPort=0}"/>
         <property name="platform" value="Windows 10"/>
      </properties>
      <testcase name="Test Cases/Checkatrade_Tradesman_Searches/Trade_Name_Search_Multiple" time="120.741" classname="Test Cases/Checkatrade_Tradesman_Searches/Trade_Name_Search_Multiple" status="PASSED">
         <system-out><![CDATA[2019-11-27 08:10:39 - [TEST_CASE][PASSED] - Test Cases/Checkatrade_Tradesman_Searches/Trade_Name_Search_Multiple: Test Cases/Checkatrade_Tradesman_Searches/Trade_Name_Search_Multiple

2019-11-27 08:10:40 - [TEST_STEP][PASSED] - for ([row = 1, row <= findTestData("Search_CAT_ID_Data (1)").getRowNumbers(), (internal.GlobalVariable.row++)]): Call Test Case 'Test Cases/Reusable_Test_Sequences/CAT_Teardown' successfully

2019-11-27 08:10:40 - [TEST_STEP][PASSED] - callTestCase(findTestCase("Reusable_Test_Sequences/CAT_Setup"), [:], STOP_ON_FAILURE): Call Test Case 'Test Cases/Reusable_Test_Sequences/CAT_Setup' successfully

2019-11-27 08:10:41 - [TEST_CASE][PASSED] - Test Cases/Reusable_Test_Sequences/CAT_Setup: Test Cases/Reusable_Test_Sequences/CAT_Setup

2019-11-27 08:10:41 - [TEST_STEP][PASSED] - "URL - Set from the ENVIRONMENT PROFILE ": null

2019-11-27 08:10:41 - [TEST_STEP][PASSED] - openBrowser(URL): Browser is opened with url: 'https://www.preview.checkatrade.com/'

2019-11-27 08:10:41 - [MESSAGE][INFO] - Starting 'Firefox' driver

2019-11-27 08:10:41 - [MESSAGE][INFO] - Action delay is set to 0 seconds

2019-11-27 08:10:47 - [MESSAGE][PASSED] - Browser is opened with url: 'https://www.preview.checkatrade.com/'

2019-11-27 08:10:47 - [TEST_STEP][PASSED] - maximizeWindow(): Current window maximized

2019-11-27 08:10:48 - [MESSAGE][PASSED] - Current window maximized

2019-11-27 08:10:48 - [TEST_STEP][PASSED] - waitForPageLoad(60): Wait for page load successfully

2019-11-27 08:10:48 - [MESSAGE][PASSED] - Wait for page load successfully

2019-11-27 08:10:48 - [TEST_STEP][PASSED] - waitForElementVisible(findTestObject("Page_Checkatrade Find a tradesperson you can trust/a_Search"), 25): Object 'Object Repository/Page_Checkatrade Find a tradesperson you can trust/a_Search' is visible

2019-11-27 08:10:48 - [MESSAGE][PASSED] - Object 'Object Repository/Page_Checkatrade Find a tradesperson you can trust/a_Search' is visible

2019-11-27 08:10:48 - [TEST_STEP][PASSED] - try: null

2019-11-27 08:10:48 - [TEST_STEP][PASSED] - if (verifyElementPresent(findTestObject("Page_Checkatrade Find a tradesperson you can trust/div_close"), 1, OPTIONAL)): null

2019-11-27 08:10:48 - [MESSAGE][PASSED] - Object 'Object Repository/Page_Checkatrade Find a tradesperson you can trust/div_close' is present

2019-11-27 08:10:48 - [TEST_STEP][PASSED] - click(findTestObject("Page_Checkatrade Find a tradesperson you can trust/div_close")): Object: 'Object Repository/Page_Checkatrade Find a tradesperson you can trust/div_close' is clicked on

2019-11-27 08:10:48 - [MESSAGE][PASSED] - Object: 'Object Repository/Page_Checkatrade Find a tradesperson you can trust/div_close' is clicked on

2019-11-27 08:10:48 - [TEST_STEP][PASSED] - "---------------------------------": null

2019-11-27 08:10:48 - [TEST_STEP][PASSED] - "COOKIE POPOUT REMOVED - Confirmed": null

2019-11-27 08:10:48 - [TEST_STEP][PASSED] - delay(1): Delayed 1 second(s)

2019-11-27 08:10:49 - [MESSAGE][PASSED] - Delayed 1 second(s)

2019-11-27 08:10:49 - [TEST_STEP][PASSED] - verifyTextNotPresent("Checkatrade.com uses cookies to make sure you get the best browsing experience", false): Text 'Checkatrade.com uses cookies to make sure you get the best browsing experience' is not present on page

2019-11-27 08:10:50 - [MESSAGE][PASSED] - Text 'Checkatrade.com uses cookies to make sure you get the best browsing experience' is not present on page

2019-11-27 08:10:50 - [TEST_STEP][PASSED] - try: null

2019-11-27 08:10:50 - [TEST_STEP][PASSED] - if (verifyElementPresent(findTestObject("Page_Checkatrade Find a tradesperson you can trust/div_close_1"), 1, OPTIONAL)): null

2019-11-27 08:10:50 - [MESSAGE][PASSED] - Object 'Object Repository/Page_Checkatrade Find a tradesperson you can trust/div_close_1' is present

2019-11-27 08:10:50 - [TEST_STEP][PASSED] - click(findTestObject("Page_Checkatrade Find a tradesperson you can trust/div_close_1")): Object: 'Object Repository/Page_Checkatrade Find a tradesperson you can trust/div_close_1' is clicked on

2019-11-27 08:10:50 - [MESSAGE][PASSED] - Object: 'Object Repository/Page_Checkatrade Find a tradesperson you can trust/div_close_1' is clicked on

2019-11-27 08:10:50 - [TEST_STEP][PASSED] - "---------------------------------": null

2019-11-27 08:10:50 - [TEST_STEP][PASSED] - "PRIVACY POPOUT REMOVED - Confirmed": null

2019-11-27 08:10:50 - [TEST_STEP][PASSED] - delay(1): Delayed 1 second(s)

2019-11-27 08:10:51 - [MESSAGE][PASSED] - Delayed 1 second(s)

2019-11-27 08:10:51 - [TEST_STEP][PASSED] - verifyTextNotPresent("We have updated our Privacy Policy, please review this", false): Text 'We have updated our Privacy Policy, please review this' is not present on page

2019-11-27 08:10:51 - [MESSAGE][PASSED] - Text 'We have updated our Privacy Policy, please review this' is not present on page

2019-11-27 08:10:51 - [MESSAGE][INFO] - =================== Smart XPath Report =======================

2019-11-27 08:10:51 - [MESSAGE][INFO] - Refer to the link below to preview and approve auto healing on broken test objects.

2019-11-27 08:10:51 - [MESSAGE][INFO] - https://docs.katalon.com/katalon-studio/docs/auto-healing-smart-xpath.html

2019-11-27 08:10:51 - [MESSAGE][INFO] - ===============================================================

2019-11-27 08:10:51 - [MESSAGE][PASSED] - Call Test Case 'Test Cases/Reusable_Test_Sequences/CAT_Setup' successfully

2019-11-27 08:10:51 - [TEST_STEP][PASSED] - "---------------------------------------------------------------------": null

2019-11-27 08:10:51 - [TEST_STEP][PASSED] - " Select Search on Trader Name (or ID) From Home page/Search Screen   |": null

2019-11-27 08:10:51 - [TEST_STEP][PASSED] - callTestCase(findTestCase("Reusable_Test_Sequences/CAT_Click_Search_Trade_Name"), [:], CONTINUE_ON_FAILURE): Call Test Case 'Test Cases/Reusable_Test_Sequences/CAT_Click_Search_Trade_Name' successfully

2019-11-27 08:10:51 - [TEST_CASE][PASSED] - Test Cases/Reusable_Test_Sequences/CAT_Click_Search_Trade_Name: Test Cases/Reusable_Test_Sequences/CAT_Click_Search_Trade_Name

2019-11-27 08:10:52 - [TEST_STEP][PASSED] - click(findTestObject("Page_Checkatrade Find a tradesperson you can trust/a_or look up a member by name")): Object: 'Object Repository/Page_Checkatrade Find a tradesperson you can trust/a_or look up a member by name' is clicked on

2019-11-27 08:10:52 - [MESSAGE][PASSED] - Object: 'Object Repository/Page_Checkatrade Find a tradesperson you can trust/a_or look up a member by name' is clicked on

2019-11-27 08:10:52 - [TEST_STEP][PASSED] - waitForPageLoad(60): Wait for page load successfully

2019-11-27 08:10:52 - [MESSAGE][PASSED] - Wait for page load successfully

2019-11-27 08:10:52 - [MESSAGE][INFO] - =================== Smart XPath Report =======================

2019-11-27 08:10:52 - [MESSAGE][INFO] - Refer to the link below to preview and approve auto healing on broken test objects.

2019-11-27 08:10:52 - [MESSAGE][INFO] - https://docs.katalon.com/katalon-studio/docs/auto-healing-smart-xpath.html

2019-11-27 08:10:52 - [MESSAGE][INFO] - ===============================================================

2019-11-27 08:10:52 - [MESSAGE][PASSED] - Call Test Case 'Test Cases/Reusable_Test_Sequences/CAT_Click_Search_Trade_Name' successfully

2019-11-27 08:10:52 - [TEST_STEP][PASSED] - "---------------------------------------": null

2019-11-27 08:10:52 - [TEST_STEP][PASSED] - " Enter Trader Name (or ID) to Search   |": null

2019-11-27 08:10:52 - [TEST_STEP][PASSED] - callTestCase(findTestCase("Reusable_Test_Sequences/CAT_Enter_Trade_Name"), [:], CONTINUE_ON_FAILURE): Call Test Case 'Test Cases/Reusable_Test_Sequences/CAT_Enter_Trade_Name' successfully

2019-11-27 08:10:52 - [TEST_CASE][PASSED] - Test Cases/Reusable_Test_Sequences/CAT_Enter_Trade_Name: Test Cases/Reusable_Test_Sequences/CAT_Enter_Trade_Name

2019-11-27 08:10:52 - [TEST_STEP][PASSED] - setText(findTestObject("Page_Checkatrade Find a tradesperson you can trust/Trader_Name_To_Search"), findTestData("Search_CAT_ID_Data (1)").getValue("tradeName", row)): Text '218020' is set on object 'Object Repository/Page_Checkatrade Find a tradesperson you can trust/Trader_Name_To_Search'

2019-11-27 08:10:53 - [MESSAGE][PASSED] - Text '218020' is set on object 'Object Repository/Page_Checkatrade Find a tradesperson you can trust/Trader_Name_To_Search'

2019-11-27 08:10:53 - [MESSAGE][INFO] - =================== Smart XPath Report =======================

2019-11-27 08:10:53 - [MESSAGE][INFO] - Refer to the link below to preview and approve auto healing on broken test objects.

2019-11-27 08:10:53 - [MESSAGE][INFO] - https://docs.katalon.com/katalon-studio/docs/auto-healing-smart-xpath.html

2019-11-27 08:10:53 - [MESSAGE][INFO] - ===============================================================

2019-11-27 08:10:53 - [MESSAGE][PASSED] - Call Test Case 'Test Cases/Reusable_Test_Sequences/CAT_Enter_Trade_Name' successfully

2019-11-27 08:10:53 - [TEST_STEP][PASSED] - "---------------------------------------": null

2019-11-27 08:10:53 - [TEST_STEP][PASSED] - " Search Trader Name (or ID)            |": null

2019-11-27 08:10:53 - [TEST_STEP][PASSED] - callTestCase(findTestCase("Reusable_Test_Sequences/CAT_Search_Trade_Name"), [:], CONTINUE_ON_FAILURE): Call Test Case 'Test Cases/Reusable_Test_Sequences/CAT_Search_Trade_Name' successfully

2019-11-27 08:10:53 - [TEST_CASE][PASSED] - Test Cases/Reusable_Test_Sequences/CAT_Search_Trade_Name: Test Cases/Reusable_Test_Sequences/CAT_Search_Trade_Name

2019-11-27 08:10:53 - [TEST_STEP][PASSED] - "Hit Search Trade Person by Name (or CAT ID) after parameters are entered": null

2019-11-27 08:10:53 - [TEST_STEP][PASSED] - waitForElementPresent(findTestObject("Page_Checkatrade Find a tradesperson you can trust/span_Trade_Name"), 60): Object 'Object Repository/Page_Checkatrade Find a tradesperson you can trust/span_Trade_Name' is present

2019-11-27 08:10:53 - [MESSAGE][PASSED] - Object 'Object Repository/Page_Checkatrade Find a tradesperson you can trust/span_Trade_Name' is present

2019-11-27 08:10:53 - [TEST_STEP][PASSED] - click(findTestObject("Page_Checkatrade Find a tradesperson you can trust/span_Trade_Name")): Object: 'Object Repository/Page_Checkatrade Find a tradesperson you can trust/span_Trade_Name' is clicked on

2019-11-27 08:11:03 - [MESSAGE][PASSED] - Object: 'Object Repository/Page_Checkatrade Find a tradesperson you can trust/span_Trade_Name' is clicked on

2019-11-27 08:11:03 - [TEST_STEP][PASSED] - delay(2): Delayed 2 second(s)

2019-11-27 08:11:05 - [MESSAGE][PASSED] - Delayed 2 second(s)

2019-11-27 08:11:05 - [TEST_STEP][PASSED] - waitForPageLoad(60): Wait for page load successfully

2019-11-27 08:11:05 - [MESSAGE][PASSED] - Wait for page load successfully

2019-11-27 08:11:05 - [MESSAGE][INFO] - =================== Smart XPath Report =======================

2019-11-27 08:11:05 - [MESSAGE][INFO] - Refer to the link below to preview and approve auto healing on broken test objects.

2019-11-27 08:11:05 - [MESSAGE][INFO] - https://docs.katalon.com/katalon-studio/docs/auto-healing-smart-xpath.html

2019-11-27 08:11:05 - [MESSAGE][INFO] - ===============================================================

2019-11-27 08:11:05 - [MESSAGE][PASSED] - Call Test Case 'Test Cases/Reusable_Test_Sequences/CAT_Search_Trade_Name' successfully

2019-11-27 08:11:05 - [TEST_STEP][PASSED] - "------------------------------------------": null

2019-11-27 08:11:05 - [TEST_STEP][PASSED] - " Scroll to Page Footer to Reveal Results  |": null

2019-11-27 08:11:05 - [TEST_STEP][PASSED] - callTestCase(findTestCase("Reusable_Test_Sequences/CAT_Scroll_to_Footer"), [:], CONTINUE_ON_FAILURE): Call Test Case 'Test Cases/Reusable_Test_Sequences/CAT_Scroll_to_Footer' successfully

2019-11-27 08:11:05 - [TEST_CASE][PASSED] - Test Cases/Reusable_Test_Sequences/CAT_Scroll_to_Footer: Test Cases/Reusable_Test_Sequences/CAT_Scroll_to_Footer

2019-11-27 08:11:06 - [TEST_STEP][PASSED] - "Scroll - To Footer on the bottom of the page (sometime off the screen) ": null

2019-11-27 08:11:06 - [TEST_STEP][PASSED] - waitForElementVisible(findTestObject("Page_of_Results/div_see all_footer__van-with-trailer"), 60): Object 'Object Repository/Page_of_Results/div_see all_footer__van-with-trailer' is visible

2019-11-27 08:11:06 - [MESSAGE][PASSED] - Object 'Object Repository/Page_of_Results/div_see all_footer__van-with-trailer' is visible

2019-11-27 08:11:06 - [TEST_STEP][PASSED] - scrollToElement(findTestObject("Page_of_Results/div_see all_footer__van-with-trailer"), 4): Scroll to object 'Object Repository/Page_of_Results/div_see all_footer__van-with-trailer' successfully

2019-11-27 08:11:06 - [MESSAGE][PASSED] - Scroll to object 'Object Repository/Page_of_Results/div_see all_footer__van-with-trailer' successfully

2019-11-27 08:11:06 - [TEST_STEP][PASSED] - delay(1): Delayed 1 second(s)

2019-11-27 08:11:07 - [MESSAGE][PASSED] - Delayed 1 second(s)

2019-11-27 08:11:07 - [MESSAGE][INFO] - =================== Smart XPath Report =======================

2019-11-27 08:11:07 - [MESSAGE][INFO] - Refer to the link below to preview and approve auto healing on broken test objects.

2019-11-27 08:11:07 - [MESSAGE][INFO] - https://docs.katalon.com/katalon-studio/docs/auto-healing-smart-xpath.html

2019-11-27 08:11:07 - [MESSAGE][INFO] - ===============================================================

2019-11-27 08:11:07 - [MESSAGE][PASSED] - Call Test Case 'Test Cases/Reusable_Test_Sequences/CAT_Scroll_to_Footer' successfully

2019-11-27 08:11:07 - [TEST_STEP][PASSED] - "------------------------------------------": null

2019-11-27 08:11:07 - [TEST_STEP][PASSED] - " Verify Correct Location is Returned     |": null

2019-11-27 08:11:07 - [TEST_STEP][PASSED] - callTestCase(findTestCase("Reusable_Test_Sequences/CAT_Verification_Location"), [:], CONTINUE_ON_FAILURE): Call Test Case 'Test Cases/Reusable_Test_Sequences/CAT_Verification_Location' successfully

2019-11-27 08:11:07 - [TEST_CASE][PASSED] - Test Cases/Reusable_Test_Sequences/CAT_Verification_Location: Test Cases/Reusable_Test_Sequences/CAT_Verification_Location

2019-11-27 08:11:07 - [TEST_STEP][PASSED] - verifyTextPresent(findTestData("Search_CAT_ID_Data (1)").getValue("tradeNameLocationVerification", row), false): Text 'Gosport, Hampshire' is present on page 

2019-11-27 08:11:07 - [MESSAGE][PASSED] - Text 'Gosport, Hampshire' is present on page 

2019-11-27 08:11:07 - [MESSAGE][INFO] - =================== Smart XPath Report =======================

2019-11-27 08:11:07 - [MESSAGE][INFO] - Refer to the link below to preview and approve auto healing on broken test objects.

2019-11-27 08:11:07 - [MESSAGE][INFO] - https://docs.katalon.com/katalon-studio/docs/auto-healing-smart-xpath.html

2019-11-27 08:11:07 - [MESSAGE][INFO] - ===============================================================

2019-11-27 08:11:07 - [MESSAGE][PASSED] - Call Test Case 'Test Cases/Reusable_Test_Sequences/CAT_Verification_Location' successfully

2019-11-27 08:11:07 - [TEST_STEP][PASSED] - "------------------------------------------": null

2019-11-27 08:11:07 - [TEST_STEP][PASSED] - " Verify Primary Contact is Returned     |": null

2019-11-27 08:11:07 - [TEST_STEP][PASSED] - callTestCase(findTestCase("Reusable_Test_Sequences/CAT_Verification_Primary_Contact"), [:], CONTINUE_ON_FAILURE): Call Test Case 'Test Cases/Reusable_Test_Sequences/CAT_Verification_Primary_Contact' successfully

2019-11-27 08:11:08 - [TEST_CASE][PASSED] - Test Cases/Reusable_Test_Sequences/CAT_Verification_Primary_Contact: Test Cases/Reusable_Test_Sequences/CAT_Verification_Primary_Contact

2019-11-27 08:11:08 - [TEST_STEP][PASSED] - verifyTextPresent(findTestData("Search_CAT_ID_Data (1)").getValue("primeContact", row), false): Text 'Jim Foster' is present on page 

2019-11-27 08:11:09 - [MESSAGE][PASSED] - Text 'Jim Foster' is present on page 

2019-11-27 08:11:09 - [MESSAGE][INFO] - =================== Smart XPath Report =======================

2019-11-27 08:11:09 - [MESSAGE][INFO] - Refer to the link below to preview and approve auto healing on broken test objects.

2019-11-27 08:11:09 - [MESSAGE][INFO] - https://docs.katalon.com/katalon-studio/docs/auto-healing-smart-xpath.html

2019-11-27 08:11:09 - [MESSAGE][INFO] - ===============================================================

2019-11-27 08:11:09 - [MESSAGE][PASSED] - Call Test Case 'Test Cases/Reusable_Test_Sequences/CAT_Verification_Primary_Contact' successfully

2019-11-27 08:11:09 - [TEST_STEP][PASSED] - "--------------------------": null

2019-11-27 08:11:09 - [TEST_STEP][PASSED] - " Teardown - CLose Browser |": null

2019-11-27 08:11:09 - [TEST_STEP][PASSED] - callTestCase(findTestCase("Reusable_Test_Sequences/CAT_Teardown"), [:], OPTIONAL): Call Test Case 'Test Cases/Reusable_Test_Sequences/CAT_Teardown' successfully

2019-11-27 08:11:09 - [TEST_CASE][PASSED] - Test Cases/Reusable_Test_Sequences/CAT_Teardown: Test Cases/Reusable_Test_Sequences/CAT_Teardown

2019-11-27 08:11:09 - [TEST_STEP][PASSED] - closeBrowser(): Browser is closed

2019-11-27 08:11:11 - [MESSAGE][PASSED] - Browser is closed

2019-11-27 08:11:11 - [MESSAGE][INFO] - =================== Smart XPath Report =======================

2019-11-27 08:11:11 - [MESSAGE][INFO] - Refer to the link below to preview and approve auto healing on broken test objects.

2019-11-27 08:11:11 - [MESSAGE][INFO] - https://docs.katalon.com/katalon-studio/docs/auto-healing-smart-xpath.html

2019-11-27 08:11:11 - [MESSAGE][INFO] - ===============================================================

2019-11-27 08:11:11 - [MESSAGE][PASSED] - Call Test Case 'Test Cases/Reusable_Test_Sequences/CAT_Teardown' successfully

2019-11-27 08:11:11 - [TEST_STEP][PASSED] - callTestCase(findTestCase("Reusable_Test_Sequences/CAT_Setup"), [:], STOP_ON_FAILURE): Call Test Case 'Test Cases/Reusable_Test_Sequences/CAT_Setup' successfully

2019-11-27 08:11:11 - [TEST_CASE][PASSED] - Test Cases/Reusable_Test_Sequences/CAT_Setup: Test Cases/Reusable_Test_Sequences/CAT_Setup

2019-11-27 08:11:11 - [TEST_STEP][PASSED] - "URL - Set from the ENVIRONMENT PROFILE ": null

2019-11-27 08:11:11 - [TEST_STEP][PASSED] - openBrowser(URL): Browser is opened with url: 'https://www.preview.checkatrade.com/'

2019-11-27 08:11:11 - [MESSAGE][INFO] - Starting 'Firefox' driver

2019-11-27 08:11:18 - [MESSAGE][PASSED] - Browser is opened with url: 'https://www.preview.checkatrade.com/'

2019-11-27 08:11:18 - [TEST_STEP][PASSED] - maximizeWindow(): Current window maximized

2019-11-27 08:11:18 - [MESSAGE][PASSED] - Current window maximized

2019-11-27 08:11:18 - [TEST_STEP][PASSED] - waitForPageLoad(60): Wait for page load successfully

2019-11-27 08:11:18 - [MESSAGE][PASSED] - Wait for page load successfully

2019-11-27 08:11:18 - [TEST_STEP][PASSED] - waitForElementVisible(findTestObject("Page_Checkatrade Find a tradesperson you can trust/a_Search"), 25): Object 'Object Repository/Page_Checkatrade Find a tradesperson you can trust/a_Search' is visible

2019-11-27 08:11:19 - [MESSAGE][PASSED] - Object 'Object Repository/Page_Checkatrade Find a tradesperson you can trust/a_Search' is visible

2019-11-27 08:11:19 - [TEST_STEP][PASSED] - try: null

2019-11-27 08:11:19 - [TEST_STEP][PASSED] - if (verifyElementPresent(findTestObject("Page_Checkatrade Find a tradesperson you can trust/div_close"), 1, OPTIONAL)): null

2019-11-27 08:11:19 - [MESSAGE][PASSED] - Object 'Object Repository/Page_Checkatrade Find a tradesperson you can trust/div_close' is present

2019-11-27 08:11:19 - [TEST_STEP][PASSED] - click(findTestObject("Page_Checkatrade Find a tradesperson you can trust/div_close")): Object: 'Object Repository/Page_Checkatrade Find a tradesperson you can trust/div_close' is clicked on

2019-11-27 08:11:19 - [MESSAGE][PASSED] - Object: 'Object Repository/Page_Checkatrade Find a tradesperson you can trust/div_close' is clicked on

2019-11-27 08:11:19 - [TEST_STEP][PASSED] - "---------------------------------": null

2019-11-27 08:11:19 - [TEST_STEP][PASSED] - "COOKIE POPOUT REMOVED - Confirmed": null

2019-11-27 08:11:19 - [TEST_STEP][PASSED] - delay(1): Delayed 1 second(s)

2019-11-27 08:11:20 - [MESSAGE][PASSED] - Delayed 1 second(s)

2019-11-27 08:11:20 - [TEST_STEP][PASSED] - verifyTextNotPresent("Checkatrade.com uses cookies to make sure you get the best browsing experience", false): Text 'Checkatrade.com uses cookies to make sure you get the best browsing experience' is not present on page

2019-11-27 08:11:21 - [MESSAGE][PASSED] - Text 'Checkatrade.com uses cookies to make sure you get the best browsing experience' is not present on page

2019-11-27 08:11:21 - [TEST_STEP][PASSED] - try: null

2019-11-27 08:11:21 - [TEST_STEP][PASSED] - if (verifyElementPresent(findTestObject("Page_Checkatrade Find a tradesperson you can trust/div_close_1"), 1, OPTIONAL)): null

2019-11-27 08:11:21 - [MESSAGE][PASSED] - Object 'Object Repository/Page_Checkatrade Find a tradesperson you can trust/div_close_1' is present

2019-11-27 08:11:21 - [TEST_STEP][PASSED] - click(findTestObject("Page_Checkatrade Find a tradesperson you can trust/div_close_1")): Object: 'Object Repository/Page_Checkatrade Find a tradesperson you can trust/div_close_1' is clicked on

2019-11-27 08:11:21 - [MESSAGE][PASSED] - Object: 'Object Repository/Page_Checkatrade Find a tradesperson you can trust/div_close_1' is clicked on

2019-11-27 08:11:21 - [TEST_STEP][PASSED] - "---------------------------------": null

2019-11-27 08:11:21 - [TEST_STEP][PASSED] - "PRIVACY POPOUT REMOVED - Confirmed": null

2019-11-27 08:11:21 - [TEST_STEP][PASSED] - delay(1): Delayed 1 second(s)

2019-11-27 08:11:22 - [MESSAGE][PASSED] - Delayed 1 second(s)

2019-11-27 08:11:22 - [TEST_STEP][PASSED] - verifyTextNotPresent("We have updated our Privacy Policy, please review this", false): Text 'We have updated our Privacy Policy, please review this' is not present on page

2019-11-27 08:11:22 - [MESSAGE][PASSED] - Text 'We have updated our Privacy Policy, please review this' is not present on page

2019-11-27 08:11:22 - [MESSAGE][INFO] - =================== Smart XPath Report =======================

2019-11-27 08:11:22 - [MESSAGE][INFO] - Refer to the link below to preview and approve auto healing on broken test objects.

2019-11-27 08:11:22 - [MESSAGE][INFO] - https://docs.katalon.com/katalon-studio/docs/auto-healing-smart-xpath.html

2019-11-27 08:11:22 - [MESSAGE][INFO] - ===============================================================

2019-11-27 08:11:22 - [MESSAGE][PASSED] - Call Test Case 'Test Cases/Reusable_Test_Sequences/CAT_Setup' successfully

2019-11-27 08:11:22 - [TEST_STEP][PASSED] - "---------------------------------------------------------------------": null

2019-11-27 08:11:22 - [TEST_STEP][PASSED] - " Select Search on Trader Name (or ID) From Home page/Search Screen   |": null

2019-11-27 08:11:22 - [TEST_STEP][PASSED] - callTestCase(findTestCase("Reusable_Test_Sequences/CAT_Click_Search_Trade_Name"), [:], CONTINUE_ON_FAILURE): Call Test Case 'Test Cases/Reusable_Test_Sequences/CAT_Click_Search_Trade_Name' successfully

2019-11-27 08:11:22 - [TEST_CASE][PASSED] - Test Cases/Reusable_Test_Sequences/CAT_Click_Search_Trade_Name: Test Cases/Reusable_Test_Sequences/CAT_Click_Search_Trade_Name

2019-11-27 08:11:22 - [TEST_STEP][PASSED] - click(findTestObject("Page_Checkatrade Find a tradesperson you can trust/a_or look up a member by name")): Object: 'Object Repository/Page_Checkatrade Find a tradesperson you can trust/a_or look up a member by name' is clicked on

2019-11-27 08:11:23 - [MESSAGE][PASSED] - Object: 'Object Repository/Page_Checkatrade Find a tradesperson you can trust/a_or look up a member by name' is clicked on

2019-11-27 08:11:23 - [TEST_STEP][PASSED] - waitForPageLoad(60): Wait for page load successfully

2019-11-27 08:11:23 - [MESSAGE][PASSED] - Wait for page load successfully

2019-11-27 08:11:23 - [MESSAGE][INFO] - =================== Smart XPath Report =======================

2019-11-27 08:11:23 - [MESSAGE][INFO] - Refer to the link below to preview and approve auto healing on broken test objects.

2019-11-27 08:11:23 - [MESSAGE][INFO] - https://docs.katalon.com/katalon-studio/docs/auto-healing-smart-xpath.html

2019-11-27 08:11:23 - [MESSAGE][INFO] - ===============================================================

2019-11-27 08:11:23 - [MESSAGE][PASSED] - Call Test Case 'Test Cases/Reusable_Test_Sequences/CAT_Click_Search_Trade_Name' successfully

2019-11-27 08:11:23 - [TEST_STEP][PASSED] - "---------------------------------------": null

2019-11-27 08:11:23 - [TEST_STEP][PASSED] - " Enter Trader Name (or ID) to Search   |": null

2019-11-27 08:11:23 - [TEST_STEP][PASSED] - callTestCase(findTestCase("Reusable_Test_Sequences/CAT_Enter_Trade_Name"), [:], CONTINUE_ON_FAILURE): Call Test Case 'Test Cases/Reusable_Test_Sequences/CAT_Enter_Trade_Name' successfully

2019-11-27 08:11:23 - [TEST_CASE][PASSED] - Test Cases/Reusable_Test_Sequences/CAT_Enter_Trade_Name: Test Cases/Reusable_Test_Sequences/CAT_Enter_Trade_Name

2019-11-27 08:11:23 - [TEST_STEP][PASSED] - setText(findTestObject("Page_Checkatrade Find a tradesperson you can trust/Trader_Name_To_Search"), findTestData("Search_CAT_ID_Data (1)").getValue("tradeName", row)): Text '402921' is set on object 'Object Repository/Page_Checkatrade Find a tradesperson you can trust/Trader_Name_To_Search'

2019-11-27 08:11:23 - [MESSAGE][PASSED] - Text '402921' is set on object 'Object Repository/Page_Checkatrade Find a tradesperson you can trust/Trader_Name_To_Search'

2019-11-27 08:11:23 - [MESSAGE][INFO] - =================== Smart XPath Report =======================

2019-11-27 08:11:23 - [MESSAGE][INFO] - Refer to the link below to preview and approve auto healing on broken test objects.

2019-11-27 08:11:23 - [MESSAGE][INFO] - https://docs.katalon.com/katalon-studio/docs/auto-healing-smart-xpath.html

2019-11-27 08:11:23 - [MESSAGE][INFO] - ===============================================================

2019-11-27 08:11:23 - [MESSAGE][PASSED] - Call Test Case 'Test Cases/Reusable_Test_Sequences/CAT_Enter_Trade_Name' successfully

2019-11-27 08:11:23 - [TEST_STEP][PASSED] - "---------------------------------------": null

2019-11-27 08:11:23 - [TEST_STEP][PASSED] - " Search Trader Name (or ID)            |": null

2019-11-27 08:11:23 - [TEST_STEP][PASSED] - callTestCase(findTestCase("Reusable_Test_Sequences/CAT_Search_Trade_Name"), [:], CONTINUE_ON_FAILURE): Call Test Case 'Test Cases/Reusable_Test_Sequences/CAT_Search_Trade_Name' successfully

2019-11-27 08:11:23 - [TEST_CASE][PASSED] - Test Cases/Reusable_Test_Sequences/CAT_Search_Trade_Name: Test Cases/Reusable_Test_Sequences/CAT_Search_Trade_Name

2019-11-27 08:11:23 - [TEST_STEP][PASSED] - "Hit Search Trade Person by Name (or CAT ID) after parameters are entered": null

2019-11-27 08:11:23 - [TEST_STEP][PASSED] - waitForElementPresent(findTestObject("Page_Checkatrade Find a tradesperson you can trust/span_Trade_Name"), 60): Object 'Object Repository/Page_Checkatrade Find a tradesperson you can trust/span_Trade_Name' is present

2019-11-27 08:11:23 - [MESSAGE][PASSED] - Object 'Object Repository/Page_Checkatrade Find a tradesperson you can trust/span_Trade_Name' is present

2019-11-27 08:11:23 - [TEST_STEP][PASSED] - click(findTestObject("Page_Checkatrade Find a tradesperson you can trust/span_Trade_Name")): Object: 'Object Repository/Page_Checkatrade Find a tradesperson you can trust/span_Trade_Name' is clicked on

2019-11-27 08:11:26 - [MESSAGE][PASSED] - Object: 'Object Repository/Page_Checkatrade Find a tradesperson you can trust/span_Trade_Name' is clicked on

2019-11-27 08:11:26 - [TEST_STEP][PASSED] - delay(2): Delayed 2 second(s)

2019-11-27 08:11:28 - [MESSAGE][PASSED] - Delayed 2 second(s)

2019-11-27 08:11:28 - [TEST_STEP][PASSED] - waitForPageLoad(60): Wait for page load successfully

2019-11-27 08:11:28 - [MESSAGE][PASSED] - Wait for page load successfully

2019-11-27 08:11:28 - [MESSAGE][INFO] - =================== Smart XPath Report =======================

2019-11-27 08:11:28 - [MESSAGE][INFO] - Refer to the link below to preview and approve auto healing on broken test objects.

2019-11-27 08:11:28 - [MESSAGE][INFO] - https://docs.katalon.com/katalon-studio/docs/auto-healing-smart-xpath.html

2019-11-27 08:11:28 - [MESSAGE][INFO] - ===============================================================

2019-11-27 08:11:28 - [MESSAGE][PASSED] - Call Test Case 'Test Cases/Reusable_Test_Sequences/CAT_Search_Trade_Name' successfully

2019-11-27 08:11:28 - [TEST_STEP][PASSED] - "------------------------------------------": null

2019-11-27 08:11:28 - [TEST_STEP][PASSED] - " Scroll to Page Footer to Reveal Results  |": null

2019-11-27 08:11:28 - [TEST_STEP][PASSED] - callTestCase(findTestCase("Reusable_Test_Sequences/CAT_Scroll_to_Footer"), [:], CONTINUE_ON_FAILURE): Call Test Case 'Test Cases/Reusable_Test_Sequences/CAT_Scroll_to_Footer' successfully

2019-11-27 08:11:28 - [TEST_CASE][PASSED] - Test Cases/Reusable_Test_Sequences/CAT_Scroll_to_Footer: Test Cases/Reusable_Test_Sequences/CAT_Scroll_to_Footer

2019-11-27 08:11:28 - [TEST_STEP][PASSED] - "Scroll - To Footer on the bottom of the page (sometime off the screen) ": null

2019-11-27 08:11:28 - [TEST_STEP][PASSED] - waitForElementVisible(findTestObject("Page_of_Results/div_see all_footer__van-with-trailer"), 60): Object 'Object Repository/Page_of_Results/div_see all_footer__van-with-trailer' is visible

2019-11-27 08:11:28 - [MESSAGE][PASSED] - Object 'Object Repository/Page_of_Results/div_see all_footer__van-with-trailer' is visible

2019-11-27 08:11:28 - [TEST_STEP][PASSED] - scrollToElement(findTestObject("Page_of_Results/div_see all_footer__van-with-trailer"), 4): Scroll to object 'Object Repository/Page_of_Results/div_see all_footer__van-with-trailer' successfully

2019-11-27 08:11:28 - [MESSAGE][PASSED] - Scroll to object 'Object Repository/Page_of_Results/div_see all_footer__van-with-trailer' successfully

2019-11-27 08:11:28 - [TEST_STEP][PASSED] - delay(1): Delayed 1 second(s)

2019-11-27 08:11:29 - [MESSAGE][PASSED] - Delayed 1 second(s)

2019-11-27 08:11:29 - [MESSAGE][INFO] - =================== Smart XPath Report =======================

2019-11-27 08:11:29 - [MESSAGE][INFO] - Refer to the link below to preview and approve auto healing on broken test objects.

2019-11-27 08:11:29 - [MESSAGE][INFO] - https://docs.katalon.com/katalon-studio/docs/auto-healing-smart-xpath.html

2019-11-27 08:11:29 - [MESSAGE][INFO] - ===============================================================

2019-11-27 08:11:29 - [MESSAGE][PASSED] - Call Test Case 'Test Cases/Reusable_Test_Sequences/CAT_Scroll_to_Footer' successfully

2019-11-27 08:11:29 - [TEST_STEP][PASSED] - "------------------------------------------": null

2019-11-27 08:11:29 - [TEST_STEP][PASSED] - " Verify Correct Location is Returned     |": null

2019-11-27 08:11:29 - [TEST_STEP][PASSED] - callTestCase(findTestCase("Reusable_Test_Sequences/CAT_Verification_Location"), [:], CONTINUE_ON_FAILURE): Call Test Case 'Test Cases/Reusable_Test_Sequences/CAT_Verification_Location' successfully

2019-11-27 08:11:29 - [TEST_CASE][PASSED] - Test Cases/Reusable_Test_Sequences/CAT_Verification_Location: Test Cases/Reusable_Test_Sequences/CAT_Verification_Location

2019-11-27 08:11:29 - [TEST_STEP][PASSED] - verifyTextPresent(findTestData("Search_CAT_ID_Data (1)").getValue("tradeNameLocationVerification", row), false): Text 'Retford, Nottinghamshire' is present on page 

2019-11-27 08:11:30 - [MESSAGE][PASSED] - Text 'Retford, Nottinghamshire' is present on page 

2019-11-27 08:11:30 - [MESSAGE][INFO] - =================== Smart XPath Report =======================

2019-11-27 08:11:30 - [MESSAGE][INFO] - Refer to the link below to preview and approve auto healing on broken test objects.

2019-11-27 08:11:30 - [MESSAGE][INFO] - https://docs.katalon.com/katalon-studio/docs/auto-healing-smart-xpath.html

2019-11-27 08:11:30 - [MESSAGE][INFO] - ===============================================================

2019-11-27 08:11:30 - [MESSAGE][PASSED] - Call Test Case 'Test Cases/Reusable_Test_Sequences/CAT_Verification_Location' successfully

2019-11-27 08:11:30 - [TEST_STEP][PASSED] - "------------------------------------------": null

2019-11-27 08:11:30 - [TEST_STEP][PASSED] - " Verify Primary Contact is Returned     |": null

2019-11-27 08:11:30 - [TEST_STEP][PASSED] - callTestCase(findTestCase("Reusable_Test_Sequences/CAT_Verification_Primary_Contact"), [:], CONTINUE_ON_FAILURE): Call Test Case 'Test Cases/Reusable_Test_Sequences/CAT_Verification_Primary_Contact' successfully

2019-11-27 08:11:30 - [TEST_CASE][PASSED] - Test Cases/Reusable_Test_Sequences/CAT_Verification_Primary_Contact: Test Cases/Reusable_Test_Sequences/CAT_Verification_Primary_Contact

2019-11-27 08:11:30 - [TEST_STEP][PASSED] - verifyTextPresent(findTestData("Search_CAT_ID_Data (1)").getValue("primeContact", row), false): Text 'James Burton' is present on page 

2019-11-27 08:11:30 - [MESSAGE][PASSED] - Text 'James Burton' is present on page 

2019-11-27 08:11:30 - [MESSAGE][INFO] - =================== Smart XPath Report =======================

2019-11-27 08:11:30 - [MESSAGE][INFO] - Refer to the link below to preview and approve auto healing on broken test objects.

2019-11-27 08:11:30 - [MESSAGE][INFO] - https://docs.katalon.com/katalon-studio/docs/auto-healing-smart-xpath.html

2019-11-27 08:11:30 - [MESSAGE][INFO] - ===============================================================

2019-11-27 08:11:30 - [MESSAGE][PASSED] - Call Test Case 'Test Cases/Reusable_Test_Sequences/CAT_Verification_Primary_Contact' successfully

2019-11-27 08:11:30 - [TEST_STEP][PASSED] - "--------------------------": null

2019-11-27 08:11:30 - [TEST_STEP][PASSED] - " Teardown - CLose Browser |": null

2019-11-27 08:11:30 - [TEST_STEP][PASSED] - callTestCase(findTestCase("Reusable_Test_Sequences/CAT_Teardown"), [:], OPTIONAL): Call Test Case 'Test Cases/Reusable_Test_Sequences/CAT_Teardown' successfully

2019-11-27 08:11:30 - [TEST_CASE][PASSED] - Test Cases/Reusable_Test_Sequences/CAT_Teardown: Test Cases/Reusable_Test_Sequences/CAT_Teardown

2019-11-27 08:11:30 - [TEST_STEP][PASSED] - closeBrowser(): Browser is closed

2019-11-27 08:11:32 - [MESSAGE][PASSED] - Browser is closed

2019-11-27 08:11:32 - [MESSAGE][INFO] - =================== Smart XPath Report =======================

2019-11-27 08:11:32 - [MESSAGE][INFO] - Refer to the link below to preview and approve auto healing on broken test objects.

2019-11-27 08:11:32 - [MESSAGE][INFO] - https://docs.katalon.com/katalon-studio/docs/auto-healing-smart-xpath.html

2019-11-27 08:11:32 - [MESSAGE][INFO] - ===============================================================

2019-11-27 08:11:32 - [MESSAGE][PASSED] - Call Test Case 'Test Cases/Reusable_Test_Sequences/CAT_Teardown' successfully

2019-11-27 08:11:32 - [TEST_STEP][PASSED] - callTestCase(findTestCase("Reusable_Test_Sequences/CAT_Setup"), [:], STOP_ON_FAILURE): Call Test Case 'Test Cases/Reusable_Test_Sequences/CAT_Setup' successfully

2019-11-27 08:11:32 - [TEST_CASE][PASSED] - Test Cases/Reusable_Test_Sequences/CAT_Setup: Test Cases/Reusable_Test_Sequences/CAT_Setup

2019-11-27 08:11:32 - [TEST_STEP][PASSED] - "URL - Set from the ENVIRONMENT PROFILE ": null

2019-11-27 08:11:32 - [TEST_STEP][PASSED] - openBrowser(URL): Browser is opened with url: 'https://www.preview.checkatrade.com/'

2019-11-27 08:11:32 - [MESSAGE][INFO] - Starting 'Firefox' driver

2019-11-27 08:11:38 - [MESSAGE][PASSED] - Browser is opened with url: 'https://www.preview.checkatrade.com/'

2019-11-27 08:11:38 - [TEST_STEP][PASSED] - maximizeWindow(): Current window maximized

2019-11-27 08:11:38 - [MESSAGE][PASSED] - Current window maximized

2019-11-27 08:11:38 - [TEST_STEP][PASSED] - waitForPageLoad(60): Wait for page load successfully

2019-11-27 08:11:38 - [MESSAGE][PASSED] - Wait for page load successfully

2019-11-27 08:11:38 - [TEST_STEP][PASSED] - waitForElementVisible(findTestObject("Page_Checkatrade Find a tradesperson you can trust/a_Search"), 25): Object 'Object Repository/Page_Checkatrade Find a tradesperson you can trust/a_Search' is visible

2019-11-27 08:11:38 - [MESSAGE][PASSED] - Object 'Object Repository/Page_Checkatrade Find a tradesperson you can trust/a_Search' is visible

2019-11-27 08:11:38 - [TEST_STEP][PASSED] - try: null

2019-11-27 08:11:38 - [TEST_STEP][PASSED] - if (verifyElementPresent(findTestObject("Page_Checkatrade Find a tradesperson you can trust/div_close"), 1, OPTIONAL)): null

2019-11-27 08:11:38 - [MESSAGE][PASSED] - Object 'Object Repository/Page_Checkatrade Find a tradesperson you can trust/div_close' is present

2019-11-27 08:11:38 - [TEST_STEP][PASSED] - click(findTestObject("Page_Checkatrade Find a tradesperson you can trust/div_close")): Object: 'Object Repository/Page_Checkatrade Find a tradesperson you can trust/div_close' is clicked on

2019-11-27 08:11:39 - [MESSAGE][PASSED] - Object: 'Object Repository/Page_Checkatrade Find a tradesperson you can trust/div_close' is clicked on

2019-11-27 08:11:39 - [TEST_STEP][PASSED] - "---------------------------------": null

2019-11-27 08:11:39 - [TEST_STEP][PASSED] - "COOKIE POPOUT REMOVED - Confirmed": null

2019-11-27 08:11:39 - [TEST_STEP][PASSED] - delay(1): Delayed 1 second(s)

2019-11-27 08:11:40 - [MESSAGE][PASSED] - Delayed 1 second(s)

2019-11-27 08:11:40 - [TEST_STEP][PASSED] - verifyTextNotPresent("Checkatrade.com uses cookies to make sure you get the best browsing experience", false): Text 'Checkatrade.com uses cookies to make sure you get the best browsing experience' is not present on page

2019-11-27 08:11:40 - [MESSAGE][PASSED] - Text 'Checkatrade.com uses cookies to make sure you get the best browsing experience' is not present on page

2019-11-27 08:11:40 - [TEST_STEP][PASSED] - try: null

2019-11-27 08:11:40 - [TEST_STEP][PASSED] - if (verifyElementPresent(findTestObject("Page_Checkatrade Find a tradesperson you can trust/div_close_1"), 1, OPTIONAL)): null

2019-11-27 08:11:40 - [MESSAGE][PASSED] - Object 'Object Repository/Page_Checkatrade Find a tradesperson you can trust/div_close_1' is present

2019-11-27 08:11:40 - [TEST_STEP][PASSED] - click(findTestObject("Page_Checkatrade Find a tradesperson you can trust/div_close_1")): Object: 'Object Repository/Page_Checkatrade Find a tradesperson you can trust/div_close_1' is clicked on

2019-11-27 08:11:40 - [MESSAGE][PASSED] - Object: 'Object Repository/Page_Checkatrade Find a tradesperson you can trust/div_close_1' is clicked on

2019-11-27 08:11:40 - [TEST_STEP][PASSED] - "---------------------------------": null

2019-11-27 08:11:40 - [TEST_STEP][PASSED] - "PRIVACY POPOUT REMOVED - Confirmed": null

2019-11-27 08:11:40 - [TEST_STEP][PASSED] - delay(1): Delayed 1 second(s)

2019-11-27 08:11:41 - [MESSAGE][PASSED] - Delayed 1 second(s)

2019-11-27 08:11:41 - [TEST_STEP][PASSED] - verifyTextNotPresent("We have updated our Privacy Policy, please review this", false): Text 'We have updated our Privacy Policy, please review this' is not present on page

2019-11-27 08:11:42 - [MESSAGE][PASSED] - Text 'We have updated our Privacy Policy, please review this' is not present on page

2019-11-27 08:11:42 - [MESSAGE][INFO] - =================== Smart XPath Report =======================

2019-11-27 08:11:42 - [MESSAGE][INFO] - Refer to the link below to preview and approve auto healing on broken test objects.

2019-11-27 08:11:42 - [MESSAGE][INFO] - https://docs.katalon.com/katalon-studio/docs/auto-healing-smart-xpath.html

2019-11-27 08:11:42 - [MESSAGE][INFO] - ===============================================================

2019-11-27 08:11:42 - [MESSAGE][PASSED] - Call Test Case 'Test Cases/Reusable_Test_Sequences/CAT_Setup' successfully

2019-11-27 08:11:42 - [TEST_STEP][PASSED] - "---------------------------------------------------------------------": null

2019-11-27 08:11:42 - [TEST_STEP][PASSED] - " Select Search on Trader Name (or ID) From Home page/Search Screen   |": null

2019-11-27 08:11:42 - [TEST_STEP][PASSED] - callTestCase(findTestCase("Reusable_Test_Sequences/CAT_Click_Search_Trade_Name"), [:], CONTINUE_ON_FAILURE): Call Test Case 'Test Cases/Reusable_Test_Sequences/CAT_Click_Search_Trade_Name' successfully

2019-11-27 08:11:42 - [TEST_CASE][PASSED] - Test Cases/Reusable_Test_Sequences/CAT_Click_Search_Trade_Name: Test Cases/Reusable_Test_Sequences/CAT_Click_Search_Trade_Name

2019-11-27 08:11:42 - [TEST_STEP][PASSED] - click(findTestObject("Page_Checkatrade Find a tradesperson you can trust/a_or look up a member by name")): Object: 'Object Repository/Page_Checkatrade Find a tradesperson you can trust/a_or look up a member by name' is clicked on

2019-11-27 08:11:42 - [MESSAGE][PASSED] - Object: 'Object Repository/Page_Checkatrade Find a tradesperson you can trust/a_or look up a member by name' is clicked on

2019-11-27 08:11:42 - [TEST_STEP][PASSED] - waitForPageLoad(60): Wait for page load successfully

2019-11-27 08:11:42 - [MESSAGE][PASSED] - Wait for page load successfully

2019-11-27 08:11:42 - [MESSAGE][INFO] - =================== Smart XPath Report =======================

2019-11-27 08:11:42 - [MESSAGE][INFO] - Refer to the link below to preview and approve auto healing on broken test objects.

2019-11-27 08:11:42 - [MESSAGE][INFO] - https://docs.katalon.com/katalon-studio/docs/auto-healing-smart-xpath.html

2019-11-27 08:11:42 - [MESSAGE][INFO] - ===============================================================

2019-11-27 08:11:42 - [MESSAGE][PASSED] - Call Test Case 'Test Cases/Reusable_Test_Sequences/CAT_Click_Search_Trade_Name' successfully

2019-11-27 08:11:42 - [TEST_STEP][PASSED] - "---------------------------------------": null

2019-11-27 08:11:42 - [TEST_STEP][PASSED] - " Enter Trader Name (or ID) to Search   |": null

2019-11-27 08:11:42 - [TEST_STEP][PASSED] - callTestCase(findTestCase("Reusable_Test_Sequences/CAT_Enter_Trade_Name"), [:], CONTINUE_ON_FAILURE): Call Test Case 'Test Cases/Reusable_Test_Sequences/CAT_Enter_Trade_Name' successfully

2019-11-27 08:11:42 - [TEST_CASE][PASSED] - Test Cases/Reusable_Test_Sequences/CAT_Enter_Trade_Name: Test Cases/Reusable_Test_Sequences/CAT_Enter_Trade_Name

2019-11-27 08:11:42 - [TEST_STEP][PASSED] - setText(findTestObject("Page_Checkatrade Find a tradesperson you can trust/Trader_Name_To_Search"), findTestData("Search_CAT_ID_Data (1)").getValue("tradeName", row)): Text '308682' is set on object 'Object Repository/Page_Checkatrade Find a tradesperson you can trust/Trader_Name_To_Search'

2019-11-27 08:11:42 - [MESSAGE][PASSED] - Text '308682' is set on object 'Object Repository/Page_Checkatrade Find a tradesperson you can trust/Trader_Name_To_Search'

2019-11-27 08:11:42 - [MESSAGE][INFO] - =================== Smart XPath Report =======================

2019-11-27 08:11:42 - [MESSAGE][INFO] - Refer to the link below to preview and approve auto healing on broken test objects.

2019-11-27 08:11:42 - [MESSAGE][INFO] - https://docs.katalon.com/katalon-studio/docs/auto-healing-smart-xpath.html

2019-11-27 08:11:42 - [MESSAGE][INFO] - ===============================================================

2019-11-27 08:11:42 - [MESSAGE][PASSED] - Call Test Case 'Test Cases/Reusable_Test_Sequences/CAT_Enter_Trade_Name' successfully

2019-11-27 08:11:42 - [TEST_STEP][PASSED] - "---------------------------------------": null

2019-11-27 08:11:42 - [TEST_STEP][PASSED] - " Search Trader Name (or ID)            |": null

2019-11-27 08:11:42 - [TEST_STEP][PASSED] - callTestCase(findTestCase("Reusable_Test_Sequences/CAT_Search_Trade_Name"), [:], CONTINUE_ON_FAILURE): Call Test Case 'Test Cases/Reusable_Test_Sequences/CAT_Search_Trade_Name' successfully

2019-11-27 08:11:42 - [TEST_CASE][PASSED] - Test Cases/Reusable_Test_Sequences/CAT_Search_Trade_Name: Test Cases/Reusable_Test_Sequences/CAT_Search_Trade_Name

2019-11-27 08:11:42 - [TEST_STEP][PASSED] - "Hit Search Trade Person by Name (or CAT ID) after parameters are entered": null

2019-11-27 08:11:42 - [TEST_STEP][PASSED] - waitForElementPresent(findTestObject("Page_Checkatrade Find a tradesperson you can trust/span_Trade_Name"), 60): Object 'Object Repository/Page_Checkatrade Find a tradesperson you can trust/span_Trade_Name' is present

2019-11-27 08:11:43 - [MESSAGE][PASSED] - Object 'Object Repository/Page_Checkatrade Find a tradesperson you can trust/span_Trade_Name' is present

2019-11-27 08:11:43 - [TEST_STEP][PASSED] - click(findTestObject("Page_Checkatrade Find a tradesperson you can trust/span_Trade_Name")): Object: 'Object Repository/Page_Checkatrade Find a tradesperson you can trust/span_Trade_Name' is clicked on

2019-11-27 08:11:49 - [MESSAGE][PASSED] - Object: 'Object Repository/Page_Checkatrade Find a tradesperson you can trust/span_Trade_Name' is clicked on

2019-11-27 08:11:49 - [TEST_STEP][PASSED] - delay(2): Delayed 2 second(s)

2019-11-27 08:11:51 - [MESSAGE][PASSED] - Delayed 2 second(s)

2019-11-27 08:11:51 - [TEST_STEP][PASSED] - waitForPageLoad(60): Wait for page load successfully

2019-11-27 08:11:51 - [MESSAGE][PASSED] - Wait for page load successfully

2019-11-27 08:11:51 - [MESSAGE][INFO] - =================== Smart XPath Report =======================

2019-11-27 08:11:51 - [MESSAGE][INFO] - Refer to the link below to preview and approve auto healing on broken test objects.

2019-11-27 08:11:51 - [MESSAGE][INFO] - https://docs.katalon.com/katalon-studio/docs/auto-healing-smart-xpath.html

2019-11-27 08:11:51 - [MESSAGE][INFO] - ===============================================================

2019-11-27 08:11:51 - [MESSAGE][PASSED] - Call Test Case 'Test Cases/Reusable_Test_Sequences/CAT_Search_Trade_Name' successfully

2019-11-27 08:11:51 - [TEST_STEP][PASSED] - "------------------------------------------": null

2019-11-27 08:11:51 - [TEST_STEP][PASSED] - " Scroll to Page Footer to Reveal Results  |": null

2019-11-27 08:11:51 - [TEST_STEP][PASSED] - callTestCase(findTestCase("Reusable_Test_Sequences/CAT_Scroll_to_Footer"), [:], CONTINUE_ON_FAILURE): Call Test Case 'Test Cases/Reusable_Test_Sequences/CAT_Scroll_to_Footer' successfully

2019-11-27 08:11:51 - [TEST_CASE][PASSED] - Test Cases/Reusable_Test_Sequences/CAT_Scroll_to_Footer: Test Cases/Reusable_Test_Sequences/CAT_Scroll_to_Footer

2019-11-27 08:11:51 - [TEST_STEP][PASSED] - "Scroll - To Footer on the bottom of the page (sometime off the screen) ": null

2019-11-27 08:11:51 - [TEST_STEP][PASSED] - waitForElementVisible(findTestObject("Page_of_Results/div_see all_footer__van-with-trailer"), 60): Object 'Object Repository/Page_of_Results/div_see all_footer__van-with-trailer' is visible

2019-11-27 08:11:51 - [MESSAGE][PASSED] - Object 'Object Repository/Page_of_Results/div_see all_footer__van-with-trailer' is visible

2019-11-27 08:11:51 - [TEST_STEP][PASSED] - scrollToElement(findTestObject("Page_of_Results/div_see all_footer__van-with-trailer"), 4): Scroll to object 'Object Repository/Page_of_Results/div_see all_footer__van-with-trailer' successfully

2019-11-27 08:11:51 - [MESSAGE][PASSED] - Scroll to object 'Object Repository/Page_of_Results/div_see all_footer__van-with-trailer' successfully

2019-11-27 08:11:51 - [TEST_STEP][PASSED] - delay(1): Delayed 1 second(s)

2019-11-27 08:11:52 - [MESSAGE][PASSED] - Delayed 1 second(s)

2019-11-27 08:11:52 - [MESSAGE][INFO] - =================== Smart XPath Report =======================

2019-11-27 08:11:52 - [MESSAGE][INFO] - Refer to the link below to preview and approve auto healing on broken test objects.

2019-11-27 08:11:52 - [MESSAGE][INFO] - https://docs.katalon.com/katalon-studio/docs/auto-healing-smart-xpath.html

2019-11-27 08:11:52 - [MESSAGE][INFO] - ===============================================================

2019-11-27 08:11:52 - [MESSAGE][PASSED] - Call Test Case 'Test Cases/Reusable_Test_Sequences/CAT_Scroll_to_Footer' successfully

2019-11-27 08:11:52 - [TEST_STEP][PASSED] - "------------------------------------------": null

2019-11-27 08:11:52 - [TEST_STEP][PASSED] - " Verify Correct Location is Returned     |": null

2019-11-27 08:11:52 - [TEST_STEP][PASSED] - callTestCase(findTestCase("Reusable_Test_Sequences/CAT_Verification_Location"), [:], CONTINUE_ON_FAILURE): Call Test Case 'Test Cases/Reusable_Test_Sequences/CAT_Verification_Location' successfully

2019-11-27 08:11:52 - [TEST_CASE][PASSED] - Test Cases/Reusable_Test_Sequences/CAT_Verification_Location: Test Cases/Reusable_Test_Sequences/CAT_Verification_Location

2019-11-27 08:11:53 - [TEST_STEP][PASSED] - verifyTextPresent(findTestData("Search_CAT_ID_Data (1)").getValue("tradeNameLocationVerification", row), false): Text 'Banbury, Oxfordshire' is present on page 

2019-11-27 08:11:53 - [MESSAGE][PASSED] - Text 'Banbury, Oxfordshire' is present on page 

2019-11-27 08:11:53 - [MESSAGE][INFO] - =================== Smart XPath Report =======================

2019-11-27 08:11:53 - [MESSAGE][INFO] - Refer to the link below to preview and approve auto healing on broken test objects.

2019-11-27 08:11:53 - [MESSAGE][INFO] - https://docs.katalon.com/katalon-studio/docs/auto-healing-smart-xpath.html

2019-11-27 08:11:53 - [MESSAGE][INFO] - ===============================================================

2019-11-27 08:11:53 - [MESSAGE][PASSED] - Call Test Case 'Test Cases/Reusable_Test_Sequences/CAT_Verification_Location' successfully

2019-11-27 08:11:53 - [TEST_STEP][PASSED] - "------------------------------------------": null

2019-11-27 08:11:53 - [TEST_STEP][PASSED] - " Verify Primary Contact is Returned     |": null

2019-11-27 08:11:53 - [TEST_STEP][PASSED] - callTestCase(findTestCase("Reusable_Test_Sequences/CAT_Verification_Primary_Contact"), [:], CONTINUE_ON_FAILURE): Call Test Case 'Test Cases/Reusable_Test_Sequences/CAT_Verification_Primary_Contact' successfully

2019-11-27 08:11:53 - [TEST_CASE][PASSED] - Test Cases/Reusable_Test_Sequences/CAT_Verification_Primary_Contact: Test Cases/Reusable_Test_Sequences/CAT_Verification_Primary_Contact

2019-11-27 08:11:53 - [TEST_STEP][PASSED] - verifyTextPresent(findTestData("Search_CAT_ID_Data (1)").getValue("primeContact", row), false): Text 'Andrew Whitaker' is present on page 

2019-11-27 08:11:54 - [MESSAGE][PASSED] - Text 'Andrew Whitaker' is present on page 

2019-11-27 08:11:54 - [MESSAGE][INFO] - =================== Smart XPath Report =======================

2019-11-27 08:11:54 - [MESSAGE][INFO] - Refer to the link below to preview and approve auto healing on broken test objects.

2019-11-27 08:11:54 - [MESSAGE][INFO] - https://docs.katalon.com/katalon-studio/docs/auto-healing-smart-xpath.html

2019-11-27 08:11:54 - [MESSAGE][INFO] - ===============================================================

2019-11-27 08:11:54 - [MESSAGE][PASSED] - Call Test Case 'Test Cases/Reusable_Test_Sequences/CAT_Verification_Primary_Contact' successfully

2019-11-27 08:11:54 - [TEST_STEP][PASSED] - "--------------------------": null

2019-11-27 08:11:54 - [TEST_STEP][PASSED] - " Teardown - CLose Browser |": null

2019-11-27 08:11:54 - [TEST_STEP][PASSED] - callTestCase(findTestCase("Reusable_Test_Sequences/CAT_Teardown"), [:], OPTIONAL): Call Test Case 'Test Cases/Reusable_Test_Sequences/CAT_Teardown' successfully

2019-11-27 08:11:54 - [TEST_CASE][PASSED] - Test Cases/Reusable_Test_Sequences/CAT_Teardown: Test Cases/Reusable_Test_Sequences/CAT_Teardown

2019-11-27 08:11:54 - [TEST_STEP][PASSED] - closeBrowser(): Browser is closed

2019-11-27 08:11:55 - [MESSAGE][PASSED] - Browser is closed

2019-11-27 08:11:55 - [MESSAGE][INFO] - =================== Smart XPath Report =======================

2019-11-27 08:11:55 - [MESSAGE][INFO] - Refer to the link below to preview and approve auto healing on broken test objects.

2019-11-27 08:11:55 - [MESSAGE][INFO] - https://docs.katalon.com/katalon-studio/docs/auto-healing-smart-xpath.html

2019-11-27 08:11:55 - [MESSAGE][INFO] - ===============================================================

2019-11-27 08:11:55 - [MESSAGE][PASSED] - Call Test Case 'Test Cases/Reusable_Test_Sequences/CAT_Teardown' successfully

2019-11-27 08:11:55 - [TEST_STEP][PASSED] - callTestCase(findTestCase("Reusable_Test_Sequences/CAT_Setup"), [:], STOP_ON_FAILURE): Call Test Case 'Test Cases/Reusable_Test_Sequences/CAT_Setup' successfully

2019-11-27 08:11:55 - [TEST_CASE][PASSED] - Test Cases/Reusable_Test_Sequences/CAT_Setup: Test Cases/Reusable_Test_Sequences/CAT_Setup

2019-11-27 08:11:55 - [TEST_STEP][PASSED] - "URL - Set from the ENVIRONMENT PROFILE ": null

2019-11-27 08:11:55 - [TEST_STEP][PASSED] - openBrowser(URL): Browser is opened with url: 'https://www.preview.checkatrade.com/'

2019-11-27 08:11:55 - [MESSAGE][INFO] - Starting 'Firefox' driver

2019-11-27 08:12:01 - [MESSAGE][PASSED] - Browser is opened with url: 'https://www.preview.checkatrade.com/'

2019-11-27 08:12:01 - [TEST_STEP][PASSED] - maximizeWindow(): Current window maximized

2019-11-27 08:12:01 - [MESSAGE][PASSED] - Current window maximized

2019-11-27 08:12:01 - [TEST_STEP][PASSED] - waitForPageLoad(60): Wait for page load successfully

2019-11-27 08:12:01 - [MESSAGE][PASSED] - Wait for page load successfully

2019-11-27 08:12:01 - [TEST_STEP][PASSED] - waitForElementVisible(findTestObject("Page_Checkatrade Find a tradesperson you can trust/a_Search"), 25): Object 'Object Repository/Page_Checkatrade Find a tradesperson you can trust/a_Search' is visible

2019-11-27 08:12:01 - [MESSAGE][PASSED] - Object 'Object Repository/Page_Checkatrade Find a tradesperson you can trust/a_Search' is visible

2019-11-27 08:12:01 - [TEST_STEP][PASSED] - try: null

2019-11-27 08:12:01 - [TEST_STEP][PASSED] - if (verifyElementPresent(findTestObject("Page_Checkatrade Find a tradesperson you can trust/div_close"), 1, OPTIONAL)): null

2019-11-27 08:12:02 - [MESSAGE][PASSED] - Object 'Object Repository/Page_Checkatrade Find a tradesperson you can trust/div_close' is present

2019-11-27 08:12:02 - [TEST_STEP][PASSED] - click(findTestObject("Page_Checkatrade Find a tradesperson you can trust/div_close")): Object: 'Object Repository/Page_Checkatrade Find a tradesperson you can trust/div_close' is clicked on

2019-11-27 08:12:02 - [MESSAGE][PASSED] - Object: 'Object Repository/Page_Checkatrade Find a tradesperson you can trust/div_close' is clicked on

2019-11-27 08:12:02 - [TEST_STEP][PASSED] - "---------------------------------": null

2019-11-27 08:12:02 - [TEST_STEP][PASSED] - "COOKIE POPOUT REMOVED - Confirmed": null

2019-11-27 08:12:02 - [TEST_STEP][PASSED] - delay(1): Delayed 1 second(s)

2019-11-27 08:12:03 - [MESSAGE][PASSED] - Delayed 1 second(s)

2019-11-27 08:12:03 - [TEST_STEP][PASSED] - verifyTextNotPresent("Checkatrade.com uses cookies to make sure you get the best browsing experience", false): Text 'Checkatrade.com uses cookies to make sure you get the best browsing experience' is not present on page

2019-11-27 08:12:03 - [MESSAGE][PASSED] - Text 'Checkatrade.com uses cookies to make sure you get the best browsing experience' is not present on page

2019-11-27 08:12:03 - [TEST_STEP][PASSED] - try: null

2019-11-27 08:12:03 - [TEST_STEP][PASSED] - if (verifyElementPresent(findTestObject("Page_Checkatrade Find a tradesperson you can trust/div_close_1"), 1, OPTIONAL)): null

2019-11-27 08:12:03 - [MESSAGE][PASSED] - Object 'Object Repository/Page_Checkatrade Find a tradesperson you can trust/div_close_1' is present

2019-11-27 08:12:03 - [TEST_STEP][PASSED] - click(findTestObject("Page_Checkatrade Find a tradesperson you can trust/div_close_1")): Object: 'Object Repository/Page_Checkatrade Find a tradesperson you can trust/div_close_1' is clicked on

2019-11-27 08:12:03 - [MESSAGE][PASSED] - Object: 'Object Repository/Page_Checkatrade Find a tradesperson you can trust/div_close_1' is clicked on

2019-11-27 08:12:03 - [TEST_STEP][PASSED] - "---------------------------------": null

2019-11-27 08:12:04 - [TEST_STEP][PASSED] - "PRIVACY POPOUT REMOVED - Confirmed": null

2019-11-27 08:12:04 - [TEST_STEP][PASSED] - delay(1): Delayed 1 second(s)

2019-11-27 08:12:05 - [MESSAGE][PASSED] - Delayed 1 second(s)

2019-11-27 08:12:05 - [TEST_STEP][PASSED] - verifyTextNotPresent("We have updated our Privacy Policy, please review this", false): Text 'We have updated our Privacy Policy, please review this' is not present on page

2019-11-27 08:12:05 - [MESSAGE][PASSED] - Text 'We have updated our Privacy Policy, please review this' is not present on page

2019-11-27 08:12:05 - [MESSAGE][INFO] - =================== Smart XPath Report =======================

2019-11-27 08:12:05 - [MESSAGE][INFO] - Refer to the link below to preview and approve auto healing on broken test objects.

2019-11-27 08:12:05 - [MESSAGE][INFO] - https://docs.katalon.com/katalon-studio/docs/auto-healing-smart-xpath.html

2019-11-27 08:12:05 - [MESSAGE][INFO] - ===============================================================

2019-11-27 08:12:05 - [MESSAGE][PASSED] - Call Test Case 'Test Cases/Reusable_Test_Sequences/CAT_Setup' successfully

2019-11-27 08:12:05 - [TEST_STEP][PASSED] - "---------------------------------------------------------------------": null

2019-11-27 08:12:05 - [TEST_STEP][PASSED] - " Select Search on Trader Name (or ID) From Home page/Search Screen   |": null

2019-11-27 08:12:05 - [TEST_STEP][PASSED] - callTestCase(findTestCase("Reusable_Test_Sequences/CAT_Click_Search_Trade_Name"), [:], CONTINUE_ON_FAILURE): Call Test Case 'Test Cases/Reusable_Test_Sequences/CAT_Click_Search_Trade_Name' successfully

2019-11-27 08:12:05 - [TEST_CASE][PASSED] - Test Cases/Reusable_Test_Sequences/CAT_Click_Search_Trade_Name: Test Cases/Reusable_Test_Sequences/CAT_Click_Search_Trade_Name

2019-11-27 08:12:05 - [TEST_STEP][PASSED] - click(findTestObject("Page_Checkatrade Find a tradesperson you can trust/a_or look up a member by name")): Object: 'Object Repository/Page_Checkatrade Find a tradesperson you can trust/a_or look up a member by name' is clicked on

2019-11-27 08:12:05 - [MESSAGE][PASSED] - Object: 'Object Repository/Page_Checkatrade Find a tradesperson you can trust/a_or look up a member by name' is clicked on

2019-11-27 08:12:05 - [TEST_STEP][PASSED] - waitForPageLoad(60): Wait for page load successfully

2019-11-27 08:12:05 - [MESSAGE][PASSED] - Wait for page load successfully

2019-11-27 08:12:05 - [MESSAGE][INFO] - =================== Smart XPath Report =======================

2019-11-27 08:12:05 - [MESSAGE][INFO] - Refer to the link below to preview and approve auto healing on broken test objects.

2019-11-27 08:12:05 - [MESSAGE][INFO] - https://docs.katalon.com/katalon-studio/docs/auto-healing-smart-xpath.html

2019-11-27 08:12:05 - [MESSAGE][INFO] - ===============================================================

2019-11-27 08:12:05 - [MESSAGE][PASSED] - Call Test Case 'Test Cases/Reusable_Test_Sequences/CAT_Click_Search_Trade_Name' successfully

2019-11-27 08:12:05 - [TEST_STEP][PASSED] - "---------------------------------------": null

2019-11-27 08:12:05 - [TEST_STEP][PASSED] - " Enter Trader Name (or ID) to Search   |": null

2019-11-27 08:12:05 - [TEST_STEP][PASSED] - callTestCase(findTestCase("Reusable_Test_Sequences/CAT_Enter_Trade_Name"), [:], CONTINUE_ON_FAILURE): Call Test Case 'Test Cases/Reusable_Test_Sequences/CAT_Enter_Trade_Name' successfully

2019-11-27 08:12:05 - [TEST_CASE][PASSED] - Test Cases/Reusable_Test_Sequences/CAT_Enter_Trade_Name: Test Cases/Reusable_Test_Sequences/CAT_Enter_Trade_Name

2019-11-27 08:12:05 - [TEST_STEP][PASSED] - setText(findTestObject("Page_Checkatrade Find a tradesperson you can trust/Trader_Name_To_Search"), findTestData("Search_CAT_ID_Data (1)").getValue("tradeName", row)): Text '230761' is set on object 'Object Repository/Page_Checkatrade Find a tradesperson you can trust/Trader_Name_To_Search'

2019-11-27 08:12:05 - [MESSAGE][PASSED] - Text '230761' is set on object 'Object Repository/Page_Checkatrade Find a tradesperson you can trust/Trader_Name_To_Search'

2019-11-27 08:12:05 - [MESSAGE][INFO] - =================== Smart XPath Report =======================

2019-11-27 08:12:05 - [MESSAGE][INFO] - Refer to the link below to preview and approve auto healing on broken test objects.

2019-11-27 08:12:05 - [MESSAGE][INFO] - https://docs.katalon.com/katalon-studio/docs/auto-healing-smart-xpath.html

2019-11-27 08:12:05 - [MESSAGE][INFO] - ===============================================================

2019-11-27 08:12:05 - [MESSAGE][PASSED] - Call Test Case 'Test Cases/Reusable_Test_Sequences/CAT_Enter_Trade_Name' successfully

2019-11-27 08:12:05 - [TEST_STEP][PASSED] - "---------------------------------------": null

2019-11-27 08:12:05 - [TEST_STEP][PASSED] - " Search Trader Name (or ID)            |": null

2019-11-27 08:12:05 - [TEST_STEP][PASSED] - callTestCase(findTestCase("Reusable_Test_Sequences/CAT_Search_Trade_Name"), [:], CONTINUE_ON_FAILURE): Call Test Case 'Test Cases/Reusable_Test_Sequences/CAT_Search_Trade_Name' successfully

2019-11-27 08:12:06 - [TEST_CASE][PASSED] - Test Cases/Reusable_Test_Sequences/CAT_Search_Trade_Name: Test Cases/Reusable_Test_Sequences/CAT_Search_Trade_Name

2019-11-27 08:12:06 - [TEST_STEP][PASSED] - "Hit Search Trade Person by Name (or CAT ID) after parameters are entered": null

2019-11-27 08:12:06 - [TEST_STEP][PASSED] - waitForElementPresent(findTestObject("Page_Checkatrade Find a tradesperson you can trust/span_Trade_Name"), 60): Object 'Object Repository/Page_Checkatrade Find a tradesperson you can trust/span_Trade_Name' is present

2019-11-27 08:12:06 - [MESSAGE][PASSED] - Object 'Object Repository/Page_Checkatrade Find a tradesperson you can trust/span_Trade_Name' is present

2019-11-27 08:12:06 - [TEST_STEP][PASSED] - click(findTestObject("Page_Checkatrade Find a tradesperson you can trust/span_Trade_Name")): Object: 'Object Repository/Page_Checkatrade Find a tradesperson you can trust/span_Trade_Name' is clicked on

2019-11-27 08:12:11 - [MESSAGE][PASSED] - Object: 'Object Repository/Page_Checkatrade Find a tradesperson you can trust/span_Trade_Name' is clicked on

2019-11-27 08:12:11 - [TEST_STEP][PASSED] - delay(2): Delayed 2 second(s)

2019-11-27 08:12:13 - [MESSAGE][PASSED] - Delayed 2 second(s)

2019-11-27 08:12:13 - [TEST_STEP][PASSED] - waitForPageLoad(60): Wait for page load successfully

2019-11-27 08:12:13 - [MESSAGE][PASSED] - Wait for page load successfully

2019-11-27 08:12:13 - [MESSAGE][INFO] - =================== Smart XPath Report =======================

2019-11-27 08:12:13 - [MESSAGE][INFO] - Refer to the link below to preview and approve auto healing on broken test objects.

2019-11-27 08:12:13 - [MESSAGE][INFO] - https://docs.katalon.com/katalon-studio/docs/auto-healing-smart-xpath.html

2019-11-27 08:12:13 - [MESSAGE][INFO] - ===============================================================

2019-11-27 08:12:13 - [MESSAGE][PASSED] - Call Test Case 'Test Cases/Reusable_Test_Sequences/CAT_Search_Trade_Name' successfully

2019-11-27 08:12:13 - [TEST_STEP][PASSED] - "------------------------------------------": null

2019-11-27 08:12:13 - [TEST_STEP][PASSED] - " Scroll to Page Footer to Reveal Results  |": null

2019-11-27 08:12:13 - [TEST_STEP][PASSED] - callTestCase(findTestCase("Reusable_Test_Sequences/CAT_Scroll_to_Footer"), [:], CONTINUE_ON_FAILURE): Call Test Case 'Test Cases/Reusable_Test_Sequences/CAT_Scroll_to_Footer' successfully

2019-11-27 08:12:13 - [TEST_CASE][PASSED] - Test Cases/Reusable_Test_Sequences/CAT_Scroll_to_Footer: Test Cases/Reusable_Test_Sequences/CAT_Scroll_to_Footer

2019-11-27 08:12:13 - [TEST_STEP][PASSED] - "Scroll - To Footer on the bottom of the page (sometime off the screen) ": null

2019-11-27 08:12:13 - [TEST_STEP][PASSED] - waitForElementVisible(findTestObject("Page_of_Results/div_see all_footer__van-with-trailer"), 60): Object 'Object Repository/Page_of_Results/div_see all_footer__van-with-trailer' is visible

2019-11-27 08:12:13 - [MESSAGE][PASSED] - Object 'Object Repository/Page_of_Results/div_see all_footer__van-with-trailer' is visible

2019-11-27 08:12:13 - [TEST_STEP][PASSED] - scrollToElement(findTestObject("Page_of_Results/div_see all_footer__van-with-trailer"), 4): Scroll to object 'Object Repository/Page_of_Results/div_see all_footer__van-with-trailer' successfully

2019-11-27 08:12:13 - [MESSAGE][PASSED] - Scroll to object 'Object Repository/Page_of_Results/div_see all_footer__van-with-trailer' successfully

2019-11-27 08:12:13 - [TEST_STEP][PASSED] - delay(1): Delayed 1 second(s)

2019-11-27 08:12:14 - [MESSAGE][PASSED] - Delayed 1 second(s)

2019-11-27 08:12:14 - [MESSAGE][INFO] - =================== Smart XPath Report =======================

2019-11-27 08:12:14 - [MESSAGE][INFO] - Refer to the link below to preview and approve auto healing on broken test objects.

2019-11-27 08:12:14 - [MESSAGE][INFO] - https://docs.katalon.com/katalon-studio/docs/auto-healing-smart-xpath.html

2019-11-27 08:12:14 - [MESSAGE][INFO] - ===============================================================

2019-11-27 08:12:14 - [MESSAGE][PASSED] - Call Test Case 'Test Cases/Reusable_Test_Sequences/CAT_Scroll_to_Footer' successfully

2019-11-27 08:12:14 - [TEST_STEP][PASSED] - "------------------------------------------": null

2019-11-27 08:12:14 - [TEST_STEP][PASSED] - " Verify Correct Location is Returned     |": null

2019-11-27 08:12:14 - [TEST_STEP][PASSED] - callTestCase(findTestCase("Reusable_Test_Sequences/CAT_Verification_Location"), [:], CONTINUE_ON_FAILURE): Call Test Case 'Test Cases/Reusable_Test_Sequences/CAT_Verification_Location' successfully

2019-11-27 08:12:14 - [TEST_CASE][PASSED] - Test Cases/Reusable_Test_Sequences/CAT_Verification_Location: Test Cases/Reusable_Test_Sequences/CAT_Verification_Location

2019-11-27 08:12:14 - [TEST_STEP][PASSED] - verifyTextPresent(findTestData("Search_CAT_ID_Data (1)").getValue("tradeNameLocationVerification", row), false): Text 'Rustington, West Sussex' is present on page 

2019-11-27 08:12:15 - [MESSAGE][PASSED] - Text 'Rustington, West Sussex' is present on page 

2019-11-27 08:12:15 - [MESSAGE][INFO] - =================== Smart XPath Report =======================

2019-11-27 08:12:15 - [MESSAGE][INFO] - Refer to the link below to preview and approve auto healing on broken test objects.

2019-11-27 08:12:15 - [MESSAGE][INFO] - https://docs.katalon.com/katalon-studio/docs/auto-healing-smart-xpath.html

2019-11-27 08:12:15 - [MESSAGE][INFO] - ===============================================================

2019-11-27 08:12:15 - [MESSAGE][PASSED] - Call Test Case 'Test Cases/Reusable_Test_Sequences/CAT_Verification_Location' successfully

2019-11-27 08:12:15 - [TEST_STEP][PASSED] - "------------------------------------------": null

2019-11-27 08:12:15 - [TEST_STEP][PASSED] - " Verify Primary Contact is Returned     |": null

2019-11-27 08:12:15 - [TEST_STEP][PASSED] - callTestCase(findTestCase("Reusable_Test_Sequences/CAT_Verification_Primary_Contact"), [:], CONTINUE_ON_FAILURE): Call Test Case 'Test Cases/Reusable_Test_Sequences/CAT_Verification_Primary_Contact' successfully

2019-11-27 08:12:15 - [TEST_CASE][PASSED] - Test Cases/Reusable_Test_Sequences/CAT_Verification_Primary_Contact: Test Cases/Reusable_Test_Sequences/CAT_Verification_Primary_Contact

2019-11-27 08:12:15 - [TEST_STEP][PASSED] - verifyTextPresent(findTestData("Search_CAT_ID_Data (1)").getValue("primeContact", row), false): Text 'David Clarke' is present on page 

2019-11-27 08:12:15 - [MESSAGE][PASSED] - Text 'David Clarke' is present on page 

2019-11-27 08:12:15 - [MESSAGE][INFO] - =================== Smart XPath Report =======================

2019-11-27 08:12:15 - [MESSAGE][INFO] - Refer to the link below to preview and approve auto healing on broken test objects.

2019-11-27 08:12:15 - [MESSAGE][INFO] - https://docs.katalon.com/katalon-studio/docs/auto-healing-smart-xpath.html

2019-11-27 08:12:15 - [MESSAGE][INFO] - ===============================================================

2019-11-27 08:12:15 - [MESSAGE][PASSED] - Call Test Case 'Test Cases/Reusable_Test_Sequences/CAT_Verification_Primary_Contact' successfully

2019-11-27 08:12:15 - [TEST_STEP][PASSED] - "--------------------------": null

2019-11-27 08:12:15 - [TEST_STEP][PASSED] - " Teardown - CLose Browser |": null

2019-11-27 08:12:15 - [TEST_STEP][PASSED] - callTestCase(findTestCase("Reusable_Test_Sequences/CAT_Teardown"), [:], OPTIONAL): Call Test Case 'Test Cases/Reusable_Test_Sequences/CAT_Teardown' successfully

2019-11-27 08:12:15 - [TEST_CASE][PASSED] - Test Cases/Reusable_Test_Sequences/CAT_Teardown: Test Cases/Reusable_Test_Sequences/CAT_Teardown

2019-11-27 08:12:15 - [TEST_STEP][PASSED] - closeBrowser(): Browser is closed

2019-11-27 08:12:18 - [MESSAGE][PASSED] - Browser is closed

2019-11-27 08:12:18 - [MESSAGE][INFO] - =================== Smart XPath Report =======================

2019-11-27 08:12:18 - [MESSAGE][INFO] - Refer to the link below to preview and approve auto healing on broken test objects.

2019-11-27 08:12:18 - [MESSAGE][INFO] - https://docs.katalon.com/katalon-studio/docs/auto-healing-smart-xpath.html

2019-11-27 08:12:18 - [MESSAGE][INFO] - ===============================================================

2019-11-27 08:12:18 - [MESSAGE][PASSED] - Call Test Case 'Test Cases/Reusable_Test_Sequences/CAT_Teardown' successfully

2019-11-27 08:12:18 - [TEST_STEP][PASSED] - callTestCase(findTestCase("Reusable_Test_Sequences/CAT_Setup"), [:], STOP_ON_FAILURE): Call Test Case 'Test Cases/Reusable_Test_Sequences/CAT_Setup' successfully

2019-11-27 08:12:18 - [TEST_CASE][PASSED] - Test Cases/Reusable_Test_Sequences/CAT_Setup: Test Cases/Reusable_Test_Sequences/CAT_Setup

2019-11-27 08:12:18 - [TEST_STEP][PASSED] - "URL - Set from the ENVIRONMENT PROFILE ": null

2019-11-27 08:12:18 - [TEST_STEP][PASSED] - openBrowser(URL): Browser is opened with url: 'https://www.preview.checkatrade.com/'

2019-11-27 08:12:18 - [MESSAGE][INFO] - Starting 'Firefox' driver

2019-11-27 08:12:23 - [MESSAGE][PASSED] - Browser is opened with url: 'https://www.preview.checkatrade.com/'

2019-11-27 08:12:23 - [TEST_STEP][PASSED] - maximizeWindow(): Current window maximized

2019-11-27 08:12:24 - [MESSAGE][PASSED] - Current window maximized

2019-11-27 08:12:24 - [TEST_STEP][PASSED] - waitForPageLoad(60): Wait for page load successfully

2019-11-27 08:12:24 - [MESSAGE][PASSED] - Wait for page load successfully

2019-11-27 08:12:24 - [TEST_STEP][PASSED] - waitForElementVisible(findTestObject("Page_Checkatrade Find a tradesperson you can trust/a_Search"), 25): Object 'Object Repository/Page_Checkatrade Find a tradesperson you can trust/a_Search' is visible

2019-11-27 08:12:24 - [MESSAGE][PASSED] - Object 'Object Repository/Page_Checkatrade Find a tradesperson you can trust/a_Search' is visible

2019-11-27 08:12:24 - [TEST_STEP][PASSED] - try: null

2019-11-27 08:12:24 - [TEST_STEP][PASSED] - if (verifyElementPresent(findTestObject("Page_Checkatrade Find a tradesperson you can trust/div_close"), 1, OPTIONAL)): null

2019-11-27 08:12:24 - [MESSAGE][PASSED] - Object 'Object Repository/Page_Checkatrade Find a tradesperson you can trust/div_close' is present

2019-11-27 08:12:24 - [TEST_STEP][PASSED] - click(findTestObject("Page_Checkatrade Find a tradesperson you can trust/div_close")): Object: 'Object Repository/Page_Checkatrade Find a tradesperson you can trust/div_close' is clicked on

2019-11-27 08:12:24 - [MESSAGE][PASSED] - Object: 'Object Repository/Page_Checkatrade Find a tradesperson you can trust/div_close' is clicked on

2019-11-27 08:12:24 - [TEST_STEP][PASSED] - "---------------------------------": null

2019-11-27 08:12:24 - [TEST_STEP][PASSED] - "COOKIE POPOUT REMOVED - Confirmed": null

2019-11-27 08:12:24 - [TEST_STEP][PASSED] - delay(1): Delayed 1 second(s)

2019-11-27 08:12:25 - [MESSAGE][PASSED] - Delayed 1 second(s)

2019-11-27 08:12:25 - [TEST_STEP][PASSED] - verifyTextNotPresent("Checkatrade.com uses cookies to make sure you get the best browsing experience", false): Text 'Checkatrade.com uses cookies to make sure you get the best browsing experience' is not present on page

2019-11-27 08:12:25 - [MESSAGE][PASSED] - Text 'Checkatrade.com uses cookies to make sure you get the best browsing experience' is not present on page

2019-11-27 08:12:25 - [TEST_STEP][PASSED] - try: null

2019-11-27 08:12:25 - [TEST_STEP][PASSED] - if (verifyElementPresent(findTestObject("Page_Checkatrade Find a tradesperson you can trust/div_close_1"), 1, OPTIONAL)): null

2019-11-27 08:12:26 - [MESSAGE][PASSED] - Object 'Object Repository/Page_Checkatrade Find a tradesperson you can trust/div_close_1' is present

2019-11-27 08:12:26 - [TEST_STEP][PASSED] - click(findTestObject("Page_Checkatrade Find a tradesperson you can trust/div_close_1")): Object: 'Object Repository/Page_Checkatrade Find a tradesperson you can trust/div_close_1' is clicked on

2019-11-27 08:12:26 - [MESSAGE][PASSED] - Object: 'Object Repository/Page_Checkatrade Find a tradesperson you can trust/div_close_1' is clicked on

2019-11-27 08:12:26 - [TEST_STEP][PASSED] - "---------------------------------": null

2019-11-27 08:12:26 - [TEST_STEP][PASSED] - "PRIVACY POPOUT REMOVED - Confirmed": null

2019-11-27 08:12:26 - [TEST_STEP][PASSED] - delay(1): Delayed 1 second(s)

2019-11-27 08:12:27 - [MESSAGE][PASSED] - Delayed 1 second(s)

2019-11-27 08:12:27 - [TEST_STEP][PASSED] - verifyTextNotPresent("We have updated our Privacy Policy, please review this", false): Text 'We have updated our Privacy Policy, please review this' is not present on page

2019-11-27 08:12:27 - [MESSAGE][PASSED] - Text 'We have updated our Privacy Policy, please review this' is not present on page

2019-11-27 08:12:27 - [MESSAGE][INFO] - =================== Smart XPath Report =======================

2019-11-27 08:12:27 - [MESSAGE][INFO] - Refer to the link below to preview and approve auto healing on broken test objects.

2019-11-27 08:12:27 - [MESSAGE][INFO] - https://docs.katalon.com/katalon-studio/docs/auto-healing-smart-xpath.html

2019-11-27 08:12:27 - [MESSAGE][INFO] - ===============================================================

2019-11-27 08:12:27 - [MESSAGE][PASSED] - Call Test Case 'Test Cases/Reusable_Test_Sequences/CAT_Setup' successfully

2019-11-27 08:12:27 - [TEST_STEP][PASSED] - "---------------------------------------------------------------------": null

2019-11-27 08:12:27 - [TEST_STEP][PASSED] - " Select Search on Trader Name (or ID) From Home page/Search Screen   |": null

2019-11-27 08:12:27 - [TEST_STEP][PASSED] - callTestCase(findTestCase("Reusable_Test_Sequences/CAT_Click_Search_Trade_Name"), [:], CONTINUE_ON_FAILURE): Call Test Case 'Test Cases/Reusable_Test_Sequences/CAT_Click_Search_Trade_Name' successfully

2019-11-27 08:12:27 - [TEST_CASE][PASSED] - Test Cases/Reusable_Test_Sequences/CAT_Click_Search_Trade_Name: Test Cases/Reusable_Test_Sequences/CAT_Click_Search_Trade_Name

2019-11-27 08:12:27 - [TEST_STEP][PASSED] - click(findTestObject("Page_Checkatrade Find a tradesperson you can trust/a_or look up a member by name")): Object: 'Object Repository/Page_Checkatrade Find a tradesperson you can trust/a_or look up a member by name' is clicked on

2019-11-27 08:12:28 - [MESSAGE][PASSED] - Object: 'Object Repository/Page_Checkatrade Find a tradesperson you can trust/a_or look up a member by name' is clicked on

2019-11-27 08:12:28 - [TEST_STEP][PASSED] - waitForPageLoad(60): Wait for page load successfully

2019-11-27 08:12:28 - [MESSAGE][PASSED] - Wait for page load successfully

2019-11-27 08:12:28 - [MESSAGE][INFO] - =================== Smart XPath Report =======================

2019-11-27 08:12:28 - [MESSAGE][INFO] - Refer to the link below to preview and approve auto healing on broken test objects.

2019-11-27 08:12:28 - [MESSAGE][INFO] - https://docs.katalon.com/katalon-studio/docs/auto-healing-smart-xpath.html

2019-11-27 08:12:28 - [MESSAGE][INFO] - ===============================================================

2019-11-27 08:12:28 - [MESSAGE][PASSED] - Call Test Case 'Test Cases/Reusable_Test_Sequences/CAT_Click_Search_Trade_Name' successfully

2019-11-27 08:12:28 - [TEST_STEP][PASSED] - "---------------------------------------": null

2019-11-27 08:12:28 - [TEST_STEP][PASSED] - " Enter Trader Name (or ID) to Search   |": null

2019-11-27 08:12:28 - [TEST_STEP][PASSED] - callTestCase(findTestCase("Reusable_Test_Sequences/CAT_Enter_Trade_Name"), [:], CONTINUE_ON_FAILURE): Call Test Case 'Test Cases/Reusable_Test_Sequences/CAT_Enter_Trade_Name' successfully

2019-11-27 08:12:28 - [TEST_CASE][PASSED] - Test Cases/Reusable_Test_Sequences/CAT_Enter_Trade_Name: Test Cases/Reusable_Test_Sequences/CAT_Enter_Trade_Name

2019-11-27 08:12:28 - [TEST_STEP][PASSED] - setText(findTestObject("Page_Checkatrade Find a tradesperson you can trust/Trader_Name_To_Search"), findTestData("Search_CAT_ID_Data (1)").getValue("tradeName", row)): Text '381198' is set on object 'Object Repository/Page_Checkatrade Find a tradesperson you can trust/Trader_Name_To_Search'

2019-11-27 08:12:28 - [MESSAGE][PASSED] - Text '381198' is set on object 'Object Repository/Page_Checkatrade Find a tradesperson you can trust/Trader_Name_To_Search'

2019-11-27 08:12:28 - [MESSAGE][INFO] - =================== Smart XPath Report =======================

2019-11-27 08:12:28 - [MESSAGE][INFO] - Refer to the link below to preview and approve auto healing on broken test objects.

2019-11-27 08:12:28 - [MESSAGE][INFO] - https://docs.katalon.com/katalon-studio/docs/auto-healing-smart-xpath.html

2019-11-27 08:12:28 - [MESSAGE][INFO] - ===============================================================

2019-11-27 08:12:28 - [MESSAGE][PASSED] - Call Test Case 'Test Cases/Reusable_Test_Sequences/CAT_Enter_Trade_Name' successfully

2019-11-27 08:12:28 - [TEST_STEP][PASSED] - "---------------------------------------": null

2019-11-27 08:12:28 - [TEST_STEP][PASSED] - " Search Trader Name (or ID)            |": null

2019-11-27 08:12:28 - [TEST_STEP][PASSED] - callTestCase(findTestCase("Reusable_Test_Sequences/CAT_Search_Trade_Name"), [:], CONTINUE_ON_FAILURE): Call Test Case 'Test Cases/Reusable_Test_Sequences/CAT_Search_Trade_Name' successfully

2019-11-27 08:12:28 - [TEST_CASE][PASSED] - Test Cases/Reusable_Test_Sequences/CAT_Search_Trade_Name: Test Cases/Reusable_Test_Sequences/CAT_Search_Trade_Name

2019-11-27 08:12:28 - [TEST_STEP][PASSED] - "Hit Search Trade Person by Name (or CAT ID) after parameters are entered": null

2019-11-27 08:12:28 - [TEST_STEP][PASSED] - waitForElementPresent(findTestObject("Page_Checkatrade Find a tradesperson you can trust/span_Trade_Name"), 60): Object 'Object Repository/Page_Checkatrade Find a tradesperson you can trust/span_Trade_Name' is present

2019-11-27 08:12:28 - [MESSAGE][PASSED] - Object 'Object Repository/Page_Checkatrade Find a tradesperson you can trust/span_Trade_Name' is present

2019-11-27 08:12:28 - [TEST_STEP][PASSED] - click(findTestObject("Page_Checkatrade Find a tradesperson you can trust/span_Trade_Name")): Object: 'Object Repository/Page_Checkatrade Find a tradesperson you can trust/span_Trade_Name' is clicked on

2019-11-27 08:12:34 - [MESSAGE][PASSED] - Object: 'Object Repository/Page_Checkatrade Find a tradesperson you can trust/span_Trade_Name' is clicked on

2019-11-27 08:12:34 - [TEST_STEP][PASSED] - delay(2): Delayed 2 second(s)

2019-11-27 08:12:36 - [MESSAGE][PASSED] - Delayed 2 second(s)

2019-11-27 08:12:36 - [TEST_STEP][PASSED] - waitForPageLoad(60): Wait for page load successfully

2019-11-27 08:12:36 - [MESSAGE][PASSED] - Wait for page load successfully

2019-11-27 08:12:36 - [MESSAGE][INFO] - =================== Smart XPath Report =======================

2019-11-27 08:12:36 - [MESSAGE][INFO] - Refer to the link below to preview and approve auto healing on broken test objects.

2019-11-27 08:12:36 - [MESSAGE][INFO] - https://docs.katalon.com/katalon-studio/docs/auto-healing-smart-xpath.html

2019-11-27 08:12:36 - [MESSAGE][INFO] - ===============================================================

2019-11-27 08:12:36 - [MESSAGE][PASSED] - Call Test Case 'Test Cases/Reusable_Test_Sequences/CAT_Search_Trade_Name' successfully

2019-11-27 08:12:36 - [TEST_STEP][PASSED] - "------------------------------------------": null

2019-11-27 08:12:36 - [TEST_STEP][PASSED] - " Scroll to Page Footer to Reveal Results  |": null

2019-11-27 08:12:36 - [TEST_STEP][PASSED] - callTestCase(findTestCase("Reusable_Test_Sequences/CAT_Scroll_to_Footer"), [:], CONTINUE_ON_FAILURE): Call Test Case 'Test Cases/Reusable_Test_Sequences/CAT_Scroll_to_Footer' successfully

2019-11-27 08:12:36 - [TEST_CASE][PASSED] - Test Cases/Reusable_Test_Sequences/CAT_Scroll_to_Footer: Test Cases/Reusable_Test_Sequences/CAT_Scroll_to_Footer

2019-11-27 08:12:36 - [TEST_STEP][PASSED] - "Scroll - To Footer on the bottom of the page (sometime off the screen) ": null

2019-11-27 08:12:36 - [TEST_STEP][PASSED] - waitForElementVisible(findTestObject("Page_of_Results/div_see all_footer__van-with-trailer"), 60): Object 'Object Repository/Page_of_Results/div_see all_footer__van-with-trailer' is visible

2019-11-27 08:12:36 - [MESSAGE][PASSED] - Object 'Object Repository/Page_of_Results/div_see all_footer__van-with-trailer' is visible

2019-11-27 08:12:36 - [TEST_STEP][PASSED] - scrollToElement(findTestObject("Page_of_Results/div_see all_footer__van-with-trailer"), 4): Scroll to object 'Object Repository/Page_of_Results/div_see all_footer__van-with-trailer' successfully

2019-11-27 08:12:36 - [MESSAGE][PASSED] - Scroll to object 'Object Repository/Page_of_Results/div_see all_footer__van-with-trailer' successfully

2019-11-27 08:12:36 - [TEST_STEP][PASSED] - delay(1): Delayed 1 second(s)

2019-11-27 08:12:37 - [MESSAGE][PASSED] - Delayed 1 second(s)

2019-11-27 08:12:37 - [MESSAGE][INFO] - =================== Smart XPath Report =======================

2019-11-27 08:12:37 - [MESSAGE][INFO] - Refer to the link below to preview and approve auto healing on broken test objects.

2019-11-27 08:12:37 - [MESSAGE][INFO] - https://docs.katalon.com/katalon-studio/docs/auto-healing-smart-xpath.html

2019-11-27 08:12:37 - [MESSAGE][INFO] - ===============================================================

2019-11-27 08:12:37 - [MESSAGE][PASSED] - Call Test Case 'Test Cases/Reusable_Test_Sequences/CAT_Scroll_to_Footer' successfully

2019-11-27 08:12:37 - [TEST_STEP][PASSED] - "------------------------------------------": null

2019-11-27 08:12:37 - [TEST_STEP][PASSED] - " Verify Correct Location is Returned     |": null

2019-11-27 08:12:37 - [TEST_STEP][PASSED] - callTestCase(findTestCase("Reusable_Test_Sequences/CAT_Verification_Location"), [:], CONTINUE_ON_FAILURE): Call Test Case 'Test Cases/Reusable_Test_Sequences/CAT_Verification_Location' successfully

2019-11-27 08:12:37 - [TEST_CASE][PASSED] - Test Cases/Reusable_Test_Sequences/CAT_Verification_Location: Test Cases/Reusable_Test_Sequences/CAT_Verification_Location

2019-11-27 08:12:37 - [TEST_STEP][PASSED] - verifyTextPresent(findTestData("Search_CAT_ID_Data (1)").getValue("tradeNameLocationVerification", row), false): Text 'Bognor Regis' is present on page 

2019-11-27 08:12:38 - [MESSAGE][PASSED] - Text 'Bognor Regis' is present on page 

2019-11-27 08:12:38 - [MESSAGE][INFO] - =================== Smart XPath Report =======================

2019-11-27 08:12:38 - [MESSAGE][INFO] - Refer to the link below to preview and approve auto healing on broken test objects.

2019-11-27 08:12:38 - [MESSAGE][INFO] - https://docs.katalon.com/katalon-studio/docs/auto-healing-smart-xpath.html

2019-11-27 08:12:38 - [MESSAGE][INFO] - ===============================================================

2019-11-27 08:12:38 - [MESSAGE][PASSED] - Call Test Case 'Test Cases/Reusable_Test_Sequences/CAT_Verification_Location' successfully

2019-11-27 08:12:38 - [TEST_STEP][PASSED] - "------------------------------------------": null

2019-11-27 08:12:38 - [TEST_STEP][PASSED] - " Verify Primary Contact is Returned     |": null

2019-11-27 08:12:38 - [TEST_STEP][PASSED] - callTestCase(findTestCase("Reusable_Test_Sequences/CAT_Verification_Primary_Contact"), [:], CONTINUE_ON_FAILURE): Call Test Case 'Test Cases/Reusable_Test_Sequences/CAT_Verification_Primary_Contact' successfully

2019-11-27 08:12:38 - [TEST_CASE][PASSED] - Test Cases/Reusable_Test_Sequences/CAT_Verification_Primary_Contact: Test Cases/Reusable_Test_Sequences/CAT_Verification_Primary_Contact

2019-11-27 08:12:38 - [TEST_STEP][PASSED] - verifyTextPresent(findTestData("Search_CAT_ID_Data (1)").getValue("primeContact", row), false): Text 'Mr Scott Heyburn' is present on page 

2019-11-27 08:12:38 - [MESSAGE][PASSED] - Text 'Mr Scott Heyburn' is present on page 

2019-11-27 08:12:38 - [MESSAGE][INFO] - =================== Smart XPath Report =======================

2019-11-27 08:12:38 - [MESSAGE][INFO] - Refer to the link below to preview and approve auto healing on broken test objects.

2019-11-27 08:12:38 - [MESSAGE][INFO] - https://docs.katalon.com/katalon-studio/docs/auto-healing-smart-xpath.html

2019-11-27 08:12:38 - [MESSAGE][INFO] - ===============================================================

2019-11-27 08:12:38 - [MESSAGE][PASSED] - Call Test Case 'Test Cases/Reusable_Test_Sequences/CAT_Verification_Primary_Contact' successfully

2019-11-27 08:12:38 - [TEST_STEP][PASSED] - "--------------------------": null

2019-11-27 08:12:38 - [TEST_STEP][PASSED] - " Teardown - CLose Browser |": null

2019-11-27 08:12:38 - [TEST_STEP][PASSED] - callTestCase(findTestCase("Reusable_Test_Sequences/CAT_Teardown"), [:], OPTIONAL): Call Test Case 'Test Cases/Reusable_Test_Sequences/CAT_Teardown' successfully

2019-11-27 08:12:38 - [TEST_CASE][PASSED] - Test Cases/Reusable_Test_Sequences/CAT_Teardown: Test Cases/Reusable_Test_Sequences/CAT_Teardown

2019-11-27 08:12:38 - [TEST_STEP][PASSED] - closeBrowser(): Browser is closed

2019-11-27 08:12:40 - [MESSAGE][PASSED] - Browser is closed

2019-11-27 08:12:40 - [MESSAGE][INFO] - =================== Smart XPath Report =======================

2019-11-27 08:12:40 - [MESSAGE][INFO] - Refer to the link below to preview and approve auto healing on broken test objects.

2019-11-27 08:12:40 - [MESSAGE][INFO] - https://docs.katalon.com/katalon-studio/docs/auto-healing-smart-xpath.html

2019-11-27 08:12:40 - [MESSAGE][INFO] - ===============================================================

2019-11-27 08:12:40 - [MESSAGE][PASSED] - Call Test Case 'Test Cases/Reusable_Test_Sequences/CAT_Teardown' successfully]]></system-out>
         <system-err><![CDATA[]]></system-err>
      </testcase>
      <system-out><![CDATA[2019-11-27 08:10:39 - [TEST_SUITE][PASSED] - Trade_Name_Multiple_Search: Test Cases/Checkatrade_Tradesman_Searches/Trade_Name_Search_Multiple]]></system-out>
      <system-err><![CDATA[]]></system-err>
   </testsuite>
</testsuites>
