<?xml version="1.0" encoding="UTF-8"?>
<testsuites name="Trade_Location_Multiple_Search" time="203.367" tests="1" failures="0" errors="0">
   <testsuite name="Trade_Location_Multiple_Search" tests="1" failures="0" errors="0" time="203.367" timestamp="2019-11-14 09:52:57" hostname="DavidHo - VETTEDSP36RF.check.local" id="Test Suites/Trade_Location_Multiple_Search">
      <properties>
         <property name="deviceName" value=""/>
         <property name="devicePlatform" value=""/>
         <property name="logFolder" value="C:\\Users\\davidho\\Katalon Studio\\Start\\Reports\\20191114_094706\\Trade_Location_Multiple_Search\\20191114_094716"/>
         <property name="logFiles" value="C:\\Users\\davidho\\Katalon Studio\\Start\\Reports\\20191114_094706\\Trade_Location_Multiple_Search\\20191114_094716\\execution0.log"/>
         <property name="attachments" value=""/>
         <property name="hostName" value="DavidHo - VETTEDSP36RF.check.local"/>
         <property name="os" value="Windows 10 32bit"/>
         <property name="katalonVersion" value="7.0.5.1"/>
         <property name="browser" value="Chrome 78.0.3904.97"/>
         <property name="hostAddress" value="10.0.11.243"/>
         <property name="sessionId" value="80891453a3e6498870f2bba87454c470"/>
         <property name="seleniumVersion" value="3.141.59"/>
         <property name="proxyInformation" value="ProxyInformation{proxyOption=NO_PROXY, proxyServerType=HTTP, password=, proxyServerAddress=, proxyServerPort=0}"/>
         <property name="platform" value="Windows 10"/>
      </properties>
      <testcase name="Test Cases/Checkatrade_Tradesman_Searches/Trade_Location_Search" time="202.751" classname="Test Cases/Checkatrade_Tradesman_Searches/Trade_Location_Search" status="PASSED">
         <system-out><![CDATA[2019-11-14 09:52:58 - [TEST_CASE][PASSED] - Test Cases/Checkatrade_Tradesman_Searches/Trade_Location_Search: Test Cases/Checkatrade_Tradesman_Searches/Trade_Location_Search

2019-11-14 09:52:59 - [TEST_STEP][PASSED] - for ([row = 1, row <= findTestData("searchTestData").getRowNumbers(), (internal.GlobalVariable.row++)]): Call Test Case 'Test Cases/Reusable_Test_Sequences/CAT_Teardown' successfully

2019-11-14 09:53:01 - [TEST_STEP][PASSED] - callTestCase(findTestCase("Reusable_Test_Sequences/CAT_Setup"), [:], OPTIONAL): Call Test Case 'Test Cases/Reusable_Test_Sequences/CAT_Setup' successfully

2019-11-14 09:53:01 - [TEST_CASE][PASSED] - Test Cases/Reusable_Test_Sequences/CAT_Setup: Test Cases/Reusable_Test_Sequences/CAT_Setup

2019-11-14 09:53:02 - [TEST_STEP][PASSED] - "URL - Set from the ENVIRONMENT PROFILE ": null

2019-11-14 09:53:02 - [TEST_STEP][PASSED] - openBrowser(URL): Browser is opened with url: 'https://www.preview.checkatrade.com/'

2019-11-14 09:53:03 - [MESSAGE][INFO] - Starting 'Chrome' driver

2019-11-14 09:53:03 - [MESSAGE][INFO] - Action delay is set to 0 seconds

2019-11-14 09:53:28 - [MESSAGE][PASSED] - Browser is opened with url: 'https://www.preview.checkatrade.com/'

2019-11-14 09:53:28 - [TEST_STEP][PASSED] - maximizeWindow(): Current window maximized

2019-11-14 09:53:33 - [MESSAGE][PASSED] - Current window maximized

2019-11-14 09:53:33 - [TEST_STEP][PASSED] - waitForPageLoad(60): Wait for page load successfully

2019-11-14 09:53:34 - [MESSAGE][PASSED] - Wait for page load successfully

2019-11-14 09:53:34 - [TEST_STEP][PASSED] - waitForElementVisible(findTestObject("Page_Checkatrade Find a tradesperson you can trust/a_Search"), 25): Object 'Object Repository/Page_Checkatrade Find a tradesperson you can trust/a_Search' is visible

2019-11-14 09:53:35 - [MESSAGE][PASSED] - Object 'Object Repository/Page_Checkatrade Find a tradesperson you can trust/a_Search' is visible

2019-11-14 09:53:35 - [TEST_STEP][PASSED] - try: null

2019-11-14 09:53:35 - [TEST_STEP][PASSED] - if (verifyElementPresent(findTestObject("Page_Checkatrade Find a tradesperson you can trust/div_close"), 1, OPTIONAL)): null

2019-11-14 09:53:36 - [MESSAGE][PASSED] - Object 'Object Repository/Page_Checkatrade Find a tradesperson you can trust/div_close' is present

2019-11-14 09:53:36 - [TEST_STEP][PASSED] - click(findTestObject("Page_Checkatrade Find a tradesperson you can trust/div_close")): Object: 'Object Repository/Page_Checkatrade Find a tradesperson you can trust/div_close' is clicked on

2019-11-14 09:53:38 - [MESSAGE][PASSED] - Object: 'Object Repository/Page_Checkatrade Find a tradesperson you can trust/div_close' is clicked on

2019-11-14 09:53:38 - [TEST_STEP][PASSED] - "---------------------------------": null

2019-11-14 09:53:38 - [TEST_STEP][PASSED] - "COOKIE POPOUT REMOVED - Confirmed": null

2019-11-14 09:53:38 - [TEST_STEP][PASSED] - delay(1): Delayed 1 second(s)

2019-11-14 09:53:39 - [MESSAGE][PASSED] - Delayed 1 second(s)

2019-11-14 09:53:39 - [TEST_STEP][PASSED] - verifyTextNotPresent("Checkatrade.com uses cookies to make sure you get the best browsing experience", false): Text 'Checkatrade.com uses cookies to make sure you get the best browsing experience' is not present on page

2019-11-14 09:53:39 - [MESSAGE][PASSED] - Text 'Checkatrade.com uses cookies to make sure you get the best browsing experience' is not present on page

2019-11-14 09:53:39 - [TEST_STEP][PASSED] - try: null

2019-11-14 09:53:39 - [TEST_STEP][PASSED] - if (verifyElementPresent(findTestObject("Page_Checkatrade Find a tradesperson you can trust/div_close_1"), 1, OPTIONAL)): null

2019-11-14 09:53:39 - [MESSAGE][PASSED] - Object 'Object Repository/Page_Checkatrade Find a tradesperson you can trust/div_close_1' is present

2019-11-14 09:53:39 - [TEST_STEP][PASSED] - click(findTestObject("Page_Checkatrade Find a tradesperson you can trust/div_close_1")): Object: 'Object Repository/Page_Checkatrade Find a tradesperson you can trust/div_close_1' is clicked on

2019-11-14 09:53:39 - [MESSAGE][PASSED] - Object: 'Object Repository/Page_Checkatrade Find a tradesperson you can trust/div_close_1' is clicked on

2019-11-14 09:53:39 - [TEST_STEP][PASSED] - "---------------------------------": null

2019-11-14 09:53:39 - [TEST_STEP][PASSED] - "PRIVACY POPOUT REMOVED - Confirmed": null

2019-11-14 09:53:39 - [TEST_STEP][PASSED] - delay(1): Delayed 1 second(s)

2019-11-14 09:53:40 - [MESSAGE][PASSED] - Delayed 1 second(s)

2019-11-14 09:53:40 - [TEST_STEP][PASSED] - verifyTextNotPresent("We have updated our Privacy Policy, please review this", false): Text 'We have updated our Privacy Policy, please review this' is not present on page

2019-11-14 09:53:41 - [MESSAGE][PASSED] - Text 'We have updated our Privacy Policy, please review this' is not present on page

2019-11-14 09:53:41 - [MESSAGE][PASSED] - Call Test Case 'Test Cases/Reusable_Test_Sequences/CAT_Setup' successfully

2019-11-14 09:53:41 - [TEST_STEP][PASSED] - "---------------------------------------": null

2019-11-14 09:53:41 - [TEST_STEP][PASSED] - " Set and SEARCH TRADE CLASSIFICATION   |": null

2019-11-14 09:53:41 - [TEST_STEP][PASSED] - callTestCase(findTestCase("Reusable_Test_Sequences/CAT_Enter_Trade_Classification"), [:], CONTINUE_ON_FAILURE): Call Test Case 'Test Cases/Reusable_Test_Sequences/CAT_Enter_Trade_Classification' successfully

2019-11-14 09:53:41 - [TEST_CASE][PASSED] - Test Cases/Reusable_Test_Sequences/CAT_Enter_Trade_Classification: Test Cases/Reusable_Test_Sequences/CAT_Enter_Trade_Classification

2019-11-14 09:53:42 - [TEST_STEP][PASSED] - "---------------------------------": null

2019-11-14 09:53:42 - [TEST_STEP][PASSED] - "Set and SEARCH SELECTED TRADE": null

2019-11-14 09:53:42 - [TEST_STEP][PASSED] - click(findTestObject("Object Repository/Checkatrade_Trade_Search_Page/Page_Checkatrade Find a tradesperson you can trust/input_Search_Button_FF")): Object: 'Object Repository/Checkatrade_Trade_Search_Page/Page_Checkatrade Find a tradesperson you can trust/input_Search_Button_FF' is clicked on

2019-11-14 09:53:42 - [MESSAGE][PASSED] - Object: 'Object Repository/Checkatrade_Trade_Search_Page/Page_Checkatrade Find a tradesperson you can trust/input_Search_Button_FF' is clicked on

2019-11-14 09:53:42 - [TEST_STEP][PASSED] - setText(findTestObject("Object Repository/Checkatrade_Trade_Search_Page/Page_Checkatrade Find a tradesperson you can trust/input_Search_Button_FF"), findTestData("searchTestData").getValue("tradeClassification", row)): Text 'Tree Surgeon' is set on object 'Object Repository/Checkatrade_Trade_Search_Page/Page_Checkatrade Find a tradesperson you can trust/input_Search_Button_FF'

2019-11-14 09:53:44 - [MESSAGE][PASSED] - Text 'Tree Surgeon' is set on object 'Object Repository/Checkatrade_Trade_Search_Page/Page_Checkatrade Find a tradesperson you can trust/input_Search_Button_FF'

2019-11-14 09:53:44 - [MESSAGE][PASSED] - Call Test Case 'Test Cases/Reusable_Test_Sequences/CAT_Enter_Trade_Classification' successfully

2019-11-14 09:53:44 - [TEST_STEP][PASSED] - "---------------------------------------": null

2019-11-14 09:53:44 - [TEST_STEP][PASSED] - " Set and SEARCH TRADE LOCATION         |": null

2019-11-14 09:53:44 - [TEST_STEP][PASSED] - callTestCase(findTestCase("Reusable_Test_Sequences/CAT_Enter_Trade_Location"), [:], CONTINUE_ON_FAILURE): Call Test Case 'Test Cases/Reusable_Test_Sequences/CAT_Enter_Trade_Location' successfully

2019-11-14 09:53:44 - [TEST_CASE][PASSED] - Test Cases/Reusable_Test_Sequences/CAT_Enter_Trade_Location: Test Cases/Reusable_Test_Sequences/CAT_Enter_Trade_Location

2019-11-14 09:53:44 - [TEST_STEP][PASSED] - "---------------------------------": null

2019-11-14 09:53:44 - [TEST_STEP][PASSED] - "Set and SEARCH SELECTED LOCATION |": null

2019-11-14 09:53:44 - [TEST_STEP][PASSED] - click(findTestObject("Object Repository/Checkatrade_Trade_Search_Page/Page_Checkatrade Find a tradesperson you can trust/input_Not here_location")): Object: 'Object Repository/Checkatrade_Trade_Search_Page/Page_Checkatrade Find a tradesperson you can trust/input_Not here_location' is clicked on

2019-11-14 09:53:45 - [MESSAGE][PASSED] - Object: 'Object Repository/Checkatrade_Trade_Search_Page/Page_Checkatrade Find a tradesperson you can trust/input_Not here_location' is clicked on

2019-11-14 09:53:45 - [TEST_STEP][PASSED] - setText(findTestObject("Object Repository/Checkatrade_Trade_Search_Page/Page_Checkatrade Find a tradesperson you can trust/input_Not here_location"), findTestData("searchTestData").getValue("tradeLocation", row)): Text 'Gosport' is set on object 'Object Repository/Checkatrade_Trade_Search_Page/Page_Checkatrade Find a tradesperson you can trust/input_Not here_location'

2019-11-14 09:53:45 - [MESSAGE][PASSED] - Text 'Gosport' is set on object 'Object Repository/Checkatrade_Trade_Search_Page/Page_Checkatrade Find a tradesperson you can trust/input_Not here_location'

2019-11-14 09:53:45 - [MESSAGE][PASSED] - Call Test Case 'Test Cases/Reusable_Test_Sequences/CAT_Enter_Trade_Location' successfully

2019-11-14 09:53:45 - [TEST_STEP][PASSED] - "---------------------------------------": null

2019-11-14 09:53:45 - [TEST_STEP][PASSED] - " Scroll Search Button into View        |": null

2019-11-14 09:53:45 - [TEST_STEP][PASSED] - "---------------------------------------": null

2019-11-14 09:53:45 - [TEST_STEP][PASSED] - "---------------------------------------": null

2019-11-14 09:53:45 - [TEST_STEP][PASSED] - " Hit Search Button                     |": null

2019-11-14 09:53:45 - [TEST_STEP][PASSED] - callTestCase(findTestCase("Reusable_Test_Sequences/CAT_Hit_Search_Button"), [:], CONTINUE_ON_FAILURE): Call Test Case 'Test Cases/Reusable_Test_Sequences/CAT_Hit_Search_Button' successfully

2019-11-14 09:53:45 - [TEST_CASE][PASSED] - Test Cases/Reusable_Test_Sequences/CAT_Hit_Search_Button: Test Cases/Reusable_Test_Sequences/CAT_Hit_Search_Button

2019-11-14 09:53:46 - [TEST_STEP][PASSED] - "---------------------------------": null

2019-11-14 09:53:46 - [TEST_STEP][PASSED] - "HIT SEARCH": null

2019-11-14 09:53:46 - [TEST_STEP][PASSED] - "---------------------------------": null

2019-11-14 09:53:46 - [TEST_STEP][PASSED] - waitForElementClickable(findTestObject("Object Repository/Checkatrade_Trade_Search_Page/Page_Checkatrade Find a tradesperson you can trust/a_Search"), 25): Object 'Object Repository/Checkatrade_Trade_Search_Page/Page_Checkatrade Find a tradesperson you can trust/a_Search' is clickable

2019-11-14 09:53:46 - [MESSAGE][PASSED] - Object 'Object Repository/Checkatrade_Trade_Search_Page/Page_Checkatrade Find a tradesperson you can trust/a_Search' is clickable

2019-11-14 09:53:46 - [TEST_STEP][PASSED] - click(findTestObject("Object Repository/Checkatrade_Trade_Search_Page/Page_Checkatrade Find a tradesperson you can trust/a_Search")): Object: 'Object Repository/Checkatrade_Trade_Search_Page/Page_Checkatrade Find a tradesperson you can trust/a_Search' is clicked on

2019-11-14 09:53:52 - [MESSAGE][PASSED] - Object: 'Object Repository/Checkatrade_Trade_Search_Page/Page_Checkatrade Find a tradesperson you can trust/a_Search' is clicked on

2019-11-14 09:53:52 - [MESSAGE][PASSED] - Call Test Case 'Test Cases/Reusable_Test_Sequences/CAT_Hit_Search_Button' successfully

2019-11-14 09:53:52 - [TEST_STEP][PASSED] - "---------------------------------------": null

2019-11-14 09:53:52 - [TEST_STEP][PASSED] - " Verify Returned Page is as Expected   |": null

2019-11-14 09:53:52 - [TEST_STEP][PASSED] - callTestCase(findTestCase("Reusable_Test_Sequences/CAT_Verification"), [:], CONTINUE_ON_FAILURE): Call Test Case 'Test Cases/Reusable_Test_Sequences/CAT_Verification' successfully

2019-11-14 09:53:52 - [TEST_CASE][PASSED] - Test Cases/Reusable_Test_Sequences/CAT_Verification: Test Cases/Reusable_Test_Sequences/CAT_Verification

2019-11-14 09:53:53 - [TEST_STEP][PASSED] - "Expected cantantenated text is Returned": null

2019-11-14 09:53:53 - [TEST_STEP][PASSED] - delay(3): Delayed 3 second(s)

2019-11-14 09:53:56 - [MESSAGE][PASSED] - Delayed 3 second(s)

2019-11-14 09:53:56 - [TEST_STEP][PASSED] - waitForElementVisible(findTestObject("Checkatrade_Trade_Search_page/Page_Checkatrade Find a tradesperson you can trust/a_Search"), 120): Object 'Object Repository/Checkatrade_Trade_Search_page/Page_Checkatrade Find a tradesperson you can trust/a_Search' is visible

2019-11-14 09:53:56 - [MESSAGE][PASSED] - Object 'Object Repository/Checkatrade_Trade_Search_page/Page_Checkatrade Find a tradesperson you can trust/a_Search' is visible

2019-11-14 09:53:56 - [TEST_STEP][PASSED] - verifyTextPresent(findTestData("searchTestData").getValue("tradeClassification", row), false): Text 'Tree Surgeon' is present on page 

2019-11-14 09:53:57 - [MESSAGE][PASSED] - Text 'Tree Surgeon' is present on page 

2019-11-14 09:53:57 - [TEST_STEP][PASSED] - verifyTextPresent(findTestData("searchTestData").getValue("tradeLocation", row), false): Text 'Gosport' is present on page 

2019-11-14 09:53:58 - [MESSAGE][PASSED] - Text 'Gosport' is present on page 

2019-11-14 09:53:58 - [MESSAGE][PASSED] - Call Test Case 'Test Cases/Reusable_Test_Sequences/CAT_Verification' successfully

2019-11-14 09:53:58 - [TEST_STEP][PASSED] - "--------------------------": null

2019-11-14 09:53:58 - [TEST_STEP][PASSED] - " Teardown - CLose Browser |": null

2019-11-14 09:53:58 - [TEST_STEP][PASSED] - callTestCase(findTestCase("Reusable_Test_Sequences/CAT_Teardown"), [:], OPTIONAL): Call Test Case 'Test Cases/Reusable_Test_Sequences/CAT_Teardown' successfully

2019-11-14 09:53:58 - [TEST_CASE][PASSED] - Test Cases/Reusable_Test_Sequences/CAT_Teardown: Test Cases/Reusable_Test_Sequences/CAT_Teardown

2019-11-14 09:53:59 - [TEST_STEP][PASSED] - closeBrowser(): Browser is closed

2019-11-14 09:54:00 - [MESSAGE][PASSED] - Browser is closed

2019-11-14 09:54:00 - [MESSAGE][PASSED] - Call Test Case 'Test Cases/Reusable_Test_Sequences/CAT_Teardown' successfully

2019-11-14 09:54:00 - [TEST_STEP][PASSED] - callTestCase(findTestCase("Reusable_Test_Sequences/CAT_Setup"), [:], OPTIONAL): Call Test Case 'Test Cases/Reusable_Test_Sequences/CAT_Setup' successfully

2019-11-14 09:54:00 - [TEST_CASE][PASSED] - Test Cases/Reusable_Test_Sequences/CAT_Setup: Test Cases/Reusable_Test_Sequences/CAT_Setup

2019-11-14 09:54:00 - [TEST_STEP][PASSED] - "URL - Set from the ENVIRONMENT PROFILE ": null

2019-11-14 09:54:00 - [TEST_STEP][PASSED] - openBrowser(URL): Browser is opened with url: 'https://www.preview.checkatrade.com/'

2019-11-14 09:54:00 - [MESSAGE][INFO] - Starting 'Chrome' driver

2019-11-14 09:54:13 - [MESSAGE][PASSED] - Browser is opened with url: 'https://www.preview.checkatrade.com/'

2019-11-14 09:54:13 - [TEST_STEP][PASSED] - maximizeWindow(): Current window maximized

2019-11-14 09:54:18 - [MESSAGE][PASSED] - Current window maximized

2019-11-14 09:54:18 - [TEST_STEP][PASSED] - waitForPageLoad(60): Wait for page load successfully

2019-11-14 09:54:18 - [MESSAGE][PASSED] - Wait for page load successfully

2019-11-14 09:54:18 - [TEST_STEP][PASSED] - waitForElementVisible(findTestObject("Page_Checkatrade Find a tradesperson you can trust/a_Search"), 25): Object 'Object Repository/Page_Checkatrade Find a tradesperson you can trust/a_Search' is visible

2019-11-14 09:54:18 - [MESSAGE][PASSED] - Object 'Object Repository/Page_Checkatrade Find a tradesperson you can trust/a_Search' is visible

2019-11-14 09:54:18 - [TEST_STEP][PASSED] - try: null

2019-11-14 09:54:18 - [TEST_STEP][PASSED] - if (verifyElementPresent(findTestObject("Page_Checkatrade Find a tradesperson you can trust/div_close"), 1, OPTIONAL)): null

2019-11-14 09:54:18 - [MESSAGE][PASSED] - Object 'Object Repository/Page_Checkatrade Find a tradesperson you can trust/div_close' is present

2019-11-14 09:54:18 - [TEST_STEP][PASSED] - click(findTestObject("Page_Checkatrade Find a tradesperson you can trust/div_close")): Object: 'Object Repository/Page_Checkatrade Find a tradesperson you can trust/div_close' is clicked on

2019-11-14 09:54:19 - [MESSAGE][PASSED] - Object: 'Object Repository/Page_Checkatrade Find a tradesperson you can trust/div_close' is clicked on

2019-11-14 09:54:19 - [TEST_STEP][PASSED] - "---------------------------------": null

2019-11-14 09:54:19 - [TEST_STEP][PASSED] - "COOKIE POPOUT REMOVED - Confirmed": null

2019-11-14 09:54:19 - [TEST_STEP][PASSED] - delay(1): Delayed 1 second(s)

2019-11-14 09:54:20 - [MESSAGE][PASSED] - Delayed 1 second(s)

2019-11-14 09:54:20 - [TEST_STEP][PASSED] - verifyTextNotPresent("Checkatrade.com uses cookies to make sure you get the best browsing experience", false): Text 'Checkatrade.com uses cookies to make sure you get the best browsing experience' is not present on page

2019-11-14 09:54:20 - [MESSAGE][PASSED] - Text 'Checkatrade.com uses cookies to make sure you get the best browsing experience' is not present on page

2019-11-14 09:54:20 - [TEST_STEP][PASSED] - try: null

2019-11-14 09:54:20 - [TEST_STEP][PASSED] - if (verifyElementPresent(findTestObject("Page_Checkatrade Find a tradesperson you can trust/div_close_1"), 1, OPTIONAL)): null

2019-11-14 09:54:20 - [MESSAGE][PASSED] - Object 'Object Repository/Page_Checkatrade Find a tradesperson you can trust/div_close_1' is present

2019-11-14 09:54:20 - [TEST_STEP][PASSED] - click(findTestObject("Page_Checkatrade Find a tradesperson you can trust/div_close_1")): Object: 'Object Repository/Page_Checkatrade Find a tradesperson you can trust/div_close_1' is clicked on

2019-11-14 09:54:20 - [MESSAGE][PASSED] - Object: 'Object Repository/Page_Checkatrade Find a tradesperson you can trust/div_close_1' is clicked on

2019-11-14 09:54:20 - [TEST_STEP][PASSED] - "---------------------------------": null

2019-11-14 09:54:20 - [TEST_STEP][PASSED] - "PRIVACY POPOUT REMOVED - Confirmed": null

2019-11-14 09:54:20 - [TEST_STEP][PASSED] - delay(1): Delayed 1 second(s)

2019-11-14 09:54:22 - [MESSAGE][PASSED] - Delayed 1 second(s)

2019-11-14 09:54:22 - [TEST_STEP][PASSED] - verifyTextNotPresent("We have updated our Privacy Policy, please review this", false): Text 'We have updated our Privacy Policy, please review this' is not present on page

2019-11-14 09:54:22 - [MESSAGE][PASSED] - Text 'We have updated our Privacy Policy, please review this' is not present on page

2019-11-14 09:54:22 - [MESSAGE][PASSED] - Call Test Case 'Test Cases/Reusable_Test_Sequences/CAT_Setup' successfully

2019-11-14 09:54:22 - [TEST_STEP][PASSED] - "---------------------------------------": null

2019-11-14 09:54:22 - [TEST_STEP][PASSED] - " Set and SEARCH TRADE CLASSIFICATION   |": null

2019-11-14 09:54:22 - [TEST_STEP][PASSED] - callTestCase(findTestCase("Reusable_Test_Sequences/CAT_Enter_Trade_Classification"), [:], CONTINUE_ON_FAILURE): Call Test Case 'Test Cases/Reusable_Test_Sequences/CAT_Enter_Trade_Classification' successfully

2019-11-14 09:54:22 - [TEST_CASE][PASSED] - Test Cases/Reusable_Test_Sequences/CAT_Enter_Trade_Classification: Test Cases/Reusable_Test_Sequences/CAT_Enter_Trade_Classification

2019-11-14 09:54:22 - [TEST_STEP][PASSED] - "---------------------------------": null

2019-11-14 09:54:22 - [TEST_STEP][PASSED] - "Set and SEARCH SELECTED TRADE": null

2019-11-14 09:54:22 - [TEST_STEP][PASSED] - click(findTestObject("Object Repository/Checkatrade_Trade_Search_Page/Page_Checkatrade Find a tradesperson you can trust/input_Search_Button_FF")): Object: 'Object Repository/Checkatrade_Trade_Search_Page/Page_Checkatrade Find a tradesperson you can trust/input_Search_Button_FF' is clicked on

2019-11-14 09:54:23 - [MESSAGE][PASSED] - Object: 'Object Repository/Checkatrade_Trade_Search_Page/Page_Checkatrade Find a tradesperson you can trust/input_Search_Button_FF' is clicked on

2019-11-14 09:54:23 - [TEST_STEP][PASSED] - setText(findTestObject("Object Repository/Checkatrade_Trade_Search_Page/Page_Checkatrade Find a tradesperson you can trust/input_Search_Button_FF"), findTestData("searchTestData").getValue("tradeClassification", row)): Text 'Tree Surgeon' is set on object 'Object Repository/Checkatrade_Trade_Search_Page/Page_Checkatrade Find a tradesperson you can trust/input_Search_Button_FF'

2019-11-14 09:54:25 - [MESSAGE][PASSED] - Text 'Tree Surgeon' is set on object 'Object Repository/Checkatrade_Trade_Search_Page/Page_Checkatrade Find a tradesperson you can trust/input_Search_Button_FF'

2019-11-14 09:54:25 - [MESSAGE][PASSED] - Call Test Case 'Test Cases/Reusable_Test_Sequences/CAT_Enter_Trade_Classification' successfully

2019-11-14 09:54:25 - [TEST_STEP][PASSED] - "---------------------------------------": null

2019-11-14 09:54:25 - [TEST_STEP][PASSED] - " Set and SEARCH TRADE LOCATION         |": null

2019-11-14 09:54:25 - [TEST_STEP][PASSED] - callTestCase(findTestCase("Reusable_Test_Sequences/CAT_Enter_Trade_Location"), [:], CONTINUE_ON_FAILURE): Call Test Case 'Test Cases/Reusable_Test_Sequences/CAT_Enter_Trade_Location' successfully

2019-11-14 09:54:25 - [TEST_CASE][PASSED] - Test Cases/Reusable_Test_Sequences/CAT_Enter_Trade_Location: Test Cases/Reusable_Test_Sequences/CAT_Enter_Trade_Location

2019-11-14 09:54:26 - [TEST_STEP][PASSED] - "---------------------------------": null

2019-11-14 09:54:26 - [TEST_STEP][PASSED] - "Set and SEARCH SELECTED LOCATION |": null

2019-11-14 09:54:26 - [TEST_STEP][PASSED] - click(findTestObject("Object Repository/Checkatrade_Trade_Search_Page/Page_Checkatrade Find a tradesperson you can trust/input_Not here_location")): Object: 'Object Repository/Checkatrade_Trade_Search_Page/Page_Checkatrade Find a tradesperson you can trust/input_Not here_location' is clicked on

2019-11-14 09:54:27 - [MESSAGE][PASSED] - Object: 'Object Repository/Checkatrade_Trade_Search_Page/Page_Checkatrade Find a tradesperson you can trust/input_Not here_location' is clicked on

2019-11-14 09:54:27 - [TEST_STEP][PASSED] - setText(findTestObject("Object Repository/Checkatrade_Trade_Search_Page/Page_Checkatrade Find a tradesperson you can trust/input_Not here_location"), findTestData("searchTestData").getValue("tradeLocation", row)): Text 'PO12 2HE' is set on object 'Object Repository/Checkatrade_Trade_Search_Page/Page_Checkatrade Find a tradesperson you can trust/input_Not here_location'

2019-11-14 09:54:27 - [MESSAGE][PASSED] - Text 'PO12 2HE' is set on object 'Object Repository/Checkatrade_Trade_Search_Page/Page_Checkatrade Find a tradesperson you can trust/input_Not here_location'

2019-11-14 09:54:27 - [MESSAGE][PASSED] - Call Test Case 'Test Cases/Reusable_Test_Sequences/CAT_Enter_Trade_Location' successfully

2019-11-14 09:54:27 - [TEST_STEP][PASSED] - "---------------------------------------": null

2019-11-14 09:54:27 - [TEST_STEP][PASSED] - " Scroll Search Button into View        |": null

2019-11-14 09:54:27 - [TEST_STEP][PASSED] - "---------------------------------------": null

2019-11-14 09:54:27 - [TEST_STEP][PASSED] - "---------------------------------------": null

2019-11-14 09:54:27 - [TEST_STEP][PASSED] - " Hit Search Button                     |": null

2019-11-14 09:54:27 - [TEST_STEP][PASSED] - callTestCase(findTestCase("Reusable_Test_Sequences/CAT_Hit_Search_Button"), [:], CONTINUE_ON_FAILURE): Call Test Case 'Test Cases/Reusable_Test_Sequences/CAT_Hit_Search_Button' successfully

2019-11-14 09:54:27 - [TEST_CASE][PASSED] - Test Cases/Reusable_Test_Sequences/CAT_Hit_Search_Button: Test Cases/Reusable_Test_Sequences/CAT_Hit_Search_Button

2019-11-14 09:54:27 - [TEST_STEP][PASSED] - "---------------------------------": null

2019-11-14 09:54:27 - [TEST_STEP][PASSED] - "HIT SEARCH": null

2019-11-14 09:54:27 - [TEST_STEP][PASSED] - "---------------------------------": null

2019-11-14 09:54:27 - [TEST_STEP][PASSED] - waitForElementClickable(findTestObject("Object Repository/Checkatrade_Trade_Search_Page/Page_Checkatrade Find a tradesperson you can trust/a_Search"), 25): Object 'Object Repository/Checkatrade_Trade_Search_Page/Page_Checkatrade Find a tradesperson you can trust/a_Search' is clickable

2019-11-14 09:54:28 - [MESSAGE][PASSED] - Object 'Object Repository/Checkatrade_Trade_Search_Page/Page_Checkatrade Find a tradesperson you can trust/a_Search' is clickable

2019-11-14 09:54:28 - [TEST_STEP][PASSED] - click(findTestObject("Object Repository/Checkatrade_Trade_Search_Page/Page_Checkatrade Find a tradesperson you can trust/a_Search")): Object: 'Object Repository/Checkatrade_Trade_Search_Page/Page_Checkatrade Find a tradesperson you can trust/a_Search' is clicked on

2019-11-14 09:54:34 - [MESSAGE][PASSED] - Object: 'Object Repository/Checkatrade_Trade_Search_Page/Page_Checkatrade Find a tradesperson you can trust/a_Search' is clicked on

2019-11-14 09:54:34 - [MESSAGE][PASSED] - Call Test Case 'Test Cases/Reusable_Test_Sequences/CAT_Hit_Search_Button' successfully

2019-11-14 09:54:34 - [TEST_STEP][PASSED] - "---------------------------------------": null

2019-11-14 09:54:34 - [TEST_STEP][PASSED] - " Verify Returned Page is as Expected   |": null

2019-11-14 09:54:34 - [TEST_STEP][PASSED] - callTestCase(findTestCase("Reusable_Test_Sequences/CAT_Verification"), [:], CONTINUE_ON_FAILURE): Call Test Case 'Test Cases/Reusable_Test_Sequences/CAT_Verification' successfully

2019-11-14 09:54:34 - [TEST_CASE][PASSED] - Test Cases/Reusable_Test_Sequences/CAT_Verification: Test Cases/Reusable_Test_Sequences/CAT_Verification

2019-11-14 09:54:34 - [TEST_STEP][PASSED] - "Expected cantantenated text is Returned": null

2019-11-14 09:54:34 - [TEST_STEP][PASSED] - delay(3): Delayed 3 second(s)

2019-11-14 09:54:37 - [MESSAGE][PASSED] - Delayed 3 second(s)

2019-11-14 09:54:37 - [TEST_STEP][PASSED] - waitForElementVisible(findTestObject("Checkatrade_Trade_Search_page/Page_Checkatrade Find a tradesperson you can trust/a_Search"), 120): Object 'Object Repository/Checkatrade_Trade_Search_page/Page_Checkatrade Find a tradesperson you can trust/a_Search' is visible

2019-11-14 09:54:38 - [MESSAGE][PASSED] - Object 'Object Repository/Checkatrade_Trade_Search_page/Page_Checkatrade Find a tradesperson you can trust/a_Search' is visible

2019-11-14 09:54:38 - [TEST_STEP][PASSED] - verifyTextPresent(findTestData("searchTestData").getValue("tradeClassification", row), false): Text 'Tree Surgeon' is present on page 

2019-11-14 09:54:39 - [MESSAGE][PASSED] - Text 'Tree Surgeon' is present on page 

2019-11-14 09:54:39 - [TEST_STEP][PASSED] - verifyTextPresent(findTestData("searchTestData").getValue("tradeLocation", row), false): Text 'PO12 2HE' is present on page 

2019-11-14 09:54:40 - [MESSAGE][PASSED] - Text 'PO12 2HE' is present on page 

2019-11-14 09:54:40 - [MESSAGE][PASSED] - Call Test Case 'Test Cases/Reusable_Test_Sequences/CAT_Verification' successfully

2019-11-14 09:54:40 - [TEST_STEP][PASSED] - "--------------------------": null

2019-11-14 09:54:40 - [TEST_STEP][PASSED] - " Teardown - CLose Browser |": null

2019-11-14 09:54:40 - [TEST_STEP][PASSED] - callTestCase(findTestCase("Reusable_Test_Sequences/CAT_Teardown"), [:], OPTIONAL): Call Test Case 'Test Cases/Reusable_Test_Sequences/CAT_Teardown' successfully

2019-11-14 09:54:40 - [TEST_CASE][PASSED] - Test Cases/Reusable_Test_Sequences/CAT_Teardown: Test Cases/Reusable_Test_Sequences/CAT_Teardown

2019-11-14 09:54:40 - [TEST_STEP][PASSED] - closeBrowser(): Browser is closed

2019-11-14 09:54:42 - [MESSAGE][PASSED] - Browser is closed

2019-11-14 09:54:42 - [MESSAGE][PASSED] - Call Test Case 'Test Cases/Reusable_Test_Sequences/CAT_Teardown' successfully

2019-11-14 09:54:42 - [TEST_STEP][PASSED] - callTestCase(findTestCase("Reusable_Test_Sequences/CAT_Setup"), [:], OPTIONAL): Call Test Case 'Test Cases/Reusable_Test_Sequences/CAT_Setup' successfully

2019-11-14 09:54:42 - [TEST_CASE][PASSED] - Test Cases/Reusable_Test_Sequences/CAT_Setup: Test Cases/Reusable_Test_Sequences/CAT_Setup

2019-11-14 09:54:42 - [TEST_STEP][PASSED] - "URL - Set from the ENVIRONMENT PROFILE ": null

2019-11-14 09:54:42 - [TEST_STEP][PASSED] - openBrowser(URL): Browser is opened with url: 'https://www.preview.checkatrade.com/'

2019-11-14 09:54:42 - [MESSAGE][INFO] - Starting 'Chrome' driver

2019-11-14 09:54:59 - [MESSAGE][PASSED] - Browser is opened with url: 'https://www.preview.checkatrade.com/'

2019-11-14 09:54:59 - [TEST_STEP][PASSED] - maximizeWindow(): Current window maximized

2019-11-14 09:55:04 - [MESSAGE][PASSED] - Current window maximized

2019-11-14 09:55:04 - [TEST_STEP][PASSED] - waitForPageLoad(60): Wait for page load successfully

2019-11-14 09:55:04 - [MESSAGE][PASSED] - Wait for page load successfully

2019-11-14 09:55:04 - [TEST_STEP][PASSED] - waitForElementVisible(findTestObject("Page_Checkatrade Find a tradesperson you can trust/a_Search"), 25): Object 'Object Repository/Page_Checkatrade Find a tradesperson you can trust/a_Search' is visible

2019-11-14 09:55:04 - [MESSAGE][PASSED] - Object 'Object Repository/Page_Checkatrade Find a tradesperson you can trust/a_Search' is visible

2019-11-14 09:55:04 - [TEST_STEP][PASSED] - try: null

2019-11-14 09:55:04 - [TEST_STEP][PASSED] - if (verifyElementPresent(findTestObject("Page_Checkatrade Find a tradesperson you can trust/div_close"), 1, OPTIONAL)): null

2019-11-14 09:55:04 - [MESSAGE][PASSED] - Object 'Object Repository/Page_Checkatrade Find a tradesperson you can trust/div_close' is present

2019-11-14 09:55:04 - [TEST_STEP][PASSED] - click(findTestObject("Page_Checkatrade Find a tradesperson you can trust/div_close")): Object: 'Object Repository/Page_Checkatrade Find a tradesperson you can trust/div_close' is clicked on

2019-11-14 09:55:05 - [MESSAGE][PASSED] - Object: 'Object Repository/Page_Checkatrade Find a tradesperson you can trust/div_close' is clicked on

2019-11-14 09:55:05 - [TEST_STEP][PASSED] - "---------------------------------": null

2019-11-14 09:55:05 - [TEST_STEP][PASSED] - "COOKIE POPOUT REMOVED - Confirmed": null

2019-11-14 09:55:05 - [TEST_STEP][PASSED] - delay(1): Delayed 1 second(s)

2019-11-14 09:55:06 - [MESSAGE][PASSED] - Delayed 1 second(s)

2019-11-14 09:55:06 - [TEST_STEP][PASSED] - verifyTextNotPresent("Checkatrade.com uses cookies to make sure you get the best browsing experience", false): Text 'Checkatrade.com uses cookies to make sure you get the best browsing experience' is not present on page

2019-11-14 09:55:06 - [MESSAGE][PASSED] - Text 'Checkatrade.com uses cookies to make sure you get the best browsing experience' is not present on page

2019-11-14 09:55:06 - [TEST_STEP][PASSED] - try: null

2019-11-14 09:55:06 - [TEST_STEP][PASSED] - if (verifyElementPresent(findTestObject("Page_Checkatrade Find a tradesperson you can trust/div_close_1"), 1, OPTIONAL)): null

2019-11-14 09:55:06 - [MESSAGE][PASSED] - Object 'Object Repository/Page_Checkatrade Find a tradesperson you can trust/div_close_1' is present

2019-11-14 09:55:06 - [TEST_STEP][PASSED] - click(findTestObject("Page_Checkatrade Find a tradesperson you can trust/div_close_1")): Object: 'Object Repository/Page_Checkatrade Find a tradesperson you can trust/div_close_1' is clicked on

2019-11-14 09:55:06 - [MESSAGE][PASSED] - Object: 'Object Repository/Page_Checkatrade Find a tradesperson you can trust/div_close_1' is clicked on

2019-11-14 09:55:06 - [TEST_STEP][PASSED] - "---------------------------------": null

2019-11-14 09:55:06 - [TEST_STEP][PASSED] - "PRIVACY POPOUT REMOVED - Confirmed": null

2019-11-14 09:55:06 - [TEST_STEP][PASSED] - delay(1): Delayed 1 second(s)

2019-11-14 09:55:07 - [MESSAGE][PASSED] - Delayed 1 second(s)

2019-11-14 09:55:07 - [TEST_STEP][PASSED] - verifyTextNotPresent("We have updated our Privacy Policy, please review this", false): Text 'We have updated our Privacy Policy, please review this' is not present on page

2019-11-14 09:55:08 - [MESSAGE][PASSED] - Text 'We have updated our Privacy Policy, please review this' is not present on page

2019-11-14 09:55:08 - [MESSAGE][PASSED] - Call Test Case 'Test Cases/Reusable_Test_Sequences/CAT_Setup' successfully

2019-11-14 09:55:08 - [TEST_STEP][PASSED] - "---------------------------------------": null

2019-11-14 09:55:08 - [TEST_STEP][PASSED] - " Set and SEARCH TRADE CLASSIFICATION   |": null

2019-11-14 09:55:08 - [TEST_STEP][PASSED] - callTestCase(findTestCase("Reusable_Test_Sequences/CAT_Enter_Trade_Classification"), [:], CONTINUE_ON_FAILURE): Call Test Case 'Test Cases/Reusable_Test_Sequences/CAT_Enter_Trade_Classification' successfully

2019-11-14 09:55:08 - [TEST_CASE][PASSED] - Test Cases/Reusable_Test_Sequences/CAT_Enter_Trade_Classification: Test Cases/Reusable_Test_Sequences/CAT_Enter_Trade_Classification

2019-11-14 09:55:08 - [TEST_STEP][PASSED] - "---------------------------------": null

2019-11-14 09:55:08 - [TEST_STEP][PASSED] - "Set and SEARCH SELECTED TRADE": null

2019-11-14 09:55:08 - [TEST_STEP][PASSED] - click(findTestObject("Object Repository/Checkatrade_Trade_Search_Page/Page_Checkatrade Find a tradesperson you can trust/input_Search_Button_FF")): Object: 'Object Repository/Checkatrade_Trade_Search_Page/Page_Checkatrade Find a tradesperson you can trust/input_Search_Button_FF' is clicked on

2019-11-14 09:55:08 - [MESSAGE][PASSED] - Object: 'Object Repository/Checkatrade_Trade_Search_Page/Page_Checkatrade Find a tradesperson you can trust/input_Search_Button_FF' is clicked on

2019-11-14 09:55:08 - [TEST_STEP][PASSED] - setText(findTestObject("Object Repository/Checkatrade_Trade_Search_Page/Page_Checkatrade Find a tradesperson you can trust/input_Search_Button_FF"), findTestData("searchTestData").getValue("tradeClassification", row)): Text 'Electrician' is set on object 'Object Repository/Checkatrade_Trade_Search_Page/Page_Checkatrade Find a tradesperson you can trust/input_Search_Button_FF'

2019-11-14 09:55:09 - [MESSAGE][PASSED] - Text 'Electrician' is set on object 'Object Repository/Checkatrade_Trade_Search_Page/Page_Checkatrade Find a tradesperson you can trust/input_Search_Button_FF'

2019-11-14 09:55:09 - [MESSAGE][PASSED] - Call Test Case 'Test Cases/Reusable_Test_Sequences/CAT_Enter_Trade_Classification' successfully

2019-11-14 09:55:09 - [TEST_STEP][PASSED] - "---------------------------------------": null

2019-11-14 09:55:09 - [TEST_STEP][PASSED] - " Set and SEARCH TRADE LOCATION         |": null

2019-11-14 09:55:09 - [TEST_STEP][PASSED] - callTestCase(findTestCase("Reusable_Test_Sequences/CAT_Enter_Trade_Location"), [:], CONTINUE_ON_FAILURE): Call Test Case 'Test Cases/Reusable_Test_Sequences/CAT_Enter_Trade_Location' successfully

2019-11-14 09:55:09 - [TEST_CASE][PASSED] - Test Cases/Reusable_Test_Sequences/CAT_Enter_Trade_Location: Test Cases/Reusable_Test_Sequences/CAT_Enter_Trade_Location

2019-11-14 09:55:09 - [TEST_STEP][PASSED] - "---------------------------------": null

2019-11-14 09:55:09 - [TEST_STEP][PASSED] - "Set and SEARCH SELECTED LOCATION |": null

2019-11-14 09:55:09 - [TEST_STEP][PASSED] - click(findTestObject("Object Repository/Checkatrade_Trade_Search_Page/Page_Checkatrade Find a tradesperson you can trust/input_Not here_location")): Object: 'Object Repository/Checkatrade_Trade_Search_Page/Page_Checkatrade Find a tradesperson you can trust/input_Not here_location' is clicked on

2019-11-14 09:55:09 - [MESSAGE][PASSED] - Object: 'Object Repository/Checkatrade_Trade_Search_Page/Page_Checkatrade Find a tradesperson you can trust/input_Not here_location' is clicked on

2019-11-14 09:55:09 - [TEST_STEP][PASSED] - setText(findTestObject("Object Repository/Checkatrade_Trade_Search_Page/Page_Checkatrade Find a tradesperson you can trust/input_Not here_location"), findTestData("searchTestData").getValue("tradeLocation", row)): Text 'Orkney' is set on object 'Object Repository/Checkatrade_Trade_Search_Page/Page_Checkatrade Find a tradesperson you can trust/input_Not here_location'

2019-11-14 09:55:10 - [MESSAGE][PASSED] - Text 'Orkney' is set on object 'Object Repository/Checkatrade_Trade_Search_Page/Page_Checkatrade Find a tradesperson you can trust/input_Not here_location'

2019-11-14 09:55:10 - [MESSAGE][PASSED] - Call Test Case 'Test Cases/Reusable_Test_Sequences/CAT_Enter_Trade_Location' successfully

2019-11-14 09:55:10 - [TEST_STEP][PASSED] - "---------------------------------------": null

2019-11-14 09:55:10 - [TEST_STEP][PASSED] - " Scroll Search Button into View        |": null

2019-11-14 09:55:10 - [TEST_STEP][PASSED] - "---------------------------------------": null

2019-11-14 09:55:10 - [TEST_STEP][PASSED] - "---------------------------------------": null

2019-11-14 09:55:10 - [TEST_STEP][PASSED] - " Hit Search Button                     |": null

2019-11-14 09:55:10 - [TEST_STEP][PASSED] - callTestCase(findTestCase("Reusable_Test_Sequences/CAT_Hit_Search_Button"), [:], CONTINUE_ON_FAILURE): Call Test Case 'Test Cases/Reusable_Test_Sequences/CAT_Hit_Search_Button' successfully

2019-11-14 09:55:10 - [TEST_CASE][PASSED] - Test Cases/Reusable_Test_Sequences/CAT_Hit_Search_Button: Test Cases/Reusable_Test_Sequences/CAT_Hit_Search_Button

2019-11-14 09:55:10 - [TEST_STEP][PASSED] - "---------------------------------": null

2019-11-14 09:55:10 - [TEST_STEP][PASSED] - "HIT SEARCH": null

2019-11-14 09:55:10 - [TEST_STEP][PASSED] - "---------------------------------": null

2019-11-14 09:55:10 - [TEST_STEP][PASSED] - waitForElementClickable(findTestObject("Object Repository/Checkatrade_Trade_Search_Page/Page_Checkatrade Find a tradesperson you can trust/a_Search"), 25): Object 'Object Repository/Checkatrade_Trade_Search_Page/Page_Checkatrade Find a tradesperson you can trust/a_Search' is clickable

2019-11-14 09:55:11 - [MESSAGE][PASSED] - Object 'Object Repository/Checkatrade_Trade_Search_Page/Page_Checkatrade Find a tradesperson you can trust/a_Search' is clickable

2019-11-14 09:55:11 - [TEST_STEP][PASSED] - click(findTestObject("Object Repository/Checkatrade_Trade_Search_Page/Page_Checkatrade Find a tradesperson you can trust/a_Search")): Object: 'Object Repository/Checkatrade_Trade_Search_Page/Page_Checkatrade Find a tradesperson you can trust/a_Search' is clicked on

2019-11-14 09:55:13 - [MESSAGE][PASSED] - Object: 'Object Repository/Checkatrade_Trade_Search_Page/Page_Checkatrade Find a tradesperson you can trust/a_Search' is clicked on

2019-11-14 09:55:13 - [MESSAGE][PASSED] - Call Test Case 'Test Cases/Reusable_Test_Sequences/CAT_Hit_Search_Button' successfully

2019-11-14 09:55:13 - [TEST_STEP][PASSED] - "---------------------------------------": null

2019-11-14 09:55:13 - [TEST_STEP][PASSED] - " Verify Returned Page is as Expected   |": null

2019-11-14 09:55:13 - [TEST_STEP][PASSED] - callTestCase(findTestCase("Reusable_Test_Sequences/CAT_Verification"), [:], CONTINUE_ON_FAILURE): Call Test Case 'Test Cases/Reusable_Test_Sequences/CAT_Verification' successfully

2019-11-14 09:55:13 - [TEST_CASE][PASSED] - Test Cases/Reusable_Test_Sequences/CAT_Verification: Test Cases/Reusable_Test_Sequences/CAT_Verification

2019-11-14 09:55:13 - [TEST_STEP][PASSED] - "Expected cantantenated text is Returned": null

2019-11-14 09:55:13 - [TEST_STEP][PASSED] - delay(3): Delayed 3 second(s)

2019-11-14 09:55:16 - [MESSAGE][PASSED] - Delayed 3 second(s)

2019-11-14 09:55:16 - [TEST_STEP][PASSED] - waitForElementVisible(findTestObject("Checkatrade_Trade_Search_page/Page_Checkatrade Find a tradesperson you can trust/a_Search"), 120): Object 'Object Repository/Checkatrade_Trade_Search_page/Page_Checkatrade Find a tradesperson you can trust/a_Search' is visible

2019-11-14 09:55:16 - [MESSAGE][PASSED] - Object 'Object Repository/Checkatrade_Trade_Search_page/Page_Checkatrade Find a tradesperson you can trust/a_Search' is visible

2019-11-14 09:55:16 - [TEST_STEP][PASSED] - verifyTextPresent(findTestData("searchTestData").getValue("tradeClassification", row), false): Text 'Electrician' is present on page 

2019-11-14 09:55:17 - [MESSAGE][PASSED] - Text 'Electrician' is present on page 

2019-11-14 09:55:17 - [TEST_STEP][PASSED] - verifyTextPresent(findTestData("searchTestData").getValue("tradeLocation", row), false): Text 'Orkney' is present on page 

2019-11-14 09:55:17 - [MESSAGE][PASSED] - Text 'Orkney' is present on page 

2019-11-14 09:55:17 - [MESSAGE][PASSED] - Call Test Case 'Test Cases/Reusable_Test_Sequences/CAT_Verification' successfully

2019-11-14 09:55:17 - [TEST_STEP][PASSED] - "--------------------------": null

2019-11-14 09:55:17 - [TEST_STEP][PASSED] - " Teardown - CLose Browser |": null

2019-11-14 09:55:17 - [TEST_STEP][PASSED] - callTestCase(findTestCase("Reusable_Test_Sequences/CAT_Teardown"), [:], OPTIONAL): Call Test Case 'Test Cases/Reusable_Test_Sequences/CAT_Teardown' successfully

2019-11-14 09:55:17 - [TEST_CASE][PASSED] - Test Cases/Reusable_Test_Sequences/CAT_Teardown: Test Cases/Reusable_Test_Sequences/CAT_Teardown

2019-11-14 09:55:17 - [TEST_STEP][PASSED] - closeBrowser(): Browser is closed

2019-11-14 09:55:20 - [MESSAGE][PASSED] - Browser is closed

2019-11-14 09:55:20 - [MESSAGE][PASSED] - Call Test Case 'Test Cases/Reusable_Test_Sequences/CAT_Teardown' successfully

2019-11-14 09:55:20 - [TEST_STEP][PASSED] - callTestCase(findTestCase("Reusable_Test_Sequences/CAT_Setup"), [:], OPTIONAL): Call Test Case 'Test Cases/Reusable_Test_Sequences/CAT_Setup' successfully

2019-11-14 09:55:20 - [TEST_CASE][PASSED] - Test Cases/Reusable_Test_Sequences/CAT_Setup: Test Cases/Reusable_Test_Sequences/CAT_Setup

2019-11-14 09:55:20 - [TEST_STEP][PASSED] - "URL - Set from the ENVIRONMENT PROFILE ": null

2019-11-14 09:55:20 - [TEST_STEP][PASSED] - openBrowser(URL): Browser is opened with url: 'https://www.preview.checkatrade.com/'

2019-11-14 09:55:20 - [MESSAGE][INFO] - Starting 'Chrome' driver

2019-11-14 09:55:35 - [MESSAGE][PASSED] - Browser is opened with url: 'https://www.preview.checkatrade.com/'

2019-11-14 09:55:35 - [TEST_STEP][PASSED] - maximizeWindow(): Current window maximized

2019-11-14 09:55:39 - [MESSAGE][PASSED] - Current window maximized

2019-11-14 09:55:39 - [TEST_STEP][PASSED] - waitForPageLoad(60): Wait for page load successfully

2019-11-14 09:55:39 - [MESSAGE][PASSED] - Wait for page load successfully

2019-11-14 09:55:39 - [TEST_STEP][PASSED] - waitForElementVisible(findTestObject("Page_Checkatrade Find a tradesperson you can trust/a_Search"), 25): Object 'Object Repository/Page_Checkatrade Find a tradesperson you can trust/a_Search' is visible

2019-11-14 09:55:40 - [MESSAGE][PASSED] - Object 'Object Repository/Page_Checkatrade Find a tradesperson you can trust/a_Search' is visible

2019-11-14 09:55:40 - [TEST_STEP][PASSED] - try: null

2019-11-14 09:55:40 - [TEST_STEP][PASSED] - if (verifyElementPresent(findTestObject("Page_Checkatrade Find a tradesperson you can trust/div_close"), 1, OPTIONAL)): null

2019-11-14 09:55:40 - [MESSAGE][PASSED] - Object 'Object Repository/Page_Checkatrade Find a tradesperson you can trust/div_close' is present

2019-11-14 09:55:40 - [TEST_STEP][PASSED] - click(findTestObject("Page_Checkatrade Find a tradesperson you can trust/div_close")): Object: 'Object Repository/Page_Checkatrade Find a tradesperson you can trust/div_close' is clicked on

2019-11-14 09:55:40 - [MESSAGE][PASSED] - Object: 'Object Repository/Page_Checkatrade Find a tradesperson you can trust/div_close' is clicked on

2019-11-14 09:55:40 - [TEST_STEP][PASSED] - "---------------------------------": null

2019-11-14 09:55:40 - [TEST_STEP][PASSED] - "COOKIE POPOUT REMOVED - Confirmed": null

2019-11-14 09:55:40 - [TEST_STEP][PASSED] - delay(1): Delayed 1 second(s)

2019-11-14 09:55:41 - [MESSAGE][PASSED] - Delayed 1 second(s)

2019-11-14 09:55:41 - [TEST_STEP][PASSED] - verifyTextNotPresent("Checkatrade.com uses cookies to make sure you get the best browsing experience", false): Text 'Checkatrade.com uses cookies to make sure you get the best browsing experience' is not present on page

2019-11-14 09:55:42 - [MESSAGE][PASSED] - Text 'Checkatrade.com uses cookies to make sure you get the best browsing experience' is not present on page

2019-11-14 09:55:42 - [TEST_STEP][PASSED] - try: null

2019-11-14 09:55:42 - [TEST_STEP][PASSED] - if (verifyElementPresent(findTestObject("Page_Checkatrade Find a tradesperson you can trust/div_close_1"), 1, OPTIONAL)): null

2019-11-14 09:55:42 - [MESSAGE][PASSED] - Object 'Object Repository/Page_Checkatrade Find a tradesperson you can trust/div_close_1' is present

2019-11-14 09:55:42 - [TEST_STEP][PASSED] - click(findTestObject("Page_Checkatrade Find a tradesperson you can trust/div_close_1")): Object: 'Object Repository/Page_Checkatrade Find a tradesperson you can trust/div_close_1' is clicked on

2019-11-14 09:55:42 - [MESSAGE][PASSED] - Object: 'Object Repository/Page_Checkatrade Find a tradesperson you can trust/div_close_1' is clicked on

2019-11-14 09:55:42 - [TEST_STEP][PASSED] - "---------------------------------": null

2019-11-14 09:55:42 - [TEST_STEP][PASSED] - "PRIVACY POPOUT REMOVED - Confirmed": null

2019-11-14 09:55:42 - [TEST_STEP][PASSED] - delay(1): Delayed 1 second(s)

2019-11-14 09:55:43 - [MESSAGE][PASSED] - Delayed 1 second(s)

2019-11-14 09:55:43 - [TEST_STEP][PASSED] - verifyTextNotPresent("We have updated our Privacy Policy, please review this", false): Text 'We have updated our Privacy Policy, please review this' is not present on page

2019-11-14 09:55:43 - [MESSAGE][PASSED] - Text 'We have updated our Privacy Policy, please review this' is not present on page

2019-11-14 09:55:43 - [MESSAGE][PASSED] - Call Test Case 'Test Cases/Reusable_Test_Sequences/CAT_Setup' successfully

2019-11-14 09:55:43 - [TEST_STEP][PASSED] - "---------------------------------------": null

2019-11-14 09:55:43 - [TEST_STEP][PASSED] - " Set and SEARCH TRADE CLASSIFICATION   |": null

2019-11-14 09:55:43 - [TEST_STEP][PASSED] - callTestCase(findTestCase("Reusable_Test_Sequences/CAT_Enter_Trade_Classification"), [:], CONTINUE_ON_FAILURE): Call Test Case 'Test Cases/Reusable_Test_Sequences/CAT_Enter_Trade_Classification' successfully

2019-11-14 09:55:43 - [TEST_CASE][PASSED] - Test Cases/Reusable_Test_Sequences/CAT_Enter_Trade_Classification: Test Cases/Reusable_Test_Sequences/CAT_Enter_Trade_Classification

2019-11-14 09:55:43 - [TEST_STEP][PASSED] - "---------------------------------": null

2019-11-14 09:55:43 - [TEST_STEP][PASSED] - "Set and SEARCH SELECTED TRADE": null

2019-11-14 09:55:43 - [TEST_STEP][PASSED] - click(findTestObject("Object Repository/Checkatrade_Trade_Search_Page/Page_Checkatrade Find a tradesperson you can trust/input_Search_Button_FF")): Object: 'Object Repository/Checkatrade_Trade_Search_Page/Page_Checkatrade Find a tradesperson you can trust/input_Search_Button_FF' is clicked on

2019-11-14 09:55:44 - [MESSAGE][PASSED] - Object: 'Object Repository/Checkatrade_Trade_Search_Page/Page_Checkatrade Find a tradesperson you can trust/input_Search_Button_FF' is clicked on

2019-11-14 09:55:44 - [TEST_STEP][PASSED] - setText(findTestObject("Object Repository/Checkatrade_Trade_Search_Page/Page_Checkatrade Find a tradesperson you can trust/input_Search_Button_FF"), findTestData("searchTestData").getValue("tradeClassification", row)): Text 'Diagnostic Testing' is set on object 'Object Repository/Checkatrade_Trade_Search_Page/Page_Checkatrade Find a tradesperson you can trust/input_Search_Button_FF'

2019-11-14 09:55:44 - [MESSAGE][PASSED] - Text 'Diagnostic Testing' is set on object 'Object Repository/Checkatrade_Trade_Search_Page/Page_Checkatrade Find a tradesperson you can trust/input_Search_Button_FF'

2019-11-14 09:55:44 - [MESSAGE][PASSED] - Call Test Case 'Test Cases/Reusable_Test_Sequences/CAT_Enter_Trade_Classification' successfully

2019-11-14 09:55:44 - [TEST_STEP][PASSED] - "---------------------------------------": null

2019-11-14 09:55:44 - [TEST_STEP][PASSED] - " Set and SEARCH TRADE LOCATION         |": null

2019-11-14 09:55:44 - [TEST_STEP][PASSED] - callTestCase(findTestCase("Reusable_Test_Sequences/CAT_Enter_Trade_Location"), [:], CONTINUE_ON_FAILURE): Call Test Case 'Test Cases/Reusable_Test_Sequences/CAT_Enter_Trade_Location' successfully

2019-11-14 09:55:44 - [TEST_CASE][PASSED] - Test Cases/Reusable_Test_Sequences/CAT_Enter_Trade_Location: Test Cases/Reusable_Test_Sequences/CAT_Enter_Trade_Location

2019-11-14 09:55:44 - [TEST_STEP][PASSED] - "---------------------------------": null

2019-11-14 09:55:44 - [TEST_STEP][PASSED] - "Set and SEARCH SELECTED LOCATION |": null

2019-11-14 09:55:44 - [TEST_STEP][PASSED] - click(findTestObject("Object Repository/Checkatrade_Trade_Search_Page/Page_Checkatrade Find a tradesperson you can trust/input_Not here_location")): Object: 'Object Repository/Checkatrade_Trade_Search_Page/Page_Checkatrade Find a tradesperson you can trust/input_Not here_location' is clicked on

2019-11-14 09:55:45 - [MESSAGE][PASSED] - Object: 'Object Repository/Checkatrade_Trade_Search_Page/Page_Checkatrade Find a tradesperson you can trust/input_Not here_location' is clicked on

2019-11-14 09:55:45 - [TEST_STEP][PASSED] - setText(findTestObject("Object Repository/Checkatrade_Trade_Search_Page/Page_Checkatrade Find a tradesperson you can trust/input_Not here_location"), findTestData("searchTestData").getValue("tradeLocation", row)): Text 'Angmering' is set on object 'Object Repository/Checkatrade_Trade_Search_Page/Page_Checkatrade Find a tradesperson you can trust/input_Not here_location'

2019-11-14 09:55:45 - [MESSAGE][PASSED] - Text 'Angmering' is set on object 'Object Repository/Checkatrade_Trade_Search_Page/Page_Checkatrade Find a tradesperson you can trust/input_Not here_location'

2019-11-14 09:55:45 - [MESSAGE][PASSED] - Call Test Case 'Test Cases/Reusable_Test_Sequences/CAT_Enter_Trade_Location' successfully

2019-11-14 09:55:45 - [TEST_STEP][PASSED] - "---------------------------------------": null

2019-11-14 09:55:45 - [TEST_STEP][PASSED] - " Scroll Search Button into View        |": null

2019-11-14 09:55:45 - [TEST_STEP][PASSED] - "---------------------------------------": null

2019-11-14 09:55:45 - [TEST_STEP][PASSED] - "---------------------------------------": null

2019-11-14 09:55:45 - [TEST_STEP][PASSED] - " Hit Search Button                     |": null

2019-11-14 09:55:45 - [TEST_STEP][PASSED] - callTestCase(findTestCase("Reusable_Test_Sequences/CAT_Hit_Search_Button"), [:], CONTINUE_ON_FAILURE): Call Test Case 'Test Cases/Reusable_Test_Sequences/CAT_Hit_Search_Button' successfully

2019-11-14 09:55:45 - [TEST_CASE][PASSED] - Test Cases/Reusable_Test_Sequences/CAT_Hit_Search_Button: Test Cases/Reusable_Test_Sequences/CAT_Hit_Search_Button

2019-11-14 09:55:45 - [TEST_STEP][PASSED] - "---------------------------------": null

2019-11-14 09:55:45 - [TEST_STEP][PASSED] - "HIT SEARCH": null

2019-11-14 09:55:45 - [TEST_STEP][PASSED] - "---------------------------------": null

2019-11-14 09:55:45 - [TEST_STEP][PASSED] - waitForElementClickable(findTestObject("Object Repository/Checkatrade_Trade_Search_Page/Page_Checkatrade Find a tradesperson you can trust/a_Search"), 25): Object 'Object Repository/Checkatrade_Trade_Search_Page/Page_Checkatrade Find a tradesperson you can trust/a_Search' is clickable

2019-11-14 09:55:45 - [MESSAGE][PASSED] - Object 'Object Repository/Checkatrade_Trade_Search_Page/Page_Checkatrade Find a tradesperson you can trust/a_Search' is clickable

2019-11-14 09:55:45 - [TEST_STEP][PASSED] - click(findTestObject("Object Repository/Checkatrade_Trade_Search_Page/Page_Checkatrade Find a tradesperson you can trust/a_Search")): Object: 'Object Repository/Checkatrade_Trade_Search_Page/Page_Checkatrade Find a tradesperson you can trust/a_Search' is clicked on

2019-11-14 09:55:49 - [MESSAGE][PASSED] - Object: 'Object Repository/Checkatrade_Trade_Search_Page/Page_Checkatrade Find a tradesperson you can trust/a_Search' is clicked on

2019-11-14 09:55:49 - [MESSAGE][PASSED] - Call Test Case 'Test Cases/Reusable_Test_Sequences/CAT_Hit_Search_Button' successfully

2019-11-14 09:55:49 - [TEST_STEP][PASSED] - "---------------------------------------": null

2019-11-14 09:55:49 - [TEST_STEP][PASSED] - " Verify Returned Page is as Expected   |": null

2019-11-14 09:55:49 - [TEST_STEP][PASSED] - callTestCase(findTestCase("Reusable_Test_Sequences/CAT_Verification"), [:], CONTINUE_ON_FAILURE): Call Test Case 'Test Cases/Reusable_Test_Sequences/CAT_Verification' successfully

2019-11-14 09:55:49 - [TEST_CASE][PASSED] - Test Cases/Reusable_Test_Sequences/CAT_Verification: Test Cases/Reusable_Test_Sequences/CAT_Verification

2019-11-14 09:55:49 - [TEST_STEP][PASSED] - "Expected cantantenated text is Returned": null

2019-11-14 09:55:49 - [TEST_STEP][PASSED] - delay(3): Delayed 3 second(s)

2019-11-14 09:55:52 - [MESSAGE][PASSED] - Delayed 3 second(s)

2019-11-14 09:55:52 - [TEST_STEP][PASSED] - waitForElementVisible(findTestObject("Checkatrade_Trade_Search_page/Page_Checkatrade Find a tradesperson you can trust/a_Search"), 120): Object 'Object Repository/Checkatrade_Trade_Search_page/Page_Checkatrade Find a tradesperson you can trust/a_Search' is visible

2019-11-14 09:55:52 - [MESSAGE][PASSED] - Object 'Object Repository/Checkatrade_Trade_Search_page/Page_Checkatrade Find a tradesperson you can trust/a_Search' is visible

2019-11-14 09:55:52 - [TEST_STEP][PASSED] - verifyTextPresent(findTestData("searchTestData").getValue("tradeClassification", row), false): Text 'Diagnostic Testing' is present on page 

2019-11-14 09:55:53 - [MESSAGE][PASSED] - Text 'Diagnostic Testing' is present on page 

2019-11-14 09:55:53 - [TEST_STEP][PASSED] - verifyTextPresent(findTestData("searchTestData").getValue("tradeLocation", row), false): Text 'Angmering' is present on page 

2019-11-14 09:55:54 - [MESSAGE][PASSED] - Text 'Angmering' is present on page 

2019-11-14 09:55:54 - [MESSAGE][PASSED] - Call Test Case 'Test Cases/Reusable_Test_Sequences/CAT_Verification' successfully

2019-11-14 09:55:54 - [TEST_STEP][PASSED] - "--------------------------": null

2019-11-14 09:55:54 - [TEST_STEP][PASSED] - " Teardown - CLose Browser |": null

2019-11-14 09:55:54 - [TEST_STEP][PASSED] - callTestCase(findTestCase("Reusable_Test_Sequences/CAT_Teardown"), [:], OPTIONAL): Call Test Case 'Test Cases/Reusable_Test_Sequences/CAT_Teardown' successfully

2019-11-14 09:55:54 - [TEST_CASE][PASSED] - Test Cases/Reusable_Test_Sequences/CAT_Teardown: Test Cases/Reusable_Test_Sequences/CAT_Teardown

2019-11-14 09:55:54 - [TEST_STEP][PASSED] - closeBrowser(): Browser is closed

2019-11-14 09:55:54 - [MESSAGE][PASSED] - Browser is closed

2019-11-14 09:55:54 - [MESSAGE][PASSED] - Call Test Case 'Test Cases/Reusable_Test_Sequences/CAT_Teardown' successfully

2019-11-14 09:55:54 - [TEST_STEP][PASSED] - callTestCase(findTestCase("Reusable_Test_Sequences/CAT_Setup"), [:], OPTIONAL): Call Test Case 'Test Cases/Reusable_Test_Sequences/CAT_Setup' successfully

2019-11-14 09:55:55 - [TEST_CASE][PASSED] - Test Cases/Reusable_Test_Sequences/CAT_Setup: Test Cases/Reusable_Test_Sequences/CAT_Setup

2019-11-14 09:55:55 - [TEST_STEP][PASSED] - "URL - Set from the ENVIRONMENT PROFILE ": null

2019-11-14 09:55:55 - [TEST_STEP][PASSED] - openBrowser(URL): Browser is opened with url: 'https://www.preview.checkatrade.com/'

2019-11-14 09:55:55 - [MESSAGE][INFO] - Starting 'Chrome' driver

2019-11-14 09:56:03 - [MESSAGE][PASSED] - Browser is opened with url: 'https://www.preview.checkatrade.com/'

2019-11-14 09:56:03 - [TEST_STEP][PASSED] - maximizeWindow(): Current window maximized

2019-11-14 09:56:08 - [MESSAGE][PASSED] - Current window maximized

2019-11-14 09:56:08 - [TEST_STEP][PASSED] - waitForPageLoad(60): Wait for page load successfully

2019-11-14 09:56:08 - [MESSAGE][PASSED] - Wait for page load successfully

2019-11-14 09:56:08 - [TEST_STEP][PASSED] - waitForElementVisible(findTestObject("Page_Checkatrade Find a tradesperson you can trust/a_Search"), 25): Object 'Object Repository/Page_Checkatrade Find a tradesperson you can trust/a_Search' is visible

2019-11-14 09:56:08 - [MESSAGE][PASSED] - Object 'Object Repository/Page_Checkatrade Find a tradesperson you can trust/a_Search' is visible

2019-11-14 09:56:08 - [TEST_STEP][PASSED] - try: null

2019-11-14 09:56:08 - [TEST_STEP][PASSED] - if (verifyElementPresent(findTestObject("Page_Checkatrade Find a tradesperson you can trust/div_close"), 1, OPTIONAL)): null

2019-11-14 09:56:08 - [MESSAGE][PASSED] - Object 'Object Repository/Page_Checkatrade Find a tradesperson you can trust/div_close' is present

2019-11-14 09:56:08 - [TEST_STEP][PASSED] - click(findTestObject("Page_Checkatrade Find a tradesperson you can trust/div_close")): Object: 'Object Repository/Page_Checkatrade Find a tradesperson you can trust/div_close' is clicked on

2019-11-14 09:56:08 - [MESSAGE][PASSED] - Object: 'Object Repository/Page_Checkatrade Find a tradesperson you can trust/div_close' is clicked on

2019-11-14 09:56:08 - [TEST_STEP][PASSED] - "---------------------------------": null

2019-11-14 09:56:08 - [TEST_STEP][PASSED] - "COOKIE POPOUT REMOVED - Confirmed": null

2019-11-14 09:56:08 - [TEST_STEP][PASSED] - delay(1): Delayed 1 second(s)

2019-11-14 09:56:09 - [MESSAGE][PASSED] - Delayed 1 second(s)

2019-11-14 09:56:09 - [TEST_STEP][PASSED] - verifyTextNotPresent("Checkatrade.com uses cookies to make sure you get the best browsing experience", false): Text 'Checkatrade.com uses cookies to make sure you get the best browsing experience' is not present on page

2019-11-14 09:56:09 - [MESSAGE][PASSED] - Text 'Checkatrade.com uses cookies to make sure you get the best browsing experience' is not present on page

2019-11-14 09:56:09 - [TEST_STEP][PASSED] - try: null

2019-11-14 09:56:09 - [TEST_STEP][PASSED] - if (verifyElementPresent(findTestObject("Page_Checkatrade Find a tradesperson you can trust/div_close_1"), 1, OPTIONAL)): null

2019-11-14 09:56:09 - [MESSAGE][PASSED] - Object 'Object Repository/Page_Checkatrade Find a tradesperson you can trust/div_close_1' is present

2019-11-14 09:56:09 - [TEST_STEP][PASSED] - click(findTestObject("Page_Checkatrade Find a tradesperson you can trust/div_close_1")): Object: 'Object Repository/Page_Checkatrade Find a tradesperson you can trust/div_close_1' is clicked on

2019-11-14 09:56:10 - [MESSAGE][PASSED] - Object: 'Object Repository/Page_Checkatrade Find a tradesperson you can trust/div_close_1' is clicked on

2019-11-14 09:56:10 - [TEST_STEP][PASSED] - "---------------------------------": null

2019-11-14 09:56:10 - [TEST_STEP][PASSED] - "PRIVACY POPOUT REMOVED - Confirmed": null

2019-11-14 09:56:10 - [TEST_STEP][PASSED] - delay(1): Delayed 1 second(s)

2019-11-14 09:56:11 - [MESSAGE][PASSED] - Delayed 1 second(s)

2019-11-14 09:56:11 - [TEST_STEP][PASSED] - verifyTextNotPresent("We have updated our Privacy Policy, please review this", false): Text 'We have updated our Privacy Policy, please review this' is not present on page

2019-11-14 09:56:11 - [MESSAGE][PASSED] - Text 'We have updated our Privacy Policy, please review this' is not present on page

2019-11-14 09:56:11 - [MESSAGE][PASSED] - Call Test Case 'Test Cases/Reusable_Test_Sequences/CAT_Setup' successfully

2019-11-14 09:56:11 - [TEST_STEP][PASSED] - "---------------------------------------": null

2019-11-14 09:56:11 - [TEST_STEP][PASSED] - " Set and SEARCH TRADE CLASSIFICATION   |": null

2019-11-14 09:56:11 - [TEST_STEP][PASSED] - callTestCase(findTestCase("Reusable_Test_Sequences/CAT_Enter_Trade_Classification"), [:], CONTINUE_ON_FAILURE): Call Test Case 'Test Cases/Reusable_Test_Sequences/CAT_Enter_Trade_Classification' successfully

2019-11-14 09:56:11 - [TEST_CASE][PASSED] - Test Cases/Reusable_Test_Sequences/CAT_Enter_Trade_Classification: Test Cases/Reusable_Test_Sequences/CAT_Enter_Trade_Classification

2019-11-14 09:56:11 - [TEST_STEP][PASSED] - "---------------------------------": null

2019-11-14 09:56:11 - [TEST_STEP][PASSED] - "Set and SEARCH SELECTED TRADE": null

2019-11-14 09:56:11 - [TEST_STEP][PASSED] - click(findTestObject("Object Repository/Checkatrade_Trade_Search_Page/Page_Checkatrade Find a tradesperson you can trust/input_Search_Button_FF")): Object: 'Object Repository/Checkatrade_Trade_Search_Page/Page_Checkatrade Find a tradesperson you can trust/input_Search_Button_FF' is clicked on

2019-11-14 09:56:11 - [MESSAGE][PASSED] - Object: 'Object Repository/Checkatrade_Trade_Search_Page/Page_Checkatrade Find a tradesperson you can trust/input_Search_Button_FF' is clicked on

2019-11-14 09:56:11 - [TEST_STEP][PASSED] - setText(findTestObject("Object Repository/Checkatrade_Trade_Search_Page/Page_Checkatrade Find a tradesperson you can trust/input_Search_Button_FF"), findTestData("searchTestData").getValue("tradeClassification", row)): Text 'Garage/Vehicle Services' is set on object 'Object Repository/Checkatrade_Trade_Search_Page/Page_Checkatrade Find a tradesperson you can trust/input_Search_Button_FF'

2019-11-14 09:56:12 - [MESSAGE][PASSED] - Text 'Garage/Vehicle Services' is set on object 'Object Repository/Checkatrade_Trade_Search_Page/Page_Checkatrade Find a tradesperson you can trust/input_Search_Button_FF'

2019-11-14 09:56:12 - [MESSAGE][PASSED] - Call Test Case 'Test Cases/Reusable_Test_Sequences/CAT_Enter_Trade_Classification' successfully

2019-11-14 09:56:12 - [TEST_STEP][PASSED] - "---------------------------------------": null

2019-11-14 09:56:12 - [TEST_STEP][PASSED] - " Set and SEARCH TRADE LOCATION         |": null

2019-11-14 09:56:12 - [TEST_STEP][PASSED] - callTestCase(findTestCase("Reusable_Test_Sequences/CAT_Enter_Trade_Location"), [:], CONTINUE_ON_FAILURE): Call Test Case 'Test Cases/Reusable_Test_Sequences/CAT_Enter_Trade_Location' successfully

2019-11-14 09:56:12 - [TEST_CASE][PASSED] - Test Cases/Reusable_Test_Sequences/CAT_Enter_Trade_Location: Test Cases/Reusable_Test_Sequences/CAT_Enter_Trade_Location

2019-11-14 09:56:12 - [TEST_STEP][PASSED] - "---------------------------------": null

2019-11-14 09:56:12 - [TEST_STEP][PASSED] - "Set and SEARCH SELECTED LOCATION |": null

2019-11-14 09:56:12 - [TEST_STEP][PASSED] - click(findTestObject("Object Repository/Checkatrade_Trade_Search_Page/Page_Checkatrade Find a tradesperson you can trust/input_Not here_location")): Object: 'Object Repository/Checkatrade_Trade_Search_Page/Page_Checkatrade Find a tradesperson you can trust/input_Not here_location' is clicked on

2019-11-14 09:56:13 - [MESSAGE][PASSED] - Object: 'Object Repository/Checkatrade_Trade_Search_Page/Page_Checkatrade Find a tradesperson you can trust/input_Not here_location' is clicked on

2019-11-14 09:56:13 - [TEST_STEP][PASSED] - setText(findTestObject("Object Repository/Checkatrade_Trade_Search_Page/Page_Checkatrade Find a tradesperson you can trust/input_Not here_location"), findTestData("searchTestData").getValue("tradeLocation", row)): Text 'Rugby' is set on object 'Object Repository/Checkatrade_Trade_Search_Page/Page_Checkatrade Find a tradesperson you can trust/input_Not here_location'

2019-11-14 09:56:13 - [MESSAGE][PASSED] - Text 'Rugby' is set on object 'Object Repository/Checkatrade_Trade_Search_Page/Page_Checkatrade Find a tradesperson you can trust/input_Not here_location'

2019-11-14 09:56:13 - [MESSAGE][PASSED] - Call Test Case 'Test Cases/Reusable_Test_Sequences/CAT_Enter_Trade_Location' successfully

2019-11-14 09:56:13 - [TEST_STEP][PASSED] - "---------------------------------------": null

2019-11-14 09:56:13 - [TEST_STEP][PASSED] - " Scroll Search Button into View        |": null

2019-11-14 09:56:13 - [TEST_STEP][PASSED] - "---------------------------------------": null

2019-11-14 09:56:13 - [TEST_STEP][PASSED] - "---------------------------------------": null

2019-11-14 09:56:13 - [TEST_STEP][PASSED] - " Hit Search Button                     |": null

2019-11-14 09:56:13 - [TEST_STEP][PASSED] - callTestCase(findTestCase("Reusable_Test_Sequences/CAT_Hit_Search_Button"), [:], CONTINUE_ON_FAILURE): Call Test Case 'Test Cases/Reusable_Test_Sequences/CAT_Hit_Search_Button' successfully

2019-11-14 09:56:13 - [TEST_CASE][PASSED] - Test Cases/Reusable_Test_Sequences/CAT_Hit_Search_Button: Test Cases/Reusable_Test_Sequences/CAT_Hit_Search_Button

2019-11-14 09:56:13 - [TEST_STEP][PASSED] - "---------------------------------": null

2019-11-14 09:56:13 - [TEST_STEP][PASSED] - "HIT SEARCH": null

2019-11-14 09:56:13 - [TEST_STEP][PASSED] - "---------------------------------": null

2019-11-14 09:56:13 - [TEST_STEP][PASSED] - waitForElementClickable(findTestObject("Object Repository/Checkatrade_Trade_Search_Page/Page_Checkatrade Find a tradesperson you can trust/a_Search"), 25): Object 'Object Repository/Checkatrade_Trade_Search_Page/Page_Checkatrade Find a tradesperson you can trust/a_Search' is clickable

2019-11-14 09:56:13 - [MESSAGE][PASSED] - Object 'Object Repository/Checkatrade_Trade_Search_Page/Page_Checkatrade Find a tradesperson you can trust/a_Search' is clickable

2019-11-14 09:56:13 - [TEST_STEP][PASSED] - click(findTestObject("Object Repository/Checkatrade_Trade_Search_Page/Page_Checkatrade Find a tradesperson you can trust/a_Search")): Object: 'Object Repository/Checkatrade_Trade_Search_Page/Page_Checkatrade Find a tradesperson you can trust/a_Search' is clicked on

2019-11-14 09:56:15 - [MESSAGE][PASSED] - Object: 'Object Repository/Checkatrade_Trade_Search_Page/Page_Checkatrade Find a tradesperson you can trust/a_Search' is clicked on

2019-11-14 09:56:15 - [MESSAGE][PASSED] - Call Test Case 'Test Cases/Reusable_Test_Sequences/CAT_Hit_Search_Button' successfully

2019-11-14 09:56:15 - [TEST_STEP][PASSED] - "---------------------------------------": null

2019-11-14 09:56:15 - [TEST_STEP][PASSED] - " Verify Returned Page is as Expected   |": null

2019-11-14 09:56:15 - [TEST_STEP][PASSED] - callTestCase(findTestCase("Reusable_Test_Sequences/CAT_Verification"), [:], CONTINUE_ON_FAILURE): Call Test Case 'Test Cases/Reusable_Test_Sequences/CAT_Verification' successfully

2019-11-14 09:56:15 - [TEST_CASE][PASSED] - Test Cases/Reusable_Test_Sequences/CAT_Verification: Test Cases/Reusable_Test_Sequences/CAT_Verification

2019-11-14 09:56:15 - [TEST_STEP][PASSED] - "Expected cantantenated text is Returned": null

2019-11-14 09:56:15 - [TEST_STEP][PASSED] - delay(3): Delayed 3 second(s)

2019-11-14 09:56:18 - [MESSAGE][PASSED] - Delayed 3 second(s)

2019-11-14 09:56:18 - [TEST_STEP][PASSED] - waitForElementVisible(findTestObject("Checkatrade_Trade_Search_page/Page_Checkatrade Find a tradesperson you can trust/a_Search"), 120): Object 'Object Repository/Checkatrade_Trade_Search_page/Page_Checkatrade Find a tradesperson you can trust/a_Search' is visible

2019-11-14 09:56:19 - [MESSAGE][PASSED] - Object 'Object Repository/Checkatrade_Trade_Search_page/Page_Checkatrade Find a tradesperson you can trust/a_Search' is visible

2019-11-14 09:56:19 - [TEST_STEP][PASSED] - verifyTextPresent(findTestData("searchTestData").getValue("tradeClassification", row), false): Text 'Garage/Vehicle Services' is present on page 

2019-11-14 09:56:19 - [MESSAGE][PASSED] - Text 'Garage/Vehicle Services' is present on page 

2019-11-14 09:56:19 - [TEST_STEP][PASSED] - verifyTextPresent(findTestData("searchTestData").getValue("tradeLocation", row), false): Text 'Rugby' is present on page 

2019-11-14 09:56:20 - [MESSAGE][PASSED] - Text 'Rugby' is present on page 

2019-11-14 09:56:20 - [MESSAGE][PASSED] - Call Test Case 'Test Cases/Reusable_Test_Sequences/CAT_Verification' successfully

2019-11-14 09:56:20 - [TEST_STEP][PASSED] - "--------------------------": null

2019-11-14 09:56:20 - [TEST_STEP][PASSED] - " Teardown - CLose Browser |": null

2019-11-14 09:56:20 - [TEST_STEP][PASSED] - callTestCase(findTestCase("Reusable_Test_Sequences/CAT_Teardown"), [:], OPTIONAL): Call Test Case 'Test Cases/Reusable_Test_Sequences/CAT_Teardown' successfully

2019-11-14 09:56:20 - [TEST_CASE][PASSED] - Test Cases/Reusable_Test_Sequences/CAT_Teardown: Test Cases/Reusable_Test_Sequences/CAT_Teardown

2019-11-14 09:56:20 - [TEST_STEP][PASSED] - closeBrowser(): Browser is closed

2019-11-14 09:56:20 - [MESSAGE][PASSED] - Browser is closed

2019-11-14 09:56:21 - [MESSAGE][PASSED] - Call Test Case 'Test Cases/Reusable_Test_Sequences/CAT_Teardown' successfully]]></system-out>
         <system-err><![CDATA[]]></system-err>
      </testcase>
      <system-out><![CDATA[2019-11-14 09:52:57 - [TEST_SUITE][PASSED] - Trade_Location_Multiple_Search: Test Cases/Checkatrade_Tradesman_Searches/Trade_Location_Search]]></system-out>
      <system-err><![CDATA[]]></system-err>
   </testsuite>
</testsuites>
