<?xml version="1.0" encoding="UTF-8"?>
<testsuites name="Trade_Name_Multiple_Search" time="173.94" tests="1" failures="0" errors="0">
   <testsuite name="Trade_Name_Multiple_Search" tests="1" failures="0" errors="0" time="173.94" timestamp="2019-12-10 10:58:58" hostname="DavidHo - VETTEDSP36RF.check.local" id="Test Suites/Trade_Name_Multiple_Search">
      <properties>
         <property name="deviceName" value=""/>
         <property name="devicePlatform" value=""/>
         <property name="logFolder" value="C:\\Users\\davidho\\Katalon Studio\\Start\\Reports\\20191210_104859\\Trade_Name_Multiple_Search\\20191210_104918"/>
         <property name="logFiles" value="C:\\Users\\davidho\\Katalon Studio\\Start\\Reports\\20191210_104859\\Trade_Name_Multiple_Search\\20191210_104918\\execution0.log"/>
         <property name="attachments" value=""/>
         <property name="hostName" value="DavidHo - VETTEDSP36RF.check.local"/>
         <property name="os" value="Windows 10 32bit"/>
         <property name="katalonVersion" value="7.1.0.1"/>
         <property name="browser" value="Firefox 70.0"/>
         <property name="hostAddress" value="10.0.11.243"/>
         <property name="sessionId" value="dce81245-e92f-44dc-bf54-ec86c6ff1b72"/>
         <property name="seleniumVersion" value="3.141.59"/>
         <property name="proxyInformation" value="ProxyInformation{proxyOption=NO_PROXY, proxyServerType=HTTP, password=, proxyServerAddress=, proxyServerPort=0}"/>
         <property name="platform" value="Windows 10"/>
      </properties>
      <testcase name="Test Cases/Checkatrade_Tradesman_Searches/Trade_Name_Search_Multiple" time="173.252" classname="Test Cases/Checkatrade_Tradesman_Searches/Trade_Name_Search_Multiple" status="PASSED">
         <system-out><![CDATA[2019-12-10 10:58:58 - [TEST_CASE][PASSED] - Test Cases/Checkatrade_Tradesman_Searches/Trade_Name_Search_Multiple: Test Cases/Checkatrade_Tradesman_Searches/Trade_Name_Search_Multiple

2019-12-10 10:58:59 - [TEST_STEP][PASSED] - for ([row = 1, row <= findTestData("Search_CAT_ID_Data (1)").getRowNumbers(), (internal.GlobalVariable.row++)]): Call Test Case 'Test Cases/Reusable_Test_Sequences/CAT_Teardown' successfully

2019-12-10 10:59:02 - [TEST_STEP][PASSED] - callTestCase(findTestCase("Reusable_Test_Sequences/CAT_Setup"), [:], STOP_ON_FAILURE): Call Test Case 'Test Cases/Reusable_Test_Sequences/CAT_Setup' successfully

2019-12-10 10:59:02 - [TEST_CASE][PASSED] - Test Cases/Reusable_Test_Sequences/CAT_Setup: Test Cases/Reusable_Test_Sequences/CAT_Setup

2019-12-10 10:59:02 - [TEST_STEP][PASSED] - "URL - Set from the ENVIRONMENT PROFILE ": null

2019-12-10 10:59:02 - [TEST_STEP][PASSED] - openBrowser(URL): Browser is opened with url: 'https://www.preview.checkatrade.com/'

2019-12-10 10:59:03 - [MESSAGE][INFO] - Starting 'Firefox' driver

2019-12-10 10:59:03 - [MESSAGE][INFO] - Action delay is set to 0 seconds

2019-12-10 10:59:15 - [MESSAGE][PASSED] - Browser is opened with url: 'https://www.preview.checkatrade.com/'

2019-12-10 10:59:15 - [TEST_STEP][PASSED] - maximizeWindow(): Current window maximized

2019-12-10 10:59:15 - [MESSAGE][PASSED] - Current window maximized

2019-12-10 10:59:15 - [TEST_STEP][PASSED] - waitForPageLoad(60): Wait for page load successfully

2019-12-10 10:59:15 - [MESSAGE][PASSED] - Wait for page load successfully

2019-12-10 10:59:15 - [TEST_STEP][PASSED] - "COOKIE - ORIGINAL": null

2019-12-10 10:59:15 - [TEST_STEP][PASSED] - try: Text 'For further information and to manage your cookie preferences, view Checkatrade's cookie policy' is not present on page

2019-12-10 10:59:15 - [TEST_STEP][PASSED] - verifyElementPresent(findTestObject("Object Repository/New_Home/Page_Checkatrade Find a tradesperson you can trust/div_Close"), 1, OPTIONAL): Object 'Object Repository/New_Home/Page_Checkatrade Find a tradesperson you can trust/div_Close' is present

2019-12-10 10:59:16 - [MESSAGE][PASSED] - Object 'Object Repository/New_Home/Page_Checkatrade Find a tradesperson you can trust/div_Close' is present

2019-12-10 10:59:16 - [TEST_STEP][PASSED] - click(findTestObject("Object Repository/New_Home/Page_Checkatrade Find a tradesperson you can trust/div_Close")): Object: 'Object Repository/New_Home/Page_Checkatrade Find a tradesperson you can trust/div_Close' is clicked on

2019-12-10 10:59:16 - [MESSAGE][PASSED] - Object: 'Object Repository/New_Home/Page_Checkatrade Find a tradesperson you can trust/div_Close' is clicked on

2019-12-10 10:59:16 - [TEST_STEP][PASSED] - "---------------------------------": null

2019-12-10 10:59:16 - [TEST_STEP][PASSED] - "COOKIE POPOUT REMOVED - Confirmed": null

2019-12-10 10:59:16 - [TEST_STEP][PASSED] - delay(1): Delayed 1 second(s)

2019-12-10 10:59:17 - [MESSAGE][PASSED] - Delayed 1 second(s)

2019-12-10 10:59:17 - [TEST_STEP][PASSED] - verifyTextNotPresent("Checkatrade.com uses cookies to make sure you get the best browsing experience", false): Text 'Checkatrade.com uses cookies to make sure you get the best browsing experience' is not present on page

2019-12-10 10:59:18 - [MESSAGE][PASSED] - Text 'Checkatrade.com uses cookies to make sure you get the best browsing experience' is not present on page

2019-12-10 10:59:18 - [TEST_STEP][PASSED] - verifyTextNotPresent("By continuing to use this website you are consenting to our use of cookies", false): Text 'By continuing to use this website you are consenting to our use of cookies' is not present on page

2019-12-10 10:59:18 - [MESSAGE][PASSED] - Text 'By continuing to use this website you are consenting to our use of cookies' is not present on page

2019-12-10 10:59:18 - [TEST_STEP][PASSED] - verifyTextNotPresent("For further information and to manage your cookie preferences, view Checkatrade's cookie policy", false): Text 'For further information and to manage your cookie preferences, view Checkatrade's cookie policy' is not present on page

2019-12-10 10:59:19 - [MESSAGE][PASSED] - Text 'For further information and to manage your cookie preferences, view Checkatrade's cookie policy' is not present on page

2019-12-10 10:59:19 - [MESSAGE][PASSED] - Call Test Case 'Test Cases/Reusable_Test_Sequences/CAT_Setup' successfully

2019-12-10 10:59:19 - [TEST_STEP][PASSED] - callTestCase(findTestCase("Reusable_Test_Sequences/CAT_Home"), [:], CONTINUE_ON_FAILURE): Call Test Case 'Test Cases/Reusable_Test_Sequences/CAT_Home' successfully

2019-12-10 10:59:19 - [TEST_CASE][PASSED] - Test Cases/Reusable_Test_Sequences/CAT_Home: Test Cases/Reusable_Test_Sequences/CAT_Home

2019-12-10 10:59:20 - [TEST_STEP][PASSED] - waitForPageLoad(10): Wait for page load successfully

2019-12-10 10:59:20 - [MESSAGE][PASSED] - Wait for page load successfully

2019-12-10 10:59:20 - [TEST_STEP][PASSED] - waitForElementClickable(findTestObject("Object Repository/Checkatrade_Trade_Search_Page/Page_Checkatrade Find a tradesperson you can trust/Page_Checkatrade Find a tradesperson you can trust/a_Search"), 60): Object 'Object Repository/Checkatrade_Trade_Search_Page/Page_Checkatrade Find a tradesperson you can trust/Page_Checkatrade Find a tradesperson you can trust/a_Search' is clickable

2019-12-10 10:59:20 - [MESSAGE][PASSED] - Object 'Object Repository/Checkatrade_Trade_Search_Page/Page_Checkatrade Find a tradesperson you can trust/Page_Checkatrade Find a tradesperson you can trust/a_Search' is clickable

2019-12-10 10:59:20 - [TEST_STEP][PASSED] - "------------------------------------": null

2019-12-10 10:59:20 - [TEST_STEP][PASSED] - verifyTextPresent("Helping you find the right trade or service", false): Text 'Helping you find the right trade or service' is present on page 

2019-12-10 10:59:21 - [MESSAGE][PASSED] - Text 'Helping you find the right trade or service' is present on page 

2019-12-10 10:59:21 - [TEST_STEP][PASSED] - verifyTextPresent("Search through over", false): Text 'Search through over' is present on page 

2019-12-10 10:59:21 - [MESSAGE][PASSED] - Text 'Search through over' is present on page 

2019-12-10 10:59:21 - [TEST_STEP][PASSED] - verifyTextPresent("recommended, vetted and monitored trades and service providers for free.", false): Text 'recommended, vetted and monitored trades and service providers for free.' is present on page 

2019-12-10 10:59:22 - [MESSAGE][PASSED] - Text 'recommended, vetted and monitored trades and service providers for free.' is present on page 

2019-12-10 10:59:22 - [TEST_STEP][PASSED] - verifyTextPresent("or look up a member by name", false): Text 'or look up a member by name' is present on page 

2019-12-10 10:59:22 - [MESSAGE][PASSED] - Text 'or look up a member by name' is present on page 

2019-12-10 10:59:22 - [TEST_STEP][PASSED] - verifyTextPresent("reviews published so far – thank you!", false): Text 'reviews published so far – thank you!' is present on page 

2019-12-10 10:59:23 - [MESSAGE][PASSED] - Text 'reviews published so far – thank you!' is present on page 

2019-12-10 10:59:23 - [TEST_STEP][PASSED] - "------------------------------------": null

2019-12-10 10:59:23 - [TEST_STEP][PASSED] - " NEW FOOTER Details - 10/12/2019": null

2019-12-10 10:59:23 - [TEST_STEP][PASSED] - verifyTextPresent("I need a trade or service", false): Text 'I need a trade or service' is present on page 

2019-12-10 10:59:23 - [MESSAGE][PASSED] - Text 'I need a trade or service' is present on page 

2019-12-10 10:59:23 - [TEST_STEP][PASSED] - verifyTextPresent("Every trader thoroughly checked and vetted", false): Text 'Every trader thoroughly checked and vetted' is present on page 

2019-12-10 10:59:24 - [MESSAGE][PASSED] - Text 'Every trader thoroughly checked and vetted' is present on page 

2019-12-10 10:59:24 - [TEST_STEP][PASSED] - verifyTextPresent("Find out more", false): Text 'Find out more' is present on page 

2019-12-10 10:59:24 - [MESSAGE][PASSED] - Text 'Find out more' is present on page 

2019-12-10 10:59:24 - [TEST_STEP][PASSED] - verifyTextPresent("I am a tradesman", false): Text 'I am a tradesman' is present on page 

2019-12-10 10:59:25 - [MESSAGE][PASSED] - Text 'I am a tradesman' is present on page 

2019-12-10 10:59:25 - [TEST_STEP][PASSED] - verifyTextPresent("Over a million visits to Checkatrade each month", false): Text 'Over a million visits to Checkatrade each month' is present on page 

2019-12-10 10:59:25 - [MESSAGE][PASSED] - Text 'Over a million visits to Checkatrade each month' is present on page 

2019-12-10 10:59:25 - [TEST_STEP][PASSED] - verifyTextPresent("Find out more", false): Text 'Find out more' is present on page 

2019-12-10 10:59:26 - [MESSAGE][PASSED] - Text 'Find out more' is present on page 

2019-12-10 10:59:26 - [TEST_STEP][PASSED] - "------------------------------------": null

2019-12-10 10:59:26 - [TEST_STEP][PASSED] - "FOOTER": null

2019-12-10 10:59:26 - [TEST_STEP][PASSED] - verifyTextPresent("Trades", false): Text 'Trades' is present on page 

2019-12-10 10:59:26 - [MESSAGE][PASSED] - Text 'Trades' is present on page 

2019-12-10 10:59:26 - [TEST_STEP][PASSED] - verifyTextPresent("Homeowner", false): Text 'Homeowner' is present on page 

2019-12-10 10:59:27 - [MESSAGE][PASSED] - Text 'Homeowner' is present on page 

2019-12-10 10:59:27 - [TEST_STEP][PASSED] - verifyTextPresent("Company", false): Text 'Company' is present on page 

2019-12-10 10:59:27 - [MESSAGE][PASSED] - Text 'Company' is present on page 

2019-12-10 10:59:27 - [TEST_STEP][PASSED] - "------------------------------------": null

2019-12-10 10:59:27 - [TEST_STEP][PASSED] - "Social Media": null

2019-12-10 10:59:27 - [TEST_STEP][PASSED] - verifyTextPresent("Follow Us On", false): Text 'Follow Us On' is present on page 

2019-12-10 10:59:28 - [MESSAGE][PASSED] - Text 'Follow Us On' is present on page 

2019-12-10 10:59:28 - [MESSAGE][PASSED] - Call Test Case 'Test Cases/Reusable_Test_Sequences/CAT_Home' successfully

2019-12-10 10:59:28 - [TEST_STEP][PASSED] - "---------------------------------------------------------------------": null

2019-12-10 10:59:28 - [TEST_STEP][PASSED] - " Select Search on Trader Name (or ID) From Home page/Search Screen   |": null

2019-12-10 10:59:28 - [TEST_STEP][PASSED] - callTestCase(findTestCase("Reusable_Test_Sequences/CAT_Click_Search_Trade_Name"), [:], CONTINUE_ON_FAILURE): Call Test Case 'Test Cases/Reusable_Test_Sequences/CAT_Click_Search_Trade_Name' successfully

2019-12-10 10:59:28 - [TEST_CASE][PASSED] - Test Cases/Reusable_Test_Sequences/CAT_Click_Search_Trade_Name: Test Cases/Reusable_Test_Sequences/CAT_Click_Search_Trade_Name

2019-12-10 10:59:29 - [TEST_STEP][PASSED] - click(findTestObject("Page_Checkatrade Find a tradesperson you can trust/a_or look up a member by name")): Object: 'Object Repository/Page_Checkatrade Find a tradesperson you can trust/a_or look up a member by name' is clicked on

2019-12-10 10:59:29 - [MESSAGE][PASSED] - Object: 'Object Repository/Page_Checkatrade Find a tradesperson you can trust/a_or look up a member by name' is clicked on

2019-12-10 10:59:29 - [TEST_STEP][PASSED] - waitForPageLoad(60): Wait for page load successfully

2019-12-10 10:59:29 - [MESSAGE][PASSED] - Wait for page load successfully

2019-12-10 10:59:29 - [MESSAGE][PASSED] - Call Test Case 'Test Cases/Reusable_Test_Sequences/CAT_Click_Search_Trade_Name' successfully

2019-12-10 10:59:29 - [TEST_STEP][PASSED] - "---------------------------------------": null

2019-12-10 10:59:29 - [TEST_STEP][PASSED] - " Enter Trader Name (or ID) to Search   |": null

2019-12-10 10:59:29 - [TEST_STEP][PASSED] - callTestCase(findTestCase("Reusable_Test_Sequences/CAT_Enter_Trade_Name"), [:], CONTINUE_ON_FAILURE): Call Test Case 'Test Cases/Reusable_Test_Sequences/CAT_Enter_Trade_Name' successfully

2019-12-10 10:59:29 - [TEST_CASE][PASSED] - Test Cases/Reusable_Test_Sequences/CAT_Enter_Trade_Name: Test Cases/Reusable_Test_Sequences/CAT_Enter_Trade_Name

2019-12-10 10:59:30 - [TEST_STEP][PASSED] - setText(findTestObject("Page_Checkatrade Find a tradesperson you can trust/Trader_Name_To_Search"), findTestData("Search_CAT_ID_Data (1)").getValue("tradeName", row)): Text '218020' is set on object 'Object Repository/Page_Checkatrade Find a tradesperson you can trust/Trader_Name_To_Search'

2019-12-10 10:59:30 - [MESSAGE][PASSED] - Text '218020' is set on object 'Object Repository/Page_Checkatrade Find a tradesperson you can trust/Trader_Name_To_Search'

2019-12-10 10:59:30 - [MESSAGE][PASSED] - Call Test Case 'Test Cases/Reusable_Test_Sequences/CAT_Enter_Trade_Name' successfully

2019-12-10 10:59:30 - [TEST_STEP][PASSED] - "---------------------------------------": null

2019-12-10 10:59:30 - [TEST_STEP][PASSED] - " Search Trader Name (or ID)            |": null

2019-12-10 10:59:30 - [TEST_STEP][PASSED] - callTestCase(findTestCase("Reusable_Test_Sequences/CAT_Search_Trade_Name"), [:], CONTINUE_ON_FAILURE): Call Test Case 'Test Cases/Reusable_Test_Sequences/CAT_Search_Trade_Name' successfully

2019-12-10 10:59:30 - [TEST_CASE][PASSED] - Test Cases/Reusable_Test_Sequences/CAT_Search_Trade_Name: Test Cases/Reusable_Test_Sequences/CAT_Search_Trade_Name

2019-12-10 10:59:31 - [TEST_STEP][PASSED] - "Hit Search Trade Person by Name (or CAT ID) after parameters are entered": null

2019-12-10 10:59:31 - [TEST_STEP][PASSED] - waitForElementPresent(findTestObject("Page_Checkatrade Find a tradesperson you can trust/span_Trade_Name"), 60): Object 'Object Repository/Page_Checkatrade Find a tradesperson you can trust/span_Trade_Name' is present

2019-12-10 10:59:31 - [MESSAGE][PASSED] - Object 'Object Repository/Page_Checkatrade Find a tradesperson you can trust/span_Trade_Name' is present

2019-12-10 10:59:31 - [TEST_STEP][PASSED] - click(findTestObject("Page_Checkatrade Find a tradesperson you can trust/span_Trade_Name")): Object: 'Object Repository/Page_Checkatrade Find a tradesperson you can trust/span_Trade_Name' is clicked on

2019-12-10 10:59:35 - [MESSAGE][PASSED] - Object: 'Object Repository/Page_Checkatrade Find a tradesperson you can trust/span_Trade_Name' is clicked on

2019-12-10 10:59:35 - [TEST_STEP][PASSED] - delay(2): Delayed 2 second(s)

2019-12-10 10:59:37 - [MESSAGE][PASSED] - Delayed 2 second(s)

2019-12-10 10:59:37 - [TEST_STEP][PASSED] - waitForPageLoad(60): Wait for page load successfully

2019-12-10 10:59:37 - [MESSAGE][PASSED] - Wait for page load successfully

2019-12-10 10:59:37 - [MESSAGE][PASSED] - Call Test Case 'Test Cases/Reusable_Test_Sequences/CAT_Search_Trade_Name' successfully

2019-12-10 10:59:37 - [TEST_STEP][PASSED] - "------------------------------------------": null

2019-12-10 10:59:37 - [TEST_STEP][PASSED] - " Scroll to Page Footer to Reveal Results  |": null

2019-12-10 10:59:37 - [TEST_STEP][PASSED] - callTestCase(findTestCase("Reusable_Test_Sequences/CAT_Scroll_to_Footer"), [:], CONTINUE_ON_FAILURE): Call Test Case 'Test Cases/Reusable_Test_Sequences/CAT_Scroll_to_Footer' successfully

2019-12-10 10:59:37 - [TEST_CASE][PASSED] - Test Cases/Reusable_Test_Sequences/CAT_Scroll_to_Footer: Test Cases/Reusable_Test_Sequences/CAT_Scroll_to_Footer

2019-12-10 10:59:37 - [TEST_STEP][PASSED] - "-----------------------------------------------------": null

2019-12-10 10:59:37 - [TEST_STEP][PASSED] - " Major changes factored into function 05/12/2019     |": null

2019-12-10 10:59:37 - [TEST_STEP][PASSED] - "-----------------------------------------------------": null

2019-12-10 10:59:37 - [TEST_STEP][PASSED] - "Animation Removed ": null

2019-12-10 10:59:37 - [TEST_STEP][PASSED] - "Scroll - To Footer on the bottom of the page (sometime off the screen) ": null

2019-12-10 10:59:37 - [TEST_STEP][PASSED] - waitForPageLoad(60): Wait for page load successfully

2019-12-10 10:59:37 - [MESSAGE][PASSED] - Wait for page load successfully

2019-12-10 10:59:37 - [TEST_STEP][PASSED] - scrollToPosition(999, 999): Browser is scrolled to position x = 999, y = 999

2019-12-10 10:59:37 - [MESSAGE][PASSED] - Browser is scrolled to position x = 999, y = 999

2019-12-10 10:59:37 - [TEST_STEP][PASSED] - delay(1): Delayed 1 second(s)

2019-12-10 10:59:38 - [MESSAGE][PASSED] - Delayed 1 second(s)

2019-12-10 10:59:38 - [MESSAGE][PASSED] - Call Test Case 'Test Cases/Reusable_Test_Sequences/CAT_Scroll_to_Footer' successfully

2019-12-10 10:59:38 - [TEST_STEP][PASSED] - "------------------------------------------": null

2019-12-10 10:59:38 - [TEST_STEP][PASSED] - " Verify Correct Location is Returned     |": null

2019-12-10 10:59:38 - [TEST_STEP][PASSED] - callTestCase(findTestCase("Reusable_Test_Sequences/CAT_Verification_Location"), [:], CONTINUE_ON_FAILURE): Call Test Case 'Test Cases/Reusable_Test_Sequences/CAT_Verification_Location' successfully

2019-12-10 10:59:38 - [TEST_CASE][PASSED] - Test Cases/Reusable_Test_Sequences/CAT_Verification_Location: Test Cases/Reusable_Test_Sequences/CAT_Verification_Location

2019-12-10 10:59:39 - [TEST_STEP][PASSED] - verifyTextPresent(findTestData("Search_CAT_ID_Data (1)").getValue("tradeNameLocationVerification", row), false): Text 'Gosport, Hampshire' is present on page 

2019-12-10 10:59:40 - [MESSAGE][PASSED] - Text 'Gosport, Hampshire' is present on page 

2019-12-10 10:59:40 - [MESSAGE][PASSED] - Call Test Case 'Test Cases/Reusable_Test_Sequences/CAT_Verification_Location' successfully

2019-12-10 10:59:40 - [TEST_STEP][PASSED] - "------------------------------------------": null

2019-12-10 10:59:40 - [TEST_STEP][PASSED] - " Verify Primary Contact is Returned     |": null

2019-12-10 10:59:40 - [TEST_STEP][PASSED] - callTestCase(findTestCase("Reusable_Test_Sequences/CAT_Verification_Primary_Contact"), [:], CONTINUE_ON_FAILURE): Call Test Case 'Test Cases/Reusable_Test_Sequences/CAT_Verification_Primary_Contact' successfully

2019-12-10 10:59:40 - [TEST_CASE][PASSED] - Test Cases/Reusable_Test_Sequences/CAT_Verification_Primary_Contact: Test Cases/Reusable_Test_Sequences/CAT_Verification_Primary_Contact

2019-12-10 10:59:41 - [TEST_STEP][PASSED] - verifyTextPresent(findTestData("Search_CAT_ID_Data (1)").getValue("primeContact", row), false): Text 'Jim Foster' is present on page 

2019-12-10 10:59:42 - [MESSAGE][PASSED] - Text 'Jim Foster' is present on page 

2019-12-10 10:59:42 - [MESSAGE][PASSED] - Call Test Case 'Test Cases/Reusable_Test_Sequences/CAT_Verification_Primary_Contact' successfully

2019-12-10 10:59:42 - [TEST_STEP][PASSED] - "--------------------------": null

2019-12-10 10:59:42 - [TEST_STEP][PASSED] - " Teardown - CLose Browser |": null

2019-12-10 10:59:42 - [TEST_STEP][PASSED] - callTestCase(findTestCase("Reusable_Test_Sequences/CAT_Teardown"), [:], OPTIONAL): Call Test Case 'Test Cases/Reusable_Test_Sequences/CAT_Teardown' successfully

2019-12-10 10:59:42 - [TEST_CASE][PASSED] - Test Cases/Reusable_Test_Sequences/CAT_Teardown: Test Cases/Reusable_Test_Sequences/CAT_Teardown

2019-12-10 10:59:42 - [TEST_STEP][PASSED] - closeBrowser(): Browser is closed

2019-12-10 10:59:45 - [MESSAGE][PASSED] - Browser is closed

2019-12-10 10:59:45 - [MESSAGE][PASSED] - Call Test Case 'Test Cases/Reusable_Test_Sequences/CAT_Teardown' successfully

2019-12-10 10:59:45 - [TEST_STEP][PASSED] - callTestCase(findTestCase("Reusable_Test_Sequences/CAT_Setup"), [:], STOP_ON_FAILURE): Call Test Case 'Test Cases/Reusable_Test_Sequences/CAT_Setup' successfully

2019-12-10 10:59:45 - [TEST_CASE][PASSED] - Test Cases/Reusable_Test_Sequences/CAT_Setup: Test Cases/Reusable_Test_Sequences/CAT_Setup

2019-12-10 10:59:45 - [TEST_STEP][PASSED] - "URL - Set from the ENVIRONMENT PROFILE ": null

2019-12-10 10:59:45 - [TEST_STEP][PASSED] - openBrowser(URL): Browser is opened with url: 'https://www.preview.checkatrade.com/'

2019-12-10 10:59:45 - [MESSAGE][INFO] - Starting 'Firefox' driver

2019-12-10 10:59:53 - [MESSAGE][PASSED] - Browser is opened with url: 'https://www.preview.checkatrade.com/'

2019-12-10 10:59:53 - [TEST_STEP][PASSED] - maximizeWindow(): Current window maximized

2019-12-10 10:59:54 - [MESSAGE][PASSED] - Current window maximized

2019-12-10 10:59:54 - [TEST_STEP][PASSED] - waitForPageLoad(60): Wait for page load successfully

2019-12-10 10:59:54 - [MESSAGE][PASSED] - Wait for page load successfully

2019-12-10 10:59:54 - [TEST_STEP][PASSED] - "COOKIE - ORIGINAL": null

2019-12-10 10:59:54 - [TEST_STEP][PASSED] - try: Text 'For further information and to manage your cookie preferences, view Checkatrade's cookie policy' is not present on page

2019-12-10 10:59:54 - [TEST_STEP][PASSED] - verifyElementPresent(findTestObject("Object Repository/New_Home/Page_Checkatrade Find a tradesperson you can trust/div_Close"), 1, OPTIONAL): Object 'Object Repository/New_Home/Page_Checkatrade Find a tradesperson you can trust/div_Close' is present

2019-12-10 10:59:54 - [MESSAGE][PASSED] - Object 'Object Repository/New_Home/Page_Checkatrade Find a tradesperson you can trust/div_Close' is present

2019-12-10 10:59:54 - [TEST_STEP][PASSED] - click(findTestObject("Object Repository/New_Home/Page_Checkatrade Find a tradesperson you can trust/div_Close")): Object: 'Object Repository/New_Home/Page_Checkatrade Find a tradesperson you can trust/div_Close' is clicked on

2019-12-10 10:59:54 - [MESSAGE][PASSED] - Object: 'Object Repository/New_Home/Page_Checkatrade Find a tradesperson you can trust/div_Close' is clicked on

2019-12-10 10:59:54 - [TEST_STEP][PASSED] - "---------------------------------": null

2019-12-10 10:59:54 - [TEST_STEP][PASSED] - "COOKIE POPOUT REMOVED - Confirmed": null

2019-12-10 10:59:54 - [TEST_STEP][PASSED] - delay(1): Delayed 1 second(s)

2019-12-10 10:59:55 - [MESSAGE][PASSED] - Delayed 1 second(s)

2019-12-10 10:59:55 - [TEST_STEP][PASSED] - verifyTextNotPresent("Checkatrade.com uses cookies to make sure you get the best browsing experience", false): Text 'Checkatrade.com uses cookies to make sure you get the best browsing experience' is not present on page

2019-12-10 10:59:56 - [MESSAGE][PASSED] - Text 'Checkatrade.com uses cookies to make sure you get the best browsing experience' is not present on page

2019-12-10 10:59:56 - [TEST_STEP][PASSED] - verifyTextNotPresent("By continuing to use this website you are consenting to our use of cookies", false): Text 'By continuing to use this website you are consenting to our use of cookies' is not present on page

2019-12-10 10:59:57 - [MESSAGE][PASSED] - Text 'By continuing to use this website you are consenting to our use of cookies' is not present on page

2019-12-10 10:59:57 - [TEST_STEP][PASSED] - verifyTextNotPresent("For further information and to manage your cookie preferences, view Checkatrade's cookie policy", false): Text 'For further information and to manage your cookie preferences, view Checkatrade's cookie policy' is not present on page

2019-12-10 10:59:57 - [MESSAGE][PASSED] - Text 'For further information and to manage your cookie preferences, view Checkatrade's cookie policy' is not present on page

2019-12-10 10:59:58 - [MESSAGE][PASSED] - Call Test Case 'Test Cases/Reusable_Test_Sequences/CAT_Setup' successfully

2019-12-10 10:59:58 - [TEST_STEP][PASSED] - callTestCase(findTestCase("Reusable_Test_Sequences/CAT_Home"), [:], CONTINUE_ON_FAILURE): Call Test Case 'Test Cases/Reusable_Test_Sequences/CAT_Home' successfully

2019-12-10 10:59:58 - [TEST_CASE][PASSED] - Test Cases/Reusable_Test_Sequences/CAT_Home: Test Cases/Reusable_Test_Sequences/CAT_Home

2019-12-10 10:59:58 - [TEST_STEP][PASSED] - waitForPageLoad(10): Wait for page load successfully

2019-12-10 10:59:58 - [MESSAGE][PASSED] - Wait for page load successfully

2019-12-10 10:59:58 - [TEST_STEP][PASSED] - waitForElementClickable(findTestObject("Object Repository/Checkatrade_Trade_Search_Page/Page_Checkatrade Find a tradesperson you can trust/Page_Checkatrade Find a tradesperson you can trust/a_Search"), 60): Object 'Object Repository/Checkatrade_Trade_Search_Page/Page_Checkatrade Find a tradesperson you can trust/Page_Checkatrade Find a tradesperson you can trust/a_Search' is clickable

2019-12-10 10:59:58 - [MESSAGE][PASSED] - Object 'Object Repository/Checkatrade_Trade_Search_Page/Page_Checkatrade Find a tradesperson you can trust/Page_Checkatrade Find a tradesperson you can trust/a_Search' is clickable

2019-12-10 10:59:58 - [TEST_STEP][PASSED] - "------------------------------------": null

2019-12-10 10:59:58 - [TEST_STEP][PASSED] - verifyTextPresent("Helping you find the right trade or service", false): Text 'Helping you find the right trade or service' is present on page 

2019-12-10 10:59:59 - [MESSAGE][PASSED] - Text 'Helping you find the right trade or service' is present on page 

2019-12-10 10:59:59 - [TEST_STEP][PASSED] - verifyTextPresent("Search through over", false): Text 'Search through over' is present on page 

2019-12-10 10:59:59 - [MESSAGE][PASSED] - Text 'Search through over' is present on page 

2019-12-10 10:59:59 - [TEST_STEP][PASSED] - verifyTextPresent("recommended, vetted and monitored trades and service providers for free.", false): Text 'recommended, vetted and monitored trades and service providers for free.' is present on page 

2019-12-10 11:00:00 - [MESSAGE][PASSED] - Text 'recommended, vetted and monitored trades and service providers for free.' is present on page 

2019-12-10 11:00:00 - [TEST_STEP][PASSED] - verifyTextPresent("or look up a member by name", false): Text 'or look up a member by name' is present on page 

2019-12-10 11:00:00 - [MESSAGE][PASSED] - Text 'or look up a member by name' is present on page 

2019-12-10 11:00:00 - [TEST_STEP][PASSED] - verifyTextPresent("reviews published so far – thank you!", false): Text 'reviews published so far – thank you!' is present on page 

2019-12-10 11:00:01 - [MESSAGE][PASSED] - Text 'reviews published so far – thank you!' is present on page 

2019-12-10 11:00:01 - [TEST_STEP][PASSED] - "------------------------------------": null

2019-12-10 11:00:01 - [TEST_STEP][PASSED] - " NEW FOOTER Details - 10/12/2019": null

2019-12-10 11:00:01 - [TEST_STEP][PASSED] - verifyTextPresent("I need a trade or service", false): Text 'I need a trade or service' is present on page 

2019-12-10 11:00:01 - [MESSAGE][PASSED] - Text 'I need a trade or service' is present on page 

2019-12-10 11:00:01 - [TEST_STEP][PASSED] - verifyTextPresent("Every trader thoroughly checked and vetted", false): Text 'Every trader thoroughly checked and vetted' is present on page 

2019-12-10 11:00:02 - [MESSAGE][PASSED] - Text 'Every trader thoroughly checked and vetted' is present on page 

2019-12-10 11:00:02 - [TEST_STEP][PASSED] - verifyTextPresent("Find out more", false): Text 'Find out more' is present on page 

2019-12-10 11:00:03 - [MESSAGE][PASSED] - Text 'Find out more' is present on page 

2019-12-10 11:00:03 - [TEST_STEP][PASSED] - verifyTextPresent("I am a tradesman", false): Text 'I am a tradesman' is present on page 

2019-12-10 11:00:04 - [MESSAGE][PASSED] - Text 'I am a tradesman' is present on page 

2019-12-10 11:00:04 - [TEST_STEP][PASSED] - verifyTextPresent("Over a million visits to Checkatrade each month", false): Text 'Over a million visits to Checkatrade each month' is present on page 

2019-12-10 11:00:05 - [MESSAGE][PASSED] - Text 'Over a million visits to Checkatrade each month' is present on page 

2019-12-10 11:00:05 - [TEST_STEP][PASSED] - verifyTextPresent("Find out more", false): Text 'Find out more' is present on page 

2019-12-10 11:00:05 - [MESSAGE][PASSED] - Text 'Find out more' is present on page 

2019-12-10 11:00:05 - [TEST_STEP][PASSED] - "------------------------------------": null

2019-12-10 11:00:05 - [TEST_STEP][PASSED] - "FOOTER": null

2019-12-10 11:00:05 - [TEST_STEP][PASSED] - verifyTextPresent("Trades", false): Text 'Trades' is present on page 

2019-12-10 11:00:05 - [MESSAGE][PASSED] - Text 'Trades' is present on page 

2019-12-10 11:00:05 - [TEST_STEP][PASSED] - verifyTextPresent("Homeowner", false): Text 'Homeowner' is present on page 

2019-12-10 11:00:06 - [MESSAGE][PASSED] - Text 'Homeowner' is present on page 

2019-12-10 11:00:06 - [TEST_STEP][PASSED] - verifyTextPresent("Company", false): Text 'Company' is present on page 

2019-12-10 11:00:06 - [MESSAGE][PASSED] - Text 'Company' is present on page 

2019-12-10 11:00:06 - [TEST_STEP][PASSED] - "------------------------------------": null

2019-12-10 11:00:06 - [TEST_STEP][PASSED] - "Social Media": null

2019-12-10 11:00:06 - [TEST_STEP][PASSED] - verifyTextPresent("Follow Us On", false): Text 'Follow Us On' is present on page 

2019-12-10 11:00:06 - [MESSAGE][PASSED] - Text 'Follow Us On' is present on page 

2019-12-10 11:00:06 - [MESSAGE][PASSED] - Call Test Case 'Test Cases/Reusable_Test_Sequences/CAT_Home' successfully

2019-12-10 11:00:06 - [TEST_STEP][PASSED] - "---------------------------------------------------------------------": null

2019-12-10 11:00:06 - [TEST_STEP][PASSED] - " Select Search on Trader Name (or ID) From Home page/Search Screen   |": null

2019-12-10 11:00:06 - [TEST_STEP][PASSED] - callTestCase(findTestCase("Reusable_Test_Sequences/CAT_Click_Search_Trade_Name"), [:], CONTINUE_ON_FAILURE): Call Test Case 'Test Cases/Reusable_Test_Sequences/CAT_Click_Search_Trade_Name' successfully

2019-12-10 11:00:06 - [TEST_CASE][PASSED] - Test Cases/Reusable_Test_Sequences/CAT_Click_Search_Trade_Name: Test Cases/Reusable_Test_Sequences/CAT_Click_Search_Trade_Name

2019-12-10 11:00:06 - [TEST_STEP][PASSED] - click(findTestObject("Page_Checkatrade Find a tradesperson you can trust/a_or look up a member by name")): Object: 'Object Repository/Page_Checkatrade Find a tradesperson you can trust/a_or look up a member by name' is clicked on

2019-12-10 11:00:07 - [MESSAGE][PASSED] - Object: 'Object Repository/Page_Checkatrade Find a tradesperson you can trust/a_or look up a member by name' is clicked on

2019-12-10 11:00:07 - [TEST_STEP][PASSED] - waitForPageLoad(60): Wait for page load successfully

2019-12-10 11:00:07 - [MESSAGE][PASSED] - Wait for page load successfully

2019-12-10 11:00:07 - [MESSAGE][PASSED] - Call Test Case 'Test Cases/Reusable_Test_Sequences/CAT_Click_Search_Trade_Name' successfully

2019-12-10 11:00:07 - [TEST_STEP][PASSED] - "---------------------------------------": null

2019-12-10 11:00:07 - [TEST_STEP][PASSED] - " Enter Trader Name (or ID) to Search   |": null

2019-12-10 11:00:07 - [TEST_STEP][PASSED] - callTestCase(findTestCase("Reusable_Test_Sequences/CAT_Enter_Trade_Name"), [:], CONTINUE_ON_FAILURE): Call Test Case 'Test Cases/Reusable_Test_Sequences/CAT_Enter_Trade_Name' successfully

2019-12-10 11:00:07 - [TEST_CASE][PASSED] - Test Cases/Reusable_Test_Sequences/CAT_Enter_Trade_Name: Test Cases/Reusable_Test_Sequences/CAT_Enter_Trade_Name

2019-12-10 11:00:07 - [TEST_STEP][PASSED] - setText(findTestObject("Page_Checkatrade Find a tradesperson you can trust/Trader_Name_To_Search"), findTestData("Search_CAT_ID_Data (1)").getValue("tradeName", row)): Text '402921' is set on object 'Object Repository/Page_Checkatrade Find a tradesperson you can trust/Trader_Name_To_Search'

2019-12-10 11:00:07 - [MESSAGE][PASSED] - Text '402921' is set on object 'Object Repository/Page_Checkatrade Find a tradesperson you can trust/Trader_Name_To_Search'

2019-12-10 11:00:07 - [MESSAGE][PASSED] - Call Test Case 'Test Cases/Reusable_Test_Sequences/CAT_Enter_Trade_Name' successfully

2019-12-10 11:00:07 - [TEST_STEP][PASSED] - "---------------------------------------": null

2019-12-10 11:00:07 - [TEST_STEP][PASSED] - " Search Trader Name (or ID)            |": null

2019-12-10 11:00:07 - [TEST_STEP][PASSED] - callTestCase(findTestCase("Reusable_Test_Sequences/CAT_Search_Trade_Name"), [:], CONTINUE_ON_FAILURE): Call Test Case 'Test Cases/Reusable_Test_Sequences/CAT_Search_Trade_Name' successfully

2019-12-10 11:00:07 - [TEST_CASE][PASSED] - Test Cases/Reusable_Test_Sequences/CAT_Search_Trade_Name: Test Cases/Reusable_Test_Sequences/CAT_Search_Trade_Name

2019-12-10 11:00:07 - [TEST_STEP][PASSED] - "Hit Search Trade Person by Name (or CAT ID) after parameters are entered": null

2019-12-10 11:00:07 - [TEST_STEP][PASSED] - waitForElementPresent(findTestObject("Page_Checkatrade Find a tradesperson you can trust/span_Trade_Name"), 60): Object 'Object Repository/Page_Checkatrade Find a tradesperson you can trust/span_Trade_Name' is present

2019-12-10 11:00:08 - [MESSAGE][PASSED] - Object 'Object Repository/Page_Checkatrade Find a tradesperson you can trust/span_Trade_Name' is present

2019-12-10 11:00:08 - [TEST_STEP][PASSED] - click(findTestObject("Page_Checkatrade Find a tradesperson you can trust/span_Trade_Name")): Object: 'Object Repository/Page_Checkatrade Find a tradesperson you can trust/span_Trade_Name' is clicked on

2019-12-10 11:00:11 - [MESSAGE][PASSED] - Object: 'Object Repository/Page_Checkatrade Find a tradesperson you can trust/span_Trade_Name' is clicked on

2019-12-10 11:00:11 - [TEST_STEP][PASSED] - delay(2): Delayed 2 second(s)

2019-12-10 11:00:13 - [MESSAGE][PASSED] - Delayed 2 second(s)

2019-12-10 11:00:13 - [TEST_STEP][PASSED] - waitForPageLoad(60): Wait for page load successfully

2019-12-10 11:00:13 - [MESSAGE][PASSED] - Wait for page load successfully

2019-12-10 11:00:13 - [MESSAGE][PASSED] - Call Test Case 'Test Cases/Reusable_Test_Sequences/CAT_Search_Trade_Name' successfully

2019-12-10 11:00:13 - [TEST_STEP][PASSED] - "------------------------------------------": null

2019-12-10 11:00:13 - [TEST_STEP][PASSED] - " Scroll to Page Footer to Reveal Results  |": null

2019-12-10 11:00:13 - [TEST_STEP][PASSED] - callTestCase(findTestCase("Reusable_Test_Sequences/CAT_Scroll_to_Footer"), [:], CONTINUE_ON_FAILURE): Call Test Case 'Test Cases/Reusable_Test_Sequences/CAT_Scroll_to_Footer' successfully

2019-12-10 11:00:13 - [TEST_CASE][PASSED] - Test Cases/Reusable_Test_Sequences/CAT_Scroll_to_Footer: Test Cases/Reusable_Test_Sequences/CAT_Scroll_to_Footer

2019-12-10 11:00:13 - [TEST_STEP][PASSED] - "-----------------------------------------------------": null

2019-12-10 11:00:13 - [TEST_STEP][PASSED] - " Major changes factored into function 05/12/2019     |": null

2019-12-10 11:00:13 - [TEST_STEP][PASSED] - "-----------------------------------------------------": null

2019-12-10 11:00:13 - [TEST_STEP][PASSED] - "Animation Removed ": null

2019-12-10 11:00:13 - [TEST_STEP][PASSED] - "Scroll - To Footer on the bottom of the page (sometime off the screen) ": null

2019-12-10 11:00:13 - [TEST_STEP][PASSED] - waitForPageLoad(60): Wait for page load successfully

2019-12-10 11:00:13 - [MESSAGE][PASSED] - Wait for page load successfully

2019-12-10 11:00:13 - [TEST_STEP][PASSED] - scrollToPosition(999, 999): Browser is scrolled to position x = 999, y = 999

2019-12-10 11:00:13 - [MESSAGE][PASSED] - Browser is scrolled to position x = 999, y = 999

2019-12-10 11:00:13 - [TEST_STEP][PASSED] - delay(1): Delayed 1 second(s)

2019-12-10 11:00:14 - [MESSAGE][PASSED] - Delayed 1 second(s)

2019-12-10 11:00:14 - [MESSAGE][PASSED] - Call Test Case 'Test Cases/Reusable_Test_Sequences/CAT_Scroll_to_Footer' successfully

2019-12-10 11:00:14 - [TEST_STEP][PASSED] - "------------------------------------------": null

2019-12-10 11:00:14 - [TEST_STEP][PASSED] - " Verify Correct Location is Returned     |": null

2019-12-10 11:00:14 - [TEST_STEP][PASSED] - callTestCase(findTestCase("Reusable_Test_Sequences/CAT_Verification_Location"), [:], CONTINUE_ON_FAILURE): Call Test Case 'Test Cases/Reusable_Test_Sequences/CAT_Verification_Location' successfully

2019-12-10 11:00:14 - [TEST_CASE][PASSED] - Test Cases/Reusable_Test_Sequences/CAT_Verification_Location: Test Cases/Reusable_Test_Sequences/CAT_Verification_Location

2019-12-10 11:00:14 - [TEST_STEP][PASSED] - verifyTextPresent(findTestData("Search_CAT_ID_Data (1)").getValue("tradeNameLocationVerification", row), false): Text 'Retford, Nottinghamshire' is present on page 

2019-12-10 11:00:15 - [MESSAGE][PASSED] - Text 'Retford, Nottinghamshire' is present on page 

2019-12-10 11:00:15 - [MESSAGE][PASSED] - Call Test Case 'Test Cases/Reusable_Test_Sequences/CAT_Verification_Location' successfully

2019-12-10 11:00:15 - [TEST_STEP][PASSED] - "------------------------------------------": null

2019-12-10 11:00:15 - [TEST_STEP][PASSED] - " Verify Primary Contact is Returned     |": null

2019-12-10 11:00:15 - [TEST_STEP][PASSED] - callTestCase(findTestCase("Reusable_Test_Sequences/CAT_Verification_Primary_Contact"), [:], CONTINUE_ON_FAILURE): Call Test Case 'Test Cases/Reusable_Test_Sequences/CAT_Verification_Primary_Contact' successfully

2019-12-10 11:00:15 - [TEST_CASE][PASSED] - Test Cases/Reusable_Test_Sequences/CAT_Verification_Primary_Contact: Test Cases/Reusable_Test_Sequences/CAT_Verification_Primary_Contact

2019-12-10 11:00:15 - [TEST_STEP][PASSED] - verifyTextPresent(findTestData("Search_CAT_ID_Data (1)").getValue("primeContact", row), false): Text 'James Burton' is present on page 

2019-12-10 11:00:16 - [MESSAGE][PASSED] - Text 'James Burton' is present on page 

2019-12-10 11:00:16 - [MESSAGE][PASSED] - Call Test Case 'Test Cases/Reusable_Test_Sequences/CAT_Verification_Primary_Contact' successfully

2019-12-10 11:00:16 - [TEST_STEP][PASSED] - "--------------------------": null

2019-12-10 11:00:16 - [TEST_STEP][PASSED] - " Teardown - CLose Browser |": null

2019-12-10 11:00:16 - [TEST_STEP][PASSED] - callTestCase(findTestCase("Reusable_Test_Sequences/CAT_Teardown"), [:], OPTIONAL): Call Test Case 'Test Cases/Reusable_Test_Sequences/CAT_Teardown' successfully

2019-12-10 11:00:16 - [TEST_CASE][PASSED] - Test Cases/Reusable_Test_Sequences/CAT_Teardown: Test Cases/Reusable_Test_Sequences/CAT_Teardown

2019-12-10 11:00:16 - [TEST_STEP][PASSED] - closeBrowser(): Browser is closed

2019-12-10 11:00:20 - [MESSAGE][PASSED] - Browser is closed

2019-12-10 11:00:20 - [MESSAGE][PASSED] - Call Test Case 'Test Cases/Reusable_Test_Sequences/CAT_Teardown' successfully

2019-12-10 11:00:20 - [TEST_STEP][PASSED] - callTestCase(findTestCase("Reusable_Test_Sequences/CAT_Setup"), [:], STOP_ON_FAILURE): Call Test Case 'Test Cases/Reusable_Test_Sequences/CAT_Setup' successfully

2019-12-10 11:00:20 - [TEST_CASE][PASSED] - Test Cases/Reusable_Test_Sequences/CAT_Setup: Test Cases/Reusable_Test_Sequences/CAT_Setup

2019-12-10 11:00:20 - [TEST_STEP][PASSED] - "URL - Set from the ENVIRONMENT PROFILE ": null

2019-12-10 11:00:20 - [TEST_STEP][PASSED] - openBrowser(URL): Browser is opened with url: 'https://www.preview.checkatrade.com/'

2019-12-10 11:00:20 - [MESSAGE][INFO] - Starting 'Firefox' driver

2019-12-10 11:00:28 - [MESSAGE][PASSED] - Browser is opened with url: 'https://www.preview.checkatrade.com/'

2019-12-10 11:00:28 - [TEST_STEP][PASSED] - maximizeWindow(): Current window maximized

2019-12-10 11:00:29 - [MESSAGE][PASSED] - Current window maximized

2019-12-10 11:00:29 - [TEST_STEP][PASSED] - waitForPageLoad(60): Wait for page load successfully

2019-12-10 11:00:29 - [MESSAGE][PASSED] - Wait for page load successfully

2019-12-10 11:00:29 - [TEST_STEP][PASSED] - "COOKIE - ORIGINAL": null

2019-12-10 11:00:29 - [TEST_STEP][PASSED] - try: Text 'For further information and to manage your cookie preferences, view Checkatrade's cookie policy' is not present on page

2019-12-10 11:00:29 - [TEST_STEP][PASSED] - verifyElementPresent(findTestObject("Object Repository/New_Home/Page_Checkatrade Find a tradesperson you can trust/div_Close"), 1, OPTIONAL): Object 'Object Repository/New_Home/Page_Checkatrade Find a tradesperson you can trust/div_Close' is present

2019-12-10 11:00:29 - [MESSAGE][PASSED] - Object 'Object Repository/New_Home/Page_Checkatrade Find a tradesperson you can trust/div_Close' is present

2019-12-10 11:00:29 - [TEST_STEP][PASSED] - click(findTestObject("Object Repository/New_Home/Page_Checkatrade Find a tradesperson you can trust/div_Close")): Object: 'Object Repository/New_Home/Page_Checkatrade Find a tradesperson you can trust/div_Close' is clicked on

2019-12-10 11:00:29 - [MESSAGE][PASSED] - Object: 'Object Repository/New_Home/Page_Checkatrade Find a tradesperson you can trust/div_Close' is clicked on

2019-12-10 11:00:29 - [TEST_STEP][PASSED] - "---------------------------------": null

2019-12-10 11:00:29 - [TEST_STEP][PASSED] - "COOKIE POPOUT REMOVED - Confirmed": null

2019-12-10 11:00:29 - [TEST_STEP][PASSED] - delay(1): Delayed 1 second(s)

2019-12-10 11:00:30 - [MESSAGE][PASSED] - Delayed 1 second(s)

2019-12-10 11:00:30 - [TEST_STEP][PASSED] - verifyTextNotPresent("Checkatrade.com uses cookies to make sure you get the best browsing experience", false): Text 'Checkatrade.com uses cookies to make sure you get the best browsing experience' is not present on page

2019-12-10 11:00:31 - [MESSAGE][PASSED] - Text 'Checkatrade.com uses cookies to make sure you get the best browsing experience' is not present on page

2019-12-10 11:00:31 - [TEST_STEP][PASSED] - verifyTextNotPresent("By continuing to use this website you are consenting to our use of cookies", false): Text 'By continuing to use this website you are consenting to our use of cookies' is not present on page

2019-12-10 11:00:32 - [MESSAGE][PASSED] - Text 'By continuing to use this website you are consenting to our use of cookies' is not present on page

2019-12-10 11:00:32 - [TEST_STEP][PASSED] - verifyTextNotPresent("For further information and to manage your cookie preferences, view Checkatrade's cookie policy", false): Text 'For further information and to manage your cookie preferences, view Checkatrade's cookie policy' is not present on page

2019-12-10 11:00:33 - [MESSAGE][PASSED] - Text 'For further information and to manage your cookie preferences, view Checkatrade's cookie policy' is not present on page

2019-12-10 11:00:33 - [MESSAGE][PASSED] - Call Test Case 'Test Cases/Reusable_Test_Sequences/CAT_Setup' successfully

2019-12-10 11:00:33 - [TEST_STEP][PASSED] - callTestCase(findTestCase("Reusable_Test_Sequences/CAT_Home"), [:], CONTINUE_ON_FAILURE): Call Test Case 'Test Cases/Reusable_Test_Sequences/CAT_Home' successfully

2019-12-10 11:00:33 - [TEST_CASE][PASSED] - Test Cases/Reusable_Test_Sequences/CAT_Home: Test Cases/Reusable_Test_Sequences/CAT_Home

2019-12-10 11:00:33 - [TEST_STEP][PASSED] - waitForPageLoad(10): Wait for page load successfully

2019-12-10 11:00:33 - [MESSAGE][PASSED] - Wait for page load successfully

2019-12-10 11:00:33 - [TEST_STEP][PASSED] - waitForElementClickable(findTestObject("Object Repository/Checkatrade_Trade_Search_Page/Page_Checkatrade Find a tradesperson you can trust/Page_Checkatrade Find a tradesperson you can trust/a_Search"), 60): Object 'Object Repository/Checkatrade_Trade_Search_Page/Page_Checkatrade Find a tradesperson you can trust/Page_Checkatrade Find a tradesperson you can trust/a_Search' is clickable

2019-12-10 11:00:33 - [MESSAGE][PASSED] - Object 'Object Repository/Checkatrade_Trade_Search_Page/Page_Checkatrade Find a tradesperson you can trust/Page_Checkatrade Find a tradesperson you can trust/a_Search' is clickable

2019-12-10 11:00:33 - [TEST_STEP][PASSED] - "------------------------------------": null

2019-12-10 11:00:33 - [TEST_STEP][PASSED] - verifyTextPresent("Helping you find the right trade or service", false): Text 'Helping you find the right trade or service' is present on page 

2019-12-10 11:00:33 - [MESSAGE][PASSED] - Text 'Helping you find the right trade or service' is present on page 

2019-12-10 11:00:33 - [TEST_STEP][PASSED] - verifyTextPresent("Search through over", false): Text 'Search through over' is present on page 

2019-12-10 11:00:34 - [MESSAGE][PASSED] - Text 'Search through over' is present on page 

2019-12-10 11:00:34 - [TEST_STEP][PASSED] - verifyTextPresent("recommended, vetted and monitored trades and service providers for free.", false): Text 'recommended, vetted and monitored trades and service providers for free.' is present on page 

2019-12-10 11:00:34 - [MESSAGE][PASSED] - Text 'recommended, vetted and monitored trades and service providers for free.' is present on page 

2019-12-10 11:00:34 - [TEST_STEP][PASSED] - verifyTextPresent("or look up a member by name", false): Text 'or look up a member by name' is present on page 

2019-12-10 11:00:34 - [MESSAGE][PASSED] - Text 'or look up a member by name' is present on page 

2019-12-10 11:00:34 - [TEST_STEP][PASSED] - verifyTextPresent("reviews published so far – thank you!", false): Text 'reviews published so far – thank you!' is present on page 

2019-12-10 11:00:35 - [MESSAGE][PASSED] - Text 'reviews published so far – thank you!' is present on page 

2019-12-10 11:00:35 - [TEST_STEP][PASSED] - "------------------------------------": null

2019-12-10 11:00:35 - [TEST_STEP][PASSED] - " NEW FOOTER Details - 10/12/2019": null

2019-12-10 11:00:35 - [TEST_STEP][PASSED] - verifyTextPresent("I need a trade or service", false): Text 'I need a trade or service' is present on page 

2019-12-10 11:00:35 - [MESSAGE][PASSED] - Text 'I need a trade or service' is present on page 

2019-12-10 11:00:35 - [TEST_STEP][PASSED] - verifyTextPresent("Every trader thoroughly checked and vetted", false): Text 'Every trader thoroughly checked and vetted' is present on page 

2019-12-10 11:00:35 - [MESSAGE][PASSED] - Text 'Every trader thoroughly checked and vetted' is present on page 

2019-12-10 11:00:35 - [TEST_STEP][PASSED] - verifyTextPresent("Find out more", false): Text 'Find out more' is present on page 

2019-12-10 11:00:36 - [MESSAGE][PASSED] - Text 'Find out more' is present on page 

2019-12-10 11:00:36 - [TEST_STEP][PASSED] - verifyTextPresent("I am a tradesman", false): Text 'I am a tradesman' is present on page 

2019-12-10 11:00:36 - [MESSAGE][PASSED] - Text 'I am a tradesman' is present on page 

2019-12-10 11:00:36 - [TEST_STEP][PASSED] - verifyTextPresent("Over a million visits to Checkatrade each month", false): Text 'Over a million visits to Checkatrade each month' is present on page 

2019-12-10 11:00:37 - [MESSAGE][PASSED] - Text 'Over a million visits to Checkatrade each month' is present on page 

2019-12-10 11:00:37 - [TEST_STEP][PASSED] - verifyTextPresent("Find out more", false): Text 'Find out more' is present on page 

2019-12-10 11:00:37 - [MESSAGE][PASSED] - Text 'Find out more' is present on page 

2019-12-10 11:00:37 - [TEST_STEP][PASSED] - "------------------------------------": null

2019-12-10 11:00:37 - [TEST_STEP][PASSED] - "FOOTER": null

2019-12-10 11:00:37 - [TEST_STEP][PASSED] - verifyTextPresent("Trades", false): Text 'Trades' is present on page 

2019-12-10 11:00:37 - [MESSAGE][PASSED] - Text 'Trades' is present on page 

2019-12-10 11:00:37 - [TEST_STEP][PASSED] - verifyTextPresent("Homeowner", false): Text 'Homeowner' is present on page 

2019-12-10 11:00:38 - [MESSAGE][PASSED] - Text 'Homeowner' is present on page 

2019-12-10 11:00:38 - [TEST_STEP][PASSED] - verifyTextPresent("Company", false): Text 'Company' is present on page 

2019-12-10 11:00:38 - [MESSAGE][PASSED] - Text 'Company' is present on page 

2019-12-10 11:00:38 - [TEST_STEP][PASSED] - "------------------------------------": null

2019-12-10 11:00:38 - [TEST_STEP][PASSED] - "Social Media": null

2019-12-10 11:00:38 - [TEST_STEP][PASSED] - verifyTextPresent("Follow Us On", false): Text 'Follow Us On' is present on page 

2019-12-10 11:00:39 - [MESSAGE][PASSED] - Text 'Follow Us On' is present on page 

2019-12-10 11:00:39 - [MESSAGE][PASSED] - Call Test Case 'Test Cases/Reusable_Test_Sequences/CAT_Home' successfully

2019-12-10 11:00:39 - [TEST_STEP][PASSED] - "---------------------------------------------------------------------": null

2019-12-10 11:00:39 - [TEST_STEP][PASSED] - " Select Search on Trader Name (or ID) From Home page/Search Screen   |": null

2019-12-10 11:00:39 - [TEST_STEP][PASSED] - callTestCase(findTestCase("Reusable_Test_Sequences/CAT_Click_Search_Trade_Name"), [:], CONTINUE_ON_FAILURE): Call Test Case 'Test Cases/Reusable_Test_Sequences/CAT_Click_Search_Trade_Name' successfully

2019-12-10 11:00:39 - [TEST_CASE][PASSED] - Test Cases/Reusable_Test_Sequences/CAT_Click_Search_Trade_Name: Test Cases/Reusable_Test_Sequences/CAT_Click_Search_Trade_Name

2019-12-10 11:00:39 - [TEST_STEP][PASSED] - click(findTestObject("Page_Checkatrade Find a tradesperson you can trust/a_or look up a member by name")): Object: 'Object Repository/Page_Checkatrade Find a tradesperson you can trust/a_or look up a member by name' is clicked on

2019-12-10 11:00:39 - [MESSAGE][PASSED] - Object: 'Object Repository/Page_Checkatrade Find a tradesperson you can trust/a_or look up a member by name' is clicked on

2019-12-10 11:00:39 - [TEST_STEP][PASSED] - waitForPageLoad(60): Wait for page load successfully

2019-12-10 11:00:39 - [MESSAGE][PASSED] - Wait for page load successfully

2019-12-10 11:00:39 - [MESSAGE][PASSED] - Call Test Case 'Test Cases/Reusable_Test_Sequences/CAT_Click_Search_Trade_Name' successfully

2019-12-10 11:00:39 - [TEST_STEP][PASSED] - "---------------------------------------": null

2019-12-10 11:00:39 - [TEST_STEP][PASSED] - " Enter Trader Name (or ID) to Search   |": null

2019-12-10 11:00:39 - [TEST_STEP][PASSED] - callTestCase(findTestCase("Reusable_Test_Sequences/CAT_Enter_Trade_Name"), [:], CONTINUE_ON_FAILURE): Call Test Case 'Test Cases/Reusable_Test_Sequences/CAT_Enter_Trade_Name' successfully

2019-12-10 11:00:39 - [TEST_CASE][PASSED] - Test Cases/Reusable_Test_Sequences/CAT_Enter_Trade_Name: Test Cases/Reusable_Test_Sequences/CAT_Enter_Trade_Name

2019-12-10 11:00:39 - [TEST_STEP][PASSED] - setText(findTestObject("Page_Checkatrade Find a tradesperson you can trust/Trader_Name_To_Search"), findTestData("Search_CAT_ID_Data (1)").getValue("tradeName", row)): Text '308682' is set on object 'Object Repository/Page_Checkatrade Find a tradesperson you can trust/Trader_Name_To_Search'

2019-12-10 11:00:39 - [MESSAGE][PASSED] - Text '308682' is set on object 'Object Repository/Page_Checkatrade Find a tradesperson you can trust/Trader_Name_To_Search'

2019-12-10 11:00:39 - [MESSAGE][PASSED] - Call Test Case 'Test Cases/Reusable_Test_Sequences/CAT_Enter_Trade_Name' successfully

2019-12-10 11:00:39 - [TEST_STEP][PASSED] - "---------------------------------------": null

2019-12-10 11:00:39 - [TEST_STEP][PASSED] - " Search Trader Name (or ID)            |": null

2019-12-10 11:00:39 - [TEST_STEP][PASSED] - callTestCase(findTestCase("Reusable_Test_Sequences/CAT_Search_Trade_Name"), [:], CONTINUE_ON_FAILURE): Call Test Case 'Test Cases/Reusable_Test_Sequences/CAT_Search_Trade_Name' successfully

2019-12-10 11:00:39 - [TEST_CASE][PASSED] - Test Cases/Reusable_Test_Sequences/CAT_Search_Trade_Name: Test Cases/Reusable_Test_Sequences/CAT_Search_Trade_Name

2019-12-10 11:00:39 - [TEST_STEP][PASSED] - "Hit Search Trade Person by Name (or CAT ID) after parameters are entered": null

2019-12-10 11:00:39 - [TEST_STEP][PASSED] - waitForElementPresent(findTestObject("Page_Checkatrade Find a tradesperson you can trust/span_Trade_Name"), 60): Object 'Object Repository/Page_Checkatrade Find a tradesperson you can trust/span_Trade_Name' is present

2019-12-10 11:00:40 - [MESSAGE][PASSED] - Object 'Object Repository/Page_Checkatrade Find a tradesperson you can trust/span_Trade_Name' is present

2019-12-10 11:00:40 - [TEST_STEP][PASSED] - click(findTestObject("Page_Checkatrade Find a tradesperson you can trust/span_Trade_Name")): Object: 'Object Repository/Page_Checkatrade Find a tradesperson you can trust/span_Trade_Name' is clicked on

2019-12-10 11:00:44 - [MESSAGE][PASSED] - Object: 'Object Repository/Page_Checkatrade Find a tradesperson you can trust/span_Trade_Name' is clicked on

2019-12-10 11:00:44 - [TEST_STEP][PASSED] - delay(2): Delayed 2 second(s)

2019-12-10 11:00:46 - [MESSAGE][PASSED] - Delayed 2 second(s)

2019-12-10 11:00:46 - [TEST_STEP][PASSED] - waitForPageLoad(60): Wait for page load successfully

2019-12-10 11:00:46 - [MESSAGE][PASSED] - Wait for page load successfully

2019-12-10 11:00:46 - [MESSAGE][PASSED] - Call Test Case 'Test Cases/Reusable_Test_Sequences/CAT_Search_Trade_Name' successfully

2019-12-10 11:00:46 - [TEST_STEP][PASSED] - "------------------------------------------": null

2019-12-10 11:00:46 - [TEST_STEP][PASSED] - " Scroll to Page Footer to Reveal Results  |": null

2019-12-10 11:00:46 - [TEST_STEP][PASSED] - callTestCase(findTestCase("Reusable_Test_Sequences/CAT_Scroll_to_Footer"), [:], CONTINUE_ON_FAILURE): Call Test Case 'Test Cases/Reusable_Test_Sequences/CAT_Scroll_to_Footer' successfully

2019-12-10 11:00:46 - [TEST_CASE][PASSED] - Test Cases/Reusable_Test_Sequences/CAT_Scroll_to_Footer: Test Cases/Reusable_Test_Sequences/CAT_Scroll_to_Footer

2019-12-10 11:00:46 - [TEST_STEP][PASSED] - "-----------------------------------------------------": null

2019-12-10 11:00:46 - [TEST_STEP][PASSED] - " Major changes factored into function 05/12/2019     |": null

2019-12-10 11:00:46 - [TEST_STEP][PASSED] - "-----------------------------------------------------": null

2019-12-10 11:00:46 - [TEST_STEP][PASSED] - "Animation Removed ": null

2019-12-10 11:00:46 - [TEST_STEP][PASSED] - "Scroll - To Footer on the bottom of the page (sometime off the screen) ": null

2019-12-10 11:00:46 - [TEST_STEP][PASSED] - waitForPageLoad(60): Wait for page load successfully

2019-12-10 11:00:46 - [MESSAGE][PASSED] - Wait for page load successfully

2019-12-10 11:00:46 - [TEST_STEP][PASSED] - scrollToPosition(999, 999): Browser is scrolled to position x = 999, y = 999

2019-12-10 11:00:46 - [MESSAGE][PASSED] - Browser is scrolled to position x = 999, y = 999

2019-12-10 11:00:46 - [TEST_STEP][PASSED] - delay(1): Delayed 1 second(s)

2019-12-10 11:00:47 - [MESSAGE][PASSED] - Delayed 1 second(s)

2019-12-10 11:00:47 - [MESSAGE][PASSED] - Call Test Case 'Test Cases/Reusable_Test_Sequences/CAT_Scroll_to_Footer' successfully

2019-12-10 11:00:47 - [TEST_STEP][PASSED] - "------------------------------------------": null

2019-12-10 11:00:47 - [TEST_STEP][PASSED] - " Verify Correct Location is Returned     |": null

2019-12-10 11:00:47 - [TEST_STEP][PASSED] - callTestCase(findTestCase("Reusable_Test_Sequences/CAT_Verification_Location"), [:], CONTINUE_ON_FAILURE): Call Test Case 'Test Cases/Reusable_Test_Sequences/CAT_Verification_Location' successfully

2019-12-10 11:00:47 - [TEST_CASE][PASSED] - Test Cases/Reusable_Test_Sequences/CAT_Verification_Location: Test Cases/Reusable_Test_Sequences/CAT_Verification_Location

2019-12-10 11:00:47 - [TEST_STEP][PASSED] - verifyTextPresent(findTestData("Search_CAT_ID_Data (1)").getValue("tradeNameLocationVerification", row), false): Text 'Banbury, Oxfordshire' is present on page 

2019-12-10 11:00:48 - [MESSAGE][PASSED] - Text 'Banbury, Oxfordshire' is present on page 

2019-12-10 11:00:48 - [MESSAGE][PASSED] - Call Test Case 'Test Cases/Reusable_Test_Sequences/CAT_Verification_Location' successfully

2019-12-10 11:00:48 - [TEST_STEP][PASSED] - "------------------------------------------": null

2019-12-10 11:00:48 - [TEST_STEP][PASSED] - " Verify Primary Contact is Returned     |": null

2019-12-10 11:00:48 - [TEST_STEP][PASSED] - callTestCase(findTestCase("Reusable_Test_Sequences/CAT_Verification_Primary_Contact"), [:], CONTINUE_ON_FAILURE): Call Test Case 'Test Cases/Reusable_Test_Sequences/CAT_Verification_Primary_Contact' successfully

2019-12-10 11:00:48 - [TEST_CASE][PASSED] - Test Cases/Reusable_Test_Sequences/CAT_Verification_Primary_Contact: Test Cases/Reusable_Test_Sequences/CAT_Verification_Primary_Contact

2019-12-10 11:00:48 - [TEST_STEP][PASSED] - verifyTextPresent(findTestData("Search_CAT_ID_Data (1)").getValue("primeContact", row), false): Text 'Andrew Whitaker' is present on page 

2019-12-10 11:00:49 - [MESSAGE][PASSED] - Text 'Andrew Whitaker' is present on page 

2019-12-10 11:00:49 - [MESSAGE][PASSED] - Call Test Case 'Test Cases/Reusable_Test_Sequences/CAT_Verification_Primary_Contact' successfully

2019-12-10 11:00:49 - [TEST_STEP][PASSED] - "--------------------------": null

2019-12-10 11:00:49 - [TEST_STEP][PASSED] - " Teardown - CLose Browser |": null

2019-12-10 11:00:49 - [TEST_STEP][PASSED] - callTestCase(findTestCase("Reusable_Test_Sequences/CAT_Teardown"), [:], OPTIONAL): Call Test Case 'Test Cases/Reusable_Test_Sequences/CAT_Teardown' successfully

2019-12-10 11:00:49 - [TEST_CASE][PASSED] - Test Cases/Reusable_Test_Sequences/CAT_Teardown: Test Cases/Reusable_Test_Sequences/CAT_Teardown

2019-12-10 11:00:49 - [TEST_STEP][PASSED] - closeBrowser(): Browser is closed

2019-12-10 11:00:51 - [MESSAGE][PASSED] - Browser is closed

2019-12-10 11:00:51 - [MESSAGE][PASSED] - Call Test Case 'Test Cases/Reusable_Test_Sequences/CAT_Teardown' successfully

2019-12-10 11:00:51 - [TEST_STEP][PASSED] - callTestCase(findTestCase("Reusable_Test_Sequences/CAT_Setup"), [:], STOP_ON_FAILURE): Call Test Case 'Test Cases/Reusable_Test_Sequences/CAT_Setup' successfully

2019-12-10 11:00:51 - [TEST_CASE][PASSED] - Test Cases/Reusable_Test_Sequences/CAT_Setup: Test Cases/Reusable_Test_Sequences/CAT_Setup

2019-12-10 11:00:51 - [TEST_STEP][PASSED] - "URL - Set from the ENVIRONMENT PROFILE ": null

2019-12-10 11:00:51 - [TEST_STEP][PASSED] - openBrowser(URL): Browser is opened with url: 'https://www.preview.checkatrade.com/'

2019-12-10 11:00:51 - [MESSAGE][INFO] - Starting 'Firefox' driver

2019-12-10 11:01:00 - [MESSAGE][PASSED] - Browser is opened with url: 'https://www.preview.checkatrade.com/'

2019-12-10 11:01:00 - [TEST_STEP][PASSED] - maximizeWindow(): Current window maximized

2019-12-10 11:01:00 - [MESSAGE][PASSED] - Current window maximized

2019-12-10 11:01:00 - [TEST_STEP][PASSED] - waitForPageLoad(60): Wait for page load successfully

2019-12-10 11:01:00 - [MESSAGE][PASSED] - Wait for page load successfully

2019-12-10 11:01:00 - [TEST_STEP][PASSED] - "COOKIE - ORIGINAL": null

2019-12-10 11:01:00 - [TEST_STEP][PASSED] - try: Text 'For further information and to manage your cookie preferences, view Checkatrade's cookie policy' is not present on page

2019-12-10 11:01:00 - [TEST_STEP][PASSED] - verifyElementPresent(findTestObject("Object Repository/New_Home/Page_Checkatrade Find a tradesperson you can trust/div_Close"), 1, OPTIONAL): Object 'Object Repository/New_Home/Page_Checkatrade Find a tradesperson you can trust/div_Close' is present

2019-12-10 11:01:00 - [MESSAGE][PASSED] - Object 'Object Repository/New_Home/Page_Checkatrade Find a tradesperson you can trust/div_Close' is present

2019-12-10 11:01:00 - [TEST_STEP][PASSED] - click(findTestObject("Object Repository/New_Home/Page_Checkatrade Find a tradesperson you can trust/div_Close")): Object: 'Object Repository/New_Home/Page_Checkatrade Find a tradesperson you can trust/div_Close' is clicked on

2019-12-10 11:01:01 - [MESSAGE][PASSED] - Object: 'Object Repository/New_Home/Page_Checkatrade Find a tradesperson you can trust/div_Close' is clicked on

2019-12-10 11:01:01 - [TEST_STEP][PASSED] - "---------------------------------": null

2019-12-10 11:01:01 - [TEST_STEP][PASSED] - "COOKIE POPOUT REMOVED - Confirmed": null

2019-12-10 11:01:01 - [TEST_STEP][PASSED] - delay(1): Delayed 1 second(s)

2019-12-10 11:01:02 - [MESSAGE][PASSED] - Delayed 1 second(s)

2019-12-10 11:01:02 - [TEST_STEP][PASSED] - verifyTextNotPresent("Checkatrade.com uses cookies to make sure you get the best browsing experience", false): Text 'Checkatrade.com uses cookies to make sure you get the best browsing experience' is not present on page

2019-12-10 11:01:02 - [MESSAGE][PASSED] - Text 'Checkatrade.com uses cookies to make sure you get the best browsing experience' is not present on page

2019-12-10 11:01:02 - [TEST_STEP][PASSED] - verifyTextNotPresent("By continuing to use this website you are consenting to our use of cookies", false): Text 'By continuing to use this website you are consenting to our use of cookies' is not present on page

2019-12-10 11:01:02 - [MESSAGE][PASSED] - Text 'By continuing to use this website you are consenting to our use of cookies' is not present on page

2019-12-10 11:01:02 - [TEST_STEP][PASSED] - verifyTextNotPresent("For further information and to manage your cookie preferences, view Checkatrade's cookie policy", false): Text 'For further information and to manage your cookie preferences, view Checkatrade's cookie policy' is not present on page

2019-12-10 11:01:03 - [MESSAGE][PASSED] - Text 'For further information and to manage your cookie preferences, view Checkatrade's cookie policy' is not present on page

2019-12-10 11:01:03 - [MESSAGE][PASSED] - Call Test Case 'Test Cases/Reusable_Test_Sequences/CAT_Setup' successfully

2019-12-10 11:01:03 - [TEST_STEP][PASSED] - callTestCase(findTestCase("Reusable_Test_Sequences/CAT_Home"), [:], CONTINUE_ON_FAILURE): Call Test Case 'Test Cases/Reusable_Test_Sequences/CAT_Home' successfully

2019-12-10 11:01:03 - [TEST_CASE][PASSED] - Test Cases/Reusable_Test_Sequences/CAT_Home: Test Cases/Reusable_Test_Sequences/CAT_Home

2019-12-10 11:01:03 - [TEST_STEP][PASSED] - waitForPageLoad(10): Wait for page load successfully

2019-12-10 11:01:03 - [MESSAGE][PASSED] - Wait for page load successfully

2019-12-10 11:01:03 - [TEST_STEP][PASSED] - waitForElementClickable(findTestObject("Object Repository/Checkatrade_Trade_Search_Page/Page_Checkatrade Find a tradesperson you can trust/Page_Checkatrade Find a tradesperson you can trust/a_Search"), 60): Object 'Object Repository/Checkatrade_Trade_Search_Page/Page_Checkatrade Find a tradesperson you can trust/Page_Checkatrade Find a tradesperson you can trust/a_Search' is clickable

2019-12-10 11:01:03 - [MESSAGE][PASSED] - Object 'Object Repository/Checkatrade_Trade_Search_Page/Page_Checkatrade Find a tradesperson you can trust/Page_Checkatrade Find a tradesperson you can trust/a_Search' is clickable

2019-12-10 11:01:03 - [TEST_STEP][PASSED] - "------------------------------------": null

2019-12-10 11:01:03 - [TEST_STEP][PASSED] - verifyTextPresent("Helping you find the right trade or service", false): Text 'Helping you find the right trade or service' is present on page 

2019-12-10 11:01:03 - [MESSAGE][PASSED] - Text 'Helping you find the right trade or service' is present on page 

2019-12-10 11:01:03 - [TEST_STEP][PASSED] - verifyTextPresent("Search through over", false): Text 'Search through over' is present on page 

2019-12-10 11:01:03 - [MESSAGE][PASSED] - Text 'Search through over' is present on page 

2019-12-10 11:01:03 - [TEST_STEP][PASSED] - verifyTextPresent("recommended, vetted and monitored trades and service providers for free.", false): Text 'recommended, vetted and monitored trades and service providers for free.' is present on page 

2019-12-10 11:01:04 - [MESSAGE][PASSED] - Text 'recommended, vetted and monitored trades and service providers for free.' is present on page 

2019-12-10 11:01:04 - [TEST_STEP][PASSED] - verifyTextPresent("or look up a member by name", false): Text 'or look up a member by name' is present on page 

2019-12-10 11:01:04 - [MESSAGE][PASSED] - Text 'or look up a member by name' is present on page 

2019-12-10 11:01:04 - [TEST_STEP][PASSED] - verifyTextPresent("reviews published so far – thank you!", false): Text 'reviews published so far – thank you!' is present on page 

2019-12-10 11:01:05 - [MESSAGE][PASSED] - Text 'reviews published so far – thank you!' is present on page 

2019-12-10 11:01:05 - [TEST_STEP][PASSED] - "------------------------------------": null

2019-12-10 11:01:05 - [TEST_STEP][PASSED] - " NEW FOOTER Details - 10/12/2019": null

2019-12-10 11:01:05 - [TEST_STEP][PASSED] - verifyTextPresent("I need a trade or service", false): Text 'I need a trade or service' is present on page 

2019-12-10 11:01:05 - [MESSAGE][PASSED] - Text 'I need a trade or service' is present on page 

2019-12-10 11:01:05 - [TEST_STEP][PASSED] - verifyTextPresent("Every trader thoroughly checked and vetted", false): Text 'Every trader thoroughly checked and vetted' is present on page 

2019-12-10 11:01:06 - [MESSAGE][PASSED] - Text 'Every trader thoroughly checked and vetted' is present on page 

2019-12-10 11:01:06 - [TEST_STEP][PASSED] - verifyTextPresent("Find out more", false): Text 'Find out more' is present on page 

2019-12-10 11:01:06 - [MESSAGE][PASSED] - Text 'Find out more' is present on page 

2019-12-10 11:01:06 - [TEST_STEP][PASSED] - verifyTextPresent("I am a tradesman", false): Text 'I am a tradesman' is present on page 

2019-12-10 11:01:07 - [MESSAGE][PASSED] - Text 'I am a tradesman' is present on page 

2019-12-10 11:01:07 - [TEST_STEP][PASSED] - verifyTextPresent("Over a million visits to Checkatrade each month", false): Text 'Over a million visits to Checkatrade each month' is present on page 

2019-12-10 11:01:07 - [MESSAGE][PASSED] - Text 'Over a million visits to Checkatrade each month' is present on page 

2019-12-10 11:01:07 - [TEST_STEP][PASSED] - verifyTextPresent("Find out more", false): Text 'Find out more' is present on page 

2019-12-10 11:01:08 - [MESSAGE][PASSED] - Text 'Find out more' is present on page 

2019-12-10 11:01:08 - [TEST_STEP][PASSED] - "------------------------------------": null

2019-12-10 11:01:08 - [TEST_STEP][PASSED] - "FOOTER": null

2019-12-10 11:01:08 - [TEST_STEP][PASSED] - verifyTextPresent("Trades", false): Text 'Trades' is present on page 

2019-12-10 11:01:08 - [MESSAGE][PASSED] - Text 'Trades' is present on page 

2019-12-10 11:01:08 - [TEST_STEP][PASSED] - verifyTextPresent("Homeowner", false): Text 'Homeowner' is present on page 

2019-12-10 11:01:08 - [MESSAGE][PASSED] - Text 'Homeowner' is present on page 

2019-12-10 11:01:08 - [TEST_STEP][PASSED] - verifyTextPresent("Company", false): Text 'Company' is present on page 

2019-12-10 11:01:08 - [MESSAGE][PASSED] - Text 'Company' is present on page 

2019-12-10 11:01:08 - [TEST_STEP][PASSED] - "------------------------------------": null

2019-12-10 11:01:08 - [TEST_STEP][PASSED] - "Social Media": null

2019-12-10 11:01:08 - [TEST_STEP][PASSED] - verifyTextPresent("Follow Us On", false): Text 'Follow Us On' is present on page 

2019-12-10 11:01:09 - [MESSAGE][PASSED] - Text 'Follow Us On' is present on page 

2019-12-10 11:01:09 - [MESSAGE][PASSED] - Call Test Case 'Test Cases/Reusable_Test_Sequences/CAT_Home' successfully

2019-12-10 11:01:09 - [TEST_STEP][PASSED] - "---------------------------------------------------------------------": null

2019-12-10 11:01:09 - [TEST_STEP][PASSED] - " Select Search on Trader Name (or ID) From Home page/Search Screen   |": null

2019-12-10 11:01:09 - [TEST_STEP][PASSED] - callTestCase(findTestCase("Reusable_Test_Sequences/CAT_Click_Search_Trade_Name"), [:], CONTINUE_ON_FAILURE): Call Test Case 'Test Cases/Reusable_Test_Sequences/CAT_Click_Search_Trade_Name' successfully

2019-12-10 11:01:09 - [TEST_CASE][PASSED] - Test Cases/Reusable_Test_Sequences/CAT_Click_Search_Trade_Name: Test Cases/Reusable_Test_Sequences/CAT_Click_Search_Trade_Name

2019-12-10 11:01:09 - [TEST_STEP][PASSED] - click(findTestObject("Page_Checkatrade Find a tradesperson you can trust/a_or look up a member by name")): Object: 'Object Repository/Page_Checkatrade Find a tradesperson you can trust/a_or look up a member by name' is clicked on

2019-12-10 11:01:09 - [MESSAGE][PASSED] - Object: 'Object Repository/Page_Checkatrade Find a tradesperson you can trust/a_or look up a member by name' is clicked on

2019-12-10 11:01:09 - [TEST_STEP][PASSED] - waitForPageLoad(60): Wait for page load successfully

2019-12-10 11:01:09 - [MESSAGE][PASSED] - Wait for page load successfully

2019-12-10 11:01:09 - [MESSAGE][PASSED] - Call Test Case 'Test Cases/Reusable_Test_Sequences/CAT_Click_Search_Trade_Name' successfully

2019-12-10 11:01:09 - [TEST_STEP][PASSED] - "---------------------------------------": null

2019-12-10 11:01:09 - [TEST_STEP][PASSED] - " Enter Trader Name (or ID) to Search   |": null

2019-12-10 11:01:09 - [TEST_STEP][PASSED] - callTestCase(findTestCase("Reusable_Test_Sequences/CAT_Enter_Trade_Name"), [:], CONTINUE_ON_FAILURE): Call Test Case 'Test Cases/Reusable_Test_Sequences/CAT_Enter_Trade_Name' successfully

2019-12-10 11:01:09 - [TEST_CASE][PASSED] - Test Cases/Reusable_Test_Sequences/CAT_Enter_Trade_Name: Test Cases/Reusable_Test_Sequences/CAT_Enter_Trade_Name

2019-12-10 11:01:09 - [TEST_STEP][PASSED] - setText(findTestObject("Page_Checkatrade Find a tradesperson you can trust/Trader_Name_To_Search"), findTestData("Search_CAT_ID_Data (1)").getValue("tradeName", row)): Text '230761' is set on object 'Object Repository/Page_Checkatrade Find a tradesperson you can trust/Trader_Name_To_Search'

2019-12-10 11:01:09 - [MESSAGE][PASSED] - Text '230761' is set on object 'Object Repository/Page_Checkatrade Find a tradesperson you can trust/Trader_Name_To_Search'

2019-12-10 11:01:09 - [MESSAGE][PASSED] - Call Test Case 'Test Cases/Reusable_Test_Sequences/CAT_Enter_Trade_Name' successfully

2019-12-10 11:01:09 - [TEST_STEP][PASSED] - "---------------------------------------": null

2019-12-10 11:01:09 - [TEST_STEP][PASSED] - " Search Trader Name (or ID)            |": null

2019-12-10 11:01:09 - [TEST_STEP][PASSED] - callTestCase(findTestCase("Reusable_Test_Sequences/CAT_Search_Trade_Name"), [:], CONTINUE_ON_FAILURE): Call Test Case 'Test Cases/Reusable_Test_Sequences/CAT_Search_Trade_Name' successfully

2019-12-10 11:01:09 - [TEST_CASE][PASSED] - Test Cases/Reusable_Test_Sequences/CAT_Search_Trade_Name: Test Cases/Reusable_Test_Sequences/CAT_Search_Trade_Name

2019-12-10 11:01:09 - [TEST_STEP][PASSED] - "Hit Search Trade Person by Name (or CAT ID) after parameters are entered": null

2019-12-10 11:01:09 - [TEST_STEP][PASSED] - waitForElementPresent(findTestObject("Page_Checkatrade Find a tradesperson you can trust/span_Trade_Name"), 60): Object 'Object Repository/Page_Checkatrade Find a tradesperson you can trust/span_Trade_Name' is present

2019-12-10 11:01:10 - [MESSAGE][PASSED] - Object 'Object Repository/Page_Checkatrade Find a tradesperson you can trust/span_Trade_Name' is present

2019-12-10 11:01:10 - [TEST_STEP][PASSED] - click(findTestObject("Page_Checkatrade Find a tradesperson you can trust/span_Trade_Name")): Object: 'Object Repository/Page_Checkatrade Find a tradesperson you can trust/span_Trade_Name' is clicked on

2019-12-10 11:01:14 - [MESSAGE][PASSED] - Object: 'Object Repository/Page_Checkatrade Find a tradesperson you can trust/span_Trade_Name' is clicked on

2019-12-10 11:01:14 - [TEST_STEP][PASSED] - delay(2): Delayed 2 second(s)

2019-12-10 11:01:16 - [MESSAGE][PASSED] - Delayed 2 second(s)

2019-12-10 11:01:16 - [TEST_STEP][PASSED] - waitForPageLoad(60): Wait for page load successfully

2019-12-10 11:01:16 - [MESSAGE][PASSED] - Wait for page load successfully

2019-12-10 11:01:16 - [MESSAGE][PASSED] - Call Test Case 'Test Cases/Reusable_Test_Sequences/CAT_Search_Trade_Name' successfully

2019-12-10 11:01:16 - [TEST_STEP][PASSED] - "------------------------------------------": null

2019-12-10 11:01:16 - [TEST_STEP][PASSED] - " Scroll to Page Footer to Reveal Results  |": null

2019-12-10 11:01:16 - [TEST_STEP][PASSED] - callTestCase(findTestCase("Reusable_Test_Sequences/CAT_Scroll_to_Footer"), [:], CONTINUE_ON_FAILURE): Call Test Case 'Test Cases/Reusable_Test_Sequences/CAT_Scroll_to_Footer' successfully

2019-12-10 11:01:16 - [TEST_CASE][PASSED] - Test Cases/Reusable_Test_Sequences/CAT_Scroll_to_Footer: Test Cases/Reusable_Test_Sequences/CAT_Scroll_to_Footer

2019-12-10 11:01:16 - [TEST_STEP][PASSED] - "-----------------------------------------------------": null

2019-12-10 11:01:16 - [TEST_STEP][PASSED] - " Major changes factored into function 05/12/2019     |": null

2019-12-10 11:01:16 - [TEST_STEP][PASSED] - "-----------------------------------------------------": null

2019-12-10 11:01:16 - [TEST_STEP][PASSED] - "Animation Removed ": null

2019-12-10 11:01:16 - [TEST_STEP][PASSED] - "Scroll - To Footer on the bottom of the page (sometime off the screen) ": null

2019-12-10 11:01:16 - [TEST_STEP][PASSED] - waitForPageLoad(60): Wait for page load successfully

2019-12-10 11:01:16 - [MESSAGE][PASSED] - Wait for page load successfully

2019-12-10 11:01:16 - [TEST_STEP][PASSED] - scrollToPosition(999, 999): Browser is scrolled to position x = 999, y = 999

2019-12-10 11:01:16 - [MESSAGE][PASSED] - Browser is scrolled to position x = 999, y = 999

2019-12-10 11:01:16 - [TEST_STEP][PASSED] - delay(1): Delayed 1 second(s)

2019-12-10 11:01:17 - [MESSAGE][PASSED] - Delayed 1 second(s)

2019-12-10 11:01:17 - [MESSAGE][PASSED] - Call Test Case 'Test Cases/Reusable_Test_Sequences/CAT_Scroll_to_Footer' successfully

2019-12-10 11:01:17 - [TEST_STEP][PASSED] - "------------------------------------------": null

2019-12-10 11:01:17 - [TEST_STEP][PASSED] - " Verify Correct Location is Returned     |": null

2019-12-10 11:01:17 - [TEST_STEP][PASSED] - callTestCase(findTestCase("Reusable_Test_Sequences/CAT_Verification_Location"), [:], CONTINUE_ON_FAILURE): Call Test Case 'Test Cases/Reusable_Test_Sequences/CAT_Verification_Location' successfully

2019-12-10 11:01:17 - [TEST_CASE][PASSED] - Test Cases/Reusable_Test_Sequences/CAT_Verification_Location: Test Cases/Reusable_Test_Sequences/CAT_Verification_Location

2019-12-10 11:01:17 - [TEST_STEP][PASSED] - verifyTextPresent(findTestData("Search_CAT_ID_Data (1)").getValue("tradeNameLocationVerification", row), false): Text 'Rustington, West Sussex' is present on page 

2019-12-10 11:01:19 - [MESSAGE][PASSED] - Text 'Rustington, West Sussex' is present on page 

2019-12-10 11:01:19 - [MESSAGE][PASSED] - Call Test Case 'Test Cases/Reusable_Test_Sequences/CAT_Verification_Location' successfully

2019-12-10 11:01:19 - [TEST_STEP][PASSED] - "------------------------------------------": null

2019-12-10 11:01:19 - [TEST_STEP][PASSED] - " Verify Primary Contact is Returned     |": null

2019-12-10 11:01:19 - [TEST_STEP][PASSED] - callTestCase(findTestCase("Reusable_Test_Sequences/CAT_Verification_Primary_Contact"), [:], CONTINUE_ON_FAILURE): Call Test Case 'Test Cases/Reusable_Test_Sequences/CAT_Verification_Primary_Contact' successfully

2019-12-10 11:01:19 - [TEST_CASE][PASSED] - Test Cases/Reusable_Test_Sequences/CAT_Verification_Primary_Contact: Test Cases/Reusable_Test_Sequences/CAT_Verification_Primary_Contact

2019-12-10 11:01:19 - [TEST_STEP][PASSED] - verifyTextPresent(findTestData("Search_CAT_ID_Data (1)").getValue("primeContact", row), false): Text 'David Clarke' is present on page 

2019-12-10 11:01:20 - [MESSAGE][PASSED] - Text 'David Clarke' is present on page 

2019-12-10 11:01:20 - [MESSAGE][PASSED] - Call Test Case 'Test Cases/Reusable_Test_Sequences/CAT_Verification_Primary_Contact' successfully

2019-12-10 11:01:20 - [TEST_STEP][PASSED] - "--------------------------": null

2019-12-10 11:01:20 - [TEST_STEP][PASSED] - " Teardown - CLose Browser |": null

2019-12-10 11:01:20 - [TEST_STEP][PASSED] - callTestCase(findTestCase("Reusable_Test_Sequences/CAT_Teardown"), [:], OPTIONAL): Call Test Case 'Test Cases/Reusable_Test_Sequences/CAT_Teardown' successfully

2019-12-10 11:01:20 - [TEST_CASE][PASSED] - Test Cases/Reusable_Test_Sequences/CAT_Teardown: Test Cases/Reusable_Test_Sequences/CAT_Teardown

2019-12-10 11:01:20 - [TEST_STEP][PASSED] - closeBrowser(): Browser is closed

2019-12-10 11:01:22 - [MESSAGE][PASSED] - Browser is closed

2019-12-10 11:01:22 - [MESSAGE][PASSED] - Call Test Case 'Test Cases/Reusable_Test_Sequences/CAT_Teardown' successfully

2019-12-10 11:01:22 - [TEST_STEP][PASSED] - callTestCase(findTestCase("Reusable_Test_Sequences/CAT_Setup"), [:], STOP_ON_FAILURE): Call Test Case 'Test Cases/Reusable_Test_Sequences/CAT_Setup' successfully

2019-12-10 11:01:22 - [TEST_CASE][PASSED] - Test Cases/Reusable_Test_Sequences/CAT_Setup: Test Cases/Reusable_Test_Sequences/CAT_Setup

2019-12-10 11:01:22 - [TEST_STEP][PASSED] - "URL - Set from the ENVIRONMENT PROFILE ": null

2019-12-10 11:01:22 - [TEST_STEP][PASSED] - openBrowser(URL): Browser is opened with url: 'https://www.preview.checkatrade.com/'

2019-12-10 11:01:22 - [MESSAGE][INFO] - Starting 'Firefox' driver

2019-12-10 11:01:30 - [MESSAGE][PASSED] - Browser is opened with url: 'https://www.preview.checkatrade.com/'

2019-12-10 11:01:30 - [TEST_STEP][PASSED] - maximizeWindow(): Current window maximized

2019-12-10 11:01:31 - [MESSAGE][PASSED] - Current window maximized

2019-12-10 11:01:31 - [TEST_STEP][PASSED] - waitForPageLoad(60): Wait for page load successfully

2019-12-10 11:01:31 - [MESSAGE][PASSED] - Wait for page load successfully

2019-12-10 11:01:31 - [TEST_STEP][PASSED] - "COOKIE - ORIGINAL": null

2019-12-10 11:01:31 - [TEST_STEP][PASSED] - try: Text 'For further information and to manage your cookie preferences, view Checkatrade's cookie policy' is not present on page

2019-12-10 11:01:31 - [TEST_STEP][PASSED] - verifyElementPresent(findTestObject("Object Repository/New_Home/Page_Checkatrade Find a tradesperson you can trust/div_Close"), 1, OPTIONAL): Object 'Object Repository/New_Home/Page_Checkatrade Find a tradesperson you can trust/div_Close' is present

2019-12-10 11:01:31 - [MESSAGE][PASSED] - Object 'Object Repository/New_Home/Page_Checkatrade Find a tradesperson you can trust/div_Close' is present

2019-12-10 11:01:31 - [TEST_STEP][PASSED] - click(findTestObject("Object Repository/New_Home/Page_Checkatrade Find a tradesperson you can trust/div_Close")): Object: 'Object Repository/New_Home/Page_Checkatrade Find a tradesperson you can trust/div_Close' is clicked on

2019-12-10 11:01:31 - [MESSAGE][PASSED] - Object: 'Object Repository/New_Home/Page_Checkatrade Find a tradesperson you can trust/div_Close' is clicked on

2019-12-10 11:01:31 - [TEST_STEP][PASSED] - "---------------------------------": null

2019-12-10 11:01:31 - [TEST_STEP][PASSED] - "COOKIE POPOUT REMOVED - Confirmed": null

2019-12-10 11:01:31 - [TEST_STEP][PASSED] - delay(1): Delayed 1 second(s)

2019-12-10 11:01:32 - [MESSAGE][PASSED] - Delayed 1 second(s)

2019-12-10 11:01:32 - [TEST_STEP][PASSED] - verifyTextNotPresent("Checkatrade.com uses cookies to make sure you get the best browsing experience", false): Text 'Checkatrade.com uses cookies to make sure you get the best browsing experience' is not present on page

2019-12-10 11:01:33 - [MESSAGE][PASSED] - Text 'Checkatrade.com uses cookies to make sure you get the best browsing experience' is not present on page

2019-12-10 11:01:33 - [TEST_STEP][PASSED] - verifyTextNotPresent("By continuing to use this website you are consenting to our use of cookies", false): Text 'By continuing to use this website you are consenting to our use of cookies' is not present on page

2019-12-10 11:01:33 - [MESSAGE][PASSED] - Text 'By continuing to use this website you are consenting to our use of cookies' is not present on page

2019-12-10 11:01:33 - [TEST_STEP][PASSED] - verifyTextNotPresent("For further information and to manage your cookie preferences, view Checkatrade's cookie policy", false): Text 'For further information and to manage your cookie preferences, view Checkatrade's cookie policy' is not present on page

2019-12-10 11:01:34 - [MESSAGE][PASSED] - Text 'For further information and to manage your cookie preferences, view Checkatrade's cookie policy' is not present on page

2019-12-10 11:01:34 - [MESSAGE][PASSED] - Call Test Case 'Test Cases/Reusable_Test_Sequences/CAT_Setup' successfully

2019-12-10 11:01:34 - [TEST_STEP][PASSED] - callTestCase(findTestCase("Reusable_Test_Sequences/CAT_Home"), [:], CONTINUE_ON_FAILURE): Call Test Case 'Test Cases/Reusable_Test_Sequences/CAT_Home' successfully

2019-12-10 11:01:34 - [TEST_CASE][PASSED] - Test Cases/Reusable_Test_Sequences/CAT_Home: Test Cases/Reusable_Test_Sequences/CAT_Home

2019-12-10 11:01:34 - [TEST_STEP][PASSED] - waitForPageLoad(10): Wait for page load successfully

2019-12-10 11:01:34 - [MESSAGE][PASSED] - Wait for page load successfully

2019-12-10 11:01:34 - [TEST_STEP][PASSED] - waitForElementClickable(findTestObject("Object Repository/Checkatrade_Trade_Search_Page/Page_Checkatrade Find a tradesperson you can trust/Page_Checkatrade Find a tradesperson you can trust/a_Search"), 60): Object 'Object Repository/Checkatrade_Trade_Search_Page/Page_Checkatrade Find a tradesperson you can trust/Page_Checkatrade Find a tradesperson you can trust/a_Search' is clickable

2019-12-10 11:01:34 - [MESSAGE][PASSED] - Object 'Object Repository/Checkatrade_Trade_Search_Page/Page_Checkatrade Find a tradesperson you can trust/Page_Checkatrade Find a tradesperson you can trust/a_Search' is clickable

2019-12-10 11:01:34 - [TEST_STEP][PASSED] - "------------------------------------": null

2019-12-10 11:01:34 - [TEST_STEP][PASSED] - verifyTextPresent("Helping you find the right trade or service", false): Text 'Helping you find the right trade or service' is present on page 

2019-12-10 11:01:34 - [MESSAGE][PASSED] - Text 'Helping you find the right trade or service' is present on page 

2019-12-10 11:01:34 - [TEST_STEP][PASSED] - verifyTextPresent("Search through over", false): Text 'Search through over' is present on page 

2019-12-10 11:01:35 - [MESSAGE][PASSED] - Text 'Search through over' is present on page 

2019-12-10 11:01:35 - [TEST_STEP][PASSED] - verifyTextPresent("recommended, vetted and monitored trades and service providers for free.", false): Text 'recommended, vetted and monitored trades and service providers for free.' is present on page 

2019-12-10 11:01:35 - [MESSAGE][PASSED] - Text 'recommended, vetted and monitored trades and service providers for free.' is present on page 

2019-12-10 11:01:35 - [TEST_STEP][PASSED] - verifyTextPresent("or look up a member by name", false): Text 'or look up a member by name' is present on page 

2019-12-10 11:01:35 - [MESSAGE][PASSED] - Text 'or look up a member by name' is present on page 

2019-12-10 11:01:35 - [TEST_STEP][PASSED] - verifyTextPresent("reviews published so far – thank you!", false): Text 'reviews published so far – thank you!' is present on page 

2019-12-10 11:01:35 - [MESSAGE][PASSED] - Text 'reviews published so far – thank you!' is present on page 

2019-12-10 11:01:35 - [TEST_STEP][PASSED] - "------------------------------------": null

2019-12-10 11:01:35 - [TEST_STEP][PASSED] - " NEW FOOTER Details - 10/12/2019": null

2019-12-10 11:01:35 - [TEST_STEP][PASSED] - verifyTextPresent("I need a trade or service", false): Text 'I need a trade or service' is present on page 

2019-12-10 11:01:36 - [MESSAGE][PASSED] - Text 'I need a trade or service' is present on page 

2019-12-10 11:01:36 - [TEST_STEP][PASSED] - verifyTextPresent("Every trader thoroughly checked and vetted", false): Text 'Every trader thoroughly checked and vetted' is present on page 

2019-12-10 11:01:36 - [MESSAGE][PASSED] - Text 'Every trader thoroughly checked and vetted' is present on page 

2019-12-10 11:01:36 - [TEST_STEP][PASSED] - verifyTextPresent("Find out more", false): Text 'Find out more' is present on page 

2019-12-10 11:01:36 - [MESSAGE][PASSED] - Text 'Find out more' is present on page 

2019-12-10 11:01:36 - [TEST_STEP][PASSED] - verifyTextPresent("I am a tradesman", false): Text 'I am a tradesman' is present on page 

2019-12-10 11:01:37 - [MESSAGE][PASSED] - Text 'I am a tradesman' is present on page 

2019-12-10 11:01:37 - [TEST_STEP][PASSED] - verifyTextPresent("Over a million visits to Checkatrade each month", false): Text 'Over a million visits to Checkatrade each month' is present on page 

2019-12-10 11:01:37 - [MESSAGE][PASSED] - Text 'Over a million visits to Checkatrade each month' is present on page 

2019-12-10 11:01:37 - [TEST_STEP][PASSED] - verifyTextPresent("Find out more", false): Text 'Find out more' is present on page 

2019-12-10 11:01:38 - [MESSAGE][PASSED] - Text 'Find out more' is present on page 

2019-12-10 11:01:38 - [TEST_STEP][PASSED] - "------------------------------------": null

2019-12-10 11:01:38 - [TEST_STEP][PASSED] - "FOOTER": null

2019-12-10 11:01:38 - [TEST_STEP][PASSED] - verifyTextPresent("Trades", false): Text 'Trades' is present on page 

2019-12-10 11:01:38 - [MESSAGE][PASSED] - Text 'Trades' is present on page 

2019-12-10 11:01:38 - [TEST_STEP][PASSED] - verifyTextPresent("Homeowner", false): Text 'Homeowner' is present on page 

2019-12-10 11:01:39 - [MESSAGE][PASSED] - Text 'Homeowner' is present on page 

2019-12-10 11:01:39 - [TEST_STEP][PASSED] - verifyTextPresent("Company", false): Text 'Company' is present on page 

2019-12-10 11:01:39 - [MESSAGE][PASSED] - Text 'Company' is present on page 

2019-12-10 11:01:39 - [TEST_STEP][PASSED] - "------------------------------------": null

2019-12-10 11:01:39 - [TEST_STEP][PASSED] - "Social Media": null

2019-12-10 11:01:39 - [TEST_STEP][PASSED] - verifyTextPresent("Follow Us On", false): Text 'Follow Us On' is present on page 

2019-12-10 11:01:40 - [MESSAGE][PASSED] - Text 'Follow Us On' is present on page 

2019-12-10 11:01:40 - [MESSAGE][PASSED] - Call Test Case 'Test Cases/Reusable_Test_Sequences/CAT_Home' successfully

2019-12-10 11:01:40 - [TEST_STEP][PASSED] - "---------------------------------------------------------------------": null

2019-12-10 11:01:40 - [TEST_STEP][PASSED] - " Select Search on Trader Name (or ID) From Home page/Search Screen   |": null

2019-12-10 11:01:40 - [TEST_STEP][PASSED] - callTestCase(findTestCase("Reusable_Test_Sequences/CAT_Click_Search_Trade_Name"), [:], CONTINUE_ON_FAILURE): Call Test Case 'Test Cases/Reusable_Test_Sequences/CAT_Click_Search_Trade_Name' successfully

2019-12-10 11:01:40 - [TEST_CASE][PASSED] - Test Cases/Reusable_Test_Sequences/CAT_Click_Search_Trade_Name: Test Cases/Reusable_Test_Sequences/CAT_Click_Search_Trade_Name

2019-12-10 11:01:40 - [TEST_STEP][PASSED] - click(findTestObject("Page_Checkatrade Find a tradesperson you can trust/a_or look up a member by name")): Object: 'Object Repository/Page_Checkatrade Find a tradesperson you can trust/a_or look up a member by name' is clicked on

2019-12-10 11:01:40 - [MESSAGE][PASSED] - Object: 'Object Repository/Page_Checkatrade Find a tradesperson you can trust/a_or look up a member by name' is clicked on

2019-12-10 11:01:40 - [TEST_STEP][PASSED] - waitForPageLoad(60): Wait for page load successfully

2019-12-10 11:01:40 - [MESSAGE][PASSED] - Wait for page load successfully

2019-12-10 11:01:40 - [MESSAGE][PASSED] - Call Test Case 'Test Cases/Reusable_Test_Sequences/CAT_Click_Search_Trade_Name' successfully

2019-12-10 11:01:40 - [TEST_STEP][PASSED] - "---------------------------------------": null

2019-12-10 11:01:40 - [TEST_STEP][PASSED] - " Enter Trader Name (or ID) to Search   |": null

2019-12-10 11:01:40 - [TEST_STEP][PASSED] - callTestCase(findTestCase("Reusable_Test_Sequences/CAT_Enter_Trade_Name"), [:], CONTINUE_ON_FAILURE): Call Test Case 'Test Cases/Reusable_Test_Sequences/CAT_Enter_Trade_Name' successfully

2019-12-10 11:01:40 - [TEST_CASE][PASSED] - Test Cases/Reusable_Test_Sequences/CAT_Enter_Trade_Name: Test Cases/Reusable_Test_Sequences/CAT_Enter_Trade_Name

2019-12-10 11:01:40 - [TEST_STEP][PASSED] - setText(findTestObject("Page_Checkatrade Find a tradesperson you can trust/Trader_Name_To_Search"), findTestData("Search_CAT_ID_Data (1)").getValue("tradeName", row)): Text '381198' is set on object 'Object Repository/Page_Checkatrade Find a tradesperson you can trust/Trader_Name_To_Search'

2019-12-10 11:01:41 - [MESSAGE][PASSED] - Text '381198' is set on object 'Object Repository/Page_Checkatrade Find a tradesperson you can trust/Trader_Name_To_Search'

2019-12-10 11:01:41 - [MESSAGE][PASSED] - Call Test Case 'Test Cases/Reusable_Test_Sequences/CAT_Enter_Trade_Name' successfully

2019-12-10 11:01:41 - [TEST_STEP][PASSED] - "---------------------------------------": null

2019-12-10 11:01:41 - [TEST_STEP][PASSED] - " Search Trader Name (or ID)            |": null

2019-12-10 11:01:41 - [TEST_STEP][PASSED] - callTestCase(findTestCase("Reusable_Test_Sequences/CAT_Search_Trade_Name"), [:], CONTINUE_ON_FAILURE): Call Test Case 'Test Cases/Reusable_Test_Sequences/CAT_Search_Trade_Name' successfully

2019-12-10 11:01:41 - [TEST_CASE][PASSED] - Test Cases/Reusable_Test_Sequences/CAT_Search_Trade_Name: Test Cases/Reusable_Test_Sequences/CAT_Search_Trade_Name

2019-12-10 11:01:41 - [TEST_STEP][PASSED] - "Hit Search Trade Person by Name (or CAT ID) after parameters are entered": null

2019-12-10 11:01:41 - [TEST_STEP][PASSED] - waitForElementPresent(findTestObject("Page_Checkatrade Find a tradesperson you can trust/span_Trade_Name"), 60): Object 'Object Repository/Page_Checkatrade Find a tradesperson you can trust/span_Trade_Name' is present

2019-12-10 11:01:41 - [MESSAGE][PASSED] - Object 'Object Repository/Page_Checkatrade Find a tradesperson you can trust/span_Trade_Name' is present

2019-12-10 11:01:41 - [TEST_STEP][PASSED] - click(findTestObject("Page_Checkatrade Find a tradesperson you can trust/span_Trade_Name")): Object: 'Object Repository/Page_Checkatrade Find a tradesperson you can trust/span_Trade_Name' is clicked on

2019-12-10 11:01:44 - [MESSAGE][PASSED] - Object: 'Object Repository/Page_Checkatrade Find a tradesperson you can trust/span_Trade_Name' is clicked on

2019-12-10 11:01:44 - [TEST_STEP][PASSED] - delay(2): Delayed 2 second(s)

2019-12-10 11:01:46 - [MESSAGE][PASSED] - Delayed 2 second(s)

2019-12-10 11:01:46 - [TEST_STEP][PASSED] - waitForPageLoad(60): Wait for page load successfully

2019-12-10 11:01:46 - [MESSAGE][PASSED] - Wait for page load successfully

2019-12-10 11:01:46 - [MESSAGE][PASSED] - Call Test Case 'Test Cases/Reusable_Test_Sequences/CAT_Search_Trade_Name' successfully

2019-12-10 11:01:46 - [TEST_STEP][PASSED] - "------------------------------------------": null

2019-12-10 11:01:46 - [TEST_STEP][PASSED] - " Scroll to Page Footer to Reveal Results  |": null

2019-12-10 11:01:46 - [TEST_STEP][PASSED] - callTestCase(findTestCase("Reusable_Test_Sequences/CAT_Scroll_to_Footer"), [:], CONTINUE_ON_FAILURE): Call Test Case 'Test Cases/Reusable_Test_Sequences/CAT_Scroll_to_Footer' successfully

2019-12-10 11:01:46 - [TEST_CASE][PASSED] - Test Cases/Reusable_Test_Sequences/CAT_Scroll_to_Footer: Test Cases/Reusable_Test_Sequences/CAT_Scroll_to_Footer

2019-12-10 11:01:46 - [TEST_STEP][PASSED] - "-----------------------------------------------------": null

2019-12-10 11:01:46 - [TEST_STEP][PASSED] - " Major changes factored into function 05/12/2019     |": null

2019-12-10 11:01:46 - [TEST_STEP][PASSED] - "-----------------------------------------------------": null

2019-12-10 11:01:46 - [TEST_STEP][PASSED] - "Animation Removed ": null

2019-12-10 11:01:46 - [TEST_STEP][PASSED] - "Scroll - To Footer on the bottom of the page (sometime off the screen) ": null

2019-12-10 11:01:46 - [TEST_STEP][PASSED] - waitForPageLoad(60): Wait for page load successfully

2019-12-10 11:01:46 - [MESSAGE][PASSED] - Wait for page load successfully

2019-12-10 11:01:46 - [TEST_STEP][PASSED] - scrollToPosition(999, 999): Browser is scrolled to position x = 999, y = 999

2019-12-10 11:01:46 - [MESSAGE][PASSED] - Browser is scrolled to position x = 999, y = 999

2019-12-10 11:01:46 - [TEST_STEP][PASSED] - delay(1): Delayed 1 second(s)

2019-12-10 11:01:47 - [MESSAGE][PASSED] - Delayed 1 second(s)

2019-12-10 11:01:47 - [MESSAGE][PASSED] - Call Test Case 'Test Cases/Reusable_Test_Sequences/CAT_Scroll_to_Footer' successfully

2019-12-10 11:01:47 - [TEST_STEP][PASSED] - "------------------------------------------": null

2019-12-10 11:01:47 - [TEST_STEP][PASSED] - " Verify Correct Location is Returned     |": null

2019-12-10 11:01:47 - [TEST_STEP][PASSED] - callTestCase(findTestCase("Reusable_Test_Sequences/CAT_Verification_Location"), [:], CONTINUE_ON_FAILURE): Call Test Case 'Test Cases/Reusable_Test_Sequences/CAT_Verification_Location' successfully

2019-12-10 11:01:47 - [TEST_CASE][PASSED] - Test Cases/Reusable_Test_Sequences/CAT_Verification_Location: Test Cases/Reusable_Test_Sequences/CAT_Verification_Location

2019-12-10 11:01:47 - [TEST_STEP][PASSED] - verifyTextPresent(findTestData("Search_CAT_ID_Data (1)").getValue("tradeNameLocationVerification", row), false): Text 'Bognor Regis' is present on page 

2019-12-10 11:01:48 - [MESSAGE][PASSED] - Text 'Bognor Regis' is present on page 

2019-12-10 11:01:48 - [MESSAGE][PASSED] - Call Test Case 'Test Cases/Reusable_Test_Sequences/CAT_Verification_Location' successfully

2019-12-10 11:01:48 - [TEST_STEP][PASSED] - "------------------------------------------": null

2019-12-10 11:01:48 - [TEST_STEP][PASSED] - " Verify Primary Contact is Returned     |": null

2019-12-10 11:01:48 - [TEST_STEP][PASSED] - callTestCase(findTestCase("Reusable_Test_Sequences/CAT_Verification_Primary_Contact"), [:], CONTINUE_ON_FAILURE): Call Test Case 'Test Cases/Reusable_Test_Sequences/CAT_Verification_Primary_Contact' successfully

2019-12-10 11:01:48 - [TEST_CASE][PASSED] - Test Cases/Reusable_Test_Sequences/CAT_Verification_Primary_Contact: Test Cases/Reusable_Test_Sequences/CAT_Verification_Primary_Contact

2019-12-10 11:01:48 - [TEST_STEP][PASSED] - verifyTextPresent(findTestData("Search_CAT_ID_Data (1)").getValue("primeContact", row), false): Text 'Mr Scott Heyburn' is present on page 

2019-12-10 11:01:49 - [MESSAGE][PASSED] - Text 'Mr Scott Heyburn' is present on page 

2019-12-10 11:01:49 - [MESSAGE][PASSED] - Call Test Case 'Test Cases/Reusable_Test_Sequences/CAT_Verification_Primary_Contact' successfully

2019-12-10 11:01:49 - [TEST_STEP][PASSED] - "--------------------------": null

2019-12-10 11:01:49 - [TEST_STEP][PASSED] - " Teardown - CLose Browser |": null

2019-12-10 11:01:49 - [TEST_STEP][PASSED] - callTestCase(findTestCase("Reusable_Test_Sequences/CAT_Teardown"), [:], OPTIONAL): Call Test Case 'Test Cases/Reusable_Test_Sequences/CAT_Teardown' successfully

2019-12-10 11:01:49 - [TEST_CASE][PASSED] - Test Cases/Reusable_Test_Sequences/CAT_Teardown: Test Cases/Reusable_Test_Sequences/CAT_Teardown

2019-12-10 11:01:49 - [TEST_STEP][PASSED] - closeBrowser(): Browser is closed

2019-12-10 11:01:52 - [MESSAGE][PASSED] - Browser is closed

2019-12-10 11:01:52 - [MESSAGE][PASSED] - Call Test Case 'Test Cases/Reusable_Test_Sequences/CAT_Teardown' successfully]]></system-out>
         <system-err><![CDATA[]]></system-err>
      </testcase>
      <system-out><![CDATA[2019-12-10 10:58:58 - [TEST_SUITE][PASSED] - Trade_Name_Multiple_Search: Test Cases/Checkatrade_Tradesman_Searches/Trade_Name_Search_Multiple]]></system-out>
      <system-err><![CDATA[]]></system-err>
   </testsuite>
</testsuites>
