<?xml version="1.0" encoding="UTF-8"?>
<testsuites name="Trade_Location_Multiple_Search" time="123.059" tests="1" failures="0" errors="0">
   <testsuite name="Trade_Location_Multiple_Search" tests="1" failures="0" errors="0" time="123.059" timestamp="2019-10-31 12:25:44" hostname="DavidHo - VETTEDSP36RF.check.local" id="Test Suites/Trade_Location_Multiple_Search">
      <properties>
         <property name="deviceName" value=""/>
         <property name="devicePlatform" value=""/>
         <property name="logFolder" value="C:\\Users\\davidho\\Katalon Studio\\Start\\Reports\\20191031_113342\\Trade_Location_Multiple_Search\\20191031_113403"/>
         <property name="logFiles" value="C:\\Users\\davidho\\Katalon Studio\\Start\\Reports\\20191031_113342\\Trade_Location_Multiple_Search\\20191031_113403\\execution0.log"/>
         <property name="attachments" value=""/>
         <property name="hostName" value="DavidHo - VETTEDSP36RF.check.local"/>
         <property name="os" value="Windows 10 32bit"/>
         <property name="katalonVersion" value="7.0.5.1"/>
         <property name="browser" value="Chrome 78.0.3904.70"/>
         <property name="hostAddress" value="10.0.11.243"/>
         <property name="sessionId" value="3d38bdec1da055754dd8a88c733ef698"/>
         <property name="seleniumVersion" value="3.141.59"/>
         <property name="proxyInformation" value="ProxyInformation{proxyOption=NO_PROXY, proxyServerType=HTTP, password=, proxyServerAddress=, proxyServerPort=0}"/>
         <property name="platform" value="Windows 10"/>
      </properties>
      <testcase name="Test Cases/Checkatrade_Tradesman_Searches/Trade_Location_Search" time="122.798" classname="Test Cases/Checkatrade_Tradesman_Searches/Trade_Location_Search" status="PASSED">
         <system-out><![CDATA[2019-10-31 12:25:44 - [TEST_CASE][PASSED] - Test Cases/Checkatrade_Tradesman_Searches/Trade_Location_Search: Test Cases/Checkatrade_Tradesman_Searches/Trade_Location_Search

2019-10-31 12:25:44 - [TEST_STEP][PASSED] - for ([row = 1, row <= findTestData("searchTestData").getRowNumbers(), (internal.GlobalVariable.row++)]): Call Test Case 'Test Cases/Reusable_Test_Sequences/CAT_Teardown' successfully

2019-10-31 12:25:45 - [TEST_STEP][PASSED] - callTestCase(findTestCase("Reusable_Test_Sequences/CAT_Setup"), [:], STOP_ON_FAILURE): Call Test Case 'Test Cases/Reusable_Test_Sequences/CAT_Setup' successfully

2019-10-31 12:25:45 - [TEST_CASE][PASSED] - Test Cases/Reusable_Test_Sequences/CAT_Setup: Test Cases/Reusable_Test_Sequences/CAT_Setup

2019-10-31 12:25:46 - [TEST_STEP][PASSED] - "URL - Set from the ENVIRONMENT PROFILE ": null

2019-10-31 12:25:46 - [TEST_STEP][PASSED] - openBrowser(URL): Browser is opened with url: 'https://www.preview.checkatrade.com/'

2019-10-31 12:25:46 - [MESSAGE][INFO] - Starting 'Chrome' driver

2019-10-31 12:25:46 - [MESSAGE][INFO] - Action delay is set to 0 seconds

2019-10-31 12:25:54 - [MESSAGE][PASSED] - Browser is opened with url: 'https://www.preview.checkatrade.com/'

2019-10-31 12:25:54 - [TEST_STEP][PASSED] - maximizeWindow(): Current window maximized

2019-10-31 12:25:58 - [MESSAGE][PASSED] - Current window maximized

2019-10-31 12:25:58 - [TEST_STEP][PASSED] - waitForPageLoad(60): Wait for page load successfully

2019-10-31 12:25:59 - [MESSAGE][PASSED] - Wait for page load successfully

2019-10-31 12:25:59 - [TEST_STEP][PASSED] - waitForElementVisible(findTestObject("Page_Checkatrade Find a tradesperson you can trust/a_Search"), 25): Object 'Object Repository/Page_Checkatrade Find a tradesperson you can trust/a_Search' is visible

2019-10-31 12:25:59 - [MESSAGE][PASSED] - Object 'Object Repository/Page_Checkatrade Find a tradesperson you can trust/a_Search' is visible

2019-10-31 12:25:59 - [TEST_STEP][PASSED] - try: null

2019-10-31 12:25:59 - [TEST_STEP][PASSED] - if (verifyElementPresent(findTestObject("Page_Checkatrade Find a tradesperson you can trust/div_close"), 1, OPTIONAL)): null

2019-10-31 12:25:59 - [MESSAGE][PASSED] - Object 'Object Repository/Page_Checkatrade Find a tradesperson you can trust/div_close' is present

2019-10-31 12:25:59 - [TEST_STEP][PASSED] - click(findTestObject("Page_Checkatrade Find a tradesperson you can trust/div_close")): Object: 'Object Repository/Page_Checkatrade Find a tradesperson you can trust/div_close' is clicked on

2019-10-31 12:26:00 - [MESSAGE][PASSED] - Object: 'Object Repository/Page_Checkatrade Find a tradesperson you can trust/div_close' is clicked on

2019-10-31 12:26:00 - [TEST_STEP][PASSED] - "---------------------------------": null

2019-10-31 12:26:00 - [TEST_STEP][PASSED] - "COOKIE POPOUT REMOVED - Confirmed": null

2019-10-31 12:26:00 - [TEST_STEP][PASSED] - delay(1): Delayed 1 second(s)

2019-10-31 12:26:01 - [MESSAGE][PASSED] - Delayed 1 second(s)

2019-10-31 12:26:01 - [TEST_STEP][PASSED] - verifyTextNotPresent("Checkatrade.com uses cookies to make sure you get the best browsing experience", false): Text 'Checkatrade.com uses cookies to make sure you get the best browsing experience' is not present on page

2019-10-31 12:26:02 - [MESSAGE][PASSED] - Text 'Checkatrade.com uses cookies to make sure you get the best browsing experience' is not present on page

2019-10-31 12:26:02 - [TEST_STEP][PASSED] - try: null

2019-10-31 12:26:02 - [TEST_STEP][PASSED] - if (verifyElementPresent(findTestObject("Page_Checkatrade Find a tradesperson you can trust/div_close_1"), 1, OPTIONAL)): null

2019-10-31 12:26:02 - [MESSAGE][PASSED] - Object 'Object Repository/Page_Checkatrade Find a tradesperson you can trust/div_close_1' is present

2019-10-31 12:26:02 - [TEST_STEP][PASSED] - click(findTestObject("Page_Checkatrade Find a tradesperson you can trust/div_close_1")): Object: 'Object Repository/Page_Checkatrade Find a tradesperson you can trust/div_close_1' is clicked on

2019-10-31 12:26:02 - [MESSAGE][PASSED] - Object: 'Object Repository/Page_Checkatrade Find a tradesperson you can trust/div_close_1' is clicked on

2019-10-31 12:26:02 - [TEST_STEP][PASSED] - "---------------------------------": null

2019-10-31 12:26:02 - [TEST_STEP][PASSED] - "PRIVACY POPOUT REMOVED - Confirmed": null

2019-10-31 12:26:02 - [TEST_STEP][PASSED] - delay(1): Delayed 1 second(s)

2019-10-31 12:26:03 - [MESSAGE][PASSED] - Delayed 1 second(s)

2019-10-31 12:26:03 - [TEST_STEP][PASSED] - verifyTextNotPresent("We have updated our Privacy Policy, please review this", false): Text 'We have updated our Privacy Policy, please review this' is not present on page

2019-10-31 12:26:04 - [MESSAGE][PASSED] - Text 'We have updated our Privacy Policy, please review this' is not present on page

2019-10-31 12:26:04 - [MESSAGE][PASSED] - Call Test Case 'Test Cases/Reusable_Test_Sequences/CAT_Setup' successfully

2019-10-31 12:26:04 - [TEST_STEP][PASSED] - "---------------------------------------": null

2019-10-31 12:26:04 - [TEST_STEP][PASSED] - " Set and SEARCH TRADE CLASSIFICATION   |": null

2019-10-31 12:26:04 - [TEST_STEP][PASSED] - callTestCase(findTestCase("Reusable_Test_Sequences/CAT_Enter_Trade_Classification"), [:], CONTINUE_ON_FAILURE): Call Test Case 'Test Cases/Reusable_Test_Sequences/CAT_Enter_Trade_Classification' successfully

2019-10-31 12:26:04 - [TEST_CASE][PASSED] - Test Cases/Reusable_Test_Sequences/CAT_Enter_Trade_Classification: Test Cases/Reusable_Test_Sequences/CAT_Enter_Trade_Classification

2019-10-31 12:26:04 - [TEST_STEP][PASSED] - "---------------------------------": null

2019-10-31 12:26:04 - [TEST_STEP][PASSED] - "Set and SEARCH SELECTED TRADE": null

2019-10-31 12:26:04 - [TEST_STEP][PASSED] - click(findTestObject("Object Repository/Checkatrade_Trade_Search_Page/Page_Checkatrade Find a tradesperson you can trust/input_Search_Button_FF")): Object: 'Object Repository/Checkatrade_Trade_Search_Page/Page_Checkatrade Find a tradesperson you can trust/input_Search_Button_FF' is clicked on

2019-10-31 12:26:04 - [MESSAGE][PASSED] - Object: 'Object Repository/Checkatrade_Trade_Search_Page/Page_Checkatrade Find a tradesperson you can trust/input_Search_Button_FF' is clicked on

2019-10-31 12:26:04 - [TEST_STEP][PASSED] - setText(findTestObject("Object Repository/Checkatrade_Trade_Search_Page/Page_Checkatrade Find a tradesperson you can trust/input_Search_Button_FF"), findTestData("searchTestData").getValue("tradeClassification", row)): Text 'Tree Surgeon' is set on object 'Object Repository/Checkatrade_Trade_Search_Page/Page_Checkatrade Find a tradesperson you can trust/input_Search_Button_FF'

2019-10-31 12:26:05 - [MESSAGE][PASSED] - Text 'Tree Surgeon' is set on object 'Object Repository/Checkatrade_Trade_Search_Page/Page_Checkatrade Find a tradesperson you can trust/input_Search_Button_FF'

2019-10-31 12:26:05 - [MESSAGE][PASSED] - Call Test Case 'Test Cases/Reusable_Test_Sequences/CAT_Enter_Trade_Classification' successfully

2019-10-31 12:26:05 - [TEST_STEP][PASSED] - "---------------------------------------": null

2019-10-31 12:26:05 - [TEST_STEP][PASSED] - " Set and SEARCH TRADE LOCATION         |": null

2019-10-31 12:26:05 - [TEST_STEP][PASSED] - callTestCase(findTestCase("Reusable_Test_Sequences/CAT_Enter_Trade_Location"), [:], CONTINUE_ON_FAILURE): Call Test Case 'Test Cases/Reusable_Test_Sequences/CAT_Enter_Trade_Location' successfully

2019-10-31 12:26:05 - [TEST_CASE][PASSED] - Test Cases/Reusable_Test_Sequences/CAT_Enter_Trade_Location: Test Cases/Reusable_Test_Sequences/CAT_Enter_Trade_Location

2019-10-31 12:26:05 - [TEST_STEP][PASSED] - "---------------------------------": null

2019-10-31 12:26:05 - [TEST_STEP][PASSED] - "Set and SEARCH SELECTED LOCATION |": null

2019-10-31 12:26:05 - [TEST_STEP][PASSED] - click(findTestObject("Object Repository/Checkatrade_Trade_Search_Page/Page_Checkatrade Find a tradesperson you can trust/input_Not here_location")): Object: 'Object Repository/Checkatrade_Trade_Search_Page/Page_Checkatrade Find a tradesperson you can trust/input_Not here_location' is clicked on

2019-10-31 12:26:06 - [MESSAGE][PASSED] - Object: 'Object Repository/Checkatrade_Trade_Search_Page/Page_Checkatrade Find a tradesperson you can trust/input_Not here_location' is clicked on

2019-10-31 12:26:06 - [TEST_STEP][PASSED] - setText(findTestObject("Object Repository/Checkatrade_Trade_Search_Page/Page_Checkatrade Find a tradesperson you can trust/input_Not here_location"), findTestData("searchTestData").getValue("tradeLocation", row)): Text 'Gosport' is set on object 'Object Repository/Checkatrade_Trade_Search_Page/Page_Checkatrade Find a tradesperson you can trust/input_Not here_location'

2019-10-31 12:26:07 - [MESSAGE][PASSED] - Text 'Gosport' is set on object 'Object Repository/Checkatrade_Trade_Search_Page/Page_Checkatrade Find a tradesperson you can trust/input_Not here_location'

2019-10-31 12:26:07 - [MESSAGE][PASSED] - Call Test Case 'Test Cases/Reusable_Test_Sequences/CAT_Enter_Trade_Location' successfully

2019-10-31 12:26:07 - [TEST_STEP][PASSED] - "---------------------------------------": null

2019-10-31 12:26:07 - [TEST_STEP][PASSED] - " Scroll Search Button into View        |": null

2019-10-31 12:26:07 - [TEST_STEP][PASSED] - "---------------------------------------": null

2019-10-31 12:26:07 - [TEST_STEP][PASSED] - "---------------------------------------": null

2019-10-31 12:26:07 - [TEST_STEP][PASSED] - " Hit Search Button                     |": null

2019-10-31 12:26:07 - [TEST_STEP][PASSED] - callTestCase(findTestCase("Reusable_Test_Sequences/CAT_Hit_Search_Button"), [:], CONTINUE_ON_FAILURE): Call Test Case 'Test Cases/Reusable_Test_Sequences/CAT_Hit_Search_Button' successfully

2019-10-31 12:26:07 - [TEST_CASE][PASSED] - Test Cases/Reusable_Test_Sequences/CAT_Hit_Search_Button: Test Cases/Reusable_Test_Sequences/CAT_Hit_Search_Button

2019-10-31 12:26:07 - [TEST_STEP][PASSED] - "---------------------------------": null

2019-10-31 12:26:07 - [TEST_STEP][PASSED] - "HIT SEARCH": null

2019-10-31 12:26:07 - [TEST_STEP][PASSED] - "---------------------------------": null

2019-10-31 12:26:07 - [TEST_STEP][PASSED] - click(findTestObject("Object Repository/Checkatrade_Trade_Search_Page/Page_Checkatrade Find a tradesperson you can trust/a_Search")): Object: 'Object Repository/Checkatrade_Trade_Search_Page/Page_Checkatrade Find a tradesperson you can trust/a_Search' is clicked on

2019-10-31 12:26:10 - [MESSAGE][PASSED] - Object: 'Object Repository/Checkatrade_Trade_Search_Page/Page_Checkatrade Find a tradesperson you can trust/a_Search' is clicked on

2019-10-31 12:26:10 - [MESSAGE][PASSED] - Call Test Case 'Test Cases/Reusable_Test_Sequences/CAT_Hit_Search_Button' successfully

2019-10-31 12:26:10 - [TEST_STEP][PASSED] - "---------------------------------------": null

2019-10-31 12:26:10 - [TEST_STEP][PASSED] - " Verify Returned Page is as Expected   |": null

2019-10-31 12:26:10 - [TEST_STEP][PASSED] - callTestCase(findTestCase("Reusable_Test_Sequences/CAT_Verification"), [:], CONTINUE_ON_FAILURE): Call Test Case 'Test Cases/Reusable_Test_Sequences/CAT_Verification' successfully

2019-10-31 12:26:10 - [TEST_CASE][PASSED] - Test Cases/Reusable_Test_Sequences/CAT_Verification: Test Cases/Reusable_Test_Sequences/CAT_Verification

2019-10-31 12:26:10 - [TEST_STEP][PASSED] - "Expected cantantenated text is Returned": null

2019-10-31 12:26:10 - [TEST_STEP][PASSED] - waitForElementVisible(findTestObject("Checkatrade_Trade_Search_page/Page_Checkatrade Find a tradesperson you can trust/a_Search"), 25): Object 'Object Repository/Checkatrade_Trade_Search_page/Page_Checkatrade Find a tradesperson you can trust/a_Search' is visible

2019-10-31 12:26:10 - [MESSAGE][PASSED] - Object 'Object Repository/Checkatrade_Trade_Search_page/Page_Checkatrade Find a tradesperson you can trust/a_Search' is visible

2019-10-31 12:26:10 - [TEST_STEP][PASSED] - verifyTextPresent(findTestData("searchTestData").getValue("tradeClassification", row), false): Text 'Tree Surgeon' is present on page 

2019-10-31 12:26:11 - [MESSAGE][PASSED] - Text 'Tree Surgeon' is present on page 

2019-10-31 12:26:11 - [TEST_STEP][PASSED] - verifyTextPresent(findTestData("searchTestData").getValue("tradeLocation", row), false): Text 'Gosport' is present on page 

2019-10-31 12:26:11 - [MESSAGE][PASSED] - Text 'Gosport' is present on page 

2019-10-31 12:26:11 - [MESSAGE][PASSED] - Call Test Case 'Test Cases/Reusable_Test_Sequences/CAT_Verification' successfully

2019-10-31 12:26:11 - [TEST_STEP][PASSED] - "--------------------------": null

2019-10-31 12:26:11 - [TEST_STEP][PASSED] - " Teardown - CLose Browser |": null

2019-10-31 12:26:11 - [TEST_STEP][PASSED] - callTestCase(findTestCase("Reusable_Test_Sequences/CAT_Teardown"), [:], STOP_ON_FAILURE): Call Test Case 'Test Cases/Reusable_Test_Sequences/CAT_Teardown' successfully

2019-10-31 12:26:12 - [TEST_CASE][PASSED] - Test Cases/Reusable_Test_Sequences/CAT_Teardown: Test Cases/Reusable_Test_Sequences/CAT_Teardown

2019-10-31 12:26:12 - [TEST_STEP][PASSED] - closeBrowser(): Browser is closed

2019-10-31 12:26:12 - [MESSAGE][PASSED] - Browser is closed

2019-10-31 12:26:12 - [MESSAGE][PASSED] - Call Test Case 'Test Cases/Reusable_Test_Sequences/CAT_Teardown' successfully

2019-10-31 12:26:13 - [TEST_STEP][PASSED] - callTestCase(findTestCase("Reusable_Test_Sequences/CAT_Setup"), [:], STOP_ON_FAILURE): Call Test Case 'Test Cases/Reusable_Test_Sequences/CAT_Setup' successfully

2019-10-31 12:26:13 - [TEST_CASE][PASSED] - Test Cases/Reusable_Test_Sequences/CAT_Setup: Test Cases/Reusable_Test_Sequences/CAT_Setup

2019-10-31 12:26:13 - [TEST_STEP][PASSED] - "URL - Set from the ENVIRONMENT PROFILE ": null

2019-10-31 12:26:13 - [TEST_STEP][PASSED] - openBrowser(URL): Browser is opened with url: 'https://www.preview.checkatrade.com/'

2019-10-31 12:26:13 - [MESSAGE][INFO] - Starting 'Chrome' driver

2019-10-31 12:26:20 - [MESSAGE][PASSED] - Browser is opened with url: 'https://www.preview.checkatrade.com/'

2019-10-31 12:26:20 - [TEST_STEP][PASSED] - maximizeWindow(): Current window maximized

2019-10-31 12:26:24 - [MESSAGE][PASSED] - Current window maximized

2019-10-31 12:26:24 - [TEST_STEP][PASSED] - waitForPageLoad(60): Wait for page load successfully

2019-10-31 12:26:24 - [MESSAGE][PASSED] - Wait for page load successfully

2019-10-31 12:26:24 - [TEST_STEP][PASSED] - waitForElementVisible(findTestObject("Page_Checkatrade Find a tradesperson you can trust/a_Search"), 25): Object 'Object Repository/Page_Checkatrade Find a tradesperson you can trust/a_Search' is visible

2019-10-31 12:26:24 - [MESSAGE][PASSED] - Object 'Object Repository/Page_Checkatrade Find a tradesperson you can trust/a_Search' is visible

2019-10-31 12:26:24 - [TEST_STEP][PASSED] - try: null

2019-10-31 12:26:24 - [TEST_STEP][PASSED] - if (verifyElementPresent(findTestObject("Page_Checkatrade Find a tradesperson you can trust/div_close"), 1, OPTIONAL)): null

2019-10-31 12:26:25 - [MESSAGE][PASSED] - Object 'Object Repository/Page_Checkatrade Find a tradesperson you can trust/div_close' is present

2019-10-31 12:26:25 - [TEST_STEP][PASSED] - click(findTestObject("Page_Checkatrade Find a tradesperson you can trust/div_close")): Object: 'Object Repository/Page_Checkatrade Find a tradesperson you can trust/div_close' is clicked on

2019-10-31 12:26:25 - [MESSAGE][PASSED] - Object: 'Object Repository/Page_Checkatrade Find a tradesperson you can trust/div_close' is clicked on

2019-10-31 12:26:25 - [TEST_STEP][PASSED] - "---------------------------------": null

2019-10-31 12:26:25 - [TEST_STEP][PASSED] - "COOKIE POPOUT REMOVED - Confirmed": null

2019-10-31 12:26:25 - [TEST_STEP][PASSED] - delay(1): Delayed 1 second(s)

2019-10-31 12:26:26 - [MESSAGE][PASSED] - Delayed 1 second(s)

2019-10-31 12:26:26 - [TEST_STEP][PASSED] - verifyTextNotPresent("Checkatrade.com uses cookies to make sure you get the best browsing experience", false): Text 'Checkatrade.com uses cookies to make sure you get the best browsing experience' is not present on page

2019-10-31 12:26:27 - [MESSAGE][PASSED] - Text 'Checkatrade.com uses cookies to make sure you get the best browsing experience' is not present on page

2019-10-31 12:26:27 - [TEST_STEP][PASSED] - try: null

2019-10-31 12:26:27 - [TEST_STEP][PASSED] - if (verifyElementPresent(findTestObject("Page_Checkatrade Find a tradesperson you can trust/div_close_1"), 1, OPTIONAL)): null

2019-10-31 12:26:27 - [MESSAGE][PASSED] - Object 'Object Repository/Page_Checkatrade Find a tradesperson you can trust/div_close_1' is present

2019-10-31 12:26:27 - [TEST_STEP][PASSED] - click(findTestObject("Page_Checkatrade Find a tradesperson you can trust/div_close_1")): Object: 'Object Repository/Page_Checkatrade Find a tradesperson you can trust/div_close_1' is clicked on

2019-10-31 12:26:28 - [MESSAGE][PASSED] - Object: 'Object Repository/Page_Checkatrade Find a tradesperson you can trust/div_close_1' is clicked on

2019-10-31 12:26:28 - [TEST_STEP][PASSED] - "---------------------------------": null

2019-10-31 12:26:28 - [TEST_STEP][PASSED] - "PRIVACY POPOUT REMOVED - Confirmed": null

2019-10-31 12:26:28 - [TEST_STEP][PASSED] - delay(1): Delayed 1 second(s)

2019-10-31 12:26:29 - [MESSAGE][PASSED] - Delayed 1 second(s)

2019-10-31 12:26:29 - [TEST_STEP][PASSED] - verifyTextNotPresent("We have updated our Privacy Policy, please review this", false): Text 'We have updated our Privacy Policy, please review this' is not present on page

2019-10-31 12:26:29 - [MESSAGE][PASSED] - Text 'We have updated our Privacy Policy, please review this' is not present on page

2019-10-31 12:26:29 - [MESSAGE][PASSED] - Call Test Case 'Test Cases/Reusable_Test_Sequences/CAT_Setup' successfully

2019-10-31 12:26:29 - [TEST_STEP][PASSED] - "---------------------------------------": null

2019-10-31 12:26:29 - [TEST_STEP][PASSED] - " Set and SEARCH TRADE CLASSIFICATION   |": null

2019-10-31 12:26:29 - [TEST_STEP][PASSED] - callTestCase(findTestCase("Reusable_Test_Sequences/CAT_Enter_Trade_Classification"), [:], CONTINUE_ON_FAILURE): Call Test Case 'Test Cases/Reusable_Test_Sequences/CAT_Enter_Trade_Classification' successfully

2019-10-31 12:26:29 - [TEST_CASE][PASSED] - Test Cases/Reusable_Test_Sequences/CAT_Enter_Trade_Classification: Test Cases/Reusable_Test_Sequences/CAT_Enter_Trade_Classification

2019-10-31 12:26:29 - [TEST_STEP][PASSED] - "---------------------------------": null

2019-10-31 12:26:29 - [TEST_STEP][PASSED] - "Set and SEARCH SELECTED TRADE": null

2019-10-31 12:26:29 - [TEST_STEP][PASSED] - click(findTestObject("Object Repository/Checkatrade_Trade_Search_Page/Page_Checkatrade Find a tradesperson you can trust/input_Search_Button_FF")): Object: 'Object Repository/Checkatrade_Trade_Search_Page/Page_Checkatrade Find a tradesperson you can trust/input_Search_Button_FF' is clicked on

2019-10-31 12:26:30 - [MESSAGE][PASSED] - Object: 'Object Repository/Checkatrade_Trade_Search_Page/Page_Checkatrade Find a tradesperson you can trust/input_Search_Button_FF' is clicked on

2019-10-31 12:26:30 - [TEST_STEP][PASSED] - setText(findTestObject("Object Repository/Checkatrade_Trade_Search_Page/Page_Checkatrade Find a tradesperson you can trust/input_Search_Button_FF"), findTestData("searchTestData").getValue("tradeClassification", row)): Text 'Tree Surgeon' is set on object 'Object Repository/Checkatrade_Trade_Search_Page/Page_Checkatrade Find a tradesperson you can trust/input_Search_Button_FF'

2019-10-31 12:26:30 - [MESSAGE][PASSED] - Text 'Tree Surgeon' is set on object 'Object Repository/Checkatrade_Trade_Search_Page/Page_Checkatrade Find a tradesperson you can trust/input_Search_Button_FF'

2019-10-31 12:26:30 - [MESSAGE][PASSED] - Call Test Case 'Test Cases/Reusable_Test_Sequences/CAT_Enter_Trade_Classification' successfully

2019-10-31 12:26:30 - [TEST_STEP][PASSED] - "---------------------------------------": null

2019-10-31 12:26:30 - [TEST_STEP][PASSED] - " Set and SEARCH TRADE LOCATION         |": null

2019-10-31 12:26:30 - [TEST_STEP][PASSED] - callTestCase(findTestCase("Reusable_Test_Sequences/CAT_Enter_Trade_Location"), [:], CONTINUE_ON_FAILURE): Call Test Case 'Test Cases/Reusable_Test_Sequences/CAT_Enter_Trade_Location' successfully

2019-10-31 12:26:30 - [TEST_CASE][PASSED] - Test Cases/Reusable_Test_Sequences/CAT_Enter_Trade_Location: Test Cases/Reusable_Test_Sequences/CAT_Enter_Trade_Location

2019-10-31 12:26:30 - [TEST_STEP][PASSED] - "---------------------------------": null

2019-10-31 12:26:30 - [TEST_STEP][PASSED] - "Set and SEARCH SELECTED LOCATION |": null

2019-10-31 12:26:30 - [TEST_STEP][PASSED] - click(findTestObject("Object Repository/Checkatrade_Trade_Search_Page/Page_Checkatrade Find a tradesperson you can trust/input_Not here_location")): Object: 'Object Repository/Checkatrade_Trade_Search_Page/Page_Checkatrade Find a tradesperson you can trust/input_Not here_location' is clicked on

2019-10-31 12:26:31 - [MESSAGE][PASSED] - Object: 'Object Repository/Checkatrade_Trade_Search_Page/Page_Checkatrade Find a tradesperson you can trust/input_Not here_location' is clicked on

2019-10-31 12:26:31 - [TEST_STEP][PASSED] - setText(findTestObject("Object Repository/Checkatrade_Trade_Search_Page/Page_Checkatrade Find a tradesperson you can trust/input_Not here_location"), findTestData("searchTestData").getValue("tradeLocation", row)): Text 'PO12 2HE' is set on object 'Object Repository/Checkatrade_Trade_Search_Page/Page_Checkatrade Find a tradesperson you can trust/input_Not here_location'

2019-10-31 12:26:31 - [MESSAGE][PASSED] - Text 'PO12 2HE' is set on object 'Object Repository/Checkatrade_Trade_Search_Page/Page_Checkatrade Find a tradesperson you can trust/input_Not here_location'

2019-10-31 12:26:31 - [MESSAGE][PASSED] - Call Test Case 'Test Cases/Reusable_Test_Sequences/CAT_Enter_Trade_Location' successfully

2019-10-31 12:26:31 - [TEST_STEP][PASSED] - "---------------------------------------": null

2019-10-31 12:26:31 - [TEST_STEP][PASSED] - " Scroll Search Button into View        |": null

2019-10-31 12:26:31 - [TEST_STEP][PASSED] - "---------------------------------------": null

2019-10-31 12:26:31 - [TEST_STEP][PASSED] - "---------------------------------------": null

2019-10-31 12:26:31 - [TEST_STEP][PASSED] - " Hit Search Button                     |": null

2019-10-31 12:26:31 - [TEST_STEP][PASSED] - callTestCase(findTestCase("Reusable_Test_Sequences/CAT_Hit_Search_Button"), [:], CONTINUE_ON_FAILURE): Call Test Case 'Test Cases/Reusable_Test_Sequences/CAT_Hit_Search_Button' successfully

2019-10-31 12:26:32 - [TEST_CASE][PASSED] - Test Cases/Reusable_Test_Sequences/CAT_Hit_Search_Button: Test Cases/Reusable_Test_Sequences/CAT_Hit_Search_Button

2019-10-31 12:26:32 - [TEST_STEP][PASSED] - "---------------------------------": null

2019-10-31 12:26:32 - [TEST_STEP][PASSED] - "HIT SEARCH": null

2019-10-31 12:26:32 - [TEST_STEP][PASSED] - "---------------------------------": null

2019-10-31 12:26:32 - [TEST_STEP][PASSED] - click(findTestObject("Object Repository/Checkatrade_Trade_Search_Page/Page_Checkatrade Find a tradesperson you can trust/a_Search")): Object: 'Object Repository/Checkatrade_Trade_Search_Page/Page_Checkatrade Find a tradesperson you can trust/a_Search' is clicked on

2019-10-31 12:26:34 - [MESSAGE][PASSED] - Object: 'Object Repository/Checkatrade_Trade_Search_Page/Page_Checkatrade Find a tradesperson you can trust/a_Search' is clicked on

2019-10-31 12:26:34 - [MESSAGE][PASSED] - Call Test Case 'Test Cases/Reusable_Test_Sequences/CAT_Hit_Search_Button' successfully

2019-10-31 12:26:34 - [TEST_STEP][PASSED] - "---------------------------------------": null

2019-10-31 12:26:34 - [TEST_STEP][PASSED] - " Verify Returned Page is as Expected   |": null

2019-10-31 12:26:34 - [TEST_STEP][PASSED] - callTestCase(findTestCase("Reusable_Test_Sequences/CAT_Verification"), [:], CONTINUE_ON_FAILURE): Call Test Case 'Test Cases/Reusable_Test_Sequences/CAT_Verification' successfully

2019-10-31 12:26:34 - [TEST_CASE][PASSED] - Test Cases/Reusable_Test_Sequences/CAT_Verification: Test Cases/Reusable_Test_Sequences/CAT_Verification

2019-10-31 12:26:34 - [TEST_STEP][PASSED] - "Expected cantantenated text is Returned": null

2019-10-31 12:26:34 - [TEST_STEP][PASSED] - waitForElementVisible(findTestObject("Checkatrade_Trade_Search_page/Page_Checkatrade Find a tradesperson you can trust/a_Search"), 25): Object 'Object Repository/Checkatrade_Trade_Search_page/Page_Checkatrade Find a tradesperson you can trust/a_Search' is visible

2019-10-31 12:26:34 - [MESSAGE][PASSED] - Object 'Object Repository/Checkatrade_Trade_Search_page/Page_Checkatrade Find a tradesperson you can trust/a_Search' is visible

2019-10-31 12:26:34 - [TEST_STEP][PASSED] - verifyTextPresent(findTestData("searchTestData").getValue("tradeClassification", row), false): Text 'Tree Surgeon' is present on page 

2019-10-31 12:26:35 - [MESSAGE][PASSED] - Text 'Tree Surgeon' is present on page 

2019-10-31 12:26:35 - [TEST_STEP][PASSED] - verifyTextPresent(findTestData("searchTestData").getValue("tradeLocation", row), false): Text 'PO12 2HE' is present on page 

2019-10-31 12:26:35 - [MESSAGE][PASSED] - Text 'PO12 2HE' is present on page 

2019-10-31 12:26:35 - [MESSAGE][PASSED] - Call Test Case 'Test Cases/Reusable_Test_Sequences/CAT_Verification' successfully

2019-10-31 12:26:35 - [TEST_STEP][PASSED] - "--------------------------": null

2019-10-31 12:26:35 - [TEST_STEP][PASSED] - " Teardown - CLose Browser |": null

2019-10-31 12:26:35 - [TEST_STEP][PASSED] - callTestCase(findTestCase("Reusable_Test_Sequences/CAT_Teardown"), [:], STOP_ON_FAILURE): Call Test Case 'Test Cases/Reusable_Test_Sequences/CAT_Teardown' successfully

2019-10-31 12:26:36 - [TEST_CASE][PASSED] - Test Cases/Reusable_Test_Sequences/CAT_Teardown: Test Cases/Reusable_Test_Sequences/CAT_Teardown

2019-10-31 12:26:36 - [TEST_STEP][PASSED] - closeBrowser(): Browser is closed

2019-10-31 12:26:36 - [MESSAGE][PASSED] - Browser is closed

2019-10-31 12:26:36 - [MESSAGE][PASSED] - Call Test Case 'Test Cases/Reusable_Test_Sequences/CAT_Teardown' successfully

2019-10-31 12:26:36 - [TEST_STEP][PASSED] - callTestCase(findTestCase("Reusable_Test_Sequences/CAT_Setup"), [:], STOP_ON_FAILURE): Call Test Case 'Test Cases/Reusable_Test_Sequences/CAT_Setup' successfully

2019-10-31 12:26:36 - [TEST_CASE][PASSED] - Test Cases/Reusable_Test_Sequences/CAT_Setup: Test Cases/Reusable_Test_Sequences/CAT_Setup

2019-10-31 12:26:36 - [TEST_STEP][PASSED] - "URL - Set from the ENVIRONMENT PROFILE ": null

2019-10-31 12:26:36 - [TEST_STEP][PASSED] - openBrowser(URL): Browser is opened with url: 'https://www.preview.checkatrade.com/'

2019-10-31 12:26:36 - [MESSAGE][INFO] - Starting 'Chrome' driver

2019-10-31 12:26:44 - [MESSAGE][PASSED] - Browser is opened with url: 'https://www.preview.checkatrade.com/'

2019-10-31 12:26:44 - [TEST_STEP][PASSED] - maximizeWindow(): Current window maximized

2019-10-31 12:26:48 - [MESSAGE][PASSED] - Current window maximized

2019-10-31 12:26:48 - [TEST_STEP][PASSED] - waitForPageLoad(60): Wait for page load successfully

2019-10-31 12:26:48 - [MESSAGE][PASSED] - Wait for page load successfully

2019-10-31 12:26:48 - [TEST_STEP][PASSED] - waitForElementVisible(findTestObject("Page_Checkatrade Find a tradesperson you can trust/a_Search"), 25): Object 'Object Repository/Page_Checkatrade Find a tradesperson you can trust/a_Search' is visible

2019-10-31 12:26:48 - [MESSAGE][PASSED] - Object 'Object Repository/Page_Checkatrade Find a tradesperson you can trust/a_Search' is visible

2019-10-31 12:26:48 - [TEST_STEP][PASSED] - try: null

2019-10-31 12:26:48 - [TEST_STEP][PASSED] - if (verifyElementPresent(findTestObject("Page_Checkatrade Find a tradesperson you can trust/div_close"), 1, OPTIONAL)): null

2019-10-31 12:26:49 - [MESSAGE][PASSED] - Object 'Object Repository/Page_Checkatrade Find a tradesperson you can trust/div_close' is present

2019-10-31 12:26:49 - [TEST_STEP][PASSED] - click(findTestObject("Page_Checkatrade Find a tradesperson you can trust/div_close")): Object: 'Object Repository/Page_Checkatrade Find a tradesperson you can trust/div_close' is clicked on

2019-10-31 12:26:49 - [MESSAGE][PASSED] - Object: 'Object Repository/Page_Checkatrade Find a tradesperson you can trust/div_close' is clicked on

2019-10-31 12:26:49 - [TEST_STEP][PASSED] - "---------------------------------": null

2019-10-31 12:26:49 - [TEST_STEP][PASSED] - "COOKIE POPOUT REMOVED - Confirmed": null

2019-10-31 12:26:49 - [TEST_STEP][PASSED] - delay(1): Delayed 1 second(s)

2019-10-31 12:26:50 - [MESSAGE][PASSED] - Delayed 1 second(s)

2019-10-31 12:26:50 - [TEST_STEP][PASSED] - verifyTextNotPresent("Checkatrade.com uses cookies to make sure you get the best browsing experience", false): Text 'Checkatrade.com uses cookies to make sure you get the best browsing experience' is not present on page

2019-10-31 12:26:50 - [MESSAGE][PASSED] - Text 'Checkatrade.com uses cookies to make sure you get the best browsing experience' is not present on page

2019-10-31 12:26:50 - [TEST_STEP][PASSED] - try: null

2019-10-31 12:26:50 - [TEST_STEP][PASSED] - if (verifyElementPresent(findTestObject("Page_Checkatrade Find a tradesperson you can trust/div_close_1"), 1, OPTIONAL)): null

2019-10-31 12:26:51 - [MESSAGE][PASSED] - Object 'Object Repository/Page_Checkatrade Find a tradesperson you can trust/div_close_1' is present

2019-10-31 12:26:51 - [TEST_STEP][PASSED] - click(findTestObject("Page_Checkatrade Find a tradesperson you can trust/div_close_1")): Object: 'Object Repository/Page_Checkatrade Find a tradesperson you can trust/div_close_1' is clicked on

2019-10-31 12:26:51 - [MESSAGE][PASSED] - Object: 'Object Repository/Page_Checkatrade Find a tradesperson you can trust/div_close_1' is clicked on

2019-10-31 12:26:51 - [TEST_STEP][PASSED] - "---------------------------------": null

2019-10-31 12:26:51 - [TEST_STEP][PASSED] - "PRIVACY POPOUT REMOVED - Confirmed": null

2019-10-31 12:26:51 - [TEST_STEP][PASSED] - delay(1): Delayed 1 second(s)

2019-10-31 12:26:52 - [MESSAGE][PASSED] - Delayed 1 second(s)

2019-10-31 12:26:52 - [TEST_STEP][PASSED] - verifyTextNotPresent("We have updated our Privacy Policy, please review this", false): Text 'We have updated our Privacy Policy, please review this' is not present on page

2019-10-31 12:26:52 - [MESSAGE][PASSED] - Text 'We have updated our Privacy Policy, please review this' is not present on page

2019-10-31 12:26:52 - [MESSAGE][PASSED] - Call Test Case 'Test Cases/Reusable_Test_Sequences/CAT_Setup' successfully

2019-10-31 12:26:52 - [TEST_STEP][PASSED] - "---------------------------------------": null

2019-10-31 12:26:52 - [TEST_STEP][PASSED] - " Set and SEARCH TRADE CLASSIFICATION   |": null

2019-10-31 12:26:52 - [TEST_STEP][PASSED] - callTestCase(findTestCase("Reusable_Test_Sequences/CAT_Enter_Trade_Classification"), [:], CONTINUE_ON_FAILURE): Call Test Case 'Test Cases/Reusable_Test_Sequences/CAT_Enter_Trade_Classification' successfully

2019-10-31 12:26:52 - [TEST_CASE][PASSED] - Test Cases/Reusable_Test_Sequences/CAT_Enter_Trade_Classification: Test Cases/Reusable_Test_Sequences/CAT_Enter_Trade_Classification

2019-10-31 12:26:52 - [TEST_STEP][PASSED] - "---------------------------------": null

2019-10-31 12:26:52 - [TEST_STEP][PASSED] - "Set and SEARCH SELECTED TRADE": null

2019-10-31 12:26:52 - [TEST_STEP][PASSED] - click(findTestObject("Object Repository/Checkatrade_Trade_Search_Page/Page_Checkatrade Find a tradesperson you can trust/input_Search_Button_FF")): Object: 'Object Repository/Checkatrade_Trade_Search_Page/Page_Checkatrade Find a tradesperson you can trust/input_Search_Button_FF' is clicked on

2019-10-31 12:26:53 - [MESSAGE][PASSED] - Object: 'Object Repository/Checkatrade_Trade_Search_Page/Page_Checkatrade Find a tradesperson you can trust/input_Search_Button_FF' is clicked on

2019-10-31 12:26:53 - [TEST_STEP][PASSED] - setText(findTestObject("Object Repository/Checkatrade_Trade_Search_Page/Page_Checkatrade Find a tradesperson you can trust/input_Search_Button_FF"), findTestData("searchTestData").getValue("tradeClassification", row)): Text 'Electrician' is set on object 'Object Repository/Checkatrade_Trade_Search_Page/Page_Checkatrade Find a tradesperson you can trust/input_Search_Button_FF'

2019-10-31 12:26:53 - [MESSAGE][PASSED] - Text 'Electrician' is set on object 'Object Repository/Checkatrade_Trade_Search_Page/Page_Checkatrade Find a tradesperson you can trust/input_Search_Button_FF'

2019-10-31 12:26:53 - [MESSAGE][PASSED] - Call Test Case 'Test Cases/Reusable_Test_Sequences/CAT_Enter_Trade_Classification' successfully

2019-10-31 12:26:53 - [TEST_STEP][PASSED] - "---------------------------------------": null

2019-10-31 12:26:53 - [TEST_STEP][PASSED] - " Set and SEARCH TRADE LOCATION         |": null

2019-10-31 12:26:53 - [TEST_STEP][PASSED] - callTestCase(findTestCase("Reusable_Test_Sequences/CAT_Enter_Trade_Location"), [:], CONTINUE_ON_FAILURE): Call Test Case 'Test Cases/Reusable_Test_Sequences/CAT_Enter_Trade_Location' successfully

2019-10-31 12:26:53 - [TEST_CASE][PASSED] - Test Cases/Reusable_Test_Sequences/CAT_Enter_Trade_Location: Test Cases/Reusable_Test_Sequences/CAT_Enter_Trade_Location

2019-10-31 12:26:53 - [TEST_STEP][PASSED] - "---------------------------------": null

2019-10-31 12:26:53 - [TEST_STEP][PASSED] - "Set and SEARCH SELECTED LOCATION |": null

2019-10-31 12:26:53 - [TEST_STEP][PASSED] - click(findTestObject("Object Repository/Checkatrade_Trade_Search_Page/Page_Checkatrade Find a tradesperson you can trust/input_Not here_location")): Object: 'Object Repository/Checkatrade_Trade_Search_Page/Page_Checkatrade Find a tradesperson you can trust/input_Not here_location' is clicked on

2019-10-31 12:26:54 - [MESSAGE][PASSED] - Object: 'Object Repository/Checkatrade_Trade_Search_Page/Page_Checkatrade Find a tradesperson you can trust/input_Not here_location' is clicked on

2019-10-31 12:26:54 - [TEST_STEP][PASSED] - setText(findTestObject("Object Repository/Checkatrade_Trade_Search_Page/Page_Checkatrade Find a tradesperson you can trust/input_Not here_location"), findTestData("searchTestData").getValue("tradeLocation", row)): Text 'Orkney' is set on object 'Object Repository/Checkatrade_Trade_Search_Page/Page_Checkatrade Find a tradesperson you can trust/input_Not here_location'

2019-10-31 12:26:55 - [MESSAGE][PASSED] - Text 'Orkney' is set on object 'Object Repository/Checkatrade_Trade_Search_Page/Page_Checkatrade Find a tradesperson you can trust/input_Not here_location'

2019-10-31 12:26:55 - [MESSAGE][PASSED] - Call Test Case 'Test Cases/Reusable_Test_Sequences/CAT_Enter_Trade_Location' successfully

2019-10-31 12:26:55 - [TEST_STEP][PASSED] - "---------------------------------------": null

2019-10-31 12:26:55 - [TEST_STEP][PASSED] - " Scroll Search Button into View        |": null

2019-10-31 12:26:55 - [TEST_STEP][PASSED] - "---------------------------------------": null

2019-10-31 12:26:55 - [TEST_STEP][PASSED] - "---------------------------------------": null

2019-10-31 12:26:55 - [TEST_STEP][PASSED] - " Hit Search Button                     |": null

2019-10-31 12:26:55 - [TEST_STEP][PASSED] - callTestCase(findTestCase("Reusable_Test_Sequences/CAT_Hit_Search_Button"), [:], CONTINUE_ON_FAILURE): Call Test Case 'Test Cases/Reusable_Test_Sequences/CAT_Hit_Search_Button' successfully

2019-10-31 12:26:55 - [TEST_CASE][PASSED] - Test Cases/Reusable_Test_Sequences/CAT_Hit_Search_Button: Test Cases/Reusable_Test_Sequences/CAT_Hit_Search_Button

2019-10-31 12:26:55 - [TEST_STEP][PASSED] - "---------------------------------": null

2019-10-31 12:26:55 - [TEST_STEP][PASSED] - "HIT SEARCH": null

2019-10-31 12:26:55 - [TEST_STEP][PASSED] - "---------------------------------": null

2019-10-31 12:26:55 - [TEST_STEP][PASSED] - click(findTestObject("Object Repository/Checkatrade_Trade_Search_Page/Page_Checkatrade Find a tradesperson you can trust/a_Search")): Object: 'Object Repository/Checkatrade_Trade_Search_Page/Page_Checkatrade Find a tradesperson you can trust/a_Search' is clicked on

2019-10-31 12:26:56 - [MESSAGE][PASSED] - Object: 'Object Repository/Checkatrade_Trade_Search_Page/Page_Checkatrade Find a tradesperson you can trust/a_Search' is clicked on

2019-10-31 12:26:56 - [MESSAGE][PASSED] - Call Test Case 'Test Cases/Reusable_Test_Sequences/CAT_Hit_Search_Button' successfully

2019-10-31 12:26:56 - [TEST_STEP][PASSED] - "---------------------------------------": null

2019-10-31 12:26:56 - [TEST_STEP][PASSED] - " Verify Returned Page is as Expected   |": null

2019-10-31 12:26:56 - [TEST_STEP][PASSED] - callTestCase(findTestCase("Reusable_Test_Sequences/CAT_Verification"), [:], CONTINUE_ON_FAILURE): Call Test Case 'Test Cases/Reusable_Test_Sequences/CAT_Verification' successfully

2019-10-31 12:26:57 - [TEST_CASE][PASSED] - Test Cases/Reusable_Test_Sequences/CAT_Verification: Test Cases/Reusable_Test_Sequences/CAT_Verification

2019-10-31 12:26:57 - [TEST_STEP][PASSED] - "Expected cantantenated text is Returned": null

2019-10-31 12:26:57 - [TEST_STEP][PASSED] - waitForElementVisible(findTestObject("Checkatrade_Trade_Search_page/Page_Checkatrade Find a tradesperson you can trust/a_Search"), 25): Object 'Object Repository/Checkatrade_Trade_Search_page/Page_Checkatrade Find a tradesperson you can trust/a_Search' is visible

2019-10-31 12:26:57 - [MESSAGE][PASSED] - Object 'Object Repository/Checkatrade_Trade_Search_page/Page_Checkatrade Find a tradesperson you can trust/a_Search' is visible

2019-10-31 12:26:57 - [TEST_STEP][PASSED] - verifyTextPresent(findTestData("searchTestData").getValue("tradeClassification", row), false): Text 'Electrician' is present on page 

2019-10-31 12:26:58 - [MESSAGE][PASSED] - Text 'Electrician' is present on page 

2019-10-31 12:26:58 - [TEST_STEP][PASSED] - verifyTextPresent(findTestData("searchTestData").getValue("tradeLocation", row), false): Text 'Orkney' is present on page 

2019-10-31 12:26:58 - [MESSAGE][PASSED] - Text 'Orkney' is present on page 

2019-10-31 12:26:58 - [MESSAGE][PASSED] - Call Test Case 'Test Cases/Reusable_Test_Sequences/CAT_Verification' successfully

2019-10-31 12:26:58 - [TEST_STEP][PASSED] - "--------------------------": null

2019-10-31 12:26:58 - [TEST_STEP][PASSED] - " Teardown - CLose Browser |": null

2019-10-31 12:26:58 - [TEST_STEP][PASSED] - callTestCase(findTestCase("Reusable_Test_Sequences/CAT_Teardown"), [:], STOP_ON_FAILURE): Call Test Case 'Test Cases/Reusable_Test_Sequences/CAT_Teardown' successfully

2019-10-31 12:26:58 - [TEST_CASE][PASSED] - Test Cases/Reusable_Test_Sequences/CAT_Teardown: Test Cases/Reusable_Test_Sequences/CAT_Teardown

2019-10-31 12:26:58 - [TEST_STEP][PASSED] - closeBrowser(): Browser is closed

2019-10-31 12:26:59 - [MESSAGE][PASSED] - Browser is closed

2019-10-31 12:26:59 - [MESSAGE][PASSED] - Call Test Case 'Test Cases/Reusable_Test_Sequences/CAT_Teardown' successfully

2019-10-31 12:26:59 - [TEST_STEP][PASSED] - callTestCase(findTestCase("Reusable_Test_Sequences/CAT_Setup"), [:], STOP_ON_FAILURE): Call Test Case 'Test Cases/Reusable_Test_Sequences/CAT_Setup' successfully

2019-10-31 12:26:59 - [TEST_CASE][PASSED] - Test Cases/Reusable_Test_Sequences/CAT_Setup: Test Cases/Reusable_Test_Sequences/CAT_Setup

2019-10-31 12:26:59 - [TEST_STEP][PASSED] - "URL - Set from the ENVIRONMENT PROFILE ": null

2019-10-31 12:26:59 - [TEST_STEP][PASSED] - openBrowser(URL): Browser is opened with url: 'https://www.preview.checkatrade.com/'

2019-10-31 12:26:59 - [MESSAGE][INFO] - Starting 'Chrome' driver

2019-10-31 12:27:06 - [MESSAGE][PASSED] - Browser is opened with url: 'https://www.preview.checkatrade.com/'

2019-10-31 12:27:06 - [TEST_STEP][PASSED] - maximizeWindow(): Current window maximized

2019-10-31 12:27:10 - [MESSAGE][PASSED] - Current window maximized

2019-10-31 12:27:10 - [TEST_STEP][PASSED] - waitForPageLoad(60): Wait for page load successfully

2019-10-31 12:27:10 - [MESSAGE][PASSED] - Wait for page load successfully

2019-10-31 12:27:10 - [TEST_STEP][PASSED] - waitForElementVisible(findTestObject("Page_Checkatrade Find a tradesperson you can trust/a_Search"), 25): Object 'Object Repository/Page_Checkatrade Find a tradesperson you can trust/a_Search' is visible

2019-10-31 12:27:11 - [MESSAGE][PASSED] - Object 'Object Repository/Page_Checkatrade Find a tradesperson you can trust/a_Search' is visible

2019-10-31 12:27:11 - [TEST_STEP][PASSED] - try: null

2019-10-31 12:27:11 - [TEST_STEP][PASSED] - if (verifyElementPresent(findTestObject("Page_Checkatrade Find a tradesperson you can trust/div_close"), 1, OPTIONAL)): null

2019-10-31 12:27:11 - [MESSAGE][PASSED] - Object 'Object Repository/Page_Checkatrade Find a tradesperson you can trust/div_close' is present

2019-10-31 12:27:11 - [TEST_STEP][PASSED] - click(findTestObject("Page_Checkatrade Find a tradesperson you can trust/div_close")): Object: 'Object Repository/Page_Checkatrade Find a tradesperson you can trust/div_close' is clicked on

2019-10-31 12:27:11 - [MESSAGE][PASSED] - Object: 'Object Repository/Page_Checkatrade Find a tradesperson you can trust/div_close' is clicked on

2019-10-31 12:27:11 - [TEST_STEP][PASSED] - "---------------------------------": null

2019-10-31 12:27:11 - [TEST_STEP][PASSED] - "COOKIE POPOUT REMOVED - Confirmed": null

2019-10-31 12:27:11 - [TEST_STEP][PASSED] - delay(1): Delayed 1 second(s)

2019-10-31 12:27:12 - [MESSAGE][PASSED] - Delayed 1 second(s)

2019-10-31 12:27:12 - [TEST_STEP][PASSED] - verifyTextNotPresent("Checkatrade.com uses cookies to make sure you get the best browsing experience", false): Text 'Checkatrade.com uses cookies to make sure you get the best browsing experience' is not present on page

2019-10-31 12:27:13 - [MESSAGE][PASSED] - Text 'Checkatrade.com uses cookies to make sure you get the best browsing experience' is not present on page

2019-10-31 12:27:13 - [TEST_STEP][PASSED] - try: null

2019-10-31 12:27:13 - [TEST_STEP][PASSED] - if (verifyElementPresent(findTestObject("Page_Checkatrade Find a tradesperson you can trust/div_close_1"), 1, OPTIONAL)): null

2019-10-31 12:27:13 - [MESSAGE][PASSED] - Object 'Object Repository/Page_Checkatrade Find a tradesperson you can trust/div_close_1' is present

2019-10-31 12:27:13 - [TEST_STEP][PASSED] - click(findTestObject("Page_Checkatrade Find a tradesperson you can trust/div_close_1")): Object: 'Object Repository/Page_Checkatrade Find a tradesperson you can trust/div_close_1' is clicked on

2019-10-31 12:27:13 - [MESSAGE][PASSED] - Object: 'Object Repository/Page_Checkatrade Find a tradesperson you can trust/div_close_1' is clicked on

2019-10-31 12:27:13 - [TEST_STEP][PASSED] - "---------------------------------": null

2019-10-31 12:27:13 - [TEST_STEP][PASSED] - "PRIVACY POPOUT REMOVED - Confirmed": null

2019-10-31 12:27:13 - [TEST_STEP][PASSED] - delay(1): Delayed 1 second(s)

2019-10-31 12:27:14 - [MESSAGE][PASSED] - Delayed 1 second(s)

2019-10-31 12:27:14 - [TEST_STEP][PASSED] - verifyTextNotPresent("We have updated our Privacy Policy, please review this", false): Text 'We have updated our Privacy Policy, please review this' is not present on page

2019-10-31 12:27:15 - [MESSAGE][PASSED] - Text 'We have updated our Privacy Policy, please review this' is not present on page

2019-10-31 12:27:15 - [MESSAGE][PASSED] - Call Test Case 'Test Cases/Reusable_Test_Sequences/CAT_Setup' successfully

2019-10-31 12:27:15 - [TEST_STEP][PASSED] - "---------------------------------------": null

2019-10-31 12:27:15 - [TEST_STEP][PASSED] - " Set and SEARCH TRADE CLASSIFICATION   |": null

2019-10-31 12:27:15 - [TEST_STEP][PASSED] - callTestCase(findTestCase("Reusable_Test_Sequences/CAT_Enter_Trade_Classification"), [:], CONTINUE_ON_FAILURE): Call Test Case 'Test Cases/Reusable_Test_Sequences/CAT_Enter_Trade_Classification' successfully

2019-10-31 12:27:15 - [TEST_CASE][PASSED] - Test Cases/Reusable_Test_Sequences/CAT_Enter_Trade_Classification: Test Cases/Reusable_Test_Sequences/CAT_Enter_Trade_Classification

2019-10-31 12:27:15 - [TEST_STEP][PASSED] - "---------------------------------": null

2019-10-31 12:27:15 - [TEST_STEP][PASSED] - "Set and SEARCH SELECTED TRADE": null

2019-10-31 12:27:15 - [TEST_STEP][PASSED] - click(findTestObject("Object Repository/Checkatrade_Trade_Search_Page/Page_Checkatrade Find a tradesperson you can trust/input_Search_Button_FF")): Object: 'Object Repository/Checkatrade_Trade_Search_Page/Page_Checkatrade Find a tradesperson you can trust/input_Search_Button_FF' is clicked on

2019-10-31 12:27:15 - [MESSAGE][PASSED] - Object: 'Object Repository/Checkatrade_Trade_Search_Page/Page_Checkatrade Find a tradesperson you can trust/input_Search_Button_FF' is clicked on

2019-10-31 12:27:15 - [TEST_STEP][PASSED] - setText(findTestObject("Object Repository/Checkatrade_Trade_Search_Page/Page_Checkatrade Find a tradesperson you can trust/input_Search_Button_FF"), findTestData("searchTestData").getValue("tradeClassification", row)): Text 'Plumber' is set on object 'Object Repository/Checkatrade_Trade_Search_Page/Page_Checkatrade Find a tradesperson you can trust/input_Search_Button_FF'

2019-10-31 12:27:15 - [MESSAGE][PASSED] - Text 'Plumber' is set on object 'Object Repository/Checkatrade_Trade_Search_Page/Page_Checkatrade Find a tradesperson you can trust/input_Search_Button_FF'

2019-10-31 12:27:15 - [MESSAGE][PASSED] - Call Test Case 'Test Cases/Reusable_Test_Sequences/CAT_Enter_Trade_Classification' successfully

2019-10-31 12:27:15 - [TEST_STEP][PASSED] - "---------------------------------------": null

2019-10-31 12:27:15 - [TEST_STEP][PASSED] - " Set and SEARCH TRADE LOCATION         |": null

2019-10-31 12:27:15 - [TEST_STEP][PASSED] - callTestCase(findTestCase("Reusable_Test_Sequences/CAT_Enter_Trade_Location"), [:], CONTINUE_ON_FAILURE): Call Test Case 'Test Cases/Reusable_Test_Sequences/CAT_Enter_Trade_Location' successfully

2019-10-31 12:27:16 - [TEST_CASE][PASSED] - Test Cases/Reusable_Test_Sequences/CAT_Enter_Trade_Location: Test Cases/Reusable_Test_Sequences/CAT_Enter_Trade_Location

2019-10-31 12:27:16 - [TEST_STEP][PASSED] - "---------------------------------": null

2019-10-31 12:27:16 - [TEST_STEP][PASSED] - "Set and SEARCH SELECTED LOCATION |": null

2019-10-31 12:27:16 - [TEST_STEP][PASSED] - click(findTestObject("Object Repository/Checkatrade_Trade_Search_Page/Page_Checkatrade Find a tradesperson you can trust/input_Not here_location")): Object: 'Object Repository/Checkatrade_Trade_Search_Page/Page_Checkatrade Find a tradesperson you can trust/input_Not here_location' is clicked on

2019-10-31 12:27:16 - [MESSAGE][PASSED] - Object: 'Object Repository/Checkatrade_Trade_Search_Page/Page_Checkatrade Find a tradesperson you can trust/input_Not here_location' is clicked on

2019-10-31 12:27:16 - [TEST_STEP][PASSED] - setText(findTestObject("Object Repository/Checkatrade_Trade_Search_Page/Page_Checkatrade Find a tradesperson you can trust/input_Not here_location"), findTestData("searchTestData").getValue("tradeLocation", row)): Text 'Rugby' is set on object 'Object Repository/Checkatrade_Trade_Search_Page/Page_Checkatrade Find a tradesperson you can trust/input_Not here_location'

2019-10-31 12:27:17 - [MESSAGE][PASSED] - Text 'Rugby' is set on object 'Object Repository/Checkatrade_Trade_Search_Page/Page_Checkatrade Find a tradesperson you can trust/input_Not here_location'

2019-10-31 12:27:17 - [MESSAGE][PASSED] - Call Test Case 'Test Cases/Reusable_Test_Sequences/CAT_Enter_Trade_Location' successfully

2019-10-31 12:27:17 - [TEST_STEP][PASSED] - "---------------------------------------": null

2019-10-31 12:27:17 - [TEST_STEP][PASSED] - " Scroll Search Button into View        |": null

2019-10-31 12:27:17 - [TEST_STEP][PASSED] - "---------------------------------------": null

2019-10-31 12:27:17 - [TEST_STEP][PASSED] - "---------------------------------------": null

2019-10-31 12:27:17 - [TEST_STEP][PASSED] - " Hit Search Button                     |": null

2019-10-31 12:27:17 - [TEST_STEP][PASSED] - callTestCase(findTestCase("Reusable_Test_Sequences/CAT_Hit_Search_Button"), [:], CONTINUE_ON_FAILURE): Call Test Case 'Test Cases/Reusable_Test_Sequences/CAT_Hit_Search_Button' successfully

2019-10-31 12:27:17 - [TEST_CASE][PASSED] - Test Cases/Reusable_Test_Sequences/CAT_Hit_Search_Button: Test Cases/Reusable_Test_Sequences/CAT_Hit_Search_Button

2019-10-31 12:27:17 - [TEST_STEP][PASSED] - "---------------------------------": null

2019-10-31 12:27:17 - [TEST_STEP][PASSED] - "HIT SEARCH": null

2019-10-31 12:27:17 - [TEST_STEP][PASSED] - "---------------------------------": null

2019-10-31 12:27:17 - [TEST_STEP][PASSED] - click(findTestObject("Object Repository/Checkatrade_Trade_Search_Page/Page_Checkatrade Find a tradesperson you can trust/a_Search")): Object: 'Object Repository/Checkatrade_Trade_Search_Page/Page_Checkatrade Find a tradesperson you can trust/a_Search' is clicked on

2019-10-31 12:27:20 - [MESSAGE][PASSED] - Object: 'Object Repository/Checkatrade_Trade_Search_Page/Page_Checkatrade Find a tradesperson you can trust/a_Search' is clicked on

2019-10-31 12:27:20 - [MESSAGE][PASSED] - Call Test Case 'Test Cases/Reusable_Test_Sequences/CAT_Hit_Search_Button' successfully

2019-10-31 12:27:20 - [TEST_STEP][PASSED] - "---------------------------------------": null

2019-10-31 12:27:20 - [TEST_STEP][PASSED] - " Verify Returned Page is as Expected   |": null

2019-10-31 12:27:20 - [TEST_STEP][PASSED] - callTestCase(findTestCase("Reusable_Test_Sequences/CAT_Verification"), [:], CONTINUE_ON_FAILURE): Call Test Case 'Test Cases/Reusable_Test_Sequences/CAT_Verification' successfully

2019-10-31 12:27:20 - [TEST_CASE][PASSED] - Test Cases/Reusable_Test_Sequences/CAT_Verification: Test Cases/Reusable_Test_Sequences/CAT_Verification

2019-10-31 12:27:20 - [TEST_STEP][PASSED] - "Expected cantantenated text is Returned": null

2019-10-31 12:27:20 - [TEST_STEP][PASSED] - waitForElementVisible(findTestObject("Checkatrade_Trade_Search_page/Page_Checkatrade Find a tradesperson you can trust/a_Search"), 25): Object 'Object Repository/Checkatrade_Trade_Search_page/Page_Checkatrade Find a tradesperson you can trust/a_Search' is visible

2019-10-31 12:27:20 - [MESSAGE][PASSED] - Object 'Object Repository/Checkatrade_Trade_Search_page/Page_Checkatrade Find a tradesperson you can trust/a_Search' is visible

2019-10-31 12:27:20 - [TEST_STEP][PASSED] - verifyTextPresent(findTestData("searchTestData").getValue("tradeClassification", row), false): Text 'Plumber' is present on page 

2019-10-31 12:27:21 - [MESSAGE][PASSED] - Text 'Plumber' is present on page 

2019-10-31 12:27:21 - [TEST_STEP][PASSED] - verifyTextPresent(findTestData("searchTestData").getValue("tradeLocation", row), false): Text 'Rugby' is present on page 

2019-10-31 12:27:21 - [MESSAGE][PASSED] - Text 'Rugby' is present on page 

2019-10-31 12:27:21 - [MESSAGE][PASSED] - Call Test Case 'Test Cases/Reusable_Test_Sequences/CAT_Verification' successfully

2019-10-31 12:27:21 - [TEST_STEP][PASSED] - "--------------------------": null

2019-10-31 12:27:21 - [TEST_STEP][PASSED] - " Teardown - CLose Browser |": null

2019-10-31 12:27:21 - [TEST_STEP][PASSED] - callTestCase(findTestCase("Reusable_Test_Sequences/CAT_Teardown"), [:], STOP_ON_FAILURE): Call Test Case 'Test Cases/Reusable_Test_Sequences/CAT_Teardown' successfully

2019-10-31 12:27:21 - [TEST_CASE][PASSED] - Test Cases/Reusable_Test_Sequences/CAT_Teardown: Test Cases/Reusable_Test_Sequences/CAT_Teardown

2019-10-31 12:27:21 - [TEST_STEP][PASSED] - closeBrowser(): Browser is closed

2019-10-31 12:27:22 - [MESSAGE][PASSED] - Browser is closed

2019-10-31 12:27:22 - [MESSAGE][PASSED] - Call Test Case 'Test Cases/Reusable_Test_Sequences/CAT_Teardown' successfully

2019-10-31 12:27:22 - [TEST_STEP][PASSED] - callTestCase(findTestCase("Reusable_Test_Sequences/CAT_Setup"), [:], STOP_ON_FAILURE): Call Test Case 'Test Cases/Reusable_Test_Sequences/CAT_Setup' successfully

2019-10-31 12:27:22 - [TEST_CASE][PASSED] - Test Cases/Reusable_Test_Sequences/CAT_Setup: Test Cases/Reusable_Test_Sequences/CAT_Setup

2019-10-31 12:27:22 - [TEST_STEP][PASSED] - "URL - Set from the ENVIRONMENT PROFILE ": null

2019-10-31 12:27:22 - [TEST_STEP][PASSED] - openBrowser(URL): Browser is opened with url: 'https://www.preview.checkatrade.com/'

2019-10-31 12:27:22 - [MESSAGE][INFO] - Starting 'Chrome' driver

2019-10-31 12:27:30 - [MESSAGE][PASSED] - Browser is opened with url: 'https://www.preview.checkatrade.com/'

2019-10-31 12:27:30 - [TEST_STEP][PASSED] - maximizeWindow(): Current window maximized

2019-10-31 12:27:34 - [MESSAGE][PASSED] - Current window maximized

2019-10-31 12:27:34 - [TEST_STEP][PASSED] - waitForPageLoad(60): Wait for page load successfully

2019-10-31 12:27:34 - [MESSAGE][PASSED] - Wait for page load successfully

2019-10-31 12:27:34 - [TEST_STEP][PASSED] - waitForElementVisible(findTestObject("Page_Checkatrade Find a tradesperson you can trust/a_Search"), 25): Object 'Object Repository/Page_Checkatrade Find a tradesperson you can trust/a_Search' is visible

2019-10-31 12:27:35 - [MESSAGE][PASSED] - Object 'Object Repository/Page_Checkatrade Find a tradesperson you can trust/a_Search' is visible

2019-10-31 12:27:35 - [TEST_STEP][PASSED] - try: null

2019-10-31 12:27:35 - [TEST_STEP][PASSED] - if (verifyElementPresent(findTestObject("Page_Checkatrade Find a tradesperson you can trust/div_close"), 1, OPTIONAL)): null

2019-10-31 12:27:35 - [MESSAGE][PASSED] - Object 'Object Repository/Page_Checkatrade Find a tradesperson you can trust/div_close' is present

2019-10-31 12:27:35 - [TEST_STEP][PASSED] - click(findTestObject("Page_Checkatrade Find a tradesperson you can trust/div_close")): Object: 'Object Repository/Page_Checkatrade Find a tradesperson you can trust/div_close' is clicked on

2019-10-31 12:27:36 - [MESSAGE][PASSED] - Object: 'Object Repository/Page_Checkatrade Find a tradesperson you can trust/div_close' is clicked on

2019-10-31 12:27:36 - [TEST_STEP][PASSED] - "---------------------------------": null

2019-10-31 12:27:36 - [TEST_STEP][PASSED] - "COOKIE POPOUT REMOVED - Confirmed": null

2019-10-31 12:27:36 - [TEST_STEP][PASSED] - delay(1): Delayed 1 second(s)

2019-10-31 12:27:37 - [MESSAGE][PASSED] - Delayed 1 second(s)

2019-10-31 12:27:37 - [TEST_STEP][PASSED] - verifyTextNotPresent("Checkatrade.com uses cookies to make sure you get the best browsing experience", false): Text 'Checkatrade.com uses cookies to make sure you get the best browsing experience' is not present on page

2019-10-31 12:27:37 - [MESSAGE][PASSED] - Text 'Checkatrade.com uses cookies to make sure you get the best browsing experience' is not present on page

2019-10-31 12:27:37 - [TEST_STEP][PASSED] - try: null

2019-10-31 12:27:37 - [TEST_STEP][PASSED] - if (verifyElementPresent(findTestObject("Page_Checkatrade Find a tradesperson you can trust/div_close_1"), 1, OPTIONAL)): null

2019-10-31 12:27:38 - [MESSAGE][PASSED] - Object 'Object Repository/Page_Checkatrade Find a tradesperson you can trust/div_close_1' is present

2019-10-31 12:27:38 - [TEST_STEP][PASSED] - click(findTestObject("Page_Checkatrade Find a tradesperson you can trust/div_close_1")): Object: 'Object Repository/Page_Checkatrade Find a tradesperson you can trust/div_close_1' is clicked on

2019-10-31 12:27:38 - [MESSAGE][PASSED] - Object: 'Object Repository/Page_Checkatrade Find a tradesperson you can trust/div_close_1' is clicked on

2019-10-31 12:27:38 - [TEST_STEP][PASSED] - "---------------------------------": null

2019-10-31 12:27:38 - [TEST_STEP][PASSED] - "PRIVACY POPOUT REMOVED - Confirmed": null

2019-10-31 12:27:38 - [TEST_STEP][PASSED] - delay(1): Delayed 1 second(s)

2019-10-31 12:27:39 - [MESSAGE][PASSED] - Delayed 1 second(s)

2019-10-31 12:27:39 - [TEST_STEP][PASSED] - verifyTextNotPresent("We have updated our Privacy Policy, please review this", false): Text 'We have updated our Privacy Policy, please review this' is not present on page

2019-10-31 12:27:39 - [MESSAGE][PASSED] - Text 'We have updated our Privacy Policy, please review this' is not present on page

2019-10-31 12:27:39 - [MESSAGE][PASSED] - Call Test Case 'Test Cases/Reusable_Test_Sequences/CAT_Setup' successfully

2019-10-31 12:27:39 - [TEST_STEP][PASSED] - "---------------------------------------": null

2019-10-31 12:27:39 - [TEST_STEP][PASSED] - " Set and SEARCH TRADE CLASSIFICATION   |": null

2019-10-31 12:27:39 - [TEST_STEP][PASSED] - callTestCase(findTestCase("Reusable_Test_Sequences/CAT_Enter_Trade_Classification"), [:], CONTINUE_ON_FAILURE): Call Test Case 'Test Cases/Reusable_Test_Sequences/CAT_Enter_Trade_Classification' successfully

2019-10-31 12:27:40 - [TEST_CASE][PASSED] - Test Cases/Reusable_Test_Sequences/CAT_Enter_Trade_Classification: Test Cases/Reusable_Test_Sequences/CAT_Enter_Trade_Classification

2019-10-31 12:27:40 - [TEST_STEP][PASSED] - "---------------------------------": null

2019-10-31 12:27:40 - [TEST_STEP][PASSED] - "Set and SEARCH SELECTED TRADE": null

2019-10-31 12:27:40 - [TEST_STEP][PASSED] - click(findTestObject("Object Repository/Checkatrade_Trade_Search_Page/Page_Checkatrade Find a tradesperson you can trust/input_Search_Button_FF")): Object: 'Object Repository/Checkatrade_Trade_Search_Page/Page_Checkatrade Find a tradesperson you can trust/input_Search_Button_FF' is clicked on

2019-10-31 12:27:40 - [MESSAGE][PASSED] - Object: 'Object Repository/Checkatrade_Trade_Search_Page/Page_Checkatrade Find a tradesperson you can trust/input_Search_Button_FF' is clicked on

2019-10-31 12:27:40 - [TEST_STEP][PASSED] - setText(findTestObject("Object Repository/Checkatrade_Trade_Search_Page/Page_Checkatrade Find a tradesperson you can trust/input_Search_Button_FF"), findTestData("searchTestData").getValue("tradeClassification", row)): Text 'Diagnostic Testing' is set on object 'Object Repository/Checkatrade_Trade_Search_Page/Page_Checkatrade Find a tradesperson you can trust/input_Search_Button_FF'

2019-10-31 12:27:41 - [MESSAGE][PASSED] - Text 'Diagnostic Testing' is set on object 'Object Repository/Checkatrade_Trade_Search_Page/Page_Checkatrade Find a tradesperson you can trust/input_Search_Button_FF'

2019-10-31 12:27:41 - [MESSAGE][PASSED] - Call Test Case 'Test Cases/Reusable_Test_Sequences/CAT_Enter_Trade_Classification' successfully

2019-10-31 12:27:41 - [TEST_STEP][PASSED] - "---------------------------------------": null

2019-10-31 12:27:41 - [TEST_STEP][PASSED] - " Set and SEARCH TRADE LOCATION         |": null

2019-10-31 12:27:41 - [TEST_STEP][PASSED] - callTestCase(findTestCase("Reusable_Test_Sequences/CAT_Enter_Trade_Location"), [:], CONTINUE_ON_FAILURE): Call Test Case 'Test Cases/Reusable_Test_Sequences/CAT_Enter_Trade_Location' successfully

2019-10-31 12:27:41 - [TEST_CASE][PASSED] - Test Cases/Reusable_Test_Sequences/CAT_Enter_Trade_Location: Test Cases/Reusable_Test_Sequences/CAT_Enter_Trade_Location

2019-10-31 12:27:41 - [TEST_STEP][PASSED] - "---------------------------------": null

2019-10-31 12:27:41 - [TEST_STEP][PASSED] - "Set and SEARCH SELECTED LOCATION |": null

2019-10-31 12:27:41 - [TEST_STEP][PASSED] - click(findTestObject("Object Repository/Checkatrade_Trade_Search_Page/Page_Checkatrade Find a tradesperson you can trust/input_Not here_location")): Object: 'Object Repository/Checkatrade_Trade_Search_Page/Page_Checkatrade Find a tradesperson you can trust/input_Not here_location' is clicked on

2019-10-31 12:27:41 - [MESSAGE][PASSED] - Object: 'Object Repository/Checkatrade_Trade_Search_Page/Page_Checkatrade Find a tradesperson you can trust/input_Not here_location' is clicked on

2019-10-31 12:27:41 - [TEST_STEP][PASSED] - setText(findTestObject("Object Repository/Checkatrade_Trade_Search_Page/Page_Checkatrade Find a tradesperson you can trust/input_Not here_location"), findTestData("searchTestData").getValue("tradeLocation", row)): Text 'Angmering' is set on object 'Object Repository/Checkatrade_Trade_Search_Page/Page_Checkatrade Find a tradesperson you can trust/input_Not here_location'

2019-10-31 12:27:42 - [MESSAGE][PASSED] - Text 'Angmering' is set on object 'Object Repository/Checkatrade_Trade_Search_Page/Page_Checkatrade Find a tradesperson you can trust/input_Not here_location'

2019-10-31 12:27:42 - [MESSAGE][PASSED] - Call Test Case 'Test Cases/Reusable_Test_Sequences/CAT_Enter_Trade_Location' successfully

2019-10-31 12:27:42 - [TEST_STEP][PASSED] - "---------------------------------------": null

2019-10-31 12:27:42 - [TEST_STEP][PASSED] - " Scroll Search Button into View        |": null

2019-10-31 12:27:42 - [TEST_STEP][PASSED] - "---------------------------------------": null

2019-10-31 12:27:42 - [TEST_STEP][PASSED] - "---------------------------------------": null

2019-10-31 12:27:42 - [TEST_STEP][PASSED] - " Hit Search Button                     |": null

2019-10-31 12:27:42 - [TEST_STEP][PASSED] - callTestCase(findTestCase("Reusable_Test_Sequences/CAT_Hit_Search_Button"), [:], CONTINUE_ON_FAILURE): Call Test Case 'Test Cases/Reusable_Test_Sequences/CAT_Hit_Search_Button' successfully

2019-10-31 12:27:42 - [TEST_CASE][PASSED] - Test Cases/Reusable_Test_Sequences/CAT_Hit_Search_Button: Test Cases/Reusable_Test_Sequences/CAT_Hit_Search_Button

2019-10-31 12:27:42 - [TEST_STEP][PASSED] - "---------------------------------": null

2019-10-31 12:27:42 - [TEST_STEP][PASSED] - "HIT SEARCH": null

2019-10-31 12:27:42 - [TEST_STEP][PASSED] - "---------------------------------": null

2019-10-31 12:27:42 - [TEST_STEP][PASSED] - click(findTestObject("Object Repository/Checkatrade_Trade_Search_Page/Page_Checkatrade Find a tradesperson you can trust/a_Search")): Object: 'Object Repository/Checkatrade_Trade_Search_Page/Page_Checkatrade Find a tradesperson you can trust/a_Search' is clicked on

2019-10-31 12:27:44 - [MESSAGE][PASSED] - Object: 'Object Repository/Checkatrade_Trade_Search_Page/Page_Checkatrade Find a tradesperson you can trust/a_Search' is clicked on

2019-10-31 12:27:44 - [MESSAGE][PASSED] - Call Test Case 'Test Cases/Reusable_Test_Sequences/CAT_Hit_Search_Button' successfully

2019-10-31 12:27:44 - [TEST_STEP][PASSED] - "---------------------------------------": null

2019-10-31 12:27:44 - [TEST_STEP][PASSED] - " Verify Returned Page is as Expected   |": null

2019-10-31 12:27:44 - [TEST_STEP][PASSED] - callTestCase(findTestCase("Reusable_Test_Sequences/CAT_Verification"), [:], CONTINUE_ON_FAILURE): Call Test Case 'Test Cases/Reusable_Test_Sequences/CAT_Verification' successfully

2019-10-31 12:27:44 - [TEST_CASE][PASSED] - Test Cases/Reusable_Test_Sequences/CAT_Verification: Test Cases/Reusable_Test_Sequences/CAT_Verification

2019-10-31 12:27:44 - [TEST_STEP][PASSED] - "Expected cantantenated text is Returned": null

2019-10-31 12:27:44 - [TEST_STEP][PASSED] - waitForElementVisible(findTestObject("Checkatrade_Trade_Search_page/Page_Checkatrade Find a tradesperson you can trust/a_Search"), 25): Object 'Object Repository/Checkatrade_Trade_Search_page/Page_Checkatrade Find a tradesperson you can trust/a_Search' is visible

2019-10-31 12:27:45 - [MESSAGE][PASSED] - Object 'Object Repository/Checkatrade_Trade_Search_page/Page_Checkatrade Find a tradesperson you can trust/a_Search' is visible

2019-10-31 12:27:45 - [TEST_STEP][PASSED] - verifyTextPresent(findTestData("searchTestData").getValue("tradeClassification", row), false): Text 'Diagnostic Testing' is present on page 

2019-10-31 12:27:45 - [MESSAGE][PASSED] - Text 'Diagnostic Testing' is present on page 

2019-10-31 12:27:45 - [TEST_STEP][PASSED] - verifyTextPresent(findTestData("searchTestData").getValue("tradeLocation", row), false): Text 'Angmering' is present on page 

2019-10-31 12:27:46 - [MESSAGE][PASSED] - Text 'Angmering' is present on page 

2019-10-31 12:27:46 - [MESSAGE][PASSED] - Call Test Case 'Test Cases/Reusable_Test_Sequences/CAT_Verification' successfully

2019-10-31 12:27:46 - [TEST_STEP][PASSED] - "--------------------------": null

2019-10-31 12:27:46 - [TEST_STEP][PASSED] - " Teardown - CLose Browser |": null

2019-10-31 12:27:46 - [TEST_STEP][PASSED] - callTestCase(findTestCase("Reusable_Test_Sequences/CAT_Teardown"), [:], STOP_ON_FAILURE): Call Test Case 'Test Cases/Reusable_Test_Sequences/CAT_Teardown' successfully

2019-10-31 12:27:46 - [TEST_CASE][PASSED] - Test Cases/Reusable_Test_Sequences/CAT_Teardown: Test Cases/Reusable_Test_Sequences/CAT_Teardown

2019-10-31 12:27:46 - [TEST_STEP][PASSED] - closeBrowser(): Browser is closed

2019-10-31 12:27:47 - [MESSAGE][PASSED] - Browser is closed

2019-10-31 12:27:47 - [MESSAGE][PASSED] - Call Test Case 'Test Cases/Reusable_Test_Sequences/CAT_Teardown' successfully]]></system-out>
         <system-err><![CDATA[]]></system-err>
      </testcase>
      <system-out><![CDATA[2019-10-31 12:25:44 - [TEST_SUITE][PASSED] - Trade_Location_Multiple_Search: Test Cases/Checkatrade_Tradesman_Searches/Trade_Location_Search]]></system-out>
      <system-err><![CDATA[]]></system-err>
   </testsuite>
</testsuites>
