<?xml version="1.0" encoding="UTF-8"?>
<testsuites name="Give_Feedback" time="402.466" tests="2" failures="0" errors="0">
   <testsuite name="Give_Feedback" tests="2" failures="0" errors="0" time="402.466" timestamp="2020-02-10 13:54:17" hostname="DavidHo - VETTEDSP36RF.check.local" id="Test Suites/Give_Feedback">
      <properties>
         <property name="deviceName" value=""/>
         <property name="devicePlatform" value=""/>
         <property name="logFolder" value="C:\\Users\\davidho\\git\\src\\Reports\\20200210_135404\\Give_Feedback\\20200210_135404"/>
         <property name="logFiles" value="C:\\Users\\davidho\\git\\src\\Reports\\20200210_135404\\Give_Feedback\\20200210_135404\\execution0.log"/>
         <property name="attachments" value=""/>
         <property name="hostName" value="DavidHo - VETTEDSP36RF.check.local"/>
         <property name="os" value="Windows 10 32bit"/>
         <property name="katalonVersion" value="7.2.1.1"/>
         <property name="browser" value="Chrome 79.0.3945.130"/>
         <property name="hostAddress" value="10.0.9.154"/>
         <property name="sessionId" value="2d3398f443f7b65d189a5afd847a0282"/>
         <property name="seleniumVersion" value="3.141.59"/>
         <property name="proxyInformation" value="ProxyInformation{proxyOption=NO_PROXY, proxyServerType=HTTP, password=, proxyServerAddress=, proxyServerPort=0, executionList=}"/>
         <property name="platform" value="Windows 10"/>
      </properties>
      <testcase name="Test Cases/Give_Feedback/Give_Feedback" time="308.01" classname="Test Cases/Give_Feedback/Give_Feedback" status="PASSED">
         <system-out><![CDATA[2020-02-10 13:54:17 - [TEST_CASE][PASSED] - Test Cases/Give_Feedback/Give_Feedback: Test Cases/Give_Feedback/Give_Feedback

2020-02-10 13:54:17 - [TEST_STEP][PASSED] - data = findTestData("Data Files/Give_Feedback (1)"): null

2020-02-10 13:54:18 - [TEST_STEP][PASSED] - YE_Recommend = <not implemented yet for class: org.codehaus.groovy.ast.expr.EmptyExpression>: null

2020-02-10 13:54:18 - [TEST_STEP][PASSED] - YE_WorkCarriedOut = <not implemented yet for class: org.codehaus.groovy.ast.expr.EmptyExpression>: null

2020-02-10 13:54:18 - [TEST_STEP][PASSED] - PAGE = "": null

2020-02-10 13:54:18 - [TEST_STEP][PASSED] - PAGE = "GiveFeedback": null

2020-02-10 13:54:18 - [TEST_STEP][PASSED] - URL = URL + PAGE: null

2020-02-10 13:54:18 - [TEST_STEP][PASSED] - for ([row = 1, row <= findTestData("Give_Feedback (1)").getRowNumbers(), (internal.GlobalVariable.row++)]): Call Test Case 'Test Cases/Reusable_Test_Sequences/CAT_Teardown' successfully

2020-02-10 13:54:18 - [TEST_STEP][PASSED] - callTestCase(findTestCase("Reusable_Test_Sequences/CAT_Setup"), [:], STOP_ON_FAILURE): Call Test Case 'Test Cases/Reusable_Test_Sequences/CAT_Setup' successfully

2020-02-10 13:54:19 - [TEST_CASE][PASSED] - Test Cases/Reusable_Test_Sequences/CAT_Setup: Test Cases/Reusable_Test_Sequences/CAT_Setup

2020-02-10 13:54:19 - [TEST_STEP][PASSED] - "------------------------------": null

2020-02-10 13:54:19 - [TEST_STEP][PASSED] - " Set Mobile Device Testing    |": null

2020-02-10 13:54:19 - [TEST_STEP][PASSED] - if (Mobile_Flag == "true"): null

2020-02-10 13:54:19 - [TEST_STEP][PASSED] - "------------------------------": null

2020-02-10 13:54:19 - [TEST_STEP][PASSED] - " Set Mobile Device Testing    |": null

2020-02-10 13:54:19 - [TEST_STEP][PASSED] - "------------------------------": null

2020-02-10 13:54:19 - [TEST_STEP][PASSED] - "URL - Set from the ENVIRONMENT PROFILE ": null

2020-02-10 13:54:19 - [TEST_STEP][PASSED] - openBrowser(URL): Browser is opened with url: 'https://www.preview.checkatrade.com/GiveFeedback'

2020-02-10 13:54:19 - [MESSAGE][INFO] - Starting 'Chrome' driver

2020-02-10 13:54:19 - [MESSAGE][INFO] - Action delay is set to 0 seconds

2020-02-10 13:54:29 - [MESSAGE][PASSED] - Browser is opened with url: 'https://www.preview.checkatrade.com/GiveFeedback'

2020-02-10 13:54:29 - [TEST_STEP][PASSED] - maximizeWindow(): Current window maximized

2020-02-10 13:54:33 - [MESSAGE][PASSED] - Current window maximized

2020-02-10 13:54:33 - [TEST_STEP][PASSED] - waitForPageLoad(60): Wait for page load successfully

2020-02-10 13:54:33 - [MESSAGE][PASSED] - Wait for page load successfully

2020-02-10 13:54:33 - [TEST_STEP][PASSED] - "Previous Functionalilty Left Commented For Ease Of reversion": null

2020-02-10 13:54:33 - [TEST_STEP][PASSED] - try: Text 'Cookie Policy' is not present on page

2020-02-10 13:54:33 - [TEST_STEP][PASSED] - verifyElementPresent(findTestObject("Object Repository/Cookies/Page_Checkatrade Find a tradesperson you can trust/button_Accept All"), 5): Object 'Object Repository/Cookies/Page_Checkatrade Find a tradesperson you can trust/button_Accept All' is present

2020-02-10 13:54:33 - [MESSAGE][PASSED] - Object 'Object Repository/Cookies/Page_Checkatrade Find a tradesperson you can trust/button_Accept All' is present

2020-02-10 13:54:33 - [TEST_STEP][PASSED] - click(findTestObject("Object Repository/Cookies/Page_Checkatrade Find a tradesperson you can trust/button_Accept All")): Object: 'Object Repository/Cookies/Page_Checkatrade Find a tradesperson you can trust/button_Accept All' is clicked on

2020-02-10 13:54:34 - [MESSAGE][PASSED] - Object: 'Object Repository/Cookies/Page_Checkatrade Find a tradesperson you can trust/button_Accept All' is clicked on

2020-02-10 13:54:34 - [TEST_STEP][PASSED] - "---------------------------------": null

2020-02-10 13:54:34 - [TEST_STEP][PASSED] - "COOKIE POPOUT REMOVED - Confirmed": null

2020-02-10 13:54:34 - [TEST_STEP][PASSED] - delay(1): Delayed 1 second(s)

2020-02-10 13:54:35 - [MESSAGE][PASSED] - Delayed 1 second(s)

2020-02-10 13:54:35 - [TEST_STEP][PASSED] - verifyTextNotPresent("We use cookies to personalise content and ads, to provide social media features and to analyse our traffic", false): Text 'We use cookies to personalise content and ads, to provide social media features and to analyse our traffic' is not present on page

2020-02-10 13:54:35 - [MESSAGE][PASSED] - Text 'We use cookies to personalise content and ads, to provide social media features and to analyse our traffic' is not present on page

2020-02-10 13:54:35 - [TEST_STEP][PASSED] - verifyTextNotPresent(" We also share information about your use of our site with our social media, advertising and analytics partners", false): Text ' We also share information about your use of our site with our social media, advertising and analytics partners' is not present on page

2020-02-10 13:54:36 - [MESSAGE][PASSED] - Text ' We also share information about your use of our site with our social media, advertising and analytics partners' is not present on page

2020-02-10 13:54:36 - [TEST_STEP][PASSED] - verifyTextNotPresent("Cookie Policy", false): Text 'Cookie Policy' is not present on page

2020-02-10 13:54:36 - [MESSAGE][PASSED] - Text 'Cookie Policy' is not present on page

2020-02-10 13:54:36 - [TEST_STEP][PASSED] - waitForPageLoad(60): Wait for page load successfully

2020-02-10 13:54:36 - [MESSAGE][PASSED] - Wait for page load successfully

2020-02-10 13:54:36 - [TEST_STEP][PASSED] - "COOKIE - ORIGINAL": null

2020-02-10 13:54:36 - [TEST_STEP][PASSED] - if (waitForElementVisible(findTestObject("Object Repository/Feedback/Page_Checkatrade Give your feedback/input_Member_to_Review"), 5)): null

2020-02-10 13:54:36 - [MESSAGE][PASSED] - Object 'Object Repository/Feedback/Page_Checkatrade Give your feedback/input_Member_to_Review' is visible

2020-02-10 13:54:36 - [TEST_STEP][PASSED] - logInfo("Give Feedback STARTUP Process"): Give Feedback STARTUP Process

2020-02-10 13:54:36 - [MESSAGE][INFO] - Give Feedback STARTUP Process

2020-02-10 13:54:36 - [MESSAGE][PASSED] - Call Test Case 'Test Cases/Reusable_Test_Sequences/CAT_Setup' successfully

2020-02-10 13:54:36 - [TEST_STEP][PASSED] - "-----------------------------------------------------": null

2020-02-10 13:54:36 - [TEST_STEP][PASSED] - " Hit the <Give Feedback> link in the header banner   |": null

2020-02-10 13:54:36 - [TEST_STEP][PASSED] - callTestCase(findTestCase("Reusable_Test_Sequences/Banner_Menu/Give_Feedback"), [:], STOP_ON_FAILURE): Call Test Case 'Test Cases/Reusable_Test_Sequences/Banner_Menu/Give_Feedback' successfully

2020-02-10 13:54:36 - [TEST_CASE][PASSED] - Test Cases/Reusable_Test_Sequences/Banner_Menu/Give_Feedback: Test Cases/Reusable_Test_Sequences/Banner_Menu/Give_Feedback

2020-02-10 13:54:37 - [TEST_STEP][PASSED] - "--------------------------------------------------------": null

2020-02-10 13:54:37 - [TEST_STEP][PASSED] - " Major Changes Factored Into Function - 05/12/2019      |": null

2020-02-10 13:54:37 - [TEST_STEP][PASSED] - "--------------------------------------------------------": null

2020-02-10 13:54:37 - [TEST_STEP][PASSED] - " Now Drills Directl Into the Target URL": null

2020-02-10 13:54:37 - [TEST_STEP][PASSED] - waitForElementVisible(findTestObject("Object Repository/Feedback/Page_Checkatrade Give your feedback/input_Member_to_Review"), 25): Object 'Object Repository/Feedback/Page_Checkatrade Give your feedback/input_Member_to_Review' is visible

2020-02-10 13:54:37 - [MESSAGE][PASSED] - Object 'Object Repository/Feedback/Page_Checkatrade Give your feedback/input_Member_to_Review' is visible

2020-02-10 13:54:37 - [TEST_STEP][PASSED] - verifyTextPresent("Give your feedback", false): Text 'Give your feedback' is present on page 

2020-02-10 13:54:37 - [MESSAGE][PASSED] - Text 'Give your feedback' is present on page 

2020-02-10 13:54:37 - [TEST_STEP][PASSED] - verifyTextPresent("Which member do you want to review?", false): Text 'Which member do you want to review?' is present on page 

2020-02-10 13:54:38 - [MESSAGE][PASSED] - Text 'Which member do you want to review?' is present on page 

2020-02-10 13:54:38 - [MESSAGE][PASSED] - Call Test Case 'Test Cases/Reusable_Test_Sequences/Banner_Menu/Give_Feedback' successfully

2020-02-10 13:54:38 - [TEST_STEP][PASSED] - "-----------------------------------------------------": null

2020-02-10 13:54:38 - [TEST_STEP][PASSED] - " Enter Member Trade Name OR Checkatrade ID To Review |": null

2020-02-10 13:54:38 - [TEST_STEP][PASSED] - callTestCase(findTestCase("Reusable_Test_Sequences/Give_Feedback/Which_Member_to_Review"), [:], STOP_ON_FAILURE): Call Test Case 'Test Cases/Reusable_Test_Sequences/Give_Feedback/Which_Member_to_Review' successfully

2020-02-10 13:54:38 - [TEST_CASE][PASSED] - Test Cases/Reusable_Test_Sequences/Give_Feedback/Which_Member_to_Review: Test Cases/Reusable_Test_Sequences/Give_Feedback/Which_Member_to_Review

2020-02-10 13:54:38 - [TEST_STEP][PASSED] - "--------------------------------------------------------": null

2020-02-10 13:54:38 - [TEST_STEP][PASSED] - " Major Changes Factored Into Function - 05/12/2019      |": null

2020-02-10 13:54:38 - [TEST_STEP][PASSED] - waitForPageLoad(60): Wait for page load successfully

2020-02-10 13:54:38 - [MESSAGE][PASSED] - Wait for page load successfully

2020-02-10 13:54:38 - [TEST_STEP][PASSED] - waitForElementPresent(findTestObject("Object Repository/Feedback/Page_Checkatrade Give your feedback/input_Member_to_Review"), 25): Object 'Object Repository/Feedback/Page_Checkatrade Give your feedback/input_Member_to_Review' is present

2020-02-10 13:54:38 - [MESSAGE][PASSED] - Object 'Object Repository/Feedback/Page_Checkatrade Give your feedback/input_Member_to_Review' is present

2020-02-10 13:54:38 - [TEST_STEP][PASSED] - setText(findTestObject("Object Repository/Feedback/Page_Checkatrade Give your feedback/input_Member_to_Review"), findTestData("Give_Feedback (1)").getValue("Account_Verification_Name", row)): Text 'Test Account' is set on object 'Object Repository/Feedback/Page_Checkatrade Give your feedback/input_Member_to_Review'

2020-02-10 13:54:39 - [MESSAGE][PASSED] - Text 'Test Account' is set on object 'Object Repository/Feedback/Page_Checkatrade Give your feedback/input_Member_to_Review'

2020-02-10 13:54:39 - [TEST_STEP][PASSED] - delay(1): Delayed 1 second(s)

2020-02-10 13:54:40 - [MESSAGE][PASSED] - Delayed 1 second(s)

2020-02-10 13:54:40 - [TEST_STEP][PASSED] - "Submit the search criteria using click     |": null

2020-02-10 13:54:40 - [TEST_STEP][PASSED] - waitForElementPresent(findTestObject("Object Repository/Feedback/Page_Checkatrade Give your feedback/span_Search_Member"), 25): Object 'Object Repository/Feedback/Page_Checkatrade Give your feedback/span_Search_Member' is present

2020-02-10 13:54:40 - [MESSAGE][PASSED] - Object 'Object Repository/Feedback/Page_Checkatrade Give your feedback/span_Search_Member' is present

2020-02-10 13:54:40 - [TEST_STEP][PASSED] - try:  * * * Trader OR CAT ID Selected, and Returned as Expected!

2020-02-10 13:54:40 - [TEST_STEP][PASSED] - "Try Catch Included 14/08/2019 - Sometimes the Trader isnt returned?   |": null

2020-02-10 13:54:40 - [TEST_STEP][PASSED] - click(findTestObject("Object Repository/Feedback/Page_Checkatrade Give your feedback/span_Search_Member")): Object: 'Object Repository/Feedback/Page_Checkatrade Give your feedback/span_Search_Member' is clicked on

2020-02-10 13:54:41 - [MESSAGE][PASSED] - Object: 'Object Repository/Feedback/Page_Checkatrade Give your feedback/span_Search_Member' is clicked on

2020-02-10 13:54:41 - [TEST_STEP][PASSED] - markPassed(" * * * Trader OR CAT ID Selected, and Returned as Expected!"):  * * * Trader OR CAT ID Selected, and Returned as Expected!

2020-02-10 13:54:41 - [MESSAGE][PASSED] -  * * * Trader OR CAT ID Selected, and Returned as Expected!

2020-02-10 13:54:41 - [MESSAGE][PASSED] - Call Test Case 'Test Cases/Reusable_Test_Sequences/Give_Feedback/Which_Member_to_Review' successfully

2020-02-10 13:54:41 - [TEST_STEP][PASSED] - "--------------------------------------": null

2020-02-10 13:54:41 - [TEST_STEP][PASSED] - " Your Experience (page 1) Processing  |": null

2020-02-10 13:54:41 - [TEST_STEP][PASSED] - callTestCase(findTestCase("Reusable_Test_Sequences/Give_Feedback/Your_Experience/Your_Experience"), [:], CONTINUE_ON_FAILURE): Call Test Case 'Test Cases/Reusable_Test_Sequences/Give_Feedback/Your_Experience/Your_Experience' successfully

2020-02-10 13:54:41 - [TEST_CASE][PASSED] - Test Cases/Reusable_Test_Sequences/Give_Feedback/Your_Experience/Your_Experience: Test Cases/Reusable_Test_Sequences/Give_Feedback/Your_Experience/Your_Experience

2020-02-10 13:54:42 - [TEST_STEP][PASSED] - data = findTestData("Data Files/Give_Feedback (1)"): null

2020-02-10 13:54:42 - [TEST_STEP][PASSED] - YE_Recommend = data.getValue("YE_Recommendations", row): null

2020-02-10 13:54:42 - [TEST_STEP][PASSED] - "---------------------------------------------------------------------------------------": null

2020-02-10 13:54:42 - [TEST_STEP][PASSED] - " Your Experience (page 1) Returned with Recommendation Selection Set to Yes (Default)  |": null

2020-02-10 13:54:42 - [TEST_STEP][PASSED] - "---------------------------------------------------------------------------------------": null

2020-02-10 13:54:42 - [TEST_STEP][PASSED] - "Check URL Is The Correct One :-)": null

2020-02-10 13:54:42 - [TEST_STEP][PASSED] - "---------------------------------------------------------------------------------------": null

2020-02-10 13:54:42 - [TEST_STEP][PASSED] - " Your Experience (page 1) Recommend this trader?                                       |": null

2020-02-10 13:54:42 - [TEST_STEP][PASSED] - callTestCase(findTestCase("Reusable_Test_Sequences/Give_Feedback/Your_Experience/Recommendation_Selection"), [:], CONTINUE_ON_FAILURE): Call Test Case 'Test Cases/Reusable_Test_Sequences/Give_Feedback/Your_Experience/Recommendation_Selection' successfully

2020-02-10 13:54:42 - [TEST_CASE][PASSED] - Test Cases/Reusable_Test_Sequences/Give_Feedback/Your_Experience/Recommendation_Selection: Test Cases/Reusable_Test_Sequences/Give_Feedback/Your_Experience/Recommendation_Selection

2020-02-10 13:54:43 - [TEST_STEP][PASSED] - data = findTestData("Data Files/Give_Feedback (1)"): null

2020-02-10 13:54:43 - [TEST_STEP][PASSED] - YE_Recommend = data.getValue("YE_Recommendations", row): null

2020-02-10 13:54:43 - [TEST_STEP][PASSED] - "--------------------------------": null

2020-02-10 13:54:43 - [TEST_STEP][PASSED] - "Read data from spreadsheet      |": null

2020-02-10 13:54:43 - [TEST_STEP][PASSED] - "--------------------------------": null

2020-02-10 13:54:43 - [TEST_STEP][PASSED] - "--------------------------------": null

2020-02-10 13:54:43 - [TEST_STEP][PASSED] - "Set Recommendation - Yes or No  |": null

2020-02-10 13:54:43 - [TEST_STEP][PASSED] - if (YE_Recommend == "Yes"): Wait for page load successfully

2020-02-10 13:54:43 - [TEST_STEP][PASSED] - "-----------------------------------------------------------": null

2020-02-10 13:54:43 - [TEST_STEP][PASSED] - " Selected by Default - ReSelecting causes a tool exception |": null

2020-02-10 13:54:43 - [TEST_STEP][PASSED] - " No need to re-select - RESOLVED                           |": null

2020-02-10 13:54:43 - [TEST_STEP][PASSED] - waitForElementClickable(findTestObject("Object Repository/Feedback/Page_Checkatrade Give your feedback/Page_Checkatrade Give your feedback/span_Yes"), 5): Object 'Object Repository/Feedback/Page_Checkatrade Give your feedback/Page_Checkatrade Give your feedback/span_Yes' is clickable

2020-02-10 13:54:43 - [MESSAGE][PASSED] - Object 'Object Repository/Feedback/Page_Checkatrade Give your feedback/Page_Checkatrade Give your feedback/span_Yes' is clickable

2020-02-10 13:54:43 - [TEST_STEP][PASSED] - click(findTestObject("Object Repository/Feedback/Page_Checkatrade Give your feedback/Page_Checkatrade Give your feedback/span_Yes")): Object: 'Object Repository/Feedback/Page_Checkatrade Give your feedback/Page_Checkatrade Give your feedback/span_Yes' is clicked on

2020-02-10 13:54:43 - [MESSAGE][PASSED] - Object: 'Object Repository/Feedback/Page_Checkatrade Give your feedback/Page_Checkatrade Give your feedback/span_Yes' is clicked on

2020-02-10 13:54:43 - [TEST_STEP][PASSED] - waitForPageLoad(2): Wait for page load successfully

2020-02-10 13:54:43 - [MESSAGE][PASSED] - Wait for page load successfully

2020-02-10 13:54:43 - [TEST_STEP][PASSED] - out.println("Your Experience, Recommendation, Click on the <" + YE_Recommend + "> Option Button "): null

2020-02-10 13:54:43 - [TEST_STEP][PASSED] - waitForPageLoad(60): Wait for page load successfully

2020-02-10 13:54:43 - [MESSAGE][PASSED] - Wait for page load successfully

2020-02-10 13:54:43 - [MESSAGE][PASSED] - Call Test Case 'Test Cases/Reusable_Test_Sequences/Give_Feedback/Your_Experience/Recommendation_Selection' successfully

2020-02-10 13:54:43 - [TEST_STEP][PASSED] - "---------------------------------------------------------------------------------------": null

2020-02-10 13:54:43 - [TEST_STEP][PASSED] - " SELECTING _ NO Recommend Restructures this PAGE, So need to exclude the below tests  ": null

2020-02-10 13:54:43 - [TEST_STEP][PASSED] - if (YE_Recommend == "Yes"): Call Test Case 'Test Cases/Reusable_Test_Sequences/Give_Feedback/Your_Experience/Feedback_Knowledge' successfully

2020-02-10 13:54:43 - [TEST_STEP][PASSED] - "---------------------------------------------------------------------------------------": null

2020-02-10 13:54:43 - [TEST_STEP][PASSED] - " Your Experience (page 1) Estimation/Quotation Accuracy?                               |": null

2020-02-10 13:54:43 - [TEST_STEP][PASSED] - callTestCase(findTestCase("Reusable_Test_Sequences/Give_Feedback/Your_Experience/Quotation_Selection"), [:], CONTINUE_ON_FAILURE): Call Test Case 'Test Cases/Reusable_Test_Sequences/Give_Feedback/Your_Experience/Quotation_Selection' successfully

2020-02-10 13:54:43 - [TEST_CASE][PASSED] - Test Cases/Reusable_Test_Sequences/Give_Feedback/Your_Experience/Quotation_Selection: Test Cases/Reusable_Test_Sequences/Give_Feedback/Your_Experience/Quotation_Selection

2020-02-10 13:54:44 - [TEST_STEP][PASSED] - "-----------------------": null

2020-02-10 13:54:44 - [TEST_STEP][PASSED] - "Check DEFAULT Setting  |     Default Setting - Nothing Selected": null

2020-02-10 13:54:44 - [TEST_STEP][PASSED] - "-----------------------": null

2020-02-10 13:54:44 - [TEST_STEP][PASSED] - "--------------------------------": null

2020-02-10 13:54:44 - [TEST_STEP][PASSED] - "Read data from spreadsheet      |": null

2020-02-10 13:54:44 - [TEST_STEP][PASSED] - data = findTestData("Data Files/Give_Feedback (1)"): null

2020-02-10 13:54:44 - [TEST_STEP][PASSED] - YE_Estimate = data.getValue("YE_Estimate", row): null

2020-02-10 13:54:44 - [TEST_STEP][PASSED] - "--------------------------------": null

2020-02-10 13:54:44 - [TEST_STEP][PASSED] - "Read data from spreadsheet      |": null

2020-02-10 13:54:44 - [TEST_STEP][PASSED] - out.println("Your Experience, Estimate Accuracy, Click on the " + YE_Estimate + " Option Button "): null

2020-02-10 13:54:44 - [TEST_STEP][PASSED] - "---------------------------------------------------------------------------------------------------------------------------------------------------": null

2020-02-10 13:54:44 - [TEST_STEP][PASSED] - "Set Quotation - Agreed_estimate -OR- Additional_work -OR- More_than_agreed_price_informed -OR- More_than_agreed_price_not_informed -OR- No_estimate|": null

2020-02-10 13:54:44 - [TEST_STEP][PASSED] - "---------------------------------------------------------------------------------------------------------------------------------------------------": null

2020-02-10 13:54:44 - [TEST_STEP][PASSED] - "-------------------------------------------------": null

2020-02-10 13:54:44 - [TEST_STEP][PASSED] - if (YE_Estimate == "Agreed_price"): Wait for page load successfully

2020-02-10 13:54:44 - [TEST_STEP][PASSED] - waitForElementClickable(findTestObject("Object Repository/Page_Checkatrade Give your feedback/span_The agreed price"), 5): Object 'Object Repository/Page_Checkatrade Give your feedback/span_The agreed price' is clickable

2020-02-10 13:54:44 - [MESSAGE][PASSED] - Object 'Object Repository/Page_Checkatrade Give your feedback/span_The agreed price' is clickable

2020-02-10 13:54:44 - [TEST_STEP][PASSED] - click(findTestObject("Object Repository/Page_Checkatrade Give your feedback/span_The agreed price")): Object: 'Object Repository/Page_Checkatrade Give your feedback/span_The agreed price' is clicked on

2020-02-10 13:54:44 - [MESSAGE][PASSED] - Object: 'Object Repository/Page_Checkatrade Give your feedback/span_The agreed price' is clicked on

2020-02-10 13:54:44 - [TEST_STEP][PASSED] - waitForPageLoad(2): Wait for page load successfully

2020-02-10 13:54:45 - [MESSAGE][PASSED] - Wait for page load successfully

2020-02-10 13:54:45 - [TEST_STEP][PASSED] - "-------------------------------------------------": null

2020-02-10 13:54:45 - [TEST_STEP][PASSED] - if (YE_Estimate == "Additional_work"): null

2020-02-10 13:54:45 - [TEST_STEP][PASSED] - "-----------------------------------------------------------------------": null

2020-02-10 13:54:45 - [TEST_STEP][PASSED] - if (YE_Estimate == "More_than_agreed_price_informed"): null

2020-02-10 13:54:45 - [TEST_STEP][PASSED] - "-----------------------------------------------------------------------": null

2020-02-10 13:54:45 - [TEST_STEP][PASSED] - if (YE_Estimate == "More_than_agreed_price_not_informed"): null

2020-02-10 13:54:45 - [TEST_STEP][PASSED] - "-----------------------------------------------------------------------": null

2020-02-10 13:54:45 - [TEST_STEP][PASSED] - if (YE_Estimate == "No_estimate"): null

2020-02-10 13:54:45 - [TEST_STEP][PASSED] - out.println("Your Experience, Estimate Accuracy, Click on the " + YE_Estimate + " Option Button "): null

2020-02-10 13:54:45 - [MESSAGE][PASSED] - Call Test Case 'Test Cases/Reusable_Test_Sequences/Give_Feedback/Your_Experience/Quotation_Selection' successfully

2020-02-10 13:54:45 - [TEST_STEP][PASSED] - "---------------------------------------------------------------------------------------": null

2020-02-10 13:54:45 - [TEST_STEP][PASSED] - " Your Experience (page 1) Knowledge of Feedback Process?                               |": null

2020-02-10 13:54:45 - [TEST_STEP][PASSED] - callTestCase(findTestCase("Reusable_Test_Sequences/Give_Feedback/Your_Experience/Feedback_Knowledge"), [:], CONTINUE_ON_FAILURE): Call Test Case 'Test Cases/Reusable_Test_Sequences/Give_Feedback/Your_Experience/Feedback_Knowledge' successfully

2020-02-10 13:54:45 - [TEST_CASE][PASSED] - Test Cases/Reusable_Test_Sequences/Give_Feedback/Your_Experience/Feedback_Knowledge: Test Cases/Reusable_Test_Sequences/Give_Feedback/Your_Experience/Feedback_Knowledge

2020-02-10 13:54:45 - [TEST_STEP][PASSED] - "--------------------------------": null

2020-02-10 13:54:45 - [TEST_STEP][PASSED] - "Read data from spreadsheet      |": null

2020-02-10 13:54:45 - [TEST_STEP][PASSED] - data = findTestData("Data Files/Give_Feedback (1)"): null

2020-02-10 13:54:45 - [TEST_STEP][PASSED] - YE_Feedback_Knowledge = data.getValue("YE_Feedback_Knowledge", row): null

2020-02-10 13:54:45 - [TEST_STEP][PASSED] - out.println("Your Experience, Feedback Knowledge, Click on the " + YE_Feedback_Knowledge + " Option Button "): null

2020-02-10 13:54:45 - [TEST_STEP][PASSED] - "------------------------------------------------": null

2020-02-10 13:54:45 - [TEST_STEP][PASSED] - "Set Knowledge of feedback process? - Yes or No  |": null

2020-02-10 13:54:45 - [TEST_STEP][PASSED] - if (YE_Feedback_Knowledge == "Yes"): Wait for page load successfully

2020-02-10 13:54:45 - [TEST_STEP][PASSED] - waitForElementClickable(findTestObject("Page_Checkatrade Give your feedback/span_Yes - Copy"), 5): Object 'Object Repository/Page_Checkatrade Give your feedback/span_Yes - Copy' is clickable

2020-02-10 13:54:45 - [MESSAGE][PASSED] - Object 'Object Repository/Page_Checkatrade Give your feedback/span_Yes - Copy' is clickable

2020-02-10 13:54:45 - [TEST_STEP][PASSED] - click(findTestObject("Page_Checkatrade Give your feedback/span_Yes - Copy")): Object: 'Object Repository/Page_Checkatrade Give your feedback/span_Yes - Copy' is clicked on

2020-02-10 13:54:45 - [MESSAGE][PASSED] - Object: 'Object Repository/Page_Checkatrade Give your feedback/span_Yes - Copy' is clicked on

2020-02-10 13:54:45 - [TEST_STEP][PASSED] - waitForPageLoad(2): Wait for page load successfully

2020-02-10 13:54:45 - [MESSAGE][PASSED] - Wait for page load successfully

2020-02-10 13:54:45 - [TEST_STEP][PASSED] - out.println("Your Experience, Feedback Knowledge, Click on the <" + YE_Feedback_Knowledge + "> Option Button "): null

2020-02-10 13:54:45 - [MESSAGE][PASSED] - Call Test Case 'Test Cases/Reusable_Test_Sequences/Give_Feedback/Your_Experience/Feedback_Knowledge' successfully

2020-02-10 13:54:45 - [TEST_STEP][PASSED] - "---------------------------------------------------------------------------------------------------------": null

2020-02-10 13:54:45 - [TEST_STEP][PASSED] - " Your Experience (page 1) Hit <Next> Button to Continue to <Your Scores>- (page 2) If Recommend = YES    |": null

2020-02-10 13:54:45 - [TEST_STEP][PASSED] - "                                                        OR <Your Details>-(page 3) If Recommend = NO     |": null

2020-02-10 13:54:45 - [TEST_STEP][PASSED] - callTestCase(findTestCase("Reusable_Test_Sequences/Give_Feedback/Hit_Next"), [:], CONTINUE_ON_FAILURE): Call Test Case 'Test Cases/Reusable_Test_Sequences/Give_Feedback/Hit_Next' successfully

2020-02-10 13:54:45 - [TEST_CASE][PASSED] - Test Cases/Reusable_Test_Sequences/Give_Feedback/Hit_Next: Test Cases/Reusable_Test_Sequences/Give_Feedback/Hit_Next

2020-02-10 13:54:46 - [TEST_STEP][PASSED] - click(findTestObject("Object Repository/Page_Checkatrade Give your feedback/input_No_ctl00contentButton4")): Object: 'Object Repository/Page_Checkatrade Give your feedback/input_No_ctl00contentButton4' is clicked on

2020-02-10 13:54:47 - [MESSAGE][PASSED] - Object: 'Object Repository/Page_Checkatrade Give your feedback/input_No_ctl00contentButton4' is clicked on

2020-02-10 13:54:47 - [TEST_STEP][PASSED] - waitForPageLoad(2): Wait for page load successfully

2020-02-10 13:54:47 - [MESSAGE][PASSED] - Wait for page load successfully

2020-02-10 13:54:47 - [MESSAGE][PASSED] - Call Test Case 'Test Cases/Reusable_Test_Sequences/Give_Feedback/Hit_Next' successfully

2020-02-10 13:54:47 - [TEST_STEP][PASSED] - waitForPageLoad(2): Wait for page load successfully

2020-02-10 13:54:47 - [MESSAGE][PASSED] - Wait for page load successfully

2020-02-10 13:54:47 - [MESSAGE][PASSED] - Call Test Case 'Test Cases/Reusable_Test_Sequences/Give_Feedback/Your_Experience/Your_Experience' successfully

2020-02-10 13:54:47 - [TEST_STEP][PASSED] - "--------------------------------------": null

2020-02-10 13:54:47 - [TEST_STEP][PASSED] - " Your Scores (page 2) Processing      |": null

2020-02-10 13:54:47 - [TEST_STEP][PASSED] - YE_Recommend = data.getValue("YE_Recommendations", row): null

2020-02-10 13:54:47 - [TEST_STEP][PASSED] - YE_WorkCarriedOut = data.getValue("YE_Work_Carried_Out", row): null

2020-02-10 13:54:47 - [TEST_STEP][PASSED] - if (YE_Recommend == "Yes"): Call Test Case 'Test Cases/Reusable_Test_Sequences/Give_Feedback/Your_Scores/Your_Scores' successfully

2020-02-10 13:54:47 - [TEST_STEP][PASSED] - callTestCase(findTestCase("Reusable_Test_Sequences/Give_Feedback/Your_Scores/Your_Scores"), [:], CONTINUE_ON_FAILURE): Call Test Case 'Test Cases/Reusable_Test_Sequences/Give_Feedback/Your_Scores/Your_Scores' successfully

2020-02-10 13:54:47 - [TEST_CASE][PASSED] - Test Cases/Reusable_Test_Sequences/Give_Feedback/Your_Scores/Your_Scores: Test Cases/Reusable_Test_Sequences/Give_Feedback/Your_Scores/Your_Scores

2020-02-10 13:54:47 - [TEST_STEP][PASSED] - "------------------------------------------------------------------------------------------": null

2020-02-10 13:54:47 - [TEST_STEP][PASSED] - " Your Scores (page 2) Returned with 2 Main Sections - <Your Scores> and <Details of Work> |": null

2020-02-10 13:54:47 - [TEST_STEP][PASSED] - "                                             Tidiness Listbox Selection, NA, 0 through 10 |": null

2020-02-10 13:54:47 - [TEST_STEP][PASSED] - "------------------------------------------------------------------------------------------": null

2020-02-10 13:54:47 - [TEST_STEP][PASSED] - "------------------------------------------------------------------------------------------": null

2020-02-10 13:54:47 - [TEST_STEP][PASSED] - " Your Scores (page 2) Returned with 2 Main Sections - <Your Scores> and <Details of Work> |": null

2020-02-10 13:54:47 - [TEST_STEP][PASSED] - "                          Reliability and Timekeeping Listbox Selection, NA, 0 through 10 |": null

2020-02-10 13:54:47 - [TEST_STEP][PASSED] - "------------------------------------------------------------------------------------------": null

2020-02-10 13:54:47 - [TEST_STEP][PASSED] - "------------------------------------------------------------------------------------------": null

2020-02-10 13:54:47 - [TEST_STEP][PASSED] - " Your Scores (page 2) Returned with 2 Main Sections - <Your Scores> and <Details of Work> |": null

2020-02-10 13:54:47 - [TEST_STEP][PASSED] - "                                             Courtesy Listbox Selection, NA, 0 through 10 |": null

2020-02-10 13:54:47 - [TEST_STEP][PASSED] - "------------------------------------------------------------------------------------------": null

2020-02-10 13:54:47 - [TEST_STEP][PASSED] - "------------------------------------------------------------------------------------------": null

2020-02-10 13:54:47 - [TEST_STEP][PASSED] - " Your Scores (page 2) Returned with 2 Main Sections - <Your Scores> and <Details of Work> |": null

2020-02-10 13:54:47 - [TEST_STEP][PASSED] - "                                     Standard of Work Listbox Selection, NA, 0 through 10 |": null

2020-02-10 13:54:47 - [TEST_STEP][PASSED] - callTestCase(findTestCase("Reusable_Test_Sequences/Give_Feedback/Your_Scores/Your_Scores_List_Box_Selection"), [:], CONTINUE_ON_FAILURE): Call Test Case 'Test Cases/Reusable_Test_Sequences/Give_Feedback/Your_Scores/Your_Scores_List_Box_Selection' successfully

2020-02-10 13:54:47 - [TEST_CASE][PASSED] - Test Cases/Reusable_Test_Sequences/Give_Feedback/Your_Scores/Your_Scores_List_Box_Selection: Test Cases/Reusable_Test_Sequences/Give_Feedback/Your_Scores/Your_Scores_List_Box_Selection

2020-02-10 13:54:47 - [TEST_STEP][PASSED] - data = findTestData("Data Files/Give_Feedback (1)"): null

2020-02-10 13:54:47 - [TEST_STEP][PASSED] - YS_Tidiness = data.getValue("YS_Tidiness", row): null

2020-02-10 13:54:47 - [TEST_STEP][PASSED] - YS_Reliability = data.getValue("YS_Reliability", row): null

2020-02-10 13:54:47 - [TEST_STEP][PASSED] - YS_Courtesy = data.getValue("YS_Courtesy", row): null

2020-02-10 13:54:47 - [TEST_STEP][PASSED] - YS_Workmanship = data.getValue("YS_Workmanship", row): null

2020-02-10 13:54:47 - [TEST_STEP][PASSED] - "--------------------------------": null

2020-02-10 13:54:47 - [TEST_STEP][PASSED] - "Read data from spreadsheet      |": null

2020-02-10 13:54:47 - [TEST_STEP][PASSED] - "--------------------------------": null

2020-02-10 13:54:47 - [TEST_STEP][PASSED] - "------------------------------------------------------": null

2020-02-10 13:54:47 - [TEST_STEP][PASSED] - "Select Tidiness Value form List                       |": null

2020-02-10 13:54:47 - [TEST_STEP][PASSED] - selectOptionByValue(findTestObject("Page_Checkatrade Give your feedback/select_--YS_Tidiness"), YS_Tidiness, true): All options with value '10' are selected in object 'Object Repository/Page_Checkatrade Give your feedback/select_--YS_Tidiness'  using regular expression

2020-02-10 13:54:48 - [MESSAGE][PASSED] - All options with value '10' are selected in object 'Object Repository/Page_Checkatrade Give your feedback/select_--YS_Tidiness'  using regular expression

2020-02-10 13:54:48 - [TEST_STEP][PASSED] - "------------------------------------------------------": null

2020-02-10 13:54:48 - [TEST_STEP][PASSED] - "Select Reliability and Timekeeping Value form List    |": null

2020-02-10 13:54:48 - [TEST_STEP][PASSED] - selectOptionByValue(findTestObject("Page_Checkatrade Give your feedback/select_--YS_Reliability"), YS_Reliability, true): All options with value '10' are selected in object 'Object Repository/Page_Checkatrade Give your feedback/select_--YS_Reliability'  using regular expression

2020-02-10 13:54:48 - [MESSAGE][PASSED] - All options with value '10' are selected in object 'Object Repository/Page_Checkatrade Give your feedback/select_--YS_Reliability'  using regular expression

2020-02-10 13:54:48 - [TEST_STEP][PASSED] - "------------------------------------------------------": null

2020-02-10 13:54:48 - [TEST_STEP][PASSED] - "Select Courtesy Value form List                       |": null

2020-02-10 13:54:48 - [TEST_STEP][PASSED] - selectOptionByValue(findTestObject("Page_Checkatrade Give your feedback/select_--YS_Courtesy"), YS_Reliability, true): All options with value '10' are selected in object 'Object Repository/Page_Checkatrade Give your feedback/select_--YS_Courtesy'  using regular expression

2020-02-10 13:54:49 - [MESSAGE][PASSED] - All options with value '10' are selected in object 'Object Repository/Page_Checkatrade Give your feedback/select_--YS_Courtesy'  using regular expression

2020-02-10 13:54:49 - [TEST_STEP][PASSED] - "------------------------------------------------------": null

2020-02-10 13:54:49 - [TEST_STEP][PASSED] - "Select Quality and Workmanship Value form List        |": null

2020-02-10 13:54:49 - [TEST_STEP][PASSED] - selectOptionByValue(findTestObject("Page_Checkatrade Give your feedback/select_--YS_Workmanship"), YS_Workmanship, true): All options with value '10' are selected in object 'Object Repository/Page_Checkatrade Give your feedback/select_--YS_Workmanship'  using regular expression

2020-02-10 13:54:49 - [MESSAGE][PASSED] - All options with value '10' are selected in object 'Object Repository/Page_Checkatrade Give your feedback/select_--YS_Workmanship'  using regular expression

2020-02-10 13:54:49 - [MESSAGE][PASSED] - Call Test Case 'Test Cases/Reusable_Test_Sequences/Give_Feedback/Your_Scores/Your_Scores_List_Box_Selection' successfully

2020-02-10 13:54:49 - [TEST_STEP][PASSED] - "------------------------------------------------------------------------------------------": null

2020-02-10 13:54:49 - [TEST_STEP][PASSED] - " Your Scores (page 2) Returned with 2 Main Sections - <Your Scores> and <Details of Work> |": null

2020-02-10 13:54:49 - [TEST_STEP][PASSED] - " Details of Work Done - Form FIll<Description>,<Approx. date>,<How Long>, <Comments> and  |": null

2020-02-10 13:54:49 - [TEST_STEP][PASSED] - "                                                               <Feedback Publish Confirm> |": null

2020-02-10 13:54:49 - [TEST_STEP][PASSED] - callTestCase(findTestCase("Reusable_Test_Sequences/Give_Feedback/Your_Scores/Details_of_work_Done_Formfill"), [:], CONTINUE_ON_FAILURE): Call Test Case 'Test Cases/Reusable_Test_Sequences/Give_Feedback/Your_Scores/Details_of_work_Done_Formfill' successfully

2020-02-10 13:54:49 - [TEST_CASE][PASSED] - Test Cases/Reusable_Test_Sequences/Give_Feedback/Your_Scores/Details_of_work_Done_Formfill: Test Cases/Reusable_Test_Sequences/Give_Feedback/Your_Scores/Details_of_work_Done_Formfill

2020-02-10 13:54:49 - [TEST_STEP][PASSED] - data = findTestData("Data Files/Give_Feedback (1)"): null

2020-02-10 13:54:49 - [TEST_STEP][PASSED] - YS_Work_Description = data.getValue("YS_Work_Description", row): null

2020-02-10 13:54:49 - [TEST_STEP][PASSED] - YS_Work_Date = data.getValue("YS_Work_Date", row): null

2020-02-10 13:54:49 - [TEST_STEP][PASSED] - YS_Days_to_Complete = data.getValue("YS_Days_to_Complete", row): null

2020-02-10 13:54:49 - [TEST_STEP][PASSED] - YS_Work_Comments = data.getValue("YS_Work_Comments", row): null

2020-02-10 13:54:49 - [TEST_STEP][PASSED] - YS_Feedback_Published = data.getValue("YS_Feedback_Published", row): null

2020-02-10 13:54:49 - [TEST_STEP][PASSED] - "---------------------------------": null

2020-02-10 13:54:49 - [TEST_STEP][PASSED] - "Read data from spreadsheet       |": null

2020-02-10 13:54:49 - [TEST_STEP][PASSED] - "---------------------------------": null

2020-02-10 13:54:49 - [TEST_STEP][PASSED] - "---------------------------------": null

2020-02-10 13:54:49 - [TEST_STEP][PASSED] - "Brief description of work done   |": null

2020-02-10 13:54:49 - [TEST_STEP][PASSED] - setText(findTestObject("Object Repository/Page_Checkatrade Give your feedback/input_Brief description of work done_ctl00contenttbWorkDescription"), YS_Work_Description): Text 'New Test Toilet' is set on object 'Object Repository/Page_Checkatrade Give your feedback/input_Brief description of work done_ctl00contenttbWorkDescription'

2020-02-10 13:54:49 - [MESSAGE][PASSED] - Text 'New Test Toilet' is set on object 'Object Repository/Page_Checkatrade Give your feedback/input_Brief description of work done_ctl00contenttbWorkDescription'

2020-02-10 13:54:49 - [TEST_STEP][PASSED] - "---------------------------------": null

2020-02-10 13:54:49 - [TEST_STEP][PASSED] - "Date work was done (approx)      |": null

2020-02-10 13:54:49 - [TEST_STEP][PASSED] - "---------------------------------": null

2020-02-10 13:54:49 - [TEST_STEP][PASSED] - "---------------------------------": null

2020-02-10 13:54:49 - [TEST_STEP][PASSED] - "How many days did this job take? |": null

2020-02-10 13:54:49 - [TEST_STEP][PASSED] - setText(findTestObject("Object Repository/Page_Checkatrade Give your feedback/input_How many days did this job take"), YS_Days_to_Complete): Text '3' is set on object 'Object Repository/Page_Checkatrade Give your feedback/input_How many days did this job take'

2020-02-10 13:54:50 - [MESSAGE][PASSED] - Text '3' is set on object 'Object Repository/Page_Checkatrade Give your feedback/input_How many days did this job take'

2020-02-10 13:54:50 - [TEST_STEP][PASSED] - "---------------------------------": null

2020-02-10 13:54:50 - [TEST_STEP][PASSED] - "Your comments about the work     |": null

2020-02-10 13:54:50 - [TEST_STEP][PASSED] - setText(findTestObject("Object Repository/Page_Checkatrade Give your feedback/textarea_Your comments about the work_ctl00contenttbWorkComments"), YS_Work_Comments): Text 'Nice job' is set on object 'Object Repository/Page_Checkatrade Give your feedback/textarea_Your comments about the work_ctl00contenttbWorkComments'

2020-02-10 13:54:50 - [MESSAGE][PASSED] - Text 'Nice job' is set on object 'Object Repository/Page_Checkatrade Give your feedback/textarea_Your comments about the work_ctl00contenttbWorkComments'

2020-02-10 13:54:50 - [TEST_STEP][PASSED] - "---------------------------------------": null

2020-02-10 13:54:50 - [TEST_STEP][PASSED] - " Scroll Bottom of Page Into View       |": null

2020-02-10 13:54:50 - [TEST_STEP][PASSED] - "---------------------------------------": null

2020-02-10 13:54:50 - [TEST_STEP][PASSED] - "-----------------------------------------------------": null

2020-02-10 13:54:50 - [TEST_STEP][PASSED] - "Would you like your feedback published? - Yes or No  |": null

2020-02-10 13:54:50 - [TEST_STEP][PASSED] - if (YS_Feedback_Published == "Yes"): Wait for page load successfully

2020-02-10 13:54:50 - [TEST_STEP][PASSED] - waitForElementClickable(findTestObject("Feedback/Page_Checkatrade Give your feedback/span_Publish_Feedback_Yes"), 10): Object 'Object Repository/Feedback/Page_Checkatrade Give your feedback/span_Publish_Feedback_Yes' is clickable

2020-02-10 13:54:50 - [MESSAGE][PASSED] - Object 'Object Repository/Feedback/Page_Checkatrade Give your feedback/span_Publish_Feedback_Yes' is clickable

2020-02-10 13:54:50 - [TEST_STEP][PASSED] - click(findTestObject("Feedback/Page_Checkatrade Give your feedback/span_Publish_Feedback_Yes")): Object: 'Object Repository/Feedback/Page_Checkatrade Give your feedback/span_Publish_Feedback_Yes' is clicked on

2020-02-10 13:54:50 - [MESSAGE][PASSED] - Object: 'Object Repository/Feedback/Page_Checkatrade Give your feedback/span_Publish_Feedback_Yes' is clicked on

2020-02-10 13:54:50 - [TEST_STEP][PASSED] - waitForPageLoad(60): Wait for page load successfully

2020-02-10 13:54:50 - [MESSAGE][PASSED] - Wait for page load successfully

2020-02-10 13:54:50 - [TEST_STEP][PASSED] - out.println("Your Experience, Recommendation, Click on the " + YS_Feedback_Published + " Option Button "): null

2020-02-10 13:54:50 - [TEST_STEP][PASSED] - delay(1): Delayed 1 second(s)

2020-02-10 13:54:51 - [MESSAGE][PASSED] - Delayed 1 second(s)

2020-02-10 13:54:51 - [TEST_STEP][PASSED] - "---------------------------------": null

2020-02-10 13:54:51 - [TEST_STEP][PASSED] - "Your comments about the work     |": null

2020-02-10 13:54:51 - [TEST_STEP][PASSED] - waitForElementClickable(findTestObject("Object Repository/Page_Checkatrade Give your feedback/input_No_ctl00contentButton6"), 60): Object 'Object Repository/Page_Checkatrade Give your feedback/input_No_ctl00contentButton6' is clickable

2020-02-10 13:54:51 - [MESSAGE][PASSED] - Object 'Object Repository/Page_Checkatrade Give your feedback/input_No_ctl00contentButton6' is clickable

2020-02-10 13:54:51 - [TEST_STEP][PASSED] - click(findTestObject("Object Repository/Page_Checkatrade Give your feedback/input_No_ctl00contentButton6")): Object: 'Object Repository/Page_Checkatrade Give your feedback/input_No_ctl00contentButton6' is clicked on

2020-02-10 13:54:52 - [MESSAGE][PASSED] - Object: 'Object Repository/Page_Checkatrade Give your feedback/input_No_ctl00contentButton6' is clicked on

2020-02-10 13:54:52 - [MESSAGE][PASSED] - Call Test Case 'Test Cases/Reusable_Test_Sequences/Give_Feedback/Your_Scores/Details_of_work_Done_Formfill' successfully

2020-02-10 13:54:52 - [TEST_STEP][PASSED] - scrollToPosition(125, 0): Browser is scrolled to position x = 125, y = 0

2020-02-10 13:54:52 - [MESSAGE][PASSED] - Browser is scrolled to position x = 125, y = 0

2020-02-10 13:54:52 - [TEST_STEP][PASSED] - "------------------------------------------------------------------------------------------": null

2020-02-10 13:54:52 - [TEST_STEP][PASSED] - " Your Experience (page 2) Hit <Next> Button to Continue to <Your Details>- (page 3)       |": null

2020-02-10 13:54:52 - [TEST_STEP][PASSED] - try: null

2020-02-10 13:54:52 - [TEST_STEP][PASSED] - callTestCase(findTestCase("Reusable_Test_Sequences/Give_Feedback/Your_Scores/Hit_Next"), 1): null

2020-02-10 13:54:52 - [TEST_STEP][PASSED] - catch (Exception e): null

2020-02-10 13:54:52 - [MESSAGE][PASSED] - Call Test Case 'Test Cases/Reusable_Test_Sequences/Give_Feedback/Your_Scores/Your_Scores' successfully

2020-02-10 13:54:52 - [TEST_STEP][PASSED] - if (YE_Recommend == "No" && YE_WorkCarriedOut == "Yes"): null

2020-02-10 13:54:52 - [TEST_STEP][PASSED] - "--------------------------------------": null

2020-02-10 13:54:52 - [TEST_STEP][PASSED] - " Your Details (page 3) Processing     |": null

2020-02-10 13:54:52 - [TEST_STEP][PASSED] - callTestCase(findTestCase("Reusable_Test_Sequences/Give_Feedback/Your_Details/Your_Details"), [:], CONTINUE_ON_FAILURE): Call Test Case 'Test Cases/Reusable_Test_Sequences/Give_Feedback/Your_Details/Your_Details' successfully

2020-02-10 13:54:52 - [TEST_CASE][PASSED] - Test Cases/Reusable_Test_Sequences/Give_Feedback/Your_Details/Your_Details: Test Cases/Reusable_Test_Sequences/Give_Feedback/Your_Details/Your_Details

2020-02-10 13:54:53 - [TEST_STEP][PASSED] - "---------------------------------------------------------------------------------------": null

2020-02-10 13:54:53 - [TEST_STEP][PASSED] - " Your Details (page 3)                                                                 |": null

2020-02-10 13:54:53 - [TEST_STEP][PASSED] - "---------------------------------------------------------------------------------------": null

2020-02-10 13:54:53 - [TEST_STEP][PASSED] - "-------------------------------------": null

2020-02-10 13:54:53 - [TEST_STEP][PASSED] - " Consumer or Customer Selection      |": null

2020-02-10 13:54:53 - [TEST_STEP][PASSED] - callTestCase(findTestCase("Reusable_Test_Sequences/Give_Feedback/Your_Details/Consumer_or_Customer_Selection"), [:], STOP_ON_FAILURE): Call Test Case 'Test Cases/Reusable_Test_Sequences/Give_Feedback/Your_Details/Consumer_or_Customer_Selection' successfully

2020-02-10 13:54:53 - [TEST_CASE][PASSED] - Test Cases/Reusable_Test_Sequences/Give_Feedback/Your_Details/Consumer_or_Customer_Selection: Test Cases/Reusable_Test_Sequences/Give_Feedback/Your_Details/Consumer_or_Customer_Selection

2020-02-10 13:54:53 - [TEST_STEP][PASSED] - "--------------------------------": null

2020-02-10 13:54:53 - [TEST_STEP][PASSED] - "Read data from spreadsheet      |": null

2020-02-10 13:54:53 - [TEST_STEP][PASSED] - data = findTestData("Data Files/Give_Feedback (1)"): null

2020-02-10 13:54:53 - [TEST_STEP][PASSED] - YD_Consumer_Customer = data.getValue("YD_Consumer_Customer", row): null

2020-02-10 13:54:53 - [TEST_STEP][PASSED] - out.println("Your Details, Consumer OR Trade Customer, Click on the " + YD_Consumer_Customer + " Option Button "): null

2020-02-10 13:54:53 - [TEST_STEP][PASSED] - try: null

2020-02-10 13:54:53 - [TEST_STEP][PASSED] - if (YD_Consumer_Customer == "Consumer"): Object 'Object Repository/Page_Checkatrade Give your feedback/span_an individual consumer' is clickable

2020-02-10 13:54:53 - [MESSAGE][PASSED] - Object 'Object Repository/Page_Checkatrade Give your feedback/span_an individual consumer' is clickable

2020-02-10 13:54:53 - [TEST_STEP][PASSED] - click(findTestObject("Object Repository/Page_Checkatrade Give your feedback/span_an individual consumer"), 1): null

2020-02-10 13:54:53 - [TEST_STEP][PASSED] - catch (Exception e): null

2020-02-10 13:54:53 - [TEST_STEP][PASSED] - if (YD_Consumer_Customer == "Customer"): null

2020-02-10 13:54:53 - [TEST_STEP][PASSED] - out.println("Your Experience, Recommendation, Click on the " + YD_Consumer_Customer + " Option Button "): null

2020-02-10 13:54:53 - [MESSAGE][PASSED] - Call Test Case 'Test Cases/Reusable_Test_Sequences/Give_Feedback/Your_Details/Consumer_or_Customer_Selection' successfully

2020-02-10 13:54:53 - [TEST_STEP][PASSED] - "-------------------------------------": null

2020-02-10 13:54:53 - [TEST_STEP][PASSED] - " Fill Personal Details               |": null

2020-02-10 13:54:53 - [TEST_STEP][PASSED] - callTestCase(findTestCase("Reusable_Test_Sequences/Give_Feedback/Your_Details/Personal_Details_Formfill"), [:], STOP_ON_FAILURE): Call Test Case 'Test Cases/Reusable_Test_Sequences/Give_Feedback/Your_Details/Personal_Details_Formfill' successfully

2020-02-10 13:54:53 - [TEST_CASE][PASSED] - Test Cases/Reusable_Test_Sequences/Give_Feedback/Your_Details/Personal_Details_Formfill: Test Cases/Reusable_Test_Sequences/Give_Feedback/Your_Details/Personal_Details_Formfill

2020-02-10 13:54:54 - [TEST_STEP][PASSED] - "--------------------------------": null

2020-02-10 13:54:54 - [TEST_STEP][PASSED] - "Read data from spreadsheet      |": null

2020-02-10 13:54:54 - [TEST_STEP][PASSED] - data = findTestData("Data Files/Give_Feedback (1)"): null

2020-02-10 13:54:54 - [TEST_STEP][PASSED] - YD_Salutation = data.getValue("YD_Salutation", row): null

2020-02-10 13:54:54 - [TEST_STEP][PASSED] - YD_Name = data.getValue("YD_Name", row): null

2020-02-10 13:54:54 - [TEST_STEP][PASSED] - YD_Company_Name = data.getValue("YD_Company_Name", row): null

2020-02-10 13:54:54 - [TEST_STEP][PASSED] - YD_Postcode = data.getValue("YD_Postcode", row): null

2020-02-10 13:54:54 - [TEST_STEP][PASSED] - YD_Verify_Address = data.getValue("YD_Verify_Address", row): null

2020-02-10 13:54:54 - [TEST_STEP][PASSED] - YD_Consumer_Customer = data.getValue("YD_Consumer_Customer", row): null

2020-02-10 13:54:54 - [TEST_STEP][PASSED] - out.println("Your Experience, Your details, Set the " + YD_Salutation + " Text Box "): null

2020-02-10 13:54:54 - [TEST_STEP][PASSED] - "--------------------": null

2020-02-10 13:54:54 - [TEST_STEP][PASSED] - "  Set  Salutation   |": null

2020-02-10 13:54:54 - [TEST_STEP][PASSED] - delay(1): Delayed 1 second(s)

2020-02-10 13:54:55 - [MESSAGE][PASSED] - Delayed 1 second(s)

2020-02-10 13:54:55 - [TEST_STEP][PASSED] - selectOptionByValue(findTestObject("Object Repository/New Folder/Page_Checkatrade Give your feedback/select_MrMrsMissMsMr  MrsDrRevRevd"), YD_Salutation, true): All options with value 'Mr' are selected in object 'Object Repository/New Folder/Page_Checkatrade Give your feedback/select_MrMrsMissMsMr  MrsDrRevRevd'  using regular expression

2020-02-10 13:54:55 - [MESSAGE][PASSED] - All options with value 'Mr' are selected in object 'Object Repository/New Folder/Page_Checkatrade Give your feedback/select_MrMrsMissMsMr  MrsDrRevRevd'  using regular expression

2020-02-10 13:54:55 - [TEST_STEP][PASSED] - "--------------------": null

2020-02-10 13:54:55 - [TEST_STEP][PASSED] - "  Set  Name         |": null

2020-02-10 13:54:55 - [TEST_STEP][PASSED] - if (YD_Consumer_Customer == "Consumer"): Text 'Ron Smith' is set on object 'Object Repository/New Folder/Page_Checkatrade Give your feedback/input_Name_ctl00contenttbCustomerName'

2020-02-10 13:54:55 - [TEST_STEP][PASSED] - setText(findTestObject("Object Repository/New Folder/Page_Checkatrade Give your feedback/input_Name_ctl00contenttbCustomerName"), YD_Name): Text 'Ron Smith' is set on object 'Object Repository/New Folder/Page_Checkatrade Give your feedback/input_Name_ctl00contenttbCustomerName'

2020-02-10 13:54:55 - [MESSAGE][PASSED] - Text 'Ron Smith' is set on object 'Object Repository/New Folder/Page_Checkatrade Give your feedback/input_Name_ctl00contenttbCustomerName'

2020-02-10 13:54:55 - [TEST_STEP][PASSED] - "----------------------": null

2020-02-10 13:54:55 - [TEST_STEP][PASSED] - " Name of you company  |": null

2020-02-10 13:54:55 - [TEST_STEP][PASSED] - if (YD_Consumer_Customer == "Customer"): null

2020-02-10 13:54:55 - [TEST_STEP][PASSED] - "--------------------": null

2020-02-10 13:54:55 - [TEST_STEP][PASSED] - "  Set Postcode     |": null

2020-02-10 13:54:55 - [TEST_STEP][PASSED] - setText(findTestObject("Object Repository/New Folder/Page_Checkatrade Give your feedback/input_Your postcode_ctl00contentctlCustomerAddresstbPostcodeSearch"), YD_Postcode): Text 'PO12 2SD' is set on object 'Object Repository/New Folder/Page_Checkatrade Give your feedback/input_Your postcode_ctl00contentctlCustomerAddresstbPostcodeSearch'

2020-02-10 13:54:56 - [MESSAGE][PASSED] - Text 'PO12 2SD' is set on object 'Object Repository/New Folder/Page_Checkatrade Give your feedback/input_Your postcode_ctl00contentctlCustomerAddresstbPostcodeSearch'

2020-02-10 13:54:56 - [TEST_STEP][PASSED] - "-----------------------------": null

2020-02-10 13:54:56 - [TEST_STEP][PASSED] - "  Address Lookup Selection   |": null

2020-02-10 13:54:56 - [TEST_STEP][PASSED] - click(findTestObject("Object Repository/New Folder/Page_Checkatrade Give your feedback/input_Your postcode_ctl00contentctlCustomerAddressbtnPostcodeLookup")): Object: 'Object Repository/New Folder/Page_Checkatrade Give your feedback/input_Your postcode_ctl00contentctlCustomerAddressbtnPostcodeLookup' is clicked on

2020-02-10 13:54:56 - [MESSAGE][PASSED] - Object: 'Object Repository/New Folder/Page_Checkatrade Give your feedback/input_Your postcode_ctl00contentctlCustomerAddressbtnPostcodeLookup' is clicked on

2020-02-10 13:54:56 - [TEST_STEP][PASSED] - "-----------------------------": null

2020-02-10 13:54:56 - [TEST_STEP][PASSED] - "  Address Lookup Set         |": null

2020-02-10 13:54:56 - [TEST_STEP][PASSED] - selectOptionByLabel(findTestObject("Object Repository/New Folder/Page_Checkatrade Give your feedback/select_Please select your address"), YD_Verify_Address, true): All options with label '26 Broadsands Drive,Gosport,Hampshire,PO12 2SD' are selected in object 'Object Repository/New Folder/Page_Checkatrade Give your feedback/select_Please select your address'  using regular expression

2020-02-10 13:54:58 - [MESSAGE][PASSED] - All options with label '26 Broadsands Drive,Gosport,Hampshire,PO12 2SD' are selected in object 'Object Repository/New Folder/Page_Checkatrade Give your feedback/select_Please select your address'  using regular expression

2020-02-10 13:54:58 - [TEST_STEP][PASSED] - "-----------------------------": null

2020-02-10 13:54:58 - [TEST_STEP][PASSED] - "  Verify Returned Address    |": null

2020-02-10 13:54:58 - [TEST_STEP][PASSED] - verifyTextPresent(YD_Verify_Address, false): Text '26 Broadsands Drive,Gosport,Hampshire,PO12 2SD' is present on page 

2020-02-10 13:54:58 - [MESSAGE][PASSED] - Text '26 Broadsands Drive,Gosport,Hampshire,PO12 2SD' is present on page 

2020-02-10 13:54:58 - [MESSAGE][PASSED] - Call Test Case 'Test Cases/Reusable_Test_Sequences/Give_Feedback/Your_Details/Personal_Details_Formfill' successfully

2020-02-10 13:54:58 - [TEST_STEP][PASSED] - "-------------------------------------": null

2020-02-10 13:54:58 - [TEST_STEP][PASSED] - " Fil Contact Details                 |": null

2020-02-10 13:54:58 - [TEST_STEP][PASSED] - callTestCase(findTestCase("Reusable_Test_Sequences/Give_Feedback/Your_Details/Contact_Details_Formfill"), [:], STOP_ON_FAILURE): Call Test Case 'Test Cases/Reusable_Test_Sequences/Give_Feedback/Your_Details/Contact_Details_Formfill' successfully

2020-02-10 13:54:58 - [TEST_CASE][PASSED] - Test Cases/Reusable_Test_Sequences/Give_Feedback/Your_Details/Contact_Details_Formfill: Test Cases/Reusable_Test_Sequences/Give_Feedback/Your_Details/Contact_Details_Formfill

2020-02-10 13:54:58 - [TEST_STEP][PASSED] - "--------------------------------": null

2020-02-10 13:54:58 - [TEST_STEP][PASSED] - "Read data from spreadsheet      |": null

2020-02-10 13:54:58 - [TEST_STEP][PASSED] - data = findTestData("Data Files/Give_Feedback (1)"): null

2020-02-10 13:54:58 - [TEST_STEP][PASSED] - YD_Home_Phone = data.getValue("YD_Home_Phone", row): null

2020-02-10 13:54:58 - [TEST_STEP][PASSED] - YD_Name = data.getValue("YD_Name", row): null

2020-02-10 13:54:58 - [TEST_STEP][PASSED] - YD_Best_Contact_Time = data.getValue("YD_Best_Contact_Time", row): null

2020-02-10 13:54:58 - [TEST_STEP][PASSED] - YD_Email = data.getValue("YD_Email", row): null

2020-02-10 13:54:58 - [TEST_STEP][PASSED] - YD_Mobile = data.getValue("YD_Mobile", row): null

2020-02-10 13:54:58 - [TEST_STEP][PASSED] - YD_Consumer_Customer = data.getValue("YD_Consumer_Customer", row): null

2020-02-10 13:54:58 - [TEST_STEP][PASSED] - out.println("Your Experience, Your details, Set the " + YD_Home_Phone + " Text Box "): null

2020-02-10 13:54:58 - [TEST_STEP][PASSED] - "------------------------------": null

2020-02-10 13:54:58 - [TEST_STEP][PASSED] - "  Set Home Telephone Number   |": null

2020-02-10 13:54:58 - [TEST_STEP][PASSED] - setText(findTestObject("Object Repository/New Folder/Page_Checkatrade Give your feedback/input_Home telephone_ctl00contenttbCustomerHomePhone"), YD_Home_Phone): Text '02392123456' is set on object 'Object Repository/New Folder/Page_Checkatrade Give your feedback/input_Home telephone_ctl00contenttbCustomerHomePhone'

2020-02-10 13:54:58 - [MESSAGE][PASSED] - Text '02392123456' is set on object 'Object Repository/New Folder/Page_Checkatrade Give your feedback/input_Home telephone_ctl00contenttbCustomerHomePhone'

2020-02-10 13:54:58 - [TEST_STEP][PASSED] - "------------------------------": null

2020-02-10 13:54:58 - [TEST_STEP][PASSED] - "  Set Best Time to Contact    |": null

2020-02-10 13:54:58 - [TEST_STEP][PASSED] - if (YD_Consumer_Customer == "Consumer"): Text 'Any Tme' is set on object 'Object Repository/New Folder/Page_Checkatrade Give your feedback/input_Best time to contact you_ctl00contenttbCustomerContactTime'

2020-02-10 13:54:58 - [TEST_STEP][PASSED] - setText(findTestObject("Object Repository/New Folder/Page_Checkatrade Give your feedback/input_Best time to contact you_ctl00contenttbCustomerContactTime"), YD_Best_Contact_Time): Text 'Any Tme' is set on object 'Object Repository/New Folder/Page_Checkatrade Give your feedback/input_Best time to contact you_ctl00contenttbCustomerContactTime'

2020-02-10 13:54:59 - [MESSAGE][PASSED] - Text 'Any Tme' is set on object 'Object Repository/New Folder/Page_Checkatrade Give your feedback/input_Best time to contact you_ctl00contenttbCustomerContactTime'

2020-02-10 13:54:59 - [TEST_STEP][PASSED] - "------------------------------": null

2020-02-10 13:54:59 - [TEST_STEP][PASSED] - "  Set Email Address           |": null

2020-02-10 13:54:59 - [TEST_STEP][PASSED] - setText(findTestObject("Object Repository/New Folder/Page_Checkatrade Give your feedback/input_Email_ctl00contenttbCustomerEmail"), YD_Email): Text 'Test_xxxxxx@xdxdxdxd.com' is set on object 'Object Repository/New Folder/Page_Checkatrade Give your feedback/input_Email_ctl00contenttbCustomerEmail'

2020-02-10 13:54:59 - [MESSAGE][PASSED] - Text 'Test_xxxxxx@xdxdxdxd.com' is set on object 'Object Repository/New Folder/Page_Checkatrade Give your feedback/input_Email_ctl00contenttbCustomerEmail'

2020-02-10 13:54:59 - [TEST_STEP][PASSED] - "------------------------------": null

2020-02-10 13:54:59 - [TEST_STEP][PASSED] - "  Set Mobile Telephone Number |": null

2020-02-10 13:54:59 - [TEST_STEP][PASSED] - setText(findTestObject("Object Repository/New Folder/Page_Checkatrade Give your feedback/input_Mobile_ctl00contenttbCustomerMobile"), YD_Mobile): Text '07788123456' is set on object 'Object Repository/New Folder/Page_Checkatrade Give your feedback/input_Mobile_ctl00contenttbCustomerMobile'

2020-02-10 13:54:59 - [MESSAGE][PASSED] - Text '07788123456' is set on object 'Object Repository/New Folder/Page_Checkatrade Give your feedback/input_Mobile_ctl00contenttbCustomerMobile'

2020-02-10 13:54:59 - [MESSAGE][PASSED] - Call Test Case 'Test Cases/Reusable_Test_Sequences/Give_Feedback/Your_Details/Contact_Details_Formfill' successfully

2020-02-10 13:54:59 - [TEST_STEP][PASSED] - "-------------------------------------": null

2020-02-10 13:54:59 - [TEST_STEP][PASSED] - " CHeckatrade Questions               |": null

2020-02-10 13:54:59 - [TEST_STEP][PASSED] - callTestCase(findTestCase("Reusable_Test_Sequences/Give_Feedback/Your_Details/Checkatrade_Questions"), [:], STOP_ON_FAILURE): Call Test Case 'Test Cases/Reusable_Test_Sequences/Give_Feedback/Your_Details/Checkatrade_Questions' successfully

2020-02-10 13:54:59 - [TEST_CASE][PASSED] - Test Cases/Reusable_Test_Sequences/Give_Feedback/Your_Details/Checkatrade_Questions: Test Cases/Reusable_Test_Sequences/Give_Feedback/Your_Details/Checkatrade_Questions

2020-02-10 13:54:59 - [TEST_STEP][PASSED] - "--------------------------------": null

2020-02-10 13:54:59 - [TEST_STEP][PASSED] - "Read data from spreadsheet      |": null

2020-02-10 13:54:59 - [TEST_STEP][PASSED] - data = findTestData("Data Files/Give_Feedback (1)"): null

2020-02-10 13:54:59 - [TEST_STEP][PASSED] - YD_Feedback_Method = data.getValue("YD_Feedback_Method", row): null

2020-02-10 13:54:59 - [TEST_STEP][PASSED] - YD_How_Did_You_Hear = data.getValue("YD_How_Did_You_Hear", row): null

2020-02-10 13:54:59 - [TEST_STEP][PASSED] - YD_Other_Response = data.getValue("YD_Other_Response", row): null

2020-02-10 13:54:59 - [TEST_STEP][PASSED] - YD_Reason_For_Tradeperson_Selection = data.getValue("YD_Reason_For_Tradeperson_Selection", row): null

2020-02-10 13:54:59 - [TEST_STEP][PASSED] - YD_Receive_Chekatrade_Updates = data.getValue("YD_Receive_Chekatrade_Updates", row): null

2020-02-10 13:54:59 - [TEST_STEP][PASSED] - YD_Receive_Third_Party_Updates = data.getValue("YD_Receive_Third_Party_Updates", row): null

2020-02-10 13:54:59 - [TEST_STEP][PASSED] - out.println("Your Experience, Your details, Set the " + YD_Feedback_Method + " Text Box "): null

2020-02-10 13:54:59 - [TEST_STEP][PASSED] - "------------------------------------": null

2020-02-10 13:54:59 - [TEST_STEP][PASSED] - "  Set Verify Options - SMS OR Email |": null

2020-02-10 13:54:59 - [TEST_STEP][PASSED] - if (YD_Feedback_Method == "email"): Wait for page load successfully

2020-02-10 13:54:59 - [TEST_STEP][PASSED] - click(findTestObject("Object Repository/Page_Checkatrade Give your feedback/span_Verify by email")): Object: 'Object Repository/Page_Checkatrade Give your feedback/span_Verify by email' is clicked on

2020-02-10 13:55:00 - [MESSAGE][PASSED] - Object: 'Object Repository/Page_Checkatrade Give your feedback/span_Verify by email' is clicked on

2020-02-10 13:55:00 - [TEST_STEP][PASSED] - waitForPageLoad(2): Wait for page load successfully

2020-02-10 13:55:00 - [MESSAGE][PASSED] - Wait for page load successfully

2020-02-10 13:55:00 - [TEST_STEP][PASSED] - "--------------------------------------": null

2020-02-10 13:55:00 - [TEST_STEP][PASSED] - " Scroll to <Next> Button              |": null

2020-02-10 13:55:00 - [TEST_STEP][PASSED] - scrollToPosition(200, 0): Browser is scrolled to position x = 200, y = 0

2020-02-10 13:55:00 - [MESSAGE][PASSED] - Browser is scrolled to position x = 200, y = 0

2020-02-10 13:55:00 - [TEST_STEP][PASSED] - "--------------------------------------": null

2020-02-10 13:55:00 - [TEST_STEP][PASSED] - "  Set How You Heard About Checkatrade |": null

2020-02-10 13:55:00 - [TEST_STEP][PASSED] - waitForPageLoad(2): Wait for page load successfully

2020-02-10 13:55:00 - [MESSAGE][PASSED] - Wait for page load successfully

2020-02-10 13:55:00 - [TEST_STEP][PASSED] - selectOptionByLabel(findTestObject("Object Repository/Page_Checkatrade Give your feedback/select_Please selectTVRadioOnlineDirectoryWord"), YD_How_Did_You_Hear, true): All options with label 'Online' are selected in object 'Object Repository/Page_Checkatrade Give your feedback/select_Please selectTVRadioOnlineDirectoryWord'  using regular expression

2020-02-10 13:55:00 - [MESSAGE][PASSED] - All options with label 'Online' are selected in object 'Object Repository/Page_Checkatrade Give your feedback/select_Please selectTVRadioOnlineDirectoryWord'  using regular expression

2020-02-10 13:55:00 - [TEST_STEP][PASSED] - "--------------------------------------": null

2020-02-10 13:55:00 - [TEST_STEP][PASSED] - "  How did you hear about Textbox      |": null

2020-02-10 13:55:00 - [TEST_STEP][PASSED] - if (YD_How_Did_You_Hear == "Other"): null

2020-02-10 13:55:00 - [TEST_STEP][PASSED] - "--------------------------------------": null

2020-02-10 13:55:00 - [TEST_STEP][PASSED] - "  Why Use The Selected Tradesperson   |": null

2020-02-10 13:55:00 - [TEST_STEP][PASSED] - waitForElementClickable(findTestObject("Object Repository/New Folder/Page_Checkatrade Give your feedback/select_Prefer not to sayFound the Tradesperson via CheckatradecomDirected to Checkatradecom by the Tradesperson"), 2): Object 'Object Repository/New Folder/Page_Checkatrade Give your feedback/select_Prefer not to sayFound the Tradesperson via CheckatradecomDirected to Checkatradecom by the Tradesperson' is clickable

2020-02-10 13:55:00 - [MESSAGE][PASSED] - Object 'Object Repository/New Folder/Page_Checkatrade Give your feedback/select_Prefer not to sayFound the Tradesperson via CheckatradecomDirected to Checkatradecom by the Tradesperson' is clickable

2020-02-10 13:55:00 - [TEST_STEP][PASSED] - selectOptionByIndex(findTestObject("Object Repository/New Folder/Page_Checkatrade Give your feedback/select_Prefer not to sayFound the Tradesperson via CheckatradecomDirected to Checkatradecom by the Tradesperson"), 2): All options with index in [2] are selected on object 'Object Repository/New Folder/Page_Checkatrade Give your feedback/select_Prefer not to sayFound the Tradesperson via CheckatradecomDirected to Checkatradecom by the Tradesperson'

2020-02-10 13:55:00 - [MESSAGE][PASSED] - All options with index in [2] are selected on object 'Object Repository/New Folder/Page_Checkatrade Give your feedback/select_Prefer not to sayFound the Tradesperson via CheckatradecomDirected to Checkatradecom by the Tradesperson'

2020-02-10 13:55:00 - [TEST_STEP][PASSED] - waitForPageLoad(2): Wait for page load successfully

2020-02-10 13:55:00 - [MESSAGE][PASSED] - Wait for page load successfully

2020-02-10 13:55:00 - [TEST_STEP][PASSED] - "----------------------------------------------------": null

2020-02-10 13:55:00 - [TEST_STEP][PASSED] - " Select - I am happy to receive Updates - Checkatra |": null

2020-02-10 13:55:00 - [TEST_STEP][PASSED] - if (YD_Receive_Chekatrade_Updates == "Yes"): Wait for page load successfully

2020-02-10 13:55:00 - [TEST_STEP][PASSED] - click(findTestObject("Object Repository/New Folder/Page_Checkatrade Give your feedback/input_I am happy to receive updates from Checkatrade_ctl00contentchkEmailUpdates")): Object: 'Object Repository/New Folder/Page_Checkatrade Give your feedback/input_I am happy to receive updates from Checkatrade_ctl00contentchkEmailUpdates' is clicked on

2020-02-10 13:55:01 - [MESSAGE][PASSED] - Object: 'Object Repository/New Folder/Page_Checkatrade Give your feedback/input_I am happy to receive updates from Checkatrade_ctl00contentchkEmailUpdates' is clicked on

2020-02-10 13:55:01 - [TEST_STEP][PASSED] - waitForPageLoad(2): Wait for page load successfully

2020-02-10 13:55:01 - [MESSAGE][PASSED] - Wait for page load successfully

2020-02-10 13:55:01 - [TEST_STEP][PASSED] - "----------------------------------------------------": null

2020-02-10 13:55:01 - [TEST_STEP][PASSED] - " Select - I am happy to receive Updates - 3rd party |": null

2020-02-10 13:55:01 - [TEST_STEP][PASSED] - if (YD_Receive_Third_Party_Updates == "Yes"): Wait for page load successfully

2020-02-10 13:55:01 - [TEST_STEP][PASSED] - click(findTestObject("Object Repository/New Folder/Page_Checkatrade Give your feedback/label_I am happy to receive updates from selected third parties")): Object: 'Object Repository/New Folder/Page_Checkatrade Give your feedback/label_I am happy to receive updates from selected third parties' is clicked on

2020-02-10 13:55:01 - [MESSAGE][PASSED] - Object: 'Object Repository/New Folder/Page_Checkatrade Give your feedback/label_I am happy to receive updates from selected third parties' is clicked on

2020-02-10 13:55:01 - [TEST_STEP][PASSED] - waitForPageLoad(2): Wait for page load successfully

2020-02-10 13:55:01 - [MESSAGE][PASSED] - Wait for page load successfully

2020-02-10 13:55:01 - [TEST_STEP][PASSED] - "--------------------------------------": null

2020-02-10 13:55:01 - [TEST_STEP][PASSED] - "   SUBMIT Page                        |": null

2020-02-10 13:55:01 - [TEST_STEP][PASSED] - click(findTestObject("Object Repository/New Folder/Page_Checkatrade Give your feedback/input_here_ctl00contentButtonSubmit")): Object: 'Object Repository/New Folder/Page_Checkatrade Give your feedback/input_here_ctl00contentButtonSubmit' is clicked on

2020-02-10 13:55:02 - [MESSAGE][PASSED] - Object: 'Object Repository/New Folder/Page_Checkatrade Give your feedback/input_here_ctl00contentButtonSubmit' is clicked on

2020-02-10 13:55:02 - [TEST_STEP][PASSED] - waitForPageLoad(2): Wait for page load successfully

2020-02-10 13:55:02 - [MESSAGE][PASSED] - Wait for page load successfully

2020-02-10 13:55:02 - [MESSAGE][PASSED] - Call Test Case 'Test Cases/Reusable_Test_Sequences/Give_Feedback/Your_Details/Checkatrade_Questions' successfully

2020-02-10 13:55:02 - [TEST_STEP][PASSED] - "-------------------------------------": null

2020-02-10 13:55:02 - [TEST_STEP][PASSED] - " Commit form                         |": null

2020-02-10 13:55:02 - [TEST_STEP][PASSED] - waitForPageLoad(60): Wait for page load successfully

2020-02-10 13:55:02 - [MESSAGE][PASSED] - Wait for page load successfully

2020-02-10 13:55:02 - [MESSAGE][PASSED] - Call Test Case 'Test Cases/Reusable_Test_Sequences/Give_Feedback/Your_Details/Your_Details' successfully

2020-02-10 13:55:02 - [TEST_STEP][PASSED] - "--------------------------------------": null

2020-02-10 13:55:02 - [TEST_STEP][PASSED] - " Further Info (page 4) Processing     |": null

2020-02-10 13:55:02 - [TEST_STEP][PASSED] - callTestCase(findTestCase("Reusable_Test_Sequences/Give_Feedback/Further_Infomation/Further_Information"), [:], CONTINUE_ON_FAILURE): Call Test Case 'Test Cases/Reusable_Test_Sequences/Give_Feedback/Further_Infomation/Further_Information' successfully

2020-02-10 13:55:02 - [TEST_CASE][PASSED] - Test Cases/Reusable_Test_Sequences/Give_Feedback/Further_Infomation/Further_Information: Test Cases/Reusable_Test_Sequences/Give_Feedback/Further_Infomation/Further_Information

2020-02-10 13:55:03 - [TEST_STEP][PASSED] - "--------------------------------": null

2020-02-10 13:55:03 - [TEST_STEP][PASSED] - "  Read data from spreadsheet    |": null

2020-02-10 13:55:03 - [TEST_STEP][PASSED] - data = findTestData("Data Files/Give_Feedback (1)"): null

2020-02-10 13:55:03 - [TEST_STEP][PASSED] - FD_Value_of_Work = data.getValue("FD_Value_of_Work", row): null

2020-02-10 13:55:03 - [TEST_STEP][PASSED] - "-----------": null

2020-02-10 13:55:03 - [TEST_STEP][PASSED] - "  Synch    |": null

2020-02-10 13:55:03 - [TEST_STEP][PASSED] - waitForElementPresent(findTestObject("Object Repository/New Folder1/Page_Checkatrade Give your feedback/input_Value Of Work_ctl00contenttbValueOfWork"), 25): Object 'Object Repository/New Folder1/Page_Checkatrade Give your feedback/input_Value Of Work_ctl00contenttbValueOfWork' is present

2020-02-10 13:55:03 - [MESSAGE][PASSED] - Object 'Object Repository/New Folder1/Page_Checkatrade Give your feedback/input_Value Of Work_ctl00contenttbValueOfWork' is present

2020-02-10 13:55:03 - [TEST_STEP][PASSED] - "--------------------------------": null

2020-02-10 13:55:03 - [TEST_STEP][PASSED] - "  Set the Value of Work Textbox |": null

2020-02-10 13:55:03 - [TEST_STEP][PASSED] - setText(findTestObject("Object Repository/New Folder1/Page_Checkatrade Give your feedback/input_Value Of Work_ctl00contenttbValueOfWork"), FD_Value_of_Work): Text '10000' is set on object 'Object Repository/New Folder1/Page_Checkatrade Give your feedback/input_Value Of Work_ctl00contenttbValueOfWork'

2020-02-10 13:55:03 - [MESSAGE][PASSED] - Text '10000' is set on object 'Object Repository/New Folder1/Page_Checkatrade Give your feedback/input_Value Of Work_ctl00contenttbValueOfWork'

2020-02-10 13:55:03 - [TEST_STEP][PASSED] - "--------------------------------": null

2020-02-10 13:55:03 - [TEST_STEP][PASSED] - "  Hit <Submit> button to Commit |": null

2020-02-10 13:55:03 - [TEST_STEP][PASSED] - waitForElementPresent(findTestObject("Object Repository/New Folder/Page_Checkatrade Give your feedback/input_Value Of Work_ctl00contentButton1"), 25): Object 'Object Repository/New Folder/Page_Checkatrade Give your feedback/input_Value Of Work_ctl00contentButton1' is present

2020-02-10 13:55:03 - [MESSAGE][PASSED] - Object 'Object Repository/New Folder/Page_Checkatrade Give your feedback/input_Value Of Work_ctl00contentButton1' is present

2020-02-10 13:55:03 - [TEST_STEP][PASSED] - click(findTestObject("Object Repository/New Folder/Page_Checkatrade Give your feedback/input_Value Of Work_ctl00contentButton1")): Object: 'Object Repository/New Folder/Page_Checkatrade Give your feedback/input_Value Of Work_ctl00contentButton1' is clicked on

2020-02-10 13:55:25 - [MESSAGE][PASSED] - Object: 'Object Repository/New Folder/Page_Checkatrade Give your feedback/input_Value Of Work_ctl00contentButton1' is clicked on

2020-02-10 13:55:25 - [TEST_STEP][PASSED] - "--------------------------------": null

2020-02-10 13:55:25 - [TEST_STEP][PASSED] - "  Wait for FInal Page Load      |": null

2020-02-10 13:55:25 - [TEST_STEP][PASSED] - waitForPageLoad(60): Wait for page load successfully

2020-02-10 13:55:25 - [MESSAGE][PASSED] - Wait for page load successfully

2020-02-10 13:55:25 - [MESSAGE][PASSED] - Call Test Case 'Test Cases/Reusable_Test_Sequences/Give_Feedback/Further_Infomation/Further_Information' successfully

2020-02-10 13:55:25 - [TEST_STEP][PASSED] - "--------------------------------------": null

2020-02-10 13:55:25 - [TEST_STEP][PASSED] - " Thank You! (page 5) Processing       |": null

2020-02-10 13:55:25 - [TEST_STEP][PASSED] - callTestCase(findTestCase("Reusable_Test_Sequences/Give_Feedback/Final_Page"), [:], CONTINUE_ON_FAILURE): Call Test Case 'Test Cases/Reusable_Test_Sequences/Give_Feedback/Final_Page' successfully

2020-02-10 13:55:26 - [TEST_CASE][PASSED] - Test Cases/Reusable_Test_Sequences/Give_Feedback/Final_Page: Test Cases/Reusable_Test_Sequences/Give_Feedback/Final_Page

2020-02-10 13:55:26 - [TEST_STEP][PASSED] - waitForPageLoad(2): Wait for page load successfully

2020-02-10 13:55:26 - [MESSAGE][PASSED] - Wait for page load successfully

2020-02-10 13:55:26 - [TEST_STEP][PASSED] - "--------------------------------": null

2020-02-10 13:55:26 - [TEST_STEP][PASSED] - "Read data from spreadsheet      |": null

2020-02-10 13:55:26 - [TEST_STEP][PASSED] - data = findTestData("Data Files/Give_Feedback (1)"): null

2020-02-10 13:55:26 - [TEST_STEP][PASSED] - Account_Verification_Name = data.getValue("Account_Verification_Name", row): null

2020-02-10 13:55:26 - [TEST_STEP][PASSED] - YE_Recommend = data.getValue("YE_Recommendations", row): null

2020-02-10 13:55:26 - [TEST_STEP][PASSED] - YE_Work_Carried_Out = data.getValue("YE_Work_Carried_Out", row): null

2020-02-10 13:55:26 - [TEST_STEP][PASSED] - waitForElementVisible(findTestObject("Object Repository/New Folder/Page_Checkatrade Give your feedback/a_Finish"), 60): Object 'Object Repository/New Folder/Page_Checkatrade Give your feedback/a_Finish' is visible

2020-02-10 13:55:26 - [MESSAGE][PASSED] - Object 'Object Repository/New Folder/Page_Checkatrade Give your feedback/a_Finish' is visible

2020-02-10 13:55:26 - [TEST_STEP][PASSED] - "------------------------------------": null

2020-02-10 13:55:26 - [TEST_STEP][PASSED] - "  Verify Page Detail                |": null

2020-02-10 13:55:26 - [TEST_STEP][PASSED] - if (YE_Recommend == "Yes"): Text 'Finish' is present on page 

2020-02-10 13:55:26 - [TEST_STEP][PASSED] - verifyTextPresent("A Checkatrade staff member will now review your feedback for", false): Text 'A Checkatrade staff member will now review your feedback for' is present on page 

2020-02-10 13:55:26 - [MESSAGE][PASSED] - Text 'A Checkatrade staff member will now review your feedback for' is present on page 

2020-02-10 13:55:26 - [TEST_STEP][PASSED] - verifyTextPresent(Account_Verification_Name, false): Text 'Test Account' is present on page 

2020-02-10 13:55:26 - [MESSAGE][PASSED] - Text 'Test Account' is present on page 

2020-02-10 13:55:26 - [TEST_STEP][PASSED] - verifyTextPresent("Finish", false): Text 'Finish' is present on page 

2020-02-10 13:55:26 - [MESSAGE][PASSED] - Text 'Finish' is present on page 

2020-02-10 13:55:26 - [TEST_STEP][PASSED] - verifyTextPresent("Thank you", true): Text 'Thank you' is present on page  using regular expression

2020-02-10 13:55:26 - [MESSAGE][PASSED] - Text 'Thank you' is present on page  using regular expression

2020-02-10 13:55:26 - [TEST_STEP][PASSED] - "------------------------------------": null

2020-02-10 13:55:26 - [TEST_STEP][PASSED] - "  Hit Finish                        |": null

2020-02-10 13:55:26 - [TEST_STEP][PASSED] - waitForElementClickable(findTestObject("Object Repository/New Folder/Page_Checkatrade Give your feedback/a_Finish"), 60): Object 'Object Repository/New Folder/Page_Checkatrade Give your feedback/a_Finish' is clickable

2020-02-10 13:55:26 - [MESSAGE][PASSED] - Object 'Object Repository/New Folder/Page_Checkatrade Give your feedback/a_Finish' is clickable

2020-02-10 13:55:26 - [TEST_STEP][PASSED] - click(findTestObject("Object Repository/New Folder/Page_Checkatrade Give your feedback/a_Finish")): Object: 'Object Repository/New Folder/Page_Checkatrade Give your feedback/a_Finish' is clicked on

2020-02-10 13:55:28 - [MESSAGE][PASSED] - Object: 'Object Repository/New Folder/Page_Checkatrade Give your feedback/a_Finish' is clicked on

2020-02-10 13:55:28 - [MESSAGE][PASSED] - Call Test Case 'Test Cases/Reusable_Test_Sequences/Give_Feedback/Final_Page' successfully

2020-02-10 13:55:28 - [TEST_STEP][PASSED] - "--------------------------------------": null

2020-02-10 13:55:28 - [TEST_STEP][PASSED] - "  Verify Return to Home Page          |": null

2020-02-10 13:55:28 - [TEST_STEP][PASSED] - callTestCase(findTestCase("Reusable_Test_Sequences/CAT_Home"), [:], CONTINUE_ON_FAILURE): Call Test Case 'Test Cases/Reusable_Test_Sequences/CAT_Home' successfully

2020-02-10 13:55:28 - [TEST_CASE][PASSED] - Test Cases/Reusable_Test_Sequences/CAT_Home: Test Cases/Reusable_Test_Sequences/CAT_Home

2020-02-10 13:55:29 - [TEST_STEP][PASSED] - waitForPageLoad(60): Wait for page load successfully

2020-02-10 13:55:29 - [MESSAGE][PASSED] - Wait for page load successfully

2020-02-10 13:55:29 - [TEST_STEP][PASSED] - delay(2): Delayed 2 second(s)

2020-02-10 13:55:31 - [MESSAGE][PASSED] - Delayed 2 second(s)

2020-02-10 13:55:31 - [TEST_STEP][PASSED] - "------------------------------------": null

2020-02-10 13:55:31 - [TEST_STEP][PASSED] - if (Website_Version == "new"): null

2020-02-10 13:55:31 - [TEST_STEP][PASSED] - else: Text 'Over a million visits to Checkatrade each month' is present on page 

2020-02-10 13:55:31 - [TEST_STEP][PASSED] - verifyTextPresent("Helping you find the right trade or service", false): Text 'Helping you find the right trade or service' is present on page 

2020-02-10 13:55:31 - [MESSAGE][PASSED] - Text 'Helping you find the right trade or service' is present on page 

2020-02-10 13:55:31 - [TEST_STEP][PASSED] - verifyTextPresent("Search through over", false): Text 'Search through over' is present on page 

2020-02-10 13:55:31 - [MESSAGE][PASSED] - Text 'Search through over' is present on page 

2020-02-10 13:55:31 - [TEST_STEP][PASSED] - verifyTextPresent("recommended, vetted and monitored trades and service providers for free.", false): Text 'recommended, vetted and monitored trades and service providers for free.' is present on page 

2020-02-10 13:55:31 - [MESSAGE][PASSED] - Text 'recommended, vetted and monitored trades and service providers for free.' is present on page 

2020-02-10 13:55:31 - [TEST_STEP][PASSED] - verifyTextPresent("reviews published so far – thank you!", false): Text 'reviews published so far – thank you!' is present on page 

2020-02-10 13:55:31 - [MESSAGE][PASSED] - Text 'reviews published so far – thank you!' is present on page 

2020-02-10 13:55:31 - [TEST_STEP][PASSED] - verifyTextPresent("I need a trade or service", false): Text 'I need a trade or service' is present on page 

2020-02-10 13:55:32 - [MESSAGE][PASSED] - Text 'I need a trade or service' is present on page 

2020-02-10 13:55:32 - [TEST_STEP][PASSED] - verifyTextPresent("Every trader thoroughly checked and vetted", false): Text 'Every trader thoroughly checked and vetted' is present on page 

2020-02-10 13:55:32 - [MESSAGE][PASSED] - Text 'Every trader thoroughly checked and vetted' is present on page 

2020-02-10 13:55:32 - [TEST_STEP][PASSED] - "------------------------------------": null

2020-02-10 13:55:32 - [TEST_STEP][PASSED] - verifyTextPresent("reviews published so far – thank you!", false): Text 'reviews published so far – thank you!' is present on page 

2020-02-10 13:55:32 - [MESSAGE][PASSED] - Text 'reviews published so far – thank you!' is present on page 

2020-02-10 13:55:32 - [TEST_STEP][PASSED] - verifyTextPresent("Find out more", false): Text 'Find out more' is present on page 

2020-02-10 13:55:32 - [MESSAGE][PASSED] - Text 'Find out more' is present on page 

2020-02-10 13:55:32 - [TEST_STEP][PASSED] - verifyTextPresent("I am a tradesman", false): Text 'I am a tradesman' is present on page 

2020-02-10 13:55:32 - [MESSAGE][PASSED] - Text 'I am a tradesman' is present on page 

2020-02-10 13:55:32 - [TEST_STEP][PASSED] - verifyTextPresent("Find out more", false): Text 'Find out more' is present on page 

2020-02-10 13:55:32 - [MESSAGE][PASSED] - Text 'Find out more' is present on page 

2020-02-10 13:55:32 - [TEST_STEP][PASSED] - verifyTextPresent("Over a million visits to Checkatrade each month", false): Text 'Over a million visits to Checkatrade each month' is present on page 

2020-02-10 13:55:32 - [MESSAGE][PASSED] - Text 'Over a million visits to Checkatrade each month' is present on page 

2020-02-10 13:55:32 - [MESSAGE][PASSED] - Call Test Case 'Test Cases/Reusable_Test_Sequences/CAT_Home' successfully

2020-02-10 13:55:32 - [TEST_STEP][PASSED] - "--------------------------------------": null

2020-02-10 13:55:32 - [TEST_STEP][PASSED] - " Processing Completion                |": null

2020-02-10 13:55:32 - [TEST_STEP][PASSED] - "--------------------------------------": null

2020-02-10 13:55:32 - [TEST_STEP][PASSED] - "--------------------------": null

2020-02-10 13:55:32 - [TEST_STEP][PASSED] - " Teardown - CLose Browser |": null

2020-02-10 13:55:32 - [TEST_STEP][PASSED] - callTestCase(findTestCase("Reusable_Test_Sequences/CAT_Teardown"), [:], OPTIONAL): Call Test Case 'Test Cases/Reusable_Test_Sequences/CAT_Teardown' successfully

2020-02-10 13:55:32 - [TEST_CASE][PASSED] - Test Cases/Reusable_Test_Sequences/CAT_Teardown: Test Cases/Reusable_Test_Sequences/CAT_Teardown

2020-02-10 13:55:33 - [TEST_STEP][PASSED] - closeBrowser(): Browser is closed

2020-02-10 13:55:34 - [MESSAGE][PASSED] - Browser is closed

2020-02-10 13:55:34 - [MESSAGE][PASSED] - Call Test Case 'Test Cases/Reusable_Test_Sequences/CAT_Teardown' successfully

2020-02-10 13:55:34 - [TEST_STEP][PASSED] - callTestCase(findTestCase("Reusable_Test_Sequences/CAT_Setup"), [:], STOP_ON_FAILURE): Call Test Case 'Test Cases/Reusable_Test_Sequences/CAT_Setup' successfully

2020-02-10 13:55:34 - [TEST_CASE][PASSED] - Test Cases/Reusable_Test_Sequences/CAT_Setup: Test Cases/Reusable_Test_Sequences/CAT_Setup

2020-02-10 13:55:34 - [TEST_STEP][PASSED] - "------------------------------": null

2020-02-10 13:55:34 - [TEST_STEP][PASSED] - " Set Mobile Device Testing    |": null

2020-02-10 13:55:34 - [TEST_STEP][PASSED] - if (Mobile_Flag == "true"): null

2020-02-10 13:55:34 - [TEST_STEP][PASSED] - "------------------------------": null

2020-02-10 13:55:34 - [TEST_STEP][PASSED] - " Set Mobile Device Testing    |": null

2020-02-10 13:55:34 - [TEST_STEP][PASSED] - "------------------------------": null

2020-02-10 13:55:34 - [TEST_STEP][PASSED] - "URL - Set from the ENVIRONMENT PROFILE ": null

2020-02-10 13:55:34 - [TEST_STEP][PASSED] - openBrowser(URL): Browser is opened with url: 'https://www.preview.checkatrade.com/GiveFeedback'

2020-02-10 13:55:34 - [MESSAGE][INFO] - Starting 'Chrome' driver

2020-02-10 13:55:41 - [MESSAGE][PASSED] - Browser is opened with url: 'https://www.preview.checkatrade.com/GiveFeedback'

2020-02-10 13:55:41 - [TEST_STEP][PASSED] - maximizeWindow(): Current window maximized

2020-02-10 13:55:45 - [MESSAGE][PASSED] - Current window maximized

2020-02-10 13:55:45 - [TEST_STEP][PASSED] - waitForPageLoad(60): Wait for page load successfully

2020-02-10 13:55:45 - [MESSAGE][PASSED] - Wait for page load successfully

2020-02-10 13:55:45 - [TEST_STEP][PASSED] - "Previous Functionalilty Left Commented For Ease Of reversion": null

2020-02-10 13:55:45 - [TEST_STEP][PASSED] - try: Text 'Cookie Policy' is not present on page

2020-02-10 13:55:45 - [TEST_STEP][PASSED] - verifyElementPresent(findTestObject("Object Repository/Cookies/Page_Checkatrade Find a tradesperson you can trust/button_Accept All"), 5): Object 'Object Repository/Cookies/Page_Checkatrade Find a tradesperson you can trust/button_Accept All' is present

2020-02-10 13:55:45 - [MESSAGE][PASSED] - Object 'Object Repository/Cookies/Page_Checkatrade Find a tradesperson you can trust/button_Accept All' is present

2020-02-10 13:55:45 - [TEST_STEP][PASSED] - click(findTestObject("Object Repository/Cookies/Page_Checkatrade Find a tradesperson you can trust/button_Accept All")): Object: 'Object Repository/Cookies/Page_Checkatrade Find a tradesperson you can trust/button_Accept All' is clicked on

2020-02-10 13:55:45 - [MESSAGE][PASSED] - Object: 'Object Repository/Cookies/Page_Checkatrade Find a tradesperson you can trust/button_Accept All' is clicked on

2020-02-10 13:55:45 - [TEST_STEP][PASSED] - "---------------------------------": null

2020-02-10 13:55:45 - [TEST_STEP][PASSED] - "COOKIE POPOUT REMOVED - Confirmed": null

2020-02-10 13:55:45 - [TEST_STEP][PASSED] - delay(1): Delayed 1 second(s)

2020-02-10 13:55:46 - [MESSAGE][PASSED] - Delayed 1 second(s)

2020-02-10 13:55:46 - [TEST_STEP][PASSED] - verifyTextNotPresent("We use cookies to personalise content and ads, to provide social media features and to analyse our traffic", false): Text 'We use cookies to personalise content and ads, to provide social media features and to analyse our traffic' is not present on page

2020-02-10 13:55:47 - [MESSAGE][PASSED] - Text 'We use cookies to personalise content and ads, to provide social media features and to analyse our traffic' is not present on page

2020-02-10 13:55:47 - [TEST_STEP][PASSED] - verifyTextNotPresent(" We also share information about your use of our site with our social media, advertising and analytics partners", false): Text ' We also share information about your use of our site with our social media, advertising and analytics partners' is not present on page

2020-02-10 13:55:47 - [MESSAGE][PASSED] - Text ' We also share information about your use of our site with our social media, advertising and analytics partners' is not present on page

2020-02-10 13:55:47 - [TEST_STEP][PASSED] - verifyTextNotPresent("Cookie Policy", false): Text 'Cookie Policy' is not present on page

2020-02-10 13:55:47 - [MESSAGE][PASSED] - Text 'Cookie Policy' is not present on page

2020-02-10 13:55:47 - [TEST_STEP][PASSED] - waitForPageLoad(60): Wait for page load successfully

2020-02-10 13:55:47 - [MESSAGE][PASSED] - Wait for page load successfully

2020-02-10 13:55:47 - [TEST_STEP][PASSED] - "COOKIE - ORIGINAL": null

2020-02-10 13:55:47 - [TEST_STEP][PASSED] - if (waitForElementVisible(findTestObject("Object Repository/Feedback/Page_Checkatrade Give your feedback/input_Member_to_Review"), 5)): null

2020-02-10 13:55:47 - [MESSAGE][PASSED] - Object 'Object Repository/Feedback/Page_Checkatrade Give your feedback/input_Member_to_Review' is visible

2020-02-10 13:55:47 - [TEST_STEP][PASSED] - logInfo("Give Feedback STARTUP Process"): Give Feedback STARTUP Process

2020-02-10 13:55:47 - [MESSAGE][INFO] - Give Feedback STARTUP Process

2020-02-10 13:55:47 - [MESSAGE][PASSED] - Call Test Case 'Test Cases/Reusable_Test_Sequences/CAT_Setup' successfully

2020-02-10 13:55:47 - [TEST_STEP][PASSED] - "-----------------------------------------------------": null

2020-02-10 13:55:47 - [TEST_STEP][PASSED] - " Hit the <Give Feedback> link in the header banner   |": null

2020-02-10 13:55:47 - [TEST_STEP][PASSED] - callTestCase(findTestCase("Reusable_Test_Sequences/Banner_Menu/Give_Feedback"), [:], STOP_ON_FAILURE): Call Test Case 'Test Cases/Reusable_Test_Sequences/Banner_Menu/Give_Feedback' successfully

2020-02-10 13:55:47 - [TEST_CASE][PASSED] - Test Cases/Reusable_Test_Sequences/Banner_Menu/Give_Feedback: Test Cases/Reusable_Test_Sequences/Banner_Menu/Give_Feedback

2020-02-10 13:55:47 - [TEST_STEP][PASSED] - "--------------------------------------------------------": null

2020-02-10 13:55:47 - [TEST_STEP][PASSED] - " Major Changes Factored Into Function - 05/12/2019      |": null

2020-02-10 13:55:47 - [TEST_STEP][PASSED] - "--------------------------------------------------------": null

2020-02-10 13:55:47 - [TEST_STEP][PASSED] - " Now Drills Directl Into the Target URL": null

2020-02-10 13:55:47 - [TEST_STEP][PASSED] - waitForElementVisible(findTestObject("Object Repository/Feedback/Page_Checkatrade Give your feedback/input_Member_to_Review"), 25): Object 'Object Repository/Feedback/Page_Checkatrade Give your feedback/input_Member_to_Review' is visible

2020-02-10 13:55:47 - [MESSAGE][PASSED] - Object 'Object Repository/Feedback/Page_Checkatrade Give your feedback/input_Member_to_Review' is visible

2020-02-10 13:55:47 - [TEST_STEP][PASSED] - verifyTextPresent("Give your feedback", false): Text 'Give your feedback' is present on page 

2020-02-10 13:55:47 - [MESSAGE][PASSED] - Text 'Give your feedback' is present on page 

2020-02-10 13:55:47 - [TEST_STEP][PASSED] - verifyTextPresent("Which member do you want to review?", false): Text 'Which member do you want to review?' is present on page 

2020-02-10 13:55:47 - [MESSAGE][PASSED] - Text 'Which member do you want to review?' is present on page 

2020-02-10 13:55:47 - [MESSAGE][PASSED] - Call Test Case 'Test Cases/Reusable_Test_Sequences/Banner_Menu/Give_Feedback' successfully

2020-02-10 13:55:47 - [TEST_STEP][PASSED] - "-----------------------------------------------------": null

2020-02-10 13:55:47 - [TEST_STEP][PASSED] - " Enter Member Trade Name OR Checkatrade ID To Review |": null

2020-02-10 13:55:47 - [TEST_STEP][PASSED] - callTestCase(findTestCase("Reusable_Test_Sequences/Give_Feedback/Which_Member_to_Review"), [:], STOP_ON_FAILURE): Call Test Case 'Test Cases/Reusable_Test_Sequences/Give_Feedback/Which_Member_to_Review' successfully

2020-02-10 13:55:47 - [TEST_CASE][PASSED] - Test Cases/Reusable_Test_Sequences/Give_Feedback/Which_Member_to_Review: Test Cases/Reusable_Test_Sequences/Give_Feedback/Which_Member_to_Review

2020-02-10 13:55:48 - [TEST_STEP][PASSED] - "--------------------------------------------------------": null

2020-02-10 13:55:48 - [TEST_STEP][PASSED] - " Major Changes Factored Into Function - 05/12/2019      |": null

2020-02-10 13:55:48 - [TEST_STEP][PASSED] - waitForPageLoad(60): Wait for page load successfully

2020-02-10 13:55:48 - [MESSAGE][PASSED] - Wait for page load successfully

2020-02-10 13:55:48 - [TEST_STEP][PASSED] - waitForElementPresent(findTestObject("Object Repository/Feedback/Page_Checkatrade Give your feedback/input_Member_to_Review"), 25): Object 'Object Repository/Feedback/Page_Checkatrade Give your feedback/input_Member_to_Review' is present

2020-02-10 13:55:48 - [MESSAGE][PASSED] - Object 'Object Repository/Feedback/Page_Checkatrade Give your feedback/input_Member_to_Review' is present

2020-02-10 13:55:48 - [TEST_STEP][PASSED] - setText(findTestObject("Object Repository/Feedback/Page_Checkatrade Give your feedback/input_Member_to_Review"), findTestData("Give_Feedback (1)").getValue("Account_Verification_Name", row)): Text 'Test Account' is set on object 'Object Repository/Feedback/Page_Checkatrade Give your feedback/input_Member_to_Review'

2020-02-10 13:55:48 - [MESSAGE][PASSED] - Text 'Test Account' is set on object 'Object Repository/Feedback/Page_Checkatrade Give your feedback/input_Member_to_Review'

2020-02-10 13:55:48 - [TEST_STEP][PASSED] - delay(1): Delayed 1 second(s)

2020-02-10 13:55:49 - [MESSAGE][PASSED] - Delayed 1 second(s)

2020-02-10 13:55:49 - [TEST_STEP][PASSED] - "Submit the search criteria using click     |": null

2020-02-10 13:55:49 - [TEST_STEP][PASSED] - waitForElementPresent(findTestObject("Object Repository/Feedback/Page_Checkatrade Give your feedback/span_Search_Member"), 25): Object 'Object Repository/Feedback/Page_Checkatrade Give your feedback/span_Search_Member' is present

2020-02-10 13:55:49 - [MESSAGE][PASSED] - Object 'Object Repository/Feedback/Page_Checkatrade Give your feedback/span_Search_Member' is present

2020-02-10 13:55:49 - [TEST_STEP][PASSED] - try:  * * * Trader OR CAT ID Selected, and Returned as Expected!

2020-02-10 13:55:49 - [TEST_STEP][PASSED] - "Try Catch Included 14/08/2019 - Sometimes the Trader isnt returned?   |": null

2020-02-10 13:55:49 - [TEST_STEP][PASSED] - click(findTestObject("Object Repository/Feedback/Page_Checkatrade Give your feedback/span_Search_Member")): Object: 'Object Repository/Feedback/Page_Checkatrade Give your feedback/span_Search_Member' is clicked on

2020-02-10 13:55:51 - [MESSAGE][PASSED] - Object: 'Object Repository/Feedback/Page_Checkatrade Give your feedback/span_Search_Member' is clicked on

2020-02-10 13:55:51 - [TEST_STEP][PASSED] - markPassed(" * * * Trader OR CAT ID Selected, and Returned as Expected!"):  * * * Trader OR CAT ID Selected, and Returned as Expected!

2020-02-10 13:55:51 - [MESSAGE][PASSED] -  * * * Trader OR CAT ID Selected, and Returned as Expected!

2020-02-10 13:55:51 - [MESSAGE][PASSED] - Call Test Case 'Test Cases/Reusable_Test_Sequences/Give_Feedback/Which_Member_to_Review' successfully

2020-02-10 13:55:51 - [TEST_STEP][PASSED] - "--------------------------------------": null

2020-02-10 13:55:51 - [TEST_STEP][PASSED] - " Your Experience (page 1) Processing  |": null

2020-02-10 13:55:51 - [TEST_STEP][PASSED] - callTestCase(findTestCase("Reusable_Test_Sequences/Give_Feedback/Your_Experience/Your_Experience"), [:], CONTINUE_ON_FAILURE): Call Test Case 'Test Cases/Reusable_Test_Sequences/Give_Feedback/Your_Experience/Your_Experience' successfully

2020-02-10 13:55:51 - [TEST_CASE][PASSED] - Test Cases/Reusable_Test_Sequences/Give_Feedback/Your_Experience/Your_Experience: Test Cases/Reusable_Test_Sequences/Give_Feedback/Your_Experience/Your_Experience

2020-02-10 13:55:51 - [TEST_STEP][PASSED] - data = findTestData("Data Files/Give_Feedback (1)"): null

2020-02-10 13:55:51 - [TEST_STEP][PASSED] - YE_Recommend = data.getValue("YE_Recommendations", row): null

2020-02-10 13:55:51 - [TEST_STEP][PASSED] - "---------------------------------------------------------------------------------------": null

2020-02-10 13:55:51 - [TEST_STEP][PASSED] - " Your Experience (page 1) Returned with Recommendation Selection Set to Yes (Default)  |": null

2020-02-10 13:55:51 - [TEST_STEP][PASSED] - "---------------------------------------------------------------------------------------": null

2020-02-10 13:55:51 - [TEST_STEP][PASSED] - "Check URL Is The Correct One :-)": null

2020-02-10 13:55:51 - [TEST_STEP][PASSED] - "---------------------------------------------------------------------------------------": null

2020-02-10 13:55:51 - [TEST_STEP][PASSED] - " Your Experience (page 1) Recommend this trader?                                       |": null

2020-02-10 13:55:51 - [TEST_STEP][PASSED] - callTestCase(findTestCase("Reusable_Test_Sequences/Give_Feedback/Your_Experience/Recommendation_Selection"), [:], CONTINUE_ON_FAILURE): Call Test Case 'Test Cases/Reusable_Test_Sequences/Give_Feedback/Your_Experience/Recommendation_Selection' successfully

2020-02-10 13:55:51 - [TEST_CASE][PASSED] - Test Cases/Reusable_Test_Sequences/Give_Feedback/Your_Experience/Recommendation_Selection: Test Cases/Reusable_Test_Sequences/Give_Feedback/Your_Experience/Recommendation_Selection

2020-02-10 13:55:51 - [TEST_STEP][PASSED] - data = findTestData("Data Files/Give_Feedback (1)"): null

2020-02-10 13:55:51 - [TEST_STEP][PASSED] - YE_Recommend = data.getValue("YE_Recommendations", row): null

2020-02-10 13:55:51 - [TEST_STEP][PASSED] - "--------------------------------": null

2020-02-10 13:55:51 - [TEST_STEP][PASSED] - "Read data from spreadsheet      |": null

2020-02-10 13:55:51 - [TEST_STEP][PASSED] - "--------------------------------": null

2020-02-10 13:55:51 - [TEST_STEP][PASSED] - "--------------------------------": null

2020-02-10 13:55:51 - [TEST_STEP][PASSED] - "Set Recommendation - Yes or No  |": null

2020-02-10 13:55:51 - [TEST_STEP][PASSED] - if (YE_Recommend == "Yes"): Wait for page load successfully

2020-02-10 13:55:51 - [TEST_STEP][PASSED] - "-----------------------------------------------------------": null

2020-02-10 13:55:51 - [TEST_STEP][PASSED] - " Selected by Default - ReSelecting causes a tool exception |": null

2020-02-10 13:55:51 - [TEST_STEP][PASSED] - " No need to re-select - RESOLVED                           |": null

2020-02-10 13:55:51 - [TEST_STEP][PASSED] - waitForElementClickable(findTestObject("Object Repository/Feedback/Page_Checkatrade Give your feedback/Page_Checkatrade Give your feedback/span_Yes"), 5): Object 'Object Repository/Feedback/Page_Checkatrade Give your feedback/Page_Checkatrade Give your feedback/span_Yes' is clickable

2020-02-10 13:55:51 - [MESSAGE][PASSED] - Object 'Object Repository/Feedback/Page_Checkatrade Give your feedback/Page_Checkatrade Give your feedback/span_Yes' is clickable

2020-02-10 13:55:51 - [TEST_STEP][PASSED] - click(findTestObject("Object Repository/Feedback/Page_Checkatrade Give your feedback/Page_Checkatrade Give your feedback/span_Yes")): Object: 'Object Repository/Feedback/Page_Checkatrade Give your feedback/Page_Checkatrade Give your feedback/span_Yes' is clicked on

2020-02-10 13:55:51 - [MESSAGE][PASSED] - Object: 'Object Repository/Feedback/Page_Checkatrade Give your feedback/Page_Checkatrade Give your feedback/span_Yes' is clicked on

2020-02-10 13:55:51 - [TEST_STEP][PASSED] - waitForPageLoad(2): Wait for page load successfully

2020-02-10 13:55:51 - [MESSAGE][PASSED] - Wait for page load successfully

2020-02-10 13:55:51 - [TEST_STEP][PASSED] - out.println("Your Experience, Recommendation, Click on the <" + YE_Recommend + "> Option Button "): null

2020-02-10 13:55:51 - [TEST_STEP][PASSED] - waitForPageLoad(60): Wait for page load successfully

2020-02-10 13:55:51 - [MESSAGE][PASSED] - Wait for page load successfully

2020-02-10 13:55:51 - [MESSAGE][PASSED] - Call Test Case 'Test Cases/Reusable_Test_Sequences/Give_Feedback/Your_Experience/Recommendation_Selection' successfully

2020-02-10 13:55:51 - [TEST_STEP][PASSED] - "---------------------------------------------------------------------------------------": null

2020-02-10 13:55:51 - [TEST_STEP][PASSED] - " SELECTING _ NO Recommend Restructures this PAGE, So need to exclude the below tests  ": null

2020-02-10 13:55:51 - [TEST_STEP][PASSED] - if (YE_Recommend == "Yes"): Call Test Case 'Test Cases/Reusable_Test_Sequences/Give_Feedback/Your_Experience/Feedback_Knowledge' successfully

2020-02-10 13:55:51 - [TEST_STEP][PASSED] - "---------------------------------------------------------------------------------------": null

2020-02-10 13:55:51 - [TEST_STEP][PASSED] - " Your Experience (page 1) Estimation/Quotation Accuracy?                               |": null

2020-02-10 13:55:51 - [TEST_STEP][PASSED] - callTestCase(findTestCase("Reusable_Test_Sequences/Give_Feedback/Your_Experience/Quotation_Selection"), [:], CONTINUE_ON_FAILURE): Call Test Case 'Test Cases/Reusable_Test_Sequences/Give_Feedback/Your_Experience/Quotation_Selection' successfully

2020-02-10 13:55:51 - [TEST_CASE][PASSED] - Test Cases/Reusable_Test_Sequences/Give_Feedback/Your_Experience/Quotation_Selection: Test Cases/Reusable_Test_Sequences/Give_Feedback/Your_Experience/Quotation_Selection

2020-02-10 13:55:52 - [TEST_STEP][PASSED] - "-----------------------": null

2020-02-10 13:55:52 - [TEST_STEP][PASSED] - "Check DEFAULT Setting  |     Default Setting - Nothing Selected": null

2020-02-10 13:55:52 - [TEST_STEP][PASSED] - "-----------------------": null

2020-02-10 13:55:52 - [TEST_STEP][PASSED] - "--------------------------------": null

2020-02-10 13:55:52 - [TEST_STEP][PASSED] - "Read data from spreadsheet      |": null

2020-02-10 13:55:52 - [TEST_STEP][PASSED] - data = findTestData("Data Files/Give_Feedback (1)"): null

2020-02-10 13:55:52 - [TEST_STEP][PASSED] - YE_Estimate = data.getValue("YE_Estimate", row): null

2020-02-10 13:55:52 - [TEST_STEP][PASSED] - "--------------------------------": null

2020-02-10 13:55:52 - [TEST_STEP][PASSED] - "Read data from spreadsheet      |": null

2020-02-10 13:55:52 - [TEST_STEP][PASSED] - out.println("Your Experience, Estimate Accuracy, Click on the " + YE_Estimate + " Option Button "): null

2020-02-10 13:55:52 - [TEST_STEP][PASSED] - "---------------------------------------------------------------------------------------------------------------------------------------------------": null

2020-02-10 13:55:52 - [TEST_STEP][PASSED] - "Set Quotation - Agreed_estimate -OR- Additional_work -OR- More_than_agreed_price_informed -OR- More_than_agreed_price_not_informed -OR- No_estimate|": null

2020-02-10 13:55:52 - [TEST_STEP][PASSED] - "---------------------------------------------------------------------------------------------------------------------------------------------------": null

2020-02-10 13:55:52 - [TEST_STEP][PASSED] - "-------------------------------------------------": null

2020-02-10 13:55:52 - [TEST_STEP][PASSED] - if (YE_Estimate == "Agreed_price"): null

2020-02-10 13:55:52 - [TEST_STEP][PASSED] - "-------------------------------------------------": null

2020-02-10 13:55:52 - [TEST_STEP][PASSED] - if (YE_Estimate == "Additional_work"): null

2020-02-10 13:55:52 - [TEST_STEP][PASSED] - "-----------------------------------------------------------------------": null

2020-02-10 13:55:52 - [TEST_STEP][PASSED] - if (YE_Estimate == "More_than_agreed_price_informed"): Wait for page load successfully

2020-02-10 13:55:52 - [TEST_STEP][PASSED] - waitForElementClickable(findTestObject("Page_Checkatrade Give your feedback/span_More than the agreed price but I was kept informed"), 5): Object 'Object Repository/Page_Checkatrade Give your feedback/span_More than the agreed price but I was kept informed' is clickable

2020-02-10 13:55:52 - [MESSAGE][PASSED] - Object 'Object Repository/Page_Checkatrade Give your feedback/span_More than the agreed price but I was kept informed' is clickable

2020-02-10 13:55:52 - [TEST_STEP][PASSED] - click(findTestObject("Page_Checkatrade Give your feedback/span_More than the agreed price but I was kept informed")): Object: 'Object Repository/Page_Checkatrade Give your feedback/span_More than the agreed price but I was kept informed' is clicked on

2020-02-10 13:55:52 - [MESSAGE][PASSED] - Object: 'Object Repository/Page_Checkatrade Give your feedback/span_More than the agreed price but I was kept informed' is clicked on

2020-02-10 13:55:52 - [TEST_STEP][PASSED] - waitForPageLoad(2): Wait for page load successfully

2020-02-10 13:55:52 - [MESSAGE][PASSED] - Wait for page load successfully

2020-02-10 13:55:52 - [TEST_STEP][PASSED] - "-----------------------------------------------------------------------": null

2020-02-10 13:55:52 - [TEST_STEP][PASSED] - if (YE_Estimate == "More_than_agreed_price_not_informed"): null

2020-02-10 13:55:52 - [TEST_STEP][PASSED] - "-----------------------------------------------------------------------": null

2020-02-10 13:55:52 - [TEST_STEP][PASSED] - if (YE_Estimate == "No_estimate"): null

2020-02-10 13:55:52 - [TEST_STEP][PASSED] - out.println("Your Experience, Estimate Accuracy, Click on the " + YE_Estimate + " Option Button "): null

2020-02-10 13:55:52 - [MESSAGE][PASSED] - Call Test Case 'Test Cases/Reusable_Test_Sequences/Give_Feedback/Your_Experience/Quotation_Selection' successfully

2020-02-10 13:55:52 - [TEST_STEP][PASSED] - "---------------------------------------------------------------------------------------": null

2020-02-10 13:55:52 - [TEST_STEP][PASSED] - " Your Experience (page 1) Knowledge of Feedback Process?                               |": null

2020-02-10 13:55:52 - [TEST_STEP][PASSED] - callTestCase(findTestCase("Reusable_Test_Sequences/Give_Feedback/Your_Experience/Feedback_Knowledge"), [:], CONTINUE_ON_FAILURE): Call Test Case 'Test Cases/Reusable_Test_Sequences/Give_Feedback/Your_Experience/Feedback_Knowledge' successfully

2020-02-10 13:55:52 - [TEST_CASE][PASSED] - Test Cases/Reusable_Test_Sequences/Give_Feedback/Your_Experience/Feedback_Knowledge: Test Cases/Reusable_Test_Sequences/Give_Feedback/Your_Experience/Feedback_Knowledge

2020-02-10 13:55:52 - [TEST_STEP][PASSED] - "--------------------------------": null

2020-02-10 13:55:52 - [TEST_STEP][PASSED] - "Read data from spreadsheet      |": null

2020-02-10 13:55:52 - [TEST_STEP][PASSED] - data = findTestData("Data Files/Give_Feedback (1)"): null

2020-02-10 13:55:52 - [TEST_STEP][PASSED] - YE_Feedback_Knowledge = data.getValue("YE_Feedback_Knowledge", row): null

2020-02-10 13:55:52 - [TEST_STEP][PASSED] - out.println("Your Experience, Feedback Knowledge, Click on the " + YE_Feedback_Knowledge + " Option Button "): null

2020-02-10 13:55:52 - [TEST_STEP][PASSED] - "------------------------------------------------": null

2020-02-10 13:55:52 - [TEST_STEP][PASSED] - "Set Knowledge of feedback process? - Yes or No  |": null

2020-02-10 13:55:52 - [TEST_STEP][PASSED] - if (YE_Feedback_Knowledge == "Yes"): null

2020-02-10 13:55:52 - [TEST_STEP][PASSED] - else if (YE_Feedback_Knowledge == "No"): Wait for page load successfully

2020-02-10 13:55:52 - [TEST_STEP][PASSED] - waitForElementClickable(findTestObject("Page_Checkatrade Give your feedback/span_No_Experience_Feedback"), 5): Object 'Object Repository/Page_Checkatrade Give your feedback/span_No_Experience_Feedback' is clickable

2020-02-10 13:55:52 - [MESSAGE][PASSED] - Object 'Object Repository/Page_Checkatrade Give your feedback/span_No_Experience_Feedback' is clickable

2020-02-10 13:55:52 - [TEST_STEP][PASSED] - click(findTestObject("Page_Checkatrade Give your feedback/span_No_Experience_Feedback")): Object: 'Object Repository/Page_Checkatrade Give your feedback/span_No_Experience_Feedback' is clicked on

2020-02-10 13:55:52 - [MESSAGE][PASSED] - Object: 'Object Repository/Page_Checkatrade Give your feedback/span_No_Experience_Feedback' is clicked on

2020-02-10 13:55:52 - [TEST_STEP][PASSED] - waitForPageLoad(2): Wait for page load successfully

2020-02-10 13:55:52 - [MESSAGE][PASSED] - Wait for page load successfully

2020-02-10 13:55:52 - [TEST_STEP][PASSED] - out.println("Your Experience, Feedback Knowledge, Click on the <" + YE_Feedback_Knowledge + "> Option Button "): null

2020-02-10 13:55:52 - [MESSAGE][PASSED] - Call Test Case 'Test Cases/Reusable_Test_Sequences/Give_Feedback/Your_Experience/Feedback_Knowledge' successfully

2020-02-10 13:55:52 - [TEST_STEP][PASSED] - "---------------------------------------------------------------------------------------------------------": null

2020-02-10 13:55:52 - [TEST_STEP][PASSED] - " Your Experience (page 1) Hit <Next> Button to Continue to <Your Scores>- (page 2) If Recommend = YES    |": null

2020-02-10 13:55:52 - [TEST_STEP][PASSED] - "                                                        OR <Your Details>-(page 3) If Recommend = NO     |": null

2020-02-10 13:55:52 - [TEST_STEP][PASSED] - callTestCase(findTestCase("Reusable_Test_Sequences/Give_Feedback/Hit_Next"), [:], CONTINUE_ON_FAILURE): Call Test Case 'Test Cases/Reusable_Test_Sequences/Give_Feedback/Hit_Next' successfully

2020-02-10 13:55:52 - [TEST_CASE][PASSED] - Test Cases/Reusable_Test_Sequences/Give_Feedback/Hit_Next: Test Cases/Reusable_Test_Sequences/Give_Feedback/Hit_Next

2020-02-10 13:55:52 - [TEST_STEP][PASSED] - click(findTestObject("Object Repository/Page_Checkatrade Give your feedback/input_No_ctl00contentButton4")): Object: 'Object Repository/Page_Checkatrade Give your feedback/input_No_ctl00contentButton4' is clicked on

2020-02-10 13:55:53 - [MESSAGE][PASSED] - Object: 'Object Repository/Page_Checkatrade Give your feedback/input_No_ctl00contentButton4' is clicked on

2020-02-10 13:55:53 - [TEST_STEP][PASSED] - waitForPageLoad(2): Wait for page load successfully

2020-02-10 13:55:53 - [MESSAGE][PASSED] - Wait for page load successfully

2020-02-10 13:55:53 - [MESSAGE][PASSED] - Call Test Case 'Test Cases/Reusable_Test_Sequences/Give_Feedback/Hit_Next' successfully

2020-02-10 13:55:53 - [TEST_STEP][PASSED] - waitForPageLoad(2): Wait for page load successfully

2020-02-10 13:55:53 - [MESSAGE][PASSED] - Wait for page load successfully

2020-02-10 13:55:53 - [MESSAGE][PASSED] - Call Test Case 'Test Cases/Reusable_Test_Sequences/Give_Feedback/Your_Experience/Your_Experience' successfully

2020-02-10 13:55:53 - [TEST_STEP][PASSED] - "--------------------------------------": null

2020-02-10 13:55:53 - [TEST_STEP][PASSED] - " Your Scores (page 2) Processing      |": null

2020-02-10 13:55:53 - [TEST_STEP][PASSED] - YE_Recommend = data.getValue("YE_Recommendations", row): null

2020-02-10 13:55:53 - [TEST_STEP][PASSED] - YE_WorkCarriedOut = data.getValue("YE_Work_Carried_Out", row): null

2020-02-10 13:55:53 - [TEST_STEP][PASSED] - if (YE_Recommend == "Yes"): Call Test Case 'Test Cases/Reusable_Test_Sequences/Give_Feedback/Your_Scores/Your_Scores' successfully

2020-02-10 13:55:53 - [TEST_STEP][PASSED] - callTestCase(findTestCase("Reusable_Test_Sequences/Give_Feedback/Your_Scores/Your_Scores"), [:], CONTINUE_ON_FAILURE): Call Test Case 'Test Cases/Reusable_Test_Sequences/Give_Feedback/Your_Scores/Your_Scores' successfully

2020-02-10 13:55:54 - [TEST_CASE][PASSED] - Test Cases/Reusable_Test_Sequences/Give_Feedback/Your_Scores/Your_Scores: Test Cases/Reusable_Test_Sequences/Give_Feedback/Your_Scores/Your_Scores

2020-02-10 13:55:54 - [TEST_STEP][PASSED] - "------------------------------------------------------------------------------------------": null

2020-02-10 13:55:54 - [TEST_STEP][PASSED] - " Your Scores (page 2) Returned with 2 Main Sections - <Your Scores> and <Details of Work> |": null

2020-02-10 13:55:54 - [TEST_STEP][PASSED] - "                                             Tidiness Listbox Selection, NA, 0 through 10 |": null

2020-02-10 13:55:54 - [TEST_STEP][PASSED] - "------------------------------------------------------------------------------------------": null

2020-02-10 13:55:54 - [TEST_STEP][PASSED] - "------------------------------------------------------------------------------------------": null

2020-02-10 13:55:54 - [TEST_STEP][PASSED] - " Your Scores (page 2) Returned with 2 Main Sections - <Your Scores> and <Details of Work> |": null

2020-02-10 13:55:54 - [TEST_STEP][PASSED] - "                          Reliability and Timekeeping Listbox Selection, NA, 0 through 10 |": null

2020-02-10 13:55:54 - [TEST_STEP][PASSED] - "------------------------------------------------------------------------------------------": null

2020-02-10 13:55:54 - [TEST_STEP][PASSED] - "------------------------------------------------------------------------------------------": null

2020-02-10 13:55:54 - [TEST_STEP][PASSED] - " Your Scores (page 2) Returned with 2 Main Sections - <Your Scores> and <Details of Work> |": null

2020-02-10 13:55:54 - [TEST_STEP][PASSED] - "                                             Courtesy Listbox Selection, NA, 0 through 10 |": null

2020-02-10 13:55:54 - [TEST_STEP][PASSED] - "------------------------------------------------------------------------------------------": null

2020-02-10 13:55:54 - [TEST_STEP][PASSED] - "------------------------------------------------------------------------------------------": null

2020-02-10 13:55:54 - [TEST_STEP][PASSED] - " Your Scores (page 2) Returned with 2 Main Sections - <Your Scores> and <Details of Work> |": null

2020-02-10 13:55:54 - [TEST_STEP][PASSED] - "                                     Standard of Work Listbox Selection, NA, 0 through 10 |": null

2020-02-10 13:55:54 - [TEST_STEP][PASSED] - callTestCase(findTestCase("Reusable_Test_Sequences/Give_Feedback/Your_Scores/Your_Scores_List_Box_Selection"), [:], CONTINUE_ON_FAILURE): Call Test Case 'Test Cases/Reusable_Test_Sequences/Give_Feedback/Your_Scores/Your_Scores_List_Box_Selection' successfully

2020-02-10 13:55:54 - [TEST_CASE][PASSED] - Test Cases/Reusable_Test_Sequences/Give_Feedback/Your_Scores/Your_Scores_List_Box_Selection: Test Cases/Reusable_Test_Sequences/Give_Feedback/Your_Scores/Your_Scores_List_Box_Selection

2020-02-10 13:55:54 - [TEST_STEP][PASSED] - data = findTestData("Data Files/Give_Feedback (1)"): null

2020-02-10 13:55:54 - [TEST_STEP][PASSED] - YS_Tidiness = data.getValue("YS_Tidiness", row): null

2020-02-10 13:55:54 - [TEST_STEP][PASSED] - YS_Reliability = data.getValue("YS_Reliability", row): null

2020-02-10 13:55:54 - [TEST_STEP][PASSED] - YS_Courtesy = data.getValue("YS_Courtesy", row): null

2020-02-10 13:55:54 - [TEST_STEP][PASSED] - YS_Workmanship = data.getValue("YS_Workmanship", row): null

2020-02-10 13:55:54 - [TEST_STEP][PASSED] - "--------------------------------": null

2020-02-10 13:55:54 - [TEST_STEP][PASSED] - "Read data from spreadsheet      |": null

2020-02-10 13:55:54 - [TEST_STEP][PASSED] - "--------------------------------": null

2020-02-10 13:55:54 - [TEST_STEP][PASSED] - "------------------------------------------------------": null

2020-02-10 13:55:54 - [TEST_STEP][PASSED] - "Select Tidiness Value form List                       |": null

2020-02-10 13:55:54 - [TEST_STEP][PASSED] - selectOptionByValue(findTestObject("Page_Checkatrade Give your feedback/select_--YS_Tidiness"), YS_Tidiness, true): All options with value '2' are selected in object 'Object Repository/Page_Checkatrade Give your feedback/select_--YS_Tidiness'  using regular expression

2020-02-10 13:55:54 - [MESSAGE][PASSED] - All options with value '2' are selected in object 'Object Repository/Page_Checkatrade Give your feedback/select_--YS_Tidiness'  using regular expression

2020-02-10 13:55:54 - [TEST_STEP][PASSED] - "------------------------------------------------------": null

2020-02-10 13:55:54 - [TEST_STEP][PASSED] - "Select Reliability and Timekeeping Value form List    |": null

2020-02-10 13:55:54 - [TEST_STEP][PASSED] - selectOptionByValue(findTestObject("Page_Checkatrade Give your feedback/select_--YS_Reliability"), YS_Reliability, true): All options with value '3' are selected in object 'Object Repository/Page_Checkatrade Give your feedback/select_--YS_Reliability'  using regular expression

2020-02-10 13:55:55 - [MESSAGE][PASSED] - All options with value '3' are selected in object 'Object Repository/Page_Checkatrade Give your feedback/select_--YS_Reliability'  using regular expression

2020-02-10 13:55:55 - [TEST_STEP][PASSED] - "------------------------------------------------------": null

2020-02-10 13:55:55 - [TEST_STEP][PASSED] - "Select Courtesy Value form List                       |": null

2020-02-10 13:55:55 - [TEST_STEP][PASSED] - selectOptionByValue(findTestObject("Page_Checkatrade Give your feedback/select_--YS_Courtesy"), YS_Reliability, true): All options with value '3' are selected in object 'Object Repository/Page_Checkatrade Give your feedback/select_--YS_Courtesy'  using regular expression

2020-02-10 13:55:55 - [MESSAGE][PASSED] - All options with value '3' are selected in object 'Object Repository/Page_Checkatrade Give your feedback/select_--YS_Courtesy'  using regular expression

2020-02-10 13:55:55 - [TEST_STEP][PASSED] - "------------------------------------------------------": null

2020-02-10 13:55:55 - [TEST_STEP][PASSED] - "Select Quality and Workmanship Value form List        |": null

2020-02-10 13:55:55 - [TEST_STEP][PASSED] - selectOptionByValue(findTestObject("Page_Checkatrade Give your feedback/select_--YS_Workmanship"), YS_Workmanship, true): All options with value '1' are selected in object 'Object Repository/Page_Checkatrade Give your feedback/select_--YS_Workmanship'  using regular expression

2020-02-10 13:55:56 - [MESSAGE][PASSED] - All options with value '1' are selected in object 'Object Repository/Page_Checkatrade Give your feedback/select_--YS_Workmanship'  using regular expression

2020-02-10 13:55:56 - [MESSAGE][PASSED] - Call Test Case 'Test Cases/Reusable_Test_Sequences/Give_Feedback/Your_Scores/Your_Scores_List_Box_Selection' successfully

2020-02-10 13:55:56 - [TEST_STEP][PASSED] - "------------------------------------------------------------------------------------------": null

2020-02-10 13:55:56 - [TEST_STEP][PASSED] - " Your Scores (page 2) Returned with 2 Main Sections - <Your Scores> and <Details of Work> |": null

2020-02-10 13:55:56 - [TEST_STEP][PASSED] - " Details of Work Done - Form FIll<Description>,<Approx. date>,<How Long>, <Comments> and  |": null

2020-02-10 13:55:56 - [TEST_STEP][PASSED] - "                                                               <Feedback Publish Confirm> |": null

2020-02-10 13:55:56 - [TEST_STEP][PASSED] - callTestCase(findTestCase("Reusable_Test_Sequences/Give_Feedback/Your_Scores/Details_of_work_Done_Formfill"), [:], CONTINUE_ON_FAILURE): Call Test Case 'Test Cases/Reusable_Test_Sequences/Give_Feedback/Your_Scores/Details_of_work_Done_Formfill' successfully

2020-02-10 13:55:56 - [TEST_CASE][PASSED] - Test Cases/Reusable_Test_Sequences/Give_Feedback/Your_Scores/Details_of_work_Done_Formfill: Test Cases/Reusable_Test_Sequences/Give_Feedback/Your_Scores/Details_of_work_Done_Formfill

2020-02-10 13:55:56 - [TEST_STEP][PASSED] - data = findTestData("Data Files/Give_Feedback (1)"): null

2020-02-10 13:55:56 - [TEST_STEP][PASSED] - YS_Work_Description = data.getValue("YS_Work_Description", row): null

2020-02-10 13:55:56 - [TEST_STEP][PASSED] - YS_Work_Date = data.getValue("YS_Work_Date", row): null

2020-02-10 13:55:56 - [TEST_STEP][PASSED] - YS_Days_to_Complete = data.getValue("YS_Days_to_Complete", row): null

2020-02-10 13:55:56 - [TEST_STEP][PASSED] - YS_Work_Comments = data.getValue("YS_Work_Comments", row): null

2020-02-10 13:55:56 - [TEST_STEP][PASSED] - YS_Feedback_Published = data.getValue("YS_Feedback_Published", row): null

2020-02-10 13:55:56 - [TEST_STEP][PASSED] - "---------------------------------": null

2020-02-10 13:55:56 - [TEST_STEP][PASSED] - "Read data from spreadsheet       |": null

2020-02-10 13:55:56 - [TEST_STEP][PASSED] - "---------------------------------": null

2020-02-10 13:55:56 - [TEST_STEP][PASSED] - "---------------------------------": null

2020-02-10 13:55:56 - [TEST_STEP][PASSED] - "Brief description of work done   |": null

2020-02-10 13:55:56 - [TEST_STEP][PASSED] - setText(findTestObject("Object Repository/Page_Checkatrade Give your feedback/input_Brief description of work done_ctl00contenttbWorkDescription"), YS_Work_Description): Text 'New Parrot Fitted :-)' is set on object 'Object Repository/Page_Checkatrade Give your feedback/input_Brief description of work done_ctl00contenttbWorkDescription'

2020-02-10 13:55:56 - [MESSAGE][PASSED] - Text 'New Parrot Fitted :-)' is set on object 'Object Repository/Page_Checkatrade Give your feedback/input_Brief description of work done_ctl00contenttbWorkDescription'

2020-02-10 13:55:56 - [TEST_STEP][PASSED] - "---------------------------------": null

2020-02-10 13:55:56 - [TEST_STEP][PASSED] - "Date work was done (approx)      |": null

2020-02-10 13:55:56 - [TEST_STEP][PASSED] - "---------------------------------": null

2020-02-10 13:55:56 - [TEST_STEP][PASSED] - "---------------------------------": null

2020-02-10 13:55:56 - [TEST_STEP][PASSED] - "How many days did this job take? |": null

2020-02-10 13:55:56 - [TEST_STEP][PASSED] - setText(findTestObject("Object Repository/Page_Checkatrade Give your feedback/input_How many days did this job take"), YS_Days_to_Complete): Text '27' is set on object 'Object Repository/Page_Checkatrade Give your feedback/input_How many days did this job take'

2020-02-10 13:55:56 - [MESSAGE][PASSED] - Text '27' is set on object 'Object Repository/Page_Checkatrade Give your feedback/input_How many days did this job take'

2020-02-10 13:55:56 - [TEST_STEP][PASSED] - "---------------------------------": null

2020-02-10 13:55:56 - [TEST_STEP][PASSED] - "Your comments about the work     |": null

2020-02-10 13:55:56 - [TEST_STEP][PASSED] - setText(findTestObject("Object Repository/Page_Checkatrade Give your feedback/textarea_Your comments about the work_ctl00contenttbWorkComments"), YS_Work_Comments): Text 'Call the Police' is set on object 'Object Repository/Page_Checkatrade Give your feedback/textarea_Your comments about the work_ctl00contenttbWorkComments'

2020-02-10 13:55:57 - [MESSAGE][PASSED] - Text 'Call the Police' is set on object 'Object Repository/Page_Checkatrade Give your feedback/textarea_Your comments about the work_ctl00contenttbWorkComments'

2020-02-10 13:55:57 - [TEST_STEP][PASSED] - "---------------------------------------": null

2020-02-10 13:55:57 - [TEST_STEP][PASSED] - " Scroll Bottom of Page Into View       |": null

2020-02-10 13:55:57 - [TEST_STEP][PASSED] - "---------------------------------------": null

2020-02-10 13:55:57 - [TEST_STEP][PASSED] - "-----------------------------------------------------": null

2020-02-10 13:55:57 - [TEST_STEP][PASSED] - "Would you like your feedback published? - Yes or No  |": null

2020-02-10 13:55:57 - [TEST_STEP][PASSED] - if (YS_Feedback_Published == "Yes"): null

2020-02-10 13:55:57 - [TEST_STEP][PASSED] - else if (YS_Feedback_Published == "No"): Text 'We understand that you may not want us to contact the member, and we would like to understand why' is present on page 

2020-02-10 13:55:57 - [TEST_STEP][PASSED] - waitForElementClickable(findTestObject("Feedback/Page_Checkatrade Give your feedback/span_Publish_Feedback_No"), 10): Object 'Object Repository/Feedback/Page_Checkatrade Give your feedback/span_Publish_Feedback_No' is clickable

2020-02-10 13:55:57 - [MESSAGE][PASSED] - Object 'Object Repository/Feedback/Page_Checkatrade Give your feedback/span_Publish_Feedback_No' is clickable

2020-02-10 13:55:57 - [TEST_STEP][PASSED] - click(findTestObject("Feedback/Page_Checkatrade Give your feedback/span_Publish_Feedback_No")): Object: 'Object Repository/Feedback/Page_Checkatrade Give your feedback/span_Publish_Feedback_No' is clicked on

2020-02-10 13:55:57 - [MESSAGE][PASSED] - Object: 'Object Repository/Feedback/Page_Checkatrade Give your feedback/span_Publish_Feedback_No' is clicked on

2020-02-10 13:55:57 - [TEST_STEP][PASSED] - waitForPageLoad(60): Wait for page load successfully

2020-02-10 13:55:57 - [MESSAGE][PASSED] - Wait for page load successfully

2020-02-10 13:55:57 - [TEST_STEP][PASSED] - delay(1): Delayed 1 second(s)

2020-02-10 13:55:58 - [MESSAGE][PASSED] - Delayed 1 second(s)

2020-02-10 13:55:58 - [TEST_STEP][PASSED] - verifyTextPresent("We understand that you may not want us to contact the member, and we would like to understand why", false): Text 'We understand that you may not want us to contact the member, and we would like to understand why' is present on page 

2020-02-10 13:55:58 - [MESSAGE][PASSED] - Text 'We understand that you may not want us to contact the member, and we would like to understand why' is present on page 

2020-02-10 13:55:58 - [TEST_STEP][PASSED] - out.println("Your Experience, Recommendation, Click on the " + YS_Feedback_Published + " Option Button "): null

2020-02-10 13:55:58 - [TEST_STEP][PASSED] - delay(1): Delayed 1 second(s)

2020-02-10 13:55:59 - [MESSAGE][PASSED] - Delayed 1 second(s)

2020-02-10 13:55:59 - [TEST_STEP][PASSED] - "---------------------------------": null

2020-02-10 13:55:59 - [TEST_STEP][PASSED] - "Your comments about the work     |": null

2020-02-10 13:55:59 - [TEST_STEP][PASSED] - waitForElementClickable(findTestObject("Object Repository/Page_Checkatrade Give your feedback/input_No_ctl00contentButton6"), 60): Object 'Object Repository/Page_Checkatrade Give your feedback/input_No_ctl00contentButton6' is clickable

2020-02-10 13:55:59 - [MESSAGE][PASSED] - Object 'Object Repository/Page_Checkatrade Give your feedback/input_No_ctl00contentButton6' is clickable

2020-02-10 13:55:59 - [TEST_STEP][PASSED] - click(findTestObject("Object Repository/Page_Checkatrade Give your feedback/input_No_ctl00contentButton6")): Object: 'Object Repository/Page_Checkatrade Give your feedback/input_No_ctl00contentButton6' is clicked on

2020-02-10 13:56:00 - [MESSAGE][PASSED] - Object: 'Object Repository/Page_Checkatrade Give your feedback/input_No_ctl00contentButton6' is clicked on

2020-02-10 13:56:00 - [MESSAGE][PASSED] - Call Test Case 'Test Cases/Reusable_Test_Sequences/Give_Feedback/Your_Scores/Details_of_work_Done_Formfill' successfully

2020-02-10 13:56:00 - [TEST_STEP][PASSED] - scrollToPosition(125, 0): Browser is scrolled to position x = 125, y = 0

2020-02-10 13:56:00 - [MESSAGE][PASSED] - Browser is scrolled to position x = 125, y = 0

2020-02-10 13:56:00 - [TEST_STEP][PASSED] - "------------------------------------------------------------------------------------------": null

2020-02-10 13:56:00 - [TEST_STEP][PASSED] - " Your Experience (page 2) Hit <Next> Button to Continue to <Your Details>- (page 3)       |": null

2020-02-10 13:56:00 - [TEST_STEP][PASSED] - try: null

2020-02-10 13:56:00 - [TEST_STEP][PASSED] - callTestCase(findTestCase("Reusable_Test_Sequences/Give_Feedback/Your_Scores/Hit_Next"), 1): null

2020-02-10 13:56:00 - [TEST_STEP][PASSED] - catch (Exception e): null

2020-02-10 13:56:00 - [MESSAGE][PASSED] - Call Test Case 'Test Cases/Reusable_Test_Sequences/Give_Feedback/Your_Scores/Your_Scores' successfully

2020-02-10 13:56:00 - [TEST_STEP][PASSED] - if (YE_Recommend == "No" && YE_WorkCarriedOut == "Yes"): null

2020-02-10 13:56:00 - [TEST_STEP][PASSED] - "--------------------------------------": null

2020-02-10 13:56:00 - [TEST_STEP][PASSED] - " Your Details (page 3) Processing     |": null

2020-02-10 13:56:00 - [TEST_STEP][PASSED] - callTestCase(findTestCase("Reusable_Test_Sequences/Give_Feedback/Your_Details/Your_Details"), [:], CONTINUE_ON_FAILURE): Call Test Case 'Test Cases/Reusable_Test_Sequences/Give_Feedback/Your_Details/Your_Details' successfully

2020-02-10 13:56:00 - [TEST_CASE][PASSED] - Test Cases/Reusable_Test_Sequences/Give_Feedback/Your_Details/Your_Details: Test Cases/Reusable_Test_Sequences/Give_Feedback/Your_Details/Your_Details

2020-02-10 13:56:00 - [TEST_STEP][PASSED] - "---------------------------------------------------------------------------------------": null

2020-02-10 13:56:00 - [TEST_STEP][PASSED] - " Your Details (page 3)                                                                 |": null

2020-02-10 13:56:00 - [TEST_STEP][PASSED] - "---------------------------------------------------------------------------------------": null

2020-02-10 13:56:00 - [TEST_STEP][PASSED] - "-------------------------------------": null

2020-02-10 13:56:00 - [TEST_STEP][PASSED] - " Consumer or Customer Selection      |": null

2020-02-10 13:56:00 - [TEST_STEP][PASSED] - callTestCase(findTestCase("Reusable_Test_Sequences/Give_Feedback/Your_Details/Consumer_or_Customer_Selection"), [:], STOP_ON_FAILURE): Call Test Case 'Test Cases/Reusable_Test_Sequences/Give_Feedback/Your_Details/Consumer_or_Customer_Selection' successfully

2020-02-10 13:56:00 - [TEST_CASE][PASSED] - Test Cases/Reusable_Test_Sequences/Give_Feedback/Your_Details/Consumer_or_Customer_Selection: Test Cases/Reusable_Test_Sequences/Give_Feedback/Your_Details/Consumer_or_Customer_Selection

2020-02-10 13:56:00 - [TEST_STEP][PASSED] - "--------------------------------": null

2020-02-10 13:56:00 - [TEST_STEP][PASSED] - "Read data from spreadsheet      |": null

2020-02-10 13:56:00 - [TEST_STEP][PASSED] - data = findTestData("Data Files/Give_Feedback (1)"): null

2020-02-10 13:56:00 - [TEST_STEP][PASSED] - YD_Consumer_Customer = data.getValue("YD_Consumer_Customer", row): null

2020-02-10 13:56:00 - [TEST_STEP][PASSED] - out.println("Your Details, Consumer OR Trade Customer, Click on the " + YD_Consumer_Customer + " Option Button "): null

2020-02-10 13:56:00 - [TEST_STEP][PASSED] - try: null

2020-02-10 13:56:00 - [TEST_STEP][PASSED] - if (YD_Consumer_Customer == "Consumer"): Object 'Object Repository/Page_Checkatrade Give your feedback/span_an individual consumer' is clickable

2020-02-10 13:56:01 - [MESSAGE][PASSED] - Object 'Object Repository/Page_Checkatrade Give your feedback/span_an individual consumer' is clickable

2020-02-10 13:56:01 - [TEST_STEP][PASSED] - click(findTestObject("Object Repository/Page_Checkatrade Give your feedback/span_an individual consumer"), 1): null

2020-02-10 13:56:01 - [TEST_STEP][PASSED] - catch (Exception e): null

2020-02-10 13:56:01 - [TEST_STEP][PASSED] - if (YD_Consumer_Customer == "Customer"): null

2020-02-10 13:56:01 - [TEST_STEP][PASSED] - out.println("Your Experience, Recommendation, Click on the " + YD_Consumer_Customer + " Option Button "): null

2020-02-10 13:56:01 - [MESSAGE][PASSED] - Call Test Case 'Test Cases/Reusable_Test_Sequences/Give_Feedback/Your_Details/Consumer_or_Customer_Selection' successfully

2020-02-10 13:56:01 - [TEST_STEP][PASSED] - "-------------------------------------": null

2020-02-10 13:56:01 - [TEST_STEP][PASSED] - " Fill Personal Details               |": null

2020-02-10 13:56:01 - [TEST_STEP][PASSED] - callTestCase(findTestCase("Reusable_Test_Sequences/Give_Feedback/Your_Details/Personal_Details_Formfill"), [:], STOP_ON_FAILURE): Call Test Case 'Test Cases/Reusable_Test_Sequences/Give_Feedback/Your_Details/Personal_Details_Formfill' successfully

2020-02-10 13:56:01 - [TEST_CASE][PASSED] - Test Cases/Reusable_Test_Sequences/Give_Feedback/Your_Details/Personal_Details_Formfill: Test Cases/Reusable_Test_Sequences/Give_Feedback/Your_Details/Personal_Details_Formfill

2020-02-10 13:56:01 - [TEST_STEP][PASSED] - "--------------------------------": null

2020-02-10 13:56:01 - [TEST_STEP][PASSED] - "Read data from spreadsheet      |": null

2020-02-10 13:56:01 - [TEST_STEP][PASSED] - data = findTestData("Data Files/Give_Feedback (1)"): null

2020-02-10 13:56:01 - [TEST_STEP][PASSED] - YD_Salutation = data.getValue("YD_Salutation", row): null

2020-02-10 13:56:01 - [TEST_STEP][PASSED] - YD_Name = data.getValue("YD_Name", row): null

2020-02-10 13:56:01 - [TEST_STEP][PASSED] - YD_Company_Name = data.getValue("YD_Company_Name", row): null

2020-02-10 13:56:01 - [TEST_STEP][PASSED] - YD_Postcode = data.getValue("YD_Postcode", row): null

2020-02-10 13:56:01 - [TEST_STEP][PASSED] - YD_Verify_Address = data.getValue("YD_Verify_Address", row): null

2020-02-10 13:56:01 - [TEST_STEP][PASSED] - YD_Consumer_Customer = data.getValue("YD_Consumer_Customer", row): null

2020-02-10 13:56:01 - [TEST_STEP][PASSED] - out.println("Your Experience, Your details, Set the " + YD_Salutation + " Text Box "): null

2020-02-10 13:56:01 - [TEST_STEP][PASSED] - "--------------------": null

2020-02-10 13:56:01 - [TEST_STEP][PASSED] - "  Set  Salutation   |": null

2020-02-10 13:56:01 - [TEST_STEP][PASSED] - delay(1): Delayed 1 second(s)

2020-02-10 13:56:02 - [MESSAGE][PASSED] - Delayed 1 second(s)

2020-02-10 13:56:02 - [TEST_STEP][PASSED] - selectOptionByValue(findTestObject("Object Repository/New Folder/Page_Checkatrade Give your feedback/select_MrMrsMissMsMr  MrsDrRevRevd"), YD_Salutation, true): All options with value 'Mr' are selected in object 'Object Repository/New Folder/Page_Checkatrade Give your feedback/select_MrMrsMissMsMr  MrsDrRevRevd'  using regular expression

2020-02-10 13:56:02 - [MESSAGE][PASSED] - All options with value 'Mr' are selected in object 'Object Repository/New Folder/Page_Checkatrade Give your feedback/select_MrMrsMissMsMr  MrsDrRevRevd'  using regular expression

2020-02-10 13:56:02 - [TEST_STEP][PASSED] - "--------------------": null

2020-02-10 13:56:02 - [TEST_STEP][PASSED] - "  Set  Name         |": null

2020-02-10 13:56:02 - [TEST_STEP][PASSED] - if (YD_Consumer_Customer == "Consumer"): Text 'Ron Smith' is set on object 'Object Repository/New Folder/Page_Checkatrade Give your feedback/input_Name_ctl00contenttbCustomerName'

2020-02-10 13:56:02 - [TEST_STEP][PASSED] - setText(findTestObject("Object Repository/New Folder/Page_Checkatrade Give your feedback/input_Name_ctl00contenttbCustomerName"), YD_Name): Text 'Ron Smith' is set on object 'Object Repository/New Folder/Page_Checkatrade Give your feedback/input_Name_ctl00contenttbCustomerName'

2020-02-10 13:56:02 - [MESSAGE][PASSED] - Text 'Ron Smith' is set on object 'Object Repository/New Folder/Page_Checkatrade Give your feedback/input_Name_ctl00contenttbCustomerName'

2020-02-10 13:56:02 - [TEST_STEP][PASSED] - "----------------------": null

2020-02-10 13:56:02 - [TEST_STEP][PASSED] - " Name of you company  |": null

2020-02-10 13:56:02 - [TEST_STEP][PASSED] - if (YD_Consumer_Customer == "Customer"): null

2020-02-10 13:56:02 - [TEST_STEP][PASSED] - "--------------------": null

2020-02-10 13:56:02 - [TEST_STEP][PASSED] - "  Set Postcode     |": null

2020-02-10 13:56:02 - [TEST_STEP][PASSED] - setText(findTestObject("Object Repository/New Folder/Page_Checkatrade Give your feedback/input_Your postcode_ctl00contentctlCustomerAddresstbPostcodeSearch"), YD_Postcode): Text 'PO12 2SD' is set on object 'Object Repository/New Folder/Page_Checkatrade Give your feedback/input_Your postcode_ctl00contentctlCustomerAddresstbPostcodeSearch'

2020-02-10 13:56:03 - [MESSAGE][PASSED] - Text 'PO12 2SD' is set on object 'Object Repository/New Folder/Page_Checkatrade Give your feedback/input_Your postcode_ctl00contentctlCustomerAddresstbPostcodeSearch'

2020-02-10 13:56:03 - [TEST_STEP][PASSED] - "-----------------------------": null

2020-02-10 13:56:03 - [TEST_STEP][PASSED] - "  Address Lookup Selection   |": null

2020-02-10 13:56:03 - [TEST_STEP][PASSED] - click(findTestObject("Object Repository/New Folder/Page_Checkatrade Give your feedback/input_Your postcode_ctl00contentctlCustomerAddressbtnPostcodeLookup")): Object: 'Object Repository/New Folder/Page_Checkatrade Give your feedback/input_Your postcode_ctl00contentctlCustomerAddressbtnPostcodeLookup' is clicked on

2020-02-10 13:56:03 - [MESSAGE][PASSED] - Object: 'Object Repository/New Folder/Page_Checkatrade Give your feedback/input_Your postcode_ctl00contentctlCustomerAddressbtnPostcodeLookup' is clicked on

2020-02-10 13:56:03 - [TEST_STEP][PASSED] - "-----------------------------": null

2020-02-10 13:56:03 - [TEST_STEP][PASSED] - "  Address Lookup Set         |": null

2020-02-10 13:56:03 - [TEST_STEP][PASSED] - selectOptionByLabel(findTestObject("Object Repository/New Folder/Page_Checkatrade Give your feedback/select_Please select your address"), YD_Verify_Address, true): All options with label '26 Broadsands Drive,Gosport,Hampshire,PO12 2SD' are selected in object 'Object Repository/New Folder/Page_Checkatrade Give your feedback/select_Please select your address'  using regular expression

2020-02-10 13:56:03 - [MESSAGE][PASSED] - All options with label '26 Broadsands Drive,Gosport,Hampshire,PO12 2SD' are selected in object 'Object Repository/New Folder/Page_Checkatrade Give your feedback/select_Please select your address'  using regular expression

2020-02-10 13:56:03 - [TEST_STEP][PASSED] - "-----------------------------": null

2020-02-10 13:56:03 - [TEST_STEP][PASSED] - "  Verify Returned Address    |": null

2020-02-10 13:56:03 - [TEST_STEP][PASSED] - verifyTextPresent(YD_Verify_Address, false): Text '26 Broadsands Drive,Gosport,Hampshire,PO12 2SD' is present on page 

2020-02-10 13:56:04 - [MESSAGE][PASSED] - Text '26 Broadsands Drive,Gosport,Hampshire,PO12 2SD' is present on page 

2020-02-10 13:56:04 - [MESSAGE][PASSED] - Call Test Case 'Test Cases/Reusable_Test_Sequences/Give_Feedback/Your_Details/Personal_Details_Formfill' successfully

2020-02-10 13:56:04 - [TEST_STEP][PASSED] - "-------------------------------------": null

2020-02-10 13:56:04 - [TEST_STEP][PASSED] - " Fil Contact Details                 |": null

2020-02-10 13:56:04 - [TEST_STEP][PASSED] - callTestCase(findTestCase("Reusable_Test_Sequences/Give_Feedback/Your_Details/Contact_Details_Formfill"), [:], STOP_ON_FAILURE): Call Test Case 'Test Cases/Reusable_Test_Sequences/Give_Feedback/Your_Details/Contact_Details_Formfill' successfully

2020-02-10 13:56:04 - [TEST_CASE][PASSED] - Test Cases/Reusable_Test_Sequences/Give_Feedback/Your_Details/Contact_Details_Formfill: Test Cases/Reusable_Test_Sequences/Give_Feedback/Your_Details/Contact_Details_Formfill

2020-02-10 13:56:04 - [TEST_STEP][PASSED] - "--------------------------------": null

2020-02-10 13:56:04 - [TEST_STEP][PASSED] - "Read data from spreadsheet      |": null

2020-02-10 13:56:04 - [TEST_STEP][PASSED] - data = findTestData("Data Files/Give_Feedback (1)"): null

2020-02-10 13:56:04 - [TEST_STEP][PASSED] - YD_Home_Phone = data.getValue("YD_Home_Phone", row): null

2020-02-10 13:56:04 - [TEST_STEP][PASSED] - YD_Name = data.getValue("YD_Name", row): null

2020-02-10 13:56:04 - [TEST_STEP][PASSED] - YD_Best_Contact_Time = data.getValue("YD_Best_Contact_Time", row): null

2020-02-10 13:56:04 - [TEST_STEP][PASSED] - YD_Email = data.getValue("YD_Email", row): null

2020-02-10 13:56:04 - [TEST_STEP][PASSED] - YD_Mobile = data.getValue("YD_Mobile", row): null

2020-02-10 13:56:04 - [TEST_STEP][PASSED] - YD_Consumer_Customer = data.getValue("YD_Consumer_Customer", row): null

2020-02-10 13:56:04 - [TEST_STEP][PASSED] - out.println("Your Experience, Your details, Set the " + YD_Home_Phone + " Text Box "): null

2020-02-10 13:56:04 - [TEST_STEP][PASSED] - "------------------------------": null

2020-02-10 13:56:04 - [TEST_STEP][PASSED] - "  Set Home Telephone Number   |": null

2020-02-10 13:56:04 - [TEST_STEP][PASSED] - setText(findTestObject("Object Repository/New Folder/Page_Checkatrade Give your feedback/input_Home telephone_ctl00contenttbCustomerHomePhone"), YD_Home_Phone): Text '02392123456' is set on object 'Object Repository/New Folder/Page_Checkatrade Give your feedback/input_Home telephone_ctl00contenttbCustomerHomePhone'

2020-02-10 13:56:04 - [MESSAGE][PASSED] - Text '02392123456' is set on object 'Object Repository/New Folder/Page_Checkatrade Give your feedback/input_Home telephone_ctl00contenttbCustomerHomePhone'

2020-02-10 13:56:04 - [TEST_STEP][PASSED] - "------------------------------": null

2020-02-10 13:56:04 - [TEST_STEP][PASSED] - "  Set Best Time to Contact    |": null

2020-02-10 13:56:04 - [TEST_STEP][PASSED] - if (YD_Consumer_Customer == "Consumer"): Text 'Between Midnight and 2AM' is set on object 'Object Repository/New Folder/Page_Checkatrade Give your feedback/input_Best time to contact you_ctl00contenttbCustomerContactTime'

2020-02-10 13:56:04 - [TEST_STEP][PASSED] - setText(findTestObject("Object Repository/New Folder/Page_Checkatrade Give your feedback/input_Best time to contact you_ctl00contenttbCustomerContactTime"), YD_Best_Contact_Time): Text 'Between Midnight and 2AM' is set on object 'Object Repository/New Folder/Page_Checkatrade Give your feedback/input_Best time to contact you_ctl00contenttbCustomerContactTime'

2020-02-10 13:56:04 - [MESSAGE][PASSED] - Text 'Between Midnight and 2AM' is set on object 'Object Repository/New Folder/Page_Checkatrade Give your feedback/input_Best time to contact you_ctl00contenttbCustomerContactTime'

2020-02-10 13:56:04 - [TEST_STEP][PASSED] - "------------------------------": null

2020-02-10 13:56:04 - [TEST_STEP][PASSED] - "  Set Email Address           |": null

2020-02-10 13:56:04 - [TEST_STEP][PASSED] - setText(findTestObject("Object Repository/New Folder/Page_Checkatrade Give your feedback/input_Email_ctl00contenttbCustomerEmail"), YD_Email): Text 'Test_xxxxxx@xdxdxdxd.com' is set on object 'Object Repository/New Folder/Page_Checkatrade Give your feedback/input_Email_ctl00contenttbCustomerEmail'

2020-02-10 13:56:05 - [MESSAGE][PASSED] - Text 'Test_xxxxxx@xdxdxdxd.com' is set on object 'Object Repository/New Folder/Page_Checkatrade Give your feedback/input_Email_ctl00contenttbCustomerEmail'

2020-02-10 13:56:05 - [TEST_STEP][PASSED] - "------------------------------": null

2020-02-10 13:56:05 - [TEST_STEP][PASSED] - "  Set Mobile Telephone Number |": null

2020-02-10 13:56:05 - [TEST_STEP][PASSED] - setText(findTestObject("Object Repository/New Folder/Page_Checkatrade Give your feedback/input_Mobile_ctl00contenttbCustomerMobile"), YD_Mobile): Text '07788123456' is set on object 'Object Repository/New Folder/Page_Checkatrade Give your feedback/input_Mobile_ctl00contenttbCustomerMobile'

2020-02-10 13:56:05 - [MESSAGE][PASSED] - Text '07788123456' is set on object 'Object Repository/New Folder/Page_Checkatrade Give your feedback/input_Mobile_ctl00contenttbCustomerMobile'

2020-02-10 13:56:05 - [MESSAGE][PASSED] - Call Test Case 'Test Cases/Reusable_Test_Sequences/Give_Feedback/Your_Details/Contact_Details_Formfill' successfully

2020-02-10 13:56:05 - [TEST_STEP][PASSED] - "-------------------------------------": null

2020-02-10 13:56:05 - [TEST_STEP][PASSED] - " CHeckatrade Questions               |": null

2020-02-10 13:56:05 - [TEST_STEP][PASSED] - callTestCase(findTestCase("Reusable_Test_Sequences/Give_Feedback/Your_Details/Checkatrade_Questions"), [:], STOP_ON_FAILURE): Call Test Case 'Test Cases/Reusable_Test_Sequences/Give_Feedback/Your_Details/Checkatrade_Questions' successfully

2020-02-10 13:56:05 - [TEST_CASE][PASSED] - Test Cases/Reusable_Test_Sequences/Give_Feedback/Your_Details/Checkatrade_Questions: Test Cases/Reusable_Test_Sequences/Give_Feedback/Your_Details/Checkatrade_Questions

2020-02-10 13:56:05 - [TEST_STEP][PASSED] - "--------------------------------": null

2020-02-10 13:56:05 - [TEST_STEP][PASSED] - "Read data from spreadsheet      |": null

2020-02-10 13:56:05 - [TEST_STEP][PASSED] - data = findTestData("Data Files/Give_Feedback (1)"): null

2020-02-10 13:56:05 - [TEST_STEP][PASSED] - YD_Feedback_Method = data.getValue("YD_Feedback_Method", row): null

2020-02-10 13:56:05 - [TEST_STEP][PASSED] - YD_How_Did_You_Hear = data.getValue("YD_How_Did_You_Hear", row): null

2020-02-10 13:56:05 - [TEST_STEP][PASSED] - YD_Other_Response = data.getValue("YD_Other_Response", row): null

2020-02-10 13:56:05 - [TEST_STEP][PASSED] - YD_Reason_For_Tradeperson_Selection = data.getValue("YD_Reason_For_Tradeperson_Selection", row): null

2020-02-10 13:56:05 - [TEST_STEP][PASSED] - YD_Receive_Chekatrade_Updates = data.getValue("YD_Receive_Chekatrade_Updates", row): null

2020-02-10 13:56:05 - [TEST_STEP][PASSED] - YD_Receive_Third_Party_Updates = data.getValue("YD_Receive_Third_Party_Updates", row): null

2020-02-10 13:56:05 - [TEST_STEP][PASSED] - out.println("Your Experience, Your details, Set the " + YD_Feedback_Method + " Text Box "): null

2020-02-10 13:56:05 - [TEST_STEP][PASSED] - "------------------------------------": null

2020-02-10 13:56:05 - [TEST_STEP][PASSED] - "  Set Verify Options - SMS OR Email |": null

2020-02-10 13:56:05 - [TEST_STEP][PASSED] - if (YD_Feedback_Method == "email"): Wait for page load successfully

2020-02-10 13:56:05 - [TEST_STEP][PASSED] - click(findTestObject("Object Repository/Page_Checkatrade Give your feedback/span_Verify by email")): Object: 'Object Repository/Page_Checkatrade Give your feedback/span_Verify by email' is clicked on

2020-02-10 13:56:05 - [MESSAGE][PASSED] - Object: 'Object Repository/Page_Checkatrade Give your feedback/span_Verify by email' is clicked on

2020-02-10 13:56:05 - [TEST_STEP][PASSED] - waitForPageLoad(2): Wait for page load successfully

2020-02-10 13:56:05 - [MESSAGE][PASSED] - Wait for page load successfully

2020-02-10 13:56:05 - [TEST_STEP][PASSED] - "--------------------------------------": null

2020-02-10 13:56:05 - [TEST_STEP][PASSED] - " Scroll to <Next> Button              |": null

2020-02-10 13:56:05 - [TEST_STEP][PASSED] - scrollToPosition(200, 0): Browser is scrolled to position x = 200, y = 0

2020-02-10 13:56:05 - [MESSAGE][PASSED] - Browser is scrolled to position x = 200, y = 0

2020-02-10 13:56:05 - [TEST_STEP][PASSED] - "--------------------------------------": null

2020-02-10 13:56:05 - [TEST_STEP][PASSED] - "  Set How You Heard About Checkatrade |": null

2020-02-10 13:56:05 - [TEST_STEP][PASSED] - waitForPageLoad(2): Wait for page load successfully

2020-02-10 13:56:05 - [MESSAGE][PASSED] - Wait for page load successfully

2020-02-10 13:56:05 - [TEST_STEP][PASSED] - selectOptionByLabel(findTestObject("Object Repository/Page_Checkatrade Give your feedback/select_Please selectTVRadioOnlineDirectoryWord"), YD_How_Did_You_Hear, true): All options with label 'Radio' are selected in object 'Object Repository/Page_Checkatrade Give your feedback/select_Please selectTVRadioOnlineDirectoryWord'  using regular expression

2020-02-10 13:56:07 - [MESSAGE][PASSED] - All options with label 'Radio' are selected in object 'Object Repository/Page_Checkatrade Give your feedback/select_Please selectTVRadioOnlineDirectoryWord'  using regular expression

2020-02-10 13:56:07 - [TEST_STEP][PASSED] - "--------------------------------------": null

2020-02-10 13:56:07 - [TEST_STEP][PASSED] - "  How did you hear about Textbox      |": null

2020-02-10 13:56:07 - [TEST_STEP][PASSED] - if (YD_How_Did_You_Hear == "Other"): null

2020-02-10 13:56:07 - [TEST_STEP][PASSED] - "--------------------------------------": null

2020-02-10 13:56:07 - [TEST_STEP][PASSED] - "  Why Use The Selected Tradesperson   |": null

2020-02-10 13:56:07 - [TEST_STEP][PASSED] - waitForElementClickable(findTestObject("Object Repository/New Folder/Page_Checkatrade Give your feedback/select_Prefer not to sayFound the Tradesperson via CheckatradecomDirected to Checkatradecom by the Tradesperson"), 2): Object 'Object Repository/New Folder/Page_Checkatrade Give your feedback/select_Prefer not to sayFound the Tradesperson via CheckatradecomDirected to Checkatradecom by the Tradesperson' is clickable

2020-02-10 13:56:07 - [MESSAGE][PASSED] - Object 'Object Repository/New Folder/Page_Checkatrade Give your feedback/select_Prefer not to sayFound the Tradesperson via CheckatradecomDirected to Checkatradecom by the Tradesperson' is clickable

2020-02-10 13:56:07 - [TEST_STEP][PASSED] - selectOptionByIndex(findTestObject("Object Repository/New Folder/Page_Checkatrade Give your feedback/select_Prefer not to sayFound the Tradesperson via CheckatradecomDirected to Checkatradecom by the Tradesperson"), 2): All options with index in [2] are selected on object 'Object Repository/New Folder/Page_Checkatrade Give your feedback/select_Prefer not to sayFound the Tradesperson via CheckatradecomDirected to Checkatradecom by the Tradesperson'

2020-02-10 13:56:07 - [MESSAGE][PASSED] - All options with index in [2] are selected on object 'Object Repository/New Folder/Page_Checkatrade Give your feedback/select_Prefer not to sayFound the Tradesperson via CheckatradecomDirected to Checkatradecom by the Tradesperson'

2020-02-10 13:56:07 - [TEST_STEP][PASSED] - waitForPageLoad(2): Wait for page load successfully

2020-02-10 13:56:07 - [MESSAGE][PASSED] - Wait for page load successfully

2020-02-10 13:56:07 - [TEST_STEP][PASSED] - "----------------------------------------------------": null

2020-02-10 13:56:07 - [TEST_STEP][PASSED] - " Select - I am happy to receive Updates - Checkatra |": null

2020-02-10 13:56:07 - [TEST_STEP][PASSED] - if (YD_Receive_Chekatrade_Updates == "Yes"): null

2020-02-10 13:56:07 - [TEST_STEP][PASSED] - "----------------------------------------------------": null

2020-02-10 13:56:07 - [TEST_STEP][PASSED] - " Select - I am happy to receive Updates - 3rd party |": null

2020-02-10 13:56:07 - [TEST_STEP][PASSED] - if (YD_Receive_Third_Party_Updates == "Yes"): null

2020-02-10 13:56:07 - [TEST_STEP][PASSED] - "--------------------------------------": null

2020-02-10 13:56:07 - [TEST_STEP][PASSED] - "   SUBMIT Page                        |": null

2020-02-10 13:56:07 - [TEST_STEP][PASSED] - click(findTestObject("Object Repository/New Folder/Page_Checkatrade Give your feedback/input_here_ctl00contentButtonSubmit")): Object: 'Object Repository/New Folder/Page_Checkatrade Give your feedback/input_here_ctl00contentButtonSubmit' is clicked on

2020-02-10 13:56:08 - [MESSAGE][PASSED] - Object: 'Object Repository/New Folder/Page_Checkatrade Give your feedback/input_here_ctl00contentButtonSubmit' is clicked on

2020-02-10 13:56:08 - [TEST_STEP][PASSED] - waitForPageLoad(2): Wait for page load successfully

2020-02-10 13:56:08 - [MESSAGE][PASSED] - Wait for page load successfully

2020-02-10 13:56:08 - [MESSAGE][PASSED] - Call Test Case 'Test Cases/Reusable_Test_Sequences/Give_Feedback/Your_Details/Checkatrade_Questions' successfully

2020-02-10 13:56:08 - [TEST_STEP][PASSED] - "-------------------------------------": null

2020-02-10 13:56:08 - [TEST_STEP][PASSED] - " Commit form                         |": null

2020-02-10 13:56:08 - [TEST_STEP][PASSED] - waitForPageLoad(60): Wait for page load successfully

2020-02-10 13:56:08 - [MESSAGE][PASSED] - Wait for page load successfully

2020-02-10 13:56:08 - [MESSAGE][PASSED] - Call Test Case 'Test Cases/Reusable_Test_Sequences/Give_Feedback/Your_Details/Your_Details' successfully

2020-02-10 13:56:08 - [TEST_STEP][PASSED] - "--------------------------------------": null

2020-02-10 13:56:08 - [TEST_STEP][PASSED] - " Further Info (page 4) Processing     |": null

2020-02-10 13:56:08 - [TEST_STEP][PASSED] - callTestCase(findTestCase("Reusable_Test_Sequences/Give_Feedback/Further_Infomation/Further_Information"), [:], CONTINUE_ON_FAILURE): Call Test Case 'Test Cases/Reusable_Test_Sequences/Give_Feedback/Further_Infomation/Further_Information' successfully

2020-02-10 13:56:08 - [TEST_CASE][PASSED] - Test Cases/Reusable_Test_Sequences/Give_Feedback/Further_Infomation/Further_Information: Test Cases/Reusable_Test_Sequences/Give_Feedback/Further_Infomation/Further_Information

2020-02-10 13:56:08 - [TEST_STEP][PASSED] - "--------------------------------": null

2020-02-10 13:56:08 - [TEST_STEP][PASSED] - "  Read data from spreadsheet    |": null

2020-02-10 13:56:08 - [TEST_STEP][PASSED] - data = findTestData("Data Files/Give_Feedback (1)"): null

2020-02-10 13:56:08 - [TEST_STEP][PASSED] - FD_Value_of_Work = data.getValue("FD_Value_of_Work", row): null

2020-02-10 13:56:08 - [TEST_STEP][PASSED] - "-----------": null

2020-02-10 13:56:08 - [TEST_STEP][PASSED] - "  Synch    |": null

2020-02-10 13:56:08 - [TEST_STEP][PASSED] - waitForElementPresent(findTestObject("Object Repository/New Folder1/Page_Checkatrade Give your feedback/input_Value Of Work_ctl00contenttbValueOfWork"), 25): Object 'Object Repository/New Folder1/Page_Checkatrade Give your feedback/input_Value Of Work_ctl00contenttbValueOfWork' is present

2020-02-10 13:56:09 - [MESSAGE][PASSED] - Object 'Object Repository/New Folder1/Page_Checkatrade Give your feedback/input_Value Of Work_ctl00contenttbValueOfWork' is present

2020-02-10 13:56:09 - [TEST_STEP][PASSED] - "--------------------------------": null

2020-02-10 13:56:09 - [TEST_STEP][PASSED] - "  Set the Value of Work Textbox |": null

2020-02-10 13:56:09 - [TEST_STEP][PASSED] - setText(findTestObject("Object Repository/New Folder1/Page_Checkatrade Give your feedback/input_Value Of Work_ctl00contenttbValueOfWork"), FD_Value_of_Work): Text '6789.99' is set on object 'Object Repository/New Folder1/Page_Checkatrade Give your feedback/input_Value Of Work_ctl00contenttbValueOfWork'

2020-02-10 13:56:09 - [MESSAGE][PASSED] - Text '6789.99' is set on object 'Object Repository/New Folder1/Page_Checkatrade Give your feedback/input_Value Of Work_ctl00contenttbValueOfWork'

2020-02-10 13:56:09 - [TEST_STEP][PASSED] - "--------------------------------": null

2020-02-10 13:56:09 - [TEST_STEP][PASSED] - "  Hit <Submit> button to Commit |": null

2020-02-10 13:56:09 - [TEST_STEP][PASSED] - waitForElementPresent(findTestObject("Object Repository/New Folder/Page_Checkatrade Give your feedback/input_Value Of Work_ctl00contentButton1"), 25): Object 'Object Repository/New Folder/Page_Checkatrade Give your feedback/input_Value Of Work_ctl00contentButton1' is present

2020-02-10 13:56:09 - [MESSAGE][PASSED] - Object 'Object Repository/New Folder/Page_Checkatrade Give your feedback/input_Value Of Work_ctl00contentButton1' is present

2020-02-10 13:56:09 - [TEST_STEP][PASSED] - click(findTestObject("Object Repository/New Folder/Page_Checkatrade Give your feedback/input_Value Of Work_ctl00contentButton1")): Object: 'Object Repository/New Folder/Page_Checkatrade Give your feedback/input_Value Of Work_ctl00contentButton1' is clicked on

2020-02-10 13:56:27 - [MESSAGE][PASSED] - Object: 'Object Repository/New Folder/Page_Checkatrade Give your feedback/input_Value Of Work_ctl00contentButton1' is clicked on

2020-02-10 13:56:27 - [TEST_STEP][PASSED] - "--------------------------------": null

2020-02-10 13:56:27 - [TEST_STEP][PASSED] - "  Wait for FInal Page Load      |": null

2020-02-10 13:56:27 - [TEST_STEP][PASSED] - waitForPageLoad(60): Wait for page load successfully

2020-02-10 13:56:27 - [MESSAGE][PASSED] - Wait for page load successfully

2020-02-10 13:56:27 - [MESSAGE][PASSED] - Call Test Case 'Test Cases/Reusable_Test_Sequences/Give_Feedback/Further_Infomation/Further_Information' successfully

2020-02-10 13:56:27 - [TEST_STEP][PASSED] - "--------------------------------------": null

2020-02-10 13:56:27 - [TEST_STEP][PASSED] - " Thank You! (page 5) Processing       |": null

2020-02-10 13:56:27 - [TEST_STEP][PASSED] - callTestCase(findTestCase("Reusable_Test_Sequences/Give_Feedback/Final_Page"), [:], CONTINUE_ON_FAILURE): Call Test Case 'Test Cases/Reusable_Test_Sequences/Give_Feedback/Final_Page' successfully

2020-02-10 13:56:27 - [TEST_CASE][PASSED] - Test Cases/Reusable_Test_Sequences/Give_Feedback/Final_Page: Test Cases/Reusable_Test_Sequences/Give_Feedback/Final_Page

2020-02-10 13:56:27 - [TEST_STEP][PASSED] - waitForPageLoad(2): Wait for page load successfully

2020-02-10 13:56:27 - [MESSAGE][PASSED] - Wait for page load successfully

2020-02-10 13:56:27 - [TEST_STEP][PASSED] - "--------------------------------": null

2020-02-10 13:56:27 - [TEST_STEP][PASSED] - "Read data from spreadsheet      |": null

2020-02-10 13:56:27 - [TEST_STEP][PASSED] - data = findTestData("Data Files/Give_Feedback (1)"): null

2020-02-10 13:56:27 - [TEST_STEP][PASSED] - Account_Verification_Name = data.getValue("Account_Verification_Name", row): null

2020-02-10 13:56:27 - [TEST_STEP][PASSED] - YE_Recommend = data.getValue("YE_Recommendations", row): null

2020-02-10 13:56:27 - [TEST_STEP][PASSED] - YE_Work_Carried_Out = data.getValue("YE_Work_Carried_Out", row): null

2020-02-10 13:56:27 - [TEST_STEP][PASSED] - waitForElementVisible(findTestObject("Object Repository/New Folder/Page_Checkatrade Give your feedback/a_Finish"), 60): Object 'Object Repository/New Folder/Page_Checkatrade Give your feedback/a_Finish' is visible

2020-02-10 13:56:27 - [MESSAGE][PASSED] - Object 'Object Repository/New Folder/Page_Checkatrade Give your feedback/a_Finish' is visible

2020-02-10 13:56:27 - [TEST_STEP][PASSED] - "------------------------------------": null

2020-02-10 13:56:27 - [TEST_STEP][PASSED] - "  Verify Page Detail                |": null

2020-02-10 13:56:27 - [TEST_STEP][PASSED] - if (YE_Recommend == "Yes"): Text 'Finish' is present on page 

2020-02-10 13:56:27 - [TEST_STEP][PASSED] - verifyTextPresent("A Checkatrade staff member will now review your feedback for", false): Text 'A Checkatrade staff member will now review your feedback for' is present on page 

2020-02-10 13:56:28 - [MESSAGE][PASSED] - Text 'A Checkatrade staff member will now review your feedback for' is present on page 

2020-02-10 13:56:28 - [TEST_STEP][PASSED] - verifyTextPresent(Account_Verification_Name, false): Text 'Test Account' is present on page 

2020-02-10 13:56:28 - [MESSAGE][PASSED] - Text 'Test Account' is present on page 

2020-02-10 13:56:28 - [TEST_STEP][PASSED] - verifyTextPresent("Finish", false): Text 'Finish' is present on page 

2020-02-10 13:56:28 - [MESSAGE][PASSED] - Text 'Finish' is present on page 

2020-02-10 13:56:28 - [TEST_STEP][PASSED] - verifyTextPresent("Thank you", true): Text 'Thank you' is present on page  using regular expression

2020-02-10 13:56:28 - [MESSAGE][PASSED] - Text 'Thank you' is present on page  using regular expression

2020-02-10 13:56:28 - [TEST_STEP][PASSED] - "------------------------------------": null

2020-02-10 13:56:28 - [TEST_STEP][PASSED] - "  Hit Finish                        |": null

2020-02-10 13:56:28 - [TEST_STEP][PASSED] - waitForElementClickable(findTestObject("Object Repository/New Folder/Page_Checkatrade Give your feedback/a_Finish"), 60): Object 'Object Repository/New Folder/Page_Checkatrade Give your feedback/a_Finish' is clickable

2020-02-10 13:56:28 - [MESSAGE][PASSED] - Object 'Object Repository/New Folder/Page_Checkatrade Give your feedback/a_Finish' is clickable

2020-02-10 13:56:28 - [TEST_STEP][PASSED] - click(findTestObject("Object Repository/New Folder/Page_Checkatrade Give your feedback/a_Finish")): Object: 'Object Repository/New Folder/Page_Checkatrade Give your feedback/a_Finish' is clicked on

2020-02-10 13:56:29 - [MESSAGE][PASSED] - Object: 'Object Repository/New Folder/Page_Checkatrade Give your feedback/a_Finish' is clicked on

2020-02-10 13:56:29 - [MESSAGE][PASSED] - Call Test Case 'Test Cases/Reusable_Test_Sequences/Give_Feedback/Final_Page' successfully

2020-02-10 13:56:29 - [TEST_STEP][PASSED] - "--------------------------------------": null

2020-02-10 13:56:29 - [TEST_STEP][PASSED] - "  Verify Return to Home Page          |": null

2020-02-10 13:56:29 - [TEST_STEP][PASSED] - callTestCase(findTestCase("Reusable_Test_Sequences/CAT_Home"), [:], CONTINUE_ON_FAILURE): Call Test Case 'Test Cases/Reusable_Test_Sequences/CAT_Home' successfully

2020-02-10 13:56:29 - [TEST_CASE][PASSED] - Test Cases/Reusable_Test_Sequences/CAT_Home: Test Cases/Reusable_Test_Sequences/CAT_Home

2020-02-10 13:56:29 - [TEST_STEP][PASSED] - waitForPageLoad(60): Wait for page load successfully

2020-02-10 13:56:29 - [MESSAGE][PASSED] - Wait for page load successfully

2020-02-10 13:56:29 - [TEST_STEP][PASSED] - delay(2): Delayed 2 second(s)

2020-02-10 13:56:31 - [MESSAGE][PASSED] - Delayed 2 second(s)

2020-02-10 13:56:31 - [TEST_STEP][PASSED] - "------------------------------------": null

2020-02-10 13:56:31 - [TEST_STEP][PASSED] - if (Website_Version == "new"): null

2020-02-10 13:56:31 - [TEST_STEP][PASSED] - else: Text 'Over a million visits to Checkatrade each month' is present on page 

2020-02-10 13:56:31 - [TEST_STEP][PASSED] - verifyTextPresent("Helping you find the right trade or service", false): Text 'Helping you find the right trade or service' is present on page 

2020-02-10 13:56:31 - [MESSAGE][PASSED] - Text 'Helping you find the right trade or service' is present on page 

2020-02-10 13:56:31 - [TEST_STEP][PASSED] - verifyTextPresent("Search through over", false): Text 'Search through over' is present on page 

2020-02-10 13:56:31 - [MESSAGE][PASSED] - Text 'Search through over' is present on page 

2020-02-10 13:56:31 - [TEST_STEP][PASSED] - verifyTextPresent("recommended, vetted and monitored trades and service providers for free.", false): Text 'recommended, vetted and monitored trades and service providers for free.' is present on page 

2020-02-10 13:56:32 - [MESSAGE][PASSED] - Text 'recommended, vetted and monitored trades and service providers for free.' is present on page 

2020-02-10 13:56:32 - [TEST_STEP][PASSED] - verifyTextPresent("reviews published so far – thank you!", false): Text 'reviews published so far – thank you!' is present on page 

2020-02-10 13:56:32 - [MESSAGE][PASSED] - Text 'reviews published so far – thank you!' is present on page 

2020-02-10 13:56:32 - [TEST_STEP][PASSED] - verifyTextPresent("I need a trade or service", false): Text 'I need a trade or service' is present on page 

2020-02-10 13:56:32 - [MESSAGE][PASSED] - Text 'I need a trade or service' is present on page 

2020-02-10 13:56:32 - [TEST_STEP][PASSED] - verifyTextPresent("Every trader thoroughly checked and vetted", false): Text 'Every trader thoroughly checked and vetted' is present on page 

2020-02-10 13:56:32 - [MESSAGE][PASSED] - Text 'Every trader thoroughly checked and vetted' is present on page 

2020-02-10 13:56:32 - [TEST_STEP][PASSED] - "------------------------------------": null

2020-02-10 13:56:32 - [TEST_STEP][PASSED] - verifyTextPresent("reviews published so far – thank you!", false): Text 'reviews published so far – thank you!' is present on page 

2020-02-10 13:56:32 - [MESSAGE][PASSED] - Text 'reviews published so far – thank you!' is present on page 

2020-02-10 13:56:32 - [TEST_STEP][PASSED] - verifyTextPresent("Find out more", false): Text 'Find out more' is present on page 

2020-02-10 13:56:32 - [MESSAGE][PASSED] - Text 'Find out more' is present on page 

2020-02-10 13:56:32 - [TEST_STEP][PASSED] - verifyTextPresent("I am a tradesman", false): Text 'I am a tradesman' is present on page 

2020-02-10 13:56:33 - [MESSAGE][PASSED] - Text 'I am a tradesman' is present on page 

2020-02-10 13:56:33 - [TEST_STEP][PASSED] - verifyTextPresent("Find out more", false): Text 'Find out more' is present on page 

2020-02-10 13:56:33 - [MESSAGE][PASSED] - Text 'Find out more' is present on page 

2020-02-10 13:56:33 - [TEST_STEP][PASSED] - verifyTextPresent("Over a million visits to Checkatrade each month", false): Text 'Over a million visits to Checkatrade each month' is present on page 

2020-02-10 13:56:33 - [MESSAGE][PASSED] - Text 'Over a million visits to Checkatrade each month' is present on page 

2020-02-10 13:56:33 - [MESSAGE][PASSED] - Call Test Case 'Test Cases/Reusable_Test_Sequences/CAT_Home' successfully

2020-02-10 13:56:33 - [TEST_STEP][PASSED] - "--------------------------------------": null

2020-02-10 13:56:33 - [TEST_STEP][PASSED] - " Processing Completion                |": null

2020-02-10 13:56:33 - [TEST_STEP][PASSED] - "--------------------------------------": null

2020-02-10 13:56:33 - [TEST_STEP][PASSED] - "--------------------------": null

2020-02-10 13:56:33 - [TEST_STEP][PASSED] - " Teardown - CLose Browser |": null

2020-02-10 13:56:33 - [TEST_STEP][PASSED] - callTestCase(findTestCase("Reusable_Test_Sequences/CAT_Teardown"), [:], OPTIONAL): Call Test Case 'Test Cases/Reusable_Test_Sequences/CAT_Teardown' successfully

2020-02-10 13:56:33 - [TEST_CASE][PASSED] - Test Cases/Reusable_Test_Sequences/CAT_Teardown: Test Cases/Reusable_Test_Sequences/CAT_Teardown

2020-02-10 13:56:33 - [TEST_STEP][PASSED] - closeBrowser(): Browser is closed

2020-02-10 13:56:34 - [MESSAGE][PASSED] - Browser is closed

2020-02-10 13:56:34 - [MESSAGE][PASSED] - Call Test Case 'Test Cases/Reusable_Test_Sequences/CAT_Teardown' successfully

2020-02-10 13:56:34 - [TEST_STEP][PASSED] - callTestCase(findTestCase("Reusable_Test_Sequences/CAT_Setup"), [:], STOP_ON_FAILURE): Call Test Case 'Test Cases/Reusable_Test_Sequences/CAT_Setup' successfully

2020-02-10 13:56:34 - [TEST_CASE][PASSED] - Test Cases/Reusable_Test_Sequences/CAT_Setup: Test Cases/Reusable_Test_Sequences/CAT_Setup

2020-02-10 13:56:34 - [TEST_STEP][PASSED] - "------------------------------": null

2020-02-10 13:56:34 - [TEST_STEP][PASSED] - " Set Mobile Device Testing    |": null

2020-02-10 13:56:34 - [TEST_STEP][PASSED] - if (Mobile_Flag == "true"): null

2020-02-10 13:56:34 - [TEST_STEP][PASSED] - "------------------------------": null

2020-02-10 13:56:34 - [TEST_STEP][PASSED] - " Set Mobile Device Testing    |": null

2020-02-10 13:56:34 - [TEST_STEP][PASSED] - "------------------------------": null

2020-02-10 13:56:34 - [TEST_STEP][PASSED] - "URL - Set from the ENVIRONMENT PROFILE ": null

2020-02-10 13:56:34 - [TEST_STEP][PASSED] - openBrowser(URL): Browser is opened with url: 'https://www.preview.checkatrade.com/GiveFeedback'

2020-02-10 13:56:34 - [MESSAGE][INFO] - Starting 'Chrome' driver

2020-02-10 13:56:41 - [MESSAGE][PASSED] - Browser is opened with url: 'https://www.preview.checkatrade.com/GiveFeedback'

2020-02-10 13:56:41 - [TEST_STEP][PASSED] - maximizeWindow(): Current window maximized

2020-02-10 13:56:45 - [MESSAGE][PASSED] - Current window maximized

2020-02-10 13:56:45 - [TEST_STEP][PASSED] - waitForPageLoad(60): Wait for page load successfully

2020-02-10 13:56:45 - [MESSAGE][PASSED] - Wait for page load successfully

2020-02-10 13:56:45 - [TEST_STEP][PASSED] - "Previous Functionalilty Left Commented For Ease Of reversion": null

2020-02-10 13:56:45 - [TEST_STEP][PASSED] - try: Text 'Cookie Policy' is not present on page

2020-02-10 13:56:45 - [TEST_STEP][PASSED] - verifyElementPresent(findTestObject("Object Repository/Cookies/Page_Checkatrade Find a tradesperson you can trust/button_Accept All"), 5): Object 'Object Repository/Cookies/Page_Checkatrade Find a tradesperson you can trust/button_Accept All' is present

2020-02-10 13:56:45 - [MESSAGE][PASSED] - Object 'Object Repository/Cookies/Page_Checkatrade Find a tradesperson you can trust/button_Accept All' is present

2020-02-10 13:56:45 - [TEST_STEP][PASSED] - click(findTestObject("Object Repository/Cookies/Page_Checkatrade Find a tradesperson you can trust/button_Accept All")): Object: 'Object Repository/Cookies/Page_Checkatrade Find a tradesperson you can trust/button_Accept All' is clicked on

2020-02-10 13:56:46 - [MESSAGE][PASSED] - Object: 'Object Repository/Cookies/Page_Checkatrade Find a tradesperson you can trust/button_Accept All' is clicked on

2020-02-10 13:56:46 - [TEST_STEP][PASSED] - "---------------------------------": null

2020-02-10 13:56:46 - [TEST_STEP][PASSED] - "COOKIE POPOUT REMOVED - Confirmed": null

2020-02-10 13:56:46 - [TEST_STEP][PASSED] - delay(1): Delayed 1 second(s)

2020-02-10 13:56:47 - [MESSAGE][PASSED] - Delayed 1 second(s)

2020-02-10 13:56:47 - [TEST_STEP][PASSED] - verifyTextNotPresent("We use cookies to personalise content and ads, to provide social media features and to analyse our traffic", false): Text 'We use cookies to personalise content and ads, to provide social media features and to analyse our traffic' is not present on page

2020-02-10 13:56:47 - [MESSAGE][PASSED] - Text 'We use cookies to personalise content and ads, to provide social media features and to analyse our traffic' is not present on page

2020-02-10 13:56:47 - [TEST_STEP][PASSED] - verifyTextNotPresent(" We also share information about your use of our site with our social media, advertising and analytics partners", false): Text ' We also share information about your use of our site with our social media, advertising and analytics partners' is not present on page

2020-02-10 13:56:47 - [MESSAGE][PASSED] - Text ' We also share information about your use of our site with our social media, advertising and analytics partners' is not present on page

2020-02-10 13:56:47 - [TEST_STEP][PASSED] - verifyTextNotPresent("Cookie Policy", false): Text 'Cookie Policy' is not present on page

2020-02-10 13:56:47 - [MESSAGE][PASSED] - Text 'Cookie Policy' is not present on page

2020-02-10 13:56:47 - [TEST_STEP][PASSED] - waitForPageLoad(60): Wait for page load successfully

2020-02-10 13:56:47 - [MESSAGE][PASSED] - Wait for page load successfully

2020-02-10 13:56:47 - [TEST_STEP][PASSED] - "COOKIE - ORIGINAL": null

2020-02-10 13:56:47 - [TEST_STEP][PASSED] - if (waitForElementVisible(findTestObject("Object Repository/Feedback/Page_Checkatrade Give your feedback/input_Member_to_Review"), 5)): null

2020-02-10 13:56:47 - [MESSAGE][PASSED] - Object 'Object Repository/Feedback/Page_Checkatrade Give your feedback/input_Member_to_Review' is visible

2020-02-10 13:56:47 - [TEST_STEP][PASSED] - logInfo("Give Feedback STARTUP Process"): Give Feedback STARTUP Process

2020-02-10 13:56:47 - [MESSAGE][INFO] - Give Feedback STARTUP Process

2020-02-10 13:56:47 - [MESSAGE][PASSED] - Call Test Case 'Test Cases/Reusable_Test_Sequences/CAT_Setup' successfully

2020-02-10 13:56:47 - [TEST_STEP][PASSED] - "-----------------------------------------------------": null

2020-02-10 13:56:47 - [TEST_STEP][PASSED] - " Hit the <Give Feedback> link in the header banner   |": null

2020-02-10 13:56:47 - [TEST_STEP][PASSED] - callTestCase(findTestCase("Reusable_Test_Sequences/Banner_Menu/Give_Feedback"), [:], STOP_ON_FAILURE): Call Test Case 'Test Cases/Reusable_Test_Sequences/Banner_Menu/Give_Feedback' successfully

2020-02-10 13:56:47 - [TEST_CASE][PASSED] - Test Cases/Reusable_Test_Sequences/Banner_Menu/Give_Feedback: Test Cases/Reusable_Test_Sequences/Banner_Menu/Give_Feedback

2020-02-10 13:56:47 - [TEST_STEP][PASSED] - "--------------------------------------------------------": null

2020-02-10 13:56:47 - [TEST_STEP][PASSED] - " Major Changes Factored Into Function - 05/12/2019      |": null

2020-02-10 13:56:47 - [TEST_STEP][PASSED] - "--------------------------------------------------------": null

2020-02-10 13:56:47 - [TEST_STEP][PASSED] - " Now Drills Directl Into the Target URL": null

2020-02-10 13:56:47 - [TEST_STEP][PASSED] - waitForElementVisible(findTestObject("Object Repository/Feedback/Page_Checkatrade Give your feedback/input_Member_to_Review"), 25): Object 'Object Repository/Feedback/Page_Checkatrade Give your feedback/input_Member_to_Review' is visible

2020-02-10 13:56:47 - [MESSAGE][PASSED] - Object 'Object Repository/Feedback/Page_Checkatrade Give your feedback/input_Member_to_Review' is visible

2020-02-10 13:56:47 - [TEST_STEP][PASSED] - verifyTextPresent("Give your feedback", false): Text 'Give your feedback' is present on page 

2020-02-10 13:56:48 - [MESSAGE][PASSED] - Text 'Give your feedback' is present on page 

2020-02-10 13:56:48 - [TEST_STEP][PASSED] - verifyTextPresent("Which member do you want to review?", false): Text 'Which member do you want to review?' is present on page 

2020-02-10 13:56:48 - [MESSAGE][PASSED] - Text 'Which member do you want to review?' is present on page 

2020-02-10 13:56:48 - [MESSAGE][PASSED] - Call Test Case 'Test Cases/Reusable_Test_Sequences/Banner_Menu/Give_Feedback' successfully

2020-02-10 13:56:48 - [TEST_STEP][PASSED] - "-----------------------------------------------------": null

2020-02-10 13:56:48 - [TEST_STEP][PASSED] - " Enter Member Trade Name OR Checkatrade ID To Review |": null

2020-02-10 13:56:48 - [TEST_STEP][PASSED] - callTestCase(findTestCase("Reusable_Test_Sequences/Give_Feedback/Which_Member_to_Review"), [:], STOP_ON_FAILURE): Call Test Case 'Test Cases/Reusable_Test_Sequences/Give_Feedback/Which_Member_to_Review' successfully

2020-02-10 13:56:48 - [TEST_CASE][PASSED] - Test Cases/Reusable_Test_Sequences/Give_Feedback/Which_Member_to_Review: Test Cases/Reusable_Test_Sequences/Give_Feedback/Which_Member_to_Review

2020-02-10 13:56:48 - [TEST_STEP][PASSED] - "--------------------------------------------------------": null

2020-02-10 13:56:48 - [TEST_STEP][PASSED] - " Major Changes Factored Into Function - 05/12/2019      |": null

2020-02-10 13:56:48 - [TEST_STEP][PASSED] - waitForPageLoad(60): Wait for page load successfully

2020-02-10 13:56:48 - [MESSAGE][PASSED] - Wait for page load successfully

2020-02-10 13:56:48 - [TEST_STEP][PASSED] - waitForElementPresent(findTestObject("Object Repository/Feedback/Page_Checkatrade Give your feedback/input_Member_to_Review"), 25): Object 'Object Repository/Feedback/Page_Checkatrade Give your feedback/input_Member_to_Review' is present

2020-02-10 13:56:48 - [MESSAGE][PASSED] - Object 'Object Repository/Feedback/Page_Checkatrade Give your feedback/input_Member_to_Review' is present

2020-02-10 13:56:48 - [TEST_STEP][PASSED] - setText(findTestObject("Object Repository/Feedback/Page_Checkatrade Give your feedback/input_Member_to_Review"), findTestData("Give_Feedback (1)").getValue("Account_Verification_Name", row)): Text 'Test Account' is set on object 'Object Repository/Feedback/Page_Checkatrade Give your feedback/input_Member_to_Review'

2020-02-10 13:56:48 - [MESSAGE][PASSED] - Text 'Test Account' is set on object 'Object Repository/Feedback/Page_Checkatrade Give your feedback/input_Member_to_Review'

2020-02-10 13:56:48 - [TEST_STEP][PASSED] - delay(1): Delayed 1 second(s)

2020-02-10 13:56:49 - [MESSAGE][PASSED] - Delayed 1 second(s)

2020-02-10 13:56:49 - [TEST_STEP][PASSED] - "Submit the search criteria using click     |": null

2020-02-10 13:56:49 - [TEST_STEP][PASSED] - waitForElementPresent(findTestObject("Object Repository/Feedback/Page_Checkatrade Give your feedback/span_Search_Member"), 25): Object 'Object Repository/Feedback/Page_Checkatrade Give your feedback/span_Search_Member' is present

2020-02-10 13:56:49 - [MESSAGE][PASSED] - Object 'Object Repository/Feedback/Page_Checkatrade Give your feedback/span_Search_Member' is present

2020-02-10 13:56:49 - [TEST_STEP][PASSED] - try:  * * * Trader OR CAT ID Selected, and Returned as Expected!

2020-02-10 13:56:49 - [TEST_STEP][PASSED] - "Try Catch Included 14/08/2019 - Sometimes the Trader isnt returned?   |": null

2020-02-10 13:56:49 - [TEST_STEP][PASSED] - click(findTestObject("Object Repository/Feedback/Page_Checkatrade Give your feedback/span_Search_Member")): Object: 'Object Repository/Feedback/Page_Checkatrade Give your feedback/span_Search_Member' is clicked on

2020-02-10 13:56:51 - [MESSAGE][PASSED] - Object: 'Object Repository/Feedback/Page_Checkatrade Give your feedback/span_Search_Member' is clicked on

2020-02-10 13:56:51 - [TEST_STEP][PASSED] - markPassed(" * * * Trader OR CAT ID Selected, and Returned as Expected!"):  * * * Trader OR CAT ID Selected, and Returned as Expected!

2020-02-10 13:56:51 - [MESSAGE][PASSED] -  * * * Trader OR CAT ID Selected, and Returned as Expected!

2020-02-10 13:56:51 - [MESSAGE][PASSED] - Call Test Case 'Test Cases/Reusable_Test_Sequences/Give_Feedback/Which_Member_to_Review' successfully

2020-02-10 13:56:51 - [TEST_STEP][PASSED] - "--------------------------------------": null

2020-02-10 13:56:51 - [TEST_STEP][PASSED] - " Your Experience (page 1) Processing  |": null

2020-02-10 13:56:51 - [TEST_STEP][PASSED] - callTestCase(findTestCase("Reusable_Test_Sequences/Give_Feedback/Your_Experience/Your_Experience"), [:], CONTINUE_ON_FAILURE): Call Test Case 'Test Cases/Reusable_Test_Sequences/Give_Feedback/Your_Experience/Your_Experience' successfully

2020-02-10 13:56:51 - [TEST_CASE][PASSED] - Test Cases/Reusable_Test_Sequences/Give_Feedback/Your_Experience/Your_Experience: Test Cases/Reusable_Test_Sequences/Give_Feedback/Your_Experience/Your_Experience

2020-02-10 13:56:51 - [TEST_STEP][PASSED] - data = findTestData("Data Files/Give_Feedback (1)"): null

2020-02-10 13:56:51 - [TEST_STEP][PASSED] - YE_Recommend = data.getValue("YE_Recommendations", row): null

2020-02-10 13:56:51 - [TEST_STEP][PASSED] - "---------------------------------------------------------------------------------------": null

2020-02-10 13:56:51 - [TEST_STEP][PASSED] - " Your Experience (page 1) Returned with Recommendation Selection Set to Yes (Default)  |": null

2020-02-10 13:56:51 - [TEST_STEP][PASSED] - "---------------------------------------------------------------------------------------": null

2020-02-10 13:56:51 - [TEST_STEP][PASSED] - "Check URL Is The Correct One :-)": null

2020-02-10 13:56:51 - [TEST_STEP][PASSED] - "---------------------------------------------------------------------------------------": null

2020-02-10 13:56:51 - [TEST_STEP][PASSED] - " Your Experience (page 1) Recommend this trader?                                       |": null

2020-02-10 13:56:51 - [TEST_STEP][PASSED] - callTestCase(findTestCase("Reusable_Test_Sequences/Give_Feedback/Your_Experience/Recommendation_Selection"), [:], CONTINUE_ON_FAILURE): Call Test Case 'Test Cases/Reusable_Test_Sequences/Give_Feedback/Your_Experience/Recommendation_Selection' successfully

2020-02-10 13:56:51 - [TEST_CASE][PASSED] - Test Cases/Reusable_Test_Sequences/Give_Feedback/Your_Experience/Recommendation_Selection: Test Cases/Reusable_Test_Sequences/Give_Feedback/Your_Experience/Recommendation_Selection

2020-02-10 13:56:51 - [TEST_STEP][PASSED] - data = findTestData("Data Files/Give_Feedback (1)"): null

2020-02-10 13:56:51 - [TEST_STEP][PASSED] - YE_Recommend = data.getValue("YE_Recommendations", row): null

2020-02-10 13:56:51 - [TEST_STEP][PASSED] - "--------------------------------": null

2020-02-10 13:56:51 - [TEST_STEP][PASSED] - "Read data from spreadsheet      |": null

2020-02-10 13:56:51 - [TEST_STEP][PASSED] - "--------------------------------": null

2020-02-10 13:56:51 - [TEST_STEP][PASSED] - "--------------------------------": null

2020-02-10 13:56:51 - [TEST_STEP][PASSED] - "Set Recommendation - Yes or No  |": null

2020-02-10 13:56:51 - [TEST_STEP][PASSED] - if (YE_Recommend == "Yes"): null

2020-02-10 13:56:51 - [TEST_STEP][PASSED] - else if (YE_Recommend == "No"): Call Test Case 'Test Cases/Reusable_Test_Sequences/Give_Feedback/Your_Experience/Not_Recommend' successfully

2020-02-10 13:56:51 - [TEST_STEP][PASSED] - waitForElementClickable(findTestObject("Object Repository/Feedback/Page_Checkatrade Give your feedback/Page_Checkatrade Give your feedback/span_No"), 5): Object 'Object Repository/Feedback/Page_Checkatrade Give your feedback/Page_Checkatrade Give your feedback/span_No' is clickable

2020-02-10 13:56:51 - [MESSAGE][PASSED] - Object 'Object Repository/Feedback/Page_Checkatrade Give your feedback/Page_Checkatrade Give your feedback/span_No' is clickable

2020-02-10 13:56:51 - [TEST_STEP][PASSED] - click(findTestObject("Object Repository/Feedback/Page_Checkatrade Give your feedback/Page_Checkatrade Give your feedback/span_No")): Object: 'Object Repository/Feedback/Page_Checkatrade Give your feedback/Page_Checkatrade Give your feedback/span_No' is clicked on

2020-02-10 13:56:51 - [MESSAGE][PASSED] - Object: 'Object Repository/Feedback/Page_Checkatrade Give your feedback/Page_Checkatrade Give your feedback/span_No' is clicked on

2020-02-10 13:56:51 - [TEST_STEP][PASSED] - waitForPageLoad(5): Wait for page load successfully

2020-02-10 13:56:51 - [MESSAGE][PASSED] - Wait for page load successfully

2020-02-10 13:56:51 - [TEST_STEP][PASSED] - callTestCase(findTestCase("Reusable_Test_Sequences/Give_Feedback/Your_Experience/Not_Recommend"), [:], CONTINUE_ON_FAILURE): Call Test Case 'Test Cases/Reusable_Test_Sequences/Give_Feedback/Your_Experience/Not_Recommend' successfully

2020-02-10 13:56:51 - [TEST_CASE][PASSED] - Test Cases/Reusable_Test_Sequences/Give_Feedback/Your_Experience/Not_Recommend: Test Cases/Reusable_Test_Sequences/Give_Feedback/Your_Experience/Not_Recommend

2020-02-10 13:56:52 - [TEST_STEP][PASSED] - data = findTestData("Data Files/Give_Feedback (1)"): null

2020-02-10 13:56:52 - [TEST_STEP][PASSED] - YE_WorkCarriedOut = data.getValue("YE_Work_Carried_Out", row): null

2020-02-10 13:56:52 - [TEST_STEP][PASSED] - YE_NatureOfIssue = data.getValue("YE_Nature_Of_Issue", row): null

2020-02-10 13:56:52 - [TEST_STEP][PASSED] - YE_Comments = data.getValue("YE_Comments", row): null

2020-02-10 13:56:52 - [TEST_STEP][PASSED] - YE_FeedbackPublished = data.getValue("YE_Feedback_Published", row): null

2020-02-10 13:56:52 - [TEST_STEP][PASSED] - YE_ReasonNoFeedback = data.getValue("YE_Reason_No_Feedback", row): null

2020-02-10 13:56:52 - [TEST_STEP][PASSED] - YE_Resolve = data.getValue("YE_Resolve", row): null

2020-02-10 13:56:52 - [TEST_STEP][PASSED] - YE_Recommend = data.getValue("YE_Recommendations", row): null

2020-02-10 13:56:52 - [TEST_STEP][PASSED] - "--------------------------------": null

2020-02-10 13:56:52 - [TEST_STEP][PASSED] - "Read data from spreadsheet      |": null

2020-02-10 13:56:52 - [TEST_STEP][PASSED] - "--------------------------------": null

2020-02-10 13:56:52 - [TEST_STEP][PASSED] - "--------------------------------------": null

2020-02-10 13:56:52 - [TEST_STEP][PASSED] - " Was work carried out/Money Exchanged |": null

2020-02-10 13:56:52 - [TEST_STEP][PASSED] - if (YE_WorkCarriedOut == "No"): null

2020-02-10 13:56:52 - [TEST_STEP][PASSED] - else if (YE_WorkCarriedOut == "Yes"): Wait for page load successfully

2020-02-10 13:56:52 - [TEST_STEP][PASSED] - waitForElementClickable(findTestObject("Feedback_Non_Recommend/Page_Checkatrade Give your feedback/work_Carried_Out_span_Yes"), 25): Object 'Object Repository/Feedback_Non_Recommend/Page_Checkatrade Give your feedback/work_Carried_Out_span_Yes' is clickable

2020-02-10 13:56:53 - [MESSAGE][PASSED] - Object 'Object Repository/Feedback_Non_Recommend/Page_Checkatrade Give your feedback/work_Carried_Out_span_Yes' is clickable

2020-02-10 13:56:53 - [TEST_STEP][PASSED] - click(findTestObject("Feedback_Non_Recommend/Page_Checkatrade Give your feedback/work_Carried_Out_span_Yes")): Object: 'Object Repository/Feedback_Non_Recommend/Page_Checkatrade Give your feedback/work_Carried_Out_span_Yes' is clicked on

2020-02-10 13:56:53 - [MESSAGE][PASSED] - Object: 'Object Repository/Feedback_Non_Recommend/Page_Checkatrade Give your feedback/work_Carried_Out_span_Yes' is clicked on

2020-02-10 13:56:53 - [TEST_STEP][PASSED] - waitForPageLoad(2): Wait for page load successfully

2020-02-10 13:56:53 - [MESSAGE][PASSED] - Wait for page load successfully

2020-02-10 13:56:53 - [TEST_STEP][PASSED] - "--------------------------------------": null

2020-02-10 13:56:53 - [TEST_STEP][PASSED] - " Nature of Issue - Selection Box      |": null

2020-02-10 13:56:53 - [TEST_STEP][PASSED] - waitForElementClickable(findTestObject("Feedback_Non_Recommend/Page_Checkatrade Give your feedback/select_Please Select ShortForm"), 5): Object 'Object Repository/Feedback_Non_Recommend/Page_Checkatrade Give your feedback/select_Please Select ShortForm' is clickable

2020-02-10 13:56:53 - [MESSAGE][PASSED] - Object 'Object Repository/Feedback_Non_Recommend/Page_Checkatrade Give your feedback/select_Please Select ShortForm' is clickable

2020-02-10 13:56:53 - [TEST_STEP][PASSED] - selectOptionByLabel(findTestObject("Feedback_Non_Recommend/Page_Checkatrade Give your feedback/select_Please Select ShortForm"), YE_NatureOfIssue, false): All options with label 'Order Disagreement' are selected in object 'Object Repository/Feedback_Non_Recommend/Page_Checkatrade Give your feedback/select_Please Select ShortForm' 

2020-02-10 13:56:53 - [MESSAGE][PASSED] - All options with label 'Order Disagreement' are selected in object 'Object Repository/Feedback_Non_Recommend/Page_Checkatrade Give your feedback/select_Please Select ShortForm' 

2020-02-10 13:56:53 - [TEST_STEP][PASSED] - "------------------------------------------------": null

2020-02-10 13:56:53 - [TEST_STEP][PASSED] - " Scroll to <NEXT> Button to reveal Text Below   |": null

2020-02-10 13:56:53 - [TEST_STEP][PASSED] - waitForPageLoad(5): Wait for page load successfully

2020-02-10 13:56:53 - [MESSAGE][PASSED] - Wait for page load successfully

2020-02-10 13:56:53 - [TEST_STEP][PASSED] - waitForElementVisible(findTestObject("Feedback_Non_Recommend/Page_Checkatrade Give your feedback/select_Please Select ShortForm"), 25): Object 'Object Repository/Feedback_Non_Recommend/Page_Checkatrade Give your feedback/select_Please Select ShortForm' is visible

2020-02-10 13:56:53 - [MESSAGE][PASSED] - Object 'Object Repository/Feedback_Non_Recommend/Page_Checkatrade Give your feedback/select_Please Select ShortForm' is visible

2020-02-10 13:56:53 - [TEST_STEP][PASSED] - "--------------------------------------": null

2020-02-10 13:56:53 - [TEST_STEP][PASSED] - " Would you like to Publish Feedback?  |": null

2020-02-10 13:56:53 - [TEST_STEP][PASSED] - if (YE_FeedbackPublished == "No"): null

2020-02-10 13:56:53 - [TEST_STEP][PASSED] - else if (YE_FeedbackPublished == "Yes"): Wait for page load successfully

2020-02-10 13:56:53 - [TEST_STEP][PASSED] - if (YE_WorkCarriedOut == "Yes"): Object: 'Object Repository/Feedback_Non_Recommend/Page_Checkatrade Give your feedback/feedback_Published_span_Yes' is clicked on

2020-02-10 13:56:53 - [TEST_STEP][PASSED] - delay(1): Delayed 1 second(s)

2020-02-10 13:56:54 - [MESSAGE][PASSED] - Delayed 1 second(s)

2020-02-10 13:56:54 - [TEST_STEP][PASSED] - waitForElementClickable(findTestObject("Feedback_Non_Recommend/Page_Checkatrade Give your feedback/feedback_Published_span_Yes"), 25): Object 'Object Repository/Feedback_Non_Recommend/Page_Checkatrade Give your feedback/feedback_Published_span_Yes' is clickable

2020-02-10 13:56:55 - [MESSAGE][PASSED] - Object 'Object Repository/Feedback_Non_Recommend/Page_Checkatrade Give your feedback/feedback_Published_span_Yes' is clickable

2020-02-10 13:56:55 - [TEST_STEP][PASSED] - click(findTestObject("Feedback_Non_Recommend/Page_Checkatrade Give your feedback/feedback_Published_span_Yes")): Object: 'Object Repository/Feedback_Non_Recommend/Page_Checkatrade Give your feedback/feedback_Published_span_Yes' is clicked on

2020-02-10 13:56:55 - [MESSAGE][PASSED] - Object: 'Object Repository/Feedback_Non_Recommend/Page_Checkatrade Give your feedback/feedback_Published_span_Yes' is clicked on

2020-02-10 13:56:55 - [TEST_STEP][PASSED] - if (YE_WorkCarriedOut == "No"): null

2020-02-10 13:56:55 - [TEST_STEP][PASSED] - waitForPageLoad(60): Wait for page load successfully

2020-02-10 13:56:55 - [MESSAGE][PASSED] - Wait for page load successfully

2020-02-10 13:56:55 - [TEST_STEP][PASSED] - delay(2): Delayed 2 second(s)

2020-02-10 13:56:57 - [MESSAGE][PASSED] - Delayed 2 second(s)

2020-02-10 13:56:57 - [TEST_STEP][PASSED] - verifyTextPresent("By ticking ‘Yes’ you are giving us permission to contact the trade to discuss the issue", false): Text 'By ticking ‘Yes’ you are giving us permission to contact the trade to discuss the issue' is present on page 

2020-02-10 13:56:57 - [MESSAGE][PASSED] - Text 'By ticking ‘Yes’ you are giving us permission to contact the trade to discuss the issue' is present on page 

2020-02-10 13:56:57 - [TEST_STEP][PASSED] - if (YE_Resolve == "Yes"): null

2020-02-10 13:56:57 - [TEST_STEP][PASSED] - else if (YE_Resolve == "No"): Wait for page load successfully

2020-02-10 13:56:57 - [TEST_STEP][PASSED] - waitForElementClickable(findTestObject("Feedback_Non_Recommend/Page_Checkatrade Give your feedback/attempt_Resolution_span_No"), 25): Object 'Object Repository/Feedback_Non_Recommend/Page_Checkatrade Give your feedback/attempt_Resolution_span_No' is clickable

2020-02-10 13:56:57 - [MESSAGE][PASSED] - Object 'Object Repository/Feedback_Non_Recommend/Page_Checkatrade Give your feedback/attempt_Resolution_span_No' is clickable

2020-02-10 13:56:57 - [TEST_STEP][PASSED] - click(findTestObject("Feedback_Non_Recommend/Page_Checkatrade Give your feedback/attempt_Resolution_span_No")): Object: 'Object Repository/Feedback_Non_Recommend/Page_Checkatrade Give your feedback/attempt_Resolution_span_No' is clicked on

2020-02-10 13:56:58 - [MESSAGE][PASSED] - Object: 'Object Repository/Feedback_Non_Recommend/Page_Checkatrade Give your feedback/attempt_Resolution_span_No' is clicked on

2020-02-10 13:56:58 - [TEST_STEP][PASSED] - waitForPageLoad(2): Wait for page load successfully

2020-02-10 13:56:58 - [MESSAGE][PASSED] - Wait for page load successfully

2020-02-10 13:56:58 - [TEST_STEP][PASSED] - delay(1): Delayed 1 second(s)

2020-02-10 13:56:59 - [MESSAGE][PASSED] - Delayed 1 second(s)

2020-02-10 13:56:59 - [MESSAGE][PASSED] - Call Test Case 'Test Cases/Reusable_Test_Sequences/Give_Feedback/Your_Experience/Not_Recommend' successfully

2020-02-10 13:56:59 - [TEST_STEP][PASSED] - out.println("Your Experience, Recommendation, Click on the <" + YE_Recommend + "> Option Button "): null

2020-02-10 13:56:59 - [TEST_STEP][PASSED] - waitForPageLoad(60): Wait for page load successfully

2020-02-10 13:56:59 - [MESSAGE][PASSED] - Wait for page load successfully

2020-02-10 13:56:59 - [MESSAGE][PASSED] - Call Test Case 'Test Cases/Reusable_Test_Sequences/Give_Feedback/Your_Experience/Recommendation_Selection' successfully

2020-02-10 13:56:59 - [TEST_STEP][PASSED] - "---------------------------------------------------------------------------------------": null

2020-02-10 13:56:59 - [TEST_STEP][PASSED] - " SELECTING _ NO Recommend Restructures this PAGE, So need to exclude the below tests  ": null

2020-02-10 13:56:59 - [TEST_STEP][PASSED] - if (YE_Recommend == "Yes"): null

2020-02-10 13:56:59 - [TEST_STEP][PASSED] - "---------------------------------------------------------------------------------------------------------": null

2020-02-10 13:56:59 - [TEST_STEP][PASSED] - " Your Experience (page 1) Hit <Next> Button to Continue to <Your Scores>- (page 2) If Recommend = YES    |": null

2020-02-10 13:56:59 - [TEST_STEP][PASSED] - "                                                        OR <Your Details>-(page 3) If Recommend = NO     |": null

2020-02-10 13:56:59 - [TEST_STEP][PASSED] - callTestCase(findTestCase("Reusable_Test_Sequences/Give_Feedback/Hit_Next"), [:], CONTINUE_ON_FAILURE): Call Test Case 'Test Cases/Reusable_Test_Sequences/Give_Feedback/Hit_Next' successfully

2020-02-10 13:56:59 - [TEST_CASE][PASSED] - Test Cases/Reusable_Test_Sequences/Give_Feedback/Hit_Next: Test Cases/Reusable_Test_Sequences/Give_Feedback/Hit_Next

2020-02-10 13:56:59 - [TEST_STEP][PASSED] - click(findTestObject("Object Repository/Page_Checkatrade Give your feedback/input_No_ctl00contentButton4")): Object: 'Object Repository/Page_Checkatrade Give your feedback/input_No_ctl00contentButton4' is clicked on

2020-02-10 13:57:01 - [MESSAGE][PASSED] - Object: 'Object Repository/Page_Checkatrade Give your feedback/input_No_ctl00contentButton4' is clicked on

2020-02-10 13:57:01 - [TEST_STEP][PASSED] - waitForPageLoad(2): Wait for page load successfully

2020-02-10 13:57:01 - [MESSAGE][PASSED] - Wait for page load successfully

2020-02-10 13:57:01 - [MESSAGE][PASSED] - Call Test Case 'Test Cases/Reusable_Test_Sequences/Give_Feedback/Hit_Next' successfully

2020-02-10 13:57:01 - [TEST_STEP][PASSED] - waitForPageLoad(2): Wait for page load successfully

2020-02-10 13:57:01 - [MESSAGE][PASSED] - Wait for page load successfully

2020-02-10 13:57:01 - [MESSAGE][PASSED] - Call Test Case 'Test Cases/Reusable_Test_Sequences/Give_Feedback/Your_Experience/Your_Experience' successfully

2020-02-10 13:57:01 - [TEST_STEP][PASSED] - "--------------------------------------": null

2020-02-10 13:57:01 - [TEST_STEP][PASSED] - " Your Scores (page 2) Processing      |": null

2020-02-10 13:57:01 - [TEST_STEP][PASSED] - YE_Recommend = data.getValue("YE_Recommendations", row): null

2020-02-10 13:57:01 - [TEST_STEP][PASSED] - YE_WorkCarriedOut = data.getValue("YE_Work_Carried_Out", row): null

2020-02-10 13:57:01 - [TEST_STEP][PASSED] - if (YE_Recommend == "Yes"): null

2020-02-10 13:57:01 - [TEST_STEP][PASSED] - if (YE_Recommend == "No" && YE_WorkCarriedOut == "Yes"): Call Test Case 'Test Cases/Reusable_Test_Sequences/Give_Feedback/Your_Scores/Your_Scores_Alt' successfully

2020-02-10 13:57:01 - [TEST_STEP][PASSED] - callTestCase(findTestCase("Reusable_Test_Sequences/Give_Feedback/Your_Scores/Your_Scores_Alt"), [:], CONTINUE_ON_FAILURE): Call Test Case 'Test Cases/Reusable_Test_Sequences/Give_Feedback/Your_Scores/Your_Scores_Alt' successfully

2020-02-10 13:57:02 - [TEST_CASE][PASSED] - Test Cases/Reusable_Test_Sequences/Give_Feedback/Your_Scores/Your_Scores_Alt: Test Cases/Reusable_Test_Sequences/Give_Feedback/Your_Scores/Your_Scores_Alt

2020-02-10 13:57:02 - [TEST_STEP][PASSED] - "------------------------------------------------------------------------------------------": null

2020-02-10 13:57:02 - [TEST_STEP][PASSED] - " Your Scores (page 2) Returned with 2 Main Sections - <Your Scores> and <Details of Work> |": null

2020-02-10 13:57:02 - [TEST_STEP][PASSED] - "                                             Tidiness Listbox Selection, NA, 0 through 10 |": null

2020-02-10 13:57:02 - [TEST_STEP][PASSED] - "------------------------------------------------------------------------------------------": null

2020-02-10 13:57:02 - [TEST_STEP][PASSED] - "------------------------------------------------------------------------------------------": null

2020-02-10 13:57:02 - [TEST_STEP][PASSED] - " Your Scores (page 2) Returned with 2 Main Sections - <Your Scores> and <Details of Work> |": null

2020-02-10 13:57:02 - [TEST_STEP][PASSED] - "                          Reliability and Timekeeping Listbox Selection, NA, 0 through 10 |": null

2020-02-10 13:57:02 - [TEST_STEP][PASSED] - "------------------------------------------------------------------------------------------": null

2020-02-10 13:57:02 - [TEST_STEP][PASSED] - "------------------------------------------------------------------------------------------": null

2020-02-10 13:57:02 - [TEST_STEP][PASSED] - " Your Scores (page 2) Returned with 2 Main Sections - <Your Scores> and <Details of Work> |": null

2020-02-10 13:57:02 - [TEST_STEP][PASSED] - "                                             Courtesy Listbox Selection, NA, 0 through 10 |": null

2020-02-10 13:57:02 - [TEST_STEP][PASSED] - "------------------------------------------------------------------------------------------": null

2020-02-10 13:57:02 - [TEST_STEP][PASSED] - "------------------------------------------------------------------------------------------": null

2020-02-10 13:57:02 - [TEST_STEP][PASSED] - " Your Scores (page 2) Returned with 2 Main Sections - <Your Scores> and <Details of Work> |": null

2020-02-10 13:57:02 - [TEST_STEP][PASSED] - "                                     Standard of Work Listbox Selection, NA, 0 through 10 |": null

2020-02-10 13:57:02 - [TEST_STEP][PASSED] - callTestCase(findTestCase("Reusable_Test_Sequences/Give_Feedback/Your_Scores/Your_Scores_List_Box_Selection_Alt"), [:], CONTINUE_ON_FAILURE): Call Test Case 'Test Cases/Reusable_Test_Sequences/Give_Feedback/Your_Scores/Your_Scores_List_Box_Selection_Alt' successfully

2020-02-10 13:57:02 - [TEST_CASE][PASSED] - Test Cases/Reusable_Test_Sequences/Give_Feedback/Your_Scores/Your_Scores_List_Box_Selection_Alt: Test Cases/Reusable_Test_Sequences/Give_Feedback/Your_Scores/Your_Scores_List_Box_Selection_Alt

2020-02-10 13:57:02 - [TEST_STEP][PASSED] - data = findTestData("Data Files/Give_Feedback (1)"): null

2020-02-10 13:57:02 - [TEST_STEP][PASSED] - YS_Tidiness = data.getValue("YS_Tidiness_ALT", row): null

2020-02-10 13:57:02 - [TEST_STEP][PASSED] - YS_Reliability = data.getValue("YS_Reliability_ALT", row): null

2020-02-10 13:57:02 - [TEST_STEP][PASSED] - YS_Courtesy = data.getValue("YS_Courtesy_ALT", row): null

2020-02-10 13:57:02 - [TEST_STEP][PASSED] - YS_Workmanship = data.getValue("YS_Workmanship_ALT", row): null

2020-02-10 13:57:02 - [TEST_STEP][PASSED] - "--------------------------------": null

2020-02-10 13:57:02 - [TEST_STEP][PASSED] - "Read data from spreadsheet      |": null

2020-02-10 13:57:02 - [TEST_STEP][PASSED] - "--------------------------------": null

2020-02-10 13:57:02 - [TEST_STEP][PASSED] - "------------------------------------------------------": null

2020-02-10 13:57:02 - [TEST_STEP][PASSED] - " Wait Fro Top ListBox to be Active/Clickable          |": null

2020-02-10 13:57:02 - [TEST_STEP][PASSED] - "------------------------------------------------------": null

2020-02-10 13:57:02 - [TEST_STEP][PASSED] - "------------------------------------------------------": null

2020-02-10 13:57:02 - [TEST_STEP][PASSED] - "Select Tidiness Value form List                       |": null

2020-02-10 13:57:02 - [TEST_STEP][PASSED] - selectOptionByValue(findTestObject("Feedback_Non_Recommend/Page_Checkatrade Give your feedback/select_--YS_Tidiness"), YS_Tidiness, false): All options with value '5' are selected in object 'Object Repository/Feedback_Non_Recommend/Page_Checkatrade Give your feedback/select_--YS_Tidiness' 

2020-02-10 13:57:03 - [MESSAGE][PASSED] - All options with value '5' are selected in object 'Object Repository/Feedback_Non_Recommend/Page_Checkatrade Give your feedback/select_--YS_Tidiness' 

2020-02-10 13:57:03 - [TEST_STEP][PASSED] - waitForPageLoad(2): Wait for page load successfully

2020-02-10 13:57:03 - [MESSAGE][PASSED] - Wait for page load successfully

2020-02-10 13:57:03 - [TEST_STEP][PASSED] - "------------------------------------------------------": null

2020-02-10 13:57:03 - [TEST_STEP][PASSED] - "Select Reliability and Timekeeping Value form List    |": null

2020-02-10 13:57:03 - [TEST_STEP][PASSED] - selectOptionByValue(findTestObject("Feedback_Non_Recommend/Page_Checkatrade Give your feedback/select_--YS_Reliability"), YS_Reliability, false): All options with value '8' are selected in object 'Object Repository/Feedback_Non_Recommend/Page_Checkatrade Give your feedback/select_--YS_Reliability' 

2020-02-10 13:57:03 - [MESSAGE][PASSED] - All options with value '8' are selected in object 'Object Repository/Feedback_Non_Recommend/Page_Checkatrade Give your feedback/select_--YS_Reliability' 

2020-02-10 13:57:03 - [TEST_STEP][PASSED] - waitForPageLoad(2): Wait for page load successfully

2020-02-10 13:57:03 - [MESSAGE][PASSED] - Wait for page load successfully

2020-02-10 13:57:03 - [TEST_STEP][PASSED] - "------------------------------------------------------": null

2020-02-10 13:57:03 - [TEST_STEP][PASSED] - "Select Courtesy Value form List                       |": null

2020-02-10 13:57:03 - [TEST_STEP][PASSED] - selectOptionByValue(findTestObject("Feedback_Non_Recommend/Page_Checkatrade Give your feedback/select_--YS_Courtesy"), YS_Reliability, false): All options with value '8' are selected in object 'Object Repository/Feedback_Non_Recommend/Page_Checkatrade Give your feedback/select_--YS_Courtesy' 

2020-02-10 13:57:04 - [MESSAGE][PASSED] - All options with value '8' are selected in object 'Object Repository/Feedback_Non_Recommend/Page_Checkatrade Give your feedback/select_--YS_Courtesy' 

2020-02-10 13:57:04 - [TEST_STEP][PASSED] - waitForPageLoad(2): Wait for page load successfully

2020-02-10 13:57:04 - [MESSAGE][PASSED] - Wait for page load successfully

2020-02-10 13:57:04 - [TEST_STEP][PASSED] - "------------------------------------------------------": null

2020-02-10 13:57:04 - [TEST_STEP][PASSED] - "Select Quality and Workmanship Value form List        |": null

2020-02-10 13:57:04 - [TEST_STEP][PASSED] - selectOptionByValue(findTestObject("Feedback_Non_Recommend/Page_Checkatrade Give your feedback/select_--YS_Workmanship"), YS_Workmanship, false): All options with value '10' are selected in object 'Object Repository/Feedback_Non_Recommend/Page_Checkatrade Give your feedback/select_--YS_Workmanship' 

2020-02-10 13:57:04 - [MESSAGE][PASSED] - All options with value '10' are selected in object 'Object Repository/Feedback_Non_Recommend/Page_Checkatrade Give your feedback/select_--YS_Workmanship' 

2020-02-10 13:57:04 - [TEST_STEP][PASSED] - delay(1): Delayed 1 second(s)

2020-02-10 13:57:05 - [MESSAGE][PASSED] - Delayed 1 second(s)

2020-02-10 13:57:05 - [MESSAGE][PASSED] - Call Test Case 'Test Cases/Reusable_Test_Sequences/Give_Feedback/Your_Scores/Your_Scores_List_Box_Selection_Alt' successfully

2020-02-10 13:57:05 - [TEST_STEP][PASSED] - "------------------------------------------------------------------------------------------": null

2020-02-10 13:57:05 - [TEST_STEP][PASSED] - " Your Scores (page 2) Returned with 2 Main Sections - <Your Scores> and <Details of Work> |": null

2020-02-10 13:57:05 - [TEST_STEP][PASSED] - " Details of Work Done - Form FIll<Description>,<Approx. date>,<How Long>, <Comments> and  |": null

2020-02-10 13:57:05 - [TEST_STEP][PASSED] - "                                                               <Feedback Publish Confirm> |": null

2020-02-10 13:57:05 - [TEST_STEP][PASSED] - callTestCase(findTestCase("Reusable_Test_Sequences/Give_Feedback/Your_Scores/Details_of_work_Done_Formfill_ALT"), [:], CONTINUE_ON_FAILURE): Call Test Case 'Test Cases/Reusable_Test_Sequences/Give_Feedback/Your_Scores/Details_of_work_Done_Formfill_ALT' successfully

2020-02-10 13:57:05 - [TEST_CASE][PASSED] - Test Cases/Reusable_Test_Sequences/Give_Feedback/Your_Scores/Details_of_work_Done_Formfill_ALT: Test Cases/Reusable_Test_Sequences/Give_Feedback/Your_Scores/Details_of_work_Done_Formfill_ALT

2020-02-10 13:57:06 - [TEST_STEP][PASSED] - data = findTestData("Data Files/Give_Feedback (1)"): null

2020-02-10 13:57:06 - [TEST_STEP][PASSED] - YS_Work_Description = data.getValue("YS_Work_Description", row): null

2020-02-10 13:57:06 - [TEST_STEP][PASSED] - YS_Work_Date = data.getValue("YS_Work_Date", row): null

2020-02-10 13:57:06 - [TEST_STEP][PASSED] - YS_Days_to_Complete = data.getValue("YS_Days_to_Complete", row): null

2020-02-10 13:57:06 - [TEST_STEP][PASSED] - YS_Work_Comments = data.getValue("YS_Work_Comments", row): null

2020-02-10 13:57:06 - [TEST_STEP][PASSED] - YS_Feedback_Published = data.getValue("YS_Feedback_Published", row): null

2020-02-10 13:57:06 - [TEST_STEP][PASSED] - YS_Work_Covered = data.getValue("YS_Work_Covered_ALT", row): null

2020-02-10 13:57:06 - [TEST_STEP][PASSED] - YS_Discussed_Complaint = data.getValue("YS_Discussed_Complaint_ALT", row): null

2020-02-10 13:57:06 - [TEST_STEP][PASSED] - YS_Complaint_Response = data.getValue("YS_Complaint_Reponse_ALT", row): null

2020-02-10 13:57:06 - [TEST_STEP][PASSED] - "---------------------------------": null

2020-02-10 13:57:06 - [TEST_STEP][PASSED] - "Read data from spreadsheet       |": null

2020-02-10 13:57:06 - [TEST_STEP][PASSED] - "---------------------------------": null

2020-02-10 13:57:06 - [TEST_STEP][PASSED] - "---------------------------------": null

2020-02-10 13:57:06 - [TEST_STEP][PASSED] - "Brief description of work done   |": null

2020-02-10 13:57:06 - [TEST_STEP][PASSED] - setText(findTestObject("Object Repository/Page_Checkatrade Give your feedback/input_Brief description of work done_ctl00contenttbWorkDescription"), YS_Work_Description): Text 'Parrot had a new right leg fitted' is set on object 'Object Repository/Page_Checkatrade Give your feedback/input_Brief description of work done_ctl00contenttbWorkDescription'

2020-02-10 13:57:06 - [MESSAGE][PASSED] - Text 'Parrot had a new right leg fitted' is set on object 'Object Repository/Page_Checkatrade Give your feedback/input_Brief description of work done_ctl00contenttbWorkDescription'

2020-02-10 13:57:06 - [TEST_STEP][PASSED] - "---------------------------------": null

2020-02-10 13:57:06 - [TEST_STEP][PASSED] - "Date work was done (approx)      |": null

2020-02-10 13:57:06 - [TEST_STEP][PASSED] - "---------------------------------": null

2020-02-10 13:57:06 - [TEST_STEP][PASSED] - "---------------------------------": null

2020-02-10 13:57:06 - [TEST_STEP][PASSED] - "How many days did this job take? |": null

2020-02-10 13:57:06 - [TEST_STEP][PASSED] - setText(findTestObject("Object Repository/Page_Checkatrade Give your feedback/input_How many days did this job take"), YS_Days_to_Complete): Text '157' is set on object 'Object Repository/Page_Checkatrade Give your feedback/input_How many days did this job take'

2020-02-10 13:57:07 - [MESSAGE][PASSED] - Text '157' is set on object 'Object Repository/Page_Checkatrade Give your feedback/input_How many days did this job take'

2020-02-10 13:57:07 - [TEST_STEP][PASSED] - "---------------------------------": null

2020-02-10 13:57:07 - [TEST_STEP][PASSED] - "Your comments about the work     |": null

2020-02-10 13:57:07 - [TEST_STEP][PASSED] - setText(findTestObject("Object Repository/Page_Checkatrade Give your feedback/textarea_Your comments about the work_ctl00contenttbWorkComments"), YS_Work_Comments): Text 'Parrot had to wait so long for a new leg?' is set on object 'Object Repository/Page_Checkatrade Give your feedback/textarea_Your comments about the work_ctl00contenttbWorkComments'

2020-02-10 13:57:07 - [MESSAGE][PASSED] - Text 'Parrot had to wait so long for a new leg?' is set on object 'Object Repository/Page_Checkatrade Give your feedback/textarea_Your comments about the work_ctl00contenttbWorkComments'

2020-02-10 13:57:07 - [TEST_STEP][PASSED] - "---------------------------------------": null

2020-02-10 13:57:07 - [TEST_STEP][PASSED] - " Scroll Bottom of Page Into View <Next>|": null

2020-02-10 13:57:07 - [TEST_STEP][PASSED] - scrollToPosition(500, 500): Browser is scrolled to position x = 500, y = 500

2020-02-10 13:57:07 - [MESSAGE][PASSED] - Browser is scrolled to position x = 500, y = 500

2020-02-10 13:57:07 - [TEST_STEP][PASSED] - "---------------------------------------": null

2020-02-10 13:57:07 - [TEST_STEP][PASSED] - " Work is Guaranteed       - Yes or No  |": null

2020-02-10 13:57:07 - [TEST_STEP][PASSED] - if (YS_Work_Covered == "Yes"): null

2020-02-10 13:57:07 - [TEST_STEP][PASSED] - else if (YS_Work_Covered == "No"): Object: 'Object Repository/Feedback_Non_Recommend/Page_Checkatrade Give your feedback/Warranty_Cover_span_No' is clicked on

2020-02-10 13:57:07 - [TEST_STEP][PASSED] - waitForElementClickable(findTestObject("Feedback_Non_Recommend/Page_Checkatrade Give your feedback/Warranty_Cover_span_No"), 2): Object 'Object Repository/Feedback_Non_Recommend/Page_Checkatrade Give your feedback/Warranty_Cover_span_No' is clickable

2020-02-10 13:57:07 - [MESSAGE][PASSED] - Object 'Object Repository/Feedback_Non_Recommend/Page_Checkatrade Give your feedback/Warranty_Cover_span_No' is clickable

2020-02-10 13:57:07 - [TEST_STEP][PASSED] - click(findTestObject("Feedback_Non_Recommend/Page_Checkatrade Give your feedback/Warranty_Cover_span_No")): Object: 'Object Repository/Feedback_Non_Recommend/Page_Checkatrade Give your feedback/Warranty_Cover_span_No' is clicked on

2020-02-10 13:57:08 - [MESSAGE][PASSED] - Object: 'Object Repository/Feedback_Non_Recommend/Page_Checkatrade Give your feedback/Warranty_Cover_span_No' is clicked on

2020-02-10 13:57:08 - [TEST_STEP][PASSED] - waitForPageLoad(25): Wait for page load successfully

2020-02-10 13:57:08 - [MESSAGE][PASSED] - Wait for page load successfully

2020-02-10 13:57:08 - [TEST_STEP][PASSED] - "---------------------------------------": null

2020-02-10 13:57:08 - [TEST_STEP][PASSED] - " Complaint Discussed      - Yes or No  |": null

2020-02-10 13:57:08 - [TEST_STEP][PASSED] - if (YS_Discussed_Complaint == "Yes"): null

2020-02-10 13:57:08 - [TEST_STEP][PASSED] - else if (YS_Discussed_Complaint == "No"): Text 'discuss your concerns directly with the business' is present on page 

2020-02-10 13:57:08 - [TEST_STEP][PASSED] - waitForElementClickable(findTestObject("Feedback_Non_Recommend/Page_Checkatrade Give your feedback/Discussed_Complaint_span_No"), 25): Object 'Object Repository/Feedback_Non_Recommend/Page_Checkatrade Give your feedback/Discussed_Complaint_span_No' is clickable

2020-02-10 13:57:08 - [MESSAGE][PASSED] - Object 'Object Repository/Feedback_Non_Recommend/Page_Checkatrade Give your feedback/Discussed_Complaint_span_No' is clickable

2020-02-10 13:57:08 - [TEST_STEP][PASSED] - click(findTestObject("Feedback_Non_Recommend/Page_Checkatrade Give your feedback/Discussed_Complaint_span_No")): Object: 'Object Repository/Feedback_Non_Recommend/Page_Checkatrade Give your feedback/Discussed_Complaint_span_No' is clicked on

2020-02-10 13:57:08 - [MESSAGE][PASSED] - Object: 'Object Repository/Feedback_Non_Recommend/Page_Checkatrade Give your feedback/Discussed_Complaint_span_No' is clicked on

2020-02-10 13:57:08 - [TEST_STEP][PASSED] - delay(1): Delayed 1 second(s)

2020-02-10 13:57:09 - [MESSAGE][PASSED] - Delayed 1 second(s)

2020-02-10 13:57:09 - [TEST_STEP][PASSED] - waitForPageLoad(25): Wait for page load successfully

2020-02-10 13:57:09 - [MESSAGE][PASSED] - Wait for page load successfully

2020-02-10 13:57:09 - [TEST_STEP][PASSED] - verifyTextPresent("discuss your concerns directly with the business", false): Text 'discuss your concerns directly with the business' is present on page 

2020-02-10 13:57:09 - [MESSAGE][PASSED] - Text 'discuss your concerns directly with the business' is present on page 

2020-02-10 13:57:09 - [TEST_STEP][PASSED] - "--------------------------------": null

2020-02-10 13:57:09 - [TEST_STEP][PASSED] - delay(1): Delayed 1 second(s)

2020-02-10 13:57:10 - [MESSAGE][PASSED] - Delayed 1 second(s)

2020-02-10 13:57:10 - [TEST_STEP][PASSED] - "---------------------------------": null

2020-02-10 13:57:10 - [TEST_STEP][PASSED] - "Your comments about the work     |": null

2020-02-10 13:57:10 - [TEST_STEP][PASSED] - click(findTestObject("Object Repository/Page_Checkatrade Give your feedback/input_No_ctl00contentButton6")): Object: 'Object Repository/Page_Checkatrade Give your feedback/input_No_ctl00contentButton6' is clicked on

2020-02-10 13:57:11 - [MESSAGE][PASSED] - Object: 'Object Repository/Page_Checkatrade Give your feedback/input_No_ctl00contentButton6' is clicked on

2020-02-10 13:57:11 - [MESSAGE][PASSED] - Call Test Case 'Test Cases/Reusable_Test_Sequences/Give_Feedback/Your_Scores/Details_of_work_Done_Formfill_ALT' successfully

2020-02-10 13:57:11 - [TEST_STEP][PASSED] - scrollToPosition(125, 0): Browser is scrolled to position x = 125, y = 0

2020-02-10 13:57:11 - [MESSAGE][PASSED] - Browser is scrolled to position x = 125, y = 0

2020-02-10 13:57:11 - [TEST_STEP][PASSED] - "------------------------------------------------------------------------------------------": null

2020-02-10 13:57:11 - [TEST_STEP][PASSED] - " Your Experience (page 2) Hit <Next> Button to Continue to <Your Details>- (page 3)       |": null

2020-02-10 13:57:11 - [TEST_STEP][PASSED] - try: null

2020-02-10 13:57:11 - [TEST_STEP][PASSED] - callTestCase(findTestCase("Reusable_Test_Sequences/Give_Feedback/Your_Scores/Hit_Next"), 1): null

2020-02-10 13:57:11 - [TEST_STEP][PASSED] - catch (Exception e): null

2020-02-10 13:57:11 - [MESSAGE][PASSED] - Call Test Case 'Test Cases/Reusable_Test_Sequences/Give_Feedback/Your_Scores/Your_Scores_Alt' successfully

2020-02-10 13:57:11 - [TEST_STEP][PASSED] - "--------------------------------------": null

2020-02-10 13:57:11 - [TEST_STEP][PASSED] - " Your Details (page 3) Processing     |": null

2020-02-10 13:57:11 - [TEST_STEP][PASSED] - callTestCase(findTestCase("Reusable_Test_Sequences/Give_Feedback/Your_Details/Your_Details"), [:], CONTINUE_ON_FAILURE): Call Test Case 'Test Cases/Reusable_Test_Sequences/Give_Feedback/Your_Details/Your_Details' successfully

2020-02-10 13:57:11 - [TEST_CASE][PASSED] - Test Cases/Reusable_Test_Sequences/Give_Feedback/Your_Details/Your_Details: Test Cases/Reusable_Test_Sequences/Give_Feedback/Your_Details/Your_Details

2020-02-10 13:57:11 - [TEST_STEP][PASSED] - "---------------------------------------------------------------------------------------": null

2020-02-10 13:57:11 - [TEST_STEP][PASSED] - " Your Details (page 3)                                                                 |": null

2020-02-10 13:57:11 - [TEST_STEP][PASSED] - "---------------------------------------------------------------------------------------": null

2020-02-10 13:57:11 - [TEST_STEP][PASSED] - "-------------------------------------": null

2020-02-10 13:57:11 - [TEST_STEP][PASSED] - " Consumer or Customer Selection      |": null

2020-02-10 13:57:11 - [TEST_STEP][PASSED] - callTestCase(findTestCase("Reusable_Test_Sequences/Give_Feedback/Your_Details/Consumer_or_Customer_Selection"), [:], STOP_ON_FAILURE): Call Test Case 'Test Cases/Reusable_Test_Sequences/Give_Feedback/Your_Details/Consumer_or_Customer_Selection' successfully

2020-02-10 13:57:11 - [TEST_CASE][PASSED] - Test Cases/Reusable_Test_Sequences/Give_Feedback/Your_Details/Consumer_or_Customer_Selection: Test Cases/Reusable_Test_Sequences/Give_Feedback/Your_Details/Consumer_or_Customer_Selection

2020-02-10 13:57:11 - [TEST_STEP][PASSED] - "--------------------------------": null

2020-02-10 13:57:11 - [TEST_STEP][PASSED] - "Read data from spreadsheet      |": null

2020-02-10 13:57:11 - [TEST_STEP][PASSED] - data = findTestData("Data Files/Give_Feedback (1)"): null

2020-02-10 13:57:11 - [TEST_STEP][PASSED] - YD_Consumer_Customer = data.getValue("YD_Consumer_Customer", row): null

2020-02-10 13:57:11 - [TEST_STEP][PASSED] - out.println("Your Details, Consumer OR Trade Customer, Click on the " + YD_Consumer_Customer + " Option Button "): null

2020-02-10 13:57:11 - [TEST_STEP][PASSED] - try: null

2020-02-10 13:57:11 - [TEST_STEP][PASSED] - if (YD_Consumer_Customer == "Consumer"): Object 'Object Repository/Page_Checkatrade Give your feedback/span_an individual consumer' is clickable

2020-02-10 13:57:12 - [MESSAGE][PASSED] - Object 'Object Repository/Page_Checkatrade Give your feedback/span_an individual consumer' is clickable

2020-02-10 13:57:12 - [TEST_STEP][PASSED] - click(findTestObject("Object Repository/Page_Checkatrade Give your feedback/span_an individual consumer"), 1): null

2020-02-10 13:57:12 - [TEST_STEP][PASSED] - catch (Exception e): null

2020-02-10 13:57:12 - [TEST_STEP][PASSED] - if (YD_Consumer_Customer == "Customer"): null

2020-02-10 13:57:12 - [TEST_STEP][PASSED] - out.println("Your Experience, Recommendation, Click on the " + YD_Consumer_Customer + " Option Button "): null

2020-02-10 13:57:12 - [MESSAGE][PASSED] - Call Test Case 'Test Cases/Reusable_Test_Sequences/Give_Feedback/Your_Details/Consumer_or_Customer_Selection' successfully

2020-02-10 13:57:12 - [TEST_STEP][PASSED] - "-------------------------------------": null

2020-02-10 13:57:12 - [TEST_STEP][PASSED] - " Fill Personal Details               |": null

2020-02-10 13:57:12 - [TEST_STEP][PASSED] - callTestCase(findTestCase("Reusable_Test_Sequences/Give_Feedback/Your_Details/Personal_Details_Formfill"), [:], STOP_ON_FAILURE): Call Test Case 'Test Cases/Reusable_Test_Sequences/Give_Feedback/Your_Details/Personal_Details_Formfill' successfully

2020-02-10 13:57:12 - [TEST_CASE][PASSED] - Test Cases/Reusable_Test_Sequences/Give_Feedback/Your_Details/Personal_Details_Formfill: Test Cases/Reusable_Test_Sequences/Give_Feedback/Your_Details/Personal_Details_Formfill

2020-02-10 13:57:12 - [TEST_STEP][PASSED] - "--------------------------------": null

2020-02-10 13:57:12 - [TEST_STEP][PASSED] - "Read data from spreadsheet      |": null

2020-02-10 13:57:12 - [TEST_STEP][PASSED] - data = findTestData("Data Files/Give_Feedback (1)"): null

2020-02-10 13:57:12 - [TEST_STEP][PASSED] - YD_Salutation = data.getValue("YD_Salutation", row): null

2020-02-10 13:57:12 - [TEST_STEP][PASSED] - YD_Name = data.getValue("YD_Name", row): null

2020-02-10 13:57:12 - [TEST_STEP][PASSED] - YD_Company_Name = data.getValue("YD_Company_Name", row): null

2020-02-10 13:57:12 - [TEST_STEP][PASSED] - YD_Postcode = data.getValue("YD_Postcode", row): null

2020-02-10 13:57:12 - [TEST_STEP][PASSED] - YD_Verify_Address = data.getValue("YD_Verify_Address", row): null

2020-02-10 13:57:12 - [TEST_STEP][PASSED] - YD_Consumer_Customer = data.getValue("YD_Consumer_Customer", row): null

2020-02-10 13:57:12 - [TEST_STEP][PASSED] - out.println("Your Experience, Your details, Set the " + YD_Salutation + " Text Box "): null

2020-02-10 13:57:12 - [TEST_STEP][PASSED] - "--------------------": null

2020-02-10 13:57:12 - [TEST_STEP][PASSED] - "  Set  Salutation   |": null

2020-02-10 13:57:12 - [TEST_STEP][PASSED] - delay(1): Delayed 1 second(s)

2020-02-10 13:57:13 - [MESSAGE][PASSED] - Delayed 1 second(s)

2020-02-10 13:57:13 - [TEST_STEP][PASSED] - selectOptionByValue(findTestObject("Object Repository/New Folder/Page_Checkatrade Give your feedback/select_MrMrsMissMsMr  MrsDrRevRevd"), YD_Salutation, true): All options with value 'Mr' are selected in object 'Object Repository/New Folder/Page_Checkatrade Give your feedback/select_MrMrsMissMsMr  MrsDrRevRevd'  using regular expression

2020-02-10 13:57:13 - [MESSAGE][PASSED] - All options with value 'Mr' are selected in object 'Object Repository/New Folder/Page_Checkatrade Give your feedback/select_MrMrsMissMsMr  MrsDrRevRevd'  using regular expression

2020-02-10 13:57:13 - [TEST_STEP][PASSED] - "--------------------": null

2020-02-10 13:57:13 - [TEST_STEP][PASSED] - "  Set  Name         |": null

2020-02-10 13:57:13 - [TEST_STEP][PASSED] - if (YD_Consumer_Customer == "Consumer"): Text 'Ron Smith' is set on object 'Object Repository/New Folder/Page_Checkatrade Give your feedback/input_Name_ctl00contenttbCustomerName'

2020-02-10 13:57:13 - [TEST_STEP][PASSED] - setText(findTestObject("Object Repository/New Folder/Page_Checkatrade Give your feedback/input_Name_ctl00contenttbCustomerName"), YD_Name): Text 'Ron Smith' is set on object 'Object Repository/New Folder/Page_Checkatrade Give your feedback/input_Name_ctl00contenttbCustomerName'

2020-02-10 13:57:13 - [MESSAGE][PASSED] - Text 'Ron Smith' is set on object 'Object Repository/New Folder/Page_Checkatrade Give your feedback/input_Name_ctl00contenttbCustomerName'

2020-02-10 13:57:13 - [TEST_STEP][PASSED] - "----------------------": null

2020-02-10 13:57:13 - [TEST_STEP][PASSED] - " Name of you company  |": null

2020-02-10 13:57:14 - [TEST_STEP][PASSED] - if (YD_Consumer_Customer == "Customer"): null

2020-02-10 13:57:14 - [TEST_STEP][PASSED] - "--------------------": null

2020-02-10 13:57:14 - [TEST_STEP][PASSED] - "  Set Postcode     |": null

2020-02-10 13:57:14 - [TEST_STEP][PASSED] - setText(findTestObject("Object Repository/New Folder/Page_Checkatrade Give your feedback/input_Your postcode_ctl00contentctlCustomerAddresstbPostcodeSearch"), YD_Postcode): Text 'PO12 2SD' is set on object 'Object Repository/New Folder/Page_Checkatrade Give your feedback/input_Your postcode_ctl00contentctlCustomerAddresstbPostcodeSearch'

2020-02-10 13:57:14 - [MESSAGE][PASSED] - Text 'PO12 2SD' is set on object 'Object Repository/New Folder/Page_Checkatrade Give your feedback/input_Your postcode_ctl00contentctlCustomerAddresstbPostcodeSearch'

2020-02-10 13:57:14 - [TEST_STEP][PASSED] - "-----------------------------": null

2020-02-10 13:57:14 - [TEST_STEP][PASSED] - "  Address Lookup Selection   |": null

2020-02-10 13:57:14 - [TEST_STEP][PASSED] - click(findTestObject("Object Repository/New Folder/Page_Checkatrade Give your feedback/input_Your postcode_ctl00contentctlCustomerAddressbtnPostcodeLookup")): Object: 'Object Repository/New Folder/Page_Checkatrade Give your feedback/input_Your postcode_ctl00contentctlCustomerAddressbtnPostcodeLookup' is clicked on

2020-02-10 13:57:14 - [MESSAGE][PASSED] - Object: 'Object Repository/New Folder/Page_Checkatrade Give your feedback/input_Your postcode_ctl00contentctlCustomerAddressbtnPostcodeLookup' is clicked on

2020-02-10 13:57:14 - [TEST_STEP][PASSED] - "-----------------------------": null

2020-02-10 13:57:14 - [TEST_STEP][PASSED] - "  Address Lookup Set         |": null

2020-02-10 13:57:14 - [TEST_STEP][PASSED] - selectOptionByLabel(findTestObject("Object Repository/New Folder/Page_Checkatrade Give your feedback/select_Please select your address"), YD_Verify_Address, true): All options with label '26 Broadsands Drive,Gosport,Hampshire,PO12 2SD' are selected in object 'Object Repository/New Folder/Page_Checkatrade Give your feedback/select_Please select your address'  using regular expression

2020-02-10 13:57:15 - [MESSAGE][PASSED] - All options with label '26 Broadsands Drive,Gosport,Hampshire,PO12 2SD' are selected in object 'Object Repository/New Folder/Page_Checkatrade Give your feedback/select_Please select your address'  using regular expression

2020-02-10 13:57:15 - [TEST_STEP][PASSED] - "-----------------------------": null

2020-02-10 13:57:15 - [TEST_STEP][PASSED] - "  Verify Returned Address    |": null

2020-02-10 13:57:15 - [TEST_STEP][PASSED] - verifyTextPresent(YD_Verify_Address, false): Text '26 Broadsands Drive,Gosport,Hampshire,PO12 2SD' is present on page 

2020-02-10 13:57:15 - [MESSAGE][PASSED] - Text '26 Broadsands Drive,Gosport,Hampshire,PO12 2SD' is present on page 

2020-02-10 13:57:15 - [MESSAGE][PASSED] - Call Test Case 'Test Cases/Reusable_Test_Sequences/Give_Feedback/Your_Details/Personal_Details_Formfill' successfully

2020-02-10 13:57:15 - [TEST_STEP][PASSED] - "-------------------------------------": null

2020-02-10 13:57:15 - [TEST_STEP][PASSED] - " Fil Contact Details                 |": null

2020-02-10 13:57:15 - [TEST_STEP][PASSED] - callTestCase(findTestCase("Reusable_Test_Sequences/Give_Feedback/Your_Details/Contact_Details_Formfill"), [:], STOP_ON_FAILURE): Call Test Case 'Test Cases/Reusable_Test_Sequences/Give_Feedback/Your_Details/Contact_Details_Formfill' successfully

2020-02-10 13:57:15 - [TEST_CASE][PASSED] - Test Cases/Reusable_Test_Sequences/Give_Feedback/Your_Details/Contact_Details_Formfill: Test Cases/Reusable_Test_Sequences/Give_Feedback/Your_Details/Contact_Details_Formfill

2020-02-10 13:57:15 - [TEST_STEP][PASSED] - "--------------------------------": null

2020-02-10 13:57:15 - [TEST_STEP][PASSED] - "Read data from spreadsheet      |": null

2020-02-10 13:57:15 - [TEST_STEP][PASSED] - data = findTestData("Data Files/Give_Feedback (1)"): null

2020-02-10 13:57:15 - [TEST_STEP][PASSED] - YD_Home_Phone = data.getValue("YD_Home_Phone", row): null

2020-02-10 13:57:15 - [TEST_STEP][PASSED] - YD_Name = data.getValue("YD_Name", row): null

2020-02-10 13:57:15 - [TEST_STEP][PASSED] - YD_Best_Contact_Time = data.getValue("YD_Best_Contact_Time", row): null

2020-02-10 13:57:15 - [TEST_STEP][PASSED] - YD_Email = data.getValue("YD_Email", row): null

2020-02-10 13:57:15 - [TEST_STEP][PASSED] - YD_Mobile = data.getValue("YD_Mobile", row): null

2020-02-10 13:57:15 - [TEST_STEP][PASSED] - YD_Consumer_Customer = data.getValue("YD_Consumer_Customer", row): null

2020-02-10 13:57:15 - [TEST_STEP][PASSED] - out.println("Your Experience, Your details, Set the " + YD_Home_Phone + " Text Box "): null

2020-02-10 13:57:15 - [TEST_STEP][PASSED] - "------------------------------": null

2020-02-10 13:57:15 - [TEST_STEP][PASSED] - "  Set Home Telephone Number   |": null

2020-02-10 13:57:15 - [TEST_STEP][PASSED] - setText(findTestObject("Object Repository/New Folder/Page_Checkatrade Give your feedback/input_Home telephone_ctl00contenttbCustomerHomePhone"), YD_Home_Phone): Text '02392123456' is set on object 'Object Repository/New Folder/Page_Checkatrade Give your feedback/input_Home telephone_ctl00contenttbCustomerHomePhone'

2020-02-10 13:57:16 - [MESSAGE][PASSED] - Text '02392123456' is set on object 'Object Repository/New Folder/Page_Checkatrade Give your feedback/input_Home telephone_ctl00contenttbCustomerHomePhone'

2020-02-10 13:57:16 - [TEST_STEP][PASSED] - "------------------------------": null

2020-02-10 13:57:16 - [TEST_STEP][PASSED] - "  Set Best Time to Contact    |": null

2020-02-10 13:57:16 - [TEST_STEP][PASSED] - if (YD_Consumer_Customer == "Consumer"): Text 'Afternoon' is set on object 'Object Repository/New Folder/Page_Checkatrade Give your feedback/input_Best time to contact you_ctl00contenttbCustomerContactTime'

2020-02-10 13:57:16 - [TEST_STEP][PASSED] - setText(findTestObject("Object Repository/New Folder/Page_Checkatrade Give your feedback/input_Best time to contact you_ctl00contenttbCustomerContactTime"), YD_Best_Contact_Time): Text 'Afternoon' is set on object 'Object Repository/New Folder/Page_Checkatrade Give your feedback/input_Best time to contact you_ctl00contenttbCustomerContactTime'

2020-02-10 13:57:16 - [MESSAGE][PASSED] - Text 'Afternoon' is set on object 'Object Repository/New Folder/Page_Checkatrade Give your feedback/input_Best time to contact you_ctl00contenttbCustomerContactTime'

2020-02-10 13:57:16 - [TEST_STEP][PASSED] - "------------------------------": null

2020-02-10 13:57:16 - [TEST_STEP][PASSED] - "  Set Email Address           |": null

2020-02-10 13:57:16 - [TEST_STEP][PASSED] - setText(findTestObject("Object Repository/New Folder/Page_Checkatrade Give your feedback/input_Email_ctl00contenttbCustomerEmail"), YD_Email): Text 'Test_xxxxxx@xdxdxdxd.com' is set on object 'Object Repository/New Folder/Page_Checkatrade Give your feedback/input_Email_ctl00contenttbCustomerEmail'

2020-02-10 13:57:16 - [MESSAGE][PASSED] - Text 'Test_xxxxxx@xdxdxdxd.com' is set on object 'Object Repository/New Folder/Page_Checkatrade Give your feedback/input_Email_ctl00contenttbCustomerEmail'

2020-02-10 13:57:16 - [TEST_STEP][PASSED] - "------------------------------": null

2020-02-10 13:57:16 - [TEST_STEP][PASSED] - "  Set Mobile Telephone Number |": null

2020-02-10 13:57:16 - [TEST_STEP][PASSED] - setText(findTestObject("Object Repository/New Folder/Page_Checkatrade Give your feedback/input_Mobile_ctl00contenttbCustomerMobile"), YD_Mobile): Text '07788123456' is set on object 'Object Repository/New Folder/Page_Checkatrade Give your feedback/input_Mobile_ctl00contenttbCustomerMobile'

2020-02-10 13:57:17 - [MESSAGE][PASSED] - Text '07788123456' is set on object 'Object Repository/New Folder/Page_Checkatrade Give your feedback/input_Mobile_ctl00contenttbCustomerMobile'

2020-02-10 13:57:17 - [MESSAGE][PASSED] - Call Test Case 'Test Cases/Reusable_Test_Sequences/Give_Feedback/Your_Details/Contact_Details_Formfill' successfully

2020-02-10 13:57:17 - [TEST_STEP][PASSED] - "-------------------------------------": null

2020-02-10 13:57:17 - [TEST_STEP][PASSED] - " CHeckatrade Questions               |": null

2020-02-10 13:57:17 - [TEST_STEP][PASSED] - callTestCase(findTestCase("Reusable_Test_Sequences/Give_Feedback/Your_Details/Checkatrade_Questions"), [:], STOP_ON_FAILURE): Call Test Case 'Test Cases/Reusable_Test_Sequences/Give_Feedback/Your_Details/Checkatrade_Questions' successfully

2020-02-10 13:57:17 - [TEST_CASE][PASSED] - Test Cases/Reusable_Test_Sequences/Give_Feedback/Your_Details/Checkatrade_Questions: Test Cases/Reusable_Test_Sequences/Give_Feedback/Your_Details/Checkatrade_Questions

2020-02-10 13:57:17 - [TEST_STEP][PASSED] - "--------------------------------": null

2020-02-10 13:57:17 - [TEST_STEP][PASSED] - "Read data from spreadsheet      |": null

2020-02-10 13:57:17 - [TEST_STEP][PASSED] - data = findTestData("Data Files/Give_Feedback (1)"): null

2020-02-10 13:57:17 - [TEST_STEP][PASSED] - YD_Feedback_Method = data.getValue("YD_Feedback_Method", row): null

2020-02-10 13:57:17 - [TEST_STEP][PASSED] - YD_How_Did_You_Hear = data.getValue("YD_How_Did_You_Hear", row): null

2020-02-10 13:57:17 - [TEST_STEP][PASSED] - YD_Other_Response = data.getValue("YD_Other_Response", row): null

2020-02-10 13:57:17 - [TEST_STEP][PASSED] - YD_Reason_For_Tradeperson_Selection = data.getValue("YD_Reason_For_Tradeperson_Selection", row): null

2020-02-10 13:57:17 - [TEST_STEP][PASSED] - YD_Receive_Chekatrade_Updates = data.getValue("YD_Receive_Chekatrade_Updates", row): null

2020-02-10 13:57:17 - [TEST_STEP][PASSED] - YD_Receive_Third_Party_Updates = data.getValue("YD_Receive_Third_Party_Updates", row): null

2020-02-10 13:57:17 - [TEST_STEP][PASSED] - out.println("Your Experience, Your details, Set the " + YD_Feedback_Method + " Text Box "): null

2020-02-10 13:57:17 - [TEST_STEP][PASSED] - "------------------------------------": null

2020-02-10 13:57:17 - [TEST_STEP][PASSED] - "  Set Verify Options - SMS OR Email |": null

2020-02-10 13:57:17 - [TEST_STEP][PASSED] - if (YD_Feedback_Method == "email"): Wait for page load successfully

2020-02-10 13:57:17 - [TEST_STEP][PASSED] - click(findTestObject("Object Repository/Page_Checkatrade Give your feedback/span_Verify by email")): Object: 'Object Repository/Page_Checkatrade Give your feedback/span_Verify by email' is clicked on

2020-02-10 13:57:17 - [MESSAGE][PASSED] - Object: 'Object Repository/Page_Checkatrade Give your feedback/span_Verify by email' is clicked on

2020-02-10 13:57:17 - [TEST_STEP][PASSED] - waitForPageLoad(2): Wait for page load successfully

2020-02-10 13:57:17 - [MESSAGE][PASSED] - Wait for page load successfully

2020-02-10 13:57:17 - [TEST_STEP][PASSED] - "--------------------------------------": null

2020-02-10 13:57:17 - [TEST_STEP][PASSED] - " Scroll to <Next> Button              |": null

2020-02-10 13:57:17 - [TEST_STEP][PASSED] - scrollToPosition(200, 0): Browser is scrolled to position x = 200, y = 0

2020-02-10 13:57:17 - [MESSAGE][PASSED] - Browser is scrolled to position x = 200, y = 0

2020-02-10 13:57:17 - [TEST_STEP][PASSED] - "--------------------------------------": null

2020-02-10 13:57:17 - [TEST_STEP][PASSED] - "  Set How You Heard About Checkatrade |": null

2020-02-10 13:57:17 - [TEST_STEP][PASSED] - waitForPageLoad(2): Wait for page load successfully

2020-02-10 13:57:17 - [MESSAGE][PASSED] - Wait for page load successfully

2020-02-10 13:57:17 - [TEST_STEP][PASSED] - selectOptionByLabel(findTestObject("Object Repository/Page_Checkatrade Give your feedback/select_Please selectTVRadioOnlineDirectoryWord"), YD_How_Did_You_Hear, true): All options with label 'Online' are selected in object 'Object Repository/Page_Checkatrade Give your feedback/select_Please selectTVRadioOnlineDirectoryWord'  using regular expression

2020-02-10 13:57:17 - [MESSAGE][PASSED] - All options with label 'Online' are selected in object 'Object Repository/Page_Checkatrade Give your feedback/select_Please selectTVRadioOnlineDirectoryWord'  using regular expression

2020-02-10 13:57:17 - [TEST_STEP][PASSED] - "--------------------------------------": null

2020-02-10 13:57:17 - [TEST_STEP][PASSED] - "  How did you hear about Textbox      |": null

2020-02-10 13:57:17 - [TEST_STEP][PASSED] - if (YD_How_Did_You_Hear == "Other"): null

2020-02-10 13:57:17 - [TEST_STEP][PASSED] - "--------------------------------------": null

2020-02-10 13:57:17 - [TEST_STEP][PASSED] - "  Why Use The Selected Tradesperson   |": null

2020-02-10 13:57:17 - [TEST_STEP][PASSED] - waitForElementClickable(findTestObject("Object Repository/New Folder/Page_Checkatrade Give your feedback/select_Prefer not to sayFound the Tradesperson via CheckatradecomDirected to Checkatradecom by the Tradesperson"), 2): Object 'Object Repository/New Folder/Page_Checkatrade Give your feedback/select_Prefer not to sayFound the Tradesperson via CheckatradecomDirected to Checkatradecom by the Tradesperson' is clickable

2020-02-10 13:57:18 - [MESSAGE][PASSED] - Object 'Object Repository/New Folder/Page_Checkatrade Give your feedback/select_Prefer not to sayFound the Tradesperson via CheckatradecomDirected to Checkatradecom by the Tradesperson' is clickable

2020-02-10 13:57:18 - [TEST_STEP][PASSED] - selectOptionByIndex(findTestObject("Object Repository/New Folder/Page_Checkatrade Give your feedback/select_Prefer not to sayFound the Tradesperson via CheckatradecomDirected to Checkatradecom by the Tradesperson"), 2): All options with index in [2] are selected on object 'Object Repository/New Folder/Page_Checkatrade Give your feedback/select_Prefer not to sayFound the Tradesperson via CheckatradecomDirected to Checkatradecom by the Tradesperson'

2020-02-10 13:57:18 - [MESSAGE][PASSED] - All options with index in [2] are selected on object 'Object Repository/New Folder/Page_Checkatrade Give your feedback/select_Prefer not to sayFound the Tradesperson via CheckatradecomDirected to Checkatradecom by the Tradesperson'

2020-02-10 13:57:18 - [TEST_STEP][PASSED] - waitForPageLoad(2): Wait for page load successfully

2020-02-10 13:57:18 - [MESSAGE][PASSED] - Wait for page load successfully

2020-02-10 13:57:18 - [TEST_STEP][PASSED] - "----------------------------------------------------": null

2020-02-10 13:57:18 - [TEST_STEP][PASSED] - " Select - I am happy to receive Updates - Checkatra |": null

2020-02-10 13:57:18 - [TEST_STEP][PASSED] - if (YD_Receive_Chekatrade_Updates == "Yes"): Wait for page load successfully

2020-02-10 13:57:18 - [TEST_STEP][PASSED] - click(findTestObject("Object Repository/New Folder/Page_Checkatrade Give your feedback/input_I am happy to receive updates from Checkatrade_ctl00contentchkEmailUpdates")): Object: 'Object Repository/New Folder/Page_Checkatrade Give your feedback/input_I am happy to receive updates from Checkatrade_ctl00contentchkEmailUpdates' is clicked on

2020-02-10 13:57:18 - [MESSAGE][PASSED] - Object: 'Object Repository/New Folder/Page_Checkatrade Give your feedback/input_I am happy to receive updates from Checkatrade_ctl00contentchkEmailUpdates' is clicked on

2020-02-10 13:57:18 - [TEST_STEP][PASSED] - waitForPageLoad(2): Wait for page load successfully

2020-02-10 13:57:18 - [MESSAGE][PASSED] - Wait for page load successfully

2020-02-10 13:57:18 - [TEST_STEP][PASSED] - "----------------------------------------------------": null

2020-02-10 13:57:18 - [TEST_STEP][PASSED] - " Select - I am happy to receive Updates - 3rd party |": null

2020-02-10 13:57:18 - [TEST_STEP][PASSED] - if (YD_Receive_Third_Party_Updates == "Yes"): null

2020-02-10 13:57:18 - [TEST_STEP][PASSED] - "--------------------------------------": null

2020-02-10 13:57:18 - [TEST_STEP][PASSED] - "   SUBMIT Page                        |": null

2020-02-10 13:57:18 - [TEST_STEP][PASSED] - click(findTestObject("Object Repository/New Folder/Page_Checkatrade Give your feedback/input_here_ctl00contentButtonSubmit")): Object: 'Object Repository/New Folder/Page_Checkatrade Give your feedback/input_here_ctl00contentButtonSubmit' is clicked on

2020-02-10 13:57:19 - [MESSAGE][PASSED] - Object: 'Object Repository/New Folder/Page_Checkatrade Give your feedback/input_here_ctl00contentButtonSubmit' is clicked on

2020-02-10 13:57:19 - [TEST_STEP][PASSED] - waitForPageLoad(2): Wait for page load successfully

2020-02-10 13:57:19 - [MESSAGE][PASSED] - Wait for page load successfully

2020-02-10 13:57:19 - [MESSAGE][PASSED] - Call Test Case 'Test Cases/Reusable_Test_Sequences/Give_Feedback/Your_Details/Checkatrade_Questions' successfully

2020-02-10 13:57:19 - [TEST_STEP][PASSED] - "-------------------------------------": null

2020-02-10 13:57:19 - [TEST_STEP][PASSED] - " Commit form                         |": null

2020-02-10 13:57:19 - [TEST_STEP][PASSED] - waitForPageLoad(60): Wait for page load successfully

2020-02-10 13:57:19 - [MESSAGE][PASSED] - Wait for page load successfully

2020-02-10 13:57:19 - [MESSAGE][PASSED] - Call Test Case 'Test Cases/Reusable_Test_Sequences/Give_Feedback/Your_Details/Your_Details' successfully

2020-02-10 13:57:19 - [TEST_STEP][PASSED] - "--------------------------------------": null

2020-02-10 13:57:19 - [TEST_STEP][PASSED] - " Further Info (page 4) Processing     |": null

2020-02-10 13:57:19 - [TEST_STEP][PASSED] - callTestCase(findTestCase("Reusable_Test_Sequences/Give_Feedback/Further_Infomation/Further_Information"), [:], CONTINUE_ON_FAILURE): Call Test Case 'Test Cases/Reusable_Test_Sequences/Give_Feedback/Further_Infomation/Further_Information' successfully

2020-02-10 13:57:19 - [TEST_CASE][PASSED] - Test Cases/Reusable_Test_Sequences/Give_Feedback/Further_Infomation/Further_Information: Test Cases/Reusable_Test_Sequences/Give_Feedback/Further_Infomation/Further_Information

2020-02-10 13:57:19 - [TEST_STEP][PASSED] - "--------------------------------": null

2020-02-10 13:57:19 - [TEST_STEP][PASSED] - "  Read data from spreadsheet    |": null

2020-02-10 13:57:19 - [TEST_STEP][PASSED] - data = findTestData("Data Files/Give_Feedback (1)"): null

2020-02-10 13:57:19 - [TEST_STEP][PASSED] - FD_Value_of_Work = data.getValue("FD_Value_of_Work", row): null

2020-02-10 13:57:19 - [TEST_STEP][PASSED] - "-----------": null

2020-02-10 13:57:19 - [TEST_STEP][PASSED] - "  Synch    |": null

2020-02-10 13:57:19 - [TEST_STEP][PASSED] - waitForElementPresent(findTestObject("Object Repository/New Folder1/Page_Checkatrade Give your feedback/input_Value Of Work_ctl00contenttbValueOfWork"), 25): Object 'Object Repository/New Folder1/Page_Checkatrade Give your feedback/input_Value Of Work_ctl00contenttbValueOfWork' is present

2020-02-10 13:57:19 - [MESSAGE][PASSED] - Object 'Object Repository/New Folder1/Page_Checkatrade Give your feedback/input_Value Of Work_ctl00contenttbValueOfWork' is present

2020-02-10 13:57:19 - [TEST_STEP][PASSED] - "--------------------------------": null

2020-02-10 13:57:19 - [TEST_STEP][PASSED] - "  Set the Value of Work Textbox |": null

2020-02-10 13:57:19 - [TEST_STEP][PASSED] - setText(findTestObject("Object Repository/New Folder1/Page_Checkatrade Give your feedback/input_Value Of Work_ctl00contenttbValueOfWork"), FD_Value_of_Work): Text '20' is set on object 'Object Repository/New Folder1/Page_Checkatrade Give your feedback/input_Value Of Work_ctl00contenttbValueOfWork'

2020-02-10 13:57:20 - [MESSAGE][PASSED] - Text '20' is set on object 'Object Repository/New Folder1/Page_Checkatrade Give your feedback/input_Value Of Work_ctl00contenttbValueOfWork'

2020-02-10 13:57:20 - [TEST_STEP][PASSED] - "--------------------------------": null

2020-02-10 13:57:20 - [TEST_STEP][PASSED] - "  Hit <Submit> button to Commit |": null

2020-02-10 13:57:20 - [TEST_STEP][PASSED] - waitForElementPresent(findTestObject("Object Repository/New Folder/Page_Checkatrade Give your feedback/input_Value Of Work_ctl00contentButton1"), 25): Object 'Object Repository/New Folder/Page_Checkatrade Give your feedback/input_Value Of Work_ctl00contentButton1' is present

2020-02-10 13:57:20 - [MESSAGE][PASSED] - Object 'Object Repository/New Folder/Page_Checkatrade Give your feedback/input_Value Of Work_ctl00contentButton1' is present

2020-02-10 13:57:20 - [TEST_STEP][PASSED] - click(findTestObject("Object Repository/New Folder/Page_Checkatrade Give your feedback/input_Value Of Work_ctl00contentButton1")): Object: 'Object Repository/New Folder/Page_Checkatrade Give your feedback/input_Value Of Work_ctl00contentButton1' is clicked on

2020-02-10 13:57:21 - [MESSAGE][PASSED] - Object: 'Object Repository/New Folder/Page_Checkatrade Give your feedback/input_Value Of Work_ctl00contentButton1' is clicked on

2020-02-10 13:57:21 - [TEST_STEP][PASSED] - "--------------------------------": null

2020-02-10 13:57:21 - [TEST_STEP][PASSED] - "  Wait for FInal Page Load      |": null

2020-02-10 13:57:21 - [TEST_STEP][PASSED] - waitForPageLoad(60): Wait for page load successfully

2020-02-10 13:57:21 - [MESSAGE][PASSED] - Wait for page load successfully

2020-02-10 13:57:21 - [MESSAGE][PASSED] - Call Test Case 'Test Cases/Reusable_Test_Sequences/Give_Feedback/Further_Infomation/Further_Information' successfully

2020-02-10 13:57:21 - [TEST_STEP][PASSED] - "--------------------------------------": null

2020-02-10 13:57:21 - [TEST_STEP][PASSED] - " Thank You! (page 5) Processing       |": null

2020-02-10 13:57:21 - [TEST_STEP][PASSED] - callTestCase(findTestCase("Reusable_Test_Sequences/Give_Feedback/Final_Page"), [:], CONTINUE_ON_FAILURE): Call Test Case 'Test Cases/Reusable_Test_Sequences/Give_Feedback/Final_Page' successfully

2020-02-10 13:57:21 - [TEST_CASE][PASSED] - Test Cases/Reusable_Test_Sequences/Give_Feedback/Final_Page: Test Cases/Reusable_Test_Sequences/Give_Feedback/Final_Page

2020-02-10 13:57:21 - [TEST_STEP][PASSED] - waitForPageLoad(2): Wait for page load successfully

2020-02-10 13:57:21 - [MESSAGE][PASSED] - Wait for page load successfully

2020-02-10 13:57:21 - [TEST_STEP][PASSED] - "--------------------------------": null

2020-02-10 13:57:21 - [TEST_STEP][PASSED] - "Read data from spreadsheet      |": null

2020-02-10 13:57:21 - [TEST_STEP][PASSED] - data = findTestData("Data Files/Give_Feedback (1)"): null

2020-02-10 13:57:21 - [TEST_STEP][PASSED] - Account_Verification_Name = data.getValue("Account_Verification_Name", row): null

2020-02-10 13:57:21 - [TEST_STEP][PASSED] - YE_Recommend = data.getValue("YE_Recommendations", row): null

2020-02-10 13:57:21 - [TEST_STEP][PASSED] - YE_Work_Carried_Out = data.getValue("YE_Work_Carried_Out", row): null

2020-02-10 13:57:21 - [TEST_STEP][PASSED] - waitForElementVisible(findTestObject("Object Repository/New Folder/Page_Checkatrade Give your feedback/a_Finish"), 60): Object 'Object Repository/New Folder/Page_Checkatrade Give your feedback/a_Finish' is visible

2020-02-10 13:57:21 - [MESSAGE][PASSED] - Object 'Object Repository/New Folder/Page_Checkatrade Give your feedback/a_Finish' is visible

2020-02-10 13:57:21 - [TEST_STEP][PASSED] - "------------------------------------": null

2020-02-10 13:57:21 - [TEST_STEP][PASSED] - "  Verify Page Detail                |": null

2020-02-10 13:57:21 - [TEST_STEP][PASSED] - if (YE_Recommend == "Yes"): null

2020-02-10 13:57:21 - [TEST_STEP][PASSED] - verifyTextPresent("Thank you", true): Text 'Thank you' is present on page  using regular expression

2020-02-10 13:57:21 - [MESSAGE][PASSED] - Text 'Thank you' is present on page  using regular expression

2020-02-10 13:57:21 - [TEST_STEP][PASSED] - "------------------------------------": null

2020-02-10 13:57:21 - [TEST_STEP][PASSED] - "  Hit Finish                        |": null

2020-02-10 13:57:21 - [TEST_STEP][PASSED] - waitForElementClickable(findTestObject("Object Repository/New Folder/Page_Checkatrade Give your feedback/a_Finish"), 60): Object 'Object Repository/New Folder/Page_Checkatrade Give your feedback/a_Finish' is clickable

2020-02-10 13:57:22 - [MESSAGE][PASSED] - Object 'Object Repository/New Folder/Page_Checkatrade Give your feedback/a_Finish' is clickable

2020-02-10 13:57:22 - [TEST_STEP][PASSED] - click(findTestObject("Object Repository/New Folder/Page_Checkatrade Give your feedback/a_Finish")): Object: 'Object Repository/New Folder/Page_Checkatrade Give your feedback/a_Finish' is clicked on

2020-02-10 13:57:23 - [MESSAGE][PASSED] - Object: 'Object Repository/New Folder/Page_Checkatrade Give your feedback/a_Finish' is clicked on

2020-02-10 13:57:23 - [MESSAGE][PASSED] - Call Test Case 'Test Cases/Reusable_Test_Sequences/Give_Feedback/Final_Page' successfully

2020-02-10 13:57:23 - [TEST_STEP][PASSED] - "--------------------------------------": null

2020-02-10 13:57:23 - [TEST_STEP][PASSED] - "  Verify Return to Home Page          |": null

2020-02-10 13:57:23 - [TEST_STEP][PASSED] - callTestCase(findTestCase("Reusable_Test_Sequences/CAT_Home"), [:], CONTINUE_ON_FAILURE): Call Test Case 'Test Cases/Reusable_Test_Sequences/CAT_Home' successfully

2020-02-10 13:57:23 - [TEST_CASE][PASSED] - Test Cases/Reusable_Test_Sequences/CAT_Home: Test Cases/Reusable_Test_Sequences/CAT_Home

2020-02-10 13:57:23 - [TEST_STEP][PASSED] - waitForPageLoad(60): Wait for page load successfully

2020-02-10 13:57:23 - [MESSAGE][PASSED] - Wait for page load successfully

2020-02-10 13:57:23 - [TEST_STEP][PASSED] - delay(2): Delayed 2 second(s)

2020-02-10 13:57:25 - [MESSAGE][PASSED] - Delayed 2 second(s)

2020-02-10 13:57:25 - [TEST_STEP][PASSED] - "------------------------------------": null

2020-02-10 13:57:25 - [TEST_STEP][PASSED] - if (Website_Version == "new"): null

2020-02-10 13:57:25 - [TEST_STEP][PASSED] - else: Text 'Over a million visits to Checkatrade each month' is present on page 

2020-02-10 13:57:25 - [TEST_STEP][PASSED] - verifyTextPresent("Helping you find the right trade or service", false): Text 'Helping you find the right trade or service' is present on page 

2020-02-10 13:57:26 - [MESSAGE][PASSED] - Text 'Helping you find the right trade or service' is present on page 

2020-02-10 13:57:26 - [TEST_STEP][PASSED] - verifyTextPresent("Search through over", false): Text 'Search through over' is present on page 

2020-02-10 13:57:26 - [MESSAGE][PASSED] - Text 'Search through over' is present on page 

2020-02-10 13:57:26 - [TEST_STEP][PASSED] - verifyTextPresent("recommended, vetted and monitored trades and service providers for free.", false): Text 'recommended, vetted and monitored trades and service providers for free.' is present on page 

2020-02-10 13:57:26 - [MESSAGE][PASSED] - Text 'recommended, vetted and monitored trades and service providers for free.' is present on page 

2020-02-10 13:57:26 - [TEST_STEP][PASSED] - verifyTextPresent("reviews published so far – thank you!", false): Text 'reviews published so far – thank you!' is present on page 

2020-02-10 13:57:26 - [MESSAGE][PASSED] - Text 'reviews published so far – thank you!' is present on page 

2020-02-10 13:57:26 - [TEST_STEP][PASSED] - verifyTextPresent("I need a trade or service", false): Text 'I need a trade or service' is present on page 

2020-02-10 13:57:26 - [MESSAGE][PASSED] - Text 'I need a trade or service' is present on page 

2020-02-10 13:57:26 - [TEST_STEP][PASSED] - verifyTextPresent("Every trader thoroughly checked and vetted", false): Text 'Every trader thoroughly checked and vetted' is present on page 

2020-02-10 13:57:26 - [MESSAGE][PASSED] - Text 'Every trader thoroughly checked and vetted' is present on page 

2020-02-10 13:57:26 - [TEST_STEP][PASSED] - "------------------------------------": null

2020-02-10 13:57:26 - [TEST_STEP][PASSED] - verifyTextPresent("reviews published so far – thank you!", false): Text 'reviews published so far – thank you!' is present on page 

2020-02-10 13:57:26 - [MESSAGE][PASSED] - Text 'reviews published so far – thank you!' is present on page 

2020-02-10 13:57:26 - [TEST_STEP][PASSED] - verifyTextPresent("Find out more", false): Text 'Find out more' is present on page 

2020-02-10 13:57:27 - [MESSAGE][PASSED] - Text 'Find out more' is present on page 

2020-02-10 13:57:27 - [TEST_STEP][PASSED] - verifyTextPresent("I am a tradesman", false): Text 'I am a tradesman' is present on page 

2020-02-10 13:57:27 - [MESSAGE][PASSED] - Text 'I am a tradesman' is present on page 

2020-02-10 13:57:27 - [TEST_STEP][PASSED] - verifyTextPresent("Find out more", false): Text 'Find out more' is present on page 

2020-02-10 13:57:27 - [MESSAGE][PASSED] - Text 'Find out more' is present on page 

2020-02-10 13:57:27 - [TEST_STEP][PASSED] - verifyTextPresent("Over a million visits to Checkatrade each month", false): Text 'Over a million visits to Checkatrade each month' is present on page 

2020-02-10 13:57:27 - [MESSAGE][PASSED] - Text 'Over a million visits to Checkatrade each month' is present on page 

2020-02-10 13:57:27 - [MESSAGE][PASSED] - Call Test Case 'Test Cases/Reusable_Test_Sequences/CAT_Home' successfully

2020-02-10 13:57:27 - [TEST_STEP][PASSED] - "--------------------------------------": null

2020-02-10 13:57:27 - [TEST_STEP][PASSED] - " Processing Completion                |": null

2020-02-10 13:57:27 - [TEST_STEP][PASSED] - "--------------------------------------": null

2020-02-10 13:57:27 - [TEST_STEP][PASSED] - "--------------------------": null

2020-02-10 13:57:27 - [TEST_STEP][PASSED] - " Teardown - CLose Browser |": null

2020-02-10 13:57:27 - [TEST_STEP][PASSED] - callTestCase(findTestCase("Reusable_Test_Sequences/CAT_Teardown"), [:], OPTIONAL): Call Test Case 'Test Cases/Reusable_Test_Sequences/CAT_Teardown' successfully

2020-02-10 13:57:27 - [TEST_CASE][PASSED] - Test Cases/Reusable_Test_Sequences/CAT_Teardown: Test Cases/Reusable_Test_Sequences/CAT_Teardown

2020-02-10 13:57:27 - [TEST_STEP][PASSED] - closeBrowser(): Browser is closed

2020-02-10 13:57:28 - [MESSAGE][PASSED] - Browser is closed

2020-02-10 13:57:28 - [MESSAGE][PASSED] - Call Test Case 'Test Cases/Reusable_Test_Sequences/CAT_Teardown' successfully

2020-02-10 13:57:28 - [TEST_STEP][PASSED] - callTestCase(findTestCase("Reusable_Test_Sequences/CAT_Setup"), [:], STOP_ON_FAILURE): Call Test Case 'Test Cases/Reusable_Test_Sequences/CAT_Setup' successfully

2020-02-10 13:57:28 - [TEST_CASE][PASSED] - Test Cases/Reusable_Test_Sequences/CAT_Setup: Test Cases/Reusable_Test_Sequences/CAT_Setup

2020-02-10 13:57:28 - [TEST_STEP][PASSED] - "------------------------------": null

2020-02-10 13:57:28 - [TEST_STEP][PASSED] - " Set Mobile Device Testing    |": null

2020-02-10 13:57:28 - [TEST_STEP][PASSED] - if (Mobile_Flag == "true"): null

2020-02-10 13:57:28 - [TEST_STEP][PASSED] - "------------------------------": null

2020-02-10 13:57:28 - [TEST_STEP][PASSED] - " Set Mobile Device Testing    |": null

2020-02-10 13:57:28 - [TEST_STEP][PASSED] - "------------------------------": null

2020-02-10 13:57:28 - [TEST_STEP][PASSED] - "URL - Set from the ENVIRONMENT PROFILE ": null

2020-02-10 13:57:28 - [TEST_STEP][PASSED] - openBrowser(URL): Browser is opened with url: 'https://www.preview.checkatrade.com/GiveFeedback'

2020-02-10 13:57:28 - [MESSAGE][INFO] - Starting 'Chrome' driver

2020-02-10 13:57:36 - [MESSAGE][PASSED] - Browser is opened with url: 'https://www.preview.checkatrade.com/GiveFeedback'

2020-02-10 13:57:36 - [TEST_STEP][PASSED] - maximizeWindow(): Current window maximized

2020-02-10 13:57:41 - [MESSAGE][PASSED] - Current window maximized

2020-02-10 13:57:41 - [TEST_STEP][PASSED] - waitForPageLoad(60): Wait for page load successfully

2020-02-10 13:57:41 - [MESSAGE][PASSED] - Wait for page load successfully

2020-02-10 13:57:41 - [TEST_STEP][PASSED] - "Previous Functionalilty Left Commented For Ease Of reversion": null

2020-02-10 13:57:41 - [TEST_STEP][PASSED] - try: Text 'Cookie Policy' is not present on page

2020-02-10 13:57:41 - [TEST_STEP][PASSED] - verifyElementPresent(findTestObject("Object Repository/Cookies/Page_Checkatrade Find a tradesperson you can trust/button_Accept All"), 5): Object 'Object Repository/Cookies/Page_Checkatrade Find a tradesperson you can trust/button_Accept All' is present

2020-02-10 13:57:41 - [MESSAGE][PASSED] - Object 'Object Repository/Cookies/Page_Checkatrade Find a tradesperson you can trust/button_Accept All' is present

2020-02-10 13:57:41 - [TEST_STEP][PASSED] - click(findTestObject("Object Repository/Cookies/Page_Checkatrade Find a tradesperson you can trust/button_Accept All")): Object: 'Object Repository/Cookies/Page_Checkatrade Find a tradesperson you can trust/button_Accept All' is clicked on

2020-02-10 13:57:42 - [MESSAGE][PASSED] - Object: 'Object Repository/Cookies/Page_Checkatrade Find a tradesperson you can trust/button_Accept All' is clicked on

2020-02-10 13:57:42 - [TEST_STEP][PASSED] - "---------------------------------": null

2020-02-10 13:57:42 - [TEST_STEP][PASSED] - "COOKIE POPOUT REMOVED - Confirmed": null

2020-02-10 13:57:42 - [TEST_STEP][PASSED] - delay(1): Delayed 1 second(s)

2020-02-10 13:57:43 - [MESSAGE][PASSED] - Delayed 1 second(s)

2020-02-10 13:57:43 - [TEST_STEP][PASSED] - verifyTextNotPresent("We use cookies to personalise content and ads, to provide social media features and to analyse our traffic", false): Text 'We use cookies to personalise content and ads, to provide social media features and to analyse our traffic' is not present on page

2020-02-10 13:57:43 - [MESSAGE][PASSED] - Text 'We use cookies to personalise content and ads, to provide social media features and to analyse our traffic' is not present on page

2020-02-10 13:57:43 - [TEST_STEP][PASSED] - verifyTextNotPresent(" We also share information about your use of our site with our social media, advertising and analytics partners", false): Text ' We also share information about your use of our site with our social media, advertising and analytics partners' is not present on page

2020-02-10 13:57:44 - [MESSAGE][PASSED] - Text ' We also share information about your use of our site with our social media, advertising and analytics partners' is not present on page

2020-02-10 13:57:44 - [TEST_STEP][PASSED] - verifyTextNotPresent("Cookie Policy", false): Text 'Cookie Policy' is not present on page

2020-02-10 13:57:44 - [MESSAGE][PASSED] - Text 'Cookie Policy' is not present on page

2020-02-10 13:57:44 - [TEST_STEP][PASSED] - waitForPageLoad(60): Wait for page load successfully

2020-02-10 13:57:44 - [MESSAGE][PASSED] - Wait for page load successfully

2020-02-10 13:57:44 - [TEST_STEP][PASSED] - "COOKIE - ORIGINAL": null

2020-02-10 13:57:44 - [TEST_STEP][PASSED] - if (waitForElementVisible(findTestObject("Object Repository/Feedback/Page_Checkatrade Give your feedback/input_Member_to_Review"), 5)): null

2020-02-10 13:57:44 - [MESSAGE][PASSED] - Object 'Object Repository/Feedback/Page_Checkatrade Give your feedback/input_Member_to_Review' is visible

2020-02-10 13:57:44 - [TEST_STEP][PASSED] - logInfo("Give Feedback STARTUP Process"): Give Feedback STARTUP Process

2020-02-10 13:57:44 - [MESSAGE][INFO] - Give Feedback STARTUP Process

2020-02-10 13:57:44 - [MESSAGE][PASSED] - Call Test Case 'Test Cases/Reusable_Test_Sequences/CAT_Setup' successfully

2020-02-10 13:57:44 - [TEST_STEP][PASSED] - "-----------------------------------------------------": null

2020-02-10 13:57:44 - [TEST_STEP][PASSED] - " Hit the <Give Feedback> link in the header banner   |": null

2020-02-10 13:57:44 - [TEST_STEP][PASSED] - callTestCase(findTestCase("Reusable_Test_Sequences/Banner_Menu/Give_Feedback"), [:], STOP_ON_FAILURE): Call Test Case 'Test Cases/Reusable_Test_Sequences/Banner_Menu/Give_Feedback' successfully

2020-02-10 13:57:44 - [TEST_CASE][PASSED] - Test Cases/Reusable_Test_Sequences/Banner_Menu/Give_Feedback: Test Cases/Reusable_Test_Sequences/Banner_Menu/Give_Feedback

2020-02-10 13:57:44 - [TEST_STEP][PASSED] - "--------------------------------------------------------": null

2020-02-10 13:57:44 - [TEST_STEP][PASSED] - " Major Changes Factored Into Function - 05/12/2019      |": null

2020-02-10 13:57:44 - [TEST_STEP][PASSED] - "--------------------------------------------------------": null

2020-02-10 13:57:44 - [TEST_STEP][PASSED] - " Now Drills Directl Into the Target URL": null

2020-02-10 13:57:44 - [TEST_STEP][PASSED] - waitForElementVisible(findTestObject("Object Repository/Feedback/Page_Checkatrade Give your feedback/input_Member_to_Review"), 25): Object 'Object Repository/Feedback/Page_Checkatrade Give your feedback/input_Member_to_Review' is visible

2020-02-10 13:57:44 - [MESSAGE][PASSED] - Object 'Object Repository/Feedback/Page_Checkatrade Give your feedback/input_Member_to_Review' is visible

2020-02-10 13:57:44 - [TEST_STEP][PASSED] - verifyTextPresent("Give your feedback", false): Text 'Give your feedback' is present on page 

2020-02-10 13:57:44 - [MESSAGE][PASSED] - Text 'Give your feedback' is present on page 

2020-02-10 13:57:44 - [TEST_STEP][PASSED] - verifyTextPresent("Which member do you want to review?", false): Text 'Which member do you want to review?' is present on page 

2020-02-10 13:57:45 - [MESSAGE][PASSED] - Text 'Which member do you want to review?' is present on page 

2020-02-10 13:57:45 - [MESSAGE][PASSED] - Call Test Case 'Test Cases/Reusable_Test_Sequences/Banner_Menu/Give_Feedback' successfully

2020-02-10 13:57:45 - [TEST_STEP][PASSED] - "-----------------------------------------------------": null

2020-02-10 13:57:45 - [TEST_STEP][PASSED] - " Enter Member Trade Name OR Checkatrade ID To Review |": null

2020-02-10 13:57:45 - [TEST_STEP][PASSED] - callTestCase(findTestCase("Reusable_Test_Sequences/Give_Feedback/Which_Member_to_Review"), [:], STOP_ON_FAILURE): Call Test Case 'Test Cases/Reusable_Test_Sequences/Give_Feedback/Which_Member_to_Review' successfully

2020-02-10 13:57:45 - [TEST_CASE][PASSED] - Test Cases/Reusable_Test_Sequences/Give_Feedback/Which_Member_to_Review: Test Cases/Reusable_Test_Sequences/Give_Feedback/Which_Member_to_Review

2020-02-10 13:57:45 - [TEST_STEP][PASSED] - "--------------------------------------------------------": null

2020-02-10 13:57:45 - [TEST_STEP][PASSED] - " Major Changes Factored Into Function - 05/12/2019      |": null

2020-02-10 13:57:45 - [TEST_STEP][PASSED] - waitForPageLoad(60): Wait for page load successfully

2020-02-10 13:57:45 - [MESSAGE][PASSED] - Wait for page load successfully

2020-02-10 13:57:45 - [TEST_STEP][PASSED] - waitForElementPresent(findTestObject("Object Repository/Feedback/Page_Checkatrade Give your feedback/input_Member_to_Review"), 25): Object 'Object Repository/Feedback/Page_Checkatrade Give your feedback/input_Member_to_Review' is present

2020-02-10 13:57:45 - [MESSAGE][PASSED] - Object 'Object Repository/Feedback/Page_Checkatrade Give your feedback/input_Member_to_Review' is present

2020-02-10 13:57:45 - [TEST_STEP][PASSED] - setText(findTestObject("Object Repository/Feedback/Page_Checkatrade Give your feedback/input_Member_to_Review"), findTestData("Give_Feedback (1)").getValue("Account_Verification_Name", row)): Text 'Test Account' is set on object 'Object Repository/Feedback/Page_Checkatrade Give your feedback/input_Member_to_Review'

2020-02-10 13:57:45 - [MESSAGE][PASSED] - Text 'Test Account' is set on object 'Object Repository/Feedback/Page_Checkatrade Give your feedback/input_Member_to_Review'

2020-02-10 13:57:45 - [TEST_STEP][PASSED] - delay(1): Delayed 1 second(s)

2020-02-10 13:57:46 - [MESSAGE][PASSED] - Delayed 1 second(s)

2020-02-10 13:57:46 - [TEST_STEP][PASSED] - "Submit the search criteria using click     |": null

2020-02-10 13:57:46 - [TEST_STEP][PASSED] - waitForElementPresent(findTestObject("Object Repository/Feedback/Page_Checkatrade Give your feedback/span_Search_Member"), 25): Object 'Object Repository/Feedback/Page_Checkatrade Give your feedback/span_Search_Member' is present

2020-02-10 13:57:46 - [MESSAGE][PASSED] - Object 'Object Repository/Feedback/Page_Checkatrade Give your feedback/span_Search_Member' is present

2020-02-10 13:57:46 - [TEST_STEP][PASSED] - try:  * * * Trader OR CAT ID Selected, and Returned as Expected!

2020-02-10 13:57:46 - [TEST_STEP][PASSED] - "Try Catch Included 14/08/2019 - Sometimes the Trader isnt returned?   |": null

2020-02-10 13:57:46 - [TEST_STEP][PASSED] - click(findTestObject("Object Repository/Feedback/Page_Checkatrade Give your feedback/span_Search_Member")): Object: 'Object Repository/Feedback/Page_Checkatrade Give your feedback/span_Search_Member' is clicked on

2020-02-10 13:57:48 - [MESSAGE][PASSED] - Object: 'Object Repository/Feedback/Page_Checkatrade Give your feedback/span_Search_Member' is clicked on

2020-02-10 13:57:48 - [TEST_STEP][PASSED] - markPassed(" * * * Trader OR CAT ID Selected, and Returned as Expected!"):  * * * Trader OR CAT ID Selected, and Returned as Expected!

2020-02-10 13:57:48 - [MESSAGE][PASSED] -  * * * Trader OR CAT ID Selected, and Returned as Expected!

2020-02-10 13:57:48 - [MESSAGE][PASSED] - Call Test Case 'Test Cases/Reusable_Test_Sequences/Give_Feedback/Which_Member_to_Review' successfully

2020-02-10 13:57:48 - [TEST_STEP][PASSED] - "--------------------------------------": null

2020-02-10 13:57:48 - [TEST_STEP][PASSED] - " Your Experience (page 1) Processing  |": null

2020-02-10 13:57:48 - [TEST_STEP][PASSED] - callTestCase(findTestCase("Reusable_Test_Sequences/Give_Feedback/Your_Experience/Your_Experience"), [:], CONTINUE_ON_FAILURE): Call Test Case 'Test Cases/Reusable_Test_Sequences/Give_Feedback/Your_Experience/Your_Experience' successfully

2020-02-10 13:57:48 - [TEST_CASE][PASSED] - Test Cases/Reusable_Test_Sequences/Give_Feedback/Your_Experience/Your_Experience: Test Cases/Reusable_Test_Sequences/Give_Feedback/Your_Experience/Your_Experience

2020-02-10 13:57:48 - [TEST_STEP][PASSED] - data = findTestData("Data Files/Give_Feedback (1)"): null

2020-02-10 13:57:48 - [TEST_STEP][PASSED] - YE_Recommend = data.getValue("YE_Recommendations", row): null

2020-02-10 13:57:48 - [TEST_STEP][PASSED] - "---------------------------------------------------------------------------------------": null

2020-02-10 13:57:48 - [TEST_STEP][PASSED] - " Your Experience (page 1) Returned with Recommendation Selection Set to Yes (Default)  |": null

2020-02-10 13:57:48 - [TEST_STEP][PASSED] - "---------------------------------------------------------------------------------------": null

2020-02-10 13:57:48 - [TEST_STEP][PASSED] - "Check URL Is The Correct One :-)": null

2020-02-10 13:57:48 - [TEST_STEP][PASSED] - "---------------------------------------------------------------------------------------": null

2020-02-10 13:57:48 - [TEST_STEP][PASSED] - " Your Experience (page 1) Recommend this trader?                                       |": null

2020-02-10 13:57:48 - [TEST_STEP][PASSED] - callTestCase(findTestCase("Reusable_Test_Sequences/Give_Feedback/Your_Experience/Recommendation_Selection"), [:], CONTINUE_ON_FAILURE): Call Test Case 'Test Cases/Reusable_Test_Sequences/Give_Feedback/Your_Experience/Recommendation_Selection' successfully

2020-02-10 13:57:48 - [TEST_CASE][PASSED] - Test Cases/Reusable_Test_Sequences/Give_Feedback/Your_Experience/Recommendation_Selection: Test Cases/Reusable_Test_Sequences/Give_Feedback/Your_Experience/Recommendation_Selection

2020-02-10 13:57:48 - [TEST_STEP][PASSED] - data = findTestData("Data Files/Give_Feedback (1)"): null

2020-02-10 13:57:48 - [TEST_STEP][PASSED] - YE_Recommend = data.getValue("YE_Recommendations", row): null

2020-02-10 13:57:48 - [TEST_STEP][PASSED] - "--------------------------------": null

2020-02-10 13:57:48 - [TEST_STEP][PASSED] - "Read data from spreadsheet      |": null

2020-02-10 13:57:48 - [TEST_STEP][PASSED] - "--------------------------------": null

2020-02-10 13:57:48 - [TEST_STEP][PASSED] - "--------------------------------": null

2020-02-10 13:57:48 - [TEST_STEP][PASSED] - "Set Recommendation - Yes or No  |": null

2020-02-10 13:57:48 - [TEST_STEP][PASSED] - if (YE_Recommend == "Yes"): null

2020-02-10 13:57:48 - [TEST_STEP][PASSED] - else if (YE_Recommend == "No"): Call Test Case 'Test Cases/Reusable_Test_Sequences/Give_Feedback/Your_Experience/Not_Recommend' successfully

2020-02-10 13:57:48 - [TEST_STEP][PASSED] - waitForElementClickable(findTestObject("Object Repository/Feedback/Page_Checkatrade Give your feedback/Page_Checkatrade Give your feedback/span_No"), 5): Object 'Object Repository/Feedback/Page_Checkatrade Give your feedback/Page_Checkatrade Give your feedback/span_No' is clickable

2020-02-10 13:57:49 - [MESSAGE][PASSED] - Object 'Object Repository/Feedback/Page_Checkatrade Give your feedback/Page_Checkatrade Give your feedback/span_No' is clickable

2020-02-10 13:57:49 - [TEST_STEP][PASSED] - click(findTestObject("Object Repository/Feedback/Page_Checkatrade Give your feedback/Page_Checkatrade Give your feedback/span_No")): Object: 'Object Repository/Feedback/Page_Checkatrade Give your feedback/Page_Checkatrade Give your feedback/span_No' is clicked on

2020-02-10 13:57:49 - [MESSAGE][PASSED] - Object: 'Object Repository/Feedback/Page_Checkatrade Give your feedback/Page_Checkatrade Give your feedback/span_No' is clicked on

2020-02-10 13:57:49 - [TEST_STEP][PASSED] - waitForPageLoad(5): Wait for page load successfully

2020-02-10 13:57:49 - [MESSAGE][PASSED] - Wait for page load successfully

2020-02-10 13:57:49 - [TEST_STEP][PASSED] - callTestCase(findTestCase("Reusable_Test_Sequences/Give_Feedback/Your_Experience/Not_Recommend"), [:], CONTINUE_ON_FAILURE): Call Test Case 'Test Cases/Reusable_Test_Sequences/Give_Feedback/Your_Experience/Not_Recommend' successfully

2020-02-10 13:57:49 - [TEST_CASE][PASSED] - Test Cases/Reusable_Test_Sequences/Give_Feedback/Your_Experience/Not_Recommend: Test Cases/Reusable_Test_Sequences/Give_Feedback/Your_Experience/Not_Recommend

2020-02-10 13:57:49 - [TEST_STEP][PASSED] - data = findTestData("Data Files/Give_Feedback (1)"): null

2020-02-10 13:57:49 - [TEST_STEP][PASSED] - YE_WorkCarriedOut = data.getValue("YE_Work_Carried_Out", row): null

2020-02-10 13:57:49 - [TEST_STEP][PASSED] - YE_NatureOfIssue = data.getValue("YE_Nature_Of_Issue", row): null

2020-02-10 13:57:49 - [TEST_STEP][PASSED] - YE_Comments = data.getValue("YE_Comments", row): null

2020-02-10 13:57:49 - [TEST_STEP][PASSED] - YE_FeedbackPublished = data.getValue("YE_Feedback_Published", row): null

2020-02-10 13:57:49 - [TEST_STEP][PASSED] - YE_ReasonNoFeedback = data.getValue("YE_Reason_No_Feedback", row): null

2020-02-10 13:57:49 - [TEST_STEP][PASSED] - YE_Resolve = data.getValue("YE_Resolve", row): null

2020-02-10 13:57:49 - [TEST_STEP][PASSED] - YE_Recommend = data.getValue("YE_Recommendations", row): null

2020-02-10 13:57:49 - [TEST_STEP][PASSED] - "--------------------------------": null

2020-02-10 13:57:49 - [TEST_STEP][PASSED] - "Read data from spreadsheet      |": null

2020-02-10 13:57:49 - [TEST_STEP][PASSED] - "--------------------------------": null

2020-02-10 13:57:49 - [TEST_STEP][PASSED] - "--------------------------------------": null

2020-02-10 13:57:49 - [TEST_STEP][PASSED] - " Was work carried out/Money Exchanged |": null

2020-02-10 13:57:49 - [TEST_STEP][PASSED] - if (YE_WorkCarriedOut == "No"): null

2020-02-10 13:57:49 - [TEST_STEP][PASSED] - else if (YE_WorkCarriedOut == "Yes"): Wait for page load successfully

2020-02-10 13:57:49 - [TEST_STEP][PASSED] - waitForElementClickable(findTestObject("Feedback_Non_Recommend/Page_Checkatrade Give your feedback/work_Carried_Out_span_Yes"), 25): Object 'Object Repository/Feedback_Non_Recommend/Page_Checkatrade Give your feedback/work_Carried_Out_span_Yes' is clickable

2020-02-10 13:57:49 - [MESSAGE][PASSED] - Object 'Object Repository/Feedback_Non_Recommend/Page_Checkatrade Give your feedback/work_Carried_Out_span_Yes' is clickable

2020-02-10 13:57:49 - [TEST_STEP][PASSED] - click(findTestObject("Feedback_Non_Recommend/Page_Checkatrade Give your feedback/work_Carried_Out_span_Yes")): Object: 'Object Repository/Feedback_Non_Recommend/Page_Checkatrade Give your feedback/work_Carried_Out_span_Yes' is clicked on

2020-02-10 13:57:49 - [MESSAGE][PASSED] - Object: 'Object Repository/Feedback_Non_Recommend/Page_Checkatrade Give your feedback/work_Carried_Out_span_Yes' is clicked on

2020-02-10 13:57:49 - [TEST_STEP][PASSED] - waitForPageLoad(2): Wait for page load successfully

2020-02-10 13:57:49 - [MESSAGE][PASSED] - Wait for page load successfully

2020-02-10 13:57:49 - [TEST_STEP][PASSED] - "--------------------------------------": null

2020-02-10 13:57:49 - [TEST_STEP][PASSED] - " Nature of Issue - Selection Box      |": null

2020-02-10 13:57:49 - [TEST_STEP][PASSED] - waitForElementClickable(findTestObject("Feedback_Non_Recommend/Page_Checkatrade Give your feedback/select_Please Select ShortForm"), 5): Object 'Object Repository/Feedback_Non_Recommend/Page_Checkatrade Give your feedback/select_Please Select ShortForm' is clickable

2020-02-10 13:57:49 - [MESSAGE][PASSED] - Object 'Object Repository/Feedback_Non_Recommend/Page_Checkatrade Give your feedback/select_Please Select ShortForm' is clickable

2020-02-10 13:57:49 - [TEST_STEP][PASSED] - selectOptionByLabel(findTestObject("Feedback_Non_Recommend/Page_Checkatrade Give your feedback/select_Please Select ShortForm"), YE_NatureOfIssue, false): All options with label 'Overcharging' are selected in object 'Object Repository/Feedback_Non_Recommend/Page_Checkatrade Give your feedback/select_Please Select ShortForm' 

2020-02-10 13:57:50 - [MESSAGE][PASSED] - All options with label 'Overcharging' are selected in object 'Object Repository/Feedback_Non_Recommend/Page_Checkatrade Give your feedback/select_Please Select ShortForm' 

2020-02-10 13:57:50 - [TEST_STEP][PASSED] - "------------------------------------------------": null

2020-02-10 13:57:50 - [TEST_STEP][PASSED] - " Scroll to <NEXT> Button to reveal Text Below   |": null

2020-02-10 13:57:50 - [TEST_STEP][PASSED] - waitForPageLoad(5): Wait for page load successfully

2020-02-10 13:57:50 - [MESSAGE][PASSED] - Wait for page load successfully

2020-02-10 13:57:50 - [TEST_STEP][PASSED] - waitForElementVisible(findTestObject("Feedback_Non_Recommend/Page_Checkatrade Give your feedback/select_Please Select ShortForm"), 25): Object 'Object Repository/Feedback_Non_Recommend/Page_Checkatrade Give your feedback/select_Please Select ShortForm' is visible

2020-02-10 13:57:50 - [MESSAGE][PASSED] - Object 'Object Repository/Feedback_Non_Recommend/Page_Checkatrade Give your feedback/select_Please Select ShortForm' is visible

2020-02-10 13:57:50 - [TEST_STEP][PASSED] - "--------------------------------------": null

2020-02-10 13:57:50 - [TEST_STEP][PASSED] - " Would you like to Publish Feedback?  |": null

2020-02-10 13:57:50 - [TEST_STEP][PASSED] - if (YE_FeedbackPublished == "No"): Wait for page load successfully

2020-02-10 13:57:50 - [TEST_STEP][PASSED] - waitForPageLoad(2): Wait for page load successfully

2020-02-10 13:57:50 - [MESSAGE][PASSED] - Wait for page load successfully

2020-02-10 13:57:50 - [TEST_STEP][PASSED] - if (YE_WorkCarriedOut == "Yes"): Object: 'Object Repository/Feedback_Non_Recommend/Page_Checkatrade Give your feedback/feedback_Published_span_No' is clicked on

2020-02-10 13:57:50 - [TEST_STEP][PASSED] - waitForElementClickable(findTestObject("Feedback_Non_Recommend/Page_Checkatrade Give your feedback/feedback_Published_span_No"), 25): Object 'Object Repository/Feedback_Non_Recommend/Page_Checkatrade Give your feedback/feedback_Published_span_No' is clickable

2020-02-10 13:57:50 - [MESSAGE][PASSED] - Object 'Object Repository/Feedback_Non_Recommend/Page_Checkatrade Give your feedback/feedback_Published_span_No' is clickable

2020-02-10 13:57:50 - [TEST_STEP][PASSED] - click(findTestObject("Feedback_Non_Recommend/Page_Checkatrade Give your feedback/feedback_Published_span_No")): Object: 'Object Repository/Feedback_Non_Recommend/Page_Checkatrade Give your feedback/feedback_Published_span_No' is clicked on

2020-02-10 13:57:50 - [MESSAGE][PASSED] - Object: 'Object Repository/Feedback_Non_Recommend/Page_Checkatrade Give your feedback/feedback_Published_span_No' is clicked on

2020-02-10 13:57:50 - [TEST_STEP][PASSED] - if (YE_WorkCarriedOut == "No"): null

2020-02-10 13:57:50 - [TEST_STEP][PASSED] - waitForPageLoad(5): Wait for page load successfully

2020-02-10 13:57:50 - [MESSAGE][PASSED] - Wait for page load successfully

2020-02-10 13:57:50 - [TEST_STEP][PASSED] - delay(1): Delayed 1 second(s)

2020-02-10 13:57:51 - [MESSAGE][PASSED] - Delayed 1 second(s)

2020-02-10 13:57:51 - [TEST_STEP][PASSED] - verifyTextPresent("By ticking ‘No’ we will not contact the trader but we may contact you.", false): Text 'By ticking ‘No’ we will not contact the trader but we may contact you.' is present on page 

2020-02-10 13:57:51 - [MESSAGE][PASSED] - Text 'By ticking ‘No’ we will not contact the trader but we may contact you.' is present on page 

2020-02-10 13:57:51 - [TEST_STEP][PASSED] - setText(findTestObject("Object Repository/Feedback_Non_Recommend/Page_Checkatrade Give your feedback/textarea_Please give your reason for this"), YE_ReasonNoFeedback): Text 'I would prefer not say' is set on object 'Object Repository/Feedback_Non_Recommend/Page_Checkatrade Give your feedback/textarea_Please give your reason for this'

2020-02-10 13:57:51 - [MESSAGE][PASSED] - Text 'I would prefer not say' is set on object 'Object Repository/Feedback_Non_Recommend/Page_Checkatrade Give your feedback/textarea_Please give your reason for this'

2020-02-10 13:57:51 - [TEST_STEP][PASSED] - waitForPageLoad(2): Wait for page load successfully

2020-02-10 13:57:51 - [MESSAGE][PASSED] - Wait for page load successfully

2020-02-10 13:57:51 - [TEST_STEP][PASSED] - delay(1): Delayed 1 second(s)

2020-02-10 13:57:52 - [MESSAGE][PASSED] - Delayed 1 second(s)

2020-02-10 13:57:52 - [MESSAGE][PASSED] - Call Test Case 'Test Cases/Reusable_Test_Sequences/Give_Feedback/Your_Experience/Not_Recommend' successfully

2020-02-10 13:57:52 - [TEST_STEP][PASSED] - out.println("Your Experience, Recommendation, Click on the <" + YE_Recommend + "> Option Button "): null

2020-02-10 13:57:52 - [TEST_STEP][PASSED] - waitForPageLoad(60): Wait for page load successfully

2020-02-10 13:57:52 - [MESSAGE][PASSED] - Wait for page load successfully

2020-02-10 13:57:52 - [MESSAGE][PASSED] - Call Test Case 'Test Cases/Reusable_Test_Sequences/Give_Feedback/Your_Experience/Recommendation_Selection' successfully

2020-02-10 13:57:52 - [TEST_STEP][PASSED] - "---------------------------------------------------------------------------------------": null

2020-02-10 13:57:52 - [TEST_STEP][PASSED] - " SELECTING _ NO Recommend Restructures this PAGE, So need to exclude the below tests  ": null

2020-02-10 13:57:52 - [TEST_STEP][PASSED] - if (YE_Recommend == "Yes"): null

2020-02-10 13:57:52 - [TEST_STEP][PASSED] - "---------------------------------------------------------------------------------------------------------": null

2020-02-10 13:57:52 - [TEST_STEP][PASSED] - " Your Experience (page 1) Hit <Next> Button to Continue to <Your Scores>- (page 2) If Recommend = YES    |": null

2020-02-10 13:57:52 - [TEST_STEP][PASSED] - "                                                        OR <Your Details>-(page 3) If Recommend = NO     |": null

2020-02-10 13:57:52 - [TEST_STEP][PASSED] - callTestCase(findTestCase("Reusable_Test_Sequences/Give_Feedback/Hit_Next"), [:], CONTINUE_ON_FAILURE): Call Test Case 'Test Cases/Reusable_Test_Sequences/Give_Feedback/Hit_Next' successfully

2020-02-10 13:57:52 - [TEST_CASE][PASSED] - Test Cases/Reusable_Test_Sequences/Give_Feedback/Hit_Next: Test Cases/Reusable_Test_Sequences/Give_Feedback/Hit_Next

2020-02-10 13:57:52 - [TEST_STEP][PASSED] - click(findTestObject("Object Repository/Page_Checkatrade Give your feedback/input_No_ctl00contentButton4")): Object: 'Object Repository/Page_Checkatrade Give your feedback/input_No_ctl00contentButton4' is clicked on

2020-02-10 13:57:54 - [MESSAGE][PASSED] - Object: 'Object Repository/Page_Checkatrade Give your feedback/input_No_ctl00contentButton4' is clicked on

2020-02-10 13:57:54 - [TEST_STEP][PASSED] - waitForPageLoad(2): Wait for page load successfully

2020-02-10 13:57:54 - [MESSAGE][PASSED] - Wait for page load successfully

2020-02-10 13:57:54 - [MESSAGE][PASSED] - Call Test Case 'Test Cases/Reusable_Test_Sequences/Give_Feedback/Hit_Next' successfully

2020-02-10 13:57:54 - [TEST_STEP][PASSED] - waitForPageLoad(2): Wait for page load successfully

2020-02-10 13:57:54 - [MESSAGE][PASSED] - Wait for page load successfully

2020-02-10 13:57:54 - [MESSAGE][PASSED] - Call Test Case 'Test Cases/Reusable_Test_Sequences/Give_Feedback/Your_Experience/Your_Experience' successfully

2020-02-10 13:57:54 - [TEST_STEP][PASSED] - "--------------------------------------": null

2020-02-10 13:57:54 - [TEST_STEP][PASSED] - " Your Scores (page 2) Processing      |": null

2020-02-10 13:57:54 - [TEST_STEP][PASSED] - YE_Recommend = data.getValue("YE_Recommendations", row): null

2020-02-10 13:57:54 - [TEST_STEP][PASSED] - YE_WorkCarriedOut = data.getValue("YE_Work_Carried_Out", row): null

2020-02-10 13:57:54 - [TEST_STEP][PASSED] - if (YE_Recommend == "Yes"): null

2020-02-10 13:57:54 - [TEST_STEP][PASSED] - if (YE_Recommend == "No" && YE_WorkCarriedOut == "Yes"): Call Test Case 'Test Cases/Reusable_Test_Sequences/Give_Feedback/Your_Scores/Your_Scores_Alt' successfully

2020-02-10 13:57:54 - [TEST_STEP][PASSED] - callTestCase(findTestCase("Reusable_Test_Sequences/Give_Feedback/Your_Scores/Your_Scores_Alt"), [:], CONTINUE_ON_FAILURE): Call Test Case 'Test Cases/Reusable_Test_Sequences/Give_Feedback/Your_Scores/Your_Scores_Alt' successfully

2020-02-10 13:57:54 - [TEST_CASE][PASSED] - Test Cases/Reusable_Test_Sequences/Give_Feedback/Your_Scores/Your_Scores_Alt: Test Cases/Reusable_Test_Sequences/Give_Feedback/Your_Scores/Your_Scores_Alt

2020-02-10 13:57:54 - [TEST_STEP][PASSED] - "------------------------------------------------------------------------------------------": null

2020-02-10 13:57:54 - [TEST_STEP][PASSED] - " Your Scores (page 2) Returned with 2 Main Sections - <Your Scores> and <Details of Work> |": null

2020-02-10 13:57:54 - [TEST_STEP][PASSED] - "                                             Tidiness Listbox Selection, NA, 0 through 10 |": null

2020-02-10 13:57:54 - [TEST_STEP][PASSED] - "------------------------------------------------------------------------------------------": null

2020-02-10 13:57:54 - [TEST_STEP][PASSED] - "------------------------------------------------------------------------------------------": null

2020-02-10 13:57:54 - [TEST_STEP][PASSED] - " Your Scores (page 2) Returned with 2 Main Sections - <Your Scores> and <Details of Work> |": null

2020-02-10 13:57:54 - [TEST_STEP][PASSED] - "                          Reliability and Timekeeping Listbox Selection, NA, 0 through 10 |": null

2020-02-10 13:57:54 - [TEST_STEP][PASSED] - "------------------------------------------------------------------------------------------": null

2020-02-10 13:57:54 - [TEST_STEP][PASSED] - "------------------------------------------------------------------------------------------": null

2020-02-10 13:57:54 - [TEST_STEP][PASSED] - " Your Scores (page 2) Returned with 2 Main Sections - <Your Scores> and <Details of Work> |": null

2020-02-10 13:57:54 - [TEST_STEP][PASSED] - "                                             Courtesy Listbox Selection, NA, 0 through 10 |": null

2020-02-10 13:57:54 - [TEST_STEP][PASSED] - "------------------------------------------------------------------------------------------": null

2020-02-10 13:57:54 - [TEST_STEP][PASSED] - "------------------------------------------------------------------------------------------": null

2020-02-10 13:57:54 - [TEST_STEP][PASSED] - " Your Scores (page 2) Returned with 2 Main Sections - <Your Scores> and <Details of Work> |": null

2020-02-10 13:57:54 - [TEST_STEP][PASSED] - "                                     Standard of Work Listbox Selection, NA, 0 through 10 |": null

2020-02-10 13:57:54 - [TEST_STEP][PASSED] - callTestCase(findTestCase("Reusable_Test_Sequences/Give_Feedback/Your_Scores/Your_Scores_List_Box_Selection_Alt"), [:], CONTINUE_ON_FAILURE): Call Test Case 'Test Cases/Reusable_Test_Sequences/Give_Feedback/Your_Scores/Your_Scores_List_Box_Selection_Alt' successfully

2020-02-10 13:57:54 - [TEST_CASE][PASSED] - Test Cases/Reusable_Test_Sequences/Give_Feedback/Your_Scores/Your_Scores_List_Box_Selection_Alt: Test Cases/Reusable_Test_Sequences/Give_Feedback/Your_Scores/Your_Scores_List_Box_Selection_Alt

2020-02-10 13:57:54 - [TEST_STEP][PASSED] - data = findTestData("Data Files/Give_Feedback (1)"): null

2020-02-10 13:57:54 - [TEST_STEP][PASSED] - YS_Tidiness = data.getValue("YS_Tidiness_ALT", row): null

2020-02-10 13:57:54 - [TEST_STEP][PASSED] - YS_Reliability = data.getValue("YS_Reliability_ALT", row): null

2020-02-10 13:57:54 - [TEST_STEP][PASSED] - YS_Courtesy = data.getValue("YS_Courtesy_ALT", row): null

2020-02-10 13:57:54 - [TEST_STEP][PASSED] - YS_Workmanship = data.getValue("YS_Workmanship_ALT", row): null

2020-02-10 13:57:54 - [TEST_STEP][PASSED] - "--------------------------------": null

2020-02-10 13:57:54 - [TEST_STEP][PASSED] - "Read data from spreadsheet      |": null

2020-02-10 13:57:54 - [TEST_STEP][PASSED] - "--------------------------------": null

2020-02-10 13:57:54 - [TEST_STEP][PASSED] - "------------------------------------------------------": null

2020-02-10 13:57:54 - [TEST_STEP][PASSED] - " Wait Fro Top ListBox to be Active/Clickable          |": null

2020-02-10 13:57:54 - [TEST_STEP][PASSED] - "------------------------------------------------------": null

2020-02-10 13:57:54 - [TEST_STEP][PASSED] - "------------------------------------------------------": null

2020-02-10 13:57:54 - [TEST_STEP][PASSED] - "Select Tidiness Value form List                       |": null

2020-02-10 13:57:54 - [TEST_STEP][PASSED] - selectOptionByValue(findTestObject("Feedback_Non_Recommend/Page_Checkatrade Give your feedback/select_--YS_Tidiness"), YS_Tidiness, false): All options with value '6' are selected in object 'Object Repository/Feedback_Non_Recommend/Page_Checkatrade Give your feedback/select_--YS_Tidiness' 

2020-02-10 13:57:54 - [MESSAGE][PASSED] - All options with value '6' are selected in object 'Object Repository/Feedback_Non_Recommend/Page_Checkatrade Give your feedback/select_--YS_Tidiness' 

2020-02-10 13:57:54 - [TEST_STEP][PASSED] - waitForPageLoad(2): Wait for page load successfully

2020-02-10 13:57:54 - [MESSAGE][PASSED] - Wait for page load successfully

2020-02-10 13:57:54 - [TEST_STEP][PASSED] - "------------------------------------------------------": null

2020-02-10 13:57:54 - [TEST_STEP][PASSED] - "Select Reliability and Timekeeping Value form List    |": null

2020-02-10 13:57:54 - [TEST_STEP][PASSED] - selectOptionByValue(findTestObject("Feedback_Non_Recommend/Page_Checkatrade Give your feedback/select_--YS_Reliability"), YS_Reliability, false): All options with value '2' are selected in object 'Object Repository/Feedback_Non_Recommend/Page_Checkatrade Give your feedback/select_--YS_Reliability' 

2020-02-10 13:57:55 - [MESSAGE][PASSED] - All options with value '2' are selected in object 'Object Repository/Feedback_Non_Recommend/Page_Checkatrade Give your feedback/select_--YS_Reliability' 

2020-02-10 13:57:55 - [TEST_STEP][PASSED] - waitForPageLoad(2): Wait for page load successfully

2020-02-10 13:57:55 - [MESSAGE][PASSED] - Wait for page load successfully

2020-02-10 13:57:55 - [TEST_STEP][PASSED] - "------------------------------------------------------": null

2020-02-10 13:57:55 - [TEST_STEP][PASSED] - "Select Courtesy Value form List                       |": null

2020-02-10 13:57:55 - [TEST_STEP][PASSED] - selectOptionByValue(findTestObject("Feedback_Non_Recommend/Page_Checkatrade Give your feedback/select_--YS_Courtesy"), YS_Reliability, false): All options with value '2' are selected in object 'Object Repository/Feedback_Non_Recommend/Page_Checkatrade Give your feedback/select_--YS_Courtesy' 

2020-02-10 13:57:55 - [MESSAGE][PASSED] - All options with value '2' are selected in object 'Object Repository/Feedback_Non_Recommend/Page_Checkatrade Give your feedback/select_--YS_Courtesy' 

2020-02-10 13:57:55 - [TEST_STEP][PASSED] - waitForPageLoad(2): Wait for page load successfully

2020-02-10 13:57:55 - [MESSAGE][PASSED] - Wait for page load successfully

2020-02-10 13:57:55 - [TEST_STEP][PASSED] - "------------------------------------------------------": null

2020-02-10 13:57:55 - [TEST_STEP][PASSED] - "Select Quality and Workmanship Value form List        |": null

2020-02-10 13:57:55 - [TEST_STEP][PASSED] - selectOptionByValue(findTestObject("Feedback_Non_Recommend/Page_Checkatrade Give your feedback/select_--YS_Workmanship"), YS_Workmanship, false): All options with value '5' are selected in object 'Object Repository/Feedback_Non_Recommend/Page_Checkatrade Give your feedback/select_--YS_Workmanship' 

2020-02-10 13:57:55 - [MESSAGE][PASSED] - All options with value '5' are selected in object 'Object Repository/Feedback_Non_Recommend/Page_Checkatrade Give your feedback/select_--YS_Workmanship' 

2020-02-10 13:57:55 - [TEST_STEP][PASSED] - delay(1): Delayed 1 second(s)

2020-02-10 13:57:56 - [MESSAGE][PASSED] - Delayed 1 second(s)

2020-02-10 13:57:56 - [MESSAGE][PASSED] - Call Test Case 'Test Cases/Reusable_Test_Sequences/Give_Feedback/Your_Scores/Your_Scores_List_Box_Selection_Alt' successfully

2020-02-10 13:57:56 - [TEST_STEP][PASSED] - "------------------------------------------------------------------------------------------": null

2020-02-10 13:57:56 - [TEST_STEP][PASSED] - " Your Scores (page 2) Returned with 2 Main Sections - <Your Scores> and <Details of Work> |": null

2020-02-10 13:57:56 - [TEST_STEP][PASSED] - " Details of Work Done - Form FIll<Description>,<Approx. date>,<How Long>, <Comments> and  |": null

2020-02-10 13:57:56 - [TEST_STEP][PASSED] - "                                                               <Feedback Publish Confirm> |": null

2020-02-10 13:57:56 - [TEST_STEP][PASSED] - callTestCase(findTestCase("Reusable_Test_Sequences/Give_Feedback/Your_Scores/Details_of_work_Done_Formfill_ALT"), [:], CONTINUE_ON_FAILURE): Call Test Case 'Test Cases/Reusable_Test_Sequences/Give_Feedback/Your_Scores/Details_of_work_Done_Formfill_ALT' successfully

2020-02-10 13:57:56 - [TEST_CASE][PASSED] - Test Cases/Reusable_Test_Sequences/Give_Feedback/Your_Scores/Details_of_work_Done_Formfill_ALT: Test Cases/Reusable_Test_Sequences/Give_Feedback/Your_Scores/Details_of_work_Done_Formfill_ALT

2020-02-10 13:57:56 - [TEST_STEP][PASSED] - data = findTestData("Data Files/Give_Feedback (1)"): null

2020-02-10 13:57:56 - [TEST_STEP][PASSED] - YS_Work_Description = data.getValue("YS_Work_Description", row): null

2020-02-10 13:57:56 - [TEST_STEP][PASSED] - YS_Work_Date = data.getValue("YS_Work_Date", row): null

2020-02-10 13:57:56 - [TEST_STEP][PASSED] - YS_Days_to_Complete = data.getValue("YS_Days_to_Complete", row): null

2020-02-10 13:57:56 - [TEST_STEP][PASSED] - YS_Work_Comments = data.getValue("YS_Work_Comments", row): null

2020-02-10 13:57:56 - [TEST_STEP][PASSED] - YS_Feedback_Published = data.getValue("YS_Feedback_Published", row): null

2020-02-10 13:57:56 - [TEST_STEP][PASSED] - YS_Work_Covered = data.getValue("YS_Work_Covered_ALT", row): null

2020-02-10 13:57:56 - [TEST_STEP][PASSED] - YS_Discussed_Complaint = data.getValue("YS_Discussed_Complaint_ALT", row): null

2020-02-10 13:57:56 - [TEST_STEP][PASSED] - YS_Complaint_Response = data.getValue("YS_Complaint_Reponse_ALT", row): null

2020-02-10 13:57:56 - [TEST_STEP][PASSED] - "---------------------------------": null

2020-02-10 13:57:56 - [TEST_STEP][PASSED] - "Read data from spreadsheet       |": null

2020-02-10 13:57:56 - [TEST_STEP][PASSED] - "---------------------------------": null

2020-02-10 13:57:56 - [TEST_STEP][PASSED] - "---------------------------------": null

2020-02-10 13:57:56 - [TEST_STEP][PASSED] - "Brief description of work done   |": null

2020-02-10 13:57:56 - [TEST_STEP][PASSED] - setText(findTestObject("Object Repository/Page_Checkatrade Give your feedback/input_Brief description of work done_ctl00contenttbWorkDescription"), YS_Work_Description): Text 'Parrot had a new Beak fitted' is set on object 'Object Repository/Page_Checkatrade Give your feedback/input_Brief description of work done_ctl00contenttbWorkDescription'

2020-02-10 13:57:57 - [MESSAGE][PASSED] - Text 'Parrot had a new Beak fitted' is set on object 'Object Repository/Page_Checkatrade Give your feedback/input_Brief description of work done_ctl00contenttbWorkDescription'

2020-02-10 13:57:57 - [TEST_STEP][PASSED] - "---------------------------------": null

2020-02-10 13:57:57 - [TEST_STEP][PASSED] - "Date work was done (approx)      |": null

2020-02-10 13:57:57 - [TEST_STEP][PASSED] - "---------------------------------": null

2020-02-10 13:57:57 - [TEST_STEP][PASSED] - "---------------------------------": null

2020-02-10 13:57:57 - [TEST_STEP][PASSED] - "How many days did this job take? |": null

2020-02-10 13:57:57 - [TEST_STEP][PASSED] - setText(findTestObject("Object Repository/Page_Checkatrade Give your feedback/input_How many days did this job take"), YS_Days_to_Complete): Text '77' is set on object 'Object Repository/Page_Checkatrade Give your feedback/input_How many days did this job take'

2020-02-10 13:57:57 - [MESSAGE][PASSED] - Text '77' is set on object 'Object Repository/Page_Checkatrade Give your feedback/input_How many days did this job take'

2020-02-10 13:57:57 - [TEST_STEP][PASSED] - "---------------------------------": null

2020-02-10 13:57:57 - [TEST_STEP][PASSED] - "Your comments about the work     |": null

2020-02-10 13:57:57 - [TEST_STEP][PASSED] - setText(findTestObject("Object Repository/Page_Checkatrade Give your feedback/textarea_Your comments about the work_ctl00contenttbWorkComments"), YS_Work_Comments): Text 'Parrot had to wait so long for a new beak?' is set on object 'Object Repository/Page_Checkatrade Give your feedback/textarea_Your comments about the work_ctl00contenttbWorkComments'

2020-02-10 13:57:58 - [MESSAGE][PASSED] - Text 'Parrot had to wait so long for a new beak?' is set on object 'Object Repository/Page_Checkatrade Give your feedback/textarea_Your comments about the work_ctl00contenttbWorkComments'

2020-02-10 13:57:58 - [TEST_STEP][PASSED] - "---------------------------------------": null

2020-02-10 13:57:58 - [TEST_STEP][PASSED] - " Scroll Bottom of Page Into View <Next>|": null

2020-02-10 13:57:58 - [TEST_STEP][PASSED] - scrollToPosition(500, 500): Browser is scrolled to position x = 500, y = 500

2020-02-10 13:57:58 - [MESSAGE][PASSED] - Browser is scrolled to position x = 500, y = 500

2020-02-10 13:57:58 - [TEST_STEP][PASSED] - "---------------------------------------": null

2020-02-10 13:57:58 - [TEST_STEP][PASSED] - " Work is Guaranteed       - Yes or No  |": null

2020-02-10 13:57:58 - [TEST_STEP][PASSED] - if (YS_Work_Covered == "Yes"): Object: 'Object Repository/Feedback_Non_Recommend/Page_Checkatrade Give your feedback/Warranty_Cover_span_Yes' is clicked on

2020-02-10 13:57:58 - [TEST_STEP][PASSED] - waitForElementClickable(findTestObject("Feedback_Non_Recommend/Page_Checkatrade Give your feedback/Warranty_Cover_span_Yes"), 2): Object 'Object Repository/Feedback_Non_Recommend/Page_Checkatrade Give your feedback/Warranty_Cover_span_Yes' is clickable

2020-02-10 13:57:58 - [MESSAGE][PASSED] - Object 'Object Repository/Feedback_Non_Recommend/Page_Checkatrade Give your feedback/Warranty_Cover_span_Yes' is clickable

2020-02-10 13:57:58 - [TEST_STEP][PASSED] - click(findTestObject("Feedback_Non_Recommend/Page_Checkatrade Give your feedback/Warranty_Cover_span_Yes")): Object: 'Object Repository/Feedback_Non_Recommend/Page_Checkatrade Give your feedback/Warranty_Cover_span_Yes' is clicked on

2020-02-10 13:57:58 - [MESSAGE][PASSED] - Object: 'Object Repository/Feedback_Non_Recommend/Page_Checkatrade Give your feedback/Warranty_Cover_span_Yes' is clicked on

2020-02-10 13:57:58 - [TEST_STEP][PASSED] - waitForPageLoad(25): Wait for page load successfully

2020-02-10 13:57:58 - [MESSAGE][PASSED] - Wait for page load successfully

2020-02-10 13:57:58 - [TEST_STEP][PASSED] - "---------------------------------------": null

2020-02-10 13:57:58 - [TEST_STEP][PASSED] - " Complaint Discussed      - Yes or No  |": null

2020-02-10 13:57:58 - [TEST_STEP][PASSED] - if (YS_Discussed_Complaint == "Yes"): Text 'It was my Cats fault' is set on object 'Object Repository/Feedback_Non_Recommend/Page_Checkatrade Give your feedback/Complaint_Response'

2020-02-10 13:57:58 - [TEST_STEP][PASSED] - waitForElementClickable(findTestObject("Feedback_Non_Recommend/Page_Checkatrade Give your feedback/Discussed_Complaint_span_Yes"), 25): Object 'Object Repository/Feedback_Non_Recommend/Page_Checkatrade Give your feedback/Discussed_Complaint_span_Yes' is clickable

2020-02-10 13:57:58 - [MESSAGE][PASSED] - Object 'Object Repository/Feedback_Non_Recommend/Page_Checkatrade Give your feedback/Discussed_Complaint_span_Yes' is clickable

2020-02-10 13:57:58 - [TEST_STEP][PASSED] - click(findTestObject("Feedback_Non_Recommend/Page_Checkatrade Give your feedback/Discussed_Complaint_span_Yes")): Object: 'Object Repository/Feedback_Non_Recommend/Page_Checkatrade Give your feedback/Discussed_Complaint_span_Yes' is clicked on

2020-02-10 13:57:58 - [MESSAGE][PASSED] - Object: 'Object Repository/Feedback_Non_Recommend/Page_Checkatrade Give your feedback/Discussed_Complaint_span_Yes' is clicked on

2020-02-10 13:57:58 - [TEST_STEP][PASSED] - delay(1): Delayed 1 second(s)

2020-02-10 13:57:59 - [MESSAGE][PASSED] - Delayed 1 second(s)

2020-02-10 13:57:59 - [TEST_STEP][PASSED] - waitForPageLoad(25): Wait for page load successfully

2020-02-10 13:58:00 - [MESSAGE][PASSED] - Wait for page load successfully

2020-02-10 13:58:00 - [TEST_STEP][PASSED] - setText(findTestObject("Feedback_Non_Recommend/Page_Checkatrade Give your feedback/Complaint_Response"), YS_Complaint_Response): Text 'It was my Cats fault' is set on object 'Object Repository/Feedback_Non_Recommend/Page_Checkatrade Give your feedback/Complaint_Response'

2020-02-10 13:58:00 - [MESSAGE][PASSED] - Text 'It was my Cats fault' is set on object 'Object Repository/Feedback_Non_Recommend/Page_Checkatrade Give your feedback/Complaint_Response'

2020-02-10 13:58:00 - [TEST_STEP][PASSED] - "--------------------------------": null

2020-02-10 13:58:00 - [TEST_STEP][PASSED] - delay(1): Delayed 1 second(s)

2020-02-10 13:58:01 - [MESSAGE][PASSED] - Delayed 1 second(s)

2020-02-10 13:58:01 - [TEST_STEP][PASSED] - "---------------------------------": null

2020-02-10 13:58:01 - [TEST_STEP][PASSED] - "Your comments about the work     |": null

2020-02-10 13:58:01 - [TEST_STEP][PASSED] - click(findTestObject("Object Repository/Page_Checkatrade Give your feedback/input_No_ctl00contentButton6")): Object: 'Object Repository/Page_Checkatrade Give your feedback/input_No_ctl00contentButton6' is clicked on

2020-02-10 13:58:03 - [MESSAGE][PASSED] - Object: 'Object Repository/Page_Checkatrade Give your feedback/input_No_ctl00contentButton6' is clicked on

2020-02-10 13:58:03 - [MESSAGE][PASSED] - Call Test Case 'Test Cases/Reusable_Test_Sequences/Give_Feedback/Your_Scores/Details_of_work_Done_Formfill_ALT' successfully

2020-02-10 13:58:03 - [TEST_STEP][PASSED] - scrollToPosition(125, 0): Browser is scrolled to position x = 125, y = 0

2020-02-10 13:58:03 - [MESSAGE][PASSED] - Browser is scrolled to position x = 125, y = 0

2020-02-10 13:58:03 - [TEST_STEP][PASSED] - "------------------------------------------------------------------------------------------": null

2020-02-10 13:58:03 - [TEST_STEP][PASSED] - " Your Experience (page 2) Hit <Next> Button to Continue to <Your Details>- (page 3)       |": null

2020-02-10 13:58:03 - [TEST_STEP][PASSED] - try: null

2020-02-10 13:58:03 - [TEST_STEP][PASSED] - callTestCase(findTestCase("Reusable_Test_Sequences/Give_Feedback/Your_Scores/Hit_Next"), 1): null

2020-02-10 13:58:03 - [TEST_STEP][PASSED] - catch (Exception e): null

2020-02-10 13:58:03 - [MESSAGE][PASSED] - Call Test Case 'Test Cases/Reusable_Test_Sequences/Give_Feedback/Your_Scores/Your_Scores_Alt' successfully

2020-02-10 13:58:03 - [TEST_STEP][PASSED] - "--------------------------------------": null

2020-02-10 13:58:03 - [TEST_STEP][PASSED] - " Your Details (page 3) Processing     |": null

2020-02-10 13:58:03 - [TEST_STEP][PASSED] - callTestCase(findTestCase("Reusable_Test_Sequences/Give_Feedback/Your_Details/Your_Details"), [:], CONTINUE_ON_FAILURE): Call Test Case 'Test Cases/Reusable_Test_Sequences/Give_Feedback/Your_Details/Your_Details' successfully

2020-02-10 13:58:03 - [TEST_CASE][PASSED] - Test Cases/Reusable_Test_Sequences/Give_Feedback/Your_Details/Your_Details: Test Cases/Reusable_Test_Sequences/Give_Feedback/Your_Details/Your_Details

2020-02-10 13:58:03 - [TEST_STEP][PASSED] - "---------------------------------------------------------------------------------------": null

2020-02-10 13:58:03 - [TEST_STEP][PASSED] - " Your Details (page 3)                                                                 |": null

2020-02-10 13:58:03 - [TEST_STEP][PASSED] - "---------------------------------------------------------------------------------------": null

2020-02-10 13:58:03 - [TEST_STEP][PASSED] - "-------------------------------------": null

2020-02-10 13:58:03 - [TEST_STEP][PASSED] - " Consumer or Customer Selection      |": null

2020-02-10 13:58:03 - [TEST_STEP][PASSED] - callTestCase(findTestCase("Reusable_Test_Sequences/Give_Feedback/Your_Details/Consumer_or_Customer_Selection"), [:], STOP_ON_FAILURE): Call Test Case 'Test Cases/Reusable_Test_Sequences/Give_Feedback/Your_Details/Consumer_or_Customer_Selection' successfully

2020-02-10 13:58:03 - [TEST_CASE][PASSED] - Test Cases/Reusable_Test_Sequences/Give_Feedback/Your_Details/Consumer_or_Customer_Selection: Test Cases/Reusable_Test_Sequences/Give_Feedback/Your_Details/Consumer_or_Customer_Selection

2020-02-10 13:58:03 - [TEST_STEP][PASSED] - "--------------------------------": null

2020-02-10 13:58:03 - [TEST_STEP][PASSED] - "Read data from spreadsheet      |": null

2020-02-10 13:58:03 - [TEST_STEP][PASSED] - data = findTestData("Data Files/Give_Feedback (1)"): null

2020-02-10 13:58:03 - [TEST_STEP][PASSED] - YD_Consumer_Customer = data.getValue("YD_Consumer_Customer", row): null

2020-02-10 13:58:03 - [TEST_STEP][PASSED] - out.println("Your Details, Consumer OR Trade Customer, Click on the " + YD_Consumer_Customer + " Option Button "): null

2020-02-10 13:58:03 - [TEST_STEP][PASSED] - try: null

2020-02-10 13:58:03 - [TEST_STEP][PASSED] - if (YD_Consumer_Customer == "Consumer"): Object 'Object Repository/Page_Checkatrade Give your feedback/span_an individual consumer' is clickable

2020-02-10 13:58:03 - [MESSAGE][PASSED] - Object 'Object Repository/Page_Checkatrade Give your feedback/span_an individual consumer' is clickable

2020-02-10 13:58:03 - [TEST_STEP][PASSED] - click(findTestObject("Object Repository/Page_Checkatrade Give your feedback/span_an individual consumer"), 1): null

2020-02-10 13:58:03 - [TEST_STEP][PASSED] - catch (Exception e): null

2020-02-10 13:58:03 - [TEST_STEP][PASSED] - if (YD_Consumer_Customer == "Customer"): null

2020-02-10 13:58:03 - [TEST_STEP][PASSED] - out.println("Your Experience, Recommendation, Click on the " + YD_Consumer_Customer + " Option Button "): null

2020-02-10 13:58:03 - [MESSAGE][PASSED] - Call Test Case 'Test Cases/Reusable_Test_Sequences/Give_Feedback/Your_Details/Consumer_or_Customer_Selection' successfully

2020-02-10 13:58:03 - [TEST_STEP][PASSED] - "-------------------------------------": null

2020-02-10 13:58:03 - [TEST_STEP][PASSED] - " Fill Personal Details               |": null

2020-02-10 13:58:03 - [TEST_STEP][PASSED] - callTestCase(findTestCase("Reusable_Test_Sequences/Give_Feedback/Your_Details/Personal_Details_Formfill"), [:], STOP_ON_FAILURE): Call Test Case 'Test Cases/Reusable_Test_Sequences/Give_Feedback/Your_Details/Personal_Details_Formfill' successfully

2020-02-10 13:58:03 - [TEST_CASE][PASSED] - Test Cases/Reusable_Test_Sequences/Give_Feedback/Your_Details/Personal_Details_Formfill: Test Cases/Reusable_Test_Sequences/Give_Feedback/Your_Details/Personal_Details_Formfill

2020-02-10 13:58:03 - [TEST_STEP][PASSED] - "--------------------------------": null

2020-02-10 13:58:03 - [TEST_STEP][PASSED] - "Read data from spreadsheet      |": null

2020-02-10 13:58:03 - [TEST_STEP][PASSED] - data = findTestData("Data Files/Give_Feedback (1)"): null

2020-02-10 13:58:04 - [TEST_STEP][PASSED] - YD_Salutation = data.getValue("YD_Salutation", row): null

2020-02-10 13:58:04 - [TEST_STEP][PASSED] - YD_Name = data.getValue("YD_Name", row): null

2020-02-10 13:58:04 - [TEST_STEP][PASSED] - YD_Company_Name = data.getValue("YD_Company_Name", row): null

2020-02-10 13:58:04 - [TEST_STEP][PASSED] - YD_Postcode = data.getValue("YD_Postcode", row): null

2020-02-10 13:58:04 - [TEST_STEP][PASSED] - YD_Verify_Address = data.getValue("YD_Verify_Address", row): null

2020-02-10 13:58:04 - [TEST_STEP][PASSED] - YD_Consumer_Customer = data.getValue("YD_Consumer_Customer", row): null

2020-02-10 13:58:04 - [TEST_STEP][PASSED] - out.println("Your Experience, Your details, Set the " + YD_Salutation + " Text Box "): null

2020-02-10 13:58:04 - [TEST_STEP][PASSED] - "--------------------": null

2020-02-10 13:58:04 - [TEST_STEP][PASSED] - "  Set  Salutation   |": null

2020-02-10 13:58:04 - [TEST_STEP][PASSED] - delay(1): Delayed 1 second(s)

2020-02-10 13:58:05 - [MESSAGE][PASSED] - Delayed 1 second(s)

2020-02-10 13:58:05 - [TEST_STEP][PASSED] - selectOptionByValue(findTestObject("Object Repository/New Folder/Page_Checkatrade Give your feedback/select_MrMrsMissMsMr  MrsDrRevRevd"), YD_Salutation, true): All options with value 'Mr' are selected in object 'Object Repository/New Folder/Page_Checkatrade Give your feedback/select_MrMrsMissMsMr  MrsDrRevRevd'  using regular expression

2020-02-10 13:58:05 - [MESSAGE][PASSED] - All options with value 'Mr' are selected in object 'Object Repository/New Folder/Page_Checkatrade Give your feedback/select_MrMrsMissMsMr  MrsDrRevRevd'  using regular expression

2020-02-10 13:58:05 - [TEST_STEP][PASSED] - "--------------------": null

2020-02-10 13:58:05 - [TEST_STEP][PASSED] - "  Set  Name         |": null

2020-02-10 13:58:05 - [TEST_STEP][PASSED] - if (YD_Consumer_Customer == "Consumer"): Text 'Ron Smith' is set on object 'Object Repository/New Folder/Page_Checkatrade Give your feedback/input_Name_ctl00contenttbCustomerName'

2020-02-10 13:58:05 - [TEST_STEP][PASSED] - setText(findTestObject("Object Repository/New Folder/Page_Checkatrade Give your feedback/input_Name_ctl00contenttbCustomerName"), YD_Name): Text 'Ron Smith' is set on object 'Object Repository/New Folder/Page_Checkatrade Give your feedback/input_Name_ctl00contenttbCustomerName'

2020-02-10 13:58:05 - [MESSAGE][PASSED] - Text 'Ron Smith' is set on object 'Object Repository/New Folder/Page_Checkatrade Give your feedback/input_Name_ctl00contenttbCustomerName'

2020-02-10 13:58:05 - [TEST_STEP][PASSED] - "----------------------": null

2020-02-10 13:58:05 - [TEST_STEP][PASSED] - " Name of you company  |": null

2020-02-10 13:58:05 - [TEST_STEP][PASSED] - if (YD_Consumer_Customer == "Customer"): null

2020-02-10 13:58:05 - [TEST_STEP][PASSED] - "--------------------": null

2020-02-10 13:58:05 - [TEST_STEP][PASSED] - "  Set Postcode     |": null

2020-02-10 13:58:05 - [TEST_STEP][PASSED] - setText(findTestObject("Object Repository/New Folder/Page_Checkatrade Give your feedback/input_Your postcode_ctl00contentctlCustomerAddresstbPostcodeSearch"), YD_Postcode): Text 'PO12 2SD' is set on object 'Object Repository/New Folder/Page_Checkatrade Give your feedback/input_Your postcode_ctl00contentctlCustomerAddresstbPostcodeSearch'

2020-02-10 13:58:06 - [MESSAGE][PASSED] - Text 'PO12 2SD' is set on object 'Object Repository/New Folder/Page_Checkatrade Give your feedback/input_Your postcode_ctl00contentctlCustomerAddresstbPostcodeSearch'

2020-02-10 13:58:06 - [TEST_STEP][PASSED] - "-----------------------------": null

2020-02-10 13:58:06 - [TEST_STEP][PASSED] - "  Address Lookup Selection   |": null

2020-02-10 13:58:06 - [TEST_STEP][PASSED] - click(findTestObject("Object Repository/New Folder/Page_Checkatrade Give your feedback/input_Your postcode_ctl00contentctlCustomerAddressbtnPostcodeLookup")): Object: 'Object Repository/New Folder/Page_Checkatrade Give your feedback/input_Your postcode_ctl00contentctlCustomerAddressbtnPostcodeLookup' is clicked on

2020-02-10 13:58:06 - [MESSAGE][PASSED] - Object: 'Object Repository/New Folder/Page_Checkatrade Give your feedback/input_Your postcode_ctl00contentctlCustomerAddressbtnPostcodeLookup' is clicked on

2020-02-10 13:58:06 - [TEST_STEP][PASSED] - "-----------------------------": null

2020-02-10 13:58:06 - [TEST_STEP][PASSED] - "  Address Lookup Set         |": null

2020-02-10 13:58:06 - [TEST_STEP][PASSED] - selectOptionByLabel(findTestObject("Object Repository/New Folder/Page_Checkatrade Give your feedback/select_Please select your address"), YD_Verify_Address, true): All options with label '26 Broadsands Drive,Gosport,Hampshire,PO12 2SD' are selected in object 'Object Repository/New Folder/Page_Checkatrade Give your feedback/select_Please select your address'  using regular expression

2020-02-10 13:58:07 - [MESSAGE][PASSED] - All options with label '26 Broadsands Drive,Gosport,Hampshire,PO12 2SD' are selected in object 'Object Repository/New Folder/Page_Checkatrade Give your feedback/select_Please select your address'  using regular expression

2020-02-10 13:58:07 - [TEST_STEP][PASSED] - "-----------------------------": null

2020-02-10 13:58:07 - [TEST_STEP][PASSED] - "  Verify Returned Address    |": null

2020-02-10 13:58:07 - [TEST_STEP][PASSED] - verifyTextPresent(YD_Verify_Address, false): Text '26 Broadsands Drive,Gosport,Hampshire,PO12 2SD' is present on page 

2020-02-10 13:58:07 - [MESSAGE][PASSED] - Text '26 Broadsands Drive,Gosport,Hampshire,PO12 2SD' is present on page 

2020-02-10 13:58:07 - [MESSAGE][PASSED] - Call Test Case 'Test Cases/Reusable_Test_Sequences/Give_Feedback/Your_Details/Personal_Details_Formfill' successfully

2020-02-10 13:58:07 - [TEST_STEP][PASSED] - "-------------------------------------": null

2020-02-10 13:58:07 - [TEST_STEP][PASSED] - " Fil Contact Details                 |": null

2020-02-10 13:58:07 - [TEST_STEP][PASSED] - callTestCase(findTestCase("Reusable_Test_Sequences/Give_Feedback/Your_Details/Contact_Details_Formfill"), [:], STOP_ON_FAILURE): Call Test Case 'Test Cases/Reusable_Test_Sequences/Give_Feedback/Your_Details/Contact_Details_Formfill' successfully

2020-02-10 13:58:07 - [TEST_CASE][PASSED] - Test Cases/Reusable_Test_Sequences/Give_Feedback/Your_Details/Contact_Details_Formfill: Test Cases/Reusable_Test_Sequences/Give_Feedback/Your_Details/Contact_Details_Formfill

2020-02-10 13:58:07 - [TEST_STEP][PASSED] - "--------------------------------": null

2020-02-10 13:58:07 - [TEST_STEP][PASSED] - "Read data from spreadsheet      |": null

2020-02-10 13:58:07 - [TEST_STEP][PASSED] - data = findTestData("Data Files/Give_Feedback (1)"): null

2020-02-10 13:58:07 - [TEST_STEP][PASSED] - YD_Home_Phone = data.getValue("YD_Home_Phone", row): null

2020-02-10 13:58:07 - [TEST_STEP][PASSED] - YD_Name = data.getValue("YD_Name", row): null

2020-02-10 13:58:07 - [TEST_STEP][PASSED] - YD_Best_Contact_Time = data.getValue("YD_Best_Contact_Time", row): null

2020-02-10 13:58:07 - [TEST_STEP][PASSED] - YD_Email = data.getValue("YD_Email", row): null

2020-02-10 13:58:07 - [TEST_STEP][PASSED] - YD_Mobile = data.getValue("YD_Mobile", row): null

2020-02-10 13:58:07 - [TEST_STEP][PASSED] - YD_Consumer_Customer = data.getValue("YD_Consumer_Customer", row): null

2020-02-10 13:58:07 - [TEST_STEP][PASSED] - out.println("Your Experience, Your details, Set the " + YD_Home_Phone + " Text Box "): null

2020-02-10 13:58:07 - [TEST_STEP][PASSED] - "------------------------------": null

2020-02-10 13:58:07 - [TEST_STEP][PASSED] - "  Set Home Telephone Number   |": null

2020-02-10 13:58:07 - [TEST_STEP][PASSED] - setText(findTestObject("Object Repository/New Folder/Page_Checkatrade Give your feedback/input_Home telephone_ctl00contenttbCustomerHomePhone"), YD_Home_Phone): Text '02392123456' is set on object 'Object Repository/New Folder/Page_Checkatrade Give your feedback/input_Home telephone_ctl00contenttbCustomerHomePhone'

2020-02-10 13:58:07 - [MESSAGE][PASSED] - Text '02392123456' is set on object 'Object Repository/New Folder/Page_Checkatrade Give your feedback/input_Home telephone_ctl00contenttbCustomerHomePhone'

2020-02-10 13:58:07 - [TEST_STEP][PASSED] - "------------------------------": null

2020-02-10 13:58:07 - [TEST_STEP][PASSED] - "  Set Best Time to Contact    |": null

2020-02-10 13:58:07 - [TEST_STEP][PASSED] - if (YD_Consumer_Customer == "Consumer"): Text 'Morning' is set on object 'Object Repository/New Folder/Page_Checkatrade Give your feedback/input_Best time to contact you_ctl00contenttbCustomerContactTime'

2020-02-10 13:58:07 - [TEST_STEP][PASSED] - setText(findTestObject("Object Repository/New Folder/Page_Checkatrade Give your feedback/input_Best time to contact you_ctl00contenttbCustomerContactTime"), YD_Best_Contact_Time): Text 'Morning' is set on object 'Object Repository/New Folder/Page_Checkatrade Give your feedback/input_Best time to contact you_ctl00contenttbCustomerContactTime'

2020-02-10 13:58:08 - [MESSAGE][PASSED] - Text 'Morning' is set on object 'Object Repository/New Folder/Page_Checkatrade Give your feedback/input_Best time to contact you_ctl00contenttbCustomerContactTime'

2020-02-10 13:58:08 - [TEST_STEP][PASSED] - "------------------------------": null

2020-02-10 13:58:08 - [TEST_STEP][PASSED] - "  Set Email Address           |": null

2020-02-10 13:58:08 - [TEST_STEP][PASSED] - setText(findTestObject("Object Repository/New Folder/Page_Checkatrade Give your feedback/input_Email_ctl00contenttbCustomerEmail"), YD_Email): Text 'Test_xxxxxx@xdxdxdxd.com' is set on object 'Object Repository/New Folder/Page_Checkatrade Give your feedback/input_Email_ctl00contenttbCustomerEmail'

2020-02-10 13:58:09 - [MESSAGE][PASSED] - Text 'Test_xxxxxx@xdxdxdxd.com' is set on object 'Object Repository/New Folder/Page_Checkatrade Give your feedback/input_Email_ctl00contenttbCustomerEmail'

2020-02-10 13:58:09 - [TEST_STEP][PASSED] - "------------------------------": null

2020-02-10 13:58:09 - [TEST_STEP][PASSED] - "  Set Mobile Telephone Number |": null

2020-02-10 13:58:09 - [TEST_STEP][PASSED] - setText(findTestObject("Object Repository/New Folder/Page_Checkatrade Give your feedback/input_Mobile_ctl00contenttbCustomerMobile"), YD_Mobile): Text '07788123456' is set on object 'Object Repository/New Folder/Page_Checkatrade Give your feedback/input_Mobile_ctl00contenttbCustomerMobile'

2020-02-10 13:58:09 - [MESSAGE][PASSED] - Text '07788123456' is set on object 'Object Repository/New Folder/Page_Checkatrade Give your feedback/input_Mobile_ctl00contenttbCustomerMobile'

2020-02-10 13:58:09 - [MESSAGE][PASSED] - Call Test Case 'Test Cases/Reusable_Test_Sequences/Give_Feedback/Your_Details/Contact_Details_Formfill' successfully

2020-02-10 13:58:09 - [TEST_STEP][PASSED] - "-------------------------------------": null

2020-02-10 13:58:09 - [TEST_STEP][PASSED] - " CHeckatrade Questions               |": null

2020-02-10 13:58:09 - [TEST_STEP][PASSED] - callTestCase(findTestCase("Reusable_Test_Sequences/Give_Feedback/Your_Details/Checkatrade_Questions"), [:], STOP_ON_FAILURE): Call Test Case 'Test Cases/Reusable_Test_Sequences/Give_Feedback/Your_Details/Checkatrade_Questions' successfully

2020-02-10 13:58:09 - [TEST_CASE][PASSED] - Test Cases/Reusable_Test_Sequences/Give_Feedback/Your_Details/Checkatrade_Questions: Test Cases/Reusable_Test_Sequences/Give_Feedback/Your_Details/Checkatrade_Questions

2020-02-10 13:58:09 - [TEST_STEP][PASSED] - "--------------------------------": null

2020-02-10 13:58:09 - [TEST_STEP][PASSED] - "Read data from spreadsheet      |": null

2020-02-10 13:58:09 - [TEST_STEP][PASSED] - data = findTestData("Data Files/Give_Feedback (1)"): null

2020-02-10 13:58:09 - [TEST_STEP][PASSED] - YD_Feedback_Method = data.getValue("YD_Feedback_Method", row): null

2020-02-10 13:58:09 - [TEST_STEP][PASSED] - YD_How_Did_You_Hear = data.getValue("YD_How_Did_You_Hear", row): null

2020-02-10 13:58:09 - [TEST_STEP][PASSED] - YD_Other_Response = data.getValue("YD_Other_Response", row): null

2020-02-10 13:58:09 - [TEST_STEP][PASSED] - YD_Reason_For_Tradeperson_Selection = data.getValue("YD_Reason_For_Tradeperson_Selection", row): null

2020-02-10 13:58:09 - [TEST_STEP][PASSED] - YD_Receive_Chekatrade_Updates = data.getValue("YD_Receive_Chekatrade_Updates", row): null

2020-02-10 13:58:09 - [TEST_STEP][PASSED] - YD_Receive_Third_Party_Updates = data.getValue("YD_Receive_Third_Party_Updates", row): null

2020-02-10 13:58:09 - [TEST_STEP][PASSED] - out.println("Your Experience, Your details, Set the " + YD_Feedback_Method + " Text Box "): null

2020-02-10 13:58:09 - [TEST_STEP][PASSED] - "------------------------------------": null

2020-02-10 13:58:10 - [TEST_STEP][PASSED] - "  Set Verify Options - SMS OR Email |": null

2020-02-10 13:58:10 - [TEST_STEP][PASSED] - if (YD_Feedback_Method == "email"): Wait for page load successfully

2020-02-10 13:58:10 - [TEST_STEP][PASSED] - click(findTestObject("Object Repository/Page_Checkatrade Give your feedback/span_Verify by email")): Object: 'Object Repository/Page_Checkatrade Give your feedback/span_Verify by email' is clicked on

2020-02-10 13:58:10 - [MESSAGE][PASSED] - Object: 'Object Repository/Page_Checkatrade Give your feedback/span_Verify by email' is clicked on

2020-02-10 13:58:10 - [TEST_STEP][PASSED] - waitForPageLoad(2): Wait for page load successfully

2020-02-10 13:58:10 - [MESSAGE][PASSED] - Wait for page load successfully

2020-02-10 13:58:10 - [TEST_STEP][PASSED] - "--------------------------------------": null

2020-02-10 13:58:10 - [TEST_STEP][PASSED] - " Scroll to <Next> Button              |": null

2020-02-10 13:58:10 - [TEST_STEP][PASSED] - scrollToPosition(200, 0): Browser is scrolled to position x = 200, y = 0

2020-02-10 13:58:10 - [MESSAGE][PASSED] - Browser is scrolled to position x = 200, y = 0

2020-02-10 13:58:10 - [TEST_STEP][PASSED] - "--------------------------------------": null

2020-02-10 13:58:10 - [TEST_STEP][PASSED] - "  Set How You Heard About Checkatrade |": null

2020-02-10 13:58:10 - [TEST_STEP][PASSED] - waitForPageLoad(2): Wait for page load successfully

2020-02-10 13:58:10 - [MESSAGE][PASSED] - Wait for page load successfully

2020-02-10 13:58:10 - [TEST_STEP][PASSED] - selectOptionByLabel(findTestObject("Object Repository/Page_Checkatrade Give your feedback/select_Please selectTVRadioOnlineDirectoryWord"), YD_How_Did_You_Hear, true): All options with label 'Online' are selected in object 'Object Repository/Page_Checkatrade Give your feedback/select_Please selectTVRadioOnlineDirectoryWord'  using regular expression

2020-02-10 13:58:10 - [MESSAGE][PASSED] - All options with label 'Online' are selected in object 'Object Repository/Page_Checkatrade Give your feedback/select_Please selectTVRadioOnlineDirectoryWord'  using regular expression

2020-02-10 13:58:10 - [TEST_STEP][PASSED] - "--------------------------------------": null

2020-02-10 13:58:10 - [TEST_STEP][PASSED] - "  How did you hear about Textbox      |": null

2020-02-10 13:58:10 - [TEST_STEP][PASSED] - if (YD_How_Did_You_Hear == "Other"): null

2020-02-10 13:58:10 - [TEST_STEP][PASSED] - "--------------------------------------": null

2020-02-10 13:58:10 - [TEST_STEP][PASSED] - "  Why Use The Selected Tradesperson   |": null

2020-02-10 13:58:10 - [TEST_STEP][PASSED] - waitForElementClickable(findTestObject("Object Repository/New Folder/Page_Checkatrade Give your feedback/select_Prefer not to sayFound the Tradesperson via CheckatradecomDirected to Checkatradecom by the Tradesperson"), 2): Object 'Object Repository/New Folder/Page_Checkatrade Give your feedback/select_Prefer not to sayFound the Tradesperson via CheckatradecomDirected to Checkatradecom by the Tradesperson' is clickable

2020-02-10 13:58:10 - [MESSAGE][PASSED] - Object 'Object Repository/New Folder/Page_Checkatrade Give your feedback/select_Prefer not to sayFound the Tradesperson via CheckatradecomDirected to Checkatradecom by the Tradesperson' is clickable

2020-02-10 13:58:10 - [TEST_STEP][PASSED] - selectOptionByIndex(findTestObject("Object Repository/New Folder/Page_Checkatrade Give your feedback/select_Prefer not to sayFound the Tradesperson via CheckatradecomDirected to Checkatradecom by the Tradesperson"), 2): All options with index in [2] are selected on object 'Object Repository/New Folder/Page_Checkatrade Give your feedback/select_Prefer not to sayFound the Tradesperson via CheckatradecomDirected to Checkatradecom by the Tradesperson'

2020-02-10 13:58:11 - [MESSAGE][PASSED] - All options with index in [2] are selected on object 'Object Repository/New Folder/Page_Checkatrade Give your feedback/select_Prefer not to sayFound the Tradesperson via CheckatradecomDirected to Checkatradecom by the Tradesperson'

2020-02-10 13:58:11 - [TEST_STEP][PASSED] - waitForPageLoad(2): Wait for page load successfully

2020-02-10 13:58:11 - [MESSAGE][PASSED] - Wait for page load successfully

2020-02-10 13:58:11 - [TEST_STEP][PASSED] - "----------------------------------------------------": null

2020-02-10 13:58:11 - [TEST_STEP][PASSED] - " Select - I am happy to receive Updates - Checkatra |": null

2020-02-10 13:58:11 - [TEST_STEP][PASSED] - if (YD_Receive_Chekatrade_Updates == "Yes"): null

2020-02-10 13:58:11 - [TEST_STEP][PASSED] - "----------------------------------------------------": null

2020-02-10 13:58:11 - [TEST_STEP][PASSED] - " Select - I am happy to receive Updates - 3rd party |": null

2020-02-10 13:58:11 - [TEST_STEP][PASSED] - if (YD_Receive_Third_Party_Updates == "Yes"): Wait for page load successfully

2020-02-10 13:58:11 - [TEST_STEP][PASSED] - click(findTestObject("Object Repository/New Folder/Page_Checkatrade Give your feedback/label_I am happy to receive updates from selected third parties")): Object: 'Object Repository/New Folder/Page_Checkatrade Give your feedback/label_I am happy to receive updates from selected third parties' is clicked on

2020-02-10 13:58:11 - [MESSAGE][PASSED] - Object: 'Object Repository/New Folder/Page_Checkatrade Give your feedback/label_I am happy to receive updates from selected third parties' is clicked on

2020-02-10 13:58:11 - [TEST_STEP][PASSED] - waitForPageLoad(2): Wait for page load successfully

2020-02-10 13:58:11 - [MESSAGE][PASSED] - Wait for page load successfully

2020-02-10 13:58:11 - [TEST_STEP][PASSED] - "--------------------------------------": null

2020-02-10 13:58:11 - [TEST_STEP][PASSED] - "   SUBMIT Page                        |": null

2020-02-10 13:58:11 - [TEST_STEP][PASSED] - click(findTestObject("Object Repository/New Folder/Page_Checkatrade Give your feedback/input_here_ctl00contentButtonSubmit")): Object: 'Object Repository/New Folder/Page_Checkatrade Give your feedback/input_here_ctl00contentButtonSubmit' is clicked on

2020-02-10 13:58:12 - [MESSAGE][PASSED] - Object: 'Object Repository/New Folder/Page_Checkatrade Give your feedback/input_here_ctl00contentButtonSubmit' is clicked on

2020-02-10 13:58:12 - [TEST_STEP][PASSED] - waitForPageLoad(2): Wait for page load successfully

2020-02-10 13:58:12 - [MESSAGE][PASSED] - Wait for page load successfully

2020-02-10 13:58:12 - [MESSAGE][PASSED] - Call Test Case 'Test Cases/Reusable_Test_Sequences/Give_Feedback/Your_Details/Checkatrade_Questions' successfully

2020-02-10 13:58:12 - [TEST_STEP][PASSED] - "-------------------------------------": null

2020-02-10 13:58:12 - [TEST_STEP][PASSED] - " Commit form                         |": null

2020-02-10 13:58:12 - [TEST_STEP][PASSED] - waitForPageLoad(60): Wait for page load successfully

2020-02-10 13:58:12 - [MESSAGE][PASSED] - Wait for page load successfully

2020-02-10 13:58:12 - [MESSAGE][PASSED] - Call Test Case 'Test Cases/Reusable_Test_Sequences/Give_Feedback/Your_Details/Your_Details' successfully

2020-02-10 13:58:12 - [TEST_STEP][PASSED] - "--------------------------------------": null

2020-02-10 13:58:12 - [TEST_STEP][PASSED] - " Further Info (page 4) Processing     |": null

2020-02-10 13:58:12 - [TEST_STEP][PASSED] - callTestCase(findTestCase("Reusable_Test_Sequences/Give_Feedback/Further_Infomation/Further_Information"), [:], CONTINUE_ON_FAILURE): Call Test Case 'Test Cases/Reusable_Test_Sequences/Give_Feedback/Further_Infomation/Further_Information' successfully

2020-02-10 13:58:12 - [TEST_CASE][PASSED] - Test Cases/Reusable_Test_Sequences/Give_Feedback/Further_Infomation/Further_Information: Test Cases/Reusable_Test_Sequences/Give_Feedback/Further_Infomation/Further_Information

2020-02-10 13:58:12 - [TEST_STEP][PASSED] - "--------------------------------": null

2020-02-10 13:58:12 - [TEST_STEP][PASSED] - "  Read data from spreadsheet    |": null

2020-02-10 13:58:12 - [TEST_STEP][PASSED] - data = findTestData("Data Files/Give_Feedback (1)"): null

2020-02-10 13:58:12 - [TEST_STEP][PASSED] - FD_Value_of_Work = data.getValue("FD_Value_of_Work", row): null

2020-02-10 13:58:12 - [TEST_STEP][PASSED] - "-----------": null

2020-02-10 13:58:12 - [TEST_STEP][PASSED] - "  Synch    |": null

2020-02-10 13:58:12 - [TEST_STEP][PASSED] - waitForElementPresent(findTestObject("Object Repository/New Folder1/Page_Checkatrade Give your feedback/input_Value Of Work_ctl00contenttbValueOfWork"), 25): Object 'Object Repository/New Folder1/Page_Checkatrade Give your feedback/input_Value Of Work_ctl00contenttbValueOfWork' is present

2020-02-10 13:58:12 - [MESSAGE][PASSED] - Object 'Object Repository/New Folder1/Page_Checkatrade Give your feedback/input_Value Of Work_ctl00contenttbValueOfWork' is present

2020-02-10 13:58:12 - [TEST_STEP][PASSED] - "--------------------------------": null

2020-02-10 13:58:12 - [TEST_STEP][PASSED] - "  Set the Value of Work Textbox |": null

2020-02-10 13:58:12 - [TEST_STEP][PASSED] - setText(findTestObject("Object Repository/New Folder1/Page_Checkatrade Give your feedback/input_Value Of Work_ctl00contenttbValueOfWork"), FD_Value_of_Work): Text '30' is set on object 'Object Repository/New Folder1/Page_Checkatrade Give your feedback/input_Value Of Work_ctl00contenttbValueOfWork'

2020-02-10 13:58:13 - [MESSAGE][PASSED] - Text '30' is set on object 'Object Repository/New Folder1/Page_Checkatrade Give your feedback/input_Value Of Work_ctl00contenttbValueOfWork'

2020-02-10 13:58:13 - [TEST_STEP][PASSED] - "--------------------------------": null

2020-02-10 13:58:13 - [TEST_STEP][PASSED] - "  Hit <Submit> button to Commit |": null

2020-02-10 13:58:13 - [TEST_STEP][PASSED] - waitForElementPresent(findTestObject("Object Repository/New Folder/Page_Checkatrade Give your feedback/input_Value Of Work_ctl00contentButton1"), 25): Object 'Object Repository/New Folder/Page_Checkatrade Give your feedback/input_Value Of Work_ctl00contentButton1' is present

2020-02-10 13:58:13 - [MESSAGE][PASSED] - Object 'Object Repository/New Folder/Page_Checkatrade Give your feedback/input_Value Of Work_ctl00contentButton1' is present

2020-02-10 13:58:13 - [TEST_STEP][PASSED] - click(findTestObject("Object Repository/New Folder/Page_Checkatrade Give your feedback/input_Value Of Work_ctl00contentButton1")): Object: 'Object Repository/New Folder/Page_Checkatrade Give your feedback/input_Value Of Work_ctl00contentButton1' is clicked on

2020-02-10 13:58:15 - [MESSAGE][PASSED] - Object: 'Object Repository/New Folder/Page_Checkatrade Give your feedback/input_Value Of Work_ctl00contentButton1' is clicked on

2020-02-10 13:58:15 - [TEST_STEP][PASSED] - "--------------------------------": null

2020-02-10 13:58:15 - [TEST_STEP][PASSED] - "  Wait for FInal Page Load      |": null

2020-02-10 13:58:15 - [TEST_STEP][PASSED] - waitForPageLoad(60): Wait for page load successfully

2020-02-10 13:58:15 - [MESSAGE][PASSED] - Wait for page load successfully

2020-02-10 13:58:15 - [MESSAGE][PASSED] - Call Test Case 'Test Cases/Reusable_Test_Sequences/Give_Feedback/Further_Infomation/Further_Information' successfully

2020-02-10 13:58:15 - [TEST_STEP][PASSED] - "--------------------------------------": null

2020-02-10 13:58:15 - [TEST_STEP][PASSED] - " Thank You! (page 5) Processing       |": null

2020-02-10 13:58:15 - [TEST_STEP][PASSED] - callTestCase(findTestCase("Reusable_Test_Sequences/Give_Feedback/Final_Page"), [:], CONTINUE_ON_FAILURE): Call Test Case 'Test Cases/Reusable_Test_Sequences/Give_Feedback/Final_Page' successfully

2020-02-10 13:58:15 - [TEST_CASE][PASSED] - Test Cases/Reusable_Test_Sequences/Give_Feedback/Final_Page: Test Cases/Reusable_Test_Sequences/Give_Feedback/Final_Page

2020-02-10 13:58:15 - [TEST_STEP][PASSED] - waitForPageLoad(2): Wait for page load successfully

2020-02-10 13:58:15 - [MESSAGE][PASSED] - Wait for page load successfully

2020-02-10 13:58:15 - [TEST_STEP][PASSED] - "--------------------------------": null

2020-02-10 13:58:15 - [TEST_STEP][PASSED] - "Read data from spreadsheet      |": null

2020-02-10 13:58:15 - [TEST_STEP][PASSED] - data = findTestData("Data Files/Give_Feedback (1)"): null

2020-02-10 13:58:15 - [TEST_STEP][PASSED] - Account_Verification_Name = data.getValue("Account_Verification_Name", row): null

2020-02-10 13:58:15 - [TEST_STEP][PASSED] - YE_Recommend = data.getValue("YE_Recommendations", row): null

2020-02-10 13:58:15 - [TEST_STEP][PASSED] - YE_Work_Carried_Out = data.getValue("YE_Work_Carried_Out", row): null

2020-02-10 13:58:15 - [TEST_STEP][PASSED] - waitForElementVisible(findTestObject("Object Repository/New Folder/Page_Checkatrade Give your feedback/a_Finish"), 60): Object 'Object Repository/New Folder/Page_Checkatrade Give your feedback/a_Finish' is visible

2020-02-10 13:58:15 - [MESSAGE][PASSED] - Object 'Object Repository/New Folder/Page_Checkatrade Give your feedback/a_Finish' is visible

2020-02-10 13:58:15 - [TEST_STEP][PASSED] - "------------------------------------": null

2020-02-10 13:58:15 - [TEST_STEP][PASSED] - "  Verify Page Detail                |": null

2020-02-10 13:58:15 - [TEST_STEP][PASSED] - if (YE_Recommend == "Yes"): null

2020-02-10 13:58:15 - [TEST_STEP][PASSED] - verifyTextPresent("Thank you", true): Text 'Thank you' is present on page  using regular expression

2020-02-10 13:58:15 - [MESSAGE][PASSED] - Text 'Thank you' is present on page  using regular expression

2020-02-10 13:58:15 - [TEST_STEP][PASSED] - "------------------------------------": null

2020-02-10 13:58:15 - [TEST_STEP][PASSED] - "  Hit Finish                        |": null

2020-02-10 13:58:15 - [TEST_STEP][PASSED] - waitForElementClickable(findTestObject("Object Repository/New Folder/Page_Checkatrade Give your feedback/a_Finish"), 60): Object 'Object Repository/New Folder/Page_Checkatrade Give your feedback/a_Finish' is clickable

2020-02-10 13:58:16 - [MESSAGE][PASSED] - Object 'Object Repository/New Folder/Page_Checkatrade Give your feedback/a_Finish' is clickable

2020-02-10 13:58:16 - [TEST_STEP][PASSED] - click(findTestObject("Object Repository/New Folder/Page_Checkatrade Give your feedback/a_Finish")): Object: 'Object Repository/New Folder/Page_Checkatrade Give your feedback/a_Finish' is clicked on

2020-02-10 13:58:16 - [MESSAGE][PASSED] - Object: 'Object Repository/New Folder/Page_Checkatrade Give your feedback/a_Finish' is clicked on

2020-02-10 13:58:16 - [MESSAGE][PASSED] - Call Test Case 'Test Cases/Reusable_Test_Sequences/Give_Feedback/Final_Page' successfully

2020-02-10 13:58:16 - [TEST_STEP][PASSED] - "--------------------------------------": null

2020-02-10 13:58:16 - [TEST_STEP][PASSED] - "  Verify Return to Home Page          |": null

2020-02-10 13:58:16 - [TEST_STEP][PASSED] - callTestCase(findTestCase("Reusable_Test_Sequences/CAT_Home"), [:], CONTINUE_ON_FAILURE): Call Test Case 'Test Cases/Reusable_Test_Sequences/CAT_Home' successfully

2020-02-10 13:58:16 - [TEST_CASE][PASSED] - Test Cases/Reusable_Test_Sequences/CAT_Home: Test Cases/Reusable_Test_Sequences/CAT_Home

2020-02-10 13:58:16 - [TEST_STEP][PASSED] - waitForPageLoad(60): Wait for page load successfully

2020-02-10 13:58:17 - [MESSAGE][PASSED] - Wait for page load successfully

2020-02-10 13:58:17 - [TEST_STEP][PASSED] - delay(2): Delayed 2 second(s)

2020-02-10 13:58:19 - [MESSAGE][PASSED] - Delayed 2 second(s)

2020-02-10 13:58:19 - [TEST_STEP][PASSED] - "------------------------------------": null

2020-02-10 13:58:19 - [TEST_STEP][PASSED] - if (Website_Version == "new"): null

2020-02-10 13:58:19 - [TEST_STEP][PASSED] - else: Text 'Over a million visits to Checkatrade each month' is present on page 

2020-02-10 13:58:19 - [TEST_STEP][PASSED] - verifyTextPresent("Helping you find the right trade or service", false): Text 'Helping you find the right trade or service' is present on page 

2020-02-10 13:58:19 - [MESSAGE][PASSED] - Text 'Helping you find the right trade or service' is present on page 

2020-02-10 13:58:19 - [TEST_STEP][PASSED] - verifyTextPresent("Search through over", false): Text 'Search through over' is present on page 

2020-02-10 13:58:19 - [MESSAGE][PASSED] - Text 'Search through over' is present on page 

2020-02-10 13:58:19 - [TEST_STEP][PASSED] - verifyTextPresent("recommended, vetted and monitored trades and service providers for free.", false): Text 'recommended, vetted and monitored trades and service providers for free.' is present on page 

2020-02-10 13:58:20 - [MESSAGE][PASSED] - Text 'recommended, vetted and monitored trades and service providers for free.' is present on page 

2020-02-10 13:58:20 - [TEST_STEP][PASSED] - verifyTextPresent("reviews published so far – thank you!", false): Text 'reviews published so far – thank you!' is present on page 

2020-02-10 13:58:20 - [MESSAGE][PASSED] - Text 'reviews published so far – thank you!' is present on page 

2020-02-10 13:58:20 - [TEST_STEP][PASSED] - verifyTextPresent("I need a trade or service", false): Text 'I need a trade or service' is present on page 

2020-02-10 13:58:20 - [MESSAGE][PASSED] - Text 'I need a trade or service' is present on page 

2020-02-10 13:58:20 - [TEST_STEP][PASSED] - verifyTextPresent("Every trader thoroughly checked and vetted", false): Text 'Every trader thoroughly checked and vetted' is present on page 

2020-02-10 13:58:20 - [MESSAGE][PASSED] - Text 'Every trader thoroughly checked and vetted' is present on page 

2020-02-10 13:58:20 - [TEST_STEP][PASSED] - "------------------------------------": null

2020-02-10 13:58:20 - [TEST_STEP][PASSED] - verifyTextPresent("reviews published so far – thank you!", false): Text 'reviews published so far – thank you!' is present on page 

2020-02-10 13:58:20 - [MESSAGE][PASSED] - Text 'reviews published so far – thank you!' is present on page 

2020-02-10 13:58:20 - [TEST_STEP][PASSED] - verifyTextPresent("Find out more", false): Text 'Find out more' is present on page 

2020-02-10 13:58:21 - [MESSAGE][PASSED] - Text 'Find out more' is present on page 

2020-02-10 13:58:21 - [TEST_STEP][PASSED] - verifyTextPresent("I am a tradesman", false): Text 'I am a tradesman' is present on page 

2020-02-10 13:58:21 - [MESSAGE][PASSED] - Text 'I am a tradesman' is present on page 

2020-02-10 13:58:21 - [TEST_STEP][PASSED] - verifyTextPresent("Find out more", false): Text 'Find out more' is present on page 

2020-02-10 13:58:21 - [MESSAGE][PASSED] - Text 'Find out more' is present on page 

2020-02-10 13:58:21 - [TEST_STEP][PASSED] - verifyTextPresent("Over a million visits to Checkatrade each month", false): Text 'Over a million visits to Checkatrade each month' is present on page 

2020-02-10 13:58:22 - [MESSAGE][PASSED] - Text 'Over a million visits to Checkatrade each month' is present on page 

2020-02-10 13:58:22 - [MESSAGE][PASSED] - Call Test Case 'Test Cases/Reusable_Test_Sequences/CAT_Home' successfully

2020-02-10 13:58:22 - [TEST_STEP][PASSED] - "--------------------------------------": null

2020-02-10 13:58:22 - [TEST_STEP][PASSED] - " Processing Completion                |": null

2020-02-10 13:58:22 - [TEST_STEP][PASSED] - "--------------------------------------": null

2020-02-10 13:58:22 - [TEST_STEP][PASSED] - "--------------------------": null

2020-02-10 13:58:22 - [TEST_STEP][PASSED] - " Teardown - CLose Browser |": null

2020-02-10 13:58:22 - [TEST_STEP][PASSED] - callTestCase(findTestCase("Reusable_Test_Sequences/CAT_Teardown"), [:], OPTIONAL): Call Test Case 'Test Cases/Reusable_Test_Sequences/CAT_Teardown' successfully

2020-02-10 13:58:22 - [TEST_CASE][PASSED] - Test Cases/Reusable_Test_Sequences/CAT_Teardown: Test Cases/Reusable_Test_Sequences/CAT_Teardown

2020-02-10 13:58:22 - [TEST_STEP][PASSED] - closeBrowser(): Browser is closed

2020-02-10 13:58:23 - [MESSAGE][PASSED] - Browser is closed

2020-02-10 13:58:23 - [MESSAGE][PASSED] - Call Test Case 'Test Cases/Reusable_Test_Sequences/CAT_Teardown' successfully

2020-02-10 13:58:23 - [TEST_STEP][PASSED] - callTestCase(findTestCase("Reusable_Test_Sequences/CAT_Setup"), [:], STOP_ON_FAILURE): Call Test Case 'Test Cases/Reusable_Test_Sequences/CAT_Setup' successfully

2020-02-10 13:58:23 - [TEST_CASE][PASSED] - Test Cases/Reusable_Test_Sequences/CAT_Setup: Test Cases/Reusable_Test_Sequences/CAT_Setup

2020-02-10 13:58:23 - [TEST_STEP][PASSED] - "------------------------------": null

2020-02-10 13:58:23 - [TEST_STEP][PASSED] - " Set Mobile Device Testing    |": null

2020-02-10 13:58:23 - [TEST_STEP][PASSED] - if (Mobile_Flag == "true"): null

2020-02-10 13:58:23 - [TEST_STEP][PASSED] - "------------------------------": null

2020-02-10 13:58:23 - [TEST_STEP][PASSED] - " Set Mobile Device Testing    |": null

2020-02-10 13:58:23 - [TEST_STEP][PASSED] - "------------------------------": null

2020-02-10 13:58:23 - [TEST_STEP][PASSED] - "URL - Set from the ENVIRONMENT PROFILE ": null

2020-02-10 13:58:23 - [TEST_STEP][PASSED] - openBrowser(URL): Browser is opened with url: 'https://www.preview.checkatrade.com/GiveFeedback'

2020-02-10 13:58:23 - [MESSAGE][INFO] - Starting 'Chrome' driver

2020-02-10 13:58:32 - [MESSAGE][PASSED] - Browser is opened with url: 'https://www.preview.checkatrade.com/GiveFeedback'

2020-02-10 13:58:32 - [TEST_STEP][PASSED] - maximizeWindow(): Current window maximized

2020-02-10 13:58:36 - [MESSAGE][PASSED] - Current window maximized

2020-02-10 13:58:36 - [TEST_STEP][PASSED] - waitForPageLoad(60): Wait for page load successfully

2020-02-10 13:58:36 - [MESSAGE][PASSED] - Wait for page load successfully

2020-02-10 13:58:36 - [TEST_STEP][PASSED] - "Previous Functionalilty Left Commented For Ease Of reversion": null

2020-02-10 13:58:36 - [TEST_STEP][PASSED] - try: Text 'Cookie Policy' is not present on page

2020-02-10 13:58:36 - [TEST_STEP][PASSED] - verifyElementPresent(findTestObject("Object Repository/Cookies/Page_Checkatrade Find a tradesperson you can trust/button_Accept All"), 5): Object 'Object Repository/Cookies/Page_Checkatrade Find a tradesperson you can trust/button_Accept All' is present

2020-02-10 13:58:36 - [MESSAGE][PASSED] - Object 'Object Repository/Cookies/Page_Checkatrade Find a tradesperson you can trust/button_Accept All' is present

2020-02-10 13:58:36 - [TEST_STEP][PASSED] - click(findTestObject("Object Repository/Cookies/Page_Checkatrade Find a tradesperson you can trust/button_Accept All")): Object: 'Object Repository/Cookies/Page_Checkatrade Find a tradesperson you can trust/button_Accept All' is clicked on

2020-02-10 13:58:37 - [MESSAGE][PASSED] - Object: 'Object Repository/Cookies/Page_Checkatrade Find a tradesperson you can trust/button_Accept All' is clicked on

2020-02-10 13:58:37 - [TEST_STEP][PASSED] - "---------------------------------": null

2020-02-10 13:58:37 - [TEST_STEP][PASSED] - "COOKIE POPOUT REMOVED - Confirmed": null

2020-02-10 13:58:37 - [TEST_STEP][PASSED] - delay(1): Delayed 1 second(s)

2020-02-10 13:58:38 - [MESSAGE][PASSED] - Delayed 1 second(s)

2020-02-10 13:58:38 - [TEST_STEP][PASSED] - verifyTextNotPresent("We use cookies to personalise content and ads, to provide social media features and to analyse our traffic", false): Text 'We use cookies to personalise content and ads, to provide social media features and to analyse our traffic' is not present on page

2020-02-10 13:58:39 - [MESSAGE][PASSED] - Text 'We use cookies to personalise content and ads, to provide social media features and to analyse our traffic' is not present on page

2020-02-10 13:58:39 - [TEST_STEP][PASSED] - verifyTextNotPresent(" We also share information about your use of our site with our social media, advertising and analytics partners", false): Text ' We also share information about your use of our site with our social media, advertising and analytics partners' is not present on page

2020-02-10 13:58:39 - [MESSAGE][PASSED] - Text ' We also share information about your use of our site with our social media, advertising and analytics partners' is not present on page

2020-02-10 13:58:39 - [TEST_STEP][PASSED] - verifyTextNotPresent("Cookie Policy", false): Text 'Cookie Policy' is not present on page

2020-02-10 13:58:39 - [MESSAGE][PASSED] - Text 'Cookie Policy' is not present on page

2020-02-10 13:58:39 - [TEST_STEP][PASSED] - waitForPageLoad(60): Wait for page load successfully

2020-02-10 13:58:39 - [MESSAGE][PASSED] - Wait for page load successfully

2020-02-10 13:58:39 - [TEST_STEP][PASSED] - "COOKIE - ORIGINAL": null

2020-02-10 13:58:39 - [TEST_STEP][PASSED] - if (waitForElementVisible(findTestObject("Object Repository/Feedback/Page_Checkatrade Give your feedback/input_Member_to_Review"), 5)): null

2020-02-10 13:58:39 - [MESSAGE][PASSED] - Object 'Object Repository/Feedback/Page_Checkatrade Give your feedback/input_Member_to_Review' is visible

2020-02-10 13:58:39 - [TEST_STEP][PASSED] - logInfo("Give Feedback STARTUP Process"): Give Feedback STARTUP Process

2020-02-10 13:58:39 - [MESSAGE][INFO] - Give Feedback STARTUP Process

2020-02-10 13:58:39 - [MESSAGE][PASSED] - Call Test Case 'Test Cases/Reusable_Test_Sequences/CAT_Setup' successfully

2020-02-10 13:58:39 - [TEST_STEP][PASSED] - "-----------------------------------------------------": null

2020-02-10 13:58:39 - [TEST_STEP][PASSED] - " Hit the <Give Feedback> link in the header banner   |": null

2020-02-10 13:58:39 - [TEST_STEP][PASSED] - callTestCase(findTestCase("Reusable_Test_Sequences/Banner_Menu/Give_Feedback"), [:], STOP_ON_FAILURE): Call Test Case 'Test Cases/Reusable_Test_Sequences/Banner_Menu/Give_Feedback' successfully

2020-02-10 13:58:39 - [TEST_CASE][PASSED] - Test Cases/Reusable_Test_Sequences/Banner_Menu/Give_Feedback: Test Cases/Reusable_Test_Sequences/Banner_Menu/Give_Feedback

2020-02-10 13:58:39 - [TEST_STEP][PASSED] - "--------------------------------------------------------": null

2020-02-10 13:58:39 - [TEST_STEP][PASSED] - " Major Changes Factored Into Function - 05/12/2019      |": null

2020-02-10 13:58:39 - [TEST_STEP][PASSED] - "--------------------------------------------------------": null

2020-02-10 13:58:39 - [TEST_STEP][PASSED] - " Now Drills Directl Into the Target URL": null

2020-02-10 13:58:39 - [TEST_STEP][PASSED] - waitForElementVisible(findTestObject("Object Repository/Feedback/Page_Checkatrade Give your feedback/input_Member_to_Review"), 25): Object 'Object Repository/Feedback/Page_Checkatrade Give your feedback/input_Member_to_Review' is visible

2020-02-10 13:58:40 - [MESSAGE][PASSED] - Object 'Object Repository/Feedback/Page_Checkatrade Give your feedback/input_Member_to_Review' is visible

2020-02-10 13:58:40 - [TEST_STEP][PASSED] - verifyTextPresent("Give your feedback", false): Text 'Give your feedback' is present on page 

2020-02-10 13:58:40 - [MESSAGE][PASSED] - Text 'Give your feedback' is present on page 

2020-02-10 13:58:40 - [TEST_STEP][PASSED] - verifyTextPresent("Which member do you want to review?", false): Text 'Which member do you want to review?' is present on page 

2020-02-10 13:58:40 - [MESSAGE][PASSED] - Text 'Which member do you want to review?' is present on page 

2020-02-10 13:58:40 - [MESSAGE][PASSED] - Call Test Case 'Test Cases/Reusable_Test_Sequences/Banner_Menu/Give_Feedback' successfully

2020-02-10 13:58:40 - [TEST_STEP][PASSED] - "-----------------------------------------------------": null

2020-02-10 13:58:40 - [TEST_STEP][PASSED] - " Enter Member Trade Name OR Checkatrade ID To Review |": null

2020-02-10 13:58:40 - [TEST_STEP][PASSED] - callTestCase(findTestCase("Reusable_Test_Sequences/Give_Feedback/Which_Member_to_Review"), [:], STOP_ON_FAILURE): Call Test Case 'Test Cases/Reusable_Test_Sequences/Give_Feedback/Which_Member_to_Review' successfully

2020-02-10 13:58:40 - [TEST_CASE][PASSED] - Test Cases/Reusable_Test_Sequences/Give_Feedback/Which_Member_to_Review: Test Cases/Reusable_Test_Sequences/Give_Feedback/Which_Member_to_Review

2020-02-10 13:58:40 - [TEST_STEP][PASSED] - "--------------------------------------------------------": null

2020-02-10 13:58:40 - [TEST_STEP][PASSED] - " Major Changes Factored Into Function - 05/12/2019      |": null

2020-02-10 13:58:40 - [TEST_STEP][PASSED] - waitForPageLoad(60): Wait for page load successfully

2020-02-10 13:58:40 - [MESSAGE][PASSED] - Wait for page load successfully

2020-02-10 13:58:40 - [TEST_STEP][PASSED] - waitForElementPresent(findTestObject("Object Repository/Feedback/Page_Checkatrade Give your feedback/input_Member_to_Review"), 25): Object 'Object Repository/Feedback/Page_Checkatrade Give your feedback/input_Member_to_Review' is present

2020-02-10 13:58:40 - [MESSAGE][PASSED] - Object 'Object Repository/Feedback/Page_Checkatrade Give your feedback/input_Member_to_Review' is present

2020-02-10 13:58:40 - [TEST_STEP][PASSED] - setText(findTestObject("Object Repository/Feedback/Page_Checkatrade Give your feedback/input_Member_to_Review"), findTestData("Give_Feedback (1)").getValue("Account_Verification_Name", row)): Text 'Test Account' is set on object 'Object Repository/Feedback/Page_Checkatrade Give your feedback/input_Member_to_Review'

2020-02-10 13:58:41 - [MESSAGE][PASSED] - Text 'Test Account' is set on object 'Object Repository/Feedback/Page_Checkatrade Give your feedback/input_Member_to_Review'

2020-02-10 13:58:41 - [TEST_STEP][PASSED] - delay(1): Delayed 1 second(s)

2020-02-10 13:58:42 - [MESSAGE][PASSED] - Delayed 1 second(s)

2020-02-10 13:58:42 - [TEST_STEP][PASSED] - "Submit the search criteria using click     |": null

2020-02-10 13:58:42 - [TEST_STEP][PASSED] - waitForElementPresent(findTestObject("Object Repository/Feedback/Page_Checkatrade Give your feedback/span_Search_Member"), 25): Object 'Object Repository/Feedback/Page_Checkatrade Give your feedback/span_Search_Member' is present

2020-02-10 13:58:42 - [MESSAGE][PASSED] - Object 'Object Repository/Feedback/Page_Checkatrade Give your feedback/span_Search_Member' is present

2020-02-10 13:58:42 - [TEST_STEP][PASSED] - try:  * * * Trader OR CAT ID Selected, and Returned as Expected!

2020-02-10 13:58:42 - [TEST_STEP][PASSED] - "Try Catch Included 14/08/2019 - Sometimes the Trader isnt returned?   |": null

2020-02-10 13:58:42 - [TEST_STEP][PASSED] - click(findTestObject("Object Repository/Feedback/Page_Checkatrade Give your feedback/span_Search_Member")): Object: 'Object Repository/Feedback/Page_Checkatrade Give your feedback/span_Search_Member' is clicked on

2020-02-10 13:58:46 - [MESSAGE][PASSED] - Object: 'Object Repository/Feedback/Page_Checkatrade Give your feedback/span_Search_Member' is clicked on

2020-02-10 13:58:46 - [TEST_STEP][PASSED] - markPassed(" * * * Trader OR CAT ID Selected, and Returned as Expected!"):  * * * Trader OR CAT ID Selected, and Returned as Expected!

2020-02-10 13:58:46 - [MESSAGE][PASSED] -  * * * Trader OR CAT ID Selected, and Returned as Expected!

2020-02-10 13:58:46 - [MESSAGE][PASSED] - Call Test Case 'Test Cases/Reusable_Test_Sequences/Give_Feedback/Which_Member_to_Review' successfully

2020-02-10 13:58:46 - [TEST_STEP][PASSED] - "--------------------------------------": null

2020-02-10 13:58:46 - [TEST_STEP][PASSED] - " Your Experience (page 1) Processing  |": null

2020-02-10 13:58:46 - [TEST_STEP][PASSED] - callTestCase(findTestCase("Reusable_Test_Sequences/Give_Feedback/Your_Experience/Your_Experience"), [:], CONTINUE_ON_FAILURE): Call Test Case 'Test Cases/Reusable_Test_Sequences/Give_Feedback/Your_Experience/Your_Experience' successfully

2020-02-10 13:58:46 - [TEST_CASE][PASSED] - Test Cases/Reusable_Test_Sequences/Give_Feedback/Your_Experience/Your_Experience: Test Cases/Reusable_Test_Sequences/Give_Feedback/Your_Experience/Your_Experience

2020-02-10 13:58:46 - [TEST_STEP][PASSED] - data = findTestData("Data Files/Give_Feedback (1)"): null

2020-02-10 13:58:46 - [TEST_STEP][PASSED] - YE_Recommend = data.getValue("YE_Recommendations", row): null

2020-02-10 13:58:46 - [TEST_STEP][PASSED] - "---------------------------------------------------------------------------------------": null

2020-02-10 13:58:46 - [TEST_STEP][PASSED] - " Your Experience (page 1) Returned with Recommendation Selection Set to Yes (Default)  |": null

2020-02-10 13:58:46 - [TEST_STEP][PASSED] - "---------------------------------------------------------------------------------------": null

2020-02-10 13:58:46 - [TEST_STEP][PASSED] - "Check URL Is The Correct One :-)": null

2020-02-10 13:58:46 - [TEST_STEP][PASSED] - "---------------------------------------------------------------------------------------": null

2020-02-10 13:58:46 - [TEST_STEP][PASSED] - " Your Experience (page 1) Recommend this trader?                                       |": null

2020-02-10 13:58:46 - [TEST_STEP][PASSED] - callTestCase(findTestCase("Reusable_Test_Sequences/Give_Feedback/Your_Experience/Recommendation_Selection"), [:], CONTINUE_ON_FAILURE): Call Test Case 'Test Cases/Reusable_Test_Sequences/Give_Feedback/Your_Experience/Recommendation_Selection' successfully

2020-02-10 13:58:46 - [TEST_CASE][PASSED] - Test Cases/Reusable_Test_Sequences/Give_Feedback/Your_Experience/Recommendation_Selection: Test Cases/Reusable_Test_Sequences/Give_Feedback/Your_Experience/Recommendation_Selection

2020-02-10 13:58:46 - [TEST_STEP][PASSED] - data = findTestData("Data Files/Give_Feedback (1)"): null

2020-02-10 13:58:46 - [TEST_STEP][PASSED] - YE_Recommend = data.getValue("YE_Recommendations", row): null

2020-02-10 13:58:46 - [TEST_STEP][PASSED] - "--------------------------------": null

2020-02-10 13:58:46 - [TEST_STEP][PASSED] - "Read data from spreadsheet      |": null

2020-02-10 13:58:46 - [TEST_STEP][PASSED] - "--------------------------------": null

2020-02-10 13:58:46 - [TEST_STEP][PASSED] - "--------------------------------": null

2020-02-10 13:58:46 - [TEST_STEP][PASSED] - "Set Recommendation - Yes or No  |": null

2020-02-10 13:58:46 - [TEST_STEP][PASSED] - if (YE_Recommend == "Yes"): null

2020-02-10 13:58:46 - [TEST_STEP][PASSED] - else if (YE_Recommend == "No"): Call Test Case 'Test Cases/Reusable_Test_Sequences/Give_Feedback/Your_Experience/Not_Recommend' successfully

2020-02-10 13:58:46 - [TEST_STEP][PASSED] - waitForElementClickable(findTestObject("Object Repository/Feedback/Page_Checkatrade Give your feedback/Page_Checkatrade Give your feedback/span_No"), 5): Object 'Object Repository/Feedback/Page_Checkatrade Give your feedback/Page_Checkatrade Give your feedback/span_No' is clickable

2020-02-10 13:58:46 - [MESSAGE][PASSED] - Object 'Object Repository/Feedback/Page_Checkatrade Give your feedback/Page_Checkatrade Give your feedback/span_No' is clickable

2020-02-10 13:58:46 - [TEST_STEP][PASSED] - click(findTestObject("Object Repository/Feedback/Page_Checkatrade Give your feedback/Page_Checkatrade Give your feedback/span_No")): Object: 'Object Repository/Feedback/Page_Checkatrade Give your feedback/Page_Checkatrade Give your feedback/span_No' is clicked on

2020-02-10 13:58:47 - [MESSAGE][PASSED] - Object: 'Object Repository/Feedback/Page_Checkatrade Give your feedback/Page_Checkatrade Give your feedback/span_No' is clicked on

2020-02-10 13:58:47 - [TEST_STEP][PASSED] - waitForPageLoad(5): Wait for page load successfully

2020-02-10 13:58:47 - [MESSAGE][PASSED] - Wait for page load successfully

2020-02-10 13:58:47 - [TEST_STEP][PASSED] - callTestCase(findTestCase("Reusable_Test_Sequences/Give_Feedback/Your_Experience/Not_Recommend"), [:], CONTINUE_ON_FAILURE): Call Test Case 'Test Cases/Reusable_Test_Sequences/Give_Feedback/Your_Experience/Not_Recommend' successfully

2020-02-10 13:58:47 - [TEST_CASE][PASSED] - Test Cases/Reusable_Test_Sequences/Give_Feedback/Your_Experience/Not_Recommend: Test Cases/Reusable_Test_Sequences/Give_Feedback/Your_Experience/Not_Recommend

2020-02-10 13:58:47 - [TEST_STEP][PASSED] - data = findTestData("Data Files/Give_Feedback (1)"): null

2020-02-10 13:58:47 - [TEST_STEP][PASSED] - YE_WorkCarriedOut = data.getValue("YE_Work_Carried_Out", row): null

2020-02-10 13:58:47 - [TEST_STEP][PASSED] - YE_NatureOfIssue = data.getValue("YE_Nature_Of_Issue", row): null

2020-02-10 13:58:47 - [TEST_STEP][PASSED] - YE_Comments = data.getValue("YE_Comments", row): null

2020-02-10 13:58:47 - [TEST_STEP][PASSED] - YE_FeedbackPublished = data.getValue("YE_Feedback_Published", row): null

2020-02-10 13:58:47 - [TEST_STEP][PASSED] - YE_ReasonNoFeedback = data.getValue("YE_Reason_No_Feedback", row): null

2020-02-10 13:58:47 - [TEST_STEP][PASSED] - YE_Resolve = data.getValue("YE_Resolve", row): null

2020-02-10 13:58:47 - [TEST_STEP][PASSED] - YE_Recommend = data.getValue("YE_Recommendations", row): null

2020-02-10 13:58:47 - [TEST_STEP][PASSED] - "--------------------------------": null

2020-02-10 13:58:47 - [TEST_STEP][PASSED] - "Read data from spreadsheet      |": null

2020-02-10 13:58:47 - [TEST_STEP][PASSED] - "--------------------------------": null

2020-02-10 13:58:47 - [TEST_STEP][PASSED] - "--------------------------------------": null

2020-02-10 13:58:47 - [TEST_STEP][PASSED] - " Was work carried out/Money Exchanged |": null

2020-02-10 13:58:47 - [TEST_STEP][PASSED] - if (YE_WorkCarriedOut == "No"): Wait for page load successfully

2020-02-10 13:58:47 - [TEST_STEP][PASSED] - waitForElementClickable(findTestObject("Feedback_Non_Recommend/Page_Checkatrade Give your feedback/work_Carried_Out_span_No"), 25): Object 'Object Repository/Feedback_Non_Recommend/Page_Checkatrade Give your feedback/work_Carried_Out_span_No' is clickable

2020-02-10 13:58:47 - [MESSAGE][PASSED] - Object 'Object Repository/Feedback_Non_Recommend/Page_Checkatrade Give your feedback/work_Carried_Out_span_No' is clickable

2020-02-10 13:58:47 - [TEST_STEP][PASSED] - click(findTestObject("Feedback_Non_Recommend/Page_Checkatrade Give your feedback/work_Carried_Out_span_No")): Object: 'Object Repository/Feedback_Non_Recommend/Page_Checkatrade Give your feedback/work_Carried_Out_span_No' is clicked on

2020-02-10 13:58:48 - [MESSAGE][PASSED] - Object: 'Object Repository/Feedback_Non_Recommend/Page_Checkatrade Give your feedback/work_Carried_Out_span_No' is clicked on

2020-02-10 13:58:48 - [TEST_STEP][PASSED] - waitForPageLoad(2): Wait for page load successfully

2020-02-10 13:58:48 - [MESSAGE][PASSED] - Wait for page load successfully

2020-02-10 13:58:48 - [TEST_STEP][PASSED] - setText(findTestObject("Object Repository/Feedback_Non_Recommend/Page_Checkatrade Give your feedback/textarea_Comments"), YE_Comments): Text 'Test comment' is set on object 'Object Repository/Feedback_Non_Recommend/Page_Checkatrade Give your feedback/textarea_Comments'

2020-02-10 13:58:48 - [MESSAGE][PASSED] - Text 'Test comment' is set on object 'Object Repository/Feedback_Non_Recommend/Page_Checkatrade Give your feedback/textarea_Comments'

2020-02-10 13:58:48 - [TEST_STEP][PASSED] - waitForPageLoad(2): Wait for page load successfully

2020-02-10 13:58:48 - [MESSAGE][PASSED] - Wait for page load successfully

2020-02-10 13:58:48 - [TEST_STEP][PASSED] - "--------------------------------------": null

2020-02-10 13:58:48 - [TEST_STEP][PASSED] - " Nature of Issue - Selection Box      |": null

2020-02-10 13:58:48 - [TEST_STEP][PASSED] - waitForElementClickable(findTestObject("Feedback_Non_Recommend/Page_Checkatrade Give your feedback/select_Please Select ShortForm"), 5): Object 'Object Repository/Feedback_Non_Recommend/Page_Checkatrade Give your feedback/select_Please Select ShortForm' is clickable

2020-02-10 13:58:49 - [MESSAGE][PASSED] - Object 'Object Repository/Feedback_Non_Recommend/Page_Checkatrade Give your feedback/select_Please Select ShortForm' is clickable

2020-02-10 13:58:49 - [TEST_STEP][PASSED] - selectOptionByLabel(findTestObject("Feedback_Non_Recommend/Page_Checkatrade Give your feedback/select_Please Select ShortForm"), YE_NatureOfIssue, false): All options with label 'No work carried out' are selected in object 'Object Repository/Feedback_Non_Recommend/Page_Checkatrade Give your feedback/select_Please Select ShortForm' 

2020-02-10 13:58:49 - [MESSAGE][PASSED] - All options with label 'No work carried out' are selected in object 'Object Repository/Feedback_Non_Recommend/Page_Checkatrade Give your feedback/select_Please Select ShortForm' 

2020-02-10 13:58:49 - [TEST_STEP][PASSED] - "------------------------------------------------": null

2020-02-10 13:58:49 - [TEST_STEP][PASSED] - " Scroll to <NEXT> Button to reveal Text Below   |": null

2020-02-10 13:58:49 - [TEST_STEP][PASSED] - waitForPageLoad(5): Wait for page load successfully

2020-02-10 13:58:49 - [MESSAGE][PASSED] - Wait for page load successfully

2020-02-10 13:58:49 - [TEST_STEP][PASSED] - waitForElementVisible(findTestObject("Feedback_Non_Recommend/Page_Checkatrade Give your feedback/select_Please Select ShortForm"), 25): Object 'Object Repository/Feedback_Non_Recommend/Page_Checkatrade Give your feedback/select_Please Select ShortForm' is visible

2020-02-10 13:58:49 - [MESSAGE][PASSED] - Object 'Object Repository/Feedback_Non_Recommend/Page_Checkatrade Give your feedback/select_Please Select ShortForm' is visible

2020-02-10 13:58:49 - [TEST_STEP][PASSED] - "--------------------------------------": null

2020-02-10 13:58:49 - [TEST_STEP][PASSED] - " Would you like to Publish Feedback?  |": null

2020-02-10 13:58:49 - [TEST_STEP][PASSED] - if (YE_FeedbackPublished == "No"): Wait for page load successfully

2020-02-10 13:58:49 - [TEST_STEP][PASSED] - waitForPageLoad(2): Wait for page load successfully

2020-02-10 13:58:49 - [MESSAGE][PASSED] - Wait for page load successfully

2020-02-10 13:58:49 - [TEST_STEP][PASSED] - if (YE_WorkCarriedOut == "Yes"): null

2020-02-10 13:58:49 - [TEST_STEP][PASSED] - if (YE_WorkCarriedOut == "No"): Object: 'Object Repository/Feedback_Non_Recommend/Page_Checkatrade Give your feedback/feedback_Published_span_No - Alt' is clicked on

2020-02-10 13:58:49 - [TEST_STEP][PASSED] - waitForElementClickable(findTestObject("Feedback_Non_Recommend/Page_Checkatrade Give your feedback/feedback_Published_span_No - Alt"), 25): Object 'Object Repository/Feedback_Non_Recommend/Page_Checkatrade Give your feedback/feedback_Published_span_No - Alt' is clickable

2020-02-10 13:58:49 - [MESSAGE][PASSED] - Object 'Object Repository/Feedback_Non_Recommend/Page_Checkatrade Give your feedback/feedback_Published_span_No - Alt' is clickable

2020-02-10 13:58:49 - [TEST_STEP][PASSED] - click(findTestObject("Feedback_Non_Recommend/Page_Checkatrade Give your feedback/feedback_Published_span_No - Alt")): Object: 'Object Repository/Feedback_Non_Recommend/Page_Checkatrade Give your feedback/feedback_Published_span_No - Alt' is clicked on

2020-02-10 13:58:50 - [MESSAGE][PASSED] - Object: 'Object Repository/Feedback_Non_Recommend/Page_Checkatrade Give your feedback/feedback_Published_span_No - Alt' is clicked on

2020-02-10 13:58:50 - [TEST_STEP][PASSED] - waitForPageLoad(5): Wait for page load successfully

2020-02-10 13:58:50 - [MESSAGE][PASSED] - Wait for page load successfully

2020-02-10 13:58:50 - [TEST_STEP][PASSED] - delay(1): Delayed 1 second(s)

2020-02-10 13:58:51 - [MESSAGE][PASSED] - Delayed 1 second(s)

2020-02-10 13:58:51 - [TEST_STEP][PASSED] - verifyTextPresent("By ticking ‘No’ we will not contact the trader but we may contact you.", false): Text 'By ticking ‘No’ we will not contact the trader but we may contact you.' is present on page 

2020-02-10 13:58:51 - [MESSAGE][PASSED] - Text 'By ticking ‘No’ we will not contact the trader but we may contact you.' is present on page 

2020-02-10 13:58:51 - [TEST_STEP][PASSED] - setText(findTestObject("Object Repository/Feedback_Non_Recommend/Page_Checkatrade Give your feedback/textarea_Please give your reason for this"), YE_ReasonNoFeedback): Text 'Didn't want too' is set on object 'Object Repository/Feedback_Non_Recommend/Page_Checkatrade Give your feedback/textarea_Please give your reason for this'

2020-02-10 13:58:51 - [MESSAGE][PASSED] - Text 'Didn't want too' is set on object 'Object Repository/Feedback_Non_Recommend/Page_Checkatrade Give your feedback/textarea_Please give your reason for this'

2020-02-10 13:58:51 - [TEST_STEP][PASSED] - waitForPageLoad(2): Wait for page load successfully

2020-02-10 13:58:51 - [MESSAGE][PASSED] - Wait for page load successfully

2020-02-10 13:58:51 - [TEST_STEP][PASSED] - delay(1): Delayed 1 second(s)

2020-02-10 13:58:52 - [MESSAGE][PASSED] - Delayed 1 second(s)

2020-02-10 13:58:52 - [MESSAGE][PASSED] - Call Test Case 'Test Cases/Reusable_Test_Sequences/Give_Feedback/Your_Experience/Not_Recommend' successfully

2020-02-10 13:58:52 - [TEST_STEP][PASSED] - out.println("Your Experience, Recommendation, Click on the <" + YE_Recommend + "> Option Button "): null

2020-02-10 13:58:52 - [TEST_STEP][PASSED] - waitForPageLoad(60): Wait for page load successfully

2020-02-10 13:58:53 - [MESSAGE][PASSED] - Wait for page load successfully

2020-02-10 13:58:53 - [MESSAGE][PASSED] - Call Test Case 'Test Cases/Reusable_Test_Sequences/Give_Feedback/Your_Experience/Recommendation_Selection' successfully

2020-02-10 13:58:53 - [TEST_STEP][PASSED] - "---------------------------------------------------------------------------------------": null

2020-02-10 13:58:53 - [TEST_STEP][PASSED] - " SELECTING _ NO Recommend Restructures this PAGE, So need to exclude the below tests  ": null

2020-02-10 13:58:53 - [TEST_STEP][PASSED] - if (YE_Recommend == "Yes"): null

2020-02-10 13:58:53 - [TEST_STEP][PASSED] - "---------------------------------------------------------------------------------------------------------": null

2020-02-10 13:58:53 - [TEST_STEP][PASSED] - " Your Experience (page 1) Hit <Next> Button to Continue to <Your Scores>- (page 2) If Recommend = YES    |": null

2020-02-10 13:58:53 - [TEST_STEP][PASSED] - "                                                        OR <Your Details>-(page 3) If Recommend = NO     |": null

2020-02-10 13:58:53 - [TEST_STEP][PASSED] - callTestCase(findTestCase("Reusable_Test_Sequences/Give_Feedback/Hit_Next"), [:], CONTINUE_ON_FAILURE): Call Test Case 'Test Cases/Reusable_Test_Sequences/Give_Feedback/Hit_Next' successfully

2020-02-10 13:58:53 - [TEST_CASE][PASSED] - Test Cases/Reusable_Test_Sequences/Give_Feedback/Hit_Next: Test Cases/Reusable_Test_Sequences/Give_Feedback/Hit_Next

2020-02-10 13:58:53 - [TEST_STEP][PASSED] - click(findTestObject("Object Repository/Page_Checkatrade Give your feedback/input_No_ctl00contentButton4")): Object: 'Object Repository/Page_Checkatrade Give your feedback/input_No_ctl00contentButton4' is clicked on

2020-02-10 13:58:57 - [MESSAGE][PASSED] - Object: 'Object Repository/Page_Checkatrade Give your feedback/input_No_ctl00contentButton4' is clicked on

2020-02-10 13:58:57 - [TEST_STEP][PASSED] - waitForPageLoad(2): Wait for page load successfully

2020-02-10 13:58:57 - [MESSAGE][PASSED] - Wait for page load successfully

2020-02-10 13:58:57 - [MESSAGE][PASSED] - Call Test Case 'Test Cases/Reusable_Test_Sequences/Give_Feedback/Hit_Next' successfully

2020-02-10 13:58:57 - [TEST_STEP][PASSED] - waitForPageLoad(2): Wait for page load successfully

2020-02-10 13:58:57 - [MESSAGE][PASSED] - Wait for page load successfully

2020-02-10 13:58:57 - [MESSAGE][PASSED] - Call Test Case 'Test Cases/Reusable_Test_Sequences/Give_Feedback/Your_Experience/Your_Experience' successfully

2020-02-10 13:58:57 - [TEST_STEP][PASSED] - "--------------------------------------": null

2020-02-10 13:58:57 - [TEST_STEP][PASSED] - " Your Scores (page 2) Processing      |": null

2020-02-10 13:58:57 - [TEST_STEP][PASSED] - YE_Recommend = data.getValue("YE_Recommendations", row): null

2020-02-10 13:58:57 - [TEST_STEP][PASSED] - YE_WorkCarriedOut = data.getValue("YE_Work_Carried_Out", row): null

2020-02-10 13:58:57 - [TEST_STEP][PASSED] - if (YE_Recommend == "Yes"): null

2020-02-10 13:58:57 - [TEST_STEP][PASSED] - if (YE_Recommend == "No" && YE_WorkCarriedOut == "Yes"): null

2020-02-10 13:58:57 - [TEST_STEP][PASSED] - "--------------------------------------": null

2020-02-10 13:58:57 - [TEST_STEP][PASSED] - " Your Details (page 3) Processing     |": null

2020-02-10 13:58:57 - [TEST_STEP][PASSED] - callTestCase(findTestCase("Reusable_Test_Sequences/Give_Feedback/Your_Details/Your_Details"), [:], CONTINUE_ON_FAILURE): Call Test Case 'Test Cases/Reusable_Test_Sequences/Give_Feedback/Your_Details/Your_Details' successfully

2020-02-10 13:58:57 - [TEST_CASE][PASSED] - Test Cases/Reusable_Test_Sequences/Give_Feedback/Your_Details/Your_Details: Test Cases/Reusable_Test_Sequences/Give_Feedback/Your_Details/Your_Details

2020-02-10 13:58:57 - [TEST_STEP][PASSED] - "---------------------------------------------------------------------------------------": null

2020-02-10 13:58:57 - [TEST_STEP][PASSED] - " Your Details (page 3)                                                                 |": null

2020-02-10 13:58:57 - [TEST_STEP][PASSED] - "---------------------------------------------------------------------------------------": null

2020-02-10 13:58:57 - [TEST_STEP][PASSED] - "-------------------------------------": null

2020-02-10 13:58:57 - [TEST_STEP][PASSED] - " Consumer or Customer Selection      |": null

2020-02-10 13:58:57 - [TEST_STEP][PASSED] - callTestCase(findTestCase("Reusable_Test_Sequences/Give_Feedback/Your_Details/Consumer_or_Customer_Selection"), [:], STOP_ON_FAILURE): Call Test Case 'Test Cases/Reusable_Test_Sequences/Give_Feedback/Your_Details/Consumer_or_Customer_Selection' successfully

2020-02-10 13:58:57 - [TEST_CASE][PASSED] - Test Cases/Reusable_Test_Sequences/Give_Feedback/Your_Details/Consumer_or_Customer_Selection: Test Cases/Reusable_Test_Sequences/Give_Feedback/Your_Details/Consumer_or_Customer_Selection

2020-02-10 13:58:57 - [TEST_STEP][PASSED] - "--------------------------------": null

2020-02-10 13:58:57 - [TEST_STEP][PASSED] - "Read data from spreadsheet      |": null

2020-02-10 13:58:57 - [TEST_STEP][PASSED] - data = findTestData("Data Files/Give_Feedback (1)"): null

2020-02-10 13:58:57 - [TEST_STEP][PASSED] - YD_Consumer_Customer = data.getValue("YD_Consumer_Customer", row): null

2020-02-10 13:58:57 - [TEST_STEP][PASSED] - out.println("Your Details, Consumer OR Trade Customer, Click on the " + YD_Consumer_Customer + " Option Button "): null

2020-02-10 13:58:57 - [TEST_STEP][PASSED] - try: null

2020-02-10 13:58:57 - [TEST_STEP][PASSED] - if (YD_Consumer_Customer == "Consumer"): Object 'Object Repository/Page_Checkatrade Give your feedback/span_an individual consumer' is clickable

2020-02-10 13:58:58 - [MESSAGE][PASSED] - Object 'Object Repository/Page_Checkatrade Give your feedback/span_an individual consumer' is clickable

2020-02-10 13:58:58 - [TEST_STEP][PASSED] - click(findTestObject("Object Repository/Page_Checkatrade Give your feedback/span_an individual consumer"), 1): null

2020-02-10 13:58:58 - [TEST_STEP][PASSED] - catch (Exception e): null

2020-02-10 13:58:58 - [TEST_STEP][PASSED] - if (YD_Consumer_Customer == "Customer"): null

2020-02-10 13:58:58 - [TEST_STEP][PASSED] - out.println("Your Experience, Recommendation, Click on the " + YD_Consumer_Customer + " Option Button "): null

2020-02-10 13:58:58 - [MESSAGE][PASSED] - Call Test Case 'Test Cases/Reusable_Test_Sequences/Give_Feedback/Your_Details/Consumer_or_Customer_Selection' successfully

2020-02-10 13:58:58 - [TEST_STEP][PASSED] - "-------------------------------------": null

2020-02-10 13:58:58 - [TEST_STEP][PASSED] - " Fill Personal Details               |": null

2020-02-10 13:58:58 - [TEST_STEP][PASSED] - callTestCase(findTestCase("Reusable_Test_Sequences/Give_Feedback/Your_Details/Personal_Details_Formfill"), [:], STOP_ON_FAILURE): Call Test Case 'Test Cases/Reusable_Test_Sequences/Give_Feedback/Your_Details/Personal_Details_Formfill' successfully

2020-02-10 13:58:58 - [TEST_CASE][PASSED] - Test Cases/Reusable_Test_Sequences/Give_Feedback/Your_Details/Personal_Details_Formfill: Test Cases/Reusable_Test_Sequences/Give_Feedback/Your_Details/Personal_Details_Formfill

2020-02-10 13:58:58 - [TEST_STEP][PASSED] - "--------------------------------": null

2020-02-10 13:58:58 - [TEST_STEP][PASSED] - "Read data from spreadsheet      |": null

2020-02-10 13:58:58 - [TEST_STEP][PASSED] - data = findTestData("Data Files/Give_Feedback (1)"): null

2020-02-10 13:58:58 - [TEST_STEP][PASSED] - YD_Salutation = data.getValue("YD_Salutation", row): null

2020-02-10 13:58:58 - [TEST_STEP][PASSED] - YD_Name = data.getValue("YD_Name", row): null

2020-02-10 13:58:58 - [TEST_STEP][PASSED] - YD_Company_Name = data.getValue("YD_Company_Name", row): null

2020-02-10 13:58:58 - [TEST_STEP][PASSED] - YD_Postcode = data.getValue("YD_Postcode", row): null

2020-02-10 13:58:58 - [TEST_STEP][PASSED] - YD_Verify_Address = data.getValue("YD_Verify_Address", row): null

2020-02-10 13:58:58 - [TEST_STEP][PASSED] - YD_Consumer_Customer = data.getValue("YD_Consumer_Customer", row): null

2020-02-10 13:58:58 - [TEST_STEP][PASSED] - out.println("Your Experience, Your details, Set the " + YD_Salutation + " Text Box "): null

2020-02-10 13:58:58 - [TEST_STEP][PASSED] - "--------------------": null

2020-02-10 13:58:58 - [TEST_STEP][PASSED] - "  Set  Salutation   |": null

2020-02-10 13:58:58 - [TEST_STEP][PASSED] - delay(1): Delayed 1 second(s)

2020-02-10 13:58:59 - [MESSAGE][PASSED] - Delayed 1 second(s)

2020-02-10 13:58:59 - [TEST_STEP][PASSED] - selectOptionByValue(findTestObject("Object Repository/New Folder/Page_Checkatrade Give your feedback/select_MrMrsMissMsMr  MrsDrRevRevd"), YD_Salutation, true): All options with value 'Mr' are selected in object 'Object Repository/New Folder/Page_Checkatrade Give your feedback/select_MrMrsMissMsMr  MrsDrRevRevd'  using regular expression

2020-02-10 13:59:00 - [MESSAGE][PASSED] - All options with value 'Mr' are selected in object 'Object Repository/New Folder/Page_Checkatrade Give your feedback/select_MrMrsMissMsMr  MrsDrRevRevd'  using regular expression

2020-02-10 13:59:00 - [TEST_STEP][PASSED] - "--------------------": null

2020-02-10 13:59:00 - [TEST_STEP][PASSED] - "  Set  Name         |": null

2020-02-10 13:59:00 - [TEST_STEP][PASSED] - if (YD_Consumer_Customer == "Consumer"): Text 'Ron Smith' is set on object 'Object Repository/New Folder/Page_Checkatrade Give your feedback/input_Name_ctl00contenttbCustomerName'

2020-02-10 13:59:00 - [TEST_STEP][PASSED] - setText(findTestObject("Object Repository/New Folder/Page_Checkatrade Give your feedback/input_Name_ctl00contenttbCustomerName"), YD_Name): Text 'Ron Smith' is set on object 'Object Repository/New Folder/Page_Checkatrade Give your feedback/input_Name_ctl00contenttbCustomerName'

2020-02-10 13:59:00 - [MESSAGE][PASSED] - Text 'Ron Smith' is set on object 'Object Repository/New Folder/Page_Checkatrade Give your feedback/input_Name_ctl00contenttbCustomerName'

2020-02-10 13:59:00 - [TEST_STEP][PASSED] - "----------------------": null

2020-02-10 13:59:00 - [TEST_STEP][PASSED] - " Name of you company  |": null

2020-02-10 13:59:00 - [TEST_STEP][PASSED] - if (YD_Consumer_Customer == "Customer"): null

2020-02-10 13:59:00 - [TEST_STEP][PASSED] - "--------------------": null

2020-02-10 13:59:00 - [TEST_STEP][PASSED] - "  Set Postcode     |": null

2020-02-10 13:59:00 - [TEST_STEP][PASSED] - setText(findTestObject("Object Repository/New Folder/Page_Checkatrade Give your feedback/input_Your postcode_ctl00contentctlCustomerAddresstbPostcodeSearch"), YD_Postcode): Text 'PO12 2SD' is set on object 'Object Repository/New Folder/Page_Checkatrade Give your feedback/input_Your postcode_ctl00contentctlCustomerAddresstbPostcodeSearch'

2020-02-10 13:59:01 - [MESSAGE][PASSED] - Text 'PO12 2SD' is set on object 'Object Repository/New Folder/Page_Checkatrade Give your feedback/input_Your postcode_ctl00contentctlCustomerAddresstbPostcodeSearch'

2020-02-10 13:59:01 - [TEST_STEP][PASSED] - "-----------------------------": null

2020-02-10 13:59:01 - [TEST_STEP][PASSED] - "  Address Lookup Selection   |": null

2020-02-10 13:59:01 - [TEST_STEP][PASSED] - click(findTestObject("Object Repository/New Folder/Page_Checkatrade Give your feedback/input_Your postcode_ctl00contentctlCustomerAddressbtnPostcodeLookup")): Object: 'Object Repository/New Folder/Page_Checkatrade Give your feedback/input_Your postcode_ctl00contentctlCustomerAddressbtnPostcodeLookup' is clicked on

2020-02-10 13:59:01 - [MESSAGE][PASSED] - Object: 'Object Repository/New Folder/Page_Checkatrade Give your feedback/input_Your postcode_ctl00contentctlCustomerAddressbtnPostcodeLookup' is clicked on

2020-02-10 13:59:01 - [TEST_STEP][PASSED] - "-----------------------------": null

2020-02-10 13:59:01 - [TEST_STEP][PASSED] - "  Address Lookup Set         |": null

2020-02-10 13:59:01 - [TEST_STEP][PASSED] - selectOptionByLabel(findTestObject("Object Repository/New Folder/Page_Checkatrade Give your feedback/select_Please select your address"), YD_Verify_Address, true): All options with label '26 Broadsands Drive,Gosport,Hampshire,PO12 2SD' are selected in object 'Object Repository/New Folder/Page_Checkatrade Give your feedback/select_Please select your address'  using regular expression

2020-02-10 13:59:02 - [MESSAGE][PASSED] - All options with label '26 Broadsands Drive,Gosport,Hampshire,PO12 2SD' are selected in object 'Object Repository/New Folder/Page_Checkatrade Give your feedback/select_Please select your address'  using regular expression

2020-02-10 13:59:02 - [TEST_STEP][PASSED] - "-----------------------------": null

2020-02-10 13:59:02 - [TEST_STEP][PASSED] - "  Verify Returned Address    |": null

2020-02-10 13:59:02 - [TEST_STEP][PASSED] - verifyTextPresent(YD_Verify_Address, false): Text '26 Broadsands Drive,Gosport,Hampshire,PO12 2SD' is present on page 

2020-02-10 13:59:02 - [MESSAGE][PASSED] - Text '26 Broadsands Drive,Gosport,Hampshire,PO12 2SD' is present on page 

2020-02-10 13:59:02 - [MESSAGE][PASSED] - Call Test Case 'Test Cases/Reusable_Test_Sequences/Give_Feedback/Your_Details/Personal_Details_Formfill' successfully

2020-02-10 13:59:02 - [TEST_STEP][PASSED] - "-------------------------------------": null

2020-02-10 13:59:02 - [TEST_STEP][PASSED] - " Fil Contact Details                 |": null

2020-02-10 13:59:02 - [TEST_STEP][PASSED] - callTestCase(findTestCase("Reusable_Test_Sequences/Give_Feedback/Your_Details/Contact_Details_Formfill"), [:], STOP_ON_FAILURE): Call Test Case 'Test Cases/Reusable_Test_Sequences/Give_Feedback/Your_Details/Contact_Details_Formfill' successfully

2020-02-10 13:59:02 - [TEST_CASE][PASSED] - Test Cases/Reusable_Test_Sequences/Give_Feedback/Your_Details/Contact_Details_Formfill: Test Cases/Reusable_Test_Sequences/Give_Feedback/Your_Details/Contact_Details_Formfill

2020-02-10 13:59:02 - [TEST_STEP][PASSED] - "--------------------------------": null

2020-02-10 13:59:02 - [TEST_STEP][PASSED] - "Read data from spreadsheet      |": null

2020-02-10 13:59:02 - [TEST_STEP][PASSED] - data = findTestData("Data Files/Give_Feedback (1)"): null

2020-02-10 13:59:02 - [TEST_STEP][PASSED] - YD_Home_Phone = data.getValue("YD_Home_Phone", row): null

2020-02-10 13:59:02 - [TEST_STEP][PASSED] - YD_Name = data.getValue("YD_Name", row): null

2020-02-10 13:59:02 - [TEST_STEP][PASSED] - YD_Best_Contact_Time = data.getValue("YD_Best_Contact_Time", row): null

2020-02-10 13:59:02 - [TEST_STEP][PASSED] - YD_Email = data.getValue("YD_Email", row): null

2020-02-10 13:59:02 - [TEST_STEP][PASSED] - YD_Mobile = data.getValue("YD_Mobile", row): null

2020-02-10 13:59:02 - [TEST_STEP][PASSED] - YD_Consumer_Customer = data.getValue("YD_Consumer_Customer", row): null

2020-02-10 13:59:02 - [TEST_STEP][PASSED] - out.println("Your Experience, Your details, Set the " + YD_Home_Phone + " Text Box "): null

2020-02-10 13:59:02 - [TEST_STEP][PASSED] - "------------------------------": null

2020-02-10 13:59:02 - [TEST_STEP][PASSED] - "  Set Home Telephone Number   |": null

2020-02-10 13:59:02 - [TEST_STEP][PASSED] - setText(findTestObject("Object Repository/New Folder/Page_Checkatrade Give your feedback/input_Home telephone_ctl00contenttbCustomerHomePhone"), YD_Home_Phone): Text '02392123456' is set on object 'Object Repository/New Folder/Page_Checkatrade Give your feedback/input_Home telephone_ctl00contenttbCustomerHomePhone'

2020-02-10 13:59:03 - [MESSAGE][PASSED] - Text '02392123456' is set on object 'Object Repository/New Folder/Page_Checkatrade Give your feedback/input_Home telephone_ctl00contenttbCustomerHomePhone'

2020-02-10 13:59:03 - [TEST_STEP][PASSED] - "------------------------------": null

2020-02-10 13:59:03 - [TEST_STEP][PASSED] - "  Set Best Time to Contact    |": null

2020-02-10 13:59:03 - [TEST_STEP][PASSED] - if (YD_Consumer_Customer == "Consumer"): Text 'After 6PM' is set on object 'Object Repository/New Folder/Page_Checkatrade Give your feedback/input_Best time to contact you_ctl00contenttbCustomerContactTime'

2020-02-10 13:59:03 - [TEST_STEP][PASSED] - setText(findTestObject("Object Repository/New Folder/Page_Checkatrade Give your feedback/input_Best time to contact you_ctl00contenttbCustomerContactTime"), YD_Best_Contact_Time): Text 'After 6PM' is set on object 'Object Repository/New Folder/Page_Checkatrade Give your feedback/input_Best time to contact you_ctl00contenttbCustomerContactTime'

2020-02-10 13:59:03 - [MESSAGE][PASSED] - Text 'After 6PM' is set on object 'Object Repository/New Folder/Page_Checkatrade Give your feedback/input_Best time to contact you_ctl00contenttbCustomerContactTime'

2020-02-10 13:59:03 - [TEST_STEP][PASSED] - "------------------------------": null

2020-02-10 13:59:03 - [TEST_STEP][PASSED] - "  Set Email Address           |": null

2020-02-10 13:59:03 - [TEST_STEP][PASSED] - setText(findTestObject("Object Repository/New Folder/Page_Checkatrade Give your feedback/input_Email_ctl00contenttbCustomerEmail"), YD_Email): Text 'Test_xxxxxx@xdxdxdxd.com' is set on object 'Object Repository/New Folder/Page_Checkatrade Give your feedback/input_Email_ctl00contenttbCustomerEmail'

2020-02-10 13:59:04 - [MESSAGE][PASSED] - Text 'Test_xxxxxx@xdxdxdxd.com' is set on object 'Object Repository/New Folder/Page_Checkatrade Give your feedback/input_Email_ctl00contenttbCustomerEmail'

2020-02-10 13:59:04 - [TEST_STEP][PASSED] - "------------------------------": null

2020-02-10 13:59:04 - [TEST_STEP][PASSED] - "  Set Mobile Telephone Number |": null

2020-02-10 13:59:04 - [TEST_STEP][PASSED] - setText(findTestObject("Object Repository/New Folder/Page_Checkatrade Give your feedback/input_Mobile_ctl00contenttbCustomerMobile"), YD_Mobile): Text '07788123456' is set on object 'Object Repository/New Folder/Page_Checkatrade Give your feedback/input_Mobile_ctl00contenttbCustomerMobile'

2020-02-10 13:59:04 - [MESSAGE][PASSED] - Text '07788123456' is set on object 'Object Repository/New Folder/Page_Checkatrade Give your feedback/input_Mobile_ctl00contenttbCustomerMobile'

2020-02-10 13:59:04 - [MESSAGE][PASSED] - Call Test Case 'Test Cases/Reusable_Test_Sequences/Give_Feedback/Your_Details/Contact_Details_Formfill' successfully

2020-02-10 13:59:04 - [TEST_STEP][PASSED] - "-------------------------------------": null

2020-02-10 13:59:04 - [TEST_STEP][PASSED] - " CHeckatrade Questions               |": null

2020-02-10 13:59:04 - [TEST_STEP][PASSED] - callTestCase(findTestCase("Reusable_Test_Sequences/Give_Feedback/Your_Details/Checkatrade_Questions"), [:], STOP_ON_FAILURE): Call Test Case 'Test Cases/Reusable_Test_Sequences/Give_Feedback/Your_Details/Checkatrade_Questions' successfully

2020-02-10 13:59:04 - [TEST_CASE][PASSED] - Test Cases/Reusable_Test_Sequences/Give_Feedback/Your_Details/Checkatrade_Questions: Test Cases/Reusable_Test_Sequences/Give_Feedback/Your_Details/Checkatrade_Questions

2020-02-10 13:59:04 - [TEST_STEP][PASSED] - "--------------------------------": null

2020-02-10 13:59:04 - [TEST_STEP][PASSED] - "Read data from spreadsheet      |": null

2020-02-10 13:59:04 - [TEST_STEP][PASSED] - data = findTestData("Data Files/Give_Feedback (1)"): null

2020-02-10 13:59:04 - [TEST_STEP][PASSED] - YD_Feedback_Method = data.getValue("YD_Feedback_Method", row): null

2020-02-10 13:59:04 - [TEST_STEP][PASSED] - YD_How_Did_You_Hear = data.getValue("YD_How_Did_You_Hear", row): null

2020-02-10 13:59:04 - [TEST_STEP][PASSED] - YD_Other_Response = data.getValue("YD_Other_Response", row): null

2020-02-10 13:59:04 - [TEST_STEP][PASSED] - YD_Reason_For_Tradeperson_Selection = data.getValue("YD_Reason_For_Tradeperson_Selection", row): null

2020-02-10 13:59:04 - [TEST_STEP][PASSED] - YD_Receive_Chekatrade_Updates = data.getValue("YD_Receive_Chekatrade_Updates", row): null

2020-02-10 13:59:04 - [TEST_STEP][PASSED] - YD_Receive_Third_Party_Updates = data.getValue("YD_Receive_Third_Party_Updates", row): null

2020-02-10 13:59:04 - [TEST_STEP][PASSED] - out.println("Your Experience, Your details, Set the " + YD_Feedback_Method + " Text Box "): null

2020-02-10 13:59:04 - [TEST_STEP][PASSED] - "------------------------------------": null

2020-02-10 13:59:04 - [TEST_STEP][PASSED] - "  Set Verify Options - SMS OR Email |": null

2020-02-10 13:59:04 - [TEST_STEP][PASSED] - if (YD_Feedback_Method == "email"): Wait for page load successfully

2020-02-10 13:59:04 - [TEST_STEP][PASSED] - click(findTestObject("Object Repository/Page_Checkatrade Give your feedback/span_Verify by email")): Object: 'Object Repository/Page_Checkatrade Give your feedback/span_Verify by email' is clicked on

2020-02-10 13:59:05 - [MESSAGE][PASSED] - Object: 'Object Repository/Page_Checkatrade Give your feedback/span_Verify by email' is clicked on

2020-02-10 13:59:05 - [TEST_STEP][PASSED] - waitForPageLoad(2): Wait for page load successfully

2020-02-10 13:59:05 - [MESSAGE][PASSED] - Wait for page load successfully

2020-02-10 13:59:05 - [TEST_STEP][PASSED] - "--------------------------------------": null

2020-02-10 13:59:05 - [TEST_STEP][PASSED] - " Scroll to <Next> Button              |": null

2020-02-10 13:59:05 - [TEST_STEP][PASSED] - scrollToPosition(200, 0): Browser is scrolled to position x = 200, y = 0

2020-02-10 13:59:05 - [MESSAGE][PASSED] - Browser is scrolled to position x = 200, y = 0

2020-02-10 13:59:05 - [TEST_STEP][PASSED] - "--------------------------------------": null

2020-02-10 13:59:05 - [TEST_STEP][PASSED] - "  Set How You Heard About Checkatrade |": null

2020-02-10 13:59:05 - [TEST_STEP][PASSED] - waitForPageLoad(2): Wait for page load successfully

2020-02-10 13:59:05 - [MESSAGE][PASSED] - Wait for page load successfully

2020-02-10 13:59:05 - [TEST_STEP][PASSED] - selectOptionByLabel(findTestObject("Object Repository/Page_Checkatrade Give your feedback/select_Please selectTVRadioOnlineDirectoryWord"), YD_How_Did_You_Hear, true): All options with label 'Online' are selected in object 'Object Repository/Page_Checkatrade Give your feedback/select_Please selectTVRadioOnlineDirectoryWord'  using regular expression

2020-02-10 13:59:06 - [MESSAGE][PASSED] - All options with label 'Online' are selected in object 'Object Repository/Page_Checkatrade Give your feedback/select_Please selectTVRadioOnlineDirectoryWord'  using regular expression

2020-02-10 13:59:06 - [TEST_STEP][PASSED] - "--------------------------------------": null

2020-02-10 13:59:06 - [TEST_STEP][PASSED] - "  How did you hear about Textbox      |": null

2020-02-10 13:59:06 - [TEST_STEP][PASSED] - if (YD_How_Did_You_Hear == "Other"): null

2020-02-10 13:59:06 - [TEST_STEP][PASSED] - "--------------------------------------": null

2020-02-10 13:59:06 - [TEST_STEP][PASSED] - "  Why Use The Selected Tradesperson   |": null

2020-02-10 13:59:06 - [TEST_STEP][PASSED] - waitForElementClickable(findTestObject("Object Repository/New Folder/Page_Checkatrade Give your feedback/select_Prefer not to sayFound the Tradesperson via CheckatradecomDirected to Checkatradecom by the Tradesperson"), 2): Object 'Object Repository/New Folder/Page_Checkatrade Give your feedback/select_Prefer not to sayFound the Tradesperson via CheckatradecomDirected to Checkatradecom by the Tradesperson' is clickable

2020-02-10 13:59:06 - [MESSAGE][PASSED] - Object 'Object Repository/New Folder/Page_Checkatrade Give your feedback/select_Prefer not to sayFound the Tradesperson via CheckatradecomDirected to Checkatradecom by the Tradesperson' is clickable

2020-02-10 13:59:06 - [TEST_STEP][PASSED] - selectOptionByIndex(findTestObject("Object Repository/New Folder/Page_Checkatrade Give your feedback/select_Prefer not to sayFound the Tradesperson via CheckatradecomDirected to Checkatradecom by the Tradesperson"), 2): All options with index in [2] are selected on object 'Object Repository/New Folder/Page_Checkatrade Give your feedback/select_Prefer not to sayFound the Tradesperson via CheckatradecomDirected to Checkatradecom by the Tradesperson'

2020-02-10 13:59:06 - [MESSAGE][PASSED] - All options with index in [2] are selected on object 'Object Repository/New Folder/Page_Checkatrade Give your feedback/select_Prefer not to sayFound the Tradesperson via CheckatradecomDirected to Checkatradecom by the Tradesperson'

2020-02-10 13:59:06 - [TEST_STEP][PASSED] - waitForPageLoad(2): Wait for page load successfully

2020-02-10 13:59:06 - [MESSAGE][PASSED] - Wait for page load successfully

2020-02-10 13:59:06 - [TEST_STEP][PASSED] - "----------------------------------------------------": null

2020-02-10 13:59:06 - [TEST_STEP][PASSED] - " Select - I am happy to receive Updates - Checkatra |": null

2020-02-10 13:59:06 - [TEST_STEP][PASSED] - if (YD_Receive_Chekatrade_Updates == "Yes"): Wait for page load successfully

2020-02-10 13:59:06 - [TEST_STEP][PASSED] - click(findTestObject("Object Repository/New Folder/Page_Checkatrade Give your feedback/input_I am happy to receive updates from Checkatrade_ctl00contentchkEmailUpdates")): Object: 'Object Repository/New Folder/Page_Checkatrade Give your feedback/input_I am happy to receive updates from Checkatrade_ctl00contentchkEmailUpdates' is clicked on

2020-02-10 13:59:07 - [MESSAGE][PASSED] - Object: 'Object Repository/New Folder/Page_Checkatrade Give your feedback/input_I am happy to receive updates from Checkatrade_ctl00contentchkEmailUpdates' is clicked on

2020-02-10 13:59:07 - [TEST_STEP][PASSED] - waitForPageLoad(2): Wait for page load successfully

2020-02-10 13:59:07 - [MESSAGE][PASSED] - Wait for page load successfully

2020-02-10 13:59:07 - [TEST_STEP][PASSED] - "----------------------------------------------------": null

2020-02-10 13:59:07 - [TEST_STEP][PASSED] - " Select - I am happy to receive Updates - 3rd party |": null

2020-02-10 13:59:07 - [TEST_STEP][PASSED] - if (YD_Receive_Third_Party_Updates == "Yes"): Wait for page load successfully

2020-02-10 13:59:07 - [TEST_STEP][PASSED] - click(findTestObject("Object Repository/New Folder/Page_Checkatrade Give your feedback/label_I am happy to receive updates from selected third parties")): Object: 'Object Repository/New Folder/Page_Checkatrade Give your feedback/label_I am happy to receive updates from selected third parties' is clicked on

2020-02-10 13:59:07 - [MESSAGE][PASSED] - Object: 'Object Repository/New Folder/Page_Checkatrade Give your feedback/label_I am happy to receive updates from selected third parties' is clicked on

2020-02-10 13:59:07 - [TEST_STEP][PASSED] - waitForPageLoad(2): Wait for page load successfully

2020-02-10 13:59:07 - [MESSAGE][PASSED] - Wait for page load successfully

2020-02-10 13:59:07 - [TEST_STEP][PASSED] - "--------------------------------------": null

2020-02-10 13:59:07 - [TEST_STEP][PASSED] - "   SUBMIT Page                        |": null

2020-02-10 13:59:07 - [TEST_STEP][PASSED] - click(findTestObject("Object Repository/New Folder/Page_Checkatrade Give your feedback/input_here_ctl00contentButtonSubmit")): Object: 'Object Repository/New Folder/Page_Checkatrade Give your feedback/input_here_ctl00contentButtonSubmit' is clicked on

2020-02-10 13:59:13 - [MESSAGE][PASSED] - Object: 'Object Repository/New Folder/Page_Checkatrade Give your feedback/input_here_ctl00contentButtonSubmit' is clicked on

2020-02-10 13:59:13 - [TEST_STEP][PASSED] - waitForPageLoad(2): Wait for page load successfully

2020-02-10 13:59:14 - [MESSAGE][PASSED] - Wait for page load successfully

2020-02-10 13:59:14 - [MESSAGE][PASSED] - Call Test Case 'Test Cases/Reusable_Test_Sequences/Give_Feedback/Your_Details/Checkatrade_Questions' successfully

2020-02-10 13:59:14 - [TEST_STEP][PASSED] - "-------------------------------------": null

2020-02-10 13:59:14 - [TEST_STEP][PASSED] - " Commit form                         |": null

2020-02-10 13:59:14 - [TEST_STEP][PASSED] - waitForPageLoad(60): Wait for page load successfully

2020-02-10 13:59:14 - [MESSAGE][PASSED] - Wait for page load successfully

2020-02-10 13:59:14 - [MESSAGE][PASSED] - Call Test Case 'Test Cases/Reusable_Test_Sequences/Give_Feedback/Your_Details/Your_Details' successfully

2020-02-10 13:59:14 - [TEST_STEP][PASSED] - "--------------------------------------": null

2020-02-10 13:59:14 - [TEST_STEP][PASSED] - " Further Info (page 4) Processing     |": null

2020-02-10 13:59:14 - [TEST_STEP][PASSED] - callTestCase(findTestCase("Reusable_Test_Sequences/Give_Feedback/Further_Infomation/Further_Information"), [:], CONTINUE_ON_FAILURE): Call Test Case 'Test Cases/Reusable_Test_Sequences/Give_Feedback/Further_Infomation/Further_Information' successfully

2020-02-10 13:59:14 - [TEST_CASE][PASSED] - Test Cases/Reusable_Test_Sequences/Give_Feedback/Further_Infomation/Further_Information: Test Cases/Reusable_Test_Sequences/Give_Feedback/Further_Infomation/Further_Information

2020-02-10 13:59:14 - [TEST_STEP][PASSED] - "--------------------------------": null

2020-02-10 13:59:14 - [TEST_STEP][PASSED] - "  Read data from spreadsheet    |": null

2020-02-10 13:59:14 - [TEST_STEP][PASSED] - data = findTestData("Data Files/Give_Feedback (1)"): null

2020-02-10 13:59:14 - [TEST_STEP][PASSED] - FD_Value_of_Work = data.getValue("FD_Value_of_Work", row): null

2020-02-10 13:59:14 - [TEST_STEP][PASSED] - "-----------": null

2020-02-10 13:59:14 - [TEST_STEP][PASSED] - "  Synch    |": null

2020-02-10 13:59:14 - [TEST_STEP][PASSED] - waitForElementPresent(findTestObject("Object Repository/New Folder1/Page_Checkatrade Give your feedback/input_Value Of Work_ctl00contenttbValueOfWork"), 25): Object 'Object Repository/New Folder1/Page_Checkatrade Give your feedback/input_Value Of Work_ctl00contenttbValueOfWork' is present

2020-02-10 13:59:14 - [MESSAGE][PASSED] - Object 'Object Repository/New Folder1/Page_Checkatrade Give your feedback/input_Value Of Work_ctl00contenttbValueOfWork' is present

2020-02-10 13:59:14 - [TEST_STEP][PASSED] - "--------------------------------": null

2020-02-10 13:59:14 - [TEST_STEP][PASSED] - "  Set the Value of Work Textbox |": null

2020-02-10 13:59:14 - [TEST_STEP][PASSED] - setText(findTestObject("Object Repository/New Folder1/Page_Checkatrade Give your feedback/input_Value Of Work_ctl00contenttbValueOfWork"), FD_Value_of_Work): Text '10' is set on object 'Object Repository/New Folder1/Page_Checkatrade Give your feedback/input_Value Of Work_ctl00contenttbValueOfWork'

2020-02-10 13:59:14 - [MESSAGE][PASSED] - Text '10' is set on object 'Object Repository/New Folder1/Page_Checkatrade Give your feedback/input_Value Of Work_ctl00contenttbValueOfWork'

2020-02-10 13:59:14 - [TEST_STEP][PASSED] - "--------------------------------": null

2020-02-10 13:59:14 - [TEST_STEP][PASSED] - "  Hit <Submit> button to Commit |": null

2020-02-10 13:59:14 - [TEST_STEP][PASSED] - waitForElementPresent(findTestObject("Object Repository/New Folder/Page_Checkatrade Give your feedback/input_Value Of Work_ctl00contentButton1"), 25): Object 'Object Repository/New Folder/Page_Checkatrade Give your feedback/input_Value Of Work_ctl00contentButton1' is present

2020-02-10 13:59:14 - [MESSAGE][PASSED] - Object 'Object Repository/New Folder/Page_Checkatrade Give your feedback/input_Value Of Work_ctl00contentButton1' is present

2020-02-10 13:59:14 - [TEST_STEP][PASSED] - click(findTestObject("Object Repository/New Folder/Page_Checkatrade Give your feedback/input_Value Of Work_ctl00contentButton1")): Object: 'Object Repository/New Folder/Page_Checkatrade Give your feedback/input_Value Of Work_ctl00contentButton1' is clicked on

2020-02-10 13:59:16 - [MESSAGE][PASSED] - Object: 'Object Repository/New Folder/Page_Checkatrade Give your feedback/input_Value Of Work_ctl00contentButton1' is clicked on

2020-02-10 13:59:16 - [TEST_STEP][PASSED] - "--------------------------------": null

2020-02-10 13:59:16 - [TEST_STEP][PASSED] - "  Wait for FInal Page Load      |": null

2020-02-10 13:59:16 - [TEST_STEP][PASSED] - waitForPageLoad(60): Wait for page load successfully

2020-02-10 13:59:16 - [MESSAGE][PASSED] - Wait for page load successfully

2020-02-10 13:59:16 - [MESSAGE][PASSED] - Call Test Case 'Test Cases/Reusable_Test_Sequences/Give_Feedback/Further_Infomation/Further_Information' successfully

2020-02-10 13:59:16 - [TEST_STEP][PASSED] - "--------------------------------------": null

2020-02-10 13:59:16 - [TEST_STEP][PASSED] - " Thank You! (page 5) Processing       |": null

2020-02-10 13:59:16 - [TEST_STEP][PASSED] - callTestCase(findTestCase("Reusable_Test_Sequences/Give_Feedback/Final_Page"), [:], CONTINUE_ON_FAILURE): Call Test Case 'Test Cases/Reusable_Test_Sequences/Give_Feedback/Final_Page' successfully

2020-02-10 13:59:16 - [TEST_CASE][PASSED] - Test Cases/Reusable_Test_Sequences/Give_Feedback/Final_Page: Test Cases/Reusable_Test_Sequences/Give_Feedback/Final_Page

2020-02-10 13:59:16 - [TEST_STEP][PASSED] - waitForPageLoad(2): Wait for page load successfully

2020-02-10 13:59:16 - [MESSAGE][PASSED] - Wait for page load successfully

2020-02-10 13:59:16 - [TEST_STEP][PASSED] - "--------------------------------": null

2020-02-10 13:59:16 - [TEST_STEP][PASSED] - "Read data from spreadsheet      |": null

2020-02-10 13:59:16 - [TEST_STEP][PASSED] - data = findTestData("Data Files/Give_Feedback (1)"): null

2020-02-10 13:59:16 - [TEST_STEP][PASSED] - Account_Verification_Name = data.getValue("Account_Verification_Name", row): null

2020-02-10 13:59:16 - [TEST_STEP][PASSED] - YE_Recommend = data.getValue("YE_Recommendations", row): null

2020-02-10 13:59:16 - [TEST_STEP][PASSED] - YE_Work_Carried_Out = data.getValue("YE_Work_Carried_Out", row): null

2020-02-10 13:59:16 - [TEST_STEP][PASSED] - waitForElementVisible(findTestObject("Object Repository/New Folder/Page_Checkatrade Give your feedback/a_Finish"), 60): Object 'Object Repository/New Folder/Page_Checkatrade Give your feedback/a_Finish' is visible

2020-02-10 13:59:16 - [MESSAGE][PASSED] - Object 'Object Repository/New Folder/Page_Checkatrade Give your feedback/a_Finish' is visible

2020-02-10 13:59:16 - [TEST_STEP][PASSED] - "------------------------------------": null

2020-02-10 13:59:16 - [TEST_STEP][PASSED] - "  Verify Page Detail                |": null

2020-02-10 13:59:16 - [TEST_STEP][PASSED] - if (YE_Recommend == "Yes"): null

2020-02-10 13:59:16 - [TEST_STEP][PASSED] - else if (YE_Recommend == "No" && YE_Work_Carried_Out == "No"): Text 'We are very sorry that you have had a bad experience' is present on page 

2020-02-10 13:59:16 - [TEST_STEP][PASSED] - verifyTextPresent("We are very sorry that you have had a bad experience", false): Text 'We are very sorry that you have had a bad experience' is present on page 

2020-02-10 13:59:16 - [MESSAGE][PASSED] - Text 'We are very sorry that you have had a bad experience' is present on page 

2020-02-10 13:59:16 - [TEST_STEP][PASSED] - verifyTextPresent("Thank you", true): Text 'Thank you' is present on page  using regular expression

2020-02-10 13:59:16 - [MESSAGE][PASSED] - Text 'Thank you' is present on page  using regular expression

2020-02-10 13:59:16 - [TEST_STEP][PASSED] - "------------------------------------": null

2020-02-10 13:59:16 - [TEST_STEP][PASSED] - "  Hit Finish                        |": null

2020-02-10 13:59:16 - [TEST_STEP][PASSED] - waitForElementClickable(findTestObject("Object Repository/New Folder/Page_Checkatrade Give your feedback/a_Finish"), 60): Object 'Object Repository/New Folder/Page_Checkatrade Give your feedback/a_Finish' is clickable

2020-02-10 13:59:17 - [MESSAGE][PASSED] - Object 'Object Repository/New Folder/Page_Checkatrade Give your feedback/a_Finish' is clickable

2020-02-10 13:59:17 - [TEST_STEP][PASSED] - click(findTestObject("Object Repository/New Folder/Page_Checkatrade Give your feedback/a_Finish")): Object: 'Object Repository/New Folder/Page_Checkatrade Give your feedback/a_Finish' is clicked on

2020-02-10 13:59:18 - [MESSAGE][PASSED] - Object: 'Object Repository/New Folder/Page_Checkatrade Give your feedback/a_Finish' is clicked on

2020-02-10 13:59:18 - [MESSAGE][PASSED] - Call Test Case 'Test Cases/Reusable_Test_Sequences/Give_Feedback/Final_Page' successfully

2020-02-10 13:59:18 - [TEST_STEP][PASSED] - "--------------------------------------": null

2020-02-10 13:59:18 - [TEST_STEP][PASSED] - "  Verify Return to Home Page          |": null

2020-02-10 13:59:18 - [TEST_STEP][PASSED] - callTestCase(findTestCase("Reusable_Test_Sequences/CAT_Home"), [:], CONTINUE_ON_FAILURE): Call Test Case 'Test Cases/Reusable_Test_Sequences/CAT_Home' successfully

2020-02-10 13:59:18 - [TEST_CASE][PASSED] - Test Cases/Reusable_Test_Sequences/CAT_Home: Test Cases/Reusable_Test_Sequences/CAT_Home

2020-02-10 13:59:18 - [TEST_STEP][PASSED] - waitForPageLoad(60): Wait for page load successfully

2020-02-10 13:59:18 - [MESSAGE][PASSED] - Wait for page load successfully

2020-02-10 13:59:18 - [TEST_STEP][PASSED] - delay(2): Delayed 2 second(s)

2020-02-10 13:59:20 - [MESSAGE][PASSED] - Delayed 2 second(s)

2020-02-10 13:59:20 - [TEST_STEP][PASSED] - "------------------------------------": null

2020-02-10 13:59:20 - [TEST_STEP][PASSED] - if (Website_Version == "new"): null

2020-02-10 13:59:20 - [TEST_STEP][PASSED] - else: Text 'Over a million visits to Checkatrade each month' is present on page 

2020-02-10 13:59:20 - [TEST_STEP][PASSED] - verifyTextPresent("Helping you find the right trade or service", false): Text 'Helping you find the right trade or service' is present on page 

2020-02-10 13:59:20 - [MESSAGE][PASSED] - Text 'Helping you find the right trade or service' is present on page 

2020-02-10 13:59:20 - [TEST_STEP][PASSED] - verifyTextPresent("Search through over", false): Text 'Search through over' is present on page 

2020-02-10 13:59:21 - [MESSAGE][PASSED] - Text 'Search through over' is present on page 

2020-02-10 13:59:21 - [TEST_STEP][PASSED] - verifyTextPresent("recommended, vetted and monitored trades and service providers for free.", false): Text 'recommended, vetted and monitored trades and service providers for free.' is present on page 

2020-02-10 13:59:21 - [MESSAGE][PASSED] - Text 'recommended, vetted and monitored trades and service providers for free.' is present on page 

2020-02-10 13:59:21 - [TEST_STEP][PASSED] - verifyTextPresent("reviews published so far – thank you!", false): Text 'reviews published so far – thank you!' is present on page 

2020-02-10 13:59:21 - [MESSAGE][PASSED] - Text 'reviews published so far – thank you!' is present on page 

2020-02-10 13:59:21 - [TEST_STEP][PASSED] - verifyTextPresent("I need a trade or service", false): Text 'I need a trade or service' is present on page 

2020-02-10 13:59:21 - [MESSAGE][PASSED] - Text 'I need a trade or service' is present on page 

2020-02-10 13:59:21 - [TEST_STEP][PASSED] - verifyTextPresent("Every trader thoroughly checked and vetted", false): Text 'Every trader thoroughly checked and vetted' is present on page 

2020-02-10 13:59:21 - [MESSAGE][PASSED] - Text 'Every trader thoroughly checked and vetted' is present on page 

2020-02-10 13:59:21 - [TEST_STEP][PASSED] - "------------------------------------": null

2020-02-10 13:59:21 - [TEST_STEP][PASSED] - verifyTextPresent("reviews published so far – thank you!", false): Text 'reviews published so far – thank you!' is present on page 

2020-02-10 13:59:21 - [MESSAGE][PASSED] - Text 'reviews published so far – thank you!' is present on page 

2020-02-10 13:59:21 - [TEST_STEP][PASSED] - verifyTextPresent("Find out more", false): Text 'Find out more' is present on page 

2020-02-10 13:59:22 - [MESSAGE][PASSED] - Text 'Find out more' is present on page 

2020-02-10 13:59:22 - [TEST_STEP][PASSED] - verifyTextPresent("I am a tradesman", false): Text 'I am a tradesman' is present on page 

2020-02-10 13:59:22 - [MESSAGE][PASSED] - Text 'I am a tradesman' is present on page 

2020-02-10 13:59:22 - [TEST_STEP][PASSED] - verifyTextPresent("Find out more", false): Text 'Find out more' is present on page 

2020-02-10 13:59:22 - [MESSAGE][PASSED] - Text 'Find out more' is present on page 

2020-02-10 13:59:22 - [TEST_STEP][PASSED] - verifyTextPresent("Over a million visits to Checkatrade each month", false): Text 'Over a million visits to Checkatrade each month' is present on page 

2020-02-10 13:59:22 - [MESSAGE][PASSED] - Text 'Over a million visits to Checkatrade each month' is present on page 

2020-02-10 13:59:22 - [MESSAGE][PASSED] - Call Test Case 'Test Cases/Reusable_Test_Sequences/CAT_Home' successfully

2020-02-10 13:59:22 - [TEST_STEP][PASSED] - "--------------------------------------": null

2020-02-10 13:59:22 - [TEST_STEP][PASSED] - " Processing Completion                |": null

2020-02-10 13:59:22 - [TEST_STEP][PASSED] - "--------------------------------------": null

2020-02-10 13:59:22 - [TEST_STEP][PASSED] - "--------------------------": null

2020-02-10 13:59:22 - [TEST_STEP][PASSED] - " Teardown - CLose Browser |": null

2020-02-10 13:59:22 - [TEST_STEP][PASSED] - callTestCase(findTestCase("Reusable_Test_Sequences/CAT_Teardown"), [:], OPTIONAL): Call Test Case 'Test Cases/Reusable_Test_Sequences/CAT_Teardown' successfully

2020-02-10 13:59:22 - [TEST_CASE][PASSED] - Test Cases/Reusable_Test_Sequences/CAT_Teardown: Test Cases/Reusable_Test_Sequences/CAT_Teardown

2020-02-10 13:59:22 - [TEST_STEP][PASSED] - closeBrowser(): Browser is closed

2020-02-10 13:59:25 - [MESSAGE][PASSED] - Browser is closed

2020-02-10 13:59:25 - [MESSAGE][PASSED] - Call Test Case 'Test Cases/Reusable_Test_Sequences/CAT_Teardown' successfully]]></system-out>
         <system-err><![CDATA[]]></system-err>
      </testcase>
      <testcase name="Test Cases/Give_Feedback/Give_Feedback_Validation" time="94.121" classname="Test Cases/Give_Feedback/Give_Feedback_Validation" status="PASSED">
         <system-out><![CDATA[2020-02-10 13:59:25 - [TEST_CASE][PASSED] - Test Cases/Give_Feedback/Give_Feedback_Validation: Test Cases/Give_Feedback/Give_Feedback_Validation

2020-02-10 13:59:26 - [TEST_STEP][PASSED] - "-----------------------------------------------------------------": null

2020-02-10 13:59:26 - [TEST_STEP][PASSED] - "Run as a Suite, this is ignored, stand alone, then this applies  |": null

2020-02-10 13:59:26 - [TEST_STEP][PASSED] - if (!(PAGE) == "GiveFeedback"): null

2020-02-10 13:59:26 - [TEST_STEP][PASSED] - "------------------------------------------------------------": null

2020-02-10 13:59:26 - [TEST_STEP][PASSED] - for ([row = 1, row <= findTestData("Give_Feedback (1)").getRowNumbers(), (internal.GlobalVariable.row++)]): null

2020-02-10 13:59:26 - [TEST_STEP][PASSED] - "--------------------------": null

2020-02-10 13:59:26 - [TEST_STEP][PASSED] - " Break Out of FOR Loop    |": null

2020-02-10 13:59:26 - [TEST_STEP][PASSED] - if (row > 1): null

2020-02-10 13:59:26 - [TEST_STEP][PASSED] - callTestCase(findTestCase("Reusable_Test_Sequences/CAT_Setup"), [:], STOP_ON_FAILURE): Call Test Case 'Test Cases/Reusable_Test_Sequences/CAT_Setup' successfully

2020-02-10 13:59:26 - [TEST_CASE][PASSED] - Test Cases/Reusable_Test_Sequences/CAT_Setup: Test Cases/Reusable_Test_Sequences/CAT_Setup

2020-02-10 13:59:26 - [TEST_STEP][PASSED] - "------------------------------": null

2020-02-10 13:59:26 - [TEST_STEP][PASSED] - " Set Mobile Device Testing    |": null

2020-02-10 13:59:26 - [TEST_STEP][PASSED] - if (Mobile_Flag == "true"): null

2020-02-10 13:59:26 - [TEST_STEP][PASSED] - "------------------------------": null

2020-02-10 13:59:26 - [TEST_STEP][PASSED] - " Set Mobile Device Testing    |": null

2020-02-10 13:59:26 - [TEST_STEP][PASSED] - "------------------------------": null

2020-02-10 13:59:26 - [TEST_STEP][PASSED] - "URL - Set from the ENVIRONMENT PROFILE ": null

2020-02-10 13:59:26 - [TEST_STEP][PASSED] - openBrowser(URL): Browser is opened with url: 'https://www.preview.checkatrade.com/GiveFeedback'

2020-02-10 13:59:26 - [MESSAGE][INFO] - Starting 'Chrome' driver

2020-02-10 13:59:34 - [MESSAGE][PASSED] - Browser is opened with url: 'https://www.preview.checkatrade.com/GiveFeedback'

2020-02-10 13:59:34 - [TEST_STEP][PASSED] - maximizeWindow(): Current window maximized

2020-02-10 13:59:41 - [MESSAGE][PASSED] - Current window maximized

2020-02-10 13:59:41 - [TEST_STEP][PASSED] - waitForPageLoad(60): Wait for page load successfully

2020-02-10 13:59:41 - [MESSAGE][PASSED] - Wait for page load successfully

2020-02-10 13:59:41 - [TEST_STEP][PASSED] - "Previous Functionalilty Left Commented For Ease Of reversion": null

2020-02-10 13:59:41 - [TEST_STEP][PASSED] - try: Text 'Cookie Policy' is not present on page

2020-02-10 13:59:41 - [TEST_STEP][PASSED] - verifyElementPresent(findTestObject("Object Repository/Cookies/Page_Checkatrade Find a tradesperson you can trust/button_Accept All"), 5): Object 'Object Repository/Cookies/Page_Checkatrade Find a tradesperson you can trust/button_Accept All' is present

2020-02-10 13:59:41 - [MESSAGE][PASSED] - Object 'Object Repository/Cookies/Page_Checkatrade Find a tradesperson you can trust/button_Accept All' is present

2020-02-10 13:59:41 - [TEST_STEP][PASSED] - click(findTestObject("Object Repository/Cookies/Page_Checkatrade Find a tradesperson you can trust/button_Accept All")): Object: 'Object Repository/Cookies/Page_Checkatrade Find a tradesperson you can trust/button_Accept All' is clicked on

2020-02-10 13:59:41 - [MESSAGE][PASSED] - Object: 'Object Repository/Cookies/Page_Checkatrade Find a tradesperson you can trust/button_Accept All' is clicked on

2020-02-10 13:59:41 - [TEST_STEP][PASSED] - "---------------------------------": null

2020-02-10 13:59:41 - [TEST_STEP][PASSED] - "COOKIE POPOUT REMOVED - Confirmed": null

2020-02-10 13:59:41 - [TEST_STEP][PASSED] - delay(1): Delayed 1 second(s)

2020-02-10 13:59:42 - [MESSAGE][PASSED] - Delayed 1 second(s)

2020-02-10 13:59:42 - [TEST_STEP][PASSED] - verifyTextNotPresent("We use cookies to personalise content and ads, to provide social media features and to analyse our traffic", false): Text 'We use cookies to personalise content and ads, to provide social media features and to analyse our traffic' is not present on page

2020-02-10 13:59:43 - [MESSAGE][PASSED] - Text 'We use cookies to personalise content and ads, to provide social media features and to analyse our traffic' is not present on page

2020-02-10 13:59:43 - [TEST_STEP][PASSED] - verifyTextNotPresent(" We also share information about your use of our site with our social media, advertising and analytics partners", false): Text ' We also share information about your use of our site with our social media, advertising and analytics partners' is not present on page

2020-02-10 13:59:43 - [MESSAGE][PASSED] - Text ' We also share information about your use of our site with our social media, advertising and analytics partners' is not present on page

2020-02-10 13:59:43 - [TEST_STEP][PASSED] - verifyTextNotPresent("Cookie Policy", false): Text 'Cookie Policy' is not present on page

2020-02-10 13:59:43 - [MESSAGE][PASSED] - Text 'Cookie Policy' is not present on page

2020-02-10 13:59:43 - [TEST_STEP][PASSED] - waitForPageLoad(60): Wait for page load successfully

2020-02-10 13:59:43 - [MESSAGE][PASSED] - Wait for page load successfully

2020-02-10 13:59:43 - [TEST_STEP][PASSED] - "COOKIE - ORIGINAL": null

2020-02-10 13:59:43 - [TEST_STEP][PASSED] - if (waitForElementVisible(findTestObject("Object Repository/Feedback/Page_Checkatrade Give your feedback/input_Member_to_Review"), 5)): null

2020-02-10 13:59:44 - [MESSAGE][PASSED] - Object 'Object Repository/Feedback/Page_Checkatrade Give your feedback/input_Member_to_Review' is visible

2020-02-10 13:59:44 - [TEST_STEP][PASSED] - logInfo("Give Feedback STARTUP Process"): Give Feedback STARTUP Process

2020-02-10 13:59:44 - [MESSAGE][INFO] - Give Feedback STARTUP Process

2020-02-10 13:59:44 - [MESSAGE][PASSED] - Call Test Case 'Test Cases/Reusable_Test_Sequences/CAT_Setup' successfully

2020-02-10 13:59:44 - [TEST_STEP][PASSED] - "-----------------------------------------------------": null

2020-02-10 13:59:44 - [TEST_STEP][PASSED] - " Hit the <Give Feedback> link in the header banner   |": null

2020-02-10 13:59:44 - [TEST_STEP][PASSED] - callTestCase(findTestCase("Reusable_Test_Sequences/Banner_Menu/Give_Feedback"), [:], STOP_ON_FAILURE): Call Test Case 'Test Cases/Reusable_Test_Sequences/Banner_Menu/Give_Feedback' successfully

2020-02-10 13:59:44 - [TEST_CASE][PASSED] - Test Cases/Reusable_Test_Sequences/Banner_Menu/Give_Feedback: Test Cases/Reusable_Test_Sequences/Banner_Menu/Give_Feedback

2020-02-10 13:59:44 - [TEST_STEP][PASSED] - "--------------------------------------------------------": null

2020-02-10 13:59:44 - [TEST_STEP][PASSED] - " Major Changes Factored Into Function - 05/12/2019      |": null

2020-02-10 13:59:44 - [TEST_STEP][PASSED] - "--------------------------------------------------------": null

2020-02-10 13:59:44 - [TEST_STEP][PASSED] - " Now Drills Directl Into the Target URL": null

2020-02-10 13:59:44 - [TEST_STEP][PASSED] - waitForElementVisible(findTestObject("Object Repository/Feedback/Page_Checkatrade Give your feedback/input_Member_to_Review"), 25): Object 'Object Repository/Feedback/Page_Checkatrade Give your feedback/input_Member_to_Review' is visible

2020-02-10 13:59:44 - [MESSAGE][PASSED] - Object 'Object Repository/Feedback/Page_Checkatrade Give your feedback/input_Member_to_Review' is visible

2020-02-10 13:59:44 - [TEST_STEP][PASSED] - verifyTextPresent("Give your feedback", false): Text 'Give your feedback' is present on page 

2020-02-10 13:59:44 - [MESSAGE][PASSED] - Text 'Give your feedback' is present on page 

2020-02-10 13:59:44 - [TEST_STEP][PASSED] - verifyTextPresent("Which member do you want to review?", false): Text 'Which member do you want to review?' is present on page 

2020-02-10 13:59:44 - [MESSAGE][PASSED] - Text 'Which member do you want to review?' is present on page 

2020-02-10 13:59:44 - [MESSAGE][PASSED] - Call Test Case 'Test Cases/Reusable_Test_Sequences/Banner_Menu/Give_Feedback' successfully

2020-02-10 13:59:44 - [TEST_STEP][PASSED] - "-----------------------------------------------------": null

2020-02-10 13:59:44 - [TEST_STEP][PASSED] - " Enter Member Trade Name OR Checkatrade ID To Review |": null

2020-02-10 13:59:44 - [TEST_STEP][PASSED] - callTestCase(findTestCase("Reusable_Test_Sequences/Give_Feedback/Which_Member_to_Review"), [:], STOP_ON_FAILURE): Call Test Case 'Test Cases/Reusable_Test_Sequences/Give_Feedback/Which_Member_to_Review' successfully

2020-02-10 13:59:44 - [TEST_CASE][PASSED] - Test Cases/Reusable_Test_Sequences/Give_Feedback/Which_Member_to_Review: Test Cases/Reusable_Test_Sequences/Give_Feedback/Which_Member_to_Review

2020-02-10 13:59:44 - [TEST_STEP][PASSED] - "--------------------------------------------------------": null

2020-02-10 13:59:44 - [TEST_STEP][PASSED] - " Major Changes Factored Into Function - 05/12/2019      |": null

2020-02-10 13:59:44 - [TEST_STEP][PASSED] - waitForPageLoad(60): Wait for page load successfully

2020-02-10 13:59:44 - [MESSAGE][PASSED] - Wait for page load successfully

2020-02-10 13:59:44 - [TEST_STEP][PASSED] - waitForElementPresent(findTestObject("Object Repository/Feedback/Page_Checkatrade Give your feedback/input_Member_to_Review"), 25): Object 'Object Repository/Feedback/Page_Checkatrade Give your feedback/input_Member_to_Review' is present

2020-02-10 13:59:45 - [MESSAGE][PASSED] - Object 'Object Repository/Feedback/Page_Checkatrade Give your feedback/input_Member_to_Review' is present

2020-02-10 13:59:45 - [TEST_STEP][PASSED] - setText(findTestObject("Object Repository/Feedback/Page_Checkatrade Give your feedback/input_Member_to_Review"), findTestData("Give_Feedback (1)").getValue("Account_Verification_Name", row)): Text 'Test Account' is set on object 'Object Repository/Feedback/Page_Checkatrade Give your feedback/input_Member_to_Review'

2020-02-10 13:59:46 - [MESSAGE][PASSED] - Text 'Test Account' is set on object 'Object Repository/Feedback/Page_Checkatrade Give your feedback/input_Member_to_Review'

2020-02-10 13:59:46 - [TEST_STEP][PASSED] - delay(1): Delayed 1 second(s)

2020-02-10 13:59:47 - [MESSAGE][PASSED] - Delayed 1 second(s)

2020-02-10 13:59:47 - [TEST_STEP][PASSED] - "Submit the search criteria using click     |": null

2020-02-10 13:59:47 - [TEST_STEP][PASSED] - waitForElementPresent(findTestObject("Object Repository/Feedback/Page_Checkatrade Give your feedback/span_Search_Member"), 25): Object 'Object Repository/Feedback/Page_Checkatrade Give your feedback/span_Search_Member' is present

2020-02-10 13:59:47 - [MESSAGE][PASSED] - Object 'Object Repository/Feedback/Page_Checkatrade Give your feedback/span_Search_Member' is present

2020-02-10 13:59:47 - [TEST_STEP][PASSED] - try:  * * * Trader OR CAT ID Selected, and Returned as Expected!

2020-02-10 13:59:47 - [TEST_STEP][PASSED] - "Try Catch Included 14/08/2019 - Sometimes the Trader isnt returned?   |": null

2020-02-10 13:59:47 - [TEST_STEP][PASSED] - click(findTestObject("Object Repository/Feedback/Page_Checkatrade Give your feedback/span_Search_Member")): Object: 'Object Repository/Feedback/Page_Checkatrade Give your feedback/span_Search_Member' is clicked on

2020-02-10 13:59:48 - [MESSAGE][PASSED] - Object: 'Object Repository/Feedback/Page_Checkatrade Give your feedback/span_Search_Member' is clicked on

2020-02-10 13:59:48 - [TEST_STEP][PASSED] - markPassed(" * * * Trader OR CAT ID Selected, and Returned as Expected!"):  * * * Trader OR CAT ID Selected, and Returned as Expected!

2020-02-10 13:59:48 - [MESSAGE][PASSED] -  * * * Trader OR CAT ID Selected, and Returned as Expected!

2020-02-10 13:59:48 - [MESSAGE][PASSED] - Call Test Case 'Test Cases/Reusable_Test_Sequences/Give_Feedback/Which_Member_to_Review' successfully

2020-02-10 13:59:48 - [TEST_STEP][PASSED] - "--------------------------------------": null

2020-02-10 13:59:48 - [TEST_STEP][PASSED] - " Your Experience (page 1) Validation  |": null

2020-02-10 13:59:48 - [TEST_STEP][PASSED] - "--------------------------------------": null

2020-02-10 13:59:48 - [TEST_STEP][PASSED] - "--------------------------------------": null

2020-02-10 13:59:48 - [TEST_STEP][PASSED] - " Your Experience (page 1) Processing  |": null

2020-02-10 13:59:48 - [TEST_STEP][PASSED] - callTestCase(findTestCase("Reusable_Test_Sequences/Give_Feedback/Your_Experience/Your_Experience_Validation"), [:], STOP_ON_FAILURE): Call Test Case 'Test Cases/Reusable_Test_Sequences/Give_Feedback/Your_Experience/Your_Experience_Validation' successfully

2020-02-10 13:59:48 - [TEST_CASE][PASSED] - Test Cases/Reusable_Test_Sequences/Give_Feedback/Your_Experience/Your_Experience_Validation: Test Cases/Reusable_Test_Sequences/Give_Feedback/Your_Experience/Your_Experience_Validation

2020-02-10 13:59:49 - [TEST_STEP][PASSED] - "---------------------------------------------------------------------------------------": null

2020-02-10 13:59:49 - [TEST_STEP][PASSED] - " Your Experience (page 1) Returned with Recommendation Selection Set to Yes (Default)  |": null

2020-02-10 13:59:49 - [TEST_STEP][PASSED] - "---------------------------------------------------------------------------------------": null

2020-02-10 13:59:49 - [TEST_STEP][PASSED] - "---------------------------------------------------------------------------------------": null

2020-02-10 13:59:49 - [TEST_STEP][PASSED] - " Your Experience (page 1) Hit <Next> Button to Trigger Validation> Messages            |": null

2020-02-10 13:59:49 - [TEST_STEP][PASSED] - callTestCase(findTestCase("Reusable_Test_Sequences/Give_Feedback/Hit_Next"), [:], CONTINUE_ON_FAILURE): Call Test Case 'Test Cases/Reusable_Test_Sequences/Give_Feedback/Hit_Next' successfully

2020-02-10 13:59:49 - [TEST_CASE][PASSED] - Test Cases/Reusable_Test_Sequences/Give_Feedback/Hit_Next: Test Cases/Reusable_Test_Sequences/Give_Feedback/Hit_Next

2020-02-10 13:59:49 - [TEST_STEP][PASSED] - click(findTestObject("Object Repository/Page_Checkatrade Give your feedback/input_No_ctl00contentButton4")): Object: 'Object Repository/Page_Checkatrade Give your feedback/input_No_ctl00contentButton4' is clicked on

2020-02-10 13:59:49 - [MESSAGE][PASSED] - Object: 'Object Repository/Page_Checkatrade Give your feedback/input_No_ctl00contentButton4' is clicked on

2020-02-10 13:59:49 - [TEST_STEP][PASSED] - waitForPageLoad(2): Wait for page load successfully

2020-02-10 13:59:49 - [MESSAGE][PASSED] - Wait for page load successfully

2020-02-10 13:59:49 - [MESSAGE][PASSED] - Call Test Case 'Test Cases/Reusable_Test_Sequences/Give_Feedback/Hit_Next' successfully

2020-02-10 13:59:49 - [TEST_STEP][PASSED] - "---------------------------------------------------------------------------------------": null

2020-02-10 13:59:49 - [TEST_STEP][PASSED] - " Your Experience (page 1) Verify Validation> Messages                                  |": null

2020-02-10 13:59:49 - [TEST_STEP][PASSED] - callTestCase(findTestCase("Reusable_Test_Sequences/Give_Feedback/Validation/Please_Select_An_Answer"), [:], CONTINUE_ON_FAILURE): Call Test Case 'Test Cases/Reusable_Test_Sequences/Give_Feedback/Validation/Please_Select_An_Answer' successfully

2020-02-10 13:59:49 - [TEST_CASE][PASSED] - Test Cases/Reusable_Test_Sequences/Give_Feedback/Validation/Please_Select_An_Answer: Test Cases/Reusable_Test_Sequences/Give_Feedback/Validation/Please_Select_An_Answer

2020-02-10 13:59:50 - [TEST_STEP][PASSED] - verifyTextPresent("Please select an answer", false): Text 'Please select an answer' is present on page 

2020-02-10 13:59:50 - [MESSAGE][PASSED] - Text 'Please select an answer' is present on page 

2020-02-10 13:59:50 - [MESSAGE][PASSED] - Call Test Case 'Test Cases/Reusable_Test_Sequences/Give_Feedback/Validation/Please_Select_An_Answer' successfully

2020-02-10 13:59:50 - [TEST_STEP][PASSED] - "---------------------------------------------------------------------------------------": null

2020-02-10 13:59:50 - [TEST_STEP][PASSED] - " Your Experience (page 1) Recomment this trader?                                       |": null

2020-02-10 13:59:50 - [TEST_STEP][PASSED] - callTestCase(findTestCase("Reusable_Test_Sequences/Give_Feedback/Your_Experience/Recommendation_Selection"), [:], CONTINUE_ON_FAILURE): Call Test Case 'Test Cases/Reusable_Test_Sequences/Give_Feedback/Your_Experience/Recommendation_Selection' successfully

2020-02-10 13:59:50 - [TEST_CASE][PASSED] - Test Cases/Reusable_Test_Sequences/Give_Feedback/Your_Experience/Recommendation_Selection: Test Cases/Reusable_Test_Sequences/Give_Feedback/Your_Experience/Recommendation_Selection

2020-02-10 13:59:50 - [TEST_STEP][PASSED] - data = findTestData("Data Files/Give_Feedback (1)"): null

2020-02-10 13:59:50 - [TEST_STEP][PASSED] - YE_Recommend = data.getValue("YE_Recommendations", row): null

2020-02-10 13:59:50 - [TEST_STEP][PASSED] - "--------------------------------": null

2020-02-10 13:59:50 - [TEST_STEP][PASSED] - "Read data from spreadsheet      |": null

2020-02-10 13:59:50 - [TEST_STEP][PASSED] - "--------------------------------": null

2020-02-10 13:59:50 - [TEST_STEP][PASSED] - "--------------------------------": null

2020-02-10 13:59:50 - [TEST_STEP][PASSED] - "Set Recommendation - Yes or No  |": null

2020-02-10 13:59:50 - [TEST_STEP][PASSED] - if (YE_Recommend == "Yes"): Wait for page load successfully

2020-02-10 13:59:50 - [TEST_STEP][PASSED] - "-----------------------------------------------------------": null

2020-02-10 13:59:50 - [TEST_STEP][PASSED] - " Selected by Default - ReSelecting causes a tool exception |": null

2020-02-10 13:59:50 - [TEST_STEP][PASSED] - " No need to re-select - RESOLVED                           |": null

2020-02-10 13:59:50 - [TEST_STEP][PASSED] - waitForElementClickable(findTestObject("Object Repository/Feedback/Page_Checkatrade Give your feedback/Page_Checkatrade Give your feedback/span_Yes"), 5): Object 'Object Repository/Feedback/Page_Checkatrade Give your feedback/Page_Checkatrade Give your feedback/span_Yes' is clickable

2020-02-10 13:59:51 - [MESSAGE][PASSED] - Object 'Object Repository/Feedback/Page_Checkatrade Give your feedback/Page_Checkatrade Give your feedback/span_Yes' is clickable

2020-02-10 13:59:51 - [TEST_STEP][PASSED] - click(findTestObject("Object Repository/Feedback/Page_Checkatrade Give your feedback/Page_Checkatrade Give your feedback/span_Yes")): Object: 'Object Repository/Feedback/Page_Checkatrade Give your feedback/Page_Checkatrade Give your feedback/span_Yes' is clicked on

2020-02-10 13:59:51 - [MESSAGE][PASSED] - Object: 'Object Repository/Feedback/Page_Checkatrade Give your feedback/Page_Checkatrade Give your feedback/span_Yes' is clicked on

2020-02-10 13:59:51 - [TEST_STEP][PASSED] - waitForPageLoad(2): Wait for page load successfully

2020-02-10 13:59:51 - [MESSAGE][PASSED] - Wait for page load successfully

2020-02-10 13:59:51 - [TEST_STEP][PASSED] - out.println("Your Experience, Recommendation, Click on the <" + YE_Recommend + "> Option Button "): null

2020-02-10 13:59:51 - [TEST_STEP][PASSED] - waitForPageLoad(60): Wait for page load successfully

2020-02-10 13:59:51 - [MESSAGE][PASSED] - Wait for page load successfully

2020-02-10 13:59:51 - [MESSAGE][PASSED] - Call Test Case 'Test Cases/Reusable_Test_Sequences/Give_Feedback/Your_Experience/Recommendation_Selection' successfully

2020-02-10 13:59:51 - [TEST_STEP][PASSED] - "---------------------------------------------------------------------------------------": null

2020-02-10 13:59:51 - [TEST_STEP][PASSED] - " Your Experience (page 1) Estimation/Quotation Accuracy?                               |": null

2020-02-10 13:59:51 - [TEST_STEP][PASSED] - callTestCase(findTestCase("Reusable_Test_Sequences/Give_Feedback/Your_Experience/Quotation_Selection"), [:], CONTINUE_ON_FAILURE): Call Test Case 'Test Cases/Reusable_Test_Sequences/Give_Feedback/Your_Experience/Quotation_Selection' successfully

2020-02-10 13:59:51 - [TEST_CASE][PASSED] - Test Cases/Reusable_Test_Sequences/Give_Feedback/Your_Experience/Quotation_Selection: Test Cases/Reusable_Test_Sequences/Give_Feedback/Your_Experience/Quotation_Selection

2020-02-10 13:59:51 - [TEST_STEP][PASSED] - "-----------------------": null

2020-02-10 13:59:51 - [TEST_STEP][PASSED] - "Check DEFAULT Setting  |     Default Setting - Nothing Selected": null

2020-02-10 13:59:51 - [TEST_STEP][PASSED] - "-----------------------": null

2020-02-10 13:59:51 - [TEST_STEP][PASSED] - "--------------------------------": null

2020-02-10 13:59:51 - [TEST_STEP][PASSED] - "Read data from spreadsheet      |": null

2020-02-10 13:59:51 - [TEST_STEP][PASSED] - data = findTestData("Data Files/Give_Feedback (1)"): null

2020-02-10 13:59:51 - [TEST_STEP][PASSED] - YE_Estimate = data.getValue("YE_Estimate", row): null

2020-02-10 13:59:51 - [TEST_STEP][PASSED] - "--------------------------------": null

2020-02-10 13:59:51 - [TEST_STEP][PASSED] - "Read data from spreadsheet      |": null

2020-02-10 13:59:51 - [TEST_STEP][PASSED] - out.println("Your Experience, Estimate Accuracy, Click on the " + YE_Estimate + " Option Button "): null

2020-02-10 13:59:51 - [TEST_STEP][PASSED] - "---------------------------------------------------------------------------------------------------------------------------------------------------": null

2020-02-10 13:59:51 - [TEST_STEP][PASSED] - "Set Quotation - Agreed_estimate -OR- Additional_work -OR- More_than_agreed_price_informed -OR- More_than_agreed_price_not_informed -OR- No_estimate|": null

2020-02-10 13:59:51 - [TEST_STEP][PASSED] - "---------------------------------------------------------------------------------------------------------------------------------------------------": null

2020-02-10 13:59:51 - [TEST_STEP][PASSED] - "-------------------------------------------------": null

2020-02-10 13:59:51 - [TEST_STEP][PASSED] - if (YE_Estimate == "Agreed_price"): Wait for page load successfully

2020-02-10 13:59:51 - [TEST_STEP][PASSED] - waitForElementClickable(findTestObject("Object Repository/Page_Checkatrade Give your feedback/span_The agreed price"), 5): Object 'Object Repository/Page_Checkatrade Give your feedback/span_The agreed price' is clickable

2020-02-10 13:59:51 - [MESSAGE][PASSED] - Object 'Object Repository/Page_Checkatrade Give your feedback/span_The agreed price' is clickable

2020-02-10 13:59:51 - [TEST_STEP][PASSED] - click(findTestObject("Object Repository/Page_Checkatrade Give your feedback/span_The agreed price")): Object: 'Object Repository/Page_Checkatrade Give your feedback/span_The agreed price' is clicked on

2020-02-10 13:59:51 - [MESSAGE][PASSED] - Object: 'Object Repository/Page_Checkatrade Give your feedback/span_The agreed price' is clicked on

2020-02-10 13:59:51 - [TEST_STEP][PASSED] - waitForPageLoad(2): Wait for page load successfully

2020-02-10 13:59:52 - [MESSAGE][PASSED] - Wait for page load successfully

2020-02-10 13:59:52 - [TEST_STEP][PASSED] - "-------------------------------------------------": null

2020-02-10 13:59:52 - [TEST_STEP][PASSED] - if (YE_Estimate == "Additional_work"): null

2020-02-10 13:59:52 - [TEST_STEP][PASSED] - "-----------------------------------------------------------------------": null

2020-02-10 13:59:52 - [TEST_STEP][PASSED] - if (YE_Estimate == "More_than_agreed_price_informed"): null

2020-02-10 13:59:52 - [TEST_STEP][PASSED] - "-----------------------------------------------------------------------": null

2020-02-10 13:59:52 - [TEST_STEP][PASSED] - if (YE_Estimate == "More_than_agreed_price_not_informed"): null

2020-02-10 13:59:52 - [TEST_STEP][PASSED] - "-----------------------------------------------------------------------": null

2020-02-10 13:59:52 - [TEST_STEP][PASSED] - if (YE_Estimate == "No_estimate"): null

2020-02-10 13:59:52 - [TEST_STEP][PASSED] - out.println("Your Experience, Estimate Accuracy, Click on the " + YE_Estimate + " Option Button "): null

2020-02-10 13:59:52 - [MESSAGE][PASSED] - Call Test Case 'Test Cases/Reusable_Test_Sequences/Give_Feedback/Your_Experience/Quotation_Selection' successfully

2020-02-10 13:59:52 - [TEST_STEP][PASSED] - "---------------------------------------------------------------------------------------": null

2020-02-10 13:59:52 - [TEST_STEP][PASSED] - " Your Experience (page 1) Knowledge of Feedback Process?                               |": null

2020-02-10 13:59:52 - [TEST_STEP][PASSED] - callTestCase(findTestCase("Reusable_Test_Sequences/Give_Feedback/Your_Experience/Feedback_Knowledge"), [:], CONTINUE_ON_FAILURE): Call Test Case 'Test Cases/Reusable_Test_Sequences/Give_Feedback/Your_Experience/Feedback_Knowledge' successfully

2020-02-10 13:59:52 - [TEST_CASE][PASSED] - Test Cases/Reusable_Test_Sequences/Give_Feedback/Your_Experience/Feedback_Knowledge: Test Cases/Reusable_Test_Sequences/Give_Feedback/Your_Experience/Feedback_Knowledge

2020-02-10 13:59:52 - [TEST_STEP][PASSED] - "--------------------------------": null

2020-02-10 13:59:52 - [TEST_STEP][PASSED] - "Read data from spreadsheet      |": null

2020-02-10 13:59:52 - [TEST_STEP][PASSED] - data = findTestData("Data Files/Give_Feedback (1)"): null

2020-02-10 13:59:52 - [TEST_STEP][PASSED] - YE_Feedback_Knowledge = data.getValue("YE_Feedback_Knowledge", row): null

2020-02-10 13:59:52 - [TEST_STEP][PASSED] - out.println("Your Experience, Feedback Knowledge, Click on the " + YE_Feedback_Knowledge + " Option Button "): null

2020-02-10 13:59:52 - [TEST_STEP][PASSED] - "------------------------------------------------": null

2020-02-10 13:59:52 - [TEST_STEP][PASSED] - "Set Knowledge of feedback process? - Yes or No  |": null

2020-02-10 13:59:52 - [TEST_STEP][PASSED] - if (YE_Feedback_Knowledge == "Yes"): Wait for page load successfully

2020-02-10 13:59:52 - [TEST_STEP][PASSED] - waitForElementClickable(findTestObject("Page_Checkatrade Give your feedback/span_Yes - Copy"), 5): Object 'Object Repository/Page_Checkatrade Give your feedback/span_Yes - Copy' is clickable

2020-02-10 13:59:52 - [MESSAGE][PASSED] - Object 'Object Repository/Page_Checkatrade Give your feedback/span_Yes - Copy' is clickable

2020-02-10 13:59:52 - [TEST_STEP][PASSED] - click(findTestObject("Page_Checkatrade Give your feedback/span_Yes - Copy")): Object: 'Object Repository/Page_Checkatrade Give your feedback/span_Yes - Copy' is clicked on

2020-02-10 13:59:52 - [MESSAGE][PASSED] - Object: 'Object Repository/Page_Checkatrade Give your feedback/span_Yes - Copy' is clicked on

2020-02-10 13:59:52 - [TEST_STEP][PASSED] - waitForPageLoad(2): Wait for page load successfully

2020-02-10 13:59:52 - [MESSAGE][PASSED] - Wait for page load successfully

2020-02-10 13:59:52 - [TEST_STEP][PASSED] - out.println("Your Experience, Feedback Knowledge, Click on the <" + YE_Feedback_Knowledge + "> Option Button "): null

2020-02-10 13:59:52 - [MESSAGE][PASSED] - Call Test Case 'Test Cases/Reusable_Test_Sequences/Give_Feedback/Your_Experience/Feedback_Knowledge' successfully

2020-02-10 13:59:52 - [TEST_STEP][PASSED] - "---------------------------------------------------------------------------------------": null

2020-02-10 13:59:52 - [TEST_STEP][PASSED] - " Your Experience (page 1) Hit <Next> Button to Continue to <Your Scores>- (page 2)     |": null

2020-02-10 13:59:52 - [TEST_STEP][PASSED] - callTestCase(findTestCase("Reusable_Test_Sequences/Give_Feedback/Hit_Next"), [:], CONTINUE_ON_FAILURE): Call Test Case 'Test Cases/Reusable_Test_Sequences/Give_Feedback/Hit_Next' successfully

2020-02-10 13:59:52 - [TEST_CASE][PASSED] - Test Cases/Reusable_Test_Sequences/Give_Feedback/Hit_Next: Test Cases/Reusable_Test_Sequences/Give_Feedback/Hit_Next

2020-02-10 13:59:52 - [TEST_STEP][PASSED] - click(findTestObject("Object Repository/Page_Checkatrade Give your feedback/input_No_ctl00contentButton4")): Object: 'Object Repository/Page_Checkatrade Give your feedback/input_No_ctl00contentButton4' is clicked on

2020-02-10 13:59:54 - [MESSAGE][PASSED] - Object: 'Object Repository/Page_Checkatrade Give your feedback/input_No_ctl00contentButton4' is clicked on

2020-02-10 13:59:54 - [TEST_STEP][PASSED] - waitForPageLoad(2): Wait for page load successfully

2020-02-10 13:59:55 - [MESSAGE][PASSED] - Wait for page load successfully

2020-02-10 13:59:55 - [MESSAGE][PASSED] - Call Test Case 'Test Cases/Reusable_Test_Sequences/Give_Feedback/Hit_Next' successfully

2020-02-10 13:59:55 - [MESSAGE][PASSED] - Call Test Case 'Test Cases/Reusable_Test_Sequences/Give_Feedback/Your_Experience/Your_Experience_Validation' successfully

2020-02-10 13:59:55 - [TEST_STEP][PASSED] - "--------------------------------------": null

2020-02-10 13:59:55 - [TEST_STEP][PASSED] - " Your Scores (page 2) Validation      |": null

2020-02-10 13:59:55 - [TEST_STEP][PASSED] - "--------------------------------------": null

2020-02-10 13:59:55 - [TEST_STEP][PASSED] - "--------------------------------------": null

2020-02-10 13:59:55 - [TEST_STEP][PASSED] - " Your Scores (page 2) Processing      |": null

2020-02-10 13:59:55 - [TEST_STEP][PASSED] - callTestCase(findTestCase("Reusable_Test_Sequences/Give_Feedback/Your_Scores/Your_Scores_Validation"), [:], STOP_ON_FAILURE): Call Test Case 'Test Cases/Reusable_Test_Sequences/Give_Feedback/Your_Scores/Your_Scores_Validation' successfully

2020-02-10 13:59:55 - [TEST_CASE][PASSED] - Test Cases/Reusable_Test_Sequences/Give_Feedback/Your_Scores/Your_Scores_Validation: Test Cases/Reusable_Test_Sequences/Give_Feedback/Your_Scores/Your_Scores_Validation

2020-02-10 13:59:55 - [TEST_STEP][PASSED] - "-------------------------------": null

2020-02-10 13:59:55 - [TEST_STEP][PASSED] - "Trigger Validation             |": null

2020-02-10 13:59:55 - [TEST_STEP][PASSED] - scrollToPosition(250, 0): Browser is scrolled to position x = 250, y = 0

2020-02-10 13:59:55 - [MESSAGE][PASSED] - Browser is scrolled to position x = 250, y = 0

2020-02-10 13:59:55 - [TEST_STEP][PASSED] - waitForPageLoad(1): Wait for page load successfully

2020-02-10 13:59:56 - [MESSAGE][PASSED] - Wait for page load successfully

2020-02-10 13:59:56 - [TEST_STEP][PASSED] - click(findTestObject("Object Repository/Page_Checkatrade Give your feedback/input_No_ctl00contentButton6")): Object: 'Object Repository/Page_Checkatrade Give your feedback/input_No_ctl00contentButton6' is clicked on

2020-02-10 13:59:56 - [MESSAGE][PASSED] - Object: 'Object Repository/Page_Checkatrade Give your feedback/input_No_ctl00contentButton6' is clicked on

2020-02-10 13:59:56 - [TEST_STEP][PASSED] - waitForPageLoad(1): Wait for page load successfully

2020-02-10 13:59:56 - [MESSAGE][PASSED] - Wait for page load successfully

2020-02-10 13:59:56 - [TEST_STEP][PASSED] - "---------------------------------------------------------------------------------------": null

2020-02-10 13:59:56 - [TEST_STEP][PASSED] - " Your Experience (page 2) Verify Validation> Messages - Score Trader 0 thru 10         |": null

2020-02-10 13:59:56 - [TEST_STEP][PASSED] - callTestCase(findTestCase("Reusable_Test_Sequences/Give_Feedback/Validation/Score_Trader"), [:], CONTINUE_ON_FAILURE): Call Test Case 'Test Cases/Reusable_Test_Sequences/Give_Feedback/Validation/Score_Trader' successfully

2020-02-10 13:59:56 - [TEST_CASE][PASSED] - Test Cases/Reusable_Test_Sequences/Give_Feedback/Validation/Score_Trader: Test Cases/Reusable_Test_Sequences/Give_Feedback/Validation/Score_Trader

2020-02-10 13:59:57 - [TEST_STEP][PASSED] - verifyTextPresent("Score trader from 0 (lowest) to 10 (highest)", false): Text 'Score trader from 0 (lowest) to 10 (highest)' is present on page 

2020-02-10 13:59:58 - [MESSAGE][PASSED] - Text 'Score trader from 0 (lowest) to 10 (highest)' is present on page 

2020-02-10 13:59:58 - [MESSAGE][PASSED] - Call Test Case 'Test Cases/Reusable_Test_Sequences/Give_Feedback/Validation/Score_Trader' successfully

2020-02-10 13:59:58 - [TEST_STEP][PASSED] - "---------------------------------------------------------------------------------------": null

2020-02-10 13:59:58 - [TEST_STEP][PASSED] - " Your Experience (page 2) Verify Validation> Messages - This Field Is Required         |": null

2020-02-10 13:59:58 - [TEST_STEP][PASSED] - callTestCase(findTestCase("Reusable_Test_Sequences/TRADES_Application/Validation/This_Field_Is_Required"), [:], CONTINUE_ON_FAILURE): Call Test Case 'Test Cases/Reusable_Test_Sequences/TRADES_Application/Validation/This_Field_Is_Required' successfully

2020-02-10 13:59:58 - [TEST_CASE][PASSED] - Test Cases/Reusable_Test_Sequences/TRADES_Application/Validation/This_Field_Is_Required: Test Cases/Reusable_Test_Sequences/TRADES_Application/Validation/This_Field_Is_Required

2020-02-10 13:59:59 - [TEST_STEP][PASSED] - verifyTextPresent("This field is required", false): Text 'This field is required' is present on page 

2020-02-10 13:59:59 - [MESSAGE][PASSED] - Text 'This field is required' is present on page 

2020-02-10 13:59:59 - [MESSAGE][PASSED] - Call Test Case 'Test Cases/Reusable_Test_Sequences/TRADES_Application/Validation/This_Field_Is_Required' successfully

2020-02-10 13:59:59 - [TEST_STEP][PASSED] - "---------------------------------------------------------------------------------------": null

2020-02-10 13:59:59 - [TEST_STEP][PASSED] - " Your Experience (page 2) Verify Validation> Messages - Please Select An Answer        |": null

2020-02-10 13:59:59 - [TEST_STEP][PASSED] - callTestCase(findTestCase("Reusable_Test_Sequences/Give_Feedback/Validation/Please_Select_An_Answer"), [:], CONTINUE_ON_FAILURE): Call Test Case 'Test Cases/Reusable_Test_Sequences/Give_Feedback/Validation/Please_Select_An_Answer' successfully

2020-02-10 13:59:59 - [TEST_CASE][PASSED] - Test Cases/Reusable_Test_Sequences/Give_Feedback/Validation/Please_Select_An_Answer: Test Cases/Reusable_Test_Sequences/Give_Feedback/Validation/Please_Select_An_Answer

2020-02-10 13:59:59 - [TEST_STEP][PASSED] - verifyTextPresent("Please select an answer", false): Text 'Please select an answer' is present on page 

2020-02-10 14:00:00 - [MESSAGE][PASSED] - Text 'Please select an answer' is present on page 

2020-02-10 14:00:00 - [MESSAGE][PASSED] - Call Test Case 'Test Cases/Reusable_Test_Sequences/Give_Feedback/Validation/Please_Select_An_Answer' successfully

2020-02-10 14:00:00 - [TEST_STEP][PASSED] - "------------------------------------------------------------------------------------------": null

2020-02-10 14:00:00 - [TEST_STEP][PASSED] - " Your Scores (page 2) Returned with 2 Main Sections - <Your Scores> and <Details of Work> |": null

2020-02-10 14:00:00 - [TEST_STEP][PASSED] - "                                     Standard of Work Listbox Selection, NA, 0 through 10 |": null

2020-02-10 14:00:00 - [TEST_STEP][PASSED] - waitForPageLoad(1): Wait for page load successfully

2020-02-10 14:00:00 - [MESSAGE][PASSED] - Wait for page load successfully

2020-02-10 14:00:00 - [TEST_STEP][PASSED] - callTestCase(findTestCase("Reusable_Test_Sequences/Give_Feedback/Your_Scores/Your_Scores_List_Box_Selection"), [:], CONTINUE_ON_FAILURE): Call Test Case 'Test Cases/Reusable_Test_Sequences/Give_Feedback/Your_Scores/Your_Scores_List_Box_Selection' successfully

2020-02-10 14:00:00 - [TEST_CASE][PASSED] - Test Cases/Reusable_Test_Sequences/Give_Feedback/Your_Scores/Your_Scores_List_Box_Selection: Test Cases/Reusable_Test_Sequences/Give_Feedback/Your_Scores/Your_Scores_List_Box_Selection

2020-02-10 14:00:00 - [TEST_STEP][PASSED] - data = findTestData("Data Files/Give_Feedback (1)"): null

2020-02-10 14:00:00 - [TEST_STEP][PASSED] - YS_Tidiness = data.getValue("YS_Tidiness", row): null

2020-02-10 14:00:00 - [TEST_STEP][PASSED] - YS_Reliability = data.getValue("YS_Reliability", row): null

2020-02-10 14:00:00 - [TEST_STEP][PASSED] - YS_Courtesy = data.getValue("YS_Courtesy", row): null

2020-02-10 14:00:00 - [TEST_STEP][PASSED] - YS_Workmanship = data.getValue("YS_Workmanship", row): null

2020-02-10 14:00:00 - [TEST_STEP][PASSED] - "--------------------------------": null

2020-02-10 14:00:00 - [TEST_STEP][PASSED] - "Read data from spreadsheet      |": null

2020-02-10 14:00:00 - [TEST_STEP][PASSED] - "--------------------------------": null

2020-02-10 14:00:00 - [TEST_STEP][PASSED] - "------------------------------------------------------": null

2020-02-10 14:00:00 - [TEST_STEP][PASSED] - "Select Tidiness Value form List                       |": null

2020-02-10 14:00:00 - [TEST_STEP][PASSED] - selectOptionByValue(findTestObject("Page_Checkatrade Give your feedback/select_--YS_Tidiness"), YS_Tidiness, true): All options with value '10' are selected in object 'Object Repository/Page_Checkatrade Give your feedback/select_--YS_Tidiness'  using regular expression

2020-02-10 14:00:01 - [MESSAGE][PASSED] - All options with value '10' are selected in object 'Object Repository/Page_Checkatrade Give your feedback/select_--YS_Tidiness'  using regular expression

2020-02-10 14:00:01 - [TEST_STEP][PASSED] - "------------------------------------------------------": null

2020-02-10 14:00:01 - [TEST_STEP][PASSED] - "Select Reliability and Timekeeping Value form List    |": null

2020-02-10 14:00:01 - [TEST_STEP][PASSED] - selectOptionByValue(findTestObject("Page_Checkatrade Give your feedback/select_--YS_Reliability"), YS_Reliability, true): All options with value '10' are selected in object 'Object Repository/Page_Checkatrade Give your feedback/select_--YS_Reliability'  using regular expression

2020-02-10 14:00:02 - [MESSAGE][PASSED] - All options with value '10' are selected in object 'Object Repository/Page_Checkatrade Give your feedback/select_--YS_Reliability'  using regular expression

2020-02-10 14:00:02 - [TEST_STEP][PASSED] - "------------------------------------------------------": null

2020-02-10 14:00:02 - [TEST_STEP][PASSED] - "Select Courtesy Value form List                       |": null

2020-02-10 14:00:02 - [TEST_STEP][PASSED] - selectOptionByValue(findTestObject("Page_Checkatrade Give your feedback/select_--YS_Courtesy"), YS_Reliability, true): All options with value '10' are selected in object 'Object Repository/Page_Checkatrade Give your feedback/select_--YS_Courtesy'  using regular expression

2020-02-10 14:00:03 - [MESSAGE][PASSED] - All options with value '10' are selected in object 'Object Repository/Page_Checkatrade Give your feedback/select_--YS_Courtesy'  using regular expression

2020-02-10 14:00:03 - [TEST_STEP][PASSED] - "------------------------------------------------------": null

2020-02-10 14:00:03 - [TEST_STEP][PASSED] - "Select Quality and Workmanship Value form List        |": null

2020-02-10 14:00:03 - [TEST_STEP][PASSED] - selectOptionByValue(findTestObject("Page_Checkatrade Give your feedback/select_--YS_Workmanship"), YS_Workmanship, true): All options with value '10' are selected in object 'Object Repository/Page_Checkatrade Give your feedback/select_--YS_Workmanship'  using regular expression

2020-02-10 14:00:04 - [MESSAGE][PASSED] - All options with value '10' are selected in object 'Object Repository/Page_Checkatrade Give your feedback/select_--YS_Workmanship'  using regular expression

2020-02-10 14:00:04 - [MESSAGE][PASSED] - Call Test Case 'Test Cases/Reusable_Test_Sequences/Give_Feedback/Your_Scores/Your_Scores_List_Box_Selection' successfully

2020-02-10 14:00:04 - [TEST_STEP][PASSED] - "------------------------------------------------------------------------------------------": null

2020-02-10 14:00:04 - [TEST_STEP][PASSED] - " Your Scores (page 2) Returned with 2 Main Sections - <Your Scores> and <Details of Work> |": null

2020-02-10 14:00:04 - [TEST_STEP][PASSED] - " Details of Work Done - Form FIll<Description>,<Approx. date>,<How Long>, <Comments> and  |": null

2020-02-10 14:00:04 - [TEST_STEP][PASSED] - "                                                               <Feedback Publish Confirm> |": null

2020-02-10 14:00:04 - [TEST_STEP][PASSED] - callTestCase(findTestCase("Reusable_Test_Sequences/Give_Feedback/Your_Scores/Details_of_work_Done_Formfill"), [:], CONTINUE_ON_FAILURE): Call Test Case 'Test Cases/Reusable_Test_Sequences/Give_Feedback/Your_Scores/Details_of_work_Done_Formfill' successfully

2020-02-10 14:00:04 - [TEST_CASE][PASSED] - Test Cases/Reusable_Test_Sequences/Give_Feedback/Your_Scores/Details_of_work_Done_Formfill: Test Cases/Reusable_Test_Sequences/Give_Feedback/Your_Scores/Details_of_work_Done_Formfill

2020-02-10 14:00:04 - [TEST_STEP][PASSED] - data = findTestData("Data Files/Give_Feedback (1)"): null

2020-02-10 14:00:04 - [TEST_STEP][PASSED] - YS_Work_Description = data.getValue("YS_Work_Description", row): null

2020-02-10 14:00:04 - [TEST_STEP][PASSED] - YS_Work_Date = data.getValue("YS_Work_Date", row): null

2020-02-10 14:00:04 - [TEST_STEP][PASSED] - YS_Days_to_Complete = data.getValue("YS_Days_to_Complete", row): null

2020-02-10 14:00:04 - [TEST_STEP][PASSED] - YS_Work_Comments = data.getValue("YS_Work_Comments", row): null

2020-02-10 14:00:04 - [TEST_STEP][PASSED] - YS_Feedback_Published = data.getValue("YS_Feedback_Published", row): null

2020-02-10 14:00:04 - [TEST_STEP][PASSED] - "---------------------------------": null

2020-02-10 14:00:04 - [TEST_STEP][PASSED] - "Read data from spreadsheet       |": null

2020-02-10 14:00:04 - [TEST_STEP][PASSED] - "---------------------------------": null

2020-02-10 14:00:04 - [TEST_STEP][PASSED] - "---------------------------------": null

2020-02-10 14:00:04 - [TEST_STEP][PASSED] - "Brief description of work done   |": null

2020-02-10 14:00:04 - [TEST_STEP][PASSED] - setText(findTestObject("Object Repository/Page_Checkatrade Give your feedback/input_Brief description of work done_ctl00contenttbWorkDescription"), YS_Work_Description): Text 'New Test Toilet' is set on object 'Object Repository/Page_Checkatrade Give your feedback/input_Brief description of work done_ctl00contenttbWorkDescription'

2020-02-10 14:00:05 - [MESSAGE][PASSED] - Text 'New Test Toilet' is set on object 'Object Repository/Page_Checkatrade Give your feedback/input_Brief description of work done_ctl00contenttbWorkDescription'

2020-02-10 14:00:05 - [TEST_STEP][PASSED] - "---------------------------------": null

2020-02-10 14:00:05 - [TEST_STEP][PASSED] - "Date work was done (approx)      |": null

2020-02-10 14:00:05 - [TEST_STEP][PASSED] - "---------------------------------": null

2020-02-10 14:00:05 - [TEST_STEP][PASSED] - "---------------------------------": null

2020-02-10 14:00:05 - [TEST_STEP][PASSED] - "How many days did this job take? |": null

2020-02-10 14:00:05 - [TEST_STEP][PASSED] - setText(findTestObject("Object Repository/Page_Checkatrade Give your feedback/input_How many days did this job take"), YS_Days_to_Complete): Text '3' is set on object 'Object Repository/Page_Checkatrade Give your feedback/input_How many days did this job take'

2020-02-10 14:00:05 - [MESSAGE][PASSED] - Text '3' is set on object 'Object Repository/Page_Checkatrade Give your feedback/input_How many days did this job take'

2020-02-10 14:00:05 - [TEST_STEP][PASSED] - "---------------------------------": null

2020-02-10 14:00:05 - [TEST_STEP][PASSED] - "Your comments about the work     |": null

2020-02-10 14:00:05 - [TEST_STEP][PASSED] - setText(findTestObject("Object Repository/Page_Checkatrade Give your feedback/textarea_Your comments about the work_ctl00contenttbWorkComments"), YS_Work_Comments): Text 'Nice job' is set on object 'Object Repository/Page_Checkatrade Give your feedback/textarea_Your comments about the work_ctl00contenttbWorkComments'

2020-02-10 14:00:05 - [MESSAGE][PASSED] - Text 'Nice job' is set on object 'Object Repository/Page_Checkatrade Give your feedback/textarea_Your comments about the work_ctl00contenttbWorkComments'

2020-02-10 14:00:05 - [TEST_STEP][PASSED] - "---------------------------------------": null

2020-02-10 14:00:05 - [TEST_STEP][PASSED] - " Scroll Bottom of Page Into View       |": null

2020-02-10 14:00:05 - [TEST_STEP][PASSED] - "---------------------------------------": null

2020-02-10 14:00:05 - [TEST_STEP][PASSED] - "-----------------------------------------------------": null

2020-02-10 14:00:05 - [TEST_STEP][PASSED] - "Would you like your feedback published? - Yes or No  |": null

2020-02-10 14:00:05 - [TEST_STEP][PASSED] - if (YS_Feedback_Published == "Yes"): Wait for page load successfully

2020-02-10 14:00:05 - [TEST_STEP][PASSED] - waitForElementClickable(findTestObject("Feedback/Page_Checkatrade Give your feedback/span_Publish_Feedback_Yes"), 10): Object 'Object Repository/Feedback/Page_Checkatrade Give your feedback/span_Publish_Feedback_Yes' is clickable

2020-02-10 14:00:06 - [MESSAGE][PASSED] - Object 'Object Repository/Feedback/Page_Checkatrade Give your feedback/span_Publish_Feedback_Yes' is clickable

2020-02-10 14:00:06 - [TEST_STEP][PASSED] - click(findTestObject("Feedback/Page_Checkatrade Give your feedback/span_Publish_Feedback_Yes")): Object: 'Object Repository/Feedback/Page_Checkatrade Give your feedback/span_Publish_Feedback_Yes' is clicked on

2020-02-10 14:00:06 - [MESSAGE][PASSED] - Object: 'Object Repository/Feedback/Page_Checkatrade Give your feedback/span_Publish_Feedback_Yes' is clicked on

2020-02-10 14:00:06 - [TEST_STEP][PASSED] - waitForPageLoad(60): Wait for page load successfully

2020-02-10 14:00:06 - [MESSAGE][PASSED] - Wait for page load successfully

2020-02-10 14:00:06 - [TEST_STEP][PASSED] - out.println("Your Experience, Recommendation, Click on the " + YS_Feedback_Published + " Option Button "): null

2020-02-10 14:00:06 - [TEST_STEP][PASSED] - delay(1): Delayed 1 second(s)

2020-02-10 14:00:07 - [MESSAGE][PASSED] - Delayed 1 second(s)

2020-02-10 14:00:07 - [TEST_STEP][PASSED] - "---------------------------------": null

2020-02-10 14:00:07 - [TEST_STEP][PASSED] - "Your comments about the work     |": null

2020-02-10 14:00:07 - [TEST_STEP][PASSED] - waitForElementClickable(findTestObject("Object Repository/Page_Checkatrade Give your feedback/input_No_ctl00contentButton6"), 60): Object 'Object Repository/Page_Checkatrade Give your feedback/input_No_ctl00contentButton6' is clickable

2020-02-10 14:00:07 - [MESSAGE][PASSED] - Object 'Object Repository/Page_Checkatrade Give your feedback/input_No_ctl00contentButton6' is clickable

2020-02-10 14:00:07 - [TEST_STEP][PASSED] - click(findTestObject("Object Repository/Page_Checkatrade Give your feedback/input_No_ctl00contentButton6")): Object: 'Object Repository/Page_Checkatrade Give your feedback/input_No_ctl00contentButton6' is clicked on

2020-02-10 14:00:08 - [MESSAGE][PASSED] - Object: 'Object Repository/Page_Checkatrade Give your feedback/input_No_ctl00contentButton6' is clicked on

2020-02-10 14:00:08 - [MESSAGE][PASSED] - Call Test Case 'Test Cases/Reusable_Test_Sequences/Give_Feedback/Your_Scores/Details_of_work_Done_Formfill' successfully

2020-02-10 14:00:08 - [TEST_STEP][PASSED] - scrollToPosition(125, 0): Browser is scrolled to position x = 125, y = 0

2020-02-10 14:00:08 - [MESSAGE][PASSED] - Browser is scrolled to position x = 125, y = 0

2020-02-10 14:00:08 - [TEST_STEP][PASSED] - "------------------------------------------------------------------------------------------": null

2020-02-10 14:00:08 - [TEST_STEP][PASSED] - " Your Experience (page 2) Hit <Next> Button to Continue to <Your Details>- (page 3)       |": null

2020-02-10 14:00:08 - [TEST_STEP][PASSED] - try: null

2020-02-10 14:00:08 - [TEST_STEP][PASSED] - callTestCase(findTestCase("Reusable_Test_Sequences/Give_Feedback/Your_Scores/Hit_Next"), 1): null

2020-02-10 14:00:08 - [TEST_STEP][PASSED] - catch (Exception e): null

2020-02-10 14:00:08 - [MESSAGE][PASSED] - Call Test Case 'Test Cases/Reusable_Test_Sequences/Give_Feedback/Your_Scores/Your_Scores_Validation' successfully

2020-02-10 14:00:08 - [TEST_STEP][PASSED] - "--------------------------------------": null

2020-02-10 14:00:08 - [TEST_STEP][PASSED] - " Your Scores (page 3) Processing      |": null

2020-02-10 14:00:08 - [TEST_STEP][PASSED] - callTestCase(findTestCase("Reusable_Test_Sequences/Give_Feedback/Your_Details/Your_Details_Validation"), [:], STOP_ON_FAILURE): Call Test Case 'Test Cases/Reusable_Test_Sequences/Give_Feedback/Your_Details/Your_Details_Validation' successfully

2020-02-10 14:00:08 - [TEST_CASE][PASSED] - Test Cases/Reusable_Test_Sequences/Give_Feedback/Your_Details/Your_Details_Validation: Test Cases/Reusable_Test_Sequences/Give_Feedback/Your_Details/Your_Details_Validation

2020-02-10 14:00:09 - [TEST_STEP][PASSED] - "------------------------------------------------": null

2020-02-10 14:00:09 - [TEST_STEP][PASSED] - "Trade  Customer Path Not Currently Implenmented |": null

2020-02-10 14:00:09 - [TEST_STEP][PASSED] - "------------------------------------------------": null

2020-02-10 14:00:09 - [TEST_STEP][PASSED] - "---------------------------------------------------------------------------------------": null

2020-02-10 14:00:09 - [TEST_STEP][PASSED] - " Your Details (page 3)                                                                 |": null

2020-02-10 14:00:09 - [TEST_STEP][PASSED] - "---------------------------------------------------------------------------------------": null

2020-02-10 14:00:09 - [TEST_STEP][PASSED] - "-------------------------------------": null

2020-02-10 14:00:09 - [TEST_STEP][PASSED] - " Submit Form - Trigger Validation    |": null

2020-02-10 14:00:09 - [TEST_STEP][PASSED] - waitForPageLoad(1): Wait for page load successfully

2020-02-10 14:00:09 - [MESSAGE][PASSED] - Wait for page load successfully

2020-02-10 14:00:09 - [TEST_STEP][PASSED] - scrollToPosition(250, 0): Browser is scrolled to position x = 250, y = 0

2020-02-10 14:00:09 - [MESSAGE][PASSED] - Browser is scrolled to position x = 250, y = 0

2020-02-10 14:00:09 - [TEST_STEP][PASSED] - waitForPageLoad(1): Wait for page load successfully

2020-02-10 14:00:09 - [MESSAGE][PASSED] - Wait for page load successfully

2020-02-10 14:00:09 - [TEST_STEP][PASSED] - waitForElementClickable(findTestObject("Object Repository/Page_Checkatrade Give your feedback/input_here_ctl00contentButtonSubmit"), 5): Object 'Object Repository/Page_Checkatrade Give your feedback/input_here_ctl00contentButtonSubmit' is clickable

2020-02-10 14:00:09 - [MESSAGE][PASSED] - Object 'Object Repository/Page_Checkatrade Give your feedback/input_here_ctl00contentButtonSubmit' is clickable

2020-02-10 14:00:09 - [TEST_STEP][PASSED] - click(findTestObject("Object Repository/Page_Checkatrade Give your feedback/input_here_ctl00contentButtonSubmit")): Object: 'Object Repository/Page_Checkatrade Give your feedback/input_here_ctl00contentButtonSubmit' is clicked on

2020-02-10 14:00:09 - [MESSAGE][PASSED] - Object: 'Object Repository/Page_Checkatrade Give your feedback/input_here_ctl00contentButtonSubmit' is clicked on

2020-02-10 14:00:09 - [TEST_STEP][PASSED] - "---------------------------------------------------------------------------------------": null

2020-02-10 14:00:09 - [TEST_STEP][PASSED] - " Your Experience (page 3) Verify Validation> Messages - This Field Is Required         |": null

2020-02-10 14:00:09 - [TEST_STEP][PASSED] - callTestCase(findTestCase("Reusable_Test_Sequences/TRADES_Application/Validation/This_Field_Is_Required"), [:], STOP_ON_FAILURE): Call Test Case 'Test Cases/Reusable_Test_Sequences/TRADES_Application/Validation/This_Field_Is_Required' successfully

2020-02-10 14:00:09 - [TEST_CASE][PASSED] - Test Cases/Reusable_Test_Sequences/TRADES_Application/Validation/This_Field_Is_Required: Test Cases/Reusable_Test_Sequences/TRADES_Application/Validation/This_Field_Is_Required

2020-02-10 14:00:09 - [TEST_STEP][PASSED] - verifyTextPresent("This field is required", false): Text 'This field is required' is present on page 

2020-02-10 14:00:10 - [MESSAGE][PASSED] - Text 'This field is required' is present on page 

2020-02-10 14:00:10 - [MESSAGE][PASSED] - Call Test Case 'Test Cases/Reusable_Test_Sequences/TRADES_Application/Validation/This_Field_Is_Required' successfully

2020-02-10 14:00:10 - [TEST_STEP][PASSED] - "---------------------------------------------------------------------------------------": null

2020-02-10 14:00:10 - [TEST_STEP][PASSED] - " Your Experience (page 3) Verify Validation> Messages  - Please Supply Home Phone      |": null

2020-02-10 14:00:10 - [TEST_STEP][PASSED] - callTestCase(findTestCase("Reusable_Test_Sequences/Give_Feedback/Validation/Please_Supply_Home_Telephone_Number"), [:], STOP_ON_FAILURE): Call Test Case 'Test Cases/Reusable_Test_Sequences/Give_Feedback/Validation/Please_Supply_Home_Telephone_Number' successfully

2020-02-10 14:00:10 - [TEST_CASE][PASSED] - Test Cases/Reusable_Test_Sequences/Give_Feedback/Validation/Please_Supply_Home_Telephone_Number: Test Cases/Reusable_Test_Sequences/Give_Feedback/Validation/Please_Supply_Home_Telephone_Number

2020-02-10 14:00:10 - [TEST_STEP][PASSED] - verifyTextPresent("Please supply a home telephone number so we can verify your feedback if necessary", false): Text 'Please supply a home telephone number so we can verify your feedback if necessary' is present on page 

2020-02-10 14:00:11 - [MESSAGE][PASSED] - Text 'Please supply a home telephone number so we can verify your feedback if necessary' is present on page 

2020-02-10 14:00:11 - [MESSAGE][PASSED] - Call Test Case 'Test Cases/Reusable_Test_Sequences/Give_Feedback/Validation/Please_Supply_Home_Telephone_Number' successfully

2020-02-10 14:00:11 - [TEST_STEP][PASSED] - "-------------------------------------": null

2020-02-10 14:00:11 - [TEST_STEP][PASSED] - " Consumer or Customer Selection      |": null

2020-02-10 14:00:11 - [TEST_STEP][PASSED] - callTestCase(findTestCase("Reusable_Test_Sequences/Give_Feedback/Your_Details/Consumer_or_Customer_Selection"), [:], STOP_ON_FAILURE): Call Test Case 'Test Cases/Reusable_Test_Sequences/Give_Feedback/Your_Details/Consumer_or_Customer_Selection' successfully

2020-02-10 14:00:11 - [TEST_CASE][PASSED] - Test Cases/Reusable_Test_Sequences/Give_Feedback/Your_Details/Consumer_or_Customer_Selection: Test Cases/Reusable_Test_Sequences/Give_Feedback/Your_Details/Consumer_or_Customer_Selection

2020-02-10 14:00:11 - [TEST_STEP][PASSED] - "--------------------------------": null

2020-02-10 14:00:11 - [TEST_STEP][PASSED] - "Read data from spreadsheet      |": null

2020-02-10 14:00:11 - [TEST_STEP][PASSED] - data = findTestData("Data Files/Give_Feedback (1)"): null

2020-02-10 14:00:11 - [TEST_STEP][PASSED] - YD_Consumer_Customer = data.getValue("YD_Consumer_Customer", row): null

2020-02-10 14:00:11 - [TEST_STEP][PASSED] - out.println("Your Details, Consumer OR Trade Customer, Click on the " + YD_Consumer_Customer + " Option Button "): null

2020-02-10 14:00:11 - [TEST_STEP][PASSED] - try: null

2020-02-10 14:00:11 - [TEST_STEP][PASSED] - if (YD_Consumer_Customer == "Consumer"): Object 'Object Repository/Page_Checkatrade Give your feedback/span_an individual consumer' is clickable

2020-02-10 14:00:12 - [MESSAGE][PASSED] - Object 'Object Repository/Page_Checkatrade Give your feedback/span_an individual consumer' is clickable

2020-02-10 14:00:12 - [TEST_STEP][PASSED] - click(findTestObject("Object Repository/Page_Checkatrade Give your feedback/span_an individual consumer"), 1): null

2020-02-10 14:00:12 - [TEST_STEP][PASSED] - catch (Exception e): null

2020-02-10 14:00:12 - [TEST_STEP][PASSED] - if (YD_Consumer_Customer == "Customer"): null

2020-02-10 14:00:12 - [TEST_STEP][PASSED] - out.println("Your Experience, Recommendation, Click on the " + YD_Consumer_Customer + " Option Button "): null

2020-02-10 14:00:12 - [MESSAGE][PASSED] - Call Test Case 'Test Cases/Reusable_Test_Sequences/Give_Feedback/Your_Details/Consumer_or_Customer_Selection' successfully

2020-02-10 14:00:12 - [TEST_STEP][PASSED] - "-------------------------------------": null

2020-02-10 14:00:12 - [TEST_STEP][PASSED] - " Fill Personal Details               |": null

2020-02-10 14:00:12 - [TEST_STEP][PASSED] - callTestCase(findTestCase("Reusable_Test_Sequences/Give_Feedback/Your_Details/Personal_Details_Formfill"), [:], STOP_ON_FAILURE): Call Test Case 'Test Cases/Reusable_Test_Sequences/Give_Feedback/Your_Details/Personal_Details_Formfill' successfully

2020-02-10 14:00:12 - [TEST_CASE][PASSED] - Test Cases/Reusable_Test_Sequences/Give_Feedback/Your_Details/Personal_Details_Formfill: Test Cases/Reusable_Test_Sequences/Give_Feedback/Your_Details/Personal_Details_Formfill

2020-02-10 14:00:12 - [TEST_STEP][PASSED] - "--------------------------------": null

2020-02-10 14:00:12 - [TEST_STEP][PASSED] - "Read data from spreadsheet      |": null

2020-02-10 14:00:12 - [TEST_STEP][PASSED] - data = findTestData("Data Files/Give_Feedback (1)"): null

2020-02-10 14:00:12 - [TEST_STEP][PASSED] - YD_Salutation = data.getValue("YD_Salutation", row): null

2020-02-10 14:00:12 - [TEST_STEP][PASSED] - YD_Name = data.getValue("YD_Name", row): null

2020-02-10 14:00:12 - [TEST_STEP][PASSED] - YD_Company_Name = data.getValue("YD_Company_Name", row): null

2020-02-10 14:00:12 - [TEST_STEP][PASSED] - YD_Postcode = data.getValue("YD_Postcode", row): null

2020-02-10 14:00:12 - [TEST_STEP][PASSED] - YD_Verify_Address = data.getValue("YD_Verify_Address", row): null

2020-02-10 14:00:12 - [TEST_STEP][PASSED] - YD_Consumer_Customer = data.getValue("YD_Consumer_Customer", row): null

2020-02-10 14:00:12 - [TEST_STEP][PASSED] - out.println("Your Experience, Your details, Set the " + YD_Salutation + " Text Box "): null

2020-02-10 14:00:12 - [TEST_STEP][PASSED] - "--------------------": null

2020-02-10 14:00:12 - [TEST_STEP][PASSED] - "  Set  Salutation   |": null

2020-02-10 14:00:12 - [TEST_STEP][PASSED] - delay(1): Delayed 1 second(s)

2020-02-10 14:00:13 - [MESSAGE][PASSED] - Delayed 1 second(s)

2020-02-10 14:00:13 - [TEST_STEP][PASSED] - selectOptionByValue(findTestObject("Object Repository/New Folder/Page_Checkatrade Give your feedback/select_MrMrsMissMsMr  MrsDrRevRevd"), YD_Salutation, true): All options with value 'Mr' are selected in object 'Object Repository/New Folder/Page_Checkatrade Give your feedback/select_MrMrsMissMsMr  MrsDrRevRevd'  using regular expression

2020-02-10 14:00:13 - [MESSAGE][PASSED] - All options with value 'Mr' are selected in object 'Object Repository/New Folder/Page_Checkatrade Give your feedback/select_MrMrsMissMsMr  MrsDrRevRevd'  using regular expression

2020-02-10 14:00:13 - [TEST_STEP][PASSED] - "--------------------": null

2020-02-10 14:00:13 - [TEST_STEP][PASSED] - "  Set  Name         |": null

2020-02-10 14:00:13 - [TEST_STEP][PASSED] - if (YD_Consumer_Customer == "Consumer"): Text 'Ron Smith' is set on object 'Object Repository/New Folder/Page_Checkatrade Give your feedback/input_Name_ctl00contenttbCustomerName'

2020-02-10 14:00:13 - [TEST_STEP][PASSED] - setText(findTestObject("Object Repository/New Folder/Page_Checkatrade Give your feedback/input_Name_ctl00contenttbCustomerName"), YD_Name): Text 'Ron Smith' is set on object 'Object Repository/New Folder/Page_Checkatrade Give your feedback/input_Name_ctl00contenttbCustomerName'

2020-02-10 14:00:14 - [MESSAGE][PASSED] - Text 'Ron Smith' is set on object 'Object Repository/New Folder/Page_Checkatrade Give your feedback/input_Name_ctl00contenttbCustomerName'

2020-02-10 14:00:14 - [TEST_STEP][PASSED] - "----------------------": null

2020-02-10 14:00:14 - [TEST_STEP][PASSED] - " Name of you company  |": null

2020-02-10 14:00:14 - [TEST_STEP][PASSED] - if (YD_Consumer_Customer == "Customer"): null

2020-02-10 14:00:14 - [TEST_STEP][PASSED] - "--------------------": null

2020-02-10 14:00:14 - [TEST_STEP][PASSED] - "  Set Postcode     |": null

2020-02-10 14:00:14 - [TEST_STEP][PASSED] - setText(findTestObject("Object Repository/New Folder/Page_Checkatrade Give your feedback/input_Your postcode_ctl00contentctlCustomerAddresstbPostcodeSearch"), YD_Postcode): Text 'PO12 2SD' is set on object 'Object Repository/New Folder/Page_Checkatrade Give your feedback/input_Your postcode_ctl00contentctlCustomerAddresstbPostcodeSearch'

2020-02-10 14:00:15 - [MESSAGE][PASSED] - Text 'PO12 2SD' is set on object 'Object Repository/New Folder/Page_Checkatrade Give your feedback/input_Your postcode_ctl00contentctlCustomerAddresstbPostcodeSearch'

2020-02-10 14:00:15 - [TEST_STEP][PASSED] - "-----------------------------": null

2020-02-10 14:00:15 - [TEST_STEP][PASSED] - "  Address Lookup Selection   |": null

2020-02-10 14:00:15 - [TEST_STEP][PASSED] - click(findTestObject("Object Repository/New Folder/Page_Checkatrade Give your feedback/input_Your postcode_ctl00contentctlCustomerAddressbtnPostcodeLookup")): Object: 'Object Repository/New Folder/Page_Checkatrade Give your feedback/input_Your postcode_ctl00contentctlCustomerAddressbtnPostcodeLookup' is clicked on

2020-02-10 14:00:15 - [MESSAGE][PASSED] - Object: 'Object Repository/New Folder/Page_Checkatrade Give your feedback/input_Your postcode_ctl00contentctlCustomerAddressbtnPostcodeLookup' is clicked on

2020-02-10 14:00:15 - [TEST_STEP][PASSED] - "-----------------------------": null

2020-02-10 14:00:15 - [TEST_STEP][PASSED] - "  Address Lookup Set         |": null

2020-02-10 14:00:15 - [TEST_STEP][PASSED] - selectOptionByLabel(findTestObject("Object Repository/New Folder/Page_Checkatrade Give your feedback/select_Please select your address"), YD_Verify_Address, true): All options with label '26 Broadsands Drive,Gosport,Hampshire,PO12 2SD' are selected in object 'Object Repository/New Folder/Page_Checkatrade Give your feedback/select_Please select your address'  using regular expression

2020-02-10 14:00:19 - [MESSAGE][PASSED] - All options with label '26 Broadsands Drive,Gosport,Hampshire,PO12 2SD' are selected in object 'Object Repository/New Folder/Page_Checkatrade Give your feedback/select_Please select your address'  using regular expression

2020-02-10 14:00:19 - [TEST_STEP][PASSED] - "-----------------------------": null

2020-02-10 14:00:19 - [TEST_STEP][PASSED] - "  Verify Returned Address    |": null

2020-02-10 14:00:19 - [TEST_STEP][PASSED] - verifyTextPresent(YD_Verify_Address, false): Text '26 Broadsands Drive,Gosport,Hampshire,PO12 2SD' is present on page 

2020-02-10 14:00:20 - [MESSAGE][PASSED] - Text '26 Broadsands Drive,Gosport,Hampshire,PO12 2SD' is present on page 

2020-02-10 14:00:20 - [MESSAGE][PASSED] - Call Test Case 'Test Cases/Reusable_Test_Sequences/Give_Feedback/Your_Details/Personal_Details_Formfill' successfully

2020-02-10 14:00:20 - [TEST_STEP][PASSED] - "-------------------------------------": null

2020-02-10 14:00:20 - [TEST_STEP][PASSED] - " Fil Contact Details                 |": null

2020-02-10 14:00:20 - [TEST_STEP][PASSED] - callTestCase(findTestCase("Reusable_Test_Sequences/Give_Feedback/Your_Details/Contact_Details_Formfill"), [:], STOP_ON_FAILURE): Call Test Case 'Test Cases/Reusable_Test_Sequences/Give_Feedback/Your_Details/Contact_Details_Formfill' successfully

2020-02-10 14:00:20 - [TEST_CASE][PASSED] - Test Cases/Reusable_Test_Sequences/Give_Feedback/Your_Details/Contact_Details_Formfill: Test Cases/Reusable_Test_Sequences/Give_Feedback/Your_Details/Contact_Details_Formfill

2020-02-10 14:00:20 - [TEST_STEP][PASSED] - "--------------------------------": null

2020-02-10 14:00:20 - [TEST_STEP][PASSED] - "Read data from spreadsheet      |": null

2020-02-10 14:00:20 - [TEST_STEP][PASSED] - data = findTestData("Data Files/Give_Feedback (1)"): null

2020-02-10 14:00:20 - [TEST_STEP][PASSED] - YD_Home_Phone = data.getValue("YD_Home_Phone", row): null

2020-02-10 14:00:20 - [TEST_STEP][PASSED] - YD_Name = data.getValue("YD_Name", row): null

2020-02-10 14:00:20 - [TEST_STEP][PASSED] - YD_Best_Contact_Time = data.getValue("YD_Best_Contact_Time", row): null

2020-02-10 14:00:20 - [TEST_STEP][PASSED] - YD_Email = data.getValue("YD_Email", row): null

2020-02-10 14:00:20 - [TEST_STEP][PASSED] - YD_Mobile = data.getValue("YD_Mobile", row): null

2020-02-10 14:00:20 - [TEST_STEP][PASSED] - YD_Consumer_Customer = data.getValue("YD_Consumer_Customer", row): null

2020-02-10 14:00:20 - [TEST_STEP][PASSED] - out.println("Your Experience, Your details, Set the " + YD_Home_Phone + " Text Box "): null

2020-02-10 14:00:20 - [TEST_STEP][PASSED] - "------------------------------": null

2020-02-10 14:00:20 - [TEST_STEP][PASSED] - "  Set Home Telephone Number   |": null

2020-02-10 14:00:20 - [TEST_STEP][PASSED] - setText(findTestObject("Object Repository/New Folder/Page_Checkatrade Give your feedback/input_Home telephone_ctl00contenttbCustomerHomePhone"), YD_Home_Phone): Text '02392123456' is set on object 'Object Repository/New Folder/Page_Checkatrade Give your feedback/input_Home telephone_ctl00contenttbCustomerHomePhone'

2020-02-10 14:00:21 - [MESSAGE][PASSED] - Text '02392123456' is set on object 'Object Repository/New Folder/Page_Checkatrade Give your feedback/input_Home telephone_ctl00contenttbCustomerHomePhone'

2020-02-10 14:00:21 - [TEST_STEP][PASSED] - "------------------------------": null

2020-02-10 14:00:21 - [TEST_STEP][PASSED] - "  Set Best Time to Contact    |": null

2020-02-10 14:00:21 - [TEST_STEP][PASSED] - if (YD_Consumer_Customer == "Consumer"): Text 'Any Tme' is set on object 'Object Repository/New Folder/Page_Checkatrade Give your feedback/input_Best time to contact you_ctl00contenttbCustomerContactTime'

2020-02-10 14:00:21 - [TEST_STEP][PASSED] - setText(findTestObject("Object Repository/New Folder/Page_Checkatrade Give your feedback/input_Best time to contact you_ctl00contenttbCustomerContactTime"), YD_Best_Contact_Time): Text 'Any Tme' is set on object 'Object Repository/New Folder/Page_Checkatrade Give your feedback/input_Best time to contact you_ctl00contenttbCustomerContactTime'

2020-02-10 14:00:21 - [MESSAGE][PASSED] - Text 'Any Tme' is set on object 'Object Repository/New Folder/Page_Checkatrade Give your feedback/input_Best time to contact you_ctl00contenttbCustomerContactTime'

2020-02-10 14:00:21 - [TEST_STEP][PASSED] - "------------------------------": null

2020-02-10 14:00:21 - [TEST_STEP][PASSED] - "  Set Email Address           |": null

2020-02-10 14:00:21 - [TEST_STEP][PASSED] - setText(findTestObject("Object Repository/New Folder/Page_Checkatrade Give your feedback/input_Email_ctl00contenttbCustomerEmail"), YD_Email): Text 'Test_xxxxxx@xdxdxdxd.com' is set on object 'Object Repository/New Folder/Page_Checkatrade Give your feedback/input_Email_ctl00contenttbCustomerEmail'

2020-02-10 14:00:22 - [MESSAGE][PASSED] - Text 'Test_xxxxxx@xdxdxdxd.com' is set on object 'Object Repository/New Folder/Page_Checkatrade Give your feedback/input_Email_ctl00contenttbCustomerEmail'

2020-02-10 14:00:22 - [TEST_STEP][PASSED] - "------------------------------": null

2020-02-10 14:00:22 - [TEST_STEP][PASSED] - "  Set Mobile Telephone Number |": null

2020-02-10 14:00:22 - [TEST_STEP][PASSED] - setText(findTestObject("Object Repository/New Folder/Page_Checkatrade Give your feedback/input_Mobile_ctl00contenttbCustomerMobile"), YD_Mobile): Text '07788123456' is set on object 'Object Repository/New Folder/Page_Checkatrade Give your feedback/input_Mobile_ctl00contenttbCustomerMobile'

2020-02-10 14:00:22 - [MESSAGE][PASSED] - Text '07788123456' is set on object 'Object Repository/New Folder/Page_Checkatrade Give your feedback/input_Mobile_ctl00contenttbCustomerMobile'

2020-02-10 14:00:22 - [MESSAGE][PASSED] - Call Test Case 'Test Cases/Reusable_Test_Sequences/Give_Feedback/Your_Details/Contact_Details_Formfill' successfully

2020-02-10 14:00:22 - [TEST_STEP][PASSED] - "-------------------------------------": null

2020-02-10 14:00:22 - [TEST_STEP][PASSED] - " CHeckatrade Questions               |": null

2020-02-10 14:00:22 - [TEST_STEP][PASSED] - callTestCase(findTestCase("Reusable_Test_Sequences/Give_Feedback/Your_Details/Checkatrade_Questions"), [:], STOP_ON_FAILURE): Call Test Case 'Test Cases/Reusable_Test_Sequences/Give_Feedback/Your_Details/Checkatrade_Questions' successfully

2020-02-10 14:00:22 - [TEST_CASE][PASSED] - Test Cases/Reusable_Test_Sequences/Give_Feedback/Your_Details/Checkatrade_Questions: Test Cases/Reusable_Test_Sequences/Give_Feedback/Your_Details/Checkatrade_Questions

2020-02-10 14:00:22 - [TEST_STEP][PASSED] - "--------------------------------": null

2020-02-10 14:00:22 - [TEST_STEP][PASSED] - "Read data from spreadsheet      |": null

2020-02-10 14:00:22 - [TEST_STEP][PASSED] - data = findTestData("Data Files/Give_Feedback (1)"): null

2020-02-10 14:00:23 - [TEST_STEP][PASSED] - YD_Feedback_Method = data.getValue("YD_Feedback_Method", row): null

2020-02-10 14:00:23 - [TEST_STEP][PASSED] - YD_How_Did_You_Hear = data.getValue("YD_How_Did_You_Hear", row): null

2020-02-10 14:00:23 - [TEST_STEP][PASSED] - YD_Other_Response = data.getValue("YD_Other_Response", row): null

2020-02-10 14:00:23 - [TEST_STEP][PASSED] - YD_Reason_For_Tradeperson_Selection = data.getValue("YD_Reason_For_Tradeperson_Selection", row): null

2020-02-10 14:00:23 - [TEST_STEP][PASSED] - YD_Receive_Chekatrade_Updates = data.getValue("YD_Receive_Chekatrade_Updates", row): null

2020-02-10 14:00:23 - [TEST_STEP][PASSED] - YD_Receive_Third_Party_Updates = data.getValue("YD_Receive_Third_Party_Updates", row): null

2020-02-10 14:00:23 - [TEST_STEP][PASSED] - out.println("Your Experience, Your details, Set the " + YD_Feedback_Method + " Text Box "): null

2020-02-10 14:00:23 - [TEST_STEP][PASSED] - "------------------------------------": null

2020-02-10 14:00:23 - [TEST_STEP][PASSED] - "  Set Verify Options - SMS OR Email |": null

2020-02-10 14:00:23 - [TEST_STEP][PASSED] - if (YD_Feedback_Method == "email"): Wait for page load successfully

2020-02-10 14:00:23 - [TEST_STEP][PASSED] - click(findTestObject("Object Repository/Page_Checkatrade Give your feedback/span_Verify by email")): Object: 'Object Repository/Page_Checkatrade Give your feedback/span_Verify by email' is clicked on

2020-02-10 14:00:23 - [MESSAGE][PASSED] - Object: 'Object Repository/Page_Checkatrade Give your feedback/span_Verify by email' is clicked on

2020-02-10 14:00:23 - [TEST_STEP][PASSED] - waitForPageLoad(2): Wait for page load successfully

2020-02-10 14:00:23 - [MESSAGE][PASSED] - Wait for page load successfully

2020-02-10 14:00:23 - [TEST_STEP][PASSED] - "--------------------------------------": null

2020-02-10 14:00:23 - [TEST_STEP][PASSED] - " Scroll to <Next> Button              |": null

2020-02-10 14:00:23 - [TEST_STEP][PASSED] - scrollToPosition(200, 0): Browser is scrolled to position x = 200, y = 0

2020-02-10 14:00:23 - [MESSAGE][PASSED] - Browser is scrolled to position x = 200, y = 0

2020-02-10 14:00:23 - [TEST_STEP][PASSED] - "--------------------------------------": null

2020-02-10 14:00:23 - [TEST_STEP][PASSED] - "  Set How You Heard About Checkatrade |": null

2020-02-10 14:00:23 - [TEST_STEP][PASSED] - waitForPageLoad(2): Wait for page load successfully

2020-02-10 14:00:23 - [MESSAGE][PASSED] - Wait for page load successfully

2020-02-10 14:00:23 - [TEST_STEP][PASSED] - selectOptionByLabel(findTestObject("Object Repository/Page_Checkatrade Give your feedback/select_Please selectTVRadioOnlineDirectoryWord"), YD_How_Did_You_Hear, true): All options with label 'Online' are selected in object 'Object Repository/Page_Checkatrade Give your feedback/select_Please selectTVRadioOnlineDirectoryWord'  using regular expression

2020-02-10 14:00:24 - [MESSAGE][PASSED] - All options with label 'Online' are selected in object 'Object Repository/Page_Checkatrade Give your feedback/select_Please selectTVRadioOnlineDirectoryWord'  using regular expression

2020-02-10 14:00:24 - [TEST_STEP][PASSED] - "--------------------------------------": null

2020-02-10 14:00:24 - [TEST_STEP][PASSED] - "  How did you hear about Textbox      |": null

2020-02-10 14:00:24 - [TEST_STEP][PASSED] - if (YD_How_Did_You_Hear == "Other"): null

2020-02-10 14:00:24 - [TEST_STEP][PASSED] - "--------------------------------------": null

2020-02-10 14:00:24 - [TEST_STEP][PASSED] - "  Why Use The Selected Tradesperson   |": null

2020-02-10 14:00:24 - [TEST_STEP][PASSED] - waitForElementClickable(findTestObject("Object Repository/New Folder/Page_Checkatrade Give your feedback/select_Prefer not to sayFound the Tradesperson via CheckatradecomDirected to Checkatradecom by the Tradesperson"), 2): Object 'Object Repository/New Folder/Page_Checkatrade Give your feedback/select_Prefer not to sayFound the Tradesperson via CheckatradecomDirected to Checkatradecom by the Tradesperson' is clickable

2020-02-10 14:00:24 - [MESSAGE][PASSED] - Object 'Object Repository/New Folder/Page_Checkatrade Give your feedback/select_Prefer not to sayFound the Tradesperson via CheckatradecomDirected to Checkatradecom by the Tradesperson' is clickable

2020-02-10 14:00:24 - [TEST_STEP][PASSED] - selectOptionByIndex(findTestObject("Object Repository/New Folder/Page_Checkatrade Give your feedback/select_Prefer not to sayFound the Tradesperson via CheckatradecomDirected to Checkatradecom by the Tradesperson"), 2): All options with index in [2] are selected on object 'Object Repository/New Folder/Page_Checkatrade Give your feedback/select_Prefer not to sayFound the Tradesperson via CheckatradecomDirected to Checkatradecom by the Tradesperson'

2020-02-10 14:00:24 - [MESSAGE][PASSED] - All options with index in [2] are selected on object 'Object Repository/New Folder/Page_Checkatrade Give your feedback/select_Prefer not to sayFound the Tradesperson via CheckatradecomDirected to Checkatradecom by the Tradesperson'

2020-02-10 14:00:24 - [TEST_STEP][PASSED] - waitForPageLoad(2): Wait for page load successfully

2020-02-10 14:00:24 - [MESSAGE][PASSED] - Wait for page load successfully

2020-02-10 14:00:24 - [TEST_STEP][PASSED] - "----------------------------------------------------": null

2020-02-10 14:00:24 - [TEST_STEP][PASSED] - " Select - I am happy to receive Updates - Checkatra |": null

2020-02-10 14:00:24 - [TEST_STEP][PASSED] - if (YD_Receive_Chekatrade_Updates == "Yes"): Wait for page load successfully

2020-02-10 14:00:24 - [TEST_STEP][PASSED] - click(findTestObject("Object Repository/New Folder/Page_Checkatrade Give your feedback/input_I am happy to receive updates from Checkatrade_ctl00contentchkEmailUpdates")): Object: 'Object Repository/New Folder/Page_Checkatrade Give your feedback/input_I am happy to receive updates from Checkatrade_ctl00contentchkEmailUpdates' is clicked on

2020-02-10 14:00:25 - [MESSAGE][PASSED] - Object: 'Object Repository/New Folder/Page_Checkatrade Give your feedback/input_I am happy to receive updates from Checkatrade_ctl00contentchkEmailUpdates' is clicked on

2020-02-10 14:00:25 - [TEST_STEP][PASSED] - waitForPageLoad(2): Wait for page load successfully

2020-02-10 14:00:25 - [MESSAGE][PASSED] - Wait for page load successfully

2020-02-10 14:00:25 - [TEST_STEP][PASSED] - "----------------------------------------------------": null

2020-02-10 14:00:25 - [TEST_STEP][PASSED] - " Select - I am happy to receive Updates - 3rd party |": null

2020-02-10 14:00:25 - [TEST_STEP][PASSED] - if (YD_Receive_Third_Party_Updates == "Yes"): Wait for page load successfully

2020-02-10 14:00:25 - [TEST_STEP][PASSED] - click(findTestObject("Object Repository/New Folder/Page_Checkatrade Give your feedback/label_I am happy to receive updates from selected third parties")): Object: 'Object Repository/New Folder/Page_Checkatrade Give your feedback/label_I am happy to receive updates from selected third parties' is clicked on

2020-02-10 14:00:25 - [MESSAGE][PASSED] - Object: 'Object Repository/New Folder/Page_Checkatrade Give your feedback/label_I am happy to receive updates from selected third parties' is clicked on

2020-02-10 14:00:25 - [TEST_STEP][PASSED] - waitForPageLoad(2): Wait for page load successfully

2020-02-10 14:00:25 - [MESSAGE][PASSED] - Wait for page load successfully

2020-02-10 14:00:25 - [TEST_STEP][PASSED] - "--------------------------------------": null

2020-02-10 14:00:25 - [TEST_STEP][PASSED] - "   SUBMIT Page                        |": null

2020-02-10 14:00:25 - [TEST_STEP][PASSED] - click(findTestObject("Object Repository/New Folder/Page_Checkatrade Give your feedback/input_here_ctl00contentButtonSubmit")): Object: 'Object Repository/New Folder/Page_Checkatrade Give your feedback/input_here_ctl00contentButtonSubmit' is clicked on

2020-02-10 14:00:27 - [MESSAGE][PASSED] - Object: 'Object Repository/New Folder/Page_Checkatrade Give your feedback/input_here_ctl00contentButtonSubmit' is clicked on

2020-02-10 14:00:27 - [TEST_STEP][PASSED] - waitForPageLoad(2): Wait for page load successfully

2020-02-10 14:00:27 - [MESSAGE][PASSED] - Wait for page load successfully

2020-02-10 14:00:27 - [MESSAGE][PASSED] - Call Test Case 'Test Cases/Reusable_Test_Sequences/Give_Feedback/Your_Details/Checkatrade_Questions' successfully

2020-02-10 14:00:27 - [MESSAGE][PASSED] - Call Test Case 'Test Cases/Reusable_Test_Sequences/Give_Feedback/Your_Details/Your_Details_Validation' successfully

2020-02-10 14:00:27 - [TEST_STEP][PASSED] - "--------------------------------------": null

2020-02-10 14:00:27 - [TEST_STEP][PASSED] - " Further Info (page 4) Processing     |": null

2020-02-10 14:00:27 - [TEST_STEP][PASSED] - callTestCase(findTestCase("Reusable_Test_Sequences/Give_Feedback/Further_Infomation/Further_Infomation_Validation"), [:], STOP_ON_FAILURE): Call Test Case 'Test Cases/Reusable_Test_Sequences/Give_Feedback/Further_Infomation/Further_Infomation_Validation' successfully

2020-02-10 14:00:27 - [TEST_CASE][PASSED] - Test Cases/Reusable_Test_Sequences/Give_Feedback/Further_Infomation/Further_Infomation_Validation: Test Cases/Reusable_Test_Sequences/Give_Feedback/Further_Infomation/Further_Infomation_Validation

2020-02-10 14:00:27 - [TEST_STEP][PASSED] - "--------------------------------": null

2020-02-10 14:00:27 - [TEST_STEP][PASSED] - " Set the Value of Work Textbox  |": null

2020-02-10 14:00:27 - [TEST_STEP][PASSED] - waitForElementPresent(findTestObject("Object Repository/New Folder1/Page_Checkatrade Give your feedback/input_Value Of Work_ctl00contenttbValueOfWork"), 25): Object 'Object Repository/New Folder1/Page_Checkatrade Give your feedback/input_Value Of Work_ctl00contenttbValueOfWork' is present

2020-02-10 14:00:28 - [MESSAGE][PASSED] - Object 'Object Repository/New Folder1/Page_Checkatrade Give your feedback/input_Value Of Work_ctl00contenttbValueOfWork' is present

2020-02-10 14:00:28 - [TEST_STEP][PASSED] - setText(findTestObject("Object Repository/New Folder1/Page_Checkatrade Give your feedback/input_Value Of Work_ctl00contenttbValueOfWork"), "0"): Text '0' is set on object 'Object Repository/New Folder1/Page_Checkatrade Give your feedback/input_Value Of Work_ctl00contenttbValueOfWork'

2020-02-10 14:00:28 - [MESSAGE][PASSED] - Text '0' is set on object 'Object Repository/New Folder1/Page_Checkatrade Give your feedback/input_Value Of Work_ctl00contenttbValueOfWork'

2020-02-10 14:00:28 - [TEST_STEP][PASSED] - "--------------------------------": null

2020-02-10 14:00:28 - [TEST_STEP][PASSED] - "Hit <Submit> button to Commit   |": null

2020-02-10 14:00:28 - [TEST_STEP][PASSED] - click(findTestObject("Object Repository/New Folder/Page_Checkatrade Give your feedback/input_Value Of Work_ctl00contentButton1")): Object: 'Object Repository/New Folder/Page_Checkatrade Give your feedback/input_Value Of Work_ctl00contentButton1' is clicked on

2020-02-10 14:00:51 - [MESSAGE][PASSED] - Object: 'Object Repository/New Folder/Page_Checkatrade Give your feedback/input_Value Of Work_ctl00contentButton1' is clicked on

2020-02-10 14:00:51 - [MESSAGE][PASSED] - Call Test Case 'Test Cases/Reusable_Test_Sequences/Give_Feedback/Further_Infomation/Further_Infomation_Validation' successfully

2020-02-10 14:00:51 - [TEST_STEP][PASSED] - "--------------------------------------": null

2020-02-10 14:00:51 - [TEST_STEP][PASSED] - " Thank You! (page 5) Processing       |": null

2020-02-10 14:00:51 - [TEST_STEP][PASSED] - callTestCase(findTestCase("Reusable_Test_Sequences/Give_Feedback/Final_Page"), [:], STOP_ON_FAILURE): Call Test Case 'Test Cases/Reusable_Test_Sequences/Give_Feedback/Final_Page' successfully

2020-02-10 14:00:51 - [TEST_CASE][PASSED] - Test Cases/Reusable_Test_Sequences/Give_Feedback/Final_Page: Test Cases/Reusable_Test_Sequences/Give_Feedback/Final_Page

2020-02-10 14:00:51 - [TEST_STEP][PASSED] - waitForPageLoad(2): Wait for page load successfully

2020-02-10 14:00:51 - [MESSAGE][PASSED] - Wait for page load successfully

2020-02-10 14:00:51 - [TEST_STEP][PASSED] - "--------------------------------": null

2020-02-10 14:00:51 - [TEST_STEP][PASSED] - "Read data from spreadsheet      |": null

2020-02-10 14:00:51 - [TEST_STEP][PASSED] - data = findTestData("Data Files/Give_Feedback (1)"): null

2020-02-10 14:00:51 - [TEST_STEP][PASSED] - Account_Verification_Name = data.getValue("Account_Verification_Name", row): null

2020-02-10 14:00:51 - [TEST_STEP][PASSED] - YE_Recommend = data.getValue("YE_Recommendations", row): null

2020-02-10 14:00:51 - [TEST_STEP][PASSED] - YE_Work_Carried_Out = data.getValue("YE_Work_Carried_Out", row): null

2020-02-10 14:00:51 - [TEST_STEP][PASSED] - waitForElementVisible(findTestObject("Object Repository/New Folder/Page_Checkatrade Give your feedback/a_Finish"), 60): Object 'Object Repository/New Folder/Page_Checkatrade Give your feedback/a_Finish' is visible

2020-02-10 14:00:51 - [MESSAGE][PASSED] - Object 'Object Repository/New Folder/Page_Checkatrade Give your feedback/a_Finish' is visible

2020-02-10 14:00:51 - [TEST_STEP][PASSED] - "------------------------------------": null

2020-02-10 14:00:51 - [TEST_STEP][PASSED] - "  Verify Page Detail                |": null

2020-02-10 14:00:51 - [TEST_STEP][PASSED] - if (YE_Recommend == "Yes"): Text 'Finish' is present on page 

2020-02-10 14:00:51 - [TEST_STEP][PASSED] - verifyTextPresent("A Checkatrade staff member will now review your feedback for", false): Text 'A Checkatrade staff member will now review your feedback for' is present on page 

2020-02-10 14:00:52 - [MESSAGE][PASSED] - Text 'A Checkatrade staff member will now review your feedback for' is present on page 

2020-02-10 14:00:52 - [TEST_STEP][PASSED] - verifyTextPresent(Account_Verification_Name, false): Text 'Test Account' is present on page 

2020-02-10 14:00:52 - [MESSAGE][PASSED] - Text 'Test Account' is present on page 

2020-02-10 14:00:52 - [TEST_STEP][PASSED] - verifyTextPresent("Finish", false): Text 'Finish' is present on page 

2020-02-10 14:00:52 - [MESSAGE][PASSED] - Text 'Finish' is present on page 

2020-02-10 14:00:52 - [TEST_STEP][PASSED] - verifyTextPresent("Thank you", true): Text 'Thank you' is present on page  using regular expression

2020-02-10 14:00:52 - [MESSAGE][PASSED] - Text 'Thank you' is present on page  using regular expression

2020-02-10 14:00:52 - [TEST_STEP][PASSED] - "------------------------------------": null

2020-02-10 14:00:52 - [TEST_STEP][PASSED] - "  Hit Finish                        |": null

2020-02-10 14:00:52 - [TEST_STEP][PASSED] - waitForElementClickable(findTestObject("Object Repository/New Folder/Page_Checkatrade Give your feedback/a_Finish"), 60): Object 'Object Repository/New Folder/Page_Checkatrade Give your feedback/a_Finish' is clickable

2020-02-10 14:00:53 - [MESSAGE][PASSED] - Object 'Object Repository/New Folder/Page_Checkatrade Give your feedback/a_Finish' is clickable

2020-02-10 14:00:53 - [TEST_STEP][PASSED] - click(findTestObject("Object Repository/New Folder/Page_Checkatrade Give your feedback/a_Finish")): Object: 'Object Repository/New Folder/Page_Checkatrade Give your feedback/a_Finish' is clicked on

2020-02-10 14:00:56 - [MESSAGE][PASSED] - Object: 'Object Repository/New Folder/Page_Checkatrade Give your feedback/a_Finish' is clicked on

2020-02-10 14:00:56 - [MESSAGE][PASSED] - Call Test Case 'Test Cases/Reusable_Test_Sequences/Give_Feedback/Final_Page' successfully

2020-02-10 14:00:56 - [TEST_STEP][PASSED] - "--------------------------------------": null

2020-02-10 14:00:56 - [TEST_STEP][PASSED] - " Processing Completion                |": null

2020-02-10 14:00:56 - [TEST_STEP][PASSED] - "--------------------------------------": null

2020-02-10 14:00:56 - [TEST_STEP][PASSED] - "--------------------------": null

2020-02-10 14:00:56 - [TEST_STEP][PASSED] - " Teardown - CLose Browser |": null

2020-02-10 14:00:56 - [TEST_STEP][PASSED] - callTestCase(findTestCase("Reusable_Test_Sequences/CAT_Teardown"), [:], OPTIONAL): Call Test Case 'Test Cases/Reusable_Test_Sequences/CAT_Teardown' successfully

2020-02-10 14:00:56 - [TEST_CASE][PASSED] - Test Cases/Reusable_Test_Sequences/CAT_Teardown: Test Cases/Reusable_Test_Sequences/CAT_Teardown

2020-02-10 14:00:56 - [TEST_STEP][PASSED] - closeBrowser(): Browser is closed

2020-02-10 14:00:59 - [MESSAGE][PASSED] - Browser is closed

2020-02-10 14:00:59 - [MESSAGE][PASSED] - Call Test Case 'Test Cases/Reusable_Test_Sequences/CAT_Teardown' successfully

2020-02-10 14:00:59 - [TEST_STEP][PASSED] - "--------------------------": null

2020-02-10 14:00:59 - [TEST_STEP][PASSED] - " Break Out of FOR Loop    |": null

2020-02-10 14:00:59 - [TEST_STEP][PASSED] - if (row > 1): null

2020-02-10 14:00:59 - [TEST_STEP][PASSED] - break: null]]></system-out>
         <system-err><![CDATA[]]></system-err>
      </testcase>
      <system-out><![CDATA[2020-02-10 13:54:17 - [TEST_SUITE][PASSED] - Give_Feedback: Test Cases/Give_Feedback/Give_Feedback_Validation]]></system-out>
      <system-err><![CDATA[]]></system-err>
   </testsuite>
</testsuites>
