<?xml version="1.0" encoding="UTF-8"?>
<testsuites name="Trade_Location_Multiple_Search" time="140.331" tests="1" failures="0" errors="0">
   <testsuite name="Trade_Location_Multiple_Search" tests="1" failures="0" errors="0" time="140.331" timestamp="2019-12-10 08:33:15" hostname="DavidHo - VETTEDSP36RF.check.local" id="Test Suites/Trade_Location_Multiple_Search">
      <properties>
         <property name="deviceName" value=""/>
         <property name="devicePlatform" value=""/>
         <property name="logFolder" value="C:\\Users\\davidho\\Katalon Studio\\Start\\Reports\\20191210_082453\\Trade_Location_Multiple_Search\\20191210_082511"/>
         <property name="logFiles" value="C:\\Users\\davidho\\Katalon Studio\\Start\\Reports\\20191210_082453\\Trade_Location_Multiple_Search\\20191210_082511\\execution0.log"/>
         <property name="attachments" value=""/>
         <property name="hostName" value="DavidHo - VETTEDSP36RF.check.local"/>
         <property name="os" value="Windows 10 32bit"/>
         <property name="katalonVersion" value="7.1.0.1"/>
         <property name="browser" value="Chrome 78.0.3904.108"/>
         <property name="hostAddress" value="10.0.11.243"/>
         <property name="sessionId" value="2c2ddf6d54f4cd8239e52962022d289d"/>
         <property name="seleniumVersion" value="3.141.59"/>
         <property name="proxyInformation" value="ProxyInformation{proxyOption=NO_PROXY, proxyServerType=HTTP, password=, proxyServerAddress=, proxyServerPort=0}"/>
         <property name="platform" value="Windows 10"/>
      </properties>
      <testcase name="Test Cases/Checkatrade_Tradesman_Searches/Trade_Location_Search" time="139.627" classname="Test Cases/Checkatrade_Tradesman_Searches/Trade_Location_Search" status="PASSED">
         <system-out><![CDATA[2019-12-10 08:33:15 - [TEST_CASE][PASSED] - Test Cases/Checkatrade_Tradesman_Searches/Trade_Location_Search: Test Cases/Checkatrade_Tradesman_Searches/Trade_Location_Search

2019-12-10 08:33:16 - [TEST_STEP][PASSED] - for ([row = 1, row <= findTestData("searchTestData").getRowNumbers(), (internal.GlobalVariable.row++)]): Call Test Case 'Test Cases/Reusable_Test_Sequences/CAT_Teardown' successfully

2019-12-10 08:33:18 - [TEST_STEP][PASSED] - callTestCase(findTestCase("Reusable_Test_Sequences/CAT_Setup"), [:], OPTIONAL): Call Test Case 'Test Cases/Reusable_Test_Sequences/CAT_Setup' successfully

2019-12-10 08:33:18 - [TEST_CASE][PASSED] - Test Cases/Reusable_Test_Sequences/CAT_Setup: Test Cases/Reusable_Test_Sequences/CAT_Setup

2019-12-10 08:33:19 - [TEST_STEP][PASSED] - "URL - Set from the ENVIRONMENT PROFILE ": null

2019-12-10 08:33:19 - [TEST_STEP][PASSED] - openBrowser(URL): Browser is opened with url: 'https://www.preview.checkatrade.com/'

2019-12-10 08:33:19 - [MESSAGE][INFO] - Starting 'Chrome' driver

2019-12-10 08:33:19 - [MESSAGE][INFO] - Action delay is set to 0 seconds

2019-12-10 08:33:30 - [MESSAGE][PASSED] - Browser is opened with url: 'https://www.preview.checkatrade.com/'

2019-12-10 08:33:30 - [TEST_STEP][PASSED] - maximizeWindow(): Current window maximized

2019-12-10 08:33:34 - [MESSAGE][PASSED] - Current window maximized

2019-12-10 08:33:34 - [TEST_STEP][PASSED] - waitForPageLoad(60): Wait for page load successfully

2019-12-10 08:33:34 - [MESSAGE][PASSED] - Wait for page load successfully

2019-12-10 08:33:34 - [TEST_STEP][PASSED] - "COOKIE - ORIGINAL": null

2019-12-10 08:33:34 - [TEST_STEP][PASSED] - try: Text 'For further information and to manage your cookie preferences, view Checkatrade's cookie policy' is not present on page

2019-12-10 08:33:34 - [TEST_STEP][PASSED] - verifyElementPresent(findTestObject("Object Repository/New_Home/Page_Checkatrade Find a tradesperson you can trust/div_Close"), 1, OPTIONAL): Object 'Object Repository/New_Home/Page_Checkatrade Find a tradesperson you can trust/div_Close' is present

2019-12-10 08:33:34 - [MESSAGE][PASSED] - Object 'Object Repository/New_Home/Page_Checkatrade Find a tradesperson you can trust/div_Close' is present

2019-12-10 08:33:34 - [TEST_STEP][PASSED] - click(findTestObject("Object Repository/New_Home/Page_Checkatrade Find a tradesperson you can trust/div_Close")): Object: 'Object Repository/New_Home/Page_Checkatrade Find a tradesperson you can trust/div_Close' is clicked on

2019-12-10 08:33:35 - [MESSAGE][PASSED] - Object: 'Object Repository/New_Home/Page_Checkatrade Find a tradesperson you can trust/div_Close' is clicked on

2019-12-10 08:33:35 - [TEST_STEP][PASSED] - "---------------------------------": null

2019-12-10 08:33:35 - [TEST_STEP][PASSED] - "COOKIE POPOUT REMOVED - Confirmed": null

2019-12-10 08:33:35 - [TEST_STEP][PASSED] - delay(1): Delayed 1 second(s)

2019-12-10 08:33:36 - [MESSAGE][PASSED] - Delayed 1 second(s)

2019-12-10 08:33:36 - [TEST_STEP][PASSED] - verifyTextNotPresent("Checkatrade.com uses cookies to make sure you get the best browsing experience", false): Text 'Checkatrade.com uses cookies to make sure you get the best browsing experience' is not present on page

2019-12-10 08:33:36 - [MESSAGE][PASSED] - Text 'Checkatrade.com uses cookies to make sure you get the best browsing experience' is not present on page

2019-12-10 08:33:36 - [TEST_STEP][PASSED] - verifyTextNotPresent("By continuing to use this website you are consenting to our use of cookies", false): Text 'By continuing to use this website you are consenting to our use of cookies' is not present on page

2019-12-10 08:33:36 - [MESSAGE][PASSED] - Text 'By continuing to use this website you are consenting to our use of cookies' is not present on page

2019-12-10 08:33:36 - [TEST_STEP][PASSED] - verifyTextNotPresent("For further information and to manage your cookie preferences, view Checkatrade's cookie policy", false): Text 'For further information and to manage your cookie preferences, view Checkatrade's cookie policy' is not present on page

2019-12-10 08:33:36 - [MESSAGE][PASSED] - Text 'For further information and to manage your cookie preferences, view Checkatrade's cookie policy' is not present on page

2019-12-10 08:33:36 - [MESSAGE][PASSED] - Call Test Case 'Test Cases/Reusable_Test_Sequences/CAT_Setup' successfully

2019-12-10 08:33:36 - [TEST_STEP][PASSED] - "---------------------------------------": null

2019-12-10 08:33:36 - [TEST_STEP][PASSED] - " Set and SEARCH TRADE CLASSIFICATION   |": null

2019-12-10 08:33:36 - [TEST_STEP][PASSED] - callTestCase(findTestCase("Reusable_Test_Sequences/CAT_Enter_Trade_Classification"), [:], CONTINUE_ON_FAILURE): Call Test Case 'Test Cases/Reusable_Test_Sequences/CAT_Enter_Trade_Classification' successfully

2019-12-10 08:33:36 - [TEST_CASE][PASSED] - Test Cases/Reusable_Test_Sequences/CAT_Enter_Trade_Classification: Test Cases/Reusable_Test_Sequences/CAT_Enter_Trade_Classification

2019-12-10 08:33:37 - [TEST_STEP][PASSED] - "---------------------------------": null

2019-12-10 08:33:37 - [TEST_STEP][PASSED] - "Set and SEARCH SELECTED TRADE": null

2019-12-10 08:33:37 - [TEST_STEP][PASSED] - click(findTestObject("Object Repository/Checkatrade_Trade_Search_Page/Page_Checkatrade Find a tradesperson you can trust/input_Search_Button_FF")): Object: 'Object Repository/Checkatrade_Trade_Search_Page/Page_Checkatrade Find a tradesperson you can trust/input_Search_Button_FF' is clicked on

2019-12-10 08:33:37 - [MESSAGE][PASSED] - Object: 'Object Repository/Checkatrade_Trade_Search_Page/Page_Checkatrade Find a tradesperson you can trust/input_Search_Button_FF' is clicked on

2019-12-10 08:33:37 - [TEST_STEP][PASSED] - setText(findTestObject("Object Repository/Checkatrade_Trade_Search_Page/Page_Checkatrade Find a tradesperson you can trust/input_Search_Button_FF"), findTestData("searchTestData").getValue("tradeClassification", row)): Text 'Tree Surgeon' is set on object 'Object Repository/Checkatrade_Trade_Search_Page/Page_Checkatrade Find a tradesperson you can trust/input_Search_Button_FF'

2019-12-10 08:33:37 - [MESSAGE][PASSED] - Text 'Tree Surgeon' is set on object 'Object Repository/Checkatrade_Trade_Search_Page/Page_Checkatrade Find a tradesperson you can trust/input_Search_Button_FF'

2019-12-10 08:33:37 - [MESSAGE][PASSED] - Call Test Case 'Test Cases/Reusable_Test_Sequences/CAT_Enter_Trade_Classification' successfully

2019-12-10 08:33:37 - [TEST_STEP][PASSED] - "---------------------------------------": null

2019-12-10 08:33:37 - [TEST_STEP][PASSED] - " Set and SEARCH TRADE LOCATION         |": null

2019-12-10 08:33:37 - [TEST_STEP][PASSED] - callTestCase(findTestCase("Reusable_Test_Sequences/CAT_Enter_Trade_Location"), [:], CONTINUE_ON_FAILURE): Call Test Case 'Test Cases/Reusable_Test_Sequences/CAT_Enter_Trade_Location' successfully

2019-12-10 08:33:37 - [TEST_CASE][PASSED] - Test Cases/Reusable_Test_Sequences/CAT_Enter_Trade_Location: Test Cases/Reusable_Test_Sequences/CAT_Enter_Trade_Location

2019-12-10 08:33:38 - [TEST_STEP][PASSED] - "---------------------------------": null

2019-12-10 08:33:38 - [TEST_STEP][PASSED] - "Set and SEARCH SELECTED LOCATION |": null

2019-12-10 08:33:38 - [TEST_STEP][PASSED] - click(findTestObject("Object Repository/Checkatrade_Trade_Search_Page/Page_Checkatrade Find a tradesperson you can trust/input_Not here_location")): Object: 'Object Repository/Checkatrade_Trade_Search_Page/Page_Checkatrade Find a tradesperson you can trust/input_Not here_location' is clicked on

2019-12-10 08:33:38 - [MESSAGE][PASSED] - Object: 'Object Repository/Checkatrade_Trade_Search_Page/Page_Checkatrade Find a tradesperson you can trust/input_Not here_location' is clicked on

2019-12-10 08:33:38 - [TEST_STEP][PASSED] - setText(findTestObject("Object Repository/Checkatrade_Trade_Search_Page/Page_Checkatrade Find a tradesperson you can trust/input_Not here_location"), findTestData("searchTestData").getValue("tradeLocation", row)): Text 'Gosport' is set on object 'Object Repository/Checkatrade_Trade_Search_Page/Page_Checkatrade Find a tradesperson you can trust/input_Not here_location'

2019-12-10 08:33:38 - [MESSAGE][PASSED] - Text 'Gosport' is set on object 'Object Repository/Checkatrade_Trade_Search_Page/Page_Checkatrade Find a tradesperson you can trust/input_Not here_location'

2019-12-10 08:33:38 - [MESSAGE][PASSED] - Call Test Case 'Test Cases/Reusable_Test_Sequences/CAT_Enter_Trade_Location' successfully

2019-12-10 08:33:38 - [TEST_STEP][PASSED] - "---------------------------------------": null

2019-12-10 08:33:38 - [TEST_STEP][PASSED] - " Scroll Search Button into View        |": null

2019-12-10 08:33:38 - [TEST_STEP][PASSED] - "---------------------------------------": null

2019-12-10 08:33:38 - [TEST_STEP][PASSED] - "---------------------------------------": null

2019-12-10 08:33:38 - [TEST_STEP][PASSED] - " Hit Search Button                     |": null

2019-12-10 08:33:38 - [TEST_STEP][PASSED] - callTestCase(findTestCase("Reusable_Test_Sequences/CAT_Hit_Search_Button"), [:], CONTINUE_ON_FAILURE): Call Test Case 'Test Cases/Reusable_Test_Sequences/CAT_Hit_Search_Button' successfully

2019-12-10 08:33:38 - [TEST_CASE][PASSED] - Test Cases/Reusable_Test_Sequences/CAT_Hit_Search_Button: Test Cases/Reusable_Test_Sequences/CAT_Hit_Search_Button

2019-12-10 08:33:38 - [TEST_STEP][PASSED] - "---------------------------------": null

2019-12-10 08:33:38 - [TEST_STEP][PASSED] - "HIT SEARCH": null

2019-12-10 08:33:38 - [TEST_STEP][PASSED] - "---------------------------------": null

2019-12-10 08:33:38 - [TEST_STEP][PASSED] - waitForElementClickable(findTestObject("Object Repository/Checkatrade_Trade_Search_Page/Page_Checkatrade Find a tradesperson you can trust/Page_Checkatrade Find a tradesperson you can trust/a_Search"), 25): Object 'Object Repository/Checkatrade_Trade_Search_Page/Page_Checkatrade Find a tradesperson you can trust/Page_Checkatrade Find a tradesperson you can trust/a_Search' is clickable

2019-12-10 08:33:39 - [MESSAGE][PASSED] - Object 'Object Repository/Checkatrade_Trade_Search_Page/Page_Checkatrade Find a tradesperson you can trust/Page_Checkatrade Find a tradesperson you can trust/a_Search' is clickable

2019-12-10 08:33:39 - [TEST_STEP][PASSED] - click(findTestObject("Object Repository/Checkatrade_Trade_Search_Page/Page_Checkatrade Find a tradesperson you can trust/Page_Checkatrade Find a tradesperson you can trust/a_Search")): Object: 'Object Repository/Checkatrade_Trade_Search_Page/Page_Checkatrade Find a tradesperson you can trust/Page_Checkatrade Find a tradesperson you can trust/a_Search' is clicked on

2019-12-10 08:33:41 - [MESSAGE][PASSED] - Object: 'Object Repository/Checkatrade_Trade_Search_Page/Page_Checkatrade Find a tradesperson you can trust/Page_Checkatrade Find a tradesperson you can trust/a_Search' is clicked on

2019-12-10 08:33:41 - [MESSAGE][PASSED] - Call Test Case 'Test Cases/Reusable_Test_Sequences/CAT_Hit_Search_Button' successfully

2019-12-10 08:33:41 - [TEST_STEP][PASSED] - "---------------------------------------": null

2019-12-10 08:33:41 - [TEST_STEP][PASSED] - " Verify Returned Page is as Expected   |": null

2019-12-10 08:33:41 - [TEST_STEP][PASSED] - callTestCase(findTestCase("Reusable_Test_Sequences/CAT_Verification"), [:], CONTINUE_ON_FAILURE): Call Test Case 'Test Cases/Reusable_Test_Sequences/CAT_Verification' successfully

2019-12-10 08:33:41 - [TEST_CASE][PASSED] - Test Cases/Reusable_Test_Sequences/CAT_Verification: Test Cases/Reusable_Test_Sequences/CAT_Verification

2019-12-10 08:33:42 - [TEST_STEP][PASSED] - "Updated 05/12/2019 due to wholesale Home page changes": null

2019-12-10 08:33:42 - [TEST_STEP][PASSED] - "Expected cantantenated text is Returned": null

2019-12-10 08:33:42 - [TEST_STEP][PASSED] - waitForPageLoad(60): Wait for page load successfully

2019-12-10 08:33:42 - [MESSAGE][PASSED] - Wait for page load successfully

2019-12-10 08:33:42 - [TEST_STEP][PASSED] - verifyTextPresent(findTestData("searchTestData").getValue("tradeClassification", row), false): Text 'Tree Surgeon' is present on page 

2019-12-10 08:33:44 - [MESSAGE][PASSED] - Text 'Tree Surgeon' is present on page 

2019-12-10 08:33:44 - [TEST_STEP][PASSED] - verifyTextPresent(findTestData("searchTestData").getValue("tradeLocation", row), false): Text 'Gosport' is present on page 

2019-12-10 08:33:45 - [MESSAGE][PASSED] - Text 'Gosport' is present on page 

2019-12-10 08:33:45 - [MESSAGE][PASSED] - Call Test Case 'Test Cases/Reusable_Test_Sequences/CAT_Verification' successfully

2019-12-10 08:33:45 - [TEST_STEP][PASSED] - "--------------------------": null

2019-12-10 08:33:45 - [TEST_STEP][PASSED] - " Teardown - CLose Browser |": null

2019-12-10 08:33:45 - [TEST_STEP][PASSED] - callTestCase(findTestCase("Reusable_Test_Sequences/CAT_Teardown"), [:], OPTIONAL): Call Test Case 'Test Cases/Reusable_Test_Sequences/CAT_Teardown' successfully

2019-12-10 08:33:45 - [TEST_CASE][PASSED] - Test Cases/Reusable_Test_Sequences/CAT_Teardown: Test Cases/Reusable_Test_Sequences/CAT_Teardown

2019-12-10 08:33:46 - [TEST_STEP][PASSED] - closeBrowser(): Browser is closed

2019-12-10 08:33:47 - [MESSAGE][PASSED] - Browser is closed

2019-12-10 08:33:47 - [MESSAGE][PASSED] - Call Test Case 'Test Cases/Reusable_Test_Sequences/CAT_Teardown' successfully

2019-12-10 08:33:47 - [TEST_STEP][PASSED] - callTestCase(findTestCase("Reusable_Test_Sequences/CAT_Setup"), [:], OPTIONAL): Call Test Case 'Test Cases/Reusable_Test_Sequences/CAT_Setup' successfully

2019-12-10 08:33:47 - [TEST_CASE][PASSED] - Test Cases/Reusable_Test_Sequences/CAT_Setup: Test Cases/Reusable_Test_Sequences/CAT_Setup

2019-12-10 08:33:47 - [TEST_STEP][PASSED] - "URL - Set from the ENVIRONMENT PROFILE ": null

2019-12-10 08:33:47 - [TEST_STEP][PASSED] - openBrowser(URL): Browser is opened with url: 'https://www.preview.checkatrade.com/'

2019-12-10 08:33:47 - [MESSAGE][INFO] - Starting 'Chrome' driver

2019-12-10 08:33:56 - [MESSAGE][PASSED] - Browser is opened with url: 'https://www.preview.checkatrade.com/'

2019-12-10 08:33:56 - [TEST_STEP][PASSED] - maximizeWindow(): Current window maximized

2019-12-10 08:34:00 - [MESSAGE][PASSED] - Current window maximized

2019-12-10 08:34:00 - [TEST_STEP][PASSED] - waitForPageLoad(60): Wait for page load successfully

2019-12-10 08:34:00 - [MESSAGE][PASSED] - Wait for page load successfully

2019-12-10 08:34:00 - [TEST_STEP][PASSED] - "COOKIE - ORIGINAL": null

2019-12-10 08:34:00 - [TEST_STEP][PASSED] - try: Text 'For further information and to manage your cookie preferences, view Checkatrade's cookie policy' is not present on page

2019-12-10 08:34:00 - [TEST_STEP][PASSED] - verifyElementPresent(findTestObject("Object Repository/New_Home/Page_Checkatrade Find a tradesperson you can trust/div_Close"), 1, OPTIONAL): Object 'Object Repository/New_Home/Page_Checkatrade Find a tradesperson you can trust/div_Close' is present

2019-12-10 08:34:00 - [MESSAGE][PASSED] - Object 'Object Repository/New_Home/Page_Checkatrade Find a tradesperson you can trust/div_Close' is present

2019-12-10 08:34:00 - [TEST_STEP][PASSED] - click(findTestObject("Object Repository/New_Home/Page_Checkatrade Find a tradesperson you can trust/div_Close")): Object: 'Object Repository/New_Home/Page_Checkatrade Find a tradesperson you can trust/div_Close' is clicked on

2019-12-10 08:34:01 - [MESSAGE][PASSED] - Object: 'Object Repository/New_Home/Page_Checkatrade Find a tradesperson you can trust/div_Close' is clicked on

2019-12-10 08:34:01 - [TEST_STEP][PASSED] - "---------------------------------": null

2019-12-10 08:34:01 - [TEST_STEP][PASSED] - "COOKIE POPOUT REMOVED - Confirmed": null

2019-12-10 08:34:01 - [TEST_STEP][PASSED] - delay(1): Delayed 1 second(s)

2019-12-10 08:34:02 - [MESSAGE][PASSED] - Delayed 1 second(s)

2019-12-10 08:34:02 - [TEST_STEP][PASSED] - verifyTextNotPresent("Checkatrade.com uses cookies to make sure you get the best browsing experience", false): Text 'Checkatrade.com uses cookies to make sure you get the best browsing experience' is not present on page

2019-12-10 08:34:02 - [MESSAGE][PASSED] - Text 'Checkatrade.com uses cookies to make sure you get the best browsing experience' is not present on page

2019-12-10 08:34:02 - [TEST_STEP][PASSED] - verifyTextNotPresent("By continuing to use this website you are consenting to our use of cookies", false): Text 'By continuing to use this website you are consenting to our use of cookies' is not present on page

2019-12-10 08:34:02 - [MESSAGE][PASSED] - Text 'By continuing to use this website you are consenting to our use of cookies' is not present on page

2019-12-10 08:34:02 - [TEST_STEP][PASSED] - verifyTextNotPresent("For further information and to manage your cookie preferences, view Checkatrade's cookie policy", false): Text 'For further information and to manage your cookie preferences, view Checkatrade's cookie policy' is not present on page

2019-12-10 08:34:02 - [MESSAGE][PASSED] - Text 'For further information and to manage your cookie preferences, view Checkatrade's cookie policy' is not present on page

2019-12-10 08:34:02 - [MESSAGE][PASSED] - Call Test Case 'Test Cases/Reusable_Test_Sequences/CAT_Setup' successfully

2019-12-10 08:34:02 - [TEST_STEP][PASSED] - "---------------------------------------": null

2019-12-10 08:34:02 - [TEST_STEP][PASSED] - " Set and SEARCH TRADE CLASSIFICATION   |": null

2019-12-10 08:34:02 - [TEST_STEP][PASSED] - callTestCase(findTestCase("Reusable_Test_Sequences/CAT_Enter_Trade_Classification"), [:], CONTINUE_ON_FAILURE): Call Test Case 'Test Cases/Reusable_Test_Sequences/CAT_Enter_Trade_Classification' successfully

2019-12-10 08:34:02 - [TEST_CASE][PASSED] - Test Cases/Reusable_Test_Sequences/CAT_Enter_Trade_Classification: Test Cases/Reusable_Test_Sequences/CAT_Enter_Trade_Classification

2019-12-10 08:34:02 - [TEST_STEP][PASSED] - "---------------------------------": null

2019-12-10 08:34:02 - [TEST_STEP][PASSED] - "Set and SEARCH SELECTED TRADE": null

2019-12-10 08:34:02 - [TEST_STEP][PASSED] - click(findTestObject("Object Repository/Checkatrade_Trade_Search_Page/Page_Checkatrade Find a tradesperson you can trust/input_Search_Button_FF")): Object: 'Object Repository/Checkatrade_Trade_Search_Page/Page_Checkatrade Find a tradesperson you can trust/input_Search_Button_FF' is clicked on

2019-12-10 08:34:02 - [MESSAGE][PASSED] - Object: 'Object Repository/Checkatrade_Trade_Search_Page/Page_Checkatrade Find a tradesperson you can trust/input_Search_Button_FF' is clicked on

2019-12-10 08:34:02 - [TEST_STEP][PASSED] - setText(findTestObject("Object Repository/Checkatrade_Trade_Search_Page/Page_Checkatrade Find a tradesperson you can trust/input_Search_Button_FF"), findTestData("searchTestData").getValue("tradeClassification", row)): Text 'Tree Surgeon' is set on object 'Object Repository/Checkatrade_Trade_Search_Page/Page_Checkatrade Find a tradesperson you can trust/input_Search_Button_FF'

2019-12-10 08:34:02 - [MESSAGE][PASSED] - Text 'Tree Surgeon' is set on object 'Object Repository/Checkatrade_Trade_Search_Page/Page_Checkatrade Find a tradesperson you can trust/input_Search_Button_FF'

2019-12-10 08:34:02 - [MESSAGE][PASSED] - Call Test Case 'Test Cases/Reusable_Test_Sequences/CAT_Enter_Trade_Classification' successfully

2019-12-10 08:34:02 - [TEST_STEP][PASSED] - "---------------------------------------": null

2019-12-10 08:34:02 - [TEST_STEP][PASSED] - " Set and SEARCH TRADE LOCATION         |": null

2019-12-10 08:34:02 - [TEST_STEP][PASSED] - callTestCase(findTestCase("Reusable_Test_Sequences/CAT_Enter_Trade_Location"), [:], CONTINUE_ON_FAILURE): Call Test Case 'Test Cases/Reusable_Test_Sequences/CAT_Enter_Trade_Location' successfully

2019-12-10 08:34:03 - [TEST_CASE][PASSED] - Test Cases/Reusable_Test_Sequences/CAT_Enter_Trade_Location: Test Cases/Reusable_Test_Sequences/CAT_Enter_Trade_Location

2019-12-10 08:34:03 - [TEST_STEP][PASSED] - "---------------------------------": null

2019-12-10 08:34:03 - [TEST_STEP][PASSED] - "Set and SEARCH SELECTED LOCATION |": null

2019-12-10 08:34:03 - [TEST_STEP][PASSED] - click(findTestObject("Object Repository/Checkatrade_Trade_Search_Page/Page_Checkatrade Find a tradesperson you can trust/input_Not here_location")): Object: 'Object Repository/Checkatrade_Trade_Search_Page/Page_Checkatrade Find a tradesperson you can trust/input_Not here_location' is clicked on

2019-12-10 08:34:03 - [MESSAGE][PASSED] - Object: 'Object Repository/Checkatrade_Trade_Search_Page/Page_Checkatrade Find a tradesperson you can trust/input_Not here_location' is clicked on

2019-12-10 08:34:03 - [TEST_STEP][PASSED] - setText(findTestObject("Object Repository/Checkatrade_Trade_Search_Page/Page_Checkatrade Find a tradesperson you can trust/input_Not here_location"), findTestData("searchTestData").getValue("tradeLocation", row)): Text 'PO12 2HE' is set on object 'Object Repository/Checkatrade_Trade_Search_Page/Page_Checkatrade Find a tradesperson you can trust/input_Not here_location'

2019-12-10 08:34:03 - [MESSAGE][PASSED] - Text 'PO12 2HE' is set on object 'Object Repository/Checkatrade_Trade_Search_Page/Page_Checkatrade Find a tradesperson you can trust/input_Not here_location'

2019-12-10 08:34:03 - [MESSAGE][PASSED] - Call Test Case 'Test Cases/Reusable_Test_Sequences/CAT_Enter_Trade_Location' successfully

2019-12-10 08:34:03 - [TEST_STEP][PASSED] - "---------------------------------------": null

2019-12-10 08:34:03 - [TEST_STEP][PASSED] - " Scroll Search Button into View        |": null

2019-12-10 08:34:03 - [TEST_STEP][PASSED] - "---------------------------------------": null

2019-12-10 08:34:03 - [TEST_STEP][PASSED] - "---------------------------------------": null

2019-12-10 08:34:03 - [TEST_STEP][PASSED] - " Hit Search Button                     |": null

2019-12-10 08:34:03 - [TEST_STEP][PASSED] - callTestCase(findTestCase("Reusable_Test_Sequences/CAT_Hit_Search_Button"), [:], CONTINUE_ON_FAILURE): Call Test Case 'Test Cases/Reusable_Test_Sequences/CAT_Hit_Search_Button' successfully

2019-12-10 08:34:03 - [TEST_CASE][PASSED] - Test Cases/Reusable_Test_Sequences/CAT_Hit_Search_Button: Test Cases/Reusable_Test_Sequences/CAT_Hit_Search_Button

2019-12-10 08:34:03 - [TEST_STEP][PASSED] - "---------------------------------": null

2019-12-10 08:34:03 - [TEST_STEP][PASSED] - "HIT SEARCH": null

2019-12-10 08:34:03 - [TEST_STEP][PASSED] - "---------------------------------": null

2019-12-10 08:34:03 - [TEST_STEP][PASSED] - waitForElementClickable(findTestObject("Object Repository/Checkatrade_Trade_Search_Page/Page_Checkatrade Find a tradesperson you can trust/Page_Checkatrade Find a tradesperson you can trust/a_Search"), 25): Object 'Object Repository/Checkatrade_Trade_Search_Page/Page_Checkatrade Find a tradesperson you can trust/Page_Checkatrade Find a tradesperson you can trust/a_Search' is clickable

2019-12-10 08:34:03 - [MESSAGE][PASSED] - Object 'Object Repository/Checkatrade_Trade_Search_Page/Page_Checkatrade Find a tradesperson you can trust/Page_Checkatrade Find a tradesperson you can trust/a_Search' is clickable

2019-12-10 08:34:03 - [TEST_STEP][PASSED] - click(findTestObject("Object Repository/Checkatrade_Trade_Search_Page/Page_Checkatrade Find a tradesperson you can trust/Page_Checkatrade Find a tradesperson you can trust/a_Search")): Object: 'Object Repository/Checkatrade_Trade_Search_Page/Page_Checkatrade Find a tradesperson you can trust/Page_Checkatrade Find a tradesperson you can trust/a_Search' is clicked on

2019-12-10 08:34:07 - [MESSAGE][PASSED] - Object: 'Object Repository/Checkatrade_Trade_Search_Page/Page_Checkatrade Find a tradesperson you can trust/Page_Checkatrade Find a tradesperson you can trust/a_Search' is clicked on

2019-12-10 08:34:07 - [MESSAGE][PASSED] - Call Test Case 'Test Cases/Reusable_Test_Sequences/CAT_Hit_Search_Button' successfully

2019-12-10 08:34:07 - [TEST_STEP][PASSED] - "---------------------------------------": null

2019-12-10 08:34:07 - [TEST_STEP][PASSED] - " Verify Returned Page is as Expected   |": null

2019-12-10 08:34:07 - [TEST_STEP][PASSED] - callTestCase(findTestCase("Reusable_Test_Sequences/CAT_Verification"), [:], CONTINUE_ON_FAILURE): Call Test Case 'Test Cases/Reusable_Test_Sequences/CAT_Verification' successfully

2019-12-10 08:34:07 - [TEST_CASE][PASSED] - Test Cases/Reusable_Test_Sequences/CAT_Verification: Test Cases/Reusable_Test_Sequences/CAT_Verification

2019-12-10 08:34:07 - [TEST_STEP][PASSED] - "Updated 05/12/2019 due to wholesale Home page changes": null

2019-12-10 08:34:07 - [TEST_STEP][PASSED] - "Expected cantantenated text is Returned": null

2019-12-10 08:34:07 - [TEST_STEP][PASSED] - waitForPageLoad(60): Wait for page load successfully

2019-12-10 08:34:07 - [MESSAGE][PASSED] - Wait for page load successfully

2019-12-10 08:34:07 - [TEST_STEP][PASSED] - verifyTextPresent(findTestData("searchTestData").getValue("tradeClassification", row), false): Text 'Tree Surgeon' is present on page 

2019-12-10 08:34:08 - [MESSAGE][PASSED] - Text 'Tree Surgeon' is present on page 

2019-12-10 08:34:08 - [TEST_STEP][PASSED] - verifyTextPresent(findTestData("searchTestData").getValue("tradeLocation", row), false): Text 'PO12 2HE' is present on page 

2019-12-10 08:34:10 - [MESSAGE][PASSED] - Text 'PO12 2HE' is present on page 

2019-12-10 08:34:10 - [MESSAGE][PASSED] - Call Test Case 'Test Cases/Reusable_Test_Sequences/CAT_Verification' successfully

2019-12-10 08:34:10 - [TEST_STEP][PASSED] - "--------------------------": null

2019-12-10 08:34:10 - [TEST_STEP][PASSED] - " Teardown - CLose Browser |": null

2019-12-10 08:34:10 - [TEST_STEP][PASSED] - callTestCase(findTestCase("Reusable_Test_Sequences/CAT_Teardown"), [:], OPTIONAL): Call Test Case 'Test Cases/Reusable_Test_Sequences/CAT_Teardown' successfully

2019-12-10 08:34:10 - [TEST_CASE][PASSED] - Test Cases/Reusable_Test_Sequences/CAT_Teardown: Test Cases/Reusable_Test_Sequences/CAT_Teardown

2019-12-10 08:34:10 - [TEST_STEP][PASSED] - closeBrowser(): Browser is closed

2019-12-10 08:34:11 - [MESSAGE][PASSED] - Browser is closed

2019-12-10 08:34:11 - [MESSAGE][PASSED] - Call Test Case 'Test Cases/Reusable_Test_Sequences/CAT_Teardown' successfully

2019-12-10 08:34:11 - [TEST_STEP][PASSED] - callTestCase(findTestCase("Reusable_Test_Sequences/CAT_Setup"), [:], OPTIONAL): Call Test Case 'Test Cases/Reusable_Test_Sequences/CAT_Setup' successfully

2019-12-10 08:34:12 - [TEST_CASE][PASSED] - Test Cases/Reusable_Test_Sequences/CAT_Setup: Test Cases/Reusable_Test_Sequences/CAT_Setup

2019-12-10 08:34:12 - [TEST_STEP][PASSED] - "URL - Set from the ENVIRONMENT PROFILE ": null

2019-12-10 08:34:12 - [TEST_STEP][PASSED] - openBrowser(URL): Browser is opened with url: 'https://www.preview.checkatrade.com/'

2019-12-10 08:34:12 - [MESSAGE][INFO] - Starting 'Chrome' driver

2019-12-10 08:34:24 - [MESSAGE][PASSED] - Browser is opened with url: 'https://www.preview.checkatrade.com/'

2019-12-10 08:34:24 - [TEST_STEP][PASSED] - maximizeWindow(): Current window maximized

2019-12-10 08:34:29 - [MESSAGE][PASSED] - Current window maximized

2019-12-10 08:34:29 - [TEST_STEP][PASSED] - waitForPageLoad(60): Wait for page load successfully

2019-12-10 08:34:29 - [MESSAGE][PASSED] - Wait for page load successfully

2019-12-10 08:34:29 - [TEST_STEP][PASSED] - "COOKIE - ORIGINAL": null

2019-12-10 08:34:29 - [TEST_STEP][PASSED] - try: Text 'For further information and to manage your cookie preferences, view Checkatrade's cookie policy' is not present on page

2019-12-10 08:34:29 - [TEST_STEP][PASSED] - verifyElementPresent(findTestObject("Object Repository/New_Home/Page_Checkatrade Find a tradesperson you can trust/div_Close"), 1, OPTIONAL): Object 'Object Repository/New_Home/Page_Checkatrade Find a tradesperson you can trust/div_Close' is present

2019-12-10 08:34:29 - [MESSAGE][PASSED] - Object 'Object Repository/New_Home/Page_Checkatrade Find a tradesperson you can trust/div_Close' is present

2019-12-10 08:34:29 - [TEST_STEP][PASSED] - click(findTestObject("Object Repository/New_Home/Page_Checkatrade Find a tradesperson you can trust/div_Close")): Object: 'Object Repository/New_Home/Page_Checkatrade Find a tradesperson you can trust/div_Close' is clicked on

2019-12-10 08:34:29 - [MESSAGE][PASSED] - Object: 'Object Repository/New_Home/Page_Checkatrade Find a tradesperson you can trust/div_Close' is clicked on

2019-12-10 08:34:29 - [TEST_STEP][PASSED] - "---------------------------------": null

2019-12-10 08:34:29 - [TEST_STEP][PASSED] - "COOKIE POPOUT REMOVED - Confirmed": null

2019-12-10 08:34:29 - [TEST_STEP][PASSED] - delay(1): Delayed 1 second(s)

2019-12-10 08:34:30 - [MESSAGE][PASSED] - Delayed 1 second(s)

2019-12-10 08:34:30 - [TEST_STEP][PASSED] - verifyTextNotPresent("Checkatrade.com uses cookies to make sure you get the best browsing experience", false): Text 'Checkatrade.com uses cookies to make sure you get the best browsing experience' is not present on page

2019-12-10 08:34:30 - [MESSAGE][PASSED] - Text 'Checkatrade.com uses cookies to make sure you get the best browsing experience' is not present on page

2019-12-10 08:34:30 - [TEST_STEP][PASSED] - verifyTextNotPresent("By continuing to use this website you are consenting to our use of cookies", false): Text 'By continuing to use this website you are consenting to our use of cookies' is not present on page

2019-12-10 08:34:30 - [MESSAGE][PASSED] - Text 'By continuing to use this website you are consenting to our use of cookies' is not present on page

2019-12-10 08:34:30 - [TEST_STEP][PASSED] - verifyTextNotPresent("For further information and to manage your cookie preferences, view Checkatrade's cookie policy", false): Text 'For further information and to manage your cookie preferences, view Checkatrade's cookie policy' is not present on page

2019-12-10 08:34:31 - [MESSAGE][PASSED] - Text 'For further information and to manage your cookie preferences, view Checkatrade's cookie policy' is not present on page

2019-12-10 08:34:31 - [MESSAGE][PASSED] - Call Test Case 'Test Cases/Reusable_Test_Sequences/CAT_Setup' successfully

2019-12-10 08:34:31 - [TEST_STEP][PASSED] - "---------------------------------------": null

2019-12-10 08:34:31 - [TEST_STEP][PASSED] - " Set and SEARCH TRADE CLASSIFICATION   |": null

2019-12-10 08:34:31 - [TEST_STEP][PASSED] - callTestCase(findTestCase("Reusable_Test_Sequences/CAT_Enter_Trade_Classification"), [:], CONTINUE_ON_FAILURE): Call Test Case 'Test Cases/Reusable_Test_Sequences/CAT_Enter_Trade_Classification' successfully

2019-12-10 08:34:31 - [TEST_CASE][PASSED] - Test Cases/Reusable_Test_Sequences/CAT_Enter_Trade_Classification: Test Cases/Reusable_Test_Sequences/CAT_Enter_Trade_Classification

2019-12-10 08:34:31 - [TEST_STEP][PASSED] - "---------------------------------": null

2019-12-10 08:34:31 - [TEST_STEP][PASSED] - "Set and SEARCH SELECTED TRADE": null

2019-12-10 08:34:31 - [TEST_STEP][PASSED] - click(findTestObject("Object Repository/Checkatrade_Trade_Search_Page/Page_Checkatrade Find a tradesperson you can trust/input_Search_Button_FF")): Object: 'Object Repository/Checkatrade_Trade_Search_Page/Page_Checkatrade Find a tradesperson you can trust/input_Search_Button_FF' is clicked on

2019-12-10 08:34:31 - [MESSAGE][PASSED] - Object: 'Object Repository/Checkatrade_Trade_Search_Page/Page_Checkatrade Find a tradesperson you can trust/input_Search_Button_FF' is clicked on

2019-12-10 08:34:31 - [TEST_STEP][PASSED] - setText(findTestObject("Object Repository/Checkatrade_Trade_Search_Page/Page_Checkatrade Find a tradesperson you can trust/input_Search_Button_FF"), findTestData("searchTestData").getValue("tradeClassification", row)): Text 'Electrician' is set on object 'Object Repository/Checkatrade_Trade_Search_Page/Page_Checkatrade Find a tradesperson you can trust/input_Search_Button_FF'

2019-12-10 08:34:31 - [MESSAGE][PASSED] - Text 'Electrician' is set on object 'Object Repository/Checkatrade_Trade_Search_Page/Page_Checkatrade Find a tradesperson you can trust/input_Search_Button_FF'

2019-12-10 08:34:31 - [MESSAGE][PASSED] - Call Test Case 'Test Cases/Reusable_Test_Sequences/CAT_Enter_Trade_Classification' successfully

2019-12-10 08:34:31 - [TEST_STEP][PASSED] - "---------------------------------------": null

2019-12-10 08:34:31 - [TEST_STEP][PASSED] - " Set and SEARCH TRADE LOCATION         |": null

2019-12-10 08:34:31 - [TEST_STEP][PASSED] - callTestCase(findTestCase("Reusable_Test_Sequences/CAT_Enter_Trade_Location"), [:], CONTINUE_ON_FAILURE): Call Test Case 'Test Cases/Reusable_Test_Sequences/CAT_Enter_Trade_Location' successfully

2019-12-10 08:34:31 - [TEST_CASE][PASSED] - Test Cases/Reusable_Test_Sequences/CAT_Enter_Trade_Location: Test Cases/Reusable_Test_Sequences/CAT_Enter_Trade_Location

2019-12-10 08:34:31 - [TEST_STEP][PASSED] - "---------------------------------": null

2019-12-10 08:34:31 - [TEST_STEP][PASSED] - "Set and SEARCH SELECTED LOCATION |": null

2019-12-10 08:34:31 - [TEST_STEP][PASSED] - click(findTestObject("Object Repository/Checkatrade_Trade_Search_Page/Page_Checkatrade Find a tradesperson you can trust/input_Not here_location")): Object: 'Object Repository/Checkatrade_Trade_Search_Page/Page_Checkatrade Find a tradesperson you can trust/input_Not here_location' is clicked on

2019-12-10 08:34:32 - [MESSAGE][PASSED] - Object: 'Object Repository/Checkatrade_Trade_Search_Page/Page_Checkatrade Find a tradesperson you can trust/input_Not here_location' is clicked on

2019-12-10 08:34:32 - [TEST_STEP][PASSED] - setText(findTestObject("Object Repository/Checkatrade_Trade_Search_Page/Page_Checkatrade Find a tradesperson you can trust/input_Not here_location"), findTestData("searchTestData").getValue("tradeLocation", row)): Text 'Orkney' is set on object 'Object Repository/Checkatrade_Trade_Search_Page/Page_Checkatrade Find a tradesperson you can trust/input_Not here_location'

2019-12-10 08:34:32 - [MESSAGE][PASSED] - Text 'Orkney' is set on object 'Object Repository/Checkatrade_Trade_Search_Page/Page_Checkatrade Find a tradesperson you can trust/input_Not here_location'

2019-12-10 08:34:32 - [MESSAGE][PASSED] - Call Test Case 'Test Cases/Reusable_Test_Sequences/CAT_Enter_Trade_Location' successfully

2019-12-10 08:34:32 - [TEST_STEP][PASSED] - "---------------------------------------": null

2019-12-10 08:34:32 - [TEST_STEP][PASSED] - " Scroll Search Button into View        |": null

2019-12-10 08:34:32 - [TEST_STEP][PASSED] - "---------------------------------------": null

2019-12-10 08:34:32 - [TEST_STEP][PASSED] - "---------------------------------------": null

2019-12-10 08:34:32 - [TEST_STEP][PASSED] - " Hit Search Button                     |": null

2019-12-10 08:34:32 - [TEST_STEP][PASSED] - callTestCase(findTestCase("Reusable_Test_Sequences/CAT_Hit_Search_Button"), [:], CONTINUE_ON_FAILURE): Call Test Case 'Test Cases/Reusable_Test_Sequences/CAT_Hit_Search_Button' successfully

2019-12-10 08:34:32 - [TEST_CASE][PASSED] - Test Cases/Reusable_Test_Sequences/CAT_Hit_Search_Button: Test Cases/Reusable_Test_Sequences/CAT_Hit_Search_Button

2019-12-10 08:34:32 - [TEST_STEP][PASSED] - "---------------------------------": null

2019-12-10 08:34:32 - [TEST_STEP][PASSED] - "HIT SEARCH": null

2019-12-10 08:34:32 - [TEST_STEP][PASSED] - "---------------------------------": null

2019-12-10 08:34:32 - [TEST_STEP][PASSED] - waitForElementClickable(findTestObject("Object Repository/Checkatrade_Trade_Search_Page/Page_Checkatrade Find a tradesperson you can trust/Page_Checkatrade Find a tradesperson you can trust/a_Search"), 25): Object 'Object Repository/Checkatrade_Trade_Search_Page/Page_Checkatrade Find a tradesperson you can trust/Page_Checkatrade Find a tradesperson you can trust/a_Search' is clickable

2019-12-10 08:34:32 - [MESSAGE][PASSED] - Object 'Object Repository/Checkatrade_Trade_Search_Page/Page_Checkatrade Find a tradesperson you can trust/Page_Checkatrade Find a tradesperson you can trust/a_Search' is clickable

2019-12-10 08:34:32 - [TEST_STEP][PASSED] - click(findTestObject("Object Repository/Checkatrade_Trade_Search_Page/Page_Checkatrade Find a tradesperson you can trust/Page_Checkatrade Find a tradesperson you can trust/a_Search")): Object: 'Object Repository/Checkatrade_Trade_Search_Page/Page_Checkatrade Find a tradesperson you can trust/Page_Checkatrade Find a tradesperson you can trust/a_Search' is clicked on

2019-12-10 08:34:37 - [MESSAGE][PASSED] - Object: 'Object Repository/Checkatrade_Trade_Search_Page/Page_Checkatrade Find a tradesperson you can trust/Page_Checkatrade Find a tradesperson you can trust/a_Search' is clicked on

2019-12-10 08:34:37 - [MESSAGE][PASSED] - Call Test Case 'Test Cases/Reusable_Test_Sequences/CAT_Hit_Search_Button' successfully

2019-12-10 08:34:37 - [TEST_STEP][PASSED] - "---------------------------------------": null

2019-12-10 08:34:37 - [TEST_STEP][PASSED] - " Verify Returned Page is as Expected   |": null

2019-12-10 08:34:37 - [TEST_STEP][PASSED] - callTestCase(findTestCase("Reusable_Test_Sequences/CAT_Verification"), [:], CONTINUE_ON_FAILURE): Call Test Case 'Test Cases/Reusable_Test_Sequences/CAT_Verification' successfully

2019-12-10 08:34:38 - [TEST_CASE][PASSED] - Test Cases/Reusable_Test_Sequences/CAT_Verification: Test Cases/Reusable_Test_Sequences/CAT_Verification

2019-12-10 08:34:38 - [TEST_STEP][PASSED] - "Updated 05/12/2019 due to wholesale Home page changes": null

2019-12-10 08:34:38 - [TEST_STEP][PASSED] - "Expected cantantenated text is Returned": null

2019-12-10 08:34:38 - [TEST_STEP][PASSED] - waitForPageLoad(60): Wait for page load successfully

2019-12-10 08:34:38 - [MESSAGE][PASSED] - Wait for page load successfully

2019-12-10 08:34:38 - [TEST_STEP][PASSED] - verifyTextPresent(findTestData("searchTestData").getValue("tradeClassification", row), false): Text 'Electrician' is present on page 

2019-12-10 08:34:38 - [MESSAGE][PASSED] - Text 'Electrician' is present on page 

2019-12-10 08:34:38 - [TEST_STEP][PASSED] - verifyTextPresent(findTestData("searchTestData").getValue("tradeLocation", row), false): Text 'Orkney' is present on page 

2019-12-10 08:34:39 - [MESSAGE][PASSED] - Text 'Orkney' is present on page 

2019-12-10 08:34:39 - [MESSAGE][PASSED] - Call Test Case 'Test Cases/Reusable_Test_Sequences/CAT_Verification' successfully

2019-12-10 08:34:39 - [TEST_STEP][PASSED] - "--------------------------": null

2019-12-10 08:34:39 - [TEST_STEP][PASSED] - " Teardown - CLose Browser |": null

2019-12-10 08:34:39 - [TEST_STEP][PASSED] - callTestCase(findTestCase("Reusable_Test_Sequences/CAT_Teardown"), [:], OPTIONAL): Call Test Case 'Test Cases/Reusable_Test_Sequences/CAT_Teardown' successfully

2019-12-10 08:34:39 - [TEST_CASE][PASSED] - Test Cases/Reusable_Test_Sequences/CAT_Teardown: Test Cases/Reusable_Test_Sequences/CAT_Teardown

2019-12-10 08:34:39 - [TEST_STEP][PASSED] - closeBrowser(): Browser is closed

2019-12-10 08:34:40 - [MESSAGE][PASSED] - Browser is closed

2019-12-10 08:34:40 - [MESSAGE][PASSED] - Call Test Case 'Test Cases/Reusable_Test_Sequences/CAT_Teardown' successfully

2019-12-10 08:34:40 - [TEST_STEP][PASSED] - callTestCase(findTestCase("Reusable_Test_Sequences/CAT_Setup"), [:], OPTIONAL): Call Test Case 'Test Cases/Reusable_Test_Sequences/CAT_Setup' successfully

2019-12-10 08:34:40 - [TEST_CASE][PASSED] - Test Cases/Reusable_Test_Sequences/CAT_Setup: Test Cases/Reusable_Test_Sequences/CAT_Setup

2019-12-10 08:34:40 - [TEST_STEP][PASSED] - "URL - Set from the ENVIRONMENT PROFILE ": null

2019-12-10 08:34:40 - [TEST_STEP][PASSED] - openBrowser(URL): Browser is opened with url: 'https://www.preview.checkatrade.com/'

2019-12-10 08:34:40 - [MESSAGE][INFO] - Starting 'Chrome' driver

2019-12-10 08:34:51 - [MESSAGE][PASSED] - Browser is opened with url: 'https://www.preview.checkatrade.com/'

2019-12-10 08:34:51 - [TEST_STEP][PASSED] - maximizeWindow(): Current window maximized

2019-12-10 08:34:56 - [MESSAGE][PASSED] - Current window maximized

2019-12-10 08:34:56 - [TEST_STEP][PASSED] - waitForPageLoad(60): Wait for page load successfully

2019-12-10 08:34:56 - [MESSAGE][PASSED] - Wait for page load successfully

2019-12-10 08:34:56 - [TEST_STEP][PASSED] - "COOKIE - ORIGINAL": null

2019-12-10 08:34:56 - [TEST_STEP][PASSED] - try: Text 'For further information and to manage your cookie preferences, view Checkatrade's cookie policy' is not present on page

2019-12-10 08:34:56 - [TEST_STEP][PASSED] - verifyElementPresent(findTestObject("Object Repository/New_Home/Page_Checkatrade Find a tradesperson you can trust/div_Close"), 1, OPTIONAL): Object 'Object Repository/New_Home/Page_Checkatrade Find a tradesperson you can trust/div_Close' is present

2019-12-10 08:34:56 - [MESSAGE][PASSED] - Object 'Object Repository/New_Home/Page_Checkatrade Find a tradesperson you can trust/div_Close' is present

2019-12-10 08:34:56 - [TEST_STEP][PASSED] - click(findTestObject("Object Repository/New_Home/Page_Checkatrade Find a tradesperson you can trust/div_Close")): Object: 'Object Repository/New_Home/Page_Checkatrade Find a tradesperson you can trust/div_Close' is clicked on

2019-12-10 08:34:56 - [MESSAGE][PASSED] - Object: 'Object Repository/New_Home/Page_Checkatrade Find a tradesperson you can trust/div_Close' is clicked on

2019-12-10 08:34:56 - [TEST_STEP][PASSED] - "---------------------------------": null

2019-12-10 08:34:56 - [TEST_STEP][PASSED] - "COOKIE POPOUT REMOVED - Confirmed": null

2019-12-10 08:34:56 - [TEST_STEP][PASSED] - delay(1): Delayed 1 second(s)

2019-12-10 08:34:57 - [MESSAGE][PASSED] - Delayed 1 second(s)

2019-12-10 08:34:57 - [TEST_STEP][PASSED] - verifyTextNotPresent("Checkatrade.com uses cookies to make sure you get the best browsing experience", false): Text 'Checkatrade.com uses cookies to make sure you get the best browsing experience' is not present on page

2019-12-10 08:34:57 - [MESSAGE][PASSED] - Text 'Checkatrade.com uses cookies to make sure you get the best browsing experience' is not present on page

2019-12-10 08:34:57 - [TEST_STEP][PASSED] - verifyTextNotPresent("By continuing to use this website you are consenting to our use of cookies", false): Text 'By continuing to use this website you are consenting to our use of cookies' is not present on page

2019-12-10 08:34:57 - [MESSAGE][PASSED] - Text 'By continuing to use this website you are consenting to our use of cookies' is not present on page

2019-12-10 08:34:57 - [TEST_STEP][PASSED] - verifyTextNotPresent("For further information and to manage your cookie preferences, view Checkatrade's cookie policy", false): Text 'For further information and to manage your cookie preferences, view Checkatrade's cookie policy' is not present on page

2019-12-10 08:34:57 - [MESSAGE][PASSED] - Text 'For further information and to manage your cookie preferences, view Checkatrade's cookie policy' is not present on page

2019-12-10 08:34:57 - [MESSAGE][PASSED] - Call Test Case 'Test Cases/Reusable_Test_Sequences/CAT_Setup' successfully

2019-12-10 08:34:57 - [TEST_STEP][PASSED] - "---------------------------------------": null

2019-12-10 08:34:57 - [TEST_STEP][PASSED] - " Set and SEARCH TRADE CLASSIFICATION   |": null

2019-12-10 08:34:57 - [TEST_STEP][PASSED] - callTestCase(findTestCase("Reusable_Test_Sequences/CAT_Enter_Trade_Classification"), [:], CONTINUE_ON_FAILURE): Call Test Case 'Test Cases/Reusable_Test_Sequences/CAT_Enter_Trade_Classification' successfully

2019-12-10 08:34:57 - [TEST_CASE][PASSED] - Test Cases/Reusable_Test_Sequences/CAT_Enter_Trade_Classification: Test Cases/Reusable_Test_Sequences/CAT_Enter_Trade_Classification

2019-12-10 08:34:57 - [TEST_STEP][PASSED] - "---------------------------------": null

2019-12-10 08:34:57 - [TEST_STEP][PASSED] - "Set and SEARCH SELECTED TRADE": null

2019-12-10 08:34:57 - [TEST_STEP][PASSED] - click(findTestObject("Object Repository/Checkatrade_Trade_Search_Page/Page_Checkatrade Find a tradesperson you can trust/input_Search_Button_FF")): Object: 'Object Repository/Checkatrade_Trade_Search_Page/Page_Checkatrade Find a tradesperson you can trust/input_Search_Button_FF' is clicked on

2019-12-10 08:34:58 - [MESSAGE][PASSED] - Object: 'Object Repository/Checkatrade_Trade_Search_Page/Page_Checkatrade Find a tradesperson you can trust/input_Search_Button_FF' is clicked on

2019-12-10 08:34:58 - [TEST_STEP][PASSED] - setText(findTestObject("Object Repository/Checkatrade_Trade_Search_Page/Page_Checkatrade Find a tradesperson you can trust/input_Search_Button_FF"), findTestData("searchTestData").getValue("tradeClassification", row)): Text 'Diagnostic Testing' is set on object 'Object Repository/Checkatrade_Trade_Search_Page/Page_Checkatrade Find a tradesperson you can trust/input_Search_Button_FF'

2019-12-10 08:34:58 - [MESSAGE][PASSED] - Text 'Diagnostic Testing' is set on object 'Object Repository/Checkatrade_Trade_Search_Page/Page_Checkatrade Find a tradesperson you can trust/input_Search_Button_FF'

2019-12-10 08:34:58 - [MESSAGE][PASSED] - Call Test Case 'Test Cases/Reusable_Test_Sequences/CAT_Enter_Trade_Classification' successfully

2019-12-10 08:34:58 - [TEST_STEP][PASSED] - "---------------------------------------": null

2019-12-10 08:34:58 - [TEST_STEP][PASSED] - " Set and SEARCH TRADE LOCATION         |": null

2019-12-10 08:34:58 - [TEST_STEP][PASSED] - callTestCase(findTestCase("Reusable_Test_Sequences/CAT_Enter_Trade_Location"), [:], CONTINUE_ON_FAILURE): Call Test Case 'Test Cases/Reusable_Test_Sequences/CAT_Enter_Trade_Location' successfully

2019-12-10 08:34:58 - [TEST_CASE][PASSED] - Test Cases/Reusable_Test_Sequences/CAT_Enter_Trade_Location: Test Cases/Reusable_Test_Sequences/CAT_Enter_Trade_Location

2019-12-10 08:34:58 - [TEST_STEP][PASSED] - "---------------------------------": null

2019-12-10 08:34:58 - [TEST_STEP][PASSED] - "Set and SEARCH SELECTED LOCATION |": null

2019-12-10 08:34:58 - [TEST_STEP][PASSED] - click(findTestObject("Object Repository/Checkatrade_Trade_Search_Page/Page_Checkatrade Find a tradesperson you can trust/input_Not here_location")): Object: 'Object Repository/Checkatrade_Trade_Search_Page/Page_Checkatrade Find a tradesperson you can trust/input_Not here_location' is clicked on

2019-12-10 08:34:59 - [MESSAGE][PASSED] - Object: 'Object Repository/Checkatrade_Trade_Search_Page/Page_Checkatrade Find a tradesperson you can trust/input_Not here_location' is clicked on

2019-12-10 08:34:59 - [TEST_STEP][PASSED] - setText(findTestObject("Object Repository/Checkatrade_Trade_Search_Page/Page_Checkatrade Find a tradesperson you can trust/input_Not here_location"), findTestData("searchTestData").getValue("tradeLocation", row)): Text 'Angmering' is set on object 'Object Repository/Checkatrade_Trade_Search_Page/Page_Checkatrade Find a tradesperson you can trust/input_Not here_location'

2019-12-10 08:34:59 - [MESSAGE][PASSED] - Text 'Angmering' is set on object 'Object Repository/Checkatrade_Trade_Search_Page/Page_Checkatrade Find a tradesperson you can trust/input_Not here_location'

2019-12-10 08:34:59 - [MESSAGE][PASSED] - Call Test Case 'Test Cases/Reusable_Test_Sequences/CAT_Enter_Trade_Location' successfully

2019-12-10 08:34:59 - [TEST_STEP][PASSED] - "---------------------------------------": null

2019-12-10 08:34:59 - [TEST_STEP][PASSED] - " Scroll Search Button into View        |": null

2019-12-10 08:34:59 - [TEST_STEP][PASSED] - "---------------------------------------": null

2019-12-10 08:34:59 - [TEST_STEP][PASSED] - "---------------------------------------": null

2019-12-10 08:34:59 - [TEST_STEP][PASSED] - " Hit Search Button                     |": null

2019-12-10 08:34:59 - [TEST_STEP][PASSED] - callTestCase(findTestCase("Reusable_Test_Sequences/CAT_Hit_Search_Button"), [:], CONTINUE_ON_FAILURE): Call Test Case 'Test Cases/Reusable_Test_Sequences/CAT_Hit_Search_Button' successfully

2019-12-10 08:34:59 - [TEST_CASE][PASSED] - Test Cases/Reusable_Test_Sequences/CAT_Hit_Search_Button: Test Cases/Reusable_Test_Sequences/CAT_Hit_Search_Button

2019-12-10 08:34:59 - [TEST_STEP][PASSED] - "---------------------------------": null

2019-12-10 08:34:59 - [TEST_STEP][PASSED] - "HIT SEARCH": null

2019-12-10 08:34:59 - [TEST_STEP][PASSED] - "---------------------------------": null

2019-12-10 08:34:59 - [TEST_STEP][PASSED] - waitForElementClickable(findTestObject("Object Repository/Checkatrade_Trade_Search_Page/Page_Checkatrade Find a tradesperson you can trust/Page_Checkatrade Find a tradesperson you can trust/a_Search"), 25): Object 'Object Repository/Checkatrade_Trade_Search_Page/Page_Checkatrade Find a tradesperson you can trust/Page_Checkatrade Find a tradesperson you can trust/a_Search' is clickable

2019-12-10 08:34:59 - [MESSAGE][PASSED] - Object 'Object Repository/Checkatrade_Trade_Search_Page/Page_Checkatrade Find a tradesperson you can trust/Page_Checkatrade Find a tradesperson you can trust/a_Search' is clickable

2019-12-10 08:34:59 - [TEST_STEP][PASSED] - click(findTestObject("Object Repository/Checkatrade_Trade_Search_Page/Page_Checkatrade Find a tradesperson you can trust/Page_Checkatrade Find a tradesperson you can trust/a_Search")): Object: 'Object Repository/Checkatrade_Trade_Search_Page/Page_Checkatrade Find a tradesperson you can trust/Page_Checkatrade Find a tradesperson you can trust/a_Search' is clicked on

2019-12-10 08:35:04 - [MESSAGE][PASSED] - Object: 'Object Repository/Checkatrade_Trade_Search_Page/Page_Checkatrade Find a tradesperson you can trust/Page_Checkatrade Find a tradesperson you can trust/a_Search' is clicked on

2019-12-10 08:35:04 - [MESSAGE][PASSED] - Call Test Case 'Test Cases/Reusable_Test_Sequences/CAT_Hit_Search_Button' successfully

2019-12-10 08:35:04 - [TEST_STEP][PASSED] - "---------------------------------------": null

2019-12-10 08:35:04 - [TEST_STEP][PASSED] - " Verify Returned Page is as Expected   |": null

2019-12-10 08:35:04 - [TEST_STEP][PASSED] - callTestCase(findTestCase("Reusable_Test_Sequences/CAT_Verification"), [:], CONTINUE_ON_FAILURE): Call Test Case 'Test Cases/Reusable_Test_Sequences/CAT_Verification' successfully

2019-12-10 08:35:04 - [TEST_CASE][PASSED] - Test Cases/Reusable_Test_Sequences/CAT_Verification: Test Cases/Reusable_Test_Sequences/CAT_Verification

2019-12-10 08:35:04 - [TEST_STEP][PASSED] - "Updated 05/12/2019 due to wholesale Home page changes": null

2019-12-10 08:35:04 - [TEST_STEP][PASSED] - "Expected cantantenated text is Returned": null

2019-12-10 08:35:04 - [TEST_STEP][PASSED] - waitForPageLoad(60): Wait for page load successfully

2019-12-10 08:35:04 - [MESSAGE][PASSED] - Wait for page load successfully

2019-12-10 08:35:04 - [TEST_STEP][PASSED] - verifyTextPresent(findTestData("searchTestData").getValue("tradeClassification", row), false): Text 'Diagnostic Testing' is present on page 

2019-12-10 08:35:04 - [MESSAGE][PASSED] - Text 'Diagnostic Testing' is present on page 

2019-12-10 08:35:04 - [TEST_STEP][PASSED] - verifyTextPresent(findTestData("searchTestData").getValue("tradeLocation", row), false): Text 'Angmering' is present on page 

2019-12-10 08:35:05 - [MESSAGE][PASSED] - Text 'Angmering' is present on page 

2019-12-10 08:35:05 - [MESSAGE][PASSED] - Call Test Case 'Test Cases/Reusable_Test_Sequences/CAT_Verification' successfully

2019-12-10 08:35:05 - [TEST_STEP][PASSED] - "--------------------------": null

2019-12-10 08:35:05 - [TEST_STEP][PASSED] - " Teardown - CLose Browser |": null

2019-12-10 08:35:05 - [TEST_STEP][PASSED] - callTestCase(findTestCase("Reusable_Test_Sequences/CAT_Teardown"), [:], OPTIONAL): Call Test Case 'Test Cases/Reusable_Test_Sequences/CAT_Teardown' successfully

2019-12-10 08:35:05 - [TEST_CASE][PASSED] - Test Cases/Reusable_Test_Sequences/CAT_Teardown: Test Cases/Reusable_Test_Sequences/CAT_Teardown

2019-12-10 08:35:05 - [TEST_STEP][PASSED] - closeBrowser(): Browser is closed

2019-12-10 08:35:06 - [MESSAGE][PASSED] - Browser is closed

2019-12-10 08:35:06 - [MESSAGE][PASSED] - Call Test Case 'Test Cases/Reusable_Test_Sequences/CAT_Teardown' successfully

2019-12-10 08:35:06 - [TEST_STEP][PASSED] - callTestCase(findTestCase("Reusable_Test_Sequences/CAT_Setup"), [:], OPTIONAL): Call Test Case 'Test Cases/Reusable_Test_Sequences/CAT_Setup' successfully

2019-12-10 08:35:06 - [TEST_CASE][PASSED] - Test Cases/Reusable_Test_Sequences/CAT_Setup: Test Cases/Reusable_Test_Sequences/CAT_Setup

2019-12-10 08:35:06 - [TEST_STEP][PASSED] - "URL - Set from the ENVIRONMENT PROFILE ": null

2019-12-10 08:35:06 - [TEST_STEP][PASSED] - openBrowser(URL): Browser is opened with url: 'https://www.preview.checkatrade.com/'

2019-12-10 08:35:06 - [MESSAGE][INFO] - Starting 'Chrome' driver

2019-12-10 08:35:21 - [MESSAGE][PASSED] - Browser is opened with url: 'https://www.preview.checkatrade.com/'

2019-12-10 08:35:21 - [TEST_STEP][PASSED] - maximizeWindow(): Current window maximized

2019-12-10 08:35:26 - [MESSAGE][PASSED] - Current window maximized

2019-12-10 08:35:26 - [TEST_STEP][PASSED] - waitForPageLoad(60): Wait for page load successfully

2019-12-10 08:35:26 - [MESSAGE][PASSED] - Wait for page load successfully

2019-12-10 08:35:26 - [TEST_STEP][PASSED] - "COOKIE - ORIGINAL": null

2019-12-10 08:35:26 - [TEST_STEP][PASSED] - try: Text 'For further information and to manage your cookie preferences, view Checkatrade's cookie policy' is not present on page

2019-12-10 08:35:26 - [TEST_STEP][PASSED] - verifyElementPresent(findTestObject("Object Repository/New_Home/Page_Checkatrade Find a tradesperson you can trust/div_Close"), 1, OPTIONAL): Object 'Object Repository/New_Home/Page_Checkatrade Find a tradesperson you can trust/div_Close' is present

2019-12-10 08:35:26 - [MESSAGE][PASSED] - Object 'Object Repository/New_Home/Page_Checkatrade Find a tradesperson you can trust/div_Close' is present

2019-12-10 08:35:26 - [TEST_STEP][PASSED] - click(findTestObject("Object Repository/New_Home/Page_Checkatrade Find a tradesperson you can trust/div_Close")): Object: 'Object Repository/New_Home/Page_Checkatrade Find a tradesperson you can trust/div_Close' is clicked on

2019-12-10 08:35:26 - [MESSAGE][PASSED] - Object: 'Object Repository/New_Home/Page_Checkatrade Find a tradesperson you can trust/div_Close' is clicked on

2019-12-10 08:35:26 - [TEST_STEP][PASSED] - "---------------------------------": null

2019-12-10 08:35:26 - [TEST_STEP][PASSED] - "COOKIE POPOUT REMOVED - Confirmed": null

2019-12-10 08:35:26 - [TEST_STEP][PASSED] - delay(1): Delayed 1 second(s)

2019-12-10 08:35:27 - [MESSAGE][PASSED] - Delayed 1 second(s)

2019-12-10 08:35:27 - [TEST_STEP][PASSED] - verifyTextNotPresent("Checkatrade.com uses cookies to make sure you get the best browsing experience", false): Text 'Checkatrade.com uses cookies to make sure you get the best browsing experience' is not present on page

2019-12-10 08:35:27 - [MESSAGE][PASSED] - Text 'Checkatrade.com uses cookies to make sure you get the best browsing experience' is not present on page

2019-12-10 08:35:27 - [TEST_STEP][PASSED] - verifyTextNotPresent("By continuing to use this website you are consenting to our use of cookies", false): Text 'By continuing to use this website you are consenting to our use of cookies' is not present on page

2019-12-10 08:35:27 - [MESSAGE][PASSED] - Text 'By continuing to use this website you are consenting to our use of cookies' is not present on page

2019-12-10 08:35:27 - [TEST_STEP][PASSED] - verifyTextNotPresent("For further information and to manage your cookie preferences, view Checkatrade's cookie policy", false): Text 'For further information and to manage your cookie preferences, view Checkatrade's cookie policy' is not present on page

2019-12-10 08:35:27 - [MESSAGE][PASSED] - Text 'For further information and to manage your cookie preferences, view Checkatrade's cookie policy' is not present on page

2019-12-10 08:35:27 - [MESSAGE][PASSED] - Call Test Case 'Test Cases/Reusable_Test_Sequences/CAT_Setup' successfully

2019-12-10 08:35:27 - [TEST_STEP][PASSED] - "---------------------------------------": null

2019-12-10 08:35:27 - [TEST_STEP][PASSED] - " Set and SEARCH TRADE CLASSIFICATION   |": null

2019-12-10 08:35:27 - [TEST_STEP][PASSED] - callTestCase(findTestCase("Reusable_Test_Sequences/CAT_Enter_Trade_Classification"), [:], CONTINUE_ON_FAILURE): Call Test Case 'Test Cases/Reusable_Test_Sequences/CAT_Enter_Trade_Classification' successfully

2019-12-10 08:35:27 - [TEST_CASE][PASSED] - Test Cases/Reusable_Test_Sequences/CAT_Enter_Trade_Classification: Test Cases/Reusable_Test_Sequences/CAT_Enter_Trade_Classification

2019-12-10 08:35:27 - [TEST_STEP][PASSED] - "---------------------------------": null

2019-12-10 08:35:27 - [TEST_STEP][PASSED] - "Set and SEARCH SELECTED TRADE": null

2019-12-10 08:35:27 - [TEST_STEP][PASSED] - click(findTestObject("Object Repository/Checkatrade_Trade_Search_Page/Page_Checkatrade Find a tradesperson you can trust/input_Search_Button_FF")): Object: 'Object Repository/Checkatrade_Trade_Search_Page/Page_Checkatrade Find a tradesperson you can trust/input_Search_Button_FF' is clicked on

2019-12-10 08:35:28 - [MESSAGE][PASSED] - Object: 'Object Repository/Checkatrade_Trade_Search_Page/Page_Checkatrade Find a tradesperson you can trust/input_Search_Button_FF' is clicked on

2019-12-10 08:35:28 - [TEST_STEP][PASSED] - setText(findTestObject("Object Repository/Checkatrade_Trade_Search_Page/Page_Checkatrade Find a tradesperson you can trust/input_Search_Button_FF"), findTestData("searchTestData").getValue("tradeClassification", row)): Text 'Garage/Vehicle Services' is set on object 'Object Repository/Checkatrade_Trade_Search_Page/Page_Checkatrade Find a tradesperson you can trust/input_Search_Button_FF'

2019-12-10 08:35:28 - [MESSAGE][PASSED] - Text 'Garage/Vehicle Services' is set on object 'Object Repository/Checkatrade_Trade_Search_Page/Page_Checkatrade Find a tradesperson you can trust/input_Search_Button_FF'

2019-12-10 08:35:28 - [MESSAGE][PASSED] - Call Test Case 'Test Cases/Reusable_Test_Sequences/CAT_Enter_Trade_Classification' successfully

2019-12-10 08:35:28 - [TEST_STEP][PASSED] - "---------------------------------------": null

2019-12-10 08:35:28 - [TEST_STEP][PASSED] - " Set and SEARCH TRADE LOCATION         |": null

2019-12-10 08:35:28 - [TEST_STEP][PASSED] - callTestCase(findTestCase("Reusable_Test_Sequences/CAT_Enter_Trade_Location"), [:], CONTINUE_ON_FAILURE): Call Test Case 'Test Cases/Reusable_Test_Sequences/CAT_Enter_Trade_Location' successfully

2019-12-10 08:35:28 - [TEST_CASE][PASSED] - Test Cases/Reusable_Test_Sequences/CAT_Enter_Trade_Location: Test Cases/Reusable_Test_Sequences/CAT_Enter_Trade_Location

2019-12-10 08:35:28 - [TEST_STEP][PASSED] - "---------------------------------": null

2019-12-10 08:35:28 - [TEST_STEP][PASSED] - "Set and SEARCH SELECTED LOCATION |": null

2019-12-10 08:35:28 - [TEST_STEP][PASSED] - click(findTestObject("Object Repository/Checkatrade_Trade_Search_Page/Page_Checkatrade Find a tradesperson you can trust/input_Not here_location")): Object: 'Object Repository/Checkatrade_Trade_Search_Page/Page_Checkatrade Find a tradesperson you can trust/input_Not here_location' is clicked on

2019-12-10 08:35:29 - [MESSAGE][PASSED] - Object: 'Object Repository/Checkatrade_Trade_Search_Page/Page_Checkatrade Find a tradesperson you can trust/input_Not here_location' is clicked on

2019-12-10 08:35:29 - [TEST_STEP][PASSED] - setText(findTestObject("Object Repository/Checkatrade_Trade_Search_Page/Page_Checkatrade Find a tradesperson you can trust/input_Not here_location"), findTestData("searchTestData").getValue("tradeLocation", row)): Text 'Rugby' is set on object 'Object Repository/Checkatrade_Trade_Search_Page/Page_Checkatrade Find a tradesperson you can trust/input_Not here_location'

2019-12-10 08:35:29 - [MESSAGE][PASSED] - Text 'Rugby' is set on object 'Object Repository/Checkatrade_Trade_Search_Page/Page_Checkatrade Find a tradesperson you can trust/input_Not here_location'

2019-12-10 08:35:29 - [MESSAGE][PASSED] - Call Test Case 'Test Cases/Reusable_Test_Sequences/CAT_Enter_Trade_Location' successfully

2019-12-10 08:35:29 - [TEST_STEP][PASSED] - "---------------------------------------": null

2019-12-10 08:35:29 - [TEST_STEP][PASSED] - " Scroll Search Button into View        |": null

2019-12-10 08:35:29 - [TEST_STEP][PASSED] - "---------------------------------------": null

2019-12-10 08:35:29 - [TEST_STEP][PASSED] - "---------------------------------------": null

2019-12-10 08:35:29 - [TEST_STEP][PASSED] - " Hit Search Button                     |": null

2019-12-10 08:35:29 - [TEST_STEP][PASSED] - callTestCase(findTestCase("Reusable_Test_Sequences/CAT_Hit_Search_Button"), [:], CONTINUE_ON_FAILURE): Call Test Case 'Test Cases/Reusable_Test_Sequences/CAT_Hit_Search_Button' successfully

2019-12-10 08:35:29 - [TEST_CASE][PASSED] - Test Cases/Reusable_Test_Sequences/CAT_Hit_Search_Button: Test Cases/Reusable_Test_Sequences/CAT_Hit_Search_Button

2019-12-10 08:35:29 - [TEST_STEP][PASSED] - "---------------------------------": null

2019-12-10 08:35:29 - [TEST_STEP][PASSED] - "HIT SEARCH": null

2019-12-10 08:35:29 - [TEST_STEP][PASSED] - "---------------------------------": null

2019-12-10 08:35:29 - [TEST_STEP][PASSED] - waitForElementClickable(findTestObject("Object Repository/Checkatrade_Trade_Search_Page/Page_Checkatrade Find a tradesperson you can trust/Page_Checkatrade Find a tradesperson you can trust/a_Search"), 25): Object 'Object Repository/Checkatrade_Trade_Search_Page/Page_Checkatrade Find a tradesperson you can trust/Page_Checkatrade Find a tradesperson you can trust/a_Search' is clickable

2019-12-10 08:35:29 - [MESSAGE][PASSED] - Object 'Object Repository/Checkatrade_Trade_Search_Page/Page_Checkatrade Find a tradesperson you can trust/Page_Checkatrade Find a tradesperson you can trust/a_Search' is clickable

2019-12-10 08:35:29 - [TEST_STEP][PASSED] - click(findTestObject("Object Repository/Checkatrade_Trade_Search_Page/Page_Checkatrade Find a tradesperson you can trust/Page_Checkatrade Find a tradesperson you can trust/a_Search")): Object: 'Object Repository/Checkatrade_Trade_Search_Page/Page_Checkatrade Find a tradesperson you can trust/Page_Checkatrade Find a tradesperson you can trust/a_Search' is clicked on

2019-12-10 08:35:32 - [MESSAGE][PASSED] - Object: 'Object Repository/Checkatrade_Trade_Search_Page/Page_Checkatrade Find a tradesperson you can trust/Page_Checkatrade Find a tradesperson you can trust/a_Search' is clicked on

2019-12-10 08:35:32 - [MESSAGE][PASSED] - Call Test Case 'Test Cases/Reusable_Test_Sequences/CAT_Hit_Search_Button' successfully

2019-12-10 08:35:32 - [TEST_STEP][PASSED] - "---------------------------------------": null

2019-12-10 08:35:32 - [TEST_STEP][PASSED] - " Verify Returned Page is as Expected   |": null

2019-12-10 08:35:32 - [TEST_STEP][PASSED] - callTestCase(findTestCase("Reusable_Test_Sequences/CAT_Verification"), [:], CONTINUE_ON_FAILURE): Call Test Case 'Test Cases/Reusable_Test_Sequences/CAT_Verification' successfully

2019-12-10 08:35:32 - [TEST_CASE][PASSED] - Test Cases/Reusable_Test_Sequences/CAT_Verification: Test Cases/Reusable_Test_Sequences/CAT_Verification

2019-12-10 08:35:32 - [TEST_STEP][PASSED] - "Updated 05/12/2019 due to wholesale Home page changes": null

2019-12-10 08:35:32 - [TEST_STEP][PASSED] - "Expected cantantenated text is Returned": null

2019-12-10 08:35:32 - [TEST_STEP][PASSED] - waitForPageLoad(60): Wait for page load successfully

2019-12-10 08:35:32 - [MESSAGE][PASSED] - Wait for page load successfully

2019-12-10 08:35:32 - [TEST_STEP][PASSED] - verifyTextPresent(findTestData("searchTestData").getValue("tradeClassification", row), false): Text 'Garage/Vehicle Services' is present on page 

2019-12-10 08:35:33 - [MESSAGE][PASSED] - Text 'Garage/Vehicle Services' is present on page 

2019-12-10 08:35:33 - [TEST_STEP][PASSED] - verifyTextPresent(findTestData("searchTestData").getValue("tradeLocation", row), false): Text 'Rugby' is present on page 

2019-12-10 08:35:34 - [MESSAGE][PASSED] - Text 'Rugby' is present on page 

2019-12-10 08:35:34 - [MESSAGE][PASSED] - Call Test Case 'Test Cases/Reusable_Test_Sequences/CAT_Verification' successfully

2019-12-10 08:35:34 - [TEST_STEP][PASSED] - "--------------------------": null

2019-12-10 08:35:34 - [TEST_STEP][PASSED] - " Teardown - CLose Browser |": null

2019-12-10 08:35:34 - [TEST_STEP][PASSED] - callTestCase(findTestCase("Reusable_Test_Sequences/CAT_Teardown"), [:], OPTIONAL): Call Test Case 'Test Cases/Reusable_Test_Sequences/CAT_Teardown' successfully

2019-12-10 08:35:34 - [TEST_CASE][PASSED] - Test Cases/Reusable_Test_Sequences/CAT_Teardown: Test Cases/Reusable_Test_Sequences/CAT_Teardown

2019-12-10 08:35:34 - [TEST_STEP][PASSED] - closeBrowser(): Browser is closed

2019-12-10 08:35:35 - [MESSAGE][PASSED] - Browser is closed

2019-12-10 08:35:35 - [MESSAGE][PASSED] - Call Test Case 'Test Cases/Reusable_Test_Sequences/CAT_Teardown' successfully]]></system-out>
         <system-err><![CDATA[]]></system-err>
      </testcase>
      <system-out><![CDATA[2019-12-10 08:33:15 - [TEST_SUITE][PASSED] - Trade_Location_Multiple_Search: Test Cases/Checkatrade_Tradesman_Searches/Trade_Location_Search]]></system-out>
      <system-err><![CDATA[]]></system-err>
   </testsuite>
</testsuites>
