<?xml version="1.0" encoding="UTF-8"?>
<testsuites name="Trade_Location_Multiple_Search" time="169.935" tests="1" failures="0" errors="0">
   <testsuite name="Trade_Location_Multiple_Search" tests="1" failures="0" errors="0" time="169.935" timestamp="2020-01-17 08:19:25" hostname="DavidHo - VETTEDSP36RF.check.local" id="Test Suites/Trade_Location_Multiple_Search">
      <properties>
         <property name="deviceName" value=""/>
         <property name="devicePlatform" value=""/>
         <property name="logFolder" value="C:\\Users\\davidho\\Katalon Studio\\Start\\Reports\\20200117_081350\\Trade_Location_Multiple_Search\\20200117_081354"/>
         <property name="logFiles" value="C:\\Users\\davidho\\Katalon Studio\\Start\\Reports\\20200117_081350\\Trade_Location_Multiple_Search\\20200117_081354\\execution0.log"/>
         <property name="attachments" value=""/>
         <property name="hostName" value="DavidHo - VETTEDSP36RF.check.local"/>
         <property name="os" value="Windows 10 32bit"/>
         <property name="katalonVersion" value="7.1.2.1"/>
         <property name="browser" value="Chrome 79.0.3945.117"/>
         <property name="hostAddress" value="10.0.13.186"/>
         <property name="sessionId" value="f8eb80b4476eb96ee8fd9d43ef7cae6d"/>
         <property name="seleniumVersion" value="3.141.59"/>
         <property name="proxyInformation" value="ProxyInformation{proxyOption=NO_PROXY, proxyServerType=HTTP, password=, proxyServerAddress=, proxyServerPort=0, executionList=}"/>
         <property name="platform" value="Windows 10"/>
      </properties>
      <testcase name="Test Cases/Checkatrade_Tradesman_Searches/Trade_Location_Search" time="169.399" classname="Test Cases/Checkatrade_Tradesman_Searches/Trade_Location_Search" status="PASSED">
         <system-out><![CDATA[2020-01-17 08:19:25 - [TEST_CASE][PASSED] - Test Cases/Checkatrade_Tradesman_Searches/Trade_Location_Search: Test Cases/Checkatrade_Tradesman_Searches/Trade_Location_Search

2020-01-17 08:19:26 - [TEST_STEP][PASSED] - for ([row = 1, row <= findTestData("searchTestData").getRowNumbers(), (internal.GlobalVariable.row++)]): Call Test Case 'Test Cases/Reusable_Test_Sequences/CAT_Teardown' successfully

2020-01-17 08:19:29 - [TEST_STEP][PASSED] - callTestCase(findTestCase("Reusable_Test_Sequences/CAT_Setup"), [:], OPTIONAL): Call Test Case 'Test Cases/Reusable_Test_Sequences/CAT_Setup' successfully

2020-01-17 08:19:29 - [TEST_CASE][PASSED] - Test Cases/Reusable_Test_Sequences/CAT_Setup: Test Cases/Reusable_Test_Sequences/CAT_Setup

2020-01-17 08:19:29 - [TEST_STEP][PASSED] - "------------------------------": null

2020-01-17 08:19:29 - [TEST_STEP][PASSED] - " Set Mobile Device Testing    |": null

2020-01-17 08:19:29 - [TEST_STEP][PASSED] - if (Mobile_Flag == "true"): null

2020-01-17 08:19:29 - [TEST_STEP][PASSED] - "------------------------------": null

2020-01-17 08:19:29 - [TEST_STEP][PASSED] - " Set Mobile Device Testing    |": null

2020-01-17 08:19:29 - [TEST_STEP][PASSED] - "------------------------------": null

2020-01-17 08:19:29 - [TEST_STEP][PASSED] - "URL - Set from the ENVIRONMENT PROFILE ": null

2020-01-17 08:19:29 - [TEST_STEP][PASSED] - openBrowser(URL): Browser is opened with url: 'https://www.preview.checkatrade.com/'

2020-01-17 08:19:30 - [MESSAGE][INFO] - Starting 'Chrome' driver

2020-01-17 08:19:30 - [MESSAGE][INFO] - Action delay is set to 0 seconds

2020-01-17 08:19:39 - [MESSAGE][PASSED] - Browser is opened with url: 'https://www.preview.checkatrade.com/'

2020-01-17 08:19:39 - [TEST_STEP][PASSED] - maximizeWindow(): Current window maximized

2020-01-17 08:19:43 - [MESSAGE][PASSED] - Current window maximized

2020-01-17 08:19:43 - [TEST_STEP][PASSED] - waitForPageLoad(60): Wait for page load successfully

2020-01-17 08:19:44 - [MESSAGE][PASSED] - Wait for page load successfully

2020-01-17 08:19:44 - [TEST_STEP][PASSED] - "Previous Functionalilty Left Commented For Ease Of reversion": null

2020-01-17 08:19:44 - [TEST_STEP][PASSED] - try: Text 'Cookie Policy' is not present on page

2020-01-17 08:19:44 - [TEST_STEP][PASSED] - verifyElementPresent(findTestObject("Object Repository/Cookies/Page_Checkatrade Find a tradesperson you can trust/button_Accept All"), 5): Object 'Object Repository/Cookies/Page_Checkatrade Find a tradesperson you can trust/button_Accept All' is present

2020-01-17 08:19:44 - [MESSAGE][PASSED] - Object 'Object Repository/Cookies/Page_Checkatrade Find a tradesperson you can trust/button_Accept All' is present

2020-01-17 08:19:44 - [TEST_STEP][PASSED] - click(findTestObject("Object Repository/Cookies/Page_Checkatrade Find a tradesperson you can trust/button_Accept All")): Object: 'Object Repository/Cookies/Page_Checkatrade Find a tradesperson you can trust/button_Accept All' is clicked on

2020-01-17 08:19:44 - [MESSAGE][PASSED] - Object: 'Object Repository/Cookies/Page_Checkatrade Find a tradesperson you can trust/button_Accept All' is clicked on

2020-01-17 08:19:44 - [TEST_STEP][PASSED] - "---------------------------------": null

2020-01-17 08:19:44 - [TEST_STEP][PASSED] - "COOKIE POPOUT REMOVED - Confirmed": null

2020-01-17 08:19:44 - [TEST_STEP][PASSED] - delay(1): Delayed 1 second(s)

2020-01-17 08:19:45 - [MESSAGE][PASSED] - Delayed 1 second(s)

2020-01-17 08:19:45 - [TEST_STEP][PASSED] - verifyTextNotPresent("We use cookies to personalise content and ads, to provide social media features and to analyse our traffic", false): Text 'We use cookies to personalise content and ads, to provide social media features and to analyse our traffic' is not present on page

2020-01-17 08:19:46 - [MESSAGE][PASSED] - Text 'We use cookies to personalise content and ads, to provide social media features and to analyse our traffic' is not present on page

2020-01-17 08:19:46 - [TEST_STEP][PASSED] - verifyTextNotPresent(" We also share information about your use of our site with our social media, advertising and analytics partners", false): Text ' We also share information about your use of our site with our social media, advertising and analytics partners' is not present on page

2020-01-17 08:19:46 - [MESSAGE][PASSED] - Text ' We also share information about your use of our site with our social media, advertising and analytics partners' is not present on page

2020-01-17 08:19:46 - [TEST_STEP][PASSED] - verifyTextNotPresent("Cookie Policy", false): Text 'Cookie Policy' is not present on page

2020-01-17 08:19:46 - [MESSAGE][PASSED] - Text 'Cookie Policy' is not present on page

2020-01-17 08:19:46 - [TEST_STEP][PASSED] - waitForPageLoad(60): Wait for page load successfully

2020-01-17 08:19:46 - [MESSAGE][PASSED] - Wait for page load successfully

2020-01-17 08:19:46 - [TEST_STEP][PASSED] - "COOKIE - ORIGINAL": null

2020-01-17 08:19:46 - [TEST_STEP][PASSED] - if (waitForElementVisible(findTestObject("Object Repository/Feedback/Page_Checkatrade Give your feedback/input_Member_to_Review"), 5)): Web element with id: 'Object Repository/Feedback/Page_Checkatrade Give your feedback/input_Member_to_Review' located by 'By.xpath: //input[@id='feedback-form__company_autocomplete_input']' not found

2020-01-17 08:19:52 - [MESSAGE][INFO] - Unable to find the element located by 'By.xpath: //input[@id='feedback-form__company_autocomplete_input']'. Please recheck the objects properties to make sure the desired element is located. 

2020-01-17 08:19:52 - [MESSAGE][WARNING] - Web element with id: 'Object Repository/Feedback/Page_Checkatrade Give your feedback/input_Member_to_Review' located by 'By.xpath: //input[@id='feedback-form__company_autocomplete_input']' not found

2020-01-17 08:19:52 - [TEST_STEP][PASSED] - else: The <<<OLD>>> Website was detected by the STARTUP Process

2020-01-17 08:19:52 - [TEST_STEP][PASSED] - if (!(verifyElementVisible(findTestObject("Object Repository/Checkatrade_Trade_Search_Page/Page_Checkatrade Find a tradesperson you can trust/input_Search_Button_FF")))): Object 'Object Repository/Checkatrade_Trade_Search_Page/Page_Checkatrade Find a tradesperson you can trust/input_Search_Button_FF' is visible

2020-01-17 08:19:52 - [MESSAGE][PASSED] - Object 'Object Repository/Checkatrade_Trade_Search_Page/Page_Checkatrade Find a tradesperson you can trust/input_Search_Button_FF' is visible

2020-01-17 08:19:52 - [TEST_STEP][PASSED] - else: The <<<OLD>>> Website was detected by the STARTUP Process

2020-01-17 08:19:52 - [TEST_STEP][PASSED] - Website_Version = "old": null

2020-01-17 08:19:52 - [TEST_STEP][PASSED] - logInfo("The <<<OLD>>> Website was detected by the STARTUP Process"): The <<<OLD>>> Website was detected by the STARTUP Process

2020-01-17 08:19:52 - [MESSAGE][INFO] - The <<<OLD>>> Website was detected by the STARTUP Process

2020-01-17 08:19:52 - [MESSAGE][PASSED] - Call Test Case 'Test Cases/Reusable_Test_Sequences/CAT_Setup' successfully

2020-01-17 08:19:52 - [TEST_STEP][PASSED] - callTestCase(findTestCase("Reusable_Test_Sequences/CAT_Home"), [:], CONTINUE_ON_FAILURE): Call Test Case 'Test Cases/Reusable_Test_Sequences/CAT_Home' successfully

2020-01-17 08:19:53 - [TEST_CASE][PASSED] - Test Cases/Reusable_Test_Sequences/CAT_Home: Test Cases/Reusable_Test_Sequences/CAT_Home

2020-01-17 08:19:53 - [TEST_STEP][PASSED] - waitForPageLoad(60): Wait for page load successfully

2020-01-17 08:19:53 - [MESSAGE][PASSED] - Wait for page load successfully

2020-01-17 08:19:53 - [TEST_STEP][PASSED] - delay(2): Delayed 2 second(s)

2020-01-17 08:19:55 - [MESSAGE][PASSED] - Delayed 2 second(s)

2020-01-17 08:19:55 - [TEST_STEP][PASSED] - "------------------------------------": null

2020-01-17 08:19:55 - [TEST_STEP][PASSED] - if (Website_Version == "new"): null

2020-01-17 08:19:55 - [TEST_STEP][PASSED] - else: Text 'Over a million visits to Checkatrade each month' is present on page 

2020-01-17 08:19:55 - [TEST_STEP][PASSED] - verifyTextPresent("Helping you find the right trade or service", false): Text 'Helping you find the right trade or service' is present on page 

2020-01-17 08:19:56 - [MESSAGE][PASSED] - Text 'Helping you find the right trade or service' is present on page 

2020-01-17 08:19:56 - [TEST_STEP][PASSED] - verifyTextPresent("Search through over", false): Text 'Search through over' is present on page 

2020-01-17 08:19:56 - [MESSAGE][PASSED] - Text 'Search through over' is present on page 

2020-01-17 08:19:56 - [TEST_STEP][PASSED] - verifyTextPresent("recommended, vetted and monitored trades and service providers for free.", false): Text 'recommended, vetted and monitored trades and service providers for free.' is present on page 

2020-01-17 08:19:56 - [MESSAGE][PASSED] - Text 'recommended, vetted and monitored trades and service providers for free.' is present on page 

2020-01-17 08:19:56 - [TEST_STEP][PASSED] - verifyTextPresent("reviews published so far – thank you!", false): Text 'reviews published so far – thank you!' is present on page 

2020-01-17 08:19:57 - [MESSAGE][PASSED] - Text 'reviews published so far – thank you!' is present on page 

2020-01-17 08:19:57 - [TEST_STEP][PASSED] - verifyTextPresent("I need a trade or service", false): Text 'I need a trade or service' is present on page 

2020-01-17 08:19:57 - [MESSAGE][PASSED] - Text 'I need a trade or service' is present on page 

2020-01-17 08:19:57 - [TEST_STEP][PASSED] - verifyTextPresent("Every trader thoroughly checked and vetted", false): Text 'Every trader thoroughly checked and vetted' is present on page 

2020-01-17 08:19:57 - [MESSAGE][PASSED] - Text 'Every trader thoroughly checked and vetted' is present on page 

2020-01-17 08:19:57 - [TEST_STEP][PASSED] - "------------------------------------": null

2020-01-17 08:19:57 - [TEST_STEP][PASSED] - verifyTextPresent("reviews published so far – thank you!", false): Text 'reviews published so far – thank you!' is present on page 

2020-01-17 08:19:58 - [MESSAGE][PASSED] - Text 'reviews published so far – thank you!' is present on page 

2020-01-17 08:19:58 - [TEST_STEP][PASSED] - verifyTextPresent("Find out more", false): Text 'Find out more' is present on page 

2020-01-17 08:19:58 - [MESSAGE][PASSED] - Text 'Find out more' is present on page 

2020-01-17 08:19:58 - [TEST_STEP][PASSED] - verifyTextPresent("I am a tradesman", false): Text 'I am a tradesman' is present on page 

2020-01-17 08:19:58 - [MESSAGE][PASSED] - Text 'I am a tradesman' is present on page 

2020-01-17 08:19:58 - [TEST_STEP][PASSED] - verifyTextPresent("Find out more", false): Text 'Find out more' is present on page 

2020-01-17 08:19:58 - [MESSAGE][PASSED] - Text 'Find out more' is present on page 

2020-01-17 08:19:58 - [TEST_STEP][PASSED] - verifyTextPresent("Over a million visits to Checkatrade each month", false): Text 'Over a million visits to Checkatrade each month' is present on page 

2020-01-17 08:19:58 - [MESSAGE][PASSED] - Text 'Over a million visits to Checkatrade each month' is present on page 

2020-01-17 08:19:58 - [MESSAGE][PASSED] - Call Test Case 'Test Cases/Reusable_Test_Sequences/CAT_Home' successfully

2020-01-17 08:19:58 - [TEST_STEP][PASSED] - "---------------------------------------": null

2020-01-17 08:19:58 - [TEST_STEP][PASSED] - " Set and SEARCH TRADE CLASSIFICATION   |": null

2020-01-17 08:19:58 - [TEST_STEP][PASSED] - callTestCase(findTestCase("Reusable_Test_Sequences/CAT_Enter_Trade_Classification"), [:], CONTINUE_ON_FAILURE): Call Test Case 'Test Cases/Reusable_Test_Sequences/CAT_Enter_Trade_Classification' successfully

2020-01-17 08:19:58 - [TEST_CASE][PASSED] - Test Cases/Reusable_Test_Sequences/CAT_Enter_Trade_Classification: Test Cases/Reusable_Test_Sequences/CAT_Enter_Trade_Classification

2020-01-17 08:19:59 - [TEST_STEP][PASSED] - "---------------------------------": null

2020-01-17 08:19:59 - [TEST_STEP][PASSED] - "Set and SEARCH SELECTED TRADE": null

2020-01-17 08:19:59 - [TEST_STEP][PASSED] - if (Website_Version == "new"): null

2020-01-17 08:19:59 - [TEST_STEP][PASSED] - else: Text 'Tree Surgeon' is set on object 'Object Repository/Checkatrade_Trade_Search_Page/Page_Checkatrade Find a tradesperson you can trust/input_Search_Button_FF'

2020-01-17 08:19:59 - [TEST_STEP][PASSED] - click(findTestObject("Object Repository/Checkatrade_Trade_Search_Page/Page_Checkatrade Find a tradesperson you can trust/input_Search_Button_FF")): Object: 'Object Repository/Checkatrade_Trade_Search_Page/Page_Checkatrade Find a tradesperson you can trust/input_Search_Button_FF' is clicked on

2020-01-17 08:19:59 - [MESSAGE][PASSED] - Object: 'Object Repository/Checkatrade_Trade_Search_Page/Page_Checkatrade Find a tradesperson you can trust/input_Search_Button_FF' is clicked on

2020-01-17 08:19:59 - [TEST_STEP][PASSED] - setText(findTestObject("Object Repository/Checkatrade_Trade_Search_Page/Page_Checkatrade Find a tradesperson you can trust/input_Search_Button_FF"), findTestData("searchTestData").getValue("tradeClassification", row)): Text 'Tree Surgeon' is set on object 'Object Repository/Checkatrade_Trade_Search_Page/Page_Checkatrade Find a tradesperson you can trust/input_Search_Button_FF'

2020-01-17 08:20:00 - [MESSAGE][PASSED] - Text 'Tree Surgeon' is set on object 'Object Repository/Checkatrade_Trade_Search_Page/Page_Checkatrade Find a tradesperson you can trust/input_Search_Button_FF'

2020-01-17 08:20:00 - [MESSAGE][PASSED] - Call Test Case 'Test Cases/Reusable_Test_Sequences/CAT_Enter_Trade_Classification' successfully

2020-01-17 08:20:00 - [TEST_STEP][PASSED] - "---------------------------------------": null

2020-01-17 08:20:00 - [TEST_STEP][PASSED] - " Set and SEARCH TRADE LOCATION         |": null

2020-01-17 08:20:00 - [TEST_STEP][PASSED] - callTestCase(findTestCase("Reusable_Test_Sequences/CAT_Enter_Trade_Location"), [:], CONTINUE_ON_FAILURE): Call Test Case 'Test Cases/Reusable_Test_Sequences/CAT_Enter_Trade_Location' successfully

2020-01-17 08:20:00 - [TEST_CASE][PASSED] - Test Cases/Reusable_Test_Sequences/CAT_Enter_Trade_Location: Test Cases/Reusable_Test_Sequences/CAT_Enter_Trade_Location

2020-01-17 08:20:00 - [TEST_STEP][PASSED] - "---------------------------------": null

2020-01-17 08:20:00 - [TEST_STEP][PASSED] - "Set and SEARCH SELECTED LOCATION |": null

2020-01-17 08:20:00 - [TEST_STEP][PASSED] - if (Website_Version == "new"): null

2020-01-17 08:20:00 - [TEST_STEP][PASSED] - else: Text 'Gosport' is set on object 'Object Repository/Checkatrade_Trade_Search_Page/Page_Checkatrade Find a tradesperson you can trust/input_Not here_location'

2020-01-17 08:20:00 - [TEST_STEP][PASSED] - click(findTestObject("Object Repository/Checkatrade_Trade_Search_Page/Page_Checkatrade Find a tradesperson you can trust/input_Not here_location")): Object: 'Object Repository/Checkatrade_Trade_Search_Page/Page_Checkatrade Find a tradesperson you can trust/input_Not here_location' is clicked on

2020-01-17 08:20:01 - [MESSAGE][PASSED] - Object: 'Object Repository/Checkatrade_Trade_Search_Page/Page_Checkatrade Find a tradesperson you can trust/input_Not here_location' is clicked on

2020-01-17 08:20:01 - [TEST_STEP][PASSED] - setText(findTestObject("Object Repository/Checkatrade_Trade_Search_Page/Page_Checkatrade Find a tradesperson you can trust/input_Not here_location"), findTestData("searchTestData").getValue("tradeLocation", row)): Text 'Gosport' is set on object 'Object Repository/Checkatrade_Trade_Search_Page/Page_Checkatrade Find a tradesperson you can trust/input_Not here_location'

2020-01-17 08:20:01 - [MESSAGE][PASSED] - Text 'Gosport' is set on object 'Object Repository/Checkatrade_Trade_Search_Page/Page_Checkatrade Find a tradesperson you can trust/input_Not here_location'

2020-01-17 08:20:01 - [MESSAGE][PASSED] - Call Test Case 'Test Cases/Reusable_Test_Sequences/CAT_Enter_Trade_Location' successfully

2020-01-17 08:20:01 - [TEST_STEP][PASSED] - "---------------------------------------": null

2020-01-17 08:20:01 - [TEST_STEP][PASSED] - " Scroll Search Button into View        |": null

2020-01-17 08:20:01 - [TEST_STEP][PASSED] - "---------------------------------------": null

2020-01-17 08:20:01 - [TEST_STEP][PASSED] - "---------------------------------------": null

2020-01-17 08:20:01 - [TEST_STEP][PASSED] - " Hit Search Button                     |": null

2020-01-17 08:20:01 - [TEST_STEP][PASSED] - callTestCase(findTestCase("Reusable_Test_Sequences/CAT_Hit_Search_Button"), [:], CONTINUE_ON_FAILURE): Call Test Case 'Test Cases/Reusable_Test_Sequences/CAT_Hit_Search_Button' successfully

2020-01-17 08:20:01 - [TEST_CASE][PASSED] - Test Cases/Reusable_Test_Sequences/CAT_Hit_Search_Button: Test Cases/Reusable_Test_Sequences/CAT_Hit_Search_Button

2020-01-17 08:20:02 - [TEST_STEP][PASSED] - "---------------------------------": null

2020-01-17 08:20:02 - [TEST_STEP][PASSED] - "HIT SEARCH": null

2020-01-17 08:20:02 - [TEST_STEP][PASSED] - "---------------------------------": null

2020-01-17 08:20:02 - [TEST_STEP][PASSED] - if (Website_Version == "new"): null

2020-01-17 08:20:02 - [TEST_STEP][PASSED] - else: Object: 'Object Repository/Checkatrade_Trade_Search_Page/Page_Checkatrade Find a tradesperson you can trust/Page_Checkatrade Find a tradesperson you can trust/a_Search' is clicked on

2020-01-17 08:20:02 - [TEST_STEP][PASSED] - waitForElementClickable(findTestObject("Object Repository/Checkatrade_Trade_Search_Page/Page_Checkatrade Find a tradesperson you can trust/Page_Checkatrade Find a tradesperson you can trust/a_Search"), 25): Object 'Object Repository/Checkatrade_Trade_Search_Page/Page_Checkatrade Find a tradesperson you can trust/Page_Checkatrade Find a tradesperson you can trust/a_Search' is clickable

2020-01-17 08:20:02 - [MESSAGE][PASSED] - Object 'Object Repository/Checkatrade_Trade_Search_Page/Page_Checkatrade Find a tradesperson you can trust/Page_Checkatrade Find a tradesperson you can trust/a_Search' is clickable

2020-01-17 08:20:02 - [TEST_STEP][PASSED] - click(findTestObject("Object Repository/Checkatrade_Trade_Search_Page/Page_Checkatrade Find a tradesperson you can trust/Page_Checkatrade Find a tradesperson you can trust/a_Search")): Object: 'Object Repository/Checkatrade_Trade_Search_Page/Page_Checkatrade Find a tradesperson you can trust/Page_Checkatrade Find a tradesperson you can trust/a_Search' is clicked on

2020-01-17 08:20:06 - [MESSAGE][PASSED] - Object: 'Object Repository/Checkatrade_Trade_Search_Page/Page_Checkatrade Find a tradesperson you can trust/Page_Checkatrade Find a tradesperson you can trust/a_Search' is clicked on

2020-01-17 08:20:06 - [MESSAGE][PASSED] - Call Test Case 'Test Cases/Reusable_Test_Sequences/CAT_Hit_Search_Button' successfully

2020-01-17 08:20:06 - [TEST_STEP][PASSED] - "---------------------------------------": null

2020-01-17 08:20:06 - [TEST_STEP][PASSED] - " Verify Returned Page is as Expected   |": null

2020-01-17 08:20:06 - [TEST_STEP][PASSED] - callTestCase(findTestCase("Reusable_Test_Sequences/CAT_Verification"), [:], CONTINUE_ON_FAILURE): Call Test Case 'Test Cases/Reusable_Test_Sequences/CAT_Verification' successfully

2020-01-17 08:20:06 - [TEST_CASE][PASSED] - Test Cases/Reusable_Test_Sequences/CAT_Verification: Test Cases/Reusable_Test_Sequences/CAT_Verification

2020-01-17 08:20:06 - [TEST_STEP][PASSED] - "Updated 05/12/2019 due to wholesale Home page changes": null

2020-01-17 08:20:06 - [TEST_STEP][PASSED] - "Expected cantantenated text is Returned": null

2020-01-17 08:20:06 - [TEST_STEP][PASSED] - delay(1): Delayed 1 second(s)

2020-01-17 08:20:07 - [MESSAGE][PASSED] - Delayed 1 second(s)

2020-01-17 08:20:07 - [TEST_STEP][PASSED] - waitForPageLoad(60): Wait for page load successfully

2020-01-17 08:20:07 - [MESSAGE][PASSED] - Wait for page load successfully

2020-01-17 08:20:07 - [TEST_STEP][PASSED] - verifyTextPresent(findTestData("searchTestData").getValue("tradeClassification", row), false): Text 'Tree Surgeon' is present on page 

2020-01-17 08:20:09 - [MESSAGE][PASSED] - Text 'Tree Surgeon' is present on page 

2020-01-17 08:20:09 - [TEST_STEP][PASSED] - verifyTextPresent(findTestData("searchTestData").getValue("tradeLocation", row), false): Text 'Gosport' is present on page 

2020-01-17 08:20:09 - [MESSAGE][PASSED] - Text 'Gosport' is present on page 

2020-01-17 08:20:09 - [MESSAGE][PASSED] - Call Test Case 'Test Cases/Reusable_Test_Sequences/CAT_Verification' successfully

2020-01-17 08:20:09 - [TEST_STEP][PASSED] - "--------------------------": null

2020-01-17 08:20:09 - [TEST_STEP][PASSED] - " Teardown - CLose Browser |": null

2020-01-17 08:20:09 - [TEST_STEP][PASSED] - callTestCase(findTestCase("Reusable_Test_Sequences/CAT_Teardown"), [:], OPTIONAL): Call Test Case 'Test Cases/Reusable_Test_Sequences/CAT_Teardown' successfully

2020-01-17 08:20:10 - [TEST_CASE][PASSED] - Test Cases/Reusable_Test_Sequences/CAT_Teardown: Test Cases/Reusable_Test_Sequences/CAT_Teardown

2020-01-17 08:20:10 - [TEST_STEP][PASSED] - closeBrowser(): Browser is closed

2020-01-17 08:20:11 - [MESSAGE][PASSED] - Browser is closed

2020-01-17 08:20:11 - [MESSAGE][PASSED] - Call Test Case 'Test Cases/Reusable_Test_Sequences/CAT_Teardown' successfully

2020-01-17 08:20:11 - [TEST_STEP][PASSED] - callTestCase(findTestCase("Reusable_Test_Sequences/CAT_Setup"), [:], OPTIONAL): Call Test Case 'Test Cases/Reusable_Test_Sequences/CAT_Setup' successfully

2020-01-17 08:20:11 - [TEST_CASE][PASSED] - Test Cases/Reusable_Test_Sequences/CAT_Setup: Test Cases/Reusable_Test_Sequences/CAT_Setup

2020-01-17 08:20:11 - [TEST_STEP][PASSED] - "------------------------------": null

2020-01-17 08:20:11 - [TEST_STEP][PASSED] - " Set Mobile Device Testing    |": null

2020-01-17 08:20:11 - [TEST_STEP][PASSED] - if (Mobile_Flag == "true"): null

2020-01-17 08:20:11 - [TEST_STEP][PASSED] - "------------------------------": null

2020-01-17 08:20:11 - [TEST_STEP][PASSED] - " Set Mobile Device Testing    |": null

2020-01-17 08:20:11 - [TEST_STEP][PASSED] - "------------------------------": null

2020-01-17 08:20:11 - [TEST_STEP][PASSED] - "URL - Set from the ENVIRONMENT PROFILE ": null

2020-01-17 08:20:11 - [TEST_STEP][PASSED] - openBrowser(URL): Browser is opened with url: 'https://www.preview.checkatrade.com/'

2020-01-17 08:20:11 - [MESSAGE][INFO] - Starting 'Chrome' driver

2020-01-17 08:20:19 - [MESSAGE][PASSED] - Browser is opened with url: 'https://www.preview.checkatrade.com/'

2020-01-17 08:20:19 - [TEST_STEP][PASSED] - maximizeWindow(): Current window maximized

2020-01-17 08:20:24 - [MESSAGE][PASSED] - Current window maximized

2020-01-17 08:20:24 - [TEST_STEP][PASSED] - waitForPageLoad(60): Wait for page load successfully

2020-01-17 08:20:24 - [MESSAGE][PASSED] - Wait for page load successfully

2020-01-17 08:20:24 - [TEST_STEP][PASSED] - "Previous Functionalilty Left Commented For Ease Of reversion": null

2020-01-17 08:20:24 - [TEST_STEP][PASSED] - try: Text 'Cookie Policy' is not present on page

2020-01-17 08:20:24 - [TEST_STEP][PASSED] - verifyElementPresent(findTestObject("Object Repository/Cookies/Page_Checkatrade Find a tradesperson you can trust/button_Accept All"), 5): Object 'Object Repository/Cookies/Page_Checkatrade Find a tradesperson you can trust/button_Accept All' is present

2020-01-17 08:20:24 - [MESSAGE][PASSED] - Object 'Object Repository/Cookies/Page_Checkatrade Find a tradesperson you can trust/button_Accept All' is present

2020-01-17 08:20:24 - [TEST_STEP][PASSED] - click(findTestObject("Object Repository/Cookies/Page_Checkatrade Find a tradesperson you can trust/button_Accept All")): Object: 'Object Repository/Cookies/Page_Checkatrade Find a tradesperson you can trust/button_Accept All' is clicked on

2020-01-17 08:20:24 - [MESSAGE][PASSED] - Object: 'Object Repository/Cookies/Page_Checkatrade Find a tradesperson you can trust/button_Accept All' is clicked on

2020-01-17 08:20:24 - [TEST_STEP][PASSED] - "---------------------------------": null

2020-01-17 08:20:24 - [TEST_STEP][PASSED] - "COOKIE POPOUT REMOVED - Confirmed": null

2020-01-17 08:20:24 - [TEST_STEP][PASSED] - delay(1): Delayed 1 second(s)

2020-01-17 08:20:25 - [MESSAGE][PASSED] - Delayed 1 second(s)

2020-01-17 08:20:25 - [TEST_STEP][PASSED] - verifyTextNotPresent("We use cookies to personalise content and ads, to provide social media features and to analyse our traffic", false): Text 'We use cookies to personalise content and ads, to provide social media features and to analyse our traffic' is not present on page

2020-01-17 08:20:25 - [MESSAGE][PASSED] - Text 'We use cookies to personalise content and ads, to provide social media features and to analyse our traffic' is not present on page

2020-01-17 08:20:25 - [TEST_STEP][PASSED] - verifyTextNotPresent(" We also share information about your use of our site with our social media, advertising and analytics partners", false): Text ' We also share information about your use of our site with our social media, advertising and analytics partners' is not present on page

2020-01-17 08:20:25 - [MESSAGE][PASSED] - Text ' We also share information about your use of our site with our social media, advertising and analytics partners' is not present on page

2020-01-17 08:20:25 - [TEST_STEP][PASSED] - verifyTextNotPresent("Cookie Policy", false): Text 'Cookie Policy' is not present on page

2020-01-17 08:20:25 - [MESSAGE][PASSED] - Text 'Cookie Policy' is not present on page

2020-01-17 08:20:25 - [TEST_STEP][PASSED] - waitForPageLoad(60): Wait for page load successfully

2020-01-17 08:20:25 - [MESSAGE][PASSED] - Wait for page load successfully

2020-01-17 08:20:25 - [TEST_STEP][PASSED] - "COOKIE - ORIGINAL": null

2020-01-17 08:20:25 - [TEST_STEP][PASSED] - if (waitForElementVisible(findTestObject("Object Repository/Feedback/Page_Checkatrade Give your feedback/input_Member_to_Review"), 5)): Web element with id: 'Object Repository/Feedback/Page_Checkatrade Give your feedback/input_Member_to_Review' located by 'By.xpath: //input[@id='feedback-form__company_autocomplete_input']' not found

2020-01-17 08:20:31 - [MESSAGE][INFO] - Unable to find the element located by 'By.xpath: //input[@id='feedback-form__company_autocomplete_input']'. Please recheck the objects properties to make sure the desired element is located. 

2020-01-17 08:20:31 - [MESSAGE][WARNING] - Web element with id: 'Object Repository/Feedback/Page_Checkatrade Give your feedback/input_Member_to_Review' located by 'By.xpath: //input[@id='feedback-form__company_autocomplete_input']' not found

2020-01-17 08:20:31 - [TEST_STEP][PASSED] - else: The <<<OLD>>> Website was detected by the STARTUP Process

2020-01-17 08:20:31 - [TEST_STEP][PASSED] - if (!(verifyElementVisible(findTestObject("Object Repository/Checkatrade_Trade_Search_Page/Page_Checkatrade Find a tradesperson you can trust/input_Search_Button_FF")))): Object 'Object Repository/Checkatrade_Trade_Search_Page/Page_Checkatrade Find a tradesperson you can trust/input_Search_Button_FF' is visible

2020-01-17 08:20:31 - [MESSAGE][PASSED] - Object 'Object Repository/Checkatrade_Trade_Search_Page/Page_Checkatrade Find a tradesperson you can trust/input_Search_Button_FF' is visible

2020-01-17 08:20:31 - [TEST_STEP][PASSED] - else: The <<<OLD>>> Website was detected by the STARTUP Process

2020-01-17 08:20:31 - [TEST_STEP][PASSED] - Website_Version = "old": null

2020-01-17 08:20:31 - [TEST_STEP][PASSED] - logInfo("The <<<OLD>>> Website was detected by the STARTUP Process"): The <<<OLD>>> Website was detected by the STARTUP Process

2020-01-17 08:20:31 - [MESSAGE][INFO] - The <<<OLD>>> Website was detected by the STARTUP Process

2020-01-17 08:20:31 - [MESSAGE][PASSED] - Call Test Case 'Test Cases/Reusable_Test_Sequences/CAT_Setup' successfully

2020-01-17 08:20:31 - [TEST_STEP][PASSED] - callTestCase(findTestCase("Reusable_Test_Sequences/CAT_Home"), [:], CONTINUE_ON_FAILURE): Call Test Case 'Test Cases/Reusable_Test_Sequences/CAT_Home' successfully

2020-01-17 08:20:31 - [TEST_CASE][PASSED] - Test Cases/Reusable_Test_Sequences/CAT_Home: Test Cases/Reusable_Test_Sequences/CAT_Home

2020-01-17 08:20:31 - [TEST_STEP][PASSED] - waitForPageLoad(60): Wait for page load successfully

2020-01-17 08:20:31 - [MESSAGE][PASSED] - Wait for page load successfully

2020-01-17 08:20:31 - [TEST_STEP][PASSED] - delay(2): Delayed 2 second(s)

2020-01-17 08:20:33 - [MESSAGE][PASSED] - Delayed 2 second(s)

2020-01-17 08:20:33 - [TEST_STEP][PASSED] - "------------------------------------": null

2020-01-17 08:20:33 - [TEST_STEP][PASSED] - if (Website_Version == "new"): null

2020-01-17 08:20:33 - [TEST_STEP][PASSED] - else: Text 'Over a million visits to Checkatrade each month' is present on page 

2020-01-17 08:20:33 - [TEST_STEP][PASSED] - verifyTextPresent("Helping you find the right trade or service", false): Text 'Helping you find the right trade or service' is present on page 

2020-01-17 08:20:33 - [MESSAGE][PASSED] - Text 'Helping you find the right trade or service' is present on page 

2020-01-17 08:20:33 - [TEST_STEP][PASSED] - verifyTextPresent("Search through over", false): Text 'Search through over' is present on page 

2020-01-17 08:20:33 - [MESSAGE][PASSED] - Text 'Search through over' is present on page 

2020-01-17 08:20:33 - [TEST_STEP][PASSED] - verifyTextPresent("recommended, vetted and monitored trades and service providers for free.", false): Text 'recommended, vetted and monitored trades and service providers for free.' is present on page 

2020-01-17 08:20:33 - [MESSAGE][PASSED] - Text 'recommended, vetted and monitored trades and service providers for free.' is present on page 

2020-01-17 08:20:33 - [TEST_STEP][PASSED] - verifyTextPresent("reviews published so far – thank you!", false): Text 'reviews published so far – thank you!' is present on page 

2020-01-17 08:20:34 - [MESSAGE][PASSED] - Text 'reviews published so far – thank you!' is present on page 

2020-01-17 08:20:34 - [TEST_STEP][PASSED] - verifyTextPresent("I need a trade or service", false): Text 'I need a trade or service' is present on page 

2020-01-17 08:20:34 - [MESSAGE][PASSED] - Text 'I need a trade or service' is present on page 

2020-01-17 08:20:34 - [TEST_STEP][PASSED] - verifyTextPresent("Every trader thoroughly checked and vetted", false): Text 'Every trader thoroughly checked and vetted' is present on page 

2020-01-17 08:20:34 - [MESSAGE][PASSED] - Text 'Every trader thoroughly checked and vetted' is present on page 

2020-01-17 08:20:34 - [TEST_STEP][PASSED] - "------------------------------------": null

2020-01-17 08:20:34 - [TEST_STEP][PASSED] - verifyTextPresent("reviews published so far – thank you!", false): Text 'reviews published so far – thank you!' is present on page 

2020-01-17 08:20:34 - [MESSAGE][PASSED] - Text 'reviews published so far – thank you!' is present on page 

2020-01-17 08:20:34 - [TEST_STEP][PASSED] - verifyTextPresent("Find out more", false): Text 'Find out more' is present on page 

2020-01-17 08:20:35 - [MESSAGE][PASSED] - Text 'Find out more' is present on page 

2020-01-17 08:20:35 - [TEST_STEP][PASSED] - verifyTextPresent("I am a tradesman", false): Text 'I am a tradesman' is present on page 

2020-01-17 08:20:35 - [MESSAGE][PASSED] - Text 'I am a tradesman' is present on page 

2020-01-17 08:20:35 - [TEST_STEP][PASSED] - verifyTextPresent("Find out more", false): Text 'Find out more' is present on page 

2020-01-17 08:20:35 - [MESSAGE][PASSED] - Text 'Find out more' is present on page 

2020-01-17 08:20:35 - [TEST_STEP][PASSED] - verifyTextPresent("Over a million visits to Checkatrade each month", false): Text 'Over a million visits to Checkatrade each month' is present on page 

2020-01-17 08:20:35 - [MESSAGE][PASSED] - Text 'Over a million visits to Checkatrade each month' is present on page 

2020-01-17 08:20:35 - [MESSAGE][PASSED] - Call Test Case 'Test Cases/Reusable_Test_Sequences/CAT_Home' successfully

2020-01-17 08:20:35 - [TEST_STEP][PASSED] - "---------------------------------------": null

2020-01-17 08:20:35 - [TEST_STEP][PASSED] - " Set and SEARCH TRADE CLASSIFICATION   |": null

2020-01-17 08:20:35 - [TEST_STEP][PASSED] - callTestCase(findTestCase("Reusable_Test_Sequences/CAT_Enter_Trade_Classification"), [:], CONTINUE_ON_FAILURE): Call Test Case 'Test Cases/Reusable_Test_Sequences/CAT_Enter_Trade_Classification' successfully

2020-01-17 08:20:35 - [TEST_CASE][PASSED] - Test Cases/Reusable_Test_Sequences/CAT_Enter_Trade_Classification: Test Cases/Reusable_Test_Sequences/CAT_Enter_Trade_Classification

2020-01-17 08:20:35 - [TEST_STEP][PASSED] - "---------------------------------": null

2020-01-17 08:20:35 - [TEST_STEP][PASSED] - "Set and SEARCH SELECTED TRADE": null

2020-01-17 08:20:35 - [TEST_STEP][PASSED] - if (Website_Version == "new"): null

2020-01-17 08:20:35 - [TEST_STEP][PASSED] - else: Text 'Tree Surgeon' is set on object 'Object Repository/Checkatrade_Trade_Search_Page/Page_Checkatrade Find a tradesperson you can trust/input_Search_Button_FF'

2020-01-17 08:20:35 - [TEST_STEP][PASSED] - click(findTestObject("Object Repository/Checkatrade_Trade_Search_Page/Page_Checkatrade Find a tradesperson you can trust/input_Search_Button_FF")): Object: 'Object Repository/Checkatrade_Trade_Search_Page/Page_Checkatrade Find a tradesperson you can trust/input_Search_Button_FF' is clicked on

2020-01-17 08:20:35 - [MESSAGE][PASSED] - Object: 'Object Repository/Checkatrade_Trade_Search_Page/Page_Checkatrade Find a tradesperson you can trust/input_Search_Button_FF' is clicked on

2020-01-17 08:20:35 - [TEST_STEP][PASSED] - setText(findTestObject("Object Repository/Checkatrade_Trade_Search_Page/Page_Checkatrade Find a tradesperson you can trust/input_Search_Button_FF"), findTestData("searchTestData").getValue("tradeClassification", row)): Text 'Tree Surgeon' is set on object 'Object Repository/Checkatrade_Trade_Search_Page/Page_Checkatrade Find a tradesperson you can trust/input_Search_Button_FF'

2020-01-17 08:20:36 - [MESSAGE][PASSED] - Text 'Tree Surgeon' is set on object 'Object Repository/Checkatrade_Trade_Search_Page/Page_Checkatrade Find a tradesperson you can trust/input_Search_Button_FF'

2020-01-17 08:20:36 - [MESSAGE][PASSED] - Call Test Case 'Test Cases/Reusable_Test_Sequences/CAT_Enter_Trade_Classification' successfully

2020-01-17 08:20:36 - [TEST_STEP][PASSED] - "---------------------------------------": null

2020-01-17 08:20:36 - [TEST_STEP][PASSED] - " Set and SEARCH TRADE LOCATION         |": null

2020-01-17 08:20:36 - [TEST_STEP][PASSED] - callTestCase(findTestCase("Reusable_Test_Sequences/CAT_Enter_Trade_Location"), [:], CONTINUE_ON_FAILURE): Call Test Case 'Test Cases/Reusable_Test_Sequences/CAT_Enter_Trade_Location' successfully

2020-01-17 08:20:36 - [TEST_CASE][PASSED] - Test Cases/Reusable_Test_Sequences/CAT_Enter_Trade_Location: Test Cases/Reusable_Test_Sequences/CAT_Enter_Trade_Location

2020-01-17 08:20:36 - [TEST_STEP][PASSED] - "---------------------------------": null

2020-01-17 08:20:36 - [TEST_STEP][PASSED] - "Set and SEARCH SELECTED LOCATION |": null

2020-01-17 08:20:36 - [TEST_STEP][PASSED] - if (Website_Version == "new"): null

2020-01-17 08:20:36 - [TEST_STEP][PASSED] - else: Text 'PO12 2HE' is set on object 'Object Repository/Checkatrade_Trade_Search_Page/Page_Checkatrade Find a tradesperson you can trust/input_Not here_location'

2020-01-17 08:20:36 - [TEST_STEP][PASSED] - click(findTestObject("Object Repository/Checkatrade_Trade_Search_Page/Page_Checkatrade Find a tradesperson you can trust/input_Not here_location")): Object: 'Object Repository/Checkatrade_Trade_Search_Page/Page_Checkatrade Find a tradesperson you can trust/input_Not here_location' is clicked on

2020-01-17 08:20:36 - [MESSAGE][PASSED] - Object: 'Object Repository/Checkatrade_Trade_Search_Page/Page_Checkatrade Find a tradesperson you can trust/input_Not here_location' is clicked on

2020-01-17 08:20:36 - [TEST_STEP][PASSED] - setText(findTestObject("Object Repository/Checkatrade_Trade_Search_Page/Page_Checkatrade Find a tradesperson you can trust/input_Not here_location"), findTestData("searchTestData").getValue("tradeLocation", row)): Text 'PO12 2HE' is set on object 'Object Repository/Checkatrade_Trade_Search_Page/Page_Checkatrade Find a tradesperson you can trust/input_Not here_location'

2020-01-17 08:20:37 - [MESSAGE][PASSED] - Text 'PO12 2HE' is set on object 'Object Repository/Checkatrade_Trade_Search_Page/Page_Checkatrade Find a tradesperson you can trust/input_Not here_location'

2020-01-17 08:20:37 - [MESSAGE][PASSED] - Call Test Case 'Test Cases/Reusable_Test_Sequences/CAT_Enter_Trade_Location' successfully

2020-01-17 08:20:37 - [TEST_STEP][PASSED] - "---------------------------------------": null

2020-01-17 08:20:37 - [TEST_STEP][PASSED] - " Scroll Search Button into View        |": null

2020-01-17 08:20:37 - [TEST_STEP][PASSED] - "---------------------------------------": null

2020-01-17 08:20:37 - [TEST_STEP][PASSED] - "---------------------------------------": null

2020-01-17 08:20:37 - [TEST_STEP][PASSED] - " Hit Search Button                     |": null

2020-01-17 08:20:37 - [TEST_STEP][PASSED] - callTestCase(findTestCase("Reusable_Test_Sequences/CAT_Hit_Search_Button"), [:], CONTINUE_ON_FAILURE): Call Test Case 'Test Cases/Reusable_Test_Sequences/CAT_Hit_Search_Button' successfully

2020-01-17 08:20:37 - [TEST_CASE][PASSED] - Test Cases/Reusable_Test_Sequences/CAT_Hit_Search_Button: Test Cases/Reusable_Test_Sequences/CAT_Hit_Search_Button

2020-01-17 08:20:37 - [TEST_STEP][PASSED] - "---------------------------------": null

2020-01-17 08:20:37 - [TEST_STEP][PASSED] - "HIT SEARCH": null

2020-01-17 08:20:37 - [TEST_STEP][PASSED] - "---------------------------------": null

2020-01-17 08:20:37 - [TEST_STEP][PASSED] - if (Website_Version == "new"): null

2020-01-17 08:20:37 - [TEST_STEP][PASSED] - else: Object: 'Object Repository/Checkatrade_Trade_Search_Page/Page_Checkatrade Find a tradesperson you can trust/Page_Checkatrade Find a tradesperson you can trust/a_Search' is clicked on

2020-01-17 08:20:37 - [TEST_STEP][PASSED] - waitForElementClickable(findTestObject("Object Repository/Checkatrade_Trade_Search_Page/Page_Checkatrade Find a tradesperson you can trust/Page_Checkatrade Find a tradesperson you can trust/a_Search"), 25): Object 'Object Repository/Checkatrade_Trade_Search_Page/Page_Checkatrade Find a tradesperson you can trust/Page_Checkatrade Find a tradesperson you can trust/a_Search' is clickable

2020-01-17 08:20:37 - [MESSAGE][PASSED] - Object 'Object Repository/Checkatrade_Trade_Search_Page/Page_Checkatrade Find a tradesperson you can trust/Page_Checkatrade Find a tradesperson you can trust/a_Search' is clickable

2020-01-17 08:20:37 - [TEST_STEP][PASSED] - click(findTestObject("Object Repository/Checkatrade_Trade_Search_Page/Page_Checkatrade Find a tradesperson you can trust/Page_Checkatrade Find a tradesperson you can trust/a_Search")): Object: 'Object Repository/Checkatrade_Trade_Search_Page/Page_Checkatrade Find a tradesperson you can trust/Page_Checkatrade Find a tradesperson you can trust/a_Search' is clicked on

2020-01-17 08:20:39 - [MESSAGE][PASSED] - Object: 'Object Repository/Checkatrade_Trade_Search_Page/Page_Checkatrade Find a tradesperson you can trust/Page_Checkatrade Find a tradesperson you can trust/a_Search' is clicked on

2020-01-17 08:20:39 - [MESSAGE][PASSED] - Call Test Case 'Test Cases/Reusable_Test_Sequences/CAT_Hit_Search_Button' successfully

2020-01-17 08:20:39 - [TEST_STEP][PASSED] - "---------------------------------------": null

2020-01-17 08:20:39 - [TEST_STEP][PASSED] - " Verify Returned Page is as Expected   |": null

2020-01-17 08:20:39 - [TEST_STEP][PASSED] - callTestCase(findTestCase("Reusable_Test_Sequences/CAT_Verification"), [:], CONTINUE_ON_FAILURE): Call Test Case 'Test Cases/Reusable_Test_Sequences/CAT_Verification' successfully

2020-01-17 08:20:39 - [TEST_CASE][PASSED] - Test Cases/Reusable_Test_Sequences/CAT_Verification: Test Cases/Reusable_Test_Sequences/CAT_Verification

2020-01-17 08:20:39 - [TEST_STEP][PASSED] - "Updated 05/12/2019 due to wholesale Home page changes": null

2020-01-17 08:20:39 - [TEST_STEP][PASSED] - "Expected cantantenated text is Returned": null

2020-01-17 08:20:39 - [TEST_STEP][PASSED] - delay(1): Delayed 1 second(s)

2020-01-17 08:20:40 - [MESSAGE][PASSED] - Delayed 1 second(s)

2020-01-17 08:20:40 - [TEST_STEP][PASSED] - waitForPageLoad(60): Wait for page load successfully

2020-01-17 08:20:40 - [MESSAGE][PASSED] - Wait for page load successfully

2020-01-17 08:20:40 - [TEST_STEP][PASSED] - verifyTextPresent(findTestData("searchTestData").getValue("tradeClassification", row), false): Text 'Tree Surgeon' is present on page 

2020-01-17 08:20:41 - [MESSAGE][PASSED] - Text 'Tree Surgeon' is present on page 

2020-01-17 08:20:41 - [TEST_STEP][PASSED] - verifyTextPresent(findTestData("searchTestData").getValue("tradeLocation", row), false): Text 'PO12 2HE' is present on page 

2020-01-17 08:20:41 - [MESSAGE][PASSED] - Text 'PO12 2HE' is present on page 

2020-01-17 08:20:41 - [MESSAGE][PASSED] - Call Test Case 'Test Cases/Reusable_Test_Sequences/CAT_Verification' successfully

2020-01-17 08:20:41 - [TEST_STEP][PASSED] - "--------------------------": null

2020-01-17 08:20:41 - [TEST_STEP][PASSED] - " Teardown - CLose Browser |": null

2020-01-17 08:20:41 - [TEST_STEP][PASSED] - callTestCase(findTestCase("Reusable_Test_Sequences/CAT_Teardown"), [:], OPTIONAL): Call Test Case 'Test Cases/Reusable_Test_Sequences/CAT_Teardown' successfully

2020-01-17 08:20:41 - [TEST_CASE][PASSED] - Test Cases/Reusable_Test_Sequences/CAT_Teardown: Test Cases/Reusable_Test_Sequences/CAT_Teardown

2020-01-17 08:20:41 - [TEST_STEP][PASSED] - closeBrowser(): Browser is closed

2020-01-17 08:20:42 - [MESSAGE][PASSED] - Browser is closed

2020-01-17 08:20:42 - [MESSAGE][PASSED] - Call Test Case 'Test Cases/Reusable_Test_Sequences/CAT_Teardown' successfully

2020-01-17 08:20:42 - [TEST_STEP][PASSED] - callTestCase(findTestCase("Reusable_Test_Sequences/CAT_Setup"), [:], OPTIONAL): Call Test Case 'Test Cases/Reusable_Test_Sequences/CAT_Setup' successfully

2020-01-17 08:20:42 - [TEST_CASE][PASSED] - Test Cases/Reusable_Test_Sequences/CAT_Setup: Test Cases/Reusable_Test_Sequences/CAT_Setup

2020-01-17 08:20:42 - [TEST_STEP][PASSED] - "------------------------------": null

2020-01-17 08:20:42 - [TEST_STEP][PASSED] - " Set Mobile Device Testing    |": null

2020-01-17 08:20:42 - [TEST_STEP][PASSED] - if (Mobile_Flag == "true"): null

2020-01-17 08:20:42 - [TEST_STEP][PASSED] - "------------------------------": null

2020-01-17 08:20:42 - [TEST_STEP][PASSED] - " Set Mobile Device Testing    |": null

2020-01-17 08:20:42 - [TEST_STEP][PASSED] - "------------------------------": null

2020-01-17 08:20:42 - [TEST_STEP][PASSED] - "URL - Set from the ENVIRONMENT PROFILE ": null

2020-01-17 08:20:42 - [TEST_STEP][PASSED] - openBrowser(URL): Browser is opened with url: 'https://www.preview.checkatrade.com/'

2020-01-17 08:20:42 - [MESSAGE][INFO] - Starting 'Chrome' driver

2020-01-17 08:20:49 - [MESSAGE][PASSED] - Browser is opened with url: 'https://www.preview.checkatrade.com/'

2020-01-17 08:20:49 - [TEST_STEP][PASSED] - maximizeWindow(): Current window maximized

2020-01-17 08:20:54 - [MESSAGE][PASSED] - Current window maximized

2020-01-17 08:20:54 - [TEST_STEP][PASSED] - waitForPageLoad(60): Wait for page load successfully

2020-01-17 08:20:54 - [MESSAGE][PASSED] - Wait for page load successfully

2020-01-17 08:20:54 - [TEST_STEP][PASSED] - "Previous Functionalilty Left Commented For Ease Of reversion": null

2020-01-17 08:20:54 - [TEST_STEP][PASSED] - try: Text 'Cookie Policy' is not present on page

2020-01-17 08:20:54 - [TEST_STEP][PASSED] - verifyElementPresent(findTestObject("Object Repository/Cookies/Page_Checkatrade Find a tradesperson you can trust/button_Accept All"), 5): Object 'Object Repository/Cookies/Page_Checkatrade Find a tradesperson you can trust/button_Accept All' is present

2020-01-17 08:20:54 - [MESSAGE][PASSED] - Object 'Object Repository/Cookies/Page_Checkatrade Find a tradesperson you can trust/button_Accept All' is present

2020-01-17 08:20:54 - [TEST_STEP][PASSED] - click(findTestObject("Object Repository/Cookies/Page_Checkatrade Find a tradesperson you can trust/button_Accept All")): Object: 'Object Repository/Cookies/Page_Checkatrade Find a tradesperson you can trust/button_Accept All' is clicked on

2020-01-17 08:20:55 - [MESSAGE][PASSED] - Object: 'Object Repository/Cookies/Page_Checkatrade Find a tradesperson you can trust/button_Accept All' is clicked on

2020-01-17 08:20:55 - [TEST_STEP][PASSED] - "---------------------------------": null

2020-01-17 08:20:55 - [TEST_STEP][PASSED] - "COOKIE POPOUT REMOVED - Confirmed": null

2020-01-17 08:20:55 - [TEST_STEP][PASSED] - delay(1): Delayed 1 second(s)

2020-01-17 08:20:56 - [MESSAGE][PASSED] - Delayed 1 second(s)

2020-01-17 08:20:56 - [TEST_STEP][PASSED] - verifyTextNotPresent("We use cookies to personalise content and ads, to provide social media features and to analyse our traffic", false): Text 'We use cookies to personalise content and ads, to provide social media features and to analyse our traffic' is not present on page

2020-01-17 08:20:56 - [MESSAGE][PASSED] - Text 'We use cookies to personalise content and ads, to provide social media features and to analyse our traffic' is not present on page

2020-01-17 08:20:56 - [TEST_STEP][PASSED] - verifyTextNotPresent(" We also share information about your use of our site with our social media, advertising and analytics partners", false): Text ' We also share information about your use of our site with our social media, advertising and analytics partners' is not present on page

2020-01-17 08:20:56 - [MESSAGE][PASSED] - Text ' We also share information about your use of our site with our social media, advertising and analytics partners' is not present on page

2020-01-17 08:20:56 - [TEST_STEP][PASSED] - verifyTextNotPresent("Cookie Policy", false): Text 'Cookie Policy' is not present on page

2020-01-17 08:20:56 - [MESSAGE][PASSED] - Text 'Cookie Policy' is not present on page

2020-01-17 08:20:56 - [TEST_STEP][PASSED] - waitForPageLoad(60): Wait for page load successfully

2020-01-17 08:20:56 - [MESSAGE][PASSED] - Wait for page load successfully

2020-01-17 08:20:56 - [TEST_STEP][PASSED] - "COOKIE - ORIGINAL": null

2020-01-17 08:20:56 - [TEST_STEP][PASSED] - if (waitForElementVisible(findTestObject("Object Repository/Feedback/Page_Checkatrade Give your feedback/input_Member_to_Review"), 5)): Web element with id: 'Object Repository/Feedback/Page_Checkatrade Give your feedback/input_Member_to_Review' located by 'By.xpath: //input[@id='feedback-form__company_autocomplete_input']' not found

2020-01-17 08:21:01 - [MESSAGE][INFO] - Unable to find the element located by 'By.xpath: //input[@id='feedback-form__company_autocomplete_input']'. Please recheck the objects properties to make sure the desired element is located. 

2020-01-17 08:21:01 - [MESSAGE][WARNING] - Web element with id: 'Object Repository/Feedback/Page_Checkatrade Give your feedback/input_Member_to_Review' located by 'By.xpath: //input[@id='feedback-form__company_autocomplete_input']' not found

2020-01-17 08:21:01 - [TEST_STEP][PASSED] - else: The <<<OLD>>> Website was detected by the STARTUP Process

2020-01-17 08:21:01 - [TEST_STEP][PASSED] - if (!(verifyElementVisible(findTestObject("Object Repository/Checkatrade_Trade_Search_Page/Page_Checkatrade Find a tradesperson you can trust/input_Search_Button_FF")))): Object 'Object Repository/Checkatrade_Trade_Search_Page/Page_Checkatrade Find a tradesperson you can trust/input_Search_Button_FF' is visible

2020-01-17 08:21:01 - [MESSAGE][PASSED] - Object 'Object Repository/Checkatrade_Trade_Search_Page/Page_Checkatrade Find a tradesperson you can trust/input_Search_Button_FF' is visible

2020-01-17 08:21:01 - [TEST_STEP][PASSED] - else: The <<<OLD>>> Website was detected by the STARTUP Process

2020-01-17 08:21:01 - [TEST_STEP][PASSED] - Website_Version = "old": null

2020-01-17 08:21:01 - [TEST_STEP][PASSED] - logInfo("The <<<OLD>>> Website was detected by the STARTUP Process"): The <<<OLD>>> Website was detected by the STARTUP Process

2020-01-17 08:21:01 - [MESSAGE][INFO] - The <<<OLD>>> Website was detected by the STARTUP Process

2020-01-17 08:21:01 - [MESSAGE][PASSED] - Call Test Case 'Test Cases/Reusable_Test_Sequences/CAT_Setup' successfully

2020-01-17 08:21:01 - [TEST_STEP][PASSED] - callTestCase(findTestCase("Reusable_Test_Sequences/CAT_Home"), [:], CONTINUE_ON_FAILURE): Call Test Case 'Test Cases/Reusable_Test_Sequences/CAT_Home' successfully

2020-01-17 08:21:01 - [TEST_CASE][PASSED] - Test Cases/Reusable_Test_Sequences/CAT_Home: Test Cases/Reusable_Test_Sequences/CAT_Home

2020-01-17 08:21:01 - [TEST_STEP][PASSED] - waitForPageLoad(60): Wait for page load successfully

2020-01-17 08:21:01 - [MESSAGE][PASSED] - Wait for page load successfully

2020-01-17 08:21:01 - [TEST_STEP][PASSED] - delay(2): Delayed 2 second(s)

2020-01-17 08:21:03 - [MESSAGE][PASSED] - Delayed 2 second(s)

2020-01-17 08:21:03 - [TEST_STEP][PASSED] - "------------------------------------": null

2020-01-17 08:21:03 - [TEST_STEP][PASSED] - if (Website_Version == "new"): null

2020-01-17 08:21:03 - [TEST_STEP][PASSED] - else: Text 'Over a million visits to Checkatrade each month' is present on page 

2020-01-17 08:21:03 - [TEST_STEP][PASSED] - verifyTextPresent("Helping you find the right trade or service", false): Text 'Helping you find the right trade or service' is present on page 

2020-01-17 08:21:03 - [MESSAGE][PASSED] - Text 'Helping you find the right trade or service' is present on page 

2020-01-17 08:21:03 - [TEST_STEP][PASSED] - verifyTextPresent("Search through over", false): Text 'Search through over' is present on page 

2020-01-17 08:21:04 - [MESSAGE][PASSED] - Text 'Search through over' is present on page 

2020-01-17 08:21:04 - [TEST_STEP][PASSED] - verifyTextPresent("recommended, vetted and monitored trades and service providers for free.", false): Text 'recommended, vetted and monitored trades and service providers for free.' is present on page 

2020-01-17 08:21:04 - [MESSAGE][PASSED] - Text 'recommended, vetted and monitored trades and service providers for free.' is present on page 

2020-01-17 08:21:04 - [TEST_STEP][PASSED] - verifyTextPresent("reviews published so far – thank you!", false): Text 'reviews published so far – thank you!' is present on page 

2020-01-17 08:21:04 - [MESSAGE][PASSED] - Text 'reviews published so far – thank you!' is present on page 

2020-01-17 08:21:04 - [TEST_STEP][PASSED] - verifyTextPresent("I need a trade or service", false): Text 'I need a trade or service' is present on page 

2020-01-17 08:21:04 - [MESSAGE][PASSED] - Text 'I need a trade or service' is present on page 

2020-01-17 08:21:04 - [TEST_STEP][PASSED] - verifyTextPresent("Every trader thoroughly checked and vetted", false): Text 'Every trader thoroughly checked and vetted' is present on page 

2020-01-17 08:21:04 - [MESSAGE][PASSED] - Text 'Every trader thoroughly checked and vetted' is present on page 

2020-01-17 08:21:04 - [TEST_STEP][PASSED] - "------------------------------------": null

2020-01-17 08:21:04 - [TEST_STEP][PASSED] - verifyTextPresent("reviews published so far – thank you!", false): Text 'reviews published so far – thank you!' is present on page 

2020-01-17 08:21:04 - [MESSAGE][PASSED] - Text 'reviews published so far – thank you!' is present on page 

2020-01-17 08:21:04 - [TEST_STEP][PASSED] - verifyTextPresent("Find out more", false): Text 'Find out more' is present on page 

2020-01-17 08:21:04 - [MESSAGE][PASSED] - Text 'Find out more' is present on page 

2020-01-17 08:21:04 - [TEST_STEP][PASSED] - verifyTextPresent("I am a tradesman", false): Text 'I am a tradesman' is present on page 

2020-01-17 08:21:04 - [MESSAGE][PASSED] - Text 'I am a tradesman' is present on page 

2020-01-17 08:21:04 - [TEST_STEP][PASSED] - verifyTextPresent("Find out more", false): Text 'Find out more' is present on page 

2020-01-17 08:21:05 - [MESSAGE][PASSED] - Text 'Find out more' is present on page 

2020-01-17 08:21:05 - [TEST_STEP][PASSED] - verifyTextPresent("Over a million visits to Checkatrade each month", false): Text 'Over a million visits to Checkatrade each month' is present on page 

2020-01-17 08:21:05 - [MESSAGE][PASSED] - Text 'Over a million visits to Checkatrade each month' is present on page 

2020-01-17 08:21:05 - [MESSAGE][PASSED] - Call Test Case 'Test Cases/Reusable_Test_Sequences/CAT_Home' successfully

2020-01-17 08:21:05 - [TEST_STEP][PASSED] - "---------------------------------------": null

2020-01-17 08:21:05 - [TEST_STEP][PASSED] - " Set and SEARCH TRADE CLASSIFICATION   |": null

2020-01-17 08:21:05 - [TEST_STEP][PASSED] - callTestCase(findTestCase("Reusable_Test_Sequences/CAT_Enter_Trade_Classification"), [:], CONTINUE_ON_FAILURE): Call Test Case 'Test Cases/Reusable_Test_Sequences/CAT_Enter_Trade_Classification' successfully

2020-01-17 08:21:05 - [TEST_CASE][PASSED] - Test Cases/Reusable_Test_Sequences/CAT_Enter_Trade_Classification: Test Cases/Reusable_Test_Sequences/CAT_Enter_Trade_Classification

2020-01-17 08:21:05 - [TEST_STEP][PASSED] - "---------------------------------": null

2020-01-17 08:21:05 - [TEST_STEP][PASSED] - "Set and SEARCH SELECTED TRADE": null

2020-01-17 08:21:05 - [TEST_STEP][PASSED] - if (Website_Version == "new"): null

2020-01-17 08:21:05 - [TEST_STEP][PASSED] - else: Text 'Electrician' is set on object 'Object Repository/Checkatrade_Trade_Search_Page/Page_Checkatrade Find a tradesperson you can trust/input_Search_Button_FF'

2020-01-17 08:21:05 - [TEST_STEP][PASSED] - click(findTestObject("Object Repository/Checkatrade_Trade_Search_Page/Page_Checkatrade Find a tradesperson you can trust/input_Search_Button_FF")): Object: 'Object Repository/Checkatrade_Trade_Search_Page/Page_Checkatrade Find a tradesperson you can trust/input_Search_Button_FF' is clicked on

2020-01-17 08:21:05 - [MESSAGE][PASSED] - Object: 'Object Repository/Checkatrade_Trade_Search_Page/Page_Checkatrade Find a tradesperson you can trust/input_Search_Button_FF' is clicked on

2020-01-17 08:21:05 - [TEST_STEP][PASSED] - setText(findTestObject("Object Repository/Checkatrade_Trade_Search_Page/Page_Checkatrade Find a tradesperson you can trust/input_Search_Button_FF"), findTestData("searchTestData").getValue("tradeClassification", row)): Text 'Electrician' is set on object 'Object Repository/Checkatrade_Trade_Search_Page/Page_Checkatrade Find a tradesperson you can trust/input_Search_Button_FF'

2020-01-17 08:21:06 - [MESSAGE][PASSED] - Text 'Electrician' is set on object 'Object Repository/Checkatrade_Trade_Search_Page/Page_Checkatrade Find a tradesperson you can trust/input_Search_Button_FF'

2020-01-17 08:21:06 - [MESSAGE][PASSED] - Call Test Case 'Test Cases/Reusable_Test_Sequences/CAT_Enter_Trade_Classification' successfully

2020-01-17 08:21:06 - [TEST_STEP][PASSED] - "---------------------------------------": null

2020-01-17 08:21:06 - [TEST_STEP][PASSED] - " Set and SEARCH TRADE LOCATION         |": null

2020-01-17 08:21:06 - [TEST_STEP][PASSED] - callTestCase(findTestCase("Reusable_Test_Sequences/CAT_Enter_Trade_Location"), [:], CONTINUE_ON_FAILURE): Call Test Case 'Test Cases/Reusable_Test_Sequences/CAT_Enter_Trade_Location' successfully

2020-01-17 08:21:06 - [TEST_CASE][PASSED] - Test Cases/Reusable_Test_Sequences/CAT_Enter_Trade_Location: Test Cases/Reusable_Test_Sequences/CAT_Enter_Trade_Location

2020-01-17 08:21:06 - [TEST_STEP][PASSED] - "---------------------------------": null

2020-01-17 08:21:06 - [TEST_STEP][PASSED] - "Set and SEARCH SELECTED LOCATION |": null

2020-01-17 08:21:06 - [TEST_STEP][PASSED] - if (Website_Version == "new"): null

2020-01-17 08:21:06 - [TEST_STEP][PASSED] - else: Text 'Orkney' is set on object 'Object Repository/Checkatrade_Trade_Search_Page/Page_Checkatrade Find a tradesperson you can trust/input_Not here_location'

2020-01-17 08:21:06 - [TEST_STEP][PASSED] - click(findTestObject("Object Repository/Checkatrade_Trade_Search_Page/Page_Checkatrade Find a tradesperson you can trust/input_Not here_location")): Object: 'Object Repository/Checkatrade_Trade_Search_Page/Page_Checkatrade Find a tradesperson you can trust/input_Not here_location' is clicked on

2020-01-17 08:21:06 - [MESSAGE][PASSED] - Object: 'Object Repository/Checkatrade_Trade_Search_Page/Page_Checkatrade Find a tradesperson you can trust/input_Not here_location' is clicked on

2020-01-17 08:21:06 - [TEST_STEP][PASSED] - setText(findTestObject("Object Repository/Checkatrade_Trade_Search_Page/Page_Checkatrade Find a tradesperson you can trust/input_Not here_location"), findTestData("searchTestData").getValue("tradeLocation", row)): Text 'Orkney' is set on object 'Object Repository/Checkatrade_Trade_Search_Page/Page_Checkatrade Find a tradesperson you can trust/input_Not here_location'

2020-01-17 08:21:06 - [MESSAGE][PASSED] - Text 'Orkney' is set on object 'Object Repository/Checkatrade_Trade_Search_Page/Page_Checkatrade Find a tradesperson you can trust/input_Not here_location'

2020-01-17 08:21:06 - [MESSAGE][PASSED] - Call Test Case 'Test Cases/Reusable_Test_Sequences/CAT_Enter_Trade_Location' successfully

2020-01-17 08:21:06 - [TEST_STEP][PASSED] - "---------------------------------------": null

2020-01-17 08:21:06 - [TEST_STEP][PASSED] - " Scroll Search Button into View        |": null

2020-01-17 08:21:06 - [TEST_STEP][PASSED] - "---------------------------------------": null

2020-01-17 08:21:06 - [TEST_STEP][PASSED] - "---------------------------------------": null

2020-01-17 08:21:06 - [TEST_STEP][PASSED] - " Hit Search Button                     |": null

2020-01-17 08:21:06 - [TEST_STEP][PASSED] - callTestCase(findTestCase("Reusable_Test_Sequences/CAT_Hit_Search_Button"), [:], CONTINUE_ON_FAILURE): Call Test Case 'Test Cases/Reusable_Test_Sequences/CAT_Hit_Search_Button' successfully

2020-01-17 08:21:06 - [TEST_CASE][PASSED] - Test Cases/Reusable_Test_Sequences/CAT_Hit_Search_Button: Test Cases/Reusable_Test_Sequences/CAT_Hit_Search_Button

2020-01-17 08:21:06 - [TEST_STEP][PASSED] - "---------------------------------": null

2020-01-17 08:21:06 - [TEST_STEP][PASSED] - "HIT SEARCH": null

2020-01-17 08:21:06 - [TEST_STEP][PASSED] - "---------------------------------": null

2020-01-17 08:21:06 - [TEST_STEP][PASSED] - if (Website_Version == "new"): null

2020-01-17 08:21:06 - [TEST_STEP][PASSED] - else: Object: 'Object Repository/Checkatrade_Trade_Search_Page/Page_Checkatrade Find a tradesperson you can trust/Page_Checkatrade Find a tradesperson you can trust/a_Search' is clicked on

2020-01-17 08:21:06 - [TEST_STEP][PASSED] - waitForElementClickable(findTestObject("Object Repository/Checkatrade_Trade_Search_Page/Page_Checkatrade Find a tradesperson you can trust/Page_Checkatrade Find a tradesperson you can trust/a_Search"), 25): Object 'Object Repository/Checkatrade_Trade_Search_Page/Page_Checkatrade Find a tradesperson you can trust/Page_Checkatrade Find a tradesperson you can trust/a_Search' is clickable

2020-01-17 08:21:07 - [MESSAGE][PASSED] - Object 'Object Repository/Checkatrade_Trade_Search_Page/Page_Checkatrade Find a tradesperson you can trust/Page_Checkatrade Find a tradesperson you can trust/a_Search' is clickable

2020-01-17 08:21:07 - [TEST_STEP][PASSED] - click(findTestObject("Object Repository/Checkatrade_Trade_Search_Page/Page_Checkatrade Find a tradesperson you can trust/Page_Checkatrade Find a tradesperson you can trust/a_Search")): Object: 'Object Repository/Checkatrade_Trade_Search_Page/Page_Checkatrade Find a tradesperson you can trust/Page_Checkatrade Find a tradesperson you can trust/a_Search' is clicked on

2020-01-17 08:21:14 - [MESSAGE][PASSED] - Object: 'Object Repository/Checkatrade_Trade_Search_Page/Page_Checkatrade Find a tradesperson you can trust/Page_Checkatrade Find a tradesperson you can trust/a_Search' is clicked on

2020-01-17 08:21:14 - [MESSAGE][PASSED] - Call Test Case 'Test Cases/Reusable_Test_Sequences/CAT_Hit_Search_Button' successfully

2020-01-17 08:21:14 - [TEST_STEP][PASSED] - "---------------------------------------": null

2020-01-17 08:21:14 - [TEST_STEP][PASSED] - " Verify Returned Page is as Expected   |": null

2020-01-17 08:21:14 - [TEST_STEP][PASSED] - callTestCase(findTestCase("Reusable_Test_Sequences/CAT_Verification"), [:], CONTINUE_ON_FAILURE): Call Test Case 'Test Cases/Reusable_Test_Sequences/CAT_Verification' successfully

2020-01-17 08:21:14 - [TEST_CASE][PASSED] - Test Cases/Reusable_Test_Sequences/CAT_Verification: Test Cases/Reusable_Test_Sequences/CAT_Verification

2020-01-17 08:21:14 - [TEST_STEP][PASSED] - "Updated 05/12/2019 due to wholesale Home page changes": null

2020-01-17 08:21:14 - [TEST_STEP][PASSED] - "Expected cantantenated text is Returned": null

2020-01-17 08:21:14 - [TEST_STEP][PASSED] - delay(1): Delayed 1 second(s)

2020-01-17 08:21:15 - [MESSAGE][PASSED] - Delayed 1 second(s)

2020-01-17 08:21:15 - [TEST_STEP][PASSED] - waitForPageLoad(60): Wait for page load successfully

2020-01-17 08:21:15 - [MESSAGE][PASSED] - Wait for page load successfully

2020-01-17 08:21:15 - [TEST_STEP][PASSED] - verifyTextPresent(findTestData("searchTestData").getValue("tradeClassification", row), false): Text 'Electrician' is present on page 

2020-01-17 08:21:15 - [MESSAGE][PASSED] - Text 'Electrician' is present on page 

2020-01-17 08:21:15 - [TEST_STEP][PASSED] - verifyTextPresent(findTestData("searchTestData").getValue("tradeLocation", row), false): Text 'Orkney' is present on page 

2020-01-17 08:21:16 - [MESSAGE][PASSED] - Text 'Orkney' is present on page 

2020-01-17 08:21:16 - [MESSAGE][PASSED] - Call Test Case 'Test Cases/Reusable_Test_Sequences/CAT_Verification' successfully

2020-01-17 08:21:16 - [TEST_STEP][PASSED] - "--------------------------": null

2020-01-17 08:21:16 - [TEST_STEP][PASSED] - " Teardown - CLose Browser |": null

2020-01-17 08:21:16 - [TEST_STEP][PASSED] - callTestCase(findTestCase("Reusable_Test_Sequences/CAT_Teardown"), [:], OPTIONAL): Call Test Case 'Test Cases/Reusable_Test_Sequences/CAT_Teardown' successfully

2020-01-17 08:21:16 - [TEST_CASE][PASSED] - Test Cases/Reusable_Test_Sequences/CAT_Teardown: Test Cases/Reusable_Test_Sequences/CAT_Teardown

2020-01-17 08:21:16 - [TEST_STEP][PASSED] - closeBrowser(): Browser is closed

2020-01-17 08:21:17 - [MESSAGE][PASSED] - Browser is closed

2020-01-17 08:21:17 - [MESSAGE][PASSED] - Call Test Case 'Test Cases/Reusable_Test_Sequences/CAT_Teardown' successfully

2020-01-17 08:21:17 - [TEST_STEP][PASSED] - callTestCase(findTestCase("Reusable_Test_Sequences/CAT_Setup"), [:], OPTIONAL): Call Test Case 'Test Cases/Reusable_Test_Sequences/CAT_Setup' successfully

2020-01-17 08:21:17 - [TEST_CASE][PASSED] - Test Cases/Reusable_Test_Sequences/CAT_Setup: Test Cases/Reusable_Test_Sequences/CAT_Setup

2020-01-17 08:21:17 - [TEST_STEP][PASSED] - "------------------------------": null

2020-01-17 08:21:17 - [TEST_STEP][PASSED] - " Set Mobile Device Testing    |": null

2020-01-17 08:21:17 - [TEST_STEP][PASSED] - if (Mobile_Flag == "true"): null

2020-01-17 08:21:17 - [TEST_STEP][PASSED] - "------------------------------": null

2020-01-17 08:21:17 - [TEST_STEP][PASSED] - " Set Mobile Device Testing    |": null

2020-01-17 08:21:17 - [TEST_STEP][PASSED] - "------------------------------": null

2020-01-17 08:21:17 - [TEST_STEP][PASSED] - "URL - Set from the ENVIRONMENT PROFILE ": null

2020-01-17 08:21:17 - [TEST_STEP][PASSED] - openBrowser(URL): Browser is opened with url: 'https://www.preview.checkatrade.com/'

2020-01-17 08:21:17 - [MESSAGE][INFO] - Starting 'Chrome' driver

2020-01-17 08:21:24 - [MESSAGE][PASSED] - Browser is opened with url: 'https://www.preview.checkatrade.com/'

2020-01-17 08:21:24 - [TEST_STEP][PASSED] - maximizeWindow(): Current window maximized

2020-01-17 08:21:28 - [MESSAGE][PASSED] - Current window maximized

2020-01-17 08:21:28 - [TEST_STEP][PASSED] - waitForPageLoad(60): Wait for page load successfully

2020-01-17 08:21:28 - [MESSAGE][PASSED] - Wait for page load successfully

2020-01-17 08:21:28 - [TEST_STEP][PASSED] - "Previous Functionalilty Left Commented For Ease Of reversion": null

2020-01-17 08:21:28 - [TEST_STEP][PASSED] - try: Text 'Cookie Policy' is not present on page

2020-01-17 08:21:28 - [TEST_STEP][PASSED] - verifyElementPresent(findTestObject("Object Repository/Cookies/Page_Checkatrade Find a tradesperson you can trust/button_Accept All"), 5): Object 'Object Repository/Cookies/Page_Checkatrade Find a tradesperson you can trust/button_Accept All' is present

2020-01-17 08:21:28 - [MESSAGE][PASSED] - Object 'Object Repository/Cookies/Page_Checkatrade Find a tradesperson you can trust/button_Accept All' is present

2020-01-17 08:21:28 - [TEST_STEP][PASSED] - click(findTestObject("Object Repository/Cookies/Page_Checkatrade Find a tradesperson you can trust/button_Accept All")): Object: 'Object Repository/Cookies/Page_Checkatrade Find a tradesperson you can trust/button_Accept All' is clicked on

2020-01-17 08:21:28 - [MESSAGE][PASSED] - Object: 'Object Repository/Cookies/Page_Checkatrade Find a tradesperson you can trust/button_Accept All' is clicked on

2020-01-17 08:21:28 - [TEST_STEP][PASSED] - "---------------------------------": null

2020-01-17 08:21:28 - [TEST_STEP][PASSED] - "COOKIE POPOUT REMOVED - Confirmed": null

2020-01-17 08:21:28 - [TEST_STEP][PASSED] - delay(1): Delayed 1 second(s)

2020-01-17 08:21:29 - [MESSAGE][PASSED] - Delayed 1 second(s)

2020-01-17 08:21:29 - [TEST_STEP][PASSED] - verifyTextNotPresent("We use cookies to personalise content and ads, to provide social media features and to analyse our traffic", false): Text 'We use cookies to personalise content and ads, to provide social media features and to analyse our traffic' is not present on page

2020-01-17 08:21:30 - [MESSAGE][PASSED] - Text 'We use cookies to personalise content and ads, to provide social media features and to analyse our traffic' is not present on page

2020-01-17 08:21:30 - [TEST_STEP][PASSED] - verifyTextNotPresent(" We also share information about your use of our site with our social media, advertising and analytics partners", false): Text ' We also share information about your use of our site with our social media, advertising and analytics partners' is not present on page

2020-01-17 08:21:30 - [MESSAGE][PASSED] - Text ' We also share information about your use of our site with our social media, advertising and analytics partners' is not present on page

2020-01-17 08:21:30 - [TEST_STEP][PASSED] - verifyTextNotPresent("Cookie Policy", false): Text 'Cookie Policy' is not present on page

2020-01-17 08:21:30 - [MESSAGE][PASSED] - Text 'Cookie Policy' is not present on page

2020-01-17 08:21:30 - [TEST_STEP][PASSED] - waitForPageLoad(60): Wait for page load successfully

2020-01-17 08:21:30 - [MESSAGE][PASSED] - Wait for page load successfully

2020-01-17 08:21:30 - [TEST_STEP][PASSED] - "COOKIE - ORIGINAL": null

2020-01-17 08:21:30 - [TEST_STEP][PASSED] - if (waitForElementVisible(findTestObject("Object Repository/Feedback/Page_Checkatrade Give your feedback/input_Member_to_Review"), 5)): Web element with id: 'Object Repository/Feedback/Page_Checkatrade Give your feedback/input_Member_to_Review' located by 'By.xpath: //input[@id='feedback-form__company_autocomplete_input']' not found

2020-01-17 08:21:35 - [MESSAGE][INFO] - Unable to find the element located by 'By.xpath: //input[@id='feedback-form__company_autocomplete_input']'. Please recheck the objects properties to make sure the desired element is located. 

2020-01-17 08:21:35 - [MESSAGE][WARNING] - Web element with id: 'Object Repository/Feedback/Page_Checkatrade Give your feedback/input_Member_to_Review' located by 'By.xpath: //input[@id='feedback-form__company_autocomplete_input']' not found

2020-01-17 08:21:35 - [TEST_STEP][PASSED] - else: The <<<OLD>>> Website was detected by the STARTUP Process

2020-01-17 08:21:35 - [TEST_STEP][PASSED] - if (!(verifyElementVisible(findTestObject("Object Repository/Checkatrade_Trade_Search_Page/Page_Checkatrade Find a tradesperson you can trust/input_Search_Button_FF")))): Object 'Object Repository/Checkatrade_Trade_Search_Page/Page_Checkatrade Find a tradesperson you can trust/input_Search_Button_FF' is visible

2020-01-17 08:21:35 - [MESSAGE][PASSED] - Object 'Object Repository/Checkatrade_Trade_Search_Page/Page_Checkatrade Find a tradesperson you can trust/input_Search_Button_FF' is visible

2020-01-17 08:21:35 - [TEST_STEP][PASSED] - else: The <<<OLD>>> Website was detected by the STARTUP Process

2020-01-17 08:21:35 - [TEST_STEP][PASSED] - Website_Version = "old": null

2020-01-17 08:21:35 - [TEST_STEP][PASSED] - logInfo("The <<<OLD>>> Website was detected by the STARTUP Process"): The <<<OLD>>> Website was detected by the STARTUP Process

2020-01-17 08:21:35 - [MESSAGE][INFO] - The <<<OLD>>> Website was detected by the STARTUP Process

2020-01-17 08:21:35 - [MESSAGE][PASSED] - Call Test Case 'Test Cases/Reusable_Test_Sequences/CAT_Setup' successfully

2020-01-17 08:21:35 - [TEST_STEP][PASSED] - callTestCase(findTestCase("Reusable_Test_Sequences/CAT_Home"), [:], CONTINUE_ON_FAILURE): Call Test Case 'Test Cases/Reusable_Test_Sequences/CAT_Home' successfully

2020-01-17 08:21:35 - [TEST_CASE][PASSED] - Test Cases/Reusable_Test_Sequences/CAT_Home: Test Cases/Reusable_Test_Sequences/CAT_Home

2020-01-17 08:21:35 - [TEST_STEP][PASSED] - waitForPageLoad(60): Wait for page load successfully

2020-01-17 08:21:35 - [MESSAGE][PASSED] - Wait for page load successfully

2020-01-17 08:21:35 - [TEST_STEP][PASSED] - delay(2): Delayed 2 second(s)

2020-01-17 08:21:37 - [MESSAGE][PASSED] - Delayed 2 second(s)

2020-01-17 08:21:37 - [TEST_STEP][PASSED] - "------------------------------------": null

2020-01-17 08:21:37 - [TEST_STEP][PASSED] - if (Website_Version == "new"): null

2020-01-17 08:21:37 - [TEST_STEP][PASSED] - else: Text 'Over a million visits to Checkatrade each month' is present on page 

2020-01-17 08:21:37 - [TEST_STEP][PASSED] - verifyTextPresent("Helping you find the right trade or service", false): Text 'Helping you find the right trade or service' is present on page 

2020-01-17 08:21:37 - [MESSAGE][PASSED] - Text 'Helping you find the right trade or service' is present on page 

2020-01-17 08:21:37 - [TEST_STEP][PASSED] - verifyTextPresent("Search through over", false): Text 'Search through over' is present on page 

2020-01-17 08:21:37 - [MESSAGE][PASSED] - Text 'Search through over' is present on page 

2020-01-17 08:21:37 - [TEST_STEP][PASSED] - verifyTextPresent("recommended, vetted and monitored trades and service providers for free.", false): Text 'recommended, vetted and monitored trades and service providers for free.' is present on page 

2020-01-17 08:21:38 - [MESSAGE][PASSED] - Text 'recommended, vetted and monitored trades and service providers for free.' is present on page 

2020-01-17 08:21:38 - [TEST_STEP][PASSED] - verifyTextPresent("reviews published so far – thank you!", false): Text 'reviews published so far – thank you!' is present on page 

2020-01-17 08:21:38 - [MESSAGE][PASSED] - Text 'reviews published so far – thank you!' is present on page 

2020-01-17 08:21:38 - [TEST_STEP][PASSED] - verifyTextPresent("I need a trade or service", false): Text 'I need a trade or service' is present on page 

2020-01-17 08:21:38 - [MESSAGE][PASSED] - Text 'I need a trade or service' is present on page 

2020-01-17 08:21:38 - [TEST_STEP][PASSED] - verifyTextPresent("Every trader thoroughly checked and vetted", false): Text 'Every trader thoroughly checked and vetted' is present on page 

2020-01-17 08:21:38 - [MESSAGE][PASSED] - Text 'Every trader thoroughly checked and vetted' is present on page 

2020-01-17 08:21:38 - [TEST_STEP][PASSED] - "------------------------------------": null

2020-01-17 08:21:38 - [TEST_STEP][PASSED] - verifyTextPresent("reviews published so far – thank you!", false): Text 'reviews published so far – thank you!' is present on page 

2020-01-17 08:21:38 - [MESSAGE][PASSED] - Text 'reviews published so far – thank you!' is present on page 

2020-01-17 08:21:38 - [TEST_STEP][PASSED] - verifyTextPresent("Find out more", false): Text 'Find out more' is present on page 

2020-01-17 08:21:38 - [MESSAGE][PASSED] - Text 'Find out more' is present on page 

2020-01-17 08:21:38 - [TEST_STEP][PASSED] - verifyTextPresent("I am a tradesman", false): Text 'I am a tradesman' is present on page 

2020-01-17 08:21:38 - [MESSAGE][PASSED] - Text 'I am a tradesman' is present on page 

2020-01-17 08:21:38 - [TEST_STEP][PASSED] - verifyTextPresent("Find out more", false): Text 'Find out more' is present on page 

2020-01-17 08:21:38 - [MESSAGE][PASSED] - Text 'Find out more' is present on page 

2020-01-17 08:21:38 - [TEST_STEP][PASSED] - verifyTextPresent("Over a million visits to Checkatrade each month", false): Text 'Over a million visits to Checkatrade each month' is present on page 

2020-01-17 08:21:39 - [MESSAGE][PASSED] - Text 'Over a million visits to Checkatrade each month' is present on page 

2020-01-17 08:21:39 - [MESSAGE][PASSED] - Call Test Case 'Test Cases/Reusable_Test_Sequences/CAT_Home' successfully

2020-01-17 08:21:39 - [TEST_STEP][PASSED] - "---------------------------------------": null

2020-01-17 08:21:39 - [TEST_STEP][PASSED] - " Set and SEARCH TRADE CLASSIFICATION   |": null

2020-01-17 08:21:39 - [TEST_STEP][PASSED] - callTestCase(findTestCase("Reusable_Test_Sequences/CAT_Enter_Trade_Classification"), [:], CONTINUE_ON_FAILURE): Call Test Case 'Test Cases/Reusable_Test_Sequences/CAT_Enter_Trade_Classification' successfully

2020-01-17 08:21:39 - [TEST_CASE][PASSED] - Test Cases/Reusable_Test_Sequences/CAT_Enter_Trade_Classification: Test Cases/Reusable_Test_Sequences/CAT_Enter_Trade_Classification

2020-01-17 08:21:39 - [TEST_STEP][PASSED] - "---------------------------------": null

2020-01-17 08:21:39 - [TEST_STEP][PASSED] - "Set and SEARCH SELECTED TRADE": null

2020-01-17 08:21:39 - [TEST_STEP][PASSED] - if (Website_Version == "new"): null

2020-01-17 08:21:39 - [TEST_STEP][PASSED] - else: Text 'Diagnostic Testing' is set on object 'Object Repository/Checkatrade_Trade_Search_Page/Page_Checkatrade Find a tradesperson you can trust/input_Search_Button_FF'

2020-01-17 08:21:39 - [TEST_STEP][PASSED] - click(findTestObject("Object Repository/Checkatrade_Trade_Search_Page/Page_Checkatrade Find a tradesperson you can trust/input_Search_Button_FF")): Object: 'Object Repository/Checkatrade_Trade_Search_Page/Page_Checkatrade Find a tradesperson you can trust/input_Search_Button_FF' is clicked on

2020-01-17 08:21:39 - [MESSAGE][PASSED] - Object: 'Object Repository/Checkatrade_Trade_Search_Page/Page_Checkatrade Find a tradesperson you can trust/input_Search_Button_FF' is clicked on

2020-01-17 08:21:39 - [TEST_STEP][PASSED] - setText(findTestObject("Object Repository/Checkatrade_Trade_Search_Page/Page_Checkatrade Find a tradesperson you can trust/input_Search_Button_FF"), findTestData("searchTestData").getValue("tradeClassification", row)): Text 'Diagnostic Testing' is set on object 'Object Repository/Checkatrade_Trade_Search_Page/Page_Checkatrade Find a tradesperson you can trust/input_Search_Button_FF'

2020-01-17 08:21:40 - [MESSAGE][PASSED] - Text 'Diagnostic Testing' is set on object 'Object Repository/Checkatrade_Trade_Search_Page/Page_Checkatrade Find a tradesperson you can trust/input_Search_Button_FF'

2020-01-17 08:21:40 - [MESSAGE][PASSED] - Call Test Case 'Test Cases/Reusable_Test_Sequences/CAT_Enter_Trade_Classification' successfully

2020-01-17 08:21:40 - [TEST_STEP][PASSED] - "---------------------------------------": null

2020-01-17 08:21:40 - [TEST_STEP][PASSED] - " Set and SEARCH TRADE LOCATION         |": null

2020-01-17 08:21:40 - [TEST_STEP][PASSED] - callTestCase(findTestCase("Reusable_Test_Sequences/CAT_Enter_Trade_Location"), [:], CONTINUE_ON_FAILURE): Call Test Case 'Test Cases/Reusable_Test_Sequences/CAT_Enter_Trade_Location' successfully

2020-01-17 08:21:40 - [TEST_CASE][PASSED] - Test Cases/Reusable_Test_Sequences/CAT_Enter_Trade_Location: Test Cases/Reusable_Test_Sequences/CAT_Enter_Trade_Location

2020-01-17 08:21:40 - [TEST_STEP][PASSED] - "---------------------------------": null

2020-01-17 08:21:40 - [TEST_STEP][PASSED] - "Set and SEARCH SELECTED LOCATION |": null

2020-01-17 08:21:40 - [TEST_STEP][PASSED] - if (Website_Version == "new"): null

2020-01-17 08:21:40 - [TEST_STEP][PASSED] - else: Text 'Angmering' is set on object 'Object Repository/Checkatrade_Trade_Search_Page/Page_Checkatrade Find a tradesperson you can trust/input_Not here_location'

2020-01-17 08:21:40 - [TEST_STEP][PASSED] - click(findTestObject("Object Repository/Checkatrade_Trade_Search_Page/Page_Checkatrade Find a tradesperson you can trust/input_Not here_location")): Object: 'Object Repository/Checkatrade_Trade_Search_Page/Page_Checkatrade Find a tradesperson you can trust/input_Not here_location' is clicked on

2020-01-17 08:21:40 - [MESSAGE][PASSED] - Object: 'Object Repository/Checkatrade_Trade_Search_Page/Page_Checkatrade Find a tradesperson you can trust/input_Not here_location' is clicked on

2020-01-17 08:21:40 - [TEST_STEP][PASSED] - setText(findTestObject("Object Repository/Checkatrade_Trade_Search_Page/Page_Checkatrade Find a tradesperson you can trust/input_Not here_location"), findTestData("searchTestData").getValue("tradeLocation", row)): Text 'Angmering' is set on object 'Object Repository/Checkatrade_Trade_Search_Page/Page_Checkatrade Find a tradesperson you can trust/input_Not here_location'

2020-01-17 08:21:40 - [MESSAGE][PASSED] - Text 'Angmering' is set on object 'Object Repository/Checkatrade_Trade_Search_Page/Page_Checkatrade Find a tradesperson you can trust/input_Not here_location'

2020-01-17 08:21:40 - [MESSAGE][PASSED] - Call Test Case 'Test Cases/Reusable_Test_Sequences/CAT_Enter_Trade_Location' successfully

2020-01-17 08:21:40 - [TEST_STEP][PASSED] - "---------------------------------------": null

2020-01-17 08:21:40 - [TEST_STEP][PASSED] - " Scroll Search Button into View        |": null

2020-01-17 08:21:40 - [TEST_STEP][PASSED] - "---------------------------------------": null

2020-01-17 08:21:40 - [TEST_STEP][PASSED] - "---------------------------------------": null

2020-01-17 08:21:40 - [TEST_STEP][PASSED] - " Hit Search Button                     |": null

2020-01-17 08:21:40 - [TEST_STEP][PASSED] - callTestCase(findTestCase("Reusable_Test_Sequences/CAT_Hit_Search_Button"), [:], CONTINUE_ON_FAILURE): Call Test Case 'Test Cases/Reusable_Test_Sequences/CAT_Hit_Search_Button' successfully

2020-01-17 08:21:40 - [TEST_CASE][PASSED] - Test Cases/Reusable_Test_Sequences/CAT_Hit_Search_Button: Test Cases/Reusable_Test_Sequences/CAT_Hit_Search_Button

2020-01-17 08:21:40 - [TEST_STEP][PASSED] - "---------------------------------": null

2020-01-17 08:21:40 - [TEST_STEP][PASSED] - "HIT SEARCH": null

2020-01-17 08:21:40 - [TEST_STEP][PASSED] - "---------------------------------": null

2020-01-17 08:21:40 - [TEST_STEP][PASSED] - if (Website_Version == "new"): null

2020-01-17 08:21:40 - [TEST_STEP][PASSED] - else: Object: 'Object Repository/Checkatrade_Trade_Search_Page/Page_Checkatrade Find a tradesperson you can trust/Page_Checkatrade Find a tradesperson you can trust/a_Search' is clicked on

2020-01-17 08:21:40 - [TEST_STEP][PASSED] - waitForElementClickable(findTestObject("Object Repository/Checkatrade_Trade_Search_Page/Page_Checkatrade Find a tradesperson you can trust/Page_Checkatrade Find a tradesperson you can trust/a_Search"), 25): Object 'Object Repository/Checkatrade_Trade_Search_Page/Page_Checkatrade Find a tradesperson you can trust/Page_Checkatrade Find a tradesperson you can trust/a_Search' is clickable

2020-01-17 08:21:40 - [MESSAGE][PASSED] - Object 'Object Repository/Checkatrade_Trade_Search_Page/Page_Checkatrade Find a tradesperson you can trust/Page_Checkatrade Find a tradesperson you can trust/a_Search' is clickable

2020-01-17 08:21:40 - [TEST_STEP][PASSED] - click(findTestObject("Object Repository/Checkatrade_Trade_Search_Page/Page_Checkatrade Find a tradesperson you can trust/Page_Checkatrade Find a tradesperson you can trust/a_Search")): Object: 'Object Repository/Checkatrade_Trade_Search_Page/Page_Checkatrade Find a tradesperson you can trust/Page_Checkatrade Find a tradesperson you can trust/a_Search' is clicked on

2020-01-17 08:21:44 - [MESSAGE][PASSED] - Object: 'Object Repository/Checkatrade_Trade_Search_Page/Page_Checkatrade Find a tradesperson you can trust/Page_Checkatrade Find a tradesperson you can trust/a_Search' is clicked on

2020-01-17 08:21:44 - [MESSAGE][PASSED] - Call Test Case 'Test Cases/Reusable_Test_Sequences/CAT_Hit_Search_Button' successfully

2020-01-17 08:21:44 - [TEST_STEP][PASSED] - "---------------------------------------": null

2020-01-17 08:21:44 - [TEST_STEP][PASSED] - " Verify Returned Page is as Expected   |": null

2020-01-17 08:21:44 - [TEST_STEP][PASSED] - callTestCase(findTestCase("Reusable_Test_Sequences/CAT_Verification"), [:], CONTINUE_ON_FAILURE): Call Test Case 'Test Cases/Reusable_Test_Sequences/CAT_Verification' successfully

2020-01-17 08:21:44 - [TEST_CASE][PASSED] - Test Cases/Reusable_Test_Sequences/CAT_Verification: Test Cases/Reusable_Test_Sequences/CAT_Verification

2020-01-17 08:21:44 - [TEST_STEP][PASSED] - "Updated 05/12/2019 due to wholesale Home page changes": null

2020-01-17 08:21:44 - [TEST_STEP][PASSED] - "Expected cantantenated text is Returned": null

2020-01-17 08:21:44 - [TEST_STEP][PASSED] - delay(1): Delayed 1 second(s)

2020-01-17 08:21:45 - [MESSAGE][PASSED] - Delayed 1 second(s)

2020-01-17 08:21:45 - [TEST_STEP][PASSED] - waitForPageLoad(60): Wait for page load successfully

2020-01-17 08:21:45 - [MESSAGE][PASSED] - Wait for page load successfully

2020-01-17 08:21:45 - [TEST_STEP][PASSED] - verifyTextPresent(findTestData("searchTestData").getValue("tradeClassification", row), false): Text 'Diagnostic Testing' is present on page 

2020-01-17 08:21:45 - [MESSAGE][PASSED] - Text 'Diagnostic Testing' is present on page 

2020-01-17 08:21:45 - [TEST_STEP][PASSED] - verifyTextPresent(findTestData("searchTestData").getValue("tradeLocation", row), false): Text 'Angmering' is present on page 

2020-01-17 08:21:46 - [MESSAGE][PASSED] - Text 'Angmering' is present on page 

2020-01-17 08:21:46 - [MESSAGE][PASSED] - Call Test Case 'Test Cases/Reusable_Test_Sequences/CAT_Verification' successfully

2020-01-17 08:21:46 - [TEST_STEP][PASSED] - "--------------------------": null

2020-01-17 08:21:46 - [TEST_STEP][PASSED] - " Teardown - CLose Browser |": null

2020-01-17 08:21:46 - [TEST_STEP][PASSED] - callTestCase(findTestCase("Reusable_Test_Sequences/CAT_Teardown"), [:], OPTIONAL): Call Test Case 'Test Cases/Reusable_Test_Sequences/CAT_Teardown' successfully

2020-01-17 08:21:46 - [TEST_CASE][PASSED] - Test Cases/Reusable_Test_Sequences/CAT_Teardown: Test Cases/Reusable_Test_Sequences/CAT_Teardown

2020-01-17 08:21:46 - [TEST_STEP][PASSED] - closeBrowser(): Browser is closed

2020-01-17 08:21:46 - [MESSAGE][PASSED] - Browser is closed

2020-01-17 08:21:46 - [MESSAGE][PASSED] - Call Test Case 'Test Cases/Reusable_Test_Sequences/CAT_Teardown' successfully

2020-01-17 08:21:46 - [TEST_STEP][PASSED] - callTestCase(findTestCase("Reusable_Test_Sequences/CAT_Setup"), [:], OPTIONAL): Call Test Case 'Test Cases/Reusable_Test_Sequences/CAT_Setup' successfully

2020-01-17 08:21:46 - [TEST_CASE][PASSED] - Test Cases/Reusable_Test_Sequences/CAT_Setup: Test Cases/Reusable_Test_Sequences/CAT_Setup

2020-01-17 08:21:46 - [TEST_STEP][PASSED] - "------------------------------": null

2020-01-17 08:21:46 - [TEST_STEP][PASSED] - " Set Mobile Device Testing    |": null

2020-01-17 08:21:46 - [TEST_STEP][PASSED] - if (Mobile_Flag == "true"): null

2020-01-17 08:21:46 - [TEST_STEP][PASSED] - "------------------------------": null

2020-01-17 08:21:46 - [TEST_STEP][PASSED] - " Set Mobile Device Testing    |": null

2020-01-17 08:21:46 - [TEST_STEP][PASSED] - "------------------------------": null

2020-01-17 08:21:46 - [TEST_STEP][PASSED] - "URL - Set from the ENVIRONMENT PROFILE ": null

2020-01-17 08:21:46 - [TEST_STEP][PASSED] - openBrowser(URL): Browser is opened with url: 'https://www.preview.checkatrade.com/'

2020-01-17 08:21:46 - [MESSAGE][INFO] - Starting 'Chrome' driver

2020-01-17 08:21:53 - [MESSAGE][PASSED] - Browser is opened with url: 'https://www.preview.checkatrade.com/'

2020-01-17 08:21:53 - [TEST_STEP][PASSED] - maximizeWindow(): Current window maximized

2020-01-17 08:21:57 - [MESSAGE][PASSED] - Current window maximized

2020-01-17 08:21:57 - [TEST_STEP][PASSED] - waitForPageLoad(60): Wait for page load successfully

2020-01-17 08:21:57 - [MESSAGE][PASSED] - Wait for page load successfully

2020-01-17 08:21:57 - [TEST_STEP][PASSED] - "Previous Functionalilty Left Commented For Ease Of reversion": null

2020-01-17 08:21:57 - [TEST_STEP][PASSED] - try: Text 'Cookie Policy' is not present on page

2020-01-17 08:21:57 - [TEST_STEP][PASSED] - verifyElementPresent(findTestObject("Object Repository/Cookies/Page_Checkatrade Find a tradesperson you can trust/button_Accept All"), 5): Object 'Object Repository/Cookies/Page_Checkatrade Find a tradesperson you can trust/button_Accept All' is present

2020-01-17 08:21:57 - [MESSAGE][PASSED] - Object 'Object Repository/Cookies/Page_Checkatrade Find a tradesperson you can trust/button_Accept All' is present

2020-01-17 08:21:57 - [TEST_STEP][PASSED] - click(findTestObject("Object Repository/Cookies/Page_Checkatrade Find a tradesperson you can trust/button_Accept All")): Object: 'Object Repository/Cookies/Page_Checkatrade Find a tradesperson you can trust/button_Accept All' is clicked on

2020-01-17 08:21:58 - [MESSAGE][PASSED] - Object: 'Object Repository/Cookies/Page_Checkatrade Find a tradesperson you can trust/button_Accept All' is clicked on

2020-01-17 08:21:58 - [TEST_STEP][PASSED] - "---------------------------------": null

2020-01-17 08:21:58 - [TEST_STEP][PASSED] - "COOKIE POPOUT REMOVED - Confirmed": null

2020-01-17 08:21:58 - [TEST_STEP][PASSED] - delay(1): Delayed 1 second(s)

2020-01-17 08:21:59 - [MESSAGE][PASSED] - Delayed 1 second(s)

2020-01-17 08:21:59 - [TEST_STEP][PASSED] - verifyTextNotPresent("We use cookies to personalise content and ads, to provide social media features and to analyse our traffic", false): Text 'We use cookies to personalise content and ads, to provide social media features and to analyse our traffic' is not present on page

2020-01-17 08:21:59 - [MESSAGE][PASSED] - Text 'We use cookies to personalise content and ads, to provide social media features and to analyse our traffic' is not present on page

2020-01-17 08:21:59 - [TEST_STEP][PASSED] - verifyTextNotPresent(" We also share information about your use of our site with our social media, advertising and analytics partners", false): Text ' We also share information about your use of our site with our social media, advertising and analytics partners' is not present on page

2020-01-17 08:21:59 - [MESSAGE][PASSED] - Text ' We also share information about your use of our site with our social media, advertising and analytics partners' is not present on page

2020-01-17 08:21:59 - [TEST_STEP][PASSED] - verifyTextNotPresent("Cookie Policy", false): Text 'Cookie Policy' is not present on page

2020-01-17 08:21:59 - [MESSAGE][PASSED] - Text 'Cookie Policy' is not present on page

2020-01-17 08:21:59 - [TEST_STEP][PASSED] - waitForPageLoad(60): Wait for page load successfully

2020-01-17 08:21:59 - [MESSAGE][PASSED] - Wait for page load successfully

2020-01-17 08:21:59 - [TEST_STEP][PASSED] - "COOKIE - ORIGINAL": null

2020-01-17 08:21:59 - [TEST_STEP][PASSED] - if (waitForElementVisible(findTestObject("Object Repository/Feedback/Page_Checkatrade Give your feedback/input_Member_to_Review"), 5)): Web element with id: 'Object Repository/Feedback/Page_Checkatrade Give your feedback/input_Member_to_Review' located by 'By.xpath: //input[@id='feedback-form__company_autocomplete_input']' not found

2020-01-17 08:22:04 - [MESSAGE][INFO] - Unable to find the element located by 'By.xpath: //input[@id='feedback-form__company_autocomplete_input']'. Please recheck the objects properties to make sure the desired element is located. 

2020-01-17 08:22:04 - [MESSAGE][WARNING] - Web element with id: 'Object Repository/Feedback/Page_Checkatrade Give your feedback/input_Member_to_Review' located by 'By.xpath: //input[@id='feedback-form__company_autocomplete_input']' not found

2020-01-17 08:22:04 - [TEST_STEP][PASSED] - else: The <<<OLD>>> Website was detected by the STARTUP Process

2020-01-17 08:22:04 - [TEST_STEP][PASSED] - if (!(verifyElementVisible(findTestObject("Object Repository/Checkatrade_Trade_Search_Page/Page_Checkatrade Find a tradesperson you can trust/input_Search_Button_FF")))): Object 'Object Repository/Checkatrade_Trade_Search_Page/Page_Checkatrade Find a tradesperson you can trust/input_Search_Button_FF' is visible

2020-01-17 08:22:04 - [MESSAGE][PASSED] - Object 'Object Repository/Checkatrade_Trade_Search_Page/Page_Checkatrade Find a tradesperson you can trust/input_Search_Button_FF' is visible

2020-01-17 08:22:04 - [TEST_STEP][PASSED] - else: The <<<OLD>>> Website was detected by the STARTUP Process

2020-01-17 08:22:04 - [TEST_STEP][PASSED] - Website_Version = "old": null

2020-01-17 08:22:04 - [TEST_STEP][PASSED] - logInfo("The <<<OLD>>> Website was detected by the STARTUP Process"): The <<<OLD>>> Website was detected by the STARTUP Process

2020-01-17 08:22:04 - [MESSAGE][INFO] - The <<<OLD>>> Website was detected by the STARTUP Process

2020-01-17 08:22:04 - [MESSAGE][PASSED] - Call Test Case 'Test Cases/Reusable_Test_Sequences/CAT_Setup' successfully

2020-01-17 08:22:04 - [TEST_STEP][PASSED] - callTestCase(findTestCase("Reusable_Test_Sequences/CAT_Home"), [:], CONTINUE_ON_FAILURE): Call Test Case 'Test Cases/Reusable_Test_Sequences/CAT_Home' successfully

2020-01-17 08:22:04 - [TEST_CASE][PASSED] - Test Cases/Reusable_Test_Sequences/CAT_Home: Test Cases/Reusable_Test_Sequences/CAT_Home

2020-01-17 08:22:04 - [TEST_STEP][PASSED] - waitForPageLoad(60): Wait for page load successfully

2020-01-17 08:22:04 - [MESSAGE][PASSED] - Wait for page load successfully

2020-01-17 08:22:04 - [TEST_STEP][PASSED] - delay(2): Delayed 2 second(s)

2020-01-17 08:22:06 - [MESSAGE][PASSED] - Delayed 2 second(s)

2020-01-17 08:22:06 - [TEST_STEP][PASSED] - "------------------------------------": null

2020-01-17 08:22:06 - [TEST_STEP][PASSED] - if (Website_Version == "new"): null

2020-01-17 08:22:06 - [TEST_STEP][PASSED] - else: Text 'Over a million visits to Checkatrade each month' is present on page 

2020-01-17 08:22:06 - [TEST_STEP][PASSED] - verifyTextPresent("Helping you find the right trade or service", false): Text 'Helping you find the right trade or service' is present on page 

2020-01-17 08:22:07 - [MESSAGE][PASSED] - Text 'Helping you find the right trade or service' is present on page 

2020-01-17 08:22:07 - [TEST_STEP][PASSED] - verifyTextPresent("Search through over", false): Text 'Search through over' is present on page 

2020-01-17 08:22:07 - [MESSAGE][PASSED] - Text 'Search through over' is present on page 

2020-01-17 08:22:07 - [TEST_STEP][PASSED] - verifyTextPresent("recommended, vetted and monitored trades and service providers for free.", false): Text 'recommended, vetted and monitored trades and service providers for free.' is present on page 

2020-01-17 08:22:07 - [MESSAGE][PASSED] - Text 'recommended, vetted and monitored trades and service providers for free.' is present on page 

2020-01-17 08:22:07 - [TEST_STEP][PASSED] - verifyTextPresent("reviews published so far – thank you!", false): Text 'reviews published so far – thank you!' is present on page 

2020-01-17 08:22:07 - [MESSAGE][PASSED] - Text 'reviews published so far – thank you!' is present on page 

2020-01-17 08:22:07 - [TEST_STEP][PASSED] - verifyTextPresent("I need a trade or service", false): Text 'I need a trade or service' is present on page 

2020-01-17 08:22:07 - [MESSAGE][PASSED] - Text 'I need a trade or service' is present on page 

2020-01-17 08:22:07 - [TEST_STEP][PASSED] - verifyTextPresent("Every trader thoroughly checked and vetted", false): Text 'Every trader thoroughly checked and vetted' is present on page 

2020-01-17 08:22:07 - [MESSAGE][PASSED] - Text 'Every trader thoroughly checked and vetted' is present on page 

2020-01-17 08:22:07 - [TEST_STEP][PASSED] - "------------------------------------": null

2020-01-17 08:22:07 - [TEST_STEP][PASSED] - verifyTextPresent("reviews published so far – thank you!", false): Text 'reviews published so far – thank you!' is present on page 

2020-01-17 08:22:07 - [MESSAGE][PASSED] - Text 'reviews published so far – thank you!' is present on page 

2020-01-17 08:22:07 - [TEST_STEP][PASSED] - verifyTextPresent("Find out more", false): Text 'Find out more' is present on page 

2020-01-17 08:22:08 - [MESSAGE][PASSED] - Text 'Find out more' is present on page 

2020-01-17 08:22:08 - [TEST_STEP][PASSED] - verifyTextPresent("I am a tradesman", false): Text 'I am a tradesman' is present on page 

2020-01-17 08:22:08 - [MESSAGE][PASSED] - Text 'I am a tradesman' is present on page 

2020-01-17 08:22:08 - [TEST_STEP][PASSED] - verifyTextPresent("Find out more", false): Text 'Find out more' is present on page 

2020-01-17 08:22:08 - [MESSAGE][PASSED] - Text 'Find out more' is present on page 

2020-01-17 08:22:08 - [TEST_STEP][PASSED] - verifyTextPresent("Over a million visits to Checkatrade each month", false): Text 'Over a million visits to Checkatrade each month' is present on page 

2020-01-17 08:22:08 - [MESSAGE][PASSED] - Text 'Over a million visits to Checkatrade each month' is present on page 

2020-01-17 08:22:08 - [MESSAGE][PASSED] - Call Test Case 'Test Cases/Reusable_Test_Sequences/CAT_Home' successfully

2020-01-17 08:22:08 - [TEST_STEP][PASSED] - "---------------------------------------": null

2020-01-17 08:22:08 - [TEST_STEP][PASSED] - " Set and SEARCH TRADE CLASSIFICATION   |": null

2020-01-17 08:22:08 - [TEST_STEP][PASSED] - callTestCase(findTestCase("Reusable_Test_Sequences/CAT_Enter_Trade_Classification"), [:], CONTINUE_ON_FAILURE): Call Test Case 'Test Cases/Reusable_Test_Sequences/CAT_Enter_Trade_Classification' successfully

2020-01-17 08:22:08 - [TEST_CASE][PASSED] - Test Cases/Reusable_Test_Sequences/CAT_Enter_Trade_Classification: Test Cases/Reusable_Test_Sequences/CAT_Enter_Trade_Classification

2020-01-17 08:22:08 - [TEST_STEP][PASSED] - "---------------------------------": null

2020-01-17 08:22:08 - [TEST_STEP][PASSED] - "Set and SEARCH SELECTED TRADE": null

2020-01-17 08:22:08 - [TEST_STEP][PASSED] - if (Website_Version == "new"): null

2020-01-17 08:22:08 - [TEST_STEP][PASSED] - else: Text 'Garage/Vehicle Services' is set on object 'Object Repository/Checkatrade_Trade_Search_Page/Page_Checkatrade Find a tradesperson you can trust/input_Search_Button_FF'

2020-01-17 08:22:08 - [TEST_STEP][PASSED] - click(findTestObject("Object Repository/Checkatrade_Trade_Search_Page/Page_Checkatrade Find a tradesperson you can trust/input_Search_Button_FF")): Object: 'Object Repository/Checkatrade_Trade_Search_Page/Page_Checkatrade Find a tradesperson you can trust/input_Search_Button_FF' is clicked on

2020-01-17 08:22:08 - [MESSAGE][PASSED] - Object: 'Object Repository/Checkatrade_Trade_Search_Page/Page_Checkatrade Find a tradesperson you can trust/input_Search_Button_FF' is clicked on

2020-01-17 08:22:08 - [TEST_STEP][PASSED] - setText(findTestObject("Object Repository/Checkatrade_Trade_Search_Page/Page_Checkatrade Find a tradesperson you can trust/input_Search_Button_FF"), findTestData("searchTestData").getValue("tradeClassification", row)): Text 'Garage/Vehicle Services' is set on object 'Object Repository/Checkatrade_Trade_Search_Page/Page_Checkatrade Find a tradesperson you can trust/input_Search_Button_FF'

2020-01-17 08:22:09 - [MESSAGE][PASSED] - Text 'Garage/Vehicle Services' is set on object 'Object Repository/Checkatrade_Trade_Search_Page/Page_Checkatrade Find a tradesperson you can trust/input_Search_Button_FF'

2020-01-17 08:22:09 - [MESSAGE][PASSED] - Call Test Case 'Test Cases/Reusable_Test_Sequences/CAT_Enter_Trade_Classification' successfully

2020-01-17 08:22:09 - [TEST_STEP][PASSED] - "---------------------------------------": null

2020-01-17 08:22:09 - [TEST_STEP][PASSED] - " Set and SEARCH TRADE LOCATION         |": null

2020-01-17 08:22:09 - [TEST_STEP][PASSED] - callTestCase(findTestCase("Reusable_Test_Sequences/CAT_Enter_Trade_Location"), [:], CONTINUE_ON_FAILURE): Call Test Case 'Test Cases/Reusable_Test_Sequences/CAT_Enter_Trade_Location' successfully

2020-01-17 08:22:09 - [TEST_CASE][PASSED] - Test Cases/Reusable_Test_Sequences/CAT_Enter_Trade_Location: Test Cases/Reusable_Test_Sequences/CAT_Enter_Trade_Location

2020-01-17 08:22:09 - [TEST_STEP][PASSED] - "---------------------------------": null

2020-01-17 08:22:09 - [TEST_STEP][PASSED] - "Set and SEARCH SELECTED LOCATION |": null

2020-01-17 08:22:09 - [TEST_STEP][PASSED] - if (Website_Version == "new"): null

2020-01-17 08:22:09 - [TEST_STEP][PASSED] - else: Text 'Rugby' is set on object 'Object Repository/Checkatrade_Trade_Search_Page/Page_Checkatrade Find a tradesperson you can trust/input_Not here_location'

2020-01-17 08:22:09 - [TEST_STEP][PASSED] - click(findTestObject("Object Repository/Checkatrade_Trade_Search_Page/Page_Checkatrade Find a tradesperson you can trust/input_Not here_location")): Object: 'Object Repository/Checkatrade_Trade_Search_Page/Page_Checkatrade Find a tradesperson you can trust/input_Not here_location' is clicked on

2020-01-17 08:22:09 - [MESSAGE][PASSED] - Object: 'Object Repository/Checkatrade_Trade_Search_Page/Page_Checkatrade Find a tradesperson you can trust/input_Not here_location' is clicked on

2020-01-17 08:22:09 - [TEST_STEP][PASSED] - setText(findTestObject("Object Repository/Checkatrade_Trade_Search_Page/Page_Checkatrade Find a tradesperson you can trust/input_Not here_location"), findTestData("searchTestData").getValue("tradeLocation", row)): Text 'Rugby' is set on object 'Object Repository/Checkatrade_Trade_Search_Page/Page_Checkatrade Find a tradesperson you can trust/input_Not here_location'

2020-01-17 08:22:09 - [MESSAGE][PASSED] - Text 'Rugby' is set on object 'Object Repository/Checkatrade_Trade_Search_Page/Page_Checkatrade Find a tradesperson you can trust/input_Not here_location'

2020-01-17 08:22:09 - [MESSAGE][PASSED] - Call Test Case 'Test Cases/Reusable_Test_Sequences/CAT_Enter_Trade_Location' successfully

2020-01-17 08:22:09 - [TEST_STEP][PASSED] - "---------------------------------------": null

2020-01-17 08:22:09 - [TEST_STEP][PASSED] - " Scroll Search Button into View        |": null

2020-01-17 08:22:09 - [TEST_STEP][PASSED] - "---------------------------------------": null

2020-01-17 08:22:09 - [TEST_STEP][PASSED] - "---------------------------------------": null

2020-01-17 08:22:09 - [TEST_STEP][PASSED] - " Hit Search Button                     |": null

2020-01-17 08:22:09 - [TEST_STEP][PASSED] - callTestCase(findTestCase("Reusable_Test_Sequences/CAT_Hit_Search_Button"), [:], CONTINUE_ON_FAILURE): Call Test Case 'Test Cases/Reusable_Test_Sequences/CAT_Hit_Search_Button' successfully

2020-01-17 08:22:09 - [TEST_CASE][PASSED] - Test Cases/Reusable_Test_Sequences/CAT_Hit_Search_Button: Test Cases/Reusable_Test_Sequences/CAT_Hit_Search_Button

2020-01-17 08:22:09 - [TEST_STEP][PASSED] - "---------------------------------": null

2020-01-17 08:22:09 - [TEST_STEP][PASSED] - "HIT SEARCH": null

2020-01-17 08:22:09 - [TEST_STEP][PASSED] - "---------------------------------": null

2020-01-17 08:22:09 - [TEST_STEP][PASSED] - if (Website_Version == "new"): null

2020-01-17 08:22:09 - [TEST_STEP][PASSED] - else: Object: 'Object Repository/Checkatrade_Trade_Search_Page/Page_Checkatrade Find a tradesperson you can trust/Page_Checkatrade Find a tradesperson you can trust/a_Search' is clicked on

2020-01-17 08:22:09 - [TEST_STEP][PASSED] - waitForElementClickable(findTestObject("Object Repository/Checkatrade_Trade_Search_Page/Page_Checkatrade Find a tradesperson you can trust/Page_Checkatrade Find a tradesperson you can trust/a_Search"), 25): Object 'Object Repository/Checkatrade_Trade_Search_Page/Page_Checkatrade Find a tradesperson you can trust/Page_Checkatrade Find a tradesperson you can trust/a_Search' is clickable

2020-01-17 08:22:09 - [MESSAGE][PASSED] - Object 'Object Repository/Checkatrade_Trade_Search_Page/Page_Checkatrade Find a tradesperson you can trust/Page_Checkatrade Find a tradesperson you can trust/a_Search' is clickable

2020-01-17 08:22:09 - [TEST_STEP][PASSED] - click(findTestObject("Object Repository/Checkatrade_Trade_Search_Page/Page_Checkatrade Find a tradesperson you can trust/Page_Checkatrade Find a tradesperson you can trust/a_Search")): Object: 'Object Repository/Checkatrade_Trade_Search_Page/Page_Checkatrade Find a tradesperson you can trust/Page_Checkatrade Find a tradesperson you can trust/a_Search' is clicked on

2020-01-17 08:22:12 - [MESSAGE][PASSED] - Object: 'Object Repository/Checkatrade_Trade_Search_Page/Page_Checkatrade Find a tradesperson you can trust/Page_Checkatrade Find a tradesperson you can trust/a_Search' is clicked on

2020-01-17 08:22:12 - [MESSAGE][PASSED] - Call Test Case 'Test Cases/Reusable_Test_Sequences/CAT_Hit_Search_Button' successfully

2020-01-17 08:22:12 - [TEST_STEP][PASSED] - "---------------------------------------": null

2020-01-17 08:22:12 - [TEST_STEP][PASSED] - " Verify Returned Page is as Expected   |": null

2020-01-17 08:22:12 - [TEST_STEP][PASSED] - callTestCase(findTestCase("Reusable_Test_Sequences/CAT_Verification"), [:], CONTINUE_ON_FAILURE): Call Test Case 'Test Cases/Reusable_Test_Sequences/CAT_Verification' successfully

2020-01-17 08:22:12 - [TEST_CASE][PASSED] - Test Cases/Reusable_Test_Sequences/CAT_Verification: Test Cases/Reusable_Test_Sequences/CAT_Verification

2020-01-17 08:22:12 - [TEST_STEP][PASSED] - "Updated 05/12/2019 due to wholesale Home page changes": null

2020-01-17 08:22:12 - [TEST_STEP][PASSED] - "Expected cantantenated text is Returned": null

2020-01-17 08:22:12 - [TEST_STEP][PASSED] - delay(1): Delayed 1 second(s)

2020-01-17 08:22:13 - [MESSAGE][PASSED] - Delayed 1 second(s)

2020-01-17 08:22:13 - [TEST_STEP][PASSED] - waitForPageLoad(60): Wait for page load successfully

2020-01-17 08:22:13 - [MESSAGE][PASSED] - Wait for page load successfully

2020-01-17 08:22:13 - [TEST_STEP][PASSED] - verifyTextPresent(findTestData("searchTestData").getValue("tradeClassification", row), false): Text 'Garage/Vehicle Services' is present on page 

2020-01-17 08:22:13 - [MESSAGE][PASSED] - Text 'Garage/Vehicle Services' is present on page 

2020-01-17 08:22:13 - [TEST_STEP][PASSED] - verifyTextPresent(findTestData("searchTestData").getValue("tradeLocation", row), false): Text 'Rugby' is present on page 

2020-01-17 08:22:14 - [MESSAGE][PASSED] - Text 'Rugby' is present on page 

2020-01-17 08:22:14 - [MESSAGE][PASSED] - Call Test Case 'Test Cases/Reusable_Test_Sequences/CAT_Verification' successfully

2020-01-17 08:22:14 - [TEST_STEP][PASSED] - "--------------------------": null

2020-01-17 08:22:14 - [TEST_STEP][PASSED] - " Teardown - CLose Browser |": null

2020-01-17 08:22:14 - [TEST_STEP][PASSED] - callTestCase(findTestCase("Reusable_Test_Sequences/CAT_Teardown"), [:], OPTIONAL): Call Test Case 'Test Cases/Reusable_Test_Sequences/CAT_Teardown' successfully

2020-01-17 08:22:14 - [TEST_CASE][PASSED] - Test Cases/Reusable_Test_Sequences/CAT_Teardown: Test Cases/Reusable_Test_Sequences/CAT_Teardown

2020-01-17 08:22:14 - [TEST_STEP][PASSED] - closeBrowser(): Browser is closed

2020-01-17 08:22:15 - [MESSAGE][PASSED] - Browser is closed

2020-01-17 08:22:15 - [MESSAGE][PASSED] - Call Test Case 'Test Cases/Reusable_Test_Sequences/CAT_Teardown' successfully]]></system-out>
         <system-err><![CDATA[]]></system-err>
      </testcase>
      <system-out><![CDATA[2020-01-17 08:19:25 - [TEST_SUITE][PASSED] - Trade_Location_Multiple_Search: Test Cases/Checkatrade_Tradesman_Searches/Trade_Location_Search]]></system-out>
      <system-err><![CDATA[]]></system-err>
   </testsuite>
</testsuites>
