<?xml version="1.0" encoding="UTF-8"?>
<testsuites name="Web_Office_Settings" time="655.804" tests="21" failures="0" errors="0">
   <testsuite name="Web_Office_Settings" tests="21" failures="0" errors="0" time="655.804" timestamp="2020-04-21 11:36:00" hostname="DavidHo - 192.168.1.238" id="Test Suites/Web_Office_Settings">
      <properties>
         <property name="deviceName" value=""/>
         <property name="devicePlatform" value=""/>
         <property name="logFolder" value="C:\\Users\\davidho\\git\\src\\Reports\\20200421_111752\\Web_Office_Settings\\20200421_111801"/>
         <property name="logFiles" value="C:\\Users\\davidho\\git\\src\\Reports\\20200421_111752\\Web_Office_Settings\\20200421_111801\\execution0.log"/>
         <property name="attachments" value=""/>
         <property name="hostName" value="DavidHo - 192.168.1.238"/>
         <property name="os" value="Windows 10 32bit"/>
         <property name="katalonVersion" value="7.3.1.1"/>
         <property name="browser" value="Chrome 81.0.4044.113"/>
         <property name="hostAddress" value="192.168.1.238"/>
         <property name="sessionId" value="9f60c3bb21c9f7172612881fe1c3f8ea"/>
         <property name="seleniumVersion" value="3.141.59"/>
         <property name="proxyInformation" value="ProxyInformation{proxyOption=NO_PROXY, proxyServerType=HTTP, password=, proxyServerAddress=, proxyServerPort=0, executionList=}"/>
         <property name="platform" value="Windows 10"/>
      </properties>
      <testcase name="Test Cases/Web_Office/Settings/Checkatrade_Com/Homepage Boxes" time="19.671" classname="Test Cases/Web_Office/Settings/Checkatrade_Com/Homepage Boxes" status="PASSED">
         <system-out><![CDATA[2020-04-21 11:36:00 - [TEST_CASE][PASSED] - Test Cases/Web_Office/Settings/Checkatrade_Com/Homepage Boxes: Test Cases/Web_Office/Settings/Checkatrade_Com/Homepage Boxes

2020-04-21 11:36:01 - [TEST_STEP][PASSED] - "--------------------------------------": null

2020-04-21 11:36:01 - [TEST_STEP][PASSED] - " Web Office StartUp                  |": null

2020-04-21 11:36:01 - [TEST_STEP][PASSED] - callTestCase(findTestCase("Reusable_Test_Sequences/Web_Office/Directives/WebOffice_StartUp"), [:], STOP_ON_FAILURE): Call Test Case 'Test Cases/Reusable_Test_Sequences/Web_Office/Directives/WebOffice_StartUp' successfully

2020-04-21 11:36:02 - [TEST_CASE][PASSED] - Test Cases/Reusable_Test_Sequences/Web_Office/Directives/WebOffice_StartUp: Test Cases/Reusable_Test_Sequences/Web_Office/Directives/WebOffice_StartUp

2020-04-21 11:36:02 - [TEST_STEP][PASSED] - "-----------------------------------------------------------------------------": null

2020-04-21 11:36:02 - [TEST_STEP][PASSED] - if (URL == "https://www.dev.checkatrade.com/"): null

2020-04-21 11:36:03 - [TEST_STEP][PASSED] - "-----------------------------------------------------------------------------": null

2020-04-21 11:36:03 - [TEST_STEP][PASSED] - if (URL == "https://www.checkatrade.com/"): null

2020-04-21 11:36:03 - [TEST_STEP][PASSED] - "-----------------------------------------------------------------------------": null

2020-04-21 11:36:03 - [TEST_STEP][PASSED] - if (URL == "https://www.preview.checkatrade.com/"): null

2020-04-21 11:36:03 - [TEST_STEP][PASSED] - WebOfficeURL = "https://admin.preview.checkatrade.com/": null

2020-04-21 11:36:03 - [TEST_STEP][PASSED] - if (URL == "https://www.dev2.checkatrade.com/"): null

2020-04-21 11:36:03 - [TEST_STEP][PASSED] - "Set Function Area for "URL_Handler", URL Resolution": null

2020-04-21 11:36:03 - [TEST_STEP][PASSED] - "Do Some Magic with URL(s) See the comments within URL Handler ": null

2020-04-21 11:36:03 - [TEST_STEP][PASSED] - "------------------------------------------------": null

2020-04-21 11:36:03 - [TEST_STEP][PASSED] - "Moved Login Credentials to <Default> profile 22/01/2020": null

2020-04-21 11:36:03 - [TEST_STEP][PASSED] - "------------------------------------------------": null

2020-04-21 11:36:03 - [TEST_STEP][PASSED] - "WebOfficeURL - Set from the ENVIRONMENT PROFILE ": null

2020-04-21 11:36:03 - [TEST_STEP][PASSED] - "OPEN BROWSER": null

2020-04-21 11:36:03 - [TEST_STEP][PASSED] - "eg - https://admin.preview.checkatrade.com/  ": null

2020-04-21 11:36:03 - [TEST_STEP][PASSED] - openBrowser(WebOfficeURL): Browser is opened with url: 'https://admin.preview.checkatrade.com/'

2020-04-21 11:36:03 - [MESSAGE][INFO] - Starting 'Chrome' driver

2020-04-21 11:36:03 - [MESSAGE][INFO] - Action delay is set to 0 milliseconds

2020-04-21 11:36:10 - [MESSAGE][PASSED] - Browser is opened with url: 'https://admin.preview.checkatrade.com/'

2020-04-21 11:36:10 - [TEST_STEP][PASSED] - maximizeWindow(): Current window maximized

2020-04-21 11:36:12 - [MESSAGE][PASSED] - Current window maximized

2020-04-21 11:36:12 - [TEST_STEP][PASSED] - waitForElementClickable(findTestObject("Object Repository/WebOffice/Page_Checkatrade - Administration - Login/Login_Button"), 25): Object 'Object Repository/WebOffice/Page_Checkatrade - Administration - Login/Login_Button' is clickable

2020-04-21 11:36:12 - [MESSAGE][PASSED] - Object 'Object Repository/WebOffice/Page_Checkatrade - Administration - Login/Login_Button' is clickable

2020-04-21 11:36:12 - [TEST_STEP][PASSED] - verifyTextPresent("Checkatrade Web Office", false): Text 'Checkatrade Web Office' is present on page 

2020-04-21 11:36:12 - [MESSAGE][PASSED] - Text 'Checkatrade Web Office' is present on page 

2020-04-21 11:36:12 - [TEST_STEP][PASSED] - verifyTextPresent("Access for staff use only", false): Text 'Access for staff use only' is present on page 

2020-04-21 11:36:13 - [MESSAGE][PASSED] - Text 'Access for staff use only' is present on page 

2020-04-21 11:36:13 - [TEST_STEP][PASSED] - verifyTextPresent("Forgotten password?", false): Text 'Forgotten password?' is present on page 

2020-04-21 11:36:13 - [MESSAGE][PASSED] - Text 'Forgotten password?' is present on page 

2020-04-21 11:36:13 - [TEST_STEP][PASSED] - setText(findTestObject("Object Repository/WebOffice/Page_Checkatrade - Administration - Login/input_Username_LoginControlUserName"), wo_Username): Text 'DavidHo' is set on object 'Object Repository/WebOffice/Page_Checkatrade - Administration - Login/input_Username_LoginControlUserName'

2020-04-21 11:36:13 - [MESSAGE][PASSED] - Text 'DavidHo' is set on object 'Object Repository/WebOffice/Page_Checkatrade - Administration - Login/input_Username_LoginControlUserName'

2020-04-21 11:36:13 - [TEST_STEP][PASSED] - setText(findTestObject("Object Repository/WebOffice/Page_Checkatrade - Administration - Login/input_Password_LoginControlPassword"), wo_Password): Text 'Check123' is set on object 'Object Repository/WebOffice/Page_Checkatrade - Administration - Login/input_Password_LoginControlPassword'

2020-04-21 11:36:13 - [MESSAGE][PASSED] - Text 'Check123' is set on object 'Object Repository/WebOffice/Page_Checkatrade - Administration - Login/input_Password_LoginControlPassword'

2020-04-21 11:36:13 - [TEST_STEP][PASSED] - click(findTestObject("Object Repository/WebOffice/Page_Checkatrade - Administration - Login/Login_Button")): Object: 'Object Repository/WebOffice/Page_Checkatrade - Administration - Login/Login_Button' is clicked on

2020-04-21 11:36:14 - [MESSAGE][PASSED] - Object: 'Object Repository/WebOffice/Page_Checkatrade - Administration - Login/Login_Button' is clicked on

2020-04-21 11:36:14 - [TEST_STEP][PASSED] - waitForPageLoad(60): Wait for page load successfully

2020-04-21 11:36:14 - [MESSAGE][PASSED] - Wait for page load successfully

2020-04-21 11:36:14 - [TEST_STEP][PASSED] - verifyTextPresent("Welcome " + wo_Username, false): Text 'Welcome DavidHo' is present on page 

2020-04-21 11:36:15 - [MESSAGE][PASSED] - Text 'Welcome DavidHo' is present on page 

2020-04-21 11:36:15 - [MESSAGE][PASSED] - Call Test Case 'Test Cases/Reusable_Test_Sequences/Web_Office/Directives/WebOffice_StartUp' successfully

2020-04-21 11:36:15 - [TEST_STEP][PASSED] - "-----------------------------------------------------------------": null

2020-04-21 11:36:15 - [TEST_STEP][PASSED] - " Navigate to <Settings->Checkatrade.Com->Sub Item> Menu Item     |": null

2020-04-21 11:36:15 - [TEST_STEP][PASSED] - callTestCase(findTestCase("Reusable_Test_Sequences/Web_Office/Navigation/Sub_Menu_Navigation/Settings/Checkatrade_Com/Homepage_Boxes"), [:], STOP_ON_FAILURE): Call Test Case 'Test Cases/Reusable_Test_Sequences/Web_Office/Navigation/Sub_Menu_Navigation/Settings/Checkatrade_Com/Homepage_Boxes' successfully

2020-04-21 11:36:15 - [TEST_CASE][PASSED] - Test Cases/Reusable_Test_Sequences/Web_Office/Navigation/Sub_Menu_Navigation/Settings/Checkatrade_Com/Homepage_Boxes: Test Cases/Reusable_Test_Sequences/Web_Office/Navigation/Sub_Menu_Navigation/Settings/Checkatrade_Com/Homepage_Boxes

2020-04-21 11:36:15 - [TEST_STEP][PASSED] - "--------------------------------------": null

2020-04-21 11:36:15 - [TEST_STEP][PASSED] - " Navigate Top level menu Item         |": null

2020-04-21 11:36:15 - [TEST_STEP][PASSED] - waitForPageLoad(60): Wait for page load successfully

2020-04-21 11:36:15 - [MESSAGE][PASSED] - Wait for page load successfully

2020-04-21 11:36:15 - [TEST_STEP][PASSED] - waitForElementClickable(findTestObject("Object Repository/WebOffice_Home_page/a_Settings"), 60): Object 'Object Repository/WebOffice_Home_page/a_Settings' is clickable

2020-04-21 11:36:15 - [MESSAGE][PASSED] - Object 'Object Repository/WebOffice_Home_page/a_Settings' is clickable

2020-04-21 11:36:15 - [TEST_STEP][PASSED] - mouseOver(findTestObject("Object Repository/WebOffice_Home_page/a_Settings")): Object: 'Object Repository/WebOffice_Home_page/a_Settings' is hovered

2020-04-21 11:36:16 - [MESSAGE][PASSED] - Object: 'Object Repository/WebOffice_Home_page/a_Settings' is hovered

2020-04-21 11:36:16 - [TEST_STEP][PASSED] - mouseOver(findTestObject("Object Repository/WebOffice_Home_page/a_wwwcheckatradecom")): Object: 'Object Repository/WebOffice_Home_page/a_wwwcheckatradecom' is hovered

2020-04-21 11:36:16 - [MESSAGE][PASSED] - Object: 'Object Repository/WebOffice_Home_page/a_wwwcheckatradecom' is hovered

2020-04-21 11:36:16 - [TEST_STEP][PASSED] - waitForElementClickable(findTestObject("Object Repository/WebOffice_Home_page/a_Homepage Boxes"), 1): Object 'Object Repository/WebOffice_Home_page/a_Homepage Boxes' is clickable

2020-04-21 11:36:16 - [MESSAGE][PASSED] - Object 'Object Repository/WebOffice_Home_page/a_Homepage Boxes' is clickable

2020-04-21 11:36:16 - [TEST_STEP][PASSED] - click(findTestObject("Object Repository/WebOffice_Home_page/a_Homepage Boxes")): Object: 'Object Repository/WebOffice_Home_page/a_Homepage Boxes' is clicked on

2020-04-21 11:36:17 - [MESSAGE][PASSED] - Object: 'Object Repository/WebOffice_Home_page/a_Homepage Boxes' is clicked on

2020-04-21 11:36:17 - [MESSAGE][PASSED] - Call Test Case 'Test Cases/Reusable_Test_Sequences/Web_Office/Navigation/Sub_Menu_Navigation/Settings/Checkatrade_Com/Homepage_Boxes' successfully

2020-04-21 11:36:17 - [TEST_STEP][PASSED] - "--------------------------------------": null

2020-04-21 11:36:17 - [TEST_STEP][PASSED] - " Verify Returned Page Detail          |": null

2020-04-21 11:36:17 - [TEST_STEP][PASSED] - callTestCase(findTestCase("Reusable_Test_Sequences/Web_Office/Verification/Settings/Checkatrade_Com/Homepage_Boxes"), [:], OPTIONAL): Call Test Case 'Test Cases/Reusable_Test_Sequences/Web_Office/Verification/Settings/Checkatrade_Com/Homepage_Boxes' successfully

2020-04-21 11:36:17 - [TEST_CASE][PASSED] - Test Cases/Reusable_Test_Sequences/Web_Office/Verification/Settings/Checkatrade_Com/Homepage_Boxes: Test Cases/Reusable_Test_Sequences/Web_Office/Verification/Settings/Checkatrade_Com/Homepage_Boxes

2020-04-21 11:36:17 - [TEST_STEP][PASSED] - waitForPageLoad(60): Wait for page load successfully

2020-04-21 11:36:17 - [MESSAGE][PASSED] - Wait for page load successfully

2020-04-21 11:36:17 - [TEST_STEP][PASSED] - delay(1): Delayed 1 second(s)

2020-04-21 11:36:18 - [MESSAGE][PASSED] - Delayed 1 second(s)

2020-04-21 11:36:18 - [TEST_STEP][PASSED] - verifyTextPresent("Homepage Boxes", false): Text 'Homepage Boxes' is present on page 

2020-04-21 11:36:18 - [MESSAGE][PASSED] - Text 'Homepage Boxes' is present on page 

2020-04-21 11:36:18 - [TEST_STEP][PASSED] - "----------------------------------------------": null

2020-04-21 11:36:18 - [TEST_STEP][PASSED] - verifyTextPresent("Box 1", false): Text 'Box 1' is present on page 

2020-04-21 11:36:18 - [MESSAGE][PASSED] - Text 'Box 1' is present on page 

2020-04-21 11:36:18 - [TEST_STEP][PASSED] - verifyTextPresent("Currently unavailable as box has been replaced", false): Text 'Currently unavailable as box has been replaced' is present on page 

2020-04-21 11:36:18 - [MESSAGE][PASSED] - Text 'Currently unavailable as box has been replaced' is present on page 

2020-04-21 11:36:18 - [TEST_STEP][PASSED] - verifyTextPresent("Contents", false): Text 'Contents' is present on page 

2020-04-21 11:36:18 - [MESSAGE][PASSED] - Text 'Contents' is present on page 

2020-04-21 11:36:18 - [TEST_STEP][PASSED] - verifyTextPresent("Statistics boxes", false): Text 'Statistics boxes' is present on page 

2020-04-21 11:36:18 - [MESSAGE][PASSED] - Text 'Statistics boxes' is present on page 

2020-04-21 11:36:18 - [TEST_STEP][PASSED] - "----------------------------------------------": null

2020-04-21 11:36:18 - [TEST_STEP][PASSED] - verifyTextPresent("Stat box 1", false): Text 'Stat box 1' is present on page 

2020-04-21 11:36:19 - [MESSAGE][PASSED] - Text 'Stat box 1' is present on page 

2020-04-21 11:36:19 - [TEST_STEP][PASSED] - verifyTextPresent("Stat box 2", false): Text 'Stat box 2' is present on page 

2020-04-21 11:36:19 - [MESSAGE][PASSED] - Text 'Stat box 2' is present on page 

2020-04-21 11:36:19 - [TEST_STEP][PASSED] - verifyTextPresent("Stat box 3", false): Text 'Stat box 3' is present on page 

2020-04-21 11:36:19 - [MESSAGE][PASSED] - Text 'Stat box 3' is present on page 

2020-04-21 11:36:19 - [TEST_STEP][PASSED] - verifyTextPresent("Feedback", false): Text 'Feedback' is present on page 

2020-04-21 11:36:19 - [MESSAGE][PASSED] - Text 'Feedback' is present on page 

2020-04-21 11:36:19 - [TEST_STEP][PASSED] - verifyTextPresent("Note: It may take up to 15 minutes for these changes to take effect on the homepage.", false): Text 'Note: It may take up to 15 minutes for these changes to take effect on the homepage.' is present on page 

2020-04-21 11:36:19 - [MESSAGE][PASSED] - Text 'Note: It may take up to 15 minutes for these changes to take effect on the homepage.' is present on page 

2020-04-21 11:36:19 - [MESSAGE][PASSED] - Call Test Case 'Test Cases/Reusable_Test_Sequences/Web_Office/Verification/Settings/Checkatrade_Com/Homepage_Boxes' successfully

2020-04-21 11:36:19 - [TEST_STEP][PASSED] - "--------------------------": null

2020-04-21 11:36:19 - [TEST_STEP][PASSED] - " Teardown - CLose Browser |": null

2020-04-21 11:36:19 - [TEST_STEP][PASSED] - callTestCase(findTestCase("Reusable_Test_Sequences/CAT_Teardown"), [:], OPTIONAL): Call Test Case 'Test Cases/Reusable_Test_Sequences/CAT_Teardown' successfully

2020-04-21 11:36:19 - [TEST_CASE][PASSED] - Test Cases/Reusable_Test_Sequences/CAT_Teardown: Test Cases/Reusable_Test_Sequences/CAT_Teardown

2020-04-21 11:36:19 - [TEST_STEP][PASSED] - closeBrowser(): Browser is closed

2020-04-21 11:36:20 - [MESSAGE][PASSED] - Browser is closed

2020-04-21 11:36:20 - [TEST_STEP][PASSED] - super.finalize(): null

2020-04-21 11:36:20 - [TEST_STEP][PASSED] - System.gc(): null

2020-04-21 11:36:20 - [MESSAGE][PASSED] - Call Test Case 'Test Cases/Reusable_Test_Sequences/CAT_Teardown' successfully]]></system-out>
         <system-err><![CDATA[]]></system-err>
      </testcase>
      <testcase name="Test Cases/Web_Office/Settings/Checkatrade_Com/Testimonials" time="16.409" classname="Test Cases/Web_Office/Settings/Checkatrade_Com/Testimonials" status="PASSED">
         <system-out><![CDATA[2020-04-21 11:36:20 - [TEST_CASE][PASSED] - Test Cases/Web_Office/Settings/Checkatrade_Com/Testimonials: Test Cases/Web_Office/Settings/Checkatrade_Com/Testimonials

2020-04-21 11:36:20 - [TEST_STEP][PASSED] - "--------------------------------------": null

2020-04-21 11:36:20 - [TEST_STEP][PASSED] - " Web Office StartUp                  |": null

2020-04-21 11:36:20 - [TEST_STEP][PASSED] - callTestCase(findTestCase("Reusable_Test_Sequences/Web_Office/Directives/WebOffice_StartUp"), [:], STOP_ON_FAILURE): Call Test Case 'Test Cases/Reusable_Test_Sequences/Web_Office/Directives/WebOffice_StartUp' successfully

2020-04-21 11:36:20 - [TEST_CASE][PASSED] - Test Cases/Reusable_Test_Sequences/Web_Office/Directives/WebOffice_StartUp: Test Cases/Reusable_Test_Sequences/Web_Office/Directives/WebOffice_StartUp

2020-04-21 11:36:20 - [TEST_STEP][PASSED] - "-----------------------------------------------------------------------------": null

2020-04-21 11:36:20 - [TEST_STEP][PASSED] - if (URL == "https://www.dev.checkatrade.com/"): null

2020-04-21 11:36:20 - [TEST_STEP][PASSED] - "-----------------------------------------------------------------------------": null

2020-04-21 11:36:20 - [TEST_STEP][PASSED] - if (URL == "https://www.checkatrade.com/"): null

2020-04-21 11:36:20 - [TEST_STEP][PASSED] - "-----------------------------------------------------------------------------": null

2020-04-21 11:36:20 - [TEST_STEP][PASSED] - if (URL == "https://www.preview.checkatrade.com/"): null

2020-04-21 11:36:20 - [TEST_STEP][PASSED] - WebOfficeURL = "https://admin.preview.checkatrade.com/": null

2020-04-21 11:36:20 - [TEST_STEP][PASSED] - if (URL == "https://www.dev2.checkatrade.com/"): null

2020-04-21 11:36:20 - [TEST_STEP][PASSED] - "Set Function Area for "URL_Handler", URL Resolution": null

2020-04-21 11:36:20 - [TEST_STEP][PASSED] - "Do Some Magic with URL(s) See the comments within URL Handler ": null

2020-04-21 11:36:20 - [TEST_STEP][PASSED] - "------------------------------------------------": null

2020-04-21 11:36:20 - [TEST_STEP][PASSED] - "Moved Login Credentials to <Default> profile 22/01/2020": null

2020-04-21 11:36:20 - [TEST_STEP][PASSED] - "------------------------------------------------": null

2020-04-21 11:36:20 - [TEST_STEP][PASSED] - "WebOfficeURL - Set from the ENVIRONMENT PROFILE ": null

2020-04-21 11:36:20 - [TEST_STEP][PASSED] - "OPEN BROWSER": null

2020-04-21 11:36:20 - [TEST_STEP][PASSED] - "eg - https://admin.preview.checkatrade.com/  ": null

2020-04-21 11:36:20 - [TEST_STEP][PASSED] - openBrowser(WebOfficeURL): Browser is opened with url: 'https://admin.preview.checkatrade.com/'

2020-04-21 11:36:20 - [MESSAGE][INFO] - Starting 'Chrome' driver

2020-04-21 11:36:20 - [MESSAGE][INFO] - Action delay is set to 0 milliseconds

2020-04-21 11:36:25 - [MESSAGE][PASSED] - Browser is opened with url: 'https://admin.preview.checkatrade.com/'

2020-04-21 11:36:25 - [TEST_STEP][PASSED] - maximizeWindow(): Current window maximized

2020-04-21 11:36:27 - [MESSAGE][PASSED] - Current window maximized

2020-04-21 11:36:27 - [TEST_STEP][PASSED] - waitForElementClickable(findTestObject("Object Repository/WebOffice/Page_Checkatrade - Administration - Login/Login_Button"), 25): Object 'Object Repository/WebOffice/Page_Checkatrade - Administration - Login/Login_Button' is clickable

2020-04-21 11:36:27 - [MESSAGE][PASSED] - Object 'Object Repository/WebOffice/Page_Checkatrade - Administration - Login/Login_Button' is clickable

2020-04-21 11:36:27 - [TEST_STEP][PASSED] - verifyTextPresent("Checkatrade Web Office", false): Text 'Checkatrade Web Office' is present on page 

2020-04-21 11:36:28 - [MESSAGE][PASSED] - Text 'Checkatrade Web Office' is present on page 

2020-04-21 11:36:28 - [TEST_STEP][PASSED] - verifyTextPresent("Access for staff use only", false): Text 'Access for staff use only' is present on page 

2020-04-21 11:36:28 - [MESSAGE][PASSED] - Text 'Access for staff use only' is present on page 

2020-04-21 11:36:28 - [TEST_STEP][PASSED] - verifyTextPresent("Forgotten password?", false): Text 'Forgotten password?' is present on page 

2020-04-21 11:36:28 - [MESSAGE][PASSED] - Text 'Forgotten password?' is present on page 

2020-04-21 11:36:28 - [TEST_STEP][PASSED] - setText(findTestObject("Object Repository/WebOffice/Page_Checkatrade - Administration - Login/input_Username_LoginControlUserName"), wo_Username): Text 'DavidHo' is set on object 'Object Repository/WebOffice/Page_Checkatrade - Administration - Login/input_Username_LoginControlUserName'

2020-04-21 11:36:28 - [MESSAGE][PASSED] - Text 'DavidHo' is set on object 'Object Repository/WebOffice/Page_Checkatrade - Administration - Login/input_Username_LoginControlUserName'

2020-04-21 11:36:28 - [TEST_STEP][PASSED] - setText(findTestObject("Object Repository/WebOffice/Page_Checkatrade - Administration - Login/input_Password_LoginControlPassword"), wo_Password): Text 'Check123' is set on object 'Object Repository/WebOffice/Page_Checkatrade - Administration - Login/input_Password_LoginControlPassword'

2020-04-21 11:36:28 - [MESSAGE][PASSED] - Text 'Check123' is set on object 'Object Repository/WebOffice/Page_Checkatrade - Administration - Login/input_Password_LoginControlPassword'

2020-04-21 11:36:28 - [TEST_STEP][PASSED] - click(findTestObject("Object Repository/WebOffice/Page_Checkatrade - Administration - Login/Login_Button")): Object: 'Object Repository/WebOffice/Page_Checkatrade - Administration - Login/Login_Button' is clicked on

2020-04-21 11:36:29 - [MESSAGE][PASSED] - Object: 'Object Repository/WebOffice/Page_Checkatrade - Administration - Login/Login_Button' is clicked on

2020-04-21 11:36:29 - [TEST_STEP][PASSED] - waitForPageLoad(60): Wait for page load successfully

2020-04-21 11:36:29 - [MESSAGE][PASSED] - Wait for page load successfully

2020-04-21 11:36:29 - [TEST_STEP][PASSED] - verifyTextPresent("Welcome " + wo_Username, false): Text 'Welcome DavidHo' is present on page 

2020-04-21 11:36:29 - [MESSAGE][PASSED] - Text 'Welcome DavidHo' is present on page 

2020-04-21 11:36:29 - [MESSAGE][PASSED] - Call Test Case 'Test Cases/Reusable_Test_Sequences/Web_Office/Directives/WebOffice_StartUp' successfully

2020-04-21 11:36:29 - [TEST_STEP][PASSED] - "-----------------------------------------------------------------": null

2020-04-21 11:36:29 - [TEST_STEP][PASSED] - " Navigate to <Settings->Checkatrade.Com->Sub Item> Menu Item     |": null

2020-04-21 11:36:29 - [TEST_STEP][PASSED] - callTestCase(findTestCase("Reusable_Test_Sequences/Web_Office/Navigation/Sub_Menu_Navigation/Settings/Checkatrade_Com/Testimonials"), [:], STOP_ON_FAILURE): Call Test Case 'Test Cases/Reusable_Test_Sequences/Web_Office/Navigation/Sub_Menu_Navigation/Settings/Checkatrade_Com/Testimonials' successfully

2020-04-21 11:36:29 - [TEST_CASE][PASSED] - Test Cases/Reusable_Test_Sequences/Web_Office/Navigation/Sub_Menu_Navigation/Settings/Checkatrade_Com/Testimonials: Test Cases/Reusable_Test_Sequences/Web_Office/Navigation/Sub_Menu_Navigation/Settings/Checkatrade_Com/Testimonials

2020-04-21 11:36:30 - [TEST_STEP][PASSED] - "--------------------------------------": null

2020-04-21 11:36:30 - [TEST_STEP][PASSED] - " Navigate Top level menu Item         |": null

2020-04-21 11:36:30 - [TEST_STEP][PASSED] - waitForPageLoad(60): Wait for page load successfully

2020-04-21 11:36:30 - [MESSAGE][PASSED] - Wait for page load successfully

2020-04-21 11:36:30 - [TEST_STEP][PASSED] - waitForElementClickable(findTestObject("Object Repository/WebOffice_Home_page/a_Settings"), 60): Object 'Object Repository/WebOffice_Home_page/a_Settings' is clickable

2020-04-21 11:36:30 - [MESSAGE][PASSED] - Object 'Object Repository/WebOffice_Home_page/a_Settings' is clickable

2020-04-21 11:36:30 - [TEST_STEP][PASSED] - mouseOver(findTestObject("Object Repository/WebOffice_Home_page/a_Settings")): Object: 'Object Repository/WebOffice_Home_page/a_Settings' is hovered

2020-04-21 11:36:30 - [MESSAGE][PASSED] - Object: 'Object Repository/WebOffice_Home_page/a_Settings' is hovered

2020-04-21 11:36:30 - [TEST_STEP][PASSED] - mouseOver(findTestObject("Object Repository/WebOffice_Home_page/a_wwwcheckatradecom")): Object: 'Object Repository/WebOffice_Home_page/a_wwwcheckatradecom' is hovered

2020-04-21 11:36:30 - [MESSAGE][PASSED] - Object: 'Object Repository/WebOffice_Home_page/a_wwwcheckatradecom' is hovered

2020-04-21 11:36:30 - [TEST_STEP][PASSED] - waitForElementClickable(findTestObject("Object Repository/WebOffice_Home_page/a_Testimonials"), 1): Object 'Object Repository/WebOffice_Home_page/a_Testimonials' is clickable

2020-04-21 11:36:30 - [MESSAGE][PASSED] - Object 'Object Repository/WebOffice_Home_page/a_Testimonials' is clickable

2020-04-21 11:36:30 - [TEST_STEP][PASSED] - click(findTestObject("Object Repository/WebOffice_Home_page/a_Testimonials")): Object: 'Object Repository/WebOffice_Home_page/a_Testimonials' is clicked on

2020-04-21 11:36:31 - [MESSAGE][PASSED] - Object: 'Object Repository/WebOffice_Home_page/a_Testimonials' is clicked on

2020-04-21 11:36:31 - [MESSAGE][PASSED] - Call Test Case 'Test Cases/Reusable_Test_Sequences/Web_Office/Navigation/Sub_Menu_Navigation/Settings/Checkatrade_Com/Testimonials' successfully

2020-04-21 11:36:31 - [TEST_STEP][PASSED] - "--------------------------------------": null

2020-04-21 11:36:31 - [TEST_STEP][PASSED] - " Verify Returned Page Detail          |": null

2020-04-21 11:36:31 - [TEST_STEP][PASSED] - callTestCase(findTestCase("Reusable_Test_Sequences/Web_Office/Verification/Settings/Checkatrade_Com/Testimonials"), [:], OPTIONAL): Call Test Case 'Test Cases/Reusable_Test_Sequences/Web_Office/Verification/Settings/Checkatrade_Com/Testimonials' successfully

2020-04-21 11:36:31 - [TEST_CASE][PASSED] - Test Cases/Reusable_Test_Sequences/Web_Office/Verification/Settings/Checkatrade_Com/Testimonials: Test Cases/Reusable_Test_Sequences/Web_Office/Verification/Settings/Checkatrade_Com/Testimonials

2020-04-21 11:36:31 - [TEST_STEP][PASSED] - waitForPageLoad(60): Wait for page load successfully

2020-04-21 11:36:31 - [MESSAGE][PASSED] - Wait for page load successfully

2020-04-21 11:36:31 - [TEST_STEP][PASSED] - delay(1): Delayed 1 second(s)

2020-04-21 11:36:32 - [MESSAGE][PASSED] - Delayed 1 second(s)

2020-04-21 11:36:32 - [TEST_STEP][PASSED] - verifyTextPresent("Testimonials", false): Text 'Testimonials' is present on page 

2020-04-21 11:36:33 - [MESSAGE][PASSED] - Text 'Testimonials' is present on page 

2020-04-21 11:36:33 - [TEST_STEP][PASSED] - "----------------------------------------------": null

2020-04-21 11:36:33 - [TEST_STEP][PASSED] - "----------------------------------------------": null

2020-04-21 11:36:33 - [TEST_STEP][PASSED] - "----------------------------------------------": null

2020-04-21 11:36:33 - [TEST_STEP][PASSED] - verifyTextPresent("Type", false): Text 'Type' is present on page 

2020-04-21 11:36:33 - [MESSAGE][PASSED] - Text 'Type' is present on page 

2020-04-21 11:36:33 - [TEST_STEP][PASSED] - verifyTextPresent("Name or Location", false): Text 'Name or Location' is present on page 

2020-04-21 11:36:33 - [MESSAGE][PASSED] - Text 'Name or Location' is present on page 

2020-04-21 11:36:33 - [TEST_STEP][PASSED] - verifyTextPresent("Company", false): Text 'Company' is present on page 

2020-04-21 11:36:33 - [MESSAGE][PASSED] - Text 'Company' is present on page 

2020-04-21 11:36:33 - [TEST_STEP][PASSED] - verifyTextPresent("Quote", false): Text 'Quote' is present on page 

2020-04-21 11:36:33 - [MESSAGE][PASSED] - Text 'Quote' is present on page 

2020-04-21 11:36:33 - [TEST_STEP][PASSED] - "----------------------------------------------": null

2020-04-21 11:36:33 - [TEST_STEP][PASSED] - verifyTextPresent("Consumer", false): Text 'Consumer' is present on page 

2020-04-21 11:36:34 - [MESSAGE][PASSED] - Text 'Consumer' is present on page 

2020-04-21 11:36:34 - [TEST_STEP][PASSED] - verifyTextPresent("Watford", false): Text 'Watford' is present on page 

2020-04-21 11:36:34 - [MESSAGE][PASSED] - Text 'Watford' is present on page 

2020-04-21 11:36:34 - [TEST_STEP][PASSED] - verifyTextPresent("My wife and I find the service", false): Text 'My wife and I find the service' is present on page 

2020-04-21 11:36:34 - [MESSAGE][PASSED] - Text 'My wife and I find the service' is present on page 

2020-04-21 11:36:34 - [TEST_STEP][PASSED] - verifyTextPresent("Trade", false): Text 'Trade' is present on page 

2020-04-21 11:36:34 - [MESSAGE][PASSED] - Text 'Trade' is present on page 

2020-04-21 11:36:34 - [TEST_STEP][PASSED] - verifyTextPresent("Jason", false): Text 'Jason' is present on page 

2020-04-21 11:36:35 - [MESSAGE][PASSED] - Text 'Jason' is present on page 

2020-04-21 11:36:35 - [TEST_STEP][PASSED] - verifyTextPresent("Mops And Buckets", false): Text 'Mops And Buckets' is present on page 

2020-04-21 11:36:35 - [MESSAGE][PASSED] - Text 'Mops And Buckets' is present on page 

2020-04-21 11:36:35 - [TEST_STEP][PASSED] - verifyTextPresent("Trade", false): Text 'Trade' is present on page 

2020-04-21 11:36:35 - [MESSAGE][PASSED] - Text 'Trade' is present on page 

2020-04-21 11:36:35 - [TEST_STEP][PASSED] - verifyTextPresent("Being a new member to Checkatrade has opened a lot of doors ", false): Text 'Being a new member to Checkatrade has opened a lot of doors ' is present on page 

2020-04-21 11:36:35 - [MESSAGE][PASSED] - Text 'Being a new member to Checkatrade has opened a lot of doors ' is present on page 

2020-04-21 11:36:35 - [MESSAGE][PASSED] - Call Test Case 'Test Cases/Reusable_Test_Sequences/Web_Office/Verification/Settings/Checkatrade_Com/Testimonials' successfully

2020-04-21 11:36:35 - [TEST_STEP][PASSED] - "--------------------------": null

2020-04-21 11:36:35 - [TEST_STEP][PASSED] - " Teardown - CLose Browser |": null

2020-04-21 11:36:35 - [TEST_STEP][PASSED] - callTestCase(findTestCase("Reusable_Test_Sequences/CAT_Teardown"), [:], OPTIONAL): Call Test Case 'Test Cases/Reusable_Test_Sequences/CAT_Teardown' successfully

2020-04-21 11:36:36 - [TEST_CASE][PASSED] - Test Cases/Reusable_Test_Sequences/CAT_Teardown: Test Cases/Reusable_Test_Sequences/CAT_Teardown

2020-04-21 11:36:36 - [TEST_STEP][PASSED] - closeBrowser(): Browser is closed

2020-04-21 11:36:36 - [MESSAGE][PASSED] - Browser is closed

2020-04-21 11:36:36 - [TEST_STEP][PASSED] - super.finalize(): null

2020-04-21 11:36:36 - [TEST_STEP][PASSED] - System.gc(): null

2020-04-21 11:36:37 - [MESSAGE][PASSED] - Call Test Case 'Test Cases/Reusable_Test_Sequences/CAT_Teardown' successfully]]></system-out>
         <system-err><![CDATA[]]></system-err>
      </testcase>
      <testcase name="Test Cases/Web_Office/Settings/Checkatrade_Com/Web_Catagories" time="25.56" classname="Test Cases/Web_Office/Settings/Checkatrade_Com/Web_Catagories" status="PASSED">
         <system-out><![CDATA[2020-04-21 11:36:37 - [TEST_CASE][PASSED] - Test Cases/Web_Office/Settings/Checkatrade_Com/Web_Catagories: Test Cases/Web_Office/Settings/Checkatrade_Com/Web_Catagories

2020-04-21 11:36:37 - [TEST_STEP][PASSED] - "--------------------------------------": null

2020-04-21 11:36:37 - [TEST_STEP][PASSED] - " Web Office StartUp                  |": null

2020-04-21 11:36:37 - [TEST_STEP][PASSED] - callTestCase(findTestCase("Reusable_Test_Sequences/Web_Office/Directives/WebOffice_StartUp"), [:], STOP_ON_FAILURE): Call Test Case 'Test Cases/Reusable_Test_Sequences/Web_Office/Directives/WebOffice_StartUp' successfully

2020-04-21 11:36:37 - [TEST_CASE][PASSED] - Test Cases/Reusable_Test_Sequences/Web_Office/Directives/WebOffice_StartUp: Test Cases/Reusable_Test_Sequences/Web_Office/Directives/WebOffice_StartUp

2020-04-21 11:36:37 - [TEST_STEP][PASSED] - "-----------------------------------------------------------------------------": null

2020-04-21 11:36:37 - [TEST_STEP][PASSED] - if (URL == "https://www.dev.checkatrade.com/"): null

2020-04-21 11:36:37 - [TEST_STEP][PASSED] - "-----------------------------------------------------------------------------": null

2020-04-21 11:36:37 - [TEST_STEP][PASSED] - if (URL == "https://www.checkatrade.com/"): null

2020-04-21 11:36:37 - [TEST_STEP][PASSED] - "-----------------------------------------------------------------------------": null

2020-04-21 11:36:37 - [TEST_STEP][PASSED] - if (URL == "https://www.preview.checkatrade.com/"): null

2020-04-21 11:36:37 - [TEST_STEP][PASSED] - WebOfficeURL = "https://admin.preview.checkatrade.com/": null

2020-04-21 11:36:37 - [TEST_STEP][PASSED] - if (URL == "https://www.dev2.checkatrade.com/"): null

2020-04-21 11:36:37 - [TEST_STEP][PASSED] - "Set Function Area for "URL_Handler", URL Resolution": null

2020-04-21 11:36:37 - [TEST_STEP][PASSED] - "Do Some Magic with URL(s) See the comments within URL Handler ": null

2020-04-21 11:36:37 - [TEST_STEP][PASSED] - "------------------------------------------------": null

2020-04-21 11:36:37 - [TEST_STEP][PASSED] - "Moved Login Credentials to <Default> profile 22/01/2020": null

2020-04-21 11:36:37 - [TEST_STEP][PASSED] - "------------------------------------------------": null

2020-04-21 11:36:37 - [TEST_STEP][PASSED] - "WebOfficeURL - Set from the ENVIRONMENT PROFILE ": null

2020-04-21 11:36:37 - [TEST_STEP][PASSED] - "OPEN BROWSER": null

2020-04-21 11:36:37 - [TEST_STEP][PASSED] - "eg - https://admin.preview.checkatrade.com/  ": null

2020-04-21 11:36:37 - [TEST_STEP][PASSED] - openBrowser(WebOfficeURL): Browser is opened with url: 'https://admin.preview.checkatrade.com/'

2020-04-21 11:36:37 - [MESSAGE][INFO] - Starting 'Chrome' driver

2020-04-21 11:36:37 - [MESSAGE][INFO] - Action delay is set to 0 milliseconds

2020-04-21 11:36:42 - [MESSAGE][PASSED] - Browser is opened with url: 'https://admin.preview.checkatrade.com/'

2020-04-21 11:36:42 - [TEST_STEP][PASSED] - maximizeWindow(): Current window maximized

2020-04-21 11:36:44 - [MESSAGE][PASSED] - Current window maximized

2020-04-21 11:36:44 - [TEST_STEP][PASSED] - waitForElementClickable(findTestObject("Object Repository/WebOffice/Page_Checkatrade - Administration - Login/Login_Button"), 25): Object 'Object Repository/WebOffice/Page_Checkatrade - Administration - Login/Login_Button' is clickable

2020-04-21 11:36:44 - [MESSAGE][PASSED] - Object 'Object Repository/WebOffice/Page_Checkatrade - Administration - Login/Login_Button' is clickable

2020-04-21 11:36:44 - [TEST_STEP][PASSED] - verifyTextPresent("Checkatrade Web Office", false): Text 'Checkatrade Web Office' is present on page 

2020-04-21 11:36:44 - [MESSAGE][PASSED] - Text 'Checkatrade Web Office' is present on page 

2020-04-21 11:36:44 - [TEST_STEP][PASSED] - verifyTextPresent("Access for staff use only", false): Text 'Access for staff use only' is present on page 

2020-04-21 11:36:44 - [MESSAGE][PASSED] - Text 'Access for staff use only' is present on page 

2020-04-21 11:36:44 - [TEST_STEP][PASSED] - verifyTextPresent("Forgotten password?", false): Text 'Forgotten password?' is present on page 

2020-04-21 11:36:44 - [MESSAGE][PASSED] - Text 'Forgotten password?' is present on page 

2020-04-21 11:36:44 - [TEST_STEP][PASSED] - setText(findTestObject("Object Repository/WebOffice/Page_Checkatrade - Administration - Login/input_Username_LoginControlUserName"), wo_Username): Text 'DavidHo' is set on object 'Object Repository/WebOffice/Page_Checkatrade - Administration - Login/input_Username_LoginControlUserName'

2020-04-21 11:36:45 - [MESSAGE][PASSED] - Text 'DavidHo' is set on object 'Object Repository/WebOffice/Page_Checkatrade - Administration - Login/input_Username_LoginControlUserName'

2020-04-21 11:36:45 - [TEST_STEP][PASSED] - setText(findTestObject("Object Repository/WebOffice/Page_Checkatrade - Administration - Login/input_Password_LoginControlPassword"), wo_Password): Text 'Check123' is set on object 'Object Repository/WebOffice/Page_Checkatrade - Administration - Login/input_Password_LoginControlPassword'

2020-04-21 11:36:45 - [MESSAGE][PASSED] - Text 'Check123' is set on object 'Object Repository/WebOffice/Page_Checkatrade - Administration - Login/input_Password_LoginControlPassword'

2020-04-21 11:36:45 - [TEST_STEP][PASSED] - click(findTestObject("Object Repository/WebOffice/Page_Checkatrade - Administration - Login/Login_Button")): Object: 'Object Repository/WebOffice/Page_Checkatrade - Administration - Login/Login_Button' is clicked on

2020-04-21 11:36:46 - [MESSAGE][PASSED] - Object: 'Object Repository/WebOffice/Page_Checkatrade - Administration - Login/Login_Button' is clicked on

2020-04-21 11:36:46 - [TEST_STEP][PASSED] - waitForPageLoad(60): Wait for page load successfully

2020-04-21 11:36:46 - [MESSAGE][PASSED] - Wait for page load successfully

2020-04-21 11:36:46 - [TEST_STEP][PASSED] - verifyTextPresent("Welcome " + wo_Username, false): Text 'Welcome DavidHo' is present on page 

2020-04-21 11:36:46 - [MESSAGE][PASSED] - Text 'Welcome DavidHo' is present on page 

2020-04-21 11:36:46 - [MESSAGE][PASSED] - Call Test Case 'Test Cases/Reusable_Test_Sequences/Web_Office/Directives/WebOffice_StartUp' successfully

2020-04-21 11:36:46 - [TEST_STEP][PASSED] - "-----------------------------------------------------------------": null

2020-04-21 11:36:46 - [TEST_STEP][PASSED] - " Navigate to <Settings->Checkatrade.Com->Sub Item> Menu Item     |": null

2020-04-21 11:36:46 - [TEST_STEP][PASSED] - callTestCase(findTestCase("Reusable_Test_Sequences/Web_Office/Navigation/Sub_Menu_Navigation/Settings/Checkatrade_Com/Web_Catagories"), [:], STOP_ON_FAILURE): Call Test Case 'Test Cases/Reusable_Test_Sequences/Web_Office/Navigation/Sub_Menu_Navigation/Settings/Checkatrade_Com/Web_Catagories' successfully

2020-04-21 11:36:46 - [TEST_CASE][PASSED] - Test Cases/Reusable_Test_Sequences/Web_Office/Navigation/Sub_Menu_Navigation/Settings/Checkatrade_Com/Web_Catagories: Test Cases/Reusable_Test_Sequences/Web_Office/Navigation/Sub_Menu_Navigation/Settings/Checkatrade_Com/Web_Catagories

2020-04-21 11:36:46 - [TEST_STEP][PASSED] - "--------------------------------------": null

2020-04-21 11:36:46 - [TEST_STEP][PASSED] - " Navigate Top level menu Item         |": null

2020-04-21 11:36:46 - [TEST_STEP][PASSED] - waitForPageLoad(60): Wait for page load successfully

2020-04-21 11:36:46 - [MESSAGE][PASSED] - Wait for page load successfully

2020-04-21 11:36:46 - [TEST_STEP][PASSED] - waitForElementClickable(findTestObject("Object Repository/WebOffice_Home_page/a_Settings"), 60): Object 'Object Repository/WebOffice_Home_page/a_Settings' is clickable

2020-04-21 11:36:46 - [MESSAGE][PASSED] - Object 'Object Repository/WebOffice_Home_page/a_Settings' is clickable

2020-04-21 11:36:46 - [TEST_STEP][PASSED] - mouseOver(findTestObject("Object Repository/WebOffice_Home_page/a_Settings")): Object: 'Object Repository/WebOffice_Home_page/a_Settings' is hovered

2020-04-21 11:36:47 - [MESSAGE][PASSED] - Object: 'Object Repository/WebOffice_Home_page/a_Settings' is hovered

2020-04-21 11:36:47 - [TEST_STEP][PASSED] - mouseOver(findTestObject("Object Repository/WebOffice_Home_page/a_wwwcheckatradecom")): Object: 'Object Repository/WebOffice_Home_page/a_wwwcheckatradecom' is hovered

2020-04-21 11:36:47 - [MESSAGE][PASSED] - Object: 'Object Repository/WebOffice_Home_page/a_wwwcheckatradecom' is hovered

2020-04-21 11:36:47 - [TEST_STEP][PASSED] - waitForElementClickable(findTestObject("Object Repository/WebOffice_Home_page/a_Web Categories"), 1): Object 'Object Repository/WebOffice_Home_page/a_Web Categories' is clickable

2020-04-21 11:36:47 - [MESSAGE][PASSED] - Object 'Object Repository/WebOffice_Home_page/a_Web Categories' is clickable

2020-04-21 11:36:47 - [TEST_STEP][PASSED] - click(findTestObject("Object Repository/WebOffice_Home_page/a_Web Categories")): Object: 'Object Repository/WebOffice_Home_page/a_Web Categories' is clicked on

2020-04-21 11:36:49 - [MESSAGE][PASSED] - Object: 'Object Repository/WebOffice_Home_page/a_Web Categories' is clicked on

2020-04-21 11:36:49 - [MESSAGE][PASSED] - Call Test Case 'Test Cases/Reusable_Test_Sequences/Web_Office/Navigation/Sub_Menu_Navigation/Settings/Checkatrade_Com/Web_Catagories' successfully

2020-04-21 11:36:49 - [TEST_STEP][PASSED] - "--------------------------------------": null

2020-04-21 11:36:49 - [TEST_STEP][PASSED] - " Verify Returned Page Detail          |": null

2020-04-21 11:36:49 - [TEST_STEP][PASSED] - callTestCase(findTestCase("Reusable_Test_Sequences/Web_Office/Verification/Settings/Checkatrade_Com/Web_Catagories"), [:], OPTIONAL): Call Test Case 'Test Cases/Reusable_Test_Sequences/Web_Office/Verification/Settings/Checkatrade_Com/Web_Catagories' successfully

2020-04-21 11:36:49 - [TEST_CASE][PASSED] - Test Cases/Reusable_Test_Sequences/Web_Office/Verification/Settings/Checkatrade_Com/Web_Catagories: Test Cases/Reusable_Test_Sequences/Web_Office/Verification/Settings/Checkatrade_Com/Web_Catagories

2020-04-21 11:36:50 - [TEST_STEP][PASSED] - waitForPageLoad(60): Wait for page load successfully

2020-04-21 11:36:50 - [MESSAGE][PASSED] - Wait for page load successfully

2020-04-21 11:36:50 - [TEST_STEP][PASSED] - delay(1): Delayed 1 second(s)

2020-04-21 11:36:51 - [MESSAGE][PASSED] - Delayed 1 second(s)

2020-04-21 11:36:51 - [TEST_STEP][PASSED] - verifyTextPresent("Web Categories", false): Text 'Web Categories' is present on page 

2020-04-21 11:36:52 - [MESSAGE][PASSED] - Text 'Web Categories' is present on page 

2020-04-21 11:36:52 - [TEST_STEP][PASSED] - verifyTextPresent("Add new top level category", false): Text 'Add new top level category' is present on page 

2020-04-21 11:36:52 - [MESSAGE][PASSED] - Text 'Add new top level category' is present on page 

2020-04-21 11:36:52 - [TEST_STEP][PASSED] - verifyTextPresent("Category Na", false): Text 'Category Na' is present on page 

2020-04-21 11:36:53 - [MESSAGE][PASSED] - Text 'Category Na' is present on page 

2020-04-21 11:36:53 - [TEST_STEP][PASSED] - verifyTextPresent("Category Hierarchy", false): Text 'Category Hierarchy' is present on page 

2020-04-21 11:36:54 - [MESSAGE][PASSED] - Text 'Category Hierarchy' is present on page 

2020-04-21 11:36:54 - [TEST_STEP][PASSED] - verifyTextPresent("SEO", false): Text 'SEO' is present on page 

2020-04-21 11:36:55 - [MESSAGE][PASSED] - Text 'SEO' is present on page 

2020-04-21 11:36:55 - [TEST_STEP][PASSED] - verifyTextPresent("Members", false): Text 'Members' is present on page 

2020-04-21 11:36:56 - [MESSAGE][PASSED] - Text 'Members' is present on page 

2020-04-21 11:36:56 - [TEST_STEP][PASSED] - verifyTextPresent("In SubCate", false): Text 'In SubCate' is present on page 

2020-04-21 11:36:56 - [MESSAGE][PASSED] - Text 'In SubCate' is present on page 

2020-04-21 11:36:56 - [TEST_STEP][PASSED] - verifyTextPresent("Create child", false): Text 'Create child' is present on page 

2020-04-21 11:36:57 - [MESSAGE][PASSED] - Text 'Create child' is present on page 

2020-04-21 11:36:57 - [TEST_STEP][PASSED] - verifyTextPresent("Preview", false): Text 'Preview' is present on page 

2020-04-21 11:36:58 - [MESSAGE][PASSED] - Text 'Preview' is present on page 

2020-04-21 11:36:58 - [TEST_STEP][PASSED] - "----------------------------------------------": null

2020-04-21 11:36:58 - [TEST_STEP][PASSED] - verifyTextPresent("Add child", false): Text 'Add child' is present on page 

2020-04-21 11:36:58 - [MESSAGE][PASSED] - Text 'Add child' is present on page 

2020-04-21 11:36:58 - [TEST_STEP][PASSED] - verifyTextPresent("Search", false): Text 'Search' is present on page 

2020-04-21 11:36:59 - [MESSAGE][PASSED] - Text 'Search' is present on page 

2020-04-21 11:36:59 - [TEST_STEP][PASSED] - verifyTextPresent("Air Conditioning", false): Text 'Air Conditioning' is present on page 

2020-04-21 11:37:00 - [MESSAGE][PASSED] - Text 'Air Conditioning' is present on page 

2020-04-21 11:37:00 - [TEST_STEP][PASSED] - verifyTextPresent("TDKC", false): Text 'TDKC' is present on page 

2020-04-21 11:37:00 - [MESSAGE][PASSED] - Text 'TDKC' is present on page 

2020-04-21 11:37:00 - [TEST_STEP][PASSED] - verifyTextPresent("TK", false): Text 'TK' is present on page 

2020-04-21 11:37:01 - [MESSAGE][PASSED] - Text 'TK' is present on page 

2020-04-21 11:37:01 - [TEST_STEP][PASSED] - verifyTextPresent("Fire Alarms", false): Text 'Fire Alarms' is present on page 

2020-04-21 11:37:01 - [MESSAGE][PASSED] - Text 'Fire Alarms' is present on page 

2020-04-21 11:37:01 - [MESSAGE][PASSED] - Call Test Case 'Test Cases/Reusable_Test_Sequences/Web_Office/Verification/Settings/Checkatrade_Com/Web_Catagories' successfully

2020-04-21 11:37:01 - [TEST_STEP][PASSED] - "--------------------------": null

2020-04-21 11:37:01 - [TEST_STEP][PASSED] - " Teardown - CLose Browser |": null

2020-04-21 11:37:01 - [TEST_STEP][PASSED] - callTestCase(findTestCase("Reusable_Test_Sequences/CAT_Teardown"), [:], OPTIONAL): Call Test Case 'Test Cases/Reusable_Test_Sequences/CAT_Teardown' successfully

2020-04-21 11:37:01 - [TEST_CASE][PASSED] - Test Cases/Reusable_Test_Sequences/CAT_Teardown: Test Cases/Reusable_Test_Sequences/CAT_Teardown

2020-04-21 11:37:01 - [TEST_STEP][PASSED] - closeBrowser(): Browser is closed

2020-04-21 11:37:02 - [MESSAGE][PASSED] - Browser is closed

2020-04-21 11:37:02 - [TEST_STEP][PASSED] - super.finalize(): null

2020-04-21 11:37:02 - [TEST_STEP][PASSED] - System.gc(): null

2020-04-21 11:37:02 - [MESSAGE][PASSED] - Call Test Case 'Test Cases/Reusable_Test_Sequences/CAT_Teardown' successfully]]></system-out>
         <system-err><![CDATA[]]></system-err>
      </testcase>
      <testcase name="Test Cases/Web_Office/Settings/Checkatrade_Com/Join_Now_Settings" time="21.357" classname="Test Cases/Web_Office/Settings/Checkatrade_Com/Join_Now_Settings" status="PASSED">
         <system-out><![CDATA[2020-04-21 11:37:02 - [TEST_CASE][PASSED] - Test Cases/Web_Office/Settings/Checkatrade_Com/Join_Now_Settings: Test Cases/Web_Office/Settings/Checkatrade_Com/Join_Now_Settings

2020-04-21 11:37:02 - [TEST_STEP][PASSED] - "--------------------------------------": null

2020-04-21 11:37:02 - [TEST_STEP][PASSED] - " Web Office StartUp                  |": null

2020-04-21 11:37:02 - [TEST_STEP][PASSED] - callTestCase(findTestCase("Reusable_Test_Sequences/Web_Office/Directives/WebOffice_StartUp"), [:], STOP_ON_FAILURE): Call Test Case 'Test Cases/Reusable_Test_Sequences/Web_Office/Directives/WebOffice_StartUp' successfully

2020-04-21 11:37:03 - [TEST_CASE][PASSED] - Test Cases/Reusable_Test_Sequences/Web_Office/Directives/WebOffice_StartUp: Test Cases/Reusable_Test_Sequences/Web_Office/Directives/WebOffice_StartUp

2020-04-21 11:37:03 - [TEST_STEP][PASSED] - "-----------------------------------------------------------------------------": null

2020-04-21 11:37:03 - [TEST_STEP][PASSED] - if (URL == "https://www.dev.checkatrade.com/"): null

2020-04-21 11:37:03 - [TEST_STEP][PASSED] - "-----------------------------------------------------------------------------": null

2020-04-21 11:37:03 - [TEST_STEP][PASSED] - if (URL == "https://www.checkatrade.com/"): null

2020-04-21 11:37:03 - [TEST_STEP][PASSED] - "-----------------------------------------------------------------------------": null

2020-04-21 11:37:03 - [TEST_STEP][PASSED] - if (URL == "https://www.preview.checkatrade.com/"): null

2020-04-21 11:37:03 - [TEST_STEP][PASSED] - WebOfficeURL = "https://admin.preview.checkatrade.com/": null

2020-04-21 11:37:03 - [TEST_STEP][PASSED] - if (URL == "https://www.dev2.checkatrade.com/"): null

2020-04-21 11:37:03 - [TEST_STEP][PASSED] - "Set Function Area for "URL_Handler", URL Resolution": null

2020-04-21 11:37:03 - [TEST_STEP][PASSED] - "Do Some Magic with URL(s) See the comments within URL Handler ": null

2020-04-21 11:37:03 - [TEST_STEP][PASSED] - "------------------------------------------------": null

2020-04-21 11:37:03 - [TEST_STEP][PASSED] - "Moved Login Credentials to <Default> profile 22/01/2020": null

2020-04-21 11:37:03 - [TEST_STEP][PASSED] - "------------------------------------------------": null

2020-04-21 11:37:03 - [TEST_STEP][PASSED] - "WebOfficeURL - Set from the ENVIRONMENT PROFILE ": null

2020-04-21 11:37:03 - [TEST_STEP][PASSED] - "OPEN BROWSER": null

2020-04-21 11:37:03 - [TEST_STEP][PASSED] - "eg - https://admin.preview.checkatrade.com/  ": null

2020-04-21 11:37:03 - [TEST_STEP][PASSED] - openBrowser(WebOfficeURL): Browser is opened with url: 'https://admin.preview.checkatrade.com/'

2020-04-21 11:37:03 - [MESSAGE][INFO] - Starting 'Chrome' driver

2020-04-21 11:37:03 - [MESSAGE][INFO] - Action delay is set to 0 milliseconds

2020-04-21 11:37:07 - [MESSAGE][PASSED] - Browser is opened with url: 'https://admin.preview.checkatrade.com/'

2020-04-21 11:37:07 - [TEST_STEP][PASSED] - maximizeWindow(): Current window maximized

2020-04-21 11:37:09 - [MESSAGE][PASSED] - Current window maximized

2020-04-21 11:37:09 - [TEST_STEP][PASSED] - waitForElementClickable(findTestObject("Object Repository/WebOffice/Page_Checkatrade - Administration - Login/Login_Button"), 25): Object 'Object Repository/WebOffice/Page_Checkatrade - Administration - Login/Login_Button' is clickable

2020-04-21 11:37:09 - [MESSAGE][PASSED] - Object 'Object Repository/WebOffice/Page_Checkatrade - Administration - Login/Login_Button' is clickable

2020-04-21 11:37:09 - [TEST_STEP][PASSED] - verifyTextPresent("Checkatrade Web Office", false): Text 'Checkatrade Web Office' is present on page 

2020-04-21 11:37:09 - [MESSAGE][PASSED] - Text 'Checkatrade Web Office' is present on page 

2020-04-21 11:37:09 - [TEST_STEP][PASSED] - verifyTextPresent("Access for staff use only", false): Text 'Access for staff use only' is present on page 

2020-04-21 11:37:09 - [MESSAGE][PASSED] - Text 'Access for staff use only' is present on page 

2020-04-21 11:37:09 - [TEST_STEP][PASSED] - verifyTextPresent("Forgotten password?", false): Text 'Forgotten password?' is present on page 

2020-04-21 11:37:10 - [MESSAGE][PASSED] - Text 'Forgotten password?' is present on page 

2020-04-21 11:37:10 - [TEST_STEP][PASSED] - setText(findTestObject("Object Repository/WebOffice/Page_Checkatrade - Administration - Login/input_Username_LoginControlUserName"), wo_Username): Text 'DavidHo' is set on object 'Object Repository/WebOffice/Page_Checkatrade - Administration - Login/input_Username_LoginControlUserName'

2020-04-21 11:37:10 - [MESSAGE][PASSED] - Text 'DavidHo' is set on object 'Object Repository/WebOffice/Page_Checkatrade - Administration - Login/input_Username_LoginControlUserName'

2020-04-21 11:37:10 - [TEST_STEP][PASSED] - setText(findTestObject("Object Repository/WebOffice/Page_Checkatrade - Administration - Login/input_Password_LoginControlPassword"), wo_Password): Text 'Check123' is set on object 'Object Repository/WebOffice/Page_Checkatrade - Administration - Login/input_Password_LoginControlPassword'

2020-04-21 11:37:10 - [MESSAGE][PASSED] - Text 'Check123' is set on object 'Object Repository/WebOffice/Page_Checkatrade - Administration - Login/input_Password_LoginControlPassword'

2020-04-21 11:37:10 - [TEST_STEP][PASSED] - click(findTestObject("Object Repository/WebOffice/Page_Checkatrade - Administration - Login/Login_Button")): Object: 'Object Repository/WebOffice/Page_Checkatrade - Administration - Login/Login_Button' is clicked on

2020-04-21 11:37:13 - [MESSAGE][PASSED] - Object: 'Object Repository/WebOffice/Page_Checkatrade - Administration - Login/Login_Button' is clicked on

2020-04-21 11:37:13 - [TEST_STEP][PASSED] - waitForPageLoad(60): Wait for page load successfully

2020-04-21 11:37:13 - [MESSAGE][PASSED] - Wait for page load successfully

2020-04-21 11:37:13 - [TEST_STEP][PASSED] - verifyTextPresent("Welcome " + wo_Username, false): Text 'Welcome DavidHo' is present on page 

2020-04-21 11:37:13 - [MESSAGE][PASSED] - Text 'Welcome DavidHo' is present on page 

2020-04-21 11:37:13 - [MESSAGE][PASSED] - Call Test Case 'Test Cases/Reusable_Test_Sequences/Web_Office/Directives/WebOffice_StartUp' successfully

2020-04-21 11:37:13 - [TEST_STEP][PASSED] - "-----------------------------------------------------------------": null

2020-04-21 11:37:13 - [TEST_STEP][PASSED] - " Navigate to <Settings->Checkatrade.Com->Sub Item> Menu Item     |": null

2020-04-21 11:37:13 - [TEST_STEP][PASSED] - callTestCase(findTestCase("Reusable_Test_Sequences/Web_Office/Navigation/Sub_Menu_Navigation/Settings/Checkatrade_Com/Join_Now_Settings"), [:], STOP_ON_FAILURE): Call Test Case 'Test Cases/Reusable_Test_Sequences/Web_Office/Navigation/Sub_Menu_Navigation/Settings/Checkatrade_Com/Join_Now_Settings' successfully

2020-04-21 11:37:13 - [TEST_CASE][PASSED] - Test Cases/Reusable_Test_Sequences/Web_Office/Navigation/Sub_Menu_Navigation/Settings/Checkatrade_Com/Join_Now_Settings: Test Cases/Reusable_Test_Sequences/Web_Office/Navigation/Sub_Menu_Navigation/Settings/Checkatrade_Com/Join_Now_Settings

2020-04-21 11:37:13 - [TEST_STEP][PASSED] - "--------------------------------------": null

2020-04-21 11:37:13 - [TEST_STEP][PASSED] - " Navigate Top level menu Item         |": null

2020-04-21 11:37:13 - [TEST_STEP][PASSED] - waitForPageLoad(60): Wait for page load successfully

2020-04-21 11:37:14 - [MESSAGE][PASSED] - Wait for page load successfully

2020-04-21 11:37:14 - [TEST_STEP][PASSED] - waitForElementClickable(findTestObject("Object Repository/WebOffice_Home_page/a_Settings"), 60): Object 'Object Repository/WebOffice_Home_page/a_Settings' is clickable

2020-04-21 11:37:14 - [MESSAGE][PASSED] - Object 'Object Repository/WebOffice_Home_page/a_Settings' is clickable

2020-04-21 11:37:14 - [TEST_STEP][PASSED] - mouseOver(findTestObject("Object Repository/WebOffice_Home_page/a_Settings")): Object: 'Object Repository/WebOffice_Home_page/a_Settings' is hovered

2020-04-21 11:37:14 - [MESSAGE][PASSED] - Object: 'Object Repository/WebOffice_Home_page/a_Settings' is hovered

2020-04-21 11:37:14 - [TEST_STEP][PASSED] - mouseOver(findTestObject("Object Repository/WebOffice_Home_page/a_wwwcheckatradecom")): Object: 'Object Repository/WebOffice_Home_page/a_wwwcheckatradecom' is hovered

2020-04-21 11:37:14 - [MESSAGE][PASSED] - Object: 'Object Repository/WebOffice_Home_page/a_wwwcheckatradecom' is hovered

2020-04-21 11:37:14 - [TEST_STEP][PASSED] - waitForElementClickable(findTestObject("Object Repository/WebOffice_Home_page/a_Join Now Settings"), 1): Object 'Object Repository/WebOffice_Home_page/a_Join Now Settings' is clickable

2020-04-21 11:37:14 - [MESSAGE][PASSED] - Object 'Object Repository/WebOffice_Home_page/a_Join Now Settings' is clickable

2020-04-21 11:37:14 - [TEST_STEP][PASSED] - click(findTestObject("Object Repository/WebOffice_Home_page/a_Join Now Settings")): Object: 'Object Repository/WebOffice_Home_page/a_Join Now Settings' is clicked on

2020-04-21 11:37:14 - [MESSAGE][PASSED] - Object: 'Object Repository/WebOffice_Home_page/a_Join Now Settings' is clicked on

2020-04-21 11:37:14 - [MESSAGE][PASSED] - Call Test Case 'Test Cases/Reusable_Test_Sequences/Web_Office/Navigation/Sub_Menu_Navigation/Settings/Checkatrade_Com/Join_Now_Settings' successfully

2020-04-21 11:37:14 - [TEST_STEP][PASSED] - "--------------------------------------": null

2020-04-21 11:37:14 - [TEST_STEP][PASSED] - " Verify Returned Page Detail          |": null

2020-04-21 11:37:15 - [TEST_STEP][PASSED] - callTestCase(findTestCase("Reusable_Test_Sequences/Web_Office/Verification/Settings/Checkatrade_Com/Join_Now_Settings"), [:], OPTIONAL): Call Test Case 'Test Cases/Reusable_Test_Sequences/Web_Office/Verification/Settings/Checkatrade_Com/Join_Now_Settings' successfully

2020-04-21 11:37:15 - [TEST_CASE][PASSED] - Test Cases/Reusable_Test_Sequences/Web_Office/Verification/Settings/Checkatrade_Com/Join_Now_Settings: Test Cases/Reusable_Test_Sequences/Web_Office/Verification/Settings/Checkatrade_Com/Join_Now_Settings

2020-04-21 11:37:15 - [TEST_STEP][PASSED] - waitForPageLoad(60): Wait for page load successfully

2020-04-21 11:37:15 - [MESSAGE][PASSED] - Wait for page load successfully

2020-04-21 11:37:15 - [TEST_STEP][PASSED] - delay(1): Delayed 1 second(s)

2020-04-21 11:37:16 - [MESSAGE][PASSED] - Delayed 1 second(s)

2020-04-21 11:37:16 - [TEST_STEP][PASSED] - verifyTextPresent("Join Now Form Settings", false): Text 'Join Now Form Settings' is present on page 

2020-04-21 11:37:16 - [MESSAGE][PASSED] - Text 'Join Now Form Settings' is present on page 

2020-04-21 11:37:16 - [TEST_STEP][PASSED] - verifyTextPresent("Closed Dates", false): Text 'Closed Dates' is present on page 

2020-04-21 11:37:16 - [MESSAGE][PASSED] - Text 'Closed Dates' is present on page 

2020-04-21 11:37:16 - [TEST_STEP][PASSED] - "----------------------------------------------": null

2020-04-21 11:37:16 - [TEST_STEP][PASSED] - verifyTextPresent("Form Content", false): Text 'Form Content' is present on page 

2020-04-21 11:37:16 - [MESSAGE][PASSED] - Text 'Form Content' is present on page 

2020-04-21 11:37:16 - [TEST_STEP][PASSED] - verifyTextPresent("Join Now Campaigns", false): Text 'Join Now Campaigns' is present on page 

2020-04-21 11:37:16 - [MESSAGE][PASSED] - Text 'Join Now Campaigns' is present on page 

2020-04-21 11:37:16 - [TEST_STEP][PASSED] - "----------------------------------------------": null

2020-04-21 11:37:16 - [TEST_STEP][PASSED] - verifyTextPresent("Form Heading", false): Text 'Form Heading' is present on page 

2020-04-21 11:37:16 - [MESSAGE][PASSED] - Text 'Form Heading' is present on page 

2020-04-21 11:37:16 - [TEST_STEP][PASSED] - verifyTextPresent("Form Text", false): Text 'Form Text' is present on page 

2020-04-21 11:37:17 - [MESSAGE][PASSED] - Text 'Form Text' is present on page 

2020-04-21 11:37:17 - [TEST_STEP][PASSED] - verifyTextPresent("Sorry the office is now closed", false): Text 'Sorry the office is now closed' is present on page 

2020-04-21 11:37:17 - [MESSAGE][PASSED] - Text 'Sorry the office is now closed' is present on page 

2020-04-21 11:37:17 - [TEST_STEP][PASSED] - verifyTextPresent("You will receive a call", false): Text 'You will receive a call' is present on page 

2020-04-21 11:37:17 - [MESSAGE][PASSED] - Text 'You will receive a call' is present on page 

2020-04-21 11:37:17 - [TEST_STEP][PASSED] - verifyTextPresent("Show Call Back Time", false): Text 'Show Call Back Time' is present on page 

2020-04-21 11:37:17 - [MESSAGE][PASSED] - Text 'Show Call Back Time' is present on page 

2020-04-21 11:37:17 - [TEST_STEP][PASSED] - verifyTextPresent("Use default text", false): Text 'Use default text' is present on page 

2020-04-21 11:37:17 - [MESSAGE][PASSED] - Text 'Use default text' is present on page 

2020-04-21 11:37:17 - [TEST_STEP][PASSED] - verifyTextPresent("Set manual text", false): Text 'Set manual text' is present on page 

2020-04-21 11:37:17 - [MESSAGE][PASSED] - Text 'Set manual text' is present on page 

2020-04-21 11:37:17 - [TEST_STEP][PASSED] - "----------------------------------------------": null

2020-04-21 11:37:17 - [TEST_STEP][PASSED] - click(findTestObject("Object Repository/WebOffice_Home_page/Page_/a_Join Now Campaigns")): Object: 'Object Repository/WebOffice_Home_page/Page_/a_Join Now Campaigns' is clicked on

2020-04-21 11:37:17 - [MESSAGE][PASSED] - Object: 'Object Repository/WebOffice_Home_page/Page_/a_Join Now Campaigns' is clicked on

2020-04-21 11:37:17 - [TEST_STEP][PASSED] - delay(1): Delayed 1 second(s)

2020-04-21 11:37:18 - [MESSAGE][PASSED] - Delayed 1 second(s)

2020-04-21 11:37:18 - [TEST_STEP][PASSED] - waitForPageLoad(5): Wait for page load successfully

2020-04-21 11:37:18 - [MESSAGE][PASSED] - Wait for page load successfully

2020-04-21 11:37:18 - [TEST_STEP][PASSED] - "----------------------------------------------": null

2020-04-21 11:37:18 - [TEST_STEP][PASSED] - verifyTextPresent("Title", false): Text 'Title' is present on page 

2020-04-21 11:37:18 - [MESSAGE][PASSED] - Text 'Title' is present on page 

2020-04-21 11:37:18 - [TEST_STEP][PASSED] - verifyTextPresent("Description", false): Text 'Description' is present on page 

2020-04-21 11:37:18 - [MESSAGE][PASSED] - Text 'Description' is present on page 

2020-04-21 11:37:18 - [TEST_STEP][PASSED] - verifyTextPresent("Starts", false): Text 'Starts' is present on page 

2020-04-21 11:37:18 - [MESSAGE][PASSED] - Text 'Starts' is present on page 

2020-04-21 11:37:18 - [TEST_STEP][PASSED] - verifyTextPresent("Ends", false): Text 'Ends' is present on page 

2020-04-21 11:37:18 - [MESSAGE][PASSED] - Text 'Ends' is present on page 

2020-04-21 11:37:18 - [TEST_STEP][PASSED] - verifyTextPresent("Enabled", false): Text 'Enabled' is present on page 

2020-04-21 11:37:19 - [MESSAGE][PASSED] - Text 'Enabled' is present on page 

2020-04-21 11:37:19 - [TEST_STEP][PASSED] - "----------------------------------------------": null

2020-04-21 11:37:19 - [TEST_STEP][PASSED] - verifyTextPresent("Two months membership", false): Text 'Two months membership' is present on page 

2020-04-21 11:37:19 - [MESSAGE][PASSED] - Text 'Two months membership' is present on page 

2020-04-21 11:37:19 - [TEST_STEP][PASSED] - verifyTextPresent("Offer ends", false): Text 'Offer ends' is present on page 

2020-04-21 11:37:19 - [MESSAGE][PASSED] - Text 'Offer ends' is present on page 

2020-04-21 11:37:19 - [TEST_STEP][PASSED] - verifyTextPresent("Edit", false): Text 'Edit' is present on page 

2020-04-21 11:37:19 - [MESSAGE][PASSED] - Text 'Edit' is present on page 

2020-04-21 11:37:19 - [TEST_STEP][PASSED] - verifyTextPresent("12 months for the price of", false): Text '12 months for the price of' is present on page 

2020-04-21 11:37:19 - [MESSAGE][PASSED] - Text '12 months for the price of' is present on page 

2020-04-21 11:37:19 - [TEST_STEP][PASSED] - verifyTextPresent("Offer ends", false): Text 'Offer ends' is present on page 

2020-04-21 11:37:19 - [MESSAGE][PASSED] - Text 'Offer ends' is present on page 

2020-04-21 11:37:19 - [TEST_STEP][PASSED] - verifyTextPresent("joining fee", false): Text 'joining fee' is present on page 

2020-04-21 11:37:19 - [MESSAGE][PASSED] - Text 'joining fee' is present on page 

2020-04-21 11:37:19 - [TEST_STEP][PASSED] - click(findTestObject("Object Repository/WebOffice_Home_page/Page_/input_Set manual text_ctl00CP1btnCreateCampaign")): Object: 'Object Repository/WebOffice_Home_page/Page_/input_Set manual text_ctl00CP1btnCreateCampaign' is clicked on

2020-04-21 11:37:20 - [MESSAGE][PASSED] - Object: 'Object Repository/WebOffice_Home_page/Page_/input_Set manual text_ctl00CP1btnCreateCampaign' is clicked on

2020-04-21 11:37:20 - [TEST_STEP][PASSED] - delay(1): Delayed 1 second(s)

2020-04-21 11:37:21 - [MESSAGE][PASSED] - Delayed 1 second(s)

2020-04-21 11:37:21 - [TEST_STEP][PASSED] - waitForPageLoad(5): Wait for page load successfully

2020-04-21 11:37:21 - [MESSAGE][PASSED] - Wait for page load successfully

2020-04-21 11:37:21 - [TEST_STEP][PASSED] - verifyTextPresent("Title", false): Text 'Title' is present on page 

2020-04-21 11:37:21 - [MESSAGE][PASSED] - Text 'Title' is present on page 

2020-04-21 11:37:21 - [TEST_STEP][PASSED] - setText(findTestObject("Object Repository/WebOffice_Home_page/Page_/input_Title_ctl00CP1txtTitle"), "Tester"): Text 'Tester' is set on object 'Object Repository/WebOffice_Home_page/Page_/input_Title_ctl00CP1txtTitle'

2020-04-21 11:37:21 - [MESSAGE][PASSED] - Text 'Tester' is set on object 'Object Repository/WebOffice_Home_page/Page_/input_Title_ctl00CP1txtTitle'

2020-04-21 11:37:21 - [TEST_STEP][PASSED] - verifyTextPresent("Description", false): Text 'Description' is present on page 

2020-04-21 11:37:21 - [MESSAGE][PASSED] - Text 'Description' is present on page 

2020-04-21 11:37:21 - [TEST_STEP][PASSED] - setText(findTestObject("Object Repository/WebOffice_Home_page/Page_/input_Description_ctl00CP1txtDescription"), "Testing"): Text 'Testing' is set on object 'Object Repository/WebOffice_Home_page/Page_/input_Description_ctl00CP1txtDescription'

2020-04-21 11:37:21 - [MESSAGE][PASSED] - Text 'Testing' is set on object 'Object Repository/WebOffice_Home_page/Page_/input_Description_ctl00CP1txtDescription'

2020-04-21 11:37:21 - [TEST_STEP][PASSED] - verifyTextPresent("Terms and Conditions", false): Text 'Terms and Conditions' is present on page 

2020-04-21 11:37:22 - [MESSAGE][PASSED] - Text 'Terms and Conditions' is present on page 

2020-04-21 11:37:22 - [TEST_STEP][PASSED] - setText(findTestObject("Object Repository/WebOffice_Home_page/Page_/textarea_Terms and Conditions_ctl00CP1txtTerms"), "Testing Tester"): Text 'Testing Tester' is set on object 'Object Repository/WebOffice_Home_page/Page_/textarea_Terms and Conditions_ctl00CP1txtTerms'

2020-04-21 11:37:22 - [MESSAGE][PASSED] - Text 'Testing Tester' is set on object 'Object Repository/WebOffice_Home_page/Page_/textarea_Terms and Conditions_ctl00CP1txtTerms'

2020-04-21 11:37:22 - [TEST_STEP][PASSED] - verifyTextPresent("Enabled", false): Text 'Enabled' is present on page 

2020-04-21 11:37:22 - [MESSAGE][PASSED] - Text 'Enabled' is present on page 

2020-04-21 11:37:22 - [TEST_STEP][PASSED] - verifyTextPresent("Start Date", false): Text 'Start Date' is present on page 

2020-04-21 11:37:22 - [MESSAGE][PASSED] - Text 'Start Date' is present on page 

2020-04-21 11:37:22 - [TEST_STEP][PASSED] - verifyTextPresent("End Date", false): Text 'End Date' is present on page 

2020-04-21 11:37:22 - [MESSAGE][PASSED] - Text 'End Date' is present on page 

2020-04-21 11:37:22 - [MESSAGE][PASSED] - Call Test Case 'Test Cases/Reusable_Test_Sequences/Web_Office/Verification/Settings/Checkatrade_Com/Join_Now_Settings' successfully

2020-04-21 11:37:22 - [TEST_STEP][PASSED] - "--------------------------": null

2020-04-21 11:37:22 - [TEST_STEP][PASSED] - " Teardown - CLose Browser |": null

2020-04-21 11:37:22 - [TEST_STEP][PASSED] - callTestCase(findTestCase("Reusable_Test_Sequences/CAT_Teardown"), [:], OPTIONAL): Call Test Case 'Test Cases/Reusable_Test_Sequences/CAT_Teardown' successfully

2020-04-21 11:37:22 - [TEST_CASE][PASSED] - Test Cases/Reusable_Test_Sequences/CAT_Teardown: Test Cases/Reusable_Test_Sequences/CAT_Teardown

2020-04-21 11:37:22 - [TEST_STEP][PASSED] - closeBrowser(): Browser is closed

2020-04-21 11:37:23 - [MESSAGE][PASSED] - Browser is closed

2020-04-21 11:37:23 - [TEST_STEP][PASSED] - super.finalize(): null

2020-04-21 11:37:23 - [TEST_STEP][PASSED] - System.gc(): null

2020-04-21 11:37:23 - [MESSAGE][PASSED] - Call Test Case 'Test Cases/Reusable_Test_Sequences/CAT_Teardown' successfully]]></system-out>
         <system-err><![CDATA[]]></system-err>
      </testcase>
      <testcase name="Test Cases/Web_Office/Settings/Checkatrade_Com/Search_Radius" time="14.279" classname="Test Cases/Web_Office/Settings/Checkatrade_Com/Search_Radius" status="PASSED">
         <system-out><![CDATA[2020-04-21 11:37:23 - [TEST_CASE][PASSED] - Test Cases/Web_Office/Settings/Checkatrade_Com/Search_Radius: Test Cases/Web_Office/Settings/Checkatrade_Com/Search_Radius

2020-04-21 11:37:24 - [TEST_STEP][PASSED] - "--------------------------------------": null

2020-04-21 11:37:24 - [TEST_STEP][PASSED] - " Web Office StartUp                  |": null

2020-04-21 11:37:24 - [TEST_STEP][PASSED] - callTestCase(findTestCase("Reusable_Test_Sequences/Web_Office/Directives/WebOffice_StartUp"), [:], STOP_ON_FAILURE): Call Test Case 'Test Cases/Reusable_Test_Sequences/Web_Office/Directives/WebOffice_StartUp' successfully

2020-04-21 11:37:24 - [TEST_CASE][PASSED] - Test Cases/Reusable_Test_Sequences/Web_Office/Directives/WebOffice_StartUp: Test Cases/Reusable_Test_Sequences/Web_Office/Directives/WebOffice_StartUp

2020-04-21 11:37:24 - [TEST_STEP][PASSED] - "-----------------------------------------------------------------------------": null

2020-04-21 11:37:24 - [TEST_STEP][PASSED] - if (URL == "https://www.dev.checkatrade.com/"): null

2020-04-21 11:37:24 - [TEST_STEP][PASSED] - "-----------------------------------------------------------------------------": null

2020-04-21 11:37:24 - [TEST_STEP][PASSED] - if (URL == "https://www.checkatrade.com/"): null

2020-04-21 11:37:24 - [TEST_STEP][PASSED] - "-----------------------------------------------------------------------------": null

2020-04-21 11:37:24 - [TEST_STEP][PASSED] - if (URL == "https://www.preview.checkatrade.com/"): null

2020-04-21 11:37:24 - [TEST_STEP][PASSED] - WebOfficeURL = "https://admin.preview.checkatrade.com/": null

2020-04-21 11:37:24 - [TEST_STEP][PASSED] - if (URL == "https://www.dev2.checkatrade.com/"): null

2020-04-21 11:37:24 - [TEST_STEP][PASSED] - "Set Function Area for "URL_Handler", URL Resolution": null

2020-04-21 11:37:24 - [TEST_STEP][PASSED] - "Do Some Magic with URL(s) See the comments within URL Handler ": null

2020-04-21 11:37:24 - [TEST_STEP][PASSED] - "------------------------------------------------": null

2020-04-21 11:37:24 - [TEST_STEP][PASSED] - "Moved Login Credentials to <Default> profile 22/01/2020": null

2020-04-21 11:37:24 - [TEST_STEP][PASSED] - "------------------------------------------------": null

2020-04-21 11:37:24 - [TEST_STEP][PASSED] - "WebOfficeURL - Set from the ENVIRONMENT PROFILE ": null

2020-04-21 11:37:24 - [TEST_STEP][PASSED] - "OPEN BROWSER": null

2020-04-21 11:37:24 - [TEST_STEP][PASSED] - "eg - https://admin.preview.checkatrade.com/  ": null

2020-04-21 11:37:24 - [TEST_STEP][PASSED] - openBrowser(WebOfficeURL): Browser is opened with url: 'https://admin.preview.checkatrade.com/'

2020-04-21 11:37:24 - [MESSAGE][INFO] - Starting 'Chrome' driver

2020-04-21 11:37:24 - [MESSAGE][INFO] - Action delay is set to 0 milliseconds

2020-04-21 11:37:28 - [MESSAGE][PASSED] - Browser is opened with url: 'https://admin.preview.checkatrade.com/'

2020-04-21 11:37:28 - [TEST_STEP][PASSED] - maximizeWindow(): Current window maximized

2020-04-21 11:37:30 - [MESSAGE][PASSED] - Current window maximized

2020-04-21 11:37:30 - [TEST_STEP][PASSED] - waitForElementClickable(findTestObject("Object Repository/WebOffice/Page_Checkatrade - Administration - Login/Login_Button"), 25): Object 'Object Repository/WebOffice/Page_Checkatrade - Administration - Login/Login_Button' is clickable

2020-04-21 11:37:30 - [MESSAGE][PASSED] - Object 'Object Repository/WebOffice/Page_Checkatrade - Administration - Login/Login_Button' is clickable

2020-04-21 11:37:30 - [TEST_STEP][PASSED] - verifyTextPresent("Checkatrade Web Office", false): Text 'Checkatrade Web Office' is present on page 

2020-04-21 11:37:30 - [MESSAGE][PASSED] - Text 'Checkatrade Web Office' is present on page 

2020-04-21 11:37:30 - [TEST_STEP][PASSED] - verifyTextPresent("Access for staff use only", false): Text 'Access for staff use only' is present on page 

2020-04-21 11:37:30 - [MESSAGE][PASSED] - Text 'Access for staff use only' is present on page 

2020-04-21 11:37:30 - [TEST_STEP][PASSED] - verifyTextPresent("Forgotten password?", false): Text 'Forgotten password?' is present on page 

2020-04-21 11:37:30 - [MESSAGE][PASSED] - Text 'Forgotten password?' is present on page 

2020-04-21 11:37:30 - [TEST_STEP][PASSED] - setText(findTestObject("Object Repository/WebOffice/Page_Checkatrade - Administration - Login/input_Username_LoginControlUserName"), wo_Username): Text 'DavidHo' is set on object 'Object Repository/WebOffice/Page_Checkatrade - Administration - Login/input_Username_LoginControlUserName'

2020-04-21 11:37:31 - [MESSAGE][PASSED] - Text 'DavidHo' is set on object 'Object Repository/WebOffice/Page_Checkatrade - Administration - Login/input_Username_LoginControlUserName'

2020-04-21 11:37:31 - [TEST_STEP][PASSED] - setText(findTestObject("Object Repository/WebOffice/Page_Checkatrade - Administration - Login/input_Password_LoginControlPassword"), wo_Password): Text 'Check123' is set on object 'Object Repository/WebOffice/Page_Checkatrade - Administration - Login/input_Password_LoginControlPassword'

2020-04-21 11:37:31 - [MESSAGE][PASSED] - Text 'Check123' is set on object 'Object Repository/WebOffice/Page_Checkatrade - Administration - Login/input_Password_LoginControlPassword'

2020-04-21 11:37:31 - [TEST_STEP][PASSED] - click(findTestObject("Object Repository/WebOffice/Page_Checkatrade - Administration - Login/Login_Button")): Object: 'Object Repository/WebOffice/Page_Checkatrade - Administration - Login/Login_Button' is clicked on

2020-04-21 11:37:33 - [MESSAGE][PASSED] - Object: 'Object Repository/WebOffice/Page_Checkatrade - Administration - Login/Login_Button' is clicked on

2020-04-21 11:37:33 - [TEST_STEP][PASSED] - waitForPageLoad(60): Wait for page load successfully

2020-04-21 11:37:33 - [MESSAGE][PASSED] - Wait for page load successfully

2020-04-21 11:37:33 - [TEST_STEP][PASSED] - verifyTextPresent("Welcome " + wo_Username, false): Text 'Welcome DavidHo' is present on page 

2020-04-21 11:37:33 - [MESSAGE][PASSED] - Text 'Welcome DavidHo' is present on page 

2020-04-21 11:37:33 - [MESSAGE][PASSED] - Call Test Case 'Test Cases/Reusable_Test_Sequences/Web_Office/Directives/WebOffice_StartUp' successfully

2020-04-21 11:37:33 - [TEST_STEP][PASSED] - "-----------------------------------------------------------------": null

2020-04-21 11:37:33 - [TEST_STEP][PASSED] - " Navigate to <Settings->Checkatrade.Com->Sub Item> Menu Item     |": null

2020-04-21 11:37:33 - [TEST_STEP][PASSED] - callTestCase(findTestCase("Reusable_Test_Sequences/Web_Office/Navigation/Sub_Menu_Navigation/Settings/Checkatrade_Com/Search_Radius"), [:], STOP_ON_FAILURE): Call Test Case 'Test Cases/Reusable_Test_Sequences/Web_Office/Navigation/Sub_Menu_Navigation/Settings/Checkatrade_Com/Search_Radius' successfully

2020-04-21 11:37:33 - [TEST_CASE][PASSED] - Test Cases/Reusable_Test_Sequences/Web_Office/Navigation/Sub_Menu_Navigation/Settings/Checkatrade_Com/Search_Radius: Test Cases/Reusable_Test_Sequences/Web_Office/Navigation/Sub_Menu_Navigation/Settings/Checkatrade_Com/Search_Radius

2020-04-21 11:37:34 - [TEST_STEP][PASSED] - "--------------------------------------": null

2020-04-21 11:37:34 - [TEST_STEP][PASSED] - " Navigate Top level menu Item         |": null

2020-04-21 11:37:34 - [TEST_STEP][PASSED] - waitForPageLoad(60): Wait for page load successfully

2020-04-21 11:37:34 - [MESSAGE][PASSED] - Wait for page load successfully

2020-04-21 11:37:34 - [TEST_STEP][PASSED] - waitForElementClickable(findTestObject("Object Repository/WebOffice_Home_page/a_Settings"), 60): Object 'Object Repository/WebOffice_Home_page/a_Settings' is clickable

2020-04-21 11:37:34 - [MESSAGE][PASSED] - Object 'Object Repository/WebOffice_Home_page/a_Settings' is clickable

2020-04-21 11:37:34 - [TEST_STEP][PASSED] - mouseOver(findTestObject("Object Repository/WebOffice_Home_page/a_Settings")): Object: 'Object Repository/WebOffice_Home_page/a_Settings' is hovered

2020-04-21 11:37:34 - [MESSAGE][PASSED] - Object: 'Object Repository/WebOffice_Home_page/a_Settings' is hovered

2020-04-21 11:37:34 - [TEST_STEP][PASSED] - mouseOver(findTestObject("Object Repository/WebOffice_Home_page/a_wwwcheckatradecom")): Object: 'Object Repository/WebOffice_Home_page/a_wwwcheckatradecom' is hovered

2020-04-21 11:37:34 - [MESSAGE][PASSED] - Object: 'Object Repository/WebOffice_Home_page/a_wwwcheckatradecom' is hovered

2020-04-21 11:37:34 - [TEST_STEP][PASSED] - waitForElementClickable(findTestObject("Object Repository/WebOffice_Home_page/a_Search Radius"), 1): Object 'Object Repository/WebOffice_Home_page/a_Search Radius' is clickable

2020-04-21 11:37:34 - [MESSAGE][PASSED] - Object 'Object Repository/WebOffice_Home_page/a_Search Radius' is clickable

2020-04-21 11:37:34 - [TEST_STEP][PASSED] - click(findTestObject("Object Repository/WebOffice_Home_page/a_Search Radius")): Object: 'Object Repository/WebOffice_Home_page/a_Search Radius' is clicked on

2020-04-21 11:37:35 - [MESSAGE][PASSED] - Object: 'Object Repository/WebOffice_Home_page/a_Search Radius' is clicked on

2020-04-21 11:37:35 - [MESSAGE][PASSED] - Call Test Case 'Test Cases/Reusable_Test_Sequences/Web_Office/Navigation/Sub_Menu_Navigation/Settings/Checkatrade_Com/Search_Radius' successfully

2020-04-21 11:37:35 - [TEST_STEP][PASSED] - "--------------------------------------": null

2020-04-21 11:37:35 - [TEST_STEP][PASSED] - " Verify Returned Page Detail          |": null

2020-04-21 11:37:35 - [TEST_STEP][PASSED] - callTestCase(findTestCase("Reusable_Test_Sequences/Web_Office/Verification/Settings/Checkatrade_Com/Search_Radius"), [:], OPTIONAL): Call Test Case 'Test Cases/Reusable_Test_Sequences/Web_Office/Verification/Settings/Checkatrade_Com/Search_Radius' successfully

2020-04-21 11:37:35 - [TEST_CASE][PASSED] - Test Cases/Reusable_Test_Sequences/Web_Office/Verification/Settings/Checkatrade_Com/Search_Radius: Test Cases/Reusable_Test_Sequences/Web_Office/Verification/Settings/Checkatrade_Com/Search_Radius

2020-04-21 11:37:35 - [TEST_STEP][PASSED] - "-------------------------------------------------------------------------": null

2020-04-21 11:37:35 - [TEST_STEP][PASSED] - " Needs Extendig to change radius, do a CAT Search, the revert settings   |": null

2020-04-21 11:37:35 - [TEST_STEP][PASSED] - waitForPageLoad(60): Wait for page load successfully

2020-04-21 11:37:35 - [MESSAGE][PASSED] - Wait for page load successfully

2020-04-21 11:37:35 - [TEST_STEP][PASSED] - delay(1): Delayed 1 second(s)

2020-04-21 11:37:36 - [MESSAGE][PASSED] - Delayed 1 second(s)

2020-04-21 11:37:36 - [TEST_STEP][PASSED] - verifyTextPresent("Search Radius", false): Text 'Search Radius' is present on page 

2020-04-21 11:37:37 - [MESSAGE][PASSED] - Text 'Search Radius' is present on page 

2020-04-21 11:37:37 - [TEST_STEP][PASSED] - "----------------------------------------------": null

2020-04-21 11:37:37 - [TEST_STEP][PASSED] - verifyTextPresent("20 Miles", false): Text '20 Miles' is present on page 

2020-04-21 11:37:37 - [MESSAGE][PASSED] - Text '20 Miles' is present on page 

2020-04-21 11:37:37 - [MESSAGE][PASSED] - Call Test Case 'Test Cases/Reusable_Test_Sequences/Web_Office/Verification/Settings/Checkatrade_Com/Search_Radius' successfully

2020-04-21 11:37:37 - [TEST_STEP][PASSED] - "--------------------------": null

2020-04-21 11:37:37 - [TEST_STEP][PASSED] - " Teardown - CLose Browser |": null

2020-04-21 11:37:37 - [TEST_STEP][PASSED] - callTestCase(findTestCase("Reusable_Test_Sequences/CAT_Teardown"), [:], OPTIONAL): Call Test Case 'Test Cases/Reusable_Test_Sequences/CAT_Teardown' successfully

2020-04-21 11:37:37 - [TEST_CASE][PASSED] - Test Cases/Reusable_Test_Sequences/CAT_Teardown: Test Cases/Reusable_Test_Sequences/CAT_Teardown

2020-04-21 11:37:37 - [TEST_STEP][PASSED] - closeBrowser(): Browser is closed

2020-04-21 11:37:38 - [MESSAGE][PASSED] - Browser is closed

2020-04-21 11:37:38 - [TEST_STEP][PASSED] - super.finalize(): null

2020-04-21 11:37:38 - [TEST_STEP][PASSED] - System.gc(): null

2020-04-21 11:37:38 - [MESSAGE][PASSED] - Call Test Case 'Test Cases/Reusable_Test_Sequences/CAT_Teardown' successfully]]></system-out>
         <system-err><![CDATA[]]></system-err>
      </testcase>
      <testcase name="Test Cases/Web_Office/Settings/Checkatrade_Com/CAT_Now_Settings" time="30.734" classname="Test Cases/Web_Office/Settings/Checkatrade_Com/CAT_Now_Settings" status="PASSED">
         <system-out><![CDATA[2020-04-21 11:37:38 - [TEST_CASE][PASSED] - Test Cases/Web_Office/Settings/Checkatrade_Com/CAT_Now_Settings: Test Cases/Web_Office/Settings/Checkatrade_Com/CAT_Now_Settings

2020-04-21 11:37:38 - [TEST_STEP][PASSED] - "--------------------------------------": null

2020-04-21 11:37:38 - [TEST_STEP][PASSED] - " Web Office StartUp                  |": null

2020-04-21 11:37:38 - [TEST_STEP][PASSED] - callTestCase(findTestCase("Reusable_Test_Sequences/Web_Office/Directives/WebOffice_StartUp"), [:], STOP_ON_FAILURE): Call Test Case 'Test Cases/Reusable_Test_Sequences/Web_Office/Directives/WebOffice_StartUp' successfully

2020-04-21 11:37:38 - [TEST_CASE][PASSED] - Test Cases/Reusable_Test_Sequences/Web_Office/Directives/WebOffice_StartUp: Test Cases/Reusable_Test_Sequences/Web_Office/Directives/WebOffice_StartUp

2020-04-21 11:37:38 - [TEST_STEP][PASSED] - "-----------------------------------------------------------------------------": null

2020-04-21 11:37:38 - [TEST_STEP][PASSED] - if (URL == "https://www.dev.checkatrade.com/"): null

2020-04-21 11:37:38 - [TEST_STEP][PASSED] - "-----------------------------------------------------------------------------": null

2020-04-21 11:37:38 - [TEST_STEP][PASSED] - if (URL == "https://www.checkatrade.com/"): null

2020-04-21 11:37:38 - [TEST_STEP][PASSED] - "-----------------------------------------------------------------------------": null

2020-04-21 11:37:38 - [TEST_STEP][PASSED] - if (URL == "https://www.preview.checkatrade.com/"): null

2020-04-21 11:37:38 - [TEST_STEP][PASSED] - WebOfficeURL = "https://admin.preview.checkatrade.com/": null

2020-04-21 11:37:38 - [TEST_STEP][PASSED] - if (URL == "https://www.dev2.checkatrade.com/"): null

2020-04-21 11:37:38 - [TEST_STEP][PASSED] - "Set Function Area for "URL_Handler", URL Resolution": null

2020-04-21 11:37:38 - [TEST_STEP][PASSED] - "Do Some Magic with URL(s) See the comments within URL Handler ": null

2020-04-21 11:37:38 - [TEST_STEP][PASSED] - "------------------------------------------------": null

2020-04-21 11:37:38 - [TEST_STEP][PASSED] - "Moved Login Credentials to <Default> profile 22/01/2020": null

2020-04-21 11:37:38 - [TEST_STEP][PASSED] - "------------------------------------------------": null

2020-04-21 11:37:38 - [TEST_STEP][PASSED] - "WebOfficeURL - Set from the ENVIRONMENT PROFILE ": null

2020-04-21 11:37:38 - [TEST_STEP][PASSED] - "OPEN BROWSER": null

2020-04-21 11:37:38 - [TEST_STEP][PASSED] - "eg - https://admin.preview.checkatrade.com/  ": null

2020-04-21 11:37:38 - [TEST_STEP][PASSED] - openBrowser(WebOfficeURL): Browser is opened with url: 'https://admin.preview.checkatrade.com/'

2020-04-21 11:37:38 - [MESSAGE][INFO] - Starting 'Chrome' driver

2020-04-21 11:37:38 - [MESSAGE][INFO] - Action delay is set to 0 milliseconds

2020-04-21 11:37:43 - [MESSAGE][PASSED] - Browser is opened with url: 'https://admin.preview.checkatrade.com/'

2020-04-21 11:37:43 - [TEST_STEP][PASSED] - maximizeWindow(): Current window maximized

2020-04-21 11:37:46 - [MESSAGE][PASSED] - Current window maximized

2020-04-21 11:37:46 - [TEST_STEP][PASSED] - waitForElementClickable(findTestObject("Object Repository/WebOffice/Page_Checkatrade - Administration - Login/Login_Button"), 25): Object 'Object Repository/WebOffice/Page_Checkatrade - Administration - Login/Login_Button' is clickable

2020-04-21 11:37:46 - [MESSAGE][PASSED] - Object 'Object Repository/WebOffice/Page_Checkatrade - Administration - Login/Login_Button' is clickable

2020-04-21 11:37:46 - [TEST_STEP][PASSED] - verifyTextPresent("Checkatrade Web Office", false): Text 'Checkatrade Web Office' is present on page 

2020-04-21 11:37:46 - [MESSAGE][PASSED] - Text 'Checkatrade Web Office' is present on page 

2020-04-21 11:37:46 - [TEST_STEP][PASSED] - verifyTextPresent("Access for staff use only", false): Text 'Access for staff use only' is present on page 

2020-04-21 11:37:46 - [MESSAGE][PASSED] - Text 'Access for staff use only' is present on page 

2020-04-21 11:37:46 - [TEST_STEP][PASSED] - verifyTextPresent("Forgotten password?", false): Text 'Forgotten password?' is present on page 

2020-04-21 11:37:46 - [MESSAGE][PASSED] - Text 'Forgotten password?' is present on page 

2020-04-21 11:37:46 - [TEST_STEP][PASSED] - setText(findTestObject("Object Repository/WebOffice/Page_Checkatrade - Administration - Login/input_Username_LoginControlUserName"), wo_Username): Text 'DavidHo' is set on object 'Object Repository/WebOffice/Page_Checkatrade - Administration - Login/input_Username_LoginControlUserName'

2020-04-21 11:37:46 - [MESSAGE][PASSED] - Text 'DavidHo' is set on object 'Object Repository/WebOffice/Page_Checkatrade - Administration - Login/input_Username_LoginControlUserName'

2020-04-21 11:37:46 - [TEST_STEP][PASSED] - setText(findTestObject("Object Repository/WebOffice/Page_Checkatrade - Administration - Login/input_Password_LoginControlPassword"), wo_Password): Text 'Check123' is set on object 'Object Repository/WebOffice/Page_Checkatrade - Administration - Login/input_Password_LoginControlPassword'

2020-04-21 11:37:46 - [MESSAGE][PASSED] - Text 'Check123' is set on object 'Object Repository/WebOffice/Page_Checkatrade - Administration - Login/input_Password_LoginControlPassword'

2020-04-21 11:37:46 - [TEST_STEP][PASSED] - click(findTestObject("Object Repository/WebOffice/Page_Checkatrade - Administration - Login/Login_Button")): Object: 'Object Repository/WebOffice/Page_Checkatrade - Administration - Login/Login_Button' is clicked on

2020-04-21 11:37:48 - [MESSAGE][PASSED] - Object: 'Object Repository/WebOffice/Page_Checkatrade - Administration - Login/Login_Button' is clicked on

2020-04-21 11:37:48 - [TEST_STEP][PASSED] - waitForPageLoad(60): Wait for page load successfully

2020-04-21 11:37:48 - [MESSAGE][PASSED] - Wait for page load successfully

2020-04-21 11:37:48 - [TEST_STEP][PASSED] - verifyTextPresent("Welcome " + wo_Username, false): Text 'Welcome DavidHo' is present on page 

2020-04-21 11:37:48 - [MESSAGE][PASSED] - Text 'Welcome DavidHo' is present on page 

2020-04-21 11:37:48 - [MESSAGE][PASSED] - Call Test Case 'Test Cases/Reusable_Test_Sequences/Web_Office/Directives/WebOffice_StartUp' successfully

2020-04-21 11:37:48 - [TEST_STEP][PASSED] - "-----------------------------------------------------------------": null

2020-04-21 11:37:48 - [TEST_STEP][PASSED] - " Navigate to <Settings->Checkatrade.Com->Sub Item> Menu Item     |": null

2020-04-21 11:37:48 - [TEST_STEP][PASSED] - callTestCase(findTestCase("Reusable_Test_Sequences/Web_Office/Navigation/Sub_Menu_Navigation/Settings/Checkatrade_Com/CAT_Now_Settings"), [:], STOP_ON_FAILURE): Call Test Case 'Test Cases/Reusable_Test_Sequences/Web_Office/Navigation/Sub_Menu_Navigation/Settings/Checkatrade_Com/CAT_Now_Settings' successfully

2020-04-21 11:37:48 - [TEST_CASE][PASSED] - Test Cases/Reusable_Test_Sequences/Web_Office/Navigation/Sub_Menu_Navigation/Settings/Checkatrade_Com/CAT_Now_Settings: Test Cases/Reusable_Test_Sequences/Web_Office/Navigation/Sub_Menu_Navigation/Settings/Checkatrade_Com/CAT_Now_Settings

2020-04-21 11:37:49 - [TEST_STEP][PASSED] - "--------------------------------------": null

2020-04-21 11:37:49 - [TEST_STEP][PASSED] - " Navigate Top level menu Item         |": null

2020-04-21 11:37:49 - [TEST_STEP][PASSED] - waitForPageLoad(60): Wait for page load successfully

2020-04-21 11:37:49 - [MESSAGE][PASSED] - Wait for page load successfully

2020-04-21 11:37:49 - [TEST_STEP][PASSED] - waitForElementClickable(findTestObject("Object Repository/WebOffice_Home_page/a_Settings"), 60): Object 'Object Repository/WebOffice_Home_page/a_Settings' is clickable

2020-04-21 11:37:49 - [MESSAGE][PASSED] - Object 'Object Repository/WebOffice_Home_page/a_Settings' is clickable

2020-04-21 11:37:49 - [TEST_STEP][PASSED] - mouseOver(findTestObject("Object Repository/WebOffice_Home_page/a_Settings")): Object: 'Object Repository/WebOffice_Home_page/a_Settings' is hovered

2020-04-21 11:37:49 - [MESSAGE][PASSED] - Object: 'Object Repository/WebOffice_Home_page/a_Settings' is hovered

2020-04-21 11:37:49 - [TEST_STEP][PASSED] - mouseOver(findTestObject("Object Repository/WebOffice_Home_page/a_wwwcheckatradecom")): Object: 'Object Repository/WebOffice_Home_page/a_wwwcheckatradecom' is hovered

2020-04-21 11:37:49 - [MESSAGE][PASSED] - Object: 'Object Repository/WebOffice_Home_page/a_wwwcheckatradecom' is hovered

2020-04-21 11:37:49 - [TEST_STEP][PASSED] - waitForElementClickable(findTestObject("Object Repository/WebOffice_Home_page/a_CAT Now Settings"), 1): Object 'Object Repository/WebOffice_Home_page/a_CAT Now Settings' is clickable

2020-04-21 11:37:49 - [MESSAGE][PASSED] - Object 'Object Repository/WebOffice_Home_page/a_CAT Now Settings' is clickable

2020-04-21 11:37:49 - [TEST_STEP][PASSED] - click(findTestObject("Object Repository/WebOffice_Home_page/a_CAT Now Settings")): Object: 'Object Repository/WebOffice_Home_page/a_CAT Now Settings' is clicked on

2020-04-21 11:37:58 - [MESSAGE][PASSED] - Object: 'Object Repository/WebOffice_Home_page/a_CAT Now Settings' is clicked on

2020-04-21 11:37:58 - [MESSAGE][PASSED] - Call Test Case 'Test Cases/Reusable_Test_Sequences/Web_Office/Navigation/Sub_Menu_Navigation/Settings/Checkatrade_Com/CAT_Now_Settings' successfully

2020-04-21 11:37:58 - [TEST_STEP][PASSED] - "--------------------------------------": null

2020-04-21 11:37:58 - [TEST_STEP][PASSED] - " Verify Returned Page Detail          |": null

2020-04-21 11:37:58 - [TEST_STEP][PASSED] - callTestCase(findTestCase("Reusable_Test_Sequences/Web_Office/Verification/Settings/Checkatrade_Com/CAT_Now_Settings"), [:], OPTIONAL): Call Test Case 'Test Cases/Reusable_Test_Sequences/Web_Office/Verification/Settings/Checkatrade_Com/CAT_Now_Settings' successfully

2020-04-21 11:37:58 - [TEST_CASE][PASSED] - Test Cases/Reusable_Test_Sequences/Web_Office/Verification/Settings/Checkatrade_Com/CAT_Now_Settings: Test Cases/Reusable_Test_Sequences/Web_Office/Verification/Settings/Checkatrade_Com/CAT_Now_Settings

2020-04-21 11:37:58 - [TEST_STEP][PASSED] - waitForPageLoad(60): Wait for page load successfully

2020-04-21 11:37:58 - [MESSAGE][PASSED] - Wait for page load successfully

2020-04-21 11:37:58 - [TEST_STEP][PASSED] - delay(1): Delayed 1 second(s)

2020-04-21 11:37:59 - [MESSAGE][PASSED] - Delayed 1 second(s)

2020-04-21 11:37:59 - [TEST_STEP][PASSED] - verifyTextPresent("Categories", false): Text 'Categories' is present on page 

2020-04-21 11:37:59 - [MESSAGE][PASSED] - Text 'Categories' is present on page 

2020-04-21 11:37:59 - [TEST_STEP][PASSED] - "----------------------------------------------": null

2020-04-21 11:37:59 - [TEST_STEP][PASSED] - "----------------------------------------------": null

2020-04-21 11:37:59 - [TEST_STEP][PASSED] - verifyTextPresent("Emergency Categories", false): Text 'Emergency Categories' is present on page 

2020-04-21 11:38:00 - [MESSAGE][PASSED] - Text 'Emergency Categories' is present on page 

2020-04-21 11:38:00 - [TEST_STEP][PASSED] - "----------------------------------------------": null

2020-04-21 11:38:00 - [TEST_STEP][PASSED] - verifyTextPresent("Name", false): Text 'Name' is present on page 

2020-04-21 11:38:00 - [MESSAGE][PASSED] - Text 'Name' is present on page 

2020-04-21 11:38:00 - [TEST_STEP][PASSED] - verifyTextPresent("Edit", false): Text 'Edit' is present on page 

2020-04-21 11:38:01 - [MESSAGE][PASSED] - Text 'Edit' is present on page 

2020-04-21 11:38:01 - [TEST_STEP][PASSED] - verifyTextPresent("Delete", false): Text 'Delete' is present on page 

2020-04-21 11:38:01 - [MESSAGE][PASSED] - Text 'Delete' is present on page 

2020-04-21 11:38:01 - [TEST_STEP][PASSED] - "----------------------------------------------": null

2020-04-21 11:38:01 - [TEST_STEP][PASSED] - "----------------------------------------------": null

2020-04-21 11:38:01 - [TEST_STEP][PASSED] - verifyTextPresent("Central Heating", false): Text 'Central Heating' is present on page 

2020-04-21 11:38:01 - [MESSAGE][PASSED] - Text 'Central Heating' is present on page 

2020-04-21 11:38:01 - [TEST_STEP][PASSED] - "----------------------------------------------": null

2020-04-21 11:38:01 - [TEST_STEP][PASSED] - verifyTextPresent("Electrician", false): Text 'Electrician' is present on page 

2020-04-21 11:38:02 - [MESSAGE][PASSED] - Text 'Electrician' is present on page 

2020-04-21 11:38:02 - [TEST_STEP][PASSED] - "----------------------------------------------": null

2020-04-21 11:38:02 - [TEST_STEP][PASSED] - "----------------------------------------------": null

2020-04-21 11:38:02 - [TEST_STEP][PASSED] - verifyTextPresent("Plumber", false): Text 'Plumber' is present on page 

2020-04-21 11:38:02 - [MESSAGE][PASSED] - Text 'Plumber' is present on page 

2020-04-21 11:38:02 - [TEST_STEP][PASSED] - "----------------------------------------------": null

2020-04-21 11:38:02 - [TEST_STEP][PASSED] - "----------------------------------------------": null

2020-04-21 11:38:02 - [TEST_STEP][PASSED] - "----------------------------------------------": null

2020-04-21 11:38:02 - [TEST_STEP][PASSED] - "----------------------------------------------": null

2020-04-21 11:38:02 - [TEST_STEP][PASSED] - verifyTextPresent("System Settings", false): Text 'System Settings' is present on page 

2020-04-21 11:38:03 - [MESSAGE][PASSED] - Text 'System Settings' is present on page 

2020-04-21 11:38:03 - [TEST_STEP][PASSED] - "----------------------------------------------": null

2020-04-21 11:38:03 - [TEST_STEP][PASSED] - verifyTextPresent("Status", false): Text 'Status' is present on page 

2020-04-21 11:38:03 - [MESSAGE][PASSED] - Text 'Status' is present on page 

2020-04-21 11:38:03 - [TEST_STEP][PASSED] - verifyTextPresent("Allowed Postcodes", false): Text 'Allowed Postcodes' is present on page 

2020-04-21 11:38:03 - [MESSAGE][PASSED] - Text 'Allowed Postcodes' is present on page 

2020-04-21 11:38:03 - [TEST_STEP][PASSED] - verifyTextPresent("Admin Emails", false): Text 'Admin Emails' is present on page 

2020-04-21 11:38:04 - [MESSAGE][PASSED] - Text 'Admin Emails' is present on page 

2020-04-21 11:38:04 - [TEST_STEP][PASSED] - verifyTextPresent("Test Trader IDs", false): Text 'Test Trader IDs' is present on page 

2020-04-21 11:38:04 - [MESSAGE][PASSED] - Text 'Test Trader IDs' is present on page 

2020-04-21 11:38:04 - [TEST_STEP][PASSED] - verifyTextPresent("Start Time", false): Text 'Start Time' is present on page 

2020-04-21 11:38:04 - [MESSAGE][PASSED] - Text 'Start Time' is present on page 

2020-04-21 11:38:04 - [TEST_STEP][PASSED] - verifyTextPresent("End Time", false): Text 'End Time' is present on page 

2020-04-21 11:38:05 - [MESSAGE][PASSED] - Text 'End Time' is present on page 

2020-04-21 11:38:05 - [TEST_STEP][PASSED] - "----------------------------------------------": null

2020-04-21 11:38:05 - [TEST_STEP][PASSED] - verifyTextPresent("Running", false): Text 'Running' is present on page 

2020-04-21 11:38:05 - [MESSAGE][PASSED] - Text 'Running' is present on page 

2020-04-21 11:38:05 - [TEST_STEP][PASSED] - verifyTextPresent("KT13", false): Text 'KT13' is present on page 

2020-04-21 11:38:06 - [MESSAGE][PASSED] - Text 'KT13' is present on page 

2020-04-21 11:38:06 - [TEST_STEP][PASSED] - verifyTextPresent("PO12", false): Text 'PO12' is present on page 

2020-04-21 11:38:06 - [MESSAGE][PASSED] - Text 'PO12' is present on page 

2020-04-21 11:38:06 - [TEST_STEP][PASSED] - verifyTextPresent("BH25", false): Text 'BH25' is present on page 

2020-04-21 11:38:06 - [MESSAGE][PASSED] - Text 'BH25' is present on page 

2020-04-21 11:38:06 - [TEST_STEP][PASSED] - verifyTextPresent("RG26", false): Text 'RG26' is present on page 

2020-04-21 11:38:07 - [MESSAGE][PASSED] - Text 'RG26' is present on page 

2020-04-21 11:38:07 - [TEST_STEP][PASSED] - verifyTextPresent("richard@vocala.co", false): Text 'richard@vocala.co' is present on page 

2020-04-21 11:38:07 - [MESSAGE][PASSED] - Text 'richard@vocala.co' is present on page 

2020-04-21 11:38:07 - [TEST_STEP][PASSED] - verifyTextPresent("536", false): Text '536' is present on page 

2020-04-21 11:38:07 - [MESSAGE][PASSED] - Text '536' is present on page 

2020-04-21 11:38:07 - [MESSAGE][PASSED] - Call Test Case 'Test Cases/Reusable_Test_Sequences/Web_Office/Verification/Settings/Checkatrade_Com/CAT_Now_Settings' successfully

2020-04-21 11:38:07 - [TEST_STEP][PASSED] - "--------------------------": null

2020-04-21 11:38:07 - [TEST_STEP][PASSED] - " Teardown - CLose Browser |": null

2020-04-21 11:38:07 - [TEST_STEP][PASSED] - callTestCase(findTestCase("Reusable_Test_Sequences/CAT_Teardown"), [:], OPTIONAL): Call Test Case 'Test Cases/Reusable_Test_Sequences/CAT_Teardown' successfully

2020-04-21 11:38:07 - [TEST_CASE][PASSED] - Test Cases/Reusable_Test_Sequences/CAT_Teardown: Test Cases/Reusable_Test_Sequences/CAT_Teardown

2020-04-21 11:38:07 - [TEST_STEP][PASSED] - closeBrowser(): Browser is closed

2020-04-21 11:38:08 - [MESSAGE][PASSED] - Browser is closed

2020-04-21 11:38:08 - [TEST_STEP][PASSED] - super.finalize(): null

2020-04-21 11:38:08 - [TEST_STEP][PASSED] - System.gc(): null

2020-04-21 11:38:08 - [MESSAGE][PASSED] - Call Test Case 'Test Cases/Reusable_Test_Sequences/CAT_Teardown' successfully]]></system-out>
         <system-err><![CDATA[]]></system-err>
      </testcase>
      <testcase name="Test Cases/Web_Office/Settings/Checkatrade_Com/CAT_Now_Reporting" time="73.009" classname="Test Cases/Web_Office/Settings/Checkatrade_Com/CAT_Now_Reporting" status="PASSED">
         <system-out><![CDATA[2020-04-21 11:38:08 - [TEST_CASE][PASSED] - Test Cases/Web_Office/Settings/Checkatrade_Com/CAT_Now_Reporting: Test Cases/Web_Office/Settings/Checkatrade_Com/CAT_Now_Reporting

2020-04-21 11:38:09 - [TEST_STEP][PASSED] - "--------------------------------------": null

2020-04-21 11:38:09 - [TEST_STEP][PASSED] - " Web Office StartUp                  |": null

2020-04-21 11:38:09 - [TEST_STEP][PASSED] - callTestCase(findTestCase("Reusable_Test_Sequences/Web_Office/Directives/WebOffice_StartUp"), [:], STOP_ON_FAILURE): Call Test Case 'Test Cases/Reusable_Test_Sequences/Web_Office/Directives/WebOffice_StartUp' successfully

2020-04-21 11:38:09 - [TEST_CASE][PASSED] - Test Cases/Reusable_Test_Sequences/Web_Office/Directives/WebOffice_StartUp: Test Cases/Reusable_Test_Sequences/Web_Office/Directives/WebOffice_StartUp

2020-04-21 11:38:09 - [TEST_STEP][PASSED] - "-----------------------------------------------------------------------------": null

2020-04-21 11:38:09 - [TEST_STEP][PASSED] - if (URL == "https://www.dev.checkatrade.com/"): null

2020-04-21 11:38:09 - [TEST_STEP][PASSED] - "-----------------------------------------------------------------------------": null

2020-04-21 11:38:09 - [TEST_STEP][PASSED] - if (URL == "https://www.checkatrade.com/"): null

2020-04-21 11:38:09 - [TEST_STEP][PASSED] - "-----------------------------------------------------------------------------": null

2020-04-21 11:38:09 - [TEST_STEP][PASSED] - if (URL == "https://www.preview.checkatrade.com/"): null

2020-04-21 11:38:09 - [TEST_STEP][PASSED] - WebOfficeURL = "https://admin.preview.checkatrade.com/": null

2020-04-21 11:38:09 - [TEST_STEP][PASSED] - if (URL == "https://www.dev2.checkatrade.com/"): null

2020-04-21 11:38:09 - [TEST_STEP][PASSED] - "Set Function Area for "URL_Handler", URL Resolution": null

2020-04-21 11:38:09 - [TEST_STEP][PASSED] - "Do Some Magic with URL(s) See the comments within URL Handler ": null

2020-04-21 11:38:09 - [TEST_STEP][PASSED] - "------------------------------------------------": null

2020-04-21 11:38:09 - [TEST_STEP][PASSED] - "Moved Login Credentials to <Default> profile 22/01/2020": null

2020-04-21 11:38:09 - [TEST_STEP][PASSED] - "------------------------------------------------": null

2020-04-21 11:38:09 - [TEST_STEP][PASSED] - "WebOfficeURL - Set from the ENVIRONMENT PROFILE ": null

2020-04-21 11:38:09 - [TEST_STEP][PASSED] - "OPEN BROWSER": null

2020-04-21 11:38:09 - [TEST_STEP][PASSED] - "eg - https://admin.preview.checkatrade.com/  ": null

2020-04-21 11:38:09 - [TEST_STEP][PASSED] - openBrowser(WebOfficeURL): Browser is opened with url: 'https://admin.preview.checkatrade.com/'

2020-04-21 11:38:09 - [MESSAGE][INFO] - Starting 'Chrome' driver

2020-04-21 11:38:09 - [MESSAGE][INFO] - Action delay is set to 0 milliseconds

2020-04-21 11:38:13 - [MESSAGE][PASSED] - Browser is opened with url: 'https://admin.preview.checkatrade.com/'

2020-04-21 11:38:13 - [TEST_STEP][PASSED] - maximizeWindow(): Current window maximized

2020-04-21 11:38:15 - [MESSAGE][PASSED] - Current window maximized

2020-04-21 11:38:15 - [TEST_STEP][PASSED] - waitForElementClickable(findTestObject("Object Repository/WebOffice/Page_Checkatrade - Administration - Login/Login_Button"), 25): Object 'Object Repository/WebOffice/Page_Checkatrade - Administration - Login/Login_Button' is clickable

2020-04-21 11:38:15 - [MESSAGE][PASSED] - Object 'Object Repository/WebOffice/Page_Checkatrade - Administration - Login/Login_Button' is clickable

2020-04-21 11:38:15 - [TEST_STEP][PASSED] - verifyTextPresent("Checkatrade Web Office", false): Text 'Checkatrade Web Office' is present on page 

2020-04-21 11:38:15 - [MESSAGE][PASSED] - Text 'Checkatrade Web Office' is present on page 

2020-04-21 11:38:15 - [TEST_STEP][PASSED] - verifyTextPresent("Access for staff use only", false): Text 'Access for staff use only' is present on page 

2020-04-21 11:38:15 - [MESSAGE][PASSED] - Text 'Access for staff use only' is present on page 

2020-04-21 11:38:15 - [TEST_STEP][PASSED] - verifyTextPresent("Forgotten password?", false): Text 'Forgotten password?' is present on page 

2020-04-21 11:38:15 - [MESSAGE][PASSED] - Text 'Forgotten password?' is present on page 

2020-04-21 11:38:15 - [TEST_STEP][PASSED] - setText(findTestObject("Object Repository/WebOffice/Page_Checkatrade - Administration - Login/input_Username_LoginControlUserName"), wo_Username): Text 'DavidHo' is set on object 'Object Repository/WebOffice/Page_Checkatrade - Administration - Login/input_Username_LoginControlUserName'

2020-04-21 11:38:15 - [MESSAGE][PASSED] - Text 'DavidHo' is set on object 'Object Repository/WebOffice/Page_Checkatrade - Administration - Login/input_Username_LoginControlUserName'

2020-04-21 11:38:15 - [TEST_STEP][PASSED] - setText(findTestObject("Object Repository/WebOffice/Page_Checkatrade - Administration - Login/input_Password_LoginControlPassword"), wo_Password): Text 'Check123' is set on object 'Object Repository/WebOffice/Page_Checkatrade - Administration - Login/input_Password_LoginControlPassword'

2020-04-21 11:38:16 - [MESSAGE][PASSED] - Text 'Check123' is set on object 'Object Repository/WebOffice/Page_Checkatrade - Administration - Login/input_Password_LoginControlPassword'

2020-04-21 11:38:16 - [TEST_STEP][PASSED] - click(findTestObject("Object Repository/WebOffice/Page_Checkatrade - Administration - Login/Login_Button")): Object: 'Object Repository/WebOffice/Page_Checkatrade - Administration - Login/Login_Button' is clicked on

2020-04-21 11:38:16 - [MESSAGE][PASSED] - Object: 'Object Repository/WebOffice/Page_Checkatrade - Administration - Login/Login_Button' is clicked on

2020-04-21 11:38:16 - [TEST_STEP][PASSED] - waitForPageLoad(60): Wait for page load successfully

2020-04-21 11:38:16 - [MESSAGE][PASSED] - Wait for page load successfully

2020-04-21 11:38:16 - [TEST_STEP][PASSED] - verifyTextPresent("Welcome " + wo_Username, false): Text 'Welcome DavidHo' is present on page 

2020-04-21 11:38:16 - [MESSAGE][PASSED] - Text 'Welcome DavidHo' is present on page 

2020-04-21 11:38:16 - [MESSAGE][PASSED] - Call Test Case 'Test Cases/Reusable_Test_Sequences/Web_Office/Directives/WebOffice_StartUp' successfully

2020-04-21 11:38:16 - [TEST_STEP][PASSED] - "-----------------------------------------------------------------": null

2020-04-21 11:38:16 - [TEST_STEP][PASSED] - " Navigate to <Settings->Checkatrade.Com->Sub Item> Menu Item     |": null

2020-04-21 11:38:16 - [TEST_STEP][PASSED] - callTestCase(findTestCase("Reusable_Test_Sequences/Web_Office/Navigation/Sub_Menu_Navigation/Settings/Checkatrade_Com/CAT_Now_Reporting"), [:], STOP_ON_FAILURE): Call Test Case 'Test Cases/Reusable_Test_Sequences/Web_Office/Navigation/Sub_Menu_Navigation/Settings/Checkatrade_Com/CAT_Now_Reporting' successfully

2020-04-21 11:38:17 - [TEST_CASE][PASSED] - Test Cases/Reusable_Test_Sequences/Web_Office/Navigation/Sub_Menu_Navigation/Settings/Checkatrade_Com/CAT_Now_Reporting: Test Cases/Reusable_Test_Sequences/Web_Office/Navigation/Sub_Menu_Navigation/Settings/Checkatrade_Com/CAT_Now_Reporting

2020-04-21 11:38:17 - [TEST_STEP][PASSED] - "--------------------------------------": null

2020-04-21 11:38:17 - [TEST_STEP][PASSED] - " Navigate Top level menu Item         |": null

2020-04-21 11:38:17 - [TEST_STEP][PASSED] - waitForPageLoad(60): Wait for page load successfully

2020-04-21 11:38:17 - [MESSAGE][PASSED] - Wait for page load successfully

2020-04-21 11:38:17 - [TEST_STEP][PASSED] - waitForElementClickable(findTestObject("Object Repository/WebOffice_Home_page/a_Settings"), 60): Object 'Object Repository/WebOffice_Home_page/a_Settings' is clickable

2020-04-21 11:38:17 - [MESSAGE][PASSED] - Object 'Object Repository/WebOffice_Home_page/a_Settings' is clickable

2020-04-21 11:38:17 - [TEST_STEP][PASSED] - mouseOver(findTestObject("Object Repository/WebOffice_Home_page/a_Settings")): Object: 'Object Repository/WebOffice_Home_page/a_Settings' is hovered

2020-04-21 11:38:17 - [MESSAGE][PASSED] - Object: 'Object Repository/WebOffice_Home_page/a_Settings' is hovered

2020-04-21 11:38:17 - [TEST_STEP][PASSED] - mouseOver(findTestObject("Object Repository/WebOffice_Home_page/a_wwwcheckatradecom")): Object: 'Object Repository/WebOffice_Home_page/a_wwwcheckatradecom' is hovered

2020-04-21 11:38:17 - [MESSAGE][PASSED] - Object: 'Object Repository/WebOffice_Home_page/a_wwwcheckatradecom' is hovered

2020-04-21 11:38:17 - [TEST_STEP][PASSED] - waitForElementClickable(findTestObject("Object Repository/WebOffice_Home_page/a_CAT Now Reporting"), 1): Object 'Object Repository/WebOffice_Home_page/a_CAT Now Reporting' is clickable

2020-04-21 11:38:18 - [MESSAGE][PASSED] - Object 'Object Repository/WebOffice_Home_page/a_CAT Now Reporting' is clickable

2020-04-21 11:38:18 - [TEST_STEP][PASSED] - click(findTestObject("Object Repository/WebOffice_Home_page/a_CAT Now Reporting")): Object: 'Object Repository/WebOffice_Home_page/a_CAT Now Reporting' is clicked on

2020-04-21 11:38:19 - [MESSAGE][PASSED] - Object: 'Object Repository/WebOffice_Home_page/a_CAT Now Reporting' is clicked on

2020-04-21 11:38:19 - [MESSAGE][PASSED] - Call Test Case 'Test Cases/Reusable_Test_Sequences/Web_Office/Navigation/Sub_Menu_Navigation/Settings/Checkatrade_Com/CAT_Now_Reporting' successfully

2020-04-21 11:38:19 - [TEST_STEP][PASSED] - "--------------------------------------": null

2020-04-21 11:38:19 - [TEST_STEP][PASSED] - " Verify Returned Page Detail          |": null

2020-04-21 11:38:19 - [TEST_STEP][PASSED] - callTestCase(findTestCase("Reusable_Test_Sequences/Web_Office/Verification/Settings/Checkatrade_Com/CAT_Now_Reporting"), [:], OPTIONAL): Call Test Case 'Test Cases/Reusable_Test_Sequences/Web_Office/Verification/Settings/Checkatrade_Com/CAT_Now_Reporting' successfully

2020-04-21 11:38:19 - [TEST_CASE][PASSED] - Test Cases/Reusable_Test_Sequences/Web_Office/Verification/Settings/Checkatrade_Com/CAT_Now_Reporting: Test Cases/Reusable_Test_Sequences/Web_Office/Verification/Settings/Checkatrade_Com/CAT_Now_Reporting

2020-04-21 11:38:20 - [TEST_STEP][PASSED] - waitForPageLoad(60): Wait for page load successfully

2020-04-21 11:38:20 - [MESSAGE][PASSED] - Wait for page load successfully

2020-04-21 11:38:20 - [TEST_STEP][PASSED] - delay(1): Delayed 1 second(s)

2020-04-21 11:38:21 - [MESSAGE][PASSED] - Delayed 1 second(s)

2020-04-21 11:38:21 - [TEST_STEP][PASSED] - verifyTextPresent("Checkatrade Now Report - Last 30 Days", false): Text 'Checkatrade Now Report - Last 30 Days' is present on page 

2020-04-21 11:38:23 - [MESSAGE][PASSED] - Text 'Checkatrade Now Report - Last 30 Days' is present on page 

2020-04-21 11:38:23 - [TEST_STEP][PASSED] - "----------------------------------------------": null

2020-04-21 11:38:23 - [TEST_STEP][PASSED] - verifyTextPresent("Jobs Summary", false): Text 'Jobs Summary' is present on page 

2020-04-21 11:38:25 - [MESSAGE][PASSED] - Text 'Jobs Summary' is present on page 

2020-04-21 11:38:25 - [TEST_STEP][PASSED] - "----------------------------------------------": null

2020-04-21 11:38:25 - [TEST_STEP][PASSED] - verifyTextPresent("Central Heating", false): Text 'Central Heating' is present on page 

2020-04-21 11:38:27 - [MESSAGE][PASSED] - Text 'Central Heating' is present on page 

2020-04-21 11:38:27 - [TEST_STEP][PASSED] - verifyTextPresent("Electrician", false): Text 'Electrician' is present on page 

2020-04-21 11:38:29 - [MESSAGE][PASSED] - Text 'Electrician' is present on page 

2020-04-21 11:38:29 - [TEST_STEP][PASSED] - verifyTextPresent("Plumber", false): Text 'Plumber' is present on page 

2020-04-21 11:38:32 - [MESSAGE][PASSED] - Text 'Plumber' is present on page 

2020-04-21 11:38:32 - [TEST_STEP][PASSED] - "----------------------------------------------": null

2020-04-21 11:38:32 - [TEST_STEP][PASSED] - verifyTextPresent("All", false): Text 'All' is present on page 

2020-04-21 11:38:33 - [MESSAGE][PASSED] - Text 'All' is present on page 

2020-04-21 11:38:33 - [TEST_STEP][PASSED] - verifyTextPresent("PO", false): Text 'PO' is present on page 

2020-04-21 11:38:36 - [MESSAGE][PASSED] - Text 'PO' is present on page 

2020-04-21 11:38:36 - [TEST_STEP][PASSED] - verifyTextPresent("GU", false): Text 'GU' is present on page 

2020-04-21 11:38:38 - [MESSAGE][PASSED] - Text 'GU' is present on page 

2020-04-21 11:38:38 - [TEST_STEP][PASSED] - verifyTextPresent("SO", false): Text 'SO' is present on page 

2020-04-21 11:38:40 - [MESSAGE][PASSED] - Text 'SO' is present on page 

2020-04-21 11:38:40 - [TEST_STEP][PASSED] - verifyTextPresent("BH", false): Text 'BH' is present on page 

2020-04-21 11:38:42 - [MESSAGE][PASSED] - Text 'BH' is present on page 

2020-04-21 11:38:42 - [TEST_STEP][PASSED] - "----------------------------------------------": null

2020-04-21 11:38:42 - [TEST_STEP][PASSED] - verifyTextPresent("0", false): Text '0' is present on page 

2020-04-21 11:38:44 - [MESSAGE][PASSED] - Text '0' is present on page 

2020-04-21 11:38:44 - [TEST_STEP][PASSED] - verifyTextPresent("9", false): Text '9' is present on page 

2020-04-21 11:38:46 - [MESSAGE][PASSED] - Text '9' is present on page 

2020-04-21 11:38:46 - [TEST_STEP][PASSED] - "----------------------------------------------": null

2020-04-21 11:38:46 - [TEST_STEP][PASSED] - "----------------------------------------------": null

2020-04-21 11:38:46 - [TEST_STEP][PASSED] - verifyTextPresent("Live Jobs", false): Text 'Live Jobs' is present on page 

2020-04-21 11:38:48 - [MESSAGE][PASSED] - Text 'Live Jobs' is present on page 

2020-04-21 11:38:48 - [TEST_STEP][PASSED] - "----------------------------------------------": null

2020-04-21 11:38:48 - [TEST_STEP][PASSED] - verifyTextPresent("Status", false): Text 'Status' is present on page 

2020-04-21 11:38:50 - [MESSAGE][PASSED] - Text 'Status' is present on page 

2020-04-21 11:38:50 - [TEST_STEP][PASSED] - verifyTextPresent("Created", false): Text 'Created' is present on page 

2020-04-21 11:38:52 - [MESSAGE][PASSED] - Text 'Created' is present on page 

2020-04-21 11:38:52 - [TEST_STEP][PASSED] - verifyTextPresent("Customer Recreated", false): Text 'Customer Recreated' is present on page 

2020-04-21 11:38:54 - [MESSAGE][PASSED] - Text 'Customer Recreated' is present on page 

2020-04-21 11:38:54 - [TEST_STEP][PASSED] - verifyTextPresent("Customer Name", false): Text 'Customer Name' is present on page 

2020-04-21 11:38:56 - [MESSAGE][PASSED] - Text 'Customer Name' is present on page 

2020-04-21 11:38:56 - [TEST_STEP][PASSED] - verifyTextPresent("Customer Number", false): Text 'Customer Number' is present on page 

2020-04-21 11:38:59 - [MESSAGE][PASSED] - Text 'Customer Number' is present on page 

2020-04-21 11:38:59 - [TEST_STEP][PASSED] - verifyTextPresent("Customer Postcode", false): Text 'Customer Postcode' is present on page 

2020-04-21 11:39:01 - [MESSAGE][PASSED] - Text 'Customer Postcode' is present on page 

2020-04-21 11:39:01 - [TEST_STEP][PASSED] - verifyTextPresent("Description ", false): Text 'Description ' is present on page 

2020-04-21 11:39:03 - [MESSAGE][PASSED] - Text 'Description ' is present on page 

2020-04-21 11:39:03 - [TEST_STEP][PASSED] - verifyTextPresent("Trader Name ", false): Text 'Trader Name ' is present on page 

2020-04-21 11:39:05 - [MESSAGE][PASSED] - Text 'Trader Name ' is present on page 

2020-04-21 11:39:05 - [TEST_STEP][PASSED] - verifyTextPresent("Job History ", false): Text 'Job History ' is present on page 

2020-04-21 11:39:07 - [MESSAGE][PASSED] - Text 'Job History ' is present on page 

2020-04-21 11:39:07 - [TEST_STEP][PASSED] - verifyTextPresent("Dismissals", false): Text 'Dismissals' is present on page 

2020-04-21 11:39:09 - [MESSAGE][PASSED] - Text 'Dismissals' is present on page 

2020-04-21 11:39:09 - [TEST_STEP][PASSED] - "----------------------------------------------": null

2020-04-21 11:39:09 - [TEST_STEP][PASSED] - verifyTextPresent("Complete", false): Text 'Complete' is present on page 

2020-04-21 11:39:11 - [MESSAGE][PASSED] - Text 'Complete' is present on page 

2020-04-21 11:39:11 - [TEST_STEP][PASSED] - verifyTextPresent("Accepted", false): Text 'Accepted' is present on page 

2020-04-21 11:39:13 - [MESSAGE][PASSED] - Text 'Accepted' is present on page 

2020-04-21 11:39:13 - [TEST_STEP][PASSED] - verifyTextPresent("Cancelled", false): Text 'Cancelled' is present on page 

2020-04-21 11:39:15 - [MESSAGE][PASSED] - Text 'Cancelled' is present on page 

2020-04-21 11:39:15 - [TEST_STEP][PASSED] - verifyTextPresent("Failed", false): Text 'Failed' is present on page 

2020-04-21 11:39:17 - [MESSAGE][PASSED] - Text 'Failed' is present on page 

2020-04-21 11:39:17 - [TEST_STEP][PASSED] - "----------------------------------------------": null

2020-04-21 11:39:17 - [TEST_STEP][PASSED] - verifyTextPresent("Electrics tripping", false): Text 'Electrics tripping' is present on page 

2020-04-21 11:39:19 - [MESSAGE][PASSED] - Text 'Electrics tripping' is present on page 

2020-04-21 11:39:19 - [TEST_STEP][PASSED] - verifyTextPresent("RG26", false): Text 'RG26' is present on page 

2020-04-21 11:39:21 - [MESSAGE][PASSED] - Text 'RG26' is present on page 

2020-04-21 11:39:21 - [MESSAGE][PASSED] - Call Test Case 'Test Cases/Reusable_Test_Sequences/Web_Office/Verification/Settings/Checkatrade_Com/CAT_Now_Reporting' successfully

2020-04-21 11:39:21 - [TEST_STEP][PASSED] - "--------------------------": null

2020-04-21 11:39:21 - [TEST_STEP][PASSED] - " Teardown - CLose Browser |": null

2020-04-21 11:39:21 - [TEST_STEP][PASSED] - callTestCase(findTestCase("Reusable_Test_Sequences/CAT_Teardown"), [:], OPTIONAL): Call Test Case 'Test Cases/Reusable_Test_Sequences/CAT_Teardown' successfully

2020-04-21 11:39:21 - [TEST_CASE][PASSED] - Test Cases/Reusable_Test_Sequences/CAT_Teardown: Test Cases/Reusable_Test_Sequences/CAT_Teardown

2020-04-21 11:39:21 - [TEST_STEP][PASSED] - closeBrowser(): Browser is closed

2020-04-21 11:39:21 - [MESSAGE][PASSED] - Browser is closed

2020-04-21 11:39:21 - [TEST_STEP][PASSED] - super.finalize(): null

2020-04-21 11:39:21 - [TEST_STEP][PASSED] - System.gc(): null

2020-04-21 11:39:21 - [MESSAGE][PASSED] - Call Test Case 'Test Cases/Reusable_Test_Sequences/CAT_Teardown' successfully]]></system-out>
         <system-err><![CDATA[]]></system-err>
      </testcase>
      <testcase name="Test Cases/Web_Office/Settings/Checkatrade_Com/Trade_App_Settings" time="17.897" classname="Test Cases/Web_Office/Settings/Checkatrade_Com/Trade_App_Settings" status="PASSED">
         <system-out><![CDATA[2020-04-21 11:39:21 - [TEST_CASE][PASSED] - Test Cases/Web_Office/Settings/Checkatrade_Com/Trade_App_Settings: Test Cases/Web_Office/Settings/Checkatrade_Com/Trade_App_Settings

2020-04-21 11:39:22 - [TEST_STEP][PASSED] - "--------------------------------------": null

2020-04-21 11:39:22 - [TEST_STEP][PASSED] - " Web Office StartUp                  |": null

2020-04-21 11:39:22 - [TEST_STEP][PASSED] - callTestCase(findTestCase("Reusable_Test_Sequences/Web_Office/Directives/WebOffice_StartUp"), [:], STOP_ON_FAILURE): Call Test Case 'Test Cases/Reusable_Test_Sequences/Web_Office/Directives/WebOffice_StartUp' successfully

2020-04-21 11:39:22 - [TEST_CASE][PASSED] - Test Cases/Reusable_Test_Sequences/Web_Office/Directives/WebOffice_StartUp: Test Cases/Reusable_Test_Sequences/Web_Office/Directives/WebOffice_StartUp

2020-04-21 11:39:22 - [TEST_STEP][PASSED] - "-----------------------------------------------------------------------------": null

2020-04-21 11:39:22 - [TEST_STEP][PASSED] - if (URL == "https://www.dev.checkatrade.com/"): null

2020-04-21 11:39:22 - [TEST_STEP][PASSED] - "-----------------------------------------------------------------------------": null

2020-04-21 11:39:22 - [TEST_STEP][PASSED] - if (URL == "https://www.checkatrade.com/"): null

2020-04-21 11:39:22 - [TEST_STEP][PASSED] - "-----------------------------------------------------------------------------": null

2020-04-21 11:39:22 - [TEST_STEP][PASSED] - if (URL == "https://www.preview.checkatrade.com/"): null

2020-04-21 11:39:22 - [TEST_STEP][PASSED] - WebOfficeURL = "https://admin.preview.checkatrade.com/": null

2020-04-21 11:39:22 - [TEST_STEP][PASSED] - if (URL == "https://www.dev2.checkatrade.com/"): null

2020-04-21 11:39:22 - [TEST_STEP][PASSED] - "Set Function Area for "URL_Handler", URL Resolution": null

2020-04-21 11:39:22 - [TEST_STEP][PASSED] - "Do Some Magic with URL(s) See the comments within URL Handler ": null

2020-04-21 11:39:22 - [TEST_STEP][PASSED] - "------------------------------------------------": null

2020-04-21 11:39:22 - [TEST_STEP][PASSED] - "Moved Login Credentials to <Default> profile 22/01/2020": null

2020-04-21 11:39:22 - [TEST_STEP][PASSED] - "------------------------------------------------": null

2020-04-21 11:39:22 - [TEST_STEP][PASSED] - "WebOfficeURL - Set from the ENVIRONMENT PROFILE ": null

2020-04-21 11:39:22 - [TEST_STEP][PASSED] - "OPEN BROWSER": null

2020-04-21 11:39:22 - [TEST_STEP][PASSED] - "eg - https://admin.preview.checkatrade.com/  ": null

2020-04-21 11:39:22 - [TEST_STEP][PASSED] - openBrowser(WebOfficeURL): Browser is opened with url: 'https://admin.preview.checkatrade.com/'

2020-04-21 11:39:22 - [MESSAGE][INFO] - Starting 'Chrome' driver

2020-04-21 11:39:22 - [MESSAGE][INFO] - Action delay is set to 0 milliseconds

2020-04-21 11:39:28 - [MESSAGE][PASSED] - Browser is opened with url: 'https://admin.preview.checkatrade.com/'

2020-04-21 11:39:28 - [TEST_STEP][PASSED] - maximizeWindow(): Current window maximized

2020-04-21 11:39:30 - [MESSAGE][PASSED] - Current window maximized

2020-04-21 11:39:30 - [TEST_STEP][PASSED] - waitForElementClickable(findTestObject("Object Repository/WebOffice/Page_Checkatrade - Administration - Login/Login_Button"), 25): Object 'Object Repository/WebOffice/Page_Checkatrade - Administration - Login/Login_Button' is clickable

2020-04-21 11:39:30 - [MESSAGE][PASSED] - Object 'Object Repository/WebOffice/Page_Checkatrade - Administration - Login/Login_Button' is clickable

2020-04-21 11:39:30 - [TEST_STEP][PASSED] - verifyTextPresent("Checkatrade Web Office", false): Text 'Checkatrade Web Office' is present on page 

2020-04-21 11:39:30 - [MESSAGE][PASSED] - Text 'Checkatrade Web Office' is present on page 

2020-04-21 11:39:30 - [TEST_STEP][PASSED] - verifyTextPresent("Access for staff use only", false): Text 'Access for staff use only' is present on page 

2020-04-21 11:39:30 - [MESSAGE][PASSED] - Text 'Access for staff use only' is present on page 

2020-04-21 11:39:30 - [TEST_STEP][PASSED] - verifyTextPresent("Forgotten password?", false): Text 'Forgotten password?' is present on page 

2020-04-21 11:39:30 - [MESSAGE][PASSED] - Text 'Forgotten password?' is present on page 

2020-04-21 11:39:30 - [TEST_STEP][PASSED] - setText(findTestObject("Object Repository/WebOffice/Page_Checkatrade - Administration - Login/input_Username_LoginControlUserName"), wo_Username): Text 'DavidHo' is set on object 'Object Repository/WebOffice/Page_Checkatrade - Administration - Login/input_Username_LoginControlUserName'

2020-04-21 11:39:30 - [MESSAGE][PASSED] - Text 'DavidHo' is set on object 'Object Repository/WebOffice/Page_Checkatrade - Administration - Login/input_Username_LoginControlUserName'

2020-04-21 11:39:30 - [TEST_STEP][PASSED] - setText(findTestObject("Object Repository/WebOffice/Page_Checkatrade - Administration - Login/input_Password_LoginControlPassword"), wo_Password): Text 'Check123' is set on object 'Object Repository/WebOffice/Page_Checkatrade - Administration - Login/input_Password_LoginControlPassword'

2020-04-21 11:39:31 - [MESSAGE][PASSED] - Text 'Check123' is set on object 'Object Repository/WebOffice/Page_Checkatrade - Administration - Login/input_Password_LoginControlPassword'

2020-04-21 11:39:31 - [TEST_STEP][PASSED] - click(findTestObject("Object Repository/WebOffice/Page_Checkatrade - Administration - Login/Login_Button")): Object: 'Object Repository/WebOffice/Page_Checkatrade - Administration - Login/Login_Button' is clicked on

2020-04-21 11:39:32 - [MESSAGE][PASSED] - Object: 'Object Repository/WebOffice/Page_Checkatrade - Administration - Login/Login_Button' is clicked on

2020-04-21 11:39:32 - [TEST_STEP][PASSED] - waitForPageLoad(60): Wait for page load successfully

2020-04-21 11:39:32 - [MESSAGE][PASSED] - Wait for page load successfully

2020-04-21 11:39:32 - [TEST_STEP][PASSED] - verifyTextPresent("Welcome " + wo_Username, false): Text 'Welcome DavidHo' is present on page 

2020-04-21 11:39:33 - [MESSAGE][PASSED] - Text 'Welcome DavidHo' is present on page 

2020-04-21 11:39:33 - [MESSAGE][PASSED] - Call Test Case 'Test Cases/Reusable_Test_Sequences/Web_Office/Directives/WebOffice_StartUp' successfully

2020-04-21 11:39:33 - [TEST_STEP][PASSED] - "-----------------------------------------------------------------": null

2020-04-21 11:39:33 - [TEST_STEP][PASSED] - " Navigate to <Settings->Checkatrade.Com->Sub Item> Menu Item     |": null

2020-04-21 11:39:33 - [TEST_STEP][PASSED] - callTestCase(findTestCase("Reusable_Test_Sequences/Web_Office/Navigation/Sub_Menu_Navigation/Settings/Checkatrade_Com/Trade_App_Settings"), [:], STOP_ON_FAILURE): Call Test Case 'Test Cases/Reusable_Test_Sequences/Web_Office/Navigation/Sub_Menu_Navigation/Settings/Checkatrade_Com/Trade_App_Settings' successfully

2020-04-21 11:39:33 - [TEST_CASE][PASSED] - Test Cases/Reusable_Test_Sequences/Web_Office/Navigation/Sub_Menu_Navigation/Settings/Checkatrade_Com/Trade_App_Settings: Test Cases/Reusable_Test_Sequences/Web_Office/Navigation/Sub_Menu_Navigation/Settings/Checkatrade_Com/Trade_App_Settings

2020-04-21 11:39:34 - [TEST_STEP][PASSED] - " TODO - a_Trade App Settings MISSING From Object Repositary": null

2020-04-21 11:39:34 - [TEST_STEP][PASSED] - "--------------------------------------": null

2020-04-21 11:39:34 - [TEST_STEP][PASSED] - " Navigate Top level menu Item         |": null

2020-04-21 11:39:34 - [TEST_STEP][PASSED] - waitForPageLoad(60): Wait for page load successfully

2020-04-21 11:39:34 - [MESSAGE][PASSED] - Wait for page load successfully

2020-04-21 11:39:34 - [TEST_STEP][PASSED] - waitForElementClickable(findTestObject("Object Repository/WebOffice_Home_page/a_Settings"), 60): Object 'Object Repository/WebOffice_Home_page/a_Settings' is clickable

2020-04-21 11:39:34 - [MESSAGE][PASSED] - Object 'Object Repository/WebOffice_Home_page/a_Settings' is clickable

2020-04-21 11:39:34 - [TEST_STEP][PASSED] - mouseOver(findTestObject("Object Repository/WebOffice_Home_page/a_Settings")): Object: 'Object Repository/WebOffice_Home_page/a_Settings' is hovered

2020-04-21 11:39:34 - [MESSAGE][PASSED] - Object: 'Object Repository/WebOffice_Home_page/a_Settings' is hovered

2020-04-21 11:39:34 - [TEST_STEP][PASSED] - mouseOver(findTestObject("Object Repository/WebOffice_Home_page/a_wwwcheckatradecom")): Object: 'Object Repository/WebOffice_Home_page/a_wwwcheckatradecom' is hovered

2020-04-21 11:39:34 - [MESSAGE][PASSED] - Object: 'Object Repository/WebOffice_Home_page/a_wwwcheckatradecom' is hovered

2020-04-21 11:39:34 - [TEST_STEP][PASSED] - waitForElementClickable(findTestObject("Object Repository/WebOffice_Home_page/Page_/a_Trade App Settings"), 1): Object 'Object Repository/WebOffice_Home_page/Page_/a_Trade App Settings' is clickable

2020-04-21 11:39:34 - [MESSAGE][PASSED] - Object 'Object Repository/WebOffice_Home_page/Page_/a_Trade App Settings' is clickable

2020-04-21 11:39:34 - [TEST_STEP][PASSED] - click(findTestObject("Object Repository/WebOffice_Home_page/Page_/a_Trade App Settings")): Object: 'Object Repository/WebOffice_Home_page/Page_/a_Trade App Settings' is clicked on

2020-04-21 11:39:35 - [MESSAGE][PASSED] - Object: 'Object Repository/WebOffice_Home_page/Page_/a_Trade App Settings' is clicked on

2020-04-21 11:39:35 - [MESSAGE][PASSED] - Call Test Case 'Test Cases/Reusable_Test_Sequences/Web_Office/Navigation/Sub_Menu_Navigation/Settings/Checkatrade_Com/Trade_App_Settings' successfully

2020-04-21 11:39:35 - [TEST_STEP][PASSED] - "--------------------------------------": null

2020-04-21 11:39:35 - [TEST_STEP][PASSED] - " Verify Returned Page Detail          |": null

2020-04-21 11:39:35 - [TEST_STEP][PASSED] - callTestCase(findTestCase("Reusable_Test_Sequences/Web_Office/Verification/Settings/Checkatrade_Com/Trade_App_Settings"), [:], OPTIONAL): Unable to call Test Case 'Test Cases/Reusable_Test_Sequences/Web_Office/Verification/Settings/Checkatrade_Com/Trade_App_Settings' (Root cause: com.kms.katalon.core.exception.StepFailedException: Call Test Case 'Test Cases/Reusable_Test_Sequences/Web_Office/Verification/Settings/Checkatrade_Com/Trade_App_Settings' failed
	at com.kms.katalon.core.keyword.builtin.CallTestCaseKeyword$_callTestCase_closure1.doCall(CallTestCaseKeyword.groovy:63)
	at com.kms.katalon.core.keyword.builtin.CallTestCaseKeyword$_callTestCase_closure1.call(CallTestCaseKeyword.groovy)
	at com.kms.katalon.core.keyword.internal.KeywordMain.runKeyword(KeywordMain.groovy:68)
	at com.kms.katalon.core.keyword.builtin.CallTestCaseKeyword.callTestCase(CallTestCaseKeyword.groovy:81)
	at com.kms.katalon.core.keyword.builtin.CallTestCaseKeyword.execute(CallTestCaseKeyword.groovy:44)
	at com.kms.katalon.core.keyword.internal.KeywordExecutor.executeKeywordForPlatform(KeywordExecutor.groovy:72)
	at com.kms.katalon.core.keyword.BuiltinKeywords.callTestCase(BuiltinKeywords.groovy:334)
	at Trade_App_Settings.run(Trade_App_Settings:63)
	at com.kms.katalon.core.main.ScriptEngine.run(ScriptEngine.java:194)
	at com.kms.katalon.core.main.ScriptEngine.runScriptAsRawText(ScriptEngine.java:119)
	at com.kms.katalon.core.main.TestCaseExecutor.runScript(TestCaseExecutor.java:337)
	at com.kms.katalon.core.main.TestCaseExecutor.doExecute(TestCaseExecutor.java:328)
	at com.kms.katalon.core.main.TestCaseExecutor.processExecutionPhase(TestCaseExecutor.java:307)
	at com.kms.katalon.core.main.TestCaseExecutor.accessMainPhase(TestCaseExecutor.java:299)
	at com.kms.katalon.core.main.TestCaseExecutor.execute(TestCaseExecutor.java:233)
	at com.kms.katalon.core.main.TestSuiteExecutor.accessTestCaseMainPhase(TestSuiteExecutor.java:169)
	at com.kms.katalon.core.main.TestSuiteExecutor.accessTestSuiteMainPhase(TestSuiteExecutor.java:142)
	at com.kms.katalon.core.main.TestSuiteExecutor.execute(TestSuiteExecutor.java:91)
	at com.kms.katalon.core.main.TestCaseMain.startTestSuite(TestCaseMain.java:157)
	at com.kms.katalon.core.main.TestCaseMain$startTestSuite$0.call(Unknown Source)
	at TempTestSuite1587464281661.run(TempTestSuite1587464281661.groovy:36)
Caused by: com.kms.katalon.core.exception.StepFailedException: Text 'Start date range' is not present on page  (Root cause: com.kms.katalon.core.exception.StepFailedException: Text 'Start date range' is not present on page 
	at com.kms.katalon.core.webui.keyword.internal.WebUIKeywordMain.stepFailed(WebUIKeywordMain.groovy:64)
	at com.kms.katalon.core.webui.keyword.builtin.VerifyTextPresentKeyword$_verifyTextPresent_closure1.doCall(VerifyTextPresentKeyword.groovy:79)
	at com.kms.katalon.core.webui.keyword.builtin.VerifyTextPresentKeyword$_verifyTextPresent_closure1.call(VerifyTextPresentKeyword.groovy)
	at com.kms.katalon.core.webui.keyword.internal.WebUIKeywordMain.runKeyword(WebUIKeywordMain.groovy:20)
	at com.kms.katalon.core.webui.keyword.builtin.VerifyTextPresentKeyword.verifyTextPresent(VerifyTextPresentKeyword.groovy:83)
	at com.kms.katalon.core.webui.keyword.builtin.VerifyTextPresentKeyword.execute(VerifyTextPresentKeyword.groovy:68)
	at com.kms.katalon.core.keyword.internal.KeywordExecutor.executeKeywordForPlatform(KeywordExecutor.groovy:72)
	at com.kms.katalon.core.webui.keyword.WebUiBuiltInKeywords.verifyTextPresent(WebUiBuiltInKeywords.groovy:1719)
	at com.kms.katalon.core.webui.keyword.WebUiBuiltInKeywords$verifyTextPresent$2.call(Unknown Source)
	at Trade_App_Settings.run(Trade_App_Settings:64)
	at com.kms.katalon.core.main.ScriptEngine.run(ScriptEngine.java:194)
	at com.kms.katalon.core.main.ScriptEngine.runScriptAsRawText(ScriptEngine.java:119)
	at com.kms.katalon.core.main.TestCaseExecutor.runScript(TestCaseExecutor.java:337)
	at com.kms.katalon.core.main.TestCaseExecutor.doExecute(TestCaseExecutor.java:328)
	at com.kms.katalon.core.main.TestCaseExecutor.processExecutionPhase(TestCaseExecutor.java:307)
	at com.kms.katalon.core.main.TestCaseExecutor.accessMainPhase(TestCaseExecutor.java:299)
	at com.kms.katalon.core.main.TestCaseExecutor.execute(TestCaseExecutor.java:233)
	at com.kms.katalon.core.main.TestCaseMain.runTestCase(TestCaseMain.java:114)
	at com.kms.katalon.core.keyword.builtin.CallTestCaseKeyword$_callTestCase_closure1.doCall(CallTestCaseKeyword.groovy:59)
	at com.kms.katalon.core.keyword.builtin.CallTestCaseKeyword$_callTestCase_closure1.call(CallTestCaseKeyword.groovy)
	at com.kms.katalon.core.keyword.internal.KeywordMain.runKeyword(KeywordMain.groovy:68)
	at com.kms.katalon.core.keyword.builtin.CallTestCaseKeyword.callTestCase(CallTestCaseKeyword.groovy:81)
	at com.kms.katalon.core.keyword.builtin.CallTestCaseKeyword.execute(CallTestCaseKeyword.groovy:44)
	at com.kms.katalon.core.keyword.internal.KeywordExecutor.executeKeywordForPlatform(KeywordExecutor.groovy:72)
	at com.kms.katalon.core.keyword.BuiltinKeywords.callTestCase(BuiltinKeywords.groovy:334)
	at Trade_App_Settings.run(Trade_App_Settings:63)
	at com.kms.katalon.core.main.ScriptEngine.run(ScriptEngine.java:194)
	at com.kms.katalon.core.main.ScriptEngine.runScriptAsRawText(ScriptEngine.java:119)
	at com.kms.katalon.core.main.TestCaseExecutor.runScript(TestCaseExecutor.java:337)
	at com.kms.katalon.core.main.TestCaseExecutor.doExecute(TestCaseExecutor.java:328)
	at com.kms.katalon.core.main.TestCaseExecutor.processExecutionPhase(TestCaseExecutor.java:307)
	at com.kms.katalon.core.main.TestCaseExecutor.accessMainPhase(TestCaseExecutor.java:299)
	at com.kms.katalon.core.main.TestCaseExecutor.execute(TestCaseExecutor.java:233)
	at com.kms.katalon.core.main.TestSuiteExecutor.accessTestCaseMainPhase(TestSuiteExecutor.java:169)
	at com.kms.katalon.core.main.TestSuiteExecutor.accessTestSuiteMainPhase(TestSuiteExecutor.java:142)
	at com.kms.katalon.core.main.TestSuiteExecutor.execute(TestSuiteExecutor.java:91)
	at com.kms.katalon.core.main.TestCaseMain.startTestSuite(TestCaseMain.java:157)
	at com.kms.katalon.core.main.TestCaseMain$startTestSuite$0.call(Unknown Source)
	at TempTestSuite1587464281661.run(TempTestSuite1587464281661.groovy:36)
)
	at com.kms.katalon.core.keyword.internal.KeywordMain.stepFailed(KeywordMain.groovy:39)
	at com.kms.katalon.core.webui.keyword.internal.WebUIKeywordMain.stepFailed(WebUIKeywordMain.groovy:64)
	at com.kms.katalon.core.webui.keyword.builtin.VerifyTextPresentKeyword$_verifyTextPresent_closure1.doCall(VerifyTextPresentKeyword.groovy:79)
	at com.kms.katalon.core.webui.keyword.builtin.VerifyTextPresentKeyword$_verifyTextPresent_closure1.call(VerifyTextPresentKeyword.groovy)
	at com.kms.katalon.core.webui.keyword.internal.WebUIKeywordMain.runKeyword(WebUIKeywordMain.groovy:20)
	at com.kms.katalon.core.webui.keyword.builtin.VerifyTextPresentKeyword.verifyTextPresent(VerifyTextPresentKeyword.groovy:83)
	at com.kms.katalon.core.webui.keyword.builtin.VerifyTextPresentKeyword.execute(VerifyTextPresentKeyword.groovy:68)
	at com.kms.katalon.core.keyword.internal.KeywordExecutor.executeKeywordForPlatform(KeywordExecutor.groovy:72)
	at com.kms.katalon.core.webui.keyword.WebUiBuiltInKeywords.verifyTextPresent(WebUiBuiltInKeywords.groovy:1719)
	at com.kms.katalon.core.webui.keyword.WebUiBuiltInKeywords$verifyTextPresent$2.call(Unknown Source)
	at Trade_App_Settings.run(Trade_App_Settings:64)
	at com.kms.katalon.core.main.ScriptEngine.run(ScriptEngine.java:194)
	at com.kms.katalon.core.main.ScriptEngine.runScriptAsRawText(ScriptEngine.java:119)
	at com.kms.katalon.core.main.TestCaseExecutor.runScript(TestCaseExecutor.java:337)
	at com.kms.katalon.core.main.TestCaseExecutor.doExecute(TestCaseExecutor.java:328)
	at com.kms.katalon.core.main.TestCaseExecutor.processExecutionPhase(TestCaseExecutor.java:307)
	at com.kms.katalon.core.main.TestCaseExecutor.accessMainPhase(TestCaseExecutor.java:299)
	at com.kms.katalon.core.main.TestCaseExecutor.execute(TestCaseExecutor.java:233)
	at com.kms.katalon.core.main.TestCaseMain.runTestCase(TestCaseMain.java:114)
	at com.kms.katalon.core.keyword.builtin.CallTestCaseKeyword$_callTestCase_closure1.doCall(CallTestCaseKeyword.groovy:59)
	... 20 more
Caused by: com.kms.katalon.core.exception.StepFailedException: Text 'Start date range' is not present on page 
	... 39 more
)

2020-04-21 11:39:35 - [TEST_CASE][FAILED] - Test Cases/Reusable_Test_Sequences/Web_Office/Verification/Settings/Checkatrade_Com/Trade_App_Settings: Test Cases/Reusable_Test_Sequences/Web_Office/Verification/Settings/Checkatrade_Com/Trade_App_Settings FAILED.
Reason:
com.kms.katalon.core.exception.StepFailedException: Text 'Start date range' is not present on page  (Root cause: com.kms.katalon.core.exception.StepFailedException: Text 'Start date range' is not present on page 
	at com.kms.katalon.core.webui.keyword.internal.WebUIKeywordMain.stepFailed(WebUIKeywordMain.groovy:64)
	at com.kms.katalon.core.webui.keyword.builtin.VerifyTextPresentKeyword$_verifyTextPresent_closure1.doCall(VerifyTextPresentKeyword.groovy:79)
	at com.kms.katalon.core.webui.keyword.builtin.VerifyTextPresentKeyword$_verifyTextPresent_closure1.call(VerifyTextPresentKeyword.groovy)
	at com.kms.katalon.core.webui.keyword.internal.WebUIKeywordMain.runKeyword(WebUIKeywordMain.groovy:20)
	at com.kms.katalon.core.webui.keyword.builtin.VerifyTextPresentKeyword.verifyTextPresent(VerifyTextPresentKeyword.groovy:83)
	at com.kms.katalon.core.webui.keyword.builtin.VerifyTextPresentKeyword.execute(VerifyTextPresentKeyword.groovy:68)
	at com.kms.katalon.core.keyword.internal.KeywordExecutor.executeKeywordForPlatform(KeywordExecutor.groovy:72)
	at com.kms.katalon.core.webui.keyword.WebUiBuiltInKeywords.verifyTextPresent(WebUiBuiltInKeywords.groovy:1719)
	at com.kms.katalon.core.webui.keyword.WebUiBuiltInKeywords$verifyTextPresent$2.call(Unknown Source)
	at Trade_App_Settings.run(Trade_App_Settings:64)
	at com.kms.katalon.core.main.ScriptEngine.run(ScriptEngine.java:194)
	at com.kms.katalon.core.main.ScriptEngine.runScriptAsRawText(ScriptEngine.java:119)
	at com.kms.katalon.core.main.TestCaseExecutor.runScript(TestCaseExecutor.java:337)
	at com.kms.katalon.core.main.TestCaseExecutor.doExecute(TestCaseExecutor.java:328)
	at com.kms.katalon.core.main.TestCaseExecutor.processExecutionPhase(TestCaseExecutor.java:307)
	at com.kms.katalon.core.main.TestCaseExecutor.accessMainPhase(TestCaseExecutor.java:299)
	at com.kms.katalon.core.main.TestCaseExecutor.execute(TestCaseExecutor.java:233)
	at com.kms.katalon.core.main.TestCaseMain.runTestCase(TestCaseMain.java:114)
	at com.kms.katalon.core.keyword.builtin.CallTestCaseKeyword$_callTestCase_closure1.doCall(CallTestCaseKeyword.groovy:59)
	at com.kms.katalon.core.keyword.builtin.CallTestCaseKeyword$_callTestCase_closure1.call(CallTestCaseKeyword.groovy)
	at com.kms.katalon.core.keyword.internal.KeywordMain.runKeyword(KeywordMain.groovy:68)
	at com.kms.katalon.core.keyword.builtin.CallTestCaseKeyword.callTestCase(CallTestCaseKeyword.groovy:81)
	at com.kms.katalon.core.keyword.builtin.CallTestCaseKeyword.execute(CallTestCaseKeyword.groovy:44)
	at com.kms.katalon.core.keyword.internal.KeywordExecutor.executeKeywordForPlatform(KeywordExecutor.groovy:72)
	at com.kms.katalon.core.keyword.BuiltinKeywords.callTestCase(BuiltinKeywords.groovy:334)
	at Trade_App_Settings.run(Trade_App_Settings:63)
	at com.kms.katalon.core.main.ScriptEngine.run(ScriptEngine.java:194)
	at com.kms.katalon.core.main.ScriptEngine.runScriptAsRawText(ScriptEngine.java:119)
	at com.kms.katalon.core.main.TestCaseExecutor.runScript(TestCaseExecutor.java:337)
	at com.kms.katalon.core.main.TestCaseExecutor.doExecute(TestCaseExecutor.java:328)
	at com.kms.katalon.core.main.TestCaseExecutor.processExecutionPhase(TestCaseExecutor.java:307)
	at com.kms.katalon.core.main.TestCaseExecutor.accessMainPhase(TestCaseExecutor.java:299)
	at com.kms.katalon.core.main.TestCaseExecutor.execute(TestCaseExecutor.java:233)
	at com.kms.katalon.core.main.TestSuiteExecutor.accessTestCaseMainPhase(TestSuiteExecutor.java:169)
	at com.kms.katalon.core.main.TestSuiteExecutor.accessTestSuiteMainPhase(TestSuiteExecutor.java:142)
	at com.kms.katalon.core.main.TestSuiteExecutor.execute(TestSuiteExecutor.java:91)
	at com.kms.katalon.core.main.TestCaseMain.startTestSuite(TestCaseMain.java:157)
	at com.kms.katalon.core.main.TestCaseMain$startTestSuite$0.call(Unknown Source)
	at TempTestSuite1587464281661.run(TempTestSuite1587464281661.groovy:36)
)
	at com.kms.katalon.core.keyword.internal.KeywordMain.stepFailed(KeywordMain.groovy:39)
	at com.kms.katalon.core.webui.keyword.internal.WebUIKeywordMain.stepFailed(WebUIKeywordMain.groovy:64)
	at com.kms.katalon.core.webui.keyword.builtin.VerifyTextPresentKeyword$_verifyTextPresent_closure1.doCall(VerifyTextPresentKeyword.groovy:79)
	at com.kms.katalon.core.webui.keyword.builtin.VerifyTextPresentKeyword$_verifyTextPresent_closure1.call(VerifyTextPresentKeyword.groovy)
	at com.kms.katalon.core.webui.keyword.internal.WebUIKeywordMain.runKeyword(WebUIKeywordMain.groovy:20)
	at com.kms.katalon.core.webui.keyword.builtin.VerifyTextPresentKeyword.verifyTextPresent(VerifyTextPresentKeyword.groovy:83)
	at com.kms.katalon.core.webui.keyword.builtin.VerifyTextPresentKeyword.execute(VerifyTextPresentKeyword.groovy:68)
	at com.kms.katalon.core.keyword.internal.KeywordExecutor.executeKeywordForPlatform(KeywordExecutor.groovy:72)
	at com.kms.katalon.core.webui.keyword.WebUiBuiltInKeywords.verifyTextPresent(WebUiBuiltInKeywords.groovy:1719)
	at com.kms.katalon.core.webui.keyword.WebUiBuiltInKeywords$verifyTextPresent$2.call(Unknown Source)
	at Trade_App_Settings.run(Trade_App_Settings:64)
	at com.kms.katalon.core.main.ScriptEngine.run(ScriptEngine.java:194)
	at com.kms.katalon.core.main.ScriptEngine.runScriptAsRawText(ScriptEngine.java:119)
	at com.kms.katalon.core.main.TestCaseExecutor.runScript(TestCaseExecutor.java:337)
	at com.kms.katalon.core.main.TestCaseExecutor.doExecute(TestCaseExecutor.java:328)
	at com.kms.katalon.core.main.TestCaseExecutor.processExecutionPhase(TestCaseExecutor.java:307)
	at com.kms.katalon.core.main.TestCaseExecutor.accessMainPhase(TestCaseExecutor.java:299)
	at com.kms.katalon.core.main.TestCaseExecutor.execute(TestCaseExecutor.java:233)
	at com.kms.katalon.core.main.TestCaseMain.runTestCase(TestCaseMain.java:114)
	at com.kms.katalon.core.keyword.builtin.CallTestCaseKeyword$_callTestCase_closure1.doCall(CallTestCaseKeyword.groovy:59)
	at com.kms.katalon.core.keyword.builtin.CallTestCaseKeyword$_callTestCase_closure1.call(CallTestCaseKeyword.groovy)
	at com.kms.katalon.core.keyword.internal.KeywordMain.runKeyword(KeywordMain.groovy:68)
	at com.kms.katalon.core.keyword.builtin.CallTestCaseKeyword.callTestCase(CallTestCaseKeyword.groovy:81)
	at com.kms.katalon.core.keyword.builtin.CallTestCaseKeyword.execute(CallTestCaseKeyword.groovy:44)
	at com.kms.katalon.core.keyword.internal.KeywordExecutor.executeKeywordForPlatform(KeywordExecutor.groovy:72)
	at com.kms.katalon.core.keyword.BuiltinKeywords.callTestCase(BuiltinKeywords.groovy:334)
	at Trade_App_Settings.run(Trade_App_Settings:63)
	at com.kms.katalon.core.main.ScriptEngine.run(ScriptEngine.java:194)
	at com.kms.katalon.core.main.ScriptEngine.runScriptAsRawText(ScriptEngine.java:119)
	at com.kms.katalon.core.main.TestCaseExecutor.runScript(TestCaseExecutor.java:337)
	at com.kms.katalon.core.main.TestCaseExecutor.doExecute(TestCaseExecutor.java:328)
	at com.kms.katalon.core.main.TestCaseExecutor.processExecutionPhase(TestCaseExecutor.java:307)
	at com.kms.katalon.core.main.TestCaseExecutor.accessMainPhase(TestCaseExecutor.java:299)
	at com.kms.katalon.core.main.TestCaseExecutor.execute(TestCaseExecutor.java:233)
	at com.kms.katalon.core.main.TestSuiteExecutor.accessTestCaseMainPhase(TestSuiteExecutor.java:169)
	at com.kms.katalon.core.main.TestSuiteExecutor.accessTestSuiteMainPhase(TestSuiteExecutor.java:142)
	at com.kms.katalon.core.main.TestSuiteExecutor.execute(TestSuiteExecutor.java:91)
	at com.kms.katalon.core.main.TestCaseMain.startTestSuite(TestCaseMain.java:157)
	at com.kms.katalon.core.main.TestCaseMain$startTestSuite$0.call(Unknown Source)
	at TempTestSuite1587464281661.run(TempTestSuite1587464281661.groovy:36)
Caused by: com.kms.katalon.core.exception.StepFailedException: Text 'Start date range' is not present on page 
	... 39 more


2020-04-21 11:39:36 - [TEST_STEP][PASSED] - waitForPageLoad(60): Wait for page load successfully

2020-04-21 11:39:36 - [MESSAGE][PASSED] - Wait for page load successfully

2020-04-21 11:39:36 - [TEST_STEP][PASSED] - delay(1): Delayed 1 second(s)

2020-04-21 11:39:37 - [MESSAGE][PASSED] - Delayed 1 second(s)

2020-04-21 11:39:37 - [TEST_STEP][PASSED] - verifyTextPresent("System Settings", false): Text 'System Settings' is present on page 

2020-04-21 11:39:37 - [MESSAGE][PASSED] - Text 'System Settings' is present on page 

2020-04-21 11:39:37 - [TEST_STEP][PASSED] - "----------------------------------------------": null

2020-04-21 11:39:37 - [TEST_STEP][PASSED] - verifyTextPresent("Status", false): Text 'Status' is present on page 

2020-04-21 11:39:37 - [MESSAGE][PASSED] - Text 'Status' is present on page 

2020-04-21 11:39:37 - [TEST_STEP][PASSED] - verifyTextPresent("JSON Settings", false): Text 'JSON Settings' is present on page 

2020-04-21 11:39:37 - [MESSAGE][PASSED] - Text 'JSON Settings' is present on page 

2020-04-21 11:39:37 - [TEST_STEP][PASSED] - verifyTextPresent("Stopped", false): Text 'Stopped' is present on page 

2020-04-21 11:39:37 - [MESSAGE][PASSED] - Text 'Stopped' is present on page 

2020-04-21 11:39:37 - [TEST_STEP][FAILED] - verifyTextPresent("Start date range", false): Text 'Start date range' is not present on page  (Root cause: com.kms.katalon.core.exception.StepFailedException: Text 'Start date range' is not present on page 
	at com.kms.katalon.core.webui.keyword.internal.WebUIKeywordMain.stepFailed(WebUIKeywordMain.groovy:64)
	at com.kms.katalon.core.webui.keyword.builtin.VerifyTextPresentKeyword$_verifyTextPresent_closure1.doCall(VerifyTextPresentKeyword.groovy:79)
	at com.kms.katalon.core.webui.keyword.builtin.VerifyTextPresentKeyword$_verifyTextPresent_closure1.call(VerifyTextPresentKeyword.groovy)
	at com.kms.katalon.core.webui.keyword.internal.WebUIKeywordMain.runKeyword(WebUIKeywordMain.groovy:20)
	at com.kms.katalon.core.webui.keyword.builtin.VerifyTextPresentKeyword.verifyTextPresent(VerifyTextPresentKeyword.groovy:83)
	at com.kms.katalon.core.webui.keyword.builtin.VerifyTextPresentKeyword.execute(VerifyTextPresentKeyword.groovy:68)
	at com.kms.katalon.core.keyword.internal.KeywordExecutor.executeKeywordForPlatform(KeywordExecutor.groovy:72)
	at com.kms.katalon.core.webui.keyword.WebUiBuiltInKeywords.verifyTextPresent(WebUiBuiltInKeywords.groovy:1719)
	at com.kms.katalon.core.webui.keyword.WebUiBuiltInKeywords$verifyTextPresent$2.call(Unknown Source)
	at Trade_App_Settings.run(Trade_App_Settings:64)
	at com.kms.katalon.core.main.ScriptEngine.run(ScriptEngine.java:194)
	at com.kms.katalon.core.main.ScriptEngine.runScriptAsRawText(ScriptEngine.java:119)
	at com.kms.katalon.core.main.TestCaseExecutor.runScript(TestCaseExecutor.java:337)
	at com.kms.katalon.core.main.TestCaseExecutor.doExecute(TestCaseExecutor.java:328)
	at com.kms.katalon.core.main.TestCaseExecutor.processExecutionPhase(TestCaseExecutor.java:307)
	at com.kms.katalon.core.main.TestCaseExecutor.accessMainPhase(TestCaseExecutor.java:299)
	at com.kms.katalon.core.main.TestCaseExecutor.execute(TestCaseExecutor.java:233)
	at com.kms.katalon.core.main.TestCaseMain.runTestCase(TestCaseMain.java:114)
	at com.kms.katalon.core.keyword.builtin.CallTestCaseKeyword$_callTestCase_closure1.doCall(CallTestCaseKeyword.groovy:59)
	at com.kms.katalon.core.keyword.builtin.CallTestCaseKeyword$_callTestCase_closure1.call(CallTestCaseKeyword.groovy)
	at com.kms.katalon.core.keyword.internal.KeywordMain.runKeyword(KeywordMain.groovy:68)
	at com.kms.katalon.core.keyword.builtin.CallTestCaseKeyword.callTestCase(CallTestCaseKeyword.groovy:81)
	at com.kms.katalon.core.keyword.builtin.CallTestCaseKeyword.execute(CallTestCaseKeyword.groovy:44)
	at com.kms.katalon.core.keyword.internal.KeywordExecutor.executeKeywordForPlatform(KeywordExecutor.groovy:72)
	at com.kms.katalon.core.keyword.BuiltinKeywords.callTestCase(BuiltinKeywords.groovy:334)
	at Trade_App_Settings.run(Trade_App_Settings:63)
	at com.kms.katalon.core.main.ScriptEngine.run(ScriptEngine.java:194)
	at com.kms.katalon.core.main.ScriptEngine.runScriptAsRawText(ScriptEngine.java:119)
	at com.kms.katalon.core.main.TestCaseExecutor.runScript(TestCaseExecutor.java:337)
	at com.kms.katalon.core.main.TestCaseExecutor.doExecute(TestCaseExecutor.java:328)
	at com.kms.katalon.core.main.TestCaseExecutor.processExecutionPhase(TestCaseExecutor.java:307)
	at com.kms.katalon.core.main.TestCaseExecutor.accessMainPhase(TestCaseExecutor.java:299)
	at com.kms.katalon.core.main.TestCaseExecutor.execute(TestCaseExecutor.java:233)
	at com.kms.katalon.core.main.TestSuiteExecutor.accessTestCaseMainPhase(TestSuiteExecutor.java:169)
	at com.kms.katalon.core.main.TestSuiteExecutor.accessTestSuiteMainPhase(TestSuiteExecutor.java:142)
	at com.kms.katalon.core.main.TestSuiteExecutor.execute(TestSuiteExecutor.java:91)
	at com.kms.katalon.core.main.TestCaseMain.startTestSuite(TestCaseMain.java:157)
	at com.kms.katalon.core.main.TestCaseMain$startTestSuite$0.call(Unknown Source)
	at TempTestSuite1587464281661.run(TempTestSuite1587464281661.groovy:36)
)

2020-04-21 11:39:38 - [MESSAGE][FAILED] - Text 'Start date range' is not present on page  (Root cause: com.kms.katalon.core.exception.StepFailedException: Text 'Start date range' is not present on page 
	at com.kms.katalon.core.webui.keyword.internal.WebUIKeywordMain.stepFailed(WebUIKeywordMain.groovy:64)
	at com.kms.katalon.core.webui.keyword.builtin.VerifyTextPresentKeyword$_verifyTextPresent_closure1.doCall(VerifyTextPresentKeyword.groovy:79)
	at com.kms.katalon.core.webui.keyword.builtin.VerifyTextPresentKeyword$_verifyTextPresent_closure1.call(VerifyTextPresentKeyword.groovy)
	at com.kms.katalon.core.webui.keyword.internal.WebUIKeywordMain.runKeyword(WebUIKeywordMain.groovy:20)
	at com.kms.katalon.core.webui.keyword.builtin.VerifyTextPresentKeyword.verifyTextPresent(VerifyTextPresentKeyword.groovy:83)
	at com.kms.katalon.core.webui.keyword.builtin.VerifyTextPresentKeyword.execute(VerifyTextPresentKeyword.groovy:68)
	at com.kms.katalon.core.keyword.internal.KeywordExecutor.executeKeywordForPlatform(KeywordExecutor.groovy:72)
	at com.kms.katalon.core.webui.keyword.WebUiBuiltInKeywords.verifyTextPresent(WebUiBuiltInKeywords.groovy:1719)
	at com.kms.katalon.core.webui.keyword.WebUiBuiltInKeywords$verifyTextPresent$2.call(Unknown Source)
	at Trade_App_Settings.run(Trade_App_Settings:64)
	at com.kms.katalon.core.main.ScriptEngine.run(ScriptEngine.java:194)
	at com.kms.katalon.core.main.ScriptEngine.runScriptAsRawText(ScriptEngine.java:119)
	at com.kms.katalon.core.main.TestCaseExecutor.runScript(TestCaseExecutor.java:337)
	at com.kms.katalon.core.main.TestCaseExecutor.doExecute(TestCaseExecutor.java:328)
	at com.kms.katalon.core.main.TestCaseExecutor.processExecutionPhase(TestCaseExecutor.java:307)
	at com.kms.katalon.core.main.TestCaseExecutor.accessMainPhase(TestCaseExecutor.java:299)
	at com.kms.katalon.core.main.TestCaseExecutor.execute(TestCaseExecutor.java:233)
	at com.kms.katalon.core.main.TestCaseMain.runTestCase(TestCaseMain.java:114)
	at com.kms.katalon.core.keyword.builtin.CallTestCaseKeyword$_callTestCase_closure1.doCall(CallTestCaseKeyword.groovy:59)
	at com.kms.katalon.core.keyword.builtin.CallTestCaseKeyword$_callTestCase_closure1.call(CallTestCaseKeyword.groovy)
	at com.kms.katalon.core.keyword.internal.KeywordMain.runKeyword(KeywordMain.groovy:68)
	at com.kms.katalon.core.keyword.builtin.CallTestCaseKeyword.callTestCase(CallTestCaseKeyword.groovy:81)
	at com.kms.katalon.core.keyword.builtin.CallTestCaseKeyword.execute(CallTestCaseKeyword.groovy:44)
	at com.kms.katalon.core.keyword.internal.KeywordExecutor.executeKeywordForPlatform(KeywordExecutor.groovy:72)
	at com.kms.katalon.core.keyword.BuiltinKeywords.callTestCase(BuiltinKeywords.groovy:334)
	at Trade_App_Settings.run(Trade_App_Settings:63)
	at com.kms.katalon.core.main.ScriptEngine.run(ScriptEngine.java:194)
	at com.kms.katalon.core.main.ScriptEngine.runScriptAsRawText(ScriptEngine.java:119)
	at com.kms.katalon.core.main.TestCaseExecutor.runScript(TestCaseExecutor.java:337)
	at com.kms.katalon.core.main.TestCaseExecutor.doExecute(TestCaseExecutor.java:328)
	at com.kms.katalon.core.main.TestCaseExecutor.processExecutionPhase(TestCaseExecutor.java:307)
	at com.kms.katalon.core.main.TestCaseExecutor.accessMainPhase(TestCaseExecutor.java:299)
	at com.kms.katalon.core.main.TestCaseExecutor.execute(TestCaseExecutor.java:233)
	at com.kms.katalon.core.main.TestSuiteExecutor.accessTestCaseMainPhase(TestSuiteExecutor.java:169)
	at com.kms.katalon.core.main.TestSuiteExecutor.accessTestSuiteMainPhase(TestSuiteExecutor.java:142)
	at com.kms.katalon.core.main.TestSuiteExecutor.execute(TestSuiteExecutor.java:91)
	at com.kms.katalon.core.main.TestCaseMain.startTestSuite(TestCaseMain.java:157)
	at com.kms.katalon.core.main.TestCaseMain$startTestSuite$0.call(Unknown Source)
	at TempTestSuite1587464281661.run(TempTestSuite1587464281661.groovy:36)
)

2020-04-21 11:39:38 - [TEST_STEP][PASSED] - verifyTextPresent("Show Community Page", false): Text 'Show Community Page' is present on page 

2020-04-21 11:39:38 - [MESSAGE][PASSED] - Text 'Show Community Page' is present on page 

2020-04-21 11:39:38 - [MESSAGE][WARNING] - Unable to call Test Case 'Test Cases/Reusable_Test_Sequences/Web_Office/Verification/Settings/Checkatrade_Com/Trade_App_Settings' (Root cause: com.kms.katalon.core.exception.StepFailedException: Call Test Case 'Test Cases/Reusable_Test_Sequences/Web_Office/Verification/Settings/Checkatrade_Com/Trade_App_Settings' failed
	at com.kms.katalon.core.keyword.builtin.CallTestCaseKeyword$_callTestCase_closure1.doCall(CallTestCaseKeyword.groovy:63)
	at com.kms.katalon.core.keyword.builtin.CallTestCaseKeyword$_callTestCase_closure1.call(CallTestCaseKeyword.groovy)
	at com.kms.katalon.core.keyword.internal.KeywordMain.runKeyword(KeywordMain.groovy:68)
	at com.kms.katalon.core.keyword.builtin.CallTestCaseKeyword.callTestCase(CallTestCaseKeyword.groovy:81)
	at com.kms.katalon.core.keyword.builtin.CallTestCaseKeyword.execute(CallTestCaseKeyword.groovy:44)
	at com.kms.katalon.core.keyword.internal.KeywordExecutor.executeKeywordForPlatform(KeywordExecutor.groovy:72)
	at com.kms.katalon.core.keyword.BuiltinKeywords.callTestCase(BuiltinKeywords.groovy:334)
	at Trade_App_Settings.run(Trade_App_Settings:63)
	at com.kms.katalon.core.main.ScriptEngine.run(ScriptEngine.java:194)
	at com.kms.katalon.core.main.ScriptEngine.runScriptAsRawText(ScriptEngine.java:119)
	at com.kms.katalon.core.main.TestCaseExecutor.runScript(TestCaseExecutor.java:337)
	at com.kms.katalon.core.main.TestCaseExecutor.doExecute(TestCaseExecutor.java:328)
	at com.kms.katalon.core.main.TestCaseExecutor.processExecutionPhase(TestCaseExecutor.java:307)
	at com.kms.katalon.core.main.TestCaseExecutor.accessMainPhase(TestCaseExecutor.java:299)
	at com.kms.katalon.core.main.TestCaseExecutor.execute(TestCaseExecutor.java:233)
	at com.kms.katalon.core.main.TestSuiteExecutor.accessTestCaseMainPhase(TestSuiteExecutor.java:169)
	at com.kms.katalon.core.main.TestSuiteExecutor.accessTestSuiteMainPhase(TestSuiteExecutor.java:142)
	at com.kms.katalon.core.main.TestSuiteExecutor.execute(TestSuiteExecutor.java:91)
	at com.kms.katalon.core.main.TestCaseMain.startTestSuite(TestCaseMain.java:157)
	at com.kms.katalon.core.main.TestCaseMain$startTestSuite$0.call(Unknown Source)
	at TempTestSuite1587464281661.run(TempTestSuite1587464281661.groovy:36)
Caused by: com.kms.katalon.core.exception.StepFailedException: Text 'Start date range' is not present on page  (Root cause: com.kms.katalon.core.exception.StepFailedException: Text 'Start date range' is not present on page 
	at com.kms.katalon.core.webui.keyword.internal.WebUIKeywordMain.stepFailed(WebUIKeywordMain.groovy:64)
	at com.kms.katalon.core.webui.keyword.builtin.VerifyTextPresentKeyword$_verifyTextPresent_closure1.doCall(VerifyTextPresentKeyword.groovy:79)
	at com.kms.katalon.core.webui.keyword.builtin.VerifyTextPresentKeyword$_verifyTextPresent_closure1.call(VerifyTextPresentKeyword.groovy)
	at com.kms.katalon.core.webui.keyword.internal.WebUIKeywordMain.runKeyword(WebUIKeywordMain.groovy:20)
	at com.kms.katalon.core.webui.keyword.builtin.VerifyTextPresentKeyword.verifyTextPresent(VerifyTextPresentKeyword.groovy:83)
	at com.kms.katalon.core.webui.keyword.builtin.VerifyTextPresentKeyword.execute(VerifyTextPresentKeyword.groovy:68)
	at com.kms.katalon.core.keyword.internal.KeywordExecutor.executeKeywordForPlatform(KeywordExecutor.groovy:72)
	at com.kms.katalon.core.webui.keyword.WebUiBuiltInKeywords.verifyTextPresent(WebUiBuiltInKeywords.groovy:1719)
	at com.kms.katalon.core.webui.keyword.WebUiBuiltInKeywords$verifyTextPresent$2.call(Unknown Source)
	at Trade_App_Settings.run(Trade_App_Settings:64)
	at com.kms.katalon.core.main.ScriptEngine.run(ScriptEngine.java:194)
	at com.kms.katalon.core.main.ScriptEngine.runScriptAsRawText(ScriptEngine.java:119)
	at com.kms.katalon.core.main.TestCaseExecutor.runScript(TestCaseExecutor.java:337)
	at com.kms.katalon.core.main.TestCaseExecutor.doExecute(TestCaseExecutor.java:328)
	at com.kms.katalon.core.main.TestCaseExecutor.processExecutionPhase(TestCaseExecutor.java:307)
	at com.kms.katalon.core.main.TestCaseExecutor.accessMainPhase(TestCaseExecutor.java:299)
	at com.kms.katalon.core.main.TestCaseExecutor.execute(TestCaseExecutor.java:233)
	at com.kms.katalon.core.main.TestCaseMain.runTestCase(TestCaseMain.java:114)
	at com.kms.katalon.core.keyword.builtin.CallTestCaseKeyword$_callTestCase_closure1.doCall(CallTestCaseKeyword.groovy:59)
	at com.kms.katalon.core.keyword.builtin.CallTestCaseKeyword$_callTestCase_closure1.call(CallTestCaseKeyword.groovy)
	at com.kms.katalon.core.keyword.internal.KeywordMain.runKeyword(KeywordMain.groovy:68)
	at com.kms.katalon.core.keyword.builtin.CallTestCaseKeyword.callTestCase(CallTestCaseKeyword.groovy:81)
	at com.kms.katalon.core.keyword.builtin.CallTestCaseKeyword.execute(CallTestCaseKeyword.groovy:44)
	at com.kms.katalon.core.keyword.internal.KeywordExecutor.executeKeywordForPlatform(KeywordExecutor.groovy:72)
	at com.kms.katalon.core.keyword.BuiltinKeywords.callTestCase(BuiltinKeywords.groovy:334)
	at Trade_App_Settings.run(Trade_App_Settings:63)
	at com.kms.katalon.core.main.ScriptEngine.run(ScriptEngine.java:194)
	at com.kms.katalon.core.main.ScriptEngine.runScriptAsRawText(ScriptEngine.java:119)
	at com.kms.katalon.core.main.TestCaseExecutor.runScript(TestCaseExecutor.java:337)
	at com.kms.katalon.core.main.TestCaseExecutor.doExecute(TestCaseExecutor.java:328)
	at com.kms.katalon.core.main.TestCaseExecutor.processExecutionPhase(TestCaseExecutor.java:307)
	at com.kms.katalon.core.main.TestCaseExecutor.accessMainPhase(TestCaseExecutor.java:299)
	at com.kms.katalon.core.main.TestCaseExecutor.execute(TestCaseExecutor.java:233)
	at com.kms.katalon.core.main.TestSuiteExecutor.accessTestCaseMainPhase(TestSuiteExecutor.java:169)
	at com.kms.katalon.core.main.TestSuiteExecutor.accessTestSuiteMainPhase(TestSuiteExecutor.java:142)
	at com.kms.katalon.core.main.TestSuiteExecutor.execute(TestSuiteExecutor.java:91)
	at com.kms.katalon.core.main.TestCaseMain.startTestSuite(TestCaseMain.java:157)
	at com.kms.katalon.core.main.TestCaseMain$startTestSuite$0.call(Unknown Source)
	at TempTestSuite1587464281661.run(TempTestSuite1587464281661.groovy:36)
)
	at com.kms.katalon.core.keyword.internal.KeywordMain.stepFailed(KeywordMain.groovy:39)
	at com.kms.katalon.core.webui.keyword.internal.WebUIKeywordMain.stepFailed(WebUIKeywordMain.groovy:64)
	at com.kms.katalon.core.webui.keyword.builtin.VerifyTextPresentKeyword$_verifyTextPresent_closure1.doCall(VerifyTextPresentKeyword.groovy:79)
	at com.kms.katalon.core.webui.keyword.builtin.VerifyTextPresentKeyword$_verifyTextPresent_closure1.call(VerifyTextPresentKeyword.groovy)
	at com.kms.katalon.core.webui.keyword.internal.WebUIKeywordMain.runKeyword(WebUIKeywordMain.groovy:20)
	at com.kms.katalon.core.webui.keyword.builtin.VerifyTextPresentKeyword.verifyTextPresent(VerifyTextPresentKeyword.groovy:83)
	at com.kms.katalon.core.webui.keyword.builtin.VerifyTextPresentKeyword.execute(VerifyTextPresentKeyword.groovy:68)
	at com.kms.katalon.core.keyword.internal.KeywordExecutor.executeKeywordForPlatform(KeywordExecutor.groovy:72)
	at com.kms.katalon.core.webui.keyword.WebUiBuiltInKeywords.verifyTextPresent(WebUiBuiltInKeywords.groovy:1719)
	at com.kms.katalon.core.webui.keyword.WebUiBuiltInKeywords$verifyTextPresent$2.call(Unknown Source)
	at Trade_App_Settings.run(Trade_App_Settings:64)
	at com.kms.katalon.core.main.ScriptEngine.run(ScriptEngine.java:194)
	at com.kms.katalon.core.main.ScriptEngine.runScriptAsRawText(ScriptEngine.java:119)
	at com.kms.katalon.core.main.TestCaseExecutor.runScript(TestCaseExecutor.java:337)
	at com.kms.katalon.core.main.TestCaseExecutor.doExecute(TestCaseExecutor.java:328)
	at com.kms.katalon.core.main.TestCaseExecutor.processExecutionPhase(TestCaseExecutor.java:307)
	at com.kms.katalon.core.main.TestCaseExecutor.accessMainPhase(TestCaseExecutor.java:299)
	at com.kms.katalon.core.main.TestCaseExecutor.execute(TestCaseExecutor.java:233)
	at com.kms.katalon.core.main.TestCaseMain.runTestCase(TestCaseMain.java:114)
	at com.kms.katalon.core.keyword.builtin.CallTestCaseKeyword$_callTestCase_closure1.doCall(CallTestCaseKeyword.groovy:59)
	... 20 more
Caused by: com.kms.katalon.core.exception.StepFailedException: Text 'Start date range' is not present on page 
	... 39 more
)

2020-04-21 11:39:38 - [TEST_STEP][PASSED] - "--------------------------": null

2020-04-21 11:39:38 - [TEST_STEP][PASSED] - " Teardown - CLose Browser |": null

2020-04-21 11:39:38 - [TEST_STEP][PASSED] - callTestCase(findTestCase("Reusable_Test_Sequences/CAT_Teardown"), [:], OPTIONAL): Call Test Case 'Test Cases/Reusable_Test_Sequences/CAT_Teardown' successfully

2020-04-21 11:39:38 - [TEST_CASE][PASSED] - Test Cases/Reusable_Test_Sequences/CAT_Teardown: Test Cases/Reusable_Test_Sequences/CAT_Teardown

2020-04-21 11:39:38 - [TEST_STEP][PASSED] - closeBrowser(): Browser is closed

2020-04-21 11:39:39 - [MESSAGE][PASSED] - Browser is closed

2020-04-21 11:39:39 - [TEST_STEP][PASSED] - super.finalize(): null

2020-04-21 11:39:39 - [TEST_STEP][PASSED] - System.gc(): null

2020-04-21 11:39:39 - [MESSAGE][PASSED] - Call Test Case 'Test Cases/Reusable_Test_Sequences/CAT_Teardown' successfully]]></system-out>
         <system-err><![CDATA[]]></system-err>
      </testcase>
      <testcase name="Test Cases/Web_Office/Settings/Checkatrade_Com/Company_Heroes" time="23.582" classname="Test Cases/Web_Office/Settings/Checkatrade_Com/Company_Heroes" status="PASSED">
         <system-out><![CDATA[2020-04-21 11:39:39 - [TEST_CASE][PASSED] - Test Cases/Web_Office/Settings/Checkatrade_Com/Company_Heroes: Test Cases/Web_Office/Settings/Checkatrade_Com/Company_Heroes

2020-04-21 11:39:40 - [TEST_STEP][PASSED] - "--------------------------------------": null

2020-04-21 11:39:40 - [TEST_STEP][PASSED] - " Web Office StartUp                  |": null

2020-04-21 11:39:40 - [TEST_STEP][PASSED] - callTestCase(findTestCase("Reusable_Test_Sequences/Web_Office/Directives/WebOffice_StartUp"), [:], STOP_ON_FAILURE): Call Test Case 'Test Cases/Reusable_Test_Sequences/Web_Office/Directives/WebOffice_StartUp' successfully

2020-04-21 11:39:40 - [TEST_CASE][PASSED] - Test Cases/Reusable_Test_Sequences/Web_Office/Directives/WebOffice_StartUp: Test Cases/Reusable_Test_Sequences/Web_Office/Directives/WebOffice_StartUp

2020-04-21 11:39:40 - [TEST_STEP][PASSED] - "-----------------------------------------------------------------------------": null

2020-04-21 11:39:40 - [TEST_STEP][PASSED] - if (URL == "https://www.dev.checkatrade.com/"): null

2020-04-21 11:39:40 - [TEST_STEP][PASSED] - "-----------------------------------------------------------------------------": null

2020-04-21 11:39:40 - [TEST_STEP][PASSED] - if (URL == "https://www.checkatrade.com/"): null

2020-04-21 11:39:40 - [TEST_STEP][PASSED] - "-----------------------------------------------------------------------------": null

2020-04-21 11:39:40 - [TEST_STEP][PASSED] - if (URL == "https://www.preview.checkatrade.com/"): null

2020-04-21 11:39:40 - [TEST_STEP][PASSED] - WebOfficeURL = "https://admin.preview.checkatrade.com/": null

2020-04-21 11:39:40 - [TEST_STEP][PASSED] - if (URL == "https://www.dev2.checkatrade.com/"): null

2020-04-21 11:39:40 - [TEST_STEP][PASSED] - "Set Function Area for "URL_Handler", URL Resolution": null

2020-04-21 11:39:40 - [TEST_STEP][PASSED] - "Do Some Magic with URL(s) See the comments within URL Handler ": null

2020-04-21 11:39:40 - [TEST_STEP][PASSED] - "------------------------------------------------": null

2020-04-21 11:39:40 - [TEST_STEP][PASSED] - "Moved Login Credentials to <Default> profile 22/01/2020": null

2020-04-21 11:39:40 - [TEST_STEP][PASSED] - "------------------------------------------------": null

2020-04-21 11:39:40 - [TEST_STEP][PASSED] - "WebOfficeURL - Set from the ENVIRONMENT PROFILE ": null

2020-04-21 11:39:40 - [TEST_STEP][PASSED] - "OPEN BROWSER": null

2020-04-21 11:39:40 - [TEST_STEP][PASSED] - "eg - https://admin.preview.checkatrade.com/  ": null

2020-04-21 11:39:40 - [TEST_STEP][PASSED] - openBrowser(WebOfficeURL): Browser is opened with url: 'https://admin.preview.checkatrade.com/'

2020-04-21 11:39:40 - [MESSAGE][INFO] - Starting 'Chrome' driver

2020-04-21 11:39:40 - [MESSAGE][INFO] - Action delay is set to 0 milliseconds

2020-04-21 11:39:45 - [MESSAGE][PASSED] - Browser is opened with url: 'https://admin.preview.checkatrade.com/'

2020-04-21 11:39:45 - [TEST_STEP][PASSED] - maximizeWindow(): Current window maximized

2020-04-21 11:39:48 - [MESSAGE][PASSED] - Current window maximized

2020-04-21 11:39:48 - [TEST_STEP][PASSED] - waitForElementClickable(findTestObject("Object Repository/WebOffice/Page_Checkatrade - Administration - Login/Login_Button"), 25): Object 'Object Repository/WebOffice/Page_Checkatrade - Administration - Login/Login_Button' is clickable

2020-04-21 11:39:48 - [MESSAGE][PASSED] - Object 'Object Repository/WebOffice/Page_Checkatrade - Administration - Login/Login_Button' is clickable

2020-04-21 11:39:48 - [TEST_STEP][PASSED] - verifyTextPresent("Checkatrade Web Office", false): Text 'Checkatrade Web Office' is present on page 

2020-04-21 11:39:48 - [MESSAGE][PASSED] - Text 'Checkatrade Web Office' is present on page 

2020-04-21 11:39:48 - [TEST_STEP][PASSED] - verifyTextPresent("Access for staff use only", false): Text 'Access for staff use only' is present on page 

2020-04-21 11:39:48 - [MESSAGE][PASSED] - Text 'Access for staff use only' is present on page 

2020-04-21 11:39:48 - [TEST_STEP][PASSED] - verifyTextPresent("Forgotten password?", false): Text 'Forgotten password?' is present on page 

2020-04-21 11:39:48 - [MESSAGE][PASSED] - Text 'Forgotten password?' is present on page 

2020-04-21 11:39:48 - [TEST_STEP][PASSED] - setText(findTestObject("Object Repository/WebOffice/Page_Checkatrade - Administration - Login/input_Username_LoginControlUserName"), wo_Username): Text 'DavidHo' is set on object 'Object Repository/WebOffice/Page_Checkatrade - Administration - Login/input_Username_LoginControlUserName'

2020-04-21 11:39:49 - [MESSAGE][PASSED] - Text 'DavidHo' is set on object 'Object Repository/WebOffice/Page_Checkatrade - Administration - Login/input_Username_LoginControlUserName'

2020-04-21 11:39:49 - [TEST_STEP][PASSED] - setText(findTestObject("Object Repository/WebOffice/Page_Checkatrade - Administration - Login/input_Password_LoginControlPassword"), wo_Password): Text 'Check123' is set on object 'Object Repository/WebOffice/Page_Checkatrade - Administration - Login/input_Password_LoginControlPassword'

2020-04-21 11:39:49 - [MESSAGE][PASSED] - Text 'Check123' is set on object 'Object Repository/WebOffice/Page_Checkatrade - Administration - Login/input_Password_LoginControlPassword'

2020-04-21 11:39:49 - [TEST_STEP][PASSED] - click(findTestObject("Object Repository/WebOffice/Page_Checkatrade - Administration - Login/Login_Button")): Object: 'Object Repository/WebOffice/Page_Checkatrade - Administration - Login/Login_Button' is clicked on

2020-04-21 11:39:50 - [MESSAGE][PASSED] - Object: 'Object Repository/WebOffice/Page_Checkatrade - Administration - Login/Login_Button' is clicked on

2020-04-21 11:39:50 - [TEST_STEP][PASSED] - waitForPageLoad(60): Wait for page load successfully

2020-04-21 11:39:50 - [MESSAGE][PASSED] - Wait for page load successfully

2020-04-21 11:39:50 - [TEST_STEP][PASSED] - verifyTextPresent("Welcome " + wo_Username, false): Text 'Welcome DavidHo' is present on page 

2020-04-21 11:39:51 - [MESSAGE][PASSED] - Text 'Welcome DavidHo' is present on page 

2020-04-21 11:39:51 - [MESSAGE][PASSED] - Call Test Case 'Test Cases/Reusable_Test_Sequences/Web_Office/Directives/WebOffice_StartUp' successfully

2020-04-21 11:39:51 - [TEST_STEP][PASSED] - "-----------------------------------------------------------------": null

2020-04-21 11:39:51 - [TEST_STEP][PASSED] - " Navigate to <Settings->Checkatrade.Com->Sub Item> Menu Item     |": null

2020-04-21 11:39:51 - [TEST_STEP][PASSED] - callTestCase(findTestCase("Reusable_Test_Sequences/Web_Office/Navigation/Sub_Menu_Navigation/Settings/Checkatrade_Com/Company_Heroes"), [:], STOP_ON_FAILURE): Call Test Case 'Test Cases/Reusable_Test_Sequences/Web_Office/Navigation/Sub_Menu_Navigation/Settings/Checkatrade_Com/Company_Heroes' successfully

2020-04-21 11:39:51 - [TEST_CASE][PASSED] - Test Cases/Reusable_Test_Sequences/Web_Office/Navigation/Sub_Menu_Navigation/Settings/Checkatrade_Com/Company_Heroes: Test Cases/Reusable_Test_Sequences/Web_Office/Navigation/Sub_Menu_Navigation/Settings/Checkatrade_Com/Company_Heroes

2020-04-21 11:39:51 - [TEST_STEP][PASSED] - "--------------------------------------": null

2020-04-21 11:39:51 - [TEST_STEP][PASSED] - " Navigate Top level menu Item         |": null

2020-04-21 11:39:51 - [TEST_STEP][PASSED] - waitForPageLoad(60): Wait for page load successfully

2020-04-21 11:39:51 - [MESSAGE][PASSED] - Wait for page load successfully

2020-04-21 11:39:51 - [TEST_STEP][PASSED] - waitForElementClickable(findTestObject("Object Repository/WebOffice_Home_page/a_Settings"), 60): Object 'Object Repository/WebOffice_Home_page/a_Settings' is clickable

2020-04-21 11:39:51 - [MESSAGE][PASSED] - Object 'Object Repository/WebOffice_Home_page/a_Settings' is clickable

2020-04-21 11:39:51 - [TEST_STEP][PASSED] - mouseOver(findTestObject("Object Repository/WebOffice_Home_page/a_Settings")): Object: 'Object Repository/WebOffice_Home_page/a_Settings' is hovered

2020-04-21 11:39:52 - [MESSAGE][PASSED] - Object: 'Object Repository/WebOffice_Home_page/a_Settings' is hovered

2020-04-21 11:39:52 - [TEST_STEP][PASSED] - mouseOver(findTestObject("Object Repository/WebOffice_Home_page/a_wwwcheckatradecom")): Object: 'Object Repository/WebOffice_Home_page/a_wwwcheckatradecom' is hovered

2020-04-21 11:39:52 - [MESSAGE][PASSED] - Object: 'Object Repository/WebOffice_Home_page/a_wwwcheckatradecom' is hovered

2020-04-21 11:39:52 - [TEST_STEP][PASSED] - waitForElementClickable(findTestObject("Object Repository/WebOffice_Home_page/a_Company Heroes"), 1): Object 'Object Repository/WebOffice_Home_page/a_Company Heroes' is clickable

2020-04-21 11:39:52 - [MESSAGE][PASSED] - Object 'Object Repository/WebOffice_Home_page/a_Company Heroes' is clickable

2020-04-21 11:39:52 - [TEST_STEP][PASSED] - click(findTestObject("Object Repository/WebOffice_Home_page/a_Company Heroes")): Object: 'Object Repository/WebOffice_Home_page/a_Company Heroes' is clicked on

2020-04-21 11:39:53 - [MESSAGE][PASSED] - Object: 'Object Repository/WebOffice_Home_page/a_Company Heroes' is clicked on

2020-04-21 11:39:53 - [MESSAGE][PASSED] - Call Test Case 'Test Cases/Reusable_Test_Sequences/Web_Office/Navigation/Sub_Menu_Navigation/Settings/Checkatrade_Com/Company_Heroes' successfully

2020-04-21 11:39:53 - [TEST_STEP][PASSED] - "--------------------------------------": null

2020-04-21 11:39:53 - [TEST_STEP][PASSED] - " Verify Returned Page Detail          |": null

2020-04-21 11:39:53 - [TEST_STEP][PASSED] - callTestCase(findTestCase("Reusable_Test_Sequences/Web_Office/Verification/Settings/Checkatrade_Com/Company_Heroes"), [:], OPTIONAL): Call Test Case 'Test Cases/Reusable_Test_Sequences/Web_Office/Verification/Settings/Checkatrade_Com/Company_Heroes' successfully

2020-04-21 11:39:53 - [TEST_CASE][PASSED] - Test Cases/Reusable_Test_Sequences/Web_Office/Verification/Settings/Checkatrade_Com/Company_Heroes: Test Cases/Reusable_Test_Sequences/Web_Office/Verification/Settings/Checkatrade_Com/Company_Heroes

2020-04-21 11:39:54 - [TEST_STEP][PASSED] - waitForPageLoad(60): Wait for page load successfully

2020-04-21 11:39:54 - [MESSAGE][PASSED] - Wait for page load successfully

2020-04-21 11:39:54 - [TEST_STEP][PASSED] - delay(1): Delayed 1 second(s)

2020-04-21 11:39:55 - [MESSAGE][PASSED] - Delayed 1 second(s)

2020-04-21 11:39:55 - [TEST_STEP][PASSED] - verifyTextPresent("Company Heroes", false): Text 'Company Heroes' is present on page 

2020-04-21 11:39:56 - [MESSAGE][PASSED] - Text 'Company Heroes' is present on page 

2020-04-21 11:39:56 - [TEST_STEP][PASSED] - "----------------------------------------------": null

2020-04-21 11:39:56 - [TEST_STEP][PASSED] - verifyTextPresent("Add New Company Hero", false): Text 'Add New Company Hero' is present on page 

2020-04-21 11:39:56 - [MESSAGE][PASSED] - Text 'Add New Company Hero' is present on page 

2020-04-21 11:39:56 - [TEST_STEP][PASSED] - verifyTextPresent("Company ID (TTR)", false): Text 'Company ID (TTR)' is present on page 

2020-04-21 11:39:56 - [MESSAGE][PASSED] - Text 'Company ID (TTR)' is present on page 

2020-04-21 11:39:56 - [TEST_STEP][PASSED] - verifyTextPresent("Trader Name", false): Text 'Trader Name' is present on page 

2020-04-21 11:39:57 - [MESSAGE][PASSED] - Text 'Trader Name' is present on page 

2020-04-21 11:39:57 - [TEST_STEP][PASSED] - verifyTextPresent("Hero Image", false): Text 'Hero Image' is present on page 

2020-04-21 11:39:58 - [MESSAGE][PASSED] - Text 'Hero Image' is present on page 

2020-04-21 11:39:58 - [TEST_STEP][PASSED] - verifyTextPresent("Note: Image height must be exactly 373px. PNG format only.", false): Text 'Note: Image height must be exactly 373px. PNG format only.' is present on page 

2020-04-21 11:39:59 - [MESSAGE][PASSED] - Text 'Note: Image height must be exactly 373px. PNG format only.' is present on page 

2020-04-21 11:39:59 - [TEST_STEP][PASSED] - "----------------------------------------------": null

2020-04-21 11:39:59 - [TEST_STEP][PASSED] - "----------------------------------------------": null

2020-04-21 11:39:59 - [TEST_STEP][PASSED] - "----------------------------------------------": null

2020-04-21 11:39:59 - [TEST_STEP][PASSED] - verifyTextPresent("Company Heroes", false): Text 'Company Heroes' is present on page 

2020-04-21 11:39:59 - [MESSAGE][PASSED] - Text 'Company Heroes' is present on page 

2020-04-21 11:39:59 - [TEST_STEP][PASSED] - verifyTextPresent("Edit", false): Text 'Edit' is present on page 

2020-04-21 11:40:00 - [MESSAGE][PASSED] - Text 'Edit' is present on page 

2020-04-21 11:40:00 - [TEST_STEP][PASSED] - verifyTextPresent("TTRId", false): Text 'TTRId' is present on page 

2020-04-21 11:40:00 - [MESSAGE][PASSED] - Text 'TTRId' is present on page 

2020-04-21 11:40:00 - [TEST_STEP][PASSED] - verifyTextPresent("Company", false): Text 'Company' is present on page 

2020-04-21 11:40:00 - [MESSAGE][PASSED] - Text 'Company' is present on page 

2020-04-21 11:40:00 - [TEST_STEP][PASSED] - verifyTextPresent("Trader Name", false): Text 'Trader Name' is present on page 

2020-04-21 11:40:01 - [MESSAGE][PASSED] - Text 'Trader Name' is present on page 

2020-04-21 11:40:01 - [TEST_STEP][PASSED] - verifyTextPresent("Status", false): Text 'Status' is present on page 

2020-04-21 11:40:01 - [MESSAGE][PASSED] - Text 'Status' is present on page 

2020-04-21 11:40:01 - [TEST_STEP][PASSED] - verifyTextPresent("Pick", false): Text 'Pick' is present on page 

2020-04-21 11:40:02 - [MESSAGE][PASSED] - Text 'Pick' is present on page 

2020-04-21 11:40:02 - [MESSAGE][PASSED] - Call Test Case 'Test Cases/Reusable_Test_Sequences/Web_Office/Verification/Settings/Checkatrade_Com/Company_Heroes' successfully

2020-04-21 11:40:02 - [TEST_STEP][PASSED] - "--------------------------": null

2020-04-21 11:40:02 - [TEST_STEP][PASSED] - " Teardown - CLose Browser |": null

2020-04-21 11:40:02 - [TEST_STEP][PASSED] - callTestCase(findTestCase("Reusable_Test_Sequences/CAT_Teardown"), [:], OPTIONAL): Call Test Case 'Test Cases/Reusable_Test_Sequences/CAT_Teardown' successfully

2020-04-21 11:40:02 - [TEST_CASE][PASSED] - Test Cases/Reusable_Test_Sequences/CAT_Teardown: Test Cases/Reusable_Test_Sequences/CAT_Teardown

2020-04-21 11:40:02 - [TEST_STEP][PASSED] - closeBrowser(): Browser is closed

2020-04-21 11:40:03 - [MESSAGE][PASSED] - Browser is closed

2020-04-21 11:40:03 - [TEST_STEP][PASSED] - super.finalize(): null

2020-04-21 11:40:03 - [TEST_STEP][PASSED] - System.gc(): null

2020-04-21 11:40:03 - [MESSAGE][PASSED] - Call Test Case 'Test Cases/Reusable_Test_Sequences/CAT_Teardown' successfully]]></system-out>
         <system-err><![CDATA[]]></system-err>
      </testcase>
      <testcase name="Test Cases/Web_Office/Settings/Checkatrade_Com/Feedback_Searching_Capabilities" time="33.902" classname="Test Cases/Web_Office/Settings/Checkatrade_Com/Feedback_Searching_Capabilities" status="PASSED">
         <system-out><![CDATA[2020-04-21 11:40:03 - [TEST_CASE][PASSED] - Test Cases/Web_Office/Settings/Checkatrade_Com/Feedback_Searching_Capabilities: Test Cases/Web_Office/Settings/Checkatrade_Com/Feedback_Searching_Capabilities

2020-04-21 11:40:03 - [TEST_STEP][PASSED] - "--------------------------------------": null

2020-04-21 11:40:03 - [TEST_STEP][PASSED] - " Web Office StartUp                  |": null

2020-04-21 11:40:03 - [TEST_STEP][PASSED] - callTestCase(findTestCase("Reusable_Test_Sequences/Web_Office/Directives/WebOffice_StartUp"), [:], STOP_ON_FAILURE): Call Test Case 'Test Cases/Reusable_Test_Sequences/Web_Office/Directives/WebOffice_StartUp' successfully

2020-04-21 11:40:03 - [TEST_CASE][PASSED] - Test Cases/Reusable_Test_Sequences/Web_Office/Directives/WebOffice_StartUp: Test Cases/Reusable_Test_Sequences/Web_Office/Directives/WebOffice_StartUp

2020-04-21 11:40:03 - [TEST_STEP][PASSED] - "-----------------------------------------------------------------------------": null

2020-04-21 11:40:03 - [TEST_STEP][PASSED] - if (URL == "https://www.dev.checkatrade.com/"): null

2020-04-21 11:40:03 - [TEST_STEP][PASSED] - "-----------------------------------------------------------------------------": null

2020-04-21 11:40:03 - [TEST_STEP][PASSED] - if (URL == "https://www.checkatrade.com/"): null

2020-04-21 11:40:03 - [TEST_STEP][PASSED] - "-----------------------------------------------------------------------------": null

2020-04-21 11:40:03 - [TEST_STEP][PASSED] - if (URL == "https://www.preview.checkatrade.com/"): null

2020-04-21 11:40:03 - [TEST_STEP][PASSED] - WebOfficeURL = "https://admin.preview.checkatrade.com/": null

2020-04-21 11:40:03 - [TEST_STEP][PASSED] - if (URL == "https://www.dev2.checkatrade.com/"): null

2020-04-21 11:40:03 - [TEST_STEP][PASSED] - "Set Function Area for "URL_Handler", URL Resolution": null

2020-04-21 11:40:03 - [TEST_STEP][PASSED] - "Do Some Magic with URL(s) See the comments within URL Handler ": null

2020-04-21 11:40:03 - [TEST_STEP][PASSED] - "------------------------------------------------": null

2020-04-21 11:40:03 - [TEST_STEP][PASSED] - "Moved Login Credentials to <Default> profile 22/01/2020": null

2020-04-21 11:40:03 - [TEST_STEP][PASSED] - "------------------------------------------------": null

2020-04-21 11:40:03 - [TEST_STEP][PASSED] - "WebOfficeURL - Set from the ENVIRONMENT PROFILE ": null

2020-04-21 11:40:03 - [TEST_STEP][PASSED] - "OPEN BROWSER": null

2020-04-21 11:40:03 - [TEST_STEP][PASSED] - "eg - https://admin.preview.checkatrade.com/  ": null

2020-04-21 11:40:03 - [TEST_STEP][PASSED] - openBrowser(WebOfficeURL): Browser is opened with url: 'https://admin.preview.checkatrade.com/'

2020-04-21 11:40:04 - [MESSAGE][INFO] - Starting 'Chrome' driver

2020-04-21 11:40:04 - [MESSAGE][INFO] - Action delay is set to 0 milliseconds

2020-04-21 11:40:09 - [MESSAGE][PASSED] - Browser is opened with url: 'https://admin.preview.checkatrade.com/'

2020-04-21 11:40:09 - [TEST_STEP][PASSED] - maximizeWindow(): Current window maximized

2020-04-21 11:40:11 - [MESSAGE][PASSED] - Current window maximized

2020-04-21 11:40:11 - [TEST_STEP][PASSED] - waitForElementClickable(findTestObject("Object Repository/WebOffice/Page_Checkatrade - Administration - Login/Login_Button"), 25): Object 'Object Repository/WebOffice/Page_Checkatrade - Administration - Login/Login_Button' is clickable

2020-04-21 11:40:11 - [MESSAGE][PASSED] - Object 'Object Repository/WebOffice/Page_Checkatrade - Administration - Login/Login_Button' is clickable

2020-04-21 11:40:11 - [TEST_STEP][PASSED] - verifyTextPresent("Checkatrade Web Office", false): Text 'Checkatrade Web Office' is present on page 

2020-04-21 11:40:11 - [MESSAGE][PASSED] - Text 'Checkatrade Web Office' is present on page 

2020-04-21 11:40:11 - [TEST_STEP][PASSED] - verifyTextPresent("Access for staff use only", false): Text 'Access for staff use only' is present on page 

2020-04-21 11:40:11 - [MESSAGE][PASSED] - Text 'Access for staff use only' is present on page 

2020-04-21 11:40:11 - [TEST_STEP][PASSED] - verifyTextPresent("Forgotten password?", false): Text 'Forgotten password?' is present on page 

2020-04-21 11:40:12 - [MESSAGE][PASSED] - Text 'Forgotten password?' is present on page 

2020-04-21 11:40:12 - [TEST_STEP][PASSED] - setText(findTestObject("Object Repository/WebOffice/Page_Checkatrade - Administration - Login/input_Username_LoginControlUserName"), wo_Username): Text 'DavidHo' is set on object 'Object Repository/WebOffice/Page_Checkatrade - Administration - Login/input_Username_LoginControlUserName'

2020-04-21 11:40:12 - [MESSAGE][PASSED] - Text 'DavidHo' is set on object 'Object Repository/WebOffice/Page_Checkatrade - Administration - Login/input_Username_LoginControlUserName'

2020-04-21 11:40:12 - [TEST_STEP][PASSED] - setText(findTestObject("Object Repository/WebOffice/Page_Checkatrade - Administration - Login/input_Password_LoginControlPassword"), wo_Password): Text 'Check123' is set on object 'Object Repository/WebOffice/Page_Checkatrade - Administration - Login/input_Password_LoginControlPassword'

2020-04-21 11:40:12 - [MESSAGE][PASSED] - Text 'Check123' is set on object 'Object Repository/WebOffice/Page_Checkatrade - Administration - Login/input_Password_LoginControlPassword'

2020-04-21 11:40:12 - [TEST_STEP][PASSED] - click(findTestObject("Object Repository/WebOffice/Page_Checkatrade - Administration - Login/Login_Button")): Object: 'Object Repository/WebOffice/Page_Checkatrade - Administration - Login/Login_Button' is clicked on

2020-04-21 11:40:15 - [MESSAGE][PASSED] - Object: 'Object Repository/WebOffice/Page_Checkatrade - Administration - Login/Login_Button' is clicked on

2020-04-21 11:40:15 - [TEST_STEP][PASSED] - waitForPageLoad(60): Wait for page load successfully

2020-04-21 11:40:15 - [MESSAGE][PASSED] - Wait for page load successfully

2020-04-21 11:40:15 - [TEST_STEP][PASSED] - verifyTextPresent("Welcome " + wo_Username, false): Text 'Welcome DavidHo' is present on page 

2020-04-21 11:40:16 - [MESSAGE][PASSED] - Text 'Welcome DavidHo' is present on page 

2020-04-21 11:40:16 - [MESSAGE][PASSED] - Call Test Case 'Test Cases/Reusable_Test_Sequences/Web_Office/Directives/WebOffice_StartUp' successfully

2020-04-21 11:40:16 - [TEST_STEP][PASSED] - "-----------------------------------------------------------------": null

2020-04-21 11:40:16 - [TEST_STEP][PASSED] - " Navigate to <Settings->Checkatrade.Com->Sub Item> Menu Item     |": null

2020-04-21 11:40:16 - [TEST_STEP][PASSED] - callTestCase(findTestCase("Reusable_Test_Sequences/Web_Office/Navigation/Sub_Menu_Navigation/Settings/Checkatrade_Com/Feedback_Searching_Capabilities"), [:], STOP_ON_FAILURE): Call Test Case 'Test Cases/Reusable_Test_Sequences/Web_Office/Navigation/Sub_Menu_Navigation/Settings/Checkatrade_Com/Feedback_Searching_Capabilities' successfully

2020-04-21 11:40:16 - [TEST_CASE][PASSED] - Test Cases/Reusable_Test_Sequences/Web_Office/Navigation/Sub_Menu_Navigation/Settings/Checkatrade_Com/Feedback_Searching_Capabilities: Test Cases/Reusable_Test_Sequences/Web_Office/Navigation/Sub_Menu_Navigation/Settings/Checkatrade_Com/Feedback_Searching_Capabilities

2020-04-21 11:40:16 - [TEST_STEP][PASSED] - "--------------------------------------": null

2020-04-21 11:40:16 - [TEST_STEP][PASSED] - " Navigate Top level menu Item         |": null

2020-04-21 11:40:16 - [TEST_STEP][PASSED] - waitForPageLoad(60): Wait for page load successfully

2020-04-21 11:40:16 - [MESSAGE][PASSED] - Wait for page load successfully

2020-04-21 11:40:16 - [TEST_STEP][PASSED] - waitForElementClickable(findTestObject("Object Repository/WebOffice_Home_page/a_Settings"), 60): Object 'Object Repository/WebOffice_Home_page/a_Settings' is clickable

2020-04-21 11:40:16 - [MESSAGE][PASSED] - Object 'Object Repository/WebOffice_Home_page/a_Settings' is clickable

2020-04-21 11:40:16 - [TEST_STEP][PASSED] - mouseOver(findTestObject("Object Repository/WebOffice_Home_page/a_Settings")): Object: 'Object Repository/WebOffice_Home_page/a_Settings' is hovered

2020-04-21 11:40:17 - [MESSAGE][PASSED] - Object: 'Object Repository/WebOffice_Home_page/a_Settings' is hovered

2020-04-21 11:40:17 - [TEST_STEP][PASSED] - mouseOver(findTestObject("Object Repository/WebOffice_Home_page/a_wwwcheckatradecom")): Object: 'Object Repository/WebOffice_Home_page/a_wwwcheckatradecom' is hovered

2020-04-21 11:40:17 - [MESSAGE][PASSED] - Object: 'Object Repository/WebOffice_Home_page/a_wwwcheckatradecom' is hovered

2020-04-21 11:40:17 - [TEST_STEP][PASSED] - waitForElementClickable(findTestObject("Object Repository/WebOffice_Home_page/a_Feedback Caps for Searching"), 1): Object 'Object Repository/WebOffice_Home_page/a_Feedback Caps for Searching' is clickable

2020-04-21 11:40:17 - [MESSAGE][PASSED] - Object 'Object Repository/WebOffice_Home_page/a_Feedback Caps for Searching' is clickable

2020-04-21 11:40:17 - [TEST_STEP][PASSED] - click(findTestObject("Object Repository/WebOffice_Home_page/a_Feedback Caps for Searching")): Object: 'Object Repository/WebOffice_Home_page/a_Feedback Caps for Searching' is clicked on

2020-04-21 11:40:18 - [MESSAGE][PASSED] - Object: 'Object Repository/WebOffice_Home_page/a_Feedback Caps for Searching' is clicked on

2020-04-21 11:40:18 - [MESSAGE][PASSED] - Call Test Case 'Test Cases/Reusable_Test_Sequences/Web_Office/Navigation/Sub_Menu_Navigation/Settings/Checkatrade_Com/Feedback_Searching_Capabilities' successfully

2020-04-21 11:40:18 - [TEST_STEP][PASSED] - "--------------------------------------": null

2020-04-21 11:40:18 - [TEST_STEP][PASSED] - " Verify Returned Page Detail          |": null

2020-04-21 11:40:18 - [TEST_STEP][PASSED] - callTestCase(findTestCase("Reusable_Test_Sequences/Web_Office/Verification/Settings/Checkatrade_Com/Feedback_Searching_Capabilities"), [:], OPTIONAL): Call Test Case 'Test Cases/Reusable_Test_Sequences/Web_Office/Verification/Settings/Checkatrade_Com/Feedback_Searching_Capabilities' successfully

2020-04-21 11:40:18 - [TEST_CASE][PASSED] - Test Cases/Reusable_Test_Sequences/Web_Office/Verification/Settings/Checkatrade_Com/Feedback_Searching_Capabilities: Test Cases/Reusable_Test_Sequences/Web_Office/Verification/Settings/Checkatrade_Com/Feedback_Searching_Capabilities

2020-04-21 11:40:19 - [TEST_STEP][PASSED] - waitForPageLoad(60): Wait for page load successfully

2020-04-21 11:40:19 - [MESSAGE][PASSED] - Wait for page load successfully

2020-04-21 11:40:19 - [TEST_STEP][PASSED] - delay(1): Delayed 1 second(s)

2020-04-21 11:40:20 - [MESSAGE][PASSED] - Delayed 1 second(s)

2020-04-21 11:40:20 - [TEST_STEP][PASSED] - verifyTextPresent("Website Search Feedback Caps per Category", false): Text 'Website Search Feedback Caps per Category' is present on page 

2020-04-21 11:40:21 - [MESSAGE][PASSED] - Text 'Website Search Feedback Caps per Category' is present on page 

2020-04-21 11:40:21 - [TEST_STEP][PASSED] - "----------------------------------------------": null

2020-04-21 11:40:21 - [TEST_STEP][PASSED] - verifyTextPresent("Add new category feedback cap", false): Text 'Add new category feedback cap' is present on page 

2020-04-21 11:40:22 - [MESSAGE][PASSED] - Text 'Add new category feedback cap' is present on page 

2020-04-21 11:40:22 - [TEST_STEP][PASSED] - verifyTextPresent("Feedback cap", false): Text 'Feedback cap' is present on page 

2020-04-21 11:40:23 - [MESSAGE][PASSED] - Text 'Feedback cap' is present on page 

2020-04-21 11:40:23 - [TEST_STEP][PASSED] - verifyTextPresent("All TV Regions", false): Text 'All TV Regions' is present on page 

2020-04-21 11:40:24 - [MESSAGE][PASSED] - Text 'All TV Regions' is present on page 

2020-04-21 11:40:24 - [TEST_STEP][PASSED] - verifyTextPresent("Valid for new members from", false): Text 'Valid for new members from' is present on page 

2020-04-21 11:40:25 - [MESSAGE][PASSED] - Text 'Valid for new members from' is present on page 

2020-04-21 11:40:25 - [TEST_STEP][PASSED] - verifyTextPresent("Cap effective from", false): Text 'Cap effective from' is present on page 

2020-04-21 11:40:26 - [MESSAGE][PASSED] - Text 'Cap effective from' is present on page 

2020-04-21 11:40:26 - [TEST_STEP][PASSED] - "----------------------------------------------": null

2020-04-21 11:40:26 - [TEST_STEP][PASSED] - verifyTextPresent("TV REGION", false): Text 'TV REGION' is present on page 

2020-04-21 11:40:27 - [MESSAGE][PASSED] - Text 'TV REGION' is present on page 

2020-04-21 11:40:27 - [TEST_STEP][PASSED] - verifyTextPresent("MEMBERS JOINING AFTER", false): Text 'MEMBERS JOINING AFTER' is present on page 

2020-04-21 11:40:27 - [MESSAGE][PASSED] - Text 'MEMBERS JOINING AFTER' is present on page 

2020-04-21 11:40:27 - [TEST_STEP][PASSED] - verifyTextPresent("CAP EFFECTIVE FROM", false): Text 'CAP EFFECTIVE FROM' is present on page 

2020-04-21 11:40:28 - [MESSAGE][PASSED] - Text 'CAP EFFECTIVE FROM' is present on page 

2020-04-21 11:40:28 - [TEST_STEP][PASSED] - verifyTextPresent("MODIFIED BY", false): Text 'MODIFIED BY' is present on page 

2020-04-21 11:40:30 - [MESSAGE][PASSED] - Text 'MODIFIED BY' is present on page 

2020-04-21 11:40:30 - [TEST_STEP][PASSED] - verifyTextPresent("MODIFIED ON", false): Text 'MODIFIED ON' is present on page 

2020-04-21 11:40:32 - [MESSAGE][PASSED] - Text 'MODIFIED ON' is present on page 

2020-04-21 11:40:32 - [TEST_STEP][PASSED] - "----------------------------------------------": null

2020-04-21 11:40:32 - [TEST_STEP][PASSED] - verifyTextPresent("ASBESTOS SERVICES", false): Text 'ASBESTOS SERVICES' is present on page 

2020-04-21 11:40:33 - [MESSAGE][PASSED] - Text 'ASBESTOS SERVICES' is present on page 

2020-04-21 11:40:33 - [TEST_STEP][PASSED] - verifyTextPresent("BUILDING", false): Text 'BUILDING' is present on page 

2020-04-21 11:40:34 - [MESSAGE][PASSED] - Text 'BUILDING' is present on page 

2020-04-21 11:40:34 - [TEST_STEP][PASSED] - verifyTextPresent("CENTRAL HEATING - GAS SAFE", false): Text 'CENTRAL HEATING - GAS SAFE' is present on page 

2020-04-21 11:40:35 - [MESSAGE][PASSED] - Text 'CENTRAL HEATING - GAS SAFE' is present on page 

2020-04-21 11:40:35 - [MESSAGE][PASSED] - Call Test Case 'Test Cases/Reusable_Test_Sequences/Web_Office/Verification/Settings/Checkatrade_Com/Feedback_Searching_Capabilities' successfully

2020-04-21 11:40:35 - [TEST_STEP][PASSED] - "--------------------------": null

2020-04-21 11:40:35 - [TEST_STEP][PASSED] - " Teardown - CLose Browser |": null

2020-04-21 11:40:35 - [TEST_STEP][PASSED] - callTestCase(findTestCase("Reusable_Test_Sequences/CAT_Teardown"), [:], OPTIONAL): Call Test Case 'Test Cases/Reusable_Test_Sequences/CAT_Teardown' successfully

2020-04-21 11:40:35 - [TEST_CASE][PASSED] - Test Cases/Reusable_Test_Sequences/CAT_Teardown: Test Cases/Reusable_Test_Sequences/CAT_Teardown

2020-04-21 11:40:35 - [TEST_STEP][PASSED] - closeBrowser(): Browser is closed

2020-04-21 11:40:37 - [MESSAGE][PASSED] - Browser is closed

2020-04-21 11:40:37 - [TEST_STEP][PASSED] - super.finalize(): null

2020-04-21 11:40:37 - [TEST_STEP][PASSED] - System.gc(): null

2020-04-21 11:40:37 - [MESSAGE][PASSED] - Call Test Case 'Test Cases/Reusable_Test_Sequences/CAT_Teardown' successfully]]></system-out>
         <system-err><![CDATA[]]></system-err>
      </testcase>
      <testcase name="Test Cases/Web_Office/Settings/Members_Area/Members_Benefits" time="22.914" classname="Test Cases/Web_Office/Settings/Members_Area/Members_Benefits" status="PASSED">
         <system-out><![CDATA[2020-04-21 11:40:37 - [TEST_CASE][PASSED] - Test Cases/Web_Office/Settings/Members_Area/Members_Benefits: Test Cases/Web_Office/Settings/Members_Area/Members_Benefits

2020-04-21 11:40:37 - [TEST_STEP][PASSED] - "--------------------------------------": null

2020-04-21 11:40:37 - [TEST_STEP][PASSED] - " Web Office StartUp                  |": null

2020-04-21 11:40:37 - [TEST_STEP][PASSED] - callTestCase(findTestCase("Reusable_Test_Sequences/Web_Office/Directives/WebOffice_StartUp"), [:], STOP_ON_FAILURE): Call Test Case 'Test Cases/Reusable_Test_Sequences/Web_Office/Directives/WebOffice_StartUp' successfully

2020-04-21 11:40:37 - [TEST_CASE][PASSED] - Test Cases/Reusable_Test_Sequences/Web_Office/Directives/WebOffice_StartUp: Test Cases/Reusable_Test_Sequences/Web_Office/Directives/WebOffice_StartUp

2020-04-21 11:40:37 - [TEST_STEP][PASSED] - "-----------------------------------------------------------------------------": null

2020-04-21 11:40:37 - [TEST_STEP][PASSED] - if (URL == "https://www.dev.checkatrade.com/"): null

2020-04-21 11:40:37 - [TEST_STEP][PASSED] - "-----------------------------------------------------------------------------": null

2020-04-21 11:40:37 - [TEST_STEP][PASSED] - if (URL == "https://www.checkatrade.com/"): null

2020-04-21 11:40:37 - [TEST_STEP][PASSED] - "-----------------------------------------------------------------------------": null

2020-04-21 11:40:37 - [TEST_STEP][PASSED] - if (URL == "https://www.preview.checkatrade.com/"): null

2020-04-21 11:40:37 - [TEST_STEP][PASSED] - WebOfficeURL = "https://admin.preview.checkatrade.com/": null

2020-04-21 11:40:37 - [TEST_STEP][PASSED] - if (URL == "https://www.dev2.checkatrade.com/"): null

2020-04-21 11:40:37 - [TEST_STEP][PASSED] - "Set Function Area for "URL_Handler", URL Resolution": null

2020-04-21 11:40:37 - [TEST_STEP][PASSED] - "Do Some Magic with URL(s) See the comments within URL Handler ": null

2020-04-21 11:40:37 - [TEST_STEP][PASSED] - "------------------------------------------------": null

2020-04-21 11:40:37 - [TEST_STEP][PASSED] - "Moved Login Credentials to <Default> profile 22/01/2020": null

2020-04-21 11:40:37 - [TEST_STEP][PASSED] - "------------------------------------------------": null

2020-04-21 11:40:37 - [TEST_STEP][PASSED] - "WebOfficeURL - Set from the ENVIRONMENT PROFILE ": null

2020-04-21 11:40:37 - [TEST_STEP][PASSED] - "OPEN BROWSER": null

2020-04-21 11:40:37 - [TEST_STEP][PASSED] - "eg - https://admin.preview.checkatrade.com/  ": null

2020-04-21 11:40:37 - [TEST_STEP][PASSED] - openBrowser(WebOfficeURL): Browser is opened with url: 'https://admin.preview.checkatrade.com/'

2020-04-21 11:40:37 - [MESSAGE][INFO] - Starting 'Chrome' driver

2020-04-21 11:40:37 - [MESSAGE][INFO] - Action delay is set to 0 milliseconds

2020-04-21 11:40:43 - [MESSAGE][PASSED] - Browser is opened with url: 'https://admin.preview.checkatrade.com/'

2020-04-21 11:40:43 - [TEST_STEP][PASSED] - maximizeWindow(): Current window maximized

2020-04-21 11:40:45 - [MESSAGE][PASSED] - Current window maximized

2020-04-21 11:40:45 - [TEST_STEP][PASSED] - waitForElementClickable(findTestObject("Object Repository/WebOffice/Page_Checkatrade - Administration - Login/Login_Button"), 25): Object 'Object Repository/WebOffice/Page_Checkatrade - Administration - Login/Login_Button' is clickable

2020-04-21 11:40:45 - [MESSAGE][PASSED] - Object 'Object Repository/WebOffice/Page_Checkatrade - Administration - Login/Login_Button' is clickable

2020-04-21 11:40:45 - [TEST_STEP][PASSED] - verifyTextPresent("Checkatrade Web Office", false): Text 'Checkatrade Web Office' is present on page 

2020-04-21 11:40:46 - [MESSAGE][PASSED] - Text 'Checkatrade Web Office' is present on page 

2020-04-21 11:40:46 - [TEST_STEP][PASSED] - verifyTextPresent("Access for staff use only", false): Text 'Access for staff use only' is present on page 

2020-04-21 11:40:46 - [MESSAGE][PASSED] - Text 'Access for staff use only' is present on page 

2020-04-21 11:40:46 - [TEST_STEP][PASSED] - verifyTextPresent("Forgotten password?", false): Text 'Forgotten password?' is present on page 

2020-04-21 11:40:46 - [MESSAGE][PASSED] - Text 'Forgotten password?' is present on page 

2020-04-21 11:40:46 - [TEST_STEP][PASSED] - setText(findTestObject("Object Repository/WebOffice/Page_Checkatrade - Administration - Login/input_Username_LoginControlUserName"), wo_Username): Text 'DavidHo' is set on object 'Object Repository/WebOffice/Page_Checkatrade - Administration - Login/input_Username_LoginControlUserName'

2020-04-21 11:40:46 - [MESSAGE][PASSED] - Text 'DavidHo' is set on object 'Object Repository/WebOffice/Page_Checkatrade - Administration - Login/input_Username_LoginControlUserName'

2020-04-21 11:40:46 - [TEST_STEP][PASSED] - setText(findTestObject("Object Repository/WebOffice/Page_Checkatrade - Administration - Login/input_Password_LoginControlPassword"), wo_Password): Text 'Check123' is set on object 'Object Repository/WebOffice/Page_Checkatrade - Administration - Login/input_Password_LoginControlPassword'

2020-04-21 11:40:46 - [MESSAGE][PASSED] - Text 'Check123' is set on object 'Object Repository/WebOffice/Page_Checkatrade - Administration - Login/input_Password_LoginControlPassword'

2020-04-21 11:40:46 - [TEST_STEP][PASSED] - click(findTestObject("Object Repository/WebOffice/Page_Checkatrade - Administration - Login/Login_Button")): Object: 'Object Repository/WebOffice/Page_Checkatrade - Administration - Login/Login_Button' is clicked on

2020-04-21 11:40:48 - [MESSAGE][PASSED] - Object: 'Object Repository/WebOffice/Page_Checkatrade - Administration - Login/Login_Button' is clicked on

2020-04-21 11:40:48 - [TEST_STEP][PASSED] - waitForPageLoad(60): Wait for page load successfully

2020-04-21 11:40:48 - [MESSAGE][PASSED] - Wait for page load successfully

2020-04-21 11:40:48 - [TEST_STEP][PASSED] - verifyTextPresent("Welcome " + wo_Username, false): Text 'Welcome DavidHo' is present on page 

2020-04-21 11:40:48 - [MESSAGE][PASSED] - Text 'Welcome DavidHo' is present on page 

2020-04-21 11:40:48 - [MESSAGE][PASSED] - Call Test Case 'Test Cases/Reusable_Test_Sequences/Web_Office/Directives/WebOffice_StartUp' successfully

2020-04-21 11:40:48 - [TEST_STEP][PASSED] - "-----------------------------------------------------------------": null

2020-04-21 11:40:48 - [TEST_STEP][PASSED] - " Navigate to <Settings->Checkatrade.Com->Sub Item> Menu Item     |": null

2020-04-21 11:40:48 - [TEST_STEP][PASSED] - callTestCase(findTestCase("Reusable_Test_Sequences/Web_Office/Navigation/Sub_Menu_Navigation/Settings/Members_Area/Members_Benefits"), [:], STOP_ON_FAILURE): Call Test Case 'Test Cases/Reusable_Test_Sequences/Web_Office/Navigation/Sub_Menu_Navigation/Settings/Members_Area/Members_Benefits' successfully

2020-04-21 11:40:48 - [TEST_CASE][PASSED] - Test Cases/Reusable_Test_Sequences/Web_Office/Navigation/Sub_Menu_Navigation/Settings/Members_Area/Members_Benefits: Test Cases/Reusable_Test_Sequences/Web_Office/Navigation/Sub_Menu_Navigation/Settings/Members_Area/Members_Benefits

2020-04-21 11:40:49 - [TEST_STEP][PASSED] - "--------------------------------------": null

2020-04-21 11:40:49 - [TEST_STEP][PASSED] - " Navigate Top level menu Item         |": null

2020-04-21 11:40:49 - [TEST_STEP][PASSED] - waitForPageLoad(60): Wait for page load successfully

2020-04-21 11:40:49 - [MESSAGE][PASSED] - Wait for page load successfully

2020-04-21 11:40:49 - [TEST_STEP][PASSED] - waitForElementClickable(findTestObject("Object Repository/WebOffice_Home_page/a_Settings"), 60): Object 'Object Repository/WebOffice_Home_page/a_Settings' is clickable

2020-04-21 11:40:49 - [MESSAGE][PASSED] - Object 'Object Repository/WebOffice_Home_page/a_Settings' is clickable

2020-04-21 11:40:49 - [TEST_STEP][PASSED] - mouseOver(findTestObject("Object Repository/WebOffice_Home_page/a_Settings")): Object: 'Object Repository/WebOffice_Home_page/a_Settings' is hovered

2020-04-21 11:40:49 - [MESSAGE][PASSED] - Object: 'Object Repository/WebOffice_Home_page/a_Settings' is hovered

2020-04-21 11:40:49 - [TEST_STEP][PASSED] - mouseOver(findTestObject("Object Repository/WebOffice_Home_page/a_Members Area")): Object: 'Object Repository/WebOffice_Home_page/a_Members Area' is hovered

2020-04-21 11:40:50 - [MESSAGE][PASSED] - Object: 'Object Repository/WebOffice_Home_page/a_Members Area' is hovered

2020-04-21 11:40:50 - [TEST_STEP][PASSED] - waitForElementClickable(findTestObject("Object Repository/WebOffice_Home_page/a_Members Benefits"), 1): Object 'Object Repository/WebOffice_Home_page/a_Members Benefits' is clickable

2020-04-21 11:40:50 - [MESSAGE][PASSED] - Object 'Object Repository/WebOffice_Home_page/a_Members Benefits' is clickable

2020-04-21 11:40:50 - [TEST_STEP][PASSED] - click(findTestObject("Object Repository/WebOffice_Home_page/a_Members Benefits")): Object: 'Object Repository/WebOffice_Home_page/a_Members Benefits' is clicked on

2020-04-21 11:40:52 - [MESSAGE][PASSED] - Object: 'Object Repository/WebOffice_Home_page/a_Members Benefits' is clicked on

2020-04-21 11:40:52 - [MESSAGE][PASSED] - Call Test Case 'Test Cases/Reusable_Test_Sequences/Web_Office/Navigation/Sub_Menu_Navigation/Settings/Members_Area/Members_Benefits' successfully

2020-04-21 11:40:52 - [TEST_STEP][PASSED] - "--------------------------------------": null

2020-04-21 11:40:52 - [TEST_STEP][PASSED] - " Verify Returned Page Detail          |": null

2020-04-21 11:40:52 - [TEST_STEP][PASSED] - callTestCase(findTestCase("Reusable_Test_Sequences/Web_Office/Verification/Settings/Members_Area/Members_Benefits"), [:], OPTIONAL): Call Test Case 'Test Cases/Reusable_Test_Sequences/Web_Office/Verification/Settings/Members_Area/Members_Benefits' successfully

2020-04-21 11:40:52 - [TEST_CASE][PASSED] - Test Cases/Reusable_Test_Sequences/Web_Office/Verification/Settings/Members_Area/Members_Benefits: Test Cases/Reusable_Test_Sequences/Web_Office/Verification/Settings/Members_Area/Members_Benefits

2020-04-21 11:40:52 - [TEST_STEP][PASSED] - waitForPageLoad(60): Wait for page load successfully

2020-04-21 11:40:52 - [MESSAGE][PASSED] - Wait for page load successfully

2020-04-21 11:40:52 - [TEST_STEP][PASSED] - delay(1): Delayed 1 second(s)

2020-04-21 11:40:53 - [MESSAGE][PASSED] - Delayed 1 second(s)

2020-04-21 11:40:53 - [TEST_STEP][PASSED] - verifyTextPresent("Member Benefits", false): Text 'Member Benefits' is present on page 

2020-04-21 11:40:54 - [MESSAGE][PASSED] - Text 'Member Benefits' is present on page 

2020-04-21 11:40:54 - [TEST_STEP][PASSED] - "----------------------------------------------": null

2020-04-21 11:40:54 - [TEST_STEP][PASSED] - verifyTextPresent("Preview Live", false): Text 'Preview Live' is present on page 

2020-04-21 11:40:54 - [MESSAGE][PASSED] - Text 'Preview Live' is present on page 

2020-04-21 11:40:54 - [TEST_STEP][PASSED] - verifyTextPresent("Add New", false): Text 'Add New' is present on page 

2020-04-21 11:40:55 - [MESSAGE][PASSED] - Text 'Add New' is present on page 

2020-04-21 11:40:55 - [TEST_STEP][PASSED] - verifyTextPresent("Search", false): Text 'Search' is present on page 

2020-04-21 11:40:55 - [MESSAGE][PASSED] - Text 'Search' is present on page 

2020-04-21 11:40:55 - [TEST_STEP][PASSED] - verifyTextPresent("Filter", false): Text 'Filter' is present on page 

2020-04-21 11:40:55 - [MESSAGE][PASSED] - Text 'Filter' is present on page 

2020-04-21 11:40:55 - [TEST_STEP][PASSED] - verifyTextPresent("Published", false): Text 'Published' is present on page 

2020-04-21 11:40:56 - [MESSAGE][PASSED] - Text 'Published' is present on page 

2020-04-21 11:40:56 - [TEST_STEP][PASSED] - verifyTextPresent("Show", false): Text 'Show' is present on page 

2020-04-21 11:40:56 - [MESSAGE][PASSED] - Text 'Show' is present on page 

2020-04-21 11:40:56 - [TEST_STEP][PASSED] - verifyTextPresent("entries", false): Text 'entries' is present on page 

2020-04-21 11:40:56 - [MESSAGE][PASSED] - Text 'entries' is present on page 

2020-04-21 11:40:56 - [TEST_STEP][PASSED] - "----------------------------------------------": null

2020-04-21 11:40:56 - [TEST_STEP][PASSED] - verifyTextPresent("Status", false): Text 'Status' is present on page 

2020-04-21 11:40:57 - [MESSAGE][PASSED] - Text 'Status' is present on page 

2020-04-21 11:40:57 - [TEST_STEP][PASSED] - verifyTextPresent("Title", false): Text 'Title' is present on page 

2020-04-21 11:40:57 - [MESSAGE][PASSED] - Text 'Title' is present on page 

2020-04-21 11:40:57 - [TEST_STEP][PASSED] - verifyTextPresent("Description", false): Text 'Description' is present on page 

2020-04-21 11:40:57 - [MESSAGE][PASSED] - Text 'Description' is present on page 

2020-04-21 11:40:57 - [TEST_STEP][PASSED] - "----------------------------------------------": null

2020-04-21 11:40:57 - [TEST_STEP][PASSED] - "----------------------------------------------": null

2020-04-21 11:40:57 - [TEST_STEP][PASSED] - verifyTextPresent("Save on fuel with Esso", false): Text 'Save on fuel with Esso' is present on page 

2020-04-21 11:40:58 - [MESSAGE][PASSED] - Text 'Save on fuel with Esso' is present on page 

2020-04-21 11:40:58 - [TEST_STEP][PASSED] - verifyTextPresent("Apply for an Esso Card fuel card", false): Text 'Apply for an Esso Card fuel card' is present on page 

2020-04-21 11:40:58 - [MESSAGE][PASSED] - Text 'Apply for an Esso Card fuel card' is present on page 

2020-04-21 11:40:58 - [TEST_STEP][PASSED] - verifyTextPresent("Hero", false): Text 'Hero' is present on page 

2020-04-21 11:40:58 - [MESSAGE][PASSED] - Text 'Hero' is present on page 

2020-04-21 11:40:58 - [TEST_STEP][PASSED] - verifyTextPresent("Edit", false): Text 'Edit' is present on page 

2020-04-21 11:40:59 - [MESSAGE][PASSED] - Text 'Edit' is present on page 

2020-04-21 11:40:59 - [MESSAGE][PASSED] - Call Test Case 'Test Cases/Reusable_Test_Sequences/Web_Office/Verification/Settings/Members_Area/Members_Benefits' successfully

2020-04-21 11:40:59 - [TEST_STEP][PASSED] - "--------------------------": null

2020-04-21 11:40:59 - [TEST_STEP][PASSED] - " Teardown - CLose Browser |": null

2020-04-21 11:40:59 - [TEST_STEP][PASSED] - callTestCase(findTestCase("Reusable_Test_Sequences/CAT_Teardown"), [:], OPTIONAL): Call Test Case 'Test Cases/Reusable_Test_Sequences/CAT_Teardown' successfully

2020-04-21 11:40:59 - [TEST_CASE][PASSED] - Test Cases/Reusable_Test_Sequences/CAT_Teardown: Test Cases/Reusable_Test_Sequences/CAT_Teardown

2020-04-21 11:40:59 - [TEST_STEP][PASSED] - closeBrowser(): Browser is closed

2020-04-21 11:41:00 - [MESSAGE][PASSED] - Browser is closed

2020-04-21 11:41:00 - [TEST_STEP][PASSED] - super.finalize(): null

2020-04-21 11:41:00 - [TEST_STEP][PASSED] - System.gc(): null

2020-04-21 11:41:00 - [MESSAGE][PASSED] - Call Test Case 'Test Cases/Reusable_Test_Sequences/CAT_Teardown' successfully]]></system-out>
         <system-err><![CDATA[]]></system-err>
      </testcase>
      <testcase name="Test Cases/Web_Office/Settings/Members_Area/Downloads" time="27.66" classname="Test Cases/Web_Office/Settings/Members_Area/Downloads" status="PASSED">
         <system-out><![CDATA[2020-04-21 11:41:00 - [TEST_CASE][PASSED] - Test Cases/Web_Office/Settings/Members_Area/Downloads: Test Cases/Web_Office/Settings/Members_Area/Downloads

2020-04-21 11:41:01 - [TEST_STEP][PASSED] - "--------------------------------------": null

2020-04-21 11:41:01 - [TEST_STEP][PASSED] - " Web Office StartUp                  |": null

2020-04-21 11:41:01 - [TEST_STEP][PASSED] - callTestCase(findTestCase("Reusable_Test_Sequences/Web_Office/Directives/WebOffice_StartUp"), [:], STOP_ON_FAILURE): Call Test Case 'Test Cases/Reusable_Test_Sequences/Web_Office/Directives/WebOffice_StartUp' successfully

2020-04-21 11:41:01 - [TEST_CASE][PASSED] - Test Cases/Reusable_Test_Sequences/Web_Office/Directives/WebOffice_StartUp: Test Cases/Reusable_Test_Sequences/Web_Office/Directives/WebOffice_StartUp

2020-04-21 11:41:01 - [TEST_STEP][PASSED] - "-----------------------------------------------------------------------------": null

2020-04-21 11:41:01 - [TEST_STEP][PASSED] - if (URL == "https://www.dev.checkatrade.com/"): null

2020-04-21 11:41:01 - [TEST_STEP][PASSED] - "-----------------------------------------------------------------------------": null

2020-04-21 11:41:01 - [TEST_STEP][PASSED] - if (URL == "https://www.checkatrade.com/"): null

2020-04-21 11:41:01 - [TEST_STEP][PASSED] - "-----------------------------------------------------------------------------": null

2020-04-21 11:41:01 - [TEST_STEP][PASSED] - if (URL == "https://www.preview.checkatrade.com/"): null

2020-04-21 11:41:01 - [TEST_STEP][PASSED] - WebOfficeURL = "https://admin.preview.checkatrade.com/": null

2020-04-21 11:41:01 - [TEST_STEP][PASSED] - if (URL == "https://www.dev2.checkatrade.com/"): null

2020-04-21 11:41:01 - [TEST_STEP][PASSED] - "Set Function Area for "URL_Handler", URL Resolution": null

2020-04-21 11:41:01 - [TEST_STEP][PASSED] - "Do Some Magic with URL(s) See the comments within URL Handler ": null

2020-04-21 11:41:01 - [TEST_STEP][PASSED] - "------------------------------------------------": null

2020-04-21 11:41:01 - [TEST_STEP][PASSED] - "Moved Login Credentials to <Default> profile 22/01/2020": null

2020-04-21 11:41:01 - [TEST_STEP][PASSED] - "------------------------------------------------": null

2020-04-21 11:41:01 - [TEST_STEP][PASSED] - "WebOfficeURL - Set from the ENVIRONMENT PROFILE ": null

2020-04-21 11:41:01 - [TEST_STEP][PASSED] - "OPEN BROWSER": null

2020-04-21 11:41:01 - [TEST_STEP][PASSED] - "eg - https://admin.preview.checkatrade.com/  ": null

2020-04-21 11:41:01 - [TEST_STEP][PASSED] - openBrowser(WebOfficeURL): Browser is opened with url: 'https://admin.preview.checkatrade.com/'

2020-04-21 11:41:01 - [MESSAGE][INFO] - Starting 'Chrome' driver

2020-04-21 11:41:01 - [MESSAGE][INFO] - Action delay is set to 0 milliseconds

2020-04-21 11:41:07 - [MESSAGE][PASSED] - Browser is opened with url: 'https://admin.preview.checkatrade.com/'

2020-04-21 11:41:07 - [TEST_STEP][PASSED] - maximizeWindow(): Current window maximized

2020-04-21 11:41:09 - [MESSAGE][PASSED] - Current window maximized

2020-04-21 11:41:09 - [TEST_STEP][PASSED] - waitForElementClickable(findTestObject("Object Repository/WebOffice/Page_Checkatrade - Administration - Login/Login_Button"), 25): Object 'Object Repository/WebOffice/Page_Checkatrade - Administration - Login/Login_Button' is clickable

2020-04-21 11:41:09 - [MESSAGE][PASSED] - Object 'Object Repository/WebOffice/Page_Checkatrade - Administration - Login/Login_Button' is clickable

2020-04-21 11:41:09 - [TEST_STEP][PASSED] - verifyTextPresent("Checkatrade Web Office", false): Text 'Checkatrade Web Office' is present on page 

2020-04-21 11:41:09 - [MESSAGE][PASSED] - Text 'Checkatrade Web Office' is present on page 

2020-04-21 11:41:09 - [TEST_STEP][PASSED] - verifyTextPresent("Access for staff use only", false): Text 'Access for staff use only' is present on page 

2020-04-21 11:41:10 - [MESSAGE][PASSED] - Text 'Access for staff use only' is present on page 

2020-04-21 11:41:10 - [TEST_STEP][PASSED] - verifyTextPresent("Forgotten password?", false): Text 'Forgotten password?' is present on page 

2020-04-21 11:41:10 - [MESSAGE][PASSED] - Text 'Forgotten password?' is present on page 

2020-04-21 11:41:10 - [TEST_STEP][PASSED] - setText(findTestObject("Object Repository/WebOffice/Page_Checkatrade - Administration - Login/input_Username_LoginControlUserName"), wo_Username): Text 'DavidHo' is set on object 'Object Repository/WebOffice/Page_Checkatrade - Administration - Login/input_Username_LoginControlUserName'

2020-04-21 11:41:10 - [MESSAGE][PASSED] - Text 'DavidHo' is set on object 'Object Repository/WebOffice/Page_Checkatrade - Administration - Login/input_Username_LoginControlUserName'

2020-04-21 11:41:10 - [TEST_STEP][PASSED] - setText(findTestObject("Object Repository/WebOffice/Page_Checkatrade - Administration - Login/input_Password_LoginControlPassword"), wo_Password): Text 'Check123' is set on object 'Object Repository/WebOffice/Page_Checkatrade - Administration - Login/input_Password_LoginControlPassword'

2020-04-21 11:41:11 - [MESSAGE][PASSED] - Text 'Check123' is set on object 'Object Repository/WebOffice/Page_Checkatrade - Administration - Login/input_Password_LoginControlPassword'

2020-04-21 11:41:11 - [TEST_STEP][PASSED] - click(findTestObject("Object Repository/WebOffice/Page_Checkatrade - Administration - Login/Login_Button")): Object: 'Object Repository/WebOffice/Page_Checkatrade - Administration - Login/Login_Button' is clicked on

2020-04-21 11:41:14 - [MESSAGE][PASSED] - Object: 'Object Repository/WebOffice/Page_Checkatrade - Administration - Login/Login_Button' is clicked on

2020-04-21 11:41:14 - [TEST_STEP][PASSED] - waitForPageLoad(60): Wait for page load successfully

2020-04-21 11:41:14 - [MESSAGE][PASSED] - Wait for page load successfully

2020-04-21 11:41:14 - [TEST_STEP][PASSED] - verifyTextPresent("Welcome " + wo_Username, false): Text 'Welcome DavidHo' is present on page 

2020-04-21 11:41:15 - [MESSAGE][PASSED] - Text 'Welcome DavidHo' is present on page 

2020-04-21 11:41:15 - [MESSAGE][PASSED] - Call Test Case 'Test Cases/Reusable_Test_Sequences/Web_Office/Directives/WebOffice_StartUp' successfully

2020-04-21 11:41:15 - [TEST_STEP][PASSED] - "-----------------------------------------------------------------": null

2020-04-21 11:41:15 - [TEST_STEP][PASSED] - " Navigate to <Settings->Checkatrade.Com->Sub Item> Menu Item     |": null

2020-04-21 11:41:15 - [TEST_STEP][PASSED] - callTestCase(findTestCase("Reusable_Test_Sequences/Web_Office/Navigation/Sub_Menu_Navigation/Settings/Members_Area/Downloads"), [:], STOP_ON_FAILURE): Call Test Case 'Test Cases/Reusable_Test_Sequences/Web_Office/Navigation/Sub_Menu_Navigation/Settings/Members_Area/Downloads' successfully

2020-04-21 11:41:15 - [TEST_CASE][PASSED] - Test Cases/Reusable_Test_Sequences/Web_Office/Navigation/Sub_Menu_Navigation/Settings/Members_Area/Downloads: Test Cases/Reusable_Test_Sequences/Web_Office/Navigation/Sub_Menu_Navigation/Settings/Members_Area/Downloads

2020-04-21 11:41:15 - [TEST_STEP][PASSED] - "--------------------------------------": null

2020-04-21 11:41:15 - [TEST_STEP][PASSED] - " Navigate Top level menu Item         |": null

2020-04-21 11:41:15 - [TEST_STEP][PASSED] - waitForPageLoad(60): Wait for page load successfully

2020-04-21 11:41:15 - [MESSAGE][PASSED] - Wait for page load successfully

2020-04-21 11:41:15 - [TEST_STEP][PASSED] - waitForElementClickable(findTestObject("Object Repository/WebOffice_Home_page/a_Settings"), 60): Object 'Object Repository/WebOffice_Home_page/a_Settings' is clickable

2020-04-21 11:41:16 - [MESSAGE][PASSED] - Object 'Object Repository/WebOffice_Home_page/a_Settings' is clickable

2020-04-21 11:41:16 - [TEST_STEP][PASSED] - mouseOver(findTestObject("Object Repository/WebOffice_Home_page/a_Settings")): Object: 'Object Repository/WebOffice_Home_page/a_Settings' is hovered

2020-04-21 11:41:16 - [MESSAGE][PASSED] - Object: 'Object Repository/WebOffice_Home_page/a_Settings' is hovered

2020-04-21 11:41:16 - [TEST_STEP][PASSED] - mouseOver(findTestObject("Object Repository/WebOffice_Home_page/a_Members Area")): Object: 'Object Repository/WebOffice_Home_page/a_Members Area' is hovered

2020-04-21 11:41:16 - [MESSAGE][PASSED] - Object: 'Object Repository/WebOffice_Home_page/a_Members Area' is hovered

2020-04-21 11:41:16 - [TEST_STEP][PASSED] - waitForElementClickable(findTestObject("Object Repository/WebOffice_Home_page/a_Downloads"), 1): Object 'Object Repository/WebOffice_Home_page/a_Downloads' is clickable

2020-04-21 11:41:17 - [MESSAGE][PASSED] - Object 'Object Repository/WebOffice_Home_page/a_Downloads' is clickable

2020-04-21 11:41:17 - [TEST_STEP][PASSED] - click(findTestObject("Object Repository/WebOffice_Home_page/a_Downloads")): Object: 'Object Repository/WebOffice_Home_page/a_Downloads' is clicked on

2020-04-21 11:41:17 - [MESSAGE][PASSED] - Object: 'Object Repository/WebOffice_Home_page/a_Downloads' is clicked on

2020-04-21 11:41:17 - [MESSAGE][PASSED] - Call Test Case 'Test Cases/Reusable_Test_Sequences/Web_Office/Navigation/Sub_Menu_Navigation/Settings/Members_Area/Downloads' successfully

2020-04-21 11:41:17 - [TEST_STEP][PASSED] - "--------------------------------------": null

2020-04-21 11:41:17 - [TEST_STEP][PASSED] - " Verify Returned Page Detail          |": null

2020-04-21 11:41:17 - [TEST_STEP][PASSED] - callTestCase(findTestCase("Reusable_Test_Sequences/Web_Office/Verification/Settings/Members_Area/Downloads"), [:], OPTIONAL): Call Test Case 'Test Cases/Reusable_Test_Sequences/Web_Office/Verification/Settings/Members_Area/Downloads' successfully

2020-04-21 11:41:17 - [TEST_CASE][PASSED] - Test Cases/Reusable_Test_Sequences/Web_Office/Verification/Settings/Members_Area/Downloads: Test Cases/Reusable_Test_Sequences/Web_Office/Verification/Settings/Members_Area/Downloads

2020-04-21 11:41:18 - [TEST_STEP][PASSED] - waitForPageLoad(60): Wait for page load successfully

2020-04-21 11:41:18 - [MESSAGE][PASSED] - Wait for page load successfully

2020-04-21 11:41:18 - [TEST_STEP][PASSED] - delay(1): Delayed 1 second(s)

2020-04-21 11:41:19 - [MESSAGE][PASSED] - Delayed 1 second(s)

2020-04-21 11:41:19 - [TEST_STEP][PASSED] - verifyTextPresent("Member Downloads", false): Text 'Member Downloads' is present on page 

2020-04-21 11:41:19 - [MESSAGE][PASSED] - Text 'Member Downloads' is present on page 

2020-04-21 11:41:19 - [TEST_STEP][PASSED] - "----------------------------------------------": null

2020-04-21 11:41:19 - [TEST_STEP][PASSED] - verifyTextPresent("Title", false): Text 'Title' is present on page 

2020-04-21 11:41:20 - [MESSAGE][PASSED] - Text 'Title' is present on page 

2020-04-21 11:41:20 - [TEST_STEP][PASSED] - verifyTextPresent("Description", false): Text 'Description' is present on page 

2020-04-21 11:41:20 - [MESSAGE][PASSED] - Text 'Description' is present on page 

2020-04-21 11:41:20 - [TEST_STEP][PASSED] - verifyTextPresent("In Use", false): Text 'In Use' is present on page 

2020-04-21 11:41:21 - [MESSAGE][PASSED] - Text 'In Use' is present on page 

2020-04-21 11:41:21 - [TEST_STEP][PASSED] - verifyTextPresent("Template Changed", false): Text 'Template Changed' is present on page 

2020-04-21 11:41:21 - [MESSAGE][PASSED] - Text 'Template Changed' is present on page 

2020-04-21 11:41:21 - [TEST_STEP][PASSED] - "----------------------------------------------": null

2020-04-21 11:41:21 - [TEST_STEP][PASSED] - "----------------------------------------------": null

2020-04-21 11:41:21 - [TEST_STEP][PASSED] - verifyTextPresent("Job sign off", false): Text 'Job sign off' is present on page 

2020-04-21 11:41:22 - [MESSAGE][PASSED] - Text 'Job sign off' is present on page 

2020-04-21 11:41:22 - [TEST_STEP][PASSED] - verifyTextPresent("Customers to sign off work on completion", false): Text 'Customers to sign off work on completion' is present on page 

2020-04-21 11:41:23 - [MESSAGE][PASSED] - Text 'Customers to sign off work on completion' is present on page 

2020-04-21 11:41:23 - [TEST_STEP][PASSED] - verifyTextPresent("Yes", false): Text 'Yes' is present on page 

2020-04-21 11:41:23 - [MESSAGE][PASSED] - Text 'Yes' is present on page 

2020-04-21 11:41:23 - [TEST_STEP][PASSED] - verifyTextPresent("Edit", false): Text 'Edit' is present on page 

2020-04-21 11:41:24 - [MESSAGE][PASSED] - Text 'Edit' is present on page 

2020-04-21 11:41:24 - [TEST_STEP][PASSED] - verifyTextPresent("Upload", false): Text 'Upload' is present on page 

2020-04-21 11:41:24 - [MESSAGE][PASSED] - Text 'Upload' is present on page 

2020-04-21 11:41:24 - [TEST_STEP][PASSED] - "----------------------------------------------": null

2020-04-21 11:41:24 - [TEST_STEP][PASSED] - verifyTextPresent("Add New Document", false): Text 'Add New Document' is present on page 

2020-04-21 11:41:25 - [MESSAGE][PASSED] - Text 'Add New Document' is present on page 

2020-04-21 11:41:25 - [TEST_STEP][PASSED] - verifyTextPresent("Title:", false): Text 'Title:' is present on page 

2020-04-21 11:41:25 - [MESSAGE][PASSED] - Text 'Title:' is present on page 

2020-04-21 11:41:25 - [TEST_STEP][PASSED] - verifyTextPresent("Description:", false): Text 'Description:' is present on page 

2020-04-21 11:41:25 - [MESSAGE][PASSED] - Text 'Description:' is present on page 

2020-04-21 11:41:25 - [TEST_STEP][PASSED] - verifyTextPresent("File to upload:", false): Text 'File to upload:' is present on page 

2020-04-21 11:41:26 - [MESSAGE][PASSED] - Text 'File to upload:' is present on page 

2020-04-21 11:41:26 - [MESSAGE][PASSED] - Call Test Case 'Test Cases/Reusable_Test_Sequences/Web_Office/Verification/Settings/Members_Area/Downloads' successfully

2020-04-21 11:41:26 - [TEST_STEP][PASSED] - "--------------------------": null

2020-04-21 11:41:26 - [TEST_STEP][PASSED] - " Teardown - CLose Browser |": null

2020-04-21 11:41:26 - [TEST_STEP][PASSED] - callTestCase(findTestCase("Reusable_Test_Sequences/CAT_Teardown"), [:], OPTIONAL): Call Test Case 'Test Cases/Reusable_Test_Sequences/CAT_Teardown' successfully

2020-04-21 11:41:26 - [TEST_CASE][PASSED] - Test Cases/Reusable_Test_Sequences/CAT_Teardown: Test Cases/Reusable_Test_Sequences/CAT_Teardown

2020-04-21 11:41:26 - [TEST_STEP][PASSED] - closeBrowser(): Browser is closed

2020-04-21 11:41:27 - [MESSAGE][PASSED] - Browser is closed

2020-04-21 11:41:27 - [TEST_STEP][PASSED] - super.finalize(): null

2020-04-21 11:41:27 - [TEST_STEP][PASSED] - System.gc(): null

2020-04-21 11:41:27 - [MESSAGE][PASSED] - Call Test Case 'Test Cases/Reusable_Test_Sequences/CAT_Teardown' successfully]]></system-out>
         <system-err><![CDATA[]]></system-err>
      </testcase>
      <testcase name="Test Cases/Web_Office/Settings/Members_Area/AskKev" time="20.951" classname="Test Cases/Web_Office/Settings/Members_Area/AskKev" status="PASSED">
         <system-out><![CDATA[2020-04-21 11:41:27 - [TEST_CASE][PASSED] - Test Cases/Web_Office/Settings/Members_Area/AskKev: Test Cases/Web_Office/Settings/Members_Area/AskKev

2020-04-21 11:41:29 - [TEST_STEP][PASSED] - "--------------------------------------": null

2020-04-21 11:41:29 - [TEST_STEP][PASSED] - " Web Office StartUp                  |": null

2020-04-21 11:41:29 - [TEST_STEP][PASSED] - callTestCase(findTestCase("Reusable_Test_Sequences/Web_Office/Directives/WebOffice_StartUp"), [:], STOP_ON_FAILURE): Call Test Case 'Test Cases/Reusable_Test_Sequences/Web_Office/Directives/WebOffice_StartUp' successfully

2020-04-21 11:41:29 - [TEST_CASE][PASSED] - Test Cases/Reusable_Test_Sequences/Web_Office/Directives/WebOffice_StartUp: Test Cases/Reusable_Test_Sequences/Web_Office/Directives/WebOffice_StartUp

2020-04-21 11:41:29 - [TEST_STEP][PASSED] - "-----------------------------------------------------------------------------": null

2020-04-21 11:41:29 - [TEST_STEP][PASSED] - if (URL == "https://www.dev.checkatrade.com/"): null

2020-04-21 11:41:29 - [TEST_STEP][PASSED] - "-----------------------------------------------------------------------------": null

2020-04-21 11:41:29 - [TEST_STEP][PASSED] - if (URL == "https://www.checkatrade.com/"): null

2020-04-21 11:41:29 - [TEST_STEP][PASSED] - "-----------------------------------------------------------------------------": null

2020-04-21 11:41:29 - [TEST_STEP][PASSED] - if (URL == "https://www.preview.checkatrade.com/"): null

2020-04-21 11:41:29 - [TEST_STEP][PASSED] - WebOfficeURL = "https://admin.preview.checkatrade.com/": null

2020-04-21 11:41:29 - [TEST_STEP][PASSED] - if (URL == "https://www.dev2.checkatrade.com/"): null

2020-04-21 11:41:29 - [TEST_STEP][PASSED] - "Set Function Area for "URL_Handler", URL Resolution": null

2020-04-21 11:41:29 - [TEST_STEP][PASSED] - "Do Some Magic with URL(s) See the comments within URL Handler ": null

2020-04-21 11:41:29 - [TEST_STEP][PASSED] - "------------------------------------------------": null

2020-04-21 11:41:29 - [TEST_STEP][PASSED] - "Moved Login Credentials to <Default> profile 22/01/2020": null

2020-04-21 11:41:29 - [TEST_STEP][PASSED] - "------------------------------------------------": null

2020-04-21 11:41:29 - [TEST_STEP][PASSED] - "WebOfficeURL - Set from the ENVIRONMENT PROFILE ": null

2020-04-21 11:41:29 - [TEST_STEP][PASSED] - "OPEN BROWSER": null

2020-04-21 11:41:29 - [TEST_STEP][PASSED] - "eg - https://admin.preview.checkatrade.com/  ": null

2020-04-21 11:41:29 - [TEST_STEP][PASSED] - openBrowser(WebOfficeURL): Browser is opened with url: 'https://admin.preview.checkatrade.com/'

2020-04-21 11:41:29 - [MESSAGE][INFO] - Starting 'Chrome' driver

2020-04-21 11:41:29 - [MESSAGE][INFO] - Action delay is set to 0 milliseconds

2020-04-21 11:41:34 - [MESSAGE][PASSED] - Browser is opened with url: 'https://admin.preview.checkatrade.com/'

2020-04-21 11:41:34 - [TEST_STEP][PASSED] - maximizeWindow(): Current window maximized

2020-04-21 11:41:36 - [MESSAGE][PASSED] - Current window maximized

2020-04-21 11:41:36 - [TEST_STEP][PASSED] - waitForElementClickable(findTestObject("Object Repository/WebOffice/Page_Checkatrade - Administration - Login/Login_Button"), 25): Object 'Object Repository/WebOffice/Page_Checkatrade - Administration - Login/Login_Button' is clickable

2020-04-21 11:41:37 - [MESSAGE][PASSED] - Object 'Object Repository/WebOffice/Page_Checkatrade - Administration - Login/Login_Button' is clickable

2020-04-21 11:41:37 - [TEST_STEP][PASSED] - verifyTextPresent("Checkatrade Web Office", false): Text 'Checkatrade Web Office' is present on page 

2020-04-21 11:41:37 - [MESSAGE][PASSED] - Text 'Checkatrade Web Office' is present on page 

2020-04-21 11:41:37 - [TEST_STEP][PASSED] - verifyTextPresent("Access for staff use only", false): Text 'Access for staff use only' is present on page 

2020-04-21 11:41:37 - [MESSAGE][PASSED] - Text 'Access for staff use only' is present on page 

2020-04-21 11:41:37 - [TEST_STEP][PASSED] - verifyTextPresent("Forgotten password?", false): Text 'Forgotten password?' is present on page 

2020-04-21 11:41:37 - [MESSAGE][PASSED] - Text 'Forgotten password?' is present on page 

2020-04-21 11:41:37 - [TEST_STEP][PASSED] - setText(findTestObject("Object Repository/WebOffice/Page_Checkatrade - Administration - Login/input_Username_LoginControlUserName"), wo_Username): Text 'DavidHo' is set on object 'Object Repository/WebOffice/Page_Checkatrade - Administration - Login/input_Username_LoginControlUserName'

2020-04-21 11:41:38 - [MESSAGE][PASSED] - Text 'DavidHo' is set on object 'Object Repository/WebOffice/Page_Checkatrade - Administration - Login/input_Username_LoginControlUserName'

2020-04-21 11:41:38 - [TEST_STEP][PASSED] - setText(findTestObject("Object Repository/WebOffice/Page_Checkatrade - Administration - Login/input_Password_LoginControlPassword"), wo_Password): Text 'Check123' is set on object 'Object Repository/WebOffice/Page_Checkatrade - Administration - Login/input_Password_LoginControlPassword'

2020-04-21 11:41:38 - [MESSAGE][PASSED] - Text 'Check123' is set on object 'Object Repository/WebOffice/Page_Checkatrade - Administration - Login/input_Password_LoginControlPassword'

2020-04-21 11:41:38 - [TEST_STEP][PASSED] - click(findTestObject("Object Repository/WebOffice/Page_Checkatrade - Administration - Login/Login_Button")): Object: 'Object Repository/WebOffice/Page_Checkatrade - Administration - Login/Login_Button' is clicked on

2020-04-21 11:41:39 - [MESSAGE][PASSED] - Object: 'Object Repository/WebOffice/Page_Checkatrade - Administration - Login/Login_Button' is clicked on

2020-04-21 11:41:39 - [TEST_STEP][PASSED] - waitForPageLoad(60): Wait for page load successfully

2020-04-21 11:41:39 - [MESSAGE][PASSED] - Wait for page load successfully

2020-04-21 11:41:39 - [TEST_STEP][PASSED] - verifyTextPresent("Welcome " + wo_Username, false): Text 'Welcome DavidHo' is present on page 

2020-04-21 11:41:40 - [MESSAGE][PASSED] - Text 'Welcome DavidHo' is present on page 

2020-04-21 11:41:40 - [MESSAGE][PASSED] - Call Test Case 'Test Cases/Reusable_Test_Sequences/Web_Office/Directives/WebOffice_StartUp' successfully

2020-04-21 11:41:40 - [TEST_STEP][PASSED] - "-----------------------------------------------------------------": null

2020-04-21 11:41:40 - [TEST_STEP][PASSED] - " Navigate to <Settings->Checkatrade.Com->Sub Item> Menu Item     |": null

2020-04-21 11:41:40 - [TEST_STEP][PASSED] - callTestCase(findTestCase("Reusable_Test_Sequences/Web_Office/Navigation/Sub_Menu_Navigation/Settings/Members_Area/AskKev"), [:], STOP_ON_FAILURE): Call Test Case 'Test Cases/Reusable_Test_Sequences/Web_Office/Navigation/Sub_Menu_Navigation/Settings/Members_Area/AskKev' successfully

2020-04-21 11:41:40 - [TEST_CASE][PASSED] - Test Cases/Reusable_Test_Sequences/Web_Office/Navigation/Sub_Menu_Navigation/Settings/Members_Area/AskKev: Test Cases/Reusable_Test_Sequences/Web_Office/Navigation/Sub_Menu_Navigation/Settings/Members_Area/AskKev

2020-04-21 11:41:41 - [TEST_STEP][PASSED] - "--------------------------------------": null

2020-04-21 11:41:41 - [TEST_STEP][PASSED] - " Navigate Top level menu Item         |": null

2020-04-21 11:41:41 - [TEST_STEP][PASSED] - waitForPageLoad(60): Wait for page load successfully

2020-04-21 11:41:41 - [MESSAGE][PASSED] - Wait for page load successfully

2020-04-21 11:41:41 - [TEST_STEP][PASSED] - waitForElementClickable(findTestObject("Object Repository/WebOffice_Home_page/a_Settings"), 60): Object 'Object Repository/WebOffice_Home_page/a_Settings' is clickable

2020-04-21 11:41:41 - [MESSAGE][PASSED] - Object 'Object Repository/WebOffice_Home_page/a_Settings' is clickable

2020-04-21 11:41:41 - [TEST_STEP][PASSED] - mouseOver(findTestObject("Object Repository/WebOffice_Home_page/a_Settings")): Object: 'Object Repository/WebOffice_Home_page/a_Settings' is hovered

2020-04-21 11:41:41 - [MESSAGE][PASSED] - Object: 'Object Repository/WebOffice_Home_page/a_Settings' is hovered

2020-04-21 11:41:41 - [TEST_STEP][PASSED] - mouseOver(findTestObject("Object Repository/WebOffice_Home_page/a_Members Area")): Object: 'Object Repository/WebOffice_Home_page/a_Members Area' is hovered

2020-04-21 11:41:42 - [MESSAGE][PASSED] - Object: 'Object Repository/WebOffice_Home_page/a_Members Area' is hovered

2020-04-21 11:41:42 - [TEST_STEP][PASSED] - waitForElementClickable(findTestObject("Object Repository/WebOffice_Home_page/a_AskKev"), 1): Object 'Object Repository/WebOffice_Home_page/a_AskKev' is clickable

2020-04-21 11:41:42 - [MESSAGE][PASSED] - Object 'Object Repository/WebOffice_Home_page/a_AskKev' is clickable

2020-04-21 11:41:42 - [TEST_STEP][PASSED] - click(findTestObject("Object Repository/WebOffice_Home_page/a_AskKev")): Object: 'Object Repository/WebOffice_Home_page/a_AskKev' is clicked on

2020-04-21 11:41:43 - [MESSAGE][PASSED] - Object: 'Object Repository/WebOffice_Home_page/a_AskKev' is clicked on

2020-04-21 11:41:43 - [MESSAGE][PASSED] - Call Test Case 'Test Cases/Reusable_Test_Sequences/Web_Office/Navigation/Sub_Menu_Navigation/Settings/Members_Area/AskKev' successfully

2020-04-21 11:41:43 - [TEST_STEP][PASSED] - "--------------------------------------": null

2020-04-21 11:41:43 - [TEST_STEP][PASSED] - " Verify Returned Page Detail          |": null

2020-04-21 11:41:43 - [TEST_STEP][PASSED] - callTestCase(findTestCase("Reusable_Test_Sequences/Web_Office/Verification/Settings/Members_Area/AskKev"), [:], OPTIONAL): Call Test Case 'Test Cases/Reusable_Test_Sequences/Web_Office/Verification/Settings/Members_Area/AskKev' successfully

2020-04-21 11:41:43 - [TEST_CASE][PASSED] - Test Cases/Reusable_Test_Sequences/Web_Office/Verification/Settings/Members_Area/AskKev: Test Cases/Reusable_Test_Sequences/Web_Office/Verification/Settings/Members_Area/AskKev

2020-04-21 11:41:43 - [TEST_STEP][PASSED] - waitForPageLoad(60): Wait for page load successfully

2020-04-21 11:41:43 - [MESSAGE][PASSED] - Wait for page load successfully

2020-04-21 11:41:43 - [TEST_STEP][PASSED] - delay(1): Delayed 1 second(s)

2020-04-21 11:41:44 - [MESSAGE][PASSED] - Delayed 1 second(s)

2020-04-21 11:41:44 - [TEST_STEP][PASSED] - verifyTextPresent("AskKev Questions", false): Text 'AskKev Questions' is present on page 

2020-04-21 11:41:45 - [MESSAGE][PASSED] - Text 'AskKev Questions' is present on page 

2020-04-21 11:41:45 - [TEST_STEP][PASSED] - "----------------------------------------------": null

2020-04-21 11:41:45 - [TEST_STEP][PASSED] - "----------------------------------------------": null

2020-04-21 11:41:45 - [TEST_STEP][PASSED] - verifyTextPresent("Hi. How I can change my Web address on my profile?", false): Text 'Hi. How I can change my Web address on my profile?' is present on page 

2020-04-21 11:41:45 - [MESSAGE][PASSED] - Text 'Hi. How I can change my Web address on my profile?' is present on page 

2020-04-21 11:41:45 - [TEST_STEP][PASSED] - verifyTextPresent("i want to change my email address & website Address", false): Text 'i want to change my email address & website Address' is present on page 

2020-04-21 11:41:46 - [MESSAGE][PASSED] - Text 'i want to change my email address & website Address' is present on page 

2020-04-21 11:41:46 - [TEST_STEP][PASSED] - verifyTextPresent("Hi Kevin i have sent you two emails regarding us being unable post our photos onto our feedback still no reply. regards", false): Text 'Hi Kevin i have sent you two emails regarding us being unable post our photos onto our feedback still no reply. regards' is present on page 

2020-04-21 11:41:46 - [MESSAGE][PASSED] - Text 'Hi Kevin i have sent you two emails regarding us being unable post our photos onto our feedback still no reply. regards' is present on page 

2020-04-21 11:41:46 - [MESSAGE][PASSED] - Call Test Case 'Test Cases/Reusable_Test_Sequences/Web_Office/Verification/Settings/Members_Area/AskKev' successfully

2020-04-21 11:41:46 - [TEST_STEP][PASSED] - "--------------------------": null

2020-04-21 11:41:46 - [TEST_STEP][PASSED] - " Teardown - CLose Browser |": null

2020-04-21 11:41:46 - [TEST_STEP][PASSED] - callTestCase(findTestCase("Reusable_Test_Sequences/CAT_Teardown"), [:], OPTIONAL): Call Test Case 'Test Cases/Reusable_Test_Sequences/CAT_Teardown' successfully

2020-04-21 11:41:46 - [TEST_CASE][PASSED] - Test Cases/Reusable_Test_Sequences/CAT_Teardown: Test Cases/Reusable_Test_Sequences/CAT_Teardown

2020-04-21 11:41:46 - [TEST_STEP][PASSED] - closeBrowser(): Browser is closed

2020-04-21 11:41:48 - [MESSAGE][PASSED] - Browser is closed

2020-04-21 11:41:48 - [TEST_STEP][PASSED] - super.finalize(): null

2020-04-21 11:41:48 - [TEST_STEP][PASSED] - System.gc(): null

2020-04-21 11:41:48 - [MESSAGE][PASSED] - Call Test Case 'Test Cases/Reusable_Test_Sequences/CAT_Teardown' successfully]]></system-out>
         <system-err><![CDATA[]]></system-err>
      </testcase>
      <testcase name="Test Cases/Web_Office/Settings/Members_Area/Members_Panel_Suggestions" time="34.903" classname="Test Cases/Web_Office/Settings/Members_Area/Members_Panel_Suggestions" status="PASSED">
         <system-out><![CDATA[2020-04-21 11:41:48 - [TEST_CASE][PASSED] - Test Cases/Web_Office/Settings/Members_Area/Members_Panel_Suggestions: Test Cases/Web_Office/Settings/Members_Area/Members_Panel_Suggestions

2020-04-21 11:41:49 - [TEST_STEP][PASSED] - "--------------------------------------": null

2020-04-21 11:41:49 - [TEST_STEP][PASSED] - " Web Office StartUp                  |": null

2020-04-21 11:41:49 - [TEST_STEP][PASSED] - callTestCase(findTestCase("Reusable_Test_Sequences/Web_Office/Directives/WebOffice_StartUp"), [:], STOP_ON_FAILURE): Call Test Case 'Test Cases/Reusable_Test_Sequences/Web_Office/Directives/WebOffice_StartUp' successfully

2020-04-21 11:41:49 - [TEST_CASE][PASSED] - Test Cases/Reusable_Test_Sequences/Web_Office/Directives/WebOffice_StartUp: Test Cases/Reusable_Test_Sequences/Web_Office/Directives/WebOffice_StartUp

2020-04-21 11:41:49 - [TEST_STEP][PASSED] - "-----------------------------------------------------------------------------": null

2020-04-21 11:41:49 - [TEST_STEP][PASSED] - if (URL == "https://www.dev.checkatrade.com/"): null

2020-04-21 11:41:49 - [TEST_STEP][PASSED] - "-----------------------------------------------------------------------------": null

2020-04-21 11:41:49 - [TEST_STEP][PASSED] - if (URL == "https://www.checkatrade.com/"): null

2020-04-21 11:41:49 - [TEST_STEP][PASSED] - "-----------------------------------------------------------------------------": null

2020-04-21 11:41:49 - [TEST_STEP][PASSED] - if (URL == "https://www.preview.checkatrade.com/"): null

2020-04-21 11:41:49 - [TEST_STEP][PASSED] - WebOfficeURL = "https://admin.preview.checkatrade.com/": null

2020-04-21 11:41:49 - [TEST_STEP][PASSED] - if (URL == "https://www.dev2.checkatrade.com/"): null

2020-04-21 11:41:49 - [TEST_STEP][PASSED] - "Set Function Area for "URL_Handler", URL Resolution": null

2020-04-21 11:41:49 - [TEST_STEP][PASSED] - "Do Some Magic with URL(s) See the comments within URL Handler ": null

2020-04-21 11:41:49 - [TEST_STEP][PASSED] - "------------------------------------------------": null

2020-04-21 11:41:49 - [TEST_STEP][PASSED] - "Moved Login Credentials to <Default> profile 22/01/2020": null

2020-04-21 11:41:49 - [TEST_STEP][PASSED] - "------------------------------------------------": null

2020-04-21 11:41:49 - [TEST_STEP][PASSED] - "WebOfficeURL - Set from the ENVIRONMENT PROFILE ": null

2020-04-21 11:41:49 - [TEST_STEP][PASSED] - "OPEN BROWSER": null

2020-04-21 11:41:49 - [TEST_STEP][PASSED] - "eg - https://admin.preview.checkatrade.com/  ": null

2020-04-21 11:41:49 - [TEST_STEP][PASSED] - openBrowser(WebOfficeURL): Browser is opened with url: 'https://admin.preview.checkatrade.com/'

2020-04-21 11:41:49 - [MESSAGE][INFO] - Starting 'Chrome' driver

2020-04-21 11:41:49 - [MESSAGE][INFO] - Action delay is set to 0 milliseconds

2020-04-21 11:41:55 - [MESSAGE][PASSED] - Browser is opened with url: 'https://admin.preview.checkatrade.com/'

2020-04-21 11:41:55 - [TEST_STEP][PASSED] - maximizeWindow(): Current window maximized

2020-04-21 11:41:58 - [MESSAGE][PASSED] - Current window maximized

2020-04-21 11:41:58 - [TEST_STEP][PASSED] - waitForElementClickable(findTestObject("Object Repository/WebOffice/Page_Checkatrade - Administration - Login/Login_Button"), 25): Object 'Object Repository/WebOffice/Page_Checkatrade - Administration - Login/Login_Button' is clickable

2020-04-21 11:41:58 - [MESSAGE][PASSED] - Object 'Object Repository/WebOffice/Page_Checkatrade - Administration - Login/Login_Button' is clickable

2020-04-21 11:41:58 - [TEST_STEP][PASSED] - verifyTextPresent("Checkatrade Web Office", false): Text 'Checkatrade Web Office' is present on page 

2020-04-21 11:41:58 - [MESSAGE][PASSED] - Text 'Checkatrade Web Office' is present on page 

2020-04-21 11:41:58 - [TEST_STEP][PASSED] - verifyTextPresent("Access for staff use only", false): Text 'Access for staff use only' is present on page 

2020-04-21 11:41:58 - [MESSAGE][PASSED] - Text 'Access for staff use only' is present on page 

2020-04-21 11:41:58 - [TEST_STEP][PASSED] - verifyTextPresent("Forgotten password?", false): Text 'Forgotten password?' is present on page 

2020-04-21 11:41:58 - [MESSAGE][PASSED] - Text 'Forgotten password?' is present on page 

2020-04-21 11:41:58 - [TEST_STEP][PASSED] - setText(findTestObject("Object Repository/WebOffice/Page_Checkatrade - Administration - Login/input_Username_LoginControlUserName"), wo_Username): Text 'DavidHo' is set on object 'Object Repository/WebOffice/Page_Checkatrade - Administration - Login/input_Username_LoginControlUserName'

2020-04-21 11:41:59 - [MESSAGE][PASSED] - Text 'DavidHo' is set on object 'Object Repository/WebOffice/Page_Checkatrade - Administration - Login/input_Username_LoginControlUserName'

2020-04-21 11:41:59 - [TEST_STEP][PASSED] - setText(findTestObject("Object Repository/WebOffice/Page_Checkatrade - Administration - Login/input_Password_LoginControlPassword"), wo_Password): Text 'Check123' is set on object 'Object Repository/WebOffice/Page_Checkatrade - Administration - Login/input_Password_LoginControlPassword'

2020-04-21 11:41:59 - [MESSAGE][PASSED] - Text 'Check123' is set on object 'Object Repository/WebOffice/Page_Checkatrade - Administration - Login/input_Password_LoginControlPassword'

2020-04-21 11:41:59 - [TEST_STEP][PASSED] - click(findTestObject("Object Repository/WebOffice/Page_Checkatrade - Administration - Login/Login_Button")): Object: 'Object Repository/WebOffice/Page_Checkatrade - Administration - Login/Login_Button' is clicked on

2020-04-21 11:42:02 - [MESSAGE][PASSED] - Object: 'Object Repository/WebOffice/Page_Checkatrade - Administration - Login/Login_Button' is clicked on

2020-04-21 11:42:02 - [TEST_STEP][PASSED] - waitForPageLoad(60): Wait for page load successfully

2020-04-21 11:42:02 - [MESSAGE][PASSED] - Wait for page load successfully

2020-04-21 11:42:02 - [TEST_STEP][PASSED] - verifyTextPresent("Welcome " + wo_Username, false): Text 'Welcome DavidHo' is present on page 

2020-04-21 11:42:02 - [MESSAGE][PASSED] - Text 'Welcome DavidHo' is present on page 

2020-04-21 11:42:02 - [MESSAGE][PASSED] - Call Test Case 'Test Cases/Reusable_Test_Sequences/Web_Office/Directives/WebOffice_StartUp' successfully

2020-04-21 11:42:02 - [TEST_STEP][PASSED] - "-----------------------------------------------------------------": null

2020-04-21 11:42:02 - [TEST_STEP][PASSED] - " Navigate to <Settings->Checkatrade.Com->Sub Item> Menu Item     |": null

2020-04-21 11:42:02 - [TEST_STEP][PASSED] - callTestCase(findTestCase("Reusable_Test_Sequences/Web_Office/Navigation/Sub_Menu_Navigation/Settings/Members_Area/Members_Panel_Suggestions"), [:], STOP_ON_FAILURE): Call Test Case 'Test Cases/Reusable_Test_Sequences/Web_Office/Navigation/Sub_Menu_Navigation/Settings/Members_Area/Members_Panel_Suggestions' successfully

2020-04-21 11:42:02 - [TEST_CASE][PASSED] - Test Cases/Reusable_Test_Sequences/Web_Office/Navigation/Sub_Menu_Navigation/Settings/Members_Area/Members_Panel_Suggestions: Test Cases/Reusable_Test_Sequences/Web_Office/Navigation/Sub_Menu_Navigation/Settings/Members_Area/Members_Panel_Suggestions

2020-04-21 11:42:03 - [TEST_STEP][PASSED] - "--------------------------------------": null

2020-04-21 11:42:03 - [TEST_STEP][PASSED] - " Navigate Top level menu Item         |": null

2020-04-21 11:42:03 - [TEST_STEP][PASSED] - waitForPageLoad(60): Wait for page load successfully

2020-04-21 11:42:03 - [MESSAGE][PASSED] - Wait for page load successfully

2020-04-21 11:42:03 - [TEST_STEP][PASSED] - waitForElementClickable(findTestObject("Object Repository/WebOffice_Home_page/a_Settings"), 60): Object 'Object Repository/WebOffice_Home_page/a_Settings' is clickable

2020-04-21 11:42:03 - [MESSAGE][PASSED] - Object 'Object Repository/WebOffice_Home_page/a_Settings' is clickable

2020-04-21 11:42:03 - [TEST_STEP][PASSED] - mouseOver(findTestObject("Object Repository/WebOffice_Home_page/a_Settings")): Object: 'Object Repository/WebOffice_Home_page/a_Settings' is hovered

2020-04-21 11:42:04 - [MESSAGE][PASSED] - Object: 'Object Repository/WebOffice_Home_page/a_Settings' is hovered

2020-04-21 11:42:04 - [TEST_STEP][PASSED] - mouseOver(findTestObject("Object Repository/WebOffice_Home_page/a_Members Area")): Object: 'Object Repository/WebOffice_Home_page/a_Members Area' is hovered

2020-04-21 11:42:04 - [MESSAGE][PASSED] - Object: 'Object Repository/WebOffice_Home_page/a_Members Area' is hovered

2020-04-21 11:42:04 - [TEST_STEP][PASSED] - waitForElementClickable(findTestObject("Object Repository/WebOffice_Home_page/a_Members Panel Suggestions"), 1): Object 'Object Repository/WebOffice_Home_page/a_Members Panel Suggestions' is clickable

2020-04-21 11:42:04 - [MESSAGE][PASSED] - Object 'Object Repository/WebOffice_Home_page/a_Members Panel Suggestions' is clickable

2020-04-21 11:42:04 - [TEST_STEP][PASSED] - click(findTestObject("Object Repository/WebOffice_Home_page/a_Members Panel Suggestions")): Object: 'Object Repository/WebOffice_Home_page/a_Members Panel Suggestions' is clicked on

2020-04-21 11:42:13 - [MESSAGE][PASSED] - Object: 'Object Repository/WebOffice_Home_page/a_Members Panel Suggestions' is clicked on

2020-04-21 11:42:13 - [MESSAGE][PASSED] - Call Test Case 'Test Cases/Reusable_Test_Sequences/Web_Office/Navigation/Sub_Menu_Navigation/Settings/Members_Area/Members_Panel_Suggestions' successfully

2020-04-21 11:42:13 - [TEST_STEP][PASSED] - "--------------------------------------": null

2020-04-21 11:42:13 - [TEST_STEP][PASSED] - " Verify Returned Page Detail          |": null

2020-04-21 11:42:13 - [TEST_STEP][PASSED] - callTestCase(findTestCase("Reusable_Test_Sequences/Web_Office/Verification/Settings/Members_Area/Members_Panel_Suggestions"), [:], OPTIONAL): Call Test Case 'Test Cases/Reusable_Test_Sequences/Web_Office/Verification/Settings/Members_Area/Members_Panel_Suggestions' successfully

2020-04-21 11:42:13 - [TEST_CASE][PASSED] - Test Cases/Reusable_Test_Sequences/Web_Office/Verification/Settings/Members_Area/Members_Panel_Suggestions: Test Cases/Reusable_Test_Sequences/Web_Office/Verification/Settings/Members_Area/Members_Panel_Suggestions

2020-04-21 11:42:14 - [TEST_STEP][PASSED] - waitForPageLoad(60): Wait for page load successfully

2020-04-21 11:42:14 - [MESSAGE][PASSED] - Wait for page load successfully

2020-04-21 11:42:14 - [TEST_STEP][PASSED] - delay(1): Delayed 1 second(s)

2020-04-21 11:42:15 - [MESSAGE][PASSED] - Delayed 1 second(s)

2020-04-21 11:42:15 - [TEST_STEP][PASSED] - verifyTextPresent("Member Panel Suggestions", false): Text 'Member Panel Suggestions' is present on page 

2020-04-21 11:42:16 - [MESSAGE][PASSED] - Text 'Member Panel Suggestions' is present on page 

2020-04-21 11:42:16 - [TEST_STEP][PASSED] - "----------------------------------------------": null

2020-04-21 11:42:16 - [TEST_STEP][PASSED] - verifyTextPresent("Filter", false): Text 'Filter' is present on page 

2020-04-21 11:42:16 - [MESSAGE][PASSED] - Text 'Filter' is present on page 

2020-04-21 11:42:16 - [TEST_STEP][PASSED] - verifyTextPresent("Suggestion Status", false): Text 'Suggestion Status' is present on page 

2020-04-21 11:42:17 - [MESSAGE][PASSED] - Text 'Suggestion Status' is present on page 

2020-04-21 11:42:17 - [TEST_STEP][PASSED] - verifyTextPresent("Show", false): Text 'Show' is present on page 

2020-04-21 11:42:17 - [MESSAGE][PASSED] - Text 'Show' is present on page 

2020-04-21 11:42:17 - [TEST_STEP][PASSED] - verifyTextPresent("entries", false): Text 'entries' is present on page 

2020-04-21 11:42:17 - [MESSAGE][PASSED] - Text 'entries' is present on page 

2020-04-21 11:42:17 - [TEST_STEP][PASSED] - verifyTextPresent("Search", false): Text 'Search' is present on page 

2020-04-21 11:42:18 - [MESSAGE][PASSED] - Text 'Search' is present on page 

2020-04-21 11:42:18 - [TEST_STEP][PASSED] - "----------------------------------------------": null

2020-04-21 11:42:18 - [TEST_STEP][PASSED] - verifyTextPresent("Status", false): Text 'Status' is present on page 

2020-04-21 11:42:18 - [MESSAGE][PASSED] - Text 'Status' is present on page 

2020-04-21 11:42:18 - [TEST_STEP][PASSED] - verifyTextPresent("Category", false): Text 'Category' is present on page 

2020-04-21 11:42:19 - [MESSAGE][PASSED] - Text 'Category' is present on page 

2020-04-21 11:42:19 - [TEST_STEP][PASSED] - verifyTextPresent("Suggested by", false): Text 'Suggested by' is present on page 

2020-04-21 11:42:19 - [MESSAGE][PASSED] - Text 'Suggested by' is present on page 

2020-04-21 11:42:19 - [TEST_STEP][PASSED] - verifyTextPresent("Created Date", false): Text 'Created Date' is present on page 

2020-04-21 11:42:19 - [MESSAGE][PASSED] - Text 'Created Date' is present on page 

2020-04-21 11:42:19 - [TEST_STEP][PASSED] - "----------------------------------------------": null

2020-04-21 11:42:19 - [TEST_STEP][PASSED] - "----------------------------------------------": null

2020-04-21 11:42:19 - [TEST_STEP][PASSED] - verifyTextPresent("Archived", false): Text 'Archived' is present on page 

2020-04-21 11:42:20 - [MESSAGE][PASSED] - Text 'Archived' is present on page 

2020-04-21 11:42:20 - [TEST_STEP][PASSED] - verifyTextPresent("Members Area", false): Text 'Members Area' is present on page 

2020-04-21 11:42:20 - [MESSAGE][PASSED] - Text 'Members Area' is present on page 

2020-04-21 11:42:20 - [TEST_STEP][PASSED] - verifyTextPresent("Membership Advisor", false): Text 'Membership Advisor' is present on page 

2020-04-21 11:42:21 - [MESSAGE][PASSED] - Text 'Membership Advisor' is present on page 

2020-04-21 11:42:21 - [TEST_STEP][PASSED] - verifyTextPresent("Plastering Services", false): Text 'Plastering Services' is present on page 

2020-04-21 11:42:21 - [MESSAGE][PASSED] - Text 'Plastering Services' is present on page 

2020-04-21 11:42:21 - [TEST_STEP][PASSED] - verifyTextPresent("Misc.", false): Text 'Misc.' is present on page 

2020-04-21 11:42:21 - [MESSAGE][PASSED] - Text 'Misc.' is present on page 

2020-04-21 11:42:21 - [MESSAGE][PASSED] - Call Test Case 'Test Cases/Reusable_Test_Sequences/Web_Office/Verification/Settings/Members_Area/Members_Panel_Suggestions' successfully

2020-04-21 11:42:21 - [TEST_STEP][PASSED] - "--------------------------": null

2020-04-21 11:42:21 - [TEST_STEP][PASSED] - " Teardown - CLose Browser |": null

2020-04-21 11:42:21 - [TEST_STEP][PASSED] - callTestCase(findTestCase("Reusable_Test_Sequences/CAT_Teardown"), [:], OPTIONAL): Call Test Case 'Test Cases/Reusable_Test_Sequences/CAT_Teardown' successfully

2020-04-21 11:42:22 - [TEST_CASE][PASSED] - Test Cases/Reusable_Test_Sequences/CAT_Teardown: Test Cases/Reusable_Test_Sequences/CAT_Teardown

2020-04-21 11:42:22 - [TEST_STEP][PASSED] - closeBrowser(): Browser is closed

2020-04-21 11:42:23 - [MESSAGE][PASSED] - Browser is closed

2020-04-21 11:42:23 - [TEST_STEP][PASSED] - super.finalize(): null

2020-04-21 11:42:23 - [TEST_STEP][PASSED] - System.gc(): null

2020-04-21 11:42:23 - [MESSAGE][PASSED] - Call Test Case 'Test Cases/Reusable_Test_Sequences/CAT_Teardown' successfully]]></system-out>
         <system-err><![CDATA[]]></system-err>
      </testcase>
      <testcase name="Test Cases/Web_Office/Settings/Members_Area/Members_Panel_Minutes" time="29.718" classname="Test Cases/Web_Office/Settings/Members_Area/Members_Panel_Minutes" status="PASSED">
         <system-out><![CDATA[2020-04-21 11:42:23 - [TEST_CASE][PASSED] - Test Cases/Web_Office/Settings/Members_Area/Members_Panel_Minutes: Test Cases/Web_Office/Settings/Members_Area/Members_Panel_Minutes

2020-04-21 11:42:25 - [TEST_STEP][PASSED] - "--------------------------------------": null

2020-04-21 11:42:25 - [TEST_STEP][PASSED] - " Web Office StartUp                  |": null

2020-04-21 11:42:25 - [TEST_STEP][PASSED] - callTestCase(findTestCase("Reusable_Test_Sequences/Web_Office/Directives/WebOffice_StartUp"), [:], STOP_ON_FAILURE): Call Test Case 'Test Cases/Reusable_Test_Sequences/Web_Office/Directives/WebOffice_StartUp' successfully

2020-04-21 11:42:25 - [TEST_CASE][PASSED] - Test Cases/Reusable_Test_Sequences/Web_Office/Directives/WebOffice_StartUp: Test Cases/Reusable_Test_Sequences/Web_Office/Directives/WebOffice_StartUp

2020-04-21 11:42:25 - [TEST_STEP][PASSED] - "-----------------------------------------------------------------------------": null

2020-04-21 11:42:25 - [TEST_STEP][PASSED] - if (URL == "https://www.dev.checkatrade.com/"): null

2020-04-21 11:42:25 - [TEST_STEP][PASSED] - "-----------------------------------------------------------------------------": null

2020-04-21 11:42:25 - [TEST_STEP][PASSED] - if (URL == "https://www.checkatrade.com/"): null

2020-04-21 11:42:25 - [TEST_STEP][PASSED] - "-----------------------------------------------------------------------------": null

2020-04-21 11:42:25 - [TEST_STEP][PASSED] - if (URL == "https://www.preview.checkatrade.com/"): null

2020-04-21 11:42:25 - [TEST_STEP][PASSED] - WebOfficeURL = "https://admin.preview.checkatrade.com/": null

2020-04-21 11:42:25 - [TEST_STEP][PASSED] - if (URL == "https://www.dev2.checkatrade.com/"): null

2020-04-21 11:42:25 - [TEST_STEP][PASSED] - "Set Function Area for "URL_Handler", URL Resolution": null

2020-04-21 11:42:25 - [TEST_STEP][PASSED] - "Do Some Magic with URL(s) See the comments within URL Handler ": null

2020-04-21 11:42:25 - [TEST_STEP][PASSED] - "------------------------------------------------": null

2020-04-21 11:42:25 - [TEST_STEP][PASSED] - "Moved Login Credentials to <Default> profile 22/01/2020": null

2020-04-21 11:42:25 - [TEST_STEP][PASSED] - "------------------------------------------------": null

2020-04-21 11:42:25 - [TEST_STEP][PASSED] - "WebOfficeURL - Set from the ENVIRONMENT PROFILE ": null

2020-04-21 11:42:25 - [TEST_STEP][PASSED] - "OPEN BROWSER": null

2020-04-21 11:42:25 - [TEST_STEP][PASSED] - "eg - https://admin.preview.checkatrade.com/  ": null

2020-04-21 11:42:25 - [TEST_STEP][PASSED] - openBrowser(WebOfficeURL): Browser is opened with url: 'https://admin.preview.checkatrade.com/'

2020-04-21 11:42:25 - [MESSAGE][INFO] - Starting 'Chrome' driver

2020-04-21 11:42:25 - [MESSAGE][INFO] - Action delay is set to 0 milliseconds

2020-04-21 11:42:30 - [MESSAGE][PASSED] - Browser is opened with url: 'https://admin.preview.checkatrade.com/'

2020-04-21 11:42:30 - [TEST_STEP][PASSED] - maximizeWindow(): Current window maximized

2020-04-21 11:42:33 - [MESSAGE][PASSED] - Current window maximized

2020-04-21 11:42:33 - [TEST_STEP][PASSED] - waitForElementClickable(findTestObject("Object Repository/WebOffice/Page_Checkatrade - Administration - Login/Login_Button"), 25): Object 'Object Repository/WebOffice/Page_Checkatrade - Administration - Login/Login_Button' is clickable

2020-04-21 11:42:35 - [MESSAGE][PASSED] - Object 'Object Repository/WebOffice/Page_Checkatrade - Administration - Login/Login_Button' is clickable

2020-04-21 11:42:35 - [TEST_STEP][PASSED] - verifyTextPresent("Checkatrade Web Office", false): Text 'Checkatrade Web Office' is present on page 

2020-04-21 11:42:35 - [MESSAGE][PASSED] - Text 'Checkatrade Web Office' is present on page 

2020-04-21 11:42:35 - [TEST_STEP][PASSED] - verifyTextPresent("Access for staff use only", false): Text 'Access for staff use only' is present on page 

2020-04-21 11:42:35 - [MESSAGE][PASSED] - Text 'Access for staff use only' is present on page 

2020-04-21 11:42:35 - [TEST_STEP][PASSED] - verifyTextPresent("Forgotten password?", false): Text 'Forgotten password?' is present on page 

2020-04-21 11:42:35 - [MESSAGE][PASSED] - Text 'Forgotten password?' is present on page 

2020-04-21 11:42:35 - [TEST_STEP][PASSED] - setText(findTestObject("Object Repository/WebOffice/Page_Checkatrade - Administration - Login/input_Username_LoginControlUserName"), wo_Username): Text 'DavidHo' is set on object 'Object Repository/WebOffice/Page_Checkatrade - Administration - Login/input_Username_LoginControlUserName'

2020-04-21 11:42:36 - [MESSAGE][PASSED] - Text 'DavidHo' is set on object 'Object Repository/WebOffice/Page_Checkatrade - Administration - Login/input_Username_LoginControlUserName'

2020-04-21 11:42:36 - [TEST_STEP][PASSED] - setText(findTestObject("Object Repository/WebOffice/Page_Checkatrade - Administration - Login/input_Password_LoginControlPassword"), wo_Password): Text 'Check123' is set on object 'Object Repository/WebOffice/Page_Checkatrade - Administration - Login/input_Password_LoginControlPassword'

2020-04-21 11:42:36 - [MESSAGE][PASSED] - Text 'Check123' is set on object 'Object Repository/WebOffice/Page_Checkatrade - Administration - Login/input_Password_LoginControlPassword'

2020-04-21 11:42:36 - [TEST_STEP][PASSED] - click(findTestObject("Object Repository/WebOffice/Page_Checkatrade - Administration - Login/Login_Button")): Object: 'Object Repository/WebOffice/Page_Checkatrade - Administration - Login/Login_Button' is clicked on

2020-04-21 11:42:37 - [MESSAGE][PASSED] - Object: 'Object Repository/WebOffice/Page_Checkatrade - Administration - Login/Login_Button' is clicked on

2020-04-21 11:42:37 - [TEST_STEP][PASSED] - waitForPageLoad(60): Wait for page load successfully

2020-04-21 11:42:38 - [MESSAGE][PASSED] - Wait for page load successfully

2020-04-21 11:42:38 - [TEST_STEP][PASSED] - verifyTextPresent("Welcome " + wo_Username, false): Text 'Welcome DavidHo' is present on page 

2020-04-21 11:42:38 - [MESSAGE][PASSED] - Text 'Welcome DavidHo' is present on page 

2020-04-21 11:42:38 - [MESSAGE][PASSED] - Call Test Case 'Test Cases/Reusable_Test_Sequences/Web_Office/Directives/WebOffice_StartUp' successfully

2020-04-21 11:42:38 - [TEST_STEP][PASSED] - "-----------------------------------------------------------------": null

2020-04-21 11:42:38 - [TEST_STEP][PASSED] - " Navigate to <Settings->Checkatrade.Com->Sub Item> Menu Item     |": null

2020-04-21 11:42:38 - [TEST_STEP][PASSED] - callTestCase(findTestCase("Reusable_Test_Sequences/Web_Office/Navigation/Sub_Menu_Navigation/Settings/Members_Area/Members_Panel_Minutes"), [:], STOP_ON_FAILURE): Call Test Case 'Test Cases/Reusable_Test_Sequences/Web_Office/Navigation/Sub_Menu_Navigation/Settings/Members_Area/Members_Panel_Minutes' successfully

2020-04-21 11:42:38 - [TEST_CASE][PASSED] - Test Cases/Reusable_Test_Sequences/Web_Office/Navigation/Sub_Menu_Navigation/Settings/Members_Area/Members_Panel_Minutes: Test Cases/Reusable_Test_Sequences/Web_Office/Navigation/Sub_Menu_Navigation/Settings/Members_Area/Members_Panel_Minutes

2020-04-21 11:42:39 - [TEST_STEP][PASSED] - "--------------------------------------": null

2020-04-21 11:42:39 - [TEST_STEP][PASSED] - " Navigate Top level menu Item         |": null

2020-04-21 11:42:39 - [TEST_STEP][PASSED] - waitForPageLoad(60): Wait for page load successfully

2020-04-21 11:42:39 - [MESSAGE][PASSED] - Wait for page load successfully

2020-04-21 11:42:39 - [TEST_STEP][PASSED] - waitForElementClickable(findTestObject("Object Repository/WebOffice_Home_page/a_Settings"), 60): Object 'Object Repository/WebOffice_Home_page/a_Settings' is clickable

2020-04-21 11:42:39 - [MESSAGE][PASSED] - Object 'Object Repository/WebOffice_Home_page/a_Settings' is clickable

2020-04-21 11:42:39 - [TEST_STEP][PASSED] - mouseOver(findTestObject("Object Repository/WebOffice_Home_page/a_Settings")): Object: 'Object Repository/WebOffice_Home_page/a_Settings' is hovered

2020-04-21 11:42:40 - [MESSAGE][PASSED] - Object: 'Object Repository/WebOffice_Home_page/a_Settings' is hovered

2020-04-21 11:42:40 - [TEST_STEP][PASSED] - mouseOver(findTestObject("Object Repository/WebOffice_Home_page/a_Members Area")): Object: 'Object Repository/WebOffice_Home_page/a_Members Area' is hovered

2020-04-21 11:42:40 - [MESSAGE][PASSED] - Object: 'Object Repository/WebOffice_Home_page/a_Members Area' is hovered

2020-04-21 11:42:40 - [TEST_STEP][PASSED] - waitForElementClickable(findTestObject("Object Repository/WebOffice_Home_page/a_Members Panel Minutes"), 1): Object 'Object Repository/WebOffice_Home_page/a_Members Panel Minutes' is clickable

2020-04-21 11:42:40 - [MESSAGE][PASSED] - Object 'Object Repository/WebOffice_Home_page/a_Members Panel Minutes' is clickable

2020-04-21 11:42:40 - [TEST_STEP][PASSED] - click(findTestObject("Object Repository/WebOffice_Home_page/a_Members Panel Minutes")): Object: 'Object Repository/WebOffice_Home_page/a_Members Panel Minutes' is clicked on

2020-04-21 11:42:41 - [MESSAGE][PASSED] - Object: 'Object Repository/WebOffice_Home_page/a_Members Panel Minutes' is clicked on

2020-04-21 11:42:41 - [MESSAGE][PASSED] - Call Test Case 'Test Cases/Reusable_Test_Sequences/Web_Office/Navigation/Sub_Menu_Navigation/Settings/Members_Area/Members_Panel_Minutes' successfully

2020-04-21 11:42:41 - [TEST_STEP][PASSED] - "--------------------------------------": null

2020-04-21 11:42:41 - [TEST_STEP][PASSED] - " Verify Returned Page Detail          |": null

2020-04-21 11:42:41 - [TEST_STEP][PASSED] - callTestCase(findTestCase("Reusable_Test_Sequences/Web_Office/Verification/Settings/Members_Area/Members_Panel_Minutes"), [:], OPTIONAL): Call Test Case 'Test Cases/Reusable_Test_Sequences/Web_Office/Verification/Settings/Members_Area/Members_Panel_Minutes' successfully

2020-04-21 11:42:42 - [TEST_CASE][PASSED] - Test Cases/Reusable_Test_Sequences/Web_Office/Verification/Settings/Members_Area/Members_Panel_Minutes: Test Cases/Reusable_Test_Sequences/Web_Office/Verification/Settings/Members_Area/Members_Panel_Minutes

2020-04-21 11:42:42 - [TEST_STEP][PASSED] - waitForPageLoad(60): Wait for page load successfully

2020-04-21 11:42:42 - [MESSAGE][PASSED] - Wait for page load successfully

2020-04-21 11:42:42 - [TEST_STEP][PASSED] - delay(1): Delayed 1 second(s)

2020-04-21 11:42:43 - [MESSAGE][PASSED] - Delayed 1 second(s)

2020-04-21 11:42:43 - [TEST_STEP][PASSED] - verifyTextPresent("Members Panel Minutes", false): Text 'Members Panel Minutes' is present on page 

2020-04-21 11:42:44 - [MESSAGE][PASSED] - Text 'Members Panel Minutes' is present on page 

2020-04-21 11:42:44 - [TEST_STEP][PASSED] - "----------------------------------------------": null

2020-04-21 11:42:44 - [TEST_STEP][PASSED] - verifyTextPresent("Upload Members panel minutes", false): Text 'Upload Members panel minutes' is present on page 

2020-04-21 11:42:44 - [MESSAGE][PASSED] - Text 'Upload Members panel minutes' is present on page 

2020-04-21 11:42:44 - [TEST_STEP][PASSED] - verifyTextPresent("Select file", false): Text 'Select file' is present on page 

2020-04-21 11:42:45 - [MESSAGE][PASSED] - Text 'Select file' is present on page 

2020-04-21 11:42:45 - [TEST_STEP][PASSED] - verifyTextPresent("Select Date", false): Text 'Select Date' is present on page 

2020-04-21 11:42:45 - [MESSAGE][PASSED] - Text 'Select Date' is present on page 

2020-04-21 11:42:45 - [TEST_STEP][PASSED] - verifyTextPresent("Upload", false): Text 'Upload' is present on page 

2020-04-21 11:42:45 - [MESSAGE][PASSED] - Text 'Upload' is present on page 

2020-04-21 11:42:45 - [TEST_STEP][PASSED] - verifyTextPresent("Browse", false): Text 'Browse' is present on page 

2020-04-21 11:42:45 - [MESSAGE][PASSED] - Text 'Browse' is present on page 

2020-04-21 11:42:45 - [TEST_STEP][PASSED] - "----------------------------------------------": null

2020-04-21 11:42:45 - [TEST_STEP][PASSED] - verifyTextPresent("Previously Uploaded Minutes", false): Text 'Previously Uploaded Minutes' is present on page 

2020-04-21 11:42:46 - [MESSAGE][PASSED] - Text 'Previously Uploaded Minutes' is present on page 

2020-04-21 11:42:46 - [TEST_STEP][PASSED] - verifyTextPresent("Panel Meeting Minutes", false): Text 'Panel Meeting Minutes' is present on page 

2020-04-21 11:42:46 - [MESSAGE][PASSED] - Text 'Panel Meeting Minutes' is present on page 

2020-04-21 11:42:46 - [TEST_STEP][PASSED] - "----------------------------------------------": null

2020-04-21 11:42:46 - [TEST_STEP][PASSED] - verifyTextPresent("Set next members panel meeting date", false): Text 'Set next members panel meeting date' is present on page 

2020-04-21 11:42:46 - [MESSAGE][PASSED] - Text 'Set next members panel meeting date' is present on page 

2020-04-21 11:42:46 - [TEST_STEP][PASSED] - verifyTextPresent("Next Meeting Date Currently", false): Text 'Next Meeting Date Currently' is present on page 

2020-04-21 11:42:47 - [MESSAGE][PASSED] - Text 'Next Meeting Date Currently' is present on page 

2020-04-21 11:42:47 - [TEST_STEP][PASSED] - verifyTextPresent("Next meeting on hold", false): Text 'Next meeting on hold' is present on page 

2020-04-21 11:42:47 - [MESSAGE][PASSED] - Text 'Next meeting on hold' is present on page 

2020-04-21 11:42:47 - [TEST_STEP][PASSED] - verifyTextPresent("Please continue to make suggestions", false): Text 'Please continue to make suggestions' is present on page 

2020-04-21 11:42:47 - [MESSAGE][PASSED] - Text 'Please continue to make suggestions' is present on page 

2020-04-21 11:42:47 - [TEST_STEP][PASSED] - verifyTextPresent("Set Date", false): Text 'Set Date' is present on page 

2020-04-21 11:42:48 - [MESSAGE][PASSED] - Text 'Set Date' is present on page 

2020-04-21 11:42:48 - [MESSAGE][PASSED] - Call Test Case 'Test Cases/Reusable_Test_Sequences/Web_Office/Verification/Settings/Members_Area/Members_Panel_Minutes' successfully

2020-04-21 11:42:48 - [TEST_STEP][PASSED] - "--------------------------": null

2020-04-21 11:42:48 - [TEST_STEP][PASSED] - " Teardown - CLose Browser |": null

2020-04-21 11:42:48 - [TEST_STEP][PASSED] - callTestCase(findTestCase("Reusable_Test_Sequences/CAT_Teardown"), [:], OPTIONAL): Call Test Case 'Test Cases/Reusable_Test_Sequences/CAT_Teardown' successfully

2020-04-21 11:42:48 - [TEST_CASE][PASSED] - Test Cases/Reusable_Test_Sequences/CAT_Teardown: Test Cases/Reusable_Test_Sequences/CAT_Teardown

2020-04-21 11:42:48 - [TEST_STEP][PASSED] - closeBrowser(): Browser is closed

2020-04-21 11:42:53 - [MESSAGE][PASSED] - Browser is closed

2020-04-21 11:42:53 - [TEST_STEP][PASSED] - super.finalize(): null

2020-04-21 11:42:53 - [TEST_STEP][PASSED] - System.gc(): null

2020-04-21 11:42:53 - [MESSAGE][PASSED] - Call Test Case 'Test Cases/Reusable_Test_Sequences/CAT_Teardown' successfully]]></system-out>
         <system-err><![CDATA[]]></system-err>
      </testcase>
      <testcase name="Test Cases/Web_Office/Settings/Members_Area/Members_Alerts" time="33.26" classname="Test Cases/Web_Office/Settings/Members_Area/Members_Alerts" status="PASSED">
         <system-out><![CDATA[2020-04-21 11:42:53 - [TEST_CASE][PASSED] - Test Cases/Web_Office/Settings/Members_Area/Members_Alerts: Test Cases/Web_Office/Settings/Members_Area/Members_Alerts

2020-04-21 11:42:54 - [TEST_STEP][PASSED] - "--------------------------------------": null

2020-04-21 11:42:54 - [TEST_STEP][PASSED] - " Web Office StartUp                  |": null

2020-04-21 11:42:54 - [TEST_STEP][PASSED] - callTestCase(findTestCase("Reusable_Test_Sequences/Web_Office/Directives/WebOffice_StartUp"), [:], STOP_ON_FAILURE): Call Test Case 'Test Cases/Reusable_Test_Sequences/Web_Office/Directives/WebOffice_StartUp' successfully

2020-04-21 11:42:54 - [TEST_CASE][PASSED] - Test Cases/Reusable_Test_Sequences/Web_Office/Directives/WebOffice_StartUp: Test Cases/Reusable_Test_Sequences/Web_Office/Directives/WebOffice_StartUp

2020-04-21 11:42:54 - [TEST_STEP][PASSED] - "-----------------------------------------------------------------------------": null

2020-04-21 11:42:54 - [TEST_STEP][PASSED] - if (URL == "https://www.dev.checkatrade.com/"): null

2020-04-21 11:42:54 - [TEST_STEP][PASSED] - "-----------------------------------------------------------------------------": null

2020-04-21 11:42:54 - [TEST_STEP][PASSED] - if (URL == "https://www.checkatrade.com/"): null

2020-04-21 11:42:54 - [TEST_STEP][PASSED] - "-----------------------------------------------------------------------------": null

2020-04-21 11:42:54 - [TEST_STEP][PASSED] - if (URL == "https://www.preview.checkatrade.com/"): null

2020-04-21 11:42:54 - [TEST_STEP][PASSED] - WebOfficeURL = "https://admin.preview.checkatrade.com/": null

2020-04-21 11:42:54 - [TEST_STEP][PASSED] - if (URL == "https://www.dev2.checkatrade.com/"): null

2020-04-21 11:42:54 - [TEST_STEP][PASSED] - "Set Function Area for "URL_Handler", URL Resolution": null

2020-04-21 11:42:54 - [TEST_STEP][PASSED] - "Do Some Magic with URL(s) See the comments within URL Handler ": null

2020-04-21 11:42:54 - [TEST_STEP][PASSED] - "------------------------------------------------": null

2020-04-21 11:42:54 - [TEST_STEP][PASSED] - "Moved Login Credentials to <Default> profile 22/01/2020": null

2020-04-21 11:42:54 - [TEST_STEP][PASSED] - "------------------------------------------------": null

2020-04-21 11:42:54 - [TEST_STEP][PASSED] - "WebOfficeURL - Set from the ENVIRONMENT PROFILE ": null

2020-04-21 11:42:54 - [TEST_STEP][PASSED] - "OPEN BROWSER": null

2020-04-21 11:42:54 - [TEST_STEP][PASSED] - "eg - https://admin.preview.checkatrade.com/  ": null

2020-04-21 11:42:54 - [TEST_STEP][PASSED] - openBrowser(WebOfficeURL): Browser is opened with url: 'https://admin.preview.checkatrade.com/'

2020-04-21 11:42:54 - [MESSAGE][INFO] - Starting 'Chrome' driver

2020-04-21 11:42:54 - [MESSAGE][INFO] - Action delay is set to 0 milliseconds

2020-04-21 11:42:59 - [MESSAGE][PASSED] - Browser is opened with url: 'https://admin.preview.checkatrade.com/'

2020-04-21 11:42:59 - [TEST_STEP][PASSED] - maximizeWindow(): Current window maximized

2020-04-21 11:43:02 - [MESSAGE][PASSED] - Current window maximized

2020-04-21 11:43:02 - [TEST_STEP][PASSED] - waitForElementClickable(findTestObject("Object Repository/WebOffice/Page_Checkatrade - Administration - Login/Login_Button"), 25): Object 'Object Repository/WebOffice/Page_Checkatrade - Administration - Login/Login_Button' is clickable

2020-04-21 11:43:02 - [MESSAGE][PASSED] - Object 'Object Repository/WebOffice/Page_Checkatrade - Administration - Login/Login_Button' is clickable

2020-04-21 11:43:02 - [TEST_STEP][PASSED] - verifyTextPresent("Checkatrade Web Office", false): Text 'Checkatrade Web Office' is present on page 

2020-04-21 11:43:02 - [MESSAGE][PASSED] - Text 'Checkatrade Web Office' is present on page 

2020-04-21 11:43:02 - [TEST_STEP][PASSED] - verifyTextPresent("Access for staff use only", false): Text 'Access for staff use only' is present on page 

2020-04-21 11:43:02 - [MESSAGE][PASSED] - Text 'Access for staff use only' is present on page 

2020-04-21 11:43:02 - [TEST_STEP][PASSED] - verifyTextPresent("Forgotten password?", false): Text 'Forgotten password?' is present on page 

2020-04-21 11:43:02 - [MESSAGE][PASSED] - Text 'Forgotten password?' is present on page 

2020-04-21 11:43:02 - [TEST_STEP][PASSED] - setText(findTestObject("Object Repository/WebOffice/Page_Checkatrade - Administration - Login/input_Username_LoginControlUserName"), wo_Username): Text 'DavidHo' is set on object 'Object Repository/WebOffice/Page_Checkatrade - Administration - Login/input_Username_LoginControlUserName'

2020-04-21 11:43:03 - [MESSAGE][PASSED] - Text 'DavidHo' is set on object 'Object Repository/WebOffice/Page_Checkatrade - Administration - Login/input_Username_LoginControlUserName'

2020-04-21 11:43:03 - [TEST_STEP][PASSED] - setText(findTestObject("Object Repository/WebOffice/Page_Checkatrade - Administration - Login/input_Password_LoginControlPassword"), wo_Password): Text 'Check123' is set on object 'Object Repository/WebOffice/Page_Checkatrade - Administration - Login/input_Password_LoginControlPassword'

2020-04-21 11:43:03 - [MESSAGE][PASSED] - Text 'Check123' is set on object 'Object Repository/WebOffice/Page_Checkatrade - Administration - Login/input_Password_LoginControlPassword'

2020-04-21 11:43:03 - [TEST_STEP][PASSED] - click(findTestObject("Object Repository/WebOffice/Page_Checkatrade - Administration - Login/Login_Button")): Object: 'Object Repository/WebOffice/Page_Checkatrade - Administration - Login/Login_Button' is clicked on

2020-04-21 11:43:06 - [MESSAGE][PASSED] - Object: 'Object Repository/WebOffice/Page_Checkatrade - Administration - Login/Login_Button' is clicked on

2020-04-21 11:43:06 - [TEST_STEP][PASSED] - waitForPageLoad(60): Wait for page load successfully

2020-04-21 11:43:06 - [MESSAGE][PASSED] - Wait for page load successfully

2020-04-21 11:43:06 - [TEST_STEP][PASSED] - verifyTextPresent("Welcome " + wo_Username, false): Text 'Welcome DavidHo' is present on page 

2020-04-21 11:43:07 - [MESSAGE][PASSED] - Text 'Welcome DavidHo' is present on page 

2020-04-21 11:43:07 - [MESSAGE][PASSED] - Call Test Case 'Test Cases/Reusable_Test_Sequences/Web_Office/Directives/WebOffice_StartUp' successfully

2020-04-21 11:43:07 - [TEST_STEP][PASSED] - "-----------------------------------------------------------------": null

2020-04-21 11:43:07 - [TEST_STEP][PASSED] - " Navigate to <Settings->Checkatrade.Com->Sub Item> Menu Item     |": null

2020-04-21 11:43:07 - [TEST_STEP][PASSED] - callTestCase(findTestCase("Reusable_Test_Sequences/Web_Office/Navigation/Sub_Menu_Navigation/Settings/Members_Area/Members_Alerts"), [:], STOP_ON_FAILURE): Call Test Case 'Test Cases/Reusable_Test_Sequences/Web_Office/Navigation/Sub_Menu_Navigation/Settings/Members_Area/Members_Alerts' successfully

2020-04-21 11:43:07 - [TEST_CASE][PASSED] - Test Cases/Reusable_Test_Sequences/Web_Office/Navigation/Sub_Menu_Navigation/Settings/Members_Area/Members_Alerts: Test Cases/Reusable_Test_Sequences/Web_Office/Navigation/Sub_Menu_Navigation/Settings/Members_Area/Members_Alerts

2020-04-21 11:43:08 - [TEST_STEP][PASSED] - "--------------------------------------": null

2020-04-21 11:43:08 - [TEST_STEP][PASSED] - " Navigate Top level menu Item         |": null

2020-04-21 11:43:08 - [TEST_STEP][PASSED] - waitForPageLoad(60): Wait for page load successfully

2020-04-21 11:43:09 - [MESSAGE][PASSED] - Wait for page load successfully

2020-04-21 11:43:09 - [TEST_STEP][PASSED] - waitForElementClickable(findTestObject("Object Repository/WebOffice_Home_page/a_Settings"), 60): Object 'Object Repository/WebOffice_Home_page/a_Settings' is clickable

2020-04-21 11:43:09 - [MESSAGE][PASSED] - Object 'Object Repository/WebOffice_Home_page/a_Settings' is clickable

2020-04-21 11:43:09 - [TEST_STEP][PASSED] - mouseOver(findTestObject("Object Repository/WebOffice_Home_page/a_Settings")): Object: 'Object Repository/WebOffice_Home_page/a_Settings' is hovered

2020-04-21 11:43:10 - [MESSAGE][PASSED] - Object: 'Object Repository/WebOffice_Home_page/a_Settings' is hovered

2020-04-21 11:43:10 - [TEST_STEP][PASSED] - mouseOver(findTestObject("Object Repository/WebOffice_Home_page/a_Members Area")): Object: 'Object Repository/WebOffice_Home_page/a_Members Area' is hovered

2020-04-21 11:43:10 - [MESSAGE][PASSED] - Object: 'Object Repository/WebOffice_Home_page/a_Members Area' is hovered

2020-04-21 11:43:10 - [TEST_STEP][PASSED] - waitForElementClickable(findTestObject("Object Repository/WebOffice_Home_page/a_Members Alerts"), 1): Object 'Object Repository/WebOffice_Home_page/a_Members Alerts' is clickable

2020-04-21 11:43:10 - [MESSAGE][PASSED] - Object 'Object Repository/WebOffice_Home_page/a_Members Alerts' is clickable

2020-04-21 11:43:10 - [TEST_STEP][PASSED] - click(findTestObject("Object Repository/WebOffice_Home_page/a_Members Alerts")): Object: 'Object Repository/WebOffice_Home_page/a_Members Alerts' is clicked on

2020-04-21 11:43:12 - [MESSAGE][PASSED] - Object: 'Object Repository/WebOffice_Home_page/a_Members Alerts' is clicked on

2020-04-21 11:43:12 - [MESSAGE][PASSED] - Call Test Case 'Test Cases/Reusable_Test_Sequences/Web_Office/Navigation/Sub_Menu_Navigation/Settings/Members_Area/Members_Alerts' successfully

2020-04-21 11:43:12 - [TEST_STEP][PASSED] - "--------------------------------------": null

2020-04-21 11:43:12 - [TEST_STEP][PASSED] - " Verify Returned Page Detail          |": null

2020-04-21 11:43:12 - [TEST_STEP][PASSED] - callTestCase(findTestCase("Reusable_Test_Sequences/Web_Office/Verification/Settings/Members_Area/Members_Alerts"), [:], OPTIONAL): Call Test Case 'Test Cases/Reusable_Test_Sequences/Web_Office/Verification/Settings/Members_Area/Members_Alerts' successfully

2020-04-21 11:43:12 - [TEST_CASE][PASSED] - Test Cases/Reusable_Test_Sequences/Web_Office/Verification/Settings/Members_Area/Members_Alerts: Test Cases/Reusable_Test_Sequences/Web_Office/Verification/Settings/Members_Area/Members_Alerts

2020-04-21 11:43:13 - [TEST_STEP][PASSED] - waitForPageLoad(60): Wait for page load successfully

2020-04-21 11:43:13 - [MESSAGE][PASSED] - Wait for page load successfully

2020-04-21 11:43:13 - [TEST_STEP][PASSED] - delay(1): Delayed 1 second(s)

2020-04-21 11:43:14 - [MESSAGE][PASSED] - Delayed 1 second(s)

2020-04-21 11:43:14 - [TEST_STEP][PASSED] - verifyTextPresent("Members Alerts", false): Text 'Members Alerts' is present on page 

2020-04-21 11:43:16 - [MESSAGE][PASSED] - Text 'Members Alerts' is present on page 

2020-04-21 11:43:16 - [TEST_STEP][PASSED] - "----------------------------------------------": null

2020-04-21 11:43:16 - [TEST_STEP][PASSED] - verifyTextPresent("Add New Alert", false): Text 'Add New Alert' is present on page 

2020-04-21 11:43:18 - [MESSAGE][PASSED] - Text 'Add New Alert' is present on page 

2020-04-21 11:43:18 - [TEST_STEP][PASSED] - verifyTextPresent("Subject", false): Text 'Subject' is present on page 

2020-04-21 11:43:20 - [MESSAGE][PASSED] - Text 'Subject' is present on page 

2020-04-21 11:43:20 - [TEST_STEP][PASSED] - verifyTextPresent("Details", false): Text 'Details' is present on page 

2020-04-21 11:43:21 - [MESSAGE][PASSED] - Text 'Details' is present on page 

2020-04-21 11:43:21 - [TEST_STEP][PASSED] - "----------------------------------------------": null

2020-04-21 11:43:21 - [TEST_STEP][PASSED] - verifyTextPresent("Active Alerts", false): Text 'Active Alerts' is present on page 

2020-04-21 11:43:22 - [MESSAGE][PASSED] - Text 'Active Alerts' is present on page 

2020-04-21 11:43:22 - [TEST_STEP][PASSED] - verifyTextPresent("Suspicious emails and calls", false): Text 'Suspicious emails and calls' is present on page 

2020-04-21 11:43:24 - [MESSAGE][PASSED] - Text 'Suspicious emails and calls' is present on page 

2020-04-21 11:43:24 - [MESSAGE][PASSED] - Call Test Case 'Test Cases/Reusable_Test_Sequences/Web_Office/Verification/Settings/Members_Area/Members_Alerts' successfully

2020-04-21 11:43:24 - [TEST_STEP][PASSED] - "--------------------------": null

2020-04-21 11:43:24 - [TEST_STEP][PASSED] - " Teardown - CLose Browser |": null

2020-04-21 11:43:24 - [TEST_STEP][PASSED] - callTestCase(findTestCase("Reusable_Test_Sequences/CAT_Teardown"), [:], OPTIONAL): Call Test Case 'Test Cases/Reusable_Test_Sequences/CAT_Teardown' successfully

2020-04-21 11:43:24 - [TEST_CASE][PASSED] - Test Cases/Reusable_Test_Sequences/CAT_Teardown: Test Cases/Reusable_Test_Sequences/CAT_Teardown

2020-04-21 11:43:24 - [TEST_STEP][PASSED] - closeBrowser(): Browser is closed

2020-04-21 11:43:26 - [MESSAGE][PASSED] - Browser is closed

2020-04-21 11:43:26 - [TEST_STEP][PASSED] - super.finalize(): null

2020-04-21 11:43:26 - [TEST_STEP][PASSED] - System.gc(): null

2020-04-21 11:43:26 - [MESSAGE][PASSED] - Call Test Case 'Test Cases/Reusable_Test_Sequences/CAT_Teardown' successfully]]></system-out>
         <system-err><![CDATA[]]></system-err>
      </testcase>
      <testcase name="Test Cases/Web_Office/Settings/Members_Area/Members_Blog_Posts" time="32.908" classname="Test Cases/Web_Office/Settings/Members_Area/Members_Blog_Posts" status="PASSED">
         <system-out><![CDATA[2020-04-21 11:43:26 - [TEST_CASE][PASSED] - Test Cases/Web_Office/Settings/Members_Area/Members_Blog_Posts: Test Cases/Web_Office/Settings/Members_Area/Members_Blog_Posts

2020-04-21 11:43:27 - [TEST_STEP][PASSED] - "--------------------------------------": null

2020-04-21 11:43:27 - [TEST_STEP][PASSED] - " Web Office StartUp                  |": null

2020-04-21 11:43:27 - [TEST_STEP][PASSED] - callTestCase(findTestCase("Reusable_Test_Sequences/Web_Office/Directives/WebOffice_StartUp"), [:], STOP_ON_FAILURE): Call Test Case 'Test Cases/Reusable_Test_Sequences/Web_Office/Directives/WebOffice_StartUp' successfully

2020-04-21 11:43:27 - [TEST_CASE][PASSED] - Test Cases/Reusable_Test_Sequences/Web_Office/Directives/WebOffice_StartUp: Test Cases/Reusable_Test_Sequences/Web_Office/Directives/WebOffice_StartUp

2020-04-21 11:43:27 - [TEST_STEP][PASSED] - "-----------------------------------------------------------------------------": null

2020-04-21 11:43:27 - [TEST_STEP][PASSED] - if (URL == "https://www.dev.checkatrade.com/"): null

2020-04-21 11:43:27 - [TEST_STEP][PASSED] - "-----------------------------------------------------------------------------": null

2020-04-21 11:43:27 - [TEST_STEP][PASSED] - if (URL == "https://www.checkatrade.com/"): null

2020-04-21 11:43:27 - [TEST_STEP][PASSED] - "-----------------------------------------------------------------------------": null

2020-04-21 11:43:27 - [TEST_STEP][PASSED] - if (URL == "https://www.preview.checkatrade.com/"): null

2020-04-21 11:43:27 - [TEST_STEP][PASSED] - WebOfficeURL = "https://admin.preview.checkatrade.com/": null

2020-04-21 11:43:27 - [TEST_STEP][PASSED] - if (URL == "https://www.dev2.checkatrade.com/"): null

2020-04-21 11:43:27 - [TEST_STEP][PASSED] - "Set Function Area for "URL_Handler", URL Resolution": null

2020-04-21 11:43:27 - [TEST_STEP][PASSED] - "Do Some Magic with URL(s) See the comments within URL Handler ": null

2020-04-21 11:43:27 - [TEST_STEP][PASSED] - "------------------------------------------------": null

2020-04-21 11:43:27 - [TEST_STEP][PASSED] - "Moved Login Credentials to <Default> profile 22/01/2020": null

2020-04-21 11:43:27 - [TEST_STEP][PASSED] - "------------------------------------------------": null

2020-04-21 11:43:27 - [TEST_STEP][PASSED] - "WebOfficeURL - Set from the ENVIRONMENT PROFILE ": null

2020-04-21 11:43:27 - [TEST_STEP][PASSED] - "OPEN BROWSER": null

2020-04-21 11:43:27 - [TEST_STEP][PASSED] - "eg - https://admin.preview.checkatrade.com/  ": null

2020-04-21 11:43:27 - [TEST_STEP][PASSED] - openBrowser(WebOfficeURL): Browser is opened with url: 'https://admin.preview.checkatrade.com/'

2020-04-21 11:43:27 - [MESSAGE][INFO] - Starting 'Chrome' driver

2020-04-21 11:43:27 - [MESSAGE][INFO] - Action delay is set to 0 milliseconds

2020-04-21 11:43:35 - [MESSAGE][PASSED] - Browser is opened with url: 'https://admin.preview.checkatrade.com/'

2020-04-21 11:43:35 - [TEST_STEP][PASSED] - maximizeWindow(): Current window maximized

2020-04-21 11:43:37 - [MESSAGE][PASSED] - Current window maximized

2020-04-21 11:43:37 - [TEST_STEP][PASSED] - waitForElementClickable(findTestObject("Object Repository/WebOffice/Page_Checkatrade - Administration - Login/Login_Button"), 25): Object 'Object Repository/WebOffice/Page_Checkatrade - Administration - Login/Login_Button' is clickable

2020-04-21 11:43:37 - [MESSAGE][PASSED] - Object 'Object Repository/WebOffice/Page_Checkatrade - Administration - Login/Login_Button' is clickable

2020-04-21 11:43:37 - [TEST_STEP][PASSED] - verifyTextPresent("Checkatrade Web Office", false): Text 'Checkatrade Web Office' is present on page 

2020-04-21 11:43:37 - [MESSAGE][PASSED] - Text 'Checkatrade Web Office' is present on page 

2020-04-21 11:43:37 - [TEST_STEP][PASSED] - verifyTextPresent("Access for staff use only", false): Text 'Access for staff use only' is present on page 

2020-04-21 11:43:38 - [MESSAGE][PASSED] - Text 'Access for staff use only' is present on page 

2020-04-21 11:43:38 - [TEST_STEP][PASSED] - verifyTextPresent("Forgotten password?", false): Text 'Forgotten password?' is present on page 

2020-04-21 11:43:39 - [MESSAGE][PASSED] - Text 'Forgotten password?' is present on page 

2020-04-21 11:43:39 - [TEST_STEP][PASSED] - setText(findTestObject("Object Repository/WebOffice/Page_Checkatrade - Administration - Login/input_Username_LoginControlUserName"), wo_Username): Text 'DavidHo' is set on object 'Object Repository/WebOffice/Page_Checkatrade - Administration - Login/input_Username_LoginControlUserName'

2020-04-21 11:43:40 - [MESSAGE][PASSED] - Text 'DavidHo' is set on object 'Object Repository/WebOffice/Page_Checkatrade - Administration - Login/input_Username_LoginControlUserName'

2020-04-21 11:43:40 - [TEST_STEP][PASSED] - setText(findTestObject("Object Repository/WebOffice/Page_Checkatrade - Administration - Login/input_Password_LoginControlPassword"), wo_Password): Text 'Check123' is set on object 'Object Repository/WebOffice/Page_Checkatrade - Administration - Login/input_Password_LoginControlPassword'

2020-04-21 11:43:40 - [MESSAGE][PASSED] - Text 'Check123' is set on object 'Object Repository/WebOffice/Page_Checkatrade - Administration - Login/input_Password_LoginControlPassword'

2020-04-21 11:43:40 - [TEST_STEP][PASSED] - click(findTestObject("Object Repository/WebOffice/Page_Checkatrade - Administration - Login/Login_Button")): Object: 'Object Repository/WebOffice/Page_Checkatrade - Administration - Login/Login_Button' is clicked on

2020-04-21 11:43:43 - [MESSAGE][PASSED] - Object: 'Object Repository/WebOffice/Page_Checkatrade - Administration - Login/Login_Button' is clicked on

2020-04-21 11:43:43 - [TEST_STEP][PASSED] - waitForPageLoad(60): Wait for page load successfully

2020-04-21 11:43:43 - [MESSAGE][PASSED] - Wait for page load successfully

2020-04-21 11:43:43 - [TEST_STEP][PASSED] - verifyTextPresent("Welcome " + wo_Username, false): Text 'Welcome DavidHo' is present on page 

2020-04-21 11:43:43 - [MESSAGE][PASSED] - Text 'Welcome DavidHo' is present on page 

2020-04-21 11:43:43 - [MESSAGE][PASSED] - Call Test Case 'Test Cases/Reusable_Test_Sequences/Web_Office/Directives/WebOffice_StartUp' successfully

2020-04-21 11:43:43 - [TEST_STEP][PASSED] - "-----------------------------------------------------------------": null

2020-04-21 11:43:43 - [TEST_STEP][PASSED] - " Navigate to <Settings->Checkatrade.Com->Sub Item> Menu Item     |": null

2020-04-21 11:43:43 - [TEST_STEP][PASSED] - callTestCase(findTestCase("Reusable_Test_Sequences/Web_Office/Navigation/Sub_Menu_Navigation/Settings/Members_Area/Members_Blog_Posts"), [:], STOP_ON_FAILURE): Call Test Case 'Test Cases/Reusable_Test_Sequences/Web_Office/Navigation/Sub_Menu_Navigation/Settings/Members_Area/Members_Blog_Posts' successfully

2020-04-21 11:43:43 - [TEST_CASE][PASSED] - Test Cases/Reusable_Test_Sequences/Web_Office/Navigation/Sub_Menu_Navigation/Settings/Members_Area/Members_Blog_Posts: Test Cases/Reusable_Test_Sequences/Web_Office/Navigation/Sub_Menu_Navigation/Settings/Members_Area/Members_Blog_Posts

2020-04-21 11:43:44 - [TEST_STEP][PASSED] - "--------------------------------------": null

2020-04-21 11:43:44 - [TEST_STEP][PASSED] - " Navigate Top level menu Item         |": null

2020-04-21 11:43:44 - [TEST_STEP][PASSED] - waitForPageLoad(60): Wait for page load successfully

2020-04-21 11:43:44 - [MESSAGE][PASSED] - Wait for page load successfully

2020-04-21 11:43:44 - [TEST_STEP][PASSED] - waitForElementClickable(findTestObject("Object Repository/WebOffice_Home_page/a_Settings"), 60): Object 'Object Repository/WebOffice_Home_page/a_Settings' is clickable

2020-04-21 11:43:44 - [MESSAGE][PASSED] - Object 'Object Repository/WebOffice_Home_page/a_Settings' is clickable

2020-04-21 11:43:44 - [TEST_STEP][PASSED] - mouseOver(findTestObject("Object Repository/WebOffice_Home_page/a_Settings")): Object: 'Object Repository/WebOffice_Home_page/a_Settings' is hovered

2020-04-21 11:43:44 - [MESSAGE][PASSED] - Object: 'Object Repository/WebOffice_Home_page/a_Settings' is hovered

2020-04-21 11:43:44 - [TEST_STEP][PASSED] - mouseOver(findTestObject("Object Repository/WebOffice_Home_page/a_Members Area")): Object: 'Object Repository/WebOffice_Home_page/a_Members Area' is hovered

2020-04-21 11:43:45 - [MESSAGE][PASSED] - Object: 'Object Repository/WebOffice_Home_page/a_Members Area' is hovered

2020-04-21 11:43:45 - [TEST_STEP][PASSED] - waitForElementClickable(findTestObject("Object Repository/WebOffice_Home_page/a_Members Blog Posts"), 1): Object 'Object Repository/WebOffice_Home_page/a_Members Blog Posts' is clickable

2020-04-21 11:43:45 - [MESSAGE][PASSED] - Object 'Object Repository/WebOffice_Home_page/a_Members Blog Posts' is clickable

2020-04-21 11:43:45 - [TEST_STEP][PASSED] - click(findTestObject("Object Repository/WebOffice_Home_page/a_Members Blog Posts")): Object: 'Object Repository/WebOffice_Home_page/a_Members Blog Posts' is clicked on

2020-04-21 11:43:46 - [MESSAGE][PASSED] - Object: 'Object Repository/WebOffice_Home_page/a_Members Blog Posts' is clicked on

2020-04-21 11:43:46 - [MESSAGE][PASSED] - Call Test Case 'Test Cases/Reusable_Test_Sequences/Web_Office/Navigation/Sub_Menu_Navigation/Settings/Members_Area/Members_Blog_Posts' successfully

2020-04-21 11:43:46 - [TEST_STEP][PASSED] - "--------------------------------------": null

2020-04-21 11:43:46 - [TEST_STEP][PASSED] - " Verify Returned Page Detail          |": null

2020-04-21 11:43:46 - [TEST_STEP][PASSED] - callTestCase(findTestCase("Reusable_Test_Sequences/Web_Office/Verification/Settings/Members_Area/Members_Blog_Posts"), [:], OPTIONAL): Call Test Case 'Test Cases/Reusable_Test_Sequences/Web_Office/Verification/Settings/Members_Area/Members_Blog_Posts' successfully

2020-04-21 11:43:46 - [TEST_CASE][PASSED] - Test Cases/Reusable_Test_Sequences/Web_Office/Verification/Settings/Members_Area/Members_Blog_Posts: Test Cases/Reusable_Test_Sequences/Web_Office/Verification/Settings/Members_Area/Members_Blog_Posts

2020-04-21 11:43:47 - [TEST_STEP][PASSED] - waitForPageLoad(60): Wait for page load successfully

2020-04-21 11:43:47 - [MESSAGE][PASSED] - Wait for page load successfully

2020-04-21 11:43:47 - [TEST_STEP][PASSED] - delay(1): Delayed 1 second(s)

2020-04-21 11:43:48 - [MESSAGE][PASSED] - Delayed 1 second(s)

2020-04-21 11:43:48 - [TEST_STEP][PASSED] - verifyTextPresent("Members Blog Posts", false): Text 'Members Blog Posts' is present on page 

2020-04-21 11:43:49 - [MESSAGE][PASSED] - Text 'Members Blog Posts' is present on page 

2020-04-21 11:43:49 - [TEST_STEP][PASSED] - "----------------------------------------------": null

2020-04-21 11:43:49 - [TEST_STEP][PASSED] - verifyTextPresent("Use this page to add new Blog posts and amend which ones are shown. These are posts are only visible on the Members Area.", false): Text 'Use this page to add new Blog posts and amend which ones are shown. These are posts are only visible on the Members Area.' is present on page 

2020-04-21 11:43:50 - [MESSAGE][PASSED] - Text 'Use this page to add new Blog posts and amend which ones are shown. These are posts are only visible on the Members Area.' is present on page 

2020-04-21 11:43:50 - [TEST_STEP][PASSED] - verifyTextPresent("Subject", false): Text 'Subject' is present on page 

2020-04-21 11:43:50 - [MESSAGE][PASSED] - Text 'Subject' is present on page 

2020-04-21 11:43:50 - [TEST_STEP][PASSED] - verifyTextPresent("Add New Blog Post", false): Text 'Add New Blog Post' is present on page 

2020-04-21 11:43:50 - [MESSAGE][PASSED] - Text 'Add New Blog Post' is present on page 

2020-04-21 11:43:50 - [TEST_STEP][PASSED] - "----------------------------------------------": null

2020-04-21 11:43:50 - [TEST_STEP][PASSED] - verifyTextPresent("Active Blog Posts", false): Text 'Active Blog Posts' is present on page 

2020-04-21 11:43:51 - [MESSAGE][PASSED] - Text 'Active Blog Posts' is present on page 

2020-04-21 11:43:51 - [TEST_STEP][PASSED] - verifyTextPresent("Secure Contacts FAQ's", false): Text 'Secure Contacts FAQ's' is present on page 

2020-04-21 11:43:51 - [MESSAGE][PASSED] - Text 'Secure Contacts FAQ's' is present on page 

2020-04-21 11:43:51 - [MESSAGE][PASSED] - Call Test Case 'Test Cases/Reusable_Test_Sequences/Web_Office/Verification/Settings/Members_Area/Members_Blog_Posts' successfully

2020-04-21 11:43:51 - [TEST_STEP][PASSED] - "--------------------------": null

2020-04-21 11:43:51 - [TEST_STEP][PASSED] - " Teardown - CLose Browser |": null

2020-04-21 11:43:51 - [TEST_STEP][PASSED] - callTestCase(findTestCase("Reusable_Test_Sequences/CAT_Teardown"), [:], OPTIONAL): Call Test Case 'Test Cases/Reusable_Test_Sequences/CAT_Teardown' successfully

2020-04-21 11:43:51 - [TEST_CASE][PASSED] - Test Cases/Reusable_Test_Sequences/CAT_Teardown: Test Cases/Reusable_Test_Sequences/CAT_Teardown

2020-04-21 11:43:51 - [TEST_STEP][PASSED] - closeBrowser(): Browser is closed

2020-04-21 11:43:59 - [MESSAGE][PASSED] - Browser is closed

2020-04-21 11:43:59 - [TEST_STEP][PASSED] - super.finalize(): null

2020-04-21 11:43:59 - [TEST_STEP][PASSED] - System.gc(): null

2020-04-21 11:43:59 - [MESSAGE][PASSED] - Call Test Case 'Test Cases/Reusable_Test_Sequences/CAT_Teardown' successfully]]></system-out>
         <system-err><![CDATA[]]></system-err>
      </testcase>
      <testcase name="Test Cases/Web_Office/Settings/Members_Area/Manage_Accreditation_Types" time="66.369" classname="Test Cases/Web_Office/Settings/Members_Area/Manage_Accreditation_Types" status="PASSED">
         <system-out><![CDATA[2020-04-21 11:43:59 - [TEST_CASE][PASSED] - Test Cases/Web_Office/Settings/Members_Area/Manage_Accreditation_Types: Test Cases/Web_Office/Settings/Members_Area/Manage_Accreditation_Types

2020-04-21 11:44:00 - [TEST_STEP][PASSED] - "--------------------------------------": null

2020-04-21 11:44:00 - [TEST_STEP][PASSED] - " Web Office StartUp                  |": null

2020-04-21 11:44:00 - [TEST_STEP][PASSED] - callTestCase(findTestCase("Reusable_Test_Sequences/Web_Office/Directives/WebOffice_StartUp"), [:], STOP_ON_FAILURE): Call Test Case 'Test Cases/Reusable_Test_Sequences/Web_Office/Directives/WebOffice_StartUp' successfully

2020-04-21 11:44:00 - [TEST_CASE][PASSED] - Test Cases/Reusable_Test_Sequences/Web_Office/Directives/WebOffice_StartUp: Test Cases/Reusable_Test_Sequences/Web_Office/Directives/WebOffice_StartUp

2020-04-21 11:44:00 - [TEST_STEP][PASSED] - "-----------------------------------------------------------------------------": null

2020-04-21 11:44:00 - [TEST_STEP][PASSED] - if (URL == "https://www.dev.checkatrade.com/"): null

2020-04-21 11:44:00 - [TEST_STEP][PASSED] - "-----------------------------------------------------------------------------": null

2020-04-21 11:44:00 - [TEST_STEP][PASSED] - if (URL == "https://www.checkatrade.com/"): null

2020-04-21 11:44:00 - [TEST_STEP][PASSED] - "-----------------------------------------------------------------------------": null

2020-04-21 11:44:00 - [TEST_STEP][PASSED] - if (URL == "https://www.preview.checkatrade.com/"): null

2020-04-21 11:44:00 - [TEST_STEP][PASSED] - WebOfficeURL = "https://admin.preview.checkatrade.com/": null

2020-04-21 11:44:00 - [TEST_STEP][PASSED] - if (URL == "https://www.dev2.checkatrade.com/"): null

2020-04-21 11:44:00 - [TEST_STEP][PASSED] - "Set Function Area for "URL_Handler", URL Resolution": null

2020-04-21 11:44:00 - [TEST_STEP][PASSED] - "Do Some Magic with URL(s) See the comments within URL Handler ": null

2020-04-21 11:44:00 - [TEST_STEP][PASSED] - "------------------------------------------------": null

2020-04-21 11:44:00 - [TEST_STEP][PASSED] - "Moved Login Credentials to <Default> profile 22/01/2020": null

2020-04-21 11:44:00 - [TEST_STEP][PASSED] - "------------------------------------------------": null

2020-04-21 11:44:00 - [TEST_STEP][PASSED] - "WebOfficeURL - Set from the ENVIRONMENT PROFILE ": null

2020-04-21 11:44:00 - [TEST_STEP][PASSED] - "OPEN BROWSER": null

2020-04-21 11:44:00 - [TEST_STEP][PASSED] - "eg - https://admin.preview.checkatrade.com/  ": null

2020-04-21 11:44:00 - [TEST_STEP][PASSED] - openBrowser(WebOfficeURL): Browser is opened with url: 'https://admin.preview.checkatrade.com/'

2020-04-21 11:44:00 - [MESSAGE][INFO] - Starting 'Chrome' driver

2020-04-21 11:44:00 - [MESSAGE][INFO] - Action delay is set to 0 milliseconds

2020-04-21 11:44:06 - [MESSAGE][PASSED] - Browser is opened with url: 'https://admin.preview.checkatrade.com/'

2020-04-21 11:44:06 - [TEST_STEP][PASSED] - maximizeWindow(): Current window maximized

2020-04-21 11:44:09 - [MESSAGE][PASSED] - Current window maximized

2020-04-21 11:44:09 - [TEST_STEP][PASSED] - waitForElementClickable(findTestObject("Object Repository/WebOffice/Page_Checkatrade - Administration - Login/Login_Button"), 25): Object 'Object Repository/WebOffice/Page_Checkatrade - Administration - Login/Login_Button' is clickable

2020-04-21 11:44:09 - [MESSAGE][PASSED] - Object 'Object Repository/WebOffice/Page_Checkatrade - Administration - Login/Login_Button' is clickable

2020-04-21 11:44:09 - [TEST_STEP][PASSED] - verifyTextPresent("Checkatrade Web Office", false): Text 'Checkatrade Web Office' is present on page 

2020-04-21 11:44:10 - [MESSAGE][PASSED] - Text 'Checkatrade Web Office' is present on page 

2020-04-21 11:44:10 - [TEST_STEP][PASSED] - verifyTextPresent("Access for staff use only", false): Text 'Access for staff use only' is present on page 

2020-04-21 11:44:10 - [MESSAGE][PASSED] - Text 'Access for staff use only' is present on page 

2020-04-21 11:44:10 - [TEST_STEP][PASSED] - verifyTextPresent("Forgotten password?", false): Text 'Forgotten password?' is present on page 

2020-04-21 11:44:10 - [MESSAGE][PASSED] - Text 'Forgotten password?' is present on page 

2020-04-21 11:44:10 - [TEST_STEP][PASSED] - setText(findTestObject("Object Repository/WebOffice/Page_Checkatrade - Administration - Login/input_Username_LoginControlUserName"), wo_Username): Text 'DavidHo' is set on object 'Object Repository/WebOffice/Page_Checkatrade - Administration - Login/input_Username_LoginControlUserName'

2020-04-21 11:44:10 - [MESSAGE][PASSED] - Text 'DavidHo' is set on object 'Object Repository/WebOffice/Page_Checkatrade - Administration - Login/input_Username_LoginControlUserName'

2020-04-21 11:44:10 - [TEST_STEP][PASSED] - setText(findTestObject("Object Repository/WebOffice/Page_Checkatrade - Administration - Login/input_Password_LoginControlPassword"), wo_Password): Text 'Check123' is set on object 'Object Repository/WebOffice/Page_Checkatrade - Administration - Login/input_Password_LoginControlPassword'

2020-04-21 11:44:11 - [MESSAGE][PASSED] - Text 'Check123' is set on object 'Object Repository/WebOffice/Page_Checkatrade - Administration - Login/input_Password_LoginControlPassword'

2020-04-21 11:44:11 - [TEST_STEP][PASSED] - click(findTestObject("Object Repository/WebOffice/Page_Checkatrade - Administration - Login/Login_Button")): Object: 'Object Repository/WebOffice/Page_Checkatrade - Administration - Login/Login_Button' is clicked on

2020-04-21 11:44:12 - [MESSAGE][PASSED] - Object: 'Object Repository/WebOffice/Page_Checkatrade - Administration - Login/Login_Button' is clicked on

2020-04-21 11:44:12 - [TEST_STEP][PASSED] - waitForPageLoad(60): Wait for page load successfully

2020-04-21 11:44:13 - [MESSAGE][PASSED] - Wait for page load successfully

2020-04-21 11:44:13 - [TEST_STEP][PASSED] - verifyTextPresent("Welcome " + wo_Username, false): Text 'Welcome DavidHo' is present on page 

2020-04-21 11:44:13 - [MESSAGE][PASSED] - Text 'Welcome DavidHo' is present on page 

2020-04-21 11:44:13 - [MESSAGE][PASSED] - Call Test Case 'Test Cases/Reusable_Test_Sequences/Web_Office/Directives/WebOffice_StartUp' successfully

2020-04-21 11:44:13 - [TEST_STEP][PASSED] - "-----------------------------------------------------------------": null

2020-04-21 11:44:13 - [TEST_STEP][PASSED] - " Navigate to <Settings->Checkatrade.Com->Sub Item> Menu Item     |": null

2020-04-21 11:44:13 - [TEST_STEP][PASSED] - callTestCase(findTestCase("Reusable_Test_Sequences/Web_Office/Navigation/Sub_Menu_Navigation/Settings/Members_Area/Manage_Accreditation_Types"), [:], STOP_ON_FAILURE): Call Test Case 'Test Cases/Reusable_Test_Sequences/Web_Office/Navigation/Sub_Menu_Navigation/Settings/Members_Area/Manage_Accreditation_Types' successfully

2020-04-21 11:44:13 - [TEST_CASE][PASSED] - Test Cases/Reusable_Test_Sequences/Web_Office/Navigation/Sub_Menu_Navigation/Settings/Members_Area/Manage_Accreditation_Types: Test Cases/Reusable_Test_Sequences/Web_Office/Navigation/Sub_Menu_Navigation/Settings/Members_Area/Manage_Accreditation_Types

2020-04-21 11:44:14 - [TEST_STEP][PASSED] - "--------------------------------------": null

2020-04-21 11:44:14 - [TEST_STEP][PASSED] - " Navigate Top level menu Item         |": null

2020-04-21 11:44:14 - [TEST_STEP][PASSED] - waitForPageLoad(60): Wait for page load successfully

2020-04-21 11:44:14 - [MESSAGE][PASSED] - Wait for page load successfully

2020-04-21 11:44:14 - [TEST_STEP][PASSED] - waitForElementClickable(findTestObject("Object Repository/WebOffice_Home_page/a_Settings"), 60): Object 'Object Repository/WebOffice_Home_page/a_Settings' is clickable

2020-04-21 11:44:14 - [MESSAGE][PASSED] - Object 'Object Repository/WebOffice_Home_page/a_Settings' is clickable

2020-04-21 11:44:14 - [TEST_STEP][PASSED] - mouseOver(findTestObject("Object Repository/WebOffice_Home_page/a_Settings")): Object: 'Object Repository/WebOffice_Home_page/a_Settings' is hovered

2020-04-21 11:44:15 - [MESSAGE][PASSED] - Object: 'Object Repository/WebOffice_Home_page/a_Settings' is hovered

2020-04-21 11:44:15 - [TEST_STEP][PASSED] - mouseOver(findTestObject("Object Repository/WebOffice_Home_page/a_Members Area")): Object: 'Object Repository/WebOffice_Home_page/a_Members Area' is hovered

2020-04-21 11:44:15 - [MESSAGE][PASSED] - Object: 'Object Repository/WebOffice_Home_page/a_Members Area' is hovered

2020-04-21 11:44:15 - [TEST_STEP][PASSED] - waitForElementClickable(findTestObject("Object Repository/WebOffice_Home_page/a_Manage Accreditation Types"), 1): Object 'Object Repository/WebOffice_Home_page/a_Manage Accreditation Types' is clickable

2020-04-21 11:44:16 - [MESSAGE][PASSED] - Object 'Object Repository/WebOffice_Home_page/a_Manage Accreditation Types' is clickable

2020-04-21 11:44:16 - [TEST_STEP][PASSED] - click(findTestObject("Object Repository/WebOffice_Home_page/a_Manage Accreditation Types")): Object: 'Object Repository/WebOffice_Home_page/a_Manage Accreditation Types' is clicked on

2020-04-21 11:44:20 - [MESSAGE][PASSED] - Object: 'Object Repository/WebOffice_Home_page/a_Manage Accreditation Types' is clicked on

2020-04-21 11:44:20 - [MESSAGE][PASSED] - Call Test Case 'Test Cases/Reusable_Test_Sequences/Web_Office/Navigation/Sub_Menu_Navigation/Settings/Members_Area/Manage_Accreditation_Types' successfully

2020-04-21 11:44:20 - [TEST_STEP][PASSED] - "--------------------------------------": null

2020-04-21 11:44:20 - [TEST_STEP][PASSED] - " Verify Returned Page Detail          |": null

2020-04-21 11:44:20 - [TEST_STEP][PASSED] - callTestCase(findTestCase("Reusable_Test_Sequences/Web_Office/Verification/Settings/Members_Area/Manage_Accreditation_Types"), [:], OPTIONAL): Call Test Case 'Test Cases/Reusable_Test_Sequences/Web_Office/Verification/Settings/Members_Area/Manage_Accreditation_Types' successfully

2020-04-21 11:44:20 - [TEST_CASE][PASSED] - Test Cases/Reusable_Test_Sequences/Web_Office/Verification/Settings/Members_Area/Manage_Accreditation_Types: Test Cases/Reusable_Test_Sequences/Web_Office/Verification/Settings/Members_Area/Manage_Accreditation_Types

2020-04-21 11:44:21 - [TEST_STEP][PASSED] - waitForPageLoad(60): Wait for page load successfully

2020-04-21 11:44:21 - [MESSAGE][PASSED] - Wait for page load successfully

2020-04-21 11:44:21 - [TEST_STEP][PASSED] - delay(1): Delayed 1 second(s)

2020-04-21 11:44:22 - [MESSAGE][PASSED] - Delayed 1 second(s)

2020-04-21 11:44:22 - [TEST_STEP][PASSED] - verifyTextPresent("Members Accreditations", false): Text 'Members Accreditations' is present on page 

2020-04-21 11:44:24 - [MESSAGE][PASSED] - Text 'Members Accreditations' is present on page 

2020-04-21 11:44:24 - [TEST_STEP][PASSED] - "----------------------------------------------": null

2020-04-21 11:44:24 - [TEST_STEP][PASSED] - verifyTextPresent("Add New Accreditation", false): Text 'Add New Accreditation' is present on page 

2020-04-21 11:44:26 - [MESSAGE][PASSED] - Text 'Add New Accreditation' is present on page 

2020-04-21 11:44:26 - [TEST_STEP][PASSED] - verifyTextPresent("Name", false): Text 'Name' is present on page 

2020-04-21 11:44:27 - [MESSAGE][PASSED] - Text 'Name' is present on page 

2020-04-21 11:44:27 - [TEST_STEP][PASSED] - verifyTextPresent("Description", false): Text 'Description' is present on page 

2020-04-21 11:44:28 - [MESSAGE][PASSED] - Text 'Description' is present on page 

2020-04-21 11:44:28 - [TEST_STEP][PASSED] - verifyTextPresent("Start Date", false): Text 'Start Date' is present on page 

2020-04-21 11:44:29 - [MESSAGE][PASSED] - Text 'Start Date' is present on page 

2020-04-21 11:44:29 - [TEST_STEP][PASSED] - verifyTextPresent("End Date", false): Text 'End Date' is present on page 

2020-04-21 11:44:30 - [MESSAGE][PASSED] - Text 'End Date' is present on page 

2020-04-21 11:44:30 - [TEST_STEP][PASSED] - verifyTextPresent("Status", false): Text 'Status' is present on page 

2020-04-21 11:44:32 - [MESSAGE][PASSED] - Text 'Status' is present on page 

2020-04-21 11:44:32 - [TEST_STEP][PASSED] - verifyTextPresent("Valid", false): Text 'Valid' is present on page 

2020-04-21 11:44:33 - [MESSAGE][PASSED] - Text 'Valid' is present on page 

2020-04-21 11:44:33 - [TEST_STEP][PASSED] - verifyTextPresent("Options", false): Text 'Options' is present on page 

2020-04-21 11:44:36 - [MESSAGE][PASSED] - Text 'Options' is present on page 

2020-04-21 11:44:36 - [TEST_STEP][PASSED] - verifyTextPresent("Expiry Date Required", false): Text 'Expiry Date Required' is present on page 

2020-04-21 11:44:37 - [MESSAGE][PASSED] - Text 'Expiry Date Required' is present on page 

2020-04-21 11:44:37 - [TEST_STEP][PASSED] - verifyTextPresent("Visibility", false): Text 'Visibility' is present on page 

2020-04-21 11:44:40 - [MESSAGE][PASSED] - Text 'Visibility' is present on page 

2020-04-21 11:44:40 - [TEST_STEP][PASSED] - verifyTextPresent("Email", false): Text 'Email' is present on page 

2020-04-21 11:44:42 - [MESSAGE][PASSED] - Text 'Email' is present on page 

2020-04-21 11:44:42 - [TEST_STEP][PASSED] - "----------------------------------------------": null

2020-04-21 11:44:42 - [TEST_STEP][PASSED] - verifyTextPresent("Edit", false): Text 'Edit' is present on page 

2020-04-21 11:44:44 - [MESSAGE][PASSED] - Text 'Edit' is present on page 

2020-04-21 11:44:44 - [TEST_STEP][PASSED] - verifyTextPresent("Status", false): Text 'Status' is present on page 

2020-04-21 11:44:45 - [MESSAGE][PASSED] - Text 'Status' is present on page 

2020-04-21 11:44:45 - [TEST_STEP][PASSED] - verifyTextPresent("Name", false): Text 'Name' is present on page 

2020-04-21 11:44:48 - [MESSAGE][PASSED] - Text 'Name' is present on page 

2020-04-21 11:44:48 - [TEST_STEP][PASSED] - verifyTextPresent("Description", false): Text 'Description' is present on page 

2020-04-21 11:44:50 - [MESSAGE][PASSED] - Text 'Description' is present on page 

2020-04-21 11:44:50 - [TEST_STEP][PASSED] - verifyTextPresent("Expiry Date", false): Text 'Expiry Date' is present on page 

2020-04-21 11:44:52 - [MESSAGE][PASSED] - Text 'Expiry Date' is present on page 

2020-04-21 11:44:52 - [TEST_STEP][PASSED] - verifyTextPresent("Reg", false): Text 'Reg' is present on page 

2020-04-21 11:44:53 - [MESSAGE][PASSED] - Text 'Reg' is present on page 

2020-04-21 11:44:53 - [TEST_STEP][PASSED] - verifyTextPresent("Start Date", false): Text 'Start Date' is present on page 

2020-04-21 11:44:55 - [MESSAGE][PASSED] - Text 'Start Date' is present on page 

2020-04-21 11:44:55 - [TEST_STEP][PASSED] - verifyTextPresent("End Date", false): Text 'End Date' is present on page 

2020-04-21 11:44:56 - [MESSAGE][PASSED] - Text 'End Date' is present on page 

2020-04-21 11:44:56 - [TEST_STEP][PASSED] - verifyTextPresent("Notes", false): Text 'Notes' is present on page 

2020-04-21 11:44:57 - [MESSAGE][PASSED] - Text 'Notes' is present on page 

2020-04-21 11:44:57 - [TEST_STEP][PASSED] - verifyTextPresent("Valid", false): Text 'Valid' is present on page 

2020-04-21 11:44:58 - [MESSAGE][PASSED] - Text 'Valid' is present on page 

2020-04-21 11:44:58 - [TEST_STEP][PASSED] - verifyTextPresent("CORGI", false): Text 'CORGI' is present on page 

2020-04-21 11:45:00 - [MESSAGE][PASSED] - Text 'CORGI' is present on page 

2020-04-21 11:45:00 - [TEST_STEP][PASSED] - verifyTextPresent("British Standards Institution", false): Text 'British Standards Institution' is present on page 

2020-04-21 11:45:02 - [MESSAGE][PASSED] - Text 'British Standards Institution' is present on page 

2020-04-21 11:45:02 - [TEST_STEP][PASSED] - verifyTextPresent("Electrical Contractors Association", false): Text 'Electrical Contractors Association' is present on page 

2020-04-21 11:45:04 - [MESSAGE][PASSED] - Text 'Electrical Contractors Association' is present on page 

2020-04-21 11:45:04 - [MESSAGE][PASSED] - Call Test Case 'Test Cases/Reusable_Test_Sequences/Web_Office/Verification/Settings/Members_Area/Manage_Accreditation_Types' successfully

2020-04-21 11:45:04 - [TEST_STEP][PASSED] - "--------------------------": null

2020-04-21 11:45:04 - [TEST_STEP][PASSED] - " Teardown - CLose Browser |": null

2020-04-21 11:45:04 - [TEST_STEP][PASSED] - callTestCase(findTestCase("Reusable_Test_Sequences/CAT_Teardown"), [:], OPTIONAL): Call Test Case 'Test Cases/Reusable_Test_Sequences/CAT_Teardown' successfully

2020-04-21 11:45:04 - [TEST_CASE][PASSED] - Test Cases/Reusable_Test_Sequences/CAT_Teardown: Test Cases/Reusable_Test_Sequences/CAT_Teardown

2020-04-21 11:45:04 - [TEST_STEP][PASSED] - closeBrowser(): Browser is closed

2020-04-21 11:45:06 - [MESSAGE][PASSED] - Browser is closed

2020-04-21 11:45:06 - [TEST_STEP][PASSED] - super.finalize(): null

2020-04-21 11:45:06 - [TEST_STEP][PASSED] - System.gc(): null

2020-04-21 11:45:06 - [MESSAGE][PASSED] - Call Test Case 'Test Cases/Reusable_Test_Sequences/CAT_Teardown' successfully]]></system-out>
         <system-err><![CDATA[]]></system-err>
      </testcase>
      <testcase name="Test Cases/Web_Office/Settings/Members_Area/Manage_Advert_Banners" time="51.67" classname="Test Cases/Web_Office/Settings/Members_Area/Manage_Advert_Banners" status="PASSED">
         <system-out><![CDATA[2020-04-21 11:45:06 - [TEST_CASE][PASSED] - Test Cases/Web_Office/Settings/Members_Area/Manage_Advert_Banners: Test Cases/Web_Office/Settings/Members_Area/Manage_Advert_Banners

2020-04-21 11:45:07 - [TEST_STEP][PASSED] - "--------------------------------------": null

2020-04-21 11:45:07 - [TEST_STEP][PASSED] - " Web Office StartUp                   |": null

2020-04-21 11:45:07 - [TEST_STEP][PASSED] - callTestCase(findTestCase("Reusable_Test_Sequences/Web_Office/Directives/WebOffice_StartUp"), [:], STOP_ON_FAILURE): Call Test Case 'Test Cases/Reusable_Test_Sequences/Web_Office/Directives/WebOffice_StartUp' successfully

2020-04-21 11:45:07 - [TEST_CASE][PASSED] - Test Cases/Reusable_Test_Sequences/Web_Office/Directives/WebOffice_StartUp: Test Cases/Reusable_Test_Sequences/Web_Office/Directives/WebOffice_StartUp

2020-04-21 11:45:07 - [TEST_STEP][PASSED] - "-----------------------------------------------------------------------------": null

2020-04-21 11:45:07 - [TEST_STEP][PASSED] - if (URL == "https://www.dev.checkatrade.com/"): null

2020-04-21 11:45:07 - [TEST_STEP][PASSED] - "-----------------------------------------------------------------------------": null

2020-04-21 11:45:07 - [TEST_STEP][PASSED] - if (URL == "https://www.checkatrade.com/"): null

2020-04-21 11:45:07 - [TEST_STEP][PASSED] - "-----------------------------------------------------------------------------": null

2020-04-21 11:45:07 - [TEST_STEP][PASSED] - if (URL == "https://www.preview.checkatrade.com/"): null

2020-04-21 11:45:07 - [TEST_STEP][PASSED] - WebOfficeURL = "https://admin.preview.checkatrade.com/": null

2020-04-21 11:45:07 - [TEST_STEP][PASSED] - if (URL == "https://www.dev2.checkatrade.com/"): null

2020-04-21 11:45:07 - [TEST_STEP][PASSED] - "Set Function Area for "URL_Handler", URL Resolution": null

2020-04-21 11:45:07 - [TEST_STEP][PASSED] - "Do Some Magic with URL(s) See the comments within URL Handler ": null

2020-04-21 11:45:07 - [TEST_STEP][PASSED] - "------------------------------------------------": null

2020-04-21 11:45:07 - [TEST_STEP][PASSED] - "Moved Login Credentials to <Default> profile 22/01/2020": null

2020-04-21 11:45:07 - [TEST_STEP][PASSED] - "------------------------------------------------": null

2020-04-21 11:45:07 - [TEST_STEP][PASSED] - "WebOfficeURL - Set from the ENVIRONMENT PROFILE ": null

2020-04-21 11:45:07 - [TEST_STEP][PASSED] - "OPEN BROWSER": null

2020-04-21 11:45:07 - [TEST_STEP][PASSED] - "eg - https://admin.preview.checkatrade.com/  ": null

2020-04-21 11:45:07 - [TEST_STEP][PASSED] - openBrowser(WebOfficeURL): Browser is opened with url: 'https://admin.preview.checkatrade.com/'

2020-04-21 11:45:07 - [MESSAGE][INFO] - Starting 'Chrome' driver

2020-04-21 11:45:07 - [MESSAGE][INFO] - Action delay is set to 0 milliseconds

2020-04-21 11:45:14 - [MESSAGE][PASSED] - Browser is opened with url: 'https://admin.preview.checkatrade.com/'

2020-04-21 11:45:14 - [TEST_STEP][PASSED] - maximizeWindow(): Current window maximized

2020-04-21 11:45:17 - [MESSAGE][PASSED] - Current window maximized

2020-04-21 11:45:17 - [TEST_STEP][PASSED] - waitForElementClickable(findTestObject("Object Repository/WebOffice/Page_Checkatrade - Administration - Login/Login_Button"), 25): Object 'Object Repository/WebOffice/Page_Checkatrade - Administration - Login/Login_Button' is clickable

2020-04-21 11:45:17 - [MESSAGE][PASSED] - Object 'Object Repository/WebOffice/Page_Checkatrade - Administration - Login/Login_Button' is clickable

2020-04-21 11:45:17 - [TEST_STEP][PASSED] - verifyTextPresent("Checkatrade Web Office", false): Text 'Checkatrade Web Office' is present on page 

2020-04-21 11:45:18 - [MESSAGE][PASSED] - Text 'Checkatrade Web Office' is present on page 

2020-04-21 11:45:18 - [TEST_STEP][PASSED] - verifyTextPresent("Access for staff use only", false): Text 'Access for staff use only' is present on page 

2020-04-21 11:45:18 - [MESSAGE][PASSED] - Text 'Access for staff use only' is present on page 

2020-04-21 11:45:18 - [TEST_STEP][PASSED] - verifyTextPresent("Forgotten password?", false): Text 'Forgotten password?' is present on page 

2020-04-21 11:45:18 - [MESSAGE][PASSED] - Text 'Forgotten password?' is present on page 

2020-04-21 11:45:18 - [TEST_STEP][PASSED] - setText(findTestObject("Object Repository/WebOffice/Page_Checkatrade - Administration - Login/input_Username_LoginControlUserName"), wo_Username): Text 'DavidHo' is set on object 'Object Repository/WebOffice/Page_Checkatrade - Administration - Login/input_Username_LoginControlUserName'

2020-04-21 11:45:19 - [MESSAGE][PASSED] - Text 'DavidHo' is set on object 'Object Repository/WebOffice/Page_Checkatrade - Administration - Login/input_Username_LoginControlUserName'

2020-04-21 11:45:19 - [TEST_STEP][PASSED] - setText(findTestObject("Object Repository/WebOffice/Page_Checkatrade - Administration - Login/input_Password_LoginControlPassword"), wo_Password): Text 'Check123' is set on object 'Object Repository/WebOffice/Page_Checkatrade - Administration - Login/input_Password_LoginControlPassword'

2020-04-21 11:45:19 - [MESSAGE][PASSED] - Text 'Check123' is set on object 'Object Repository/WebOffice/Page_Checkatrade - Administration - Login/input_Password_LoginControlPassword'

2020-04-21 11:45:19 - [TEST_STEP][PASSED] - click(findTestObject("Object Repository/WebOffice/Page_Checkatrade - Administration - Login/Login_Button")): Object: 'Object Repository/WebOffice/Page_Checkatrade - Administration - Login/Login_Button' is clicked on

2020-04-21 11:45:26 - [MESSAGE][PASSED] - Object: 'Object Repository/WebOffice/Page_Checkatrade - Administration - Login/Login_Button' is clicked on

2020-04-21 11:45:26 - [TEST_STEP][PASSED] - waitForPageLoad(60): Wait for page load successfully

2020-04-21 11:45:26 - [MESSAGE][PASSED] - Wait for page load successfully

2020-04-21 11:45:26 - [TEST_STEP][PASSED] - verifyTextPresent("Welcome " + wo_Username, false): Text 'Welcome DavidHo' is present on page 

2020-04-21 11:45:27 - [MESSAGE][PASSED] - Text 'Welcome DavidHo' is present on page 

2020-04-21 11:45:27 - [MESSAGE][PASSED] - Call Test Case 'Test Cases/Reusable_Test_Sequences/Web_Office/Directives/WebOffice_StartUp' successfully

2020-04-21 11:45:27 - [TEST_STEP][PASSED] - "-----------------------------------------------------------------": null

2020-04-21 11:45:27 - [TEST_STEP][PASSED] - " Navigate to <Settings->Checkatrade.Com->Sub Item> Menu Item     |": null

2020-04-21 11:45:27 - [TEST_STEP][PASSED] - callTestCase(findTestCase("Reusable_Test_Sequences/Web_Office/Navigation/Sub_Menu_Navigation/Settings/Members_Area/Manage_Advert_Banners"), [:], STOP_ON_FAILURE): Call Test Case 'Test Cases/Reusable_Test_Sequences/Web_Office/Navigation/Sub_Menu_Navigation/Settings/Members_Area/Manage_Advert_Banners' successfully

2020-04-21 11:45:27 - [TEST_CASE][PASSED] - Test Cases/Reusable_Test_Sequences/Web_Office/Navigation/Sub_Menu_Navigation/Settings/Members_Area/Manage_Advert_Banners: Test Cases/Reusable_Test_Sequences/Web_Office/Navigation/Sub_Menu_Navigation/Settings/Members_Area/Manage_Advert_Banners

2020-04-21 11:45:28 - [TEST_STEP][PASSED] - "--------------------------------------": null

2020-04-21 11:45:28 - [TEST_STEP][PASSED] - " Navigate Top level menu Item         |": null

2020-04-21 11:45:28 - [TEST_STEP][PASSED] - waitForPageLoad(60): Wait for page load successfully

2020-04-21 11:45:28 - [MESSAGE][PASSED] - Wait for page load successfully

2020-04-21 11:45:28 - [TEST_STEP][PASSED] - waitForElementClickable(findTestObject("Object Repository/WebOffice_Home_page/a_Settings"), 60): Object 'Object Repository/WebOffice_Home_page/a_Settings' is clickable

2020-04-21 11:45:28 - [MESSAGE][PASSED] - Object 'Object Repository/WebOffice_Home_page/a_Settings' is clickable

2020-04-21 11:45:28 - [TEST_STEP][PASSED] - mouseOver(findTestObject("Object Repository/WebOffice_Home_page/a_Settings")): Object: 'Object Repository/WebOffice_Home_page/a_Settings' is hovered

2020-04-21 11:45:28 - [MESSAGE][PASSED] - Object: 'Object Repository/WebOffice_Home_page/a_Settings' is hovered

2020-04-21 11:45:28 - [TEST_STEP][PASSED] - mouseOver(findTestObject("Object Repository/WebOffice_Home_page/a_Members Area")): Object: 'Object Repository/WebOffice_Home_page/a_Members Area' is hovered

2020-04-21 11:45:29 - [MESSAGE][PASSED] - Object: 'Object Repository/WebOffice_Home_page/a_Members Area' is hovered

2020-04-21 11:45:29 - [TEST_STEP][PASSED] - waitForElementClickable(findTestObject("Object Repository/WebOffice_Home_page/a_Manage Advert Banners"), 1): Object 'Object Repository/WebOffice_Home_page/a_Manage Advert Banners' is clickable

2020-04-21 11:45:29 - [MESSAGE][PASSED] - Object 'Object Repository/WebOffice_Home_page/a_Manage Advert Banners' is clickable

2020-04-21 11:45:29 - [TEST_STEP][PASSED] - click(findTestObject("Object Repository/WebOffice_Home_page/a_Manage Advert Banners")): Object: 'Object Repository/WebOffice_Home_page/a_Manage Advert Banners' is clicked on

2020-04-21 11:45:31 - [MESSAGE][PASSED] - Object: 'Object Repository/WebOffice_Home_page/a_Manage Advert Banners' is clicked on

2020-04-21 11:45:31 - [MESSAGE][PASSED] - Call Test Case 'Test Cases/Reusable_Test_Sequences/Web_Office/Navigation/Sub_Menu_Navigation/Settings/Members_Area/Manage_Advert_Banners' successfully

2020-04-21 11:45:31 - [TEST_STEP][PASSED] - "--------------------------------------": null

2020-04-21 11:45:31 - [TEST_STEP][PASSED] - " Verify Returned Page Detail          |": null

2020-04-21 11:45:31 - [TEST_STEP][PASSED] - callTestCase(findTestCase("Reusable_Test_Sequences/Web_Office/Verification/Settings/Members_Area/Manage_Advert_Banners"), [:], OPTIONAL): Call Test Case 'Test Cases/Reusable_Test_Sequences/Web_Office/Verification/Settings/Members_Area/Manage_Advert_Banners' successfully

2020-04-21 11:45:31 - [TEST_CASE][PASSED] - Test Cases/Reusable_Test_Sequences/Web_Office/Verification/Settings/Members_Area/Manage_Advert_Banners: Test Cases/Reusable_Test_Sequences/Web_Office/Verification/Settings/Members_Area/Manage_Advert_Banners

2020-04-21 11:45:31 - [TEST_STEP][PASSED] - waitForPageLoad(60): Wait for page load successfully

2020-04-21 11:45:31 - [MESSAGE][PASSED] - Wait for page load successfully

2020-04-21 11:45:31 - [TEST_STEP][PASSED] - delay(1): Delayed 1 second(s)

2020-04-21 11:45:32 - [MESSAGE][PASSED] - Delayed 1 second(s)

2020-04-21 11:45:32 - [TEST_STEP][PASSED] - verifyTextPresent("Members Area Adverts", false): Text 'Members Area Adverts' is present on page 

2020-04-21 11:45:33 - [MESSAGE][PASSED] - Text 'Members Area Adverts' is present on page 

2020-04-21 11:45:33 - [TEST_STEP][PASSED] - "----------------------------------------------": null

2020-04-21 11:45:33 - [TEST_STEP][PASSED] - verifyTextPresent("Add New Banner", false): Text 'Add New Banner' is present on page 

2020-04-21 11:45:36 - [MESSAGE][PASSED] - Text 'Add New Banner' is present on page 

2020-04-21 11:45:36 - [TEST_STEP][PASSED] - verifyTextPresent("Banner Name", false): Text 'Banner Name' is present on page 

2020-04-21 11:45:37 - [MESSAGE][PASSED] - Text 'Banner Name' is present on page 

2020-04-21 11:45:37 - [TEST_STEP][PASSED] - verifyTextPresent("Link URL", false): Text 'Link URL' is present on page 

2020-04-21 11:45:38 - [MESSAGE][PASSED] - Text 'Link URL' is present on page 

2020-04-21 11:45:38 - [TEST_STEP][PASSED] - verifyTextPresent("Large", false): Text 'Large' is present on page 

2020-04-21 11:45:40 - [MESSAGE][PASSED] - Text 'Large' is present on page 

2020-04-21 11:45:40 - [TEST_STEP][PASSED] - verifyTextPresent("Small", false): Text 'Small' is present on page 

2020-04-21 11:45:41 - [MESSAGE][PASSED] - Text 'Small' is present on page 

2020-04-21 11:45:41 - [TEST_STEP][PASSED] - verifyTextPresent("Dimentions for the Large image should be 468 x 60px", false): Text 'Dimentions for the Large image should be 468 x 60px' is present on page 

2020-04-21 11:45:42 - [MESSAGE][PASSED] - Text 'Dimentions for the Large image should be 468 x 60px' is present on page 

2020-04-21 11:45:42 - [TEST_STEP][PASSED] - verifyTextPresent("Dimentions for the small image should be 234 x 60px", false): Text 'Dimentions for the small image should be 234 x 60px' is present on page 

2020-04-21 11:45:43 - [MESSAGE][PASSED] - Text 'Dimentions for the small image should be 234 x 60px' is present on page 

2020-04-21 11:45:43 - [TEST_STEP][PASSED] - verifyTextPresent("Current Banners", false): Text 'Current Banners' is present on page 

2020-04-21 11:45:44 - [MESSAGE][PASSED] - Text 'Current Banners' is present on page 

2020-04-21 11:45:44 - [TEST_STEP][PASSED] - "----------------------------------------------": null

2020-04-21 11:45:44 - [TEST_STEP][PASSED] - verifyTextPresent("ID", false): Text 'ID' is present on page 

2020-04-21 11:45:46 - [MESSAGE][PASSED] - Text 'ID' is present on page 

2020-04-21 11:45:46 - [TEST_STEP][PASSED] - verifyTextPresent("Name", false): Text 'Name' is present on page 

2020-04-21 11:45:47 - [MESSAGE][PASSED] - Text 'Name' is present on page 

2020-04-21 11:45:47 - [TEST_STEP][PASSED] - verifyTextPresent("Banner URL", false): Text 'Banner URL' is present on page 

2020-04-21 11:45:48 - [MESSAGE][PASSED] - Text 'Banner URL' is present on page 

2020-04-21 11:45:48 - [TEST_STEP][PASSED] - verifyTextPresent("Preview", false): Text 'Preview' is present on page 

2020-04-21 11:45:49 - [MESSAGE][PASSED] - Text 'Preview' is present on page 

2020-04-21 11:45:49 - [TEST_STEP][PASSED] - verifyTextPresent("Is Active", false): Text 'Is Active' is present on page 

2020-04-21 11:45:50 - [MESSAGE][PASSED] - Text 'Is Active' is present on page 

2020-04-21 11:45:50 - [TEST_STEP][PASSED] - verifyTextPresent("Delete", false): Text 'Delete' is present on page 

2020-04-21 11:45:51 - [MESSAGE][PASSED] - Text 'Delete' is present on page 

2020-04-21 11:45:51 - [TEST_STEP][PASSED] - verifyTextPresent("iforce", false): Text 'iforce' is present on page 

2020-04-21 11:45:52 - [MESSAGE][PASSED] - Text 'iforce' is present on page 

2020-04-21 11:45:52 - [TEST_STEP][PASSED] - verifyTextPresent("https://join.checkatrade.com/refer/", false): Text 'https://join.checkatrade.com/refer/' is present on page 

2020-04-21 11:45:52 - [MESSAGE][PASSED] - Text 'https://join.checkatrade.com/refer/' is present on page 

2020-04-21 11:45:52 - [TEST_STEP][PASSED] - verifyTextPresent("iForce", false): Text 'iForce' is present on page 

2020-04-21 11:45:53 - [MESSAGE][PASSED] - Text 'iForce' is present on page 

2020-04-21 11:45:53 - [TEST_STEP][PASSED] - verifyTextPresent("Offers", false): Text 'Offers' is present on page 

2020-04-21 11:45:54 - [MESSAGE][PASSED] - Text 'Offers' is present on page 

2020-04-21 11:45:54 - [MESSAGE][PASSED] - Call Test Case 'Test Cases/Reusable_Test_Sequences/Web_Office/Verification/Settings/Members_Area/Manage_Advert_Banners' successfully

2020-04-21 11:45:54 - [TEST_STEP][PASSED] - "--------------------------": null

2020-04-21 11:45:54 - [TEST_STEP][PASSED] - " Teardown - CLose Browser |": null

2020-04-21 11:45:54 - [TEST_STEP][PASSED] - callTestCase(findTestCase("Reusable_Test_Sequences/CAT_Teardown"), [:], OPTIONAL): Call Test Case 'Test Cases/Reusable_Test_Sequences/CAT_Teardown' successfully

2020-04-21 11:45:54 - [TEST_CASE][PASSED] - Test Cases/Reusable_Test_Sequences/CAT_Teardown: Test Cases/Reusable_Test_Sequences/CAT_Teardown

2020-04-21 11:45:54 - [TEST_STEP][PASSED] - closeBrowser(): Browser is closed

2020-04-21 11:45:57 - [MESSAGE][PASSED] - Browser is closed

2020-04-21 11:45:57 - [TEST_STEP][PASSED] - super.finalize(): null

2020-04-21 11:45:57 - [TEST_STEP][PASSED] - System.gc(): null

2020-04-21 11:45:57 - [MESSAGE][PASSED] - Call Test Case 'Test Cases/Reusable_Test_Sequences/CAT_Teardown' successfully]]></system-out>
         <system-err><![CDATA[]]></system-err>
      </testcase>
      <testcase name="Test Cases/Web_Office/Settings/Members_Area/Manage_Members_Achievments" time="37.079" classname="Test Cases/Web_Office/Settings/Members_Area/Manage_Members_Achievments" status="PASSED">
         <system-out><![CDATA[2020-04-21 11:45:57 - [TEST_CASE][PASSED] - Test Cases/Web_Office/Settings/Members_Area/Manage_Members_Achievments: Test Cases/Web_Office/Settings/Members_Area/Manage_Members_Achievments

2020-04-21 11:45:58 - [TEST_STEP][PASSED] - "--------------------------------------": null

2020-04-21 11:45:58 - [TEST_STEP][PASSED] - " Web Office StartUp                  |": null

2020-04-21 11:45:58 - [TEST_STEP][PASSED] - callTestCase(findTestCase("Reusable_Test_Sequences/Web_Office/Directives/WebOffice_StartUp"), [:], STOP_ON_FAILURE): Call Test Case 'Test Cases/Reusable_Test_Sequences/Web_Office/Directives/WebOffice_StartUp' successfully

2020-04-21 11:45:58 - [TEST_CASE][PASSED] - Test Cases/Reusable_Test_Sequences/Web_Office/Directives/WebOffice_StartUp: Test Cases/Reusable_Test_Sequences/Web_Office/Directives/WebOffice_StartUp

2020-04-21 11:45:58 - [TEST_STEP][PASSED] - "-----------------------------------------------------------------------------": null

2020-04-21 11:45:58 - [TEST_STEP][PASSED] - if (URL == "https://www.dev.checkatrade.com/"): null

2020-04-21 11:45:58 - [TEST_STEP][PASSED] - "-----------------------------------------------------------------------------": null

2020-04-21 11:45:58 - [TEST_STEP][PASSED] - if (URL == "https://www.checkatrade.com/"): null

2020-04-21 11:45:58 - [TEST_STEP][PASSED] - "-----------------------------------------------------------------------------": null

2020-04-21 11:45:58 - [TEST_STEP][PASSED] - if (URL == "https://www.preview.checkatrade.com/"): null

2020-04-21 11:45:58 - [TEST_STEP][PASSED] - WebOfficeURL = "https://admin.preview.checkatrade.com/": null

2020-04-21 11:45:58 - [TEST_STEP][PASSED] - if (URL == "https://www.dev2.checkatrade.com/"): null

2020-04-21 11:45:58 - [TEST_STEP][PASSED] - "Set Function Area for "URL_Handler", URL Resolution": null

2020-04-21 11:45:58 - [TEST_STEP][PASSED] - "Do Some Magic with URL(s) See the comments within URL Handler ": null

2020-04-21 11:45:58 - [TEST_STEP][PASSED] - "------------------------------------------------": null

2020-04-21 11:45:58 - [TEST_STEP][PASSED] - "Moved Login Credentials to <Default> profile 22/01/2020": null

2020-04-21 11:45:58 - [TEST_STEP][PASSED] - "------------------------------------------------": null

2020-04-21 11:45:58 - [TEST_STEP][PASSED] - "WebOfficeURL - Set from the ENVIRONMENT PROFILE ": null

2020-04-21 11:45:58 - [TEST_STEP][PASSED] - "OPEN BROWSER": null

2020-04-21 11:45:58 - [TEST_STEP][PASSED] - "eg - https://admin.preview.checkatrade.com/  ": null

2020-04-21 11:45:58 - [TEST_STEP][PASSED] - openBrowser(WebOfficeURL): Browser is opened with url: 'https://admin.preview.checkatrade.com/'

2020-04-21 11:45:58 - [MESSAGE][INFO] - Starting 'Chrome' driver

2020-04-21 11:45:58 - [MESSAGE][INFO] - Action delay is set to 0 milliseconds

2020-04-21 11:46:04 - [MESSAGE][PASSED] - Browser is opened with url: 'https://admin.preview.checkatrade.com/'

2020-04-21 11:46:04 - [TEST_STEP][PASSED] - maximizeWindow(): Current window maximized

2020-04-21 11:46:06 - [MESSAGE][PASSED] - Current window maximized

2020-04-21 11:46:06 - [TEST_STEP][PASSED] - waitForElementClickable(findTestObject("Object Repository/WebOffice/Page_Checkatrade - Administration - Login/Login_Button"), 25): Object 'Object Repository/WebOffice/Page_Checkatrade - Administration - Login/Login_Button' is clickable

2020-04-21 11:46:07 - [MESSAGE][PASSED] - Object 'Object Repository/WebOffice/Page_Checkatrade - Administration - Login/Login_Button' is clickable

2020-04-21 11:46:07 - [TEST_STEP][PASSED] - verifyTextPresent("Checkatrade Web Office", false): Text 'Checkatrade Web Office' is present on page 

2020-04-21 11:46:07 - [MESSAGE][PASSED] - Text 'Checkatrade Web Office' is present on page 

2020-04-21 11:46:07 - [TEST_STEP][PASSED] - verifyTextPresent("Access for staff use only", false): Text 'Access for staff use only' is present on page 

2020-04-21 11:46:07 - [MESSAGE][PASSED] - Text 'Access for staff use only' is present on page 

2020-04-21 11:46:07 - [TEST_STEP][PASSED] - verifyTextPresent("Forgotten password?", false): Text 'Forgotten password?' is present on page 

2020-04-21 11:46:07 - [MESSAGE][PASSED] - Text 'Forgotten password?' is present on page 

2020-04-21 11:46:07 - [TEST_STEP][PASSED] - setText(findTestObject("Object Repository/WebOffice/Page_Checkatrade - Administration - Login/input_Username_LoginControlUserName"), wo_Username): Text 'DavidHo' is set on object 'Object Repository/WebOffice/Page_Checkatrade - Administration - Login/input_Username_LoginControlUserName'

2020-04-21 11:46:08 - [MESSAGE][PASSED] - Text 'DavidHo' is set on object 'Object Repository/WebOffice/Page_Checkatrade - Administration - Login/input_Username_LoginControlUserName'

2020-04-21 11:46:08 - [TEST_STEP][PASSED] - setText(findTestObject("Object Repository/WebOffice/Page_Checkatrade - Administration - Login/input_Password_LoginControlPassword"), wo_Password): Text 'Check123' is set on object 'Object Repository/WebOffice/Page_Checkatrade - Administration - Login/input_Password_LoginControlPassword'

2020-04-21 11:46:09 - [MESSAGE][PASSED] - Text 'Check123' is set on object 'Object Repository/WebOffice/Page_Checkatrade - Administration - Login/input_Password_LoginControlPassword'

2020-04-21 11:46:09 - [TEST_STEP][PASSED] - click(findTestObject("Object Repository/WebOffice/Page_Checkatrade - Administration - Login/Login_Button")): Object: 'Object Repository/WebOffice/Page_Checkatrade - Administration - Login/Login_Button' is clicked on

2020-04-21 11:46:13 - [MESSAGE][PASSED] - Object: 'Object Repository/WebOffice/Page_Checkatrade - Administration - Login/Login_Button' is clicked on

2020-04-21 11:46:13 - [TEST_STEP][PASSED] - waitForPageLoad(60): Wait for page load successfully

2020-04-21 11:46:13 - [MESSAGE][PASSED] - Wait for page load successfully

2020-04-21 11:46:13 - [TEST_STEP][PASSED] - verifyTextPresent("Welcome " + wo_Username, false): Text 'Welcome DavidHo' is present on page 

2020-04-21 11:46:14 - [MESSAGE][PASSED] - Text 'Welcome DavidHo' is present on page 

2020-04-21 11:46:14 - [MESSAGE][PASSED] - Call Test Case 'Test Cases/Reusable_Test_Sequences/Web_Office/Directives/WebOffice_StartUp' successfully

2020-04-21 11:46:14 - [TEST_STEP][PASSED] - "-----------------------------------------------------------------": null

2020-04-21 11:46:14 - [TEST_STEP][PASSED] - " Navigate to <Settings->Checkatrade.Com->Sub Item> Menu Item     |": null

2020-04-21 11:46:14 - [TEST_STEP][PASSED] - callTestCase(findTestCase("Reusable_Test_Sequences/Web_Office/Navigation/Sub_Menu_Navigation/Settings/Members_Area/Manage_Members_Achievments"), [:], STOP_ON_FAILURE): Call Test Case 'Test Cases/Reusable_Test_Sequences/Web_Office/Navigation/Sub_Menu_Navigation/Settings/Members_Area/Manage_Members_Achievments' successfully

2020-04-21 11:46:14 - [TEST_CASE][PASSED] - Test Cases/Reusable_Test_Sequences/Web_Office/Navigation/Sub_Menu_Navigation/Settings/Members_Area/Manage_Members_Achievments: Test Cases/Reusable_Test_Sequences/Web_Office/Navigation/Sub_Menu_Navigation/Settings/Members_Area/Manage_Members_Achievments

2020-04-21 11:46:15 - [TEST_STEP][PASSED] - "--------------------------------------": null

2020-04-21 11:46:15 - [TEST_STEP][PASSED] - " Navigate Top level menu Item         |": null

2020-04-21 11:46:15 - [TEST_STEP][PASSED] - waitForPageLoad(60): Wait for page load successfully

2020-04-21 11:46:15 - [MESSAGE][PASSED] - Wait for page load successfully

2020-04-21 11:46:15 - [TEST_STEP][PASSED] - waitForElementClickable(findTestObject("Object Repository/WebOffice_Home_page/a_Settings"), 60): Object 'Object Repository/WebOffice_Home_page/a_Settings' is clickable

2020-04-21 11:46:15 - [MESSAGE][PASSED] - Object 'Object Repository/WebOffice_Home_page/a_Settings' is clickable

2020-04-21 11:46:15 - [TEST_STEP][PASSED] - mouseOver(findTestObject("Object Repository/WebOffice_Home_page/a_Settings")): Object: 'Object Repository/WebOffice_Home_page/a_Settings' is hovered

2020-04-21 11:46:15 - [MESSAGE][PASSED] - Object: 'Object Repository/WebOffice_Home_page/a_Settings' is hovered

2020-04-21 11:46:15 - [TEST_STEP][PASSED] - mouseOver(findTestObject("Object Repository/WebOffice_Home_page/a_Members Area")): Object: 'Object Repository/WebOffice_Home_page/a_Members Area' is hovered

2020-04-21 11:46:16 - [MESSAGE][PASSED] - Object: 'Object Repository/WebOffice_Home_page/a_Members Area' is hovered

2020-04-21 11:46:16 - [TEST_STEP][PASSED] - waitForElementClickable(findTestObject("Object Repository/WebOffice_Home_page/a_Manage Members Achievements"), 1): Object 'Object Repository/WebOffice_Home_page/a_Manage Members Achievements' is clickable

2020-04-21 11:46:16 - [MESSAGE][PASSED] - Object 'Object Repository/WebOffice_Home_page/a_Manage Members Achievements' is clickable

2020-04-21 11:46:16 - [TEST_STEP][PASSED] - click(findTestObject("Object Repository/WebOffice_Home_page/a_Manage Members Achievements")): Object: 'Object Repository/WebOffice_Home_page/a_Manage Members Achievements' is clicked on

2020-04-21 11:46:20 - [MESSAGE][PASSED] - Object: 'Object Repository/WebOffice_Home_page/a_Manage Members Achievements' is clicked on

2020-04-21 11:46:20 - [MESSAGE][PASSED] - Call Test Case 'Test Cases/Reusable_Test_Sequences/Web_Office/Navigation/Sub_Menu_Navigation/Settings/Members_Area/Manage_Members_Achievments' successfully

2020-04-21 11:46:20 - [TEST_STEP][PASSED] - "--------------------------------------": null

2020-04-21 11:46:20 - [TEST_STEP][PASSED] - " Verify Returned Page Detail          |": null

2020-04-21 11:46:20 - [TEST_STEP][PASSED] - callTestCase(findTestCase("Reusable_Test_Sequences/Web_Office/Verification/Settings/Members_Area/Manage_Members_Achievments"), [:], OPTIONAL): Call Test Case 'Test Cases/Reusable_Test_Sequences/Web_Office/Verification/Settings/Members_Area/Manage_Members_Achievments' successfully

2020-04-21 11:46:20 - [TEST_CASE][PASSED] - Test Cases/Reusable_Test_Sequences/Web_Office/Verification/Settings/Members_Area/Manage_Members_Achievments: Test Cases/Reusable_Test_Sequences/Web_Office/Verification/Settings/Members_Area/Manage_Members_Achievments

2020-04-21 11:46:20 - [TEST_STEP][PASSED] - waitForPageLoad(60): Wait for page load successfully

2020-04-21 11:46:20 - [MESSAGE][PASSED] - Wait for page load successfully

2020-04-21 11:46:20 - [TEST_STEP][PASSED] - delay(1): Delayed 1 second(s)

2020-04-21 11:46:21 - [MESSAGE][PASSED] - Delayed 1 second(s)

2020-04-21 11:46:21 - [TEST_STEP][PASSED] - verifyTextPresent("Members Achievements", false): Text 'Members Achievements' is present on page 

2020-04-21 11:46:23 - [MESSAGE][PASSED] - Text 'Members Achievements' is present on page 

2020-04-21 11:46:23 - [TEST_STEP][PASSED] - verifyTextPresent("Title", false): Text 'Title' is present on page 

2020-04-21 11:46:24 - [MESSAGE][PASSED] - Text 'Title' is present on page 

2020-04-21 11:46:24 - [TEST_STEP][PASSED] - verifyTextPresent("Details", false): Text 'Details' is present on page 

2020-04-21 11:46:25 - [MESSAGE][PASSED] - Text 'Details' is present on page 

2020-04-21 11:46:25 - [TEST_STEP][PASSED] - verifyTextPresent("Link URL", false): Text 'Link URL' is present on page 

2020-04-21 11:46:26 - [MESSAGE][PASSED] - Text 'Link URL' is present on page 

2020-04-21 11:46:26 - [TEST_STEP][PASSED] - verifyTextPresent("Logo", false): Text 'Logo' is present on page 

2020-04-21 11:46:27 - [MESSAGE][PASSED] - Text 'Logo' is present on page 

2020-04-21 11:46:27 - [TEST_STEP][PASSED] - "----------------------------------------------": null

2020-04-21 11:46:27 - [TEST_STEP][PASSED] - verifyTextPresent("Neil Wadsworth Electrical Ltd", false): Text 'Neil Wadsworth Electrical Ltd' is present on page 

2020-04-21 11:46:28 - [MESSAGE][PASSED] - Text 'Neil Wadsworth Electrical Ltd' is present on page 

2020-04-21 11:46:28 - [TEST_STEP][PASSED] - verifyTextPresent("A big congratulations to the team at Neil Wadsworth Electrical Ltd in Worcester Park", false): Text 'A big congratulations to the team at Neil Wadsworth Electrical Ltd in Worcester Park' is present on page 

2020-04-21 11:46:29 - [MESSAGE][PASSED] - Text 'A big congratulations to the team at Neil Wadsworth Electrical Ltd in Worcester Park' is present on page 

2020-04-21 11:46:29 - [TEST_STEP][PASSED] - verifyTextPresent("They've been raising money and organising events for Cancer Research UK", false): Text 'They've been raising money and organising events for Cancer Research UK' is present on page 

2020-04-21 11:46:30 - [MESSAGE][PASSED] - Text 'They've been raising money and organising events for Cancer Research UK' is present on page 

2020-04-21 11:46:30 - [MESSAGE][PASSED] - Call Test Case 'Test Cases/Reusable_Test_Sequences/Web_Office/Verification/Settings/Members_Area/Manage_Members_Achievments' successfully

2020-04-21 11:46:30 - [TEST_STEP][PASSED] - "--------------------------": null

2020-04-21 11:46:30 - [TEST_STEP][PASSED] - " Teardown - CLose Browser |": null

2020-04-21 11:46:30 - [TEST_STEP][PASSED] - callTestCase(findTestCase("Reusable_Test_Sequences/CAT_Teardown"), [:], OPTIONAL): Call Test Case 'Test Cases/Reusable_Test_Sequences/CAT_Teardown' successfully

2020-04-21 11:46:31 - [TEST_CASE][PASSED] - Test Cases/Reusable_Test_Sequences/CAT_Teardown: Test Cases/Reusable_Test_Sequences/CAT_Teardown

2020-04-21 11:46:31 - [TEST_STEP][PASSED] - closeBrowser(): Browser is closed

2020-04-21 11:46:34 - [MESSAGE][PASSED] - Browser is closed

2020-04-21 11:46:34 - [TEST_STEP][PASSED] - super.finalize(): null

2020-04-21 11:46:34 - [TEST_STEP][PASSED] - System.gc(): null

2020-04-21 11:46:34 - [MESSAGE][PASSED] - Call Test Case 'Test Cases/Reusable_Test_Sequences/CAT_Teardown' successfully]]></system-out>
         <system-err><![CDATA[]]></system-err>
      </testcase>
      <testcase name="Test Cases/Web_Office/Settings/Members_Area/Checkatrade_News" time="21.253" classname="Test Cases/Web_Office/Settings/Members_Area/Checkatrade_News" status="PASSED">
         <system-out><![CDATA[2020-04-21 11:46:34 - [TEST_CASE][PASSED] - Test Cases/Web_Office/Settings/Members_Area/Checkatrade_News: Test Cases/Web_Office/Settings/Members_Area/Checkatrade_News

2020-04-21 11:46:35 - [TEST_STEP][PASSED] - "--------------------------------------": null

2020-04-21 11:46:35 - [TEST_STEP][PASSED] - " Web Office StartUp                  |": null

2020-04-21 11:46:35 - [TEST_STEP][PASSED] - callTestCase(findTestCase("Reusable_Test_Sequences/Web_Office/Directives/WebOffice_StartUp"), [:], STOP_ON_FAILURE): Call Test Case 'Test Cases/Reusable_Test_Sequences/Web_Office/Directives/WebOffice_StartUp' successfully

2020-04-21 11:46:35 - [TEST_CASE][PASSED] - Test Cases/Reusable_Test_Sequences/Web_Office/Directives/WebOffice_StartUp: Test Cases/Reusable_Test_Sequences/Web_Office/Directives/WebOffice_StartUp

2020-04-21 11:46:35 - [TEST_STEP][PASSED] - "-----------------------------------------------------------------------------": null

2020-04-21 11:46:35 - [TEST_STEP][PASSED] - if (URL == "https://www.dev.checkatrade.com/"): null

2020-04-21 11:46:35 - [TEST_STEP][PASSED] - "-----------------------------------------------------------------------------": null

2020-04-21 11:46:35 - [TEST_STEP][PASSED] - if (URL == "https://www.checkatrade.com/"): null

2020-04-21 11:46:35 - [TEST_STEP][PASSED] - "-----------------------------------------------------------------------------": null

2020-04-21 11:46:35 - [TEST_STEP][PASSED] - if (URL == "https://www.preview.checkatrade.com/"): null

2020-04-21 11:46:35 - [TEST_STEP][PASSED] - WebOfficeURL = "https://admin.preview.checkatrade.com/": null

2020-04-21 11:46:35 - [TEST_STEP][PASSED] - if (URL == "https://www.dev2.checkatrade.com/"): null

2020-04-21 11:46:35 - [TEST_STEP][PASSED] - "Set Function Area for "URL_Handler", URL Resolution": null

2020-04-21 11:46:35 - [TEST_STEP][PASSED] - "Do Some Magic with URL(s) See the comments within URL Handler ": null

2020-04-21 11:46:35 - [TEST_STEP][PASSED] - "------------------------------------------------": null

2020-04-21 11:46:35 - [TEST_STEP][PASSED] - "Moved Login Credentials to <Default> profile 22/01/2020": null

2020-04-21 11:46:35 - [TEST_STEP][PASSED] - "------------------------------------------------": null

2020-04-21 11:46:35 - [TEST_STEP][PASSED] - "WebOfficeURL - Set from the ENVIRONMENT PROFILE ": null

2020-04-21 11:46:35 - [TEST_STEP][PASSED] - "OPEN BROWSER": null

2020-04-21 11:46:35 - [TEST_STEP][PASSED] - "eg - https://admin.preview.checkatrade.com/  ": null

2020-04-21 11:46:35 - [TEST_STEP][PASSED] - openBrowser(WebOfficeURL): Browser is opened with url: 'https://admin.preview.checkatrade.com/'

2020-04-21 11:46:35 - [MESSAGE][INFO] - Starting 'Chrome' driver

2020-04-21 11:46:35 - [MESSAGE][INFO] - Action delay is set to 0 milliseconds

2020-04-21 11:46:41 - [MESSAGE][PASSED] - Browser is opened with url: 'https://admin.preview.checkatrade.com/'

2020-04-21 11:46:41 - [TEST_STEP][PASSED] - maximizeWindow(): Current window maximized

2020-04-21 11:46:44 - [MESSAGE][PASSED] - Current window maximized

2020-04-21 11:46:44 - [TEST_STEP][PASSED] - waitForElementClickable(findTestObject("Object Repository/WebOffice/Page_Checkatrade - Administration - Login/Login_Button"), 25): Object 'Object Repository/WebOffice/Page_Checkatrade - Administration - Login/Login_Button' is clickable

2020-04-21 11:46:44 - [MESSAGE][PASSED] - Object 'Object Repository/WebOffice/Page_Checkatrade - Administration - Login/Login_Button' is clickable

2020-04-21 11:46:44 - [TEST_STEP][PASSED] - verifyTextPresent("Checkatrade Web Office", false): Text 'Checkatrade Web Office' is present on page 

2020-04-21 11:46:44 - [MESSAGE][PASSED] - Text 'Checkatrade Web Office' is present on page 

2020-04-21 11:46:44 - [TEST_STEP][PASSED] - verifyTextPresent("Access for staff use only", false): Text 'Access for staff use only' is present on page 

2020-04-21 11:46:45 - [MESSAGE][PASSED] - Text 'Access for staff use only' is present on page 

2020-04-21 11:46:45 - [TEST_STEP][PASSED] - verifyTextPresent("Forgotten password?", false): Text 'Forgotten password?' is present on page 

2020-04-21 11:46:45 - [MESSAGE][PASSED] - Text 'Forgotten password?' is present on page 

2020-04-21 11:46:45 - [TEST_STEP][PASSED] - setText(findTestObject("Object Repository/WebOffice/Page_Checkatrade - Administration - Login/input_Username_LoginControlUserName"), wo_Username): Text 'DavidHo' is set on object 'Object Repository/WebOffice/Page_Checkatrade - Administration - Login/input_Username_LoginControlUserName'

2020-04-21 11:46:45 - [MESSAGE][PASSED] - Text 'DavidHo' is set on object 'Object Repository/WebOffice/Page_Checkatrade - Administration - Login/input_Username_LoginControlUserName'

2020-04-21 11:46:45 - [TEST_STEP][PASSED] - setText(findTestObject("Object Repository/WebOffice/Page_Checkatrade - Administration - Login/input_Password_LoginControlPassword"), wo_Password): Text 'Check123' is set on object 'Object Repository/WebOffice/Page_Checkatrade - Administration - Login/input_Password_LoginControlPassword'

2020-04-21 11:46:46 - [MESSAGE][PASSED] - Text 'Check123' is set on object 'Object Repository/WebOffice/Page_Checkatrade - Administration - Login/input_Password_LoginControlPassword'

2020-04-21 11:46:46 - [TEST_STEP][PASSED] - click(findTestObject("Object Repository/WebOffice/Page_Checkatrade - Administration - Login/Login_Button")): Object: 'Object Repository/WebOffice/Page_Checkatrade - Administration - Login/Login_Button' is clicked on

2020-04-21 11:46:47 - [MESSAGE][PASSED] - Object: 'Object Repository/WebOffice/Page_Checkatrade - Administration - Login/Login_Button' is clicked on

2020-04-21 11:46:47 - [TEST_STEP][PASSED] - waitForPageLoad(60): Wait for page load successfully

2020-04-21 11:46:48 - [MESSAGE][PASSED] - Wait for page load successfully

2020-04-21 11:46:48 - [TEST_STEP][PASSED] - verifyTextPresent("Welcome " + wo_Username, false): Text 'Welcome DavidHo' is present on page 

2020-04-21 11:46:48 - [MESSAGE][PASSED] - Text 'Welcome DavidHo' is present on page 

2020-04-21 11:46:48 - [MESSAGE][PASSED] - Call Test Case 'Test Cases/Reusable_Test_Sequences/Web_Office/Directives/WebOffice_StartUp' successfully

2020-04-21 11:46:48 - [TEST_STEP][PASSED] - "-----------------------------------------------------------------": null

2020-04-21 11:46:48 - [TEST_STEP][PASSED] - " Navigate to <Settings->Checkatrade.Com->Sub Item> Menu Item     |": null

2020-04-21 11:46:48 - [TEST_STEP][PASSED] - callTestCase(findTestCase("Reusable_Test_Sequences/Web_Office/Navigation/Sub_Menu_Navigation/Settings/Members_Area/Chackatrade_News"), [:], STOP_ON_FAILURE): Call Test Case 'Test Cases/Reusable_Test_Sequences/Web_Office/Navigation/Sub_Menu_Navigation/Settings/Members_Area/Chackatrade_News' successfully

2020-04-21 11:46:49 - [TEST_CASE][PASSED] - Test Cases/Reusable_Test_Sequences/Web_Office/Navigation/Sub_Menu_Navigation/Settings/Members_Area/Chackatrade_News: Test Cases/Reusable_Test_Sequences/Web_Office/Navigation/Sub_Menu_Navigation/Settings/Members_Area/Chackatrade_News

2020-04-21 11:46:49 - [TEST_STEP][PASSED] - "--------------------------------------": null

2020-04-21 11:46:49 - [TEST_STEP][PASSED] - " Navigate Top level menu Item         |": null

2020-04-21 11:46:49 - [TEST_STEP][PASSED] - waitForPageLoad(60): Wait for page load successfully

2020-04-21 11:46:49 - [MESSAGE][PASSED] - Wait for page load successfully

2020-04-21 11:46:49 - [TEST_STEP][PASSED] - waitForElementClickable(findTestObject("Object Repository/WebOffice_Home_page/a_Settings"), 60): Object 'Object Repository/WebOffice_Home_page/a_Settings' is clickable

2020-04-21 11:46:49 - [MESSAGE][PASSED] - Object 'Object Repository/WebOffice_Home_page/a_Settings' is clickable

2020-04-21 11:46:49 - [TEST_STEP][PASSED] - mouseOver(findTestObject("Object Repository/WebOffice_Home_page/a_Settings")): Object: 'Object Repository/WebOffice_Home_page/a_Settings' is hovered

2020-04-21 11:46:50 - [MESSAGE][PASSED] - Object: 'Object Repository/WebOffice_Home_page/a_Settings' is hovered

2020-04-21 11:46:50 - [TEST_STEP][PASSED] - mouseOver(findTestObject("Object Repository/WebOffice_Home_page/a_Members Area")): Object: 'Object Repository/WebOffice_Home_page/a_Members Area' is hovered

2020-04-21 11:46:50 - [MESSAGE][PASSED] - Object: 'Object Repository/WebOffice_Home_page/a_Members Area' is hovered

2020-04-21 11:46:50 - [TEST_STEP][PASSED] - waitForElementClickable(findTestObject("Object Repository/WebOffice_Home_page/a_Checkatrade News"), 1): Object 'Object Repository/WebOffice_Home_page/a_Checkatrade News' is clickable

2020-04-21 11:46:50 - [MESSAGE][PASSED] - Object 'Object Repository/WebOffice_Home_page/a_Checkatrade News' is clickable

2020-04-21 11:46:50 - [TEST_STEP][PASSED] - click(findTestObject("Object Repository/WebOffice_Home_page/a_Checkatrade News")): Object: 'Object Repository/WebOffice_Home_page/a_Checkatrade News' is clicked on

2020-04-21 11:46:51 - [MESSAGE][PASSED] - Object: 'Object Repository/WebOffice_Home_page/a_Checkatrade News' is clicked on

2020-04-21 11:46:51 - [MESSAGE][PASSED] - Call Test Case 'Test Cases/Reusable_Test_Sequences/Web_Office/Navigation/Sub_Menu_Navigation/Settings/Members_Area/Chackatrade_News' successfully

2020-04-21 11:46:51 - [TEST_STEP][PASSED] - "--------------------------------------": null

2020-04-21 11:46:51 - [TEST_STEP][PASSED] - " Verify Returned Page Detail          |": null

2020-04-21 11:46:51 - [TEST_STEP][PASSED] - callTestCase(findTestCase("Reusable_Test_Sequences/Web_Office/Verification/Settings/Members_Area/Checkatrade_News"), [:], OPTIONAL): Call Test Case 'Test Cases/Reusable_Test_Sequences/Web_Office/Verification/Settings/Members_Area/Checkatrade_News' successfully

2020-04-21 11:46:51 - [TEST_CASE][PASSED] - Test Cases/Reusable_Test_Sequences/Web_Office/Verification/Settings/Members_Area/Checkatrade_News: Test Cases/Reusable_Test_Sequences/Web_Office/Verification/Settings/Members_Area/Checkatrade_News

2020-04-21 11:46:52 - [TEST_STEP][PASSED] - waitForPageLoad(60): Wait for page load successfully

2020-04-21 11:46:52 - [MESSAGE][PASSED] - Wait for page load successfully

2020-04-21 11:46:52 - [TEST_STEP][PASSED] - delay(1): Delayed 1 second(s)

2020-04-21 11:46:53 - [MESSAGE][PASSED] - Delayed 1 second(s)

2020-04-21 11:46:53 - [TEST_STEP][PASSED] - verifyTextPresent("Checkatrade News", false): Text 'Checkatrade News' is present on page 

2020-04-21 11:46:53 - [MESSAGE][PASSED] - Text 'Checkatrade News' is present on page 

2020-04-21 11:46:53 - [TEST_STEP][PASSED] - verifyTextPresent("Title", false): Text 'Title' is present on page 

2020-04-21 11:46:53 - [MESSAGE][PASSED] - Text 'Title' is present on page 

2020-04-21 11:46:53 - [TEST_STEP][PASSED] - verifyTextPresent("Category", false): Text 'Category' is present on page 

2020-04-21 11:46:54 - [MESSAGE][PASSED] - Text 'Category' is present on page 

2020-04-21 11:46:54 - [TEST_STEP][PASSED] - verifyTextPresent("Published", false): Text 'Published' is present on page 

2020-04-21 11:46:54 - [MESSAGE][PASSED] - Text 'Published' is present on page 

2020-04-21 11:46:54 - [TEST_STEP][PASSED] - "----------------------------------------------": null

2020-04-21 11:46:54 - [TEST_STEP][PASSED] - verifyTextPresent("New Marketing", false): Text 'New Marketing' is present on page 

2020-04-21 11:46:54 - [MESSAGE][PASSED] - Text 'New Marketing' is present on page 

2020-04-21 11:46:54 - [MESSAGE][PASSED] - Call Test Case 'Test Cases/Reusable_Test_Sequences/Web_Office/Verification/Settings/Members_Area/Checkatrade_News' successfully

2020-04-21 11:46:54 - [TEST_STEP][PASSED] - "--------------------------": null

2020-04-21 11:46:54 - [TEST_STEP][PASSED] - " Teardown - CLose Browser |": null

2020-04-21 11:46:54 - [TEST_STEP][PASSED] - callTestCase(findTestCase("Reusable_Test_Sequences/CAT_Teardown"), [:], OPTIONAL): Call Test Case 'Test Cases/Reusable_Test_Sequences/CAT_Teardown' successfully

2020-04-21 11:46:54 - [TEST_CASE][PASSED] - Test Cases/Reusable_Test_Sequences/CAT_Teardown: Test Cases/Reusable_Test_Sequences/CAT_Teardown

2020-04-21 11:46:54 - [TEST_STEP][PASSED] - closeBrowser(): Browser is closed

2020-04-21 11:46:56 - [MESSAGE][PASSED] - Browser is closed

2020-04-21 11:46:56 - [TEST_STEP][PASSED] - super.finalize(): null

2020-04-21 11:46:56 - [TEST_STEP][PASSED] - System.gc(): null

2020-04-21 11:46:56 - [MESSAGE][PASSED] - Call Test Case 'Test Cases/Reusable_Test_Sequences/CAT_Teardown' successfully]]></system-out>
         <system-err><![CDATA[]]></system-err>
      </testcase>
      <system-out><![CDATA[2020-04-21 11:36:00 - [TEST_SUITE][PASSED] - Web_Office_Settings: Test Cases/Web_Office/Settings/Members_Area/Checkatrade_News]]></system-out>
      <system-err><![CDATA[]]></system-err>
   </testsuite>
</testsuites>
