<?xml version="1.0" encoding="UTF-8"?>
<testsuites name="Trade_Location_Multiple_Search" time="314.595" tests="2" failures="0" errors="0">
   <testsuite name="Trade_Location_Multiple_Search" tests="2" failures="0" errors="0" time="314.595" timestamp="2020-04-16 08:53:36" hostname="DavidHo - 192.168.1.238" id="Test Suites/Trade_Location_Multiple_Search">
      <properties>
         <property name="deviceName" value=""/>
         <property name="devicePlatform" value=""/>
         <property name="logFolder" value="C:\\Users\\davidho\\git\\src\\Reports\\20200416_085330\\Trade_Location_Multiple_Search\\20200416_085330"/>
         <property name="logFiles" value="C:\\Users\\davidho\\git\\src\\Reports\\20200416_085330\\Trade_Location_Multiple_Search\\20200416_085330\\execution0.log"/>
         <property name="attachments" value=""/>
         <property name="hostName" value="DavidHo - 192.168.1.238"/>
         <property name="os" value="Windows 10 32bit"/>
         <property name="katalonVersion" value="7.3.1.1"/>
         <property name="browser" value="Chrome 81.0.4044.92"/>
         <property name="hostAddress" value="192.168.1.238"/>
         <property name="sessionId" value="11d534b5d72642234178bf779c62a4ae"/>
         <property name="seleniumVersion" value="3.141.59"/>
         <property name="proxyInformation" value="ProxyInformation{proxyOption=NO_PROXY, proxyServerType=HTTP, password=, proxyServerAddress=, proxyServerPort=0, executionList=}"/>
         <property name="platform" value="Windows 10"/>
      </properties>
      <testcase name="Test Cases/Checkatrade_Tradesman_Searches/Trade_Location_Search" time="137.113" classname="Test Cases/Checkatrade_Tradesman_Searches/Trade_Location_Search" status="PASSED">
         <system-out><![CDATA[2020-04-16 08:53:36 - [TEST_CASE][PASSED] - Test Cases/Checkatrade_Tradesman_Searches/Trade_Location_Search: Test Cases/Checkatrade_Tradesman_Searches/Trade_Location_Search

2020-04-16 08:53:36 - [TEST_STEP][PASSED] - for ([row = 1, row <= findTestData("searchTestData").getRowNumbers(), (internal.GlobalVariable.row++)]): Call Test Case 'Test Cases/Reusable_Test_Sequences/CAT_Teardown' successfully

2020-04-16 08:53:37 - [TEST_STEP][PASSED] - callTestCase(findTestCase("Reusable_Test_Sequences/CAT_Setup"), [:], OPTIONAL): Call Test Case 'Test Cases/Reusable_Test_Sequences/CAT_Setup' successfully

2020-04-16 08:53:38 - [TEST_CASE][PASSED] - Test Cases/Reusable_Test_Sequences/CAT_Setup: Test Cases/Reusable_Test_Sequences/CAT_Setup

2020-04-16 08:53:38 - [TEST_STEP][PASSED] - "------------------------------": null

2020-04-16 08:53:38 - [TEST_STEP][PASSED] - " Set Mobile Device Testing    |": null

2020-04-16 08:53:38 - [TEST_STEP][PASSED] - if (Mobile_Flag == "true"): null

2020-04-16 08:53:38 - [TEST_STEP][PASSED] - "------------------------------": null

2020-04-16 08:53:38 - [TEST_STEP][PASSED] - " Set Mobile Device Testing    |": null

2020-04-16 08:53:38 - [TEST_STEP][PASSED] - "------------------------------": null

2020-04-16 08:53:38 - [TEST_STEP][PASSED] - "URL - Set from the ENVIRONMENT PROFILE ": null

2020-04-16 08:53:38 - [TEST_STEP][PASSED] - openBrowser(URL): Browser is opened with url: 'https://www.preview.checkatrade.com/'

2020-04-16 08:53:38 - [MESSAGE][INFO] - Starting 'Chrome' driver

2020-04-16 08:53:38 - [MESSAGE][INFO] - Action delay is set to 0 milliseconds

2020-04-16 08:53:45 - [MESSAGE][PASSED] - Browser is opened with url: 'https://www.preview.checkatrade.com/'

2020-04-16 08:53:45 - [TEST_STEP][PASSED] - maximizeWindow(): Current window maximized

2020-04-16 08:53:47 - [MESSAGE][PASSED] - Current window maximized

2020-04-16 08:53:47 - [TEST_STEP][PASSED] - waitForPageLoad(60): Wait for page load successfully

2020-04-16 08:53:47 - [MESSAGE][PASSED] - Wait for page load successfully

2020-04-16 08:53:47 - [TEST_STEP][PASSED] - "Previous Functionalilty Left Commented For Ease Of reversion": null

2020-04-16 08:53:47 - [TEST_STEP][PASSED] - " Katalon Try/Catches currently have issues? SEE HEADER": null

2020-04-16 08:53:47 - [TEST_STEP][PASSED] - try: Text 'Cookie Policy' is not present on page

2020-04-16 08:53:47 - [TEST_STEP][PASSED] - verifyElementPresent(findTestObject("Object Repository/Cookies/Page_Checkatrade Find a tradesperson you can trust/button_Accept All"), 5, OPTIONAL): Object 'Object Repository/Cookies/Page_Checkatrade Find a tradesperson you can trust/button_Accept All' is present

2020-04-16 08:53:47 - [MESSAGE][PASSED] - Object 'Object Repository/Cookies/Page_Checkatrade Find a tradesperson you can trust/button_Accept All' is present

2020-04-16 08:53:47 - [TEST_STEP][PASSED] - click(findTestObject("Object Repository/Cookies/Page_Checkatrade Find a tradesperson you can trust/button_Accept All"), OPTIONAL): Object: 'Object Repository/Cookies/Page_Checkatrade Find a tradesperson you can trust/button_Accept All' is clicked on

2020-04-16 08:53:47 - [MESSAGE][PASSED] - Object: 'Object Repository/Cookies/Page_Checkatrade Find a tradesperson you can trust/button_Accept All' is clicked on

2020-04-16 08:53:47 - [TEST_STEP][PASSED] - "---------------------------------": null

2020-04-16 08:53:47 - [TEST_STEP][PASSED] - "COOKIE POPOUT REMOVED - Confirmed": null

2020-04-16 08:53:47 - [TEST_STEP][PASSED] - delay(1): Delayed 1 second(s)

2020-04-16 08:53:48 - [MESSAGE][PASSED] - Delayed 1 second(s)

2020-04-16 08:53:48 - [TEST_STEP][PASSED] - verifyTextNotPresent("We use cookies to personalise content and ads, to provide social media features and to analyse our traffic", false): Text 'We use cookies to personalise content and ads, to provide social media features and to analyse our traffic' is not present on page

2020-04-16 08:53:48 - [MESSAGE][PASSED] - Text 'We use cookies to personalise content and ads, to provide social media features and to analyse our traffic' is not present on page

2020-04-16 08:53:48 - [TEST_STEP][PASSED] - verifyTextNotPresent(" We also share information about your use of our site with our social media, advertising and analytics partners", false): Text ' We also share information about your use of our site with our social media, advertising and analytics partners' is not present on page

2020-04-16 08:53:48 - [MESSAGE][PASSED] - Text ' We also share information about your use of our site with our social media, advertising and analytics partners' is not present on page

2020-04-16 08:53:48 - [TEST_STEP][PASSED] - verifyTextNotPresent("Cookie Policy", false): Text 'Cookie Policy' is not present on page

2020-04-16 08:53:49 - [MESSAGE][PASSED] - Text 'Cookie Policy' is not present on page

2020-04-16 08:53:49 - [TEST_STEP][PASSED] - waitForPageLoad(60): Wait for page load successfully

2020-04-16 08:53:49 - [MESSAGE][PASSED] - Wait for page load successfully

2020-04-16 08:53:49 - [TEST_STEP][PASSED] - "COOKIE - ORIGINAL": null

2020-04-16 08:53:49 - [TEST_STEP][PASSED] - if (waitForElementVisible(findTestObject("Object Repository/Feedback/Page_Checkatrade Give your feedback/input_Member_to_Review"), 5)): Web element with id: 'Object Repository/Feedback/Page_Checkatrade Give your feedback/input_Member_to_Review' located by 'By.xpath: //input[@id='feedback-form__company_autocomplete_input']' not found

2020-04-16 08:53:54 - [MESSAGE][INFO] - Unable to find the element located by 'By.xpath: //input[@id='feedback-form__company_autocomplete_input']'. Please recheck the objects properties to make sure the desired element is located. 

2020-04-16 08:53:54 - [MESSAGE][WARNING] - Web element with id: 'Object Repository/Feedback/Page_Checkatrade Give your feedback/input_Member_to_Review' located by 'By.xpath: //input[@id='feedback-form__company_autocomplete_input']' not found

2020-04-16 08:53:54 - [TEST_STEP][PASSED] - else: The <<<OLD>>> Website was detected by the STARTUP Process

2020-04-16 08:53:54 - [TEST_STEP][PASSED] - if (!(verifyElementVisible(findTestObject("Object Repository/Checkatrade_Trade_Search_Page/Page_Checkatrade Find a tradesperson you can trust/input_Search_Button_FF")))): Object 'Object Repository/Checkatrade_Trade_Search_Page/Page_Checkatrade Find a tradesperson you can trust/input_Search_Button_FF' is visible

2020-04-16 08:53:54 - [MESSAGE][PASSED] - Object 'Object Repository/Checkatrade_Trade_Search_Page/Page_Checkatrade Find a tradesperson you can trust/input_Search_Button_FF' is visible

2020-04-16 08:53:54 - [TEST_STEP][PASSED] - else: The <<<OLD>>> Website was detected by the STARTUP Process

2020-04-16 08:53:54 - [TEST_STEP][PASSED] - Website_Version = "old": null

2020-04-16 08:53:54 - [TEST_STEP][PASSED] - logInfo("The <<<OLD>>> Website was detected by the STARTUP Process"): The <<<OLD>>> Website was detected by the STARTUP Process

2020-04-16 08:53:54 - [MESSAGE][INFO] - The <<<OLD>>> Website was detected by the STARTUP Process

2020-04-16 08:53:54 - [MESSAGE][PASSED] - Call Test Case 'Test Cases/Reusable_Test_Sequences/CAT_Setup' successfully

2020-04-16 08:53:54 - [TEST_STEP][PASSED] - callTestCase(findTestCase("Reusable_Test_Sequences/CAT_Home"), [:], CONTINUE_ON_FAILURE): Call Test Case 'Test Cases/Reusable_Test_Sequences/CAT_Home' successfully

2020-04-16 08:53:54 - [TEST_CASE][PASSED] - Test Cases/Reusable_Test_Sequences/CAT_Home: Test Cases/Reusable_Test_Sequences/CAT_Home

2020-04-16 08:53:54 - [TEST_STEP][PASSED] - waitForPageLoad(60): Wait for page load successfully

2020-04-16 08:53:54 - [MESSAGE][PASSED] - Wait for page load successfully

2020-04-16 08:53:54 - [TEST_STEP][PASSED] - delay(2): Delayed 2 second(s)

2020-04-16 08:53:56 - [MESSAGE][PASSED] - Delayed 2 second(s)

2020-04-16 08:53:56 - [TEST_STEP][PASSED] - "------------------------------------": null

2020-04-16 08:53:56 - [TEST_STEP][PASSED] - if (Website_Version == "new"): null

2020-04-16 08:53:56 - [TEST_STEP][PASSED] - else: Text 'Over a million visits to Checkatrade each month' is present on page 

2020-04-16 08:53:56 - [TEST_STEP][PASSED] - verifyTextPresent("Helping you find the right trade or service", false): Text 'Helping you find the right trade or service' is present on page 

2020-04-16 08:53:57 - [MESSAGE][PASSED] - Text 'Helping you find the right trade or service' is present on page 

2020-04-16 08:53:57 - [TEST_STEP][PASSED] - verifyTextPresent("Search through over", false): Text 'Search through over' is present on page 

2020-04-16 08:53:57 - [MESSAGE][PASSED] - Text 'Search through over' is present on page 

2020-04-16 08:53:57 - [TEST_STEP][PASSED] - verifyTextPresent("recommended, vetted and monitored trades and service providers for free.", false): Text 'recommended, vetted and monitored trades and service providers for free.' is present on page 

2020-04-16 08:53:57 - [MESSAGE][PASSED] - Text 'recommended, vetted and monitored trades and service providers for free.' is present on page 

2020-04-16 08:53:57 - [TEST_STEP][PASSED] - verifyTextPresent("reviews published so far – thank you!", false): Text 'reviews published so far – thank you!' is present on page 

2020-04-16 08:53:57 - [MESSAGE][PASSED] - Text 'reviews published so far – thank you!' is present on page 

2020-04-16 08:53:57 - [TEST_STEP][PASSED] - verifyTextPresent("I need a trade or service", false): Text 'I need a trade or service' is present on page 

2020-04-16 08:53:57 - [MESSAGE][PASSED] - Text 'I need a trade or service' is present on page 

2020-04-16 08:53:57 - [TEST_STEP][PASSED] - verifyTextPresent("Every trader thoroughly checked and vetted", false): Text 'Every trader thoroughly checked and vetted' is present on page 

2020-04-16 08:53:57 - [MESSAGE][PASSED] - Text 'Every trader thoroughly checked and vetted' is present on page 

2020-04-16 08:53:57 - [TEST_STEP][PASSED] - "------------------------------------": null

2020-04-16 08:53:57 - [TEST_STEP][PASSED] - verifyTextPresent("reviews published so far – thank you!", false): Text 'reviews published so far – thank you!' is present on page 

2020-04-16 08:53:57 - [MESSAGE][PASSED] - Text 'reviews published so far – thank you!' is present on page 

2020-04-16 08:53:57 - [TEST_STEP][PASSED] - verifyTextPresent("Find out more", false): Text 'Find out more' is present on page 

2020-04-16 08:53:57 - [MESSAGE][PASSED] - Text 'Find out more' is present on page 

2020-04-16 08:53:57 - [TEST_STEP][PASSED] - verifyTextPresent("I am a tradesman", false): Text 'I am a tradesman' is present on page 

2020-04-16 08:53:57 - [MESSAGE][PASSED] - Text 'I am a tradesman' is present on page 

2020-04-16 08:53:57 - [TEST_STEP][PASSED] - verifyTextPresent("Find out more", false): Text 'Find out more' is present on page 

2020-04-16 08:53:57 - [MESSAGE][PASSED] - Text 'Find out more' is present on page 

2020-04-16 08:53:57 - [TEST_STEP][PASSED] - verifyTextPresent("Over a million visits to Checkatrade each month", false): Text 'Over a million visits to Checkatrade each month' is present on page 

2020-04-16 08:53:57 - [MESSAGE][PASSED] - Text 'Over a million visits to Checkatrade each month' is present on page 

2020-04-16 08:53:57 - [MESSAGE][PASSED] - Call Test Case 'Test Cases/Reusable_Test_Sequences/CAT_Home' successfully

2020-04-16 08:53:57 - [TEST_STEP][PASSED] - "---------------------------------------": null

2020-04-16 08:53:57 - [TEST_STEP][PASSED] - " Set and SEARCH TRADE CLASSIFICATION   |": null

2020-04-16 08:53:57 - [TEST_STEP][PASSED] - callTestCase(findTestCase("Reusable_Test_Sequences/CAT_Enter_Trade_Classification"), [:], CONTINUE_ON_FAILURE): Call Test Case 'Test Cases/Reusable_Test_Sequences/CAT_Enter_Trade_Classification' successfully

2020-04-16 08:53:57 - [TEST_CASE][PASSED] - Test Cases/Reusable_Test_Sequences/CAT_Enter_Trade_Classification: Test Cases/Reusable_Test_Sequences/CAT_Enter_Trade_Classification

2020-04-16 08:53:58 - [TEST_STEP][PASSED] - "---------------------------------": null

2020-04-16 08:53:58 - [TEST_STEP][PASSED] - "Set and SEARCH SELECTED TRADE": null

2020-04-16 08:53:58 - [TEST_STEP][PASSED] - if (Website_Version == "new"): null

2020-04-16 08:53:58 - [TEST_STEP][PASSED] - else: Object: 'Object Repository/Checkatrade_Trade_Search_Page/Page_Checkatrade Find a tradesperson you can trust/input_Search_Button_FF' is clicked on

2020-04-16 08:53:58 - [TEST_STEP][PASSED] - waitForElementPresent(findTestObject("Object Repository/Checkatrade_Trade_Search_Page/Page_Checkatrade Find a tradesperson you can trust/input_Search_Button_FF"), 60): Object 'Object Repository/Checkatrade_Trade_Search_Page/Page_Checkatrade Find a tradesperson you can trust/input_Search_Button_FF' is present

2020-04-16 08:53:58 - [MESSAGE][PASSED] - Object 'Object Repository/Checkatrade_Trade_Search_Page/Page_Checkatrade Find a tradesperson you can trust/input_Search_Button_FF' is present

2020-04-16 08:53:58 - [TEST_STEP][PASSED] - click(findTestObject("Object Repository/Checkatrade_Trade_Search_Page/Page_Checkatrade Find a tradesperson you can trust/input_Search_Button_FF")): Object: 'Object Repository/Checkatrade_Trade_Search_Page/Page_Checkatrade Find a tradesperson you can trust/input_Search_Button_FF' is clicked on

2020-04-16 08:53:58 - [MESSAGE][PASSED] - Object: 'Object Repository/Checkatrade_Trade_Search_Page/Page_Checkatrade Find a tradesperson you can trust/input_Search_Button_FF' is clicked on

2020-04-16 08:53:58 - [TEST_STEP][PASSED] - setText(findTestObject("Object Repository/Checkatrade_Trade_Search_Page/Page_Checkatrade Find a tradesperson you can trust/input_Search_Button_FF"), findTestData("searchTestData").getValue("tradeClassification", row)): Text 'Tree Surgeon' is set on object 'Object Repository/Checkatrade_Trade_Search_Page/Page_Checkatrade Find a tradesperson you can trust/input_Search_Button_FF'

2020-04-16 08:53:58 - [MESSAGE][PASSED] - Text 'Tree Surgeon' is set on object 'Object Repository/Checkatrade_Trade_Search_Page/Page_Checkatrade Find a tradesperson you can trust/input_Search_Button_FF'

2020-04-16 08:53:58 - [TEST_STEP][PASSED] - click(findTestObject("Object Repository/Checkatrade_Trade_Search_Page/Page_Checkatrade Find a tradesperson you can trust/input_Search_Button_FF")): Object: 'Object Repository/Checkatrade_Trade_Search_Page/Page_Checkatrade Find a tradesperson you can trust/input_Search_Button_FF' is clicked on

2020-04-16 08:53:58 - [MESSAGE][PASSED] - Object: 'Object Repository/Checkatrade_Trade_Search_Page/Page_Checkatrade Find a tradesperson you can trust/input_Search_Button_FF' is clicked on

2020-04-16 08:53:58 - [MESSAGE][PASSED] - Call Test Case 'Test Cases/Reusable_Test_Sequences/CAT_Enter_Trade_Classification' successfully

2020-04-16 08:53:58 - [TEST_STEP][PASSED] - "---------------------------------------": null

2020-04-16 08:53:58 - [TEST_STEP][PASSED] - " Set and SEARCH TRADE LOCATION         |": null

2020-04-16 08:53:58 - [TEST_STEP][PASSED] - callTestCase(findTestCase("Reusable_Test_Sequences/CAT_Enter_Trade_Location"), [:], CONTINUE_ON_FAILURE): Call Test Case 'Test Cases/Reusable_Test_Sequences/CAT_Enter_Trade_Location' successfully

2020-04-16 08:53:58 - [TEST_CASE][PASSED] - Test Cases/Reusable_Test_Sequences/CAT_Enter_Trade_Location: Test Cases/Reusable_Test_Sequences/CAT_Enter_Trade_Location

2020-04-16 08:53:59 - [TEST_STEP][PASSED] - "---------------------------------": null

2020-04-16 08:53:59 - [TEST_STEP][PASSED] - "Set and SEARCH SELECTED LOCATION |": null

2020-04-16 08:53:59 - [TEST_STEP][PASSED] - if (Website_Version != "new"): Text 'Gosport' is set on object 'Object Repository/Checkatrade_Trade_Search_Page/Page_Checkatrade Find a tradesperson you can trust/input_Not here_location'

2020-04-16 08:53:59 - [TEST_STEP][PASSED] - click(findTestObject("Object Repository/Checkatrade_Trade_Search_Page/Page_Checkatrade Find a tradesperson you can trust/input_Not here_location")): Object: 'Object Repository/Checkatrade_Trade_Search_Page/Page_Checkatrade Find a tradesperson you can trust/input_Not here_location' is clicked on

2020-04-16 08:53:59 - [MESSAGE][PASSED] - Object: 'Object Repository/Checkatrade_Trade_Search_Page/Page_Checkatrade Find a tradesperson you can trust/input_Not here_location' is clicked on

2020-04-16 08:53:59 - [TEST_STEP][PASSED] - setText(findTestObject("Object Repository/Checkatrade_Trade_Search_Page/Page_Checkatrade Find a tradesperson you can trust/input_Not here_location"), findTestData("searchTestData").getValue("tradeLocation", row)): Text 'Gosport' is set on object 'Object Repository/Checkatrade_Trade_Search_Page/Page_Checkatrade Find a tradesperson you can trust/input_Not here_location'

2020-04-16 08:53:59 - [MESSAGE][PASSED] - Text 'Gosport' is set on object 'Object Repository/Checkatrade_Trade_Search_Page/Page_Checkatrade Find a tradesperson you can trust/input_Not here_location'

2020-04-16 08:53:59 - [TEST_STEP][PASSED] - if (verifyTextNotPresent("Sorry, no results found", false)): null

2020-04-16 08:53:59 - [MESSAGE][PASSED] - Text 'Sorry, no results found' is not present on page

2020-04-16 08:53:59 - [TEST_STEP][PASSED] - markPassed("The Expected Lookup Result(s) ARE being returned by the Lookup Service, AS EXPECTED"): The Expected Lookup Result(s) ARE being returned by the Lookup Service, AS EXPECTED

2020-04-16 08:53:59 - [MESSAGE][PASSED] - The Expected Lookup Result(s) ARE being returned by the Lookup Service, AS EXPECTED

2020-04-16 08:53:59 - [MESSAGE][PASSED] - Call Test Case 'Test Cases/Reusable_Test_Sequences/CAT_Enter_Trade_Location' successfully

2020-04-16 08:53:59 - [TEST_STEP][PASSED] - "---------------------------------------": null

2020-04-16 08:53:59 - [TEST_STEP][PASSED] - " Scroll Search Button into View        |": null

2020-04-16 08:53:59 - [TEST_STEP][PASSED] - "---------------------------------------": null

2020-04-16 08:53:59 - [TEST_STEP][PASSED] - "---------------------------------------": null

2020-04-16 08:53:59 - [TEST_STEP][PASSED] - " Hit Search Button                     |": null

2020-04-16 08:53:59 - [TEST_STEP][PASSED] - callTestCase(findTestCase("Reusable_Test_Sequences/CAT_Hit_Search_Button"), [:], CONTINUE_ON_FAILURE): Call Test Case 'Test Cases/Reusable_Test_Sequences/CAT_Hit_Search_Button' successfully

2020-04-16 08:53:59 - [TEST_CASE][PASSED] - Test Cases/Reusable_Test_Sequences/CAT_Hit_Search_Button: Test Cases/Reusable_Test_Sequences/CAT_Hit_Search_Button

2020-04-16 08:53:59 - [TEST_STEP][PASSED] - "---------------------------------": null

2020-04-16 08:53:59 - [TEST_STEP][PASSED] - "HIT SEARCH": null

2020-04-16 08:53:59 - [TEST_STEP][PASSED] - "---------------------------------": null

2020-04-16 08:53:59 - [TEST_STEP][PASSED] - if (Website_Version == "new"): null

2020-04-16 08:53:59 - [TEST_STEP][PASSED] - else: Object: 'Object Repository/Page_Checkatrade Find a tradesperson you can trust/a_Search' is clicked on

2020-04-16 08:53:59 - [TEST_STEP][PASSED] - waitForElementClickable(findTestObject("Object Repository/Page_Checkatrade Find a tradesperson you can trust/a_Search"), 25): Object 'Object Repository/Page_Checkatrade Find a tradesperson you can trust/a_Search' is clickable

2020-04-16 08:53:59 - [MESSAGE][PASSED] - Object 'Object Repository/Page_Checkatrade Find a tradesperson you can trust/a_Search' is clickable

2020-04-16 08:53:59 - [TEST_STEP][PASSED] - click(findTestObject("Object Repository/Page_Checkatrade Find a tradesperson you can trust/a_Search")): Object: 'Object Repository/Page_Checkatrade Find a tradesperson you can trust/a_Search' is clicked on

2020-04-16 08:54:01 - [MESSAGE][PASSED] - Object: 'Object Repository/Page_Checkatrade Find a tradesperson you can trust/a_Search' is clicked on

2020-04-16 08:54:01 - [MESSAGE][PASSED] - Call Test Case 'Test Cases/Reusable_Test_Sequences/CAT_Hit_Search_Button' successfully

2020-04-16 08:54:01 - [TEST_STEP][PASSED] - "---------------------------------------": null

2020-04-16 08:54:01 - [TEST_STEP][PASSED] - " Verify Returned Page is as Expected   |": null

2020-04-16 08:54:01 - [TEST_STEP][PASSED] - callTestCase(findTestCase("Reusable_Test_Sequences/CAT_Verification"), [:], STOP_ON_FAILURE): Call Test Case 'Test Cases/Reusable_Test_Sequences/CAT_Verification' successfully

2020-04-16 08:54:01 - [TEST_CASE][PASSED] - Test Cases/Reusable_Test_Sequences/CAT_Verification: Test Cases/Reusable_Test_Sequences/CAT_Verification

2020-04-16 08:54:01 - [TEST_STEP][PASSED] - "Updated 05/12/2019 due to wholesale Home page changes": null

2020-04-16 08:54:01 - [TEST_STEP][PASSED] - "Expected cantantenated text is Returned": null

2020-04-16 08:54:01 - [TEST_STEP][PASSED] - " DYNAMIC DELAY - Wait for <SEARCH> Button to Re-Appear after Search is completed": null

2020-04-16 08:54:01 - [TEST_STEP][PASSED] - delay(3): Delayed 3 second(s)

2020-04-16 08:54:04 - [MESSAGE][PASSED] - Delayed 3 second(s)

2020-04-16 08:54:04 - [TEST_STEP][PASSED] - waitForPageLoad(60): Wait for page load successfully

2020-04-16 08:54:04 - [MESSAGE][PASSED] - Wait for page load successfully

2020-04-16 08:54:04 - [TEST_STEP][PASSED] - delay(1): Delayed 1 second(s)

2020-04-16 08:54:05 - [MESSAGE][PASSED] - Delayed 1 second(s)

2020-04-16 08:54:05 - [TEST_STEP][PASSED] - "--------------------": null

2020-04-16 08:54:05 - [TEST_STEP][PASSED] - "----------------------------------------------------------------------------------------------------": null

2020-04-16 08:54:05 - [TEST_STEP][PASSED] - "PREVIEW INCONSISTENCY - SOMETIME THE FIRST ITERATION RETURNS 404 - SEEMS TO BE A PREVIEW GLITCH THAT OCCURS TOO OFTEN   |  23/03/2020 - DH": null

2020-04-16 08:54:05 - [TEST_STEP][PASSED] - "------------------------------------------------------------------------------------------------------------------------": null

2020-04-16 08:54:05 - [TEST_STEP][PASSED] - "NEW Approach - Detect IMPROVE SEARCH PoPout and Syn on THIS": null

2020-04-16 08:54:05 - [TEST_STEP][PASSED] - verifyTextPresent(findTestData("searchTestData").getValue("tradeClassification", row), false): Text 'Tree Surgeon' is present on page 

2020-04-16 08:54:06 - [MESSAGE][PASSED] - Text 'Tree Surgeon' is present on page 

2020-04-16 08:54:06 - [TEST_STEP][PASSED] - verifyTextPresent(findTestData("searchTestData").getValue("tradeLocation", row), false): Text 'Gosport' is present on page 

2020-04-16 08:54:06 - [MESSAGE][PASSED] - Text 'Gosport' is present on page 

2020-04-16 08:54:06 - [MESSAGE][PASSED] - Call Test Case 'Test Cases/Reusable_Test_Sequences/CAT_Verification' successfully

2020-04-16 08:54:06 - [TEST_STEP][PASSED] - "--------------------------": null

2020-04-16 08:54:06 - [TEST_STEP][PASSED] - " Teardown - CLose Browser |": null

2020-04-16 08:54:06 - [TEST_STEP][PASSED] - callTestCase(findTestCase("Reusable_Test_Sequences/CAT_Teardown"), [:], OPTIONAL): Call Test Case 'Test Cases/Reusable_Test_Sequences/CAT_Teardown' successfully

2020-04-16 08:54:06 - [TEST_CASE][PASSED] - Test Cases/Reusable_Test_Sequences/CAT_Teardown: Test Cases/Reusable_Test_Sequences/CAT_Teardown

2020-04-16 08:54:06 - [TEST_STEP][PASSED] - closeBrowser(): Browser is closed

2020-04-16 08:54:07 - [MESSAGE][PASSED] - Browser is closed

2020-04-16 08:54:07 - [TEST_STEP][PASSED] - super.finalize(): null

2020-04-16 08:54:07 - [TEST_STEP][PASSED] - System.gc(): null

2020-04-16 08:54:07 - [MESSAGE][PASSED] - Call Test Case 'Test Cases/Reusable_Test_Sequences/CAT_Teardown' successfully

2020-04-16 08:54:07 - [TEST_STEP][PASSED] - callTestCase(findTestCase("Reusable_Test_Sequences/CAT_Setup"), [:], OPTIONAL): Call Test Case 'Test Cases/Reusable_Test_Sequences/CAT_Setup' successfully

2020-04-16 08:54:07 - [TEST_CASE][PASSED] - Test Cases/Reusable_Test_Sequences/CAT_Setup: Test Cases/Reusable_Test_Sequences/CAT_Setup

2020-04-16 08:54:07 - [TEST_STEP][PASSED] - "------------------------------": null

2020-04-16 08:54:07 - [TEST_STEP][PASSED] - " Set Mobile Device Testing    |": null

2020-04-16 08:54:07 - [TEST_STEP][PASSED] - if (Mobile_Flag == "true"): null

2020-04-16 08:54:07 - [TEST_STEP][PASSED] - "------------------------------": null

2020-04-16 08:54:07 - [TEST_STEP][PASSED] - " Set Mobile Device Testing    |": null

2020-04-16 08:54:07 - [TEST_STEP][PASSED] - "------------------------------": null

2020-04-16 08:54:07 - [TEST_STEP][PASSED] - "URL - Set from the ENVIRONMENT PROFILE ": null

2020-04-16 08:54:07 - [TEST_STEP][PASSED] - openBrowser(URL): Browser is opened with url: 'https://www.preview.checkatrade.com/'

2020-04-16 08:54:07 - [MESSAGE][INFO] - Starting 'Chrome' driver

2020-04-16 08:54:07 - [MESSAGE][INFO] - Action delay is set to 0 milliseconds

2020-04-16 08:54:13 - [MESSAGE][PASSED] - Browser is opened with url: 'https://www.preview.checkatrade.com/'

2020-04-16 08:54:13 - [TEST_STEP][PASSED] - maximizeWindow(): Current window maximized

2020-04-16 08:54:15 - [MESSAGE][PASSED] - Current window maximized

2020-04-16 08:54:15 - [TEST_STEP][PASSED] - waitForPageLoad(60): Wait for page load successfully

2020-04-16 08:54:15 - [MESSAGE][PASSED] - Wait for page load successfully

2020-04-16 08:54:15 - [TEST_STEP][PASSED] - "Previous Functionalilty Left Commented For Ease Of reversion": null

2020-04-16 08:54:15 - [TEST_STEP][PASSED] - " Katalon Try/Catches currently have issues? SEE HEADER": null

2020-04-16 08:54:15 - [TEST_STEP][PASSED] - try: Text 'Cookie Policy' is not present on page

2020-04-16 08:54:15 - [TEST_STEP][PASSED] - verifyElementPresent(findTestObject("Object Repository/Cookies/Page_Checkatrade Find a tradesperson you can trust/button_Accept All"), 5, OPTIONAL): Object 'Object Repository/Cookies/Page_Checkatrade Find a tradesperson you can trust/button_Accept All' is present

2020-04-16 08:54:15 - [MESSAGE][PASSED] - Object 'Object Repository/Cookies/Page_Checkatrade Find a tradesperson you can trust/button_Accept All' is present

2020-04-16 08:54:15 - [TEST_STEP][PASSED] - click(findTestObject("Object Repository/Cookies/Page_Checkatrade Find a tradesperson you can trust/button_Accept All"), OPTIONAL): Object: 'Object Repository/Cookies/Page_Checkatrade Find a tradesperson you can trust/button_Accept All' is clicked on

2020-04-16 08:54:16 - [MESSAGE][PASSED] - Object: 'Object Repository/Cookies/Page_Checkatrade Find a tradesperson you can trust/button_Accept All' is clicked on

2020-04-16 08:54:16 - [TEST_STEP][PASSED] - "---------------------------------": null

2020-04-16 08:54:16 - [TEST_STEP][PASSED] - "COOKIE POPOUT REMOVED - Confirmed": null

2020-04-16 08:54:16 - [TEST_STEP][PASSED] - delay(1): Delayed 1 second(s)

2020-04-16 08:54:17 - [MESSAGE][PASSED] - Delayed 1 second(s)

2020-04-16 08:54:17 - [TEST_STEP][PASSED] - verifyTextNotPresent("We use cookies to personalise content and ads, to provide social media features and to analyse our traffic", false): Text 'We use cookies to personalise content and ads, to provide social media features and to analyse our traffic' is not present on page

2020-04-16 08:54:17 - [MESSAGE][PASSED] - Text 'We use cookies to personalise content and ads, to provide social media features and to analyse our traffic' is not present on page

2020-04-16 08:54:17 - [TEST_STEP][PASSED] - verifyTextNotPresent(" We also share information about your use of our site with our social media, advertising and analytics partners", false): Text ' We also share information about your use of our site with our social media, advertising and analytics partners' is not present on page

2020-04-16 08:54:17 - [MESSAGE][PASSED] - Text ' We also share information about your use of our site with our social media, advertising and analytics partners' is not present on page

2020-04-16 08:54:17 - [TEST_STEP][PASSED] - verifyTextNotPresent("Cookie Policy", false): Text 'Cookie Policy' is not present on page

2020-04-16 08:54:17 - [MESSAGE][PASSED] - Text 'Cookie Policy' is not present on page

2020-04-16 08:54:17 - [TEST_STEP][PASSED] - waitForPageLoad(60): Wait for page load successfully

2020-04-16 08:54:17 - [MESSAGE][PASSED] - Wait for page load successfully

2020-04-16 08:54:17 - [TEST_STEP][PASSED] - "COOKIE - ORIGINAL": null

2020-04-16 08:54:17 - [TEST_STEP][PASSED] - if (waitForElementVisible(findTestObject("Object Repository/Feedback/Page_Checkatrade Give your feedback/input_Member_to_Review"), 5)): Web element with id: 'Object Repository/Feedback/Page_Checkatrade Give your feedback/input_Member_to_Review' located by 'By.xpath: //input[@id='feedback-form__company_autocomplete_input']' not found

2020-04-16 08:54:22 - [MESSAGE][INFO] - Unable to find the element located by 'By.xpath: //input[@id='feedback-form__company_autocomplete_input']'. Please recheck the objects properties to make sure the desired element is located. 

2020-04-16 08:54:22 - [MESSAGE][WARNING] - Web element with id: 'Object Repository/Feedback/Page_Checkatrade Give your feedback/input_Member_to_Review' located by 'By.xpath: //input[@id='feedback-form__company_autocomplete_input']' not found

2020-04-16 08:54:22 - [TEST_STEP][PASSED] - else: The <<<OLD>>> Website was detected by the STARTUP Process

2020-04-16 08:54:22 - [TEST_STEP][PASSED] - if (!(verifyElementVisible(findTestObject("Object Repository/Checkatrade_Trade_Search_Page/Page_Checkatrade Find a tradesperson you can trust/input_Search_Button_FF")))): Object 'Object Repository/Checkatrade_Trade_Search_Page/Page_Checkatrade Find a tradesperson you can trust/input_Search_Button_FF' is visible

2020-04-16 08:54:23 - [MESSAGE][PASSED] - Object 'Object Repository/Checkatrade_Trade_Search_Page/Page_Checkatrade Find a tradesperson you can trust/input_Search_Button_FF' is visible

2020-04-16 08:54:23 - [TEST_STEP][PASSED] - else: The <<<OLD>>> Website was detected by the STARTUP Process

2020-04-16 08:54:23 - [TEST_STEP][PASSED] - Website_Version = "old": null

2020-04-16 08:54:23 - [TEST_STEP][PASSED] - logInfo("The <<<OLD>>> Website was detected by the STARTUP Process"): The <<<OLD>>> Website was detected by the STARTUP Process

2020-04-16 08:54:23 - [MESSAGE][INFO] - The <<<OLD>>> Website was detected by the STARTUP Process

2020-04-16 08:54:23 - [MESSAGE][PASSED] - Call Test Case 'Test Cases/Reusable_Test_Sequences/CAT_Setup' successfully

2020-04-16 08:54:23 - [TEST_STEP][PASSED] - callTestCase(findTestCase("Reusable_Test_Sequences/CAT_Home"), [:], CONTINUE_ON_FAILURE): Call Test Case 'Test Cases/Reusable_Test_Sequences/CAT_Home' successfully

2020-04-16 08:54:23 - [TEST_CASE][PASSED] - Test Cases/Reusable_Test_Sequences/CAT_Home: Test Cases/Reusable_Test_Sequences/CAT_Home

2020-04-16 08:54:23 - [TEST_STEP][PASSED] - waitForPageLoad(60): Wait for page load successfully

2020-04-16 08:54:23 - [MESSAGE][PASSED] - Wait for page load successfully

2020-04-16 08:54:23 - [TEST_STEP][PASSED] - delay(2): Delayed 2 second(s)

2020-04-16 08:54:25 - [MESSAGE][PASSED] - Delayed 2 second(s)

2020-04-16 08:54:25 - [TEST_STEP][PASSED] - "------------------------------------": null

2020-04-16 08:54:25 - [TEST_STEP][PASSED] - if (Website_Version == "new"): null

2020-04-16 08:54:25 - [TEST_STEP][PASSED] - else: Text 'Over a million visits to Checkatrade each month' is present on page 

2020-04-16 08:54:25 - [TEST_STEP][PASSED] - verifyTextPresent("Helping you find the right trade or service", false): Text 'Helping you find the right trade or service' is present on page 

2020-04-16 08:54:25 - [MESSAGE][PASSED] - Text 'Helping you find the right trade or service' is present on page 

2020-04-16 08:54:25 - [TEST_STEP][PASSED] - verifyTextPresent("Search through over", false): Text 'Search through over' is present on page 

2020-04-16 08:54:25 - [MESSAGE][PASSED] - Text 'Search through over' is present on page 

2020-04-16 08:54:25 - [TEST_STEP][PASSED] - verifyTextPresent("recommended, vetted and monitored trades and service providers for free.", false): Text 'recommended, vetted and monitored trades and service providers for free.' is present on page 

2020-04-16 08:54:25 - [MESSAGE][PASSED] - Text 'recommended, vetted and monitored trades and service providers for free.' is present on page 

2020-04-16 08:54:25 - [TEST_STEP][PASSED] - verifyTextPresent("reviews published so far – thank you!", false): Text 'reviews published so far – thank you!' is present on page 

2020-04-16 08:54:25 - [MESSAGE][PASSED] - Text 'reviews published so far – thank you!' is present on page 

2020-04-16 08:54:25 - [TEST_STEP][PASSED] - verifyTextPresent("I need a trade or service", false): Text 'I need a trade or service' is present on page 

2020-04-16 08:54:26 - [MESSAGE][PASSED] - Text 'I need a trade or service' is present on page 

2020-04-16 08:54:26 - [TEST_STEP][PASSED] - verifyTextPresent("Every trader thoroughly checked and vetted", false): Text 'Every trader thoroughly checked and vetted' is present on page 

2020-04-16 08:54:26 - [MESSAGE][PASSED] - Text 'Every trader thoroughly checked and vetted' is present on page 

2020-04-16 08:54:26 - [TEST_STEP][PASSED] - "------------------------------------": null

2020-04-16 08:54:26 - [TEST_STEP][PASSED] - verifyTextPresent("reviews published so far – thank you!", false): Text 'reviews published so far – thank you!' is present on page 

2020-04-16 08:54:26 - [MESSAGE][PASSED] - Text 'reviews published so far – thank you!' is present on page 

2020-04-16 08:54:26 - [TEST_STEP][PASSED] - verifyTextPresent("Find out more", false): Text 'Find out more' is present on page 

2020-04-16 08:54:26 - [MESSAGE][PASSED] - Text 'Find out more' is present on page 

2020-04-16 08:54:26 - [TEST_STEP][PASSED] - verifyTextPresent("I am a tradesman", false): Text 'I am a tradesman' is present on page 

2020-04-16 08:54:26 - [MESSAGE][PASSED] - Text 'I am a tradesman' is present on page 

2020-04-16 08:54:26 - [TEST_STEP][PASSED] - verifyTextPresent("Find out more", false): Text 'Find out more' is present on page 

2020-04-16 08:54:26 - [MESSAGE][PASSED] - Text 'Find out more' is present on page 

2020-04-16 08:54:26 - [TEST_STEP][PASSED] - verifyTextPresent("Over a million visits to Checkatrade each month", false): Text 'Over a million visits to Checkatrade each month' is present on page 

2020-04-16 08:54:26 - [MESSAGE][PASSED] - Text 'Over a million visits to Checkatrade each month' is present on page 

2020-04-16 08:54:26 - [MESSAGE][PASSED] - Call Test Case 'Test Cases/Reusable_Test_Sequences/CAT_Home' successfully

2020-04-16 08:54:26 - [TEST_STEP][PASSED] - "---------------------------------------": null

2020-04-16 08:54:26 - [TEST_STEP][PASSED] - " Set and SEARCH TRADE CLASSIFICATION   |": null

2020-04-16 08:54:26 - [TEST_STEP][PASSED] - callTestCase(findTestCase("Reusable_Test_Sequences/CAT_Enter_Trade_Classification"), [:], CONTINUE_ON_FAILURE): Call Test Case 'Test Cases/Reusable_Test_Sequences/CAT_Enter_Trade_Classification' successfully

2020-04-16 08:54:26 - [TEST_CASE][PASSED] - Test Cases/Reusable_Test_Sequences/CAT_Enter_Trade_Classification: Test Cases/Reusable_Test_Sequences/CAT_Enter_Trade_Classification

2020-04-16 08:54:26 - [TEST_STEP][PASSED] - "---------------------------------": null

2020-04-16 08:54:26 - [TEST_STEP][PASSED] - "Set and SEARCH SELECTED TRADE": null

2020-04-16 08:54:26 - [TEST_STEP][PASSED] - if (Website_Version == "new"): null

2020-04-16 08:54:26 - [TEST_STEP][PASSED] - else: Object: 'Object Repository/Checkatrade_Trade_Search_Page/Page_Checkatrade Find a tradesperson you can trust/input_Search_Button_FF' is clicked on

2020-04-16 08:54:26 - [TEST_STEP][PASSED] - waitForElementPresent(findTestObject("Object Repository/Checkatrade_Trade_Search_Page/Page_Checkatrade Find a tradesperson you can trust/input_Search_Button_FF"), 60): Object 'Object Repository/Checkatrade_Trade_Search_Page/Page_Checkatrade Find a tradesperson you can trust/input_Search_Button_FF' is present

2020-04-16 08:54:26 - [MESSAGE][PASSED] - Object 'Object Repository/Checkatrade_Trade_Search_Page/Page_Checkatrade Find a tradesperson you can trust/input_Search_Button_FF' is present

2020-04-16 08:54:26 - [TEST_STEP][PASSED] - click(findTestObject("Object Repository/Checkatrade_Trade_Search_Page/Page_Checkatrade Find a tradesperson you can trust/input_Search_Button_FF")): Object: 'Object Repository/Checkatrade_Trade_Search_Page/Page_Checkatrade Find a tradesperson you can trust/input_Search_Button_FF' is clicked on

2020-04-16 08:54:26 - [MESSAGE][PASSED] - Object: 'Object Repository/Checkatrade_Trade_Search_Page/Page_Checkatrade Find a tradesperson you can trust/input_Search_Button_FF' is clicked on

2020-04-16 08:54:26 - [TEST_STEP][PASSED] - setText(findTestObject("Object Repository/Checkatrade_Trade_Search_Page/Page_Checkatrade Find a tradesperson you can trust/input_Search_Button_FF"), findTestData("searchTestData").getValue("tradeClassification", row)): Text 'Tree Surgeon' is set on object 'Object Repository/Checkatrade_Trade_Search_Page/Page_Checkatrade Find a tradesperson you can trust/input_Search_Button_FF'

2020-04-16 08:54:27 - [MESSAGE][PASSED] - Text 'Tree Surgeon' is set on object 'Object Repository/Checkatrade_Trade_Search_Page/Page_Checkatrade Find a tradesperson you can trust/input_Search_Button_FF'

2020-04-16 08:54:27 - [TEST_STEP][PASSED] - click(findTestObject("Object Repository/Checkatrade_Trade_Search_Page/Page_Checkatrade Find a tradesperson you can trust/input_Search_Button_FF")): Object: 'Object Repository/Checkatrade_Trade_Search_Page/Page_Checkatrade Find a tradesperson you can trust/input_Search_Button_FF' is clicked on

2020-04-16 08:54:27 - [MESSAGE][PASSED] - Object: 'Object Repository/Checkatrade_Trade_Search_Page/Page_Checkatrade Find a tradesperson you can trust/input_Search_Button_FF' is clicked on

2020-04-16 08:54:27 - [MESSAGE][PASSED] - Call Test Case 'Test Cases/Reusable_Test_Sequences/CAT_Enter_Trade_Classification' successfully

2020-04-16 08:54:27 - [TEST_STEP][PASSED] - "---------------------------------------": null

2020-04-16 08:54:27 - [TEST_STEP][PASSED] - " Set and SEARCH TRADE LOCATION         |": null

2020-04-16 08:54:27 - [TEST_STEP][PASSED] - callTestCase(findTestCase("Reusable_Test_Sequences/CAT_Enter_Trade_Location"), [:], CONTINUE_ON_FAILURE): Call Test Case 'Test Cases/Reusable_Test_Sequences/CAT_Enter_Trade_Location' successfully

2020-04-16 08:54:27 - [TEST_CASE][PASSED] - Test Cases/Reusable_Test_Sequences/CAT_Enter_Trade_Location: Test Cases/Reusable_Test_Sequences/CAT_Enter_Trade_Location

2020-04-16 08:54:27 - [TEST_STEP][PASSED] - "---------------------------------": null

2020-04-16 08:54:27 - [TEST_STEP][PASSED] - "Set and SEARCH SELECTED LOCATION |": null

2020-04-16 08:54:27 - [TEST_STEP][PASSED] - if (Website_Version != "new"): Text 'PO12 2HE' is set on object 'Object Repository/Checkatrade_Trade_Search_Page/Page_Checkatrade Find a tradesperson you can trust/input_Not here_location'

2020-04-16 08:54:27 - [TEST_STEP][PASSED] - click(findTestObject("Object Repository/Checkatrade_Trade_Search_Page/Page_Checkatrade Find a tradesperson you can trust/input_Not here_location")): Object: 'Object Repository/Checkatrade_Trade_Search_Page/Page_Checkatrade Find a tradesperson you can trust/input_Not here_location' is clicked on

2020-04-16 08:54:27 - [MESSAGE][PASSED] - Object: 'Object Repository/Checkatrade_Trade_Search_Page/Page_Checkatrade Find a tradesperson you can trust/input_Not here_location' is clicked on

2020-04-16 08:54:27 - [TEST_STEP][PASSED] - setText(findTestObject("Object Repository/Checkatrade_Trade_Search_Page/Page_Checkatrade Find a tradesperson you can trust/input_Not here_location"), findTestData("searchTestData").getValue("tradeLocation", row)): Text 'PO12 2HE' is set on object 'Object Repository/Checkatrade_Trade_Search_Page/Page_Checkatrade Find a tradesperson you can trust/input_Not here_location'

2020-04-16 08:54:27 - [MESSAGE][PASSED] - Text 'PO12 2HE' is set on object 'Object Repository/Checkatrade_Trade_Search_Page/Page_Checkatrade Find a tradesperson you can trust/input_Not here_location'

2020-04-16 08:54:27 - [TEST_STEP][PASSED] - if (verifyTextNotPresent("Sorry, no results found", false)): null

2020-04-16 08:54:27 - [MESSAGE][PASSED] - Text 'Sorry, no results found' is not present on page

2020-04-16 08:54:27 - [TEST_STEP][PASSED] - markPassed("The Expected Lookup Result(s) ARE being returned by the Lookup Service, AS EXPECTED"): The Expected Lookup Result(s) ARE being returned by the Lookup Service, AS EXPECTED

2020-04-16 08:54:27 - [MESSAGE][PASSED] - The Expected Lookup Result(s) ARE being returned by the Lookup Service, AS EXPECTED

2020-04-16 08:54:27 - [MESSAGE][PASSED] - Call Test Case 'Test Cases/Reusable_Test_Sequences/CAT_Enter_Trade_Location' successfully

2020-04-16 08:54:27 - [TEST_STEP][PASSED] - "---------------------------------------": null

2020-04-16 08:54:27 - [TEST_STEP][PASSED] - " Scroll Search Button into View        |": null

2020-04-16 08:54:27 - [TEST_STEP][PASSED] - "---------------------------------------": null

2020-04-16 08:54:27 - [TEST_STEP][PASSED] - "---------------------------------------": null

2020-04-16 08:54:27 - [TEST_STEP][PASSED] - " Hit Search Button                     |": null

2020-04-16 08:54:27 - [TEST_STEP][PASSED] - callTestCase(findTestCase("Reusable_Test_Sequences/CAT_Hit_Search_Button"), [:], CONTINUE_ON_FAILURE): Call Test Case 'Test Cases/Reusable_Test_Sequences/CAT_Hit_Search_Button' successfully

2020-04-16 08:54:27 - [TEST_CASE][PASSED] - Test Cases/Reusable_Test_Sequences/CAT_Hit_Search_Button: Test Cases/Reusable_Test_Sequences/CAT_Hit_Search_Button

2020-04-16 08:54:27 - [TEST_STEP][PASSED] - "---------------------------------": null

2020-04-16 08:54:27 - [TEST_STEP][PASSED] - "HIT SEARCH": null

2020-04-16 08:54:27 - [TEST_STEP][PASSED] - "---------------------------------": null

2020-04-16 08:54:27 - [TEST_STEP][PASSED] - if (Website_Version == "new"): null

2020-04-16 08:54:27 - [TEST_STEP][PASSED] - else: Object: 'Object Repository/Page_Checkatrade Find a tradesperson you can trust/a_Search' is clicked on

2020-04-16 08:54:27 - [TEST_STEP][PASSED] - waitForElementClickable(findTestObject("Object Repository/Page_Checkatrade Find a tradesperson you can trust/a_Search"), 25): Object 'Object Repository/Page_Checkatrade Find a tradesperson you can trust/a_Search' is clickable

2020-04-16 08:54:27 - [MESSAGE][PASSED] - Object 'Object Repository/Page_Checkatrade Find a tradesperson you can trust/a_Search' is clickable

2020-04-16 08:54:27 - [TEST_STEP][PASSED] - click(findTestObject("Object Repository/Page_Checkatrade Find a tradesperson you can trust/a_Search")): Object: 'Object Repository/Page_Checkatrade Find a tradesperson you can trust/a_Search' is clicked on

2020-04-16 08:54:28 - [MESSAGE][PASSED] - Object: 'Object Repository/Page_Checkatrade Find a tradesperson you can trust/a_Search' is clicked on

2020-04-16 08:54:28 - [MESSAGE][PASSED] - Call Test Case 'Test Cases/Reusable_Test_Sequences/CAT_Hit_Search_Button' successfully

2020-04-16 08:54:28 - [TEST_STEP][PASSED] - "---------------------------------------": null

2020-04-16 08:54:28 - [TEST_STEP][PASSED] - " Verify Returned Page is as Expected   |": null

2020-04-16 08:54:28 - [TEST_STEP][PASSED] - callTestCase(findTestCase("Reusable_Test_Sequences/CAT_Verification"), [:], STOP_ON_FAILURE): Call Test Case 'Test Cases/Reusable_Test_Sequences/CAT_Verification' successfully

2020-04-16 08:54:28 - [TEST_CASE][PASSED] - Test Cases/Reusable_Test_Sequences/CAT_Verification: Test Cases/Reusable_Test_Sequences/CAT_Verification

2020-04-16 08:54:28 - [TEST_STEP][PASSED] - "Updated 05/12/2019 due to wholesale Home page changes": null

2020-04-16 08:54:28 - [TEST_STEP][PASSED] - "Expected cantantenated text is Returned": null

2020-04-16 08:54:28 - [TEST_STEP][PASSED] - " DYNAMIC DELAY - Wait for <SEARCH> Button to Re-Appear after Search is completed": null

2020-04-16 08:54:28 - [TEST_STEP][PASSED] - delay(3): Delayed 3 second(s)

2020-04-16 08:54:31 - [MESSAGE][PASSED] - Delayed 3 second(s)

2020-04-16 08:54:31 - [TEST_STEP][PASSED] - waitForPageLoad(60): Wait for page load successfully

2020-04-16 08:54:32 - [MESSAGE][PASSED] - Wait for page load successfully

2020-04-16 08:54:32 - [TEST_STEP][PASSED] - delay(1): Delayed 1 second(s)

2020-04-16 08:54:33 - [MESSAGE][PASSED] - Delayed 1 second(s)

2020-04-16 08:54:33 - [TEST_STEP][PASSED] - "--------------------": null

2020-04-16 08:54:33 - [TEST_STEP][PASSED] - "----------------------------------------------------------------------------------------------------": null

2020-04-16 08:54:33 - [TEST_STEP][PASSED] - "PREVIEW INCONSISTENCY - SOMETIME THE FIRST ITERATION RETURNS 404 - SEEMS TO BE A PREVIEW GLITCH THAT OCCURS TOO OFTEN   |  23/03/2020 - DH": null

2020-04-16 08:54:33 - [TEST_STEP][PASSED] - "------------------------------------------------------------------------------------------------------------------------": null

2020-04-16 08:54:33 - [TEST_STEP][PASSED] - "NEW Approach - Detect IMPROVE SEARCH PoPout and Syn on THIS": null

2020-04-16 08:54:33 - [TEST_STEP][PASSED] - verifyTextPresent(findTestData("searchTestData").getValue("tradeClassification", row), false): Text 'Tree Surgeon' is present on page 

2020-04-16 08:54:33 - [MESSAGE][PASSED] - Text 'Tree Surgeon' is present on page 

2020-04-16 08:54:33 - [TEST_STEP][PASSED] - verifyTextPresent(findTestData("searchTestData").getValue("tradeLocation", row), false): Text 'PO12 2HE' is present on page 

2020-04-16 08:54:33 - [MESSAGE][PASSED] - Text 'PO12 2HE' is present on page 

2020-04-16 08:54:33 - [MESSAGE][PASSED] - Call Test Case 'Test Cases/Reusable_Test_Sequences/CAT_Verification' successfully

2020-04-16 08:54:33 - [TEST_STEP][PASSED] - "--------------------------": null

2020-04-16 08:54:33 - [TEST_STEP][PASSED] - " Teardown - CLose Browser |": null

2020-04-16 08:54:33 - [TEST_STEP][PASSED] - callTestCase(findTestCase("Reusable_Test_Sequences/CAT_Teardown"), [:], OPTIONAL): Call Test Case 'Test Cases/Reusable_Test_Sequences/CAT_Teardown' successfully

2020-04-16 08:54:33 - [TEST_CASE][PASSED] - Test Cases/Reusable_Test_Sequences/CAT_Teardown: Test Cases/Reusable_Test_Sequences/CAT_Teardown

2020-04-16 08:54:33 - [TEST_STEP][PASSED] - closeBrowser(): Browser is closed

2020-04-16 08:54:34 - [MESSAGE][PASSED] - Browser is closed

2020-04-16 08:54:34 - [TEST_STEP][PASSED] - super.finalize(): null

2020-04-16 08:54:34 - [TEST_STEP][PASSED] - System.gc(): null

2020-04-16 08:54:34 - [MESSAGE][PASSED] - Call Test Case 'Test Cases/Reusable_Test_Sequences/CAT_Teardown' successfully

2020-04-16 08:54:34 - [TEST_STEP][PASSED] - callTestCase(findTestCase("Reusable_Test_Sequences/CAT_Setup"), [:], OPTIONAL): Call Test Case 'Test Cases/Reusable_Test_Sequences/CAT_Setup' successfully

2020-04-16 08:54:34 - [TEST_CASE][PASSED] - Test Cases/Reusable_Test_Sequences/CAT_Setup: Test Cases/Reusable_Test_Sequences/CAT_Setup

2020-04-16 08:54:34 - [TEST_STEP][PASSED] - "------------------------------": null

2020-04-16 08:54:34 - [TEST_STEP][PASSED] - " Set Mobile Device Testing    |": null

2020-04-16 08:54:34 - [TEST_STEP][PASSED] - if (Mobile_Flag == "true"): null

2020-04-16 08:54:34 - [TEST_STEP][PASSED] - "------------------------------": null

2020-04-16 08:54:34 - [TEST_STEP][PASSED] - " Set Mobile Device Testing    |": null

2020-04-16 08:54:34 - [TEST_STEP][PASSED] - "------------------------------": null

2020-04-16 08:54:34 - [TEST_STEP][PASSED] - "URL - Set from the ENVIRONMENT PROFILE ": null

2020-04-16 08:54:34 - [TEST_STEP][PASSED] - openBrowser(URL): Browser is opened with url: 'https://www.preview.checkatrade.com/'

2020-04-16 08:54:34 - [MESSAGE][INFO] - Starting 'Chrome' driver

2020-04-16 08:54:34 - [MESSAGE][INFO] - Action delay is set to 0 milliseconds

2020-04-16 08:54:40 - [MESSAGE][PASSED] - Browser is opened with url: 'https://www.preview.checkatrade.com/'

2020-04-16 08:54:40 - [TEST_STEP][PASSED] - maximizeWindow(): Current window maximized

2020-04-16 08:54:42 - [MESSAGE][PASSED] - Current window maximized

2020-04-16 08:54:42 - [TEST_STEP][PASSED] - waitForPageLoad(60): Wait for page load successfully

2020-04-16 08:54:42 - [MESSAGE][PASSED] - Wait for page load successfully

2020-04-16 08:54:42 - [TEST_STEP][PASSED] - "Previous Functionalilty Left Commented For Ease Of reversion": null

2020-04-16 08:54:42 - [TEST_STEP][PASSED] - " Katalon Try/Catches currently have issues? SEE HEADER": null

2020-04-16 08:54:42 - [TEST_STEP][PASSED] - try: Text 'Cookie Policy' is not present on page

2020-04-16 08:54:42 - [TEST_STEP][PASSED] - verifyElementPresent(findTestObject("Object Repository/Cookies/Page_Checkatrade Find a tradesperson you can trust/button_Accept All"), 5, OPTIONAL): Object 'Object Repository/Cookies/Page_Checkatrade Find a tradesperson you can trust/button_Accept All' is present

2020-04-16 08:54:42 - [MESSAGE][PASSED] - Object 'Object Repository/Cookies/Page_Checkatrade Find a tradesperson you can trust/button_Accept All' is present

2020-04-16 08:54:42 - [TEST_STEP][PASSED] - click(findTestObject("Object Repository/Cookies/Page_Checkatrade Find a tradesperson you can trust/button_Accept All"), OPTIONAL): Object: 'Object Repository/Cookies/Page_Checkatrade Find a tradesperson you can trust/button_Accept All' is clicked on

2020-04-16 08:54:42 - [MESSAGE][PASSED] - Object: 'Object Repository/Cookies/Page_Checkatrade Find a tradesperson you can trust/button_Accept All' is clicked on

2020-04-16 08:54:42 - [TEST_STEP][PASSED] - "---------------------------------": null

2020-04-16 08:54:42 - [TEST_STEP][PASSED] - "COOKIE POPOUT REMOVED - Confirmed": null

2020-04-16 08:54:42 - [TEST_STEP][PASSED] - delay(1): Delayed 1 second(s)

2020-04-16 08:54:43 - [MESSAGE][PASSED] - Delayed 1 second(s)

2020-04-16 08:54:43 - [TEST_STEP][PASSED] - verifyTextNotPresent("We use cookies to personalise content and ads, to provide social media features and to analyse our traffic", false): Text 'We use cookies to personalise content and ads, to provide social media features and to analyse our traffic' is not present on page

2020-04-16 08:54:43 - [MESSAGE][PASSED] - Text 'We use cookies to personalise content and ads, to provide social media features and to analyse our traffic' is not present on page

2020-04-16 08:54:43 - [TEST_STEP][PASSED] - verifyTextNotPresent(" We also share information about your use of our site with our social media, advertising and analytics partners", false): Text ' We also share information about your use of our site with our social media, advertising and analytics partners' is not present on page

2020-04-16 08:54:43 - [MESSAGE][PASSED] - Text ' We also share information about your use of our site with our social media, advertising and analytics partners' is not present on page

2020-04-16 08:54:43 - [TEST_STEP][PASSED] - verifyTextNotPresent("Cookie Policy", false): Text 'Cookie Policy' is not present on page

2020-04-16 08:54:43 - [MESSAGE][PASSED] - Text 'Cookie Policy' is not present on page

2020-04-16 08:54:43 - [TEST_STEP][PASSED] - waitForPageLoad(60): Wait for page load successfully

2020-04-16 08:54:43 - [MESSAGE][PASSED] - Wait for page load successfully

2020-04-16 08:54:43 - [TEST_STEP][PASSED] - "COOKIE - ORIGINAL": null

2020-04-16 08:54:43 - [TEST_STEP][PASSED] - if (waitForElementVisible(findTestObject("Object Repository/Feedback/Page_Checkatrade Give your feedback/input_Member_to_Review"), 5)): Web element with id: 'Object Repository/Feedback/Page_Checkatrade Give your feedback/input_Member_to_Review' located by 'By.xpath: //input[@id='feedback-form__company_autocomplete_input']' not found

2020-04-16 08:54:49 - [MESSAGE][INFO] - Unable to find the element located by 'By.xpath: //input[@id='feedback-form__company_autocomplete_input']'. Please recheck the objects properties to make sure the desired element is located. 

2020-04-16 08:54:49 - [MESSAGE][WARNING] - Web element with id: 'Object Repository/Feedback/Page_Checkatrade Give your feedback/input_Member_to_Review' located by 'By.xpath: //input[@id='feedback-form__company_autocomplete_input']' not found

2020-04-16 08:54:49 - [TEST_STEP][PASSED] - else: The <<<OLD>>> Website was detected by the STARTUP Process

2020-04-16 08:54:49 - [TEST_STEP][PASSED] - if (!(verifyElementVisible(findTestObject("Object Repository/Checkatrade_Trade_Search_Page/Page_Checkatrade Find a tradesperson you can trust/input_Search_Button_FF")))): Object 'Object Repository/Checkatrade_Trade_Search_Page/Page_Checkatrade Find a tradesperson you can trust/input_Search_Button_FF' is visible

2020-04-16 08:54:49 - [MESSAGE][PASSED] - Object 'Object Repository/Checkatrade_Trade_Search_Page/Page_Checkatrade Find a tradesperson you can trust/input_Search_Button_FF' is visible

2020-04-16 08:54:49 - [TEST_STEP][PASSED] - else: The <<<OLD>>> Website was detected by the STARTUP Process

2020-04-16 08:54:49 - [TEST_STEP][PASSED] - Website_Version = "old": null

2020-04-16 08:54:49 - [TEST_STEP][PASSED] - logInfo("The <<<OLD>>> Website was detected by the STARTUP Process"): The <<<OLD>>> Website was detected by the STARTUP Process

2020-04-16 08:54:49 - [MESSAGE][INFO] - The <<<OLD>>> Website was detected by the STARTUP Process

2020-04-16 08:54:49 - [MESSAGE][PASSED] - Call Test Case 'Test Cases/Reusable_Test_Sequences/CAT_Setup' successfully

2020-04-16 08:54:49 - [TEST_STEP][PASSED] - callTestCase(findTestCase("Reusable_Test_Sequences/CAT_Home"), [:], CONTINUE_ON_FAILURE): Call Test Case 'Test Cases/Reusable_Test_Sequences/CAT_Home' successfully

2020-04-16 08:54:49 - [TEST_CASE][PASSED] - Test Cases/Reusable_Test_Sequences/CAT_Home: Test Cases/Reusable_Test_Sequences/CAT_Home

2020-04-16 08:54:49 - [TEST_STEP][PASSED] - waitForPageLoad(60): Wait for page load successfully

2020-04-16 08:54:49 - [MESSAGE][PASSED] - Wait for page load successfully

2020-04-16 08:54:49 - [TEST_STEP][PASSED] - delay(2): Delayed 2 second(s)

2020-04-16 08:54:51 - [MESSAGE][PASSED] - Delayed 2 second(s)

2020-04-16 08:54:51 - [TEST_STEP][PASSED] - "------------------------------------": null

2020-04-16 08:54:51 - [TEST_STEP][PASSED] - if (Website_Version == "new"): null

2020-04-16 08:54:51 - [TEST_STEP][PASSED] - else: Text 'Over a million visits to Checkatrade each month' is present on page 

2020-04-16 08:54:51 - [TEST_STEP][PASSED] - verifyTextPresent("Helping you find the right trade or service", false): Text 'Helping you find the right trade or service' is present on page 

2020-04-16 08:54:51 - [MESSAGE][PASSED] - Text 'Helping you find the right trade or service' is present on page 

2020-04-16 08:54:51 - [TEST_STEP][PASSED] - verifyTextPresent("Search through over", false): Text 'Search through over' is present on page 

2020-04-16 08:54:51 - [MESSAGE][PASSED] - Text 'Search through over' is present on page 

2020-04-16 08:54:51 - [TEST_STEP][PASSED] - verifyTextPresent("recommended, vetted and monitored trades and service providers for free.", false): Text 'recommended, vetted and monitored trades and service providers for free.' is present on page 

2020-04-16 08:54:51 - [MESSAGE][PASSED] - Text 'recommended, vetted and monitored trades and service providers for free.' is present on page 

2020-04-16 08:54:51 - [TEST_STEP][PASSED] - verifyTextPresent("reviews published so far – thank you!", false): Text 'reviews published so far – thank you!' is present on page 

2020-04-16 08:54:51 - [MESSAGE][PASSED] - Text 'reviews published so far – thank you!' is present on page 

2020-04-16 08:54:51 - [TEST_STEP][PASSED] - verifyTextPresent("I need a trade or service", false): Text 'I need a trade or service' is present on page 

2020-04-16 08:54:51 - [MESSAGE][PASSED] - Text 'I need a trade or service' is present on page 

2020-04-16 08:54:51 - [TEST_STEP][PASSED] - verifyTextPresent("Every trader thoroughly checked and vetted", false): Text 'Every trader thoroughly checked and vetted' is present on page 

2020-04-16 08:54:51 - [MESSAGE][PASSED] - Text 'Every trader thoroughly checked and vetted' is present on page 

2020-04-16 08:54:51 - [TEST_STEP][PASSED] - "------------------------------------": null

2020-04-16 08:54:51 - [TEST_STEP][PASSED] - verifyTextPresent("reviews published so far – thank you!", false): Text 'reviews published so far – thank you!' is present on page 

2020-04-16 08:54:51 - [MESSAGE][PASSED] - Text 'reviews published so far – thank you!' is present on page 

2020-04-16 08:54:51 - [TEST_STEP][PASSED] - verifyTextPresent("Find out more", false): Text 'Find out more' is present on page 

2020-04-16 08:54:52 - [MESSAGE][PASSED] - Text 'Find out more' is present on page 

2020-04-16 08:54:52 - [TEST_STEP][PASSED] - verifyTextPresent("I am a tradesman", false): Text 'I am a tradesman' is present on page 

2020-04-16 08:54:52 - [MESSAGE][PASSED] - Text 'I am a tradesman' is present on page 

2020-04-16 08:54:52 - [TEST_STEP][PASSED] - verifyTextPresent("Find out more", false): Text 'Find out more' is present on page 

2020-04-16 08:54:52 - [MESSAGE][PASSED] - Text 'Find out more' is present on page 

2020-04-16 08:54:52 - [TEST_STEP][PASSED] - verifyTextPresent("Over a million visits to Checkatrade each month", false): Text 'Over a million visits to Checkatrade each month' is present on page 

2020-04-16 08:54:52 - [MESSAGE][PASSED] - Text 'Over a million visits to Checkatrade each month' is present on page 

2020-04-16 08:54:52 - [MESSAGE][PASSED] - Call Test Case 'Test Cases/Reusable_Test_Sequences/CAT_Home' successfully

2020-04-16 08:54:52 - [TEST_STEP][PASSED] - "---------------------------------------": null

2020-04-16 08:54:52 - [TEST_STEP][PASSED] - " Set and SEARCH TRADE CLASSIFICATION   |": null

2020-04-16 08:54:52 - [TEST_STEP][PASSED] - callTestCase(findTestCase("Reusable_Test_Sequences/CAT_Enter_Trade_Classification"), [:], CONTINUE_ON_FAILURE): Call Test Case 'Test Cases/Reusable_Test_Sequences/CAT_Enter_Trade_Classification' successfully

2020-04-16 08:54:52 - [TEST_CASE][PASSED] - Test Cases/Reusable_Test_Sequences/CAT_Enter_Trade_Classification: Test Cases/Reusable_Test_Sequences/CAT_Enter_Trade_Classification

2020-04-16 08:54:52 - [TEST_STEP][PASSED] - "---------------------------------": null

2020-04-16 08:54:52 - [TEST_STEP][PASSED] - "Set and SEARCH SELECTED TRADE": null

2020-04-16 08:54:52 - [TEST_STEP][PASSED] - if (Website_Version == "new"): null

2020-04-16 08:54:52 - [TEST_STEP][PASSED] - else: Object: 'Object Repository/Checkatrade_Trade_Search_Page/Page_Checkatrade Find a tradesperson you can trust/input_Search_Button_FF' is clicked on

2020-04-16 08:54:52 - [TEST_STEP][PASSED] - waitForElementPresent(findTestObject("Object Repository/Checkatrade_Trade_Search_Page/Page_Checkatrade Find a tradesperson you can trust/input_Search_Button_FF"), 60): Object 'Object Repository/Checkatrade_Trade_Search_Page/Page_Checkatrade Find a tradesperson you can trust/input_Search_Button_FF' is present

2020-04-16 08:54:52 - [MESSAGE][PASSED] - Object 'Object Repository/Checkatrade_Trade_Search_Page/Page_Checkatrade Find a tradesperson you can trust/input_Search_Button_FF' is present

2020-04-16 08:54:52 - [TEST_STEP][PASSED] - click(findTestObject("Object Repository/Checkatrade_Trade_Search_Page/Page_Checkatrade Find a tradesperson you can trust/input_Search_Button_FF")): Object: 'Object Repository/Checkatrade_Trade_Search_Page/Page_Checkatrade Find a tradesperson you can trust/input_Search_Button_FF' is clicked on

2020-04-16 08:54:52 - [MESSAGE][PASSED] - Object: 'Object Repository/Checkatrade_Trade_Search_Page/Page_Checkatrade Find a tradesperson you can trust/input_Search_Button_FF' is clicked on

2020-04-16 08:54:52 - [TEST_STEP][PASSED] - setText(findTestObject("Object Repository/Checkatrade_Trade_Search_Page/Page_Checkatrade Find a tradesperson you can trust/input_Search_Button_FF"), findTestData("searchTestData").getValue("tradeClassification", row)): Text 'Electrician' is set on object 'Object Repository/Checkatrade_Trade_Search_Page/Page_Checkatrade Find a tradesperson you can trust/input_Search_Button_FF'

2020-04-16 08:54:52 - [MESSAGE][PASSED] - Text 'Electrician' is set on object 'Object Repository/Checkatrade_Trade_Search_Page/Page_Checkatrade Find a tradesperson you can trust/input_Search_Button_FF'

2020-04-16 08:54:52 - [TEST_STEP][PASSED] - click(findTestObject("Object Repository/Checkatrade_Trade_Search_Page/Page_Checkatrade Find a tradesperson you can trust/input_Search_Button_FF")): Object: 'Object Repository/Checkatrade_Trade_Search_Page/Page_Checkatrade Find a tradesperson you can trust/input_Search_Button_FF' is clicked on

2020-04-16 08:54:52 - [MESSAGE][PASSED] - Object: 'Object Repository/Checkatrade_Trade_Search_Page/Page_Checkatrade Find a tradesperson you can trust/input_Search_Button_FF' is clicked on

2020-04-16 08:54:52 - [MESSAGE][PASSED] - Call Test Case 'Test Cases/Reusable_Test_Sequences/CAT_Enter_Trade_Classification' successfully

2020-04-16 08:54:52 - [TEST_STEP][PASSED] - "---------------------------------------": null

2020-04-16 08:54:52 - [TEST_STEP][PASSED] - " Set and SEARCH TRADE LOCATION         |": null

2020-04-16 08:54:52 - [TEST_STEP][PASSED] - callTestCase(findTestCase("Reusable_Test_Sequences/CAT_Enter_Trade_Location"), [:], CONTINUE_ON_FAILURE): Call Test Case 'Test Cases/Reusable_Test_Sequences/CAT_Enter_Trade_Location' successfully

2020-04-16 08:54:52 - [TEST_CASE][PASSED] - Test Cases/Reusable_Test_Sequences/CAT_Enter_Trade_Location: Test Cases/Reusable_Test_Sequences/CAT_Enter_Trade_Location

2020-04-16 08:54:52 - [TEST_STEP][PASSED] - "---------------------------------": null

2020-04-16 08:54:52 - [TEST_STEP][PASSED] - "Set and SEARCH SELECTED LOCATION |": null

2020-04-16 08:54:52 - [TEST_STEP][PASSED] - if (Website_Version != "new"): Text 'Hayling Island' is set on object 'Object Repository/Checkatrade_Trade_Search_Page/Page_Checkatrade Find a tradesperson you can trust/input_Not here_location'

2020-04-16 08:54:52 - [TEST_STEP][PASSED] - click(findTestObject("Object Repository/Checkatrade_Trade_Search_Page/Page_Checkatrade Find a tradesperson you can trust/input_Not here_location")): Object: 'Object Repository/Checkatrade_Trade_Search_Page/Page_Checkatrade Find a tradesperson you can trust/input_Not here_location' is clicked on

2020-04-16 08:54:53 - [MESSAGE][PASSED] - Object: 'Object Repository/Checkatrade_Trade_Search_Page/Page_Checkatrade Find a tradesperson you can trust/input_Not here_location' is clicked on

2020-04-16 08:54:53 - [TEST_STEP][PASSED] - setText(findTestObject("Object Repository/Checkatrade_Trade_Search_Page/Page_Checkatrade Find a tradesperson you can trust/input_Not here_location"), findTestData("searchTestData").getValue("tradeLocation", row)): Text 'Hayling Island' is set on object 'Object Repository/Checkatrade_Trade_Search_Page/Page_Checkatrade Find a tradesperson you can trust/input_Not here_location'

2020-04-16 08:54:53 - [MESSAGE][PASSED] - Text 'Hayling Island' is set on object 'Object Repository/Checkatrade_Trade_Search_Page/Page_Checkatrade Find a tradesperson you can trust/input_Not here_location'

2020-04-16 08:54:53 - [TEST_STEP][PASSED] - if (verifyTextNotPresent("Sorry, no results found", false)): null

2020-04-16 08:54:53 - [MESSAGE][PASSED] - Text 'Sorry, no results found' is not present on page

2020-04-16 08:54:53 - [TEST_STEP][PASSED] - markPassed("The Expected Lookup Result(s) ARE being returned by the Lookup Service, AS EXPECTED"): The Expected Lookup Result(s) ARE being returned by the Lookup Service, AS EXPECTED

2020-04-16 08:54:53 - [MESSAGE][PASSED] - The Expected Lookup Result(s) ARE being returned by the Lookup Service, AS EXPECTED

2020-04-16 08:54:53 - [MESSAGE][PASSED] - Call Test Case 'Test Cases/Reusable_Test_Sequences/CAT_Enter_Trade_Location' successfully

2020-04-16 08:54:53 - [TEST_STEP][PASSED] - "---------------------------------------": null

2020-04-16 08:54:53 - [TEST_STEP][PASSED] - " Scroll Search Button into View        |": null

2020-04-16 08:54:53 - [TEST_STEP][PASSED] - "---------------------------------------": null

2020-04-16 08:54:53 - [TEST_STEP][PASSED] - "---------------------------------------": null

2020-04-16 08:54:53 - [TEST_STEP][PASSED] - " Hit Search Button                     |": null

2020-04-16 08:54:53 - [TEST_STEP][PASSED] - callTestCase(findTestCase("Reusable_Test_Sequences/CAT_Hit_Search_Button"), [:], CONTINUE_ON_FAILURE): Call Test Case 'Test Cases/Reusable_Test_Sequences/CAT_Hit_Search_Button' successfully

2020-04-16 08:54:53 - [TEST_CASE][PASSED] - Test Cases/Reusable_Test_Sequences/CAT_Hit_Search_Button: Test Cases/Reusable_Test_Sequences/CAT_Hit_Search_Button

2020-04-16 08:54:53 - [TEST_STEP][PASSED] - "---------------------------------": null

2020-04-16 08:54:53 - [TEST_STEP][PASSED] - "HIT SEARCH": null

2020-04-16 08:54:53 - [TEST_STEP][PASSED] - "---------------------------------": null

2020-04-16 08:54:53 - [TEST_STEP][PASSED] - if (Website_Version == "new"): null

2020-04-16 08:54:53 - [TEST_STEP][PASSED] - else: Object: 'Object Repository/Page_Checkatrade Find a tradesperson you can trust/a_Search' is clicked on

2020-04-16 08:54:53 - [TEST_STEP][PASSED] - waitForElementClickable(findTestObject("Object Repository/Page_Checkatrade Find a tradesperson you can trust/a_Search"), 25): Object 'Object Repository/Page_Checkatrade Find a tradesperson you can trust/a_Search' is clickable

2020-04-16 08:54:53 - [MESSAGE][PASSED] - Object 'Object Repository/Page_Checkatrade Find a tradesperson you can trust/a_Search' is clickable

2020-04-16 08:54:53 - [TEST_STEP][PASSED] - click(findTestObject("Object Repository/Page_Checkatrade Find a tradesperson you can trust/a_Search")): Object: 'Object Repository/Page_Checkatrade Find a tradesperson you can trust/a_Search' is clicked on

2020-04-16 08:54:54 - [MESSAGE][PASSED] - Object: 'Object Repository/Page_Checkatrade Find a tradesperson you can trust/a_Search' is clicked on

2020-04-16 08:54:54 - [MESSAGE][PASSED] - Call Test Case 'Test Cases/Reusable_Test_Sequences/CAT_Hit_Search_Button' successfully

2020-04-16 08:54:54 - [TEST_STEP][PASSED] - "---------------------------------------": null

2020-04-16 08:54:54 - [TEST_STEP][PASSED] - " Verify Returned Page is as Expected   |": null

2020-04-16 08:54:54 - [TEST_STEP][PASSED] - callTestCase(findTestCase("Reusable_Test_Sequences/CAT_Verification"), [:], STOP_ON_FAILURE): Call Test Case 'Test Cases/Reusable_Test_Sequences/CAT_Verification' successfully

2020-04-16 08:54:54 - [TEST_CASE][PASSED] - Test Cases/Reusable_Test_Sequences/CAT_Verification: Test Cases/Reusable_Test_Sequences/CAT_Verification

2020-04-16 08:54:54 - [TEST_STEP][PASSED] - "Updated 05/12/2019 due to wholesale Home page changes": null

2020-04-16 08:54:54 - [TEST_STEP][PASSED] - "Expected cantantenated text is Returned": null

2020-04-16 08:54:54 - [TEST_STEP][PASSED] - " DYNAMIC DELAY - Wait for <SEARCH> Button to Re-Appear after Search is completed": null

2020-04-16 08:54:54 - [TEST_STEP][PASSED] - delay(3): Delayed 3 second(s)

2020-04-16 08:54:57 - [MESSAGE][PASSED] - Delayed 3 second(s)

2020-04-16 08:54:57 - [TEST_STEP][PASSED] - waitForPageLoad(60): Wait for page load successfully

2020-04-16 08:54:58 - [MESSAGE][PASSED] - Wait for page load successfully

2020-04-16 08:54:58 - [TEST_STEP][PASSED] - delay(1): Delayed 1 second(s)

2020-04-16 08:54:59 - [MESSAGE][PASSED] - Delayed 1 second(s)

2020-04-16 08:54:59 - [TEST_STEP][PASSED] - "--------------------": null

2020-04-16 08:54:59 - [TEST_STEP][PASSED] - "----------------------------------------------------------------------------------------------------": null

2020-04-16 08:54:59 - [TEST_STEP][PASSED] - "PREVIEW INCONSISTENCY - SOMETIME THE FIRST ITERATION RETURNS 404 - SEEMS TO BE A PREVIEW GLITCH THAT OCCURS TOO OFTEN   |  23/03/2020 - DH": null

2020-04-16 08:54:59 - [TEST_STEP][PASSED] - "------------------------------------------------------------------------------------------------------------------------": null

2020-04-16 08:54:59 - [TEST_STEP][PASSED] - "NEW Approach - Detect IMPROVE SEARCH PoPout and Syn on THIS": null

2020-04-16 08:54:59 - [TEST_STEP][PASSED] - verifyTextPresent(findTestData("searchTestData").getValue("tradeClassification", row), false): Text 'Electrician' is present on page 

2020-04-16 08:54:59 - [MESSAGE][PASSED] - Text 'Electrician' is present on page 

2020-04-16 08:54:59 - [TEST_STEP][PASSED] - verifyTextPresent(findTestData("searchTestData").getValue("tradeLocation", row), false): Text 'Hayling Island' is present on page 

2020-04-16 08:54:59 - [MESSAGE][PASSED] - Text 'Hayling Island' is present on page 

2020-04-16 08:54:59 - [MESSAGE][PASSED] - Call Test Case 'Test Cases/Reusable_Test_Sequences/CAT_Verification' successfully

2020-04-16 08:54:59 - [TEST_STEP][PASSED] - "--------------------------": null

2020-04-16 08:54:59 - [TEST_STEP][PASSED] - " Teardown - CLose Browser |": null

2020-04-16 08:54:59 - [TEST_STEP][PASSED] - callTestCase(findTestCase("Reusable_Test_Sequences/CAT_Teardown"), [:], OPTIONAL): Call Test Case 'Test Cases/Reusable_Test_Sequences/CAT_Teardown' successfully

2020-04-16 08:54:59 - [TEST_CASE][PASSED] - Test Cases/Reusable_Test_Sequences/CAT_Teardown: Test Cases/Reusable_Test_Sequences/CAT_Teardown

2020-04-16 08:54:59 - [TEST_STEP][PASSED] - closeBrowser(): Browser is closed

2020-04-16 08:55:00 - [MESSAGE][PASSED] - Browser is closed

2020-04-16 08:55:00 - [TEST_STEP][PASSED] - super.finalize(): null

2020-04-16 08:55:00 - [TEST_STEP][PASSED] - System.gc(): null

2020-04-16 08:55:00 - [MESSAGE][PASSED] - Call Test Case 'Test Cases/Reusable_Test_Sequences/CAT_Teardown' successfully

2020-04-16 08:55:00 - [TEST_STEP][PASSED] - callTestCase(findTestCase("Reusable_Test_Sequences/CAT_Setup"), [:], OPTIONAL): Call Test Case 'Test Cases/Reusable_Test_Sequences/CAT_Setup' successfully

2020-04-16 08:55:00 - [TEST_CASE][PASSED] - Test Cases/Reusable_Test_Sequences/CAT_Setup: Test Cases/Reusable_Test_Sequences/CAT_Setup

2020-04-16 08:55:00 - [TEST_STEP][PASSED] - "------------------------------": null

2020-04-16 08:55:00 - [TEST_STEP][PASSED] - " Set Mobile Device Testing    |": null

2020-04-16 08:55:00 - [TEST_STEP][PASSED] - if (Mobile_Flag == "true"): null

2020-04-16 08:55:00 - [TEST_STEP][PASSED] - "------------------------------": null

2020-04-16 08:55:00 - [TEST_STEP][PASSED] - " Set Mobile Device Testing    |": null

2020-04-16 08:55:00 - [TEST_STEP][PASSED] - "------------------------------": null

2020-04-16 08:55:00 - [TEST_STEP][PASSED] - "URL - Set from the ENVIRONMENT PROFILE ": null

2020-04-16 08:55:00 - [TEST_STEP][PASSED] - openBrowser(URL): Browser is opened with url: 'https://www.preview.checkatrade.com/'

2020-04-16 08:55:00 - [MESSAGE][INFO] - Starting 'Chrome' driver

2020-04-16 08:55:00 - [MESSAGE][INFO] - Action delay is set to 0 milliseconds

2020-04-16 08:55:06 - [MESSAGE][PASSED] - Browser is opened with url: 'https://www.preview.checkatrade.com/'

2020-04-16 08:55:06 - [TEST_STEP][PASSED] - maximizeWindow(): Current window maximized

2020-04-16 08:55:08 - [MESSAGE][PASSED] - Current window maximized

2020-04-16 08:55:08 - [TEST_STEP][PASSED] - waitForPageLoad(60): Wait for page load successfully

2020-04-16 08:55:08 - [MESSAGE][PASSED] - Wait for page load successfully

2020-04-16 08:55:08 - [TEST_STEP][PASSED] - "Previous Functionalilty Left Commented For Ease Of reversion": null

2020-04-16 08:55:08 - [TEST_STEP][PASSED] - " Katalon Try/Catches currently have issues? SEE HEADER": null

2020-04-16 08:55:08 - [TEST_STEP][PASSED] - try: Text 'Cookie Policy' is not present on page

2020-04-16 08:55:08 - [TEST_STEP][PASSED] - verifyElementPresent(findTestObject("Object Repository/Cookies/Page_Checkatrade Find a tradesperson you can trust/button_Accept All"), 5, OPTIONAL): Object 'Object Repository/Cookies/Page_Checkatrade Find a tradesperson you can trust/button_Accept All' is present

2020-04-16 08:55:08 - [MESSAGE][PASSED] - Object 'Object Repository/Cookies/Page_Checkatrade Find a tradesperson you can trust/button_Accept All' is present

2020-04-16 08:55:08 - [TEST_STEP][PASSED] - click(findTestObject("Object Repository/Cookies/Page_Checkatrade Find a tradesperson you can trust/button_Accept All"), OPTIONAL): Object: 'Object Repository/Cookies/Page_Checkatrade Find a tradesperson you can trust/button_Accept All' is clicked on

2020-04-16 08:55:08 - [MESSAGE][PASSED] - Object: 'Object Repository/Cookies/Page_Checkatrade Find a tradesperson you can trust/button_Accept All' is clicked on

2020-04-16 08:55:08 - [TEST_STEP][PASSED] - "---------------------------------": null

2020-04-16 08:55:08 - [TEST_STEP][PASSED] - "COOKIE POPOUT REMOVED - Confirmed": null

2020-04-16 08:55:08 - [TEST_STEP][PASSED] - delay(1): Delayed 1 second(s)

2020-04-16 08:55:09 - [MESSAGE][PASSED] - Delayed 1 second(s)

2020-04-16 08:55:09 - [TEST_STEP][PASSED] - verifyTextNotPresent("We use cookies to personalise content and ads, to provide social media features and to analyse our traffic", false): Text 'We use cookies to personalise content and ads, to provide social media features and to analyse our traffic' is not present on page

2020-04-16 08:55:09 - [MESSAGE][PASSED] - Text 'We use cookies to personalise content and ads, to provide social media features and to analyse our traffic' is not present on page

2020-04-16 08:55:09 - [TEST_STEP][PASSED] - verifyTextNotPresent(" We also share information about your use of our site with our social media, advertising and analytics partners", false): Text ' We also share information about your use of our site with our social media, advertising and analytics partners' is not present on page

2020-04-16 08:55:09 - [MESSAGE][PASSED] - Text ' We also share information about your use of our site with our social media, advertising and analytics partners' is not present on page

2020-04-16 08:55:09 - [TEST_STEP][PASSED] - verifyTextNotPresent("Cookie Policy", false): Text 'Cookie Policy' is not present on page

2020-04-16 08:55:09 - [MESSAGE][PASSED] - Text 'Cookie Policy' is not present on page

2020-04-16 08:55:09 - [TEST_STEP][PASSED] - waitForPageLoad(60): Wait for page load successfully

2020-04-16 08:55:09 - [MESSAGE][PASSED] - Wait for page load successfully

2020-04-16 08:55:09 - [TEST_STEP][PASSED] - "COOKIE - ORIGINAL": null

2020-04-16 08:55:09 - [TEST_STEP][PASSED] - if (waitForElementVisible(findTestObject("Object Repository/Feedback/Page_Checkatrade Give your feedback/input_Member_to_Review"), 5)): Web element with id: 'Object Repository/Feedback/Page_Checkatrade Give your feedback/input_Member_to_Review' located by 'By.xpath: //input[@id='feedback-form__company_autocomplete_input']' not found

2020-04-16 08:55:15 - [MESSAGE][INFO] - Unable to find the element located by 'By.xpath: //input[@id='feedback-form__company_autocomplete_input']'. Please recheck the objects properties to make sure the desired element is located. 

2020-04-16 08:55:15 - [MESSAGE][WARNING] - Web element with id: 'Object Repository/Feedback/Page_Checkatrade Give your feedback/input_Member_to_Review' located by 'By.xpath: //input[@id='feedback-form__company_autocomplete_input']' not found

2020-04-16 08:55:15 - [TEST_STEP][PASSED] - else: The <<<OLD>>> Website was detected by the STARTUP Process

2020-04-16 08:55:15 - [TEST_STEP][PASSED] - if (!(verifyElementVisible(findTestObject("Object Repository/Checkatrade_Trade_Search_Page/Page_Checkatrade Find a tradesperson you can trust/input_Search_Button_FF")))): Object 'Object Repository/Checkatrade_Trade_Search_Page/Page_Checkatrade Find a tradesperson you can trust/input_Search_Button_FF' is visible

2020-04-16 08:55:15 - [MESSAGE][PASSED] - Object 'Object Repository/Checkatrade_Trade_Search_Page/Page_Checkatrade Find a tradesperson you can trust/input_Search_Button_FF' is visible

2020-04-16 08:55:15 - [TEST_STEP][PASSED] - else: The <<<OLD>>> Website was detected by the STARTUP Process

2020-04-16 08:55:15 - [TEST_STEP][PASSED] - Website_Version = "old": null

2020-04-16 08:55:15 - [TEST_STEP][PASSED] - logInfo("The <<<OLD>>> Website was detected by the STARTUP Process"): The <<<OLD>>> Website was detected by the STARTUP Process

2020-04-16 08:55:15 - [MESSAGE][INFO] - The <<<OLD>>> Website was detected by the STARTUP Process

2020-04-16 08:55:15 - [MESSAGE][PASSED] - Call Test Case 'Test Cases/Reusable_Test_Sequences/CAT_Setup' successfully

2020-04-16 08:55:15 - [TEST_STEP][PASSED] - callTestCase(findTestCase("Reusable_Test_Sequences/CAT_Home"), [:], CONTINUE_ON_FAILURE): Call Test Case 'Test Cases/Reusable_Test_Sequences/CAT_Home' successfully

2020-04-16 08:55:15 - [TEST_CASE][PASSED] - Test Cases/Reusable_Test_Sequences/CAT_Home: Test Cases/Reusable_Test_Sequences/CAT_Home

2020-04-16 08:55:15 - [TEST_STEP][PASSED] - waitForPageLoad(60): Wait for page load successfully

2020-04-16 08:55:15 - [MESSAGE][PASSED] - Wait for page load successfully

2020-04-16 08:55:15 - [TEST_STEP][PASSED] - delay(2): Delayed 2 second(s)

2020-04-16 08:55:17 - [MESSAGE][PASSED] - Delayed 2 second(s)

2020-04-16 08:55:17 - [TEST_STEP][PASSED] - "------------------------------------": null

2020-04-16 08:55:17 - [TEST_STEP][PASSED] - if (Website_Version == "new"): null

2020-04-16 08:55:17 - [TEST_STEP][PASSED] - else: Text 'Over a million visits to Checkatrade each month' is present on page 

2020-04-16 08:55:17 - [TEST_STEP][PASSED] - verifyTextPresent("Helping you find the right trade or service", false): Text 'Helping you find the right trade or service' is present on page 

2020-04-16 08:55:17 - [MESSAGE][PASSED] - Text 'Helping you find the right trade or service' is present on page 

2020-04-16 08:55:17 - [TEST_STEP][PASSED] - verifyTextPresent("Search through over", false): Text 'Search through over' is present on page 

2020-04-16 08:55:17 - [MESSAGE][PASSED] - Text 'Search through over' is present on page 

2020-04-16 08:55:17 - [TEST_STEP][PASSED] - verifyTextPresent("recommended, vetted and monitored trades and service providers for free.", false): Text 'recommended, vetted and monitored trades and service providers for free.' is present on page 

2020-04-16 08:55:17 - [MESSAGE][PASSED] - Text 'recommended, vetted and monitored trades and service providers for free.' is present on page 

2020-04-16 08:55:17 - [TEST_STEP][PASSED] - verifyTextPresent("reviews published so far – thank you!", false): Text 'reviews published so far – thank you!' is present on page 

2020-04-16 08:55:18 - [MESSAGE][PASSED] - Text 'reviews published so far – thank you!' is present on page 

2020-04-16 08:55:18 - [TEST_STEP][PASSED] - verifyTextPresent("I need a trade or service", false): Text 'I need a trade or service' is present on page 

2020-04-16 08:55:18 - [MESSAGE][PASSED] - Text 'I need a trade or service' is present on page 

2020-04-16 08:55:18 - [TEST_STEP][PASSED] - verifyTextPresent("Every trader thoroughly checked and vetted", false): Text 'Every trader thoroughly checked and vetted' is present on page 

2020-04-16 08:55:18 - [MESSAGE][PASSED] - Text 'Every trader thoroughly checked and vetted' is present on page 

2020-04-16 08:55:18 - [TEST_STEP][PASSED] - "------------------------------------": null

2020-04-16 08:55:18 - [TEST_STEP][PASSED] - verifyTextPresent("reviews published so far – thank you!", false): Text 'reviews published so far – thank you!' is present on page 

2020-04-16 08:55:18 - [MESSAGE][PASSED] - Text 'reviews published so far – thank you!' is present on page 

2020-04-16 08:55:18 - [TEST_STEP][PASSED] - verifyTextPresent("Find out more", false): Text 'Find out more' is present on page 

2020-04-16 08:55:18 - [MESSAGE][PASSED] - Text 'Find out more' is present on page 

2020-04-16 08:55:18 - [TEST_STEP][PASSED] - verifyTextPresent("I am a tradesman", false): Text 'I am a tradesman' is present on page 

2020-04-16 08:55:18 - [MESSAGE][PASSED] - Text 'I am a tradesman' is present on page 

2020-04-16 08:55:18 - [TEST_STEP][PASSED] - verifyTextPresent("Find out more", false): Text 'Find out more' is present on page 

2020-04-16 08:55:18 - [MESSAGE][PASSED] - Text 'Find out more' is present on page 

2020-04-16 08:55:18 - [TEST_STEP][PASSED] - verifyTextPresent("Over a million visits to Checkatrade each month", false): Text 'Over a million visits to Checkatrade each month' is present on page 

2020-04-16 08:55:18 - [MESSAGE][PASSED] - Text 'Over a million visits to Checkatrade each month' is present on page 

2020-04-16 08:55:18 - [MESSAGE][PASSED] - Call Test Case 'Test Cases/Reusable_Test_Sequences/CAT_Home' successfully

2020-04-16 08:55:18 - [TEST_STEP][PASSED] - "---------------------------------------": null

2020-04-16 08:55:18 - [TEST_STEP][PASSED] - " Set and SEARCH TRADE CLASSIFICATION   |": null

2020-04-16 08:55:18 - [TEST_STEP][PASSED] - callTestCase(findTestCase("Reusable_Test_Sequences/CAT_Enter_Trade_Classification"), [:], CONTINUE_ON_FAILURE): Call Test Case 'Test Cases/Reusable_Test_Sequences/CAT_Enter_Trade_Classification' successfully

2020-04-16 08:55:18 - [TEST_CASE][PASSED] - Test Cases/Reusable_Test_Sequences/CAT_Enter_Trade_Classification: Test Cases/Reusable_Test_Sequences/CAT_Enter_Trade_Classification

2020-04-16 08:55:18 - [TEST_STEP][PASSED] - "---------------------------------": null

2020-04-16 08:55:18 - [TEST_STEP][PASSED] - "Set and SEARCH SELECTED TRADE": null

2020-04-16 08:55:18 - [TEST_STEP][PASSED] - if (Website_Version == "new"): null

2020-04-16 08:55:18 - [TEST_STEP][PASSED] - else: Object: 'Object Repository/Checkatrade_Trade_Search_Page/Page_Checkatrade Find a tradesperson you can trust/input_Search_Button_FF' is clicked on

2020-04-16 08:55:18 - [TEST_STEP][PASSED] - waitForElementPresent(findTestObject("Object Repository/Checkatrade_Trade_Search_Page/Page_Checkatrade Find a tradesperson you can trust/input_Search_Button_FF"), 60): Object 'Object Repository/Checkatrade_Trade_Search_Page/Page_Checkatrade Find a tradesperson you can trust/input_Search_Button_FF' is present

2020-04-16 08:55:18 - [MESSAGE][PASSED] - Object 'Object Repository/Checkatrade_Trade_Search_Page/Page_Checkatrade Find a tradesperson you can trust/input_Search_Button_FF' is present

2020-04-16 08:55:18 - [TEST_STEP][PASSED] - click(findTestObject("Object Repository/Checkatrade_Trade_Search_Page/Page_Checkatrade Find a tradesperson you can trust/input_Search_Button_FF")): Object: 'Object Repository/Checkatrade_Trade_Search_Page/Page_Checkatrade Find a tradesperson you can trust/input_Search_Button_FF' is clicked on

2020-04-16 08:55:18 - [MESSAGE][PASSED] - Object: 'Object Repository/Checkatrade_Trade_Search_Page/Page_Checkatrade Find a tradesperson you can trust/input_Search_Button_FF' is clicked on

2020-04-16 08:55:18 - [TEST_STEP][PASSED] - setText(findTestObject("Object Repository/Checkatrade_Trade_Search_Page/Page_Checkatrade Find a tradesperson you can trust/input_Search_Button_FF"), findTestData("searchTestData").getValue("tradeClassification", row)): Text 'Diagnostic Testing' is set on object 'Object Repository/Checkatrade_Trade_Search_Page/Page_Checkatrade Find a tradesperson you can trust/input_Search_Button_FF'

2020-04-16 08:55:19 - [MESSAGE][PASSED] - Text 'Diagnostic Testing' is set on object 'Object Repository/Checkatrade_Trade_Search_Page/Page_Checkatrade Find a tradesperson you can trust/input_Search_Button_FF'

2020-04-16 08:55:19 - [TEST_STEP][PASSED] - click(findTestObject("Object Repository/Checkatrade_Trade_Search_Page/Page_Checkatrade Find a tradesperson you can trust/input_Search_Button_FF")): Object: 'Object Repository/Checkatrade_Trade_Search_Page/Page_Checkatrade Find a tradesperson you can trust/input_Search_Button_FF' is clicked on

2020-04-16 08:55:19 - [MESSAGE][PASSED] - Object: 'Object Repository/Checkatrade_Trade_Search_Page/Page_Checkatrade Find a tradesperson you can trust/input_Search_Button_FF' is clicked on

2020-04-16 08:55:19 - [MESSAGE][PASSED] - Call Test Case 'Test Cases/Reusable_Test_Sequences/CAT_Enter_Trade_Classification' successfully

2020-04-16 08:55:19 - [TEST_STEP][PASSED] - "---------------------------------------": null

2020-04-16 08:55:19 - [TEST_STEP][PASSED] - " Set and SEARCH TRADE LOCATION         |": null

2020-04-16 08:55:19 - [TEST_STEP][PASSED] - callTestCase(findTestCase("Reusable_Test_Sequences/CAT_Enter_Trade_Location"), [:], CONTINUE_ON_FAILURE): Call Test Case 'Test Cases/Reusable_Test_Sequences/CAT_Enter_Trade_Location' successfully

2020-04-16 08:55:19 - [TEST_CASE][PASSED] - Test Cases/Reusable_Test_Sequences/CAT_Enter_Trade_Location: Test Cases/Reusable_Test_Sequences/CAT_Enter_Trade_Location

2020-04-16 08:55:19 - [TEST_STEP][PASSED] - "---------------------------------": null

2020-04-16 08:55:19 - [TEST_STEP][PASSED] - "Set and SEARCH SELECTED LOCATION |": null

2020-04-16 08:55:19 - [TEST_STEP][PASSED] - if (Website_Version != "new"): Text 'Angmering' is set on object 'Object Repository/Checkatrade_Trade_Search_Page/Page_Checkatrade Find a tradesperson you can trust/input_Not here_location'

2020-04-16 08:55:19 - [TEST_STEP][PASSED] - click(findTestObject("Object Repository/Checkatrade_Trade_Search_Page/Page_Checkatrade Find a tradesperson you can trust/input_Not here_location")): Object: 'Object Repository/Checkatrade_Trade_Search_Page/Page_Checkatrade Find a tradesperson you can trust/input_Not here_location' is clicked on

2020-04-16 08:55:19 - [MESSAGE][PASSED] - Object: 'Object Repository/Checkatrade_Trade_Search_Page/Page_Checkatrade Find a tradesperson you can trust/input_Not here_location' is clicked on

2020-04-16 08:55:19 - [TEST_STEP][PASSED] - setText(findTestObject("Object Repository/Checkatrade_Trade_Search_Page/Page_Checkatrade Find a tradesperson you can trust/input_Not here_location"), findTestData("searchTestData").getValue("tradeLocation", row)): Text 'Angmering' is set on object 'Object Repository/Checkatrade_Trade_Search_Page/Page_Checkatrade Find a tradesperson you can trust/input_Not here_location'

2020-04-16 08:55:19 - [MESSAGE][PASSED] - Text 'Angmering' is set on object 'Object Repository/Checkatrade_Trade_Search_Page/Page_Checkatrade Find a tradesperson you can trust/input_Not here_location'

2020-04-16 08:55:19 - [TEST_STEP][PASSED] - if (verifyTextNotPresent("Sorry, no results found", false)): null

2020-04-16 08:55:19 - [MESSAGE][PASSED] - Text 'Sorry, no results found' is not present on page

2020-04-16 08:55:19 - [TEST_STEP][PASSED] - markPassed("The Expected Lookup Result(s) ARE being returned by the Lookup Service, AS EXPECTED"): The Expected Lookup Result(s) ARE being returned by the Lookup Service, AS EXPECTED

2020-04-16 08:55:19 - [MESSAGE][PASSED] - The Expected Lookup Result(s) ARE being returned by the Lookup Service, AS EXPECTED

2020-04-16 08:55:19 - [MESSAGE][PASSED] - Call Test Case 'Test Cases/Reusable_Test_Sequences/CAT_Enter_Trade_Location' successfully

2020-04-16 08:55:19 - [TEST_STEP][PASSED] - "---------------------------------------": null

2020-04-16 08:55:19 - [TEST_STEP][PASSED] - " Scroll Search Button into View        |": null

2020-04-16 08:55:19 - [TEST_STEP][PASSED] - "---------------------------------------": null

2020-04-16 08:55:19 - [TEST_STEP][PASSED] - "---------------------------------------": null

2020-04-16 08:55:19 - [TEST_STEP][PASSED] - " Hit Search Button                     |": null

2020-04-16 08:55:19 - [TEST_STEP][PASSED] - callTestCase(findTestCase("Reusable_Test_Sequences/CAT_Hit_Search_Button"), [:], CONTINUE_ON_FAILURE): Call Test Case 'Test Cases/Reusable_Test_Sequences/CAT_Hit_Search_Button' successfully

2020-04-16 08:55:19 - [TEST_CASE][PASSED] - Test Cases/Reusable_Test_Sequences/CAT_Hit_Search_Button: Test Cases/Reusable_Test_Sequences/CAT_Hit_Search_Button

2020-04-16 08:55:19 - [TEST_STEP][PASSED] - "---------------------------------": null

2020-04-16 08:55:19 - [TEST_STEP][PASSED] - "HIT SEARCH": null

2020-04-16 08:55:19 - [TEST_STEP][PASSED] - "---------------------------------": null

2020-04-16 08:55:19 - [TEST_STEP][PASSED] - if (Website_Version == "new"): null

2020-04-16 08:55:19 - [TEST_STEP][PASSED] - else: Object: 'Object Repository/Page_Checkatrade Find a tradesperson you can trust/a_Search' is clicked on

2020-04-16 08:55:19 - [TEST_STEP][PASSED] - waitForElementClickable(findTestObject("Object Repository/Page_Checkatrade Find a tradesperson you can trust/a_Search"), 25): Object 'Object Repository/Page_Checkatrade Find a tradesperson you can trust/a_Search' is clickable

2020-04-16 08:55:19 - [MESSAGE][PASSED] - Object 'Object Repository/Page_Checkatrade Find a tradesperson you can trust/a_Search' is clickable

2020-04-16 08:55:19 - [TEST_STEP][PASSED] - click(findTestObject("Object Repository/Page_Checkatrade Find a tradesperson you can trust/a_Search")): Object: 'Object Repository/Page_Checkatrade Find a tradesperson you can trust/a_Search' is clicked on

2020-04-16 08:55:21 - [MESSAGE][PASSED] - Object: 'Object Repository/Page_Checkatrade Find a tradesperson you can trust/a_Search' is clicked on

2020-04-16 08:55:21 - [MESSAGE][PASSED] - Call Test Case 'Test Cases/Reusable_Test_Sequences/CAT_Hit_Search_Button' successfully

2020-04-16 08:55:21 - [TEST_STEP][PASSED] - "---------------------------------------": null

2020-04-16 08:55:21 - [TEST_STEP][PASSED] - " Verify Returned Page is as Expected   |": null

2020-04-16 08:55:21 - [TEST_STEP][PASSED] - callTestCase(findTestCase("Reusable_Test_Sequences/CAT_Verification"), [:], STOP_ON_FAILURE): Call Test Case 'Test Cases/Reusable_Test_Sequences/CAT_Verification' successfully

2020-04-16 08:55:21 - [TEST_CASE][PASSED] - Test Cases/Reusable_Test_Sequences/CAT_Verification: Test Cases/Reusable_Test_Sequences/CAT_Verification

2020-04-16 08:55:21 - [TEST_STEP][PASSED] - "Updated 05/12/2019 due to wholesale Home page changes": null

2020-04-16 08:55:21 - [TEST_STEP][PASSED] - "Expected cantantenated text is Returned": null

2020-04-16 08:55:21 - [TEST_STEP][PASSED] - " DYNAMIC DELAY - Wait for <SEARCH> Button to Re-Appear after Search is completed": null

2020-04-16 08:55:21 - [TEST_STEP][PASSED] - delay(3): Delayed 3 second(s)

2020-04-16 08:55:24 - [MESSAGE][PASSED] - Delayed 3 second(s)

2020-04-16 08:55:24 - [TEST_STEP][PASSED] - waitForPageLoad(60): Wait for page load successfully

2020-04-16 08:55:24 - [MESSAGE][PASSED] - Wait for page load successfully

2020-04-16 08:55:24 - [TEST_STEP][PASSED] - delay(1): Delayed 1 second(s)

2020-04-16 08:55:25 - [MESSAGE][PASSED] - Delayed 1 second(s)

2020-04-16 08:55:25 - [TEST_STEP][PASSED] - "--------------------": null

2020-04-16 08:55:25 - [TEST_STEP][PASSED] - "----------------------------------------------------------------------------------------------------": null

2020-04-16 08:55:25 - [TEST_STEP][PASSED] - "PREVIEW INCONSISTENCY - SOMETIME THE FIRST ITERATION RETURNS 404 - SEEMS TO BE A PREVIEW GLITCH THAT OCCURS TOO OFTEN   |  23/03/2020 - DH": null

2020-04-16 08:55:26 - [TEST_STEP][PASSED] - "------------------------------------------------------------------------------------------------------------------------": null

2020-04-16 08:55:26 - [TEST_STEP][PASSED] - "NEW Approach - Detect IMPROVE SEARCH PoPout and Syn on THIS": null

2020-04-16 08:55:26 - [TEST_STEP][PASSED] - verifyTextPresent(findTestData("searchTestData").getValue("tradeClassification", row), false): Text 'Diagnostic Testing' is present on page 

2020-04-16 08:55:26 - [MESSAGE][PASSED] - Text 'Diagnostic Testing' is present on page 

2020-04-16 08:55:26 - [TEST_STEP][PASSED] - verifyTextPresent(findTestData("searchTestData").getValue("tradeLocation", row), false): Text 'Angmering' is present on page 

2020-04-16 08:55:26 - [MESSAGE][PASSED] - Text 'Angmering' is present on page 

2020-04-16 08:55:26 - [MESSAGE][PASSED] - Call Test Case 'Test Cases/Reusable_Test_Sequences/CAT_Verification' successfully

2020-04-16 08:55:26 - [TEST_STEP][PASSED] - "--------------------------": null

2020-04-16 08:55:26 - [TEST_STEP][PASSED] - " Teardown - CLose Browser |": null

2020-04-16 08:55:26 - [TEST_STEP][PASSED] - callTestCase(findTestCase("Reusable_Test_Sequences/CAT_Teardown"), [:], OPTIONAL): Call Test Case 'Test Cases/Reusable_Test_Sequences/CAT_Teardown' successfully

2020-04-16 08:55:26 - [TEST_CASE][PASSED] - Test Cases/Reusable_Test_Sequences/CAT_Teardown: Test Cases/Reusable_Test_Sequences/CAT_Teardown

2020-04-16 08:55:26 - [TEST_STEP][PASSED] - closeBrowser(): Browser is closed

2020-04-16 08:55:27 - [MESSAGE][PASSED] - Browser is closed

2020-04-16 08:55:27 - [TEST_STEP][PASSED] - super.finalize(): null

2020-04-16 08:55:27 - [TEST_STEP][PASSED] - System.gc(): null

2020-04-16 08:55:27 - [MESSAGE][PASSED] - Call Test Case 'Test Cases/Reusable_Test_Sequences/CAT_Teardown' successfully

2020-04-16 08:55:27 - [TEST_STEP][PASSED] - callTestCase(findTestCase("Reusable_Test_Sequences/CAT_Setup"), [:], OPTIONAL): Call Test Case 'Test Cases/Reusable_Test_Sequences/CAT_Setup' successfully

2020-04-16 08:55:27 - [TEST_CASE][PASSED] - Test Cases/Reusable_Test_Sequences/CAT_Setup: Test Cases/Reusable_Test_Sequences/CAT_Setup

2020-04-16 08:55:27 - [TEST_STEP][PASSED] - "------------------------------": null

2020-04-16 08:55:27 - [TEST_STEP][PASSED] - " Set Mobile Device Testing    |": null

2020-04-16 08:55:27 - [TEST_STEP][PASSED] - if (Mobile_Flag == "true"): null

2020-04-16 08:55:27 - [TEST_STEP][PASSED] - "------------------------------": null

2020-04-16 08:55:27 - [TEST_STEP][PASSED] - " Set Mobile Device Testing    |": null

2020-04-16 08:55:27 - [TEST_STEP][PASSED] - "------------------------------": null

2020-04-16 08:55:27 - [TEST_STEP][PASSED] - "URL - Set from the ENVIRONMENT PROFILE ": null

2020-04-16 08:55:27 - [TEST_STEP][PASSED] - openBrowser(URL): Browser is opened with url: 'https://www.preview.checkatrade.com/'

2020-04-16 08:55:27 - [MESSAGE][INFO] - Starting 'Chrome' driver

2020-04-16 08:55:27 - [MESSAGE][INFO] - Action delay is set to 0 milliseconds

2020-04-16 08:55:32 - [MESSAGE][PASSED] - Browser is opened with url: 'https://www.preview.checkatrade.com/'

2020-04-16 08:55:32 - [TEST_STEP][PASSED] - maximizeWindow(): Current window maximized

2020-04-16 08:55:35 - [MESSAGE][PASSED] - Current window maximized

2020-04-16 08:55:35 - [TEST_STEP][PASSED] - waitForPageLoad(60): Wait for page load successfully

2020-04-16 08:55:35 - [MESSAGE][PASSED] - Wait for page load successfully

2020-04-16 08:55:35 - [TEST_STEP][PASSED] - "Previous Functionalilty Left Commented For Ease Of reversion": null

2020-04-16 08:55:35 - [TEST_STEP][PASSED] - " Katalon Try/Catches currently have issues? SEE HEADER": null

2020-04-16 08:55:35 - [TEST_STEP][PASSED] - try: Text 'Cookie Policy' is not present on page

2020-04-16 08:55:35 - [TEST_STEP][PASSED] - verifyElementPresent(findTestObject("Object Repository/Cookies/Page_Checkatrade Find a tradesperson you can trust/button_Accept All"), 5, OPTIONAL): Object 'Object Repository/Cookies/Page_Checkatrade Find a tradesperson you can trust/button_Accept All' is present

2020-04-16 08:55:35 - [MESSAGE][PASSED] - Object 'Object Repository/Cookies/Page_Checkatrade Find a tradesperson you can trust/button_Accept All' is present

2020-04-16 08:55:35 - [TEST_STEP][PASSED] - click(findTestObject("Object Repository/Cookies/Page_Checkatrade Find a tradesperson you can trust/button_Accept All"), OPTIONAL): Object: 'Object Repository/Cookies/Page_Checkatrade Find a tradesperson you can trust/button_Accept All' is clicked on

2020-04-16 08:55:35 - [MESSAGE][PASSED] - Object: 'Object Repository/Cookies/Page_Checkatrade Find a tradesperson you can trust/button_Accept All' is clicked on

2020-04-16 08:55:35 - [TEST_STEP][PASSED] - "---------------------------------": null

2020-04-16 08:55:35 - [TEST_STEP][PASSED] - "COOKIE POPOUT REMOVED - Confirmed": null

2020-04-16 08:55:35 - [TEST_STEP][PASSED] - delay(1): Delayed 1 second(s)

2020-04-16 08:55:36 - [MESSAGE][PASSED] - Delayed 1 second(s)

2020-04-16 08:55:36 - [TEST_STEP][PASSED] - verifyTextNotPresent("We use cookies to personalise content and ads, to provide social media features and to analyse our traffic", false): Text 'We use cookies to personalise content and ads, to provide social media features and to analyse our traffic' is not present on page

2020-04-16 08:55:36 - [MESSAGE][PASSED] - Text 'We use cookies to personalise content and ads, to provide social media features and to analyse our traffic' is not present on page

2020-04-16 08:55:36 - [TEST_STEP][PASSED] - verifyTextNotPresent(" We also share information about your use of our site with our social media, advertising and analytics partners", false): Text ' We also share information about your use of our site with our social media, advertising and analytics partners' is not present on page

2020-04-16 08:55:36 - [MESSAGE][PASSED] - Text ' We also share information about your use of our site with our social media, advertising and analytics partners' is not present on page

2020-04-16 08:55:36 - [TEST_STEP][PASSED] - verifyTextNotPresent("Cookie Policy", false): Text 'Cookie Policy' is not present on page

2020-04-16 08:55:36 - [MESSAGE][PASSED] - Text 'Cookie Policy' is not present on page

2020-04-16 08:55:36 - [TEST_STEP][PASSED] - waitForPageLoad(60): Wait for page load successfully

2020-04-16 08:55:36 - [MESSAGE][PASSED] - Wait for page load successfully

2020-04-16 08:55:36 - [TEST_STEP][PASSED] - "COOKIE - ORIGINAL": null

2020-04-16 08:55:36 - [TEST_STEP][PASSED] - if (waitForElementVisible(findTestObject("Object Repository/Feedback/Page_Checkatrade Give your feedback/input_Member_to_Review"), 5)): Web element with id: 'Object Repository/Feedback/Page_Checkatrade Give your feedback/input_Member_to_Review' located by 'By.xpath: //input[@id='feedback-form__company_autocomplete_input']' not found

2020-04-16 08:55:41 - [MESSAGE][INFO] - Unable to find the element located by 'By.xpath: //input[@id='feedback-form__company_autocomplete_input']'. Please recheck the objects properties to make sure the desired element is located. 

2020-04-16 08:55:41 - [MESSAGE][WARNING] - Web element with id: 'Object Repository/Feedback/Page_Checkatrade Give your feedback/input_Member_to_Review' located by 'By.xpath: //input[@id='feedback-form__company_autocomplete_input']' not found

2020-04-16 08:55:41 - [TEST_STEP][PASSED] - else: The <<<OLD>>> Website was detected by the STARTUP Process

2020-04-16 08:55:41 - [TEST_STEP][PASSED] - if (!(verifyElementVisible(findTestObject("Object Repository/Checkatrade_Trade_Search_Page/Page_Checkatrade Find a tradesperson you can trust/input_Search_Button_FF")))): Object 'Object Repository/Checkatrade_Trade_Search_Page/Page_Checkatrade Find a tradesperson you can trust/input_Search_Button_FF' is visible

2020-04-16 08:55:42 - [MESSAGE][PASSED] - Object 'Object Repository/Checkatrade_Trade_Search_Page/Page_Checkatrade Find a tradesperson you can trust/input_Search_Button_FF' is visible

2020-04-16 08:55:42 - [TEST_STEP][PASSED] - else: The <<<OLD>>> Website was detected by the STARTUP Process

2020-04-16 08:55:42 - [TEST_STEP][PASSED] - Website_Version = "old": null

2020-04-16 08:55:42 - [TEST_STEP][PASSED] - logInfo("The <<<OLD>>> Website was detected by the STARTUP Process"): The <<<OLD>>> Website was detected by the STARTUP Process

2020-04-16 08:55:42 - [MESSAGE][INFO] - The <<<OLD>>> Website was detected by the STARTUP Process

2020-04-16 08:55:42 - [MESSAGE][PASSED] - Call Test Case 'Test Cases/Reusable_Test_Sequences/CAT_Setup' successfully

2020-04-16 08:55:42 - [TEST_STEP][PASSED] - callTestCase(findTestCase("Reusable_Test_Sequences/CAT_Home"), [:], CONTINUE_ON_FAILURE): Call Test Case 'Test Cases/Reusable_Test_Sequences/CAT_Home' successfully

2020-04-16 08:55:42 - [TEST_CASE][PASSED] - Test Cases/Reusable_Test_Sequences/CAT_Home: Test Cases/Reusable_Test_Sequences/CAT_Home

2020-04-16 08:55:42 - [TEST_STEP][PASSED] - waitForPageLoad(60): Wait for page load successfully

2020-04-16 08:55:42 - [MESSAGE][PASSED] - Wait for page load successfully

2020-04-16 08:55:42 - [TEST_STEP][PASSED] - delay(2): Delayed 2 second(s)

2020-04-16 08:55:44 - [MESSAGE][PASSED] - Delayed 2 second(s)

2020-04-16 08:55:44 - [TEST_STEP][PASSED] - "------------------------------------": null

2020-04-16 08:55:44 - [TEST_STEP][PASSED] - if (Website_Version == "new"): null

2020-04-16 08:55:44 - [TEST_STEP][PASSED] - else: Text 'Over a million visits to Checkatrade each month' is present on page 

2020-04-16 08:55:44 - [TEST_STEP][PASSED] - verifyTextPresent("Helping you find the right trade or service", false): Text 'Helping you find the right trade or service' is present on page 

2020-04-16 08:55:44 - [MESSAGE][PASSED] - Text 'Helping you find the right trade or service' is present on page 

2020-04-16 08:55:44 - [TEST_STEP][PASSED] - verifyTextPresent("Search through over", false): Text 'Search through over' is present on page 

2020-04-16 08:55:44 - [MESSAGE][PASSED] - Text 'Search through over' is present on page 

2020-04-16 08:55:44 - [TEST_STEP][PASSED] - verifyTextPresent("recommended, vetted and monitored trades and service providers for free.", false): Text 'recommended, vetted and monitored trades and service providers for free.' is present on page 

2020-04-16 08:55:44 - [MESSAGE][PASSED] - Text 'recommended, vetted and monitored trades and service providers for free.' is present on page 

2020-04-16 08:55:44 - [TEST_STEP][PASSED] - verifyTextPresent("reviews published so far – thank you!", false): Text 'reviews published so far – thank you!' is present on page 

2020-04-16 08:55:44 - [MESSAGE][PASSED] - Text 'reviews published so far – thank you!' is present on page 

2020-04-16 08:55:44 - [TEST_STEP][PASSED] - verifyTextPresent("I need a trade or service", false): Text 'I need a trade or service' is present on page 

2020-04-16 08:55:44 - [MESSAGE][PASSED] - Text 'I need a trade or service' is present on page 

2020-04-16 08:55:44 - [TEST_STEP][PASSED] - verifyTextPresent("Every trader thoroughly checked and vetted", false): Text 'Every trader thoroughly checked and vetted' is present on page 

2020-04-16 08:55:44 - [MESSAGE][PASSED] - Text 'Every trader thoroughly checked and vetted' is present on page 

2020-04-16 08:55:44 - [TEST_STEP][PASSED] - "------------------------------------": null

2020-04-16 08:55:44 - [TEST_STEP][PASSED] - verifyTextPresent("reviews published so far – thank you!", false): Text 'reviews published so far – thank you!' is present on page 

2020-04-16 08:55:44 - [MESSAGE][PASSED] - Text 'reviews published so far – thank you!' is present on page 

2020-04-16 08:55:44 - [TEST_STEP][PASSED] - verifyTextPresent("Find out more", false): Text 'Find out more' is present on page 

2020-04-16 08:55:45 - [MESSAGE][PASSED] - Text 'Find out more' is present on page 

2020-04-16 08:55:45 - [TEST_STEP][PASSED] - verifyTextPresent("I am a tradesman", false): Text 'I am a tradesman' is present on page 

2020-04-16 08:55:45 - [MESSAGE][PASSED] - Text 'I am a tradesman' is present on page 

2020-04-16 08:55:45 - [TEST_STEP][PASSED] - verifyTextPresent("Find out more", false): Text 'Find out more' is present on page 

2020-04-16 08:55:45 - [MESSAGE][PASSED] - Text 'Find out more' is present on page 

2020-04-16 08:55:45 - [TEST_STEP][PASSED] - verifyTextPresent("Over a million visits to Checkatrade each month", false): Text 'Over a million visits to Checkatrade each month' is present on page 

2020-04-16 08:55:45 - [MESSAGE][PASSED] - Text 'Over a million visits to Checkatrade each month' is present on page 

2020-04-16 08:55:45 - [MESSAGE][PASSED] - Call Test Case 'Test Cases/Reusable_Test_Sequences/CAT_Home' successfully

2020-04-16 08:55:45 - [TEST_STEP][PASSED] - "---------------------------------------": null

2020-04-16 08:55:45 - [TEST_STEP][PASSED] - " Set and SEARCH TRADE CLASSIFICATION   |": null

2020-04-16 08:55:45 - [TEST_STEP][PASSED] - callTestCase(findTestCase("Reusable_Test_Sequences/CAT_Enter_Trade_Classification"), [:], CONTINUE_ON_FAILURE): Call Test Case 'Test Cases/Reusable_Test_Sequences/CAT_Enter_Trade_Classification' successfully

2020-04-16 08:55:45 - [TEST_CASE][PASSED] - Test Cases/Reusable_Test_Sequences/CAT_Enter_Trade_Classification: Test Cases/Reusable_Test_Sequences/CAT_Enter_Trade_Classification

2020-04-16 08:55:45 - [TEST_STEP][PASSED] - "---------------------------------": null

2020-04-16 08:55:45 - [TEST_STEP][PASSED] - "Set and SEARCH SELECTED TRADE": null

2020-04-16 08:55:45 - [TEST_STEP][PASSED] - if (Website_Version == "new"): null

2020-04-16 08:55:45 - [TEST_STEP][PASSED] - else: Object: 'Object Repository/Checkatrade_Trade_Search_Page/Page_Checkatrade Find a tradesperson you can trust/input_Search_Button_FF' is clicked on

2020-04-16 08:55:45 - [TEST_STEP][PASSED] - waitForElementPresent(findTestObject("Object Repository/Checkatrade_Trade_Search_Page/Page_Checkatrade Find a tradesperson you can trust/input_Search_Button_FF"), 60): Object 'Object Repository/Checkatrade_Trade_Search_Page/Page_Checkatrade Find a tradesperson you can trust/input_Search_Button_FF' is present

2020-04-16 08:55:45 - [MESSAGE][PASSED] - Object 'Object Repository/Checkatrade_Trade_Search_Page/Page_Checkatrade Find a tradesperson you can trust/input_Search_Button_FF' is present

2020-04-16 08:55:45 - [TEST_STEP][PASSED] - click(findTestObject("Object Repository/Checkatrade_Trade_Search_Page/Page_Checkatrade Find a tradesperson you can trust/input_Search_Button_FF")): Object: 'Object Repository/Checkatrade_Trade_Search_Page/Page_Checkatrade Find a tradesperson you can trust/input_Search_Button_FF' is clicked on

2020-04-16 08:55:45 - [MESSAGE][PASSED] - Object: 'Object Repository/Checkatrade_Trade_Search_Page/Page_Checkatrade Find a tradesperson you can trust/input_Search_Button_FF' is clicked on

2020-04-16 08:55:45 - [TEST_STEP][PASSED] - setText(findTestObject("Object Repository/Checkatrade_Trade_Search_Page/Page_Checkatrade Find a tradesperson you can trust/input_Search_Button_FF"), findTestData("searchTestData").getValue("tradeClassification", row)): Text 'Garage/Vehicle Services' is set on object 'Object Repository/Checkatrade_Trade_Search_Page/Page_Checkatrade Find a tradesperson you can trust/input_Search_Button_FF'

2020-04-16 08:55:45 - [MESSAGE][PASSED] - Text 'Garage/Vehicle Services' is set on object 'Object Repository/Checkatrade_Trade_Search_Page/Page_Checkatrade Find a tradesperson you can trust/input_Search_Button_FF'

2020-04-16 08:55:45 - [TEST_STEP][PASSED] - click(findTestObject("Object Repository/Checkatrade_Trade_Search_Page/Page_Checkatrade Find a tradesperson you can trust/input_Search_Button_FF")): Object: 'Object Repository/Checkatrade_Trade_Search_Page/Page_Checkatrade Find a tradesperson you can trust/input_Search_Button_FF' is clicked on

2020-04-16 08:55:46 - [MESSAGE][PASSED] - Object: 'Object Repository/Checkatrade_Trade_Search_Page/Page_Checkatrade Find a tradesperson you can trust/input_Search_Button_FF' is clicked on

2020-04-16 08:55:46 - [MESSAGE][PASSED] - Call Test Case 'Test Cases/Reusable_Test_Sequences/CAT_Enter_Trade_Classification' successfully

2020-04-16 08:55:46 - [TEST_STEP][PASSED] - "---------------------------------------": null

2020-04-16 08:55:46 - [TEST_STEP][PASSED] - " Set and SEARCH TRADE LOCATION         |": null

2020-04-16 08:55:46 - [TEST_STEP][PASSED] - callTestCase(findTestCase("Reusable_Test_Sequences/CAT_Enter_Trade_Location"), [:], CONTINUE_ON_FAILURE): Call Test Case 'Test Cases/Reusable_Test_Sequences/CAT_Enter_Trade_Location' successfully

2020-04-16 08:55:46 - [TEST_CASE][PASSED] - Test Cases/Reusable_Test_Sequences/CAT_Enter_Trade_Location: Test Cases/Reusable_Test_Sequences/CAT_Enter_Trade_Location

2020-04-16 08:55:46 - [TEST_STEP][PASSED] - "---------------------------------": null

2020-04-16 08:55:46 - [TEST_STEP][PASSED] - "Set and SEARCH SELECTED LOCATION |": null

2020-04-16 08:55:46 - [TEST_STEP][PASSED] - if (Website_Version != "new"): Text 'Rustington' is set on object 'Object Repository/Checkatrade_Trade_Search_Page/Page_Checkatrade Find a tradesperson you can trust/input_Not here_location'

2020-04-16 08:55:46 - [TEST_STEP][PASSED] - click(findTestObject("Object Repository/Checkatrade_Trade_Search_Page/Page_Checkatrade Find a tradesperson you can trust/input_Not here_location")): Object: 'Object Repository/Checkatrade_Trade_Search_Page/Page_Checkatrade Find a tradesperson you can trust/input_Not here_location' is clicked on

2020-04-16 08:55:46 - [MESSAGE][PASSED] - Object: 'Object Repository/Checkatrade_Trade_Search_Page/Page_Checkatrade Find a tradesperson you can trust/input_Not here_location' is clicked on

2020-04-16 08:55:46 - [TEST_STEP][PASSED] - setText(findTestObject("Object Repository/Checkatrade_Trade_Search_Page/Page_Checkatrade Find a tradesperson you can trust/input_Not here_location"), findTestData("searchTestData").getValue("tradeLocation", row)): Text 'Rustington' is set on object 'Object Repository/Checkatrade_Trade_Search_Page/Page_Checkatrade Find a tradesperson you can trust/input_Not here_location'

2020-04-16 08:55:46 - [MESSAGE][PASSED] - Text 'Rustington' is set on object 'Object Repository/Checkatrade_Trade_Search_Page/Page_Checkatrade Find a tradesperson you can trust/input_Not here_location'

2020-04-16 08:55:46 - [TEST_STEP][PASSED] - if (verifyTextNotPresent("Sorry, no results found", false)): null

2020-04-16 08:55:46 - [MESSAGE][PASSED] - Text 'Sorry, no results found' is not present on page

2020-04-16 08:55:46 - [TEST_STEP][PASSED] - markPassed("The Expected Lookup Result(s) ARE being returned by the Lookup Service, AS EXPECTED"): The Expected Lookup Result(s) ARE being returned by the Lookup Service, AS EXPECTED

2020-04-16 08:55:46 - [MESSAGE][PASSED] - The Expected Lookup Result(s) ARE being returned by the Lookup Service, AS EXPECTED

2020-04-16 08:55:46 - [MESSAGE][PASSED] - Call Test Case 'Test Cases/Reusable_Test_Sequences/CAT_Enter_Trade_Location' successfully

2020-04-16 08:55:46 - [TEST_STEP][PASSED] - "---------------------------------------": null

2020-04-16 08:55:46 - [TEST_STEP][PASSED] - " Scroll Search Button into View        |": null

2020-04-16 08:55:46 - [TEST_STEP][PASSED] - "---------------------------------------": null

2020-04-16 08:55:46 - [TEST_STEP][PASSED] - "---------------------------------------": null

2020-04-16 08:55:46 - [TEST_STEP][PASSED] - " Hit Search Button                     |": null

2020-04-16 08:55:46 - [TEST_STEP][PASSED] - callTestCase(findTestCase("Reusable_Test_Sequences/CAT_Hit_Search_Button"), [:], CONTINUE_ON_FAILURE): Call Test Case 'Test Cases/Reusable_Test_Sequences/CAT_Hit_Search_Button' successfully

2020-04-16 08:55:46 - [TEST_CASE][PASSED] - Test Cases/Reusable_Test_Sequences/CAT_Hit_Search_Button: Test Cases/Reusable_Test_Sequences/CAT_Hit_Search_Button

2020-04-16 08:55:46 - [TEST_STEP][PASSED] - "---------------------------------": null

2020-04-16 08:55:46 - [TEST_STEP][PASSED] - "HIT SEARCH": null

2020-04-16 08:55:46 - [TEST_STEP][PASSED] - "---------------------------------": null

2020-04-16 08:55:46 - [TEST_STEP][PASSED] - if (Website_Version == "new"): null

2020-04-16 08:55:46 - [TEST_STEP][PASSED] - else: Object: 'Object Repository/Page_Checkatrade Find a tradesperson you can trust/a_Search' is clicked on

2020-04-16 08:55:46 - [TEST_STEP][PASSED] - waitForElementClickable(findTestObject("Object Repository/Page_Checkatrade Find a tradesperson you can trust/a_Search"), 25): Object 'Object Repository/Page_Checkatrade Find a tradesperson you can trust/a_Search' is clickable

2020-04-16 08:55:46 - [MESSAGE][PASSED] - Object 'Object Repository/Page_Checkatrade Find a tradesperson you can trust/a_Search' is clickable

2020-04-16 08:55:46 - [TEST_STEP][PASSED] - click(findTestObject("Object Repository/Page_Checkatrade Find a tradesperson you can trust/a_Search")): Object: 'Object Repository/Page_Checkatrade Find a tradesperson you can trust/a_Search' is clicked on

2020-04-16 08:55:48 - [MESSAGE][PASSED] - Object: 'Object Repository/Page_Checkatrade Find a tradesperson you can trust/a_Search' is clicked on

2020-04-16 08:55:48 - [MESSAGE][PASSED] - Call Test Case 'Test Cases/Reusable_Test_Sequences/CAT_Hit_Search_Button' successfully

2020-04-16 08:55:48 - [TEST_STEP][PASSED] - "---------------------------------------": null

2020-04-16 08:55:48 - [TEST_STEP][PASSED] - " Verify Returned Page is as Expected   |": null

2020-04-16 08:55:48 - [TEST_STEP][PASSED] - callTestCase(findTestCase("Reusable_Test_Sequences/CAT_Verification"), [:], STOP_ON_FAILURE): Call Test Case 'Test Cases/Reusable_Test_Sequences/CAT_Verification' successfully

2020-04-16 08:55:48 - [TEST_CASE][PASSED] - Test Cases/Reusable_Test_Sequences/CAT_Verification: Test Cases/Reusable_Test_Sequences/CAT_Verification

2020-04-16 08:55:48 - [TEST_STEP][PASSED] - "Updated 05/12/2019 due to wholesale Home page changes": null

2020-04-16 08:55:48 - [TEST_STEP][PASSED] - "Expected cantantenated text is Returned": null

2020-04-16 08:55:48 - [TEST_STEP][PASSED] - " DYNAMIC DELAY - Wait for <SEARCH> Button to Re-Appear after Search is completed": null

2020-04-16 08:55:48 - [TEST_STEP][PASSED] - delay(3): Delayed 3 second(s)

2020-04-16 08:55:51 - [MESSAGE][PASSED] - Delayed 3 second(s)

2020-04-16 08:55:51 - [TEST_STEP][PASSED] - waitForPageLoad(60): Wait for page load successfully

2020-04-16 08:55:51 - [MESSAGE][PASSED] - Wait for page load successfully

2020-04-16 08:55:51 - [TEST_STEP][PASSED] - delay(1): Delayed 1 second(s)

2020-04-16 08:55:52 - [MESSAGE][PASSED] - Delayed 1 second(s)

2020-04-16 08:55:52 - [TEST_STEP][PASSED] - "--------------------": null

2020-04-16 08:55:52 - [TEST_STEP][PASSED] - "----------------------------------------------------------------------------------------------------": null

2020-04-16 08:55:52 - [TEST_STEP][PASSED] - "PREVIEW INCONSISTENCY - SOMETIME THE FIRST ITERATION RETURNS 404 - SEEMS TO BE A PREVIEW GLITCH THAT OCCURS TOO OFTEN   |  23/03/2020 - DH": null

2020-04-16 08:55:52 - [TEST_STEP][PASSED] - "------------------------------------------------------------------------------------------------------------------------": null

2020-04-16 08:55:52 - [TEST_STEP][PASSED] - "NEW Approach - Detect IMPROVE SEARCH PoPout and Syn on THIS": null

2020-04-16 08:55:52 - [TEST_STEP][PASSED] - verifyTextPresent(findTestData("searchTestData").getValue("tradeClassification", row), false): Text 'Garage/Vehicle Services' is present on page 

2020-04-16 08:55:52 - [MESSAGE][PASSED] - Text 'Garage/Vehicle Services' is present on page 

2020-04-16 08:55:52 - [TEST_STEP][PASSED] - verifyTextPresent(findTestData("searchTestData").getValue("tradeLocation", row), false): Text 'Rustington' is present on page 

2020-04-16 08:55:52 - [MESSAGE][PASSED] - Text 'Rustington' is present on page 

2020-04-16 08:55:52 - [MESSAGE][PASSED] - Call Test Case 'Test Cases/Reusable_Test_Sequences/CAT_Verification' successfully

2020-04-16 08:55:52 - [TEST_STEP][PASSED] - "--------------------------": null

2020-04-16 08:55:52 - [TEST_STEP][PASSED] - " Teardown - CLose Browser |": null

2020-04-16 08:55:52 - [TEST_STEP][PASSED] - callTestCase(findTestCase("Reusable_Test_Sequences/CAT_Teardown"), [:], OPTIONAL): Call Test Case 'Test Cases/Reusable_Test_Sequences/CAT_Teardown' successfully

2020-04-16 08:55:52 - [TEST_CASE][PASSED] - Test Cases/Reusable_Test_Sequences/CAT_Teardown: Test Cases/Reusable_Test_Sequences/CAT_Teardown

2020-04-16 08:55:52 - [TEST_STEP][PASSED] - closeBrowser(): Browser is closed

2020-04-16 08:55:53 - [MESSAGE][PASSED] - Browser is closed

2020-04-16 08:55:53 - [TEST_STEP][PASSED] - super.finalize(): null

2020-04-16 08:55:53 - [TEST_STEP][PASSED] - System.gc(): null

2020-04-16 08:55:53 - [MESSAGE][PASSED] - Call Test Case 'Test Cases/Reusable_Test_Sequences/CAT_Teardown' successfully]]></system-out>
         <system-err><![CDATA[]]></system-err>
      </testcase>
      <testcase name="Test Cases/Checkatrade_Tradesman_Searches/Trader_Location_Not_Listed" time="177.214" classname="Test Cases/Checkatrade_Tradesman_Searches/Trader_Location_Not_Listed" status="PASSED">
         <system-out><![CDATA[2020-04-16 08:55:53 - [TEST_CASE][PASSED] - Test Cases/Checkatrade_Tradesman_Searches/Trader_Location_Not_Listed: Test Cases/Checkatrade_Tradesman_Searches/Trader_Location_Not_Listed

2020-04-16 08:55:54 - [TEST_STEP][PASSED] - for ([row = 1, row <= findTestData("Search_Trader_Location_Data_NEG").getRowNumbers(), (internal.GlobalVariable.row++)]): Call Test Case 'Test Cases/Reusable_Test_Sequences/CAT_Teardown' successfully

2020-04-16 08:55:54 - [TEST_STEP][PASSED] - callTestCase(findTestCase("Reusable_Test_Sequences/CAT_Setup"), [:], STOP_ON_FAILURE): Call Test Case 'Test Cases/Reusable_Test_Sequences/CAT_Setup' successfully

2020-04-16 08:55:54 - [TEST_CASE][PASSED] - Test Cases/Reusable_Test_Sequences/CAT_Setup: Test Cases/Reusable_Test_Sequences/CAT_Setup

2020-04-16 08:55:54 - [TEST_STEP][PASSED] - "------------------------------": null

2020-04-16 08:55:54 - [TEST_STEP][PASSED] - " Set Mobile Device Testing    |": null

2020-04-16 08:55:54 - [TEST_STEP][PASSED] - if (Mobile_Flag == "true"): null

2020-04-16 08:55:54 - [TEST_STEP][PASSED] - "------------------------------": null

2020-04-16 08:55:54 - [TEST_STEP][PASSED] - " Set Mobile Device Testing    |": null

2020-04-16 08:55:54 - [TEST_STEP][PASSED] - "------------------------------": null

2020-04-16 08:55:54 - [TEST_STEP][PASSED] - "URL - Set from the ENVIRONMENT PROFILE ": null

2020-04-16 08:55:54 - [TEST_STEP][PASSED] - openBrowser(URL): Browser is opened with url: 'https://www.preview.checkatrade.com/'

2020-04-16 08:55:54 - [MESSAGE][INFO] - Starting 'Chrome' driver

2020-04-16 08:55:54 - [MESSAGE][INFO] - Action delay is set to 0 milliseconds

2020-04-16 08:55:59 - [MESSAGE][PASSED] - Browser is opened with url: 'https://www.preview.checkatrade.com/'

2020-04-16 08:55:59 - [TEST_STEP][PASSED] - maximizeWindow(): Current window maximized

2020-04-16 08:56:01 - [MESSAGE][PASSED] - Current window maximized

2020-04-16 08:56:01 - [TEST_STEP][PASSED] - waitForPageLoad(60): Wait for page load successfully

2020-04-16 08:56:01 - [MESSAGE][PASSED] - Wait for page load successfully

2020-04-16 08:56:01 - [TEST_STEP][PASSED] - "Previous Functionalilty Left Commented For Ease Of reversion": null

2020-04-16 08:56:01 - [TEST_STEP][PASSED] - " Katalon Try/Catches currently have issues? SEE HEADER": null

2020-04-16 08:56:01 - [TEST_STEP][PASSED] - try: Text 'Cookie Policy' is not present on page

2020-04-16 08:56:01 - [TEST_STEP][PASSED] - verifyElementPresent(findTestObject("Object Repository/Cookies/Page_Checkatrade Find a tradesperson you can trust/button_Accept All"), 5, OPTIONAL): Object 'Object Repository/Cookies/Page_Checkatrade Find a tradesperson you can trust/button_Accept All' is present

2020-04-16 08:56:01 - [MESSAGE][PASSED] - Object 'Object Repository/Cookies/Page_Checkatrade Find a tradesperson you can trust/button_Accept All' is present

2020-04-16 08:56:01 - [TEST_STEP][PASSED] - click(findTestObject("Object Repository/Cookies/Page_Checkatrade Find a tradesperson you can trust/button_Accept All"), OPTIONAL): Object: 'Object Repository/Cookies/Page_Checkatrade Find a tradesperson you can trust/button_Accept All' is clicked on

2020-04-16 08:56:01 - [MESSAGE][PASSED] - Object: 'Object Repository/Cookies/Page_Checkatrade Find a tradesperson you can trust/button_Accept All' is clicked on

2020-04-16 08:56:01 - [TEST_STEP][PASSED] - "---------------------------------": null

2020-04-16 08:56:01 - [TEST_STEP][PASSED] - "COOKIE POPOUT REMOVED - Confirmed": null

2020-04-16 08:56:01 - [TEST_STEP][PASSED] - delay(1): Delayed 1 second(s)

2020-04-16 08:56:02 - [MESSAGE][PASSED] - Delayed 1 second(s)

2020-04-16 08:56:02 - [TEST_STEP][PASSED] - verifyTextNotPresent("We use cookies to personalise content and ads, to provide social media features and to analyse our traffic", false): Text 'We use cookies to personalise content and ads, to provide social media features and to analyse our traffic' is not present on page

2020-04-16 08:56:03 - [MESSAGE][PASSED] - Text 'We use cookies to personalise content and ads, to provide social media features and to analyse our traffic' is not present on page

2020-04-16 08:56:03 - [TEST_STEP][PASSED] - verifyTextNotPresent(" We also share information about your use of our site with our social media, advertising and analytics partners", false): Text ' We also share information about your use of our site with our social media, advertising and analytics partners' is not present on page

2020-04-16 08:56:03 - [MESSAGE][PASSED] - Text ' We also share information about your use of our site with our social media, advertising and analytics partners' is not present on page

2020-04-16 08:56:03 - [TEST_STEP][PASSED] - verifyTextNotPresent("Cookie Policy", false): Text 'Cookie Policy' is not present on page

2020-04-16 08:56:03 - [MESSAGE][PASSED] - Text 'Cookie Policy' is not present on page

2020-04-16 08:56:03 - [TEST_STEP][PASSED] - waitForPageLoad(60): Wait for page load successfully

2020-04-16 08:56:03 - [MESSAGE][PASSED] - Wait for page load successfully

2020-04-16 08:56:03 - [TEST_STEP][PASSED] - "COOKIE - ORIGINAL": null

2020-04-16 08:56:03 - [TEST_STEP][PASSED] - if (waitForElementVisible(findTestObject("Object Repository/Feedback/Page_Checkatrade Give your feedback/input_Member_to_Review"), 5)): Web element with id: 'Object Repository/Feedback/Page_Checkatrade Give your feedback/input_Member_to_Review' located by 'By.xpath: //input[@id='feedback-form__company_autocomplete_input']' not found

2020-04-16 08:56:08 - [MESSAGE][INFO] - Unable to find the element located by 'By.xpath: //input[@id='feedback-form__company_autocomplete_input']'. Please recheck the objects properties to make sure the desired element is located. 

2020-04-16 08:56:08 - [MESSAGE][WARNING] - Web element with id: 'Object Repository/Feedback/Page_Checkatrade Give your feedback/input_Member_to_Review' located by 'By.xpath: //input[@id='feedback-form__company_autocomplete_input']' not found

2020-04-16 08:56:08 - [TEST_STEP][PASSED] - else: The <<<OLD>>> Website was detected by the STARTUP Process

2020-04-16 08:56:08 - [TEST_STEP][PASSED] - if (!(verifyElementVisible(findTestObject("Object Repository/Checkatrade_Trade_Search_Page/Page_Checkatrade Find a tradesperson you can trust/input_Search_Button_FF")))): Object 'Object Repository/Checkatrade_Trade_Search_Page/Page_Checkatrade Find a tradesperson you can trust/input_Search_Button_FF' is visible

2020-04-16 08:56:08 - [MESSAGE][PASSED] - Object 'Object Repository/Checkatrade_Trade_Search_Page/Page_Checkatrade Find a tradesperson you can trust/input_Search_Button_FF' is visible

2020-04-16 08:56:08 - [TEST_STEP][PASSED] - else: The <<<OLD>>> Website was detected by the STARTUP Process

2020-04-16 08:56:08 - [TEST_STEP][PASSED] - Website_Version = "old": null

2020-04-16 08:56:08 - [TEST_STEP][PASSED] - logInfo("The <<<OLD>>> Website was detected by the STARTUP Process"): The <<<OLD>>> Website was detected by the STARTUP Process

2020-04-16 08:56:08 - [MESSAGE][INFO] - The <<<OLD>>> Website was detected by the STARTUP Process

2020-04-16 08:56:08 - [MESSAGE][PASSED] - Call Test Case 'Test Cases/Reusable_Test_Sequences/CAT_Setup' successfully

2020-04-16 08:56:08 - [TEST_STEP][PASSED] - " Home Page validation Checks after COOKIE Dispelled NOT REQUIRED IN THIS INSTANCE": null

2020-04-16 08:56:08 - [TEST_STEP][PASSED] - "---------------------------------------": null

2020-04-16 08:56:08 - [TEST_STEP][PASSED] - " Set and SEARCH TRADE CLASSIFICATION   |": null

2020-04-16 08:56:08 - [TEST_STEP][PASSED] - callTestCase(findTestCase("Reusable_Test_Sequences/CAT_Enter_Trade_Classification_NEG"), [:], CONTINUE_ON_FAILURE): Call Test Case 'Test Cases/Reusable_Test_Sequences/CAT_Enter_Trade_Classification_NEG' successfully

2020-04-16 08:56:08 - [TEST_CASE][PASSED] - Test Cases/Reusable_Test_Sequences/CAT_Enter_Trade_Classification_NEG: Test Cases/Reusable_Test_Sequences/CAT_Enter_Trade_Classification_NEG

2020-04-16 08:56:08 - [TEST_STEP][PASSED] - "---------------------------------": null

2020-04-16 08:56:08 - [TEST_STEP][PASSED] - "Set and SEARCH SELECTED TRADE": null

2020-04-16 08:56:08 - [TEST_STEP][PASSED] - if (Website_Version == "new"): null

2020-04-16 08:56:08 - [TEST_STEP][PASSED] - else: Text 'Glass' is set on object 'Object Repository/Checkatrade_Trade_Search_Page/Page_Checkatrade Find a tradesperson you can trust/input_Search_Button_FF'

2020-04-16 08:56:08 - [TEST_STEP][PASSED] - click(findTestObject("Object Repository/Checkatrade_Trade_Search_Page/Page_Checkatrade Find a tradesperson you can trust/input_Search_Button_FF")): Object: 'Object Repository/Checkatrade_Trade_Search_Page/Page_Checkatrade Find a tradesperson you can trust/input_Search_Button_FF' is clicked on

2020-04-16 08:56:09 - [MESSAGE][PASSED] - Object: 'Object Repository/Checkatrade_Trade_Search_Page/Page_Checkatrade Find a tradesperson you can trust/input_Search_Button_FF' is clicked on

2020-04-16 08:56:09 - [TEST_STEP][PASSED] - setText(findTestObject("Object Repository/Checkatrade_Trade_Search_Page/Page_Checkatrade Find a tradesperson you can trust/input_Search_Button_FF"), findTestData("Search_Trader_Location_Data_NEG").getValue("tradeClassification", row)): Text 'Glass' is set on object 'Object Repository/Checkatrade_Trade_Search_Page/Page_Checkatrade Find a tradesperson you can trust/input_Search_Button_FF'

2020-04-16 08:56:09 - [MESSAGE][PASSED] - Text 'Glass' is set on object 'Object Repository/Checkatrade_Trade_Search_Page/Page_Checkatrade Find a tradesperson you can trust/input_Search_Button_FF'

2020-04-16 08:56:09 - [MESSAGE][PASSED] - Call Test Case 'Test Cases/Reusable_Test_Sequences/CAT_Enter_Trade_Classification_NEG' successfully

2020-04-16 08:56:09 - [TEST_STEP][PASSED] - "---------------------------------------": null

2020-04-16 08:56:09 - [TEST_STEP][PASSED] - " Set and SEARCH TRADE LOCATION         |": null

2020-04-16 08:56:09 - [TEST_STEP][PASSED] - callTestCase(findTestCase("Reusable_Test_Sequences/CAT_Enter_Trade_Location_NEG"), [:], CONTINUE_ON_FAILURE): Call Test Case 'Test Cases/Reusable_Test_Sequences/CAT_Enter_Trade_Location_NEG' successfully

2020-04-16 08:56:09 - [TEST_CASE][PASSED] - Test Cases/Reusable_Test_Sequences/CAT_Enter_Trade_Location_NEG: Test Cases/Reusable_Test_Sequences/CAT_Enter_Trade_Location_NEG

2020-04-16 08:56:09 - [TEST_STEP][PASSED] - "---------------------------------": null

2020-04-16 08:56:09 - [TEST_STEP][PASSED] - "Set and SEARCH SELECTED LOCATION |": null

2020-04-16 08:56:09 - [TEST_STEP][PASSED] - if (Website_Version != "new"): Text 'Peru' is set on object 'Object Repository/Checkatrade_Trade_Search_Page/Page_Checkatrade Find a tradesperson you can trust/input_Not here_location'

2020-04-16 08:56:09 - [TEST_STEP][PASSED] - click(findTestObject("Object Repository/Checkatrade_Trade_Search_Page/Page_Checkatrade Find a tradesperson you can trust/input_Not here_location")): Object: 'Object Repository/Checkatrade_Trade_Search_Page/Page_Checkatrade Find a tradesperson you can trust/input_Not here_location' is clicked on

2020-04-16 08:56:09 - [MESSAGE][PASSED] - Object: 'Object Repository/Checkatrade_Trade_Search_Page/Page_Checkatrade Find a tradesperson you can trust/input_Not here_location' is clicked on

2020-04-16 08:56:09 - [TEST_STEP][PASSED] - setText(findTestObject("Object Repository/Checkatrade_Trade_Search_Page/Page_Checkatrade Find a tradesperson you can trust/input_Not here_location"), findTestData("Search_Trader_Location_Data_NEG").getValue("tradeNameLocation", row)): Text 'Peru' is set on object 'Object Repository/Checkatrade_Trade_Search_Page/Page_Checkatrade Find a tradesperson you can trust/input_Not here_location'

2020-04-16 08:56:09 - [MESSAGE][PASSED] - Text 'Peru' is set on object 'Object Repository/Checkatrade_Trade_Search_Page/Page_Checkatrade Find a tradesperson you can trust/input_Not here_location'

2020-04-16 08:56:09 - [TEST_STEP][PASSED] - if (verifyTextNotPresent("Sorry, no results found", false)): null

2020-04-16 08:56:09 - [MESSAGE][PASSED] - Text 'Sorry, no results found' is not present on page

2020-04-16 08:56:09 - [TEST_STEP][PASSED] - markPassed("The Expected Lookup Result(s) ARE being returned by the Lookup Service, AS EXPECTED"): The Expected Lookup Result(s) ARE being returned by the Lookup Service, AS EXPECTED

2020-04-16 08:56:09 - [MESSAGE][PASSED] - The Expected Lookup Result(s) ARE being returned by the Lookup Service, AS EXPECTED

2020-04-16 08:56:09 - [MESSAGE][PASSED] - Call Test Case 'Test Cases/Reusable_Test_Sequences/CAT_Enter_Trade_Location_NEG' successfully

2020-04-16 08:56:09 - [TEST_STEP][PASSED] - "---------------------------------------": null

2020-04-16 08:56:09 - [TEST_STEP][PASSED] - " Scroll Search Button into View        |": null

2020-04-16 08:56:09 - [TEST_STEP][PASSED] - "---------------------------------------": null

2020-04-16 08:56:09 - [TEST_STEP][PASSED] - "---------------------------------------": null

2020-04-16 08:56:09 - [TEST_STEP][PASSED] - " Hit Search Button                     |": null

2020-04-16 08:56:09 - [TEST_STEP][PASSED] - callTestCase(findTestCase("Reusable_Test_Sequences/CAT_Hit_Search_Button"), [:], CONTINUE_ON_FAILURE): Call Test Case 'Test Cases/Reusable_Test_Sequences/CAT_Hit_Search_Button' successfully

2020-04-16 08:56:10 - [TEST_CASE][PASSED] - Test Cases/Reusable_Test_Sequences/CAT_Hit_Search_Button: Test Cases/Reusable_Test_Sequences/CAT_Hit_Search_Button

2020-04-16 08:56:10 - [TEST_STEP][PASSED] - "---------------------------------": null

2020-04-16 08:56:10 - [TEST_STEP][PASSED] - "HIT SEARCH": null

2020-04-16 08:56:10 - [TEST_STEP][PASSED] - "---------------------------------": null

2020-04-16 08:56:10 - [TEST_STEP][PASSED] - if (Website_Version == "new"): null

2020-04-16 08:56:10 - [TEST_STEP][PASSED] - else: Object: 'Object Repository/Page_Checkatrade Find a tradesperson you can trust/a_Search' is clicked on

2020-04-16 08:56:10 - [TEST_STEP][PASSED] - waitForElementClickable(findTestObject("Object Repository/Page_Checkatrade Find a tradesperson you can trust/a_Search"), 25): Object 'Object Repository/Page_Checkatrade Find a tradesperson you can trust/a_Search' is clickable

2020-04-16 08:56:10 - [MESSAGE][PASSED] - Object 'Object Repository/Page_Checkatrade Find a tradesperson you can trust/a_Search' is clickable

2020-04-16 08:56:10 - [TEST_STEP][PASSED] - click(findTestObject("Object Repository/Page_Checkatrade Find a tradesperson you can trust/a_Search")): Object: 'Object Repository/Page_Checkatrade Find a tradesperson you can trust/a_Search' is clicked on

2020-04-16 08:56:10 - [MESSAGE][PASSED] - Object: 'Object Repository/Page_Checkatrade Find a tradesperson you can trust/a_Search' is clicked on

2020-04-16 08:56:10 - [MESSAGE][PASSED] - Call Test Case 'Test Cases/Reusable_Test_Sequences/CAT_Hit_Search_Button' successfully

2020-04-16 08:56:10 - [TEST_STEP][PASSED] - "------------------------------------------": null

2020-04-16 08:56:10 - [TEST_STEP][PASSED] - " Expected ERROR Reported                  |": null

2020-04-16 08:56:10 - [TEST_STEP][PASSED] - callTestCase(findTestCase("Reusable_Test_Sequences/CAT_Search_Location_Not_Returned"), [:], CONTINUE_ON_FAILURE): Call Test Case 'Test Cases/Reusable_Test_Sequences/CAT_Search_Location_Not_Returned' successfully

2020-04-16 08:56:10 - [TEST_CASE][PASSED] - Test Cases/Reusable_Test_Sequences/CAT_Search_Location_Not_Returned: Test Cases/Reusable_Test_Sequences/CAT_Search_Location_Not_Returned

2020-04-16 08:56:10 - [TEST_STEP][PASSED] - "For later Extension": null

2020-04-16 08:56:10 - [TEST_STEP][PASSED] - "--------------------------------": null

2020-04-16 08:56:10 - [TEST_STEP][PASSED] - "Read data from spreadsheet      | r_ = Returned Data": null

2020-04-16 08:56:10 - [TEST_STEP][PASSED] - data = findTestData("Data Files/Search_Trader_Location_Data_NEG"): null

2020-04-16 08:56:10 - [TEST_STEP][PASSED] - Search_Trader_Location = data.getValue("tradeNameLocation", row): null

2020-04-16 08:56:10 - [TEST_STEP][PASSED] - Search_Trade_Clasification = data.getValue("tradeClassification", row): null

2020-04-16 08:56:10 - [TEST_STEP][PASSED] - "------------------------------------------------------------------------": null

2020-04-16 08:56:10 - [TEST_STEP][PASSED] - "VALUES - 1 = Enter Trade Location Status - 2 = 404 No File or Directory |": null

2020-04-16 08:56:10 - [TEST_STEP][PASSED] - Flag_Search_Location_Error = "0": null

2020-04-16 08:56:10 - [TEST_STEP][PASSED] - delay(1): Delayed 1 second(s)

2020-04-16 08:56:11 - [MESSAGE][PASSED] - Delayed 1 second(s)

2020-04-16 08:56:11 - [TEST_STEP][PASSED] - waitForPageLoad(60): Wait for page load successfully

2020-04-16 08:56:11 - [MESSAGE][PASSED] - Wait for page load successfully

2020-04-16 08:56:11 - [TEST_STEP][PASSED] - "-------------------------------------------------------------------------------------------------------------------------": null

2020-04-16 08:56:11 - [TEST_STEP][PASSED] - "Scenario 1 - Location, Incorrect Numeric Value or Postcode Returns Highlighted (RED) Text Please enter a valid Location  |": null

2020-04-16 08:56:11 - [TEST_STEP][PASSED] - try: null

2020-04-16 08:56:11 - [TEST_STEP][PASSED] - verifyTextPresent("Please enter a trade and a location", false, OPTIONAL): Text 'Please enter a trade and a location' is not present on page  (Root cause: com.kms.katalon.core.exception.StepFailedException: Text 'Please enter a trade and a location' is not present on page 
	at com.kms.katalon.core.webui.keyword.internal.WebUIKeywordMain.stepFailed(WebUIKeywordMain.groovy:64)
	at com.kms.katalon.core.webui.keyword.builtin.VerifyTextPresentKeyword$_verifyTextPresent_closure1.doCall(VerifyTextPresentKeyword.groovy:79)
	at com.kms.katalon.core.webui.keyword.builtin.VerifyTextPresentKeyword$_verifyTextPresent_closure1.call(VerifyTextPresentKeyword.groovy)
	at com.kms.katalon.core.webui.keyword.internal.WebUIKeywordMain.runKeyword(WebUIKeywordMain.groovy:20)
	at com.kms.katalon.core.webui.keyword.builtin.VerifyTextPresentKeyword.verifyTextPresent(VerifyTextPresentKeyword.groovy:83)
	at com.kms.katalon.core.webui.keyword.builtin.VerifyTextPresentKeyword.execute(VerifyTextPresentKeyword.groovy:68)
	at com.kms.katalon.core.keyword.internal.KeywordExecutor.executeKeywordForPlatform(KeywordExecutor.groovy:72)
	at com.kms.katalon.core.webui.keyword.WebUiBuiltInKeywords.verifyTextPresent(WebUiBuiltInKeywords.groovy:1703)
	at com.kms.katalon.core.webui.keyword.WebUiBuiltInKeywords$verifyTextPresent$13.call(Unknown Source)
	at CAT_Search_Location_Not_Returned.run(CAT_Search_Location_Not_Returned:42)
	at com.kms.katalon.core.main.ScriptEngine.run(ScriptEngine.java:194)
	at com.kms.katalon.core.main.ScriptEngine.runScriptAsRawText(ScriptEngine.java:119)
	at com.kms.katalon.core.main.TestCaseExecutor.runScript(TestCaseExecutor.java:337)
	at com.kms.katalon.core.main.TestCaseExecutor.doExecute(TestCaseExecutor.java:328)
	at com.kms.katalon.core.main.TestCaseExecutor.processExecutionPhase(TestCaseExecutor.java:307)
	at com.kms.katalon.core.main.TestCaseExecutor.accessMainPhase(TestCaseExecutor.java:299)
	at com.kms.katalon.core.main.TestCaseExecutor.execute(TestCaseExecutor.java:233)
	at com.kms.katalon.core.main.TestCaseMain.runTestCase(TestCaseMain.java:114)
	at com.kms.katalon.core.keyword.builtin.CallTestCaseKeyword$_callTestCase_closure1.doCall(CallTestCaseKeyword.groovy:59)
	at com.kms.katalon.core.keyword.builtin.CallTestCaseKeyword$_callTestCase_closure1.call(CallTestCaseKeyword.groovy)
	at com.kms.katalon.core.keyword.internal.KeywordMain.runKeyword(KeywordMain.groovy:68)
	at com.kms.katalon.core.keyword.builtin.CallTestCaseKeyword.callTestCase(CallTestCaseKeyword.groovy:81)
	at com.kms.katalon.core.keyword.builtin.CallTestCaseKeyword.execute(CallTestCaseKeyword.groovy:44)
	at com.kms.katalon.core.keyword.internal.KeywordExecutor.executeKeywordForPlatform(KeywordExecutor.groovy:72)
	at com.kms.katalon.core.keyword.BuiltinKeywords.callTestCase(BuiltinKeywords.groovy:334)
	at Trader_Location_Not_Listed.run(Trader_Location_Not_Listed:87)
	at com.kms.katalon.core.main.ScriptEngine.run(ScriptEngine.java:194)
	at com.kms.katalon.core.main.ScriptEngine.runScriptAsRawText(ScriptEngine.java:119)
	at com.kms.katalon.core.main.TestCaseExecutor.runScript(TestCaseExecutor.java:337)
	at com.kms.katalon.core.main.TestCaseExecutor.doExecute(TestCaseExecutor.java:328)
	at com.kms.katalon.core.main.TestCaseExecutor.processExecutionPhase(TestCaseExecutor.java:307)
	at com.kms.katalon.core.main.TestCaseExecutor.accessMainPhase(TestCaseExecutor.java:299)
	at com.kms.katalon.core.main.TestCaseExecutor.execute(TestCaseExecutor.java:233)
	at com.kms.katalon.core.main.TestSuiteExecutor.accessTestCaseMainPhase(TestSuiteExecutor.java:169)
	at com.kms.katalon.core.main.TestSuiteExecutor.accessTestSuiteMainPhase(TestSuiteExecutor.java:142)
	at com.kms.katalon.core.main.TestSuiteExecutor.execute(TestSuiteExecutor.java:91)
	at com.kms.katalon.core.main.TestCaseMain.startTestSuite(TestCaseMain.java:157)
	at com.kms.katalon.core.main.TestCaseMain$startTestSuite$0.call(Unknown Source)
	at TempTestSuite1587023610989.run(TempTestSuite1587023610989.groovy:36)
)

2020-04-16 08:56:11 - [MESSAGE][WARNING] - Text 'Please enter a trade and a location' is not present on page  (Root cause: com.kms.katalon.core.exception.StepFailedException: Text 'Please enter a trade and a location' is not present on page 
	at com.kms.katalon.core.webui.keyword.internal.WebUIKeywordMain.stepFailed(WebUIKeywordMain.groovy:64)
	at com.kms.katalon.core.webui.keyword.builtin.VerifyTextPresentKeyword$_verifyTextPresent_closure1.doCall(VerifyTextPresentKeyword.groovy:79)
	at com.kms.katalon.core.webui.keyword.builtin.VerifyTextPresentKeyword$_verifyTextPresent_closure1.call(VerifyTextPresentKeyword.groovy)
	at com.kms.katalon.core.webui.keyword.internal.WebUIKeywordMain.runKeyword(WebUIKeywordMain.groovy:20)
	at com.kms.katalon.core.webui.keyword.builtin.VerifyTextPresentKeyword.verifyTextPresent(VerifyTextPresentKeyword.groovy:83)
	at com.kms.katalon.core.webui.keyword.builtin.VerifyTextPresentKeyword.execute(VerifyTextPresentKeyword.groovy:68)
	at com.kms.katalon.core.keyword.internal.KeywordExecutor.executeKeywordForPlatform(KeywordExecutor.groovy:72)
	at com.kms.katalon.core.webui.keyword.WebUiBuiltInKeywords.verifyTextPresent(WebUiBuiltInKeywords.groovy:1703)
	at com.kms.katalon.core.webui.keyword.WebUiBuiltInKeywords$verifyTextPresent$13.call(Unknown Source)
	at CAT_Search_Location_Not_Returned.run(CAT_Search_Location_Not_Returned:42)
	at com.kms.katalon.core.main.ScriptEngine.run(ScriptEngine.java:194)
	at com.kms.katalon.core.main.ScriptEngine.runScriptAsRawText(ScriptEngine.java:119)
	at com.kms.katalon.core.main.TestCaseExecutor.runScript(TestCaseExecutor.java:337)
	at com.kms.katalon.core.main.TestCaseExecutor.doExecute(TestCaseExecutor.java:328)
	at com.kms.katalon.core.main.TestCaseExecutor.processExecutionPhase(TestCaseExecutor.java:307)
	at com.kms.katalon.core.main.TestCaseExecutor.accessMainPhase(TestCaseExecutor.java:299)
	at com.kms.katalon.core.main.TestCaseExecutor.execute(TestCaseExecutor.java:233)
	at com.kms.katalon.core.main.TestCaseMain.runTestCase(TestCaseMain.java:114)
	at com.kms.katalon.core.keyword.builtin.CallTestCaseKeyword$_callTestCase_closure1.doCall(CallTestCaseKeyword.groovy:59)
	at com.kms.katalon.core.keyword.builtin.CallTestCaseKeyword$_callTestCase_closure1.call(CallTestCaseKeyword.groovy)
	at com.kms.katalon.core.keyword.internal.KeywordMain.runKeyword(KeywordMain.groovy:68)
	at com.kms.katalon.core.keyword.builtin.CallTestCaseKeyword.callTestCase(CallTestCaseKeyword.groovy:81)
	at com.kms.katalon.core.keyword.builtin.CallTestCaseKeyword.execute(CallTestCaseKeyword.groovy:44)
	at com.kms.katalon.core.keyword.internal.KeywordExecutor.executeKeywordForPlatform(KeywordExecutor.groovy:72)
	at com.kms.katalon.core.keyword.BuiltinKeywords.callTestCase(BuiltinKeywords.groovy:334)
	at Trader_Location_Not_Listed.run(Trader_Location_Not_Listed:87)
	at com.kms.katalon.core.main.ScriptEngine.run(ScriptEngine.java:194)
	at com.kms.katalon.core.main.ScriptEngine.runScriptAsRawText(ScriptEngine.java:119)
	at com.kms.katalon.core.main.TestCaseExecutor.runScript(TestCaseExecutor.java:337)
	at com.kms.katalon.core.main.TestCaseExecutor.doExecute(TestCaseExecutor.java:328)
	at com.kms.katalon.core.main.TestCaseExecutor.processExecutionPhase(TestCaseExecutor.java:307)
	at com.kms.katalon.core.main.TestCaseExecutor.accessMainPhase(TestCaseExecutor.java:299)
	at com.kms.katalon.core.main.TestCaseExecutor.execute(TestCaseExecutor.java:233)
	at com.kms.katalon.core.main.TestSuiteExecutor.accessTestCaseMainPhase(TestSuiteExecutor.java:169)
	at com.kms.katalon.core.main.TestSuiteExecutor.accessTestSuiteMainPhase(TestSuiteExecutor.java:142)
	at com.kms.katalon.core.main.TestSuiteExecutor.execute(TestSuiteExecutor.java:91)
	at com.kms.katalon.core.main.TestCaseMain.startTestSuite(TestCaseMain.java:157)
	at com.kms.katalon.core.main.TestCaseMain$startTestSuite$0.call(Unknown Source)
	at TempTestSuite1587023610989.run(TempTestSuite1587023610989.groovy:36)
)

2020-04-16 08:56:11 - [TEST_STEP][PASSED] - Flag_Search_Location_Error = "1": null

2020-04-16 08:56:11 - [TEST_STEP][PASSED] - "-----------------------------------------------------------------------------------------------------------------------------------": null

2020-04-16 08:56:11 - [TEST_STEP][PASSED] - "Scenario 2 - Location, Incorrect or Non Existing Data Beyond the Realms of the Database - Return 404 - File or Directory NOT FOUND |": null

2020-04-16 08:56:11 - [TEST_STEP][PASSED] - try: null

2020-04-16 08:56:11 - [TEST_STEP][PASSED] - verifyTextPresent("404 - File or directory not found", false, OPTIONAL): Text '404 - File or directory not found' is present on page 

2020-04-16 08:56:11 - [MESSAGE][PASSED] - Text '404 - File or directory not found' is present on page 

2020-04-16 08:56:11 - [TEST_STEP][PASSED] - Flag_Search_Location_Error = "2": null

2020-04-16 08:56:11 - [TEST_STEP][PASSED] - if (Flag_Search_Location_Error == "1"): null

2020-04-16 08:56:11 - [TEST_STEP][PASSED] - if (Flag_Search_Location_Error == "2"): Error 404 Reported as Expected, Resource Unavailable

2020-04-16 08:56:11 - [TEST_STEP][PASSED] - markPassed("Error 404 Reported as Expected, Resource Unavailable"): Error 404 Reported as Expected, Resource Unavailable

2020-04-16 08:56:11 - [MESSAGE][PASSED] - Error 404 Reported as Expected, Resource Unavailable

2020-04-16 08:56:11 - [TEST_STEP][PASSED] - if (Flag_Search_Location_Error == "0"): null

2020-04-16 08:56:11 - [TEST_STEP][PASSED] - if (Flag_Search_Location_Error > "0"): Invalid Location was Correctly Highlighted for Trade Type <Glass> Based in <Peru>

2020-04-16 08:56:11 - [TEST_STEP][PASSED] - markPassed("Invalid Location was Correctly Highlighted for Trade Type <" + Search_Trade_Clasification + "> Based in <" + Search_Trader_Location + ">"): Invalid Location was Correctly Highlighted for Trade Type <Glass> Based in <Peru>

2020-04-16 08:56:11 - [MESSAGE][PASSED] - Invalid Location was Correctly Highlighted for Trade Type <Glass> Based in <Peru>

2020-04-16 08:56:11 - [MESSAGE][PASSED] - Call Test Case 'Test Cases/Reusable_Test_Sequences/CAT_Search_Location_Not_Returned' successfully

2020-04-16 08:56:11 - [TEST_STEP][PASSED] - "--------------------------": null

2020-04-16 08:56:11 - [TEST_STEP][PASSED] - " Teardown - CLose Browser |": null

2020-04-16 08:56:11 - [TEST_STEP][PASSED] - callTestCase(findTestCase("Reusable_Test_Sequences/CAT_Teardown"), [:], OPTIONAL): Call Test Case 'Test Cases/Reusable_Test_Sequences/CAT_Teardown' successfully

2020-04-16 08:56:11 - [TEST_CASE][PASSED] - Test Cases/Reusable_Test_Sequences/CAT_Teardown: Test Cases/Reusable_Test_Sequences/CAT_Teardown

2020-04-16 08:56:11 - [TEST_STEP][PASSED] - closeBrowser(): Browser is closed

2020-04-16 08:56:12 - [MESSAGE][PASSED] - Browser is closed

2020-04-16 08:56:12 - [TEST_STEP][PASSED] - super.finalize(): null

2020-04-16 08:56:12 - [TEST_STEP][PASSED] - System.gc(): null

2020-04-16 08:56:12 - [MESSAGE][PASSED] - Call Test Case 'Test Cases/Reusable_Test_Sequences/CAT_Teardown' successfully

2020-04-16 08:56:12 - [TEST_STEP][PASSED] - callTestCase(findTestCase("Reusable_Test_Sequences/CAT_Setup"), [:], STOP_ON_FAILURE): Call Test Case 'Test Cases/Reusable_Test_Sequences/CAT_Setup' successfully

2020-04-16 08:56:13 - [TEST_CASE][PASSED] - Test Cases/Reusable_Test_Sequences/CAT_Setup: Test Cases/Reusable_Test_Sequences/CAT_Setup

2020-04-16 08:56:13 - [TEST_STEP][PASSED] - "------------------------------": null

2020-04-16 08:56:13 - [TEST_STEP][PASSED] - " Set Mobile Device Testing    |": null

2020-04-16 08:56:13 - [TEST_STEP][PASSED] - if (Mobile_Flag == "true"): null

2020-04-16 08:56:13 - [TEST_STEP][PASSED] - "------------------------------": null

2020-04-16 08:56:13 - [TEST_STEP][PASSED] - " Set Mobile Device Testing    |": null

2020-04-16 08:56:13 - [TEST_STEP][PASSED] - "------------------------------": null

2020-04-16 08:56:13 - [TEST_STEP][PASSED] - "URL - Set from the ENVIRONMENT PROFILE ": null

2020-04-16 08:56:13 - [TEST_STEP][PASSED] - openBrowser(URL): Browser is opened with url: 'https://www.preview.checkatrade.com/'

2020-04-16 08:56:13 - [MESSAGE][INFO] - Starting 'Chrome' driver

2020-04-16 08:56:13 - [MESSAGE][INFO] - Action delay is set to 0 milliseconds

2020-04-16 08:56:18 - [MESSAGE][PASSED] - Browser is opened with url: 'https://www.preview.checkatrade.com/'

2020-04-16 08:56:18 - [TEST_STEP][PASSED] - maximizeWindow(): Current window maximized

2020-04-16 08:56:20 - [MESSAGE][PASSED] - Current window maximized

2020-04-16 08:56:20 - [TEST_STEP][PASSED] - waitForPageLoad(60): Wait for page load successfully

2020-04-16 08:56:20 - [MESSAGE][PASSED] - Wait for page load successfully

2020-04-16 08:56:20 - [TEST_STEP][PASSED] - "Previous Functionalilty Left Commented For Ease Of reversion": null

2020-04-16 08:56:20 - [TEST_STEP][PASSED] - " Katalon Try/Catches currently have issues? SEE HEADER": null

2020-04-16 08:56:20 - [TEST_STEP][PASSED] - try: Text 'Cookie Policy' is not present on page

2020-04-16 08:56:20 - [TEST_STEP][PASSED] - verifyElementPresent(findTestObject("Object Repository/Cookies/Page_Checkatrade Find a tradesperson you can trust/button_Accept All"), 5, OPTIONAL): Object 'Object Repository/Cookies/Page_Checkatrade Find a tradesperson you can trust/button_Accept All' is present

2020-04-16 08:56:20 - [MESSAGE][PASSED] - Object 'Object Repository/Cookies/Page_Checkatrade Find a tradesperson you can trust/button_Accept All' is present

2020-04-16 08:56:20 - [TEST_STEP][PASSED] - click(findTestObject("Object Repository/Cookies/Page_Checkatrade Find a tradesperson you can trust/button_Accept All"), OPTIONAL): Object: 'Object Repository/Cookies/Page_Checkatrade Find a tradesperson you can trust/button_Accept All' is clicked on

2020-04-16 08:56:20 - [MESSAGE][PASSED] - Object: 'Object Repository/Cookies/Page_Checkatrade Find a tradesperson you can trust/button_Accept All' is clicked on

2020-04-16 08:56:20 - [TEST_STEP][PASSED] - "---------------------------------": null

2020-04-16 08:56:20 - [TEST_STEP][PASSED] - "COOKIE POPOUT REMOVED - Confirmed": null

2020-04-16 08:56:20 - [TEST_STEP][PASSED] - delay(1): Delayed 1 second(s)

2020-04-16 08:56:21 - [MESSAGE][PASSED] - Delayed 1 second(s)

2020-04-16 08:56:21 - [TEST_STEP][PASSED] - verifyTextNotPresent("We use cookies to personalise content and ads, to provide social media features and to analyse our traffic", false): Text 'We use cookies to personalise content and ads, to provide social media features and to analyse our traffic' is not present on page

2020-04-16 08:56:22 - [MESSAGE][PASSED] - Text 'We use cookies to personalise content and ads, to provide social media features and to analyse our traffic' is not present on page

2020-04-16 08:56:22 - [TEST_STEP][PASSED] - verifyTextNotPresent(" We also share information about your use of our site with our social media, advertising and analytics partners", false): Text ' We also share information about your use of our site with our social media, advertising and analytics partners' is not present on page

2020-04-16 08:56:22 - [MESSAGE][PASSED] - Text ' We also share information about your use of our site with our social media, advertising and analytics partners' is not present on page

2020-04-16 08:56:22 - [TEST_STEP][PASSED] - verifyTextNotPresent("Cookie Policy", false): Text 'Cookie Policy' is not present on page

2020-04-16 08:56:22 - [MESSAGE][PASSED] - Text 'Cookie Policy' is not present on page

2020-04-16 08:56:22 - [TEST_STEP][PASSED] - waitForPageLoad(60): Wait for page load successfully

2020-04-16 08:56:22 - [MESSAGE][PASSED] - Wait for page load successfully

2020-04-16 08:56:22 - [TEST_STEP][PASSED] - "COOKIE - ORIGINAL": null

2020-04-16 08:56:22 - [TEST_STEP][PASSED] - if (waitForElementVisible(findTestObject("Object Repository/Feedback/Page_Checkatrade Give your feedback/input_Member_to_Review"), 5)): Web element with id: 'Object Repository/Feedback/Page_Checkatrade Give your feedback/input_Member_to_Review' located by 'By.xpath: //input[@id='feedback-form__company_autocomplete_input']' not found

2020-04-16 08:56:27 - [MESSAGE][INFO] - Unable to find the element located by 'By.xpath: //input[@id='feedback-form__company_autocomplete_input']'. Please recheck the objects properties to make sure the desired element is located. 

2020-04-16 08:56:27 - [MESSAGE][WARNING] - Web element with id: 'Object Repository/Feedback/Page_Checkatrade Give your feedback/input_Member_to_Review' located by 'By.xpath: //input[@id='feedback-form__company_autocomplete_input']' not found

2020-04-16 08:56:27 - [TEST_STEP][PASSED] - else: The <<<OLD>>> Website was detected by the STARTUP Process

2020-04-16 08:56:27 - [TEST_STEP][PASSED] - if (!(verifyElementVisible(findTestObject("Object Repository/Checkatrade_Trade_Search_Page/Page_Checkatrade Find a tradesperson you can trust/input_Search_Button_FF")))): Object 'Object Repository/Checkatrade_Trade_Search_Page/Page_Checkatrade Find a tradesperson you can trust/input_Search_Button_FF' is visible

2020-04-16 08:56:27 - [MESSAGE][PASSED] - Object 'Object Repository/Checkatrade_Trade_Search_Page/Page_Checkatrade Find a tradesperson you can trust/input_Search_Button_FF' is visible

2020-04-16 08:56:27 - [TEST_STEP][PASSED] - else: The <<<OLD>>> Website was detected by the STARTUP Process

2020-04-16 08:56:27 - [TEST_STEP][PASSED] - Website_Version = "old": null

2020-04-16 08:56:27 - [TEST_STEP][PASSED] - logInfo("The <<<OLD>>> Website was detected by the STARTUP Process"): The <<<OLD>>> Website was detected by the STARTUP Process

2020-04-16 08:56:27 - [MESSAGE][INFO] - The <<<OLD>>> Website was detected by the STARTUP Process

2020-04-16 08:56:27 - [MESSAGE][PASSED] - Call Test Case 'Test Cases/Reusable_Test_Sequences/CAT_Setup' successfully

2020-04-16 08:56:27 - [TEST_STEP][PASSED] - " Home Page validation Checks after COOKIE Dispelled NOT REQUIRED IN THIS INSTANCE": null

2020-04-16 08:56:27 - [TEST_STEP][PASSED] - "---------------------------------------": null

2020-04-16 08:56:27 - [TEST_STEP][PASSED] - " Set and SEARCH TRADE CLASSIFICATION   |": null

2020-04-16 08:56:27 - [TEST_STEP][PASSED] - callTestCase(findTestCase("Reusable_Test_Sequences/CAT_Enter_Trade_Classification_NEG"), [:], CONTINUE_ON_FAILURE): Call Test Case 'Test Cases/Reusable_Test_Sequences/CAT_Enter_Trade_Classification_NEG' successfully

2020-04-16 08:56:27 - [TEST_CASE][PASSED] - Test Cases/Reusable_Test_Sequences/CAT_Enter_Trade_Classification_NEG: Test Cases/Reusable_Test_Sequences/CAT_Enter_Trade_Classification_NEG

2020-04-16 08:56:27 - [TEST_STEP][PASSED] - "---------------------------------": null

2020-04-16 08:56:27 - [TEST_STEP][PASSED] - "Set and SEARCH SELECTED TRADE": null

2020-04-16 08:56:27 - [TEST_STEP][PASSED] - if (Website_Version == "new"): null

2020-04-16 08:56:27 - [TEST_STEP][PASSED] - else: Text 'Electrician' is set on object 'Object Repository/Checkatrade_Trade_Search_Page/Page_Checkatrade Find a tradesperson you can trust/input_Search_Button_FF'

2020-04-16 08:56:27 - [TEST_STEP][PASSED] - click(findTestObject("Object Repository/Checkatrade_Trade_Search_Page/Page_Checkatrade Find a tradesperson you can trust/input_Search_Button_FF")): Object: 'Object Repository/Checkatrade_Trade_Search_Page/Page_Checkatrade Find a tradesperson you can trust/input_Search_Button_FF' is clicked on

2020-04-16 08:56:28 - [MESSAGE][PASSED] - Object: 'Object Repository/Checkatrade_Trade_Search_Page/Page_Checkatrade Find a tradesperson you can trust/input_Search_Button_FF' is clicked on

2020-04-16 08:56:28 - [TEST_STEP][PASSED] - setText(findTestObject("Object Repository/Checkatrade_Trade_Search_Page/Page_Checkatrade Find a tradesperson you can trust/input_Search_Button_FF"), findTestData("Search_Trader_Location_Data_NEG").getValue("tradeClassification", row)): Text 'Electrician' is set on object 'Object Repository/Checkatrade_Trade_Search_Page/Page_Checkatrade Find a tradesperson you can trust/input_Search_Button_FF'

2020-04-16 08:56:28 - [MESSAGE][PASSED] - Text 'Electrician' is set on object 'Object Repository/Checkatrade_Trade_Search_Page/Page_Checkatrade Find a tradesperson you can trust/input_Search_Button_FF'

2020-04-16 08:56:28 - [MESSAGE][PASSED] - Call Test Case 'Test Cases/Reusable_Test_Sequences/CAT_Enter_Trade_Classification_NEG' successfully

2020-04-16 08:56:28 - [TEST_STEP][PASSED] - "---------------------------------------": null

2020-04-16 08:56:28 - [TEST_STEP][PASSED] - " Set and SEARCH TRADE LOCATION         |": null

2020-04-16 08:56:28 - [TEST_STEP][PASSED] - callTestCase(findTestCase("Reusable_Test_Sequences/CAT_Enter_Trade_Location_NEG"), [:], CONTINUE_ON_FAILURE): Call Test Case 'Test Cases/Reusable_Test_Sequences/CAT_Enter_Trade_Location_NEG' successfully

2020-04-16 08:56:28 - [TEST_CASE][PASSED] - Test Cases/Reusable_Test_Sequences/CAT_Enter_Trade_Location_NEG: Test Cases/Reusable_Test_Sequences/CAT_Enter_Trade_Location_NEG

2020-04-16 08:56:28 - [TEST_STEP][PASSED] - "---------------------------------": null

2020-04-16 08:56:28 - [TEST_STEP][PASSED] - "Set and SEARCH SELECTED LOCATION |": null

2020-04-16 08:56:28 - [TEST_STEP][PASSED] - if (Website_Version != "new"): Text 'Sydney' is set on object 'Object Repository/Checkatrade_Trade_Search_Page/Page_Checkatrade Find a tradesperson you can trust/input_Not here_location'

2020-04-16 08:56:28 - [TEST_STEP][PASSED] - click(findTestObject("Object Repository/Checkatrade_Trade_Search_Page/Page_Checkatrade Find a tradesperson you can trust/input_Not here_location")): Object: 'Object Repository/Checkatrade_Trade_Search_Page/Page_Checkatrade Find a tradesperson you can trust/input_Not here_location' is clicked on

2020-04-16 08:56:28 - [MESSAGE][PASSED] - Object: 'Object Repository/Checkatrade_Trade_Search_Page/Page_Checkatrade Find a tradesperson you can trust/input_Not here_location' is clicked on

2020-04-16 08:56:28 - [TEST_STEP][PASSED] - setText(findTestObject("Object Repository/Checkatrade_Trade_Search_Page/Page_Checkatrade Find a tradesperson you can trust/input_Not here_location"), findTestData("Search_Trader_Location_Data_NEG").getValue("tradeNameLocation", row)): Text 'Sydney' is set on object 'Object Repository/Checkatrade_Trade_Search_Page/Page_Checkatrade Find a tradesperson you can trust/input_Not here_location'

2020-04-16 08:56:28 - [MESSAGE][PASSED] - Text 'Sydney' is set on object 'Object Repository/Checkatrade_Trade_Search_Page/Page_Checkatrade Find a tradesperson you can trust/input_Not here_location'

2020-04-16 08:56:28 - [TEST_STEP][PASSED] - if (verifyTextNotPresent("Sorry, no results found", false)): null

2020-04-16 08:56:28 - [MESSAGE][PASSED] - Text 'Sorry, no results found' is not present on page

2020-04-16 08:56:28 - [TEST_STEP][PASSED] - markPassed("The Expected Lookup Result(s) ARE being returned by the Lookup Service, AS EXPECTED"): The Expected Lookup Result(s) ARE being returned by the Lookup Service, AS EXPECTED

2020-04-16 08:56:28 - [MESSAGE][PASSED] - The Expected Lookup Result(s) ARE being returned by the Lookup Service, AS EXPECTED

2020-04-16 08:56:28 - [MESSAGE][PASSED] - Call Test Case 'Test Cases/Reusable_Test_Sequences/CAT_Enter_Trade_Location_NEG' successfully

2020-04-16 08:56:28 - [TEST_STEP][PASSED] - "---------------------------------------": null

2020-04-16 08:56:28 - [TEST_STEP][PASSED] - " Scroll Search Button into View        |": null

2020-04-16 08:56:28 - [TEST_STEP][PASSED] - "---------------------------------------": null

2020-04-16 08:56:28 - [TEST_STEP][PASSED] - "---------------------------------------": null

2020-04-16 08:56:28 - [TEST_STEP][PASSED] - " Hit Search Button                     |": null

2020-04-16 08:56:28 - [TEST_STEP][PASSED] - callTestCase(findTestCase("Reusable_Test_Sequences/CAT_Hit_Search_Button"), [:], CONTINUE_ON_FAILURE): Call Test Case 'Test Cases/Reusable_Test_Sequences/CAT_Hit_Search_Button' successfully

2020-04-16 08:56:28 - [TEST_CASE][PASSED] - Test Cases/Reusable_Test_Sequences/CAT_Hit_Search_Button: Test Cases/Reusable_Test_Sequences/CAT_Hit_Search_Button

2020-04-16 08:56:29 - [TEST_STEP][PASSED] - "---------------------------------": null

2020-04-16 08:56:29 - [TEST_STEP][PASSED] - "HIT SEARCH": null

2020-04-16 08:56:29 - [TEST_STEP][PASSED] - "---------------------------------": null

2020-04-16 08:56:29 - [TEST_STEP][PASSED] - if (Website_Version == "new"): null

2020-04-16 08:56:29 - [TEST_STEP][PASSED] - else: Object: 'Object Repository/Page_Checkatrade Find a tradesperson you can trust/a_Search' is clicked on

2020-04-16 08:56:29 - [TEST_STEP][PASSED] - waitForElementClickable(findTestObject("Object Repository/Page_Checkatrade Find a tradesperson you can trust/a_Search"), 25): Object 'Object Repository/Page_Checkatrade Find a tradesperson you can trust/a_Search' is clickable

2020-04-16 08:56:29 - [MESSAGE][PASSED] - Object 'Object Repository/Page_Checkatrade Find a tradesperson you can trust/a_Search' is clickable

2020-04-16 08:56:29 - [TEST_STEP][PASSED] - click(findTestObject("Object Repository/Page_Checkatrade Find a tradesperson you can trust/a_Search")): Object: 'Object Repository/Page_Checkatrade Find a tradesperson you can trust/a_Search' is clicked on

2020-04-16 08:56:29 - [MESSAGE][PASSED] - Object: 'Object Repository/Page_Checkatrade Find a tradesperson you can trust/a_Search' is clicked on

2020-04-16 08:56:29 - [MESSAGE][PASSED] - Call Test Case 'Test Cases/Reusable_Test_Sequences/CAT_Hit_Search_Button' successfully

2020-04-16 08:56:29 - [TEST_STEP][PASSED] - "------------------------------------------": null

2020-04-16 08:56:29 - [TEST_STEP][PASSED] - " Expected ERROR Reported                  |": null

2020-04-16 08:56:29 - [TEST_STEP][PASSED] - callTestCase(findTestCase("Reusable_Test_Sequences/CAT_Search_Location_Not_Returned"), [:], CONTINUE_ON_FAILURE): Call Test Case 'Test Cases/Reusable_Test_Sequences/CAT_Search_Location_Not_Returned' successfully

2020-04-16 08:56:29 - [TEST_CASE][PASSED] - Test Cases/Reusable_Test_Sequences/CAT_Search_Location_Not_Returned: Test Cases/Reusable_Test_Sequences/CAT_Search_Location_Not_Returned

2020-04-16 08:56:29 - [TEST_STEP][PASSED] - "For later Extension": null

2020-04-16 08:56:29 - [TEST_STEP][PASSED] - "--------------------------------": null

2020-04-16 08:56:29 - [TEST_STEP][PASSED] - "Read data from spreadsheet      | r_ = Returned Data": null

2020-04-16 08:56:29 - [TEST_STEP][PASSED] - data = findTestData("Data Files/Search_Trader_Location_Data_NEG"): null

2020-04-16 08:56:29 - [TEST_STEP][PASSED] - Search_Trader_Location = data.getValue("tradeNameLocation", row): null

2020-04-16 08:56:29 - [TEST_STEP][PASSED] - Search_Trade_Clasification = data.getValue("tradeClassification", row): null

2020-04-16 08:56:29 - [TEST_STEP][PASSED] - "------------------------------------------------------------------------": null

2020-04-16 08:56:29 - [TEST_STEP][PASSED] - "VALUES - 1 = Enter Trade Location Status - 2 = 404 No File or Directory |": null

2020-04-16 08:56:29 - [TEST_STEP][PASSED] - Flag_Search_Location_Error = "0": null

2020-04-16 08:56:29 - [TEST_STEP][PASSED] - delay(1): Delayed 1 second(s)

2020-04-16 08:56:30 - [MESSAGE][PASSED] - Delayed 1 second(s)

2020-04-16 08:56:30 - [TEST_STEP][PASSED] - waitForPageLoad(60): Wait for page load successfully

2020-04-16 08:56:30 - [MESSAGE][PASSED] - Wait for page load successfully

2020-04-16 08:56:30 - [TEST_STEP][PASSED] - "-------------------------------------------------------------------------------------------------------------------------": null

2020-04-16 08:56:30 - [TEST_STEP][PASSED] - "Scenario 1 - Location, Incorrect Numeric Value or Postcode Returns Highlighted (RED) Text Please enter a valid Location  |": null

2020-04-16 08:56:30 - [TEST_STEP][PASSED] - try: null

2020-04-16 08:56:30 - [TEST_STEP][PASSED] - verifyTextPresent("Please enter a trade and a location", false, OPTIONAL): Text 'Please enter a trade and a location' is not present on page  (Root cause: com.kms.katalon.core.exception.StepFailedException: Text 'Please enter a trade and a location' is not present on page 
	at com.kms.katalon.core.webui.keyword.internal.WebUIKeywordMain.stepFailed(WebUIKeywordMain.groovy:64)
	at com.kms.katalon.core.webui.keyword.builtin.VerifyTextPresentKeyword$_verifyTextPresent_closure1.doCall(VerifyTextPresentKeyword.groovy:79)
	at com.kms.katalon.core.webui.keyword.builtin.VerifyTextPresentKeyword$_verifyTextPresent_closure1.call(VerifyTextPresentKeyword.groovy)
	at com.kms.katalon.core.webui.keyword.internal.WebUIKeywordMain.runKeyword(WebUIKeywordMain.groovy:20)
	at com.kms.katalon.core.webui.keyword.builtin.VerifyTextPresentKeyword.verifyTextPresent(VerifyTextPresentKeyword.groovy:83)
	at com.kms.katalon.core.webui.keyword.builtin.VerifyTextPresentKeyword.execute(VerifyTextPresentKeyword.groovy:68)
	at com.kms.katalon.core.keyword.internal.KeywordExecutor.executeKeywordForPlatform(KeywordExecutor.groovy:72)
	at com.kms.katalon.core.webui.keyword.WebUiBuiltInKeywords.verifyTextPresent(WebUiBuiltInKeywords.groovy:1703)
	at com.kms.katalon.core.webui.keyword.WebUiBuiltInKeywords$verifyTextPresent$13.call(Unknown Source)
	at CAT_Search_Location_Not_Returned.run(CAT_Search_Location_Not_Returned:42)
	at com.kms.katalon.core.main.ScriptEngine.run(ScriptEngine.java:194)
	at com.kms.katalon.core.main.ScriptEngine.runScriptAsRawText(ScriptEngine.java:119)
	at com.kms.katalon.core.main.TestCaseExecutor.runScript(TestCaseExecutor.java:337)
	at com.kms.katalon.core.main.TestCaseExecutor.doExecute(TestCaseExecutor.java:328)
	at com.kms.katalon.core.main.TestCaseExecutor.processExecutionPhase(TestCaseExecutor.java:307)
	at com.kms.katalon.core.main.TestCaseExecutor.accessMainPhase(TestCaseExecutor.java:299)
	at com.kms.katalon.core.main.TestCaseExecutor.execute(TestCaseExecutor.java:233)
	at com.kms.katalon.core.main.TestCaseMain.runTestCase(TestCaseMain.java:114)
	at com.kms.katalon.core.keyword.builtin.CallTestCaseKeyword$_callTestCase_closure1.doCall(CallTestCaseKeyword.groovy:59)
	at com.kms.katalon.core.keyword.builtin.CallTestCaseKeyword$_callTestCase_closure1.call(CallTestCaseKeyword.groovy)
	at com.kms.katalon.core.keyword.internal.KeywordMain.runKeyword(KeywordMain.groovy:68)
	at com.kms.katalon.core.keyword.builtin.CallTestCaseKeyword.callTestCase(CallTestCaseKeyword.groovy:81)
	at com.kms.katalon.core.keyword.builtin.CallTestCaseKeyword.execute(CallTestCaseKeyword.groovy:44)
	at com.kms.katalon.core.keyword.internal.KeywordExecutor.executeKeywordForPlatform(KeywordExecutor.groovy:72)
	at com.kms.katalon.core.keyword.BuiltinKeywords.callTestCase(BuiltinKeywords.groovy:334)
	at Trader_Location_Not_Listed.run(Trader_Location_Not_Listed:87)
	at com.kms.katalon.core.main.ScriptEngine.run(ScriptEngine.java:194)
	at com.kms.katalon.core.main.ScriptEngine.runScriptAsRawText(ScriptEngine.java:119)
	at com.kms.katalon.core.main.TestCaseExecutor.runScript(TestCaseExecutor.java:337)
	at com.kms.katalon.core.main.TestCaseExecutor.doExecute(TestCaseExecutor.java:328)
	at com.kms.katalon.core.main.TestCaseExecutor.processExecutionPhase(TestCaseExecutor.java:307)
	at com.kms.katalon.core.main.TestCaseExecutor.accessMainPhase(TestCaseExecutor.java:299)
	at com.kms.katalon.core.main.TestCaseExecutor.execute(TestCaseExecutor.java:233)
	at com.kms.katalon.core.main.TestSuiteExecutor.accessTestCaseMainPhase(TestSuiteExecutor.java:169)
	at com.kms.katalon.core.main.TestSuiteExecutor.accessTestSuiteMainPhase(TestSuiteExecutor.java:142)
	at com.kms.katalon.core.main.TestSuiteExecutor.execute(TestSuiteExecutor.java:91)
	at com.kms.katalon.core.main.TestCaseMain.startTestSuite(TestCaseMain.java:157)
	at com.kms.katalon.core.main.TestCaseMain$startTestSuite$0.call(Unknown Source)
	at TempTestSuite1587023610989.run(TempTestSuite1587023610989.groovy:36)
)

2020-04-16 08:56:30 - [MESSAGE][WARNING] - Text 'Please enter a trade and a location' is not present on page  (Root cause: com.kms.katalon.core.exception.StepFailedException: Text 'Please enter a trade and a location' is not present on page 
	at com.kms.katalon.core.webui.keyword.internal.WebUIKeywordMain.stepFailed(WebUIKeywordMain.groovy:64)
	at com.kms.katalon.core.webui.keyword.builtin.VerifyTextPresentKeyword$_verifyTextPresent_closure1.doCall(VerifyTextPresentKeyword.groovy:79)
	at com.kms.katalon.core.webui.keyword.builtin.VerifyTextPresentKeyword$_verifyTextPresent_closure1.call(VerifyTextPresentKeyword.groovy)
	at com.kms.katalon.core.webui.keyword.internal.WebUIKeywordMain.runKeyword(WebUIKeywordMain.groovy:20)
	at com.kms.katalon.core.webui.keyword.builtin.VerifyTextPresentKeyword.verifyTextPresent(VerifyTextPresentKeyword.groovy:83)
	at com.kms.katalon.core.webui.keyword.builtin.VerifyTextPresentKeyword.execute(VerifyTextPresentKeyword.groovy:68)
	at com.kms.katalon.core.keyword.internal.KeywordExecutor.executeKeywordForPlatform(KeywordExecutor.groovy:72)
	at com.kms.katalon.core.webui.keyword.WebUiBuiltInKeywords.verifyTextPresent(WebUiBuiltInKeywords.groovy:1703)
	at com.kms.katalon.core.webui.keyword.WebUiBuiltInKeywords$verifyTextPresent$13.call(Unknown Source)
	at CAT_Search_Location_Not_Returned.run(CAT_Search_Location_Not_Returned:42)
	at com.kms.katalon.core.main.ScriptEngine.run(ScriptEngine.java:194)
	at com.kms.katalon.core.main.ScriptEngine.runScriptAsRawText(ScriptEngine.java:119)
	at com.kms.katalon.core.main.TestCaseExecutor.runScript(TestCaseExecutor.java:337)
	at com.kms.katalon.core.main.TestCaseExecutor.doExecute(TestCaseExecutor.java:328)
	at com.kms.katalon.core.main.TestCaseExecutor.processExecutionPhase(TestCaseExecutor.java:307)
	at com.kms.katalon.core.main.TestCaseExecutor.accessMainPhase(TestCaseExecutor.java:299)
	at com.kms.katalon.core.main.TestCaseExecutor.execute(TestCaseExecutor.java:233)
	at com.kms.katalon.core.main.TestCaseMain.runTestCase(TestCaseMain.java:114)
	at com.kms.katalon.core.keyword.builtin.CallTestCaseKeyword$_callTestCase_closure1.doCall(CallTestCaseKeyword.groovy:59)
	at com.kms.katalon.core.keyword.builtin.CallTestCaseKeyword$_callTestCase_closure1.call(CallTestCaseKeyword.groovy)
	at com.kms.katalon.core.keyword.internal.KeywordMain.runKeyword(KeywordMain.groovy:68)
	at com.kms.katalon.core.keyword.builtin.CallTestCaseKeyword.callTestCase(CallTestCaseKeyword.groovy:81)
	at com.kms.katalon.core.keyword.builtin.CallTestCaseKeyword.execute(CallTestCaseKeyword.groovy:44)
	at com.kms.katalon.core.keyword.internal.KeywordExecutor.executeKeywordForPlatform(KeywordExecutor.groovy:72)
	at com.kms.katalon.core.keyword.BuiltinKeywords.callTestCase(BuiltinKeywords.groovy:334)
	at Trader_Location_Not_Listed.run(Trader_Location_Not_Listed:87)
	at com.kms.katalon.core.main.ScriptEngine.run(ScriptEngine.java:194)
	at com.kms.katalon.core.main.ScriptEngine.runScriptAsRawText(ScriptEngine.java:119)
	at com.kms.katalon.core.main.TestCaseExecutor.runScript(TestCaseExecutor.java:337)
	at com.kms.katalon.core.main.TestCaseExecutor.doExecute(TestCaseExecutor.java:328)
	at com.kms.katalon.core.main.TestCaseExecutor.processExecutionPhase(TestCaseExecutor.java:307)
	at com.kms.katalon.core.main.TestCaseExecutor.accessMainPhase(TestCaseExecutor.java:299)
	at com.kms.katalon.core.main.TestCaseExecutor.execute(TestCaseExecutor.java:233)
	at com.kms.katalon.core.main.TestSuiteExecutor.accessTestCaseMainPhase(TestSuiteExecutor.java:169)
	at com.kms.katalon.core.main.TestSuiteExecutor.accessTestSuiteMainPhase(TestSuiteExecutor.java:142)
	at com.kms.katalon.core.main.TestSuiteExecutor.execute(TestSuiteExecutor.java:91)
	at com.kms.katalon.core.main.TestCaseMain.startTestSuite(TestCaseMain.java:157)
	at com.kms.katalon.core.main.TestCaseMain$startTestSuite$0.call(Unknown Source)
	at TempTestSuite1587023610989.run(TempTestSuite1587023610989.groovy:36)
)

2020-04-16 08:56:30 - [TEST_STEP][PASSED] - Flag_Search_Location_Error = "1": null

2020-04-16 08:56:30 - [TEST_STEP][PASSED] - "-----------------------------------------------------------------------------------------------------------------------------------": null

2020-04-16 08:56:30 - [TEST_STEP][PASSED] - "Scenario 2 - Location, Incorrect or Non Existing Data Beyond the Realms of the Database - Return 404 - File or Directory NOT FOUND |": null

2020-04-16 08:56:30 - [TEST_STEP][PASSED] - try: null

2020-04-16 08:56:30 - [TEST_STEP][PASSED] - verifyTextPresent("404 - File or directory not found", false, OPTIONAL): Text '404 - File or directory not found' is present on page 

2020-04-16 08:56:30 - [MESSAGE][PASSED] - Text '404 - File or directory not found' is present on page 

2020-04-16 08:56:30 - [TEST_STEP][PASSED] - Flag_Search_Location_Error = "2": null

2020-04-16 08:56:30 - [TEST_STEP][PASSED] - if (Flag_Search_Location_Error == "1"): null

2020-04-16 08:56:30 - [TEST_STEP][PASSED] - if (Flag_Search_Location_Error == "2"): Error 404 Reported as Expected, Resource Unavailable

2020-04-16 08:56:30 - [TEST_STEP][PASSED] - markPassed("Error 404 Reported as Expected, Resource Unavailable"): Error 404 Reported as Expected, Resource Unavailable

2020-04-16 08:56:30 - [MESSAGE][PASSED] - Error 404 Reported as Expected, Resource Unavailable

2020-04-16 08:56:30 - [TEST_STEP][PASSED] - if (Flag_Search_Location_Error == "0"): null

2020-04-16 08:56:30 - [TEST_STEP][PASSED] - if (Flag_Search_Location_Error > "0"): Invalid Location was Correctly Highlighted for Trade Type <Electrician> Based in <Sydney>

2020-04-16 08:56:30 - [TEST_STEP][PASSED] - markPassed("Invalid Location was Correctly Highlighted for Trade Type <" + Search_Trade_Clasification + "> Based in <" + Search_Trader_Location + ">"): Invalid Location was Correctly Highlighted for Trade Type <Electrician> Based in <Sydney>

2020-04-16 08:56:30 - [MESSAGE][PASSED] - Invalid Location was Correctly Highlighted for Trade Type <Electrician> Based in <Sydney>

2020-04-16 08:56:30 - [MESSAGE][PASSED] - Call Test Case 'Test Cases/Reusable_Test_Sequences/CAT_Search_Location_Not_Returned' successfully

2020-04-16 08:56:30 - [TEST_STEP][PASSED] - "--------------------------": null

2020-04-16 08:56:30 - [TEST_STEP][PASSED] - " Teardown - CLose Browser |": null

2020-04-16 08:56:30 - [TEST_STEP][PASSED] - callTestCase(findTestCase("Reusable_Test_Sequences/CAT_Teardown"), [:], OPTIONAL): Call Test Case 'Test Cases/Reusable_Test_Sequences/CAT_Teardown' successfully

2020-04-16 08:56:30 - [TEST_CASE][PASSED] - Test Cases/Reusable_Test_Sequences/CAT_Teardown: Test Cases/Reusable_Test_Sequences/CAT_Teardown

2020-04-16 08:56:30 - [TEST_STEP][PASSED] - closeBrowser(): Browser is closed

2020-04-16 08:56:31 - [MESSAGE][PASSED] - Browser is closed

2020-04-16 08:56:31 - [TEST_STEP][PASSED] - super.finalize(): null

2020-04-16 08:56:31 - [TEST_STEP][PASSED] - System.gc(): null

2020-04-16 08:56:31 - [MESSAGE][PASSED] - Call Test Case 'Test Cases/Reusable_Test_Sequences/CAT_Teardown' successfully

2020-04-16 08:56:31 - [TEST_STEP][PASSED] - callTestCase(findTestCase("Reusable_Test_Sequences/CAT_Setup"), [:], STOP_ON_FAILURE): Call Test Case 'Test Cases/Reusable_Test_Sequences/CAT_Setup' successfully

2020-04-16 08:56:31 - [TEST_CASE][PASSED] - Test Cases/Reusable_Test_Sequences/CAT_Setup: Test Cases/Reusable_Test_Sequences/CAT_Setup

2020-04-16 08:56:31 - [TEST_STEP][PASSED] - "------------------------------": null

2020-04-16 08:56:31 - [TEST_STEP][PASSED] - " Set Mobile Device Testing    |": null

2020-04-16 08:56:31 - [TEST_STEP][PASSED] - if (Mobile_Flag == "true"): null

2020-04-16 08:56:31 - [TEST_STEP][PASSED] - "------------------------------": null

2020-04-16 08:56:31 - [TEST_STEP][PASSED] - " Set Mobile Device Testing    |": null

2020-04-16 08:56:31 - [TEST_STEP][PASSED] - "------------------------------": null

2020-04-16 08:56:31 - [TEST_STEP][PASSED] - "URL - Set from the ENVIRONMENT PROFILE ": null

2020-04-16 08:56:31 - [TEST_STEP][PASSED] - openBrowser(URL): Browser is opened with url: 'https://www.preview.checkatrade.com/'

2020-04-16 08:56:32 - [MESSAGE][INFO] - Starting 'Chrome' driver

2020-04-16 08:56:32 - [MESSAGE][INFO] - Action delay is set to 0 milliseconds

2020-04-16 08:56:37 - [MESSAGE][PASSED] - Browser is opened with url: 'https://www.preview.checkatrade.com/'

2020-04-16 08:56:37 - [TEST_STEP][PASSED] - maximizeWindow(): Current window maximized

2020-04-16 08:56:39 - [MESSAGE][PASSED] - Current window maximized

2020-04-16 08:56:39 - [TEST_STEP][PASSED] - waitForPageLoad(60): Wait for page load successfully

2020-04-16 08:56:39 - [MESSAGE][PASSED] - Wait for page load successfully

2020-04-16 08:56:39 - [TEST_STEP][PASSED] - "Previous Functionalilty Left Commented For Ease Of reversion": null

2020-04-16 08:56:39 - [TEST_STEP][PASSED] - " Katalon Try/Catches currently have issues? SEE HEADER": null

2020-04-16 08:56:39 - [TEST_STEP][PASSED] - try: Text 'Cookie Policy' is not present on page

2020-04-16 08:56:39 - [TEST_STEP][PASSED] - verifyElementPresent(findTestObject("Object Repository/Cookies/Page_Checkatrade Find a tradesperson you can trust/button_Accept All"), 5, OPTIONAL): Object 'Object Repository/Cookies/Page_Checkatrade Find a tradesperson you can trust/button_Accept All' is present

2020-04-16 08:56:39 - [MESSAGE][PASSED] - Object 'Object Repository/Cookies/Page_Checkatrade Find a tradesperson you can trust/button_Accept All' is present

2020-04-16 08:56:39 - [TEST_STEP][PASSED] - click(findTestObject("Object Repository/Cookies/Page_Checkatrade Find a tradesperson you can trust/button_Accept All"), OPTIONAL): Object: 'Object Repository/Cookies/Page_Checkatrade Find a tradesperson you can trust/button_Accept All' is clicked on

2020-04-16 08:56:39 - [MESSAGE][PASSED] - Object: 'Object Repository/Cookies/Page_Checkatrade Find a tradesperson you can trust/button_Accept All' is clicked on

2020-04-16 08:56:39 - [TEST_STEP][PASSED] - "---------------------------------": null

2020-04-16 08:56:39 - [TEST_STEP][PASSED] - "COOKIE POPOUT REMOVED - Confirmed": null

2020-04-16 08:56:39 - [TEST_STEP][PASSED] - delay(1): Delayed 1 second(s)

2020-04-16 08:56:40 - [MESSAGE][PASSED] - Delayed 1 second(s)

2020-04-16 08:56:40 - [TEST_STEP][PASSED] - verifyTextNotPresent("We use cookies to personalise content and ads, to provide social media features and to analyse our traffic", false): Text 'We use cookies to personalise content and ads, to provide social media features and to analyse our traffic' is not present on page

2020-04-16 08:56:40 - [MESSAGE][PASSED] - Text 'We use cookies to personalise content and ads, to provide social media features and to analyse our traffic' is not present on page

2020-04-16 08:56:40 - [TEST_STEP][PASSED] - verifyTextNotPresent(" We also share information about your use of our site with our social media, advertising and analytics partners", false): Text ' We also share information about your use of our site with our social media, advertising and analytics partners' is not present on page

2020-04-16 08:56:40 - [MESSAGE][PASSED] - Text ' We also share information about your use of our site with our social media, advertising and analytics partners' is not present on page

2020-04-16 08:56:40 - [TEST_STEP][PASSED] - verifyTextNotPresent("Cookie Policy", false): Text 'Cookie Policy' is not present on page

2020-04-16 08:56:41 - [MESSAGE][PASSED] - Text 'Cookie Policy' is not present on page

2020-04-16 08:56:41 - [TEST_STEP][PASSED] - waitForPageLoad(60): Wait for page load successfully

2020-04-16 08:56:41 - [MESSAGE][PASSED] - Wait for page load successfully

2020-04-16 08:56:41 - [TEST_STEP][PASSED] - "COOKIE - ORIGINAL": null

2020-04-16 08:56:41 - [TEST_STEP][PASSED] - if (waitForElementVisible(findTestObject("Object Repository/Feedback/Page_Checkatrade Give your feedback/input_Member_to_Review"), 5)): Web element with id: 'Object Repository/Feedback/Page_Checkatrade Give your feedback/input_Member_to_Review' located by 'By.xpath: //input[@id='feedback-form__company_autocomplete_input']' not found

2020-04-16 08:56:46 - [MESSAGE][INFO] - Unable to find the element located by 'By.xpath: //input[@id='feedback-form__company_autocomplete_input']'. Please recheck the objects properties to make sure the desired element is located. 

2020-04-16 08:56:46 - [MESSAGE][WARNING] - Web element with id: 'Object Repository/Feedback/Page_Checkatrade Give your feedback/input_Member_to_Review' located by 'By.xpath: //input[@id='feedback-form__company_autocomplete_input']' not found

2020-04-16 08:56:46 - [TEST_STEP][PASSED] - else: The <<<OLD>>> Website was detected by the STARTUP Process

2020-04-16 08:56:46 - [TEST_STEP][PASSED] - if (!(verifyElementVisible(findTestObject("Object Repository/Checkatrade_Trade_Search_Page/Page_Checkatrade Find a tradesperson you can trust/input_Search_Button_FF")))): Object 'Object Repository/Checkatrade_Trade_Search_Page/Page_Checkatrade Find a tradesperson you can trust/input_Search_Button_FF' is visible

2020-04-16 08:56:46 - [MESSAGE][PASSED] - Object 'Object Repository/Checkatrade_Trade_Search_Page/Page_Checkatrade Find a tradesperson you can trust/input_Search_Button_FF' is visible

2020-04-16 08:56:46 - [TEST_STEP][PASSED] - else: The <<<OLD>>> Website was detected by the STARTUP Process

2020-04-16 08:56:46 - [TEST_STEP][PASSED] - Website_Version = "old": null

2020-04-16 08:56:46 - [TEST_STEP][PASSED] - logInfo("The <<<OLD>>> Website was detected by the STARTUP Process"): The <<<OLD>>> Website was detected by the STARTUP Process

2020-04-16 08:56:46 - [MESSAGE][INFO] - The <<<OLD>>> Website was detected by the STARTUP Process

2020-04-16 08:56:46 - [MESSAGE][PASSED] - Call Test Case 'Test Cases/Reusable_Test_Sequences/CAT_Setup' successfully

2020-04-16 08:56:46 - [TEST_STEP][PASSED] - " Home Page validation Checks after COOKIE Dispelled NOT REQUIRED IN THIS INSTANCE": null

2020-04-16 08:56:46 - [TEST_STEP][PASSED] - "---------------------------------------": null

2020-04-16 08:56:46 - [TEST_STEP][PASSED] - " Set and SEARCH TRADE CLASSIFICATION   |": null

2020-04-16 08:56:46 - [TEST_STEP][PASSED] - callTestCase(findTestCase("Reusable_Test_Sequences/CAT_Enter_Trade_Classification_NEG"), [:], CONTINUE_ON_FAILURE): Call Test Case 'Test Cases/Reusable_Test_Sequences/CAT_Enter_Trade_Classification_NEG' successfully

2020-04-16 08:56:46 - [TEST_CASE][PASSED] - Test Cases/Reusable_Test_Sequences/CAT_Enter_Trade_Classification_NEG: Test Cases/Reusable_Test_Sequences/CAT_Enter_Trade_Classification_NEG

2020-04-16 08:56:46 - [TEST_STEP][PASSED] - "---------------------------------": null

2020-04-16 08:56:46 - [TEST_STEP][PASSED] - "Set and SEARCH SELECTED TRADE": null

2020-04-16 08:56:46 - [TEST_STEP][PASSED] - if (Website_Version == "new"): null

2020-04-16 08:56:46 - [TEST_STEP][PASSED] - else: Text 'Diagnostic Testing' is set on object 'Object Repository/Checkatrade_Trade_Search_Page/Page_Checkatrade Find a tradesperson you can trust/input_Search_Button_FF'

2020-04-16 08:56:46 - [TEST_STEP][PASSED] - click(findTestObject("Object Repository/Checkatrade_Trade_Search_Page/Page_Checkatrade Find a tradesperson you can trust/input_Search_Button_FF")): Object: 'Object Repository/Checkatrade_Trade_Search_Page/Page_Checkatrade Find a tradesperson you can trust/input_Search_Button_FF' is clicked on

2020-04-16 08:56:46 - [MESSAGE][PASSED] - Object: 'Object Repository/Checkatrade_Trade_Search_Page/Page_Checkatrade Find a tradesperson you can trust/input_Search_Button_FF' is clicked on

2020-04-16 08:56:46 - [TEST_STEP][PASSED] - setText(findTestObject("Object Repository/Checkatrade_Trade_Search_Page/Page_Checkatrade Find a tradesperson you can trust/input_Search_Button_FF"), findTestData("Search_Trader_Location_Data_NEG").getValue("tradeClassification", row)): Text 'Diagnostic Testing' is set on object 'Object Repository/Checkatrade_Trade_Search_Page/Page_Checkatrade Find a tradesperson you can trust/input_Search_Button_FF'

2020-04-16 08:56:47 - [MESSAGE][PASSED] - Text 'Diagnostic Testing' is set on object 'Object Repository/Checkatrade_Trade_Search_Page/Page_Checkatrade Find a tradesperson you can trust/input_Search_Button_FF'

2020-04-16 08:56:47 - [MESSAGE][PASSED] - Call Test Case 'Test Cases/Reusable_Test_Sequences/CAT_Enter_Trade_Classification_NEG' successfully

2020-04-16 08:56:47 - [TEST_STEP][PASSED] - "---------------------------------------": null

2020-04-16 08:56:47 - [TEST_STEP][PASSED] - " Set and SEARCH TRADE LOCATION         |": null

2020-04-16 08:56:47 - [TEST_STEP][PASSED] - callTestCase(findTestCase("Reusable_Test_Sequences/CAT_Enter_Trade_Location_NEG"), [:], CONTINUE_ON_FAILURE): Call Test Case 'Test Cases/Reusable_Test_Sequences/CAT_Enter_Trade_Location_NEG' successfully

2020-04-16 08:56:47 - [TEST_CASE][PASSED] - Test Cases/Reusable_Test_Sequences/CAT_Enter_Trade_Location_NEG: Test Cases/Reusable_Test_Sequences/CAT_Enter_Trade_Location_NEG

2020-04-16 08:56:47 - [TEST_STEP][PASSED] - "---------------------------------": null

2020-04-16 08:56:47 - [TEST_STEP][PASSED] - "Set and SEARCH SELECTED LOCATION |": null

2020-04-16 08:56:47 - [TEST_STEP][PASSED] - if (Website_Version != "new"): Text 'Kirkwall' is set on object 'Object Repository/Checkatrade_Trade_Search_Page/Page_Checkatrade Find a tradesperson you can trust/input_Not here_location'

2020-04-16 08:56:47 - [TEST_STEP][PASSED] - click(findTestObject("Object Repository/Checkatrade_Trade_Search_Page/Page_Checkatrade Find a tradesperson you can trust/input_Not here_location")): Object: 'Object Repository/Checkatrade_Trade_Search_Page/Page_Checkatrade Find a tradesperson you can trust/input_Not here_location' is clicked on

2020-04-16 08:56:47 - [MESSAGE][PASSED] - Object: 'Object Repository/Checkatrade_Trade_Search_Page/Page_Checkatrade Find a tradesperson you can trust/input_Not here_location' is clicked on

2020-04-16 08:56:47 - [TEST_STEP][PASSED] - setText(findTestObject("Object Repository/Checkatrade_Trade_Search_Page/Page_Checkatrade Find a tradesperson you can trust/input_Not here_location"), findTestData("Search_Trader_Location_Data_NEG").getValue("tradeNameLocation", row)): Text 'Kirkwall' is set on object 'Object Repository/Checkatrade_Trade_Search_Page/Page_Checkatrade Find a tradesperson you can trust/input_Not here_location'

2020-04-16 08:56:47 - [MESSAGE][PASSED] - Text 'Kirkwall' is set on object 'Object Repository/Checkatrade_Trade_Search_Page/Page_Checkatrade Find a tradesperson you can trust/input_Not here_location'

2020-04-16 08:56:47 - [TEST_STEP][PASSED] - if (verifyTextNotPresent("Sorry, no results found", false)): null

2020-04-16 08:56:47 - [MESSAGE][PASSED] - Text 'Sorry, no results found' is not present on page

2020-04-16 08:56:47 - [TEST_STEP][PASSED] - markPassed("The Expected Lookup Result(s) ARE being returned by the Lookup Service, AS EXPECTED"): The Expected Lookup Result(s) ARE being returned by the Lookup Service, AS EXPECTED

2020-04-16 08:56:47 - [MESSAGE][PASSED] - The Expected Lookup Result(s) ARE being returned by the Lookup Service, AS EXPECTED

2020-04-16 08:56:47 - [MESSAGE][PASSED] - Call Test Case 'Test Cases/Reusable_Test_Sequences/CAT_Enter_Trade_Location_NEG' successfully

2020-04-16 08:56:47 - [TEST_STEP][PASSED] - "---------------------------------------": null

2020-04-16 08:56:47 - [TEST_STEP][PASSED] - " Scroll Search Button into View        |": null

2020-04-16 08:56:47 - [TEST_STEP][PASSED] - "---------------------------------------": null

2020-04-16 08:56:47 - [TEST_STEP][PASSED] - "---------------------------------------": null

2020-04-16 08:56:47 - [TEST_STEP][PASSED] - " Hit Search Button                     |": null

2020-04-16 08:56:47 - [TEST_STEP][PASSED] - callTestCase(findTestCase("Reusable_Test_Sequences/CAT_Hit_Search_Button"), [:], CONTINUE_ON_FAILURE): Call Test Case 'Test Cases/Reusable_Test_Sequences/CAT_Hit_Search_Button' successfully

2020-04-16 08:56:47 - [TEST_CASE][PASSED] - Test Cases/Reusable_Test_Sequences/CAT_Hit_Search_Button: Test Cases/Reusable_Test_Sequences/CAT_Hit_Search_Button

2020-04-16 08:56:47 - [TEST_STEP][PASSED] - "---------------------------------": null

2020-04-16 08:56:47 - [TEST_STEP][PASSED] - "HIT SEARCH": null

2020-04-16 08:56:47 - [TEST_STEP][PASSED] - "---------------------------------": null

2020-04-16 08:56:47 - [TEST_STEP][PASSED] - if (Website_Version == "new"): null

2020-04-16 08:56:47 - [TEST_STEP][PASSED] - else: Object: 'Object Repository/Page_Checkatrade Find a tradesperson you can trust/a_Search' is clicked on

2020-04-16 08:56:47 - [TEST_STEP][PASSED] - waitForElementClickable(findTestObject("Object Repository/Page_Checkatrade Find a tradesperson you can trust/a_Search"), 25): Object 'Object Repository/Page_Checkatrade Find a tradesperson you can trust/a_Search' is clickable

2020-04-16 08:56:47 - [MESSAGE][PASSED] - Object 'Object Repository/Page_Checkatrade Find a tradesperson you can trust/a_Search' is clickable

2020-04-16 08:56:47 - [TEST_STEP][PASSED] - click(findTestObject("Object Repository/Page_Checkatrade Find a tradesperson you can trust/a_Search")): Object: 'Object Repository/Page_Checkatrade Find a tradesperson you can trust/a_Search' is clicked on

2020-04-16 08:56:48 - [MESSAGE][PASSED] - Object: 'Object Repository/Page_Checkatrade Find a tradesperson you can trust/a_Search' is clicked on

2020-04-16 08:56:48 - [MESSAGE][PASSED] - Call Test Case 'Test Cases/Reusable_Test_Sequences/CAT_Hit_Search_Button' successfully

2020-04-16 08:56:48 - [TEST_STEP][PASSED] - "------------------------------------------": null

2020-04-16 08:56:48 - [TEST_STEP][PASSED] - " Expected ERROR Reported                  |": null

2020-04-16 08:56:48 - [TEST_STEP][PASSED] - callTestCase(findTestCase("Reusable_Test_Sequences/CAT_Search_Location_Not_Returned"), [:], CONTINUE_ON_FAILURE): Call Test Case 'Test Cases/Reusable_Test_Sequences/CAT_Search_Location_Not_Returned' successfully

2020-04-16 08:56:48 - [TEST_CASE][PASSED] - Test Cases/Reusable_Test_Sequences/CAT_Search_Location_Not_Returned: Test Cases/Reusable_Test_Sequences/CAT_Search_Location_Not_Returned

2020-04-16 08:56:48 - [TEST_STEP][PASSED] - "For later Extension": null

2020-04-16 08:56:48 - [TEST_STEP][PASSED] - "--------------------------------": null

2020-04-16 08:56:48 - [TEST_STEP][PASSED] - "Read data from spreadsheet      | r_ = Returned Data": null

2020-04-16 08:56:48 - [TEST_STEP][PASSED] - data = findTestData("Data Files/Search_Trader_Location_Data_NEG"): null

2020-04-16 08:56:48 - [TEST_STEP][PASSED] - Search_Trader_Location = data.getValue("tradeNameLocation", row): null

2020-04-16 08:56:48 - [TEST_STEP][PASSED] - Search_Trade_Clasification = data.getValue("tradeClassification", row): null

2020-04-16 08:56:48 - [TEST_STEP][PASSED] - "------------------------------------------------------------------------": null

2020-04-16 08:56:48 - [TEST_STEP][PASSED] - "VALUES - 1 = Enter Trade Location Status - 2 = 404 No File or Directory |": null

2020-04-16 08:56:48 - [TEST_STEP][PASSED] - Flag_Search_Location_Error = "0": null

2020-04-16 08:56:48 - [TEST_STEP][PASSED] - delay(1): Delayed 1 second(s)

2020-04-16 08:56:49 - [MESSAGE][PASSED] - Delayed 1 second(s)

2020-04-16 08:56:49 - [TEST_STEP][PASSED] - waitForPageLoad(60): Wait for page load successfully

2020-04-16 08:56:49 - [MESSAGE][PASSED] - Wait for page load successfully

2020-04-16 08:56:49 - [TEST_STEP][PASSED] - "-------------------------------------------------------------------------------------------------------------------------": null

2020-04-16 08:56:49 - [TEST_STEP][PASSED] - "Scenario 1 - Location, Incorrect Numeric Value or Postcode Returns Highlighted (RED) Text Please enter a valid Location  |": null

2020-04-16 08:56:49 - [TEST_STEP][PASSED] - try: null

2020-04-16 08:56:49 - [TEST_STEP][PASSED] - verifyTextPresent("Please enter a trade and a location", false, OPTIONAL): Text 'Please enter a trade and a location' is not present on page  (Root cause: com.kms.katalon.core.exception.StepFailedException: Text 'Please enter a trade and a location' is not present on page 
	at com.kms.katalon.core.webui.keyword.internal.WebUIKeywordMain.stepFailed(WebUIKeywordMain.groovy:64)
	at com.kms.katalon.core.webui.keyword.builtin.VerifyTextPresentKeyword$_verifyTextPresent_closure1.doCall(VerifyTextPresentKeyword.groovy:79)
	at com.kms.katalon.core.webui.keyword.builtin.VerifyTextPresentKeyword$_verifyTextPresent_closure1.call(VerifyTextPresentKeyword.groovy)
	at com.kms.katalon.core.webui.keyword.internal.WebUIKeywordMain.runKeyword(WebUIKeywordMain.groovy:20)
	at com.kms.katalon.core.webui.keyword.builtin.VerifyTextPresentKeyword.verifyTextPresent(VerifyTextPresentKeyword.groovy:83)
	at com.kms.katalon.core.webui.keyword.builtin.VerifyTextPresentKeyword.execute(VerifyTextPresentKeyword.groovy:68)
	at com.kms.katalon.core.keyword.internal.KeywordExecutor.executeKeywordForPlatform(KeywordExecutor.groovy:72)
	at com.kms.katalon.core.webui.keyword.WebUiBuiltInKeywords.verifyTextPresent(WebUiBuiltInKeywords.groovy:1703)
	at com.kms.katalon.core.webui.keyword.WebUiBuiltInKeywords$verifyTextPresent$13.call(Unknown Source)
	at CAT_Search_Location_Not_Returned.run(CAT_Search_Location_Not_Returned:42)
	at com.kms.katalon.core.main.ScriptEngine.run(ScriptEngine.java:194)
	at com.kms.katalon.core.main.ScriptEngine.runScriptAsRawText(ScriptEngine.java:119)
	at com.kms.katalon.core.main.TestCaseExecutor.runScript(TestCaseExecutor.java:337)
	at com.kms.katalon.core.main.TestCaseExecutor.doExecute(TestCaseExecutor.java:328)
	at com.kms.katalon.core.main.TestCaseExecutor.processExecutionPhase(TestCaseExecutor.java:307)
	at com.kms.katalon.core.main.TestCaseExecutor.accessMainPhase(TestCaseExecutor.java:299)
	at com.kms.katalon.core.main.TestCaseExecutor.execute(TestCaseExecutor.java:233)
	at com.kms.katalon.core.main.TestCaseMain.runTestCase(TestCaseMain.java:114)
	at com.kms.katalon.core.keyword.builtin.CallTestCaseKeyword$_callTestCase_closure1.doCall(CallTestCaseKeyword.groovy:59)
	at com.kms.katalon.core.keyword.builtin.CallTestCaseKeyword$_callTestCase_closure1.call(CallTestCaseKeyword.groovy)
	at com.kms.katalon.core.keyword.internal.KeywordMain.runKeyword(KeywordMain.groovy:68)
	at com.kms.katalon.core.keyword.builtin.CallTestCaseKeyword.callTestCase(CallTestCaseKeyword.groovy:81)
	at com.kms.katalon.core.keyword.builtin.CallTestCaseKeyword.execute(CallTestCaseKeyword.groovy:44)
	at com.kms.katalon.core.keyword.internal.KeywordExecutor.executeKeywordForPlatform(KeywordExecutor.groovy:72)
	at com.kms.katalon.core.keyword.BuiltinKeywords.callTestCase(BuiltinKeywords.groovy:334)
	at Trader_Location_Not_Listed.run(Trader_Location_Not_Listed:87)
	at com.kms.katalon.core.main.ScriptEngine.run(ScriptEngine.java:194)
	at com.kms.katalon.core.main.ScriptEngine.runScriptAsRawText(ScriptEngine.java:119)
	at com.kms.katalon.core.main.TestCaseExecutor.runScript(TestCaseExecutor.java:337)
	at com.kms.katalon.core.main.TestCaseExecutor.doExecute(TestCaseExecutor.java:328)
	at com.kms.katalon.core.main.TestCaseExecutor.processExecutionPhase(TestCaseExecutor.java:307)
	at com.kms.katalon.core.main.TestCaseExecutor.accessMainPhase(TestCaseExecutor.java:299)
	at com.kms.katalon.core.main.TestCaseExecutor.execute(TestCaseExecutor.java:233)
	at com.kms.katalon.core.main.TestSuiteExecutor.accessTestCaseMainPhase(TestSuiteExecutor.java:169)
	at com.kms.katalon.core.main.TestSuiteExecutor.accessTestSuiteMainPhase(TestSuiteExecutor.java:142)
	at com.kms.katalon.core.main.TestSuiteExecutor.execute(TestSuiteExecutor.java:91)
	at com.kms.katalon.core.main.TestCaseMain.startTestSuite(TestCaseMain.java:157)
	at com.kms.katalon.core.main.TestCaseMain$startTestSuite$0.call(Unknown Source)
	at TempTestSuite1587023610989.run(TempTestSuite1587023610989.groovy:36)
)

2020-04-16 08:56:49 - [MESSAGE][WARNING] - Text 'Please enter a trade and a location' is not present on page  (Root cause: com.kms.katalon.core.exception.StepFailedException: Text 'Please enter a trade and a location' is not present on page 
	at com.kms.katalon.core.webui.keyword.internal.WebUIKeywordMain.stepFailed(WebUIKeywordMain.groovy:64)
	at com.kms.katalon.core.webui.keyword.builtin.VerifyTextPresentKeyword$_verifyTextPresent_closure1.doCall(VerifyTextPresentKeyword.groovy:79)
	at com.kms.katalon.core.webui.keyword.builtin.VerifyTextPresentKeyword$_verifyTextPresent_closure1.call(VerifyTextPresentKeyword.groovy)
	at com.kms.katalon.core.webui.keyword.internal.WebUIKeywordMain.runKeyword(WebUIKeywordMain.groovy:20)
	at com.kms.katalon.core.webui.keyword.builtin.VerifyTextPresentKeyword.verifyTextPresent(VerifyTextPresentKeyword.groovy:83)
	at com.kms.katalon.core.webui.keyword.builtin.VerifyTextPresentKeyword.execute(VerifyTextPresentKeyword.groovy:68)
	at com.kms.katalon.core.keyword.internal.KeywordExecutor.executeKeywordForPlatform(KeywordExecutor.groovy:72)
	at com.kms.katalon.core.webui.keyword.WebUiBuiltInKeywords.verifyTextPresent(WebUiBuiltInKeywords.groovy:1703)
	at com.kms.katalon.core.webui.keyword.WebUiBuiltInKeywords$verifyTextPresent$13.call(Unknown Source)
	at CAT_Search_Location_Not_Returned.run(CAT_Search_Location_Not_Returned:42)
	at com.kms.katalon.core.main.ScriptEngine.run(ScriptEngine.java:194)
	at com.kms.katalon.core.main.ScriptEngine.runScriptAsRawText(ScriptEngine.java:119)
	at com.kms.katalon.core.main.TestCaseExecutor.runScript(TestCaseExecutor.java:337)
	at com.kms.katalon.core.main.TestCaseExecutor.doExecute(TestCaseExecutor.java:328)
	at com.kms.katalon.core.main.TestCaseExecutor.processExecutionPhase(TestCaseExecutor.java:307)
	at com.kms.katalon.core.main.TestCaseExecutor.accessMainPhase(TestCaseExecutor.java:299)
	at com.kms.katalon.core.main.TestCaseExecutor.execute(TestCaseExecutor.java:233)
	at com.kms.katalon.core.main.TestCaseMain.runTestCase(TestCaseMain.java:114)
	at com.kms.katalon.core.keyword.builtin.CallTestCaseKeyword$_callTestCase_closure1.doCall(CallTestCaseKeyword.groovy:59)
	at com.kms.katalon.core.keyword.builtin.CallTestCaseKeyword$_callTestCase_closure1.call(CallTestCaseKeyword.groovy)
	at com.kms.katalon.core.keyword.internal.KeywordMain.runKeyword(KeywordMain.groovy:68)
	at com.kms.katalon.core.keyword.builtin.CallTestCaseKeyword.callTestCase(CallTestCaseKeyword.groovy:81)
	at com.kms.katalon.core.keyword.builtin.CallTestCaseKeyword.execute(CallTestCaseKeyword.groovy:44)
	at com.kms.katalon.core.keyword.internal.KeywordExecutor.executeKeywordForPlatform(KeywordExecutor.groovy:72)
	at com.kms.katalon.core.keyword.BuiltinKeywords.callTestCase(BuiltinKeywords.groovy:334)
	at Trader_Location_Not_Listed.run(Trader_Location_Not_Listed:87)
	at com.kms.katalon.core.main.ScriptEngine.run(ScriptEngine.java:194)
	at com.kms.katalon.core.main.ScriptEngine.runScriptAsRawText(ScriptEngine.java:119)
	at com.kms.katalon.core.main.TestCaseExecutor.runScript(TestCaseExecutor.java:337)
	at com.kms.katalon.core.main.TestCaseExecutor.doExecute(TestCaseExecutor.java:328)
	at com.kms.katalon.core.main.TestCaseExecutor.processExecutionPhase(TestCaseExecutor.java:307)
	at com.kms.katalon.core.main.TestCaseExecutor.accessMainPhase(TestCaseExecutor.java:299)
	at com.kms.katalon.core.main.TestCaseExecutor.execute(TestCaseExecutor.java:233)
	at com.kms.katalon.core.main.TestSuiteExecutor.accessTestCaseMainPhase(TestSuiteExecutor.java:169)
	at com.kms.katalon.core.main.TestSuiteExecutor.accessTestSuiteMainPhase(TestSuiteExecutor.java:142)
	at com.kms.katalon.core.main.TestSuiteExecutor.execute(TestSuiteExecutor.java:91)
	at com.kms.katalon.core.main.TestCaseMain.startTestSuite(TestCaseMain.java:157)
	at com.kms.katalon.core.main.TestCaseMain$startTestSuite$0.call(Unknown Source)
	at TempTestSuite1587023610989.run(TempTestSuite1587023610989.groovy:36)
)

2020-04-16 08:56:49 - [TEST_STEP][PASSED] - Flag_Search_Location_Error = "1": null

2020-04-16 08:56:49 - [TEST_STEP][PASSED] - "-----------------------------------------------------------------------------------------------------------------------------------": null

2020-04-16 08:56:49 - [TEST_STEP][PASSED] - "Scenario 2 - Location, Incorrect or Non Existing Data Beyond the Realms of the Database - Return 404 - File or Directory NOT FOUND |": null

2020-04-16 08:56:49 - [TEST_STEP][PASSED] - try: null

2020-04-16 08:56:49 - [TEST_STEP][PASSED] - verifyTextPresent("404 - File or directory not found", false, OPTIONAL): Text '404 - File or directory not found' is present on page 

2020-04-16 08:56:49 - [MESSAGE][PASSED] - Text '404 - File or directory not found' is present on page 

2020-04-16 08:56:49 - [TEST_STEP][PASSED] - Flag_Search_Location_Error = "2": null

2020-04-16 08:56:49 - [TEST_STEP][PASSED] - if (Flag_Search_Location_Error == "1"): null

2020-04-16 08:56:49 - [TEST_STEP][PASSED] - if (Flag_Search_Location_Error == "2"): Error 404 Reported as Expected, Resource Unavailable

2020-04-16 08:56:49 - [TEST_STEP][PASSED] - markPassed("Error 404 Reported as Expected, Resource Unavailable"): Error 404 Reported as Expected, Resource Unavailable

2020-04-16 08:56:49 - [MESSAGE][PASSED] - Error 404 Reported as Expected, Resource Unavailable

2020-04-16 08:56:49 - [TEST_STEP][PASSED] - if (Flag_Search_Location_Error == "0"): null

2020-04-16 08:56:49 - [TEST_STEP][PASSED] - if (Flag_Search_Location_Error > "0"): Invalid Location was Correctly Highlighted for Trade Type <Diagnostic Testing> Based in <Kirkwall>

2020-04-16 08:56:49 - [TEST_STEP][PASSED] - markPassed("Invalid Location was Correctly Highlighted for Trade Type <" + Search_Trade_Clasification + "> Based in <" + Search_Trader_Location + ">"): Invalid Location was Correctly Highlighted for Trade Type <Diagnostic Testing> Based in <Kirkwall>

2020-04-16 08:56:49 - [MESSAGE][PASSED] - Invalid Location was Correctly Highlighted for Trade Type <Diagnostic Testing> Based in <Kirkwall>

2020-04-16 08:56:49 - [MESSAGE][PASSED] - Call Test Case 'Test Cases/Reusable_Test_Sequences/CAT_Search_Location_Not_Returned' successfully

2020-04-16 08:56:49 - [TEST_STEP][PASSED] - "--------------------------": null

2020-04-16 08:56:49 - [TEST_STEP][PASSED] - " Teardown - CLose Browser |": null

2020-04-16 08:56:49 - [TEST_STEP][PASSED] - callTestCase(findTestCase("Reusable_Test_Sequences/CAT_Teardown"), [:], OPTIONAL): Call Test Case 'Test Cases/Reusable_Test_Sequences/CAT_Teardown' successfully

2020-04-16 08:56:49 - [TEST_CASE][PASSED] - Test Cases/Reusable_Test_Sequences/CAT_Teardown: Test Cases/Reusable_Test_Sequences/CAT_Teardown

2020-04-16 08:56:49 - [TEST_STEP][PASSED] - closeBrowser(): Browser is closed

2020-04-16 08:56:50 - [MESSAGE][PASSED] - Browser is closed

2020-04-16 08:56:50 - [TEST_STEP][PASSED] - super.finalize(): null

2020-04-16 08:56:50 - [TEST_STEP][PASSED] - System.gc(): null

2020-04-16 08:56:50 - [MESSAGE][PASSED] - Call Test Case 'Test Cases/Reusable_Test_Sequences/CAT_Teardown' successfully

2020-04-16 08:56:50 - [TEST_STEP][PASSED] - callTestCase(findTestCase("Reusable_Test_Sequences/CAT_Setup"), [:], STOP_ON_FAILURE): Call Test Case 'Test Cases/Reusable_Test_Sequences/CAT_Setup' successfully

2020-04-16 08:56:50 - [TEST_CASE][PASSED] - Test Cases/Reusable_Test_Sequences/CAT_Setup: Test Cases/Reusable_Test_Sequences/CAT_Setup

2020-04-16 08:56:50 - [TEST_STEP][PASSED] - "------------------------------": null

2020-04-16 08:56:50 - [TEST_STEP][PASSED] - " Set Mobile Device Testing    |": null

2020-04-16 08:56:50 - [TEST_STEP][PASSED] - if (Mobile_Flag == "true"): null

2020-04-16 08:56:50 - [TEST_STEP][PASSED] - "------------------------------": null

2020-04-16 08:56:50 - [TEST_STEP][PASSED] - " Set Mobile Device Testing    |": null

2020-04-16 08:56:50 - [TEST_STEP][PASSED] - "------------------------------": null

2020-04-16 08:56:50 - [TEST_STEP][PASSED] - "URL - Set from the ENVIRONMENT PROFILE ": null

2020-04-16 08:56:50 - [TEST_STEP][PASSED] - openBrowser(URL): Browser is opened with url: 'https://www.preview.checkatrade.com/'

2020-04-16 08:56:50 - [MESSAGE][INFO] - Starting 'Chrome' driver

2020-04-16 08:56:50 - [MESSAGE][INFO] - Action delay is set to 0 milliseconds

2020-04-16 08:56:56 - [MESSAGE][PASSED] - Browser is opened with url: 'https://www.preview.checkatrade.com/'

2020-04-16 08:56:56 - [TEST_STEP][PASSED] - maximizeWindow(): Current window maximized

2020-04-16 08:56:58 - [MESSAGE][PASSED] - Current window maximized

2020-04-16 08:56:58 - [TEST_STEP][PASSED] - waitForPageLoad(60): Wait for page load successfully

2020-04-16 08:56:58 - [MESSAGE][PASSED] - Wait for page load successfully

2020-04-16 08:56:58 - [TEST_STEP][PASSED] - "Previous Functionalilty Left Commented For Ease Of reversion": null

2020-04-16 08:56:58 - [TEST_STEP][PASSED] - " Katalon Try/Catches currently have issues? SEE HEADER": null

2020-04-16 08:56:58 - [TEST_STEP][PASSED] - try: Text 'Cookie Policy' is not present on page

2020-04-16 08:56:58 - [TEST_STEP][PASSED] - verifyElementPresent(findTestObject("Object Repository/Cookies/Page_Checkatrade Find a tradesperson you can trust/button_Accept All"), 5, OPTIONAL): Object 'Object Repository/Cookies/Page_Checkatrade Find a tradesperson you can trust/button_Accept All' is present

2020-04-16 08:56:58 - [MESSAGE][PASSED] - Object 'Object Repository/Cookies/Page_Checkatrade Find a tradesperson you can trust/button_Accept All' is present

2020-04-16 08:56:58 - [TEST_STEP][PASSED] - click(findTestObject("Object Repository/Cookies/Page_Checkatrade Find a tradesperson you can trust/button_Accept All"), OPTIONAL): Object: 'Object Repository/Cookies/Page_Checkatrade Find a tradesperson you can trust/button_Accept All' is clicked on

2020-04-16 08:56:58 - [MESSAGE][PASSED] - Object: 'Object Repository/Cookies/Page_Checkatrade Find a tradesperson you can trust/button_Accept All' is clicked on

2020-04-16 08:56:58 - [TEST_STEP][PASSED] - "---------------------------------": null

2020-04-16 08:56:58 - [TEST_STEP][PASSED] - "COOKIE POPOUT REMOVED - Confirmed": null

2020-04-16 08:56:58 - [TEST_STEP][PASSED] - delay(1): Delayed 1 second(s)

2020-04-16 08:56:59 - [MESSAGE][PASSED] - Delayed 1 second(s)

2020-04-16 08:56:59 - [TEST_STEP][PASSED] - verifyTextNotPresent("We use cookies to personalise content and ads, to provide social media features and to analyse our traffic", false): Text 'We use cookies to personalise content and ads, to provide social media features and to analyse our traffic' is not present on page

2020-04-16 08:57:00 - [MESSAGE][PASSED] - Text 'We use cookies to personalise content and ads, to provide social media features and to analyse our traffic' is not present on page

2020-04-16 08:57:00 - [TEST_STEP][PASSED] - verifyTextNotPresent(" We also share information about your use of our site with our social media, advertising and analytics partners", false): Text ' We also share information about your use of our site with our social media, advertising and analytics partners' is not present on page

2020-04-16 08:57:00 - [MESSAGE][PASSED] - Text ' We also share information about your use of our site with our social media, advertising and analytics partners' is not present on page

2020-04-16 08:57:00 - [TEST_STEP][PASSED] - verifyTextNotPresent("Cookie Policy", false): Text 'Cookie Policy' is not present on page

2020-04-16 08:57:00 - [MESSAGE][PASSED] - Text 'Cookie Policy' is not present on page

2020-04-16 08:57:00 - [TEST_STEP][PASSED] - waitForPageLoad(60): Wait for page load successfully

2020-04-16 08:57:00 - [MESSAGE][PASSED] - Wait for page load successfully

2020-04-16 08:57:00 - [TEST_STEP][PASSED] - "COOKIE - ORIGINAL": null

2020-04-16 08:57:00 - [TEST_STEP][PASSED] - if (waitForElementVisible(findTestObject("Object Repository/Feedback/Page_Checkatrade Give your feedback/input_Member_to_Review"), 5)): Web element with id: 'Object Repository/Feedback/Page_Checkatrade Give your feedback/input_Member_to_Review' located by 'By.xpath: //input[@id='feedback-form__company_autocomplete_input']' not found

2020-04-16 08:57:05 - [MESSAGE][INFO] - Unable to find the element located by 'By.xpath: //input[@id='feedback-form__company_autocomplete_input']'. Please recheck the objects properties to make sure the desired element is located. 

2020-04-16 08:57:05 - [MESSAGE][WARNING] - Web element with id: 'Object Repository/Feedback/Page_Checkatrade Give your feedback/input_Member_to_Review' located by 'By.xpath: //input[@id='feedback-form__company_autocomplete_input']' not found

2020-04-16 08:57:05 - [TEST_STEP][PASSED] - else: The <<<OLD>>> Website was detected by the STARTUP Process

2020-04-16 08:57:05 - [TEST_STEP][PASSED] - if (!(verifyElementVisible(findTestObject("Object Repository/Checkatrade_Trade_Search_Page/Page_Checkatrade Find a tradesperson you can trust/input_Search_Button_FF")))): Object 'Object Repository/Checkatrade_Trade_Search_Page/Page_Checkatrade Find a tradesperson you can trust/input_Search_Button_FF' is visible

2020-04-16 08:57:05 - [MESSAGE][PASSED] - Object 'Object Repository/Checkatrade_Trade_Search_Page/Page_Checkatrade Find a tradesperson you can trust/input_Search_Button_FF' is visible

2020-04-16 08:57:05 - [TEST_STEP][PASSED] - else: The <<<OLD>>> Website was detected by the STARTUP Process

2020-04-16 08:57:05 - [TEST_STEP][PASSED] - Website_Version = "old": null

2020-04-16 08:57:05 - [TEST_STEP][PASSED] - logInfo("The <<<OLD>>> Website was detected by the STARTUP Process"): The <<<OLD>>> Website was detected by the STARTUP Process

2020-04-16 08:57:05 - [MESSAGE][INFO] - The <<<OLD>>> Website was detected by the STARTUP Process

2020-04-16 08:57:05 - [MESSAGE][PASSED] - Call Test Case 'Test Cases/Reusable_Test_Sequences/CAT_Setup' successfully

2020-04-16 08:57:05 - [TEST_STEP][PASSED] - " Home Page validation Checks after COOKIE Dispelled NOT REQUIRED IN THIS INSTANCE": null

2020-04-16 08:57:05 - [TEST_STEP][PASSED] - "---------------------------------------": null

2020-04-16 08:57:05 - [TEST_STEP][PASSED] - " Set and SEARCH TRADE CLASSIFICATION   |": null

2020-04-16 08:57:05 - [TEST_STEP][PASSED] - callTestCase(findTestCase("Reusable_Test_Sequences/CAT_Enter_Trade_Classification_NEG"), [:], CONTINUE_ON_FAILURE): Call Test Case 'Test Cases/Reusable_Test_Sequences/CAT_Enter_Trade_Classification_NEG' successfully

2020-04-16 08:57:05 - [TEST_CASE][PASSED] - Test Cases/Reusable_Test_Sequences/CAT_Enter_Trade_Classification_NEG: Test Cases/Reusable_Test_Sequences/CAT_Enter_Trade_Classification_NEG

2020-04-16 08:57:05 - [TEST_STEP][PASSED] - "---------------------------------": null

2020-04-16 08:57:05 - [TEST_STEP][PASSED] - "Set and SEARCH SELECTED TRADE": null

2020-04-16 08:57:05 - [TEST_STEP][PASSED] - if (Website_Version == "new"): null

2020-04-16 08:57:05 - [TEST_STEP][PASSED] - else: Text 'Miscellaneous Services' is set on object 'Object Repository/Checkatrade_Trade_Search_Page/Page_Checkatrade Find a tradesperson you can trust/input_Search_Button_FF'

2020-04-16 08:57:05 - [TEST_STEP][PASSED] - click(findTestObject("Object Repository/Checkatrade_Trade_Search_Page/Page_Checkatrade Find a tradesperson you can trust/input_Search_Button_FF")): Object: 'Object Repository/Checkatrade_Trade_Search_Page/Page_Checkatrade Find a tradesperson you can trust/input_Search_Button_FF' is clicked on

2020-04-16 08:57:06 - [MESSAGE][PASSED] - Object: 'Object Repository/Checkatrade_Trade_Search_Page/Page_Checkatrade Find a tradesperson you can trust/input_Search_Button_FF' is clicked on

2020-04-16 08:57:06 - [TEST_STEP][PASSED] - setText(findTestObject("Object Repository/Checkatrade_Trade_Search_Page/Page_Checkatrade Find a tradesperson you can trust/input_Search_Button_FF"), findTestData("Search_Trader_Location_Data_NEG").getValue("tradeClassification", row)): Text 'Miscellaneous Services' is set on object 'Object Repository/Checkatrade_Trade_Search_Page/Page_Checkatrade Find a tradesperson you can trust/input_Search_Button_FF'

2020-04-16 08:57:06 - [MESSAGE][PASSED] - Text 'Miscellaneous Services' is set on object 'Object Repository/Checkatrade_Trade_Search_Page/Page_Checkatrade Find a tradesperson you can trust/input_Search_Button_FF'

2020-04-16 08:57:06 - [MESSAGE][PASSED] - Call Test Case 'Test Cases/Reusable_Test_Sequences/CAT_Enter_Trade_Classification_NEG' successfully

2020-04-16 08:57:06 - [TEST_STEP][PASSED] - "---------------------------------------": null

2020-04-16 08:57:06 - [TEST_STEP][PASSED] - " Set and SEARCH TRADE LOCATION         |": null

2020-04-16 08:57:06 - [TEST_STEP][PASSED] - callTestCase(findTestCase("Reusable_Test_Sequences/CAT_Enter_Trade_Location_NEG"), [:], CONTINUE_ON_FAILURE): Call Test Case 'Test Cases/Reusable_Test_Sequences/CAT_Enter_Trade_Location_NEG' successfully

2020-04-16 08:57:06 - [TEST_CASE][PASSED] - Test Cases/Reusable_Test_Sequences/CAT_Enter_Trade_Location_NEG: Test Cases/Reusable_Test_Sequences/CAT_Enter_Trade_Location_NEG

2020-04-16 08:57:06 - [TEST_STEP][PASSED] - "---------------------------------": null

2020-04-16 08:57:06 - [TEST_STEP][PASSED] - "Set and SEARCH SELECTED LOCATION |": null

2020-04-16 08:57:06 - [TEST_STEP][PASSED] - if (Website_Version != "new"): Text 'Limerick' is set on object 'Object Repository/Checkatrade_Trade_Search_Page/Page_Checkatrade Find a tradesperson you can trust/input_Not here_location'

2020-04-16 08:57:06 - [TEST_STEP][PASSED] - click(findTestObject("Object Repository/Checkatrade_Trade_Search_Page/Page_Checkatrade Find a tradesperson you can trust/input_Not here_location")): Object: 'Object Repository/Checkatrade_Trade_Search_Page/Page_Checkatrade Find a tradesperson you can trust/input_Not here_location' is clicked on

2020-04-16 08:57:06 - [MESSAGE][PASSED] - Object: 'Object Repository/Checkatrade_Trade_Search_Page/Page_Checkatrade Find a tradesperson you can trust/input_Not here_location' is clicked on

2020-04-16 08:57:06 - [TEST_STEP][PASSED] - setText(findTestObject("Object Repository/Checkatrade_Trade_Search_Page/Page_Checkatrade Find a tradesperson you can trust/input_Not here_location"), findTestData("Search_Trader_Location_Data_NEG").getValue("tradeNameLocation", row)): Text 'Limerick' is set on object 'Object Repository/Checkatrade_Trade_Search_Page/Page_Checkatrade Find a tradesperson you can trust/input_Not here_location'

2020-04-16 08:57:06 - [MESSAGE][PASSED] - Text 'Limerick' is set on object 'Object Repository/Checkatrade_Trade_Search_Page/Page_Checkatrade Find a tradesperson you can trust/input_Not here_location'

2020-04-16 08:57:06 - [TEST_STEP][PASSED] - if (verifyTextNotPresent("Sorry, no results found", false)): null

2020-04-16 08:57:06 - [MESSAGE][PASSED] - Text 'Sorry, no results found' is not present on page

2020-04-16 08:57:06 - [TEST_STEP][PASSED] - markPassed("The Expected Lookup Result(s) ARE being returned by the Lookup Service, AS EXPECTED"): The Expected Lookup Result(s) ARE being returned by the Lookup Service, AS EXPECTED

2020-04-16 08:57:06 - [MESSAGE][PASSED] - The Expected Lookup Result(s) ARE being returned by the Lookup Service, AS EXPECTED

2020-04-16 08:57:06 - [MESSAGE][PASSED] - Call Test Case 'Test Cases/Reusable_Test_Sequences/CAT_Enter_Trade_Location_NEG' successfully

2020-04-16 08:57:06 - [TEST_STEP][PASSED] - "---------------------------------------": null

2020-04-16 08:57:06 - [TEST_STEP][PASSED] - " Scroll Search Button into View        |": null

2020-04-16 08:57:06 - [TEST_STEP][PASSED] - "---------------------------------------": null

2020-04-16 08:57:06 - [TEST_STEP][PASSED] - "---------------------------------------": null

2020-04-16 08:57:06 - [TEST_STEP][PASSED] - " Hit Search Button                     |": null

2020-04-16 08:57:06 - [TEST_STEP][PASSED] - callTestCase(findTestCase("Reusable_Test_Sequences/CAT_Hit_Search_Button"), [:], CONTINUE_ON_FAILURE): Call Test Case 'Test Cases/Reusable_Test_Sequences/CAT_Hit_Search_Button' successfully

2020-04-16 08:57:06 - [TEST_CASE][PASSED] - Test Cases/Reusable_Test_Sequences/CAT_Hit_Search_Button: Test Cases/Reusable_Test_Sequences/CAT_Hit_Search_Button

2020-04-16 08:57:07 - [TEST_STEP][PASSED] - "---------------------------------": null

2020-04-16 08:57:07 - [TEST_STEP][PASSED] - "HIT SEARCH": null

2020-04-16 08:57:07 - [TEST_STEP][PASSED] - "---------------------------------": null

2020-04-16 08:57:07 - [TEST_STEP][PASSED] - if (Website_Version == "new"): null

2020-04-16 08:57:07 - [TEST_STEP][PASSED] - else: Object: 'Object Repository/Page_Checkatrade Find a tradesperson you can trust/a_Search' is clicked on

2020-04-16 08:57:07 - [TEST_STEP][PASSED] - waitForElementClickable(findTestObject("Object Repository/Page_Checkatrade Find a tradesperson you can trust/a_Search"), 25): Object 'Object Repository/Page_Checkatrade Find a tradesperson you can trust/a_Search' is clickable

2020-04-16 08:57:07 - [MESSAGE][PASSED] - Object 'Object Repository/Page_Checkatrade Find a tradesperson you can trust/a_Search' is clickable

2020-04-16 08:57:07 - [TEST_STEP][PASSED] - click(findTestObject("Object Repository/Page_Checkatrade Find a tradesperson you can trust/a_Search")): Object: 'Object Repository/Page_Checkatrade Find a tradesperson you can trust/a_Search' is clicked on

2020-04-16 08:57:07 - [MESSAGE][PASSED] - Object: 'Object Repository/Page_Checkatrade Find a tradesperson you can trust/a_Search' is clicked on

2020-04-16 08:57:07 - [MESSAGE][PASSED] - Call Test Case 'Test Cases/Reusable_Test_Sequences/CAT_Hit_Search_Button' successfully

2020-04-16 08:57:07 - [TEST_STEP][PASSED] - "------------------------------------------": null

2020-04-16 08:57:07 - [TEST_STEP][PASSED] - " Expected ERROR Reported                  |": null

2020-04-16 08:57:07 - [TEST_STEP][PASSED] - callTestCase(findTestCase("Reusable_Test_Sequences/CAT_Search_Location_Not_Returned"), [:], CONTINUE_ON_FAILURE): Call Test Case 'Test Cases/Reusable_Test_Sequences/CAT_Search_Location_Not_Returned' successfully

2020-04-16 08:57:07 - [TEST_CASE][PASSED] - Test Cases/Reusable_Test_Sequences/CAT_Search_Location_Not_Returned: Test Cases/Reusable_Test_Sequences/CAT_Search_Location_Not_Returned

2020-04-16 08:57:07 - [TEST_STEP][PASSED] - "For later Extension": null

2020-04-16 08:57:07 - [TEST_STEP][PASSED] - "--------------------------------": null

2020-04-16 08:57:07 - [TEST_STEP][PASSED] - "Read data from spreadsheet      | r_ = Returned Data": null

2020-04-16 08:57:07 - [TEST_STEP][PASSED] - data = findTestData("Data Files/Search_Trader_Location_Data_NEG"): null

2020-04-16 08:57:07 - [TEST_STEP][PASSED] - Search_Trader_Location = data.getValue("tradeNameLocation", row): null

2020-04-16 08:57:07 - [TEST_STEP][PASSED] - Search_Trade_Clasification = data.getValue("tradeClassification", row): null

2020-04-16 08:57:07 - [TEST_STEP][PASSED] - "------------------------------------------------------------------------": null

2020-04-16 08:57:07 - [TEST_STEP][PASSED] - "VALUES - 1 = Enter Trade Location Status - 2 = 404 No File or Directory |": null

2020-04-16 08:57:07 - [TEST_STEP][PASSED] - Flag_Search_Location_Error = "0": null

2020-04-16 08:57:07 - [TEST_STEP][PASSED] - delay(1): Delayed 1 second(s)

2020-04-16 08:57:08 - [MESSAGE][PASSED] - Delayed 1 second(s)

2020-04-16 08:57:08 - [TEST_STEP][PASSED] - waitForPageLoad(60): Wait for page load successfully

2020-04-16 08:57:08 - [MESSAGE][PASSED] - Wait for page load successfully

2020-04-16 08:57:08 - [TEST_STEP][PASSED] - "-------------------------------------------------------------------------------------------------------------------------": null

2020-04-16 08:57:08 - [TEST_STEP][PASSED] - "Scenario 1 - Location, Incorrect Numeric Value or Postcode Returns Highlighted (RED) Text Please enter a valid Location  |": null

2020-04-16 08:57:08 - [TEST_STEP][PASSED] - try: null

2020-04-16 08:57:08 - [TEST_STEP][PASSED] - verifyTextPresent("Please enter a trade and a location", false, OPTIONAL): Text 'Please enter a trade and a location' is not present on page  (Root cause: com.kms.katalon.core.exception.StepFailedException: Text 'Please enter a trade and a location' is not present on page 
	at com.kms.katalon.core.webui.keyword.internal.WebUIKeywordMain.stepFailed(WebUIKeywordMain.groovy:64)
	at com.kms.katalon.core.webui.keyword.builtin.VerifyTextPresentKeyword$_verifyTextPresent_closure1.doCall(VerifyTextPresentKeyword.groovy:79)
	at com.kms.katalon.core.webui.keyword.builtin.VerifyTextPresentKeyword$_verifyTextPresent_closure1.call(VerifyTextPresentKeyword.groovy)
	at com.kms.katalon.core.webui.keyword.internal.WebUIKeywordMain.runKeyword(WebUIKeywordMain.groovy:20)
	at com.kms.katalon.core.webui.keyword.builtin.VerifyTextPresentKeyword.verifyTextPresent(VerifyTextPresentKeyword.groovy:83)
	at com.kms.katalon.core.webui.keyword.builtin.VerifyTextPresentKeyword.execute(VerifyTextPresentKeyword.groovy:68)
	at com.kms.katalon.core.keyword.internal.KeywordExecutor.executeKeywordForPlatform(KeywordExecutor.groovy:72)
	at com.kms.katalon.core.webui.keyword.WebUiBuiltInKeywords.verifyTextPresent(WebUiBuiltInKeywords.groovy:1703)
	at com.kms.katalon.core.webui.keyword.WebUiBuiltInKeywords$verifyTextPresent$13.call(Unknown Source)
	at CAT_Search_Location_Not_Returned.run(CAT_Search_Location_Not_Returned:42)
	at com.kms.katalon.core.main.ScriptEngine.run(ScriptEngine.java:194)
	at com.kms.katalon.core.main.ScriptEngine.runScriptAsRawText(ScriptEngine.java:119)
	at com.kms.katalon.core.main.TestCaseExecutor.runScript(TestCaseExecutor.java:337)
	at com.kms.katalon.core.main.TestCaseExecutor.doExecute(TestCaseExecutor.java:328)
	at com.kms.katalon.core.main.TestCaseExecutor.processExecutionPhase(TestCaseExecutor.java:307)
	at com.kms.katalon.core.main.TestCaseExecutor.accessMainPhase(TestCaseExecutor.java:299)
	at com.kms.katalon.core.main.TestCaseExecutor.execute(TestCaseExecutor.java:233)
	at com.kms.katalon.core.main.TestCaseMain.runTestCase(TestCaseMain.java:114)
	at com.kms.katalon.core.keyword.builtin.CallTestCaseKeyword$_callTestCase_closure1.doCall(CallTestCaseKeyword.groovy:59)
	at com.kms.katalon.core.keyword.builtin.CallTestCaseKeyword$_callTestCase_closure1.call(CallTestCaseKeyword.groovy)
	at com.kms.katalon.core.keyword.internal.KeywordMain.runKeyword(KeywordMain.groovy:68)
	at com.kms.katalon.core.keyword.builtin.CallTestCaseKeyword.callTestCase(CallTestCaseKeyword.groovy:81)
	at com.kms.katalon.core.keyword.builtin.CallTestCaseKeyword.execute(CallTestCaseKeyword.groovy:44)
	at com.kms.katalon.core.keyword.internal.KeywordExecutor.executeKeywordForPlatform(KeywordExecutor.groovy:72)
	at com.kms.katalon.core.keyword.BuiltinKeywords.callTestCase(BuiltinKeywords.groovy:334)
	at Trader_Location_Not_Listed.run(Trader_Location_Not_Listed:87)
	at com.kms.katalon.core.main.ScriptEngine.run(ScriptEngine.java:194)
	at com.kms.katalon.core.main.ScriptEngine.runScriptAsRawText(ScriptEngine.java:119)
	at com.kms.katalon.core.main.TestCaseExecutor.runScript(TestCaseExecutor.java:337)
	at com.kms.katalon.core.main.TestCaseExecutor.doExecute(TestCaseExecutor.java:328)
	at com.kms.katalon.core.main.TestCaseExecutor.processExecutionPhase(TestCaseExecutor.java:307)
	at com.kms.katalon.core.main.TestCaseExecutor.accessMainPhase(TestCaseExecutor.java:299)
	at com.kms.katalon.core.main.TestCaseExecutor.execute(TestCaseExecutor.java:233)
	at com.kms.katalon.core.main.TestSuiteExecutor.accessTestCaseMainPhase(TestSuiteExecutor.java:169)
	at com.kms.katalon.core.main.TestSuiteExecutor.accessTestSuiteMainPhase(TestSuiteExecutor.java:142)
	at com.kms.katalon.core.main.TestSuiteExecutor.execute(TestSuiteExecutor.java:91)
	at com.kms.katalon.core.main.TestCaseMain.startTestSuite(TestCaseMain.java:157)
	at com.kms.katalon.core.main.TestCaseMain$startTestSuite$0.call(Unknown Source)
	at TempTestSuite1587023610989.run(TempTestSuite1587023610989.groovy:36)
)

2020-04-16 08:57:08 - [MESSAGE][WARNING] - Text 'Please enter a trade and a location' is not present on page  (Root cause: com.kms.katalon.core.exception.StepFailedException: Text 'Please enter a trade and a location' is not present on page 
	at com.kms.katalon.core.webui.keyword.internal.WebUIKeywordMain.stepFailed(WebUIKeywordMain.groovy:64)
	at com.kms.katalon.core.webui.keyword.builtin.VerifyTextPresentKeyword$_verifyTextPresent_closure1.doCall(VerifyTextPresentKeyword.groovy:79)
	at com.kms.katalon.core.webui.keyword.builtin.VerifyTextPresentKeyword$_verifyTextPresent_closure1.call(VerifyTextPresentKeyword.groovy)
	at com.kms.katalon.core.webui.keyword.internal.WebUIKeywordMain.runKeyword(WebUIKeywordMain.groovy:20)
	at com.kms.katalon.core.webui.keyword.builtin.VerifyTextPresentKeyword.verifyTextPresent(VerifyTextPresentKeyword.groovy:83)
	at com.kms.katalon.core.webui.keyword.builtin.VerifyTextPresentKeyword.execute(VerifyTextPresentKeyword.groovy:68)
	at com.kms.katalon.core.keyword.internal.KeywordExecutor.executeKeywordForPlatform(KeywordExecutor.groovy:72)
	at com.kms.katalon.core.webui.keyword.WebUiBuiltInKeywords.verifyTextPresent(WebUiBuiltInKeywords.groovy:1703)
	at com.kms.katalon.core.webui.keyword.WebUiBuiltInKeywords$verifyTextPresent$13.call(Unknown Source)
	at CAT_Search_Location_Not_Returned.run(CAT_Search_Location_Not_Returned:42)
	at com.kms.katalon.core.main.ScriptEngine.run(ScriptEngine.java:194)
	at com.kms.katalon.core.main.ScriptEngine.runScriptAsRawText(ScriptEngine.java:119)
	at com.kms.katalon.core.main.TestCaseExecutor.runScript(TestCaseExecutor.java:337)
	at com.kms.katalon.core.main.TestCaseExecutor.doExecute(TestCaseExecutor.java:328)
	at com.kms.katalon.core.main.TestCaseExecutor.processExecutionPhase(TestCaseExecutor.java:307)
	at com.kms.katalon.core.main.TestCaseExecutor.accessMainPhase(TestCaseExecutor.java:299)
	at com.kms.katalon.core.main.TestCaseExecutor.execute(TestCaseExecutor.java:233)
	at com.kms.katalon.core.main.TestCaseMain.runTestCase(TestCaseMain.java:114)
	at com.kms.katalon.core.keyword.builtin.CallTestCaseKeyword$_callTestCase_closure1.doCall(CallTestCaseKeyword.groovy:59)
	at com.kms.katalon.core.keyword.builtin.CallTestCaseKeyword$_callTestCase_closure1.call(CallTestCaseKeyword.groovy)
	at com.kms.katalon.core.keyword.internal.KeywordMain.runKeyword(KeywordMain.groovy:68)
	at com.kms.katalon.core.keyword.builtin.CallTestCaseKeyword.callTestCase(CallTestCaseKeyword.groovy:81)
	at com.kms.katalon.core.keyword.builtin.CallTestCaseKeyword.execute(CallTestCaseKeyword.groovy:44)
	at com.kms.katalon.core.keyword.internal.KeywordExecutor.executeKeywordForPlatform(KeywordExecutor.groovy:72)
	at com.kms.katalon.core.keyword.BuiltinKeywords.callTestCase(BuiltinKeywords.groovy:334)
	at Trader_Location_Not_Listed.run(Trader_Location_Not_Listed:87)
	at com.kms.katalon.core.main.ScriptEngine.run(ScriptEngine.java:194)
	at com.kms.katalon.core.main.ScriptEngine.runScriptAsRawText(ScriptEngine.java:119)
	at com.kms.katalon.core.main.TestCaseExecutor.runScript(TestCaseExecutor.java:337)
	at com.kms.katalon.core.main.TestCaseExecutor.doExecute(TestCaseExecutor.java:328)
	at com.kms.katalon.core.main.TestCaseExecutor.processExecutionPhase(TestCaseExecutor.java:307)
	at com.kms.katalon.core.main.TestCaseExecutor.accessMainPhase(TestCaseExecutor.java:299)
	at com.kms.katalon.core.main.TestCaseExecutor.execute(TestCaseExecutor.java:233)
	at com.kms.katalon.core.main.TestSuiteExecutor.accessTestCaseMainPhase(TestSuiteExecutor.java:169)
	at com.kms.katalon.core.main.TestSuiteExecutor.accessTestSuiteMainPhase(TestSuiteExecutor.java:142)
	at com.kms.katalon.core.main.TestSuiteExecutor.execute(TestSuiteExecutor.java:91)
	at com.kms.katalon.core.main.TestCaseMain.startTestSuite(TestCaseMain.java:157)
	at com.kms.katalon.core.main.TestCaseMain$startTestSuite$0.call(Unknown Source)
	at TempTestSuite1587023610989.run(TempTestSuite1587023610989.groovy:36)
)

2020-04-16 08:57:08 - [TEST_STEP][PASSED] - Flag_Search_Location_Error = "1": null

2020-04-16 08:57:08 - [TEST_STEP][PASSED] - "-----------------------------------------------------------------------------------------------------------------------------------": null

2020-04-16 08:57:08 - [TEST_STEP][PASSED] - "Scenario 2 - Location, Incorrect or Non Existing Data Beyond the Realms of the Database - Return 404 - File or Directory NOT FOUND |": null

2020-04-16 08:57:08 - [TEST_STEP][PASSED] - try: null

2020-04-16 08:57:08 - [TEST_STEP][PASSED] - verifyTextPresent("404 - File or directory not found", false, OPTIONAL): Text '404 - File or directory not found' is present on page 

2020-04-16 08:57:08 - [MESSAGE][PASSED] - Text '404 - File or directory not found' is present on page 

2020-04-16 08:57:08 - [TEST_STEP][PASSED] - Flag_Search_Location_Error = "2": null

2020-04-16 08:57:08 - [TEST_STEP][PASSED] - if (Flag_Search_Location_Error == "1"): null

2020-04-16 08:57:08 - [TEST_STEP][PASSED] - if (Flag_Search_Location_Error == "2"): Error 404 Reported as Expected, Resource Unavailable

2020-04-16 08:57:08 - [TEST_STEP][PASSED] - markPassed("Error 404 Reported as Expected, Resource Unavailable"): Error 404 Reported as Expected, Resource Unavailable

2020-04-16 08:57:08 - [MESSAGE][PASSED] - Error 404 Reported as Expected, Resource Unavailable

2020-04-16 08:57:08 - [TEST_STEP][PASSED] - if (Flag_Search_Location_Error == "0"): null

2020-04-16 08:57:08 - [TEST_STEP][PASSED] - if (Flag_Search_Location_Error > "0"): Invalid Location was Correctly Highlighted for Trade Type <Miscellaneous Services> Based in <Limerick>

2020-04-16 08:57:08 - [TEST_STEP][PASSED] - markPassed("Invalid Location was Correctly Highlighted for Trade Type <" + Search_Trade_Clasification + "> Based in <" + Search_Trader_Location + ">"): Invalid Location was Correctly Highlighted for Trade Type <Miscellaneous Services> Based in <Limerick>

2020-04-16 08:57:08 - [MESSAGE][PASSED] - Invalid Location was Correctly Highlighted for Trade Type <Miscellaneous Services> Based in <Limerick>

2020-04-16 08:57:08 - [MESSAGE][PASSED] - Call Test Case 'Test Cases/Reusable_Test_Sequences/CAT_Search_Location_Not_Returned' successfully

2020-04-16 08:57:08 - [TEST_STEP][PASSED] - "--------------------------": null

2020-04-16 08:57:08 - [TEST_STEP][PASSED] - " Teardown - CLose Browser |": null

2020-04-16 08:57:08 - [TEST_STEP][PASSED] - callTestCase(findTestCase("Reusable_Test_Sequences/CAT_Teardown"), [:], OPTIONAL): Call Test Case 'Test Cases/Reusable_Test_Sequences/CAT_Teardown' successfully

2020-04-16 08:57:08 - [TEST_CASE][PASSED] - Test Cases/Reusable_Test_Sequences/CAT_Teardown: Test Cases/Reusable_Test_Sequences/CAT_Teardown

2020-04-16 08:57:08 - [TEST_STEP][PASSED] - closeBrowser(): Browser is closed

2020-04-16 08:57:09 - [MESSAGE][PASSED] - Browser is closed

2020-04-16 08:57:09 - [TEST_STEP][PASSED] - super.finalize(): null

2020-04-16 08:57:09 - [TEST_STEP][PASSED] - System.gc(): null

2020-04-16 08:57:09 - [MESSAGE][PASSED] - Call Test Case 'Test Cases/Reusable_Test_Sequences/CAT_Teardown' successfully

2020-04-16 08:57:09 - [TEST_STEP][PASSED] - callTestCase(findTestCase("Reusable_Test_Sequences/CAT_Setup"), [:], STOP_ON_FAILURE): Call Test Case 'Test Cases/Reusable_Test_Sequences/CAT_Setup' successfully

2020-04-16 08:57:09 - [TEST_CASE][PASSED] - Test Cases/Reusable_Test_Sequences/CAT_Setup: Test Cases/Reusable_Test_Sequences/CAT_Setup

2020-04-16 08:57:10 - [TEST_STEP][PASSED] - "------------------------------": null

2020-04-16 08:57:10 - [TEST_STEP][PASSED] - " Set Mobile Device Testing    |": null

2020-04-16 08:57:10 - [TEST_STEP][PASSED] - if (Mobile_Flag == "true"): null

2020-04-16 08:57:10 - [TEST_STEP][PASSED] - "------------------------------": null

2020-04-16 08:57:10 - [TEST_STEP][PASSED] - " Set Mobile Device Testing    |": null

2020-04-16 08:57:10 - [TEST_STEP][PASSED] - "------------------------------": null

2020-04-16 08:57:10 - [TEST_STEP][PASSED] - "URL - Set from the ENVIRONMENT PROFILE ": null

2020-04-16 08:57:10 - [TEST_STEP][PASSED] - openBrowser(URL): Browser is opened with url: 'https://www.preview.checkatrade.com/'

2020-04-16 08:57:10 - [MESSAGE][INFO] - Starting 'Chrome' driver

2020-04-16 08:57:10 - [MESSAGE][INFO] - Action delay is set to 0 milliseconds

2020-04-16 08:57:15 - [MESSAGE][PASSED] - Browser is opened with url: 'https://www.preview.checkatrade.com/'

2020-04-16 08:57:15 - [TEST_STEP][PASSED] - maximizeWindow(): Current window maximized

2020-04-16 08:57:17 - [MESSAGE][PASSED] - Current window maximized

2020-04-16 08:57:17 - [TEST_STEP][PASSED] - waitForPageLoad(60): Wait for page load successfully

2020-04-16 08:57:17 - [MESSAGE][PASSED] - Wait for page load successfully

2020-04-16 08:57:17 - [TEST_STEP][PASSED] - "Previous Functionalilty Left Commented For Ease Of reversion": null

2020-04-16 08:57:17 - [TEST_STEP][PASSED] - " Katalon Try/Catches currently have issues? SEE HEADER": null

2020-04-16 08:57:17 - [TEST_STEP][PASSED] - try: Text 'Cookie Policy' is not present on page

2020-04-16 08:57:17 - [TEST_STEP][PASSED] - verifyElementPresent(findTestObject("Object Repository/Cookies/Page_Checkatrade Find a tradesperson you can trust/button_Accept All"), 5, OPTIONAL): Object 'Object Repository/Cookies/Page_Checkatrade Find a tradesperson you can trust/button_Accept All' is present

2020-04-16 08:57:17 - [MESSAGE][PASSED] - Object 'Object Repository/Cookies/Page_Checkatrade Find a tradesperson you can trust/button_Accept All' is present

2020-04-16 08:57:17 - [TEST_STEP][PASSED] - click(findTestObject("Object Repository/Cookies/Page_Checkatrade Find a tradesperson you can trust/button_Accept All"), OPTIONAL): Object: 'Object Repository/Cookies/Page_Checkatrade Find a tradesperson you can trust/button_Accept All' is clicked on

2020-04-16 08:57:17 - [MESSAGE][PASSED] - Object: 'Object Repository/Cookies/Page_Checkatrade Find a tradesperson you can trust/button_Accept All' is clicked on

2020-04-16 08:57:17 - [TEST_STEP][PASSED] - "---------------------------------": null

2020-04-16 08:57:17 - [TEST_STEP][PASSED] - "COOKIE POPOUT REMOVED - Confirmed": null

2020-04-16 08:57:17 - [TEST_STEP][PASSED] - delay(1): Delayed 1 second(s)

2020-04-16 08:57:18 - [MESSAGE][PASSED] - Delayed 1 second(s)

2020-04-16 08:57:18 - [TEST_STEP][PASSED] - verifyTextNotPresent("We use cookies to personalise content and ads, to provide social media features and to analyse our traffic", false): Text 'We use cookies to personalise content and ads, to provide social media features and to analyse our traffic' is not present on page

2020-04-16 08:57:18 - [MESSAGE][PASSED] - Text 'We use cookies to personalise content and ads, to provide social media features and to analyse our traffic' is not present on page

2020-04-16 08:57:18 - [TEST_STEP][PASSED] - verifyTextNotPresent(" We also share information about your use of our site with our social media, advertising and analytics partners", false): Text ' We also share information about your use of our site with our social media, advertising and analytics partners' is not present on page

2020-04-16 08:57:19 - [MESSAGE][PASSED] - Text ' We also share information about your use of our site with our social media, advertising and analytics partners' is not present on page

2020-04-16 08:57:19 - [TEST_STEP][PASSED] - verifyTextNotPresent("Cookie Policy", false): Text 'Cookie Policy' is not present on page

2020-04-16 08:57:19 - [MESSAGE][PASSED] - Text 'Cookie Policy' is not present on page

2020-04-16 08:57:19 - [TEST_STEP][PASSED] - waitForPageLoad(60): Wait for page load successfully

2020-04-16 08:57:19 - [MESSAGE][PASSED] - Wait for page load successfully

2020-04-16 08:57:19 - [TEST_STEP][PASSED] - "COOKIE - ORIGINAL": null

2020-04-16 08:57:19 - [TEST_STEP][PASSED] - if (waitForElementVisible(findTestObject("Object Repository/Feedback/Page_Checkatrade Give your feedback/input_Member_to_Review"), 5)): Web element with id: 'Object Repository/Feedback/Page_Checkatrade Give your feedback/input_Member_to_Review' located by 'By.xpath: //input[@id='feedback-form__company_autocomplete_input']' not found

2020-04-16 08:57:24 - [MESSAGE][INFO] - Unable to find the element located by 'By.xpath: //input[@id='feedback-form__company_autocomplete_input']'. Please recheck the objects properties to make sure the desired element is located. 

2020-04-16 08:57:24 - [MESSAGE][WARNING] - Web element with id: 'Object Repository/Feedback/Page_Checkatrade Give your feedback/input_Member_to_Review' located by 'By.xpath: //input[@id='feedback-form__company_autocomplete_input']' not found

2020-04-16 08:57:24 - [TEST_STEP][PASSED] - else: The <<<OLD>>> Website was detected by the STARTUP Process

2020-04-16 08:57:24 - [TEST_STEP][PASSED] - if (!(verifyElementVisible(findTestObject("Object Repository/Checkatrade_Trade_Search_Page/Page_Checkatrade Find a tradesperson you can trust/input_Search_Button_FF")))): Object 'Object Repository/Checkatrade_Trade_Search_Page/Page_Checkatrade Find a tradesperson you can trust/input_Search_Button_FF' is visible

2020-04-16 08:57:24 - [MESSAGE][PASSED] - Object 'Object Repository/Checkatrade_Trade_Search_Page/Page_Checkatrade Find a tradesperson you can trust/input_Search_Button_FF' is visible

2020-04-16 08:57:24 - [TEST_STEP][PASSED] - else: The <<<OLD>>> Website was detected by the STARTUP Process

2020-04-16 08:57:24 - [TEST_STEP][PASSED] - Website_Version = "old": null

2020-04-16 08:57:24 - [TEST_STEP][PASSED] - logInfo("The <<<OLD>>> Website was detected by the STARTUP Process"): The <<<OLD>>> Website was detected by the STARTUP Process

2020-04-16 08:57:24 - [MESSAGE][INFO] - The <<<OLD>>> Website was detected by the STARTUP Process

2020-04-16 08:57:24 - [MESSAGE][PASSED] - Call Test Case 'Test Cases/Reusable_Test_Sequences/CAT_Setup' successfully

2020-04-16 08:57:24 - [TEST_STEP][PASSED] - " Home Page validation Checks after COOKIE Dispelled NOT REQUIRED IN THIS INSTANCE": null

2020-04-16 08:57:24 - [TEST_STEP][PASSED] - "---------------------------------------": null

2020-04-16 08:57:24 - [TEST_STEP][PASSED] - " Set and SEARCH TRADE CLASSIFICATION   |": null

2020-04-16 08:57:24 - [TEST_STEP][PASSED] - callTestCase(findTestCase("Reusable_Test_Sequences/CAT_Enter_Trade_Classification_NEG"), [:], CONTINUE_ON_FAILURE): Call Test Case 'Test Cases/Reusable_Test_Sequences/CAT_Enter_Trade_Classification_NEG' successfully

2020-04-16 08:57:24 - [TEST_CASE][PASSED] - Test Cases/Reusable_Test_Sequences/CAT_Enter_Trade_Classification_NEG: Test Cases/Reusable_Test_Sequences/CAT_Enter_Trade_Classification_NEG

2020-04-16 08:57:24 - [TEST_STEP][PASSED] - "---------------------------------": null

2020-04-16 08:57:24 - [TEST_STEP][PASSED] - "Set and SEARCH SELECTED TRADE": null

2020-04-16 08:57:24 - [TEST_STEP][PASSED] - if (Website_Version == "new"): null

2020-04-16 08:57:24 - [TEST_STEP][PASSED] - else: Text 'Plumber' is set on object 'Object Repository/Checkatrade_Trade_Search_Page/Page_Checkatrade Find a tradesperson you can trust/input_Search_Button_FF'

2020-04-16 08:57:24 - [TEST_STEP][PASSED] - click(findTestObject("Object Repository/Checkatrade_Trade_Search_Page/Page_Checkatrade Find a tradesperson you can trust/input_Search_Button_FF")): Object: 'Object Repository/Checkatrade_Trade_Search_Page/Page_Checkatrade Find a tradesperson you can trust/input_Search_Button_FF' is clicked on

2020-04-16 08:57:24 - [MESSAGE][PASSED] - Object: 'Object Repository/Checkatrade_Trade_Search_Page/Page_Checkatrade Find a tradesperson you can trust/input_Search_Button_FF' is clicked on

2020-04-16 08:57:24 - [TEST_STEP][PASSED] - setText(findTestObject("Object Repository/Checkatrade_Trade_Search_Page/Page_Checkatrade Find a tradesperson you can trust/input_Search_Button_FF"), findTestData("Search_Trader_Location_Data_NEG").getValue("tradeClassification", row)): Text 'Plumber' is set on object 'Object Repository/Checkatrade_Trade_Search_Page/Page_Checkatrade Find a tradesperson you can trust/input_Search_Button_FF'

2020-04-16 08:57:24 - [MESSAGE][PASSED] - Text 'Plumber' is set on object 'Object Repository/Checkatrade_Trade_Search_Page/Page_Checkatrade Find a tradesperson you can trust/input_Search_Button_FF'

2020-04-16 08:57:24 - [MESSAGE][PASSED] - Call Test Case 'Test Cases/Reusable_Test_Sequences/CAT_Enter_Trade_Classification_NEG' successfully

2020-04-16 08:57:24 - [TEST_STEP][PASSED] - "---------------------------------------": null

2020-04-16 08:57:24 - [TEST_STEP][PASSED] - " Set and SEARCH TRADE LOCATION         |": null

2020-04-16 08:57:24 - [TEST_STEP][PASSED] - callTestCase(findTestCase("Reusable_Test_Sequences/CAT_Enter_Trade_Location_NEG"), [:], CONTINUE_ON_FAILURE): Call Test Case 'Test Cases/Reusable_Test_Sequences/CAT_Enter_Trade_Location_NEG' successfully

2020-04-16 08:57:24 - [TEST_CASE][PASSED] - Test Cases/Reusable_Test_Sequences/CAT_Enter_Trade_Location_NEG: Test Cases/Reusable_Test_Sequences/CAT_Enter_Trade_Location_NEG

2020-04-16 08:57:24 - [TEST_STEP][PASSED] - "---------------------------------": null

2020-04-16 08:57:24 - [TEST_STEP][PASSED] - "Set and SEARCH SELECTED LOCATION |": null

2020-04-16 08:57:24 - [TEST_STEP][PASSED] - if (Website_Version != "new"): Text 'Guernsey' is set on object 'Object Repository/Checkatrade_Trade_Search_Page/Page_Checkatrade Find a tradesperson you can trust/input_Not here_location'

2020-04-16 08:57:24 - [TEST_STEP][PASSED] - click(findTestObject("Object Repository/Checkatrade_Trade_Search_Page/Page_Checkatrade Find a tradesperson you can trust/input_Not here_location")): Object: 'Object Repository/Checkatrade_Trade_Search_Page/Page_Checkatrade Find a tradesperson you can trust/input_Not here_location' is clicked on

2020-04-16 08:57:25 - [MESSAGE][PASSED] - Object: 'Object Repository/Checkatrade_Trade_Search_Page/Page_Checkatrade Find a tradesperson you can trust/input_Not here_location' is clicked on

2020-04-16 08:57:25 - [TEST_STEP][PASSED] - setText(findTestObject("Object Repository/Checkatrade_Trade_Search_Page/Page_Checkatrade Find a tradesperson you can trust/input_Not here_location"), findTestData("Search_Trader_Location_Data_NEG").getValue("tradeNameLocation", row)): Text 'Guernsey' is set on object 'Object Repository/Checkatrade_Trade_Search_Page/Page_Checkatrade Find a tradesperson you can trust/input_Not here_location'

2020-04-16 08:57:25 - [MESSAGE][PASSED] - Text 'Guernsey' is set on object 'Object Repository/Checkatrade_Trade_Search_Page/Page_Checkatrade Find a tradesperson you can trust/input_Not here_location'

2020-04-16 08:57:25 - [TEST_STEP][PASSED] - if (verifyTextNotPresent("Sorry, no results found", false)): null

2020-04-16 08:57:25 - [MESSAGE][PASSED] - Text 'Sorry, no results found' is not present on page

2020-04-16 08:57:25 - [TEST_STEP][PASSED] - markPassed("The Expected Lookup Result(s) ARE being returned by the Lookup Service, AS EXPECTED"): The Expected Lookup Result(s) ARE being returned by the Lookup Service, AS EXPECTED

2020-04-16 08:57:25 - [MESSAGE][PASSED] - The Expected Lookup Result(s) ARE being returned by the Lookup Service, AS EXPECTED

2020-04-16 08:57:25 - [MESSAGE][PASSED] - Call Test Case 'Test Cases/Reusable_Test_Sequences/CAT_Enter_Trade_Location_NEG' successfully

2020-04-16 08:57:25 - [TEST_STEP][PASSED] - "---------------------------------------": null

2020-04-16 08:57:25 - [TEST_STEP][PASSED] - " Scroll Search Button into View        |": null

2020-04-16 08:57:25 - [TEST_STEP][PASSED] - "---------------------------------------": null

2020-04-16 08:57:25 - [TEST_STEP][PASSED] - "---------------------------------------": null

2020-04-16 08:57:25 - [TEST_STEP][PASSED] - " Hit Search Button                     |": null

2020-04-16 08:57:25 - [TEST_STEP][PASSED] - callTestCase(findTestCase("Reusable_Test_Sequences/CAT_Hit_Search_Button"), [:], CONTINUE_ON_FAILURE): Call Test Case 'Test Cases/Reusable_Test_Sequences/CAT_Hit_Search_Button' successfully

2020-04-16 08:57:25 - [TEST_CASE][PASSED] - Test Cases/Reusable_Test_Sequences/CAT_Hit_Search_Button: Test Cases/Reusable_Test_Sequences/CAT_Hit_Search_Button

2020-04-16 08:57:25 - [TEST_STEP][PASSED] - "---------------------------------": null

2020-04-16 08:57:25 - [TEST_STEP][PASSED] - "HIT SEARCH": null

2020-04-16 08:57:25 - [TEST_STEP][PASSED] - "---------------------------------": null

2020-04-16 08:57:25 - [TEST_STEP][PASSED] - if (Website_Version == "new"): null

2020-04-16 08:57:25 - [TEST_STEP][PASSED] - else: Object: 'Object Repository/Page_Checkatrade Find a tradesperson you can trust/a_Search' is clicked on

2020-04-16 08:57:25 - [TEST_STEP][PASSED] - waitForElementClickable(findTestObject("Object Repository/Page_Checkatrade Find a tradesperson you can trust/a_Search"), 25): Object 'Object Repository/Page_Checkatrade Find a tradesperson you can trust/a_Search' is clickable

2020-04-16 08:57:25 - [MESSAGE][PASSED] - Object 'Object Repository/Page_Checkatrade Find a tradesperson you can trust/a_Search' is clickable

2020-04-16 08:57:25 - [TEST_STEP][PASSED] - click(findTestObject("Object Repository/Page_Checkatrade Find a tradesperson you can trust/a_Search")): Object: 'Object Repository/Page_Checkatrade Find a tradesperson you can trust/a_Search' is clicked on

2020-04-16 08:57:26 - [MESSAGE][PASSED] - Object: 'Object Repository/Page_Checkatrade Find a tradesperson you can trust/a_Search' is clicked on

2020-04-16 08:57:26 - [MESSAGE][PASSED] - Call Test Case 'Test Cases/Reusable_Test_Sequences/CAT_Hit_Search_Button' successfully

2020-04-16 08:57:26 - [TEST_STEP][PASSED] - "------------------------------------------": null

2020-04-16 08:57:26 - [TEST_STEP][PASSED] - " Expected ERROR Reported                  |": null

2020-04-16 08:57:26 - [TEST_STEP][PASSED] - callTestCase(findTestCase("Reusable_Test_Sequences/CAT_Search_Location_Not_Returned"), [:], CONTINUE_ON_FAILURE): Call Test Case 'Test Cases/Reusable_Test_Sequences/CAT_Search_Location_Not_Returned' successfully

2020-04-16 08:57:26 - [TEST_CASE][PASSED] - Test Cases/Reusable_Test_Sequences/CAT_Search_Location_Not_Returned: Test Cases/Reusable_Test_Sequences/CAT_Search_Location_Not_Returned

2020-04-16 08:57:26 - [TEST_STEP][PASSED] - "For later Extension": null

2020-04-16 08:57:26 - [TEST_STEP][PASSED] - "--------------------------------": null

2020-04-16 08:57:26 - [TEST_STEP][PASSED] - "Read data from spreadsheet      | r_ = Returned Data": null

2020-04-16 08:57:26 - [TEST_STEP][PASSED] - data = findTestData("Data Files/Search_Trader_Location_Data_NEG"): null

2020-04-16 08:57:26 - [TEST_STEP][PASSED] - Search_Trader_Location = data.getValue("tradeNameLocation", row): null

2020-04-16 08:57:26 - [TEST_STEP][PASSED] - Search_Trade_Clasification = data.getValue("tradeClassification", row): null

2020-04-16 08:57:26 - [TEST_STEP][PASSED] - "------------------------------------------------------------------------": null

2020-04-16 08:57:26 - [TEST_STEP][PASSED] - "VALUES - 1 = Enter Trade Location Status - 2 = 404 No File or Directory |": null

2020-04-16 08:57:26 - [TEST_STEP][PASSED] - Flag_Search_Location_Error = "0": null

2020-04-16 08:57:26 - [TEST_STEP][PASSED] - delay(1): Delayed 1 second(s)

2020-04-16 08:57:27 - [MESSAGE][PASSED] - Delayed 1 second(s)

2020-04-16 08:57:27 - [TEST_STEP][PASSED] - waitForPageLoad(60): Wait for page load successfully

2020-04-16 08:57:27 - [MESSAGE][PASSED] - Wait for page load successfully

2020-04-16 08:57:27 - [TEST_STEP][PASSED] - "-------------------------------------------------------------------------------------------------------------------------": null

2020-04-16 08:57:27 - [TEST_STEP][PASSED] - "Scenario 1 - Location, Incorrect Numeric Value or Postcode Returns Highlighted (RED) Text Please enter a valid Location  |": null

2020-04-16 08:57:27 - [TEST_STEP][PASSED] - try: null

2020-04-16 08:57:27 - [TEST_STEP][PASSED] - verifyTextPresent("Please enter a trade and a location", false, OPTIONAL): Text 'Please enter a trade and a location' is not present on page  (Root cause: com.kms.katalon.core.exception.StepFailedException: Text 'Please enter a trade and a location' is not present on page 
	at com.kms.katalon.core.webui.keyword.internal.WebUIKeywordMain.stepFailed(WebUIKeywordMain.groovy:64)
	at com.kms.katalon.core.webui.keyword.builtin.VerifyTextPresentKeyword$_verifyTextPresent_closure1.doCall(VerifyTextPresentKeyword.groovy:79)
	at com.kms.katalon.core.webui.keyword.builtin.VerifyTextPresentKeyword$_verifyTextPresent_closure1.call(VerifyTextPresentKeyword.groovy)
	at com.kms.katalon.core.webui.keyword.internal.WebUIKeywordMain.runKeyword(WebUIKeywordMain.groovy:20)
	at com.kms.katalon.core.webui.keyword.builtin.VerifyTextPresentKeyword.verifyTextPresent(VerifyTextPresentKeyword.groovy:83)
	at com.kms.katalon.core.webui.keyword.builtin.VerifyTextPresentKeyword.execute(VerifyTextPresentKeyword.groovy:68)
	at com.kms.katalon.core.keyword.internal.KeywordExecutor.executeKeywordForPlatform(KeywordExecutor.groovy:72)
	at com.kms.katalon.core.webui.keyword.WebUiBuiltInKeywords.verifyTextPresent(WebUiBuiltInKeywords.groovy:1703)
	at com.kms.katalon.core.webui.keyword.WebUiBuiltInKeywords$verifyTextPresent$13.call(Unknown Source)
	at CAT_Search_Location_Not_Returned.run(CAT_Search_Location_Not_Returned:42)
	at com.kms.katalon.core.main.ScriptEngine.run(ScriptEngine.java:194)
	at com.kms.katalon.core.main.ScriptEngine.runScriptAsRawText(ScriptEngine.java:119)
	at com.kms.katalon.core.main.TestCaseExecutor.runScript(TestCaseExecutor.java:337)
	at com.kms.katalon.core.main.TestCaseExecutor.doExecute(TestCaseExecutor.java:328)
	at com.kms.katalon.core.main.TestCaseExecutor.processExecutionPhase(TestCaseExecutor.java:307)
	at com.kms.katalon.core.main.TestCaseExecutor.accessMainPhase(TestCaseExecutor.java:299)
	at com.kms.katalon.core.main.TestCaseExecutor.execute(TestCaseExecutor.java:233)
	at com.kms.katalon.core.main.TestCaseMain.runTestCase(TestCaseMain.java:114)
	at com.kms.katalon.core.keyword.builtin.CallTestCaseKeyword$_callTestCase_closure1.doCall(CallTestCaseKeyword.groovy:59)
	at com.kms.katalon.core.keyword.builtin.CallTestCaseKeyword$_callTestCase_closure1.call(CallTestCaseKeyword.groovy)
	at com.kms.katalon.core.keyword.internal.KeywordMain.runKeyword(KeywordMain.groovy:68)
	at com.kms.katalon.core.keyword.builtin.CallTestCaseKeyword.callTestCase(CallTestCaseKeyword.groovy:81)
	at com.kms.katalon.core.keyword.builtin.CallTestCaseKeyword.execute(CallTestCaseKeyword.groovy:44)
	at com.kms.katalon.core.keyword.internal.KeywordExecutor.executeKeywordForPlatform(KeywordExecutor.groovy:72)
	at com.kms.katalon.core.keyword.BuiltinKeywords.callTestCase(BuiltinKeywords.groovy:334)
	at Trader_Location_Not_Listed.run(Trader_Location_Not_Listed:87)
	at com.kms.katalon.core.main.ScriptEngine.run(ScriptEngine.java:194)
	at com.kms.katalon.core.main.ScriptEngine.runScriptAsRawText(ScriptEngine.java:119)
	at com.kms.katalon.core.main.TestCaseExecutor.runScript(TestCaseExecutor.java:337)
	at com.kms.katalon.core.main.TestCaseExecutor.doExecute(TestCaseExecutor.java:328)
	at com.kms.katalon.core.main.TestCaseExecutor.processExecutionPhase(TestCaseExecutor.java:307)
	at com.kms.katalon.core.main.TestCaseExecutor.accessMainPhase(TestCaseExecutor.java:299)
	at com.kms.katalon.core.main.TestCaseExecutor.execute(TestCaseExecutor.java:233)
	at com.kms.katalon.core.main.TestSuiteExecutor.accessTestCaseMainPhase(TestSuiteExecutor.java:169)
	at com.kms.katalon.core.main.TestSuiteExecutor.accessTestSuiteMainPhase(TestSuiteExecutor.java:142)
	at com.kms.katalon.core.main.TestSuiteExecutor.execute(TestSuiteExecutor.java:91)
	at com.kms.katalon.core.main.TestCaseMain.startTestSuite(TestCaseMain.java:157)
	at com.kms.katalon.core.main.TestCaseMain$startTestSuite$0.call(Unknown Source)
	at TempTestSuite1587023610989.run(TempTestSuite1587023610989.groovy:36)
)

2020-04-16 08:57:27 - [MESSAGE][WARNING] - Text 'Please enter a trade and a location' is not present on page  (Root cause: com.kms.katalon.core.exception.StepFailedException: Text 'Please enter a trade and a location' is not present on page 
	at com.kms.katalon.core.webui.keyword.internal.WebUIKeywordMain.stepFailed(WebUIKeywordMain.groovy:64)
	at com.kms.katalon.core.webui.keyword.builtin.VerifyTextPresentKeyword$_verifyTextPresent_closure1.doCall(VerifyTextPresentKeyword.groovy:79)
	at com.kms.katalon.core.webui.keyword.builtin.VerifyTextPresentKeyword$_verifyTextPresent_closure1.call(VerifyTextPresentKeyword.groovy)
	at com.kms.katalon.core.webui.keyword.internal.WebUIKeywordMain.runKeyword(WebUIKeywordMain.groovy:20)
	at com.kms.katalon.core.webui.keyword.builtin.VerifyTextPresentKeyword.verifyTextPresent(VerifyTextPresentKeyword.groovy:83)
	at com.kms.katalon.core.webui.keyword.builtin.VerifyTextPresentKeyword.execute(VerifyTextPresentKeyword.groovy:68)
	at com.kms.katalon.core.keyword.internal.KeywordExecutor.executeKeywordForPlatform(KeywordExecutor.groovy:72)
	at com.kms.katalon.core.webui.keyword.WebUiBuiltInKeywords.verifyTextPresent(WebUiBuiltInKeywords.groovy:1703)
	at com.kms.katalon.core.webui.keyword.WebUiBuiltInKeywords$verifyTextPresent$13.call(Unknown Source)
	at CAT_Search_Location_Not_Returned.run(CAT_Search_Location_Not_Returned:42)
	at com.kms.katalon.core.main.ScriptEngine.run(ScriptEngine.java:194)
	at com.kms.katalon.core.main.ScriptEngine.runScriptAsRawText(ScriptEngine.java:119)
	at com.kms.katalon.core.main.TestCaseExecutor.runScript(TestCaseExecutor.java:337)
	at com.kms.katalon.core.main.TestCaseExecutor.doExecute(TestCaseExecutor.java:328)
	at com.kms.katalon.core.main.TestCaseExecutor.processExecutionPhase(TestCaseExecutor.java:307)
	at com.kms.katalon.core.main.TestCaseExecutor.accessMainPhase(TestCaseExecutor.java:299)
	at com.kms.katalon.core.main.TestCaseExecutor.execute(TestCaseExecutor.java:233)
	at com.kms.katalon.core.main.TestCaseMain.runTestCase(TestCaseMain.java:114)
	at com.kms.katalon.core.keyword.builtin.CallTestCaseKeyword$_callTestCase_closure1.doCall(CallTestCaseKeyword.groovy:59)
	at com.kms.katalon.core.keyword.builtin.CallTestCaseKeyword$_callTestCase_closure1.call(CallTestCaseKeyword.groovy)
	at com.kms.katalon.core.keyword.internal.KeywordMain.runKeyword(KeywordMain.groovy:68)
	at com.kms.katalon.core.keyword.builtin.CallTestCaseKeyword.callTestCase(CallTestCaseKeyword.groovy:81)
	at com.kms.katalon.core.keyword.builtin.CallTestCaseKeyword.execute(CallTestCaseKeyword.groovy:44)
	at com.kms.katalon.core.keyword.internal.KeywordExecutor.executeKeywordForPlatform(KeywordExecutor.groovy:72)
	at com.kms.katalon.core.keyword.BuiltinKeywords.callTestCase(BuiltinKeywords.groovy:334)
	at Trader_Location_Not_Listed.run(Trader_Location_Not_Listed:87)
	at com.kms.katalon.core.main.ScriptEngine.run(ScriptEngine.java:194)
	at com.kms.katalon.core.main.ScriptEngine.runScriptAsRawText(ScriptEngine.java:119)
	at com.kms.katalon.core.main.TestCaseExecutor.runScript(TestCaseExecutor.java:337)
	at com.kms.katalon.core.main.TestCaseExecutor.doExecute(TestCaseExecutor.java:328)
	at com.kms.katalon.core.main.TestCaseExecutor.processExecutionPhase(TestCaseExecutor.java:307)
	at com.kms.katalon.core.main.TestCaseExecutor.accessMainPhase(TestCaseExecutor.java:299)
	at com.kms.katalon.core.main.TestCaseExecutor.execute(TestCaseExecutor.java:233)
	at com.kms.katalon.core.main.TestSuiteExecutor.accessTestCaseMainPhase(TestSuiteExecutor.java:169)
	at com.kms.katalon.core.main.TestSuiteExecutor.accessTestSuiteMainPhase(TestSuiteExecutor.java:142)
	at com.kms.katalon.core.main.TestSuiteExecutor.execute(TestSuiteExecutor.java:91)
	at com.kms.katalon.core.main.TestCaseMain.startTestSuite(TestCaseMain.java:157)
	at com.kms.katalon.core.main.TestCaseMain$startTestSuite$0.call(Unknown Source)
	at TempTestSuite1587023610989.run(TempTestSuite1587023610989.groovy:36)
)

2020-04-16 08:57:27 - [TEST_STEP][PASSED] - Flag_Search_Location_Error = "1": null

2020-04-16 08:57:27 - [TEST_STEP][PASSED] - "-----------------------------------------------------------------------------------------------------------------------------------": null

2020-04-16 08:57:27 - [TEST_STEP][PASSED] - "Scenario 2 - Location, Incorrect or Non Existing Data Beyond the Realms of the Database - Return 404 - File or Directory NOT FOUND |": null

2020-04-16 08:57:27 - [TEST_STEP][PASSED] - try: null

2020-04-16 08:57:27 - [TEST_STEP][PASSED] - verifyTextPresent("404 - File or directory not found", false, OPTIONAL): Text '404 - File or directory not found' is present on page 

2020-04-16 08:57:27 - [MESSAGE][PASSED] - Text '404 - File or directory not found' is present on page 

2020-04-16 08:57:27 - [TEST_STEP][PASSED] - Flag_Search_Location_Error = "2": null

2020-04-16 08:57:27 - [TEST_STEP][PASSED] - if (Flag_Search_Location_Error == "1"): null

2020-04-16 08:57:27 - [TEST_STEP][PASSED] - if (Flag_Search_Location_Error == "2"): Error 404 Reported as Expected, Resource Unavailable

2020-04-16 08:57:27 - [TEST_STEP][PASSED] - markPassed("Error 404 Reported as Expected, Resource Unavailable"): Error 404 Reported as Expected, Resource Unavailable

2020-04-16 08:57:27 - [MESSAGE][PASSED] - Error 404 Reported as Expected, Resource Unavailable

2020-04-16 08:57:27 - [TEST_STEP][PASSED] - if (Flag_Search_Location_Error == "0"): null

2020-04-16 08:57:27 - [TEST_STEP][PASSED] - if (Flag_Search_Location_Error > "0"): Invalid Location was Correctly Highlighted for Trade Type <Plumber> Based in <Guernsey>

2020-04-16 08:57:27 - [TEST_STEP][PASSED] - markPassed("Invalid Location was Correctly Highlighted for Trade Type <" + Search_Trade_Clasification + "> Based in <" + Search_Trader_Location + ">"): Invalid Location was Correctly Highlighted for Trade Type <Plumber> Based in <Guernsey>

2020-04-16 08:57:27 - [MESSAGE][PASSED] - Invalid Location was Correctly Highlighted for Trade Type <Plumber> Based in <Guernsey>

2020-04-16 08:57:27 - [MESSAGE][PASSED] - Call Test Case 'Test Cases/Reusable_Test_Sequences/CAT_Search_Location_Not_Returned' successfully

2020-04-16 08:57:27 - [TEST_STEP][PASSED] - "--------------------------": null

2020-04-16 08:57:27 - [TEST_STEP][PASSED] - " Teardown - CLose Browser |": null

2020-04-16 08:57:27 - [TEST_STEP][PASSED] - callTestCase(findTestCase("Reusable_Test_Sequences/CAT_Teardown"), [:], OPTIONAL): Call Test Case 'Test Cases/Reusable_Test_Sequences/CAT_Teardown' successfully

2020-04-16 08:57:27 - [TEST_CASE][PASSED] - Test Cases/Reusable_Test_Sequences/CAT_Teardown: Test Cases/Reusable_Test_Sequences/CAT_Teardown

2020-04-16 08:57:27 - [TEST_STEP][PASSED] - closeBrowser(): Browser is closed

2020-04-16 08:57:28 - [MESSAGE][PASSED] - Browser is closed

2020-04-16 08:57:28 - [TEST_STEP][PASSED] - super.finalize(): null

2020-04-16 08:57:28 - [TEST_STEP][PASSED] - System.gc(): null

2020-04-16 08:57:28 - [MESSAGE][PASSED] - Call Test Case 'Test Cases/Reusable_Test_Sequences/CAT_Teardown' successfully

2020-04-16 08:57:28 - [TEST_STEP][PASSED] - callTestCase(findTestCase("Reusable_Test_Sequences/CAT_Setup"), [:], STOP_ON_FAILURE): Call Test Case 'Test Cases/Reusable_Test_Sequences/CAT_Setup' successfully

2020-04-16 08:57:28 - [TEST_CASE][PASSED] - Test Cases/Reusable_Test_Sequences/CAT_Setup: Test Cases/Reusable_Test_Sequences/CAT_Setup

2020-04-16 08:57:28 - [TEST_STEP][PASSED] - "------------------------------": null

2020-04-16 08:57:28 - [TEST_STEP][PASSED] - " Set Mobile Device Testing    |": null

2020-04-16 08:57:28 - [TEST_STEP][PASSED] - if (Mobile_Flag == "true"): null

2020-04-16 08:57:28 - [TEST_STEP][PASSED] - "------------------------------": null

2020-04-16 08:57:28 - [TEST_STEP][PASSED] - " Set Mobile Device Testing    |": null

2020-04-16 08:57:28 - [TEST_STEP][PASSED] - "------------------------------": null

2020-04-16 08:57:28 - [TEST_STEP][PASSED] - "URL - Set from the ENVIRONMENT PROFILE ": null

2020-04-16 08:57:28 - [TEST_STEP][PASSED] - openBrowser(URL): Browser is opened with url: 'https://www.preview.checkatrade.com/'

2020-04-16 08:57:28 - [MESSAGE][INFO] - Starting 'Chrome' driver

2020-04-16 08:57:28 - [MESSAGE][INFO] - Action delay is set to 0 milliseconds

2020-04-16 08:57:34 - [MESSAGE][PASSED] - Browser is opened with url: 'https://www.preview.checkatrade.com/'

2020-04-16 08:57:34 - [TEST_STEP][PASSED] - maximizeWindow(): Current window maximized

2020-04-16 08:57:36 - [MESSAGE][PASSED] - Current window maximized

2020-04-16 08:57:36 - [TEST_STEP][PASSED] - waitForPageLoad(60): Wait for page load successfully

2020-04-16 08:57:36 - [MESSAGE][PASSED] - Wait for page load successfully

2020-04-16 08:57:36 - [TEST_STEP][PASSED] - "Previous Functionalilty Left Commented For Ease Of reversion": null

2020-04-16 08:57:36 - [TEST_STEP][PASSED] - " Katalon Try/Catches currently have issues? SEE HEADER": null

2020-04-16 08:57:36 - [TEST_STEP][PASSED] - try: Text 'Cookie Policy' is not present on page

2020-04-16 08:57:36 - [TEST_STEP][PASSED] - verifyElementPresent(findTestObject("Object Repository/Cookies/Page_Checkatrade Find a tradesperson you can trust/button_Accept All"), 5, OPTIONAL): Object 'Object Repository/Cookies/Page_Checkatrade Find a tradesperson you can trust/button_Accept All' is present

2020-04-16 08:57:36 - [MESSAGE][PASSED] - Object 'Object Repository/Cookies/Page_Checkatrade Find a tradesperson you can trust/button_Accept All' is present

2020-04-16 08:57:36 - [TEST_STEP][PASSED] - click(findTestObject("Object Repository/Cookies/Page_Checkatrade Find a tradesperson you can trust/button_Accept All"), OPTIONAL): Object: 'Object Repository/Cookies/Page_Checkatrade Find a tradesperson you can trust/button_Accept All' is clicked on

2020-04-16 08:57:36 - [MESSAGE][PASSED] - Object: 'Object Repository/Cookies/Page_Checkatrade Find a tradesperson you can trust/button_Accept All' is clicked on

2020-04-16 08:57:36 - [TEST_STEP][PASSED] - "---------------------------------": null

2020-04-16 08:57:36 - [TEST_STEP][PASSED] - "COOKIE POPOUT REMOVED - Confirmed": null

2020-04-16 08:57:36 - [TEST_STEP][PASSED] - delay(1): Delayed 1 second(s)

2020-04-16 08:57:37 - [MESSAGE][PASSED] - Delayed 1 second(s)

2020-04-16 08:57:37 - [TEST_STEP][PASSED] - verifyTextNotPresent("We use cookies to personalise content and ads, to provide social media features and to analyse our traffic", false): Text 'We use cookies to personalise content and ads, to provide social media features and to analyse our traffic' is not present on page

2020-04-16 08:57:37 - [MESSAGE][PASSED] - Text 'We use cookies to personalise content and ads, to provide social media features and to analyse our traffic' is not present on page

2020-04-16 08:57:37 - [TEST_STEP][PASSED] - verifyTextNotPresent(" We also share information about your use of our site with our social media, advertising and analytics partners", false): Text ' We also share information about your use of our site with our social media, advertising and analytics partners' is not present on page

2020-04-16 08:57:37 - [MESSAGE][PASSED] - Text ' We also share information about your use of our site with our social media, advertising and analytics partners' is not present on page

2020-04-16 08:57:37 - [TEST_STEP][PASSED] - verifyTextNotPresent("Cookie Policy", false): Text 'Cookie Policy' is not present on page

2020-04-16 08:57:38 - [MESSAGE][PASSED] - Text 'Cookie Policy' is not present on page

2020-04-16 08:57:38 - [TEST_STEP][PASSED] - waitForPageLoad(60): Wait for page load successfully

2020-04-16 08:57:38 - [MESSAGE][PASSED] - Wait for page load successfully

2020-04-16 08:57:38 - [TEST_STEP][PASSED] - "COOKIE - ORIGINAL": null

2020-04-16 08:57:38 - [TEST_STEP][PASSED] - if (waitForElementVisible(findTestObject("Object Repository/Feedback/Page_Checkatrade Give your feedback/input_Member_to_Review"), 5)): Web element with id: 'Object Repository/Feedback/Page_Checkatrade Give your feedback/input_Member_to_Review' located by 'By.xpath: //input[@id='feedback-form__company_autocomplete_input']' not found

2020-04-16 08:57:43 - [MESSAGE][INFO] - Unable to find the element located by 'By.xpath: //input[@id='feedback-form__company_autocomplete_input']'. Please recheck the objects properties to make sure the desired element is located. 

2020-04-16 08:57:43 - [MESSAGE][WARNING] - Web element with id: 'Object Repository/Feedback/Page_Checkatrade Give your feedback/input_Member_to_Review' located by 'By.xpath: //input[@id='feedback-form__company_autocomplete_input']' not found

2020-04-16 08:57:43 - [TEST_STEP][PASSED] - else: The <<<OLD>>> Website was detected by the STARTUP Process

2020-04-16 08:57:43 - [TEST_STEP][PASSED] - if (!(verifyElementVisible(findTestObject("Object Repository/Checkatrade_Trade_Search_Page/Page_Checkatrade Find a tradesperson you can trust/input_Search_Button_FF")))): Object 'Object Repository/Checkatrade_Trade_Search_Page/Page_Checkatrade Find a tradesperson you can trust/input_Search_Button_FF' is visible

2020-04-16 08:57:43 - [MESSAGE][PASSED] - Object 'Object Repository/Checkatrade_Trade_Search_Page/Page_Checkatrade Find a tradesperson you can trust/input_Search_Button_FF' is visible

2020-04-16 08:57:43 - [TEST_STEP][PASSED] - else: The <<<OLD>>> Website was detected by the STARTUP Process

2020-04-16 08:57:43 - [TEST_STEP][PASSED] - Website_Version = "old": null

2020-04-16 08:57:43 - [TEST_STEP][PASSED] - logInfo("The <<<OLD>>> Website was detected by the STARTUP Process"): The <<<OLD>>> Website was detected by the STARTUP Process

2020-04-16 08:57:43 - [MESSAGE][INFO] - The <<<OLD>>> Website was detected by the STARTUP Process

2020-04-16 08:57:43 - [MESSAGE][PASSED] - Call Test Case 'Test Cases/Reusable_Test_Sequences/CAT_Setup' successfully

2020-04-16 08:57:43 - [TEST_STEP][PASSED] - " Home Page validation Checks after COOKIE Dispelled NOT REQUIRED IN THIS INSTANCE": null

2020-04-16 08:57:43 - [TEST_STEP][PASSED] - "---------------------------------------": null

2020-04-16 08:57:43 - [TEST_STEP][PASSED] - " Set and SEARCH TRADE CLASSIFICATION   |": null

2020-04-16 08:57:43 - [TEST_STEP][PASSED] - callTestCase(findTestCase("Reusable_Test_Sequences/CAT_Enter_Trade_Classification_NEG"), [:], CONTINUE_ON_FAILURE): Call Test Case 'Test Cases/Reusable_Test_Sequences/CAT_Enter_Trade_Classification_NEG' successfully

2020-04-16 08:57:43 - [TEST_CASE][PASSED] - Test Cases/Reusable_Test_Sequences/CAT_Enter_Trade_Classification_NEG: Test Cases/Reusable_Test_Sequences/CAT_Enter_Trade_Classification_NEG

2020-04-16 08:57:43 - [TEST_STEP][PASSED] - "---------------------------------": null

2020-04-16 08:57:43 - [TEST_STEP][PASSED] - "Set and SEARCH SELECTED TRADE": null

2020-04-16 08:57:43 - [TEST_STEP][PASSED] - if (Website_Version == "new"): null

2020-04-16 08:57:43 - [TEST_STEP][PASSED] - else: Text 'Roofer' is set on object 'Object Repository/Checkatrade_Trade_Search_Page/Page_Checkatrade Find a tradesperson you can trust/input_Search_Button_FF'

2020-04-16 08:57:43 - [TEST_STEP][PASSED] - click(findTestObject("Object Repository/Checkatrade_Trade_Search_Page/Page_Checkatrade Find a tradesperson you can trust/input_Search_Button_FF")): Object: 'Object Repository/Checkatrade_Trade_Search_Page/Page_Checkatrade Find a tradesperson you can trust/input_Search_Button_FF' is clicked on

2020-04-16 08:57:44 - [MESSAGE][PASSED] - Object: 'Object Repository/Checkatrade_Trade_Search_Page/Page_Checkatrade Find a tradesperson you can trust/input_Search_Button_FF' is clicked on

2020-04-16 08:57:44 - [TEST_STEP][PASSED] - setText(findTestObject("Object Repository/Checkatrade_Trade_Search_Page/Page_Checkatrade Find a tradesperson you can trust/input_Search_Button_FF"), findTestData("Search_Trader_Location_Data_NEG").getValue("tradeClassification", row)): Text 'Roofer' is set on object 'Object Repository/Checkatrade_Trade_Search_Page/Page_Checkatrade Find a tradesperson you can trust/input_Search_Button_FF'

2020-04-16 08:57:44 - [MESSAGE][PASSED] - Text 'Roofer' is set on object 'Object Repository/Checkatrade_Trade_Search_Page/Page_Checkatrade Find a tradesperson you can trust/input_Search_Button_FF'

2020-04-16 08:57:44 - [MESSAGE][PASSED] - Call Test Case 'Test Cases/Reusable_Test_Sequences/CAT_Enter_Trade_Classification_NEG' successfully

2020-04-16 08:57:44 - [TEST_STEP][PASSED] - "---------------------------------------": null

2020-04-16 08:57:44 - [TEST_STEP][PASSED] - " Set and SEARCH TRADE LOCATION         |": null

2020-04-16 08:57:44 - [TEST_STEP][PASSED] - callTestCase(findTestCase("Reusable_Test_Sequences/CAT_Enter_Trade_Location_NEG"), [:], CONTINUE_ON_FAILURE): Call Test Case 'Test Cases/Reusable_Test_Sequences/CAT_Enter_Trade_Location_NEG' successfully

2020-04-16 08:57:44 - [TEST_CASE][PASSED] - Test Cases/Reusable_Test_Sequences/CAT_Enter_Trade_Location_NEG: Test Cases/Reusable_Test_Sequences/CAT_Enter_Trade_Location_NEG

2020-04-16 08:57:44 - [TEST_STEP][PASSED] - "---------------------------------": null

2020-04-16 08:57:44 - [TEST_STEP][PASSED] - "Set and SEARCH SELECTED LOCATION |": null

2020-04-16 08:57:44 - [TEST_STEP][PASSED] - if (Website_Version != "new"): Text 'PO23 7SD' is set on object 'Object Repository/Checkatrade_Trade_Search_Page/Page_Checkatrade Find a tradesperson you can trust/input_Not here_location'

2020-04-16 08:57:44 - [TEST_STEP][PASSED] - click(findTestObject("Object Repository/Checkatrade_Trade_Search_Page/Page_Checkatrade Find a tradesperson you can trust/input_Not here_location")): Object: 'Object Repository/Checkatrade_Trade_Search_Page/Page_Checkatrade Find a tradesperson you can trust/input_Not here_location' is clicked on

2020-04-16 08:57:44 - [MESSAGE][PASSED] - Object: 'Object Repository/Checkatrade_Trade_Search_Page/Page_Checkatrade Find a tradesperson you can trust/input_Not here_location' is clicked on

2020-04-16 08:57:44 - [TEST_STEP][PASSED] - setText(findTestObject("Object Repository/Checkatrade_Trade_Search_Page/Page_Checkatrade Find a tradesperson you can trust/input_Not here_location"), findTestData("Search_Trader_Location_Data_NEG").getValue("tradeNameLocation", row)): Text 'PO23 7SD' is set on object 'Object Repository/Checkatrade_Trade_Search_Page/Page_Checkatrade Find a tradesperson you can trust/input_Not here_location'

2020-04-16 08:57:44 - [MESSAGE][PASSED] - Text 'PO23 7SD' is set on object 'Object Repository/Checkatrade_Trade_Search_Page/Page_Checkatrade Find a tradesperson you can trust/input_Not here_location'

2020-04-16 08:57:44 - [TEST_STEP][PASSED] - if (verifyTextNotPresent("Sorry, no results found", false)): null

2020-04-16 08:57:44 - [MESSAGE][PASSED] - Text 'Sorry, no results found' is not present on page

2020-04-16 08:57:44 - [TEST_STEP][PASSED] - markPassed("The Expected Lookup Result(s) ARE being returned by the Lookup Service, AS EXPECTED"): The Expected Lookup Result(s) ARE being returned by the Lookup Service, AS EXPECTED

2020-04-16 08:57:44 - [MESSAGE][PASSED] - The Expected Lookup Result(s) ARE being returned by the Lookup Service, AS EXPECTED

2020-04-16 08:57:44 - [MESSAGE][PASSED] - Call Test Case 'Test Cases/Reusable_Test_Sequences/CAT_Enter_Trade_Location_NEG' successfully

2020-04-16 08:57:44 - [TEST_STEP][PASSED] - "---------------------------------------": null

2020-04-16 08:57:44 - [TEST_STEP][PASSED] - " Scroll Search Button into View        |": null

2020-04-16 08:57:44 - [TEST_STEP][PASSED] - "---------------------------------------": null

2020-04-16 08:57:44 - [TEST_STEP][PASSED] - "---------------------------------------": null

2020-04-16 08:57:44 - [TEST_STEP][PASSED] - " Hit Search Button                     |": null

2020-04-16 08:57:44 - [TEST_STEP][PASSED] - callTestCase(findTestCase("Reusable_Test_Sequences/CAT_Hit_Search_Button"), [:], CONTINUE_ON_FAILURE): Call Test Case 'Test Cases/Reusable_Test_Sequences/CAT_Hit_Search_Button' successfully

2020-04-16 08:57:45 - [TEST_CASE][PASSED] - Test Cases/Reusable_Test_Sequences/CAT_Hit_Search_Button: Test Cases/Reusable_Test_Sequences/CAT_Hit_Search_Button

2020-04-16 08:57:45 - [TEST_STEP][PASSED] - "---------------------------------": null

2020-04-16 08:57:45 - [TEST_STEP][PASSED] - "HIT SEARCH": null

2020-04-16 08:57:45 - [TEST_STEP][PASSED] - "---------------------------------": null

2020-04-16 08:57:45 - [TEST_STEP][PASSED] - if (Website_Version == "new"): null

2020-04-16 08:57:45 - [TEST_STEP][PASSED] - else: Object: 'Object Repository/Page_Checkatrade Find a tradesperson you can trust/a_Search' is clicked on

2020-04-16 08:57:45 - [TEST_STEP][PASSED] - waitForElementClickable(findTestObject("Object Repository/Page_Checkatrade Find a tradesperson you can trust/a_Search"), 25): Object 'Object Repository/Page_Checkatrade Find a tradesperson you can trust/a_Search' is clickable

2020-04-16 08:57:45 - [MESSAGE][PASSED] - Object 'Object Repository/Page_Checkatrade Find a tradesperson you can trust/a_Search' is clickable

2020-04-16 08:57:45 - [TEST_STEP][PASSED] - click(findTestObject("Object Repository/Page_Checkatrade Find a tradesperson you can trust/a_Search")): Object: 'Object Repository/Page_Checkatrade Find a tradesperson you can trust/a_Search' is clicked on

2020-04-16 08:57:46 - [MESSAGE][PASSED] - Object: 'Object Repository/Page_Checkatrade Find a tradesperson you can trust/a_Search' is clicked on

2020-04-16 08:57:46 - [MESSAGE][PASSED] - Call Test Case 'Test Cases/Reusable_Test_Sequences/CAT_Hit_Search_Button' successfully

2020-04-16 08:57:46 - [TEST_STEP][PASSED] - "------------------------------------------": null

2020-04-16 08:57:46 - [TEST_STEP][PASSED] - " Expected ERROR Reported                  |": null

2020-04-16 08:57:46 - [TEST_STEP][PASSED] - callTestCase(findTestCase("Reusable_Test_Sequences/CAT_Search_Location_Not_Returned"), [:], CONTINUE_ON_FAILURE): Call Test Case 'Test Cases/Reusable_Test_Sequences/CAT_Search_Location_Not_Returned' successfully

2020-04-16 08:57:46 - [TEST_CASE][PASSED] - Test Cases/Reusable_Test_Sequences/CAT_Search_Location_Not_Returned: Test Cases/Reusable_Test_Sequences/CAT_Search_Location_Not_Returned

2020-04-16 08:57:46 - [TEST_STEP][PASSED] - "For later Extension": null

2020-04-16 08:57:46 - [TEST_STEP][PASSED] - "--------------------------------": null

2020-04-16 08:57:46 - [TEST_STEP][PASSED] - "Read data from spreadsheet      | r_ = Returned Data": null

2020-04-16 08:57:46 - [TEST_STEP][PASSED] - data = findTestData("Data Files/Search_Trader_Location_Data_NEG"): null

2020-04-16 08:57:46 - [TEST_STEP][PASSED] - Search_Trader_Location = data.getValue("tradeNameLocation", row): null

2020-04-16 08:57:46 - [TEST_STEP][PASSED] - Search_Trade_Clasification = data.getValue("tradeClassification", row): null

2020-04-16 08:57:46 - [TEST_STEP][PASSED] - "------------------------------------------------------------------------": null

2020-04-16 08:57:46 - [TEST_STEP][PASSED] - "VALUES - 1 = Enter Trade Location Status - 2 = 404 No File or Directory |": null

2020-04-16 08:57:46 - [TEST_STEP][PASSED] - Flag_Search_Location_Error = "0": null

2020-04-16 08:57:46 - [TEST_STEP][PASSED] - delay(1): Delayed 1 second(s)

2020-04-16 08:57:47 - [MESSAGE][PASSED] - Delayed 1 second(s)

2020-04-16 08:57:47 - [TEST_STEP][PASSED] - waitForPageLoad(60): Wait for page load successfully

2020-04-16 08:57:47 - [MESSAGE][PASSED] - Wait for page load successfully

2020-04-16 08:57:47 - [TEST_STEP][PASSED] - "-------------------------------------------------------------------------------------------------------------------------": null

2020-04-16 08:57:47 - [TEST_STEP][PASSED] - "Scenario 1 - Location, Incorrect Numeric Value or Postcode Returns Highlighted (RED) Text Please enter a valid Location  |": null

2020-04-16 08:57:47 - [TEST_STEP][PASSED] - try: null

2020-04-16 08:57:47 - [TEST_STEP][PASSED] - verifyTextPresent("Please enter a trade and a location", false, OPTIONAL): Text 'Please enter a trade and a location' is not present on page  (Root cause: com.kms.katalon.core.exception.StepFailedException: Text 'Please enter a trade and a location' is not present on page 
	at com.kms.katalon.core.webui.keyword.internal.WebUIKeywordMain.stepFailed(WebUIKeywordMain.groovy:64)
	at com.kms.katalon.core.webui.keyword.builtin.VerifyTextPresentKeyword$_verifyTextPresent_closure1.doCall(VerifyTextPresentKeyword.groovy:79)
	at com.kms.katalon.core.webui.keyword.builtin.VerifyTextPresentKeyword$_verifyTextPresent_closure1.call(VerifyTextPresentKeyword.groovy)
	at com.kms.katalon.core.webui.keyword.internal.WebUIKeywordMain.runKeyword(WebUIKeywordMain.groovy:20)
	at com.kms.katalon.core.webui.keyword.builtin.VerifyTextPresentKeyword.verifyTextPresent(VerifyTextPresentKeyword.groovy:83)
	at com.kms.katalon.core.webui.keyword.builtin.VerifyTextPresentKeyword.execute(VerifyTextPresentKeyword.groovy:68)
	at com.kms.katalon.core.keyword.internal.KeywordExecutor.executeKeywordForPlatform(KeywordExecutor.groovy:72)
	at com.kms.katalon.core.webui.keyword.WebUiBuiltInKeywords.verifyTextPresent(WebUiBuiltInKeywords.groovy:1703)
	at com.kms.katalon.core.webui.keyword.WebUiBuiltInKeywords$verifyTextPresent$13.call(Unknown Source)
	at CAT_Search_Location_Not_Returned.run(CAT_Search_Location_Not_Returned:42)
	at com.kms.katalon.core.main.ScriptEngine.run(ScriptEngine.java:194)
	at com.kms.katalon.core.main.ScriptEngine.runScriptAsRawText(ScriptEngine.java:119)
	at com.kms.katalon.core.main.TestCaseExecutor.runScript(TestCaseExecutor.java:337)
	at com.kms.katalon.core.main.TestCaseExecutor.doExecute(TestCaseExecutor.java:328)
	at com.kms.katalon.core.main.TestCaseExecutor.processExecutionPhase(TestCaseExecutor.java:307)
	at com.kms.katalon.core.main.TestCaseExecutor.accessMainPhase(TestCaseExecutor.java:299)
	at com.kms.katalon.core.main.TestCaseExecutor.execute(TestCaseExecutor.java:233)
	at com.kms.katalon.core.main.TestCaseMain.runTestCase(TestCaseMain.java:114)
	at com.kms.katalon.core.keyword.builtin.CallTestCaseKeyword$_callTestCase_closure1.doCall(CallTestCaseKeyword.groovy:59)
	at com.kms.katalon.core.keyword.builtin.CallTestCaseKeyword$_callTestCase_closure1.call(CallTestCaseKeyword.groovy)
	at com.kms.katalon.core.keyword.internal.KeywordMain.runKeyword(KeywordMain.groovy:68)
	at com.kms.katalon.core.keyword.builtin.CallTestCaseKeyword.callTestCase(CallTestCaseKeyword.groovy:81)
	at com.kms.katalon.core.keyword.builtin.CallTestCaseKeyword.execute(CallTestCaseKeyword.groovy:44)
	at com.kms.katalon.core.keyword.internal.KeywordExecutor.executeKeywordForPlatform(KeywordExecutor.groovy:72)
	at com.kms.katalon.core.keyword.BuiltinKeywords.callTestCase(BuiltinKeywords.groovy:334)
	at Trader_Location_Not_Listed.run(Trader_Location_Not_Listed:87)
	at com.kms.katalon.core.main.ScriptEngine.run(ScriptEngine.java:194)
	at com.kms.katalon.core.main.ScriptEngine.runScriptAsRawText(ScriptEngine.java:119)
	at com.kms.katalon.core.main.TestCaseExecutor.runScript(TestCaseExecutor.java:337)
	at com.kms.katalon.core.main.TestCaseExecutor.doExecute(TestCaseExecutor.java:328)
	at com.kms.katalon.core.main.TestCaseExecutor.processExecutionPhase(TestCaseExecutor.java:307)
	at com.kms.katalon.core.main.TestCaseExecutor.accessMainPhase(TestCaseExecutor.java:299)
	at com.kms.katalon.core.main.TestCaseExecutor.execute(TestCaseExecutor.java:233)
	at com.kms.katalon.core.main.TestSuiteExecutor.accessTestCaseMainPhase(TestSuiteExecutor.java:169)
	at com.kms.katalon.core.main.TestSuiteExecutor.accessTestSuiteMainPhase(TestSuiteExecutor.java:142)
	at com.kms.katalon.core.main.TestSuiteExecutor.execute(TestSuiteExecutor.java:91)
	at com.kms.katalon.core.main.TestCaseMain.startTestSuite(TestCaseMain.java:157)
	at com.kms.katalon.core.main.TestCaseMain$startTestSuite$0.call(Unknown Source)
	at TempTestSuite1587023610989.run(TempTestSuite1587023610989.groovy:36)
)

2020-04-16 08:57:47 - [MESSAGE][WARNING] - Text 'Please enter a trade and a location' is not present on page  (Root cause: com.kms.katalon.core.exception.StepFailedException: Text 'Please enter a trade and a location' is not present on page 
	at com.kms.katalon.core.webui.keyword.internal.WebUIKeywordMain.stepFailed(WebUIKeywordMain.groovy:64)
	at com.kms.katalon.core.webui.keyword.builtin.VerifyTextPresentKeyword$_verifyTextPresent_closure1.doCall(VerifyTextPresentKeyword.groovy:79)
	at com.kms.katalon.core.webui.keyword.builtin.VerifyTextPresentKeyword$_verifyTextPresent_closure1.call(VerifyTextPresentKeyword.groovy)
	at com.kms.katalon.core.webui.keyword.internal.WebUIKeywordMain.runKeyword(WebUIKeywordMain.groovy:20)
	at com.kms.katalon.core.webui.keyword.builtin.VerifyTextPresentKeyword.verifyTextPresent(VerifyTextPresentKeyword.groovy:83)
	at com.kms.katalon.core.webui.keyword.builtin.VerifyTextPresentKeyword.execute(VerifyTextPresentKeyword.groovy:68)
	at com.kms.katalon.core.keyword.internal.KeywordExecutor.executeKeywordForPlatform(KeywordExecutor.groovy:72)
	at com.kms.katalon.core.webui.keyword.WebUiBuiltInKeywords.verifyTextPresent(WebUiBuiltInKeywords.groovy:1703)
	at com.kms.katalon.core.webui.keyword.WebUiBuiltInKeywords$verifyTextPresent$13.call(Unknown Source)
	at CAT_Search_Location_Not_Returned.run(CAT_Search_Location_Not_Returned:42)
	at com.kms.katalon.core.main.ScriptEngine.run(ScriptEngine.java:194)
	at com.kms.katalon.core.main.ScriptEngine.runScriptAsRawText(ScriptEngine.java:119)
	at com.kms.katalon.core.main.TestCaseExecutor.runScript(TestCaseExecutor.java:337)
	at com.kms.katalon.core.main.TestCaseExecutor.doExecute(TestCaseExecutor.java:328)
	at com.kms.katalon.core.main.TestCaseExecutor.processExecutionPhase(TestCaseExecutor.java:307)
	at com.kms.katalon.core.main.TestCaseExecutor.accessMainPhase(TestCaseExecutor.java:299)
	at com.kms.katalon.core.main.TestCaseExecutor.execute(TestCaseExecutor.java:233)
	at com.kms.katalon.core.main.TestCaseMain.runTestCase(TestCaseMain.java:114)
	at com.kms.katalon.core.keyword.builtin.CallTestCaseKeyword$_callTestCase_closure1.doCall(CallTestCaseKeyword.groovy:59)
	at com.kms.katalon.core.keyword.builtin.CallTestCaseKeyword$_callTestCase_closure1.call(CallTestCaseKeyword.groovy)
	at com.kms.katalon.core.keyword.internal.KeywordMain.runKeyword(KeywordMain.groovy:68)
	at com.kms.katalon.core.keyword.builtin.CallTestCaseKeyword.callTestCase(CallTestCaseKeyword.groovy:81)
	at com.kms.katalon.core.keyword.builtin.CallTestCaseKeyword.execute(CallTestCaseKeyword.groovy:44)
	at com.kms.katalon.core.keyword.internal.KeywordExecutor.executeKeywordForPlatform(KeywordExecutor.groovy:72)
	at com.kms.katalon.core.keyword.BuiltinKeywords.callTestCase(BuiltinKeywords.groovy:334)
	at Trader_Location_Not_Listed.run(Trader_Location_Not_Listed:87)
	at com.kms.katalon.core.main.ScriptEngine.run(ScriptEngine.java:194)
	at com.kms.katalon.core.main.ScriptEngine.runScriptAsRawText(ScriptEngine.java:119)
	at com.kms.katalon.core.main.TestCaseExecutor.runScript(TestCaseExecutor.java:337)
	at com.kms.katalon.core.main.TestCaseExecutor.doExecute(TestCaseExecutor.java:328)
	at com.kms.katalon.core.main.TestCaseExecutor.processExecutionPhase(TestCaseExecutor.java:307)
	at com.kms.katalon.core.main.TestCaseExecutor.accessMainPhase(TestCaseExecutor.java:299)
	at com.kms.katalon.core.main.TestCaseExecutor.execute(TestCaseExecutor.java:233)
	at com.kms.katalon.core.main.TestSuiteExecutor.accessTestCaseMainPhase(TestSuiteExecutor.java:169)
	at com.kms.katalon.core.main.TestSuiteExecutor.accessTestSuiteMainPhase(TestSuiteExecutor.java:142)
	at com.kms.katalon.core.main.TestSuiteExecutor.execute(TestSuiteExecutor.java:91)
	at com.kms.katalon.core.main.TestCaseMain.startTestSuite(TestCaseMain.java:157)
	at com.kms.katalon.core.main.TestCaseMain$startTestSuite$0.call(Unknown Source)
	at TempTestSuite1587023610989.run(TempTestSuite1587023610989.groovy:36)
)

2020-04-16 08:57:47 - [TEST_STEP][PASSED] - Flag_Search_Location_Error = "1": null

2020-04-16 08:57:47 - [TEST_STEP][PASSED] - "-----------------------------------------------------------------------------------------------------------------------------------": null

2020-04-16 08:57:47 - [TEST_STEP][PASSED] - "Scenario 2 - Location, Incorrect or Non Existing Data Beyond the Realms of the Database - Return 404 - File or Directory NOT FOUND |": null

2020-04-16 08:57:47 - [TEST_STEP][PASSED] - try: null

2020-04-16 08:57:47 - [TEST_STEP][PASSED] - verifyTextPresent("404 - File or directory not found", false, OPTIONAL): Text '404 - File or directory not found' is present on page 

2020-04-16 08:57:47 - [MESSAGE][PASSED] - Text '404 - File or directory not found' is present on page 

2020-04-16 08:57:47 - [TEST_STEP][PASSED] - Flag_Search_Location_Error = "2": null

2020-04-16 08:57:47 - [TEST_STEP][PASSED] - if (Flag_Search_Location_Error == "1"): null

2020-04-16 08:57:47 - [TEST_STEP][PASSED] - if (Flag_Search_Location_Error == "2"): Error 404 Reported as Expected, Resource Unavailable

2020-04-16 08:57:47 - [TEST_STEP][PASSED] - markPassed("Error 404 Reported as Expected, Resource Unavailable"): Error 404 Reported as Expected, Resource Unavailable

2020-04-16 08:57:47 - [MESSAGE][PASSED] - Error 404 Reported as Expected, Resource Unavailable

2020-04-16 08:57:47 - [TEST_STEP][PASSED] - if (Flag_Search_Location_Error == "0"): null

2020-04-16 08:57:47 - [TEST_STEP][PASSED] - if (Flag_Search_Location_Error > "0"): Invalid Location was Correctly Highlighted for Trade Type <Roofer> Based in <PO23 7SD>

2020-04-16 08:57:47 - [TEST_STEP][PASSED] - markPassed("Invalid Location was Correctly Highlighted for Trade Type <" + Search_Trade_Clasification + "> Based in <" + Search_Trader_Location + ">"): Invalid Location was Correctly Highlighted for Trade Type <Roofer> Based in <PO23 7SD>

2020-04-16 08:57:47 - [MESSAGE][PASSED] - Invalid Location was Correctly Highlighted for Trade Type <Roofer> Based in <PO23 7SD>

2020-04-16 08:57:47 - [MESSAGE][PASSED] - Call Test Case 'Test Cases/Reusable_Test_Sequences/CAT_Search_Location_Not_Returned' successfully

2020-04-16 08:57:47 - [TEST_STEP][PASSED] - "--------------------------": null

2020-04-16 08:57:47 - [TEST_STEP][PASSED] - " Teardown - CLose Browser |": null

2020-04-16 08:57:47 - [TEST_STEP][PASSED] - callTestCase(findTestCase("Reusable_Test_Sequences/CAT_Teardown"), [:], OPTIONAL): Call Test Case 'Test Cases/Reusable_Test_Sequences/CAT_Teardown' successfully

2020-04-16 08:57:47 - [TEST_CASE][PASSED] - Test Cases/Reusable_Test_Sequences/CAT_Teardown: Test Cases/Reusable_Test_Sequences/CAT_Teardown

2020-04-16 08:57:47 - [TEST_STEP][PASSED] - closeBrowser(): Browser is closed

2020-04-16 08:57:48 - [MESSAGE][PASSED] - Browser is closed

2020-04-16 08:57:48 - [TEST_STEP][PASSED] - super.finalize(): null

2020-04-16 08:57:48 - [TEST_STEP][PASSED] - System.gc(): null

2020-04-16 08:57:48 - [MESSAGE][PASSED] - Call Test Case 'Test Cases/Reusable_Test_Sequences/CAT_Teardown' successfully

2020-04-16 08:57:48 - [TEST_STEP][PASSED] - callTestCase(findTestCase("Reusable_Test_Sequences/CAT_Setup"), [:], STOP_ON_FAILURE): Call Test Case 'Test Cases/Reusable_Test_Sequences/CAT_Setup' successfully

2020-04-16 08:57:48 - [TEST_CASE][PASSED] - Test Cases/Reusable_Test_Sequences/CAT_Setup: Test Cases/Reusable_Test_Sequences/CAT_Setup

2020-04-16 08:57:48 - [TEST_STEP][PASSED] - "------------------------------": null

2020-04-16 08:57:48 - [TEST_STEP][PASSED] - " Set Mobile Device Testing    |": null

2020-04-16 08:57:48 - [TEST_STEP][PASSED] - if (Mobile_Flag == "true"): null

2020-04-16 08:57:48 - [TEST_STEP][PASSED] - "------------------------------": null

2020-04-16 08:57:48 - [TEST_STEP][PASSED] - " Set Mobile Device Testing    |": null

2020-04-16 08:57:48 - [TEST_STEP][PASSED] - "------------------------------": null

2020-04-16 08:57:48 - [TEST_STEP][PASSED] - "URL - Set from the ENVIRONMENT PROFILE ": null

2020-04-16 08:57:48 - [TEST_STEP][PASSED] - openBrowser(URL): Browser is opened with url: 'https://www.preview.checkatrade.com/'

2020-04-16 08:57:48 - [MESSAGE][INFO] - Starting 'Chrome' driver

2020-04-16 08:57:48 - [MESSAGE][INFO] - Action delay is set to 0 milliseconds

2020-04-16 08:57:54 - [MESSAGE][PASSED] - Browser is opened with url: 'https://www.preview.checkatrade.com/'

2020-04-16 08:57:54 - [TEST_STEP][PASSED] - maximizeWindow(): Current window maximized

2020-04-16 08:57:56 - [MESSAGE][PASSED] - Current window maximized

2020-04-16 08:57:56 - [TEST_STEP][PASSED] - waitForPageLoad(60): Wait for page load successfully

2020-04-16 08:57:56 - [MESSAGE][PASSED] - Wait for page load successfully

2020-04-16 08:57:56 - [TEST_STEP][PASSED] - "Previous Functionalilty Left Commented For Ease Of reversion": null

2020-04-16 08:57:56 - [TEST_STEP][PASSED] - " Katalon Try/Catches currently have issues? SEE HEADER": null

2020-04-16 08:57:56 - [TEST_STEP][PASSED] - try: Text 'Cookie Policy' is not present on page

2020-04-16 08:57:56 - [TEST_STEP][PASSED] - verifyElementPresent(findTestObject("Object Repository/Cookies/Page_Checkatrade Find a tradesperson you can trust/button_Accept All"), 5, OPTIONAL): Object 'Object Repository/Cookies/Page_Checkatrade Find a tradesperson you can trust/button_Accept All' is present

2020-04-16 08:57:56 - [MESSAGE][PASSED] - Object 'Object Repository/Cookies/Page_Checkatrade Find a tradesperson you can trust/button_Accept All' is present

2020-04-16 08:57:56 - [TEST_STEP][PASSED] - click(findTestObject("Object Repository/Cookies/Page_Checkatrade Find a tradesperson you can trust/button_Accept All"), OPTIONAL): Object: 'Object Repository/Cookies/Page_Checkatrade Find a tradesperson you can trust/button_Accept All' is clicked on

2020-04-16 08:57:56 - [MESSAGE][PASSED] - Object: 'Object Repository/Cookies/Page_Checkatrade Find a tradesperson you can trust/button_Accept All' is clicked on

2020-04-16 08:57:56 - [TEST_STEP][PASSED] - "---------------------------------": null

2020-04-16 08:57:56 - [TEST_STEP][PASSED] - "COOKIE POPOUT REMOVED - Confirmed": null

2020-04-16 08:57:56 - [TEST_STEP][PASSED] - delay(1): Delayed 1 second(s)

2020-04-16 08:57:57 - [MESSAGE][PASSED] - Delayed 1 second(s)

2020-04-16 08:57:57 - [TEST_STEP][PASSED] - verifyTextNotPresent("We use cookies to personalise content and ads, to provide social media features and to analyse our traffic", false): Text 'We use cookies to personalise content and ads, to provide social media features and to analyse our traffic' is not present on page

2020-04-16 08:57:57 - [MESSAGE][PASSED] - Text 'We use cookies to personalise content and ads, to provide social media features and to analyse our traffic' is not present on page

2020-04-16 08:57:57 - [TEST_STEP][PASSED] - verifyTextNotPresent(" We also share information about your use of our site with our social media, advertising and analytics partners", false): Text ' We also share information about your use of our site with our social media, advertising and analytics partners' is not present on page

2020-04-16 08:57:57 - [MESSAGE][PASSED] - Text ' We also share information about your use of our site with our social media, advertising and analytics partners' is not present on page

2020-04-16 08:57:57 - [TEST_STEP][PASSED] - verifyTextNotPresent("Cookie Policy", false): Text 'Cookie Policy' is not present on page

2020-04-16 08:57:57 - [MESSAGE][PASSED] - Text 'Cookie Policy' is not present on page

2020-04-16 08:57:57 - [TEST_STEP][PASSED] - waitForPageLoad(60): Wait for page load successfully

2020-04-16 08:57:57 - [MESSAGE][PASSED] - Wait for page load successfully

2020-04-16 08:57:57 - [TEST_STEP][PASSED] - "COOKIE - ORIGINAL": null

2020-04-16 08:57:57 - [TEST_STEP][PASSED] - if (waitForElementVisible(findTestObject("Object Repository/Feedback/Page_Checkatrade Give your feedback/input_Member_to_Review"), 5)): Web element with id: 'Object Repository/Feedback/Page_Checkatrade Give your feedback/input_Member_to_Review' located by 'By.xpath: //input[@id='feedback-form__company_autocomplete_input']' not found

2020-04-16 08:58:03 - [MESSAGE][INFO] - Unable to find the element located by 'By.xpath: //input[@id='feedback-form__company_autocomplete_input']'. Please recheck the objects properties to make sure the desired element is located. 

2020-04-16 08:58:03 - [MESSAGE][WARNING] - Web element with id: 'Object Repository/Feedback/Page_Checkatrade Give your feedback/input_Member_to_Review' located by 'By.xpath: //input[@id='feedback-form__company_autocomplete_input']' not found

2020-04-16 08:58:03 - [TEST_STEP][PASSED] - else: The <<<OLD>>> Website was detected by the STARTUP Process

2020-04-16 08:58:03 - [TEST_STEP][PASSED] - if (!(verifyElementVisible(findTestObject("Object Repository/Checkatrade_Trade_Search_Page/Page_Checkatrade Find a tradesperson you can trust/input_Search_Button_FF")))): Object 'Object Repository/Checkatrade_Trade_Search_Page/Page_Checkatrade Find a tradesperson you can trust/input_Search_Button_FF' is visible

2020-04-16 08:58:03 - [MESSAGE][PASSED] - Object 'Object Repository/Checkatrade_Trade_Search_Page/Page_Checkatrade Find a tradesperson you can trust/input_Search_Button_FF' is visible

2020-04-16 08:58:03 - [TEST_STEP][PASSED] - else: The <<<OLD>>> Website was detected by the STARTUP Process

2020-04-16 08:58:03 - [TEST_STEP][PASSED] - Website_Version = "old": null

2020-04-16 08:58:03 - [TEST_STEP][PASSED] - logInfo("The <<<OLD>>> Website was detected by the STARTUP Process"): The <<<OLD>>> Website was detected by the STARTUP Process

2020-04-16 08:58:03 - [MESSAGE][INFO] - The <<<OLD>>> Website was detected by the STARTUP Process

2020-04-16 08:58:03 - [MESSAGE][PASSED] - Call Test Case 'Test Cases/Reusable_Test_Sequences/CAT_Setup' successfully

2020-04-16 08:58:03 - [TEST_STEP][PASSED] - " Home Page validation Checks after COOKIE Dispelled NOT REQUIRED IN THIS INSTANCE": null

2020-04-16 08:58:03 - [TEST_STEP][PASSED] - "---------------------------------------": null

2020-04-16 08:58:03 - [TEST_STEP][PASSED] - " Set and SEARCH TRADE CLASSIFICATION   |": null

2020-04-16 08:58:03 - [TEST_STEP][PASSED] - callTestCase(findTestCase("Reusable_Test_Sequences/CAT_Enter_Trade_Classification_NEG"), [:], CONTINUE_ON_FAILURE): Call Test Case 'Test Cases/Reusable_Test_Sequences/CAT_Enter_Trade_Classification_NEG' successfully

2020-04-16 08:58:03 - [TEST_CASE][PASSED] - Test Cases/Reusable_Test_Sequences/CAT_Enter_Trade_Classification_NEG: Test Cases/Reusable_Test_Sequences/CAT_Enter_Trade_Classification_NEG

2020-04-16 08:58:03 - [TEST_STEP][PASSED] - "---------------------------------": null

2020-04-16 08:58:03 - [TEST_STEP][PASSED] - "Set and SEARCH SELECTED TRADE": null

2020-04-16 08:58:03 - [TEST_STEP][PASSED] - if (Website_Version == "new"): null

2020-04-16 08:58:03 - [TEST_STEP][PASSED] - else: Text 'Drone Surveying' is set on object 'Object Repository/Checkatrade_Trade_Search_Page/Page_Checkatrade Find a tradesperson you can trust/input_Search_Button_FF'

2020-04-16 08:58:03 - [TEST_STEP][PASSED] - click(findTestObject("Object Repository/Checkatrade_Trade_Search_Page/Page_Checkatrade Find a tradesperson you can trust/input_Search_Button_FF")): Object: 'Object Repository/Checkatrade_Trade_Search_Page/Page_Checkatrade Find a tradesperson you can trust/input_Search_Button_FF' is clicked on

2020-04-16 08:58:03 - [MESSAGE][PASSED] - Object: 'Object Repository/Checkatrade_Trade_Search_Page/Page_Checkatrade Find a tradesperson you can trust/input_Search_Button_FF' is clicked on

2020-04-16 08:58:03 - [TEST_STEP][PASSED] - setText(findTestObject("Object Repository/Checkatrade_Trade_Search_Page/Page_Checkatrade Find a tradesperson you can trust/input_Search_Button_FF"), findTestData("Search_Trader_Location_Data_NEG").getValue("tradeClassification", row)): Text 'Drone Surveying' is set on object 'Object Repository/Checkatrade_Trade_Search_Page/Page_Checkatrade Find a tradesperson you can trust/input_Search_Button_FF'

2020-04-16 08:58:03 - [MESSAGE][PASSED] - Text 'Drone Surveying' is set on object 'Object Repository/Checkatrade_Trade_Search_Page/Page_Checkatrade Find a tradesperson you can trust/input_Search_Button_FF'

2020-04-16 08:58:03 - [MESSAGE][PASSED] - Call Test Case 'Test Cases/Reusable_Test_Sequences/CAT_Enter_Trade_Classification_NEG' successfully

2020-04-16 08:58:03 - [TEST_STEP][PASSED] - "---------------------------------------": null

2020-04-16 08:58:03 - [TEST_STEP][PASSED] - " Set and SEARCH TRADE LOCATION         |": null

2020-04-16 08:58:03 - [TEST_STEP][PASSED] - callTestCase(findTestCase("Reusable_Test_Sequences/CAT_Enter_Trade_Location_NEG"), [:], CONTINUE_ON_FAILURE): Call Test Case 'Test Cases/Reusable_Test_Sequences/CAT_Enter_Trade_Location_NEG' successfully

2020-04-16 08:58:04 - [TEST_CASE][PASSED] - Test Cases/Reusable_Test_Sequences/CAT_Enter_Trade_Location_NEG: Test Cases/Reusable_Test_Sequences/CAT_Enter_Trade_Location_NEG

2020-04-16 08:58:04 - [TEST_STEP][PASSED] - "---------------------------------": null

2020-04-16 08:58:04 - [TEST_STEP][PASSED] - "Set and SEARCH SELECTED LOCATION |": null

2020-04-16 08:58:04 - [TEST_STEP][PASSED] - if (Website_Version != "new"): Text 'ZZZ' is set on object 'Object Repository/Checkatrade_Trade_Search_Page/Page_Checkatrade Find a tradesperson you can trust/input_Not here_location'

2020-04-16 08:58:04 - [TEST_STEP][PASSED] - click(findTestObject("Object Repository/Checkatrade_Trade_Search_Page/Page_Checkatrade Find a tradesperson you can trust/input_Not here_location")): Object: 'Object Repository/Checkatrade_Trade_Search_Page/Page_Checkatrade Find a tradesperson you can trust/input_Not here_location' is clicked on

2020-04-16 08:58:04 - [MESSAGE][PASSED] - Object: 'Object Repository/Checkatrade_Trade_Search_Page/Page_Checkatrade Find a tradesperson you can trust/input_Not here_location' is clicked on

2020-04-16 08:58:04 - [TEST_STEP][PASSED] - setText(findTestObject("Object Repository/Checkatrade_Trade_Search_Page/Page_Checkatrade Find a tradesperson you can trust/input_Not here_location"), findTestData("Search_Trader_Location_Data_NEG").getValue("tradeNameLocation", row)): Text 'ZZZ' is set on object 'Object Repository/Checkatrade_Trade_Search_Page/Page_Checkatrade Find a tradesperson you can trust/input_Not here_location'

2020-04-16 08:58:04 - [MESSAGE][PASSED] - Text 'ZZZ' is set on object 'Object Repository/Checkatrade_Trade_Search_Page/Page_Checkatrade Find a tradesperson you can trust/input_Not here_location'

2020-04-16 08:58:04 - [TEST_STEP][PASSED] - if (verifyTextNotPresent("Sorry, no results found", false)): null

2020-04-16 08:58:04 - [MESSAGE][PASSED] - Text 'Sorry, no results found' is not present on page

2020-04-16 08:58:04 - [TEST_STEP][PASSED] - markPassed("The Expected Lookup Result(s) ARE being returned by the Lookup Service, AS EXPECTED"): The Expected Lookup Result(s) ARE being returned by the Lookup Service, AS EXPECTED

2020-04-16 08:58:04 - [MESSAGE][PASSED] - The Expected Lookup Result(s) ARE being returned by the Lookup Service, AS EXPECTED

2020-04-16 08:58:04 - [MESSAGE][PASSED] - Call Test Case 'Test Cases/Reusable_Test_Sequences/CAT_Enter_Trade_Location_NEG' successfully

2020-04-16 08:58:04 - [TEST_STEP][PASSED] - "---------------------------------------": null

2020-04-16 08:58:04 - [TEST_STEP][PASSED] - " Scroll Search Button into View        |": null

2020-04-16 08:58:04 - [TEST_STEP][PASSED] - "---------------------------------------": null

2020-04-16 08:58:04 - [TEST_STEP][PASSED] - "---------------------------------------": null

2020-04-16 08:58:04 - [TEST_STEP][PASSED] - " Hit Search Button                     |": null

2020-04-16 08:58:04 - [TEST_STEP][PASSED] - callTestCase(findTestCase("Reusable_Test_Sequences/CAT_Hit_Search_Button"), [:], CONTINUE_ON_FAILURE): Call Test Case 'Test Cases/Reusable_Test_Sequences/CAT_Hit_Search_Button' successfully

2020-04-16 08:58:04 - [TEST_CASE][PASSED] - Test Cases/Reusable_Test_Sequences/CAT_Hit_Search_Button: Test Cases/Reusable_Test_Sequences/CAT_Hit_Search_Button

2020-04-16 08:58:04 - [TEST_STEP][PASSED] - "---------------------------------": null

2020-04-16 08:58:04 - [TEST_STEP][PASSED] - "HIT SEARCH": null

2020-04-16 08:58:04 - [TEST_STEP][PASSED] - "---------------------------------": null

2020-04-16 08:58:04 - [TEST_STEP][PASSED] - if (Website_Version == "new"): null

2020-04-16 08:58:04 - [TEST_STEP][PASSED] - else: Object: 'Object Repository/Page_Checkatrade Find a tradesperson you can trust/a_Search' is clicked on

2020-04-16 08:58:04 - [TEST_STEP][PASSED] - waitForElementClickable(findTestObject("Object Repository/Page_Checkatrade Find a tradesperson you can trust/a_Search"), 25): Object 'Object Repository/Page_Checkatrade Find a tradesperson you can trust/a_Search' is clickable

2020-04-16 08:58:04 - [MESSAGE][PASSED] - Object 'Object Repository/Page_Checkatrade Find a tradesperson you can trust/a_Search' is clickable

2020-04-16 08:58:04 - [TEST_STEP][PASSED] - click(findTestObject("Object Repository/Page_Checkatrade Find a tradesperson you can trust/a_Search")): Object: 'Object Repository/Page_Checkatrade Find a tradesperson you can trust/a_Search' is clicked on

2020-04-16 08:58:05 - [MESSAGE][PASSED] - Object: 'Object Repository/Page_Checkatrade Find a tradesperson you can trust/a_Search' is clicked on

2020-04-16 08:58:05 - [MESSAGE][PASSED] - Call Test Case 'Test Cases/Reusable_Test_Sequences/CAT_Hit_Search_Button' successfully

2020-04-16 08:58:05 - [TEST_STEP][PASSED] - "------------------------------------------": null

2020-04-16 08:58:05 - [TEST_STEP][PASSED] - " Expected ERROR Reported                  |": null

2020-04-16 08:58:05 - [TEST_STEP][PASSED] - callTestCase(findTestCase("Reusable_Test_Sequences/CAT_Search_Location_Not_Returned"), [:], CONTINUE_ON_FAILURE): Call Test Case 'Test Cases/Reusable_Test_Sequences/CAT_Search_Location_Not_Returned' successfully

2020-04-16 08:58:05 - [TEST_CASE][PASSED] - Test Cases/Reusable_Test_Sequences/CAT_Search_Location_Not_Returned: Test Cases/Reusable_Test_Sequences/CAT_Search_Location_Not_Returned

2020-04-16 08:58:05 - [TEST_STEP][PASSED] - "For later Extension": null

2020-04-16 08:58:05 - [TEST_STEP][PASSED] - "--------------------------------": null

2020-04-16 08:58:05 - [TEST_STEP][PASSED] - "Read data from spreadsheet      | r_ = Returned Data": null

2020-04-16 08:58:05 - [TEST_STEP][PASSED] - data = findTestData("Data Files/Search_Trader_Location_Data_NEG"): null

2020-04-16 08:58:05 - [TEST_STEP][PASSED] - Search_Trader_Location = data.getValue("tradeNameLocation", row): null

2020-04-16 08:58:05 - [TEST_STEP][PASSED] - Search_Trade_Clasification = data.getValue("tradeClassification", row): null

2020-04-16 08:58:05 - [TEST_STEP][PASSED] - "------------------------------------------------------------------------": null

2020-04-16 08:58:05 - [TEST_STEP][PASSED] - "VALUES - 1 = Enter Trade Location Status - 2 = 404 No File or Directory |": null

2020-04-16 08:58:05 - [TEST_STEP][PASSED] - Flag_Search_Location_Error = "0": null

2020-04-16 08:58:05 - [TEST_STEP][PASSED] - delay(1): Delayed 1 second(s)

2020-04-16 08:58:06 - [MESSAGE][PASSED] - Delayed 1 second(s)

2020-04-16 08:58:06 - [TEST_STEP][PASSED] - waitForPageLoad(60): Wait for page load successfully

2020-04-16 08:58:06 - [MESSAGE][PASSED] - Wait for page load successfully

2020-04-16 08:58:06 - [TEST_STEP][PASSED] - "-------------------------------------------------------------------------------------------------------------------------": null

2020-04-16 08:58:06 - [TEST_STEP][PASSED] - "Scenario 1 - Location, Incorrect Numeric Value or Postcode Returns Highlighted (RED) Text Please enter a valid Location  |": null

2020-04-16 08:58:06 - [TEST_STEP][PASSED] - try: null

2020-04-16 08:58:06 - [TEST_STEP][PASSED] - verifyTextPresent("Please enter a trade and a location", false, OPTIONAL): Text 'Please enter a trade and a location' is not present on page  (Root cause: com.kms.katalon.core.exception.StepFailedException: Text 'Please enter a trade and a location' is not present on page 
	at com.kms.katalon.core.webui.keyword.internal.WebUIKeywordMain.stepFailed(WebUIKeywordMain.groovy:64)
	at com.kms.katalon.core.webui.keyword.builtin.VerifyTextPresentKeyword$_verifyTextPresent_closure1.doCall(VerifyTextPresentKeyword.groovy:79)
	at com.kms.katalon.core.webui.keyword.builtin.VerifyTextPresentKeyword$_verifyTextPresent_closure1.call(VerifyTextPresentKeyword.groovy)
	at com.kms.katalon.core.webui.keyword.internal.WebUIKeywordMain.runKeyword(WebUIKeywordMain.groovy:20)
	at com.kms.katalon.core.webui.keyword.builtin.VerifyTextPresentKeyword.verifyTextPresent(VerifyTextPresentKeyword.groovy:83)
	at com.kms.katalon.core.webui.keyword.builtin.VerifyTextPresentKeyword.execute(VerifyTextPresentKeyword.groovy:68)
	at com.kms.katalon.core.keyword.internal.KeywordExecutor.executeKeywordForPlatform(KeywordExecutor.groovy:72)
	at com.kms.katalon.core.webui.keyword.WebUiBuiltInKeywords.verifyTextPresent(WebUiBuiltInKeywords.groovy:1703)
	at com.kms.katalon.core.webui.keyword.WebUiBuiltInKeywords$verifyTextPresent$13.call(Unknown Source)
	at CAT_Search_Location_Not_Returned.run(CAT_Search_Location_Not_Returned:42)
	at com.kms.katalon.core.main.ScriptEngine.run(ScriptEngine.java:194)
	at com.kms.katalon.core.main.ScriptEngine.runScriptAsRawText(ScriptEngine.java:119)
	at com.kms.katalon.core.main.TestCaseExecutor.runScript(TestCaseExecutor.java:337)
	at com.kms.katalon.core.main.TestCaseExecutor.doExecute(TestCaseExecutor.java:328)
	at com.kms.katalon.core.main.TestCaseExecutor.processExecutionPhase(TestCaseExecutor.java:307)
	at com.kms.katalon.core.main.TestCaseExecutor.accessMainPhase(TestCaseExecutor.java:299)
	at com.kms.katalon.core.main.TestCaseExecutor.execute(TestCaseExecutor.java:233)
	at com.kms.katalon.core.main.TestCaseMain.runTestCase(TestCaseMain.java:114)
	at com.kms.katalon.core.keyword.builtin.CallTestCaseKeyword$_callTestCase_closure1.doCall(CallTestCaseKeyword.groovy:59)
	at com.kms.katalon.core.keyword.builtin.CallTestCaseKeyword$_callTestCase_closure1.call(CallTestCaseKeyword.groovy)
	at com.kms.katalon.core.keyword.internal.KeywordMain.runKeyword(KeywordMain.groovy:68)
	at com.kms.katalon.core.keyword.builtin.CallTestCaseKeyword.callTestCase(CallTestCaseKeyword.groovy:81)
	at com.kms.katalon.core.keyword.builtin.CallTestCaseKeyword.execute(CallTestCaseKeyword.groovy:44)
	at com.kms.katalon.core.keyword.internal.KeywordExecutor.executeKeywordForPlatform(KeywordExecutor.groovy:72)
	at com.kms.katalon.core.keyword.BuiltinKeywords.callTestCase(BuiltinKeywords.groovy:334)
	at Trader_Location_Not_Listed.run(Trader_Location_Not_Listed:87)
	at com.kms.katalon.core.main.ScriptEngine.run(ScriptEngine.java:194)
	at com.kms.katalon.core.main.ScriptEngine.runScriptAsRawText(ScriptEngine.java:119)
	at com.kms.katalon.core.main.TestCaseExecutor.runScript(TestCaseExecutor.java:337)
	at com.kms.katalon.core.main.TestCaseExecutor.doExecute(TestCaseExecutor.java:328)
	at com.kms.katalon.core.main.TestCaseExecutor.processExecutionPhase(TestCaseExecutor.java:307)
	at com.kms.katalon.core.main.TestCaseExecutor.accessMainPhase(TestCaseExecutor.java:299)
	at com.kms.katalon.core.main.TestCaseExecutor.execute(TestCaseExecutor.java:233)
	at com.kms.katalon.core.main.TestSuiteExecutor.accessTestCaseMainPhase(TestSuiteExecutor.java:169)
	at com.kms.katalon.core.main.TestSuiteExecutor.accessTestSuiteMainPhase(TestSuiteExecutor.java:142)
	at com.kms.katalon.core.main.TestSuiteExecutor.execute(TestSuiteExecutor.java:91)
	at com.kms.katalon.core.main.TestCaseMain.startTestSuite(TestCaseMain.java:157)
	at com.kms.katalon.core.main.TestCaseMain$startTestSuite$0.call(Unknown Source)
	at TempTestSuite1587023610989.run(TempTestSuite1587023610989.groovy:36)
)

2020-04-16 08:58:06 - [MESSAGE][WARNING] - Text 'Please enter a trade and a location' is not present on page  (Root cause: com.kms.katalon.core.exception.StepFailedException: Text 'Please enter a trade and a location' is not present on page 
	at com.kms.katalon.core.webui.keyword.internal.WebUIKeywordMain.stepFailed(WebUIKeywordMain.groovy:64)
	at com.kms.katalon.core.webui.keyword.builtin.VerifyTextPresentKeyword$_verifyTextPresent_closure1.doCall(VerifyTextPresentKeyword.groovy:79)
	at com.kms.katalon.core.webui.keyword.builtin.VerifyTextPresentKeyword$_verifyTextPresent_closure1.call(VerifyTextPresentKeyword.groovy)
	at com.kms.katalon.core.webui.keyword.internal.WebUIKeywordMain.runKeyword(WebUIKeywordMain.groovy:20)
	at com.kms.katalon.core.webui.keyword.builtin.VerifyTextPresentKeyword.verifyTextPresent(VerifyTextPresentKeyword.groovy:83)
	at com.kms.katalon.core.webui.keyword.builtin.VerifyTextPresentKeyword.execute(VerifyTextPresentKeyword.groovy:68)
	at com.kms.katalon.core.keyword.internal.KeywordExecutor.executeKeywordForPlatform(KeywordExecutor.groovy:72)
	at com.kms.katalon.core.webui.keyword.WebUiBuiltInKeywords.verifyTextPresent(WebUiBuiltInKeywords.groovy:1703)
	at com.kms.katalon.core.webui.keyword.WebUiBuiltInKeywords$verifyTextPresent$13.call(Unknown Source)
	at CAT_Search_Location_Not_Returned.run(CAT_Search_Location_Not_Returned:42)
	at com.kms.katalon.core.main.ScriptEngine.run(ScriptEngine.java:194)
	at com.kms.katalon.core.main.ScriptEngine.runScriptAsRawText(ScriptEngine.java:119)
	at com.kms.katalon.core.main.TestCaseExecutor.runScript(TestCaseExecutor.java:337)
	at com.kms.katalon.core.main.TestCaseExecutor.doExecute(TestCaseExecutor.java:328)
	at com.kms.katalon.core.main.TestCaseExecutor.processExecutionPhase(TestCaseExecutor.java:307)
	at com.kms.katalon.core.main.TestCaseExecutor.accessMainPhase(TestCaseExecutor.java:299)
	at com.kms.katalon.core.main.TestCaseExecutor.execute(TestCaseExecutor.java:233)
	at com.kms.katalon.core.main.TestCaseMain.runTestCase(TestCaseMain.java:114)
	at com.kms.katalon.core.keyword.builtin.CallTestCaseKeyword$_callTestCase_closure1.doCall(CallTestCaseKeyword.groovy:59)
	at com.kms.katalon.core.keyword.builtin.CallTestCaseKeyword$_callTestCase_closure1.call(CallTestCaseKeyword.groovy)
	at com.kms.katalon.core.keyword.internal.KeywordMain.runKeyword(KeywordMain.groovy:68)
	at com.kms.katalon.core.keyword.builtin.CallTestCaseKeyword.callTestCase(CallTestCaseKeyword.groovy:81)
	at com.kms.katalon.core.keyword.builtin.CallTestCaseKeyword.execute(CallTestCaseKeyword.groovy:44)
	at com.kms.katalon.core.keyword.internal.KeywordExecutor.executeKeywordForPlatform(KeywordExecutor.groovy:72)
	at com.kms.katalon.core.keyword.BuiltinKeywords.callTestCase(BuiltinKeywords.groovy:334)
	at Trader_Location_Not_Listed.run(Trader_Location_Not_Listed:87)
	at com.kms.katalon.core.main.ScriptEngine.run(ScriptEngine.java:194)
	at com.kms.katalon.core.main.ScriptEngine.runScriptAsRawText(ScriptEngine.java:119)
	at com.kms.katalon.core.main.TestCaseExecutor.runScript(TestCaseExecutor.java:337)
	at com.kms.katalon.core.main.TestCaseExecutor.doExecute(TestCaseExecutor.java:328)
	at com.kms.katalon.core.main.TestCaseExecutor.processExecutionPhase(TestCaseExecutor.java:307)
	at com.kms.katalon.core.main.TestCaseExecutor.accessMainPhase(TestCaseExecutor.java:299)
	at com.kms.katalon.core.main.TestCaseExecutor.execute(TestCaseExecutor.java:233)
	at com.kms.katalon.core.main.TestSuiteExecutor.accessTestCaseMainPhase(TestSuiteExecutor.java:169)
	at com.kms.katalon.core.main.TestSuiteExecutor.accessTestSuiteMainPhase(TestSuiteExecutor.java:142)
	at com.kms.katalon.core.main.TestSuiteExecutor.execute(TestSuiteExecutor.java:91)
	at com.kms.katalon.core.main.TestCaseMain.startTestSuite(TestCaseMain.java:157)
	at com.kms.katalon.core.main.TestCaseMain$startTestSuite$0.call(Unknown Source)
	at TempTestSuite1587023610989.run(TempTestSuite1587023610989.groovy:36)
)

2020-04-16 08:58:06 - [TEST_STEP][PASSED] - Flag_Search_Location_Error = "1": null

2020-04-16 08:58:06 - [TEST_STEP][PASSED] - "-----------------------------------------------------------------------------------------------------------------------------------": null

2020-04-16 08:58:06 - [TEST_STEP][PASSED] - "Scenario 2 - Location, Incorrect or Non Existing Data Beyond the Realms of the Database - Return 404 - File or Directory NOT FOUND |": null

2020-04-16 08:58:06 - [TEST_STEP][PASSED] - try: null

2020-04-16 08:58:06 - [TEST_STEP][PASSED] - verifyTextPresent("404 - File or directory not found", false, OPTIONAL): Text '404 - File or directory not found' is present on page 

2020-04-16 08:58:06 - [MESSAGE][PASSED] - Text '404 - File or directory not found' is present on page 

2020-04-16 08:58:06 - [TEST_STEP][PASSED] - Flag_Search_Location_Error = "2": null

2020-04-16 08:58:06 - [TEST_STEP][PASSED] - if (Flag_Search_Location_Error == "1"): null

2020-04-16 08:58:06 - [TEST_STEP][PASSED] - if (Flag_Search_Location_Error == "2"): Error 404 Reported as Expected, Resource Unavailable

2020-04-16 08:58:06 - [TEST_STEP][PASSED] - markPassed("Error 404 Reported as Expected, Resource Unavailable"): Error 404 Reported as Expected, Resource Unavailable

2020-04-16 08:58:06 - [MESSAGE][PASSED] - Error 404 Reported as Expected, Resource Unavailable

2020-04-16 08:58:06 - [TEST_STEP][PASSED] - if (Flag_Search_Location_Error == "0"): null

2020-04-16 08:58:06 - [TEST_STEP][PASSED] - if (Flag_Search_Location_Error > "0"): Invalid Location was Correctly Highlighted for Trade Type <Drone Surveying> Based in <ZZZ>

2020-04-16 08:58:06 - [TEST_STEP][PASSED] - markPassed("Invalid Location was Correctly Highlighted for Trade Type <" + Search_Trade_Clasification + "> Based in <" + Search_Trader_Location + ">"): Invalid Location was Correctly Highlighted for Trade Type <Drone Surveying> Based in <ZZZ>

2020-04-16 08:58:06 - [MESSAGE][PASSED] - Invalid Location was Correctly Highlighted for Trade Type <Drone Surveying> Based in <ZZZ>

2020-04-16 08:58:06 - [MESSAGE][PASSED] - Call Test Case 'Test Cases/Reusable_Test_Sequences/CAT_Search_Location_Not_Returned' successfully

2020-04-16 08:58:06 - [TEST_STEP][PASSED] - "--------------------------": null

2020-04-16 08:58:06 - [TEST_STEP][PASSED] - " Teardown - CLose Browser |": null

2020-04-16 08:58:06 - [TEST_STEP][PASSED] - callTestCase(findTestCase("Reusable_Test_Sequences/CAT_Teardown"), [:], OPTIONAL): Call Test Case 'Test Cases/Reusable_Test_Sequences/CAT_Teardown' successfully

2020-04-16 08:58:06 - [TEST_CASE][PASSED] - Test Cases/Reusable_Test_Sequences/CAT_Teardown: Test Cases/Reusable_Test_Sequences/CAT_Teardown

2020-04-16 08:58:06 - [TEST_STEP][PASSED] - closeBrowser(): Browser is closed

2020-04-16 08:58:07 - [MESSAGE][PASSED] - Browser is closed

2020-04-16 08:58:07 - [TEST_STEP][PASSED] - super.finalize(): null

2020-04-16 08:58:07 - [TEST_STEP][PASSED] - System.gc(): null

2020-04-16 08:58:07 - [MESSAGE][PASSED] - Call Test Case 'Test Cases/Reusable_Test_Sequences/CAT_Teardown' successfully

2020-04-16 08:58:07 - [TEST_STEP][PASSED] - callTestCase(findTestCase("Reusable_Test_Sequences/CAT_Setup"), [:], STOP_ON_FAILURE): Call Test Case 'Test Cases/Reusable_Test_Sequences/CAT_Setup' successfully

2020-04-16 08:58:07 - [TEST_CASE][PASSED] - Test Cases/Reusable_Test_Sequences/CAT_Setup: Test Cases/Reusable_Test_Sequences/CAT_Setup

2020-04-16 08:58:07 - [TEST_STEP][PASSED] - "------------------------------": null

2020-04-16 08:58:07 - [TEST_STEP][PASSED] - " Set Mobile Device Testing    |": null

2020-04-16 08:58:07 - [TEST_STEP][PASSED] - if (Mobile_Flag == "true"): null

2020-04-16 08:58:07 - [TEST_STEP][PASSED] - "------------------------------": null

2020-04-16 08:58:07 - [TEST_STEP][PASSED] - " Set Mobile Device Testing    |": null

2020-04-16 08:58:07 - [TEST_STEP][PASSED] - "------------------------------": null

2020-04-16 08:58:07 - [TEST_STEP][PASSED] - "URL - Set from the ENVIRONMENT PROFILE ": null

2020-04-16 08:58:07 - [TEST_STEP][PASSED] - openBrowser(URL): Browser is opened with url: 'https://www.preview.checkatrade.com/'

2020-04-16 08:58:07 - [MESSAGE][INFO] - Starting 'Chrome' driver

2020-04-16 08:58:07 - [MESSAGE][INFO] - Action delay is set to 0 milliseconds

2020-04-16 08:58:36 - [MESSAGE][PASSED] - Browser is opened with url: 'https://www.preview.checkatrade.com/'

2020-04-16 08:58:36 - [TEST_STEP][PASSED] - maximizeWindow(): Current window maximized

2020-04-16 08:58:39 - [MESSAGE][PASSED] - Current window maximized

2020-04-16 08:58:39 - [TEST_STEP][PASSED] - waitForPageLoad(60): Wait for page load successfully

2020-04-16 08:58:39 - [MESSAGE][PASSED] - Wait for page load successfully

2020-04-16 08:58:39 - [TEST_STEP][PASSED] - "Previous Functionalilty Left Commented For Ease Of reversion": null

2020-04-16 08:58:39 - [TEST_STEP][PASSED] - " Katalon Try/Catches currently have issues? SEE HEADER": null

2020-04-16 08:58:39 - [TEST_STEP][PASSED] - try: Text 'Cookie Policy' is not present on page

2020-04-16 08:58:39 - [TEST_STEP][PASSED] - verifyElementPresent(findTestObject("Object Repository/Cookies/Page_Checkatrade Find a tradesperson you can trust/button_Accept All"), 5, OPTIONAL): Object 'Object Repository/Cookies/Page_Checkatrade Find a tradesperson you can trust/button_Accept All' is present

2020-04-16 08:58:39 - [MESSAGE][PASSED] - Object 'Object Repository/Cookies/Page_Checkatrade Find a tradesperson you can trust/button_Accept All' is present

2020-04-16 08:58:39 - [TEST_STEP][PASSED] - click(findTestObject("Object Repository/Cookies/Page_Checkatrade Find a tradesperson you can trust/button_Accept All"), OPTIONAL): Object: 'Object Repository/Cookies/Page_Checkatrade Find a tradesperson you can trust/button_Accept All' is clicked on

2020-04-16 08:58:39 - [MESSAGE][PASSED] - Object: 'Object Repository/Cookies/Page_Checkatrade Find a tradesperson you can trust/button_Accept All' is clicked on

2020-04-16 08:58:39 - [TEST_STEP][PASSED] - "---------------------------------": null

2020-04-16 08:58:39 - [TEST_STEP][PASSED] - "COOKIE POPOUT REMOVED - Confirmed": null

2020-04-16 08:58:39 - [TEST_STEP][PASSED] - delay(1): Delayed 1 second(s)

2020-04-16 08:58:40 - [MESSAGE][PASSED] - Delayed 1 second(s)

2020-04-16 08:58:40 - [TEST_STEP][PASSED] - verifyTextNotPresent("We use cookies to personalise content and ads, to provide social media features and to analyse our traffic", false): Text 'We use cookies to personalise content and ads, to provide social media features and to analyse our traffic' is not present on page

2020-04-16 08:58:40 - [MESSAGE][PASSED] - Text 'We use cookies to personalise content and ads, to provide social media features and to analyse our traffic' is not present on page

2020-04-16 08:58:40 - [TEST_STEP][PASSED] - verifyTextNotPresent(" We also share information about your use of our site with our social media, advertising and analytics partners", false): Text ' We also share information about your use of our site with our social media, advertising and analytics partners' is not present on page

2020-04-16 08:58:40 - [MESSAGE][PASSED] - Text ' We also share information about your use of our site with our social media, advertising and analytics partners' is not present on page

2020-04-16 08:58:40 - [TEST_STEP][PASSED] - verifyTextNotPresent("Cookie Policy", false): Text 'Cookie Policy' is not present on page

2020-04-16 08:58:40 - [MESSAGE][PASSED] - Text 'Cookie Policy' is not present on page

2020-04-16 08:58:40 - [TEST_STEP][PASSED] - waitForPageLoad(60): Wait for page load successfully

2020-04-16 08:58:40 - [MESSAGE][PASSED] - Wait for page load successfully

2020-04-16 08:58:40 - [TEST_STEP][PASSED] - "COOKIE - ORIGINAL": null

2020-04-16 08:58:40 - [TEST_STEP][PASSED] - if (waitForElementVisible(findTestObject("Object Repository/Feedback/Page_Checkatrade Give your feedback/input_Member_to_Review"), 5)): Web element with id: 'Object Repository/Feedback/Page_Checkatrade Give your feedback/input_Member_to_Review' located by 'By.xpath: //input[@id='feedback-form__company_autocomplete_input']' not found

2020-04-16 08:58:46 - [MESSAGE][INFO] - Unable to find the element located by 'By.xpath: //input[@id='feedback-form__company_autocomplete_input']'. Please recheck the objects properties to make sure the desired element is located. 

2020-04-16 08:58:46 - [MESSAGE][WARNING] - Web element with id: 'Object Repository/Feedback/Page_Checkatrade Give your feedback/input_Member_to_Review' located by 'By.xpath: //input[@id='feedback-form__company_autocomplete_input']' not found

2020-04-16 08:58:46 - [TEST_STEP][PASSED] - else: The <<<OLD>>> Website was detected by the STARTUP Process

2020-04-16 08:58:46 - [TEST_STEP][PASSED] - if (!(verifyElementVisible(findTestObject("Object Repository/Checkatrade_Trade_Search_Page/Page_Checkatrade Find a tradesperson you can trust/input_Search_Button_FF")))): Object 'Object Repository/Checkatrade_Trade_Search_Page/Page_Checkatrade Find a tradesperson you can trust/input_Search_Button_FF' is visible

2020-04-16 08:58:46 - [MESSAGE][PASSED] - Object 'Object Repository/Checkatrade_Trade_Search_Page/Page_Checkatrade Find a tradesperson you can trust/input_Search_Button_FF' is visible

2020-04-16 08:58:46 - [TEST_STEP][PASSED] - else: The <<<OLD>>> Website was detected by the STARTUP Process

2020-04-16 08:58:46 - [TEST_STEP][PASSED] - Website_Version = "old": null

2020-04-16 08:58:46 - [TEST_STEP][PASSED] - logInfo("The <<<OLD>>> Website was detected by the STARTUP Process"): The <<<OLD>>> Website was detected by the STARTUP Process

2020-04-16 08:58:46 - [MESSAGE][INFO] - The <<<OLD>>> Website was detected by the STARTUP Process

2020-04-16 08:58:46 - [MESSAGE][PASSED] - Call Test Case 'Test Cases/Reusable_Test_Sequences/CAT_Setup' successfully

2020-04-16 08:58:46 - [TEST_STEP][PASSED] - " Home Page validation Checks after COOKIE Dispelled NOT REQUIRED IN THIS INSTANCE": null

2020-04-16 08:58:46 - [TEST_STEP][PASSED] - "---------------------------------------": null

2020-04-16 08:58:46 - [TEST_STEP][PASSED] - " Set and SEARCH TRADE CLASSIFICATION   |": null

2020-04-16 08:58:46 - [TEST_STEP][PASSED] - callTestCase(findTestCase("Reusable_Test_Sequences/CAT_Enter_Trade_Classification_NEG"), [:], CONTINUE_ON_FAILURE): Call Test Case 'Test Cases/Reusable_Test_Sequences/CAT_Enter_Trade_Classification_NEG' successfully

2020-04-16 08:58:46 - [TEST_CASE][PASSED] - Test Cases/Reusable_Test_Sequences/CAT_Enter_Trade_Classification_NEG: Test Cases/Reusable_Test_Sequences/CAT_Enter_Trade_Classification_NEG

2020-04-16 08:58:46 - [TEST_STEP][PASSED] - "---------------------------------": null

2020-04-16 08:58:46 - [TEST_STEP][PASSED] - "Set and SEARCH SELECTED TRADE": null

2020-04-16 08:58:46 - [TEST_STEP][PASSED] - if (Website_Version == "new"): null

2020-04-16 08:58:46 - [TEST_STEP][PASSED] - else: Text 'Mobility' is set on object 'Object Repository/Checkatrade_Trade_Search_Page/Page_Checkatrade Find a tradesperson you can trust/input_Search_Button_FF'

2020-04-16 08:58:46 - [TEST_STEP][PASSED] - click(findTestObject("Object Repository/Checkatrade_Trade_Search_Page/Page_Checkatrade Find a tradesperson you can trust/input_Search_Button_FF")): Object: 'Object Repository/Checkatrade_Trade_Search_Page/Page_Checkatrade Find a tradesperson you can trust/input_Search_Button_FF' is clicked on

2020-04-16 08:58:46 - [MESSAGE][PASSED] - Object: 'Object Repository/Checkatrade_Trade_Search_Page/Page_Checkatrade Find a tradesperson you can trust/input_Search_Button_FF' is clicked on

2020-04-16 08:58:46 - [TEST_STEP][PASSED] - setText(findTestObject("Object Repository/Checkatrade_Trade_Search_Page/Page_Checkatrade Find a tradesperson you can trust/input_Search_Button_FF"), findTestData("Search_Trader_Location_Data_NEG").getValue("tradeClassification", row)): Text 'Mobility' is set on object 'Object Repository/Checkatrade_Trade_Search_Page/Page_Checkatrade Find a tradesperson you can trust/input_Search_Button_FF'

2020-04-16 08:58:46 - [MESSAGE][PASSED] - Text 'Mobility' is set on object 'Object Repository/Checkatrade_Trade_Search_Page/Page_Checkatrade Find a tradesperson you can trust/input_Search_Button_FF'

2020-04-16 08:58:46 - [MESSAGE][PASSED] - Call Test Case 'Test Cases/Reusable_Test_Sequences/CAT_Enter_Trade_Classification_NEG' successfully

2020-04-16 08:58:46 - [TEST_STEP][PASSED] - "---------------------------------------": null

2020-04-16 08:58:46 - [TEST_STEP][PASSED] - " Set and SEARCH TRADE LOCATION         |": null

2020-04-16 08:58:46 - [TEST_STEP][PASSED] - callTestCase(findTestCase("Reusable_Test_Sequences/CAT_Enter_Trade_Location_NEG"), [:], CONTINUE_ON_FAILURE): Call Test Case 'Test Cases/Reusable_Test_Sequences/CAT_Enter_Trade_Location_NEG' successfully

2020-04-16 08:58:47 - [TEST_CASE][PASSED] - Test Cases/Reusable_Test_Sequences/CAT_Enter_Trade_Location_NEG: Test Cases/Reusable_Test_Sequences/CAT_Enter_Trade_Location_NEG

2020-04-16 08:58:47 - [TEST_STEP][PASSED] - "---------------------------------": null

2020-04-16 08:58:47 - [TEST_STEP][PASSED] - "Set and SEARCH SELECTED LOCATION |": null

2020-04-16 08:58:47 - [TEST_STEP][PASSED] - if (Website_Version != "new"): Text '2108' is set on object 'Object Repository/Checkatrade_Trade_Search_Page/Page_Checkatrade Find a tradesperson you can trust/input_Not here_location'

2020-04-16 08:58:47 - [TEST_STEP][PASSED] - click(findTestObject("Object Repository/Checkatrade_Trade_Search_Page/Page_Checkatrade Find a tradesperson you can trust/input_Not here_location")): Object: 'Object Repository/Checkatrade_Trade_Search_Page/Page_Checkatrade Find a tradesperson you can trust/input_Not here_location' is clicked on

2020-04-16 08:58:47 - [MESSAGE][PASSED] - Object: 'Object Repository/Checkatrade_Trade_Search_Page/Page_Checkatrade Find a tradesperson you can trust/input_Not here_location' is clicked on

2020-04-16 08:58:47 - [TEST_STEP][PASSED] - setText(findTestObject("Object Repository/Checkatrade_Trade_Search_Page/Page_Checkatrade Find a tradesperson you can trust/input_Not here_location"), findTestData("Search_Trader_Location_Data_NEG").getValue("tradeNameLocation", row)): Text '2108' is set on object 'Object Repository/Checkatrade_Trade_Search_Page/Page_Checkatrade Find a tradesperson you can trust/input_Not here_location'

2020-04-16 08:58:47 - [MESSAGE][PASSED] - Text '2108' is set on object 'Object Repository/Checkatrade_Trade_Search_Page/Page_Checkatrade Find a tradesperson you can trust/input_Not here_location'

2020-04-16 08:58:47 - [TEST_STEP][PASSED] - if (verifyTextNotPresent("Sorry, no results found", false)): null

2020-04-16 08:58:47 - [MESSAGE][PASSED] - Text 'Sorry, no results found' is not present on page

2020-04-16 08:58:47 - [TEST_STEP][PASSED] - markPassed("The Expected Lookup Result(s) ARE being returned by the Lookup Service, AS EXPECTED"): The Expected Lookup Result(s) ARE being returned by the Lookup Service, AS EXPECTED

2020-04-16 08:58:47 - [MESSAGE][PASSED] - The Expected Lookup Result(s) ARE being returned by the Lookup Service, AS EXPECTED

2020-04-16 08:58:47 - [MESSAGE][PASSED] - Call Test Case 'Test Cases/Reusable_Test_Sequences/CAT_Enter_Trade_Location_NEG' successfully

2020-04-16 08:58:47 - [TEST_STEP][PASSED] - "---------------------------------------": null

2020-04-16 08:58:47 - [TEST_STEP][PASSED] - " Scroll Search Button into View        |": null

2020-04-16 08:58:47 - [TEST_STEP][PASSED] - "---------------------------------------": null

2020-04-16 08:58:47 - [TEST_STEP][PASSED] - "---------------------------------------": null

2020-04-16 08:58:47 - [TEST_STEP][PASSED] - " Hit Search Button                     |": null

2020-04-16 08:58:47 - [TEST_STEP][PASSED] - callTestCase(findTestCase("Reusable_Test_Sequences/CAT_Hit_Search_Button"), [:], CONTINUE_ON_FAILURE): Call Test Case 'Test Cases/Reusable_Test_Sequences/CAT_Hit_Search_Button' successfully

2020-04-16 08:58:47 - [TEST_CASE][PASSED] - Test Cases/Reusable_Test_Sequences/CAT_Hit_Search_Button: Test Cases/Reusable_Test_Sequences/CAT_Hit_Search_Button

2020-04-16 08:58:47 - [TEST_STEP][PASSED] - "---------------------------------": null

2020-04-16 08:58:47 - [TEST_STEP][PASSED] - "HIT SEARCH": null

2020-04-16 08:58:47 - [TEST_STEP][PASSED] - "---------------------------------": null

2020-04-16 08:58:47 - [TEST_STEP][PASSED] - if (Website_Version == "new"): null

2020-04-16 08:58:47 - [TEST_STEP][PASSED] - else: Object: 'Object Repository/Page_Checkatrade Find a tradesperson you can trust/a_Search' is clicked on

2020-04-16 08:58:47 - [TEST_STEP][PASSED] - waitForElementClickable(findTestObject("Object Repository/Page_Checkatrade Find a tradesperson you can trust/a_Search"), 25): Object 'Object Repository/Page_Checkatrade Find a tradesperson you can trust/a_Search' is clickable

2020-04-16 08:58:48 - [MESSAGE][PASSED] - Object 'Object Repository/Page_Checkatrade Find a tradesperson you can trust/a_Search' is clickable

2020-04-16 08:58:48 - [TEST_STEP][PASSED] - click(findTestObject("Object Repository/Page_Checkatrade Find a tradesperson you can trust/a_Search")): Object: 'Object Repository/Page_Checkatrade Find a tradesperson you can trust/a_Search' is clicked on

2020-04-16 08:58:48 - [MESSAGE][PASSED] - Object: 'Object Repository/Page_Checkatrade Find a tradesperson you can trust/a_Search' is clicked on

2020-04-16 08:58:48 - [MESSAGE][PASSED] - Call Test Case 'Test Cases/Reusable_Test_Sequences/CAT_Hit_Search_Button' successfully

2020-04-16 08:58:48 - [TEST_STEP][PASSED] - "------------------------------------------": null

2020-04-16 08:58:48 - [TEST_STEP][PASSED] - " Expected ERROR Reported                  |": null

2020-04-16 08:58:48 - [TEST_STEP][PASSED] - callTestCase(findTestCase("Reusable_Test_Sequences/CAT_Search_Location_Not_Returned"), [:], CONTINUE_ON_FAILURE): Call Test Case 'Test Cases/Reusable_Test_Sequences/CAT_Search_Location_Not_Returned' successfully

2020-04-16 08:58:48 - [TEST_CASE][PASSED] - Test Cases/Reusable_Test_Sequences/CAT_Search_Location_Not_Returned: Test Cases/Reusable_Test_Sequences/CAT_Search_Location_Not_Returned

2020-04-16 08:58:48 - [TEST_STEP][PASSED] - "For later Extension": null

2020-04-16 08:58:48 - [TEST_STEP][PASSED] - "--------------------------------": null

2020-04-16 08:58:48 - [TEST_STEP][PASSED] - "Read data from spreadsheet      | r_ = Returned Data": null

2020-04-16 08:58:48 - [TEST_STEP][PASSED] - data = findTestData("Data Files/Search_Trader_Location_Data_NEG"): null

2020-04-16 08:58:48 - [TEST_STEP][PASSED] - Search_Trader_Location = data.getValue("tradeNameLocation", row): null

2020-04-16 08:58:48 - [TEST_STEP][PASSED] - Search_Trade_Clasification = data.getValue("tradeClassification", row): null

2020-04-16 08:58:48 - [TEST_STEP][PASSED] - "------------------------------------------------------------------------": null

2020-04-16 08:58:48 - [TEST_STEP][PASSED] - "VALUES - 1 = Enter Trade Location Status - 2 = 404 No File or Directory |": null

2020-04-16 08:58:48 - [TEST_STEP][PASSED] - Flag_Search_Location_Error = "0": null

2020-04-16 08:58:48 - [TEST_STEP][PASSED] - delay(1): Delayed 1 second(s)

2020-04-16 08:58:49 - [MESSAGE][PASSED] - Delayed 1 second(s)

2020-04-16 08:58:49 - [TEST_STEP][PASSED] - waitForPageLoad(60): Wait for page load successfully

2020-04-16 08:58:49 - [MESSAGE][PASSED] - Wait for page load successfully

2020-04-16 08:58:49 - [TEST_STEP][PASSED] - "-------------------------------------------------------------------------------------------------------------------------": null

2020-04-16 08:58:49 - [TEST_STEP][PASSED] - "Scenario 1 - Location, Incorrect Numeric Value or Postcode Returns Highlighted (RED) Text Please enter a valid Location  |": null

2020-04-16 08:58:49 - [TEST_STEP][PASSED] - try: null

2020-04-16 08:58:49 - [TEST_STEP][PASSED] - verifyTextPresent("Please enter a trade and a location", false, OPTIONAL): Text 'Please enter a trade and a location' is present on page 

2020-04-16 08:58:49 - [MESSAGE][PASSED] - Text 'Please enter a trade and a location' is present on page 

2020-04-16 08:58:49 - [TEST_STEP][PASSED] - Flag_Search_Location_Error = "1": null

2020-04-16 08:58:49 - [TEST_STEP][PASSED] - "-----------------------------------------------------------------------------------------------------------------------------------": null

2020-04-16 08:58:49 - [TEST_STEP][PASSED] - "Scenario 2 - Location, Incorrect or Non Existing Data Beyond the Realms of the Database - Return 404 - File or Directory NOT FOUND |": null

2020-04-16 08:58:49 - [TEST_STEP][PASSED] - try: null

2020-04-16 08:58:49 - [TEST_STEP][PASSED] - verifyTextPresent("404 - File or directory not found", false, OPTIONAL): Text '404 - File or directory not found' is not present on page  (Root cause: com.kms.katalon.core.exception.StepFailedException: Text '404 - File or directory not found' is not present on page 
	at com.kms.katalon.core.webui.keyword.internal.WebUIKeywordMain.stepFailed(WebUIKeywordMain.groovy:64)
	at com.kms.katalon.core.webui.keyword.builtin.VerifyTextPresentKeyword$_verifyTextPresent_closure1.doCall(VerifyTextPresentKeyword.groovy:79)
	at com.kms.katalon.core.webui.keyword.builtin.VerifyTextPresentKeyword$_verifyTextPresent_closure1.call(VerifyTextPresentKeyword.groovy)
	at com.kms.katalon.core.webui.keyword.internal.WebUIKeywordMain.runKeyword(WebUIKeywordMain.groovy:20)
	at com.kms.katalon.core.webui.keyword.builtin.VerifyTextPresentKeyword.verifyTextPresent(VerifyTextPresentKeyword.groovy:83)
	at com.kms.katalon.core.webui.keyword.builtin.VerifyTextPresentKeyword.execute(VerifyTextPresentKeyword.groovy:68)
	at com.kms.katalon.core.keyword.internal.KeywordExecutor.executeKeywordForPlatform(KeywordExecutor.groovy:72)
	at com.kms.katalon.core.webui.keyword.WebUiBuiltInKeywords.verifyTextPresent(WebUiBuiltInKeywords.groovy:1703)
	at com.kms.katalon.core.webui.keyword.WebUiBuiltInKeywords$verifyTextPresent$13.call(Unknown Source)
	at CAT_Search_Location_Not_Returned.run(CAT_Search_Location_Not_Returned:57)
	at com.kms.katalon.core.main.ScriptEngine.run(ScriptEngine.java:194)
	at com.kms.katalon.core.main.ScriptEngine.runScriptAsRawText(ScriptEngine.java:119)
	at com.kms.katalon.core.main.TestCaseExecutor.runScript(TestCaseExecutor.java:337)
	at com.kms.katalon.core.main.TestCaseExecutor.doExecute(TestCaseExecutor.java:328)
	at com.kms.katalon.core.main.TestCaseExecutor.processExecutionPhase(TestCaseExecutor.java:307)
	at com.kms.katalon.core.main.TestCaseExecutor.accessMainPhase(TestCaseExecutor.java:299)
	at com.kms.katalon.core.main.TestCaseExecutor.execute(TestCaseExecutor.java:233)
	at com.kms.katalon.core.main.TestCaseMain.runTestCase(TestCaseMain.java:114)
	at com.kms.katalon.core.keyword.builtin.CallTestCaseKeyword$_callTestCase_closure1.doCall(CallTestCaseKeyword.groovy:59)
	at com.kms.katalon.core.keyword.builtin.CallTestCaseKeyword$_callTestCase_closure1.call(CallTestCaseKeyword.groovy)
	at com.kms.katalon.core.keyword.internal.KeywordMain.runKeyword(KeywordMain.groovy:68)
	at com.kms.katalon.core.keyword.builtin.CallTestCaseKeyword.callTestCase(CallTestCaseKeyword.groovy:81)
	at com.kms.katalon.core.keyword.builtin.CallTestCaseKeyword.execute(CallTestCaseKeyword.groovy:44)
	at com.kms.katalon.core.keyword.internal.KeywordExecutor.executeKeywordForPlatform(KeywordExecutor.groovy:72)
	at com.kms.katalon.core.keyword.BuiltinKeywords.callTestCase(BuiltinKeywords.groovy:334)
	at Trader_Location_Not_Listed.run(Trader_Location_Not_Listed:87)
	at com.kms.katalon.core.main.ScriptEngine.run(ScriptEngine.java:194)
	at com.kms.katalon.core.main.ScriptEngine.runScriptAsRawText(ScriptEngine.java:119)
	at com.kms.katalon.core.main.TestCaseExecutor.runScript(TestCaseExecutor.java:337)
	at com.kms.katalon.core.main.TestCaseExecutor.doExecute(TestCaseExecutor.java:328)
	at com.kms.katalon.core.main.TestCaseExecutor.processExecutionPhase(TestCaseExecutor.java:307)
	at com.kms.katalon.core.main.TestCaseExecutor.accessMainPhase(TestCaseExecutor.java:299)
	at com.kms.katalon.core.main.TestCaseExecutor.execute(TestCaseExecutor.java:233)
	at com.kms.katalon.core.main.TestSuiteExecutor.accessTestCaseMainPhase(TestSuiteExecutor.java:169)
	at com.kms.katalon.core.main.TestSuiteExecutor.accessTestSuiteMainPhase(TestSuiteExecutor.java:142)
	at com.kms.katalon.core.main.TestSuiteExecutor.execute(TestSuiteExecutor.java:91)
	at com.kms.katalon.core.main.TestCaseMain.startTestSuite(TestCaseMain.java:157)
	at com.kms.katalon.core.main.TestCaseMain$startTestSuite$0.call(Unknown Source)
	at TempTestSuite1587023610989.run(TempTestSuite1587023610989.groovy:36)
)

2020-04-16 08:58:49 - [MESSAGE][WARNING] - Text '404 - File or directory not found' is not present on page  (Root cause: com.kms.katalon.core.exception.StepFailedException: Text '404 - File or directory not found' is not present on page 
	at com.kms.katalon.core.webui.keyword.internal.WebUIKeywordMain.stepFailed(WebUIKeywordMain.groovy:64)
	at com.kms.katalon.core.webui.keyword.builtin.VerifyTextPresentKeyword$_verifyTextPresent_closure1.doCall(VerifyTextPresentKeyword.groovy:79)
	at com.kms.katalon.core.webui.keyword.builtin.VerifyTextPresentKeyword$_verifyTextPresent_closure1.call(VerifyTextPresentKeyword.groovy)
	at com.kms.katalon.core.webui.keyword.internal.WebUIKeywordMain.runKeyword(WebUIKeywordMain.groovy:20)
	at com.kms.katalon.core.webui.keyword.builtin.VerifyTextPresentKeyword.verifyTextPresent(VerifyTextPresentKeyword.groovy:83)
	at com.kms.katalon.core.webui.keyword.builtin.VerifyTextPresentKeyword.execute(VerifyTextPresentKeyword.groovy:68)
	at com.kms.katalon.core.keyword.internal.KeywordExecutor.executeKeywordForPlatform(KeywordExecutor.groovy:72)
	at com.kms.katalon.core.webui.keyword.WebUiBuiltInKeywords.verifyTextPresent(WebUiBuiltInKeywords.groovy:1703)
	at com.kms.katalon.core.webui.keyword.WebUiBuiltInKeywords$verifyTextPresent$13.call(Unknown Source)
	at CAT_Search_Location_Not_Returned.run(CAT_Search_Location_Not_Returned:57)
	at com.kms.katalon.core.main.ScriptEngine.run(ScriptEngine.java:194)
	at com.kms.katalon.core.main.ScriptEngine.runScriptAsRawText(ScriptEngine.java:119)
	at com.kms.katalon.core.main.TestCaseExecutor.runScript(TestCaseExecutor.java:337)
	at com.kms.katalon.core.main.TestCaseExecutor.doExecute(TestCaseExecutor.java:328)
	at com.kms.katalon.core.main.TestCaseExecutor.processExecutionPhase(TestCaseExecutor.java:307)
	at com.kms.katalon.core.main.TestCaseExecutor.accessMainPhase(TestCaseExecutor.java:299)
	at com.kms.katalon.core.main.TestCaseExecutor.execute(TestCaseExecutor.java:233)
	at com.kms.katalon.core.main.TestCaseMain.runTestCase(TestCaseMain.java:114)
	at com.kms.katalon.core.keyword.builtin.CallTestCaseKeyword$_callTestCase_closure1.doCall(CallTestCaseKeyword.groovy:59)
	at com.kms.katalon.core.keyword.builtin.CallTestCaseKeyword$_callTestCase_closure1.call(CallTestCaseKeyword.groovy)
	at com.kms.katalon.core.keyword.internal.KeywordMain.runKeyword(KeywordMain.groovy:68)
	at com.kms.katalon.core.keyword.builtin.CallTestCaseKeyword.callTestCase(CallTestCaseKeyword.groovy:81)
	at com.kms.katalon.core.keyword.builtin.CallTestCaseKeyword.execute(CallTestCaseKeyword.groovy:44)
	at com.kms.katalon.core.keyword.internal.KeywordExecutor.executeKeywordForPlatform(KeywordExecutor.groovy:72)
	at com.kms.katalon.core.keyword.BuiltinKeywords.callTestCase(BuiltinKeywords.groovy:334)
	at Trader_Location_Not_Listed.run(Trader_Location_Not_Listed:87)
	at com.kms.katalon.core.main.ScriptEngine.run(ScriptEngine.java:194)
	at com.kms.katalon.core.main.ScriptEngine.runScriptAsRawText(ScriptEngine.java:119)
	at com.kms.katalon.core.main.TestCaseExecutor.runScript(TestCaseExecutor.java:337)
	at com.kms.katalon.core.main.TestCaseExecutor.doExecute(TestCaseExecutor.java:328)
	at com.kms.katalon.core.main.TestCaseExecutor.processExecutionPhase(TestCaseExecutor.java:307)
	at com.kms.katalon.core.main.TestCaseExecutor.accessMainPhase(TestCaseExecutor.java:299)
	at com.kms.katalon.core.main.TestCaseExecutor.execute(TestCaseExecutor.java:233)
	at com.kms.katalon.core.main.TestSuiteExecutor.accessTestCaseMainPhase(TestSuiteExecutor.java:169)
	at com.kms.katalon.core.main.TestSuiteExecutor.accessTestSuiteMainPhase(TestSuiteExecutor.java:142)
	at com.kms.katalon.core.main.TestSuiteExecutor.execute(TestSuiteExecutor.java:91)
	at com.kms.katalon.core.main.TestCaseMain.startTestSuite(TestCaseMain.java:157)
	at com.kms.katalon.core.main.TestCaseMain$startTestSuite$0.call(Unknown Source)
	at TempTestSuite1587023610989.run(TempTestSuite1587023610989.groovy:36)
)

2020-04-16 08:58:49 - [TEST_STEP][PASSED] - Flag_Search_Location_Error = "2": null

2020-04-16 08:58:49 - [TEST_STEP][PASSED] - if (Flag_Search_Location_Error == "1"): null

2020-04-16 08:58:49 - [TEST_STEP][PASSED] - if (Flag_Search_Location_Error == "2"): Error 404 Reported as Expected, Resource Unavailable

2020-04-16 08:58:49 - [TEST_STEP][PASSED] - markPassed("Error 404 Reported as Expected, Resource Unavailable"): Error 404 Reported as Expected, Resource Unavailable

2020-04-16 08:58:49 - [MESSAGE][PASSED] - Error 404 Reported as Expected, Resource Unavailable

2020-04-16 08:58:49 - [TEST_STEP][PASSED] - if (Flag_Search_Location_Error == "0"): null

2020-04-16 08:58:49 - [TEST_STEP][PASSED] - if (Flag_Search_Location_Error > "0"): Invalid Location was Correctly Highlighted for Trade Type <Mobility> Based in <2108>

2020-04-16 08:58:49 - [TEST_STEP][PASSED] - markPassed("Invalid Location was Correctly Highlighted for Trade Type <" + Search_Trade_Clasification + "> Based in <" + Search_Trader_Location + ">"): Invalid Location was Correctly Highlighted for Trade Type <Mobility> Based in <2108>

2020-04-16 08:58:49 - [MESSAGE][PASSED] - Invalid Location was Correctly Highlighted for Trade Type <Mobility> Based in <2108>

2020-04-16 08:58:49 - [MESSAGE][PASSED] - Call Test Case 'Test Cases/Reusable_Test_Sequences/CAT_Search_Location_Not_Returned' successfully

2020-04-16 08:58:49 - [TEST_STEP][PASSED] - "--------------------------": null

2020-04-16 08:58:49 - [TEST_STEP][PASSED] - " Teardown - CLose Browser |": null

2020-04-16 08:58:49 - [TEST_STEP][PASSED] - callTestCase(findTestCase("Reusable_Test_Sequences/CAT_Teardown"), [:], OPTIONAL): Call Test Case 'Test Cases/Reusable_Test_Sequences/CAT_Teardown' successfully

2020-04-16 08:58:49 - [TEST_CASE][PASSED] - Test Cases/Reusable_Test_Sequences/CAT_Teardown: Test Cases/Reusable_Test_Sequences/CAT_Teardown

2020-04-16 08:58:49 - [TEST_STEP][PASSED] - closeBrowser(): Browser is closed

2020-04-16 08:58:50 - [MESSAGE][PASSED] - Browser is closed

2020-04-16 08:58:50 - [TEST_STEP][PASSED] - super.finalize(): null

2020-04-16 08:58:50 - [TEST_STEP][PASSED] - System.gc(): null

2020-04-16 08:58:51 - [MESSAGE][PASSED] - Call Test Case 'Test Cases/Reusable_Test_Sequences/CAT_Teardown' successfully]]></system-out>
         <system-err><![CDATA[]]></system-err>
      </testcase>
      <system-out><![CDATA[2020-04-16 08:53:36 - [TEST_SUITE][PASSED] - Trade_Location_Multiple_Search: Test Cases/Checkatrade_Tradesman_Searches/Trader_Location_Not_Listed]]></system-out>
      <system-err><![CDATA[]]></system-err>
   </testsuite>
</testsuites>
