<?xml version="1.0" encoding="UTF-8"?>
<testsuites name="Web_Office_Reports" time="541.302" tests="10" failures="0" errors="0">
   <testsuite name="Web_Office_Reports" tests="10" failures="0" errors="0" time="541.302" timestamp="2020-04-20 08:51:54" hostname="DavidHo - 192.168.1.238" id="Test Suites/Web_Office_Reports">
      <properties>
         <property name="deviceName" value=""/>
         <property name="devicePlatform" value=""/>
         <property name="logFolder" value="C:\\Users\\davidho\\git\\src\\Reports\\20200420_085149\\Web_Office_Reports\\20200420_085149"/>
         <property name="logFiles" value="C:\\Users\\davidho\\git\\src\\Reports\\20200420_085149\\Web_Office_Reports\\20200420_085149\\execution0.log"/>
         <property name="attachments" value=""/>
         <property name="hostName" value="DavidHo - 192.168.1.238"/>
         <property name="os" value="Windows 10 32bit"/>
         <property name="katalonVersion" value="7.3.1.1"/>
         <property name="browser" value="Chrome 81.0.4044.113"/>
         <property name="hostAddress" value="192.168.1.238"/>
         <property name="sessionId" value="ca2dd865e36cb6f2ab0bc5814e70cf79"/>
         <property name="seleniumVersion" value="3.141.59"/>
         <property name="proxyInformation" value="ProxyInformation{proxyOption=NO_PROXY, proxyServerType=HTTP, password=, proxyServerAddress=, proxyServerPort=0, executionList=}"/>
         <property name="platform" value="Windows 10"/>
      </properties>
      <testcase name="Test Cases/Web_Office/Reports/Web_Activity" time="37.5" classname="Test Cases/Web_Office/Reports/Web_Activity" status="PASSED">
         <system-out><![CDATA[2020-04-20 08:51:54 - [TEST_CASE][PASSED] - Test Cases/Web_Office/Reports/Web_Activity: Test Cases/Web_Office/Reports/Web_Activity

2020-04-20 08:51:54 - [TEST_STEP][PASSED] - "--------------------------------------": null

2020-04-20 08:51:54 - [TEST_STEP][PASSED] - " Web Office StartUp                  |": null

2020-04-20 08:51:54 - [TEST_STEP][PASSED] - callTestCase(findTestCase("Reusable_Test_Sequences/Web_Office/Directives/WebOffice_StartUp"), [:], STOP_ON_FAILURE): Call Test Case 'Test Cases/Reusable_Test_Sequences/Web_Office/Directives/WebOffice_StartUp' successfully

2020-04-20 08:51:54 - [TEST_CASE][PASSED] - Test Cases/Reusable_Test_Sequences/Web_Office/Directives/WebOffice_StartUp: Test Cases/Reusable_Test_Sequences/Web_Office/Directives/WebOffice_StartUp

2020-04-20 08:51:55 - [TEST_STEP][PASSED] - "-----------------------------------------------------------------------------": null

2020-04-20 08:51:55 - [TEST_STEP][PASSED] - if (URL == "https://www.dev.checkatrade.com/"): null

2020-04-20 08:51:55 - [TEST_STEP][PASSED] - "-----------------------------------------------------------------------------": null

2020-04-20 08:51:55 - [TEST_STEP][PASSED] - if (URL == "https://www.checkatrade.com/"): null

2020-04-20 08:51:55 - [TEST_STEP][PASSED] - "-----------------------------------------------------------------------------": null

2020-04-20 08:51:55 - [TEST_STEP][PASSED] - if (URL == "https://www.preview.checkatrade.com/"): null

2020-04-20 08:51:55 - [TEST_STEP][PASSED] - WebOfficeURL = "https://admin.preview.checkatrade.com/": null

2020-04-20 08:51:55 - [TEST_STEP][PASSED] - if (URL == "https://www.dev2.checkatrade.com/"): null

2020-04-20 08:51:55 - [TEST_STEP][PASSED] - "Set Function Area for "URL_Handler", URL Resolution": null

2020-04-20 08:51:55 - [TEST_STEP][PASSED] - "Do Some Magic with URL(s) See the comments within URL Handler ": null

2020-04-20 08:51:55 - [TEST_STEP][PASSED] - "------------------------------------------------": null

2020-04-20 08:51:55 - [TEST_STEP][PASSED] - "Moved Login Credentials to <Default> profile 22/01/2020": null

2020-04-20 08:51:55 - [TEST_STEP][PASSED] - "------------------------------------------------": null

2020-04-20 08:51:55 - [TEST_STEP][PASSED] - "WebOfficeURL - Set from the ENVIRONMENT PROFILE ": null

2020-04-20 08:51:55 - [TEST_STEP][PASSED] - "OPEN BROWSER": null

2020-04-20 08:51:55 - [TEST_STEP][PASSED] - "eg - https://admin.preview.checkatrade.com/  ": null

2020-04-20 08:51:55 - [TEST_STEP][PASSED] - openBrowser(WebOfficeURL): Browser is opened with url: 'https://admin.preview.checkatrade.com/'

2020-04-20 08:51:55 - [MESSAGE][INFO] - Starting 'Chrome' driver

2020-04-20 08:51:55 - [MESSAGE][INFO] - Action delay is set to 0 milliseconds

2020-04-20 08:52:00 - [MESSAGE][PASSED] - Browser is opened with url: 'https://admin.preview.checkatrade.com/'

2020-04-20 08:52:00 - [TEST_STEP][PASSED] - maximizeWindow(): Current window maximized

2020-04-20 08:52:02 - [MESSAGE][PASSED] - Current window maximized

2020-04-20 08:52:02 - [TEST_STEP][PASSED] - waitForElementClickable(findTestObject("Object Repository/WebOffice/Page_Checkatrade - Administration - Login/Login_Button"), 25): Object 'Object Repository/WebOffice/Page_Checkatrade - Administration - Login/Login_Button' is clickable

2020-04-20 08:52:03 - [MESSAGE][PASSED] - Object 'Object Repository/WebOffice/Page_Checkatrade - Administration - Login/Login_Button' is clickable

2020-04-20 08:52:03 - [TEST_STEP][PASSED] - verifyTextPresent("Checkatrade Web Office", false): Text 'Checkatrade Web Office' is present on page 

2020-04-20 08:52:03 - [MESSAGE][PASSED] - Text 'Checkatrade Web Office' is present on page 

2020-04-20 08:52:03 - [TEST_STEP][PASSED] - verifyTextPresent("Access for staff use only", false): Text 'Access for staff use only' is present on page 

2020-04-20 08:52:03 - [MESSAGE][PASSED] - Text 'Access for staff use only' is present on page 

2020-04-20 08:52:03 - [TEST_STEP][PASSED] - verifyTextPresent("Forgotten password?", false): Text 'Forgotten password?' is present on page 

2020-04-20 08:52:03 - [MESSAGE][PASSED] - Text 'Forgotten password?' is present on page 

2020-04-20 08:52:03 - [TEST_STEP][PASSED] - setText(findTestObject("Object Repository/WebOffice/Page_Checkatrade - Administration - Login/input_Username_LoginControlUserName"), wo_Username): Text 'DavidHo' is set on object 'Object Repository/WebOffice/Page_Checkatrade - Administration - Login/input_Username_LoginControlUserName'

2020-04-20 08:52:03 - [MESSAGE][PASSED] - Text 'DavidHo' is set on object 'Object Repository/WebOffice/Page_Checkatrade - Administration - Login/input_Username_LoginControlUserName'

2020-04-20 08:52:03 - [TEST_STEP][PASSED] - setText(findTestObject("Object Repository/WebOffice/Page_Checkatrade - Administration - Login/input_Password_LoginControlPassword"), wo_Password): Text 'Check123' is set on object 'Object Repository/WebOffice/Page_Checkatrade - Administration - Login/input_Password_LoginControlPassword'

2020-04-20 08:52:03 - [MESSAGE][PASSED] - Text 'Check123' is set on object 'Object Repository/WebOffice/Page_Checkatrade - Administration - Login/input_Password_LoginControlPassword'

2020-04-20 08:52:03 - [TEST_STEP][PASSED] - click(findTestObject("Object Repository/WebOffice/Page_Checkatrade - Administration - Login/Login_Button")): Object: 'Object Repository/WebOffice/Page_Checkatrade - Administration - Login/Login_Button' is clicked on

2020-04-20 08:52:05 - [MESSAGE][PASSED] - Object: 'Object Repository/WebOffice/Page_Checkatrade - Administration - Login/Login_Button' is clicked on

2020-04-20 08:52:05 - [TEST_STEP][PASSED] - waitForPageLoad(60): Wait for page load successfully

2020-04-20 08:52:05 - [MESSAGE][PASSED] - Wait for page load successfully

2020-04-20 08:52:05 - [TEST_STEP][PASSED] - verifyTextPresent("Welcome " + wo_Username, false): Text 'Welcome DavidHo' is present on page 

2020-04-20 08:52:05 - [MESSAGE][PASSED] - Text 'Welcome DavidHo' is present on page 

2020-04-20 08:52:05 - [MESSAGE][PASSED] - Call Test Case 'Test Cases/Reusable_Test_Sequences/Web_Office/Directives/WebOffice_StartUp' successfully

2020-04-20 08:52:05 - [TEST_STEP][PASSED] - "-----------------------------------------------------------------": null

2020-04-20 08:52:05 - [TEST_STEP][PASSED] - " Navigate to <Settings->Checkatrade.Com->Sub Item> Menu Item     |": null

2020-04-20 08:52:05 - [TEST_STEP][PASSED] - callTestCase(findTestCase("Reusable_Test_Sequences/Web_Office/Navigation/Sub_Menu_Navigation/Reports/Web_Activity"), [:], STOP_ON_FAILURE): Call Test Case 'Test Cases/Reusable_Test_Sequences/Web_Office/Navigation/Sub_Menu_Navigation/Reports/Web_Activity' successfully

2020-04-20 08:52:05 - [TEST_CASE][PASSED] - Test Cases/Reusable_Test_Sequences/Web_Office/Navigation/Sub_Menu_Navigation/Reports/Web_Activity: Test Cases/Reusable_Test_Sequences/Web_Office/Navigation/Sub_Menu_Navigation/Reports/Web_Activity

2020-04-20 08:52:05 - [TEST_STEP][PASSED] - "--------------------------------------": null

2020-04-20 08:52:05 - [TEST_STEP][PASSED] - " Navigate Top level menu Item         |": null

2020-04-20 08:52:05 - [TEST_STEP][PASSED] - waitForPageLoad(60): Wait for page load successfully

2020-04-20 08:52:05 - [MESSAGE][PASSED] - Wait for page load successfully

2020-04-20 08:52:05 - [TEST_STEP][PASSED] - waitForElementClickable(findTestObject("Object Repository/WebOffice_Home_page/a_Reports"), 60): Object 'Object Repository/WebOffice_Home_page/a_Reports' is clickable

2020-04-20 08:52:06 - [MESSAGE][PASSED] - Object 'Object Repository/WebOffice_Home_page/a_Reports' is clickable

2020-04-20 08:52:06 - [TEST_STEP][PASSED] - mouseOver(findTestObject("Object Repository/WebOffice_Home_page/a_Reports")): Object: 'Object Repository/WebOffice_Home_page/a_Reports' is hovered

2020-04-20 08:52:06 - [MESSAGE][PASSED] - Object: 'Object Repository/WebOffice_Home_page/a_Reports' is hovered

2020-04-20 08:52:06 - [TEST_STEP][PASSED] - waitForPageLoad(5): Wait for page load successfully

2020-04-20 08:52:06 - [MESSAGE][PASSED] - Wait for page load successfully

2020-04-20 08:52:06 - [TEST_STEP][PASSED] - waitForElementClickable(findTestObject("Object Repository/WebOffice_Home_page/a_Web Activity"), 5): Object 'Object Repository/WebOffice_Home_page/a_Web Activity' is clickable

2020-04-20 08:52:06 - [MESSAGE][PASSED] - Object 'Object Repository/WebOffice_Home_page/a_Web Activity' is clickable

2020-04-20 08:52:06 - [TEST_STEP][PASSED] - click(findTestObject("Object Repository/WebOffice_Home_page/a_Web Activity")): Object: 'Object Repository/WebOffice_Home_page/a_Web Activity' is clicked on

2020-04-20 08:52:28 - [MESSAGE][PASSED] - Object: 'Object Repository/WebOffice_Home_page/a_Web Activity' is clicked on

2020-04-20 08:52:28 - [MESSAGE][PASSED] - Call Test Case 'Test Cases/Reusable_Test_Sequences/Web_Office/Navigation/Sub_Menu_Navigation/Reports/Web_Activity' successfully

2020-04-20 08:52:28 - [TEST_STEP][PASSED] - "--------------------------------------": null

2020-04-20 08:52:28 - [TEST_STEP][PASSED] - " Verify Returned Page Detail          |": null

2020-04-20 08:52:28 - [TEST_STEP][PASSED] - callTestCase(findTestCase("Reusable_Test_Sequences/Web_Office/Verification/Reports/Web_Activity"), [:], OPTIONAL): Call Test Case 'Test Cases/Reusable_Test_Sequences/Web_Office/Verification/Reports/Web_Activity' successfully

2020-04-20 08:52:28 - [TEST_CASE][PASSED] - Test Cases/Reusable_Test_Sequences/Web_Office/Verification/Reports/Web_Activity: Test Cases/Reusable_Test_Sequences/Web_Office/Verification/Reports/Web_Activity

2020-04-20 08:52:28 - [TEST_STEP][PASSED] - waitForPageLoad(120): Wait for page load successfully

2020-04-20 08:52:28 - [MESSAGE][PASSED] - Wait for page load successfully

2020-04-20 08:52:28 - [TEST_STEP][PASSED] - delay(1): Delayed 1 second(s)

2020-04-20 08:52:29 - [MESSAGE][PASSED] - Delayed 1 second(s)

2020-04-20 08:52:29 - [TEST_STEP][PASSED] - verifyTextPresent("Web Activity", false): Text 'Web Activity' is present on page 

2020-04-20 08:52:29 - [MESSAGE][PASSED] - Text 'Web Activity' is present on page 

2020-04-20 08:52:29 - [TEST_STEP][PASSED] - "----------------------------------------------": null

2020-04-20 08:52:29 - [TEST_STEP][PASSED] - verifyTextPresent("Recent Searches", false): Text 'Recent Searches' is present on page 

2020-04-20 08:52:29 - [MESSAGE][PASSED] - Text 'Recent Searches' is present on page 

2020-04-20 08:52:29 - [TEST_STEP][PASSED] - verifyTextPresent("Most Viewed Companies (in past 7 days)", false): Text 'Most Viewed Companies (in past 7 days)' is present on page 

2020-04-20 08:52:29 - [MESSAGE][PASSED] - Text 'Most Viewed Companies (in past 7 days)' is present on page 

2020-04-20 08:52:29 - [TEST_STEP][PASSED] - "----------------------------------------------": null

2020-04-20 08:52:29 - [TEST_STEP][PASSED] - "----------------------------------------------": null

2020-04-20 08:52:29 - [TEST_STEP][PASSED] - verifyTextPresent("Search on", false): Text 'Search on' is present on page 

2020-04-20 08:52:29 - [MESSAGE][PASSED] - Text 'Search on' is present on page 

2020-04-20 08:52:29 - [TEST_STEP][PASSED] - verifyTextPresent("Search for", false): Text 'Search for' is present on page 

2020-04-20 08:52:29 - [MESSAGE][PASSED] - Text 'Search for' is present on page 

2020-04-20 08:52:29 - [TEST_STEP][PASSED] - verifyTextPresent("In", false): Text 'In' is present on page 

2020-04-20 08:52:30 - [MESSAGE][PASSED] - Text 'In' is present on page 

2020-04-20 08:52:30 - [TEST_STEP][PASSED] - verifyTextPresent("No. Results", false): Text 'No. Results' is present on page 

2020-04-20 08:52:30 - [MESSAGE][PASSED] - Text 'No. Results' is present on page 

2020-04-20 08:52:30 - [TEST_STEP][PASSED] - verifyTextPresent("Company", false): Text 'Company' is present on page 

2020-04-20 08:52:30 - [MESSAGE][PASSED] - Text 'Company' is present on page 

2020-04-20 08:52:30 - [TEST_STEP][PASSED] - verifyTextPresent("From Search", false): Text 'From Search' is present on page 

2020-04-20 08:52:30 - [MESSAGE][PASSED] - Text 'From Search' is present on page 

2020-04-20 08:52:30 - [TEST_STEP][PASSED] - verifyTextPresent("Checkatrade", false): Text 'Checkatrade' is present on page 

2020-04-20 08:52:30 - [MESSAGE][PASSED] - Text 'Checkatrade' is present on page 

2020-04-20 08:52:30 - [TEST_STEP][PASSED] - verifyTextPresent("External Link", false): Text 'External Link' is present on page 

2020-04-20 08:52:30 - [MESSAGE][PASSED] - Text 'External Link' is present on page 

2020-04-20 08:52:30 - [TEST_STEP][PASSED] - verifyTextPresent("Other", false): Text 'Other' is present on page 

2020-04-20 08:52:30 - [MESSAGE][PASSED] - Text 'Other' is present on page 

2020-04-20 08:52:30 - [TEST_STEP][PASSED] - verifyTextPresent("Total", false): Text 'Total' is present on page 

2020-04-20 08:52:30 - [MESSAGE][PASSED] - Text 'Total' is present on page 

2020-04-20 08:52:30 - [TEST_STEP][PASSED] - "----------------------------------------------": null

2020-04-20 08:52:30 - [TEST_STEP][PASSED] - verifyTextPresent("Foster Tree Care", false): Text 'Foster Tree Care' is present on page 

2020-04-20 08:52:30 - [MESSAGE][PASSED] - Text 'Foster Tree Care' is present on page 

2020-04-20 08:52:30 - [TEST_STEP][PASSED] - verifyTextPresent("Burton Electrical Services", false): Text 'Burton Electrical Services' is present on page 

2020-04-20 08:52:31 - [MESSAGE][PASSED] - Text 'Burton Electrical Services' is present on page 

2020-04-20 08:52:31 - [MESSAGE][PASSED] - Call Test Case 'Test Cases/Reusable_Test_Sequences/Web_Office/Verification/Reports/Web_Activity' successfully

2020-04-20 08:52:31 - [TEST_STEP][PASSED] - "--------------------------": null

2020-04-20 08:52:31 - [TEST_STEP][PASSED] - " Teardown - CLose Browser |": null

2020-04-20 08:52:31 - [TEST_STEP][PASSED] - callTestCase(findTestCase("Reusable_Test_Sequences/CAT_Teardown"), [:], OPTIONAL): Call Test Case 'Test Cases/Reusable_Test_Sequences/CAT_Teardown' successfully

2020-04-20 08:52:31 - [TEST_CASE][PASSED] - Test Cases/Reusable_Test_Sequences/CAT_Teardown: Test Cases/Reusable_Test_Sequences/CAT_Teardown

2020-04-20 08:52:31 - [TEST_STEP][PASSED] - closeBrowser(): Browser is closed

2020-04-20 08:52:31 - [MESSAGE][PASSED] - Browser is closed

2020-04-20 08:52:31 - [TEST_STEP][PASSED] - super.finalize(): null

2020-04-20 08:52:31 - [TEST_STEP][PASSED] - System.gc(): null

2020-04-20 08:52:32 - [MESSAGE][PASSED] - Call Test Case 'Test Cases/Reusable_Test_Sequences/CAT_Teardown' successfully]]></system-out>
         <system-err><![CDATA[]]></system-err>
      </testcase>
      <testcase name="Test Cases/Web_Office/Reports/Company_Views" time="14.126" classname="Test Cases/Web_Office/Reports/Company_Views" status="PASSED">
         <system-out><![CDATA[2020-04-20 08:52:32 - [TEST_CASE][PASSED] - Test Cases/Web_Office/Reports/Company_Views: Test Cases/Web_Office/Reports/Company_Views

2020-04-20 08:52:32 - [TEST_STEP][PASSED] - "--------------------------------------": null

2020-04-20 08:52:32 - [TEST_STEP][PASSED] - " Web Office StartUp                  |": null

2020-04-20 08:52:32 - [TEST_STEP][PASSED] - callTestCase(findTestCase("Reusable_Test_Sequences/Web_Office/Directives/WebOffice_StartUp"), [:], STOP_ON_FAILURE): Call Test Case 'Test Cases/Reusable_Test_Sequences/Web_Office/Directives/WebOffice_StartUp' successfully

2020-04-20 08:52:32 - [TEST_CASE][PASSED] - Test Cases/Reusable_Test_Sequences/Web_Office/Directives/WebOffice_StartUp: Test Cases/Reusable_Test_Sequences/Web_Office/Directives/WebOffice_StartUp

2020-04-20 08:52:32 - [TEST_STEP][PASSED] - "-----------------------------------------------------------------------------": null

2020-04-20 08:52:32 - [TEST_STEP][PASSED] - if (URL == "https://www.dev.checkatrade.com/"): null

2020-04-20 08:52:32 - [TEST_STEP][PASSED] - "-----------------------------------------------------------------------------": null

2020-04-20 08:52:32 - [TEST_STEP][PASSED] - if (URL == "https://www.checkatrade.com/"): null

2020-04-20 08:52:32 - [TEST_STEP][PASSED] - "-----------------------------------------------------------------------------": null

2020-04-20 08:52:32 - [TEST_STEP][PASSED] - if (URL == "https://www.preview.checkatrade.com/"): null

2020-04-20 08:52:32 - [TEST_STEP][PASSED] - WebOfficeURL = "https://admin.preview.checkatrade.com/": null

2020-04-20 08:52:32 - [TEST_STEP][PASSED] - if (URL == "https://www.dev2.checkatrade.com/"): null

2020-04-20 08:52:32 - [TEST_STEP][PASSED] - "Set Function Area for "URL_Handler", URL Resolution": null

2020-04-20 08:52:32 - [TEST_STEP][PASSED] - "Do Some Magic with URL(s) See the comments within URL Handler ": null

2020-04-20 08:52:32 - [TEST_STEP][PASSED] - "------------------------------------------------": null

2020-04-20 08:52:32 - [TEST_STEP][PASSED] - "Moved Login Credentials to <Default> profile 22/01/2020": null

2020-04-20 08:52:32 - [TEST_STEP][PASSED] - "------------------------------------------------": null

2020-04-20 08:52:32 - [TEST_STEP][PASSED] - "WebOfficeURL - Set from the ENVIRONMENT PROFILE ": null

2020-04-20 08:52:32 - [TEST_STEP][PASSED] - "OPEN BROWSER": null

2020-04-20 08:52:32 - [TEST_STEP][PASSED] - "eg - https://admin.preview.checkatrade.com/  ": null

2020-04-20 08:52:32 - [TEST_STEP][PASSED] - openBrowser(WebOfficeURL): Browser is opened with url: 'https://admin.preview.checkatrade.com/'

2020-04-20 08:52:32 - [MESSAGE][INFO] - Starting 'Chrome' driver

2020-04-20 08:52:32 - [MESSAGE][INFO] - Action delay is set to 0 milliseconds

2020-04-20 08:52:36 - [MESSAGE][PASSED] - Browser is opened with url: 'https://admin.preview.checkatrade.com/'

2020-04-20 08:52:36 - [TEST_STEP][PASSED] - maximizeWindow(): Current window maximized

2020-04-20 08:52:38 - [MESSAGE][PASSED] - Current window maximized

2020-04-20 08:52:38 - [TEST_STEP][PASSED] - waitForElementClickable(findTestObject("Object Repository/WebOffice/Page_Checkatrade - Administration - Login/Login_Button"), 25): Object 'Object Repository/WebOffice/Page_Checkatrade - Administration - Login/Login_Button' is clickable

2020-04-20 08:52:38 - [MESSAGE][PASSED] - Object 'Object Repository/WebOffice/Page_Checkatrade - Administration - Login/Login_Button' is clickable

2020-04-20 08:52:38 - [TEST_STEP][PASSED] - verifyTextPresent("Checkatrade Web Office", false): Text 'Checkatrade Web Office' is present on page 

2020-04-20 08:52:38 - [MESSAGE][PASSED] - Text 'Checkatrade Web Office' is present on page 

2020-04-20 08:52:38 - [TEST_STEP][PASSED] - verifyTextPresent("Access for staff use only", false): Text 'Access for staff use only' is present on page 

2020-04-20 08:52:38 - [MESSAGE][PASSED] - Text 'Access for staff use only' is present on page 

2020-04-20 08:52:38 - [TEST_STEP][PASSED] - verifyTextPresent("Forgotten password?", false): Text 'Forgotten password?' is present on page 

2020-04-20 08:52:38 - [MESSAGE][PASSED] - Text 'Forgotten password?' is present on page 

2020-04-20 08:52:38 - [TEST_STEP][PASSED] - setText(findTestObject("Object Repository/WebOffice/Page_Checkatrade - Administration - Login/input_Username_LoginControlUserName"), wo_Username): Text 'DavidHo' is set on object 'Object Repository/WebOffice/Page_Checkatrade - Administration - Login/input_Username_LoginControlUserName'

2020-04-20 08:52:39 - [MESSAGE][PASSED] - Text 'DavidHo' is set on object 'Object Repository/WebOffice/Page_Checkatrade - Administration - Login/input_Username_LoginControlUserName'

2020-04-20 08:52:39 - [TEST_STEP][PASSED] - setText(findTestObject("Object Repository/WebOffice/Page_Checkatrade - Administration - Login/input_Password_LoginControlPassword"), wo_Password): Text 'Check123' is set on object 'Object Repository/WebOffice/Page_Checkatrade - Administration - Login/input_Password_LoginControlPassword'

2020-04-20 08:52:39 - [MESSAGE][PASSED] - Text 'Check123' is set on object 'Object Repository/WebOffice/Page_Checkatrade - Administration - Login/input_Password_LoginControlPassword'

2020-04-20 08:52:39 - [TEST_STEP][PASSED] - click(findTestObject("Object Repository/WebOffice/Page_Checkatrade - Administration - Login/Login_Button")): Object: 'Object Repository/WebOffice/Page_Checkatrade - Administration - Login/Login_Button' is clicked on

2020-04-20 08:52:40 - [MESSAGE][PASSED] - Object: 'Object Repository/WebOffice/Page_Checkatrade - Administration - Login/Login_Button' is clicked on

2020-04-20 08:52:40 - [TEST_STEP][PASSED] - waitForPageLoad(60): Wait for page load successfully

2020-04-20 08:52:40 - [MESSAGE][PASSED] - Wait for page load successfully

2020-04-20 08:52:40 - [TEST_STEP][PASSED] - verifyTextPresent("Welcome " + wo_Username, false): Text 'Welcome DavidHo' is present on page 

2020-04-20 08:52:40 - [MESSAGE][PASSED] - Text 'Welcome DavidHo' is present on page 

2020-04-20 08:52:40 - [MESSAGE][PASSED] - Call Test Case 'Test Cases/Reusable_Test_Sequences/Web_Office/Directives/WebOffice_StartUp' successfully

2020-04-20 08:52:40 - [TEST_STEP][PASSED] - "-----------------------------------------------------------------": null

2020-04-20 08:52:40 - [TEST_STEP][PASSED] - " Navigate to <Settings->Checkatrade.Com->Sub Item> Menu Item     |": null

2020-04-20 08:52:40 - [TEST_STEP][PASSED] - callTestCase(findTestCase("Reusable_Test_Sequences/Web_Office/Navigation/Sub_Menu_Navigation/Reports/Company_Views"), [:], STOP_ON_FAILURE): Call Test Case 'Test Cases/Reusable_Test_Sequences/Web_Office/Navigation/Sub_Menu_Navigation/Reports/Company_Views' successfully

2020-04-20 08:52:40 - [TEST_CASE][PASSED] - Test Cases/Reusable_Test_Sequences/Web_Office/Navigation/Sub_Menu_Navigation/Reports/Company_Views: Test Cases/Reusable_Test_Sequences/Web_Office/Navigation/Sub_Menu_Navigation/Reports/Company_Views

2020-04-20 08:52:40 - [TEST_STEP][PASSED] - "--------------------------------------": null

2020-04-20 08:52:40 - [TEST_STEP][PASSED] - " Navigate Top level menu Item         |": null

2020-04-20 08:52:40 - [TEST_STEP][PASSED] - waitForPageLoad(60): Wait for page load successfully

2020-04-20 08:52:40 - [MESSAGE][PASSED] - Wait for page load successfully

2020-04-20 08:52:40 - [TEST_STEP][PASSED] - waitForElementClickable(findTestObject("Object Repository/WebOffice_Home_page/a_Reports"), 60): Object 'Object Repository/WebOffice_Home_page/a_Reports' is clickable

2020-04-20 08:52:40 - [MESSAGE][PASSED] - Object 'Object Repository/WebOffice_Home_page/a_Reports' is clickable

2020-04-20 08:52:40 - [TEST_STEP][PASSED] - mouseOver(findTestObject("Object Repository/WebOffice_Home_page/a_Reports")): Object: 'Object Repository/WebOffice_Home_page/a_Reports' is hovered

2020-04-20 08:52:41 - [MESSAGE][PASSED] - Object: 'Object Repository/WebOffice_Home_page/a_Reports' is hovered

2020-04-20 08:52:41 - [TEST_STEP][PASSED] - mouseOver(findTestObject("Object Repository/WebOffice_Home_page/Page_/a_Consumers")): Object: 'Object Repository/WebOffice_Home_page/Page_/a_Consumers' is hovered

2020-04-20 08:52:41 - [MESSAGE][PASSED] - Object: 'Object Repository/WebOffice_Home_page/Page_/a_Consumers' is hovered

2020-04-20 08:52:41 - [TEST_STEP][PASSED] - waitForPageLoad(5): Wait for page load successfully

2020-04-20 08:52:41 - [MESSAGE][PASSED] - Wait for page load successfully

2020-04-20 08:52:41 - [TEST_STEP][PASSED] - waitForElementClickable(findTestObject("Object Repository/WebOffice_Home_page/a_Company Views"), 5): Object 'Object Repository/WebOffice_Home_page/a_Company Views' is clickable

2020-04-20 08:52:41 - [MESSAGE][PASSED] - Object 'Object Repository/WebOffice_Home_page/a_Company Views' is clickable

2020-04-20 08:52:41 - [TEST_STEP][PASSED] - click(findTestObject("Object Repository/WebOffice_Home_page/a_Company Views")): Object: 'Object Repository/WebOffice_Home_page/a_Company Views' is clicked on

2020-04-20 08:52:42 - [MESSAGE][PASSED] - Object: 'Object Repository/WebOffice_Home_page/a_Company Views' is clicked on

2020-04-20 08:52:42 - [MESSAGE][PASSED] - Call Test Case 'Test Cases/Reusable_Test_Sequences/Web_Office/Navigation/Sub_Menu_Navigation/Reports/Company_Views' successfully

2020-04-20 08:52:42 - [TEST_STEP][PASSED] - "--------------------------------------": null

2020-04-20 08:52:42 - [TEST_STEP][PASSED] - " Verify Returned Page Detail          |": null

2020-04-20 08:52:42 - [TEST_STEP][PASSED] - callTestCase(findTestCase("Reusable_Test_Sequences/Web_Office/Verification/Reports/Company_Views"), [:], OPTIONAL): Call Test Case 'Test Cases/Reusable_Test_Sequences/Web_Office/Verification/Reports/Company_Views' successfully

2020-04-20 08:52:42 - [TEST_CASE][PASSED] - Test Cases/Reusable_Test_Sequences/Web_Office/Verification/Reports/Company_Views: Test Cases/Reusable_Test_Sequences/Web_Office/Verification/Reports/Company_Views

2020-04-20 08:52:42 - [TEST_STEP][PASSED] - waitForPageLoad(120): Wait for page load successfully

2020-04-20 08:52:42 - [MESSAGE][PASSED] - Wait for page load successfully

2020-04-20 08:52:42 - [TEST_STEP][PASSED] - delay(1): Delayed 1 second(s)

2020-04-20 08:52:43 - [MESSAGE][PASSED] - Delayed 1 second(s)

2020-04-20 08:52:43 - [TEST_STEP][PASSED] - verifyTextPresent("Company Viewing History", false): Text 'Company Viewing History' is present on page 

2020-04-20 08:52:43 - [MESSAGE][PASSED] - Text 'Company Viewing History' is present on page 

2020-04-20 08:52:43 - [TEST_STEP][PASSED] - "----------------------------------------------": null

2020-04-20 08:52:43 - [TEST_STEP][PASSED] - verifyTextPresent("From", false): Text 'From' is present on page 

2020-04-20 08:52:43 - [MESSAGE][PASSED] - Text 'From' is present on page 

2020-04-20 08:52:43 - [TEST_STEP][PASSED] - verifyTextPresent("Select Company", false): Text 'Select Company' is present on page 

2020-04-20 08:52:44 - [MESSAGE][PASSED] - Text 'Select Company' is present on page 

2020-04-20 08:52:44 - [TEST_STEP][PASSED] - "----------------------------------------------": null

2020-04-20 08:52:44 - [TEST_STEP][PASSED] - "----------------------------------------------": null

2020-04-20 08:52:44 - [TEST_STEP][PASSED] - verifyTextPresent("Company", false): Text 'Company' is present on page 

2020-04-20 08:52:44 - [MESSAGE][PASSED] - Text 'Company' is present on page 

2020-04-20 08:52:44 - [TEST_STEP][PASSED] - verifyTextPresent("From Search", false): Text 'From Search' is present on page 

2020-04-20 08:52:44 - [MESSAGE][PASSED] - Text 'From Search' is present on page 

2020-04-20 08:52:44 - [TEST_STEP][PASSED] - verifyTextPresent("Checkatrade", false): Text 'Checkatrade' is present on page 

2020-04-20 08:52:44 - [MESSAGE][PASSED] - Text 'Checkatrade' is present on page 

2020-04-20 08:52:44 - [TEST_STEP][PASSED] - verifyTextPresent("External Link", false): Text 'External Link' is present on page 

2020-04-20 08:52:44 - [MESSAGE][PASSED] - Text 'External Link' is present on page 

2020-04-20 08:52:44 - [TEST_STEP][PASSED] - verifyTextPresent("Other", false): Text 'Other' is present on page 

2020-04-20 08:52:44 - [MESSAGE][PASSED] - Text 'Other' is present on page 

2020-04-20 08:52:44 - [TEST_STEP][PASSED] - verifyTextPresent("Total", false): Text 'Total' is present on page 

2020-04-20 08:52:45 - [MESSAGE][PASSED] - Text 'Total' is present on page 

2020-04-20 08:52:45 - [TEST_STEP][PASSED] - "----------------------------------------------": null

2020-04-20 08:52:45 - [TEST_STEP][PASSED] - verifyTextPresent("Foster Tree Care", false): Text 'Foster Tree Care' is present on page 

2020-04-20 08:52:45 - [MESSAGE][PASSED] - Text 'Foster Tree Care' is present on page 

2020-04-20 08:52:45 - [MESSAGE][PASSED] - Call Test Case 'Test Cases/Reusable_Test_Sequences/Web_Office/Verification/Reports/Company_Views' successfully

2020-04-20 08:52:45 - [TEST_STEP][PASSED] - "--------------------------": null

2020-04-20 08:52:45 - [TEST_STEP][PASSED] - " Teardown - CLose Browser |": null

2020-04-20 08:52:45 - [TEST_STEP][PASSED] - callTestCase(findTestCase("Reusable_Test_Sequences/CAT_Teardown"), [:], OPTIONAL): Call Test Case 'Test Cases/Reusable_Test_Sequences/CAT_Teardown' successfully

2020-04-20 08:52:45 - [TEST_CASE][PASSED] - Test Cases/Reusable_Test_Sequences/CAT_Teardown: Test Cases/Reusable_Test_Sequences/CAT_Teardown

2020-04-20 08:52:45 - [TEST_STEP][PASSED] - closeBrowser(): Browser is closed

2020-04-20 08:52:46 - [MESSAGE][PASSED] - Browser is closed

2020-04-20 08:52:46 - [TEST_STEP][PASSED] - super.finalize(): null

2020-04-20 08:52:46 - [TEST_STEP][PASSED] - System.gc(): null

2020-04-20 08:52:46 - [MESSAGE][PASSED] - Call Test Case 'Test Cases/Reusable_Test_Sequences/CAT_Teardown' successfully]]></system-out>
         <system-err><![CDATA[]]></system-err>
      </testcase>
      <testcase name="Test Cases/Web_Office/Reports/Company_Website_Status_Changes" time="126.092" classname="Test Cases/Web_Office/Reports/Company_Website_Status_Changes" status="PASSED">
         <system-out><![CDATA[2020-04-20 08:52:46 - [TEST_CASE][PASSED] - Test Cases/Web_Office/Reports/Company_Website_Status_Changes: Test Cases/Web_Office/Reports/Company_Website_Status_Changes

2020-04-20 08:52:46 - [TEST_STEP][PASSED] - "--------------------------------------": null

2020-04-20 08:52:46 - [TEST_STEP][PASSED] - " Web Office StartUp                  |": null

2020-04-20 08:52:46 - [TEST_STEP][PASSED] - callTestCase(findTestCase("Reusable_Test_Sequences/Web_Office/Directives/WebOffice_StartUp"), [:], STOP_ON_FAILURE): Call Test Case 'Test Cases/Reusable_Test_Sequences/Web_Office/Directives/WebOffice_StartUp' successfully

2020-04-20 08:52:46 - [TEST_CASE][PASSED] - Test Cases/Reusable_Test_Sequences/Web_Office/Directives/WebOffice_StartUp: Test Cases/Reusable_Test_Sequences/Web_Office/Directives/WebOffice_StartUp

2020-04-20 08:52:46 - [TEST_STEP][PASSED] - "-----------------------------------------------------------------------------": null

2020-04-20 08:52:46 - [TEST_STEP][PASSED] - if (URL == "https://www.dev.checkatrade.com/"): null

2020-04-20 08:52:46 - [TEST_STEP][PASSED] - "-----------------------------------------------------------------------------": null

2020-04-20 08:52:46 - [TEST_STEP][PASSED] - if (URL == "https://www.checkatrade.com/"): null

2020-04-20 08:52:46 - [TEST_STEP][PASSED] - "-----------------------------------------------------------------------------": null

2020-04-20 08:52:46 - [TEST_STEP][PASSED] - if (URL == "https://www.preview.checkatrade.com/"): null

2020-04-20 08:52:46 - [TEST_STEP][PASSED] - WebOfficeURL = "https://admin.preview.checkatrade.com/": null

2020-04-20 08:52:46 - [TEST_STEP][PASSED] - if (URL == "https://www.dev2.checkatrade.com/"): null

2020-04-20 08:52:46 - [TEST_STEP][PASSED] - "Set Function Area for "URL_Handler", URL Resolution": null

2020-04-20 08:52:46 - [TEST_STEP][PASSED] - "Do Some Magic with URL(s) See the comments within URL Handler ": null

2020-04-20 08:52:46 - [TEST_STEP][PASSED] - "------------------------------------------------": null

2020-04-20 08:52:46 - [TEST_STEP][PASSED] - "Moved Login Credentials to <Default> profile 22/01/2020": null

2020-04-20 08:52:46 - [TEST_STEP][PASSED] - "------------------------------------------------": null

2020-04-20 08:52:46 - [TEST_STEP][PASSED] - "WebOfficeURL - Set from the ENVIRONMENT PROFILE ": null

2020-04-20 08:52:46 - [TEST_STEP][PASSED] - "OPEN BROWSER": null

2020-04-20 08:52:46 - [TEST_STEP][PASSED] - "eg - https://admin.preview.checkatrade.com/  ": null

2020-04-20 08:52:46 - [TEST_STEP][PASSED] - openBrowser(WebOfficeURL): Browser is opened with url: 'https://admin.preview.checkatrade.com/'

2020-04-20 08:52:46 - [MESSAGE][INFO] - Starting 'Chrome' driver

2020-04-20 08:52:46 - [MESSAGE][INFO] - Action delay is set to 0 milliseconds

2020-04-20 08:52:50 - [MESSAGE][PASSED] - Browser is opened with url: 'https://admin.preview.checkatrade.com/'

2020-04-20 08:52:50 - [TEST_STEP][PASSED] - maximizeWindow(): Current window maximized

2020-04-20 08:52:52 - [MESSAGE][PASSED] - Current window maximized

2020-04-20 08:52:52 - [TEST_STEP][PASSED] - waitForElementClickable(findTestObject("Object Repository/WebOffice/Page_Checkatrade - Administration - Login/Login_Button"), 25): Object 'Object Repository/WebOffice/Page_Checkatrade - Administration - Login/Login_Button' is clickable

2020-04-20 08:52:53 - [MESSAGE][PASSED] - Object 'Object Repository/WebOffice/Page_Checkatrade - Administration - Login/Login_Button' is clickable

2020-04-20 08:52:53 - [TEST_STEP][PASSED] - verifyTextPresent("Checkatrade Web Office", false): Text 'Checkatrade Web Office' is present on page 

2020-04-20 08:52:53 - [MESSAGE][PASSED] - Text 'Checkatrade Web Office' is present on page 

2020-04-20 08:52:53 - [TEST_STEP][PASSED] - verifyTextPresent("Access for staff use only", false): Text 'Access for staff use only' is present on page 

2020-04-20 08:52:53 - [MESSAGE][PASSED] - Text 'Access for staff use only' is present on page 

2020-04-20 08:52:53 - [TEST_STEP][PASSED] - verifyTextPresent("Forgotten password?", false): Text 'Forgotten password?' is present on page 

2020-04-20 08:52:53 - [MESSAGE][PASSED] - Text 'Forgotten password?' is present on page 

2020-04-20 08:52:53 - [TEST_STEP][PASSED] - setText(findTestObject("Object Repository/WebOffice/Page_Checkatrade - Administration - Login/input_Username_LoginControlUserName"), wo_Username): Text 'DavidHo' is set on object 'Object Repository/WebOffice/Page_Checkatrade - Administration - Login/input_Username_LoginControlUserName'

2020-04-20 08:52:53 - [MESSAGE][PASSED] - Text 'DavidHo' is set on object 'Object Repository/WebOffice/Page_Checkatrade - Administration - Login/input_Username_LoginControlUserName'

2020-04-20 08:52:53 - [TEST_STEP][PASSED] - setText(findTestObject("Object Repository/WebOffice/Page_Checkatrade - Administration - Login/input_Password_LoginControlPassword"), wo_Password): Text 'Check123' is set on object 'Object Repository/WebOffice/Page_Checkatrade - Administration - Login/input_Password_LoginControlPassword'

2020-04-20 08:52:53 - [MESSAGE][PASSED] - Text 'Check123' is set on object 'Object Repository/WebOffice/Page_Checkatrade - Administration - Login/input_Password_LoginControlPassword'

2020-04-20 08:52:53 - [TEST_STEP][PASSED] - click(findTestObject("Object Repository/WebOffice/Page_Checkatrade - Administration - Login/Login_Button")): Object: 'Object Repository/WebOffice/Page_Checkatrade - Administration - Login/Login_Button' is clicked on

2020-04-20 08:52:54 - [MESSAGE][PASSED] - Object: 'Object Repository/WebOffice/Page_Checkatrade - Administration - Login/Login_Button' is clicked on

2020-04-20 08:52:54 - [TEST_STEP][PASSED] - waitForPageLoad(60): Wait for page load successfully

2020-04-20 08:52:54 - [MESSAGE][PASSED] - Wait for page load successfully

2020-04-20 08:52:54 - [TEST_STEP][PASSED] - verifyTextPresent("Welcome " + wo_Username, false): Text 'Welcome DavidHo' is present on page 

2020-04-20 08:52:54 - [MESSAGE][PASSED] - Text 'Welcome DavidHo' is present on page 

2020-04-20 08:52:54 - [MESSAGE][PASSED] - Call Test Case 'Test Cases/Reusable_Test_Sequences/Web_Office/Directives/WebOffice_StartUp' successfully

2020-04-20 08:52:54 - [TEST_STEP][PASSED] - "-----------------------------------------------------------------": null

2020-04-20 08:52:54 - [TEST_STEP][PASSED] - " Navigate to <Settings->Checkatrade.Com->Sub Item> Menu Item     |": null

2020-04-20 08:52:54 - [TEST_STEP][PASSED] - callTestCase(findTestCase("Reusable_Test_Sequences/Web_Office/Navigation/Sub_Menu_Navigation/Reports/Company_Website_Status_Changes"), [:], STOP_ON_FAILURE): Call Test Case 'Test Cases/Reusable_Test_Sequences/Web_Office/Navigation/Sub_Menu_Navigation/Reports/Company_Website_Status_Changes' successfully

2020-04-20 08:52:54 - [TEST_CASE][PASSED] - Test Cases/Reusable_Test_Sequences/Web_Office/Navigation/Sub_Menu_Navigation/Reports/Company_Website_Status_Changes: Test Cases/Reusable_Test_Sequences/Web_Office/Navigation/Sub_Menu_Navigation/Reports/Company_Website_Status_Changes

2020-04-20 08:52:54 - [TEST_STEP][PASSED] - "--------------------------------------": null

2020-04-20 08:52:54 - [TEST_STEP][PASSED] - " Navigate Top level menu Item         |": null

2020-04-20 08:52:54 - [TEST_STEP][PASSED] - waitForPageLoad(60): Wait for page load successfully

2020-04-20 08:52:54 - [MESSAGE][PASSED] - Wait for page load successfully

2020-04-20 08:52:54 - [TEST_STEP][PASSED] - waitForElementClickable(findTestObject("Object Repository/WebOffice_Home_page/a_Reports"), 60): Object 'Object Repository/WebOffice_Home_page/a_Reports' is clickable

2020-04-20 08:52:54 - [MESSAGE][PASSED] - Object 'Object Repository/WebOffice_Home_page/a_Reports' is clickable

2020-04-20 08:52:54 - [TEST_STEP][PASSED] - mouseOver(findTestObject("Object Repository/WebOffice_Home_page/a_Reports")): Object: 'Object Repository/WebOffice_Home_page/a_Reports' is hovered

2020-04-20 08:52:54 - [MESSAGE][PASSED] - Object: 'Object Repository/WebOffice_Home_page/a_Reports' is hovered

2020-04-20 08:52:54 - [TEST_STEP][PASSED] - click(findTestObject("Object Repository/WebOffice_Home_page/Page_/a_Consumers")): Object: 'Object Repository/WebOffice_Home_page/Page_/a_Consumers' is clicked on

2020-04-20 08:52:55 - [MESSAGE][PASSED] - Object: 'Object Repository/WebOffice_Home_page/Page_/a_Consumers' is clicked on

2020-04-20 08:52:55 - [TEST_STEP][PASSED] - waitForPageLoad(5): Wait for page load successfully

2020-04-20 08:52:55 - [MESSAGE][PASSED] - Wait for page load successfully

2020-04-20 08:52:55 - [TEST_STEP][PASSED] - waitForElementClickable(findTestObject("Object Repository/WebOffice_Home_page/a_Company Website Status Changes"), 5): Object 'Object Repository/WebOffice_Home_page/a_Company Website Status Changes' is clickable

2020-04-20 08:52:55 - [MESSAGE][PASSED] - Object 'Object Repository/WebOffice_Home_page/a_Company Website Status Changes' is clickable

2020-04-20 08:52:55 - [TEST_STEP][PASSED] - click(findTestObject("Object Repository/WebOffice_Home_page/a_Company Website Status Changes")): Object: 'Object Repository/WebOffice_Home_page/a_Company Website Status Changes' is clicked on

2020-04-20 08:54:48 - [MESSAGE][PASSED] - Object: 'Object Repository/WebOffice_Home_page/a_Company Website Status Changes' is clicked on

2020-04-20 08:54:48 - [MESSAGE][PASSED] - Call Test Case 'Test Cases/Reusable_Test_Sequences/Web_Office/Navigation/Sub_Menu_Navigation/Reports/Company_Website_Status_Changes' successfully

2020-04-20 08:54:48 - [TEST_STEP][PASSED] - "--------------------------------------": null

2020-04-20 08:54:48 - [TEST_STEP][PASSED] - " Verify Returned Page Detail          |": null

2020-04-20 08:54:48 - [TEST_STEP][PASSED] - callTestCase(findTestCase("Reusable_Test_Sequences/Web_Office/Verification/Reports/Company_Website_Status_Changes"), [:], OPTIONAL): Call Test Case 'Test Cases/Reusable_Test_Sequences/Web_Office/Verification/Reports/Company_Website_Status_Changes' successfully

2020-04-20 08:54:48 - [TEST_CASE][PASSED] - Test Cases/Reusable_Test_Sequences/Web_Office/Verification/Reports/Company_Website_Status_Changes: Test Cases/Reusable_Test_Sequences/Web_Office/Verification/Reports/Company_Website_Status_Changes

2020-04-20 08:54:48 - [TEST_STEP][PASSED] - waitForPageLoad(120): Wait for page load successfully

2020-04-20 08:54:48 - [MESSAGE][PASSED] - Wait for page load successfully

2020-04-20 08:54:48 - [TEST_STEP][PASSED] - delay(1): Delayed 1 second(s)

2020-04-20 08:54:49 - [MESSAGE][PASSED] - Delayed 1 second(s)

2020-04-20 08:54:49 - [TEST_STEP][PASSED] - verifyTextPresent("Company Website Status Change Report", false): Text 'Company Website Status Change Report' is present on page 

2020-04-20 08:54:50 - [MESSAGE][PASSED] - Text 'Company Website Status Change Report' is present on page 

2020-04-20 08:54:50 - [TEST_STEP][PASSED] - "----------------------------------------------": null

2020-04-20 08:54:50 - [TEST_STEP][PASSED] - verifyTextPresent("All Available Dates:", false): Text 'All Available Dates:' is present on page 

2020-04-20 08:54:50 - [MESSAGE][PASSED] - Text 'All Available Dates:' is present on page 

2020-04-20 08:54:50 - [TEST_STEP][PASSED] - verifyTextPresent("Total no. companies", false): Text 'Total no. companies' is present on page 

2020-04-20 08:54:50 - [MESSAGE][PASSED] - Text 'Total no. companies' is present on page 

2020-04-20 08:54:50 - [TEST_STEP][PASSED] - "----------------------------------------------": null

2020-04-20 08:54:50 - [TEST_STEP][PASSED] - "----------------------------------------------": null

2020-04-20 08:54:50 - [TEST_STEP][PASSED] - verifyTextPresent("Company", false): Text 'Company' is present on page 

2020-04-20 08:54:50 - [MESSAGE][PASSED] - Text 'Company' is present on page 

2020-04-20 08:54:50 - [TEST_STEP][PASSED] - verifyTextPresent("Status", false): Text 'Status' is present on page 

2020-04-20 08:54:50 - [MESSAGE][PASSED] - Text 'Status' is present on page 

2020-04-20 08:54:50 - [TEST_STEP][PASSED] - verifyTextPresent("Description", false): Text 'Description' is present on page 

2020-04-20 08:54:50 - [MESSAGE][PASSED] - Text 'Description' is present on page 

2020-04-20 08:54:50 - [TEST_STEP][PASSED] - verifyTextPresent("Date Changed", false): Text 'Date Changed' is present on page 

2020-04-20 08:54:51 - [MESSAGE][PASSED] - Text 'Date Changed' is present on page 

2020-04-20 08:54:51 - [TEST_STEP][PASSED] - "----------------------------------------------": null

2020-04-20 08:54:51 - [TEST_STEP][PASSED] - "----------------------------------------------": null

2020-04-20 08:54:51 - [TEST_STEP][PASSED] - "----------------------------------------------": null

2020-04-20 08:54:51 - [TEST_STEP][PASSED] - verifyTextPresent("Added to Website", false): Text 'Added to Website' is present on page 

2020-04-20 08:54:51 - [MESSAGE][PASSED] - Text 'Added to Website' is present on page 

2020-04-20 08:54:51 - [TEST_STEP][PASSED] - verifyTextPresent("Removed from website", false): Text 'Removed from website' is present on page 

2020-04-20 08:54:51 - [MESSAGE][PASSED] - Text 'Removed from website' is present on page 

2020-04-20 08:54:51 - [MESSAGE][PASSED] - Call Test Case 'Test Cases/Reusable_Test_Sequences/Web_Office/Verification/Reports/Company_Website_Status_Changes' successfully

2020-04-20 08:54:51 - [TEST_STEP][PASSED] - "--------------------------": null

2020-04-20 08:54:51 - [TEST_STEP][PASSED] - " Teardown - CLose Browser |": null

2020-04-20 08:54:51 - [TEST_STEP][PASSED] - callTestCase(findTestCase("Reusable_Test_Sequences/CAT_Teardown"), [:], OPTIONAL): Call Test Case 'Test Cases/Reusable_Test_Sequences/CAT_Teardown' successfully

2020-04-20 08:54:51 - [TEST_CASE][PASSED] - Test Cases/Reusable_Test_Sequences/CAT_Teardown: Test Cases/Reusable_Test_Sequences/CAT_Teardown

2020-04-20 08:54:51 - [TEST_STEP][PASSED] - closeBrowser(): Browser is closed

2020-04-20 08:54:52 - [MESSAGE][PASSED] - Browser is closed

2020-04-20 08:54:52 - [TEST_STEP][PASSED] - super.finalize(): null

2020-04-20 08:54:52 - [TEST_STEP][PASSED] - System.gc(): null

2020-04-20 08:54:52 - [MESSAGE][PASSED] - Call Test Case 'Test Cases/Reusable_Test_Sequences/CAT_Teardown' successfully]]></system-out>
         <system-err><![CDATA[]]></system-err>
      </testcase>
      <testcase name="Test Cases/Web_Office/Reports/Directory_Preferences" time="262.115" classname="Test Cases/Web_Office/Reports/Directory_Preferences" status="PASSED">
         <system-out><![CDATA[2020-04-20 08:54:52 - [TEST_CASE][PASSED] - Test Cases/Web_Office/Reports/Directory_Preferences: Test Cases/Web_Office/Reports/Directory_Preferences

2020-04-20 08:54:52 - [TEST_STEP][PASSED] - "--------------------------------------": null

2020-04-20 08:54:52 - [TEST_STEP][PASSED] - " Web Office StartUp                  |": null

2020-04-20 08:54:52 - [TEST_STEP][PASSED] - callTestCase(findTestCase("Reusable_Test_Sequences/Web_Office/Directives/WebOffice_StartUp"), [:], STOP_ON_FAILURE): Call Test Case 'Test Cases/Reusable_Test_Sequences/Web_Office/Directives/WebOffice_StartUp' successfully

2020-04-20 08:54:52 - [TEST_CASE][PASSED] - Test Cases/Reusable_Test_Sequences/Web_Office/Directives/WebOffice_StartUp: Test Cases/Reusable_Test_Sequences/Web_Office/Directives/WebOffice_StartUp

2020-04-20 08:54:52 - [TEST_STEP][PASSED] - "-----------------------------------------------------------------------------": null

2020-04-20 08:54:52 - [TEST_STEP][PASSED] - if (URL == "https://www.dev.checkatrade.com/"): null

2020-04-20 08:54:52 - [TEST_STEP][PASSED] - "-----------------------------------------------------------------------------": null

2020-04-20 08:54:52 - [TEST_STEP][PASSED] - if (URL == "https://www.checkatrade.com/"): null

2020-04-20 08:54:52 - [TEST_STEP][PASSED] - "-----------------------------------------------------------------------------": null

2020-04-20 08:54:52 - [TEST_STEP][PASSED] - if (URL == "https://www.preview.checkatrade.com/"): null

2020-04-20 08:54:52 - [TEST_STEP][PASSED] - WebOfficeURL = "https://admin.preview.checkatrade.com/": null

2020-04-20 08:54:52 - [TEST_STEP][PASSED] - if (URL == "https://www.dev2.checkatrade.com/"): null

2020-04-20 08:54:52 - [TEST_STEP][PASSED] - "Set Function Area for "URL_Handler", URL Resolution": null

2020-04-20 08:54:52 - [TEST_STEP][PASSED] - "Do Some Magic with URL(s) See the comments within URL Handler ": null

2020-04-20 08:54:52 - [TEST_STEP][PASSED] - "------------------------------------------------": null

2020-04-20 08:54:52 - [TEST_STEP][PASSED] - "Moved Login Credentials to <Default> profile 22/01/2020": null

2020-04-20 08:54:52 - [TEST_STEP][PASSED] - "------------------------------------------------": null

2020-04-20 08:54:52 - [TEST_STEP][PASSED] - "WebOfficeURL - Set from the ENVIRONMENT PROFILE ": null

2020-04-20 08:54:52 - [TEST_STEP][PASSED] - "OPEN BROWSER": null

2020-04-20 08:54:52 - [TEST_STEP][PASSED] - "eg - https://admin.preview.checkatrade.com/  ": null

2020-04-20 08:54:52 - [TEST_STEP][PASSED] - openBrowser(WebOfficeURL): Browser is opened with url: 'https://admin.preview.checkatrade.com/'

2020-04-20 08:54:52 - [MESSAGE][INFO] - Starting 'Chrome' driver

2020-04-20 08:54:52 - [MESSAGE][INFO] - Action delay is set to 0 milliseconds

2020-04-20 08:54:57 - [MESSAGE][PASSED] - Browser is opened with url: 'https://admin.preview.checkatrade.com/'

2020-04-20 08:54:57 - [TEST_STEP][PASSED] - maximizeWindow(): Current window maximized

2020-04-20 08:54:59 - [MESSAGE][PASSED] - Current window maximized

2020-04-20 08:54:59 - [TEST_STEP][PASSED] - waitForElementClickable(findTestObject("Object Repository/WebOffice/Page_Checkatrade - Administration - Login/Login_Button"), 25): Object 'Object Repository/WebOffice/Page_Checkatrade - Administration - Login/Login_Button' is clickable

2020-04-20 08:54:59 - [MESSAGE][PASSED] - Object 'Object Repository/WebOffice/Page_Checkatrade - Administration - Login/Login_Button' is clickable

2020-04-20 08:54:59 - [TEST_STEP][PASSED] - verifyTextPresent("Checkatrade Web Office", false): Text 'Checkatrade Web Office' is present on page 

2020-04-20 08:54:59 - [MESSAGE][PASSED] - Text 'Checkatrade Web Office' is present on page 

2020-04-20 08:54:59 - [TEST_STEP][PASSED] - verifyTextPresent("Access for staff use only", false): Text 'Access for staff use only' is present on page 

2020-04-20 08:54:59 - [MESSAGE][PASSED] - Text 'Access for staff use only' is present on page 

2020-04-20 08:54:59 - [TEST_STEP][PASSED] - verifyTextPresent("Forgotten password?", false): Text 'Forgotten password?' is present on page 

2020-04-20 08:54:59 - [MESSAGE][PASSED] - Text 'Forgotten password?' is present on page 

2020-04-20 08:54:59 - [TEST_STEP][PASSED] - setText(findTestObject("Object Repository/WebOffice/Page_Checkatrade - Administration - Login/input_Username_LoginControlUserName"), wo_Username): Text 'DavidHo' is set on object 'Object Repository/WebOffice/Page_Checkatrade - Administration - Login/input_Username_LoginControlUserName'

2020-04-20 08:55:00 - [MESSAGE][PASSED] - Text 'DavidHo' is set on object 'Object Repository/WebOffice/Page_Checkatrade - Administration - Login/input_Username_LoginControlUserName'

2020-04-20 08:55:00 - [TEST_STEP][PASSED] - setText(findTestObject("Object Repository/WebOffice/Page_Checkatrade - Administration - Login/input_Password_LoginControlPassword"), wo_Password): Text 'Check123' is set on object 'Object Repository/WebOffice/Page_Checkatrade - Administration - Login/input_Password_LoginControlPassword'

2020-04-20 08:55:00 - [MESSAGE][PASSED] - Text 'Check123' is set on object 'Object Repository/WebOffice/Page_Checkatrade - Administration - Login/input_Password_LoginControlPassword'

2020-04-20 08:55:00 - [TEST_STEP][PASSED] - click(findTestObject("Object Repository/WebOffice/Page_Checkatrade - Administration - Login/Login_Button")): Object: 'Object Repository/WebOffice/Page_Checkatrade - Administration - Login/Login_Button' is clicked on

2020-04-20 08:55:01 - [MESSAGE][PASSED] - Object: 'Object Repository/WebOffice/Page_Checkatrade - Administration - Login/Login_Button' is clicked on

2020-04-20 08:55:01 - [TEST_STEP][PASSED] - waitForPageLoad(60): Wait for page load successfully

2020-04-20 08:55:01 - [MESSAGE][PASSED] - Wait for page load successfully

2020-04-20 08:55:01 - [TEST_STEP][PASSED] - verifyTextPresent("Welcome " + wo_Username, false): Text 'Welcome DavidHo' is present on page 

2020-04-20 08:55:01 - [MESSAGE][PASSED] - Text 'Welcome DavidHo' is present on page 

2020-04-20 08:55:01 - [MESSAGE][PASSED] - Call Test Case 'Test Cases/Reusable_Test_Sequences/Web_Office/Directives/WebOffice_StartUp' successfully

2020-04-20 08:55:01 - [TEST_STEP][PASSED] - "-----------------------------------------------------------------": null

2020-04-20 08:55:01 - [TEST_STEP][PASSED] - " Navigate to <Settings->Checkatrade.Com->Sub Item> Menu Item     |": null

2020-04-20 08:55:01 - [TEST_STEP][PASSED] - callTestCase(findTestCase("Reusable_Test_Sequences/Web_Office/Navigation/Sub_Menu_Navigation/Reports/Directory_Preferences"), [:], STOP_ON_FAILURE): Call Test Case 'Test Cases/Reusable_Test_Sequences/Web_Office/Navigation/Sub_Menu_Navigation/Reports/Directory_Preferences' successfully

2020-04-20 08:55:01 - [TEST_CASE][PASSED] - Test Cases/Reusable_Test_Sequences/Web_Office/Navigation/Sub_Menu_Navigation/Reports/Directory_Preferences: Test Cases/Reusable_Test_Sequences/Web_Office/Navigation/Sub_Menu_Navigation/Reports/Directory_Preferences

2020-04-20 08:55:01 - [TEST_STEP][PASSED] - "--------------------------------------": null

2020-04-20 08:55:01 - [TEST_STEP][PASSED] - " Navigate Top level menu Item         |": null

2020-04-20 08:55:01 - [TEST_STEP][PASSED] - waitForPageLoad(60): Wait for page load successfully

2020-04-20 08:55:01 - [MESSAGE][PASSED] - Wait for page load successfully

2020-04-20 08:55:01 - [TEST_STEP][PASSED] - waitForElementClickable(findTestObject("Object Repository/WebOffice_Home_page/a_Reports"), 60): Object 'Object Repository/WebOffice_Home_page/a_Reports' is clickable

2020-04-20 08:55:01 - [MESSAGE][PASSED] - Object 'Object Repository/WebOffice_Home_page/a_Reports' is clickable

2020-04-20 08:55:01 - [TEST_STEP][PASSED] - mouseOver(findTestObject("Object Repository/WebOffice_Home_page/a_Reports")): Object: 'Object Repository/WebOffice_Home_page/a_Reports' is hovered

2020-04-20 08:55:02 - [MESSAGE][PASSED] - Object: 'Object Repository/WebOffice_Home_page/a_Reports' is hovered

2020-04-20 08:55:02 - [TEST_STEP][PASSED] - mouseOver(findTestObject("Object Repository/WebOffice_Home_page/Page_/a_Consumers")): Object: 'Object Repository/WebOffice_Home_page/Page_/a_Consumers' is hovered

2020-04-20 08:55:02 - [MESSAGE][PASSED] - Object: 'Object Repository/WebOffice_Home_page/Page_/a_Consumers' is hovered

2020-04-20 08:55:02 - [TEST_STEP][PASSED] - waitForPageLoad(5): Wait for page load successfully

2020-04-20 08:55:02 - [MESSAGE][PASSED] - Wait for page load successfully

2020-04-20 08:55:02 - [TEST_STEP][PASSED] - waitForElementClickable(findTestObject("Object Repository/WebOffice_Home_page/a_Directory Preferences"), 5): Object 'Object Repository/WebOffice_Home_page/a_Directory Preferences' is clickable

2020-04-20 08:55:02 - [MESSAGE][PASSED] - Object 'Object Repository/WebOffice_Home_page/a_Directory Preferences' is clickable

2020-04-20 08:55:02 - [TEST_STEP][PASSED] - click(findTestObject("Object Repository/WebOffice_Home_page/a_Directory Preferences")): Object: 'Object Repository/WebOffice_Home_page/a_Directory Preferences' is clicked on

2020-04-20 08:56:03 - [MESSAGE][PASSED] - Object: 'Object Repository/WebOffice_Home_page/a_Directory Preferences' is clicked on

2020-04-20 08:56:03 - [MESSAGE][PASSED] - Call Test Case 'Test Cases/Reusable_Test_Sequences/Web_Office/Navigation/Sub_Menu_Navigation/Reports/Directory_Preferences' successfully

2020-04-20 08:56:03 - [TEST_STEP][PASSED] - "--------------------------------------": null

2020-04-20 08:56:03 - [TEST_STEP][PASSED] - " Verify Returned Page Detail          |": null

2020-04-20 08:56:03 - [TEST_STEP][PASSED] - callTestCase(findTestCase("Reusable_Test_Sequences/Web_Office/Verification/Reports/Directory_Preferences"), [:], OPTIONAL): Call Test Case 'Test Cases/Reusable_Test_Sequences/Web_Office/Verification/Reports/Directory_Preferences' successfully

2020-04-20 08:56:03 - [TEST_CASE][PASSED] - Test Cases/Reusable_Test_Sequences/Web_Office/Verification/Reports/Directory_Preferences: Test Cases/Reusable_Test_Sequences/Web_Office/Verification/Reports/Directory_Preferences

2020-04-20 08:56:03 - [TEST_STEP][PASSED] - waitForPageLoad(120): Wait for page load successfully

2020-04-20 08:56:03 - [MESSAGE][PASSED] - Wait for page load successfully

2020-04-20 08:56:03 - [TEST_STEP][PASSED] - delay(1): Delayed 1 second(s)

2020-04-20 08:56:04 - [MESSAGE][PASSED] - Delayed 1 second(s)

2020-04-20 08:56:04 - [TEST_STEP][PASSED] - verifyTextPresent("Directory Performance Report", false): Text 'Directory Performance Report' is present on page 

2020-04-20 08:56:14 - [MESSAGE][PASSED] - Text 'Directory Performance Report' is present on page 

2020-04-20 08:56:14 - [TEST_STEP][PASSED] - "----------------------------------------------": null

2020-04-20 08:56:14 - [TEST_STEP][PASSED] - verifyTextPresent("Hide Old", false): Text 'Hide Old' is present on page 

2020-04-20 08:56:25 - [MESSAGE][PASSED] - Text 'Hide Old' is present on page 

2020-04-20 08:56:25 - [TEST_STEP][PASSED] - verifyTextPresent("Hide Current", false): Text 'Hide Current' is present on page 

2020-04-20 08:56:34 - [MESSAGE][PASSED] - Text 'Hide Current' is present on page 

2020-04-20 08:56:34 - [TEST_STEP][PASSED] - verifyTextPresent("Hide Future", false): Text 'Hide Future' is present on page 

2020-04-20 08:56:44 - [MESSAGE][PASSED] - Text 'Hide Future' is present on page 

2020-04-20 08:56:44 - [TEST_STEP][PASSED] - verifyTextPresent("Hide Prospective", false): Text 'Hide Prospective' is present on page 

2020-04-20 08:56:53 - [MESSAGE][PASSED] - Text 'Hide Prospective' is present on page 

2020-04-20 08:56:53 - [TEST_STEP][PASSED] - "----------------------------------------------": null

2020-04-20 08:56:53 - [TEST_STEP][PASSED] - "----------------------------------------------": null

2020-04-20 08:56:53 - [TEST_STEP][PASSED] - verifyTextPresent("DIRECTORY NAME", false): Text 'DIRECTORY NAME' is present on page 

2020-04-20 08:57:04 - [MESSAGE][PASSED] - Text 'DIRECTORY NAME' is present on page 

2020-04-20 08:57:04 - [TEST_STEP][PASSED] - verifyTextPresent("EDITION", false): Text 'EDITION' is present on page 

2020-04-20 08:57:14 - [MESSAGE][PASSED] - Text 'EDITION' is present on page 

2020-04-20 08:57:14 - [TEST_STEP][PASSED] - verifyTextPresent("BOXES SOLD", false): Text 'BOXES SOLD' is present on page 

2020-04-20 08:57:24 - [MESSAGE][PASSED] - Text 'BOXES SOLD' is present on page 

2020-04-20 08:57:24 - [TEST_STEP][PASSED] - verifyTextPresent("BOXES FOC", false): Text 'BOXES FOC' is present on page 

2020-04-20 08:57:33 - [MESSAGE][PASSED] - Text 'BOXES FOC' is present on page 

2020-04-20 08:57:33 - [TEST_STEP][PASSED] - verifyTextPresent("BOXES TOTAL", false): Text 'BOXES TOTAL' is present on page 

2020-04-20 08:57:42 - [MESSAGE][PASSED] - Text 'BOXES TOTAL' is present on page 

2020-04-20 08:57:42 - [TEST_STEP][PASSED] - verifyTextPresent("FIRST RESERVE", false): Text 'FIRST RESERVE' is present on page 

2020-04-20 08:57:52 - [MESSAGE][PASSED] - Text 'FIRST RESERVE' is present on page 

2020-04-20 08:57:52 - [TEST_STEP][PASSED] - verifyTextPresent("DEFINITELY", false): Text 'DEFINITELY' is present on page 

2020-04-20 08:58:02 - [MESSAGE][PASSED] - Text 'DEFINITELY' is present on page 

2020-04-20 08:58:02 - [TEST_STEP][PASSED] - verifyTextPresent("WOULD CONSIDER", false): Text 'WOULD CONSIDER' is present on page 

2020-04-20 08:58:11 - [MESSAGE][PASSED] - Text 'WOULD CONSIDER' is present on page 

2020-04-20 08:58:11 - [TEST_STEP][PASSED] - verifyTextPresent("DESIRED TOTAL", false): Text 'DESIRED TOTAL' is present on page 

2020-04-20 08:58:20 - [MESSAGE][PASSED] - Text 'DESIRED TOTAL' is present on page 

2020-04-20 08:58:20 - [TEST_STEP][PASSED] - "----------------------------------------------": null

2020-04-20 08:58:20 - [TEST_STEP][PASSED] - verifyTextPresent("Abingdon + Didcot 7 (Old)", false): Text 'Abingdon + Didcot 7 (Old)' is present on page 

2020-04-20 08:58:30 - [MESSAGE][PASSED] - Text 'Abingdon + Didcot 7 (Old)' is present on page 

2020-04-20 08:58:30 - [TEST_STEP][PASSED] - verifyTextPresent("Amersham + Chesham 12 (Current)", false): Text 'Amersham + Chesham 12 (Current)' is present on page 

2020-04-20 08:58:40 - [MESSAGE][PASSED] - Text 'Amersham + Chesham 12 (Current)' is present on page 

2020-04-20 08:58:40 - [TEST_STEP][PASSED] - verifyTextPresent("11", false): Text '11' is present on page 

2020-04-20 08:58:50 - [MESSAGE][PASSED] - Text '11' is present on page 

2020-04-20 08:58:50 - [TEST_STEP][PASSED] - verifyTextPresent("133", false): Text '133' is present on page 

2020-04-20 08:59:02 - [MESSAGE][PASSED] - Text '133' is present on page 

2020-04-20 08:59:02 - [TEST_STEP][PASSED] - verifyTextPresent("58", false): Text '58' is present on page 

2020-04-20 08:59:13 - [MESSAGE][PASSED] - Text '58' is present on page 

2020-04-20 08:59:13 - [MESSAGE][PASSED] - Call Test Case 'Test Cases/Reusable_Test_Sequences/Web_Office/Verification/Reports/Directory_Preferences' successfully

2020-04-20 08:59:13 - [TEST_STEP][PASSED] - "--------------------------": null

2020-04-20 08:59:13 - [TEST_STEP][PASSED] - " Teardown - CLose Browser |": null

2020-04-20 08:59:13 - [TEST_STEP][PASSED] - callTestCase(findTestCase("Reusable_Test_Sequences/CAT_Teardown"), [:], OPTIONAL): Call Test Case 'Test Cases/Reusable_Test_Sequences/CAT_Teardown' successfully

2020-04-20 08:59:13 - [TEST_CASE][PASSED] - Test Cases/Reusable_Test_Sequences/CAT_Teardown: Test Cases/Reusable_Test_Sequences/CAT_Teardown

2020-04-20 08:59:13 - [TEST_STEP][PASSED] - closeBrowser(): Browser is closed

2020-04-20 08:59:14 - [MESSAGE][PASSED] - Browser is closed

2020-04-20 08:59:14 - [TEST_STEP][PASSED] - super.finalize(): null

2020-04-20 08:59:14 - [TEST_STEP][PASSED] - System.gc(): null

2020-04-20 08:59:14 - [MESSAGE][PASSED] - Call Test Case 'Test Cases/Reusable_Test_Sequences/CAT_Teardown' successfully]]></system-out>
         <system-err><![CDATA[]]></system-err>
      </testcase>
      <testcase name="Test Cases/Web_Office/Reports/Most_Popular" time="17.963" classname="Test Cases/Web_Office/Reports/Most_Popular" status="PASSED">
         <system-out><![CDATA[2020-04-20 08:59:14 - [TEST_CASE][PASSED] - Test Cases/Web_Office/Reports/Most_Popular: Test Cases/Web_Office/Reports/Most_Popular

2020-04-20 08:59:14 - [TEST_STEP][PASSED] - "--------------------------------------": null

2020-04-20 08:59:14 - [TEST_STEP][PASSED] - " Web Office StartUp                  |": null

2020-04-20 08:59:14 - [TEST_STEP][PASSED] - callTestCase(findTestCase("Reusable_Test_Sequences/Web_Office/Directives/WebOffice_StartUp"), [:], STOP_ON_FAILURE): Call Test Case 'Test Cases/Reusable_Test_Sequences/Web_Office/Directives/WebOffice_StartUp' successfully

2020-04-20 08:59:14 - [TEST_CASE][PASSED] - Test Cases/Reusable_Test_Sequences/Web_Office/Directives/WebOffice_StartUp: Test Cases/Reusable_Test_Sequences/Web_Office/Directives/WebOffice_StartUp

2020-04-20 08:59:14 - [TEST_STEP][PASSED] - "-----------------------------------------------------------------------------": null

2020-04-20 08:59:14 - [TEST_STEP][PASSED] - if (URL == "https://www.dev.checkatrade.com/"): null

2020-04-20 08:59:14 - [TEST_STEP][PASSED] - "-----------------------------------------------------------------------------": null

2020-04-20 08:59:14 - [TEST_STEP][PASSED] - if (URL == "https://www.checkatrade.com/"): null

2020-04-20 08:59:14 - [TEST_STEP][PASSED] - "-----------------------------------------------------------------------------": null

2020-04-20 08:59:14 - [TEST_STEP][PASSED] - if (URL == "https://www.preview.checkatrade.com/"): null

2020-04-20 08:59:14 - [TEST_STEP][PASSED] - WebOfficeURL = "https://admin.preview.checkatrade.com/": null

2020-04-20 08:59:14 - [TEST_STEP][PASSED] - if (URL == "https://www.dev2.checkatrade.com/"): null

2020-04-20 08:59:14 - [TEST_STEP][PASSED] - "Set Function Area for "URL_Handler", URL Resolution": null

2020-04-20 08:59:14 - [TEST_STEP][PASSED] - "Do Some Magic with URL(s) See the comments within URL Handler ": null

2020-04-20 08:59:14 - [TEST_STEP][PASSED] - "------------------------------------------------": null

2020-04-20 08:59:14 - [TEST_STEP][PASSED] - "Moved Login Credentials to <Default> profile 22/01/2020": null

2020-04-20 08:59:14 - [TEST_STEP][PASSED] - "------------------------------------------------": null

2020-04-20 08:59:14 - [TEST_STEP][PASSED] - "WebOfficeURL - Set from the ENVIRONMENT PROFILE ": null

2020-04-20 08:59:14 - [TEST_STEP][PASSED] - "OPEN BROWSER": null

2020-04-20 08:59:14 - [TEST_STEP][PASSED] - "eg - https://admin.preview.checkatrade.com/  ": null

2020-04-20 08:59:14 - [TEST_STEP][PASSED] - openBrowser(WebOfficeURL): Browser is opened with url: 'https://admin.preview.checkatrade.com/'

2020-04-20 08:59:14 - [MESSAGE][INFO] - Starting 'Chrome' driver

2020-04-20 08:59:14 - [MESSAGE][INFO] - Action delay is set to 0 milliseconds

2020-04-20 08:59:18 - [MESSAGE][PASSED] - Browser is opened with url: 'https://admin.preview.checkatrade.com/'

2020-04-20 08:59:18 - [TEST_STEP][PASSED] - maximizeWindow(): Current window maximized

2020-04-20 08:59:21 - [MESSAGE][PASSED] - Current window maximized

2020-04-20 08:59:21 - [TEST_STEP][PASSED] - waitForElementClickable(findTestObject("Object Repository/WebOffice/Page_Checkatrade - Administration - Login/Login_Button"), 25): Object 'Object Repository/WebOffice/Page_Checkatrade - Administration - Login/Login_Button' is clickable

2020-04-20 08:59:21 - [MESSAGE][PASSED] - Object 'Object Repository/WebOffice/Page_Checkatrade - Administration - Login/Login_Button' is clickable

2020-04-20 08:59:21 - [TEST_STEP][PASSED] - verifyTextPresent("Checkatrade Web Office", false): Text 'Checkatrade Web Office' is present on page 

2020-04-20 08:59:21 - [MESSAGE][PASSED] - Text 'Checkatrade Web Office' is present on page 

2020-04-20 08:59:21 - [TEST_STEP][PASSED] - verifyTextPresent("Access for staff use only", false): Text 'Access for staff use only' is present on page 

2020-04-20 08:59:21 - [MESSAGE][PASSED] - Text 'Access for staff use only' is present on page 

2020-04-20 08:59:21 - [TEST_STEP][PASSED] - verifyTextPresent("Forgotten password?", false): Text 'Forgotten password?' is present on page 

2020-04-20 08:59:21 - [MESSAGE][PASSED] - Text 'Forgotten password?' is present on page 

2020-04-20 08:59:21 - [TEST_STEP][PASSED] - setText(findTestObject("Object Repository/WebOffice/Page_Checkatrade - Administration - Login/input_Username_LoginControlUserName"), wo_Username): Text 'DavidHo' is set on object 'Object Repository/WebOffice/Page_Checkatrade - Administration - Login/input_Username_LoginControlUserName'

2020-04-20 08:59:21 - [MESSAGE][PASSED] - Text 'DavidHo' is set on object 'Object Repository/WebOffice/Page_Checkatrade - Administration - Login/input_Username_LoginControlUserName'

2020-04-20 08:59:21 - [TEST_STEP][PASSED] - setText(findTestObject("Object Repository/WebOffice/Page_Checkatrade - Administration - Login/input_Password_LoginControlPassword"), wo_Password): Text 'Check123' is set on object 'Object Repository/WebOffice/Page_Checkatrade - Administration - Login/input_Password_LoginControlPassword'

2020-04-20 08:59:21 - [MESSAGE][PASSED] - Text 'Check123' is set on object 'Object Repository/WebOffice/Page_Checkatrade - Administration - Login/input_Password_LoginControlPassword'

2020-04-20 08:59:21 - [TEST_STEP][PASSED] - click(findTestObject("Object Repository/WebOffice/Page_Checkatrade - Administration - Login/Login_Button")): Object: 'Object Repository/WebOffice/Page_Checkatrade - Administration - Login/Login_Button' is clicked on

2020-04-20 08:59:22 - [MESSAGE][PASSED] - Object: 'Object Repository/WebOffice/Page_Checkatrade - Administration - Login/Login_Button' is clicked on

2020-04-20 08:59:22 - [TEST_STEP][PASSED] - waitForPageLoad(60): Wait for page load successfully

2020-04-20 08:59:22 - [MESSAGE][PASSED] - Wait for page load successfully

2020-04-20 08:59:22 - [TEST_STEP][PASSED] - verifyTextPresent("Welcome " + wo_Username, false): Text 'Welcome DavidHo' is present on page 

2020-04-20 08:59:22 - [MESSAGE][PASSED] - Text 'Welcome DavidHo' is present on page 

2020-04-20 08:59:22 - [MESSAGE][PASSED] - Call Test Case 'Test Cases/Reusable_Test_Sequences/Web_Office/Directives/WebOffice_StartUp' successfully

2020-04-20 08:59:22 - [TEST_STEP][PASSED] - "-----------------------------------------------------------------": null

2020-04-20 08:59:22 - [TEST_STEP][PASSED] - " Navigate to <Settings->Checkatrade.Com->Sub Item> Menu Item     |": null

2020-04-20 08:59:22 - [TEST_STEP][PASSED] - callTestCase(findTestCase("Reusable_Test_Sequences/Web_Office/Navigation/Sub_Menu_Navigation/Reports/Most_Popular"), [:], STOP_ON_FAILURE): Call Test Case 'Test Cases/Reusable_Test_Sequences/Web_Office/Navigation/Sub_Menu_Navigation/Reports/Most_Popular' successfully

2020-04-20 08:59:22 - [TEST_CASE][PASSED] - Test Cases/Reusable_Test_Sequences/Web_Office/Navigation/Sub_Menu_Navigation/Reports/Most_Popular: Test Cases/Reusable_Test_Sequences/Web_Office/Navigation/Sub_Menu_Navigation/Reports/Most_Popular

2020-04-20 08:59:23 - [TEST_STEP][PASSED] - "--------------------------------------": null

2020-04-20 08:59:23 - [TEST_STEP][PASSED] - " Navigate Top level menu Item         |": null

2020-04-20 08:59:23 - [TEST_STEP][PASSED] - waitForPageLoad(60): Wait for page load successfully

2020-04-20 08:59:23 - [MESSAGE][PASSED] - Wait for page load successfully

2020-04-20 08:59:23 - [TEST_STEP][PASSED] - waitForElementClickable(findTestObject("Object Repository/WebOffice_Home_page/a_Reports"), 60): Object 'Object Repository/WebOffice_Home_page/a_Reports' is clickable

2020-04-20 08:59:23 - [MESSAGE][PASSED] - Object 'Object Repository/WebOffice_Home_page/a_Reports' is clickable

2020-04-20 08:59:23 - [TEST_STEP][PASSED] - mouseOver(findTestObject("Object Repository/WebOffice_Home_page/a_Reports")): Object: 'Object Repository/WebOffice_Home_page/a_Reports' is hovered

2020-04-20 08:59:23 - [MESSAGE][PASSED] - Object: 'Object Repository/WebOffice_Home_page/a_Reports' is hovered

2020-04-20 08:59:23 - [TEST_STEP][PASSED] - mouseOver(findTestObject("Object Repository/WebOffice_Home_page/Page_/a_Consumers")): Object: 'Object Repository/WebOffice_Home_page/Page_/a_Consumers' is hovered

2020-04-20 08:59:23 - [MESSAGE][PASSED] - Object: 'Object Repository/WebOffice_Home_page/Page_/a_Consumers' is hovered

2020-04-20 08:59:23 - [TEST_STEP][PASSED] - mouseOver(findTestObject("Object Repository/WebOffice_Home_page/Page_/a_Consumer Searches")): Object: 'Object Repository/WebOffice_Home_page/Page_/a_Consumer Searches' is hovered

2020-04-20 08:59:24 - [MESSAGE][PASSED] - Object: 'Object Repository/WebOffice_Home_page/Page_/a_Consumer Searches' is hovered

2020-04-20 08:59:24 - [TEST_STEP][PASSED] - waitForPageLoad(5): Wait for page load successfully

2020-04-20 08:59:24 - [MESSAGE][PASSED] - Wait for page load successfully

2020-04-20 08:59:24 - [TEST_STEP][PASSED] - waitForElementClickable(findTestObject("Object Repository/WebOffice_Home_page/a_Most Popular"), 5): Object 'Object Repository/WebOffice_Home_page/a_Most Popular' is clickable

2020-04-20 08:59:24 - [MESSAGE][PASSED] - Object 'Object Repository/WebOffice_Home_page/a_Most Popular' is clickable

2020-04-20 08:59:24 - [TEST_STEP][PASSED] - click(findTestObject("Object Repository/WebOffice_Home_page/a_Most Popular")): Object: 'Object Repository/WebOffice_Home_page/a_Most Popular' is clicked on

2020-04-20 08:59:29 - [MESSAGE][PASSED] - Object: 'Object Repository/WebOffice_Home_page/a_Most Popular' is clicked on

2020-04-20 08:59:29 - [MESSAGE][PASSED] - Call Test Case 'Test Cases/Reusable_Test_Sequences/Web_Office/Navigation/Sub_Menu_Navigation/Reports/Most_Popular' successfully

2020-04-20 08:59:29 - [TEST_STEP][PASSED] - "--------------------------------------": null

2020-04-20 08:59:29 - [TEST_STEP][PASSED] - " Verify Returned Page Detail          |": null

2020-04-20 08:59:29 - [TEST_STEP][PASSED] - callTestCase(findTestCase("Reusable_Test_Sequences/Web_Office/Verification/Reports/Most_Popular"), [:], OPTIONAL): Call Test Case 'Test Cases/Reusable_Test_Sequences/Web_Office/Verification/Reports/Most_Popular' successfully

2020-04-20 08:59:29 - [TEST_CASE][PASSED] - Test Cases/Reusable_Test_Sequences/Web_Office/Verification/Reports/Most_Popular: Test Cases/Reusable_Test_Sequences/Web_Office/Verification/Reports/Most_Popular

2020-04-20 08:59:29 - [TEST_STEP][PASSED] - waitForPageLoad(120): Wait for page load successfully

2020-04-20 08:59:29 - [MESSAGE][PASSED] - Wait for page load successfully

2020-04-20 08:59:29 - [TEST_STEP][PASSED] - delay(1): Delayed 1 second(s)

2020-04-20 08:59:30 - [MESSAGE][PASSED] - Delayed 1 second(s)

2020-04-20 08:59:30 - [TEST_STEP][PASSED] - verifyTextPresent("Consumer Searches", false): Text 'Consumer Searches' is present on page 

2020-04-20 08:59:31 - [MESSAGE][PASSED] - Text 'Consumer Searches' is present on page 

2020-04-20 08:59:31 - [TEST_STEP][PASSED] - "----------------------------------------------": null

2020-04-20 08:59:31 - [TEST_STEP][PASSED] - verifyTextPresent("Most Popular Searches", false): Text 'Most Popular Searches' is present on page 

2020-04-20 08:59:31 - [MESSAGE][PASSED] - Text 'Most Popular Searches' is present on page 

2020-04-20 08:59:31 - [TEST_STEP][PASSED] - "----------------------------------------------": null

2020-04-20 08:59:31 - [TEST_STEP][PASSED] - verifyTextPresent("From", false): Text 'From' is present on page 

2020-04-20 08:59:31 - [MESSAGE][PASSED] - Text 'From' is present on page 

2020-04-20 08:59:31 - [TEST_STEP][PASSED] - verifyTextPresent("To", false): Text 'To' is present on page 

2020-04-20 08:59:31 - [MESSAGE][PASSED] - Text 'To' is present on page 

2020-04-20 08:59:31 - [MESSAGE][PASSED] - Call Test Case 'Test Cases/Reusable_Test_Sequences/Web_Office/Verification/Reports/Most_Popular' successfully

2020-04-20 08:59:31 - [TEST_STEP][PASSED] - "--------------------------": null

2020-04-20 08:59:31 - [TEST_STEP][PASSED] - " Teardown - CLose Browser |": null

2020-04-20 08:59:31 - [TEST_STEP][PASSED] - callTestCase(findTestCase("Reusable_Test_Sequences/CAT_Teardown"), [:], OPTIONAL): Call Test Case 'Test Cases/Reusable_Test_Sequences/CAT_Teardown' successfully

2020-04-20 08:59:31 - [TEST_CASE][PASSED] - Test Cases/Reusable_Test_Sequences/CAT_Teardown: Test Cases/Reusable_Test_Sequences/CAT_Teardown

2020-04-20 08:59:31 - [TEST_STEP][PASSED] - closeBrowser(): Browser is closed

2020-04-20 08:59:32 - [MESSAGE][PASSED] - Browser is closed

2020-04-20 08:59:32 - [TEST_STEP][PASSED] - super.finalize(): null

2020-04-20 08:59:32 - [TEST_STEP][PASSED] - System.gc(): null

2020-04-20 08:59:32 - [MESSAGE][PASSED] - Call Test Case 'Test Cases/Reusable_Test_Sequences/CAT_Teardown' successfully]]></system-out>
         <system-err><![CDATA[]]></system-err>
      </testcase>
      <testcase name="Test Cases/Web_Office/Reports/By_Category_and_Location" time="20.563" classname="Test Cases/Web_Office/Reports/By_Category_and_Location" status="PASSED">
         <system-out><![CDATA[2020-04-20 08:59:32 - [TEST_CASE][PASSED] - Test Cases/Web_Office/Reports/By_Category_and_Location: Test Cases/Web_Office/Reports/By_Category_and_Location

2020-04-20 08:59:32 - [TEST_STEP][PASSED] - "--------------------------------------": null

2020-04-20 08:59:32 - [TEST_STEP][PASSED] - " Web Office StartUp                  |": null

2020-04-20 08:59:32 - [TEST_STEP][PASSED] - callTestCase(findTestCase("Reusable_Test_Sequences/Web_Office/Directives/WebOffice_StartUp"), [:], STOP_ON_FAILURE): Call Test Case 'Test Cases/Reusable_Test_Sequences/Web_Office/Directives/WebOffice_StartUp' successfully

2020-04-20 08:59:32 - [TEST_CASE][PASSED] - Test Cases/Reusable_Test_Sequences/Web_Office/Directives/WebOffice_StartUp: Test Cases/Reusable_Test_Sequences/Web_Office/Directives/WebOffice_StartUp

2020-04-20 08:59:32 - [TEST_STEP][PASSED] - "-----------------------------------------------------------------------------": null

2020-04-20 08:59:32 - [TEST_STEP][PASSED] - if (URL == "https://www.dev.checkatrade.com/"): null

2020-04-20 08:59:32 - [TEST_STEP][PASSED] - "-----------------------------------------------------------------------------": null

2020-04-20 08:59:32 - [TEST_STEP][PASSED] - if (URL == "https://www.checkatrade.com/"): null

2020-04-20 08:59:32 - [TEST_STEP][PASSED] - "-----------------------------------------------------------------------------": null

2020-04-20 08:59:32 - [TEST_STEP][PASSED] - if (URL == "https://www.preview.checkatrade.com/"): null

2020-04-20 08:59:32 - [TEST_STEP][PASSED] - WebOfficeURL = "https://admin.preview.checkatrade.com/": null

2020-04-20 08:59:32 - [TEST_STEP][PASSED] - if (URL == "https://www.dev2.checkatrade.com/"): null

2020-04-20 08:59:32 - [TEST_STEP][PASSED] - "Set Function Area for "URL_Handler", URL Resolution": null

2020-04-20 08:59:32 - [TEST_STEP][PASSED] - "Do Some Magic with URL(s) See the comments within URL Handler ": null

2020-04-20 08:59:32 - [TEST_STEP][PASSED] - "------------------------------------------------": null

2020-04-20 08:59:32 - [TEST_STEP][PASSED] - "Moved Login Credentials to <Default> profile 22/01/2020": null

2020-04-20 08:59:32 - [TEST_STEP][PASSED] - "------------------------------------------------": null

2020-04-20 08:59:32 - [TEST_STEP][PASSED] - "WebOfficeURL - Set from the ENVIRONMENT PROFILE ": null

2020-04-20 08:59:32 - [TEST_STEP][PASSED] - "OPEN BROWSER": null

2020-04-20 08:59:32 - [TEST_STEP][PASSED] - "eg - https://admin.preview.checkatrade.com/  ": null

2020-04-20 08:59:32 - [TEST_STEP][PASSED] - openBrowser(WebOfficeURL): Browser is opened with url: 'https://admin.preview.checkatrade.com/'

2020-04-20 08:59:32 - [MESSAGE][INFO] - Starting 'Chrome' driver

2020-04-20 08:59:32 - [MESSAGE][INFO] - Action delay is set to 0 milliseconds

2020-04-20 08:59:36 - [MESSAGE][PASSED] - Browser is opened with url: 'https://admin.preview.checkatrade.com/'

2020-04-20 08:59:36 - [TEST_STEP][PASSED] - maximizeWindow(): Current window maximized

2020-04-20 08:59:38 - [MESSAGE][PASSED] - Current window maximized

2020-04-20 08:59:38 - [TEST_STEP][PASSED] - waitForElementClickable(findTestObject("Object Repository/WebOffice/Page_Checkatrade - Administration - Login/Login_Button"), 25): Object 'Object Repository/WebOffice/Page_Checkatrade - Administration - Login/Login_Button' is clickable

2020-04-20 08:59:39 - [MESSAGE][PASSED] - Object 'Object Repository/WebOffice/Page_Checkatrade - Administration - Login/Login_Button' is clickable

2020-04-20 08:59:39 - [TEST_STEP][PASSED] - verifyTextPresent("Checkatrade Web Office", false): Text 'Checkatrade Web Office' is present on page 

2020-04-20 08:59:39 - [MESSAGE][PASSED] - Text 'Checkatrade Web Office' is present on page 

2020-04-20 08:59:39 - [TEST_STEP][PASSED] - verifyTextPresent("Access for staff use only", false): Text 'Access for staff use only' is present on page 

2020-04-20 08:59:39 - [MESSAGE][PASSED] - Text 'Access for staff use only' is present on page 

2020-04-20 08:59:39 - [TEST_STEP][PASSED] - verifyTextPresent("Forgotten password?", false): Text 'Forgotten password?' is present on page 

2020-04-20 08:59:39 - [MESSAGE][PASSED] - Text 'Forgotten password?' is present on page 

2020-04-20 08:59:39 - [TEST_STEP][PASSED] - setText(findTestObject("Object Repository/WebOffice/Page_Checkatrade - Administration - Login/input_Username_LoginControlUserName"), wo_Username): Text 'DavidHo' is set on object 'Object Repository/WebOffice/Page_Checkatrade - Administration - Login/input_Username_LoginControlUserName'

2020-04-20 08:59:39 - [MESSAGE][PASSED] - Text 'DavidHo' is set on object 'Object Repository/WebOffice/Page_Checkatrade - Administration - Login/input_Username_LoginControlUserName'

2020-04-20 08:59:39 - [TEST_STEP][PASSED] - setText(findTestObject("Object Repository/WebOffice/Page_Checkatrade - Administration - Login/input_Password_LoginControlPassword"), wo_Password): Text 'Check123' is set on object 'Object Repository/WebOffice/Page_Checkatrade - Administration - Login/input_Password_LoginControlPassword'

2020-04-20 08:59:39 - [MESSAGE][PASSED] - Text 'Check123' is set on object 'Object Repository/WebOffice/Page_Checkatrade - Administration - Login/input_Password_LoginControlPassword'

2020-04-20 08:59:39 - [TEST_STEP][PASSED] - click(findTestObject("Object Repository/WebOffice/Page_Checkatrade - Administration - Login/Login_Button")): Object: 'Object Repository/WebOffice/Page_Checkatrade - Administration - Login/Login_Button' is clicked on

2020-04-20 08:59:41 - [MESSAGE][PASSED] - Object: 'Object Repository/WebOffice/Page_Checkatrade - Administration - Login/Login_Button' is clicked on

2020-04-20 08:59:41 - [TEST_STEP][PASSED] - waitForPageLoad(60): Wait for page load successfully

2020-04-20 08:59:41 - [MESSAGE][PASSED] - Wait for page load successfully

2020-04-20 08:59:41 - [TEST_STEP][PASSED] - verifyTextPresent("Welcome " + wo_Username, false): Text 'Welcome DavidHo' is present on page 

2020-04-20 08:59:41 - [MESSAGE][PASSED] - Text 'Welcome DavidHo' is present on page 

2020-04-20 08:59:41 - [MESSAGE][PASSED] - Call Test Case 'Test Cases/Reusable_Test_Sequences/Web_Office/Directives/WebOffice_StartUp' successfully

2020-04-20 08:59:41 - [TEST_STEP][PASSED] - "-----------------------------------------------------------------": null

2020-04-20 08:59:41 - [TEST_STEP][PASSED] - " Navigate to <Settings->Checkatrade.Com->Sub Item> Menu Item     |": null

2020-04-20 08:59:41 - [TEST_STEP][PASSED] - callTestCase(findTestCase("Reusable_Test_Sequences/Web_Office/Navigation/Sub_Menu_Navigation/Reports/By_Category_and_Location"), [:], STOP_ON_FAILURE): Call Test Case 'Test Cases/Reusable_Test_Sequences/Web_Office/Navigation/Sub_Menu_Navigation/Reports/By_Category_and_Location' successfully

2020-04-20 08:59:41 - [TEST_CASE][PASSED] - Test Cases/Reusable_Test_Sequences/Web_Office/Navigation/Sub_Menu_Navigation/Reports/By_Category_and_Location: Test Cases/Reusable_Test_Sequences/Web_Office/Navigation/Sub_Menu_Navigation/Reports/By_Category_and_Location

2020-04-20 08:59:41 - [TEST_STEP][PASSED] - "--------------------------------------": null

2020-04-20 08:59:41 - [TEST_STEP][PASSED] - " Navigate Top level menu Item         |": null

2020-04-20 08:59:41 - [TEST_STEP][PASSED] - waitForPageLoad(60): Wait for page load successfully

2020-04-20 08:59:41 - [MESSAGE][PASSED] - Wait for page load successfully

2020-04-20 08:59:41 - [TEST_STEP][PASSED] - waitForElementClickable(findTestObject("Object Repository/WebOffice_Home_page/a_Reports"), 60): Object 'Object Repository/WebOffice_Home_page/a_Reports' is clickable

2020-04-20 08:59:41 - [MESSAGE][PASSED] - Object 'Object Repository/WebOffice_Home_page/a_Reports' is clickable

2020-04-20 08:59:41 - [TEST_STEP][PASSED] - mouseOver(findTestObject("Object Repository/WebOffice_Home_page/a_Reports")): Object: 'Object Repository/WebOffice_Home_page/a_Reports' is hovered

2020-04-20 08:59:42 - [MESSAGE][PASSED] - Object: 'Object Repository/WebOffice_Home_page/a_Reports' is hovered

2020-04-20 08:59:42 - [TEST_STEP][PASSED] - mouseOver(findTestObject("Object Repository/WebOffice_Home_page/Page_/a_Consumers")): Object: 'Object Repository/WebOffice_Home_page/Page_/a_Consumers' is hovered

2020-04-20 08:59:42 - [MESSAGE][PASSED] - Object: 'Object Repository/WebOffice_Home_page/Page_/a_Consumers' is hovered

2020-04-20 08:59:42 - [TEST_STEP][PASSED] - mouseOver(findTestObject("Object Repository/WebOffice_Home_page/Page_/a_Consumer Searches")): Object: 'Object Repository/WebOffice_Home_page/Page_/a_Consumer Searches' is hovered

2020-04-20 08:59:42 - [MESSAGE][PASSED] - Object: 'Object Repository/WebOffice_Home_page/Page_/a_Consumer Searches' is hovered

2020-04-20 08:59:42 - [TEST_STEP][PASSED] - waitForPageLoad(5): Wait for page load successfully

2020-04-20 08:59:42 - [MESSAGE][PASSED] - Wait for page load successfully

2020-04-20 08:59:42 - [TEST_STEP][PASSED] - waitForElementClickable(findTestObject("Object Repository/WebOffice_Home_page/a_By Category and Location"), 5): Object 'Object Repository/WebOffice_Home_page/a_By Category and Location' is clickable

2020-04-20 08:59:42 - [MESSAGE][PASSED] - Object 'Object Repository/WebOffice_Home_page/a_By Category and Location' is clickable

2020-04-20 08:59:42 - [TEST_STEP][PASSED] - click(findTestObject("Object Repository/WebOffice_Home_page/a_By Category and Location")): Object: 'Object Repository/WebOffice_Home_page/a_By Category and Location' is clicked on

2020-04-20 08:59:45 - [MESSAGE][PASSED] - Object: 'Object Repository/WebOffice_Home_page/a_By Category and Location' is clicked on

2020-04-20 08:59:45 - [MESSAGE][PASSED] - Call Test Case 'Test Cases/Reusable_Test_Sequences/Web_Office/Navigation/Sub_Menu_Navigation/Reports/By_Category_and_Location' successfully

2020-04-20 08:59:45 - [TEST_STEP][PASSED] - "--------------------------------------": null

2020-04-20 08:59:45 - [TEST_STEP][PASSED] - " Verify Returned Page Detail          |": null

2020-04-20 08:59:45 - [TEST_STEP][PASSED] - callTestCase(findTestCase("Reusable_Test_Sequences/Web_Office/Verification/Reports/By_Category_and_Location"), [:], OPTIONAL): Call Test Case 'Test Cases/Reusable_Test_Sequences/Web_Office/Verification/Reports/By_Category_and_Location' successfully

2020-04-20 08:59:45 - [TEST_CASE][PASSED] - Test Cases/Reusable_Test_Sequences/Web_Office/Verification/Reports/By_Category_and_Location: Test Cases/Reusable_Test_Sequences/Web_Office/Verification/Reports/By_Category_and_Location

2020-04-20 08:59:45 - [TEST_STEP][PASSED] - waitForPageLoad(120): Wait for page load successfully

2020-04-20 08:59:45 - [MESSAGE][PASSED] - Wait for page load successfully

2020-04-20 08:59:45 - [TEST_STEP][PASSED] - delay(1): Delayed 1 second(s)

2020-04-20 08:59:46 - [MESSAGE][PASSED] - Delayed 1 second(s)

2020-04-20 08:59:46 - [TEST_STEP][PASSED] - verifyTextPresent("Searches by Location and Category", false): Text 'Searches by Location and Category' is present on page 

2020-04-20 08:59:47 - [MESSAGE][PASSED] - Text 'Searches by Location and Category' is present on page 

2020-04-20 08:59:47 - [TEST_STEP][PASSED] - "----------------------------------------------": null

2020-04-20 08:59:47 - [TEST_STEP][PASSED] - verifyTextPresent("County", false): Text 'County' is present on page 

2020-04-20 08:59:47 - [MESSAGE][PASSED] - Text 'County' is present on page 

2020-04-20 08:59:47 - [TEST_STEP][PASSED] - verifyTextPresent("Town", false): Text 'Town' is present on page 

2020-04-20 08:59:47 - [MESSAGE][PASSED] - Text 'Town' is present on page 

2020-04-20 08:59:47 - [TEST_STEP][PASSED] - verifyTextPresent("By Postcode", false): Text 'By Postcode' is present on page 

2020-04-20 08:59:48 - [MESSAGE][PASSED] - Text 'By Postcode' is present on page 

2020-04-20 08:59:48 - [TEST_STEP][PASSED] - verifyTextPresent("Select Categories", false): Text 'Select Categories' is present on page 

2020-04-20 08:59:48 - [MESSAGE][PASSED] - Text 'Select Categories' is present on page 

2020-04-20 08:59:48 - [TEST_STEP][PASSED] - "----------------------------------------------": null

2020-04-20 08:59:48 - [TEST_STEP][PASSED] - "----------------------------------------------": null

2020-04-20 08:59:48 - [TEST_STEP][PASSED] - verifyTextPresent("Angus", false): Text 'Angus' is present on page 

2020-04-20 08:59:48 - [MESSAGE][PASSED] - Text 'Angus' is present on page 

2020-04-20 08:59:48 - [TEST_STEP][PASSED] - verifyTextPresent("Berkshire", false): Text 'Berkshire' is present on page 

2020-04-20 08:59:49 - [MESSAGE][PASSED] - Text 'Berkshire' is present on page 

2020-04-20 08:59:49 - [TEST_STEP][PASSED] - verifyTextPresent("Avon", false): Text 'Avon' is present on page 

2020-04-20 08:59:49 - [MESSAGE][PASSED] - Text 'Avon' is present on page 

2020-04-20 08:59:49 - [TEST_STEP][PASSED] - verifyTextPresent("Air Conditioning", false): Text 'Air Conditioning' is present on page 

2020-04-20 08:59:50 - [MESSAGE][PASSED] - Text 'Air Conditioning' is present on page 

2020-04-20 08:59:50 - [TEST_STEP][PASSED] - verifyTextPresent("Alarms/Security", false): Text 'Alarms/Security' is present on page 

2020-04-20 08:59:50 - [MESSAGE][PASSED] - Text 'Alarms/Security' is present on page 

2020-04-20 08:59:50 - [TEST_STEP][PASSED] - verifyTextPresent("CCTV", false): Text 'CCTV' is present on page 

2020-04-20 08:59:50 - [MESSAGE][PASSED] - Text 'CCTV' is present on page 

2020-04-20 08:59:50 - [TEST_STEP][PASSED] - verifyTextPresent("Fire", false): Text 'Fire' is present on page 

2020-04-20 08:59:51 - [MESSAGE][PASSED] - Text 'Fire' is present on page 

2020-04-20 08:59:51 - [TEST_STEP][PASSED] - verifyTextPresent("Alarms", false): Text 'Alarms' is present on page 

2020-04-20 08:59:51 - [MESSAGE][PASSED] - Text 'Alarms' is present on page 

2020-04-20 08:59:51 - [TEST_STEP][PASSED] - verifyTextPresent("Extinguishers", false): Text 'Extinguishers' is present on page 

2020-04-20 08:59:52 - [MESSAGE][PASSED] - Text 'Extinguishers' is present on page 

2020-04-20 08:59:52 - [MESSAGE][PASSED] - Call Test Case 'Test Cases/Reusable_Test_Sequences/Web_Office/Verification/Reports/By_Category_and_Location' successfully

2020-04-20 08:59:52 - [TEST_STEP][PASSED] - "--------------------------": null

2020-04-20 08:59:52 - [TEST_STEP][PASSED] - " Teardown - CLose Browser |": null

2020-04-20 08:59:52 - [TEST_STEP][PASSED] - callTestCase(findTestCase("Reusable_Test_Sequences/CAT_Teardown"), [:], OPTIONAL): Call Test Case 'Test Cases/Reusable_Test_Sequences/CAT_Teardown' successfully

2020-04-20 08:59:52 - [TEST_CASE][PASSED] - Test Cases/Reusable_Test_Sequences/CAT_Teardown: Test Cases/Reusable_Test_Sequences/CAT_Teardown

2020-04-20 08:59:52 - [TEST_STEP][PASSED] - closeBrowser(): Browser is closed

2020-04-20 08:59:52 - [MESSAGE][PASSED] - Browser is closed

2020-04-20 08:59:52 - [TEST_STEP][PASSED] - super.finalize(): null

2020-04-20 08:59:52 - [TEST_STEP][PASSED] - System.gc(): null

2020-04-20 08:59:52 - [MESSAGE][PASSED] - Call Test Case 'Test Cases/Reusable_Test_Sequences/CAT_Teardown' successfully]]></system-out>
         <system-err><![CDATA[]]></system-err>
      </testcase>
      <testcase name="Test Cases/Web_Office/Reports/By_Category" time="15.279" classname="Test Cases/Web_Office/Reports/By_Category" status="PASSED">
         <system-out><![CDATA[2020-04-20 08:59:52 - [TEST_CASE][PASSED] - Test Cases/Web_Office/Reports/By_Category: Test Cases/Web_Office/Reports/By_Category

2020-04-20 08:59:53 - [TEST_STEP][PASSED] - "--------------------------------------": null

2020-04-20 08:59:53 - [TEST_STEP][PASSED] - " Web Office StartUp                  |": null

2020-04-20 08:59:53 - [TEST_STEP][PASSED] - callTestCase(findTestCase("Reusable_Test_Sequences/Web_Office/Directives/WebOffice_StartUp"), [:], STOP_ON_FAILURE): Call Test Case 'Test Cases/Reusable_Test_Sequences/Web_Office/Directives/WebOffice_StartUp' successfully

2020-04-20 08:59:53 - [TEST_CASE][PASSED] - Test Cases/Reusable_Test_Sequences/Web_Office/Directives/WebOffice_StartUp: Test Cases/Reusable_Test_Sequences/Web_Office/Directives/WebOffice_StartUp

2020-04-20 08:59:53 - [TEST_STEP][PASSED] - "-----------------------------------------------------------------------------": null

2020-04-20 08:59:53 - [TEST_STEP][PASSED] - if (URL == "https://www.dev.checkatrade.com/"): null

2020-04-20 08:59:53 - [TEST_STEP][PASSED] - "-----------------------------------------------------------------------------": null

2020-04-20 08:59:53 - [TEST_STEP][PASSED] - if (URL == "https://www.checkatrade.com/"): null

2020-04-20 08:59:53 - [TEST_STEP][PASSED] - "-----------------------------------------------------------------------------": null

2020-04-20 08:59:53 - [TEST_STEP][PASSED] - if (URL == "https://www.preview.checkatrade.com/"): null

2020-04-20 08:59:53 - [TEST_STEP][PASSED] - WebOfficeURL = "https://admin.preview.checkatrade.com/": null

2020-04-20 08:59:53 - [TEST_STEP][PASSED] - if (URL == "https://www.dev2.checkatrade.com/"): null

2020-04-20 08:59:53 - [TEST_STEP][PASSED] - "Set Function Area for "URL_Handler", URL Resolution": null

2020-04-20 08:59:53 - [TEST_STEP][PASSED] - "Do Some Magic with URL(s) See the comments within URL Handler ": null

2020-04-20 08:59:53 - [TEST_STEP][PASSED] - "------------------------------------------------": null

2020-04-20 08:59:53 - [TEST_STEP][PASSED] - "Moved Login Credentials to <Default> profile 22/01/2020": null

2020-04-20 08:59:53 - [TEST_STEP][PASSED] - "------------------------------------------------": null

2020-04-20 08:59:53 - [TEST_STEP][PASSED] - "WebOfficeURL - Set from the ENVIRONMENT PROFILE ": null

2020-04-20 08:59:53 - [TEST_STEP][PASSED] - "OPEN BROWSER": null

2020-04-20 08:59:53 - [TEST_STEP][PASSED] - "eg - https://admin.preview.checkatrade.com/  ": null

2020-04-20 08:59:53 - [TEST_STEP][PASSED] - openBrowser(WebOfficeURL): Browser is opened with url: 'https://admin.preview.checkatrade.com/'

2020-04-20 08:59:53 - [MESSAGE][INFO] - Starting 'Chrome' driver

2020-04-20 08:59:53 - [MESSAGE][INFO] - Action delay is set to 0 milliseconds

2020-04-20 08:59:57 - [MESSAGE][PASSED] - Browser is opened with url: 'https://admin.preview.checkatrade.com/'

2020-04-20 08:59:57 - [TEST_STEP][PASSED] - maximizeWindow(): Current window maximized

2020-04-20 08:59:59 - [MESSAGE][PASSED] - Current window maximized

2020-04-20 08:59:59 - [TEST_STEP][PASSED] - waitForElementClickable(findTestObject("Object Repository/WebOffice/Page_Checkatrade - Administration - Login/Login_Button"), 25): Object 'Object Repository/WebOffice/Page_Checkatrade - Administration - Login/Login_Button' is clickable

2020-04-20 08:59:59 - [MESSAGE][PASSED] - Object 'Object Repository/WebOffice/Page_Checkatrade - Administration - Login/Login_Button' is clickable

2020-04-20 08:59:59 - [TEST_STEP][PASSED] - verifyTextPresent("Checkatrade Web Office", false): Text 'Checkatrade Web Office' is present on page 

2020-04-20 08:59:59 - [MESSAGE][PASSED] - Text 'Checkatrade Web Office' is present on page 

2020-04-20 08:59:59 - [TEST_STEP][PASSED] - verifyTextPresent("Access for staff use only", false): Text 'Access for staff use only' is present on page 

2020-04-20 08:59:59 - [MESSAGE][PASSED] - Text 'Access for staff use only' is present on page 

2020-04-20 08:59:59 - [TEST_STEP][PASSED] - verifyTextPresent("Forgotten password?", false): Text 'Forgotten password?' is present on page 

2020-04-20 08:59:59 - [MESSAGE][PASSED] - Text 'Forgotten password?' is present on page 

2020-04-20 08:59:59 - [TEST_STEP][PASSED] - setText(findTestObject("Object Repository/WebOffice/Page_Checkatrade - Administration - Login/input_Username_LoginControlUserName"), wo_Username): Text 'DavidHo' is set on object 'Object Repository/WebOffice/Page_Checkatrade - Administration - Login/input_Username_LoginControlUserName'

2020-04-20 08:59:59 - [MESSAGE][PASSED] - Text 'DavidHo' is set on object 'Object Repository/WebOffice/Page_Checkatrade - Administration - Login/input_Username_LoginControlUserName'

2020-04-20 08:59:59 - [TEST_STEP][PASSED] - setText(findTestObject("Object Repository/WebOffice/Page_Checkatrade - Administration - Login/input_Password_LoginControlPassword"), wo_Password): Text 'Check123' is set on object 'Object Repository/WebOffice/Page_Checkatrade - Administration - Login/input_Password_LoginControlPassword'

2020-04-20 09:00:00 - [MESSAGE][PASSED] - Text 'Check123' is set on object 'Object Repository/WebOffice/Page_Checkatrade - Administration - Login/input_Password_LoginControlPassword'

2020-04-20 09:00:00 - [TEST_STEP][PASSED] - click(findTestObject("Object Repository/WebOffice/Page_Checkatrade - Administration - Login/Login_Button")): Object: 'Object Repository/WebOffice/Page_Checkatrade - Administration - Login/Login_Button' is clicked on

2020-04-20 09:00:01 - [MESSAGE][PASSED] - Object: 'Object Repository/WebOffice/Page_Checkatrade - Administration - Login/Login_Button' is clicked on

2020-04-20 09:00:01 - [TEST_STEP][PASSED] - waitForPageLoad(60): Wait for page load successfully

2020-04-20 09:00:01 - [MESSAGE][PASSED] - Wait for page load successfully

2020-04-20 09:00:01 - [TEST_STEP][PASSED] - verifyTextPresent("Welcome " + wo_Username, false): Text 'Welcome DavidHo' is present on page 

2020-04-20 09:00:01 - [MESSAGE][PASSED] - Text 'Welcome DavidHo' is present on page 

2020-04-20 09:00:01 - [MESSAGE][PASSED] - Call Test Case 'Test Cases/Reusable_Test_Sequences/Web_Office/Directives/WebOffice_StartUp' successfully

2020-04-20 09:00:01 - [TEST_STEP][PASSED] - "-----------------------------------------------------------------": null

2020-04-20 09:00:01 - [TEST_STEP][PASSED] - " Navigate to <Settings->Checkatrade.Com->Sub Item> Menu Item     |": null

2020-04-20 09:00:01 - [TEST_STEP][PASSED] - callTestCase(findTestCase("Reusable_Test_Sequences/Web_Office/Navigation/Sub_Menu_Navigation/Reports/By_Category"), [:], STOP_ON_FAILURE): Call Test Case 'Test Cases/Reusable_Test_Sequences/Web_Office/Navigation/Sub_Menu_Navigation/Reports/By_Category' successfully

2020-04-20 09:00:01 - [TEST_CASE][PASSED] - Test Cases/Reusable_Test_Sequences/Web_Office/Navigation/Sub_Menu_Navigation/Reports/By_Category: Test Cases/Reusable_Test_Sequences/Web_Office/Navigation/Sub_Menu_Navigation/Reports/By_Category

2020-04-20 09:00:01 - [TEST_STEP][PASSED] - "--------------------------------------": null

2020-04-20 09:00:01 - [TEST_STEP][PASSED] - " Navigate Top level menu Item         |": null

2020-04-20 09:00:01 - [TEST_STEP][PASSED] - waitForPageLoad(60): Wait for page load successfully

2020-04-20 09:00:01 - [MESSAGE][PASSED] - Wait for page load successfully

2020-04-20 09:00:01 - [TEST_STEP][PASSED] - waitForElementClickable(findTestObject("Object Repository/WebOffice_Home_page/a_Reports"), 60): Object 'Object Repository/WebOffice_Home_page/a_Reports' is clickable

2020-04-20 09:00:01 - [MESSAGE][PASSED] - Object 'Object Repository/WebOffice_Home_page/a_Reports' is clickable

2020-04-20 09:00:01 - [TEST_STEP][PASSED] - mouseOver(findTestObject("Object Repository/WebOffice_Home_page/a_Reports")): Object: 'Object Repository/WebOffice_Home_page/a_Reports' is hovered

2020-04-20 09:00:01 - [MESSAGE][PASSED] - Object: 'Object Repository/WebOffice_Home_page/a_Reports' is hovered

2020-04-20 09:00:01 - [TEST_STEP][PASSED] - mouseOver(findTestObject("Object Repository/WebOffice_Home_page/Page_/a_Consumers")): Object: 'Object Repository/WebOffice_Home_page/Page_/a_Consumers' is hovered

2020-04-20 09:00:02 - [MESSAGE][PASSED] - Object: 'Object Repository/WebOffice_Home_page/Page_/a_Consumers' is hovered

2020-04-20 09:00:02 - [TEST_STEP][PASSED] - mouseOver(findTestObject("Object Repository/WebOffice_Home_page/Page_/a_Consumer Searches")): Object: 'Object Repository/WebOffice_Home_page/Page_/a_Consumer Searches' is hovered

2020-04-20 09:00:02 - [MESSAGE][PASSED] - Object: 'Object Repository/WebOffice_Home_page/Page_/a_Consumer Searches' is hovered

2020-04-20 09:00:02 - [TEST_STEP][PASSED] - waitForPageLoad(5): Wait for page load successfully

2020-04-20 09:00:02 - [MESSAGE][PASSED] - Wait for page load successfully

2020-04-20 09:00:02 - [TEST_STEP][PASSED] - waitForElementClickable(findTestObject("Object Repository/WebOffice_Home_page/a_By Category"), 5): Object 'Object Repository/WebOffice_Home_page/a_By Category' is clickable

2020-04-20 09:00:02 - [MESSAGE][PASSED] - Object 'Object Repository/WebOffice_Home_page/a_By Category' is clickable

2020-04-20 09:00:02 - [TEST_STEP][PASSED] - click(findTestObject("Object Repository/WebOffice_Home_page/a_By Category")): Object: 'Object Repository/WebOffice_Home_page/a_By Category' is clicked on

2020-04-20 09:00:02 - [MESSAGE][PASSED] - Object: 'Object Repository/WebOffice_Home_page/a_By Category' is clicked on

2020-04-20 09:00:02 - [MESSAGE][PASSED] - Call Test Case 'Test Cases/Reusable_Test_Sequences/Web_Office/Navigation/Sub_Menu_Navigation/Reports/By_Category' successfully

2020-04-20 09:00:02 - [TEST_STEP][PASSED] - "--------------------------------------": null

2020-04-20 09:00:02 - [TEST_STEP][PASSED] - " Verify Returned Page Detail          |": null

2020-04-20 09:00:02 - [TEST_STEP][PASSED] - callTestCase(findTestCase("Reusable_Test_Sequences/Web_Office/Verification/Reports/By_Category"), [:], OPTIONAL): Call Test Case 'Test Cases/Reusable_Test_Sequences/Web_Office/Verification/Reports/By_Category' successfully

2020-04-20 09:00:03 - [TEST_CASE][PASSED] - Test Cases/Reusable_Test_Sequences/Web_Office/Verification/Reports/By_Category: Test Cases/Reusable_Test_Sequences/Web_Office/Verification/Reports/By_Category

2020-04-20 09:00:03 - [TEST_STEP][PASSED] - waitForPageLoad(120): Wait for page load successfully

2020-04-20 09:00:03 - [MESSAGE][PASSED] - Wait for page load successfully

2020-04-20 09:00:03 - [TEST_STEP][PASSED] - delay(1): Delayed 1 second(s)

2020-04-20 09:00:04 - [MESSAGE][PASSED] - Delayed 1 second(s)

2020-04-20 09:00:04 - [TEST_STEP][PASSED] - verifyTextPresent("Consumer Searches", false): Text 'Consumer Searches' is present on page 

2020-04-20 09:00:04 - [MESSAGE][PASSED] - Text 'Consumer Searches' is present on page 

2020-04-20 09:00:04 - [TEST_STEP][PASSED] - "----------------------------------------------": null

2020-04-20 09:00:04 - [TEST_STEP][PASSED] - verifyTextPresent("From", false): Text 'From' is present on page 

2020-04-20 09:00:04 - [MESSAGE][PASSED] - Text 'From' is present on page 

2020-04-20 09:00:04 - [TEST_STEP][PASSED] - verifyTextPresent("Popular Categories", false): Text 'Popular Categories' is present on page 

2020-04-20 09:00:04 - [MESSAGE][PASSED] - Text 'Popular Categories' is present on page 

2020-04-20 09:00:04 - [TEST_STEP][PASSED] - verifyTextPresent("Search for", false): Text 'Search for' is present on page 

2020-04-20 09:00:04 - [MESSAGE][PASSED] - Text 'Search for' is present on page 

2020-04-20 09:00:04 - [TEST_STEP][PASSED] - verifyTextPresent("No. Results", false): Text 'No. Results' is present on page 

2020-04-20 09:00:05 - [MESSAGE][PASSED] - Text 'No. Results' is present on page 

2020-04-20 09:00:05 - [TEST_STEP][PASSED] - verifyTextPresent("No. Searches", false): Text 'No. Searches' is present on page 

2020-04-20 09:00:05 - [MESSAGE][PASSED] - Text 'No. Searches' is present on page 

2020-04-20 09:00:05 - [TEST_STEP][PASSED] - "----------------------------------------------": null

2020-04-20 09:00:05 - [TEST_STEP][PASSED] - verifyTextPresent("Plumber", false): Text 'Plumber' is present on page 

2020-04-20 09:00:05 - [MESSAGE][PASSED] - Text 'Plumber' is present on page 

2020-04-20 09:00:05 - [TEST_STEP][PASSED] - verifyTextPresent("Builder", false): Text 'Builder' is present on page 

2020-04-20 09:00:05 - [MESSAGE][PASSED] - Text 'Builder' is present on page 

2020-04-20 09:00:05 - [TEST_STEP][PASSED] - verifyTextPresent("Electrician", false): Text 'Electrician' is present on page 

2020-04-20 09:00:05 - [MESSAGE][PASSED] - Text 'Electrician' is present on page 

2020-04-20 09:00:05 - [TEST_STEP][PASSED] - verifyTextPresent("Roofer", false): Text 'Roofer' is present on page 

2020-04-20 09:00:06 - [MESSAGE][PASSED] - Text 'Roofer' is present on page 

2020-04-20 09:00:06 - [TEST_STEP][PASSED] - verifyTextPresent("Painter/Decorator", false): Text 'Painter/Decorator' is present on page 

2020-04-20 09:00:06 - [MESSAGE][PASSED] - Text 'Painter/Decorator' is present on page 

2020-04-20 09:00:06 - [TEST_STEP][PASSED] - verifyTextPresent("Carpenter", false): Text 'Carpenter' is present on page 

2020-04-20 09:00:06 - [MESSAGE][PASSED] - Text 'Carpenter' is present on page 

2020-04-20 09:00:06 - [TEST_STEP][PASSED] - verifyTextPresent("Plasterer", false): Text 'Plasterer' is present on page 

2020-04-20 09:00:06 - [MESSAGE][PASSED] - Text 'Plasterer' is present on page 

2020-04-20 09:00:06 - [TEST_STEP][PASSED] - verifyTextPresent("Roofing Repairs", false): Text 'Roofing Repairs' is present on page 

2020-04-20 09:00:06 - [MESSAGE][PASSED] - Text 'Roofing Repairs' is present on page 

2020-04-20 09:00:06 - [TEST_STEP][PASSED] - verifyTextPresent("Landscaper", false): Text 'Landscaper' is present on page 

2020-04-20 09:00:07 - [MESSAGE][PASSED] - Text 'Landscaper' is present on page 

2020-04-20 09:00:07 - [MESSAGE][PASSED] - Call Test Case 'Test Cases/Reusable_Test_Sequences/Web_Office/Verification/Reports/By_Category' successfully

2020-04-20 09:00:07 - [TEST_STEP][PASSED] - "--------------------------": null

2020-04-20 09:00:07 - [TEST_STEP][PASSED] - " Teardown - CLose Browser |": null

2020-04-20 09:00:07 - [TEST_STEP][PASSED] - callTestCase(findTestCase("Reusable_Test_Sequences/CAT_Teardown"), [:], OPTIONAL): Call Test Case 'Test Cases/Reusable_Test_Sequences/CAT_Teardown' successfully

2020-04-20 09:00:07 - [TEST_CASE][PASSED] - Test Cases/Reusable_Test_Sequences/CAT_Teardown: Test Cases/Reusable_Test_Sequences/CAT_Teardown

2020-04-20 09:00:07 - [TEST_STEP][PASSED] - closeBrowser(): Browser is closed

2020-04-20 09:00:08 - [MESSAGE][PASSED] - Browser is closed

2020-04-20 09:00:08 - [TEST_STEP][PASSED] - super.finalize(): null

2020-04-20 09:00:08 - [TEST_STEP][PASSED] - System.gc(): null

2020-04-20 09:00:08 - [MESSAGE][PASSED] - Call Test Case 'Test Cases/Reusable_Test_Sequences/CAT_Teardown' successfully]]></system-out>
         <system-err><![CDATA[]]></system-err>
      </testcase>
      <testcase name="Test Cases/Web_Office/Reports/By_Location" time="16.979" classname="Test Cases/Web_Office/Reports/By_Location" status="PASSED">
         <system-out><![CDATA[2020-04-20 09:00:08 - [TEST_CASE][PASSED] - Test Cases/Web_Office/Reports/By_Location: Test Cases/Web_Office/Reports/By_Location

2020-04-20 09:00:08 - [TEST_STEP][PASSED] - "--------------------------------------": null

2020-04-20 09:00:08 - [TEST_STEP][PASSED] - " Web Office StartUp                  |": null

2020-04-20 09:00:08 - [TEST_STEP][PASSED] - callTestCase(findTestCase("Reusable_Test_Sequences/Web_Office/Directives/WebOffice_StartUp"), [:], STOP_ON_FAILURE): Call Test Case 'Test Cases/Reusable_Test_Sequences/Web_Office/Directives/WebOffice_StartUp' successfully

2020-04-20 09:00:08 - [TEST_CASE][PASSED] - Test Cases/Reusable_Test_Sequences/Web_Office/Directives/WebOffice_StartUp: Test Cases/Reusable_Test_Sequences/Web_Office/Directives/WebOffice_StartUp

2020-04-20 09:00:08 - [TEST_STEP][PASSED] - "-----------------------------------------------------------------------------": null

2020-04-20 09:00:08 - [TEST_STEP][PASSED] - if (URL == "https://www.dev.checkatrade.com/"): null

2020-04-20 09:00:08 - [TEST_STEP][PASSED] - "-----------------------------------------------------------------------------": null

2020-04-20 09:00:08 - [TEST_STEP][PASSED] - if (URL == "https://www.checkatrade.com/"): null

2020-04-20 09:00:08 - [TEST_STEP][PASSED] - "-----------------------------------------------------------------------------": null

2020-04-20 09:00:08 - [TEST_STEP][PASSED] - if (URL == "https://www.preview.checkatrade.com/"): null

2020-04-20 09:00:08 - [TEST_STEP][PASSED] - WebOfficeURL = "https://admin.preview.checkatrade.com/": null

2020-04-20 09:00:08 - [TEST_STEP][PASSED] - if (URL == "https://www.dev2.checkatrade.com/"): null

2020-04-20 09:00:08 - [TEST_STEP][PASSED] - "Set Function Area for "URL_Handler", URL Resolution": null

2020-04-20 09:00:08 - [TEST_STEP][PASSED] - "Do Some Magic with URL(s) See the comments within URL Handler ": null

2020-04-20 09:00:08 - [TEST_STEP][PASSED] - "------------------------------------------------": null

2020-04-20 09:00:08 - [TEST_STEP][PASSED] - "Moved Login Credentials to <Default> profile 22/01/2020": null

2020-04-20 09:00:08 - [TEST_STEP][PASSED] - "------------------------------------------------": null

2020-04-20 09:00:08 - [TEST_STEP][PASSED] - "WebOfficeURL - Set from the ENVIRONMENT PROFILE ": null

2020-04-20 09:00:08 - [TEST_STEP][PASSED] - "OPEN BROWSER": null

2020-04-20 09:00:08 - [TEST_STEP][PASSED] - "eg - https://admin.preview.checkatrade.com/  ": null

2020-04-20 09:00:08 - [TEST_STEP][PASSED] - openBrowser(WebOfficeURL): Browser is opened with url: 'https://admin.preview.checkatrade.com/'

2020-04-20 09:00:08 - [MESSAGE][INFO] - Starting 'Chrome' driver

2020-04-20 09:00:08 - [MESSAGE][INFO] - Action delay is set to 0 milliseconds

2020-04-20 09:00:12 - [MESSAGE][PASSED] - Browser is opened with url: 'https://admin.preview.checkatrade.com/'

2020-04-20 09:00:12 - [TEST_STEP][PASSED] - maximizeWindow(): Current window maximized

2020-04-20 09:00:15 - [MESSAGE][PASSED] - Current window maximized

2020-04-20 09:00:15 - [TEST_STEP][PASSED] - waitForElementClickable(findTestObject("Object Repository/WebOffice/Page_Checkatrade - Administration - Login/Login_Button"), 25): Object 'Object Repository/WebOffice/Page_Checkatrade - Administration - Login/Login_Button' is clickable

2020-04-20 09:00:15 - [MESSAGE][PASSED] - Object 'Object Repository/WebOffice/Page_Checkatrade - Administration - Login/Login_Button' is clickable

2020-04-20 09:00:15 - [TEST_STEP][PASSED] - verifyTextPresent("Checkatrade Web Office", false): Text 'Checkatrade Web Office' is present on page 

2020-04-20 09:00:15 - [MESSAGE][PASSED] - Text 'Checkatrade Web Office' is present on page 

2020-04-20 09:00:15 - [TEST_STEP][PASSED] - verifyTextPresent("Access for staff use only", false): Text 'Access for staff use only' is present on page 

2020-04-20 09:00:15 - [MESSAGE][PASSED] - Text 'Access for staff use only' is present on page 

2020-04-20 09:00:15 - [TEST_STEP][PASSED] - verifyTextPresent("Forgotten password?", false): Text 'Forgotten password?' is present on page 

2020-04-20 09:00:15 - [MESSAGE][PASSED] - Text 'Forgotten password?' is present on page 

2020-04-20 09:00:15 - [TEST_STEP][PASSED] - setText(findTestObject("Object Repository/WebOffice/Page_Checkatrade - Administration - Login/input_Username_LoginControlUserName"), wo_Username): Text 'DavidHo' is set on object 'Object Repository/WebOffice/Page_Checkatrade - Administration - Login/input_Username_LoginControlUserName'

2020-04-20 09:00:15 - [MESSAGE][PASSED] - Text 'DavidHo' is set on object 'Object Repository/WebOffice/Page_Checkatrade - Administration - Login/input_Username_LoginControlUserName'

2020-04-20 09:00:15 - [TEST_STEP][PASSED] - setText(findTestObject("Object Repository/WebOffice/Page_Checkatrade - Administration - Login/input_Password_LoginControlPassword"), wo_Password): Text 'Check123' is set on object 'Object Repository/WebOffice/Page_Checkatrade - Administration - Login/input_Password_LoginControlPassword'

2020-04-20 09:00:15 - [MESSAGE][PASSED] - Text 'Check123' is set on object 'Object Repository/WebOffice/Page_Checkatrade - Administration - Login/input_Password_LoginControlPassword'

2020-04-20 09:00:15 - [TEST_STEP][PASSED] - click(findTestObject("Object Repository/WebOffice/Page_Checkatrade - Administration - Login/Login_Button")): Object: 'Object Repository/WebOffice/Page_Checkatrade - Administration - Login/Login_Button' is clicked on

2020-04-20 09:00:17 - [MESSAGE][PASSED] - Object: 'Object Repository/WebOffice/Page_Checkatrade - Administration - Login/Login_Button' is clicked on

2020-04-20 09:00:17 - [TEST_STEP][PASSED] - waitForPageLoad(60): Wait for page load successfully

2020-04-20 09:00:18 - [MESSAGE][PASSED] - Wait for page load successfully

2020-04-20 09:00:18 - [TEST_STEP][PASSED] - verifyTextPresent("Welcome " + wo_Username, false): Text 'Welcome DavidHo' is present on page 

2020-04-20 09:00:18 - [MESSAGE][PASSED] - Text 'Welcome DavidHo' is present on page 

2020-04-20 09:00:18 - [MESSAGE][PASSED] - Call Test Case 'Test Cases/Reusable_Test_Sequences/Web_Office/Directives/WebOffice_StartUp' successfully

2020-04-20 09:00:18 - [TEST_STEP][PASSED] - "-----------------------------------------------------------------": null

2020-04-20 09:00:18 - [TEST_STEP][PASSED] - " Navigate to <Reports->Checkatrade.Com->Sub Item> Menu Item     |": null

2020-04-20 09:00:18 - [TEST_STEP][PASSED] - callTestCase(findTestCase("Reusable_Test_Sequences/Web_Office/Navigation/Sub_Menu_Navigation/Reports/By_Location"), [:], STOP_ON_FAILURE): Call Test Case 'Test Cases/Reusable_Test_Sequences/Web_Office/Navigation/Sub_Menu_Navigation/Reports/By_Location' successfully

2020-04-20 09:00:18 - [TEST_CASE][PASSED] - Test Cases/Reusable_Test_Sequences/Web_Office/Navigation/Sub_Menu_Navigation/Reports/By_Location: Test Cases/Reusable_Test_Sequences/Web_Office/Navigation/Sub_Menu_Navigation/Reports/By_Location

2020-04-20 09:00:18 - [TEST_STEP][PASSED] - "--------------------------------------": null

2020-04-20 09:00:18 - [TEST_STEP][PASSED] - " Navigate Top level menu Item         |": null

2020-04-20 09:00:18 - [TEST_STEP][PASSED] - waitForPageLoad(60): Wait for page load successfully

2020-04-20 09:00:18 - [MESSAGE][PASSED] - Wait for page load successfully

2020-04-20 09:00:18 - [TEST_STEP][PASSED] - waitForElementClickable(findTestObject("Object Repository/WebOffice_Home_page/a_Reports"), 60): Object 'Object Repository/WebOffice_Home_page/a_Reports' is clickable

2020-04-20 09:00:18 - [MESSAGE][PASSED] - Object 'Object Repository/WebOffice_Home_page/a_Reports' is clickable

2020-04-20 09:00:18 - [TEST_STEP][PASSED] - mouseOver(findTestObject("Object Repository/WebOffice_Home_page/a_Reports")): Object: 'Object Repository/WebOffice_Home_page/a_Reports' is hovered

2020-04-20 09:00:18 - [MESSAGE][PASSED] - Object: 'Object Repository/WebOffice_Home_page/a_Reports' is hovered

2020-04-20 09:00:18 - [TEST_STEP][PASSED] - mouseOver(findTestObject("Object Repository/WebOffice_Home_page/Page_/a_Consumers")): Object: 'Object Repository/WebOffice_Home_page/Page_/a_Consumers' is hovered

2020-04-20 09:00:19 - [MESSAGE][PASSED] - Object: 'Object Repository/WebOffice_Home_page/Page_/a_Consumers' is hovered

2020-04-20 09:00:19 - [TEST_STEP][PASSED] - mouseOver(findTestObject("Object Repository/WebOffice_Home_page/Page_/a_Consumer Searches")): Object: 'Object Repository/WebOffice_Home_page/Page_/a_Consumer Searches' is hovered

2020-04-20 09:00:19 - [MESSAGE][PASSED] - Object: 'Object Repository/WebOffice_Home_page/Page_/a_Consumer Searches' is hovered

2020-04-20 09:00:19 - [TEST_STEP][PASSED] - waitForPageLoad(5): Wait for page load successfully

2020-04-20 09:00:19 - [MESSAGE][PASSED] - Wait for page load successfully

2020-04-20 09:00:19 - [TEST_STEP][PASSED] - waitForElementClickable(findTestObject("Object Repository/WebOffice_Home_page/a_By Location"), 5): Object 'Object Repository/WebOffice_Home_page/a_By Location' is clickable

2020-04-20 09:00:19 - [MESSAGE][PASSED] - Object 'Object Repository/WebOffice_Home_page/a_By Location' is clickable

2020-04-20 09:00:19 - [TEST_STEP][PASSED] - click(findTestObject("Object Repository/WebOffice_Home_page/a_By Location")): Object: 'Object Repository/WebOffice_Home_page/a_By Location' is clicked on

2020-04-20 09:00:19 - [MESSAGE][PASSED] - Object: 'Object Repository/WebOffice_Home_page/a_By Location' is clicked on

2020-04-20 09:00:19 - [MESSAGE][PASSED] - Call Test Case 'Test Cases/Reusable_Test_Sequences/Web_Office/Navigation/Sub_Menu_Navigation/Reports/By_Location' successfully

2020-04-20 09:00:19 - [TEST_STEP][PASSED] - "--------------------------------------": null

2020-04-20 09:00:19 - [TEST_STEP][PASSED] - " Verify Returned Page Detail          |": null

2020-04-20 09:00:19 - [TEST_STEP][PASSED] - callTestCase(findTestCase("Reusable_Test_Sequences/Web_Office/Verification/Reports/By_Location"), [:], OPTIONAL): Call Test Case 'Test Cases/Reusable_Test_Sequences/Web_Office/Verification/Reports/By_Location' successfully

2020-04-20 09:00:19 - [TEST_CASE][PASSED] - Test Cases/Reusable_Test_Sequences/Web_Office/Verification/Reports/By_Location: Test Cases/Reusable_Test_Sequences/Web_Office/Verification/Reports/By_Location

2020-04-20 09:00:20 - [TEST_STEP][PASSED] - waitForPageLoad(120): Wait for page load successfully

2020-04-20 09:00:20 - [MESSAGE][PASSED] - Wait for page load successfully

2020-04-20 09:00:20 - [TEST_STEP][PASSED] - delay(1): Delayed 1 second(s)

2020-04-20 09:00:21 - [MESSAGE][PASSED] - Delayed 1 second(s)

2020-04-20 09:00:21 - [TEST_STEP][PASSED] - verifyTextPresent("Searches by Location", false): Text 'Searches by Location' is present on page 

2020-04-20 09:00:21 - [MESSAGE][PASSED] - Text 'Searches by Location' is present on page 

2020-04-20 09:00:21 - [TEST_STEP][PASSED] - "----------------------------------------------": null

2020-04-20 09:00:21 - [TEST_STEP][PASSED] - verifyTextPresent("Select counties", false): Text 'Select counties' is present on page 

2020-04-20 09:00:21 - [MESSAGE][PASSED] - Text 'Select counties' is present on page 

2020-04-20 09:00:21 - [TEST_STEP][PASSED] - verifyTextPresent("Town", false): Text 'Town' is present on page 

2020-04-20 09:00:21 - [MESSAGE][PASSED] - Text 'Town' is present on page 

2020-04-20 09:00:22 - [TEST_STEP][PASSED] - verifyTextPresent("By Postcode", false): Text 'By Postcode' is present on page 

2020-04-20 09:00:22 - [MESSAGE][PASSED] - Text 'By Postcode' is present on page 

2020-04-20 09:00:22 - [TEST_STEP][PASSED] - "----------------------------------------------": null

2020-04-20 09:00:22 - [TEST_STEP][PASSED] - verifyTextPresent("Angus", false): Text 'Angus' is present on page 

2020-04-20 09:00:22 - [MESSAGE][PASSED] - Text 'Angus' is present on page 

2020-04-20 09:00:22 - [TEST_STEP][PASSED] - verifyTextPresent("Berkshire", false): Text 'Berkshire' is present on page 

2020-04-20 09:00:22 - [MESSAGE][PASSED] - Text 'Berkshire' is present on page 

2020-04-20 09:00:22 - [TEST_STEP][PASSED] - verifyTextPresent("Avon", false): Text 'Avon' is present on page 

2020-04-20 09:00:23 - [MESSAGE][PASSED] - Text 'Avon' is present on page 

2020-04-20 09:00:23 - [TEST_STEP][PASSED] - "----------------------------------------------": null

2020-04-20 09:00:23 - [TEST_STEP][PASSED] - verifyTextPresent("Tip: Use Shift or Control when clicking on the lists to select multiple options", false): Text 'Tip: Use Shift or Control when clicking on the lists to select multiple options' is present on page 

2020-04-20 09:00:23 - [MESSAGE][PASSED] - Text 'Tip: Use Shift or Control when clicking on the lists to select multiple options' is present on page 

2020-04-20 09:00:23 - [TEST_STEP][PASSED] - verifyTextPresent("Select Date Range", false): Text 'Select Date Range' is present on page 

2020-04-20 09:00:23 - [MESSAGE][PASSED] - Text 'Select Date Range' is present on page 

2020-04-20 09:00:23 - [TEST_STEP][PASSED] - verifyTextPresent("From", false): Text 'From' is present on page 

2020-04-20 09:00:24 - [MESSAGE][PASSED] - Text 'From' is present on page 

2020-04-20 09:00:24 - [TEST_STEP][PASSED] - verifyTextPresent("To", false): Text 'To' is present on page 

2020-04-20 09:00:24 - [MESSAGE][PASSED] - Text 'To' is present on page 

2020-04-20 09:00:24 - [MESSAGE][PASSED] - Call Test Case 'Test Cases/Reusable_Test_Sequences/Web_Office/Verification/Reports/By_Location' successfully

2020-04-20 09:00:24 - [TEST_STEP][PASSED] - "--------------------------": null

2020-04-20 09:00:24 - [TEST_STEP][PASSED] - " Teardown - CLose Browser |": null

2020-04-20 09:00:24 - [TEST_STEP][PASSED] - callTestCase(findTestCase("Reusable_Test_Sequences/CAT_Teardown"), [:], OPTIONAL): Call Test Case 'Test Cases/Reusable_Test_Sequences/CAT_Teardown' successfully

2020-04-20 09:00:24 - [TEST_CASE][PASSED] - Test Cases/Reusable_Test_Sequences/CAT_Teardown: Test Cases/Reusable_Test_Sequences/CAT_Teardown

2020-04-20 09:00:24 - [TEST_STEP][PASSED] - closeBrowser(): Browser is closed

2020-04-20 09:00:25 - [MESSAGE][PASSED] - Browser is closed

2020-04-20 09:00:25 - [TEST_STEP][PASSED] - super.finalize(): null

2020-04-20 09:00:25 - [TEST_STEP][PASSED] - System.gc(): null

2020-04-20 09:00:25 - [MESSAGE][PASSED] - Call Test Case 'Test Cases/Reusable_Test_Sequences/CAT_Teardown' successfully]]></system-out>
         <system-err><![CDATA[]]></system-err>
      </testcase>
      <testcase name="Test Cases/Web_Office/Reports/Returning_No_Results" time="14.025" classname="Test Cases/Web_Office/Reports/Returning_No_Results" status="PASSED">
         <system-out><![CDATA[2020-04-20 09:00:25 - [TEST_CASE][PASSED] - Test Cases/Web_Office/Reports/Returning_No_Results: Test Cases/Web_Office/Reports/Returning_No_Results

2020-04-20 09:00:25 - [TEST_STEP][PASSED] - "--------------------------------------": null

2020-04-20 09:00:25 - [TEST_STEP][PASSED] - " Web Office StartUp                  |": null

2020-04-20 09:00:25 - [TEST_STEP][PASSED] - callTestCase(findTestCase("Reusable_Test_Sequences/Web_Office/Directives/WebOffice_StartUp"), [:], STOP_ON_FAILURE): Call Test Case 'Test Cases/Reusable_Test_Sequences/Web_Office/Directives/WebOffice_StartUp' successfully

2020-04-20 09:00:25 - [TEST_CASE][PASSED] - Test Cases/Reusable_Test_Sequences/Web_Office/Directives/WebOffice_StartUp: Test Cases/Reusable_Test_Sequences/Web_Office/Directives/WebOffice_StartUp

2020-04-20 09:00:25 - [TEST_STEP][PASSED] - "-----------------------------------------------------------------------------": null

2020-04-20 09:00:25 - [TEST_STEP][PASSED] - if (URL == "https://www.dev.checkatrade.com/"): null

2020-04-20 09:00:25 - [TEST_STEP][PASSED] - "-----------------------------------------------------------------------------": null

2020-04-20 09:00:25 - [TEST_STEP][PASSED] - if (URL == "https://www.checkatrade.com/"): null

2020-04-20 09:00:25 - [TEST_STEP][PASSED] - "-----------------------------------------------------------------------------": null

2020-04-20 09:00:25 - [TEST_STEP][PASSED] - if (URL == "https://www.preview.checkatrade.com/"): null

2020-04-20 09:00:25 - [TEST_STEP][PASSED] - WebOfficeURL = "https://admin.preview.checkatrade.com/": null

2020-04-20 09:00:25 - [TEST_STEP][PASSED] - if (URL == "https://www.dev2.checkatrade.com/"): null

2020-04-20 09:00:25 - [TEST_STEP][PASSED] - "Set Function Area for "URL_Handler", URL Resolution": null

2020-04-20 09:00:25 - [TEST_STEP][PASSED] - "Do Some Magic with URL(s) See the comments within URL Handler ": null

2020-04-20 09:00:25 - [TEST_STEP][PASSED] - "------------------------------------------------": null

2020-04-20 09:00:25 - [TEST_STEP][PASSED] - "Moved Login Credentials to <Default> profile 22/01/2020": null

2020-04-20 09:00:25 - [TEST_STEP][PASSED] - "------------------------------------------------": null

2020-04-20 09:00:25 - [TEST_STEP][PASSED] - "WebOfficeURL - Set from the ENVIRONMENT PROFILE ": null

2020-04-20 09:00:25 - [TEST_STEP][PASSED] - "OPEN BROWSER": null

2020-04-20 09:00:25 - [TEST_STEP][PASSED] - "eg - https://admin.preview.checkatrade.com/  ": null

2020-04-20 09:00:25 - [TEST_STEP][PASSED] - openBrowser(WebOfficeURL): Browser is opened with url: 'https://admin.preview.checkatrade.com/'

2020-04-20 09:00:25 - [MESSAGE][INFO] - Starting 'Chrome' driver

2020-04-20 09:00:25 - [MESSAGE][INFO] - Action delay is set to 0 milliseconds

2020-04-20 09:00:30 - [MESSAGE][PASSED] - Browser is opened with url: 'https://admin.preview.checkatrade.com/'

2020-04-20 09:00:30 - [TEST_STEP][PASSED] - maximizeWindow(): Current window maximized

2020-04-20 09:00:32 - [MESSAGE][PASSED] - Current window maximized

2020-04-20 09:00:32 - [TEST_STEP][PASSED] - waitForElementClickable(findTestObject("Object Repository/WebOffice/Page_Checkatrade - Administration - Login/Login_Button"), 25): Object 'Object Repository/WebOffice/Page_Checkatrade - Administration - Login/Login_Button' is clickable

2020-04-20 09:00:32 - [MESSAGE][PASSED] - Object 'Object Repository/WebOffice/Page_Checkatrade - Administration - Login/Login_Button' is clickable

2020-04-20 09:00:32 - [TEST_STEP][PASSED] - verifyTextPresent("Checkatrade Web Office", false): Text 'Checkatrade Web Office' is present on page 

2020-04-20 09:00:32 - [MESSAGE][PASSED] - Text 'Checkatrade Web Office' is present on page 

2020-04-20 09:00:32 - [TEST_STEP][PASSED] - verifyTextPresent("Access for staff use only", false): Text 'Access for staff use only' is present on page 

2020-04-20 09:00:32 - [MESSAGE][PASSED] - Text 'Access for staff use only' is present on page 

2020-04-20 09:00:32 - [TEST_STEP][PASSED] - verifyTextPresent("Forgotten password?", false): Text 'Forgotten password?' is present on page 

2020-04-20 09:00:32 - [MESSAGE][PASSED] - Text 'Forgotten password?' is present on page 

2020-04-20 09:00:32 - [TEST_STEP][PASSED] - setText(findTestObject("Object Repository/WebOffice/Page_Checkatrade - Administration - Login/input_Username_LoginControlUserName"), wo_Username): Text 'DavidHo' is set on object 'Object Repository/WebOffice/Page_Checkatrade - Administration - Login/input_Username_LoginControlUserName'

2020-04-20 09:00:32 - [MESSAGE][PASSED] - Text 'DavidHo' is set on object 'Object Repository/WebOffice/Page_Checkatrade - Administration - Login/input_Username_LoginControlUserName'

2020-04-20 09:00:32 - [TEST_STEP][PASSED] - setText(findTestObject("Object Repository/WebOffice/Page_Checkatrade - Administration - Login/input_Password_LoginControlPassword"), wo_Password): Text 'Check123' is set on object 'Object Repository/WebOffice/Page_Checkatrade - Administration - Login/input_Password_LoginControlPassword'

2020-04-20 09:00:33 - [MESSAGE][PASSED] - Text 'Check123' is set on object 'Object Repository/WebOffice/Page_Checkatrade - Administration - Login/input_Password_LoginControlPassword'

2020-04-20 09:00:33 - [TEST_STEP][PASSED] - click(findTestObject("Object Repository/WebOffice/Page_Checkatrade - Administration - Login/Login_Button")): Object: 'Object Repository/WebOffice/Page_Checkatrade - Administration - Login/Login_Button' is clicked on

2020-04-20 09:00:33 - [MESSAGE][PASSED] - Object: 'Object Repository/WebOffice/Page_Checkatrade - Administration - Login/Login_Button' is clicked on

2020-04-20 09:00:33 - [TEST_STEP][PASSED] - waitForPageLoad(60): Wait for page load successfully

2020-04-20 09:00:33 - [MESSAGE][PASSED] - Wait for page load successfully

2020-04-20 09:00:33 - [TEST_STEP][PASSED] - verifyTextPresent("Welcome " + wo_Username, false): Text 'Welcome DavidHo' is present on page 

2020-04-20 09:00:34 - [MESSAGE][PASSED] - Text 'Welcome DavidHo' is present on page 

2020-04-20 09:00:34 - [MESSAGE][PASSED] - Call Test Case 'Test Cases/Reusable_Test_Sequences/Web_Office/Directives/WebOffice_StartUp' successfully

2020-04-20 09:00:34 - [TEST_STEP][PASSED] - "-----------------------------------------------------------------": null

2020-04-20 09:00:34 - [TEST_STEP][PASSED] - " Navigate to <Reports->Checkatrade.Com->Sub Item> Menu Item     |": null

2020-04-20 09:00:34 - [TEST_STEP][PASSED] - callTestCase(findTestCase("Reusable_Test_Sequences/Web_Office/Navigation/Sub_Menu_Navigation/Reports/Returning_No_Results"), [:], STOP_ON_FAILURE): Call Test Case 'Test Cases/Reusable_Test_Sequences/Web_Office/Navigation/Sub_Menu_Navigation/Reports/Returning_No_Results' successfully

2020-04-20 09:00:34 - [TEST_CASE][PASSED] - Test Cases/Reusable_Test_Sequences/Web_Office/Navigation/Sub_Menu_Navigation/Reports/Returning_No_Results: Test Cases/Reusable_Test_Sequences/Web_Office/Navigation/Sub_Menu_Navigation/Reports/Returning_No_Results

2020-04-20 09:00:34 - [TEST_STEP][PASSED] - "--------------------------------------": null

2020-04-20 09:00:34 - [TEST_STEP][PASSED] - " Navigate Top level menu Item         |": null

2020-04-20 09:00:34 - [TEST_STEP][PASSED] - waitForPageLoad(60): Wait for page load successfully

2020-04-20 09:00:34 - [MESSAGE][PASSED] - Wait for page load successfully

2020-04-20 09:00:34 - [TEST_STEP][PASSED] - waitForElementClickable(findTestObject("Object Repository/WebOffice_Home_page/a_Reports"), 60): Object 'Object Repository/WebOffice_Home_page/a_Reports' is clickable

2020-04-20 09:00:34 - [MESSAGE][PASSED] - Object 'Object Repository/WebOffice_Home_page/a_Reports' is clickable

2020-04-20 09:00:34 - [TEST_STEP][PASSED] - mouseOver(findTestObject("Object Repository/WebOffice_Home_page/a_Reports")): Object: 'Object Repository/WebOffice_Home_page/a_Reports' is hovered

2020-04-20 09:00:34 - [MESSAGE][PASSED] - Object: 'Object Repository/WebOffice_Home_page/a_Reports' is hovered

2020-04-20 09:00:34 - [TEST_STEP][PASSED] - mouseOver(findTestObject("Object Repository/WebOffice_Home_page/Page_/a_Consumers")): Object: 'Object Repository/WebOffice_Home_page/Page_/a_Consumers' is hovered

2020-04-20 09:00:34 - [MESSAGE][PASSED] - Object: 'Object Repository/WebOffice_Home_page/Page_/a_Consumers' is hovered

2020-04-20 09:00:34 - [TEST_STEP][PASSED] - mouseOver(findTestObject("Object Repository/WebOffice_Home_page/Page_/a_Consumer Searches")): Object: 'Object Repository/WebOffice_Home_page/Page_/a_Consumer Searches' is hovered

2020-04-20 09:00:35 - [MESSAGE][PASSED] - Object: 'Object Repository/WebOffice_Home_page/Page_/a_Consumer Searches' is hovered

2020-04-20 09:00:35 - [TEST_STEP][PASSED] - waitForPageLoad(5): Wait for page load successfully

2020-04-20 09:00:35 - [MESSAGE][PASSED] - Wait for page load successfully

2020-04-20 09:00:35 - [TEST_STEP][PASSED] - waitForElementClickable(findTestObject("Object Repository/WebOffice_Home_page/a_Returning No Results"), 5): Object 'Object Repository/WebOffice_Home_page/a_Returning No Results' is clickable

2020-04-20 09:00:35 - [MESSAGE][PASSED] - Object 'Object Repository/WebOffice_Home_page/a_Returning No Results' is clickable

2020-04-20 09:00:35 - [TEST_STEP][PASSED] - click(findTestObject("Object Repository/WebOffice_Home_page/a_Returning No Results")): Object: 'Object Repository/WebOffice_Home_page/a_Returning No Results' is clicked on

2020-04-20 09:00:36 - [MESSAGE][PASSED] - Object: 'Object Repository/WebOffice_Home_page/a_Returning No Results' is clicked on

2020-04-20 09:00:36 - [MESSAGE][PASSED] - Call Test Case 'Test Cases/Reusable_Test_Sequences/Web_Office/Navigation/Sub_Menu_Navigation/Reports/Returning_No_Results' successfully

2020-04-20 09:00:36 - [TEST_STEP][PASSED] - "--------------------------------------": null

2020-04-20 09:00:36 - [TEST_STEP][PASSED] - " Verify Returned Page Detail          |": null

2020-04-20 09:00:36 - [TEST_STEP][PASSED] - callTestCase(findTestCase("Reusable_Test_Sequences/Web_Office/Verification/Reports/Returning_No_Results"), [:], OPTIONAL): Call Test Case 'Test Cases/Reusable_Test_Sequences/Web_Office/Verification/Reports/Returning_No_Results' successfully

2020-04-20 09:00:36 - [TEST_CASE][PASSED] - Test Cases/Reusable_Test_Sequences/Web_Office/Verification/Reports/Returning_No_Results: Test Cases/Reusable_Test_Sequences/Web_Office/Verification/Reports/Returning_No_Results

2020-04-20 09:00:36 - [TEST_STEP][PASSED] - waitForPageLoad(120): Wait for page load successfully

2020-04-20 09:00:36 - [MESSAGE][PASSED] - Wait for page load successfully

2020-04-20 09:00:36 - [TEST_STEP][PASSED] - delay(1): Delayed 1 second(s)

2020-04-20 09:00:37 - [MESSAGE][PASSED] - Delayed 1 second(s)

2020-04-20 09:00:37 - [TEST_STEP][PASSED] - verifyTextPresent("Consumer Searches", false): Text 'Consumer Searches' is present on page 

2020-04-20 09:00:38 - [MESSAGE][PASSED] - Text 'Consumer Searches' is present on page 

2020-04-20 09:00:38 - [TEST_STEP][PASSED] - "----------------------------------------------": null

2020-04-20 09:00:38 - [TEST_STEP][PASSED] - verifyTextPresent("Returning No Results", false): Text 'Returning No Results' is present on page 

2020-04-20 09:00:38 - [MESSAGE][PASSED] - Text 'Returning No Results' is present on page 

2020-04-20 09:00:38 - [TEST_STEP][PASSED] - verifyTextPresent("From", false): Text 'From' is present on page 

2020-04-20 09:00:38 - [MESSAGE][PASSED] - Text 'From' is present on page 

2020-04-20 09:00:38 - [TEST_STEP][PASSED] - verifyTextPresent("To", false): Text 'To' is present on page 

2020-04-20 09:00:38 - [MESSAGE][PASSED] - Text 'To' is present on page 

2020-04-20 09:00:38 - [MESSAGE][PASSED] - Call Test Case 'Test Cases/Reusable_Test_Sequences/Web_Office/Verification/Reports/Returning_No_Results' successfully

2020-04-20 09:00:38 - [TEST_STEP][PASSED] - "--------------------------": null

2020-04-20 09:00:38 - [TEST_STEP][PASSED] - " Teardown - CLose Browser |": null

2020-04-20 09:00:38 - [TEST_STEP][PASSED] - callTestCase(findTestCase("Reusable_Test_Sequences/CAT_Teardown"), [:], OPTIONAL): Call Test Case 'Test Cases/Reusable_Test_Sequences/CAT_Teardown' successfully

2020-04-20 09:00:38 - [TEST_CASE][PASSED] - Test Cases/Reusable_Test_Sequences/CAT_Teardown: Test Cases/Reusable_Test_Sequences/CAT_Teardown

2020-04-20 09:00:38 - [TEST_STEP][PASSED] - closeBrowser(): Browser is closed

2020-04-20 09:00:39 - [MESSAGE][PASSED] - Browser is closed

2020-04-20 09:00:39 - [TEST_STEP][PASSED] - super.finalize(): null

2020-04-20 09:00:39 - [TEST_STEP][PASSED] - System.gc(): null

2020-04-20 09:00:39 - [MESSAGE][PASSED] - Call Test Case 'Test Cases/Reusable_Test_Sequences/CAT_Teardown' successfully]]></system-out>
         <system-err><![CDATA[]]></system-err>
      </testcase>
      <testcase name="Test Cases/Web_Office/Reports/Search_Tracking" time="16.384" classname="Test Cases/Web_Office/Reports/Search_Tracking" status="PASSED">
         <system-out><![CDATA[2020-04-20 09:00:39 - [TEST_CASE][PASSED] - Test Cases/Web_Office/Reports/Search_Tracking: Test Cases/Web_Office/Reports/Search_Tracking

2020-04-20 09:00:39 - [TEST_STEP][PASSED] - "--------------------------------------": null

2020-04-20 09:00:39 - [TEST_STEP][PASSED] - " Web Office StartUp                  |": null

2020-04-20 09:00:39 - [TEST_STEP][PASSED] - callTestCase(findTestCase("Reusable_Test_Sequences/Web_Office/Directives/WebOffice_StartUp"), [:], STOP_ON_FAILURE): Call Test Case 'Test Cases/Reusable_Test_Sequences/Web_Office/Directives/WebOffice_StartUp' successfully

2020-04-20 09:00:39 - [TEST_CASE][PASSED] - Test Cases/Reusable_Test_Sequences/Web_Office/Directives/WebOffice_StartUp: Test Cases/Reusable_Test_Sequences/Web_Office/Directives/WebOffice_StartUp

2020-04-20 09:00:39 - [TEST_STEP][PASSED] - "-----------------------------------------------------------------------------": null

2020-04-20 09:00:39 - [TEST_STEP][PASSED] - if (URL == "https://www.dev.checkatrade.com/"): null

2020-04-20 09:00:39 - [TEST_STEP][PASSED] - "-----------------------------------------------------------------------------": null

2020-04-20 09:00:39 - [TEST_STEP][PASSED] - if (URL == "https://www.checkatrade.com/"): null

2020-04-20 09:00:39 - [TEST_STEP][PASSED] - "-----------------------------------------------------------------------------": null

2020-04-20 09:00:39 - [TEST_STEP][PASSED] - if (URL == "https://www.preview.checkatrade.com/"): null

2020-04-20 09:00:39 - [TEST_STEP][PASSED] - WebOfficeURL = "https://admin.preview.checkatrade.com/": null

2020-04-20 09:00:39 - [TEST_STEP][PASSED] - if (URL == "https://www.dev2.checkatrade.com/"): null

2020-04-20 09:00:39 - [TEST_STEP][PASSED] - "Set Function Area for "URL_Handler", URL Resolution": null

2020-04-20 09:00:39 - [TEST_STEP][PASSED] - "Do Some Magic with URL(s) See the comments within URL Handler ": null

2020-04-20 09:00:39 - [TEST_STEP][PASSED] - "------------------------------------------------": null

2020-04-20 09:00:39 - [TEST_STEP][PASSED] - "Moved Login Credentials to <Default> profile 22/01/2020": null

2020-04-20 09:00:39 - [TEST_STEP][PASSED] - "------------------------------------------------": null

2020-04-20 09:00:39 - [TEST_STEP][PASSED] - "WebOfficeURL - Set from the ENVIRONMENT PROFILE ": null

2020-04-20 09:00:39 - [TEST_STEP][PASSED] - "OPEN BROWSER": null

2020-04-20 09:00:39 - [TEST_STEP][PASSED] - "eg - https://admin.preview.checkatrade.com/  ": null

2020-04-20 09:00:39 - [TEST_STEP][PASSED] - openBrowser(WebOfficeURL): Browser is opened with url: 'https://admin.preview.checkatrade.com/'

2020-04-20 09:00:39 - [MESSAGE][INFO] - Starting 'Chrome' driver

2020-04-20 09:00:39 - [MESSAGE][INFO] - Action delay is set to 0 milliseconds

2020-04-20 09:00:43 - [MESSAGE][PASSED] - Browser is opened with url: 'https://admin.preview.checkatrade.com/'

2020-04-20 09:00:43 - [TEST_STEP][PASSED] - maximizeWindow(): Current window maximized

2020-04-20 09:00:46 - [MESSAGE][PASSED] - Current window maximized

2020-04-20 09:00:46 - [TEST_STEP][PASSED] - waitForElementClickable(findTestObject("Object Repository/WebOffice/Page_Checkatrade - Administration - Login/Login_Button"), 25): Object 'Object Repository/WebOffice/Page_Checkatrade - Administration - Login/Login_Button' is clickable

2020-04-20 09:00:46 - [MESSAGE][PASSED] - Object 'Object Repository/WebOffice/Page_Checkatrade - Administration - Login/Login_Button' is clickable

2020-04-20 09:00:46 - [TEST_STEP][PASSED] - verifyTextPresent("Checkatrade Web Office", false): Text 'Checkatrade Web Office' is present on page 

2020-04-20 09:00:46 - [MESSAGE][PASSED] - Text 'Checkatrade Web Office' is present on page 

2020-04-20 09:00:46 - [TEST_STEP][PASSED] - verifyTextPresent("Access for staff use only", false): Text 'Access for staff use only' is present on page 

2020-04-20 09:00:46 - [MESSAGE][PASSED] - Text 'Access for staff use only' is present on page 

2020-04-20 09:00:46 - [TEST_STEP][PASSED] - verifyTextPresent("Forgotten password?", false): Text 'Forgotten password?' is present on page 

2020-04-20 09:00:46 - [MESSAGE][PASSED] - Text 'Forgotten password?' is present on page 

2020-04-20 09:00:46 - [TEST_STEP][PASSED] - setText(findTestObject("Object Repository/WebOffice/Page_Checkatrade - Administration - Login/input_Username_LoginControlUserName"), wo_Username): Text 'DavidHo' is set on object 'Object Repository/WebOffice/Page_Checkatrade - Administration - Login/input_Username_LoginControlUserName'

2020-04-20 09:00:46 - [MESSAGE][PASSED] - Text 'DavidHo' is set on object 'Object Repository/WebOffice/Page_Checkatrade - Administration - Login/input_Username_LoginControlUserName'

2020-04-20 09:00:46 - [TEST_STEP][PASSED] - setText(findTestObject("Object Repository/WebOffice/Page_Checkatrade - Administration - Login/input_Password_LoginControlPassword"), wo_Password): Text 'Check123' is set on object 'Object Repository/WebOffice/Page_Checkatrade - Administration - Login/input_Password_LoginControlPassword'

2020-04-20 09:00:46 - [MESSAGE][PASSED] - Text 'Check123' is set on object 'Object Repository/WebOffice/Page_Checkatrade - Administration - Login/input_Password_LoginControlPassword'

2020-04-20 09:00:46 - [TEST_STEP][PASSED] - click(findTestObject("Object Repository/WebOffice/Page_Checkatrade - Administration - Login/Login_Button")): Object: 'Object Repository/WebOffice/Page_Checkatrade - Administration - Login/Login_Button' is clicked on

2020-04-20 09:00:47 - [MESSAGE][PASSED] - Object: 'Object Repository/WebOffice/Page_Checkatrade - Administration - Login/Login_Button' is clicked on

2020-04-20 09:00:47 - [TEST_STEP][PASSED] - waitForPageLoad(60): Wait for page load successfully

2020-04-20 09:00:47 - [MESSAGE][PASSED] - Wait for page load successfully

2020-04-20 09:00:47 - [TEST_STEP][PASSED] - verifyTextPresent("Welcome " + wo_Username, false): Text 'Welcome DavidHo' is present on page 

2020-04-20 09:00:47 - [MESSAGE][PASSED] - Text 'Welcome DavidHo' is present on page 

2020-04-20 09:00:47 - [MESSAGE][PASSED] - Call Test Case 'Test Cases/Reusable_Test_Sequences/Web_Office/Directives/WebOffice_StartUp' successfully

2020-04-20 09:00:47 - [TEST_STEP][PASSED] - "-----------------------------------------------------------------": null

2020-04-20 09:00:47 - [TEST_STEP][PASSED] - " Navigate to <Reports->Checkatrade.Com->Sub Item> Menu Item     |": null

2020-04-20 09:00:47 - [TEST_STEP][PASSED] - callTestCase(findTestCase("Reusable_Test_Sequences/Web_Office/Navigation/Sub_Menu_Navigation/Reports/Search_Tracking"), [:], STOP_ON_FAILURE): Call Test Case 'Test Cases/Reusable_Test_Sequences/Web_Office/Navigation/Sub_Menu_Navigation/Reports/Search_Tracking' successfully

2020-04-20 09:00:47 - [TEST_CASE][PASSED] - Test Cases/Reusable_Test_Sequences/Web_Office/Navigation/Sub_Menu_Navigation/Reports/Search_Tracking: Test Cases/Reusable_Test_Sequences/Web_Office/Navigation/Sub_Menu_Navigation/Reports/Search_Tracking

2020-04-20 09:00:47 - [TEST_STEP][PASSED] - "--------------------------------------": null

2020-04-20 09:00:47 - [TEST_STEP][PASSED] - " Navigate Top level menu Item         |": null

2020-04-20 09:00:47 - [TEST_STEP][PASSED] - waitForPageLoad(60): Wait for page load successfully

2020-04-20 09:00:47 - [MESSAGE][PASSED] - Wait for page load successfully

2020-04-20 09:00:47 - [TEST_STEP][PASSED] - waitForElementClickable(findTestObject("Object Repository/WebOffice_Home_page/a_Reports"), 60): Object 'Object Repository/WebOffice_Home_page/a_Reports' is clickable

2020-04-20 09:00:47 - [MESSAGE][PASSED] - Object 'Object Repository/WebOffice_Home_page/a_Reports' is clickable

2020-04-20 09:00:47 - [TEST_STEP][PASSED] - mouseOver(findTestObject("Object Repository/WebOffice_Home_page/a_Reports")): Object: 'Object Repository/WebOffice_Home_page/a_Reports' is hovered

2020-04-20 09:00:48 - [MESSAGE][PASSED] - Object: 'Object Repository/WebOffice_Home_page/a_Reports' is hovered

2020-04-20 09:00:48 - [TEST_STEP][PASSED] - mouseOver(findTestObject("Object Repository/WebOffice_Home_page/Page_/a_Consumers")): Object: 'Object Repository/WebOffice_Home_page/Page_/a_Consumers' is hovered

2020-04-20 09:00:48 - [MESSAGE][PASSED] - Object: 'Object Repository/WebOffice_Home_page/Page_/a_Consumers' is hovered

2020-04-20 09:00:48 - [TEST_STEP][PASSED] - mouseOver(findTestObject("Object Repository/WebOffice_Home_page/Page_/a_Consumer Searches")): Object: 'Object Repository/WebOffice_Home_page/Page_/a_Consumer Searches' is hovered

2020-04-20 09:00:48 - [MESSAGE][PASSED] - Object: 'Object Repository/WebOffice_Home_page/Page_/a_Consumer Searches' is hovered

2020-04-20 09:00:48 - [TEST_STEP][PASSED] - waitForPageLoad(5): Wait for page load successfully

2020-04-20 09:00:48 - [MESSAGE][PASSED] - Wait for page load successfully

2020-04-20 09:00:48 - [TEST_STEP][PASSED] - waitForElementClickable(findTestObject("Object Repository/WebOffice_Home_page/a_Search Tracking"), 5): Object 'Object Repository/WebOffice_Home_page/a_Search Tracking' is clickable

2020-04-20 09:00:48 - [MESSAGE][PASSED] - Object 'Object Repository/WebOffice_Home_page/a_Search Tracking' is clickable

2020-04-20 09:00:48 - [TEST_STEP][PASSED] - click(findTestObject("Object Repository/WebOffice_Home_page/a_Search Tracking")): Object: 'Object Repository/WebOffice_Home_page/a_Search Tracking' is clicked on

2020-04-20 09:00:50 - [MESSAGE][PASSED] - Object: 'Object Repository/WebOffice_Home_page/a_Search Tracking' is clicked on

2020-04-20 09:00:50 - [MESSAGE][PASSED] - Call Test Case 'Test Cases/Reusable_Test_Sequences/Web_Office/Navigation/Sub_Menu_Navigation/Reports/Search_Tracking' successfully

2020-04-20 09:00:50 - [TEST_STEP][PASSED] - "--------------------------------------": null

2020-04-20 09:00:50 - [TEST_STEP][PASSED] - " Verify Returned Page Detail          |": null

2020-04-20 09:00:50 - [TEST_STEP][PASSED] - callTestCase(findTestCase("Reusable_Test_Sequences/Web_Office/Verification/Reports/Search_Tracking"), [:], OPTIONAL): Call Test Case 'Test Cases/Reusable_Test_Sequences/Web_Office/Verification/Reports/Search_Tracking' successfully

2020-04-20 09:00:50 - [TEST_CASE][PASSED] - Test Cases/Reusable_Test_Sequences/Web_Office/Verification/Reports/Search_Tracking: Test Cases/Reusable_Test_Sequences/Web_Office/Verification/Reports/Search_Tracking

2020-04-20 09:00:51 - [TEST_STEP][PASSED] - waitForPageLoad(120): Wait for page load successfully

2020-04-20 09:00:51 - [MESSAGE][PASSED] - Wait for page load successfully

2020-04-20 09:00:51 - [TEST_STEP][PASSED] - delay(1): Delayed 1 second(s)

2020-04-20 09:00:52 - [MESSAGE][PASSED] - Delayed 1 second(s)

2020-04-20 09:00:52 - [TEST_STEP][PASSED] - verifyTextPresent("Search Tracking", false): Text 'Search Tracking' is present on page 

2020-04-20 09:00:52 - [MESSAGE][PASSED] - Text 'Search Tracking' is present on page 

2020-04-20 09:00:52 - [TEST_STEP][PASSED] - "----------------------------------------------": null

2020-04-20 09:00:52 - [TEST_STEP][PASSED] - verifyTextPresent("ID", false): Text 'ID' is present on page 

2020-04-20 09:00:52 - [MESSAGE][PASSED] - Text 'ID' is present on page 

2020-04-20 09:00:52 - [TEST_STEP][PASSED] - verifyTextPresent("TRADE", false): Text 'TRADE' is present on page 

2020-04-20 09:00:52 - [MESSAGE][PASSED] - Text 'TRADE' is present on page 

2020-04-20 09:00:52 - [TEST_STEP][PASSED] - verifyTextPresent("LOCATION", false): Text 'LOCATION' is present on page 

2020-04-20 09:00:53 - [MESSAGE][PASSED] - Text 'LOCATION' is present on page 

2020-04-20 09:00:53 - [TEST_STEP][PASSED] - verifyTextPresent("DATETIME", false): Text 'DATETIME' is present on page 

2020-04-20 09:00:53 - [MESSAGE][PASSED] - Text 'DATETIME' is present on page 

2020-04-20 09:00:53 - [TEST_STEP][PASSED] - "----------------------------------------------": null

2020-04-20 09:00:53 - [TEST_STEP][PASSED] - verifyTextPresent("14262747", false): Text '14262747' is present on page 

2020-04-20 09:00:53 - [MESSAGE][PASSED] - Text '14262747' is present on page 

2020-04-20 09:00:53 - [TEST_STEP][PASSED] - verifyTextPresent("UPVC Repairs", false): Text 'UPVC Repairs' is present on page 

2020-04-20 09:00:54 - [MESSAGE][PASSED] - Text 'UPVC Repairs' is present on page 

2020-04-20 09:00:54 - [TEST_STEP][PASSED] - verifyTextPresent("MILFORD HAVEN", false): Text 'MILFORD HAVEN' is present on page 

2020-04-20 09:00:54 - [MESSAGE][PASSED] - Text 'MILFORD HAVEN' is present on page 

2020-04-20 09:00:54 - [TEST_STEP][PASSED] - verifyTextPresent("28-09-2017 7:19:10", false): Text '28-09-2017 7:19:10' is present on page 

2020-04-20 09:00:54 - [MESSAGE][PASSED] - Text '28-09-2017 7:19:10' is present on page 

2020-04-20 09:00:54 - [MESSAGE][PASSED] - Call Test Case 'Test Cases/Reusable_Test_Sequences/Web_Office/Verification/Reports/Search_Tracking' successfully

2020-04-20 09:00:54 - [TEST_STEP][PASSED] - "--------------------------": null

2020-04-20 09:00:54 - [TEST_STEP][PASSED] - " Teardown - CLose Browser |": null

2020-04-20 09:00:54 - [TEST_STEP][PASSED] - callTestCase(findTestCase("Reusable_Test_Sequences/CAT_Teardown"), [:], OPTIONAL): Call Test Case 'Test Cases/Reusable_Test_Sequences/CAT_Teardown' successfully

2020-04-20 09:00:54 - [TEST_CASE][PASSED] - Test Cases/Reusable_Test_Sequences/CAT_Teardown: Test Cases/Reusable_Test_Sequences/CAT_Teardown

2020-04-20 09:00:54 - [TEST_STEP][PASSED] - closeBrowser(): Browser is closed

2020-04-20 09:00:55 - [MESSAGE][PASSED] - Browser is closed

2020-04-20 09:00:55 - [TEST_STEP][PASSED] - super.finalize(): null

2020-04-20 09:00:55 - [TEST_STEP][PASSED] - System.gc(): null

2020-04-20 09:00:55 - [MESSAGE][PASSED] - Call Test Case 'Test Cases/Reusable_Test_Sequences/CAT_Teardown' successfully]]></system-out>
         <system-err><![CDATA[]]></system-err>
      </testcase>
      <system-out><![CDATA[2020-04-20 08:51:54 - [TEST_SUITE][PASSED] - Web_Office_Reports: Test Cases/Web_Office/Reports/Search_Tracking]]></system-out>
      <system-err><![CDATA[]]></system-err>
   </testsuite>
</testsuites>
