<?xml version="1.0" encoding="UTF-8"?>
<testsuites name="Web_Office_Searches" time="493.609" tests="3" failures="0" errors="0">
   <testsuite name="Web_Office_Searches" tests="3" failures="0" errors="0" time="493.609" timestamp="2020-02-11 15:13:12" hostname="DavidHo - VETTEDSP36RF.check.local" id="Test Suites/Web_Office_Searches">
      <properties>
         <property name="deviceName" value=""/>
         <property name="devicePlatform" value=""/>
         <property name="logFolder" value="C:\\Users\\davidho\\git\\src\\Reports\\20200211_145722\\Web_Office_Searches\\20200211_145730"/>
         <property name="logFiles" value="C:\\Users\\davidho\\git\\src\\Reports\\20200211_145722\\Web_Office_Searches\\20200211_145730\\execution0.log"/>
         <property name="attachments" value=""/>
         <property name="hostName" value="DavidHo - VETTEDSP36RF.check.local"/>
         <property name="os" value="Windows 10 32bit"/>
         <property name="katalonVersion" value="7.2.1.1"/>
         <property name="browser" value="Chrome 79.0.3945.130"/>
         <property name="hostAddress" value="10.0.9.154"/>
         <property name="sessionId" value="4c7579720659484c331c1666be5ab745"/>
         <property name="seleniumVersion" value="3.141.59"/>
         <property name="proxyInformation" value="ProxyInformation{proxyOption=NO_PROXY, proxyServerType=HTTP, password=, proxyServerAddress=, proxyServerPort=0, executionList=}"/>
         <property name="platform" value="Windows 10"/>
      </properties>
      <testcase name="Test Cases/Web_Office/WebOffice_Companies_Advanced_Search" time="213.95" classname="Test Cases/Web_Office/WebOffice_Companies_Advanced_Search" status="PASSED">
         <system-out><![CDATA[2020-02-11 15:13:13 - [TEST_CASE][PASSED] - Test Cases/Web_Office/WebOffice_Companies_Advanced_Search: Test Cases/Web_Office/WebOffice_Companies_Advanced_Search

2020-02-11 15:13:14 - [TEST_STEP][PASSED] - for ([row = 1, row <= findTestData("Data Files/Advance_Company_Search_Data").getRowNumbers(), (internal.GlobalVariable.row++)]): Call Test Case 'Test Cases/Reusable_Test_Sequences/CAT_Teardown' successfully

2020-02-11 15:13:17 - [TEST_STEP][PASSED] - "--------------------------------------": null

2020-02-11 15:13:17 - [TEST_STEP][PASSED] - " Web Office StartUp                  |": null

2020-02-11 15:13:17 - [TEST_STEP][PASSED] - callTestCase(findTestCase("Reusable_Test_Sequences/Web_Office/Directives/WebOffice_StartUp"), [:], STOP_ON_FAILURE): Call Test Case 'Test Cases/Reusable_Test_Sequences/Web_Office/Directives/WebOffice_StartUp' successfully

2020-02-11 15:13:18 - [TEST_CASE][PASSED] - Test Cases/Reusable_Test_Sequences/Web_Office/Directives/WebOffice_StartUp: Test Cases/Reusable_Test_Sequences/Web_Office/Directives/WebOffice_StartUp

2020-02-11 15:13:18 - [TEST_STEP][PASSED] - if (URL == "https://www.preview.checkatrade.com/"): null

2020-02-11 15:13:18 - [TEST_STEP][PASSED] - WebOfficeURL = "https://admin.preview.checkatrade.com/": null

2020-02-11 15:13:18 - [TEST_STEP][PASSED] - if (URL == "https://www.checkatrade.com/"): null

2020-02-11 15:13:18 - [TEST_STEP][PASSED] - "Set Function Area for "URL_Handler", URL Resolution": null

2020-02-11 15:13:18 - [TEST_STEP][PASSED] - "Do Some Magic with URL(s) See the comments within URL Handler ": null

2020-02-11 15:13:18 - [TEST_STEP][PASSED] - "------------------------------------------------": null

2020-02-11 15:13:18 - [TEST_STEP][PASSED] - "Moved Login Credentials to <Default> profile 22/01/2020": null

2020-02-11 15:13:18 - [TEST_STEP][PASSED] - "------------------------------------------------": null

2020-02-11 15:13:18 - [TEST_STEP][PASSED] - "WebOfficeURL - Set from the ENVIRONMENT PROFILE ": null

2020-02-11 15:13:18 - [TEST_STEP][PASSED] - "OPEN BROWSER": null

2020-02-11 15:13:18 - [TEST_STEP][PASSED] - "eg - https://admin.preview.checkatrade.com/  ": null

2020-02-11 15:13:18 - [TEST_STEP][PASSED] - openBrowser(WebOfficeURL): Browser is opened with url: 'https://admin.preview.checkatrade.com/'

2020-02-11 15:13:19 - [MESSAGE][INFO] - Starting 'Chrome' driver

2020-02-11 15:13:19 - [MESSAGE][INFO] - Action delay is set to 0 seconds

2020-02-11 15:13:27 - [MESSAGE][PASSED] - Browser is opened with url: 'https://admin.preview.checkatrade.com/'

2020-02-11 15:13:27 - [TEST_STEP][PASSED] - maximizeWindow(): Current window maximized

2020-02-11 15:13:32 - [MESSAGE][PASSED] - Current window maximized

2020-02-11 15:13:32 - [TEST_STEP][PASSED] - waitForElementClickable(findTestObject("Object Repository/WebOffice/Page_Checkatrade - Administration - Login/Login_Button"), 25): Object 'Object Repository/WebOffice/Page_Checkatrade - Administration - Login/Login_Button' is clickable

2020-02-11 15:13:32 - [MESSAGE][PASSED] - Object 'Object Repository/WebOffice/Page_Checkatrade - Administration - Login/Login_Button' is clickable

2020-02-11 15:13:32 - [TEST_STEP][PASSED] - verifyTextPresent("Checkatrade Web Office", false): Text 'Checkatrade Web Office' is present on page 

2020-02-11 15:13:32 - [MESSAGE][PASSED] - Text 'Checkatrade Web Office' is present on page 

2020-02-11 15:13:32 - [TEST_STEP][PASSED] - verifyTextPresent("Access for staff use only", false): Text 'Access for staff use only' is present on page 

2020-02-11 15:13:32 - [MESSAGE][PASSED] - Text 'Access for staff use only' is present on page 

2020-02-11 15:13:32 - [TEST_STEP][PASSED] - verifyTextPresent("Forgotten password?", false): Text 'Forgotten password?' is present on page 

2020-02-11 15:13:32 - [MESSAGE][PASSED] - Text 'Forgotten password?' is present on page 

2020-02-11 15:13:32 - [TEST_STEP][PASSED] - setText(findTestObject("Object Repository/WebOffice/Page_Checkatrade - Administration - Login/input_Username_LoginControlUserName"), wo_Username): Text 'DavidHo' is set on object 'Object Repository/WebOffice/Page_Checkatrade - Administration - Login/input_Username_LoginControlUserName'

2020-02-11 15:13:33 - [MESSAGE][PASSED] - Text 'DavidHo' is set on object 'Object Repository/WebOffice/Page_Checkatrade - Administration - Login/input_Username_LoginControlUserName'

2020-02-11 15:13:33 - [TEST_STEP][PASSED] - setText(findTestObject("Object Repository/WebOffice/Page_Checkatrade - Administration - Login/input_Password_LoginControlPassword"), wo_Password): Text 'Check123' is set on object 'Object Repository/WebOffice/Page_Checkatrade - Administration - Login/input_Password_LoginControlPassword'

2020-02-11 15:13:33 - [MESSAGE][PASSED] - Text 'Check123' is set on object 'Object Repository/WebOffice/Page_Checkatrade - Administration - Login/input_Password_LoginControlPassword'

2020-02-11 15:13:33 - [TEST_STEP][PASSED] - click(findTestObject("Object Repository/WebOffice/Page_Checkatrade - Administration - Login/Login_Button")): Object: 'Object Repository/WebOffice/Page_Checkatrade - Administration - Login/Login_Button' is clicked on

2020-02-11 15:13:37 - [MESSAGE][PASSED] - Object: 'Object Repository/WebOffice/Page_Checkatrade - Administration - Login/Login_Button' is clicked on

2020-02-11 15:13:37 - [TEST_STEP][PASSED] - waitForPageLoad(60): Wait for page load successfully

2020-02-11 15:13:37 - [MESSAGE][PASSED] - Wait for page load successfully

2020-02-11 15:13:37 - [TEST_STEP][PASSED] - verifyTextPresent("Welcome " + wo_Username, false): Text 'Welcome DavidHo' is present on page 

2020-02-11 15:13:38 - [MESSAGE][PASSED] - Text 'Welcome DavidHo' is present on page 

2020-02-11 15:13:38 - [MESSAGE][PASSED] - Call Test Case 'Test Cases/Reusable_Test_Sequences/Web_Office/Directives/WebOffice_StartUp' successfully

2020-02-11 15:13:38 - [TEST_STEP][PASSED] - "--------------------------------------": null

2020-02-11 15:13:38 - [TEST_STEP][PASSED] - " Navigate to <Companies> Menu Item    |": null

2020-02-11 15:13:38 - [TEST_STEP][PASSED] - callTestCase(findTestCase("Reusable_Test_Sequences/Web_Office/navigation/Navigate_Advanced_Company_Search"), [:], STOP_ON_FAILURE): Call Test Case 'Test Cases/Reusable_Test_Sequences/Web_Office/navigation/Navigate_Advanced_Company_Search' successfully

2020-02-11 15:13:38 - [TEST_CASE][PASSED] - Test Cases/Reusable_Test_Sequences/Web_Office/navigation/Navigate_Advanced_Company_Search: Test Cases/Reusable_Test_Sequences/Web_Office/navigation/Navigate_Advanced_Company_Search

2020-02-11 15:13:39 - [TEST_STEP][PASSED] - "--------------------------------------": null

2020-02-11 15:13:39 - [TEST_STEP][PASSED] - " Navigate Top level menu Item         |": null

2020-02-11 15:13:39 - [TEST_STEP][PASSED] - waitForPageLoad(60): Wait for page load successfully

2020-02-11 15:13:39 - [MESSAGE][PASSED] - Wait for page load successfully

2020-02-11 15:13:39 - [TEST_STEP][PASSED] - waitForElementClickable(findTestObject("Object Repository/WebOffice_Home_page/a_Companies"), 60): Object 'Object Repository/WebOffice_Home_page/a_Companies' is clickable

2020-02-11 15:13:39 - [MESSAGE][PASSED] - Object 'Object Repository/WebOffice_Home_page/a_Companies' is clickable

2020-02-11 15:13:39 - [TEST_STEP][PASSED] - mouseOver(findTestObject("Object Repository/WebOffice_Home_page/a_Companies")): Object: 'Object Repository/WebOffice_Home_page/a_Companies' is hovered

2020-02-11 15:13:39 - [MESSAGE][PASSED] - Object: 'Object Repository/WebOffice_Home_page/a_Companies' is hovered

2020-02-11 15:13:39 - [TEST_STEP][PASSED] - waitForElementClickable(findTestObject("Object Repository/WebOffice_Home_page/a_Company_Advanced_Search"), 1): Object 'Object Repository/WebOffice_Home_page/a_Company_Advanced_Search' is clickable

2020-02-11 15:13:39 - [MESSAGE][PASSED] - Object 'Object Repository/WebOffice_Home_page/a_Company_Advanced_Search' is clickable

2020-02-11 15:13:39 - [TEST_STEP][PASSED] - click(findTestObject("Object Repository/WebOffice_Home_page/a_Company_Advanced_Search")): Object: 'Object Repository/WebOffice_Home_page/a_Company_Advanced_Search' is clicked on

2020-02-11 15:13:42 - [MESSAGE][PASSED] - Object: 'Object Repository/WebOffice_Home_page/a_Company_Advanced_Search' is clicked on

2020-02-11 15:13:42 - [MESSAGE][PASSED] - Call Test Case 'Test Cases/Reusable_Test_Sequences/Web_Office/navigation/Navigate_Advanced_Company_Search' successfully

2020-02-11 15:13:42 - [TEST_STEP][PASSED] - "--------------------------------------": null

2020-02-11 15:13:42 - [TEST_STEP][PASSED] - " LH Pane  - Apply Search Criteria     |": null

2020-02-11 15:13:42 - [TEST_STEP][PASSED] - callTestCase(findTestCase("Reusable_Test_Sequences/Web_Office/Actions/Set_Advanced_Company_Data"), [:], STOP_ON_FAILURE): Call Test Case 'Test Cases/Reusable_Test_Sequences/Web_Office/Actions/Set_Advanced_Company_Data' successfully

2020-02-11 15:13:42 - [TEST_CASE][PASSED] - Test Cases/Reusable_Test_Sequences/Web_Office/Actions/Set_Advanced_Company_Data: Test Cases/Reusable_Test_Sequences/Web_Office/Actions/Set_Advanced_Company_Data

2020-02-11 15:13:43 - [TEST_STEP][PASSED] - "--------------------------------": null

2020-02-11 15:13:43 - [TEST_STEP][PASSED] - "Read data from spreadsheet      |": null

2020-02-11 15:13:43 - [TEST_STEP][PASSED] - data = findTestData("Data Files/Advance_Company_Search_Data"): null

2020-02-11 15:13:43 - [TEST_STEP][PASSED] - Trader_ID = data.getValue("Trader_ID", row): null

2020-02-11 15:13:43 - [TEST_STEP][PASSED] - Limited_Company_Number = data.getValue("Limited_Company_Number", row): null

2020-02-11 15:13:43 - [TEST_STEP][PASSED] - Company_Name = data.getValue("Company_Name", row): null

2020-02-11 15:13:43 - [TEST_STEP][PASSED] - Owner_Surname = data.getValue("Owner_Surname", row): null

2020-02-11 15:13:43 - [TEST_STEP][PASSED] - Owner_DOB = data.getValue("Owner_DOB", row): null

2020-02-11 15:13:43 - [TEST_STEP][PASSED] - Name_House = data.getValue("Name_House", row): null

2020-02-11 15:13:43 - [TEST_STEP][PASSED] - Number_Street = data.getValue("Number_Street", row): null

2020-02-11 15:13:43 - [TEST_STEP][PASSED] - Town = data.getValue("Town", row): null

2020-02-11 15:13:43 - [TEST_STEP][PASSED] - City = data.getValue("City", row): null

2020-02-11 15:13:43 - [TEST_STEP][PASSED] - County = data.getValue("County", row): null

2020-02-11 15:13:43 - [TEST_STEP][PASSED] - Postcode = data.getValue("Postcode", row): null

2020-02-11 15:13:43 - [TEST_STEP][PASSED] - Tel = data.getValue("Tel", row): null

2020-02-11 15:13:43 - [TEST_STEP][PASSED] - Email = data.getValue("Email", row): null

2020-02-11 15:13:43 - [TEST_STEP][PASSED] - "slack": null

2020-02-11 15:13:43 - [TEST_STEP][PASSED] - "--------------------------------": null

2020-02-11 15:13:43 - [TEST_STEP][PASSED] - " Synchronisation                |": null

2020-02-11 15:13:43 - [TEST_STEP][PASSED] - waitForPageLoad(60): Wait for page load successfully

2020-02-11 15:13:43 - [MESSAGE][PASSED] - Wait for page load successfully

2020-02-11 15:13:43 - [TEST_STEP][PASSED] - waitForElementVisible(findTestObject("Web_Office_Advanced_Company_Search/Page_/input_Clear_ctl00ctl00CP1ctlSearchbtnSearch"), 60): Object 'Object Repository/Web_Office_Advanced_Company_Search/Page_/input_Clear_ctl00ctl00CP1ctlSearchbtnSearch' is visible

2020-02-11 15:13:44 - [MESSAGE][PASSED] - Object 'Object Repository/Web_Office_Advanced_Company_Search/Page_/input_Clear_ctl00ctl00CP1ctlSearchbtnSearch' is visible

2020-02-11 15:13:44 - [TEST_STEP][PASSED] - "https://admin.preview.checkatrade.com/Companies/Search.aspx": null

2020-02-11 15:13:44 - [TEST_STEP][PASSED] - "-------------------------------------------------------------------------------------------------------------------------------------": null

2020-02-11 15:13:44 - [TEST_STEP][PASSED] - setText(findTestObject("Web_Office_Advanced_Company_Search/Page_/table_Trader ID"), Trader_ID): Text '280592' is set on object 'Object Repository/Web_Office_Advanced_Company_Search/Page_/table_Trader ID'

2020-02-11 15:13:44 - [MESSAGE][PASSED] - Text '280592' is set on object 'Object Repository/Web_Office_Advanced_Company_Search/Page_/table_Trader ID'

2020-02-11 15:13:44 - [TEST_STEP][PASSED] - "-------------------------------------------------------------------------------------------------------------------------------------": null

2020-02-11 15:13:44 - [TEST_STEP][PASSED] - setText(findTestObject("Web_Office_Advanced_Company_Search/Page_/input_Limited Company Number"), Limited_Company_Number): Text '' is set on object 'Object Repository/Web_Office_Advanced_Company_Search/Page_/input_Limited Company Number'

2020-02-11 15:13:45 - [MESSAGE][PASSED] - Text '' is set on object 'Object Repository/Web_Office_Advanced_Company_Search/Page_/input_Limited Company Number'

2020-02-11 15:13:45 - [TEST_STEP][PASSED] - "-------------------------------------------------------------------------------------------------------------------------------------": null

2020-02-11 15:13:45 - [TEST_STEP][PASSED] - setText(findTestObject("Web_Office_Advanced_Company_Search/Page_/input_Company Name"), Company_Name): Text '' is set on object 'Object Repository/Web_Office_Advanced_Company_Search/Page_/input_Company Name'

2020-02-11 15:13:45 - [MESSAGE][PASSED] - Text '' is set on object 'Object Repository/Web_Office_Advanced_Company_Search/Page_/input_Company Name'

2020-02-11 15:13:45 - [TEST_STEP][PASSED] - "-------------------------------------------------------------------------------------------------------------------------------------": null

2020-02-11 15:13:45 - [TEST_STEP][PASSED] - "Set Owner_Date of Birth": null

2020-02-11 15:13:45 - [TEST_STEP][PASSED] - "-------------------------------------------------------------------------------------------------------------------------------------": null

2020-02-11 15:13:45 - [TEST_STEP][PASSED] - setText(findTestObject("Web_Office_Advanced_Company_Search/Page_/input_Owner Surname"), Owner_Surname): Text 'Brown' is set on object 'Object Repository/Web_Office_Advanced_Company_Search/Page_/input_Owner Surname'

2020-02-11 15:13:46 - [MESSAGE][PASSED] - Text 'Brown' is set on object 'Object Repository/Web_Office_Advanced_Company_Search/Page_/input_Owner Surname'

2020-02-11 15:13:46 - [TEST_STEP][PASSED] - "-------------------------------------------------------------------------------------------------------------------------------------": null

2020-02-11 15:13:46 - [TEST_STEP][PASSED] - setText(findTestObject("Web_Office_Advanced_Company_Search/Page_/input_Name Of House"), Name_House): Text '' is set on object 'Object Repository/Web_Office_Advanced_Company_Search/Page_/input_Name Of House'

2020-02-11 15:13:46 - [MESSAGE][PASSED] - Text '' is set on object 'Object Repository/Web_Office_Advanced_Company_Search/Page_/input_Name Of House'

2020-02-11 15:13:46 - [TEST_STEP][PASSED] - "-------------------------------------------------------------------------------------------------------------------------------------": null

2020-02-11 15:13:46 - [TEST_STEP][PASSED] - "Set Street": null

2020-02-11 15:13:46 - [TEST_STEP][PASSED] - "-------------------------------------------------------------------------------------------------------------------------------------": null

2020-02-11 15:13:46 - [TEST_STEP][PASSED] - setText(findTestObject("Web_Office_Advanced_Company_Search/Page_/input_Town"), Town): Text '' is set on object 'Object Repository/Web_Office_Advanced_Company_Search/Page_/input_Town'

2020-02-11 15:13:47 - [MESSAGE][PASSED] - Text '' is set on object 'Object Repository/Web_Office_Advanced_Company_Search/Page_/input_Town'

2020-02-11 15:13:47 - [TEST_STEP][PASSED] - "-------------------------------------------------------------------------------------------------------------------------------------": null

2020-02-11 15:13:47 - [TEST_STEP][PASSED] - setText(findTestObject("Web_Office_Advanced_Company_Search/Page_/input_City"), City): Text 'Haywards Heath' is set on object 'Object Repository/Web_Office_Advanced_Company_Search/Page_/input_City'

2020-02-11 15:13:48 - [MESSAGE][PASSED] - Text 'Haywards Heath' is set on object 'Object Repository/Web_Office_Advanced_Company_Search/Page_/input_City'

2020-02-11 15:13:48 - [TEST_STEP][PASSED] - "-------------------------------------------------------------------------------------------------------------------------------------": null

2020-02-11 15:13:48 - [TEST_STEP][PASSED] - setText(findTestObject("Web_Office_Advanced_Company_Search/Page_/input_County"), County): Text 'West Sussex' is set on object 'Object Repository/Web_Office_Advanced_Company_Search/Page_/input_County'

2020-02-11 15:13:48 - [MESSAGE][PASSED] - Text 'West Sussex' is set on object 'Object Repository/Web_Office_Advanced_Company_Search/Page_/input_County'

2020-02-11 15:13:48 - [TEST_STEP][PASSED] - "-------------------------------------------------------------------------------------------------------------------------------------": null

2020-02-11 15:13:48 - [TEST_STEP][PASSED] - setText(findTestObject("Web_Office_Advanced_Company_Search/Page_/input_Postcode"), Postcode): Text 'RH16 4ER' is set on object 'Object Repository/Web_Office_Advanced_Company_Search/Page_/input_Postcode'

2020-02-11 15:13:49 - [MESSAGE][PASSED] - Text 'RH16 4ER' is set on object 'Object Repository/Web_Office_Advanced_Company_Search/Page_/input_Postcode'

2020-02-11 15:13:49 - [TEST_STEP][PASSED] - "-------------------------------------------------------------------------------------------------------------------------------------": null

2020-02-11 15:13:49 - [TEST_STEP][PASSED] - setText(findTestObject("Web_Office_Advanced_Company_Search/Page_/input_Telephone"), Tel): Text '01444 657789' is set on object 'Object Repository/Web_Office_Advanced_Company_Search/Page_/input_Telephone'

2020-02-11 15:13:50 - [MESSAGE][PASSED] - Text '01444 657789' is set on object 'Object Repository/Web_Office_Advanced_Company_Search/Page_/input_Telephone'

2020-02-11 15:13:50 - [TEST_STEP][PASSED] - "-------------------------------------------------------------------------------------------------------------------------------------": null

2020-02-11 15:13:50 - [TEST_STEP][PASSED] - setText(findTestObject("Web_Office_Advanced_Company_Search/Page_/input_Email"), Email): Text 'gordon@drainboss.co.uk' is set on object 'Object Repository/Web_Office_Advanced_Company_Search/Page_/input_Email'

2020-02-11 15:13:51 - [MESSAGE][PASSED] - Text 'gordon@drainboss.co.uk' is set on object 'Object Repository/Web_Office_Advanced_Company_Search/Page_/input_Email'

2020-02-11 15:13:51 - [TEST_STEP][PASSED] - "Set Status": null

2020-02-11 15:13:51 - [TEST_STEP][PASSED] - "-------------------------------------------------------------------------------------------------------------------------------------": null

2020-02-11 15:13:51 - [TEST_STEP][PASSED] - "Status 3 Options": null

2020-02-11 15:13:51 - [TEST_STEP][PASSED] - "-------------------------------------------------------------------------------------------------------------------------------------": null

2020-02-11 15:13:51 - [TEST_STEP][PASSED] - "Set Type": null

2020-02-11 15:13:51 - [TEST_STEP][PASSED] - "-------------------------------------------------------------------------------------------------------------------------------------": null

2020-02-11 15:13:51 - [TEST_STEP][PASSED] - "Type 3 Options": null

2020-02-11 15:13:51 - [TEST_STEP][PASSED] - "-------------------------------------------------------------------------------------------------------------------------------------": null

2020-02-11 15:13:51 - [TEST_STEP][PASSED] - scrollToPosition(0, 0): Browser is scrolled to position x = 0, y = 0

2020-02-11 15:13:51 - [MESSAGE][PASSED] - Browser is scrolled to position x = 0, y = 0

2020-02-11 15:13:51 - [TEST_STEP][PASSED] - waitForElementClickable(findTestObject("Web_Office_Advanced_Company_Search/Page_/Top_Search_Button"), 5): Object 'Object Repository/Web_Office_Advanced_Company_Search/Page_/Top_Search_Button' is clickable

2020-02-11 15:13:51 - [MESSAGE][PASSED] - Object 'Object Repository/Web_Office_Advanced_Company_Search/Page_/Top_Search_Button' is clickable

2020-02-11 15:13:51 - [TEST_STEP][PASSED] - click(findTestObject("Web_Office_Advanced_Company_Search/Page_/Top_Search_Button")): Object: 'Object Repository/Web_Office_Advanced_Company_Search/Page_/Top_Search_Button' is clicked on

2020-02-11 15:13:57 - [MESSAGE][PASSED] - Object: 'Object Repository/Web_Office_Advanced_Company_Search/Page_/Top_Search_Button' is clicked on

2020-02-11 15:13:57 - [MESSAGE][PASSED] - Call Test Case 'Test Cases/Reusable_Test_Sequences/Web_Office/Actions/Set_Advanced_Company_Data' successfully

2020-02-11 15:13:57 - [TEST_STEP][PASSED] - "--------------------------------------": null

2020-02-11 15:13:57 - [TEST_STEP][PASSED] - " Select Returned Record to Verify     |": null

2020-02-11 15:13:57 - [TEST_STEP][PASSED] - callTestCase(findTestCase("Reusable_Test_Sequences/Web_Office/Actions/Select_Company"), [:], OPTIONAL): Call Test Case 'Test Cases/Reusable_Test_Sequences/Web_Office/Actions/Select_Company' successfully

2020-02-11 15:13:58 - [TEST_CASE][PASSED] - Test Cases/Reusable_Test_Sequences/Web_Office/Actions/Select_Company: Test Cases/Reusable_Test_Sequences/Web_Office/Actions/Select_Company

2020-02-11 15:13:58 - [TEST_STEP][PASSED] - waitForPageLoad(60): Wait for page load successfully

2020-02-11 15:13:58 - [MESSAGE][PASSED] - Wait for page load successfully

2020-02-11 15:13:58 - [TEST_STEP][PASSED] - waitForElementClickable(findTestObject("Web_Office_Advanced_Company_Search/Page_/td_Returned_Company"), 5): Object 'Object Repository/Web_Office_Advanced_Company_Search/Page_/td_Returned_Company' is clickable

2020-02-11 15:13:58 - [MESSAGE][PASSED] - Object 'Object Repository/Web_Office_Advanced_Company_Search/Page_/td_Returned_Company' is clickable

2020-02-11 15:13:58 - [TEST_STEP][PASSED] - "-------------------------------------------------------------------------------------------------------------------------------------": null

2020-02-11 15:13:58 - [TEST_STEP][PASSED] - click(findTestObject("Web_Office_Advanced_Company_Search/Page_/td_Returned_Company")): Object: 'Object Repository/Web_Office_Advanced_Company_Search/Page_/td_Returned_Company' is clicked on

2020-02-11 15:14:02 - [MESSAGE][PASSED] - Object: 'Object Repository/Web_Office_Advanced_Company_Search/Page_/td_Returned_Company' is clicked on

2020-02-11 15:14:02 - [MESSAGE][PASSED] - Call Test Case 'Test Cases/Reusable_Test_Sequences/Web_Office/Actions/Select_Company' successfully

2020-02-11 15:14:02 - [TEST_STEP][PASSED] - "--------------------------------------": null

2020-02-11 15:14:02 - [TEST_STEP][PASSED] - " Verify Returned Company Record       |": null

2020-02-11 15:14:02 - [TEST_STEP][PASSED] - callTestCase(findTestCase("Reusable_Test_Sequences/Web_Office/Verification/Company_Returned_Advanced_Search_Record"), [:], OPTIONAL): Call Test Case 'Test Cases/Reusable_Test_Sequences/Web_Office/Verification/Company_Returned_Advanced_Search_Record' successfully

2020-02-11 15:14:02 - [TEST_CASE][PASSED] - Test Cases/Reusable_Test_Sequences/Web_Office/Verification/Company_Returned_Advanced_Search_Record: Test Cases/Reusable_Test_Sequences/Web_Office/Verification/Company_Returned_Advanced_Search_Record

2020-02-11 15:14:02 - [TEST_STEP][PASSED] - "--------------------------------": null

2020-02-11 15:14:02 - [TEST_STEP][PASSED] - "Read data from spreadsheet      | r_ = Returned Data": null

2020-02-11 15:14:02 - [TEST_STEP][PASSED] - data = findTestData("Data Files/Advance_Company_Search_Data"): null

2020-02-11 15:14:03 - [TEST_STEP][PASSED] - Trader_ID = data.getValue("Trader_ID", row): null

2020-02-11 15:14:03 - [TEST_STEP][PASSED] - Limited_Company_Number = data.getValue("Limited_Company_Number", row): null

2020-02-11 15:14:03 - [TEST_STEP][PASSED] - Company_Name = data.getValue("Company_Name", row): null

2020-02-11 15:14:03 - [TEST_STEP][PASSED] - Owner_Surname = data.getValue("Owner_Surname", row): null

2020-02-11 15:14:03 - [TEST_STEP][PASSED] - Owner_DOB = data.getValue("Owner_DOB", row): null

2020-02-11 15:14:03 - [TEST_STEP][PASSED] - Name_House = data.getValue("Name_House", row): null

2020-02-11 15:14:03 - [TEST_STEP][PASSED] - Number_Street = data.getValue("Number_Street", row): null

2020-02-11 15:14:03 - [TEST_STEP][PASSED] - Town = data.getValue("Town", row): null

2020-02-11 15:14:03 - [TEST_STEP][PASSED] - City = data.getValue("City", row): null

2020-02-11 15:14:03 - [TEST_STEP][PASSED] - County = data.getValue("County", row): null

2020-02-11 15:14:03 - [TEST_STEP][PASSED] - Postcode = data.getValue("Postcode", row): null

2020-02-11 15:14:03 - [TEST_STEP][PASSED] - Tel = data.getValue("Tel", row): null

2020-02-11 15:14:03 - [TEST_STEP][PASSED] - Email = data.getValue("Email", row): null

2020-02-11 15:14:03 - [TEST_STEP][PASSED] - "--------------------------------": null

2020-02-11 15:14:03 - [TEST_STEP][PASSED] - "Read data from spreadsheet      |": null

2020-02-11 15:14:03 - [TEST_STEP][PASSED] - Actual_Page_Text = "": null

2020-02-11 15:14:03 - [TEST_STEP][PASSED] - Expected_Page_Text = "": null

2020-02-11 15:14:03 - [TEST_STEP][PASSED] - waitForPageLoad(60): Wait for page load successfully

2020-02-11 15:14:03 - [MESSAGE][PASSED] - Wait for page load successfully

2020-02-11 15:14:03 - [TEST_STEP][PASSED] - delay(1): Delayed 1 second(s)

2020-02-11 15:14:04 - [MESSAGE][PASSED] - Delayed 1 second(s)

2020-02-11 15:14:04 - [TEST_STEP][PASSED] - "---------------------------------------------------------------------------------------------------------------------": null

2020-02-11 15:14:04 - [TEST_STEP][PASSED] - "HEADER DETAIL - iFrame": null

2020-02-11 15:14:04 - [TEST_STEP][PASSED] - "-----------------": null

2020-02-11 15:14:04 - [TEST_STEP][PASSED] - "PAGE_HEADER TEXT |": null

2020-02-11 15:14:04 - [TEST_STEP][PASSED] - verifyTextPresent(findTestData("Data Files/Advance_Company_Search_Data").getValue("Page_Header_Text", row), false): Text 'BLOCKED DRAINS' is present on page 

2020-02-11 15:14:05 - [MESSAGE][PASSED] - Text 'BLOCKED DRAINS' is present on page 

2020-02-11 15:14:05 - [TEST_STEP][PASSED] - "----------------": null

2020-02-11 15:14:05 - [TEST_STEP][PASSED] - "Email Address   |": null

2020-02-11 15:14:05 - [TEST_STEP][PASSED] - verifyTextPresent(findTestData("Data Files/Advance_Company_Search_Data").getValue("Email", row), false): Text 'gordon@drainboss.co.uk' is present on page 

2020-02-11 15:14:05 - [MESSAGE][PASSED] - Text 'gordon@drainboss.co.uk' is present on page 

2020-02-11 15:14:05 - [TEST_STEP][PASSED] - "----------------": null

2020-02-11 15:14:05 - [TEST_STEP][PASSED] - "Phone Number    |": null

2020-02-11 15:14:05 - [TEST_STEP][PASSED] - verifyTextPresent(findTestData("Data Files/Advance_Company_Search_Data").getValue("Tel", row), false): Text '01444 657789' is present on page 

2020-02-11 15:14:06 - [MESSAGE][PASSED] - Text '01444 657789' is present on page 

2020-02-11 15:14:06 - [TEST_STEP][PASSED] - "----------------": null

2020-02-11 15:14:06 - [TEST_STEP][PASSED] - "Trader ID       |": null

2020-02-11 15:14:06 - [TEST_STEP][PASSED] - verifyTextPresent(findTestData("Data Files/Advance_Company_Search_Data").getValue("Trader_ID", row), false): Text '280592' is present on page 

2020-02-11 15:14:07 - [MESSAGE][PASSED] - Text '280592' is present on page 

2020-02-11 15:14:07 - [TEST_STEP][PASSED] - "----------------": null

2020-02-11 15:14:07 - [TEST_STEP][PASSED] - "Postcode        |": null

2020-02-11 15:14:07 - [TEST_STEP][PASSED] - verifyTextPresent(findTestData("Data Files/Advance_Company_Search_Data").getValue("Postcode", row), false): Text 'RH16 4ER' is present on page 

2020-02-11 15:14:07 - [MESSAGE][PASSED] - Text 'RH16 4ER' is present on page 

2020-02-11 15:14:07 - [TEST_STEP][PASSED] - "----------------": null

2020-02-11 15:14:07 - [TEST_STEP][PASSED] - "Full Name       |": null

2020-02-11 15:14:07 - [TEST_STEP][PASSED] - verifyTextPresent(findTestData("Data Files/Advance_Company_Search_Data").getValue("Full_Name", row), false): Text 'Mr Gordon Brown' is present on page 

2020-02-11 15:14:08 - [MESSAGE][PASSED] - Text 'Mr Gordon Brown' is present on page 

2020-02-11 15:14:08 - [TEST_STEP][PASSED] - "----------------": null

2020-02-11 15:14:08 - [TEST_STEP][PASSED] - "Date of Birth   |": null

2020-02-11 15:14:08 - [TEST_STEP][PASSED] - verifyTextPresent(findTestData("Data Files/Advance_Company_Search_Data").getValue("Owner_DOB", row), false): Text 'DoB: 23/01/1967' is present on page 

2020-02-11 15:14:09 - [MESSAGE][PASSED] - Text 'DoB: 23/01/1967' is present on page 

2020-02-11 15:14:09 - [TEST_STEP][PASSED] - "----------------": null

2020-02-11 15:14:09 - [TEST_STEP][PASSED] - "Full Address    |": null

2020-02-11 15:14:09 - [TEST_STEP][PASSED] - verifyTextPresent(findTestData("Data Files/Advance_Company_Search_Data").getValue("Full_Address", row), false): Text '2 Redwood Drive, Haywards Heath, West Sussex, RH16 4ER' is present on page 

2020-02-11 15:14:10 - [MESSAGE][PASSED] - Text '2 Redwood Drive, Haywards Heath, West Sussex, RH16 4ER' is present on page 

2020-02-11 15:14:10 - [MESSAGE][PASSED] - Call Test Case 'Test Cases/Reusable_Test_Sequences/Web_Office/Verification/Company_Returned_Advanced_Search_Record' successfully

2020-02-11 15:14:10 - [TEST_STEP][PASSED] - "--------------------------": null

2020-02-11 15:14:10 - [TEST_STEP][PASSED] - " Teardown - CLose Browser |": null

2020-02-11 15:14:10 - [TEST_STEP][PASSED] - callTestCase(findTestCase("Reusable_Test_Sequences/CAT_Teardown"), [:], OPTIONAL): Call Test Case 'Test Cases/Reusable_Test_Sequences/CAT_Teardown' successfully

2020-02-11 15:14:10 - [TEST_CASE][PASSED] - Test Cases/Reusable_Test_Sequences/CAT_Teardown: Test Cases/Reusable_Test_Sequences/CAT_Teardown

2020-02-11 15:14:10 - [TEST_STEP][PASSED] - closeBrowser(): Browser is closed

2020-02-11 15:14:12 - [MESSAGE][PASSED] - Browser is closed

2020-02-11 15:14:12 - [MESSAGE][PASSED] - Call Test Case 'Test Cases/Reusable_Test_Sequences/CAT_Teardown' successfully

2020-02-11 15:14:12 - [TEST_STEP][PASSED] - "--------------------------------------": null

2020-02-11 15:14:12 - [TEST_STEP][PASSED] - " Web Office StartUp                  |": null

2020-02-11 15:14:12 - [TEST_STEP][PASSED] - callTestCase(findTestCase("Reusable_Test_Sequences/Web_Office/Directives/WebOffice_StartUp"), [:], STOP_ON_FAILURE): Call Test Case 'Test Cases/Reusable_Test_Sequences/Web_Office/Directives/WebOffice_StartUp' successfully

2020-02-11 15:14:12 - [TEST_CASE][PASSED] - Test Cases/Reusable_Test_Sequences/Web_Office/Directives/WebOffice_StartUp: Test Cases/Reusable_Test_Sequences/Web_Office/Directives/WebOffice_StartUp

2020-02-11 15:14:12 - [TEST_STEP][PASSED] - if (URL == "https://www.preview.checkatrade.com/"): null

2020-02-11 15:14:12 - [TEST_STEP][PASSED] - WebOfficeURL = "https://admin.preview.checkatrade.com/": null

2020-02-11 15:14:12 - [TEST_STEP][PASSED] - if (URL == "https://www.checkatrade.com/"): null

2020-02-11 15:14:12 - [TEST_STEP][PASSED] - "Set Function Area for "URL_Handler", URL Resolution": null

2020-02-11 15:14:12 - [TEST_STEP][PASSED] - "Do Some Magic with URL(s) See the comments within URL Handler ": null

2020-02-11 15:14:12 - [TEST_STEP][PASSED] - "------------------------------------------------": null

2020-02-11 15:14:12 - [TEST_STEP][PASSED] - "Moved Login Credentials to <Default> profile 22/01/2020": null

2020-02-11 15:14:12 - [TEST_STEP][PASSED] - "------------------------------------------------": null

2020-02-11 15:14:12 - [TEST_STEP][PASSED] - "WebOfficeURL - Set from the ENVIRONMENT PROFILE ": null

2020-02-11 15:14:12 - [TEST_STEP][PASSED] - "OPEN BROWSER": null

2020-02-11 15:14:12 - [TEST_STEP][PASSED] - "eg - https://admin.preview.checkatrade.com/  ": null

2020-02-11 15:14:12 - [TEST_STEP][PASSED] - openBrowser(WebOfficeURL): Browser is opened with url: 'https://admin.preview.checkatrade.com/'

2020-02-11 15:14:12 - [MESSAGE][INFO] - Starting 'Chrome' driver

2020-02-11 15:14:20 - [MESSAGE][PASSED] - Browser is opened with url: 'https://admin.preview.checkatrade.com/'

2020-02-11 15:14:20 - [TEST_STEP][PASSED] - maximizeWindow(): Current window maximized

2020-02-11 15:14:24 - [MESSAGE][PASSED] - Current window maximized

2020-02-11 15:14:24 - [TEST_STEP][PASSED] - waitForElementClickable(findTestObject("Object Repository/WebOffice/Page_Checkatrade - Administration - Login/Login_Button"), 25): Object 'Object Repository/WebOffice/Page_Checkatrade - Administration - Login/Login_Button' is clickable

2020-02-11 15:14:24 - [MESSAGE][PASSED] - Object 'Object Repository/WebOffice/Page_Checkatrade - Administration - Login/Login_Button' is clickable

2020-02-11 15:14:24 - [TEST_STEP][PASSED] - verifyTextPresent("Checkatrade Web Office", false): Text 'Checkatrade Web Office' is present on page 

2020-02-11 15:14:24 - [MESSAGE][PASSED] - Text 'Checkatrade Web Office' is present on page 

2020-02-11 15:14:24 - [TEST_STEP][PASSED] - verifyTextPresent("Access for staff use only", false): Text 'Access for staff use only' is present on page 

2020-02-11 15:14:24 - [MESSAGE][PASSED] - Text 'Access for staff use only' is present on page 

2020-02-11 15:14:24 - [TEST_STEP][PASSED] - verifyTextPresent("Forgotten password?", false): Text 'Forgotten password?' is present on page 

2020-02-11 15:14:24 - [MESSAGE][PASSED] - Text 'Forgotten password?' is present on page 

2020-02-11 15:14:24 - [TEST_STEP][PASSED] - setText(findTestObject("Object Repository/WebOffice/Page_Checkatrade - Administration - Login/input_Username_LoginControlUserName"), wo_Username): Text 'DavidHo' is set on object 'Object Repository/WebOffice/Page_Checkatrade - Administration - Login/input_Username_LoginControlUserName'

2020-02-11 15:14:24 - [MESSAGE][PASSED] - Text 'DavidHo' is set on object 'Object Repository/WebOffice/Page_Checkatrade - Administration - Login/input_Username_LoginControlUserName'

2020-02-11 15:14:24 - [TEST_STEP][PASSED] - setText(findTestObject("Object Repository/WebOffice/Page_Checkatrade - Administration - Login/input_Password_LoginControlPassword"), wo_Password): Text 'Check123' is set on object 'Object Repository/WebOffice/Page_Checkatrade - Administration - Login/input_Password_LoginControlPassword'

2020-02-11 15:14:25 - [MESSAGE][PASSED] - Text 'Check123' is set on object 'Object Repository/WebOffice/Page_Checkatrade - Administration - Login/input_Password_LoginControlPassword'

2020-02-11 15:14:25 - [TEST_STEP][PASSED] - click(findTestObject("Object Repository/WebOffice/Page_Checkatrade - Administration - Login/Login_Button")): Object: 'Object Repository/WebOffice/Page_Checkatrade - Administration - Login/Login_Button' is clicked on

2020-02-11 15:14:26 - [MESSAGE][PASSED] - Object: 'Object Repository/WebOffice/Page_Checkatrade - Administration - Login/Login_Button' is clicked on

2020-02-11 15:14:26 - [TEST_STEP][PASSED] - waitForPageLoad(60): Wait for page load successfully

2020-02-11 15:14:26 - [MESSAGE][PASSED] - Wait for page load successfully

2020-02-11 15:14:26 - [TEST_STEP][PASSED] - verifyTextPresent("Welcome " + wo_Username, false): Text 'Welcome DavidHo' is present on page 

2020-02-11 15:14:26 - [MESSAGE][PASSED] - Text 'Welcome DavidHo' is present on page 

2020-02-11 15:14:26 - [MESSAGE][PASSED] - Call Test Case 'Test Cases/Reusable_Test_Sequences/Web_Office/Directives/WebOffice_StartUp' successfully

2020-02-11 15:14:26 - [TEST_STEP][PASSED] - "--------------------------------------": null

2020-02-11 15:14:26 - [TEST_STEP][PASSED] - " Navigate to <Companies> Menu Item    |": null

2020-02-11 15:14:26 - [TEST_STEP][PASSED] - callTestCase(findTestCase("Reusable_Test_Sequences/Web_Office/navigation/Navigate_Advanced_Company_Search"), [:], STOP_ON_FAILURE): Call Test Case 'Test Cases/Reusable_Test_Sequences/Web_Office/navigation/Navigate_Advanced_Company_Search' successfully

2020-02-11 15:14:26 - [TEST_CASE][PASSED] - Test Cases/Reusable_Test_Sequences/Web_Office/navigation/Navigate_Advanced_Company_Search: Test Cases/Reusable_Test_Sequences/Web_Office/navigation/Navigate_Advanced_Company_Search

2020-02-11 15:14:26 - [TEST_STEP][PASSED] - "--------------------------------------": null

2020-02-11 15:14:26 - [TEST_STEP][PASSED] - " Navigate Top level menu Item         |": null

2020-02-11 15:14:26 - [TEST_STEP][PASSED] - waitForPageLoad(60): Wait for page load successfully

2020-02-11 15:14:26 - [MESSAGE][PASSED] - Wait for page load successfully

2020-02-11 15:14:26 - [TEST_STEP][PASSED] - waitForElementClickable(findTestObject("Object Repository/WebOffice_Home_page/a_Companies"), 60): Object 'Object Repository/WebOffice_Home_page/a_Companies' is clickable

2020-02-11 15:14:26 - [MESSAGE][PASSED] - Object 'Object Repository/WebOffice_Home_page/a_Companies' is clickable

2020-02-11 15:14:26 - [TEST_STEP][PASSED] - mouseOver(findTestObject("Object Repository/WebOffice_Home_page/a_Companies")): Object: 'Object Repository/WebOffice_Home_page/a_Companies' is hovered

2020-02-11 15:14:27 - [MESSAGE][PASSED] - Object: 'Object Repository/WebOffice_Home_page/a_Companies' is hovered

2020-02-11 15:14:27 - [TEST_STEP][PASSED] - waitForElementClickable(findTestObject("Object Repository/WebOffice_Home_page/a_Company_Advanced_Search"), 1): Object 'Object Repository/WebOffice_Home_page/a_Company_Advanced_Search' is clickable

2020-02-11 15:14:27 - [MESSAGE][PASSED] - Object 'Object Repository/WebOffice_Home_page/a_Company_Advanced_Search' is clickable

2020-02-11 15:14:27 - [TEST_STEP][PASSED] - click(findTestObject("Object Repository/WebOffice_Home_page/a_Company_Advanced_Search")): Object: 'Object Repository/WebOffice_Home_page/a_Company_Advanced_Search' is clicked on

2020-02-11 15:14:29 - [MESSAGE][PASSED] - Object: 'Object Repository/WebOffice_Home_page/a_Company_Advanced_Search' is clicked on

2020-02-11 15:14:29 - [MESSAGE][PASSED] - Call Test Case 'Test Cases/Reusable_Test_Sequences/Web_Office/navigation/Navigate_Advanced_Company_Search' successfully

2020-02-11 15:14:29 - [TEST_STEP][PASSED] - "--------------------------------------": null

2020-02-11 15:14:29 - [TEST_STEP][PASSED] - " LH Pane  - Apply Search Criteria     |": null

2020-02-11 15:14:29 - [TEST_STEP][PASSED] - callTestCase(findTestCase("Reusable_Test_Sequences/Web_Office/Actions/Set_Advanced_Company_Data"), [:], STOP_ON_FAILURE): Call Test Case 'Test Cases/Reusable_Test_Sequences/Web_Office/Actions/Set_Advanced_Company_Data' successfully

2020-02-11 15:14:30 - [TEST_CASE][PASSED] - Test Cases/Reusable_Test_Sequences/Web_Office/Actions/Set_Advanced_Company_Data: Test Cases/Reusable_Test_Sequences/Web_Office/Actions/Set_Advanced_Company_Data

2020-02-11 15:14:30 - [TEST_STEP][PASSED] - "--------------------------------": null

2020-02-11 15:14:30 - [TEST_STEP][PASSED] - "Read data from spreadsheet      |": null

2020-02-11 15:14:30 - [TEST_STEP][PASSED] - data = findTestData("Data Files/Advance_Company_Search_Data"): null

2020-02-11 15:14:30 - [TEST_STEP][PASSED] - Trader_ID = data.getValue("Trader_ID", row): null

2020-02-11 15:14:30 - [TEST_STEP][PASSED] - Limited_Company_Number = data.getValue("Limited_Company_Number", row): null

2020-02-11 15:14:30 - [TEST_STEP][PASSED] - Company_Name = data.getValue("Company_Name", row): null

2020-02-11 15:14:30 - [TEST_STEP][PASSED] - Owner_Surname = data.getValue("Owner_Surname", row): null

2020-02-11 15:14:30 - [TEST_STEP][PASSED] - Owner_DOB = data.getValue("Owner_DOB", row): null

2020-02-11 15:14:30 - [TEST_STEP][PASSED] - Name_House = data.getValue("Name_House", row): null

2020-02-11 15:14:30 - [TEST_STEP][PASSED] - Number_Street = data.getValue("Number_Street", row): null

2020-02-11 15:14:30 - [TEST_STEP][PASSED] - Town = data.getValue("Town", row): null

2020-02-11 15:14:30 - [TEST_STEP][PASSED] - City = data.getValue("City", row): null

2020-02-11 15:14:30 - [TEST_STEP][PASSED] - County = data.getValue("County", row): null

2020-02-11 15:14:30 - [TEST_STEP][PASSED] - Postcode = data.getValue("Postcode", row): null

2020-02-11 15:14:30 - [TEST_STEP][PASSED] - Tel = data.getValue("Tel", row): null

2020-02-11 15:14:30 - [TEST_STEP][PASSED] - Email = data.getValue("Email", row): null

2020-02-11 15:14:30 - [TEST_STEP][PASSED] - "slack": null

2020-02-11 15:14:30 - [TEST_STEP][PASSED] - "--------------------------------": null

2020-02-11 15:14:30 - [TEST_STEP][PASSED] - " Synchronisation                |": null

2020-02-11 15:14:30 - [TEST_STEP][PASSED] - waitForPageLoad(60): Wait for page load successfully

2020-02-11 15:14:30 - [MESSAGE][PASSED] - Wait for page load successfully

2020-02-11 15:14:30 - [TEST_STEP][PASSED] - waitForElementVisible(findTestObject("Web_Office_Advanced_Company_Search/Page_/input_Clear_ctl00ctl00CP1ctlSearchbtnSearch"), 60): Object 'Object Repository/Web_Office_Advanced_Company_Search/Page_/input_Clear_ctl00ctl00CP1ctlSearchbtnSearch' is visible

2020-02-11 15:14:31 - [MESSAGE][PASSED] - Object 'Object Repository/Web_Office_Advanced_Company_Search/Page_/input_Clear_ctl00ctl00CP1ctlSearchbtnSearch' is visible

2020-02-11 15:14:31 - [TEST_STEP][PASSED] - "https://admin.preview.checkatrade.com/Companies/Search.aspx": null

2020-02-11 15:14:31 - [TEST_STEP][PASSED] - "-------------------------------------------------------------------------------------------------------------------------------------": null

2020-02-11 15:14:31 - [TEST_STEP][PASSED] - setText(findTestObject("Web_Office_Advanced_Company_Search/Page_/table_Trader ID"), Trader_ID): Text '280592' is set on object 'Object Repository/Web_Office_Advanced_Company_Search/Page_/table_Trader ID'

2020-02-11 15:14:31 - [MESSAGE][PASSED] - Text '280592' is set on object 'Object Repository/Web_Office_Advanced_Company_Search/Page_/table_Trader ID'

2020-02-11 15:14:31 - [TEST_STEP][PASSED] - "-------------------------------------------------------------------------------------------------------------------------------------": null

2020-02-11 15:14:31 - [TEST_STEP][PASSED] - setText(findTestObject("Web_Office_Advanced_Company_Search/Page_/input_Limited Company Number"), Limited_Company_Number): Text '' is set on object 'Object Repository/Web_Office_Advanced_Company_Search/Page_/input_Limited Company Number'

2020-02-11 15:14:32 - [MESSAGE][PASSED] - Text '' is set on object 'Object Repository/Web_Office_Advanced_Company_Search/Page_/input_Limited Company Number'

2020-02-11 15:14:32 - [TEST_STEP][PASSED] - "-------------------------------------------------------------------------------------------------------------------------------------": null

2020-02-11 15:14:32 - [TEST_STEP][PASSED] - setText(findTestObject("Web_Office_Advanced_Company_Search/Page_/input_Company Name"), Company_Name): Text '' is set on object 'Object Repository/Web_Office_Advanced_Company_Search/Page_/input_Company Name'

2020-02-11 15:14:32 - [MESSAGE][PASSED] - Text '' is set on object 'Object Repository/Web_Office_Advanced_Company_Search/Page_/input_Company Name'

2020-02-11 15:14:32 - [TEST_STEP][PASSED] - "-------------------------------------------------------------------------------------------------------------------------------------": null

2020-02-11 15:14:32 - [TEST_STEP][PASSED] - "Set Owner_Date of Birth": null

2020-02-11 15:14:32 - [TEST_STEP][PASSED] - "-------------------------------------------------------------------------------------------------------------------------------------": null

2020-02-11 15:14:32 - [TEST_STEP][PASSED] - setText(findTestObject("Web_Office_Advanced_Company_Search/Page_/input_Owner Surname"), Owner_Surname): Text '' is set on object 'Object Repository/Web_Office_Advanced_Company_Search/Page_/input_Owner Surname'

2020-02-11 15:14:32 - [MESSAGE][PASSED] - Text '' is set on object 'Object Repository/Web_Office_Advanced_Company_Search/Page_/input_Owner Surname'

2020-02-11 15:14:32 - [TEST_STEP][PASSED] - "-------------------------------------------------------------------------------------------------------------------------------------": null

2020-02-11 15:14:32 - [TEST_STEP][PASSED] - setText(findTestObject("Web_Office_Advanced_Company_Search/Page_/input_Name Of House"), Name_House): Text '' is set on object 'Object Repository/Web_Office_Advanced_Company_Search/Page_/input_Name Of House'

2020-02-11 15:14:32 - [MESSAGE][PASSED] - Text '' is set on object 'Object Repository/Web_Office_Advanced_Company_Search/Page_/input_Name Of House'

2020-02-11 15:14:32 - [TEST_STEP][PASSED] - "-------------------------------------------------------------------------------------------------------------------------------------": null

2020-02-11 15:14:32 - [TEST_STEP][PASSED] - "Set Street": null

2020-02-11 15:14:32 - [TEST_STEP][PASSED] - "-------------------------------------------------------------------------------------------------------------------------------------": null

2020-02-11 15:14:32 - [TEST_STEP][PASSED] - setText(findTestObject("Web_Office_Advanced_Company_Search/Page_/input_Town"), Town): Text '' is set on object 'Object Repository/Web_Office_Advanced_Company_Search/Page_/input_Town'

2020-02-11 15:14:33 - [MESSAGE][PASSED] - Text '' is set on object 'Object Repository/Web_Office_Advanced_Company_Search/Page_/input_Town'

2020-02-11 15:14:33 - [TEST_STEP][PASSED] - "-------------------------------------------------------------------------------------------------------------------------------------": null

2020-02-11 15:14:33 - [TEST_STEP][PASSED] - setText(findTestObject("Web_Office_Advanced_Company_Search/Page_/input_City"), City): Text '' is set on object 'Object Repository/Web_Office_Advanced_Company_Search/Page_/input_City'

2020-02-11 15:14:33 - [MESSAGE][PASSED] - Text '' is set on object 'Object Repository/Web_Office_Advanced_Company_Search/Page_/input_City'

2020-02-11 15:14:33 - [TEST_STEP][PASSED] - "-------------------------------------------------------------------------------------------------------------------------------------": null

2020-02-11 15:14:33 - [TEST_STEP][PASSED] - setText(findTestObject("Web_Office_Advanced_Company_Search/Page_/input_County"), County): Text '' is set on object 'Object Repository/Web_Office_Advanced_Company_Search/Page_/input_County'

2020-02-11 15:14:33 - [MESSAGE][PASSED] - Text '' is set on object 'Object Repository/Web_Office_Advanced_Company_Search/Page_/input_County'

2020-02-11 15:14:33 - [TEST_STEP][PASSED] - "-------------------------------------------------------------------------------------------------------------------------------------": null

2020-02-11 15:14:33 - [TEST_STEP][PASSED] - setText(findTestObject("Web_Office_Advanced_Company_Search/Page_/input_Postcode"), Postcode): Text '' is set on object 'Object Repository/Web_Office_Advanced_Company_Search/Page_/input_Postcode'

2020-02-11 15:14:33 - [MESSAGE][PASSED] - Text '' is set on object 'Object Repository/Web_Office_Advanced_Company_Search/Page_/input_Postcode'

2020-02-11 15:14:33 - [TEST_STEP][PASSED] - "-------------------------------------------------------------------------------------------------------------------------------------": null

2020-02-11 15:14:33 - [TEST_STEP][PASSED] - setText(findTestObject("Web_Office_Advanced_Company_Search/Page_/input_Telephone"), Tel): Text '' is set on object 'Object Repository/Web_Office_Advanced_Company_Search/Page_/input_Telephone'

2020-02-11 15:14:33 - [MESSAGE][PASSED] - Text '' is set on object 'Object Repository/Web_Office_Advanced_Company_Search/Page_/input_Telephone'

2020-02-11 15:14:33 - [TEST_STEP][PASSED] - "-------------------------------------------------------------------------------------------------------------------------------------": null

2020-02-11 15:14:33 - [TEST_STEP][PASSED] - setText(findTestObject("Web_Office_Advanced_Company_Search/Page_/input_Email"), Email): Text '' is set on object 'Object Repository/Web_Office_Advanced_Company_Search/Page_/input_Email'

2020-02-11 15:14:34 - [MESSAGE][PASSED] - Text '' is set on object 'Object Repository/Web_Office_Advanced_Company_Search/Page_/input_Email'

2020-02-11 15:14:34 - [TEST_STEP][PASSED] - "Set Status": null

2020-02-11 15:14:34 - [TEST_STEP][PASSED] - "-------------------------------------------------------------------------------------------------------------------------------------": null

2020-02-11 15:14:34 - [TEST_STEP][PASSED] - "Status 3 Options": null

2020-02-11 15:14:34 - [TEST_STEP][PASSED] - "-------------------------------------------------------------------------------------------------------------------------------------": null

2020-02-11 15:14:34 - [TEST_STEP][PASSED] - "Set Type": null

2020-02-11 15:14:34 - [TEST_STEP][PASSED] - "-------------------------------------------------------------------------------------------------------------------------------------": null

2020-02-11 15:14:34 - [TEST_STEP][PASSED] - "Type 3 Options": null

2020-02-11 15:14:34 - [TEST_STEP][PASSED] - "-------------------------------------------------------------------------------------------------------------------------------------": null

2020-02-11 15:14:34 - [TEST_STEP][PASSED] - scrollToPosition(0, 0): Browser is scrolled to position x = 0, y = 0

2020-02-11 15:14:34 - [MESSAGE][PASSED] - Browser is scrolled to position x = 0, y = 0

2020-02-11 15:14:34 - [TEST_STEP][PASSED] - waitForElementClickable(findTestObject("Web_Office_Advanced_Company_Search/Page_/Top_Search_Button"), 5): Object 'Object Repository/Web_Office_Advanced_Company_Search/Page_/Top_Search_Button' is clickable

2020-02-11 15:14:34 - [MESSAGE][PASSED] - Object 'Object Repository/Web_Office_Advanced_Company_Search/Page_/Top_Search_Button' is clickable

2020-02-11 15:14:34 - [TEST_STEP][PASSED] - click(findTestObject("Web_Office_Advanced_Company_Search/Page_/Top_Search_Button")): Object: 'Object Repository/Web_Office_Advanced_Company_Search/Page_/Top_Search_Button' is clicked on

2020-02-11 15:14:37 - [MESSAGE][PASSED] - Object: 'Object Repository/Web_Office_Advanced_Company_Search/Page_/Top_Search_Button' is clicked on

2020-02-11 15:14:37 - [MESSAGE][PASSED] - Call Test Case 'Test Cases/Reusable_Test_Sequences/Web_Office/Actions/Set_Advanced_Company_Data' successfully

2020-02-11 15:14:37 - [TEST_STEP][PASSED] - "--------------------------------------": null

2020-02-11 15:14:37 - [TEST_STEP][PASSED] - " Select Returned Record to Verify     |": null

2020-02-11 15:14:37 - [TEST_STEP][PASSED] - callTestCase(findTestCase("Reusable_Test_Sequences/Web_Office/Actions/Select_Company"), [:], OPTIONAL): Call Test Case 'Test Cases/Reusable_Test_Sequences/Web_Office/Actions/Select_Company' successfully

2020-02-11 15:14:37 - [TEST_CASE][PASSED] - Test Cases/Reusable_Test_Sequences/Web_Office/Actions/Select_Company: Test Cases/Reusable_Test_Sequences/Web_Office/Actions/Select_Company

2020-02-11 15:14:37 - [TEST_STEP][PASSED] - waitForPageLoad(60): Wait for page load successfully

2020-02-11 15:14:37 - [MESSAGE][PASSED] - Wait for page load successfully

2020-02-11 15:14:37 - [TEST_STEP][PASSED] - waitForElementClickable(findTestObject("Web_Office_Advanced_Company_Search/Page_/td_Returned_Company"), 5): Object 'Object Repository/Web_Office_Advanced_Company_Search/Page_/td_Returned_Company' is clickable

2020-02-11 15:14:37 - [MESSAGE][PASSED] - Object 'Object Repository/Web_Office_Advanced_Company_Search/Page_/td_Returned_Company' is clickable

2020-02-11 15:14:37 - [TEST_STEP][PASSED] - "-------------------------------------------------------------------------------------------------------------------------------------": null

2020-02-11 15:14:37 - [TEST_STEP][PASSED] - click(findTestObject("Web_Office_Advanced_Company_Search/Page_/td_Returned_Company")): Object: 'Object Repository/Web_Office_Advanced_Company_Search/Page_/td_Returned_Company' is clicked on

2020-02-11 15:14:40 - [MESSAGE][PASSED] - Object: 'Object Repository/Web_Office_Advanced_Company_Search/Page_/td_Returned_Company' is clicked on

2020-02-11 15:14:40 - [MESSAGE][PASSED] - Call Test Case 'Test Cases/Reusable_Test_Sequences/Web_Office/Actions/Select_Company' successfully

2020-02-11 15:14:40 - [TEST_STEP][PASSED] - "--------------------------------------": null

2020-02-11 15:14:40 - [TEST_STEP][PASSED] - " Verify Returned Company Record       |": null

2020-02-11 15:14:40 - [TEST_STEP][PASSED] - callTestCase(findTestCase("Reusable_Test_Sequences/Web_Office/Verification/Company_Returned_Advanced_Search_Record"), [:], OPTIONAL): Call Test Case 'Test Cases/Reusable_Test_Sequences/Web_Office/Verification/Company_Returned_Advanced_Search_Record' successfully

2020-02-11 15:14:40 - [TEST_CASE][PASSED] - Test Cases/Reusable_Test_Sequences/Web_Office/Verification/Company_Returned_Advanced_Search_Record: Test Cases/Reusable_Test_Sequences/Web_Office/Verification/Company_Returned_Advanced_Search_Record

2020-02-11 15:14:40 - [TEST_STEP][PASSED] - "--------------------------------": null

2020-02-11 15:14:40 - [TEST_STEP][PASSED] - "Read data from spreadsheet      | r_ = Returned Data": null

2020-02-11 15:14:40 - [TEST_STEP][PASSED] - data = findTestData("Data Files/Advance_Company_Search_Data"): null

2020-02-11 15:14:40 - [TEST_STEP][PASSED] - Trader_ID = data.getValue("Trader_ID", row): null

2020-02-11 15:14:40 - [TEST_STEP][PASSED] - Limited_Company_Number = data.getValue("Limited_Company_Number", row): null

2020-02-11 15:14:40 - [TEST_STEP][PASSED] - Company_Name = data.getValue("Company_Name", row): null

2020-02-11 15:14:40 - [TEST_STEP][PASSED] - Owner_Surname = data.getValue("Owner_Surname", row): null

2020-02-11 15:14:40 - [TEST_STEP][PASSED] - Owner_DOB = data.getValue("Owner_DOB", row): null

2020-02-11 15:14:40 - [TEST_STEP][PASSED] - Name_House = data.getValue("Name_House", row): null

2020-02-11 15:14:40 - [TEST_STEP][PASSED] - Number_Street = data.getValue("Number_Street", row): null

2020-02-11 15:14:40 - [TEST_STEP][PASSED] - Town = data.getValue("Town", row): null

2020-02-11 15:14:40 - [TEST_STEP][PASSED] - City = data.getValue("City", row): null

2020-02-11 15:14:40 - [TEST_STEP][PASSED] - County = data.getValue("County", row): null

2020-02-11 15:14:40 - [TEST_STEP][PASSED] - Postcode = data.getValue("Postcode", row): null

2020-02-11 15:14:40 - [TEST_STEP][PASSED] - Tel = data.getValue("Tel", row): null

2020-02-11 15:14:40 - [TEST_STEP][PASSED] - Email = data.getValue("Email", row): null

2020-02-11 15:14:40 - [TEST_STEP][PASSED] - "--------------------------------": null

2020-02-11 15:14:40 - [TEST_STEP][PASSED] - "Read data from spreadsheet      |": null

2020-02-11 15:14:40 - [TEST_STEP][PASSED] - Actual_Page_Text = "": null

2020-02-11 15:14:40 - [TEST_STEP][PASSED] - Expected_Page_Text = "": null

2020-02-11 15:14:40 - [TEST_STEP][PASSED] - waitForPageLoad(60): Wait for page load successfully

2020-02-11 15:14:40 - [MESSAGE][PASSED] - Wait for page load successfully

2020-02-11 15:14:40 - [TEST_STEP][PASSED] - delay(1): Delayed 1 second(s)

2020-02-11 15:14:41 - [MESSAGE][PASSED] - Delayed 1 second(s)

2020-02-11 15:14:41 - [TEST_STEP][PASSED] - "---------------------------------------------------------------------------------------------------------------------": null

2020-02-11 15:14:41 - [TEST_STEP][PASSED] - "HEADER DETAIL - iFrame": null

2020-02-11 15:14:41 - [TEST_STEP][PASSED] - "-----------------": null

2020-02-11 15:14:41 - [TEST_STEP][PASSED] - "PAGE_HEADER TEXT |": null

2020-02-11 15:14:41 - [TEST_STEP][PASSED] - verifyTextPresent(findTestData("Data Files/Advance_Company_Search_Data").getValue("Page_Header_Text", row), false): Text 'BLOCKED DRAINS' is present on page 

2020-02-11 15:14:42 - [MESSAGE][PASSED] - Text 'BLOCKED DRAINS' is present on page 

2020-02-11 15:14:42 - [TEST_STEP][PASSED] - "----------------": null

2020-02-11 15:14:42 - [TEST_STEP][PASSED] - "Email Address   |": null

2020-02-11 15:14:42 - [TEST_STEP][PASSED] - verifyTextPresent(findTestData("Data Files/Advance_Company_Search_Data").getValue("Email", row), false): Text '' is present on page 

2020-02-11 15:14:42 - [MESSAGE][PASSED] - Text '' is present on page 

2020-02-11 15:14:42 - [TEST_STEP][PASSED] - "----------------": null

2020-02-11 15:14:42 - [TEST_STEP][PASSED] - "Phone Number    |": null

2020-02-11 15:14:42 - [TEST_STEP][PASSED] - verifyTextPresent(findTestData("Data Files/Advance_Company_Search_Data").getValue("Tel", row), false): Text '' is present on page 

2020-02-11 15:14:43 - [MESSAGE][PASSED] - Text '' is present on page 

2020-02-11 15:14:43 - [TEST_STEP][PASSED] - "----------------": null

2020-02-11 15:14:43 - [TEST_STEP][PASSED] - "Trader ID       |": null

2020-02-11 15:14:43 - [TEST_STEP][PASSED] - verifyTextPresent(findTestData("Data Files/Advance_Company_Search_Data").getValue("Trader_ID", row), false): Text '280592' is present on page 

2020-02-11 15:14:44 - [MESSAGE][PASSED] - Text '280592' is present on page 

2020-02-11 15:14:44 - [TEST_STEP][PASSED] - "----------------": null

2020-02-11 15:14:44 - [TEST_STEP][PASSED] - "Postcode        |": null

2020-02-11 15:14:44 - [TEST_STEP][PASSED] - verifyTextPresent(findTestData("Data Files/Advance_Company_Search_Data").getValue("Postcode", row), false): Text '' is present on page 

2020-02-11 15:14:44 - [MESSAGE][PASSED] - Text '' is present on page 

2020-02-11 15:14:44 - [TEST_STEP][PASSED] - "----------------": null

2020-02-11 15:14:44 - [TEST_STEP][PASSED] - "Full Name       |": null

2020-02-11 15:14:44 - [TEST_STEP][PASSED] - verifyTextPresent(findTestData("Data Files/Advance_Company_Search_Data").getValue("Full_Name", row), false): Text '2 Redwood Drive, Haywards Heath, West Sussex, RH16 4ER' is present on page 

2020-02-11 15:14:45 - [MESSAGE][PASSED] - Text '2 Redwood Drive, Haywards Heath, West Sussex, RH16 4ER' is present on page 

2020-02-11 15:14:45 - [TEST_STEP][PASSED] - "----------------": null

2020-02-11 15:14:45 - [TEST_STEP][PASSED] - "Date of Birth   |": null

2020-02-11 15:14:45 - [TEST_STEP][PASSED] - verifyTextPresent(findTestData("Data Files/Advance_Company_Search_Data").getValue("Owner_DOB", row), false): Text '' is present on page 

2020-02-11 15:14:46 - [MESSAGE][PASSED] - Text '' is present on page 

2020-02-11 15:14:46 - [TEST_STEP][PASSED] - "----------------": null

2020-02-11 15:14:46 - [TEST_STEP][PASSED] - "Full Address    |": null

2020-02-11 15:14:46 - [TEST_STEP][PASSED] - verifyTextPresent(findTestData("Data Files/Advance_Company_Search_Data").getValue("Full_Address", row), false): Text '2 Redwood Drive, Haywards Heath, West Sussex, RH16 4ER' is present on page 

2020-02-11 15:14:47 - [MESSAGE][PASSED] - Text '2 Redwood Drive, Haywards Heath, West Sussex, RH16 4ER' is present on page 

2020-02-11 15:14:47 - [MESSAGE][PASSED] - Call Test Case 'Test Cases/Reusable_Test_Sequences/Web_Office/Verification/Company_Returned_Advanced_Search_Record' successfully

2020-02-11 15:14:47 - [TEST_STEP][PASSED] - "--------------------------": null

2020-02-11 15:14:47 - [TEST_STEP][PASSED] - " Teardown - CLose Browser |": null

2020-02-11 15:14:47 - [TEST_STEP][PASSED] - callTestCase(findTestCase("Reusable_Test_Sequences/CAT_Teardown"), [:], OPTIONAL): Call Test Case 'Test Cases/Reusable_Test_Sequences/CAT_Teardown' successfully

2020-02-11 15:14:47 - [TEST_CASE][PASSED] - Test Cases/Reusable_Test_Sequences/CAT_Teardown: Test Cases/Reusable_Test_Sequences/CAT_Teardown

2020-02-11 15:14:47 - [TEST_STEP][PASSED] - closeBrowser(): Browser is closed

2020-02-11 15:14:48 - [MESSAGE][PASSED] - Browser is closed

2020-02-11 15:14:48 - [MESSAGE][PASSED] - Call Test Case 'Test Cases/Reusable_Test_Sequences/CAT_Teardown' successfully

2020-02-11 15:14:48 - [TEST_STEP][PASSED] - "--------------------------------------": null

2020-02-11 15:14:48 - [TEST_STEP][PASSED] - " Web Office StartUp                  |": null

2020-02-11 15:14:48 - [TEST_STEP][PASSED] - callTestCase(findTestCase("Reusable_Test_Sequences/Web_Office/Directives/WebOffice_StartUp"), [:], STOP_ON_FAILURE): Call Test Case 'Test Cases/Reusable_Test_Sequences/Web_Office/Directives/WebOffice_StartUp' successfully

2020-02-11 15:14:48 - [TEST_CASE][PASSED] - Test Cases/Reusable_Test_Sequences/Web_Office/Directives/WebOffice_StartUp: Test Cases/Reusable_Test_Sequences/Web_Office/Directives/WebOffice_StartUp

2020-02-11 15:14:48 - [TEST_STEP][PASSED] - if (URL == "https://www.preview.checkatrade.com/"): null

2020-02-11 15:14:48 - [TEST_STEP][PASSED] - WebOfficeURL = "https://admin.preview.checkatrade.com/": null

2020-02-11 15:14:48 - [TEST_STEP][PASSED] - if (URL == "https://www.checkatrade.com/"): null

2020-02-11 15:14:48 - [TEST_STEP][PASSED] - "Set Function Area for "URL_Handler", URL Resolution": null

2020-02-11 15:14:48 - [TEST_STEP][PASSED] - "Do Some Magic with URL(s) See the comments within URL Handler ": null

2020-02-11 15:14:48 - [TEST_STEP][PASSED] - "------------------------------------------------": null

2020-02-11 15:14:48 - [TEST_STEP][PASSED] - "Moved Login Credentials to <Default> profile 22/01/2020": null

2020-02-11 15:14:48 - [TEST_STEP][PASSED] - "------------------------------------------------": null

2020-02-11 15:14:48 - [TEST_STEP][PASSED] - "WebOfficeURL - Set from the ENVIRONMENT PROFILE ": null

2020-02-11 15:14:48 - [TEST_STEP][PASSED] - "OPEN BROWSER": null

2020-02-11 15:14:48 - [TEST_STEP][PASSED] - "eg - https://admin.preview.checkatrade.com/  ": null

2020-02-11 15:14:48 - [TEST_STEP][PASSED] - openBrowser(WebOfficeURL): Browser is opened with url: 'https://admin.preview.checkatrade.com/'

2020-02-11 15:14:48 - [MESSAGE][INFO] - Starting 'Chrome' driver

2020-02-11 15:14:54 - [MESSAGE][PASSED] - Browser is opened with url: 'https://admin.preview.checkatrade.com/'

2020-02-11 15:14:54 - [TEST_STEP][PASSED] - maximizeWindow(): Current window maximized

2020-02-11 15:14:59 - [MESSAGE][PASSED] - Current window maximized

2020-02-11 15:14:59 - [TEST_STEP][PASSED] - waitForElementClickable(findTestObject("Object Repository/WebOffice/Page_Checkatrade - Administration - Login/Login_Button"), 25): Object 'Object Repository/WebOffice/Page_Checkatrade - Administration - Login/Login_Button' is clickable

2020-02-11 15:14:59 - [MESSAGE][PASSED] - Object 'Object Repository/WebOffice/Page_Checkatrade - Administration - Login/Login_Button' is clickable

2020-02-11 15:14:59 - [TEST_STEP][PASSED] - verifyTextPresent("Checkatrade Web Office", false): Text 'Checkatrade Web Office' is present on page 

2020-02-11 15:14:59 - [MESSAGE][PASSED] - Text 'Checkatrade Web Office' is present on page 

2020-02-11 15:14:59 - [TEST_STEP][PASSED] - verifyTextPresent("Access for staff use only", false): Text 'Access for staff use only' is present on page 

2020-02-11 15:14:59 - [MESSAGE][PASSED] - Text 'Access for staff use only' is present on page 

2020-02-11 15:14:59 - [TEST_STEP][PASSED] - verifyTextPresent("Forgotten password?", false): Text 'Forgotten password?' is present on page 

2020-02-11 15:14:59 - [MESSAGE][PASSED] - Text 'Forgotten password?' is present on page 

2020-02-11 15:14:59 - [TEST_STEP][PASSED] - setText(findTestObject("Object Repository/WebOffice/Page_Checkatrade - Administration - Login/input_Username_LoginControlUserName"), wo_Username): Text 'DavidHo' is set on object 'Object Repository/WebOffice/Page_Checkatrade - Administration - Login/input_Username_LoginControlUserName'

2020-02-11 15:15:00 - [MESSAGE][PASSED] - Text 'DavidHo' is set on object 'Object Repository/WebOffice/Page_Checkatrade - Administration - Login/input_Username_LoginControlUserName'

2020-02-11 15:15:00 - [TEST_STEP][PASSED] - setText(findTestObject("Object Repository/WebOffice/Page_Checkatrade - Administration - Login/input_Password_LoginControlPassword"), wo_Password): Text 'Check123' is set on object 'Object Repository/WebOffice/Page_Checkatrade - Administration - Login/input_Password_LoginControlPassword'

2020-02-11 15:15:00 - [MESSAGE][PASSED] - Text 'Check123' is set on object 'Object Repository/WebOffice/Page_Checkatrade - Administration - Login/input_Password_LoginControlPassword'

2020-02-11 15:15:00 - [TEST_STEP][PASSED] - click(findTestObject("Object Repository/WebOffice/Page_Checkatrade - Administration - Login/Login_Button")): Object: 'Object Repository/WebOffice/Page_Checkatrade - Administration - Login/Login_Button' is clicked on

2020-02-11 15:15:03 - [MESSAGE][PASSED] - Object: 'Object Repository/WebOffice/Page_Checkatrade - Administration - Login/Login_Button' is clicked on

2020-02-11 15:15:03 - [TEST_STEP][PASSED] - waitForPageLoad(60): Wait for page load successfully

2020-02-11 15:15:03 - [MESSAGE][PASSED] - Wait for page load successfully

2020-02-11 15:15:03 - [TEST_STEP][PASSED] - verifyTextPresent("Welcome " + wo_Username, false): Text 'Welcome DavidHo' is present on page 

2020-02-11 15:15:03 - [MESSAGE][PASSED] - Text 'Welcome DavidHo' is present on page 

2020-02-11 15:15:03 - [MESSAGE][PASSED] - Call Test Case 'Test Cases/Reusable_Test_Sequences/Web_Office/Directives/WebOffice_StartUp' successfully

2020-02-11 15:15:03 - [TEST_STEP][PASSED] - "--------------------------------------": null

2020-02-11 15:15:03 - [TEST_STEP][PASSED] - " Navigate to <Companies> Menu Item    |": null

2020-02-11 15:15:03 - [TEST_STEP][PASSED] - callTestCase(findTestCase("Reusable_Test_Sequences/Web_Office/navigation/Navigate_Advanced_Company_Search"), [:], STOP_ON_FAILURE): Call Test Case 'Test Cases/Reusable_Test_Sequences/Web_Office/navigation/Navigate_Advanced_Company_Search' successfully

2020-02-11 15:15:03 - [TEST_CASE][PASSED] - Test Cases/Reusable_Test_Sequences/Web_Office/navigation/Navigate_Advanced_Company_Search: Test Cases/Reusable_Test_Sequences/Web_Office/navigation/Navigate_Advanced_Company_Search

2020-02-11 15:15:03 - [TEST_STEP][PASSED] - "--------------------------------------": null

2020-02-11 15:15:03 - [TEST_STEP][PASSED] - " Navigate Top level menu Item         |": null

2020-02-11 15:15:03 - [TEST_STEP][PASSED] - waitForPageLoad(60): Wait for page load successfully

2020-02-11 15:15:03 - [MESSAGE][PASSED] - Wait for page load successfully

2020-02-11 15:15:03 - [TEST_STEP][PASSED] - waitForElementClickable(findTestObject("Object Repository/WebOffice_Home_page/a_Companies"), 60): Object 'Object Repository/WebOffice_Home_page/a_Companies' is clickable

2020-02-11 15:15:03 - [MESSAGE][PASSED] - Object 'Object Repository/WebOffice_Home_page/a_Companies' is clickable

2020-02-11 15:15:03 - [TEST_STEP][PASSED] - mouseOver(findTestObject("Object Repository/WebOffice_Home_page/a_Companies")): Object: 'Object Repository/WebOffice_Home_page/a_Companies' is hovered

2020-02-11 15:15:03 - [MESSAGE][PASSED] - Object: 'Object Repository/WebOffice_Home_page/a_Companies' is hovered

2020-02-11 15:15:03 - [TEST_STEP][PASSED] - waitForElementClickable(findTestObject("Object Repository/WebOffice_Home_page/a_Company_Advanced_Search"), 1): Object 'Object Repository/WebOffice_Home_page/a_Company_Advanced_Search' is clickable

2020-02-11 15:15:04 - [MESSAGE][PASSED] - Object 'Object Repository/WebOffice_Home_page/a_Company_Advanced_Search' is clickable

2020-02-11 15:15:04 - [TEST_STEP][PASSED] - click(findTestObject("Object Repository/WebOffice_Home_page/a_Company_Advanced_Search")): Object: 'Object Repository/WebOffice_Home_page/a_Company_Advanced_Search' is clicked on

2020-02-11 15:15:06 - [MESSAGE][PASSED] - Object: 'Object Repository/WebOffice_Home_page/a_Company_Advanced_Search' is clicked on

2020-02-11 15:15:06 - [MESSAGE][PASSED] - Call Test Case 'Test Cases/Reusable_Test_Sequences/Web_Office/navigation/Navigate_Advanced_Company_Search' successfully

2020-02-11 15:15:06 - [TEST_STEP][PASSED] - "--------------------------------------": null

2020-02-11 15:15:06 - [TEST_STEP][PASSED] - " LH Pane  - Apply Search Criteria     |": null

2020-02-11 15:15:06 - [TEST_STEP][PASSED] - callTestCase(findTestCase("Reusable_Test_Sequences/Web_Office/Actions/Set_Advanced_Company_Data"), [:], STOP_ON_FAILURE): Call Test Case 'Test Cases/Reusable_Test_Sequences/Web_Office/Actions/Set_Advanced_Company_Data' successfully

2020-02-11 15:15:06 - [TEST_CASE][PASSED] - Test Cases/Reusable_Test_Sequences/Web_Office/Actions/Set_Advanced_Company_Data: Test Cases/Reusable_Test_Sequences/Web_Office/Actions/Set_Advanced_Company_Data

2020-02-11 15:15:06 - [TEST_STEP][PASSED] - "--------------------------------": null

2020-02-11 15:15:06 - [TEST_STEP][PASSED] - "Read data from spreadsheet      |": null

2020-02-11 15:15:06 - [TEST_STEP][PASSED] - data = findTestData("Data Files/Advance_Company_Search_Data"): null

2020-02-11 15:15:06 - [TEST_STEP][PASSED] - Trader_ID = data.getValue("Trader_ID", row): null

2020-02-11 15:15:06 - [TEST_STEP][PASSED] - Limited_Company_Number = data.getValue("Limited_Company_Number", row): null

2020-02-11 15:15:06 - [TEST_STEP][PASSED] - Company_Name = data.getValue("Company_Name", row): null

2020-02-11 15:15:06 - [TEST_STEP][PASSED] - Owner_Surname = data.getValue("Owner_Surname", row): null

2020-02-11 15:15:06 - [TEST_STEP][PASSED] - Owner_DOB = data.getValue("Owner_DOB", row): null

2020-02-11 15:15:06 - [TEST_STEP][PASSED] - Name_House = data.getValue("Name_House", row): null

2020-02-11 15:15:06 - [TEST_STEP][PASSED] - Number_Street = data.getValue("Number_Street", row): null

2020-02-11 15:15:06 - [TEST_STEP][PASSED] - Town = data.getValue("Town", row): null

2020-02-11 15:15:06 - [TEST_STEP][PASSED] - City = data.getValue("City", row): null

2020-02-11 15:15:06 - [TEST_STEP][PASSED] - County = data.getValue("County", row): null

2020-02-11 15:15:06 - [TEST_STEP][PASSED] - Postcode = data.getValue("Postcode", row): null

2020-02-11 15:15:06 - [TEST_STEP][PASSED] - Tel = data.getValue("Tel", row): null

2020-02-11 15:15:06 - [TEST_STEP][PASSED] - Email = data.getValue("Email", row): null

2020-02-11 15:15:06 - [TEST_STEP][PASSED] - "slack": null

2020-02-11 15:15:06 - [TEST_STEP][PASSED] - "--------------------------------": null

2020-02-11 15:15:06 - [TEST_STEP][PASSED] - " Synchronisation                |": null

2020-02-11 15:15:06 - [TEST_STEP][PASSED] - waitForPageLoad(60): Wait for page load successfully

2020-02-11 15:15:06 - [MESSAGE][PASSED] - Wait for page load successfully

2020-02-11 15:15:06 - [TEST_STEP][PASSED] - waitForElementVisible(findTestObject("Web_Office_Advanced_Company_Search/Page_/input_Clear_ctl00ctl00CP1ctlSearchbtnSearch"), 60): Object 'Object Repository/Web_Office_Advanced_Company_Search/Page_/input_Clear_ctl00ctl00CP1ctlSearchbtnSearch' is visible

2020-02-11 15:15:07 - [MESSAGE][PASSED] - Object 'Object Repository/Web_Office_Advanced_Company_Search/Page_/input_Clear_ctl00ctl00CP1ctlSearchbtnSearch' is visible

2020-02-11 15:15:07 - [TEST_STEP][PASSED] - "https://admin.preview.checkatrade.com/Companies/Search.aspx": null

2020-02-11 15:15:07 - [TEST_STEP][PASSED] - "-------------------------------------------------------------------------------------------------------------------------------------": null

2020-02-11 15:15:07 - [TEST_STEP][PASSED] - setText(findTestObject("Web_Office_Advanced_Company_Search/Page_/table_Trader ID"), Trader_ID): Text '' is set on object 'Object Repository/Web_Office_Advanced_Company_Search/Page_/table_Trader ID'

2020-02-11 15:15:07 - [MESSAGE][PASSED] - Text '' is set on object 'Object Repository/Web_Office_Advanced_Company_Search/Page_/table_Trader ID'

2020-02-11 15:15:07 - [TEST_STEP][PASSED] - "-------------------------------------------------------------------------------------------------------------------------------------": null

2020-02-11 15:15:07 - [TEST_STEP][PASSED] - setText(findTestObject("Web_Office_Advanced_Company_Search/Page_/input_Limited Company Number"), Limited_Company_Number): Text '4460222' is set on object 'Object Repository/Web_Office_Advanced_Company_Search/Page_/input_Limited Company Number'

2020-02-11 15:15:08 - [MESSAGE][PASSED] - Text '4460222' is set on object 'Object Repository/Web_Office_Advanced_Company_Search/Page_/input_Limited Company Number'

2020-02-11 15:15:08 - [TEST_STEP][PASSED] - "-------------------------------------------------------------------------------------------------------------------------------------": null

2020-02-11 15:15:08 - [TEST_STEP][PASSED] - setText(findTestObject("Web_Office_Advanced_Company_Search/Page_/input_Company Name"), Company_Name): Text '' is set on object 'Object Repository/Web_Office_Advanced_Company_Search/Page_/input_Company Name'

2020-02-11 15:15:08 - [MESSAGE][PASSED] - Text '' is set on object 'Object Repository/Web_Office_Advanced_Company_Search/Page_/input_Company Name'

2020-02-11 15:15:08 - [TEST_STEP][PASSED] - "-------------------------------------------------------------------------------------------------------------------------------------": null

2020-02-11 15:15:08 - [TEST_STEP][PASSED] - "Set Owner_Date of Birth": null

2020-02-11 15:15:08 - [TEST_STEP][PASSED] - "-------------------------------------------------------------------------------------------------------------------------------------": null

2020-02-11 15:15:08 - [TEST_STEP][PASSED] - setText(findTestObject("Web_Office_Advanced_Company_Search/Page_/input_Owner Surname"), Owner_Surname): Text '' is set on object 'Object Repository/Web_Office_Advanced_Company_Search/Page_/input_Owner Surname'

2020-02-11 15:15:08 - [MESSAGE][PASSED] - Text '' is set on object 'Object Repository/Web_Office_Advanced_Company_Search/Page_/input_Owner Surname'

2020-02-11 15:15:08 - [TEST_STEP][PASSED] - "-------------------------------------------------------------------------------------------------------------------------------------": null

2020-02-11 15:15:08 - [TEST_STEP][PASSED] - setText(findTestObject("Web_Office_Advanced_Company_Search/Page_/input_Name Of House"), Name_House): Text '' is set on object 'Object Repository/Web_Office_Advanced_Company_Search/Page_/input_Name Of House'

2020-02-11 15:15:08 - [MESSAGE][PASSED] - Text '' is set on object 'Object Repository/Web_Office_Advanced_Company_Search/Page_/input_Name Of House'

2020-02-11 15:15:08 - [TEST_STEP][PASSED] - "-------------------------------------------------------------------------------------------------------------------------------------": null

2020-02-11 15:15:08 - [TEST_STEP][PASSED] - "Set Street": null

2020-02-11 15:15:08 - [TEST_STEP][PASSED] - "-------------------------------------------------------------------------------------------------------------------------------------": null

2020-02-11 15:15:08 - [TEST_STEP][PASSED] - setText(findTestObject("Web_Office_Advanced_Company_Search/Page_/input_Town"), Town): Text '' is set on object 'Object Repository/Web_Office_Advanced_Company_Search/Page_/input_Town'

2020-02-11 15:15:09 - [MESSAGE][PASSED] - Text '' is set on object 'Object Repository/Web_Office_Advanced_Company_Search/Page_/input_Town'

2020-02-11 15:15:09 - [TEST_STEP][PASSED] - "-------------------------------------------------------------------------------------------------------------------------------------": null

2020-02-11 15:15:09 - [TEST_STEP][PASSED] - setText(findTestObject("Web_Office_Advanced_Company_Search/Page_/input_City"), City): Text '' is set on object 'Object Repository/Web_Office_Advanced_Company_Search/Page_/input_City'

2020-02-11 15:15:09 - [MESSAGE][PASSED] - Text '' is set on object 'Object Repository/Web_Office_Advanced_Company_Search/Page_/input_City'

2020-02-11 15:15:09 - [TEST_STEP][PASSED] - "-------------------------------------------------------------------------------------------------------------------------------------": null

2020-02-11 15:15:09 - [TEST_STEP][PASSED] - setText(findTestObject("Web_Office_Advanced_Company_Search/Page_/input_County"), County): Text '' is set on object 'Object Repository/Web_Office_Advanced_Company_Search/Page_/input_County'

2020-02-11 15:15:09 - [MESSAGE][PASSED] - Text '' is set on object 'Object Repository/Web_Office_Advanced_Company_Search/Page_/input_County'

2020-02-11 15:15:09 - [TEST_STEP][PASSED] - "-------------------------------------------------------------------------------------------------------------------------------------": null

2020-02-11 15:15:09 - [TEST_STEP][PASSED] - setText(findTestObject("Web_Office_Advanced_Company_Search/Page_/input_Postcode"), Postcode): Text '' is set on object 'Object Repository/Web_Office_Advanced_Company_Search/Page_/input_Postcode'

2020-02-11 15:15:10 - [MESSAGE][PASSED] - Text '' is set on object 'Object Repository/Web_Office_Advanced_Company_Search/Page_/input_Postcode'

2020-02-11 15:15:10 - [TEST_STEP][PASSED] - "-------------------------------------------------------------------------------------------------------------------------------------": null

2020-02-11 15:15:10 - [TEST_STEP][PASSED] - setText(findTestObject("Web_Office_Advanced_Company_Search/Page_/input_Telephone"), Tel): Text '01243 868423' is set on object 'Object Repository/Web_Office_Advanced_Company_Search/Page_/input_Telephone'

2020-02-11 15:15:11 - [MESSAGE][PASSED] - Text '01243 868423' is set on object 'Object Repository/Web_Office_Advanced_Company_Search/Page_/input_Telephone'

2020-02-11 15:15:11 - [TEST_STEP][PASSED] - "-------------------------------------------------------------------------------------------------------------------------------------": null

2020-02-11 15:15:11 - [TEST_STEP][PASSED] - setText(findTestObject("Web_Office_Advanced_Company_Search/Page_/input_Email"), Email): Text 'kfrsteve@hotmail.com' is set on object 'Object Repository/Web_Office_Advanced_Company_Search/Page_/input_Email'

2020-02-11 15:15:12 - [MESSAGE][PASSED] - Text 'kfrsteve@hotmail.com' is set on object 'Object Repository/Web_Office_Advanced_Company_Search/Page_/input_Email'

2020-02-11 15:15:12 - [TEST_STEP][PASSED] - "Set Status": null

2020-02-11 15:15:12 - [TEST_STEP][PASSED] - "-------------------------------------------------------------------------------------------------------------------------------------": null

2020-02-11 15:15:12 - [TEST_STEP][PASSED] - "Status 3 Options": null

2020-02-11 15:15:12 - [TEST_STEP][PASSED] - "-------------------------------------------------------------------------------------------------------------------------------------": null

2020-02-11 15:15:12 - [TEST_STEP][PASSED] - "Set Type": null

2020-02-11 15:15:12 - [TEST_STEP][PASSED] - "-------------------------------------------------------------------------------------------------------------------------------------": null

2020-02-11 15:15:12 - [TEST_STEP][PASSED] - "Type 3 Options": null

2020-02-11 15:15:12 - [TEST_STEP][PASSED] - "-------------------------------------------------------------------------------------------------------------------------------------": null

2020-02-11 15:15:12 - [TEST_STEP][PASSED] - scrollToPosition(0, 0): Browser is scrolled to position x = 0, y = 0

2020-02-11 15:15:13 - [MESSAGE][PASSED] - Browser is scrolled to position x = 0, y = 0

2020-02-11 15:15:13 - [TEST_STEP][PASSED] - waitForElementClickable(findTestObject("Web_Office_Advanced_Company_Search/Page_/Top_Search_Button"), 5): Object 'Object Repository/Web_Office_Advanced_Company_Search/Page_/Top_Search_Button' is clickable

2020-02-11 15:15:13 - [MESSAGE][PASSED] - Object 'Object Repository/Web_Office_Advanced_Company_Search/Page_/Top_Search_Button' is clickable

2020-02-11 15:15:13 - [TEST_STEP][PASSED] - click(findTestObject("Web_Office_Advanced_Company_Search/Page_/Top_Search_Button")): Object: 'Object Repository/Web_Office_Advanced_Company_Search/Page_/Top_Search_Button' is clicked on

2020-02-11 15:15:16 - [MESSAGE][PASSED] - Object: 'Object Repository/Web_Office_Advanced_Company_Search/Page_/Top_Search_Button' is clicked on

2020-02-11 15:15:16 - [MESSAGE][PASSED] - Call Test Case 'Test Cases/Reusable_Test_Sequences/Web_Office/Actions/Set_Advanced_Company_Data' successfully

2020-02-11 15:15:16 - [TEST_STEP][PASSED] - "--------------------------------------": null

2020-02-11 15:15:16 - [TEST_STEP][PASSED] - " Select Returned Record to Verify     |": null

2020-02-11 15:15:16 - [TEST_STEP][PASSED] - callTestCase(findTestCase("Reusable_Test_Sequences/Web_Office/Actions/Select_Company"), [:], OPTIONAL): Call Test Case 'Test Cases/Reusable_Test_Sequences/Web_Office/Actions/Select_Company' successfully

2020-02-11 15:15:16 - [TEST_CASE][PASSED] - Test Cases/Reusable_Test_Sequences/Web_Office/Actions/Select_Company: Test Cases/Reusable_Test_Sequences/Web_Office/Actions/Select_Company

2020-02-11 15:15:16 - [TEST_STEP][PASSED] - waitForPageLoad(60): Wait for page load successfully

2020-02-11 15:15:16 - [MESSAGE][PASSED] - Wait for page load successfully

2020-02-11 15:15:16 - [TEST_STEP][PASSED] - waitForElementClickable(findTestObject("Web_Office_Advanced_Company_Search/Page_/td_Returned_Company"), 5): Object 'Object Repository/Web_Office_Advanced_Company_Search/Page_/td_Returned_Company' is clickable

2020-02-11 15:15:16 - [MESSAGE][PASSED] - Object 'Object Repository/Web_Office_Advanced_Company_Search/Page_/td_Returned_Company' is clickable

2020-02-11 15:15:16 - [TEST_STEP][PASSED] - "-------------------------------------------------------------------------------------------------------------------------------------": null

2020-02-11 15:15:16 - [TEST_STEP][PASSED] - click(findTestObject("Web_Office_Advanced_Company_Search/Page_/td_Returned_Company")): Object: 'Object Repository/Web_Office_Advanced_Company_Search/Page_/td_Returned_Company' is clicked on

2020-02-11 15:15:18 - [MESSAGE][PASSED] - Object: 'Object Repository/Web_Office_Advanced_Company_Search/Page_/td_Returned_Company' is clicked on

2020-02-11 15:15:18 - [MESSAGE][PASSED] - Call Test Case 'Test Cases/Reusable_Test_Sequences/Web_Office/Actions/Select_Company' successfully

2020-02-11 15:15:18 - [TEST_STEP][PASSED] - "--------------------------------------": null

2020-02-11 15:15:18 - [TEST_STEP][PASSED] - " Verify Returned Company Record       |": null

2020-02-11 15:15:18 - [TEST_STEP][PASSED] - callTestCase(findTestCase("Reusable_Test_Sequences/Web_Office/Verification/Company_Returned_Advanced_Search_Record"), [:], OPTIONAL): Call Test Case 'Test Cases/Reusable_Test_Sequences/Web_Office/Verification/Company_Returned_Advanced_Search_Record' successfully

2020-02-11 15:15:18 - [TEST_CASE][PASSED] - Test Cases/Reusable_Test_Sequences/Web_Office/Verification/Company_Returned_Advanced_Search_Record: Test Cases/Reusable_Test_Sequences/Web_Office/Verification/Company_Returned_Advanced_Search_Record

2020-02-11 15:15:18 - [TEST_STEP][PASSED] - "--------------------------------": null

2020-02-11 15:15:18 - [TEST_STEP][PASSED] - "Read data from spreadsheet      | r_ = Returned Data": null

2020-02-11 15:15:18 - [TEST_STEP][PASSED] - data = findTestData("Data Files/Advance_Company_Search_Data"): null

2020-02-11 15:15:18 - [TEST_STEP][PASSED] - Trader_ID = data.getValue("Trader_ID", row): null

2020-02-11 15:15:18 - [TEST_STEP][PASSED] - Limited_Company_Number = data.getValue("Limited_Company_Number", row): null

2020-02-11 15:15:18 - [TEST_STEP][PASSED] - Company_Name = data.getValue("Company_Name", row): null

2020-02-11 15:15:18 - [TEST_STEP][PASSED] - Owner_Surname = data.getValue("Owner_Surname", row): null

2020-02-11 15:15:18 - [TEST_STEP][PASSED] - Owner_DOB = data.getValue("Owner_DOB", row): null

2020-02-11 15:15:18 - [TEST_STEP][PASSED] - Name_House = data.getValue("Name_House", row): null

2020-02-11 15:15:18 - [TEST_STEP][PASSED] - Number_Street = data.getValue("Number_Street", row): null

2020-02-11 15:15:18 - [TEST_STEP][PASSED] - Town = data.getValue("Town", row): null

2020-02-11 15:15:18 - [TEST_STEP][PASSED] - City = data.getValue("City", row): null

2020-02-11 15:15:18 - [TEST_STEP][PASSED] - County = data.getValue("County", row): null

2020-02-11 15:15:18 - [TEST_STEP][PASSED] - Postcode = data.getValue("Postcode", row): null

2020-02-11 15:15:18 - [TEST_STEP][PASSED] - Tel = data.getValue("Tel", row): null

2020-02-11 15:15:18 - [TEST_STEP][PASSED] - Email = data.getValue("Email", row): null

2020-02-11 15:15:18 - [TEST_STEP][PASSED] - "--------------------------------": null

2020-02-11 15:15:18 - [TEST_STEP][PASSED] - "Read data from spreadsheet      |": null

2020-02-11 15:15:18 - [TEST_STEP][PASSED] - Actual_Page_Text = "": null

2020-02-11 15:15:18 - [TEST_STEP][PASSED] - Expected_Page_Text = "": null

2020-02-11 15:15:18 - [TEST_STEP][PASSED] - waitForPageLoad(60): Wait for page load successfully

2020-02-11 15:15:19 - [MESSAGE][PASSED] - Wait for page load successfully

2020-02-11 15:15:19 - [TEST_STEP][PASSED] - delay(1): Delayed 1 second(s)

2020-02-11 15:15:20 - [MESSAGE][PASSED] - Delayed 1 second(s)

2020-02-11 15:15:20 - [TEST_STEP][PASSED] - "---------------------------------------------------------------------------------------------------------------------": null

2020-02-11 15:15:20 - [TEST_STEP][PASSED] - "HEADER DETAIL - iFrame": null

2020-02-11 15:15:20 - [TEST_STEP][PASSED] - "-----------------": null

2020-02-11 15:15:20 - [TEST_STEP][PASSED] - "PAGE_HEADER TEXT |": null

2020-02-11 15:15:20 - [TEST_STEP][PASSED] - verifyTextPresent(findTestData("Data Files/Advance_Company_Search_Data").getValue("Page_Header_Text", row), false): Text 'Kitchen Facelift & Renewal Limited' is present on page 

2020-02-11 15:15:20 - [MESSAGE][PASSED] - Text 'Kitchen Facelift & Renewal Limited' is present on page 

2020-02-11 15:15:20 - [TEST_STEP][PASSED] - "----------------": null

2020-02-11 15:15:20 - [TEST_STEP][PASSED] - "Email Address   |": null

2020-02-11 15:15:20 - [TEST_STEP][PASSED] - verifyTextPresent(findTestData("Data Files/Advance_Company_Search_Data").getValue("Email", row), false): Text 'kfrsteve@hotmail.com' is present on page 

2020-02-11 15:15:21 - [MESSAGE][PASSED] - Text 'kfrsteve@hotmail.com' is present on page 

2020-02-11 15:15:21 - [TEST_STEP][PASSED] - "----------------": null

2020-02-11 15:15:21 - [TEST_STEP][PASSED] - "Phone Number    |": null

2020-02-11 15:15:21 - [TEST_STEP][PASSED] - verifyTextPresent(findTestData("Data Files/Advance_Company_Search_Data").getValue("Tel", row), false): Text '01243 868423' is present on page 

2020-02-11 15:15:21 - [MESSAGE][PASSED] - Text '01243 868423' is present on page 

2020-02-11 15:15:21 - [TEST_STEP][PASSED] - "----------------": null

2020-02-11 15:15:21 - [TEST_STEP][PASSED] - "Trader ID       |": null

2020-02-11 15:15:21 - [TEST_STEP][PASSED] - verifyTextPresent(findTestData("Data Files/Advance_Company_Search_Data").getValue("Trader_ID", row), false): Text '' is present on page 

2020-02-11 15:15:22 - [MESSAGE][PASSED] - Text '' is present on page 

2020-02-11 15:15:22 - [TEST_STEP][PASSED] - "----------------": null

2020-02-11 15:15:22 - [TEST_STEP][PASSED] - "Postcode        |": null

2020-02-11 15:15:22 - [TEST_STEP][PASSED] - verifyTextPresent(findTestData("Data Files/Advance_Company_Search_Data").getValue("Postcode", row), false): Text '' is present on page 

2020-02-11 15:15:23 - [MESSAGE][PASSED] - Text '' is present on page 

2020-02-11 15:15:23 - [TEST_STEP][PASSED] - "----------------": null

2020-02-11 15:15:23 - [TEST_STEP][PASSED] - "Full Name       |": null

2020-02-11 15:15:23 - [TEST_STEP][PASSED] - verifyTextPresent(findTestData("Data Files/Advance_Company_Search_Data").getValue("Full_Name", row), false): Text 'Mr Steve Mercer' is present on page 

2020-02-11 15:15:24 - [MESSAGE][PASSED] - Text 'Mr Steve Mercer' is present on page 

2020-02-11 15:15:24 - [TEST_STEP][PASSED] - "----------------": null

2020-02-11 15:15:24 - [TEST_STEP][PASSED] - "Date of Birth   |": null

2020-02-11 15:15:24 - [TEST_STEP][PASSED] - verifyTextPresent(findTestData("Data Files/Advance_Company_Search_Data").getValue("Owner_DOB", row), false): Text 'DoB: 18/09/1959' is present on page 

2020-02-11 15:15:25 - [MESSAGE][PASSED] - Text 'DoB: 18/09/1959' is present on page 

2020-02-11 15:15:25 - [TEST_STEP][PASSED] - "----------------": null

2020-02-11 15:15:25 - [TEST_STEP][PASSED] - "Full Address    |": null

2020-02-11 15:15:25 - [TEST_STEP][PASSED] - verifyTextPresent(findTestData("Data Files/Advance_Company_Search_Data").getValue("Full_Address", row), false): Text 'Lyndale, Town Cross Avenue, Bognor Regis, West Sussex, PO21 2DN' is present on page 

2020-02-11 15:15:26 - [MESSAGE][PASSED] - Text 'Lyndale, Town Cross Avenue, Bognor Regis, West Sussex, PO21 2DN' is present on page 

2020-02-11 15:15:26 - [MESSAGE][PASSED] - Call Test Case 'Test Cases/Reusable_Test_Sequences/Web_Office/Verification/Company_Returned_Advanced_Search_Record' successfully

2020-02-11 15:15:26 - [TEST_STEP][PASSED] - "--------------------------": null

2020-02-11 15:15:26 - [TEST_STEP][PASSED] - " Teardown - CLose Browser |": null

2020-02-11 15:15:26 - [TEST_STEP][PASSED] - callTestCase(findTestCase("Reusable_Test_Sequences/CAT_Teardown"), [:], OPTIONAL): Call Test Case 'Test Cases/Reusable_Test_Sequences/CAT_Teardown' successfully

2020-02-11 15:15:26 - [TEST_CASE][PASSED] - Test Cases/Reusable_Test_Sequences/CAT_Teardown: Test Cases/Reusable_Test_Sequences/CAT_Teardown

2020-02-11 15:15:26 - [TEST_STEP][PASSED] - closeBrowser(): Browser is closed

2020-02-11 15:15:28 - [MESSAGE][PASSED] - Browser is closed

2020-02-11 15:15:28 - [MESSAGE][PASSED] - Call Test Case 'Test Cases/Reusable_Test_Sequences/CAT_Teardown' successfully

2020-02-11 15:15:28 - [TEST_STEP][PASSED] - "--------------------------------------": null

2020-02-11 15:15:28 - [TEST_STEP][PASSED] - " Web Office StartUp                  |": null

2020-02-11 15:15:28 - [TEST_STEP][PASSED] - callTestCase(findTestCase("Reusable_Test_Sequences/Web_Office/Directives/WebOffice_StartUp"), [:], STOP_ON_FAILURE): Call Test Case 'Test Cases/Reusable_Test_Sequences/Web_Office/Directives/WebOffice_StartUp' successfully

2020-02-11 15:15:28 - [TEST_CASE][PASSED] - Test Cases/Reusable_Test_Sequences/Web_Office/Directives/WebOffice_StartUp: Test Cases/Reusable_Test_Sequences/Web_Office/Directives/WebOffice_StartUp

2020-02-11 15:15:28 - [TEST_STEP][PASSED] - if (URL == "https://www.preview.checkatrade.com/"): null

2020-02-11 15:15:28 - [TEST_STEP][PASSED] - WebOfficeURL = "https://admin.preview.checkatrade.com/": null

2020-02-11 15:15:28 - [TEST_STEP][PASSED] - if (URL == "https://www.checkatrade.com/"): null

2020-02-11 15:15:28 - [TEST_STEP][PASSED] - "Set Function Area for "URL_Handler", URL Resolution": null

2020-02-11 15:15:28 - [TEST_STEP][PASSED] - "Do Some Magic with URL(s) See the comments within URL Handler ": null

2020-02-11 15:15:28 - [TEST_STEP][PASSED] - "------------------------------------------------": null

2020-02-11 15:15:28 - [TEST_STEP][PASSED] - "Moved Login Credentials to <Default> profile 22/01/2020": null

2020-02-11 15:15:28 - [TEST_STEP][PASSED] - "------------------------------------------------": null

2020-02-11 15:15:28 - [TEST_STEP][PASSED] - "WebOfficeURL - Set from the ENVIRONMENT PROFILE ": null

2020-02-11 15:15:28 - [TEST_STEP][PASSED] - "OPEN BROWSER": null

2020-02-11 15:15:28 - [TEST_STEP][PASSED] - "eg - https://admin.preview.checkatrade.com/  ": null

2020-02-11 15:15:28 - [TEST_STEP][PASSED] - openBrowser(WebOfficeURL): Browser is opened with url: 'https://admin.preview.checkatrade.com/'

2020-02-11 15:15:28 - [MESSAGE][INFO] - Starting 'Chrome' driver

2020-02-11 15:15:36 - [MESSAGE][PASSED] - Browser is opened with url: 'https://admin.preview.checkatrade.com/'

2020-02-11 15:15:36 - [TEST_STEP][PASSED] - maximizeWindow(): Current window maximized

2020-02-11 15:15:40 - [MESSAGE][PASSED] - Current window maximized

2020-02-11 15:15:40 - [TEST_STEP][PASSED] - waitForElementClickable(findTestObject("Object Repository/WebOffice/Page_Checkatrade - Administration - Login/Login_Button"), 25): Object 'Object Repository/WebOffice/Page_Checkatrade - Administration - Login/Login_Button' is clickable

2020-02-11 15:15:40 - [MESSAGE][PASSED] - Object 'Object Repository/WebOffice/Page_Checkatrade - Administration - Login/Login_Button' is clickable

2020-02-11 15:15:40 - [TEST_STEP][PASSED] - verifyTextPresent("Checkatrade Web Office", false): Text 'Checkatrade Web Office' is present on page 

2020-02-11 15:15:40 - [MESSAGE][PASSED] - Text 'Checkatrade Web Office' is present on page 

2020-02-11 15:15:40 - [TEST_STEP][PASSED] - verifyTextPresent("Access for staff use only", false): Text 'Access for staff use only' is present on page 

2020-02-11 15:15:40 - [MESSAGE][PASSED] - Text 'Access for staff use only' is present on page 

2020-02-11 15:15:40 - [TEST_STEP][PASSED] - verifyTextPresent("Forgotten password?", false): Text 'Forgotten password?' is present on page 

2020-02-11 15:15:40 - [MESSAGE][PASSED] - Text 'Forgotten password?' is present on page 

2020-02-11 15:15:40 - [TEST_STEP][PASSED] - setText(findTestObject("Object Repository/WebOffice/Page_Checkatrade - Administration - Login/input_Username_LoginControlUserName"), wo_Username): Text 'DavidHo' is set on object 'Object Repository/WebOffice/Page_Checkatrade - Administration - Login/input_Username_LoginControlUserName'

2020-02-11 15:15:41 - [MESSAGE][PASSED] - Text 'DavidHo' is set on object 'Object Repository/WebOffice/Page_Checkatrade - Administration - Login/input_Username_LoginControlUserName'

2020-02-11 15:15:41 - [TEST_STEP][PASSED] - setText(findTestObject("Object Repository/WebOffice/Page_Checkatrade - Administration - Login/input_Password_LoginControlPassword"), wo_Password): Text 'Check123' is set on object 'Object Repository/WebOffice/Page_Checkatrade - Administration - Login/input_Password_LoginControlPassword'

2020-02-11 15:15:41 - [MESSAGE][PASSED] - Text 'Check123' is set on object 'Object Repository/WebOffice/Page_Checkatrade - Administration - Login/input_Password_LoginControlPassword'

2020-02-11 15:15:41 - [TEST_STEP][PASSED] - click(findTestObject("Object Repository/WebOffice/Page_Checkatrade - Administration - Login/Login_Button")): Object: 'Object Repository/WebOffice/Page_Checkatrade - Administration - Login/Login_Button' is clicked on

2020-02-11 15:15:44 - [MESSAGE][PASSED] - Object: 'Object Repository/WebOffice/Page_Checkatrade - Administration - Login/Login_Button' is clicked on

2020-02-11 15:15:44 - [TEST_STEP][PASSED] - waitForPageLoad(60): Wait for page load successfully

2020-02-11 15:15:44 - [MESSAGE][PASSED] - Wait for page load successfully

2020-02-11 15:15:44 - [TEST_STEP][PASSED] - verifyTextPresent("Welcome " + wo_Username, false): Text 'Welcome DavidHo' is present on page 

2020-02-11 15:15:44 - [MESSAGE][PASSED] - Text 'Welcome DavidHo' is present on page 

2020-02-11 15:15:44 - [MESSAGE][PASSED] - Call Test Case 'Test Cases/Reusable_Test_Sequences/Web_Office/Directives/WebOffice_StartUp' successfully

2020-02-11 15:15:44 - [TEST_STEP][PASSED] - "--------------------------------------": null

2020-02-11 15:15:44 - [TEST_STEP][PASSED] - " Navigate to <Companies> Menu Item    |": null

2020-02-11 15:15:44 - [TEST_STEP][PASSED] - callTestCase(findTestCase("Reusable_Test_Sequences/Web_Office/navigation/Navigate_Advanced_Company_Search"), [:], STOP_ON_FAILURE): Call Test Case 'Test Cases/Reusable_Test_Sequences/Web_Office/navigation/Navigate_Advanced_Company_Search' successfully

2020-02-11 15:15:44 - [TEST_CASE][PASSED] - Test Cases/Reusable_Test_Sequences/Web_Office/navigation/Navigate_Advanced_Company_Search: Test Cases/Reusable_Test_Sequences/Web_Office/navigation/Navigate_Advanced_Company_Search

2020-02-11 15:15:44 - [TEST_STEP][PASSED] - "--------------------------------------": null

2020-02-11 15:15:44 - [TEST_STEP][PASSED] - " Navigate Top level menu Item         |": null

2020-02-11 15:15:44 - [TEST_STEP][PASSED] - waitForPageLoad(60): Wait for page load successfully

2020-02-11 15:15:44 - [MESSAGE][PASSED] - Wait for page load successfully

2020-02-11 15:15:44 - [TEST_STEP][PASSED] - waitForElementClickable(findTestObject("Object Repository/WebOffice_Home_page/a_Companies"), 60): Object 'Object Repository/WebOffice_Home_page/a_Companies' is clickable

2020-02-11 15:15:45 - [MESSAGE][PASSED] - Object 'Object Repository/WebOffice_Home_page/a_Companies' is clickable

2020-02-11 15:15:45 - [TEST_STEP][PASSED] - mouseOver(findTestObject("Object Repository/WebOffice_Home_page/a_Companies")): Object: 'Object Repository/WebOffice_Home_page/a_Companies' is hovered

2020-02-11 15:15:45 - [MESSAGE][PASSED] - Object: 'Object Repository/WebOffice_Home_page/a_Companies' is hovered

2020-02-11 15:15:45 - [TEST_STEP][PASSED] - waitForElementClickable(findTestObject("Object Repository/WebOffice_Home_page/a_Company_Advanced_Search"), 1): Object 'Object Repository/WebOffice_Home_page/a_Company_Advanced_Search' is clickable

2020-02-11 15:15:45 - [MESSAGE][PASSED] - Object 'Object Repository/WebOffice_Home_page/a_Company_Advanced_Search' is clickable

2020-02-11 15:15:45 - [TEST_STEP][PASSED] - click(findTestObject("Object Repository/WebOffice_Home_page/a_Company_Advanced_Search")): Object: 'Object Repository/WebOffice_Home_page/a_Company_Advanced_Search' is clicked on

2020-02-11 15:15:47 - [MESSAGE][PASSED] - Object: 'Object Repository/WebOffice_Home_page/a_Company_Advanced_Search' is clicked on

2020-02-11 15:15:47 - [MESSAGE][PASSED] - Call Test Case 'Test Cases/Reusable_Test_Sequences/Web_Office/navigation/Navigate_Advanced_Company_Search' successfully

2020-02-11 15:15:47 - [TEST_STEP][PASSED] - "--------------------------------------": null

2020-02-11 15:15:47 - [TEST_STEP][PASSED] - " LH Pane  - Apply Search Criteria     |": null

2020-02-11 15:15:47 - [TEST_STEP][PASSED] - callTestCase(findTestCase("Reusable_Test_Sequences/Web_Office/Actions/Set_Advanced_Company_Data"), [:], STOP_ON_FAILURE): Call Test Case 'Test Cases/Reusable_Test_Sequences/Web_Office/Actions/Set_Advanced_Company_Data' successfully

2020-02-11 15:15:47 - [TEST_CASE][PASSED] - Test Cases/Reusable_Test_Sequences/Web_Office/Actions/Set_Advanced_Company_Data: Test Cases/Reusable_Test_Sequences/Web_Office/Actions/Set_Advanced_Company_Data

2020-02-11 15:15:47 - [TEST_STEP][PASSED] - "--------------------------------": null

2020-02-11 15:15:47 - [TEST_STEP][PASSED] - "Read data from spreadsheet      |": null

2020-02-11 15:15:47 - [TEST_STEP][PASSED] - data = findTestData("Data Files/Advance_Company_Search_Data"): null

2020-02-11 15:15:47 - [TEST_STEP][PASSED] - Trader_ID = data.getValue("Trader_ID", row): null

2020-02-11 15:15:47 - [TEST_STEP][PASSED] - Limited_Company_Number = data.getValue("Limited_Company_Number", row): null

2020-02-11 15:15:47 - [TEST_STEP][PASSED] - Company_Name = data.getValue("Company_Name", row): null

2020-02-11 15:15:47 - [TEST_STEP][PASSED] - Owner_Surname = data.getValue("Owner_Surname", row): null

2020-02-11 15:15:47 - [TEST_STEP][PASSED] - Owner_DOB = data.getValue("Owner_DOB", row): null

2020-02-11 15:15:47 - [TEST_STEP][PASSED] - Name_House = data.getValue("Name_House", row): null

2020-02-11 15:15:47 - [TEST_STEP][PASSED] - Number_Street = data.getValue("Number_Street", row): null

2020-02-11 15:15:47 - [TEST_STEP][PASSED] - Town = data.getValue("Town", row): null

2020-02-11 15:15:47 - [TEST_STEP][PASSED] - City = data.getValue("City", row): null

2020-02-11 15:15:47 - [TEST_STEP][PASSED] - County = data.getValue("County", row): null

2020-02-11 15:15:47 - [TEST_STEP][PASSED] - Postcode = data.getValue("Postcode", row): null

2020-02-11 15:15:47 - [TEST_STEP][PASSED] - Tel = data.getValue("Tel", row): null

2020-02-11 15:15:47 - [TEST_STEP][PASSED] - Email = data.getValue("Email", row): null

2020-02-11 15:15:47 - [TEST_STEP][PASSED] - "slack": null

2020-02-11 15:15:47 - [TEST_STEP][PASSED] - "--------------------------------": null

2020-02-11 15:15:47 - [TEST_STEP][PASSED] - " Synchronisation                |": null

2020-02-11 15:15:47 - [TEST_STEP][PASSED] - waitForPageLoad(60): Wait for page load successfully

2020-02-11 15:15:48 - [MESSAGE][PASSED] - Wait for page load successfully

2020-02-11 15:15:48 - [TEST_STEP][PASSED] - waitForElementVisible(findTestObject("Web_Office_Advanced_Company_Search/Page_/input_Clear_ctl00ctl00CP1ctlSearchbtnSearch"), 60): Object 'Object Repository/Web_Office_Advanced_Company_Search/Page_/input_Clear_ctl00ctl00CP1ctlSearchbtnSearch' is visible

2020-02-11 15:15:48 - [MESSAGE][PASSED] - Object 'Object Repository/Web_Office_Advanced_Company_Search/Page_/input_Clear_ctl00ctl00CP1ctlSearchbtnSearch' is visible

2020-02-11 15:15:48 - [TEST_STEP][PASSED] - "https://admin.preview.checkatrade.com/Companies/Search.aspx": null

2020-02-11 15:15:48 - [TEST_STEP][PASSED] - "-------------------------------------------------------------------------------------------------------------------------------------": null

2020-02-11 15:15:48 - [TEST_STEP][PASSED] - setText(findTestObject("Web_Office_Advanced_Company_Search/Page_/table_Trader ID"), Trader_ID): Text '' is set on object 'Object Repository/Web_Office_Advanced_Company_Search/Page_/table_Trader ID'

2020-02-11 15:15:48 - [MESSAGE][PASSED] - Text '' is set on object 'Object Repository/Web_Office_Advanced_Company_Search/Page_/table_Trader ID'

2020-02-11 15:15:48 - [TEST_STEP][PASSED] - "-------------------------------------------------------------------------------------------------------------------------------------": null

2020-02-11 15:15:48 - [TEST_STEP][PASSED] - setText(findTestObject("Web_Office_Advanced_Company_Search/Page_/input_Limited Company Number"), Limited_Company_Number): Text '4460222' is set on object 'Object Repository/Web_Office_Advanced_Company_Search/Page_/input_Limited Company Number'

2020-02-11 15:15:49 - [MESSAGE][PASSED] - Text '4460222' is set on object 'Object Repository/Web_Office_Advanced_Company_Search/Page_/input_Limited Company Number'

2020-02-11 15:15:49 - [TEST_STEP][PASSED] - "-------------------------------------------------------------------------------------------------------------------------------------": null

2020-02-11 15:15:49 - [TEST_STEP][PASSED] - setText(findTestObject("Web_Office_Advanced_Company_Search/Page_/input_Company Name"), Company_Name): Text '' is set on object 'Object Repository/Web_Office_Advanced_Company_Search/Page_/input_Company Name'

2020-02-11 15:15:49 - [MESSAGE][PASSED] - Text '' is set on object 'Object Repository/Web_Office_Advanced_Company_Search/Page_/input_Company Name'

2020-02-11 15:15:49 - [TEST_STEP][PASSED] - "-------------------------------------------------------------------------------------------------------------------------------------": null

2020-02-11 15:15:49 - [TEST_STEP][PASSED] - "Set Owner_Date of Birth": null

2020-02-11 15:15:49 - [TEST_STEP][PASSED] - "-------------------------------------------------------------------------------------------------------------------------------------": null

2020-02-11 15:15:49 - [TEST_STEP][PASSED] - setText(findTestObject("Web_Office_Advanced_Company_Search/Page_/input_Owner Surname"), Owner_Surname): Text '' is set on object 'Object Repository/Web_Office_Advanced_Company_Search/Page_/input_Owner Surname'

2020-02-11 15:15:50 - [MESSAGE][PASSED] - Text '' is set on object 'Object Repository/Web_Office_Advanced_Company_Search/Page_/input_Owner Surname'

2020-02-11 15:15:50 - [TEST_STEP][PASSED] - "-------------------------------------------------------------------------------------------------------------------------------------": null

2020-02-11 15:15:50 - [TEST_STEP][PASSED] - setText(findTestObject("Web_Office_Advanced_Company_Search/Page_/input_Name Of House"), Name_House): Text '' is set on object 'Object Repository/Web_Office_Advanced_Company_Search/Page_/input_Name Of House'

2020-02-11 15:15:50 - [MESSAGE][PASSED] - Text '' is set on object 'Object Repository/Web_Office_Advanced_Company_Search/Page_/input_Name Of House'

2020-02-11 15:15:50 - [TEST_STEP][PASSED] - "-------------------------------------------------------------------------------------------------------------------------------------": null

2020-02-11 15:15:50 - [TEST_STEP][PASSED] - "Set Street": null

2020-02-11 15:15:50 - [TEST_STEP][PASSED] - "-------------------------------------------------------------------------------------------------------------------------------------": null

2020-02-11 15:15:50 - [TEST_STEP][PASSED] - setText(findTestObject("Web_Office_Advanced_Company_Search/Page_/input_Town"), Town): Text '' is set on object 'Object Repository/Web_Office_Advanced_Company_Search/Page_/input_Town'

2020-02-11 15:15:50 - [MESSAGE][PASSED] - Text '' is set on object 'Object Repository/Web_Office_Advanced_Company_Search/Page_/input_Town'

2020-02-11 15:15:50 - [TEST_STEP][PASSED] - "-------------------------------------------------------------------------------------------------------------------------------------": null

2020-02-11 15:15:50 - [TEST_STEP][PASSED] - setText(findTestObject("Web_Office_Advanced_Company_Search/Page_/input_City"), City): Text '' is set on object 'Object Repository/Web_Office_Advanced_Company_Search/Page_/input_City'

2020-02-11 15:15:50 - [MESSAGE][PASSED] - Text '' is set on object 'Object Repository/Web_Office_Advanced_Company_Search/Page_/input_City'

2020-02-11 15:15:50 - [TEST_STEP][PASSED] - "-------------------------------------------------------------------------------------------------------------------------------------": null

2020-02-11 15:15:50 - [TEST_STEP][PASSED] - setText(findTestObject("Web_Office_Advanced_Company_Search/Page_/input_County"), County): Text '' is set on object 'Object Repository/Web_Office_Advanced_Company_Search/Page_/input_County'

2020-02-11 15:15:51 - [MESSAGE][PASSED] - Text '' is set on object 'Object Repository/Web_Office_Advanced_Company_Search/Page_/input_County'

2020-02-11 15:15:51 - [TEST_STEP][PASSED] - "-------------------------------------------------------------------------------------------------------------------------------------": null

2020-02-11 15:15:51 - [TEST_STEP][PASSED] - setText(findTestObject("Web_Office_Advanced_Company_Search/Page_/input_Postcode"), Postcode): Text '' is set on object 'Object Repository/Web_Office_Advanced_Company_Search/Page_/input_Postcode'

2020-02-11 15:15:51 - [MESSAGE][PASSED] - Text '' is set on object 'Object Repository/Web_Office_Advanced_Company_Search/Page_/input_Postcode'

2020-02-11 15:15:51 - [TEST_STEP][PASSED] - "-------------------------------------------------------------------------------------------------------------------------------------": null

2020-02-11 15:15:51 - [TEST_STEP][PASSED] - setText(findTestObject("Web_Office_Advanced_Company_Search/Page_/input_Telephone"), Tel): Text '' is set on object 'Object Repository/Web_Office_Advanced_Company_Search/Page_/input_Telephone'

2020-02-11 15:15:51 - [MESSAGE][PASSED] - Text '' is set on object 'Object Repository/Web_Office_Advanced_Company_Search/Page_/input_Telephone'

2020-02-11 15:15:51 - [TEST_STEP][PASSED] - "-------------------------------------------------------------------------------------------------------------------------------------": null

2020-02-11 15:15:51 - [TEST_STEP][PASSED] - setText(findTestObject("Web_Office_Advanced_Company_Search/Page_/input_Email"), Email): Text '' is set on object 'Object Repository/Web_Office_Advanced_Company_Search/Page_/input_Email'

2020-02-11 15:15:52 - [MESSAGE][PASSED] - Text '' is set on object 'Object Repository/Web_Office_Advanced_Company_Search/Page_/input_Email'

2020-02-11 15:15:52 - [TEST_STEP][PASSED] - "Set Status": null

2020-02-11 15:15:52 - [TEST_STEP][PASSED] - "-------------------------------------------------------------------------------------------------------------------------------------": null

2020-02-11 15:15:52 - [TEST_STEP][PASSED] - "Status 3 Options": null

2020-02-11 15:15:52 - [TEST_STEP][PASSED] - "-------------------------------------------------------------------------------------------------------------------------------------": null

2020-02-11 15:15:52 - [TEST_STEP][PASSED] - "Set Type": null

2020-02-11 15:15:52 - [TEST_STEP][PASSED] - "-------------------------------------------------------------------------------------------------------------------------------------": null

2020-02-11 15:15:52 - [TEST_STEP][PASSED] - "Type 3 Options": null

2020-02-11 15:15:52 - [TEST_STEP][PASSED] - "-------------------------------------------------------------------------------------------------------------------------------------": null

2020-02-11 15:15:52 - [TEST_STEP][PASSED] - scrollToPosition(0, 0): Browser is scrolled to position x = 0, y = 0

2020-02-11 15:15:52 - [MESSAGE][PASSED] - Browser is scrolled to position x = 0, y = 0

2020-02-11 15:15:52 - [TEST_STEP][PASSED] - waitForElementClickable(findTestObject("Web_Office_Advanced_Company_Search/Page_/Top_Search_Button"), 5): Object 'Object Repository/Web_Office_Advanced_Company_Search/Page_/Top_Search_Button' is clickable

2020-02-11 15:15:52 - [MESSAGE][PASSED] - Object 'Object Repository/Web_Office_Advanced_Company_Search/Page_/Top_Search_Button' is clickable

2020-02-11 15:15:52 - [TEST_STEP][PASSED] - click(findTestObject("Web_Office_Advanced_Company_Search/Page_/Top_Search_Button")): Object: 'Object Repository/Web_Office_Advanced_Company_Search/Page_/Top_Search_Button' is clicked on

2020-02-11 15:15:55 - [MESSAGE][PASSED] - Object: 'Object Repository/Web_Office_Advanced_Company_Search/Page_/Top_Search_Button' is clicked on

2020-02-11 15:15:55 - [MESSAGE][PASSED] - Call Test Case 'Test Cases/Reusable_Test_Sequences/Web_Office/Actions/Set_Advanced_Company_Data' successfully

2020-02-11 15:15:55 - [TEST_STEP][PASSED] - "--------------------------------------": null

2020-02-11 15:15:55 - [TEST_STEP][PASSED] - " Select Returned Record to Verify     |": null

2020-02-11 15:15:55 - [TEST_STEP][PASSED] - callTestCase(findTestCase("Reusable_Test_Sequences/Web_Office/Actions/Select_Company"), [:], OPTIONAL): Call Test Case 'Test Cases/Reusable_Test_Sequences/Web_Office/Actions/Select_Company' successfully

2020-02-11 15:15:55 - [TEST_CASE][PASSED] - Test Cases/Reusable_Test_Sequences/Web_Office/Actions/Select_Company: Test Cases/Reusable_Test_Sequences/Web_Office/Actions/Select_Company

2020-02-11 15:15:55 - [TEST_STEP][PASSED] - waitForPageLoad(60): Wait for page load successfully

2020-02-11 15:15:55 - [MESSAGE][PASSED] - Wait for page load successfully

2020-02-11 15:15:55 - [TEST_STEP][PASSED] - waitForElementClickable(findTestObject("Web_Office_Advanced_Company_Search/Page_/td_Returned_Company"), 5): Object 'Object Repository/Web_Office_Advanced_Company_Search/Page_/td_Returned_Company' is clickable

2020-02-11 15:15:55 - [MESSAGE][PASSED] - Object 'Object Repository/Web_Office_Advanced_Company_Search/Page_/td_Returned_Company' is clickable

2020-02-11 15:15:55 - [TEST_STEP][PASSED] - "-------------------------------------------------------------------------------------------------------------------------------------": null

2020-02-11 15:15:55 - [TEST_STEP][PASSED] - click(findTestObject("Web_Office_Advanced_Company_Search/Page_/td_Returned_Company")): Object: 'Object Repository/Web_Office_Advanced_Company_Search/Page_/td_Returned_Company' is clicked on

2020-02-11 15:15:58 - [MESSAGE][PASSED] - Object: 'Object Repository/Web_Office_Advanced_Company_Search/Page_/td_Returned_Company' is clicked on

2020-02-11 15:15:58 - [MESSAGE][PASSED] - Call Test Case 'Test Cases/Reusable_Test_Sequences/Web_Office/Actions/Select_Company' successfully

2020-02-11 15:15:58 - [TEST_STEP][PASSED] - "--------------------------------------": null

2020-02-11 15:15:58 - [TEST_STEP][PASSED] - " Verify Returned Company Record       |": null

2020-02-11 15:15:58 - [TEST_STEP][PASSED] - callTestCase(findTestCase("Reusable_Test_Sequences/Web_Office/Verification/Company_Returned_Advanced_Search_Record"), [:], OPTIONAL): Call Test Case 'Test Cases/Reusable_Test_Sequences/Web_Office/Verification/Company_Returned_Advanced_Search_Record' successfully

2020-02-11 15:15:58 - [TEST_CASE][PASSED] - Test Cases/Reusable_Test_Sequences/Web_Office/Verification/Company_Returned_Advanced_Search_Record: Test Cases/Reusable_Test_Sequences/Web_Office/Verification/Company_Returned_Advanced_Search_Record

2020-02-11 15:15:58 - [TEST_STEP][PASSED] - "--------------------------------": null

2020-02-11 15:15:58 - [TEST_STEP][PASSED] - "Read data from spreadsheet      | r_ = Returned Data": null

2020-02-11 15:15:58 - [TEST_STEP][PASSED] - data = findTestData("Data Files/Advance_Company_Search_Data"): null

2020-02-11 15:15:58 - [TEST_STEP][PASSED] - Trader_ID = data.getValue("Trader_ID", row): null

2020-02-11 15:15:58 - [TEST_STEP][PASSED] - Limited_Company_Number = data.getValue("Limited_Company_Number", row): null

2020-02-11 15:15:58 - [TEST_STEP][PASSED] - Company_Name = data.getValue("Company_Name", row): null

2020-02-11 15:15:58 - [TEST_STEP][PASSED] - Owner_Surname = data.getValue("Owner_Surname", row): null

2020-02-11 15:15:58 - [TEST_STEP][PASSED] - Owner_DOB = data.getValue("Owner_DOB", row): null

2020-02-11 15:15:58 - [TEST_STEP][PASSED] - Name_House = data.getValue("Name_House", row): null

2020-02-11 15:15:58 - [TEST_STEP][PASSED] - Number_Street = data.getValue("Number_Street", row): null

2020-02-11 15:15:58 - [TEST_STEP][PASSED] - Town = data.getValue("Town", row): null

2020-02-11 15:15:58 - [TEST_STEP][PASSED] - City = data.getValue("City", row): null

2020-02-11 15:15:58 - [TEST_STEP][PASSED] - County = data.getValue("County", row): null

2020-02-11 15:15:58 - [TEST_STEP][PASSED] - Postcode = data.getValue("Postcode", row): null

2020-02-11 15:15:58 - [TEST_STEP][PASSED] - Tel = data.getValue("Tel", row): null

2020-02-11 15:15:58 - [TEST_STEP][PASSED] - Email = data.getValue("Email", row): null

2020-02-11 15:15:58 - [TEST_STEP][PASSED] - "--------------------------------": null

2020-02-11 15:15:58 - [TEST_STEP][PASSED] - "Read data from spreadsheet      |": null

2020-02-11 15:15:58 - [TEST_STEP][PASSED] - Actual_Page_Text = "": null

2020-02-11 15:15:58 - [TEST_STEP][PASSED] - Expected_Page_Text = "": null

2020-02-11 15:15:58 - [TEST_STEP][PASSED] - waitForPageLoad(60): Wait for page load successfully

2020-02-11 15:15:58 - [MESSAGE][PASSED] - Wait for page load successfully

2020-02-11 15:15:58 - [TEST_STEP][PASSED] - delay(1): Delayed 1 second(s)

2020-02-11 15:15:59 - [MESSAGE][PASSED] - Delayed 1 second(s)

2020-02-11 15:15:59 - [TEST_STEP][PASSED] - "---------------------------------------------------------------------------------------------------------------------": null

2020-02-11 15:15:59 - [TEST_STEP][PASSED] - "HEADER DETAIL - iFrame": null

2020-02-11 15:15:59 - [TEST_STEP][PASSED] - "-----------------": null

2020-02-11 15:15:59 - [TEST_STEP][PASSED] - "PAGE_HEADER TEXT |": null

2020-02-11 15:15:59 - [TEST_STEP][PASSED] - verifyTextPresent(findTestData("Data Files/Advance_Company_Search_Data").getValue("Page_Header_Text", row), false): Text 'Kitchen Facelift & Renewal Limited' is present on page 

2020-02-11 15:16:00 - [MESSAGE][PASSED] - Text 'Kitchen Facelift & Renewal Limited' is present on page 

2020-02-11 15:16:00 - [TEST_STEP][PASSED] - "----------------": null

2020-02-11 15:16:00 - [TEST_STEP][PASSED] - "Email Address   |": null

2020-02-11 15:16:00 - [TEST_STEP][PASSED] - verifyTextPresent(findTestData("Data Files/Advance_Company_Search_Data").getValue("Email", row), false): Text '' is present on page 

2020-02-11 15:16:00 - [MESSAGE][PASSED] - Text '' is present on page 

2020-02-11 15:16:00 - [TEST_STEP][PASSED] - "----------------": null

2020-02-11 15:16:00 - [TEST_STEP][PASSED] - "Phone Number    |": null

2020-02-11 15:16:00 - [TEST_STEP][PASSED] - verifyTextPresent(findTestData("Data Files/Advance_Company_Search_Data").getValue("Tel", row), false): Text '' is present on page 

2020-02-11 15:16:01 - [MESSAGE][PASSED] - Text '' is present on page 

2020-02-11 15:16:01 - [TEST_STEP][PASSED] - "----------------": null

2020-02-11 15:16:01 - [TEST_STEP][PASSED] - "Trader ID       |": null

2020-02-11 15:16:01 - [TEST_STEP][PASSED] - verifyTextPresent(findTestData("Data Files/Advance_Company_Search_Data").getValue("Trader_ID", row), false): Text '' is present on page 

2020-02-11 15:16:02 - [MESSAGE][PASSED] - Text '' is present on page 

2020-02-11 15:16:02 - [TEST_STEP][PASSED] - "----------------": null

2020-02-11 15:16:02 - [TEST_STEP][PASSED] - "Postcode        |": null

2020-02-11 15:16:02 - [TEST_STEP][PASSED] - verifyTextPresent(findTestData("Data Files/Advance_Company_Search_Data").getValue("Postcode", row), false): Text '' is present on page 

2020-02-11 15:16:03 - [MESSAGE][PASSED] - Text '' is present on page 

2020-02-11 15:16:03 - [TEST_STEP][PASSED] - "----------------": null

2020-02-11 15:16:03 - [TEST_STEP][PASSED] - "Full Name       |": null

2020-02-11 15:16:03 - [TEST_STEP][PASSED] - verifyTextPresent(findTestData("Data Files/Advance_Company_Search_Data").getValue("Full_Name", row), false): Text 'Mr Steve Mercer' is present on page 

2020-02-11 15:16:04 - [MESSAGE][PASSED] - Text 'Mr Steve Mercer' is present on page 

2020-02-11 15:16:04 - [TEST_STEP][PASSED] - "----------------": null

2020-02-11 15:16:04 - [TEST_STEP][PASSED] - "Date of Birth   |": null

2020-02-11 15:16:04 - [TEST_STEP][PASSED] - verifyTextPresent(findTestData("Data Files/Advance_Company_Search_Data").getValue("Owner_DOB", row), false): Text '' is present on page 

2020-02-11 15:16:05 - [MESSAGE][PASSED] - Text '' is present on page 

2020-02-11 15:16:05 - [TEST_STEP][PASSED] - "----------------": null

2020-02-11 15:16:05 - [TEST_STEP][PASSED] - "Full Address    |": null

2020-02-11 15:16:05 - [TEST_STEP][PASSED] - verifyTextPresent(findTestData("Data Files/Advance_Company_Search_Data").getValue("Full_Address", row), false): Text 'Lyndale, Town Cross Avenue, Bognor Regis, West Sussex, PO21 2DN' is present on page 

2020-02-11 15:16:06 - [MESSAGE][PASSED] - Text 'Lyndale, Town Cross Avenue, Bognor Regis, West Sussex, PO21 2DN' is present on page 

2020-02-11 15:16:06 - [MESSAGE][PASSED] - Call Test Case 'Test Cases/Reusable_Test_Sequences/Web_Office/Verification/Company_Returned_Advanced_Search_Record' successfully

2020-02-11 15:16:06 - [TEST_STEP][PASSED] - "--------------------------": null

2020-02-11 15:16:06 - [TEST_STEP][PASSED] - " Teardown - CLose Browser |": null

2020-02-11 15:16:06 - [TEST_STEP][PASSED] - callTestCase(findTestCase("Reusable_Test_Sequences/CAT_Teardown"), [:], OPTIONAL): Call Test Case 'Test Cases/Reusable_Test_Sequences/CAT_Teardown' successfully

2020-02-11 15:16:06 - [TEST_CASE][PASSED] - Test Cases/Reusable_Test_Sequences/CAT_Teardown: Test Cases/Reusable_Test_Sequences/CAT_Teardown

2020-02-11 15:16:06 - [TEST_STEP][PASSED] - closeBrowser(): Browser is closed

2020-02-11 15:16:08 - [MESSAGE][PASSED] - Browser is closed

2020-02-11 15:16:08 - [MESSAGE][PASSED] - Call Test Case 'Test Cases/Reusable_Test_Sequences/CAT_Teardown' successfully

2020-02-11 15:16:08 - [TEST_STEP][PASSED] - "--------------------------------------": null

2020-02-11 15:16:08 - [TEST_STEP][PASSED] - " Web Office StartUp                  |": null

2020-02-11 15:16:08 - [TEST_STEP][PASSED] - callTestCase(findTestCase("Reusable_Test_Sequences/Web_Office/Directives/WebOffice_StartUp"), [:], STOP_ON_FAILURE): Call Test Case 'Test Cases/Reusable_Test_Sequences/Web_Office/Directives/WebOffice_StartUp' successfully

2020-02-11 15:16:08 - [TEST_CASE][PASSED] - Test Cases/Reusable_Test_Sequences/Web_Office/Directives/WebOffice_StartUp: Test Cases/Reusable_Test_Sequences/Web_Office/Directives/WebOffice_StartUp

2020-02-11 15:16:08 - [TEST_STEP][PASSED] - if (URL == "https://www.preview.checkatrade.com/"): null

2020-02-11 15:16:08 - [TEST_STEP][PASSED] - WebOfficeURL = "https://admin.preview.checkatrade.com/": null

2020-02-11 15:16:08 - [TEST_STEP][PASSED] - if (URL == "https://www.checkatrade.com/"): null

2020-02-11 15:16:08 - [TEST_STEP][PASSED] - "Set Function Area for "URL_Handler", URL Resolution": null

2020-02-11 15:16:08 - [TEST_STEP][PASSED] - "Do Some Magic with URL(s) See the comments within URL Handler ": null

2020-02-11 15:16:08 - [TEST_STEP][PASSED] - "------------------------------------------------": null

2020-02-11 15:16:08 - [TEST_STEP][PASSED] - "Moved Login Credentials to <Default> profile 22/01/2020": null

2020-02-11 15:16:08 - [TEST_STEP][PASSED] - "------------------------------------------------": null

2020-02-11 15:16:08 - [TEST_STEP][PASSED] - "WebOfficeURL - Set from the ENVIRONMENT PROFILE ": null

2020-02-11 15:16:08 - [TEST_STEP][PASSED] - "OPEN BROWSER": null

2020-02-11 15:16:08 - [TEST_STEP][PASSED] - "eg - https://admin.preview.checkatrade.com/  ": null

2020-02-11 15:16:08 - [TEST_STEP][PASSED] - openBrowser(WebOfficeURL): Browser is opened with url: 'https://admin.preview.checkatrade.com/'

2020-02-11 15:16:08 - [MESSAGE][INFO] - Starting 'Chrome' driver

2020-02-11 15:16:16 - [MESSAGE][PASSED] - Browser is opened with url: 'https://admin.preview.checkatrade.com/'

2020-02-11 15:16:16 - [TEST_STEP][PASSED] - maximizeWindow(): Current window maximized

2020-02-11 15:16:20 - [MESSAGE][PASSED] - Current window maximized

2020-02-11 15:16:20 - [TEST_STEP][PASSED] - waitForElementClickable(findTestObject("Object Repository/WebOffice/Page_Checkatrade - Administration - Login/Login_Button"), 25): Object 'Object Repository/WebOffice/Page_Checkatrade - Administration - Login/Login_Button' is clickable

2020-02-11 15:16:21 - [MESSAGE][PASSED] - Object 'Object Repository/WebOffice/Page_Checkatrade - Administration - Login/Login_Button' is clickable

2020-02-11 15:16:21 - [TEST_STEP][PASSED] - verifyTextPresent("Checkatrade Web Office", false): Text 'Checkatrade Web Office' is present on page 

2020-02-11 15:16:21 - [MESSAGE][PASSED] - Text 'Checkatrade Web Office' is present on page 

2020-02-11 15:16:21 - [TEST_STEP][PASSED] - verifyTextPresent("Access for staff use only", false): Text 'Access for staff use only' is present on page 

2020-02-11 15:16:21 - [MESSAGE][PASSED] - Text 'Access for staff use only' is present on page 

2020-02-11 15:16:21 - [TEST_STEP][PASSED] - verifyTextPresent("Forgotten password?", false): Text 'Forgotten password?' is present on page 

2020-02-11 15:16:21 - [MESSAGE][PASSED] - Text 'Forgotten password?' is present on page 

2020-02-11 15:16:21 - [TEST_STEP][PASSED] - setText(findTestObject("Object Repository/WebOffice/Page_Checkatrade - Administration - Login/input_Username_LoginControlUserName"), wo_Username): Text 'DavidHo' is set on object 'Object Repository/WebOffice/Page_Checkatrade - Administration - Login/input_Username_LoginControlUserName'

2020-02-11 15:16:21 - [MESSAGE][PASSED] - Text 'DavidHo' is set on object 'Object Repository/WebOffice/Page_Checkatrade - Administration - Login/input_Username_LoginControlUserName'

2020-02-11 15:16:21 - [TEST_STEP][PASSED] - setText(findTestObject("Object Repository/WebOffice/Page_Checkatrade - Administration - Login/input_Password_LoginControlPassword"), wo_Password): Text 'Check123' is set on object 'Object Repository/WebOffice/Page_Checkatrade - Administration - Login/input_Password_LoginControlPassword'

2020-02-11 15:16:22 - [MESSAGE][PASSED] - Text 'Check123' is set on object 'Object Repository/WebOffice/Page_Checkatrade - Administration - Login/input_Password_LoginControlPassword'

2020-02-11 15:16:22 - [TEST_STEP][PASSED] - click(findTestObject("Object Repository/WebOffice/Page_Checkatrade - Administration - Login/Login_Button")): Object: 'Object Repository/WebOffice/Page_Checkatrade - Administration - Login/Login_Button' is clicked on

2020-02-11 15:16:23 - [MESSAGE][PASSED] - Object: 'Object Repository/WebOffice/Page_Checkatrade - Administration - Login/Login_Button' is clicked on

2020-02-11 15:16:23 - [TEST_STEP][PASSED] - waitForPageLoad(60): Wait for page load successfully

2020-02-11 15:16:23 - [MESSAGE][PASSED] - Wait for page load successfully

2020-02-11 15:16:23 - [TEST_STEP][PASSED] - verifyTextPresent("Welcome " + wo_Username, false): Text 'Welcome DavidHo' is present on page 

2020-02-11 15:16:23 - [MESSAGE][PASSED] - Text 'Welcome DavidHo' is present on page 

2020-02-11 15:16:23 - [MESSAGE][PASSED] - Call Test Case 'Test Cases/Reusable_Test_Sequences/Web_Office/Directives/WebOffice_StartUp' successfully

2020-02-11 15:16:23 - [TEST_STEP][PASSED] - "--------------------------------------": null

2020-02-11 15:16:23 - [TEST_STEP][PASSED] - " Navigate to <Companies> Menu Item    |": null

2020-02-11 15:16:23 - [TEST_STEP][PASSED] - callTestCase(findTestCase("Reusable_Test_Sequences/Web_Office/navigation/Navigate_Advanced_Company_Search"), [:], STOP_ON_FAILURE): Call Test Case 'Test Cases/Reusable_Test_Sequences/Web_Office/navigation/Navigate_Advanced_Company_Search' successfully

2020-02-11 15:16:23 - [TEST_CASE][PASSED] - Test Cases/Reusable_Test_Sequences/Web_Office/navigation/Navigate_Advanced_Company_Search: Test Cases/Reusable_Test_Sequences/Web_Office/navigation/Navigate_Advanced_Company_Search

2020-02-11 15:16:23 - [TEST_STEP][PASSED] - "--------------------------------------": null

2020-02-11 15:16:23 - [TEST_STEP][PASSED] - " Navigate Top level menu Item         |": null

2020-02-11 15:16:23 - [TEST_STEP][PASSED] - waitForPageLoad(60): Wait for page load successfully

2020-02-11 15:16:23 - [MESSAGE][PASSED] - Wait for page load successfully

2020-02-11 15:16:23 - [TEST_STEP][PASSED] - waitForElementClickable(findTestObject("Object Repository/WebOffice_Home_page/a_Companies"), 60): Object 'Object Repository/WebOffice_Home_page/a_Companies' is clickable

2020-02-11 15:16:23 - [MESSAGE][PASSED] - Object 'Object Repository/WebOffice_Home_page/a_Companies' is clickable

2020-02-11 15:16:23 - [TEST_STEP][PASSED] - mouseOver(findTestObject("Object Repository/WebOffice_Home_page/a_Companies")): Object: 'Object Repository/WebOffice_Home_page/a_Companies' is hovered

2020-02-11 15:16:24 - [MESSAGE][PASSED] - Object: 'Object Repository/WebOffice_Home_page/a_Companies' is hovered

2020-02-11 15:16:24 - [TEST_STEP][PASSED] - waitForElementClickable(findTestObject("Object Repository/WebOffice_Home_page/a_Company_Advanced_Search"), 1): Object 'Object Repository/WebOffice_Home_page/a_Company_Advanced_Search' is clickable

2020-02-11 15:16:24 - [MESSAGE][PASSED] - Object 'Object Repository/WebOffice_Home_page/a_Company_Advanced_Search' is clickable

2020-02-11 15:16:24 - [TEST_STEP][PASSED] - click(findTestObject("Object Repository/WebOffice_Home_page/a_Company_Advanced_Search")): Object: 'Object Repository/WebOffice_Home_page/a_Company_Advanced_Search' is clicked on

2020-02-11 15:16:26 - [MESSAGE][PASSED] - Object: 'Object Repository/WebOffice_Home_page/a_Company_Advanced_Search' is clicked on

2020-02-11 15:16:26 - [MESSAGE][PASSED] - Call Test Case 'Test Cases/Reusable_Test_Sequences/Web_Office/navigation/Navigate_Advanced_Company_Search' successfully

2020-02-11 15:16:26 - [TEST_STEP][PASSED] - "--------------------------------------": null

2020-02-11 15:16:26 - [TEST_STEP][PASSED] - " LH Pane  - Apply Search Criteria     |": null

2020-02-11 15:16:26 - [TEST_STEP][PASSED] - callTestCase(findTestCase("Reusable_Test_Sequences/Web_Office/Actions/Set_Advanced_Company_Data"), [:], STOP_ON_FAILURE): Call Test Case 'Test Cases/Reusable_Test_Sequences/Web_Office/Actions/Set_Advanced_Company_Data' successfully

2020-02-11 15:16:26 - [TEST_CASE][PASSED] - Test Cases/Reusable_Test_Sequences/Web_Office/Actions/Set_Advanced_Company_Data: Test Cases/Reusable_Test_Sequences/Web_Office/Actions/Set_Advanced_Company_Data

2020-02-11 15:16:26 - [TEST_STEP][PASSED] - "--------------------------------": null

2020-02-11 15:16:26 - [TEST_STEP][PASSED] - "Read data from spreadsheet      |": null

2020-02-11 15:16:26 - [TEST_STEP][PASSED] - data = findTestData("Data Files/Advance_Company_Search_Data"): null

2020-02-11 15:16:26 - [TEST_STEP][PASSED] - Trader_ID = data.getValue("Trader_ID", row): null

2020-02-11 15:16:26 - [TEST_STEP][PASSED] - Limited_Company_Number = data.getValue("Limited_Company_Number", row): null

2020-02-11 15:16:26 - [TEST_STEP][PASSED] - Company_Name = data.getValue("Company_Name", row): null

2020-02-11 15:16:26 - [TEST_STEP][PASSED] - Owner_Surname = data.getValue("Owner_Surname", row): null

2020-02-11 15:16:26 - [TEST_STEP][PASSED] - Owner_DOB = data.getValue("Owner_DOB", row): null

2020-02-11 15:16:26 - [TEST_STEP][PASSED] - Name_House = data.getValue("Name_House", row): null

2020-02-11 15:16:26 - [TEST_STEP][PASSED] - Number_Street = data.getValue("Number_Street", row): null

2020-02-11 15:16:26 - [TEST_STEP][PASSED] - Town = data.getValue("Town", row): null

2020-02-11 15:16:26 - [TEST_STEP][PASSED] - City = data.getValue("City", row): null

2020-02-11 15:16:26 - [TEST_STEP][PASSED] - County = data.getValue("County", row): null

2020-02-11 15:16:26 - [TEST_STEP][PASSED] - Postcode = data.getValue("Postcode", row): null

2020-02-11 15:16:26 - [TEST_STEP][PASSED] - Tel = data.getValue("Tel", row): null

2020-02-11 15:16:26 - [TEST_STEP][PASSED] - Email = data.getValue("Email", row): null

2020-02-11 15:16:26 - [TEST_STEP][PASSED] - "slack": null

2020-02-11 15:16:26 - [TEST_STEP][PASSED] - "--------------------------------": null

2020-02-11 15:16:26 - [TEST_STEP][PASSED] - " Synchronisation                |": null

2020-02-11 15:16:26 - [TEST_STEP][PASSED] - waitForPageLoad(60): Wait for page load successfully

2020-02-11 15:16:26 - [MESSAGE][PASSED] - Wait for page load successfully

2020-02-11 15:16:26 - [TEST_STEP][PASSED] - waitForElementVisible(findTestObject("Web_Office_Advanced_Company_Search/Page_/input_Clear_ctl00ctl00CP1ctlSearchbtnSearch"), 60): Object 'Object Repository/Web_Office_Advanced_Company_Search/Page_/input_Clear_ctl00ctl00CP1ctlSearchbtnSearch' is visible

2020-02-11 15:16:27 - [MESSAGE][PASSED] - Object 'Object Repository/Web_Office_Advanced_Company_Search/Page_/input_Clear_ctl00ctl00CP1ctlSearchbtnSearch' is visible

2020-02-11 15:16:27 - [TEST_STEP][PASSED] - "https://admin.preview.checkatrade.com/Companies/Search.aspx": null

2020-02-11 15:16:27 - [TEST_STEP][PASSED] - "-------------------------------------------------------------------------------------------------------------------------------------": null

2020-02-11 15:16:27 - [TEST_STEP][PASSED] - setText(findTestObject("Web_Office_Advanced_Company_Search/Page_/table_Trader ID"), Trader_ID): Text '105' is set on object 'Object Repository/Web_Office_Advanced_Company_Search/Page_/table_Trader ID'

2020-02-11 15:16:27 - [MESSAGE][PASSED] - Text '105' is set on object 'Object Repository/Web_Office_Advanced_Company_Search/Page_/table_Trader ID'

2020-02-11 15:16:27 - [TEST_STEP][PASSED] - "-------------------------------------------------------------------------------------------------------------------------------------": null

2020-02-11 15:16:27 - [TEST_STEP][PASSED] - setText(findTestObject("Web_Office_Advanced_Company_Search/Page_/input_Limited Company Number"), Limited_Company_Number): Text '' is set on object 'Object Repository/Web_Office_Advanced_Company_Search/Page_/input_Limited Company Number'

2020-02-11 15:16:28 - [MESSAGE][PASSED] - Text '' is set on object 'Object Repository/Web_Office_Advanced_Company_Search/Page_/input_Limited Company Number'

2020-02-11 15:16:28 - [TEST_STEP][PASSED] - "-------------------------------------------------------------------------------------------------------------------------------------": null

2020-02-11 15:16:28 - [TEST_STEP][PASSED] - setText(findTestObject("Web_Office_Advanced_Company_Search/Page_/input_Company Name"), Company_Name): Text '' is set on object 'Object Repository/Web_Office_Advanced_Company_Search/Page_/input_Company Name'

2020-02-11 15:16:28 - [MESSAGE][PASSED] - Text '' is set on object 'Object Repository/Web_Office_Advanced_Company_Search/Page_/input_Company Name'

2020-02-11 15:16:28 - [TEST_STEP][PASSED] - "-------------------------------------------------------------------------------------------------------------------------------------": null

2020-02-11 15:16:28 - [TEST_STEP][PASSED] - "Set Owner_Date of Birth": null

2020-02-11 15:16:28 - [TEST_STEP][PASSED] - "-------------------------------------------------------------------------------------------------------------------------------------": null

2020-02-11 15:16:28 - [TEST_STEP][PASSED] - setText(findTestObject("Web_Office_Advanced_Company_Search/Page_/input_Owner Surname"), Owner_Surname): Text '' is set on object 'Object Repository/Web_Office_Advanced_Company_Search/Page_/input_Owner Surname'

2020-02-11 15:16:29 - [MESSAGE][PASSED] - Text '' is set on object 'Object Repository/Web_Office_Advanced_Company_Search/Page_/input_Owner Surname'

2020-02-11 15:16:29 - [TEST_STEP][PASSED] - "-------------------------------------------------------------------------------------------------------------------------------------": null

2020-02-11 15:16:29 - [TEST_STEP][PASSED] - setText(findTestObject("Web_Office_Advanced_Company_Search/Page_/input_Name Of House"), Name_House): Text '' is set on object 'Object Repository/Web_Office_Advanced_Company_Search/Page_/input_Name Of House'

2020-02-11 15:16:29 - [MESSAGE][PASSED] - Text '' is set on object 'Object Repository/Web_Office_Advanced_Company_Search/Page_/input_Name Of House'

2020-02-11 15:16:29 - [TEST_STEP][PASSED] - "-------------------------------------------------------------------------------------------------------------------------------------": null

2020-02-11 15:16:29 - [TEST_STEP][PASSED] - "Set Street": null

2020-02-11 15:16:29 - [TEST_STEP][PASSED] - "-------------------------------------------------------------------------------------------------------------------------------------": null

2020-02-11 15:16:29 - [TEST_STEP][PASSED] - setText(findTestObject("Web_Office_Advanced_Company_Search/Page_/input_Town"), Town): Text '' is set on object 'Object Repository/Web_Office_Advanced_Company_Search/Page_/input_Town'

2020-02-11 15:16:30 - [MESSAGE][PASSED] - Text '' is set on object 'Object Repository/Web_Office_Advanced_Company_Search/Page_/input_Town'

2020-02-11 15:16:30 - [TEST_STEP][PASSED] - "-------------------------------------------------------------------------------------------------------------------------------------": null

2020-02-11 15:16:30 - [TEST_STEP][PASSED] - setText(findTestObject("Web_Office_Advanced_Company_Search/Page_/input_City"), City): Text '' is set on object 'Object Repository/Web_Office_Advanced_Company_Search/Page_/input_City'

2020-02-11 15:16:31 - [MESSAGE][PASSED] - Text '' is set on object 'Object Repository/Web_Office_Advanced_Company_Search/Page_/input_City'

2020-02-11 15:16:31 - [TEST_STEP][PASSED] - "-------------------------------------------------------------------------------------------------------------------------------------": null

2020-02-11 15:16:31 - [TEST_STEP][PASSED] - setText(findTestObject("Web_Office_Advanced_Company_Search/Page_/input_County"), County): Text '' is set on object 'Object Repository/Web_Office_Advanced_Company_Search/Page_/input_County'

2020-02-11 15:16:31 - [MESSAGE][PASSED] - Text '' is set on object 'Object Repository/Web_Office_Advanced_Company_Search/Page_/input_County'

2020-02-11 15:16:31 - [TEST_STEP][PASSED] - "-------------------------------------------------------------------------------------------------------------------------------------": null

2020-02-11 15:16:31 - [TEST_STEP][PASSED] - setText(findTestObject("Web_Office_Advanced_Company_Search/Page_/input_Postcode"), Postcode): Text '' is set on object 'Object Repository/Web_Office_Advanced_Company_Search/Page_/input_Postcode'

2020-02-11 15:16:32 - [MESSAGE][PASSED] - Text '' is set on object 'Object Repository/Web_Office_Advanced_Company_Search/Page_/input_Postcode'

2020-02-11 15:16:32 - [TEST_STEP][PASSED] - "-------------------------------------------------------------------------------------------------------------------------------------": null

2020-02-11 15:16:32 - [TEST_STEP][PASSED] - setText(findTestObject("Web_Office_Advanced_Company_Search/Page_/input_Telephone"), Tel): Text '' is set on object 'Object Repository/Web_Office_Advanced_Company_Search/Page_/input_Telephone'

2020-02-11 15:16:32 - [MESSAGE][PASSED] - Text '' is set on object 'Object Repository/Web_Office_Advanced_Company_Search/Page_/input_Telephone'

2020-02-11 15:16:32 - [TEST_STEP][PASSED] - "-------------------------------------------------------------------------------------------------------------------------------------": null

2020-02-11 15:16:32 - [TEST_STEP][PASSED] - setText(findTestObject("Web_Office_Advanced_Company_Search/Page_/input_Email"), Email): Text '' is set on object 'Object Repository/Web_Office_Advanced_Company_Search/Page_/input_Email'

2020-02-11 15:16:32 - [MESSAGE][PASSED] - Text '' is set on object 'Object Repository/Web_Office_Advanced_Company_Search/Page_/input_Email'

2020-02-11 15:16:32 - [TEST_STEP][PASSED] - "Set Status": null

2020-02-11 15:16:32 - [TEST_STEP][PASSED] - "-------------------------------------------------------------------------------------------------------------------------------------": null

2020-02-11 15:16:32 - [TEST_STEP][PASSED] - "Status 3 Options": null

2020-02-11 15:16:32 - [TEST_STEP][PASSED] - "-------------------------------------------------------------------------------------------------------------------------------------": null

2020-02-11 15:16:32 - [TEST_STEP][PASSED] - "Set Type": null

2020-02-11 15:16:32 - [TEST_STEP][PASSED] - "-------------------------------------------------------------------------------------------------------------------------------------": null

2020-02-11 15:16:32 - [TEST_STEP][PASSED] - "Type 3 Options": null

2020-02-11 15:16:32 - [TEST_STEP][PASSED] - "-------------------------------------------------------------------------------------------------------------------------------------": null

2020-02-11 15:16:32 - [TEST_STEP][PASSED] - scrollToPosition(0, 0): Browser is scrolled to position x = 0, y = 0

2020-02-11 15:16:32 - [MESSAGE][PASSED] - Browser is scrolled to position x = 0, y = 0

2020-02-11 15:16:32 - [TEST_STEP][PASSED] - waitForElementClickable(findTestObject("Web_Office_Advanced_Company_Search/Page_/Top_Search_Button"), 5): Object 'Object Repository/Web_Office_Advanced_Company_Search/Page_/Top_Search_Button' is clickable

2020-02-11 15:16:32 - [MESSAGE][PASSED] - Object 'Object Repository/Web_Office_Advanced_Company_Search/Page_/Top_Search_Button' is clickable

2020-02-11 15:16:32 - [TEST_STEP][PASSED] - click(findTestObject("Web_Office_Advanced_Company_Search/Page_/Top_Search_Button")): Object: 'Object Repository/Web_Office_Advanced_Company_Search/Page_/Top_Search_Button' is clicked on

2020-02-11 15:16:37 - [MESSAGE][PASSED] - Object: 'Object Repository/Web_Office_Advanced_Company_Search/Page_/Top_Search_Button' is clicked on

2020-02-11 15:16:37 - [MESSAGE][PASSED] - Call Test Case 'Test Cases/Reusable_Test_Sequences/Web_Office/Actions/Set_Advanced_Company_Data' successfully

2020-02-11 15:16:37 - [TEST_STEP][PASSED] - "--------------------------------------": null

2020-02-11 15:16:37 - [TEST_STEP][PASSED] - " Select Returned Record to Verify     |": null

2020-02-11 15:16:37 - [TEST_STEP][PASSED] - callTestCase(findTestCase("Reusable_Test_Sequences/Web_Office/Actions/Select_Company"), [:], OPTIONAL): Call Test Case 'Test Cases/Reusable_Test_Sequences/Web_Office/Actions/Select_Company' successfully

2020-02-11 15:16:37 - [TEST_CASE][PASSED] - Test Cases/Reusable_Test_Sequences/Web_Office/Actions/Select_Company: Test Cases/Reusable_Test_Sequences/Web_Office/Actions/Select_Company

2020-02-11 15:16:37 - [TEST_STEP][PASSED] - waitForPageLoad(60): Wait for page load successfully

2020-02-11 15:16:37 - [MESSAGE][PASSED] - Wait for page load successfully

2020-02-11 15:16:37 - [TEST_STEP][PASSED] - waitForElementClickable(findTestObject("Web_Office_Advanced_Company_Search/Page_/td_Returned_Company"), 5): Object 'Object Repository/Web_Office_Advanced_Company_Search/Page_/td_Returned_Company' is clickable

2020-02-11 15:16:37 - [MESSAGE][PASSED] - Object 'Object Repository/Web_Office_Advanced_Company_Search/Page_/td_Returned_Company' is clickable

2020-02-11 15:16:37 - [TEST_STEP][PASSED] - "-------------------------------------------------------------------------------------------------------------------------------------": null

2020-02-11 15:16:37 - [TEST_STEP][PASSED] - click(findTestObject("Web_Office_Advanced_Company_Search/Page_/td_Returned_Company")): Object: 'Object Repository/Web_Office_Advanced_Company_Search/Page_/td_Returned_Company' is clicked on

2020-02-11 15:16:40 - [MESSAGE][PASSED] - Object: 'Object Repository/Web_Office_Advanced_Company_Search/Page_/td_Returned_Company' is clicked on

2020-02-11 15:16:40 - [MESSAGE][PASSED] - Call Test Case 'Test Cases/Reusable_Test_Sequences/Web_Office/Actions/Select_Company' successfully

2020-02-11 15:16:40 - [TEST_STEP][PASSED] - "--------------------------------------": null

2020-02-11 15:16:40 - [TEST_STEP][PASSED] - " Verify Returned Company Record       |": null

2020-02-11 15:16:40 - [TEST_STEP][PASSED] - callTestCase(findTestCase("Reusable_Test_Sequences/Web_Office/Verification/Company_Returned_Advanced_Search_Record"), [:], OPTIONAL): Call Test Case 'Test Cases/Reusable_Test_Sequences/Web_Office/Verification/Company_Returned_Advanced_Search_Record' successfully

2020-02-11 15:16:40 - [TEST_CASE][PASSED] - Test Cases/Reusable_Test_Sequences/Web_Office/Verification/Company_Returned_Advanced_Search_Record: Test Cases/Reusable_Test_Sequences/Web_Office/Verification/Company_Returned_Advanced_Search_Record

2020-02-11 15:16:40 - [TEST_STEP][PASSED] - "--------------------------------": null

2020-02-11 15:16:40 - [TEST_STEP][PASSED] - "Read data from spreadsheet      | r_ = Returned Data": null

2020-02-11 15:16:40 - [TEST_STEP][PASSED] - data = findTestData("Data Files/Advance_Company_Search_Data"): null

2020-02-11 15:16:40 - [TEST_STEP][PASSED] - Trader_ID = data.getValue("Trader_ID", row): null

2020-02-11 15:16:40 - [TEST_STEP][PASSED] - Limited_Company_Number = data.getValue("Limited_Company_Number", row): null

2020-02-11 15:16:40 - [TEST_STEP][PASSED] - Company_Name = data.getValue("Company_Name", row): null

2020-02-11 15:16:40 - [TEST_STEP][PASSED] - Owner_Surname = data.getValue("Owner_Surname", row): null

2020-02-11 15:16:40 - [TEST_STEP][PASSED] - Owner_DOB = data.getValue("Owner_DOB", row): null

2020-02-11 15:16:40 - [TEST_STEP][PASSED] - Name_House = data.getValue("Name_House", row): null

2020-02-11 15:16:40 - [TEST_STEP][PASSED] - Number_Street = data.getValue("Number_Street", row): null

2020-02-11 15:16:40 - [TEST_STEP][PASSED] - Town = data.getValue("Town", row): null

2020-02-11 15:16:40 - [TEST_STEP][PASSED] - City = data.getValue("City", row): null

2020-02-11 15:16:40 - [TEST_STEP][PASSED] - County = data.getValue("County", row): null

2020-02-11 15:16:40 - [TEST_STEP][PASSED] - Postcode = data.getValue("Postcode", row): null

2020-02-11 15:16:40 - [TEST_STEP][PASSED] - Tel = data.getValue("Tel", row): null

2020-02-11 15:16:40 - [TEST_STEP][PASSED] - Email = data.getValue("Email", row): null

2020-02-11 15:16:40 - [TEST_STEP][PASSED] - "--------------------------------": null

2020-02-11 15:16:40 - [TEST_STEP][PASSED] - "Read data from spreadsheet      |": null

2020-02-11 15:16:40 - [TEST_STEP][PASSED] - Actual_Page_Text = "": null

2020-02-11 15:16:40 - [TEST_STEP][PASSED] - Expected_Page_Text = "": null

2020-02-11 15:16:40 - [TEST_STEP][PASSED] - waitForPageLoad(60): Wait for page load successfully

2020-02-11 15:16:40 - [MESSAGE][PASSED] - Wait for page load successfully

2020-02-11 15:16:40 - [TEST_STEP][PASSED] - delay(1): Delayed 1 second(s)

2020-02-11 15:16:41 - [MESSAGE][PASSED] - Delayed 1 second(s)

2020-02-11 15:16:41 - [TEST_STEP][PASSED] - "---------------------------------------------------------------------------------------------------------------------": null

2020-02-11 15:16:41 - [TEST_STEP][PASSED] - "HEADER DETAIL - iFrame": null

2020-02-11 15:16:41 - [TEST_STEP][PASSED] - "-----------------": null

2020-02-11 15:16:41 - [TEST_STEP][PASSED] - "PAGE_HEADER TEXT |": null

2020-02-11 15:16:41 - [TEST_STEP][PASSED] - verifyTextPresent(findTestData("Data Files/Advance_Company_Search_Data").getValue("Page_Header_Text", row), false): Text 'Symes Garden Services' is present on page 

2020-02-11 15:16:42 - [MESSAGE][PASSED] - Text 'Symes Garden Services' is present on page 

2020-02-11 15:16:42 - [TEST_STEP][PASSED] - "----------------": null

2020-02-11 15:16:42 - [TEST_STEP][PASSED] - "Email Address   |": null

2020-02-11 15:16:42 - [TEST_STEP][PASSED] - verifyTextPresent(findTestData("Data Files/Advance_Company_Search_Data").getValue("Email", row), false): Text '' is present on page 

2020-02-11 15:16:42 - [MESSAGE][PASSED] - Text '' is present on page 

2020-02-11 15:16:42 - [TEST_STEP][PASSED] - "----------------": null

2020-02-11 15:16:42 - [TEST_STEP][PASSED] - "Phone Number    |": null

2020-02-11 15:16:42 - [TEST_STEP][PASSED] - verifyTextPresent(findTestData("Data Files/Advance_Company_Search_Data").getValue("Tel", row), false): Text '' is present on page 

2020-02-11 15:16:42 - [MESSAGE][PASSED] - Text '' is present on page 

2020-02-11 15:16:42 - [TEST_STEP][PASSED] - "----------------": null

2020-02-11 15:16:42 - [TEST_STEP][PASSED] - "Trader ID       |": null

2020-02-11 15:16:42 - [TEST_STEP][PASSED] - verifyTextPresent(findTestData("Data Files/Advance_Company_Search_Data").getValue("Trader_ID", row), false): Text '105' is present on page 

2020-02-11 15:16:43 - [MESSAGE][PASSED] - Text '105' is present on page 

2020-02-11 15:16:43 - [TEST_STEP][PASSED] - "----------------": null

2020-02-11 15:16:43 - [TEST_STEP][PASSED] - "Postcode        |": null

2020-02-11 15:16:43 - [TEST_STEP][PASSED] - verifyTextPresent(findTestData("Data Files/Advance_Company_Search_Data").getValue("Postcode", row), false): Text '' is present on page 

2020-02-11 15:16:44 - [MESSAGE][PASSED] - Text '' is present on page 

2020-02-11 15:16:44 - [TEST_STEP][PASSED] - "----------------": null

2020-02-11 15:16:44 - [TEST_STEP][PASSED] - "Full Name       |": null

2020-02-11 15:16:44 - [TEST_STEP][PASSED] - verifyTextPresent(findTestData("Data Files/Advance_Company_Search_Data").getValue("Full_Name", row), false): Text 'Mr Bob Symes' is present on page 

2020-02-11 15:16:45 - [MESSAGE][PASSED] - Text 'Mr Bob Symes' is present on page 

2020-02-11 15:16:45 - [TEST_STEP][PASSED] - "----------------": null

2020-02-11 15:16:45 - [TEST_STEP][PASSED] - "Date of Birth   |": null

2020-02-11 15:16:45 - [TEST_STEP][PASSED] - verifyTextPresent(findTestData("Data Files/Advance_Company_Search_Data").getValue("Owner_DOB", row), false): Text '' is present on page 

2020-02-11 15:16:45 - [MESSAGE][PASSED] - Text '' is present on page 

2020-02-11 15:16:45 - [TEST_STEP][PASSED] - "----------------": null

2020-02-11 15:16:45 - [TEST_STEP][PASSED] - "Full Address    |": null

2020-02-11 15:16:45 - [TEST_STEP][PASSED] - verifyTextPresent(findTestData("Data Files/Advance_Company_Search_Data").getValue("Full_Address", row), false): Text '8 The Newlands, Wallington, Greater London, SM6 9JU' is present on page 

2020-02-11 15:16:46 - [MESSAGE][PASSED] - Text '8 The Newlands, Wallington, Greater London, SM6 9JU' is present on page 

2020-02-11 15:16:46 - [MESSAGE][PASSED] - Call Test Case 'Test Cases/Reusable_Test_Sequences/Web_Office/Verification/Company_Returned_Advanced_Search_Record' successfully

2020-02-11 15:16:46 - [TEST_STEP][PASSED] - "--------------------------": null

2020-02-11 15:16:46 - [TEST_STEP][PASSED] - " Teardown - CLose Browser |": null

2020-02-11 15:16:46 - [TEST_STEP][PASSED] - callTestCase(findTestCase("Reusable_Test_Sequences/CAT_Teardown"), [:], OPTIONAL): Call Test Case 'Test Cases/Reusable_Test_Sequences/CAT_Teardown' successfully

2020-02-11 15:16:46 - [TEST_CASE][PASSED] - Test Cases/Reusable_Test_Sequences/CAT_Teardown: Test Cases/Reusable_Test_Sequences/CAT_Teardown

2020-02-11 15:16:46 - [TEST_STEP][PASSED] - closeBrowser(): Browser is closed

2020-02-11 15:16:47 - [MESSAGE][PASSED] - Browser is closed

2020-02-11 15:16:47 - [MESSAGE][PASSED] - Call Test Case 'Test Cases/Reusable_Test_Sequences/CAT_Teardown' successfully]]></system-out>
         <system-err><![CDATA[]]></system-err>
      </testcase>
      <testcase name="Test Cases/Web_Office/WebOffice_Consumer_Search" time="178.508" classname="Test Cases/Web_Office/WebOffice_Consumer_Search" status="PASSED">
         <system-out><![CDATA[2020-02-11 15:16:47 - [TEST_CASE][PASSED] - Test Cases/Web_Office/WebOffice_Consumer_Search: Test Cases/Web_Office/WebOffice_Consumer_Search

2020-02-11 15:16:48 - [TEST_STEP][PASSED] - for ([row = 1, row <= findTestData("Consumer_Data (1)").getRowNumbers(), (internal.GlobalVariable.row++)]): Call Test Case 'Test Cases/Reusable_Test_Sequences/CAT_Teardown' successfully

2020-02-11 15:16:48 - [TEST_STEP][PASSED] - "--------------------------------------": null

2020-02-11 15:16:48 - [TEST_STEP][PASSED] - " Web Office StartUp                   |": null

2020-02-11 15:16:48 - [TEST_STEP][PASSED] - callTestCase(findTestCase("Reusable_Test_Sequences/Web_Office/Directives/WebOffice_StartUp"), [:], OPTIONAL): Call Test Case 'Test Cases/Reusable_Test_Sequences/Web_Office/Directives/WebOffice_StartUp' successfully

2020-02-11 15:16:48 - [TEST_CASE][PASSED] - Test Cases/Reusable_Test_Sequences/Web_Office/Directives/WebOffice_StartUp: Test Cases/Reusable_Test_Sequences/Web_Office/Directives/WebOffice_StartUp

2020-02-11 15:16:48 - [TEST_STEP][PASSED] - if (URL == "https://www.preview.checkatrade.com/"): null

2020-02-11 15:16:48 - [TEST_STEP][PASSED] - WebOfficeURL = "https://admin.preview.checkatrade.com/": null

2020-02-11 15:16:48 - [TEST_STEP][PASSED] - if (URL == "https://www.checkatrade.com/"): null

2020-02-11 15:16:48 - [TEST_STEP][PASSED] - "Set Function Area for "URL_Handler", URL Resolution": null

2020-02-11 15:16:48 - [TEST_STEP][PASSED] - "Do Some Magic with URL(s) See the comments within URL Handler ": null

2020-02-11 15:16:48 - [TEST_STEP][PASSED] - "------------------------------------------------": null

2020-02-11 15:16:48 - [TEST_STEP][PASSED] - "Moved Login Credentials to <Default> profile 22/01/2020": null

2020-02-11 15:16:48 - [TEST_STEP][PASSED] - "------------------------------------------------": null

2020-02-11 15:16:48 - [TEST_STEP][PASSED] - "WebOfficeURL - Set from the ENVIRONMENT PROFILE ": null

2020-02-11 15:16:48 - [TEST_STEP][PASSED] - "OPEN BROWSER": null

2020-02-11 15:16:48 - [TEST_STEP][PASSED] - "eg - https://admin.preview.checkatrade.com/  ": null

2020-02-11 15:16:48 - [TEST_STEP][PASSED] - openBrowser(WebOfficeURL): Browser is opened with url: 'https://admin.preview.checkatrade.com/'

2020-02-11 15:16:48 - [MESSAGE][INFO] - Starting 'Chrome' driver

2020-02-11 15:16:55 - [MESSAGE][PASSED] - Browser is opened with url: 'https://admin.preview.checkatrade.com/'

2020-02-11 15:16:55 - [TEST_STEP][PASSED] - maximizeWindow(): Current window maximized

2020-02-11 15:16:57 - [MESSAGE][PASSED] - Current window maximized

2020-02-11 15:16:57 - [TEST_STEP][PASSED] - waitForElementClickable(findTestObject("Object Repository/WebOffice/Page_Checkatrade - Administration - Login/Login_Button"), 25): Object 'Object Repository/WebOffice/Page_Checkatrade - Administration - Login/Login_Button' is clickable

2020-02-11 15:16:58 - [MESSAGE][PASSED] - Object 'Object Repository/WebOffice/Page_Checkatrade - Administration - Login/Login_Button' is clickable

2020-02-11 15:16:58 - [TEST_STEP][PASSED] - verifyTextPresent("Checkatrade Web Office", false): Text 'Checkatrade Web Office' is present on page 

2020-02-11 15:16:58 - [MESSAGE][PASSED] - Text 'Checkatrade Web Office' is present on page 

2020-02-11 15:16:58 - [TEST_STEP][PASSED] - verifyTextPresent("Access for staff use only", false): Text 'Access for staff use only' is present on page 

2020-02-11 15:16:58 - [MESSAGE][PASSED] - Text 'Access for staff use only' is present on page 

2020-02-11 15:16:58 - [TEST_STEP][PASSED] - verifyTextPresent("Forgotten password?", false): Text 'Forgotten password?' is present on page 

2020-02-11 15:16:58 - [MESSAGE][PASSED] - Text 'Forgotten password?' is present on page 

2020-02-11 15:16:58 - [TEST_STEP][PASSED] - setText(findTestObject("Object Repository/WebOffice/Page_Checkatrade - Administration - Login/input_Username_LoginControlUserName"), wo_Username): Text 'DavidHo' is set on object 'Object Repository/WebOffice/Page_Checkatrade - Administration - Login/input_Username_LoginControlUserName'

2020-02-11 15:16:58 - [MESSAGE][PASSED] - Text 'DavidHo' is set on object 'Object Repository/WebOffice/Page_Checkatrade - Administration - Login/input_Username_LoginControlUserName'

2020-02-11 15:16:58 - [TEST_STEP][PASSED] - setText(findTestObject("Object Repository/WebOffice/Page_Checkatrade - Administration - Login/input_Password_LoginControlPassword"), wo_Password): Text 'Check123' is set on object 'Object Repository/WebOffice/Page_Checkatrade - Administration - Login/input_Password_LoginControlPassword'

2020-02-11 15:16:58 - [MESSAGE][PASSED] - Text 'Check123' is set on object 'Object Repository/WebOffice/Page_Checkatrade - Administration - Login/input_Password_LoginControlPassword'

2020-02-11 15:16:58 - [TEST_STEP][PASSED] - click(findTestObject("Object Repository/WebOffice/Page_Checkatrade - Administration - Login/Login_Button")): Object: 'Object Repository/WebOffice/Page_Checkatrade - Administration - Login/Login_Button' is clicked on

2020-02-11 15:17:00 - [MESSAGE][PASSED] - Object: 'Object Repository/WebOffice/Page_Checkatrade - Administration - Login/Login_Button' is clicked on

2020-02-11 15:17:00 - [TEST_STEP][PASSED] - waitForPageLoad(60): Wait for page load successfully

2020-02-11 15:17:00 - [MESSAGE][PASSED] - Wait for page load successfully

2020-02-11 15:17:00 - [TEST_STEP][PASSED] - verifyTextPresent("Welcome " + wo_Username, false): Text 'Welcome DavidHo' is present on page 

2020-02-11 15:17:00 - [MESSAGE][PASSED] - Text 'Welcome DavidHo' is present on page 

2020-02-11 15:17:00 - [MESSAGE][PASSED] - Call Test Case 'Test Cases/Reusable_Test_Sequences/Web_Office/Directives/WebOffice_StartUp' successfully

2020-02-11 15:17:00 - [TEST_STEP][PASSED] - "--------------------------------------": null

2020-02-11 15:17:00 - [TEST_STEP][PASSED] - " Navigate to <Consumer> Menu Item     |": null

2020-02-11 15:17:00 - [TEST_STEP][PASSED] - callTestCase(findTestCase("Reusable_Test_Sequences/Web_Office/navigation/Navigate_Consumers"), [:], OPTIONAL): Call Test Case 'Test Cases/Reusable_Test_Sequences/Web_Office/navigation/Navigate_Consumers' successfully

2020-02-11 15:17:00 - [TEST_CASE][PASSED] - Test Cases/Reusable_Test_Sequences/Web_Office/navigation/Navigate_Consumers: Test Cases/Reusable_Test_Sequences/Web_Office/navigation/Navigate_Consumers

2020-02-11 15:17:01 - [TEST_STEP][PASSED] - "--------------------------------------": null

2020-02-11 15:17:01 - [TEST_STEP][PASSED] - " Navigate Top level menu Item         |": null

2020-02-11 15:17:01 - [TEST_STEP][PASSED] - waitForPageLoad(60): Wait for page load successfully

2020-02-11 15:17:01 - [MESSAGE][PASSED] - Wait for page load successfully

2020-02-11 15:17:01 - [TEST_STEP][PASSED] - waitForElementClickable(findTestObject("Object Repository/WebOffice_Home_page/a_Consumers"), 60): Object 'Object Repository/WebOffice_Home_page/a_Consumers' is clickable

2020-02-11 15:17:01 - [MESSAGE][PASSED] - Object 'Object Repository/WebOffice_Home_page/a_Consumers' is clickable

2020-02-11 15:17:01 - [TEST_STEP][PASSED] - click(findTestObject("Object Repository/WebOffice_Home_page/a_Consumers")): Object: 'Object Repository/WebOffice_Home_page/a_Consumers' is clicked on

2020-02-11 15:17:02 - [MESSAGE][PASSED] - Object: 'Object Repository/WebOffice_Home_page/a_Consumers' is clicked on

2020-02-11 15:17:02 - [MESSAGE][PASSED] - Call Test Case 'Test Cases/Reusable_Test_Sequences/Web_Office/navigation/Navigate_Consumers' successfully

2020-02-11 15:17:02 - [TEST_STEP][PASSED] - "--------------------------------------": null

2020-02-11 15:17:02 - [TEST_STEP][PASSED] - " LH Pane  - Apply Search Criteria     |": null

2020-02-11 15:17:02 - [TEST_STEP][PASSED] - callTestCase(findTestCase("Reusable_Test_Sequences/Web_Office/Actions/Set_Consumer_Data"), [:], OPTIONAL): Call Test Case 'Test Cases/Reusable_Test_Sequences/Web_Office/Actions/Set_Consumer_Data' successfully

2020-02-11 15:17:02 - [TEST_CASE][PASSED] - Test Cases/Reusable_Test_Sequences/Web_Office/Actions/Set_Consumer_Data: Test Cases/Reusable_Test_Sequences/Web_Office/Actions/Set_Consumer_Data

2020-02-11 15:17:03 - [TEST_STEP][PASSED] - "--------------------------------": null

2020-02-11 15:17:03 - [TEST_STEP][PASSED] - "Read data from spreadsheet      |": null

2020-02-11 15:17:03 - [TEST_STEP][PASSED] - data = findTestData("Data Files/Consumer_Data (1)"): null

2020-02-11 15:17:03 - [TEST_STEP][PASSED] - Forename = data.getValue("Forename", row): null

2020-02-11 15:17:03 - [TEST_STEP][PASSED] - Surname = data.getValue("Surname", row): null

2020-02-11 15:17:03 - [TEST_STEP][PASSED] - Mobile = data.getValue("Mobile", row): null

2020-02-11 15:17:03 - [TEST_STEP][PASSED] - Email = data.getValue("Email", row): null

2020-02-11 15:17:03 - [TEST_STEP][PASSED] - House = data.getValue("House", row): null

2020-02-11 15:17:03 - [TEST_STEP][PASSED] - Street = data.getValue("Street", row): null

2020-02-11 15:17:03 - [TEST_STEP][PASSED] - Town = data.getValue("Town", row): null

2020-02-11 15:17:03 - [TEST_STEP][PASSED] - City = data.getValue("City", row): null

2020-02-11 15:17:03 - [TEST_STEP][PASSED] - County = data.getValue("County", row): null

2020-02-11 15:17:03 - [TEST_STEP][PASSED] - Postcode = data.getValue("Postcode", row): null

2020-02-11 15:17:03 - [TEST_STEP][PASSED] - Phone = data.getValue("Phone", row): null

2020-02-11 15:17:03 - [TEST_STEP][PASSED] - Status = data.getValue("Status", row): null

2020-02-11 15:17:03 - [TEST_STEP][PASSED] - Type = data.getValue("Type", row): null

2020-02-11 15:17:03 - [TEST_STEP][PASSED] - Consumer_ID = data.getValue("Consumer_ID", row): null

2020-02-11 15:17:03 - [TEST_STEP][PASSED] - "--------------------------------": null

2020-02-11 15:17:03 - [TEST_STEP][PASSED] - "Read data from spreadsheet      |": null

2020-02-11 15:17:03 - [TEST_STEP][PASSED] - "--------------------------------": null

2020-02-11 15:17:03 - [TEST_STEP][PASSED] - "--------------------------------": null

2020-02-11 15:17:03 - [TEST_STEP][PASSED] - " Synchronisation                |": null

2020-02-11 15:17:03 - [TEST_STEP][PASSED] - waitForPageLoad(60): Wait for page load successfully

2020-02-11 15:17:03 - [MESSAGE][PASSED] - Wait for page load successfully

2020-02-11 15:17:03 - [TEST_STEP][PASSED] - waitForElementVisible(findTestObject("Object Repository/WebOffice/Consumers/Page_/input_Forename_ctl00CP1ctlSearchtbForenames"), 60): Object 'Object Repository/WebOffice/Consumers/Page_/input_Forename_ctl00CP1ctlSearchtbForenames' is visible

2020-02-11 15:17:03 - [MESSAGE][PASSED] - Object 'Object Repository/WebOffice/Consumers/Page_/input_Forename_ctl00CP1ctlSearchtbForenames' is visible

2020-02-11 15:17:03 - [TEST_STEP][PASSED] - click(findTestObject("Object Repository/WebOffice/Consumers/Page_/input_Forename_ctl00CP1ctlSearchtbForenames")): Object: 'Object Repository/WebOffice/Consumers/Page_/input_Forename_ctl00CP1ctlSearchtbForenames' is clicked on

2020-02-11 15:17:03 - [MESSAGE][PASSED] - Object: 'Object Repository/WebOffice/Consumers/Page_/input_Forename_ctl00CP1ctlSearchtbForenames' is clicked on

2020-02-11 15:17:03 - [TEST_STEP][PASSED] - "-------------------------------------------------------------------------------------------------------------------------------------": null

2020-02-11 15:17:03 - [TEST_STEP][PASSED] - setText(findTestObject("Object Repository/WebOffice/Consumers/Page_/input_Forename_ctl00CP1ctlSearchtbForenames"), Forename): Text ' ' is set on object 'Object Repository/WebOffice/Consumers/Page_/input_Forename_ctl00CP1ctlSearchtbForenames'

2020-02-11 15:17:04 - [MESSAGE][PASSED] - Text ' ' is set on object 'Object Repository/WebOffice/Consumers/Page_/input_Forename_ctl00CP1ctlSearchtbForenames'

2020-02-11 15:17:04 - [TEST_STEP][PASSED] - "-------------------------------------------------------------------------------------------------------------------------------------": null

2020-02-11 15:17:04 - [TEST_STEP][PASSED] - setText(findTestObject("Object Repository/WebOffice/Consumers/Page_/input_Surname_ctl00CP1ctlSearchtbSurname"), Surname): Text ' ' is set on object 'Object Repository/WebOffice/Consumers/Page_/input_Surname_ctl00CP1ctlSearchtbSurname'

2020-02-11 15:17:04 - [MESSAGE][PASSED] - Text ' ' is set on object 'Object Repository/WebOffice/Consumers/Page_/input_Surname_ctl00CP1ctlSearchtbSurname'

2020-02-11 15:17:04 - [TEST_STEP][PASSED] - "-------------------------------------------------------------------------------------------------------------------------------------": null

2020-02-11 15:17:04 - [TEST_STEP][PASSED] - setText(findTestObject("Object Repository/WebOffice/Consumers/Page_/input_Mobile_ctl00CP1ctlSearchtbMobile"), Mobile): Text '' is set on object 'Object Repository/WebOffice/Consumers/Page_/input_Mobile_ctl00CP1ctlSearchtbMobile'

2020-02-11 15:17:04 - [MESSAGE][PASSED] - Text '' is set on object 'Object Repository/WebOffice/Consumers/Page_/input_Mobile_ctl00CP1ctlSearchtbMobile'

2020-02-11 15:17:04 - [TEST_STEP][PASSED] - "-------------------------------------------------------------------------------------------------------------------------------------": null

2020-02-11 15:17:04 - [TEST_STEP][PASSED] - setText(findTestObject("Object Repository/WebOffice/Consumers/Page_/input_Email_ctl00CP1ctlSearchtbEmail"), Email): Text 'gordbro@gmail.com' is set on object 'Object Repository/WebOffice/Consumers/Page_/input_Email_ctl00CP1ctlSearchtbEmail'

2020-02-11 15:17:05 - [MESSAGE][PASSED] - Text 'gordbro@gmail.com' is set on object 'Object Repository/WebOffice/Consumers/Page_/input_Email_ctl00CP1ctlSearchtbEmail'

2020-02-11 15:17:05 - [TEST_STEP][PASSED] - "-------------------------------------------------------------------------------------------------------------------------------------": null

2020-02-11 15:17:05 - [TEST_STEP][PASSED] - setText(findTestObject("Object Repository/WebOffice/Consumers/Page_/input_House_ctl00CP1ctlSearchtbHouse"), House): Text '' is set on object 'Object Repository/WebOffice/Consumers/Page_/input_House_ctl00CP1ctlSearchtbHouse'

2020-02-11 15:17:05 - [MESSAGE][PASSED] - Text '' is set on object 'Object Repository/WebOffice/Consumers/Page_/input_House_ctl00CP1ctlSearchtbHouse'

2020-02-11 15:17:05 - [TEST_STEP][PASSED] - "-------------------------------------------------------------------------------------------------------------------------------------": null

2020-02-11 15:17:05 - [TEST_STEP][PASSED] - setText(findTestObject("Object Repository/WebOffice/Consumers/Page_/input_Street_ctl00CP1ctlSearchtbStreet"), Street): Text '' is set on object 'Object Repository/WebOffice/Consumers/Page_/input_Street_ctl00CP1ctlSearchtbStreet'

2020-02-11 15:17:05 - [MESSAGE][PASSED] - Text '' is set on object 'Object Repository/WebOffice/Consumers/Page_/input_Street_ctl00CP1ctlSearchtbStreet'

2020-02-11 15:17:05 - [TEST_STEP][PASSED] - "-------------------------------------------------------------------------------------------------------------------------------------": null

2020-02-11 15:17:05 - [TEST_STEP][PASSED] - setText(findTestObject("Object Repository/WebOffice/Consumers/Page_/input_Town_ctl00CP1ctlSearchtbTown"), Town): Text '' is set on object 'Object Repository/WebOffice/Consumers/Page_/input_Town_ctl00CP1ctlSearchtbTown'

2020-02-11 15:17:06 - [MESSAGE][PASSED] - Text '' is set on object 'Object Repository/WebOffice/Consumers/Page_/input_Town_ctl00CP1ctlSearchtbTown'

2020-02-11 15:17:06 - [TEST_STEP][PASSED] - "-------------------------------------------------------------------------------------------------------------------------------------": null

2020-02-11 15:17:06 - [TEST_STEP][PASSED] - setText(findTestObject("Object Repository/WebOffice/Consumers/Page_/input_City_ctl00CP1ctlSearchtbCity"), City): Text '' is set on object 'Object Repository/WebOffice/Consumers/Page_/input_City_ctl00CP1ctlSearchtbCity'

2020-02-11 15:17:06 - [MESSAGE][PASSED] - Text '' is set on object 'Object Repository/WebOffice/Consumers/Page_/input_City_ctl00CP1ctlSearchtbCity'

2020-02-11 15:17:06 - [TEST_STEP][PASSED] - "-------------------------------------------------------------------------------------------------------------------------------------": null

2020-02-11 15:17:06 - [TEST_STEP][PASSED] - setText(findTestObject("Object Repository/WebOffice/Consumers/Page_/input_County_ctl00CP1ctlSearchtbCounty"), County): Text '' is set on object 'Object Repository/WebOffice/Consumers/Page_/input_County_ctl00CP1ctlSearchtbCounty'

2020-02-11 15:17:06 - [MESSAGE][PASSED] - Text '' is set on object 'Object Repository/WebOffice/Consumers/Page_/input_County_ctl00CP1ctlSearchtbCounty'

2020-02-11 15:17:06 - [TEST_STEP][PASSED] - "-------------------------------------------------------------------------------------------------------------------------------------": null

2020-02-11 15:17:06 - [TEST_STEP][PASSED] - setText(findTestObject("Object Repository/WebOffice/Consumers/Page_/input_Postcode_ctl00CP1ctlSearchtbPostcode"), Postcode): Text '' is set on object 'Object Repository/WebOffice/Consumers/Page_/input_Postcode_ctl00CP1ctlSearchtbPostcode'

2020-02-11 15:17:06 - [MESSAGE][PASSED] - Text '' is set on object 'Object Repository/WebOffice/Consumers/Page_/input_Postcode_ctl00CP1ctlSearchtbPostcode'

2020-02-11 15:17:06 - [TEST_STEP][PASSED] - "-------------------------------------------------------------------------------------------------------------------------------------": null

2020-02-11 15:17:06 - [TEST_STEP][PASSED] - setText(findTestObject("Object Repository/WebOffice/Consumers/Page_/input_Phone_ctl00CP1ctlSearchtbTel"), Phone): Text '' is set on object 'Object Repository/WebOffice/Consumers/Page_/input_Phone_ctl00CP1ctlSearchtbTel'

2020-02-11 15:17:06 - [MESSAGE][PASSED] - Text '' is set on object 'Object Repository/WebOffice/Consumers/Page_/input_Phone_ctl00CP1ctlSearchtbTel'

2020-02-11 15:17:06 - [TEST_STEP][PASSED] - "-------------------------------------------------------------------------------------------------------------------------------------": null

2020-02-11 15:17:06 - [TEST_STEP][PASSED] - "Set Status": null

2020-02-11 15:17:06 - [TEST_STEP][PASSED] - "-------------------------------------------------------------------------------------------------------------------------------------": null

2020-02-11 15:17:06 - [TEST_STEP][PASSED] - "Status 3 Options": null

2020-02-11 15:17:06 - [TEST_STEP][PASSED] - "-------------------------------------------------------------------------------------------------------------------------------------": null

2020-02-11 15:17:06 - [TEST_STEP][PASSED] - "Set Type": null

2020-02-11 15:17:06 - [TEST_STEP][PASSED] - "-------------------------------------------------------------------------------------------------------------------------------------": null

2020-02-11 15:17:06 - [TEST_STEP][PASSED] - "Type 3 Options": null

2020-02-11 15:17:06 - [TEST_STEP][PASSED] - "-------------------------------------------------------------------------------------------------------------------------------------": null

2020-02-11 15:17:06 - [TEST_STEP][PASSED] - click(findTestObject("Object Repository/WebOffice/Consumers/Page_/input_Clear_ctl00CP1ctlSearchbtnSearch")): Object: 'Object Repository/WebOffice/Consumers/Page_/input_Clear_ctl00CP1ctlSearchbtnSearch' is clicked on

2020-02-11 15:17:06 - [MESSAGE][PASSED] - Object: 'Object Repository/WebOffice/Consumers/Page_/input_Clear_ctl00CP1ctlSearchbtnSearch' is clicked on

2020-02-11 15:17:06 - [MESSAGE][PASSED] - Call Test Case 'Test Cases/Reusable_Test_Sequences/Web_Office/Actions/Set_Consumer_Data' successfully

2020-02-11 15:17:06 - [TEST_STEP][PASSED] - "--------------------------------------": null

2020-02-11 15:17:06 - [TEST_STEP][PASSED] - " Select Returned Record to Verify     |": null

2020-02-11 15:17:06 - [TEST_STEP][PASSED] - callTestCase(findTestCase("Reusable_Test_Sequences/Web_Office/Actions/Select_Consumer"), [:], OPTIONAL): Call Test Case 'Test Cases/Reusable_Test_Sequences/Web_Office/Actions/Select_Consumer' successfully

2020-02-11 15:17:06 - [TEST_CASE][PASSED] - Test Cases/Reusable_Test_Sequences/Web_Office/Actions/Select_Consumer: Test Cases/Reusable_Test_Sequences/Web_Office/Actions/Select_Consumer

2020-02-11 15:17:07 - [TEST_STEP][PASSED] - "--------": null

2020-02-11 15:17:07 - [TEST_STEP][PASSED] - "Search  |": null

2020-02-11 15:17:07 - [TEST_STEP][PASSED] - waitForPageLoad(60): Wait for page load successfully

2020-02-11 15:17:07 - [MESSAGE][PASSED] - Wait for page load successfully

2020-02-11 15:17:07 - [TEST_STEP][PASSED] - waitForElementClickable(findTestObject("Object Repository/WO_Consumer/Page_/input_Clear_ctl00CP1ctlSearchbtnSearch"), 60): Object 'Object Repository/WO_Consumer/Page_/input_Clear_ctl00CP1ctlSearchbtnSearch' is clickable

2020-02-11 15:17:07 - [MESSAGE][PASSED] - Object 'Object Repository/WO_Consumer/Page_/input_Clear_ctl00CP1ctlSearchbtnSearch' is clickable

2020-02-11 15:17:07 - [TEST_STEP][PASSED] - click(findTestObject("Object Repository/WO_Consumer/Page_/input_Clear_ctl00CP1ctlSearchbtnSearch")): Object: 'Object Repository/WO_Consumer/Page_/input_Clear_ctl00CP1ctlSearchbtnSearch' is clicked on

2020-02-11 15:17:07 - [MESSAGE][PASSED] - Object: 'Object Repository/WO_Consumer/Page_/input_Clear_ctl00CP1ctlSearchbtnSearch' is clicked on

2020-02-11 15:17:07 - [TEST_STEP][PASSED] - delay(5): Delayed 5 second(s)

2020-02-11 15:17:12 - [MESSAGE][PASSED] - Delayed 5 second(s)

2020-02-11 15:17:12 - [TEST_STEP][PASSED] - "--------": null

2020-02-11 15:17:12 - [TEST_STEP][PASSED] - "Synch   |": null

2020-02-11 15:17:12 - [TEST_STEP][PASSED] - waitForPageLoad(120): Wait for page load successfully

2020-02-11 15:17:12 - [MESSAGE][PASSED] - Wait for page load successfully

2020-02-11 15:17:12 - [TEST_STEP][PASSED] - waitForElementClickable(findTestObject("Object Repository/WO_Consumer/Page_/a_Feedback"), 60): Object 'Object Repository/WO_Consumer/Page_/a_Feedback' is clickable

2020-02-11 15:17:20 - [MESSAGE][PASSED] - Object 'Object Repository/WO_Consumer/Page_/a_Feedback' is clickable

2020-02-11 15:17:20 - [TEST_STEP][PASSED] - "----------------------------------------": null

2020-02-11 15:17:20 - [TEST_STEP][PASSED] - "Initial Table View (Populated or Not    |": null

2020-02-11 15:17:20 - [TEST_STEP][PASSED] - "----------------------------------------": null

2020-02-11 15:17:20 - [TEST_STEP][PASSED] - "---------------------------------------------------": null

2020-02-11 15:17:20 - [TEST_STEP][PASSED] - "If Record Exists Then rocess, Otherwise Jump Over  |": null

2020-02-11 15:17:20 - [TEST_STEP][PASSED] - "---------------------------------------------------": null

2020-02-11 15:17:20 - [TEST_STEP][PASSED] - "----------------------------------------": null

2020-02-11 15:17:20 - [TEST_STEP][PASSED] - "Initial Table Return Checks": null

2020-02-11 15:17:20 - [TEST_STEP][PASSED] - "----------------------------------------": null

2020-02-11 15:17:20 - [TEST_STEP][PASSED] - "--------": null

2020-02-11 15:17:20 - [TEST_STEP][PASSED] - "Sort    |": null

2020-02-11 15:17:20 - [TEST_STEP][PASSED] - click(findTestObject("Object Repository/WO_Consumer/Page_/a_Feedback")): Object: 'Object Repository/WO_Consumer/Page_/a_Feedback' is clicked on

2020-02-11 15:17:20 - [MESSAGE][PASSED] - Object: 'Object Repository/WO_Consumer/Page_/a_Feedback' is clicked on

2020-02-11 15:17:20 - [TEST_STEP][PASSED] - delay(5): Delayed 5 second(s)

2020-02-11 15:17:25 - [MESSAGE][PASSED] - Delayed 5 second(s)

2020-02-11 15:17:25 - [TEST_STEP][PASSED] - "--------": null

2020-02-11 15:17:25 - [TEST_STEP][PASSED] - "Sort    |": null

2020-02-11 15:17:25 - [TEST_STEP][PASSED] - click(findTestObject("Object Repository/WO_Consumer/Page_/a_Feedback")): Object: 'Object Repository/WO_Consumer/Page_/a_Feedback' is clicked on

2020-02-11 15:17:26 - [MESSAGE][PASSED] - Object: 'Object Repository/WO_Consumer/Page_/a_Feedback' is clicked on

2020-02-11 15:17:26 - [TEST_STEP][PASSED] - delay(5): Delayed 5 second(s)

2020-02-11 15:17:31 - [MESSAGE][PASSED] - Delayed 5 second(s)

2020-02-11 15:17:31 - [TEST_STEP][PASSED] - "--------": null

2020-02-11 15:17:31 - [TEST_STEP][PASSED] - "Select  |": null

2020-02-11 15:17:31 - [TEST_STEP][PASSED] - waitForElementClickable(findTestObject("WO_Consumer/Page_/td_TopRow"), 60): Object 'Object Repository/WO_Consumer/Page_/td_TopRow' is clickable

2020-02-11 15:17:31 - [MESSAGE][PASSED] - Object 'Object Repository/WO_Consumer/Page_/td_TopRow' is clickable

2020-02-11 15:17:31 - [TEST_STEP][PASSED] - click(findTestObject("WO_Consumer/Page_/td_TopRow")): Object: 'Object Repository/WO_Consumer/Page_/td_TopRow' is clicked on

2020-02-11 15:17:31 - [MESSAGE][PASSED] - Object: 'Object Repository/WO_Consumer/Page_/td_TopRow' is clicked on

2020-02-11 15:17:31 - [TEST_STEP][PASSED] - delay(1): Delayed 1 second(s)

2020-02-11 15:17:32 - [MESSAGE][PASSED] - Delayed 1 second(s)

2020-02-11 15:17:32 - [MESSAGE][PASSED] - Call Test Case 'Test Cases/Reusable_Test_Sequences/Web_Office/Actions/Select_Consumer' successfully

2020-02-11 15:17:32 - [TEST_STEP][PASSED] - "--------------------------------------": null

2020-02-11 15:17:32 - [TEST_STEP][PASSED] - " Verify Returned Consumer Record      |": null

2020-02-11 15:17:32 - [TEST_STEP][PASSED] - callTestCase(findTestCase("Reusable_Test_Sequences/Web_Office/Verification/Consumer_Returned_Search_Record"), [:], OPTIONAL): Call Test Case 'Test Cases/Reusable_Test_Sequences/Web_Office/Verification/Consumer_Returned_Search_Record' successfully

2020-02-11 15:17:32 - [TEST_CASE][PASSED] - Test Cases/Reusable_Test_Sequences/Web_Office/Verification/Consumer_Returned_Search_Record: Test Cases/Reusable_Test_Sequences/Web_Office/Verification/Consumer_Returned_Search_Record

2020-02-11 15:17:33 - [TEST_STEP][PASSED] - "--------------------------------": null

2020-02-11 15:17:33 - [TEST_STEP][PASSED] - "Read data from spreadsheet      | r_ = Returned Data": null

2020-02-11 15:17:33 - [TEST_STEP][PASSED] - data = findTestData("Data Files/Consumer_Data (1)"): null

2020-02-11 15:17:33 - [TEST_STEP][PASSED] - Consumer_ID = data.getValue("Consumer_ID", row): null

2020-02-11 15:17:33 - [TEST_STEP][PASSED] - Title = data.getValue("r_Title", row): null

2020-02-11 15:17:33 - [TEST_STEP][PASSED] - Forenames = data.getValue("r_Forenames", row): null

2020-02-11 15:17:33 - [TEST_STEP][PASSED] - Surname = data.getValue("r_Surname", row): null

2020-02-11 15:17:33 - [TEST_STEP][PASSED] - Housename = data.getValue("r_Housename", row): null

2020-02-11 15:17:33 - [TEST_STEP][PASSED] - Number_Street = data.getValue("r_Number_and_Street", row): null

2020-02-11 15:17:33 - [TEST_STEP][PASSED] - City = data.getValue("r_City", row): null

2020-02-11 15:17:33 - [TEST_STEP][PASSED] - Town = data.getValue("r_Town", row): null

2020-02-11 15:17:33 - [TEST_STEP][PASSED] - County = data.getValue("r_County", row): null

2020-02-11 15:17:33 - [TEST_STEP][PASSED] - Postcode = data.getValue("r_Postcode", row): null

2020-02-11 15:17:33 - [TEST_STEP][PASSED] - Phone1 = data.getValue("r_Phone_1", row): null

2020-02-11 15:17:33 - [TEST_STEP][PASSED] - Phone2 = data.getValue("r_Phone_2", row): null

2020-02-11 15:17:33 - [TEST_STEP][PASSED] - Fax = data.getValue("r_Fax", row): null

2020-02-11 15:17:33 - [TEST_STEP][PASSED] - r_Full_Name = data.getValue("r_Full_Name", 1): null

2020-02-11 15:17:33 - [TEST_STEP][PASSED] - r_Full_Address = data.getValue("r_Full_Address", 1): null

2020-02-11 15:17:33 - [TEST_STEP][PASSED] - "--------------------------------": null

2020-02-11 15:17:33 - [TEST_STEP][PASSED] - "Read data from spreadsheet      |": null

2020-02-11 15:17:33 - [TEST_STEP][PASSED] - Actual_Page_Text = "": null

2020-02-11 15:17:33 - [TEST_STEP][PASSED] - Expected_Page_Text = "": null

2020-02-11 15:17:33 - [TEST_STEP][PASSED] - waitForPageLoad(60): Wait for page load successfully

2020-02-11 15:17:33 - [MESSAGE][PASSED] - Wait for page load successfully

2020-02-11 15:17:33 - [TEST_STEP][PASSED] - delay(1): Delayed 1 second(s)

2020-02-11 15:17:34 - [MESSAGE][PASSED] - Delayed 1 second(s)

2020-02-11 15:17:34 - [TEST_STEP][PASSED] - "HEADER DETAIL - iFrame": null

2020-02-11 15:17:34 - [TEST_STEP][PASSED] - "----------------": null

2020-02-11 15:17:34 - [TEST_STEP][PASSED] - "Full Name       |": null

2020-02-11 15:17:34 - [TEST_STEP][PASSED] - verifyElementPresent(findTestObject("Object Repository/WO_Consumer/Page_/Page_/a_Mr Gordon Brown"), 25): Object 'Object Repository/WO_Consumer/Page_/Page_/a_Mr Gordon Brown' is present

2020-02-11 15:17:34 - [MESSAGE][PASSED] - Object 'Object Repository/WO_Consumer/Page_/Page_/a_Mr Gordon Brown' is present

2020-02-11 15:17:34 - [TEST_STEP][PASSED] - "----------------": null

2020-02-11 15:17:34 - [TEST_STEP][PASSED] - "Full Address    |": null

2020-02-11 15:17:34 - [TEST_STEP][PASSED] - verifyElementPresent(findTestObject("Object Repository/WO_Consumer/Page_/Page_/div_Haywards Heath West Sussex RH16 4ER4477_d20822"), 25): Object 'Object Repository/WO_Consumer/Page_/Page_/div_Haywards Heath West Sussex RH16 4ER4477_d20822' is present

2020-02-11 15:17:34 - [MESSAGE][PASSED] - Object 'Object Repository/WO_Consumer/Page_/Page_/div_Haywards Heath West Sussex RH16 4ER4477_d20822' is present

2020-02-11 15:17:34 - [TEST_STEP][PASSED] - "BODY DETAIL - iFrame": null

2020-02-11 15:17:34 - [TEST_STEP][PASSED] - "----------------": null

2020-02-11 15:17:34 - [TEST_STEP][PASSED] - "EDIT Consumer   |": null

2020-02-11 15:17:34 - [TEST_STEP][PASSED] - verifyElementPresent(findTestObject("Object Repository/WO_Consumer/Page_/Page_/input_Title_ctledittbTitle"), 25): Object 'Object Repository/WO_Consumer/Page_/Page_/input_Title_ctledittbTitle' is present

2020-02-11 15:17:34 - [MESSAGE][PASSED] - Object 'Object Repository/WO_Consumer/Page_/Page_/input_Title_ctledittbTitle' is present

2020-02-11 15:17:34 - [TEST_STEP][PASSED] - "----------------": null

2020-02-11 15:17:34 - [TEST_STEP][PASSED] - "Address         |": null

2020-02-11 15:17:34 - [TEST_STEP][PASSED] - verifyElementPresent(findTestObject("Object Repository/WO_Consumer/Page_/Page_/span_Please ensure the Street  Road name is_e38a58"), 25): Object 'Object Repository/WO_Consumer/Page_/Page_/span_Please ensure the Street  Road name is_e38a58' is present

2020-02-11 15:17:34 - [MESSAGE][PASSED] - Object 'Object Repository/WO_Consumer/Page_/Page_/span_Please ensure the Street  Road name is_e38a58' is present

2020-02-11 15:17:34 - [MESSAGE][PASSED] - Call Test Case 'Test Cases/Reusable_Test_Sequences/Web_Office/Verification/Consumer_Returned_Search_Record' successfully

2020-02-11 15:17:34 - [TEST_STEP][PASSED] - "--------------------------": null

2020-02-11 15:17:34 - [TEST_STEP][PASSED] - " Teardown - CLose Browser |": null

2020-02-11 15:17:34 - [TEST_STEP][PASSED] - callTestCase(findTestCase("Reusable_Test_Sequences/CAT_Teardown"), [:], OPTIONAL): Call Test Case 'Test Cases/Reusable_Test_Sequences/CAT_Teardown' successfully

2020-02-11 15:17:34 - [TEST_CASE][PASSED] - Test Cases/Reusable_Test_Sequences/CAT_Teardown: Test Cases/Reusable_Test_Sequences/CAT_Teardown

2020-02-11 15:17:34 - [TEST_STEP][PASSED] - closeBrowser(): Browser is closed

2020-02-11 15:17:35 - [MESSAGE][PASSED] - Browser is closed

2020-02-11 15:17:35 - [MESSAGE][PASSED] - Call Test Case 'Test Cases/Reusable_Test_Sequences/CAT_Teardown' successfully

2020-02-11 15:17:35 - [TEST_STEP][PASSED] - "--------------------------------------": null

2020-02-11 15:17:35 - [TEST_STEP][PASSED] - " Web Office StartUp                   |": null

2020-02-11 15:17:35 - [TEST_STEP][PASSED] - callTestCase(findTestCase("Reusable_Test_Sequences/Web_Office/Directives/WebOffice_StartUp"), [:], OPTIONAL): Call Test Case 'Test Cases/Reusable_Test_Sequences/Web_Office/Directives/WebOffice_StartUp' successfully

2020-02-11 15:17:35 - [TEST_CASE][PASSED] - Test Cases/Reusable_Test_Sequences/Web_Office/Directives/WebOffice_StartUp: Test Cases/Reusable_Test_Sequences/Web_Office/Directives/WebOffice_StartUp

2020-02-11 15:17:35 - [TEST_STEP][PASSED] - if (URL == "https://www.preview.checkatrade.com/"): null

2020-02-11 15:17:35 - [TEST_STEP][PASSED] - WebOfficeURL = "https://admin.preview.checkatrade.com/": null

2020-02-11 15:17:35 - [TEST_STEP][PASSED] - if (URL == "https://www.checkatrade.com/"): null

2020-02-11 15:17:35 - [TEST_STEP][PASSED] - "Set Function Area for "URL_Handler", URL Resolution": null

2020-02-11 15:17:35 - [TEST_STEP][PASSED] - "Do Some Magic with URL(s) See the comments within URL Handler ": null

2020-02-11 15:17:35 - [TEST_STEP][PASSED] - "------------------------------------------------": null

2020-02-11 15:17:35 - [TEST_STEP][PASSED] - "Moved Login Credentials to <Default> profile 22/01/2020": null

2020-02-11 15:17:35 - [TEST_STEP][PASSED] - "------------------------------------------------": null

2020-02-11 15:17:35 - [TEST_STEP][PASSED] - "WebOfficeURL - Set from the ENVIRONMENT PROFILE ": null

2020-02-11 15:17:35 - [TEST_STEP][PASSED] - "OPEN BROWSER": null

2020-02-11 15:17:35 - [TEST_STEP][PASSED] - "eg - https://admin.preview.checkatrade.com/  ": null

2020-02-11 15:17:35 - [TEST_STEP][PASSED] - openBrowser(WebOfficeURL): Browser is opened with url: 'https://admin.preview.checkatrade.com/'

2020-02-11 15:17:35 - [MESSAGE][INFO] - Starting 'Chrome' driver

2020-02-11 15:17:41 - [MESSAGE][PASSED] - Browser is opened with url: 'https://admin.preview.checkatrade.com/'

2020-02-11 15:17:41 - [TEST_STEP][PASSED] - maximizeWindow(): Current window maximized

2020-02-11 15:17:46 - [MESSAGE][PASSED] - Current window maximized

2020-02-11 15:17:46 - [TEST_STEP][PASSED] - waitForElementClickable(findTestObject("Object Repository/WebOffice/Page_Checkatrade - Administration - Login/Login_Button"), 25): Object 'Object Repository/WebOffice/Page_Checkatrade - Administration - Login/Login_Button' is clickable

2020-02-11 15:17:46 - [MESSAGE][PASSED] - Object 'Object Repository/WebOffice/Page_Checkatrade - Administration - Login/Login_Button' is clickable

2020-02-11 15:17:46 - [TEST_STEP][PASSED] - verifyTextPresent("Checkatrade Web Office", false): Text 'Checkatrade Web Office' is present on page 

2020-02-11 15:17:46 - [MESSAGE][PASSED] - Text 'Checkatrade Web Office' is present on page 

2020-02-11 15:17:46 - [TEST_STEP][PASSED] - verifyTextPresent("Access for staff use only", false): Text 'Access for staff use only' is present on page 

2020-02-11 15:17:46 - [MESSAGE][PASSED] - Text 'Access for staff use only' is present on page 

2020-02-11 15:17:46 - [TEST_STEP][PASSED] - verifyTextPresent("Forgotten password?", false): Text 'Forgotten password?' is present on page 

2020-02-11 15:17:46 - [MESSAGE][PASSED] - Text 'Forgotten password?' is present on page 

2020-02-11 15:17:46 - [TEST_STEP][PASSED] - setText(findTestObject("Object Repository/WebOffice/Page_Checkatrade - Administration - Login/input_Username_LoginControlUserName"), wo_Username): Text 'DavidHo' is set on object 'Object Repository/WebOffice/Page_Checkatrade - Administration - Login/input_Username_LoginControlUserName'

2020-02-11 15:17:46 - [MESSAGE][PASSED] - Text 'DavidHo' is set on object 'Object Repository/WebOffice/Page_Checkatrade - Administration - Login/input_Username_LoginControlUserName'

2020-02-11 15:17:46 - [TEST_STEP][PASSED] - setText(findTestObject("Object Repository/WebOffice/Page_Checkatrade - Administration - Login/input_Password_LoginControlPassword"), wo_Password): Text 'Check123' is set on object 'Object Repository/WebOffice/Page_Checkatrade - Administration - Login/input_Password_LoginControlPassword'

2020-02-11 15:17:46 - [MESSAGE][PASSED] - Text 'Check123' is set on object 'Object Repository/WebOffice/Page_Checkatrade - Administration - Login/input_Password_LoginControlPassword'

2020-02-11 15:17:46 - [TEST_STEP][PASSED] - click(findTestObject("Object Repository/WebOffice/Page_Checkatrade - Administration - Login/Login_Button")): Object: 'Object Repository/WebOffice/Page_Checkatrade - Administration - Login/Login_Button' is clicked on

2020-02-11 15:17:50 - [MESSAGE][PASSED] - Object: 'Object Repository/WebOffice/Page_Checkatrade - Administration - Login/Login_Button' is clicked on

2020-02-11 15:17:50 - [TEST_STEP][PASSED] - waitForPageLoad(60): Wait for page load successfully

2020-02-11 15:17:50 - [MESSAGE][PASSED] - Wait for page load successfully

2020-02-11 15:17:50 - [TEST_STEP][PASSED] - verifyTextPresent("Welcome " + wo_Username, false): Text 'Welcome DavidHo' is present on page 

2020-02-11 15:17:51 - [MESSAGE][PASSED] - Text 'Welcome DavidHo' is present on page 

2020-02-11 15:17:51 - [MESSAGE][PASSED] - Call Test Case 'Test Cases/Reusable_Test_Sequences/Web_Office/Directives/WebOffice_StartUp' successfully

2020-02-11 15:17:51 - [TEST_STEP][PASSED] - "--------------------------------------": null

2020-02-11 15:17:51 - [TEST_STEP][PASSED] - " Navigate to <Consumer> Menu Item     |": null

2020-02-11 15:17:51 - [TEST_STEP][PASSED] - callTestCase(findTestCase("Reusable_Test_Sequences/Web_Office/navigation/Navigate_Consumers"), [:], OPTIONAL): Call Test Case 'Test Cases/Reusable_Test_Sequences/Web_Office/navigation/Navigate_Consumers' successfully

2020-02-11 15:17:51 - [TEST_CASE][PASSED] - Test Cases/Reusable_Test_Sequences/Web_Office/navigation/Navigate_Consumers: Test Cases/Reusable_Test_Sequences/Web_Office/navigation/Navigate_Consumers

2020-02-11 15:17:51 - [TEST_STEP][PASSED] - "--------------------------------------": null

2020-02-11 15:17:51 - [TEST_STEP][PASSED] - " Navigate Top level menu Item         |": null

2020-02-11 15:17:51 - [TEST_STEP][PASSED] - waitForPageLoad(60): Wait for page load successfully

2020-02-11 15:17:51 - [MESSAGE][PASSED] - Wait for page load successfully

2020-02-11 15:17:51 - [TEST_STEP][PASSED] - waitForElementClickable(findTestObject("Object Repository/WebOffice_Home_page/a_Consumers"), 60): Object 'Object Repository/WebOffice_Home_page/a_Consumers' is clickable

2020-02-11 15:17:51 - [MESSAGE][PASSED] - Object 'Object Repository/WebOffice_Home_page/a_Consumers' is clickable

2020-02-11 15:17:51 - [TEST_STEP][PASSED] - click(findTestObject("Object Repository/WebOffice_Home_page/a_Consumers")): Object: 'Object Repository/WebOffice_Home_page/a_Consumers' is clicked on

2020-02-11 15:17:51 - [MESSAGE][PASSED] - Object: 'Object Repository/WebOffice_Home_page/a_Consumers' is clicked on

2020-02-11 15:17:51 - [MESSAGE][PASSED] - Call Test Case 'Test Cases/Reusable_Test_Sequences/Web_Office/navigation/Navigate_Consumers' successfully

2020-02-11 15:17:51 - [TEST_STEP][PASSED] - "--------------------------------------": null

2020-02-11 15:17:51 - [TEST_STEP][PASSED] - " LH Pane  - Apply Search Criteria     |": null

2020-02-11 15:17:51 - [TEST_STEP][PASSED] - callTestCase(findTestCase("Reusable_Test_Sequences/Web_Office/Actions/Set_Consumer_Data"), [:], OPTIONAL): Call Test Case 'Test Cases/Reusable_Test_Sequences/Web_Office/Actions/Set_Consumer_Data' successfully

2020-02-11 15:17:52 - [TEST_CASE][PASSED] - Test Cases/Reusable_Test_Sequences/Web_Office/Actions/Set_Consumer_Data: Test Cases/Reusable_Test_Sequences/Web_Office/Actions/Set_Consumer_Data

2020-02-11 15:17:52 - [TEST_STEP][PASSED] - "--------------------------------": null

2020-02-11 15:17:52 - [TEST_STEP][PASSED] - "Read data from spreadsheet      |": null

2020-02-11 15:17:52 - [TEST_STEP][PASSED] - data = findTestData("Data Files/Consumer_Data (1)"): null

2020-02-11 15:17:52 - [TEST_STEP][PASSED] - Forename = data.getValue("Forename", row): null

2020-02-11 15:17:52 - [TEST_STEP][PASSED] - Surname = data.getValue("Surname", row): null

2020-02-11 15:17:52 - [TEST_STEP][PASSED] - Mobile = data.getValue("Mobile", row): null

2020-02-11 15:17:52 - [TEST_STEP][PASSED] - Email = data.getValue("Email", row): null

2020-02-11 15:17:52 - [TEST_STEP][PASSED] - House = data.getValue("House", row): null

2020-02-11 15:17:52 - [TEST_STEP][PASSED] - Street = data.getValue("Street", row): null

2020-02-11 15:17:52 - [TEST_STEP][PASSED] - Town = data.getValue("Town", row): null

2020-02-11 15:17:52 - [TEST_STEP][PASSED] - City = data.getValue("City", row): null

2020-02-11 15:17:52 - [TEST_STEP][PASSED] - County = data.getValue("County", row): null

2020-02-11 15:17:52 - [TEST_STEP][PASSED] - Postcode = data.getValue("Postcode", row): null

2020-02-11 15:17:52 - [TEST_STEP][PASSED] - Phone = data.getValue("Phone", row): null

2020-02-11 15:17:52 - [TEST_STEP][PASSED] - Status = data.getValue("Status", row): null

2020-02-11 15:17:52 - [TEST_STEP][PASSED] - Type = data.getValue("Type", row): null

2020-02-11 15:17:52 - [TEST_STEP][PASSED] - Consumer_ID = data.getValue("Consumer_ID", row): null

2020-02-11 15:17:52 - [TEST_STEP][PASSED] - "--------------------------------": null

2020-02-11 15:17:52 - [TEST_STEP][PASSED] - "Read data from spreadsheet      |": null

2020-02-11 15:17:52 - [TEST_STEP][PASSED] - "--------------------------------": null

2020-02-11 15:17:52 - [TEST_STEP][PASSED] - "--------------------------------": null

2020-02-11 15:17:52 - [TEST_STEP][PASSED] - " Synchronisation                |": null

2020-02-11 15:17:52 - [TEST_STEP][PASSED] - waitForPageLoad(60): Wait for page load successfully

2020-02-11 15:17:52 - [MESSAGE][PASSED] - Wait for page load successfully

2020-02-11 15:17:52 - [TEST_STEP][PASSED] - waitForElementVisible(findTestObject("Object Repository/WebOffice/Consumers/Page_/input_Forename_ctl00CP1ctlSearchtbForenames"), 60): Object 'Object Repository/WebOffice/Consumers/Page_/input_Forename_ctl00CP1ctlSearchtbForenames' is visible

2020-02-11 15:17:52 - [MESSAGE][PASSED] - Object 'Object Repository/WebOffice/Consumers/Page_/input_Forename_ctl00CP1ctlSearchtbForenames' is visible

2020-02-11 15:17:52 - [TEST_STEP][PASSED] - click(findTestObject("Object Repository/WebOffice/Consumers/Page_/input_Forename_ctl00CP1ctlSearchtbForenames")): Object: 'Object Repository/WebOffice/Consumers/Page_/input_Forename_ctl00CP1ctlSearchtbForenames' is clicked on

2020-02-11 15:17:52 - [MESSAGE][PASSED] - Object: 'Object Repository/WebOffice/Consumers/Page_/input_Forename_ctl00CP1ctlSearchtbForenames' is clicked on

2020-02-11 15:17:52 - [TEST_STEP][PASSED] - "-------------------------------------------------------------------------------------------------------------------------------------": null

2020-02-11 15:17:52 - [TEST_STEP][PASSED] - setText(findTestObject("Object Repository/WebOffice/Consumers/Page_/input_Forename_ctl00CP1ctlSearchtbForenames"), Forename): Text '' is set on object 'Object Repository/WebOffice/Consumers/Page_/input_Forename_ctl00CP1ctlSearchtbForenames'

2020-02-11 15:17:52 - [MESSAGE][PASSED] - Text '' is set on object 'Object Repository/WebOffice/Consumers/Page_/input_Forename_ctl00CP1ctlSearchtbForenames'

2020-02-11 15:17:52 - [TEST_STEP][PASSED] - "-------------------------------------------------------------------------------------------------------------------------------------": null

2020-02-11 15:17:52 - [TEST_STEP][PASSED] - setText(findTestObject("Object Repository/WebOffice/Consumers/Page_/input_Surname_ctl00CP1ctlSearchtbSurname"), Surname): Text '' is set on object 'Object Repository/WebOffice/Consumers/Page_/input_Surname_ctl00CP1ctlSearchtbSurname'

2020-02-11 15:17:52 - [MESSAGE][PASSED] - Text '' is set on object 'Object Repository/WebOffice/Consumers/Page_/input_Surname_ctl00CP1ctlSearchtbSurname'

2020-02-11 15:17:52 - [TEST_STEP][PASSED] - "-------------------------------------------------------------------------------------------------------------------------------------": null

2020-02-11 15:17:52 - [TEST_STEP][PASSED] - setText(findTestObject("Object Repository/WebOffice/Consumers/Page_/input_Mobile_ctl00CP1ctlSearchtbMobile"), Mobile): Text '447772534248' is set on object 'Object Repository/WebOffice/Consumers/Page_/input_Mobile_ctl00CP1ctlSearchtbMobile'

2020-02-11 15:17:53 - [MESSAGE][PASSED] - Text '447772534248' is set on object 'Object Repository/WebOffice/Consumers/Page_/input_Mobile_ctl00CP1ctlSearchtbMobile'

2020-02-11 15:17:53 - [TEST_STEP][PASSED] - "-------------------------------------------------------------------------------------------------------------------------------------": null

2020-02-11 15:17:53 - [TEST_STEP][PASSED] - setText(findTestObject("Object Repository/WebOffice/Consumers/Page_/input_Email_ctl00CP1ctlSearchtbEmail"), Email): Text '' is set on object 'Object Repository/WebOffice/Consumers/Page_/input_Email_ctl00CP1ctlSearchtbEmail'

2020-02-11 15:17:53 - [MESSAGE][PASSED] - Text '' is set on object 'Object Repository/WebOffice/Consumers/Page_/input_Email_ctl00CP1ctlSearchtbEmail'

2020-02-11 15:17:53 - [TEST_STEP][PASSED] - "-------------------------------------------------------------------------------------------------------------------------------------": null

2020-02-11 15:17:53 - [TEST_STEP][PASSED] - setText(findTestObject("Object Repository/WebOffice/Consumers/Page_/input_House_ctl00CP1ctlSearchtbHouse"), House): Text '' is set on object 'Object Repository/WebOffice/Consumers/Page_/input_House_ctl00CP1ctlSearchtbHouse'

2020-02-11 15:17:53 - [MESSAGE][PASSED] - Text '' is set on object 'Object Repository/WebOffice/Consumers/Page_/input_House_ctl00CP1ctlSearchtbHouse'

2020-02-11 15:17:53 - [TEST_STEP][PASSED] - "-------------------------------------------------------------------------------------------------------------------------------------": null

2020-02-11 15:17:53 - [TEST_STEP][PASSED] - setText(findTestObject("Object Repository/WebOffice/Consumers/Page_/input_Street_ctl00CP1ctlSearchtbStreet"), Street): Text '' is set on object 'Object Repository/WebOffice/Consumers/Page_/input_Street_ctl00CP1ctlSearchtbStreet'

2020-02-11 15:17:53 - [MESSAGE][PASSED] - Text '' is set on object 'Object Repository/WebOffice/Consumers/Page_/input_Street_ctl00CP1ctlSearchtbStreet'

2020-02-11 15:17:53 - [TEST_STEP][PASSED] - "-------------------------------------------------------------------------------------------------------------------------------------": null

2020-02-11 15:17:53 - [TEST_STEP][PASSED] - setText(findTestObject("Object Repository/WebOffice/Consumers/Page_/input_Town_ctl00CP1ctlSearchtbTown"), Town): Text '' is set on object 'Object Repository/WebOffice/Consumers/Page_/input_Town_ctl00CP1ctlSearchtbTown'

2020-02-11 15:17:53 - [MESSAGE][PASSED] - Text '' is set on object 'Object Repository/WebOffice/Consumers/Page_/input_Town_ctl00CP1ctlSearchtbTown'

2020-02-11 15:17:53 - [TEST_STEP][PASSED] - "-------------------------------------------------------------------------------------------------------------------------------------": null

2020-02-11 15:17:53 - [TEST_STEP][PASSED] - setText(findTestObject("Object Repository/WebOffice/Consumers/Page_/input_City_ctl00CP1ctlSearchtbCity"), City): Text '' is set on object 'Object Repository/WebOffice/Consumers/Page_/input_City_ctl00CP1ctlSearchtbCity'

2020-02-11 15:17:53 - [MESSAGE][PASSED] - Text '' is set on object 'Object Repository/WebOffice/Consumers/Page_/input_City_ctl00CP1ctlSearchtbCity'

2020-02-11 15:17:53 - [TEST_STEP][PASSED] - "-------------------------------------------------------------------------------------------------------------------------------------": null

2020-02-11 15:17:53 - [TEST_STEP][PASSED] - setText(findTestObject("Object Repository/WebOffice/Consumers/Page_/input_County_ctl00CP1ctlSearchtbCounty"), County): Text '' is set on object 'Object Repository/WebOffice/Consumers/Page_/input_County_ctl00CP1ctlSearchtbCounty'

2020-02-11 15:17:54 - [MESSAGE][PASSED] - Text '' is set on object 'Object Repository/WebOffice/Consumers/Page_/input_County_ctl00CP1ctlSearchtbCounty'

2020-02-11 15:17:54 - [TEST_STEP][PASSED] - "-------------------------------------------------------------------------------------------------------------------------------------": null

2020-02-11 15:17:54 - [TEST_STEP][PASSED] - setText(findTestObject("Object Repository/WebOffice/Consumers/Page_/input_Postcode_ctl00CP1ctlSearchtbPostcode"), Postcode): Text '' is set on object 'Object Repository/WebOffice/Consumers/Page_/input_Postcode_ctl00CP1ctlSearchtbPostcode'

2020-02-11 15:17:54 - [MESSAGE][PASSED] - Text '' is set on object 'Object Repository/WebOffice/Consumers/Page_/input_Postcode_ctl00CP1ctlSearchtbPostcode'

2020-02-11 15:17:54 - [TEST_STEP][PASSED] - "-------------------------------------------------------------------------------------------------------------------------------------": null

2020-02-11 15:17:54 - [TEST_STEP][PASSED] - setText(findTestObject("Object Repository/WebOffice/Consumers/Page_/input_Phone_ctl00CP1ctlSearchtbTel"), Phone): Text '' is set on object 'Object Repository/WebOffice/Consumers/Page_/input_Phone_ctl00CP1ctlSearchtbTel'

2020-02-11 15:17:54 - [MESSAGE][PASSED] - Text '' is set on object 'Object Repository/WebOffice/Consumers/Page_/input_Phone_ctl00CP1ctlSearchtbTel'

2020-02-11 15:17:54 - [TEST_STEP][PASSED] - "-------------------------------------------------------------------------------------------------------------------------------------": null

2020-02-11 15:17:54 - [TEST_STEP][PASSED] - "Set Status": null

2020-02-11 15:17:54 - [TEST_STEP][PASSED] - "-------------------------------------------------------------------------------------------------------------------------------------": null

2020-02-11 15:17:54 - [TEST_STEP][PASSED] - "Status 3 Options": null

2020-02-11 15:17:54 - [TEST_STEP][PASSED] - "-------------------------------------------------------------------------------------------------------------------------------------": null

2020-02-11 15:17:54 - [TEST_STEP][PASSED] - "Set Type": null

2020-02-11 15:17:54 - [TEST_STEP][PASSED] - "-------------------------------------------------------------------------------------------------------------------------------------": null

2020-02-11 15:17:54 - [TEST_STEP][PASSED] - "Type 3 Options": null

2020-02-11 15:17:54 - [TEST_STEP][PASSED] - "-------------------------------------------------------------------------------------------------------------------------------------": null

2020-02-11 15:17:54 - [TEST_STEP][PASSED] - click(findTestObject("Object Repository/WebOffice/Consumers/Page_/input_Clear_ctl00CP1ctlSearchbtnSearch")): Object: 'Object Repository/WebOffice/Consumers/Page_/input_Clear_ctl00CP1ctlSearchbtnSearch' is clicked on

2020-02-11 15:17:54 - [MESSAGE][PASSED] - Object: 'Object Repository/WebOffice/Consumers/Page_/input_Clear_ctl00CP1ctlSearchbtnSearch' is clicked on

2020-02-11 15:17:54 - [MESSAGE][PASSED] - Call Test Case 'Test Cases/Reusable_Test_Sequences/Web_Office/Actions/Set_Consumer_Data' successfully

2020-02-11 15:17:54 - [TEST_STEP][PASSED] - "--------------------------------------": null

2020-02-11 15:17:54 - [TEST_STEP][PASSED] - " Select Returned Record to Verify     |": null

2020-02-11 15:17:54 - [TEST_STEP][PASSED] - callTestCase(findTestCase("Reusable_Test_Sequences/Web_Office/Actions/Select_Consumer"), [:], OPTIONAL): Call Test Case 'Test Cases/Reusable_Test_Sequences/Web_Office/Actions/Select_Consumer' successfully

2020-02-11 15:17:54 - [TEST_CASE][PASSED] - Test Cases/Reusable_Test_Sequences/Web_Office/Actions/Select_Consumer: Test Cases/Reusable_Test_Sequences/Web_Office/Actions/Select_Consumer

2020-02-11 15:17:54 - [TEST_STEP][PASSED] - "--------": null

2020-02-11 15:17:54 - [TEST_STEP][PASSED] - "Search  |": null

2020-02-11 15:17:54 - [TEST_STEP][PASSED] - waitForPageLoad(60): Wait for page load successfully

2020-02-11 15:17:54 - [MESSAGE][PASSED] - Wait for page load successfully

2020-02-11 15:17:54 - [TEST_STEP][PASSED] - waitForElementClickable(findTestObject("Object Repository/WO_Consumer/Page_/input_Clear_ctl00CP1ctlSearchbtnSearch"), 60): Object 'Object Repository/WO_Consumer/Page_/input_Clear_ctl00CP1ctlSearchbtnSearch' is clickable

2020-02-11 15:17:54 - [MESSAGE][PASSED] - Object 'Object Repository/WO_Consumer/Page_/input_Clear_ctl00CP1ctlSearchbtnSearch' is clickable

2020-02-11 15:17:54 - [TEST_STEP][PASSED] - click(findTestObject("Object Repository/WO_Consumer/Page_/input_Clear_ctl00CP1ctlSearchbtnSearch")): Object: 'Object Repository/WO_Consumer/Page_/input_Clear_ctl00CP1ctlSearchbtnSearch' is clicked on

2020-02-11 15:17:54 - [MESSAGE][PASSED] - Object: 'Object Repository/WO_Consumer/Page_/input_Clear_ctl00CP1ctlSearchbtnSearch' is clicked on

2020-02-11 15:17:54 - [TEST_STEP][PASSED] - delay(5): Delayed 5 second(s)

2020-02-11 15:17:59 - [MESSAGE][PASSED] - Delayed 5 second(s)

2020-02-11 15:17:59 - [TEST_STEP][PASSED] - "--------": null

2020-02-11 15:17:59 - [TEST_STEP][PASSED] - "Synch   |": null

2020-02-11 15:17:59 - [TEST_STEP][PASSED] - waitForPageLoad(120): Wait for page load successfully

2020-02-11 15:17:59 - [MESSAGE][PASSED] - Wait for page load successfully

2020-02-11 15:17:59 - [TEST_STEP][PASSED] - waitForElementClickable(findTestObject("Object Repository/WO_Consumer/Page_/a_Feedback"), 60): Object 'Object Repository/WO_Consumer/Page_/a_Feedback' is clickable

2020-02-11 15:18:00 - [MESSAGE][PASSED] - Object 'Object Repository/WO_Consumer/Page_/a_Feedback' is clickable

2020-02-11 15:18:00 - [TEST_STEP][PASSED] - "----------------------------------------": null

2020-02-11 15:18:00 - [TEST_STEP][PASSED] - "Initial Table View (Populated or Not    |": null

2020-02-11 15:18:00 - [TEST_STEP][PASSED] - "----------------------------------------": null

2020-02-11 15:18:00 - [TEST_STEP][PASSED] - "---------------------------------------------------": null

2020-02-11 15:18:00 - [TEST_STEP][PASSED] - "If Record Exists Then rocess, Otherwise Jump Over  |": null

2020-02-11 15:18:00 - [TEST_STEP][PASSED] - "---------------------------------------------------": null

2020-02-11 15:18:00 - [TEST_STEP][PASSED] - "----------------------------------------": null

2020-02-11 15:18:00 - [TEST_STEP][PASSED] - "Initial Table Return Checks": null

2020-02-11 15:18:00 - [TEST_STEP][PASSED] - "----------------------------------------": null

2020-02-11 15:18:00 - [TEST_STEP][PASSED] - "--------": null

2020-02-11 15:18:00 - [TEST_STEP][PASSED] - "Sort    |": null

2020-02-11 15:18:00 - [TEST_STEP][PASSED] - click(findTestObject("Object Repository/WO_Consumer/Page_/a_Feedback")): Object: 'Object Repository/WO_Consumer/Page_/a_Feedback' is clicked on

2020-02-11 15:18:00 - [MESSAGE][PASSED] - Object: 'Object Repository/WO_Consumer/Page_/a_Feedback' is clicked on

2020-02-11 15:18:00 - [TEST_STEP][PASSED] - delay(5): Delayed 5 second(s)

2020-02-11 15:18:05 - [MESSAGE][PASSED] - Delayed 5 second(s)

2020-02-11 15:18:05 - [TEST_STEP][PASSED] - "--------": null

2020-02-11 15:18:05 - [TEST_STEP][PASSED] - "Sort    |": null

2020-02-11 15:18:05 - [TEST_STEP][PASSED] - click(findTestObject("Object Repository/WO_Consumer/Page_/a_Feedback")): Object: 'Object Repository/WO_Consumer/Page_/a_Feedback' is clicked on

2020-02-11 15:18:05 - [MESSAGE][PASSED] - Object: 'Object Repository/WO_Consumer/Page_/a_Feedback' is clicked on

2020-02-11 15:18:05 - [TEST_STEP][PASSED] - delay(5): Delayed 5 second(s)

2020-02-11 15:18:10 - [MESSAGE][PASSED] - Delayed 5 second(s)

2020-02-11 15:18:10 - [TEST_STEP][PASSED] - "--------": null

2020-02-11 15:18:10 - [TEST_STEP][PASSED] - "Select  |": null

2020-02-11 15:18:10 - [TEST_STEP][PASSED] - waitForElementClickable(findTestObject("WO_Consumer/Page_/td_TopRow"), 60): Object 'Object Repository/WO_Consumer/Page_/td_TopRow' is clickable

2020-02-11 15:18:10 - [MESSAGE][PASSED] - Object 'Object Repository/WO_Consumer/Page_/td_TopRow' is clickable

2020-02-11 15:18:10 - [TEST_STEP][PASSED] - click(findTestObject("WO_Consumer/Page_/td_TopRow")): Object: 'Object Repository/WO_Consumer/Page_/td_TopRow' is clicked on

2020-02-11 15:18:11 - [MESSAGE][PASSED] - Object: 'Object Repository/WO_Consumer/Page_/td_TopRow' is clicked on

2020-02-11 15:18:11 - [TEST_STEP][PASSED] - delay(1): Delayed 1 second(s)

2020-02-11 15:18:12 - [MESSAGE][PASSED] - Delayed 1 second(s)

2020-02-11 15:18:12 - [MESSAGE][PASSED] - Call Test Case 'Test Cases/Reusable_Test_Sequences/Web_Office/Actions/Select_Consumer' successfully

2020-02-11 15:18:12 - [TEST_STEP][PASSED] - "--------------------------------------": null

2020-02-11 15:18:12 - [TEST_STEP][PASSED] - " Verify Returned Consumer Record      |": null

2020-02-11 15:18:12 - [TEST_STEP][PASSED] - callTestCase(findTestCase("Reusable_Test_Sequences/Web_Office/Verification/Consumer_Returned_Search_Record"), [:], OPTIONAL): Call Test Case 'Test Cases/Reusable_Test_Sequences/Web_Office/Verification/Consumer_Returned_Search_Record' successfully

2020-02-11 15:18:12 - [TEST_CASE][PASSED] - Test Cases/Reusable_Test_Sequences/Web_Office/Verification/Consumer_Returned_Search_Record: Test Cases/Reusable_Test_Sequences/Web_Office/Verification/Consumer_Returned_Search_Record

2020-02-11 15:18:12 - [TEST_STEP][PASSED] - "--------------------------------": null

2020-02-11 15:18:12 - [TEST_STEP][PASSED] - "Read data from spreadsheet      | r_ = Returned Data": null

2020-02-11 15:18:12 - [TEST_STEP][PASSED] - data = findTestData("Data Files/Consumer_Data (1)"): null

2020-02-11 15:18:12 - [TEST_STEP][PASSED] - Consumer_ID = data.getValue("Consumer_ID", row): null

2020-02-11 15:18:12 - [TEST_STEP][PASSED] - Title = data.getValue("r_Title", row): null

2020-02-11 15:18:12 - [TEST_STEP][PASSED] - Forenames = data.getValue("r_Forenames", row): null

2020-02-11 15:18:12 - [TEST_STEP][PASSED] - Surname = data.getValue("r_Surname", row): null

2020-02-11 15:18:12 - [TEST_STEP][PASSED] - Housename = data.getValue("r_Housename", row): null

2020-02-11 15:18:12 - [TEST_STEP][PASSED] - Number_Street = data.getValue("r_Number_and_Street", row): null

2020-02-11 15:18:12 - [TEST_STEP][PASSED] - City = data.getValue("r_City", row): null

2020-02-11 15:18:12 - [TEST_STEP][PASSED] - Town = data.getValue("r_Town", row): null

2020-02-11 15:18:12 - [TEST_STEP][PASSED] - County = data.getValue("r_County", row): null

2020-02-11 15:18:12 - [TEST_STEP][PASSED] - Postcode = data.getValue("r_Postcode", row): null

2020-02-11 15:18:12 - [TEST_STEP][PASSED] - Phone1 = data.getValue("r_Phone_1", row): null

2020-02-11 15:18:12 - [TEST_STEP][PASSED] - Phone2 = data.getValue("r_Phone_2", row): null

2020-02-11 15:18:12 - [TEST_STEP][PASSED] - Fax = data.getValue("r_Fax", row): null

2020-02-11 15:18:12 - [TEST_STEP][PASSED] - r_Full_Name = data.getValue("r_Full_Name", 1): null

2020-02-11 15:18:12 - [TEST_STEP][PASSED] - r_Full_Address = data.getValue("r_Full_Address", 1): null

2020-02-11 15:18:12 - [TEST_STEP][PASSED] - "--------------------------------": null

2020-02-11 15:18:12 - [TEST_STEP][PASSED] - "Read data from spreadsheet      |": null

2020-02-11 15:18:12 - [TEST_STEP][PASSED] - Actual_Page_Text = "": null

2020-02-11 15:18:12 - [TEST_STEP][PASSED] - Expected_Page_Text = "": null

2020-02-11 15:18:12 - [TEST_STEP][PASSED] - waitForPageLoad(60): Wait for page load successfully

2020-02-11 15:18:12 - [MESSAGE][PASSED] - Wait for page load successfully

2020-02-11 15:18:12 - [TEST_STEP][PASSED] - delay(1): Delayed 1 second(s)

2020-02-11 15:18:13 - [MESSAGE][PASSED] - Delayed 1 second(s)

2020-02-11 15:18:13 - [TEST_STEP][PASSED] - "HEADER DETAIL - iFrame": null

2020-02-11 15:18:13 - [TEST_STEP][PASSED] - "----------------": null

2020-02-11 15:18:13 - [TEST_STEP][PASSED] - "Full Name       |": null

2020-02-11 15:18:13 - [TEST_STEP][PASSED] - verifyElementPresent(findTestObject("Object Repository/WO_Consumer/Page_/Page_/a_Mr Gordon Brown"), 25): Object 'Object Repository/WO_Consumer/Page_/Page_/a_Mr Gordon Brown' is present

2020-02-11 15:18:13 - [MESSAGE][PASSED] - Object 'Object Repository/WO_Consumer/Page_/Page_/a_Mr Gordon Brown' is present

2020-02-11 15:18:13 - [TEST_STEP][PASSED] - "----------------": null

2020-02-11 15:18:13 - [TEST_STEP][PASSED] - "Full Address    |": null

2020-02-11 15:18:13 - [TEST_STEP][PASSED] - verifyElementPresent(findTestObject("Object Repository/WO_Consumer/Page_/Page_/div_Haywards Heath West Sussex RH16 4ER4477_d20822"), 25): Object 'Object Repository/WO_Consumer/Page_/Page_/div_Haywards Heath West Sussex RH16 4ER4477_d20822' is present

2020-02-11 15:18:13 - [MESSAGE][PASSED] - Object 'Object Repository/WO_Consumer/Page_/Page_/div_Haywards Heath West Sussex RH16 4ER4477_d20822' is present

2020-02-11 15:18:13 - [TEST_STEP][PASSED] - "BODY DETAIL - iFrame": null

2020-02-11 15:18:13 - [TEST_STEP][PASSED] - "----------------": null

2020-02-11 15:18:13 - [TEST_STEP][PASSED] - "EDIT Consumer   |": null

2020-02-11 15:18:13 - [TEST_STEP][PASSED] - verifyElementPresent(findTestObject("Object Repository/WO_Consumer/Page_/Page_/input_Title_ctledittbTitle"), 25): Object 'Object Repository/WO_Consumer/Page_/Page_/input_Title_ctledittbTitle' is present

2020-02-11 15:18:13 - [MESSAGE][PASSED] - Object 'Object Repository/WO_Consumer/Page_/Page_/input_Title_ctledittbTitle' is present

2020-02-11 15:18:13 - [TEST_STEP][PASSED] - "----------------": null

2020-02-11 15:18:13 - [TEST_STEP][PASSED] - "Address         |": null

2020-02-11 15:18:13 - [TEST_STEP][PASSED] - verifyElementPresent(findTestObject("Object Repository/WO_Consumer/Page_/Page_/span_Please ensure the Street  Road name is_e38a58"), 25): Object 'Object Repository/WO_Consumer/Page_/Page_/span_Please ensure the Street  Road name is_e38a58' is present

2020-02-11 15:18:13 - [MESSAGE][PASSED] - Object 'Object Repository/WO_Consumer/Page_/Page_/span_Please ensure the Street  Road name is_e38a58' is present

2020-02-11 15:18:13 - [MESSAGE][PASSED] - Call Test Case 'Test Cases/Reusable_Test_Sequences/Web_Office/Verification/Consumer_Returned_Search_Record' successfully

2020-02-11 15:18:13 - [TEST_STEP][PASSED] - "--------------------------": null

2020-02-11 15:18:13 - [TEST_STEP][PASSED] - " Teardown - CLose Browser |": null

2020-02-11 15:18:13 - [TEST_STEP][PASSED] - callTestCase(findTestCase("Reusable_Test_Sequences/CAT_Teardown"), [:], OPTIONAL): Call Test Case 'Test Cases/Reusable_Test_Sequences/CAT_Teardown' successfully

2020-02-11 15:18:14 - [TEST_CASE][PASSED] - Test Cases/Reusable_Test_Sequences/CAT_Teardown: Test Cases/Reusable_Test_Sequences/CAT_Teardown

2020-02-11 15:18:14 - [TEST_STEP][PASSED] - closeBrowser(): Browser is closed

2020-02-11 15:18:15 - [MESSAGE][PASSED] - Browser is closed

2020-02-11 15:18:15 - [MESSAGE][PASSED] - Call Test Case 'Test Cases/Reusable_Test_Sequences/CAT_Teardown' successfully

2020-02-11 15:18:15 - [TEST_STEP][PASSED] - "--------------------------------------": null

2020-02-11 15:18:15 - [TEST_STEP][PASSED] - " Web Office StartUp                   |": null

2020-02-11 15:18:15 - [TEST_STEP][PASSED] - callTestCase(findTestCase("Reusable_Test_Sequences/Web_Office/Directives/WebOffice_StartUp"), [:], OPTIONAL): Call Test Case 'Test Cases/Reusable_Test_Sequences/Web_Office/Directives/WebOffice_StartUp' successfully

2020-02-11 15:18:15 - [TEST_CASE][PASSED] - Test Cases/Reusable_Test_Sequences/Web_Office/Directives/WebOffice_StartUp: Test Cases/Reusable_Test_Sequences/Web_Office/Directives/WebOffice_StartUp

2020-02-11 15:18:15 - [TEST_STEP][PASSED] - if (URL == "https://www.preview.checkatrade.com/"): null

2020-02-11 15:18:15 - [TEST_STEP][PASSED] - WebOfficeURL = "https://admin.preview.checkatrade.com/": null

2020-02-11 15:18:15 - [TEST_STEP][PASSED] - if (URL == "https://www.checkatrade.com/"): null

2020-02-11 15:18:15 - [TEST_STEP][PASSED] - "Set Function Area for "URL_Handler", URL Resolution": null

2020-02-11 15:18:15 - [TEST_STEP][PASSED] - "Do Some Magic with URL(s) See the comments within URL Handler ": null

2020-02-11 15:18:15 - [TEST_STEP][PASSED] - "------------------------------------------------": null

2020-02-11 15:18:15 - [TEST_STEP][PASSED] - "Moved Login Credentials to <Default> profile 22/01/2020": null

2020-02-11 15:18:15 - [TEST_STEP][PASSED] - "------------------------------------------------": null

2020-02-11 15:18:15 - [TEST_STEP][PASSED] - "WebOfficeURL - Set from the ENVIRONMENT PROFILE ": null

2020-02-11 15:18:15 - [TEST_STEP][PASSED] - "OPEN BROWSER": null

2020-02-11 15:18:15 - [TEST_STEP][PASSED] - "eg - https://admin.preview.checkatrade.com/  ": null

2020-02-11 15:18:15 - [TEST_STEP][PASSED] - openBrowser(WebOfficeURL): Browser is opened with url: 'https://admin.preview.checkatrade.com/'

2020-02-11 15:18:15 - [MESSAGE][INFO] - Starting 'Chrome' driver

2020-02-11 15:18:21 - [MESSAGE][PASSED] - Browser is opened with url: 'https://admin.preview.checkatrade.com/'

2020-02-11 15:18:21 - [TEST_STEP][PASSED] - maximizeWindow(): Current window maximized

2020-02-11 15:18:25 - [MESSAGE][PASSED] - Current window maximized

2020-02-11 15:18:25 - [TEST_STEP][PASSED] - waitForElementClickable(findTestObject("Object Repository/WebOffice/Page_Checkatrade - Administration - Login/Login_Button"), 25): Object 'Object Repository/WebOffice/Page_Checkatrade - Administration - Login/Login_Button' is clickable

2020-02-11 15:18:25 - [MESSAGE][PASSED] - Object 'Object Repository/WebOffice/Page_Checkatrade - Administration - Login/Login_Button' is clickable

2020-02-11 15:18:25 - [TEST_STEP][PASSED] - verifyTextPresent("Checkatrade Web Office", false): Text 'Checkatrade Web Office' is present on page 

2020-02-11 15:18:25 - [MESSAGE][PASSED] - Text 'Checkatrade Web Office' is present on page 

2020-02-11 15:18:25 - [TEST_STEP][PASSED] - verifyTextPresent("Access for staff use only", false): Text 'Access for staff use only' is present on page 

2020-02-11 15:18:25 - [MESSAGE][PASSED] - Text 'Access for staff use only' is present on page 

2020-02-11 15:18:25 - [TEST_STEP][PASSED] - verifyTextPresent("Forgotten password?", false): Text 'Forgotten password?' is present on page 

2020-02-11 15:18:25 - [MESSAGE][PASSED] - Text 'Forgotten password?' is present on page 

2020-02-11 15:18:25 - [TEST_STEP][PASSED] - setText(findTestObject("Object Repository/WebOffice/Page_Checkatrade - Administration - Login/input_Username_LoginControlUserName"), wo_Username): Text 'DavidHo' is set on object 'Object Repository/WebOffice/Page_Checkatrade - Administration - Login/input_Username_LoginControlUserName'

2020-02-11 15:18:26 - [MESSAGE][PASSED] - Text 'DavidHo' is set on object 'Object Repository/WebOffice/Page_Checkatrade - Administration - Login/input_Username_LoginControlUserName'

2020-02-11 15:18:26 - [TEST_STEP][PASSED] - setText(findTestObject("Object Repository/WebOffice/Page_Checkatrade - Administration - Login/input_Password_LoginControlPassword"), wo_Password): Text 'Check123' is set on object 'Object Repository/WebOffice/Page_Checkatrade - Administration - Login/input_Password_LoginControlPassword'

2020-02-11 15:18:26 - [MESSAGE][PASSED] - Text 'Check123' is set on object 'Object Repository/WebOffice/Page_Checkatrade - Administration - Login/input_Password_LoginControlPassword'

2020-02-11 15:18:26 - [TEST_STEP][PASSED] - click(findTestObject("Object Repository/WebOffice/Page_Checkatrade - Administration - Login/Login_Button")): Object: 'Object Repository/WebOffice/Page_Checkatrade - Administration - Login/Login_Button' is clicked on

2020-02-11 15:18:27 - [MESSAGE][PASSED] - Object: 'Object Repository/WebOffice/Page_Checkatrade - Administration - Login/Login_Button' is clicked on

2020-02-11 15:18:27 - [TEST_STEP][PASSED] - waitForPageLoad(60): Wait for page load successfully

2020-02-11 15:18:27 - [MESSAGE][PASSED] - Wait for page load successfully

2020-02-11 15:18:27 - [TEST_STEP][PASSED] - verifyTextPresent("Welcome " + wo_Username, false): Text 'Welcome DavidHo' is present on page 

2020-02-11 15:18:27 - [MESSAGE][PASSED] - Text 'Welcome DavidHo' is present on page 

2020-02-11 15:18:27 - [MESSAGE][PASSED] - Call Test Case 'Test Cases/Reusable_Test_Sequences/Web_Office/Directives/WebOffice_StartUp' successfully

2020-02-11 15:18:27 - [TEST_STEP][PASSED] - "--------------------------------------": null

2020-02-11 15:18:27 - [TEST_STEP][PASSED] - " Navigate to <Consumer> Menu Item     |": null

2020-02-11 15:18:27 - [TEST_STEP][PASSED] - callTestCase(findTestCase("Reusable_Test_Sequences/Web_Office/navigation/Navigate_Consumers"), [:], OPTIONAL): Call Test Case 'Test Cases/Reusable_Test_Sequences/Web_Office/navigation/Navigate_Consumers' successfully

2020-02-11 15:18:27 - [TEST_CASE][PASSED] - Test Cases/Reusable_Test_Sequences/Web_Office/navigation/Navigate_Consumers: Test Cases/Reusable_Test_Sequences/Web_Office/navigation/Navigate_Consumers

2020-02-11 15:18:27 - [TEST_STEP][PASSED] - "--------------------------------------": null

2020-02-11 15:18:27 - [TEST_STEP][PASSED] - " Navigate Top level menu Item         |": null

2020-02-11 15:18:27 - [TEST_STEP][PASSED] - waitForPageLoad(60): Wait for page load successfully

2020-02-11 15:18:27 - [MESSAGE][PASSED] - Wait for page load successfully

2020-02-11 15:18:27 - [TEST_STEP][PASSED] - waitForElementClickable(findTestObject("Object Repository/WebOffice_Home_page/a_Consumers"), 60): Object 'Object Repository/WebOffice_Home_page/a_Consumers' is clickable

2020-02-11 15:18:27 - [MESSAGE][PASSED] - Object 'Object Repository/WebOffice_Home_page/a_Consumers' is clickable

2020-02-11 15:18:27 - [TEST_STEP][PASSED] - click(findTestObject("Object Repository/WebOffice_Home_page/a_Consumers")): Object: 'Object Repository/WebOffice_Home_page/a_Consumers' is clicked on

2020-02-11 15:18:28 - [MESSAGE][PASSED] - Object: 'Object Repository/WebOffice_Home_page/a_Consumers' is clicked on

2020-02-11 15:18:28 - [MESSAGE][PASSED] - Call Test Case 'Test Cases/Reusable_Test_Sequences/Web_Office/navigation/Navigate_Consumers' successfully

2020-02-11 15:18:28 - [TEST_STEP][PASSED] - "--------------------------------------": null

2020-02-11 15:18:28 - [TEST_STEP][PASSED] - " LH Pane  - Apply Search Criteria     |": null

2020-02-11 15:18:28 - [TEST_STEP][PASSED] - callTestCase(findTestCase("Reusable_Test_Sequences/Web_Office/Actions/Set_Consumer_Data"), [:], OPTIONAL): Call Test Case 'Test Cases/Reusable_Test_Sequences/Web_Office/Actions/Set_Consumer_Data' successfully

2020-02-11 15:18:28 - [TEST_CASE][PASSED] - Test Cases/Reusable_Test_Sequences/Web_Office/Actions/Set_Consumer_Data: Test Cases/Reusable_Test_Sequences/Web_Office/Actions/Set_Consumer_Data

2020-02-11 15:18:28 - [TEST_STEP][PASSED] - "--------------------------------": null

2020-02-11 15:18:28 - [TEST_STEP][PASSED] - "Read data from spreadsheet      |": null

2020-02-11 15:18:28 - [TEST_STEP][PASSED] - data = findTestData("Data Files/Consumer_Data (1)"): null

2020-02-11 15:18:28 - [TEST_STEP][PASSED] - Forename = data.getValue("Forename", row): null

2020-02-11 15:18:28 - [TEST_STEP][PASSED] - Surname = data.getValue("Surname", row): null

2020-02-11 15:18:28 - [TEST_STEP][PASSED] - Mobile = data.getValue("Mobile", row): null

2020-02-11 15:18:28 - [TEST_STEP][PASSED] - Email = data.getValue("Email", row): null

2020-02-11 15:18:28 - [TEST_STEP][PASSED] - House = data.getValue("House", row): null

2020-02-11 15:18:28 - [TEST_STEP][PASSED] - Street = data.getValue("Street", row): null

2020-02-11 15:18:28 - [TEST_STEP][PASSED] - Town = data.getValue("Town", row): null

2020-02-11 15:18:28 - [TEST_STEP][PASSED] - City = data.getValue("City", row): null

2020-02-11 15:18:28 - [TEST_STEP][PASSED] - County = data.getValue("County", row): null

2020-02-11 15:18:28 - [TEST_STEP][PASSED] - Postcode = data.getValue("Postcode", row): null

2020-02-11 15:18:28 - [TEST_STEP][PASSED] - Phone = data.getValue("Phone", row): null

2020-02-11 15:18:28 - [TEST_STEP][PASSED] - Status = data.getValue("Status", row): null

2020-02-11 15:18:28 - [TEST_STEP][PASSED] - Type = data.getValue("Type", row): null

2020-02-11 15:18:28 - [TEST_STEP][PASSED] - Consumer_ID = data.getValue("Consumer_ID", row): null

2020-02-11 15:18:28 - [TEST_STEP][PASSED] - "--------------------------------": null

2020-02-11 15:18:28 - [TEST_STEP][PASSED] - "Read data from spreadsheet      |": null

2020-02-11 15:18:28 - [TEST_STEP][PASSED] - "--------------------------------": null

2020-02-11 15:18:28 - [TEST_STEP][PASSED] - "--------------------------------": null

2020-02-11 15:18:28 - [TEST_STEP][PASSED] - " Synchronisation                |": null

2020-02-11 15:18:28 - [TEST_STEP][PASSED] - waitForPageLoad(60): Wait for page load successfully

2020-02-11 15:18:28 - [MESSAGE][PASSED] - Wait for page load successfully

2020-02-11 15:18:28 - [TEST_STEP][PASSED] - waitForElementVisible(findTestObject("Object Repository/WebOffice/Consumers/Page_/input_Forename_ctl00CP1ctlSearchtbForenames"), 60): Object 'Object Repository/WebOffice/Consumers/Page_/input_Forename_ctl00CP1ctlSearchtbForenames' is visible

2020-02-11 15:18:28 - [MESSAGE][PASSED] - Object 'Object Repository/WebOffice/Consumers/Page_/input_Forename_ctl00CP1ctlSearchtbForenames' is visible

2020-02-11 15:18:28 - [TEST_STEP][PASSED] - click(findTestObject("Object Repository/WebOffice/Consumers/Page_/input_Forename_ctl00CP1ctlSearchtbForenames")): Object: 'Object Repository/WebOffice/Consumers/Page_/input_Forename_ctl00CP1ctlSearchtbForenames' is clicked on

2020-02-11 15:18:29 - [MESSAGE][PASSED] - Object: 'Object Repository/WebOffice/Consumers/Page_/input_Forename_ctl00CP1ctlSearchtbForenames' is clicked on

2020-02-11 15:18:29 - [TEST_STEP][PASSED] - "-------------------------------------------------------------------------------------------------------------------------------------": null

2020-02-11 15:18:29 - [TEST_STEP][PASSED] - setText(findTestObject("Object Repository/WebOffice/Consumers/Page_/input_Forename_ctl00CP1ctlSearchtbForenames"), Forename): Text 'Gordon' is set on object 'Object Repository/WebOffice/Consumers/Page_/input_Forename_ctl00CP1ctlSearchtbForenames'

2020-02-11 15:18:29 - [MESSAGE][PASSED] - Text 'Gordon' is set on object 'Object Repository/WebOffice/Consumers/Page_/input_Forename_ctl00CP1ctlSearchtbForenames'

2020-02-11 15:18:29 - [TEST_STEP][PASSED] - "-------------------------------------------------------------------------------------------------------------------------------------": null

2020-02-11 15:18:29 - [TEST_STEP][PASSED] - setText(findTestObject("Object Repository/WebOffice/Consumers/Page_/input_Surname_ctl00CP1ctlSearchtbSurname"), Surname): Text '' is set on object 'Object Repository/WebOffice/Consumers/Page_/input_Surname_ctl00CP1ctlSearchtbSurname'

2020-02-11 15:18:29 - [MESSAGE][PASSED] - Text '' is set on object 'Object Repository/WebOffice/Consumers/Page_/input_Surname_ctl00CP1ctlSearchtbSurname'

2020-02-11 15:18:29 - [TEST_STEP][PASSED] - "-------------------------------------------------------------------------------------------------------------------------------------": null

2020-02-11 15:18:29 - [TEST_STEP][PASSED] - setText(findTestObject("Object Repository/WebOffice/Consumers/Page_/input_Mobile_ctl00CP1ctlSearchtbMobile"), Mobile): Text '' is set on object 'Object Repository/WebOffice/Consumers/Page_/input_Mobile_ctl00CP1ctlSearchtbMobile'

2020-02-11 15:18:29 - [MESSAGE][PASSED] - Text '' is set on object 'Object Repository/WebOffice/Consumers/Page_/input_Mobile_ctl00CP1ctlSearchtbMobile'

2020-02-11 15:18:29 - [TEST_STEP][PASSED] - "-------------------------------------------------------------------------------------------------------------------------------------": null

2020-02-11 15:18:29 - [TEST_STEP][PASSED] - setText(findTestObject("Object Repository/WebOffice/Consumers/Page_/input_Email_ctl00CP1ctlSearchtbEmail"), Email): Text '' is set on object 'Object Repository/WebOffice/Consumers/Page_/input_Email_ctl00CP1ctlSearchtbEmail'

2020-02-11 15:18:29 - [MESSAGE][PASSED] - Text '' is set on object 'Object Repository/WebOffice/Consumers/Page_/input_Email_ctl00CP1ctlSearchtbEmail'

2020-02-11 15:18:29 - [TEST_STEP][PASSED] - "-------------------------------------------------------------------------------------------------------------------------------------": null

2020-02-11 15:18:29 - [TEST_STEP][PASSED] - setText(findTestObject("Object Repository/WebOffice/Consumers/Page_/input_House_ctl00CP1ctlSearchtbHouse"), House): Text '' is set on object 'Object Repository/WebOffice/Consumers/Page_/input_House_ctl00CP1ctlSearchtbHouse'

2020-02-11 15:18:30 - [MESSAGE][PASSED] - Text '' is set on object 'Object Repository/WebOffice/Consumers/Page_/input_House_ctl00CP1ctlSearchtbHouse'

2020-02-11 15:18:30 - [TEST_STEP][PASSED] - "-------------------------------------------------------------------------------------------------------------------------------------": null

2020-02-11 15:18:30 - [TEST_STEP][PASSED] - setText(findTestObject("Object Repository/WebOffice/Consumers/Page_/input_Street_ctl00CP1ctlSearchtbStreet"), Street): Text '2 Redwood Drive' is set on object 'Object Repository/WebOffice/Consumers/Page_/input_Street_ctl00CP1ctlSearchtbStreet'

2020-02-11 15:18:30 - [MESSAGE][PASSED] - Text '2 Redwood Drive' is set on object 'Object Repository/WebOffice/Consumers/Page_/input_Street_ctl00CP1ctlSearchtbStreet'

2020-02-11 15:18:30 - [TEST_STEP][PASSED] - "-------------------------------------------------------------------------------------------------------------------------------------": null

2020-02-11 15:18:30 - [TEST_STEP][PASSED] - setText(findTestObject("Object Repository/WebOffice/Consumers/Page_/input_Town_ctl00CP1ctlSearchtbTown"), Town): Text '' is set on object 'Object Repository/WebOffice/Consumers/Page_/input_Town_ctl00CP1ctlSearchtbTown'

2020-02-11 15:18:30 - [MESSAGE][PASSED] - Text '' is set on object 'Object Repository/WebOffice/Consumers/Page_/input_Town_ctl00CP1ctlSearchtbTown'

2020-02-11 15:18:30 - [TEST_STEP][PASSED] - "-------------------------------------------------------------------------------------------------------------------------------------": null

2020-02-11 15:18:30 - [TEST_STEP][PASSED] - setText(findTestObject("Object Repository/WebOffice/Consumers/Page_/input_City_ctl00CP1ctlSearchtbCity"), City): Text 'Haywards Heath' is set on object 'Object Repository/WebOffice/Consumers/Page_/input_City_ctl00CP1ctlSearchtbCity'

2020-02-11 15:18:30 - [MESSAGE][PASSED] - Text 'Haywards Heath' is set on object 'Object Repository/WebOffice/Consumers/Page_/input_City_ctl00CP1ctlSearchtbCity'

2020-02-11 15:18:30 - [TEST_STEP][PASSED] - "-------------------------------------------------------------------------------------------------------------------------------------": null

2020-02-11 15:18:30 - [TEST_STEP][PASSED] - setText(findTestObject("Object Repository/WebOffice/Consumers/Page_/input_County_ctl00CP1ctlSearchtbCounty"), County): Text '' is set on object 'Object Repository/WebOffice/Consumers/Page_/input_County_ctl00CP1ctlSearchtbCounty'

2020-02-11 15:18:30 - [MESSAGE][PASSED] - Text '' is set on object 'Object Repository/WebOffice/Consumers/Page_/input_County_ctl00CP1ctlSearchtbCounty'

2020-02-11 15:18:30 - [TEST_STEP][PASSED] - "-------------------------------------------------------------------------------------------------------------------------------------": null

2020-02-11 15:18:30 - [TEST_STEP][PASSED] - setText(findTestObject("Object Repository/WebOffice/Consumers/Page_/input_Postcode_ctl00CP1ctlSearchtbPostcode"), Postcode): Text '' is set on object 'Object Repository/WebOffice/Consumers/Page_/input_Postcode_ctl00CP1ctlSearchtbPostcode'

2020-02-11 15:18:31 - [MESSAGE][PASSED] - Text '' is set on object 'Object Repository/WebOffice/Consumers/Page_/input_Postcode_ctl00CP1ctlSearchtbPostcode'

2020-02-11 15:18:31 - [TEST_STEP][PASSED] - "-------------------------------------------------------------------------------------------------------------------------------------": null

2020-02-11 15:18:31 - [TEST_STEP][PASSED] - setText(findTestObject("Object Repository/WebOffice/Consumers/Page_/input_Phone_ctl00CP1ctlSearchtbTel"), Phone): Text '' is set on object 'Object Repository/WebOffice/Consumers/Page_/input_Phone_ctl00CP1ctlSearchtbTel'

2020-02-11 15:18:31 - [MESSAGE][PASSED] - Text '' is set on object 'Object Repository/WebOffice/Consumers/Page_/input_Phone_ctl00CP1ctlSearchtbTel'

2020-02-11 15:18:31 - [TEST_STEP][PASSED] - "-------------------------------------------------------------------------------------------------------------------------------------": null

2020-02-11 15:18:31 - [TEST_STEP][PASSED] - "Set Status": null

2020-02-11 15:18:31 - [TEST_STEP][PASSED] - "-------------------------------------------------------------------------------------------------------------------------------------": null

2020-02-11 15:18:31 - [TEST_STEP][PASSED] - "Status 3 Options": null

2020-02-11 15:18:31 - [TEST_STEP][PASSED] - "-------------------------------------------------------------------------------------------------------------------------------------": null

2020-02-11 15:18:31 - [TEST_STEP][PASSED] - "Set Type": null

2020-02-11 15:18:31 - [TEST_STEP][PASSED] - "-------------------------------------------------------------------------------------------------------------------------------------": null

2020-02-11 15:18:31 - [TEST_STEP][PASSED] - "Type 3 Options": null

2020-02-11 15:18:31 - [TEST_STEP][PASSED] - "-------------------------------------------------------------------------------------------------------------------------------------": null

2020-02-11 15:18:31 - [TEST_STEP][PASSED] - click(findTestObject("Object Repository/WebOffice/Consumers/Page_/input_Clear_ctl00CP1ctlSearchbtnSearch")): Object: 'Object Repository/WebOffice/Consumers/Page_/input_Clear_ctl00CP1ctlSearchbtnSearch' is clicked on

2020-02-11 15:18:31 - [MESSAGE][PASSED] - Object: 'Object Repository/WebOffice/Consumers/Page_/input_Clear_ctl00CP1ctlSearchbtnSearch' is clicked on

2020-02-11 15:18:31 - [MESSAGE][PASSED] - Call Test Case 'Test Cases/Reusable_Test_Sequences/Web_Office/Actions/Set_Consumer_Data' successfully

2020-02-11 15:18:31 - [TEST_STEP][PASSED] - "--------------------------------------": null

2020-02-11 15:18:31 - [TEST_STEP][PASSED] - " Select Returned Record to Verify     |": null

2020-02-11 15:18:31 - [TEST_STEP][PASSED] - callTestCase(findTestCase("Reusable_Test_Sequences/Web_Office/Actions/Select_Consumer"), [:], OPTIONAL): Call Test Case 'Test Cases/Reusable_Test_Sequences/Web_Office/Actions/Select_Consumer' successfully

2020-02-11 15:18:31 - [TEST_CASE][PASSED] - Test Cases/Reusable_Test_Sequences/Web_Office/Actions/Select_Consumer: Test Cases/Reusable_Test_Sequences/Web_Office/Actions/Select_Consumer

2020-02-11 15:18:31 - [TEST_STEP][PASSED] - "--------": null

2020-02-11 15:18:31 - [TEST_STEP][PASSED] - "Search  |": null

2020-02-11 15:18:31 - [TEST_STEP][PASSED] - waitForPageLoad(60): Wait for page load successfully

2020-02-11 15:18:31 - [MESSAGE][PASSED] - Wait for page load successfully

2020-02-11 15:18:31 - [TEST_STEP][PASSED] - waitForElementClickable(findTestObject("Object Repository/WO_Consumer/Page_/input_Clear_ctl00CP1ctlSearchbtnSearch"), 60): Object 'Object Repository/WO_Consumer/Page_/input_Clear_ctl00CP1ctlSearchbtnSearch' is clickable

2020-02-11 15:18:31 - [MESSAGE][PASSED] - Object 'Object Repository/WO_Consumer/Page_/input_Clear_ctl00CP1ctlSearchbtnSearch' is clickable

2020-02-11 15:18:31 - [TEST_STEP][PASSED] - click(findTestObject("Object Repository/WO_Consumer/Page_/input_Clear_ctl00CP1ctlSearchbtnSearch")): Object: 'Object Repository/WO_Consumer/Page_/input_Clear_ctl00CP1ctlSearchbtnSearch' is clicked on

2020-02-11 15:18:31 - [MESSAGE][PASSED] - Object: 'Object Repository/WO_Consumer/Page_/input_Clear_ctl00CP1ctlSearchbtnSearch' is clicked on

2020-02-11 15:18:31 - [TEST_STEP][PASSED] - delay(5): Delayed 5 second(s)

2020-02-11 15:18:36 - [MESSAGE][PASSED] - Delayed 5 second(s)

2020-02-11 15:18:36 - [TEST_STEP][PASSED] - "--------": null

2020-02-11 15:18:36 - [TEST_STEP][PASSED] - "Synch   |": null

2020-02-11 15:18:36 - [TEST_STEP][PASSED] - waitForPageLoad(120): Wait for page load successfully

2020-02-11 15:18:36 - [MESSAGE][PASSED] - Wait for page load successfully

2020-02-11 15:18:36 - [TEST_STEP][PASSED] - waitForElementClickable(findTestObject("Object Repository/WO_Consumer/Page_/a_Feedback"), 60): Object 'Object Repository/WO_Consumer/Page_/a_Feedback' is clickable

2020-02-11 15:18:42 - [MESSAGE][PASSED] - Object 'Object Repository/WO_Consumer/Page_/a_Feedback' is clickable

2020-02-11 15:18:42 - [TEST_STEP][PASSED] - "----------------------------------------": null

2020-02-11 15:18:42 - [TEST_STEP][PASSED] - "Initial Table View (Populated or Not    |": null

2020-02-11 15:18:42 - [TEST_STEP][PASSED] - "----------------------------------------": null

2020-02-11 15:18:42 - [TEST_STEP][PASSED] - "---------------------------------------------------": null

2020-02-11 15:18:42 - [TEST_STEP][PASSED] - "If Record Exists Then rocess, Otherwise Jump Over  |": null

2020-02-11 15:18:42 - [TEST_STEP][PASSED] - "---------------------------------------------------": null

2020-02-11 15:18:42 - [TEST_STEP][PASSED] - "----------------------------------------": null

2020-02-11 15:18:42 - [TEST_STEP][PASSED] - "Initial Table Return Checks": null

2020-02-11 15:18:42 - [TEST_STEP][PASSED] - "----------------------------------------": null

2020-02-11 15:18:42 - [TEST_STEP][PASSED] - "--------": null

2020-02-11 15:18:42 - [TEST_STEP][PASSED] - "Sort    |": null

2020-02-11 15:18:42 - [TEST_STEP][PASSED] - click(findTestObject("Object Repository/WO_Consumer/Page_/a_Feedback")): Object: 'Object Repository/WO_Consumer/Page_/a_Feedback' is clicked on

2020-02-11 15:18:42 - [MESSAGE][PASSED] - Object: 'Object Repository/WO_Consumer/Page_/a_Feedback' is clicked on

2020-02-11 15:18:42 - [TEST_STEP][PASSED] - delay(5): Delayed 5 second(s)

2020-02-11 15:18:47 - [MESSAGE][PASSED] - Delayed 5 second(s)

2020-02-11 15:18:47 - [TEST_STEP][PASSED] - "--------": null

2020-02-11 15:18:47 - [TEST_STEP][PASSED] - "Sort    |": null

2020-02-11 15:18:47 - [TEST_STEP][PASSED] - click(findTestObject("Object Repository/WO_Consumer/Page_/a_Feedback")): Object: 'Object Repository/WO_Consumer/Page_/a_Feedback' is clicked on

2020-02-11 15:18:47 - [MESSAGE][PASSED] - Object: 'Object Repository/WO_Consumer/Page_/a_Feedback' is clicked on

2020-02-11 15:18:47 - [TEST_STEP][PASSED] - delay(5): Delayed 5 second(s)

2020-02-11 15:18:52 - [MESSAGE][PASSED] - Delayed 5 second(s)

2020-02-11 15:18:52 - [TEST_STEP][PASSED] - "--------": null

2020-02-11 15:18:52 - [TEST_STEP][PASSED] - "Select  |": null

2020-02-11 15:18:52 - [TEST_STEP][PASSED] - waitForElementClickable(findTestObject("WO_Consumer/Page_/td_TopRow"), 60): Object 'Object Repository/WO_Consumer/Page_/td_TopRow' is clickable

2020-02-11 15:18:52 - [MESSAGE][PASSED] - Object 'Object Repository/WO_Consumer/Page_/td_TopRow' is clickable

2020-02-11 15:18:52 - [TEST_STEP][PASSED] - click(findTestObject("WO_Consumer/Page_/td_TopRow")): Object: 'Object Repository/WO_Consumer/Page_/td_TopRow' is clicked on

2020-02-11 15:18:53 - [MESSAGE][PASSED] - Object: 'Object Repository/WO_Consumer/Page_/td_TopRow' is clicked on

2020-02-11 15:18:53 - [TEST_STEP][PASSED] - delay(1): Delayed 1 second(s)

2020-02-11 15:18:54 - [MESSAGE][PASSED] - Delayed 1 second(s)

2020-02-11 15:18:54 - [MESSAGE][PASSED] - Call Test Case 'Test Cases/Reusable_Test_Sequences/Web_Office/Actions/Select_Consumer' successfully

2020-02-11 15:18:54 - [TEST_STEP][PASSED] - "--------------------------------------": null

2020-02-11 15:18:54 - [TEST_STEP][PASSED] - " Verify Returned Consumer Record      |": null

2020-02-11 15:18:54 - [TEST_STEP][PASSED] - callTestCase(findTestCase("Reusable_Test_Sequences/Web_Office/Verification/Consumer_Returned_Search_Record"), [:], OPTIONAL): Call Test Case 'Test Cases/Reusable_Test_Sequences/Web_Office/Verification/Consumer_Returned_Search_Record' successfully

2020-02-11 15:18:54 - [TEST_CASE][PASSED] - Test Cases/Reusable_Test_Sequences/Web_Office/Verification/Consumer_Returned_Search_Record: Test Cases/Reusable_Test_Sequences/Web_Office/Verification/Consumer_Returned_Search_Record

2020-02-11 15:18:54 - [TEST_STEP][PASSED] - "--------------------------------": null

2020-02-11 15:18:54 - [TEST_STEP][PASSED] - "Read data from spreadsheet      | r_ = Returned Data": null

2020-02-11 15:18:54 - [TEST_STEP][PASSED] - data = findTestData("Data Files/Consumer_Data (1)"): null

2020-02-11 15:18:54 - [TEST_STEP][PASSED] - Consumer_ID = data.getValue("Consumer_ID", row): null

2020-02-11 15:18:54 - [TEST_STEP][PASSED] - Title = data.getValue("r_Title", row): null

2020-02-11 15:18:54 - [TEST_STEP][PASSED] - Forenames = data.getValue("r_Forenames", row): null

2020-02-11 15:18:54 - [TEST_STEP][PASSED] - Surname = data.getValue("r_Surname", row): null

2020-02-11 15:18:54 - [TEST_STEP][PASSED] - Housename = data.getValue("r_Housename", row): null

2020-02-11 15:18:54 - [TEST_STEP][PASSED] - Number_Street = data.getValue("r_Number_and_Street", row): null

2020-02-11 15:18:54 - [TEST_STEP][PASSED] - City = data.getValue("r_City", row): null

2020-02-11 15:18:54 - [TEST_STEP][PASSED] - Town = data.getValue("r_Town", row): null

2020-02-11 15:18:54 - [TEST_STEP][PASSED] - County = data.getValue("r_County", row): null

2020-02-11 15:18:54 - [TEST_STEP][PASSED] - Postcode = data.getValue("r_Postcode", row): null

2020-02-11 15:18:54 - [TEST_STEP][PASSED] - Phone1 = data.getValue("r_Phone_1", row): null

2020-02-11 15:18:54 - [TEST_STEP][PASSED] - Phone2 = data.getValue("r_Phone_2", row): null

2020-02-11 15:18:54 - [TEST_STEP][PASSED] - Fax = data.getValue("r_Fax", row): null

2020-02-11 15:18:54 - [TEST_STEP][PASSED] - r_Full_Name = data.getValue("r_Full_Name", 1): null

2020-02-11 15:18:54 - [TEST_STEP][PASSED] - r_Full_Address = data.getValue("r_Full_Address", 1): null

2020-02-11 15:18:54 - [TEST_STEP][PASSED] - "--------------------------------": null

2020-02-11 15:18:54 - [TEST_STEP][PASSED] - "Read data from spreadsheet      |": null

2020-02-11 15:18:54 - [TEST_STEP][PASSED] - Actual_Page_Text = "": null

2020-02-11 15:18:54 - [TEST_STEP][PASSED] - Expected_Page_Text = "": null

2020-02-11 15:18:54 - [TEST_STEP][PASSED] - waitForPageLoad(60): Wait for page load successfully

2020-02-11 15:18:54 - [MESSAGE][PASSED] - Wait for page load successfully

2020-02-11 15:18:54 - [TEST_STEP][PASSED] - delay(1): Delayed 1 second(s)

2020-02-11 15:18:55 - [MESSAGE][PASSED] - Delayed 1 second(s)

2020-02-11 15:18:55 - [TEST_STEP][PASSED] - "HEADER DETAIL - iFrame": null

2020-02-11 15:18:55 - [TEST_STEP][PASSED] - "----------------": null

2020-02-11 15:18:55 - [TEST_STEP][PASSED] - "Full Name       |": null

2020-02-11 15:18:55 - [TEST_STEP][PASSED] - verifyElementPresent(findTestObject("Object Repository/WO_Consumer/Page_/Page_/a_Mr Gordon Brown"), 25): Object 'Object Repository/WO_Consumer/Page_/Page_/a_Mr Gordon Brown' is present

2020-02-11 15:18:55 - [MESSAGE][PASSED] - Object 'Object Repository/WO_Consumer/Page_/Page_/a_Mr Gordon Brown' is present

2020-02-11 15:18:55 - [TEST_STEP][PASSED] - "----------------": null

2020-02-11 15:18:55 - [TEST_STEP][PASSED] - "Full Address    |": null

2020-02-11 15:18:55 - [TEST_STEP][PASSED] - verifyElementPresent(findTestObject("Object Repository/WO_Consumer/Page_/Page_/div_Haywards Heath West Sussex RH16 4ER4477_d20822"), 25): Object 'Object Repository/WO_Consumer/Page_/Page_/div_Haywards Heath West Sussex RH16 4ER4477_d20822' is present

2020-02-11 15:18:55 - [MESSAGE][PASSED] - Object 'Object Repository/WO_Consumer/Page_/Page_/div_Haywards Heath West Sussex RH16 4ER4477_d20822' is present

2020-02-11 15:18:55 - [TEST_STEP][PASSED] - "BODY DETAIL - iFrame": null

2020-02-11 15:18:55 - [TEST_STEP][PASSED] - "----------------": null

2020-02-11 15:18:55 - [TEST_STEP][PASSED] - "EDIT Consumer   |": null

2020-02-11 15:18:55 - [TEST_STEP][PASSED] - verifyElementPresent(findTestObject("Object Repository/WO_Consumer/Page_/Page_/input_Title_ctledittbTitle"), 25): Object 'Object Repository/WO_Consumer/Page_/Page_/input_Title_ctledittbTitle' is present

2020-02-11 15:18:55 - [MESSAGE][PASSED] - Object 'Object Repository/WO_Consumer/Page_/Page_/input_Title_ctledittbTitle' is present

2020-02-11 15:18:55 - [TEST_STEP][PASSED] - "----------------": null

2020-02-11 15:18:55 - [TEST_STEP][PASSED] - "Address         |": null

2020-02-11 15:18:55 - [TEST_STEP][PASSED] - verifyElementPresent(findTestObject("Object Repository/WO_Consumer/Page_/Page_/span_Please ensure the Street  Road name is_e38a58"), 25): Object 'Object Repository/WO_Consumer/Page_/Page_/span_Please ensure the Street  Road name is_e38a58' is present

2020-02-11 15:18:55 - [MESSAGE][PASSED] - Object 'Object Repository/WO_Consumer/Page_/Page_/span_Please ensure the Street  Road name is_e38a58' is present

2020-02-11 15:18:55 - [MESSAGE][PASSED] - Call Test Case 'Test Cases/Reusable_Test_Sequences/Web_Office/Verification/Consumer_Returned_Search_Record' successfully

2020-02-11 15:18:55 - [TEST_STEP][PASSED] - "--------------------------": null

2020-02-11 15:18:55 - [TEST_STEP][PASSED] - " Teardown - CLose Browser |": null

2020-02-11 15:18:55 - [TEST_STEP][PASSED] - callTestCase(findTestCase("Reusable_Test_Sequences/CAT_Teardown"), [:], OPTIONAL): Call Test Case 'Test Cases/Reusable_Test_Sequences/CAT_Teardown' successfully

2020-02-11 15:18:55 - [TEST_CASE][PASSED] - Test Cases/Reusable_Test_Sequences/CAT_Teardown: Test Cases/Reusable_Test_Sequences/CAT_Teardown

2020-02-11 15:18:55 - [TEST_STEP][PASSED] - closeBrowser(): Browser is closed

2020-02-11 15:18:56 - [MESSAGE][PASSED] - Browser is closed

2020-02-11 15:18:56 - [MESSAGE][PASSED] - Call Test Case 'Test Cases/Reusable_Test_Sequences/CAT_Teardown' successfully

2020-02-11 15:18:56 - [TEST_STEP][PASSED] - "--------------------------------------": null

2020-02-11 15:18:56 - [TEST_STEP][PASSED] - " Web Office StartUp                   |": null

2020-02-11 15:18:56 - [TEST_STEP][PASSED] - callTestCase(findTestCase("Reusable_Test_Sequences/Web_Office/Directives/WebOffice_StartUp"), [:], OPTIONAL): Call Test Case 'Test Cases/Reusable_Test_Sequences/Web_Office/Directives/WebOffice_StartUp' successfully

2020-02-11 15:18:56 - [TEST_CASE][PASSED] - Test Cases/Reusable_Test_Sequences/Web_Office/Directives/WebOffice_StartUp: Test Cases/Reusable_Test_Sequences/Web_Office/Directives/WebOffice_StartUp

2020-02-11 15:18:56 - [TEST_STEP][PASSED] - if (URL == "https://www.preview.checkatrade.com/"): null

2020-02-11 15:18:56 - [TEST_STEP][PASSED] - WebOfficeURL = "https://admin.preview.checkatrade.com/": null

2020-02-11 15:18:56 - [TEST_STEP][PASSED] - if (URL == "https://www.checkatrade.com/"): null

2020-02-11 15:18:56 - [TEST_STEP][PASSED] - "Set Function Area for "URL_Handler", URL Resolution": null

2020-02-11 15:18:57 - [TEST_STEP][PASSED] - "Do Some Magic with URL(s) See the comments within URL Handler ": null

2020-02-11 15:18:57 - [TEST_STEP][PASSED] - "------------------------------------------------": null

2020-02-11 15:18:57 - [TEST_STEP][PASSED] - "Moved Login Credentials to <Default> profile 22/01/2020": null

2020-02-11 15:18:57 - [TEST_STEP][PASSED] - "------------------------------------------------": null

2020-02-11 15:18:57 - [TEST_STEP][PASSED] - "WebOfficeURL - Set from the ENVIRONMENT PROFILE ": null

2020-02-11 15:18:57 - [TEST_STEP][PASSED] - "OPEN BROWSER": null

2020-02-11 15:18:57 - [TEST_STEP][PASSED] - "eg - https://admin.preview.checkatrade.com/  ": null

2020-02-11 15:18:57 - [TEST_STEP][PASSED] - openBrowser(WebOfficeURL): Browser is opened with url: 'https://admin.preview.checkatrade.com/'

2020-02-11 15:18:57 - [MESSAGE][INFO] - Starting 'Chrome' driver

2020-02-11 15:19:03 - [MESSAGE][PASSED] - Browser is opened with url: 'https://admin.preview.checkatrade.com/'

2020-02-11 15:19:03 - [TEST_STEP][PASSED] - maximizeWindow(): Current window maximized

2020-02-11 15:19:08 - [MESSAGE][PASSED] - Current window maximized

2020-02-11 15:19:08 - [TEST_STEP][PASSED] - waitForElementClickable(findTestObject("Object Repository/WebOffice/Page_Checkatrade - Administration - Login/Login_Button"), 25): Object 'Object Repository/WebOffice/Page_Checkatrade - Administration - Login/Login_Button' is clickable

2020-02-11 15:19:08 - [MESSAGE][PASSED] - Object 'Object Repository/WebOffice/Page_Checkatrade - Administration - Login/Login_Button' is clickable

2020-02-11 15:19:08 - [TEST_STEP][PASSED] - verifyTextPresent("Checkatrade Web Office", false): Text 'Checkatrade Web Office' is present on page 

2020-02-11 15:19:08 - [MESSAGE][PASSED] - Text 'Checkatrade Web Office' is present on page 

2020-02-11 15:19:08 - [TEST_STEP][PASSED] - verifyTextPresent("Access for staff use only", false): Text 'Access for staff use only' is present on page 

2020-02-11 15:19:08 - [MESSAGE][PASSED] - Text 'Access for staff use only' is present on page 

2020-02-11 15:19:08 - [TEST_STEP][PASSED] - verifyTextPresent("Forgotten password?", false): Text 'Forgotten password?' is present on page 

2020-02-11 15:19:08 - [MESSAGE][PASSED] - Text 'Forgotten password?' is present on page 

2020-02-11 15:19:08 - [TEST_STEP][PASSED] - setText(findTestObject("Object Repository/WebOffice/Page_Checkatrade - Administration - Login/input_Username_LoginControlUserName"), wo_Username): Text 'DavidHo' is set on object 'Object Repository/WebOffice/Page_Checkatrade - Administration - Login/input_Username_LoginControlUserName'

2020-02-11 15:19:08 - [MESSAGE][PASSED] - Text 'DavidHo' is set on object 'Object Repository/WebOffice/Page_Checkatrade - Administration - Login/input_Username_LoginControlUserName'

2020-02-11 15:19:08 - [TEST_STEP][PASSED] - setText(findTestObject("Object Repository/WebOffice/Page_Checkatrade - Administration - Login/input_Password_LoginControlPassword"), wo_Password): Text 'Check123' is set on object 'Object Repository/WebOffice/Page_Checkatrade - Administration - Login/input_Password_LoginControlPassword'

2020-02-11 15:19:09 - [MESSAGE][PASSED] - Text 'Check123' is set on object 'Object Repository/WebOffice/Page_Checkatrade - Administration - Login/input_Password_LoginControlPassword'

2020-02-11 15:19:09 - [TEST_STEP][PASSED] - click(findTestObject("Object Repository/WebOffice/Page_Checkatrade - Administration - Login/Login_Button")): Object: 'Object Repository/WebOffice/Page_Checkatrade - Administration - Login/Login_Button' is clicked on

2020-02-11 15:19:10 - [MESSAGE][PASSED] - Object: 'Object Repository/WebOffice/Page_Checkatrade - Administration - Login/Login_Button' is clicked on

2020-02-11 15:19:10 - [TEST_STEP][PASSED] - waitForPageLoad(60): Wait for page load successfully

2020-02-11 15:19:11 - [MESSAGE][PASSED] - Wait for page load successfully

2020-02-11 15:19:11 - [TEST_STEP][PASSED] - verifyTextPresent("Welcome " + wo_Username, false): Text 'Welcome DavidHo' is present on page 

2020-02-11 15:19:11 - [MESSAGE][PASSED] - Text 'Welcome DavidHo' is present on page 

2020-02-11 15:19:11 - [MESSAGE][PASSED] - Call Test Case 'Test Cases/Reusable_Test_Sequences/Web_Office/Directives/WebOffice_StartUp' successfully

2020-02-11 15:19:11 - [TEST_STEP][PASSED] - "--------------------------------------": null

2020-02-11 15:19:11 - [TEST_STEP][PASSED] - " Navigate to <Consumer> Menu Item     |": null

2020-02-11 15:19:11 - [TEST_STEP][PASSED] - callTestCase(findTestCase("Reusable_Test_Sequences/Web_Office/navigation/Navigate_Consumers"), [:], OPTIONAL): Call Test Case 'Test Cases/Reusable_Test_Sequences/Web_Office/navigation/Navigate_Consumers' successfully

2020-02-11 15:19:11 - [TEST_CASE][PASSED] - Test Cases/Reusable_Test_Sequences/Web_Office/navigation/Navigate_Consumers: Test Cases/Reusable_Test_Sequences/Web_Office/navigation/Navigate_Consumers

2020-02-11 15:19:11 - [TEST_STEP][PASSED] - "--------------------------------------": null

2020-02-11 15:19:11 - [TEST_STEP][PASSED] - " Navigate Top level menu Item         |": null

2020-02-11 15:19:11 - [TEST_STEP][PASSED] - waitForPageLoad(60): Wait for page load successfully

2020-02-11 15:19:11 - [MESSAGE][PASSED] - Wait for page load successfully

2020-02-11 15:19:11 - [TEST_STEP][PASSED] - waitForElementClickable(findTestObject("Object Repository/WebOffice_Home_page/a_Consumers"), 60): Object 'Object Repository/WebOffice_Home_page/a_Consumers' is clickable

2020-02-11 15:19:11 - [MESSAGE][PASSED] - Object 'Object Repository/WebOffice_Home_page/a_Consumers' is clickable

2020-02-11 15:19:11 - [TEST_STEP][PASSED] - click(findTestObject("Object Repository/WebOffice_Home_page/a_Consumers")): Object: 'Object Repository/WebOffice_Home_page/a_Consumers' is clicked on

2020-02-11 15:19:12 - [MESSAGE][PASSED] - Object: 'Object Repository/WebOffice_Home_page/a_Consumers' is clicked on

2020-02-11 15:19:12 - [MESSAGE][PASSED] - Call Test Case 'Test Cases/Reusable_Test_Sequences/Web_Office/navigation/Navigate_Consumers' successfully

2020-02-11 15:19:12 - [TEST_STEP][PASSED] - "--------------------------------------": null

2020-02-11 15:19:12 - [TEST_STEP][PASSED] - " LH Pane  - Apply Search Criteria     |": null

2020-02-11 15:19:12 - [TEST_STEP][PASSED] - callTestCase(findTestCase("Reusable_Test_Sequences/Web_Office/Actions/Set_Consumer_Data"), [:], OPTIONAL): Call Test Case 'Test Cases/Reusable_Test_Sequences/Web_Office/Actions/Set_Consumer_Data' successfully

2020-02-11 15:19:12 - [TEST_CASE][PASSED] - Test Cases/Reusable_Test_Sequences/Web_Office/Actions/Set_Consumer_Data: Test Cases/Reusable_Test_Sequences/Web_Office/Actions/Set_Consumer_Data

2020-02-11 15:19:12 - [TEST_STEP][PASSED] - "--------------------------------": null

2020-02-11 15:19:12 - [TEST_STEP][PASSED] - "Read data from spreadsheet      |": null

2020-02-11 15:19:12 - [TEST_STEP][PASSED] - data = findTestData("Data Files/Consumer_Data (1)"): null

2020-02-11 15:19:12 - [TEST_STEP][PASSED] - Forename = data.getValue("Forename", row): null

2020-02-11 15:19:12 - [TEST_STEP][PASSED] - Surname = data.getValue("Surname", row): null

2020-02-11 15:19:12 - [TEST_STEP][PASSED] - Mobile = data.getValue("Mobile", row): null

2020-02-11 15:19:12 - [TEST_STEP][PASSED] - Email = data.getValue("Email", row): null

2020-02-11 15:19:12 - [TEST_STEP][PASSED] - House = data.getValue("House", row): null

2020-02-11 15:19:12 - [TEST_STEP][PASSED] - Street = data.getValue("Street", row): null

2020-02-11 15:19:12 - [TEST_STEP][PASSED] - Town = data.getValue("Town", row): null

2020-02-11 15:19:12 - [TEST_STEP][PASSED] - City = data.getValue("City", row): null

2020-02-11 15:19:12 - [TEST_STEP][PASSED] - County = data.getValue("County", row): null

2020-02-11 15:19:12 - [TEST_STEP][PASSED] - Postcode = data.getValue("Postcode", row): null

2020-02-11 15:19:12 - [TEST_STEP][PASSED] - Phone = data.getValue("Phone", row): null

2020-02-11 15:19:12 - [TEST_STEP][PASSED] - Status = data.getValue("Status", row): null

2020-02-11 15:19:12 - [TEST_STEP][PASSED] - Type = data.getValue("Type", row): null

2020-02-11 15:19:12 - [TEST_STEP][PASSED] - Consumer_ID = data.getValue("Consumer_ID", row): null

2020-02-11 15:19:12 - [TEST_STEP][PASSED] - "--------------------------------": null

2020-02-11 15:19:12 - [TEST_STEP][PASSED] - "Read data from spreadsheet      |": null

2020-02-11 15:19:12 - [TEST_STEP][PASSED] - "--------------------------------": null

2020-02-11 15:19:12 - [TEST_STEP][PASSED] - "--------------------------------": null

2020-02-11 15:19:12 - [TEST_STEP][PASSED] - " Synchronisation                |": null

2020-02-11 15:19:12 - [TEST_STEP][PASSED] - waitForPageLoad(60): Wait for page load successfully

2020-02-11 15:19:12 - [MESSAGE][PASSED] - Wait for page load successfully

2020-02-11 15:19:12 - [TEST_STEP][PASSED] - waitForElementVisible(findTestObject("Object Repository/WebOffice/Consumers/Page_/input_Forename_ctl00CP1ctlSearchtbForenames"), 60): Object 'Object Repository/WebOffice/Consumers/Page_/input_Forename_ctl00CP1ctlSearchtbForenames' is visible

2020-02-11 15:19:12 - [MESSAGE][PASSED] - Object 'Object Repository/WebOffice/Consumers/Page_/input_Forename_ctl00CP1ctlSearchtbForenames' is visible

2020-02-11 15:19:12 - [TEST_STEP][PASSED] - click(findTestObject("Object Repository/WebOffice/Consumers/Page_/input_Forename_ctl00CP1ctlSearchtbForenames")): Object: 'Object Repository/WebOffice/Consumers/Page_/input_Forename_ctl00CP1ctlSearchtbForenames' is clicked on

2020-02-11 15:19:12 - [MESSAGE][PASSED] - Object: 'Object Repository/WebOffice/Consumers/Page_/input_Forename_ctl00CP1ctlSearchtbForenames' is clicked on

2020-02-11 15:19:12 - [TEST_STEP][PASSED] - "-------------------------------------------------------------------------------------------------------------------------------------": null

2020-02-11 15:19:12 - [TEST_STEP][PASSED] - setText(findTestObject("Object Repository/WebOffice/Consumers/Page_/input_Forename_ctl00CP1ctlSearchtbForenames"), Forename): Text '' is set on object 'Object Repository/WebOffice/Consumers/Page_/input_Forename_ctl00CP1ctlSearchtbForenames'

2020-02-11 15:19:12 - [MESSAGE][PASSED] - Text '' is set on object 'Object Repository/WebOffice/Consumers/Page_/input_Forename_ctl00CP1ctlSearchtbForenames'

2020-02-11 15:19:12 - [TEST_STEP][PASSED] - "-------------------------------------------------------------------------------------------------------------------------------------": null

2020-02-11 15:19:13 - [TEST_STEP][PASSED] - setText(findTestObject("Object Repository/WebOffice/Consumers/Page_/input_Surname_ctl00CP1ctlSearchtbSurname"), Surname): Text 'Brown' is set on object 'Object Repository/WebOffice/Consumers/Page_/input_Surname_ctl00CP1ctlSearchtbSurname'

2020-02-11 15:19:13 - [MESSAGE][PASSED] - Text 'Brown' is set on object 'Object Repository/WebOffice/Consumers/Page_/input_Surname_ctl00CP1ctlSearchtbSurname'

2020-02-11 15:19:13 - [TEST_STEP][PASSED] - "-------------------------------------------------------------------------------------------------------------------------------------": null

2020-02-11 15:19:13 - [TEST_STEP][PASSED] - setText(findTestObject("Object Repository/WebOffice/Consumers/Page_/input_Mobile_ctl00CP1ctlSearchtbMobile"), Mobile): Text '' is set on object 'Object Repository/WebOffice/Consumers/Page_/input_Mobile_ctl00CP1ctlSearchtbMobile'

2020-02-11 15:19:13 - [MESSAGE][PASSED] - Text '' is set on object 'Object Repository/WebOffice/Consumers/Page_/input_Mobile_ctl00CP1ctlSearchtbMobile'

2020-02-11 15:19:13 - [TEST_STEP][PASSED] - "-------------------------------------------------------------------------------------------------------------------------------------": null

2020-02-11 15:19:13 - [TEST_STEP][PASSED] - setText(findTestObject("Object Repository/WebOffice/Consumers/Page_/input_Email_ctl00CP1ctlSearchtbEmail"), Email): Text '' is set on object 'Object Repository/WebOffice/Consumers/Page_/input_Email_ctl00CP1ctlSearchtbEmail'

2020-02-11 15:19:13 - [MESSAGE][PASSED] - Text '' is set on object 'Object Repository/WebOffice/Consumers/Page_/input_Email_ctl00CP1ctlSearchtbEmail'

2020-02-11 15:19:13 - [TEST_STEP][PASSED] - "-------------------------------------------------------------------------------------------------------------------------------------": null

2020-02-11 15:19:13 - [TEST_STEP][PASSED] - setText(findTestObject("Object Repository/WebOffice/Consumers/Page_/input_House_ctl00CP1ctlSearchtbHouse"), House): Text '' is set on object 'Object Repository/WebOffice/Consumers/Page_/input_House_ctl00CP1ctlSearchtbHouse'

2020-02-11 15:19:13 - [MESSAGE][PASSED] - Text '' is set on object 'Object Repository/WebOffice/Consumers/Page_/input_House_ctl00CP1ctlSearchtbHouse'

2020-02-11 15:19:13 - [TEST_STEP][PASSED] - "-------------------------------------------------------------------------------------------------------------------------------------": null

2020-02-11 15:19:13 - [TEST_STEP][PASSED] - setText(findTestObject("Object Repository/WebOffice/Consumers/Page_/input_Street_ctl00CP1ctlSearchtbStreet"), Street): Text '2 Redwood Drive' is set on object 'Object Repository/WebOffice/Consumers/Page_/input_Street_ctl00CP1ctlSearchtbStreet'

2020-02-11 15:19:14 - [MESSAGE][PASSED] - Text '2 Redwood Drive' is set on object 'Object Repository/WebOffice/Consumers/Page_/input_Street_ctl00CP1ctlSearchtbStreet'

2020-02-11 15:19:14 - [TEST_STEP][PASSED] - "-------------------------------------------------------------------------------------------------------------------------------------": null

2020-02-11 15:19:14 - [TEST_STEP][PASSED] - setText(findTestObject("Object Repository/WebOffice/Consumers/Page_/input_Town_ctl00CP1ctlSearchtbTown"), Town): Text '' is set on object 'Object Repository/WebOffice/Consumers/Page_/input_Town_ctl00CP1ctlSearchtbTown'

2020-02-11 15:19:14 - [MESSAGE][PASSED] - Text '' is set on object 'Object Repository/WebOffice/Consumers/Page_/input_Town_ctl00CP1ctlSearchtbTown'

2020-02-11 15:19:14 - [TEST_STEP][PASSED] - "-------------------------------------------------------------------------------------------------------------------------------------": null

2020-02-11 15:19:14 - [TEST_STEP][PASSED] - setText(findTestObject("Object Repository/WebOffice/Consumers/Page_/input_City_ctl00CP1ctlSearchtbCity"), City): Text '' is set on object 'Object Repository/WebOffice/Consumers/Page_/input_City_ctl00CP1ctlSearchtbCity'

2020-02-11 15:19:14 - [MESSAGE][PASSED] - Text '' is set on object 'Object Repository/WebOffice/Consumers/Page_/input_City_ctl00CP1ctlSearchtbCity'

2020-02-11 15:19:14 - [TEST_STEP][PASSED] - "-------------------------------------------------------------------------------------------------------------------------------------": null

2020-02-11 15:19:14 - [TEST_STEP][PASSED] - setText(findTestObject("Object Repository/WebOffice/Consumers/Page_/input_County_ctl00CP1ctlSearchtbCounty"), County): Text 'West Sussex' is set on object 'Object Repository/WebOffice/Consumers/Page_/input_County_ctl00CP1ctlSearchtbCounty'

2020-02-11 15:19:14 - [MESSAGE][PASSED] - Text 'West Sussex' is set on object 'Object Repository/WebOffice/Consumers/Page_/input_County_ctl00CP1ctlSearchtbCounty'

2020-02-11 15:19:14 - [TEST_STEP][PASSED] - "-------------------------------------------------------------------------------------------------------------------------------------": null

2020-02-11 15:19:14 - [TEST_STEP][PASSED] - setText(findTestObject("Object Repository/WebOffice/Consumers/Page_/input_Postcode_ctl00CP1ctlSearchtbPostcode"), Postcode): Text '' is set on object 'Object Repository/WebOffice/Consumers/Page_/input_Postcode_ctl00CP1ctlSearchtbPostcode'

2020-02-11 15:19:14 - [MESSAGE][PASSED] - Text '' is set on object 'Object Repository/WebOffice/Consumers/Page_/input_Postcode_ctl00CP1ctlSearchtbPostcode'

2020-02-11 15:19:14 - [TEST_STEP][PASSED] - "-------------------------------------------------------------------------------------------------------------------------------------": null

2020-02-11 15:19:14 - [TEST_STEP][PASSED] - setText(findTestObject("Object Repository/WebOffice/Consumers/Page_/input_Phone_ctl00CP1ctlSearchtbTel"), Phone): Text '' is set on object 'Object Repository/WebOffice/Consumers/Page_/input_Phone_ctl00CP1ctlSearchtbTel'

2020-02-11 15:19:15 - [MESSAGE][PASSED] - Text '' is set on object 'Object Repository/WebOffice/Consumers/Page_/input_Phone_ctl00CP1ctlSearchtbTel'

2020-02-11 15:19:15 - [TEST_STEP][PASSED] - "-------------------------------------------------------------------------------------------------------------------------------------": null

2020-02-11 15:19:15 - [TEST_STEP][PASSED] - "Set Status": null

2020-02-11 15:19:15 - [TEST_STEP][PASSED] - "-------------------------------------------------------------------------------------------------------------------------------------": null

2020-02-11 15:19:15 - [TEST_STEP][PASSED] - "Status 3 Options": null

2020-02-11 15:19:15 - [TEST_STEP][PASSED] - "-------------------------------------------------------------------------------------------------------------------------------------": null

2020-02-11 15:19:15 - [TEST_STEP][PASSED] - "Set Type": null

2020-02-11 15:19:15 - [TEST_STEP][PASSED] - "-------------------------------------------------------------------------------------------------------------------------------------": null

2020-02-11 15:19:15 - [TEST_STEP][PASSED] - "Type 3 Options": null

2020-02-11 15:19:15 - [TEST_STEP][PASSED] - "-------------------------------------------------------------------------------------------------------------------------------------": null

2020-02-11 15:19:15 - [TEST_STEP][PASSED] - click(findTestObject("Object Repository/WebOffice/Consumers/Page_/input_Clear_ctl00CP1ctlSearchbtnSearch")): Object: 'Object Repository/WebOffice/Consumers/Page_/input_Clear_ctl00CP1ctlSearchbtnSearch' is clicked on

2020-02-11 15:19:15 - [MESSAGE][PASSED] - Object: 'Object Repository/WebOffice/Consumers/Page_/input_Clear_ctl00CP1ctlSearchbtnSearch' is clicked on

2020-02-11 15:19:15 - [MESSAGE][PASSED] - Call Test Case 'Test Cases/Reusable_Test_Sequences/Web_Office/Actions/Set_Consumer_Data' successfully

2020-02-11 15:19:15 - [TEST_STEP][PASSED] - "--------------------------------------": null

2020-02-11 15:19:15 - [TEST_STEP][PASSED] - " Select Returned Record to Verify     |": null

2020-02-11 15:19:15 - [TEST_STEP][PASSED] - callTestCase(findTestCase("Reusable_Test_Sequences/Web_Office/Actions/Select_Consumer"), [:], OPTIONAL): Call Test Case 'Test Cases/Reusable_Test_Sequences/Web_Office/Actions/Select_Consumer' successfully

2020-02-11 15:19:15 - [TEST_CASE][PASSED] - Test Cases/Reusable_Test_Sequences/Web_Office/Actions/Select_Consumer: Test Cases/Reusable_Test_Sequences/Web_Office/Actions/Select_Consumer

2020-02-11 15:19:15 - [TEST_STEP][PASSED] - "--------": null

2020-02-11 15:19:15 - [TEST_STEP][PASSED] - "Search  |": null

2020-02-11 15:19:15 - [TEST_STEP][PASSED] - waitForPageLoad(60): Wait for page load successfully

2020-02-11 15:19:15 - [MESSAGE][PASSED] - Wait for page load successfully

2020-02-11 15:19:15 - [TEST_STEP][PASSED] - waitForElementClickable(findTestObject("Object Repository/WO_Consumer/Page_/input_Clear_ctl00CP1ctlSearchbtnSearch"), 60): Object 'Object Repository/WO_Consumer/Page_/input_Clear_ctl00CP1ctlSearchbtnSearch' is clickable

2020-02-11 15:19:15 - [MESSAGE][PASSED] - Object 'Object Repository/WO_Consumer/Page_/input_Clear_ctl00CP1ctlSearchbtnSearch' is clickable

2020-02-11 15:19:15 - [TEST_STEP][PASSED] - click(findTestObject("Object Repository/WO_Consumer/Page_/input_Clear_ctl00CP1ctlSearchbtnSearch")): Object: 'Object Repository/WO_Consumer/Page_/input_Clear_ctl00CP1ctlSearchbtnSearch' is clicked on

2020-02-11 15:19:15 - [MESSAGE][PASSED] - Object: 'Object Repository/WO_Consumer/Page_/input_Clear_ctl00CP1ctlSearchbtnSearch' is clicked on

2020-02-11 15:19:15 - [TEST_STEP][PASSED] - delay(5): Delayed 5 second(s)

2020-02-11 15:19:20 - [MESSAGE][PASSED] - Delayed 5 second(s)

2020-02-11 15:19:20 - [TEST_STEP][PASSED] - "--------": null

2020-02-11 15:19:20 - [TEST_STEP][PASSED] - "Synch   |": null

2020-02-11 15:19:20 - [TEST_STEP][PASSED] - waitForPageLoad(120): Wait for page load successfully

2020-02-11 15:19:20 - [MESSAGE][PASSED] - Wait for page load successfully

2020-02-11 15:19:20 - [TEST_STEP][PASSED] - waitForElementClickable(findTestObject("Object Repository/WO_Consumer/Page_/a_Feedback"), 60): Object 'Object Repository/WO_Consumer/Page_/a_Feedback' is clickable

2020-02-11 15:19:30 - [MESSAGE][PASSED] - Object 'Object Repository/WO_Consumer/Page_/a_Feedback' is clickable

2020-02-11 15:19:30 - [TEST_STEP][PASSED] - "----------------------------------------": null

2020-02-11 15:19:30 - [TEST_STEP][PASSED] - "Initial Table View (Populated or Not    |": null

2020-02-11 15:19:30 - [TEST_STEP][PASSED] - "----------------------------------------": null

2020-02-11 15:19:30 - [TEST_STEP][PASSED] - "---------------------------------------------------": null

2020-02-11 15:19:30 - [TEST_STEP][PASSED] - "If Record Exists Then rocess, Otherwise Jump Over  |": null

2020-02-11 15:19:30 - [TEST_STEP][PASSED] - "---------------------------------------------------": null

2020-02-11 15:19:30 - [TEST_STEP][PASSED] - "----------------------------------------": null

2020-02-11 15:19:30 - [TEST_STEP][PASSED] - "Initial Table Return Checks": null

2020-02-11 15:19:30 - [TEST_STEP][PASSED] - "----------------------------------------": null

2020-02-11 15:19:30 - [TEST_STEP][PASSED] - "--------": null

2020-02-11 15:19:30 - [TEST_STEP][PASSED] - "Sort    |": null

2020-02-11 15:19:30 - [TEST_STEP][PASSED] - click(findTestObject("Object Repository/WO_Consumer/Page_/a_Feedback")): Object: 'Object Repository/WO_Consumer/Page_/a_Feedback' is clicked on

2020-02-11 15:19:31 - [MESSAGE][PASSED] - Object: 'Object Repository/WO_Consumer/Page_/a_Feedback' is clicked on

2020-02-11 15:19:31 - [TEST_STEP][PASSED] - delay(5): Delayed 5 second(s)

2020-02-11 15:19:36 - [MESSAGE][PASSED] - Delayed 5 second(s)

2020-02-11 15:19:36 - [TEST_STEP][PASSED] - "--------": null

2020-02-11 15:19:36 - [TEST_STEP][PASSED] - "Sort    |": null

2020-02-11 15:19:36 - [TEST_STEP][PASSED] - click(findTestObject("Object Repository/WO_Consumer/Page_/a_Feedback")): Object: 'Object Repository/WO_Consumer/Page_/a_Feedback' is clicked on

2020-02-11 15:19:36 - [MESSAGE][PASSED] - Object: 'Object Repository/WO_Consumer/Page_/a_Feedback' is clicked on

2020-02-11 15:19:36 - [TEST_STEP][PASSED] - delay(5): Delayed 5 second(s)

2020-02-11 15:19:41 - [MESSAGE][PASSED] - Delayed 5 second(s)

2020-02-11 15:19:41 - [TEST_STEP][PASSED] - "--------": null

2020-02-11 15:19:41 - [TEST_STEP][PASSED] - "Select  |": null

2020-02-11 15:19:41 - [TEST_STEP][PASSED] - waitForElementClickable(findTestObject("WO_Consumer/Page_/td_TopRow"), 60): Object 'Object Repository/WO_Consumer/Page_/td_TopRow' is clickable

2020-02-11 15:19:41 - [MESSAGE][PASSED] - Object 'Object Repository/WO_Consumer/Page_/td_TopRow' is clickable

2020-02-11 15:19:41 - [TEST_STEP][PASSED] - click(findTestObject("WO_Consumer/Page_/td_TopRow")): Object: 'Object Repository/WO_Consumer/Page_/td_TopRow' is clicked on

2020-02-11 15:19:42 - [MESSAGE][PASSED] - Object: 'Object Repository/WO_Consumer/Page_/td_TopRow' is clicked on

2020-02-11 15:19:42 - [TEST_STEP][PASSED] - delay(1): Delayed 1 second(s)

2020-02-11 15:19:43 - [MESSAGE][PASSED] - Delayed 1 second(s)

2020-02-11 15:19:43 - [MESSAGE][PASSED] - Call Test Case 'Test Cases/Reusable_Test_Sequences/Web_Office/Actions/Select_Consumer' successfully

2020-02-11 15:19:43 - [TEST_STEP][PASSED] - "--------------------------------------": null

2020-02-11 15:19:43 - [TEST_STEP][PASSED] - " Verify Returned Consumer Record      |": null

2020-02-11 15:19:43 - [TEST_STEP][PASSED] - callTestCase(findTestCase("Reusable_Test_Sequences/Web_Office/Verification/Consumer_Returned_Search_Record"), [:], OPTIONAL): Call Test Case 'Test Cases/Reusable_Test_Sequences/Web_Office/Verification/Consumer_Returned_Search_Record' successfully

2020-02-11 15:19:43 - [TEST_CASE][PASSED] - Test Cases/Reusable_Test_Sequences/Web_Office/Verification/Consumer_Returned_Search_Record: Test Cases/Reusable_Test_Sequences/Web_Office/Verification/Consumer_Returned_Search_Record

2020-02-11 15:19:43 - [TEST_STEP][PASSED] - "--------------------------------": null

2020-02-11 15:19:43 - [TEST_STEP][PASSED] - "Read data from spreadsheet      | r_ = Returned Data": null

2020-02-11 15:19:43 - [TEST_STEP][PASSED] - data = findTestData("Data Files/Consumer_Data (1)"): null

2020-02-11 15:19:43 - [TEST_STEP][PASSED] - Consumer_ID = data.getValue("Consumer_ID", row): null

2020-02-11 15:19:43 - [TEST_STEP][PASSED] - Title = data.getValue("r_Title", row): null

2020-02-11 15:19:43 - [TEST_STEP][PASSED] - Forenames = data.getValue("r_Forenames", row): null

2020-02-11 15:19:43 - [TEST_STEP][PASSED] - Surname = data.getValue("r_Surname", row): null

2020-02-11 15:19:43 - [TEST_STEP][PASSED] - Housename = data.getValue("r_Housename", row): null

2020-02-11 15:19:43 - [TEST_STEP][PASSED] - Number_Street = data.getValue("r_Number_and_Street", row): null

2020-02-11 15:19:43 - [TEST_STEP][PASSED] - City = data.getValue("r_City", row): null

2020-02-11 15:19:43 - [TEST_STEP][PASSED] - Town = data.getValue("r_Town", row): null

2020-02-11 15:19:43 - [TEST_STEP][PASSED] - County = data.getValue("r_County", row): null

2020-02-11 15:19:43 - [TEST_STEP][PASSED] - Postcode = data.getValue("r_Postcode", row): null

2020-02-11 15:19:43 - [TEST_STEP][PASSED] - Phone1 = data.getValue("r_Phone_1", row): null

2020-02-11 15:19:43 - [TEST_STEP][PASSED] - Phone2 = data.getValue("r_Phone_2", row): null

2020-02-11 15:19:43 - [TEST_STEP][PASSED] - Fax = data.getValue("r_Fax", row): null

2020-02-11 15:19:43 - [TEST_STEP][PASSED] - r_Full_Name = data.getValue("r_Full_Name", 1): null

2020-02-11 15:19:43 - [TEST_STEP][PASSED] - r_Full_Address = data.getValue("r_Full_Address", 1): null

2020-02-11 15:19:43 - [TEST_STEP][PASSED] - "--------------------------------": null

2020-02-11 15:19:43 - [TEST_STEP][PASSED] - "Read data from spreadsheet      |": null

2020-02-11 15:19:43 - [TEST_STEP][PASSED] - Actual_Page_Text = "": null

2020-02-11 15:19:43 - [TEST_STEP][PASSED] - Expected_Page_Text = "": null

2020-02-11 15:19:43 - [TEST_STEP][PASSED] - waitForPageLoad(60): Wait for page load successfully

2020-02-11 15:19:43 - [MESSAGE][PASSED] - Wait for page load successfully

2020-02-11 15:19:43 - [TEST_STEP][PASSED] - delay(1): Delayed 1 second(s)

2020-02-11 15:19:44 - [MESSAGE][PASSED] - Delayed 1 second(s)

2020-02-11 15:19:44 - [TEST_STEP][PASSED] - "HEADER DETAIL - iFrame": null

2020-02-11 15:19:44 - [TEST_STEP][PASSED] - "----------------": null

2020-02-11 15:19:44 - [TEST_STEP][PASSED] - "Full Name       |": null

2020-02-11 15:19:44 - [TEST_STEP][PASSED] - verifyElementPresent(findTestObject("Object Repository/WO_Consumer/Page_/Page_/a_Mr Gordon Brown"), 25): Object 'Object Repository/WO_Consumer/Page_/Page_/a_Mr Gordon Brown' is present

2020-02-11 15:19:44 - [MESSAGE][PASSED] - Object 'Object Repository/WO_Consumer/Page_/Page_/a_Mr Gordon Brown' is present

2020-02-11 15:19:44 - [TEST_STEP][PASSED] - "----------------": null

2020-02-11 15:19:44 - [TEST_STEP][PASSED] - "Full Address    |": null

2020-02-11 15:19:44 - [TEST_STEP][PASSED] - verifyElementPresent(findTestObject("Object Repository/WO_Consumer/Page_/Page_/div_Haywards Heath West Sussex RH16 4ER4477_d20822"), 25): Object 'Object Repository/WO_Consumer/Page_/Page_/div_Haywards Heath West Sussex RH16 4ER4477_d20822' is present

2020-02-11 15:19:44 - [MESSAGE][PASSED] - Object 'Object Repository/WO_Consumer/Page_/Page_/div_Haywards Heath West Sussex RH16 4ER4477_d20822' is present

2020-02-11 15:19:44 - [TEST_STEP][PASSED] - "BODY DETAIL - iFrame": null

2020-02-11 15:19:44 - [TEST_STEP][PASSED] - "----------------": null

2020-02-11 15:19:44 - [TEST_STEP][PASSED] - "EDIT Consumer   |": null

2020-02-11 15:19:44 - [TEST_STEP][PASSED] - verifyElementPresent(findTestObject("Object Repository/WO_Consumer/Page_/Page_/input_Title_ctledittbTitle"), 25): Object 'Object Repository/WO_Consumer/Page_/Page_/input_Title_ctledittbTitle' is present

2020-02-11 15:19:44 - [MESSAGE][PASSED] - Object 'Object Repository/WO_Consumer/Page_/Page_/input_Title_ctledittbTitle' is present

2020-02-11 15:19:44 - [TEST_STEP][PASSED] - "----------------": null

2020-02-11 15:19:44 - [TEST_STEP][PASSED] - "Address         |": null

2020-02-11 15:19:44 - [TEST_STEP][PASSED] - verifyElementPresent(findTestObject("Object Repository/WO_Consumer/Page_/Page_/span_Please ensure the Street  Road name is_e38a58"), 25): Object 'Object Repository/WO_Consumer/Page_/Page_/span_Please ensure the Street  Road name is_e38a58' is present

2020-02-11 15:19:45 - [MESSAGE][PASSED] - Object 'Object Repository/WO_Consumer/Page_/Page_/span_Please ensure the Street  Road name is_e38a58' is present

2020-02-11 15:19:45 - [MESSAGE][PASSED] - Call Test Case 'Test Cases/Reusable_Test_Sequences/Web_Office/Verification/Consumer_Returned_Search_Record' successfully

2020-02-11 15:19:45 - [TEST_STEP][PASSED] - "--------------------------": null

2020-02-11 15:19:45 - [TEST_STEP][PASSED] - " Teardown - CLose Browser |": null

2020-02-11 15:19:45 - [TEST_STEP][PASSED] - callTestCase(findTestCase("Reusable_Test_Sequences/CAT_Teardown"), [:], OPTIONAL): Call Test Case 'Test Cases/Reusable_Test_Sequences/CAT_Teardown' successfully

2020-02-11 15:19:45 - [TEST_CASE][PASSED] - Test Cases/Reusable_Test_Sequences/CAT_Teardown: Test Cases/Reusable_Test_Sequences/CAT_Teardown

2020-02-11 15:19:45 - [TEST_STEP][PASSED] - closeBrowser(): Browser is closed

2020-02-11 15:19:46 - [MESSAGE][PASSED] - Browser is closed

2020-02-11 15:19:46 - [MESSAGE][PASSED] - Call Test Case 'Test Cases/Reusable_Test_Sequences/CAT_Teardown' successfully]]></system-out>
         <system-err><![CDATA[]]></system-err>
      </testcase>
      <testcase name="Test Cases/Web_Office/WebOffice_Header_Search" time="100.338" classname="Test Cases/Web_Office/WebOffice_Header_Search" status="PASSED">
         <system-out><![CDATA[2020-02-11 15:19:46 - [TEST_CASE][PASSED] - Test Cases/Web_Office/WebOffice_Header_Search: Test Cases/Web_Office/WebOffice_Header_Search

2020-02-11 15:19:46 - [TEST_STEP][PASSED] - for ([row = 1, row <= findTestData("Mobile_Test_Data").getRowNumbers(), (internal.GlobalVariable.row++)]): Call Test Case 'Test Cases/Reusable_Test_Sequences/CAT_Teardown' successfully

2020-02-11 15:19:46 - [TEST_STEP][PASSED] - "--------------------------------------": null

2020-02-11 15:19:46 - [TEST_STEP][PASSED] - " Web Office StartUp                  |": null

2020-02-11 15:19:46 - [TEST_STEP][PASSED] - callTestCase(findTestCase("Reusable_Test_Sequences/Web_Office/Directives/WebOffice_StartUp"), [:], OPTIONAL): Call Test Case 'Test Cases/Reusable_Test_Sequences/Web_Office/Directives/WebOffice_StartUp' successfully

2020-02-11 15:19:46 - [TEST_CASE][PASSED] - Test Cases/Reusable_Test_Sequences/Web_Office/Directives/WebOffice_StartUp: Test Cases/Reusable_Test_Sequences/Web_Office/Directives/WebOffice_StartUp

2020-02-11 15:19:46 - [TEST_STEP][PASSED] - if (URL == "https://www.preview.checkatrade.com/"): null

2020-02-11 15:19:46 - [TEST_STEP][PASSED] - WebOfficeURL = "https://admin.preview.checkatrade.com/": null

2020-02-11 15:19:46 - [TEST_STEP][PASSED] - if (URL == "https://www.checkatrade.com/"): null

2020-02-11 15:19:46 - [TEST_STEP][PASSED] - "Set Function Area for "URL_Handler", URL Resolution": null

2020-02-11 15:19:46 - [TEST_STEP][PASSED] - "Do Some Magic with URL(s) See the comments within URL Handler ": null

2020-02-11 15:19:46 - [TEST_STEP][PASSED] - "------------------------------------------------": null

2020-02-11 15:19:46 - [TEST_STEP][PASSED] - "Moved Login Credentials to <Default> profile 22/01/2020": null

2020-02-11 15:19:46 - [TEST_STEP][PASSED] - "------------------------------------------------": null

2020-02-11 15:19:46 - [TEST_STEP][PASSED] - "WebOfficeURL - Set from the ENVIRONMENT PROFILE ": null

2020-02-11 15:19:46 - [TEST_STEP][PASSED] - "OPEN BROWSER": null

2020-02-11 15:19:46 - [TEST_STEP][PASSED] - "eg - https://admin.preview.checkatrade.com/  ": null

2020-02-11 15:19:46 - [TEST_STEP][PASSED] - openBrowser(WebOfficeURL): Browser is opened with url: 'https://admin.preview.checkatrade.com/'

2020-02-11 15:19:46 - [MESSAGE][INFO] - Starting 'Chrome' driver

2020-02-11 15:19:53 - [MESSAGE][PASSED] - Browser is opened with url: 'https://admin.preview.checkatrade.com/'

2020-02-11 15:19:53 - [TEST_STEP][PASSED] - maximizeWindow(): Current window maximized

2020-02-11 15:19:57 - [MESSAGE][PASSED] - Current window maximized

2020-02-11 15:19:57 - [TEST_STEP][PASSED] - waitForElementClickable(findTestObject("Object Repository/WebOffice/Page_Checkatrade - Administration - Login/Login_Button"), 25): Object 'Object Repository/WebOffice/Page_Checkatrade - Administration - Login/Login_Button' is clickable

2020-02-11 15:19:57 - [MESSAGE][PASSED] - Object 'Object Repository/WebOffice/Page_Checkatrade - Administration - Login/Login_Button' is clickable

2020-02-11 15:19:57 - [TEST_STEP][PASSED] - verifyTextPresent("Checkatrade Web Office", false): Text 'Checkatrade Web Office' is present on page 

2020-02-11 15:19:57 - [MESSAGE][PASSED] - Text 'Checkatrade Web Office' is present on page 

2020-02-11 15:19:57 - [TEST_STEP][PASSED] - verifyTextPresent("Access for staff use only", false): Text 'Access for staff use only' is present on page 

2020-02-11 15:19:57 - [MESSAGE][PASSED] - Text 'Access for staff use only' is present on page 

2020-02-11 15:19:57 - [TEST_STEP][PASSED] - verifyTextPresent("Forgotten password?", false): Text 'Forgotten password?' is present on page 

2020-02-11 15:19:57 - [MESSAGE][PASSED] - Text 'Forgotten password?' is present on page 

2020-02-11 15:19:57 - [TEST_STEP][PASSED] - setText(findTestObject("Object Repository/WebOffice/Page_Checkatrade - Administration - Login/input_Username_LoginControlUserName"), wo_Username): Text 'DavidHo' is set on object 'Object Repository/WebOffice/Page_Checkatrade - Administration - Login/input_Username_LoginControlUserName'

2020-02-11 15:19:57 - [MESSAGE][PASSED] - Text 'DavidHo' is set on object 'Object Repository/WebOffice/Page_Checkatrade - Administration - Login/input_Username_LoginControlUserName'

2020-02-11 15:19:57 - [TEST_STEP][PASSED] - setText(findTestObject("Object Repository/WebOffice/Page_Checkatrade - Administration - Login/input_Password_LoginControlPassword"), wo_Password): Text 'Check123' is set on object 'Object Repository/WebOffice/Page_Checkatrade - Administration - Login/input_Password_LoginControlPassword'

2020-02-11 15:19:57 - [MESSAGE][PASSED] - Text 'Check123' is set on object 'Object Repository/WebOffice/Page_Checkatrade - Administration - Login/input_Password_LoginControlPassword'

2020-02-11 15:19:57 - [TEST_STEP][PASSED] - click(findTestObject("Object Repository/WebOffice/Page_Checkatrade - Administration - Login/Login_Button")): Object: 'Object Repository/WebOffice/Page_Checkatrade - Administration - Login/Login_Button' is clicked on

2020-02-11 15:20:00 - [MESSAGE][PASSED] - Object: 'Object Repository/WebOffice/Page_Checkatrade - Administration - Login/Login_Button' is clicked on

2020-02-11 15:20:00 - [TEST_STEP][PASSED] - waitForPageLoad(60): Wait for page load successfully

2020-02-11 15:20:00 - [MESSAGE][PASSED] - Wait for page load successfully

2020-02-11 15:20:00 - [TEST_STEP][PASSED] - verifyTextPresent("Welcome " + wo_Username, false): Text 'Welcome DavidHo' is present on page 

2020-02-11 15:20:00 - [MESSAGE][PASSED] - Text 'Welcome DavidHo' is present on page 

2020-02-11 15:20:00 - [MESSAGE][PASSED] - Call Test Case 'Test Cases/Reusable_Test_Sequences/Web_Office/Directives/WebOffice_StartUp' successfully

2020-02-11 15:20:00 - [TEST_STEP][PASSED] - "--------------------------------------": null

2020-02-11 15:20:00 - [TEST_STEP][PASSED] - " Home Page - Search                   |": null

2020-02-11 15:20:00 - [TEST_STEP][PASSED] - callTestCase(findTestCase("Reusable_Test_Sequences/Web_Office/Home_Page_Search"), [:], OPTIONAL): Call Test Case 'Test Cases/Reusable_Test_Sequences/Web_Office/Home_Page_Search' successfully

2020-02-11 15:20:00 - [TEST_CASE][PASSED] - Test Cases/Reusable_Test_Sequences/Web_Office/Home_Page_Search: Test Cases/Reusable_Test_Sequences/Web_Office/Home_Page_Search

2020-02-11 15:20:00 - [TEST_STEP][PASSED] - setText(findTestObject("Object Repository/WebOffice_Home_page/input_Search_Criteria"), findTestData("searchTestData").getValue("Search_Selector", row)): Text '07818 446596' is set on object 'Object Repository/WebOffice_Home_page/input_Search_Criteria'

2020-02-11 15:20:00 - [MESSAGE][PASSED] - Text '07818 446596' is set on object 'Object Repository/WebOffice_Home_page/input_Search_Criteria'

2020-02-11 15:20:00 - [TEST_STEP][PASSED] - delay(1): Delayed 1 second(s)

2020-02-11 15:20:01 - [MESSAGE][PASSED] - Delayed 1 second(s)

2020-02-11 15:20:01 - [TEST_STEP][PASSED] - click(findTestObject("Object Repository/WebOffice_Home_page/popout_Search_Item")): Object: 'Object Repository/WebOffice_Home_page/popout_Search_Item' is clicked on

2020-02-11 15:20:04 - [MESSAGE][PASSED] - Object: 'Object Repository/WebOffice_Home_page/popout_Search_Item' is clicked on

2020-02-11 15:20:04 - [TEST_STEP][PASSED] - waitForPageLoad(60): Wait for page load successfully

2020-02-11 15:20:04 - [MESSAGE][PASSED] - Wait for page load successfully

2020-02-11 15:20:04 - [MESSAGE][PASSED] - Call Test Case 'Test Cases/Reusable_Test_Sequences/Web_Office/Home_Page_Search' successfully

2020-02-11 15:20:04 - [TEST_STEP][PASSED] - "--------------------------------------": null

2020-02-11 15:20:04 - [TEST_STEP][PASSED] - " Web Office - Verify Returned Record  |": null

2020-02-11 15:20:04 - [TEST_STEP][PASSED] - callTestCase(findTestCase("Reusable_Test_Sequences/Web_Office/Verification/Trader_Record"), [:], OPTIONAL): Call Test Case 'Test Cases/Reusable_Test_Sequences/Web_Office/Verification/Trader_Record' successfully

2020-02-11 15:20:04 - [TEST_CASE][PASSED] - Test Cases/Reusable_Test_Sequences/Web_Office/Verification/Trader_Record: Test Cases/Reusable_Test_Sequences/Web_Office/Verification/Trader_Record

2020-02-11 15:20:04 - [TEST_STEP][PASSED] - verifyTextPresent(findTestData("searchTestData").getValue("tradeName", row), false, CONTINUE_ON_FAILURE): Text 'Foster Tree Care' is present on page 

2020-02-11 15:20:05 - [MESSAGE][PASSED] - Text 'Foster Tree Care' is present on page 

2020-02-11 15:20:05 - [TEST_STEP][PASSED] - verifyTextPresent(findTestData("searchTestData").getValue("primeContact", row), false, CONTINUE_ON_FAILURE): Text 'Jim Foster' is present on page 

2020-02-11 15:20:05 - [MESSAGE][PASSED] - Text 'Jim Foster' is present on page 

2020-02-11 15:20:05 - [TEST_STEP][PASSED] - verifyTextPresent(findTestData("searchTestData").getValue("address", row), false, CONTINUE_ON_FAILURE): Text '70 Worthing Avenue, Gosport, Hampshire, PO12 4DH' is present on page 

2020-02-11 15:20:05 - [MESSAGE][PASSED] - Text '70 Worthing Avenue, Gosport, Hampshire, PO12 4DH' is present on page 

2020-02-11 15:20:05 - [TEST_STEP][PASSED] - verifyTextPresent(findTestData("searchTestData").getValue("mobile", row), false, CONTINUE_ON_FAILURE): Text '07818 446596' is present on page 

2020-02-11 15:20:05 - [MESSAGE][PASSED] - Text '07818 446596' is present on page 

2020-02-11 15:20:05 - [TEST_STEP][PASSED] - verifyTextPresent(findTestData("searchTestData").getValue("contact", row), false, CONTINUE_ON_FAILURE): Text '023 9258 3018' is present on page 

2020-02-11 15:20:06 - [MESSAGE][PASSED] - Text '023 9258 3018' is present on page 

2020-02-11 15:20:06 - [TEST_STEP][PASSED] - verifyTextPresent(findTestData("searchTestData").getValue("email", row), false, CONTINUE_ON_FAILURE): Text 'fostertreecare@tiscali.co.uk' is present on page 

2020-02-11 15:20:06 - [MESSAGE][PASSED] - Text 'fostertreecare@tiscali.co.uk' is present on page 

2020-02-11 15:20:06 - [TEST_STEP][PASSED] - verifyTextPresent(findTestData("searchTestData").getValue("dob", row), false, CONTINUE_ON_FAILURE): Text 'DoB: 31/01/1976' is present on page 

2020-02-11 15:20:06 - [MESSAGE][PASSED] - Text 'DoB: 31/01/1976' is present on page 

2020-02-11 15:20:06 - [TEST_STEP][PASSED] - verifyTextPresent(findTestData("searchTestData").getValue("catID", row), false, CONTINUE_ON_FAILURE): Text 'FOS002' is present on page 

2020-02-11 15:20:06 - [MESSAGE][PASSED] - Text 'FOS002' is present on page 

2020-02-11 15:20:06 - [MESSAGE][PASSED] - Call Test Case 'Test Cases/Reusable_Test_Sequences/Web_Office/Verification/Trader_Record' successfully

2020-02-11 15:20:06 - [TEST_STEP][PASSED] - "--------------------------": null

2020-02-11 15:20:06 - [TEST_STEP][PASSED] - " Teardown - CLose Browser |": null

2020-02-11 15:20:06 - [TEST_STEP][PASSED] - callTestCase(findTestCase("Reusable_Test_Sequences/CAT_Teardown"), [:], OPTIONAL): Call Test Case 'Test Cases/Reusable_Test_Sequences/CAT_Teardown' successfully

2020-02-11 15:20:06 - [TEST_CASE][PASSED] - Test Cases/Reusable_Test_Sequences/CAT_Teardown: Test Cases/Reusable_Test_Sequences/CAT_Teardown

2020-02-11 15:20:06 - [TEST_STEP][PASSED] - closeBrowser(): Browser is closed

2020-02-11 15:20:07 - [MESSAGE][PASSED] - Browser is closed

2020-02-11 15:20:07 - [MESSAGE][PASSED] - Call Test Case 'Test Cases/Reusable_Test_Sequences/CAT_Teardown' successfully

2020-02-11 15:20:07 - [TEST_STEP][PASSED] - "--------------------------------------": null

2020-02-11 15:20:07 - [TEST_STEP][PASSED] - " Web Office StartUp                  |": null

2020-02-11 15:20:07 - [TEST_STEP][PASSED] - callTestCase(findTestCase("Reusable_Test_Sequences/Web_Office/Directives/WebOffice_StartUp"), [:], OPTIONAL): Call Test Case 'Test Cases/Reusable_Test_Sequences/Web_Office/Directives/WebOffice_StartUp' successfully

2020-02-11 15:20:07 - [TEST_CASE][PASSED] - Test Cases/Reusable_Test_Sequences/Web_Office/Directives/WebOffice_StartUp: Test Cases/Reusable_Test_Sequences/Web_Office/Directives/WebOffice_StartUp

2020-02-11 15:20:07 - [TEST_STEP][PASSED] - if (URL == "https://www.preview.checkatrade.com/"): null

2020-02-11 15:20:07 - [TEST_STEP][PASSED] - WebOfficeURL = "https://admin.preview.checkatrade.com/": null

2020-02-11 15:20:07 - [TEST_STEP][PASSED] - if (URL == "https://www.checkatrade.com/"): null

2020-02-11 15:20:07 - [TEST_STEP][PASSED] - "Set Function Area for "URL_Handler", URL Resolution": null

2020-02-11 15:20:07 - [TEST_STEP][PASSED] - "Do Some Magic with URL(s) See the comments within URL Handler ": null

2020-02-11 15:20:07 - [TEST_STEP][PASSED] - "------------------------------------------------": null

2020-02-11 15:20:07 - [TEST_STEP][PASSED] - "Moved Login Credentials to <Default> profile 22/01/2020": null

2020-02-11 15:20:07 - [TEST_STEP][PASSED] - "------------------------------------------------": null

2020-02-11 15:20:07 - [TEST_STEP][PASSED] - "WebOfficeURL - Set from the ENVIRONMENT PROFILE ": null

2020-02-11 15:20:07 - [TEST_STEP][PASSED] - "OPEN BROWSER": null

2020-02-11 15:20:07 - [TEST_STEP][PASSED] - "eg - https://admin.preview.checkatrade.com/  ": null

2020-02-11 15:20:07 - [TEST_STEP][PASSED] - openBrowser(WebOfficeURL): Browser is opened with url: 'https://admin.preview.checkatrade.com/'

2020-02-11 15:20:07 - [MESSAGE][INFO] - Starting 'Chrome' driver

2020-02-11 15:20:14 - [MESSAGE][PASSED] - Browser is opened with url: 'https://admin.preview.checkatrade.com/'

2020-02-11 15:20:14 - [TEST_STEP][PASSED] - maximizeWindow(): Current window maximized

2020-02-11 15:20:18 - [MESSAGE][PASSED] - Current window maximized

2020-02-11 15:20:18 - [TEST_STEP][PASSED] - waitForElementClickable(findTestObject("Object Repository/WebOffice/Page_Checkatrade - Administration - Login/Login_Button"), 25): Object 'Object Repository/WebOffice/Page_Checkatrade - Administration - Login/Login_Button' is clickable

2020-02-11 15:20:18 - [MESSAGE][PASSED] - Object 'Object Repository/WebOffice/Page_Checkatrade - Administration - Login/Login_Button' is clickable

2020-02-11 15:20:18 - [TEST_STEP][PASSED] - verifyTextPresent("Checkatrade Web Office", false): Text 'Checkatrade Web Office' is present on page 

2020-02-11 15:20:18 - [MESSAGE][PASSED] - Text 'Checkatrade Web Office' is present on page 

2020-02-11 15:20:18 - [TEST_STEP][PASSED] - verifyTextPresent("Access for staff use only", false): Text 'Access for staff use only' is present on page 

2020-02-11 15:20:18 - [MESSAGE][PASSED] - Text 'Access for staff use only' is present on page 

2020-02-11 15:20:18 - [TEST_STEP][PASSED] - verifyTextPresent("Forgotten password?", false): Text 'Forgotten password?' is present on page 

2020-02-11 15:20:18 - [MESSAGE][PASSED] - Text 'Forgotten password?' is present on page 

2020-02-11 15:20:18 - [TEST_STEP][PASSED] - setText(findTestObject("Object Repository/WebOffice/Page_Checkatrade - Administration - Login/input_Username_LoginControlUserName"), wo_Username): Text 'DavidHo' is set on object 'Object Repository/WebOffice/Page_Checkatrade - Administration - Login/input_Username_LoginControlUserName'

2020-02-11 15:20:18 - [MESSAGE][PASSED] - Text 'DavidHo' is set on object 'Object Repository/WebOffice/Page_Checkatrade - Administration - Login/input_Username_LoginControlUserName'

2020-02-11 15:20:18 - [TEST_STEP][PASSED] - setText(findTestObject("Object Repository/WebOffice/Page_Checkatrade - Administration - Login/input_Password_LoginControlPassword"), wo_Password): Text 'Check123' is set on object 'Object Repository/WebOffice/Page_Checkatrade - Administration - Login/input_Password_LoginControlPassword'

2020-02-11 15:20:19 - [MESSAGE][PASSED] - Text 'Check123' is set on object 'Object Repository/WebOffice/Page_Checkatrade - Administration - Login/input_Password_LoginControlPassword'

2020-02-11 15:20:19 - [TEST_STEP][PASSED] - click(findTestObject("Object Repository/WebOffice/Page_Checkatrade - Administration - Login/Login_Button")): Object: 'Object Repository/WebOffice/Page_Checkatrade - Administration - Login/Login_Button' is clicked on

2020-02-11 15:20:19 - [MESSAGE][PASSED] - Object: 'Object Repository/WebOffice/Page_Checkatrade - Administration - Login/Login_Button' is clicked on

2020-02-11 15:20:19 - [TEST_STEP][PASSED] - waitForPageLoad(60): Wait for page load successfully

2020-02-11 15:20:19 - [MESSAGE][PASSED] - Wait for page load successfully

2020-02-11 15:20:19 - [TEST_STEP][PASSED] - verifyTextPresent("Welcome " + wo_Username, false): Text 'Welcome DavidHo' is present on page 

2020-02-11 15:20:19 - [MESSAGE][PASSED] - Text 'Welcome DavidHo' is present on page 

2020-02-11 15:20:19 - [MESSAGE][PASSED] - Call Test Case 'Test Cases/Reusable_Test_Sequences/Web_Office/Directives/WebOffice_StartUp' successfully

2020-02-11 15:20:19 - [TEST_STEP][PASSED] - "--------------------------------------": null

2020-02-11 15:20:19 - [TEST_STEP][PASSED] - " Home Page - Search                   |": null

2020-02-11 15:20:19 - [TEST_STEP][PASSED] - callTestCase(findTestCase("Reusable_Test_Sequences/Web_Office/Home_Page_Search"), [:], OPTIONAL): Call Test Case 'Test Cases/Reusable_Test_Sequences/Web_Office/Home_Page_Search' successfully

2020-02-11 15:20:19 - [TEST_CASE][PASSED] - Test Cases/Reusable_Test_Sequences/Web_Office/Home_Page_Search: Test Cases/Reusable_Test_Sequences/Web_Office/Home_Page_Search

2020-02-11 15:20:19 - [TEST_STEP][PASSED] - setText(findTestObject("Object Repository/WebOffice_Home_page/input_Search_Criteria"), findTestData("searchTestData").getValue("Search_Selector", row)): Text 'James Burton' is set on object 'Object Repository/WebOffice_Home_page/input_Search_Criteria'

2020-02-11 15:20:20 - [MESSAGE][PASSED] - Text 'James Burton' is set on object 'Object Repository/WebOffice_Home_page/input_Search_Criteria'

2020-02-11 15:20:20 - [TEST_STEP][PASSED] - delay(1): Delayed 1 second(s)

2020-02-11 15:20:21 - [MESSAGE][PASSED] - Delayed 1 second(s)

2020-02-11 15:20:21 - [TEST_STEP][PASSED] - click(findTestObject("Object Repository/WebOffice_Home_page/popout_Search_Item")): Object: 'Object Repository/WebOffice_Home_page/popout_Search_Item' is clicked on

2020-02-11 15:20:23 - [MESSAGE][PASSED] - Object: 'Object Repository/WebOffice_Home_page/popout_Search_Item' is clicked on

2020-02-11 15:20:23 - [TEST_STEP][PASSED] - waitForPageLoad(60): Wait for page load successfully

2020-02-11 15:20:23 - [MESSAGE][PASSED] - Wait for page load successfully

2020-02-11 15:20:23 - [MESSAGE][PASSED] - Call Test Case 'Test Cases/Reusable_Test_Sequences/Web_Office/Home_Page_Search' successfully

2020-02-11 15:20:23 - [TEST_STEP][PASSED] - "--------------------------------------": null

2020-02-11 15:20:23 - [TEST_STEP][PASSED] - " Web Office - Verify Returned Record  |": null

2020-02-11 15:20:23 - [TEST_STEP][PASSED] - callTestCase(findTestCase("Reusable_Test_Sequences/Web_Office/Verification/Trader_Record"), [:], OPTIONAL): Call Test Case 'Test Cases/Reusable_Test_Sequences/Web_Office/Verification/Trader_Record' successfully

2020-02-11 15:20:23 - [TEST_CASE][PASSED] - Test Cases/Reusable_Test_Sequences/Web_Office/Verification/Trader_Record: Test Cases/Reusable_Test_Sequences/Web_Office/Verification/Trader_Record

2020-02-11 15:20:23 - [TEST_STEP][PASSED] - verifyTextPresent(findTestData("searchTestData").getValue("tradeName", row), false, CONTINUE_ON_FAILURE): Text 'Burton Electrical Services' is present on page 

2020-02-11 15:20:23 - [MESSAGE][PASSED] - Text 'Burton Electrical Services' is present on page 

2020-02-11 15:20:23 - [TEST_STEP][PASSED] - verifyTextPresent(findTestData("searchTestData").getValue("primeContact", row), false, CONTINUE_ON_FAILURE): Text 'James Burton' is present on page 

2020-02-11 15:20:24 - [MESSAGE][PASSED] - Text 'James Burton' is present on page 

2020-02-11 15:20:24 - [TEST_STEP][PASSED] - verifyTextPresent(findTestData("searchTestData").getValue("address", row), false, CONTINUE_ON_FAILURE): Text 'Unit 4, Dukeries Court, Hallcroft Industrial Estate, Retford, Nottinghamshire, DN22 7PX' is present on page 

2020-02-11 15:20:24 - [MESSAGE][PASSED] - Text 'Unit 4, Dukeries Court, Hallcroft Industrial Estate, Retford, Nottinghamshire, DN22 7PX' is present on page 

2020-02-11 15:20:24 - [TEST_STEP][PASSED] - verifyTextPresent(findTestData("searchTestData").getValue("mobile", row), false, CONTINUE_ON_FAILURE): Text '07712 401461' is present on page 

2020-02-11 15:20:24 - [MESSAGE][PASSED] - Text '07712 401461' is present on page 

2020-02-11 15:20:24 - [TEST_STEP][PASSED] - verifyTextPresent(findTestData("searchTestData").getValue("contact", row), false, CONTINUE_ON_FAILURE): Text '01777 228982' is present on page 

2020-02-11 15:20:24 - [MESSAGE][PASSED] - Text '01777 228982' is present on page 

2020-02-11 15:20:24 - [TEST_STEP][PASSED] - verifyTextPresent(findTestData("searchTestData").getValue("email", row), false, CONTINUE_ON_FAILURE): Text 'info@burtonelectricalservices.net' is present on page 

2020-02-11 15:20:24 - [MESSAGE][PASSED] - Text 'info@burtonelectricalservices.net' is present on page 

2020-02-11 15:20:24 - [TEST_STEP][PASSED] - verifyTextPresent(findTestData("searchTestData").getValue("dob", row), false, CONTINUE_ON_FAILURE): Text 'DoB: 15/07/1989' is present on page 

2020-02-11 15:20:25 - [MESSAGE][PASSED] - Text 'DoB: 15/07/1989' is present on page 

2020-02-11 15:20:25 - [TEST_STEP][PASSED] - verifyTextPresent(findTestData("searchTestData").getValue("catID", row), false, CONTINUE_ON_FAILURE): Text '402921' is present on page 

2020-02-11 15:20:25 - [MESSAGE][PASSED] - Text '402921' is present on page 

2020-02-11 15:20:25 - [MESSAGE][PASSED] - Call Test Case 'Test Cases/Reusable_Test_Sequences/Web_Office/Verification/Trader_Record' successfully

2020-02-11 15:20:25 - [TEST_STEP][PASSED] - "--------------------------": null

2020-02-11 15:20:25 - [TEST_STEP][PASSED] - " Teardown - CLose Browser |": null

2020-02-11 15:20:25 - [TEST_STEP][PASSED] - callTestCase(findTestCase("Reusable_Test_Sequences/CAT_Teardown"), [:], OPTIONAL): Call Test Case 'Test Cases/Reusable_Test_Sequences/CAT_Teardown' successfully

2020-02-11 15:20:25 - [TEST_CASE][PASSED] - Test Cases/Reusable_Test_Sequences/CAT_Teardown: Test Cases/Reusable_Test_Sequences/CAT_Teardown

2020-02-11 15:20:25 - [TEST_STEP][PASSED] - closeBrowser(): Browser is closed

2020-02-11 15:20:26 - [MESSAGE][PASSED] - Browser is closed

2020-02-11 15:20:26 - [MESSAGE][PASSED] - Call Test Case 'Test Cases/Reusable_Test_Sequences/CAT_Teardown' successfully

2020-02-11 15:20:26 - [TEST_STEP][PASSED] - "--------------------------------------": null

2020-02-11 15:20:26 - [TEST_STEP][PASSED] - " Web Office StartUp                  |": null

2020-02-11 15:20:26 - [TEST_STEP][PASSED] - callTestCase(findTestCase("Reusable_Test_Sequences/Web_Office/Directives/WebOffice_StartUp"), [:], OPTIONAL): Call Test Case 'Test Cases/Reusable_Test_Sequences/Web_Office/Directives/WebOffice_StartUp' successfully

2020-02-11 15:20:26 - [TEST_CASE][PASSED] - Test Cases/Reusable_Test_Sequences/Web_Office/Directives/WebOffice_StartUp: Test Cases/Reusable_Test_Sequences/Web_Office/Directives/WebOffice_StartUp

2020-02-11 15:20:26 - [TEST_STEP][PASSED] - if (URL == "https://www.preview.checkatrade.com/"): null

2020-02-11 15:20:26 - [TEST_STEP][PASSED] - WebOfficeURL = "https://admin.preview.checkatrade.com/": null

2020-02-11 15:20:26 - [TEST_STEP][PASSED] - if (URL == "https://www.checkatrade.com/"): null

2020-02-11 15:20:26 - [TEST_STEP][PASSED] - "Set Function Area for "URL_Handler", URL Resolution": null

2020-02-11 15:20:26 - [TEST_STEP][PASSED] - "Do Some Magic with URL(s) See the comments within URL Handler ": null

2020-02-11 15:20:26 - [TEST_STEP][PASSED] - "------------------------------------------------": null

2020-02-11 15:20:26 - [TEST_STEP][PASSED] - "Moved Login Credentials to <Default> profile 22/01/2020": null

2020-02-11 15:20:26 - [TEST_STEP][PASSED] - "------------------------------------------------": null

2020-02-11 15:20:26 - [TEST_STEP][PASSED] - "WebOfficeURL - Set from the ENVIRONMENT PROFILE ": null

2020-02-11 15:20:26 - [TEST_STEP][PASSED] - "OPEN BROWSER": null

2020-02-11 15:20:26 - [TEST_STEP][PASSED] - "eg - https://admin.preview.checkatrade.com/  ": null

2020-02-11 15:20:26 - [TEST_STEP][PASSED] - openBrowser(WebOfficeURL): Browser is opened with url: 'https://admin.preview.checkatrade.com/'

2020-02-11 15:20:26 - [MESSAGE][INFO] - Starting 'Chrome' driver

2020-02-11 15:20:33 - [MESSAGE][PASSED] - Browser is opened with url: 'https://admin.preview.checkatrade.com/'

2020-02-11 15:20:33 - [TEST_STEP][PASSED] - maximizeWindow(): Current window maximized

2020-02-11 15:20:37 - [MESSAGE][PASSED] - Current window maximized

2020-02-11 15:20:37 - [TEST_STEP][PASSED] - waitForElementClickable(findTestObject("Object Repository/WebOffice/Page_Checkatrade - Administration - Login/Login_Button"), 25): Object 'Object Repository/WebOffice/Page_Checkatrade - Administration - Login/Login_Button' is clickable

2020-02-11 15:20:37 - [MESSAGE][PASSED] - Object 'Object Repository/WebOffice/Page_Checkatrade - Administration - Login/Login_Button' is clickable

2020-02-11 15:20:37 - [TEST_STEP][PASSED] - verifyTextPresent("Checkatrade Web Office", false): Text 'Checkatrade Web Office' is present on page 

2020-02-11 15:20:37 - [MESSAGE][PASSED] - Text 'Checkatrade Web Office' is present on page 

2020-02-11 15:20:37 - [TEST_STEP][PASSED] - verifyTextPresent("Access for staff use only", false): Text 'Access for staff use only' is present on page 

2020-02-11 15:20:37 - [MESSAGE][PASSED] - Text 'Access for staff use only' is present on page 

2020-02-11 15:20:37 - [TEST_STEP][PASSED] - verifyTextPresent("Forgotten password?", false): Text 'Forgotten password?' is present on page 

2020-02-11 15:20:37 - [MESSAGE][PASSED] - Text 'Forgotten password?' is present on page 

2020-02-11 15:20:37 - [TEST_STEP][PASSED] - setText(findTestObject("Object Repository/WebOffice/Page_Checkatrade - Administration - Login/input_Username_LoginControlUserName"), wo_Username): Text 'DavidHo' is set on object 'Object Repository/WebOffice/Page_Checkatrade - Administration - Login/input_Username_LoginControlUserName'

2020-02-11 15:20:37 - [MESSAGE][PASSED] - Text 'DavidHo' is set on object 'Object Repository/WebOffice/Page_Checkatrade - Administration - Login/input_Username_LoginControlUserName'

2020-02-11 15:20:37 - [TEST_STEP][PASSED] - setText(findTestObject("Object Repository/WebOffice/Page_Checkatrade - Administration - Login/input_Password_LoginControlPassword"), wo_Password): Text 'Check123' is set on object 'Object Repository/WebOffice/Page_Checkatrade - Administration - Login/input_Password_LoginControlPassword'

2020-02-11 15:20:37 - [MESSAGE][PASSED] - Text 'Check123' is set on object 'Object Repository/WebOffice/Page_Checkatrade - Administration - Login/input_Password_LoginControlPassword'

2020-02-11 15:20:37 - [TEST_STEP][PASSED] - click(findTestObject("Object Repository/WebOffice/Page_Checkatrade - Administration - Login/Login_Button")): Object: 'Object Repository/WebOffice/Page_Checkatrade - Administration - Login/Login_Button' is clicked on

2020-02-11 15:20:41 - [MESSAGE][PASSED] - Object: 'Object Repository/WebOffice/Page_Checkatrade - Administration - Login/Login_Button' is clicked on

2020-02-11 15:20:41 - [TEST_STEP][PASSED] - waitForPageLoad(60): Wait for page load successfully

2020-02-11 15:20:41 - [MESSAGE][PASSED] - Wait for page load successfully

2020-02-11 15:20:41 - [TEST_STEP][PASSED] - verifyTextPresent("Welcome " + wo_Username, false): Text 'Welcome DavidHo' is present on page 

2020-02-11 15:20:41 - [MESSAGE][PASSED] - Text 'Welcome DavidHo' is present on page 

2020-02-11 15:20:41 - [MESSAGE][PASSED] - Call Test Case 'Test Cases/Reusable_Test_Sequences/Web_Office/Directives/WebOffice_StartUp' successfully

2020-02-11 15:20:41 - [TEST_STEP][PASSED] - "--------------------------------------": null

2020-02-11 15:20:41 - [TEST_STEP][PASSED] - " Home Page - Search                   |": null

2020-02-11 15:20:41 - [TEST_STEP][PASSED] - callTestCase(findTestCase("Reusable_Test_Sequences/Web_Office/Home_Page_Search"), [:], OPTIONAL): Call Test Case 'Test Cases/Reusable_Test_Sequences/Web_Office/Home_Page_Search' successfully

2020-02-11 15:20:41 - [TEST_CASE][PASSED] - Test Cases/Reusable_Test_Sequences/Web_Office/Home_Page_Search: Test Cases/Reusable_Test_Sequences/Web_Office/Home_Page_Search

2020-02-11 15:20:41 - [TEST_STEP][PASSED] - setText(findTestObject("Object Repository/WebOffice_Home_page/input_Search_Criteria"), findTestData("searchTestData").getValue("Search_Selector", row)): Text 'Planvale Services' is set on object 'Object Repository/WebOffice_Home_page/input_Search_Criteria'

2020-02-11 15:20:42 - [MESSAGE][PASSED] - Text 'Planvale Services' is set on object 'Object Repository/WebOffice_Home_page/input_Search_Criteria'

2020-02-11 15:20:42 - [TEST_STEP][PASSED] - delay(1): Delayed 1 second(s)

2020-02-11 15:20:43 - [MESSAGE][PASSED] - Delayed 1 second(s)

2020-02-11 15:20:43 - [TEST_STEP][PASSED] - click(findTestObject("Object Repository/WebOffice_Home_page/popout_Search_Item")): Object: 'Object Repository/WebOffice_Home_page/popout_Search_Item' is clicked on

2020-02-11 15:20:45 - [MESSAGE][PASSED] - Object: 'Object Repository/WebOffice_Home_page/popout_Search_Item' is clicked on

2020-02-11 15:20:45 - [TEST_STEP][PASSED] - waitForPageLoad(60): Wait for page load successfully

2020-02-11 15:20:45 - [MESSAGE][PASSED] - Wait for page load successfully

2020-02-11 15:20:45 - [MESSAGE][PASSED] - Call Test Case 'Test Cases/Reusable_Test_Sequences/Web_Office/Home_Page_Search' successfully

2020-02-11 15:20:45 - [TEST_STEP][PASSED] - "--------------------------------------": null

2020-02-11 15:20:45 - [TEST_STEP][PASSED] - " Web Office - Verify Returned Record  |": null

2020-02-11 15:20:45 - [TEST_STEP][PASSED] - callTestCase(findTestCase("Reusable_Test_Sequences/Web_Office/Verification/Trader_Record"), [:], OPTIONAL): Call Test Case 'Test Cases/Reusable_Test_Sequences/Web_Office/Verification/Trader_Record' successfully

2020-02-11 15:20:45 - [TEST_CASE][PASSED] - Test Cases/Reusable_Test_Sequences/Web_Office/Verification/Trader_Record: Test Cases/Reusable_Test_Sequences/Web_Office/Verification/Trader_Record

2020-02-11 15:20:45 - [TEST_STEP][PASSED] - verifyTextPresent(findTestData("searchTestData").getValue("tradeName", row), false, CONTINUE_ON_FAILURE): Text 'Planvale Services' is present on page 

2020-02-11 15:20:45 - [MESSAGE][PASSED] - Text 'Planvale Services' is present on page 

2020-02-11 15:20:45 - [TEST_STEP][PASSED] - verifyTextPresent(findTestData("searchTestData").getValue("primeContact", row), false, CONTINUE_ON_FAILURE): Text 'Andrew Whitaker' is present on page 

2020-02-11 15:20:45 - [MESSAGE][PASSED] - Text 'Andrew Whitaker' is present on page 

2020-02-11 15:20:45 - [TEST_STEP][PASSED] - verifyTextPresent(findTestData("searchTestData").getValue("address", row), false, CONTINUE_ON_FAILURE): Text '66 Tony Humphries Road, Banbury, Oxfordshire, OX16 0FF' is present on page 

2020-02-11 15:20:45 - [MESSAGE][PASSED] - Text '66 Tony Humphries Road, Banbury, Oxfordshire, OX16 0FF' is present on page 

2020-02-11 15:20:45 - [TEST_STEP][PASSED] - verifyTextPresent(findTestData("searchTestData").getValue("mobile", row), false, CONTINUE_ON_FAILURE): Text '07960 633438' is present on page 

2020-02-11 15:20:46 - [MESSAGE][PASSED] - Text '07960 633438' is present on page 

2020-02-11 15:20:46 - [TEST_STEP][PASSED] - verifyTextPresent(findTestData("searchTestData").getValue("contact", row), false, CONTINUE_ON_FAILURE): Text '020 3686 0529' is present on page 

2020-02-11 15:20:46 - [MESSAGE][PASSED] - Text '020 3686 0529' is present on page 

2020-02-11 15:20:46 - [TEST_STEP][PASSED] - verifyTextPresent(findTestData("searchTestData").getValue("email", row), false, CONTINUE_ON_FAILURE): Text 'andrewwhitaker2009@hotmail.co.uk' is present on page 

2020-02-11 15:20:46 - [MESSAGE][PASSED] - Text 'andrewwhitaker2009@hotmail.co.uk' is present on page 

2020-02-11 15:20:46 - [TEST_STEP][PASSED] - verifyTextPresent(findTestData("searchTestData").getValue("dob", row), false, CONTINUE_ON_FAILURE): Text 'DoB: 25/02/1974' is present on page 

2020-02-11 15:20:46 - [MESSAGE][PASSED] - Text 'DoB: 25/02/1974' is present on page 

2020-02-11 15:20:46 - [TEST_STEP][PASSED] - verifyTextPresent(findTestData("searchTestData").getValue("catID", row), false, CONTINUE_ON_FAILURE): Text '308682' is present on page 

2020-02-11 15:20:47 - [MESSAGE][PASSED] - Text '308682' is present on page 

2020-02-11 15:20:47 - [MESSAGE][PASSED] - Call Test Case 'Test Cases/Reusable_Test_Sequences/Web_Office/Verification/Trader_Record' successfully

2020-02-11 15:20:47 - [TEST_STEP][PASSED] - "--------------------------": null

2020-02-11 15:20:47 - [TEST_STEP][PASSED] - " Teardown - CLose Browser |": null

2020-02-11 15:20:47 - [TEST_STEP][PASSED] - callTestCase(findTestCase("Reusable_Test_Sequences/CAT_Teardown"), [:], OPTIONAL): Call Test Case 'Test Cases/Reusable_Test_Sequences/CAT_Teardown' successfully

2020-02-11 15:20:47 - [TEST_CASE][PASSED] - Test Cases/Reusable_Test_Sequences/CAT_Teardown: Test Cases/Reusable_Test_Sequences/CAT_Teardown

2020-02-11 15:20:47 - [TEST_STEP][PASSED] - closeBrowser(): Browser is closed

2020-02-11 15:20:48 - [MESSAGE][PASSED] - Browser is closed

2020-02-11 15:20:48 - [MESSAGE][PASSED] - Call Test Case 'Test Cases/Reusable_Test_Sequences/CAT_Teardown' successfully

2020-02-11 15:20:48 - [TEST_STEP][PASSED] - "--------------------------------------": null

2020-02-11 15:20:48 - [TEST_STEP][PASSED] - " Web Office StartUp                  |": null

2020-02-11 15:20:48 - [TEST_STEP][PASSED] - callTestCase(findTestCase("Reusable_Test_Sequences/Web_Office/Directives/WebOffice_StartUp"), [:], OPTIONAL): Call Test Case 'Test Cases/Reusable_Test_Sequences/Web_Office/Directives/WebOffice_StartUp' successfully

2020-02-11 15:20:48 - [TEST_CASE][PASSED] - Test Cases/Reusable_Test_Sequences/Web_Office/Directives/WebOffice_StartUp: Test Cases/Reusable_Test_Sequences/Web_Office/Directives/WebOffice_StartUp

2020-02-11 15:20:48 - [TEST_STEP][PASSED] - if (URL == "https://www.preview.checkatrade.com/"): null

2020-02-11 15:20:48 - [TEST_STEP][PASSED] - WebOfficeURL = "https://admin.preview.checkatrade.com/": null

2020-02-11 15:20:48 - [TEST_STEP][PASSED] - if (URL == "https://www.checkatrade.com/"): null

2020-02-11 15:20:48 - [TEST_STEP][PASSED] - "Set Function Area for "URL_Handler", URL Resolution": null

2020-02-11 15:20:48 - [TEST_STEP][PASSED] - "Do Some Magic with URL(s) See the comments within URL Handler ": null

2020-02-11 15:20:48 - [TEST_STEP][PASSED] - "------------------------------------------------": null

2020-02-11 15:20:48 - [TEST_STEP][PASSED] - "Moved Login Credentials to <Default> profile 22/01/2020": null

2020-02-11 15:20:48 - [TEST_STEP][PASSED] - "------------------------------------------------": null

2020-02-11 15:20:48 - [TEST_STEP][PASSED] - "WebOfficeURL - Set from the ENVIRONMENT PROFILE ": null

2020-02-11 15:20:48 - [TEST_STEP][PASSED] - "OPEN BROWSER": null

2020-02-11 15:20:48 - [TEST_STEP][PASSED] - "eg - https://admin.preview.checkatrade.com/  ": null

2020-02-11 15:20:48 - [TEST_STEP][PASSED] - openBrowser(WebOfficeURL): Browser is opened with url: 'https://admin.preview.checkatrade.com/'

2020-02-11 15:20:48 - [MESSAGE][INFO] - Starting 'Chrome' driver

2020-02-11 15:20:54 - [MESSAGE][PASSED] - Browser is opened with url: 'https://admin.preview.checkatrade.com/'

2020-02-11 15:20:54 - [TEST_STEP][PASSED] - maximizeWindow(): Current window maximized

2020-02-11 15:20:58 - [MESSAGE][PASSED] - Current window maximized

2020-02-11 15:20:58 - [TEST_STEP][PASSED] - waitForElementClickable(findTestObject("Object Repository/WebOffice/Page_Checkatrade - Administration - Login/Login_Button"), 25): Object 'Object Repository/WebOffice/Page_Checkatrade - Administration - Login/Login_Button' is clickable

2020-02-11 15:20:59 - [MESSAGE][PASSED] - Object 'Object Repository/WebOffice/Page_Checkatrade - Administration - Login/Login_Button' is clickable

2020-02-11 15:20:59 - [TEST_STEP][PASSED] - verifyTextPresent("Checkatrade Web Office", false): Text 'Checkatrade Web Office' is present on page 

2020-02-11 15:20:59 - [MESSAGE][PASSED] - Text 'Checkatrade Web Office' is present on page 

2020-02-11 15:20:59 - [TEST_STEP][PASSED] - verifyTextPresent("Access for staff use only", false): Text 'Access for staff use only' is present on page 

2020-02-11 15:20:59 - [MESSAGE][PASSED] - Text 'Access for staff use only' is present on page 

2020-02-11 15:20:59 - [TEST_STEP][PASSED] - verifyTextPresent("Forgotten password?", false): Text 'Forgotten password?' is present on page 

2020-02-11 15:20:59 - [MESSAGE][PASSED] - Text 'Forgotten password?' is present on page 

2020-02-11 15:20:59 - [TEST_STEP][PASSED] - setText(findTestObject("Object Repository/WebOffice/Page_Checkatrade - Administration - Login/input_Username_LoginControlUserName"), wo_Username): Text 'DavidHo' is set on object 'Object Repository/WebOffice/Page_Checkatrade - Administration - Login/input_Username_LoginControlUserName'

2020-02-11 15:20:59 - [MESSAGE][PASSED] - Text 'DavidHo' is set on object 'Object Repository/WebOffice/Page_Checkatrade - Administration - Login/input_Username_LoginControlUserName'

2020-02-11 15:20:59 - [TEST_STEP][PASSED] - setText(findTestObject("Object Repository/WebOffice/Page_Checkatrade - Administration - Login/input_Password_LoginControlPassword"), wo_Password): Text 'Check123' is set on object 'Object Repository/WebOffice/Page_Checkatrade - Administration - Login/input_Password_LoginControlPassword'

2020-02-11 15:20:59 - [MESSAGE][PASSED] - Text 'Check123' is set on object 'Object Repository/WebOffice/Page_Checkatrade - Administration - Login/input_Password_LoginControlPassword'

2020-02-11 15:20:59 - [TEST_STEP][PASSED] - click(findTestObject("Object Repository/WebOffice/Page_Checkatrade - Administration - Login/Login_Button")): Object: 'Object Repository/WebOffice/Page_Checkatrade - Administration - Login/Login_Button' is clicked on

2020-02-11 15:21:01 - [MESSAGE][PASSED] - Object: 'Object Repository/WebOffice/Page_Checkatrade - Administration - Login/Login_Button' is clicked on

2020-02-11 15:21:01 - [TEST_STEP][PASSED] - waitForPageLoad(60): Wait for page load successfully

2020-02-11 15:21:01 - [MESSAGE][PASSED] - Wait for page load successfully

2020-02-11 15:21:01 - [TEST_STEP][PASSED] - verifyTextPresent("Welcome " + wo_Username, false): Text 'Welcome DavidHo' is present on page 

2020-02-11 15:21:01 - [MESSAGE][PASSED] - Text 'Welcome DavidHo' is present on page 

2020-02-11 15:21:01 - [MESSAGE][PASSED] - Call Test Case 'Test Cases/Reusable_Test_Sequences/Web_Office/Directives/WebOffice_StartUp' successfully

2020-02-11 15:21:01 - [TEST_STEP][PASSED] - "--------------------------------------": null

2020-02-11 15:21:01 - [TEST_STEP][PASSED] - " Home Page - Search                   |": null

2020-02-11 15:21:01 - [TEST_STEP][PASSED] - callTestCase(findTestCase("Reusable_Test_Sequences/Web_Office/Home_Page_Search"), [:], OPTIONAL): Call Test Case 'Test Cases/Reusable_Test_Sequences/Web_Office/Home_Page_Search' successfully

2020-02-11 15:21:01 - [TEST_CASE][PASSED] - Test Cases/Reusable_Test_Sequences/Web_Office/Home_Page_Search: Test Cases/Reusable_Test_Sequences/Web_Office/Home_Page_Search

2020-02-11 15:21:01 - [TEST_STEP][PASSED] - setText(findTestObject("Object Repository/WebOffice_Home_page/input_Search_Criteria"), findTestData("searchTestData").getValue("Search_Selector", row)): Text '381198' is set on object 'Object Repository/WebOffice_Home_page/input_Search_Criteria'

2020-02-11 15:21:01 - [MESSAGE][PASSED] - Text '381198' is set on object 'Object Repository/WebOffice_Home_page/input_Search_Criteria'

2020-02-11 15:21:01 - [TEST_STEP][PASSED] - delay(1): Delayed 1 second(s)

2020-02-11 15:21:02 - [MESSAGE][PASSED] - Delayed 1 second(s)

2020-02-11 15:21:02 - [TEST_STEP][PASSED] - click(findTestObject("Object Repository/WebOffice_Home_page/popout_Search_Item")): Object: 'Object Repository/WebOffice_Home_page/popout_Search_Item' is clicked on

2020-02-11 15:21:04 - [MESSAGE][PASSED] - Object: 'Object Repository/WebOffice_Home_page/popout_Search_Item' is clicked on

2020-02-11 15:21:04 - [TEST_STEP][PASSED] - waitForPageLoad(60): Wait for page load successfully

2020-02-11 15:21:04 - [MESSAGE][PASSED] - Wait for page load successfully

2020-02-11 15:21:04 - [MESSAGE][PASSED] - Call Test Case 'Test Cases/Reusable_Test_Sequences/Web_Office/Home_Page_Search' successfully

2020-02-11 15:21:04 - [TEST_STEP][PASSED] - "--------------------------------------": null

2020-02-11 15:21:04 - [TEST_STEP][PASSED] - " Web Office - Verify Returned Record  |": null

2020-02-11 15:21:04 - [TEST_STEP][PASSED] - callTestCase(findTestCase("Reusable_Test_Sequences/Web_Office/Verification/Trader_Record"), [:], OPTIONAL): Call Test Case 'Test Cases/Reusable_Test_Sequences/Web_Office/Verification/Trader_Record' successfully

2020-02-11 15:21:05 - [TEST_CASE][PASSED] - Test Cases/Reusable_Test_Sequences/Web_Office/Verification/Trader_Record: Test Cases/Reusable_Test_Sequences/Web_Office/Verification/Trader_Record

2020-02-11 15:21:05 - [TEST_STEP][PASSED] - verifyTextPresent(findTestData("searchTestData").getValue("tradeName", row), false, CONTINUE_ON_FAILURE): Text 'Glazing Solutions' is present on page 

2020-02-11 15:21:05 - [MESSAGE][PASSED] - Text 'Glazing Solutions' is present on page 

2020-02-11 15:21:05 - [TEST_STEP][PASSED] - verifyTextPresent(findTestData("searchTestData").getValue("primeContact", row), false, CONTINUE_ON_FAILURE): Text 'Mr Scott Heyburn' is present on page 

2020-02-11 15:21:05 - [MESSAGE][PASSED] - Text 'Mr Scott Heyburn' is present on page 

2020-02-11 15:21:05 - [TEST_STEP][PASSED] - verifyTextPresent(findTestData("searchTestData").getValue("address", row), false, CONTINUE_ON_FAILURE): Text '19 St. Peters Close, Bognor Regis, PO21 5QA' is present on page 

2020-02-11 15:21:05 - [MESSAGE][PASSED] - Text '19 St. Peters Close, Bognor Regis, PO21 5QA' is present on page 

2020-02-11 15:21:05 - [TEST_STEP][PASSED] - verifyTextPresent(findTestData("searchTestData").getValue("mobile", row), false, CONTINUE_ON_FAILURE): Text '07739 534957' is present on page 

2020-02-11 15:21:06 - [MESSAGE][PASSED] - Text '07739 534957' is present on page 

2020-02-11 15:21:06 - [TEST_STEP][PASSED] - verifyTextPresent(findTestData("searchTestData").getValue("contact", row), false, CONTINUE_ON_FAILURE): Text '' is present on page 

2020-02-11 15:21:06 - [MESSAGE][PASSED] - Text '' is present on page 

2020-02-11 15:21:06 - [TEST_STEP][PASSED] - verifyTextPresent(findTestData("searchTestData").getValue("email", row), false, CONTINUE_ON_FAILURE): Text 'trpselsey@gmail.com' is present on page 

2020-02-11 15:21:06 - [MESSAGE][PASSED] - Text 'trpselsey@gmail.com' is present on page 

2020-02-11 15:21:06 - [TEST_STEP][PASSED] - verifyTextPresent(findTestData("searchTestData").getValue("dob", row), false, CONTINUE_ON_FAILURE): Text 'DoB: 06/04/1970' is present on page 

2020-02-11 15:21:06 - [MESSAGE][PASSED] - Text 'DoB: 06/04/1970' is present on page 

2020-02-11 15:21:06 - [TEST_STEP][PASSED] - verifyTextPresent(findTestData("searchTestData").getValue("catID", row), false, CONTINUE_ON_FAILURE): Text '381198' is present on page 

2020-02-11 15:21:06 - [MESSAGE][PASSED] - Text '381198' is present on page 

2020-02-11 15:21:06 - [MESSAGE][PASSED] - Call Test Case 'Test Cases/Reusable_Test_Sequences/Web_Office/Verification/Trader_Record' successfully

2020-02-11 15:21:06 - [TEST_STEP][PASSED] - "--------------------------": null

2020-02-11 15:21:06 - [TEST_STEP][PASSED] - " Teardown - CLose Browser |": null

2020-02-11 15:21:06 - [TEST_STEP][PASSED] - callTestCase(findTestCase("Reusable_Test_Sequences/CAT_Teardown"), [:], OPTIONAL): Call Test Case 'Test Cases/Reusable_Test_Sequences/CAT_Teardown' successfully

2020-02-11 15:21:07 - [TEST_CASE][PASSED] - Test Cases/Reusable_Test_Sequences/CAT_Teardown: Test Cases/Reusable_Test_Sequences/CAT_Teardown

2020-02-11 15:21:07 - [TEST_STEP][PASSED] - closeBrowser(): Browser is closed

2020-02-11 15:21:08 - [MESSAGE][PASSED] - Browser is closed

2020-02-11 15:21:08 - [MESSAGE][PASSED] - Call Test Case 'Test Cases/Reusable_Test_Sequences/CAT_Teardown' successfully

2020-02-11 15:21:08 - [TEST_STEP][PASSED] - "--------------------------------------": null

2020-02-11 15:21:08 - [TEST_STEP][PASSED] - " Web Office StartUp                  |": null

2020-02-11 15:21:08 - [TEST_STEP][PASSED] - callTestCase(findTestCase("Reusable_Test_Sequences/Web_Office/Directives/WebOffice_StartUp"), [:], OPTIONAL): Call Test Case 'Test Cases/Reusable_Test_Sequences/Web_Office/Directives/WebOffice_StartUp' successfully

2020-02-11 15:21:08 - [TEST_CASE][PASSED] - Test Cases/Reusable_Test_Sequences/Web_Office/Directives/WebOffice_StartUp: Test Cases/Reusable_Test_Sequences/Web_Office/Directives/WebOffice_StartUp

2020-02-11 15:21:08 - [TEST_STEP][PASSED] - if (URL == "https://www.preview.checkatrade.com/"): null

2020-02-11 15:21:08 - [TEST_STEP][PASSED] - WebOfficeURL = "https://admin.preview.checkatrade.com/": null

2020-02-11 15:21:08 - [TEST_STEP][PASSED] - if (URL == "https://www.checkatrade.com/"): null

2020-02-11 15:21:08 - [TEST_STEP][PASSED] - "Set Function Area for "URL_Handler", URL Resolution": null

2020-02-11 15:21:08 - [TEST_STEP][PASSED] - "Do Some Magic with URL(s) See the comments within URL Handler ": null

2020-02-11 15:21:08 - [TEST_STEP][PASSED] - "------------------------------------------------": null

2020-02-11 15:21:08 - [TEST_STEP][PASSED] - "Moved Login Credentials to <Default> profile 22/01/2020": null

2020-02-11 15:21:08 - [TEST_STEP][PASSED] - "------------------------------------------------": null

2020-02-11 15:21:08 - [TEST_STEP][PASSED] - "WebOfficeURL - Set from the ENVIRONMENT PROFILE ": null

2020-02-11 15:21:08 - [TEST_STEP][PASSED] - "OPEN BROWSER": null

2020-02-11 15:21:08 - [TEST_STEP][PASSED] - "eg - https://admin.preview.checkatrade.com/  ": null

2020-02-11 15:21:08 - [TEST_STEP][PASSED] - openBrowser(WebOfficeURL): Browser is opened with url: 'https://admin.preview.checkatrade.com/'

2020-02-11 15:21:08 - [MESSAGE][INFO] - Starting 'Chrome' driver

2020-02-11 15:21:14 - [MESSAGE][PASSED] - Browser is opened with url: 'https://admin.preview.checkatrade.com/'

2020-02-11 15:21:14 - [TEST_STEP][PASSED] - maximizeWindow(): Current window maximized

2020-02-11 15:21:18 - [MESSAGE][PASSED] - Current window maximized

2020-02-11 15:21:18 - [TEST_STEP][PASSED] - waitForElementClickable(findTestObject("Object Repository/WebOffice/Page_Checkatrade - Administration - Login/Login_Button"), 25): Object 'Object Repository/WebOffice/Page_Checkatrade - Administration - Login/Login_Button' is clickable

2020-02-11 15:21:18 - [MESSAGE][PASSED] - Object 'Object Repository/WebOffice/Page_Checkatrade - Administration - Login/Login_Button' is clickable

2020-02-11 15:21:18 - [TEST_STEP][PASSED] - verifyTextPresent("Checkatrade Web Office", false): Text 'Checkatrade Web Office' is present on page 

2020-02-11 15:21:18 - [MESSAGE][PASSED] - Text 'Checkatrade Web Office' is present on page 

2020-02-11 15:21:18 - [TEST_STEP][PASSED] - verifyTextPresent("Access for staff use only", false): Text 'Access for staff use only' is present on page 

2020-02-11 15:21:18 - [MESSAGE][PASSED] - Text 'Access for staff use only' is present on page 

2020-02-11 15:21:18 - [TEST_STEP][PASSED] - verifyTextPresent("Forgotten password?", false): Text 'Forgotten password?' is present on page 

2020-02-11 15:21:18 - [MESSAGE][PASSED] - Text 'Forgotten password?' is present on page 

2020-02-11 15:21:18 - [TEST_STEP][PASSED] - setText(findTestObject("Object Repository/WebOffice/Page_Checkatrade - Administration - Login/input_Username_LoginControlUserName"), wo_Username): Text 'DavidHo' is set on object 'Object Repository/WebOffice/Page_Checkatrade - Administration - Login/input_Username_LoginControlUserName'

2020-02-11 15:21:18 - [MESSAGE][PASSED] - Text 'DavidHo' is set on object 'Object Repository/WebOffice/Page_Checkatrade - Administration - Login/input_Username_LoginControlUserName'

2020-02-11 15:21:18 - [TEST_STEP][PASSED] - setText(findTestObject("Object Repository/WebOffice/Page_Checkatrade - Administration - Login/input_Password_LoginControlPassword"), wo_Password): Text 'Check123' is set on object 'Object Repository/WebOffice/Page_Checkatrade - Administration - Login/input_Password_LoginControlPassword'

2020-02-11 15:21:18 - [MESSAGE][PASSED] - Text 'Check123' is set on object 'Object Repository/WebOffice/Page_Checkatrade - Administration - Login/input_Password_LoginControlPassword'

2020-02-11 15:21:18 - [TEST_STEP][PASSED] - click(findTestObject("Object Repository/WebOffice/Page_Checkatrade - Administration - Login/Login_Button")): Object: 'Object Repository/WebOffice/Page_Checkatrade - Administration - Login/Login_Button' is clicked on

2020-02-11 15:21:19 - [MESSAGE][PASSED] - Object: 'Object Repository/WebOffice/Page_Checkatrade - Administration - Login/Login_Button' is clicked on

2020-02-11 15:21:19 - [TEST_STEP][PASSED] - waitForPageLoad(60): Wait for page load successfully

2020-02-11 15:21:19 - [MESSAGE][PASSED] - Wait for page load successfully

2020-02-11 15:21:19 - [TEST_STEP][PASSED] - verifyTextPresent("Welcome " + wo_Username, false): Text 'Welcome DavidHo' is present on page 

2020-02-11 15:21:19 - [MESSAGE][PASSED] - Text 'Welcome DavidHo' is present on page 

2020-02-11 15:21:19 - [MESSAGE][PASSED] - Call Test Case 'Test Cases/Reusable_Test_Sequences/Web_Office/Directives/WebOffice_StartUp' successfully

2020-02-11 15:21:19 - [TEST_STEP][PASSED] - "--------------------------------------": null

2020-02-11 15:21:19 - [TEST_STEP][PASSED] - " Home Page - Search                   |": null

2020-02-11 15:21:19 - [TEST_STEP][PASSED] - callTestCase(findTestCase("Reusable_Test_Sequences/Web_Office/Home_Page_Search"), [:], OPTIONAL): Call Test Case 'Test Cases/Reusable_Test_Sequences/Web_Office/Home_Page_Search' successfully

2020-02-11 15:21:19 - [TEST_CASE][PASSED] - Test Cases/Reusable_Test_Sequences/Web_Office/Home_Page_Search: Test Cases/Reusable_Test_Sequences/Web_Office/Home_Page_Search

2020-02-11 15:21:19 - [TEST_STEP][PASSED] - setText(findTestObject("Object Repository/WebOffice_Home_page/input_Search_Criteria"), findTestData("searchTestData").getValue("Search_Selector", row)): Text '07778 777641' is set on object 'Object Repository/WebOffice_Home_page/input_Search_Criteria'

2020-02-11 15:21:20 - [MESSAGE][PASSED] - Text '07778 777641' is set on object 'Object Repository/WebOffice_Home_page/input_Search_Criteria'

2020-02-11 15:21:20 - [TEST_STEP][PASSED] - delay(1): Delayed 1 second(s)

2020-02-11 15:21:21 - [MESSAGE][PASSED] - Delayed 1 second(s)

2020-02-11 15:21:21 - [TEST_STEP][PASSED] - click(findTestObject("Object Repository/WebOffice_Home_page/popout_Search_Item")): Object: 'Object Repository/WebOffice_Home_page/popout_Search_Item' is clicked on

2020-02-11 15:21:23 - [MESSAGE][PASSED] - Object: 'Object Repository/WebOffice_Home_page/popout_Search_Item' is clicked on

2020-02-11 15:21:23 - [TEST_STEP][PASSED] - waitForPageLoad(60): Wait for page load successfully

2020-02-11 15:21:23 - [MESSAGE][PASSED] - Wait for page load successfully

2020-02-11 15:21:23 - [MESSAGE][PASSED] - Call Test Case 'Test Cases/Reusable_Test_Sequences/Web_Office/Home_Page_Search' successfully

2020-02-11 15:21:23 - [TEST_STEP][PASSED] - "--------------------------------------": null

2020-02-11 15:21:23 - [TEST_STEP][PASSED] - " Web Office - Verify Returned Record  |": null

2020-02-11 15:21:23 - [TEST_STEP][PASSED] - callTestCase(findTestCase("Reusable_Test_Sequences/Web_Office/Verification/Trader_Record"), [:], OPTIONAL): Call Test Case 'Test Cases/Reusable_Test_Sequences/Web_Office/Verification/Trader_Record' successfully

2020-02-11 15:21:23 - [TEST_CASE][PASSED] - Test Cases/Reusable_Test_Sequences/Web_Office/Verification/Trader_Record: Test Cases/Reusable_Test_Sequences/Web_Office/Verification/Trader_Record

2020-02-11 15:21:23 - [TEST_STEP][PASSED] - verifyTextPresent(findTestData("searchTestData").getValue("tradeName", row), false, CONTINUE_ON_FAILURE): Text 'Autopics Garage Services' is present on page 

2020-02-11 15:21:23 - [MESSAGE][PASSED] - Text 'Autopics Garage Services' is present on page 

2020-02-11 15:21:23 - [TEST_STEP][PASSED] - verifyTextPresent(findTestData("searchTestData").getValue("primeContact", row), false, CONTINUE_ON_FAILURE): Text 'David Clarke & Lisamarie Holt' is present on page 

2020-02-11 15:21:24 - [MESSAGE][PASSED] - Text 'David Clarke & Lisamarie Holt' is present on page 

2020-02-11 15:21:24 - [TEST_STEP][PASSED] - verifyTextPresent(findTestData("searchTestData").getValue("address", row), false, CONTINUE_ON_FAILURE): Text 'Unit 15, Brookside Business Park, Brookside Avenue, Rustington, West Sussex, BN16 3LP' is present on page 

2020-02-11 15:21:24 - [MESSAGE][PASSED] - Text 'Unit 15, Brookside Business Park, Brookside Avenue, Rustington, West Sussex, BN16 3LP' is present on page 

2020-02-11 15:21:24 - [TEST_STEP][PASSED] - verifyTextPresent(findTestData("searchTestData").getValue("mobile", row), false, CONTINUE_ON_FAILURE): Text '07778 777641' is present on page 

2020-02-11 15:21:24 - [MESSAGE][PASSED] - Text '07778 777641' is present on page 

2020-02-11 15:21:24 - [TEST_STEP][PASSED] - verifyTextPresent(findTestData("searchTestData").getValue("contact", row), false, CONTINUE_ON_FAILURE): Text '01903 856016' is present on page 

2020-02-11 15:21:24 - [MESSAGE][PASSED] - Text '01903 856016' is present on page 

2020-02-11 15:21:24 - [TEST_STEP][PASSED] - verifyTextPresent(findTestData("searchTestData").getValue("email", row), false, CONTINUE_ON_FAILURE): Text 'sales@autopics.co.uk' is present on page 

2020-02-11 15:21:24 - [MESSAGE][PASSED] - Text 'sales@autopics.co.uk' is present on page 

2020-02-11 15:21:24 - [TEST_STEP][PASSED] - verifyTextPresent(findTestData("searchTestData").getValue("dob", row), false, CONTINUE_ON_FAILURE): Text 'DoB: 02/01/1965' is present on page 

2020-02-11 15:21:25 - [MESSAGE][PASSED] - Text 'DoB: 02/01/1965' is present on page 

2020-02-11 15:21:25 - [TEST_STEP][PASSED] - verifyTextPresent(findTestData("searchTestData").getValue("catID", row), false, CONTINUE_ON_FAILURE): Text '230761' is present on page 

2020-02-11 15:21:25 - [MESSAGE][PASSED] - Text '230761' is present on page 

2020-02-11 15:21:25 - [MESSAGE][PASSED] - Call Test Case 'Test Cases/Reusable_Test_Sequences/Web_Office/Verification/Trader_Record' successfully

2020-02-11 15:21:25 - [TEST_STEP][PASSED] - "--------------------------": null

2020-02-11 15:21:25 - [TEST_STEP][PASSED] - " Teardown - CLose Browser |": null

2020-02-11 15:21:25 - [TEST_STEP][PASSED] - callTestCase(findTestCase("Reusable_Test_Sequences/CAT_Teardown"), [:], OPTIONAL): Call Test Case 'Test Cases/Reusable_Test_Sequences/CAT_Teardown' successfully

2020-02-11 15:21:25 - [TEST_CASE][PASSED] - Test Cases/Reusable_Test_Sequences/CAT_Teardown: Test Cases/Reusable_Test_Sequences/CAT_Teardown

2020-02-11 15:21:25 - [TEST_STEP][PASSED] - closeBrowser(): Browser is closed

2020-02-11 15:21:26 - [MESSAGE][PASSED] - Browser is closed

2020-02-11 15:21:26 - [MESSAGE][PASSED] - Call Test Case 'Test Cases/Reusable_Test_Sequences/CAT_Teardown' successfully]]></system-out>
         <system-err><![CDATA[]]></system-err>
      </testcase>
      <system-out><![CDATA[2020-02-11 15:13:12 - [TEST_SUITE][PASSED] - Web_Office_Searches: Test Cases/Web_Office/WebOffice_Header_Search]]></system-out>
      <system-err><![CDATA[]]></system-err>
   </testsuite>
</testsuites>
