<?xml version="1.0" encoding="UTF-8"?>
<testsuites name="Trade_Name_Multiple_Search" time="131.045" tests="1" failures="0" errors="0">
   <testsuite name="Trade_Name_Multiple_Search" tests="1" failures="0" errors="0" time="131.045" timestamp="2019-11-11 08:17:14" hostname="DavidHo - VETTEDSP36RF.check.local" id="Test Suites/Trade_Name_Multiple_Search">
      <properties>
         <property name="deviceName" value=""/>
         <property name="devicePlatform" value=""/>
         <property name="logFolder" value="C:\\Users\\davidho\\Katalon Studio\\Start\\Reports\\20191111_081307\\Trade_Name_Multiple_Search\\20191111_081316"/>
         <property name="logFiles" value="C:\\Users\\davidho\\Katalon Studio\\Start\\Reports\\20191111_081307\\Trade_Name_Multiple_Search\\20191111_081316\\execution0.log"/>
         <property name="attachments" value=""/>
         <property name="hostName" value="DavidHo - VETTEDSP36RF.check.local"/>
         <property name="os" value="Windows 10 32bit"/>
         <property name="katalonVersion" value="7.0.5.1"/>
         <property name="browser" value="Firefox 70.0"/>
         <property name="hostAddress" value="10.0.11.243"/>
         <property name="sessionId" value="eaccd62c-81a0-4c84-b4b1-f813ab35044d"/>
         <property name="seleniumVersion" value="3.141.59"/>
         <property name="proxyInformation" value="ProxyInformation{proxyOption=NO_PROXY, proxyServerType=HTTP, password=, proxyServerAddress=, proxyServerPort=0}"/>
         <property name="platform" value="Windows 10"/>
      </properties>
      <testcase name="Test Cases/Checkatrade_Tradesman_Searches/Trade_Name_Search_Multiple" time="130.598" classname="Test Cases/Checkatrade_Tradesman_Searches/Trade_Name_Search_Multiple" status="PASSED">
         <system-out><![CDATA[2019-11-11 08:17:14 - [TEST_CASE][PASSED] - Test Cases/Checkatrade_Tradesman_Searches/Trade_Name_Search_Multiple: Test Cases/Checkatrade_Tradesman_Searches/Trade_Name_Search_Multiple

2019-11-11 08:17:15 - [TEST_STEP][PASSED] - for ([row = 1, row <= findTestData("Search_CAT_ID_Data (1)").getRowNumbers(), (internal.GlobalVariable.row++)]): Call Test Case 'Test Cases/Reusable_Test_Sequences/CAT_Teardown' successfully

2019-11-11 08:17:16 - [TEST_STEP][PASSED] - callTestCase(findTestCase("Reusable_Test_Sequences/CAT_Setup"), [:], STOP_ON_FAILURE): Call Test Case 'Test Cases/Reusable_Test_Sequences/CAT_Setup' successfully

2019-11-11 08:17:17 - [TEST_CASE][PASSED] - Test Cases/Reusable_Test_Sequences/CAT_Setup: Test Cases/Reusable_Test_Sequences/CAT_Setup

2019-11-11 08:17:17 - [TEST_STEP][PASSED] - "URL - Set from the ENVIRONMENT PROFILE ": null

2019-11-11 08:17:17 - [TEST_STEP][PASSED] - openBrowser(URL): Browser is opened with url: 'https://www.preview.checkatrade.com/'

2019-11-11 08:17:17 - [MESSAGE][INFO] - Starting 'Firefox' driver

2019-11-11 08:17:17 - [MESSAGE][INFO] - Action delay is set to 0 seconds

2019-11-11 08:17:28 - [MESSAGE][PASSED] - Browser is opened with url: 'https://www.preview.checkatrade.com/'

2019-11-11 08:17:28 - [TEST_STEP][PASSED] - maximizeWindow(): Current window maximized

2019-11-11 08:17:28 - [MESSAGE][PASSED] - Current window maximized

2019-11-11 08:17:28 - [TEST_STEP][PASSED] - waitForPageLoad(60): Wait for page load successfully

2019-11-11 08:17:28 - [MESSAGE][PASSED] - Wait for page load successfully

2019-11-11 08:17:28 - [TEST_STEP][PASSED] - waitForElementVisible(findTestObject("Page_Checkatrade Find a tradesperson you can trust/a_Search"), 25): Object 'Object Repository/Page_Checkatrade Find a tradesperson you can trust/a_Search' is visible

2019-11-11 08:17:28 - [MESSAGE][PASSED] - Object 'Object Repository/Page_Checkatrade Find a tradesperson you can trust/a_Search' is visible

2019-11-11 08:17:28 - [TEST_STEP][PASSED] - try: null

2019-11-11 08:17:28 - [TEST_STEP][PASSED] - if (verifyElementPresent(findTestObject("Page_Checkatrade Find a tradesperson you can trust/div_close"), 1, OPTIONAL)): null

2019-11-11 08:17:29 - [MESSAGE][PASSED] - Object 'Object Repository/Page_Checkatrade Find a tradesperson you can trust/div_close' is present

2019-11-11 08:17:29 - [TEST_STEP][PASSED] - click(findTestObject("Page_Checkatrade Find a tradesperson you can trust/div_close")): Object: 'Object Repository/Page_Checkatrade Find a tradesperson you can trust/div_close' is clicked on

2019-11-11 08:17:29 - [MESSAGE][PASSED] - Object: 'Object Repository/Page_Checkatrade Find a tradesperson you can trust/div_close' is clicked on

2019-11-11 08:17:29 - [TEST_STEP][PASSED] - "---------------------------------": null

2019-11-11 08:17:29 - [TEST_STEP][PASSED] - "COOKIE POPOUT REMOVED - Confirmed": null

2019-11-11 08:17:29 - [TEST_STEP][PASSED] - delay(1): Delayed 1 second(s)

2019-11-11 08:17:30 - [MESSAGE][PASSED] - Delayed 1 second(s)

2019-11-11 08:17:30 - [TEST_STEP][PASSED] - verifyTextNotPresent("Checkatrade.com uses cookies to make sure you get the best browsing experience", false): Text 'Checkatrade.com uses cookies to make sure you get the best browsing experience' is not present on page

2019-11-11 08:17:31 - [MESSAGE][PASSED] - Text 'Checkatrade.com uses cookies to make sure you get the best browsing experience' is not present on page

2019-11-11 08:17:31 - [TEST_STEP][PASSED] - try: null

2019-11-11 08:17:31 - [TEST_STEP][PASSED] - if (verifyElementPresent(findTestObject("Page_Checkatrade Find a tradesperson you can trust/div_close_1"), 1, OPTIONAL)): null

2019-11-11 08:17:31 - [MESSAGE][PASSED] - Object 'Object Repository/Page_Checkatrade Find a tradesperson you can trust/div_close_1' is present

2019-11-11 08:17:31 - [TEST_STEP][PASSED] - click(findTestObject("Page_Checkatrade Find a tradesperson you can trust/div_close_1")): Object: 'Object Repository/Page_Checkatrade Find a tradesperson you can trust/div_close_1' is clicked on

2019-11-11 08:17:31 - [MESSAGE][PASSED] - Object: 'Object Repository/Page_Checkatrade Find a tradesperson you can trust/div_close_1' is clicked on

2019-11-11 08:17:31 - [TEST_STEP][PASSED] - "---------------------------------": null

2019-11-11 08:17:31 - [TEST_STEP][PASSED] - "PRIVACY POPOUT REMOVED - Confirmed": null

2019-11-11 08:17:31 - [TEST_STEP][PASSED] - delay(1): Delayed 1 second(s)

2019-11-11 08:17:32 - [MESSAGE][PASSED] - Delayed 1 second(s)

2019-11-11 08:17:32 - [TEST_STEP][PASSED] - verifyTextNotPresent("We have updated our Privacy Policy, please review this", false): Text 'We have updated our Privacy Policy, please review this' is not present on page

2019-11-11 08:17:33 - [MESSAGE][PASSED] - Text 'We have updated our Privacy Policy, please review this' is not present on page

2019-11-11 08:17:33 - [MESSAGE][PASSED] - Call Test Case 'Test Cases/Reusable_Test_Sequences/CAT_Setup' successfully

2019-11-11 08:17:33 - [TEST_STEP][PASSED] - "---------------------------------------------------------------------": null

2019-11-11 08:17:33 - [TEST_STEP][PASSED] - " Select Search on Trader Name (or ID) From Home page/Search Screen   |": null

2019-11-11 08:17:33 - [TEST_STEP][PASSED] - callTestCase(findTestCase("Reusable_Test_Sequences/CAT_Click_Search_Trade_Name"), [:], CONTINUE_ON_FAILURE): Call Test Case 'Test Cases/Reusable_Test_Sequences/CAT_Click_Search_Trade_Name' successfully

2019-11-11 08:17:33 - [TEST_CASE][PASSED] - Test Cases/Reusable_Test_Sequences/CAT_Click_Search_Trade_Name: Test Cases/Reusable_Test_Sequences/CAT_Click_Search_Trade_Name

2019-11-11 08:17:33 - [TEST_STEP][PASSED] - click(findTestObject("Page_Checkatrade Find a tradesperson you can trust/a_or look up a member by name")): Object: 'Object Repository/Page_Checkatrade Find a tradesperson you can trust/a_or look up a member by name' is clicked on

2019-11-11 08:17:34 - [MESSAGE][PASSED] - Object: 'Object Repository/Page_Checkatrade Find a tradesperson you can trust/a_or look up a member by name' is clicked on

2019-11-11 08:17:34 - [TEST_STEP][PASSED] - waitForPageLoad(60): Wait for page load successfully

2019-11-11 08:17:34 - [MESSAGE][PASSED] - Wait for page load successfully

2019-11-11 08:17:34 - [MESSAGE][PASSED] - Call Test Case 'Test Cases/Reusable_Test_Sequences/CAT_Click_Search_Trade_Name' successfully

2019-11-11 08:17:34 - [TEST_STEP][PASSED] - "---------------------------------------": null

2019-11-11 08:17:34 - [TEST_STEP][PASSED] - " Enter Trader Name (or ID) to Search   |": null

2019-11-11 08:17:34 - [TEST_STEP][PASSED] - callTestCase(findTestCase("Reusable_Test_Sequences/CAT_Enter_Trade_Name"), [:], CONTINUE_ON_FAILURE): Call Test Case 'Test Cases/Reusable_Test_Sequences/CAT_Enter_Trade_Name' successfully

2019-11-11 08:17:34 - [TEST_CASE][PASSED] - Test Cases/Reusable_Test_Sequences/CAT_Enter_Trade_Name: Test Cases/Reusable_Test_Sequences/CAT_Enter_Trade_Name

2019-11-11 08:17:34 - [TEST_STEP][PASSED] - setText(findTestObject("Page_Checkatrade Find a tradesperson you can trust/Trader_Name_To_Search"), findTestData("Search_CAT_ID_Data (1)").getValue("tradeName", row)): Text '218020' is set on object 'Object Repository/Page_Checkatrade Find a tradesperson you can trust/Trader_Name_To_Search'

2019-11-11 08:17:35 - [MESSAGE][PASSED] - Text '218020' is set on object 'Object Repository/Page_Checkatrade Find a tradesperson you can trust/Trader_Name_To_Search'

2019-11-11 08:17:35 - [MESSAGE][PASSED] - Call Test Case 'Test Cases/Reusable_Test_Sequences/CAT_Enter_Trade_Name' successfully

2019-11-11 08:17:35 - [TEST_STEP][PASSED] - "---------------------------------------": null

2019-11-11 08:17:35 - [TEST_STEP][PASSED] - " Search Trader Name (or ID)            |": null

2019-11-11 08:17:35 - [TEST_STEP][PASSED] - callTestCase(findTestCase("Reusable_Test_Sequences/CAT_Search_Trade_Name"), [:], CONTINUE_ON_FAILURE): Call Test Case 'Test Cases/Reusable_Test_Sequences/CAT_Search_Trade_Name' successfully

2019-11-11 08:17:35 - [TEST_CASE][PASSED] - Test Cases/Reusable_Test_Sequences/CAT_Search_Trade_Name: Test Cases/Reusable_Test_Sequences/CAT_Search_Trade_Name

2019-11-11 08:17:35 - [TEST_STEP][PASSED] - "Hit Search Trade Person by Name (or CAT ID) after parameters are entered": null

2019-11-11 08:17:35 - [TEST_STEP][PASSED] - click(findTestObject("Page_Checkatrade Find a tradesperson you can trust/span_Trade_Name")): Object: 'Object Repository/Page_Checkatrade Find a tradesperson you can trust/span_Trade_Name' is clicked on

2019-11-11 08:17:37 - [MESSAGE][PASSED] - Object: 'Object Repository/Page_Checkatrade Find a tradesperson you can trust/span_Trade_Name' is clicked on

2019-11-11 08:17:37 - [TEST_STEP][PASSED] - waitForPageLoad(60): Wait for page load successfully

2019-11-11 08:17:37 - [MESSAGE][PASSED] - Wait for page load successfully

2019-11-11 08:17:37 - [MESSAGE][PASSED] - Call Test Case 'Test Cases/Reusable_Test_Sequences/CAT_Search_Trade_Name' successfully

2019-11-11 08:17:37 - [TEST_STEP][PASSED] - "------------------------------------------": null

2019-11-11 08:17:37 - [TEST_STEP][PASSED] - " Scroll to Page Footer to Reveal Results  |": null

2019-11-11 08:17:37 - [TEST_STEP][PASSED] - callTestCase(findTestCase("Reusable_Test_Sequences/CAT_Scroll_to_Footer"), [:], CONTINUE_ON_FAILURE): Call Test Case 'Test Cases/Reusable_Test_Sequences/CAT_Scroll_to_Footer' successfully

2019-11-11 08:17:37 - [TEST_CASE][PASSED] - Test Cases/Reusable_Test_Sequences/CAT_Scroll_to_Footer: Test Cases/Reusable_Test_Sequences/CAT_Scroll_to_Footer

2019-11-11 08:17:38 - [TEST_STEP][PASSED] - "Scroll - To Footer on the bottom of the page (sometime off the screen) ": null

2019-11-11 08:17:38 - [TEST_STEP][PASSED] - scrollToElement(findTestObject("Page_of_Results/div_see all_footer__van-with-trailer"), 60): Scroll to object 'Object Repository/Page_of_Results/div_see all_footer__van-with-trailer' successfully

2019-11-11 08:17:38 - [MESSAGE][PASSED] - Scroll to object 'Object Repository/Page_of_Results/div_see all_footer__van-with-trailer' successfully

2019-11-11 08:17:38 - [TEST_STEP][PASSED] - delay(1): Delayed 1 second(s)

2019-11-11 08:17:39 - [MESSAGE][PASSED] - Delayed 1 second(s)

2019-11-11 08:17:39 - [MESSAGE][PASSED] - Call Test Case 'Test Cases/Reusable_Test_Sequences/CAT_Scroll_to_Footer' successfully

2019-11-11 08:17:39 - [TEST_STEP][PASSED] - "------------------------------------------": null

2019-11-11 08:17:39 - [TEST_STEP][PASSED] - " Verify Correct Location is Returned     |": null

2019-11-11 08:17:39 - [TEST_STEP][PASSED] - callTestCase(findTestCase("Reusable_Test_Sequences/CAT_Verification_Location"), [:], CONTINUE_ON_FAILURE): Call Test Case 'Test Cases/Reusable_Test_Sequences/CAT_Verification_Location' successfully

2019-11-11 08:17:39 - [TEST_CASE][PASSED] - Test Cases/Reusable_Test_Sequences/CAT_Verification_Location: Test Cases/Reusable_Test_Sequences/CAT_Verification_Location

2019-11-11 08:17:39 - [TEST_STEP][PASSED] - verifyTextPresent(findTestData("Search_CAT_ID_Data (1)").getValue("tradeNameLocationVerification", row), false): Text 'Gosport, Hampshire' is present on page 

2019-11-11 08:17:40 - [MESSAGE][PASSED] - Text 'Gosport, Hampshire' is present on page 

2019-11-11 08:17:40 - [MESSAGE][PASSED] - Call Test Case 'Test Cases/Reusable_Test_Sequences/CAT_Verification_Location' successfully

2019-11-11 08:17:40 - [TEST_STEP][PASSED] - "------------------------------------------": null

2019-11-11 08:17:40 - [TEST_STEP][PASSED] - " Verify Primary Contact is Returned     |": null

2019-11-11 08:17:40 - [TEST_STEP][PASSED] - callTestCase(findTestCase("Reusable_Test_Sequences/CAT_Verification_Primary_Contact"), [:], CONTINUE_ON_FAILURE): Call Test Case 'Test Cases/Reusable_Test_Sequences/CAT_Verification_Primary_Contact' successfully

2019-11-11 08:17:40 - [TEST_CASE][PASSED] - Test Cases/Reusable_Test_Sequences/CAT_Verification_Primary_Contact: Test Cases/Reusable_Test_Sequences/CAT_Verification_Primary_Contact

2019-11-11 08:17:40 - [TEST_STEP][PASSED] - verifyTextPresent(findTestData("Search_CAT_ID_Data (1)").getValue("primeContact", row), false): Text 'Jim Foster' is present on page 

2019-11-11 08:17:41 - [MESSAGE][PASSED] - Text 'Jim Foster' is present on page 

2019-11-11 08:17:41 - [MESSAGE][PASSED] - Call Test Case 'Test Cases/Reusable_Test_Sequences/CAT_Verification_Primary_Contact' successfully

2019-11-11 08:17:41 - [TEST_STEP][PASSED] - "--------------------------": null

2019-11-11 08:17:41 - [TEST_STEP][PASSED] - " Teardown - CLose Browser |": null

2019-11-11 08:17:41 - [TEST_STEP][PASSED] - callTestCase(findTestCase("Reusable_Test_Sequences/CAT_Teardown"), [:], OPTIONAL): Call Test Case 'Test Cases/Reusable_Test_Sequences/CAT_Teardown' successfully

2019-11-11 08:17:41 - [TEST_CASE][PASSED] - Test Cases/Reusable_Test_Sequences/CAT_Teardown: Test Cases/Reusable_Test_Sequences/CAT_Teardown

2019-11-11 08:17:41 - [TEST_STEP][PASSED] - closeBrowser(): Browser is closed

2019-11-11 08:17:45 - [MESSAGE][PASSED] - Browser is closed

2019-11-11 08:17:45 - [MESSAGE][PASSED] - Call Test Case 'Test Cases/Reusable_Test_Sequences/CAT_Teardown' successfully

2019-11-11 08:17:45 - [TEST_STEP][PASSED] - callTestCase(findTestCase("Reusable_Test_Sequences/CAT_Setup"), [:], STOP_ON_FAILURE): Call Test Case 'Test Cases/Reusable_Test_Sequences/CAT_Setup' successfully

2019-11-11 08:17:45 - [TEST_CASE][PASSED] - Test Cases/Reusable_Test_Sequences/CAT_Setup: Test Cases/Reusable_Test_Sequences/CAT_Setup

2019-11-11 08:17:45 - [TEST_STEP][PASSED] - "URL - Set from the ENVIRONMENT PROFILE ": null

2019-11-11 08:17:45 - [TEST_STEP][PASSED] - openBrowser(URL): Browser is opened with url: 'https://www.preview.checkatrade.com/'

2019-11-11 08:17:45 - [MESSAGE][INFO] - Starting 'Firefox' driver

2019-11-11 08:17:52 - [MESSAGE][PASSED] - Browser is opened with url: 'https://www.preview.checkatrade.com/'

2019-11-11 08:17:52 - [TEST_STEP][PASSED] - maximizeWindow(): Current window maximized

2019-11-11 08:17:52 - [MESSAGE][PASSED] - Current window maximized

2019-11-11 08:17:52 - [TEST_STEP][PASSED] - waitForPageLoad(60): Wait for page load successfully

2019-11-11 08:17:52 - [MESSAGE][PASSED] - Wait for page load successfully

2019-11-11 08:17:52 - [TEST_STEP][PASSED] - waitForElementVisible(findTestObject("Page_Checkatrade Find a tradesperson you can trust/a_Search"), 25): Object 'Object Repository/Page_Checkatrade Find a tradesperson you can trust/a_Search' is visible

2019-11-11 08:17:53 - [MESSAGE][PASSED] - Object 'Object Repository/Page_Checkatrade Find a tradesperson you can trust/a_Search' is visible

2019-11-11 08:17:53 - [TEST_STEP][PASSED] - try: null

2019-11-11 08:17:53 - [TEST_STEP][PASSED] - if (verifyElementPresent(findTestObject("Page_Checkatrade Find a tradesperson you can trust/div_close"), 1, OPTIONAL)): null

2019-11-11 08:17:53 - [MESSAGE][PASSED] - Object 'Object Repository/Page_Checkatrade Find a tradesperson you can trust/div_close' is present

2019-11-11 08:17:53 - [TEST_STEP][PASSED] - click(findTestObject("Page_Checkatrade Find a tradesperson you can trust/div_close")): Object: 'Object Repository/Page_Checkatrade Find a tradesperson you can trust/div_close' is clicked on

2019-11-11 08:17:53 - [MESSAGE][PASSED] - Object: 'Object Repository/Page_Checkatrade Find a tradesperson you can trust/div_close' is clicked on

2019-11-11 08:17:53 - [TEST_STEP][PASSED] - "---------------------------------": null

2019-11-11 08:17:53 - [TEST_STEP][PASSED] - "COOKIE POPOUT REMOVED - Confirmed": null

2019-11-11 08:17:53 - [TEST_STEP][PASSED] - delay(1): Delayed 1 second(s)

2019-11-11 08:17:54 - [MESSAGE][PASSED] - Delayed 1 second(s)

2019-11-11 08:17:54 - [TEST_STEP][PASSED] - verifyTextNotPresent("Checkatrade.com uses cookies to make sure you get the best browsing experience", false): Text 'Checkatrade.com uses cookies to make sure you get the best browsing experience' is not present on page

2019-11-11 08:17:54 - [MESSAGE][PASSED] - Text 'Checkatrade.com uses cookies to make sure you get the best browsing experience' is not present on page

2019-11-11 08:17:54 - [TEST_STEP][PASSED] - try: null

2019-11-11 08:17:54 - [TEST_STEP][PASSED] - if (verifyElementPresent(findTestObject("Page_Checkatrade Find a tradesperson you can trust/div_close_1"), 1, OPTIONAL)): null

2019-11-11 08:17:55 - [MESSAGE][PASSED] - Object 'Object Repository/Page_Checkatrade Find a tradesperson you can trust/div_close_1' is present

2019-11-11 08:17:55 - [TEST_STEP][PASSED] - click(findTestObject("Page_Checkatrade Find a tradesperson you can trust/div_close_1")): Object: 'Object Repository/Page_Checkatrade Find a tradesperson you can trust/div_close_1' is clicked on

2019-11-11 08:17:55 - [MESSAGE][PASSED] - Object: 'Object Repository/Page_Checkatrade Find a tradesperson you can trust/div_close_1' is clicked on

2019-11-11 08:17:55 - [TEST_STEP][PASSED] - "---------------------------------": null

2019-11-11 08:17:55 - [TEST_STEP][PASSED] - "PRIVACY POPOUT REMOVED - Confirmed": null

2019-11-11 08:17:55 - [TEST_STEP][PASSED] - delay(1): Delayed 1 second(s)

2019-11-11 08:17:56 - [MESSAGE][PASSED] - Delayed 1 second(s)

2019-11-11 08:17:56 - [TEST_STEP][PASSED] - verifyTextNotPresent("We have updated our Privacy Policy, please review this", false): Text 'We have updated our Privacy Policy, please review this' is not present on page

2019-11-11 08:17:56 - [MESSAGE][PASSED] - Text 'We have updated our Privacy Policy, please review this' is not present on page

2019-11-11 08:17:56 - [MESSAGE][PASSED] - Call Test Case 'Test Cases/Reusable_Test_Sequences/CAT_Setup' successfully

2019-11-11 08:17:56 - [TEST_STEP][PASSED] - "---------------------------------------------------------------------": null

2019-11-11 08:17:56 - [TEST_STEP][PASSED] - " Select Search on Trader Name (or ID) From Home page/Search Screen   |": null

2019-11-11 08:17:56 - [TEST_STEP][PASSED] - callTestCase(findTestCase("Reusable_Test_Sequences/CAT_Click_Search_Trade_Name"), [:], CONTINUE_ON_FAILURE): Call Test Case 'Test Cases/Reusable_Test_Sequences/CAT_Click_Search_Trade_Name' successfully

2019-11-11 08:17:56 - [TEST_CASE][PASSED] - Test Cases/Reusable_Test_Sequences/CAT_Click_Search_Trade_Name: Test Cases/Reusable_Test_Sequences/CAT_Click_Search_Trade_Name

2019-11-11 08:17:56 - [TEST_STEP][PASSED] - click(findTestObject("Page_Checkatrade Find a tradesperson you can trust/a_or look up a member by name")): Object: 'Object Repository/Page_Checkatrade Find a tradesperson you can trust/a_or look up a member by name' is clicked on

2019-11-11 08:17:57 - [MESSAGE][PASSED] - Object: 'Object Repository/Page_Checkatrade Find a tradesperson you can trust/a_or look up a member by name' is clicked on

2019-11-11 08:17:57 - [TEST_STEP][PASSED] - waitForPageLoad(60): Wait for page load successfully

2019-11-11 08:17:57 - [MESSAGE][PASSED] - Wait for page load successfully

2019-11-11 08:17:57 - [MESSAGE][PASSED] - Call Test Case 'Test Cases/Reusable_Test_Sequences/CAT_Click_Search_Trade_Name' successfully

2019-11-11 08:17:57 - [TEST_STEP][PASSED] - "---------------------------------------": null

2019-11-11 08:17:57 - [TEST_STEP][PASSED] - " Enter Trader Name (or ID) to Search   |": null

2019-11-11 08:17:57 - [TEST_STEP][PASSED] - callTestCase(findTestCase("Reusable_Test_Sequences/CAT_Enter_Trade_Name"), [:], CONTINUE_ON_FAILURE): Call Test Case 'Test Cases/Reusable_Test_Sequences/CAT_Enter_Trade_Name' successfully

2019-11-11 08:17:57 - [TEST_CASE][PASSED] - Test Cases/Reusable_Test_Sequences/CAT_Enter_Trade_Name: Test Cases/Reusable_Test_Sequences/CAT_Enter_Trade_Name

2019-11-11 08:17:57 - [TEST_STEP][PASSED] - setText(findTestObject("Page_Checkatrade Find a tradesperson you can trust/Trader_Name_To_Search"), findTestData("Search_CAT_ID_Data (1)").getValue("tradeName", row)): Text '402921' is set on object 'Object Repository/Page_Checkatrade Find a tradesperson you can trust/Trader_Name_To_Search'

2019-11-11 08:17:57 - [MESSAGE][PASSED] - Text '402921' is set on object 'Object Repository/Page_Checkatrade Find a tradesperson you can trust/Trader_Name_To_Search'

2019-11-11 08:17:57 - [MESSAGE][PASSED] - Call Test Case 'Test Cases/Reusable_Test_Sequences/CAT_Enter_Trade_Name' successfully

2019-11-11 08:17:57 - [TEST_STEP][PASSED] - "---------------------------------------": null

2019-11-11 08:17:57 - [TEST_STEP][PASSED] - " Search Trader Name (or ID)            |": null

2019-11-11 08:17:57 - [TEST_STEP][PASSED] - callTestCase(findTestCase("Reusable_Test_Sequences/CAT_Search_Trade_Name"), [:], CONTINUE_ON_FAILURE): Call Test Case 'Test Cases/Reusable_Test_Sequences/CAT_Search_Trade_Name' successfully

2019-11-11 08:17:57 - [TEST_CASE][PASSED] - Test Cases/Reusable_Test_Sequences/CAT_Search_Trade_Name: Test Cases/Reusable_Test_Sequences/CAT_Search_Trade_Name

2019-11-11 08:17:57 - [TEST_STEP][PASSED] - "Hit Search Trade Person by Name (or CAT ID) after parameters are entered": null

2019-11-11 08:17:57 - [TEST_STEP][PASSED] - click(findTestObject("Page_Checkatrade Find a tradesperson you can trust/span_Trade_Name")): Object: 'Object Repository/Page_Checkatrade Find a tradesperson you can trust/span_Trade_Name' is clicked on

2019-11-11 08:18:01 - [MESSAGE][PASSED] - Object: 'Object Repository/Page_Checkatrade Find a tradesperson you can trust/span_Trade_Name' is clicked on

2019-11-11 08:18:01 - [TEST_STEP][PASSED] - waitForPageLoad(60): Wait for page load successfully

2019-11-11 08:18:01 - [MESSAGE][PASSED] - Wait for page load successfully

2019-11-11 08:18:01 - [MESSAGE][PASSED] - Call Test Case 'Test Cases/Reusable_Test_Sequences/CAT_Search_Trade_Name' successfully

2019-11-11 08:18:01 - [TEST_STEP][PASSED] - "------------------------------------------": null

2019-11-11 08:18:01 - [TEST_STEP][PASSED] - " Scroll to Page Footer to Reveal Results  |": null

2019-11-11 08:18:01 - [TEST_STEP][PASSED] - callTestCase(findTestCase("Reusable_Test_Sequences/CAT_Scroll_to_Footer"), [:], CONTINUE_ON_FAILURE): Call Test Case 'Test Cases/Reusable_Test_Sequences/CAT_Scroll_to_Footer' successfully

2019-11-11 08:18:01 - [TEST_CASE][PASSED] - Test Cases/Reusable_Test_Sequences/CAT_Scroll_to_Footer: Test Cases/Reusable_Test_Sequences/CAT_Scroll_to_Footer

2019-11-11 08:18:01 - [TEST_STEP][PASSED] - "Scroll - To Footer on the bottom of the page (sometime off the screen) ": null

2019-11-11 08:18:01 - [TEST_STEP][PASSED] - scrollToElement(findTestObject("Page_of_Results/div_see all_footer__van-with-trailer"), 60): Scroll to object 'Object Repository/Page_of_Results/div_see all_footer__van-with-trailer' successfully

2019-11-11 08:18:01 - [MESSAGE][PASSED] - Scroll to object 'Object Repository/Page_of_Results/div_see all_footer__van-with-trailer' successfully

2019-11-11 08:18:01 - [TEST_STEP][PASSED] - delay(1): Delayed 1 second(s)

2019-11-11 08:18:02 - [MESSAGE][PASSED] - Delayed 1 second(s)

2019-11-11 08:18:02 - [MESSAGE][PASSED] - Call Test Case 'Test Cases/Reusable_Test_Sequences/CAT_Scroll_to_Footer' successfully

2019-11-11 08:18:02 - [TEST_STEP][PASSED] - "------------------------------------------": null

2019-11-11 08:18:02 - [TEST_STEP][PASSED] - " Verify Correct Location is Returned     |": null

2019-11-11 08:18:02 - [TEST_STEP][PASSED] - callTestCase(findTestCase("Reusable_Test_Sequences/CAT_Verification_Location"), [:], CONTINUE_ON_FAILURE): Call Test Case 'Test Cases/Reusable_Test_Sequences/CAT_Verification_Location' successfully

2019-11-11 08:18:02 - [TEST_CASE][PASSED] - Test Cases/Reusable_Test_Sequences/CAT_Verification_Location: Test Cases/Reusable_Test_Sequences/CAT_Verification_Location

2019-11-11 08:18:02 - [TEST_STEP][PASSED] - verifyTextPresent(findTestData("Search_CAT_ID_Data (1)").getValue("tradeNameLocationVerification", row), false): Text 'Retford, Nottinghamshire' is present on page 

2019-11-11 08:18:03 - [MESSAGE][PASSED] - Text 'Retford, Nottinghamshire' is present on page 

2019-11-11 08:18:03 - [MESSAGE][PASSED] - Call Test Case 'Test Cases/Reusable_Test_Sequences/CAT_Verification_Location' successfully

2019-11-11 08:18:03 - [TEST_STEP][PASSED] - "------------------------------------------": null

2019-11-11 08:18:03 - [TEST_STEP][PASSED] - " Verify Primary Contact is Returned     |": null

2019-11-11 08:18:03 - [TEST_STEP][PASSED] - callTestCase(findTestCase("Reusable_Test_Sequences/CAT_Verification_Primary_Contact"), [:], CONTINUE_ON_FAILURE): Call Test Case 'Test Cases/Reusable_Test_Sequences/CAT_Verification_Primary_Contact' successfully

2019-11-11 08:18:03 - [TEST_CASE][PASSED] - Test Cases/Reusable_Test_Sequences/CAT_Verification_Primary_Contact: Test Cases/Reusable_Test_Sequences/CAT_Verification_Primary_Contact

2019-11-11 08:18:03 - [TEST_STEP][PASSED] - verifyTextPresent(findTestData("Search_CAT_ID_Data (1)").getValue("primeContact", row), false): Text 'James Burton' is present on page 

2019-11-11 08:18:03 - [MESSAGE][PASSED] - Text 'James Burton' is present on page 

2019-11-11 08:18:03 - [MESSAGE][PASSED] - Call Test Case 'Test Cases/Reusable_Test_Sequences/CAT_Verification_Primary_Contact' successfully

2019-11-11 08:18:03 - [TEST_STEP][PASSED] - "--------------------------": null

2019-11-11 08:18:03 - [TEST_STEP][PASSED] - " Teardown - CLose Browser |": null

2019-11-11 08:18:03 - [TEST_STEP][PASSED] - callTestCase(findTestCase("Reusable_Test_Sequences/CAT_Teardown"), [:], OPTIONAL): Call Test Case 'Test Cases/Reusable_Test_Sequences/CAT_Teardown' successfully

2019-11-11 08:18:03 - [TEST_CASE][PASSED] - Test Cases/Reusable_Test_Sequences/CAT_Teardown: Test Cases/Reusable_Test_Sequences/CAT_Teardown

2019-11-11 08:18:03 - [TEST_STEP][PASSED] - closeBrowser(): Browser is closed

2019-11-11 08:18:05 - [MESSAGE][PASSED] - Browser is closed

2019-11-11 08:18:05 - [MESSAGE][PASSED] - Call Test Case 'Test Cases/Reusable_Test_Sequences/CAT_Teardown' successfully

2019-11-11 08:18:05 - [TEST_STEP][PASSED] - callTestCase(findTestCase("Reusable_Test_Sequences/CAT_Setup"), [:], STOP_ON_FAILURE): Call Test Case 'Test Cases/Reusable_Test_Sequences/CAT_Setup' successfully

2019-11-11 08:18:05 - [TEST_CASE][PASSED] - Test Cases/Reusable_Test_Sequences/CAT_Setup: Test Cases/Reusable_Test_Sequences/CAT_Setup

2019-11-11 08:18:05 - [TEST_STEP][PASSED] - "URL - Set from the ENVIRONMENT PROFILE ": null

2019-11-11 08:18:05 - [TEST_STEP][PASSED] - openBrowser(URL): Browser is opened with url: 'https://www.preview.checkatrade.com/'

2019-11-11 08:18:05 - [MESSAGE][INFO] - Starting 'Firefox' driver

2019-11-11 08:18:15 - [MESSAGE][PASSED] - Browser is opened with url: 'https://www.preview.checkatrade.com/'

2019-11-11 08:18:15 - [TEST_STEP][PASSED] - maximizeWindow(): Current window maximized

2019-11-11 08:18:15 - [MESSAGE][PASSED] - Current window maximized

2019-11-11 08:18:15 - [TEST_STEP][PASSED] - waitForPageLoad(60): Wait for page load successfully

2019-11-11 08:18:15 - [MESSAGE][PASSED] - Wait for page load successfully

2019-11-11 08:18:15 - [TEST_STEP][PASSED] - waitForElementVisible(findTestObject("Page_Checkatrade Find a tradesperson you can trust/a_Search"), 25): Object 'Object Repository/Page_Checkatrade Find a tradesperson you can trust/a_Search' is visible

2019-11-11 08:18:15 - [MESSAGE][PASSED] - Object 'Object Repository/Page_Checkatrade Find a tradesperson you can trust/a_Search' is visible

2019-11-11 08:18:15 - [TEST_STEP][PASSED] - try: null

2019-11-11 08:18:15 - [TEST_STEP][PASSED] - if (verifyElementPresent(findTestObject("Page_Checkatrade Find a tradesperson you can trust/div_close"), 1, OPTIONAL)): null

2019-11-11 08:18:15 - [MESSAGE][PASSED] - Object 'Object Repository/Page_Checkatrade Find a tradesperson you can trust/div_close' is present

2019-11-11 08:18:15 - [TEST_STEP][PASSED] - click(findTestObject("Page_Checkatrade Find a tradesperson you can trust/div_close")): Object: 'Object Repository/Page_Checkatrade Find a tradesperson you can trust/div_close' is clicked on

2019-11-11 08:18:16 - [MESSAGE][PASSED] - Object: 'Object Repository/Page_Checkatrade Find a tradesperson you can trust/div_close' is clicked on

2019-11-11 08:18:16 - [TEST_STEP][PASSED] - "---------------------------------": null

2019-11-11 08:18:16 - [TEST_STEP][PASSED] - "COOKIE POPOUT REMOVED - Confirmed": null

2019-11-11 08:18:16 - [TEST_STEP][PASSED] - delay(1): Delayed 1 second(s)

2019-11-11 08:18:17 - [MESSAGE][PASSED] - Delayed 1 second(s)

2019-11-11 08:18:17 - [TEST_STEP][PASSED] - verifyTextNotPresent("Checkatrade.com uses cookies to make sure you get the best browsing experience", false): Text 'Checkatrade.com uses cookies to make sure you get the best browsing experience' is not present on page

2019-11-11 08:18:17 - [MESSAGE][PASSED] - Text 'Checkatrade.com uses cookies to make sure you get the best browsing experience' is not present on page

2019-11-11 08:18:17 - [TEST_STEP][PASSED] - try: null

2019-11-11 08:18:17 - [TEST_STEP][PASSED] - if (verifyElementPresent(findTestObject("Page_Checkatrade Find a tradesperson you can trust/div_close_1"), 1, OPTIONAL)): null

2019-11-11 08:18:17 - [MESSAGE][PASSED] - Object 'Object Repository/Page_Checkatrade Find a tradesperson you can trust/div_close_1' is present

2019-11-11 08:18:17 - [TEST_STEP][PASSED] - click(findTestObject("Page_Checkatrade Find a tradesperson you can trust/div_close_1")): Object: 'Object Repository/Page_Checkatrade Find a tradesperson you can trust/div_close_1' is clicked on

2019-11-11 08:18:18 - [MESSAGE][PASSED] - Object: 'Object Repository/Page_Checkatrade Find a tradesperson you can trust/div_close_1' is clicked on

2019-11-11 08:18:18 - [TEST_STEP][PASSED] - "---------------------------------": null

2019-11-11 08:18:18 - [TEST_STEP][PASSED] - "PRIVACY POPOUT REMOVED - Confirmed": null

2019-11-11 08:18:18 - [TEST_STEP][PASSED] - delay(1): Delayed 1 second(s)

2019-11-11 08:18:19 - [MESSAGE][PASSED] - Delayed 1 second(s)

2019-11-11 08:18:19 - [TEST_STEP][PASSED] - verifyTextNotPresent("We have updated our Privacy Policy, please review this", false): Text 'We have updated our Privacy Policy, please review this' is not present on page

2019-11-11 08:18:19 - [MESSAGE][PASSED] - Text 'We have updated our Privacy Policy, please review this' is not present on page

2019-11-11 08:18:19 - [MESSAGE][PASSED] - Call Test Case 'Test Cases/Reusable_Test_Sequences/CAT_Setup' successfully

2019-11-11 08:18:19 - [TEST_STEP][PASSED] - "---------------------------------------------------------------------": null

2019-11-11 08:18:19 - [TEST_STEP][PASSED] - " Select Search on Trader Name (or ID) From Home page/Search Screen   |": null

2019-11-11 08:18:19 - [TEST_STEP][PASSED] - callTestCase(findTestCase("Reusable_Test_Sequences/CAT_Click_Search_Trade_Name"), [:], CONTINUE_ON_FAILURE): Call Test Case 'Test Cases/Reusable_Test_Sequences/CAT_Click_Search_Trade_Name' successfully

2019-11-11 08:18:20 - [TEST_CASE][PASSED] - Test Cases/Reusable_Test_Sequences/CAT_Click_Search_Trade_Name: Test Cases/Reusable_Test_Sequences/CAT_Click_Search_Trade_Name

2019-11-11 08:18:20 - [TEST_STEP][PASSED] - click(findTestObject("Page_Checkatrade Find a tradesperson you can trust/a_or look up a member by name")): Object: 'Object Repository/Page_Checkatrade Find a tradesperson you can trust/a_or look up a member by name' is clicked on

2019-11-11 08:18:20 - [MESSAGE][PASSED] - Object: 'Object Repository/Page_Checkatrade Find a tradesperson you can trust/a_or look up a member by name' is clicked on

2019-11-11 08:18:20 - [TEST_STEP][PASSED] - waitForPageLoad(60): Wait for page load successfully

2019-11-11 08:18:20 - [MESSAGE][PASSED] - Wait for page load successfully

2019-11-11 08:18:20 - [MESSAGE][PASSED] - Call Test Case 'Test Cases/Reusable_Test_Sequences/CAT_Click_Search_Trade_Name' successfully

2019-11-11 08:18:20 - [TEST_STEP][PASSED] - "---------------------------------------": null

2019-11-11 08:18:20 - [TEST_STEP][PASSED] - " Enter Trader Name (or ID) to Search   |": null

2019-11-11 08:18:20 - [TEST_STEP][PASSED] - callTestCase(findTestCase("Reusable_Test_Sequences/CAT_Enter_Trade_Name"), [:], CONTINUE_ON_FAILURE): Call Test Case 'Test Cases/Reusable_Test_Sequences/CAT_Enter_Trade_Name' successfully

2019-11-11 08:18:20 - [TEST_CASE][PASSED] - Test Cases/Reusable_Test_Sequences/CAT_Enter_Trade_Name: Test Cases/Reusable_Test_Sequences/CAT_Enter_Trade_Name

2019-11-11 08:18:20 - [TEST_STEP][PASSED] - setText(findTestObject("Page_Checkatrade Find a tradesperson you can trust/Trader_Name_To_Search"), findTestData("Search_CAT_ID_Data (1)").getValue("tradeName", row)): Text '308682' is set on object 'Object Repository/Page_Checkatrade Find a tradesperson you can trust/Trader_Name_To_Search'

2019-11-11 08:18:20 - [MESSAGE][PASSED] - Text '308682' is set on object 'Object Repository/Page_Checkatrade Find a tradesperson you can trust/Trader_Name_To_Search'

2019-11-11 08:18:20 - [MESSAGE][PASSED] - Call Test Case 'Test Cases/Reusable_Test_Sequences/CAT_Enter_Trade_Name' successfully

2019-11-11 08:18:20 - [TEST_STEP][PASSED] - "---------------------------------------": null

2019-11-11 08:18:20 - [TEST_STEP][PASSED] - " Search Trader Name (or ID)            |": null

2019-11-11 08:18:20 - [TEST_STEP][PASSED] - callTestCase(findTestCase("Reusable_Test_Sequences/CAT_Search_Trade_Name"), [:], CONTINUE_ON_FAILURE): Call Test Case 'Test Cases/Reusable_Test_Sequences/CAT_Search_Trade_Name' successfully

2019-11-11 08:18:20 - [TEST_CASE][PASSED] - Test Cases/Reusable_Test_Sequences/CAT_Search_Trade_Name: Test Cases/Reusable_Test_Sequences/CAT_Search_Trade_Name

2019-11-11 08:18:20 - [TEST_STEP][PASSED] - "Hit Search Trade Person by Name (or CAT ID) after parameters are entered": null

2019-11-11 08:18:20 - [TEST_STEP][PASSED] - click(findTestObject("Page_Checkatrade Find a tradesperson you can trust/span_Trade_Name")): Object: 'Object Repository/Page_Checkatrade Find a tradesperson you can trust/span_Trade_Name' is clicked on

2019-11-11 08:18:30 - [MESSAGE][PASSED] - Object: 'Object Repository/Page_Checkatrade Find a tradesperson you can trust/span_Trade_Name' is clicked on

2019-11-11 08:18:30 - [TEST_STEP][PASSED] - waitForPageLoad(60): Wait for page load successfully

2019-11-11 08:18:30 - [MESSAGE][PASSED] - Wait for page load successfully

2019-11-11 08:18:30 - [MESSAGE][PASSED] - Call Test Case 'Test Cases/Reusable_Test_Sequences/CAT_Search_Trade_Name' successfully

2019-11-11 08:18:30 - [TEST_STEP][PASSED] - "------------------------------------------": null

2019-11-11 08:18:30 - [TEST_STEP][PASSED] - " Scroll to Page Footer to Reveal Results  |": null

2019-11-11 08:18:30 - [TEST_STEP][PASSED] - callTestCase(findTestCase("Reusable_Test_Sequences/CAT_Scroll_to_Footer"), [:], CONTINUE_ON_FAILURE): Call Test Case 'Test Cases/Reusable_Test_Sequences/CAT_Scroll_to_Footer' successfully

2019-11-11 08:18:30 - [TEST_CASE][PASSED] - Test Cases/Reusable_Test_Sequences/CAT_Scroll_to_Footer: Test Cases/Reusable_Test_Sequences/CAT_Scroll_to_Footer

2019-11-11 08:18:30 - [TEST_STEP][PASSED] - "Scroll - To Footer on the bottom of the page (sometime off the screen) ": null

2019-11-11 08:18:30 - [TEST_STEP][PASSED] - scrollToElement(findTestObject("Page_of_Results/div_see all_footer__van-with-trailer"), 60): Scroll to object 'Object Repository/Page_of_Results/div_see all_footer__van-with-trailer' successfully

2019-11-11 08:18:30 - [MESSAGE][PASSED] - Scroll to object 'Object Repository/Page_of_Results/div_see all_footer__van-with-trailer' successfully

2019-11-11 08:18:30 - [TEST_STEP][PASSED] - delay(1): Delayed 1 second(s)

2019-11-11 08:18:31 - [MESSAGE][PASSED] - Delayed 1 second(s)

2019-11-11 08:18:31 - [MESSAGE][PASSED] - Call Test Case 'Test Cases/Reusable_Test_Sequences/CAT_Scroll_to_Footer' successfully

2019-11-11 08:18:31 - [TEST_STEP][PASSED] - "------------------------------------------": null

2019-11-11 08:18:31 - [TEST_STEP][PASSED] - " Verify Correct Location is Returned     |": null

2019-11-11 08:18:31 - [TEST_STEP][PASSED] - callTestCase(findTestCase("Reusable_Test_Sequences/CAT_Verification_Location"), [:], CONTINUE_ON_FAILURE): Call Test Case 'Test Cases/Reusable_Test_Sequences/CAT_Verification_Location' successfully

2019-11-11 08:18:31 - [TEST_CASE][PASSED] - Test Cases/Reusable_Test_Sequences/CAT_Verification_Location: Test Cases/Reusable_Test_Sequences/CAT_Verification_Location

2019-11-11 08:18:31 - [TEST_STEP][PASSED] - verifyTextPresent(findTestData("Search_CAT_ID_Data (1)").getValue("tradeNameLocationVerification", row), false): Text 'Banbury, Oxfordshire' is present on page 

2019-11-11 08:18:34 - [MESSAGE][PASSED] - Text 'Banbury, Oxfordshire' is present on page 

2019-11-11 08:18:34 - [MESSAGE][PASSED] - Call Test Case 'Test Cases/Reusable_Test_Sequences/CAT_Verification_Location' successfully

2019-11-11 08:18:34 - [TEST_STEP][PASSED] - "------------------------------------------": null

2019-11-11 08:18:34 - [TEST_STEP][PASSED] - " Verify Primary Contact is Returned     |": null

2019-11-11 08:18:34 - [TEST_STEP][PASSED] - callTestCase(findTestCase("Reusable_Test_Sequences/CAT_Verification_Primary_Contact"), [:], CONTINUE_ON_FAILURE): Call Test Case 'Test Cases/Reusable_Test_Sequences/CAT_Verification_Primary_Contact' successfully

2019-11-11 08:18:34 - [TEST_CASE][PASSED] - Test Cases/Reusable_Test_Sequences/CAT_Verification_Primary_Contact: Test Cases/Reusable_Test_Sequences/CAT_Verification_Primary_Contact

2019-11-11 08:18:34 - [TEST_STEP][PASSED] - verifyTextPresent(findTestData("Search_CAT_ID_Data (1)").getValue("primeContact", row), false): Text 'Andrew Whitaker' is present on page 

2019-11-11 08:18:35 - [MESSAGE][PASSED] - Text 'Andrew Whitaker' is present on page 

2019-11-11 08:18:35 - [MESSAGE][PASSED] - Call Test Case 'Test Cases/Reusable_Test_Sequences/CAT_Verification_Primary_Contact' successfully

2019-11-11 08:18:35 - [TEST_STEP][PASSED] - "--------------------------": null

2019-11-11 08:18:35 - [TEST_STEP][PASSED] - " Teardown - CLose Browser |": null

2019-11-11 08:18:35 - [TEST_STEP][PASSED] - callTestCase(findTestCase("Reusable_Test_Sequences/CAT_Teardown"), [:], OPTIONAL): Call Test Case 'Test Cases/Reusable_Test_Sequences/CAT_Teardown' successfully

2019-11-11 08:18:35 - [TEST_CASE][PASSED] - Test Cases/Reusable_Test_Sequences/CAT_Teardown: Test Cases/Reusable_Test_Sequences/CAT_Teardown

2019-11-11 08:18:35 - [TEST_STEP][PASSED] - closeBrowser(): Browser is closed

2019-11-11 08:18:37 - [MESSAGE][PASSED] - Browser is closed

2019-11-11 08:18:37 - [MESSAGE][PASSED] - Call Test Case 'Test Cases/Reusable_Test_Sequences/CAT_Teardown' successfully

2019-11-11 08:18:37 - [TEST_STEP][PASSED] - callTestCase(findTestCase("Reusable_Test_Sequences/CAT_Setup"), [:], STOP_ON_FAILURE): Call Test Case 'Test Cases/Reusable_Test_Sequences/CAT_Setup' successfully

2019-11-11 08:18:37 - [TEST_CASE][PASSED] - Test Cases/Reusable_Test_Sequences/CAT_Setup: Test Cases/Reusable_Test_Sequences/CAT_Setup

2019-11-11 08:18:37 - [TEST_STEP][PASSED] - "URL - Set from the ENVIRONMENT PROFILE ": null

2019-11-11 08:18:37 - [TEST_STEP][PASSED] - openBrowser(URL): Browser is opened with url: 'https://www.preview.checkatrade.com/'

2019-11-11 08:18:37 - [MESSAGE][INFO] - Starting 'Firefox' driver

2019-11-11 08:18:45 - [MESSAGE][PASSED] - Browser is opened with url: 'https://www.preview.checkatrade.com/'

2019-11-11 08:18:45 - [TEST_STEP][PASSED] - maximizeWindow(): Current window maximized

2019-11-11 08:18:46 - [MESSAGE][PASSED] - Current window maximized

2019-11-11 08:18:46 - [TEST_STEP][PASSED] - waitForPageLoad(60): Wait for page load successfully

2019-11-11 08:18:46 - [MESSAGE][PASSED] - Wait for page load successfully

2019-11-11 08:18:46 - [TEST_STEP][PASSED] - waitForElementVisible(findTestObject("Page_Checkatrade Find a tradesperson you can trust/a_Search"), 25): Object 'Object Repository/Page_Checkatrade Find a tradesperson you can trust/a_Search' is visible

2019-11-11 08:18:46 - [MESSAGE][PASSED] - Object 'Object Repository/Page_Checkatrade Find a tradesperson you can trust/a_Search' is visible

2019-11-11 08:18:46 - [TEST_STEP][PASSED] - try: null

2019-11-11 08:18:46 - [TEST_STEP][PASSED] - if (verifyElementPresent(findTestObject("Page_Checkatrade Find a tradesperson you can trust/div_close"), 1, OPTIONAL)): null

2019-11-11 08:18:46 - [MESSAGE][PASSED] - Object 'Object Repository/Page_Checkatrade Find a tradesperson you can trust/div_close' is present

2019-11-11 08:18:46 - [TEST_STEP][PASSED] - click(findTestObject("Page_Checkatrade Find a tradesperson you can trust/div_close")): Object: 'Object Repository/Page_Checkatrade Find a tradesperson you can trust/div_close' is clicked on

2019-11-11 08:18:46 - [MESSAGE][PASSED] - Object: 'Object Repository/Page_Checkatrade Find a tradesperson you can trust/div_close' is clicked on

2019-11-11 08:18:46 - [TEST_STEP][PASSED] - "---------------------------------": null

2019-11-11 08:18:46 - [TEST_STEP][PASSED] - "COOKIE POPOUT REMOVED - Confirmed": null

2019-11-11 08:18:46 - [TEST_STEP][PASSED] - delay(1): Delayed 1 second(s)

2019-11-11 08:18:47 - [MESSAGE][PASSED] - Delayed 1 second(s)

2019-11-11 08:18:47 - [TEST_STEP][PASSED] - verifyTextNotPresent("Checkatrade.com uses cookies to make sure you get the best browsing experience", false): Text 'Checkatrade.com uses cookies to make sure you get the best browsing experience' is not present on page

2019-11-11 08:18:48 - [MESSAGE][PASSED] - Text 'Checkatrade.com uses cookies to make sure you get the best browsing experience' is not present on page

2019-11-11 08:18:48 - [TEST_STEP][PASSED] - try: null

2019-11-11 08:18:48 - [TEST_STEP][PASSED] - if (verifyElementPresent(findTestObject("Page_Checkatrade Find a tradesperson you can trust/div_close_1"), 1, OPTIONAL)): null

2019-11-11 08:18:48 - [MESSAGE][PASSED] - Object 'Object Repository/Page_Checkatrade Find a tradesperson you can trust/div_close_1' is present

2019-11-11 08:18:48 - [TEST_STEP][PASSED] - click(findTestObject("Page_Checkatrade Find a tradesperson you can trust/div_close_1")): Object: 'Object Repository/Page_Checkatrade Find a tradesperson you can trust/div_close_1' is clicked on

2019-11-11 08:18:48 - [MESSAGE][PASSED] - Object: 'Object Repository/Page_Checkatrade Find a tradesperson you can trust/div_close_1' is clicked on

2019-11-11 08:18:48 - [TEST_STEP][PASSED] - "---------------------------------": null

2019-11-11 08:18:48 - [TEST_STEP][PASSED] - "PRIVACY POPOUT REMOVED - Confirmed": null

2019-11-11 08:18:48 - [TEST_STEP][PASSED] - delay(1): Delayed 1 second(s)

2019-11-11 08:18:49 - [MESSAGE][PASSED] - Delayed 1 second(s)

2019-11-11 08:18:49 - [TEST_STEP][PASSED] - verifyTextNotPresent("We have updated our Privacy Policy, please review this", false): Text 'We have updated our Privacy Policy, please review this' is not present on page

2019-11-11 08:18:49 - [MESSAGE][PASSED] - Text 'We have updated our Privacy Policy, please review this' is not present on page

2019-11-11 08:18:49 - [MESSAGE][PASSED] - Call Test Case 'Test Cases/Reusable_Test_Sequences/CAT_Setup' successfully

2019-11-11 08:18:49 - [TEST_STEP][PASSED] - "---------------------------------------------------------------------": null

2019-11-11 08:18:49 - [TEST_STEP][PASSED] - " Select Search on Trader Name (or ID) From Home page/Search Screen   |": null

2019-11-11 08:18:49 - [TEST_STEP][PASSED] - callTestCase(findTestCase("Reusable_Test_Sequences/CAT_Click_Search_Trade_Name"), [:], CONTINUE_ON_FAILURE): Call Test Case 'Test Cases/Reusable_Test_Sequences/CAT_Click_Search_Trade_Name' successfully

2019-11-11 08:18:49 - [TEST_CASE][PASSED] - Test Cases/Reusable_Test_Sequences/CAT_Click_Search_Trade_Name: Test Cases/Reusable_Test_Sequences/CAT_Click_Search_Trade_Name

2019-11-11 08:18:49 - [TEST_STEP][PASSED] - click(findTestObject("Page_Checkatrade Find a tradesperson you can trust/a_or look up a member by name")): Object: 'Object Repository/Page_Checkatrade Find a tradesperson you can trust/a_or look up a member by name' is clicked on

2019-11-11 08:18:50 - [MESSAGE][PASSED] - Object: 'Object Repository/Page_Checkatrade Find a tradesperson you can trust/a_or look up a member by name' is clicked on

2019-11-11 08:18:50 - [TEST_STEP][PASSED] - waitForPageLoad(60): Wait for page load successfully

2019-11-11 08:18:50 - [MESSAGE][PASSED] - Wait for page load successfully

2019-11-11 08:18:50 - [MESSAGE][PASSED] - Call Test Case 'Test Cases/Reusable_Test_Sequences/CAT_Click_Search_Trade_Name' successfully

2019-11-11 08:18:50 - [TEST_STEP][PASSED] - "---------------------------------------": null

2019-11-11 08:18:50 - [TEST_STEP][PASSED] - " Enter Trader Name (or ID) to Search   |": null

2019-11-11 08:18:50 - [TEST_STEP][PASSED] - callTestCase(findTestCase("Reusable_Test_Sequences/CAT_Enter_Trade_Name"), [:], CONTINUE_ON_FAILURE): Call Test Case 'Test Cases/Reusable_Test_Sequences/CAT_Enter_Trade_Name' successfully

2019-11-11 08:18:50 - [TEST_CASE][PASSED] - Test Cases/Reusable_Test_Sequences/CAT_Enter_Trade_Name: Test Cases/Reusable_Test_Sequences/CAT_Enter_Trade_Name

2019-11-11 08:18:50 - [TEST_STEP][PASSED] - setText(findTestObject("Page_Checkatrade Find a tradesperson you can trust/Trader_Name_To_Search"), findTestData("Search_CAT_ID_Data (1)").getValue("tradeName", row)): Text '230761' is set on object 'Object Repository/Page_Checkatrade Find a tradesperson you can trust/Trader_Name_To_Search'

2019-11-11 08:18:50 - [MESSAGE][PASSED] - Text '230761' is set on object 'Object Repository/Page_Checkatrade Find a tradesperson you can trust/Trader_Name_To_Search'

2019-11-11 08:18:50 - [MESSAGE][PASSED] - Call Test Case 'Test Cases/Reusable_Test_Sequences/CAT_Enter_Trade_Name' successfully

2019-11-11 08:18:50 - [TEST_STEP][PASSED] - "---------------------------------------": null

2019-11-11 08:18:50 - [TEST_STEP][PASSED] - " Search Trader Name (or ID)            |": null

2019-11-11 08:18:50 - [TEST_STEP][PASSED] - callTestCase(findTestCase("Reusable_Test_Sequences/CAT_Search_Trade_Name"), [:], CONTINUE_ON_FAILURE): Call Test Case 'Test Cases/Reusable_Test_Sequences/CAT_Search_Trade_Name' successfully

2019-11-11 08:18:50 - [TEST_CASE][PASSED] - Test Cases/Reusable_Test_Sequences/CAT_Search_Trade_Name: Test Cases/Reusable_Test_Sequences/CAT_Search_Trade_Name

2019-11-11 08:18:50 - [TEST_STEP][PASSED] - "Hit Search Trade Person by Name (or CAT ID) after parameters are entered": null

2019-11-11 08:18:50 - [TEST_STEP][PASSED] - click(findTestObject("Page_Checkatrade Find a tradesperson you can trust/span_Trade_Name")): Object: 'Object Repository/Page_Checkatrade Find a tradesperson you can trust/span_Trade_Name' is clicked on

2019-11-11 08:18:57 - [MESSAGE][PASSED] - Object: 'Object Repository/Page_Checkatrade Find a tradesperson you can trust/span_Trade_Name' is clicked on

2019-11-11 08:18:57 - [TEST_STEP][PASSED] - waitForPageLoad(60): Wait for page load successfully

2019-11-11 08:18:57 - [MESSAGE][PASSED] - Wait for page load successfully

2019-11-11 08:18:57 - [MESSAGE][PASSED] - Call Test Case 'Test Cases/Reusable_Test_Sequences/CAT_Search_Trade_Name' successfully

2019-11-11 08:18:57 - [TEST_STEP][PASSED] - "------------------------------------------": null

2019-11-11 08:18:57 - [TEST_STEP][PASSED] - " Scroll to Page Footer to Reveal Results  |": null

2019-11-11 08:18:57 - [TEST_STEP][PASSED] - callTestCase(findTestCase("Reusable_Test_Sequences/CAT_Scroll_to_Footer"), [:], CONTINUE_ON_FAILURE): Call Test Case 'Test Cases/Reusable_Test_Sequences/CAT_Scroll_to_Footer' successfully

2019-11-11 08:18:57 - [TEST_CASE][PASSED] - Test Cases/Reusable_Test_Sequences/CAT_Scroll_to_Footer: Test Cases/Reusable_Test_Sequences/CAT_Scroll_to_Footer

2019-11-11 08:18:57 - [TEST_STEP][PASSED] - "Scroll - To Footer on the bottom of the page (sometime off the screen) ": null

2019-11-11 08:18:57 - [TEST_STEP][PASSED] - scrollToElement(findTestObject("Page_of_Results/div_see all_footer__van-with-trailer"), 60): Scroll to object 'Object Repository/Page_of_Results/div_see all_footer__van-with-trailer' successfully

2019-11-11 08:18:57 - [MESSAGE][PASSED] - Scroll to object 'Object Repository/Page_of_Results/div_see all_footer__van-with-trailer' successfully

2019-11-11 08:18:57 - [TEST_STEP][PASSED] - delay(1): Delayed 1 second(s)

2019-11-11 08:18:58 - [MESSAGE][PASSED] - Delayed 1 second(s)

2019-11-11 08:18:58 - [MESSAGE][PASSED] - Call Test Case 'Test Cases/Reusable_Test_Sequences/CAT_Scroll_to_Footer' successfully

2019-11-11 08:18:58 - [TEST_STEP][PASSED] - "------------------------------------------": null

2019-11-11 08:18:58 - [TEST_STEP][PASSED] - " Verify Correct Location is Returned     |": null

2019-11-11 08:18:58 - [TEST_STEP][PASSED] - callTestCase(findTestCase("Reusable_Test_Sequences/CAT_Verification_Location"), [:], CONTINUE_ON_FAILURE): Call Test Case 'Test Cases/Reusable_Test_Sequences/CAT_Verification_Location' successfully

2019-11-11 08:18:58 - [TEST_CASE][PASSED] - Test Cases/Reusable_Test_Sequences/CAT_Verification_Location: Test Cases/Reusable_Test_Sequences/CAT_Verification_Location

2019-11-11 08:18:58 - [TEST_STEP][PASSED] - verifyTextPresent(findTestData("Search_CAT_ID_Data (1)").getValue("tradeNameLocationVerification", row), false): Text 'Rustington, West Sussex' is present on page 

2019-11-11 08:18:59 - [MESSAGE][PASSED] - Text 'Rustington, West Sussex' is present on page 

2019-11-11 08:18:59 - [MESSAGE][PASSED] - Call Test Case 'Test Cases/Reusable_Test_Sequences/CAT_Verification_Location' successfully

2019-11-11 08:18:59 - [TEST_STEP][PASSED] - "------------------------------------------": null

2019-11-11 08:18:59 - [TEST_STEP][PASSED] - " Verify Primary Contact is Returned     |": null

2019-11-11 08:18:59 - [TEST_STEP][PASSED] - callTestCase(findTestCase("Reusable_Test_Sequences/CAT_Verification_Primary_Contact"), [:], CONTINUE_ON_FAILURE): Call Test Case 'Test Cases/Reusable_Test_Sequences/CAT_Verification_Primary_Contact' successfully

2019-11-11 08:18:59 - [TEST_CASE][PASSED] - Test Cases/Reusable_Test_Sequences/CAT_Verification_Primary_Contact: Test Cases/Reusable_Test_Sequences/CAT_Verification_Primary_Contact

2019-11-11 08:18:59 - [TEST_STEP][PASSED] - verifyTextPresent(findTestData("Search_CAT_ID_Data (1)").getValue("primeContact", row), false): Text 'David Clarke' is present on page 

2019-11-11 08:19:00 - [MESSAGE][PASSED] - Text 'David Clarke' is present on page 

2019-11-11 08:19:00 - [MESSAGE][PASSED] - Call Test Case 'Test Cases/Reusable_Test_Sequences/CAT_Verification_Primary_Contact' successfully

2019-11-11 08:19:00 - [TEST_STEP][PASSED] - "--------------------------": null

2019-11-11 08:19:00 - [TEST_STEP][PASSED] - " Teardown - CLose Browser |": null

2019-11-11 08:19:00 - [TEST_STEP][PASSED] - callTestCase(findTestCase("Reusable_Test_Sequences/CAT_Teardown"), [:], OPTIONAL): Call Test Case 'Test Cases/Reusable_Test_Sequences/CAT_Teardown' successfully

2019-11-11 08:19:00 - [TEST_CASE][PASSED] - Test Cases/Reusable_Test_Sequences/CAT_Teardown: Test Cases/Reusable_Test_Sequences/CAT_Teardown

2019-11-11 08:19:00 - [TEST_STEP][PASSED] - closeBrowser(): Browser is closed

2019-11-11 08:19:02 - [MESSAGE][PASSED] - Browser is closed

2019-11-11 08:19:02 - [MESSAGE][PASSED] - Call Test Case 'Test Cases/Reusable_Test_Sequences/CAT_Teardown' successfully

2019-11-11 08:19:02 - [TEST_STEP][PASSED] - callTestCase(findTestCase("Reusable_Test_Sequences/CAT_Setup"), [:], STOP_ON_FAILURE): Call Test Case 'Test Cases/Reusable_Test_Sequences/CAT_Setup' successfully

2019-11-11 08:19:02 - [TEST_CASE][PASSED] - Test Cases/Reusable_Test_Sequences/CAT_Setup: Test Cases/Reusable_Test_Sequences/CAT_Setup

2019-11-11 08:19:02 - [TEST_STEP][PASSED] - "URL - Set from the ENVIRONMENT PROFILE ": null

2019-11-11 08:19:02 - [TEST_STEP][PASSED] - openBrowser(URL): Browser is opened with url: 'https://www.preview.checkatrade.com/'

2019-11-11 08:19:02 - [MESSAGE][INFO] - Starting 'Firefox' driver

2019-11-11 08:19:10 - [MESSAGE][PASSED] - Browser is opened with url: 'https://www.preview.checkatrade.com/'

2019-11-11 08:19:10 - [TEST_STEP][PASSED] - maximizeWindow(): Current window maximized

2019-11-11 08:19:10 - [MESSAGE][PASSED] - Current window maximized

2019-11-11 08:19:10 - [TEST_STEP][PASSED] - waitForPageLoad(60): Wait for page load successfully

2019-11-11 08:19:10 - [MESSAGE][PASSED] - Wait for page load successfully

2019-11-11 08:19:10 - [TEST_STEP][PASSED] - waitForElementVisible(findTestObject("Page_Checkatrade Find a tradesperson you can trust/a_Search"), 25): Object 'Object Repository/Page_Checkatrade Find a tradesperson you can trust/a_Search' is visible

2019-11-11 08:19:10 - [MESSAGE][PASSED] - Object 'Object Repository/Page_Checkatrade Find a tradesperson you can trust/a_Search' is visible

2019-11-11 08:19:10 - [TEST_STEP][PASSED] - try: null

2019-11-11 08:19:10 - [TEST_STEP][PASSED] - if (verifyElementPresent(findTestObject("Page_Checkatrade Find a tradesperson you can trust/div_close"), 1, OPTIONAL)): null

2019-11-11 08:19:10 - [MESSAGE][PASSED] - Object 'Object Repository/Page_Checkatrade Find a tradesperson you can trust/div_close' is present

2019-11-11 08:19:10 - [TEST_STEP][PASSED] - click(findTestObject("Page_Checkatrade Find a tradesperson you can trust/div_close")): Object: 'Object Repository/Page_Checkatrade Find a tradesperson you can trust/div_close' is clicked on

2019-11-11 08:19:11 - [MESSAGE][PASSED] - Object: 'Object Repository/Page_Checkatrade Find a tradesperson you can trust/div_close' is clicked on

2019-11-11 08:19:11 - [TEST_STEP][PASSED] - "---------------------------------": null

2019-11-11 08:19:11 - [TEST_STEP][PASSED] - "COOKIE POPOUT REMOVED - Confirmed": null

2019-11-11 08:19:11 - [TEST_STEP][PASSED] - delay(1): Delayed 1 second(s)

2019-11-11 08:19:12 - [MESSAGE][PASSED] - Delayed 1 second(s)

2019-11-11 08:19:12 - [TEST_STEP][PASSED] - verifyTextNotPresent("Checkatrade.com uses cookies to make sure you get the best browsing experience", false): Text 'Checkatrade.com uses cookies to make sure you get the best browsing experience' is not present on page

2019-11-11 08:19:12 - [MESSAGE][PASSED] - Text 'Checkatrade.com uses cookies to make sure you get the best browsing experience' is not present on page

2019-11-11 08:19:12 - [TEST_STEP][PASSED] - try: null

2019-11-11 08:19:12 - [TEST_STEP][PASSED] - if (verifyElementPresent(findTestObject("Page_Checkatrade Find a tradesperson you can trust/div_close_1"), 1, OPTIONAL)): null

2019-11-11 08:19:12 - [MESSAGE][PASSED] - Object 'Object Repository/Page_Checkatrade Find a tradesperson you can trust/div_close_1' is present

2019-11-11 08:19:12 - [TEST_STEP][PASSED] - click(findTestObject("Page_Checkatrade Find a tradesperson you can trust/div_close_1")): Object: 'Object Repository/Page_Checkatrade Find a tradesperson you can trust/div_close_1' is clicked on

2019-11-11 08:19:12 - [MESSAGE][PASSED] - Object: 'Object Repository/Page_Checkatrade Find a tradesperson you can trust/div_close_1' is clicked on

2019-11-11 08:19:12 - [TEST_STEP][PASSED] - "---------------------------------": null

2019-11-11 08:19:12 - [TEST_STEP][PASSED] - "PRIVACY POPOUT REMOVED - Confirmed": null

2019-11-11 08:19:12 - [TEST_STEP][PASSED] - delay(1): Delayed 1 second(s)

2019-11-11 08:19:13 - [MESSAGE][PASSED] - Delayed 1 second(s)

2019-11-11 08:19:13 - [TEST_STEP][PASSED] - verifyTextNotPresent("We have updated our Privacy Policy, please review this", false): Text 'We have updated our Privacy Policy, please review this' is not present on page

2019-11-11 08:19:14 - [MESSAGE][PASSED] - Text 'We have updated our Privacy Policy, please review this' is not present on page

2019-11-11 08:19:14 - [MESSAGE][PASSED] - Call Test Case 'Test Cases/Reusable_Test_Sequences/CAT_Setup' successfully

2019-11-11 08:19:14 - [TEST_STEP][PASSED] - "---------------------------------------------------------------------": null

2019-11-11 08:19:14 - [TEST_STEP][PASSED] - " Select Search on Trader Name (or ID) From Home page/Search Screen   |": null

2019-11-11 08:19:14 - [TEST_STEP][PASSED] - callTestCase(findTestCase("Reusable_Test_Sequences/CAT_Click_Search_Trade_Name"), [:], CONTINUE_ON_FAILURE): Call Test Case 'Test Cases/Reusable_Test_Sequences/CAT_Click_Search_Trade_Name' successfully

2019-11-11 08:19:14 - [TEST_CASE][PASSED] - Test Cases/Reusable_Test_Sequences/CAT_Click_Search_Trade_Name: Test Cases/Reusable_Test_Sequences/CAT_Click_Search_Trade_Name

2019-11-11 08:19:14 - [TEST_STEP][PASSED] - click(findTestObject("Page_Checkatrade Find a tradesperson you can trust/a_or look up a member by name")): Object: 'Object Repository/Page_Checkatrade Find a tradesperson you can trust/a_or look up a member by name' is clicked on

2019-11-11 08:19:14 - [MESSAGE][PASSED] - Object: 'Object Repository/Page_Checkatrade Find a tradesperson you can trust/a_or look up a member by name' is clicked on

2019-11-11 08:19:14 - [TEST_STEP][PASSED] - waitForPageLoad(60): Wait for page load successfully

2019-11-11 08:19:14 - [MESSAGE][PASSED] - Wait for page load successfully

2019-11-11 08:19:14 - [MESSAGE][PASSED] - Call Test Case 'Test Cases/Reusable_Test_Sequences/CAT_Click_Search_Trade_Name' successfully

2019-11-11 08:19:14 - [TEST_STEP][PASSED] - "---------------------------------------": null

2019-11-11 08:19:14 - [TEST_STEP][PASSED] - " Enter Trader Name (or ID) to Search   |": null

2019-11-11 08:19:14 - [TEST_STEP][PASSED] - callTestCase(findTestCase("Reusable_Test_Sequences/CAT_Enter_Trade_Name"), [:], CONTINUE_ON_FAILURE): Call Test Case 'Test Cases/Reusable_Test_Sequences/CAT_Enter_Trade_Name' successfully

2019-11-11 08:19:14 - [TEST_CASE][PASSED] - Test Cases/Reusable_Test_Sequences/CAT_Enter_Trade_Name: Test Cases/Reusable_Test_Sequences/CAT_Enter_Trade_Name

2019-11-11 08:19:14 - [TEST_STEP][PASSED] - setText(findTestObject("Page_Checkatrade Find a tradesperson you can trust/Trader_Name_To_Search"), findTestData("Search_CAT_ID_Data (1)").getValue("tradeName", row)): Text '381198' is set on object 'Object Repository/Page_Checkatrade Find a tradesperson you can trust/Trader_Name_To_Search'

2019-11-11 08:19:14 - [MESSAGE][PASSED] - Text '381198' is set on object 'Object Repository/Page_Checkatrade Find a tradesperson you can trust/Trader_Name_To_Search'

2019-11-11 08:19:14 - [MESSAGE][PASSED] - Call Test Case 'Test Cases/Reusable_Test_Sequences/CAT_Enter_Trade_Name' successfully

2019-11-11 08:19:14 - [TEST_STEP][PASSED] - "---------------------------------------": null

2019-11-11 08:19:14 - [TEST_STEP][PASSED] - " Search Trader Name (or ID)            |": null

2019-11-11 08:19:14 - [TEST_STEP][PASSED] - callTestCase(findTestCase("Reusable_Test_Sequences/CAT_Search_Trade_Name"), [:], CONTINUE_ON_FAILURE): Call Test Case 'Test Cases/Reusable_Test_Sequences/CAT_Search_Trade_Name' successfully

2019-11-11 08:19:14 - [TEST_CASE][PASSED] - Test Cases/Reusable_Test_Sequences/CAT_Search_Trade_Name: Test Cases/Reusable_Test_Sequences/CAT_Search_Trade_Name

2019-11-11 08:19:14 - [TEST_STEP][PASSED] - "Hit Search Trade Person by Name (or CAT ID) after parameters are entered": null

2019-11-11 08:19:14 - [TEST_STEP][PASSED] - click(findTestObject("Page_Checkatrade Find a tradesperson you can trust/span_Trade_Name")): Object: 'Object Repository/Page_Checkatrade Find a tradesperson you can trust/span_Trade_Name' is clicked on

2019-11-11 08:19:18 - [MESSAGE][PASSED] - Object: 'Object Repository/Page_Checkatrade Find a tradesperson you can trust/span_Trade_Name' is clicked on

2019-11-11 08:19:18 - [TEST_STEP][PASSED] - waitForPageLoad(60): Wait for page load successfully

2019-11-11 08:19:19 - [MESSAGE][PASSED] - Wait for page load successfully

2019-11-11 08:19:19 - [MESSAGE][PASSED] - Call Test Case 'Test Cases/Reusable_Test_Sequences/CAT_Search_Trade_Name' successfully

2019-11-11 08:19:19 - [TEST_STEP][PASSED] - "------------------------------------------": null

2019-11-11 08:19:19 - [TEST_STEP][PASSED] - " Scroll to Page Footer to Reveal Results  |": null

2019-11-11 08:19:19 - [TEST_STEP][PASSED] - callTestCase(findTestCase("Reusable_Test_Sequences/CAT_Scroll_to_Footer"), [:], CONTINUE_ON_FAILURE): Call Test Case 'Test Cases/Reusable_Test_Sequences/CAT_Scroll_to_Footer' successfully

2019-11-11 08:19:19 - [TEST_CASE][PASSED] - Test Cases/Reusable_Test_Sequences/CAT_Scroll_to_Footer: Test Cases/Reusable_Test_Sequences/CAT_Scroll_to_Footer

2019-11-11 08:19:19 - [TEST_STEP][PASSED] - "Scroll - To Footer on the bottom of the page (sometime off the screen) ": null

2019-11-11 08:19:19 - [TEST_STEP][PASSED] - scrollToElement(findTestObject("Page_of_Results/div_see all_footer__van-with-trailer"), 60): Scroll to object 'Object Repository/Page_of_Results/div_see all_footer__van-with-trailer' successfully

2019-11-11 08:19:19 - [MESSAGE][PASSED] - Scroll to object 'Object Repository/Page_of_Results/div_see all_footer__van-with-trailer' successfully

2019-11-11 08:19:19 - [TEST_STEP][PASSED] - delay(1): Delayed 1 second(s)

2019-11-11 08:19:20 - [MESSAGE][PASSED] - Delayed 1 second(s)

2019-11-11 08:19:20 - [MESSAGE][PASSED] - Call Test Case 'Test Cases/Reusable_Test_Sequences/CAT_Scroll_to_Footer' successfully

2019-11-11 08:19:20 - [TEST_STEP][PASSED] - "------------------------------------------": null

2019-11-11 08:19:20 - [TEST_STEP][PASSED] - " Verify Correct Location is Returned     |": null

2019-11-11 08:19:20 - [TEST_STEP][PASSED] - callTestCase(findTestCase("Reusable_Test_Sequences/CAT_Verification_Location"), [:], CONTINUE_ON_FAILURE): Call Test Case 'Test Cases/Reusable_Test_Sequences/CAT_Verification_Location' successfully

2019-11-11 08:19:20 - [TEST_CASE][PASSED] - Test Cases/Reusable_Test_Sequences/CAT_Verification_Location: Test Cases/Reusable_Test_Sequences/CAT_Verification_Location

2019-11-11 08:19:20 - [TEST_STEP][PASSED] - verifyTextPresent(findTestData("Search_CAT_ID_Data (1)").getValue("tradeNameLocationVerification", row), false): Text 'Bognor Regis' is present on page 

2019-11-11 08:19:22 - [MESSAGE][PASSED] - Text 'Bognor Regis' is present on page 

2019-11-11 08:19:22 - [MESSAGE][PASSED] - Call Test Case 'Test Cases/Reusable_Test_Sequences/CAT_Verification_Location' successfully

2019-11-11 08:19:22 - [TEST_STEP][PASSED] - "------------------------------------------": null

2019-11-11 08:19:22 - [TEST_STEP][PASSED] - " Verify Primary Contact is Returned     |": null

2019-11-11 08:19:22 - [TEST_STEP][PASSED] - callTestCase(findTestCase("Reusable_Test_Sequences/CAT_Verification_Primary_Contact"), [:], CONTINUE_ON_FAILURE): Call Test Case 'Test Cases/Reusable_Test_Sequences/CAT_Verification_Primary_Contact' successfully

2019-11-11 08:19:22 - [TEST_CASE][PASSED] - Test Cases/Reusable_Test_Sequences/CAT_Verification_Primary_Contact: Test Cases/Reusable_Test_Sequences/CAT_Verification_Primary_Contact

2019-11-11 08:19:22 - [TEST_STEP][PASSED] - verifyTextPresent(findTestData("Search_CAT_ID_Data (1)").getValue("primeContact", row), false): Text 'Mr Scott Heyburn' is present on page 

2019-11-11 08:19:23 - [MESSAGE][PASSED] - Text 'Mr Scott Heyburn' is present on page 

2019-11-11 08:19:23 - [MESSAGE][PASSED] - Call Test Case 'Test Cases/Reusable_Test_Sequences/CAT_Verification_Primary_Contact' successfully

2019-11-11 08:19:23 - [TEST_STEP][PASSED] - "--------------------------": null

2019-11-11 08:19:23 - [TEST_STEP][PASSED] - " Teardown - CLose Browser |": null

2019-11-11 08:19:23 - [TEST_STEP][PASSED] - callTestCase(findTestCase("Reusable_Test_Sequences/CAT_Teardown"), [:], OPTIONAL): Call Test Case 'Test Cases/Reusable_Test_Sequences/CAT_Teardown' successfully

2019-11-11 08:19:23 - [TEST_CASE][PASSED] - Test Cases/Reusable_Test_Sequences/CAT_Teardown: Test Cases/Reusable_Test_Sequences/CAT_Teardown

2019-11-11 08:19:23 - [TEST_STEP][PASSED] - closeBrowser(): Browser is closed

2019-11-11 08:19:25 - [MESSAGE][PASSED] - Browser is closed

2019-11-11 08:19:25 - [MESSAGE][PASSED] - Call Test Case 'Test Cases/Reusable_Test_Sequences/CAT_Teardown' successfully]]></system-out>
         <system-err><![CDATA[]]></system-err>
      </testcase>
      <system-out><![CDATA[2019-11-11 08:17:14 - [TEST_SUITE][PASSED] - Trade_Name_Multiple_Search: Test Cases/Checkatrade_Tradesman_Searches/Trade_Name_Search_Multiple]]></system-out>
      <system-err><![CDATA[]]></system-err>
   </testsuite>
</testsuites>
