<?xml version="1.0" encoding="UTF-8"?>
<testsuites name="Mobile_Devices" time="159.375" tests="1" failures="0" errors="0">
   <testsuite name="Mobile_Devices" tests="1" failures="0" errors="0" time="159.375" timestamp="2020-01-17 09:03:35" hostname="DavidHo - VETTEDSP36RF.check.local" id="Test Suites/Mobile_Devices">
      <properties>
         <property name="deviceName" value=""/>
         <property name="devicePlatform" value=""/>
         <property name="logFolder" value="C:\\Users\\davidho\\Katalon Studio\\Start\\Reports\\20200117_090315\\Mobile_Devices\\20200117_090317"/>
         <property name="logFiles" value="C:\\Users\\davidho\\Katalon Studio\\Start\\Reports\\20200117_090315\\Mobile_Devices\\20200117_090317\\execution0.log"/>
         <property name="attachments" value=""/>
         <property name="hostName" value="DavidHo - VETTEDSP36RF.check.local"/>
         <property name="os" value="Windows 10 32bit"/>
         <property name="katalonVersion" value="7.1.2.1"/>
         <property name="browser" value="Chrome 79.0.3945.117"/>
         <property name="hostAddress" value="10.0.13.186"/>
         <property name="sessionId" value="0cebbb5a1e14d56ac06aee12945cd965"/>
         <property name="seleniumVersion" value="3.141.59"/>
         <property name="proxyInformation" value="ProxyInformation{proxyOption=NO_PROXY, proxyServerType=HTTP, password=, proxyServerAddress=, proxyServerPort=0, executionList=}"/>
         <property name="platform" value="Windows 10"/>
      </properties>
      <testcase name="Test Cases/Mobile_Devices/Default_Device_Dev" time="158.963" classname="Test Cases/Mobile_Devices/Default_Device_Dev" status="PASSED">
         <system-out><![CDATA[2020-01-17 09:03:35 - [TEST_CASE][PASSED] - Test Cases/Mobile_Devices/Default_Device_Dev: Test Cases/Mobile_Devices/Default_Device_Dev

2020-01-17 09:03:35 - [TEST_STEP][PASSED] - "-----------------------------------------": null

2020-01-17 09:03:35 - [TEST_STEP][PASSED] - " CONFIGURED TO RUN ON CHROME ONLY!       |": null

2020-01-17 09:03:35 - [TEST_STEP][PASSED] - "-----------------------------------------": null

2020-01-17 09:03:35 - [TEST_STEP][PASSED] - "------------------------------------------------------------------------------------------------------": null

2020-01-17 09:03:35 - [TEST_STEP][PASSED] - "TODO script need to be Restructure - Using browser Capabilities rather than setViewPortSize           |": null

2020-01-17 09:03:35 - [TEST_STEP][PASSED] - "------------------------------------------------------------------------------------------------------": null

2020-01-17 09:03:35 - [TEST_STEP][PASSED] - for ([row = 1, row <= findTestData("Mobile_Test_Data").getRowNumbers(), (internal.GlobalVariable.row++)]): Call Test Case 'Test Cases/Reusable_Test_Sequences/CAT_Teardown' successfully

2020-01-17 09:03:38 - [TEST_STEP][PASSED] - "------------------------------": null

2020-01-17 09:03:38 - [TEST_STEP][PASSED] - " Set Mobile Device Testing    |": null

2020-01-17 09:03:38 - [TEST_STEP][PASSED] - Mobile_Flag = "false": null

2020-01-17 09:03:38 - [TEST_STEP][PASSED] - "------------------------------": null

2020-01-17 09:03:38 - [TEST_STEP][PASSED] - " Set Mobile Device Testing    |": null

2020-01-17 09:03:38 - [TEST_STEP][PASSED] - callTestCase(findTestCase("Reusable_Test_Sequences/CAT_Setup"), [:], OPTIONAL): Call Test Case 'Test Cases/Reusable_Test_Sequences/CAT_Setup' successfully

2020-01-17 09:03:38 - [TEST_CASE][PASSED] - Test Cases/Reusable_Test_Sequences/CAT_Setup: Test Cases/Reusable_Test_Sequences/CAT_Setup

2020-01-17 09:03:39 - [TEST_STEP][PASSED] - "------------------------------": null

2020-01-17 09:03:39 - [TEST_STEP][PASSED] - " Set Mobile Device Testing    |": null

2020-01-17 09:03:39 - [TEST_STEP][PASSED] - if (Mobile_Flag == "true"): null

2020-01-17 09:03:39 - [TEST_STEP][PASSED] - "------------------------------": null

2020-01-17 09:03:39 - [TEST_STEP][PASSED] - " Set Mobile Device Testing    |": null

2020-01-17 09:03:39 - [TEST_STEP][PASSED] - "------------------------------": null

2020-01-17 09:03:39 - [TEST_STEP][PASSED] - "URL - Set from the ENVIRONMENT PROFILE ": null

2020-01-17 09:03:39 - [TEST_STEP][PASSED] - openBrowser(URL): Browser is opened with url: 'https://www.preview.checkatrade.com/'

2020-01-17 09:03:39 - [MESSAGE][INFO] - Starting 'Chrome' driver

2020-01-17 09:03:39 - [MESSAGE][INFO] - Action delay is set to 0 seconds

2020-01-17 09:03:51 - [MESSAGE][PASSED] - Browser is opened with url: 'https://www.preview.checkatrade.com/'

2020-01-17 09:03:51 - [TEST_STEP][PASSED] - maximizeWindow(): Current window maximized

2020-01-17 09:03:55 - [MESSAGE][PASSED] - Current window maximized

2020-01-17 09:03:55 - [TEST_STEP][PASSED] - waitForPageLoad(60): Wait for page load successfully

2020-01-17 09:03:55 - [MESSAGE][PASSED] - Wait for page load successfully

2020-01-17 09:03:55 - [TEST_STEP][PASSED] - "Previous Functionalilty Left Commented For Ease Of reversion": null

2020-01-17 09:03:55 - [TEST_STEP][PASSED] - try: Text 'Cookie Policy' is not present on page

2020-01-17 09:03:55 - [TEST_STEP][PASSED] - verifyElementPresent(findTestObject("Object Repository/Cookies/Page_Checkatrade Find a tradesperson you can trust/button_Accept All"), 5): Object 'Object Repository/Cookies/Page_Checkatrade Find a tradesperson you can trust/button_Accept All' is present

2020-01-17 09:03:55 - [MESSAGE][PASSED] - Object 'Object Repository/Cookies/Page_Checkatrade Find a tradesperson you can trust/button_Accept All' is present

2020-01-17 09:03:55 - [TEST_STEP][PASSED] - click(findTestObject("Object Repository/Cookies/Page_Checkatrade Find a tradesperson you can trust/button_Accept All")): Object: 'Object Repository/Cookies/Page_Checkatrade Find a tradesperson you can trust/button_Accept All' is clicked on

2020-01-17 09:03:55 - [MESSAGE][PASSED] - Object: 'Object Repository/Cookies/Page_Checkatrade Find a tradesperson you can trust/button_Accept All' is clicked on

2020-01-17 09:03:55 - [TEST_STEP][PASSED] - "---------------------------------": null

2020-01-17 09:03:55 - [TEST_STEP][PASSED] - "COOKIE POPOUT REMOVED - Confirmed": null

2020-01-17 09:03:55 - [TEST_STEP][PASSED] - delay(1): Delayed 1 second(s)

2020-01-17 09:03:56 - [MESSAGE][PASSED] - Delayed 1 second(s)

2020-01-17 09:03:56 - [TEST_STEP][PASSED] - verifyTextNotPresent("We use cookies to personalise content and ads, to provide social media features and to analyse our traffic", false): Text 'We use cookies to personalise content and ads, to provide social media features and to analyse our traffic' is not present on page

2020-01-17 09:03:58 - [MESSAGE][PASSED] - Text 'We use cookies to personalise content and ads, to provide social media features and to analyse our traffic' is not present on page

2020-01-17 09:03:58 - [TEST_STEP][PASSED] - verifyTextNotPresent(" We also share information about your use of our site with our social media, advertising and analytics partners", false): Text ' We also share information about your use of our site with our social media, advertising and analytics partners' is not present on page

2020-01-17 09:03:58 - [MESSAGE][PASSED] - Text ' We also share information about your use of our site with our social media, advertising and analytics partners' is not present on page

2020-01-17 09:03:58 - [TEST_STEP][PASSED] - verifyTextNotPresent("Cookie Policy", false): Text 'Cookie Policy' is not present on page

2020-01-17 09:03:59 - [MESSAGE][PASSED] - Text 'Cookie Policy' is not present on page

2020-01-17 09:03:59 - [TEST_STEP][PASSED] - waitForPageLoad(60): Wait for page load successfully

2020-01-17 09:03:59 - [MESSAGE][PASSED] - Wait for page load successfully

2020-01-17 09:03:59 - [TEST_STEP][PASSED] - "COOKIE - ORIGINAL": null

2020-01-17 09:03:59 - [TEST_STEP][PASSED] - if (waitForElementVisible(findTestObject("Object Repository/Feedback/Page_Checkatrade Give your feedback/input_Member_to_Review"), 5)): Web element with id: 'Object Repository/Feedback/Page_Checkatrade Give your feedback/input_Member_to_Review' located by 'By.xpath: //input[@id='feedback-form__company_autocomplete_input']' not found

2020-01-17 09:04:03 - [MESSAGE][INFO] - Unable to find the element located by 'By.xpath: //input[@id='feedback-form__company_autocomplete_input']'. Please recheck the objects properties to make sure the desired element is located. 

2020-01-17 09:04:03 - [MESSAGE][WARNING] - Web element with id: 'Object Repository/Feedback/Page_Checkatrade Give your feedback/input_Member_to_Review' located by 'By.xpath: //input[@id='feedback-form__company_autocomplete_input']' not found

2020-01-17 09:04:03 - [TEST_STEP][PASSED] - else: The <<<OLD>>> Website was detected by the STARTUP Process

2020-01-17 09:04:03 - [TEST_STEP][PASSED] - if (!(verifyElementVisible(findTestObject("Object Repository/Checkatrade_Trade_Search_Page/Page_Checkatrade Find a tradesperson you can trust/input_Search_Button_FF")))): Object 'Object Repository/Checkatrade_Trade_Search_Page/Page_Checkatrade Find a tradesperson you can trust/input_Search_Button_FF' is visible

2020-01-17 09:04:03 - [MESSAGE][PASSED] - Object 'Object Repository/Checkatrade_Trade_Search_Page/Page_Checkatrade Find a tradesperson you can trust/input_Search_Button_FF' is visible

2020-01-17 09:04:03 - [TEST_STEP][PASSED] - else: The <<<OLD>>> Website was detected by the STARTUP Process

2020-01-17 09:04:03 - [TEST_STEP][PASSED] - Website_Version = "old": null

2020-01-17 09:04:03 - [TEST_STEP][PASSED] - logInfo("The <<<OLD>>> Website was detected by the STARTUP Process"): The <<<OLD>>> Website was detected by the STARTUP Process

2020-01-17 09:04:03 - [MESSAGE][INFO] - The <<<OLD>>> Website was detected by the STARTUP Process

2020-01-17 09:04:03 - [MESSAGE][PASSED] - Call Test Case 'Test Cases/Reusable_Test_Sequences/CAT_Setup' successfully

2020-01-17 09:04:03 - [TEST_STEP][PASSED] - " ALTERNATIVE SCREEN RESOLUTION SELECTION METHOD": null

2020-01-17 09:04:03 - [TEST_STEP][PASSED] - " Block Comment Start": null

2020-01-17 09:04:03 - [TEST_STEP][PASSED] - " ACTUAL SCREEN RESOLUTION SELECTION METHOD USED": null

2020-01-17 09:04:03 - [TEST_STEP][PASSED] - XCOORD = Integer.parseInt(findTestData("searchTestData").getValue("X_COORD", row)): null

2020-01-17 09:04:03 - [TEST_STEP][PASSED] - YCOORD = Integer.parseInt(findTestData("searchTestData").getValue("Y_COORD", row)): null

2020-01-17 09:04:03 - [TEST_STEP][PASSED] - setViewPortSize(XCOORD, YCOORD): Viewport is set to new size with width = 800 and height = 1000

2020-01-17 09:04:04 - [MESSAGE][PASSED] - Viewport is set to new size with width = 800 and height = 1000

2020-01-17 09:04:04 - [TEST_STEP][PASSED] - waitForPageLoad(60): Wait for page load successfully

2020-01-17 09:04:04 - [MESSAGE][PASSED] - Wait for page load successfully

2020-01-17 09:04:04 - [TEST_STEP][PASSED] - markPassed("Set View Port Size is currently SET to X AXIS " + XCOORD + " Y AXIS " + YCOORD): Set View Port Size is currently SET to X AXIS 800 Y AXIS 1000

2020-01-17 09:04:04 - [MESSAGE][PASSED] - Set View Port Size is currently SET to X AXIS 800 Y AXIS 1000

2020-01-17 09:04:04 - [TEST_STEP][PASSED] - markPassed("Set View Port Size is currently SET to X AXIS " + XCOORD + " Y AXIS " + YCOORD): Set View Port Size is currently SET to X AXIS 800 Y AXIS 1000

2020-01-17 09:04:04 - [MESSAGE][PASSED] - Set View Port Size is currently SET to X AXIS 800 Y AXIS 1000

2020-01-17 09:04:04 - [TEST_STEP][PASSED] - " Block Commen End": null

2020-01-17 09:04:04 - [TEST_STEP][PASSED] - "---------------------------------------": null

2020-01-17 09:04:04 - [TEST_STEP][PASSED] - " Set and SEARCH TRADE CLASSIFICATION   |": null

2020-01-17 09:04:04 - [TEST_STEP][PASSED] - callTestCase(findTestCase("Reusable_Test_Sequences/CAT_Enter_Trade_Classification"), [:], CONTINUE_ON_FAILURE): Call Test Case 'Test Cases/Reusable_Test_Sequences/CAT_Enter_Trade_Classification' successfully

2020-01-17 09:04:04 - [TEST_CASE][PASSED] - Test Cases/Reusable_Test_Sequences/CAT_Enter_Trade_Classification: Test Cases/Reusable_Test_Sequences/CAT_Enter_Trade_Classification

2020-01-17 09:04:04 - [TEST_STEP][PASSED] - "---------------------------------": null

2020-01-17 09:04:04 - [TEST_STEP][PASSED] - "Set and SEARCH SELECTED TRADE": null

2020-01-17 09:04:04 - [TEST_STEP][PASSED] - if (Website_Version == "new"): null

2020-01-17 09:04:04 - [TEST_STEP][PASSED] - else: Text 'Tree Surgeon' is set on object 'Object Repository/Checkatrade_Trade_Search_Page/Page_Checkatrade Find a tradesperson you can trust/input_Search_Button_FF'

2020-01-17 09:04:04 - [TEST_STEP][PASSED] - click(findTestObject("Object Repository/Checkatrade_Trade_Search_Page/Page_Checkatrade Find a tradesperson you can trust/input_Search_Button_FF")): Object: 'Object Repository/Checkatrade_Trade_Search_Page/Page_Checkatrade Find a tradesperson you can trust/input_Search_Button_FF' is clicked on

2020-01-17 09:04:04 - [MESSAGE][PASSED] - Object: 'Object Repository/Checkatrade_Trade_Search_Page/Page_Checkatrade Find a tradesperson you can trust/input_Search_Button_FF' is clicked on

2020-01-17 09:04:04 - [TEST_STEP][PASSED] - setText(findTestObject("Object Repository/Checkatrade_Trade_Search_Page/Page_Checkatrade Find a tradesperson you can trust/input_Search_Button_FF"), findTestData("searchTestData").getValue("tradeClassification", row)): Text 'Tree Surgeon' is set on object 'Object Repository/Checkatrade_Trade_Search_Page/Page_Checkatrade Find a tradesperson you can trust/input_Search_Button_FF'

2020-01-17 09:04:05 - [MESSAGE][PASSED] - Text 'Tree Surgeon' is set on object 'Object Repository/Checkatrade_Trade_Search_Page/Page_Checkatrade Find a tradesperson you can trust/input_Search_Button_FF'

2020-01-17 09:04:05 - [MESSAGE][PASSED] - Call Test Case 'Test Cases/Reusable_Test_Sequences/CAT_Enter_Trade_Classification' successfully

2020-01-17 09:04:05 - [TEST_STEP][PASSED] - "---------------------------------------": null

2020-01-17 09:04:05 - [TEST_STEP][PASSED] - " Set and SEARCH TRADE LOCATION         |": null

2020-01-17 09:04:05 - [TEST_STEP][PASSED] - callTestCase(findTestCase("Reusable_Test_Sequences/CAT_Enter_Trade_Location"), [:], CONTINUE_ON_FAILURE): Call Test Case 'Test Cases/Reusable_Test_Sequences/CAT_Enter_Trade_Location' successfully

2020-01-17 09:04:05 - [TEST_CASE][PASSED] - Test Cases/Reusable_Test_Sequences/CAT_Enter_Trade_Location: Test Cases/Reusable_Test_Sequences/CAT_Enter_Trade_Location

2020-01-17 09:04:05 - [TEST_STEP][PASSED] - "---------------------------------": null

2020-01-17 09:04:05 - [TEST_STEP][PASSED] - "Set and SEARCH SELECTED LOCATION |": null

2020-01-17 09:04:05 - [TEST_STEP][PASSED] - if (Website_Version == "new"): null

2020-01-17 09:04:05 - [TEST_STEP][PASSED] - else: Text 'Gosport' is set on object 'Object Repository/Checkatrade_Trade_Search_Page/Page_Checkatrade Find a tradesperson you can trust/input_Not here_location'

2020-01-17 09:04:05 - [TEST_STEP][PASSED] - click(findTestObject("Object Repository/Checkatrade_Trade_Search_Page/Page_Checkatrade Find a tradesperson you can trust/input_Not here_location")): Object: 'Object Repository/Checkatrade_Trade_Search_Page/Page_Checkatrade Find a tradesperson you can trust/input_Not here_location' is clicked on

2020-01-17 09:04:08 - [MESSAGE][PASSED] - Object: 'Object Repository/Checkatrade_Trade_Search_Page/Page_Checkatrade Find a tradesperson you can trust/input_Not here_location' is clicked on

2020-01-17 09:04:08 - [TEST_STEP][PASSED] - setText(findTestObject("Object Repository/Checkatrade_Trade_Search_Page/Page_Checkatrade Find a tradesperson you can trust/input_Not here_location"), findTestData("searchTestData").getValue("tradeLocation", row)): Text 'Gosport' is set on object 'Object Repository/Checkatrade_Trade_Search_Page/Page_Checkatrade Find a tradesperson you can trust/input_Not here_location'

2020-01-17 09:04:08 - [MESSAGE][PASSED] - Text 'Gosport' is set on object 'Object Repository/Checkatrade_Trade_Search_Page/Page_Checkatrade Find a tradesperson you can trust/input_Not here_location'

2020-01-17 09:04:08 - [MESSAGE][PASSED] - Call Test Case 'Test Cases/Reusable_Test_Sequences/CAT_Enter_Trade_Location' successfully

2020-01-17 09:04:08 - [TEST_STEP][PASSED] - "---------------------------------------": null

2020-01-17 09:04:08 - [TEST_STEP][PASSED] - " Scroll Search Button into View        |": null

2020-01-17 09:04:08 - [TEST_STEP][PASSED] - "---------------------------------------": null

2020-01-17 09:04:08 - [TEST_STEP][PASSED] - "---------------------------------------": null

2020-01-17 09:04:08 - [TEST_STEP][PASSED] - " Dispel New trades Header              |": null

2020-01-17 09:04:08 - [TEST_STEP][PASSED] - callTestCase(findTestCase("Reusable_Test_Sequences/CAT_Dispel_Trade_Header"), [:], CONTINUE_ON_FAILURE): Call Test Case 'Test Cases/Reusable_Test_Sequences/CAT_Dispel_Trade_Header' successfully

2020-01-17 09:04:08 - [TEST_CASE][PASSED] - Test Cases/Reusable_Test_Sequences/CAT_Dispel_Trade_Header: Test Cases/Reusable_Test_Sequences/CAT_Dispel_Trade_Header

2020-01-17 09:04:09 - [TEST_STEP][PASSED] - " New Function to Dispel Trades Header (on Deployment 05/12/20190) ": null

2020-01-17 09:04:09 - [TEST_STEP][PASSED] - if (row == 4): null

2020-01-17 09:04:09 - [MESSAGE][PASSED] - Call Test Case 'Test Cases/Reusable_Test_Sequences/CAT_Dispel_Trade_Header' successfully

2020-01-17 09:04:09 - [TEST_STEP][PASSED] - "---------------------------------------": null

2020-01-17 09:04:09 - [TEST_STEP][PASSED] - " Hit Search Button                     |": null

2020-01-17 09:04:09 - [TEST_STEP][PASSED] - callTestCase(findTestCase("Reusable_Test_Sequences/CAT_Hit_Search_Button"), [:], CONTINUE_ON_FAILURE): Call Test Case 'Test Cases/Reusable_Test_Sequences/CAT_Hit_Search_Button' successfully

2020-01-17 09:04:09 - [TEST_CASE][PASSED] - Test Cases/Reusable_Test_Sequences/CAT_Hit_Search_Button: Test Cases/Reusable_Test_Sequences/CAT_Hit_Search_Button

2020-01-17 09:04:09 - [TEST_STEP][PASSED] - "---------------------------------": null

2020-01-17 09:04:09 - [TEST_STEP][PASSED] - "HIT SEARCH": null

2020-01-17 09:04:09 - [TEST_STEP][PASSED] - "---------------------------------": null

2020-01-17 09:04:09 - [TEST_STEP][PASSED] - if (Website_Version == "new"): null

2020-01-17 09:04:09 - [TEST_STEP][PASSED] - else: Object: 'Object Repository/Checkatrade_Trade_Search_Page/Page_Checkatrade Find a tradesperson you can trust/Page_Checkatrade Find a tradesperson you can trust/a_Search' is clicked on

2020-01-17 09:04:09 - [TEST_STEP][PASSED] - waitForElementClickable(findTestObject("Object Repository/Checkatrade_Trade_Search_Page/Page_Checkatrade Find a tradesperson you can trust/Page_Checkatrade Find a tradesperson you can trust/a_Search"), 25): Object 'Object Repository/Checkatrade_Trade_Search_Page/Page_Checkatrade Find a tradesperson you can trust/Page_Checkatrade Find a tradesperson you can trust/a_Search' is clickable

2020-01-17 09:04:09 - [MESSAGE][PASSED] - Object 'Object Repository/Checkatrade_Trade_Search_Page/Page_Checkatrade Find a tradesperson you can trust/Page_Checkatrade Find a tradesperson you can trust/a_Search' is clickable

2020-01-17 09:04:09 - [TEST_STEP][PASSED] - click(findTestObject("Object Repository/Checkatrade_Trade_Search_Page/Page_Checkatrade Find a tradesperson you can trust/Page_Checkatrade Find a tradesperson you can trust/a_Search")): Object: 'Object Repository/Checkatrade_Trade_Search_Page/Page_Checkatrade Find a tradesperson you can trust/Page_Checkatrade Find a tradesperson you can trust/a_Search' is clicked on

2020-01-17 09:04:12 - [MESSAGE][PASSED] - Object: 'Object Repository/Checkatrade_Trade_Search_Page/Page_Checkatrade Find a tradesperson you can trust/Page_Checkatrade Find a tradesperson you can trust/a_Search' is clicked on

2020-01-17 09:04:12 - [MESSAGE][PASSED] - Call Test Case 'Test Cases/Reusable_Test_Sequences/CAT_Hit_Search_Button' successfully

2020-01-17 09:04:12 - [TEST_STEP][PASSED] - "---------------------------------------": null

2020-01-17 09:04:12 - [TEST_STEP][PASSED] - " Verify Returned Page is as Expected   |": null

2020-01-17 09:04:12 - [TEST_STEP][PASSED] - callTestCase(findTestCase("Reusable_Test_Sequences/CAT_Verification"), [:], CONTINUE_ON_FAILURE): Call Test Case 'Test Cases/Reusable_Test_Sequences/CAT_Verification' successfully

2020-01-17 09:04:12 - [TEST_CASE][PASSED] - Test Cases/Reusable_Test_Sequences/CAT_Verification: Test Cases/Reusable_Test_Sequences/CAT_Verification

2020-01-17 09:04:12 - [TEST_STEP][PASSED] - "Updated 05/12/2019 due to wholesale Home page changes": null

2020-01-17 09:04:12 - [TEST_STEP][PASSED] - "Expected cantantenated text is Returned": null

2020-01-17 09:04:12 - [TEST_STEP][PASSED] - delay(1): Delayed 1 second(s)

2020-01-17 09:04:13 - [MESSAGE][PASSED] - Delayed 1 second(s)

2020-01-17 09:04:13 - [TEST_STEP][PASSED] - waitForPageLoad(60): Wait for page load successfully

2020-01-17 09:04:13 - [MESSAGE][PASSED] - Wait for page load successfully

2020-01-17 09:04:13 - [TEST_STEP][PASSED] - verifyTextPresent(findTestData("searchTestData").getValue("tradeClassification", row), false): Text 'Tree Surgeon' is present on page 

2020-01-17 09:04:13 - [MESSAGE][PASSED] - Text 'Tree Surgeon' is present on page 

2020-01-17 09:04:13 - [TEST_STEP][PASSED] - verifyTextPresent(findTestData("searchTestData").getValue("tradeLocation", row), false): Text 'Gosport' is present on page 

2020-01-17 09:04:14 - [MESSAGE][PASSED] - Text 'Gosport' is present on page 

2020-01-17 09:04:14 - [MESSAGE][PASSED] - Call Test Case 'Test Cases/Reusable_Test_Sequences/CAT_Verification' successfully

2020-01-17 09:04:14 - [TEST_STEP][PASSED] - "--------------------------": null

2020-01-17 09:04:14 - [TEST_STEP][PASSED] - " Teardown - CLose Browser |": null

2020-01-17 09:04:14 - [TEST_STEP][PASSED] - callTestCase(findTestCase("Reusable_Test_Sequences/CAT_Teardown"), [:], OPTIONAL): Call Test Case 'Test Cases/Reusable_Test_Sequences/CAT_Teardown' successfully

2020-01-17 09:04:14 - [TEST_CASE][PASSED] - Test Cases/Reusable_Test_Sequences/CAT_Teardown: Test Cases/Reusable_Test_Sequences/CAT_Teardown

2020-01-17 09:04:14 - [TEST_STEP][PASSED] - closeBrowser(): Browser is closed

2020-01-17 09:04:15 - [MESSAGE][PASSED] - Browser is closed

2020-01-17 09:04:15 - [MESSAGE][PASSED] - Call Test Case 'Test Cases/Reusable_Test_Sequences/CAT_Teardown' successfully

2020-01-17 09:04:15 - [TEST_STEP][PASSED] - "------------------------------": null

2020-01-17 09:04:15 - [TEST_STEP][PASSED] - " Set Mobile Device Testing    |": null

2020-01-17 09:04:15 - [TEST_STEP][PASSED] - Mobile_Flag = "false": null

2020-01-17 09:04:15 - [TEST_STEP][PASSED] - "------------------------------": null

2020-01-17 09:04:15 - [TEST_STEP][PASSED] - " Set Mobile Device Testing    |": null

2020-01-17 09:04:15 - [TEST_STEP][PASSED] - callTestCase(findTestCase("Reusable_Test_Sequences/CAT_Setup"), [:], OPTIONAL): Call Test Case 'Test Cases/Reusable_Test_Sequences/CAT_Setup' successfully

2020-01-17 09:04:15 - [TEST_CASE][PASSED] - Test Cases/Reusable_Test_Sequences/CAT_Setup: Test Cases/Reusable_Test_Sequences/CAT_Setup

2020-01-17 09:04:15 - [TEST_STEP][PASSED] - "------------------------------": null

2020-01-17 09:04:15 - [TEST_STEP][PASSED] - " Set Mobile Device Testing    |": null

2020-01-17 09:04:15 - [TEST_STEP][PASSED] - if (Mobile_Flag == "true"): null

2020-01-17 09:04:15 - [TEST_STEP][PASSED] - "------------------------------": null

2020-01-17 09:04:15 - [TEST_STEP][PASSED] - " Set Mobile Device Testing    |": null

2020-01-17 09:04:15 - [TEST_STEP][PASSED] - "------------------------------": null

2020-01-17 09:04:15 - [TEST_STEP][PASSED] - "URL - Set from the ENVIRONMENT PROFILE ": null

2020-01-17 09:04:15 - [TEST_STEP][PASSED] - openBrowser(URL): Browser is opened with url: 'https://www.preview.checkatrade.com/'

2020-01-17 09:04:15 - [MESSAGE][INFO] - Starting 'Chrome' driver

2020-01-17 09:04:21 - [MESSAGE][PASSED] - Browser is opened with url: 'https://www.preview.checkatrade.com/'

2020-01-17 09:04:21 - [TEST_STEP][PASSED] - maximizeWindow(): Current window maximized

2020-01-17 09:04:25 - [MESSAGE][PASSED] - Current window maximized

2020-01-17 09:04:25 - [TEST_STEP][PASSED] - waitForPageLoad(60): Wait for page load successfully

2020-01-17 09:04:25 - [MESSAGE][PASSED] - Wait for page load successfully

2020-01-17 09:04:25 - [TEST_STEP][PASSED] - "Previous Functionalilty Left Commented For Ease Of reversion": null

2020-01-17 09:04:25 - [TEST_STEP][PASSED] - try: Text 'Cookie Policy' is not present on page

2020-01-17 09:04:25 - [TEST_STEP][PASSED] - verifyElementPresent(findTestObject("Object Repository/Cookies/Page_Checkatrade Find a tradesperson you can trust/button_Accept All"), 5): Object 'Object Repository/Cookies/Page_Checkatrade Find a tradesperson you can trust/button_Accept All' is present

2020-01-17 09:04:25 - [MESSAGE][PASSED] - Object 'Object Repository/Cookies/Page_Checkatrade Find a tradesperson you can trust/button_Accept All' is present

2020-01-17 09:04:25 - [TEST_STEP][PASSED] - click(findTestObject("Object Repository/Cookies/Page_Checkatrade Find a tradesperson you can trust/button_Accept All")): Object: 'Object Repository/Cookies/Page_Checkatrade Find a tradesperson you can trust/button_Accept All' is clicked on

2020-01-17 09:04:25 - [MESSAGE][PASSED] - Object: 'Object Repository/Cookies/Page_Checkatrade Find a tradesperson you can trust/button_Accept All' is clicked on

2020-01-17 09:04:25 - [TEST_STEP][PASSED] - "---------------------------------": null

2020-01-17 09:04:25 - [TEST_STEP][PASSED] - "COOKIE POPOUT REMOVED - Confirmed": null

2020-01-17 09:04:25 - [TEST_STEP][PASSED] - delay(1): Delayed 1 second(s)

2020-01-17 09:04:26 - [MESSAGE][PASSED] - Delayed 1 second(s)

2020-01-17 09:04:26 - [TEST_STEP][PASSED] - verifyTextNotPresent("We use cookies to personalise content and ads, to provide social media features and to analyse our traffic", false): Text 'We use cookies to personalise content and ads, to provide social media features and to analyse our traffic' is not present on page

2020-01-17 09:04:26 - [MESSAGE][PASSED] - Text 'We use cookies to personalise content and ads, to provide social media features and to analyse our traffic' is not present on page

2020-01-17 09:04:26 - [TEST_STEP][PASSED] - verifyTextNotPresent(" We also share information about your use of our site with our social media, advertising and analytics partners", false): Text ' We also share information about your use of our site with our social media, advertising and analytics partners' is not present on page

2020-01-17 09:04:27 - [MESSAGE][PASSED] - Text ' We also share information about your use of our site with our social media, advertising and analytics partners' is not present on page

2020-01-17 09:04:27 - [TEST_STEP][PASSED] - verifyTextNotPresent("Cookie Policy", false): Text 'Cookie Policy' is not present on page

2020-01-17 09:04:27 - [MESSAGE][PASSED] - Text 'Cookie Policy' is not present on page

2020-01-17 09:04:27 - [TEST_STEP][PASSED] - waitForPageLoad(60): Wait for page load successfully

2020-01-17 09:04:27 - [MESSAGE][PASSED] - Wait for page load successfully

2020-01-17 09:04:27 - [TEST_STEP][PASSED] - "COOKIE - ORIGINAL": null

2020-01-17 09:04:27 - [TEST_STEP][PASSED] - if (waitForElementVisible(findTestObject("Object Repository/Feedback/Page_Checkatrade Give your feedback/input_Member_to_Review"), 5)): Web element with id: 'Object Repository/Feedback/Page_Checkatrade Give your feedback/input_Member_to_Review' located by 'By.xpath: //input[@id='feedback-form__company_autocomplete_input']' not found

2020-01-17 09:04:31 - [MESSAGE][INFO] - Unable to find the element located by 'By.xpath: //input[@id='feedback-form__company_autocomplete_input']'. Please recheck the objects properties to make sure the desired element is located. 

2020-01-17 09:04:31 - [MESSAGE][WARNING] - Web element with id: 'Object Repository/Feedback/Page_Checkatrade Give your feedback/input_Member_to_Review' located by 'By.xpath: //input[@id='feedback-form__company_autocomplete_input']' not found

2020-01-17 09:04:31 - [TEST_STEP][PASSED] - else: The <<<OLD>>> Website was detected by the STARTUP Process

2020-01-17 09:04:31 - [TEST_STEP][PASSED] - if (!(verifyElementVisible(findTestObject("Object Repository/Checkatrade_Trade_Search_Page/Page_Checkatrade Find a tradesperson you can trust/input_Search_Button_FF")))): Object 'Object Repository/Checkatrade_Trade_Search_Page/Page_Checkatrade Find a tradesperson you can trust/input_Search_Button_FF' is visible

2020-01-17 09:04:31 - [MESSAGE][PASSED] - Object 'Object Repository/Checkatrade_Trade_Search_Page/Page_Checkatrade Find a tradesperson you can trust/input_Search_Button_FF' is visible

2020-01-17 09:04:31 - [TEST_STEP][PASSED] - else: The <<<OLD>>> Website was detected by the STARTUP Process

2020-01-17 09:04:31 - [TEST_STEP][PASSED] - Website_Version = "old": null

2020-01-17 09:04:31 - [TEST_STEP][PASSED] - logInfo("The <<<OLD>>> Website was detected by the STARTUP Process"): The <<<OLD>>> Website was detected by the STARTUP Process

2020-01-17 09:04:31 - [MESSAGE][INFO] - The <<<OLD>>> Website was detected by the STARTUP Process

2020-01-17 09:04:31 - [MESSAGE][PASSED] - Call Test Case 'Test Cases/Reusable_Test_Sequences/CAT_Setup' successfully

2020-01-17 09:04:31 - [TEST_STEP][PASSED] - " ALTERNATIVE SCREEN RESOLUTION SELECTION METHOD": null

2020-01-17 09:04:31 - [TEST_STEP][PASSED] - " Block Comment Start": null

2020-01-17 09:04:31 - [TEST_STEP][PASSED] - " ACTUAL SCREEN RESOLUTION SELECTION METHOD USED": null

2020-01-17 09:04:31 - [TEST_STEP][PASSED] - XCOORD = Integer.parseInt(findTestData("searchTestData").getValue("X_COORD", row)): null

2020-01-17 09:04:31 - [TEST_STEP][PASSED] - YCOORD = Integer.parseInt(findTestData("searchTestData").getValue("Y_COORD", row)): null

2020-01-17 09:04:31 - [TEST_STEP][PASSED] - setViewPortSize(XCOORD, YCOORD): Viewport is set to new size with width = 400 and height = 600

2020-01-17 09:04:32 - [MESSAGE][PASSED] - Viewport is set to new size with width = 400 and height = 600

2020-01-17 09:04:32 - [TEST_STEP][PASSED] - waitForPageLoad(60): Wait for page load successfully

2020-01-17 09:04:32 - [MESSAGE][PASSED] - Wait for page load successfully

2020-01-17 09:04:32 - [TEST_STEP][PASSED] - markPassed("Set View Port Size is currently SET to X AXIS " + XCOORD + " Y AXIS " + YCOORD): Set View Port Size is currently SET to X AXIS 400 Y AXIS 600

2020-01-17 09:04:32 - [MESSAGE][PASSED] - Set View Port Size is currently SET to X AXIS 400 Y AXIS 600

2020-01-17 09:04:32 - [TEST_STEP][PASSED] - markPassed("Set View Port Size is currently SET to X AXIS " + XCOORD + " Y AXIS " + YCOORD): Set View Port Size is currently SET to X AXIS 400 Y AXIS 600

2020-01-17 09:04:32 - [MESSAGE][PASSED] - Set View Port Size is currently SET to X AXIS 400 Y AXIS 600

2020-01-17 09:04:32 - [TEST_STEP][PASSED] - " Block Commen End": null

2020-01-17 09:04:32 - [TEST_STEP][PASSED] - "---------------------------------------": null

2020-01-17 09:04:32 - [TEST_STEP][PASSED] - " Set and SEARCH TRADE CLASSIFICATION   |": null

2020-01-17 09:04:32 - [TEST_STEP][PASSED] - callTestCase(findTestCase("Reusable_Test_Sequences/CAT_Enter_Trade_Classification"), [:], CONTINUE_ON_FAILURE): Call Test Case 'Test Cases/Reusable_Test_Sequences/CAT_Enter_Trade_Classification' successfully

2020-01-17 09:04:32 - [TEST_CASE][PASSED] - Test Cases/Reusable_Test_Sequences/CAT_Enter_Trade_Classification: Test Cases/Reusable_Test_Sequences/CAT_Enter_Trade_Classification

2020-01-17 09:04:32 - [TEST_STEP][PASSED] - "---------------------------------": null

2020-01-17 09:04:32 - [TEST_STEP][PASSED] - "Set and SEARCH SELECTED TRADE": null

2020-01-17 09:04:32 - [TEST_STEP][PASSED] - if (Website_Version == "new"): null

2020-01-17 09:04:32 - [TEST_STEP][PASSED] - else: Text 'Tree Surgeon' is set on object 'Object Repository/Checkatrade_Trade_Search_Page/Page_Checkatrade Find a tradesperson you can trust/input_Search_Button_FF'

2020-01-17 09:04:32 - [TEST_STEP][PASSED] - click(findTestObject("Object Repository/Checkatrade_Trade_Search_Page/Page_Checkatrade Find a tradesperson you can trust/input_Search_Button_FF")): Object: 'Object Repository/Checkatrade_Trade_Search_Page/Page_Checkatrade Find a tradesperson you can trust/input_Search_Button_FF' is clicked on

2020-01-17 09:04:32 - [MESSAGE][PASSED] - Object: 'Object Repository/Checkatrade_Trade_Search_Page/Page_Checkatrade Find a tradesperson you can trust/input_Search_Button_FF' is clicked on

2020-01-17 09:04:32 - [TEST_STEP][PASSED] - setText(findTestObject("Object Repository/Checkatrade_Trade_Search_Page/Page_Checkatrade Find a tradesperson you can trust/input_Search_Button_FF"), findTestData("searchTestData").getValue("tradeClassification", row)): Text 'Tree Surgeon' is set on object 'Object Repository/Checkatrade_Trade_Search_Page/Page_Checkatrade Find a tradesperson you can trust/input_Search_Button_FF'

2020-01-17 09:04:32 - [MESSAGE][PASSED] - Text 'Tree Surgeon' is set on object 'Object Repository/Checkatrade_Trade_Search_Page/Page_Checkatrade Find a tradesperson you can trust/input_Search_Button_FF'

2020-01-17 09:04:32 - [MESSAGE][PASSED] - Call Test Case 'Test Cases/Reusable_Test_Sequences/CAT_Enter_Trade_Classification' successfully

2020-01-17 09:04:32 - [TEST_STEP][PASSED] - "---------------------------------------": null

2020-01-17 09:04:32 - [TEST_STEP][PASSED] - " Set and SEARCH TRADE LOCATION         |": null

2020-01-17 09:04:32 - [TEST_STEP][PASSED] - callTestCase(findTestCase("Reusable_Test_Sequences/CAT_Enter_Trade_Location"), [:], CONTINUE_ON_FAILURE): Call Test Case 'Test Cases/Reusable_Test_Sequences/CAT_Enter_Trade_Location' successfully

2020-01-17 09:04:32 - [TEST_CASE][PASSED] - Test Cases/Reusable_Test_Sequences/CAT_Enter_Trade_Location: Test Cases/Reusable_Test_Sequences/CAT_Enter_Trade_Location

2020-01-17 09:04:32 - [TEST_STEP][PASSED] - "---------------------------------": null

2020-01-17 09:04:32 - [TEST_STEP][PASSED] - "Set and SEARCH SELECTED LOCATION |": null

2020-01-17 09:04:32 - [TEST_STEP][PASSED] - if (Website_Version == "new"): null

2020-01-17 09:04:32 - [TEST_STEP][PASSED] - else: Text 'PO12 2HE' is set on object 'Object Repository/Checkatrade_Trade_Search_Page/Page_Checkatrade Find a tradesperson you can trust/input_Not here_location'

2020-01-17 09:04:32 - [TEST_STEP][PASSED] - click(findTestObject("Object Repository/Checkatrade_Trade_Search_Page/Page_Checkatrade Find a tradesperson you can trust/input_Not here_location")): Object: 'Object Repository/Checkatrade_Trade_Search_Page/Page_Checkatrade Find a tradesperson you can trust/input_Not here_location' is clicked on

2020-01-17 09:04:35 - [MESSAGE][PASSED] - Object: 'Object Repository/Checkatrade_Trade_Search_Page/Page_Checkatrade Find a tradesperson you can trust/input_Not here_location' is clicked on

2020-01-17 09:04:35 - [TEST_STEP][PASSED] - setText(findTestObject("Object Repository/Checkatrade_Trade_Search_Page/Page_Checkatrade Find a tradesperson you can trust/input_Not here_location"), findTestData("searchTestData").getValue("tradeLocation", row)): Text 'PO12 2HE' is set on object 'Object Repository/Checkatrade_Trade_Search_Page/Page_Checkatrade Find a tradesperson you can trust/input_Not here_location'

2020-01-17 09:04:35 - [MESSAGE][PASSED] - Text 'PO12 2HE' is set on object 'Object Repository/Checkatrade_Trade_Search_Page/Page_Checkatrade Find a tradesperson you can trust/input_Not here_location'

2020-01-17 09:04:35 - [MESSAGE][PASSED] - Call Test Case 'Test Cases/Reusable_Test_Sequences/CAT_Enter_Trade_Location' successfully

2020-01-17 09:04:35 - [TEST_STEP][PASSED] - "---------------------------------------": null

2020-01-17 09:04:35 - [TEST_STEP][PASSED] - " Scroll Search Button into View        |": null

2020-01-17 09:04:35 - [TEST_STEP][PASSED] - "---------------------------------------": null

2020-01-17 09:04:35 - [TEST_STEP][PASSED] - "---------------------------------------": null

2020-01-17 09:04:35 - [TEST_STEP][PASSED] - " Dispel New trades Header              |": null

2020-01-17 09:04:35 - [TEST_STEP][PASSED] - callTestCase(findTestCase("Reusable_Test_Sequences/CAT_Dispel_Trade_Header"), [:], CONTINUE_ON_FAILURE): Call Test Case 'Test Cases/Reusable_Test_Sequences/CAT_Dispel_Trade_Header' successfully

2020-01-17 09:04:35 - [TEST_CASE][PASSED] - Test Cases/Reusable_Test_Sequences/CAT_Dispel_Trade_Header: Test Cases/Reusable_Test_Sequences/CAT_Dispel_Trade_Header

2020-01-17 09:04:35 - [TEST_STEP][PASSED] - " New Function to Dispel Trades Header (on Deployment 05/12/20190) ": null

2020-01-17 09:04:35 - [TEST_STEP][PASSED] - if (row == 4): null

2020-01-17 09:04:35 - [MESSAGE][PASSED] - Call Test Case 'Test Cases/Reusable_Test_Sequences/CAT_Dispel_Trade_Header' successfully

2020-01-17 09:04:35 - [TEST_STEP][PASSED] - "---------------------------------------": null

2020-01-17 09:04:35 - [TEST_STEP][PASSED] - " Hit Search Button                     |": null

2020-01-17 09:04:35 - [TEST_STEP][PASSED] - callTestCase(findTestCase("Reusable_Test_Sequences/CAT_Hit_Search_Button"), [:], CONTINUE_ON_FAILURE): Call Test Case 'Test Cases/Reusable_Test_Sequences/CAT_Hit_Search_Button' successfully

2020-01-17 09:04:35 - [TEST_CASE][PASSED] - Test Cases/Reusable_Test_Sequences/CAT_Hit_Search_Button: Test Cases/Reusable_Test_Sequences/CAT_Hit_Search_Button

2020-01-17 09:04:35 - [TEST_STEP][PASSED] - "---------------------------------": null

2020-01-17 09:04:35 - [TEST_STEP][PASSED] - "HIT SEARCH": null

2020-01-17 09:04:35 - [TEST_STEP][PASSED] - "---------------------------------": null

2020-01-17 09:04:35 - [TEST_STEP][PASSED] - if (Website_Version == "new"): null

2020-01-17 09:04:35 - [TEST_STEP][PASSED] - else: Object: 'Object Repository/Checkatrade_Trade_Search_Page/Page_Checkatrade Find a tradesperson you can trust/Page_Checkatrade Find a tradesperson you can trust/a_Search' is clicked on

2020-01-17 09:04:35 - [TEST_STEP][PASSED] - waitForElementClickable(findTestObject("Object Repository/Checkatrade_Trade_Search_Page/Page_Checkatrade Find a tradesperson you can trust/Page_Checkatrade Find a tradesperson you can trust/a_Search"), 25): Object 'Object Repository/Checkatrade_Trade_Search_Page/Page_Checkatrade Find a tradesperson you can trust/Page_Checkatrade Find a tradesperson you can trust/a_Search' is clickable

2020-01-17 09:04:35 - [MESSAGE][PASSED] - Object 'Object Repository/Checkatrade_Trade_Search_Page/Page_Checkatrade Find a tradesperson you can trust/Page_Checkatrade Find a tradesperson you can trust/a_Search' is clickable

2020-01-17 09:04:35 - [TEST_STEP][PASSED] - click(findTestObject("Object Repository/Checkatrade_Trade_Search_Page/Page_Checkatrade Find a tradesperson you can trust/Page_Checkatrade Find a tradesperson you can trust/a_Search")): Object: 'Object Repository/Checkatrade_Trade_Search_Page/Page_Checkatrade Find a tradesperson you can trust/Page_Checkatrade Find a tradesperson you can trust/a_Search' is clicked on

2020-01-17 09:04:37 - [MESSAGE][PASSED] - Object: 'Object Repository/Checkatrade_Trade_Search_Page/Page_Checkatrade Find a tradesperson you can trust/Page_Checkatrade Find a tradesperson you can trust/a_Search' is clicked on

2020-01-17 09:04:37 - [MESSAGE][PASSED] - Call Test Case 'Test Cases/Reusable_Test_Sequences/CAT_Hit_Search_Button' successfully

2020-01-17 09:04:37 - [TEST_STEP][PASSED] - "---------------------------------------": null

2020-01-17 09:04:37 - [TEST_STEP][PASSED] - " Verify Returned Page is as Expected   |": null

2020-01-17 09:04:37 - [TEST_STEP][PASSED] - callTestCase(findTestCase("Reusable_Test_Sequences/CAT_Verification"), [:], CONTINUE_ON_FAILURE): Call Test Case 'Test Cases/Reusable_Test_Sequences/CAT_Verification' successfully

2020-01-17 09:04:37 - [TEST_CASE][PASSED] - Test Cases/Reusable_Test_Sequences/CAT_Verification: Test Cases/Reusable_Test_Sequences/CAT_Verification

2020-01-17 09:04:37 - [TEST_STEP][PASSED] - "Updated 05/12/2019 due to wholesale Home page changes": null

2020-01-17 09:04:37 - [TEST_STEP][PASSED] - "Expected cantantenated text is Returned": null

2020-01-17 09:04:37 - [TEST_STEP][PASSED] - delay(1): Delayed 1 second(s)

2020-01-17 09:04:38 - [MESSAGE][PASSED] - Delayed 1 second(s)

2020-01-17 09:04:38 - [TEST_STEP][PASSED] - waitForPageLoad(60): Wait for page load successfully

2020-01-17 09:04:38 - [MESSAGE][PASSED] - Wait for page load successfully

2020-01-17 09:04:38 - [TEST_STEP][PASSED] - verifyTextPresent(findTestData("searchTestData").getValue("tradeClassification", row), false): Text 'Tree Surgeon' is present on page 

2020-01-17 09:04:39 - [MESSAGE][PASSED] - Text 'Tree Surgeon' is present on page 

2020-01-17 09:04:39 - [TEST_STEP][PASSED] - verifyTextPresent(findTestData("searchTestData").getValue("tradeLocation", row), false): Text 'PO12 2HE' is present on page 

2020-01-17 09:04:39 - [MESSAGE][PASSED] - Text 'PO12 2HE' is present on page 

2020-01-17 09:04:39 - [MESSAGE][PASSED] - Call Test Case 'Test Cases/Reusable_Test_Sequences/CAT_Verification' successfully

2020-01-17 09:04:39 - [TEST_STEP][PASSED] - "--------------------------": null

2020-01-17 09:04:39 - [TEST_STEP][PASSED] - " Teardown - CLose Browser |": null

2020-01-17 09:04:39 - [TEST_STEP][PASSED] - callTestCase(findTestCase("Reusable_Test_Sequences/CAT_Teardown"), [:], OPTIONAL): Call Test Case 'Test Cases/Reusable_Test_Sequences/CAT_Teardown' successfully

2020-01-17 09:04:39 - [TEST_CASE][PASSED] - Test Cases/Reusable_Test_Sequences/CAT_Teardown: Test Cases/Reusable_Test_Sequences/CAT_Teardown

2020-01-17 09:04:39 - [TEST_STEP][PASSED] - closeBrowser(): Browser is closed

2020-01-17 09:04:40 - [MESSAGE][PASSED] - Browser is closed

2020-01-17 09:04:40 - [MESSAGE][PASSED] - Call Test Case 'Test Cases/Reusable_Test_Sequences/CAT_Teardown' successfully

2020-01-17 09:04:40 - [TEST_STEP][PASSED] - "------------------------------": null

2020-01-17 09:04:40 - [TEST_STEP][PASSED] - " Set Mobile Device Testing    |": null

2020-01-17 09:04:40 - [TEST_STEP][PASSED] - Mobile_Flag = "false": null

2020-01-17 09:04:40 - [TEST_STEP][PASSED] - "------------------------------": null

2020-01-17 09:04:40 - [TEST_STEP][PASSED] - " Set Mobile Device Testing    |": null

2020-01-17 09:04:40 - [TEST_STEP][PASSED] - callTestCase(findTestCase("Reusable_Test_Sequences/CAT_Setup"), [:], OPTIONAL): Call Test Case 'Test Cases/Reusable_Test_Sequences/CAT_Setup' successfully

2020-01-17 09:04:40 - [TEST_CASE][PASSED] - Test Cases/Reusable_Test_Sequences/CAT_Setup: Test Cases/Reusable_Test_Sequences/CAT_Setup

2020-01-17 09:04:40 - [TEST_STEP][PASSED] - "------------------------------": null

2020-01-17 09:04:40 - [TEST_STEP][PASSED] - " Set Mobile Device Testing    |": null

2020-01-17 09:04:40 - [TEST_STEP][PASSED] - if (Mobile_Flag == "true"): null

2020-01-17 09:04:40 - [TEST_STEP][PASSED] - "------------------------------": null

2020-01-17 09:04:40 - [TEST_STEP][PASSED] - " Set Mobile Device Testing    |": null

2020-01-17 09:04:40 - [TEST_STEP][PASSED] - "------------------------------": null

2020-01-17 09:04:40 - [TEST_STEP][PASSED] - "URL - Set from the ENVIRONMENT PROFILE ": null

2020-01-17 09:04:40 - [TEST_STEP][PASSED] - openBrowser(URL): Browser is opened with url: 'https://www.preview.checkatrade.com/'

2020-01-17 09:04:40 - [MESSAGE][INFO] - Starting 'Chrome' driver

2020-01-17 09:04:47 - [MESSAGE][PASSED] - Browser is opened with url: 'https://www.preview.checkatrade.com/'

2020-01-17 09:04:47 - [TEST_STEP][PASSED] - maximizeWindow(): Current window maximized

2020-01-17 09:04:50 - [MESSAGE][PASSED] - Current window maximized

2020-01-17 09:04:50 - [TEST_STEP][PASSED] - waitForPageLoad(60): Wait for page load successfully

2020-01-17 09:04:50 - [MESSAGE][PASSED] - Wait for page load successfully

2020-01-17 09:04:50 - [TEST_STEP][PASSED] - "Previous Functionalilty Left Commented For Ease Of reversion": null

2020-01-17 09:04:50 - [TEST_STEP][PASSED] - try: Text 'Cookie Policy' is not present on page

2020-01-17 09:04:50 - [TEST_STEP][PASSED] - verifyElementPresent(findTestObject("Object Repository/Cookies/Page_Checkatrade Find a tradesperson you can trust/button_Accept All"), 5): Object 'Object Repository/Cookies/Page_Checkatrade Find a tradesperson you can trust/button_Accept All' is present

2020-01-17 09:04:50 - [MESSAGE][PASSED] - Object 'Object Repository/Cookies/Page_Checkatrade Find a tradesperson you can trust/button_Accept All' is present

2020-01-17 09:04:50 - [TEST_STEP][PASSED] - click(findTestObject("Object Repository/Cookies/Page_Checkatrade Find a tradesperson you can trust/button_Accept All")): Object: 'Object Repository/Cookies/Page_Checkatrade Find a tradesperson you can trust/button_Accept All' is clicked on

2020-01-17 09:04:51 - [MESSAGE][PASSED] - Object: 'Object Repository/Cookies/Page_Checkatrade Find a tradesperson you can trust/button_Accept All' is clicked on

2020-01-17 09:04:51 - [TEST_STEP][PASSED] - "---------------------------------": null

2020-01-17 09:04:51 - [TEST_STEP][PASSED] - "COOKIE POPOUT REMOVED - Confirmed": null

2020-01-17 09:04:51 - [TEST_STEP][PASSED] - delay(1): Delayed 1 second(s)

2020-01-17 09:04:52 - [MESSAGE][PASSED] - Delayed 1 second(s)

2020-01-17 09:04:52 - [TEST_STEP][PASSED] - verifyTextNotPresent("We use cookies to personalise content and ads, to provide social media features and to analyse our traffic", false): Text 'We use cookies to personalise content and ads, to provide social media features and to analyse our traffic' is not present on page

2020-01-17 09:04:52 - [MESSAGE][PASSED] - Text 'We use cookies to personalise content and ads, to provide social media features and to analyse our traffic' is not present on page

2020-01-17 09:04:52 - [TEST_STEP][PASSED] - verifyTextNotPresent(" We also share information about your use of our site with our social media, advertising and analytics partners", false): Text ' We also share information about your use of our site with our social media, advertising and analytics partners' is not present on page

2020-01-17 09:04:52 - [MESSAGE][PASSED] - Text ' We also share information about your use of our site with our social media, advertising and analytics partners' is not present on page

2020-01-17 09:04:52 - [TEST_STEP][PASSED] - verifyTextNotPresent("Cookie Policy", false): Text 'Cookie Policy' is not present on page

2020-01-17 09:04:52 - [MESSAGE][PASSED] - Text 'Cookie Policy' is not present on page

2020-01-17 09:04:52 - [TEST_STEP][PASSED] - waitForPageLoad(60): Wait for page load successfully

2020-01-17 09:04:53 - [MESSAGE][PASSED] - Wait for page load successfully

2020-01-17 09:04:53 - [TEST_STEP][PASSED] - "COOKIE - ORIGINAL": null

2020-01-17 09:04:53 - [TEST_STEP][PASSED] - if (waitForElementVisible(findTestObject("Object Repository/Feedback/Page_Checkatrade Give your feedback/input_Member_to_Review"), 5)): Web element with id: 'Object Repository/Feedback/Page_Checkatrade Give your feedback/input_Member_to_Review' located by 'By.xpath: //input[@id='feedback-form__company_autocomplete_input']' not found

2020-01-17 09:04:57 - [MESSAGE][INFO] - Unable to find the element located by 'By.xpath: //input[@id='feedback-form__company_autocomplete_input']'. Please recheck the objects properties to make sure the desired element is located. 

2020-01-17 09:04:57 - [MESSAGE][WARNING] - Web element with id: 'Object Repository/Feedback/Page_Checkatrade Give your feedback/input_Member_to_Review' located by 'By.xpath: //input[@id='feedback-form__company_autocomplete_input']' not found

2020-01-17 09:04:57 - [TEST_STEP][PASSED] - else: The <<<OLD>>> Website was detected by the STARTUP Process

2020-01-17 09:04:57 - [TEST_STEP][PASSED] - if (!(verifyElementVisible(findTestObject("Object Repository/Checkatrade_Trade_Search_Page/Page_Checkatrade Find a tradesperson you can trust/input_Search_Button_FF")))): Object 'Object Repository/Checkatrade_Trade_Search_Page/Page_Checkatrade Find a tradesperson you can trust/input_Search_Button_FF' is visible

2020-01-17 09:04:57 - [MESSAGE][PASSED] - Object 'Object Repository/Checkatrade_Trade_Search_Page/Page_Checkatrade Find a tradesperson you can trust/input_Search_Button_FF' is visible

2020-01-17 09:04:57 - [TEST_STEP][PASSED] - else: The <<<OLD>>> Website was detected by the STARTUP Process

2020-01-17 09:04:57 - [TEST_STEP][PASSED] - Website_Version = "old": null

2020-01-17 09:04:57 - [TEST_STEP][PASSED] - logInfo("The <<<OLD>>> Website was detected by the STARTUP Process"): The <<<OLD>>> Website was detected by the STARTUP Process

2020-01-17 09:04:57 - [MESSAGE][INFO] - The <<<OLD>>> Website was detected by the STARTUP Process

2020-01-17 09:04:57 - [MESSAGE][PASSED] - Call Test Case 'Test Cases/Reusable_Test_Sequences/CAT_Setup' successfully

2020-01-17 09:04:57 - [TEST_STEP][PASSED] - " ALTERNATIVE SCREEN RESOLUTION SELECTION METHOD": null

2020-01-17 09:04:57 - [TEST_STEP][PASSED] - " Block Comment Start": null

2020-01-17 09:04:57 - [TEST_STEP][PASSED] - " ACTUAL SCREEN RESOLUTION SELECTION METHOD USED": null

2020-01-17 09:04:57 - [TEST_STEP][PASSED] - XCOORD = Integer.parseInt(findTestData("searchTestData").getValue("X_COORD", row)): null

2020-01-17 09:04:57 - [TEST_STEP][PASSED] - YCOORD = Integer.parseInt(findTestData("searchTestData").getValue("Y_COORD", row)): null

2020-01-17 09:04:57 - [TEST_STEP][PASSED] - setViewPortSize(XCOORD, YCOORD): Viewport is set to new size with width = 500 and height = 700

2020-01-17 09:04:58 - [MESSAGE][PASSED] - Viewport is set to new size with width = 500 and height = 700

2020-01-17 09:04:58 - [TEST_STEP][PASSED] - waitForPageLoad(60): Wait for page load successfully

2020-01-17 09:04:58 - [MESSAGE][PASSED] - Wait for page load successfully

2020-01-17 09:04:58 - [TEST_STEP][PASSED] - markPassed("Set View Port Size is currently SET to X AXIS " + XCOORD + " Y AXIS " + YCOORD): Set View Port Size is currently SET to X AXIS 500 Y AXIS 700

2020-01-17 09:04:58 - [MESSAGE][PASSED] - Set View Port Size is currently SET to X AXIS 500 Y AXIS 700

2020-01-17 09:04:58 - [TEST_STEP][PASSED] - markPassed("Set View Port Size is currently SET to X AXIS " + XCOORD + " Y AXIS " + YCOORD): Set View Port Size is currently SET to X AXIS 500 Y AXIS 700

2020-01-17 09:04:58 - [MESSAGE][PASSED] - Set View Port Size is currently SET to X AXIS 500 Y AXIS 700

2020-01-17 09:04:58 - [TEST_STEP][PASSED] - " Block Commen End": null

2020-01-17 09:04:58 - [TEST_STEP][PASSED] - "---------------------------------------": null

2020-01-17 09:04:58 - [TEST_STEP][PASSED] - " Set and SEARCH TRADE CLASSIFICATION   |": null

2020-01-17 09:04:58 - [TEST_STEP][PASSED] - callTestCase(findTestCase("Reusable_Test_Sequences/CAT_Enter_Trade_Classification"), [:], CONTINUE_ON_FAILURE): Call Test Case 'Test Cases/Reusable_Test_Sequences/CAT_Enter_Trade_Classification' successfully

2020-01-17 09:04:58 - [TEST_CASE][PASSED] - Test Cases/Reusable_Test_Sequences/CAT_Enter_Trade_Classification: Test Cases/Reusable_Test_Sequences/CAT_Enter_Trade_Classification

2020-01-17 09:04:58 - [TEST_STEP][PASSED] - "---------------------------------": null

2020-01-17 09:04:58 - [TEST_STEP][PASSED] - "Set and SEARCH SELECTED TRADE": null

2020-01-17 09:04:58 - [TEST_STEP][PASSED] - if (Website_Version == "new"): null

2020-01-17 09:04:58 - [TEST_STEP][PASSED] - else: Text 'Electrician' is set on object 'Object Repository/Checkatrade_Trade_Search_Page/Page_Checkatrade Find a tradesperson you can trust/input_Search_Button_FF'

2020-01-17 09:04:58 - [TEST_STEP][PASSED] - click(findTestObject("Object Repository/Checkatrade_Trade_Search_Page/Page_Checkatrade Find a tradesperson you can trust/input_Search_Button_FF")): Object: 'Object Repository/Checkatrade_Trade_Search_Page/Page_Checkatrade Find a tradesperson you can trust/input_Search_Button_FF' is clicked on

2020-01-17 09:04:58 - [MESSAGE][PASSED] - Object: 'Object Repository/Checkatrade_Trade_Search_Page/Page_Checkatrade Find a tradesperson you can trust/input_Search_Button_FF' is clicked on

2020-01-17 09:04:58 - [TEST_STEP][PASSED] - setText(findTestObject("Object Repository/Checkatrade_Trade_Search_Page/Page_Checkatrade Find a tradesperson you can trust/input_Search_Button_FF"), findTestData("searchTestData").getValue("tradeClassification", row)): Text 'Electrician' is set on object 'Object Repository/Checkatrade_Trade_Search_Page/Page_Checkatrade Find a tradesperson you can trust/input_Search_Button_FF'

2020-01-17 09:04:58 - [MESSAGE][PASSED] - Text 'Electrician' is set on object 'Object Repository/Checkatrade_Trade_Search_Page/Page_Checkatrade Find a tradesperson you can trust/input_Search_Button_FF'

2020-01-17 09:04:58 - [MESSAGE][PASSED] - Call Test Case 'Test Cases/Reusable_Test_Sequences/CAT_Enter_Trade_Classification' successfully

2020-01-17 09:04:58 - [TEST_STEP][PASSED] - "---------------------------------------": null

2020-01-17 09:04:58 - [TEST_STEP][PASSED] - " Set and SEARCH TRADE LOCATION         |": null

2020-01-17 09:04:58 - [TEST_STEP][PASSED] - callTestCase(findTestCase("Reusable_Test_Sequences/CAT_Enter_Trade_Location"), [:], CONTINUE_ON_FAILURE): Call Test Case 'Test Cases/Reusable_Test_Sequences/CAT_Enter_Trade_Location' successfully

2020-01-17 09:04:58 - [TEST_CASE][PASSED] - Test Cases/Reusable_Test_Sequences/CAT_Enter_Trade_Location: Test Cases/Reusable_Test_Sequences/CAT_Enter_Trade_Location

2020-01-17 09:04:58 - [TEST_STEP][PASSED] - "---------------------------------": null

2020-01-17 09:04:58 - [TEST_STEP][PASSED] - "Set and SEARCH SELECTED LOCATION |": null

2020-01-17 09:04:58 - [TEST_STEP][PASSED] - if (Website_Version == "new"): null

2020-01-17 09:04:58 - [TEST_STEP][PASSED] - else: Text 'Orkney' is set on object 'Object Repository/Checkatrade_Trade_Search_Page/Page_Checkatrade Find a tradesperson you can trust/input_Not here_location'

2020-01-17 09:04:58 - [TEST_STEP][PASSED] - click(findTestObject("Object Repository/Checkatrade_Trade_Search_Page/Page_Checkatrade Find a tradesperson you can trust/input_Not here_location")): Object: 'Object Repository/Checkatrade_Trade_Search_Page/Page_Checkatrade Find a tradesperson you can trust/input_Not here_location' is clicked on

2020-01-17 09:05:01 - [MESSAGE][PASSED] - Object: 'Object Repository/Checkatrade_Trade_Search_Page/Page_Checkatrade Find a tradesperson you can trust/input_Not here_location' is clicked on

2020-01-17 09:05:01 - [TEST_STEP][PASSED] - setText(findTestObject("Object Repository/Checkatrade_Trade_Search_Page/Page_Checkatrade Find a tradesperson you can trust/input_Not here_location"), findTestData("searchTestData").getValue("tradeLocation", row)): Text 'Orkney' is set on object 'Object Repository/Checkatrade_Trade_Search_Page/Page_Checkatrade Find a tradesperson you can trust/input_Not here_location'

2020-01-17 09:05:03 - [MESSAGE][PASSED] - Text 'Orkney' is set on object 'Object Repository/Checkatrade_Trade_Search_Page/Page_Checkatrade Find a tradesperson you can trust/input_Not here_location'

2020-01-17 09:05:03 - [MESSAGE][PASSED] - Call Test Case 'Test Cases/Reusable_Test_Sequences/CAT_Enter_Trade_Location' successfully

2020-01-17 09:05:03 - [TEST_STEP][PASSED] - "---------------------------------------": null

2020-01-17 09:05:03 - [TEST_STEP][PASSED] - " Scroll Search Button into View        |": null

2020-01-17 09:05:03 - [TEST_STEP][PASSED] - "---------------------------------------": null

2020-01-17 09:05:03 - [TEST_STEP][PASSED] - "---------------------------------------": null

2020-01-17 09:05:03 - [TEST_STEP][PASSED] - " Dispel New trades Header              |": null

2020-01-17 09:05:03 - [TEST_STEP][PASSED] - callTestCase(findTestCase("Reusable_Test_Sequences/CAT_Dispel_Trade_Header"), [:], CONTINUE_ON_FAILURE): Call Test Case 'Test Cases/Reusable_Test_Sequences/CAT_Dispel_Trade_Header' successfully

2020-01-17 09:05:03 - [TEST_CASE][PASSED] - Test Cases/Reusable_Test_Sequences/CAT_Dispel_Trade_Header: Test Cases/Reusable_Test_Sequences/CAT_Dispel_Trade_Header

2020-01-17 09:05:03 - [TEST_STEP][PASSED] - " New Function to Dispel Trades Header (on Deployment 05/12/20190) ": null

2020-01-17 09:05:03 - [TEST_STEP][PASSED] - if (row == 4): null

2020-01-17 09:05:03 - [MESSAGE][PASSED] - Call Test Case 'Test Cases/Reusable_Test_Sequences/CAT_Dispel_Trade_Header' successfully

2020-01-17 09:05:03 - [TEST_STEP][PASSED] - "---------------------------------------": null

2020-01-17 09:05:03 - [TEST_STEP][PASSED] - " Hit Search Button                     |": null

2020-01-17 09:05:03 - [TEST_STEP][PASSED] - callTestCase(findTestCase("Reusable_Test_Sequences/CAT_Hit_Search_Button"), [:], CONTINUE_ON_FAILURE): Call Test Case 'Test Cases/Reusable_Test_Sequences/CAT_Hit_Search_Button' successfully

2020-01-17 09:05:03 - [TEST_CASE][PASSED] - Test Cases/Reusable_Test_Sequences/CAT_Hit_Search_Button: Test Cases/Reusable_Test_Sequences/CAT_Hit_Search_Button

2020-01-17 09:05:03 - [TEST_STEP][PASSED] - "---------------------------------": null

2020-01-17 09:05:03 - [TEST_STEP][PASSED] - "HIT SEARCH": null

2020-01-17 09:05:03 - [TEST_STEP][PASSED] - "---------------------------------": null

2020-01-17 09:05:03 - [TEST_STEP][PASSED] - if (Website_Version == "new"): null

2020-01-17 09:05:03 - [TEST_STEP][PASSED] - else: Object: 'Object Repository/Checkatrade_Trade_Search_Page/Page_Checkatrade Find a tradesperson you can trust/Page_Checkatrade Find a tradesperson you can trust/a_Search' is clicked on

2020-01-17 09:05:03 - [TEST_STEP][PASSED] - waitForElementClickable(findTestObject("Object Repository/Checkatrade_Trade_Search_Page/Page_Checkatrade Find a tradesperson you can trust/Page_Checkatrade Find a tradesperson you can trust/a_Search"), 25): Object 'Object Repository/Checkatrade_Trade_Search_Page/Page_Checkatrade Find a tradesperson you can trust/Page_Checkatrade Find a tradesperson you can trust/a_Search' is clickable

2020-01-17 09:05:03 - [MESSAGE][PASSED] - Object 'Object Repository/Checkatrade_Trade_Search_Page/Page_Checkatrade Find a tradesperson you can trust/Page_Checkatrade Find a tradesperson you can trust/a_Search' is clickable

2020-01-17 09:05:03 - [TEST_STEP][PASSED] - click(findTestObject("Object Repository/Checkatrade_Trade_Search_Page/Page_Checkatrade Find a tradesperson you can trust/Page_Checkatrade Find a tradesperson you can trust/a_Search")): Object: 'Object Repository/Checkatrade_Trade_Search_Page/Page_Checkatrade Find a tradesperson you can trust/Page_Checkatrade Find a tradesperson you can trust/a_Search' is clicked on

2020-01-17 09:05:09 - [MESSAGE][PASSED] - Object: 'Object Repository/Checkatrade_Trade_Search_Page/Page_Checkatrade Find a tradesperson you can trust/Page_Checkatrade Find a tradesperson you can trust/a_Search' is clicked on

2020-01-17 09:05:09 - [MESSAGE][PASSED] - Call Test Case 'Test Cases/Reusable_Test_Sequences/CAT_Hit_Search_Button' successfully

2020-01-17 09:05:09 - [TEST_STEP][PASSED] - "---------------------------------------": null

2020-01-17 09:05:09 - [TEST_STEP][PASSED] - " Verify Returned Page is as Expected   |": null

2020-01-17 09:05:09 - [TEST_STEP][PASSED] - callTestCase(findTestCase("Reusable_Test_Sequences/CAT_Verification"), [:], CONTINUE_ON_FAILURE): Call Test Case 'Test Cases/Reusable_Test_Sequences/CAT_Verification' successfully

2020-01-17 09:05:09 - [TEST_CASE][PASSED] - Test Cases/Reusable_Test_Sequences/CAT_Verification: Test Cases/Reusable_Test_Sequences/CAT_Verification

2020-01-17 09:05:09 - [TEST_STEP][PASSED] - "Updated 05/12/2019 due to wholesale Home page changes": null

2020-01-17 09:05:09 - [TEST_STEP][PASSED] - "Expected cantantenated text is Returned": null

2020-01-17 09:05:09 - [TEST_STEP][PASSED] - delay(1): Delayed 1 second(s)

2020-01-17 09:05:10 - [MESSAGE][PASSED] - Delayed 1 second(s)

2020-01-17 09:05:10 - [TEST_STEP][PASSED] - waitForPageLoad(60): Wait for page load successfully

2020-01-17 09:05:10 - [MESSAGE][PASSED] - Wait for page load successfully

2020-01-17 09:05:10 - [TEST_STEP][PASSED] - verifyTextPresent(findTestData("searchTestData").getValue("tradeClassification", row), false): Text 'Electrician' is present on page 

2020-01-17 09:05:11 - [MESSAGE][PASSED] - Text 'Electrician' is present on page 

2020-01-17 09:05:11 - [TEST_STEP][PASSED] - verifyTextPresent(findTestData("searchTestData").getValue("tradeLocation", row), false): Text 'Orkney' is present on page 

2020-01-17 09:05:12 - [MESSAGE][PASSED] - Text 'Orkney' is present on page 

2020-01-17 09:05:12 - [MESSAGE][PASSED] - Call Test Case 'Test Cases/Reusable_Test_Sequences/CAT_Verification' successfully

2020-01-17 09:05:12 - [TEST_STEP][PASSED] - "--------------------------": null

2020-01-17 09:05:12 - [TEST_STEP][PASSED] - " Teardown - CLose Browser |": null

2020-01-17 09:05:12 - [TEST_STEP][PASSED] - callTestCase(findTestCase("Reusable_Test_Sequences/CAT_Teardown"), [:], OPTIONAL): Call Test Case 'Test Cases/Reusable_Test_Sequences/CAT_Teardown' successfully

2020-01-17 09:05:12 - [TEST_CASE][PASSED] - Test Cases/Reusable_Test_Sequences/CAT_Teardown: Test Cases/Reusable_Test_Sequences/CAT_Teardown

2020-01-17 09:05:12 - [TEST_STEP][PASSED] - closeBrowser(): Browser is closed

2020-01-17 09:05:13 - [MESSAGE][PASSED] - Browser is closed

2020-01-17 09:05:13 - [MESSAGE][PASSED] - Call Test Case 'Test Cases/Reusable_Test_Sequences/CAT_Teardown' successfully

2020-01-17 09:05:13 - [TEST_STEP][PASSED] - "------------------------------": null

2020-01-17 09:05:13 - [TEST_STEP][PASSED] - " Set Mobile Device Testing    |": null

2020-01-17 09:05:13 - [TEST_STEP][PASSED] - Mobile_Flag = "false": null

2020-01-17 09:05:13 - [TEST_STEP][PASSED] - "------------------------------": null

2020-01-17 09:05:13 - [TEST_STEP][PASSED] - " Set Mobile Device Testing    |": null

2020-01-17 09:05:13 - [TEST_STEP][PASSED] - callTestCase(findTestCase("Reusable_Test_Sequences/CAT_Setup"), [:], OPTIONAL): Call Test Case 'Test Cases/Reusable_Test_Sequences/CAT_Setup' successfully

2020-01-17 09:05:13 - [TEST_CASE][PASSED] - Test Cases/Reusable_Test_Sequences/CAT_Setup: Test Cases/Reusable_Test_Sequences/CAT_Setup

2020-01-17 09:05:13 - [TEST_STEP][PASSED] - "------------------------------": null

2020-01-17 09:05:13 - [TEST_STEP][PASSED] - " Set Mobile Device Testing    |": null

2020-01-17 09:05:13 - [TEST_STEP][PASSED] - if (Mobile_Flag == "true"): null

2020-01-17 09:05:13 - [TEST_STEP][PASSED] - "------------------------------": null

2020-01-17 09:05:13 - [TEST_STEP][PASSED] - " Set Mobile Device Testing    |": null

2020-01-17 09:05:13 - [TEST_STEP][PASSED] - "------------------------------": null

2020-01-17 09:05:13 - [TEST_STEP][PASSED] - "URL - Set from the ENVIRONMENT PROFILE ": null

2020-01-17 09:05:13 - [TEST_STEP][PASSED] - openBrowser(URL): Browser is opened with url: 'https://www.preview.checkatrade.com/'

2020-01-17 09:05:13 - [MESSAGE][INFO] - Starting 'Chrome' driver

2020-01-17 09:05:20 - [MESSAGE][PASSED] - Browser is opened with url: 'https://www.preview.checkatrade.com/'

2020-01-17 09:05:20 - [TEST_STEP][PASSED] - maximizeWindow(): Current window maximized

2020-01-17 09:05:23 - [MESSAGE][PASSED] - Current window maximized

2020-01-17 09:05:23 - [TEST_STEP][PASSED] - waitForPageLoad(60): Wait for page load successfully

2020-01-17 09:05:23 - [MESSAGE][PASSED] - Wait for page load successfully

2020-01-17 09:05:23 - [TEST_STEP][PASSED] - "Previous Functionalilty Left Commented For Ease Of reversion": null

2020-01-17 09:05:23 - [TEST_STEP][PASSED] - try: Text 'Cookie Policy' is not present on page

2020-01-17 09:05:23 - [TEST_STEP][PASSED] - verifyElementPresent(findTestObject("Object Repository/Cookies/Page_Checkatrade Find a tradesperson you can trust/button_Accept All"), 5): Object 'Object Repository/Cookies/Page_Checkatrade Find a tradesperson you can trust/button_Accept All' is present

2020-01-17 09:05:24 - [MESSAGE][PASSED] - Object 'Object Repository/Cookies/Page_Checkatrade Find a tradesperson you can trust/button_Accept All' is present

2020-01-17 09:05:24 - [TEST_STEP][PASSED] - click(findTestObject("Object Repository/Cookies/Page_Checkatrade Find a tradesperson you can trust/button_Accept All")): Object: 'Object Repository/Cookies/Page_Checkatrade Find a tradesperson you can trust/button_Accept All' is clicked on

2020-01-17 09:05:24 - [MESSAGE][PASSED] - Object: 'Object Repository/Cookies/Page_Checkatrade Find a tradesperson you can trust/button_Accept All' is clicked on

2020-01-17 09:05:24 - [TEST_STEP][PASSED] - "---------------------------------": null

2020-01-17 09:05:24 - [TEST_STEP][PASSED] - "COOKIE POPOUT REMOVED - Confirmed": null

2020-01-17 09:05:24 - [TEST_STEP][PASSED] - delay(1): Delayed 1 second(s)

2020-01-17 09:05:25 - [MESSAGE][PASSED] - Delayed 1 second(s)

2020-01-17 09:05:25 - [TEST_STEP][PASSED] - verifyTextNotPresent("We use cookies to personalise content and ads, to provide social media features and to analyse our traffic", false): Text 'We use cookies to personalise content and ads, to provide social media features and to analyse our traffic' is not present on page

2020-01-17 09:05:26 - [MESSAGE][PASSED] - Text 'We use cookies to personalise content and ads, to provide social media features and to analyse our traffic' is not present on page

2020-01-17 09:05:26 - [TEST_STEP][PASSED] - verifyTextNotPresent(" We also share information about your use of our site with our social media, advertising and analytics partners", false): Text ' We also share information about your use of our site with our social media, advertising and analytics partners' is not present on page

2020-01-17 09:05:26 - [MESSAGE][PASSED] - Text ' We also share information about your use of our site with our social media, advertising and analytics partners' is not present on page

2020-01-17 09:05:26 - [TEST_STEP][PASSED] - verifyTextNotPresent("Cookie Policy", false): Text 'Cookie Policy' is not present on page

2020-01-17 09:05:26 - [MESSAGE][PASSED] - Text 'Cookie Policy' is not present on page

2020-01-17 09:05:26 - [TEST_STEP][PASSED] - waitForPageLoad(60): Wait for page load successfully

2020-01-17 09:05:26 - [MESSAGE][PASSED] - Wait for page load successfully

2020-01-17 09:05:26 - [TEST_STEP][PASSED] - "COOKIE - ORIGINAL": null

2020-01-17 09:05:26 - [TEST_STEP][PASSED] - if (waitForElementVisible(findTestObject("Object Repository/Feedback/Page_Checkatrade Give your feedback/input_Member_to_Review"), 5)): Web element with id: 'Object Repository/Feedback/Page_Checkatrade Give your feedback/input_Member_to_Review' located by 'By.xpath: //input[@id='feedback-form__company_autocomplete_input']' not found

2020-01-17 09:05:31 - [MESSAGE][INFO] - Unable to find the element located by 'By.xpath: //input[@id='feedback-form__company_autocomplete_input']'. Please recheck the objects properties to make sure the desired element is located. 

2020-01-17 09:05:31 - [MESSAGE][WARNING] - Web element with id: 'Object Repository/Feedback/Page_Checkatrade Give your feedback/input_Member_to_Review' located by 'By.xpath: //input[@id='feedback-form__company_autocomplete_input']' not found

2020-01-17 09:05:31 - [TEST_STEP][PASSED] - else: The <<<OLD>>> Website was detected by the STARTUP Process

2020-01-17 09:05:31 - [TEST_STEP][PASSED] - if (!(verifyElementVisible(findTestObject("Object Repository/Checkatrade_Trade_Search_Page/Page_Checkatrade Find a tradesperson you can trust/input_Search_Button_FF")))): Object 'Object Repository/Checkatrade_Trade_Search_Page/Page_Checkatrade Find a tradesperson you can trust/input_Search_Button_FF' is visible

2020-01-17 09:05:31 - [MESSAGE][PASSED] - Object 'Object Repository/Checkatrade_Trade_Search_Page/Page_Checkatrade Find a tradesperson you can trust/input_Search_Button_FF' is visible

2020-01-17 09:05:31 - [TEST_STEP][PASSED] - else: The <<<OLD>>> Website was detected by the STARTUP Process

2020-01-17 09:05:31 - [TEST_STEP][PASSED] - Website_Version = "old": null

2020-01-17 09:05:31 - [TEST_STEP][PASSED] - logInfo("The <<<OLD>>> Website was detected by the STARTUP Process"): The <<<OLD>>> Website was detected by the STARTUP Process

2020-01-17 09:05:31 - [MESSAGE][INFO] - The <<<OLD>>> Website was detected by the STARTUP Process

2020-01-17 09:05:31 - [MESSAGE][PASSED] - Call Test Case 'Test Cases/Reusable_Test_Sequences/CAT_Setup' successfully

2020-01-17 09:05:31 - [TEST_STEP][PASSED] - " ALTERNATIVE SCREEN RESOLUTION SELECTION METHOD": null

2020-01-17 09:05:31 - [TEST_STEP][PASSED] - " Block Comment Start": null

2020-01-17 09:05:31 - [TEST_STEP][PASSED] - " ACTUAL SCREEN RESOLUTION SELECTION METHOD USED": null

2020-01-17 09:05:31 - [TEST_STEP][PASSED] - XCOORD = Integer.parseInt(findTestData("searchTestData").getValue("X_COORD", row)): null

2020-01-17 09:05:31 - [TEST_STEP][PASSED] - YCOORD = Integer.parseInt(findTestData("searchTestData").getValue("Y_COORD", row)): null

2020-01-17 09:05:31 - [TEST_STEP][PASSED] - setViewPortSize(XCOORD, YCOORD): Viewport is set to new size with width = 700 and height = 900

2020-01-17 09:05:31 - [MESSAGE][PASSED] - Viewport is set to new size with width = 700 and height = 900

2020-01-17 09:05:31 - [TEST_STEP][PASSED] - waitForPageLoad(60): Wait for page load successfully

2020-01-17 09:05:31 - [MESSAGE][PASSED] - Wait for page load successfully

2020-01-17 09:05:31 - [TEST_STEP][PASSED] - markPassed("Set View Port Size is currently SET to X AXIS " + XCOORD + " Y AXIS " + YCOORD): Set View Port Size is currently SET to X AXIS 700 Y AXIS 900

2020-01-17 09:05:31 - [MESSAGE][PASSED] - Set View Port Size is currently SET to X AXIS 700 Y AXIS 900

2020-01-17 09:05:31 - [TEST_STEP][PASSED] - markPassed("Set View Port Size is currently SET to X AXIS " + XCOORD + " Y AXIS " + YCOORD): Set View Port Size is currently SET to X AXIS 700 Y AXIS 900

2020-01-17 09:05:31 - [MESSAGE][PASSED] - Set View Port Size is currently SET to X AXIS 700 Y AXIS 900

2020-01-17 09:05:31 - [TEST_STEP][PASSED] - " Block Commen End": null

2020-01-17 09:05:31 - [TEST_STEP][PASSED] - "---------------------------------------": null

2020-01-17 09:05:31 - [TEST_STEP][PASSED] - " Set and SEARCH TRADE CLASSIFICATION   |": null

2020-01-17 09:05:31 - [TEST_STEP][PASSED] - callTestCase(findTestCase("Reusable_Test_Sequences/CAT_Enter_Trade_Classification"), [:], CONTINUE_ON_FAILURE): Call Test Case 'Test Cases/Reusable_Test_Sequences/CAT_Enter_Trade_Classification' successfully

2020-01-17 09:05:31 - [TEST_CASE][PASSED] - Test Cases/Reusable_Test_Sequences/CAT_Enter_Trade_Classification: Test Cases/Reusable_Test_Sequences/CAT_Enter_Trade_Classification

2020-01-17 09:05:31 - [TEST_STEP][PASSED] - "---------------------------------": null

2020-01-17 09:05:31 - [TEST_STEP][PASSED] - "Set and SEARCH SELECTED TRADE": null

2020-01-17 09:05:31 - [TEST_STEP][PASSED] - if (Website_Version == "new"): null

2020-01-17 09:05:31 - [TEST_STEP][PASSED] - else: Text 'Diagnostic Testing' is set on object 'Object Repository/Checkatrade_Trade_Search_Page/Page_Checkatrade Find a tradesperson you can trust/input_Search_Button_FF'

2020-01-17 09:05:31 - [TEST_STEP][PASSED] - click(findTestObject("Object Repository/Checkatrade_Trade_Search_Page/Page_Checkatrade Find a tradesperson you can trust/input_Search_Button_FF")): Object: 'Object Repository/Checkatrade_Trade_Search_Page/Page_Checkatrade Find a tradesperson you can trust/input_Search_Button_FF' is clicked on

2020-01-17 09:05:31 - [MESSAGE][PASSED] - Object: 'Object Repository/Checkatrade_Trade_Search_Page/Page_Checkatrade Find a tradesperson you can trust/input_Search_Button_FF' is clicked on

2020-01-17 09:05:31 - [TEST_STEP][PASSED] - setText(findTestObject("Object Repository/Checkatrade_Trade_Search_Page/Page_Checkatrade Find a tradesperson you can trust/input_Search_Button_FF"), findTestData("searchTestData").getValue("tradeClassification", row)): Text 'Diagnostic Testing' is set on object 'Object Repository/Checkatrade_Trade_Search_Page/Page_Checkatrade Find a tradesperson you can trust/input_Search_Button_FF'

2020-01-17 09:05:32 - [MESSAGE][PASSED] - Text 'Diagnostic Testing' is set on object 'Object Repository/Checkatrade_Trade_Search_Page/Page_Checkatrade Find a tradesperson you can trust/input_Search_Button_FF'

2020-01-17 09:05:32 - [MESSAGE][PASSED] - Call Test Case 'Test Cases/Reusable_Test_Sequences/CAT_Enter_Trade_Classification' successfully

2020-01-17 09:05:32 - [TEST_STEP][PASSED] - "---------------------------------------": null

2020-01-17 09:05:32 - [TEST_STEP][PASSED] - " Set and SEARCH TRADE LOCATION         |": null

2020-01-17 09:05:32 - [TEST_STEP][PASSED] - callTestCase(findTestCase("Reusable_Test_Sequences/CAT_Enter_Trade_Location"), [:], CONTINUE_ON_FAILURE): Call Test Case 'Test Cases/Reusable_Test_Sequences/CAT_Enter_Trade_Location' successfully

2020-01-17 09:05:32 - [TEST_CASE][PASSED] - Test Cases/Reusable_Test_Sequences/CAT_Enter_Trade_Location: Test Cases/Reusable_Test_Sequences/CAT_Enter_Trade_Location

2020-01-17 09:05:32 - [TEST_STEP][PASSED] - "---------------------------------": null

2020-01-17 09:05:32 - [TEST_STEP][PASSED] - "Set and SEARCH SELECTED LOCATION |": null

2020-01-17 09:05:32 - [TEST_STEP][PASSED] - if (Website_Version == "new"): null

2020-01-17 09:05:32 - [TEST_STEP][PASSED] - else: Text 'Angmering' is set on object 'Object Repository/Checkatrade_Trade_Search_Page/Page_Checkatrade Find a tradesperson you can trust/input_Not here_location'

2020-01-17 09:05:32 - [TEST_STEP][PASSED] - click(findTestObject("Object Repository/Checkatrade_Trade_Search_Page/Page_Checkatrade Find a tradesperson you can trust/input_Not here_location")): Object: 'Object Repository/Checkatrade_Trade_Search_Page/Page_Checkatrade Find a tradesperson you can trust/input_Not here_location' is clicked on

2020-01-17 09:05:34 - [MESSAGE][PASSED] - Object: 'Object Repository/Checkatrade_Trade_Search_Page/Page_Checkatrade Find a tradesperson you can trust/input_Not here_location' is clicked on

2020-01-17 09:05:34 - [TEST_STEP][PASSED] - setText(findTestObject("Object Repository/Checkatrade_Trade_Search_Page/Page_Checkatrade Find a tradesperson you can trust/input_Not here_location"), findTestData("searchTestData").getValue("tradeLocation", row)): Text 'Angmering' is set on object 'Object Repository/Checkatrade_Trade_Search_Page/Page_Checkatrade Find a tradesperson you can trust/input_Not here_location'

2020-01-17 09:05:34 - [MESSAGE][PASSED] - Text 'Angmering' is set on object 'Object Repository/Checkatrade_Trade_Search_Page/Page_Checkatrade Find a tradesperson you can trust/input_Not here_location'

2020-01-17 09:05:34 - [MESSAGE][PASSED] - Call Test Case 'Test Cases/Reusable_Test_Sequences/CAT_Enter_Trade_Location' successfully

2020-01-17 09:05:34 - [TEST_STEP][PASSED] - "---------------------------------------": null

2020-01-17 09:05:34 - [TEST_STEP][PASSED] - " Scroll Search Button into View        |": null

2020-01-17 09:05:34 - [TEST_STEP][PASSED] - "---------------------------------------": null

2020-01-17 09:05:34 - [TEST_STEP][PASSED] - "---------------------------------------": null

2020-01-17 09:05:34 - [TEST_STEP][PASSED] - " Dispel New trades Header              |": null

2020-01-17 09:05:34 - [TEST_STEP][PASSED] - callTestCase(findTestCase("Reusable_Test_Sequences/CAT_Dispel_Trade_Header"), [:], CONTINUE_ON_FAILURE): Call Test Case 'Test Cases/Reusable_Test_Sequences/CAT_Dispel_Trade_Header' successfully

2020-01-17 09:05:34 - [TEST_CASE][PASSED] - Test Cases/Reusable_Test_Sequences/CAT_Dispel_Trade_Header: Test Cases/Reusable_Test_Sequences/CAT_Dispel_Trade_Header

2020-01-17 09:05:34 - [TEST_STEP][PASSED] - " New Function to Dispel Trades Header (on Deployment 05/12/20190) ": null

2020-01-17 09:05:34 - [TEST_STEP][PASSED] - if (row == 4): Object: 'Object Repository/Trades_Apply_Here/Page_Checkatrade Find a tradesperson you can trust/nav_Homeowner' is clicked on

2020-01-17 09:05:34 - [TEST_STEP][PASSED] - markPassed(" * * * * * *  The <TRADES HEADER> Was Presented on the desktop, and was Dispelled - NOT! * * * * * *"):  * * * * * *  The <TRADES HEADER> Was Presented on the desktop, and was Dispelled - NOT! * * * * * *

2020-01-17 09:05:34 - [MESSAGE][PASSED] -  * * * * * *  The <TRADES HEADER> Was Presented on the desktop, and was Dispelled - NOT! * * * * * *

2020-01-17 09:05:34 - [TEST_STEP][PASSED] - click(findTestObject("Trades_Apply_Here/Page_Checkatrade Find a tradesperson you can trust/nav_Homeowner")): Object: 'Object Repository/Trades_Apply_Here/Page_Checkatrade Find a tradesperson you can trust/nav_Homeowner' is clicked on

2020-01-17 09:05:35 - [MESSAGE][PASSED] - Object: 'Object Repository/Trades_Apply_Here/Page_Checkatrade Find a tradesperson you can trust/nav_Homeowner' is clicked on

2020-01-17 09:05:35 - [MESSAGE][PASSED] - Call Test Case 'Test Cases/Reusable_Test_Sequences/CAT_Dispel_Trade_Header' successfully

2020-01-17 09:05:35 - [TEST_STEP][PASSED] - "---------------------------------------": null

2020-01-17 09:05:35 - [TEST_STEP][PASSED] - " Hit Search Button                     |": null

2020-01-17 09:05:35 - [TEST_STEP][PASSED] - callTestCase(findTestCase("Reusable_Test_Sequences/CAT_Hit_Search_Button"), [:], CONTINUE_ON_FAILURE): Call Test Case 'Test Cases/Reusable_Test_Sequences/CAT_Hit_Search_Button' successfully

2020-01-17 09:05:35 - [TEST_CASE][PASSED] - Test Cases/Reusable_Test_Sequences/CAT_Hit_Search_Button: Test Cases/Reusable_Test_Sequences/CAT_Hit_Search_Button

2020-01-17 09:05:35 - [TEST_STEP][PASSED] - "---------------------------------": null

2020-01-17 09:05:35 - [TEST_STEP][PASSED] - "HIT SEARCH": null

2020-01-17 09:05:35 - [TEST_STEP][PASSED] - "---------------------------------": null

2020-01-17 09:05:35 - [TEST_STEP][PASSED] - if (Website_Version == "new"): null

2020-01-17 09:05:35 - [TEST_STEP][PASSED] - else: Object: 'Object Repository/Checkatrade_Trade_Search_Page/Page_Checkatrade Find a tradesperson you can trust/Page_Checkatrade Find a tradesperson you can trust/a_Search' is clicked on

2020-01-17 09:05:35 - [TEST_STEP][PASSED] - waitForElementClickable(findTestObject("Object Repository/Checkatrade_Trade_Search_Page/Page_Checkatrade Find a tradesperson you can trust/Page_Checkatrade Find a tradesperson you can trust/a_Search"), 25): Object 'Object Repository/Checkatrade_Trade_Search_Page/Page_Checkatrade Find a tradesperson you can trust/Page_Checkatrade Find a tradesperson you can trust/a_Search' is clickable

2020-01-17 09:05:35 - [MESSAGE][PASSED] - Object 'Object Repository/Checkatrade_Trade_Search_Page/Page_Checkatrade Find a tradesperson you can trust/Page_Checkatrade Find a tradesperson you can trust/a_Search' is clickable

2020-01-17 09:05:35 - [TEST_STEP][PASSED] - click(findTestObject("Object Repository/Checkatrade_Trade_Search_Page/Page_Checkatrade Find a tradesperson you can trust/Page_Checkatrade Find a tradesperson you can trust/a_Search")): Object: 'Object Repository/Checkatrade_Trade_Search_Page/Page_Checkatrade Find a tradesperson you can trust/Page_Checkatrade Find a tradesperson you can trust/a_Search' is clicked on

2020-01-17 09:05:37 - [MESSAGE][PASSED] - Object: 'Object Repository/Checkatrade_Trade_Search_Page/Page_Checkatrade Find a tradesperson you can trust/Page_Checkatrade Find a tradesperson you can trust/a_Search' is clicked on

2020-01-17 09:05:37 - [MESSAGE][PASSED] - Call Test Case 'Test Cases/Reusable_Test_Sequences/CAT_Hit_Search_Button' successfully

2020-01-17 09:05:37 - [TEST_STEP][PASSED] - "---------------------------------------": null

2020-01-17 09:05:37 - [TEST_STEP][PASSED] - " Verify Returned Page is as Expected   |": null

2020-01-17 09:05:37 - [TEST_STEP][PASSED] - callTestCase(findTestCase("Reusable_Test_Sequences/CAT_Verification"), [:], CONTINUE_ON_FAILURE): Call Test Case 'Test Cases/Reusable_Test_Sequences/CAT_Verification' successfully

2020-01-17 09:05:37 - [TEST_CASE][PASSED] - Test Cases/Reusable_Test_Sequences/CAT_Verification: Test Cases/Reusable_Test_Sequences/CAT_Verification

2020-01-17 09:05:37 - [TEST_STEP][PASSED] - "Updated 05/12/2019 due to wholesale Home page changes": null

2020-01-17 09:05:37 - [TEST_STEP][PASSED] - "Expected cantantenated text is Returned": null

2020-01-17 09:05:37 - [TEST_STEP][PASSED] - delay(1): Delayed 1 second(s)

2020-01-17 09:05:38 - [MESSAGE][PASSED] - Delayed 1 second(s)

2020-01-17 09:05:38 - [TEST_STEP][PASSED] - waitForPageLoad(60): Wait for page load successfully

2020-01-17 09:05:38 - [MESSAGE][PASSED] - Wait for page load successfully

2020-01-17 09:05:38 - [TEST_STEP][PASSED] - verifyTextPresent(findTestData("searchTestData").getValue("tradeClassification", row), false): Text 'Diagnostic Testing' is present on page 

2020-01-17 09:05:39 - [MESSAGE][PASSED] - Text 'Diagnostic Testing' is present on page 

2020-01-17 09:05:39 - [TEST_STEP][PASSED] - verifyTextPresent(findTestData("searchTestData").getValue("tradeLocation", row), false): Text 'Angmering' is present on page 

2020-01-17 09:05:39 - [MESSAGE][PASSED] - Text 'Angmering' is present on page 

2020-01-17 09:05:39 - [MESSAGE][PASSED] - Call Test Case 'Test Cases/Reusable_Test_Sequences/CAT_Verification' successfully

2020-01-17 09:05:39 - [TEST_STEP][PASSED] - "--------------------------": null

2020-01-17 09:05:39 - [TEST_STEP][PASSED] - " Teardown - CLose Browser |": null

2020-01-17 09:05:39 - [TEST_STEP][PASSED] - callTestCase(findTestCase("Reusable_Test_Sequences/CAT_Teardown"), [:], OPTIONAL): Call Test Case 'Test Cases/Reusable_Test_Sequences/CAT_Teardown' successfully

2020-01-17 09:05:39 - [TEST_CASE][PASSED] - Test Cases/Reusable_Test_Sequences/CAT_Teardown: Test Cases/Reusable_Test_Sequences/CAT_Teardown

2020-01-17 09:05:39 - [TEST_STEP][PASSED] - closeBrowser(): Browser is closed

2020-01-17 09:05:39 - [MESSAGE][PASSED] - Browser is closed

2020-01-17 09:05:39 - [MESSAGE][PASSED] - Call Test Case 'Test Cases/Reusable_Test_Sequences/CAT_Teardown' successfully

2020-01-17 09:05:40 - [TEST_STEP][PASSED] - "------------------------------": null

2020-01-17 09:05:40 - [TEST_STEP][PASSED] - " Set Mobile Device Testing    |": null

2020-01-17 09:05:40 - [TEST_STEP][PASSED] - Mobile_Flag = "false": null

2020-01-17 09:05:40 - [TEST_STEP][PASSED] - "------------------------------": null

2020-01-17 09:05:40 - [TEST_STEP][PASSED] - " Set Mobile Device Testing    |": null

2020-01-17 09:05:40 - [TEST_STEP][PASSED] - callTestCase(findTestCase("Reusable_Test_Sequences/CAT_Setup"), [:], OPTIONAL): Call Test Case 'Test Cases/Reusable_Test_Sequences/CAT_Setup' successfully

2020-01-17 09:05:40 - [TEST_CASE][PASSED] - Test Cases/Reusable_Test_Sequences/CAT_Setup: Test Cases/Reusable_Test_Sequences/CAT_Setup

2020-01-17 09:05:40 - [TEST_STEP][PASSED] - "------------------------------": null

2020-01-17 09:05:40 - [TEST_STEP][PASSED] - " Set Mobile Device Testing    |": null

2020-01-17 09:05:40 - [TEST_STEP][PASSED] - if (Mobile_Flag == "true"): null

2020-01-17 09:05:40 - [TEST_STEP][PASSED] - "------------------------------": null

2020-01-17 09:05:40 - [TEST_STEP][PASSED] - " Set Mobile Device Testing    |": null

2020-01-17 09:05:40 - [TEST_STEP][PASSED] - "------------------------------": null

2020-01-17 09:05:40 - [TEST_STEP][PASSED] - "URL - Set from the ENVIRONMENT PROFILE ": null

2020-01-17 09:05:40 - [TEST_STEP][PASSED] - openBrowser(URL): Browser is opened with url: 'https://www.preview.checkatrade.com/'

2020-01-17 09:05:40 - [MESSAGE][INFO] - Starting 'Chrome' driver

2020-01-17 09:05:46 - [MESSAGE][PASSED] - Browser is opened with url: 'https://www.preview.checkatrade.com/'

2020-01-17 09:05:46 - [TEST_STEP][PASSED] - maximizeWindow(): Current window maximized

2020-01-17 09:05:51 - [MESSAGE][PASSED] - Current window maximized

2020-01-17 09:05:51 - [TEST_STEP][PASSED] - waitForPageLoad(60): Wait for page load successfully

2020-01-17 09:05:51 - [MESSAGE][PASSED] - Wait for page load successfully

2020-01-17 09:05:51 - [TEST_STEP][PASSED] - "Previous Functionalilty Left Commented For Ease Of reversion": null

2020-01-17 09:05:51 - [TEST_STEP][PASSED] - try: Text 'Cookie Policy' is not present on page

2020-01-17 09:05:51 - [TEST_STEP][PASSED] - verifyElementPresent(findTestObject("Object Repository/Cookies/Page_Checkatrade Find a tradesperson you can trust/button_Accept All"), 5): Object 'Object Repository/Cookies/Page_Checkatrade Find a tradesperson you can trust/button_Accept All' is present

2020-01-17 09:05:51 - [MESSAGE][PASSED] - Object 'Object Repository/Cookies/Page_Checkatrade Find a tradesperson you can trust/button_Accept All' is present

2020-01-17 09:05:51 - [TEST_STEP][PASSED] - click(findTestObject("Object Repository/Cookies/Page_Checkatrade Find a tradesperson you can trust/button_Accept All")): Object: 'Object Repository/Cookies/Page_Checkatrade Find a tradesperson you can trust/button_Accept All' is clicked on

2020-01-17 09:05:51 - [MESSAGE][PASSED] - Object: 'Object Repository/Cookies/Page_Checkatrade Find a tradesperson you can trust/button_Accept All' is clicked on

2020-01-17 09:05:51 - [TEST_STEP][PASSED] - "---------------------------------": null

2020-01-17 09:05:51 - [TEST_STEP][PASSED] - "COOKIE POPOUT REMOVED - Confirmed": null

2020-01-17 09:05:51 - [TEST_STEP][PASSED] - delay(1): Delayed 1 second(s)

2020-01-17 09:05:52 - [MESSAGE][PASSED] - Delayed 1 second(s)

2020-01-17 09:05:52 - [TEST_STEP][PASSED] - verifyTextNotPresent("We use cookies to personalise content and ads, to provide social media features and to analyse our traffic", false): Text 'We use cookies to personalise content and ads, to provide social media features and to analyse our traffic' is not present on page

2020-01-17 09:05:56 - [MESSAGE][PASSED] - Text 'We use cookies to personalise content and ads, to provide social media features and to analyse our traffic' is not present on page

2020-01-17 09:05:56 - [TEST_STEP][PASSED] - verifyTextNotPresent(" We also share information about your use of our site with our social media, advertising and analytics partners", false): Text ' We also share information about your use of our site with our social media, advertising and analytics partners' is not present on page

2020-01-17 09:05:56 - [MESSAGE][PASSED] - Text ' We also share information about your use of our site with our social media, advertising and analytics partners' is not present on page

2020-01-17 09:05:56 - [TEST_STEP][PASSED] - verifyTextNotPresent("Cookie Policy", false): Text 'Cookie Policy' is not present on page

2020-01-17 09:05:56 - [MESSAGE][PASSED] - Text 'Cookie Policy' is not present on page

2020-01-17 09:05:56 - [TEST_STEP][PASSED] - waitForPageLoad(60): Wait for page load successfully

2020-01-17 09:05:56 - [MESSAGE][PASSED] - Wait for page load successfully

2020-01-17 09:05:56 - [TEST_STEP][PASSED] - "COOKIE - ORIGINAL": null

2020-01-17 09:05:56 - [TEST_STEP][PASSED] - if (waitForElementVisible(findTestObject("Object Repository/Feedback/Page_Checkatrade Give your feedback/input_Member_to_Review"), 5)): Web element with id: 'Object Repository/Feedback/Page_Checkatrade Give your feedback/input_Member_to_Review' located by 'By.xpath: //input[@id='feedback-form__company_autocomplete_input']' not found

2020-01-17 09:06:01 - [MESSAGE][INFO] - Unable to find the element located by 'By.xpath: //input[@id='feedback-form__company_autocomplete_input']'. Please recheck the objects properties to make sure the desired element is located. 

2020-01-17 09:06:01 - [MESSAGE][WARNING] - Web element with id: 'Object Repository/Feedback/Page_Checkatrade Give your feedback/input_Member_to_Review' located by 'By.xpath: //input[@id='feedback-form__company_autocomplete_input']' not found

2020-01-17 09:06:01 - [TEST_STEP][PASSED] - else: The <<<OLD>>> Website was detected by the STARTUP Process

2020-01-17 09:06:01 - [TEST_STEP][PASSED] - if (!(verifyElementVisible(findTestObject("Object Repository/Checkatrade_Trade_Search_Page/Page_Checkatrade Find a tradesperson you can trust/input_Search_Button_FF")))): Object 'Object Repository/Checkatrade_Trade_Search_Page/Page_Checkatrade Find a tradesperson you can trust/input_Search_Button_FF' is visible

2020-01-17 09:06:01 - [MESSAGE][PASSED] - Object 'Object Repository/Checkatrade_Trade_Search_Page/Page_Checkatrade Find a tradesperson you can trust/input_Search_Button_FF' is visible

2020-01-17 09:06:01 - [TEST_STEP][PASSED] - else: The <<<OLD>>> Website was detected by the STARTUP Process

2020-01-17 09:06:01 - [TEST_STEP][PASSED] - Website_Version = "old": null

2020-01-17 09:06:01 - [TEST_STEP][PASSED] - logInfo("The <<<OLD>>> Website was detected by the STARTUP Process"): The <<<OLD>>> Website was detected by the STARTUP Process

2020-01-17 09:06:01 - [MESSAGE][INFO] - The <<<OLD>>> Website was detected by the STARTUP Process

2020-01-17 09:06:01 - [MESSAGE][PASSED] - Call Test Case 'Test Cases/Reusable_Test_Sequences/CAT_Setup' successfully

2020-01-17 09:06:01 - [TEST_STEP][PASSED] - " ALTERNATIVE SCREEN RESOLUTION SELECTION METHOD": null

2020-01-17 09:06:01 - [TEST_STEP][PASSED] - " Block Comment Start": null

2020-01-17 09:06:01 - [TEST_STEP][PASSED] - " ACTUAL SCREEN RESOLUTION SELECTION METHOD USED": null

2020-01-17 09:06:01 - [TEST_STEP][PASSED] - XCOORD = Integer.parseInt(findTestData("searchTestData").getValue("X_COORD", row)): null

2020-01-17 09:06:01 - [TEST_STEP][PASSED] - YCOORD = Integer.parseInt(findTestData("searchTestData").getValue("Y_COORD", row)): null

2020-01-17 09:06:01 - [TEST_STEP][PASSED] - setViewPortSize(XCOORD, YCOORD): Viewport is set to new size with width = 600 and height = 800

2020-01-17 09:06:02 - [MESSAGE][PASSED] - Viewport is set to new size with width = 600 and height = 800

2020-01-17 09:06:02 - [TEST_STEP][PASSED] - waitForPageLoad(60): Wait for page load successfully

2020-01-17 09:06:02 - [MESSAGE][PASSED] - Wait for page load successfully

2020-01-17 09:06:02 - [TEST_STEP][PASSED] - markPassed("Set View Port Size is currently SET to X AXIS " + XCOORD + " Y AXIS " + YCOORD): Set View Port Size is currently SET to X AXIS 600 Y AXIS 800

2020-01-17 09:06:02 - [MESSAGE][PASSED] - Set View Port Size is currently SET to X AXIS 600 Y AXIS 800

2020-01-17 09:06:02 - [TEST_STEP][PASSED] - markPassed("Set View Port Size is currently SET to X AXIS " + XCOORD + " Y AXIS " + YCOORD): Set View Port Size is currently SET to X AXIS 600 Y AXIS 800

2020-01-17 09:06:02 - [MESSAGE][PASSED] - Set View Port Size is currently SET to X AXIS 600 Y AXIS 800

2020-01-17 09:06:02 - [TEST_STEP][PASSED] - " Block Commen End": null

2020-01-17 09:06:02 - [TEST_STEP][PASSED] - "---------------------------------------": null

2020-01-17 09:06:02 - [TEST_STEP][PASSED] - " Set and SEARCH TRADE CLASSIFICATION   |": null

2020-01-17 09:06:02 - [TEST_STEP][PASSED] - callTestCase(findTestCase("Reusable_Test_Sequences/CAT_Enter_Trade_Classification"), [:], CONTINUE_ON_FAILURE): Call Test Case 'Test Cases/Reusable_Test_Sequences/CAT_Enter_Trade_Classification' successfully

2020-01-17 09:06:02 - [TEST_CASE][PASSED] - Test Cases/Reusable_Test_Sequences/CAT_Enter_Trade_Classification: Test Cases/Reusable_Test_Sequences/CAT_Enter_Trade_Classification

2020-01-17 09:06:02 - [TEST_STEP][PASSED] - "---------------------------------": null

2020-01-17 09:06:02 - [TEST_STEP][PASSED] - "Set and SEARCH SELECTED TRADE": null

2020-01-17 09:06:02 - [TEST_STEP][PASSED] - if (Website_Version == "new"): null

2020-01-17 09:06:02 - [TEST_STEP][PASSED] - else: Text 'Garage/Vehicle Services' is set on object 'Object Repository/Checkatrade_Trade_Search_Page/Page_Checkatrade Find a tradesperson you can trust/input_Search_Button_FF'

2020-01-17 09:06:02 - [TEST_STEP][PASSED] - click(findTestObject("Object Repository/Checkatrade_Trade_Search_Page/Page_Checkatrade Find a tradesperson you can trust/input_Search_Button_FF")): Object: 'Object Repository/Checkatrade_Trade_Search_Page/Page_Checkatrade Find a tradesperson you can trust/input_Search_Button_FF' is clicked on

2020-01-17 09:06:02 - [MESSAGE][PASSED] - Object: 'Object Repository/Checkatrade_Trade_Search_Page/Page_Checkatrade Find a tradesperson you can trust/input_Search_Button_FF' is clicked on

2020-01-17 09:06:02 - [TEST_STEP][PASSED] - setText(findTestObject("Object Repository/Checkatrade_Trade_Search_Page/Page_Checkatrade Find a tradesperson you can trust/input_Search_Button_FF"), findTestData("searchTestData").getValue("tradeClassification", row)): Text 'Garage/Vehicle Services' is set on object 'Object Repository/Checkatrade_Trade_Search_Page/Page_Checkatrade Find a tradesperson you can trust/input_Search_Button_FF'

2020-01-17 09:06:04 - [MESSAGE][PASSED] - Text 'Garage/Vehicle Services' is set on object 'Object Repository/Checkatrade_Trade_Search_Page/Page_Checkatrade Find a tradesperson you can trust/input_Search_Button_FF'

2020-01-17 09:06:04 - [MESSAGE][PASSED] - Call Test Case 'Test Cases/Reusable_Test_Sequences/CAT_Enter_Trade_Classification' successfully

2020-01-17 09:06:04 - [TEST_STEP][PASSED] - "---------------------------------------": null

2020-01-17 09:06:04 - [TEST_STEP][PASSED] - " Set and SEARCH TRADE LOCATION         |": null

2020-01-17 09:06:04 - [TEST_STEP][PASSED] - callTestCase(findTestCase("Reusable_Test_Sequences/CAT_Enter_Trade_Location"), [:], CONTINUE_ON_FAILURE): Call Test Case 'Test Cases/Reusable_Test_Sequences/CAT_Enter_Trade_Location' successfully

2020-01-17 09:06:04 - [TEST_CASE][PASSED] - Test Cases/Reusable_Test_Sequences/CAT_Enter_Trade_Location: Test Cases/Reusable_Test_Sequences/CAT_Enter_Trade_Location

2020-01-17 09:06:04 - [TEST_STEP][PASSED] - "---------------------------------": null

2020-01-17 09:06:04 - [TEST_STEP][PASSED] - "Set and SEARCH SELECTED LOCATION |": null

2020-01-17 09:06:04 - [TEST_STEP][PASSED] - if (Website_Version == "new"): null

2020-01-17 09:06:04 - [TEST_STEP][PASSED] - else: Text 'Rugby' is set on object 'Object Repository/Checkatrade_Trade_Search_Page/Page_Checkatrade Find a tradesperson you can trust/input_Not here_location'

2020-01-17 09:06:04 - [TEST_STEP][PASSED] - click(findTestObject("Object Repository/Checkatrade_Trade_Search_Page/Page_Checkatrade Find a tradesperson you can trust/input_Not here_location")): Object: 'Object Repository/Checkatrade_Trade_Search_Page/Page_Checkatrade Find a tradesperson you can trust/input_Not here_location' is clicked on

2020-01-17 09:06:06 - [MESSAGE][PASSED] - Object: 'Object Repository/Checkatrade_Trade_Search_Page/Page_Checkatrade Find a tradesperson you can trust/input_Not here_location' is clicked on

2020-01-17 09:06:06 - [TEST_STEP][PASSED] - setText(findTestObject("Object Repository/Checkatrade_Trade_Search_Page/Page_Checkatrade Find a tradesperson you can trust/input_Not here_location"), findTestData("searchTestData").getValue("tradeLocation", row)): Text 'Rugby' is set on object 'Object Repository/Checkatrade_Trade_Search_Page/Page_Checkatrade Find a tradesperson you can trust/input_Not here_location'

2020-01-17 09:06:07 - [MESSAGE][PASSED] - Text 'Rugby' is set on object 'Object Repository/Checkatrade_Trade_Search_Page/Page_Checkatrade Find a tradesperson you can trust/input_Not here_location'

2020-01-17 09:06:07 - [MESSAGE][PASSED] - Call Test Case 'Test Cases/Reusable_Test_Sequences/CAT_Enter_Trade_Location' successfully

2020-01-17 09:06:07 - [TEST_STEP][PASSED] - "---------------------------------------": null

2020-01-17 09:06:07 - [TEST_STEP][PASSED] - " Scroll Search Button into View        |": null

2020-01-17 09:06:07 - [TEST_STEP][PASSED] - "---------------------------------------": null

2020-01-17 09:06:07 - [TEST_STEP][PASSED] - "---------------------------------------": null

2020-01-17 09:06:07 - [TEST_STEP][PASSED] - " Dispel New trades Header              |": null

2020-01-17 09:06:07 - [TEST_STEP][PASSED] - callTestCase(findTestCase("Reusable_Test_Sequences/CAT_Dispel_Trade_Header"), [:], CONTINUE_ON_FAILURE): Call Test Case 'Test Cases/Reusable_Test_Sequences/CAT_Dispel_Trade_Header' successfully

2020-01-17 09:06:07 - [TEST_CASE][PASSED] - Test Cases/Reusable_Test_Sequences/CAT_Dispel_Trade_Header: Test Cases/Reusable_Test_Sequences/CAT_Dispel_Trade_Header

2020-01-17 09:06:07 - [TEST_STEP][PASSED] - " New Function to Dispel Trades Header (on Deployment 05/12/20190) ": null

2020-01-17 09:06:07 - [TEST_STEP][PASSED] - if (row == 4): null

2020-01-17 09:06:07 - [MESSAGE][PASSED] - Call Test Case 'Test Cases/Reusable_Test_Sequences/CAT_Dispel_Trade_Header' successfully

2020-01-17 09:06:07 - [TEST_STEP][PASSED] - "---------------------------------------": null

2020-01-17 09:06:07 - [TEST_STEP][PASSED] - " Hit Search Button                     |": null

2020-01-17 09:06:07 - [TEST_STEP][PASSED] - callTestCase(findTestCase("Reusable_Test_Sequences/CAT_Hit_Search_Button"), [:], CONTINUE_ON_FAILURE): Call Test Case 'Test Cases/Reusable_Test_Sequences/CAT_Hit_Search_Button' successfully

2020-01-17 09:06:07 - [TEST_CASE][PASSED] - Test Cases/Reusable_Test_Sequences/CAT_Hit_Search_Button: Test Cases/Reusable_Test_Sequences/CAT_Hit_Search_Button

2020-01-17 09:06:07 - [TEST_STEP][PASSED] - "---------------------------------": null

2020-01-17 09:06:07 - [TEST_STEP][PASSED] - "HIT SEARCH": null

2020-01-17 09:06:07 - [TEST_STEP][PASSED] - "---------------------------------": null

2020-01-17 09:06:07 - [TEST_STEP][PASSED] - if (Website_Version == "new"): null

2020-01-17 09:06:07 - [TEST_STEP][PASSED] - else: Object: 'Object Repository/Checkatrade_Trade_Search_Page/Page_Checkatrade Find a tradesperson you can trust/Page_Checkatrade Find a tradesperson you can trust/a_Search' is clicked on

2020-01-17 09:06:07 - [TEST_STEP][PASSED] - waitForElementClickable(findTestObject("Object Repository/Checkatrade_Trade_Search_Page/Page_Checkatrade Find a tradesperson you can trust/Page_Checkatrade Find a tradesperson you can trust/a_Search"), 25): Object 'Object Repository/Checkatrade_Trade_Search_Page/Page_Checkatrade Find a tradesperson you can trust/Page_Checkatrade Find a tradesperson you can trust/a_Search' is clickable

2020-01-17 09:06:07 - [MESSAGE][PASSED] - Object 'Object Repository/Checkatrade_Trade_Search_Page/Page_Checkatrade Find a tradesperson you can trust/Page_Checkatrade Find a tradesperson you can trust/a_Search' is clickable

2020-01-17 09:06:07 - [TEST_STEP][PASSED] - click(findTestObject("Object Repository/Checkatrade_Trade_Search_Page/Page_Checkatrade Find a tradesperson you can trust/Page_Checkatrade Find a tradesperson you can trust/a_Search")): Object: 'Object Repository/Checkatrade_Trade_Search_Page/Page_Checkatrade Find a tradesperson you can trust/Page_Checkatrade Find a tradesperson you can trust/a_Search' is clicked on

2020-01-17 09:06:11 - [MESSAGE][PASSED] - Object: 'Object Repository/Checkatrade_Trade_Search_Page/Page_Checkatrade Find a tradesperson you can trust/Page_Checkatrade Find a tradesperson you can trust/a_Search' is clicked on

2020-01-17 09:06:11 - [MESSAGE][PASSED] - Call Test Case 'Test Cases/Reusable_Test_Sequences/CAT_Hit_Search_Button' successfully

2020-01-17 09:06:11 - [TEST_STEP][PASSED] - "---------------------------------------": null

2020-01-17 09:06:11 - [TEST_STEP][PASSED] - " Verify Returned Page is as Expected   |": null

2020-01-17 09:06:11 - [TEST_STEP][PASSED] - callTestCase(findTestCase("Reusable_Test_Sequences/CAT_Verification"), [:], CONTINUE_ON_FAILURE): Call Test Case 'Test Cases/Reusable_Test_Sequences/CAT_Verification' successfully

2020-01-17 09:06:11 - [TEST_CASE][PASSED] - Test Cases/Reusable_Test_Sequences/CAT_Verification: Test Cases/Reusable_Test_Sequences/CAT_Verification

2020-01-17 09:06:11 - [TEST_STEP][PASSED] - "Updated 05/12/2019 due to wholesale Home page changes": null

2020-01-17 09:06:11 - [TEST_STEP][PASSED] - "Expected cantantenated text is Returned": null

2020-01-17 09:06:11 - [TEST_STEP][PASSED] - delay(1): Delayed 1 second(s)

2020-01-17 09:06:12 - [MESSAGE][PASSED] - Delayed 1 second(s)

2020-01-17 09:06:12 - [TEST_STEP][PASSED] - waitForPageLoad(60): Wait for page load successfully

2020-01-17 09:06:12 - [MESSAGE][PASSED] - Wait for page load successfully

2020-01-17 09:06:12 - [TEST_STEP][PASSED] - verifyTextPresent(findTestData("searchTestData").getValue("tradeClassification", row), false): Text 'Garage/Vehicle Services' is present on page 

2020-01-17 09:06:13 - [MESSAGE][PASSED] - Text 'Garage/Vehicle Services' is present on page 

2020-01-17 09:06:13 - [TEST_STEP][PASSED] - verifyTextPresent(findTestData("searchTestData").getValue("tradeLocation", row), false): Text 'Rugby' is present on page 

2020-01-17 09:06:13 - [MESSAGE][PASSED] - Text 'Rugby' is present on page 

2020-01-17 09:06:13 - [MESSAGE][PASSED] - Call Test Case 'Test Cases/Reusable_Test_Sequences/CAT_Verification' successfully

2020-01-17 09:06:13 - [TEST_STEP][PASSED] - "--------------------------": null

2020-01-17 09:06:13 - [TEST_STEP][PASSED] - " Teardown - CLose Browser |": null

2020-01-17 09:06:13 - [TEST_STEP][PASSED] - callTestCase(findTestCase("Reusable_Test_Sequences/CAT_Teardown"), [:], OPTIONAL): Call Test Case 'Test Cases/Reusable_Test_Sequences/CAT_Teardown' successfully

2020-01-17 09:06:13 - [TEST_CASE][PASSED] - Test Cases/Reusable_Test_Sequences/CAT_Teardown: Test Cases/Reusable_Test_Sequences/CAT_Teardown

2020-01-17 09:06:13 - [TEST_STEP][PASSED] - closeBrowser(): Browser is closed

2020-01-17 09:06:14 - [MESSAGE][PASSED] - Browser is closed

2020-01-17 09:06:14 - [MESSAGE][PASSED] - Call Test Case 'Test Cases/Reusable_Test_Sequences/CAT_Teardown' successfully]]></system-out>
         <system-err><![CDATA[]]></system-err>
      </testcase>
      <system-out><![CDATA[2020-01-17 09:03:35 - [TEST_SUITE][PASSED] - Mobile_Devices: Test Cases/Mobile_Devices/Default_Device_Dev]]></system-out>
      <system-err><![CDATA[]]></system-err>
   </testsuite>
</testsuites>
