<?xml version="1.0" encoding="UTF-8"?>
<testsuites name="Trade_Name_Multiple_Search" time="651.217" tests="2" failures="0" errors="0">
   <testsuite name="Trade_Name_Multiple_Search" tests="2" failures="0" errors="0" time="651.217" timestamp="2020-04-24 09:46:56" hostname="DavidHo - 192.168.1.238" id="Test Suites/Trade_Name_Multiple_Search">
      <properties>
         <property name="deviceName" value=""/>
         <property name="devicePlatform" value=""/>
         <property name="logFolder" value="C:\\Users\\davidho\\git\\src\\Reports\\20200424_093338\\Trade_Name_Multiple_Search\\20200424_093344"/>
         <property name="logFiles" value="C:\\Users\\davidho\\git\\src\\Reports\\20200424_093338\\Trade_Name_Multiple_Search\\20200424_093344\\execution0.log"/>
         <property name="attachments" value=""/>
         <property name="hostName" value="DavidHo - 192.168.1.238"/>
         <property name="os" value="Windows 10 32bit"/>
         <property name="katalonVersion" value="7.4.0.1"/>
         <property name="browser" value="Firefox 74.0"/>
         <property name="hostAddress" value="192.168.1.238"/>
         <property name="sessionId" value="5ba9e6b4-52db-4139-b20d-2310be832d71"/>
         <property name="seleniumVersion" value="3.141.59"/>
         <property name="proxyInformation" value="ProxyInformation{proxyOption=NO_PROXY, proxyServerType=HTTP, password=, proxyServerAddress=, proxyServerPort=0, executionList=}"/>
         <property name="platform" value="Windows 10"/>
      </properties>
      <testcase name="Test Cases/Checkatrade_Tradesman_Searches/Trade_Name_Search_Multiple" time="314.017" classname="Test Cases/Checkatrade_Tradesman_Searches/Trade_Name_Search_Multiple" status="PASSED">
         <system-out><![CDATA[2020-04-24 09:46:56 - [TEST_CASE][PASSED] - Test Cases/Checkatrade_Tradesman_Searches/Trade_Name_Search_Multiple: Test Cases/Checkatrade_Tradesman_Searches/Trade_Name_Search_Multiple

2020-04-24 09:46:57 - [TEST_STEP][PASSED] - for ([row = 1, row <= findTestData("Search_CAT_ID_Data (1)").getRowNumbers(), (internal.GlobalVariable.row++)]): Call Test Case 'Test Cases/Reusable_Test_Sequences/CAT_Teardown' successfully

2020-04-24 09:47:02 - [TEST_STEP][PASSED] - callTestCase(findTestCase("Reusable_Test_Sequences/CAT_Setup"), [:], STOP_ON_FAILURE): Call Test Case 'Test Cases/Reusable_Test_Sequences/CAT_Setup' successfully

2020-04-24 09:47:02 - [TEST_CASE][PASSED] - Test Cases/Reusable_Test_Sequences/CAT_Setup: Test Cases/Reusable_Test_Sequences/CAT_Setup

2020-04-24 09:47:03 - [TEST_STEP][PASSED] - "------------------------------": null

2020-04-24 09:47:03 - [TEST_STEP][PASSED] - " Set Mobile Device Testing    |": null

2020-04-24 09:47:03 - [TEST_STEP][PASSED] - if (Mobile_Flag == "true"): null

2020-04-24 09:47:03 - [TEST_STEP][PASSED] - "------------------------------": null

2020-04-24 09:47:03 - [TEST_STEP][PASSED] - " Set Mobile Device Testing    |": null

2020-04-24 09:47:03 - [TEST_STEP][PASSED] - "------------------------------": null

2020-04-24 09:47:03 - [TEST_STEP][PASSED] - "URL - Set from the ENVIRONMENT PROFILE ": null

2020-04-24 09:47:03 - [TEST_STEP][PASSED] - openBrowser(URL): Browser is opened with url: 'https://www.preview.checkatrade.com/'

2020-04-24 09:47:04 - [MESSAGE][INFO] - Starting 'Firefox' driver

2020-04-24 09:47:04 - [MESSAGE][INFO] - Action delay is set to 0 milliseconds

2020-04-24 09:47:20 - [MESSAGE][PASSED] - Browser is opened with url: 'https://www.preview.checkatrade.com/'

2020-04-24 09:47:20 - [TEST_STEP][PASSED] - maximizeWindow(): Current window maximized

2020-04-24 09:47:20 - [MESSAGE][PASSED] - Current window maximized

2020-04-24 09:47:20 - [TEST_STEP][PASSED] - waitForPageLoad(60): Wait for page load successfully

2020-04-24 09:47:20 - [MESSAGE][PASSED] - Wait for page load successfully

2020-04-24 09:47:20 - [TEST_STEP][PASSED] - "Previous Functionalilty Left Commented For Ease Of reversion": null

2020-04-24 09:47:20 - [TEST_STEP][PASSED] - " Katalon Try/Catches currently have issues? SEE HEADER": null

2020-04-24 09:47:20 - [TEST_STEP][PASSED] - try: Text 'Cookie Policy' is not present on page

2020-04-24 09:47:20 - [TEST_STEP][PASSED] - verifyElementPresent(findTestObject("Object Repository/Cookies/Page_Checkatrade Find a tradesperson you can trust/button_Accept All"), 5, OPTIONAL): Object 'Object Repository/Cookies/Page_Checkatrade Find a tradesperson you can trust/button_Accept All' is present

2020-04-24 09:47:20 - [MESSAGE][PASSED] - Object 'Object Repository/Cookies/Page_Checkatrade Find a tradesperson you can trust/button_Accept All' is present

2020-04-24 09:47:20 - [TEST_STEP][PASSED] - click(findTestObject("Object Repository/Cookies/Page_Checkatrade Find a tradesperson you can trust/button_Accept All"), OPTIONAL): Object: 'Object Repository/Cookies/Page_Checkatrade Find a tradesperson you can trust/button_Accept All' is clicked on

2020-04-24 09:47:21 - [MESSAGE][PASSED] - Object: 'Object Repository/Cookies/Page_Checkatrade Find a tradesperson you can trust/button_Accept All' is clicked on

2020-04-24 09:47:21 - [TEST_STEP][PASSED] - "---------------------------------": null

2020-04-24 09:47:21 - [TEST_STEP][PASSED] - "COOKIE POPOUT REMOVED - Confirmed": null

2020-04-24 09:47:21 - [TEST_STEP][PASSED] - delay(1): Delayed 1 second(s)

2020-04-24 09:47:22 - [MESSAGE][PASSED] - Delayed 1 second(s)

2020-04-24 09:47:22 - [TEST_STEP][PASSED] - verifyTextNotPresent("We use cookies to personalise content and ads, to provide social media features and to analyse our traffic", false): Text 'We use cookies to personalise content and ads, to provide social media features and to analyse our traffic' is not present on page

2020-04-24 09:47:23 - [MESSAGE][PASSED] - Text 'We use cookies to personalise content and ads, to provide social media features and to analyse our traffic' is not present on page

2020-04-24 09:47:23 - [TEST_STEP][PASSED] - verifyTextNotPresent(" We also share information about your use of our site with our social media, advertising and analytics partners", false): Text ' We also share information about your use of our site with our social media, advertising and analytics partners' is not present on page

2020-04-24 09:47:24 - [MESSAGE][PASSED] - Text ' We also share information about your use of our site with our social media, advertising and analytics partners' is not present on page

2020-04-24 09:47:24 - [TEST_STEP][PASSED] - verifyTextNotPresent("Cookie Policy", false): Text 'Cookie Policy' is not present on page

2020-04-24 09:47:24 - [MESSAGE][PASSED] - Text 'Cookie Policy' is not present on page

2020-04-24 09:47:24 - [TEST_STEP][PASSED] - waitForPageLoad(60): Wait for page load successfully

2020-04-24 09:47:24 - [MESSAGE][PASSED] - Wait for page load successfully

2020-04-24 09:47:24 - [TEST_STEP][PASSED] - "COOKIE - ORIGINAL": null

2020-04-24 09:47:24 - [TEST_STEP][PASSED] - if (waitForElementVisible(findTestObject("Object Repository/Feedback/Page_Checkatrade Give your feedback/input_Member_to_Review"), 5)): Web element with id: 'Object Repository/Feedback/Page_Checkatrade Give your feedback/input_Member_to_Review' located by 'By.xpath: //input[@id='feedback-form__company_autocomplete_input']' not found

2020-04-24 09:47:30 - [MESSAGE][INFO] - Unable to find the element located by 'By.xpath: //input[@id='feedback-form__company_autocomplete_input']'. Please recheck the objects properties to make sure the desired element is located. 

2020-04-24 09:47:30 - [MESSAGE][WARNING] - Web element with id: 'Object Repository/Feedback/Page_Checkatrade Give your feedback/input_Member_to_Review' located by 'By.xpath: //input[@id='feedback-form__company_autocomplete_input']' not found

2020-04-24 09:47:30 - [TEST_STEP][PASSED] - else: The <<<OLD>>> Website was detected by the STARTUP Process

2020-04-24 09:47:30 - [TEST_STEP][PASSED] - if (!(verifyElementVisible(findTestObject("Object Repository/Checkatrade_Trade_Search_Page/Page_Checkatrade Find a tradesperson you can trust/input_Search_Button_FF")))): Object 'Object Repository/Checkatrade_Trade_Search_Page/Page_Checkatrade Find a tradesperson you can trust/input_Search_Button_FF' is visible

2020-04-24 09:47:30 - [MESSAGE][PASSED] - Object 'Object Repository/Checkatrade_Trade_Search_Page/Page_Checkatrade Find a tradesperson you can trust/input_Search_Button_FF' is visible

2020-04-24 09:47:30 - [TEST_STEP][PASSED] - else: The <<<OLD>>> Website was detected by the STARTUP Process

2020-04-24 09:47:30 - [TEST_STEP][PASSED] - Website_Version = "old": null

2020-04-24 09:47:30 - [TEST_STEP][PASSED] - logInfo("The <<<OLD>>> Website was detected by the STARTUP Process"): The <<<OLD>>> Website was detected by the STARTUP Process

2020-04-24 09:47:30 - [MESSAGE][INFO] - The <<<OLD>>> Website was detected by the STARTUP Process

2020-04-24 09:47:30 - [MESSAGE][PASSED] - Call Test Case 'Test Cases/Reusable_Test_Sequences/CAT_Setup' successfully

2020-04-24 09:47:30 - [TEST_STEP][PASSED] - callTestCase(findTestCase("Reusable_Test_Sequences/CAT_Home"), [:], CONTINUE_ON_FAILURE): Call Test Case 'Test Cases/Reusable_Test_Sequences/CAT_Home' successfully

2020-04-24 09:47:30 - [TEST_CASE][PASSED] - Test Cases/Reusable_Test_Sequences/CAT_Home: Test Cases/Reusable_Test_Sequences/CAT_Home

2020-04-24 09:47:31 - [TEST_STEP][PASSED] - waitForPageLoad(60): Wait for page load successfully

2020-04-24 09:47:31 - [MESSAGE][PASSED] - Wait for page load successfully

2020-04-24 09:47:31 - [TEST_STEP][PASSED] - delay(2): Delayed 2 second(s)

2020-04-24 09:47:33 - [MESSAGE][PASSED] - Delayed 2 second(s)

2020-04-24 09:47:33 - [TEST_STEP][PASSED] - "------------------------------------": null

2020-04-24 09:47:33 - [TEST_STEP][PASSED] - if (Website_Version == "new"): null

2020-04-24 09:47:33 - [TEST_STEP][PASSED] - else: Text 'Over a million visits to Checkatrade each month' is present on page 

2020-04-24 09:47:33 - [TEST_STEP][PASSED] - verifyTextPresent("Helping you find the right trade or service", false): Text 'Helping you find the right trade or service' is present on page 

2020-04-24 09:47:35 - [MESSAGE][PASSED] - Text 'Helping you find the right trade or service' is present on page 

2020-04-24 09:47:35 - [TEST_STEP][PASSED] - verifyTextPresent("Search through over", false): Text 'Search through over' is present on page 

2020-04-24 09:47:36 - [MESSAGE][PASSED] - Text 'Search through over' is present on page 

2020-04-24 09:47:36 - [TEST_STEP][PASSED] - verifyTextPresent("recommended, vetted and monitored trades and service providers for free.", false): Text 'recommended, vetted and monitored trades and service providers for free.' is present on page 

2020-04-24 09:47:37 - [MESSAGE][PASSED] - Text 'recommended, vetted and monitored trades and service providers for free.' is present on page 

2020-04-24 09:47:37 - [TEST_STEP][PASSED] - verifyTextPresent("reviews published so far – thank you!", false): Text 'reviews published so far – thank you!' is present on page 

2020-04-24 09:47:38 - [MESSAGE][PASSED] - Text 'reviews published so far – thank you!' is present on page 

2020-04-24 09:47:38 - [TEST_STEP][PASSED] - verifyTextPresent("I need a trade or service", false): Text 'I need a trade or service' is present on page 

2020-04-24 09:47:39 - [MESSAGE][PASSED] - Text 'I need a trade or service' is present on page 

2020-04-24 09:47:39 - [TEST_STEP][PASSED] - verifyTextPresent("Every trader thoroughly checked and vetted", false): Text 'Every trader thoroughly checked and vetted' is present on page 

2020-04-24 09:47:40 - [MESSAGE][PASSED] - Text 'Every trader thoroughly checked and vetted' is present on page 

2020-04-24 09:47:40 - [TEST_STEP][PASSED] - "------------------------------------": null

2020-04-24 09:47:40 - [TEST_STEP][PASSED] - verifyTextPresent("reviews published so far – thank you!", false): Text 'reviews published so far – thank you!' is present on page 

2020-04-24 09:47:41 - [MESSAGE][PASSED] - Text 'reviews published so far – thank you!' is present on page 

2020-04-24 09:47:41 - [TEST_STEP][PASSED] - verifyTextPresent("Find out more", false): Text 'Find out more' is present on page 

2020-04-24 09:47:41 - [MESSAGE][PASSED] - Text 'Find out more' is present on page 

2020-04-24 09:47:41 - [TEST_STEP][PASSED] - verifyTextPresent("I am a tradesman", false): Text 'I am a tradesman' is present on page 

2020-04-24 09:47:42 - [MESSAGE][PASSED] - Text 'I am a tradesman' is present on page 

2020-04-24 09:47:42 - [TEST_STEP][PASSED] - verifyTextPresent("Find out more", false): Text 'Find out more' is present on page 

2020-04-24 09:47:43 - [MESSAGE][PASSED] - Text 'Find out more' is present on page 

2020-04-24 09:47:43 - [TEST_STEP][PASSED] - verifyTextPresent("Over a million visits to Checkatrade each month", false): Text 'Over a million visits to Checkatrade each month' is present on page 

2020-04-24 09:47:44 - [MESSAGE][PASSED] - Text 'Over a million visits to Checkatrade each month' is present on page 

2020-04-24 09:47:44 - [MESSAGE][PASSED] - Call Test Case 'Test Cases/Reusable_Test_Sequences/CAT_Home' successfully

2020-04-24 09:47:44 - [TEST_STEP][PASSED] - "---------------------------------------------------------------------": null

2020-04-24 09:47:44 - [TEST_STEP][PASSED] - " Select Search on Trader Name (or ID) From Home page/Search Screen   |": null

2020-04-24 09:47:44 - [TEST_STEP][PASSED] - callTestCase(findTestCase("Reusable_Test_Sequences/CAT_Click_Search_Trade_Name"), [:], STOP_ON_FAILURE): Call Test Case 'Test Cases/Reusable_Test_Sequences/CAT_Click_Search_Trade_Name' successfully

2020-04-24 09:47:44 - [TEST_CASE][PASSED] - Test Cases/Reusable_Test_Sequences/CAT_Click_Search_Trade_Name: Test Cases/Reusable_Test_Sequences/CAT_Click_Search_Trade_Name

2020-04-24 09:47:44 - [TEST_STEP][PASSED] - waitForPageLoad(60): Wait for page load successfully

2020-04-24 09:47:44 - [MESSAGE][PASSED] - Wait for page load successfully

2020-04-24 09:47:44 - [TEST_STEP][PASSED] - if (Website_Version != "new"): Object: 'Object Repository/Page_Checkatrade Find a tradesperson you can trust/a_or look up a member by name' is clicked on

2020-04-24 09:47:44 - [TEST_STEP][PASSED] - waitForElementClickable(findTestObject("Object Repository/Page_Checkatrade Find a tradesperson you can trust/a_or look up a member by name"), 5): Object 'Object Repository/Page_Checkatrade Find a tradesperson you can trust/a_or look up a member by name' is clickable

2020-04-24 09:47:45 - [MESSAGE][PASSED] - Object 'Object Repository/Page_Checkatrade Find a tradesperson you can trust/a_or look up a member by name' is clickable

2020-04-24 09:47:45 - [TEST_STEP][PASSED] - click(findTestObject("Object Repository/Page_Checkatrade Find a tradesperson you can trust/a_or look up a member by name")): Object: 'Object Repository/Page_Checkatrade Find a tradesperson you can trust/a_or look up a member by name' is clicked on

2020-04-24 09:47:45 - [MESSAGE][PASSED] - Object: 'Object Repository/Page_Checkatrade Find a tradesperson you can trust/a_or look up a member by name' is clicked on

2020-04-24 09:47:45 - [TEST_STEP][PASSED] - if (Website_Version != "old"): null

2020-04-24 09:47:45 - [TEST_STEP][PASSED] - waitForPageLoad(60): Wait for page load successfully

2020-04-24 09:47:45 - [MESSAGE][PASSED] - Wait for page load successfully

2020-04-24 09:47:45 - [MESSAGE][PASSED] - Call Test Case 'Test Cases/Reusable_Test_Sequences/CAT_Click_Search_Trade_Name' successfully

2020-04-24 09:47:45 - [TEST_STEP][PASSED] - "---------------------------------------": null

2020-04-24 09:47:45 - [TEST_STEP][PASSED] - " Enter Trader Name (or ID) to Search   |": null

2020-04-24 09:47:45 - [TEST_STEP][PASSED] - callTestCase(findTestCase("Reusable_Test_Sequences/CAT_Enter_Trade_Name"), [:], STOP_ON_FAILURE): Call Test Case 'Test Cases/Reusable_Test_Sequences/CAT_Enter_Trade_Name' successfully

2020-04-24 09:47:45 - [TEST_CASE][PASSED] - Test Cases/Reusable_Test_Sequences/CAT_Enter_Trade_Name: Test Cases/Reusable_Test_Sequences/CAT_Enter_Trade_Name

2020-04-24 09:47:46 - [TEST_STEP][PASSED] - if (Website_Version != "new"): Text '218020' is set on object 'Object Repository/Page_Checkatrade Find a tradesperson you can trust/Trader_Name_To_Search'

2020-04-24 09:47:46 - [TEST_STEP][PASSED] - setText(findTestObject("Page_Checkatrade Find a tradesperson you can trust/Trader_Name_To_Search"), findTestData("Search_CAT_ID_Data (1)").getValue("tradeName", row)): Text '218020' is set on object 'Object Repository/Page_Checkatrade Find a tradesperson you can trust/Trader_Name_To_Search'

2020-04-24 09:47:46 - [MESSAGE][PASSED] - Text '218020' is set on object 'Object Repository/Page_Checkatrade Find a tradesperson you can trust/Trader_Name_To_Search'

2020-04-24 09:47:46 - [TEST_STEP][PASSED] - if (verifyTextNotPresent("Sorry, no results found", false)): null

2020-04-24 09:47:47 - [MESSAGE][PASSED] - Text 'Sorry, no results found' is not present on page

2020-04-24 09:47:47 - [TEST_STEP][PASSED] - markPassed("The Expected Lookup Result(s) ARE being returned by the Lookup Service, AS EXPECTED"): The Expected Lookup Result(s) ARE being returned by the Lookup Service, AS EXPECTED

2020-04-24 09:47:47 - [MESSAGE][PASSED] - The Expected Lookup Result(s) ARE being returned by the Lookup Service, AS EXPECTED

2020-04-24 09:47:47 - [MESSAGE][PASSED] - Call Test Case 'Test Cases/Reusable_Test_Sequences/CAT_Enter_Trade_Name' successfully

2020-04-24 09:47:47 - [TEST_STEP][PASSED] - "---------------------------------------": null

2020-04-24 09:47:47 - [TEST_STEP][PASSED] - " Search Trader Name (or ID)            |": null

2020-04-24 09:47:47 - [TEST_STEP][PASSED] - callTestCase(findTestCase("Reusable_Test_Sequences/CAT_Search_Trade_Name"), [:], STOP_ON_FAILURE): Call Test Case 'Test Cases/Reusable_Test_Sequences/CAT_Search_Trade_Name' successfully

2020-04-24 09:47:47 - [TEST_CASE][PASSED] - Test Cases/Reusable_Test_Sequences/CAT_Search_Trade_Name: Test Cases/Reusable_Test_Sequences/CAT_Search_Trade_Name

2020-04-24 09:47:47 - [TEST_STEP][PASSED] - "Hit Search Trade Person by Name (or CAT ID) after parameters are entered": null

2020-04-24 09:47:47 - [TEST_STEP][PASSED] - waitForPageLoad(60): Wait for page load successfully

2020-04-24 09:47:47 - [MESSAGE][PASSED] - Wait for page load successfully

2020-04-24 09:47:47 - [TEST_STEP][PASSED] - delay(2): Delayed 2 second(s)

2020-04-24 09:47:49 - [MESSAGE][PASSED] - Delayed 2 second(s)

2020-04-24 09:47:49 - [TEST_STEP][PASSED] - if (Website_Version == "new"): null

2020-04-24 09:47:49 - [TEST_STEP][PASSED] - else: Object: 'Object Repository/Page_Checkatrade Find a tradesperson you can trust/span_Trade_Name' is clicked on

2020-04-24 09:47:49 - [TEST_STEP][PASSED] - waitForElementClickable(findTestObject("Page_Checkatrade Find a tradesperson you can trust/span_Trade_Name"), 60): Object 'Object Repository/Page_Checkatrade Find a tradesperson you can trust/span_Trade_Name' is clickable

2020-04-24 09:47:49 - [MESSAGE][PASSED] - Object 'Object Repository/Page_Checkatrade Find a tradesperson you can trust/span_Trade_Name' is clickable

2020-04-24 09:47:49 - [TEST_STEP][PASSED] - click(findTestObject("Page_Checkatrade Find a tradesperson you can trust/span_Trade_Name")): Object: 'Object Repository/Page_Checkatrade Find a tradesperson you can trust/span_Trade_Name' is clicked on

2020-04-24 09:47:55 - [MESSAGE][PASSED] - Object: 'Object Repository/Page_Checkatrade Find a tradesperson you can trust/span_Trade_Name' is clicked on

2020-04-24 09:47:55 - [TEST_STEP][PASSED] - delay(2): Delayed 2 second(s)

2020-04-24 09:47:57 - [MESSAGE][PASSED] - Delayed 2 second(s)

2020-04-24 09:47:57 - [TEST_STEP][PASSED] - waitForPageLoad(60): Wait for page load successfully

2020-04-24 09:47:57 - [MESSAGE][PASSED] - Wait for page load successfully

2020-04-24 09:47:57 - [MESSAGE][PASSED] - Call Test Case 'Test Cases/Reusable_Test_Sequences/CAT_Search_Trade_Name' successfully

2020-04-24 09:47:57 - [TEST_STEP][PASSED] - "------------------------------------------": null

2020-04-24 09:47:57 - [TEST_STEP][PASSED] - " Scroll to Page Footer to Reveal Results  |": null

2020-04-24 09:47:57 - [TEST_STEP][PASSED] - callTestCase(findTestCase("Reusable_Test_Sequences/CAT_Scroll_to_Footer"), [:], CONTINUE_ON_FAILURE): Call Test Case 'Test Cases/Reusable_Test_Sequences/CAT_Scroll_to_Footer' successfully

2020-04-24 09:47:57 - [TEST_CASE][PASSED] - Test Cases/Reusable_Test_Sequences/CAT_Scroll_to_Footer: Test Cases/Reusable_Test_Sequences/CAT_Scroll_to_Footer

2020-04-24 09:47:58 - [TEST_STEP][PASSED] - "-----------------------------------------------------": null

2020-04-24 09:47:58 - [TEST_STEP][PASSED] - " Major changes factored into function 05/12/2019     |": null

2020-04-24 09:47:58 - [TEST_STEP][PASSED] - "-----------------------------------------------------": null

2020-04-24 09:47:58 - [TEST_STEP][PASSED] - "Animation Removed ": null

2020-04-24 09:47:58 - [TEST_STEP][PASSED] - "Scroll - To Footer on the bottom of the page (sometime off the screen) ": null

2020-04-24 09:47:58 - [TEST_STEP][PASSED] - waitForPageLoad(60): Wait for page load successfully

2020-04-24 09:47:58 - [MESSAGE][PASSED] - Wait for page load successfully

2020-04-24 09:47:58 - [TEST_STEP][PASSED] - scrollToPosition(999, 999): Browser is scrolled to position x = 999, y = 999

2020-04-24 09:47:58 - [MESSAGE][PASSED] - Browser is scrolled to position x = 999, y = 999

2020-04-24 09:47:58 - [TEST_STEP][PASSED] - delay(1): Delayed 1 second(s)

2020-04-24 09:47:59 - [MESSAGE][PASSED] - Delayed 1 second(s)

2020-04-24 09:47:59 - [MESSAGE][PASSED] - Call Test Case 'Test Cases/Reusable_Test_Sequences/CAT_Scroll_to_Footer' successfully

2020-04-24 09:47:59 - [TEST_STEP][PASSED] - "------------------------------------------": null

2020-04-24 09:47:59 - [TEST_STEP][PASSED] - " Verify Correct Location is Returned     |": null

2020-04-24 09:47:59 - [TEST_STEP][PASSED] - callTestCase(findTestCase("Reusable_Test_Sequences/CAT_Verification_Location"), [:], CONTINUE_ON_FAILURE): Call Test Case 'Test Cases/Reusable_Test_Sequences/CAT_Verification_Location' successfully

2020-04-24 09:47:59 - [TEST_CASE][PASSED] - Test Cases/Reusable_Test_Sequences/CAT_Verification_Location: Test Cases/Reusable_Test_Sequences/CAT_Verification_Location

2020-04-24 09:48:00 - [TEST_STEP][PASSED] - waitForPageLoad(60): Wait for page load successfully

2020-04-24 09:48:00 - [MESSAGE][PASSED] - Wait for page load successfully

2020-04-24 09:48:00 - [TEST_STEP][PASSED] - verifyTextPresent(findTestData("Search_CAT_ID_Data (1)").getValue("tradeNameLocationVerification", row), false): Text 'Gosport, Hampshire' is present on page 

2020-04-24 09:48:02 - [MESSAGE][PASSED] - Text 'Gosport, Hampshire' is present on page 

2020-04-24 09:48:02 - [MESSAGE][PASSED] - Call Test Case 'Test Cases/Reusable_Test_Sequences/CAT_Verification_Location' successfully

2020-04-24 09:48:02 - [TEST_STEP][PASSED] - "------------------------------------------": null

2020-04-24 09:48:02 - [TEST_STEP][PASSED] - " Verify Primary Contact is Returned     |": null

2020-04-24 09:48:02 - [TEST_STEP][PASSED] - callTestCase(findTestCase("Reusable_Test_Sequences/CAT_Verification_Primary_Contact"), [:], CONTINUE_ON_FAILURE): Call Test Case 'Test Cases/Reusable_Test_Sequences/CAT_Verification_Primary_Contact' successfully

2020-04-24 09:48:02 - [TEST_CASE][PASSED] - Test Cases/Reusable_Test_Sequences/CAT_Verification_Primary_Contact: Test Cases/Reusable_Test_Sequences/CAT_Verification_Primary_Contact

2020-04-24 09:48:02 - [TEST_STEP][PASSED] - verifyTextPresent(findTestData("Search_CAT_ID_Data (1)").getValue("primeContact", row), false): Text 'Jim Foster' is present on page 

2020-04-24 09:48:05 - [MESSAGE][PASSED] - Text 'Jim Foster' is present on page 

2020-04-24 09:48:05 - [MESSAGE][PASSED] - Call Test Case 'Test Cases/Reusable_Test_Sequences/CAT_Verification_Primary_Contact' successfully

2020-04-24 09:48:05 - [TEST_STEP][PASSED] - "--------------------------": null

2020-04-24 09:48:05 - [TEST_STEP][PASSED] - " Teardown - CLose Browser |": null

2020-04-24 09:48:05 - [TEST_STEP][PASSED] - callTestCase(findTestCase("Reusable_Test_Sequences/CAT_Teardown"), [:], OPTIONAL): Call Test Case 'Test Cases/Reusable_Test_Sequences/CAT_Teardown' successfully

2020-04-24 09:48:05 - [TEST_CASE][PASSED] - Test Cases/Reusable_Test_Sequences/CAT_Teardown: Test Cases/Reusable_Test_Sequences/CAT_Teardown

2020-04-24 09:48:06 - [TEST_STEP][PASSED] - closeBrowser(): Browser is closed

2020-04-24 09:48:11 - [MESSAGE][PASSED] - Browser is closed

2020-04-24 09:48:11 - [TEST_STEP][PASSED] - super.finalize(): null

2020-04-24 09:48:11 - [TEST_STEP][PASSED] - System.gc(): null

2020-04-24 09:48:11 - [MESSAGE][PASSED] - Call Test Case 'Test Cases/Reusable_Test_Sequences/CAT_Teardown' successfully

2020-04-24 09:48:11 - [TEST_STEP][PASSED] - callTestCase(findTestCase("Reusable_Test_Sequences/CAT_Setup"), [:], STOP_ON_FAILURE): Call Test Case 'Test Cases/Reusable_Test_Sequences/CAT_Setup' successfully

2020-04-24 09:48:11 - [TEST_CASE][PASSED] - Test Cases/Reusable_Test_Sequences/CAT_Setup: Test Cases/Reusable_Test_Sequences/CAT_Setup

2020-04-24 09:48:11 - [TEST_STEP][PASSED] - "------------------------------": null

2020-04-24 09:48:11 - [TEST_STEP][PASSED] - " Set Mobile Device Testing    |": null

2020-04-24 09:48:11 - [TEST_STEP][PASSED] - if (Mobile_Flag == "true"): null

2020-04-24 09:48:11 - [TEST_STEP][PASSED] - "------------------------------": null

2020-04-24 09:48:11 - [TEST_STEP][PASSED] - " Set Mobile Device Testing    |": null

2020-04-24 09:48:11 - [TEST_STEP][PASSED] - "------------------------------": null

2020-04-24 09:48:11 - [TEST_STEP][PASSED] - "URL - Set from the ENVIRONMENT PROFILE ": null

2020-04-24 09:48:11 - [TEST_STEP][PASSED] - openBrowser(URL): Browser is opened with url: 'https://www.preview.checkatrade.com/'

2020-04-24 09:48:11 - [MESSAGE][INFO] - Starting 'Firefox' driver

2020-04-24 09:48:11 - [MESSAGE][INFO] - Action delay is set to 0 milliseconds

2020-04-24 09:48:28 - [MESSAGE][PASSED] - Browser is opened with url: 'https://www.preview.checkatrade.com/'

2020-04-24 09:48:28 - [TEST_STEP][PASSED] - maximizeWindow(): Current window maximized

2020-04-24 09:48:28 - [MESSAGE][PASSED] - Current window maximized

2020-04-24 09:48:28 - [TEST_STEP][PASSED] - waitForPageLoad(60): Wait for page load successfully

2020-04-24 09:48:28 - [MESSAGE][PASSED] - Wait for page load successfully

2020-04-24 09:48:28 - [TEST_STEP][PASSED] - "Previous Functionalilty Left Commented For Ease Of reversion": null

2020-04-24 09:48:28 - [TEST_STEP][PASSED] - " Katalon Try/Catches currently have issues? SEE HEADER": null

2020-04-24 09:48:28 - [TEST_STEP][PASSED] - try: Text 'Cookie Policy' is not present on page

2020-04-24 09:48:28 - [TEST_STEP][PASSED] - verifyElementPresent(findTestObject("Object Repository/Cookies/Page_Checkatrade Find a tradesperson you can trust/button_Accept All"), 5, OPTIONAL): Object 'Object Repository/Cookies/Page_Checkatrade Find a tradesperson you can trust/button_Accept All' is present

2020-04-24 09:48:29 - [MESSAGE][PASSED] - Object 'Object Repository/Cookies/Page_Checkatrade Find a tradesperson you can trust/button_Accept All' is present

2020-04-24 09:48:29 - [TEST_STEP][PASSED] - click(findTestObject("Object Repository/Cookies/Page_Checkatrade Find a tradesperson you can trust/button_Accept All"), OPTIONAL): Object: 'Object Repository/Cookies/Page_Checkatrade Find a tradesperson you can trust/button_Accept All' is clicked on

2020-04-24 09:48:30 - [MESSAGE][PASSED] - Object: 'Object Repository/Cookies/Page_Checkatrade Find a tradesperson you can trust/button_Accept All' is clicked on

2020-04-24 09:48:30 - [TEST_STEP][PASSED] - "---------------------------------": null

2020-04-24 09:48:30 - [TEST_STEP][PASSED] - "COOKIE POPOUT REMOVED - Confirmed": null

2020-04-24 09:48:30 - [TEST_STEP][PASSED] - delay(1): Delayed 1 second(s)

2020-04-24 09:48:31 - [MESSAGE][PASSED] - Delayed 1 second(s)

2020-04-24 09:48:31 - [TEST_STEP][PASSED] - verifyTextNotPresent("We use cookies to personalise content and ads, to provide social media features and to analyse our traffic", false): Text 'We use cookies to personalise content and ads, to provide social media features and to analyse our traffic' is not present on page

2020-04-24 09:48:33 - [MESSAGE][PASSED] - Text 'We use cookies to personalise content and ads, to provide social media features and to analyse our traffic' is not present on page

2020-04-24 09:48:33 - [TEST_STEP][PASSED] - verifyTextNotPresent(" We also share information about your use of our site with our social media, advertising and analytics partners", false): Text ' We also share information about your use of our site with our social media, advertising and analytics partners' is not present on page

2020-04-24 09:48:35 - [MESSAGE][PASSED] - Text ' We also share information about your use of our site with our social media, advertising and analytics partners' is not present on page

2020-04-24 09:48:35 - [TEST_STEP][PASSED] - verifyTextNotPresent("Cookie Policy", false): Text 'Cookie Policy' is not present on page

2020-04-24 09:48:36 - [MESSAGE][PASSED] - Text 'Cookie Policy' is not present on page

2020-04-24 09:48:36 - [TEST_STEP][PASSED] - waitForPageLoad(60): Wait for page load successfully

2020-04-24 09:48:37 - [MESSAGE][PASSED] - Wait for page load successfully

2020-04-24 09:48:37 - [TEST_STEP][PASSED] - "COOKIE - ORIGINAL": null

2020-04-24 09:48:37 - [TEST_STEP][PASSED] - if (waitForElementVisible(findTestObject("Object Repository/Feedback/Page_Checkatrade Give your feedback/input_Member_to_Review"), 5)): Web element with id: 'Object Repository/Feedback/Page_Checkatrade Give your feedback/input_Member_to_Review' located by 'By.xpath: //input[@id='feedback-form__company_autocomplete_input']' not found

2020-04-24 09:48:42 - [MESSAGE][INFO] - Unable to find the element located by 'By.xpath: //input[@id='feedback-form__company_autocomplete_input']'. Please recheck the objects properties to make sure the desired element is located. 

2020-04-24 09:48:42 - [MESSAGE][WARNING] - Web element with id: 'Object Repository/Feedback/Page_Checkatrade Give your feedback/input_Member_to_Review' located by 'By.xpath: //input[@id='feedback-form__company_autocomplete_input']' not found

2020-04-24 09:48:42 - [TEST_STEP][PASSED] - else: The <<<OLD>>> Website was detected by the STARTUP Process

2020-04-24 09:48:42 - [TEST_STEP][PASSED] - if (!(verifyElementVisible(findTestObject("Object Repository/Checkatrade_Trade_Search_Page/Page_Checkatrade Find a tradesperson you can trust/input_Search_Button_FF")))): Object 'Object Repository/Checkatrade_Trade_Search_Page/Page_Checkatrade Find a tradesperson you can trust/input_Search_Button_FF' is visible

2020-04-24 09:48:43 - [MESSAGE][PASSED] - Object 'Object Repository/Checkatrade_Trade_Search_Page/Page_Checkatrade Find a tradesperson you can trust/input_Search_Button_FF' is visible

2020-04-24 09:48:43 - [TEST_STEP][PASSED] - else: The <<<OLD>>> Website was detected by the STARTUP Process

2020-04-24 09:48:43 - [TEST_STEP][PASSED] - Website_Version = "old": null

2020-04-24 09:48:43 - [TEST_STEP][PASSED] - logInfo("The <<<OLD>>> Website was detected by the STARTUP Process"): The <<<OLD>>> Website was detected by the STARTUP Process

2020-04-24 09:48:43 - [MESSAGE][INFO] - The <<<OLD>>> Website was detected by the STARTUP Process

2020-04-24 09:48:43 - [MESSAGE][PASSED] - Call Test Case 'Test Cases/Reusable_Test_Sequences/CAT_Setup' successfully

2020-04-24 09:48:43 - [TEST_STEP][PASSED] - callTestCase(findTestCase("Reusable_Test_Sequences/CAT_Home"), [:], CONTINUE_ON_FAILURE): Call Test Case 'Test Cases/Reusable_Test_Sequences/CAT_Home' successfully

2020-04-24 09:48:43 - [TEST_CASE][PASSED] - Test Cases/Reusable_Test_Sequences/CAT_Home: Test Cases/Reusable_Test_Sequences/CAT_Home

2020-04-24 09:48:43 - [TEST_STEP][PASSED] - waitForPageLoad(60): Wait for page load successfully

2020-04-24 09:48:43 - [MESSAGE][PASSED] - Wait for page load successfully

2020-04-24 09:48:43 - [TEST_STEP][PASSED] - delay(2): Delayed 2 second(s)

2020-04-24 09:48:45 - [MESSAGE][PASSED] - Delayed 2 second(s)

2020-04-24 09:48:45 - [TEST_STEP][PASSED] - "------------------------------------": null

2020-04-24 09:48:45 - [TEST_STEP][PASSED] - if (Website_Version == "new"): null

2020-04-24 09:48:45 - [TEST_STEP][PASSED] - else: Text 'Over a million visits to Checkatrade each month' is present on page 

2020-04-24 09:48:45 - [TEST_STEP][PASSED] - verifyTextPresent("Helping you find the right trade or service", false): Text 'Helping you find the right trade or service' is present on page 

2020-04-24 09:48:45 - [MESSAGE][PASSED] - Text 'Helping you find the right trade or service' is present on page 

2020-04-24 09:48:45 - [TEST_STEP][PASSED] - verifyTextPresent("Search through over", false): Text 'Search through over' is present on page 

2020-04-24 09:48:47 - [MESSAGE][PASSED] - Text 'Search through over' is present on page 

2020-04-24 09:48:47 - [TEST_STEP][PASSED] - verifyTextPresent("recommended, vetted and monitored trades and service providers for free.", false): Text 'recommended, vetted and monitored trades and service providers for free.' is present on page 

2020-04-24 09:48:48 - [MESSAGE][PASSED] - Text 'recommended, vetted and monitored trades and service providers for free.' is present on page 

2020-04-24 09:48:48 - [TEST_STEP][PASSED] - verifyTextPresent("reviews published so far – thank you!", false): Text 'reviews published so far – thank you!' is present on page 

2020-04-24 09:48:48 - [MESSAGE][PASSED] - Text 'reviews published so far – thank you!' is present on page 

2020-04-24 09:48:48 - [TEST_STEP][PASSED] - verifyTextPresent("I need a trade or service", false): Text 'I need a trade or service' is present on page 

2020-04-24 09:48:49 - [MESSAGE][PASSED] - Text 'I need a trade or service' is present on page 

2020-04-24 09:48:49 - [TEST_STEP][PASSED] - verifyTextPresent("Every trader thoroughly checked and vetted", false): Text 'Every trader thoroughly checked and vetted' is present on page 

2020-04-24 09:48:50 - [MESSAGE][PASSED] - Text 'Every trader thoroughly checked and vetted' is present on page 

2020-04-24 09:48:50 - [TEST_STEP][PASSED] - "------------------------------------": null

2020-04-24 09:48:50 - [TEST_STEP][PASSED] - verifyTextPresent("reviews published so far – thank you!", false): Text 'reviews published so far – thank you!' is present on page 

2020-04-24 09:48:50 - [MESSAGE][PASSED] - Text 'reviews published so far – thank you!' is present on page 

2020-04-24 09:48:50 - [TEST_STEP][PASSED] - verifyTextPresent("Find out more", false): Text 'Find out more' is present on page 

2020-04-24 09:48:51 - [MESSAGE][PASSED] - Text 'Find out more' is present on page 

2020-04-24 09:48:51 - [TEST_STEP][PASSED] - verifyTextPresent("I am a tradesman", false): Text 'I am a tradesman' is present on page 

2020-04-24 09:48:51 - [MESSAGE][PASSED] - Text 'I am a tradesman' is present on page 

2020-04-24 09:48:51 - [TEST_STEP][PASSED] - verifyTextPresent("Find out more", false): Text 'Find out more' is present on page 

2020-04-24 09:48:52 - [MESSAGE][PASSED] - Text 'Find out more' is present on page 

2020-04-24 09:48:52 - [TEST_STEP][PASSED] - verifyTextPresent("Over a million visits to Checkatrade each month", false): Text 'Over a million visits to Checkatrade each month' is present on page 

2020-04-24 09:48:53 - [MESSAGE][PASSED] - Text 'Over a million visits to Checkatrade each month' is present on page 

2020-04-24 09:48:53 - [MESSAGE][PASSED] - Call Test Case 'Test Cases/Reusable_Test_Sequences/CAT_Home' successfully

2020-04-24 09:48:53 - [TEST_STEP][PASSED] - "---------------------------------------------------------------------": null

2020-04-24 09:48:53 - [TEST_STEP][PASSED] - " Select Search on Trader Name (or ID) From Home page/Search Screen   |": null

2020-04-24 09:48:53 - [TEST_STEP][PASSED] - callTestCase(findTestCase("Reusable_Test_Sequences/CAT_Click_Search_Trade_Name"), [:], STOP_ON_FAILURE): Call Test Case 'Test Cases/Reusable_Test_Sequences/CAT_Click_Search_Trade_Name' successfully

2020-04-24 09:48:53 - [TEST_CASE][PASSED] - Test Cases/Reusable_Test_Sequences/CAT_Click_Search_Trade_Name: Test Cases/Reusable_Test_Sequences/CAT_Click_Search_Trade_Name

2020-04-24 09:48:53 - [TEST_STEP][PASSED] - waitForPageLoad(60): Wait for page load successfully

2020-04-24 09:48:53 - [MESSAGE][PASSED] - Wait for page load successfully

2020-04-24 09:48:53 - [TEST_STEP][PASSED] - if (Website_Version != "new"): Object: 'Object Repository/Page_Checkatrade Find a tradesperson you can trust/a_or look up a member by name' is clicked on

2020-04-24 09:48:53 - [TEST_STEP][PASSED] - waitForElementClickable(findTestObject("Object Repository/Page_Checkatrade Find a tradesperson you can trust/a_or look up a member by name"), 5): Object 'Object Repository/Page_Checkatrade Find a tradesperson you can trust/a_or look up a member by name' is clickable

2020-04-24 09:48:53 - [MESSAGE][PASSED] - Object 'Object Repository/Page_Checkatrade Find a tradesperson you can trust/a_or look up a member by name' is clickable

2020-04-24 09:48:53 - [TEST_STEP][PASSED] - click(findTestObject("Object Repository/Page_Checkatrade Find a tradesperson you can trust/a_or look up a member by name")): Object: 'Object Repository/Page_Checkatrade Find a tradesperson you can trust/a_or look up a member by name' is clicked on

2020-04-24 09:48:53 - [MESSAGE][PASSED] - Object: 'Object Repository/Page_Checkatrade Find a tradesperson you can trust/a_or look up a member by name' is clicked on

2020-04-24 09:48:53 - [TEST_STEP][PASSED] - if (Website_Version != "old"): null

2020-04-24 09:48:53 - [TEST_STEP][PASSED] - waitForPageLoad(60): Wait for page load successfully

2020-04-24 09:48:53 - [MESSAGE][PASSED] - Wait for page load successfully

2020-04-24 09:48:53 - [MESSAGE][PASSED] - Call Test Case 'Test Cases/Reusable_Test_Sequences/CAT_Click_Search_Trade_Name' successfully

2020-04-24 09:48:53 - [TEST_STEP][PASSED] - "---------------------------------------": null

2020-04-24 09:48:53 - [TEST_STEP][PASSED] - " Enter Trader Name (or ID) to Search   |": null

2020-04-24 09:48:53 - [TEST_STEP][PASSED] - callTestCase(findTestCase("Reusable_Test_Sequences/CAT_Enter_Trade_Name"), [:], STOP_ON_FAILURE): Call Test Case 'Test Cases/Reusable_Test_Sequences/CAT_Enter_Trade_Name' successfully

2020-04-24 09:48:53 - [TEST_CASE][PASSED] - Test Cases/Reusable_Test_Sequences/CAT_Enter_Trade_Name: Test Cases/Reusable_Test_Sequences/CAT_Enter_Trade_Name

2020-04-24 09:48:53 - [TEST_STEP][PASSED] - if (Website_Version != "new"): Text '402921' is set on object 'Object Repository/Page_Checkatrade Find a tradesperson you can trust/Trader_Name_To_Search'

2020-04-24 09:48:53 - [TEST_STEP][PASSED] - setText(findTestObject("Page_Checkatrade Find a tradesperson you can trust/Trader_Name_To_Search"), findTestData("Search_CAT_ID_Data (1)").getValue("tradeName", row)): Text '402921' is set on object 'Object Repository/Page_Checkatrade Find a tradesperson you can trust/Trader_Name_To_Search'

2020-04-24 09:48:54 - [MESSAGE][PASSED] - Text '402921' is set on object 'Object Repository/Page_Checkatrade Find a tradesperson you can trust/Trader_Name_To_Search'

2020-04-24 09:48:54 - [TEST_STEP][PASSED] - if (verifyTextNotPresent("Sorry, no results found", false)): null

2020-04-24 09:48:54 - [MESSAGE][PASSED] - Text 'Sorry, no results found' is not present on page

2020-04-24 09:48:54 - [TEST_STEP][PASSED] - markPassed("The Expected Lookup Result(s) ARE being returned by the Lookup Service, AS EXPECTED"): The Expected Lookup Result(s) ARE being returned by the Lookup Service, AS EXPECTED

2020-04-24 09:48:54 - [MESSAGE][PASSED] - The Expected Lookup Result(s) ARE being returned by the Lookup Service, AS EXPECTED

2020-04-24 09:48:54 - [MESSAGE][PASSED] - Call Test Case 'Test Cases/Reusable_Test_Sequences/CAT_Enter_Trade_Name' successfully

2020-04-24 09:48:54 - [TEST_STEP][PASSED] - "---------------------------------------": null

2020-04-24 09:48:54 - [TEST_STEP][PASSED] - " Search Trader Name (or ID)            |": null

2020-04-24 09:48:54 - [TEST_STEP][PASSED] - callTestCase(findTestCase("Reusable_Test_Sequences/CAT_Search_Trade_Name"), [:], STOP_ON_FAILURE): Call Test Case 'Test Cases/Reusable_Test_Sequences/CAT_Search_Trade_Name' successfully

2020-04-24 09:48:54 - [TEST_CASE][PASSED] - Test Cases/Reusable_Test_Sequences/CAT_Search_Trade_Name: Test Cases/Reusable_Test_Sequences/CAT_Search_Trade_Name

2020-04-24 09:48:54 - [TEST_STEP][PASSED] - "Hit Search Trade Person by Name (or CAT ID) after parameters are entered": null

2020-04-24 09:48:54 - [TEST_STEP][PASSED] - waitForPageLoad(60): Wait for page load successfully

2020-04-24 09:48:54 - [MESSAGE][PASSED] - Wait for page load successfully

2020-04-24 09:48:54 - [TEST_STEP][PASSED] - delay(2): Delayed 2 second(s)

2020-04-24 09:48:56 - [MESSAGE][PASSED] - Delayed 2 second(s)

2020-04-24 09:48:56 - [TEST_STEP][PASSED] - if (Website_Version == "new"): null

2020-04-24 09:48:56 - [TEST_STEP][PASSED] - else: Object: 'Object Repository/Page_Checkatrade Find a tradesperson you can trust/span_Trade_Name' is clicked on

2020-04-24 09:48:56 - [TEST_STEP][PASSED] - waitForElementClickable(findTestObject("Page_Checkatrade Find a tradesperson you can trust/span_Trade_Name"), 60): Object 'Object Repository/Page_Checkatrade Find a tradesperson you can trust/span_Trade_Name' is clickable

2020-04-24 09:48:57 - [MESSAGE][PASSED] - Object 'Object Repository/Page_Checkatrade Find a tradesperson you can trust/span_Trade_Name' is clickable

2020-04-24 09:48:57 - [TEST_STEP][PASSED] - click(findTestObject("Page_Checkatrade Find a tradesperson you can trust/span_Trade_Name")): Object: 'Object Repository/Page_Checkatrade Find a tradesperson you can trust/span_Trade_Name' is clicked on

2020-04-24 09:49:02 - [MESSAGE][PASSED] - Object: 'Object Repository/Page_Checkatrade Find a tradesperson you can trust/span_Trade_Name' is clicked on

2020-04-24 09:49:02 - [TEST_STEP][PASSED] - delay(2): Delayed 2 second(s)

2020-04-24 09:49:04 - [MESSAGE][PASSED] - Delayed 2 second(s)

2020-04-24 09:49:04 - [TEST_STEP][PASSED] - waitForPageLoad(60): Wait for page load successfully

2020-04-24 09:49:04 - [MESSAGE][PASSED] - Wait for page load successfully

2020-04-24 09:49:04 - [MESSAGE][PASSED] - Call Test Case 'Test Cases/Reusable_Test_Sequences/CAT_Search_Trade_Name' successfully

2020-04-24 09:49:04 - [TEST_STEP][PASSED] - "------------------------------------------": null

2020-04-24 09:49:04 - [TEST_STEP][PASSED] - " Scroll to Page Footer to Reveal Results  |": null

2020-04-24 09:49:04 - [TEST_STEP][PASSED] - callTestCase(findTestCase("Reusable_Test_Sequences/CAT_Scroll_to_Footer"), [:], CONTINUE_ON_FAILURE): Call Test Case 'Test Cases/Reusable_Test_Sequences/CAT_Scroll_to_Footer' successfully

2020-04-24 09:49:04 - [TEST_CASE][PASSED] - Test Cases/Reusable_Test_Sequences/CAT_Scroll_to_Footer: Test Cases/Reusable_Test_Sequences/CAT_Scroll_to_Footer

2020-04-24 09:49:04 - [TEST_STEP][PASSED] - "-----------------------------------------------------": null

2020-04-24 09:49:04 - [TEST_STEP][PASSED] - " Major changes factored into function 05/12/2019     |": null

2020-04-24 09:49:04 - [TEST_STEP][PASSED] - "-----------------------------------------------------": null

2020-04-24 09:49:04 - [TEST_STEP][PASSED] - "Animation Removed ": null

2020-04-24 09:49:04 - [TEST_STEP][PASSED] - "Scroll - To Footer on the bottom of the page (sometime off the screen) ": null

2020-04-24 09:49:04 - [TEST_STEP][PASSED] - waitForPageLoad(60): Wait for page load successfully

2020-04-24 09:49:04 - [MESSAGE][PASSED] - Wait for page load successfully

2020-04-24 09:49:04 - [TEST_STEP][PASSED] - scrollToPosition(999, 999): Browser is scrolled to position x = 999, y = 999

2020-04-24 09:49:04 - [MESSAGE][PASSED] - Browser is scrolled to position x = 999, y = 999

2020-04-24 09:49:04 - [TEST_STEP][PASSED] - delay(1): Delayed 1 second(s)

2020-04-24 09:49:05 - [MESSAGE][PASSED] - Delayed 1 second(s)

2020-04-24 09:49:05 - [MESSAGE][PASSED] - Call Test Case 'Test Cases/Reusable_Test_Sequences/CAT_Scroll_to_Footer' successfully

2020-04-24 09:49:05 - [TEST_STEP][PASSED] - "------------------------------------------": null

2020-04-24 09:49:05 - [TEST_STEP][PASSED] - " Verify Correct Location is Returned     |": null

2020-04-24 09:49:05 - [TEST_STEP][PASSED] - callTestCase(findTestCase("Reusable_Test_Sequences/CAT_Verification_Location"), [:], CONTINUE_ON_FAILURE): Call Test Case 'Test Cases/Reusable_Test_Sequences/CAT_Verification_Location' successfully

2020-04-24 09:49:05 - [TEST_CASE][PASSED] - Test Cases/Reusable_Test_Sequences/CAT_Verification_Location: Test Cases/Reusable_Test_Sequences/CAT_Verification_Location

2020-04-24 09:49:05 - [TEST_STEP][PASSED] - waitForPageLoad(60): Wait for page load successfully

2020-04-24 09:49:05 - [MESSAGE][PASSED] - Wait for page load successfully

2020-04-24 09:49:05 - [TEST_STEP][PASSED] - verifyTextPresent(findTestData("Search_CAT_ID_Data (1)").getValue("tradeNameLocationVerification", row), false): Text 'Retford, Nottinghamshire' is present on page 

2020-04-24 09:49:06 - [MESSAGE][PASSED] - Text 'Retford, Nottinghamshire' is present on page 

2020-04-24 09:49:06 - [MESSAGE][PASSED] - Call Test Case 'Test Cases/Reusable_Test_Sequences/CAT_Verification_Location' successfully

2020-04-24 09:49:06 - [TEST_STEP][PASSED] - "------------------------------------------": null

2020-04-24 09:49:06 - [TEST_STEP][PASSED] - " Verify Primary Contact is Returned     |": null

2020-04-24 09:49:06 - [TEST_STEP][PASSED] - callTestCase(findTestCase("Reusable_Test_Sequences/CAT_Verification_Primary_Contact"), [:], CONTINUE_ON_FAILURE): Call Test Case 'Test Cases/Reusable_Test_Sequences/CAT_Verification_Primary_Contact' successfully

2020-04-24 09:49:06 - [TEST_CASE][PASSED] - Test Cases/Reusable_Test_Sequences/CAT_Verification_Primary_Contact: Test Cases/Reusable_Test_Sequences/CAT_Verification_Primary_Contact

2020-04-24 09:49:06 - [TEST_STEP][PASSED] - verifyTextPresent(findTestData("Search_CAT_ID_Data (1)").getValue("primeContact", row), false): Text 'James Burton' is present on page 

2020-04-24 09:49:07 - [MESSAGE][PASSED] - Text 'James Burton' is present on page 

2020-04-24 09:49:07 - [MESSAGE][PASSED] - Call Test Case 'Test Cases/Reusable_Test_Sequences/CAT_Verification_Primary_Contact' successfully

2020-04-24 09:49:07 - [TEST_STEP][PASSED] - "--------------------------": null

2020-04-24 09:49:07 - [TEST_STEP][PASSED] - " Teardown - CLose Browser |": null

2020-04-24 09:49:07 - [TEST_STEP][PASSED] - callTestCase(findTestCase("Reusable_Test_Sequences/CAT_Teardown"), [:], OPTIONAL): Call Test Case 'Test Cases/Reusable_Test_Sequences/CAT_Teardown' successfully

2020-04-24 09:49:07 - [TEST_CASE][PASSED] - Test Cases/Reusable_Test_Sequences/CAT_Teardown: Test Cases/Reusable_Test_Sequences/CAT_Teardown

2020-04-24 09:49:07 - [TEST_STEP][PASSED] - closeBrowser(): Browser is closed

2020-04-24 09:49:11 - [MESSAGE][PASSED] - Browser is closed

2020-04-24 09:49:11 - [TEST_STEP][PASSED] - super.finalize(): null

2020-04-24 09:49:11 - [TEST_STEP][PASSED] - System.gc(): null

2020-04-24 09:49:11 - [MESSAGE][PASSED] - Call Test Case 'Test Cases/Reusable_Test_Sequences/CAT_Teardown' successfully

2020-04-24 09:49:11 - [TEST_STEP][PASSED] - callTestCase(findTestCase("Reusable_Test_Sequences/CAT_Setup"), [:], STOP_ON_FAILURE): Call Test Case 'Test Cases/Reusable_Test_Sequences/CAT_Setup' successfully

2020-04-24 09:49:11 - [TEST_CASE][PASSED] - Test Cases/Reusable_Test_Sequences/CAT_Setup: Test Cases/Reusable_Test_Sequences/CAT_Setup

2020-04-24 09:49:11 - [TEST_STEP][PASSED] - "------------------------------": null

2020-04-24 09:49:11 - [TEST_STEP][PASSED] - " Set Mobile Device Testing    |": null

2020-04-24 09:49:11 - [TEST_STEP][PASSED] - if (Mobile_Flag == "true"): null

2020-04-24 09:49:11 - [TEST_STEP][PASSED] - "------------------------------": null

2020-04-24 09:49:11 - [TEST_STEP][PASSED] - " Set Mobile Device Testing    |": null

2020-04-24 09:49:11 - [TEST_STEP][PASSED] - "------------------------------": null

2020-04-24 09:49:11 - [TEST_STEP][PASSED] - "URL - Set from the ENVIRONMENT PROFILE ": null

2020-04-24 09:49:11 - [TEST_STEP][PASSED] - openBrowser(URL): Browser is opened with url: 'https://www.preview.checkatrade.com/'

2020-04-24 09:49:11 - [MESSAGE][INFO] - Starting 'Firefox' driver

2020-04-24 09:49:11 - [MESSAGE][INFO] - Action delay is set to 0 milliseconds

2020-04-24 09:49:22 - [MESSAGE][PASSED] - Browser is opened with url: 'https://www.preview.checkatrade.com/'

2020-04-24 09:49:22 - [TEST_STEP][PASSED] - maximizeWindow(): Current window maximized

2020-04-24 09:49:23 - [MESSAGE][PASSED] - Current window maximized

2020-04-24 09:49:23 - [TEST_STEP][PASSED] - waitForPageLoad(60): Wait for page load successfully

2020-04-24 09:49:23 - [MESSAGE][PASSED] - Wait for page load successfully

2020-04-24 09:49:23 - [TEST_STEP][PASSED] - "Previous Functionalilty Left Commented For Ease Of reversion": null

2020-04-24 09:49:23 - [TEST_STEP][PASSED] - " Katalon Try/Catches currently have issues? SEE HEADER": null

2020-04-24 09:49:23 - [TEST_STEP][PASSED] - try: Text 'Cookie Policy' is not present on page

2020-04-24 09:49:23 - [TEST_STEP][PASSED] - verifyElementPresent(findTestObject("Object Repository/Cookies/Page_Checkatrade Find a tradesperson you can trust/button_Accept All"), 5, OPTIONAL): Object 'Object Repository/Cookies/Page_Checkatrade Find a tradesperson you can trust/button_Accept All' is present

2020-04-24 09:49:23 - [MESSAGE][PASSED] - Object 'Object Repository/Cookies/Page_Checkatrade Find a tradesperson you can trust/button_Accept All' is present

2020-04-24 09:49:23 - [TEST_STEP][PASSED] - click(findTestObject("Object Repository/Cookies/Page_Checkatrade Find a tradesperson you can trust/button_Accept All"), OPTIONAL): Object: 'Object Repository/Cookies/Page_Checkatrade Find a tradesperson you can trust/button_Accept All' is clicked on

2020-04-24 09:49:24 - [MESSAGE][PASSED] - Object: 'Object Repository/Cookies/Page_Checkatrade Find a tradesperson you can trust/button_Accept All' is clicked on

2020-04-24 09:49:24 - [TEST_STEP][PASSED] - "---------------------------------": null

2020-04-24 09:49:24 - [TEST_STEP][PASSED] - "COOKIE POPOUT REMOVED - Confirmed": null

2020-04-24 09:49:24 - [TEST_STEP][PASSED] - delay(1): Delayed 1 second(s)

2020-04-24 09:49:25 - [MESSAGE][PASSED] - Delayed 1 second(s)

2020-04-24 09:49:25 - [TEST_STEP][PASSED] - verifyTextNotPresent("We use cookies to personalise content and ads, to provide social media features and to analyse our traffic", false): Text 'We use cookies to personalise content and ads, to provide social media features and to analyse our traffic' is not present on page

2020-04-24 09:49:26 - [MESSAGE][PASSED] - Text 'We use cookies to personalise content and ads, to provide social media features and to analyse our traffic' is not present on page

2020-04-24 09:49:26 - [TEST_STEP][PASSED] - verifyTextNotPresent(" We also share information about your use of our site with our social media, advertising and analytics partners", false): Text ' We also share information about your use of our site with our social media, advertising and analytics partners' is not present on page

2020-04-24 09:49:27 - [MESSAGE][PASSED] - Text ' We also share information about your use of our site with our social media, advertising and analytics partners' is not present on page

2020-04-24 09:49:27 - [TEST_STEP][PASSED] - verifyTextNotPresent("Cookie Policy", false): Text 'Cookie Policy' is not present on page

2020-04-24 09:49:29 - [MESSAGE][PASSED] - Text 'Cookie Policy' is not present on page

2020-04-24 09:49:29 - [TEST_STEP][PASSED] - waitForPageLoad(60): Wait for page load successfully

2020-04-24 09:49:29 - [MESSAGE][PASSED] - Wait for page load successfully

2020-04-24 09:49:29 - [TEST_STEP][PASSED] - "COOKIE - ORIGINAL": null

2020-04-24 09:49:29 - [TEST_STEP][PASSED] - if (waitForElementVisible(findTestObject("Object Repository/Feedback/Page_Checkatrade Give your feedback/input_Member_to_Review"), 5)): Web element with id: 'Object Repository/Feedback/Page_Checkatrade Give your feedback/input_Member_to_Review' located by 'By.xpath: //input[@id='feedback-form__company_autocomplete_input']' not found

2020-04-24 09:49:34 - [MESSAGE][INFO] - Unable to find the element located by 'By.xpath: //input[@id='feedback-form__company_autocomplete_input']'. Please recheck the objects properties to make sure the desired element is located. 

2020-04-24 09:49:34 - [MESSAGE][WARNING] - Web element with id: 'Object Repository/Feedback/Page_Checkatrade Give your feedback/input_Member_to_Review' located by 'By.xpath: //input[@id='feedback-form__company_autocomplete_input']' not found

2020-04-24 09:49:34 - [TEST_STEP][PASSED] - else: The <<<OLD>>> Website was detected by the STARTUP Process

2020-04-24 09:49:34 - [TEST_STEP][PASSED] - if (!(verifyElementVisible(findTestObject("Object Repository/Checkatrade_Trade_Search_Page/Page_Checkatrade Find a tradesperson you can trust/input_Search_Button_FF")))): Object 'Object Repository/Checkatrade_Trade_Search_Page/Page_Checkatrade Find a tradesperson you can trust/input_Search_Button_FF' is visible

2020-04-24 09:49:34 - [MESSAGE][PASSED] - Object 'Object Repository/Checkatrade_Trade_Search_Page/Page_Checkatrade Find a tradesperson you can trust/input_Search_Button_FF' is visible

2020-04-24 09:49:34 - [TEST_STEP][PASSED] - else: The <<<OLD>>> Website was detected by the STARTUP Process

2020-04-24 09:49:34 - [TEST_STEP][PASSED] - Website_Version = "old": null

2020-04-24 09:49:34 - [TEST_STEP][PASSED] - logInfo("The <<<OLD>>> Website was detected by the STARTUP Process"): The <<<OLD>>> Website was detected by the STARTUP Process

2020-04-24 09:49:34 - [MESSAGE][INFO] - The <<<OLD>>> Website was detected by the STARTUP Process

2020-04-24 09:49:34 - [MESSAGE][PASSED] - Call Test Case 'Test Cases/Reusable_Test_Sequences/CAT_Setup' successfully

2020-04-24 09:49:34 - [TEST_STEP][PASSED] - callTestCase(findTestCase("Reusable_Test_Sequences/CAT_Home"), [:], CONTINUE_ON_FAILURE): Call Test Case 'Test Cases/Reusable_Test_Sequences/CAT_Home' successfully

2020-04-24 09:49:34 - [TEST_CASE][PASSED] - Test Cases/Reusable_Test_Sequences/CAT_Home: Test Cases/Reusable_Test_Sequences/CAT_Home

2020-04-24 09:49:34 - [TEST_STEP][PASSED] - waitForPageLoad(60): Wait for page load successfully

2020-04-24 09:49:34 - [MESSAGE][PASSED] - Wait for page load successfully

2020-04-24 09:49:34 - [TEST_STEP][PASSED] - delay(2): Delayed 2 second(s)

2020-04-24 09:49:36 - [MESSAGE][PASSED] - Delayed 2 second(s)

2020-04-24 09:49:36 - [TEST_STEP][PASSED] - "------------------------------------": null

2020-04-24 09:49:36 - [TEST_STEP][PASSED] - if (Website_Version == "new"): null

2020-04-24 09:49:36 - [TEST_STEP][PASSED] - else: Text 'Over a million visits to Checkatrade each month' is present on page 

2020-04-24 09:49:36 - [TEST_STEP][PASSED] - verifyTextPresent("Helping you find the right trade or service", false): Text 'Helping you find the right trade or service' is present on page 

2020-04-24 09:49:37 - [MESSAGE][PASSED] - Text 'Helping you find the right trade or service' is present on page 

2020-04-24 09:49:37 - [TEST_STEP][PASSED] - verifyTextPresent("Search through over", false): Text 'Search through over' is present on page 

2020-04-24 09:49:38 - [MESSAGE][PASSED] - Text 'Search through over' is present on page 

2020-04-24 09:49:38 - [TEST_STEP][PASSED] - verifyTextPresent("recommended, vetted and monitored trades and service providers for free.", false): Text 'recommended, vetted and monitored trades and service providers for free.' is present on page 

2020-04-24 09:49:39 - [MESSAGE][PASSED] - Text 'recommended, vetted and monitored trades and service providers for free.' is present on page 

2020-04-24 09:49:39 - [TEST_STEP][PASSED] - verifyTextPresent("reviews published so far – thank you!", false): Text 'reviews published so far – thank you!' is present on page 

2020-04-24 09:49:40 - [MESSAGE][PASSED] - Text 'reviews published so far – thank you!' is present on page 

2020-04-24 09:49:40 - [TEST_STEP][PASSED] - verifyTextPresent("I need a trade or service", false): Text 'I need a trade or service' is present on page 

2020-04-24 09:49:40 - [MESSAGE][PASSED] - Text 'I need a trade or service' is present on page 

2020-04-24 09:49:40 - [TEST_STEP][PASSED] - verifyTextPresent("Every trader thoroughly checked and vetted", false): Text 'Every trader thoroughly checked and vetted' is present on page 

2020-04-24 09:49:41 - [MESSAGE][PASSED] - Text 'Every trader thoroughly checked and vetted' is present on page 

2020-04-24 09:49:41 - [TEST_STEP][PASSED] - "------------------------------------": null

2020-04-24 09:49:41 - [TEST_STEP][PASSED] - verifyTextPresent("reviews published so far – thank you!", false): Text 'reviews published so far – thank you!' is present on page 

2020-04-24 09:49:43 - [MESSAGE][PASSED] - Text 'reviews published so far – thank you!' is present on page 

2020-04-24 09:49:43 - [TEST_STEP][PASSED] - verifyTextPresent("Find out more", false): Text 'Find out more' is present on page 

2020-04-24 09:49:44 - [MESSAGE][PASSED] - Text 'Find out more' is present on page 

2020-04-24 09:49:44 - [TEST_STEP][PASSED] - verifyTextPresent("I am a tradesman", false): Text 'I am a tradesman' is present on page 

2020-04-24 09:49:44 - [MESSAGE][PASSED] - Text 'I am a tradesman' is present on page 

2020-04-24 09:49:44 - [TEST_STEP][PASSED] - verifyTextPresent("Find out more", false): Text 'Find out more' is present on page 

2020-04-24 09:49:45 - [MESSAGE][PASSED] - Text 'Find out more' is present on page 

2020-04-24 09:49:45 - [TEST_STEP][PASSED] - verifyTextPresent("Over a million visits to Checkatrade each month", false): Text 'Over a million visits to Checkatrade each month' is present on page 

2020-04-24 09:49:46 - [MESSAGE][PASSED] - Text 'Over a million visits to Checkatrade each month' is present on page 

2020-04-24 09:49:46 - [MESSAGE][PASSED] - Call Test Case 'Test Cases/Reusable_Test_Sequences/CAT_Home' successfully

2020-04-24 09:49:46 - [TEST_STEP][PASSED] - "---------------------------------------------------------------------": null

2020-04-24 09:49:46 - [TEST_STEP][PASSED] - " Select Search on Trader Name (or ID) From Home page/Search Screen   |": null

2020-04-24 09:49:46 - [TEST_STEP][PASSED] - callTestCase(findTestCase("Reusable_Test_Sequences/CAT_Click_Search_Trade_Name"), [:], STOP_ON_FAILURE): Call Test Case 'Test Cases/Reusable_Test_Sequences/CAT_Click_Search_Trade_Name' successfully

2020-04-24 09:49:46 - [TEST_CASE][PASSED] - Test Cases/Reusable_Test_Sequences/CAT_Click_Search_Trade_Name: Test Cases/Reusable_Test_Sequences/CAT_Click_Search_Trade_Name

2020-04-24 09:49:46 - [TEST_STEP][PASSED] - waitForPageLoad(60): Wait for page load successfully

2020-04-24 09:49:46 - [MESSAGE][PASSED] - Wait for page load successfully

2020-04-24 09:49:46 - [TEST_STEP][PASSED] - if (Website_Version != "new"): Object: 'Object Repository/Page_Checkatrade Find a tradesperson you can trust/a_or look up a member by name' is clicked on

2020-04-24 09:49:46 - [TEST_STEP][PASSED] - waitForElementClickable(findTestObject("Object Repository/Page_Checkatrade Find a tradesperson you can trust/a_or look up a member by name"), 5): Object 'Object Repository/Page_Checkatrade Find a tradesperson you can trust/a_or look up a member by name' is clickable

2020-04-24 09:49:46 - [MESSAGE][PASSED] - Object 'Object Repository/Page_Checkatrade Find a tradesperson you can trust/a_or look up a member by name' is clickable

2020-04-24 09:49:46 - [TEST_STEP][PASSED] - click(findTestObject("Object Repository/Page_Checkatrade Find a tradesperson you can trust/a_or look up a member by name")): Object: 'Object Repository/Page_Checkatrade Find a tradesperson you can trust/a_or look up a member by name' is clicked on

2020-04-24 09:49:47 - [MESSAGE][PASSED] - Object: 'Object Repository/Page_Checkatrade Find a tradesperson you can trust/a_or look up a member by name' is clicked on

2020-04-24 09:49:47 - [TEST_STEP][PASSED] - if (Website_Version != "old"): null

2020-04-24 09:49:47 - [TEST_STEP][PASSED] - waitForPageLoad(60): Wait for page load successfully

2020-04-24 09:49:47 - [MESSAGE][PASSED] - Wait for page load successfully

2020-04-24 09:49:47 - [MESSAGE][PASSED] - Call Test Case 'Test Cases/Reusable_Test_Sequences/CAT_Click_Search_Trade_Name' successfully

2020-04-24 09:49:47 - [TEST_STEP][PASSED] - "---------------------------------------": null

2020-04-24 09:49:47 - [TEST_STEP][PASSED] - " Enter Trader Name (or ID) to Search   |": null

2020-04-24 09:49:47 - [TEST_STEP][PASSED] - callTestCase(findTestCase("Reusable_Test_Sequences/CAT_Enter_Trade_Name"), [:], STOP_ON_FAILURE): Call Test Case 'Test Cases/Reusable_Test_Sequences/CAT_Enter_Trade_Name' successfully

2020-04-24 09:49:47 - [TEST_CASE][PASSED] - Test Cases/Reusable_Test_Sequences/CAT_Enter_Trade_Name: Test Cases/Reusable_Test_Sequences/CAT_Enter_Trade_Name

2020-04-24 09:49:47 - [TEST_STEP][PASSED] - if (Website_Version != "new"): Text '308682' is set on object 'Object Repository/Page_Checkatrade Find a tradesperson you can trust/Trader_Name_To_Search'

2020-04-24 09:49:47 - [TEST_STEP][PASSED] - setText(findTestObject("Page_Checkatrade Find a tradesperson you can trust/Trader_Name_To_Search"), findTestData("Search_CAT_ID_Data (1)").getValue("tradeName", row)): Text '308682' is set on object 'Object Repository/Page_Checkatrade Find a tradesperson you can trust/Trader_Name_To_Search'

2020-04-24 09:49:48 - [MESSAGE][PASSED] - Text '308682' is set on object 'Object Repository/Page_Checkatrade Find a tradesperson you can trust/Trader_Name_To_Search'

2020-04-24 09:49:48 - [TEST_STEP][PASSED] - if (verifyTextNotPresent("Sorry, no results found", false)): null

2020-04-24 09:49:49 - [MESSAGE][PASSED] - Text 'Sorry, no results found' is not present on page

2020-04-24 09:49:49 - [TEST_STEP][PASSED] - markPassed("The Expected Lookup Result(s) ARE being returned by the Lookup Service, AS EXPECTED"): The Expected Lookup Result(s) ARE being returned by the Lookup Service, AS EXPECTED

2020-04-24 09:49:49 - [MESSAGE][PASSED] - The Expected Lookup Result(s) ARE being returned by the Lookup Service, AS EXPECTED

2020-04-24 09:49:49 - [MESSAGE][PASSED] - Call Test Case 'Test Cases/Reusable_Test_Sequences/CAT_Enter_Trade_Name' successfully

2020-04-24 09:49:49 - [TEST_STEP][PASSED] - "---------------------------------------": null

2020-04-24 09:49:49 - [TEST_STEP][PASSED] - " Search Trader Name (or ID)            |": null

2020-04-24 09:49:49 - [TEST_STEP][PASSED] - callTestCase(findTestCase("Reusable_Test_Sequences/CAT_Search_Trade_Name"), [:], STOP_ON_FAILURE): Call Test Case 'Test Cases/Reusable_Test_Sequences/CAT_Search_Trade_Name' successfully

2020-04-24 09:49:49 - [TEST_CASE][PASSED] - Test Cases/Reusable_Test_Sequences/CAT_Search_Trade_Name: Test Cases/Reusable_Test_Sequences/CAT_Search_Trade_Name

2020-04-24 09:49:49 - [TEST_STEP][PASSED] - "Hit Search Trade Person by Name (or CAT ID) after parameters are entered": null

2020-04-24 09:49:49 - [TEST_STEP][PASSED] - waitForPageLoad(60): Wait for page load successfully

2020-04-24 09:49:49 - [MESSAGE][PASSED] - Wait for page load successfully

2020-04-24 09:49:49 - [TEST_STEP][PASSED] - delay(2): Delayed 2 second(s)

2020-04-24 09:49:51 - [MESSAGE][PASSED] - Delayed 2 second(s)

2020-04-24 09:49:51 - [TEST_STEP][PASSED] - if (Website_Version == "new"): null

2020-04-24 09:49:51 - [TEST_STEP][PASSED] - else: Object: 'Object Repository/Page_Checkatrade Find a tradesperson you can trust/span_Trade_Name' is clicked on

2020-04-24 09:49:51 - [TEST_STEP][PASSED] - waitForElementClickable(findTestObject("Page_Checkatrade Find a tradesperson you can trust/span_Trade_Name"), 60): Object 'Object Repository/Page_Checkatrade Find a tradesperson you can trust/span_Trade_Name' is clickable

2020-04-24 09:49:51 - [MESSAGE][PASSED] - Object 'Object Repository/Page_Checkatrade Find a tradesperson you can trust/span_Trade_Name' is clickable

2020-04-24 09:49:51 - [TEST_STEP][PASSED] - click(findTestObject("Page_Checkatrade Find a tradesperson you can trust/span_Trade_Name")): Object: 'Object Repository/Page_Checkatrade Find a tradesperson you can trust/span_Trade_Name' is clicked on

2020-04-24 09:49:56 - [MESSAGE][PASSED] - Object: 'Object Repository/Page_Checkatrade Find a tradesperson you can trust/span_Trade_Name' is clicked on

2020-04-24 09:49:56 - [TEST_STEP][PASSED] - delay(2): Delayed 2 second(s)

2020-04-24 09:49:58 - [MESSAGE][PASSED] - Delayed 2 second(s)

2020-04-24 09:49:58 - [TEST_STEP][PASSED] - waitForPageLoad(60): Wait for page load successfully

2020-04-24 09:49:58 - [MESSAGE][PASSED] - Wait for page load successfully

2020-04-24 09:49:58 - [MESSAGE][PASSED] - Call Test Case 'Test Cases/Reusable_Test_Sequences/CAT_Search_Trade_Name' successfully

2020-04-24 09:49:58 - [TEST_STEP][PASSED] - "------------------------------------------": null

2020-04-24 09:49:58 - [TEST_STEP][PASSED] - " Scroll to Page Footer to Reveal Results  |": null

2020-04-24 09:49:58 - [TEST_STEP][PASSED] - callTestCase(findTestCase("Reusable_Test_Sequences/CAT_Scroll_to_Footer"), [:], CONTINUE_ON_FAILURE): Call Test Case 'Test Cases/Reusable_Test_Sequences/CAT_Scroll_to_Footer' successfully

2020-04-24 09:49:58 - [TEST_CASE][PASSED] - Test Cases/Reusable_Test_Sequences/CAT_Scroll_to_Footer: Test Cases/Reusable_Test_Sequences/CAT_Scroll_to_Footer

2020-04-24 09:49:58 - [TEST_STEP][PASSED] - "-----------------------------------------------------": null

2020-04-24 09:49:58 - [TEST_STEP][PASSED] - " Major changes factored into function 05/12/2019     |": null

2020-04-24 09:49:58 - [TEST_STEP][PASSED] - "-----------------------------------------------------": null

2020-04-24 09:49:58 - [TEST_STEP][PASSED] - "Animation Removed ": null

2020-04-24 09:49:58 - [TEST_STEP][PASSED] - "Scroll - To Footer on the bottom of the page (sometime off the screen) ": null

2020-04-24 09:49:58 - [TEST_STEP][PASSED] - waitForPageLoad(60): Wait for page load successfully

2020-04-24 09:49:58 - [MESSAGE][PASSED] - Wait for page load successfully

2020-04-24 09:49:58 - [TEST_STEP][PASSED] - scrollToPosition(999, 999): Browser is scrolled to position x = 999, y = 999

2020-04-24 09:49:58 - [MESSAGE][PASSED] - Browser is scrolled to position x = 999, y = 999

2020-04-24 09:49:58 - [TEST_STEP][PASSED] - delay(1): Delayed 1 second(s)

2020-04-24 09:49:59 - [MESSAGE][PASSED] - Delayed 1 second(s)

2020-04-24 09:49:59 - [MESSAGE][PASSED] - Call Test Case 'Test Cases/Reusable_Test_Sequences/CAT_Scroll_to_Footer' successfully

2020-04-24 09:49:59 - [TEST_STEP][PASSED] - "------------------------------------------": null

2020-04-24 09:49:59 - [TEST_STEP][PASSED] - " Verify Correct Location is Returned     |": null

2020-04-24 09:49:59 - [TEST_STEP][PASSED] - callTestCase(findTestCase("Reusable_Test_Sequences/CAT_Verification_Location"), [:], CONTINUE_ON_FAILURE): Call Test Case 'Test Cases/Reusable_Test_Sequences/CAT_Verification_Location' successfully

2020-04-24 09:49:59 - [TEST_CASE][PASSED] - Test Cases/Reusable_Test_Sequences/CAT_Verification_Location: Test Cases/Reusable_Test_Sequences/CAT_Verification_Location

2020-04-24 09:49:59 - [TEST_STEP][PASSED] - waitForPageLoad(60): Wait for page load successfully

2020-04-24 09:49:59 - [MESSAGE][PASSED] - Wait for page load successfully

2020-04-24 09:49:59 - [TEST_STEP][PASSED] - verifyTextPresent(findTestData("Search_CAT_ID_Data (1)").getValue("tradeNameLocationVerification", row), false): Text 'Banbury, Oxfordshire' is present on page 

2020-04-24 09:50:01 - [MESSAGE][PASSED] - Text 'Banbury, Oxfordshire' is present on page 

2020-04-24 09:50:01 - [MESSAGE][PASSED] - Call Test Case 'Test Cases/Reusable_Test_Sequences/CAT_Verification_Location' successfully

2020-04-24 09:50:01 - [TEST_STEP][PASSED] - "------------------------------------------": null

2020-04-24 09:50:01 - [TEST_STEP][PASSED] - " Verify Primary Contact is Returned     |": null

2020-04-24 09:50:01 - [TEST_STEP][PASSED] - callTestCase(findTestCase("Reusable_Test_Sequences/CAT_Verification_Primary_Contact"), [:], CONTINUE_ON_FAILURE): Call Test Case 'Test Cases/Reusable_Test_Sequences/CAT_Verification_Primary_Contact' successfully

2020-04-24 09:50:01 - [TEST_CASE][PASSED] - Test Cases/Reusable_Test_Sequences/CAT_Verification_Primary_Contact: Test Cases/Reusable_Test_Sequences/CAT_Verification_Primary_Contact

2020-04-24 09:50:01 - [TEST_STEP][PASSED] - verifyTextPresent(findTestData("Search_CAT_ID_Data (1)").getValue("primeContact", row), false): Text 'Andrew Whitaker' is present on page 

2020-04-24 09:50:03 - [MESSAGE][PASSED] - Text 'Andrew Whitaker' is present on page 

2020-04-24 09:50:03 - [MESSAGE][PASSED] - Call Test Case 'Test Cases/Reusable_Test_Sequences/CAT_Verification_Primary_Contact' successfully

2020-04-24 09:50:03 - [TEST_STEP][PASSED] - "--------------------------": null

2020-04-24 09:50:03 - [TEST_STEP][PASSED] - " Teardown - CLose Browser |": null

2020-04-24 09:50:03 - [TEST_STEP][PASSED] - callTestCase(findTestCase("Reusable_Test_Sequences/CAT_Teardown"), [:], OPTIONAL): Call Test Case 'Test Cases/Reusable_Test_Sequences/CAT_Teardown' successfully

2020-04-24 09:50:03 - [TEST_CASE][PASSED] - Test Cases/Reusable_Test_Sequences/CAT_Teardown: Test Cases/Reusable_Test_Sequences/CAT_Teardown

2020-04-24 09:50:03 - [TEST_STEP][PASSED] - closeBrowser(): Browser is closed

2020-04-24 09:50:06 - [MESSAGE][PASSED] - Browser is closed

2020-04-24 09:50:06 - [TEST_STEP][PASSED] - super.finalize(): null

2020-04-24 09:50:06 - [TEST_STEP][PASSED] - System.gc(): null

2020-04-24 09:50:06 - [MESSAGE][PASSED] - Call Test Case 'Test Cases/Reusable_Test_Sequences/CAT_Teardown' successfully

2020-04-24 09:50:06 - [TEST_STEP][PASSED] - callTestCase(findTestCase("Reusable_Test_Sequences/CAT_Setup"), [:], STOP_ON_FAILURE): Call Test Case 'Test Cases/Reusable_Test_Sequences/CAT_Setup' successfully

2020-04-24 09:50:06 - [TEST_CASE][PASSED] - Test Cases/Reusable_Test_Sequences/CAT_Setup: Test Cases/Reusable_Test_Sequences/CAT_Setup

2020-04-24 09:50:06 - [TEST_STEP][PASSED] - "------------------------------": null

2020-04-24 09:50:06 - [TEST_STEP][PASSED] - " Set Mobile Device Testing    |": null

2020-04-24 09:50:06 - [TEST_STEP][PASSED] - if (Mobile_Flag == "true"): null

2020-04-24 09:50:06 - [TEST_STEP][PASSED] - "------------------------------": null

2020-04-24 09:50:06 - [TEST_STEP][PASSED] - " Set Mobile Device Testing    |": null

2020-04-24 09:50:06 - [TEST_STEP][PASSED] - "------------------------------": null

2020-04-24 09:50:06 - [TEST_STEP][PASSED] - "URL - Set from the ENVIRONMENT PROFILE ": null

2020-04-24 09:50:06 - [TEST_STEP][PASSED] - openBrowser(URL): Browser is opened with url: 'https://www.preview.checkatrade.com/'

2020-04-24 09:50:06 - [MESSAGE][INFO] - Starting 'Firefox' driver

2020-04-24 09:50:06 - [MESSAGE][INFO] - Action delay is set to 0 milliseconds

2020-04-24 09:50:19 - [MESSAGE][PASSED] - Browser is opened with url: 'https://www.preview.checkatrade.com/'

2020-04-24 09:50:19 - [TEST_STEP][PASSED] - maximizeWindow(): Current window maximized

2020-04-24 09:50:19 - [MESSAGE][PASSED] - Current window maximized

2020-04-24 09:50:19 - [TEST_STEP][PASSED] - waitForPageLoad(60): Wait for page load successfully

2020-04-24 09:50:19 - [MESSAGE][PASSED] - Wait for page load successfully

2020-04-24 09:50:19 - [TEST_STEP][PASSED] - "Previous Functionalilty Left Commented For Ease Of reversion": null

2020-04-24 09:50:19 - [TEST_STEP][PASSED] - " Katalon Try/Catches currently have issues? SEE HEADER": null

2020-04-24 09:50:19 - [TEST_STEP][PASSED] - try: Text 'Cookie Policy' is not present on page

2020-04-24 09:50:19 - [TEST_STEP][PASSED] - verifyElementPresent(findTestObject("Object Repository/Cookies/Page_Checkatrade Find a tradesperson you can trust/button_Accept All"), 5, OPTIONAL): Object 'Object Repository/Cookies/Page_Checkatrade Find a tradesperson you can trust/button_Accept All' is present

2020-04-24 09:50:20 - [MESSAGE][PASSED] - Object 'Object Repository/Cookies/Page_Checkatrade Find a tradesperson you can trust/button_Accept All' is present

2020-04-24 09:50:20 - [TEST_STEP][PASSED] - click(findTestObject("Object Repository/Cookies/Page_Checkatrade Find a tradesperson you can trust/button_Accept All"), OPTIONAL): Object: 'Object Repository/Cookies/Page_Checkatrade Find a tradesperson you can trust/button_Accept All' is clicked on

2020-04-24 09:50:20 - [MESSAGE][PASSED] - Object: 'Object Repository/Cookies/Page_Checkatrade Find a tradesperson you can trust/button_Accept All' is clicked on

2020-04-24 09:50:20 - [TEST_STEP][PASSED] - "---------------------------------": null

2020-04-24 09:50:20 - [TEST_STEP][PASSED] - "COOKIE POPOUT REMOVED - Confirmed": null

2020-04-24 09:50:20 - [TEST_STEP][PASSED] - delay(1): Delayed 1 second(s)

2020-04-24 09:50:21 - [MESSAGE][PASSED] - Delayed 1 second(s)

2020-04-24 09:50:21 - [TEST_STEP][PASSED] - verifyTextNotPresent("We use cookies to personalise content and ads, to provide social media features and to analyse our traffic", false): Text 'We use cookies to personalise content and ads, to provide social media features and to analyse our traffic' is not present on page

2020-04-24 09:50:22 - [MESSAGE][PASSED] - Text 'We use cookies to personalise content and ads, to provide social media features and to analyse our traffic' is not present on page

2020-04-24 09:50:22 - [TEST_STEP][PASSED] - verifyTextNotPresent(" We also share information about your use of our site with our social media, advertising and analytics partners", false): Text ' We also share information about your use of our site with our social media, advertising and analytics partners' is not present on page

2020-04-24 09:50:23 - [MESSAGE][PASSED] - Text ' We also share information about your use of our site with our social media, advertising and analytics partners' is not present on page

2020-04-24 09:50:23 - [TEST_STEP][PASSED] - verifyTextNotPresent("Cookie Policy", false): Text 'Cookie Policy' is not present on page

2020-04-24 09:50:24 - [MESSAGE][PASSED] - Text 'Cookie Policy' is not present on page

2020-04-24 09:50:24 - [TEST_STEP][PASSED] - waitForPageLoad(60): Wait for page load successfully

2020-04-24 09:50:24 - [MESSAGE][PASSED] - Wait for page load successfully

2020-04-24 09:50:24 - [TEST_STEP][PASSED] - "COOKIE - ORIGINAL": null

2020-04-24 09:50:24 - [TEST_STEP][PASSED] - if (waitForElementVisible(findTestObject("Object Repository/Feedback/Page_Checkatrade Give your feedback/input_Member_to_Review"), 5)): Web element with id: 'Object Repository/Feedback/Page_Checkatrade Give your feedback/input_Member_to_Review' located by 'By.xpath: //input[@id='feedback-form__company_autocomplete_input']' not found

2020-04-24 09:50:29 - [MESSAGE][INFO] - Unable to find the element located by 'By.xpath: //input[@id='feedback-form__company_autocomplete_input']'. Please recheck the objects properties to make sure the desired element is located. 

2020-04-24 09:50:29 - [MESSAGE][WARNING] - Web element with id: 'Object Repository/Feedback/Page_Checkatrade Give your feedback/input_Member_to_Review' located by 'By.xpath: //input[@id='feedback-form__company_autocomplete_input']' not found

2020-04-24 09:50:29 - [TEST_STEP][PASSED] - else: The <<<OLD>>> Website was detected by the STARTUP Process

2020-04-24 09:50:29 - [TEST_STEP][PASSED] - if (!(verifyElementVisible(findTestObject("Object Repository/Checkatrade_Trade_Search_Page/Page_Checkatrade Find a tradesperson you can trust/input_Search_Button_FF")))): Object 'Object Repository/Checkatrade_Trade_Search_Page/Page_Checkatrade Find a tradesperson you can trust/input_Search_Button_FF' is visible

2020-04-24 09:50:29 - [MESSAGE][PASSED] - Object 'Object Repository/Checkatrade_Trade_Search_Page/Page_Checkatrade Find a tradesperson you can trust/input_Search_Button_FF' is visible

2020-04-24 09:50:29 - [TEST_STEP][PASSED] - else: The <<<OLD>>> Website was detected by the STARTUP Process

2020-04-24 09:50:29 - [TEST_STEP][PASSED] - Website_Version = "old": null

2020-04-24 09:50:29 - [TEST_STEP][PASSED] - logInfo("The <<<OLD>>> Website was detected by the STARTUP Process"): The <<<OLD>>> Website was detected by the STARTUP Process

2020-04-24 09:50:29 - [MESSAGE][INFO] - The <<<OLD>>> Website was detected by the STARTUP Process

2020-04-24 09:50:29 - [MESSAGE][PASSED] - Call Test Case 'Test Cases/Reusable_Test_Sequences/CAT_Setup' successfully

2020-04-24 09:50:29 - [TEST_STEP][PASSED] - callTestCase(findTestCase("Reusable_Test_Sequences/CAT_Home"), [:], CONTINUE_ON_FAILURE): Call Test Case 'Test Cases/Reusable_Test_Sequences/CAT_Home' successfully

2020-04-24 09:50:29 - [TEST_CASE][PASSED] - Test Cases/Reusable_Test_Sequences/CAT_Home: Test Cases/Reusable_Test_Sequences/CAT_Home

2020-04-24 09:50:29 - [TEST_STEP][PASSED] - waitForPageLoad(60): Wait for page load successfully

2020-04-24 09:50:29 - [MESSAGE][PASSED] - Wait for page load successfully

2020-04-24 09:50:29 - [TEST_STEP][PASSED] - delay(2): Delayed 2 second(s)

2020-04-24 09:50:31 - [MESSAGE][PASSED] - Delayed 2 second(s)

2020-04-24 09:50:31 - [TEST_STEP][PASSED] - "------------------------------------": null

2020-04-24 09:50:31 - [TEST_STEP][PASSED] - if (Website_Version == "new"): null

2020-04-24 09:50:31 - [TEST_STEP][PASSED] - else: Text 'Over a million visits to Checkatrade each month' is present on page 

2020-04-24 09:50:31 - [TEST_STEP][PASSED] - verifyTextPresent("Helping you find the right trade or service", false): Text 'Helping you find the right trade or service' is present on page 

2020-04-24 09:50:33 - [MESSAGE][PASSED] - Text 'Helping you find the right trade or service' is present on page 

2020-04-24 09:50:33 - [TEST_STEP][PASSED] - verifyTextPresent("Search through over", false): Text 'Search through over' is present on page 

2020-04-24 09:50:34 - [MESSAGE][PASSED] - Text 'Search through over' is present on page 

2020-04-24 09:50:34 - [TEST_STEP][PASSED] - verifyTextPresent("recommended, vetted and monitored trades and service providers for free.", false): Text 'recommended, vetted and monitored trades and service providers for free.' is present on page 

2020-04-24 09:50:35 - [MESSAGE][PASSED] - Text 'recommended, vetted and monitored trades and service providers for free.' is present on page 

2020-04-24 09:50:35 - [TEST_STEP][PASSED] - verifyTextPresent("reviews published so far – thank you!", false): Text 'reviews published so far – thank you!' is present on page 

2020-04-24 09:50:36 - [MESSAGE][PASSED] - Text 'reviews published so far – thank you!' is present on page 

2020-04-24 09:50:36 - [TEST_STEP][PASSED] - verifyTextPresent("I need a trade or service", false): Text 'I need a trade or service' is present on page 

2020-04-24 09:50:37 - [MESSAGE][PASSED] - Text 'I need a trade or service' is present on page 

2020-04-24 09:50:37 - [TEST_STEP][PASSED] - verifyTextPresent("Every trader thoroughly checked and vetted", false): Text 'Every trader thoroughly checked and vetted' is present on page 

2020-04-24 09:50:38 - [MESSAGE][PASSED] - Text 'Every trader thoroughly checked and vetted' is present on page 

2020-04-24 09:50:38 - [TEST_STEP][PASSED] - "------------------------------------": null

2020-04-24 09:50:38 - [TEST_STEP][PASSED] - verifyTextPresent("reviews published so far – thank you!", false): Text 'reviews published so far – thank you!' is present on page 

2020-04-24 09:50:39 - [MESSAGE][PASSED] - Text 'reviews published so far – thank you!' is present on page 

2020-04-24 09:50:39 - [TEST_STEP][PASSED] - verifyTextPresent("Find out more", false): Text 'Find out more' is present on page 

2020-04-24 09:50:40 - [MESSAGE][PASSED] - Text 'Find out more' is present on page 

2020-04-24 09:50:40 - [TEST_STEP][PASSED] - verifyTextPresent("I am a tradesman", false): Text 'I am a tradesman' is present on page 

2020-04-24 09:50:42 - [MESSAGE][PASSED] - Text 'I am a tradesman' is present on page 

2020-04-24 09:50:42 - [TEST_STEP][PASSED] - verifyTextPresent("Find out more", false): Text 'Find out more' is present on page 

2020-04-24 09:50:43 - [MESSAGE][PASSED] - Text 'Find out more' is present on page 

2020-04-24 09:50:43 - [TEST_STEP][PASSED] - verifyTextPresent("Over a million visits to Checkatrade each month", false): Text 'Over a million visits to Checkatrade each month' is present on page 

2020-04-24 09:50:43 - [MESSAGE][PASSED] - Text 'Over a million visits to Checkatrade each month' is present on page 

2020-04-24 09:50:43 - [MESSAGE][PASSED] - Call Test Case 'Test Cases/Reusable_Test_Sequences/CAT_Home' successfully

2020-04-24 09:50:43 - [TEST_STEP][PASSED] - "---------------------------------------------------------------------": null

2020-04-24 09:50:43 - [TEST_STEP][PASSED] - " Select Search on Trader Name (or ID) From Home page/Search Screen   |": null

2020-04-24 09:50:43 - [TEST_STEP][PASSED] - callTestCase(findTestCase("Reusable_Test_Sequences/CAT_Click_Search_Trade_Name"), [:], STOP_ON_FAILURE): Call Test Case 'Test Cases/Reusable_Test_Sequences/CAT_Click_Search_Trade_Name' successfully

2020-04-24 09:50:43 - [TEST_CASE][PASSED] - Test Cases/Reusable_Test_Sequences/CAT_Click_Search_Trade_Name: Test Cases/Reusable_Test_Sequences/CAT_Click_Search_Trade_Name

2020-04-24 09:50:43 - [TEST_STEP][PASSED] - waitForPageLoad(60): Wait for page load successfully

2020-04-24 09:50:44 - [MESSAGE][PASSED] - Wait for page load successfully

2020-04-24 09:50:44 - [TEST_STEP][PASSED] - if (Website_Version != "new"): Object: 'Object Repository/Page_Checkatrade Find a tradesperson you can trust/a_or look up a member by name' is clicked on

2020-04-24 09:50:44 - [TEST_STEP][PASSED] - waitForElementClickable(findTestObject("Object Repository/Page_Checkatrade Find a tradesperson you can trust/a_or look up a member by name"), 5): Object 'Object Repository/Page_Checkatrade Find a tradesperson you can trust/a_or look up a member by name' is clickable

2020-04-24 09:50:44 - [MESSAGE][PASSED] - Object 'Object Repository/Page_Checkatrade Find a tradesperson you can trust/a_or look up a member by name' is clickable

2020-04-24 09:50:44 - [TEST_STEP][PASSED] - click(findTestObject("Object Repository/Page_Checkatrade Find a tradesperson you can trust/a_or look up a member by name")): Object: 'Object Repository/Page_Checkatrade Find a tradesperson you can trust/a_or look up a member by name' is clicked on

2020-04-24 09:50:44 - [MESSAGE][PASSED] - Object: 'Object Repository/Page_Checkatrade Find a tradesperson you can trust/a_or look up a member by name' is clicked on

2020-04-24 09:50:44 - [TEST_STEP][PASSED] - if (Website_Version != "old"): null

2020-04-24 09:50:44 - [TEST_STEP][PASSED] - waitForPageLoad(60): Wait for page load successfully

2020-04-24 09:50:44 - [MESSAGE][PASSED] - Wait for page load successfully

2020-04-24 09:50:44 - [MESSAGE][PASSED] - Call Test Case 'Test Cases/Reusable_Test_Sequences/CAT_Click_Search_Trade_Name' successfully

2020-04-24 09:50:44 - [TEST_STEP][PASSED] - "---------------------------------------": null

2020-04-24 09:50:44 - [TEST_STEP][PASSED] - " Enter Trader Name (or ID) to Search   |": null

2020-04-24 09:50:44 - [TEST_STEP][PASSED] - callTestCase(findTestCase("Reusable_Test_Sequences/CAT_Enter_Trade_Name"), [:], STOP_ON_FAILURE): Call Test Case 'Test Cases/Reusable_Test_Sequences/CAT_Enter_Trade_Name' successfully

2020-04-24 09:50:44 - [TEST_CASE][PASSED] - Test Cases/Reusable_Test_Sequences/CAT_Enter_Trade_Name: Test Cases/Reusable_Test_Sequences/CAT_Enter_Trade_Name

2020-04-24 09:50:44 - [TEST_STEP][PASSED] - if (Website_Version != "new"): Text '230761' is set on object 'Object Repository/Page_Checkatrade Find a tradesperson you can trust/Trader_Name_To_Search'

2020-04-24 09:50:44 - [TEST_STEP][PASSED] - setText(findTestObject("Page_Checkatrade Find a tradesperson you can trust/Trader_Name_To_Search"), findTestData("Search_CAT_ID_Data (1)").getValue("tradeName", row)): Text '230761' is set on object 'Object Repository/Page_Checkatrade Find a tradesperson you can trust/Trader_Name_To_Search'

2020-04-24 09:50:45 - [MESSAGE][PASSED] - Text '230761' is set on object 'Object Repository/Page_Checkatrade Find a tradesperson you can trust/Trader_Name_To_Search'

2020-04-24 09:50:45 - [TEST_STEP][PASSED] - if (verifyTextNotPresent("Sorry, no results found", false)): null

2020-04-24 09:50:46 - [MESSAGE][PASSED] - Text 'Sorry, no results found' is not present on page

2020-04-24 09:50:46 - [TEST_STEP][PASSED] - markPassed("The Expected Lookup Result(s) ARE being returned by the Lookup Service, AS EXPECTED"): The Expected Lookup Result(s) ARE being returned by the Lookup Service, AS EXPECTED

2020-04-24 09:50:46 - [MESSAGE][PASSED] - The Expected Lookup Result(s) ARE being returned by the Lookup Service, AS EXPECTED

2020-04-24 09:50:46 - [MESSAGE][PASSED] - Call Test Case 'Test Cases/Reusable_Test_Sequences/CAT_Enter_Trade_Name' successfully

2020-04-24 09:50:46 - [TEST_STEP][PASSED] - "---------------------------------------": null

2020-04-24 09:50:46 - [TEST_STEP][PASSED] - " Search Trader Name (or ID)            |": null

2020-04-24 09:50:46 - [TEST_STEP][PASSED] - callTestCase(findTestCase("Reusable_Test_Sequences/CAT_Search_Trade_Name"), [:], STOP_ON_FAILURE): Call Test Case 'Test Cases/Reusable_Test_Sequences/CAT_Search_Trade_Name' successfully

2020-04-24 09:50:46 - [TEST_CASE][PASSED] - Test Cases/Reusable_Test_Sequences/CAT_Search_Trade_Name: Test Cases/Reusable_Test_Sequences/CAT_Search_Trade_Name

2020-04-24 09:50:46 - [TEST_STEP][PASSED] - "Hit Search Trade Person by Name (or CAT ID) after parameters are entered": null

2020-04-24 09:50:46 - [TEST_STEP][PASSED] - waitForPageLoad(60): Wait for page load successfully

2020-04-24 09:50:46 - [MESSAGE][PASSED] - Wait for page load successfully

2020-04-24 09:50:46 - [TEST_STEP][PASSED] - delay(2): Delayed 2 second(s)

2020-04-24 09:50:48 - [MESSAGE][PASSED] - Delayed 2 second(s)

2020-04-24 09:50:48 - [TEST_STEP][PASSED] - if (Website_Version == "new"): null

2020-04-24 09:50:48 - [TEST_STEP][PASSED] - else: Object: 'Object Repository/Page_Checkatrade Find a tradesperson you can trust/span_Trade_Name' is clicked on

2020-04-24 09:50:48 - [TEST_STEP][PASSED] - waitForElementClickable(findTestObject("Page_Checkatrade Find a tradesperson you can trust/span_Trade_Name"), 60): Object 'Object Repository/Page_Checkatrade Find a tradesperson you can trust/span_Trade_Name' is clickable

2020-04-24 09:50:49 - [MESSAGE][PASSED] - Object 'Object Repository/Page_Checkatrade Find a tradesperson you can trust/span_Trade_Name' is clickable

2020-04-24 09:50:49 - [TEST_STEP][PASSED] - click(findTestObject("Page_Checkatrade Find a tradesperson you can trust/span_Trade_Name")): Object: 'Object Repository/Page_Checkatrade Find a tradesperson you can trust/span_Trade_Name' is clicked on

2020-04-24 09:50:54 - [MESSAGE][PASSED] - Object: 'Object Repository/Page_Checkatrade Find a tradesperson you can trust/span_Trade_Name' is clicked on

2020-04-24 09:50:54 - [TEST_STEP][PASSED] - delay(2): Delayed 2 second(s)

2020-04-24 09:50:56 - [MESSAGE][PASSED] - Delayed 2 second(s)

2020-04-24 09:50:56 - [TEST_STEP][PASSED] - waitForPageLoad(60): Wait for page load successfully

2020-04-24 09:50:56 - [MESSAGE][PASSED] - Wait for page load successfully

2020-04-24 09:50:56 - [MESSAGE][PASSED] - Call Test Case 'Test Cases/Reusable_Test_Sequences/CAT_Search_Trade_Name' successfully

2020-04-24 09:50:56 - [TEST_STEP][PASSED] - "------------------------------------------": null

2020-04-24 09:50:56 - [TEST_STEP][PASSED] - " Scroll to Page Footer to Reveal Results  |": null

2020-04-24 09:50:56 - [TEST_STEP][PASSED] - callTestCase(findTestCase("Reusable_Test_Sequences/CAT_Scroll_to_Footer"), [:], CONTINUE_ON_FAILURE): Call Test Case 'Test Cases/Reusable_Test_Sequences/CAT_Scroll_to_Footer' successfully

2020-04-24 09:50:56 - [TEST_CASE][PASSED] - Test Cases/Reusable_Test_Sequences/CAT_Scroll_to_Footer: Test Cases/Reusable_Test_Sequences/CAT_Scroll_to_Footer

2020-04-24 09:50:56 - [TEST_STEP][PASSED] - "-----------------------------------------------------": null

2020-04-24 09:50:56 - [TEST_STEP][PASSED] - " Major changes factored into function 05/12/2019     |": null

2020-04-24 09:50:56 - [TEST_STEP][PASSED] - "-----------------------------------------------------": null

2020-04-24 09:50:56 - [TEST_STEP][PASSED] - "Animation Removed ": null

2020-04-24 09:50:56 - [TEST_STEP][PASSED] - "Scroll - To Footer on the bottom of the page (sometime off the screen) ": null

2020-04-24 09:50:56 - [TEST_STEP][PASSED] - waitForPageLoad(60): Wait for page load successfully

2020-04-24 09:50:56 - [MESSAGE][PASSED] - Wait for page load successfully

2020-04-24 09:50:56 - [TEST_STEP][PASSED] - scrollToPosition(999, 999): Browser is scrolled to position x = 999, y = 999

2020-04-24 09:50:56 - [MESSAGE][PASSED] - Browser is scrolled to position x = 999, y = 999

2020-04-24 09:50:56 - [TEST_STEP][PASSED] - delay(1): Delayed 1 second(s)

2020-04-24 09:50:57 - [MESSAGE][PASSED] - Delayed 1 second(s)

2020-04-24 09:50:57 - [MESSAGE][PASSED] - Call Test Case 'Test Cases/Reusable_Test_Sequences/CAT_Scroll_to_Footer' successfully

2020-04-24 09:50:57 - [TEST_STEP][PASSED] - "------------------------------------------": null

2020-04-24 09:50:57 - [TEST_STEP][PASSED] - " Verify Correct Location is Returned     |": null

2020-04-24 09:50:57 - [TEST_STEP][PASSED] - callTestCase(findTestCase("Reusable_Test_Sequences/CAT_Verification_Location"), [:], CONTINUE_ON_FAILURE): Call Test Case 'Test Cases/Reusable_Test_Sequences/CAT_Verification_Location' successfully

2020-04-24 09:50:57 - [TEST_CASE][PASSED] - Test Cases/Reusable_Test_Sequences/CAT_Verification_Location: Test Cases/Reusable_Test_Sequences/CAT_Verification_Location

2020-04-24 09:50:57 - [TEST_STEP][PASSED] - waitForPageLoad(60): Wait for page load successfully

2020-04-24 09:50:57 - [MESSAGE][PASSED] - Wait for page load successfully

2020-04-24 09:50:57 - [TEST_STEP][PASSED] - verifyTextPresent(findTestData("Search_CAT_ID_Data (1)").getValue("tradeNameLocationVerification", row), false): Text 'Rustington, West Sussex' is present on page 

2020-04-24 09:50:59 - [MESSAGE][PASSED] - Text 'Rustington, West Sussex' is present on page 

2020-04-24 09:50:59 - [MESSAGE][PASSED] - Call Test Case 'Test Cases/Reusable_Test_Sequences/CAT_Verification_Location' successfully

2020-04-24 09:50:59 - [TEST_STEP][PASSED] - "------------------------------------------": null

2020-04-24 09:50:59 - [TEST_STEP][PASSED] - " Verify Primary Contact is Returned     |": null

2020-04-24 09:50:59 - [TEST_STEP][PASSED] - callTestCase(findTestCase("Reusable_Test_Sequences/CAT_Verification_Primary_Contact"), [:], CONTINUE_ON_FAILURE): Call Test Case 'Test Cases/Reusable_Test_Sequences/CAT_Verification_Primary_Contact' successfully

2020-04-24 09:50:59 - [TEST_CASE][PASSED] - Test Cases/Reusable_Test_Sequences/CAT_Verification_Primary_Contact: Test Cases/Reusable_Test_Sequences/CAT_Verification_Primary_Contact

2020-04-24 09:50:59 - [TEST_STEP][PASSED] - verifyTextPresent(findTestData("Search_CAT_ID_Data (1)").getValue("primeContact", row), false): Text 'David Clarke' is present on page 

2020-04-24 09:51:01 - [MESSAGE][PASSED] - Text 'David Clarke' is present on page 

2020-04-24 09:51:01 - [MESSAGE][PASSED] - Call Test Case 'Test Cases/Reusable_Test_Sequences/CAT_Verification_Primary_Contact' successfully

2020-04-24 09:51:01 - [TEST_STEP][PASSED] - "--------------------------": null

2020-04-24 09:51:01 - [TEST_STEP][PASSED] - " Teardown - CLose Browser |": null

2020-04-24 09:51:01 - [TEST_STEP][PASSED] - callTestCase(findTestCase("Reusable_Test_Sequences/CAT_Teardown"), [:], OPTIONAL): Call Test Case 'Test Cases/Reusable_Test_Sequences/CAT_Teardown' successfully

2020-04-24 09:51:01 - [TEST_CASE][PASSED] - Test Cases/Reusable_Test_Sequences/CAT_Teardown: Test Cases/Reusable_Test_Sequences/CAT_Teardown

2020-04-24 09:51:01 - [TEST_STEP][PASSED] - closeBrowser(): Browser is closed

2020-04-24 09:51:08 - [MESSAGE][PASSED] - Browser is closed

2020-04-24 09:51:08 - [TEST_STEP][PASSED] - super.finalize(): null

2020-04-24 09:51:08 - [TEST_STEP][PASSED] - System.gc(): null

2020-04-24 09:51:08 - [MESSAGE][PASSED] - Call Test Case 'Test Cases/Reusable_Test_Sequences/CAT_Teardown' successfully

2020-04-24 09:51:08 - [TEST_STEP][PASSED] - callTestCase(findTestCase("Reusable_Test_Sequences/CAT_Setup"), [:], STOP_ON_FAILURE): Call Test Case 'Test Cases/Reusable_Test_Sequences/CAT_Setup' successfully

2020-04-24 09:51:08 - [TEST_CASE][PASSED] - Test Cases/Reusable_Test_Sequences/CAT_Setup: Test Cases/Reusable_Test_Sequences/CAT_Setup

2020-04-24 09:51:08 - [TEST_STEP][PASSED] - "------------------------------": null

2020-04-24 09:51:08 - [TEST_STEP][PASSED] - " Set Mobile Device Testing    |": null

2020-04-24 09:51:08 - [TEST_STEP][PASSED] - if (Mobile_Flag == "true"): null

2020-04-24 09:51:08 - [TEST_STEP][PASSED] - "------------------------------": null

2020-04-24 09:51:08 - [TEST_STEP][PASSED] - " Set Mobile Device Testing    |": null

2020-04-24 09:51:08 - [TEST_STEP][PASSED] - "------------------------------": null

2020-04-24 09:51:08 - [TEST_STEP][PASSED] - "URL - Set from the ENVIRONMENT PROFILE ": null

2020-04-24 09:51:08 - [TEST_STEP][PASSED] - openBrowser(URL): Browser is opened with url: 'https://www.preview.checkatrade.com/'

2020-04-24 09:51:08 - [MESSAGE][INFO] - Starting 'Firefox' driver

2020-04-24 09:51:08 - [MESSAGE][INFO] - Action delay is set to 0 milliseconds

2020-04-24 09:51:21 - [MESSAGE][PASSED] - Browser is opened with url: 'https://www.preview.checkatrade.com/'

2020-04-24 09:51:21 - [TEST_STEP][PASSED] - maximizeWindow(): Current window maximized

2020-04-24 09:51:21 - [MESSAGE][PASSED] - Current window maximized

2020-04-24 09:51:21 - [TEST_STEP][PASSED] - waitForPageLoad(60): Wait for page load successfully

2020-04-24 09:51:21 - [MESSAGE][PASSED] - Wait for page load successfully

2020-04-24 09:51:21 - [TEST_STEP][PASSED] - "Previous Functionalilty Left Commented For Ease Of reversion": null

2020-04-24 09:51:21 - [TEST_STEP][PASSED] - " Katalon Try/Catches currently have issues? SEE HEADER": null

2020-04-24 09:51:21 - [TEST_STEP][PASSED] - try: Text 'Cookie Policy' is not present on page

2020-04-24 09:51:21 - [TEST_STEP][PASSED] - verifyElementPresent(findTestObject("Object Repository/Cookies/Page_Checkatrade Find a tradesperson you can trust/button_Accept All"), 5, OPTIONAL): Object 'Object Repository/Cookies/Page_Checkatrade Find a tradesperson you can trust/button_Accept All' is present

2020-04-24 09:51:22 - [MESSAGE][PASSED] - Object 'Object Repository/Cookies/Page_Checkatrade Find a tradesperson you can trust/button_Accept All' is present

2020-04-24 09:51:22 - [TEST_STEP][PASSED] - click(findTestObject("Object Repository/Cookies/Page_Checkatrade Find a tradesperson you can trust/button_Accept All"), OPTIONAL): Object: 'Object Repository/Cookies/Page_Checkatrade Find a tradesperson you can trust/button_Accept All' is clicked on

2020-04-24 09:51:23 - [MESSAGE][PASSED] - Object: 'Object Repository/Cookies/Page_Checkatrade Find a tradesperson you can trust/button_Accept All' is clicked on

2020-04-24 09:51:23 - [TEST_STEP][PASSED] - "---------------------------------": null

2020-04-24 09:51:23 - [TEST_STEP][PASSED] - "COOKIE POPOUT REMOVED - Confirmed": null

2020-04-24 09:51:23 - [TEST_STEP][PASSED] - delay(1): Delayed 1 second(s)

2020-04-24 09:51:24 - [MESSAGE][PASSED] - Delayed 1 second(s)

2020-04-24 09:51:24 - [TEST_STEP][PASSED] - verifyTextNotPresent("We use cookies to personalise content and ads, to provide social media features and to analyse our traffic", false): Text 'We use cookies to personalise content and ads, to provide social media features and to analyse our traffic' is not present on page

2020-04-24 09:51:25 - [MESSAGE][PASSED] - Text 'We use cookies to personalise content and ads, to provide social media features and to analyse our traffic' is not present on page

2020-04-24 09:51:25 - [TEST_STEP][PASSED] - verifyTextNotPresent(" We also share information about your use of our site with our social media, advertising and analytics partners", false): Text ' We also share information about your use of our site with our social media, advertising and analytics partners' is not present on page

2020-04-24 09:51:26 - [MESSAGE][PASSED] - Text ' We also share information about your use of our site with our social media, advertising and analytics partners' is not present on page

2020-04-24 09:51:26 - [TEST_STEP][PASSED] - verifyTextNotPresent("Cookie Policy", false): Text 'Cookie Policy' is not present on page

2020-04-24 09:51:27 - [MESSAGE][PASSED] - Text 'Cookie Policy' is not present on page

2020-04-24 09:51:27 - [TEST_STEP][PASSED] - waitForPageLoad(60): Wait for page load successfully

2020-04-24 09:51:27 - [MESSAGE][PASSED] - Wait for page load successfully

2020-04-24 09:51:27 - [TEST_STEP][PASSED] - "COOKIE - ORIGINAL": null

2020-04-24 09:51:27 - [TEST_STEP][PASSED] - if (waitForElementVisible(findTestObject("Object Repository/Feedback/Page_Checkatrade Give your feedback/input_Member_to_Review"), 5)): Web element with id: 'Object Repository/Feedback/Page_Checkatrade Give your feedback/input_Member_to_Review' located by 'By.xpath: //input[@id='feedback-form__company_autocomplete_input']' not found

2020-04-24 09:51:32 - [MESSAGE][INFO] - Unable to find the element located by 'By.xpath: //input[@id='feedback-form__company_autocomplete_input']'. Please recheck the objects properties to make sure the desired element is located. 

2020-04-24 09:51:32 - [MESSAGE][WARNING] - Web element with id: 'Object Repository/Feedback/Page_Checkatrade Give your feedback/input_Member_to_Review' located by 'By.xpath: //input[@id='feedback-form__company_autocomplete_input']' not found

2020-04-24 09:51:32 - [TEST_STEP][PASSED] - else: The <<<OLD>>> Website was detected by the STARTUP Process

2020-04-24 09:51:32 - [TEST_STEP][PASSED] - if (!(verifyElementVisible(findTestObject("Object Repository/Checkatrade_Trade_Search_Page/Page_Checkatrade Find a tradesperson you can trust/input_Search_Button_FF")))): Object 'Object Repository/Checkatrade_Trade_Search_Page/Page_Checkatrade Find a tradesperson you can trust/input_Search_Button_FF' is visible

2020-04-24 09:51:32 - [MESSAGE][PASSED] - Object 'Object Repository/Checkatrade_Trade_Search_Page/Page_Checkatrade Find a tradesperson you can trust/input_Search_Button_FF' is visible

2020-04-24 09:51:32 - [TEST_STEP][PASSED] - else: The <<<OLD>>> Website was detected by the STARTUP Process

2020-04-24 09:51:32 - [TEST_STEP][PASSED] - Website_Version = "old": null

2020-04-24 09:51:32 - [TEST_STEP][PASSED] - logInfo("The <<<OLD>>> Website was detected by the STARTUP Process"): The <<<OLD>>> Website was detected by the STARTUP Process

2020-04-24 09:51:32 - [MESSAGE][INFO] - The <<<OLD>>> Website was detected by the STARTUP Process

2020-04-24 09:51:32 - [MESSAGE][PASSED] - Call Test Case 'Test Cases/Reusable_Test_Sequences/CAT_Setup' successfully

2020-04-24 09:51:32 - [TEST_STEP][PASSED] - callTestCase(findTestCase("Reusable_Test_Sequences/CAT_Home"), [:], CONTINUE_ON_FAILURE): Call Test Case 'Test Cases/Reusable_Test_Sequences/CAT_Home' successfully

2020-04-24 09:51:32 - [TEST_CASE][PASSED] - Test Cases/Reusable_Test_Sequences/CAT_Home: Test Cases/Reusable_Test_Sequences/CAT_Home

2020-04-24 09:51:32 - [TEST_STEP][PASSED] - waitForPageLoad(60): Wait for page load successfully

2020-04-24 09:51:32 - [MESSAGE][PASSED] - Wait for page load successfully

2020-04-24 09:51:32 - [TEST_STEP][PASSED] - delay(2): Delayed 2 second(s)

2020-04-24 09:51:34 - [MESSAGE][PASSED] - Delayed 2 second(s)

2020-04-24 09:51:34 - [TEST_STEP][PASSED] - "------------------------------------": null

2020-04-24 09:51:34 - [TEST_STEP][PASSED] - if (Website_Version == "new"): null

2020-04-24 09:51:34 - [TEST_STEP][PASSED] - else: Text 'Over a million visits to Checkatrade each month' is present on page 

2020-04-24 09:51:34 - [TEST_STEP][PASSED] - verifyTextPresent("Helping you find the right trade or service", false): Text 'Helping you find the right trade or service' is present on page 

2020-04-24 09:51:35 - [MESSAGE][PASSED] - Text 'Helping you find the right trade or service' is present on page 

2020-04-24 09:51:35 - [TEST_STEP][PASSED] - verifyTextPresent("Search through over", false): Text 'Search through over' is present on page 

2020-04-24 09:51:36 - [MESSAGE][PASSED] - Text 'Search through over' is present on page 

2020-04-24 09:51:36 - [TEST_STEP][PASSED] - verifyTextPresent("recommended, vetted and monitored trades and service providers for free.", false): Text 'recommended, vetted and monitored trades and service providers for free.' is present on page 

2020-04-24 09:51:36 - [MESSAGE][PASSED] - Text 'recommended, vetted and monitored trades and service providers for free.' is present on page 

2020-04-24 09:51:36 - [TEST_STEP][PASSED] - verifyTextPresent("reviews published so far – thank you!", false): Text 'reviews published so far – thank you!' is present on page 

2020-04-24 09:51:37 - [MESSAGE][PASSED] - Text 'reviews published so far – thank you!' is present on page 

2020-04-24 09:51:37 - [TEST_STEP][PASSED] - verifyTextPresent("I need a trade or service", false): Text 'I need a trade or service' is present on page 

2020-04-24 09:51:40 - [MESSAGE][PASSED] - Text 'I need a trade or service' is present on page 

2020-04-24 09:51:40 - [TEST_STEP][PASSED] - verifyTextPresent("Every trader thoroughly checked and vetted", false): Text 'Every trader thoroughly checked and vetted' is present on page 

2020-04-24 09:51:41 - [MESSAGE][PASSED] - Text 'Every trader thoroughly checked and vetted' is present on page 

2020-04-24 09:51:41 - [TEST_STEP][PASSED] - "------------------------------------": null

2020-04-24 09:51:41 - [TEST_STEP][PASSED] - verifyTextPresent("reviews published so far – thank you!", false): Text 'reviews published so far – thank you!' is present on page 

2020-04-24 09:51:43 - [MESSAGE][PASSED] - Text 'reviews published so far – thank you!' is present on page 

2020-04-24 09:51:43 - [TEST_STEP][PASSED] - verifyTextPresent("Find out more", false): Text 'Find out more' is present on page 

2020-04-24 09:51:44 - [MESSAGE][PASSED] - Text 'Find out more' is present on page 

2020-04-24 09:51:44 - [TEST_STEP][PASSED] - verifyTextPresent("I am a tradesman", false): Text 'I am a tradesman' is present on page 

2020-04-24 09:51:44 - [MESSAGE][PASSED] - Text 'I am a tradesman' is present on page 

2020-04-24 09:51:44 - [TEST_STEP][PASSED] - verifyTextPresent("Find out more", false): Text 'Find out more' is present on page 

2020-04-24 09:51:46 - [MESSAGE][PASSED] - Text 'Find out more' is present on page 

2020-04-24 09:51:46 - [TEST_STEP][PASSED] - verifyTextPresent("Over a million visits to Checkatrade each month", false): Text 'Over a million visits to Checkatrade each month' is present on page 

2020-04-24 09:51:47 - [MESSAGE][PASSED] - Text 'Over a million visits to Checkatrade each month' is present on page 

2020-04-24 09:51:47 - [MESSAGE][PASSED] - Call Test Case 'Test Cases/Reusable_Test_Sequences/CAT_Home' successfully

2020-04-24 09:51:47 - [TEST_STEP][PASSED] - "---------------------------------------------------------------------": null

2020-04-24 09:51:47 - [TEST_STEP][PASSED] - " Select Search on Trader Name (or ID) From Home page/Search Screen   |": null

2020-04-24 09:51:47 - [TEST_STEP][PASSED] - callTestCase(findTestCase("Reusable_Test_Sequences/CAT_Click_Search_Trade_Name"), [:], STOP_ON_FAILURE): Call Test Case 'Test Cases/Reusable_Test_Sequences/CAT_Click_Search_Trade_Name' successfully

2020-04-24 09:51:47 - [TEST_CASE][PASSED] - Test Cases/Reusable_Test_Sequences/CAT_Click_Search_Trade_Name: Test Cases/Reusable_Test_Sequences/CAT_Click_Search_Trade_Name

2020-04-24 09:51:47 - [TEST_STEP][PASSED] - waitForPageLoad(60): Wait for page load successfully

2020-04-24 09:51:47 - [MESSAGE][PASSED] - Wait for page load successfully

2020-04-24 09:51:47 - [TEST_STEP][PASSED] - if (Website_Version != "new"): Object: 'Object Repository/Page_Checkatrade Find a tradesperson you can trust/a_or look up a member by name' is clicked on

2020-04-24 09:51:47 - [TEST_STEP][PASSED] - waitForElementClickable(findTestObject("Object Repository/Page_Checkatrade Find a tradesperson you can trust/a_or look up a member by name"), 5): Object 'Object Repository/Page_Checkatrade Find a tradesperson you can trust/a_or look up a member by name' is clickable

2020-04-24 09:51:47 - [MESSAGE][PASSED] - Object 'Object Repository/Page_Checkatrade Find a tradesperson you can trust/a_or look up a member by name' is clickable

2020-04-24 09:51:47 - [TEST_STEP][PASSED] - click(findTestObject("Object Repository/Page_Checkatrade Find a tradesperson you can trust/a_or look up a member by name")): Object: 'Object Repository/Page_Checkatrade Find a tradesperson you can trust/a_or look up a member by name' is clicked on

2020-04-24 09:51:48 - [MESSAGE][PASSED] - Object: 'Object Repository/Page_Checkatrade Find a tradesperson you can trust/a_or look up a member by name' is clicked on

2020-04-24 09:51:48 - [TEST_STEP][PASSED] - if (Website_Version != "old"): null

2020-04-24 09:51:48 - [TEST_STEP][PASSED] - waitForPageLoad(60): Wait for page load successfully

2020-04-24 09:51:48 - [MESSAGE][PASSED] - Wait for page load successfully

2020-04-24 09:51:48 - [MESSAGE][PASSED] - Call Test Case 'Test Cases/Reusable_Test_Sequences/CAT_Click_Search_Trade_Name' successfully

2020-04-24 09:51:48 - [TEST_STEP][PASSED] - "---------------------------------------": null

2020-04-24 09:51:48 - [TEST_STEP][PASSED] - " Enter Trader Name (or ID) to Search   |": null

2020-04-24 09:51:48 - [TEST_STEP][PASSED] - callTestCase(findTestCase("Reusable_Test_Sequences/CAT_Enter_Trade_Name"), [:], STOP_ON_FAILURE): Call Test Case 'Test Cases/Reusable_Test_Sequences/CAT_Enter_Trade_Name' successfully

2020-04-24 09:51:48 - [TEST_CASE][PASSED] - Test Cases/Reusable_Test_Sequences/CAT_Enter_Trade_Name: Test Cases/Reusable_Test_Sequences/CAT_Enter_Trade_Name

2020-04-24 09:51:48 - [TEST_STEP][PASSED] - if (Website_Version != "new"): Text '381198' is set on object 'Object Repository/Page_Checkatrade Find a tradesperson you can trust/Trader_Name_To_Search'

2020-04-24 09:51:48 - [TEST_STEP][PASSED] - setText(findTestObject("Page_Checkatrade Find a tradesperson you can trust/Trader_Name_To_Search"), findTestData("Search_CAT_ID_Data (1)").getValue("tradeName", row)): Text '381198' is set on object 'Object Repository/Page_Checkatrade Find a tradesperson you can trust/Trader_Name_To_Search'

2020-04-24 09:51:48 - [MESSAGE][PASSED] - Text '381198' is set on object 'Object Repository/Page_Checkatrade Find a tradesperson you can trust/Trader_Name_To_Search'

2020-04-24 09:51:48 - [TEST_STEP][PASSED] - if (verifyTextNotPresent("Sorry, no results found", false)): null

2020-04-24 09:51:49 - [MESSAGE][PASSED] - Text 'Sorry, no results found' is not present on page

2020-04-24 09:51:49 - [TEST_STEP][PASSED] - markPassed("The Expected Lookup Result(s) ARE being returned by the Lookup Service, AS EXPECTED"): The Expected Lookup Result(s) ARE being returned by the Lookup Service, AS EXPECTED

2020-04-24 09:51:49 - [MESSAGE][PASSED] - The Expected Lookup Result(s) ARE being returned by the Lookup Service, AS EXPECTED

2020-04-24 09:51:49 - [MESSAGE][PASSED] - Call Test Case 'Test Cases/Reusable_Test_Sequences/CAT_Enter_Trade_Name' successfully

2020-04-24 09:51:49 - [TEST_STEP][PASSED] - "---------------------------------------": null

2020-04-24 09:51:49 - [TEST_STEP][PASSED] - " Search Trader Name (or ID)            |": null

2020-04-24 09:51:49 - [TEST_STEP][PASSED] - callTestCase(findTestCase("Reusable_Test_Sequences/CAT_Search_Trade_Name"), [:], STOP_ON_FAILURE): Call Test Case 'Test Cases/Reusable_Test_Sequences/CAT_Search_Trade_Name' successfully

2020-04-24 09:51:50 - [TEST_CASE][PASSED] - Test Cases/Reusable_Test_Sequences/CAT_Search_Trade_Name: Test Cases/Reusable_Test_Sequences/CAT_Search_Trade_Name

2020-04-24 09:51:50 - [TEST_STEP][PASSED] - "Hit Search Trade Person by Name (or CAT ID) after parameters are entered": null

2020-04-24 09:51:50 - [TEST_STEP][PASSED] - waitForPageLoad(60): Wait for page load successfully

2020-04-24 09:51:50 - [MESSAGE][PASSED] - Wait for page load successfully

2020-04-24 09:51:50 - [TEST_STEP][PASSED] - delay(2): Delayed 2 second(s)

2020-04-24 09:51:52 - [MESSAGE][PASSED] - Delayed 2 second(s)

2020-04-24 09:51:52 - [TEST_STEP][PASSED] - if (Website_Version == "new"): null

2020-04-24 09:51:52 - [TEST_STEP][PASSED] - else: Object: 'Object Repository/Page_Checkatrade Find a tradesperson you can trust/span_Trade_Name' is clicked on

2020-04-24 09:51:52 - [TEST_STEP][PASSED] - waitForElementClickable(findTestObject("Page_Checkatrade Find a tradesperson you can trust/span_Trade_Name"), 60): Object 'Object Repository/Page_Checkatrade Find a tradesperson you can trust/span_Trade_Name' is clickable

2020-04-24 09:51:52 - [MESSAGE][PASSED] - Object 'Object Repository/Page_Checkatrade Find a tradesperson you can trust/span_Trade_Name' is clickable

2020-04-24 09:51:52 - [TEST_STEP][PASSED] - click(findTestObject("Page_Checkatrade Find a tradesperson you can trust/span_Trade_Name")): Object: 'Object Repository/Page_Checkatrade Find a tradesperson you can trust/span_Trade_Name' is clicked on

2020-04-24 09:51:57 - [MESSAGE][PASSED] - Object: 'Object Repository/Page_Checkatrade Find a tradesperson you can trust/span_Trade_Name' is clicked on

2020-04-24 09:51:57 - [TEST_STEP][PASSED] - delay(2): Delayed 2 second(s)

2020-04-24 09:51:59 - [MESSAGE][PASSED] - Delayed 2 second(s)

2020-04-24 09:51:59 - [TEST_STEP][PASSED] - waitForPageLoad(60): Wait for page load successfully

2020-04-24 09:52:05 - [MESSAGE][PASSED] - Wait for page load successfully

2020-04-24 09:52:05 - [MESSAGE][PASSED] - Call Test Case 'Test Cases/Reusable_Test_Sequences/CAT_Search_Trade_Name' successfully

2020-04-24 09:52:05 - [TEST_STEP][PASSED] - "------------------------------------------": null

2020-04-24 09:52:05 - [TEST_STEP][PASSED] - " Scroll to Page Footer to Reveal Results  |": null

2020-04-24 09:52:05 - [TEST_STEP][PASSED] - callTestCase(findTestCase("Reusable_Test_Sequences/CAT_Scroll_to_Footer"), [:], CONTINUE_ON_FAILURE): Call Test Case 'Test Cases/Reusable_Test_Sequences/CAT_Scroll_to_Footer' successfully

2020-04-24 09:52:05 - [TEST_CASE][PASSED] - Test Cases/Reusable_Test_Sequences/CAT_Scroll_to_Footer: Test Cases/Reusable_Test_Sequences/CAT_Scroll_to_Footer

2020-04-24 09:52:05 - [TEST_STEP][PASSED] - "-----------------------------------------------------": null

2020-04-24 09:52:05 - [TEST_STEP][PASSED] - " Major changes factored into function 05/12/2019     |": null

2020-04-24 09:52:05 - [TEST_STEP][PASSED] - "-----------------------------------------------------": null

2020-04-24 09:52:05 - [TEST_STEP][PASSED] - "Animation Removed ": null

2020-04-24 09:52:05 - [TEST_STEP][PASSED] - "Scroll - To Footer on the bottom of the page (sometime off the screen) ": null

2020-04-24 09:52:05 - [TEST_STEP][PASSED] - waitForPageLoad(60): Wait for page load successfully

2020-04-24 09:52:05 - [MESSAGE][PASSED] - Wait for page load successfully

2020-04-24 09:52:05 - [TEST_STEP][PASSED] - scrollToPosition(999, 999): Browser is scrolled to position x = 999, y = 999

2020-04-24 09:52:05 - [MESSAGE][PASSED] - Browser is scrolled to position x = 999, y = 999

2020-04-24 09:52:05 - [TEST_STEP][PASSED] - delay(1): Delayed 1 second(s)

2020-04-24 09:52:06 - [MESSAGE][PASSED] - Delayed 1 second(s)

2020-04-24 09:52:06 - [MESSAGE][PASSED] - Call Test Case 'Test Cases/Reusable_Test_Sequences/CAT_Scroll_to_Footer' successfully

2020-04-24 09:52:06 - [TEST_STEP][PASSED] - "------------------------------------------": null

2020-04-24 09:52:06 - [TEST_STEP][PASSED] - " Verify Correct Location is Returned     |": null

2020-04-24 09:52:06 - [TEST_STEP][PASSED] - callTestCase(findTestCase("Reusable_Test_Sequences/CAT_Verification_Location"), [:], CONTINUE_ON_FAILURE): Call Test Case 'Test Cases/Reusable_Test_Sequences/CAT_Verification_Location' successfully

2020-04-24 09:52:06 - [TEST_CASE][PASSED] - Test Cases/Reusable_Test_Sequences/CAT_Verification_Location: Test Cases/Reusable_Test_Sequences/CAT_Verification_Location

2020-04-24 09:52:06 - [TEST_STEP][PASSED] - waitForPageLoad(60): Wait for page load successfully

2020-04-24 09:52:06 - [MESSAGE][PASSED] - Wait for page load successfully

2020-04-24 09:52:06 - [TEST_STEP][PASSED] - verifyTextPresent(findTestData("Search_CAT_ID_Data (1)").getValue("tradeNameLocationVerification", row), false): Text 'Bognor Regis' is present on page 

2020-04-24 09:52:07 - [MESSAGE][PASSED] - Text 'Bognor Regis' is present on page 

2020-04-24 09:52:07 - [MESSAGE][PASSED] - Call Test Case 'Test Cases/Reusable_Test_Sequences/CAT_Verification_Location' successfully

2020-04-24 09:52:07 - [TEST_STEP][PASSED] - "------------------------------------------": null

2020-04-24 09:52:07 - [TEST_STEP][PASSED] - " Verify Primary Contact is Returned     |": null

2020-04-24 09:52:07 - [TEST_STEP][PASSED] - callTestCase(findTestCase("Reusable_Test_Sequences/CAT_Verification_Primary_Contact"), [:], CONTINUE_ON_FAILURE): Call Test Case 'Test Cases/Reusable_Test_Sequences/CAT_Verification_Primary_Contact' successfully

2020-04-24 09:52:07 - [TEST_CASE][PASSED] - Test Cases/Reusable_Test_Sequences/CAT_Verification_Primary_Contact: Test Cases/Reusable_Test_Sequences/CAT_Verification_Primary_Contact

2020-04-24 09:52:07 - [TEST_STEP][PASSED] - verifyTextPresent(findTestData("Search_CAT_ID_Data (1)").getValue("primeContact", row), false): Text 'Mr Scott Heyburn' is present on page 

2020-04-24 09:52:08 - [MESSAGE][PASSED] - Text 'Mr Scott Heyburn' is present on page 

2020-04-24 09:52:08 - [MESSAGE][PASSED] - Call Test Case 'Test Cases/Reusable_Test_Sequences/CAT_Verification_Primary_Contact' successfully

2020-04-24 09:52:08 - [TEST_STEP][PASSED] - "--------------------------": null

2020-04-24 09:52:08 - [TEST_STEP][PASSED] - " Teardown - CLose Browser |": null

2020-04-24 09:52:08 - [TEST_STEP][PASSED] - callTestCase(findTestCase("Reusable_Test_Sequences/CAT_Teardown"), [:], OPTIONAL): Call Test Case 'Test Cases/Reusable_Test_Sequences/CAT_Teardown' successfully

2020-04-24 09:52:08 - [TEST_CASE][PASSED] - Test Cases/Reusable_Test_Sequences/CAT_Teardown: Test Cases/Reusable_Test_Sequences/CAT_Teardown

2020-04-24 09:52:08 - [TEST_STEP][PASSED] - closeBrowser(): Browser is closed

2020-04-24 09:52:10 - [MESSAGE][PASSED] - Browser is closed

2020-04-24 09:52:10 - [TEST_STEP][PASSED] - super.finalize(): null

2020-04-24 09:52:10 - [TEST_STEP][PASSED] - System.gc(): null

2020-04-24 09:52:10 - [MESSAGE][PASSED] - Call Test Case 'Test Cases/Reusable_Test_Sequences/CAT_Teardown' successfully]]></system-out>
         <system-err><![CDATA[]]></system-err>
      </testcase>
      <testcase name="Test Cases/Checkatrade_Tradesman_Searches/Trader_Name_Not_Listed" time="336.321" classname="Test Cases/Checkatrade_Tradesman_Searches/Trader_Name_Not_Listed" status="PASSED">
         <system-out><![CDATA[2020-04-24 09:52:10 - [TEST_CASE][PASSED] - Test Cases/Checkatrade_Tradesman_Searches/Trader_Name_Not_Listed: Test Cases/Checkatrade_Tradesman_Searches/Trader_Name_Not_Listed

2020-04-24 09:52:11 - [TEST_STEP][PASSED] - for ([row = 1, row <= findTestData("Search_CAT_ID_Data_NEG").getRowNumbers(), (internal.GlobalVariable.row++)]): Call Test Case 'Test Cases/Reusable_Test_Sequences/CAT_Teardown' successfully

2020-04-24 09:52:11 - [TEST_STEP][PASSED] - callTestCase(findTestCase("Reusable_Test_Sequences/CAT_Setup"), [:], STOP_ON_FAILURE): Call Test Case 'Test Cases/Reusable_Test_Sequences/CAT_Setup' successfully

2020-04-24 09:52:11 - [TEST_CASE][PASSED] - Test Cases/Reusable_Test_Sequences/CAT_Setup: Test Cases/Reusable_Test_Sequences/CAT_Setup

2020-04-24 09:52:11 - [TEST_STEP][PASSED] - "------------------------------": null

2020-04-24 09:52:11 - [TEST_STEP][PASSED] - " Set Mobile Device Testing    |": null

2020-04-24 09:52:11 - [TEST_STEP][PASSED] - if (Mobile_Flag == "true"): null

2020-04-24 09:52:11 - [TEST_STEP][PASSED] - "------------------------------": null

2020-04-24 09:52:11 - [TEST_STEP][PASSED] - " Set Mobile Device Testing    |": null

2020-04-24 09:52:11 - [TEST_STEP][PASSED] - "------------------------------": null

2020-04-24 09:52:11 - [TEST_STEP][PASSED] - "URL - Set from the ENVIRONMENT PROFILE ": null

2020-04-24 09:52:11 - [TEST_STEP][PASSED] - openBrowser(URL): Browser is opened with url: 'https://www.preview.checkatrade.com/'

2020-04-24 09:52:11 - [MESSAGE][INFO] - Starting 'Firefox' driver

2020-04-24 09:52:11 - [MESSAGE][INFO] - Action delay is set to 0 milliseconds

2020-04-24 09:52:24 - [MESSAGE][PASSED] - Browser is opened with url: 'https://www.preview.checkatrade.com/'

2020-04-24 09:52:24 - [TEST_STEP][PASSED] - maximizeWindow(): Current window maximized

2020-04-24 09:52:24 - [MESSAGE][PASSED] - Current window maximized

2020-04-24 09:52:24 - [TEST_STEP][PASSED] - waitForPageLoad(60): Wait for page load successfully

2020-04-24 09:52:24 - [MESSAGE][PASSED] - Wait for page load successfully

2020-04-24 09:52:24 - [TEST_STEP][PASSED] - "Previous Functionalilty Left Commented For Ease Of reversion": null

2020-04-24 09:52:24 - [TEST_STEP][PASSED] - " Katalon Try/Catches currently have issues? SEE HEADER": null

2020-04-24 09:52:24 - [TEST_STEP][PASSED] - try: Text 'Cookie Policy' is not present on page

2020-04-24 09:52:24 - [TEST_STEP][PASSED] - verifyElementPresent(findTestObject("Object Repository/Cookies/Page_Checkatrade Find a tradesperson you can trust/button_Accept All"), 5, OPTIONAL): Object 'Object Repository/Cookies/Page_Checkatrade Find a tradesperson you can trust/button_Accept All' is present

2020-04-24 09:52:25 - [MESSAGE][PASSED] - Object 'Object Repository/Cookies/Page_Checkatrade Find a tradesperson you can trust/button_Accept All' is present

2020-04-24 09:52:25 - [TEST_STEP][PASSED] - click(findTestObject("Object Repository/Cookies/Page_Checkatrade Find a tradesperson you can trust/button_Accept All"), OPTIONAL): Object: 'Object Repository/Cookies/Page_Checkatrade Find a tradesperson you can trust/button_Accept All' is clicked on

2020-04-24 09:52:26 - [MESSAGE][PASSED] - Object: 'Object Repository/Cookies/Page_Checkatrade Find a tradesperson you can trust/button_Accept All' is clicked on

2020-04-24 09:52:26 - [TEST_STEP][PASSED] - "---------------------------------": null

2020-04-24 09:52:26 - [TEST_STEP][PASSED] - "COOKIE POPOUT REMOVED - Confirmed": null

2020-04-24 09:52:26 - [TEST_STEP][PASSED] - delay(1): Delayed 1 second(s)

2020-04-24 09:52:27 - [MESSAGE][PASSED] - Delayed 1 second(s)

2020-04-24 09:52:27 - [TEST_STEP][PASSED] - verifyTextNotPresent("We use cookies to personalise content and ads, to provide social media features and to analyse our traffic", false): Text 'We use cookies to personalise content and ads, to provide social media features and to analyse our traffic' is not present on page

2020-04-24 09:52:28 - [MESSAGE][PASSED] - Text 'We use cookies to personalise content and ads, to provide social media features and to analyse our traffic' is not present on page

2020-04-24 09:52:28 - [TEST_STEP][PASSED] - verifyTextNotPresent(" We also share information about your use of our site with our social media, advertising and analytics partners", false): Text ' We also share information about your use of our site with our social media, advertising and analytics partners' is not present on page

2020-04-24 09:52:29 - [MESSAGE][PASSED] - Text ' We also share information about your use of our site with our social media, advertising and analytics partners' is not present on page

2020-04-24 09:52:29 - [TEST_STEP][PASSED] - verifyTextNotPresent("Cookie Policy", false): Text 'Cookie Policy' is not present on page

2020-04-24 09:52:29 - [MESSAGE][PASSED] - Text 'Cookie Policy' is not present on page

2020-04-24 09:52:29 - [TEST_STEP][PASSED] - waitForPageLoad(60): Wait for page load successfully

2020-04-24 09:52:29 - [MESSAGE][PASSED] - Wait for page load successfully

2020-04-24 09:52:29 - [TEST_STEP][PASSED] - "COOKIE - ORIGINAL": null

2020-04-24 09:52:29 - [TEST_STEP][PASSED] - if (waitForElementVisible(findTestObject("Object Repository/Feedback/Page_Checkatrade Give your feedback/input_Member_to_Review"), 5)): Web element with id: 'Object Repository/Feedback/Page_Checkatrade Give your feedback/input_Member_to_Review' located by 'By.xpath: //input[@id='feedback-form__company_autocomplete_input']' not found

2020-04-24 09:52:35 - [MESSAGE][INFO] - Unable to find the element located by 'By.xpath: //input[@id='feedback-form__company_autocomplete_input']'. Please recheck the objects properties to make sure the desired element is located. 

2020-04-24 09:52:35 - [MESSAGE][WARNING] - Web element with id: 'Object Repository/Feedback/Page_Checkatrade Give your feedback/input_Member_to_Review' located by 'By.xpath: //input[@id='feedback-form__company_autocomplete_input']' not found

2020-04-24 09:52:35 - [TEST_STEP][PASSED] - else: The <<<OLD>>> Website was detected by the STARTUP Process

2020-04-24 09:52:35 - [TEST_STEP][PASSED] - if (!(verifyElementVisible(findTestObject("Object Repository/Checkatrade_Trade_Search_Page/Page_Checkatrade Find a tradesperson you can trust/input_Search_Button_FF")))): Object 'Object Repository/Checkatrade_Trade_Search_Page/Page_Checkatrade Find a tradesperson you can trust/input_Search_Button_FF' is visible

2020-04-24 09:52:35 - [MESSAGE][PASSED] - Object 'Object Repository/Checkatrade_Trade_Search_Page/Page_Checkatrade Find a tradesperson you can trust/input_Search_Button_FF' is visible

2020-04-24 09:52:35 - [TEST_STEP][PASSED] - else: The <<<OLD>>> Website was detected by the STARTUP Process

2020-04-24 09:52:35 - [TEST_STEP][PASSED] - Website_Version = "old": null

2020-04-24 09:52:35 - [TEST_STEP][PASSED] - logInfo("The <<<OLD>>> Website was detected by the STARTUP Process"): The <<<OLD>>> Website was detected by the STARTUP Process

2020-04-24 09:52:35 - [MESSAGE][INFO] - The <<<OLD>>> Website was detected by the STARTUP Process

2020-04-24 09:52:35 - [MESSAGE][PASSED] - Call Test Case 'Test Cases/Reusable_Test_Sequences/CAT_Setup' successfully

2020-04-24 09:52:35 - [TEST_STEP][PASSED] - " Home Page validation Checks after COOKIE Dispelled": null

2020-04-24 09:52:35 - [TEST_STEP][PASSED] - "---------------------------------------------------------------------": null

2020-04-24 09:52:35 - [TEST_STEP][PASSED] - " Select Search on Trader Name (or ID) From Home page/Search Screen   |": null

2020-04-24 09:52:35 - [TEST_STEP][PASSED] - callTestCase(findTestCase("Reusable_Test_Sequences/CAT_Click_Search_Trade_Name"), [:], STOP_ON_FAILURE): Call Test Case 'Test Cases/Reusable_Test_Sequences/CAT_Click_Search_Trade_Name' successfully

2020-04-24 09:52:35 - [TEST_CASE][PASSED] - Test Cases/Reusable_Test_Sequences/CAT_Click_Search_Trade_Name: Test Cases/Reusable_Test_Sequences/CAT_Click_Search_Trade_Name

2020-04-24 09:52:35 - [TEST_STEP][PASSED] - waitForPageLoad(60): Wait for page load successfully

2020-04-24 09:52:35 - [MESSAGE][PASSED] - Wait for page load successfully

2020-04-24 09:52:35 - [TEST_STEP][PASSED] - if (Website_Version != "new"): Object: 'Object Repository/Page_Checkatrade Find a tradesperson you can trust/a_or look up a member by name' is clicked on

2020-04-24 09:52:35 - [TEST_STEP][PASSED] - waitForElementClickable(findTestObject("Object Repository/Page_Checkatrade Find a tradesperson you can trust/a_or look up a member by name"), 5): Object 'Object Repository/Page_Checkatrade Find a tradesperson you can trust/a_or look up a member by name' is clickable

2020-04-24 09:52:35 - [MESSAGE][PASSED] - Object 'Object Repository/Page_Checkatrade Find a tradesperson you can trust/a_or look up a member by name' is clickable

2020-04-24 09:52:35 - [TEST_STEP][PASSED] - click(findTestObject("Object Repository/Page_Checkatrade Find a tradesperson you can trust/a_or look up a member by name")): Object: 'Object Repository/Page_Checkatrade Find a tradesperson you can trust/a_or look up a member by name' is clicked on

2020-04-24 09:52:36 - [MESSAGE][PASSED] - Object: 'Object Repository/Page_Checkatrade Find a tradesperson you can trust/a_or look up a member by name' is clicked on

2020-04-24 09:52:36 - [TEST_STEP][PASSED] - if (Website_Version != "old"): null

2020-04-24 09:52:36 - [TEST_STEP][PASSED] - waitForPageLoad(60): Wait for page load successfully

2020-04-24 09:52:36 - [MESSAGE][PASSED] - Wait for page load successfully

2020-04-24 09:52:36 - [MESSAGE][PASSED] - Call Test Case 'Test Cases/Reusable_Test_Sequences/CAT_Click_Search_Trade_Name' successfully

2020-04-24 09:52:36 - [TEST_STEP][PASSED] - "---------------------------------------": null

2020-04-24 09:52:36 - [TEST_STEP][PASSED] - " Enter Trader Name (or ID) to Search   |": null

2020-04-24 09:52:36 - [TEST_STEP][PASSED] - callTestCase(findTestCase("Reusable_Test_Sequences/CAT_Enter_Trade_Name_NEG"), [:], STOP_ON_FAILURE): Call Test Case 'Test Cases/Reusable_Test_Sequences/CAT_Enter_Trade_Name_NEG' successfully

2020-04-24 09:52:36 - [TEST_CASE][PASSED] - Test Cases/Reusable_Test_Sequences/CAT_Enter_Trade_Name_NEG: Test Cases/Reusable_Test_Sequences/CAT_Enter_Trade_Name_NEG

2020-04-24 09:52:37 - [TEST_STEP][PASSED] - if (Website_Version != "new"): Text 'Glazing Solubtions' is set on object 'Object Repository/Page_Checkatrade Find a tradesperson you can trust/Trader_Name_To_Search'

2020-04-24 09:52:37 - [TEST_STEP][PASSED] - waitForElementClickable(findTestObject("Object Repository/Page_Checkatrade Find a tradesperson you can trust/Trader_Name_To_Search"), 5): Object 'Object Repository/Page_Checkatrade Find a tradesperson you can trust/Trader_Name_To_Search' is clickable

2020-04-24 09:52:37 - [MESSAGE][PASSED] - Object 'Object Repository/Page_Checkatrade Find a tradesperson you can trust/Trader_Name_To_Search' is clickable

2020-04-24 09:52:37 - [TEST_STEP][PASSED] - setText(findTestObject("Object Repository/Page_Checkatrade Find a tradesperson you can trust/Trader_Name_To_Search"), findTestData("Search_CAT_ID_Data_NEG").getValue("tradeName", row)): Text 'Glazing Solubtions' is set on object 'Object Repository/Page_Checkatrade Find a tradesperson you can trust/Trader_Name_To_Search'

2020-04-24 09:52:37 - [MESSAGE][PASSED] - Text 'Glazing Solubtions' is set on object 'Object Repository/Page_Checkatrade Find a tradesperson you can trust/Trader_Name_To_Search'

2020-04-24 09:52:37 - [MESSAGE][PASSED] - Call Test Case 'Test Cases/Reusable_Test_Sequences/CAT_Enter_Trade_Name_NEG' successfully

2020-04-24 09:52:37 - [TEST_STEP][PASSED] - "---------------------------------------": null

2020-04-24 09:52:37 - [TEST_STEP][PASSED] - " Search Trader Name (or ID)            |": null

2020-04-24 09:52:37 - [TEST_STEP][PASSED] - "---------------------------------------": null

2020-04-24 09:52:37 - [TEST_STEP][PASSED] - "---------------------------------------": null

2020-04-24 09:52:37 - [TEST_STEP][PASSED] - " Expected ERROR Reported               |": null

2020-04-24 09:52:37 - [TEST_STEP][PASSED] - callTestCase(findTestCase("Reusable_Test_Sequences/CAT_Search_Tradename_Not_Returned"), [:], CONTINUE_ON_FAILURE): Call Test Case 'Test Cases/Reusable_Test_Sequences/CAT_Search_Tradename_Not_Returned' successfully

2020-04-24 09:52:37 - [TEST_CASE][PASSED] - Test Cases/Reusable_Test_Sequences/CAT_Search_Tradename_Not_Returned: Test Cases/Reusable_Test_Sequences/CAT_Search_Tradename_Not_Returned

2020-04-24 09:52:38 - [TEST_STEP][PASSED] - "For later Extension": null

2020-04-24 09:52:38 - [TEST_STEP][PASSED] - "--------------------------------": null

2020-04-24 09:52:38 - [TEST_STEP][PASSED] - " Verify Sorry and Not Here Link |": null

2020-04-24 09:52:38 - [TEST_STEP][PASSED] - delay(1): Delayed 1 second(s)

2020-04-24 09:52:39 - [MESSAGE][PASSED] - Delayed 1 second(s)

2020-04-24 09:52:39 - [TEST_STEP][PASSED] - waitForPageLoad(60): Wait for page load successfully

2020-04-24 09:52:39 - [MESSAGE][PASSED] - Wait for page load successfully

2020-04-24 09:52:39 - [TEST_STEP][PASSED] - verifyElementPresent(findTestObject("Page_Checkatrade Find a tradesperson you can trust/a_or look up a member by name"), 10): Object 'Object Repository/Page_Checkatrade Find a tradesperson you can trust/a_or look up a member by name' is present

2020-04-24 09:52:39 - [MESSAGE][PASSED] - Object 'Object Repository/Page_Checkatrade Find a tradesperson you can trust/a_or look up a member by name' is present

2020-04-24 09:52:39 - [TEST_STEP][PASSED] - verifyTextPresent("Sorry, no results found", false): Text 'Sorry, no results found' is present on page 

2020-04-24 09:52:41 - [MESSAGE][PASSED] - Text 'Sorry, no results found' is present on page 

2020-04-24 09:52:41 - [TEST_STEP][PASSED] - verifyTextPresent("Not here", false): Text 'Not here' is present on page 

2020-04-24 09:52:41 - [MESSAGE][PASSED] - Text 'Not here' is present on page 

2020-04-24 09:52:41 - [TEST_STEP][PASSED] - "--------------------------------": null

2020-04-24 09:52:41 - [TEST_STEP][PASSED] - " Navigate Not Here Link         |": null

2020-04-24 09:52:41 - [TEST_STEP][PASSED] - waitForElementClickable(findTestObject("Object Repository/Page_Checkatrade Find a tradesperson you can trust/a_Not here"), 10): Object 'Object Repository/Page_Checkatrade Find a tradesperson you can trust/a_Not here' is clickable

2020-04-24 09:52:42 - [MESSAGE][PASSED] - Object 'Object Repository/Page_Checkatrade Find a tradesperson you can trust/a_Not here' is clickable

2020-04-24 09:52:42 - [TEST_STEP][PASSED] - click(findTestObject("Object Repository/Page_Checkatrade Find a tradesperson you can trust/a_Not here")): Object: 'Object Repository/Page_Checkatrade Find a tradesperson you can trust/a_Not here' is clicked on

2020-04-24 09:52:45 - [MESSAGE][PASSED] - Object: 'Object Repository/Page_Checkatrade Find a tradesperson you can trust/a_Not here' is clicked on

2020-04-24 09:52:45 - [TEST_STEP][PASSED] - "--------------------------------": null

2020-04-24 09:52:45 - [TEST_STEP][PASSED] - " Verify Returned Page           |": null

2020-04-24 09:52:45 - [TEST_STEP][PASSED] - "--------------------------------": null

2020-04-24 09:52:45 - [TEST_STEP][PASSED] - delay(3): Delayed 3 second(s)

2020-04-24 09:52:48 - [MESSAGE][PASSED] - Delayed 3 second(s)

2020-04-24 09:52:48 - [TEST_STEP][PASSED] - waitForPageLoad(60): Wait for page load successfully

2020-04-24 09:52:48 - [MESSAGE][PASSED] - Wait for page load successfully

2020-04-24 09:52:48 - [TEST_STEP][PASSED] - waitForElementClickable(findTestObject("Object Repository/Page_Checkatrade Find a tradesperson you can trust/link_Give_Your_Feedback"), 25): Object 'Object Repository/Page_Checkatrade Find a tradesperson you can trust/link_Give_Your_Feedback' is clickable

2020-04-24 09:52:48 - [MESSAGE][PASSED] - Object 'Object Repository/Page_Checkatrade Find a tradesperson you can trust/link_Give_Your_Feedback' is clickable

2020-04-24 09:52:48 - [TEST_STEP][PASSED] - verifyTextPresent("Company not listed?", false): Text 'Company not listed?' is present on page 

2020-04-24 09:52:48 - [MESSAGE][PASSED] - Text 'Company not listed?' is present on page 

2020-04-24 09:52:48 - [TEST_STEP][PASSED] - verifyTextPresent("If you are considering employing a particular company but cannot find them in our list of members", false): Text 'If you are considering employing a particular company but cannot find them in our list of members' is present on page 

2020-04-24 09:52:49 - [MESSAGE][PASSED] - Text 'If you are considering employing a particular company but cannot find them in our list of members' is present on page 

2020-04-24 09:52:49 - [TEST_STEP][PASSED] - verifyTextPresent("it may be because they are not a member of Checkatrade", false): Text 'it may be because they are not a member of Checkatrade' is present on page 

2020-04-24 09:52:49 - [MESSAGE][PASSED] - Text 'it may be because they are not a member of Checkatrade' is present on page 

2020-04-24 09:52:49 - [TEST_STEP][PASSED] - verifyTextPresent("If you would like to recommend a company to us, please give your feedback", false): Text 'If you would like to recommend a company to us, please give your feedback' is present on page 

2020-04-24 09:52:49 - [MESSAGE][PASSED] - Text 'If you would like to recommend a company to us, please give your feedback' is present on page 

2020-04-24 09:52:49 - [TEST_STEP][PASSED] - verifyTextPresent("If you would like help searching for a company, please call 0333 0146 190", false): Text 'If you would like help searching for a company, please call 0333 0146 190' is present on page 

2020-04-24 09:52:49 - [MESSAGE][PASSED] - Text 'If you would like help searching for a company, please call 0333 0146 190' is present on page 

2020-04-24 09:52:49 - [TEST_STEP][PASSED] - "----------------------------------------": null

2020-04-24 09:52:49 - [TEST_STEP][PASSED] - "----------------------------------------": null

2020-04-24 09:52:49 - [TEST_STEP][PASSED] - "Give Feedback Link NOT CHECKED Here     |": null

2020-04-24 09:52:49 - [TEST_STEP][PASSED] - System.gc(): null

2020-04-24 09:52:50 - [MESSAGE][PASSED] - Call Test Case 'Test Cases/Reusable_Test_Sequences/CAT_Search_Tradename_Not_Returned' successfully

2020-04-24 09:52:50 - [TEST_STEP][PASSED] - "--------------------------": null

2020-04-24 09:52:50 - [TEST_STEP][PASSED] - " Teardown - CLose Browser |": null

2020-04-24 09:52:50 - [TEST_STEP][PASSED] - callTestCase(findTestCase("Reusable_Test_Sequences/CAT_Teardown"), [:], OPTIONAL): Call Test Case 'Test Cases/Reusable_Test_Sequences/CAT_Teardown' successfully

2020-04-24 09:52:50 - [TEST_CASE][PASSED] - Test Cases/Reusable_Test_Sequences/CAT_Teardown: Test Cases/Reusable_Test_Sequences/CAT_Teardown

2020-04-24 09:52:50 - [TEST_STEP][PASSED] - closeBrowser(): Browser is closed

2020-04-24 09:52:52 - [MESSAGE][PASSED] - Browser is closed

2020-04-24 09:52:52 - [TEST_STEP][PASSED] - super.finalize(): null

2020-04-24 09:52:52 - [TEST_STEP][PASSED] - System.gc(): null

2020-04-24 09:52:52 - [MESSAGE][PASSED] - Call Test Case 'Test Cases/Reusable_Test_Sequences/CAT_Teardown' successfully

2020-04-24 09:52:52 - [TEST_STEP][PASSED] - callTestCase(findTestCase("Reusable_Test_Sequences/CAT_Setup"), [:], STOP_ON_FAILURE): Call Test Case 'Test Cases/Reusable_Test_Sequences/CAT_Setup' successfully

2020-04-24 09:52:52 - [TEST_CASE][PASSED] - Test Cases/Reusable_Test_Sequences/CAT_Setup: Test Cases/Reusable_Test_Sequences/CAT_Setup

2020-04-24 09:52:52 - [TEST_STEP][PASSED] - "------------------------------": null

2020-04-24 09:52:52 - [TEST_STEP][PASSED] - " Set Mobile Device Testing    |": null

2020-04-24 09:52:52 - [TEST_STEP][PASSED] - if (Mobile_Flag == "true"): null

2020-04-24 09:52:52 - [TEST_STEP][PASSED] - "------------------------------": null

2020-04-24 09:52:52 - [TEST_STEP][PASSED] - " Set Mobile Device Testing    |": null

2020-04-24 09:52:52 - [TEST_STEP][PASSED] - "------------------------------": null

2020-04-24 09:52:52 - [TEST_STEP][PASSED] - "URL - Set from the ENVIRONMENT PROFILE ": null

2020-04-24 09:52:52 - [TEST_STEP][PASSED] - openBrowser(URL): Browser is opened with url: 'https://www.preview.checkatrade.com/'

2020-04-24 09:52:52 - [MESSAGE][INFO] - Starting 'Firefox' driver

2020-04-24 09:52:52 - [MESSAGE][INFO] - Action delay is set to 0 milliseconds

2020-04-24 09:53:09 - [MESSAGE][PASSED] - Browser is opened with url: 'https://www.preview.checkatrade.com/'

2020-04-24 09:53:09 - [TEST_STEP][PASSED] - maximizeWindow(): Current window maximized

2020-04-24 09:53:09 - [MESSAGE][PASSED] - Current window maximized

2020-04-24 09:53:09 - [TEST_STEP][PASSED] - waitForPageLoad(60): Wait for page load successfully

2020-04-24 09:53:10 - [MESSAGE][PASSED] - Wait for page load successfully

2020-04-24 09:53:10 - [TEST_STEP][PASSED] - "Previous Functionalilty Left Commented For Ease Of reversion": null

2020-04-24 09:53:10 - [TEST_STEP][PASSED] - " Katalon Try/Catches currently have issues? SEE HEADER": null

2020-04-24 09:53:10 - [TEST_STEP][PASSED] - try: Text 'Cookie Policy' is not present on page

2020-04-24 09:53:10 - [TEST_STEP][PASSED] - verifyElementPresent(findTestObject("Object Repository/Cookies/Page_Checkatrade Find a tradesperson you can trust/button_Accept All"), 5, OPTIONAL): Object 'Object Repository/Cookies/Page_Checkatrade Find a tradesperson you can trust/button_Accept All' is present

2020-04-24 09:53:10 - [MESSAGE][PASSED] - Object 'Object Repository/Cookies/Page_Checkatrade Find a tradesperson you can trust/button_Accept All' is present

2020-04-24 09:53:10 - [TEST_STEP][PASSED] - click(findTestObject("Object Repository/Cookies/Page_Checkatrade Find a tradesperson you can trust/button_Accept All"), OPTIONAL): Object: 'Object Repository/Cookies/Page_Checkatrade Find a tradesperson you can trust/button_Accept All' is clicked on

2020-04-24 09:53:10 - [MESSAGE][PASSED] - Object: 'Object Repository/Cookies/Page_Checkatrade Find a tradesperson you can trust/button_Accept All' is clicked on

2020-04-24 09:53:10 - [TEST_STEP][PASSED] - "---------------------------------": null

2020-04-24 09:53:10 - [TEST_STEP][PASSED] - "COOKIE POPOUT REMOVED - Confirmed": null

2020-04-24 09:53:10 - [TEST_STEP][PASSED] - delay(1): Delayed 1 second(s)

2020-04-24 09:53:11 - [MESSAGE][PASSED] - Delayed 1 second(s)

2020-04-24 09:53:11 - [TEST_STEP][PASSED] - verifyTextNotPresent("We use cookies to personalise content and ads, to provide social media features and to analyse our traffic", false): Text 'We use cookies to personalise content and ads, to provide social media features and to analyse our traffic' is not present on page

2020-04-24 09:53:13 - [MESSAGE][PASSED] - Text 'We use cookies to personalise content and ads, to provide social media features and to analyse our traffic' is not present on page

2020-04-24 09:53:13 - [TEST_STEP][PASSED] - verifyTextNotPresent(" We also share information about your use of our site with our social media, advertising and analytics partners", false): Text ' We also share information about your use of our site with our social media, advertising and analytics partners' is not present on page

2020-04-24 09:53:14 - [MESSAGE][PASSED] - Text ' We also share information about your use of our site with our social media, advertising and analytics partners' is not present on page

2020-04-24 09:53:14 - [TEST_STEP][PASSED] - verifyTextNotPresent("Cookie Policy", false): Text 'Cookie Policy' is not present on page

2020-04-24 09:53:15 - [MESSAGE][PASSED] - Text 'Cookie Policy' is not present on page

2020-04-24 09:53:15 - [TEST_STEP][PASSED] - waitForPageLoad(60): Wait for page load successfully

2020-04-24 09:53:15 - [MESSAGE][PASSED] - Wait for page load successfully

2020-04-24 09:53:15 - [TEST_STEP][PASSED] - "COOKIE - ORIGINAL": null

2020-04-24 09:53:15 - [TEST_STEP][PASSED] - if (waitForElementVisible(findTestObject("Object Repository/Feedback/Page_Checkatrade Give your feedback/input_Member_to_Review"), 5)): Web element with id: 'Object Repository/Feedback/Page_Checkatrade Give your feedback/input_Member_to_Review' located by 'By.xpath: //input[@id='feedback-form__company_autocomplete_input']' not found

2020-04-24 09:53:20 - [MESSAGE][INFO] - Unable to find the element located by 'By.xpath: //input[@id='feedback-form__company_autocomplete_input']'. Please recheck the objects properties to make sure the desired element is located. 

2020-04-24 09:53:20 - [MESSAGE][WARNING] - Web element with id: 'Object Repository/Feedback/Page_Checkatrade Give your feedback/input_Member_to_Review' located by 'By.xpath: //input[@id='feedback-form__company_autocomplete_input']' not found

2020-04-24 09:53:20 - [TEST_STEP][PASSED] - else: The <<<OLD>>> Website was detected by the STARTUP Process

2020-04-24 09:53:20 - [TEST_STEP][PASSED] - if (!(verifyElementVisible(findTestObject("Object Repository/Checkatrade_Trade_Search_Page/Page_Checkatrade Find a tradesperson you can trust/input_Search_Button_FF")))): Object 'Object Repository/Checkatrade_Trade_Search_Page/Page_Checkatrade Find a tradesperson you can trust/input_Search_Button_FF' is visible

2020-04-24 09:53:21 - [MESSAGE][PASSED] - Object 'Object Repository/Checkatrade_Trade_Search_Page/Page_Checkatrade Find a tradesperson you can trust/input_Search_Button_FF' is visible

2020-04-24 09:53:21 - [TEST_STEP][PASSED] - else: The <<<OLD>>> Website was detected by the STARTUP Process

2020-04-24 09:53:21 - [TEST_STEP][PASSED] - Website_Version = "old": null

2020-04-24 09:53:21 - [TEST_STEP][PASSED] - logInfo("The <<<OLD>>> Website was detected by the STARTUP Process"): The <<<OLD>>> Website was detected by the STARTUP Process

2020-04-24 09:53:21 - [MESSAGE][INFO] - The <<<OLD>>> Website was detected by the STARTUP Process

2020-04-24 09:53:21 - [MESSAGE][PASSED] - Call Test Case 'Test Cases/Reusable_Test_Sequences/CAT_Setup' successfully

2020-04-24 09:53:21 - [TEST_STEP][PASSED] - " Home Page validation Checks after COOKIE Dispelled": null

2020-04-24 09:53:21 - [TEST_STEP][PASSED] - "---------------------------------------------------------------------": null

2020-04-24 09:53:21 - [TEST_STEP][PASSED] - " Select Search on Trader Name (or ID) From Home page/Search Screen   |": null

2020-04-24 09:53:21 - [TEST_STEP][PASSED] - callTestCase(findTestCase("Reusable_Test_Sequences/CAT_Click_Search_Trade_Name"), [:], STOP_ON_FAILURE): Call Test Case 'Test Cases/Reusable_Test_Sequences/CAT_Click_Search_Trade_Name' successfully

2020-04-24 09:53:21 - [TEST_CASE][PASSED] - Test Cases/Reusable_Test_Sequences/CAT_Click_Search_Trade_Name: Test Cases/Reusable_Test_Sequences/CAT_Click_Search_Trade_Name

2020-04-24 09:53:21 - [TEST_STEP][PASSED] - waitForPageLoad(60): Wait for page load successfully

2020-04-24 09:53:21 - [MESSAGE][PASSED] - Wait for page load successfully

2020-04-24 09:53:21 - [TEST_STEP][PASSED] - if (Website_Version != "new"): Object: 'Object Repository/Page_Checkatrade Find a tradesperson you can trust/a_or look up a member by name' is clicked on

2020-04-24 09:53:21 - [TEST_STEP][PASSED] - waitForElementClickable(findTestObject("Object Repository/Page_Checkatrade Find a tradesperson you can trust/a_or look up a member by name"), 5): Object 'Object Repository/Page_Checkatrade Find a tradesperson you can trust/a_or look up a member by name' is clickable

2020-04-24 09:53:21 - [MESSAGE][PASSED] - Object 'Object Repository/Page_Checkatrade Find a tradesperson you can trust/a_or look up a member by name' is clickable

2020-04-24 09:53:21 - [TEST_STEP][PASSED] - click(findTestObject("Object Repository/Page_Checkatrade Find a tradesperson you can trust/a_or look up a member by name")): Object: 'Object Repository/Page_Checkatrade Find a tradesperson you can trust/a_or look up a member by name' is clicked on

2020-04-24 09:53:21 - [MESSAGE][PASSED] - Object: 'Object Repository/Page_Checkatrade Find a tradesperson you can trust/a_or look up a member by name' is clicked on

2020-04-24 09:53:21 - [TEST_STEP][PASSED] - if (Website_Version != "old"): null

2020-04-24 09:53:21 - [TEST_STEP][PASSED] - waitForPageLoad(60): Wait for page load successfully

2020-04-24 09:53:21 - [MESSAGE][PASSED] - Wait for page load successfully

2020-04-24 09:53:21 - [MESSAGE][PASSED] - Call Test Case 'Test Cases/Reusable_Test_Sequences/CAT_Click_Search_Trade_Name' successfully

2020-04-24 09:53:21 - [TEST_STEP][PASSED] - "---------------------------------------": null

2020-04-24 09:53:21 - [TEST_STEP][PASSED] - " Enter Trader Name (or ID) to Search   |": null

2020-04-24 09:53:21 - [TEST_STEP][PASSED] - callTestCase(findTestCase("Reusable_Test_Sequences/CAT_Enter_Trade_Name_NEG"), [:], STOP_ON_FAILURE): Call Test Case 'Test Cases/Reusable_Test_Sequences/CAT_Enter_Trade_Name_NEG' successfully

2020-04-24 09:53:22 - [TEST_CASE][PASSED] - Test Cases/Reusable_Test_Sequences/CAT_Enter_Trade_Name_NEG: Test Cases/Reusable_Test_Sequences/CAT_Enter_Trade_Name_NEG

2020-04-24 09:53:22 - [TEST_STEP][PASSED] - if (Website_Version != "new"): Text '3811989' is set on object 'Object Repository/Page_Checkatrade Find a tradesperson you can trust/Trader_Name_To_Search'

2020-04-24 09:53:22 - [TEST_STEP][PASSED] - waitForElementClickable(findTestObject("Object Repository/Page_Checkatrade Find a tradesperson you can trust/Trader_Name_To_Search"), 5): Object 'Object Repository/Page_Checkatrade Find a tradesperson you can trust/Trader_Name_To_Search' is clickable

2020-04-24 09:53:22 - [MESSAGE][PASSED] - Object 'Object Repository/Page_Checkatrade Find a tradesperson you can trust/Trader_Name_To_Search' is clickable

2020-04-24 09:53:22 - [TEST_STEP][PASSED] - setText(findTestObject("Object Repository/Page_Checkatrade Find a tradesperson you can trust/Trader_Name_To_Search"), findTestData("Search_CAT_ID_Data_NEG").getValue("tradeName", row)): Text '3811989' is set on object 'Object Repository/Page_Checkatrade Find a tradesperson you can trust/Trader_Name_To_Search'

2020-04-24 09:53:22 - [MESSAGE][PASSED] - Text '3811989' is set on object 'Object Repository/Page_Checkatrade Find a tradesperson you can trust/Trader_Name_To_Search'

2020-04-24 09:53:22 - [MESSAGE][PASSED] - Call Test Case 'Test Cases/Reusable_Test_Sequences/CAT_Enter_Trade_Name_NEG' successfully

2020-04-24 09:53:22 - [TEST_STEP][PASSED] - "---------------------------------------": null

2020-04-24 09:53:22 - [TEST_STEP][PASSED] - " Search Trader Name (or ID)            |": null

2020-04-24 09:53:22 - [TEST_STEP][PASSED] - "---------------------------------------": null

2020-04-24 09:53:22 - [TEST_STEP][PASSED] - "---------------------------------------": null

2020-04-24 09:53:22 - [TEST_STEP][PASSED] - " Expected ERROR Reported               |": null

2020-04-24 09:53:22 - [TEST_STEP][PASSED] - callTestCase(findTestCase("Reusable_Test_Sequences/CAT_Search_Tradename_Not_Returned"), [:], CONTINUE_ON_FAILURE): Call Test Case 'Test Cases/Reusable_Test_Sequences/CAT_Search_Tradename_Not_Returned' successfully

2020-04-24 09:53:22 - [TEST_CASE][PASSED] - Test Cases/Reusable_Test_Sequences/CAT_Search_Tradename_Not_Returned: Test Cases/Reusable_Test_Sequences/CAT_Search_Tradename_Not_Returned

2020-04-24 09:53:22 - [TEST_STEP][PASSED] - "For later Extension": null

2020-04-24 09:53:22 - [TEST_STEP][PASSED] - "--------------------------------": null

2020-04-24 09:53:22 - [TEST_STEP][PASSED] - " Verify Sorry and Not Here Link |": null

2020-04-24 09:53:22 - [TEST_STEP][PASSED] - delay(1): Delayed 1 second(s)

2020-04-24 09:53:23 - [MESSAGE][PASSED] - Delayed 1 second(s)

2020-04-24 09:53:23 - [TEST_STEP][PASSED] - waitForPageLoad(60): Wait for page load successfully

2020-04-24 09:53:23 - [MESSAGE][PASSED] - Wait for page load successfully

2020-04-24 09:53:23 - [TEST_STEP][PASSED] - verifyElementPresent(findTestObject("Page_Checkatrade Find a tradesperson you can trust/a_or look up a member by name"), 10): Object 'Object Repository/Page_Checkatrade Find a tradesperson you can trust/a_or look up a member by name' is present

2020-04-24 09:53:23 - [MESSAGE][PASSED] - Object 'Object Repository/Page_Checkatrade Find a tradesperson you can trust/a_or look up a member by name' is present

2020-04-24 09:53:23 - [TEST_STEP][PASSED] - verifyTextPresent("Sorry, no results found", false): Text 'Sorry, no results found' is present on page 

2020-04-24 09:53:24 - [MESSAGE][PASSED] - Text 'Sorry, no results found' is present on page 

2020-04-24 09:53:24 - [TEST_STEP][PASSED] - verifyTextPresent("Not here", false): Text 'Not here' is present on page 

2020-04-24 09:53:25 - [MESSAGE][PASSED] - Text 'Not here' is present on page 

2020-04-24 09:53:25 - [TEST_STEP][PASSED] - "--------------------------------": null

2020-04-24 09:53:25 - [TEST_STEP][PASSED] - " Navigate Not Here Link         |": null

2020-04-24 09:53:25 - [TEST_STEP][PASSED] - waitForElementClickable(findTestObject("Object Repository/Page_Checkatrade Find a tradesperson you can trust/a_Not here"), 10): Object 'Object Repository/Page_Checkatrade Find a tradesperson you can trust/a_Not here' is clickable

2020-04-24 09:53:25 - [MESSAGE][PASSED] - Object 'Object Repository/Page_Checkatrade Find a tradesperson you can trust/a_Not here' is clickable

2020-04-24 09:53:25 - [TEST_STEP][PASSED] - click(findTestObject("Object Repository/Page_Checkatrade Find a tradesperson you can trust/a_Not here")): Object: 'Object Repository/Page_Checkatrade Find a tradesperson you can trust/a_Not here' is clicked on

2020-04-24 09:53:30 - [MESSAGE][PASSED] - Object: 'Object Repository/Page_Checkatrade Find a tradesperson you can trust/a_Not here' is clicked on

2020-04-24 09:53:30 - [TEST_STEP][PASSED] - "--------------------------------": null

2020-04-24 09:53:30 - [TEST_STEP][PASSED] - " Verify Returned Page           |": null

2020-04-24 09:53:30 - [TEST_STEP][PASSED] - "--------------------------------": null

2020-04-24 09:53:30 - [TEST_STEP][PASSED] - delay(3): Delayed 3 second(s)

2020-04-24 09:53:33 - [MESSAGE][PASSED] - Delayed 3 second(s)

2020-04-24 09:53:33 - [TEST_STEP][PASSED] - waitForPageLoad(60): Wait for page load successfully

2020-04-24 09:53:33 - [MESSAGE][PASSED] - Wait for page load successfully

2020-04-24 09:53:33 - [TEST_STEP][PASSED] - waitForElementClickable(findTestObject("Object Repository/Page_Checkatrade Find a tradesperson you can trust/link_Give_Your_Feedback"), 25): Object 'Object Repository/Page_Checkatrade Find a tradesperson you can trust/link_Give_Your_Feedback' is clickable

2020-04-24 09:53:33 - [MESSAGE][PASSED] - Object 'Object Repository/Page_Checkatrade Find a tradesperson you can trust/link_Give_Your_Feedback' is clickable

2020-04-24 09:53:33 - [TEST_STEP][PASSED] - verifyTextPresent("Company not listed?", false): Text 'Company not listed?' is present on page 

2020-04-24 09:53:33 - [MESSAGE][PASSED] - Text 'Company not listed?' is present on page 

2020-04-24 09:53:33 - [TEST_STEP][PASSED] - verifyTextPresent("If you are considering employing a particular company but cannot find them in our list of members", false): Text 'If you are considering employing a particular company but cannot find them in our list of members' is present on page 

2020-04-24 09:53:34 - [MESSAGE][PASSED] - Text 'If you are considering employing a particular company but cannot find them in our list of members' is present on page 

2020-04-24 09:53:34 - [TEST_STEP][PASSED] - verifyTextPresent("it may be because they are not a member of Checkatrade", false): Text 'it may be because they are not a member of Checkatrade' is present on page 

2020-04-24 09:53:34 - [MESSAGE][PASSED] - Text 'it may be because they are not a member of Checkatrade' is present on page 

2020-04-24 09:53:34 - [TEST_STEP][PASSED] - verifyTextPresent("If you would like to recommend a company to us, please give your feedback", false): Text 'If you would like to recommend a company to us, please give your feedback' is present on page 

2020-04-24 09:53:35 - [MESSAGE][PASSED] - Text 'If you would like to recommend a company to us, please give your feedback' is present on page 

2020-04-24 09:53:35 - [TEST_STEP][PASSED] - verifyTextPresent("If you would like help searching for a company, please call 0333 0146 190", false): Text 'If you would like help searching for a company, please call 0333 0146 190' is present on page 

2020-04-24 09:53:35 - [MESSAGE][PASSED] - Text 'If you would like help searching for a company, please call 0333 0146 190' is present on page 

2020-04-24 09:53:35 - [TEST_STEP][PASSED] - "----------------------------------------": null

2020-04-24 09:53:35 - [TEST_STEP][PASSED] - "----------------------------------------": null

2020-04-24 09:53:35 - [TEST_STEP][PASSED] - "Give Feedback Link NOT CHECKED Here     |": null

2020-04-24 09:53:35 - [TEST_STEP][PASSED] - System.gc(): null

2020-04-24 09:53:35 - [MESSAGE][PASSED] - Call Test Case 'Test Cases/Reusable_Test_Sequences/CAT_Search_Tradename_Not_Returned' successfully

2020-04-24 09:53:35 - [TEST_STEP][PASSED] - "--------------------------": null

2020-04-24 09:53:35 - [TEST_STEP][PASSED] - " Teardown - CLose Browser |": null

2020-04-24 09:53:35 - [TEST_STEP][PASSED] - callTestCase(findTestCase("Reusable_Test_Sequences/CAT_Teardown"), [:], OPTIONAL): Call Test Case 'Test Cases/Reusable_Test_Sequences/CAT_Teardown' successfully

2020-04-24 09:53:36 - [TEST_CASE][PASSED] - Test Cases/Reusable_Test_Sequences/CAT_Teardown: Test Cases/Reusable_Test_Sequences/CAT_Teardown

2020-04-24 09:53:36 - [TEST_STEP][PASSED] - closeBrowser(): Browser is closed

2020-04-24 09:53:39 - [MESSAGE][PASSED] - Browser is closed

2020-04-24 09:53:39 - [TEST_STEP][PASSED] - super.finalize(): null

2020-04-24 09:53:39 - [TEST_STEP][PASSED] - System.gc(): null

2020-04-24 09:53:39 - [MESSAGE][PASSED] - Call Test Case 'Test Cases/Reusable_Test_Sequences/CAT_Teardown' successfully

2020-04-24 09:53:39 - [TEST_STEP][PASSED] - callTestCase(findTestCase("Reusable_Test_Sequences/CAT_Setup"), [:], STOP_ON_FAILURE): Call Test Case 'Test Cases/Reusable_Test_Sequences/CAT_Setup' successfully

2020-04-24 09:53:39 - [TEST_CASE][PASSED] - Test Cases/Reusable_Test_Sequences/CAT_Setup: Test Cases/Reusable_Test_Sequences/CAT_Setup

2020-04-24 09:53:39 - [TEST_STEP][PASSED] - "------------------------------": null

2020-04-24 09:53:39 - [TEST_STEP][PASSED] - " Set Mobile Device Testing    |": null

2020-04-24 09:53:39 - [TEST_STEP][PASSED] - if (Mobile_Flag == "true"): null

2020-04-24 09:53:39 - [TEST_STEP][PASSED] - "------------------------------": null

2020-04-24 09:53:39 - [TEST_STEP][PASSED] - " Set Mobile Device Testing    |": null

2020-04-24 09:53:39 - [TEST_STEP][PASSED] - "------------------------------": null

2020-04-24 09:53:39 - [TEST_STEP][PASSED] - "URL - Set from the ENVIRONMENT PROFILE ": null

2020-04-24 09:53:39 - [TEST_STEP][PASSED] - openBrowser(URL): Browser is opened with url: 'https://www.preview.checkatrade.com/'

2020-04-24 09:53:39 - [MESSAGE][INFO] - Starting 'Firefox' driver

2020-04-24 09:53:39 - [MESSAGE][INFO] - Action delay is set to 0 milliseconds

2020-04-24 09:53:51 - [MESSAGE][PASSED] - Browser is opened with url: 'https://www.preview.checkatrade.com/'

2020-04-24 09:53:51 - [TEST_STEP][PASSED] - maximizeWindow(): Current window maximized

2020-04-24 09:53:51 - [MESSAGE][PASSED] - Current window maximized

2020-04-24 09:53:51 - [TEST_STEP][PASSED] - waitForPageLoad(60): Wait for page load successfully

2020-04-24 09:53:51 - [MESSAGE][PASSED] - Wait for page load successfully

2020-04-24 09:53:51 - [TEST_STEP][PASSED] - "Previous Functionalilty Left Commented For Ease Of reversion": null

2020-04-24 09:53:51 - [TEST_STEP][PASSED] - " Katalon Try/Catches currently have issues? SEE HEADER": null

2020-04-24 09:53:51 - [TEST_STEP][PASSED] - try: Text 'Cookie Policy' is not present on page

2020-04-24 09:53:51 - [TEST_STEP][PASSED] - verifyElementPresent(findTestObject("Object Repository/Cookies/Page_Checkatrade Find a tradesperson you can trust/button_Accept All"), 5, OPTIONAL): Object 'Object Repository/Cookies/Page_Checkatrade Find a tradesperson you can trust/button_Accept All' is present

2020-04-24 09:53:52 - [MESSAGE][PASSED] - Object 'Object Repository/Cookies/Page_Checkatrade Find a tradesperson you can trust/button_Accept All' is present

2020-04-24 09:53:52 - [TEST_STEP][PASSED] - click(findTestObject("Object Repository/Cookies/Page_Checkatrade Find a tradesperson you can trust/button_Accept All"), OPTIONAL): Object: 'Object Repository/Cookies/Page_Checkatrade Find a tradesperson you can trust/button_Accept All' is clicked on

2020-04-24 09:53:52 - [MESSAGE][PASSED] - Object: 'Object Repository/Cookies/Page_Checkatrade Find a tradesperson you can trust/button_Accept All' is clicked on

2020-04-24 09:53:52 - [TEST_STEP][PASSED] - "---------------------------------": null

2020-04-24 09:53:52 - [TEST_STEP][PASSED] - "COOKIE POPOUT REMOVED - Confirmed": null

2020-04-24 09:53:52 - [TEST_STEP][PASSED] - delay(1): Delayed 1 second(s)

2020-04-24 09:53:53 - [MESSAGE][PASSED] - Delayed 1 second(s)

2020-04-24 09:53:53 - [TEST_STEP][PASSED] - verifyTextNotPresent("We use cookies to personalise content and ads, to provide social media features and to analyse our traffic", false): Text 'We use cookies to personalise content and ads, to provide social media features and to analyse our traffic' is not present on page

2020-04-24 09:53:54 - [MESSAGE][PASSED] - Text 'We use cookies to personalise content and ads, to provide social media features and to analyse our traffic' is not present on page

2020-04-24 09:53:54 - [TEST_STEP][PASSED] - verifyTextNotPresent(" We also share information about your use of our site with our social media, advertising and analytics partners", false): Text ' We also share information about your use of our site with our social media, advertising and analytics partners' is not present on page

2020-04-24 09:53:56 - [MESSAGE][PASSED] - Text ' We also share information about your use of our site with our social media, advertising and analytics partners' is not present on page

2020-04-24 09:53:56 - [TEST_STEP][PASSED] - verifyTextNotPresent("Cookie Policy", false): Text 'Cookie Policy' is not present on page

2020-04-24 09:53:57 - [MESSAGE][PASSED] - Text 'Cookie Policy' is not present on page

2020-04-24 09:53:57 - [TEST_STEP][PASSED] - waitForPageLoad(60): Wait for page load successfully

2020-04-24 09:53:57 - [MESSAGE][PASSED] - Wait for page load successfully

2020-04-24 09:53:57 - [TEST_STEP][PASSED] - "COOKIE - ORIGINAL": null

2020-04-24 09:53:57 - [TEST_STEP][PASSED] - if (waitForElementVisible(findTestObject("Object Repository/Feedback/Page_Checkatrade Give your feedback/input_Member_to_Review"), 5)): Web element with id: 'Object Repository/Feedback/Page_Checkatrade Give your feedback/input_Member_to_Review' located by 'By.xpath: //input[@id='feedback-form__company_autocomplete_input']' not found

2020-04-24 09:54:03 - [MESSAGE][INFO] - Unable to find the element located by 'By.xpath: //input[@id='feedback-form__company_autocomplete_input']'. Please recheck the objects properties to make sure the desired element is located. 

2020-04-24 09:54:03 - [MESSAGE][WARNING] - Web element with id: 'Object Repository/Feedback/Page_Checkatrade Give your feedback/input_Member_to_Review' located by 'By.xpath: //input[@id='feedback-form__company_autocomplete_input']' not found

2020-04-24 09:54:03 - [TEST_STEP][PASSED] - else: The <<<OLD>>> Website was detected by the STARTUP Process

2020-04-24 09:54:03 - [TEST_STEP][PASSED] - if (!(verifyElementVisible(findTestObject("Object Repository/Checkatrade_Trade_Search_Page/Page_Checkatrade Find a tradesperson you can trust/input_Search_Button_FF")))): Object 'Object Repository/Checkatrade_Trade_Search_Page/Page_Checkatrade Find a tradesperson you can trust/input_Search_Button_FF' is visible

2020-04-24 09:54:03 - [MESSAGE][PASSED] - Object 'Object Repository/Checkatrade_Trade_Search_Page/Page_Checkatrade Find a tradesperson you can trust/input_Search_Button_FF' is visible

2020-04-24 09:54:03 - [TEST_STEP][PASSED] - else: The <<<OLD>>> Website was detected by the STARTUP Process

2020-04-24 09:54:03 - [TEST_STEP][PASSED] - Website_Version = "old": null

2020-04-24 09:54:03 - [TEST_STEP][PASSED] - logInfo("The <<<OLD>>> Website was detected by the STARTUP Process"): The <<<OLD>>> Website was detected by the STARTUP Process

2020-04-24 09:54:03 - [MESSAGE][INFO] - The <<<OLD>>> Website was detected by the STARTUP Process

2020-04-24 09:54:03 - [MESSAGE][PASSED] - Call Test Case 'Test Cases/Reusable_Test_Sequences/CAT_Setup' successfully

2020-04-24 09:54:03 - [TEST_STEP][PASSED] - " Home Page validation Checks after COOKIE Dispelled": null

2020-04-24 09:54:03 - [TEST_STEP][PASSED] - "---------------------------------------------------------------------": null

2020-04-24 09:54:03 - [TEST_STEP][PASSED] - " Select Search on Trader Name (or ID) From Home page/Search Screen   |": null

2020-04-24 09:54:03 - [TEST_STEP][PASSED] - callTestCase(findTestCase("Reusable_Test_Sequences/CAT_Click_Search_Trade_Name"), [:], STOP_ON_FAILURE): Call Test Case 'Test Cases/Reusable_Test_Sequences/CAT_Click_Search_Trade_Name' successfully

2020-04-24 09:54:03 - [TEST_CASE][PASSED] - Test Cases/Reusable_Test_Sequences/CAT_Click_Search_Trade_Name: Test Cases/Reusable_Test_Sequences/CAT_Click_Search_Trade_Name

2020-04-24 09:54:03 - [TEST_STEP][PASSED] - waitForPageLoad(60): Wait for page load successfully

2020-04-24 09:54:03 - [MESSAGE][PASSED] - Wait for page load successfully

2020-04-24 09:54:03 - [TEST_STEP][PASSED] - if (Website_Version != "new"): Object: 'Object Repository/Page_Checkatrade Find a tradesperson you can trust/a_or look up a member by name' is clicked on

2020-04-24 09:54:03 - [TEST_STEP][PASSED] - waitForElementClickable(findTestObject("Object Repository/Page_Checkatrade Find a tradesperson you can trust/a_or look up a member by name"), 5): Object 'Object Repository/Page_Checkatrade Find a tradesperson you can trust/a_or look up a member by name' is clickable

2020-04-24 09:54:03 - [MESSAGE][PASSED] - Object 'Object Repository/Page_Checkatrade Find a tradesperson you can trust/a_or look up a member by name' is clickable

2020-04-24 09:54:03 - [TEST_STEP][PASSED] - click(findTestObject("Object Repository/Page_Checkatrade Find a tradesperson you can trust/a_or look up a member by name")): Object: 'Object Repository/Page_Checkatrade Find a tradesperson you can trust/a_or look up a member by name' is clicked on

2020-04-24 09:54:04 - [MESSAGE][PASSED] - Object: 'Object Repository/Page_Checkatrade Find a tradesperson you can trust/a_or look up a member by name' is clicked on

2020-04-24 09:54:04 - [TEST_STEP][PASSED] - if (Website_Version != "old"): null

2020-04-24 09:54:04 - [TEST_STEP][PASSED] - waitForPageLoad(60): Wait for page load successfully

2020-04-24 09:54:04 - [MESSAGE][PASSED] - Wait for page load successfully

2020-04-24 09:54:04 - [MESSAGE][PASSED] - Call Test Case 'Test Cases/Reusable_Test_Sequences/CAT_Click_Search_Trade_Name' successfully

2020-04-24 09:54:04 - [TEST_STEP][PASSED] - "---------------------------------------": null

2020-04-24 09:54:04 - [TEST_STEP][PASSED] - " Enter Trader Name (or ID) to Search   |": null

2020-04-24 09:54:04 - [TEST_STEP][PASSED] - callTestCase(findTestCase("Reusable_Test_Sequences/CAT_Enter_Trade_Name_NEG"), [:], STOP_ON_FAILURE): Call Test Case 'Test Cases/Reusable_Test_Sequences/CAT_Enter_Trade_Name_NEG' successfully

2020-04-24 09:54:04 - [TEST_CASE][PASSED] - Test Cases/Reusable_Test_Sequences/CAT_Enter_Trade_Name_NEG: Test Cases/Reusable_Test_Sequences/CAT_Enter_Trade_Name_NEG

2020-04-24 09:54:04 - [TEST_STEP][PASSED] - if (Website_Version != "new"): Text 'z1' is set on object 'Object Repository/Page_Checkatrade Find a tradesperson you can trust/Trader_Name_To_Search'

2020-04-24 09:54:04 - [TEST_STEP][PASSED] - waitForElementClickable(findTestObject("Object Repository/Page_Checkatrade Find a tradesperson you can trust/Trader_Name_To_Search"), 5): Object 'Object Repository/Page_Checkatrade Find a tradesperson you can trust/Trader_Name_To_Search' is clickable

2020-04-24 09:54:04 - [MESSAGE][PASSED] - Object 'Object Repository/Page_Checkatrade Find a tradesperson you can trust/Trader_Name_To_Search' is clickable

2020-04-24 09:54:04 - [TEST_STEP][PASSED] - setText(findTestObject("Object Repository/Page_Checkatrade Find a tradesperson you can trust/Trader_Name_To_Search"), findTestData("Search_CAT_ID_Data_NEG").getValue("tradeName", row)): Text 'z1' is set on object 'Object Repository/Page_Checkatrade Find a tradesperson you can trust/Trader_Name_To_Search'

2020-04-24 09:54:04 - [MESSAGE][PASSED] - Text 'z1' is set on object 'Object Repository/Page_Checkatrade Find a tradesperson you can trust/Trader_Name_To_Search'

2020-04-24 09:54:04 - [MESSAGE][PASSED] - Call Test Case 'Test Cases/Reusable_Test_Sequences/CAT_Enter_Trade_Name_NEG' successfully

2020-04-24 09:54:04 - [TEST_STEP][PASSED] - "---------------------------------------": null

2020-04-24 09:54:04 - [TEST_STEP][PASSED] - " Search Trader Name (or ID)            |": null

2020-04-24 09:54:04 - [TEST_STEP][PASSED] - "---------------------------------------": null

2020-04-24 09:54:04 - [TEST_STEP][PASSED] - "---------------------------------------": null

2020-04-24 09:54:04 - [TEST_STEP][PASSED] - " Expected ERROR Reported               |": null

2020-04-24 09:54:04 - [TEST_STEP][PASSED] - callTestCase(findTestCase("Reusable_Test_Sequences/CAT_Search_Tradename_Not_Returned"), [:], CONTINUE_ON_FAILURE): Call Test Case 'Test Cases/Reusable_Test_Sequences/CAT_Search_Tradename_Not_Returned' successfully

2020-04-24 09:54:04 - [TEST_CASE][PASSED] - Test Cases/Reusable_Test_Sequences/CAT_Search_Tradename_Not_Returned: Test Cases/Reusable_Test_Sequences/CAT_Search_Tradename_Not_Returned

2020-04-24 09:54:04 - [TEST_STEP][PASSED] - "For later Extension": null

2020-04-24 09:54:04 - [TEST_STEP][PASSED] - "--------------------------------": null

2020-04-24 09:54:04 - [TEST_STEP][PASSED] - " Verify Sorry and Not Here Link |": null

2020-04-24 09:54:04 - [TEST_STEP][PASSED] - delay(1): Delayed 1 second(s)

2020-04-24 09:54:05 - [MESSAGE][PASSED] - Delayed 1 second(s)

2020-04-24 09:54:05 - [TEST_STEP][PASSED] - waitForPageLoad(60): Wait for page load successfully

2020-04-24 09:54:05 - [MESSAGE][PASSED] - Wait for page load successfully

2020-04-24 09:54:05 - [TEST_STEP][PASSED] - verifyElementPresent(findTestObject("Page_Checkatrade Find a tradesperson you can trust/a_or look up a member by name"), 10): Object 'Object Repository/Page_Checkatrade Find a tradesperson you can trust/a_or look up a member by name' is present

2020-04-24 09:54:05 - [MESSAGE][PASSED] - Object 'Object Repository/Page_Checkatrade Find a tradesperson you can trust/a_or look up a member by name' is present

2020-04-24 09:54:05 - [TEST_STEP][PASSED] - verifyTextPresent("Sorry, no results found", false): Text 'Sorry, no results found' is present on page 

2020-04-24 09:54:07 - [MESSAGE][PASSED] - Text 'Sorry, no results found' is present on page 

2020-04-24 09:54:07 - [TEST_STEP][PASSED] - verifyTextPresent("Not here", false): Text 'Not here' is present on page 

2020-04-24 09:54:08 - [MESSAGE][PASSED] - Text 'Not here' is present on page 

2020-04-24 09:54:08 - [TEST_STEP][PASSED] - "--------------------------------": null

2020-04-24 09:54:08 - [TEST_STEP][PASSED] - " Navigate Not Here Link         |": null

2020-04-24 09:54:08 - [TEST_STEP][PASSED] - waitForElementClickable(findTestObject("Object Repository/Page_Checkatrade Find a tradesperson you can trust/a_Not here"), 10): Object 'Object Repository/Page_Checkatrade Find a tradesperson you can trust/a_Not here' is clickable

2020-04-24 09:54:08 - [MESSAGE][PASSED] - Object 'Object Repository/Page_Checkatrade Find a tradesperson you can trust/a_Not here' is clickable

2020-04-24 09:54:08 - [TEST_STEP][PASSED] - click(findTestObject("Object Repository/Page_Checkatrade Find a tradesperson you can trust/a_Not here")): Object: 'Object Repository/Page_Checkatrade Find a tradesperson you can trust/a_Not here' is clicked on

2020-04-24 09:54:11 - [MESSAGE][PASSED] - Object: 'Object Repository/Page_Checkatrade Find a tradesperson you can trust/a_Not here' is clicked on

2020-04-24 09:54:11 - [TEST_STEP][PASSED] - "--------------------------------": null

2020-04-24 09:54:11 - [TEST_STEP][PASSED] - " Verify Returned Page           |": null

2020-04-24 09:54:11 - [TEST_STEP][PASSED] - "--------------------------------": null

2020-04-24 09:54:11 - [TEST_STEP][PASSED] - delay(3): Delayed 3 second(s)

2020-04-24 09:54:14 - [MESSAGE][PASSED] - Delayed 3 second(s)

2020-04-24 09:54:14 - [TEST_STEP][PASSED] - waitForPageLoad(60): Wait for page load successfully

2020-04-24 09:54:14 - [MESSAGE][PASSED] - Wait for page load successfully

2020-04-24 09:54:14 - [TEST_STEP][PASSED] - waitForElementClickable(findTestObject("Object Repository/Page_Checkatrade Find a tradesperson you can trust/link_Give_Your_Feedback"), 25): Object 'Object Repository/Page_Checkatrade Find a tradesperson you can trust/link_Give_Your_Feedback' is clickable

2020-04-24 09:54:15 - [MESSAGE][PASSED] - Object 'Object Repository/Page_Checkatrade Find a tradesperson you can trust/link_Give_Your_Feedback' is clickable

2020-04-24 09:54:15 - [TEST_STEP][PASSED] - verifyTextPresent("Company not listed?", false): Text 'Company not listed?' is present on page 

2020-04-24 09:54:15 - [MESSAGE][PASSED] - Text 'Company not listed?' is present on page 

2020-04-24 09:54:15 - [TEST_STEP][PASSED] - verifyTextPresent("If you are considering employing a particular company but cannot find them in our list of members", false): Text 'If you are considering employing a particular company but cannot find them in our list of members' is present on page 

2020-04-24 09:54:15 - [MESSAGE][PASSED] - Text 'If you are considering employing a particular company but cannot find them in our list of members' is present on page 

2020-04-24 09:54:15 - [TEST_STEP][PASSED] - verifyTextPresent("it may be because they are not a member of Checkatrade", false): Text 'it may be because they are not a member of Checkatrade' is present on page 

2020-04-24 09:54:16 - [MESSAGE][PASSED] - Text 'it may be because they are not a member of Checkatrade' is present on page 

2020-04-24 09:54:16 - [TEST_STEP][PASSED] - verifyTextPresent("If you would like to recommend a company to us, please give your feedback", false): Text 'If you would like to recommend a company to us, please give your feedback' is present on page 

2020-04-24 09:54:16 - [MESSAGE][PASSED] - Text 'If you would like to recommend a company to us, please give your feedback' is present on page 

2020-04-24 09:54:16 - [TEST_STEP][PASSED] - verifyTextPresent("If you would like help searching for a company, please call 0333 0146 190", false): Text 'If you would like help searching for a company, please call 0333 0146 190' is present on page 

2020-04-24 09:54:17 - [MESSAGE][PASSED] - Text 'If you would like help searching for a company, please call 0333 0146 190' is present on page 

2020-04-24 09:54:17 - [TEST_STEP][PASSED] - "----------------------------------------": null

2020-04-24 09:54:17 - [TEST_STEP][PASSED] - "----------------------------------------": null

2020-04-24 09:54:17 - [TEST_STEP][PASSED] - "Give Feedback Link NOT CHECKED Here     |": null

2020-04-24 09:54:17 - [TEST_STEP][PASSED] - System.gc(): null

2020-04-24 09:54:17 - [MESSAGE][PASSED] - Call Test Case 'Test Cases/Reusable_Test_Sequences/CAT_Search_Tradename_Not_Returned' successfully

2020-04-24 09:54:17 - [TEST_STEP][PASSED] - "--------------------------": null

2020-04-24 09:54:17 - [TEST_STEP][PASSED] - " Teardown - CLose Browser |": null

2020-04-24 09:54:17 - [TEST_STEP][PASSED] - callTestCase(findTestCase("Reusable_Test_Sequences/CAT_Teardown"), [:], OPTIONAL): Call Test Case 'Test Cases/Reusable_Test_Sequences/CAT_Teardown' successfully

2020-04-24 09:54:17 - [TEST_CASE][PASSED] - Test Cases/Reusable_Test_Sequences/CAT_Teardown: Test Cases/Reusable_Test_Sequences/CAT_Teardown

2020-04-24 09:54:17 - [TEST_STEP][PASSED] - closeBrowser(): Browser is closed

2020-04-24 09:54:21 - [MESSAGE][PASSED] - Browser is closed

2020-04-24 09:54:21 - [TEST_STEP][PASSED] - super.finalize(): null

2020-04-24 09:54:21 - [TEST_STEP][PASSED] - System.gc(): null

2020-04-24 09:54:21 - [MESSAGE][PASSED] - Call Test Case 'Test Cases/Reusable_Test_Sequences/CAT_Teardown' successfully

2020-04-24 09:54:21 - [TEST_STEP][PASSED] - callTestCase(findTestCase("Reusable_Test_Sequences/CAT_Setup"), [:], STOP_ON_FAILURE): Call Test Case 'Test Cases/Reusable_Test_Sequences/CAT_Setup' successfully

2020-04-24 09:54:21 - [TEST_CASE][PASSED] - Test Cases/Reusable_Test_Sequences/CAT_Setup: Test Cases/Reusable_Test_Sequences/CAT_Setup

2020-04-24 09:54:21 - [TEST_STEP][PASSED] - "------------------------------": null

2020-04-24 09:54:21 - [TEST_STEP][PASSED] - " Set Mobile Device Testing    |": null

2020-04-24 09:54:21 - [TEST_STEP][PASSED] - if (Mobile_Flag == "true"): null

2020-04-24 09:54:21 - [TEST_STEP][PASSED] - "------------------------------": null

2020-04-24 09:54:21 - [TEST_STEP][PASSED] - " Set Mobile Device Testing    |": null

2020-04-24 09:54:21 - [TEST_STEP][PASSED] - "------------------------------": null

2020-04-24 09:54:21 - [TEST_STEP][PASSED] - "URL - Set from the ENVIRONMENT PROFILE ": null

2020-04-24 09:54:21 - [TEST_STEP][PASSED] - openBrowser(URL): Browser is opened with url: 'https://www.preview.checkatrade.com/'

2020-04-24 09:54:21 - [MESSAGE][INFO] - Starting 'Firefox' driver

2020-04-24 09:54:21 - [MESSAGE][INFO] - Action delay is set to 0 milliseconds

2020-04-24 09:54:34 - [MESSAGE][PASSED] - Browser is opened with url: 'https://www.preview.checkatrade.com/'

2020-04-24 09:54:34 - [TEST_STEP][PASSED] - maximizeWindow(): Current window maximized

2020-04-24 09:54:34 - [MESSAGE][PASSED] - Current window maximized

2020-04-24 09:54:34 - [TEST_STEP][PASSED] - waitForPageLoad(60): Wait for page load successfully

2020-04-24 09:54:34 - [MESSAGE][PASSED] - Wait for page load successfully

2020-04-24 09:54:34 - [TEST_STEP][PASSED] - "Previous Functionalilty Left Commented For Ease Of reversion": null

2020-04-24 09:54:34 - [TEST_STEP][PASSED] - " Katalon Try/Catches currently have issues? SEE HEADER": null

2020-04-24 09:54:34 - [TEST_STEP][PASSED] - try: Text 'Cookie Policy' is not present on page

2020-04-24 09:54:34 - [TEST_STEP][PASSED] - verifyElementPresent(findTestObject("Object Repository/Cookies/Page_Checkatrade Find a tradesperson you can trust/button_Accept All"), 5, OPTIONAL): Object 'Object Repository/Cookies/Page_Checkatrade Find a tradesperson you can trust/button_Accept All' is present

2020-04-24 09:54:34 - [MESSAGE][PASSED] - Object 'Object Repository/Cookies/Page_Checkatrade Find a tradesperson you can trust/button_Accept All' is present

2020-04-24 09:54:34 - [TEST_STEP][PASSED] - click(findTestObject("Object Repository/Cookies/Page_Checkatrade Find a tradesperson you can trust/button_Accept All"), OPTIONAL): Object: 'Object Repository/Cookies/Page_Checkatrade Find a tradesperson you can trust/button_Accept All' is clicked on

2020-04-24 09:54:35 - [MESSAGE][PASSED] - Object: 'Object Repository/Cookies/Page_Checkatrade Find a tradesperson you can trust/button_Accept All' is clicked on

2020-04-24 09:54:35 - [TEST_STEP][PASSED] - "---------------------------------": null

2020-04-24 09:54:35 - [TEST_STEP][PASSED] - "COOKIE POPOUT REMOVED - Confirmed": null

2020-04-24 09:54:35 - [TEST_STEP][PASSED] - delay(1): Delayed 1 second(s)

2020-04-24 09:54:36 - [MESSAGE][PASSED] - Delayed 1 second(s)

2020-04-24 09:54:36 - [TEST_STEP][PASSED] - verifyTextNotPresent("We use cookies to personalise content and ads, to provide social media features and to analyse our traffic", false): Text 'We use cookies to personalise content and ads, to provide social media features and to analyse our traffic' is not present on page

2020-04-24 09:54:38 - [MESSAGE][PASSED] - Text 'We use cookies to personalise content and ads, to provide social media features and to analyse our traffic' is not present on page

2020-04-24 09:54:38 - [TEST_STEP][PASSED] - verifyTextNotPresent(" We also share information about your use of our site with our social media, advertising and analytics partners", false): Text ' We also share information about your use of our site with our social media, advertising and analytics partners' is not present on page

2020-04-24 09:54:38 - [MESSAGE][PASSED] - Text ' We also share information about your use of our site with our social media, advertising and analytics partners' is not present on page

2020-04-24 09:54:38 - [TEST_STEP][PASSED] - verifyTextNotPresent("Cookie Policy", false): Text 'Cookie Policy' is not present on page

2020-04-24 09:54:39 - [MESSAGE][PASSED] - Text 'Cookie Policy' is not present on page

2020-04-24 09:54:39 - [TEST_STEP][PASSED] - waitForPageLoad(60): Wait for page load successfully

2020-04-24 09:54:39 - [MESSAGE][PASSED] - Wait for page load successfully

2020-04-24 09:54:39 - [TEST_STEP][PASSED] - "COOKIE - ORIGINAL": null

2020-04-24 09:54:39 - [TEST_STEP][PASSED] - if (waitForElementVisible(findTestObject("Object Repository/Feedback/Page_Checkatrade Give your feedback/input_Member_to_Review"), 5)): Web element with id: 'Object Repository/Feedback/Page_Checkatrade Give your feedback/input_Member_to_Review' located by 'By.xpath: //input[@id='feedback-form__company_autocomplete_input']' not found

2020-04-24 09:54:45 - [MESSAGE][INFO] - Unable to find the element located by 'By.xpath: //input[@id='feedback-form__company_autocomplete_input']'. Please recheck the objects properties to make sure the desired element is located. 

2020-04-24 09:54:45 - [MESSAGE][WARNING] - Web element with id: 'Object Repository/Feedback/Page_Checkatrade Give your feedback/input_Member_to_Review' located by 'By.xpath: //input[@id='feedback-form__company_autocomplete_input']' not found

2020-04-24 09:54:45 - [TEST_STEP][PASSED] - else: The <<<OLD>>> Website was detected by the STARTUP Process

2020-04-24 09:54:45 - [TEST_STEP][PASSED] - if (!(verifyElementVisible(findTestObject("Object Repository/Checkatrade_Trade_Search_Page/Page_Checkatrade Find a tradesperson you can trust/input_Search_Button_FF")))): Object 'Object Repository/Checkatrade_Trade_Search_Page/Page_Checkatrade Find a tradesperson you can trust/input_Search_Button_FF' is visible

2020-04-24 09:54:45 - [MESSAGE][PASSED] - Object 'Object Repository/Checkatrade_Trade_Search_Page/Page_Checkatrade Find a tradesperson you can trust/input_Search_Button_FF' is visible

2020-04-24 09:54:45 - [TEST_STEP][PASSED] - else: The <<<OLD>>> Website was detected by the STARTUP Process

2020-04-24 09:54:45 - [TEST_STEP][PASSED] - Website_Version = "old": null

2020-04-24 09:54:45 - [TEST_STEP][PASSED] - logInfo("The <<<OLD>>> Website was detected by the STARTUP Process"): The <<<OLD>>> Website was detected by the STARTUP Process

2020-04-24 09:54:45 - [MESSAGE][INFO] - The <<<OLD>>> Website was detected by the STARTUP Process

2020-04-24 09:54:45 - [MESSAGE][PASSED] - Call Test Case 'Test Cases/Reusable_Test_Sequences/CAT_Setup' successfully

2020-04-24 09:54:45 - [TEST_STEP][PASSED] - " Home Page validation Checks after COOKIE Dispelled": null

2020-04-24 09:54:45 - [TEST_STEP][PASSED] - "---------------------------------------------------------------------": null

2020-04-24 09:54:45 - [TEST_STEP][PASSED] - " Select Search on Trader Name (or ID) From Home page/Search Screen   |": null

2020-04-24 09:54:45 - [TEST_STEP][PASSED] - callTestCase(findTestCase("Reusable_Test_Sequences/CAT_Click_Search_Trade_Name"), [:], STOP_ON_FAILURE): Call Test Case 'Test Cases/Reusable_Test_Sequences/CAT_Click_Search_Trade_Name' successfully

2020-04-24 09:54:45 - [TEST_CASE][PASSED] - Test Cases/Reusable_Test_Sequences/CAT_Click_Search_Trade_Name: Test Cases/Reusable_Test_Sequences/CAT_Click_Search_Trade_Name

2020-04-24 09:54:45 - [TEST_STEP][PASSED] - waitForPageLoad(60): Wait for page load successfully

2020-04-24 09:54:45 - [MESSAGE][PASSED] - Wait for page load successfully

2020-04-24 09:54:45 - [TEST_STEP][PASSED] - if (Website_Version != "new"): Object: 'Object Repository/Page_Checkatrade Find a tradesperson you can trust/a_or look up a member by name' is clicked on

2020-04-24 09:54:45 - [TEST_STEP][PASSED] - waitForElementClickable(findTestObject("Object Repository/Page_Checkatrade Find a tradesperson you can trust/a_or look up a member by name"), 5): Object 'Object Repository/Page_Checkatrade Find a tradesperson you can trust/a_or look up a member by name' is clickable

2020-04-24 09:54:45 - [MESSAGE][PASSED] - Object 'Object Repository/Page_Checkatrade Find a tradesperson you can trust/a_or look up a member by name' is clickable

2020-04-24 09:54:45 - [TEST_STEP][PASSED] - click(findTestObject("Object Repository/Page_Checkatrade Find a tradesperson you can trust/a_or look up a member by name")): Object: 'Object Repository/Page_Checkatrade Find a tradesperson you can trust/a_or look up a member by name' is clicked on

2020-04-24 09:54:46 - [MESSAGE][PASSED] - Object: 'Object Repository/Page_Checkatrade Find a tradesperson you can trust/a_or look up a member by name' is clicked on

2020-04-24 09:54:46 - [TEST_STEP][PASSED] - if (Website_Version != "old"): null

2020-04-24 09:54:46 - [TEST_STEP][PASSED] - waitForPageLoad(60): Wait for page load successfully

2020-04-24 09:54:46 - [MESSAGE][PASSED] - Wait for page load successfully

2020-04-24 09:54:46 - [MESSAGE][PASSED] - Call Test Case 'Test Cases/Reusable_Test_Sequences/CAT_Click_Search_Trade_Name' successfully

2020-04-24 09:54:46 - [TEST_STEP][PASSED] - "---------------------------------------": null

2020-04-24 09:54:46 - [TEST_STEP][PASSED] - " Enter Trader Name (or ID) to Search   |": null

2020-04-24 09:54:46 - [TEST_STEP][PASSED] - callTestCase(findTestCase("Reusable_Test_Sequences/CAT_Enter_Trade_Name_NEG"), [:], STOP_ON_FAILURE): Call Test Case 'Test Cases/Reusable_Test_Sequences/CAT_Enter_Trade_Name_NEG' successfully

2020-04-24 09:54:46 - [TEST_CASE][PASSED] - Test Cases/Reusable_Test_Sequences/CAT_Enter_Trade_Name_NEG: Test Cases/Reusable_Test_Sequences/CAT_Enter_Trade_Name_NEG

2020-04-24 09:54:46 - [TEST_STEP][PASSED] - if (Website_Version != "new"): Text '000000' is set on object 'Object Repository/Page_Checkatrade Find a tradesperson you can trust/Trader_Name_To_Search'

2020-04-24 09:54:46 - [TEST_STEP][PASSED] - waitForElementClickable(findTestObject("Object Repository/Page_Checkatrade Find a tradesperson you can trust/Trader_Name_To_Search"), 5): Object 'Object Repository/Page_Checkatrade Find a tradesperson you can trust/Trader_Name_To_Search' is clickable

2020-04-24 09:54:47 - [MESSAGE][PASSED] - Object 'Object Repository/Page_Checkatrade Find a tradesperson you can trust/Trader_Name_To_Search' is clickable

2020-04-24 09:54:47 - [TEST_STEP][PASSED] - setText(findTestObject("Object Repository/Page_Checkatrade Find a tradesperson you can trust/Trader_Name_To_Search"), findTestData("Search_CAT_ID_Data_NEG").getValue("tradeName", row)): Text '000000' is set on object 'Object Repository/Page_Checkatrade Find a tradesperson you can trust/Trader_Name_To_Search'

2020-04-24 09:54:47 - [MESSAGE][PASSED] - Text '000000' is set on object 'Object Repository/Page_Checkatrade Find a tradesperson you can trust/Trader_Name_To_Search'

2020-04-24 09:54:47 - [MESSAGE][PASSED] - Call Test Case 'Test Cases/Reusable_Test_Sequences/CAT_Enter_Trade_Name_NEG' successfully

2020-04-24 09:54:47 - [TEST_STEP][PASSED] - "---------------------------------------": null

2020-04-24 09:54:47 - [TEST_STEP][PASSED] - " Search Trader Name (or ID)            |": null

2020-04-24 09:54:47 - [TEST_STEP][PASSED] - "---------------------------------------": null

2020-04-24 09:54:47 - [TEST_STEP][PASSED] - "---------------------------------------": null

2020-04-24 09:54:47 - [TEST_STEP][PASSED] - " Expected ERROR Reported               |": null

2020-04-24 09:54:47 - [TEST_STEP][PASSED] - callTestCase(findTestCase("Reusable_Test_Sequences/CAT_Search_Tradename_Not_Returned"), [:], CONTINUE_ON_FAILURE): Call Test Case 'Test Cases/Reusable_Test_Sequences/CAT_Search_Tradename_Not_Returned' successfully

2020-04-24 09:54:47 - [TEST_CASE][PASSED] - Test Cases/Reusable_Test_Sequences/CAT_Search_Tradename_Not_Returned: Test Cases/Reusable_Test_Sequences/CAT_Search_Tradename_Not_Returned

2020-04-24 09:54:47 - [TEST_STEP][PASSED] - "For later Extension": null

2020-04-24 09:54:47 - [TEST_STEP][PASSED] - "--------------------------------": null

2020-04-24 09:54:47 - [TEST_STEP][PASSED] - " Verify Sorry and Not Here Link |": null

2020-04-24 09:54:47 - [TEST_STEP][PASSED] - delay(1): Delayed 1 second(s)

2020-04-24 09:54:48 - [MESSAGE][PASSED] - Delayed 1 second(s)

2020-04-24 09:54:48 - [TEST_STEP][PASSED] - waitForPageLoad(60): Wait for page load successfully

2020-04-24 09:54:48 - [MESSAGE][PASSED] - Wait for page load successfully

2020-04-24 09:54:48 - [TEST_STEP][PASSED] - verifyElementPresent(findTestObject("Page_Checkatrade Find a tradesperson you can trust/a_or look up a member by name"), 10): Object 'Object Repository/Page_Checkatrade Find a tradesperson you can trust/a_or look up a member by name' is present

2020-04-24 09:54:48 - [MESSAGE][PASSED] - Object 'Object Repository/Page_Checkatrade Find a tradesperson you can trust/a_or look up a member by name' is present

2020-04-24 09:54:48 - [TEST_STEP][PASSED] - verifyTextPresent("Sorry, no results found", false): Text 'Sorry, no results found' is present on page 

2020-04-24 09:54:49 - [MESSAGE][PASSED] - Text 'Sorry, no results found' is present on page 

2020-04-24 09:54:49 - [TEST_STEP][PASSED] - verifyTextPresent("Not here", false): Text 'Not here' is present on page 

2020-04-24 09:54:50 - [MESSAGE][PASSED] - Text 'Not here' is present on page 

2020-04-24 09:54:50 - [TEST_STEP][PASSED] - "--------------------------------": null

2020-04-24 09:54:50 - [TEST_STEP][PASSED] - " Navigate Not Here Link         |": null

2020-04-24 09:54:50 - [TEST_STEP][PASSED] - waitForElementClickable(findTestObject("Object Repository/Page_Checkatrade Find a tradesperson you can trust/a_Not here"), 10): Object 'Object Repository/Page_Checkatrade Find a tradesperson you can trust/a_Not here' is clickable

2020-04-24 09:54:50 - [MESSAGE][PASSED] - Object 'Object Repository/Page_Checkatrade Find a tradesperson you can trust/a_Not here' is clickable

2020-04-24 09:54:50 - [TEST_STEP][PASSED] - click(findTestObject("Object Repository/Page_Checkatrade Find a tradesperson you can trust/a_Not here")): Object: 'Object Repository/Page_Checkatrade Find a tradesperson you can trust/a_Not here' is clicked on

2020-04-24 09:54:55 - [MESSAGE][PASSED] - Object: 'Object Repository/Page_Checkatrade Find a tradesperson you can trust/a_Not here' is clicked on

2020-04-24 09:54:55 - [TEST_STEP][PASSED] - "--------------------------------": null

2020-04-24 09:54:55 - [TEST_STEP][PASSED] - " Verify Returned Page           |": null

2020-04-24 09:54:55 - [TEST_STEP][PASSED] - "--------------------------------": null

2020-04-24 09:54:55 - [TEST_STEP][PASSED] - delay(3): Delayed 3 second(s)

2020-04-24 09:54:58 - [MESSAGE][PASSED] - Delayed 3 second(s)

2020-04-24 09:54:58 - [TEST_STEP][PASSED] - waitForPageLoad(60): Wait for page load successfully

2020-04-24 09:54:58 - [MESSAGE][PASSED] - Wait for page load successfully

2020-04-24 09:54:58 - [TEST_STEP][PASSED] - waitForElementClickable(findTestObject("Object Repository/Page_Checkatrade Find a tradesperson you can trust/link_Give_Your_Feedback"), 25): Object 'Object Repository/Page_Checkatrade Find a tradesperson you can trust/link_Give_Your_Feedback' is clickable

2020-04-24 09:54:58 - [MESSAGE][PASSED] - Object 'Object Repository/Page_Checkatrade Find a tradesperson you can trust/link_Give_Your_Feedback' is clickable

2020-04-24 09:54:58 - [TEST_STEP][PASSED] - verifyTextPresent("Company not listed?", false): Text 'Company not listed?' is present on page 

2020-04-24 09:54:58 - [MESSAGE][PASSED] - Text 'Company not listed?' is present on page 

2020-04-24 09:54:58 - [TEST_STEP][PASSED] - verifyTextPresent("If you are considering employing a particular company but cannot find them in our list of members", false): Text 'If you are considering employing a particular company but cannot find them in our list of members' is present on page 

2020-04-24 09:54:59 - [MESSAGE][PASSED] - Text 'If you are considering employing a particular company but cannot find them in our list of members' is present on page 

2020-04-24 09:54:59 - [TEST_STEP][PASSED] - verifyTextPresent("it may be because they are not a member of Checkatrade", false): Text 'it may be because they are not a member of Checkatrade' is present on page 

2020-04-24 09:54:59 - [MESSAGE][PASSED] - Text 'it may be because they are not a member of Checkatrade' is present on page 

2020-04-24 09:54:59 - [TEST_STEP][PASSED] - verifyTextPresent("If you would like to recommend a company to us, please give your feedback", false): Text 'If you would like to recommend a company to us, please give your feedback' is present on page 

2020-04-24 09:55:00 - [MESSAGE][PASSED] - Text 'If you would like to recommend a company to us, please give your feedback' is present on page 

2020-04-24 09:55:00 - [TEST_STEP][PASSED] - verifyTextPresent("If you would like help searching for a company, please call 0333 0146 190", false): Text 'If you would like help searching for a company, please call 0333 0146 190' is present on page 

2020-04-24 09:55:00 - [MESSAGE][PASSED] - Text 'If you would like help searching for a company, please call 0333 0146 190' is present on page 

2020-04-24 09:55:00 - [TEST_STEP][PASSED] - "----------------------------------------": null

2020-04-24 09:55:00 - [TEST_STEP][PASSED] - "----------------------------------------": null

2020-04-24 09:55:00 - [TEST_STEP][PASSED] - "Give Feedback Link NOT CHECKED Here     |": null

2020-04-24 09:55:00 - [TEST_STEP][PASSED] - System.gc(): null

2020-04-24 09:55:00 - [MESSAGE][PASSED] - Call Test Case 'Test Cases/Reusable_Test_Sequences/CAT_Search_Tradename_Not_Returned' successfully

2020-04-24 09:55:00 - [TEST_STEP][PASSED] - "--------------------------": null

2020-04-24 09:55:00 - [TEST_STEP][PASSED] - " Teardown - CLose Browser |": null

2020-04-24 09:55:00 - [TEST_STEP][PASSED] - callTestCase(findTestCase("Reusable_Test_Sequences/CAT_Teardown"), [:], OPTIONAL): Call Test Case 'Test Cases/Reusable_Test_Sequences/CAT_Teardown' successfully

2020-04-24 09:55:00 - [TEST_CASE][PASSED] - Test Cases/Reusable_Test_Sequences/CAT_Teardown: Test Cases/Reusable_Test_Sequences/CAT_Teardown

2020-04-24 09:55:00 - [TEST_STEP][PASSED] - closeBrowser(): Browser is closed

2020-04-24 09:55:03 - [MESSAGE][PASSED] - Browser is closed

2020-04-24 09:55:03 - [TEST_STEP][PASSED] - super.finalize(): null

2020-04-24 09:55:03 - [TEST_STEP][PASSED] - System.gc(): null

2020-04-24 09:55:03 - [MESSAGE][PASSED] - Call Test Case 'Test Cases/Reusable_Test_Sequences/CAT_Teardown' successfully

2020-04-24 09:55:03 - [TEST_STEP][PASSED] - callTestCase(findTestCase("Reusable_Test_Sequences/CAT_Setup"), [:], STOP_ON_FAILURE): Call Test Case 'Test Cases/Reusable_Test_Sequences/CAT_Setup' successfully

2020-04-24 09:55:04 - [TEST_CASE][PASSED] - Test Cases/Reusable_Test_Sequences/CAT_Setup: Test Cases/Reusable_Test_Sequences/CAT_Setup

2020-04-24 09:55:04 - [TEST_STEP][PASSED] - "------------------------------": null

2020-04-24 09:55:04 - [TEST_STEP][PASSED] - " Set Mobile Device Testing    |": null

2020-04-24 09:55:04 - [TEST_STEP][PASSED] - if (Mobile_Flag == "true"): null

2020-04-24 09:55:04 - [TEST_STEP][PASSED] - "------------------------------": null

2020-04-24 09:55:04 - [TEST_STEP][PASSED] - " Set Mobile Device Testing    |": null

2020-04-24 09:55:04 - [TEST_STEP][PASSED] - "------------------------------": null

2020-04-24 09:55:04 - [TEST_STEP][PASSED] - "URL - Set from the ENVIRONMENT PROFILE ": null

2020-04-24 09:55:04 - [TEST_STEP][PASSED] - openBrowser(URL): Browser is opened with url: 'https://www.preview.checkatrade.com/'

2020-04-24 09:55:04 - [MESSAGE][INFO] - Starting 'Firefox' driver

2020-04-24 09:55:04 - [MESSAGE][INFO] - Action delay is set to 0 milliseconds

2020-04-24 09:55:16 - [MESSAGE][PASSED] - Browser is opened with url: 'https://www.preview.checkatrade.com/'

2020-04-24 09:55:16 - [TEST_STEP][PASSED] - maximizeWindow(): Current window maximized

2020-04-24 09:55:16 - [MESSAGE][PASSED] - Current window maximized

2020-04-24 09:55:16 - [TEST_STEP][PASSED] - waitForPageLoad(60): Wait for page load successfully

2020-04-24 09:55:16 - [MESSAGE][PASSED] - Wait for page load successfully

2020-04-24 09:55:16 - [TEST_STEP][PASSED] - "Previous Functionalilty Left Commented For Ease Of reversion": null

2020-04-24 09:55:16 - [TEST_STEP][PASSED] - " Katalon Try/Catches currently have issues? SEE HEADER": null

2020-04-24 09:55:16 - [TEST_STEP][PASSED] - try: Text 'Cookie Policy' is not present on page

2020-04-24 09:55:16 - [TEST_STEP][PASSED] - verifyElementPresent(findTestObject("Object Repository/Cookies/Page_Checkatrade Find a tradesperson you can trust/button_Accept All"), 5, OPTIONAL): Object 'Object Repository/Cookies/Page_Checkatrade Find a tradesperson you can trust/button_Accept All' is present

2020-04-24 09:55:16 - [MESSAGE][PASSED] - Object 'Object Repository/Cookies/Page_Checkatrade Find a tradesperson you can trust/button_Accept All' is present

2020-04-24 09:55:16 - [TEST_STEP][PASSED] - click(findTestObject("Object Repository/Cookies/Page_Checkatrade Find a tradesperson you can trust/button_Accept All"), OPTIONAL): Object: 'Object Repository/Cookies/Page_Checkatrade Find a tradesperson you can trust/button_Accept All' is clicked on

2020-04-24 09:55:17 - [MESSAGE][PASSED] - Object: 'Object Repository/Cookies/Page_Checkatrade Find a tradesperson you can trust/button_Accept All' is clicked on

2020-04-24 09:55:17 - [TEST_STEP][PASSED] - "---------------------------------": null

2020-04-24 09:55:17 - [TEST_STEP][PASSED] - "COOKIE POPOUT REMOVED - Confirmed": null

2020-04-24 09:55:17 - [TEST_STEP][PASSED] - delay(1): Delayed 1 second(s)

2020-04-24 09:55:18 - [MESSAGE][PASSED] - Delayed 1 second(s)

2020-04-24 09:55:18 - [TEST_STEP][PASSED] - verifyTextNotPresent("We use cookies to personalise content and ads, to provide social media features and to analyse our traffic", false): Text 'We use cookies to personalise content and ads, to provide social media features and to analyse our traffic' is not present on page

2020-04-24 09:55:19 - [MESSAGE][PASSED] - Text 'We use cookies to personalise content and ads, to provide social media features and to analyse our traffic' is not present on page

2020-04-24 09:55:19 - [TEST_STEP][PASSED] - verifyTextNotPresent(" We also share information about your use of our site with our social media, advertising and analytics partners", false): Text ' We also share information about your use of our site with our social media, advertising and analytics partners' is not present on page

2020-04-24 09:55:20 - [MESSAGE][PASSED] - Text ' We also share information about your use of our site with our social media, advertising and analytics partners' is not present on page

2020-04-24 09:55:20 - [TEST_STEP][PASSED] - verifyTextNotPresent("Cookie Policy", false): Text 'Cookie Policy' is not present on page

2020-04-24 09:55:21 - [MESSAGE][PASSED] - Text 'Cookie Policy' is not present on page

2020-04-24 09:55:21 - [TEST_STEP][PASSED] - waitForPageLoad(60): Wait for page load successfully

2020-04-24 09:55:21 - [MESSAGE][PASSED] - Wait for page load successfully

2020-04-24 09:55:21 - [TEST_STEP][PASSED] - "COOKIE - ORIGINAL": null

2020-04-24 09:55:21 - [TEST_STEP][PASSED] - if (waitForElementVisible(findTestObject("Object Repository/Feedback/Page_Checkatrade Give your feedback/input_Member_to_Review"), 5)): Web element with id: 'Object Repository/Feedback/Page_Checkatrade Give your feedback/input_Member_to_Review' located by 'By.xpath: //input[@id='feedback-form__company_autocomplete_input']' not found

2020-04-24 09:55:27 - [MESSAGE][INFO] - Unable to find the element located by 'By.xpath: //input[@id='feedback-form__company_autocomplete_input']'. Please recheck the objects properties to make sure the desired element is located. 

2020-04-24 09:55:27 - [MESSAGE][WARNING] - Web element with id: 'Object Repository/Feedback/Page_Checkatrade Give your feedback/input_Member_to_Review' located by 'By.xpath: //input[@id='feedback-form__company_autocomplete_input']' not found

2020-04-24 09:55:27 - [TEST_STEP][PASSED] - else: The <<<OLD>>> Website was detected by the STARTUP Process

2020-04-24 09:55:27 - [TEST_STEP][PASSED] - if (!(verifyElementVisible(findTestObject("Object Repository/Checkatrade_Trade_Search_Page/Page_Checkatrade Find a tradesperson you can trust/input_Search_Button_FF")))): Object 'Object Repository/Checkatrade_Trade_Search_Page/Page_Checkatrade Find a tradesperson you can trust/input_Search_Button_FF' is visible

2020-04-24 09:55:27 - [MESSAGE][PASSED] - Object 'Object Repository/Checkatrade_Trade_Search_Page/Page_Checkatrade Find a tradesperson you can trust/input_Search_Button_FF' is visible

2020-04-24 09:55:27 - [TEST_STEP][PASSED] - else: The <<<OLD>>> Website was detected by the STARTUP Process

2020-04-24 09:55:27 - [TEST_STEP][PASSED] - Website_Version = "old": null

2020-04-24 09:55:27 - [TEST_STEP][PASSED] - logInfo("The <<<OLD>>> Website was detected by the STARTUP Process"): The <<<OLD>>> Website was detected by the STARTUP Process

2020-04-24 09:55:27 - [MESSAGE][INFO] - The <<<OLD>>> Website was detected by the STARTUP Process

2020-04-24 09:55:27 - [MESSAGE][PASSED] - Call Test Case 'Test Cases/Reusable_Test_Sequences/CAT_Setup' successfully

2020-04-24 09:55:27 - [TEST_STEP][PASSED] - " Home Page validation Checks after COOKIE Dispelled": null

2020-04-24 09:55:27 - [TEST_STEP][PASSED] - "---------------------------------------------------------------------": null

2020-04-24 09:55:27 - [TEST_STEP][PASSED] - " Select Search on Trader Name (or ID) From Home page/Search Screen   |": null

2020-04-24 09:55:27 - [TEST_STEP][PASSED] - callTestCase(findTestCase("Reusable_Test_Sequences/CAT_Click_Search_Trade_Name"), [:], STOP_ON_FAILURE): Call Test Case 'Test Cases/Reusable_Test_Sequences/CAT_Click_Search_Trade_Name' successfully

2020-04-24 09:55:27 - [TEST_CASE][PASSED] - Test Cases/Reusable_Test_Sequences/CAT_Click_Search_Trade_Name: Test Cases/Reusable_Test_Sequences/CAT_Click_Search_Trade_Name

2020-04-24 09:55:27 - [TEST_STEP][PASSED] - waitForPageLoad(60): Wait for page load successfully

2020-04-24 09:55:27 - [MESSAGE][PASSED] - Wait for page load successfully

2020-04-24 09:55:27 - [TEST_STEP][PASSED] - if (Website_Version != "new"): Object: 'Object Repository/Page_Checkatrade Find a tradesperson you can trust/a_or look up a member by name' is clicked on

2020-04-24 09:55:27 - [TEST_STEP][PASSED] - waitForElementClickable(findTestObject("Object Repository/Page_Checkatrade Find a tradesperson you can trust/a_or look up a member by name"), 5): Object 'Object Repository/Page_Checkatrade Find a tradesperson you can trust/a_or look up a member by name' is clickable

2020-04-24 09:55:27 - [MESSAGE][PASSED] - Object 'Object Repository/Page_Checkatrade Find a tradesperson you can trust/a_or look up a member by name' is clickable

2020-04-24 09:55:27 - [TEST_STEP][PASSED] - click(findTestObject("Object Repository/Page_Checkatrade Find a tradesperson you can trust/a_or look up a member by name")): Object: 'Object Repository/Page_Checkatrade Find a tradesperson you can trust/a_or look up a member by name' is clicked on

2020-04-24 09:55:27 - [MESSAGE][PASSED] - Object: 'Object Repository/Page_Checkatrade Find a tradesperson you can trust/a_or look up a member by name' is clicked on

2020-04-24 09:55:27 - [TEST_STEP][PASSED] - if (Website_Version != "old"): null

2020-04-24 09:55:27 - [TEST_STEP][PASSED] - waitForPageLoad(60): Wait for page load successfully

2020-04-24 09:55:28 - [MESSAGE][PASSED] - Wait for page load successfully

2020-04-24 09:55:28 - [MESSAGE][PASSED] - Call Test Case 'Test Cases/Reusable_Test_Sequences/CAT_Click_Search_Trade_Name' successfully

2020-04-24 09:55:28 - [TEST_STEP][PASSED] - "---------------------------------------": null

2020-04-24 09:55:28 - [TEST_STEP][PASSED] - " Enter Trader Name (or ID) to Search   |": null

2020-04-24 09:55:28 - [TEST_STEP][PASSED] - callTestCase(findTestCase("Reusable_Test_Sequences/CAT_Enter_Trade_Name_NEG"), [:], STOP_ON_FAILURE): Call Test Case 'Test Cases/Reusable_Test_Sequences/CAT_Enter_Trade_Name_NEG' successfully

2020-04-24 09:55:28 - [TEST_CASE][PASSED] - Test Cases/Reusable_Test_Sequences/CAT_Enter_Trade_Name_NEG: Test Cases/Reusable_Test_Sequences/CAT_Enter_Trade_Name_NEG

2020-04-24 09:55:28 - [TEST_STEP][PASSED] - if (Website_Version != "new"): Text 'oooooo' is set on object 'Object Repository/Page_Checkatrade Find a tradesperson you can trust/Trader_Name_To_Search'

2020-04-24 09:55:28 - [TEST_STEP][PASSED] - waitForElementClickable(findTestObject("Object Repository/Page_Checkatrade Find a tradesperson you can trust/Trader_Name_To_Search"), 5): Object 'Object Repository/Page_Checkatrade Find a tradesperson you can trust/Trader_Name_To_Search' is clickable

2020-04-24 09:55:28 - [MESSAGE][PASSED] - Object 'Object Repository/Page_Checkatrade Find a tradesperson you can trust/Trader_Name_To_Search' is clickable

2020-04-24 09:55:28 - [TEST_STEP][PASSED] - setText(findTestObject("Object Repository/Page_Checkatrade Find a tradesperson you can trust/Trader_Name_To_Search"), findTestData("Search_CAT_ID_Data_NEG").getValue("tradeName", row)): Text 'oooooo' is set on object 'Object Repository/Page_Checkatrade Find a tradesperson you can trust/Trader_Name_To_Search'

2020-04-24 09:55:28 - [MESSAGE][PASSED] - Text 'oooooo' is set on object 'Object Repository/Page_Checkatrade Find a tradesperson you can trust/Trader_Name_To_Search'

2020-04-24 09:55:28 - [MESSAGE][PASSED] - Call Test Case 'Test Cases/Reusable_Test_Sequences/CAT_Enter_Trade_Name_NEG' successfully

2020-04-24 09:55:28 - [TEST_STEP][PASSED] - "---------------------------------------": null

2020-04-24 09:55:28 - [TEST_STEP][PASSED] - " Search Trader Name (or ID)            |": null

2020-04-24 09:55:28 - [TEST_STEP][PASSED] - "---------------------------------------": null

2020-04-24 09:55:28 - [TEST_STEP][PASSED] - "---------------------------------------": null

2020-04-24 09:55:28 - [TEST_STEP][PASSED] - " Expected ERROR Reported               |": null

2020-04-24 09:55:28 - [TEST_STEP][PASSED] - callTestCase(findTestCase("Reusable_Test_Sequences/CAT_Search_Tradename_Not_Returned"), [:], CONTINUE_ON_FAILURE): Call Test Case 'Test Cases/Reusable_Test_Sequences/CAT_Search_Tradename_Not_Returned' successfully

2020-04-24 09:55:28 - [TEST_CASE][PASSED] - Test Cases/Reusable_Test_Sequences/CAT_Search_Tradename_Not_Returned: Test Cases/Reusable_Test_Sequences/CAT_Search_Tradename_Not_Returned

2020-04-24 09:55:28 - [TEST_STEP][PASSED] - "For later Extension": null

2020-04-24 09:55:28 - [TEST_STEP][PASSED] - "--------------------------------": null

2020-04-24 09:55:28 - [TEST_STEP][PASSED] - " Verify Sorry and Not Here Link |": null

2020-04-24 09:55:28 - [TEST_STEP][PASSED] - delay(1): Delayed 1 second(s)

2020-04-24 09:55:29 - [MESSAGE][PASSED] - Delayed 1 second(s)

2020-04-24 09:55:29 - [TEST_STEP][PASSED] - waitForPageLoad(60): Wait for page load successfully

2020-04-24 09:55:29 - [MESSAGE][PASSED] - Wait for page load successfully

2020-04-24 09:55:29 - [TEST_STEP][PASSED] - verifyElementPresent(findTestObject("Page_Checkatrade Find a tradesperson you can trust/a_or look up a member by name"), 10): Object 'Object Repository/Page_Checkatrade Find a tradesperson you can trust/a_or look up a member by name' is present

2020-04-24 09:55:29 - [MESSAGE][PASSED] - Object 'Object Repository/Page_Checkatrade Find a tradesperson you can trust/a_or look up a member by name' is present

2020-04-24 09:55:29 - [TEST_STEP][PASSED] - verifyTextPresent("Sorry, no results found", false): Text 'Sorry, no results found' is present on page 

2020-04-24 09:55:30 - [MESSAGE][PASSED] - Text 'Sorry, no results found' is present on page 

2020-04-24 09:55:30 - [TEST_STEP][PASSED] - verifyTextPresent("Not here", false): Text 'Not here' is present on page 

2020-04-24 09:55:30 - [MESSAGE][PASSED] - Text 'Not here' is present on page 

2020-04-24 09:55:30 - [TEST_STEP][PASSED] - "--------------------------------": null

2020-04-24 09:55:30 - [TEST_STEP][PASSED] - " Navigate Not Here Link         |": null

2020-04-24 09:55:30 - [TEST_STEP][PASSED] - waitForElementClickable(findTestObject("Object Repository/Page_Checkatrade Find a tradesperson you can trust/a_Not here"), 10): Object 'Object Repository/Page_Checkatrade Find a tradesperson you can trust/a_Not here' is clickable

2020-04-24 09:55:30 - [MESSAGE][PASSED] - Object 'Object Repository/Page_Checkatrade Find a tradesperson you can trust/a_Not here' is clickable

2020-04-24 09:55:30 - [TEST_STEP][PASSED] - click(findTestObject("Object Repository/Page_Checkatrade Find a tradesperson you can trust/a_Not here")): Object: 'Object Repository/Page_Checkatrade Find a tradesperson you can trust/a_Not here' is clicked on

2020-04-24 09:55:33 - [MESSAGE][PASSED] - Object: 'Object Repository/Page_Checkatrade Find a tradesperson you can trust/a_Not here' is clicked on

2020-04-24 09:55:33 - [TEST_STEP][PASSED] - "--------------------------------": null

2020-04-24 09:55:33 - [TEST_STEP][PASSED] - " Verify Returned Page           |": null

2020-04-24 09:55:33 - [TEST_STEP][PASSED] - "--------------------------------": null

2020-04-24 09:55:33 - [TEST_STEP][PASSED] - delay(3): Delayed 3 second(s)

2020-04-24 09:55:36 - [MESSAGE][PASSED] - Delayed 3 second(s)

2020-04-24 09:55:36 - [TEST_STEP][PASSED] - waitForPageLoad(60): Wait for page load successfully

2020-04-24 09:55:36 - [MESSAGE][PASSED] - Wait for page load successfully

2020-04-24 09:55:36 - [TEST_STEP][PASSED] - waitForElementClickable(findTestObject("Object Repository/Page_Checkatrade Find a tradesperson you can trust/link_Give_Your_Feedback"), 25): Object 'Object Repository/Page_Checkatrade Find a tradesperson you can trust/link_Give_Your_Feedback' is clickable

2020-04-24 09:55:36 - [MESSAGE][PASSED] - Object 'Object Repository/Page_Checkatrade Find a tradesperson you can trust/link_Give_Your_Feedback' is clickable

2020-04-24 09:55:36 - [TEST_STEP][PASSED] - verifyTextPresent("Company not listed?", false): Text 'Company not listed?' is present on page 

2020-04-24 09:55:36 - [MESSAGE][PASSED] - Text 'Company not listed?' is present on page 

2020-04-24 09:55:36 - [TEST_STEP][PASSED] - verifyTextPresent("If you are considering employing a particular company but cannot find them in our list of members", false): Text 'If you are considering employing a particular company but cannot find them in our list of members' is present on page 

2020-04-24 09:55:37 - [MESSAGE][PASSED] - Text 'If you are considering employing a particular company but cannot find them in our list of members' is present on page 

2020-04-24 09:55:37 - [TEST_STEP][PASSED] - verifyTextPresent("it may be because they are not a member of Checkatrade", false): Text 'it may be because they are not a member of Checkatrade' is present on page 

2020-04-24 09:55:37 - [MESSAGE][PASSED] - Text 'it may be because they are not a member of Checkatrade' is present on page 

2020-04-24 09:55:37 - [TEST_STEP][PASSED] - verifyTextPresent("If you would like to recommend a company to us, please give your feedback", false): Text 'If you would like to recommend a company to us, please give your feedback' is present on page 

2020-04-24 09:55:37 - [MESSAGE][PASSED] - Text 'If you would like to recommend a company to us, please give your feedback' is present on page 

2020-04-24 09:55:37 - [TEST_STEP][PASSED] - verifyTextPresent("If you would like help searching for a company, please call 0333 0146 190", false): Text 'If you would like help searching for a company, please call 0333 0146 190' is present on page 

2020-04-24 09:55:38 - [MESSAGE][PASSED] - Text 'If you would like help searching for a company, please call 0333 0146 190' is present on page 

2020-04-24 09:55:38 - [TEST_STEP][PASSED] - "----------------------------------------": null

2020-04-24 09:55:38 - [TEST_STEP][PASSED] - "----------------------------------------": null

2020-04-24 09:55:38 - [TEST_STEP][PASSED] - "Give Feedback Link NOT CHECKED Here     |": null

2020-04-24 09:55:38 - [TEST_STEP][PASSED] - System.gc(): null

2020-04-24 09:55:38 - [MESSAGE][PASSED] - Call Test Case 'Test Cases/Reusable_Test_Sequences/CAT_Search_Tradename_Not_Returned' successfully

2020-04-24 09:55:38 - [TEST_STEP][PASSED] - "--------------------------": null

2020-04-24 09:55:38 - [TEST_STEP][PASSED] - " Teardown - CLose Browser |": null

2020-04-24 09:55:38 - [TEST_STEP][PASSED] - callTestCase(findTestCase("Reusable_Test_Sequences/CAT_Teardown"), [:], OPTIONAL): Call Test Case 'Test Cases/Reusable_Test_Sequences/CAT_Teardown' successfully

2020-04-24 09:55:38 - [TEST_CASE][PASSED] - Test Cases/Reusable_Test_Sequences/CAT_Teardown: Test Cases/Reusable_Test_Sequences/CAT_Teardown

2020-04-24 09:55:38 - [TEST_STEP][PASSED] - closeBrowser(): Browser is closed

2020-04-24 09:55:41 - [MESSAGE][PASSED] - Browser is closed

2020-04-24 09:55:41 - [TEST_STEP][PASSED] - super.finalize(): null

2020-04-24 09:55:41 - [TEST_STEP][PASSED] - System.gc(): null

2020-04-24 09:55:41 - [MESSAGE][PASSED] - Call Test Case 'Test Cases/Reusable_Test_Sequences/CAT_Teardown' successfully

2020-04-24 09:55:41 - [TEST_STEP][PASSED] - callTestCase(findTestCase("Reusable_Test_Sequences/CAT_Setup"), [:], STOP_ON_FAILURE): Call Test Case 'Test Cases/Reusable_Test_Sequences/CAT_Setup' successfully

2020-04-24 09:55:41 - [TEST_CASE][PASSED] - Test Cases/Reusable_Test_Sequences/CAT_Setup: Test Cases/Reusable_Test_Sequences/CAT_Setup

2020-04-24 09:55:41 - [TEST_STEP][PASSED] - "------------------------------": null

2020-04-24 09:55:41 - [TEST_STEP][PASSED] - " Set Mobile Device Testing    |": null

2020-04-24 09:55:41 - [TEST_STEP][PASSED] - if (Mobile_Flag == "true"): null

2020-04-24 09:55:41 - [TEST_STEP][PASSED] - "------------------------------": null

2020-04-24 09:55:41 - [TEST_STEP][PASSED] - " Set Mobile Device Testing    |": null

2020-04-24 09:55:41 - [TEST_STEP][PASSED] - "------------------------------": null

2020-04-24 09:55:41 - [TEST_STEP][PASSED] - "URL - Set from the ENVIRONMENT PROFILE ": null

2020-04-24 09:55:41 - [TEST_STEP][PASSED] - openBrowser(URL): Browser is opened with url: 'https://www.preview.checkatrade.com/'

2020-04-24 09:55:41 - [MESSAGE][INFO] - Starting 'Firefox' driver

2020-04-24 09:55:42 - [MESSAGE][INFO] - Action delay is set to 0 milliseconds

2020-04-24 09:55:54 - [MESSAGE][PASSED] - Browser is opened with url: 'https://www.preview.checkatrade.com/'

2020-04-24 09:55:54 - [TEST_STEP][PASSED] - maximizeWindow(): Current window maximized

2020-04-24 09:55:54 - [MESSAGE][PASSED] - Current window maximized

2020-04-24 09:55:54 - [TEST_STEP][PASSED] - waitForPageLoad(60): Wait for page load successfully

2020-04-24 09:55:55 - [MESSAGE][PASSED] - Wait for page load successfully

2020-04-24 09:55:55 - [TEST_STEP][PASSED] - "Previous Functionalilty Left Commented For Ease Of reversion": null

2020-04-24 09:55:55 - [TEST_STEP][PASSED] - " Katalon Try/Catches currently have issues? SEE HEADER": null

2020-04-24 09:55:55 - [TEST_STEP][PASSED] - try: Text 'Cookie Policy' is not present on page

2020-04-24 09:55:55 - [TEST_STEP][PASSED] - verifyElementPresent(findTestObject("Object Repository/Cookies/Page_Checkatrade Find a tradesperson you can trust/button_Accept All"), 5, OPTIONAL): Object 'Object Repository/Cookies/Page_Checkatrade Find a tradesperson you can trust/button_Accept All' is present

2020-04-24 09:55:55 - [MESSAGE][PASSED] - Object 'Object Repository/Cookies/Page_Checkatrade Find a tradesperson you can trust/button_Accept All' is present

2020-04-24 09:55:55 - [TEST_STEP][PASSED] - click(findTestObject("Object Repository/Cookies/Page_Checkatrade Find a tradesperson you can trust/button_Accept All"), OPTIONAL): Object: 'Object Repository/Cookies/Page_Checkatrade Find a tradesperson you can trust/button_Accept All' is clicked on

2020-04-24 09:55:55 - [MESSAGE][PASSED] - Object: 'Object Repository/Cookies/Page_Checkatrade Find a tradesperson you can trust/button_Accept All' is clicked on

2020-04-24 09:55:55 - [TEST_STEP][PASSED] - "---------------------------------": null

2020-04-24 09:55:55 - [TEST_STEP][PASSED] - "COOKIE POPOUT REMOVED - Confirmed": null

2020-04-24 09:55:55 - [TEST_STEP][PASSED] - delay(1): Delayed 1 second(s)

2020-04-24 09:55:56 - [MESSAGE][PASSED] - Delayed 1 second(s)

2020-04-24 09:55:56 - [TEST_STEP][PASSED] - verifyTextNotPresent("We use cookies to personalise content and ads, to provide social media features and to analyse our traffic", false): Text 'We use cookies to personalise content and ads, to provide social media features and to analyse our traffic' is not present on page

2020-04-24 09:55:57 - [MESSAGE][PASSED] - Text 'We use cookies to personalise content and ads, to provide social media features and to analyse our traffic' is not present on page

2020-04-24 09:55:57 - [TEST_STEP][PASSED] - verifyTextNotPresent(" We also share information about your use of our site with our social media, advertising and analytics partners", false): Text ' We also share information about your use of our site with our social media, advertising and analytics partners' is not present on page

2020-04-24 09:55:58 - [MESSAGE][PASSED] - Text ' We also share information about your use of our site with our social media, advertising and analytics partners' is not present on page

2020-04-24 09:55:58 - [TEST_STEP][PASSED] - verifyTextNotPresent("Cookie Policy", false): Text 'Cookie Policy' is not present on page

2020-04-24 09:55:59 - [MESSAGE][PASSED] - Text 'Cookie Policy' is not present on page

2020-04-24 09:55:59 - [TEST_STEP][PASSED] - waitForPageLoad(60): Wait for page load successfully

2020-04-24 09:55:59 - [MESSAGE][PASSED] - Wait for page load successfully

2020-04-24 09:55:59 - [TEST_STEP][PASSED] - "COOKIE - ORIGINAL": null

2020-04-24 09:55:59 - [TEST_STEP][PASSED] - if (waitForElementVisible(findTestObject("Object Repository/Feedback/Page_Checkatrade Give your feedback/input_Member_to_Review"), 5)): Web element with id: 'Object Repository/Feedback/Page_Checkatrade Give your feedback/input_Member_to_Review' located by 'By.xpath: //input[@id='feedback-form__company_autocomplete_input']' not found

2020-04-24 09:56:04 - [MESSAGE][INFO] - Unable to find the element located by 'By.xpath: //input[@id='feedback-form__company_autocomplete_input']'. Please recheck the objects properties to make sure the desired element is located. 

2020-04-24 09:56:04 - [MESSAGE][WARNING] - Web element with id: 'Object Repository/Feedback/Page_Checkatrade Give your feedback/input_Member_to_Review' located by 'By.xpath: //input[@id='feedback-form__company_autocomplete_input']' not found

2020-04-24 09:56:04 - [TEST_STEP][PASSED] - else: The <<<OLD>>> Website was detected by the STARTUP Process

2020-04-24 09:56:04 - [TEST_STEP][PASSED] - if (!(verifyElementVisible(findTestObject("Object Repository/Checkatrade_Trade_Search_Page/Page_Checkatrade Find a tradesperson you can trust/input_Search_Button_FF")))): Object 'Object Repository/Checkatrade_Trade_Search_Page/Page_Checkatrade Find a tradesperson you can trust/input_Search_Button_FF' is visible

2020-04-24 09:56:04 - [MESSAGE][PASSED] - Object 'Object Repository/Checkatrade_Trade_Search_Page/Page_Checkatrade Find a tradesperson you can trust/input_Search_Button_FF' is visible

2020-04-24 09:56:04 - [TEST_STEP][PASSED] - else: The <<<OLD>>> Website was detected by the STARTUP Process

2020-04-24 09:56:04 - [TEST_STEP][PASSED] - Website_Version = "old": null

2020-04-24 09:56:04 - [TEST_STEP][PASSED] - logInfo("The <<<OLD>>> Website was detected by the STARTUP Process"): The <<<OLD>>> Website was detected by the STARTUP Process

2020-04-24 09:56:04 - [MESSAGE][INFO] - The <<<OLD>>> Website was detected by the STARTUP Process

2020-04-24 09:56:04 - [MESSAGE][PASSED] - Call Test Case 'Test Cases/Reusable_Test_Sequences/CAT_Setup' successfully

2020-04-24 09:56:04 - [TEST_STEP][PASSED] - " Home Page validation Checks after COOKIE Dispelled": null

2020-04-24 09:56:04 - [TEST_STEP][PASSED] - "---------------------------------------------------------------------": null

2020-04-24 09:56:04 - [TEST_STEP][PASSED] - " Select Search on Trader Name (or ID) From Home page/Search Screen   |": null

2020-04-24 09:56:04 - [TEST_STEP][PASSED] - callTestCase(findTestCase("Reusable_Test_Sequences/CAT_Click_Search_Trade_Name"), [:], STOP_ON_FAILURE): Call Test Case 'Test Cases/Reusable_Test_Sequences/CAT_Click_Search_Trade_Name' successfully

2020-04-24 09:56:04 - [TEST_CASE][PASSED] - Test Cases/Reusable_Test_Sequences/CAT_Click_Search_Trade_Name: Test Cases/Reusable_Test_Sequences/CAT_Click_Search_Trade_Name

2020-04-24 09:56:04 - [TEST_STEP][PASSED] - waitForPageLoad(60): Wait for page load successfully

2020-04-24 09:56:04 - [MESSAGE][PASSED] - Wait for page load successfully

2020-04-24 09:56:04 - [TEST_STEP][PASSED] - if (Website_Version != "new"): Object: 'Object Repository/Page_Checkatrade Find a tradesperson you can trust/a_or look up a member by name' is clicked on

2020-04-24 09:56:04 - [TEST_STEP][PASSED] - waitForElementClickable(findTestObject("Object Repository/Page_Checkatrade Find a tradesperson you can trust/a_or look up a member by name"), 5): Object 'Object Repository/Page_Checkatrade Find a tradesperson you can trust/a_or look up a member by name' is clickable

2020-04-24 09:56:04 - [MESSAGE][PASSED] - Object 'Object Repository/Page_Checkatrade Find a tradesperson you can trust/a_or look up a member by name' is clickable

2020-04-24 09:56:04 - [TEST_STEP][PASSED] - click(findTestObject("Object Repository/Page_Checkatrade Find a tradesperson you can trust/a_or look up a member by name")): Object: 'Object Repository/Page_Checkatrade Find a tradesperson you can trust/a_or look up a member by name' is clicked on

2020-04-24 09:56:05 - [MESSAGE][PASSED] - Object: 'Object Repository/Page_Checkatrade Find a tradesperson you can trust/a_or look up a member by name' is clicked on

2020-04-24 09:56:05 - [TEST_STEP][PASSED] - if (Website_Version != "old"): null

2020-04-24 09:56:05 - [TEST_STEP][PASSED] - waitForPageLoad(60): Wait for page load successfully

2020-04-24 09:56:05 - [MESSAGE][PASSED] - Wait for page load successfully

2020-04-24 09:56:05 - [MESSAGE][PASSED] - Call Test Case 'Test Cases/Reusable_Test_Sequences/CAT_Click_Search_Trade_Name' successfully

2020-04-24 09:56:05 - [TEST_STEP][PASSED] - "---------------------------------------": null

2020-04-24 09:56:05 - [TEST_STEP][PASSED] - " Enter Trader Name (or ID) to Search   |": null

2020-04-24 09:56:05 - [TEST_STEP][PASSED] - callTestCase(findTestCase("Reusable_Test_Sequences/CAT_Enter_Trade_Name_NEG"), [:], STOP_ON_FAILURE): Call Test Case 'Test Cases/Reusable_Test_Sequences/CAT_Enter_Trade_Name_NEG' successfully

2020-04-24 09:56:05 - [TEST_CASE][PASSED] - Test Cases/Reusable_Test_Sequences/CAT_Enter_Trade_Name_NEG: Test Cases/Reusable_Test_Sequences/CAT_Enter_Trade_Name_NEG

2020-04-24 09:56:05 - [TEST_STEP][PASSED] - if (Website_Version != "new"): Text 'OOOOOO' is set on object 'Object Repository/Page_Checkatrade Find a tradesperson you can trust/Trader_Name_To_Search'

2020-04-24 09:56:05 - [TEST_STEP][PASSED] - waitForElementClickable(findTestObject("Object Repository/Page_Checkatrade Find a tradesperson you can trust/Trader_Name_To_Search"), 5): Object 'Object Repository/Page_Checkatrade Find a tradesperson you can trust/Trader_Name_To_Search' is clickable

2020-04-24 09:56:05 - [MESSAGE][PASSED] - Object 'Object Repository/Page_Checkatrade Find a tradesperson you can trust/Trader_Name_To_Search' is clickable

2020-04-24 09:56:05 - [TEST_STEP][PASSED] - setText(findTestObject("Object Repository/Page_Checkatrade Find a tradesperson you can trust/Trader_Name_To_Search"), findTestData("Search_CAT_ID_Data_NEG").getValue("tradeName", row)): Text 'OOOOOO' is set on object 'Object Repository/Page_Checkatrade Find a tradesperson you can trust/Trader_Name_To_Search'

2020-04-24 09:56:05 - [MESSAGE][PASSED] - Text 'OOOOOO' is set on object 'Object Repository/Page_Checkatrade Find a tradesperson you can trust/Trader_Name_To_Search'

2020-04-24 09:56:05 - [MESSAGE][PASSED] - Call Test Case 'Test Cases/Reusable_Test_Sequences/CAT_Enter_Trade_Name_NEG' successfully

2020-04-24 09:56:05 - [TEST_STEP][PASSED] - "---------------------------------------": null

2020-04-24 09:56:05 - [TEST_STEP][PASSED] - " Search Trader Name (or ID)            |": null

2020-04-24 09:56:05 - [TEST_STEP][PASSED] - "---------------------------------------": null

2020-04-24 09:56:05 - [TEST_STEP][PASSED] - "---------------------------------------": null

2020-04-24 09:56:05 - [TEST_STEP][PASSED] - " Expected ERROR Reported               |": null

2020-04-24 09:56:05 - [TEST_STEP][PASSED] - callTestCase(findTestCase("Reusable_Test_Sequences/CAT_Search_Tradename_Not_Returned"), [:], CONTINUE_ON_FAILURE): Call Test Case 'Test Cases/Reusable_Test_Sequences/CAT_Search_Tradename_Not_Returned' successfully

2020-04-24 09:56:05 - [TEST_CASE][PASSED] - Test Cases/Reusable_Test_Sequences/CAT_Search_Tradename_Not_Returned: Test Cases/Reusable_Test_Sequences/CAT_Search_Tradename_Not_Returned

2020-04-24 09:56:05 - [TEST_STEP][PASSED] - "For later Extension": null

2020-04-24 09:56:05 - [TEST_STEP][PASSED] - "--------------------------------": null

2020-04-24 09:56:05 - [TEST_STEP][PASSED] - " Verify Sorry and Not Here Link |": null

2020-04-24 09:56:05 - [TEST_STEP][PASSED] - delay(1): Delayed 1 second(s)

2020-04-24 09:56:06 - [MESSAGE][PASSED] - Delayed 1 second(s)

2020-04-24 09:56:06 - [TEST_STEP][PASSED] - waitForPageLoad(60): Wait for page load successfully

2020-04-24 09:56:06 - [MESSAGE][PASSED] - Wait for page load successfully

2020-04-24 09:56:06 - [TEST_STEP][PASSED] - verifyElementPresent(findTestObject("Page_Checkatrade Find a tradesperson you can trust/a_or look up a member by name"), 10): Object 'Object Repository/Page_Checkatrade Find a tradesperson you can trust/a_or look up a member by name' is present

2020-04-24 09:56:07 - [MESSAGE][PASSED] - Object 'Object Repository/Page_Checkatrade Find a tradesperson you can trust/a_or look up a member by name' is present

2020-04-24 09:56:07 - [TEST_STEP][PASSED] - verifyTextPresent("Sorry, no results found", false): Text 'Sorry, no results found' is present on page 

2020-04-24 09:56:07 - [MESSAGE][PASSED] - Text 'Sorry, no results found' is present on page 

2020-04-24 09:56:07 - [TEST_STEP][PASSED] - verifyTextPresent("Not here", false): Text 'Not here' is present on page 

2020-04-24 09:56:08 - [MESSAGE][PASSED] - Text 'Not here' is present on page 

2020-04-24 09:56:08 - [TEST_STEP][PASSED] - "--------------------------------": null

2020-04-24 09:56:08 - [TEST_STEP][PASSED] - " Navigate Not Here Link         |": null

2020-04-24 09:56:08 - [TEST_STEP][PASSED] - waitForElementClickable(findTestObject("Object Repository/Page_Checkatrade Find a tradesperson you can trust/a_Not here"), 10): Object 'Object Repository/Page_Checkatrade Find a tradesperson you can trust/a_Not here' is clickable

2020-04-24 09:56:08 - [MESSAGE][PASSED] - Object 'Object Repository/Page_Checkatrade Find a tradesperson you can trust/a_Not here' is clickable

2020-04-24 09:56:08 - [TEST_STEP][PASSED] - click(findTestObject("Object Repository/Page_Checkatrade Find a tradesperson you can trust/a_Not here")): Object: 'Object Repository/Page_Checkatrade Find a tradesperson you can trust/a_Not here' is clicked on

2020-04-24 09:56:10 - [MESSAGE][PASSED] - Object: 'Object Repository/Page_Checkatrade Find a tradesperson you can trust/a_Not here' is clicked on

2020-04-24 09:56:10 - [TEST_STEP][PASSED] - "--------------------------------": null

2020-04-24 09:56:10 - [TEST_STEP][PASSED] - " Verify Returned Page           |": null

2020-04-24 09:56:10 - [TEST_STEP][PASSED] - "--------------------------------": null

2020-04-24 09:56:10 - [TEST_STEP][PASSED] - delay(3): Delayed 3 second(s)

2020-04-24 09:56:13 - [MESSAGE][PASSED] - Delayed 3 second(s)

2020-04-24 09:56:13 - [TEST_STEP][PASSED] - waitForPageLoad(60): Wait for page load successfully

2020-04-24 09:56:13 - [MESSAGE][PASSED] - Wait for page load successfully

2020-04-24 09:56:13 - [TEST_STEP][PASSED] - waitForElementClickable(findTestObject("Object Repository/Page_Checkatrade Find a tradesperson you can trust/link_Give_Your_Feedback"), 25): Object 'Object Repository/Page_Checkatrade Find a tradesperson you can trust/link_Give_Your_Feedback' is clickable

2020-04-24 09:56:13 - [MESSAGE][PASSED] - Object 'Object Repository/Page_Checkatrade Find a tradesperson you can trust/link_Give_Your_Feedback' is clickable

2020-04-24 09:56:13 - [TEST_STEP][PASSED] - verifyTextPresent("Company not listed?", false): Text 'Company not listed?' is present on page 

2020-04-24 09:56:14 - [MESSAGE][PASSED] - Text 'Company not listed?' is present on page 

2020-04-24 09:56:14 - [TEST_STEP][PASSED] - verifyTextPresent("If you are considering employing a particular company but cannot find them in our list of members", false): Text 'If you are considering employing a particular company but cannot find them in our list of members' is present on page 

2020-04-24 09:56:15 - [MESSAGE][PASSED] - Text 'If you are considering employing a particular company but cannot find them in our list of members' is present on page 

2020-04-24 09:56:15 - [TEST_STEP][PASSED] - verifyTextPresent("it may be because they are not a member of Checkatrade", false): Text 'it may be because they are not a member of Checkatrade' is present on page 

2020-04-24 09:56:15 - [MESSAGE][PASSED] - Text 'it may be because they are not a member of Checkatrade' is present on page 

2020-04-24 09:56:15 - [TEST_STEP][PASSED] - verifyTextPresent("If you would like to recommend a company to us, please give your feedback", false): Text 'If you would like to recommend a company to us, please give your feedback' is present on page 

2020-04-24 09:56:16 - [MESSAGE][PASSED] - Text 'If you would like to recommend a company to us, please give your feedback' is present on page 

2020-04-24 09:56:16 - [TEST_STEP][PASSED] - verifyTextPresent("If you would like help searching for a company, please call 0333 0146 190", false): Text 'If you would like help searching for a company, please call 0333 0146 190' is present on page 

2020-04-24 09:56:16 - [MESSAGE][PASSED] - Text 'If you would like help searching for a company, please call 0333 0146 190' is present on page 

2020-04-24 09:56:16 - [TEST_STEP][PASSED] - "----------------------------------------": null

2020-04-24 09:56:16 - [TEST_STEP][PASSED] - "----------------------------------------": null

2020-04-24 09:56:16 - [TEST_STEP][PASSED] - "Give Feedback Link NOT CHECKED Here     |": null

2020-04-24 09:56:16 - [TEST_STEP][PASSED] - System.gc(): null

2020-04-24 09:56:16 - [MESSAGE][PASSED] - Call Test Case 'Test Cases/Reusable_Test_Sequences/CAT_Search_Tradename_Not_Returned' successfully

2020-04-24 09:56:16 - [TEST_STEP][PASSED] - "--------------------------": null

2020-04-24 09:56:16 - [TEST_STEP][PASSED] - " Teardown - CLose Browser |": null

2020-04-24 09:56:16 - [TEST_STEP][PASSED] - callTestCase(findTestCase("Reusable_Test_Sequences/CAT_Teardown"), [:], OPTIONAL): Call Test Case 'Test Cases/Reusable_Test_Sequences/CAT_Teardown' successfully

2020-04-24 09:56:17 - [TEST_CASE][PASSED] - Test Cases/Reusable_Test_Sequences/CAT_Teardown: Test Cases/Reusable_Test_Sequences/CAT_Teardown

2020-04-24 09:56:17 - [TEST_STEP][PASSED] - closeBrowser(): Browser is closed

2020-04-24 09:56:23 - [MESSAGE][PASSED] - Browser is closed

2020-04-24 09:56:23 - [TEST_STEP][PASSED] - super.finalize(): null

2020-04-24 09:56:23 - [TEST_STEP][PASSED] - System.gc(): null

2020-04-24 09:56:23 - [MESSAGE][PASSED] - Call Test Case 'Test Cases/Reusable_Test_Sequences/CAT_Teardown' successfully

2020-04-24 09:56:23 - [TEST_STEP][PASSED] - callTestCase(findTestCase("Reusable_Test_Sequences/CAT_Setup"), [:], STOP_ON_FAILURE): Call Test Case 'Test Cases/Reusable_Test_Sequences/CAT_Setup' successfully

2020-04-24 09:56:23 - [TEST_CASE][PASSED] - Test Cases/Reusable_Test_Sequences/CAT_Setup: Test Cases/Reusable_Test_Sequences/CAT_Setup

2020-04-24 09:56:23 - [TEST_STEP][PASSED] - "------------------------------": null

2020-04-24 09:56:23 - [TEST_STEP][PASSED] - " Set Mobile Device Testing    |": null

2020-04-24 09:56:23 - [TEST_STEP][PASSED] - if (Mobile_Flag == "true"): null

2020-04-24 09:56:23 - [TEST_STEP][PASSED] - "------------------------------": null

2020-04-24 09:56:23 - [TEST_STEP][PASSED] - " Set Mobile Device Testing    |": null

2020-04-24 09:56:23 - [TEST_STEP][PASSED] - "------------------------------": null

2020-04-24 09:56:23 - [TEST_STEP][PASSED] - "URL - Set from the ENVIRONMENT PROFILE ": null

2020-04-24 09:56:23 - [TEST_STEP][PASSED] - openBrowser(URL): Browser is opened with url: 'https://www.preview.checkatrade.com/'

2020-04-24 09:56:23 - [MESSAGE][INFO] - Starting 'Firefox' driver

2020-04-24 09:56:23 - [MESSAGE][INFO] - Action delay is set to 0 milliseconds

2020-04-24 09:56:37 - [MESSAGE][PASSED] - Browser is opened with url: 'https://www.preview.checkatrade.com/'

2020-04-24 09:56:37 - [TEST_STEP][PASSED] - maximizeWindow(): Current window maximized

2020-04-24 09:56:38 - [MESSAGE][PASSED] - Current window maximized

2020-04-24 09:56:38 - [TEST_STEP][PASSED] - waitForPageLoad(60): Wait for page load successfully

2020-04-24 09:56:38 - [MESSAGE][PASSED] - Wait for page load successfully

2020-04-24 09:56:38 - [TEST_STEP][PASSED] - "Previous Functionalilty Left Commented For Ease Of reversion": null

2020-04-24 09:56:38 - [TEST_STEP][PASSED] - " Katalon Try/Catches currently have issues? SEE HEADER": null

2020-04-24 09:56:38 - [TEST_STEP][PASSED] - try: Text 'Cookie Policy' is not present on page

2020-04-24 09:56:38 - [TEST_STEP][PASSED] - verifyElementPresent(findTestObject("Object Repository/Cookies/Page_Checkatrade Find a tradesperson you can trust/button_Accept All"), 5, OPTIONAL): Object 'Object Repository/Cookies/Page_Checkatrade Find a tradesperson you can trust/button_Accept All' is present

2020-04-24 09:56:38 - [MESSAGE][PASSED] - Object 'Object Repository/Cookies/Page_Checkatrade Find a tradesperson you can trust/button_Accept All' is present

2020-04-24 09:56:38 - [TEST_STEP][PASSED] - click(findTestObject("Object Repository/Cookies/Page_Checkatrade Find a tradesperson you can trust/button_Accept All"), OPTIONAL): Object: 'Object Repository/Cookies/Page_Checkatrade Find a tradesperson you can trust/button_Accept All' is clicked on

2020-04-24 09:56:39 - [MESSAGE][PASSED] - Object: 'Object Repository/Cookies/Page_Checkatrade Find a tradesperson you can trust/button_Accept All' is clicked on

2020-04-24 09:56:39 - [TEST_STEP][PASSED] - "---------------------------------": null

2020-04-24 09:56:39 - [TEST_STEP][PASSED] - "COOKIE POPOUT REMOVED - Confirmed": null

2020-04-24 09:56:39 - [TEST_STEP][PASSED] - delay(1): Delayed 1 second(s)

2020-04-24 09:56:40 - [MESSAGE][PASSED] - Delayed 1 second(s)

2020-04-24 09:56:40 - [TEST_STEP][PASSED] - verifyTextNotPresent("We use cookies to personalise content and ads, to provide social media features and to analyse our traffic", false): Text 'We use cookies to personalise content and ads, to provide social media features and to analyse our traffic' is not present on page

2020-04-24 09:56:41 - [MESSAGE][PASSED] - Text 'We use cookies to personalise content and ads, to provide social media features and to analyse our traffic' is not present on page

2020-04-24 09:56:41 - [TEST_STEP][PASSED] - verifyTextNotPresent(" We also share information about your use of our site with our social media, advertising and analytics partners", false): Text ' We also share information about your use of our site with our social media, advertising and analytics partners' is not present on page

2020-04-24 09:56:41 - [MESSAGE][PASSED] - Text ' We also share information about your use of our site with our social media, advertising and analytics partners' is not present on page

2020-04-24 09:56:41 - [TEST_STEP][PASSED] - verifyTextNotPresent("Cookie Policy", false): Text 'Cookie Policy' is not present on page

2020-04-24 09:56:42 - [MESSAGE][PASSED] - Text 'Cookie Policy' is not present on page

2020-04-24 09:56:42 - [TEST_STEP][PASSED] - waitForPageLoad(60): Wait for page load successfully

2020-04-24 09:56:42 - [MESSAGE][PASSED] - Wait for page load successfully

2020-04-24 09:56:42 - [TEST_STEP][PASSED] - "COOKIE - ORIGINAL": null

2020-04-24 09:56:42 - [TEST_STEP][PASSED] - if (waitForElementVisible(findTestObject("Object Repository/Feedback/Page_Checkatrade Give your feedback/input_Member_to_Review"), 5)): Web element with id: 'Object Repository/Feedback/Page_Checkatrade Give your feedback/input_Member_to_Review' located by 'By.xpath: //input[@id='feedback-form__company_autocomplete_input']' not found

2020-04-24 09:56:47 - [MESSAGE][INFO] - Unable to find the element located by 'By.xpath: //input[@id='feedback-form__company_autocomplete_input']'. Please recheck the objects properties to make sure the desired element is located. 

2020-04-24 09:56:47 - [MESSAGE][WARNING] - Web element with id: 'Object Repository/Feedback/Page_Checkatrade Give your feedback/input_Member_to_Review' located by 'By.xpath: //input[@id='feedback-form__company_autocomplete_input']' not found

2020-04-24 09:56:47 - [TEST_STEP][PASSED] - else: The <<<OLD>>> Website was detected by the STARTUP Process

2020-04-24 09:56:47 - [TEST_STEP][PASSED] - if (!(verifyElementVisible(findTestObject("Object Repository/Checkatrade_Trade_Search_Page/Page_Checkatrade Find a tradesperson you can trust/input_Search_Button_FF")))): Object 'Object Repository/Checkatrade_Trade_Search_Page/Page_Checkatrade Find a tradesperson you can trust/input_Search_Button_FF' is visible

2020-04-24 09:56:48 - [MESSAGE][PASSED] - Object 'Object Repository/Checkatrade_Trade_Search_Page/Page_Checkatrade Find a tradesperson you can trust/input_Search_Button_FF' is visible

2020-04-24 09:56:48 - [TEST_STEP][PASSED] - else: The <<<OLD>>> Website was detected by the STARTUP Process

2020-04-24 09:56:48 - [TEST_STEP][PASSED] - Website_Version = "old": null

2020-04-24 09:56:48 - [TEST_STEP][PASSED] - logInfo("The <<<OLD>>> Website was detected by the STARTUP Process"): The <<<OLD>>> Website was detected by the STARTUP Process

2020-04-24 09:56:48 - [MESSAGE][INFO] - The <<<OLD>>> Website was detected by the STARTUP Process

2020-04-24 09:56:48 - [MESSAGE][PASSED] - Call Test Case 'Test Cases/Reusable_Test_Sequences/CAT_Setup' successfully

2020-04-24 09:56:48 - [TEST_STEP][PASSED] - " Home Page validation Checks after COOKIE Dispelled": null

2020-04-24 09:56:48 - [TEST_STEP][PASSED] - "---------------------------------------------------------------------": null

2020-04-24 09:56:48 - [TEST_STEP][PASSED] - " Select Search on Trader Name (or ID) From Home page/Search Screen   |": null

2020-04-24 09:56:48 - [TEST_STEP][PASSED] - callTestCase(findTestCase("Reusable_Test_Sequences/CAT_Click_Search_Trade_Name"), [:], STOP_ON_FAILURE): Call Test Case 'Test Cases/Reusable_Test_Sequences/CAT_Click_Search_Trade_Name' successfully

2020-04-24 09:56:48 - [TEST_CASE][PASSED] - Test Cases/Reusable_Test_Sequences/CAT_Click_Search_Trade_Name: Test Cases/Reusable_Test_Sequences/CAT_Click_Search_Trade_Name

2020-04-24 09:56:48 - [TEST_STEP][PASSED] - waitForPageLoad(60): Wait for page load successfully

2020-04-24 09:56:48 - [MESSAGE][PASSED] - Wait for page load successfully

2020-04-24 09:56:48 - [TEST_STEP][PASSED] - if (Website_Version != "new"): Object: 'Object Repository/Page_Checkatrade Find a tradesperson you can trust/a_or look up a member by name' is clicked on

2020-04-24 09:56:48 - [TEST_STEP][PASSED] - waitForElementClickable(findTestObject("Object Repository/Page_Checkatrade Find a tradesperson you can trust/a_or look up a member by name"), 5): Object 'Object Repository/Page_Checkatrade Find a tradesperson you can trust/a_or look up a member by name' is clickable

2020-04-24 09:56:48 - [MESSAGE][PASSED] - Object 'Object Repository/Page_Checkatrade Find a tradesperson you can trust/a_or look up a member by name' is clickable

2020-04-24 09:56:48 - [TEST_STEP][PASSED] - click(findTestObject("Object Repository/Page_Checkatrade Find a tradesperson you can trust/a_or look up a member by name")): Object: 'Object Repository/Page_Checkatrade Find a tradesperson you can trust/a_or look up a member by name' is clicked on

2020-04-24 09:56:49 - [MESSAGE][PASSED] - Object: 'Object Repository/Page_Checkatrade Find a tradesperson you can trust/a_or look up a member by name' is clicked on

2020-04-24 09:56:49 - [TEST_STEP][PASSED] - if (Website_Version != "old"): null

2020-04-24 09:56:49 - [TEST_STEP][PASSED] - waitForPageLoad(60): Wait for page load successfully

2020-04-24 09:56:49 - [MESSAGE][PASSED] - Wait for page load successfully

2020-04-24 09:56:49 - [MESSAGE][PASSED] - Call Test Case 'Test Cases/Reusable_Test_Sequences/CAT_Click_Search_Trade_Name' successfully

2020-04-24 09:56:49 - [TEST_STEP][PASSED] - "---------------------------------------": null

2020-04-24 09:56:49 - [TEST_STEP][PASSED] - " Enter Trader Name (or ID) to Search   |": null

2020-04-24 09:56:49 - [TEST_STEP][PASSED] - callTestCase(findTestCase("Reusable_Test_Sequences/CAT_Enter_Trade_Name_NEG"), [:], STOP_ON_FAILURE): Call Test Case 'Test Cases/Reusable_Test_Sequences/CAT_Enter_Trade_Name_NEG' successfully

2020-04-24 09:56:49 - [TEST_CASE][PASSED] - Test Cases/Reusable_Test_Sequences/CAT_Enter_Trade_Name_NEG: Test Cases/Reusable_Test_Sequences/CAT_Enter_Trade_Name_NEG

2020-04-24 09:56:49 - [TEST_STEP][PASSED] - if (Website_Version != "new"): Text '1111111111111111111111111111111111111111111111111111111111111111111111111111111111111111111111' is set on object 'Object Repository/Page_Checkatrade Find a tradesperson you can trust/Trader_Name_To_Search'

2020-04-24 09:56:49 - [TEST_STEP][PASSED] - waitForElementClickable(findTestObject("Object Repository/Page_Checkatrade Find a tradesperson you can trust/Trader_Name_To_Search"), 5): Object 'Object Repository/Page_Checkatrade Find a tradesperson you can trust/Trader_Name_To_Search' is clickable

2020-04-24 09:56:49 - [MESSAGE][PASSED] - Object 'Object Repository/Page_Checkatrade Find a tradesperson you can trust/Trader_Name_To_Search' is clickable

2020-04-24 09:56:49 - [TEST_STEP][PASSED] - setText(findTestObject("Object Repository/Page_Checkatrade Find a tradesperson you can trust/Trader_Name_To_Search"), findTestData("Search_CAT_ID_Data_NEG").getValue("tradeName", row)): Text '1111111111111111111111111111111111111111111111111111111111111111111111111111111111111111111111' is set on object 'Object Repository/Page_Checkatrade Find a tradesperson you can trust/Trader_Name_To_Search'

2020-04-24 09:56:49 - [MESSAGE][PASSED] - Text '1111111111111111111111111111111111111111111111111111111111111111111111111111111111111111111111' is set on object 'Object Repository/Page_Checkatrade Find a tradesperson you can trust/Trader_Name_To_Search'

2020-04-24 09:56:49 - [MESSAGE][PASSED] - Call Test Case 'Test Cases/Reusable_Test_Sequences/CAT_Enter_Trade_Name_NEG' successfully

2020-04-24 09:56:49 - [TEST_STEP][PASSED] - "---------------------------------------": null

2020-04-24 09:56:49 - [TEST_STEP][PASSED] - " Search Trader Name (or ID)            |": null

2020-04-24 09:56:49 - [TEST_STEP][PASSED] - "---------------------------------------": null

2020-04-24 09:56:49 - [TEST_STEP][PASSED] - "---------------------------------------": null

2020-04-24 09:56:49 - [TEST_STEP][PASSED] - " Expected ERROR Reported               |": null

2020-04-24 09:56:49 - [TEST_STEP][PASSED] - callTestCase(findTestCase("Reusable_Test_Sequences/CAT_Search_Tradename_Not_Returned"), [:], CONTINUE_ON_FAILURE): Call Test Case 'Test Cases/Reusable_Test_Sequences/CAT_Search_Tradename_Not_Returned' successfully

2020-04-24 09:56:50 - [TEST_CASE][PASSED] - Test Cases/Reusable_Test_Sequences/CAT_Search_Tradename_Not_Returned: Test Cases/Reusable_Test_Sequences/CAT_Search_Tradename_Not_Returned

2020-04-24 09:56:50 - [TEST_STEP][PASSED] - "For later Extension": null

2020-04-24 09:56:50 - [TEST_STEP][PASSED] - "--------------------------------": null

2020-04-24 09:56:50 - [TEST_STEP][PASSED] - " Verify Sorry and Not Here Link |": null

2020-04-24 09:56:50 - [TEST_STEP][PASSED] - delay(1): Delayed 1 second(s)

2020-04-24 09:56:51 - [MESSAGE][PASSED] - Delayed 1 second(s)

2020-04-24 09:56:51 - [TEST_STEP][PASSED] - waitForPageLoad(60): Wait for page load successfully

2020-04-24 09:56:51 - [MESSAGE][PASSED] - Wait for page load successfully

2020-04-24 09:56:51 - [TEST_STEP][PASSED] - verifyElementPresent(findTestObject("Page_Checkatrade Find a tradesperson you can trust/a_or look up a member by name"), 10): Object 'Object Repository/Page_Checkatrade Find a tradesperson you can trust/a_or look up a member by name' is present

2020-04-24 09:56:51 - [MESSAGE][PASSED] - Object 'Object Repository/Page_Checkatrade Find a tradesperson you can trust/a_or look up a member by name' is present

2020-04-24 09:56:51 - [TEST_STEP][PASSED] - verifyTextPresent("Sorry, no results found", false): Text 'Sorry, no results found' is present on page 

2020-04-24 09:56:52 - [MESSAGE][PASSED] - Text 'Sorry, no results found' is present on page 

2020-04-24 09:56:52 - [TEST_STEP][PASSED] - verifyTextPresent("Not here", false): Text 'Not here' is present on page 

2020-04-24 09:56:53 - [MESSAGE][PASSED] - Text 'Not here' is present on page 

2020-04-24 09:56:53 - [TEST_STEP][PASSED] - "--------------------------------": null

2020-04-24 09:56:53 - [TEST_STEP][PASSED] - " Navigate Not Here Link         |": null

2020-04-24 09:56:53 - [TEST_STEP][PASSED] - waitForElementClickable(findTestObject("Object Repository/Page_Checkatrade Find a tradesperson you can trust/a_Not here"), 10): Object 'Object Repository/Page_Checkatrade Find a tradesperson you can trust/a_Not here' is clickable

2020-04-24 09:56:53 - [MESSAGE][PASSED] - Object 'Object Repository/Page_Checkatrade Find a tradesperson you can trust/a_Not here' is clickable

2020-04-24 09:56:53 - [TEST_STEP][PASSED] - click(findTestObject("Object Repository/Page_Checkatrade Find a tradesperson you can trust/a_Not here")): Object: 'Object Repository/Page_Checkatrade Find a tradesperson you can trust/a_Not here' is clicked on

2020-04-24 09:56:55 - [MESSAGE][PASSED] - Object: 'Object Repository/Page_Checkatrade Find a tradesperson you can trust/a_Not here' is clicked on

2020-04-24 09:56:55 - [TEST_STEP][PASSED] - "--------------------------------": null

2020-04-24 09:56:55 - [TEST_STEP][PASSED] - " Verify Returned Page           |": null

2020-04-24 09:56:55 - [TEST_STEP][PASSED] - "--------------------------------": null

2020-04-24 09:56:55 - [TEST_STEP][PASSED] - delay(3): Delayed 3 second(s)

2020-04-24 09:56:58 - [MESSAGE][PASSED] - Delayed 3 second(s)

2020-04-24 09:56:58 - [TEST_STEP][PASSED] - waitForPageLoad(60): Wait for page load successfully

2020-04-24 09:56:58 - [MESSAGE][PASSED] - Wait for page load successfully

2020-04-24 09:56:58 - [TEST_STEP][PASSED] - waitForElementClickable(findTestObject("Object Repository/Page_Checkatrade Find a tradesperson you can trust/link_Give_Your_Feedback"), 25): Object 'Object Repository/Page_Checkatrade Find a tradesperson you can trust/link_Give_Your_Feedback' is clickable

2020-04-24 09:56:58 - [MESSAGE][PASSED] - Object 'Object Repository/Page_Checkatrade Find a tradesperson you can trust/link_Give_Your_Feedback' is clickable

2020-04-24 09:56:58 - [TEST_STEP][PASSED] - verifyTextPresent("Company not listed?", false): Text 'Company not listed?' is present on page 

2020-04-24 09:56:58 - [MESSAGE][PASSED] - Text 'Company not listed?' is present on page 

2020-04-24 09:56:58 - [TEST_STEP][PASSED] - verifyTextPresent("If you are considering employing a particular company but cannot find them in our list of members", false): Text 'If you are considering employing a particular company but cannot find them in our list of members' is present on page 

2020-04-24 09:56:59 - [MESSAGE][PASSED] - Text 'If you are considering employing a particular company but cannot find them in our list of members' is present on page 

2020-04-24 09:56:59 - [TEST_STEP][PASSED] - verifyTextPresent("it may be because they are not a member of Checkatrade", false): Text 'it may be because they are not a member of Checkatrade' is present on page 

2020-04-24 09:56:59 - [MESSAGE][PASSED] - Text 'it may be because they are not a member of Checkatrade' is present on page 

2020-04-24 09:56:59 - [TEST_STEP][PASSED] - verifyTextPresent("If you would like to recommend a company to us, please give your feedback", false): Text 'If you would like to recommend a company to us, please give your feedback' is present on page 

2020-04-24 09:56:59 - [MESSAGE][PASSED] - Text 'If you would like to recommend a company to us, please give your feedback' is present on page 

2020-04-24 09:56:59 - [TEST_STEP][PASSED] - verifyTextPresent("If you would like help searching for a company, please call 0333 0146 190", false): Text 'If you would like help searching for a company, please call 0333 0146 190' is present on page 

2020-04-24 09:57:00 - [MESSAGE][PASSED] - Text 'If you would like help searching for a company, please call 0333 0146 190' is present on page 

2020-04-24 09:57:00 - [TEST_STEP][PASSED] - "----------------------------------------": null

2020-04-24 09:57:00 - [TEST_STEP][PASSED] - "----------------------------------------": null

2020-04-24 09:57:00 - [TEST_STEP][PASSED] - "Give Feedback Link NOT CHECKED Here     |": null

2020-04-24 09:57:00 - [TEST_STEP][PASSED] - System.gc(): null

2020-04-24 09:57:00 - [MESSAGE][PASSED] - Call Test Case 'Test Cases/Reusable_Test_Sequences/CAT_Search_Tradename_Not_Returned' successfully

2020-04-24 09:57:00 - [TEST_STEP][PASSED] - "--------------------------": null

2020-04-24 09:57:00 - [TEST_STEP][PASSED] - " Teardown - CLose Browser |": null

2020-04-24 09:57:00 - [TEST_STEP][PASSED] - callTestCase(findTestCase("Reusable_Test_Sequences/CAT_Teardown"), [:], OPTIONAL): Call Test Case 'Test Cases/Reusable_Test_Sequences/CAT_Teardown' successfully

2020-04-24 09:57:00 - [TEST_CASE][PASSED] - Test Cases/Reusable_Test_Sequences/CAT_Teardown: Test Cases/Reusable_Test_Sequences/CAT_Teardown

2020-04-24 09:57:00 - [TEST_STEP][PASSED] - closeBrowser(): Browser is closed

2020-04-24 09:57:03 - [MESSAGE][PASSED] - Browser is closed

2020-04-24 09:57:03 - [TEST_STEP][PASSED] - super.finalize(): null

2020-04-24 09:57:03 - [TEST_STEP][PASSED] - System.gc(): null

2020-04-24 09:57:03 - [MESSAGE][PASSED] - Call Test Case 'Test Cases/Reusable_Test_Sequences/CAT_Teardown' successfully

2020-04-24 09:57:03 - [TEST_STEP][PASSED] - callTestCase(findTestCase("Reusable_Test_Sequences/CAT_Setup"), [:], STOP_ON_FAILURE): Call Test Case 'Test Cases/Reusable_Test_Sequences/CAT_Setup' successfully

2020-04-24 09:57:03 - [TEST_CASE][PASSED] - Test Cases/Reusable_Test_Sequences/CAT_Setup: Test Cases/Reusable_Test_Sequences/CAT_Setup

2020-04-24 09:57:03 - [TEST_STEP][PASSED] - "------------------------------": null

2020-04-24 09:57:03 - [TEST_STEP][PASSED] - " Set Mobile Device Testing    |": null

2020-04-24 09:57:03 - [TEST_STEP][PASSED] - if (Mobile_Flag == "true"): null

2020-04-24 09:57:03 - [TEST_STEP][PASSED] - "------------------------------": null

2020-04-24 09:57:03 - [TEST_STEP][PASSED] - " Set Mobile Device Testing    |": null

2020-04-24 09:57:03 - [TEST_STEP][PASSED] - "------------------------------": null

2020-04-24 09:57:03 - [TEST_STEP][PASSED] - "URL - Set from the ENVIRONMENT PROFILE ": null

2020-04-24 09:57:03 - [TEST_STEP][PASSED] - openBrowser(URL): Browser is opened with url: 'https://www.preview.checkatrade.com/'

2020-04-24 09:57:03 - [MESSAGE][INFO] - Starting 'Firefox' driver

2020-04-24 09:57:03 - [MESSAGE][INFO] - Action delay is set to 0 milliseconds

2020-04-24 09:57:16 - [MESSAGE][PASSED] - Browser is opened with url: 'https://www.preview.checkatrade.com/'

2020-04-24 09:57:16 - [TEST_STEP][PASSED] - maximizeWindow(): Current window maximized

2020-04-24 09:57:17 - [MESSAGE][PASSED] - Current window maximized

2020-04-24 09:57:17 - [TEST_STEP][PASSED] - waitForPageLoad(60): Wait for page load successfully

2020-04-24 09:57:17 - [MESSAGE][PASSED] - Wait for page load successfully

2020-04-24 09:57:17 - [TEST_STEP][PASSED] - "Previous Functionalilty Left Commented For Ease Of reversion": null

2020-04-24 09:57:17 - [TEST_STEP][PASSED] - " Katalon Try/Catches currently have issues? SEE HEADER": null

2020-04-24 09:57:17 - [TEST_STEP][PASSED] - try: Text 'Cookie Policy' is not present on page

2020-04-24 09:57:17 - [TEST_STEP][PASSED] - verifyElementPresent(findTestObject("Object Repository/Cookies/Page_Checkatrade Find a tradesperson you can trust/button_Accept All"), 5, OPTIONAL): Object 'Object Repository/Cookies/Page_Checkatrade Find a tradesperson you can trust/button_Accept All' is present

2020-04-24 09:57:17 - [MESSAGE][PASSED] - Object 'Object Repository/Cookies/Page_Checkatrade Find a tradesperson you can trust/button_Accept All' is present

2020-04-24 09:57:17 - [TEST_STEP][PASSED] - click(findTestObject("Object Repository/Cookies/Page_Checkatrade Find a tradesperson you can trust/button_Accept All"), OPTIONAL): Object: 'Object Repository/Cookies/Page_Checkatrade Find a tradesperson you can trust/button_Accept All' is clicked on

2020-04-24 09:57:18 - [MESSAGE][PASSED] - Object: 'Object Repository/Cookies/Page_Checkatrade Find a tradesperson you can trust/button_Accept All' is clicked on

2020-04-24 09:57:18 - [TEST_STEP][PASSED] - "---------------------------------": null

2020-04-24 09:57:18 - [TEST_STEP][PASSED] - "COOKIE POPOUT REMOVED - Confirmed": null

2020-04-24 09:57:18 - [TEST_STEP][PASSED] - delay(1): Delayed 1 second(s)

2020-04-24 09:57:19 - [MESSAGE][PASSED] - Delayed 1 second(s)

2020-04-24 09:57:19 - [TEST_STEP][PASSED] - verifyTextNotPresent("We use cookies to personalise content and ads, to provide social media features and to analyse our traffic", false): Text 'We use cookies to personalise content and ads, to provide social media features and to analyse our traffic' is not present on page

2020-04-24 09:57:21 - [MESSAGE][PASSED] - Text 'We use cookies to personalise content and ads, to provide social media features and to analyse our traffic' is not present on page

2020-04-24 09:57:21 - [TEST_STEP][PASSED] - verifyTextNotPresent(" We also share information about your use of our site with our social media, advertising and analytics partners", false): Text ' We also share information about your use of our site with our social media, advertising and analytics partners' is not present on page

2020-04-24 09:57:21 - [MESSAGE][PASSED] - Text ' We also share information about your use of our site with our social media, advertising and analytics partners' is not present on page

2020-04-24 09:57:21 - [TEST_STEP][PASSED] - verifyTextNotPresent("Cookie Policy", false): Text 'Cookie Policy' is not present on page

2020-04-24 09:57:22 - [MESSAGE][PASSED] - Text 'Cookie Policy' is not present on page

2020-04-24 09:57:22 - [TEST_STEP][PASSED] - waitForPageLoad(60): Wait for page load successfully

2020-04-24 09:57:22 - [MESSAGE][PASSED] - Wait for page load successfully

2020-04-24 09:57:22 - [TEST_STEP][PASSED] - "COOKIE - ORIGINAL": null

2020-04-24 09:57:22 - [TEST_STEP][PASSED] - if (waitForElementVisible(findTestObject("Object Repository/Feedback/Page_Checkatrade Give your feedback/input_Member_to_Review"), 5)): Web element with id: 'Object Repository/Feedback/Page_Checkatrade Give your feedback/input_Member_to_Review' located by 'By.xpath: //input[@id='feedback-form__company_autocomplete_input']' not found

2020-04-24 09:57:28 - [MESSAGE][INFO] - Unable to find the element located by 'By.xpath: //input[@id='feedback-form__company_autocomplete_input']'. Please recheck the objects properties to make sure the desired element is located. 

2020-04-24 09:57:28 - [MESSAGE][WARNING] - Web element with id: 'Object Repository/Feedback/Page_Checkatrade Give your feedback/input_Member_to_Review' located by 'By.xpath: //input[@id='feedback-form__company_autocomplete_input']' not found

2020-04-24 09:57:28 - [TEST_STEP][PASSED] - else: The <<<OLD>>> Website was detected by the STARTUP Process

2020-04-24 09:57:28 - [TEST_STEP][PASSED] - if (!(verifyElementVisible(findTestObject("Object Repository/Checkatrade_Trade_Search_Page/Page_Checkatrade Find a tradesperson you can trust/input_Search_Button_FF")))): Object 'Object Repository/Checkatrade_Trade_Search_Page/Page_Checkatrade Find a tradesperson you can trust/input_Search_Button_FF' is visible

2020-04-24 09:57:28 - [MESSAGE][PASSED] - Object 'Object Repository/Checkatrade_Trade_Search_Page/Page_Checkatrade Find a tradesperson you can trust/input_Search_Button_FF' is visible

2020-04-24 09:57:28 - [TEST_STEP][PASSED] - else: The <<<OLD>>> Website was detected by the STARTUP Process

2020-04-24 09:57:28 - [TEST_STEP][PASSED] - Website_Version = "old": null

2020-04-24 09:57:28 - [TEST_STEP][PASSED] - logInfo("The <<<OLD>>> Website was detected by the STARTUP Process"): The <<<OLD>>> Website was detected by the STARTUP Process

2020-04-24 09:57:28 - [MESSAGE][INFO] - The <<<OLD>>> Website was detected by the STARTUP Process

2020-04-24 09:57:28 - [MESSAGE][PASSED] - Call Test Case 'Test Cases/Reusable_Test_Sequences/CAT_Setup' successfully

2020-04-24 09:57:28 - [TEST_STEP][PASSED] - " Home Page validation Checks after COOKIE Dispelled": null

2020-04-24 09:57:28 - [TEST_STEP][PASSED] - "---------------------------------------------------------------------": null

2020-04-24 09:57:28 - [TEST_STEP][PASSED] - " Select Search on Trader Name (or ID) From Home page/Search Screen   |": null

2020-04-24 09:57:28 - [TEST_STEP][PASSED] - callTestCase(findTestCase("Reusable_Test_Sequences/CAT_Click_Search_Trade_Name"), [:], STOP_ON_FAILURE): Call Test Case 'Test Cases/Reusable_Test_Sequences/CAT_Click_Search_Trade_Name' successfully

2020-04-24 09:57:28 - [TEST_CASE][PASSED] - Test Cases/Reusable_Test_Sequences/CAT_Click_Search_Trade_Name: Test Cases/Reusable_Test_Sequences/CAT_Click_Search_Trade_Name

2020-04-24 09:57:28 - [TEST_STEP][PASSED] - waitForPageLoad(60): Wait for page load successfully

2020-04-24 09:57:28 - [MESSAGE][PASSED] - Wait for page load successfully

2020-04-24 09:57:28 - [TEST_STEP][PASSED] - if (Website_Version != "new"): Object: 'Object Repository/Page_Checkatrade Find a tradesperson you can trust/a_or look up a member by name' is clicked on

2020-04-24 09:57:28 - [TEST_STEP][PASSED] - waitForElementClickable(findTestObject("Object Repository/Page_Checkatrade Find a tradesperson you can trust/a_or look up a member by name"), 5): Object 'Object Repository/Page_Checkatrade Find a tradesperson you can trust/a_or look up a member by name' is clickable

2020-04-24 09:57:28 - [MESSAGE][PASSED] - Object 'Object Repository/Page_Checkatrade Find a tradesperson you can trust/a_or look up a member by name' is clickable

2020-04-24 09:57:28 - [TEST_STEP][PASSED] - click(findTestObject("Object Repository/Page_Checkatrade Find a tradesperson you can trust/a_or look up a member by name")): Object: 'Object Repository/Page_Checkatrade Find a tradesperson you can trust/a_or look up a member by name' is clicked on

2020-04-24 09:57:28 - [MESSAGE][PASSED] - Object: 'Object Repository/Page_Checkatrade Find a tradesperson you can trust/a_or look up a member by name' is clicked on

2020-04-24 09:57:28 - [TEST_STEP][PASSED] - if (Website_Version != "old"): null

2020-04-24 09:57:28 - [TEST_STEP][PASSED] - waitForPageLoad(60): Wait for page load successfully

2020-04-24 09:57:29 - [MESSAGE][PASSED] - Wait for page load successfully

2020-04-24 09:57:29 - [MESSAGE][PASSED] - Call Test Case 'Test Cases/Reusable_Test_Sequences/CAT_Click_Search_Trade_Name' successfully

2020-04-24 09:57:29 - [TEST_STEP][PASSED] - "---------------------------------------": null

2020-04-24 09:57:29 - [TEST_STEP][PASSED] - " Enter Trader Name (or ID) to Search   |": null

2020-04-24 09:57:29 - [TEST_STEP][PASSED] - callTestCase(findTestCase("Reusable_Test_Sequences/CAT_Enter_Trade_Name_NEG"), [:], STOP_ON_FAILURE): Call Test Case 'Test Cases/Reusable_Test_Sequences/CAT_Enter_Trade_Name_NEG' successfully

2020-04-24 09:57:29 - [TEST_CASE][PASSED] - Test Cases/Reusable_Test_Sequences/CAT_Enter_Trade_Name_NEG: Test Cases/Reusable_Test_Sequences/CAT_Enter_Trade_Name_NEG

2020-04-24 09:57:29 - [TEST_STEP][PASSED] - if (Website_Version != "new"): Text '£!_+@~#?|*' is set on object 'Object Repository/Page_Checkatrade Find a tradesperson you can trust/Trader_Name_To_Search'

2020-04-24 09:57:29 - [TEST_STEP][PASSED] - waitForElementClickable(findTestObject("Object Repository/Page_Checkatrade Find a tradesperson you can trust/Trader_Name_To_Search"), 5): Object 'Object Repository/Page_Checkatrade Find a tradesperson you can trust/Trader_Name_To_Search' is clickable

2020-04-24 09:57:29 - [MESSAGE][PASSED] - Object 'Object Repository/Page_Checkatrade Find a tradesperson you can trust/Trader_Name_To_Search' is clickable

2020-04-24 09:57:29 - [TEST_STEP][PASSED] - setText(findTestObject("Object Repository/Page_Checkatrade Find a tradesperson you can trust/Trader_Name_To_Search"), findTestData("Search_CAT_ID_Data_NEG").getValue("tradeName", row)): Text '£!_+@~#?|*' is set on object 'Object Repository/Page_Checkatrade Find a tradesperson you can trust/Trader_Name_To_Search'

2020-04-24 09:57:29 - [MESSAGE][PASSED] - Text '£!_+@~#?|*' is set on object 'Object Repository/Page_Checkatrade Find a tradesperson you can trust/Trader_Name_To_Search'

2020-04-24 09:57:29 - [MESSAGE][PASSED] - Call Test Case 'Test Cases/Reusable_Test_Sequences/CAT_Enter_Trade_Name_NEG' successfully

2020-04-24 09:57:29 - [TEST_STEP][PASSED] - "---------------------------------------": null

2020-04-24 09:57:29 - [TEST_STEP][PASSED] - " Search Trader Name (or ID)            |": null

2020-04-24 09:57:29 - [TEST_STEP][PASSED] - "---------------------------------------": null

2020-04-24 09:57:29 - [TEST_STEP][PASSED] - "---------------------------------------": null

2020-04-24 09:57:29 - [TEST_STEP][PASSED] - " Expected ERROR Reported               |": null

2020-04-24 09:57:29 - [TEST_STEP][PASSED] - callTestCase(findTestCase("Reusable_Test_Sequences/CAT_Search_Tradename_Not_Returned"), [:], CONTINUE_ON_FAILURE): Call Test Case 'Test Cases/Reusable_Test_Sequences/CAT_Search_Tradename_Not_Returned' successfully

2020-04-24 09:57:29 - [TEST_CASE][PASSED] - Test Cases/Reusable_Test_Sequences/CAT_Search_Tradename_Not_Returned: Test Cases/Reusable_Test_Sequences/CAT_Search_Tradename_Not_Returned

2020-04-24 09:57:29 - [TEST_STEP][PASSED] - "For later Extension": null

2020-04-24 09:57:29 - [TEST_STEP][PASSED] - "--------------------------------": null

2020-04-24 09:57:29 - [TEST_STEP][PASSED] - " Verify Sorry and Not Here Link |": null

2020-04-24 09:57:29 - [TEST_STEP][PASSED] - delay(1): Delayed 1 second(s)

2020-04-24 09:57:30 - [MESSAGE][PASSED] - Delayed 1 second(s)

2020-04-24 09:57:30 - [TEST_STEP][PASSED] - waitForPageLoad(60): Wait for page load successfully

2020-04-24 09:57:30 - [MESSAGE][PASSED] - Wait for page load successfully

2020-04-24 09:57:30 - [TEST_STEP][PASSED] - verifyElementPresent(findTestObject("Page_Checkatrade Find a tradesperson you can trust/a_or look up a member by name"), 10): Object 'Object Repository/Page_Checkatrade Find a tradesperson you can trust/a_or look up a member by name' is present

2020-04-24 09:57:30 - [MESSAGE][PASSED] - Object 'Object Repository/Page_Checkatrade Find a tradesperson you can trust/a_or look up a member by name' is present

2020-04-24 09:57:30 - [TEST_STEP][PASSED] - verifyTextPresent("Sorry, no results found", false): Text 'Sorry, no results found' is present on page 

2020-04-24 09:57:31 - [MESSAGE][PASSED] - Text 'Sorry, no results found' is present on page 

2020-04-24 09:57:31 - [TEST_STEP][PASSED] - verifyTextPresent("Not here", false): Text 'Not here' is present on page 

2020-04-24 09:57:32 - [MESSAGE][PASSED] - Text 'Not here' is present on page 

2020-04-24 09:57:32 - [TEST_STEP][PASSED] - "--------------------------------": null

2020-04-24 09:57:32 - [TEST_STEP][PASSED] - " Navigate Not Here Link         |": null

2020-04-24 09:57:32 - [TEST_STEP][PASSED] - waitForElementClickable(findTestObject("Object Repository/Page_Checkatrade Find a tradesperson you can trust/a_Not here"), 10): Object 'Object Repository/Page_Checkatrade Find a tradesperson you can trust/a_Not here' is clickable

2020-04-24 09:57:32 - [MESSAGE][PASSED] - Object 'Object Repository/Page_Checkatrade Find a tradesperson you can trust/a_Not here' is clickable

2020-04-24 09:57:32 - [TEST_STEP][PASSED] - click(findTestObject("Object Repository/Page_Checkatrade Find a tradesperson you can trust/a_Not here")): Object: 'Object Repository/Page_Checkatrade Find a tradesperson you can trust/a_Not here' is clicked on

2020-04-24 09:57:36 - [MESSAGE][PASSED] - Object: 'Object Repository/Page_Checkatrade Find a tradesperson you can trust/a_Not here' is clicked on

2020-04-24 09:57:36 - [TEST_STEP][PASSED] - "--------------------------------": null

2020-04-24 09:57:36 - [TEST_STEP][PASSED] - " Verify Returned Page           |": null

2020-04-24 09:57:36 - [TEST_STEP][PASSED] - "--------------------------------": null

2020-04-24 09:57:36 - [TEST_STEP][PASSED] - delay(3): Delayed 3 second(s)

2020-04-24 09:57:39 - [MESSAGE][PASSED] - Delayed 3 second(s)

2020-04-24 09:57:39 - [TEST_STEP][PASSED] - waitForPageLoad(60): Wait for page load successfully

2020-04-24 09:57:39 - [MESSAGE][PASSED] - Wait for page load successfully

2020-04-24 09:57:39 - [TEST_STEP][PASSED] - waitForElementClickable(findTestObject("Object Repository/Page_Checkatrade Find a tradesperson you can trust/link_Give_Your_Feedback"), 25): Object 'Object Repository/Page_Checkatrade Find a tradesperson you can trust/link_Give_Your_Feedback' is clickable

2020-04-24 09:57:39 - [MESSAGE][PASSED] - Object 'Object Repository/Page_Checkatrade Find a tradesperson you can trust/link_Give_Your_Feedback' is clickable

2020-04-24 09:57:39 - [TEST_STEP][PASSED] - verifyTextPresent("Company not listed?", false): Text 'Company not listed?' is present on page 

2020-04-24 09:57:39 - [MESSAGE][PASSED] - Text 'Company not listed?' is present on page 

2020-04-24 09:57:39 - [TEST_STEP][PASSED] - verifyTextPresent("If you are considering employing a particular company but cannot find them in our list of members", false): Text 'If you are considering employing a particular company but cannot find them in our list of members' is present on page 

2020-04-24 09:57:40 - [MESSAGE][PASSED] - Text 'If you are considering employing a particular company but cannot find them in our list of members' is present on page 

2020-04-24 09:57:40 - [TEST_STEP][PASSED] - verifyTextPresent("it may be because they are not a member of Checkatrade", false): Text 'it may be because they are not a member of Checkatrade' is present on page 

2020-04-24 09:57:40 - [MESSAGE][PASSED] - Text 'it may be because they are not a member of Checkatrade' is present on page 

2020-04-24 09:57:40 - [TEST_STEP][PASSED] - verifyTextPresent("If you would like to recommend a company to us, please give your feedback", false): Text 'If you would like to recommend a company to us, please give your feedback' is present on page 

2020-04-24 09:57:41 - [MESSAGE][PASSED] - Text 'If you would like to recommend a company to us, please give your feedback' is present on page 

2020-04-24 09:57:41 - [TEST_STEP][PASSED] - verifyTextPresent("If you would like help searching for a company, please call 0333 0146 190", false): Text 'If you would like help searching for a company, please call 0333 0146 190' is present on page 

2020-04-24 09:57:41 - [MESSAGE][PASSED] - Text 'If you would like help searching for a company, please call 0333 0146 190' is present on page 

2020-04-24 09:57:41 - [TEST_STEP][PASSED] - "----------------------------------------": null

2020-04-24 09:57:41 - [TEST_STEP][PASSED] - "----------------------------------------": null

2020-04-24 09:57:41 - [TEST_STEP][PASSED] - "Give Feedback Link NOT CHECKED Here     |": null

2020-04-24 09:57:41 - [TEST_STEP][PASSED] - System.gc(): null

2020-04-24 09:57:41 - [MESSAGE][PASSED] - Call Test Case 'Test Cases/Reusable_Test_Sequences/CAT_Search_Tradename_Not_Returned' successfully

2020-04-24 09:57:41 - [TEST_STEP][PASSED] - "--------------------------": null

2020-04-24 09:57:41 - [TEST_STEP][PASSED] - " Teardown - CLose Browser |": null

2020-04-24 09:57:41 - [TEST_STEP][PASSED] - callTestCase(findTestCase("Reusable_Test_Sequences/CAT_Teardown"), [:], OPTIONAL): Call Test Case 'Test Cases/Reusable_Test_Sequences/CAT_Teardown' successfully

2020-04-24 09:57:41 - [TEST_CASE][PASSED] - Test Cases/Reusable_Test_Sequences/CAT_Teardown: Test Cases/Reusable_Test_Sequences/CAT_Teardown

2020-04-24 09:57:41 - [TEST_STEP][PASSED] - closeBrowser(): Browser is closed

2020-04-24 09:57:47 - [MESSAGE][PASSED] - Browser is closed

2020-04-24 09:57:47 - [TEST_STEP][PASSED] - super.finalize(): null

2020-04-24 09:57:47 - [TEST_STEP][PASSED] - System.gc(): null

2020-04-24 09:57:47 - [MESSAGE][PASSED] - Call Test Case 'Test Cases/Reusable_Test_Sequences/CAT_Teardown' successfully]]></system-out>
         <system-err><![CDATA[]]></system-err>
      </testcase>
      <system-out><![CDATA[2020-04-24 09:46:56 - [TEST_SUITE][PASSED] - Trade_Name_Multiple_Search: Test Cases/Checkatrade_Tradesman_Searches/Trader_Name_Not_Listed]]></system-out>
      <system-err><![CDATA[]]></system-err>
   </testsuite>
</testsuites>
