<?xml version="1.0" encoding="UTF-8"?>
<testsuites name="Web_Office_Searches" time="257.968" tests="3" failures="2" errors="0">
   <testsuite name="Web_Office_Searches" tests="3" failures="2" errors="0" time="257.968" timestamp="2020-04-21 14:50:08" hostname="DavidHo - 192.168.1.238" id="Test Suites/Web_Office_Searches">
      <properties>
         <property name="deviceName" value=""/>
         <property name="devicePlatform" value=""/>
         <property name="logFolder" value="C:\\Users\\davidho\\git\\src\\Reports\\20200421_143111\\Web_Office_Searches\\20200421_143119"/>
         <property name="logFiles" value="C:\\Users\\davidho\\git\\src\\Reports\\20200421_143111\\Web_Office_Searches\\20200421_143119\\execution0.log"/>
         <property name="attachments" value=""/>
         <property name="hostName" value="DavidHo - 192.168.1.238"/>
         <property name="os" value="Windows 10 32bit"/>
         <property name="katalonVersion" value="7.3.1.1"/>
         <property name="browser" value="Chrome 81.0.4044.113"/>
         <property name="hostAddress" value="192.168.1.238"/>
         <property name="sessionId" value="82edddc4cdabac6bfb6034c997b32751"/>
         <property name="seleniumVersion" value="3.141.59"/>
         <property name="proxyInformation" value="ProxyInformation{proxyOption=NO_PROXY, proxyServerType=HTTP, password=, proxyServerAddress=, proxyServerPort=0, executionList=}"/>
         <property name="platform" value="Windows 10"/>
      </properties>
      <testcase name="Test Cases/Web_Office/WebOffice_Companies_Advanced_Search" time="206.591" classname="Test Cases/Web_Office/WebOffice_Companies_Advanced_Search" status="PASSED">
         <system-out><![CDATA[2020-04-21 14:50:08 - [TEST_CASE][PASSED] - Test Cases/Web_Office/WebOffice_Companies_Advanced_Search: Test Cases/Web_Office/WebOffice_Companies_Advanced_Search

2020-04-21 14:50:09 - [TEST_STEP][PASSED] - for ([row = 1, row <= findTestData("Data Files/Advance_Company_Search_Data").getRowNumbers(), (internal.GlobalVariable.row++)]): Call Test Case 'Test Cases/Reusable_Test_Sequences/CAT_Teardown' successfully

2020-04-21 14:50:11 - [TEST_STEP][PASSED] - "--------------------------------------": null

2020-04-21 14:50:11 - [TEST_STEP][PASSED] - " Web Office StartUp                  |": null

2020-04-21 14:50:11 - [TEST_STEP][PASSED] - callTestCase(findTestCase("Reusable_Test_Sequences/Web_Office/Directives/WebOffice_StartUp"), [:], STOP_ON_FAILURE): Call Test Case 'Test Cases/Reusable_Test_Sequences/Web_Office/Directives/WebOffice_StartUp' successfully

2020-04-21 14:50:11 - [TEST_CASE][PASSED] - Test Cases/Reusable_Test_Sequences/Web_Office/Directives/WebOffice_StartUp: Test Cases/Reusable_Test_Sequences/Web_Office/Directives/WebOffice_StartUp

2020-04-21 14:50:11 - [TEST_STEP][PASSED] - "-----------------------------------------------------------------------------": null

2020-04-21 14:50:11 - [TEST_STEP][PASSED] - if (URL == "https://www.dev.checkatrade.com/"): null

2020-04-21 14:50:11 - [TEST_STEP][PASSED] - "-----------------------------------------------------------------------------": null

2020-04-21 14:50:11 - [TEST_STEP][PASSED] - if (URL == "https://www.checkatrade.com/"): null

2020-04-21 14:50:11 - [TEST_STEP][PASSED] - "-----------------------------------------------------------------------------": null

2020-04-21 14:50:11 - [TEST_STEP][PASSED] - if (URL == "https://www.preview.checkatrade.com/"): null

2020-04-21 14:50:11 - [TEST_STEP][PASSED] - WebOfficeURL = "https://admin.preview.checkatrade.com/": null

2020-04-21 14:50:11 - [TEST_STEP][PASSED] - if (URL == "https://www.dev2.checkatrade.com/"): null

2020-04-21 14:50:11 - [TEST_STEP][PASSED] - "Set Function Area for "URL_Handler", URL Resolution": null

2020-04-21 14:50:11 - [TEST_STEP][PASSED] - "Do Some Magic with URL(s) See the comments within URL Handler ": null

2020-04-21 14:50:11 - [TEST_STEP][PASSED] - "------------------------------------------------": null

2020-04-21 14:50:11 - [TEST_STEP][PASSED] - "Moved Login Credentials to <Default> profile 22/01/2020": null

2020-04-21 14:50:11 - [TEST_STEP][PASSED] - "------------------------------------------------": null

2020-04-21 14:50:11 - [TEST_STEP][PASSED] - "WebOfficeURL - Set from the ENVIRONMENT PROFILE ": null

2020-04-21 14:50:11 - [TEST_STEP][PASSED] - "OPEN BROWSER": null

2020-04-21 14:50:11 - [TEST_STEP][PASSED] - "eg - https://admin.preview.checkatrade.com/  ": null

2020-04-21 14:50:11 - [TEST_STEP][PASSED] - openBrowser(WebOfficeURL): Browser is opened with url: 'https://admin.preview.checkatrade.com/'

2020-04-21 14:50:12 - [MESSAGE][INFO] - Starting 'Chrome' driver

2020-04-21 14:50:12 - [MESSAGE][INFO] - Action delay is set to 0 milliseconds

2020-04-21 14:50:19 - [MESSAGE][PASSED] - Browser is opened with url: 'https://admin.preview.checkatrade.com/'

2020-04-21 14:50:19 - [TEST_STEP][PASSED] - maximizeWindow(): Current window maximized

2020-04-21 14:50:21 - [MESSAGE][PASSED] - Current window maximized

2020-04-21 14:50:21 - [TEST_STEP][PASSED] - waitForElementClickable(findTestObject("Object Repository/WebOffice/Page_Checkatrade - Administration - Login/Login_Button"), 25): Object 'Object Repository/WebOffice/Page_Checkatrade - Administration - Login/Login_Button' is clickable

2020-04-21 14:50:22 - [MESSAGE][PASSED] - Object 'Object Repository/WebOffice/Page_Checkatrade - Administration - Login/Login_Button' is clickable

2020-04-21 14:50:22 - [TEST_STEP][PASSED] - verifyTextPresent("Checkatrade Web Office", false): Text 'Checkatrade Web Office' is present on page 

2020-04-21 14:50:22 - [MESSAGE][PASSED] - Text 'Checkatrade Web Office' is present on page 

2020-04-21 14:50:22 - [TEST_STEP][PASSED] - verifyTextPresent("Access for staff use only", false): Text 'Access for staff use only' is present on page 

2020-04-21 14:50:22 - [MESSAGE][PASSED] - Text 'Access for staff use only' is present on page 

2020-04-21 14:50:22 - [TEST_STEP][PASSED] - verifyTextPresent("Forgotten password?", false): Text 'Forgotten password?' is present on page 

2020-04-21 14:50:22 - [MESSAGE][PASSED] - Text 'Forgotten password?' is present on page 

2020-04-21 14:50:22 - [TEST_STEP][PASSED] - setText(findTestObject("Object Repository/WebOffice/Page_Checkatrade - Administration - Login/input_Username_LoginControlUserName"), wo_Username): Text 'DavidHo' is set on object 'Object Repository/WebOffice/Page_Checkatrade - Administration - Login/input_Username_LoginControlUserName'

2020-04-21 14:50:23 - [MESSAGE][PASSED] - Text 'DavidHo' is set on object 'Object Repository/WebOffice/Page_Checkatrade - Administration - Login/input_Username_LoginControlUserName'

2020-04-21 14:50:23 - [TEST_STEP][PASSED] - setText(findTestObject("Object Repository/WebOffice/Page_Checkatrade - Administration - Login/input_Password_LoginControlPassword"), wo_Password): Text 'Check123' is set on object 'Object Repository/WebOffice/Page_Checkatrade - Administration - Login/input_Password_LoginControlPassword'

2020-04-21 14:50:23 - [MESSAGE][PASSED] - Text 'Check123' is set on object 'Object Repository/WebOffice/Page_Checkatrade - Administration - Login/input_Password_LoginControlPassword'

2020-04-21 14:50:23 - [TEST_STEP][PASSED] - click(findTestObject("Object Repository/WebOffice/Page_Checkatrade - Administration - Login/Login_Button")): Object: 'Object Repository/WebOffice/Page_Checkatrade - Administration - Login/Login_Button' is clicked on

2020-04-21 14:50:25 - [MESSAGE][PASSED] - Object: 'Object Repository/WebOffice/Page_Checkatrade - Administration - Login/Login_Button' is clicked on

2020-04-21 14:50:25 - [TEST_STEP][PASSED] - waitForPageLoad(60): Wait for page load successfully

2020-04-21 14:50:25 - [MESSAGE][PASSED] - Wait for page load successfully

2020-04-21 14:50:25 - [TEST_STEP][PASSED] - verifyTextPresent("Welcome " + wo_Username, false): Text 'Welcome DavidHo' is present on page 

2020-04-21 14:50:25 - [MESSAGE][PASSED] - Text 'Welcome DavidHo' is present on page 

2020-04-21 14:50:25 - [MESSAGE][PASSED] - Call Test Case 'Test Cases/Reusable_Test_Sequences/Web_Office/Directives/WebOffice_StartUp' successfully

2020-04-21 14:50:25 - [TEST_STEP][PASSED] - "--------------------------------------": null

2020-04-21 14:50:25 - [TEST_STEP][PASSED] - " Navigate to <Companies> Menu Item    |": null

2020-04-21 14:50:25 - [TEST_STEP][PASSED] - callTestCase(findTestCase("Reusable_Test_Sequences/Web_Office/navigation/Navigate_Advanced_Company_Search"), [:], STOP_ON_FAILURE): Call Test Case 'Test Cases/Reusable_Test_Sequences/Web_Office/navigation/Navigate_Advanced_Company_Search' successfully

2020-04-21 14:50:25 - [TEST_CASE][PASSED] - Test Cases/Reusable_Test_Sequences/Web_Office/navigation/Navigate_Advanced_Company_Search: Test Cases/Reusable_Test_Sequences/Web_Office/navigation/Navigate_Advanced_Company_Search

2020-04-21 14:50:26 - [TEST_STEP][PASSED] - "--------------------------------------": null

2020-04-21 14:50:26 - [TEST_STEP][PASSED] - " Navigate Top level menu Item         |": null

2020-04-21 14:50:26 - [TEST_STEP][PASSED] - waitForPageLoad(60): Wait for page load successfully

2020-04-21 14:50:26 - [MESSAGE][PASSED] - Wait for page load successfully

2020-04-21 14:50:26 - [TEST_STEP][PASSED] - waitForElementClickable(findTestObject("Object Repository/WebOffice_Home_page/a_Companies"), 60): Object 'Object Repository/WebOffice_Home_page/a_Companies' is clickable

2020-04-21 14:50:26 - [MESSAGE][PASSED] - Object 'Object Repository/WebOffice_Home_page/a_Companies' is clickable

2020-04-21 14:50:26 - [TEST_STEP][PASSED] - mouseOver(findTestObject("Object Repository/WebOffice_Home_page/a_Companies")): Object: 'Object Repository/WebOffice_Home_page/a_Companies' is hovered

2020-04-21 14:50:26 - [MESSAGE][PASSED] - Object: 'Object Repository/WebOffice_Home_page/a_Companies' is hovered

2020-04-21 14:50:26 - [TEST_STEP][PASSED] - waitForElementClickable(findTestObject("Object Repository/WebOffice_Home_page/a_Company_Advanced_Search"), 1): Object 'Object Repository/WebOffice_Home_page/a_Company_Advanced_Search' is clickable

2020-04-21 14:50:26 - [MESSAGE][PASSED] - Object 'Object Repository/WebOffice_Home_page/a_Company_Advanced_Search' is clickable

2020-04-21 14:50:26 - [TEST_STEP][PASSED] - click(findTestObject("Object Repository/WebOffice_Home_page/a_Company_Advanced_Search")): Object: 'Object Repository/WebOffice_Home_page/a_Company_Advanced_Search' is clicked on

2020-04-21 14:50:29 - [MESSAGE][PASSED] - Object: 'Object Repository/WebOffice_Home_page/a_Company_Advanced_Search' is clicked on

2020-04-21 14:50:29 - [MESSAGE][PASSED] - Call Test Case 'Test Cases/Reusable_Test_Sequences/Web_Office/navigation/Navigate_Advanced_Company_Search' successfully

2020-04-21 14:50:29 - [TEST_STEP][PASSED] - "--------------------------------------": null

2020-04-21 14:50:29 - [TEST_STEP][PASSED] - " LH Pane  - Apply Search Criteria     |": null

2020-04-21 14:50:29 - [TEST_STEP][PASSED] - callTestCase(findTestCase("Reusable_Test_Sequences/Web_Office/Actions/Set_Advanced_Company_Data"), [:], STOP_ON_FAILURE): Call Test Case 'Test Cases/Reusable_Test_Sequences/Web_Office/Actions/Set_Advanced_Company_Data' successfully

2020-04-21 14:50:29 - [TEST_CASE][PASSED] - Test Cases/Reusable_Test_Sequences/Web_Office/Actions/Set_Advanced_Company_Data: Test Cases/Reusable_Test_Sequences/Web_Office/Actions/Set_Advanced_Company_Data

2020-04-21 14:50:30 - [TEST_STEP][PASSED] - "--------------------------------": null

2020-04-21 14:50:30 - [TEST_STEP][PASSED] - "Read data from spreadsheet      |": null

2020-04-21 14:50:30 - [TEST_STEP][PASSED] - data = findTestData("Data Files/Advance_Company_Search_Data"): null

2020-04-21 14:50:30 - [TEST_STEP][PASSED] - Trader_ID = data.getValue("Trader_ID", row): null

2020-04-21 14:50:30 - [TEST_STEP][PASSED] - Limited_Company_Number = data.getValue("Limited_Company_Number", row): null

2020-04-21 14:50:30 - [TEST_STEP][PASSED] - Company_Name = data.getValue("Company_Name", row): null

2020-04-21 14:50:30 - [TEST_STEP][PASSED] - Owner_Surname = data.getValue("Owner_Surname", row): null

2020-04-21 14:50:30 - [TEST_STEP][PASSED] - Owner_DOB = data.getValue("Owner_DOB", row): null

2020-04-21 14:50:30 - [TEST_STEP][PASSED] - Name_House = data.getValue("Name_House", row): null

2020-04-21 14:50:30 - [TEST_STEP][PASSED] - Number_Street = data.getValue("Number_Street", row): null

2020-04-21 14:50:30 - [TEST_STEP][PASSED] - Town = data.getValue("Town", row): null

2020-04-21 14:50:30 - [TEST_STEP][PASSED] - City = data.getValue("City", row): null

2020-04-21 14:50:30 - [TEST_STEP][PASSED] - County = data.getValue("County", row): null

2020-04-21 14:50:30 - [TEST_STEP][PASSED] - Postcode = data.getValue("Postcode", row): null

2020-04-21 14:50:30 - [TEST_STEP][PASSED] - Tel = data.getValue("Tel", row): null

2020-04-21 14:50:30 - [TEST_STEP][PASSED] - Email = data.getValue("Email", row): null

2020-04-21 14:50:30 - [TEST_STEP][PASSED] - "slack": null

2020-04-21 14:50:30 - [TEST_STEP][PASSED] - "--------------------------------": null

2020-04-21 14:50:30 - [TEST_STEP][PASSED] - " Synchronisation                |": null

2020-04-21 14:50:30 - [TEST_STEP][PASSED] - waitForPageLoad(60): Wait for page load successfully

2020-04-21 14:50:30 - [MESSAGE][PASSED] - Wait for page load successfully

2020-04-21 14:50:30 - [TEST_STEP][PASSED] - waitForElementVisible(findTestObject("Web_Office_Advanced_Company_Search/Page_/input_Clear_ctl00ctl00CP1ctlSearchbtnSearch"), 60): Object 'Object Repository/Web_Office_Advanced_Company_Search/Page_/input_Clear_ctl00ctl00CP1ctlSearchbtnSearch' is visible

2020-04-21 14:50:30 - [MESSAGE][PASSED] - Object 'Object Repository/Web_Office_Advanced_Company_Search/Page_/input_Clear_ctl00ctl00CP1ctlSearchbtnSearch' is visible

2020-04-21 14:50:30 - [TEST_STEP][PASSED] - "https://admin.preview.checkatrade.com/Companies/Search.aspx": null

2020-04-21 14:50:30 - [TEST_STEP][PASSED] - "-------------------------------------------------------------------------------------------------------------------------------------": null

2020-04-21 14:50:30 - [TEST_STEP][PASSED] - setText(findTestObject("Web_Office_Advanced_Company_Search/Page_/table_Trader ID"), Trader_ID): Text '280592' is set on object 'Object Repository/Web_Office_Advanced_Company_Search/Page_/table_Trader ID'

2020-04-21 14:50:32 - [MESSAGE][PASSED] - Text '280592' is set on object 'Object Repository/Web_Office_Advanced_Company_Search/Page_/table_Trader ID'

2020-04-21 14:50:32 - [TEST_STEP][PASSED] - "-------------------------------------------------------------------------------------------------------------------------------------": null

2020-04-21 14:50:32 - [TEST_STEP][PASSED] - setText(findTestObject("Web_Office_Advanced_Company_Search/Page_/input_Limited Company Number"), Limited_Company_Number): Text '' is set on object 'Object Repository/Web_Office_Advanced_Company_Search/Page_/input_Limited Company Number'

2020-04-21 14:50:33 - [MESSAGE][PASSED] - Text '' is set on object 'Object Repository/Web_Office_Advanced_Company_Search/Page_/input_Limited Company Number'

2020-04-21 14:50:33 - [TEST_STEP][PASSED] - "-------------------------------------------------------------------------------------------------------------------------------------": null

2020-04-21 14:50:33 - [TEST_STEP][PASSED] - setText(findTestObject("Web_Office_Advanced_Company_Search/Page_/input_Company Name"), Company_Name): Text '' is set on object 'Object Repository/Web_Office_Advanced_Company_Search/Page_/input_Company Name'

2020-04-21 14:50:33 - [MESSAGE][PASSED] - Text '' is set on object 'Object Repository/Web_Office_Advanced_Company_Search/Page_/input_Company Name'

2020-04-21 14:50:33 - [TEST_STEP][PASSED] - "-------------------------------------------------------------------------------------------------------------------------------------": null

2020-04-21 14:50:33 - [TEST_STEP][PASSED] - "Set Owner_Date of Birth": null

2020-04-21 14:50:33 - [TEST_STEP][PASSED] - "-------------------------------------------------------------------------------------------------------------------------------------": null

2020-04-21 14:50:33 - [TEST_STEP][PASSED] - setText(findTestObject("Web_Office_Advanced_Company_Search/Page_/input_Owner Surname"), Owner_Surname): Text 'Brown' is set on object 'Object Repository/Web_Office_Advanced_Company_Search/Page_/input_Owner Surname'

2020-04-21 14:50:34 - [MESSAGE][PASSED] - Text 'Brown' is set on object 'Object Repository/Web_Office_Advanced_Company_Search/Page_/input_Owner Surname'

2020-04-21 14:50:34 - [TEST_STEP][PASSED] - "-------------------------------------------------------------------------------------------------------------------------------------": null

2020-04-21 14:50:34 - [TEST_STEP][PASSED] - setText(findTestObject("Web_Office_Advanced_Company_Search/Page_/input_Name Of House"), Name_House): Text '' is set on object 'Object Repository/Web_Office_Advanced_Company_Search/Page_/input_Name Of House'

2020-04-21 14:50:34 - [MESSAGE][PASSED] - Text '' is set on object 'Object Repository/Web_Office_Advanced_Company_Search/Page_/input_Name Of House'

2020-04-21 14:50:34 - [TEST_STEP][PASSED] - "-------------------------------------------------------------------------------------------------------------------------------------": null

2020-04-21 14:50:34 - [TEST_STEP][PASSED] - "Set Street": null

2020-04-21 14:50:34 - [TEST_STEP][PASSED] - "-------------------------------------------------------------------------------------------------------------------------------------": null

2020-04-21 14:50:34 - [TEST_STEP][PASSED] - setText(findTestObject("Web_Office_Advanced_Company_Search/Page_/input_Town"), Town): Text '' is set on object 'Object Repository/Web_Office_Advanced_Company_Search/Page_/input_Town'

2020-04-21 14:50:34 - [MESSAGE][PASSED] - Text '' is set on object 'Object Repository/Web_Office_Advanced_Company_Search/Page_/input_Town'

2020-04-21 14:50:34 - [TEST_STEP][PASSED] - "-------------------------------------------------------------------------------------------------------------------------------------": null

2020-04-21 14:50:34 - [TEST_STEP][PASSED] - setText(findTestObject("Web_Office_Advanced_Company_Search/Page_/input_City"), City): Text 'Haywards Heath' is set on object 'Object Repository/Web_Office_Advanced_Company_Search/Page_/input_City'

2020-04-21 14:50:36 - [MESSAGE][PASSED] - Text 'Haywards Heath' is set on object 'Object Repository/Web_Office_Advanced_Company_Search/Page_/input_City'

2020-04-21 14:50:36 - [TEST_STEP][PASSED] - "-------------------------------------------------------------------------------------------------------------------------------------": null

2020-04-21 14:50:36 - [TEST_STEP][PASSED] - setText(findTestObject("Web_Office_Advanced_Company_Search/Page_/input_County"), County): Text 'West Sussex' is set on object 'Object Repository/Web_Office_Advanced_Company_Search/Page_/input_County'

2020-04-21 14:50:37 - [MESSAGE][PASSED] - Text 'West Sussex' is set on object 'Object Repository/Web_Office_Advanced_Company_Search/Page_/input_County'

2020-04-21 14:50:37 - [TEST_STEP][PASSED] - "-------------------------------------------------------------------------------------------------------------------------------------": null

2020-04-21 14:50:37 - [TEST_STEP][PASSED] - setText(findTestObject("Web_Office_Advanced_Company_Search/Page_/input_Postcode"), Postcode): Text 'RH16 4ER' is set on object 'Object Repository/Web_Office_Advanced_Company_Search/Page_/input_Postcode'

2020-04-21 14:50:38 - [MESSAGE][PASSED] - Text 'RH16 4ER' is set on object 'Object Repository/Web_Office_Advanced_Company_Search/Page_/input_Postcode'

2020-04-21 14:50:38 - [TEST_STEP][PASSED] - "-------------------------------------------------------------------------------------------------------------------------------------": null

2020-04-21 14:50:38 - [TEST_STEP][PASSED] - setText(findTestObject("Web_Office_Advanced_Company_Search/Page_/input_Telephone"), Tel): Text '01444 657789' is set on object 'Object Repository/Web_Office_Advanced_Company_Search/Page_/input_Telephone'

2020-04-21 14:50:39 - [MESSAGE][PASSED] - Text '01444 657789' is set on object 'Object Repository/Web_Office_Advanced_Company_Search/Page_/input_Telephone'

2020-04-21 14:50:39 - [TEST_STEP][PASSED] - "-------------------------------------------------------------------------------------------------------------------------------------": null

2020-04-21 14:50:39 - [TEST_STEP][PASSED] - setText(findTestObject("Web_Office_Advanced_Company_Search/Page_/input_Email"), Email): Text 'gordon@drainboss.co.uk' is set on object 'Object Repository/Web_Office_Advanced_Company_Search/Page_/input_Email'

2020-04-21 14:50:40 - [MESSAGE][PASSED] - Text 'gordon@drainboss.co.uk' is set on object 'Object Repository/Web_Office_Advanced_Company_Search/Page_/input_Email'

2020-04-21 14:50:40 - [TEST_STEP][PASSED] - "Set Status": null

2020-04-21 14:50:40 - [TEST_STEP][PASSED] - "-------------------------------------------------------------------------------------------------------------------------------------": null

2020-04-21 14:50:40 - [TEST_STEP][PASSED] - "Status 3 Options": null

2020-04-21 14:50:40 - [TEST_STEP][PASSED] - "-------------------------------------------------------------------------------------------------------------------------------------": null

2020-04-21 14:50:40 - [TEST_STEP][PASSED] - "Set Type": null

2020-04-21 14:50:40 - [TEST_STEP][PASSED] - "-------------------------------------------------------------------------------------------------------------------------------------": null

2020-04-21 14:50:40 - [TEST_STEP][PASSED] - "Type 3 Options": null

2020-04-21 14:50:40 - [TEST_STEP][PASSED] - "-------------------------------------------------------------------------------------------------------------------------------------": null

2020-04-21 14:50:40 - [TEST_STEP][PASSED] - scrollToPosition(0, 0): Browser is scrolled to position x = 0, y = 0

2020-04-21 14:50:40 - [MESSAGE][PASSED] - Browser is scrolled to position x = 0, y = 0

2020-04-21 14:50:40 - [TEST_STEP][PASSED] - waitForElementClickable(findTestObject("Web_Office_Advanced_Company_Search/Page_/Top_Search_Button"), 5): Object 'Object Repository/Web_Office_Advanced_Company_Search/Page_/Top_Search_Button' is clickable

2020-04-21 14:50:41 - [MESSAGE][PASSED] - Object 'Object Repository/Web_Office_Advanced_Company_Search/Page_/Top_Search_Button' is clickable

2020-04-21 14:50:41 - [TEST_STEP][PASSED] - click(findTestObject("Web_Office_Advanced_Company_Search/Page_/Top_Search_Button")): Object: 'Object Repository/Web_Office_Advanced_Company_Search/Page_/Top_Search_Button' is clicked on

2020-04-21 14:50:50 - [MESSAGE][PASSED] - Object: 'Object Repository/Web_Office_Advanced_Company_Search/Page_/Top_Search_Button' is clicked on

2020-04-21 14:50:50 - [MESSAGE][PASSED] - Call Test Case 'Test Cases/Reusable_Test_Sequences/Web_Office/Actions/Set_Advanced_Company_Data' successfully

2020-04-21 14:50:50 - [TEST_STEP][PASSED] - "--------------------------------------": null

2020-04-21 14:50:50 - [TEST_STEP][PASSED] - " Select Returned Record to Verify     |": null

2020-04-21 14:50:50 - [TEST_STEP][PASSED] - callTestCase(findTestCase("Reusable_Test_Sequences/Web_Office/Actions/Select_Company"), [:], OPTIONAL): Call Test Case 'Test Cases/Reusable_Test_Sequences/Web_Office/Actions/Select_Company' successfully

2020-04-21 14:50:50 - [TEST_CASE][PASSED] - Test Cases/Reusable_Test_Sequences/Web_Office/Actions/Select_Company: Test Cases/Reusable_Test_Sequences/Web_Office/Actions/Select_Company

2020-04-21 14:50:51 - [TEST_STEP][PASSED] - waitForPageLoad(60): Wait for page load successfully

2020-04-21 14:50:51 - [MESSAGE][PASSED] - Wait for page load successfully

2020-04-21 14:50:51 - [TEST_STEP][PASSED] - waitForElementClickable(findTestObject("Web_Office_Advanced_Company_Search/Page_/td_Returned_Company"), 5): Object 'Object Repository/Web_Office_Advanced_Company_Search/Page_/td_Returned_Company' is clickable

2020-04-21 14:50:51 - [MESSAGE][PASSED] - Object 'Object Repository/Web_Office_Advanced_Company_Search/Page_/td_Returned_Company' is clickable

2020-04-21 14:50:51 - [TEST_STEP][PASSED] - "-------------------------------------------------------------------------------------------------------------------------------------": null

2020-04-21 14:50:51 - [TEST_STEP][PASSED] - click(findTestObject("Web_Office_Advanced_Company_Search/Page_/td_Returned_Company")): Object: 'Object Repository/Web_Office_Advanced_Company_Search/Page_/td_Returned_Company' is clicked on

2020-04-21 14:50:54 - [MESSAGE][PASSED] - Object: 'Object Repository/Web_Office_Advanced_Company_Search/Page_/td_Returned_Company' is clicked on

2020-04-21 14:50:54 - [MESSAGE][PASSED] - Call Test Case 'Test Cases/Reusable_Test_Sequences/Web_Office/Actions/Select_Company' successfully

2020-04-21 14:50:54 - [TEST_STEP][PASSED] - "--------------------------------------": null

2020-04-21 14:50:54 - [TEST_STEP][PASSED] - " Verify Returned Company Record       |": null

2020-04-21 14:50:54 - [TEST_STEP][PASSED] - callTestCase(findTestCase("Reusable_Test_Sequences/Web_Office/Verification/Company_Returned_Advanced_Search_Record"), [:], OPTIONAL): Call Test Case 'Test Cases/Reusable_Test_Sequences/Web_Office/Verification/Company_Returned_Advanced_Search_Record' successfully

2020-04-21 14:50:54 - [TEST_CASE][PASSED] - Test Cases/Reusable_Test_Sequences/Web_Office/Verification/Company_Returned_Advanced_Search_Record: Test Cases/Reusable_Test_Sequences/Web_Office/Verification/Company_Returned_Advanced_Search_Record

2020-04-21 14:50:55 - [TEST_STEP][PASSED] - "--------------------------------": null

2020-04-21 14:50:55 - [TEST_STEP][PASSED] - "Read data from spreadsheet      | r_ = Returned Data": null

2020-04-21 14:50:55 - [TEST_STEP][PASSED] - data = findTestData("Data Files/Advance_Company_Search_Data"): null

2020-04-21 14:50:55 - [TEST_STEP][PASSED] - Trader_ID = data.getValue("Trader_ID", row): null

2020-04-21 14:50:55 - [TEST_STEP][PASSED] - Limited_Company_Number = data.getValue("Limited_Company_Number", row): null

2020-04-21 14:50:55 - [TEST_STEP][PASSED] - Company_Name = data.getValue("Company_Name", row): null

2020-04-21 14:50:55 - [TEST_STEP][PASSED] - Owner_Surname = data.getValue("Owner_Surname", row): null

2020-04-21 14:50:55 - [TEST_STEP][PASSED] - Owner_DOB = data.getValue("Owner_DOB", row): null

2020-04-21 14:50:55 - [TEST_STEP][PASSED] - Name_House = data.getValue("Name_House", row): null

2020-04-21 14:50:55 - [TEST_STEP][PASSED] - Number_Street = data.getValue("Number_Street", row): null

2020-04-21 14:50:55 - [TEST_STEP][PASSED] - Town = data.getValue("Town", row): null

2020-04-21 14:50:55 - [TEST_STEP][PASSED] - City = data.getValue("City", row): null

2020-04-21 14:50:55 - [TEST_STEP][PASSED] - County = data.getValue("County", row): null

2020-04-21 14:50:55 - [TEST_STEP][PASSED] - Postcode = data.getValue("Postcode", row): null

2020-04-21 14:50:55 - [TEST_STEP][PASSED] - Tel = data.getValue("Tel", row): null

2020-04-21 14:50:55 - [TEST_STEP][PASSED] - Email = data.getValue("Email", row): null

2020-04-21 14:50:55 - [TEST_STEP][PASSED] - "--------------------------------": null

2020-04-21 14:50:55 - [TEST_STEP][PASSED] - "Read data from spreadsheet      |": null

2020-04-21 14:50:55 - [TEST_STEP][PASSED] - Actual_Page_Text = "": null

2020-04-21 14:50:55 - [TEST_STEP][PASSED] - Expected_Page_Text = "": null

2020-04-21 14:50:55 - [TEST_STEP][PASSED] - waitForPageLoad(60): Wait for page load successfully

2020-04-21 14:50:55 - [MESSAGE][PASSED] - Wait for page load successfully

2020-04-21 14:50:55 - [TEST_STEP][PASSED] - delay(1): Delayed 1 second(s)

2020-04-21 14:50:56 - [MESSAGE][PASSED] - Delayed 1 second(s)

2020-04-21 14:50:56 - [TEST_STEP][PASSED] - "---------------------------------------------------------------------------------------------------------------------": null

2020-04-21 14:50:56 - [TEST_STEP][PASSED] - "HEADER DETAIL - iFrame": null

2020-04-21 14:50:56 - [TEST_STEP][PASSED] - "-----------------": null

2020-04-21 14:50:56 - [TEST_STEP][PASSED] - "PAGE_HEADER TEXT |": null

2020-04-21 14:50:56 - [TEST_STEP][PASSED] - verifyTextPresent(findTestData("Data Files/Advance_Company_Search_Data").getValue("Page_Header_Text", row), false): Text 'BLOCKED DRAINS' is present on page 

2020-04-21 14:50:57 - [MESSAGE][PASSED] - Text 'BLOCKED DRAINS' is present on page 

2020-04-21 14:50:57 - [TEST_STEP][PASSED] - "----------------": null

2020-04-21 14:50:57 - [TEST_STEP][PASSED] - "Email Address   |": null

2020-04-21 14:50:57 - [TEST_STEP][PASSED] - verifyTextPresent(findTestData("Data Files/Advance_Company_Search_Data").getValue("Email", row), false): Text 'gordon@drainboss.co.uk' is present on page 

2020-04-21 14:50:57 - [MESSAGE][PASSED] - Text 'gordon@drainboss.co.uk' is present on page 

2020-04-21 14:50:57 - [TEST_STEP][PASSED] - "----------------": null

2020-04-21 14:50:57 - [TEST_STEP][PASSED] - "Phone Number    |": null

2020-04-21 14:50:57 - [TEST_STEP][PASSED] - verifyTextPresent(findTestData("Data Files/Advance_Company_Search_Data").getValue("Tel", row), false): Text '01444 657789' is present on page 

2020-04-21 14:50:58 - [MESSAGE][PASSED] - Text '01444 657789' is present on page 

2020-04-21 14:50:58 - [TEST_STEP][PASSED] - "----------------": null

2020-04-21 14:50:58 - [TEST_STEP][PASSED] - "Trader ID       |": null

2020-04-21 14:50:58 - [TEST_STEP][PASSED] - verifyTextPresent(findTestData("Data Files/Advance_Company_Search_Data").getValue("Trader_ID", row), false): Text '280592' is present on page 

2020-04-21 14:50:59 - [MESSAGE][PASSED] - Text '280592' is present on page 

2020-04-21 14:50:59 - [TEST_STEP][PASSED] - "----------------": null

2020-04-21 14:50:59 - [TEST_STEP][PASSED] - "Postcode        |": null

2020-04-21 14:50:59 - [TEST_STEP][PASSED] - verifyTextPresent(findTestData("Data Files/Advance_Company_Search_Data").getValue("Postcode", row), false): Text 'RH16 4ER' is present on page 

2020-04-21 14:51:00 - [MESSAGE][PASSED] - Text 'RH16 4ER' is present on page 

2020-04-21 14:51:00 - [TEST_STEP][PASSED] - "----------------": null

2020-04-21 14:51:00 - [TEST_STEP][PASSED] - "Full Name       |": null

2020-04-21 14:51:00 - [TEST_STEP][PASSED] - verifyTextPresent(findTestData("Data Files/Advance_Company_Search_Data").getValue("Full_Name", row), false): Text 'Mr Gordon Brown' is present on page 

2020-04-21 14:51:00 - [MESSAGE][PASSED] - Text 'Mr Gordon Brown' is present on page 

2020-04-21 14:51:00 - [TEST_STEP][PASSED] - "----------------": null

2020-04-21 14:51:00 - [TEST_STEP][PASSED] - "Date of Birth   |": null

2020-04-21 14:51:00 - [TEST_STEP][PASSED] - verifyTextPresent(findTestData("Data Files/Advance_Company_Search_Data").getValue("Owner_DOB", row), false): Text 'DoB: 23/01/1967' is present on page 

2020-04-21 14:51:01 - [MESSAGE][PASSED] - Text 'DoB: 23/01/1967' is present on page 

2020-04-21 14:51:01 - [TEST_STEP][PASSED] - "----------------": null

2020-04-21 14:51:01 - [TEST_STEP][PASSED] - "Full Address    |": null

2020-04-21 14:51:01 - [TEST_STEP][PASSED] - verifyTextPresent(findTestData("Data Files/Advance_Company_Search_Data").getValue("Full_Address", row), false): Text '2 Redwood Drive, Haywards Heath, West Sussex, RH16 4ER' is present on page 

2020-04-21 14:51:02 - [MESSAGE][PASSED] - Text '2 Redwood Drive, Haywards Heath, West Sussex, RH16 4ER' is present on page 

2020-04-21 14:51:02 - [MESSAGE][PASSED] - Call Test Case 'Test Cases/Reusable_Test_Sequences/Web_Office/Verification/Company_Returned_Advanced_Search_Record' successfully

2020-04-21 14:51:02 - [TEST_STEP][PASSED] - "--------------------------": null

2020-04-21 14:51:02 - [TEST_STEP][PASSED] - " Teardown - CLose Browser |": null

2020-04-21 14:51:02 - [TEST_STEP][PASSED] - callTestCase(findTestCase("Reusable_Test_Sequences/CAT_Teardown"), [:], OPTIONAL): Call Test Case 'Test Cases/Reusable_Test_Sequences/CAT_Teardown' successfully

2020-04-21 14:51:02 - [TEST_CASE][PASSED] - Test Cases/Reusable_Test_Sequences/CAT_Teardown: Test Cases/Reusable_Test_Sequences/CAT_Teardown

2020-04-21 14:51:03 - [TEST_STEP][PASSED] - closeBrowser(): Browser is closed

2020-04-21 14:51:05 - [MESSAGE][PASSED] - Browser is closed

2020-04-21 14:51:05 - [TEST_STEP][PASSED] - super.finalize(): null

2020-04-21 14:51:05 - [TEST_STEP][PASSED] - System.gc(): null

2020-04-21 14:51:05 - [MESSAGE][PASSED] - Call Test Case 'Test Cases/Reusable_Test_Sequences/CAT_Teardown' successfully

2020-04-21 14:51:05 - [TEST_STEP][PASSED] - "--------------------------------------": null

2020-04-21 14:51:05 - [TEST_STEP][PASSED] - " Web Office StartUp                  |": null

2020-04-21 14:51:05 - [TEST_STEP][PASSED] - callTestCase(findTestCase("Reusable_Test_Sequences/Web_Office/Directives/WebOffice_StartUp"), [:], STOP_ON_FAILURE): Call Test Case 'Test Cases/Reusable_Test_Sequences/Web_Office/Directives/WebOffice_StartUp' successfully

2020-04-21 14:51:05 - [TEST_CASE][PASSED] - Test Cases/Reusable_Test_Sequences/Web_Office/Directives/WebOffice_StartUp: Test Cases/Reusable_Test_Sequences/Web_Office/Directives/WebOffice_StartUp

2020-04-21 14:51:05 - [TEST_STEP][PASSED] - "-----------------------------------------------------------------------------": null

2020-04-21 14:51:05 - [TEST_STEP][PASSED] - if (URL == "https://www.dev.checkatrade.com/"): null

2020-04-21 14:51:05 - [TEST_STEP][PASSED] - "-----------------------------------------------------------------------------": null

2020-04-21 14:51:05 - [TEST_STEP][PASSED] - if (URL == "https://www.checkatrade.com/"): null

2020-04-21 14:51:05 - [TEST_STEP][PASSED] - "-----------------------------------------------------------------------------": null

2020-04-21 14:51:05 - [TEST_STEP][PASSED] - if (URL == "https://www.preview.checkatrade.com/"): null

2020-04-21 14:51:05 - [TEST_STEP][PASSED] - WebOfficeURL = "https://admin.preview.checkatrade.com/": null

2020-04-21 14:51:05 - [TEST_STEP][PASSED] - if (URL == "https://www.dev2.checkatrade.com/"): null

2020-04-21 14:51:05 - [TEST_STEP][PASSED] - "Set Function Area for "URL_Handler", URL Resolution": null

2020-04-21 14:51:05 - [TEST_STEP][PASSED] - "Do Some Magic with URL(s) See the comments within URL Handler ": null

2020-04-21 14:51:05 - [TEST_STEP][PASSED] - "------------------------------------------------": null

2020-04-21 14:51:05 - [TEST_STEP][PASSED] - "Moved Login Credentials to <Default> profile 22/01/2020": null

2020-04-21 14:51:05 - [TEST_STEP][PASSED] - "------------------------------------------------": null

2020-04-21 14:51:05 - [TEST_STEP][PASSED] - "WebOfficeURL - Set from the ENVIRONMENT PROFILE ": null

2020-04-21 14:51:05 - [TEST_STEP][PASSED] - "OPEN BROWSER": null

2020-04-21 14:51:05 - [TEST_STEP][PASSED] - "eg - https://admin.preview.checkatrade.com/  ": null

2020-04-21 14:51:05 - [TEST_STEP][PASSED] - openBrowser(WebOfficeURL): Browser is opened with url: 'https://admin.preview.checkatrade.com/'

2020-04-21 14:51:05 - [MESSAGE][INFO] - Starting 'Chrome' driver

2020-04-21 14:51:05 - [MESSAGE][INFO] - Action delay is set to 0 milliseconds

2020-04-21 14:51:11 - [MESSAGE][PASSED] - Browser is opened with url: 'https://admin.preview.checkatrade.com/'

2020-04-21 14:51:11 - [TEST_STEP][PASSED] - maximizeWindow(): Current window maximized

2020-04-21 14:51:13 - [MESSAGE][PASSED] - Current window maximized

2020-04-21 14:51:13 - [TEST_STEP][PASSED] - waitForElementClickable(findTestObject("Object Repository/WebOffice/Page_Checkatrade - Administration - Login/Login_Button"), 25): Object 'Object Repository/WebOffice/Page_Checkatrade - Administration - Login/Login_Button' is clickable

2020-04-21 14:51:14 - [MESSAGE][PASSED] - Object 'Object Repository/WebOffice/Page_Checkatrade - Administration - Login/Login_Button' is clickable

2020-04-21 14:51:14 - [TEST_STEP][PASSED] - verifyTextPresent("Checkatrade Web Office", false): Text 'Checkatrade Web Office' is present on page 

2020-04-21 14:51:14 - [MESSAGE][PASSED] - Text 'Checkatrade Web Office' is present on page 

2020-04-21 14:51:14 - [TEST_STEP][PASSED] - verifyTextPresent("Access for staff use only", false): Text 'Access for staff use only' is present on page 

2020-04-21 14:51:14 - [MESSAGE][PASSED] - Text 'Access for staff use only' is present on page 

2020-04-21 14:51:14 - [TEST_STEP][PASSED] - verifyTextPresent("Forgotten password?", false): Text 'Forgotten password?' is present on page 

2020-04-21 14:51:14 - [MESSAGE][PASSED] - Text 'Forgotten password?' is present on page 

2020-04-21 14:51:14 - [TEST_STEP][PASSED] - setText(findTestObject("Object Repository/WebOffice/Page_Checkatrade - Administration - Login/input_Username_LoginControlUserName"), wo_Username): Text 'DavidHo' is set on object 'Object Repository/WebOffice/Page_Checkatrade - Administration - Login/input_Username_LoginControlUserName'

2020-04-21 14:51:14 - [MESSAGE][PASSED] - Text 'DavidHo' is set on object 'Object Repository/WebOffice/Page_Checkatrade - Administration - Login/input_Username_LoginControlUserName'

2020-04-21 14:51:14 - [TEST_STEP][PASSED] - setText(findTestObject("Object Repository/WebOffice/Page_Checkatrade - Administration - Login/input_Password_LoginControlPassword"), wo_Password): Text 'Check123' is set on object 'Object Repository/WebOffice/Page_Checkatrade - Administration - Login/input_Password_LoginControlPassword'

2020-04-21 14:51:14 - [MESSAGE][PASSED] - Text 'Check123' is set on object 'Object Repository/WebOffice/Page_Checkatrade - Administration - Login/input_Password_LoginControlPassword'

2020-04-21 14:51:14 - [TEST_STEP][PASSED] - click(findTestObject("Object Repository/WebOffice/Page_Checkatrade - Administration - Login/Login_Button")): Object: 'Object Repository/WebOffice/Page_Checkatrade - Administration - Login/Login_Button' is clicked on

2020-04-21 14:51:16 - [MESSAGE][PASSED] - Object: 'Object Repository/WebOffice/Page_Checkatrade - Administration - Login/Login_Button' is clicked on

2020-04-21 14:51:16 - [TEST_STEP][PASSED] - waitForPageLoad(60): Wait for page load successfully

2020-04-21 14:51:16 - [MESSAGE][PASSED] - Wait for page load successfully

2020-04-21 14:51:16 - [TEST_STEP][PASSED] - verifyTextPresent("Welcome " + wo_Username, false): Text 'Welcome DavidHo' is present on page 

2020-04-21 14:51:16 - [MESSAGE][PASSED] - Text 'Welcome DavidHo' is present on page 

2020-04-21 14:51:16 - [MESSAGE][PASSED] - Call Test Case 'Test Cases/Reusable_Test_Sequences/Web_Office/Directives/WebOffice_StartUp' successfully

2020-04-21 14:51:16 - [TEST_STEP][PASSED] - "--------------------------------------": null

2020-04-21 14:51:16 - [TEST_STEP][PASSED] - " Navigate to <Companies> Menu Item    |": null

2020-04-21 14:51:16 - [TEST_STEP][PASSED] - callTestCase(findTestCase("Reusable_Test_Sequences/Web_Office/navigation/Navigate_Advanced_Company_Search"), [:], STOP_ON_FAILURE): Call Test Case 'Test Cases/Reusable_Test_Sequences/Web_Office/navigation/Navigate_Advanced_Company_Search' successfully

2020-04-21 14:51:16 - [TEST_CASE][PASSED] - Test Cases/Reusable_Test_Sequences/Web_Office/navigation/Navigate_Advanced_Company_Search: Test Cases/Reusable_Test_Sequences/Web_Office/navigation/Navigate_Advanced_Company_Search

2020-04-21 14:51:16 - [TEST_STEP][PASSED] - "--------------------------------------": null

2020-04-21 14:51:16 - [TEST_STEP][PASSED] - " Navigate Top level menu Item         |": null

2020-04-21 14:51:16 - [TEST_STEP][PASSED] - waitForPageLoad(60): Wait for page load successfully

2020-04-21 14:51:16 - [MESSAGE][PASSED] - Wait for page load successfully

2020-04-21 14:51:16 - [TEST_STEP][PASSED] - waitForElementClickable(findTestObject("Object Repository/WebOffice_Home_page/a_Companies"), 60): Object 'Object Repository/WebOffice_Home_page/a_Companies' is clickable

2020-04-21 14:51:17 - [MESSAGE][PASSED] - Object 'Object Repository/WebOffice_Home_page/a_Companies' is clickable

2020-04-21 14:51:17 - [TEST_STEP][PASSED] - mouseOver(findTestObject("Object Repository/WebOffice_Home_page/a_Companies")): Object: 'Object Repository/WebOffice_Home_page/a_Companies' is hovered

2020-04-21 14:51:17 - [MESSAGE][PASSED] - Object: 'Object Repository/WebOffice_Home_page/a_Companies' is hovered

2020-04-21 14:51:17 - [TEST_STEP][PASSED] - waitForElementClickable(findTestObject("Object Repository/WebOffice_Home_page/a_Company_Advanced_Search"), 1): Object 'Object Repository/WebOffice_Home_page/a_Company_Advanced_Search' is clickable

2020-04-21 14:51:17 - [MESSAGE][PASSED] - Object 'Object Repository/WebOffice_Home_page/a_Company_Advanced_Search' is clickable

2020-04-21 14:51:17 - [TEST_STEP][PASSED] - click(findTestObject("Object Repository/WebOffice_Home_page/a_Company_Advanced_Search")): Object: 'Object Repository/WebOffice_Home_page/a_Company_Advanced_Search' is clicked on

2020-04-21 14:51:19 - [MESSAGE][PASSED] - Object: 'Object Repository/WebOffice_Home_page/a_Company_Advanced_Search' is clicked on

2020-04-21 14:51:19 - [MESSAGE][PASSED] - Call Test Case 'Test Cases/Reusable_Test_Sequences/Web_Office/navigation/Navigate_Advanced_Company_Search' successfully

2020-04-21 14:51:19 - [TEST_STEP][PASSED] - "--------------------------------------": null

2020-04-21 14:51:19 - [TEST_STEP][PASSED] - " LH Pane  - Apply Search Criteria     |": null

2020-04-21 14:51:19 - [TEST_STEP][PASSED] - callTestCase(findTestCase("Reusable_Test_Sequences/Web_Office/Actions/Set_Advanced_Company_Data"), [:], STOP_ON_FAILURE): Call Test Case 'Test Cases/Reusable_Test_Sequences/Web_Office/Actions/Set_Advanced_Company_Data' successfully

2020-04-21 14:51:19 - [TEST_CASE][PASSED] - Test Cases/Reusable_Test_Sequences/Web_Office/Actions/Set_Advanced_Company_Data: Test Cases/Reusable_Test_Sequences/Web_Office/Actions/Set_Advanced_Company_Data

2020-04-21 14:51:19 - [TEST_STEP][PASSED] - "--------------------------------": null

2020-04-21 14:51:19 - [TEST_STEP][PASSED] - "Read data from spreadsheet      |": null

2020-04-21 14:51:19 - [TEST_STEP][PASSED] - data = findTestData("Data Files/Advance_Company_Search_Data"): null

2020-04-21 14:51:19 - [TEST_STEP][PASSED] - Trader_ID = data.getValue("Trader_ID", row): null

2020-04-21 14:51:19 - [TEST_STEP][PASSED] - Limited_Company_Number = data.getValue("Limited_Company_Number", row): null

2020-04-21 14:51:19 - [TEST_STEP][PASSED] - Company_Name = data.getValue("Company_Name", row): null

2020-04-21 14:51:19 - [TEST_STEP][PASSED] - Owner_Surname = data.getValue("Owner_Surname", row): null

2020-04-21 14:51:19 - [TEST_STEP][PASSED] - Owner_DOB = data.getValue("Owner_DOB", row): null

2020-04-21 14:51:19 - [TEST_STEP][PASSED] - Name_House = data.getValue("Name_House", row): null

2020-04-21 14:51:19 - [TEST_STEP][PASSED] - Number_Street = data.getValue("Number_Street", row): null

2020-04-21 14:51:19 - [TEST_STEP][PASSED] - Town = data.getValue("Town", row): null

2020-04-21 14:51:19 - [TEST_STEP][PASSED] - City = data.getValue("City", row): null

2020-04-21 14:51:19 - [TEST_STEP][PASSED] - County = data.getValue("County", row): null

2020-04-21 14:51:19 - [TEST_STEP][PASSED] - Postcode = data.getValue("Postcode", row): null

2020-04-21 14:51:19 - [TEST_STEP][PASSED] - Tel = data.getValue("Tel", row): null

2020-04-21 14:51:19 - [TEST_STEP][PASSED] - Email = data.getValue("Email", row): null

2020-04-21 14:51:19 - [TEST_STEP][PASSED] - "slack": null

2020-04-21 14:51:19 - [TEST_STEP][PASSED] - "--------------------------------": null

2020-04-21 14:51:19 - [TEST_STEP][PASSED] - " Synchronisation                |": null

2020-04-21 14:51:19 - [TEST_STEP][PASSED] - waitForPageLoad(60): Wait for page load successfully

2020-04-21 14:51:19 - [MESSAGE][PASSED] - Wait for page load successfully

2020-04-21 14:51:19 - [TEST_STEP][PASSED] - waitForElementVisible(findTestObject("Web_Office_Advanced_Company_Search/Page_/input_Clear_ctl00ctl00CP1ctlSearchbtnSearch"), 60): Object 'Object Repository/Web_Office_Advanced_Company_Search/Page_/input_Clear_ctl00ctl00CP1ctlSearchbtnSearch' is visible

2020-04-21 14:51:19 - [MESSAGE][PASSED] - Object 'Object Repository/Web_Office_Advanced_Company_Search/Page_/input_Clear_ctl00ctl00CP1ctlSearchbtnSearch' is visible

2020-04-21 14:51:19 - [TEST_STEP][PASSED] - "https://admin.preview.checkatrade.com/Companies/Search.aspx": null

2020-04-21 14:51:19 - [TEST_STEP][PASSED] - "-------------------------------------------------------------------------------------------------------------------------------------": null

2020-04-21 14:51:19 - [TEST_STEP][PASSED] - setText(findTestObject("Web_Office_Advanced_Company_Search/Page_/table_Trader ID"), Trader_ID): Text '280592' is set on object 'Object Repository/Web_Office_Advanced_Company_Search/Page_/table_Trader ID'

2020-04-21 14:51:20 - [MESSAGE][PASSED] - Text '280592' is set on object 'Object Repository/Web_Office_Advanced_Company_Search/Page_/table_Trader ID'

2020-04-21 14:51:20 - [TEST_STEP][PASSED] - "-------------------------------------------------------------------------------------------------------------------------------------": null

2020-04-21 14:51:20 - [TEST_STEP][PASSED] - setText(findTestObject("Web_Office_Advanced_Company_Search/Page_/input_Limited Company Number"), Limited_Company_Number): Text '' is set on object 'Object Repository/Web_Office_Advanced_Company_Search/Page_/input_Limited Company Number'

2020-04-21 14:51:20 - [MESSAGE][PASSED] - Text '' is set on object 'Object Repository/Web_Office_Advanced_Company_Search/Page_/input_Limited Company Number'

2020-04-21 14:51:20 - [TEST_STEP][PASSED] - "-------------------------------------------------------------------------------------------------------------------------------------": null

2020-04-21 14:51:20 - [TEST_STEP][PASSED] - setText(findTestObject("Web_Office_Advanced_Company_Search/Page_/input_Company Name"), Company_Name): Text '' is set on object 'Object Repository/Web_Office_Advanced_Company_Search/Page_/input_Company Name'

2020-04-21 14:51:20 - [MESSAGE][PASSED] - Text '' is set on object 'Object Repository/Web_Office_Advanced_Company_Search/Page_/input_Company Name'

2020-04-21 14:51:20 - [TEST_STEP][PASSED] - "-------------------------------------------------------------------------------------------------------------------------------------": null

2020-04-21 14:51:20 - [TEST_STEP][PASSED] - "Set Owner_Date of Birth": null

2020-04-21 14:51:20 - [TEST_STEP][PASSED] - "-------------------------------------------------------------------------------------------------------------------------------------": null

2020-04-21 14:51:20 - [TEST_STEP][PASSED] - setText(findTestObject("Web_Office_Advanced_Company_Search/Page_/input_Owner Surname"), Owner_Surname): Text '' is set on object 'Object Repository/Web_Office_Advanced_Company_Search/Page_/input_Owner Surname'

2020-04-21 14:51:21 - [MESSAGE][PASSED] - Text '' is set on object 'Object Repository/Web_Office_Advanced_Company_Search/Page_/input_Owner Surname'

2020-04-21 14:51:21 - [TEST_STEP][PASSED] - "-------------------------------------------------------------------------------------------------------------------------------------": null

2020-04-21 14:51:21 - [TEST_STEP][PASSED] - setText(findTestObject("Web_Office_Advanced_Company_Search/Page_/input_Name Of House"), Name_House): Text '' is set on object 'Object Repository/Web_Office_Advanced_Company_Search/Page_/input_Name Of House'

2020-04-21 14:51:21 - [MESSAGE][PASSED] - Text '' is set on object 'Object Repository/Web_Office_Advanced_Company_Search/Page_/input_Name Of House'

2020-04-21 14:51:21 - [TEST_STEP][PASSED] - "-------------------------------------------------------------------------------------------------------------------------------------": null

2020-04-21 14:51:21 - [TEST_STEP][PASSED] - "Set Street": null

2020-04-21 14:51:21 - [TEST_STEP][PASSED] - "-------------------------------------------------------------------------------------------------------------------------------------": null

2020-04-21 14:51:21 - [TEST_STEP][PASSED] - setText(findTestObject("Web_Office_Advanced_Company_Search/Page_/input_Town"), Town): Text '' is set on object 'Object Repository/Web_Office_Advanced_Company_Search/Page_/input_Town'

2020-04-21 14:51:21 - [MESSAGE][PASSED] - Text '' is set on object 'Object Repository/Web_Office_Advanced_Company_Search/Page_/input_Town'

2020-04-21 14:51:21 - [TEST_STEP][PASSED] - "-------------------------------------------------------------------------------------------------------------------------------------": null

2020-04-21 14:51:21 - [TEST_STEP][PASSED] - setText(findTestObject("Web_Office_Advanced_Company_Search/Page_/input_City"), City): Text '' is set on object 'Object Repository/Web_Office_Advanced_Company_Search/Page_/input_City'

2020-04-21 14:51:21 - [MESSAGE][PASSED] - Text '' is set on object 'Object Repository/Web_Office_Advanced_Company_Search/Page_/input_City'

2020-04-21 14:51:21 - [TEST_STEP][PASSED] - "-------------------------------------------------------------------------------------------------------------------------------------": null

2020-04-21 14:51:21 - [TEST_STEP][PASSED] - setText(findTestObject("Web_Office_Advanced_Company_Search/Page_/input_County"), County): Text '' is set on object 'Object Repository/Web_Office_Advanced_Company_Search/Page_/input_County'

2020-04-21 14:51:22 - [MESSAGE][PASSED] - Text '' is set on object 'Object Repository/Web_Office_Advanced_Company_Search/Page_/input_County'

2020-04-21 14:51:22 - [TEST_STEP][PASSED] - "-------------------------------------------------------------------------------------------------------------------------------------": null

2020-04-21 14:51:22 - [TEST_STEP][PASSED] - setText(findTestObject("Web_Office_Advanced_Company_Search/Page_/input_Postcode"), Postcode): Text '' is set on object 'Object Repository/Web_Office_Advanced_Company_Search/Page_/input_Postcode'

2020-04-21 14:51:22 - [MESSAGE][PASSED] - Text '' is set on object 'Object Repository/Web_Office_Advanced_Company_Search/Page_/input_Postcode'

2020-04-21 14:51:22 - [TEST_STEP][PASSED] - "-------------------------------------------------------------------------------------------------------------------------------------": null

2020-04-21 14:51:22 - [TEST_STEP][PASSED] - setText(findTestObject("Web_Office_Advanced_Company_Search/Page_/input_Telephone"), Tel): Text '' is set on object 'Object Repository/Web_Office_Advanced_Company_Search/Page_/input_Telephone'

2020-04-21 14:51:22 - [MESSAGE][PASSED] - Text '' is set on object 'Object Repository/Web_Office_Advanced_Company_Search/Page_/input_Telephone'

2020-04-21 14:51:22 - [TEST_STEP][PASSED] - "-------------------------------------------------------------------------------------------------------------------------------------": null

2020-04-21 14:51:22 - [TEST_STEP][PASSED] - setText(findTestObject("Web_Office_Advanced_Company_Search/Page_/input_Email"), Email): Text '' is set on object 'Object Repository/Web_Office_Advanced_Company_Search/Page_/input_Email'

2020-04-21 14:51:22 - [MESSAGE][PASSED] - Text '' is set on object 'Object Repository/Web_Office_Advanced_Company_Search/Page_/input_Email'

2020-04-21 14:51:22 - [TEST_STEP][PASSED] - "Set Status": null

2020-04-21 14:51:22 - [TEST_STEP][PASSED] - "-------------------------------------------------------------------------------------------------------------------------------------": null

2020-04-21 14:51:22 - [TEST_STEP][PASSED] - "Status 3 Options": null

2020-04-21 14:51:22 - [TEST_STEP][PASSED] - "-------------------------------------------------------------------------------------------------------------------------------------": null

2020-04-21 14:51:22 - [TEST_STEP][PASSED] - "Set Type": null

2020-04-21 14:51:22 - [TEST_STEP][PASSED] - "-------------------------------------------------------------------------------------------------------------------------------------": null

2020-04-21 14:51:22 - [TEST_STEP][PASSED] - "Type 3 Options": null

2020-04-21 14:51:22 - [TEST_STEP][PASSED] - "-------------------------------------------------------------------------------------------------------------------------------------": null

2020-04-21 14:51:23 - [TEST_STEP][PASSED] - scrollToPosition(0, 0): Browser is scrolled to position x = 0, y = 0

2020-04-21 14:51:23 - [MESSAGE][PASSED] - Browser is scrolled to position x = 0, y = 0

2020-04-21 14:51:23 - [TEST_STEP][PASSED] - waitForElementClickable(findTestObject("Web_Office_Advanced_Company_Search/Page_/Top_Search_Button"), 5): Object 'Object Repository/Web_Office_Advanced_Company_Search/Page_/Top_Search_Button' is clickable

2020-04-21 14:51:23 - [MESSAGE][PASSED] - Object 'Object Repository/Web_Office_Advanced_Company_Search/Page_/Top_Search_Button' is clickable

2020-04-21 14:51:23 - [TEST_STEP][PASSED] - click(findTestObject("Web_Office_Advanced_Company_Search/Page_/Top_Search_Button")): Object: 'Object Repository/Web_Office_Advanced_Company_Search/Page_/Top_Search_Button' is clicked on

2020-04-21 14:51:27 - [MESSAGE][PASSED] - Object: 'Object Repository/Web_Office_Advanced_Company_Search/Page_/Top_Search_Button' is clicked on

2020-04-21 14:51:27 - [MESSAGE][PASSED] - Call Test Case 'Test Cases/Reusable_Test_Sequences/Web_Office/Actions/Set_Advanced_Company_Data' successfully

2020-04-21 14:51:27 - [TEST_STEP][PASSED] - "--------------------------------------": null

2020-04-21 14:51:27 - [TEST_STEP][PASSED] - " Select Returned Record to Verify     |": null

2020-04-21 14:51:27 - [TEST_STEP][PASSED] - callTestCase(findTestCase("Reusable_Test_Sequences/Web_Office/Actions/Select_Company"), [:], OPTIONAL): Call Test Case 'Test Cases/Reusable_Test_Sequences/Web_Office/Actions/Select_Company' successfully

2020-04-21 14:51:27 - [TEST_CASE][PASSED] - Test Cases/Reusable_Test_Sequences/Web_Office/Actions/Select_Company: Test Cases/Reusable_Test_Sequences/Web_Office/Actions/Select_Company

2020-04-21 14:51:27 - [TEST_STEP][PASSED] - waitForPageLoad(60): Wait for page load successfully

2020-04-21 14:51:27 - [MESSAGE][PASSED] - Wait for page load successfully

2020-04-21 14:51:27 - [TEST_STEP][PASSED] - waitForElementClickable(findTestObject("Web_Office_Advanced_Company_Search/Page_/td_Returned_Company"), 5): Object 'Object Repository/Web_Office_Advanced_Company_Search/Page_/td_Returned_Company' is clickable

2020-04-21 14:51:28 - [MESSAGE][PASSED] - Object 'Object Repository/Web_Office_Advanced_Company_Search/Page_/td_Returned_Company' is clickable

2020-04-21 14:51:28 - [TEST_STEP][PASSED] - "-------------------------------------------------------------------------------------------------------------------------------------": null

2020-04-21 14:51:28 - [TEST_STEP][PASSED] - click(findTestObject("Web_Office_Advanced_Company_Search/Page_/td_Returned_Company")): Object: 'Object Repository/Web_Office_Advanced_Company_Search/Page_/td_Returned_Company' is clicked on

2020-04-21 14:51:31 - [MESSAGE][PASSED] - Object: 'Object Repository/Web_Office_Advanced_Company_Search/Page_/td_Returned_Company' is clicked on

2020-04-21 14:51:31 - [MESSAGE][PASSED] - Call Test Case 'Test Cases/Reusable_Test_Sequences/Web_Office/Actions/Select_Company' successfully

2020-04-21 14:51:31 - [TEST_STEP][PASSED] - "--------------------------------------": null

2020-04-21 14:51:31 - [TEST_STEP][PASSED] - " Verify Returned Company Record       |": null

2020-04-21 14:51:31 - [TEST_STEP][PASSED] - callTestCase(findTestCase("Reusable_Test_Sequences/Web_Office/Verification/Company_Returned_Advanced_Search_Record"), [:], OPTIONAL): Call Test Case 'Test Cases/Reusable_Test_Sequences/Web_Office/Verification/Company_Returned_Advanced_Search_Record' successfully

2020-04-21 14:51:31 - [TEST_CASE][PASSED] - Test Cases/Reusable_Test_Sequences/Web_Office/Verification/Company_Returned_Advanced_Search_Record: Test Cases/Reusable_Test_Sequences/Web_Office/Verification/Company_Returned_Advanced_Search_Record

2020-04-21 14:51:31 - [TEST_STEP][PASSED] - "--------------------------------": null

2020-04-21 14:51:31 - [TEST_STEP][PASSED] - "Read data from spreadsheet      | r_ = Returned Data": null

2020-04-21 14:51:31 - [TEST_STEP][PASSED] - data = findTestData("Data Files/Advance_Company_Search_Data"): null

2020-04-21 14:51:31 - [TEST_STEP][PASSED] - Trader_ID = data.getValue("Trader_ID", row): null

2020-04-21 14:51:31 - [TEST_STEP][PASSED] - Limited_Company_Number = data.getValue("Limited_Company_Number", row): null

2020-04-21 14:51:31 - [TEST_STEP][PASSED] - Company_Name = data.getValue("Company_Name", row): null

2020-04-21 14:51:31 - [TEST_STEP][PASSED] - Owner_Surname = data.getValue("Owner_Surname", row): null

2020-04-21 14:51:31 - [TEST_STEP][PASSED] - Owner_DOB = data.getValue("Owner_DOB", row): null

2020-04-21 14:51:31 - [TEST_STEP][PASSED] - Name_House = data.getValue("Name_House", row): null

2020-04-21 14:51:31 - [TEST_STEP][PASSED] - Number_Street = data.getValue("Number_Street", row): null

2020-04-21 14:51:31 - [TEST_STEP][PASSED] - Town = data.getValue("Town", row): null

2020-04-21 14:51:31 - [TEST_STEP][PASSED] - City = data.getValue("City", row): null

2020-04-21 14:51:31 - [TEST_STEP][PASSED] - County = data.getValue("County", row): null

2020-04-21 14:51:31 - [TEST_STEP][PASSED] - Postcode = data.getValue("Postcode", row): null

2020-04-21 14:51:31 - [TEST_STEP][PASSED] - Tel = data.getValue("Tel", row): null

2020-04-21 14:51:31 - [TEST_STEP][PASSED] - Email = data.getValue("Email", row): null

2020-04-21 14:51:31 - [TEST_STEP][PASSED] - "--------------------------------": null

2020-04-21 14:51:31 - [TEST_STEP][PASSED] - "Read data from spreadsheet      |": null

2020-04-21 14:51:31 - [TEST_STEP][PASSED] - Actual_Page_Text = "": null

2020-04-21 14:51:31 - [TEST_STEP][PASSED] - Expected_Page_Text = "": null

2020-04-21 14:51:31 - [TEST_STEP][PASSED] - waitForPageLoad(60): Wait for page load successfully

2020-04-21 14:51:31 - [MESSAGE][PASSED] - Wait for page load successfully

2020-04-21 14:51:31 - [TEST_STEP][PASSED] - delay(1): Delayed 1 second(s)

2020-04-21 14:51:32 - [MESSAGE][PASSED] - Delayed 1 second(s)

2020-04-21 14:51:32 - [TEST_STEP][PASSED] - "---------------------------------------------------------------------------------------------------------------------": null

2020-04-21 14:51:32 - [TEST_STEP][PASSED] - "HEADER DETAIL - iFrame": null

2020-04-21 14:51:32 - [TEST_STEP][PASSED] - "-----------------": null

2020-04-21 14:51:32 - [TEST_STEP][PASSED] - "PAGE_HEADER TEXT |": null

2020-04-21 14:51:32 - [TEST_STEP][PASSED] - verifyTextPresent(findTestData("Data Files/Advance_Company_Search_Data").getValue("Page_Header_Text", row), false): Text 'BLOCKED DRAINS' is present on page 

2020-04-21 14:51:33 - [MESSAGE][PASSED] - Text 'BLOCKED DRAINS' is present on page 

2020-04-21 14:51:33 - [TEST_STEP][PASSED] - "----------------": null

2020-04-21 14:51:33 - [TEST_STEP][PASSED] - "Email Address   |": null

2020-04-21 14:51:33 - [TEST_STEP][PASSED] - verifyTextPresent(findTestData("Data Files/Advance_Company_Search_Data").getValue("Email", row), false): Text '' is present on page 

2020-04-21 14:51:33 - [MESSAGE][PASSED] - Text '' is present on page 

2020-04-21 14:51:33 - [TEST_STEP][PASSED] - "----------------": null

2020-04-21 14:51:33 - [TEST_STEP][PASSED] - "Phone Number    |": null

2020-04-21 14:51:33 - [TEST_STEP][PASSED] - verifyTextPresent(findTestData("Data Files/Advance_Company_Search_Data").getValue("Tel", row), false): Text '' is present on page 

2020-04-21 14:51:34 - [MESSAGE][PASSED] - Text '' is present on page 

2020-04-21 14:51:34 - [TEST_STEP][PASSED] - "----------------": null

2020-04-21 14:51:34 - [TEST_STEP][PASSED] - "Trader ID       |": null

2020-04-21 14:51:34 - [TEST_STEP][PASSED] - verifyTextPresent(findTestData("Data Files/Advance_Company_Search_Data").getValue("Trader_ID", row), false): Text '280592' is present on page 

2020-04-21 14:51:35 - [MESSAGE][PASSED] - Text '280592' is present on page 

2020-04-21 14:51:35 - [TEST_STEP][PASSED] - "----------------": null

2020-04-21 14:51:35 - [TEST_STEP][PASSED] - "Postcode        |": null

2020-04-21 14:51:35 - [TEST_STEP][PASSED] - verifyTextPresent(findTestData("Data Files/Advance_Company_Search_Data").getValue("Postcode", row), false): Text '' is present on page 

2020-04-21 14:51:35 - [MESSAGE][PASSED] - Text '' is present on page 

2020-04-21 14:51:35 - [TEST_STEP][PASSED] - "----------------": null

2020-04-21 14:51:35 - [TEST_STEP][PASSED] - "Full Name       |": null

2020-04-21 14:51:35 - [TEST_STEP][PASSED] - verifyTextPresent(findTestData("Data Files/Advance_Company_Search_Data").getValue("Full_Name", row), false): Text '2 Redwood Drive, Haywards Heath, West Sussex, RH16 4ER' is present on page 

2020-04-21 14:51:36 - [MESSAGE][PASSED] - Text '2 Redwood Drive, Haywards Heath, West Sussex, RH16 4ER' is present on page 

2020-04-21 14:51:36 - [TEST_STEP][PASSED] - "----------------": null

2020-04-21 14:51:36 - [TEST_STEP][PASSED] - "Date of Birth   |": null

2020-04-21 14:51:36 - [TEST_STEP][PASSED] - verifyTextPresent(findTestData("Data Files/Advance_Company_Search_Data").getValue("Owner_DOB", row), false): Text '' is present on page 

2020-04-21 14:51:37 - [MESSAGE][PASSED] - Text '' is present on page 

2020-04-21 14:51:37 - [TEST_STEP][PASSED] - "----------------": null

2020-04-21 14:51:37 - [TEST_STEP][PASSED] - "Full Address    |": null

2020-04-21 14:51:37 - [TEST_STEP][PASSED] - verifyTextPresent(findTestData("Data Files/Advance_Company_Search_Data").getValue("Full_Address", row), false): Text '2 Redwood Drive, Haywards Heath, West Sussex, RH16 4ER' is present on page 

2020-04-21 14:51:37 - [MESSAGE][PASSED] - Text '2 Redwood Drive, Haywards Heath, West Sussex, RH16 4ER' is present on page 

2020-04-21 14:51:37 - [MESSAGE][PASSED] - Call Test Case 'Test Cases/Reusable_Test_Sequences/Web_Office/Verification/Company_Returned_Advanced_Search_Record' successfully

2020-04-21 14:51:37 - [TEST_STEP][PASSED] - "--------------------------": null

2020-04-21 14:51:37 - [TEST_STEP][PASSED] - " Teardown - CLose Browser |": null

2020-04-21 14:51:37 - [TEST_STEP][PASSED] - callTestCase(findTestCase("Reusable_Test_Sequences/CAT_Teardown"), [:], OPTIONAL): Call Test Case 'Test Cases/Reusable_Test_Sequences/CAT_Teardown' successfully

2020-04-21 14:51:37 - [TEST_CASE][PASSED] - Test Cases/Reusable_Test_Sequences/CAT_Teardown: Test Cases/Reusable_Test_Sequences/CAT_Teardown

2020-04-21 14:51:37 - [TEST_STEP][PASSED] - closeBrowser(): Browser is closed

2020-04-21 14:51:38 - [MESSAGE][PASSED] - Browser is closed

2020-04-21 14:51:38 - [TEST_STEP][PASSED] - super.finalize(): null

2020-04-21 14:51:38 - [TEST_STEP][PASSED] - System.gc(): null

2020-04-21 14:51:38 - [MESSAGE][PASSED] - Call Test Case 'Test Cases/Reusable_Test_Sequences/CAT_Teardown' successfully

2020-04-21 14:51:38 - [TEST_STEP][PASSED] - "--------------------------------------": null

2020-04-21 14:51:38 - [TEST_STEP][PASSED] - " Web Office StartUp                  |": null

2020-04-21 14:51:38 - [TEST_STEP][PASSED] - callTestCase(findTestCase("Reusable_Test_Sequences/Web_Office/Directives/WebOffice_StartUp"), [:], STOP_ON_FAILURE): Call Test Case 'Test Cases/Reusable_Test_Sequences/Web_Office/Directives/WebOffice_StartUp' successfully

2020-04-21 14:51:38 - [TEST_CASE][PASSED] - Test Cases/Reusable_Test_Sequences/Web_Office/Directives/WebOffice_StartUp: Test Cases/Reusable_Test_Sequences/Web_Office/Directives/WebOffice_StartUp

2020-04-21 14:51:38 - [TEST_STEP][PASSED] - "-----------------------------------------------------------------------------": null

2020-04-21 14:51:38 - [TEST_STEP][PASSED] - if (URL == "https://www.dev.checkatrade.com/"): null

2020-04-21 14:51:38 - [TEST_STEP][PASSED] - "-----------------------------------------------------------------------------": null

2020-04-21 14:51:38 - [TEST_STEP][PASSED] - if (URL == "https://www.checkatrade.com/"): null

2020-04-21 14:51:38 - [TEST_STEP][PASSED] - "-----------------------------------------------------------------------------": null

2020-04-21 14:51:38 - [TEST_STEP][PASSED] - if (URL == "https://www.preview.checkatrade.com/"): null

2020-04-21 14:51:38 - [TEST_STEP][PASSED] - WebOfficeURL = "https://admin.preview.checkatrade.com/": null

2020-04-21 14:51:38 - [TEST_STEP][PASSED] - if (URL == "https://www.dev2.checkatrade.com/"): null

2020-04-21 14:51:38 - [TEST_STEP][PASSED] - "Set Function Area for "URL_Handler", URL Resolution": null

2020-04-21 14:51:38 - [TEST_STEP][PASSED] - "Do Some Magic with URL(s) See the comments within URL Handler ": null

2020-04-21 14:51:38 - [TEST_STEP][PASSED] - "------------------------------------------------": null

2020-04-21 14:51:38 - [TEST_STEP][PASSED] - "Moved Login Credentials to <Default> profile 22/01/2020": null

2020-04-21 14:51:38 - [TEST_STEP][PASSED] - "------------------------------------------------": null

2020-04-21 14:51:38 - [TEST_STEP][PASSED] - "WebOfficeURL - Set from the ENVIRONMENT PROFILE ": null

2020-04-21 14:51:39 - [TEST_STEP][PASSED] - "OPEN BROWSER": null

2020-04-21 14:51:39 - [TEST_STEP][PASSED] - "eg - https://admin.preview.checkatrade.com/  ": null

2020-04-21 14:51:39 - [TEST_STEP][PASSED] - openBrowser(WebOfficeURL): Browser is opened with url: 'https://admin.preview.checkatrade.com/'

2020-04-21 14:51:39 - [MESSAGE][INFO] - Starting 'Chrome' driver

2020-04-21 14:51:39 - [MESSAGE][INFO] - Action delay is set to 0 milliseconds

2020-04-21 14:51:44 - [MESSAGE][PASSED] - Browser is opened with url: 'https://admin.preview.checkatrade.com/'

2020-04-21 14:51:44 - [TEST_STEP][PASSED] - maximizeWindow(): Current window maximized

2020-04-21 14:51:46 - [MESSAGE][PASSED] - Current window maximized

2020-04-21 14:51:46 - [TEST_STEP][PASSED] - waitForElementClickable(findTestObject("Object Repository/WebOffice/Page_Checkatrade - Administration - Login/Login_Button"), 25): Object 'Object Repository/WebOffice/Page_Checkatrade - Administration - Login/Login_Button' is clickable

2020-04-21 14:51:46 - [MESSAGE][PASSED] - Object 'Object Repository/WebOffice/Page_Checkatrade - Administration - Login/Login_Button' is clickable

2020-04-21 14:51:46 - [TEST_STEP][PASSED] - verifyTextPresent("Checkatrade Web Office", false): Text 'Checkatrade Web Office' is present on page 

2020-04-21 14:51:46 - [MESSAGE][PASSED] - Text 'Checkatrade Web Office' is present on page 

2020-04-21 14:51:46 - [TEST_STEP][PASSED] - verifyTextPresent("Access for staff use only", false): Text 'Access for staff use only' is present on page 

2020-04-21 14:51:46 - [MESSAGE][PASSED] - Text 'Access for staff use only' is present on page 

2020-04-21 14:51:46 - [TEST_STEP][PASSED] - verifyTextPresent("Forgotten password?", false): Text 'Forgotten password?' is present on page 

2020-04-21 14:51:46 - [MESSAGE][PASSED] - Text 'Forgotten password?' is present on page 

2020-04-21 14:51:46 - [TEST_STEP][PASSED] - setText(findTestObject("Object Repository/WebOffice/Page_Checkatrade - Administration - Login/input_Username_LoginControlUserName"), wo_Username): Text 'DavidHo' is set on object 'Object Repository/WebOffice/Page_Checkatrade - Administration - Login/input_Username_LoginControlUserName'

2020-04-21 14:51:46 - [MESSAGE][PASSED] - Text 'DavidHo' is set on object 'Object Repository/WebOffice/Page_Checkatrade - Administration - Login/input_Username_LoginControlUserName'

2020-04-21 14:51:46 - [TEST_STEP][PASSED] - setText(findTestObject("Object Repository/WebOffice/Page_Checkatrade - Administration - Login/input_Password_LoginControlPassword"), wo_Password): Text 'Check123' is set on object 'Object Repository/WebOffice/Page_Checkatrade - Administration - Login/input_Password_LoginControlPassword'

2020-04-21 14:51:47 - [MESSAGE][PASSED] - Text 'Check123' is set on object 'Object Repository/WebOffice/Page_Checkatrade - Administration - Login/input_Password_LoginControlPassword'

2020-04-21 14:51:47 - [TEST_STEP][PASSED] - click(findTestObject("Object Repository/WebOffice/Page_Checkatrade - Administration - Login/Login_Button")): Object: 'Object Repository/WebOffice/Page_Checkatrade - Administration - Login/Login_Button' is clicked on

2020-04-21 14:51:48 - [MESSAGE][PASSED] - Object: 'Object Repository/WebOffice/Page_Checkatrade - Administration - Login/Login_Button' is clicked on

2020-04-21 14:51:48 - [TEST_STEP][PASSED] - waitForPageLoad(60): Wait for page load successfully

2020-04-21 14:51:48 - [MESSAGE][PASSED] - Wait for page load successfully

2020-04-21 14:51:48 - [TEST_STEP][PASSED] - verifyTextPresent("Welcome " + wo_Username, false): Text 'Welcome DavidHo' is present on page 

2020-04-21 14:51:48 - [MESSAGE][PASSED] - Text 'Welcome DavidHo' is present on page 

2020-04-21 14:51:48 - [MESSAGE][PASSED] - Call Test Case 'Test Cases/Reusable_Test_Sequences/Web_Office/Directives/WebOffice_StartUp' successfully

2020-04-21 14:51:48 - [TEST_STEP][PASSED] - "--------------------------------------": null

2020-04-21 14:51:48 - [TEST_STEP][PASSED] - " Navigate to <Companies> Menu Item    |": null

2020-04-21 14:51:48 - [TEST_STEP][PASSED] - callTestCase(findTestCase("Reusable_Test_Sequences/Web_Office/navigation/Navigate_Advanced_Company_Search"), [:], STOP_ON_FAILURE): Call Test Case 'Test Cases/Reusable_Test_Sequences/Web_Office/navigation/Navigate_Advanced_Company_Search' successfully

2020-04-21 14:51:48 - [TEST_CASE][PASSED] - Test Cases/Reusable_Test_Sequences/Web_Office/navigation/Navigate_Advanced_Company_Search: Test Cases/Reusable_Test_Sequences/Web_Office/navigation/Navigate_Advanced_Company_Search

2020-04-21 14:51:48 - [TEST_STEP][PASSED] - "--------------------------------------": null

2020-04-21 14:51:48 - [TEST_STEP][PASSED] - " Navigate Top level menu Item         |": null

2020-04-21 14:51:48 - [TEST_STEP][PASSED] - waitForPageLoad(60): Wait for page load successfully

2020-04-21 14:51:48 - [MESSAGE][PASSED] - Wait for page load successfully

2020-04-21 14:51:48 - [TEST_STEP][PASSED] - waitForElementClickable(findTestObject("Object Repository/WebOffice_Home_page/a_Companies"), 60): Object 'Object Repository/WebOffice_Home_page/a_Companies' is clickable

2020-04-21 14:51:48 - [MESSAGE][PASSED] - Object 'Object Repository/WebOffice_Home_page/a_Companies' is clickable

2020-04-21 14:51:48 - [TEST_STEP][PASSED] - mouseOver(findTestObject("Object Repository/WebOffice_Home_page/a_Companies")): Object: 'Object Repository/WebOffice_Home_page/a_Companies' is hovered

2020-04-21 14:51:49 - [MESSAGE][PASSED] - Object: 'Object Repository/WebOffice_Home_page/a_Companies' is hovered

2020-04-21 14:51:49 - [TEST_STEP][PASSED] - waitForElementClickable(findTestObject("Object Repository/WebOffice_Home_page/a_Company_Advanced_Search"), 1): Object 'Object Repository/WebOffice_Home_page/a_Company_Advanced_Search' is clickable

2020-04-21 14:51:49 - [MESSAGE][PASSED] - Object 'Object Repository/WebOffice_Home_page/a_Company_Advanced_Search' is clickable

2020-04-21 14:51:49 - [TEST_STEP][PASSED] - click(findTestObject("Object Repository/WebOffice_Home_page/a_Company_Advanced_Search")): Object: 'Object Repository/WebOffice_Home_page/a_Company_Advanced_Search' is clicked on

2020-04-21 14:51:52 - [MESSAGE][PASSED] - Object: 'Object Repository/WebOffice_Home_page/a_Company_Advanced_Search' is clicked on

2020-04-21 14:51:52 - [MESSAGE][PASSED] - Call Test Case 'Test Cases/Reusable_Test_Sequences/Web_Office/navigation/Navigate_Advanced_Company_Search' successfully

2020-04-21 14:51:52 - [TEST_STEP][PASSED] - "--------------------------------------": null

2020-04-21 14:51:52 - [TEST_STEP][PASSED] - " LH Pane  - Apply Search Criteria     |": null

2020-04-21 14:51:52 - [TEST_STEP][PASSED] - callTestCase(findTestCase("Reusable_Test_Sequences/Web_Office/Actions/Set_Advanced_Company_Data"), [:], STOP_ON_FAILURE): Call Test Case 'Test Cases/Reusable_Test_Sequences/Web_Office/Actions/Set_Advanced_Company_Data' successfully

2020-04-21 14:51:52 - [TEST_CASE][PASSED] - Test Cases/Reusable_Test_Sequences/Web_Office/Actions/Set_Advanced_Company_Data: Test Cases/Reusable_Test_Sequences/Web_Office/Actions/Set_Advanced_Company_Data

2020-04-21 14:51:52 - [TEST_STEP][PASSED] - "--------------------------------": null

2020-04-21 14:51:52 - [TEST_STEP][PASSED] - "Read data from spreadsheet      |": null

2020-04-21 14:51:52 - [TEST_STEP][PASSED] - data = findTestData("Data Files/Advance_Company_Search_Data"): null

2020-04-21 14:51:52 - [TEST_STEP][PASSED] - Trader_ID = data.getValue("Trader_ID", row): null

2020-04-21 14:51:52 - [TEST_STEP][PASSED] - Limited_Company_Number = data.getValue("Limited_Company_Number", row): null

2020-04-21 14:51:52 - [TEST_STEP][PASSED] - Company_Name = data.getValue("Company_Name", row): null

2020-04-21 14:51:52 - [TEST_STEP][PASSED] - Owner_Surname = data.getValue("Owner_Surname", row): null

2020-04-21 14:51:52 - [TEST_STEP][PASSED] - Owner_DOB = data.getValue("Owner_DOB", row): null

2020-04-21 14:51:52 - [TEST_STEP][PASSED] - Name_House = data.getValue("Name_House", row): null

2020-04-21 14:51:52 - [TEST_STEP][PASSED] - Number_Street = data.getValue("Number_Street", row): null

2020-04-21 14:51:52 - [TEST_STEP][PASSED] - Town = data.getValue("Town", row): null

2020-04-21 14:51:52 - [TEST_STEP][PASSED] - City = data.getValue("City", row): null

2020-04-21 14:51:52 - [TEST_STEP][PASSED] - County = data.getValue("County", row): null

2020-04-21 14:51:52 - [TEST_STEP][PASSED] - Postcode = data.getValue("Postcode", row): null

2020-04-21 14:51:52 - [TEST_STEP][PASSED] - Tel = data.getValue("Tel", row): null

2020-04-21 14:51:52 - [TEST_STEP][PASSED] - Email = data.getValue("Email", row): null

2020-04-21 14:51:52 - [TEST_STEP][PASSED] - "slack": null

2020-04-21 14:51:52 - [TEST_STEP][PASSED] - "--------------------------------": null

2020-04-21 14:51:52 - [TEST_STEP][PASSED] - " Synchronisation                |": null

2020-04-21 14:51:52 - [TEST_STEP][PASSED] - waitForPageLoad(60): Wait for page load successfully

2020-04-21 14:51:52 - [MESSAGE][PASSED] - Wait for page load successfully

2020-04-21 14:51:52 - [TEST_STEP][PASSED] - waitForElementVisible(findTestObject("Web_Office_Advanced_Company_Search/Page_/input_Clear_ctl00ctl00CP1ctlSearchbtnSearch"), 60): Object 'Object Repository/Web_Office_Advanced_Company_Search/Page_/input_Clear_ctl00ctl00CP1ctlSearchbtnSearch' is visible

2020-04-21 14:51:53 - [MESSAGE][PASSED] - Object 'Object Repository/Web_Office_Advanced_Company_Search/Page_/input_Clear_ctl00ctl00CP1ctlSearchbtnSearch' is visible

2020-04-21 14:51:53 - [TEST_STEP][PASSED] - "https://admin.preview.checkatrade.com/Companies/Search.aspx": null

2020-04-21 14:51:53 - [TEST_STEP][PASSED] - "-------------------------------------------------------------------------------------------------------------------------------------": null

2020-04-21 14:51:53 - [TEST_STEP][PASSED] - setText(findTestObject("Web_Office_Advanced_Company_Search/Page_/table_Trader ID"), Trader_ID): Text '' is set on object 'Object Repository/Web_Office_Advanced_Company_Search/Page_/table_Trader ID'

2020-04-21 14:51:53 - [MESSAGE][PASSED] - Text '' is set on object 'Object Repository/Web_Office_Advanced_Company_Search/Page_/table_Trader ID'

2020-04-21 14:51:53 - [TEST_STEP][PASSED] - "-------------------------------------------------------------------------------------------------------------------------------------": null

2020-04-21 14:51:53 - [TEST_STEP][PASSED] - setText(findTestObject("Web_Office_Advanced_Company_Search/Page_/input_Limited Company Number"), Limited_Company_Number): Text '4460222' is set on object 'Object Repository/Web_Office_Advanced_Company_Search/Page_/input_Limited Company Number'

2020-04-21 14:51:54 - [MESSAGE][PASSED] - Text '4460222' is set on object 'Object Repository/Web_Office_Advanced_Company_Search/Page_/input_Limited Company Number'

2020-04-21 14:51:54 - [TEST_STEP][PASSED] - "-------------------------------------------------------------------------------------------------------------------------------------": null

2020-04-21 14:51:54 - [TEST_STEP][PASSED] - setText(findTestObject("Web_Office_Advanced_Company_Search/Page_/input_Company Name"), Company_Name): Text '' is set on object 'Object Repository/Web_Office_Advanced_Company_Search/Page_/input_Company Name'

2020-04-21 14:51:54 - [MESSAGE][PASSED] - Text '' is set on object 'Object Repository/Web_Office_Advanced_Company_Search/Page_/input_Company Name'

2020-04-21 14:51:54 - [TEST_STEP][PASSED] - "-------------------------------------------------------------------------------------------------------------------------------------": null

2020-04-21 14:51:54 - [TEST_STEP][PASSED] - "Set Owner_Date of Birth": null

2020-04-21 14:51:54 - [TEST_STEP][PASSED] - "-------------------------------------------------------------------------------------------------------------------------------------": null

2020-04-21 14:51:54 - [TEST_STEP][PASSED] - setText(findTestObject("Web_Office_Advanced_Company_Search/Page_/input_Owner Surname"), Owner_Surname): Text '' is set on object 'Object Repository/Web_Office_Advanced_Company_Search/Page_/input_Owner Surname'

2020-04-21 14:51:55 - [MESSAGE][PASSED] - Text '' is set on object 'Object Repository/Web_Office_Advanced_Company_Search/Page_/input_Owner Surname'

2020-04-21 14:51:55 - [TEST_STEP][PASSED] - "-------------------------------------------------------------------------------------------------------------------------------------": null

2020-04-21 14:51:55 - [TEST_STEP][PASSED] - setText(findTestObject("Web_Office_Advanced_Company_Search/Page_/input_Name Of House"), Name_House): Text '' is set on object 'Object Repository/Web_Office_Advanced_Company_Search/Page_/input_Name Of House'

2020-04-21 14:51:55 - [MESSAGE][PASSED] - Text '' is set on object 'Object Repository/Web_Office_Advanced_Company_Search/Page_/input_Name Of House'

2020-04-21 14:51:55 - [TEST_STEP][PASSED] - "-------------------------------------------------------------------------------------------------------------------------------------": null

2020-04-21 14:51:55 - [TEST_STEP][PASSED] - "Set Street": null

2020-04-21 14:51:55 - [TEST_STEP][PASSED] - "-------------------------------------------------------------------------------------------------------------------------------------": null

2020-04-21 14:51:55 - [TEST_STEP][PASSED] - setText(findTestObject("Web_Office_Advanced_Company_Search/Page_/input_Town"), Town): Text '' is set on object 'Object Repository/Web_Office_Advanced_Company_Search/Page_/input_Town'

2020-04-21 14:51:55 - [MESSAGE][PASSED] - Text '' is set on object 'Object Repository/Web_Office_Advanced_Company_Search/Page_/input_Town'

2020-04-21 14:51:55 - [TEST_STEP][PASSED] - "-------------------------------------------------------------------------------------------------------------------------------------": null

2020-04-21 14:51:55 - [TEST_STEP][PASSED] - setText(findTestObject("Web_Office_Advanced_Company_Search/Page_/input_City"), City): Text '' is set on object 'Object Repository/Web_Office_Advanced_Company_Search/Page_/input_City'

2020-04-21 14:51:55 - [MESSAGE][PASSED] - Text '' is set on object 'Object Repository/Web_Office_Advanced_Company_Search/Page_/input_City'

2020-04-21 14:51:55 - [TEST_STEP][PASSED] - "-------------------------------------------------------------------------------------------------------------------------------------": null

2020-04-21 14:51:55 - [TEST_STEP][PASSED] - setText(findTestObject("Web_Office_Advanced_Company_Search/Page_/input_County"), County): Text '' is set on object 'Object Repository/Web_Office_Advanced_Company_Search/Page_/input_County'

2020-04-21 14:51:56 - [MESSAGE][PASSED] - Text '' is set on object 'Object Repository/Web_Office_Advanced_Company_Search/Page_/input_County'

2020-04-21 14:51:56 - [TEST_STEP][PASSED] - "-------------------------------------------------------------------------------------------------------------------------------------": null

2020-04-21 14:51:56 - [TEST_STEP][PASSED] - setText(findTestObject("Web_Office_Advanced_Company_Search/Page_/input_Postcode"), Postcode): Text '' is set on object 'Object Repository/Web_Office_Advanced_Company_Search/Page_/input_Postcode'

2020-04-21 14:51:56 - [MESSAGE][PASSED] - Text '' is set on object 'Object Repository/Web_Office_Advanced_Company_Search/Page_/input_Postcode'

2020-04-21 14:51:56 - [TEST_STEP][PASSED] - "-------------------------------------------------------------------------------------------------------------------------------------": null

2020-04-21 14:51:56 - [TEST_STEP][PASSED] - setText(findTestObject("Web_Office_Advanced_Company_Search/Page_/input_Telephone"), Tel): Text '01243 868423' is set on object 'Object Repository/Web_Office_Advanced_Company_Search/Page_/input_Telephone'

2020-04-21 14:51:57 - [MESSAGE][PASSED] - Text '01243 868423' is set on object 'Object Repository/Web_Office_Advanced_Company_Search/Page_/input_Telephone'

2020-04-21 14:51:57 - [TEST_STEP][PASSED] - "-------------------------------------------------------------------------------------------------------------------------------------": null

2020-04-21 14:51:57 - [TEST_STEP][PASSED] - setText(findTestObject("Web_Office_Advanced_Company_Search/Page_/input_Email"), Email): Text 'kfrsteve@hotmail.com' is set on object 'Object Repository/Web_Office_Advanced_Company_Search/Page_/input_Email'

2020-04-21 14:51:59 - [MESSAGE][PASSED] - Text 'kfrsteve@hotmail.com' is set on object 'Object Repository/Web_Office_Advanced_Company_Search/Page_/input_Email'

2020-04-21 14:51:59 - [TEST_STEP][PASSED] - "Set Status": null

2020-04-21 14:51:59 - [TEST_STEP][PASSED] - "-------------------------------------------------------------------------------------------------------------------------------------": null

2020-04-21 14:51:59 - [TEST_STEP][PASSED] - "Status 3 Options": null

2020-04-21 14:51:59 - [TEST_STEP][PASSED] - "-------------------------------------------------------------------------------------------------------------------------------------": null

2020-04-21 14:51:59 - [TEST_STEP][PASSED] - "Set Type": null

2020-04-21 14:51:59 - [TEST_STEP][PASSED] - "-------------------------------------------------------------------------------------------------------------------------------------": null

2020-04-21 14:51:59 - [TEST_STEP][PASSED] - "Type 3 Options": null

2020-04-21 14:51:59 - [TEST_STEP][PASSED] - "-------------------------------------------------------------------------------------------------------------------------------------": null

2020-04-21 14:51:59 - [TEST_STEP][PASSED] - scrollToPosition(0, 0): Browser is scrolled to position x = 0, y = 0

2020-04-21 14:51:59 - [MESSAGE][PASSED] - Browser is scrolled to position x = 0, y = 0

2020-04-21 14:51:59 - [TEST_STEP][PASSED] - waitForElementClickable(findTestObject("Web_Office_Advanced_Company_Search/Page_/Top_Search_Button"), 5): Object 'Object Repository/Web_Office_Advanced_Company_Search/Page_/Top_Search_Button' is clickable

2020-04-21 14:51:59 - [MESSAGE][PASSED] - Object 'Object Repository/Web_Office_Advanced_Company_Search/Page_/Top_Search_Button' is clickable

2020-04-21 14:51:59 - [TEST_STEP][PASSED] - click(findTestObject("Web_Office_Advanced_Company_Search/Page_/Top_Search_Button")): Object: 'Object Repository/Web_Office_Advanced_Company_Search/Page_/Top_Search_Button' is clicked on

2020-04-21 14:52:06 - [MESSAGE][PASSED] - Object: 'Object Repository/Web_Office_Advanced_Company_Search/Page_/Top_Search_Button' is clicked on

2020-04-21 14:52:06 - [MESSAGE][PASSED] - Call Test Case 'Test Cases/Reusable_Test_Sequences/Web_Office/Actions/Set_Advanced_Company_Data' successfully

2020-04-21 14:52:06 - [TEST_STEP][PASSED] - "--------------------------------------": null

2020-04-21 14:52:06 - [TEST_STEP][PASSED] - " Select Returned Record to Verify     |": null

2020-04-21 14:52:06 - [TEST_STEP][PASSED] - callTestCase(findTestCase("Reusable_Test_Sequences/Web_Office/Actions/Select_Company"), [:], OPTIONAL): Call Test Case 'Test Cases/Reusable_Test_Sequences/Web_Office/Actions/Select_Company' successfully

2020-04-21 14:52:06 - [TEST_CASE][PASSED] - Test Cases/Reusable_Test_Sequences/Web_Office/Actions/Select_Company: Test Cases/Reusable_Test_Sequences/Web_Office/Actions/Select_Company

2020-04-21 14:52:06 - [TEST_STEP][PASSED] - waitForPageLoad(60): Wait for page load successfully

2020-04-21 14:52:06 - [MESSAGE][PASSED] - Wait for page load successfully

2020-04-21 14:52:06 - [TEST_STEP][PASSED] - waitForElementClickable(findTestObject("Web_Office_Advanced_Company_Search/Page_/td_Returned_Company"), 5): Object 'Object Repository/Web_Office_Advanced_Company_Search/Page_/td_Returned_Company' is clickable

2020-04-21 14:52:06 - [MESSAGE][PASSED] - Object 'Object Repository/Web_Office_Advanced_Company_Search/Page_/td_Returned_Company' is clickable

2020-04-21 14:52:06 - [TEST_STEP][PASSED] - "-------------------------------------------------------------------------------------------------------------------------------------": null

2020-04-21 14:52:06 - [TEST_STEP][PASSED] - click(findTestObject("Web_Office_Advanced_Company_Search/Page_/td_Returned_Company")): Object: 'Object Repository/Web_Office_Advanced_Company_Search/Page_/td_Returned_Company' is clicked on

2020-04-21 14:52:09 - [MESSAGE][PASSED] - Object: 'Object Repository/Web_Office_Advanced_Company_Search/Page_/td_Returned_Company' is clicked on

2020-04-21 14:52:09 - [MESSAGE][PASSED] - Call Test Case 'Test Cases/Reusable_Test_Sequences/Web_Office/Actions/Select_Company' successfully

2020-04-21 14:52:09 - [TEST_STEP][PASSED] - "--------------------------------------": null

2020-04-21 14:52:09 - [TEST_STEP][PASSED] - " Verify Returned Company Record       |": null

2020-04-21 14:52:09 - [TEST_STEP][PASSED] - callTestCase(findTestCase("Reusable_Test_Sequences/Web_Office/Verification/Company_Returned_Advanced_Search_Record"), [:], OPTIONAL): Call Test Case 'Test Cases/Reusable_Test_Sequences/Web_Office/Verification/Company_Returned_Advanced_Search_Record' successfully

2020-04-21 14:52:09 - [TEST_CASE][PASSED] - Test Cases/Reusable_Test_Sequences/Web_Office/Verification/Company_Returned_Advanced_Search_Record: Test Cases/Reusable_Test_Sequences/Web_Office/Verification/Company_Returned_Advanced_Search_Record

2020-04-21 14:52:10 - [TEST_STEP][PASSED] - "--------------------------------": null

2020-04-21 14:52:10 - [TEST_STEP][PASSED] - "Read data from spreadsheet      | r_ = Returned Data": null

2020-04-21 14:52:10 - [TEST_STEP][PASSED] - data = findTestData("Data Files/Advance_Company_Search_Data"): null

2020-04-21 14:52:10 - [TEST_STEP][PASSED] - Trader_ID = data.getValue("Trader_ID", row): null

2020-04-21 14:52:10 - [TEST_STEP][PASSED] - Limited_Company_Number = data.getValue("Limited_Company_Number", row): null

2020-04-21 14:52:10 - [TEST_STEP][PASSED] - Company_Name = data.getValue("Company_Name", row): null

2020-04-21 14:52:10 - [TEST_STEP][PASSED] - Owner_Surname = data.getValue("Owner_Surname", row): null

2020-04-21 14:52:10 - [TEST_STEP][PASSED] - Owner_DOB = data.getValue("Owner_DOB", row): null

2020-04-21 14:52:10 - [TEST_STEP][PASSED] - Name_House = data.getValue("Name_House", row): null

2020-04-21 14:52:10 - [TEST_STEP][PASSED] - Number_Street = data.getValue("Number_Street", row): null

2020-04-21 14:52:10 - [TEST_STEP][PASSED] - Town = data.getValue("Town", row): null

2020-04-21 14:52:10 - [TEST_STEP][PASSED] - City = data.getValue("City", row): null

2020-04-21 14:52:10 - [TEST_STEP][PASSED] - County = data.getValue("County", row): null

2020-04-21 14:52:10 - [TEST_STEP][PASSED] - Postcode = data.getValue("Postcode", row): null

2020-04-21 14:52:10 - [TEST_STEP][PASSED] - Tel = data.getValue("Tel", row): null

2020-04-21 14:52:10 - [TEST_STEP][PASSED] - Email = data.getValue("Email", row): null

2020-04-21 14:52:10 - [TEST_STEP][PASSED] - "--------------------------------": null

2020-04-21 14:52:10 - [TEST_STEP][PASSED] - "Read data from spreadsheet      |": null

2020-04-21 14:52:10 - [TEST_STEP][PASSED] - Actual_Page_Text = "": null

2020-04-21 14:52:10 - [TEST_STEP][PASSED] - Expected_Page_Text = "": null

2020-04-21 14:52:10 - [TEST_STEP][PASSED] - waitForPageLoad(60): Wait for page load successfully

2020-04-21 14:52:10 - [MESSAGE][PASSED] - Wait for page load successfully

2020-04-21 14:52:10 - [TEST_STEP][PASSED] - delay(1): Delayed 1 second(s)

2020-04-21 14:52:11 - [MESSAGE][PASSED] - Delayed 1 second(s)

2020-04-21 14:52:11 - [TEST_STEP][PASSED] - "---------------------------------------------------------------------------------------------------------------------": null

2020-04-21 14:52:11 - [TEST_STEP][PASSED] - "HEADER DETAIL - iFrame": null

2020-04-21 14:52:11 - [TEST_STEP][PASSED] - "-----------------": null

2020-04-21 14:52:11 - [TEST_STEP][PASSED] - "PAGE_HEADER TEXT |": null

2020-04-21 14:52:11 - [TEST_STEP][PASSED] - verifyTextPresent(findTestData("Data Files/Advance_Company_Search_Data").getValue("Page_Header_Text", row), false): Text 'Kitchen Facelift & Renewal Limited' is present on page 

2020-04-21 14:52:12 - [MESSAGE][PASSED] - Text 'Kitchen Facelift & Renewal Limited' is present on page 

2020-04-21 14:52:12 - [TEST_STEP][PASSED] - "----------------": null

2020-04-21 14:52:12 - [TEST_STEP][PASSED] - "Email Address   |": null

2020-04-21 14:52:12 - [TEST_STEP][PASSED] - verifyTextPresent(findTestData("Data Files/Advance_Company_Search_Data").getValue("Email", row), false): Text 'kfrsteve@hotmail.com' is present on page 

2020-04-21 14:52:13 - [MESSAGE][PASSED] - Text 'kfrsteve@hotmail.com' is present on page 

2020-04-21 14:52:13 - [TEST_STEP][PASSED] - "----------------": null

2020-04-21 14:52:13 - [TEST_STEP][PASSED] - "Phone Number    |": null

2020-04-21 14:52:13 - [TEST_STEP][PASSED] - verifyTextPresent(findTestData("Data Files/Advance_Company_Search_Data").getValue("Tel", row), false): Text '01243 868423' is present on page 

2020-04-21 14:52:14 - [MESSAGE][PASSED] - Text '01243 868423' is present on page 

2020-04-21 14:52:14 - [TEST_STEP][PASSED] - "----------------": null

2020-04-21 14:52:14 - [TEST_STEP][PASSED] - "Trader ID       |": null

2020-04-21 14:52:14 - [TEST_STEP][PASSED] - verifyTextPresent(findTestData("Data Files/Advance_Company_Search_Data").getValue("Trader_ID", row), false): Text '' is present on page 

2020-04-21 14:52:14 - [MESSAGE][PASSED] - Text '' is present on page 

2020-04-21 14:52:14 - [TEST_STEP][PASSED] - "----------------": null

2020-04-21 14:52:14 - [TEST_STEP][PASSED] - "Postcode        |": null

2020-04-21 14:52:14 - [TEST_STEP][PASSED] - verifyTextPresent(findTestData("Data Files/Advance_Company_Search_Data").getValue("Postcode", row), false): Text '' is present on page 

2020-04-21 14:52:16 - [MESSAGE][PASSED] - Text '' is present on page 

2020-04-21 14:52:16 - [TEST_STEP][PASSED] - "----------------": null

2020-04-21 14:52:16 - [TEST_STEP][PASSED] - "Full Name       |": null

2020-04-21 14:52:16 - [TEST_STEP][PASSED] - verifyTextPresent(findTestData("Data Files/Advance_Company_Search_Data").getValue("Full_Name", row), false): Text 'Mr Steve Mercer' is present on page 

2020-04-21 14:52:16 - [MESSAGE][PASSED] - Text 'Mr Steve Mercer' is present on page 

2020-04-21 14:52:16 - [TEST_STEP][PASSED] - "----------------": null

2020-04-21 14:52:16 - [TEST_STEP][PASSED] - "Date of Birth   |": null

2020-04-21 14:52:16 - [TEST_STEP][PASSED] - verifyTextPresent(findTestData("Data Files/Advance_Company_Search_Data").getValue("Owner_DOB", row), false): Text 'DoB: 18/09/1959' is present on page 

2020-04-21 14:52:17 - [MESSAGE][PASSED] - Text 'DoB: 18/09/1959' is present on page 

2020-04-21 14:52:17 - [TEST_STEP][PASSED] - "----------------": null

2020-04-21 14:52:17 - [TEST_STEP][PASSED] - "Full Address    |": null

2020-04-21 14:52:17 - [TEST_STEP][PASSED] - verifyTextPresent(findTestData("Data Files/Advance_Company_Search_Data").getValue("Full_Address", row), false): Text 'Lyndale, Town Cross Avenue, Bognor Regis, West Sussex, PO21 2DN' is present on page 

2020-04-21 14:52:18 - [MESSAGE][PASSED] - Text 'Lyndale, Town Cross Avenue, Bognor Regis, West Sussex, PO21 2DN' is present on page 

2020-04-21 14:52:18 - [MESSAGE][PASSED] - Call Test Case 'Test Cases/Reusable_Test_Sequences/Web_Office/Verification/Company_Returned_Advanced_Search_Record' successfully

2020-04-21 14:52:18 - [TEST_STEP][PASSED] - "--------------------------": null

2020-04-21 14:52:18 - [TEST_STEP][PASSED] - " Teardown - CLose Browser |": null

2020-04-21 14:52:18 - [TEST_STEP][PASSED] - callTestCase(findTestCase("Reusable_Test_Sequences/CAT_Teardown"), [:], OPTIONAL): Call Test Case 'Test Cases/Reusable_Test_Sequences/CAT_Teardown' successfully

2020-04-21 14:52:18 - [TEST_CASE][PASSED] - Test Cases/Reusable_Test_Sequences/CAT_Teardown: Test Cases/Reusable_Test_Sequences/CAT_Teardown

2020-04-21 14:52:18 - [TEST_STEP][PASSED] - closeBrowser(): Browser is closed

2020-04-21 14:52:20 - [MESSAGE][PASSED] - Browser is closed

2020-04-21 14:52:20 - [TEST_STEP][PASSED] - super.finalize(): null

2020-04-21 14:52:20 - [TEST_STEP][PASSED] - System.gc(): null

2020-04-21 14:52:20 - [MESSAGE][PASSED] - Call Test Case 'Test Cases/Reusable_Test_Sequences/CAT_Teardown' successfully

2020-04-21 14:52:20 - [TEST_STEP][PASSED] - "--------------------------------------": null

2020-04-21 14:52:20 - [TEST_STEP][PASSED] - " Web Office StartUp                  |": null

2020-04-21 14:52:20 - [TEST_STEP][PASSED] - callTestCase(findTestCase("Reusable_Test_Sequences/Web_Office/Directives/WebOffice_StartUp"), [:], STOP_ON_FAILURE): Call Test Case 'Test Cases/Reusable_Test_Sequences/Web_Office/Directives/WebOffice_StartUp' successfully

2020-04-21 14:52:20 - [TEST_CASE][PASSED] - Test Cases/Reusable_Test_Sequences/Web_Office/Directives/WebOffice_StartUp: Test Cases/Reusable_Test_Sequences/Web_Office/Directives/WebOffice_StartUp

2020-04-21 14:52:20 - [TEST_STEP][PASSED] - "-----------------------------------------------------------------------------": null

2020-04-21 14:52:20 - [TEST_STEP][PASSED] - if (URL == "https://www.dev.checkatrade.com/"): null

2020-04-21 14:52:20 - [TEST_STEP][PASSED] - "-----------------------------------------------------------------------------": null

2020-04-21 14:52:20 - [TEST_STEP][PASSED] - if (URL == "https://www.checkatrade.com/"): null

2020-04-21 14:52:20 - [TEST_STEP][PASSED] - "-----------------------------------------------------------------------------": null

2020-04-21 14:52:20 - [TEST_STEP][PASSED] - if (URL == "https://www.preview.checkatrade.com/"): null

2020-04-21 14:52:20 - [TEST_STEP][PASSED] - WebOfficeURL = "https://admin.preview.checkatrade.com/": null

2020-04-21 14:52:20 - [TEST_STEP][PASSED] - if (URL == "https://www.dev2.checkatrade.com/"): null

2020-04-21 14:52:20 - [TEST_STEP][PASSED] - "Set Function Area for "URL_Handler", URL Resolution": null

2020-04-21 14:52:20 - [TEST_STEP][PASSED] - "Do Some Magic with URL(s) See the comments within URL Handler ": null

2020-04-21 14:52:20 - [TEST_STEP][PASSED] - "------------------------------------------------": null

2020-04-21 14:52:20 - [TEST_STEP][PASSED] - "Moved Login Credentials to <Default> profile 22/01/2020": null

2020-04-21 14:52:20 - [TEST_STEP][PASSED] - "------------------------------------------------": null

2020-04-21 14:52:20 - [TEST_STEP][PASSED] - "WebOfficeURL - Set from the ENVIRONMENT PROFILE ": null

2020-04-21 14:52:20 - [TEST_STEP][PASSED] - "OPEN BROWSER": null

2020-04-21 14:52:20 - [TEST_STEP][PASSED] - "eg - https://admin.preview.checkatrade.com/  ": null

2020-04-21 14:52:20 - [TEST_STEP][PASSED] - openBrowser(WebOfficeURL): Browser is opened with url: 'https://admin.preview.checkatrade.com/'

2020-04-21 14:52:20 - [MESSAGE][INFO] - Starting 'Chrome' driver

2020-04-21 14:52:20 - [MESSAGE][INFO] - Action delay is set to 0 milliseconds

2020-04-21 14:52:25 - [MESSAGE][PASSED] - Browser is opened with url: 'https://admin.preview.checkatrade.com/'

2020-04-21 14:52:25 - [TEST_STEP][PASSED] - maximizeWindow(): Current window maximized

2020-04-21 14:52:28 - [MESSAGE][PASSED] - Current window maximized

2020-04-21 14:52:28 - [TEST_STEP][PASSED] - waitForElementClickable(findTestObject("Object Repository/WebOffice/Page_Checkatrade - Administration - Login/Login_Button"), 25): Object 'Object Repository/WebOffice/Page_Checkatrade - Administration - Login/Login_Button' is clickable

2020-04-21 14:52:28 - [MESSAGE][PASSED] - Object 'Object Repository/WebOffice/Page_Checkatrade - Administration - Login/Login_Button' is clickable

2020-04-21 14:52:28 - [TEST_STEP][PASSED] - verifyTextPresent("Checkatrade Web Office", false): Text 'Checkatrade Web Office' is present on page 

2020-04-21 14:52:28 - [MESSAGE][PASSED] - Text 'Checkatrade Web Office' is present on page 

2020-04-21 14:52:28 - [TEST_STEP][PASSED] - verifyTextPresent("Access for staff use only", false): Text 'Access for staff use only' is present on page 

2020-04-21 14:52:28 - [MESSAGE][PASSED] - Text 'Access for staff use only' is present on page 

2020-04-21 14:52:28 - [TEST_STEP][PASSED] - verifyTextPresent("Forgotten password?", false): Text 'Forgotten password?' is present on page 

2020-04-21 14:52:28 - [MESSAGE][PASSED] - Text 'Forgotten password?' is present on page 

2020-04-21 14:52:28 - [TEST_STEP][PASSED] - setText(findTestObject("Object Repository/WebOffice/Page_Checkatrade - Administration - Login/input_Username_LoginControlUserName"), wo_Username): Text 'DavidHo' is set on object 'Object Repository/WebOffice/Page_Checkatrade - Administration - Login/input_Username_LoginControlUserName'

2020-04-21 14:52:28 - [MESSAGE][PASSED] - Text 'DavidHo' is set on object 'Object Repository/WebOffice/Page_Checkatrade - Administration - Login/input_Username_LoginControlUserName'

2020-04-21 14:52:28 - [TEST_STEP][PASSED] - setText(findTestObject("Object Repository/WebOffice/Page_Checkatrade - Administration - Login/input_Password_LoginControlPassword"), wo_Password): Text 'Check123' is set on object 'Object Repository/WebOffice/Page_Checkatrade - Administration - Login/input_Password_LoginControlPassword'

2020-04-21 14:52:29 - [MESSAGE][PASSED] - Text 'Check123' is set on object 'Object Repository/WebOffice/Page_Checkatrade - Administration - Login/input_Password_LoginControlPassword'

2020-04-21 14:52:29 - [TEST_STEP][PASSED] - click(findTestObject("Object Repository/WebOffice/Page_Checkatrade - Administration - Login/Login_Button")): Object: 'Object Repository/WebOffice/Page_Checkatrade - Administration - Login/Login_Button' is clicked on

2020-04-21 14:52:30 - [MESSAGE][PASSED] - Object: 'Object Repository/WebOffice/Page_Checkatrade - Administration - Login/Login_Button' is clicked on

2020-04-21 14:52:30 - [TEST_STEP][PASSED] - waitForPageLoad(60): Wait for page load successfully

2020-04-21 14:52:30 - [MESSAGE][PASSED] - Wait for page load successfully

2020-04-21 14:52:30 - [TEST_STEP][PASSED] - verifyTextPresent("Welcome " + wo_Username, false): Text 'Welcome DavidHo' is present on page 

2020-04-21 14:52:30 - [MESSAGE][PASSED] - Text 'Welcome DavidHo' is present on page 

2020-04-21 14:52:30 - [MESSAGE][PASSED] - Call Test Case 'Test Cases/Reusable_Test_Sequences/Web_Office/Directives/WebOffice_StartUp' successfully

2020-04-21 14:52:30 - [TEST_STEP][PASSED] - "--------------------------------------": null

2020-04-21 14:52:30 - [TEST_STEP][PASSED] - " Navigate to <Companies> Menu Item    |": null

2020-04-21 14:52:30 - [TEST_STEP][PASSED] - callTestCase(findTestCase("Reusable_Test_Sequences/Web_Office/navigation/Navigate_Advanced_Company_Search"), [:], STOP_ON_FAILURE): Call Test Case 'Test Cases/Reusable_Test_Sequences/Web_Office/navigation/Navigate_Advanced_Company_Search' successfully

2020-04-21 14:52:30 - [TEST_CASE][PASSED] - Test Cases/Reusable_Test_Sequences/Web_Office/navigation/Navigate_Advanced_Company_Search: Test Cases/Reusable_Test_Sequences/Web_Office/navigation/Navigate_Advanced_Company_Search

2020-04-21 14:52:30 - [TEST_STEP][PASSED] - "--------------------------------------": null

2020-04-21 14:52:30 - [TEST_STEP][PASSED] - " Navigate Top level menu Item         |": null

2020-04-21 14:52:30 - [TEST_STEP][PASSED] - waitForPageLoad(60): Wait for page load successfully

2020-04-21 14:52:30 - [MESSAGE][PASSED] - Wait for page load successfully

2020-04-21 14:52:30 - [TEST_STEP][PASSED] - waitForElementClickable(findTestObject("Object Repository/WebOffice_Home_page/a_Companies"), 60): Object 'Object Repository/WebOffice_Home_page/a_Companies' is clickable

2020-04-21 14:52:30 - [MESSAGE][PASSED] - Object 'Object Repository/WebOffice_Home_page/a_Companies' is clickable

2020-04-21 14:52:30 - [TEST_STEP][PASSED] - mouseOver(findTestObject("Object Repository/WebOffice_Home_page/a_Companies")): Object: 'Object Repository/WebOffice_Home_page/a_Companies' is hovered

2020-04-21 14:52:31 - [MESSAGE][PASSED] - Object: 'Object Repository/WebOffice_Home_page/a_Companies' is hovered

2020-04-21 14:52:31 - [TEST_STEP][PASSED] - waitForElementClickable(findTestObject("Object Repository/WebOffice_Home_page/a_Company_Advanced_Search"), 1): Object 'Object Repository/WebOffice_Home_page/a_Company_Advanced_Search' is clickable

2020-04-21 14:52:31 - [MESSAGE][PASSED] - Object 'Object Repository/WebOffice_Home_page/a_Company_Advanced_Search' is clickable

2020-04-21 14:52:31 - [TEST_STEP][PASSED] - click(findTestObject("Object Repository/WebOffice_Home_page/a_Company_Advanced_Search")): Object: 'Object Repository/WebOffice_Home_page/a_Company_Advanced_Search' is clicked on

2020-04-21 14:52:33 - [MESSAGE][PASSED] - Object: 'Object Repository/WebOffice_Home_page/a_Company_Advanced_Search' is clicked on

2020-04-21 14:52:33 - [MESSAGE][PASSED] - Call Test Case 'Test Cases/Reusable_Test_Sequences/Web_Office/navigation/Navigate_Advanced_Company_Search' successfully

2020-04-21 14:52:33 - [TEST_STEP][PASSED] - "--------------------------------------": null

2020-04-21 14:52:33 - [TEST_STEP][PASSED] - " LH Pane  - Apply Search Criteria     |": null

2020-04-21 14:52:33 - [TEST_STEP][PASSED] - callTestCase(findTestCase("Reusable_Test_Sequences/Web_Office/Actions/Set_Advanced_Company_Data"), [:], STOP_ON_FAILURE): Call Test Case 'Test Cases/Reusable_Test_Sequences/Web_Office/Actions/Set_Advanced_Company_Data' successfully

2020-04-21 14:52:33 - [TEST_CASE][PASSED] - Test Cases/Reusable_Test_Sequences/Web_Office/Actions/Set_Advanced_Company_Data: Test Cases/Reusable_Test_Sequences/Web_Office/Actions/Set_Advanced_Company_Data

2020-04-21 14:52:33 - [TEST_STEP][PASSED] - "--------------------------------": null

2020-04-21 14:52:33 - [TEST_STEP][PASSED] - "Read data from spreadsheet      |": null

2020-04-21 14:52:33 - [TEST_STEP][PASSED] - data = findTestData("Data Files/Advance_Company_Search_Data"): null

2020-04-21 14:52:34 - [TEST_STEP][PASSED] - Trader_ID = data.getValue("Trader_ID", row): null

2020-04-21 14:52:34 - [TEST_STEP][PASSED] - Limited_Company_Number = data.getValue("Limited_Company_Number", row): null

2020-04-21 14:52:34 - [TEST_STEP][PASSED] - Company_Name = data.getValue("Company_Name", row): null

2020-04-21 14:52:34 - [TEST_STEP][PASSED] - Owner_Surname = data.getValue("Owner_Surname", row): null

2020-04-21 14:52:34 - [TEST_STEP][PASSED] - Owner_DOB = data.getValue("Owner_DOB", row): null

2020-04-21 14:52:34 - [TEST_STEP][PASSED] - Name_House = data.getValue("Name_House", row): null

2020-04-21 14:52:34 - [TEST_STEP][PASSED] - Number_Street = data.getValue("Number_Street", row): null

2020-04-21 14:52:34 - [TEST_STEP][PASSED] - Town = data.getValue("Town", row): null

2020-04-21 14:52:34 - [TEST_STEP][PASSED] - City = data.getValue("City", row): null

2020-04-21 14:52:34 - [TEST_STEP][PASSED] - County = data.getValue("County", row): null

2020-04-21 14:52:34 - [TEST_STEP][PASSED] - Postcode = data.getValue("Postcode", row): null

2020-04-21 14:52:34 - [TEST_STEP][PASSED] - Tel = data.getValue("Tel", row): null

2020-04-21 14:52:34 - [TEST_STEP][PASSED] - Email = data.getValue("Email", row): null

2020-04-21 14:52:34 - [TEST_STEP][PASSED] - "slack": null

2020-04-21 14:52:34 - [TEST_STEP][PASSED] - "--------------------------------": null

2020-04-21 14:52:34 - [TEST_STEP][PASSED] - " Synchronisation                |": null

2020-04-21 14:52:34 - [TEST_STEP][PASSED] - waitForPageLoad(60): Wait for page load successfully

2020-04-21 14:52:34 - [MESSAGE][PASSED] - Wait for page load successfully

2020-04-21 14:52:34 - [TEST_STEP][PASSED] - waitForElementVisible(findTestObject("Web_Office_Advanced_Company_Search/Page_/input_Clear_ctl00ctl00CP1ctlSearchbtnSearch"), 60): Object 'Object Repository/Web_Office_Advanced_Company_Search/Page_/input_Clear_ctl00ctl00CP1ctlSearchbtnSearch' is visible

2020-04-21 14:52:34 - [MESSAGE][PASSED] - Object 'Object Repository/Web_Office_Advanced_Company_Search/Page_/input_Clear_ctl00ctl00CP1ctlSearchbtnSearch' is visible

2020-04-21 14:52:34 - [TEST_STEP][PASSED] - "https://admin.preview.checkatrade.com/Companies/Search.aspx": null

2020-04-21 14:52:34 - [TEST_STEP][PASSED] - "-------------------------------------------------------------------------------------------------------------------------------------": null

2020-04-21 14:52:34 - [TEST_STEP][PASSED] - setText(findTestObject("Web_Office_Advanced_Company_Search/Page_/table_Trader ID"), Trader_ID): Text '' is set on object 'Object Repository/Web_Office_Advanced_Company_Search/Page_/table_Trader ID'

2020-04-21 14:52:34 - [MESSAGE][PASSED] - Text '' is set on object 'Object Repository/Web_Office_Advanced_Company_Search/Page_/table_Trader ID'

2020-04-21 14:52:34 - [TEST_STEP][PASSED] - "-------------------------------------------------------------------------------------------------------------------------------------": null

2020-04-21 14:52:34 - [TEST_STEP][PASSED] - setText(findTestObject("Web_Office_Advanced_Company_Search/Page_/input_Limited Company Number"), Limited_Company_Number): Text '4460222' is set on object 'Object Repository/Web_Office_Advanced_Company_Search/Page_/input_Limited Company Number'

2020-04-21 14:52:35 - [MESSAGE][PASSED] - Text '4460222' is set on object 'Object Repository/Web_Office_Advanced_Company_Search/Page_/input_Limited Company Number'

2020-04-21 14:52:35 - [TEST_STEP][PASSED] - "-------------------------------------------------------------------------------------------------------------------------------------": null

2020-04-21 14:52:35 - [TEST_STEP][PASSED] - setText(findTestObject("Web_Office_Advanced_Company_Search/Page_/input_Company Name"), Company_Name): Text '' is set on object 'Object Repository/Web_Office_Advanced_Company_Search/Page_/input_Company Name'

2020-04-21 14:52:35 - [MESSAGE][PASSED] - Text '' is set on object 'Object Repository/Web_Office_Advanced_Company_Search/Page_/input_Company Name'

2020-04-21 14:52:35 - [TEST_STEP][PASSED] - "-------------------------------------------------------------------------------------------------------------------------------------": null

2020-04-21 14:52:35 - [TEST_STEP][PASSED] - "Set Owner_Date of Birth": null

2020-04-21 14:52:35 - [TEST_STEP][PASSED] - "-------------------------------------------------------------------------------------------------------------------------------------": null

2020-04-21 14:52:35 - [TEST_STEP][PASSED] - setText(findTestObject("Web_Office_Advanced_Company_Search/Page_/input_Owner Surname"), Owner_Surname): Text '' is set on object 'Object Repository/Web_Office_Advanced_Company_Search/Page_/input_Owner Surname'

2020-04-21 14:52:35 - [MESSAGE][PASSED] - Text '' is set on object 'Object Repository/Web_Office_Advanced_Company_Search/Page_/input_Owner Surname'

2020-04-21 14:52:35 - [TEST_STEP][PASSED] - "-------------------------------------------------------------------------------------------------------------------------------------": null

2020-04-21 14:52:35 - [TEST_STEP][PASSED] - setText(findTestObject("Web_Office_Advanced_Company_Search/Page_/input_Name Of House"), Name_House): Text '' is set on object 'Object Repository/Web_Office_Advanced_Company_Search/Page_/input_Name Of House'

2020-04-21 14:52:35 - [MESSAGE][PASSED] - Text '' is set on object 'Object Repository/Web_Office_Advanced_Company_Search/Page_/input_Name Of House'

2020-04-21 14:52:35 - [TEST_STEP][PASSED] - "-------------------------------------------------------------------------------------------------------------------------------------": null

2020-04-21 14:52:35 - [TEST_STEP][PASSED] - "Set Street": null

2020-04-21 14:52:35 - [TEST_STEP][PASSED] - "-------------------------------------------------------------------------------------------------------------------------------------": null

2020-04-21 14:52:35 - [TEST_STEP][PASSED] - setText(findTestObject("Web_Office_Advanced_Company_Search/Page_/input_Town"), Town): Text '' is set on object 'Object Repository/Web_Office_Advanced_Company_Search/Page_/input_Town'

2020-04-21 14:52:36 - [MESSAGE][PASSED] - Text '' is set on object 'Object Repository/Web_Office_Advanced_Company_Search/Page_/input_Town'

2020-04-21 14:52:36 - [TEST_STEP][PASSED] - "-------------------------------------------------------------------------------------------------------------------------------------": null

2020-04-21 14:52:36 - [TEST_STEP][PASSED] - setText(findTestObject("Web_Office_Advanced_Company_Search/Page_/input_City"), City): Text '' is set on object 'Object Repository/Web_Office_Advanced_Company_Search/Page_/input_City'

2020-04-21 14:52:36 - [MESSAGE][PASSED] - Text '' is set on object 'Object Repository/Web_Office_Advanced_Company_Search/Page_/input_City'

2020-04-21 14:52:36 - [TEST_STEP][PASSED] - "-------------------------------------------------------------------------------------------------------------------------------------": null

2020-04-21 14:52:36 - [TEST_STEP][PASSED] - setText(findTestObject("Web_Office_Advanced_Company_Search/Page_/input_County"), County): Text '' is set on object 'Object Repository/Web_Office_Advanced_Company_Search/Page_/input_County'

2020-04-21 14:52:36 - [MESSAGE][PASSED] - Text '' is set on object 'Object Repository/Web_Office_Advanced_Company_Search/Page_/input_County'

2020-04-21 14:52:36 - [TEST_STEP][PASSED] - "-------------------------------------------------------------------------------------------------------------------------------------": null

2020-04-21 14:52:36 - [TEST_STEP][PASSED] - setText(findTestObject("Web_Office_Advanced_Company_Search/Page_/input_Postcode"), Postcode): Text '' is set on object 'Object Repository/Web_Office_Advanced_Company_Search/Page_/input_Postcode'

2020-04-21 14:52:37 - [MESSAGE][PASSED] - Text '' is set on object 'Object Repository/Web_Office_Advanced_Company_Search/Page_/input_Postcode'

2020-04-21 14:52:37 - [TEST_STEP][PASSED] - "-------------------------------------------------------------------------------------------------------------------------------------": null

2020-04-21 14:52:37 - [TEST_STEP][PASSED] - setText(findTestObject("Web_Office_Advanced_Company_Search/Page_/input_Telephone"), Tel): Text '' is set on object 'Object Repository/Web_Office_Advanced_Company_Search/Page_/input_Telephone'

2020-04-21 14:52:37 - [MESSAGE][PASSED] - Text '' is set on object 'Object Repository/Web_Office_Advanced_Company_Search/Page_/input_Telephone'

2020-04-21 14:52:37 - [TEST_STEP][PASSED] - "-------------------------------------------------------------------------------------------------------------------------------------": null

2020-04-21 14:52:37 - [TEST_STEP][PASSED] - setText(findTestObject("Web_Office_Advanced_Company_Search/Page_/input_Email"), Email): Text '' is set on object 'Object Repository/Web_Office_Advanced_Company_Search/Page_/input_Email'

2020-04-21 14:52:37 - [MESSAGE][PASSED] - Text '' is set on object 'Object Repository/Web_Office_Advanced_Company_Search/Page_/input_Email'

2020-04-21 14:52:37 - [TEST_STEP][PASSED] - "Set Status": null

2020-04-21 14:52:37 - [TEST_STEP][PASSED] - "-------------------------------------------------------------------------------------------------------------------------------------": null

2020-04-21 14:52:37 - [TEST_STEP][PASSED] - "Status 3 Options": null

2020-04-21 14:52:37 - [TEST_STEP][PASSED] - "-------------------------------------------------------------------------------------------------------------------------------------": null

2020-04-21 14:52:37 - [TEST_STEP][PASSED] - "Set Type": null

2020-04-21 14:52:37 - [TEST_STEP][PASSED] - "-------------------------------------------------------------------------------------------------------------------------------------": null

2020-04-21 14:52:37 - [TEST_STEP][PASSED] - "Type 3 Options": null

2020-04-21 14:52:37 - [TEST_STEP][PASSED] - "-------------------------------------------------------------------------------------------------------------------------------------": null

2020-04-21 14:52:37 - [TEST_STEP][PASSED] - scrollToPosition(0, 0): Browser is scrolled to position x = 0, y = 0

2020-04-21 14:52:37 - [MESSAGE][PASSED] - Browser is scrolled to position x = 0, y = 0

2020-04-21 14:52:37 - [TEST_STEP][PASSED] - waitForElementClickable(findTestObject("Web_Office_Advanced_Company_Search/Page_/Top_Search_Button"), 5): Object 'Object Repository/Web_Office_Advanced_Company_Search/Page_/Top_Search_Button' is clickable

2020-04-21 14:52:37 - [MESSAGE][PASSED] - Object 'Object Repository/Web_Office_Advanced_Company_Search/Page_/Top_Search_Button' is clickable

2020-04-21 14:52:37 - [TEST_STEP][PASSED] - click(findTestObject("Web_Office_Advanced_Company_Search/Page_/Top_Search_Button")): Object: 'Object Repository/Web_Office_Advanced_Company_Search/Page_/Top_Search_Button' is clicked on

2020-04-21 14:52:41 - [MESSAGE][PASSED] - Object: 'Object Repository/Web_Office_Advanced_Company_Search/Page_/Top_Search_Button' is clicked on

2020-04-21 14:52:41 - [MESSAGE][PASSED] - Call Test Case 'Test Cases/Reusable_Test_Sequences/Web_Office/Actions/Set_Advanced_Company_Data' successfully

2020-04-21 14:52:41 - [TEST_STEP][PASSED] - "--------------------------------------": null

2020-04-21 14:52:41 - [TEST_STEP][PASSED] - " Select Returned Record to Verify     |": null

2020-04-21 14:52:41 - [TEST_STEP][PASSED] - callTestCase(findTestCase("Reusable_Test_Sequences/Web_Office/Actions/Select_Company"), [:], OPTIONAL): Call Test Case 'Test Cases/Reusable_Test_Sequences/Web_Office/Actions/Select_Company' successfully

2020-04-21 14:52:41 - [TEST_CASE][PASSED] - Test Cases/Reusable_Test_Sequences/Web_Office/Actions/Select_Company: Test Cases/Reusable_Test_Sequences/Web_Office/Actions/Select_Company

2020-04-21 14:52:41 - [TEST_STEP][PASSED] - waitForPageLoad(60): Wait for page load successfully

2020-04-21 14:52:41 - [MESSAGE][PASSED] - Wait for page load successfully

2020-04-21 14:52:41 - [TEST_STEP][PASSED] - waitForElementClickable(findTestObject("Web_Office_Advanced_Company_Search/Page_/td_Returned_Company"), 5): Object 'Object Repository/Web_Office_Advanced_Company_Search/Page_/td_Returned_Company' is clickable

2020-04-21 14:52:41 - [MESSAGE][PASSED] - Object 'Object Repository/Web_Office_Advanced_Company_Search/Page_/td_Returned_Company' is clickable

2020-04-21 14:52:41 - [TEST_STEP][PASSED] - "-------------------------------------------------------------------------------------------------------------------------------------": null

2020-04-21 14:52:41 - [TEST_STEP][PASSED] - click(findTestObject("Web_Office_Advanced_Company_Search/Page_/td_Returned_Company")): Object: 'Object Repository/Web_Office_Advanced_Company_Search/Page_/td_Returned_Company' is clicked on

2020-04-21 14:52:44 - [MESSAGE][PASSED] - Object: 'Object Repository/Web_Office_Advanced_Company_Search/Page_/td_Returned_Company' is clicked on

2020-04-21 14:52:44 - [MESSAGE][PASSED] - Call Test Case 'Test Cases/Reusable_Test_Sequences/Web_Office/Actions/Select_Company' successfully

2020-04-21 14:52:44 - [TEST_STEP][PASSED] - "--------------------------------------": null

2020-04-21 14:52:44 - [TEST_STEP][PASSED] - " Verify Returned Company Record       |": null

2020-04-21 14:52:44 - [TEST_STEP][PASSED] - callTestCase(findTestCase("Reusable_Test_Sequences/Web_Office/Verification/Company_Returned_Advanced_Search_Record"), [:], OPTIONAL): Call Test Case 'Test Cases/Reusable_Test_Sequences/Web_Office/Verification/Company_Returned_Advanced_Search_Record' successfully

2020-04-21 14:52:44 - [TEST_CASE][PASSED] - Test Cases/Reusable_Test_Sequences/Web_Office/Verification/Company_Returned_Advanced_Search_Record: Test Cases/Reusable_Test_Sequences/Web_Office/Verification/Company_Returned_Advanced_Search_Record

2020-04-21 14:52:44 - [TEST_STEP][PASSED] - "--------------------------------": null

2020-04-21 14:52:44 - [TEST_STEP][PASSED] - "Read data from spreadsheet      | r_ = Returned Data": null

2020-04-21 14:52:44 - [TEST_STEP][PASSED] - data = findTestData("Data Files/Advance_Company_Search_Data"): null

2020-04-21 14:52:44 - [TEST_STEP][PASSED] - Trader_ID = data.getValue("Trader_ID", row): null

2020-04-21 14:52:44 - [TEST_STEP][PASSED] - Limited_Company_Number = data.getValue("Limited_Company_Number", row): null

2020-04-21 14:52:44 - [TEST_STEP][PASSED] - Company_Name = data.getValue("Company_Name", row): null

2020-04-21 14:52:44 - [TEST_STEP][PASSED] - Owner_Surname = data.getValue("Owner_Surname", row): null

2020-04-21 14:52:44 - [TEST_STEP][PASSED] - Owner_DOB = data.getValue("Owner_DOB", row): null

2020-04-21 14:52:44 - [TEST_STEP][PASSED] - Name_House = data.getValue("Name_House", row): null

2020-04-21 14:52:44 - [TEST_STEP][PASSED] - Number_Street = data.getValue("Number_Street", row): null

2020-04-21 14:52:44 - [TEST_STEP][PASSED] - Town = data.getValue("Town", row): null

2020-04-21 14:52:44 - [TEST_STEP][PASSED] - City = data.getValue("City", row): null

2020-04-21 14:52:44 - [TEST_STEP][PASSED] - County = data.getValue("County", row): null

2020-04-21 14:52:44 - [TEST_STEP][PASSED] - Postcode = data.getValue("Postcode", row): null

2020-04-21 14:52:44 - [TEST_STEP][PASSED] - Tel = data.getValue("Tel", row): null

2020-04-21 14:52:44 - [TEST_STEP][PASSED] - Email = data.getValue("Email", row): null

2020-04-21 14:52:44 - [TEST_STEP][PASSED] - "--------------------------------": null

2020-04-21 14:52:44 - [TEST_STEP][PASSED] - "Read data from spreadsheet      |": null

2020-04-21 14:52:44 - [TEST_STEP][PASSED] - Actual_Page_Text = "": null

2020-04-21 14:52:44 - [TEST_STEP][PASSED] - Expected_Page_Text = "": null

2020-04-21 14:52:44 - [TEST_STEP][PASSED] - waitForPageLoad(60): Wait for page load successfully

2020-04-21 14:52:44 - [MESSAGE][PASSED] - Wait for page load successfully

2020-04-21 14:52:44 - [TEST_STEP][PASSED] - delay(1): Delayed 1 second(s)

2020-04-21 14:52:45 - [MESSAGE][PASSED] - Delayed 1 second(s)

2020-04-21 14:52:45 - [TEST_STEP][PASSED] - "---------------------------------------------------------------------------------------------------------------------": null

2020-04-21 14:52:45 - [TEST_STEP][PASSED] - "HEADER DETAIL - iFrame": null

2020-04-21 14:52:45 - [TEST_STEP][PASSED] - "-----------------": null

2020-04-21 14:52:45 - [TEST_STEP][PASSED] - "PAGE_HEADER TEXT |": null

2020-04-21 14:52:45 - [TEST_STEP][PASSED] - verifyTextPresent(findTestData("Data Files/Advance_Company_Search_Data").getValue("Page_Header_Text", row), false): Text 'Kitchen Facelift & Renewal Limited' is present on page 

2020-04-21 14:52:46 - [MESSAGE][PASSED] - Text 'Kitchen Facelift & Renewal Limited' is present on page 

2020-04-21 14:52:46 - [TEST_STEP][PASSED] - "----------------": null

2020-04-21 14:52:46 - [TEST_STEP][PASSED] - "Email Address   |": null

2020-04-21 14:52:46 - [TEST_STEP][PASSED] - verifyTextPresent(findTestData("Data Files/Advance_Company_Search_Data").getValue("Email", row), false): Text '' is present on page 

2020-04-21 14:52:48 - [MESSAGE][PASSED] - Text '' is present on page 

2020-04-21 14:52:48 - [TEST_STEP][PASSED] - "----------------": null

2020-04-21 14:52:48 - [TEST_STEP][PASSED] - "Phone Number    |": null

2020-04-21 14:52:48 - [TEST_STEP][PASSED] - verifyTextPresent(findTestData("Data Files/Advance_Company_Search_Data").getValue("Tel", row), false): Text '' is present on page 

2020-04-21 14:52:49 - [MESSAGE][PASSED] - Text '' is present on page 

2020-04-21 14:52:49 - [TEST_STEP][PASSED] - "----------------": null

2020-04-21 14:52:49 - [TEST_STEP][PASSED] - "Trader ID       |": null

2020-04-21 14:52:49 - [TEST_STEP][PASSED] - verifyTextPresent(findTestData("Data Files/Advance_Company_Search_Data").getValue("Trader_ID", row), false): Text '' is present on page 

2020-04-21 14:52:49 - [MESSAGE][PASSED] - Text '' is present on page 

2020-04-21 14:52:49 - [TEST_STEP][PASSED] - "----------------": null

2020-04-21 14:52:49 - [TEST_STEP][PASSED] - "Postcode        |": null

2020-04-21 14:52:49 - [TEST_STEP][PASSED] - verifyTextPresent(findTestData("Data Files/Advance_Company_Search_Data").getValue("Postcode", row), false): Text '' is present on page 

2020-04-21 14:52:50 - [MESSAGE][PASSED] - Text '' is present on page 

2020-04-21 14:52:50 - [TEST_STEP][PASSED] - "----------------": null

2020-04-21 14:52:50 - [TEST_STEP][PASSED] - "Full Name       |": null

2020-04-21 14:52:50 - [TEST_STEP][PASSED] - verifyTextPresent(findTestData("Data Files/Advance_Company_Search_Data").getValue("Full_Name", row), false): Text 'Mr Steve Mercer' is present on page 

2020-04-21 14:52:51 - [MESSAGE][PASSED] - Text 'Mr Steve Mercer' is present on page 

2020-04-21 14:52:51 - [TEST_STEP][PASSED] - "----------------": null

2020-04-21 14:52:51 - [TEST_STEP][PASSED] - "Date of Birth   |": null

2020-04-21 14:52:51 - [TEST_STEP][PASSED] - verifyTextPresent(findTestData("Data Files/Advance_Company_Search_Data").getValue("Owner_DOB", row), false): Text '' is present on page 

2020-04-21 14:52:52 - [MESSAGE][PASSED] - Text '' is present on page 

2020-04-21 14:52:52 - [TEST_STEP][PASSED] - "----------------": null

2020-04-21 14:52:52 - [TEST_STEP][PASSED] - "Full Address    |": null

2020-04-21 14:52:52 - [TEST_STEP][PASSED] - verifyTextPresent(findTestData("Data Files/Advance_Company_Search_Data").getValue("Full_Address", row), false): Text 'Lyndale, Town Cross Avenue, Bognor Regis, West Sussex, PO21 2DN' is present on page 

2020-04-21 14:52:53 - [MESSAGE][PASSED] - Text 'Lyndale, Town Cross Avenue, Bognor Regis, West Sussex, PO21 2DN' is present on page 

2020-04-21 14:52:53 - [MESSAGE][PASSED] - Call Test Case 'Test Cases/Reusable_Test_Sequences/Web_Office/Verification/Company_Returned_Advanced_Search_Record' successfully

2020-04-21 14:52:53 - [TEST_STEP][PASSED] - "--------------------------": null

2020-04-21 14:52:53 - [TEST_STEP][PASSED] - " Teardown - CLose Browser |": null

2020-04-21 14:52:53 - [TEST_STEP][PASSED] - callTestCase(findTestCase("Reusable_Test_Sequences/CAT_Teardown"), [:], OPTIONAL): Call Test Case 'Test Cases/Reusable_Test_Sequences/CAT_Teardown' successfully

2020-04-21 14:52:53 - [TEST_CASE][PASSED] - Test Cases/Reusable_Test_Sequences/CAT_Teardown: Test Cases/Reusable_Test_Sequences/CAT_Teardown

2020-04-21 14:52:53 - [TEST_STEP][PASSED] - closeBrowser(): Browser is closed

2020-04-21 14:52:56 - [MESSAGE][PASSED] - Browser is closed

2020-04-21 14:52:56 - [TEST_STEP][PASSED] - super.finalize(): null

2020-04-21 14:52:56 - [TEST_STEP][PASSED] - System.gc(): null

2020-04-21 14:52:56 - [MESSAGE][PASSED] - Call Test Case 'Test Cases/Reusable_Test_Sequences/CAT_Teardown' successfully

2020-04-21 14:52:56 - [TEST_STEP][PASSED] - "--------------------------------------": null

2020-04-21 14:52:56 - [TEST_STEP][PASSED] - " Web Office StartUp                  |": null

2020-04-21 14:52:56 - [TEST_STEP][PASSED] - callTestCase(findTestCase("Reusable_Test_Sequences/Web_Office/Directives/WebOffice_StartUp"), [:], STOP_ON_FAILURE): Call Test Case 'Test Cases/Reusable_Test_Sequences/Web_Office/Directives/WebOffice_StartUp' successfully

2020-04-21 14:52:56 - [TEST_CASE][PASSED] - Test Cases/Reusable_Test_Sequences/Web_Office/Directives/WebOffice_StartUp: Test Cases/Reusable_Test_Sequences/Web_Office/Directives/WebOffice_StartUp

2020-04-21 14:52:56 - [TEST_STEP][PASSED] - "-----------------------------------------------------------------------------": null

2020-04-21 14:52:56 - [TEST_STEP][PASSED] - if (URL == "https://www.dev.checkatrade.com/"): null

2020-04-21 14:52:56 - [TEST_STEP][PASSED] - "-----------------------------------------------------------------------------": null

2020-04-21 14:52:56 - [TEST_STEP][PASSED] - if (URL == "https://www.checkatrade.com/"): null

2020-04-21 14:52:56 - [TEST_STEP][PASSED] - "-----------------------------------------------------------------------------": null

2020-04-21 14:52:56 - [TEST_STEP][PASSED] - if (URL == "https://www.preview.checkatrade.com/"): null

2020-04-21 14:52:56 - [TEST_STEP][PASSED] - WebOfficeURL = "https://admin.preview.checkatrade.com/": null

2020-04-21 14:52:56 - [TEST_STEP][PASSED] - if (URL == "https://www.dev2.checkatrade.com/"): null

2020-04-21 14:52:56 - [TEST_STEP][PASSED] - "Set Function Area for "URL_Handler", URL Resolution": null

2020-04-21 14:52:56 - [TEST_STEP][PASSED] - "Do Some Magic with URL(s) See the comments within URL Handler ": null

2020-04-21 14:52:56 - [TEST_STEP][PASSED] - "------------------------------------------------": null

2020-04-21 14:52:56 - [TEST_STEP][PASSED] - "Moved Login Credentials to <Default> profile 22/01/2020": null

2020-04-21 14:52:56 - [TEST_STEP][PASSED] - "------------------------------------------------": null

2020-04-21 14:52:56 - [TEST_STEP][PASSED] - "WebOfficeURL - Set from the ENVIRONMENT PROFILE ": null

2020-04-21 14:52:56 - [TEST_STEP][PASSED] - "OPEN BROWSER": null

2020-04-21 14:52:56 - [TEST_STEP][PASSED] - "eg - https://admin.preview.checkatrade.com/  ": null

2020-04-21 14:52:56 - [TEST_STEP][PASSED] - openBrowser(WebOfficeURL): Browser is opened with url: 'https://admin.preview.checkatrade.com/'

2020-04-21 14:52:56 - [MESSAGE][INFO] - Starting 'Chrome' driver

2020-04-21 14:52:56 - [MESSAGE][INFO] - Action delay is set to 0 milliseconds

2020-04-21 14:53:01 - [MESSAGE][PASSED] - Browser is opened with url: 'https://admin.preview.checkatrade.com/'

2020-04-21 14:53:01 - [TEST_STEP][PASSED] - maximizeWindow(): Current window maximized

2020-04-21 14:53:03 - [MESSAGE][PASSED] - Current window maximized

2020-04-21 14:53:03 - [TEST_STEP][PASSED] - waitForElementClickable(findTestObject("Object Repository/WebOffice/Page_Checkatrade - Administration - Login/Login_Button"), 25): Object 'Object Repository/WebOffice/Page_Checkatrade - Administration - Login/Login_Button' is clickable

2020-04-21 14:53:04 - [MESSAGE][PASSED] - Object 'Object Repository/WebOffice/Page_Checkatrade - Administration - Login/Login_Button' is clickable

2020-04-21 14:53:04 - [TEST_STEP][PASSED] - verifyTextPresent("Checkatrade Web Office", false): Text 'Checkatrade Web Office' is present on page 

2020-04-21 14:53:04 - [MESSAGE][PASSED] - Text 'Checkatrade Web Office' is present on page 

2020-04-21 14:53:04 - [TEST_STEP][PASSED] - verifyTextPresent("Access for staff use only", false): Text 'Access for staff use only' is present on page 

2020-04-21 14:53:04 - [MESSAGE][PASSED] - Text 'Access for staff use only' is present on page 

2020-04-21 14:53:04 - [TEST_STEP][PASSED] - verifyTextPresent("Forgotten password?", false): Text 'Forgotten password?' is present on page 

2020-04-21 14:53:04 - [MESSAGE][PASSED] - Text 'Forgotten password?' is present on page 

2020-04-21 14:53:04 - [TEST_STEP][PASSED] - setText(findTestObject("Object Repository/WebOffice/Page_Checkatrade - Administration - Login/input_Username_LoginControlUserName"), wo_Username): Text 'DavidHo' is set on object 'Object Repository/WebOffice/Page_Checkatrade - Administration - Login/input_Username_LoginControlUserName'

2020-04-21 14:53:04 - [MESSAGE][PASSED] - Text 'DavidHo' is set on object 'Object Repository/WebOffice/Page_Checkatrade - Administration - Login/input_Username_LoginControlUserName'

2020-04-21 14:53:04 - [TEST_STEP][PASSED] - setText(findTestObject("Object Repository/WebOffice/Page_Checkatrade - Administration - Login/input_Password_LoginControlPassword"), wo_Password): Text 'Check123' is set on object 'Object Repository/WebOffice/Page_Checkatrade - Administration - Login/input_Password_LoginControlPassword'

2020-04-21 14:53:04 - [MESSAGE][PASSED] - Text 'Check123' is set on object 'Object Repository/WebOffice/Page_Checkatrade - Administration - Login/input_Password_LoginControlPassword'

2020-04-21 14:53:04 - [TEST_STEP][PASSED] - click(findTestObject("Object Repository/WebOffice/Page_Checkatrade - Administration - Login/Login_Button")): Object: 'Object Repository/WebOffice/Page_Checkatrade - Administration - Login/Login_Button' is clicked on

2020-04-21 14:53:07 - [MESSAGE][PASSED] - Object: 'Object Repository/WebOffice/Page_Checkatrade - Administration - Login/Login_Button' is clicked on

2020-04-21 14:53:07 - [TEST_STEP][PASSED] - waitForPageLoad(60): Wait for page load successfully

2020-04-21 14:53:07 - [MESSAGE][PASSED] - Wait for page load successfully

2020-04-21 14:53:07 - [TEST_STEP][PASSED] - verifyTextPresent("Welcome " + wo_Username, false): Text 'Welcome DavidHo' is present on page 

2020-04-21 14:53:08 - [MESSAGE][PASSED] - Text 'Welcome DavidHo' is present on page 

2020-04-21 14:53:08 - [MESSAGE][PASSED] - Call Test Case 'Test Cases/Reusable_Test_Sequences/Web_Office/Directives/WebOffice_StartUp' successfully

2020-04-21 14:53:08 - [TEST_STEP][PASSED] - "--------------------------------------": null

2020-04-21 14:53:08 - [TEST_STEP][PASSED] - " Navigate to <Companies> Menu Item    |": null

2020-04-21 14:53:08 - [TEST_STEP][PASSED] - callTestCase(findTestCase("Reusable_Test_Sequences/Web_Office/navigation/Navigate_Advanced_Company_Search"), [:], STOP_ON_FAILURE): Call Test Case 'Test Cases/Reusable_Test_Sequences/Web_Office/navigation/Navigate_Advanced_Company_Search' successfully

2020-04-21 14:53:08 - [TEST_CASE][PASSED] - Test Cases/Reusable_Test_Sequences/Web_Office/navigation/Navigate_Advanced_Company_Search: Test Cases/Reusable_Test_Sequences/Web_Office/navigation/Navigate_Advanced_Company_Search

2020-04-21 14:53:08 - [TEST_STEP][PASSED] - "--------------------------------------": null

2020-04-21 14:53:08 - [TEST_STEP][PASSED] - " Navigate Top level menu Item         |": null

2020-04-21 14:53:08 - [TEST_STEP][PASSED] - waitForPageLoad(60): Wait for page load successfully

2020-04-21 14:53:08 - [MESSAGE][PASSED] - Wait for page load successfully

2020-04-21 14:53:08 - [TEST_STEP][PASSED] - waitForElementClickable(findTestObject("Object Repository/WebOffice_Home_page/a_Companies"), 60): Object 'Object Repository/WebOffice_Home_page/a_Companies' is clickable

2020-04-21 14:53:08 - [MESSAGE][PASSED] - Object 'Object Repository/WebOffice_Home_page/a_Companies' is clickable

2020-04-21 14:53:08 - [TEST_STEP][PASSED] - mouseOver(findTestObject("Object Repository/WebOffice_Home_page/a_Companies")): Object: 'Object Repository/WebOffice_Home_page/a_Companies' is hovered

2020-04-21 14:53:08 - [MESSAGE][PASSED] - Object: 'Object Repository/WebOffice_Home_page/a_Companies' is hovered

2020-04-21 14:53:08 - [TEST_STEP][PASSED] - waitForElementClickable(findTestObject("Object Repository/WebOffice_Home_page/a_Company_Advanced_Search"), 1): Object 'Object Repository/WebOffice_Home_page/a_Company_Advanced_Search' is clickable

2020-04-21 14:53:08 - [MESSAGE][PASSED] - Object 'Object Repository/WebOffice_Home_page/a_Company_Advanced_Search' is clickable

2020-04-21 14:53:08 - [TEST_STEP][PASSED] - click(findTestObject("Object Repository/WebOffice_Home_page/a_Company_Advanced_Search")): Object: 'Object Repository/WebOffice_Home_page/a_Company_Advanced_Search' is clicked on

2020-04-21 14:53:11 - [MESSAGE][PASSED] - Object: 'Object Repository/WebOffice_Home_page/a_Company_Advanced_Search' is clicked on

2020-04-21 14:53:11 - [MESSAGE][PASSED] - Call Test Case 'Test Cases/Reusable_Test_Sequences/Web_Office/navigation/Navigate_Advanced_Company_Search' successfully

2020-04-21 14:53:11 - [TEST_STEP][PASSED] - "--------------------------------------": null

2020-04-21 14:53:11 - [TEST_STEP][PASSED] - " LH Pane  - Apply Search Criteria     |": null

2020-04-21 14:53:11 - [TEST_STEP][PASSED] - callTestCase(findTestCase("Reusable_Test_Sequences/Web_Office/Actions/Set_Advanced_Company_Data"), [:], STOP_ON_FAILURE): Call Test Case 'Test Cases/Reusable_Test_Sequences/Web_Office/Actions/Set_Advanced_Company_Data' successfully

2020-04-21 14:53:11 - [TEST_CASE][PASSED] - Test Cases/Reusable_Test_Sequences/Web_Office/Actions/Set_Advanced_Company_Data: Test Cases/Reusable_Test_Sequences/Web_Office/Actions/Set_Advanced_Company_Data

2020-04-21 14:53:11 - [TEST_STEP][PASSED] - "--------------------------------": null

2020-04-21 14:53:11 - [TEST_STEP][PASSED] - "Read data from spreadsheet      |": null

2020-04-21 14:53:11 - [TEST_STEP][PASSED] - data = findTestData("Data Files/Advance_Company_Search_Data"): null

2020-04-21 14:53:11 - [TEST_STEP][PASSED] - Trader_ID = data.getValue("Trader_ID", row): null

2020-04-21 14:53:11 - [TEST_STEP][PASSED] - Limited_Company_Number = data.getValue("Limited_Company_Number", row): null

2020-04-21 14:53:11 - [TEST_STEP][PASSED] - Company_Name = data.getValue("Company_Name", row): null

2020-04-21 14:53:11 - [TEST_STEP][PASSED] - Owner_Surname = data.getValue("Owner_Surname", row): null

2020-04-21 14:53:11 - [TEST_STEP][PASSED] - Owner_DOB = data.getValue("Owner_DOB", row): null

2020-04-21 14:53:11 - [TEST_STEP][PASSED] - Name_House = data.getValue("Name_House", row): null

2020-04-21 14:53:11 - [TEST_STEP][PASSED] - Number_Street = data.getValue("Number_Street", row): null

2020-04-21 14:53:11 - [TEST_STEP][PASSED] - Town = data.getValue("Town", row): null

2020-04-21 14:53:11 - [TEST_STEP][PASSED] - City = data.getValue("City", row): null

2020-04-21 14:53:11 - [TEST_STEP][PASSED] - County = data.getValue("County", row): null

2020-04-21 14:53:11 - [TEST_STEP][PASSED] - Postcode = data.getValue("Postcode", row): null

2020-04-21 14:53:11 - [TEST_STEP][PASSED] - Tel = data.getValue("Tel", row): null

2020-04-21 14:53:11 - [TEST_STEP][PASSED] - Email = data.getValue("Email", row): null

2020-04-21 14:53:11 - [TEST_STEP][PASSED] - "slack": null

2020-04-21 14:53:11 - [TEST_STEP][PASSED] - "--------------------------------": null

2020-04-21 14:53:11 - [TEST_STEP][PASSED] - " Synchronisation                |": null

2020-04-21 14:53:11 - [TEST_STEP][PASSED] - waitForPageLoad(60): Wait for page load successfully

2020-04-21 14:53:11 - [MESSAGE][PASSED] - Wait for page load successfully

2020-04-21 14:53:11 - [TEST_STEP][PASSED] - waitForElementVisible(findTestObject("Web_Office_Advanced_Company_Search/Page_/input_Clear_ctl00ctl00CP1ctlSearchbtnSearch"), 60): Object 'Object Repository/Web_Office_Advanced_Company_Search/Page_/input_Clear_ctl00ctl00CP1ctlSearchbtnSearch' is visible

2020-04-21 14:53:11 - [MESSAGE][PASSED] - Object 'Object Repository/Web_Office_Advanced_Company_Search/Page_/input_Clear_ctl00ctl00CP1ctlSearchbtnSearch' is visible

2020-04-21 14:53:11 - [TEST_STEP][PASSED] - "https://admin.preview.checkatrade.com/Companies/Search.aspx": null

2020-04-21 14:53:11 - [TEST_STEP][PASSED] - "-------------------------------------------------------------------------------------------------------------------------------------": null

2020-04-21 14:53:11 - [TEST_STEP][PASSED] - setText(findTestObject("Web_Office_Advanced_Company_Search/Page_/table_Trader ID"), Trader_ID): Text '105' is set on object 'Object Repository/Web_Office_Advanced_Company_Search/Page_/table_Trader ID'

2020-04-21 14:53:12 - [MESSAGE][PASSED] - Text '105' is set on object 'Object Repository/Web_Office_Advanced_Company_Search/Page_/table_Trader ID'

2020-04-21 14:53:12 - [TEST_STEP][PASSED] - "-------------------------------------------------------------------------------------------------------------------------------------": null

2020-04-21 14:53:12 - [TEST_STEP][PASSED] - setText(findTestObject("Web_Office_Advanced_Company_Search/Page_/input_Limited Company Number"), Limited_Company_Number): Text '' is set on object 'Object Repository/Web_Office_Advanced_Company_Search/Page_/input_Limited Company Number'

2020-04-21 14:53:12 - [MESSAGE][PASSED] - Text '' is set on object 'Object Repository/Web_Office_Advanced_Company_Search/Page_/input_Limited Company Number'

2020-04-21 14:53:12 - [TEST_STEP][PASSED] - "-------------------------------------------------------------------------------------------------------------------------------------": null

2020-04-21 14:53:12 - [TEST_STEP][PASSED] - setText(findTestObject("Web_Office_Advanced_Company_Search/Page_/input_Company Name"), Company_Name): Text '' is set on object 'Object Repository/Web_Office_Advanced_Company_Search/Page_/input_Company Name'

2020-04-21 14:53:12 - [MESSAGE][PASSED] - Text '' is set on object 'Object Repository/Web_Office_Advanced_Company_Search/Page_/input_Company Name'

2020-04-21 14:53:12 - [TEST_STEP][PASSED] - "-------------------------------------------------------------------------------------------------------------------------------------": null

2020-04-21 14:53:12 - [TEST_STEP][PASSED] - "Set Owner_Date of Birth": null

2020-04-21 14:53:12 - [TEST_STEP][PASSED] - "-------------------------------------------------------------------------------------------------------------------------------------": null

2020-04-21 14:53:12 - [TEST_STEP][PASSED] - setText(findTestObject("Web_Office_Advanced_Company_Search/Page_/input_Owner Surname"), Owner_Surname): Text '' is set on object 'Object Repository/Web_Office_Advanced_Company_Search/Page_/input_Owner Surname'

2020-04-21 14:53:13 - [MESSAGE][PASSED] - Text '' is set on object 'Object Repository/Web_Office_Advanced_Company_Search/Page_/input_Owner Surname'

2020-04-21 14:53:13 - [TEST_STEP][PASSED] - "-------------------------------------------------------------------------------------------------------------------------------------": null

2020-04-21 14:53:13 - [TEST_STEP][PASSED] - setText(findTestObject("Web_Office_Advanced_Company_Search/Page_/input_Name Of House"), Name_House): Text '' is set on object 'Object Repository/Web_Office_Advanced_Company_Search/Page_/input_Name Of House'

2020-04-21 14:53:13 - [MESSAGE][PASSED] - Text '' is set on object 'Object Repository/Web_Office_Advanced_Company_Search/Page_/input_Name Of House'

2020-04-21 14:53:13 - [TEST_STEP][PASSED] - "-------------------------------------------------------------------------------------------------------------------------------------": null

2020-04-21 14:53:13 - [TEST_STEP][PASSED] - "Set Street": null

2020-04-21 14:53:13 - [TEST_STEP][PASSED] - "-------------------------------------------------------------------------------------------------------------------------------------": null

2020-04-21 14:53:13 - [TEST_STEP][PASSED] - setText(findTestObject("Web_Office_Advanced_Company_Search/Page_/input_Town"), Town): Text '' is set on object 'Object Repository/Web_Office_Advanced_Company_Search/Page_/input_Town'

2020-04-21 14:53:14 - [MESSAGE][PASSED] - Text '' is set on object 'Object Repository/Web_Office_Advanced_Company_Search/Page_/input_Town'

2020-04-21 14:53:14 - [TEST_STEP][PASSED] - "-------------------------------------------------------------------------------------------------------------------------------------": null

2020-04-21 14:53:14 - [TEST_STEP][PASSED] - setText(findTestObject("Web_Office_Advanced_Company_Search/Page_/input_City"), City): Text '' is set on object 'Object Repository/Web_Office_Advanced_Company_Search/Page_/input_City'

2020-04-21 14:53:14 - [MESSAGE][PASSED] - Text '' is set on object 'Object Repository/Web_Office_Advanced_Company_Search/Page_/input_City'

2020-04-21 14:53:14 - [TEST_STEP][PASSED] - "-------------------------------------------------------------------------------------------------------------------------------------": null

2020-04-21 14:53:14 - [TEST_STEP][PASSED] - setText(findTestObject("Web_Office_Advanced_Company_Search/Page_/input_County"), County): Text '' is set on object 'Object Repository/Web_Office_Advanced_Company_Search/Page_/input_County'

2020-04-21 14:53:14 - [MESSAGE][PASSED] - Text '' is set on object 'Object Repository/Web_Office_Advanced_Company_Search/Page_/input_County'

2020-04-21 14:53:14 - [TEST_STEP][PASSED] - "-------------------------------------------------------------------------------------------------------------------------------------": null

2020-04-21 14:53:14 - [TEST_STEP][PASSED] - setText(findTestObject("Web_Office_Advanced_Company_Search/Page_/input_Postcode"), Postcode): Text '' is set on object 'Object Repository/Web_Office_Advanced_Company_Search/Page_/input_Postcode'

2020-04-21 14:53:15 - [MESSAGE][PASSED] - Text '' is set on object 'Object Repository/Web_Office_Advanced_Company_Search/Page_/input_Postcode'

2020-04-21 14:53:15 - [TEST_STEP][PASSED] - "-------------------------------------------------------------------------------------------------------------------------------------": null

2020-04-21 14:53:15 - [TEST_STEP][PASSED] - setText(findTestObject("Web_Office_Advanced_Company_Search/Page_/input_Telephone"), Tel): Text '' is set on object 'Object Repository/Web_Office_Advanced_Company_Search/Page_/input_Telephone'

2020-04-21 14:53:15 - [MESSAGE][PASSED] - Text '' is set on object 'Object Repository/Web_Office_Advanced_Company_Search/Page_/input_Telephone'

2020-04-21 14:53:15 - [TEST_STEP][PASSED] - "-------------------------------------------------------------------------------------------------------------------------------------": null

2020-04-21 14:53:15 - [TEST_STEP][PASSED] - setText(findTestObject("Web_Office_Advanced_Company_Search/Page_/input_Email"), Email): Text '' is set on object 'Object Repository/Web_Office_Advanced_Company_Search/Page_/input_Email'

2020-04-21 14:53:15 - [MESSAGE][PASSED] - Text '' is set on object 'Object Repository/Web_Office_Advanced_Company_Search/Page_/input_Email'

2020-04-21 14:53:15 - [TEST_STEP][PASSED] - "Set Status": null

2020-04-21 14:53:15 - [TEST_STEP][PASSED] - "-------------------------------------------------------------------------------------------------------------------------------------": null

2020-04-21 14:53:15 - [TEST_STEP][PASSED] - "Status 3 Options": null

2020-04-21 14:53:15 - [TEST_STEP][PASSED] - "-------------------------------------------------------------------------------------------------------------------------------------": null

2020-04-21 14:53:15 - [TEST_STEP][PASSED] - "Set Type": null

2020-04-21 14:53:15 - [TEST_STEP][PASSED] - "-------------------------------------------------------------------------------------------------------------------------------------": null

2020-04-21 14:53:15 - [TEST_STEP][PASSED] - "Type 3 Options": null

2020-04-21 14:53:15 - [TEST_STEP][PASSED] - "-------------------------------------------------------------------------------------------------------------------------------------": null

2020-04-21 14:53:15 - [TEST_STEP][PASSED] - scrollToPosition(0, 0): Browser is scrolled to position x = 0, y = 0

2020-04-21 14:53:15 - [MESSAGE][PASSED] - Browser is scrolled to position x = 0, y = 0

2020-04-21 14:53:15 - [TEST_STEP][PASSED] - waitForElementClickable(findTestObject("Web_Office_Advanced_Company_Search/Page_/Top_Search_Button"), 5): Object 'Object Repository/Web_Office_Advanced_Company_Search/Page_/Top_Search_Button' is clickable

2020-04-21 14:53:15 - [MESSAGE][PASSED] - Object 'Object Repository/Web_Office_Advanced_Company_Search/Page_/Top_Search_Button' is clickable

2020-04-21 14:53:15 - [TEST_STEP][PASSED] - click(findTestObject("Web_Office_Advanced_Company_Search/Page_/Top_Search_Button")): Object: 'Object Repository/Web_Office_Advanced_Company_Search/Page_/Top_Search_Button' is clicked on

2020-04-21 14:53:20 - [MESSAGE][PASSED] - Object: 'Object Repository/Web_Office_Advanced_Company_Search/Page_/Top_Search_Button' is clicked on

2020-04-21 14:53:20 - [MESSAGE][PASSED] - Call Test Case 'Test Cases/Reusable_Test_Sequences/Web_Office/Actions/Set_Advanced_Company_Data' successfully

2020-04-21 14:53:20 - [TEST_STEP][PASSED] - "--------------------------------------": null

2020-04-21 14:53:20 - [TEST_STEP][PASSED] - " Select Returned Record to Verify     |": null

2020-04-21 14:53:20 - [TEST_STEP][PASSED] - callTestCase(findTestCase("Reusable_Test_Sequences/Web_Office/Actions/Select_Company"), [:], OPTIONAL): Call Test Case 'Test Cases/Reusable_Test_Sequences/Web_Office/Actions/Select_Company' successfully

2020-04-21 14:53:20 - [TEST_CASE][PASSED] - Test Cases/Reusable_Test_Sequences/Web_Office/Actions/Select_Company: Test Cases/Reusable_Test_Sequences/Web_Office/Actions/Select_Company

2020-04-21 14:53:20 - [TEST_STEP][PASSED] - waitForPageLoad(60): Wait for page load successfully

2020-04-21 14:53:21 - [MESSAGE][PASSED] - Wait for page load successfully

2020-04-21 14:53:21 - [TEST_STEP][PASSED] - waitForElementClickable(findTestObject("Web_Office_Advanced_Company_Search/Page_/td_Returned_Company"), 5): Object 'Object Repository/Web_Office_Advanced_Company_Search/Page_/td_Returned_Company' is clickable

2020-04-21 14:53:21 - [MESSAGE][PASSED] - Object 'Object Repository/Web_Office_Advanced_Company_Search/Page_/td_Returned_Company' is clickable

2020-04-21 14:53:21 - [TEST_STEP][PASSED] - "-------------------------------------------------------------------------------------------------------------------------------------": null

2020-04-21 14:53:21 - [TEST_STEP][PASSED] - click(findTestObject("Web_Office_Advanced_Company_Search/Page_/td_Returned_Company")): Object: 'Object Repository/Web_Office_Advanced_Company_Search/Page_/td_Returned_Company' is clicked on

2020-04-21 14:53:23 - [MESSAGE][PASSED] - Object: 'Object Repository/Web_Office_Advanced_Company_Search/Page_/td_Returned_Company' is clicked on

2020-04-21 14:53:23 - [MESSAGE][PASSED] - Call Test Case 'Test Cases/Reusable_Test_Sequences/Web_Office/Actions/Select_Company' successfully

2020-04-21 14:53:23 - [TEST_STEP][PASSED] - "--------------------------------------": null

2020-04-21 14:53:23 - [TEST_STEP][PASSED] - " Verify Returned Company Record       |": null

2020-04-21 14:53:23 - [TEST_STEP][PASSED] - callTestCase(findTestCase("Reusable_Test_Sequences/Web_Office/Verification/Company_Returned_Advanced_Search_Record"), [:], OPTIONAL): Call Test Case 'Test Cases/Reusable_Test_Sequences/Web_Office/Verification/Company_Returned_Advanced_Search_Record' successfully

2020-04-21 14:53:23 - [TEST_CASE][PASSED] - Test Cases/Reusable_Test_Sequences/Web_Office/Verification/Company_Returned_Advanced_Search_Record: Test Cases/Reusable_Test_Sequences/Web_Office/Verification/Company_Returned_Advanced_Search_Record

2020-04-21 14:53:23 - [TEST_STEP][PASSED] - "--------------------------------": null

2020-04-21 14:53:23 - [TEST_STEP][PASSED] - "Read data from spreadsheet      | r_ = Returned Data": null

2020-04-21 14:53:23 - [TEST_STEP][PASSED] - data = findTestData("Data Files/Advance_Company_Search_Data"): null

2020-04-21 14:53:23 - [TEST_STEP][PASSED] - Trader_ID = data.getValue("Trader_ID", row): null

2020-04-21 14:53:23 - [TEST_STEP][PASSED] - Limited_Company_Number = data.getValue("Limited_Company_Number", row): null

2020-04-21 14:53:23 - [TEST_STEP][PASSED] - Company_Name = data.getValue("Company_Name", row): null

2020-04-21 14:53:23 - [TEST_STEP][PASSED] - Owner_Surname = data.getValue("Owner_Surname", row): null

2020-04-21 14:53:23 - [TEST_STEP][PASSED] - Owner_DOB = data.getValue("Owner_DOB", row): null

2020-04-21 14:53:23 - [TEST_STEP][PASSED] - Name_House = data.getValue("Name_House", row): null

2020-04-21 14:53:23 - [TEST_STEP][PASSED] - Number_Street = data.getValue("Number_Street", row): null

2020-04-21 14:53:23 - [TEST_STEP][PASSED] - Town = data.getValue("Town", row): null

2020-04-21 14:53:23 - [TEST_STEP][PASSED] - City = data.getValue("City", row): null

2020-04-21 14:53:23 - [TEST_STEP][PASSED] - County = data.getValue("County", row): null

2020-04-21 14:53:23 - [TEST_STEP][PASSED] - Postcode = data.getValue("Postcode", row): null

2020-04-21 14:53:23 - [TEST_STEP][PASSED] - Tel = data.getValue("Tel", row): null

2020-04-21 14:53:23 - [TEST_STEP][PASSED] - Email = data.getValue("Email", row): null

2020-04-21 14:53:23 - [TEST_STEP][PASSED] - "--------------------------------": null

2020-04-21 14:53:23 - [TEST_STEP][PASSED] - "Read data from spreadsheet      |": null

2020-04-21 14:53:23 - [TEST_STEP][PASSED] - Actual_Page_Text = "": null

2020-04-21 14:53:23 - [TEST_STEP][PASSED] - Expected_Page_Text = "": null

2020-04-21 14:53:23 - [TEST_STEP][PASSED] - waitForPageLoad(60): Wait for page load successfully

2020-04-21 14:53:23 - [MESSAGE][PASSED] - Wait for page load successfully

2020-04-21 14:53:23 - [TEST_STEP][PASSED] - delay(1): Delayed 1 second(s)

2020-04-21 14:53:24 - [MESSAGE][PASSED] - Delayed 1 second(s)

2020-04-21 14:53:24 - [TEST_STEP][PASSED] - "---------------------------------------------------------------------------------------------------------------------": null

2020-04-21 14:53:24 - [TEST_STEP][PASSED] - "HEADER DETAIL - iFrame": null

2020-04-21 14:53:24 - [TEST_STEP][PASSED] - "-----------------": null

2020-04-21 14:53:24 - [TEST_STEP][PASSED] - "PAGE_HEADER TEXT |": null

2020-04-21 14:53:24 - [TEST_STEP][PASSED] - verifyTextPresent(findTestData("Data Files/Advance_Company_Search_Data").getValue("Page_Header_Text", row), false): Text 'Symes Garden Services' is present on page 

2020-04-21 14:53:25 - [MESSAGE][PASSED] - Text 'Symes Garden Services' is present on page 

2020-04-21 14:53:25 - [TEST_STEP][PASSED] - "----------------": null

2020-04-21 14:53:25 - [TEST_STEP][PASSED] - "Email Address   |": null

2020-04-21 14:53:25 - [TEST_STEP][PASSED] - verifyTextPresent(findTestData("Data Files/Advance_Company_Search_Data").getValue("Email", row), false): Text '' is present on page 

2020-04-21 14:53:26 - [MESSAGE][PASSED] - Text '' is present on page 

2020-04-21 14:53:26 - [TEST_STEP][PASSED] - "----------------": null

2020-04-21 14:53:26 - [TEST_STEP][PASSED] - "Phone Number    |": null

2020-04-21 14:53:26 - [TEST_STEP][PASSED] - verifyTextPresent(findTestData("Data Files/Advance_Company_Search_Data").getValue("Tel", row), false): Text '' is present on page 

2020-04-21 14:53:27 - [MESSAGE][PASSED] - Text '' is present on page 

2020-04-21 14:53:27 - [TEST_STEP][PASSED] - "----------------": null

2020-04-21 14:53:27 - [TEST_STEP][PASSED] - "Trader ID       |": null

2020-04-21 14:53:27 - [TEST_STEP][PASSED] - verifyTextPresent(findTestData("Data Files/Advance_Company_Search_Data").getValue("Trader_ID", row), false): Text '105' is present on page 

2020-04-21 14:53:28 - [MESSAGE][PASSED] - Text '105' is present on page 

2020-04-21 14:53:28 - [TEST_STEP][PASSED] - "----------------": null

2020-04-21 14:53:28 - [TEST_STEP][PASSED] - "Postcode        |": null

2020-04-21 14:53:28 - [TEST_STEP][PASSED] - verifyTextPresent(findTestData("Data Files/Advance_Company_Search_Data").getValue("Postcode", row), false): Text '' is present on page 

2020-04-21 14:53:29 - [MESSAGE][PASSED] - Text '' is present on page 

2020-04-21 14:53:29 - [TEST_STEP][PASSED] - "----------------": null

2020-04-21 14:53:29 - [TEST_STEP][PASSED] - "Full Name       |": null

2020-04-21 14:53:29 - [TEST_STEP][PASSED] - verifyTextPresent(findTestData("Data Files/Advance_Company_Search_Data").getValue("Full_Name", row), false): Text 'Mr Bob Symes' is present on page 

2020-04-21 14:53:30 - [MESSAGE][PASSED] - Text 'Mr Bob Symes' is present on page 

2020-04-21 14:53:30 - [TEST_STEP][PASSED] - "----------------": null

2020-04-21 14:53:30 - [TEST_STEP][PASSED] - "Date of Birth   |": null

2020-04-21 14:53:30 - [TEST_STEP][PASSED] - verifyTextPresent(findTestData("Data Files/Advance_Company_Search_Data").getValue("Owner_DOB", row), false): Text '' is present on page 

2020-04-21 14:53:31 - [MESSAGE][PASSED] - Text '' is present on page 

2020-04-21 14:53:31 - [TEST_STEP][PASSED] - "----------------": null

2020-04-21 14:53:31 - [TEST_STEP][PASSED] - "Full Address    |": null

2020-04-21 14:53:31 - [TEST_STEP][PASSED] - verifyTextPresent(findTestData("Data Files/Advance_Company_Search_Data").getValue("Full_Address", row), false): Text '8 The Newlands, Wallington, Greater London, SM6 9JU' is present on page 

2020-04-21 14:53:31 - [MESSAGE][PASSED] - Text '8 The Newlands, Wallington, Greater London, SM6 9JU' is present on page 

2020-04-21 14:53:31 - [MESSAGE][PASSED] - Call Test Case 'Test Cases/Reusable_Test_Sequences/Web_Office/Verification/Company_Returned_Advanced_Search_Record' successfully

2020-04-21 14:53:31 - [TEST_STEP][PASSED] - "--------------------------": null

2020-04-21 14:53:31 - [TEST_STEP][PASSED] - " Teardown - CLose Browser |": null

2020-04-21 14:53:31 - [TEST_STEP][PASSED] - callTestCase(findTestCase("Reusable_Test_Sequences/CAT_Teardown"), [:], OPTIONAL): Call Test Case 'Test Cases/Reusable_Test_Sequences/CAT_Teardown' successfully

2020-04-21 14:53:31 - [TEST_CASE][PASSED] - Test Cases/Reusable_Test_Sequences/CAT_Teardown: Test Cases/Reusable_Test_Sequences/CAT_Teardown

2020-04-21 14:53:31 - [TEST_STEP][PASSED] - closeBrowser(): Browser is closed

2020-04-21 14:53:35 - [MESSAGE][PASSED] - Browser is closed

2020-04-21 14:53:35 - [TEST_STEP][PASSED] - super.finalize(): null

2020-04-21 14:53:35 - [TEST_STEP][PASSED] - System.gc(): null

2020-04-21 14:53:35 - [MESSAGE][PASSED] - Call Test Case 'Test Cases/Reusable_Test_Sequences/CAT_Teardown' successfully]]></system-out>
         <system-err><![CDATA[]]></system-err>
      </testcase>
      <testcase name="Test Cases/Web_Office/WebOffice_Consumer_Search" time="9.436" classname="Test Cases/Web_Office/WebOffice_Consumer_Search" status="FAILED">
         <failure type="FAILED" message="Test Cases/Web_Office/WebOffice_Consumer_Search FAILED.
Reason:
com.kms.katalon.core.exception.StepFailedException: Call Test Case 'Test Cases/Reusable_Test_Sequences/Web_Office/Directives/WebOffice_StartUp' failed
	at com.kms.katalon.core.keyword.builtin.CallTestCaseKeyword$_callTestCase_closure1.doCall(CallTestCaseKeyword.groovy:63)
	at com.kms.katalon.core.keyword.builtin.CallTestCaseKeyword$_callTestCase_closure1.call(CallTestCaseKeyword.groovy)
	at com.kms.katalon.core.keyword.internal.KeywordMain.runKeyword(KeywordMain.groovy:68)
	at com.kms.katalon.core.keyword.builtin.CallTestCaseKeyword.callTestCase(CallTestCaseKeyword.groovy:81)
	at com.kms.katalon.core.keyword.builtin.CallTestCaseKeyword.execute(CallTestCaseKeyword.groovy:44)
	at com.kms.katalon.core.keyword.internal.KeywordExecutor.executeKeywordForPlatform(KeywordExecutor.groovy:72)
	at com.kms.katalon.core.keyword.BuiltinKeywords.callTestCase(BuiltinKeywords.groovy:334)
	at WebOffice_Consumer_Search.run(WebOffice_Consumer_Search:57)
	at com.kms.katalon.core.main.ScriptEngine.run(ScriptEngine.java:194)
	at com.kms.katalon.core.main.ScriptEngine.runScriptAsRawText(ScriptEngine.java:119)
	at com.kms.katalon.core.main.TestCaseExecutor.runScript(TestCaseExecutor.java:337)
	at com.kms.katalon.core.main.TestCaseExecutor.doExecute(TestCaseExecutor.java:328)
	at com.kms.katalon.core.main.TestCaseExecutor.processExecutionPhase(TestCaseExecutor.java:307)
	at com.kms.katalon.core.main.TestCaseExecutor.accessMainPhase(TestCaseExecutor.java:299)
	at com.kms.katalon.core.main.TestCaseExecutor.execute(TestCaseExecutor.java:233)
	at com.kms.katalon.core.main.TestSuiteExecutor.accessTestCaseMainPhase(TestSuiteExecutor.java:169)
	at com.kms.katalon.core.main.TestSuiteExecutor.accessTestSuiteMainPhase(TestSuiteExecutor.java:142)
	at com.kms.katalon.core.main.TestSuiteExecutor.execute(TestSuiteExecutor.java:91)
	at com.kms.katalon.core.main.TestCaseMain.startTestSuite(TestCaseMain.java:157)
	at com.kms.katalon.core.main.TestCaseMain$startTestSuite$0.call(Unknown Source)
	at TempTestSuite1587475879590.run(TempTestSuite1587475879590.groovy:36)
Caused by: com.kms.katalon.core.exception.StepFailedException: Text 'Welcome DavidHo' is not present on page  (Root cause: com.kms.katalon.core.exception.StepFailedException: Text 'Welcome DavidHo' is not present on page 
	at com.kms.katalon.core.webui.keyword.internal.WebUIKeywordMain.stepFailed(WebUIKeywordMain.groovy:64)
	at com.kms.katalon.core.webui.keyword.builtin.VerifyTextPresentKeyword$_verifyTextPresent_closure1.doCall(VerifyTextPresentKeyword.groovy:79)
	at com.kms.katalon.core.webui.keyword.builtin.VerifyTextPresentKeyword$_verifyTextPresent_closure1.call(VerifyTextPresentKeyword.groovy)
	at com.kms.katalon.core.webui.keyword.internal.WebUIKeywordMain.runKeyword(WebUIKeywordMain.groovy:20)
	at com.kms.katalon.core.webui.keyword.builtin.VerifyTextPresentKeyword.verifyTextPresent(VerifyTextPresentKeyword.groovy:83)
	at com.kms.katalon.core.webui.keyword.builtin.VerifyTextPresentKeyword.execute(VerifyTextPresentKeyword.groovy:68)
	at com.kms.katalon.core.keyword.internal.KeywordExecutor.executeKeywordForPlatform(KeywordExecutor.groovy:72)
	at com.kms.katalon.core.webui.keyword.WebUiBuiltInKeywords.verifyTextPresent(WebUiBuiltInKeywords.groovy:1719)
	at com.kms.katalon.core.webui.keyword.WebUiBuiltInKeywords$verifyTextPresent$2.call(Unknown Source)
	at WebOffice_StartUp.run(WebOffice_StartUp:167)
	at com.kms.katalon.core.main.ScriptEngine.run(ScriptEngine.java:194)
	at com.kms.katalon.core.main.ScriptEngine.runScriptAsRawText(ScriptEngine.java:119)
	at com.kms.katalon.core.main.TestCaseExecutor.runScript(TestCaseExecutor.java:337)
	at com.kms.katalon.core.main.TestCaseExecutor.doExecute(TestCaseExecutor.java:328)
	at com.kms.katalon.core.main.TestCaseExecutor.processExecutionPhase(TestCaseExecutor.java:307)
	at com.kms.katalon.core.main.TestCaseExecutor.accessMainPhase(TestCaseExecutor.java:299)
	at com.kms.katalon.core.main.TestCaseExecutor.execute(TestCaseExecutor.java:233)
	at com.kms.katalon.core.main.TestCaseMain.runTestCase(TestCaseMain.java:114)
	at com.kms.katalon.core.keyword.builtin.CallTestCaseKeyword$_callTestCase_closure1.doCall(CallTestCaseKeyword.groovy:59)
	at com.kms.katalon.core.keyword.builtin.CallTestCaseKeyword$_callTestCase_closure1.call(CallTestCaseKeyword.groovy)
	at com.kms.katalon.core.keyword.internal.KeywordMain.runKeyword(KeywordMain.groovy:68)
	at com.kms.katalon.core.keyword.builtin.CallTestCaseKeyword.callTestCase(CallTestCaseKeyword.groovy:81)
	at com.kms.katalon.core.keyword.builtin.CallTestCaseKeyword.execute(CallTestCaseKeyword.groovy:44)
	at com.kms.katalon.core.keyword.internal.KeywordExecutor.executeKeywordForPlatform(KeywordExecutor.groovy:72)
	at com.kms.katalon.core.keyword.BuiltinKeywords.callTestCase(BuiltinKeywords.groovy:334)
	at WebOffice_Consumer_Search.run(WebOffice_Consumer_Search:57)
	at com.kms.katalon.core.main.ScriptEngine.run(ScriptEngine.java:194)
	at com.kms.katalon.core.main.ScriptEngine.runScriptAsRawText(ScriptEngine.java:119)
	at com.kms.katalon.core.main.TestCaseExecutor.runScript(TestCaseExecutor.java:337)
	at com.kms.katalon.core.main.TestCaseExecutor.doExecute(TestCaseExecutor.java:328)
	at com.kms.katalon.core.main.TestCaseExecutor.processExecutionPhase(TestCaseExecutor.java:307)
	at com.kms.katalon.core.main.TestCaseExecutor.accessMainPhase(TestCaseExecutor.java:299)
	at com.kms.katalon.core.main.TestCaseExecutor.execute(TestCaseExecutor.java:233)
	at com.kms.katalon.core.main.TestSuiteExecutor.accessTestCaseMainPhase(TestSuiteExecutor.java:169)
	at com.kms.katalon.core.main.TestSuiteExecutor.accessTestSuiteMainPhase(TestSuiteExecutor.java:142)
	at com.kms.katalon.core.main.TestSuiteExecutor.execute(TestSuiteExecutor.java:91)
	at com.kms.katalon.core.main.TestCaseMain.startTestSuite(TestCaseMain.java:157)
	at com.kms.katalon.core.main.TestCaseMain$startTestSuite$0.call(Unknown Source)
	at TempTestSuite1587475879590.run(TempTestSuite1587475879590.groovy:36)
)
	at com.kms.katalon.core.keyword.internal.KeywordMain.stepFailed(KeywordMain.groovy:39)
	at com.kms.katalon.core.webui.keyword.internal.WebUIKeywordMain.stepFailed(WebUIKeywordMain.groovy:64)
	at com.kms.katalon.core.webui.keyword.builtin.VerifyTextPresentKeyword$_verifyTextPresent_closure1.doCall(VerifyTextPresentKeyword.groovy:79)
	at com.kms.katalon.core.webui.keyword.builtin.VerifyTextPresentKeyword$_verifyTextPresent_closure1.call(VerifyTextPresentKeyword.groovy)
	at com.kms.katalon.core.webui.keyword.internal.WebUIKeywordMain.runKeyword(WebUIKeywordMain.groovy:20)
	at com.kms.katalon.core.webui.keyword.builtin.VerifyTextPresentKeyword.verifyTextPresent(VerifyTextPresentKeyword.groovy:83)
	at com.kms.katalon.core.webui.keyword.builtin.VerifyTextPresentKeyword.execute(VerifyTextPresentKeyword.groovy:68)
	at com.kms.katalon.core.keyword.internal.KeywordExecutor.executeKeywordForPlatform(KeywordExecutor.groovy:72)
	at com.kms.katalon.core.webui.keyword.WebUiBuiltInKeywords.verifyTextPresent(WebUiBuiltInKeywords.groovy:1719)
	at com.kms.katalon.core.webui.keyword.WebUiBuiltInKeywords$verifyTextPresent$2.call(Unknown Source)
	at WebOffice_StartUp.run(WebOffice_StartUp:167)
	at com.kms.katalon.core.main.ScriptEngine.run(ScriptEngine.java:194)
	at com.kms.katalon.core.main.ScriptEngine.runScriptAsRawText(ScriptEngine.java:119)
	at com.kms.katalon.core.main.TestCaseExecutor.runScript(TestCaseExecutor.java:337)
	at com.kms.katalon.core.main.TestCaseExecutor.doExecute(TestCaseExecutor.java:328)
	at com.kms.katalon.core.main.TestCaseExecutor.processExecutionPhase(TestCaseExecutor.java:307)
	at com.kms.katalon.core.main.TestCaseExecutor.accessMainPhase(TestCaseExecutor.java:299)
	at com.kms.katalon.core.main.TestCaseExecutor.execute(TestCaseExecutor.java:233)
	at com.kms.katalon.core.main.TestCaseMain.runTestCase(TestCaseMain.java:114)
	at com.kms.katalon.core.keyword.builtin.CallTestCaseKeyword$_callTestCase_closure1.doCall(CallTestCaseKeyword.groovy:59)
	... 20 more
Caused by: com.kms.katalon.core.exception.StepFailedException: Text 'Welcome DavidHo' is not present on page 
	... 39 more
"/>
         <system-out><![CDATA[2020-04-21 14:53:35 - [TEST_CASE][FAILED] - Test Cases/Web_Office/WebOffice_Consumer_Search: Test Cases/Web_Office/WebOffice_Consumer_Search FAILED.
Reason:
com.kms.katalon.core.exception.StepFailedException: Call Test Case 'Test Cases/Reusable_Test_Sequences/Web_Office/Directives/WebOffice_StartUp' failed
	at com.kms.katalon.core.keyword.builtin.CallTestCaseKeyword$_callTestCase_closure1.doCall(CallTestCaseKeyword.groovy:63)
	at com.kms.katalon.core.keyword.builtin.CallTestCaseKeyword$_callTestCase_closure1.call(CallTestCaseKeyword.groovy)
	at com.kms.katalon.core.keyword.internal.KeywordMain.runKeyword(KeywordMain.groovy:68)
	at com.kms.katalon.core.keyword.builtin.CallTestCaseKeyword.callTestCase(CallTestCaseKeyword.groovy:81)
	at com.kms.katalon.core.keyword.builtin.CallTestCaseKeyword.execute(CallTestCaseKeyword.groovy:44)
	at com.kms.katalon.core.keyword.internal.KeywordExecutor.executeKeywordForPlatform(KeywordExecutor.groovy:72)
	at com.kms.katalon.core.keyword.BuiltinKeywords.callTestCase(BuiltinKeywords.groovy:334)
	at WebOffice_Consumer_Search.run(WebOffice_Consumer_Search:57)
	at com.kms.katalon.core.main.ScriptEngine.run(ScriptEngine.java:194)
	at com.kms.katalon.core.main.ScriptEngine.runScriptAsRawText(ScriptEngine.java:119)
	at com.kms.katalon.core.main.TestCaseExecutor.runScript(TestCaseExecutor.java:337)
	at com.kms.katalon.core.main.TestCaseExecutor.doExecute(TestCaseExecutor.java:328)
	at com.kms.katalon.core.main.TestCaseExecutor.processExecutionPhase(TestCaseExecutor.java:307)
	at com.kms.katalon.core.main.TestCaseExecutor.accessMainPhase(TestCaseExecutor.java:299)
	at com.kms.katalon.core.main.TestCaseExecutor.execute(TestCaseExecutor.java:233)
	at com.kms.katalon.core.main.TestSuiteExecutor.accessTestCaseMainPhase(TestSuiteExecutor.java:169)
	at com.kms.katalon.core.main.TestSuiteExecutor.accessTestSuiteMainPhase(TestSuiteExecutor.java:142)
	at com.kms.katalon.core.main.TestSuiteExecutor.execute(TestSuiteExecutor.java:91)
	at com.kms.katalon.core.main.TestCaseMain.startTestSuite(TestCaseMain.java:157)
	at com.kms.katalon.core.main.TestCaseMain$startTestSuite$0.call(Unknown Source)
	at TempTestSuite1587475879590.run(TempTestSuite1587475879590.groovy:36)
Caused by: com.kms.katalon.core.exception.StepFailedException: Text 'Welcome DavidHo' is not present on page  (Root cause: com.kms.katalon.core.exception.StepFailedException: Text 'Welcome DavidHo' is not present on page 
	at com.kms.katalon.core.webui.keyword.internal.WebUIKeywordMain.stepFailed(WebUIKeywordMain.groovy:64)
	at com.kms.katalon.core.webui.keyword.builtin.VerifyTextPresentKeyword$_verifyTextPresent_closure1.doCall(VerifyTextPresentKeyword.groovy:79)
	at com.kms.katalon.core.webui.keyword.builtin.VerifyTextPresentKeyword$_verifyTextPresent_closure1.call(VerifyTextPresentKeyword.groovy)
	at com.kms.katalon.core.webui.keyword.internal.WebUIKeywordMain.runKeyword(WebUIKeywordMain.groovy:20)
	at com.kms.katalon.core.webui.keyword.builtin.VerifyTextPresentKeyword.verifyTextPresent(VerifyTextPresentKeyword.groovy:83)
	at com.kms.katalon.core.webui.keyword.builtin.VerifyTextPresentKeyword.execute(VerifyTextPresentKeyword.groovy:68)
	at com.kms.katalon.core.keyword.internal.KeywordExecutor.executeKeywordForPlatform(KeywordExecutor.groovy:72)
	at com.kms.katalon.core.webui.keyword.WebUiBuiltInKeywords.verifyTextPresent(WebUiBuiltInKeywords.groovy:1719)
	at com.kms.katalon.core.webui.keyword.WebUiBuiltInKeywords$verifyTextPresent$2.call(Unknown Source)
	at WebOffice_StartUp.run(WebOffice_StartUp:167)
	at com.kms.katalon.core.main.ScriptEngine.run(ScriptEngine.java:194)
	at com.kms.katalon.core.main.ScriptEngine.runScriptAsRawText(ScriptEngine.java:119)
	at com.kms.katalon.core.main.TestCaseExecutor.runScript(TestCaseExecutor.java:337)
	at com.kms.katalon.core.main.TestCaseExecutor.doExecute(TestCaseExecutor.java:328)
	at com.kms.katalon.core.main.TestCaseExecutor.processExecutionPhase(TestCaseExecutor.java:307)
	at com.kms.katalon.core.main.TestCaseExecutor.accessMainPhase(TestCaseExecutor.java:299)
	at com.kms.katalon.core.main.TestCaseExecutor.execute(TestCaseExecutor.java:233)
	at com.kms.katalon.core.main.TestCaseMain.runTestCase(TestCaseMain.java:114)
	at com.kms.katalon.core.keyword.builtin.CallTestCaseKeyword$_callTestCase_closure1.doCall(CallTestCaseKeyword.groovy:59)
	at com.kms.katalon.core.keyword.builtin.CallTestCaseKeyword$_callTestCase_closure1.call(CallTestCaseKeyword.groovy)
	at com.kms.katalon.core.keyword.internal.KeywordMain.runKeyword(KeywordMain.groovy:68)
	at com.kms.katalon.core.keyword.builtin.CallTestCaseKeyword.callTestCase(CallTestCaseKeyword.groovy:81)
	at com.kms.katalon.core.keyword.builtin.CallTestCaseKeyword.execute(CallTestCaseKeyword.groovy:44)
	at com.kms.katalon.core.keyword.internal.KeywordExecutor.executeKeywordForPlatform(KeywordExecutor.groovy:72)
	at com.kms.katalon.core.keyword.BuiltinKeywords.callTestCase(BuiltinKeywords.groovy:334)
	at WebOffice_Consumer_Search.run(WebOffice_Consumer_Search:57)
	at com.kms.katalon.core.main.ScriptEngine.run(ScriptEngine.java:194)
	at com.kms.katalon.core.main.ScriptEngine.runScriptAsRawText(ScriptEngine.java:119)
	at com.kms.katalon.core.main.TestCaseExecutor.runScript(TestCaseExecutor.java:337)
	at com.kms.katalon.core.main.TestCaseExecutor.doExecute(TestCaseExecutor.java:328)
	at com.kms.katalon.core.main.TestCaseExecutor.processExecutionPhase(TestCaseExecutor.java:307)
	at com.kms.katalon.core.main.TestCaseExecutor.accessMainPhase(TestCaseExecutor.java:299)
	at com.kms.katalon.core.main.TestCaseExecutor.execute(TestCaseExecutor.java:233)
	at com.kms.katalon.core.main.TestSuiteExecutor.accessTestCaseMainPhase(TestSuiteExecutor.java:169)
	at com.kms.katalon.core.main.TestSuiteExecutor.accessTestSuiteMainPhase(TestSuiteExecutor.java:142)
	at com.kms.katalon.core.main.TestSuiteExecutor.execute(TestSuiteExecutor.java:91)
	at com.kms.katalon.core.main.TestCaseMain.startTestSuite(TestCaseMain.java:157)
	at com.kms.katalon.core.main.TestCaseMain$startTestSuite$0.call(Unknown Source)
	at TempTestSuite1587475879590.run(TempTestSuite1587475879590.groovy:36)
)
	at com.kms.katalon.core.keyword.internal.KeywordMain.stepFailed(KeywordMain.groovy:39)
	at com.kms.katalon.core.webui.keyword.internal.WebUIKeywordMain.stepFailed(WebUIKeywordMain.groovy:64)
	at com.kms.katalon.core.webui.keyword.builtin.VerifyTextPresentKeyword$_verifyTextPresent_closure1.doCall(VerifyTextPresentKeyword.groovy:79)
	at com.kms.katalon.core.webui.keyword.builtin.VerifyTextPresentKeyword$_verifyTextPresent_closure1.call(VerifyTextPresentKeyword.groovy)
	at com.kms.katalon.core.webui.keyword.internal.WebUIKeywordMain.runKeyword(WebUIKeywordMain.groovy:20)
	at com.kms.katalon.core.webui.keyword.builtin.VerifyTextPresentKeyword.verifyTextPresent(VerifyTextPresentKeyword.groovy:83)
	at com.kms.katalon.core.webui.keyword.builtin.VerifyTextPresentKeyword.execute(VerifyTextPresentKeyword.groovy:68)
	at com.kms.katalon.core.keyword.internal.KeywordExecutor.executeKeywordForPlatform(KeywordExecutor.groovy:72)
	at com.kms.katalon.core.webui.keyword.WebUiBuiltInKeywords.verifyTextPresent(WebUiBuiltInKeywords.groovy:1719)
	at com.kms.katalon.core.webui.keyword.WebUiBuiltInKeywords$verifyTextPresent$2.call(Unknown Source)
	at WebOffice_StartUp.run(WebOffice_StartUp:167)
	at com.kms.katalon.core.main.ScriptEngine.run(ScriptEngine.java:194)
	at com.kms.katalon.core.main.ScriptEngine.runScriptAsRawText(ScriptEngine.java:119)
	at com.kms.katalon.core.main.TestCaseExecutor.runScript(TestCaseExecutor.java:337)
	at com.kms.katalon.core.main.TestCaseExecutor.doExecute(TestCaseExecutor.java:328)
	at com.kms.katalon.core.main.TestCaseExecutor.processExecutionPhase(TestCaseExecutor.java:307)
	at com.kms.katalon.core.main.TestCaseExecutor.accessMainPhase(TestCaseExecutor.java:299)
	at com.kms.katalon.core.main.TestCaseExecutor.execute(TestCaseExecutor.java:233)
	at com.kms.katalon.core.main.TestCaseMain.runTestCase(TestCaseMain.java:114)
	at com.kms.katalon.core.keyword.builtin.CallTestCaseKeyword$_callTestCase_closure1.doCall(CallTestCaseKeyword.groovy:59)
	... 20 more
Caused by: com.kms.katalon.core.exception.StepFailedException: Text 'Welcome DavidHo' is not present on page 
	... 39 more


2020-04-21 14:53:35 - [TEST_STEP][FAILED] - for ([row = 1, row <= findTestData("Consumer_Data (1)").getRowNumbers(), (internal.GlobalVariable.row++)]): Unable to call Test Case 'Test Cases/Reusable_Test_Sequences/Web_Office/Directives/WebOffice_StartUp' (Root cause: com.kms.katalon.core.exception.StepFailedException: Call Test Case 'Test Cases/Reusable_Test_Sequences/Web_Office/Directives/WebOffice_StartUp' failed
	at com.kms.katalon.core.keyword.builtin.CallTestCaseKeyword$_callTestCase_closure1.doCall(CallTestCaseKeyword.groovy:63)
	at com.kms.katalon.core.keyword.builtin.CallTestCaseKeyword$_callTestCase_closure1.call(CallTestCaseKeyword.groovy)
	at com.kms.katalon.core.keyword.internal.KeywordMain.runKeyword(KeywordMain.groovy:68)
	at com.kms.katalon.core.keyword.builtin.CallTestCaseKeyword.callTestCase(CallTestCaseKeyword.groovy:81)
	at com.kms.katalon.core.keyword.builtin.CallTestCaseKeyword.execute(CallTestCaseKeyword.groovy:44)
	at com.kms.katalon.core.keyword.internal.KeywordExecutor.executeKeywordForPlatform(KeywordExecutor.groovy:72)
	at com.kms.katalon.core.keyword.BuiltinKeywords.callTestCase(BuiltinKeywords.groovy:334)
	at WebOffice_Consumer_Search.run(WebOffice_Consumer_Search:57)
	at com.kms.katalon.core.main.ScriptEngine.run(ScriptEngine.java:194)
	at com.kms.katalon.core.main.ScriptEngine.runScriptAsRawText(ScriptEngine.java:119)
	at com.kms.katalon.core.main.TestCaseExecutor.runScript(TestCaseExecutor.java:337)
	at com.kms.katalon.core.main.TestCaseExecutor.doExecute(TestCaseExecutor.java:328)
	at com.kms.katalon.core.main.TestCaseExecutor.processExecutionPhase(TestCaseExecutor.java:307)
	at com.kms.katalon.core.main.TestCaseExecutor.accessMainPhase(TestCaseExecutor.java:299)
	at com.kms.katalon.core.main.TestCaseExecutor.execute(TestCaseExecutor.java:233)
	at com.kms.katalon.core.main.TestSuiteExecutor.accessTestCaseMainPhase(TestSuiteExecutor.java:169)
	at com.kms.katalon.core.main.TestSuiteExecutor.accessTestSuiteMainPhase(TestSuiteExecutor.java:142)
	at com.kms.katalon.core.main.TestSuiteExecutor.execute(TestSuiteExecutor.java:91)
	at com.kms.katalon.core.main.TestCaseMain.startTestSuite(TestCaseMain.java:157)
	at com.kms.katalon.core.main.TestCaseMain$startTestSuite$0.call(Unknown Source)
	at TempTestSuite1587475879590.run(TempTestSuite1587475879590.groovy:36)
Caused by: com.kms.katalon.core.exception.StepFailedException: Text 'Welcome DavidHo' is not present on page  (Root cause: com.kms.katalon.core.exception.StepFailedException: Text 'Welcome DavidHo' is not present on page 
	at com.kms.katalon.core.webui.keyword.internal.WebUIKeywordMain.stepFailed(WebUIKeywordMain.groovy:64)
	at com.kms.katalon.core.webui.keyword.builtin.VerifyTextPresentKeyword$_verifyTextPresent_closure1.doCall(VerifyTextPresentKeyword.groovy:79)
	at com.kms.katalon.core.webui.keyword.builtin.VerifyTextPresentKeyword$_verifyTextPresent_closure1.call(VerifyTextPresentKeyword.groovy)
	at com.kms.katalon.core.webui.keyword.internal.WebUIKeywordMain.runKeyword(WebUIKeywordMain.groovy:20)
	at com.kms.katalon.core.webui.keyword.builtin.VerifyTextPresentKeyword.verifyTextPresent(VerifyTextPresentKeyword.groovy:83)
	at com.kms.katalon.core.webui.keyword.builtin.VerifyTextPresentKeyword.execute(VerifyTextPresentKeyword.groovy:68)
	at com.kms.katalon.core.keyword.internal.KeywordExecutor.executeKeywordForPlatform(KeywordExecutor.groovy:72)
	at com.kms.katalon.core.webui.keyword.WebUiBuiltInKeywords.verifyTextPresent(WebUiBuiltInKeywords.groovy:1719)
	at com.kms.katalon.core.webui.keyword.WebUiBuiltInKeywords$verifyTextPresent$2.call(Unknown Source)
	at WebOffice_StartUp.run(WebOffice_StartUp:167)
	at com.kms.katalon.core.main.ScriptEngine.run(ScriptEngine.java:194)
	at com.kms.katalon.core.main.ScriptEngine.runScriptAsRawText(ScriptEngine.java:119)
	at com.kms.katalon.core.main.TestCaseExecutor.runScript(TestCaseExecutor.java:337)
	at com.kms.katalon.core.main.TestCaseExecutor.doExecute(TestCaseExecutor.java:328)
	at com.kms.katalon.core.main.TestCaseExecutor.processExecutionPhase(TestCaseExecutor.java:307)
	at com.kms.katalon.core.main.TestCaseExecutor.accessMainPhase(TestCaseExecutor.java:299)
	at com.kms.katalon.core.main.TestCaseExecutor.execute(TestCaseExecutor.java:233)
	at com.kms.katalon.core.main.TestCaseMain.runTestCase(TestCaseMain.java:114)
	at com.kms.katalon.core.keyword.builtin.CallTestCaseKeyword$_callTestCase_closure1.doCall(CallTestCaseKeyword.groovy:59)
	at com.kms.katalon.core.keyword.builtin.CallTestCaseKeyword$_callTestCase_closure1.call(CallTestCaseKeyword.groovy)
	at com.kms.katalon.core.keyword.internal.KeywordMain.runKeyword(KeywordMain.groovy:68)
	at com.kms.katalon.core.keyword.builtin.CallTestCaseKeyword.callTestCase(CallTestCaseKeyword.groovy:81)
	at com.kms.katalon.core.keyword.builtin.CallTestCaseKeyword.execute(CallTestCaseKeyword.groovy:44)
	at com.kms.katalon.core.keyword.internal.KeywordExecutor.executeKeywordForPlatform(KeywordExecutor.groovy:72)
	at com.kms.katalon.core.keyword.BuiltinKeywords.callTestCase(BuiltinKeywords.groovy:334)
	at WebOffice_Consumer_Search.run(WebOffice_Consumer_Search:57)
	at com.kms.katalon.core.main.ScriptEngine.run(ScriptEngine.java:194)
	at com.kms.katalon.core.main.ScriptEngine.runScriptAsRawText(ScriptEngine.java:119)
	at com.kms.katalon.core.main.TestCaseExecutor.runScript(TestCaseExecutor.java:337)
	at com.kms.katalon.core.main.TestCaseExecutor.doExecute(TestCaseExecutor.java:328)
	at com.kms.katalon.core.main.TestCaseExecutor.processExecutionPhase(TestCaseExecutor.java:307)
	at com.kms.katalon.core.main.TestCaseExecutor.accessMainPhase(TestCaseExecutor.java:299)
	at com.kms.katalon.core.main.TestCaseExecutor.execute(TestCaseExecutor.java:233)
	at com.kms.katalon.core.main.TestSuiteExecutor.accessTestCaseMainPhase(TestSuiteExecutor.java:169)
	at com.kms.katalon.core.main.TestSuiteExecutor.accessTestSuiteMainPhase(TestSuiteExecutor.java:142)
	at com.kms.katalon.core.main.TestSuiteExecutor.execute(TestSuiteExecutor.java:91)
	at com.kms.katalon.core.main.TestCaseMain.startTestSuite(TestCaseMain.java:157)
	at com.kms.katalon.core.main.TestCaseMain$startTestSuite$0.call(Unknown Source)
	at TempTestSuite1587475879590.run(TempTestSuite1587475879590.groovy:36)
)
	at com.kms.katalon.core.keyword.internal.KeywordMain.stepFailed(KeywordMain.groovy:39)
	at com.kms.katalon.core.webui.keyword.internal.WebUIKeywordMain.stepFailed(WebUIKeywordMain.groovy:64)
	at com.kms.katalon.core.webui.keyword.builtin.VerifyTextPresentKeyword$_verifyTextPresent_closure1.doCall(VerifyTextPresentKeyword.groovy:79)
	at com.kms.katalon.core.webui.keyword.builtin.VerifyTextPresentKeyword$_verifyTextPresent_closure1.call(VerifyTextPresentKeyword.groovy)
	at com.kms.katalon.core.webui.keyword.internal.WebUIKeywordMain.runKeyword(WebUIKeywordMain.groovy:20)
	at com.kms.katalon.core.webui.keyword.builtin.VerifyTextPresentKeyword.verifyTextPresent(VerifyTextPresentKeyword.groovy:83)
	at com.kms.katalon.core.webui.keyword.builtin.VerifyTextPresentKeyword.execute(VerifyTextPresentKeyword.groovy:68)
	at com.kms.katalon.core.keyword.internal.KeywordExecutor.executeKeywordForPlatform(KeywordExecutor.groovy:72)
	at com.kms.katalon.core.webui.keyword.WebUiBuiltInKeywords.verifyTextPresent(WebUiBuiltInKeywords.groovy:1719)
	at com.kms.katalon.core.webui.keyword.WebUiBuiltInKeywords$verifyTextPresent$2.call(Unknown Source)
	at WebOffice_StartUp.run(WebOffice_StartUp:167)
	at com.kms.katalon.core.main.ScriptEngine.run(ScriptEngine.java:194)
	at com.kms.katalon.core.main.ScriptEngine.runScriptAsRawText(ScriptEngine.java:119)
	at com.kms.katalon.core.main.TestCaseExecutor.runScript(TestCaseExecutor.java:337)
	at com.kms.katalon.core.main.TestCaseExecutor.doExecute(TestCaseExecutor.java:328)
	at com.kms.katalon.core.main.TestCaseExecutor.processExecutionPhase(TestCaseExecutor.java:307)
	at com.kms.katalon.core.main.TestCaseExecutor.accessMainPhase(TestCaseExecutor.java:299)
	at com.kms.katalon.core.main.TestCaseExecutor.execute(TestCaseExecutor.java:233)
	at com.kms.katalon.core.main.TestCaseMain.runTestCase(TestCaseMain.java:114)
	at com.kms.katalon.core.keyword.builtin.CallTestCaseKeyword$_callTestCase_closure1.doCall(CallTestCaseKeyword.groovy:59)
	... 20 more
Caused by: com.kms.katalon.core.exception.StepFailedException: Text 'Welcome DavidHo' is not present on page 
	... 39 more
)

2020-04-21 14:53:35 - [TEST_STEP][PASSED] - "--------------------------------------": null

2020-04-21 14:53:35 - [TEST_STEP][PASSED] - " Web Office StartUp                   |": null

2020-04-21 14:53:35 - [TEST_STEP][FAILED] - callTestCase(findTestCase("Reusable_Test_Sequences/Web_Office/Directives/WebOffice_StartUp"), [:], STOP_ON_FAILURE): Unable to call Test Case 'Test Cases/Reusable_Test_Sequences/Web_Office/Directives/WebOffice_StartUp' (Root cause: com.kms.katalon.core.exception.StepFailedException: Call Test Case 'Test Cases/Reusable_Test_Sequences/Web_Office/Directives/WebOffice_StartUp' failed
	at com.kms.katalon.core.keyword.builtin.CallTestCaseKeyword$_callTestCase_closure1.doCall(CallTestCaseKeyword.groovy:63)
	at com.kms.katalon.core.keyword.builtin.CallTestCaseKeyword$_callTestCase_closure1.call(CallTestCaseKeyword.groovy)
	at com.kms.katalon.core.keyword.internal.KeywordMain.runKeyword(KeywordMain.groovy:68)
	at com.kms.katalon.core.keyword.builtin.CallTestCaseKeyword.callTestCase(CallTestCaseKeyword.groovy:81)
	at com.kms.katalon.core.keyword.builtin.CallTestCaseKeyword.execute(CallTestCaseKeyword.groovy:44)
	at com.kms.katalon.core.keyword.internal.KeywordExecutor.executeKeywordForPlatform(KeywordExecutor.groovy:72)
	at com.kms.katalon.core.keyword.BuiltinKeywords.callTestCase(BuiltinKeywords.groovy:334)
	at WebOffice_Consumer_Search.run(WebOffice_Consumer_Search:57)
	at com.kms.katalon.core.main.ScriptEngine.run(ScriptEngine.java:194)
	at com.kms.katalon.core.main.ScriptEngine.runScriptAsRawText(ScriptEngine.java:119)
	at com.kms.katalon.core.main.TestCaseExecutor.runScript(TestCaseExecutor.java:337)
	at com.kms.katalon.core.main.TestCaseExecutor.doExecute(TestCaseExecutor.java:328)
	at com.kms.katalon.core.main.TestCaseExecutor.processExecutionPhase(TestCaseExecutor.java:307)
	at com.kms.katalon.core.main.TestCaseExecutor.accessMainPhase(TestCaseExecutor.java:299)
	at com.kms.katalon.core.main.TestCaseExecutor.execute(TestCaseExecutor.java:233)
	at com.kms.katalon.core.main.TestSuiteExecutor.accessTestCaseMainPhase(TestSuiteExecutor.java:169)
	at com.kms.katalon.core.main.TestSuiteExecutor.accessTestSuiteMainPhase(TestSuiteExecutor.java:142)
	at com.kms.katalon.core.main.TestSuiteExecutor.execute(TestSuiteExecutor.java:91)
	at com.kms.katalon.core.main.TestCaseMain.startTestSuite(TestCaseMain.java:157)
	at com.kms.katalon.core.main.TestCaseMain$startTestSuite$0.call(Unknown Source)
	at TempTestSuite1587475879590.run(TempTestSuite1587475879590.groovy:36)
Caused by: com.kms.katalon.core.exception.StepFailedException: Text 'Welcome DavidHo' is not present on page  (Root cause: com.kms.katalon.core.exception.StepFailedException: Text 'Welcome DavidHo' is not present on page 
	at com.kms.katalon.core.webui.keyword.internal.WebUIKeywordMain.stepFailed(WebUIKeywordMain.groovy:64)
	at com.kms.katalon.core.webui.keyword.builtin.VerifyTextPresentKeyword$_verifyTextPresent_closure1.doCall(VerifyTextPresentKeyword.groovy:79)
	at com.kms.katalon.core.webui.keyword.builtin.VerifyTextPresentKeyword$_verifyTextPresent_closure1.call(VerifyTextPresentKeyword.groovy)
	at com.kms.katalon.core.webui.keyword.internal.WebUIKeywordMain.runKeyword(WebUIKeywordMain.groovy:20)
	at com.kms.katalon.core.webui.keyword.builtin.VerifyTextPresentKeyword.verifyTextPresent(VerifyTextPresentKeyword.groovy:83)
	at com.kms.katalon.core.webui.keyword.builtin.VerifyTextPresentKeyword.execute(VerifyTextPresentKeyword.groovy:68)
	at com.kms.katalon.core.keyword.internal.KeywordExecutor.executeKeywordForPlatform(KeywordExecutor.groovy:72)
	at com.kms.katalon.core.webui.keyword.WebUiBuiltInKeywords.verifyTextPresent(WebUiBuiltInKeywords.groovy:1719)
	at com.kms.katalon.core.webui.keyword.WebUiBuiltInKeywords$verifyTextPresent$2.call(Unknown Source)
	at WebOffice_StartUp.run(WebOffice_StartUp:167)
	at com.kms.katalon.core.main.ScriptEngine.run(ScriptEngine.java:194)
	at com.kms.katalon.core.main.ScriptEngine.runScriptAsRawText(ScriptEngine.java:119)
	at com.kms.katalon.core.main.TestCaseExecutor.runScript(TestCaseExecutor.java:337)
	at com.kms.katalon.core.main.TestCaseExecutor.doExecute(TestCaseExecutor.java:328)
	at com.kms.katalon.core.main.TestCaseExecutor.processExecutionPhase(TestCaseExecutor.java:307)
	at com.kms.katalon.core.main.TestCaseExecutor.accessMainPhase(TestCaseExecutor.java:299)
	at com.kms.katalon.core.main.TestCaseExecutor.execute(TestCaseExecutor.java:233)
	at com.kms.katalon.core.main.TestCaseMain.runTestCase(TestCaseMain.java:114)
	at com.kms.katalon.core.keyword.builtin.CallTestCaseKeyword$_callTestCase_closure1.doCall(CallTestCaseKeyword.groovy:59)
	at com.kms.katalon.core.keyword.builtin.CallTestCaseKeyword$_callTestCase_closure1.call(CallTestCaseKeyword.groovy)
	at com.kms.katalon.core.keyword.internal.KeywordMain.runKeyword(KeywordMain.groovy:68)
	at com.kms.katalon.core.keyword.builtin.CallTestCaseKeyword.callTestCase(CallTestCaseKeyword.groovy:81)
	at com.kms.katalon.core.keyword.builtin.CallTestCaseKeyword.execute(CallTestCaseKeyword.groovy:44)
	at com.kms.katalon.core.keyword.internal.KeywordExecutor.executeKeywordForPlatform(KeywordExecutor.groovy:72)
	at com.kms.katalon.core.keyword.BuiltinKeywords.callTestCase(BuiltinKeywords.groovy:334)
	at WebOffice_Consumer_Search.run(WebOffice_Consumer_Search:57)
	at com.kms.katalon.core.main.ScriptEngine.run(ScriptEngine.java:194)
	at com.kms.katalon.core.main.ScriptEngine.runScriptAsRawText(ScriptEngine.java:119)
	at com.kms.katalon.core.main.TestCaseExecutor.runScript(TestCaseExecutor.java:337)
	at com.kms.katalon.core.main.TestCaseExecutor.doExecute(TestCaseExecutor.java:328)
	at com.kms.katalon.core.main.TestCaseExecutor.processExecutionPhase(TestCaseExecutor.java:307)
	at com.kms.katalon.core.main.TestCaseExecutor.accessMainPhase(TestCaseExecutor.java:299)
	at com.kms.katalon.core.main.TestCaseExecutor.execute(TestCaseExecutor.java:233)
	at com.kms.katalon.core.main.TestSuiteExecutor.accessTestCaseMainPhase(TestSuiteExecutor.java:169)
	at com.kms.katalon.core.main.TestSuiteExecutor.accessTestSuiteMainPhase(TestSuiteExecutor.java:142)
	at com.kms.katalon.core.main.TestSuiteExecutor.execute(TestSuiteExecutor.java:91)
	at com.kms.katalon.core.main.TestCaseMain.startTestSuite(TestCaseMain.java:157)
	at com.kms.katalon.core.main.TestCaseMain$startTestSuite$0.call(Unknown Source)
	at TempTestSuite1587475879590.run(TempTestSuite1587475879590.groovy:36)
)
	at com.kms.katalon.core.keyword.internal.KeywordMain.stepFailed(KeywordMain.groovy:39)
	at com.kms.katalon.core.webui.keyword.internal.WebUIKeywordMain.stepFailed(WebUIKeywordMain.groovy:64)
	at com.kms.katalon.core.webui.keyword.builtin.VerifyTextPresentKeyword$_verifyTextPresent_closure1.doCall(VerifyTextPresentKeyword.groovy:79)
	at com.kms.katalon.core.webui.keyword.builtin.VerifyTextPresentKeyword$_verifyTextPresent_closure1.call(VerifyTextPresentKeyword.groovy)
	at com.kms.katalon.core.webui.keyword.internal.WebUIKeywordMain.runKeyword(WebUIKeywordMain.groovy:20)
	at com.kms.katalon.core.webui.keyword.builtin.VerifyTextPresentKeyword.verifyTextPresent(VerifyTextPresentKeyword.groovy:83)
	at com.kms.katalon.core.webui.keyword.builtin.VerifyTextPresentKeyword.execute(VerifyTextPresentKeyword.groovy:68)
	at com.kms.katalon.core.keyword.internal.KeywordExecutor.executeKeywordForPlatform(KeywordExecutor.groovy:72)
	at com.kms.katalon.core.webui.keyword.WebUiBuiltInKeywords.verifyTextPresent(WebUiBuiltInKeywords.groovy:1719)
	at com.kms.katalon.core.webui.keyword.WebUiBuiltInKeywords$verifyTextPresent$2.call(Unknown Source)
	at WebOffice_StartUp.run(WebOffice_StartUp:167)
	at com.kms.katalon.core.main.ScriptEngine.run(ScriptEngine.java:194)
	at com.kms.katalon.core.main.ScriptEngine.runScriptAsRawText(ScriptEngine.java:119)
	at com.kms.katalon.core.main.TestCaseExecutor.runScript(TestCaseExecutor.java:337)
	at com.kms.katalon.core.main.TestCaseExecutor.doExecute(TestCaseExecutor.java:328)
	at com.kms.katalon.core.main.TestCaseExecutor.processExecutionPhase(TestCaseExecutor.java:307)
	at com.kms.katalon.core.main.TestCaseExecutor.accessMainPhase(TestCaseExecutor.java:299)
	at com.kms.katalon.core.main.TestCaseExecutor.execute(TestCaseExecutor.java:233)
	at com.kms.katalon.core.main.TestCaseMain.runTestCase(TestCaseMain.java:114)
	at com.kms.katalon.core.keyword.builtin.CallTestCaseKeyword$_callTestCase_closure1.doCall(CallTestCaseKeyword.groovy:59)
	... 20 more
Caused by: com.kms.katalon.core.exception.StepFailedException: Text 'Welcome DavidHo' is not present on page 
	... 39 more
)

2020-04-21 14:53:36 - [TEST_CASE][FAILED] - Test Cases/Reusable_Test_Sequences/Web_Office/Directives/WebOffice_StartUp: Test Cases/Reusable_Test_Sequences/Web_Office/Directives/WebOffice_StartUp FAILED.
Reason:
com.kms.katalon.core.exception.StepFailedException: Text 'Welcome DavidHo' is not present on page  (Root cause: com.kms.katalon.core.exception.StepFailedException: Text 'Welcome DavidHo' is not present on page 
	at com.kms.katalon.core.webui.keyword.internal.WebUIKeywordMain.stepFailed(WebUIKeywordMain.groovy:64)
	at com.kms.katalon.core.webui.keyword.builtin.VerifyTextPresentKeyword$_verifyTextPresent_closure1.doCall(VerifyTextPresentKeyword.groovy:79)
	at com.kms.katalon.core.webui.keyword.builtin.VerifyTextPresentKeyword$_verifyTextPresent_closure1.call(VerifyTextPresentKeyword.groovy)
	at com.kms.katalon.core.webui.keyword.internal.WebUIKeywordMain.runKeyword(WebUIKeywordMain.groovy:20)
	at com.kms.katalon.core.webui.keyword.builtin.VerifyTextPresentKeyword.verifyTextPresent(VerifyTextPresentKeyword.groovy:83)
	at com.kms.katalon.core.webui.keyword.builtin.VerifyTextPresentKeyword.execute(VerifyTextPresentKeyword.groovy:68)
	at com.kms.katalon.core.keyword.internal.KeywordExecutor.executeKeywordForPlatform(KeywordExecutor.groovy:72)
	at com.kms.katalon.core.webui.keyword.WebUiBuiltInKeywords.verifyTextPresent(WebUiBuiltInKeywords.groovy:1719)
	at com.kms.katalon.core.webui.keyword.WebUiBuiltInKeywords$verifyTextPresent$2.call(Unknown Source)
	at WebOffice_StartUp.run(WebOffice_StartUp:167)
	at com.kms.katalon.core.main.ScriptEngine.run(ScriptEngine.java:194)
	at com.kms.katalon.core.main.ScriptEngine.runScriptAsRawText(ScriptEngine.java:119)
	at com.kms.katalon.core.main.TestCaseExecutor.runScript(TestCaseExecutor.java:337)
	at com.kms.katalon.core.main.TestCaseExecutor.doExecute(TestCaseExecutor.java:328)
	at com.kms.katalon.core.main.TestCaseExecutor.processExecutionPhase(TestCaseExecutor.java:307)
	at com.kms.katalon.core.main.TestCaseExecutor.accessMainPhase(TestCaseExecutor.java:299)
	at com.kms.katalon.core.main.TestCaseExecutor.execute(TestCaseExecutor.java:233)
	at com.kms.katalon.core.main.TestCaseMain.runTestCase(TestCaseMain.java:114)
	at com.kms.katalon.core.keyword.builtin.CallTestCaseKeyword$_callTestCase_closure1.doCall(CallTestCaseKeyword.groovy:59)
	at com.kms.katalon.core.keyword.builtin.CallTestCaseKeyword$_callTestCase_closure1.call(CallTestCaseKeyword.groovy)
	at com.kms.katalon.core.keyword.internal.KeywordMain.runKeyword(KeywordMain.groovy:68)
	at com.kms.katalon.core.keyword.builtin.CallTestCaseKeyword.callTestCase(CallTestCaseKeyword.groovy:81)
	at com.kms.katalon.core.keyword.builtin.CallTestCaseKeyword.execute(CallTestCaseKeyword.groovy:44)
	at com.kms.katalon.core.keyword.internal.KeywordExecutor.executeKeywordForPlatform(KeywordExecutor.groovy:72)
	at com.kms.katalon.core.keyword.BuiltinKeywords.callTestCase(BuiltinKeywords.groovy:334)
	at WebOffice_Consumer_Search.run(WebOffice_Consumer_Search:57)
	at com.kms.katalon.core.main.ScriptEngine.run(ScriptEngine.java:194)
	at com.kms.katalon.core.main.ScriptEngine.runScriptAsRawText(ScriptEngine.java:119)
	at com.kms.katalon.core.main.TestCaseExecutor.runScript(TestCaseExecutor.java:337)
	at com.kms.katalon.core.main.TestCaseExecutor.doExecute(TestCaseExecutor.java:328)
	at com.kms.katalon.core.main.TestCaseExecutor.processExecutionPhase(TestCaseExecutor.java:307)
	at com.kms.katalon.core.main.TestCaseExecutor.accessMainPhase(TestCaseExecutor.java:299)
	at com.kms.katalon.core.main.TestCaseExecutor.execute(TestCaseExecutor.java:233)
	at com.kms.katalon.core.main.TestSuiteExecutor.accessTestCaseMainPhase(TestSuiteExecutor.java:169)
	at com.kms.katalon.core.main.TestSuiteExecutor.accessTestSuiteMainPhase(TestSuiteExecutor.java:142)
	at com.kms.katalon.core.main.TestSuiteExecutor.execute(TestSuiteExecutor.java:91)
	at com.kms.katalon.core.main.TestCaseMain.startTestSuite(TestCaseMain.java:157)
	at com.kms.katalon.core.main.TestCaseMain$startTestSuite$0.call(Unknown Source)
	at TempTestSuite1587475879590.run(TempTestSuite1587475879590.groovy:36)
)
	at com.kms.katalon.core.keyword.internal.KeywordMain.stepFailed(KeywordMain.groovy:39)
	at com.kms.katalon.core.webui.keyword.internal.WebUIKeywordMain.stepFailed(WebUIKeywordMain.groovy:64)
	at com.kms.katalon.core.webui.keyword.builtin.VerifyTextPresentKeyword$_verifyTextPresent_closure1.doCall(VerifyTextPresentKeyword.groovy:79)
	at com.kms.katalon.core.webui.keyword.builtin.VerifyTextPresentKeyword$_verifyTextPresent_closure1.call(VerifyTextPresentKeyword.groovy)
	at com.kms.katalon.core.webui.keyword.internal.WebUIKeywordMain.runKeyword(WebUIKeywordMain.groovy:20)
	at com.kms.katalon.core.webui.keyword.builtin.VerifyTextPresentKeyword.verifyTextPresent(VerifyTextPresentKeyword.groovy:83)
	at com.kms.katalon.core.webui.keyword.builtin.VerifyTextPresentKeyword.execute(VerifyTextPresentKeyword.groovy:68)
	at com.kms.katalon.core.keyword.internal.KeywordExecutor.executeKeywordForPlatform(KeywordExecutor.groovy:72)
	at com.kms.katalon.core.webui.keyword.WebUiBuiltInKeywords.verifyTextPresent(WebUiBuiltInKeywords.groovy:1719)
	at com.kms.katalon.core.webui.keyword.WebUiBuiltInKeywords$verifyTextPresent$2.call(Unknown Source)
	at WebOffice_StartUp.run(WebOffice_StartUp:167)
	at com.kms.katalon.core.main.ScriptEngine.run(ScriptEngine.java:194)
	at com.kms.katalon.core.main.ScriptEngine.runScriptAsRawText(ScriptEngine.java:119)
	at com.kms.katalon.core.main.TestCaseExecutor.runScript(TestCaseExecutor.java:337)
	at com.kms.katalon.core.main.TestCaseExecutor.doExecute(TestCaseExecutor.java:328)
	at com.kms.katalon.core.main.TestCaseExecutor.processExecutionPhase(TestCaseExecutor.java:307)
	at com.kms.katalon.core.main.TestCaseExecutor.accessMainPhase(TestCaseExecutor.java:299)
	at com.kms.katalon.core.main.TestCaseExecutor.execute(TestCaseExecutor.java:233)
	at com.kms.katalon.core.main.TestCaseMain.runTestCase(TestCaseMain.java:114)
	at com.kms.katalon.core.keyword.builtin.CallTestCaseKeyword$_callTestCase_closure1.doCall(CallTestCaseKeyword.groovy:59)
	at com.kms.katalon.core.keyword.builtin.CallTestCaseKeyword$_callTestCase_closure1.call(CallTestCaseKeyword.groovy)
	at com.kms.katalon.core.keyword.internal.KeywordMain.runKeyword(KeywordMain.groovy:68)
	at com.kms.katalon.core.keyword.builtin.CallTestCaseKeyword.callTestCase(CallTestCaseKeyword.groovy:81)
	at com.kms.katalon.core.keyword.builtin.CallTestCaseKeyword.execute(CallTestCaseKeyword.groovy:44)
	at com.kms.katalon.core.keyword.internal.KeywordExecutor.executeKeywordForPlatform(KeywordExecutor.groovy:72)
	at com.kms.katalon.core.keyword.BuiltinKeywords.callTestCase(BuiltinKeywords.groovy:334)
	at WebOffice_Consumer_Search.run(WebOffice_Consumer_Search:57)
	at com.kms.katalon.core.main.ScriptEngine.run(ScriptEngine.java:194)
	at com.kms.katalon.core.main.ScriptEngine.runScriptAsRawText(ScriptEngine.java:119)
	at com.kms.katalon.core.main.TestCaseExecutor.runScript(TestCaseExecutor.java:337)
	at com.kms.katalon.core.main.TestCaseExecutor.doExecute(TestCaseExecutor.java:328)
	at com.kms.katalon.core.main.TestCaseExecutor.processExecutionPhase(TestCaseExecutor.java:307)
	at com.kms.katalon.core.main.TestCaseExecutor.accessMainPhase(TestCaseExecutor.java:299)
	at com.kms.katalon.core.main.TestCaseExecutor.execute(TestCaseExecutor.java:233)
	at com.kms.katalon.core.main.TestSuiteExecutor.accessTestCaseMainPhase(TestSuiteExecutor.java:169)
	at com.kms.katalon.core.main.TestSuiteExecutor.accessTestSuiteMainPhase(TestSuiteExecutor.java:142)
	at com.kms.katalon.core.main.TestSuiteExecutor.execute(TestSuiteExecutor.java:91)
	at com.kms.katalon.core.main.TestCaseMain.startTestSuite(TestCaseMain.java:157)
	at com.kms.katalon.core.main.TestCaseMain$startTestSuite$0.call(Unknown Source)
	at TempTestSuite1587475879590.run(TempTestSuite1587475879590.groovy:36)
Caused by: com.kms.katalon.core.exception.StepFailedException: Text 'Welcome DavidHo' is not present on page 
	... 39 more


2020-04-21 14:53:36 - [TEST_STEP][PASSED] - "-----------------------------------------------------------------------------": null

2020-04-21 14:53:36 - [TEST_STEP][PASSED] - if (URL == "https://www.dev.checkatrade.com/"): null

2020-04-21 14:53:36 - [TEST_STEP][PASSED] - "-----------------------------------------------------------------------------": null

2020-04-21 14:53:36 - [TEST_STEP][PASSED] - if (URL == "https://www.checkatrade.com/"): null

2020-04-21 14:53:36 - [TEST_STEP][PASSED] - "-----------------------------------------------------------------------------": null

2020-04-21 14:53:36 - [TEST_STEP][PASSED] - if (URL == "https://www.preview.checkatrade.com/"): null

2020-04-21 14:53:36 - [TEST_STEP][PASSED] - WebOfficeURL = "https://admin.preview.checkatrade.com/": null

2020-04-21 14:53:36 - [TEST_STEP][PASSED] - if (URL == "https://www.dev2.checkatrade.com/"): null

2020-04-21 14:53:36 - [TEST_STEP][PASSED] - "Set Function Area for "URL_Handler", URL Resolution": null

2020-04-21 14:53:36 - [TEST_STEP][PASSED] - "Do Some Magic with URL(s) See the comments within URL Handler ": null

2020-04-21 14:53:36 - [TEST_STEP][PASSED] - "------------------------------------------------": null

2020-04-21 14:53:36 - [TEST_STEP][PASSED] - "Moved Login Credentials to <Default> profile 22/01/2020": null

2020-04-21 14:53:36 - [TEST_STEP][PASSED] - "------------------------------------------------": null

2020-04-21 14:53:36 - [TEST_STEP][PASSED] - "WebOfficeURL - Set from the ENVIRONMENT PROFILE ": null

2020-04-21 14:53:36 - [TEST_STEP][PASSED] - "OPEN BROWSER": null

2020-04-21 14:53:36 - [TEST_STEP][PASSED] - "eg - https://admin.preview.checkatrade.com/  ": null

2020-04-21 14:53:36 - [TEST_STEP][PASSED] - openBrowser(WebOfficeURL): Browser is opened with url: 'https://admin.preview.checkatrade.com/'

2020-04-21 14:53:36 - [MESSAGE][INFO] - Starting 'Chrome' driver

2020-04-21 14:53:36 - [MESSAGE][INFO] - Action delay is set to 0 milliseconds

2020-04-21 14:53:41 - [MESSAGE][PASSED] - Browser is opened with url: 'https://admin.preview.checkatrade.com/'

2020-04-21 14:53:41 - [TEST_STEP][PASSED] - maximizeWindow(): Current window maximized

2020-04-21 14:53:43 - [MESSAGE][PASSED] - Current window maximized

2020-04-21 14:53:43 - [TEST_STEP][PASSED] - waitForElementClickable(findTestObject("Object Repository/WebOffice/Page_Checkatrade - Administration - Login/Login_Button"), 25): Object 'Object Repository/WebOffice/Page_Checkatrade - Administration - Login/Login_Button' is clickable

2020-04-21 14:53:43 - [MESSAGE][PASSED] - Object 'Object Repository/WebOffice/Page_Checkatrade - Administration - Login/Login_Button' is clickable

2020-04-21 14:53:43 - [TEST_STEP][PASSED] - verifyTextPresent("Checkatrade Web Office", false): Text 'Checkatrade Web Office' is present on page 

2020-04-21 14:53:43 - [MESSAGE][PASSED] - Text 'Checkatrade Web Office' is present on page 

2020-04-21 14:53:43 - [TEST_STEP][PASSED] - verifyTextPresent("Access for staff use only", false): Text 'Access for staff use only' is present on page 

2020-04-21 14:53:43 - [MESSAGE][PASSED] - Text 'Access for staff use only' is present on page 

2020-04-21 14:53:43 - [TEST_STEP][PASSED] - verifyTextPresent("Forgotten password?", false): Text 'Forgotten password?' is present on page 

2020-04-21 14:53:43 - [MESSAGE][PASSED] - Text 'Forgotten password?' is present on page 

2020-04-21 14:53:43 - [TEST_STEP][PASSED] - setText(findTestObject("Object Repository/WebOffice/Page_Checkatrade - Administration - Login/input_Username_LoginControlUserName"), wo_Username): Text 'DavidHo' is set on object 'Object Repository/WebOffice/Page_Checkatrade - Administration - Login/input_Username_LoginControlUserName'

2020-04-21 14:53:43 - [MESSAGE][PASSED] - Text 'DavidHo' is set on object 'Object Repository/WebOffice/Page_Checkatrade - Administration - Login/input_Username_LoginControlUserName'

2020-04-21 14:53:43 - [TEST_STEP][PASSED] - setText(findTestObject("Object Repository/WebOffice/Page_Checkatrade - Administration - Login/input_Password_LoginControlPassword"), wo_Password): Text 'Check123' is set on object 'Object Repository/WebOffice/Page_Checkatrade - Administration - Login/input_Password_LoginControlPassword'

2020-04-21 14:53:44 - [MESSAGE][PASSED] - Text 'Check123' is set on object 'Object Repository/WebOffice/Page_Checkatrade - Administration - Login/input_Password_LoginControlPassword'

2020-04-21 14:53:44 - [TEST_STEP][PASSED] - click(findTestObject("Object Repository/WebOffice/Page_Checkatrade - Administration - Login/Login_Button")): Object: 'Object Repository/WebOffice/Page_Checkatrade - Administration - Login/Login_Button' is clicked on

2020-04-21 14:53:44 - [MESSAGE][PASSED] - Object: 'Object Repository/WebOffice/Page_Checkatrade - Administration - Login/Login_Button' is clicked on

2020-04-21 14:53:44 - [TEST_STEP][PASSED] - waitForPageLoad(60): Wait for page load successfully

2020-04-21 14:53:44 - [MESSAGE][PASSED] - Wait for page load successfully

2020-04-21 14:53:44 - [TEST_STEP][FAILED] - verifyTextPresent("Welcome " + wo_Username, false): Text 'Welcome DavidHo' is not present on page  (Root cause: com.kms.katalon.core.exception.StepFailedException: Text 'Welcome DavidHo' is not present on page 
	at com.kms.katalon.core.webui.keyword.internal.WebUIKeywordMain.stepFailed(WebUIKeywordMain.groovy:64)
	at com.kms.katalon.core.webui.keyword.builtin.VerifyTextPresentKeyword$_verifyTextPresent_closure1.doCall(VerifyTextPresentKeyword.groovy:79)
	at com.kms.katalon.core.webui.keyword.builtin.VerifyTextPresentKeyword$_verifyTextPresent_closure1.call(VerifyTextPresentKeyword.groovy)
	at com.kms.katalon.core.webui.keyword.internal.WebUIKeywordMain.runKeyword(WebUIKeywordMain.groovy:20)
	at com.kms.katalon.core.webui.keyword.builtin.VerifyTextPresentKeyword.verifyTextPresent(VerifyTextPresentKeyword.groovy:83)
	at com.kms.katalon.core.webui.keyword.builtin.VerifyTextPresentKeyword.execute(VerifyTextPresentKeyword.groovy:68)
	at com.kms.katalon.core.keyword.internal.KeywordExecutor.executeKeywordForPlatform(KeywordExecutor.groovy:72)
	at com.kms.katalon.core.webui.keyword.WebUiBuiltInKeywords.verifyTextPresent(WebUiBuiltInKeywords.groovy:1719)
	at com.kms.katalon.core.webui.keyword.WebUiBuiltInKeywords$verifyTextPresent$2.call(Unknown Source)
	at WebOffice_StartUp.run(WebOffice_StartUp:167)
	at com.kms.katalon.core.main.ScriptEngine.run(ScriptEngine.java:194)
	at com.kms.katalon.core.main.ScriptEngine.runScriptAsRawText(ScriptEngine.java:119)
	at com.kms.katalon.core.main.TestCaseExecutor.runScript(TestCaseExecutor.java:337)
	at com.kms.katalon.core.main.TestCaseExecutor.doExecute(TestCaseExecutor.java:328)
	at com.kms.katalon.core.main.TestCaseExecutor.processExecutionPhase(TestCaseExecutor.java:307)
	at com.kms.katalon.core.main.TestCaseExecutor.accessMainPhase(TestCaseExecutor.java:299)
	at com.kms.katalon.core.main.TestCaseExecutor.execute(TestCaseExecutor.java:233)
	at com.kms.katalon.core.main.TestCaseMain.runTestCase(TestCaseMain.java:114)
	at com.kms.katalon.core.keyword.builtin.CallTestCaseKeyword$_callTestCase_closure1.doCall(CallTestCaseKeyword.groovy:59)
	at com.kms.katalon.core.keyword.builtin.CallTestCaseKeyword$_callTestCase_closure1.call(CallTestCaseKeyword.groovy)
	at com.kms.katalon.core.keyword.internal.KeywordMain.runKeyword(KeywordMain.groovy:68)
	at com.kms.katalon.core.keyword.builtin.CallTestCaseKeyword.callTestCase(CallTestCaseKeyword.groovy:81)
	at com.kms.katalon.core.keyword.builtin.CallTestCaseKeyword.execute(CallTestCaseKeyword.groovy:44)
	at com.kms.katalon.core.keyword.internal.KeywordExecutor.executeKeywordForPlatform(KeywordExecutor.groovy:72)
	at com.kms.katalon.core.keyword.BuiltinKeywords.callTestCase(BuiltinKeywords.groovy:334)
	at WebOffice_Consumer_Search.run(WebOffice_Consumer_Search:57)
	at com.kms.katalon.core.main.ScriptEngine.run(ScriptEngine.java:194)
	at com.kms.katalon.core.main.ScriptEngine.runScriptAsRawText(ScriptEngine.java:119)
	at com.kms.katalon.core.main.TestCaseExecutor.runScript(TestCaseExecutor.java:337)
	at com.kms.katalon.core.main.TestCaseExecutor.doExecute(TestCaseExecutor.java:328)
	at com.kms.katalon.core.main.TestCaseExecutor.processExecutionPhase(TestCaseExecutor.java:307)
	at com.kms.katalon.core.main.TestCaseExecutor.accessMainPhase(TestCaseExecutor.java:299)
	at com.kms.katalon.core.main.TestCaseExecutor.execute(TestCaseExecutor.java:233)
	at com.kms.katalon.core.main.TestSuiteExecutor.accessTestCaseMainPhase(TestSuiteExecutor.java:169)
	at com.kms.katalon.core.main.TestSuiteExecutor.accessTestSuiteMainPhase(TestSuiteExecutor.java:142)
	at com.kms.katalon.core.main.TestSuiteExecutor.execute(TestSuiteExecutor.java:91)
	at com.kms.katalon.core.main.TestCaseMain.startTestSuite(TestCaseMain.java:157)
	at com.kms.katalon.core.main.TestCaseMain$startTestSuite$0.call(Unknown Source)
	at TempTestSuite1587475879590.run(TempTestSuite1587475879590.groovy:36)
)

2020-04-21 14:53:44 - [MESSAGE][FAILED] - Text 'Welcome DavidHo' is not present on page  (Root cause: com.kms.katalon.core.exception.StepFailedException: Text 'Welcome DavidHo' is not present on page 
	at com.kms.katalon.core.webui.keyword.internal.WebUIKeywordMain.stepFailed(WebUIKeywordMain.groovy:64)
	at com.kms.katalon.core.webui.keyword.builtin.VerifyTextPresentKeyword$_verifyTextPresent_closure1.doCall(VerifyTextPresentKeyword.groovy:79)
	at com.kms.katalon.core.webui.keyword.builtin.VerifyTextPresentKeyword$_verifyTextPresent_closure1.call(VerifyTextPresentKeyword.groovy)
	at com.kms.katalon.core.webui.keyword.internal.WebUIKeywordMain.runKeyword(WebUIKeywordMain.groovy:20)
	at com.kms.katalon.core.webui.keyword.builtin.VerifyTextPresentKeyword.verifyTextPresent(VerifyTextPresentKeyword.groovy:83)
	at com.kms.katalon.core.webui.keyword.builtin.VerifyTextPresentKeyword.execute(VerifyTextPresentKeyword.groovy:68)
	at com.kms.katalon.core.keyword.internal.KeywordExecutor.executeKeywordForPlatform(KeywordExecutor.groovy:72)
	at com.kms.katalon.core.webui.keyword.WebUiBuiltInKeywords.verifyTextPresent(WebUiBuiltInKeywords.groovy:1719)
	at com.kms.katalon.core.webui.keyword.WebUiBuiltInKeywords$verifyTextPresent$2.call(Unknown Source)
	at WebOffice_StartUp.run(WebOffice_StartUp:167)
	at com.kms.katalon.core.main.ScriptEngine.run(ScriptEngine.java:194)
	at com.kms.katalon.core.main.ScriptEngine.runScriptAsRawText(ScriptEngine.java:119)
	at com.kms.katalon.core.main.TestCaseExecutor.runScript(TestCaseExecutor.java:337)
	at com.kms.katalon.core.main.TestCaseExecutor.doExecute(TestCaseExecutor.java:328)
	at com.kms.katalon.core.main.TestCaseExecutor.processExecutionPhase(TestCaseExecutor.java:307)
	at com.kms.katalon.core.main.TestCaseExecutor.accessMainPhase(TestCaseExecutor.java:299)
	at com.kms.katalon.core.main.TestCaseExecutor.execute(TestCaseExecutor.java:233)
	at com.kms.katalon.core.main.TestCaseMain.runTestCase(TestCaseMain.java:114)
	at com.kms.katalon.core.keyword.builtin.CallTestCaseKeyword$_callTestCase_closure1.doCall(CallTestCaseKeyword.groovy:59)
	at com.kms.katalon.core.keyword.builtin.CallTestCaseKeyword$_callTestCase_closure1.call(CallTestCaseKeyword.groovy)
	at com.kms.katalon.core.keyword.internal.KeywordMain.runKeyword(KeywordMain.groovy:68)
	at com.kms.katalon.core.keyword.builtin.CallTestCaseKeyword.callTestCase(CallTestCaseKeyword.groovy:81)
	at com.kms.katalon.core.keyword.builtin.CallTestCaseKeyword.execute(CallTestCaseKeyword.groovy:44)
	at com.kms.katalon.core.keyword.internal.KeywordExecutor.executeKeywordForPlatform(KeywordExecutor.groovy:72)
	at com.kms.katalon.core.keyword.BuiltinKeywords.callTestCase(BuiltinKeywords.groovy:334)
	at WebOffice_Consumer_Search.run(WebOffice_Consumer_Search:57)
	at com.kms.katalon.core.main.ScriptEngine.run(ScriptEngine.java:194)
	at com.kms.katalon.core.main.ScriptEngine.runScriptAsRawText(ScriptEngine.java:119)
	at com.kms.katalon.core.main.TestCaseExecutor.runScript(TestCaseExecutor.java:337)
	at com.kms.katalon.core.main.TestCaseExecutor.doExecute(TestCaseExecutor.java:328)
	at com.kms.katalon.core.main.TestCaseExecutor.processExecutionPhase(TestCaseExecutor.java:307)
	at com.kms.katalon.core.main.TestCaseExecutor.accessMainPhase(TestCaseExecutor.java:299)
	at com.kms.katalon.core.main.TestCaseExecutor.execute(TestCaseExecutor.java:233)
	at com.kms.katalon.core.main.TestSuiteExecutor.accessTestCaseMainPhase(TestSuiteExecutor.java:169)
	at com.kms.katalon.core.main.TestSuiteExecutor.accessTestSuiteMainPhase(TestSuiteExecutor.java:142)
	at com.kms.katalon.core.main.TestSuiteExecutor.execute(TestSuiteExecutor.java:91)
	at com.kms.katalon.core.main.TestCaseMain.startTestSuite(TestCaseMain.java:157)
	at com.kms.katalon.core.main.TestCaseMain$startTestSuite$0.call(Unknown Source)
	at TempTestSuite1587475879590.run(TempTestSuite1587475879590.groovy:36)
)

2020-04-21 14:53:44 - [MESSAGE][FAILED] - Unable to call Test Case 'Test Cases/Reusable_Test_Sequences/Web_Office/Directives/WebOffice_StartUp' (Root cause: com.kms.katalon.core.exception.StepFailedException: Call Test Case 'Test Cases/Reusable_Test_Sequences/Web_Office/Directives/WebOffice_StartUp' failed
	at com.kms.katalon.core.keyword.builtin.CallTestCaseKeyword$_callTestCase_closure1.doCall(CallTestCaseKeyword.groovy:63)
	at com.kms.katalon.core.keyword.builtin.CallTestCaseKeyword$_callTestCase_closure1.call(CallTestCaseKeyword.groovy)
	at com.kms.katalon.core.keyword.internal.KeywordMain.runKeyword(KeywordMain.groovy:68)
	at com.kms.katalon.core.keyword.builtin.CallTestCaseKeyword.callTestCase(CallTestCaseKeyword.groovy:81)
	at com.kms.katalon.core.keyword.builtin.CallTestCaseKeyword.execute(CallTestCaseKeyword.groovy:44)
	at com.kms.katalon.core.keyword.internal.KeywordExecutor.executeKeywordForPlatform(KeywordExecutor.groovy:72)
	at com.kms.katalon.core.keyword.BuiltinKeywords.callTestCase(BuiltinKeywords.groovy:334)
	at WebOffice_Consumer_Search.run(WebOffice_Consumer_Search:57)
	at com.kms.katalon.core.main.ScriptEngine.run(ScriptEngine.java:194)
	at com.kms.katalon.core.main.ScriptEngine.runScriptAsRawText(ScriptEngine.java:119)
	at com.kms.katalon.core.main.TestCaseExecutor.runScript(TestCaseExecutor.java:337)
	at com.kms.katalon.core.main.TestCaseExecutor.doExecute(TestCaseExecutor.java:328)
	at com.kms.katalon.core.main.TestCaseExecutor.processExecutionPhase(TestCaseExecutor.java:307)
	at com.kms.katalon.core.main.TestCaseExecutor.accessMainPhase(TestCaseExecutor.java:299)
	at com.kms.katalon.core.main.TestCaseExecutor.execute(TestCaseExecutor.java:233)
	at com.kms.katalon.core.main.TestSuiteExecutor.accessTestCaseMainPhase(TestSuiteExecutor.java:169)
	at com.kms.katalon.core.main.TestSuiteExecutor.accessTestSuiteMainPhase(TestSuiteExecutor.java:142)
	at com.kms.katalon.core.main.TestSuiteExecutor.execute(TestSuiteExecutor.java:91)
	at com.kms.katalon.core.main.TestCaseMain.startTestSuite(TestCaseMain.java:157)
	at com.kms.katalon.core.main.TestCaseMain$startTestSuite$0.call(Unknown Source)
	at TempTestSuite1587475879590.run(TempTestSuite1587475879590.groovy:36)
Caused by: com.kms.katalon.core.exception.StepFailedException: Text 'Welcome DavidHo' is not present on page  (Root cause: com.kms.katalon.core.exception.StepFailedException: Text 'Welcome DavidHo' is not present on page 
	at com.kms.katalon.core.webui.keyword.internal.WebUIKeywordMain.stepFailed(WebUIKeywordMain.groovy:64)
	at com.kms.katalon.core.webui.keyword.builtin.VerifyTextPresentKeyword$_verifyTextPresent_closure1.doCall(VerifyTextPresentKeyword.groovy:79)
	at com.kms.katalon.core.webui.keyword.builtin.VerifyTextPresentKeyword$_verifyTextPresent_closure1.call(VerifyTextPresentKeyword.groovy)
	at com.kms.katalon.core.webui.keyword.internal.WebUIKeywordMain.runKeyword(WebUIKeywordMain.groovy:20)
	at com.kms.katalon.core.webui.keyword.builtin.VerifyTextPresentKeyword.verifyTextPresent(VerifyTextPresentKeyword.groovy:83)
	at com.kms.katalon.core.webui.keyword.builtin.VerifyTextPresentKeyword.execute(VerifyTextPresentKeyword.groovy:68)
	at com.kms.katalon.core.keyword.internal.KeywordExecutor.executeKeywordForPlatform(KeywordExecutor.groovy:72)
	at com.kms.katalon.core.webui.keyword.WebUiBuiltInKeywords.verifyTextPresent(WebUiBuiltInKeywords.groovy:1719)
	at com.kms.katalon.core.webui.keyword.WebUiBuiltInKeywords$verifyTextPresent$2.call(Unknown Source)
	at WebOffice_StartUp.run(WebOffice_StartUp:167)
	at com.kms.katalon.core.main.ScriptEngine.run(ScriptEngine.java:194)
	at com.kms.katalon.core.main.ScriptEngine.runScriptAsRawText(ScriptEngine.java:119)
	at com.kms.katalon.core.main.TestCaseExecutor.runScript(TestCaseExecutor.java:337)
	at com.kms.katalon.core.main.TestCaseExecutor.doExecute(TestCaseExecutor.java:328)
	at com.kms.katalon.core.main.TestCaseExecutor.processExecutionPhase(TestCaseExecutor.java:307)
	at com.kms.katalon.core.main.TestCaseExecutor.accessMainPhase(TestCaseExecutor.java:299)
	at com.kms.katalon.core.main.TestCaseExecutor.execute(TestCaseExecutor.java:233)
	at com.kms.katalon.core.main.TestCaseMain.runTestCase(TestCaseMain.java:114)
	at com.kms.katalon.core.keyword.builtin.CallTestCaseKeyword$_callTestCase_closure1.doCall(CallTestCaseKeyword.groovy:59)
	at com.kms.katalon.core.keyword.builtin.CallTestCaseKeyword$_callTestCase_closure1.call(CallTestCaseKeyword.groovy)
	at com.kms.katalon.core.keyword.internal.KeywordMain.runKeyword(KeywordMain.groovy:68)
	at com.kms.katalon.core.keyword.builtin.CallTestCaseKeyword.callTestCase(CallTestCaseKeyword.groovy:81)
	at com.kms.katalon.core.keyword.builtin.CallTestCaseKeyword.execute(CallTestCaseKeyword.groovy:44)
	at com.kms.katalon.core.keyword.internal.KeywordExecutor.executeKeywordForPlatform(KeywordExecutor.groovy:72)
	at com.kms.katalon.core.keyword.BuiltinKeywords.callTestCase(BuiltinKeywords.groovy:334)
	at WebOffice_Consumer_Search.run(WebOffice_Consumer_Search:57)
	at com.kms.katalon.core.main.ScriptEngine.run(ScriptEngine.java:194)
	at com.kms.katalon.core.main.ScriptEngine.runScriptAsRawText(ScriptEngine.java:119)
	at com.kms.katalon.core.main.TestCaseExecutor.runScript(TestCaseExecutor.java:337)
	at com.kms.katalon.core.main.TestCaseExecutor.doExecute(TestCaseExecutor.java:328)
	at com.kms.katalon.core.main.TestCaseExecutor.processExecutionPhase(TestCaseExecutor.java:307)
	at com.kms.katalon.core.main.TestCaseExecutor.accessMainPhase(TestCaseExecutor.java:299)
	at com.kms.katalon.core.main.TestCaseExecutor.execute(TestCaseExecutor.java:233)
	at com.kms.katalon.core.main.TestSuiteExecutor.accessTestCaseMainPhase(TestSuiteExecutor.java:169)
	at com.kms.katalon.core.main.TestSuiteExecutor.accessTestSuiteMainPhase(TestSuiteExecutor.java:142)
	at com.kms.katalon.core.main.TestSuiteExecutor.execute(TestSuiteExecutor.java:91)
	at com.kms.katalon.core.main.TestCaseMain.startTestSuite(TestCaseMain.java:157)
	at com.kms.katalon.core.main.TestCaseMain$startTestSuite$0.call(Unknown Source)
	at TempTestSuite1587475879590.run(TempTestSuite1587475879590.groovy:36)
)
	at com.kms.katalon.core.keyword.internal.KeywordMain.stepFailed(KeywordMain.groovy:39)
	at com.kms.katalon.core.webui.keyword.internal.WebUIKeywordMain.stepFailed(WebUIKeywordMain.groovy:64)
	at com.kms.katalon.core.webui.keyword.builtin.VerifyTextPresentKeyword$_verifyTextPresent_closure1.doCall(VerifyTextPresentKeyword.groovy:79)
	at com.kms.katalon.core.webui.keyword.builtin.VerifyTextPresentKeyword$_verifyTextPresent_closure1.call(VerifyTextPresentKeyword.groovy)
	at com.kms.katalon.core.webui.keyword.internal.WebUIKeywordMain.runKeyword(WebUIKeywordMain.groovy:20)
	at com.kms.katalon.core.webui.keyword.builtin.VerifyTextPresentKeyword.verifyTextPresent(VerifyTextPresentKeyword.groovy:83)
	at com.kms.katalon.core.webui.keyword.builtin.VerifyTextPresentKeyword.execute(VerifyTextPresentKeyword.groovy:68)
	at com.kms.katalon.core.keyword.internal.KeywordExecutor.executeKeywordForPlatform(KeywordExecutor.groovy:72)
	at com.kms.katalon.core.webui.keyword.WebUiBuiltInKeywords.verifyTextPresent(WebUiBuiltInKeywords.groovy:1719)
	at com.kms.katalon.core.webui.keyword.WebUiBuiltInKeywords$verifyTextPresent$2.call(Unknown Source)
	at WebOffice_StartUp.run(WebOffice_StartUp:167)
	at com.kms.katalon.core.main.ScriptEngine.run(ScriptEngine.java:194)
	at com.kms.katalon.core.main.ScriptEngine.runScriptAsRawText(ScriptEngine.java:119)
	at com.kms.katalon.core.main.TestCaseExecutor.runScript(TestCaseExecutor.java:337)
	at com.kms.katalon.core.main.TestCaseExecutor.doExecute(TestCaseExecutor.java:328)
	at com.kms.katalon.core.main.TestCaseExecutor.processExecutionPhase(TestCaseExecutor.java:307)
	at com.kms.katalon.core.main.TestCaseExecutor.accessMainPhase(TestCaseExecutor.java:299)
	at com.kms.katalon.core.main.TestCaseExecutor.execute(TestCaseExecutor.java:233)
	at com.kms.katalon.core.main.TestCaseMain.runTestCase(TestCaseMain.java:114)
	at com.kms.katalon.core.keyword.builtin.CallTestCaseKeyword$_callTestCase_closure1.doCall(CallTestCaseKeyword.groovy:59)
	... 20 more
Caused by: com.kms.katalon.core.exception.StepFailedException: Text 'Welcome DavidHo' is not present on page 
	... 39 more
)]]></system-out>
         <system-err><![CDATA[2020-04-21 14:53:35 - [TEST_CASE][FAILED] - Test Cases/Web_Office/WebOffice_Consumer_Search: Test Cases/Web_Office/WebOffice_Consumer_Search FAILED.
Reason:
com.kms.katalon.core.exception.StepFailedException: Call Test Case 'Test Cases/Reusable_Test_Sequences/Web_Office/Directives/WebOffice_StartUp' failed
	at com.kms.katalon.core.keyword.builtin.CallTestCaseKeyword$_callTestCase_closure1.doCall(CallTestCaseKeyword.groovy:63)
	at com.kms.katalon.core.keyword.builtin.CallTestCaseKeyword$_callTestCase_closure1.call(CallTestCaseKeyword.groovy)
	at com.kms.katalon.core.keyword.internal.KeywordMain.runKeyword(KeywordMain.groovy:68)
	at com.kms.katalon.core.keyword.builtin.CallTestCaseKeyword.callTestCase(CallTestCaseKeyword.groovy:81)
	at com.kms.katalon.core.keyword.builtin.CallTestCaseKeyword.execute(CallTestCaseKeyword.groovy:44)
	at com.kms.katalon.core.keyword.internal.KeywordExecutor.executeKeywordForPlatform(KeywordExecutor.groovy:72)
	at com.kms.katalon.core.keyword.BuiltinKeywords.callTestCase(BuiltinKeywords.groovy:334)
	at WebOffice_Consumer_Search.run(WebOffice_Consumer_Search:57)
	at com.kms.katalon.core.main.ScriptEngine.run(ScriptEngine.java:194)
	at com.kms.katalon.core.main.ScriptEngine.runScriptAsRawText(ScriptEngine.java:119)
	at com.kms.katalon.core.main.TestCaseExecutor.runScript(TestCaseExecutor.java:337)
	at com.kms.katalon.core.main.TestCaseExecutor.doExecute(TestCaseExecutor.java:328)
	at com.kms.katalon.core.main.TestCaseExecutor.processExecutionPhase(TestCaseExecutor.java:307)
	at com.kms.katalon.core.main.TestCaseExecutor.accessMainPhase(TestCaseExecutor.java:299)
	at com.kms.katalon.core.main.TestCaseExecutor.execute(TestCaseExecutor.java:233)
	at com.kms.katalon.core.main.TestSuiteExecutor.accessTestCaseMainPhase(TestSuiteExecutor.java:169)
	at com.kms.katalon.core.main.TestSuiteExecutor.accessTestSuiteMainPhase(TestSuiteExecutor.java:142)
	at com.kms.katalon.core.main.TestSuiteExecutor.execute(TestSuiteExecutor.java:91)
	at com.kms.katalon.core.main.TestCaseMain.startTestSuite(TestCaseMain.java:157)
	at com.kms.katalon.core.main.TestCaseMain$startTestSuite$0.call(Unknown Source)
	at TempTestSuite1587475879590.run(TempTestSuite1587475879590.groovy:36)
Caused by: com.kms.katalon.core.exception.StepFailedException: Text 'Welcome DavidHo' is not present on page  (Root cause: com.kms.katalon.core.exception.StepFailedException: Text 'Welcome DavidHo' is not present on page 
	at com.kms.katalon.core.webui.keyword.internal.WebUIKeywordMain.stepFailed(WebUIKeywordMain.groovy:64)
	at com.kms.katalon.core.webui.keyword.builtin.VerifyTextPresentKeyword$_verifyTextPresent_closure1.doCall(VerifyTextPresentKeyword.groovy:79)
	at com.kms.katalon.core.webui.keyword.builtin.VerifyTextPresentKeyword$_verifyTextPresent_closure1.call(VerifyTextPresentKeyword.groovy)
	at com.kms.katalon.core.webui.keyword.internal.WebUIKeywordMain.runKeyword(WebUIKeywordMain.groovy:20)
	at com.kms.katalon.core.webui.keyword.builtin.VerifyTextPresentKeyword.verifyTextPresent(VerifyTextPresentKeyword.groovy:83)
	at com.kms.katalon.core.webui.keyword.builtin.VerifyTextPresentKeyword.execute(VerifyTextPresentKeyword.groovy:68)
	at com.kms.katalon.core.keyword.internal.KeywordExecutor.executeKeywordForPlatform(KeywordExecutor.groovy:72)
	at com.kms.katalon.core.webui.keyword.WebUiBuiltInKeywords.verifyTextPresent(WebUiBuiltInKeywords.groovy:1719)
	at com.kms.katalon.core.webui.keyword.WebUiBuiltInKeywords$verifyTextPresent$2.call(Unknown Source)
	at WebOffice_StartUp.run(WebOffice_StartUp:167)
	at com.kms.katalon.core.main.ScriptEngine.run(ScriptEngine.java:194)
	at com.kms.katalon.core.main.ScriptEngine.runScriptAsRawText(ScriptEngine.java:119)
	at com.kms.katalon.core.main.TestCaseExecutor.runScript(TestCaseExecutor.java:337)
	at com.kms.katalon.core.main.TestCaseExecutor.doExecute(TestCaseExecutor.java:328)
	at com.kms.katalon.core.main.TestCaseExecutor.processExecutionPhase(TestCaseExecutor.java:307)
	at com.kms.katalon.core.main.TestCaseExecutor.accessMainPhase(TestCaseExecutor.java:299)
	at com.kms.katalon.core.main.TestCaseExecutor.execute(TestCaseExecutor.java:233)
	at com.kms.katalon.core.main.TestCaseMain.runTestCase(TestCaseMain.java:114)
	at com.kms.katalon.core.keyword.builtin.CallTestCaseKeyword$_callTestCase_closure1.doCall(CallTestCaseKeyword.groovy:59)
	at com.kms.katalon.core.keyword.builtin.CallTestCaseKeyword$_callTestCase_closure1.call(CallTestCaseKeyword.groovy)
	at com.kms.katalon.core.keyword.internal.KeywordMain.runKeyword(KeywordMain.groovy:68)
	at com.kms.katalon.core.keyword.builtin.CallTestCaseKeyword.callTestCase(CallTestCaseKeyword.groovy:81)
	at com.kms.katalon.core.keyword.builtin.CallTestCaseKeyword.execute(CallTestCaseKeyword.groovy:44)
	at com.kms.katalon.core.keyword.internal.KeywordExecutor.executeKeywordForPlatform(KeywordExecutor.groovy:72)
	at com.kms.katalon.core.keyword.BuiltinKeywords.callTestCase(BuiltinKeywords.groovy:334)
	at WebOffice_Consumer_Search.run(WebOffice_Consumer_Search:57)
	at com.kms.katalon.core.main.ScriptEngine.run(ScriptEngine.java:194)
	at com.kms.katalon.core.main.ScriptEngine.runScriptAsRawText(ScriptEngine.java:119)
	at com.kms.katalon.core.main.TestCaseExecutor.runScript(TestCaseExecutor.java:337)
	at com.kms.katalon.core.main.TestCaseExecutor.doExecute(TestCaseExecutor.java:328)
	at com.kms.katalon.core.main.TestCaseExecutor.processExecutionPhase(TestCaseExecutor.java:307)
	at com.kms.katalon.core.main.TestCaseExecutor.accessMainPhase(TestCaseExecutor.java:299)
	at com.kms.katalon.core.main.TestCaseExecutor.execute(TestCaseExecutor.java:233)
	at com.kms.katalon.core.main.TestSuiteExecutor.accessTestCaseMainPhase(TestSuiteExecutor.java:169)
	at com.kms.katalon.core.main.TestSuiteExecutor.accessTestSuiteMainPhase(TestSuiteExecutor.java:142)
	at com.kms.katalon.core.main.TestSuiteExecutor.execute(TestSuiteExecutor.java:91)
	at com.kms.katalon.core.main.TestCaseMain.startTestSuite(TestCaseMain.java:157)
	at com.kms.katalon.core.main.TestCaseMain$startTestSuite$0.call(Unknown Source)
	at TempTestSuite1587475879590.run(TempTestSuite1587475879590.groovy:36)
)
	at com.kms.katalon.core.keyword.internal.KeywordMain.stepFailed(KeywordMain.groovy:39)
	at com.kms.katalon.core.webui.keyword.internal.WebUIKeywordMain.stepFailed(WebUIKeywordMain.groovy:64)
	at com.kms.katalon.core.webui.keyword.builtin.VerifyTextPresentKeyword$_verifyTextPresent_closure1.doCall(VerifyTextPresentKeyword.groovy:79)
	at com.kms.katalon.core.webui.keyword.builtin.VerifyTextPresentKeyword$_verifyTextPresent_closure1.call(VerifyTextPresentKeyword.groovy)
	at com.kms.katalon.core.webui.keyword.internal.WebUIKeywordMain.runKeyword(WebUIKeywordMain.groovy:20)
	at com.kms.katalon.core.webui.keyword.builtin.VerifyTextPresentKeyword.verifyTextPresent(VerifyTextPresentKeyword.groovy:83)
	at com.kms.katalon.core.webui.keyword.builtin.VerifyTextPresentKeyword.execute(VerifyTextPresentKeyword.groovy:68)
	at com.kms.katalon.core.keyword.internal.KeywordExecutor.executeKeywordForPlatform(KeywordExecutor.groovy:72)
	at com.kms.katalon.core.webui.keyword.WebUiBuiltInKeywords.verifyTextPresent(WebUiBuiltInKeywords.groovy:1719)
	at com.kms.katalon.core.webui.keyword.WebUiBuiltInKeywords$verifyTextPresent$2.call(Unknown Source)
	at WebOffice_StartUp.run(WebOffice_StartUp:167)
	at com.kms.katalon.core.main.ScriptEngine.run(ScriptEngine.java:194)
	at com.kms.katalon.core.main.ScriptEngine.runScriptAsRawText(ScriptEngine.java:119)
	at com.kms.katalon.core.main.TestCaseExecutor.runScript(TestCaseExecutor.java:337)
	at com.kms.katalon.core.main.TestCaseExecutor.doExecute(TestCaseExecutor.java:328)
	at com.kms.katalon.core.main.TestCaseExecutor.processExecutionPhase(TestCaseExecutor.java:307)
	at com.kms.katalon.core.main.TestCaseExecutor.accessMainPhase(TestCaseExecutor.java:299)
	at com.kms.katalon.core.main.TestCaseExecutor.execute(TestCaseExecutor.java:233)
	at com.kms.katalon.core.main.TestCaseMain.runTestCase(TestCaseMain.java:114)
	at com.kms.katalon.core.keyword.builtin.CallTestCaseKeyword$_callTestCase_closure1.doCall(CallTestCaseKeyword.groovy:59)
	... 20 more
Caused by: com.kms.katalon.core.exception.StepFailedException: Text 'Welcome DavidHo' is not present on page 
	... 39 more]]></system-err>
      </testcase>
      <testcase name="Test Cases/Web_Office/WebOffice_Header_Search" time="39.761" classname="Test Cases/Web_Office/WebOffice_Header_Search" status="FAILED">
         <failure type="FAILED" message="Test Cases/Web_Office/WebOffice_Header_Search FAILED.
Reason:
com.kms.katalon.core.exception.StepFailedException: Call Test Case 'Test Cases/Reusable_Test_Sequences/Web_Office/Directives/WebOffice_StartUp' failed
	at com.kms.katalon.core.keyword.builtin.CallTestCaseKeyword$_callTestCase_closure1.doCall(CallTestCaseKeyword.groovy:63)
	at com.kms.katalon.core.keyword.builtin.CallTestCaseKeyword$_callTestCase_closure1.call(CallTestCaseKeyword.groovy)
	at com.kms.katalon.core.keyword.internal.KeywordMain.runKeyword(KeywordMain.groovy:68)
	at com.kms.katalon.core.keyword.builtin.CallTestCaseKeyword.callTestCase(CallTestCaseKeyword.groovy:81)
	at com.kms.katalon.core.keyword.builtin.CallTestCaseKeyword.execute(CallTestCaseKeyword.groovy:44)
	at com.kms.katalon.core.keyword.internal.KeywordExecutor.executeKeywordForPlatform(KeywordExecutor.groovy:72)
	at com.kms.katalon.core.keyword.BuiltinKeywords.callTestCase(BuiltinKeywords.groovy:334)
	at WebOffice_Header_Search.run(WebOffice_Header_Search:55)
	at com.kms.katalon.core.main.ScriptEngine.run(ScriptEngine.java:194)
	at com.kms.katalon.core.main.ScriptEngine.runScriptAsRawText(ScriptEngine.java:119)
	at com.kms.katalon.core.main.TestCaseExecutor.runScript(TestCaseExecutor.java:337)
	at com.kms.katalon.core.main.TestCaseExecutor.doExecute(TestCaseExecutor.java:328)
	at com.kms.katalon.core.main.TestCaseExecutor.processExecutionPhase(TestCaseExecutor.java:307)
	at com.kms.katalon.core.main.TestCaseExecutor.accessMainPhase(TestCaseExecutor.java:299)
	at com.kms.katalon.core.main.TestCaseExecutor.execute(TestCaseExecutor.java:233)
	at com.kms.katalon.core.main.TestSuiteExecutor.accessTestCaseMainPhase(TestSuiteExecutor.java:169)
	at com.kms.katalon.core.main.TestSuiteExecutor.accessTestSuiteMainPhase(TestSuiteExecutor.java:142)
	at com.kms.katalon.core.main.TestSuiteExecutor.execute(TestSuiteExecutor.java:91)
	at com.kms.katalon.core.main.TestCaseMain.startTestSuite(TestCaseMain.java:157)
	at com.kms.katalon.core.main.TestCaseMain$startTestSuite$0.call(Unknown Source)
	at TempTestSuite1587475879590.run(TempTestSuite1587475879590.groovy:36)
Caused by: com.kms.katalon.core.exception.StepFailedException: Text 'Welcome DavidHo' is not present on page  (Root cause: com.kms.katalon.core.exception.StepFailedException: Text 'Welcome DavidHo' is not present on page 
	at com.kms.katalon.core.webui.keyword.internal.WebUIKeywordMain.stepFailed(WebUIKeywordMain.groovy:64)
	at com.kms.katalon.core.webui.keyword.builtin.VerifyTextPresentKeyword$_verifyTextPresent_closure1.doCall(VerifyTextPresentKeyword.groovy:79)
	at com.kms.katalon.core.webui.keyword.builtin.VerifyTextPresentKeyword$_verifyTextPresent_closure1.call(VerifyTextPresentKeyword.groovy)
	at com.kms.katalon.core.webui.keyword.internal.WebUIKeywordMain.runKeyword(WebUIKeywordMain.groovy:20)
	at com.kms.katalon.core.webui.keyword.builtin.VerifyTextPresentKeyword.verifyTextPresent(VerifyTextPresentKeyword.groovy:83)
	at com.kms.katalon.core.webui.keyword.builtin.VerifyTextPresentKeyword.execute(VerifyTextPresentKeyword.groovy:68)
	at com.kms.katalon.core.keyword.internal.KeywordExecutor.executeKeywordForPlatform(KeywordExecutor.groovy:72)
	at com.kms.katalon.core.webui.keyword.WebUiBuiltInKeywords.verifyTextPresent(WebUiBuiltInKeywords.groovy:1719)
	at com.kms.katalon.core.webui.keyword.WebUiBuiltInKeywords$verifyTextPresent$2.call(Unknown Source)
	at WebOffice_StartUp.run(WebOffice_StartUp:167)
	at com.kms.katalon.core.main.ScriptEngine.run(ScriptEngine.java:194)
	at com.kms.katalon.core.main.ScriptEngine.runScriptAsRawText(ScriptEngine.java:119)
	at com.kms.katalon.core.main.TestCaseExecutor.runScript(TestCaseExecutor.java:337)
	at com.kms.katalon.core.main.TestCaseExecutor.doExecute(TestCaseExecutor.java:328)
	at com.kms.katalon.core.main.TestCaseExecutor.processExecutionPhase(TestCaseExecutor.java:307)
	at com.kms.katalon.core.main.TestCaseExecutor.accessMainPhase(TestCaseExecutor.java:299)
	at com.kms.katalon.core.main.TestCaseExecutor.execute(TestCaseExecutor.java:233)
	at com.kms.katalon.core.main.TestCaseMain.runTestCase(TestCaseMain.java:114)
	at com.kms.katalon.core.keyword.builtin.CallTestCaseKeyword$_callTestCase_closure1.doCall(CallTestCaseKeyword.groovy:59)
	at com.kms.katalon.core.keyword.builtin.CallTestCaseKeyword$_callTestCase_closure1.call(CallTestCaseKeyword.groovy)
	at com.kms.katalon.core.keyword.internal.KeywordMain.runKeyword(KeywordMain.groovy:68)
	at com.kms.katalon.core.keyword.builtin.CallTestCaseKeyword.callTestCase(CallTestCaseKeyword.groovy:81)
	at com.kms.katalon.core.keyword.builtin.CallTestCaseKeyword.execute(CallTestCaseKeyword.groovy:44)
	at com.kms.katalon.core.keyword.internal.KeywordExecutor.executeKeywordForPlatform(KeywordExecutor.groovy:72)
	at com.kms.katalon.core.keyword.BuiltinKeywords.callTestCase(BuiltinKeywords.groovy:334)
	at WebOffice_Header_Search.run(WebOffice_Header_Search:55)
	at com.kms.katalon.core.main.ScriptEngine.run(ScriptEngine.java:194)
	at com.kms.katalon.core.main.ScriptEngine.runScriptAsRawText(ScriptEngine.java:119)
	at com.kms.katalon.core.main.TestCaseExecutor.runScript(TestCaseExecutor.java:337)
	at com.kms.katalon.core.main.TestCaseExecutor.doExecute(TestCaseExecutor.java:328)
	at com.kms.katalon.core.main.TestCaseExecutor.processExecutionPhase(TestCaseExecutor.java:307)
	at com.kms.katalon.core.main.TestCaseExecutor.accessMainPhase(TestCaseExecutor.java:299)
	at com.kms.katalon.core.main.TestCaseExecutor.execute(TestCaseExecutor.java:233)
	at com.kms.katalon.core.main.TestSuiteExecutor.accessTestCaseMainPhase(TestSuiteExecutor.java:169)
	at com.kms.katalon.core.main.TestSuiteExecutor.accessTestSuiteMainPhase(TestSuiteExecutor.java:142)
	at com.kms.katalon.core.main.TestSuiteExecutor.execute(TestSuiteExecutor.java:91)
	at com.kms.katalon.core.main.TestCaseMain.startTestSuite(TestCaseMain.java:157)
	at com.kms.katalon.core.main.TestCaseMain$startTestSuite$0.call(Unknown Source)
	at TempTestSuite1587475879590.run(TempTestSuite1587475879590.groovy:36)
)
	at com.kms.katalon.core.keyword.internal.KeywordMain.stepFailed(KeywordMain.groovy:39)
	at com.kms.katalon.core.webui.keyword.internal.WebUIKeywordMain.stepFailed(WebUIKeywordMain.groovy:64)
	at com.kms.katalon.core.webui.keyword.builtin.VerifyTextPresentKeyword$_verifyTextPresent_closure1.doCall(VerifyTextPresentKeyword.groovy:79)
	at com.kms.katalon.core.webui.keyword.builtin.VerifyTextPresentKeyword$_verifyTextPresent_closure1.call(VerifyTextPresentKeyword.groovy)
	at com.kms.katalon.core.webui.keyword.internal.WebUIKeywordMain.runKeyword(WebUIKeywordMain.groovy:20)
	at com.kms.katalon.core.webui.keyword.builtin.VerifyTextPresentKeyword.verifyTextPresent(VerifyTextPresentKeyword.groovy:83)
	at com.kms.katalon.core.webui.keyword.builtin.VerifyTextPresentKeyword.execute(VerifyTextPresentKeyword.groovy:68)
	at com.kms.katalon.core.keyword.internal.KeywordExecutor.executeKeywordForPlatform(KeywordExecutor.groovy:72)
	at com.kms.katalon.core.webui.keyword.WebUiBuiltInKeywords.verifyTextPresent(WebUiBuiltInKeywords.groovy:1719)
	at com.kms.katalon.core.webui.keyword.WebUiBuiltInKeywords$verifyTextPresent$2.call(Unknown Source)
	at WebOffice_StartUp.run(WebOffice_StartUp:167)
	at com.kms.katalon.core.main.ScriptEngine.run(ScriptEngine.java:194)
	at com.kms.katalon.core.main.ScriptEngine.runScriptAsRawText(ScriptEngine.java:119)
	at com.kms.katalon.core.main.TestCaseExecutor.runScript(TestCaseExecutor.java:337)
	at com.kms.katalon.core.main.TestCaseExecutor.doExecute(TestCaseExecutor.java:328)
	at com.kms.katalon.core.main.TestCaseExecutor.processExecutionPhase(TestCaseExecutor.java:307)
	at com.kms.katalon.core.main.TestCaseExecutor.accessMainPhase(TestCaseExecutor.java:299)
	at com.kms.katalon.core.main.TestCaseExecutor.execute(TestCaseExecutor.java:233)
	at com.kms.katalon.core.main.TestCaseMain.runTestCase(TestCaseMain.java:114)
	at com.kms.katalon.core.keyword.builtin.CallTestCaseKeyword$_callTestCase_closure1.doCall(CallTestCaseKeyword.groovy:59)
	... 20 more
Caused by: com.kms.katalon.core.exception.StepFailedException: Text 'Welcome DavidHo' is not present on page 
	... 39 more
"/>
         <system-out><![CDATA[2020-04-21 14:53:44 - [TEST_CASE][FAILED] - Test Cases/Web_Office/WebOffice_Header_Search: Test Cases/Web_Office/WebOffice_Header_Search FAILED.
Reason:
com.kms.katalon.core.exception.StepFailedException: Call Test Case 'Test Cases/Reusable_Test_Sequences/Web_Office/Directives/WebOffice_StartUp' failed
	at com.kms.katalon.core.keyword.builtin.CallTestCaseKeyword$_callTestCase_closure1.doCall(CallTestCaseKeyword.groovy:63)
	at com.kms.katalon.core.keyword.builtin.CallTestCaseKeyword$_callTestCase_closure1.call(CallTestCaseKeyword.groovy)
	at com.kms.katalon.core.keyword.internal.KeywordMain.runKeyword(KeywordMain.groovy:68)
	at com.kms.katalon.core.keyword.builtin.CallTestCaseKeyword.callTestCase(CallTestCaseKeyword.groovy:81)
	at com.kms.katalon.core.keyword.builtin.CallTestCaseKeyword.execute(CallTestCaseKeyword.groovy:44)
	at com.kms.katalon.core.keyword.internal.KeywordExecutor.executeKeywordForPlatform(KeywordExecutor.groovy:72)
	at com.kms.katalon.core.keyword.BuiltinKeywords.callTestCase(BuiltinKeywords.groovy:334)
	at WebOffice_Header_Search.run(WebOffice_Header_Search:55)
	at com.kms.katalon.core.main.ScriptEngine.run(ScriptEngine.java:194)
	at com.kms.katalon.core.main.ScriptEngine.runScriptAsRawText(ScriptEngine.java:119)
	at com.kms.katalon.core.main.TestCaseExecutor.runScript(TestCaseExecutor.java:337)
	at com.kms.katalon.core.main.TestCaseExecutor.doExecute(TestCaseExecutor.java:328)
	at com.kms.katalon.core.main.TestCaseExecutor.processExecutionPhase(TestCaseExecutor.java:307)
	at com.kms.katalon.core.main.TestCaseExecutor.accessMainPhase(TestCaseExecutor.java:299)
	at com.kms.katalon.core.main.TestCaseExecutor.execute(TestCaseExecutor.java:233)
	at com.kms.katalon.core.main.TestSuiteExecutor.accessTestCaseMainPhase(TestSuiteExecutor.java:169)
	at com.kms.katalon.core.main.TestSuiteExecutor.accessTestSuiteMainPhase(TestSuiteExecutor.java:142)
	at com.kms.katalon.core.main.TestSuiteExecutor.execute(TestSuiteExecutor.java:91)
	at com.kms.katalon.core.main.TestCaseMain.startTestSuite(TestCaseMain.java:157)
	at com.kms.katalon.core.main.TestCaseMain$startTestSuite$0.call(Unknown Source)
	at TempTestSuite1587475879590.run(TempTestSuite1587475879590.groovy:36)
Caused by: com.kms.katalon.core.exception.StepFailedException: Text 'Welcome DavidHo' is not present on page  (Root cause: com.kms.katalon.core.exception.StepFailedException: Text 'Welcome DavidHo' is not present on page 
	at com.kms.katalon.core.webui.keyword.internal.WebUIKeywordMain.stepFailed(WebUIKeywordMain.groovy:64)
	at com.kms.katalon.core.webui.keyword.builtin.VerifyTextPresentKeyword$_verifyTextPresent_closure1.doCall(VerifyTextPresentKeyword.groovy:79)
	at com.kms.katalon.core.webui.keyword.builtin.VerifyTextPresentKeyword$_verifyTextPresent_closure1.call(VerifyTextPresentKeyword.groovy)
	at com.kms.katalon.core.webui.keyword.internal.WebUIKeywordMain.runKeyword(WebUIKeywordMain.groovy:20)
	at com.kms.katalon.core.webui.keyword.builtin.VerifyTextPresentKeyword.verifyTextPresent(VerifyTextPresentKeyword.groovy:83)
	at com.kms.katalon.core.webui.keyword.builtin.VerifyTextPresentKeyword.execute(VerifyTextPresentKeyword.groovy:68)
	at com.kms.katalon.core.keyword.internal.KeywordExecutor.executeKeywordForPlatform(KeywordExecutor.groovy:72)
	at com.kms.katalon.core.webui.keyword.WebUiBuiltInKeywords.verifyTextPresent(WebUiBuiltInKeywords.groovy:1719)
	at com.kms.katalon.core.webui.keyword.WebUiBuiltInKeywords$verifyTextPresent$2.call(Unknown Source)
	at WebOffice_StartUp.run(WebOffice_StartUp:167)
	at com.kms.katalon.core.main.ScriptEngine.run(ScriptEngine.java:194)
	at com.kms.katalon.core.main.ScriptEngine.runScriptAsRawText(ScriptEngine.java:119)
	at com.kms.katalon.core.main.TestCaseExecutor.runScript(TestCaseExecutor.java:337)
	at com.kms.katalon.core.main.TestCaseExecutor.doExecute(TestCaseExecutor.java:328)
	at com.kms.katalon.core.main.TestCaseExecutor.processExecutionPhase(TestCaseExecutor.java:307)
	at com.kms.katalon.core.main.TestCaseExecutor.accessMainPhase(TestCaseExecutor.java:299)
	at com.kms.katalon.core.main.TestCaseExecutor.execute(TestCaseExecutor.java:233)
	at com.kms.katalon.core.main.TestCaseMain.runTestCase(TestCaseMain.java:114)
	at com.kms.katalon.core.keyword.builtin.CallTestCaseKeyword$_callTestCase_closure1.doCall(CallTestCaseKeyword.groovy:59)
	at com.kms.katalon.core.keyword.builtin.CallTestCaseKeyword$_callTestCase_closure1.call(CallTestCaseKeyword.groovy)
	at com.kms.katalon.core.keyword.internal.KeywordMain.runKeyword(KeywordMain.groovy:68)
	at com.kms.katalon.core.keyword.builtin.CallTestCaseKeyword.callTestCase(CallTestCaseKeyword.groovy:81)
	at com.kms.katalon.core.keyword.builtin.CallTestCaseKeyword.execute(CallTestCaseKeyword.groovy:44)
	at com.kms.katalon.core.keyword.internal.KeywordExecutor.executeKeywordForPlatform(KeywordExecutor.groovy:72)
	at com.kms.katalon.core.keyword.BuiltinKeywords.callTestCase(BuiltinKeywords.groovy:334)
	at WebOffice_Header_Search.run(WebOffice_Header_Search:55)
	at com.kms.katalon.core.main.ScriptEngine.run(ScriptEngine.java:194)
	at com.kms.katalon.core.main.ScriptEngine.runScriptAsRawText(ScriptEngine.java:119)
	at com.kms.katalon.core.main.TestCaseExecutor.runScript(TestCaseExecutor.java:337)
	at com.kms.katalon.core.main.TestCaseExecutor.doExecute(TestCaseExecutor.java:328)
	at com.kms.katalon.core.main.TestCaseExecutor.processExecutionPhase(TestCaseExecutor.java:307)
	at com.kms.katalon.core.main.TestCaseExecutor.accessMainPhase(TestCaseExecutor.java:299)
	at com.kms.katalon.core.main.TestCaseExecutor.execute(TestCaseExecutor.java:233)
	at com.kms.katalon.core.main.TestSuiteExecutor.accessTestCaseMainPhase(TestSuiteExecutor.java:169)
	at com.kms.katalon.core.main.TestSuiteExecutor.accessTestSuiteMainPhase(TestSuiteExecutor.java:142)
	at com.kms.katalon.core.main.TestSuiteExecutor.execute(TestSuiteExecutor.java:91)
	at com.kms.katalon.core.main.TestCaseMain.startTestSuite(TestCaseMain.java:157)
	at com.kms.katalon.core.main.TestCaseMain$startTestSuite$0.call(Unknown Source)
	at TempTestSuite1587475879590.run(TempTestSuite1587475879590.groovy:36)
)
	at com.kms.katalon.core.keyword.internal.KeywordMain.stepFailed(KeywordMain.groovy:39)
	at com.kms.katalon.core.webui.keyword.internal.WebUIKeywordMain.stepFailed(WebUIKeywordMain.groovy:64)
	at com.kms.katalon.core.webui.keyword.builtin.VerifyTextPresentKeyword$_verifyTextPresent_closure1.doCall(VerifyTextPresentKeyword.groovy:79)
	at com.kms.katalon.core.webui.keyword.builtin.VerifyTextPresentKeyword$_verifyTextPresent_closure1.call(VerifyTextPresentKeyword.groovy)
	at com.kms.katalon.core.webui.keyword.internal.WebUIKeywordMain.runKeyword(WebUIKeywordMain.groovy:20)
	at com.kms.katalon.core.webui.keyword.builtin.VerifyTextPresentKeyword.verifyTextPresent(VerifyTextPresentKeyword.groovy:83)
	at com.kms.katalon.core.webui.keyword.builtin.VerifyTextPresentKeyword.execute(VerifyTextPresentKeyword.groovy:68)
	at com.kms.katalon.core.keyword.internal.KeywordExecutor.executeKeywordForPlatform(KeywordExecutor.groovy:72)
	at com.kms.katalon.core.webui.keyword.WebUiBuiltInKeywords.verifyTextPresent(WebUiBuiltInKeywords.groovy:1719)
	at com.kms.katalon.core.webui.keyword.WebUiBuiltInKeywords$verifyTextPresent$2.call(Unknown Source)
	at WebOffice_StartUp.run(WebOffice_StartUp:167)
	at com.kms.katalon.core.main.ScriptEngine.run(ScriptEngine.java:194)
	at com.kms.katalon.core.main.ScriptEngine.runScriptAsRawText(ScriptEngine.java:119)
	at com.kms.katalon.core.main.TestCaseExecutor.runScript(TestCaseExecutor.java:337)
	at com.kms.katalon.core.main.TestCaseExecutor.doExecute(TestCaseExecutor.java:328)
	at com.kms.katalon.core.main.TestCaseExecutor.processExecutionPhase(TestCaseExecutor.java:307)
	at com.kms.katalon.core.main.TestCaseExecutor.accessMainPhase(TestCaseExecutor.java:299)
	at com.kms.katalon.core.main.TestCaseExecutor.execute(TestCaseExecutor.java:233)
	at com.kms.katalon.core.main.TestCaseMain.runTestCase(TestCaseMain.java:114)
	at com.kms.katalon.core.keyword.builtin.CallTestCaseKeyword$_callTestCase_closure1.doCall(CallTestCaseKeyword.groovy:59)
	... 20 more
Caused by: com.kms.katalon.core.exception.StepFailedException: Text 'Welcome DavidHo' is not present on page 
	... 39 more


2020-04-21 14:53:45 - [TEST_STEP][FAILED] - for ([row = 1, row <= findTestData("Mobile_Test_Data").getRowNumbers(), (internal.GlobalVariable.row++)]): Unable to call Test Case 'Test Cases/Reusable_Test_Sequences/Web_Office/Directives/WebOffice_StartUp' (Root cause: com.kms.katalon.core.exception.StepFailedException: Call Test Case 'Test Cases/Reusable_Test_Sequences/Web_Office/Directives/WebOffice_StartUp' failed
	at com.kms.katalon.core.keyword.builtin.CallTestCaseKeyword$_callTestCase_closure1.doCall(CallTestCaseKeyword.groovy:63)
	at com.kms.katalon.core.keyword.builtin.CallTestCaseKeyword$_callTestCase_closure1.call(CallTestCaseKeyword.groovy)
	at com.kms.katalon.core.keyword.internal.KeywordMain.runKeyword(KeywordMain.groovy:68)
	at com.kms.katalon.core.keyword.builtin.CallTestCaseKeyword.callTestCase(CallTestCaseKeyword.groovy:81)
	at com.kms.katalon.core.keyword.builtin.CallTestCaseKeyword.execute(CallTestCaseKeyword.groovy:44)
	at com.kms.katalon.core.keyword.internal.KeywordExecutor.executeKeywordForPlatform(KeywordExecutor.groovy:72)
	at com.kms.katalon.core.keyword.BuiltinKeywords.callTestCase(BuiltinKeywords.groovy:334)
	at WebOffice_Header_Search.run(WebOffice_Header_Search:55)
	at com.kms.katalon.core.main.ScriptEngine.run(ScriptEngine.java:194)
	at com.kms.katalon.core.main.ScriptEngine.runScriptAsRawText(ScriptEngine.java:119)
	at com.kms.katalon.core.main.TestCaseExecutor.runScript(TestCaseExecutor.java:337)
	at com.kms.katalon.core.main.TestCaseExecutor.doExecute(TestCaseExecutor.java:328)
	at com.kms.katalon.core.main.TestCaseExecutor.processExecutionPhase(TestCaseExecutor.java:307)
	at com.kms.katalon.core.main.TestCaseExecutor.accessMainPhase(TestCaseExecutor.java:299)
	at com.kms.katalon.core.main.TestCaseExecutor.execute(TestCaseExecutor.java:233)
	at com.kms.katalon.core.main.TestSuiteExecutor.accessTestCaseMainPhase(TestSuiteExecutor.java:169)
	at com.kms.katalon.core.main.TestSuiteExecutor.accessTestSuiteMainPhase(TestSuiteExecutor.java:142)
	at com.kms.katalon.core.main.TestSuiteExecutor.execute(TestSuiteExecutor.java:91)
	at com.kms.katalon.core.main.TestCaseMain.startTestSuite(TestCaseMain.java:157)
	at com.kms.katalon.core.main.TestCaseMain$startTestSuite$0.call(Unknown Source)
	at TempTestSuite1587475879590.run(TempTestSuite1587475879590.groovy:36)
Caused by: com.kms.katalon.core.exception.StepFailedException: Text 'Welcome DavidHo' is not present on page  (Root cause: com.kms.katalon.core.exception.StepFailedException: Text 'Welcome DavidHo' is not present on page 
	at com.kms.katalon.core.webui.keyword.internal.WebUIKeywordMain.stepFailed(WebUIKeywordMain.groovy:64)
	at com.kms.katalon.core.webui.keyword.builtin.VerifyTextPresentKeyword$_verifyTextPresent_closure1.doCall(VerifyTextPresentKeyword.groovy:79)
	at com.kms.katalon.core.webui.keyword.builtin.VerifyTextPresentKeyword$_verifyTextPresent_closure1.call(VerifyTextPresentKeyword.groovy)
	at com.kms.katalon.core.webui.keyword.internal.WebUIKeywordMain.runKeyword(WebUIKeywordMain.groovy:20)
	at com.kms.katalon.core.webui.keyword.builtin.VerifyTextPresentKeyword.verifyTextPresent(VerifyTextPresentKeyword.groovy:83)
	at com.kms.katalon.core.webui.keyword.builtin.VerifyTextPresentKeyword.execute(VerifyTextPresentKeyword.groovy:68)
	at com.kms.katalon.core.keyword.internal.KeywordExecutor.executeKeywordForPlatform(KeywordExecutor.groovy:72)
	at com.kms.katalon.core.webui.keyword.WebUiBuiltInKeywords.verifyTextPresent(WebUiBuiltInKeywords.groovy:1719)
	at com.kms.katalon.core.webui.keyword.WebUiBuiltInKeywords$verifyTextPresent$2.call(Unknown Source)
	at WebOffice_StartUp.run(WebOffice_StartUp:167)
	at com.kms.katalon.core.main.ScriptEngine.run(ScriptEngine.java:194)
	at com.kms.katalon.core.main.ScriptEngine.runScriptAsRawText(ScriptEngine.java:119)
	at com.kms.katalon.core.main.TestCaseExecutor.runScript(TestCaseExecutor.java:337)
	at com.kms.katalon.core.main.TestCaseExecutor.doExecute(TestCaseExecutor.java:328)
	at com.kms.katalon.core.main.TestCaseExecutor.processExecutionPhase(TestCaseExecutor.java:307)
	at com.kms.katalon.core.main.TestCaseExecutor.accessMainPhase(TestCaseExecutor.java:299)
	at com.kms.katalon.core.main.TestCaseExecutor.execute(TestCaseExecutor.java:233)
	at com.kms.katalon.core.main.TestCaseMain.runTestCase(TestCaseMain.java:114)
	at com.kms.katalon.core.keyword.builtin.CallTestCaseKeyword$_callTestCase_closure1.doCall(CallTestCaseKeyword.groovy:59)
	at com.kms.katalon.core.keyword.builtin.CallTestCaseKeyword$_callTestCase_closure1.call(CallTestCaseKeyword.groovy)
	at com.kms.katalon.core.keyword.internal.KeywordMain.runKeyword(KeywordMain.groovy:68)
	at com.kms.katalon.core.keyword.builtin.CallTestCaseKeyword.callTestCase(CallTestCaseKeyword.groovy:81)
	at com.kms.katalon.core.keyword.builtin.CallTestCaseKeyword.execute(CallTestCaseKeyword.groovy:44)
	at com.kms.katalon.core.keyword.internal.KeywordExecutor.executeKeywordForPlatform(KeywordExecutor.groovy:72)
	at com.kms.katalon.core.keyword.BuiltinKeywords.callTestCase(BuiltinKeywords.groovy:334)
	at WebOffice_Header_Search.run(WebOffice_Header_Search:55)
	at com.kms.katalon.core.main.ScriptEngine.run(ScriptEngine.java:194)
	at com.kms.katalon.core.main.ScriptEngine.runScriptAsRawText(ScriptEngine.java:119)
	at com.kms.katalon.core.main.TestCaseExecutor.runScript(TestCaseExecutor.java:337)
	at com.kms.katalon.core.main.TestCaseExecutor.doExecute(TestCaseExecutor.java:328)
	at com.kms.katalon.core.main.TestCaseExecutor.processExecutionPhase(TestCaseExecutor.java:307)
	at com.kms.katalon.core.main.TestCaseExecutor.accessMainPhase(TestCaseExecutor.java:299)
	at com.kms.katalon.core.main.TestCaseExecutor.execute(TestCaseExecutor.java:233)
	at com.kms.katalon.core.main.TestSuiteExecutor.accessTestCaseMainPhase(TestSuiteExecutor.java:169)
	at com.kms.katalon.core.main.TestSuiteExecutor.accessTestSuiteMainPhase(TestSuiteExecutor.java:142)
	at com.kms.katalon.core.main.TestSuiteExecutor.execute(TestSuiteExecutor.java:91)
	at com.kms.katalon.core.main.TestCaseMain.startTestSuite(TestCaseMain.java:157)
	at com.kms.katalon.core.main.TestCaseMain$startTestSuite$0.call(Unknown Source)
	at TempTestSuite1587475879590.run(TempTestSuite1587475879590.groovy:36)
)
	at com.kms.katalon.core.keyword.internal.KeywordMain.stepFailed(KeywordMain.groovy:39)
	at com.kms.katalon.core.webui.keyword.internal.WebUIKeywordMain.stepFailed(WebUIKeywordMain.groovy:64)
	at com.kms.katalon.core.webui.keyword.builtin.VerifyTextPresentKeyword$_verifyTextPresent_closure1.doCall(VerifyTextPresentKeyword.groovy:79)
	at com.kms.katalon.core.webui.keyword.builtin.VerifyTextPresentKeyword$_verifyTextPresent_closure1.call(VerifyTextPresentKeyword.groovy)
	at com.kms.katalon.core.webui.keyword.internal.WebUIKeywordMain.runKeyword(WebUIKeywordMain.groovy:20)
	at com.kms.katalon.core.webui.keyword.builtin.VerifyTextPresentKeyword.verifyTextPresent(VerifyTextPresentKeyword.groovy:83)
	at com.kms.katalon.core.webui.keyword.builtin.VerifyTextPresentKeyword.execute(VerifyTextPresentKeyword.groovy:68)
	at com.kms.katalon.core.keyword.internal.KeywordExecutor.executeKeywordForPlatform(KeywordExecutor.groovy:72)
	at com.kms.katalon.core.webui.keyword.WebUiBuiltInKeywords.verifyTextPresent(WebUiBuiltInKeywords.groovy:1719)
	at com.kms.katalon.core.webui.keyword.WebUiBuiltInKeywords$verifyTextPresent$2.call(Unknown Source)
	at WebOffice_StartUp.run(WebOffice_StartUp:167)
	at com.kms.katalon.core.main.ScriptEngine.run(ScriptEngine.java:194)
	at com.kms.katalon.core.main.ScriptEngine.runScriptAsRawText(ScriptEngine.java:119)
	at com.kms.katalon.core.main.TestCaseExecutor.runScript(TestCaseExecutor.java:337)
	at com.kms.katalon.core.main.TestCaseExecutor.doExecute(TestCaseExecutor.java:328)
	at com.kms.katalon.core.main.TestCaseExecutor.processExecutionPhase(TestCaseExecutor.java:307)
	at com.kms.katalon.core.main.TestCaseExecutor.accessMainPhase(TestCaseExecutor.java:299)
	at com.kms.katalon.core.main.TestCaseExecutor.execute(TestCaseExecutor.java:233)
	at com.kms.katalon.core.main.TestCaseMain.runTestCase(TestCaseMain.java:114)
	at com.kms.katalon.core.keyword.builtin.CallTestCaseKeyword$_callTestCase_closure1.doCall(CallTestCaseKeyword.groovy:59)
	... 20 more
Caused by: com.kms.katalon.core.exception.StepFailedException: Text 'Welcome DavidHo' is not present on page 
	... 39 more
)

2020-04-21 14:53:45 - [TEST_STEP][PASSED] - "--------------------------------------": null

2020-04-21 14:53:45 - [TEST_STEP][PASSED] - " Web Office StartUp                  |": null

2020-04-21 14:53:45 - [TEST_STEP][PASSED] - callTestCase(findTestCase("Reusable_Test_Sequences/Web_Office/Directives/WebOffice_StartUp"), [:], STOP_ON_FAILURE): Call Test Case 'Test Cases/Reusable_Test_Sequences/Web_Office/Directives/WebOffice_StartUp' successfully

2020-04-21 14:53:45 - [TEST_CASE][PASSED] - Test Cases/Reusable_Test_Sequences/Web_Office/Directives/WebOffice_StartUp: Test Cases/Reusable_Test_Sequences/Web_Office/Directives/WebOffice_StartUp

2020-04-21 14:53:45 - [TEST_STEP][PASSED] - "-----------------------------------------------------------------------------": null

2020-04-21 14:53:45 - [TEST_STEP][PASSED] - if (URL == "https://www.dev.checkatrade.com/"): null

2020-04-21 14:53:45 - [TEST_STEP][PASSED] - "-----------------------------------------------------------------------------": null

2020-04-21 14:53:45 - [TEST_STEP][PASSED] - if (URL == "https://www.checkatrade.com/"): null

2020-04-21 14:53:45 - [TEST_STEP][PASSED] - "-----------------------------------------------------------------------------": null

2020-04-21 14:53:45 - [TEST_STEP][PASSED] - if (URL == "https://www.preview.checkatrade.com/"): null

2020-04-21 14:53:45 - [TEST_STEP][PASSED] - WebOfficeURL = "https://admin.preview.checkatrade.com/": null

2020-04-21 14:53:45 - [TEST_STEP][PASSED] - if (URL == "https://www.dev2.checkatrade.com/"): null

2020-04-21 14:53:45 - [TEST_STEP][PASSED] - "Set Function Area for "URL_Handler", URL Resolution": null

2020-04-21 14:53:45 - [TEST_STEP][PASSED] - "Do Some Magic with URL(s) See the comments within URL Handler ": null

2020-04-21 14:53:45 - [TEST_STEP][PASSED] - "------------------------------------------------": null

2020-04-21 14:53:45 - [TEST_STEP][PASSED] - "Moved Login Credentials to <Default> profile 22/01/2020": null

2020-04-21 14:53:45 - [TEST_STEP][PASSED] - "------------------------------------------------": null

2020-04-21 14:53:45 - [TEST_STEP][PASSED] - "WebOfficeURL - Set from the ENVIRONMENT PROFILE ": null

2020-04-21 14:53:45 - [TEST_STEP][PASSED] - "OPEN BROWSER": null

2020-04-21 14:53:45 - [TEST_STEP][PASSED] - "eg - https://admin.preview.checkatrade.com/  ": null

2020-04-21 14:53:45 - [TEST_STEP][PASSED] - openBrowser(WebOfficeURL): Browser is opened with url: 'https://admin.preview.checkatrade.com/'

2020-04-21 14:53:45 - [MESSAGE][WARNING] - A browser is already opened. Closing browser and opening a new one

2020-04-21 14:53:47 - [MESSAGE][INFO] - Starting 'Chrome' driver

2020-04-21 14:53:47 - [MESSAGE][INFO] - Action delay is set to 0 milliseconds

2020-04-21 14:53:52 - [MESSAGE][PASSED] - Browser is opened with url: 'https://admin.preview.checkatrade.com/'

2020-04-21 14:53:52 - [TEST_STEP][PASSED] - maximizeWindow(): Current window maximized

2020-04-21 14:53:55 - [MESSAGE][PASSED] - Current window maximized

2020-04-21 14:53:55 - [TEST_STEP][PASSED] - waitForElementClickable(findTestObject("Object Repository/WebOffice/Page_Checkatrade - Administration - Login/Login_Button"), 25): Object 'Object Repository/WebOffice/Page_Checkatrade - Administration - Login/Login_Button' is clickable

2020-04-21 14:53:55 - [MESSAGE][PASSED] - Object 'Object Repository/WebOffice/Page_Checkatrade - Administration - Login/Login_Button' is clickable

2020-04-21 14:53:55 - [TEST_STEP][PASSED] - verifyTextPresent("Checkatrade Web Office", false): Text 'Checkatrade Web Office' is present on page 

2020-04-21 14:53:55 - [MESSAGE][PASSED] - Text 'Checkatrade Web Office' is present on page 

2020-04-21 14:53:55 - [TEST_STEP][PASSED] - verifyTextPresent("Access for staff use only", false): Text 'Access for staff use only' is present on page 

2020-04-21 14:53:55 - [MESSAGE][PASSED] - Text 'Access for staff use only' is present on page 

2020-04-21 14:53:55 - [TEST_STEP][PASSED] - verifyTextPresent("Forgotten password?", false): Text 'Forgotten password?' is present on page 

2020-04-21 14:53:55 - [MESSAGE][PASSED] - Text 'Forgotten password?' is present on page 

2020-04-21 14:53:55 - [TEST_STEP][PASSED] - setText(findTestObject("Object Repository/WebOffice/Page_Checkatrade - Administration - Login/input_Username_LoginControlUserName"), wo_Username): Text 'DavidHo' is set on object 'Object Repository/WebOffice/Page_Checkatrade - Administration - Login/input_Username_LoginControlUserName'

2020-04-21 14:53:56 - [MESSAGE][PASSED] - Text 'DavidHo' is set on object 'Object Repository/WebOffice/Page_Checkatrade - Administration - Login/input_Username_LoginControlUserName'

2020-04-21 14:53:56 - [TEST_STEP][PASSED] - setText(findTestObject("Object Repository/WebOffice/Page_Checkatrade - Administration - Login/input_Password_LoginControlPassword"), wo_Password): Text 'Check123' is set on object 'Object Repository/WebOffice/Page_Checkatrade - Administration - Login/input_Password_LoginControlPassword'

2020-04-21 14:53:56 - [MESSAGE][PASSED] - Text 'Check123' is set on object 'Object Repository/WebOffice/Page_Checkatrade - Administration - Login/input_Password_LoginControlPassword'

2020-04-21 14:53:56 - [TEST_STEP][PASSED] - click(findTestObject("Object Repository/WebOffice/Page_Checkatrade - Administration - Login/Login_Button")): Object: 'Object Repository/WebOffice/Page_Checkatrade - Administration - Login/Login_Button' is clicked on

2020-04-21 14:53:57 - [MESSAGE][PASSED] - Object: 'Object Repository/WebOffice/Page_Checkatrade - Administration - Login/Login_Button' is clicked on

2020-04-21 14:53:57 - [TEST_STEP][PASSED] - waitForPageLoad(60): Wait for page load successfully

2020-04-21 14:53:57 - [MESSAGE][PASSED] - Wait for page load successfully

2020-04-21 14:53:57 - [TEST_STEP][PASSED] - verifyTextPresent("Welcome " + wo_Username, false): Text 'Welcome DavidHo' is present on page 

2020-04-21 14:53:58 - [MESSAGE][PASSED] - Text 'Welcome DavidHo' is present on page 

2020-04-21 14:53:58 - [MESSAGE][PASSED] - Call Test Case 'Test Cases/Reusable_Test_Sequences/Web_Office/Directives/WebOffice_StartUp' successfully

2020-04-21 14:53:58 - [TEST_STEP][PASSED] - "--------------------------------------": null

2020-04-21 14:53:58 - [TEST_STEP][PASSED] - " Home Page - Search                   |": null

2020-04-21 14:53:58 - [TEST_STEP][PASSED] - callTestCase(findTestCase("Reusable_Test_Sequences/Web_Office/Home_Page_Search"), [:], STOP_ON_FAILURE): Call Test Case 'Test Cases/Reusable_Test_Sequences/Web_Office/Home_Page_Search' successfully

2020-04-21 14:53:58 - [TEST_CASE][PASSED] - Test Cases/Reusable_Test_Sequences/Web_Office/Home_Page_Search: Test Cases/Reusable_Test_Sequences/Web_Office/Home_Page_Search

2020-04-21 14:53:58 - [TEST_STEP][PASSED] - setText(findTestObject("Object Repository/WebOffice_Home_page/input_Search_Criteria"), findTestData("searchTestData").getValue("Search_Selector", row)): Text '07818 446596' is set on object 'Object Repository/WebOffice_Home_page/input_Search_Criteria'

2020-04-21 14:53:59 - [MESSAGE][PASSED] - Text '07818 446596' is set on object 'Object Repository/WebOffice_Home_page/input_Search_Criteria'

2020-04-21 14:53:59 - [TEST_STEP][PASSED] - delay(1): Delayed 1 second(s)

2020-04-21 14:54:00 - [MESSAGE][PASSED] - Delayed 1 second(s)

2020-04-21 14:54:00 - [TEST_STEP][PASSED] - click(findTestObject("Object Repository/WebOffice_Home_page/popout_Search_Item")): Object: 'Object Repository/WebOffice_Home_page/popout_Search_Item' is clicked on

2020-04-21 14:54:04 - [MESSAGE][PASSED] - Object: 'Object Repository/WebOffice_Home_page/popout_Search_Item' is clicked on

2020-04-21 14:54:04 - [TEST_STEP][PASSED] - waitForPageLoad(60): Wait for page load successfully

2020-04-21 14:54:04 - [MESSAGE][PASSED] - Wait for page load successfully

2020-04-21 14:54:04 - [MESSAGE][PASSED] - Call Test Case 'Test Cases/Reusable_Test_Sequences/Web_Office/Home_Page_Search' successfully

2020-04-21 14:54:04 - [TEST_STEP][PASSED] - "--------------------------------------": null

2020-04-21 14:54:04 - [TEST_STEP][PASSED] - " Web Office - Verify Returned Record  |": null

2020-04-21 14:54:04 - [TEST_STEP][PASSED] - callTestCase(findTestCase("Reusable_Test_Sequences/Web_Office/Verification/Trader_Record"), [:], OPTIONAL): Call Test Case 'Test Cases/Reusable_Test_Sequences/Web_Office/Verification/Trader_Record' successfully

2020-04-21 14:54:04 - [TEST_CASE][PASSED] - Test Cases/Reusable_Test_Sequences/Web_Office/Verification/Trader_Record: Test Cases/Reusable_Test_Sequences/Web_Office/Verification/Trader_Record

2020-04-21 14:54:05 - [TEST_STEP][PASSED] - verifyTextPresent(findTestData("searchTestData").getValue("tradeName", row), false, CONTINUE_ON_FAILURE): Text 'Foster Tree Care' is present on page 

2020-04-21 14:54:05 - [MESSAGE][PASSED] - Text 'Foster Tree Care' is present on page 

2020-04-21 14:54:05 - [TEST_STEP][PASSED] - verifyTextPresent(findTestData("searchTestData").getValue("primeContact", row), false, CONTINUE_ON_FAILURE): Text 'Jim Foster' is present on page 

2020-04-21 14:54:06 - [MESSAGE][PASSED] - Text 'Jim Foster' is present on page 

2020-04-21 14:54:06 - [TEST_STEP][PASSED] - verifyTextPresent(findTestData("searchTestData").getValue("address", row), false, CONTINUE_ON_FAILURE): Text '70 Worthing Avenue, Gosport, Hampshire, PO12 4DH' is present on page 

2020-04-21 14:54:07 - [MESSAGE][PASSED] - Text '70 Worthing Avenue, Gosport, Hampshire, PO12 4DH' is present on page 

2020-04-21 14:54:07 - [TEST_STEP][PASSED] - verifyTextPresent(findTestData("searchTestData").getValue("mobile", row), false, CONTINUE_ON_FAILURE): Text '07818 446596' is present on page 

2020-04-21 14:54:08 - [MESSAGE][PASSED] - Text '07818 446596' is present on page 

2020-04-21 14:54:08 - [TEST_STEP][PASSED] - verifyTextPresent(findTestData("searchTestData").getValue("contact", row), false, CONTINUE_ON_FAILURE): Text '023 9258 3018' is present on page 

2020-04-21 14:54:09 - [MESSAGE][PASSED] - Text '023 9258 3018' is present on page 

2020-04-21 14:54:09 - [TEST_STEP][PASSED] - verifyTextPresent(findTestData("searchTestData").getValue("email", row), false, CONTINUE_ON_FAILURE): Text 'fostertreecare@tiscali.co.uk' is present on page 

2020-04-21 14:54:09 - [MESSAGE][PASSED] - Text 'fostertreecare@tiscali.co.uk' is present on page 

2020-04-21 14:54:09 - [TEST_STEP][PASSED] - verifyTextPresent(findTestData("searchTestData").getValue("dob", row), false, CONTINUE_ON_FAILURE): Text 'DoB: 31/01/1976' is present on page 

2020-04-21 14:54:10 - [MESSAGE][PASSED] - Text 'DoB: 31/01/1976' is present on page 

2020-04-21 14:54:10 - [TEST_STEP][PASSED] - verifyTextPresent(findTestData("searchTestData").getValue("catID", row), false, CONTINUE_ON_FAILURE): Text 'FOS002' is present on page 

2020-04-21 14:54:11 - [MESSAGE][PASSED] - Text 'FOS002' is present on page 

2020-04-21 14:54:11 - [MESSAGE][PASSED] - Call Test Case 'Test Cases/Reusable_Test_Sequences/Web_Office/Verification/Trader_Record' successfully

2020-04-21 14:54:11 - [TEST_STEP][PASSED] - "--------------------------": null

2020-04-21 14:54:11 - [TEST_STEP][PASSED] - " Teardown - CLose Browser |": null

2020-04-21 14:54:11 - [TEST_STEP][PASSED] - callTestCase(findTestCase("Reusable_Test_Sequences/CAT_Teardown"), [:], OPTIONAL): Call Test Case 'Test Cases/Reusable_Test_Sequences/CAT_Teardown' successfully

2020-04-21 14:54:11 - [TEST_CASE][PASSED] - Test Cases/Reusable_Test_Sequences/CAT_Teardown: Test Cases/Reusable_Test_Sequences/CAT_Teardown

2020-04-21 14:54:11 - [TEST_STEP][PASSED] - closeBrowser(): Browser is closed

2020-04-21 14:54:13 - [MESSAGE][PASSED] - Browser is closed

2020-04-21 14:54:13 - [TEST_STEP][PASSED] - super.finalize(): null

2020-04-21 14:54:13 - [TEST_STEP][PASSED] - System.gc(): null

2020-04-21 14:54:13 - [MESSAGE][PASSED] - Call Test Case 'Test Cases/Reusable_Test_Sequences/CAT_Teardown' successfully

2020-04-21 14:54:13 - [TEST_STEP][PASSED] - "--------------------------------------": null

2020-04-21 14:54:13 - [TEST_STEP][PASSED] - " Web Office StartUp                  |": null

2020-04-21 14:54:13 - [TEST_STEP][FAILED] - callTestCase(findTestCase("Reusable_Test_Sequences/Web_Office/Directives/WebOffice_StartUp"), [:], STOP_ON_FAILURE): Unable to call Test Case 'Test Cases/Reusable_Test_Sequences/Web_Office/Directives/WebOffice_StartUp' (Root cause: com.kms.katalon.core.exception.StepFailedException: Call Test Case 'Test Cases/Reusable_Test_Sequences/Web_Office/Directives/WebOffice_StartUp' failed
	at com.kms.katalon.core.keyword.builtin.CallTestCaseKeyword$_callTestCase_closure1.doCall(CallTestCaseKeyword.groovy:63)
	at com.kms.katalon.core.keyword.builtin.CallTestCaseKeyword$_callTestCase_closure1.call(CallTestCaseKeyword.groovy)
	at com.kms.katalon.core.keyword.internal.KeywordMain.runKeyword(KeywordMain.groovy:68)
	at com.kms.katalon.core.keyword.builtin.CallTestCaseKeyword.callTestCase(CallTestCaseKeyword.groovy:81)
	at com.kms.katalon.core.keyword.builtin.CallTestCaseKeyword.execute(CallTestCaseKeyword.groovy:44)
	at com.kms.katalon.core.keyword.internal.KeywordExecutor.executeKeywordForPlatform(KeywordExecutor.groovy:72)
	at com.kms.katalon.core.keyword.BuiltinKeywords.callTestCase(BuiltinKeywords.groovy:334)
	at WebOffice_Header_Search.run(WebOffice_Header_Search:55)
	at com.kms.katalon.core.main.ScriptEngine.run(ScriptEngine.java:194)
	at com.kms.katalon.core.main.ScriptEngine.runScriptAsRawText(ScriptEngine.java:119)
	at com.kms.katalon.core.main.TestCaseExecutor.runScript(TestCaseExecutor.java:337)
	at com.kms.katalon.core.main.TestCaseExecutor.doExecute(TestCaseExecutor.java:328)
	at com.kms.katalon.core.main.TestCaseExecutor.processExecutionPhase(TestCaseExecutor.java:307)
	at com.kms.katalon.core.main.TestCaseExecutor.accessMainPhase(TestCaseExecutor.java:299)
	at com.kms.katalon.core.main.TestCaseExecutor.execute(TestCaseExecutor.java:233)
	at com.kms.katalon.core.main.TestSuiteExecutor.accessTestCaseMainPhase(TestSuiteExecutor.java:169)
	at com.kms.katalon.core.main.TestSuiteExecutor.accessTestSuiteMainPhase(TestSuiteExecutor.java:142)
	at com.kms.katalon.core.main.TestSuiteExecutor.execute(TestSuiteExecutor.java:91)
	at com.kms.katalon.core.main.TestCaseMain.startTestSuite(TestCaseMain.java:157)
	at com.kms.katalon.core.main.TestCaseMain$startTestSuite$0.call(Unknown Source)
	at TempTestSuite1587475879590.run(TempTestSuite1587475879590.groovy:36)
Caused by: com.kms.katalon.core.exception.StepFailedException: Text 'Welcome DavidHo' is not present on page  (Root cause: com.kms.katalon.core.exception.StepFailedException: Text 'Welcome DavidHo' is not present on page 
	at com.kms.katalon.core.webui.keyword.internal.WebUIKeywordMain.stepFailed(WebUIKeywordMain.groovy:64)
	at com.kms.katalon.core.webui.keyword.builtin.VerifyTextPresentKeyword$_verifyTextPresent_closure1.doCall(VerifyTextPresentKeyword.groovy:79)
	at com.kms.katalon.core.webui.keyword.builtin.VerifyTextPresentKeyword$_verifyTextPresent_closure1.call(VerifyTextPresentKeyword.groovy)
	at com.kms.katalon.core.webui.keyword.internal.WebUIKeywordMain.runKeyword(WebUIKeywordMain.groovy:20)
	at com.kms.katalon.core.webui.keyword.builtin.VerifyTextPresentKeyword.verifyTextPresent(VerifyTextPresentKeyword.groovy:83)
	at com.kms.katalon.core.webui.keyword.builtin.VerifyTextPresentKeyword.execute(VerifyTextPresentKeyword.groovy:68)
	at com.kms.katalon.core.keyword.internal.KeywordExecutor.executeKeywordForPlatform(KeywordExecutor.groovy:72)
	at com.kms.katalon.core.webui.keyword.WebUiBuiltInKeywords.verifyTextPresent(WebUiBuiltInKeywords.groovy:1719)
	at com.kms.katalon.core.webui.keyword.WebUiBuiltInKeywords$verifyTextPresent$2.call(Unknown Source)
	at WebOffice_StartUp.run(WebOffice_StartUp:167)
	at com.kms.katalon.core.main.ScriptEngine.run(ScriptEngine.java:194)
	at com.kms.katalon.core.main.ScriptEngine.runScriptAsRawText(ScriptEngine.java:119)
	at com.kms.katalon.core.main.TestCaseExecutor.runScript(TestCaseExecutor.java:337)
	at com.kms.katalon.core.main.TestCaseExecutor.doExecute(TestCaseExecutor.java:328)
	at com.kms.katalon.core.main.TestCaseExecutor.processExecutionPhase(TestCaseExecutor.java:307)
	at com.kms.katalon.core.main.TestCaseExecutor.accessMainPhase(TestCaseExecutor.java:299)
	at com.kms.katalon.core.main.TestCaseExecutor.execute(TestCaseExecutor.java:233)
	at com.kms.katalon.core.main.TestCaseMain.runTestCase(TestCaseMain.java:114)
	at com.kms.katalon.core.keyword.builtin.CallTestCaseKeyword$_callTestCase_closure1.doCall(CallTestCaseKeyword.groovy:59)
	at com.kms.katalon.core.keyword.builtin.CallTestCaseKeyword$_callTestCase_closure1.call(CallTestCaseKeyword.groovy)
	at com.kms.katalon.core.keyword.internal.KeywordMain.runKeyword(KeywordMain.groovy:68)
	at com.kms.katalon.core.keyword.builtin.CallTestCaseKeyword.callTestCase(CallTestCaseKeyword.groovy:81)
	at com.kms.katalon.core.keyword.builtin.CallTestCaseKeyword.execute(CallTestCaseKeyword.groovy:44)
	at com.kms.katalon.core.keyword.internal.KeywordExecutor.executeKeywordForPlatform(KeywordExecutor.groovy:72)
	at com.kms.katalon.core.keyword.BuiltinKeywords.callTestCase(BuiltinKeywords.groovy:334)
	at WebOffice_Header_Search.run(WebOffice_Header_Search:55)
	at com.kms.katalon.core.main.ScriptEngine.run(ScriptEngine.java:194)
	at com.kms.katalon.core.main.ScriptEngine.runScriptAsRawText(ScriptEngine.java:119)
	at com.kms.katalon.core.main.TestCaseExecutor.runScript(TestCaseExecutor.java:337)
	at com.kms.katalon.core.main.TestCaseExecutor.doExecute(TestCaseExecutor.java:328)
	at com.kms.katalon.core.main.TestCaseExecutor.processExecutionPhase(TestCaseExecutor.java:307)
	at com.kms.katalon.core.main.TestCaseExecutor.accessMainPhase(TestCaseExecutor.java:299)
	at com.kms.katalon.core.main.TestCaseExecutor.execute(TestCaseExecutor.java:233)
	at com.kms.katalon.core.main.TestSuiteExecutor.accessTestCaseMainPhase(TestSuiteExecutor.java:169)
	at com.kms.katalon.core.main.TestSuiteExecutor.accessTestSuiteMainPhase(TestSuiteExecutor.java:142)
	at com.kms.katalon.core.main.TestSuiteExecutor.execute(TestSuiteExecutor.java:91)
	at com.kms.katalon.core.main.TestCaseMain.startTestSuite(TestCaseMain.java:157)
	at com.kms.katalon.core.main.TestCaseMain$startTestSuite$0.call(Unknown Source)
	at TempTestSuite1587475879590.run(TempTestSuite1587475879590.groovy:36)
)
	at com.kms.katalon.core.keyword.internal.KeywordMain.stepFailed(KeywordMain.groovy:39)
	at com.kms.katalon.core.webui.keyword.internal.WebUIKeywordMain.stepFailed(WebUIKeywordMain.groovy:64)
	at com.kms.katalon.core.webui.keyword.builtin.VerifyTextPresentKeyword$_verifyTextPresent_closure1.doCall(VerifyTextPresentKeyword.groovy:79)
	at com.kms.katalon.core.webui.keyword.builtin.VerifyTextPresentKeyword$_verifyTextPresent_closure1.call(VerifyTextPresentKeyword.groovy)
	at com.kms.katalon.core.webui.keyword.internal.WebUIKeywordMain.runKeyword(WebUIKeywordMain.groovy:20)
	at com.kms.katalon.core.webui.keyword.builtin.VerifyTextPresentKeyword.verifyTextPresent(VerifyTextPresentKeyword.groovy:83)
	at com.kms.katalon.core.webui.keyword.builtin.VerifyTextPresentKeyword.execute(VerifyTextPresentKeyword.groovy:68)
	at com.kms.katalon.core.keyword.internal.KeywordExecutor.executeKeywordForPlatform(KeywordExecutor.groovy:72)
	at com.kms.katalon.core.webui.keyword.WebUiBuiltInKeywords.verifyTextPresent(WebUiBuiltInKeywords.groovy:1719)
	at com.kms.katalon.core.webui.keyword.WebUiBuiltInKeywords$verifyTextPresent$2.call(Unknown Source)
	at WebOffice_StartUp.run(WebOffice_StartUp:167)
	at com.kms.katalon.core.main.ScriptEngine.run(ScriptEngine.java:194)
	at com.kms.katalon.core.main.ScriptEngine.runScriptAsRawText(ScriptEngine.java:119)
	at com.kms.katalon.core.main.TestCaseExecutor.runScript(TestCaseExecutor.java:337)
	at com.kms.katalon.core.main.TestCaseExecutor.doExecute(TestCaseExecutor.java:328)
	at com.kms.katalon.core.main.TestCaseExecutor.processExecutionPhase(TestCaseExecutor.java:307)
	at com.kms.katalon.core.main.TestCaseExecutor.accessMainPhase(TestCaseExecutor.java:299)
	at com.kms.katalon.core.main.TestCaseExecutor.execute(TestCaseExecutor.java:233)
	at com.kms.katalon.core.main.TestCaseMain.runTestCase(TestCaseMain.java:114)
	at com.kms.katalon.core.keyword.builtin.CallTestCaseKeyword$_callTestCase_closure1.doCall(CallTestCaseKeyword.groovy:59)
	... 20 more
Caused by: com.kms.katalon.core.exception.StepFailedException: Text 'Welcome DavidHo' is not present on page 
	... 39 more
)

2020-04-21 14:54:13 - [TEST_CASE][FAILED] - Test Cases/Reusable_Test_Sequences/Web_Office/Directives/WebOffice_StartUp: Test Cases/Reusable_Test_Sequences/Web_Office/Directives/WebOffice_StartUp FAILED.
Reason:
com.kms.katalon.core.exception.StepFailedException: Text 'Welcome DavidHo' is not present on page  (Root cause: com.kms.katalon.core.exception.StepFailedException: Text 'Welcome DavidHo' is not present on page 
	at com.kms.katalon.core.webui.keyword.internal.WebUIKeywordMain.stepFailed(WebUIKeywordMain.groovy:64)
	at com.kms.katalon.core.webui.keyword.builtin.VerifyTextPresentKeyword$_verifyTextPresent_closure1.doCall(VerifyTextPresentKeyword.groovy:79)
	at com.kms.katalon.core.webui.keyword.builtin.VerifyTextPresentKeyword$_verifyTextPresent_closure1.call(VerifyTextPresentKeyword.groovy)
	at com.kms.katalon.core.webui.keyword.internal.WebUIKeywordMain.runKeyword(WebUIKeywordMain.groovy:20)
	at com.kms.katalon.core.webui.keyword.builtin.VerifyTextPresentKeyword.verifyTextPresent(VerifyTextPresentKeyword.groovy:83)
	at com.kms.katalon.core.webui.keyword.builtin.VerifyTextPresentKeyword.execute(VerifyTextPresentKeyword.groovy:68)
	at com.kms.katalon.core.keyword.internal.KeywordExecutor.executeKeywordForPlatform(KeywordExecutor.groovy:72)
	at com.kms.katalon.core.webui.keyword.WebUiBuiltInKeywords.verifyTextPresent(WebUiBuiltInKeywords.groovy:1719)
	at com.kms.katalon.core.webui.keyword.WebUiBuiltInKeywords$verifyTextPresent$2.call(Unknown Source)
	at WebOffice_StartUp.run(WebOffice_StartUp:167)
	at com.kms.katalon.core.main.ScriptEngine.run(ScriptEngine.java:194)
	at com.kms.katalon.core.main.ScriptEngine.runScriptAsRawText(ScriptEngine.java:119)
	at com.kms.katalon.core.main.TestCaseExecutor.runScript(TestCaseExecutor.java:337)
	at com.kms.katalon.core.main.TestCaseExecutor.doExecute(TestCaseExecutor.java:328)
	at com.kms.katalon.core.main.TestCaseExecutor.processExecutionPhase(TestCaseExecutor.java:307)
	at com.kms.katalon.core.main.TestCaseExecutor.accessMainPhase(TestCaseExecutor.java:299)
	at com.kms.katalon.core.main.TestCaseExecutor.execute(TestCaseExecutor.java:233)
	at com.kms.katalon.core.main.TestCaseMain.runTestCase(TestCaseMain.java:114)
	at com.kms.katalon.core.keyword.builtin.CallTestCaseKeyword$_callTestCase_closure1.doCall(CallTestCaseKeyword.groovy:59)
	at com.kms.katalon.core.keyword.builtin.CallTestCaseKeyword$_callTestCase_closure1.call(CallTestCaseKeyword.groovy)
	at com.kms.katalon.core.keyword.internal.KeywordMain.runKeyword(KeywordMain.groovy:68)
	at com.kms.katalon.core.keyword.builtin.CallTestCaseKeyword.callTestCase(CallTestCaseKeyword.groovy:81)
	at com.kms.katalon.core.keyword.builtin.CallTestCaseKeyword.execute(CallTestCaseKeyword.groovy:44)
	at com.kms.katalon.core.keyword.internal.KeywordExecutor.executeKeywordForPlatform(KeywordExecutor.groovy:72)
	at com.kms.katalon.core.keyword.BuiltinKeywords.callTestCase(BuiltinKeywords.groovy:334)
	at WebOffice_Header_Search.run(WebOffice_Header_Search:55)
	at com.kms.katalon.core.main.ScriptEngine.run(ScriptEngine.java:194)
	at com.kms.katalon.core.main.ScriptEngine.runScriptAsRawText(ScriptEngine.java:119)
	at com.kms.katalon.core.main.TestCaseExecutor.runScript(TestCaseExecutor.java:337)
	at com.kms.katalon.core.main.TestCaseExecutor.doExecute(TestCaseExecutor.java:328)
	at com.kms.katalon.core.main.TestCaseExecutor.processExecutionPhase(TestCaseExecutor.java:307)
	at com.kms.katalon.core.main.TestCaseExecutor.accessMainPhase(TestCaseExecutor.java:299)
	at com.kms.katalon.core.main.TestCaseExecutor.execute(TestCaseExecutor.java:233)
	at com.kms.katalon.core.main.TestSuiteExecutor.accessTestCaseMainPhase(TestSuiteExecutor.java:169)
	at com.kms.katalon.core.main.TestSuiteExecutor.accessTestSuiteMainPhase(TestSuiteExecutor.java:142)
	at com.kms.katalon.core.main.TestSuiteExecutor.execute(TestSuiteExecutor.java:91)
	at com.kms.katalon.core.main.TestCaseMain.startTestSuite(TestCaseMain.java:157)
	at com.kms.katalon.core.main.TestCaseMain$startTestSuite$0.call(Unknown Source)
	at TempTestSuite1587475879590.run(TempTestSuite1587475879590.groovy:36)
)
	at com.kms.katalon.core.keyword.internal.KeywordMain.stepFailed(KeywordMain.groovy:39)
	at com.kms.katalon.core.webui.keyword.internal.WebUIKeywordMain.stepFailed(WebUIKeywordMain.groovy:64)
	at com.kms.katalon.core.webui.keyword.builtin.VerifyTextPresentKeyword$_verifyTextPresent_closure1.doCall(VerifyTextPresentKeyword.groovy:79)
	at com.kms.katalon.core.webui.keyword.builtin.VerifyTextPresentKeyword$_verifyTextPresent_closure1.call(VerifyTextPresentKeyword.groovy)
	at com.kms.katalon.core.webui.keyword.internal.WebUIKeywordMain.runKeyword(WebUIKeywordMain.groovy:20)
	at com.kms.katalon.core.webui.keyword.builtin.VerifyTextPresentKeyword.verifyTextPresent(VerifyTextPresentKeyword.groovy:83)
	at com.kms.katalon.core.webui.keyword.builtin.VerifyTextPresentKeyword.execute(VerifyTextPresentKeyword.groovy:68)
	at com.kms.katalon.core.keyword.internal.KeywordExecutor.executeKeywordForPlatform(KeywordExecutor.groovy:72)
	at com.kms.katalon.core.webui.keyword.WebUiBuiltInKeywords.verifyTextPresent(WebUiBuiltInKeywords.groovy:1719)
	at com.kms.katalon.core.webui.keyword.WebUiBuiltInKeywords$verifyTextPresent$2.call(Unknown Source)
	at WebOffice_StartUp.run(WebOffice_StartUp:167)
	at com.kms.katalon.core.main.ScriptEngine.run(ScriptEngine.java:194)
	at com.kms.katalon.core.main.ScriptEngine.runScriptAsRawText(ScriptEngine.java:119)
	at com.kms.katalon.core.main.TestCaseExecutor.runScript(TestCaseExecutor.java:337)
	at com.kms.katalon.core.main.TestCaseExecutor.doExecute(TestCaseExecutor.java:328)
	at com.kms.katalon.core.main.TestCaseExecutor.processExecutionPhase(TestCaseExecutor.java:307)
	at com.kms.katalon.core.main.TestCaseExecutor.accessMainPhase(TestCaseExecutor.java:299)
	at com.kms.katalon.core.main.TestCaseExecutor.execute(TestCaseExecutor.java:233)
	at com.kms.katalon.core.main.TestCaseMain.runTestCase(TestCaseMain.java:114)
	at com.kms.katalon.core.keyword.builtin.CallTestCaseKeyword$_callTestCase_closure1.doCall(CallTestCaseKeyword.groovy:59)
	at com.kms.katalon.core.keyword.builtin.CallTestCaseKeyword$_callTestCase_closure1.call(CallTestCaseKeyword.groovy)
	at com.kms.katalon.core.keyword.internal.KeywordMain.runKeyword(KeywordMain.groovy:68)
	at com.kms.katalon.core.keyword.builtin.CallTestCaseKeyword.callTestCase(CallTestCaseKeyword.groovy:81)
	at com.kms.katalon.core.keyword.builtin.CallTestCaseKeyword.execute(CallTestCaseKeyword.groovy:44)
	at com.kms.katalon.core.keyword.internal.KeywordExecutor.executeKeywordForPlatform(KeywordExecutor.groovy:72)
	at com.kms.katalon.core.keyword.BuiltinKeywords.callTestCase(BuiltinKeywords.groovy:334)
	at WebOffice_Header_Search.run(WebOffice_Header_Search:55)
	at com.kms.katalon.core.main.ScriptEngine.run(ScriptEngine.java:194)
	at com.kms.katalon.core.main.ScriptEngine.runScriptAsRawText(ScriptEngine.java:119)
	at com.kms.katalon.core.main.TestCaseExecutor.runScript(TestCaseExecutor.java:337)
	at com.kms.katalon.core.main.TestCaseExecutor.doExecute(TestCaseExecutor.java:328)
	at com.kms.katalon.core.main.TestCaseExecutor.processExecutionPhase(TestCaseExecutor.java:307)
	at com.kms.katalon.core.main.TestCaseExecutor.accessMainPhase(TestCaseExecutor.java:299)
	at com.kms.katalon.core.main.TestCaseExecutor.execute(TestCaseExecutor.java:233)
	at com.kms.katalon.core.main.TestSuiteExecutor.accessTestCaseMainPhase(TestSuiteExecutor.java:169)
	at com.kms.katalon.core.main.TestSuiteExecutor.accessTestSuiteMainPhase(TestSuiteExecutor.java:142)
	at com.kms.katalon.core.main.TestSuiteExecutor.execute(TestSuiteExecutor.java:91)
	at com.kms.katalon.core.main.TestCaseMain.startTestSuite(TestCaseMain.java:157)
	at com.kms.katalon.core.main.TestCaseMain$startTestSuite$0.call(Unknown Source)
	at TempTestSuite1587475879590.run(TempTestSuite1587475879590.groovy:36)
Caused by: com.kms.katalon.core.exception.StepFailedException: Text 'Welcome DavidHo' is not present on page 
	... 39 more


2020-04-21 14:54:13 - [TEST_STEP][PASSED] - "-----------------------------------------------------------------------------": null

2020-04-21 14:54:13 - [TEST_STEP][PASSED] - if (URL == "https://www.dev.checkatrade.com/"): null

2020-04-21 14:54:13 - [TEST_STEP][PASSED] - "-----------------------------------------------------------------------------": null

2020-04-21 14:54:13 - [TEST_STEP][PASSED] - if (URL == "https://www.checkatrade.com/"): null

2020-04-21 14:54:13 - [TEST_STEP][PASSED] - "-----------------------------------------------------------------------------": null

2020-04-21 14:54:13 - [TEST_STEP][PASSED] - if (URL == "https://www.preview.checkatrade.com/"): null

2020-04-21 14:54:13 - [TEST_STEP][PASSED] - WebOfficeURL = "https://admin.preview.checkatrade.com/": null

2020-04-21 14:54:13 - [TEST_STEP][PASSED] - if (URL == "https://www.dev2.checkatrade.com/"): null

2020-04-21 14:54:13 - [TEST_STEP][PASSED] - "Set Function Area for "URL_Handler", URL Resolution": null

2020-04-21 14:54:13 - [TEST_STEP][PASSED] - "Do Some Magic with URL(s) See the comments within URL Handler ": null

2020-04-21 14:54:13 - [TEST_STEP][PASSED] - "------------------------------------------------": null

2020-04-21 14:54:13 - [TEST_STEP][PASSED] - "Moved Login Credentials to <Default> profile 22/01/2020": null

2020-04-21 14:54:13 - [TEST_STEP][PASSED] - "------------------------------------------------": null

2020-04-21 14:54:13 - [TEST_STEP][PASSED] - "WebOfficeURL - Set from the ENVIRONMENT PROFILE ": null

2020-04-21 14:54:13 - [TEST_STEP][PASSED] - "OPEN BROWSER": null

2020-04-21 14:54:13 - [TEST_STEP][PASSED] - "eg - https://admin.preview.checkatrade.com/  ": null

2020-04-21 14:54:13 - [TEST_STEP][PASSED] - openBrowser(WebOfficeURL): Browser is opened with url: 'https://admin.preview.checkatrade.com/'

2020-04-21 14:54:13 - [MESSAGE][INFO] - Starting 'Chrome' driver

2020-04-21 14:54:13 - [MESSAGE][INFO] - Action delay is set to 0 milliseconds

2020-04-21 14:54:19 - [MESSAGE][PASSED] - Browser is opened with url: 'https://admin.preview.checkatrade.com/'

2020-04-21 14:54:19 - [TEST_STEP][PASSED] - maximizeWindow(): Current window maximized

2020-04-21 14:54:21 - [MESSAGE][PASSED] - Current window maximized

2020-04-21 14:54:21 - [TEST_STEP][PASSED] - waitForElementClickable(findTestObject("Object Repository/WebOffice/Page_Checkatrade - Administration - Login/Login_Button"), 25): Object 'Object Repository/WebOffice/Page_Checkatrade - Administration - Login/Login_Button' is clickable

2020-04-21 14:54:21 - [MESSAGE][PASSED] - Object 'Object Repository/WebOffice/Page_Checkatrade - Administration - Login/Login_Button' is clickable

2020-04-21 14:54:21 - [TEST_STEP][PASSED] - verifyTextPresent("Checkatrade Web Office", false): Text 'Checkatrade Web Office' is present on page 

2020-04-21 14:54:21 - [MESSAGE][PASSED] - Text 'Checkatrade Web Office' is present on page 

2020-04-21 14:54:21 - [TEST_STEP][PASSED] - verifyTextPresent("Access for staff use only", false): Text 'Access for staff use only' is present on page 

2020-04-21 14:54:22 - [MESSAGE][PASSED] - Text 'Access for staff use only' is present on page 

2020-04-21 14:54:22 - [TEST_STEP][PASSED] - verifyTextPresent("Forgotten password?", false): Text 'Forgotten password?' is present on page 

2020-04-21 14:54:22 - [MESSAGE][PASSED] - Text 'Forgotten password?' is present on page 

2020-04-21 14:54:22 - [TEST_STEP][PASSED] - setText(findTestObject("Object Repository/WebOffice/Page_Checkatrade - Administration - Login/input_Username_LoginControlUserName"), wo_Username): Text 'DavidHo' is set on object 'Object Repository/WebOffice/Page_Checkatrade - Administration - Login/input_Username_LoginControlUserName'

2020-04-21 14:54:22 - [MESSAGE][PASSED] - Text 'DavidHo' is set on object 'Object Repository/WebOffice/Page_Checkatrade - Administration - Login/input_Username_LoginControlUserName'

2020-04-21 14:54:22 - [TEST_STEP][PASSED] - setText(findTestObject("Object Repository/WebOffice/Page_Checkatrade - Administration - Login/input_Password_LoginControlPassword"), wo_Password): Text 'Check123' is set on object 'Object Repository/WebOffice/Page_Checkatrade - Administration - Login/input_Password_LoginControlPassword'

2020-04-21 14:54:22 - [MESSAGE][PASSED] - Text 'Check123' is set on object 'Object Repository/WebOffice/Page_Checkatrade - Administration - Login/input_Password_LoginControlPassword'

2020-04-21 14:54:22 - [TEST_STEP][PASSED] - click(findTestObject("Object Repository/WebOffice/Page_Checkatrade - Administration - Login/Login_Button")): Object: 'Object Repository/WebOffice/Page_Checkatrade - Administration - Login/Login_Button' is clicked on

2020-04-21 14:54:24 - [MESSAGE][PASSED] - Object: 'Object Repository/WebOffice/Page_Checkatrade - Administration - Login/Login_Button' is clicked on

2020-04-21 14:54:24 - [TEST_STEP][PASSED] - waitForPageLoad(60): Wait for page load successfully

2020-04-21 14:54:24 - [MESSAGE][PASSED] - Wait for page load successfully

2020-04-21 14:54:24 - [TEST_STEP][FAILED] - verifyTextPresent("Welcome " + wo_Username, false): Text 'Welcome DavidHo' is not present on page  (Root cause: com.kms.katalon.core.exception.StepFailedException: Text 'Welcome DavidHo' is not present on page 
	at com.kms.katalon.core.webui.keyword.internal.WebUIKeywordMain.stepFailed(WebUIKeywordMain.groovy:64)
	at com.kms.katalon.core.webui.keyword.builtin.VerifyTextPresentKeyword$_verifyTextPresent_closure1.doCall(VerifyTextPresentKeyword.groovy:79)
	at com.kms.katalon.core.webui.keyword.builtin.VerifyTextPresentKeyword$_verifyTextPresent_closure1.call(VerifyTextPresentKeyword.groovy)
	at com.kms.katalon.core.webui.keyword.internal.WebUIKeywordMain.runKeyword(WebUIKeywordMain.groovy:20)
	at com.kms.katalon.core.webui.keyword.builtin.VerifyTextPresentKeyword.verifyTextPresent(VerifyTextPresentKeyword.groovy:83)
	at com.kms.katalon.core.webui.keyword.builtin.VerifyTextPresentKeyword.execute(VerifyTextPresentKeyword.groovy:68)
	at com.kms.katalon.core.keyword.internal.KeywordExecutor.executeKeywordForPlatform(KeywordExecutor.groovy:72)
	at com.kms.katalon.core.webui.keyword.WebUiBuiltInKeywords.verifyTextPresent(WebUiBuiltInKeywords.groovy:1719)
	at com.kms.katalon.core.webui.keyword.WebUiBuiltInKeywords$verifyTextPresent$2.call(Unknown Source)
	at WebOffice_StartUp.run(WebOffice_StartUp:167)
	at com.kms.katalon.core.main.ScriptEngine.run(ScriptEngine.java:194)
	at com.kms.katalon.core.main.ScriptEngine.runScriptAsRawText(ScriptEngine.java:119)
	at com.kms.katalon.core.main.TestCaseExecutor.runScript(TestCaseExecutor.java:337)
	at com.kms.katalon.core.main.TestCaseExecutor.doExecute(TestCaseExecutor.java:328)
	at com.kms.katalon.core.main.TestCaseExecutor.processExecutionPhase(TestCaseExecutor.java:307)
	at com.kms.katalon.core.main.TestCaseExecutor.accessMainPhase(TestCaseExecutor.java:299)
	at com.kms.katalon.core.main.TestCaseExecutor.execute(TestCaseExecutor.java:233)
	at com.kms.katalon.core.main.TestCaseMain.runTestCase(TestCaseMain.java:114)
	at com.kms.katalon.core.keyword.builtin.CallTestCaseKeyword$_callTestCase_closure1.doCall(CallTestCaseKeyword.groovy:59)
	at com.kms.katalon.core.keyword.builtin.CallTestCaseKeyword$_callTestCase_closure1.call(CallTestCaseKeyword.groovy)
	at com.kms.katalon.core.keyword.internal.KeywordMain.runKeyword(KeywordMain.groovy:68)
	at com.kms.katalon.core.keyword.builtin.CallTestCaseKeyword.callTestCase(CallTestCaseKeyword.groovy:81)
	at com.kms.katalon.core.keyword.builtin.CallTestCaseKeyword.execute(CallTestCaseKeyword.groovy:44)
	at com.kms.katalon.core.keyword.internal.KeywordExecutor.executeKeywordForPlatform(KeywordExecutor.groovy:72)
	at com.kms.katalon.core.keyword.BuiltinKeywords.callTestCase(BuiltinKeywords.groovy:334)
	at WebOffice_Header_Search.run(WebOffice_Header_Search:55)
	at com.kms.katalon.core.main.ScriptEngine.run(ScriptEngine.java:194)
	at com.kms.katalon.core.main.ScriptEngine.runScriptAsRawText(ScriptEngine.java:119)
	at com.kms.katalon.core.main.TestCaseExecutor.runScript(TestCaseExecutor.java:337)
	at com.kms.katalon.core.main.TestCaseExecutor.doExecute(TestCaseExecutor.java:328)
	at com.kms.katalon.core.main.TestCaseExecutor.processExecutionPhase(TestCaseExecutor.java:307)
	at com.kms.katalon.core.main.TestCaseExecutor.accessMainPhase(TestCaseExecutor.java:299)
	at com.kms.katalon.core.main.TestCaseExecutor.execute(TestCaseExecutor.java:233)
	at com.kms.katalon.core.main.TestSuiteExecutor.accessTestCaseMainPhase(TestSuiteExecutor.java:169)
	at com.kms.katalon.core.main.TestSuiteExecutor.accessTestSuiteMainPhase(TestSuiteExecutor.java:142)
	at com.kms.katalon.core.main.TestSuiteExecutor.execute(TestSuiteExecutor.java:91)
	at com.kms.katalon.core.main.TestCaseMain.startTestSuite(TestCaseMain.java:157)
	at com.kms.katalon.core.main.TestCaseMain$startTestSuite$0.call(Unknown Source)
	at TempTestSuite1587475879590.run(TempTestSuite1587475879590.groovy:36)
)

2020-04-21 14:54:24 - [MESSAGE][FAILED] - Text 'Welcome DavidHo' is not present on page  (Root cause: com.kms.katalon.core.exception.StepFailedException: Text 'Welcome DavidHo' is not present on page 
	at com.kms.katalon.core.webui.keyword.internal.WebUIKeywordMain.stepFailed(WebUIKeywordMain.groovy:64)
	at com.kms.katalon.core.webui.keyword.builtin.VerifyTextPresentKeyword$_verifyTextPresent_closure1.doCall(VerifyTextPresentKeyword.groovy:79)
	at com.kms.katalon.core.webui.keyword.builtin.VerifyTextPresentKeyword$_verifyTextPresent_closure1.call(VerifyTextPresentKeyword.groovy)
	at com.kms.katalon.core.webui.keyword.internal.WebUIKeywordMain.runKeyword(WebUIKeywordMain.groovy:20)
	at com.kms.katalon.core.webui.keyword.builtin.VerifyTextPresentKeyword.verifyTextPresent(VerifyTextPresentKeyword.groovy:83)
	at com.kms.katalon.core.webui.keyword.builtin.VerifyTextPresentKeyword.execute(VerifyTextPresentKeyword.groovy:68)
	at com.kms.katalon.core.keyword.internal.KeywordExecutor.executeKeywordForPlatform(KeywordExecutor.groovy:72)
	at com.kms.katalon.core.webui.keyword.WebUiBuiltInKeywords.verifyTextPresent(WebUiBuiltInKeywords.groovy:1719)
	at com.kms.katalon.core.webui.keyword.WebUiBuiltInKeywords$verifyTextPresent$2.call(Unknown Source)
	at WebOffice_StartUp.run(WebOffice_StartUp:167)
	at com.kms.katalon.core.main.ScriptEngine.run(ScriptEngine.java:194)
	at com.kms.katalon.core.main.ScriptEngine.runScriptAsRawText(ScriptEngine.java:119)
	at com.kms.katalon.core.main.TestCaseExecutor.runScript(TestCaseExecutor.java:337)
	at com.kms.katalon.core.main.TestCaseExecutor.doExecute(TestCaseExecutor.java:328)
	at com.kms.katalon.core.main.TestCaseExecutor.processExecutionPhase(TestCaseExecutor.java:307)
	at com.kms.katalon.core.main.TestCaseExecutor.accessMainPhase(TestCaseExecutor.java:299)
	at com.kms.katalon.core.main.TestCaseExecutor.execute(TestCaseExecutor.java:233)
	at com.kms.katalon.core.main.TestCaseMain.runTestCase(TestCaseMain.java:114)
	at com.kms.katalon.core.keyword.builtin.CallTestCaseKeyword$_callTestCase_closure1.doCall(CallTestCaseKeyword.groovy:59)
	at com.kms.katalon.core.keyword.builtin.CallTestCaseKeyword$_callTestCase_closure1.call(CallTestCaseKeyword.groovy)
	at com.kms.katalon.core.keyword.internal.KeywordMain.runKeyword(KeywordMain.groovy:68)
	at com.kms.katalon.core.keyword.builtin.CallTestCaseKeyword.callTestCase(CallTestCaseKeyword.groovy:81)
	at com.kms.katalon.core.keyword.builtin.CallTestCaseKeyword.execute(CallTestCaseKeyword.groovy:44)
	at com.kms.katalon.core.keyword.internal.KeywordExecutor.executeKeywordForPlatform(KeywordExecutor.groovy:72)
	at com.kms.katalon.core.keyword.BuiltinKeywords.callTestCase(BuiltinKeywords.groovy:334)
	at WebOffice_Header_Search.run(WebOffice_Header_Search:55)
	at com.kms.katalon.core.main.ScriptEngine.run(ScriptEngine.java:194)
	at com.kms.katalon.core.main.ScriptEngine.runScriptAsRawText(ScriptEngine.java:119)
	at com.kms.katalon.core.main.TestCaseExecutor.runScript(TestCaseExecutor.java:337)
	at com.kms.katalon.core.main.TestCaseExecutor.doExecute(TestCaseExecutor.java:328)
	at com.kms.katalon.core.main.TestCaseExecutor.processExecutionPhase(TestCaseExecutor.java:307)
	at com.kms.katalon.core.main.TestCaseExecutor.accessMainPhase(TestCaseExecutor.java:299)
	at com.kms.katalon.core.main.TestCaseExecutor.execute(TestCaseExecutor.java:233)
	at com.kms.katalon.core.main.TestSuiteExecutor.accessTestCaseMainPhase(TestSuiteExecutor.java:169)
	at com.kms.katalon.core.main.TestSuiteExecutor.accessTestSuiteMainPhase(TestSuiteExecutor.java:142)
	at com.kms.katalon.core.main.TestSuiteExecutor.execute(TestSuiteExecutor.java:91)
	at com.kms.katalon.core.main.TestCaseMain.startTestSuite(TestCaseMain.java:157)
	at com.kms.katalon.core.main.TestCaseMain$startTestSuite$0.call(Unknown Source)
	at TempTestSuite1587475879590.run(TempTestSuite1587475879590.groovy:36)
)

2020-04-21 14:54:24 - [MESSAGE][FAILED] - Unable to call Test Case 'Test Cases/Reusable_Test_Sequences/Web_Office/Directives/WebOffice_StartUp' (Root cause: com.kms.katalon.core.exception.StepFailedException: Call Test Case 'Test Cases/Reusable_Test_Sequences/Web_Office/Directives/WebOffice_StartUp' failed
	at com.kms.katalon.core.keyword.builtin.CallTestCaseKeyword$_callTestCase_closure1.doCall(CallTestCaseKeyword.groovy:63)
	at com.kms.katalon.core.keyword.builtin.CallTestCaseKeyword$_callTestCase_closure1.call(CallTestCaseKeyword.groovy)
	at com.kms.katalon.core.keyword.internal.KeywordMain.runKeyword(KeywordMain.groovy:68)
	at com.kms.katalon.core.keyword.builtin.CallTestCaseKeyword.callTestCase(CallTestCaseKeyword.groovy:81)
	at com.kms.katalon.core.keyword.builtin.CallTestCaseKeyword.execute(CallTestCaseKeyword.groovy:44)
	at com.kms.katalon.core.keyword.internal.KeywordExecutor.executeKeywordForPlatform(KeywordExecutor.groovy:72)
	at com.kms.katalon.core.keyword.BuiltinKeywords.callTestCase(BuiltinKeywords.groovy:334)
	at WebOffice_Header_Search.run(WebOffice_Header_Search:55)
	at com.kms.katalon.core.main.ScriptEngine.run(ScriptEngine.java:194)
	at com.kms.katalon.core.main.ScriptEngine.runScriptAsRawText(ScriptEngine.java:119)
	at com.kms.katalon.core.main.TestCaseExecutor.runScript(TestCaseExecutor.java:337)
	at com.kms.katalon.core.main.TestCaseExecutor.doExecute(TestCaseExecutor.java:328)
	at com.kms.katalon.core.main.TestCaseExecutor.processExecutionPhase(TestCaseExecutor.java:307)
	at com.kms.katalon.core.main.TestCaseExecutor.accessMainPhase(TestCaseExecutor.java:299)
	at com.kms.katalon.core.main.TestCaseExecutor.execute(TestCaseExecutor.java:233)
	at com.kms.katalon.core.main.TestSuiteExecutor.accessTestCaseMainPhase(TestSuiteExecutor.java:169)
	at com.kms.katalon.core.main.TestSuiteExecutor.accessTestSuiteMainPhase(TestSuiteExecutor.java:142)
	at com.kms.katalon.core.main.TestSuiteExecutor.execute(TestSuiteExecutor.java:91)
	at com.kms.katalon.core.main.TestCaseMain.startTestSuite(TestCaseMain.java:157)
	at com.kms.katalon.core.main.TestCaseMain$startTestSuite$0.call(Unknown Source)
	at TempTestSuite1587475879590.run(TempTestSuite1587475879590.groovy:36)
Caused by: com.kms.katalon.core.exception.StepFailedException: Text 'Welcome DavidHo' is not present on page  (Root cause: com.kms.katalon.core.exception.StepFailedException: Text 'Welcome DavidHo' is not present on page 
	at com.kms.katalon.core.webui.keyword.internal.WebUIKeywordMain.stepFailed(WebUIKeywordMain.groovy:64)
	at com.kms.katalon.core.webui.keyword.builtin.VerifyTextPresentKeyword$_verifyTextPresent_closure1.doCall(VerifyTextPresentKeyword.groovy:79)
	at com.kms.katalon.core.webui.keyword.builtin.VerifyTextPresentKeyword$_verifyTextPresent_closure1.call(VerifyTextPresentKeyword.groovy)
	at com.kms.katalon.core.webui.keyword.internal.WebUIKeywordMain.runKeyword(WebUIKeywordMain.groovy:20)
	at com.kms.katalon.core.webui.keyword.builtin.VerifyTextPresentKeyword.verifyTextPresent(VerifyTextPresentKeyword.groovy:83)
	at com.kms.katalon.core.webui.keyword.builtin.VerifyTextPresentKeyword.execute(VerifyTextPresentKeyword.groovy:68)
	at com.kms.katalon.core.keyword.internal.KeywordExecutor.executeKeywordForPlatform(KeywordExecutor.groovy:72)
	at com.kms.katalon.core.webui.keyword.WebUiBuiltInKeywords.verifyTextPresent(WebUiBuiltInKeywords.groovy:1719)
	at com.kms.katalon.core.webui.keyword.WebUiBuiltInKeywords$verifyTextPresent$2.call(Unknown Source)
	at WebOffice_StartUp.run(WebOffice_StartUp:167)
	at com.kms.katalon.core.main.ScriptEngine.run(ScriptEngine.java:194)
	at com.kms.katalon.core.main.ScriptEngine.runScriptAsRawText(ScriptEngine.java:119)
	at com.kms.katalon.core.main.TestCaseExecutor.runScript(TestCaseExecutor.java:337)
	at com.kms.katalon.core.main.TestCaseExecutor.doExecute(TestCaseExecutor.java:328)
	at com.kms.katalon.core.main.TestCaseExecutor.processExecutionPhase(TestCaseExecutor.java:307)
	at com.kms.katalon.core.main.TestCaseExecutor.accessMainPhase(TestCaseExecutor.java:299)
	at com.kms.katalon.core.main.TestCaseExecutor.execute(TestCaseExecutor.java:233)
	at com.kms.katalon.core.main.TestCaseMain.runTestCase(TestCaseMain.java:114)
	at com.kms.katalon.core.keyword.builtin.CallTestCaseKeyword$_callTestCase_closure1.doCall(CallTestCaseKeyword.groovy:59)
	at com.kms.katalon.core.keyword.builtin.CallTestCaseKeyword$_callTestCase_closure1.call(CallTestCaseKeyword.groovy)
	at com.kms.katalon.core.keyword.internal.KeywordMain.runKeyword(KeywordMain.groovy:68)
	at com.kms.katalon.core.keyword.builtin.CallTestCaseKeyword.callTestCase(CallTestCaseKeyword.groovy:81)
	at com.kms.katalon.core.keyword.builtin.CallTestCaseKeyword.execute(CallTestCaseKeyword.groovy:44)
	at com.kms.katalon.core.keyword.internal.KeywordExecutor.executeKeywordForPlatform(KeywordExecutor.groovy:72)
	at com.kms.katalon.core.keyword.BuiltinKeywords.callTestCase(BuiltinKeywords.groovy:334)
	at WebOffice_Header_Search.run(WebOffice_Header_Search:55)
	at com.kms.katalon.core.main.ScriptEngine.run(ScriptEngine.java:194)
	at com.kms.katalon.core.main.ScriptEngine.runScriptAsRawText(ScriptEngine.java:119)
	at com.kms.katalon.core.main.TestCaseExecutor.runScript(TestCaseExecutor.java:337)
	at com.kms.katalon.core.main.TestCaseExecutor.doExecute(TestCaseExecutor.java:328)
	at com.kms.katalon.core.main.TestCaseExecutor.processExecutionPhase(TestCaseExecutor.java:307)
	at com.kms.katalon.core.main.TestCaseExecutor.accessMainPhase(TestCaseExecutor.java:299)
	at com.kms.katalon.core.main.TestCaseExecutor.execute(TestCaseExecutor.java:233)
	at com.kms.katalon.core.main.TestSuiteExecutor.accessTestCaseMainPhase(TestSuiteExecutor.java:169)
	at com.kms.katalon.core.main.TestSuiteExecutor.accessTestSuiteMainPhase(TestSuiteExecutor.java:142)
	at com.kms.katalon.core.main.TestSuiteExecutor.execute(TestSuiteExecutor.java:91)
	at com.kms.katalon.core.main.TestCaseMain.startTestSuite(TestCaseMain.java:157)
	at com.kms.katalon.core.main.TestCaseMain$startTestSuite$0.call(Unknown Source)
	at TempTestSuite1587475879590.run(TempTestSuite1587475879590.groovy:36)
)
	at com.kms.katalon.core.keyword.internal.KeywordMain.stepFailed(KeywordMain.groovy:39)
	at com.kms.katalon.core.webui.keyword.internal.WebUIKeywordMain.stepFailed(WebUIKeywordMain.groovy:64)
	at com.kms.katalon.core.webui.keyword.builtin.VerifyTextPresentKeyword$_verifyTextPresent_closure1.doCall(VerifyTextPresentKeyword.groovy:79)
	at com.kms.katalon.core.webui.keyword.builtin.VerifyTextPresentKeyword$_verifyTextPresent_closure1.call(VerifyTextPresentKeyword.groovy)
	at com.kms.katalon.core.webui.keyword.internal.WebUIKeywordMain.runKeyword(WebUIKeywordMain.groovy:20)
	at com.kms.katalon.core.webui.keyword.builtin.VerifyTextPresentKeyword.verifyTextPresent(VerifyTextPresentKeyword.groovy:83)
	at com.kms.katalon.core.webui.keyword.builtin.VerifyTextPresentKeyword.execute(VerifyTextPresentKeyword.groovy:68)
	at com.kms.katalon.core.keyword.internal.KeywordExecutor.executeKeywordForPlatform(KeywordExecutor.groovy:72)
	at com.kms.katalon.core.webui.keyword.WebUiBuiltInKeywords.verifyTextPresent(WebUiBuiltInKeywords.groovy:1719)
	at com.kms.katalon.core.webui.keyword.WebUiBuiltInKeywords$verifyTextPresent$2.call(Unknown Source)
	at WebOffice_StartUp.run(WebOffice_StartUp:167)
	at com.kms.katalon.core.main.ScriptEngine.run(ScriptEngine.java:194)
	at com.kms.katalon.core.main.ScriptEngine.runScriptAsRawText(ScriptEngine.java:119)
	at com.kms.katalon.core.main.TestCaseExecutor.runScript(TestCaseExecutor.java:337)
	at com.kms.katalon.core.main.TestCaseExecutor.doExecute(TestCaseExecutor.java:328)
	at com.kms.katalon.core.main.TestCaseExecutor.processExecutionPhase(TestCaseExecutor.java:307)
	at com.kms.katalon.core.main.TestCaseExecutor.accessMainPhase(TestCaseExecutor.java:299)
	at com.kms.katalon.core.main.TestCaseExecutor.execute(TestCaseExecutor.java:233)
	at com.kms.katalon.core.main.TestCaseMain.runTestCase(TestCaseMain.java:114)
	at com.kms.katalon.core.keyword.builtin.CallTestCaseKeyword$_callTestCase_closure1.doCall(CallTestCaseKeyword.groovy:59)
	... 20 more
Caused by: com.kms.katalon.core.exception.StepFailedException: Text 'Welcome DavidHo' is not present on page 
	... 39 more
)]]></system-out>
         <system-err><![CDATA[2020-04-21 14:53:44 - [TEST_CASE][FAILED] - Test Cases/Web_Office/WebOffice_Header_Search: Test Cases/Web_Office/WebOffice_Header_Search FAILED.
Reason:
com.kms.katalon.core.exception.StepFailedException: Call Test Case 'Test Cases/Reusable_Test_Sequences/Web_Office/Directives/WebOffice_StartUp' failed
	at com.kms.katalon.core.keyword.builtin.CallTestCaseKeyword$_callTestCase_closure1.doCall(CallTestCaseKeyword.groovy:63)
	at com.kms.katalon.core.keyword.builtin.CallTestCaseKeyword$_callTestCase_closure1.call(CallTestCaseKeyword.groovy)
	at com.kms.katalon.core.keyword.internal.KeywordMain.runKeyword(KeywordMain.groovy:68)
	at com.kms.katalon.core.keyword.builtin.CallTestCaseKeyword.callTestCase(CallTestCaseKeyword.groovy:81)
	at com.kms.katalon.core.keyword.builtin.CallTestCaseKeyword.execute(CallTestCaseKeyword.groovy:44)
	at com.kms.katalon.core.keyword.internal.KeywordExecutor.executeKeywordForPlatform(KeywordExecutor.groovy:72)
	at com.kms.katalon.core.keyword.BuiltinKeywords.callTestCase(BuiltinKeywords.groovy:334)
	at WebOffice_Header_Search.run(WebOffice_Header_Search:55)
	at com.kms.katalon.core.main.ScriptEngine.run(ScriptEngine.java:194)
	at com.kms.katalon.core.main.ScriptEngine.runScriptAsRawText(ScriptEngine.java:119)
	at com.kms.katalon.core.main.TestCaseExecutor.runScript(TestCaseExecutor.java:337)
	at com.kms.katalon.core.main.TestCaseExecutor.doExecute(TestCaseExecutor.java:328)
	at com.kms.katalon.core.main.TestCaseExecutor.processExecutionPhase(TestCaseExecutor.java:307)
	at com.kms.katalon.core.main.TestCaseExecutor.accessMainPhase(TestCaseExecutor.java:299)
	at com.kms.katalon.core.main.TestCaseExecutor.execute(TestCaseExecutor.java:233)
	at com.kms.katalon.core.main.TestSuiteExecutor.accessTestCaseMainPhase(TestSuiteExecutor.java:169)
	at com.kms.katalon.core.main.TestSuiteExecutor.accessTestSuiteMainPhase(TestSuiteExecutor.java:142)
	at com.kms.katalon.core.main.TestSuiteExecutor.execute(TestSuiteExecutor.java:91)
	at com.kms.katalon.core.main.TestCaseMain.startTestSuite(TestCaseMain.java:157)
	at com.kms.katalon.core.main.TestCaseMain$startTestSuite$0.call(Unknown Source)
	at TempTestSuite1587475879590.run(TempTestSuite1587475879590.groovy:36)
Caused by: com.kms.katalon.core.exception.StepFailedException: Text 'Welcome DavidHo' is not present on page  (Root cause: com.kms.katalon.core.exception.StepFailedException: Text 'Welcome DavidHo' is not present on page 
	at com.kms.katalon.core.webui.keyword.internal.WebUIKeywordMain.stepFailed(WebUIKeywordMain.groovy:64)
	at com.kms.katalon.core.webui.keyword.builtin.VerifyTextPresentKeyword$_verifyTextPresent_closure1.doCall(VerifyTextPresentKeyword.groovy:79)
	at com.kms.katalon.core.webui.keyword.builtin.VerifyTextPresentKeyword$_verifyTextPresent_closure1.call(VerifyTextPresentKeyword.groovy)
	at com.kms.katalon.core.webui.keyword.internal.WebUIKeywordMain.runKeyword(WebUIKeywordMain.groovy:20)
	at com.kms.katalon.core.webui.keyword.builtin.VerifyTextPresentKeyword.verifyTextPresent(VerifyTextPresentKeyword.groovy:83)
	at com.kms.katalon.core.webui.keyword.builtin.VerifyTextPresentKeyword.execute(VerifyTextPresentKeyword.groovy:68)
	at com.kms.katalon.core.keyword.internal.KeywordExecutor.executeKeywordForPlatform(KeywordExecutor.groovy:72)
	at com.kms.katalon.core.webui.keyword.WebUiBuiltInKeywords.verifyTextPresent(WebUiBuiltInKeywords.groovy:1719)
	at com.kms.katalon.core.webui.keyword.WebUiBuiltInKeywords$verifyTextPresent$2.call(Unknown Source)
	at WebOffice_StartUp.run(WebOffice_StartUp:167)
	at com.kms.katalon.core.main.ScriptEngine.run(ScriptEngine.java:194)
	at com.kms.katalon.core.main.ScriptEngine.runScriptAsRawText(ScriptEngine.java:119)
	at com.kms.katalon.core.main.TestCaseExecutor.runScript(TestCaseExecutor.java:337)
	at com.kms.katalon.core.main.TestCaseExecutor.doExecute(TestCaseExecutor.java:328)
	at com.kms.katalon.core.main.TestCaseExecutor.processExecutionPhase(TestCaseExecutor.java:307)
	at com.kms.katalon.core.main.TestCaseExecutor.accessMainPhase(TestCaseExecutor.java:299)
	at com.kms.katalon.core.main.TestCaseExecutor.execute(TestCaseExecutor.java:233)
	at com.kms.katalon.core.main.TestCaseMain.runTestCase(TestCaseMain.java:114)
	at com.kms.katalon.core.keyword.builtin.CallTestCaseKeyword$_callTestCase_closure1.doCall(CallTestCaseKeyword.groovy:59)
	at com.kms.katalon.core.keyword.builtin.CallTestCaseKeyword$_callTestCase_closure1.call(CallTestCaseKeyword.groovy)
	at com.kms.katalon.core.keyword.internal.KeywordMain.runKeyword(KeywordMain.groovy:68)
	at com.kms.katalon.core.keyword.builtin.CallTestCaseKeyword.callTestCase(CallTestCaseKeyword.groovy:81)
	at com.kms.katalon.core.keyword.builtin.CallTestCaseKeyword.execute(CallTestCaseKeyword.groovy:44)
	at com.kms.katalon.core.keyword.internal.KeywordExecutor.executeKeywordForPlatform(KeywordExecutor.groovy:72)
	at com.kms.katalon.core.keyword.BuiltinKeywords.callTestCase(BuiltinKeywords.groovy:334)
	at WebOffice_Header_Search.run(WebOffice_Header_Search:55)
	at com.kms.katalon.core.main.ScriptEngine.run(ScriptEngine.java:194)
	at com.kms.katalon.core.main.ScriptEngine.runScriptAsRawText(ScriptEngine.java:119)
	at com.kms.katalon.core.main.TestCaseExecutor.runScript(TestCaseExecutor.java:337)
	at com.kms.katalon.core.main.TestCaseExecutor.doExecute(TestCaseExecutor.java:328)
	at com.kms.katalon.core.main.TestCaseExecutor.processExecutionPhase(TestCaseExecutor.java:307)
	at com.kms.katalon.core.main.TestCaseExecutor.accessMainPhase(TestCaseExecutor.java:299)
	at com.kms.katalon.core.main.TestCaseExecutor.execute(TestCaseExecutor.java:233)
	at com.kms.katalon.core.main.TestSuiteExecutor.accessTestCaseMainPhase(TestSuiteExecutor.java:169)
	at com.kms.katalon.core.main.TestSuiteExecutor.accessTestSuiteMainPhase(TestSuiteExecutor.java:142)
	at com.kms.katalon.core.main.TestSuiteExecutor.execute(TestSuiteExecutor.java:91)
	at com.kms.katalon.core.main.TestCaseMain.startTestSuite(TestCaseMain.java:157)
	at com.kms.katalon.core.main.TestCaseMain$startTestSuite$0.call(Unknown Source)
	at TempTestSuite1587475879590.run(TempTestSuite1587475879590.groovy:36)
)
	at com.kms.katalon.core.keyword.internal.KeywordMain.stepFailed(KeywordMain.groovy:39)
	at com.kms.katalon.core.webui.keyword.internal.WebUIKeywordMain.stepFailed(WebUIKeywordMain.groovy:64)
	at com.kms.katalon.core.webui.keyword.builtin.VerifyTextPresentKeyword$_verifyTextPresent_closure1.doCall(VerifyTextPresentKeyword.groovy:79)
	at com.kms.katalon.core.webui.keyword.builtin.VerifyTextPresentKeyword$_verifyTextPresent_closure1.call(VerifyTextPresentKeyword.groovy)
	at com.kms.katalon.core.webui.keyword.internal.WebUIKeywordMain.runKeyword(WebUIKeywordMain.groovy:20)
	at com.kms.katalon.core.webui.keyword.builtin.VerifyTextPresentKeyword.verifyTextPresent(VerifyTextPresentKeyword.groovy:83)
	at com.kms.katalon.core.webui.keyword.builtin.VerifyTextPresentKeyword.execute(VerifyTextPresentKeyword.groovy:68)
	at com.kms.katalon.core.keyword.internal.KeywordExecutor.executeKeywordForPlatform(KeywordExecutor.groovy:72)
	at com.kms.katalon.core.webui.keyword.WebUiBuiltInKeywords.verifyTextPresent(WebUiBuiltInKeywords.groovy:1719)
	at com.kms.katalon.core.webui.keyword.WebUiBuiltInKeywords$verifyTextPresent$2.call(Unknown Source)
	at WebOffice_StartUp.run(WebOffice_StartUp:167)
	at com.kms.katalon.core.main.ScriptEngine.run(ScriptEngine.java:194)
	at com.kms.katalon.core.main.ScriptEngine.runScriptAsRawText(ScriptEngine.java:119)
	at com.kms.katalon.core.main.TestCaseExecutor.runScript(TestCaseExecutor.java:337)
	at com.kms.katalon.core.main.TestCaseExecutor.doExecute(TestCaseExecutor.java:328)
	at com.kms.katalon.core.main.TestCaseExecutor.processExecutionPhase(TestCaseExecutor.java:307)
	at com.kms.katalon.core.main.TestCaseExecutor.accessMainPhase(TestCaseExecutor.java:299)
	at com.kms.katalon.core.main.TestCaseExecutor.execute(TestCaseExecutor.java:233)
	at com.kms.katalon.core.main.TestCaseMain.runTestCase(TestCaseMain.java:114)
	at com.kms.katalon.core.keyword.builtin.CallTestCaseKeyword$_callTestCase_closure1.doCall(CallTestCaseKeyword.groovy:59)
	... 20 more
Caused by: com.kms.katalon.core.exception.StepFailedException: Text 'Welcome DavidHo' is not present on page 
	... 39 more]]></system-err>
      </testcase>
      <system-out><![CDATA[2020-04-21 14:50:08 - [TEST_SUITE][FAILED] - Web_Office_Searches: Test Cases/Web_Office/WebOffice_Consumer_Search FAILED.
Reason:
com.kms.katalon.core.exception.StepFailedException: Call Test Case 'Test Cases/Reusable_Test_Sequences/Web_Office/Directives/WebOffice_StartUp' failed
	at com.kms.katalon.core.keyword.builtin.CallTestCaseKeyword$_callTestCase_closure1.doCall(CallTestCaseKeyword.groovy:63)
	at com.kms.katalon.core.keyword.builtin.CallTestCaseKeyword$_callTestCase_closure1.call(CallTestCaseKeyword.groovy)
	at com.kms.katalon.core.keyword.internal.KeywordMain.runKeyword(KeywordMain.groovy:68)
	at com.kms.katalon.core.keyword.builtin.CallTestCaseKeyword.callTestCase(CallTestCaseKeyword.groovy:81)
	at com.kms.katalon.core.keyword.builtin.CallTestCaseKeyword.execute(CallTestCaseKeyword.groovy:44)
	at com.kms.katalon.core.keyword.internal.KeywordExecutor.executeKeywordForPlatform(KeywordExecutor.groovy:72)
	at com.kms.katalon.core.keyword.BuiltinKeywords.callTestCase(BuiltinKeywords.groovy:334)
	at WebOffice_Consumer_Search.run(WebOffice_Consumer_Search:57)
	at com.kms.katalon.core.main.ScriptEngine.run(ScriptEngine.java:194)
	at com.kms.katalon.core.main.ScriptEngine.runScriptAsRawText(ScriptEngine.java:119)
	at com.kms.katalon.core.main.TestCaseExecutor.runScript(TestCaseExecutor.java:337)
	at com.kms.katalon.core.main.TestCaseExecutor.doExecute(TestCaseExecutor.java:328)
	at com.kms.katalon.core.main.TestCaseExecutor.processExecutionPhase(TestCaseExecutor.java:307)
	at com.kms.katalon.core.main.TestCaseExecutor.accessMainPhase(TestCaseExecutor.java:299)
	at com.kms.katalon.core.main.TestCaseExecutor.execute(TestCaseExecutor.java:233)
	at com.kms.katalon.core.main.TestSuiteExecutor.accessTestCaseMainPhase(TestSuiteExecutor.java:169)
	at com.kms.katalon.core.main.TestSuiteExecutor.accessTestSuiteMainPhase(TestSuiteExecutor.java:142)
	at com.kms.katalon.core.main.TestSuiteExecutor.execute(TestSuiteExecutor.java:91)
	at com.kms.katalon.core.main.TestCaseMain.startTestSuite(TestCaseMain.java:157)
	at com.kms.katalon.core.main.TestCaseMain$startTestSuite$0.call(Unknown Source)
	at TempTestSuite1587475879590.run(TempTestSuite1587475879590.groovy:36)
Caused by: com.kms.katalon.core.exception.StepFailedException: Text 'Welcome DavidHo' is not present on page  (Root cause: com.kms.katalon.core.exception.StepFailedException: Text 'Welcome DavidHo' is not present on page 
	at com.kms.katalon.core.webui.keyword.internal.WebUIKeywordMain.stepFailed(WebUIKeywordMain.groovy:64)
	at com.kms.katalon.core.webui.keyword.builtin.VerifyTextPresentKeyword$_verifyTextPresent_closure1.doCall(VerifyTextPresentKeyword.groovy:79)
	at com.kms.katalon.core.webui.keyword.builtin.VerifyTextPresentKeyword$_verifyTextPresent_closure1.call(VerifyTextPresentKeyword.groovy)
	at com.kms.katalon.core.webui.keyword.internal.WebUIKeywordMain.runKeyword(WebUIKeywordMain.groovy:20)
	at com.kms.katalon.core.webui.keyword.builtin.VerifyTextPresentKeyword.verifyTextPresent(VerifyTextPresentKeyword.groovy:83)
	at com.kms.katalon.core.webui.keyword.builtin.VerifyTextPresentKeyword.execute(VerifyTextPresentKeyword.groovy:68)
	at com.kms.katalon.core.keyword.internal.KeywordExecutor.executeKeywordForPlatform(KeywordExecutor.groovy:72)
	at com.kms.katalon.core.webui.keyword.WebUiBuiltInKeywords.verifyTextPresent(WebUiBuiltInKeywords.groovy:1719)
	at com.kms.katalon.core.webui.keyword.WebUiBuiltInKeywords$verifyTextPresent$2.call(Unknown Source)
	at WebOffice_StartUp.run(WebOffice_StartUp:167)
	at com.kms.katalon.core.main.ScriptEngine.run(ScriptEngine.java:194)
	at com.kms.katalon.core.main.ScriptEngine.runScriptAsRawText(ScriptEngine.java:119)
	at com.kms.katalon.core.main.TestCaseExecutor.runScript(TestCaseExecutor.java:337)
	at com.kms.katalon.core.main.TestCaseExecutor.doExecute(TestCaseExecutor.java:328)
	at com.kms.katalon.core.main.TestCaseExecutor.processExecutionPhase(TestCaseExecutor.java:307)
	at com.kms.katalon.core.main.TestCaseExecutor.accessMainPhase(TestCaseExecutor.java:299)
	at com.kms.katalon.core.main.TestCaseExecutor.execute(TestCaseExecutor.java:233)
	at com.kms.katalon.core.main.TestCaseMain.runTestCase(TestCaseMain.java:114)
	at com.kms.katalon.core.keyword.builtin.CallTestCaseKeyword$_callTestCase_closure1.doCall(CallTestCaseKeyword.groovy:59)
	at com.kms.katalon.core.keyword.builtin.CallTestCaseKeyword$_callTestCase_closure1.call(CallTestCaseKeyword.groovy)
	at com.kms.katalon.core.keyword.internal.KeywordMain.runKeyword(KeywordMain.groovy:68)
	at com.kms.katalon.core.keyword.builtin.CallTestCaseKeyword.callTestCase(CallTestCaseKeyword.groovy:81)
	at com.kms.katalon.core.keyword.builtin.CallTestCaseKeyword.execute(CallTestCaseKeyword.groovy:44)
	at com.kms.katalon.core.keyword.internal.KeywordExecutor.executeKeywordForPlatform(KeywordExecutor.groovy:72)
	at com.kms.katalon.core.keyword.BuiltinKeywords.callTestCase(BuiltinKeywords.groovy:334)
	at WebOffice_Consumer_Search.run(WebOffice_Consumer_Search:57)
	at com.kms.katalon.core.main.ScriptEngine.run(ScriptEngine.java:194)
	at com.kms.katalon.core.main.ScriptEngine.runScriptAsRawText(ScriptEngine.java:119)
	at com.kms.katalon.core.main.TestCaseExecutor.runScript(TestCaseExecutor.java:337)
	at com.kms.katalon.core.main.TestCaseExecutor.doExecute(TestCaseExecutor.java:328)
	at com.kms.katalon.core.main.TestCaseExecutor.processExecutionPhase(TestCaseExecutor.java:307)
	at com.kms.katalon.core.main.TestCaseExecutor.accessMainPhase(TestCaseExecutor.java:299)
	at com.kms.katalon.core.main.TestCaseExecutor.execute(TestCaseExecutor.java:233)
	at com.kms.katalon.core.main.TestSuiteExecutor.accessTestCaseMainPhase(TestSuiteExecutor.java:169)
	at com.kms.katalon.core.main.TestSuiteExecutor.accessTestSuiteMainPhase(TestSuiteExecutor.java:142)
	at com.kms.katalon.core.main.TestSuiteExecutor.execute(TestSuiteExecutor.java:91)
	at com.kms.katalon.core.main.TestCaseMain.startTestSuite(TestCaseMain.java:157)
	at com.kms.katalon.core.main.TestCaseMain$startTestSuite$0.call(Unknown Source)
	at TempTestSuite1587475879590.run(TempTestSuite1587475879590.groovy:36)
)
	at com.kms.katalon.core.keyword.internal.KeywordMain.stepFailed(KeywordMain.groovy:39)
	at com.kms.katalon.core.webui.keyword.internal.WebUIKeywordMain.stepFailed(WebUIKeywordMain.groovy:64)
	at com.kms.katalon.core.webui.keyword.builtin.VerifyTextPresentKeyword$_verifyTextPresent_closure1.doCall(VerifyTextPresentKeyword.groovy:79)
	at com.kms.katalon.core.webui.keyword.builtin.VerifyTextPresentKeyword$_verifyTextPresent_closure1.call(VerifyTextPresentKeyword.groovy)
	at com.kms.katalon.core.webui.keyword.internal.WebUIKeywordMain.runKeyword(WebUIKeywordMain.groovy:20)
	at com.kms.katalon.core.webui.keyword.builtin.VerifyTextPresentKeyword.verifyTextPresent(VerifyTextPresentKeyword.groovy:83)
	at com.kms.katalon.core.webui.keyword.builtin.VerifyTextPresentKeyword.execute(VerifyTextPresentKeyword.groovy:68)
	at com.kms.katalon.core.keyword.internal.KeywordExecutor.executeKeywordForPlatform(KeywordExecutor.groovy:72)
	at com.kms.katalon.core.webui.keyword.WebUiBuiltInKeywords.verifyTextPresent(WebUiBuiltInKeywords.groovy:1719)
	at com.kms.katalon.core.webui.keyword.WebUiBuiltInKeywords$verifyTextPresent$2.call(Unknown Source)
	at WebOffice_StartUp.run(WebOffice_StartUp:167)
	at com.kms.katalon.core.main.ScriptEngine.run(ScriptEngine.java:194)
	at com.kms.katalon.core.main.ScriptEngine.runScriptAsRawText(ScriptEngine.java:119)
	at com.kms.katalon.core.main.TestCaseExecutor.runScript(TestCaseExecutor.java:337)
	at com.kms.katalon.core.main.TestCaseExecutor.doExecute(TestCaseExecutor.java:328)
	at com.kms.katalon.core.main.TestCaseExecutor.processExecutionPhase(TestCaseExecutor.java:307)
	at com.kms.katalon.core.main.TestCaseExecutor.accessMainPhase(TestCaseExecutor.java:299)
	at com.kms.katalon.core.main.TestCaseExecutor.execute(TestCaseExecutor.java:233)
	at com.kms.katalon.core.main.TestCaseMain.runTestCase(TestCaseMain.java:114)
	at com.kms.katalon.core.keyword.builtin.CallTestCaseKeyword$_callTestCase_closure1.doCall(CallTestCaseKeyword.groovy:59)
	... 20 more
Caused by: com.kms.katalon.core.exception.StepFailedException: Text 'Welcome DavidHo' is not present on page 
	... 39 more]]></system-out>
      <system-err><![CDATA[2020-04-21 14:50:08 - [TEST_SUITE][FAILED] - Web_Office_Searches: Test Cases/Web_Office/WebOffice_Consumer_Search FAILED.
Reason:
com.kms.katalon.core.exception.StepFailedException: Call Test Case 'Test Cases/Reusable_Test_Sequences/Web_Office/Directives/WebOffice_StartUp' failed
	at com.kms.katalon.core.keyword.builtin.CallTestCaseKeyword$_callTestCase_closure1.doCall(CallTestCaseKeyword.groovy:63)
	at com.kms.katalon.core.keyword.builtin.CallTestCaseKeyword$_callTestCase_closure1.call(CallTestCaseKeyword.groovy)
	at com.kms.katalon.core.keyword.internal.KeywordMain.runKeyword(KeywordMain.groovy:68)
	at com.kms.katalon.core.keyword.builtin.CallTestCaseKeyword.callTestCase(CallTestCaseKeyword.groovy:81)
	at com.kms.katalon.core.keyword.builtin.CallTestCaseKeyword.execute(CallTestCaseKeyword.groovy:44)
	at com.kms.katalon.core.keyword.internal.KeywordExecutor.executeKeywordForPlatform(KeywordExecutor.groovy:72)
	at com.kms.katalon.core.keyword.BuiltinKeywords.callTestCase(BuiltinKeywords.groovy:334)
	at WebOffice_Consumer_Search.run(WebOffice_Consumer_Search:57)
	at com.kms.katalon.core.main.ScriptEngine.run(ScriptEngine.java:194)
	at com.kms.katalon.core.main.ScriptEngine.runScriptAsRawText(ScriptEngine.java:119)
	at com.kms.katalon.core.main.TestCaseExecutor.runScript(TestCaseExecutor.java:337)
	at com.kms.katalon.core.main.TestCaseExecutor.doExecute(TestCaseExecutor.java:328)
	at com.kms.katalon.core.main.TestCaseExecutor.processExecutionPhase(TestCaseExecutor.java:307)
	at com.kms.katalon.core.main.TestCaseExecutor.accessMainPhase(TestCaseExecutor.java:299)
	at com.kms.katalon.core.main.TestCaseExecutor.execute(TestCaseExecutor.java:233)
	at com.kms.katalon.core.main.TestSuiteExecutor.accessTestCaseMainPhase(TestSuiteExecutor.java:169)
	at com.kms.katalon.core.main.TestSuiteExecutor.accessTestSuiteMainPhase(TestSuiteExecutor.java:142)
	at com.kms.katalon.core.main.TestSuiteExecutor.execute(TestSuiteExecutor.java:91)
	at com.kms.katalon.core.main.TestCaseMain.startTestSuite(TestCaseMain.java:157)
	at com.kms.katalon.core.main.TestCaseMain$startTestSuite$0.call(Unknown Source)
	at TempTestSuite1587475879590.run(TempTestSuite1587475879590.groovy:36)
Caused by: com.kms.katalon.core.exception.StepFailedException: Text 'Welcome DavidHo' is not present on page  (Root cause: com.kms.katalon.core.exception.StepFailedException: Text 'Welcome DavidHo' is not present on page 
	at com.kms.katalon.core.webui.keyword.internal.WebUIKeywordMain.stepFailed(WebUIKeywordMain.groovy:64)
	at com.kms.katalon.core.webui.keyword.builtin.VerifyTextPresentKeyword$_verifyTextPresent_closure1.doCall(VerifyTextPresentKeyword.groovy:79)
	at com.kms.katalon.core.webui.keyword.builtin.VerifyTextPresentKeyword$_verifyTextPresent_closure1.call(VerifyTextPresentKeyword.groovy)
	at com.kms.katalon.core.webui.keyword.internal.WebUIKeywordMain.runKeyword(WebUIKeywordMain.groovy:20)
	at com.kms.katalon.core.webui.keyword.builtin.VerifyTextPresentKeyword.verifyTextPresent(VerifyTextPresentKeyword.groovy:83)
	at com.kms.katalon.core.webui.keyword.builtin.VerifyTextPresentKeyword.execute(VerifyTextPresentKeyword.groovy:68)
	at com.kms.katalon.core.keyword.internal.KeywordExecutor.executeKeywordForPlatform(KeywordExecutor.groovy:72)
	at com.kms.katalon.core.webui.keyword.WebUiBuiltInKeywords.verifyTextPresent(WebUiBuiltInKeywords.groovy:1719)
	at com.kms.katalon.core.webui.keyword.WebUiBuiltInKeywords$verifyTextPresent$2.call(Unknown Source)
	at WebOffice_StartUp.run(WebOffice_StartUp:167)
	at com.kms.katalon.core.main.ScriptEngine.run(ScriptEngine.java:194)
	at com.kms.katalon.core.main.ScriptEngine.runScriptAsRawText(ScriptEngine.java:119)
	at com.kms.katalon.core.main.TestCaseExecutor.runScript(TestCaseExecutor.java:337)
	at com.kms.katalon.core.main.TestCaseExecutor.doExecute(TestCaseExecutor.java:328)
	at com.kms.katalon.core.main.TestCaseExecutor.processExecutionPhase(TestCaseExecutor.java:307)
	at com.kms.katalon.core.main.TestCaseExecutor.accessMainPhase(TestCaseExecutor.java:299)
	at com.kms.katalon.core.main.TestCaseExecutor.execute(TestCaseExecutor.java:233)
	at com.kms.katalon.core.main.TestCaseMain.runTestCase(TestCaseMain.java:114)
	at com.kms.katalon.core.keyword.builtin.CallTestCaseKeyword$_callTestCase_closure1.doCall(CallTestCaseKeyword.groovy:59)
	at com.kms.katalon.core.keyword.builtin.CallTestCaseKeyword$_callTestCase_closure1.call(CallTestCaseKeyword.groovy)
	at com.kms.katalon.core.keyword.internal.KeywordMain.runKeyword(KeywordMain.groovy:68)
	at com.kms.katalon.core.keyword.builtin.CallTestCaseKeyword.callTestCase(CallTestCaseKeyword.groovy:81)
	at com.kms.katalon.core.keyword.builtin.CallTestCaseKeyword.execute(CallTestCaseKeyword.groovy:44)
	at com.kms.katalon.core.keyword.internal.KeywordExecutor.executeKeywordForPlatform(KeywordExecutor.groovy:72)
	at com.kms.katalon.core.keyword.BuiltinKeywords.callTestCase(BuiltinKeywords.groovy:334)
	at WebOffice_Consumer_Search.run(WebOffice_Consumer_Search:57)
	at com.kms.katalon.core.main.ScriptEngine.run(ScriptEngine.java:194)
	at com.kms.katalon.core.main.ScriptEngine.runScriptAsRawText(ScriptEngine.java:119)
	at com.kms.katalon.core.main.TestCaseExecutor.runScript(TestCaseExecutor.java:337)
	at com.kms.katalon.core.main.TestCaseExecutor.doExecute(TestCaseExecutor.java:328)
	at com.kms.katalon.core.main.TestCaseExecutor.processExecutionPhase(TestCaseExecutor.java:307)
	at com.kms.katalon.core.main.TestCaseExecutor.accessMainPhase(TestCaseExecutor.java:299)
	at com.kms.katalon.core.main.TestCaseExecutor.execute(TestCaseExecutor.java:233)
	at com.kms.katalon.core.main.TestSuiteExecutor.accessTestCaseMainPhase(TestSuiteExecutor.java:169)
	at com.kms.katalon.core.main.TestSuiteExecutor.accessTestSuiteMainPhase(TestSuiteExecutor.java:142)
	at com.kms.katalon.core.main.TestSuiteExecutor.execute(TestSuiteExecutor.java:91)
	at com.kms.katalon.core.main.TestCaseMain.startTestSuite(TestCaseMain.java:157)
	at com.kms.katalon.core.main.TestCaseMain$startTestSuite$0.call(Unknown Source)
	at TempTestSuite1587475879590.run(TempTestSuite1587475879590.groovy:36)
)
	at com.kms.katalon.core.keyword.internal.KeywordMain.stepFailed(KeywordMain.groovy:39)
	at com.kms.katalon.core.webui.keyword.internal.WebUIKeywordMain.stepFailed(WebUIKeywordMain.groovy:64)
	at com.kms.katalon.core.webui.keyword.builtin.VerifyTextPresentKeyword$_verifyTextPresent_closure1.doCall(VerifyTextPresentKeyword.groovy:79)
	at com.kms.katalon.core.webui.keyword.builtin.VerifyTextPresentKeyword$_verifyTextPresent_closure1.call(VerifyTextPresentKeyword.groovy)
	at com.kms.katalon.core.webui.keyword.internal.WebUIKeywordMain.runKeyword(WebUIKeywordMain.groovy:20)
	at com.kms.katalon.core.webui.keyword.builtin.VerifyTextPresentKeyword.verifyTextPresent(VerifyTextPresentKeyword.groovy:83)
	at com.kms.katalon.core.webui.keyword.builtin.VerifyTextPresentKeyword.execute(VerifyTextPresentKeyword.groovy:68)
	at com.kms.katalon.core.keyword.internal.KeywordExecutor.executeKeywordForPlatform(KeywordExecutor.groovy:72)
	at com.kms.katalon.core.webui.keyword.WebUiBuiltInKeywords.verifyTextPresent(WebUiBuiltInKeywords.groovy:1719)
	at com.kms.katalon.core.webui.keyword.WebUiBuiltInKeywords$verifyTextPresent$2.call(Unknown Source)
	at WebOffice_StartUp.run(WebOffice_StartUp:167)
	at com.kms.katalon.core.main.ScriptEngine.run(ScriptEngine.java:194)
	at com.kms.katalon.core.main.ScriptEngine.runScriptAsRawText(ScriptEngine.java:119)
	at com.kms.katalon.core.main.TestCaseExecutor.runScript(TestCaseExecutor.java:337)
	at com.kms.katalon.core.main.TestCaseExecutor.doExecute(TestCaseExecutor.java:328)
	at com.kms.katalon.core.main.TestCaseExecutor.processExecutionPhase(TestCaseExecutor.java:307)
	at com.kms.katalon.core.main.TestCaseExecutor.accessMainPhase(TestCaseExecutor.java:299)
	at com.kms.katalon.core.main.TestCaseExecutor.execute(TestCaseExecutor.java:233)
	at com.kms.katalon.core.main.TestCaseMain.runTestCase(TestCaseMain.java:114)
	at com.kms.katalon.core.keyword.builtin.CallTestCaseKeyword$_callTestCase_closure1.doCall(CallTestCaseKeyword.groovy:59)
	... 20 more
Caused by: com.kms.katalon.core.exception.StepFailedException: Text 'Welcome DavidHo' is not present on page 
	... 39 more]]></system-err>
   </testsuite>
</testsuites>
